<?xml version="1.0" encoding="UTF-8"?>
<TestRun id="e9b07426-6b49-40ef-b06a-a4182e5d6997" name="Arghya@ARPAN-LAP 2014-06-29 13:09:25" runUser="ARPAN-LAP\Arghya" xmlns="http://microsoft.com/schemas/VisualStudio/TeamTest/2010">
  <TestSettings name="Default Test Settings" id="2dc2a54e-bc38-4e93-b7ea-b394b0f33b7e">
    <Deployment userDeploymentRoot="D:\software\Project\BNLP\TestResults" useDefaultDeploymentRoot="false" runDeploymentRoot="Arghya_ARPAN-LAP 2014-06-29 13_09_25" />
    <Execution>
      <TestTypeSpecific />
      <AgentRule name="Execution Agents">
      </AgentRule>
    </Execution>
  </TestSettings>
  <Times creation="2014-06-29T13:09:25.5252571+05:30" queuing="2014-06-29T13:09:25.7682710+05:30" start="2014-06-29T13:09:25.7982727+05:30" finish="2014-06-29T13:09:50.8267042+05:30" />
  <ResultSummary outcome="Failed">
    <Counters total="309" executed="309" passed="301" error="0" failed="8" timeout="0" aborted="0" inconclusive="0" passedButRunAborted="0" notRunnable="0" notExecuted="0" disconnected="0" warning="0" completed="0" inProgress="0" pending="0" />
    <RunInfos>
      <RunInfo computerName="ARPAN-LAP" outcome="Warning" timestamp="2014-06-29T13:09:25.7442696+05:30">
        <Text>Warning: Test Run deployment issue: Failed to get the file for deployment item '..\UnitTest\TestCases\wikipedia.xml' specified by the test 'UnitTest.BnlpTest.RandomWord': System.IO.DirectoryNotFoundException: Could not find a part of the path 'D:\software\Project\UnitTest\TestCases\wikipedia.xml'.</Text>
        <Exception>System.IO.DirectoryNotFoundException: Could not find a part of the path 'D:\software\Project\UnitTest\TestCases\wikipedia.xml'.
   at System.IO.__Error.WinIOError(Int32 errorCode, String maybeFullPath)
   at System.IO.File.GetAttributes(String path)
   at Microsoft.VisualStudio.TestTools.Common.SingleFileProvider.GetFilePaths()
   at Microsoft.VisualStudio.TestTools.TestManagement.DeploymentCoverageItem.GetFiles(TestRunConfiguration runConfig)
   at Microsoft.VisualStudio.TestTools.TestManagement.DeploymentManager.DoDeployment(TestRun run, FileCopyService fileCopyService)</Exception>
      </RunInfo>
      <RunInfo computerName="ARPAN-LAP" outcome="Warning" timestamp="2014-06-29T13:09:25.7452697+05:30">
        <Text>Warning: Test Run deployment issue: Failed to get the file for deployment item '..\UnitTest\TestCases\interrogative_sentences_who.xml' specified by the test 'UnitTest.BnlpTest.interrogative_sentences_who': System.IO.DirectoryNotFoundException: Could not find a part of the path 'D:\software\Project\UnitTest\TestCases\interrogative_sentences_who.xml'.</Text>
        <Exception>System.IO.DirectoryNotFoundException: Could not find a part of the path 'D:\software\Project\UnitTest\TestCases\interrogative_sentences_who.xml'.
   at System.IO.__Error.WinIOError(Int32 errorCode, String maybeFullPath)
   at System.IO.File.GetAttributes(String path)
   at Microsoft.VisualStudio.TestTools.Common.SingleFileProvider.GetFilePaths()
   at Microsoft.VisualStudio.TestTools.TestManagement.DeploymentCoverageItem.GetFiles(TestRunConfiguration runConfig)
   at Microsoft.VisualStudio.TestTools.TestManagement.DeploymentManager.DoDeployment(TestRun run, FileCopyService fileCopyService)</Exception>
      </RunInfo>
      <RunInfo computerName="ARPAN-LAP" outcome="Warning" timestamp="2014-06-29T13:09:25.7462697+05:30">
        <Text>Warning: Test Run deployment issue: Failed to get the file for deployment item '..\UnitTest\TestCases\special_handling_do_verb.xml' specified by the test 'UnitTest.BnlpTest.special_handling_do_verb': System.IO.DirectoryNotFoundException: Could not find a part of the path 'D:\software\Project\UnitTest\TestCases\special_handling_do_verb.xml'.</Text>
        <Exception>System.IO.DirectoryNotFoundException: Could not find a part of the path 'D:\software\Project\UnitTest\TestCases\special_handling_do_verb.xml'.
   at System.IO.__Error.WinIOError(Int32 errorCode, String maybeFullPath)
   at System.IO.File.GetAttributes(String path)
   at Microsoft.VisualStudio.TestTools.Common.SingleFileProvider.GetFilePaths()
   at Microsoft.VisualStudio.TestTools.TestManagement.DeploymentCoverageItem.GetFiles(TestRunConfiguration runConfig)
   at Microsoft.VisualStudio.TestTools.TestManagement.DeploymentManager.DoDeployment(TestRun run, FileCopyService fileCopyService)</Exception>
      </RunInfo>
      <RunInfo computerName="ARPAN-LAP" outcome="Warning" timestamp="2014-06-29T13:09:25.7472698+05:30">
        <Text>Warning: Test Run deployment issue: Failed to get the file for deployment item '..\UnitTest\TestCases\interrogative_sentences_which.xml' specified by the test 'UnitTest.BnlpTest.interrogative_sentences_which': System.IO.DirectoryNotFoundException: Could not find a part of the path 'D:\software\Project\UnitTest\TestCases\interrogative_sentences_which.xml'.</Text>
        <Exception>System.IO.DirectoryNotFoundException: Could not find a part of the path 'D:\software\Project\UnitTest\TestCases\interrogative_sentences_which.xml'.
   at System.IO.__Error.WinIOError(Int32 errorCode, String maybeFullPath)
   at System.IO.File.GetAttributes(String path)
   at Microsoft.VisualStudio.TestTools.Common.SingleFileProvider.GetFilePaths()
   at Microsoft.VisualStudio.TestTools.TestManagement.DeploymentCoverageItem.GetFiles(TestRunConfiguration runConfig)
   at Microsoft.VisualStudio.TestTools.TestManagement.DeploymentManager.DoDeployment(TestRun run, FileCopyService fileCopyService)</Exception>
      </RunInfo>
      <RunInfo computerName="ARPAN-LAP" outcome="Warning" timestamp="2014-06-29T13:09:25.7482698+05:30">
        <Text>Warning: Test Run deployment issue: Failed to get the file for deployment item '..\UnitTest\TestCases\all_persons_modal_should.xml' specified by the test 'UnitTest.BnlpTest.all_persons_modal_should': System.IO.DirectoryNotFoundException: Could not find a part of the path 'D:\software\Project\UnitTest\TestCases\all_persons_modal_should.xml'.</Text>
        <Exception>System.IO.DirectoryNotFoundException: Could not find a part of the path 'D:\software\Project\UnitTest\TestCases\all_persons_modal_should.xml'.
   at System.IO.__Error.WinIOError(Int32 errorCode, String maybeFullPath)
   at System.IO.File.GetAttributes(String path)
   at Microsoft.VisualStudio.TestTools.Common.SingleFileProvider.GetFilePaths()
   at Microsoft.VisualStudio.TestTools.TestManagement.DeploymentCoverageItem.GetFiles(TestRunConfiguration runConfig)
   at Microsoft.VisualStudio.TestTools.TestManagement.DeploymentManager.DoDeployment(TestRun run, FileCopyService fileCopyService)</Exception>
      </RunInfo>
      <RunInfo computerName="ARPAN-LAP" outcome="Warning" timestamp="2014-06-29T13:09:25.7492699+05:30">
        <Text>Warning: Test Run deployment issue: Failed to get the file for deployment item '..\UnitTest\TestCases\third_person_tenses_active.xml' specified by the test 'UnitTest.BnlpTest.third_person_tenses_active': System.IO.DirectoryNotFoundException: Could not find a part of the path 'D:\software\Project\UnitTest\TestCases\third_person_tenses_active.xml'.</Text>
        <Exception>System.IO.DirectoryNotFoundException: Could not find a part of the path 'D:\software\Project\UnitTest\TestCases\third_person_tenses_active.xml'.
   at System.IO.__Error.WinIOError(Int32 errorCode, String maybeFullPath)
   at System.IO.File.GetAttributes(String path)
   at Microsoft.VisualStudio.TestTools.Common.SingleFileProvider.GetFilePaths()
   at Microsoft.VisualStudio.TestTools.TestManagement.DeploymentCoverageItem.GetFiles(TestRunConfiguration runConfig)
   at Microsoft.VisualStudio.TestTools.TestManagement.DeploymentManager.DoDeployment(TestRun run, FileCopyService fileCopyService)</Exception>
      </RunInfo>
      <RunInfo computerName="ARPAN-LAP" outcome="Warning" timestamp="2014-06-29T13:09:25.7502700+05:30">
        <Text>Warning: Test Run deployment issue: Failed to get the file for deployment item '..\UnitTest\TestCases\all_persons_tenses_passive.xml' specified by the test 'UnitTest.BnlpTest.all_persons_tenses_passive': System.IO.DirectoryNotFoundException: Could not find a part of the path 'D:\software\Project\UnitTest\TestCases\all_persons_tenses_passive.xml'.</Text>
        <Exception>System.IO.DirectoryNotFoundException: Could not find a part of the path 'D:\software\Project\UnitTest\TestCases\all_persons_tenses_passive.xml'.
   at System.IO.__Error.WinIOError(Int32 errorCode, String maybeFullPath)
   at System.IO.File.GetAttributes(String path)
   at Microsoft.VisualStudio.TestTools.Common.SingleFileProvider.GetFilePaths()
   at Microsoft.VisualStudio.TestTools.TestManagement.DeploymentCoverageItem.GetFiles(TestRunConfiguration runConfig)
   at Microsoft.VisualStudio.TestTools.TestManagement.DeploymentManager.DoDeployment(TestRun run, FileCopyService fileCopyService)</Exception>
      </RunInfo>
      <RunInfo computerName="ARPAN-LAP" outcome="Warning" timestamp="2014-06-29T13:09:25.7512700+05:30">
        <Text>Warning: Test Run deployment issue: Failed to get the file for deployment item '..\UnitTest\TestCases\interrogative_sentences_aux.xml' specified by the test 'UnitTest.BnlpTest.interrogative_sentences_aux': System.IO.DirectoryNotFoundException: Could not find a part of the path 'D:\software\Project\UnitTest\TestCases\interrogative_sentences_aux.xml'.</Text>
        <Exception>System.IO.DirectoryNotFoundException: Could not find a part of the path 'D:\software\Project\UnitTest\TestCases\interrogative_sentences_aux.xml'.
   at System.IO.__Error.WinIOError(Int32 errorCode, String maybeFullPath)
   at System.IO.File.GetAttributes(String path)
   at Microsoft.VisualStudio.TestTools.Common.SingleFileProvider.GetFilePaths()
   at Microsoft.VisualStudio.TestTools.TestManagement.DeploymentCoverageItem.GetFiles(TestRunConfiguration runConfig)
   at Microsoft.VisualStudio.TestTools.TestManagement.DeploymentManager.DoDeployment(TestRun run, FileCopyService fileCopyService)</Exception>
      </RunInfo>
      <RunInfo computerName="ARPAN-LAP" outcome="Warning" timestamp="2014-06-29T13:09:25.7522701+05:30">
        <Text>Warning: Test Run deployment issue: Failed to get the file for deployment item '..\UnitTest\TestCases\second_person_tenses_active_negation.xml' specified by the test 'UnitTest.BnlpTest.second_person_tenses_active_negation': System.IO.DirectoryNotFoundException: Could not find a part of the path 'D:\software\Project\UnitTest\TestCases\second_person_tenses_active_negation.xml'.</Text>
        <Exception>System.IO.DirectoryNotFoundException: Could not find a part of the path 'D:\software\Project\UnitTest\TestCases\second_person_tenses_active_negation.xml'.
   at System.IO.__Error.WinIOError(Int32 errorCode, String maybeFullPath)
   at System.IO.File.GetAttributes(String path)
   at Microsoft.VisualStudio.TestTools.Common.SingleFileProvider.GetFilePaths()
   at Microsoft.VisualStudio.TestTools.TestManagement.DeploymentCoverageItem.GetFiles(TestRunConfiguration runConfig)
   at Microsoft.VisualStudio.TestTools.TestManagement.DeploymentManager.DoDeployment(TestRun run, FileCopyService fileCopyService)</Exception>
      </RunInfo>
      <RunInfo computerName="ARPAN-LAP" outcome="Warning" timestamp="2014-06-29T13:09:25.7532701+05:30">
        <Text>Warning: Test Run deployment issue: Failed to get the file for deployment item '..\UnitTest\TestCases\interrogative_sentences_where.xml' specified by the test 'UnitTest.BnlpTest.interrogative_sentences_where': System.IO.DirectoryNotFoundException: Could not find a part of the path 'D:\software\Project\UnitTest\TestCases\interrogative_sentences_where.xml'.</Text>
        <Exception>System.IO.DirectoryNotFoundException: Could not find a part of the path 'D:\software\Project\UnitTest\TestCases\interrogative_sentences_where.xml'.
   at System.IO.__Error.WinIOError(Int32 errorCode, String maybeFullPath)
   at System.IO.File.GetAttributes(String path)
   at Microsoft.VisualStudio.TestTools.Common.SingleFileProvider.GetFilePaths()
   at Microsoft.VisualStudio.TestTools.TestManagement.DeploymentCoverageItem.GetFiles(TestRunConfiguration runConfig)
   at Microsoft.VisualStudio.TestTools.TestManagement.DeploymentManager.DoDeployment(TestRun run, FileCopyService fileCopyService)</Exception>
      </RunInfo>
      <RunInfo computerName="ARPAN-LAP" outcome="Warning" timestamp="2014-06-29T13:09:25.7542702+05:30">
        <Text>Warning: Test Run deployment issue: Failed to get the file for deployment item '..\UnitTest\TestCases\prepositions_made_with_three_words.xml' specified by the test 'UnitTest.BnlpTest.prepositions_made_with_three_words': System.IO.DirectoryNotFoundException: Could not find a part of the path 'D:\software\Project\UnitTest\TestCases\prepositions_made_with_three_words.xml'.</Text>
        <Exception>System.IO.DirectoryNotFoundException: Could not find a part of the path 'D:\software\Project\UnitTest\TestCases\prepositions_made_with_three_words.xml'.
   at System.IO.__Error.WinIOError(Int32 errorCode, String maybeFullPath)
   at System.IO.File.GetAttributes(String path)
   at Microsoft.VisualStudio.TestTools.Common.SingleFileProvider.GetFilePaths()
   at Microsoft.VisualStudio.TestTools.TestManagement.DeploymentCoverageItem.GetFiles(TestRunConfiguration runConfig)
   at Microsoft.VisualStudio.TestTools.TestManagement.DeploymentManager.DoDeployment(TestRun run, FileCopyService fileCopyService)</Exception>
      </RunInfo>
      <RunInfo computerName="ARPAN-LAP" outcome="Warning" timestamp="2014-06-29T13:09:25.7542702+05:30">
        <Text>Warning: Test Run deployment issue: Failed to get the file for deployment item '..\UnitTest\TestCases\interrogative_sentences_what.xml' specified by the test 'UnitTest.BnlpTest.interrogative_sentences_what': System.IO.DirectoryNotFoundException: Could not find a part of the path 'D:\software\Project\UnitTest\TestCases\interrogative_sentences_what.xml'.</Text>
        <Exception>System.IO.DirectoryNotFoundException: Could not find a part of the path 'D:\software\Project\UnitTest\TestCases\interrogative_sentences_what.xml'.
   at System.IO.__Error.WinIOError(Int32 errorCode, String maybeFullPath)
   at System.IO.File.GetAttributes(String path)
   at Microsoft.VisualStudio.TestTools.Common.SingleFileProvider.GetFilePaths()
   at Microsoft.VisualStudio.TestTools.TestManagement.DeploymentCoverageItem.GetFiles(TestRunConfiguration runConfig)
   at Microsoft.VisualStudio.TestTools.TestManagement.DeploymentManager.DoDeployment(TestRun run, FileCopyService fileCopyService)</Exception>
      </RunInfo>
      <RunInfo computerName="ARPAN-LAP" outcome="Warning" timestamp="2014-06-29T13:09:25.7552702+05:30">
        <Text>Warning: Test Run deployment issue: Failed to get the file for deployment item '..\UnitTest\TestCases\interrogative_sentences_how.xml' specified by the test 'UnitTest.BnlpTest.interrogative_sentences_how': System.IO.DirectoryNotFoundException: Could not find a part of the path 'D:\software\Project\UnitTest\TestCases\interrogative_sentences_how.xml'.</Text>
        <Exception>System.IO.DirectoryNotFoundException: Could not find a part of the path 'D:\software\Project\UnitTest\TestCases\interrogative_sentences_how.xml'.
   at System.IO.__Error.WinIOError(Int32 errorCode, String maybeFullPath)
   at System.IO.File.GetAttributes(String path)
   at Microsoft.VisualStudio.TestTools.Common.SingleFileProvider.GetFilePaths()
   at Microsoft.VisualStudio.TestTools.TestManagement.DeploymentCoverageItem.GetFiles(TestRunConfiguration runConfig)
   at Microsoft.VisualStudio.TestTools.TestManagement.DeploymentManager.DoDeployment(TestRun run, FileCopyService fileCopyService)</Exception>
      </RunInfo>
      <RunInfo computerName="ARPAN-LAP" outcome="Warning" timestamp="2014-06-29T13:09:25.7562703+05:30">
        <Text>Warning: Test Run deployment issue: Failed to get the file for deployment item '..\UnitTest\TestCases\interrogative_sentences_whom.xml' specified by the test 'UnitTest.BnlpTest.interrogative_sentences_whom': System.IO.DirectoryNotFoundException: Could not find a part of the path 'D:\software\Project\UnitTest\TestCases\interrogative_sentences_whom.xml'.</Text>
        <Exception>System.IO.DirectoryNotFoundException: Could not find a part of the path 'D:\software\Project\UnitTest\TestCases\interrogative_sentences_whom.xml'.
   at System.IO.__Error.WinIOError(Int32 errorCode, String maybeFullPath)
   at System.IO.File.GetAttributes(String path)
   at Microsoft.VisualStudio.TestTools.Common.SingleFileProvider.GetFilePaths()
   at Microsoft.VisualStudio.TestTools.TestManagement.DeploymentCoverageItem.GetFiles(TestRunConfiguration runConfig)
   at Microsoft.VisualStudio.TestTools.TestManagement.DeploymentManager.DoDeployment(TestRun run, FileCopyService fileCopyService)</Exception>
      </RunInfo>
      <RunInfo computerName="ARPAN-LAP" outcome="Warning" timestamp="2014-06-29T13:09:25.7572704+05:30">
        <Text>Warning: Test Run deployment issue: Failed to get the file for deployment item '..\UnitTest\TestCases\second_person_tenses_active.xml' specified by the test 'UnitTest.BnlpTest.second_person_tenses_active': System.IO.DirectoryNotFoundException: Could not find a part of the path 'D:\software\Project\UnitTest\TestCases\second_person_tenses_active.xml'.</Text>
        <Exception>System.IO.DirectoryNotFoundException: Could not find a part of the path 'D:\software\Project\UnitTest\TestCases\second_person_tenses_active.xml'.
   at System.IO.__Error.WinIOError(Int32 errorCode, String maybeFullPath)
   at System.IO.File.GetAttributes(String path)
   at Microsoft.VisualStudio.TestTools.Common.SingleFileProvider.GetFilePaths()
   at Microsoft.VisualStudio.TestTools.TestManagement.DeploymentCoverageItem.GetFiles(TestRunConfiguration runConfig)
   at Microsoft.VisualStudio.TestTools.TestManagement.DeploymentManager.DoDeployment(TestRun run, FileCopyService fileCopyService)</Exception>
      </RunInfo>
      <RunInfo computerName="ARPAN-LAP" outcome="Warning" timestamp="2014-06-29T13:09:25.7582704+05:30">
        <Text>Warning: Test Run deployment issue: Failed to get the file for deployment item '..\UnitTest\TestCases\all_persons_modal_should_negation.xml' specified by the test 'UnitTest.BnlpTest.all_persons_modal_should_negation': System.IO.DirectoryNotFoundException: Could not find a part of the path 'D:\software\Project\UnitTest\TestCases\all_persons_modal_should_negation.xml'.</Text>
        <Exception>System.IO.DirectoryNotFoundException: Could not find a part of the path 'D:\software\Project\UnitTest\TestCases\all_persons_modal_should_negation.xml'.
   at System.IO.__Error.WinIOError(Int32 errorCode, String maybeFullPath)
   at System.IO.File.GetAttributes(String path)
   at Microsoft.VisualStudio.TestTools.Common.SingleFileProvider.GetFilePaths()
   at Microsoft.VisualStudio.TestTools.TestManagement.DeploymentCoverageItem.GetFiles(TestRunConfiguration runConfig)
   at Microsoft.VisualStudio.TestTools.TestManagement.DeploymentManager.DoDeployment(TestRun run, FileCopyService fileCopyService)</Exception>
      </RunInfo>
      <RunInfo computerName="ARPAN-LAP" outcome="Warning" timestamp="2014-06-29T13:09:25.7592705+05:30">
        <Text>Warning: Test Run deployment issue: Failed to get the file for deployment item '..\UnitTest\TestCases\first_person_tenses_active_negation.xml' specified by the test 'UnitTest.BnlpTest.first_person_tenses_active_negation': System.IO.DirectoryNotFoundException: Could not find a part of the path 'D:\software\Project\UnitTest\TestCases\first_person_tenses_active_negation.xml'.</Text>
        <Exception>System.IO.DirectoryNotFoundException: Could not find a part of the path 'D:\software\Project\UnitTest\TestCases\first_person_tenses_active_negation.xml'.
   at System.IO.__Error.WinIOError(Int32 errorCode, String maybeFullPath)
   at System.IO.File.GetAttributes(String path)
   at Microsoft.VisualStudio.TestTools.Common.SingleFileProvider.GetFilePaths()
   at Microsoft.VisualStudio.TestTools.TestManagement.DeploymentCoverageItem.GetFiles(TestRunConfiguration runConfig)
   at Microsoft.VisualStudio.TestTools.TestManagement.DeploymentManager.DoDeployment(TestRun run, FileCopyService fileCopyService)</Exception>
      </RunInfo>
      <RunInfo computerName="ARPAN-LAP" outcome="Warning" timestamp="2014-06-29T13:09:25.7602705+05:30">
        <Text>Warning: Test Run deployment issue: Failed to get the file for deployment item '..\UnitTest\TestCases\all_persons_modal_can_may_negation.xml' specified by the test 'UnitTest.BnlpTest.all_persons_modal_can_may_negation': System.IO.DirectoryNotFoundException: Could not find a part of the path 'D:\software\Project\UnitTest\TestCases\all_persons_modal_can_may_negation.xml'.</Text>
        <Exception>System.IO.DirectoryNotFoundException: Could not find a part of the path 'D:\software\Project\UnitTest\TestCases\all_persons_modal_can_may_negation.xml'.
   at System.IO.__Error.WinIOError(Int32 errorCode, String maybeFullPath)
   at System.IO.File.GetAttributes(String path)
   at Microsoft.VisualStudio.TestTools.Common.SingleFileProvider.GetFilePaths()
   at Microsoft.VisualStudio.TestTools.TestManagement.DeploymentCoverageItem.GetFiles(TestRunConfiguration runConfig)
   at Microsoft.VisualStudio.TestTools.TestManagement.DeploymentManager.DoDeployment(TestRun run, FileCopyService fileCopyService)</Exception>
      </RunInfo>
      <RunInfo computerName="ARPAN-LAP" outcome="Warning" timestamp="2014-06-29T13:09:25.7612706+05:30">
        <Text>Warning: Test Run deployment issue: Failed to get the file for deployment item '..\UnitTest\TestCases\third_person_tenses_active_negation.xml' specified by the test 'UnitTest.BnlpTest.third_person_tenses_active_negation': System.IO.DirectoryNotFoundException: Could not find a part of the path 'D:\software\Project\UnitTest\TestCases\third_person_tenses_active_negation.xml'.</Text>
        <Exception>System.IO.DirectoryNotFoundException: Could not find a part of the path 'D:\software\Project\UnitTest\TestCases\third_person_tenses_active_negation.xml'.
   at System.IO.__Error.WinIOError(Int32 errorCode, String maybeFullPath)
   at System.IO.File.GetAttributes(String path)
   at Microsoft.VisualStudio.TestTools.Common.SingleFileProvider.GetFilePaths()
   at Microsoft.VisualStudio.TestTools.TestManagement.DeploymentCoverageItem.GetFiles(TestRunConfiguration runConfig)
   at Microsoft.VisualStudio.TestTools.TestManagement.DeploymentManager.DoDeployment(TestRun run, FileCopyService fileCopyService)</Exception>
      </RunInfo>
      <RunInfo computerName="ARPAN-LAP" outcome="Warning" timestamp="2014-06-29T13:09:25.7622706+05:30">
        <Text>Warning: Test Run deployment issue: Failed to get the file for deployment item '..\UnitTest\TestCases\interrogative_sentences_do.xml' specified by the test 'UnitTest.BnlpTest.interrogative_sentences_do': System.IO.DirectoryNotFoundException: Could not find a part of the path 'D:\software\Project\UnitTest\TestCases\interrogative_sentences_do.xml'.</Text>
        <Exception>System.IO.DirectoryNotFoundException: Could not find a part of the path 'D:\software\Project\UnitTest\TestCases\interrogative_sentences_do.xml'.
   at System.IO.__Error.WinIOError(Int32 errorCode, String maybeFullPath)
   at System.IO.File.GetAttributes(String path)
   at Microsoft.VisualStudio.TestTools.Common.SingleFileProvider.GetFilePaths()
   at Microsoft.VisualStudio.TestTools.TestManagement.DeploymentCoverageItem.GetFiles(TestRunConfiguration runConfig)
   at Microsoft.VisualStudio.TestTools.TestManagement.DeploymentManager.DoDeployment(TestRun run, FileCopyService fileCopyService)</Exception>
      </RunInfo>
      <RunInfo computerName="ARPAN-LAP" outcome="Warning" timestamp="2014-06-29T13:09:25.7632707+05:30">
        <Text>Warning: Test Run deployment issue: Failed to get the file for deployment item '..\UnitTest\TestCases\auxiliary_verbs_as_main_verbs.xml' specified by the test 'UnitTest.BnlpTest.auxiliary_verbs_as_main_verbs': System.IO.DirectoryNotFoundException: Could not find a part of the path 'D:\software\Project\UnitTest\TestCases\auxiliary_verbs_as_main_verbs.xml'.</Text>
        <Exception>System.IO.DirectoryNotFoundException: Could not find a part of the path 'D:\software\Project\UnitTest\TestCases\auxiliary_verbs_as_main_verbs.xml'.
   at System.IO.__Error.WinIOError(Int32 errorCode, String maybeFullPath)
   at System.IO.File.GetAttributes(String path)
   at Microsoft.VisualStudio.TestTools.Common.SingleFileProvider.GetFilePaths()
   at Microsoft.VisualStudio.TestTools.TestManagement.DeploymentCoverageItem.GetFiles(TestRunConfiguration runConfig)
   at Microsoft.VisualStudio.TestTools.TestManagement.DeploymentManager.DoDeployment(TestRun run, FileCopyService fileCopyService)</Exception>
      </RunInfo>
      <RunInfo computerName="ARPAN-LAP" outcome="Warning" timestamp="2014-06-29T13:09:25.7642708+05:30">
        <Text>Warning: Test Run deployment issue: Failed to get the file for deployment item '..\UnitTest\TestCases\all_persons_tenses_passive_negation.xml' specified by the test 'UnitTest.BnlpTest.all_persons_tenses_passive_negation': System.IO.DirectoryNotFoundException: Could not find a part of the path 'D:\software\Project\UnitTest\TestCases\all_persons_tenses_passive_negation.xml'.</Text>
        <Exception>System.IO.DirectoryNotFoundException: Could not find a part of the path 'D:\software\Project\UnitTest\TestCases\all_persons_tenses_passive_negation.xml'.
   at System.IO.__Error.WinIOError(Int32 errorCode, String maybeFullPath)
   at System.IO.File.GetAttributes(String path)
   at Microsoft.VisualStudio.TestTools.Common.SingleFileProvider.GetFilePaths()
   at Microsoft.VisualStudio.TestTools.TestManagement.DeploymentCoverageItem.GetFiles(TestRunConfiguration runConfig)
   at Microsoft.VisualStudio.TestTools.TestManagement.DeploymentManager.DoDeployment(TestRun run, FileCopyService fileCopyService)</Exception>
      </RunInfo>
      <RunInfo computerName="ARPAN-LAP" outcome="Warning" timestamp="2014-06-29T13:09:25.7642708+05:30">
        <Text>Warning: Test Run deployment issue: Failed to get the file for deployment item '..\UnitTest\TestCases\prepositions_made_with_two_words.xml' specified by the test 'UnitTest.BnlpTest.prepositions_made_with_two_words': System.IO.DirectoryNotFoundException: Could not find a part of the path 'D:\software\Project\UnitTest\TestCases\prepositions_made_with_two_words.xml'.</Text>
        <Exception>System.IO.DirectoryNotFoundException: Could not find a part of the path 'D:\software\Project\UnitTest\TestCases\prepositions_made_with_two_words.xml'.
   at System.IO.__Error.WinIOError(Int32 errorCode, String maybeFullPath)
   at System.IO.File.GetAttributes(String path)
   at Microsoft.VisualStudio.TestTools.Common.SingleFileProvider.GetFilePaths()
   at Microsoft.VisualStudio.TestTools.TestManagement.DeploymentCoverageItem.GetFiles(TestRunConfiguration runConfig)
   at Microsoft.VisualStudio.TestTools.TestManagement.DeploymentManager.DoDeployment(TestRun run, FileCopyService fileCopyService)</Exception>
      </RunInfo>
      <RunInfo computerName="ARPAN-LAP" outcome="Warning" timestamp="2014-06-29T13:09:25.7652708+05:30">
        <Text>Warning: Test Run deployment issue: Failed to get the file for deployment item '..\UnitTest\TestCases\first_person_tenses_active.xml' specified by the test 'UnitTest.BnlpTest.first_person_tenses_active': System.IO.DirectoryNotFoundException: Could not find a part of the path 'D:\software\Project\UnitTest\TestCases\first_person_tenses_active.xml'.</Text>
        <Exception>System.IO.DirectoryNotFoundException: Could not find a part of the path 'D:\software\Project\UnitTest\TestCases\first_person_tenses_active.xml'.
   at System.IO.__Error.WinIOError(Int32 errorCode, String maybeFullPath)
   at System.IO.File.GetAttributes(String path)
   at Microsoft.VisualStudio.TestTools.Common.SingleFileProvider.GetFilePaths()
   at Microsoft.VisualStudio.TestTools.TestManagement.DeploymentCoverageItem.GetFiles(TestRunConfiguration runConfig)
   at Microsoft.VisualStudio.TestTools.TestManagement.DeploymentManager.DoDeployment(TestRun run, FileCopyService fileCopyService)</Exception>
      </RunInfo>
      <RunInfo computerName="ARPAN-LAP" outcome="Warning" timestamp="2014-06-29T13:09:25.7662709+05:30">
        <Text>Warning: Test Run deployment issue: Failed to get the file for deployment item '..\UnitTest\TestCases\interrogative_sentences_why.xml' specified by the test 'UnitTest.BnlpTest.interrogative_sentences_why': System.IO.DirectoryNotFoundException: Could not find a part of the path 'D:\software\Project\UnitTest\TestCases\interrogative_sentences_why.xml'.</Text>
        <Exception>System.IO.DirectoryNotFoundException: Could not find a part of the path 'D:\software\Project\UnitTest\TestCases\interrogative_sentences_why.xml'.
   at System.IO.__Error.WinIOError(Int32 errorCode, String maybeFullPath)
   at System.IO.File.GetAttributes(String path)
   at Microsoft.VisualStudio.TestTools.Common.SingleFileProvider.GetFilePaths()
   at Microsoft.VisualStudio.TestTools.TestManagement.DeploymentCoverageItem.GetFiles(TestRunConfiguration runConfig)
   at Microsoft.VisualStudio.TestTools.TestManagement.DeploymentManager.DoDeployment(TestRun run, FileCopyService fileCopyService)</Exception>
      </RunInfo>
      <RunInfo computerName="ARPAN-LAP" outcome="Warning" timestamp="2014-06-29T13:09:25.7672709+05:30">
        <Text>Warning: Test Run deployment issue: Failed to get the file for deployment item '..\UnitTest\TestCases\all_persons_modal_can_may.xml' specified by the test 'UnitTest.BnlpTest.all_persons_modal_can_may': System.IO.DirectoryNotFoundException: Could not find a part of the path 'D:\software\Project\UnitTest\TestCases\all_persons_modal_can_may.xml'.</Text>
        <Exception>System.IO.DirectoryNotFoundException: Could not find a part of the path 'D:\software\Project\UnitTest\TestCases\all_persons_modal_can_may.xml'.
   at System.IO.__Error.WinIOError(Int32 errorCode, String maybeFullPath)
   at System.IO.File.GetAttributes(String path)
   at Microsoft.VisualStudio.TestTools.Common.SingleFileProvider.GetFilePaths()
   at Microsoft.VisualStudio.TestTools.TestManagement.DeploymentCoverageItem.GetFiles(TestRunConfiguration runConfig)
   at Microsoft.VisualStudio.TestTools.TestManagement.DeploymentManager.DoDeployment(TestRun run, FileCopyService fileCopyService)</Exception>
      </RunInfo>
    </RunInfos>
  </ResultSummary>
  <TestDefinitions>
    <UnitTest name="prepositions_made_with_three_words" storage="d:\software\project\bnlp\unittest\bin\debug\unittest.dll" id="0f33848d-a900-d644-7498-2526887b5425">
      <DeploymentItems>
        <DeploymentItem filename="..\UnitTest\TestCases\prepositions_made_with_three_words.xml" />
      </DeploymentItems>
      <Execution id="21d060ed-0722-4db4-9d25-71d369878bb0" />
      <TestMethod codeBase="D:/software/Project/BNLP/UnitTest/bin/Debug/UnitTest.DLL" adapterTypeName="Microsoft.VisualStudio.TestTools.TestTypes.Unit.UnitTestAdapter, Microsoft.VisualStudio.QualityTools.Tips.UnitTest.Adapter, Version=10.0.0.0, Culture=neutral, PublicKeyToken=b03f5f7f11d50a3a" className="UnitTest.BnlpTest, UnitTest, Version=1.0.0.0, Culture=neutral, PublicKeyToken=null" name="prepositions_made_with_three_words" />
      <DataSource connectionString="|DataDirectory|\TestCases\prepositions_made_with_three_words.xml" providerInvariantName="Microsoft.VisualStudio.TestTools.DataSource.XML" tableName="sentence" />
    </UnitTest>
    <UnitTest name="first_person_tenses_active" storage="d:\software\project\bnlp\unittest\bin\debug\unittest.dll" id="921e6ab0-d7c2-6005-e523-6fd2d5e1a723">
      <DeploymentItems>
        <DeploymentItem filename="..\UnitTest\TestCases\first_person_tenses_active.xml" />
      </DeploymentItems>
      <Execution id="64714d56-0ed5-4b38-9082-611ca2e63407" />
      <TestMethod codeBase="D:/software/Project/BNLP/UnitTest/bin/Debug/UnitTest.DLL" adapterTypeName="Microsoft.VisualStudio.TestTools.TestTypes.Unit.UnitTestAdapter, Microsoft.VisualStudio.QualityTools.Tips.UnitTest.Adapter, Version=10.0.0.0, Culture=neutral, PublicKeyToken=b03f5f7f11d50a3a" className="UnitTest.BnlpTest, UnitTest, Version=1.0.0.0, Culture=neutral, PublicKeyToken=null" name="first_person_tenses_active" />
      <DataSource connectionString="|DataDirectory|\TestCases\first_person_tenses_active.xml" providerInvariantName="Microsoft.VisualStudio.TestTools.DataSource.XML" tableName="sentence" />
    </UnitTest>
    <UnitTest name="interrogative_sentences_what" storage="d:\software\project\bnlp\unittest\bin\debug\unittest.dll" id="7f7910d1-dc89-39b4-b4cf-d9e6d7af9420">
      <DeploymentItems>
        <DeploymentItem filename="..\UnitTest\TestCases\interrogative_sentences_what.xml" />
      </DeploymentItems>
      <Execution id="6834be58-95a6-4eaf-af01-919b6662d8f6" />
      <TestMethod codeBase="D:/software/Project/BNLP/UnitTest/bin/Debug/UnitTest.DLL" adapterTypeName="Microsoft.VisualStudio.TestTools.TestTypes.Unit.UnitTestAdapter, Microsoft.VisualStudio.QualityTools.Tips.UnitTest.Adapter, Version=10.0.0.0, Culture=neutral, PublicKeyToken=b03f5f7f11d50a3a" className="UnitTest.BnlpTest, UnitTest, Version=1.0.0.0, Culture=neutral, PublicKeyToken=null" name="interrogative_sentences_what" />
      <DataSource connectionString="|DataDirectory|\TestCases\interrogative_sentences_what.xml" providerInvariantName="Microsoft.VisualStudio.TestTools.DataSource.XML" tableName="sentence" />
    </UnitTest>
    <UnitTest name="all_persons_modal_should_negation" storage="d:\software\project\bnlp\unittest\bin\debug\unittest.dll" id="9319d01e-de3e-d310-c76e-cae8dce4c924">
      <DeploymentItems>
        <DeploymentItem filename="..\UnitTest\TestCases\all_persons_modal_should_negation.xml" />
      </DeploymentItems>
      <Execution id="b9e2f4ac-87b9-45b7-be70-fbdc68528554" />
      <TestMethod codeBase="D:/software/Project/BNLP/UnitTest/bin/Debug/UnitTest.DLL" adapterTypeName="Microsoft.VisualStudio.TestTools.TestTypes.Unit.UnitTestAdapter, Microsoft.VisualStudio.QualityTools.Tips.UnitTest.Adapter, Version=10.0.0.0, Culture=neutral, PublicKeyToken=b03f5f7f11d50a3a" className="UnitTest.BnlpTest, UnitTest, Version=1.0.0.0, Culture=neutral, PublicKeyToken=null" name="all_persons_modal_should_negation" />
      <DataSource connectionString="|DataDirectory|\TestCases\all_persons_modal_should_negation.xml" providerInvariantName="Microsoft.VisualStudio.TestTools.DataSource.XML" tableName="sentence" />
    </UnitTest>
    <UnitTest name="prepositions_made_with_two_words" storage="d:\software\project\bnlp\unittest\bin\debug\unittest.dll" id="0f337a75-1a2d-d9c3-6c5f-23ed2604b69d">
      <DeploymentItems>
        <DeploymentItem filename="..\UnitTest\TestCases\prepositions_made_with_two_words.xml" />
      </DeploymentItems>
      <Execution id="02a359d1-a723-45b9-b055-92fc8790edde" />
      <TestMethod codeBase="D:/software/Project/BNLP/UnitTest/bin/Debug/UnitTest.DLL" adapterTypeName="Microsoft.VisualStudio.TestTools.TestTypes.Unit.UnitTestAdapter, Microsoft.VisualStudio.QualityTools.Tips.UnitTest.Adapter, Version=10.0.0.0, Culture=neutral, PublicKeyToken=b03f5f7f11d50a3a" className="UnitTest.BnlpTest, UnitTest, Version=1.0.0.0, Culture=neutral, PublicKeyToken=null" name="prepositions_made_with_two_words" />
      <DataSource connectionString="|DataDirectory|\TestCases\prepositions_made_with_two_words.xml" providerInvariantName="Microsoft.VisualStudio.TestTools.DataSource.XML" tableName="sentence" />
    </UnitTest>
    <UnitTest name="interrogative_sentences_do" storage="d:\software\project\bnlp\unittest\bin\debug\unittest.dll" id="1d63c318-78a9-9011-f5c0-0b01884a2881">
      <DeploymentItems>
        <DeploymentItem filename="..\UnitTest\TestCases\interrogative_sentences_do.xml" />
      </DeploymentItems>
      <Execution id="ddf37df1-3f01-4aee-93d0-7d1bd2058039" />
      <TestMethod codeBase="D:/software/Project/BNLP/UnitTest/bin/Debug/UnitTest.DLL" adapterTypeName="Microsoft.VisualStudio.TestTools.TestTypes.Unit.UnitTestAdapter, Microsoft.VisualStudio.QualityTools.Tips.UnitTest.Adapter, Version=10.0.0.0, Culture=neutral, PublicKeyToken=b03f5f7f11d50a3a" className="UnitTest.BnlpTest, UnitTest, Version=1.0.0.0, Culture=neutral, PublicKeyToken=null" name="interrogative_sentences_do" />
      <DataSource connectionString="|DataDirectory|\TestCases\interrogative_sentences_do.xml" providerInvariantName="Microsoft.VisualStudio.TestTools.DataSource.XML" tableName="sentence" />
    </UnitTest>
    <UnitTest name="all_persons_tenses_passive_negation" storage="d:\software\project\bnlp\unittest\bin\debug\unittest.dll" id="bdfe92b2-f4ac-73a5-f13d-5c1ea13721b4">
      <DeploymentItems>
        <DeploymentItem filename="..\UnitTest\TestCases\all_persons_tenses_passive_negation.xml" />
      </DeploymentItems>
      <Execution id="d006db41-f5af-4fc0-9d3e-6d4229d7c2b7" />
      <TestMethod codeBase="D:/software/Project/BNLP/UnitTest/bin/Debug/UnitTest.DLL" adapterTypeName="Microsoft.VisualStudio.TestTools.TestTypes.Unit.UnitTestAdapter, Microsoft.VisualStudio.QualityTools.Tips.UnitTest.Adapter, Version=10.0.0.0, Culture=neutral, PublicKeyToken=b03f5f7f11d50a3a" className="UnitTest.BnlpTest, UnitTest, Version=1.0.0.0, Culture=neutral, PublicKeyToken=null" name="all_persons_tenses_passive_negation" />
      <DataSource connectionString="|DataDirectory|\TestCases\all_persons_tenses_passive_negation.xml" providerInvariantName="Microsoft.VisualStudio.TestTools.DataSource.XML" tableName="sentence" />
    </UnitTest>
    <UnitTest name="third_person_tenses_active_negation" storage="d:\software\project\bnlp\unittest\bin\debug\unittest.dll" id="fe3e63ab-391c-e168-48d0-431b85a7b898">
      <DeploymentItems>
        <DeploymentItem filename="..\UnitTest\TestCases\third_person_tenses_active_negation.xml" />
      </DeploymentItems>
      <Execution id="2c37ce2f-38fc-4712-ab34-1cd56c7b4b35" />
      <TestMethod codeBase="D:/software/Project/BNLP/UnitTest/bin/Debug/UnitTest.DLL" adapterTypeName="Microsoft.VisualStudio.TestTools.TestTypes.Unit.UnitTestAdapter, Microsoft.VisualStudio.QualityTools.Tips.UnitTest.Adapter, Version=10.0.0.0, Culture=neutral, PublicKeyToken=b03f5f7f11d50a3a" className="UnitTest.BnlpTest, UnitTest, Version=1.0.0.0, Culture=neutral, PublicKeyToken=null" name="third_person_tenses_active_negation" />
      <DataSource connectionString="|DataDirectory|\TestCases\third_person_tenses_active_negation.xml" providerInvariantName="Microsoft.VisualStudio.TestTools.DataSource.XML" tableName="sentence" />
    </UnitTest>
    <UnitTest name="all_persons_modal_should" storage="d:\software\project\bnlp\unittest\bin\debug\unittest.dll" id="783915fe-114a-e353-78dd-56e92a60f942">
      <DeploymentItems>
        <DeploymentItem filename="..\UnitTest\TestCases\all_persons_modal_should.xml" />
      </DeploymentItems>
      <Execution id="4e7848a5-f815-4e9b-ac2a-71f9c352a5cc" />
      <TestMethod codeBase="D:/software/Project/BNLP/UnitTest/bin/Debug/UnitTest.DLL" adapterTypeName="Microsoft.VisualStudio.TestTools.TestTypes.Unit.UnitTestAdapter, Microsoft.VisualStudio.QualityTools.Tips.UnitTest.Adapter, Version=10.0.0.0, Culture=neutral, PublicKeyToken=b03f5f7f11d50a3a" className="UnitTest.BnlpTest, UnitTest, Version=1.0.0.0, Culture=neutral, PublicKeyToken=null" name="all_persons_modal_should" />
      <DataSource connectionString="|DataDirectory|\TestCases\all_persons_modal_should.xml" providerInvariantName="Microsoft.VisualStudio.TestTools.DataSource.XML" tableName="sentence" />
    </UnitTest>
    <UnitTest name="second_person_tenses_active" storage="d:\software\project\bnlp\unittest\bin\debug\unittest.dll" id="30ab3285-6a8c-14d2-9725-bd60892ccd90">
      <DeploymentItems>
        <DeploymentItem filename="..\UnitTest\TestCases\second_person_tenses_active.xml" />
      </DeploymentItems>
      <Execution id="0d92a1f8-7a77-427c-a518-3c9fd54417b4" />
      <TestMethod codeBase="D:/software/Project/BNLP/UnitTest/bin/Debug/UnitTest.DLL" adapterTypeName="Microsoft.VisualStudio.TestTools.TestTypes.Unit.UnitTestAdapter, Microsoft.VisualStudio.QualityTools.Tips.UnitTest.Adapter, Version=10.0.0.0, Culture=neutral, PublicKeyToken=b03f5f7f11d50a3a" className="UnitTest.BnlpTest, UnitTest, Version=1.0.0.0, Culture=neutral, PublicKeyToken=null" name="second_person_tenses_active" />
      <DataSource connectionString="|DataDirectory|\TestCases\second_person_tenses_active.xml" providerInvariantName="Microsoft.VisualStudio.TestTools.DataSource.XML" tableName="sentence" />
    </UnitTest>
    <UnitTest name="interrogative_sentences_who" storage="d:\software\project\bnlp\unittest\bin\debug\unittest.dll" id="32b5d279-0d23-e5ad-0301-234c8788f740">
      <DeploymentItems>
        <DeploymentItem filename="..\UnitTest\TestCases\interrogative_sentences_who.xml" />
      </DeploymentItems>
      <Execution id="ca230ad6-aae1-4b5d-8e4b-39d096e0a35a" />
      <TestMethod codeBase="D:/software/Project/BNLP/UnitTest/bin/Debug/UnitTest.DLL" adapterTypeName="Microsoft.VisualStudio.TestTools.TestTypes.Unit.UnitTestAdapter, Microsoft.VisualStudio.QualityTools.Tips.UnitTest.Adapter, Version=10.0.0.0, Culture=neutral, PublicKeyToken=b03f5f7f11d50a3a" className="UnitTest.BnlpTest, UnitTest, Version=1.0.0.0, Culture=neutral, PublicKeyToken=null" name="interrogative_sentences_who" />
      <DataSource connectionString="|DataDirectory|\TestCases\interrogative_sentences_who.xml" providerInvariantName="Microsoft.VisualStudio.TestTools.DataSource.XML" tableName="sentence" />
    </UnitTest>
    <UnitTest name="all_persons_modal_can_may" storage="d:\software\project\bnlp\unittest\bin\debug\unittest.dll" id="8fe5ccb3-a3f4-0f61-ad21-e94ef029e900">
      <DeploymentItems>
        <DeploymentItem filename="..\UnitTest\TestCases\all_persons_modal_can_may.xml" />
      </DeploymentItems>
      <Execution id="625cd5f9-b7da-4ffd-b8a9-20b4163823b5" />
      <TestMethod codeBase="D:/software/Project/BNLP/UnitTest/bin/Debug/UnitTest.DLL" adapterTypeName="Microsoft.VisualStudio.TestTools.TestTypes.Unit.UnitTestAdapter, Microsoft.VisualStudio.QualityTools.Tips.UnitTest.Adapter, Version=10.0.0.0, Culture=neutral, PublicKeyToken=b03f5f7f11d50a3a" className="UnitTest.BnlpTest, UnitTest, Version=1.0.0.0, Culture=neutral, PublicKeyToken=null" name="all_persons_modal_can_may" />
      <DataSource connectionString="|DataDirectory|\TestCases\all_persons_modal_can_may.xml" providerInvariantName="Microsoft.VisualStudio.TestTools.DataSource.XML" tableName="sentence" />
    </UnitTest>
    <UnitTest name="interrogative_sentences_how" storage="d:\software\project\bnlp\unittest\bin\debug\unittest.dll" id="227f20ae-8e76-eb71-39b2-4ada3ce6aba8">
      <DeploymentItems>
        <DeploymentItem filename="..\UnitTest\TestCases\interrogative_sentences_how.xml" />
      </DeploymentItems>
      <Execution id="b002ca92-19b3-4677-9ccc-6f5606bf9249" />
      <TestMethod codeBase="D:/software/Project/BNLP/UnitTest/bin/Debug/UnitTest.DLL" adapterTypeName="Microsoft.VisualStudio.TestTools.TestTypes.Unit.UnitTestAdapter, Microsoft.VisualStudio.QualityTools.Tips.UnitTest.Adapter, Version=10.0.0.0, Culture=neutral, PublicKeyToken=b03f5f7f11d50a3a" className="UnitTest.BnlpTest, UnitTest, Version=1.0.0.0, Culture=neutral, PublicKeyToken=null" name="interrogative_sentences_how" />
      <DataSource connectionString="|DataDirectory|\TestCases\interrogative_sentences_how.xml" providerInvariantName="Microsoft.VisualStudio.TestTools.DataSource.XML" tableName="sentence" />
    </UnitTest>
    <UnitTest name="all_persons_modal_can_may_negation" storage="d:\software\project\bnlp\unittest\bin\debug\unittest.dll" id="d03eb628-bf1f-c27d-aeef-e708d613d686">
      <DeploymentItems>
        <DeploymentItem filename="..\UnitTest\TestCases\all_persons_modal_can_may_negation.xml" />
      </DeploymentItems>
      <Execution id="fb6338e7-1676-4893-85d5-2ea04e49437e" />
      <TestMethod codeBase="D:/software/Project/BNLP/UnitTest/bin/Debug/UnitTest.DLL" adapterTypeName="Microsoft.VisualStudio.TestTools.TestTypes.Unit.UnitTestAdapter, Microsoft.VisualStudio.QualityTools.Tips.UnitTest.Adapter, Version=10.0.0.0, Culture=neutral, PublicKeyToken=b03f5f7f11d50a3a" className="UnitTest.BnlpTest, UnitTest, Version=1.0.0.0, Culture=neutral, PublicKeyToken=null" name="all_persons_modal_can_may_negation" />
      <DataSource connectionString="|DataDirectory|\TestCases\all_persons_modal_can_may_negation.xml" providerInvariantName="Microsoft.VisualStudio.TestTools.DataSource.XML" tableName="sentence" />
    </UnitTest>
    <UnitTest name="RandomWord" storage="d:\software\project\bnlp\unittest\bin\debug\unittest.dll" id="642ce34f-0ed4-f995-637b-09297c832f2a">
      <DeploymentItems>
        <DeploymentItem filename="..\UnitTest\TestCases\wikipedia.xml" />
      </DeploymentItems>
      <Execution id="71c50450-3f3b-401c-8143-0e8f935aea0c" />
      <TestMethod codeBase="D:/software/Project/BNLP/UnitTest/bin/Debug/UnitTest.DLL" adapterTypeName="Microsoft.VisualStudio.TestTools.TestTypes.Unit.UnitTestAdapter, Microsoft.VisualStudio.QualityTools.Tips.UnitTest.Adapter, Version=10.0.0.0, Culture=neutral, PublicKeyToken=b03f5f7f11d50a3a" className="UnitTest.BnlpTest, UnitTest, Version=1.0.0.0, Culture=neutral, PublicKeyToken=null" name="RandomWord" />
      <DataSource connectionString="|DataDirectory|\TestCases\wikipedia.xml" providerInvariantName="Microsoft.VisualStudio.TestTools.DataSource.XML" tableName="sentence" />
    </UnitTest>
    <UnitTest name="second_person_tenses_active_negation" storage="d:\software\project\bnlp\unittest\bin\debug\unittest.dll" id="83c68223-dcaa-51dd-423f-434210a59f77">
      <DeploymentItems>
        <DeploymentItem filename="..\UnitTest\TestCases\second_person_tenses_active_negation.xml" />
      </DeploymentItems>
      <Execution id="156904d1-724c-4505-82ef-3eb093808d7c" />
      <TestMethod codeBase="D:/software/Project/BNLP/UnitTest/bin/Debug/UnitTest.DLL" adapterTypeName="Microsoft.VisualStudio.TestTools.TestTypes.Unit.UnitTestAdapter, Microsoft.VisualStudio.QualityTools.Tips.UnitTest.Adapter, Version=10.0.0.0, Culture=neutral, PublicKeyToken=b03f5f7f11d50a3a" className="UnitTest.BnlpTest, UnitTest, Version=1.0.0.0, Culture=neutral, PublicKeyToken=null" name="second_person_tenses_active_negation" />
      <DataSource connectionString="|DataDirectory|\TestCases\second_person_tenses_active_negation.xml" providerInvariantName="Microsoft.VisualStudio.TestTools.DataSource.XML" tableName="sentence" />
    </UnitTest>
    <UnitTest name="interrogative_sentences_why" storage="d:\software\project\bnlp\unittest\bin\debug\unittest.dll" id="1b04a6d6-5350-792c-8eba-a46a0eb28949">
      <DeploymentItems>
        <DeploymentItem filename="..\UnitTest\TestCases\interrogative_sentences_why.xml" />
      </DeploymentItems>
      <Execution id="c3967e15-fa9b-42d1-b041-315e22fd7d7f" />
      <TestMethod codeBase="D:/software/Project/BNLP/UnitTest/bin/Debug/UnitTest.DLL" adapterTypeName="Microsoft.VisualStudio.TestTools.TestTypes.Unit.UnitTestAdapter, Microsoft.VisualStudio.QualityTools.Tips.UnitTest.Adapter, Version=10.0.0.0, Culture=neutral, PublicKeyToken=b03f5f7f11d50a3a" className="UnitTest.BnlpTest, UnitTest, Version=1.0.0.0, Culture=neutral, PublicKeyToken=null" name="interrogative_sentences_why" />
      <DataSource connectionString="|DataDirectory|\TestCases\interrogative_sentences_why.xml" providerInvariantName="Microsoft.VisualStudio.TestTools.DataSource.XML" tableName="sentence" />
    </UnitTest>
    <UnitTest name="interrogative_sentences_which" storage="d:\software\project\bnlp\unittest\bin\debug\unittest.dll" id="97a1371f-e8e6-db3e-323e-49ffeef32df1">
      <DeploymentItems>
        <DeploymentItem filename="..\UnitTest\TestCases\interrogative_sentences_which.xml" />
      </DeploymentItems>
      <Execution id="3a034c13-dcda-4649-a18f-1c4e4f624082" />
      <TestMethod codeBase="D:/software/Project/BNLP/UnitTest/bin/Debug/UnitTest.DLL" adapterTypeName="Microsoft.VisualStudio.TestTools.TestTypes.Unit.UnitTestAdapter, Microsoft.VisualStudio.QualityTools.Tips.UnitTest.Adapter, Version=10.0.0.0, Culture=neutral, PublicKeyToken=b03f5f7f11d50a3a" className="UnitTest.BnlpTest, UnitTest, Version=1.0.0.0, Culture=neutral, PublicKeyToken=null" name="interrogative_sentences_which" />
      <DataSource connectionString="|DataDirectory|\TestCases\interrogative_sentences_which.xml" providerInvariantName="Microsoft.VisualStudio.TestTools.DataSource.XML" tableName="sentence" />
    </UnitTest>
    <UnitTest name="third_person_tenses_active" storage="d:\software\project\bnlp\unittest\bin\debug\unittest.dll" id="0bc2f98c-98f5-f190-c78c-c00d94c547a1">
      <DeploymentItems>
        <DeploymentItem filename="..\UnitTest\TestCases\third_person_tenses_active.xml" />
      </DeploymentItems>
      <Execution id="dbc59967-6c76-4e71-a748-cc6d8b0c4bcb" />
      <TestMethod codeBase="D:/software/Project/BNLP/UnitTest/bin/Debug/UnitTest.DLL" adapterTypeName="Microsoft.VisualStudio.TestTools.TestTypes.Unit.UnitTestAdapter, Microsoft.VisualStudio.QualityTools.Tips.UnitTest.Adapter, Version=10.0.0.0, Culture=neutral, PublicKeyToken=b03f5f7f11d50a3a" className="UnitTest.BnlpTest, UnitTest, Version=1.0.0.0, Culture=neutral, PublicKeyToken=null" name="third_person_tenses_active" />
      <DataSource connectionString="|DataDirectory|\TestCases\third_person_tenses_active.xml" providerInvariantName="Microsoft.VisualStudio.TestTools.DataSource.XML" tableName="sentence" />
    </UnitTest>
    <UnitTest name="auxiliary_verbs_as_main_verbs" storage="d:\software\project\bnlp\unittest\bin\debug\unittest.dll" id="c79146bc-2376-961a-5de9-441b5dfc7188">
      <DeploymentItems>
        <DeploymentItem filename="..\UnitTest\TestCases\auxiliary_verbs_as_main_verbs.xml" />
      </DeploymentItems>
      <Execution id="04bde045-cd22-499a-9af1-eda7b8501891" />
      <TestMethod codeBase="D:/software/Project/BNLP/UnitTest/bin/Debug/UnitTest.DLL" adapterTypeName="Microsoft.VisualStudio.TestTools.TestTypes.Unit.UnitTestAdapter, Microsoft.VisualStudio.QualityTools.Tips.UnitTest.Adapter, Version=10.0.0.0, Culture=neutral, PublicKeyToken=b03f5f7f11d50a3a" className="UnitTest.BnlpTest, UnitTest, Version=1.0.0.0, Culture=neutral, PublicKeyToken=null" name="auxiliary_verbs_as_main_verbs" />
      <DataSource connectionString="|DataDirectory|\TestCases\auxiliary_verbs_as_main_verbs.xml" providerInvariantName="Microsoft.VisualStudio.TestTools.DataSource.XML" tableName="sentence" />
    </UnitTest>
    <UnitTest name="special_handling_do_verb" storage="d:\software\project\bnlp\unittest\bin\debug\unittest.dll" id="533e7939-123c-ce84-5c5c-d5a21d1d95b9">
      <DeploymentItems>
        <DeploymentItem filename="..\UnitTest\TestCases\special_handling_do_verb.xml" />
      </DeploymentItems>
      <Execution id="fa1a0f31-f011-4800-9249-da4b240cf798" />
      <TestMethod codeBase="D:/software/Project/BNLP/UnitTest/bin/Debug/UnitTest.DLL" adapterTypeName="Microsoft.VisualStudio.TestTools.TestTypes.Unit.UnitTestAdapter, Microsoft.VisualStudio.QualityTools.Tips.UnitTest.Adapter, Version=10.0.0.0, Culture=neutral, PublicKeyToken=b03f5f7f11d50a3a" className="UnitTest.BnlpTest, UnitTest, Version=1.0.0.0, Culture=neutral, PublicKeyToken=null" name="special_handling_do_verb" />
      <DataSource connectionString="|DataDirectory|\TestCases\special_handling_do_verb.xml" providerInvariantName="Microsoft.VisualStudio.TestTools.DataSource.XML" tableName="sentence" />
    </UnitTest>
    <UnitTest name="interrogative_sentences_whom" storage="d:\software\project\bnlp\unittest\bin\debug\unittest.dll" id="4e91a3b9-9eae-ebff-0b97-303f00578a78">
      <DeploymentItems>
        <DeploymentItem filename="..\UnitTest\TestCases\interrogative_sentences_whom.xml" />
      </DeploymentItems>
      <Execution id="45a89417-766b-4046-a370-583f2afd98a7" />
      <TestMethod codeBase="D:/software/Project/BNLP/UnitTest/bin/Debug/UnitTest.DLL" adapterTypeName="Microsoft.VisualStudio.TestTools.TestTypes.Unit.UnitTestAdapter, Microsoft.VisualStudio.QualityTools.Tips.UnitTest.Adapter, Version=10.0.0.0, Culture=neutral, PublicKeyToken=b03f5f7f11d50a3a" className="UnitTest.BnlpTest, UnitTest, Version=1.0.0.0, Culture=neutral, PublicKeyToken=null" name="interrogative_sentences_whom" />
      <DataSource connectionString="|DataDirectory|\TestCases\interrogative_sentences_whom.xml" providerInvariantName="Microsoft.VisualStudio.TestTools.DataSource.XML" tableName="sentence" />
    </UnitTest>
    <UnitTest name="interrogative_sentences_where" storage="d:\software\project\bnlp\unittest\bin\debug\unittest.dll" id="b9261b51-b0a2-10e2-9308-22bb2624de8b">
      <DeploymentItems>
        <DeploymentItem filename="..\UnitTest\TestCases\interrogative_sentences_where.xml" />
      </DeploymentItems>
      <Execution id="23a1d292-0109-48c5-b04a-b49d6f5ce42c" />
      <TestMethod codeBase="D:/software/Project/BNLP/UnitTest/bin/Debug/UnitTest.DLL" adapterTypeName="Microsoft.VisualStudio.TestTools.TestTypes.Unit.UnitTestAdapter, Microsoft.VisualStudio.QualityTools.Tips.UnitTest.Adapter, Version=10.0.0.0, Culture=neutral, PublicKeyToken=b03f5f7f11d50a3a" className="UnitTest.BnlpTest, UnitTest, Version=1.0.0.0, Culture=neutral, PublicKeyToken=null" name="interrogative_sentences_where" />
      <DataSource connectionString="|DataDirectory|\TestCases\interrogative_sentences_where.xml" providerInvariantName="Microsoft.VisualStudio.TestTools.DataSource.XML" tableName="sentence" />
    </UnitTest>
    <UnitTest name="interrogative_sentences_aux" storage="d:\software\project\bnlp\unittest\bin\debug\unittest.dll" id="39dcb97e-c73f-c645-a77c-64d9eba0a3a3">
      <DeploymentItems>
        <DeploymentItem filename="..\UnitTest\TestCases\interrogative_sentences_aux.xml" />
      </DeploymentItems>
      <Execution id="6cc25254-53af-4f3e-ab99-b30954aabd5a" />
      <TestMethod codeBase="D:/software/Project/BNLP/UnitTest/bin/Debug/UnitTest.DLL" adapterTypeName="Microsoft.VisualStudio.TestTools.TestTypes.Unit.UnitTestAdapter, Microsoft.VisualStudio.QualityTools.Tips.UnitTest.Adapter, Version=10.0.0.0, Culture=neutral, PublicKeyToken=b03f5f7f11d50a3a" className="UnitTest.BnlpTest, UnitTest, Version=1.0.0.0, Culture=neutral, PublicKeyToken=null" name="interrogative_sentences_aux" />
      <DataSource connectionString="|DataDirectory|\TestCases\interrogative_sentences_aux.xml" providerInvariantName="Microsoft.VisualStudio.TestTools.DataSource.XML" tableName="sentence" />
    </UnitTest>
    <UnitTest name="all_persons_tenses_passive" storage="d:\software\project\bnlp\unittest\bin\debug\unittest.dll" id="d766a059-d96c-7b47-e6a6-34931760df96">
      <DeploymentItems>
        <DeploymentItem filename="..\UnitTest\TestCases\all_persons_tenses_passive.xml" />
      </DeploymentItems>
      <Execution id="62bd5365-c1a7-47f7-9b72-59871002e711" />
      <TestMethod codeBase="D:/software/Project/BNLP/UnitTest/bin/Debug/UnitTest.DLL" adapterTypeName="Microsoft.VisualStudio.TestTools.TestTypes.Unit.UnitTestAdapter, Microsoft.VisualStudio.QualityTools.Tips.UnitTest.Adapter, Version=10.0.0.0, Culture=neutral, PublicKeyToken=b03f5f7f11d50a3a" className="UnitTest.BnlpTest, UnitTest, Version=1.0.0.0, Culture=neutral, PublicKeyToken=null" name="all_persons_tenses_passive" />
      <DataSource connectionString="|DataDirectory|\TestCases\all_persons_tenses_passive.xml" providerInvariantName="Microsoft.VisualStudio.TestTools.DataSource.XML" tableName="sentence" />
    </UnitTest>
    <UnitTest name="first_person_tenses_active_negation" storage="d:\software\project\bnlp\unittest\bin\debug\unittest.dll" id="15fe5bf6-5078-81a8-0356-385549390bb7">
      <DeploymentItems>
        <DeploymentItem filename="..\UnitTest\TestCases\first_person_tenses_active_negation.xml" />
      </DeploymentItems>
      <Execution id="ada1ad0e-fd46-475d-9c20-874865d4912e" />
      <TestMethod codeBase="D:/software/Project/BNLP/UnitTest/bin/Debug/UnitTest.DLL" adapterTypeName="Microsoft.VisualStudio.TestTools.TestTypes.Unit.UnitTestAdapter, Microsoft.VisualStudio.QualityTools.Tips.UnitTest.Adapter, Version=10.0.0.0, Culture=neutral, PublicKeyToken=b03f5f7f11d50a3a" className="UnitTest.BnlpTest, UnitTest, Version=1.0.0.0, Culture=neutral, PublicKeyToken=null" name="first_person_tenses_active_negation" />
      <DataSource connectionString="|DataDirectory|\TestCases\first_person_tenses_active_negation.xml" providerInvariantName="Microsoft.VisualStudio.TestTools.DataSource.XML" tableName="sentence" />
    </UnitTest>
  </TestDefinitions>
  <TestLists>
    <TestList name="Results Not in a List" id="8c84fa94-04c1-424b-9868-57a2d4851a1d" />
    <TestList name="All Loaded Results" id="19431567-8539-422a-85d7-44ee4e166bda" />
  </TestLists>
  <TestEntries>
    <TestEntry testId="0bc2f98c-98f5-f190-c78c-c00d94c547a1" executionId="dbc59967-6c76-4e71-a748-cc6d8b0c4bcb" testListId="8c84fa94-04c1-424b-9868-57a2d4851a1d" />
    <TestEntry testId="0f337a75-1a2d-d9c3-6c5f-23ed2604b69d" executionId="02a359d1-a723-45b9-b055-92fc8790edde" testListId="8c84fa94-04c1-424b-9868-57a2d4851a1d" />
    <TestEntry testId="0f33848d-a900-d644-7498-2526887b5425" executionId="21d060ed-0722-4db4-9d25-71d369878bb0" testListId="8c84fa94-04c1-424b-9868-57a2d4851a1d" />
    <TestEntry testId="15fe5bf6-5078-81a8-0356-385549390bb7" executionId="ada1ad0e-fd46-475d-9c20-874865d4912e" testListId="8c84fa94-04c1-424b-9868-57a2d4851a1d" />
    <TestEntry testId="1b04a6d6-5350-792c-8eba-a46a0eb28949" executionId="c3967e15-fa9b-42d1-b041-315e22fd7d7f" testListId="8c84fa94-04c1-424b-9868-57a2d4851a1d" />
    <TestEntry testId="1d63c318-78a9-9011-f5c0-0b01884a2881" executionId="ddf37df1-3f01-4aee-93d0-7d1bd2058039" testListId="8c84fa94-04c1-424b-9868-57a2d4851a1d" />
    <TestEntry testId="227f20ae-8e76-eb71-39b2-4ada3ce6aba8" executionId="b002ca92-19b3-4677-9ccc-6f5606bf9249" testListId="8c84fa94-04c1-424b-9868-57a2d4851a1d" />
    <TestEntry testId="30ab3285-6a8c-14d2-9725-bd60892ccd90" executionId="0d92a1f8-7a77-427c-a518-3c9fd54417b4" testListId="8c84fa94-04c1-424b-9868-57a2d4851a1d" />
    <TestEntry testId="32b5d279-0d23-e5ad-0301-234c8788f740" executionId="ca230ad6-aae1-4b5d-8e4b-39d096e0a35a" testListId="8c84fa94-04c1-424b-9868-57a2d4851a1d" />
    <TestEntry testId="39dcb97e-c73f-c645-a77c-64d9eba0a3a3" executionId="6cc25254-53af-4f3e-ab99-b30954aabd5a" testListId="8c84fa94-04c1-424b-9868-57a2d4851a1d" />
    <TestEntry testId="4e91a3b9-9eae-ebff-0b97-303f00578a78" executionId="45a89417-766b-4046-a370-583f2afd98a7" testListId="8c84fa94-04c1-424b-9868-57a2d4851a1d" />
    <TestEntry testId="533e7939-123c-ce84-5c5c-d5a21d1d95b9" executionId="fa1a0f31-f011-4800-9249-da4b240cf798" testListId="8c84fa94-04c1-424b-9868-57a2d4851a1d" />
    <TestEntry testId="642ce34f-0ed4-f995-637b-09297c832f2a" executionId="71c50450-3f3b-401c-8143-0e8f935aea0c" testListId="8c84fa94-04c1-424b-9868-57a2d4851a1d" />
    <TestEntry testId="783915fe-114a-e353-78dd-56e92a60f942" executionId="4e7848a5-f815-4e9b-ac2a-71f9c352a5cc" testListId="8c84fa94-04c1-424b-9868-57a2d4851a1d" />
    <TestEntry testId="7f7910d1-dc89-39b4-b4cf-d9e6d7af9420" executionId="6834be58-95a6-4eaf-af01-919b6662d8f6" testListId="8c84fa94-04c1-424b-9868-57a2d4851a1d" />
    <TestEntry testId="83c68223-dcaa-51dd-423f-434210a59f77" executionId="156904d1-724c-4505-82ef-3eb093808d7c" testListId="8c84fa94-04c1-424b-9868-57a2d4851a1d" />
    <TestEntry testId="8fe5ccb3-a3f4-0f61-ad21-e94ef029e900" executionId="625cd5f9-b7da-4ffd-b8a9-20b4163823b5" testListId="8c84fa94-04c1-424b-9868-57a2d4851a1d" />
    <TestEntry testId="921e6ab0-d7c2-6005-e523-6fd2d5e1a723" executionId="64714d56-0ed5-4b38-9082-611ca2e63407" testListId="8c84fa94-04c1-424b-9868-57a2d4851a1d" />
    <TestEntry testId="9319d01e-de3e-d310-c76e-cae8dce4c924" executionId="b9e2f4ac-87b9-45b7-be70-fbdc68528554" testListId="8c84fa94-04c1-424b-9868-57a2d4851a1d" />
    <TestEntry testId="97a1371f-e8e6-db3e-323e-49ffeef32df1" executionId="3a034c13-dcda-4649-a18f-1c4e4f624082" testListId="8c84fa94-04c1-424b-9868-57a2d4851a1d" />
    <TestEntry testId="b9261b51-b0a2-10e2-9308-22bb2624de8b" executionId="23a1d292-0109-48c5-b04a-b49d6f5ce42c" testListId="8c84fa94-04c1-424b-9868-57a2d4851a1d" />
    <TestEntry testId="bdfe92b2-f4ac-73a5-f13d-5c1ea13721b4" executionId="d006db41-f5af-4fc0-9d3e-6d4229d7c2b7" testListId="8c84fa94-04c1-424b-9868-57a2d4851a1d" />
    <TestEntry testId="c79146bc-2376-961a-5de9-441b5dfc7188" executionId="04bde045-cd22-499a-9af1-eda7b8501891" testListId="8c84fa94-04c1-424b-9868-57a2d4851a1d" />
    <TestEntry testId="d03eb628-bf1f-c27d-aeef-e708d613d686" executionId="fb6338e7-1676-4893-85d5-2ea04e49437e" testListId="8c84fa94-04c1-424b-9868-57a2d4851a1d" />
    <TestEntry testId="d766a059-d96c-7b47-e6a6-34931760df96" executionId="62bd5365-c1a7-47f7-9b72-59871002e711" testListId="8c84fa94-04c1-424b-9868-57a2d4851a1d" />
    <TestEntry testId="fe3e63ab-391c-e168-48d0-431b85a7b898" executionId="2c37ce2f-38fc-4712-ab34-1cd56c7b4b35" testListId="8c84fa94-04c1-424b-9868-57a2d4851a1d" />
  </TestEntries>
  <Results>
    <UnitTestResult executionId="dbc59967-6c76-4e71-a748-cc6d8b0c4bcb" testId="0bc2f98c-98f5-f190-c78c-c00d94c547a1" testName="third_person_tenses_active" computerName="ARPAN-LAP" duration="00:00:15.5369512" startTime="2014-06-29T13:09:25.8012729+05:30" endTime="2014-06-29T13:09:41.7211834+05:30" testType="13cdc9d9-ddb5-4fa4-a97d-d965ccfc6d4b" outcome="Passed" testListId="8c84fa94-04c1-424b-9868-57a2d4851a1d" relativeResultsDirectory="dbc59967-6c76-4e71-a748-cc6d8b0c4bcb" resultType="DataDrivenTest">
      <Counters error="0" failed="0" timeout="0" aborted="0" inconclusive="0" passedButRunAborted="0" notRunnable="0" notExecuted="0" disconnected="0" warning="0" passed="10" completed="0" inProgress="0" pending="0" />
      <InnerResults>
        <UnitTestResult executionId="3a8cdc6e-0c90-4076-98cd-6344938860bc" parentExecutionId="dbc59967-6c76-4e71-a748-cc6d8b0c4bcb" testId="0bc2f98c-98f5-f190-c78c-c00d94c547a1" testName="third_person_tenses_active" computerName="ARPAN-LAP" duration="00:00:15.1945540" startTime="2014-06-29T13:09:26.1372921+05:30" endTime="2014-06-29T13:09:41.3381615+05:30" testType="13cdc9d9-ddb5-4fa4-a97d-d965ccfc6d4b" outcome="Passed" testListId="8c84fa94-04c1-424b-9868-57a2d4851a1d" relativeResultsDirectory="dbc59967-6c76-4e71-a748-cc6d8b0c4bcb" dataRowInfo="0" resultType="DataDrivenDataRow" />
        <UnitTestResult executionId="9a9684a2-740b-4649-bdb4-f0c5a1db385a" parentExecutionId="dbc59967-6c76-4e71-a748-cc6d8b0c4bcb" testId="0bc2f98c-98f5-f190-c78c-c00d94c547a1" testName="third_person_tenses_active" computerName="ARPAN-LAP" duration="00:00:00.0759387" startTime="2014-06-29T13:09:41.3381615+05:30" endTime="2014-06-29T13:09:41.4141659+05:30" testType="13cdc9d9-ddb5-4fa4-a97d-d965ccfc6d4b" outcome="Passed" testListId="8c84fa94-04c1-424b-9868-57a2d4851a1d" relativeResultsDirectory="dbc59967-6c76-4e71-a748-cc6d8b0c4bcb" dataRowInfo="1" resultType="DataDrivenDataRow" />
        <UnitTestResult executionId="f3fd39f3-650a-45d5-b926-d8fa59234f40" parentExecutionId="dbc59967-6c76-4e71-a748-cc6d8b0c4bcb" testId="0bc2f98c-98f5-f190-c78c-c00d94c547a1" testName="third_person_tenses_active" computerName="ARPAN-LAP" duration="00:00:00.0493440" startTime="2014-06-29T13:09:41.4141659+05:30" endTime="2014-06-29T13:09:41.4631687+05:30" testType="13cdc9d9-ddb5-4fa4-a97d-d965ccfc6d4b" outcome="Passed" testListId="8c84fa94-04c1-424b-9868-57a2d4851a1d" relativeResultsDirectory="dbc59967-6c76-4e71-a748-cc6d8b0c4bcb" dataRowInfo="2" resultType="DataDrivenDataRow" />
        <UnitTestResult executionId="94ba0dcf-5ec2-43c1-832c-a20b23bed0ef" parentExecutionId="dbc59967-6c76-4e71-a748-cc6d8b0c4bcb" testId="0bc2f98c-98f5-f190-c78c-c00d94c547a1" testName="third_person_tenses_active" computerName="ARPAN-LAP" duration="00:00:00.0734231" startTime="2014-06-29T13:09:41.4631687+05:30" endTime="2014-06-29T13:09:41.5371729+05:30" testType="13cdc9d9-ddb5-4fa4-a97d-d965ccfc6d4b" outcome="Passed" testListId="8c84fa94-04c1-424b-9868-57a2d4851a1d" relativeResultsDirectory="dbc59967-6c76-4e71-a748-cc6d8b0c4bcb" dataRowInfo="3" resultType="DataDrivenDataRow" />
        <UnitTestResult executionId="16d893df-b6b6-4616-9deb-92dbbceb7329" parentExecutionId="dbc59967-6c76-4e71-a748-cc6d8b0c4bcb" testId="0bc2f98c-98f5-f190-c78c-c00d94c547a1" testName="third_person_tenses_active" computerName="ARPAN-LAP" duration="00:00:00.0162610" startTime="2014-06-29T13:09:41.5371729+05:30" endTime="2014-06-29T13:09:41.5531738+05:30" testType="13cdc9d9-ddb5-4fa4-a97d-d965ccfc6d4b" outcome="Passed" testListId="8c84fa94-04c1-424b-9868-57a2d4851a1d" relativeResultsDirectory="dbc59967-6c76-4e71-a748-cc6d8b0c4bcb" dataRowInfo="4" resultType="DataDrivenDataRow" />
        <UnitTestResult executionId="e45ee920-5495-42dd-ad72-f7bf34958b92" parentExecutionId="dbc59967-6c76-4e71-a748-cc6d8b0c4bcb" testId="0bc2f98c-98f5-f190-c78c-c00d94c547a1" testName="third_person_tenses_active" computerName="ARPAN-LAP" duration="00:00:00.0189089" startTime="2014-06-29T13:09:41.5531738+05:30" endTime="2014-06-29T13:09:41.5721749+05:30" testType="13cdc9d9-ddb5-4fa4-a97d-d965ccfc6d4b" outcome="Passed" testListId="8c84fa94-04c1-424b-9868-57a2d4851a1d" relativeResultsDirectory="dbc59967-6c76-4e71-a748-cc6d8b0c4bcb" dataRowInfo="5" resultType="DataDrivenDataRow" />
        <UnitTestResult executionId="a25aff31-b446-4576-9f90-fe7a72642d15" parentExecutionId="dbc59967-6c76-4e71-a748-cc6d8b0c4bcb" testId="0bc2f98c-98f5-f190-c78c-c00d94c547a1" testName="third_person_tenses_active" computerName="ARPAN-LAP" duration="00:00:00.0174461" startTime="2014-06-29T13:09:41.5721749+05:30" endTime="2014-06-29T13:09:41.5891759+05:30" testType="13cdc9d9-ddb5-4fa4-a97d-d965ccfc6d4b" outcome="Passed" testListId="8c84fa94-04c1-424b-9868-57a2d4851a1d" relativeResultsDirectory="dbc59967-6c76-4e71-a748-cc6d8b0c4bcb" dataRowInfo="6" resultType="DataDrivenDataRow" />
        <UnitTestResult executionId="14b6c8f5-ea85-41d3-85a3-63b144ae9b70" parentExecutionId="dbc59967-6c76-4e71-a748-cc6d8b0c4bcb" testId="0bc2f98c-98f5-f190-c78c-c00d94c547a1" testName="third_person_tenses_active" computerName="ARPAN-LAP" duration="00:00:00.0278517" startTime="2014-06-29T13:09:41.5891759+05:30" endTime="2014-06-29T13:09:41.6171775+05:30" testType="13cdc9d9-ddb5-4fa4-a97d-d965ccfc6d4b" outcome="Passed" testListId="8c84fa94-04c1-424b-9868-57a2d4851a1d" relativeResultsDirectory="dbc59967-6c76-4e71-a748-cc6d8b0c4bcb" dataRowInfo="7" resultType="DataDrivenDataRow" />
        <UnitTestResult executionId="44ffdb2d-9cee-4a6d-83b6-eb26d40a2968" parentExecutionId="dbc59967-6c76-4e71-a748-cc6d8b0c4bcb" testId="0bc2f98c-98f5-f190-c78c-c00d94c547a1" testName="third_person_tenses_active" computerName="ARPAN-LAP" duration="00:00:00.0193288" startTime="2014-06-29T13:09:41.6171775+05:30" endTime="2014-06-29T13:09:41.6371786+05:30" testType="13cdc9d9-ddb5-4fa4-a97d-d965ccfc6d4b" outcome="Passed" testListId="8c84fa94-04c1-424b-9868-57a2d4851a1d" relativeResultsDirectory="dbc59967-6c76-4e71-a748-cc6d8b0c4bcb" dataRowInfo="8" resultType="DataDrivenDataRow" />
        <UnitTestResult executionId="71f9c1e5-b6f5-440d-8ffa-ced6f67bc135" parentExecutionId="dbc59967-6c76-4e71-a748-cc6d8b0c4bcb" testId="0bc2f98c-98f5-f190-c78c-c00d94c547a1" testName="third_person_tenses_active" computerName="ARPAN-LAP" duration="00:00:00.0241269" startTime="2014-06-29T13:09:41.6371786+05:30" endTime="2014-06-29T13:09:41.6611800+05:30" testType="13cdc9d9-ddb5-4fa4-a97d-d965ccfc6d4b" outcome="Passed" testListId="8c84fa94-04c1-424b-9868-57a2d4851a1d" relativeResultsDirectory="dbc59967-6c76-4e71-a748-cc6d8b0c4bcb" dataRowInfo="9" resultType="DataDrivenDataRow" />
      </InnerResults>
    </UnitTestResult>
    <UnitTestResult executionId="02a359d1-a723-45b9-b055-92fc8790edde" testId="0f337a75-1a2d-d9c3-6c5f-23ed2604b69d" testName="prepositions_made_with_two_words" computerName="ARPAN-LAP" duration="00:00:00.1324074" startTime="2014-06-29T13:09:41.7261837+05:30" endTime="2014-06-29T13:09:41.8801925+05:30" testType="13cdc9d9-ddb5-4fa4-a97d-d965ccfc6d4b" outcome="Passed" testListId="8c84fa94-04c1-424b-9868-57a2d4851a1d" relativeResultsDirectory="02a359d1-a723-45b9-b055-92fc8790edde" resultType="DataDrivenTest">
      <Counters error="0" failed="0" timeout="0" aborted="0" inconclusive="0" passedButRunAborted="0" notRunnable="0" notExecuted="0" disconnected="0" warning="0" passed="3" completed="0" inProgress="0" pending="0" />
      <InnerResults>
        <UnitTestResult executionId="196de159-7e01-441a-b8e3-bafe782f8621" parentExecutionId="02a359d1-a723-45b9-b055-92fc8790edde" testId="0f337a75-1a2d-d9c3-6c5f-23ed2604b69d" testName="prepositions_made_with_two_words" computerName="ARPAN-LAP" duration="00:00:00.0380920" startTime="2014-06-29T13:09:41.7371844+05:30" endTime="2014-06-29T13:09:41.7751865+05:30" testType="13cdc9d9-ddb5-4fa4-a97d-d965ccfc6d4b" outcome="Passed" testListId="8c84fa94-04c1-424b-9868-57a2d4851a1d" relativeResultsDirectory="02a359d1-a723-45b9-b055-92fc8790edde" dataRowInfo="0" resultType="DataDrivenDataRow" />
        <UnitTestResult executionId="ce73c314-49b6-4a18-b114-24d0fb0c57c8" parentExecutionId="02a359d1-a723-45b9-b055-92fc8790edde" testId="0f337a75-1a2d-d9c3-6c5f-23ed2604b69d" testName="prepositions_made_with_two_words" computerName="ARPAN-LAP" duration="00:00:00.0451177" startTime="2014-06-29T13:09:41.7751865+05:30" endTime="2014-06-29T13:09:41.8201891+05:30" testType="13cdc9d9-ddb5-4fa4-a97d-d965ccfc6d4b" outcome="Passed" testListId="8c84fa94-04c1-424b-9868-57a2d4851a1d" relativeResultsDirectory="02a359d1-a723-45b9-b055-92fc8790edde" dataRowInfo="1" resultType="DataDrivenDataRow" />
        <UnitTestResult executionId="d25b3c71-bca0-4d7c-9bb1-07a58dd97d2b" parentExecutionId="02a359d1-a723-45b9-b055-92fc8790edde" testId="0f337a75-1a2d-d9c3-6c5f-23ed2604b69d" testName="prepositions_made_with_two_words" computerName="ARPAN-LAP" duration="00:00:00.0473781" startTime="2014-06-29T13:09:41.8201891+05:30" endTime="2014-06-29T13:09:41.8671918+05:30" testType="13cdc9d9-ddb5-4fa4-a97d-d965ccfc6d4b" outcome="Passed" testListId="8c84fa94-04c1-424b-9868-57a2d4851a1d" relativeResultsDirectory="02a359d1-a723-45b9-b055-92fc8790edde" dataRowInfo="2" resultType="DataDrivenDataRow" />
      </InnerResults>
    </UnitTestResult>
    <UnitTestResult executionId="21d060ed-0722-4db4-9d25-71d369878bb0" testId="0f33848d-a900-d644-7498-2526887b5425" testName="prepositions_made_with_three_words" computerName="ARPAN-LAP" duration="00:00:00.1931466" startTime="2014-06-29T13:09:41.8811926+05:30" endTime="2014-06-29T13:09:42.0952048+05:30" testType="13cdc9d9-ddb5-4fa4-a97d-d965ccfc6d4b" outcome="Passed" testListId="8c84fa94-04c1-424b-9868-57a2d4851a1d" relativeResultsDirectory="21d060ed-0722-4db4-9d25-71d369878bb0" resultType="DataDrivenTest">
      <Counters error="0" failed="0" timeout="0" aborted="0" inconclusive="0" passedButRunAborted="0" notRunnable="0" notExecuted="0" disconnected="0" warning="0" passed="4" completed="0" inProgress="0" pending="0" />
      <InnerResults>
        <UnitTestResult executionId="40c949dd-568a-46c9-b489-b0086670b99a" parentExecutionId="21d060ed-0722-4db4-9d25-71d369878bb0" testId="0f33848d-a900-d644-7498-2526887b5425" testName="prepositions_made_with_three_words" computerName="ARPAN-LAP" duration="00:00:00.0355410" startTime="2014-06-29T13:09:41.8881930+05:30" endTime="2014-06-29T13:09:41.9241950+05:30" testType="13cdc9d9-ddb5-4fa4-a97d-d965ccfc6d4b" outcome="Passed" testListId="8c84fa94-04c1-424b-9868-57a2d4851a1d" relativeResultsDirectory="21d060ed-0722-4db4-9d25-71d369878bb0" dataRowInfo="0" resultType="DataDrivenDataRow" />
        <UnitTestResult executionId="7eae2624-8345-4451-b2b0-66dadb1c0f32" parentExecutionId="21d060ed-0722-4db4-9d25-71d369878bb0" testId="0f33848d-a900-d644-7498-2526887b5425" testName="prepositions_made_with_three_words" computerName="ARPAN-LAP" duration="00:00:00.0425072" startTime="2014-06-29T13:09:41.9241950+05:30" endTime="2014-06-29T13:09:41.9661974+05:30" testType="13cdc9d9-ddb5-4fa4-a97d-d965ccfc6d4b" outcome="Passed" testListId="8c84fa94-04c1-424b-9868-57a2d4851a1d" relativeResultsDirectory="21d060ed-0722-4db4-9d25-71d369878bb0" dataRowInfo="1" resultType="DataDrivenDataRow" />
        <UnitTestResult executionId="c63efb1b-f7dc-4ee0-a405-4ded1e84097c" parentExecutionId="21d060ed-0722-4db4-9d25-71d369878bb0" testId="0f33848d-a900-d644-7498-2526887b5425" testName="prepositions_made_with_three_words" computerName="ARPAN-LAP" duration="00:00:00.0590217" startTime="2014-06-29T13:09:41.9661974+05:30" endTime="2014-06-29T13:09:42.0262009+05:30" testType="13cdc9d9-ddb5-4fa4-a97d-d965ccfc6d4b" outcome="Passed" testListId="8c84fa94-04c1-424b-9868-57a2d4851a1d" relativeResultsDirectory="21d060ed-0722-4db4-9d25-71d369878bb0" dataRowInfo="2" resultType="DataDrivenDataRow" />
        <UnitTestResult executionId="6ac84cb9-bbd4-44af-8ff9-c153d411da78" parentExecutionId="21d060ed-0722-4db4-9d25-71d369878bb0" testId="0f33848d-a900-d644-7498-2526887b5425" testName="prepositions_made_with_three_words" computerName="ARPAN-LAP" duration="00:00:00.0542144" startTime="2014-06-29T13:09:42.0262009+05:30" endTime="2014-06-29T13:09:42.0802040+05:30" testType="13cdc9d9-ddb5-4fa4-a97d-d965ccfc6d4b" outcome="Passed" testListId="8c84fa94-04c1-424b-9868-57a2d4851a1d" relativeResultsDirectory="21d060ed-0722-4db4-9d25-71d369878bb0" dataRowInfo="3" resultType="DataDrivenDataRow" />
      </InnerResults>
    </UnitTestResult>
    <UnitTestResult executionId="ada1ad0e-fd46-475d-9c20-874865d4912e" testId="15fe5bf6-5078-81a8-0356-385549390bb7" testName="first_person_tenses_active_negation" computerName="ARPAN-LAP" duration="00:00:00.2821533" startTime="2014-06-29T13:09:42.0992051+05:30" endTime="2014-06-29T13:09:42.4312240+05:30" testType="13cdc9d9-ddb5-4fa4-a97d-d965ccfc6d4b" outcome="Passed" testListId="8c84fa94-04c1-424b-9868-57a2d4851a1d" relativeResultsDirectory="ada1ad0e-fd46-475d-9c20-874865d4912e" resultType="DataDrivenTest">
      <Counters error="0" failed="0" timeout="0" aborted="0" inconclusive="0" passedButRunAborted="0" notRunnable="0" notExecuted="0" disconnected="0" warning="0" passed="10" completed="0" inProgress="0" pending="0" />
      <InnerResults>
        <UnitTestResult executionId="c14dff23-d2c6-4bbb-badd-760854c3f2e3" parentExecutionId="ada1ad0e-fd46-475d-9c20-874865d4912e" testId="15fe5bf6-5078-81a8-0356-385549390bb7" testName="first_person_tenses_active_negation" computerName="ARPAN-LAP" duration="00:00:00.0239180" startTime="2014-06-29T13:09:42.1122058+05:30" endTime="2014-06-29T13:09:42.1362072+05:30" testType="13cdc9d9-ddb5-4fa4-a97d-d965ccfc6d4b" outcome="Passed" testListId="8c84fa94-04c1-424b-9868-57a2d4851a1d" relativeResultsDirectory="ada1ad0e-fd46-475d-9c20-874865d4912e" dataRowInfo="0" resultType="DataDrivenDataRow" />
        <UnitTestResult executionId="3040eeb1-b64e-43b0-8abf-b6a35ac8e776" parentExecutionId="ada1ad0e-fd46-475d-9c20-874865d4912e" testId="15fe5bf6-5078-81a8-0356-385549390bb7" testName="first_person_tenses_active_negation" computerName="ARPAN-LAP" duration="00:00:00.0275581" startTime="2014-06-29T13:09:42.1362072+05:30" endTime="2014-06-29T13:09:42.1632087+05:30" testType="13cdc9d9-ddb5-4fa4-a97d-d965ccfc6d4b" outcome="Passed" testListId="8c84fa94-04c1-424b-9868-57a2d4851a1d" relativeResultsDirectory="ada1ad0e-fd46-475d-9c20-874865d4912e" dataRowInfo="1" resultType="DataDrivenDataRow" />
        <UnitTestResult executionId="64b332e4-1a97-48cd-9d42-2bfef2f0fb58" parentExecutionId="ada1ad0e-fd46-475d-9c20-874865d4912e" testId="15fe5bf6-5078-81a8-0356-385549390bb7" testName="first_person_tenses_active_negation" computerName="ARPAN-LAP" duration="00:00:00.0274010" startTime="2014-06-29T13:09:42.1632087+05:30" endTime="2014-06-29T13:09:42.1912103+05:30" testType="13cdc9d9-ddb5-4fa4-a97d-d965ccfc6d4b" outcome="Passed" testListId="8c84fa94-04c1-424b-9868-57a2d4851a1d" relativeResultsDirectory="ada1ad0e-fd46-475d-9c20-874865d4912e" dataRowInfo="2" resultType="DataDrivenDataRow" />
        <UnitTestResult executionId="6f643125-d57d-47b9-9f0a-afe021e96b1b" parentExecutionId="ada1ad0e-fd46-475d-9c20-874865d4912e" testId="15fe5bf6-5078-81a8-0356-385549390bb7" testName="first_person_tenses_active_negation" computerName="ARPAN-LAP" duration="00:00:00.0312506" startTime="2014-06-29T13:09:42.1912103+05:30" endTime="2014-06-29T13:09:42.2222121+05:30" testType="13cdc9d9-ddb5-4fa4-a97d-d965ccfc6d4b" outcome="Passed" testListId="8c84fa94-04c1-424b-9868-57a2d4851a1d" relativeResultsDirectory="ada1ad0e-fd46-475d-9c20-874865d4912e" dataRowInfo="3" resultType="DataDrivenDataRow" />
        <UnitTestResult executionId="45b754be-dd49-45fc-abdb-f0459690ab29" parentExecutionId="ada1ad0e-fd46-475d-9c20-874865d4912e" testId="15fe5bf6-5078-81a8-0356-385549390bb7" testName="first_person_tenses_active_negation" computerName="ARPAN-LAP" duration="00:00:00.0232512" startTime="2014-06-29T13:09:42.2222121+05:30" endTime="2014-06-29T13:09:42.2452134+05:30" testType="13cdc9d9-ddb5-4fa4-a97d-d965ccfc6d4b" outcome="Passed" testListId="8c84fa94-04c1-424b-9868-57a2d4851a1d" relativeResultsDirectory="ada1ad0e-fd46-475d-9c20-874865d4912e" dataRowInfo="4" resultType="DataDrivenDataRow" />
        <UnitTestResult executionId="6ac2175d-db7c-4c62-be5a-53d08c99388f" parentExecutionId="ada1ad0e-fd46-475d-9c20-874865d4912e" testId="15fe5bf6-5078-81a8-0356-385549390bb7" testName="first_person_tenses_active_negation" computerName="ARPAN-LAP" duration="00:00:00.0240930" startTime="2014-06-29T13:09:42.2452134+05:30" endTime="2014-06-29T13:09:42.2702148+05:30" testType="13cdc9d9-ddb5-4fa4-a97d-d965ccfc6d4b" outcome="Passed" testListId="8c84fa94-04c1-424b-9868-57a2d4851a1d" relativeResultsDirectory="ada1ad0e-fd46-475d-9c20-874865d4912e" dataRowInfo="5" resultType="DataDrivenDataRow" />
        <UnitTestResult executionId="5078d38a-72d3-4a9b-802a-4b9cb861237c" parentExecutionId="ada1ad0e-fd46-475d-9c20-874865d4912e" testId="15fe5bf6-5078-81a8-0356-385549390bb7" testName="first_person_tenses_active_negation" computerName="ARPAN-LAP" duration="00:00:00.0258550" startTime="2014-06-29T13:09:42.2702148+05:30" endTime="2014-06-29T13:09:42.2952163+05:30" testType="13cdc9d9-ddb5-4fa4-a97d-d965ccfc6d4b" outcome="Passed" testListId="8c84fa94-04c1-424b-9868-57a2d4851a1d" relativeResultsDirectory="ada1ad0e-fd46-475d-9c20-874865d4912e" dataRowInfo="6" resultType="DataDrivenDataRow" />
        <UnitTestResult executionId="b361d062-301e-47df-a5ef-47ae4161fde2" parentExecutionId="ada1ad0e-fd46-475d-9c20-874865d4912e" testId="15fe5bf6-5078-81a8-0356-385549390bb7" testName="first_person_tenses_active_negation" computerName="ARPAN-LAP" duration="00:00:00.0308220" startTime="2014-06-29T13:09:42.2962163+05:30" endTime="2014-06-29T13:09:42.3262180+05:30" testType="13cdc9d9-ddb5-4fa4-a97d-d965ccfc6d4b" outcome="Passed" testListId="8c84fa94-04c1-424b-9868-57a2d4851a1d" relativeResultsDirectory="ada1ad0e-fd46-475d-9c20-874865d4912e" dataRowInfo="7" resultType="DataDrivenDataRow" />
        <UnitTestResult executionId="c7d42824-d4ed-472f-a79c-0a2d7cd4e104" parentExecutionId="ada1ad0e-fd46-475d-9c20-874865d4912e" testId="15fe5bf6-5078-81a8-0356-385549390bb7" testName="first_person_tenses_active_negation" computerName="ARPAN-LAP" duration="00:00:00.0252335" startTime="2014-06-29T13:09:42.3262180+05:30" endTime="2014-06-29T13:09:42.3522195+05:30" testType="13cdc9d9-ddb5-4fa4-a97d-d965ccfc6d4b" outcome="Passed" testListId="8c84fa94-04c1-424b-9868-57a2d4851a1d" relativeResultsDirectory="ada1ad0e-fd46-475d-9c20-874865d4912e" dataRowInfo="8" resultType="DataDrivenDataRow" />
        <UnitTestResult executionId="e4664f98-6732-4556-bb88-cbee3ce95f17" parentExecutionId="ada1ad0e-fd46-475d-9c20-874865d4912e" testId="15fe5bf6-5078-81a8-0356-385549390bb7" testName="first_person_tenses_active_negation" computerName="ARPAN-LAP" duration="00:00:00.0405963" startTime="2014-06-29T13:09:42.3522195+05:30" endTime="2014-06-29T13:09:42.3922218+05:30" testType="13cdc9d9-ddb5-4fa4-a97d-d965ccfc6d4b" outcome="Passed" testListId="8c84fa94-04c1-424b-9868-57a2d4851a1d" relativeResultsDirectory="ada1ad0e-fd46-475d-9c20-874865d4912e" dataRowInfo="9" resultType="DataDrivenDataRow" />
      </InnerResults>
    </UnitTestResult>
    <UnitTestResult executionId="c3967e15-fa9b-42d1-b041-315e22fd7d7f" testId="1b04a6d6-5350-792c-8eba-a46a0eb28949" testName="interrogative_sentences_why" computerName="ARPAN-LAP" duration="00:00:00.1271177" startTime="2014-06-29T13:09:42.4332242+05:30" endTime="2014-06-29T13:09:42.5842328+05:30" testType="13cdc9d9-ddb5-4fa4-a97d-d965ccfc6d4b" outcome="Failed" testListId="8c84fa94-04c1-424b-9868-57a2d4851a1d" relativeResultsDirectory="c3967e15-fa9b-42d1-b041-315e22fd7d7f" resultType="DataDrivenTest">
      <Counters error="0" failed="1" timeout="0" aborted="0" inconclusive="0" passedButRunAborted="0" notRunnable="0" notExecuted="0" disconnected="0" warning="0" passed="2" completed="0" inProgress="0" pending="0" />
      <InnerResults>
        <UnitTestResult executionId="506b9435-1006-4274-a009-0186b8d99949" parentExecutionId="c3967e15-fa9b-42d1-b041-315e22fd7d7f" testId="1b04a6d6-5350-792c-8eba-a46a0eb28949" testName="interrogative_sentences_why" computerName="ARPAN-LAP" duration="00:00:00.0584689" startTime="2014-06-29T13:09:42.4522252+05:30" endTime="2014-06-29T13:09:42.5112286+05:30" testType="13cdc9d9-ddb5-4fa4-a97d-d965ccfc6d4b" outcome="Failed" testListId="8c84fa94-04c1-424b-9868-57a2d4851a1d" relativeResultsDirectory="c3967e15-fa9b-42d1-b041-315e22fd7d7f" dataRowInfo="0" resultType="DataDrivenDataRow">
          <Output>
            <ErrorInfo>
              <Message>Assert.AreEqual failed. Expected:&lt;কেন আপনি দেরিতে আজ ?&gt;. Actual:&lt;দেরিতে আজ আপনি কেন ?&gt;. Why are you late today?</Message>
              <StackTrace>   at UnitTest.BnlpTest.interrogative_sentences_why() in D:\software\Project\BNLP\UnitTest\BnlpTest.cs:line 382
</StackTrace>
            </ErrorInfo>
          </Output>
        </UnitTestResult>
        <UnitTestResult executionId="8030ef3a-5dbb-4b63-bb2b-3294622f950a" parentExecutionId="c3967e15-fa9b-42d1-b041-315e22fd7d7f" testId="1b04a6d6-5350-792c-8eba-a46a0eb28949" testName="interrogative_sentences_why" computerName="ARPAN-LAP" duration="00:00:00.0340038" startTime="2014-06-29T13:09:42.5112286+05:30" endTime="2014-06-29T13:09:42.5452306+05:30" testType="13cdc9d9-ddb5-4fa4-a97d-d965ccfc6d4b" outcome="Passed" testListId="8c84fa94-04c1-424b-9868-57a2d4851a1d" relativeResultsDirectory="c3967e15-fa9b-42d1-b041-315e22fd7d7f" dataRowInfo="1" resultType="DataDrivenDataRow" />
        <UnitTestResult executionId="68cc4b5d-0cab-468a-a253-19ef5dd41653" parentExecutionId="c3967e15-fa9b-42d1-b041-315e22fd7d7f" testId="1b04a6d6-5350-792c-8eba-a46a0eb28949" testName="interrogative_sentences_why" computerName="ARPAN-LAP" duration="00:00:00.0265177" startTime="2014-06-29T13:09:42.5452306+05:30" endTime="2014-06-29T13:09:42.5712321+05:30" testType="13cdc9d9-ddb5-4fa4-a97d-d965ccfc6d4b" outcome="Passed" testListId="8c84fa94-04c1-424b-9868-57a2d4851a1d" relativeResultsDirectory="c3967e15-fa9b-42d1-b041-315e22fd7d7f" dataRowInfo="2" resultType="DataDrivenDataRow" />
      </InnerResults>
    </UnitTestResult>
    <UnitTestResult executionId="ddf37df1-3f01-4aee-93d0-7d1bd2058039" testId="1d63c318-78a9-9011-f5c0-0b01884a2881" testName="interrogative_sentences_do" computerName="ARPAN-LAP" duration="00:00:00.2552516" startTime="2014-06-29T13:09:42.5862329+05:30" endTime="2014-06-29T13:09:42.8852500+05:30" testType="13cdc9d9-ddb5-4fa4-a97d-d965ccfc6d4b" outcome="Passed" testListId="8c84fa94-04c1-424b-9868-57a2d4851a1d" relativeResultsDirectory="ddf37df1-3f01-4aee-93d0-7d1bd2058039" resultType="DataDrivenTest">
      <Counters error="0" failed="0" timeout="0" aborted="0" inconclusive="0" passedButRunAborted="0" notRunnable="0" notExecuted="0" disconnected="0" warning="0" passed="9" completed="0" inProgress="0" pending="0" />
      <InnerResults>
        <UnitTestResult executionId="c9218dfc-3e67-4173-8893-2c31fdb16a96" parentExecutionId="ddf37df1-3f01-4aee-93d0-7d1bd2058039" testId="1d63c318-78a9-9011-f5c0-0b01884a2881" testName="interrogative_sentences_do" computerName="ARPAN-LAP" duration="00:00:00.0263488" startTime="2014-06-29T13:09:42.6022338+05:30" endTime="2014-06-29T13:09:42.6282353+05:30" testType="13cdc9d9-ddb5-4fa4-a97d-d965ccfc6d4b" outcome="Passed" testListId="8c84fa94-04c1-424b-9868-57a2d4851a1d" relativeResultsDirectory="ddf37df1-3f01-4aee-93d0-7d1bd2058039" dataRowInfo="0" resultType="DataDrivenDataRow" />
        <UnitTestResult executionId="a8082ff0-d57d-4956-bb47-40530edc4c97" parentExecutionId="ddf37df1-3f01-4aee-93d0-7d1bd2058039" testId="1d63c318-78a9-9011-f5c0-0b01884a2881" testName="interrogative_sentences_do" computerName="ARPAN-LAP" duration="00:00:00.0264063" startTime="2014-06-29T13:09:42.6282353+05:30" endTime="2014-06-29T13:09:42.6542368+05:30" testType="13cdc9d9-ddb5-4fa4-a97d-d965ccfc6d4b" outcome="Passed" testListId="8c84fa94-04c1-424b-9868-57a2d4851a1d" relativeResultsDirectory="ddf37df1-3f01-4aee-93d0-7d1bd2058039" dataRowInfo="1" resultType="DataDrivenDataRow" />
        <UnitTestResult executionId="c37878ca-573f-4875-a75a-08347a561354" parentExecutionId="ddf37df1-3f01-4aee-93d0-7d1bd2058039" testId="1d63c318-78a9-9011-f5c0-0b01884a2881" testName="interrogative_sentences_do" computerName="ARPAN-LAP" duration="00:00:00.0238820" startTime="2014-06-29T13:09:42.6542368+05:30" endTime="2014-06-29T13:09:42.6782382+05:30" testType="13cdc9d9-ddb5-4fa4-a97d-d965ccfc6d4b" outcome="Passed" testListId="8c84fa94-04c1-424b-9868-57a2d4851a1d" relativeResultsDirectory="ddf37df1-3f01-4aee-93d0-7d1bd2058039" dataRowInfo="2" resultType="DataDrivenDataRow" />
        <UnitTestResult executionId="23d3b1df-3601-4fb0-9874-c16f8815ad1e" parentExecutionId="ddf37df1-3f01-4aee-93d0-7d1bd2058039" testId="1d63c318-78a9-9011-f5c0-0b01884a2881" testName="interrogative_sentences_do" computerName="ARPAN-LAP" duration="00:00:00.0218561" startTime="2014-06-29T13:09:42.6782382+05:30" endTime="2014-06-29T13:09:42.7002394+05:30" testType="13cdc9d9-ddb5-4fa4-a97d-d965ccfc6d4b" outcome="Passed" testListId="8c84fa94-04c1-424b-9868-57a2d4851a1d" relativeResultsDirectory="ddf37df1-3f01-4aee-93d0-7d1bd2058039" dataRowInfo="3" resultType="DataDrivenDataRow" />
        <UnitTestResult executionId="f9b78cd1-d7c1-414e-a559-09270dd07129" parentExecutionId="ddf37df1-3f01-4aee-93d0-7d1bd2058039" testId="1d63c318-78a9-9011-f5c0-0b01884a2881" testName="interrogative_sentences_do" computerName="ARPAN-LAP" duration="00:00:00.0305474" startTime="2014-06-29T13:09:42.7002394+05:30" endTime="2014-06-29T13:09:42.7312412+05:30" testType="13cdc9d9-ddb5-4fa4-a97d-d965ccfc6d4b" outcome="Passed" testListId="8c84fa94-04c1-424b-9868-57a2d4851a1d" relativeResultsDirectory="ddf37df1-3f01-4aee-93d0-7d1bd2058039" dataRowInfo="4" resultType="DataDrivenDataRow" />
        <UnitTestResult executionId="20c11e23-5443-4f45-815e-8a90ff05daf1" parentExecutionId="ddf37df1-3f01-4aee-93d0-7d1bd2058039" testId="1d63c318-78a9-9011-f5c0-0b01884a2881" testName="interrogative_sentences_do" computerName="ARPAN-LAP" duration="00:00:00.0409925" startTime="2014-06-29T13:09:42.7312412+05:30" endTime="2014-06-29T13:09:42.7722436+05:30" testType="13cdc9d9-ddb5-4fa4-a97d-d965ccfc6d4b" outcome="Passed" testListId="8c84fa94-04c1-424b-9868-57a2d4851a1d" relativeResultsDirectory="ddf37df1-3f01-4aee-93d0-7d1bd2058039" dataRowInfo="5" resultType="DataDrivenDataRow" />
        <UnitTestResult executionId="9d5110a7-77f6-4c78-b3c2-5a824e168150" parentExecutionId="ddf37df1-3f01-4aee-93d0-7d1bd2058039" testId="1d63c318-78a9-9011-f5c0-0b01884a2881" testName="interrogative_sentences_do" computerName="ARPAN-LAP" duration="00:00:00.0269278" startTime="2014-06-29T13:09:42.7722436+05:30" endTime="2014-06-29T13:09:42.7992451+05:30" testType="13cdc9d9-ddb5-4fa4-a97d-d965ccfc6d4b" outcome="Passed" testListId="8c84fa94-04c1-424b-9868-57a2d4851a1d" relativeResultsDirectory="ddf37df1-3f01-4aee-93d0-7d1bd2058039" dataRowInfo="6" resultType="DataDrivenDataRow" />
        <UnitTestResult executionId="a9330b18-28fb-4345-9869-1ce1296eae91" parentExecutionId="ddf37df1-3f01-4aee-93d0-7d1bd2058039" testId="1d63c318-78a9-9011-f5c0-0b01884a2881" testName="interrogative_sentences_do" computerName="ARPAN-LAP" duration="00:00:00.0259290" startTime="2014-06-29T13:09:42.7992451+05:30" endTime="2014-06-29T13:09:42.8252466+05:30" testType="13cdc9d9-ddb5-4fa4-a97d-d965ccfc6d4b" outcome="Passed" testListId="8c84fa94-04c1-424b-9868-57a2d4851a1d" relativeResultsDirectory="ddf37df1-3f01-4aee-93d0-7d1bd2058039" dataRowInfo="7" resultType="DataDrivenDataRow" />
        <UnitTestResult executionId="33a6ee9f-b45b-4b63-abce-20205aa80104" parentExecutionId="ddf37df1-3f01-4aee-93d0-7d1bd2058039" testId="1d63c318-78a9-9011-f5c0-0b01884a2881" testName="interrogative_sentences_do" computerName="ARPAN-LAP" duration="00:00:00.0300762" startTime="2014-06-29T13:09:42.8252466+05:30" endTime="2014-06-29T13:09:42.8552483+05:30" testType="13cdc9d9-ddb5-4fa4-a97d-d965ccfc6d4b" outcome="Passed" testListId="8c84fa94-04c1-424b-9868-57a2d4851a1d" relativeResultsDirectory="ddf37df1-3f01-4aee-93d0-7d1bd2058039" dataRowInfo="8" resultType="DataDrivenDataRow" />
      </InnerResults>
    </UnitTestResult>
    <UnitTestResult executionId="b002ca92-19b3-4677-9ccc-6f5606bf9249" testId="227f20ae-8e76-eb71-39b2-4ada3ce6aba8" testName="interrogative_sentences_how" computerName="ARPAN-LAP" duration="00:00:00.5744520" startTime="2014-06-29T13:09:42.8892502+05:30" endTime="2014-06-29T13:09:43.5212864+05:30" testType="13cdc9d9-ddb5-4fa4-a97d-d965ccfc6d4b" outcome="Failed" testListId="8c84fa94-04c1-424b-9868-57a2d4851a1d" relativeResultsDirectory="b002ca92-19b3-4677-9ccc-6f5606bf9249" resultType="DataDrivenTest">
      <Counters error="0" failed="3" timeout="0" aborted="0" inconclusive="0" passedButRunAborted="0" notRunnable="0" notExecuted="0" disconnected="0" warning="0" passed="15" completed="0" inProgress="0" pending="0" />
      <InnerResults>
        <UnitTestResult executionId="668340cd-8993-48ee-a96b-411a4980a2e2" parentExecutionId="b002ca92-19b3-4677-9ccc-6f5606bf9249" testId="227f20ae-8e76-eb71-39b2-4ada3ce6aba8" testName="interrogative_sentences_how" computerName="ARPAN-LAP" duration="00:00:00.0218633" startTime="2014-06-29T13:09:42.8962506+05:30" endTime="2014-06-29T13:09:42.9182519+05:30" testType="13cdc9d9-ddb5-4fa4-a97d-d965ccfc6d4b" outcome="Passed" testListId="8c84fa94-04c1-424b-9868-57a2d4851a1d" relativeResultsDirectory="b002ca92-19b3-4677-9ccc-6f5606bf9249" dataRowInfo="0" resultType="DataDrivenDataRow" />
        <UnitTestResult executionId="2703b3db-5ff1-4890-ac77-560392117fdb" parentExecutionId="b002ca92-19b3-4677-9ccc-6f5606bf9249" testId="227f20ae-8e76-eb71-39b2-4ada3ce6aba8" testName="interrogative_sentences_how" computerName="ARPAN-LAP" duration="00:00:00.0216708" startTime="2014-06-29T13:09:42.9182519+05:30" endTime="2014-06-29T13:09:42.9402532+05:30" testType="13cdc9d9-ddb5-4fa4-a97d-d965ccfc6d4b" outcome="Failed" testListId="8c84fa94-04c1-424b-9868-57a2d4851a1d" relativeResultsDirectory="b002ca92-19b3-4677-9ccc-6f5606bf9249" dataRowInfo="1" resultType="DataDrivenDataRow">
          <Output>
            <ErrorInfo>
              <Message>Assert.AreEqual failed. Expected:&lt;আপনি কেমন ছিলেন ?&gt;. Actual:&lt;আপনি ছিলেন কেমন ?&gt;. How were you?</Message>
              <StackTrace>   at UnitTest.BnlpTest.interrogative_sentences_how() in D:\software\Project\BNLP\UnitTest\BnlpTest.cs:line 274
</StackTrace>
            </ErrorInfo>
          </Output>
        </UnitTestResult>
        <UnitTestResult executionId="bf5d6df9-0f16-4695-8ac7-52023d8d180a" parentExecutionId="b002ca92-19b3-4677-9ccc-6f5606bf9249" testId="227f20ae-8e76-eb71-39b2-4ada3ce6aba8" testName="interrogative_sentences_how" computerName="ARPAN-LAP" duration="00:00:00.0282089" startTime="2014-06-29T13:09:42.9402532+05:30" endTime="2014-06-29T13:09:42.9682548+05:30" testType="13cdc9d9-ddb5-4fa4-a97d-d965ccfc6d4b" outcome="Failed" testListId="8c84fa94-04c1-424b-9868-57a2d4851a1d" relativeResultsDirectory="b002ca92-19b3-4677-9ccc-6f5606bf9249" dataRowInfo="2" resultType="DataDrivenDataRow">
          <Output>
            <ErrorInfo>
              <Message>Assert.AreEqual failed. Expected:&lt;এই মেশিন কাজটি কিভাবে করে ?&gt;. Actual:&lt;এই মেশিনটি করে কিভাবে কাজ ?&gt;. How does this machine work?</Message>
              <StackTrace>   at UnitTest.BnlpTest.interrogative_sentences_how() in D:\software\Project\BNLP\UnitTest\BnlpTest.cs:line 274
</StackTrace>
            </ErrorInfo>
          </Output>
        </UnitTestResult>
        <UnitTestResult executionId="11451a08-b403-4ab9-9c9b-0da24b8135da" parentExecutionId="b002ca92-19b3-4677-9ccc-6f5606bf9249" testId="227f20ae-8e76-eb71-39b2-4ada3ce6aba8" testName="interrogative_sentences_how" computerName="ARPAN-LAP" duration="00:00:00.0376239" startTime="2014-06-29T13:09:42.9682548+05:30" endTime="2014-06-29T13:09:43.0062569+05:30" testType="13cdc9d9-ddb5-4fa4-a97d-d965ccfc6d4b" outcome="Passed" testListId="8c84fa94-04c1-424b-9868-57a2d4851a1d" relativeResultsDirectory="b002ca92-19b3-4677-9ccc-6f5606bf9249" dataRowInfo="3" resultType="DataDrivenDataRow" />
        <UnitTestResult executionId="54a1e7fc-ac09-44b2-a55f-4d403109bac9" parentExecutionId="b002ca92-19b3-4677-9ccc-6f5606bf9249" testId="227f20ae-8e76-eb71-39b2-4ada3ce6aba8" testName="interrogative_sentences_how" computerName="ARPAN-LAP" duration="00:00:00.0352777" startTime="2014-06-29T13:09:43.0062569+05:30" endTime="2014-06-29T13:09:43.0412589+05:30" testType="13cdc9d9-ddb5-4fa4-a97d-d965ccfc6d4b" outcome="Passed" testListId="8c84fa94-04c1-424b-9868-57a2d4851a1d" relativeResultsDirectory="b002ca92-19b3-4677-9ccc-6f5606bf9249" dataRowInfo="4" resultType="DataDrivenDataRow" />
        <UnitTestResult executionId="0d04ef67-aee9-4ed6-8a9a-51965e293371" parentExecutionId="b002ca92-19b3-4677-9ccc-6f5606bf9249" testId="227f20ae-8e76-eb71-39b2-4ada3ce6aba8" testName="interrogative_sentences_how" computerName="ARPAN-LAP" duration="00:00:00.0261461" startTime="2014-06-29T13:09:43.0412589+05:30" endTime="2014-06-29T13:09:43.0672604+05:30" testType="13cdc9d9-ddb5-4fa4-a97d-d965ccfc6d4b" outcome="Passed" testListId="8c84fa94-04c1-424b-9868-57a2d4851a1d" relativeResultsDirectory="b002ca92-19b3-4677-9ccc-6f5606bf9249" dataRowInfo="5" resultType="DataDrivenDataRow" />
        <UnitTestResult executionId="5514e162-216f-4014-a87f-7d7b2e74bddf" parentExecutionId="b002ca92-19b3-4677-9ccc-6f5606bf9249" testId="227f20ae-8e76-eb71-39b2-4ada3ce6aba8" testName="interrogative_sentences_how" computerName="ARPAN-LAP" duration="00:00:00.0386407" startTime="2014-06-29T13:09:43.0672604+05:30" endTime="2014-06-29T13:09:43.1062627+05:30" testType="13cdc9d9-ddb5-4fa4-a97d-d965ccfc6d4b" outcome="Passed" testListId="8c84fa94-04c1-424b-9868-57a2d4851a1d" relativeResultsDirectory="b002ca92-19b3-4677-9ccc-6f5606bf9249" dataRowInfo="6" resultType="DataDrivenDataRow" />
        <UnitTestResult executionId="b7a318d9-a86b-48fb-b66a-1630144a30ea" parentExecutionId="b002ca92-19b3-4677-9ccc-6f5606bf9249" testId="227f20ae-8e76-eb71-39b2-4ada3ce6aba8" testName="interrogative_sentences_how" computerName="ARPAN-LAP" duration="00:00:00.0279246" startTime="2014-06-29T13:09:43.1062627+05:30" endTime="2014-06-29T13:09:43.1342643+05:30" testType="13cdc9d9-ddb5-4fa4-a97d-d965ccfc6d4b" outcome="Passed" testListId="8c84fa94-04c1-424b-9868-57a2d4851a1d" relativeResultsDirectory="b002ca92-19b3-4677-9ccc-6f5606bf9249" dataRowInfo="7" resultType="DataDrivenDataRow" />
        <UnitTestResult executionId="e5750f3d-c029-4b19-8947-aa0e9f19b1d8" parentExecutionId="b002ca92-19b3-4677-9ccc-6f5606bf9249" testId="227f20ae-8e76-eb71-39b2-4ada3ce6aba8" testName="interrogative_sentences_how" computerName="ARPAN-LAP" duration="00:00:00.0341444" startTime="2014-06-29T13:09:43.1342643+05:30" endTime="2014-06-29T13:09:43.1682662+05:30" testType="13cdc9d9-ddb5-4fa4-a97d-d965ccfc6d4b" outcome="Passed" testListId="8c84fa94-04c1-424b-9868-57a2d4851a1d" relativeResultsDirectory="b002ca92-19b3-4677-9ccc-6f5606bf9249" dataRowInfo="8" resultType="DataDrivenDataRow" />
        <UnitTestResult executionId="ed501ccd-33a7-4f08-9578-b48762976588" parentExecutionId="b002ca92-19b3-4677-9ccc-6f5606bf9249" testId="227f20ae-8e76-eb71-39b2-4ada3ce6aba8" testName="interrogative_sentences_how" computerName="ARPAN-LAP" duration="00:00:00.0407826" startTime="2014-06-29T13:09:43.1682662+05:30" endTime="2014-06-29T13:09:43.2092685+05:30" testType="13cdc9d9-ddb5-4fa4-a97d-d965ccfc6d4b" outcome="Passed" testListId="8c84fa94-04c1-424b-9868-57a2d4851a1d" relativeResultsDirectory="b002ca92-19b3-4677-9ccc-6f5606bf9249" dataRowInfo="9" resultType="DataDrivenDataRow" />
        <UnitTestResult executionId="11e3614e-68ba-41a2-94fd-deefcc440360" parentExecutionId="b002ca92-19b3-4677-9ccc-6f5606bf9249" testId="227f20ae-8e76-eb71-39b2-4ada3ce6aba8" testName="interrogative_sentences_how" computerName="ARPAN-LAP" duration="00:00:00.0407754" startTime="2014-06-29T13:09:43.2092685+05:30" endTime="2014-06-29T13:09:43.2502709+05:30" testType="13cdc9d9-ddb5-4fa4-a97d-d965ccfc6d4b" outcome="Passed" testListId="8c84fa94-04c1-424b-9868-57a2d4851a1d" relativeResultsDirectory="b002ca92-19b3-4677-9ccc-6f5606bf9249" dataRowInfo="10" resultType="DataDrivenDataRow" />
        <UnitTestResult executionId="1543ac73-c4ea-48fd-ab96-b21b70a3e0d4" parentExecutionId="b002ca92-19b3-4677-9ccc-6f5606bf9249" testId="227f20ae-8e76-eb71-39b2-4ada3ce6aba8" testName="interrogative_sentences_how" computerName="ARPAN-LAP" duration="00:00:00.0258776" startTime="2014-06-29T13:09:43.2502709+05:30" endTime="2014-06-29T13:09:43.2762724+05:30" testType="13cdc9d9-ddb5-4fa4-a97d-d965ccfc6d4b" outcome="Passed" testListId="8c84fa94-04c1-424b-9868-57a2d4851a1d" relativeResultsDirectory="b002ca92-19b3-4677-9ccc-6f5606bf9249" dataRowInfo="11" resultType="DataDrivenDataRow" />
        <UnitTestResult executionId="d9ae1b24-42b5-401d-b3b4-5fb25a5c11d9" parentExecutionId="b002ca92-19b3-4677-9ccc-6f5606bf9249" testId="227f20ae-8e76-eb71-39b2-4ada3ce6aba8" testName="interrogative_sentences_how" computerName="ARPAN-LAP" duration="00:00:00.0235925" startTime="2014-06-29T13:09:43.2762724+05:30" endTime="2014-06-29T13:09:43.2992737+05:30" testType="13cdc9d9-ddb5-4fa4-a97d-d965ccfc6d4b" outcome="Passed" testListId="8c84fa94-04c1-424b-9868-57a2d4851a1d" relativeResultsDirectory="b002ca92-19b3-4677-9ccc-6f5606bf9249" dataRowInfo="12" resultType="DataDrivenDataRow" />
        <UnitTestResult executionId="df9d50ae-37f1-4fb4-b3c4-636dc35e9687" parentExecutionId="b002ca92-19b3-4677-9ccc-6f5606bf9249" testId="227f20ae-8e76-eb71-39b2-4ada3ce6aba8" testName="interrogative_sentences_how" computerName="ARPAN-LAP" duration="00:00:00.0333740" startTime="2014-06-29T13:09:43.2992737+05:30" endTime="2014-06-29T13:09:43.3332756+05:30" testType="13cdc9d9-ddb5-4fa4-a97d-d965ccfc6d4b" outcome="Passed" testListId="8c84fa94-04c1-424b-9868-57a2d4851a1d" relativeResultsDirectory="b002ca92-19b3-4677-9ccc-6f5606bf9249" dataRowInfo="13" resultType="DataDrivenDataRow" />
        <UnitTestResult executionId="7fee0e84-71f4-44ee-9458-b7f6c7ae01b3" parentExecutionId="b002ca92-19b3-4677-9ccc-6f5606bf9249" testId="227f20ae-8e76-eb71-39b2-4ada3ce6aba8" testName="interrogative_sentences_how" computerName="ARPAN-LAP" duration="00:00:00.0319789" startTime="2014-06-29T13:09:43.3332756+05:30" endTime="2014-06-29T13:09:43.3652775+05:30" testType="13cdc9d9-ddb5-4fa4-a97d-d965ccfc6d4b" outcome="Passed" testListId="8c84fa94-04c1-424b-9868-57a2d4851a1d" relativeResultsDirectory="b002ca92-19b3-4677-9ccc-6f5606bf9249" dataRowInfo="14" resultType="DataDrivenDataRow" />
        <UnitTestResult executionId="3e303ace-ed12-485c-9ae5-a291aa1dc38e" parentExecutionId="b002ca92-19b3-4677-9ccc-6f5606bf9249" testId="227f20ae-8e76-eb71-39b2-4ada3ce6aba8" testName="interrogative_sentences_how" computerName="ARPAN-LAP" duration="00:00:00.0338431" startTime="2014-06-29T13:09:43.3652775+05:30" endTime="2014-06-29T13:09:43.3992794+05:30" testType="13cdc9d9-ddb5-4fa4-a97d-d965ccfc6d4b" outcome="Failed" testListId="8c84fa94-04c1-424b-9868-57a2d4851a1d" relativeResultsDirectory="b002ca92-19b3-4677-9ccc-6f5606bf9249" dataRowInfo="15" resultType="DataDrivenDataRow">
          <Output>
            <ErrorInfo>
              <Message>Assert.AreEqual failed. Expected:&lt;একটি ভাল ছাত্র হতে হয় কিভাবে ?&gt;. Actual:&lt;হয় কিভাবে একটি ভাল ছাত্র ?&gt;. How to be a good student?</Message>
              <StackTrace>   at UnitTest.BnlpTest.interrogative_sentences_how() in D:\software\Project\BNLP\UnitTest\BnlpTest.cs:line 274
</StackTrace>
            </ErrorInfo>
          </Output>
        </UnitTestResult>
        <UnitTestResult executionId="1f17c633-bb86-4022-9279-6b31293f9694" parentExecutionId="b002ca92-19b3-4677-9ccc-6f5606bf9249" testId="227f20ae-8e76-eb71-39b2-4ada3ce6aba8" testName="interrogative_sentences_how" computerName="ARPAN-LAP" duration="00:00:00.0298622" startTime="2014-06-29T13:09:43.3992794+05:30" endTime="2014-06-29T13:09:43.4292811+05:30" testType="13cdc9d9-ddb5-4fa4-a97d-d965ccfc6d4b" outcome="Passed" testListId="8c84fa94-04c1-424b-9868-57a2d4851a1d" relativeResultsDirectory="b002ca92-19b3-4677-9ccc-6f5606bf9249" dataRowInfo="16" resultType="DataDrivenDataRow" />
        <UnitTestResult executionId="a4e8e66a-bb89-48ab-8289-eff085850d2d" parentExecutionId="b002ca92-19b3-4677-9ccc-6f5606bf9249" testId="227f20ae-8e76-eb71-39b2-4ada3ce6aba8" testName="interrogative_sentences_how" computerName="ARPAN-LAP" duration="00:00:00.0379888" startTime="2014-06-29T13:09:43.4292811+05:30" endTime="2014-06-29T13:09:43.4672833+05:30" testType="13cdc9d9-ddb5-4fa4-a97d-d965ccfc6d4b" outcome="Passed" testListId="8c84fa94-04c1-424b-9868-57a2d4851a1d" relativeResultsDirectory="b002ca92-19b3-4677-9ccc-6f5606bf9249" dataRowInfo="17" resultType="DataDrivenDataRow" />
      </InnerResults>
    </UnitTestResult>
    <UnitTestResult executionId="0d92a1f8-7a77-427c-a518-3c9fd54417b4" testId="30ab3285-6a8c-14d2-9725-bd60892ccd90" testName="second_person_tenses_active" computerName="ARPAN-LAP" duration="00:00:00.2088466" startTime="2014-06-29T13:09:43.5302869+05:30" endTime="2014-06-29T13:09:43.7733008+05:30" testType="13cdc9d9-ddb5-4fa4-a97d-d965ccfc6d4b" outcome="Passed" testListId="8c84fa94-04c1-424b-9868-57a2d4851a1d" relativeResultsDirectory="0d92a1f8-7a77-427c-a518-3c9fd54417b4" resultType="DataDrivenTest">
      <Counters error="0" failed="0" timeout="0" aborted="0" inconclusive="0" passedButRunAborted="0" notRunnable="0" notExecuted="0" disconnected="0" warning="0" passed="10" completed="0" inProgress="0" pending="0" />
      <InnerResults>
        <UnitTestResult executionId="74349e41-cf8b-41bc-a51c-963ce171e052" parentExecutionId="0d92a1f8-7a77-427c-a518-3c9fd54417b4" testId="30ab3285-6a8c-14d2-9725-bd60892ccd90" testName="second_person_tenses_active" computerName="ARPAN-LAP" duration="00:00:00.0195628" startTime="2014-06-29T13:09:43.5372873+05:30" endTime="2014-06-29T13:09:43.5572885+05:30" testType="13cdc9d9-ddb5-4fa4-a97d-d965ccfc6d4b" outcome="Passed" testListId="8c84fa94-04c1-424b-9868-57a2d4851a1d" relativeResultsDirectory="0d92a1f8-7a77-427c-a518-3c9fd54417b4" dataRowInfo="0" resultType="DataDrivenDataRow" />
        <UnitTestResult executionId="5e8417c0-b286-48cc-b475-71a9ef26533a" parentExecutionId="0d92a1f8-7a77-427c-a518-3c9fd54417b4" testId="30ab3285-6a8c-14d2-9725-bd60892ccd90" testName="second_person_tenses_active" computerName="ARPAN-LAP" duration="00:00:00.0193488" startTime="2014-06-29T13:09:43.5572885+05:30" endTime="2014-06-29T13:09:43.5762895+05:30" testType="13cdc9d9-ddb5-4fa4-a97d-d965ccfc6d4b" outcome="Passed" testListId="8c84fa94-04c1-424b-9868-57a2d4851a1d" relativeResultsDirectory="0d92a1f8-7a77-427c-a518-3c9fd54417b4" dataRowInfo="1" resultType="DataDrivenDataRow" />
        <UnitTestResult executionId="a292f26e-d73b-4c5f-b9fe-1e48ec7f39e9" parentExecutionId="0d92a1f8-7a77-427c-a518-3c9fd54417b4" testId="30ab3285-6a8c-14d2-9725-bd60892ccd90" testName="second_person_tenses_active" computerName="ARPAN-LAP" duration="00:00:00.0196424" startTime="2014-06-29T13:09:43.5762895+05:30" endTime="2014-06-29T13:09:43.5962907+05:30" testType="13cdc9d9-ddb5-4fa4-a97d-d965ccfc6d4b" outcome="Passed" testListId="8c84fa94-04c1-424b-9868-57a2d4851a1d" relativeResultsDirectory="0d92a1f8-7a77-427c-a518-3c9fd54417b4" dataRowInfo="2" resultType="DataDrivenDataRow" />
        <UnitTestResult executionId="f5fcfe1a-fd8b-4698-8adf-24fe9d1c2aef" parentExecutionId="0d92a1f8-7a77-427c-a518-3c9fd54417b4" testId="30ab3285-6a8c-14d2-9725-bd60892ccd90" testName="second_person_tenses_active" computerName="ARPAN-LAP" duration="00:00:00.0263663" startTime="2014-06-29T13:09:43.5962907+05:30" endTime="2014-06-29T13:09:43.6222922+05:30" testType="13cdc9d9-ddb5-4fa4-a97d-d965ccfc6d4b" outcome="Passed" testListId="8c84fa94-04c1-424b-9868-57a2d4851a1d" relativeResultsDirectory="0d92a1f8-7a77-427c-a518-3c9fd54417b4" dataRowInfo="3" resultType="DataDrivenDataRow" />
        <UnitTestResult executionId="907fcffa-8b94-4611-9ac0-43b5c6ed8c92" parentExecutionId="0d92a1f8-7a77-427c-a518-3c9fd54417b4" testId="30ab3285-6a8c-14d2-9725-bd60892ccd90" testName="second_person_tenses_active" computerName="ARPAN-LAP" duration="00:00:00.0153022" startTime="2014-06-29T13:09:43.6222922+05:30" endTime="2014-06-29T13:09:43.6382931+05:30" testType="13cdc9d9-ddb5-4fa4-a97d-d965ccfc6d4b" outcome="Passed" testListId="8c84fa94-04c1-424b-9868-57a2d4851a1d" relativeResultsDirectory="0d92a1f8-7a77-427c-a518-3c9fd54417b4" dataRowInfo="4" resultType="DataDrivenDataRow" />
        <UnitTestResult executionId="5cb255f4-20c7-48f4-91db-e70f6d43744c" parentExecutionId="0d92a1f8-7a77-427c-a518-3c9fd54417b4" testId="30ab3285-6a8c-14d2-9725-bd60892ccd90" testName="second_person_tenses_active" computerName="ARPAN-LAP" duration="00:00:00.0180749" startTime="2014-06-29T13:09:43.6382931+05:30" endTime="2014-06-29T13:09:43.6562941+05:30" testType="13cdc9d9-ddb5-4fa4-a97d-d965ccfc6d4b" outcome="Passed" testListId="8c84fa94-04c1-424b-9868-57a2d4851a1d" relativeResultsDirectory="0d92a1f8-7a77-427c-a518-3c9fd54417b4" dataRowInfo="5" resultType="DataDrivenDataRow" />
        <UnitTestResult executionId="263b33c9-a431-47c2-be0e-96a1a132a4fa" parentExecutionId="0d92a1f8-7a77-427c-a518-3c9fd54417b4" testId="30ab3285-6a8c-14d2-9725-bd60892ccd90" testName="second_person_tenses_active" computerName="ARPAN-LAP" duration="00:00:00.0196450" startTime="2014-06-29T13:09:43.6562941+05:30" endTime="2014-06-29T13:09:43.6752952+05:30" testType="13cdc9d9-ddb5-4fa4-a97d-d965ccfc6d4b" outcome="Passed" testListId="8c84fa94-04c1-424b-9868-57a2d4851a1d" relativeResultsDirectory="0d92a1f8-7a77-427c-a518-3c9fd54417b4" dataRowInfo="6" resultType="DataDrivenDataRow" />
        <UnitTestResult executionId="89a4e01a-3194-4188-a2e1-12da5d1d1ba4" parentExecutionId="0d92a1f8-7a77-427c-a518-3c9fd54417b4" testId="30ab3285-6a8c-14d2-9725-bd60892ccd90" testName="second_person_tenses_active" computerName="ARPAN-LAP" duration="00:00:00.0240447" startTime="2014-06-29T13:09:43.6752952+05:30" endTime="2014-06-29T13:09:43.7002966+05:30" testType="13cdc9d9-ddb5-4fa4-a97d-d965ccfc6d4b" outcome="Passed" testListId="8c84fa94-04c1-424b-9868-57a2d4851a1d" relativeResultsDirectory="0d92a1f8-7a77-427c-a518-3c9fd54417b4" dataRowInfo="7" resultType="DataDrivenDataRow" />
        <UnitTestResult executionId="5aaddd86-1c52-4b3a-b76e-c8fa09d39898" parentExecutionId="0d92a1f8-7a77-427c-a518-3c9fd54417b4" testId="30ab3285-6a8c-14d2-9725-bd60892ccd90" testName="second_person_tenses_active" computerName="ARPAN-LAP" duration="00:00:00.0205740" startTime="2014-06-29T13:09:43.7002966+05:30" endTime="2014-06-29T13:09:43.7202978+05:30" testType="13cdc9d9-ddb5-4fa4-a97d-d965ccfc6d4b" outcome="Passed" testListId="8c84fa94-04c1-424b-9868-57a2d4851a1d" relativeResultsDirectory="0d92a1f8-7a77-427c-a518-3c9fd54417b4" dataRowInfo="8" resultType="DataDrivenDataRow" />
        <UnitTestResult executionId="bfcc4112-97fc-43ea-87d5-95b297ba2d3e" parentExecutionId="0d92a1f8-7a77-427c-a518-3c9fd54417b4" testId="30ab3285-6a8c-14d2-9725-bd60892ccd90" testName="second_person_tenses_active" computerName="ARPAN-LAP" duration="00:00:00.0219419" startTime="2014-06-29T13:09:43.7202978+05:30" endTime="2014-06-29T13:09:43.7422990+05:30" testType="13cdc9d9-ddb5-4fa4-a97d-d965ccfc6d4b" outcome="Passed" testListId="8c84fa94-04c1-424b-9868-57a2d4851a1d" relativeResultsDirectory="0d92a1f8-7a77-427c-a518-3c9fd54417b4" dataRowInfo="9" resultType="DataDrivenDataRow" />
      </InnerResults>
    </UnitTestResult>
    <UnitTestResult executionId="ca230ad6-aae1-4b5d-8e4b-39d096e0a35a" testId="32b5d279-0d23-e5ad-0301-234c8788f740" testName="interrogative_sentences_who" computerName="ARPAN-LAP" duration="00:00:00.1113740" startTime="2014-06-29T13:09:43.7863016+05:30" endTime="2014-06-29T13:09:43.9183091+05:30" testType="13cdc9d9-ddb5-4fa4-a97d-d965ccfc6d4b" outcome="Passed" testListId="8c84fa94-04c1-424b-9868-57a2d4851a1d" relativeResultsDirectory="ca230ad6-aae1-4b5d-8e4b-39d096e0a35a" resultType="DataDrivenTest">
      <Counters error="0" failed="0" timeout="0" aborted="0" inconclusive="0" passedButRunAborted="0" notRunnable="0" notExecuted="0" disconnected="0" warning="0" passed="4" completed="0" inProgress="0" pending="0" />
      <InnerResults>
        <UnitTestResult executionId="04371e9a-1003-4c8d-9062-5f0fba566ce1" parentExecutionId="ca230ad6-aae1-4b5d-8e4b-39d096e0a35a" testId="32b5d279-0d23-e5ad-0301-234c8788f740" testName="interrogative_sentences_who" computerName="ARPAN-LAP" duration="00:00:00.0278337" startTime="2014-06-29T13:09:43.7943020+05:30" endTime="2014-06-29T13:09:43.8223036+05:30" testType="13cdc9d9-ddb5-4fa4-a97d-d965ccfc6d4b" outcome="Passed" testListId="8c84fa94-04c1-424b-9868-57a2d4851a1d" relativeResultsDirectory="ca230ad6-aae1-4b5d-8e4b-39d096e0a35a" dataRowInfo="0" resultType="DataDrivenDataRow" />
        <UnitTestResult executionId="acba76bd-f87b-462f-9ac4-e3c4aba59d91" parentExecutionId="ca230ad6-aae1-4b5d-8e4b-39d096e0a35a" testId="32b5d279-0d23-e5ad-0301-234c8788f740" testName="interrogative_sentences_who" computerName="ARPAN-LAP" duration="00:00:00.0245185" startTime="2014-06-29T13:09:43.8223036+05:30" endTime="2014-06-29T13:09:43.8473050+05:30" testType="13cdc9d9-ddb5-4fa4-a97d-d965ccfc6d4b" outcome="Passed" testListId="8c84fa94-04c1-424b-9868-57a2d4851a1d" relativeResultsDirectory="ca230ad6-aae1-4b5d-8e4b-39d096e0a35a" dataRowInfo="1" resultType="DataDrivenDataRow" />
        <UnitTestResult executionId="1b513337-b91a-4524-b51e-90e11909709e" parentExecutionId="ca230ad6-aae1-4b5d-8e4b-39d096e0a35a" testId="32b5d279-0d23-e5ad-0301-234c8788f740" testName="interrogative_sentences_who" computerName="ARPAN-LAP" duration="00:00:00.0260183" startTime="2014-06-29T13:09:43.8473050+05:30" endTime="2014-06-29T13:09:43.8733065+05:30" testType="13cdc9d9-ddb5-4fa4-a97d-d965ccfc6d4b" outcome="Passed" testListId="8c84fa94-04c1-424b-9868-57a2d4851a1d" relativeResultsDirectory="ca230ad6-aae1-4b5d-8e4b-39d096e0a35a" dataRowInfo="2" resultType="DataDrivenDataRow" />
        <UnitTestResult executionId="6482976d-da72-46c8-b3b5-e4f2d356427e" parentExecutionId="ca230ad6-aae1-4b5d-8e4b-39d096e0a35a" testId="32b5d279-0d23-e5ad-0301-234c8788f740" testName="interrogative_sentences_who" computerName="ARPAN-LAP" duration="00:00:00.0308179" startTime="2014-06-29T13:09:43.8733065+05:30" endTime="2014-06-29T13:09:43.9033082+05:30" testType="13cdc9d9-ddb5-4fa4-a97d-d965ccfc6d4b" outcome="Passed" testListId="8c84fa94-04c1-424b-9868-57a2d4851a1d" relativeResultsDirectory="ca230ad6-aae1-4b5d-8e4b-39d096e0a35a" dataRowInfo="3" resultType="DataDrivenDataRow" />
      </InnerResults>
    </UnitTestResult>
    <UnitTestResult executionId="6cc25254-53af-4f3e-ab99-b30954aabd5a" testId="39dcb97e-c73f-c645-a77c-64d9eba0a3a3" testName="interrogative_sentences_aux" computerName="ARPAN-LAP" duration="00:00:00.4563551" startTime="2014-06-29T13:09:43.9203092+05:30" endTime="2014-06-29T13:09:44.4403390+05:30" testType="13cdc9d9-ddb5-4fa4-a97d-d965ccfc6d4b" outcome="Passed" testListId="8c84fa94-04c1-424b-9868-57a2d4851a1d" relativeResultsDirectory="6cc25254-53af-4f3e-ab99-b30954aabd5a" resultType="DataDrivenTest">
      <Counters error="0" failed="0" timeout="0" aborted="0" inconclusive="0" passedButRunAborted="0" notRunnable="0" notExecuted="0" disconnected="0" warning="0" passed="20" completed="0" inProgress="0" pending="0" />
      <InnerResults>
        <UnitTestResult executionId="bc38a2da-0972-40cb-82b6-adc6785375ad" parentExecutionId="6cc25254-53af-4f3e-ab99-b30954aabd5a" testId="39dcb97e-c73f-c645-a77c-64d9eba0a3a3" testName="interrogative_sentences_aux" computerName="ARPAN-LAP" duration="00:00:00.0203389" startTime="2014-06-29T13:09:43.9283097+05:30" endTime="2014-06-29T13:09:43.9483108+05:30" testType="13cdc9d9-ddb5-4fa4-a97d-d965ccfc6d4b" outcome="Passed" testListId="8c84fa94-04c1-424b-9868-57a2d4851a1d" relativeResultsDirectory="6cc25254-53af-4f3e-ab99-b30954aabd5a" dataRowInfo="0" resultType="DataDrivenDataRow" />
        <UnitTestResult executionId="3c2ed042-043f-4b1a-82c2-8f3b5a4600c6" parentExecutionId="6cc25254-53af-4f3e-ab99-b30954aabd5a" testId="39dcb97e-c73f-c645-a77c-64d9eba0a3a3" testName="interrogative_sentences_aux" computerName="ARPAN-LAP" duration="00:00:00.0212094" startTime="2014-06-29T13:09:43.9483108+05:30" endTime="2014-06-29T13:09:43.9693120+05:30" testType="13cdc9d9-ddb5-4fa4-a97d-d965ccfc6d4b" outcome="Passed" testListId="8c84fa94-04c1-424b-9868-57a2d4851a1d" relativeResultsDirectory="6cc25254-53af-4f3e-ab99-b30954aabd5a" dataRowInfo="1" resultType="DataDrivenDataRow" />
        <UnitTestResult executionId="a8584e98-b0f0-4152-96b3-6b85cb0ebe5f" parentExecutionId="6cc25254-53af-4f3e-ab99-b30954aabd5a" testId="39dcb97e-c73f-c645-a77c-64d9eba0a3a3" testName="interrogative_sentences_aux" computerName="ARPAN-LAP" duration="00:00:00.0199401" startTime="2014-06-29T13:09:43.9693120+05:30" endTime="2014-06-29T13:09:43.9893132+05:30" testType="13cdc9d9-ddb5-4fa4-a97d-d965ccfc6d4b" outcome="Passed" testListId="8c84fa94-04c1-424b-9868-57a2d4851a1d" relativeResultsDirectory="6cc25254-53af-4f3e-ab99-b30954aabd5a" dataRowInfo="2" resultType="DataDrivenDataRow" />
        <UnitTestResult executionId="030b57b1-ea0e-4e28-a170-6dc0bb3d064b" parentExecutionId="6cc25254-53af-4f3e-ab99-b30954aabd5a" testId="39dcb97e-c73f-c645-a77c-64d9eba0a3a3" testName="interrogative_sentences_aux" computerName="ARPAN-LAP" duration="00:00:00.0251503" startTime="2014-06-29T13:09:43.9893132+05:30" endTime="2014-06-29T13:09:44.0143146+05:30" testType="13cdc9d9-ddb5-4fa4-a97d-d965ccfc6d4b" outcome="Passed" testListId="8c84fa94-04c1-424b-9868-57a2d4851a1d" relativeResultsDirectory="6cc25254-53af-4f3e-ab99-b30954aabd5a" dataRowInfo="3" resultType="DataDrivenDataRow" />
        <UnitTestResult executionId="9d39be4c-73d0-4e49-b905-a2d0f9404e5a" parentExecutionId="6cc25254-53af-4f3e-ab99-b30954aabd5a" testId="39dcb97e-c73f-c645-a77c-64d9eba0a3a3" testName="interrogative_sentences_aux" computerName="ARPAN-LAP" duration="00:00:00.0213567" startTime="2014-06-29T13:09:44.0143146+05:30" endTime="2014-06-29T13:09:44.0363159+05:30" testType="13cdc9d9-ddb5-4fa4-a97d-d965ccfc6d4b" outcome="Passed" testListId="8c84fa94-04c1-424b-9868-57a2d4851a1d" relativeResultsDirectory="6cc25254-53af-4f3e-ab99-b30954aabd5a" dataRowInfo="4" resultType="DataDrivenDataRow" />
        <UnitTestResult executionId="21561b86-ee25-4ba3-95a4-5926d3907865" parentExecutionId="6cc25254-53af-4f3e-ab99-b30954aabd5a" testId="39dcb97e-c73f-c645-a77c-64d9eba0a3a3" testName="interrogative_sentences_aux" computerName="ARPAN-LAP" duration="00:00:00.0202943" startTime="2014-06-29T13:09:44.0363159+05:30" endTime="2014-06-29T13:09:44.0563170+05:30" testType="13cdc9d9-ddb5-4fa4-a97d-d965ccfc6d4b" outcome="Passed" testListId="8c84fa94-04c1-424b-9868-57a2d4851a1d" relativeResultsDirectory="6cc25254-53af-4f3e-ab99-b30954aabd5a" dataRowInfo="5" resultType="DataDrivenDataRow" />
        <UnitTestResult executionId="92e13f22-5407-4b03-9c49-7b57c8e2aa0d" parentExecutionId="6cc25254-53af-4f3e-ab99-b30954aabd5a" testId="39dcb97e-c73f-c645-a77c-64d9eba0a3a3" testName="interrogative_sentences_aux" computerName="ARPAN-LAP" duration="00:00:00.0196460" startTime="2014-06-29T13:09:44.0563170+05:30" endTime="2014-06-29T13:09:44.0763181+05:30" testType="13cdc9d9-ddb5-4fa4-a97d-d965ccfc6d4b" outcome="Passed" testListId="8c84fa94-04c1-424b-9868-57a2d4851a1d" relativeResultsDirectory="6cc25254-53af-4f3e-ab99-b30954aabd5a" dataRowInfo="6" resultType="DataDrivenDataRow" />
        <UnitTestResult executionId="a2c9dabb-b47e-4d18-a7bc-d48b3dc9ec78" parentExecutionId="6cc25254-53af-4f3e-ab99-b30954aabd5a" testId="39dcb97e-c73f-c645-a77c-64d9eba0a3a3" testName="interrogative_sentences_aux" computerName="ARPAN-LAP" duration="00:00:00.0337841" startTime="2014-06-29T13:09:44.0763181+05:30" endTime="2014-06-29T13:09:44.1103201+05:30" testType="13cdc9d9-ddb5-4fa4-a97d-d965ccfc6d4b" outcome="Passed" testListId="8c84fa94-04c1-424b-9868-57a2d4851a1d" relativeResultsDirectory="6cc25254-53af-4f3e-ab99-b30954aabd5a" dataRowInfo="7" resultType="DataDrivenDataRow" />
        <UnitTestResult executionId="7aeefa85-ac7f-4a94-839a-109034715384" parentExecutionId="6cc25254-53af-4f3e-ab99-b30954aabd5a" testId="39dcb97e-c73f-c645-a77c-64d9eba0a3a3" testName="interrogative_sentences_aux" computerName="ARPAN-LAP" duration="00:00:00.0257216" startTime="2014-06-29T13:09:44.1103201+05:30" endTime="2014-06-29T13:09:44.1353215+05:30" testType="13cdc9d9-ddb5-4fa4-a97d-d965ccfc6d4b" outcome="Passed" testListId="8c84fa94-04c1-424b-9868-57a2d4851a1d" relativeResultsDirectory="6cc25254-53af-4f3e-ab99-b30954aabd5a" dataRowInfo="8" resultType="DataDrivenDataRow" />
        <UnitTestResult executionId="eba23c7e-9fe0-4265-a92d-4fd0f299c843" parentExecutionId="6cc25254-53af-4f3e-ab99-b30954aabd5a" testId="39dcb97e-c73f-c645-a77c-64d9eba0a3a3" testName="interrogative_sentences_aux" computerName="ARPAN-LAP" duration="00:00:00.0517630" startTime="2014-06-29T13:09:44.1353215+05:30" endTime="2014-06-29T13:09:44.1873245+05:30" testType="13cdc9d9-ddb5-4fa4-a97d-d965ccfc6d4b" outcome="Passed" testListId="8c84fa94-04c1-424b-9868-57a2d4851a1d" relativeResultsDirectory="6cc25254-53af-4f3e-ab99-b30954aabd5a" dataRowInfo="9" resultType="DataDrivenDataRow" />
        <UnitTestResult executionId="b8d633a8-1e35-48e6-9067-f3eaa62bc83f" parentExecutionId="6cc25254-53af-4f3e-ab99-b30954aabd5a" testId="39dcb97e-c73f-c645-a77c-64d9eba0a3a3" testName="interrogative_sentences_aux" computerName="ARPAN-LAP" duration="00:00:00.0185994" startTime="2014-06-29T13:09:44.1873245+05:30" endTime="2014-06-29T13:09:44.2063256+05:30" testType="13cdc9d9-ddb5-4fa4-a97d-d965ccfc6d4b" outcome="Passed" testListId="8c84fa94-04c1-424b-9868-57a2d4851a1d" relativeResultsDirectory="6cc25254-53af-4f3e-ab99-b30954aabd5a" dataRowInfo="10" resultType="DataDrivenDataRow" />
        <UnitTestResult executionId="3c5c8ae1-c254-440d-a5ce-a6f91e0abfd6" parentExecutionId="6cc25254-53af-4f3e-ab99-b30954aabd5a" testId="39dcb97e-c73f-c645-a77c-64d9eba0a3a3" testName="interrogative_sentences_aux" computerName="ARPAN-LAP" duration="00:00:00.0175508" startTime="2014-06-29T13:09:44.2063256+05:30" endTime="2014-06-29T13:09:44.2243266+05:30" testType="13cdc9d9-ddb5-4fa4-a97d-d965ccfc6d4b" outcome="Passed" testListId="8c84fa94-04c1-424b-9868-57a2d4851a1d" relativeResultsDirectory="6cc25254-53af-4f3e-ab99-b30954aabd5a" dataRowInfo="11" resultType="DataDrivenDataRow" />
        <UnitTestResult executionId="8bb731f1-1948-44d4-80ce-81ebff5c79bc" parentExecutionId="6cc25254-53af-4f3e-ab99-b30954aabd5a" testId="39dcb97e-c73f-c645-a77c-64d9eba0a3a3" testName="interrogative_sentences_aux" computerName="ARPAN-LAP" duration="00:00:00.0168902" startTime="2014-06-29T13:09:44.2243266+05:30" endTime="2014-06-29T13:09:44.2413276+05:30" testType="13cdc9d9-ddb5-4fa4-a97d-d965ccfc6d4b" outcome="Passed" testListId="8c84fa94-04c1-424b-9868-57a2d4851a1d" relativeResultsDirectory="6cc25254-53af-4f3e-ab99-b30954aabd5a" dataRowInfo="12" resultType="DataDrivenDataRow" />
        <UnitTestResult executionId="21373177-0305-491c-9617-7281121c5f95" parentExecutionId="6cc25254-53af-4f3e-ab99-b30954aabd5a" testId="39dcb97e-c73f-c645-a77c-64d9eba0a3a3" testName="interrogative_sentences_aux" computerName="ARPAN-LAP" duration="00:00:00.0226461" startTime="2014-06-29T13:09:44.2413276+05:30" endTime="2014-06-29T13:09:44.2633288+05:30" testType="13cdc9d9-ddb5-4fa4-a97d-d965ccfc6d4b" outcome="Passed" testListId="8c84fa94-04c1-424b-9868-57a2d4851a1d" relativeResultsDirectory="6cc25254-53af-4f3e-ab99-b30954aabd5a" dataRowInfo="13" resultType="DataDrivenDataRow" />
        <UnitTestResult executionId="bfd285cd-1249-42a2-a21a-da4d1c788c0e" parentExecutionId="6cc25254-53af-4f3e-ab99-b30954aabd5a" testId="39dcb97e-c73f-c645-a77c-64d9eba0a3a3" testName="interrogative_sentences_aux" computerName="ARPAN-LAP" duration="00:00:00.0169723" startTime="2014-06-29T13:09:44.2633288+05:30" endTime="2014-06-29T13:09:44.2803298+05:30" testType="13cdc9d9-ddb5-4fa4-a97d-d965ccfc6d4b" outcome="Passed" testListId="8c84fa94-04c1-424b-9868-57a2d4851a1d" relativeResultsDirectory="6cc25254-53af-4f3e-ab99-b30954aabd5a" dataRowInfo="14" resultType="DataDrivenDataRow" />
        <UnitTestResult executionId="6ed5aa5e-830f-4d94-a575-aa0644bbfb26" parentExecutionId="6cc25254-53af-4f3e-ab99-b30954aabd5a" testId="39dcb97e-c73f-c645-a77c-64d9eba0a3a3" testName="interrogative_sentences_aux" computerName="ARPAN-LAP" duration="00:00:00.0186708" startTime="2014-06-29T13:09:44.2803298+05:30" endTime="2014-06-29T13:09:44.2993309+05:30" testType="13cdc9d9-ddb5-4fa4-a97d-d965ccfc6d4b" outcome="Passed" testListId="8c84fa94-04c1-424b-9868-57a2d4851a1d" relativeResultsDirectory="6cc25254-53af-4f3e-ab99-b30954aabd5a" dataRowInfo="15" resultType="DataDrivenDataRow" />
        <UnitTestResult executionId="6e4d858c-b576-4adc-8b89-337c14f73b5a" parentExecutionId="6cc25254-53af-4f3e-ab99-b30954aabd5a" testId="39dcb97e-c73f-c645-a77c-64d9eba0a3a3" testName="interrogative_sentences_aux" computerName="ARPAN-LAP" duration="00:00:00.0194345" startTime="2014-06-29T13:09:44.2993309+05:30" endTime="2014-06-29T13:09:44.3193320+05:30" testType="13cdc9d9-ddb5-4fa4-a97d-d965ccfc6d4b" outcome="Passed" testListId="8c84fa94-04c1-424b-9868-57a2d4851a1d" relativeResultsDirectory="6cc25254-53af-4f3e-ab99-b30954aabd5a" dataRowInfo="16" resultType="DataDrivenDataRow" />
        <UnitTestResult executionId="a371009e-8f83-4a5b-8591-dfca13027bdd" parentExecutionId="6cc25254-53af-4f3e-ab99-b30954aabd5a" testId="39dcb97e-c73f-c645-a77c-64d9eba0a3a3" testName="interrogative_sentences_aux" computerName="ARPAN-LAP" duration="00:00:00.0248100" startTime="2014-06-29T13:09:44.3193320+05:30" endTime="2014-06-29T13:09:44.3433334+05:30" testType="13cdc9d9-ddb5-4fa4-a97d-d965ccfc6d4b" outcome="Passed" testListId="8c84fa94-04c1-424b-9868-57a2d4851a1d" relativeResultsDirectory="6cc25254-53af-4f3e-ab99-b30954aabd5a" dataRowInfo="17" resultType="DataDrivenDataRow" />
        <UnitTestResult executionId="0b448fe5-d3aa-471d-b2fc-8c3b50636b7f" parentExecutionId="6cc25254-53af-4f3e-ab99-b30954aabd5a" testId="39dcb97e-c73f-c645-a77c-64d9eba0a3a3" testName="interrogative_sentences_aux" computerName="ARPAN-LAP" duration="00:00:00.0164965" startTime="2014-06-29T13:09:44.3433334+05:30" endTime="2014-06-29T13:09:44.3603344+05:30" testType="13cdc9d9-ddb5-4fa4-a97d-d965ccfc6d4b" outcome="Passed" testListId="8c84fa94-04c1-424b-9868-57a2d4851a1d" relativeResultsDirectory="6cc25254-53af-4f3e-ab99-b30954aabd5a" dataRowInfo="18" resultType="DataDrivenDataRow" />
        <UnitTestResult executionId="8c7e6242-d53c-4891-8e3e-bc05644357c7" parentExecutionId="6cc25254-53af-4f3e-ab99-b30954aabd5a" testId="39dcb97e-c73f-c645-a77c-64d9eba0a3a3" testName="interrogative_sentences_aux" computerName="ARPAN-LAP" duration="00:00:00.0217535" startTime="2014-06-29T13:09:44.3603344+05:30" endTime="2014-06-29T13:09:44.3823356+05:30" testType="13cdc9d9-ddb5-4fa4-a97d-d965ccfc6d4b" outcome="Passed" testListId="8c84fa94-04c1-424b-9868-57a2d4851a1d" relativeResultsDirectory="6cc25254-53af-4f3e-ab99-b30954aabd5a" dataRowInfo="19" resultType="DataDrivenDataRow" />
      </InnerResults>
    </UnitTestResult>
    <UnitTestResult executionId="45a89417-766b-4046-a370-583f2afd98a7" testId="4e91a3b9-9eae-ebff-0b97-303f00578a78" testName="interrogative_sentences_whom" computerName="ARPAN-LAP" duration="00:00:00.0600093" startTime="2014-06-29T13:09:44.4493395+05:30" endTime="2014-06-29T13:09:44.5273439+05:30" testType="13cdc9d9-ddb5-4fa4-a97d-d965ccfc6d4b" outcome="Passed" testListId="8c84fa94-04c1-424b-9868-57a2d4851a1d" relativeResultsDirectory="45a89417-766b-4046-a370-583f2afd98a7" resultType="DataDrivenTest">
      <Counters error="0" failed="0" timeout="0" aborted="0" inconclusive="0" passedButRunAborted="0" notRunnable="0" notExecuted="0" disconnected="0" warning="0" passed="2" completed="0" inProgress="0" pending="0" />
      <InnerResults>
        <UnitTestResult executionId="1cce8a0d-84dd-4612-a8ad-7366ced497a3" parentExecutionId="45a89417-766b-4046-a370-583f2afd98a7" testId="4e91a3b9-9eae-ebff-0b97-303f00578a78" testName="interrogative_sentences_whom" computerName="ARPAN-LAP" duration="00:00:00.0316894" startTime="2014-06-29T13:09:44.4593400+05:30" endTime="2014-06-29T13:09:44.4913419+05:30" testType="13cdc9d9-ddb5-4fa4-a97d-d965ccfc6d4b" outcome="Passed" testListId="8c84fa94-04c1-424b-9868-57a2d4851a1d" relativeResultsDirectory="45a89417-766b-4046-a370-583f2afd98a7" dataRowInfo="0" resultType="DataDrivenDataRow" />
        <UnitTestResult executionId="44b3b70d-9bcc-4c7c-bc1f-e3091085fa4a" parentExecutionId="45a89417-766b-4046-a370-583f2afd98a7" testId="4e91a3b9-9eae-ebff-0b97-303f00578a78" testName="interrogative_sentences_whom" computerName="ARPAN-LAP" duration="00:00:00.0265172" startTime="2014-06-29T13:09:44.4913419+05:30" endTime="2014-06-29T13:09:44.5173434+05:30" testType="13cdc9d9-ddb5-4fa4-a97d-d965ccfc6d4b" outcome="Passed" testListId="8c84fa94-04c1-424b-9868-57a2d4851a1d" relativeResultsDirectory="45a89417-766b-4046-a370-583f2afd98a7" dataRowInfo="1" resultType="DataDrivenDataRow" />
      </InnerResults>
    </UnitTestResult>
    <UnitTestResult executionId="fa1a0f31-f011-4800-9249-da4b240cf798" testId="533e7939-123c-ce84-5c5c-d5a21d1d95b9" testName="special_handling_do_verb" computerName="ARPAN-LAP" duration="00:00:00.3463201" startTime="2014-06-29T13:09:44.5313442+05:30" endTime="2014-06-29T13:09:44.9303670+05:30" testType="13cdc9d9-ddb5-4fa4-a97d-d965ccfc6d4b" outcome="Passed" testListId="8c84fa94-04c1-424b-9868-57a2d4851a1d" relativeResultsDirectory="fa1a0f31-f011-4800-9249-da4b240cf798" resultType="DataDrivenTest">
      <Counters error="0" failed="0" timeout="0" aborted="0" inconclusive="0" passedButRunAborted="0" notRunnable="0" notExecuted="0" disconnected="0" warning="0" passed="13" completed="0" inProgress="0" pending="0" />
      <InnerResults>
        <UnitTestResult executionId="758296f3-647d-44f2-b651-c2f163ad405f" parentExecutionId="fa1a0f31-f011-4800-9249-da4b240cf798" testId="533e7939-123c-ce84-5c5c-d5a21d1d95b9" testName="special_handling_do_verb" computerName="ARPAN-LAP" duration="00:00:00.0209579" startTime="2014-06-29T13:09:44.5473451+05:30" endTime="2014-06-29T13:09:44.5683463+05:30" testType="13cdc9d9-ddb5-4fa4-a97d-d965ccfc6d4b" outcome="Passed" testListId="8c84fa94-04c1-424b-9868-57a2d4851a1d" relativeResultsDirectory="fa1a0f31-f011-4800-9249-da4b240cf798" dataRowInfo="0" resultType="DataDrivenDataRow" />
        <UnitTestResult executionId="54dee96f-e505-4777-a0fc-1892fdedf4f4" parentExecutionId="fa1a0f31-f011-4800-9249-da4b240cf798" testId="533e7939-123c-ce84-5c5c-d5a21d1d95b9" testName="special_handling_do_verb" computerName="ARPAN-LAP" duration="00:00:00.0236567" startTime="2014-06-29T13:09:44.5683463+05:30" endTime="2014-06-29T13:09:44.5923477+05:30" testType="13cdc9d9-ddb5-4fa4-a97d-d965ccfc6d4b" outcome="Passed" testListId="8c84fa94-04c1-424b-9868-57a2d4851a1d" relativeResultsDirectory="fa1a0f31-f011-4800-9249-da4b240cf798" dataRowInfo="1" resultType="DataDrivenDataRow" />
        <UnitTestResult executionId="f9006f23-ca8b-467e-8057-d195cdf0bad4" parentExecutionId="fa1a0f31-f011-4800-9249-da4b240cf798" testId="533e7939-123c-ce84-5c5c-d5a21d1d95b9" testName="special_handling_do_verb" computerName="ARPAN-LAP" duration="00:00:00.0248665" startTime="2014-06-29T13:09:44.5923477+05:30" endTime="2014-06-29T13:09:44.6163490+05:30" testType="13cdc9d9-ddb5-4fa4-a97d-d965ccfc6d4b" outcome="Passed" testListId="8c84fa94-04c1-424b-9868-57a2d4851a1d" relativeResultsDirectory="fa1a0f31-f011-4800-9249-da4b240cf798" dataRowInfo="2" resultType="DataDrivenDataRow" />
        <UnitTestResult executionId="ef831f68-f16c-4243-af93-e545fa9ed8f6" parentExecutionId="fa1a0f31-f011-4800-9249-da4b240cf798" testId="533e7939-123c-ce84-5c5c-d5a21d1d95b9" testName="special_handling_do_verb" computerName="ARPAN-LAP" duration="00:00:00.0311479" startTime="2014-06-29T13:09:44.6163490+05:30" endTime="2014-06-29T13:09:44.6483509+05:30" testType="13cdc9d9-ddb5-4fa4-a97d-d965ccfc6d4b" outcome="Passed" testListId="8c84fa94-04c1-424b-9868-57a2d4851a1d" relativeResultsDirectory="fa1a0f31-f011-4800-9249-da4b240cf798" dataRowInfo="3" resultType="DataDrivenDataRow" />
        <UnitTestResult executionId="4da007e5-3394-4ad6-a2af-8b9d6b5bd4d4" parentExecutionId="fa1a0f31-f011-4800-9249-da4b240cf798" testId="533e7939-123c-ce84-5c5c-d5a21d1d95b9" testName="special_handling_do_verb" computerName="ARPAN-LAP" duration="00:00:00.0201377" startTime="2014-06-29T13:09:44.6483509+05:30" endTime="2014-06-29T13:09:44.6683520+05:30" testType="13cdc9d9-ddb5-4fa4-a97d-d965ccfc6d4b" outcome="Passed" testListId="8c84fa94-04c1-424b-9868-57a2d4851a1d" relativeResultsDirectory="fa1a0f31-f011-4800-9249-da4b240cf798" dataRowInfo="4" resultType="DataDrivenDataRow" />
        <UnitTestResult executionId="dcfff496-ad3c-4dcc-9d36-3abac1985230" parentExecutionId="fa1a0f31-f011-4800-9249-da4b240cf798" testId="533e7939-123c-ce84-5c5c-d5a21d1d95b9" testName="special_handling_do_verb" computerName="ARPAN-LAP" duration="00:00:00.0229094" startTime="2014-06-29T13:09:44.6683520+05:30" endTime="2014-06-29T13:09:44.6913533+05:30" testType="13cdc9d9-ddb5-4fa4-a97d-d965ccfc6d4b" outcome="Passed" testListId="8c84fa94-04c1-424b-9868-57a2d4851a1d" relativeResultsDirectory="fa1a0f31-f011-4800-9249-da4b240cf798" dataRowInfo="5" resultType="DataDrivenDataRow" />
        <UnitTestResult executionId="3c4fb1c1-fca4-4e30-bacc-09cc34752658" parentExecutionId="fa1a0f31-f011-4800-9249-da4b240cf798" testId="533e7939-123c-ce84-5c5c-d5a21d1d95b9" testName="special_handling_do_verb" computerName="ARPAN-LAP" duration="00:00:00.0290461" startTime="2014-06-29T13:09:44.6913533+05:30" endTime="2014-06-29T13:09:44.7203550+05:30" testType="13cdc9d9-ddb5-4fa4-a97d-d965ccfc6d4b" outcome="Passed" testListId="8c84fa94-04c1-424b-9868-57a2d4851a1d" relativeResultsDirectory="fa1a0f31-f011-4800-9249-da4b240cf798" dataRowInfo="6" resultType="DataDrivenDataRow" />
        <UnitTestResult executionId="50291c65-5cd2-43a0-a03c-56ceaced830c" parentExecutionId="fa1a0f31-f011-4800-9249-da4b240cf798" testId="533e7939-123c-ce84-5c5c-d5a21d1d95b9" testName="special_handling_do_verb" computerName="ARPAN-LAP" duration="00:00:00.0375926" startTime="2014-06-29T13:09:44.7203550+05:30" endTime="2014-06-29T13:09:44.7583572+05:30" testType="13cdc9d9-ddb5-4fa4-a97d-d965ccfc6d4b" outcome="Passed" testListId="8c84fa94-04c1-424b-9868-57a2d4851a1d" relativeResultsDirectory="fa1a0f31-f011-4800-9249-da4b240cf798" dataRowInfo="7" resultType="DataDrivenDataRow" />
        <UnitTestResult executionId="d6a03496-1ce9-4c71-b74f-da672150c694" parentExecutionId="fa1a0f31-f011-4800-9249-da4b240cf798" testId="533e7939-123c-ce84-5c5c-d5a21d1d95b9" testName="special_handling_do_verb" computerName="ARPAN-LAP" duration="00:00:00.0248306" startTime="2014-06-29T13:09:44.7583572+05:30" endTime="2014-06-29T13:09:44.7823585+05:30" testType="13cdc9d9-ddb5-4fa4-a97d-d965ccfc6d4b" outcome="Passed" testListId="8c84fa94-04c1-424b-9868-57a2d4851a1d" relativeResultsDirectory="fa1a0f31-f011-4800-9249-da4b240cf798" dataRowInfo="8" resultType="DataDrivenDataRow" />
        <UnitTestResult executionId="674827c2-7cec-45f7-b924-0762c88ef007" parentExecutionId="fa1a0f31-f011-4800-9249-da4b240cf798" testId="533e7939-123c-ce84-5c5c-d5a21d1d95b9" testName="special_handling_do_verb" computerName="ARPAN-LAP" duration="00:00:00.0327796" startTime="2014-06-29T13:09:44.7823585+05:30" endTime="2014-06-29T13:09:44.8153604+05:30" testType="13cdc9d9-ddb5-4fa4-a97d-d965ccfc6d4b" outcome="Passed" testListId="8c84fa94-04c1-424b-9868-57a2d4851a1d" relativeResultsDirectory="fa1a0f31-f011-4800-9249-da4b240cf798" dataRowInfo="9" resultType="DataDrivenDataRow" />
        <UnitTestResult executionId="42e6e158-ccc6-47b0-9f19-6b61ed24d666" parentExecutionId="fa1a0f31-f011-4800-9249-da4b240cf798" testId="533e7939-123c-ce84-5c5c-d5a21d1d95b9" testName="special_handling_do_verb" computerName="ARPAN-LAP" duration="00:00:00.0204036" startTime="2014-06-29T13:09:44.8153604+05:30" endTime="2014-06-29T13:09:44.8363616+05:30" testType="13cdc9d9-ddb5-4fa4-a97d-d965ccfc6d4b" outcome="Passed" testListId="8c84fa94-04c1-424b-9868-57a2d4851a1d" relativeResultsDirectory="fa1a0f31-f011-4800-9249-da4b240cf798" dataRowInfo="10" resultType="DataDrivenDataRow" />
        <UnitTestResult executionId="3bb33590-0fa4-4c62-9221-345dc9177736" parentExecutionId="fa1a0f31-f011-4800-9249-da4b240cf798" testId="533e7939-123c-ce84-5c5c-d5a21d1d95b9" testName="special_handling_do_verb" computerName="ARPAN-LAP" duration="00:00:00.0290948" startTime="2014-06-29T13:09:44.8363616+05:30" endTime="2014-06-29T13:09:44.8653633+05:30" testType="13cdc9d9-ddb5-4fa4-a97d-d965ccfc6d4b" outcome="Passed" testListId="8c84fa94-04c1-424b-9868-57a2d4851a1d" relativeResultsDirectory="fa1a0f31-f011-4800-9249-da4b240cf798" dataRowInfo="11" resultType="DataDrivenDataRow" />
        <UnitTestResult executionId="e000e680-586d-4707-80b6-7ab5102f1c11" parentExecutionId="fa1a0f31-f011-4800-9249-da4b240cf798" testId="533e7939-123c-ce84-5c5c-d5a21d1d95b9" testName="special_handling_do_verb" computerName="ARPAN-LAP" duration="00:00:00.0264818" startTime="2014-06-29T13:09:44.8653633+05:30" endTime="2014-06-29T13:09:44.8913648+05:30" testType="13cdc9d9-ddb5-4fa4-a97d-d965ccfc6d4b" outcome="Passed" testListId="8c84fa94-04c1-424b-9868-57a2d4851a1d" relativeResultsDirectory="fa1a0f31-f011-4800-9249-da4b240cf798" dataRowInfo="12" resultType="DataDrivenDataRow" />
      </InnerResults>
    </UnitTestResult>
    <UnitTestResult executionId="71c50450-3f3b-401c-8143-0e8f935aea0c" testId="642ce34f-0ed4-f995-637b-09297c832f2a" testName="RandomWord" computerName="ARPAN-LAP" duration="00:00:00.1126161" startTime="2014-06-29T13:09:44.9363673+05:30" endTime="2014-06-29T13:09:45.0573743+05:30" testType="13cdc9d9-ddb5-4fa4-a97d-d965ccfc6d4b" outcome="Failed" testListId="8c84fa94-04c1-424b-9868-57a2d4851a1d" relativeResultsDirectory="71c50450-3f3b-401c-8143-0e8f935aea0c" resultType="DataDrivenTest">
      <Counters error="0" failed="1" timeout="0" aborted="0" inconclusive="0" passedButRunAborted="0" notRunnable="0" notExecuted="0" disconnected="0" warning="0" passed="0" completed="0" inProgress="0" pending="0" />
      <InnerResults>
        <UnitTestResult executionId="69ed09eb-c470-4b67-bc97-9bc0b0cc1653" parentExecutionId="71c50450-3f3b-401c-8143-0e8f935aea0c" testId="642ce34f-0ed4-f995-637b-09297c832f2a" testName="RandomWord" computerName="ARPAN-LAP" duration="00:00:00.1087995" startTime="2014-06-29T13:09:44.9423677+05:30" endTime="2014-06-29T13:09:45.0513739+05:30" testType="13cdc9d9-ddb5-4fa4-a97d-d965ccfc6d4b" outcome="Failed" testListId="8c84fa94-04c1-424b-9868-57a2d4851a1d" relativeResultsDirectory="71c50450-3f3b-401c-8143-0e8f935aea0c" dataRowInfo="0" resultType="DataDrivenDataRow">
          <Output>
            <ErrorInfo>
              <Message>Assert.AreEqual failed. Expected:&lt;পূর্ব সলোমন এর নৌ যুদ্ধ ২৪–২৫ অগষ্ট ১৯৪২ য়ে স্থান গ্রহণ করেছিল , এবং দ্বিতীয় বিশ্ব যুদ্ধ এর প্রশান্ত মহাসাগর সংগঠিত প্রচারকার্য এর তৃতীয় যুদ্ধ বাহক ।&gt;. Actual:&lt;পূর্ব সলোমন এর নৌ যুদ্ধ ২৪–২৫ অগষ্ট ১৯৪২ য়ে স্থান গ্রহণ করেছিল , এবং দ্বিতীয় বিশ্ব যুদ্ধ এর pacific:NP সংগঠিত প্রচারকার্য এর তৃতীয় যুদ্ধ বাহক ।&gt;. The naval Battle of the Eastern Solomons took place on 24–25 August 1942, and was the third carrier battle of the Pacific campaign of second World War.</Message>
              <StackTrace>   at UnitTest.BnlpTest.RandomWord() in D:\software\Project\BNLP\UnitTest\BnlpTest.cs:line 526
</StackTrace>
            </ErrorInfo>
          </Output>
        </UnitTestResult>
      </InnerResults>
    </UnitTestResult>
    <UnitTestResult executionId="4e7848a5-f815-4e9b-ac2a-71f9c352a5cc" testId="783915fe-114a-e353-78dd-56e92a60f942" testName="all_persons_modal_should" computerName="ARPAN-LAP" duration="00:00:00.4498971" startTime="2014-06-29T13:09:45.0613745+05:30" endTime="2014-06-29T13:09:45.5634032+05:30" testType="13cdc9d9-ddb5-4fa4-a97d-d965ccfc6d4b" outcome="Passed" testListId="8c84fa94-04c1-424b-9868-57a2d4851a1d" relativeResultsDirectory="4e7848a5-f815-4e9b-ac2a-71f9c352a5cc" resultType="DataDrivenTest">
      <Counters error="0" failed="0" timeout="0" aborted="0" inconclusive="0" passedButRunAborted="0" notRunnable="0" notExecuted="0" disconnected="0" warning="0" passed="17" completed="0" inProgress="0" pending="0" />
      <InnerResults>
        <UnitTestResult executionId="ee0951f7-23af-423e-b695-880e796dc781" parentExecutionId="4e7848a5-f815-4e9b-ac2a-71f9c352a5cc" testId="783915fe-114a-e353-78dd-56e92a60f942" testName="all_persons_modal_should" computerName="ARPAN-LAP" duration="00:00:00.0276356" startTime="2014-06-29T13:09:45.0663748+05:30" endTime="2014-06-29T13:09:45.0943764+05:30" testType="13cdc9d9-ddb5-4fa4-a97d-d965ccfc6d4b" outcome="Passed" testListId="8c84fa94-04c1-424b-9868-57a2d4851a1d" relativeResultsDirectory="4e7848a5-f815-4e9b-ac2a-71f9c352a5cc" dataRowInfo="0" resultType="DataDrivenDataRow" />
        <UnitTestResult executionId="b213186c-f189-4a59-9b53-5485638150f9" parentExecutionId="4e7848a5-f815-4e9b-ac2a-71f9c352a5cc" testId="783915fe-114a-e353-78dd-56e92a60f942" testName="all_persons_modal_should" computerName="ARPAN-LAP" duration="00:00:00.0262826" startTime="2014-06-29T13:09:45.0943764+05:30" endTime="2014-06-29T13:09:45.1203779+05:30" testType="13cdc9d9-ddb5-4fa4-a97d-d965ccfc6d4b" outcome="Passed" testListId="8c84fa94-04c1-424b-9868-57a2d4851a1d" relativeResultsDirectory="4e7848a5-f815-4e9b-ac2a-71f9c352a5cc" dataRowInfo="1" resultType="DataDrivenDataRow" />
        <UnitTestResult executionId="44a64227-ff0d-4955-b60e-14c2c4953509" parentExecutionId="4e7848a5-f815-4e9b-ac2a-71f9c352a5cc" testId="783915fe-114a-e353-78dd-56e92a60f942" testName="all_persons_modal_should" computerName="ARPAN-LAP" duration="00:00:00.0272866" startTime="2014-06-29T13:09:45.1203779+05:30" endTime="2014-06-29T13:09:45.1473794+05:30" testType="13cdc9d9-ddb5-4fa4-a97d-d965ccfc6d4b" outcome="Passed" testListId="8c84fa94-04c1-424b-9868-57a2d4851a1d" relativeResultsDirectory="4e7848a5-f815-4e9b-ac2a-71f9c352a5cc" dataRowInfo="2" resultType="DataDrivenDataRow" />
        <UnitTestResult executionId="934a8c6d-dce8-42da-bfe9-0aed5b54edd2" parentExecutionId="4e7848a5-f815-4e9b-ac2a-71f9c352a5cc" testId="783915fe-114a-e353-78dd-56e92a60f942" testName="all_persons_modal_should" computerName="ARPAN-LAP" duration="00:00:00.0334443" startTime="2014-06-29T13:09:45.1473794+05:30" endTime="2014-06-29T13:09:45.1813813+05:30" testType="13cdc9d9-ddb5-4fa4-a97d-d965ccfc6d4b" outcome="Passed" testListId="8c84fa94-04c1-424b-9868-57a2d4851a1d" relativeResultsDirectory="4e7848a5-f815-4e9b-ac2a-71f9c352a5cc" dataRowInfo="3" resultType="DataDrivenDataRow" />
        <UnitTestResult executionId="036b9f2e-4b26-4e00-b172-e13c452f614d" parentExecutionId="4e7848a5-f815-4e9b-ac2a-71f9c352a5cc" testId="783915fe-114a-e353-78dd-56e92a60f942" testName="all_persons_modal_should" computerName="ARPAN-LAP" duration="00:00:00.0193955" startTime="2014-06-29T13:09:45.1813813+05:30" endTime="2014-06-29T13:09:45.2003824+05:30" testType="13cdc9d9-ddb5-4fa4-a97d-d965ccfc6d4b" outcome="Passed" testListId="8c84fa94-04c1-424b-9868-57a2d4851a1d" relativeResultsDirectory="4e7848a5-f815-4e9b-ac2a-71f9c352a5cc" dataRowInfo="4" resultType="DataDrivenDataRow" />
        <UnitTestResult executionId="bd77f73a-2586-4449-bd09-3699ab6d048d" parentExecutionId="4e7848a5-f815-4e9b-ac2a-71f9c352a5cc" testId="783915fe-114a-e353-78dd-56e92a60f942" testName="all_persons_modal_should" computerName="ARPAN-LAP" duration="00:00:00.0309323" startTime="2014-06-29T13:09:45.2013825+05:30" endTime="2014-06-29T13:09:45.2313842+05:30" testType="13cdc9d9-ddb5-4fa4-a97d-d965ccfc6d4b" outcome="Passed" testListId="8c84fa94-04c1-424b-9868-57a2d4851a1d" relativeResultsDirectory="4e7848a5-f815-4e9b-ac2a-71f9c352a5cc" dataRowInfo="5" resultType="DataDrivenDataRow" />
        <UnitTestResult executionId="f941b42b-ee63-4858-b9cd-5a3155769528" parentExecutionId="4e7848a5-f815-4e9b-ac2a-71f9c352a5cc" testId="783915fe-114a-e353-78dd-56e92a60f942" testName="all_persons_modal_should" computerName="ARPAN-LAP" duration="00:00:00.0317597" startTime="2014-06-29T13:09:45.2323843+05:30" endTime="2014-06-29T13:09:45.2633860+05:30" testType="13cdc9d9-ddb5-4fa4-a97d-d965ccfc6d4b" outcome="Passed" testListId="8c84fa94-04c1-424b-9868-57a2d4851a1d" relativeResultsDirectory="4e7848a5-f815-4e9b-ac2a-71f9c352a5cc" dataRowInfo="6" resultType="DataDrivenDataRow" />
        <UnitTestResult executionId="5ba1d1aa-af7c-42ba-9d69-bcbf4c5f85ef" parentExecutionId="4e7848a5-f815-4e9b-ac2a-71f9c352a5cc" testId="783915fe-114a-e353-78dd-56e92a60f942" testName="all_persons_modal_should" computerName="ARPAN-LAP" duration="00:00:00.0318501" startTime="2014-06-29T13:09:45.2633860+05:30" endTime="2014-06-29T13:09:45.2953879+05:30" testType="13cdc9d9-ddb5-4fa4-a97d-d965ccfc6d4b" outcome="Passed" testListId="8c84fa94-04c1-424b-9868-57a2d4851a1d" relativeResultsDirectory="4e7848a5-f815-4e9b-ac2a-71f9c352a5cc" dataRowInfo="7" resultType="DataDrivenDataRow" />
        <UnitTestResult executionId="8f5b78c0-761a-44d0-a45c-f0742e163d4f" parentExecutionId="4e7848a5-f815-4e9b-ac2a-71f9c352a5cc" testId="783915fe-114a-e353-78dd-56e92a60f942" testName="all_persons_modal_should" computerName="ARPAN-LAP" duration="00:00:00.0174574" startTime="2014-06-29T13:09:45.2953879+05:30" endTime="2014-06-29T13:09:45.3133889+05:30" testType="13cdc9d9-ddb5-4fa4-a97d-d965ccfc6d4b" outcome="Passed" testListId="8c84fa94-04c1-424b-9868-57a2d4851a1d" relativeResultsDirectory="4e7848a5-f815-4e9b-ac2a-71f9c352a5cc" dataRowInfo="8" resultType="DataDrivenDataRow" />
        <UnitTestResult executionId="16f9457b-42af-4117-acc8-aa1031728a42" parentExecutionId="4e7848a5-f815-4e9b-ac2a-71f9c352a5cc" testId="783915fe-114a-e353-78dd-56e92a60f942" testName="all_persons_modal_should" computerName="ARPAN-LAP" duration="00:00:00.0214512" startTime="2014-06-29T13:09:45.3133889+05:30" endTime="2014-06-29T13:09:45.3343901+05:30" testType="13cdc9d9-ddb5-4fa4-a97d-d965ccfc6d4b" outcome="Passed" testListId="8c84fa94-04c1-424b-9868-57a2d4851a1d" relativeResultsDirectory="4e7848a5-f815-4e9b-ac2a-71f9c352a5cc" dataRowInfo="9" resultType="DataDrivenDataRow" />
        <UnitTestResult executionId="0a98edf7-04de-48f1-b797-f11e643afd82" parentExecutionId="4e7848a5-f815-4e9b-ac2a-71f9c352a5cc" testId="783915fe-114a-e353-78dd-56e92a60f942" testName="all_persons_modal_should" computerName="ARPAN-LAP" duration="00:00:00.0225886" startTime="2014-06-29T13:09:45.3343901+05:30" endTime="2014-06-29T13:09:45.3573914+05:30" testType="13cdc9d9-ddb5-4fa4-a97d-d965ccfc6d4b" outcome="Passed" testListId="8c84fa94-04c1-424b-9868-57a2d4851a1d" relativeResultsDirectory="4e7848a5-f815-4e9b-ac2a-71f9c352a5cc" dataRowInfo="10" resultType="DataDrivenDataRow" />
        <UnitTestResult executionId="855487b3-13ba-4df5-a6bd-19629ca67a80" parentExecutionId="4e7848a5-f815-4e9b-ac2a-71f9c352a5cc" testId="783915fe-114a-e353-78dd-56e92a60f942" testName="all_persons_modal_should" computerName="ARPAN-LAP" duration="00:00:00.0287910" startTime="2014-06-29T13:09:45.3573914+05:30" endTime="2014-06-29T13:09:45.3863931+05:30" testType="13cdc9d9-ddb5-4fa4-a97d-d965ccfc6d4b" outcome="Passed" testListId="8c84fa94-04c1-424b-9868-57a2d4851a1d" relativeResultsDirectory="4e7848a5-f815-4e9b-ac2a-71f9c352a5cc" dataRowInfo="11" resultType="DataDrivenDataRow" />
        <UnitTestResult executionId="b656571d-e92a-4e32-8708-39a93892c644" parentExecutionId="4e7848a5-f815-4e9b-ac2a-71f9c352a5cc" testId="783915fe-114a-e353-78dd-56e92a60f942" testName="all_persons_modal_should" computerName="ARPAN-LAP" duration="00:00:00.0252448" startTime="2014-06-29T13:09:45.3863931+05:30" endTime="2014-06-29T13:09:45.4113945+05:30" testType="13cdc9d9-ddb5-4fa4-a97d-d965ccfc6d4b" outcome="Passed" testListId="8c84fa94-04c1-424b-9868-57a2d4851a1d" relativeResultsDirectory="4e7848a5-f815-4e9b-ac2a-71f9c352a5cc" dataRowInfo="12" resultType="DataDrivenDataRow" />
        <UnitTestResult executionId="21ef614d-e3d4-4585-8aa5-c81693095110" parentExecutionId="4e7848a5-f815-4e9b-ac2a-71f9c352a5cc" testId="783915fe-114a-e353-78dd-56e92a60f942" testName="all_persons_modal_should" computerName="ARPAN-LAP" duration="00:00:00.0246381" startTime="2014-06-29T13:09:45.4113945+05:30" endTime="2014-06-29T13:09:45.4363959+05:30" testType="13cdc9d9-ddb5-4fa4-a97d-d965ccfc6d4b" outcome="Passed" testListId="8c84fa94-04c1-424b-9868-57a2d4851a1d" relativeResultsDirectory="4e7848a5-f815-4e9b-ac2a-71f9c352a5cc" dataRowInfo="13" resultType="DataDrivenDataRow" />
        <UnitTestResult executionId="7f825a86-21e5-4493-b223-182a23744f88" parentExecutionId="4e7848a5-f815-4e9b-ac2a-71f9c352a5cc" testId="783915fe-114a-e353-78dd-56e92a60f942" testName="all_persons_modal_should" computerName="ARPAN-LAP" duration="00:00:00.0272055" startTime="2014-06-29T13:09:45.4363959+05:30" endTime="2014-06-29T13:09:45.4633975+05:30" testType="13cdc9d9-ddb5-4fa4-a97d-d965ccfc6d4b" outcome="Passed" testListId="8c84fa94-04c1-424b-9868-57a2d4851a1d" relativeResultsDirectory="4e7848a5-f815-4e9b-ac2a-71f9c352a5cc" dataRowInfo="14" resultType="DataDrivenDataRow" />
        <UnitTestResult executionId="e2aebece-45bb-40c4-b6d1-62a6507fd13f" parentExecutionId="4e7848a5-f815-4e9b-ac2a-71f9c352a5cc" testId="783915fe-114a-e353-78dd-56e92a60f942" testName="all_persons_modal_should" computerName="ARPAN-LAP" duration="00:00:00.0222950" startTime="2014-06-29T13:09:45.4633975+05:30" endTime="2014-06-29T13:09:45.4853987+05:30" testType="13cdc9d9-ddb5-4fa4-a97d-d965ccfc6d4b" outcome="Passed" testListId="8c84fa94-04c1-424b-9868-57a2d4851a1d" relativeResultsDirectory="4e7848a5-f815-4e9b-ac2a-71f9c352a5cc" dataRowInfo="15" resultType="DataDrivenDataRow" />
        <UnitTestResult executionId="0532cf49-92fb-4724-adf5-0e0f13923f22" parentExecutionId="4e7848a5-f815-4e9b-ac2a-71f9c352a5cc" testId="783915fe-114a-e353-78dd-56e92a60f942" testName="all_persons_modal_should" computerName="ARPAN-LAP" duration="00:00:00.0280729" startTime="2014-06-29T13:09:45.4853987+05:30" endTime="2014-06-29T13:09:45.5134003+05:30" testType="13cdc9d9-ddb5-4fa4-a97d-d965ccfc6d4b" outcome="Passed" testListId="8c84fa94-04c1-424b-9868-57a2d4851a1d" relativeResultsDirectory="4e7848a5-f815-4e9b-ac2a-71f9c352a5cc" dataRowInfo="16" resultType="DataDrivenDataRow" />
      </InnerResults>
    </UnitTestResult>
    <UnitTestResult executionId="6834be58-95a6-4eaf-af01-919b6662d8f6" testId="7f7910d1-dc89-39b4-b4cf-d9e6d7af9420" testName="interrogative_sentences_what" computerName="ARPAN-LAP" duration="00:00:00.2161166" startTime="2014-06-29T13:09:45.5644033+05:30" endTime="2014-06-29T13:09:45.8174177+05:30" testType="13cdc9d9-ddb5-4fa4-a97d-d965ccfc6d4b" outcome="Passed" testListId="8c84fa94-04c1-424b-9868-57a2d4851a1d" relativeResultsDirectory="6834be58-95a6-4eaf-af01-919b6662d8f6" resultType="DataDrivenTest">
      <Counters error="0" failed="0" timeout="0" aborted="0" inconclusive="0" passedButRunAborted="0" notRunnable="0" notExecuted="0" disconnected="0" warning="0" passed="9" completed="0" inProgress="0" pending="0" />
      <InnerResults>
        <UnitTestResult executionId="5bdbf3cf-96ed-427e-968c-de5617926470" parentExecutionId="6834be58-95a6-4eaf-af01-919b6662d8f6" testId="7f7910d1-dc89-39b4-b4cf-d9e6d7af9420" testName="interrogative_sentences_what" computerName="ARPAN-LAP" duration="00:00:00.0252997" startTime="2014-06-29T13:09:45.5754039+05:30" endTime="2014-06-29T13:09:45.6004053+05:30" testType="13cdc9d9-ddb5-4fa4-a97d-d965ccfc6d4b" outcome="Passed" testListId="8c84fa94-04c1-424b-9868-57a2d4851a1d" relativeResultsDirectory="6834be58-95a6-4eaf-af01-919b6662d8f6" dataRowInfo="0" resultType="DataDrivenDataRow" />
        <UnitTestResult executionId="049d1f94-875f-47b5-b237-db424ab4dce9" parentExecutionId="6834be58-95a6-4eaf-af01-919b6662d8f6" testId="7f7910d1-dc89-39b4-b4cf-d9e6d7af9420" testName="interrogative_sentences_what" computerName="ARPAN-LAP" duration="00:00:00.0210513" startTime="2014-06-29T13:09:45.6004053+05:30" endTime="2014-06-29T13:09:45.6214065+05:30" testType="13cdc9d9-ddb5-4fa4-a97d-d965ccfc6d4b" outcome="Passed" testListId="8c84fa94-04c1-424b-9868-57a2d4851a1d" relativeResultsDirectory="6834be58-95a6-4eaf-af01-919b6662d8f6" dataRowInfo="1" resultType="DataDrivenDataRow" />
        <UnitTestResult executionId="9292644c-453a-4b59-80af-03c11f1ffeb7" parentExecutionId="6834be58-95a6-4eaf-af01-919b6662d8f6" testId="7f7910d1-dc89-39b4-b4cf-d9e6d7af9420" testName="interrogative_sentences_what" computerName="ARPAN-LAP" duration="00:00:00.0260573" startTime="2014-06-29T13:09:45.6214065+05:30" endTime="2014-06-29T13:09:45.6474080+05:30" testType="13cdc9d9-ddb5-4fa4-a97d-d965ccfc6d4b" outcome="Passed" testListId="8c84fa94-04c1-424b-9868-57a2d4851a1d" relativeResultsDirectory="6834be58-95a6-4eaf-af01-919b6662d8f6" dataRowInfo="2" resultType="DataDrivenDataRow" />
        <UnitTestResult executionId="584a159f-4b5d-44cc-a2ac-46450a807fdd" parentExecutionId="6834be58-95a6-4eaf-af01-919b6662d8f6" testId="7f7910d1-dc89-39b4-b4cf-d9e6d7af9420" testName="interrogative_sentences_what" computerName="ARPAN-LAP" duration="00:00:00.0212844" startTime="2014-06-29T13:09:45.6484081+05:30" endTime="2014-06-29T13:09:45.6694093+05:30" testType="13cdc9d9-ddb5-4fa4-a97d-d965ccfc6d4b" outcome="Passed" testListId="8c84fa94-04c1-424b-9868-57a2d4851a1d" relativeResultsDirectory="6834be58-95a6-4eaf-af01-919b6662d8f6" dataRowInfo="3" resultType="DataDrivenDataRow" />
        <UnitTestResult executionId="9cf70019-c0a2-4487-a4b7-a39ded46e9f0" parentExecutionId="6834be58-95a6-4eaf-af01-919b6662d8f6" testId="7f7910d1-dc89-39b4-b4cf-d9e6d7af9420" testName="interrogative_sentences_what" computerName="ARPAN-LAP" duration="00:00:00.0206602" startTime="2014-06-29T13:09:45.6694093+05:30" endTime="2014-06-29T13:09:45.6904105+05:30" testType="13cdc9d9-ddb5-4fa4-a97d-d965ccfc6d4b" outcome="Passed" testListId="8c84fa94-04c1-424b-9868-57a2d4851a1d" relativeResultsDirectory="6834be58-95a6-4eaf-af01-919b6662d8f6" dataRowInfo="4" resultType="DataDrivenDataRow" />
        <UnitTestResult executionId="31f142e3-8940-4082-8a47-0667cf472a23" parentExecutionId="6834be58-95a6-4eaf-af01-919b6662d8f6" testId="7f7910d1-dc89-39b4-b4cf-d9e6d7af9420" testName="interrogative_sentences_what" computerName="ARPAN-LAP" duration="00:00:00.0270879" startTime="2014-06-29T13:09:45.6904105+05:30" endTime="2014-06-29T13:09:45.7174120+05:30" testType="13cdc9d9-ddb5-4fa4-a97d-d965ccfc6d4b" outcome="Passed" testListId="8c84fa94-04c1-424b-9868-57a2d4851a1d" relativeResultsDirectory="6834be58-95a6-4eaf-af01-919b6662d8f6" dataRowInfo="5" resultType="DataDrivenDataRow" />
        <UnitTestResult executionId="2847de23-b9ab-4b5d-b654-a9f1567f8458" parentExecutionId="6834be58-95a6-4eaf-af01-919b6662d8f6" testId="7f7910d1-dc89-39b4-b4cf-d9e6d7af9420" testName="interrogative_sentences_what" computerName="ARPAN-LAP" duration="00:00:00.0225065" startTime="2014-06-29T13:09:45.7174120+05:30" endTime="2014-06-29T13:09:45.7394133+05:30" testType="13cdc9d9-ddb5-4fa4-a97d-d965ccfc6d4b" outcome="Passed" testListId="8c84fa94-04c1-424b-9868-57a2d4851a1d" relativeResultsDirectory="6834be58-95a6-4eaf-af01-919b6662d8f6" dataRowInfo="6" resultType="DataDrivenDataRow" />
        <UnitTestResult executionId="9e9f1dee-5cd7-41bf-b335-3018ccddbe73" parentExecutionId="6834be58-95a6-4eaf-af01-919b6662d8f6" testId="7f7910d1-dc89-39b4-b4cf-d9e6d7af9420" testName="interrogative_sentences_what" computerName="ARPAN-LAP" duration="00:00:00.0218987" startTime="2014-06-29T13:09:45.7394133+05:30" endTime="2014-06-29T13:09:45.7614145+05:30" testType="13cdc9d9-ddb5-4fa4-a97d-d965ccfc6d4b" outcome="Passed" testListId="8c84fa94-04c1-424b-9868-57a2d4851a1d" relativeResultsDirectory="6834be58-95a6-4eaf-af01-919b6662d8f6" dataRowInfo="7" resultType="DataDrivenDataRow" />
        <UnitTestResult executionId="8e2f386d-488d-4d6e-a0c5-aa70f4b036a2" parentExecutionId="6834be58-95a6-4eaf-af01-919b6662d8f6" testId="7f7910d1-dc89-39b4-b4cf-d9e6d7af9420" testName="interrogative_sentences_what" computerName="ARPAN-LAP" duration="00:00:00.0274318" startTime="2014-06-29T13:09:45.7614145+05:30" endTime="2014-06-29T13:09:45.7894161+05:30" testType="13cdc9d9-ddb5-4fa4-a97d-d965ccfc6d4b" outcome="Passed" testListId="8c84fa94-04c1-424b-9868-57a2d4851a1d" relativeResultsDirectory="6834be58-95a6-4eaf-af01-919b6662d8f6" dataRowInfo="8" resultType="DataDrivenDataRow" />
      </InnerResults>
    </UnitTestResult>
    <UnitTestResult executionId="156904d1-724c-4505-82ef-3eb093808d7c" testId="83c68223-dcaa-51dd-423f-434210a59f77" testName="second_person_tenses_active_negation" computerName="ARPAN-LAP" duration="00:00:00.2503186" startTime="2014-06-29T13:09:45.8304185+05:30" endTime="2014-06-29T13:09:46.1344359+05:30" testType="13cdc9d9-ddb5-4fa4-a97d-d965ccfc6d4b" outcome="Passed" testListId="8c84fa94-04c1-424b-9868-57a2d4851a1d" relativeResultsDirectory="156904d1-724c-4505-82ef-3eb093808d7c" resultType="DataDrivenTest">
      <Counters error="0" failed="0" timeout="0" aborted="0" inconclusive="0" passedButRunAborted="0" notRunnable="0" notExecuted="0" disconnected="0" warning="0" passed="10" completed="0" inProgress="0" pending="0" />
      <InnerResults>
        <UnitTestResult executionId="fdc3f3cd-f1fb-4bdd-97fd-3821086d659d" parentExecutionId="156904d1-724c-4505-82ef-3eb093808d7c" testId="83c68223-dcaa-51dd-423f-434210a59f77" testName="second_person_tenses_active_negation" computerName="ARPAN-LAP" duration="00:00:00.0299607" startTime="2014-06-29T13:09:45.8594201+05:30" endTime="2014-06-29T13:09:45.8894218+05:30" testType="13cdc9d9-ddb5-4fa4-a97d-d965ccfc6d4b" outcome="Passed" testListId="8c84fa94-04c1-424b-9868-57a2d4851a1d" relativeResultsDirectory="156904d1-724c-4505-82ef-3eb093808d7c" dataRowInfo="0" resultType="DataDrivenDataRow" />
        <UnitTestResult executionId="586e855d-8faa-496b-bef2-8cbb024562d2" parentExecutionId="156904d1-724c-4505-82ef-3eb093808d7c" testId="83c68223-dcaa-51dd-423f-434210a59f77" testName="second_person_tenses_active_negation" computerName="ARPAN-LAP" duration="00:00:00.0323798" startTime="2014-06-29T13:09:45.8894218+05:30" endTime="2014-06-29T13:09:45.9224237+05:30" testType="13cdc9d9-ddb5-4fa4-a97d-d965ccfc6d4b" outcome="Passed" testListId="8c84fa94-04c1-424b-9868-57a2d4851a1d" relativeResultsDirectory="156904d1-724c-4505-82ef-3eb093808d7c" dataRowInfo="1" resultType="DataDrivenDataRow" />
        <UnitTestResult executionId="d3382ad5-e812-4c92-84c5-22ca2b326f86" parentExecutionId="156904d1-724c-4505-82ef-3eb093808d7c" testId="83c68223-dcaa-51dd-423f-434210a59f77" testName="second_person_tenses_active_negation" computerName="ARPAN-LAP" duration="00:00:00.0212607" startTime="2014-06-29T13:09:45.9224237+05:30" endTime="2014-06-29T13:09:45.9434249+05:30" testType="13cdc9d9-ddb5-4fa4-a97d-d965ccfc6d4b" outcome="Passed" testListId="8c84fa94-04c1-424b-9868-57a2d4851a1d" relativeResultsDirectory="156904d1-724c-4505-82ef-3eb093808d7c" dataRowInfo="2" resultType="DataDrivenDataRow" />
        <UnitTestResult executionId="5d7dde51-ec17-4c75-8c98-12c409e7b0b3" parentExecutionId="156904d1-724c-4505-82ef-3eb093808d7c" testId="83c68223-dcaa-51dd-423f-434210a59f77" testName="second_person_tenses_active_negation" computerName="ARPAN-LAP" duration="00:00:00.0283162" startTime="2014-06-29T13:09:45.9434249+05:30" endTime="2014-06-29T13:09:45.9724266+05:30" testType="13cdc9d9-ddb5-4fa4-a97d-d965ccfc6d4b" outcome="Passed" testListId="8c84fa94-04c1-424b-9868-57a2d4851a1d" relativeResultsDirectory="156904d1-724c-4505-82ef-3eb093808d7c" dataRowInfo="3" resultType="DataDrivenDataRow" />
        <UnitTestResult executionId="17c8e240-f72e-480b-bd0f-2e9eed016650" parentExecutionId="156904d1-724c-4505-82ef-3eb093808d7c" testId="83c68223-dcaa-51dd-423f-434210a59f77" testName="second_person_tenses_active_negation" computerName="ARPAN-LAP" duration="00:00:00.0191358" startTime="2014-06-29T13:09:45.9724266+05:30" endTime="2014-06-29T13:09:45.9914277+05:30" testType="13cdc9d9-ddb5-4fa4-a97d-d965ccfc6d4b" outcome="Passed" testListId="8c84fa94-04c1-424b-9868-57a2d4851a1d" relativeResultsDirectory="156904d1-724c-4505-82ef-3eb093808d7c" dataRowInfo="4" resultType="DataDrivenDataRow" />
        <UnitTestResult executionId="c513c7e7-7d3b-46f7-839f-5fb47f0b46dc" parentExecutionId="156904d1-724c-4505-82ef-3eb093808d7c" testId="83c68223-dcaa-51dd-423f-434210a59f77" testName="second_person_tenses_active_negation" computerName="ARPAN-LAP" duration="00:00:00.0212033" startTime="2014-06-29T13:09:45.9914277+05:30" endTime="2014-06-29T13:09:46.0124289+05:30" testType="13cdc9d9-ddb5-4fa4-a97d-d965ccfc6d4b" outcome="Passed" testListId="8c84fa94-04c1-424b-9868-57a2d4851a1d" relativeResultsDirectory="156904d1-724c-4505-82ef-3eb093808d7c" dataRowInfo="5" resultType="DataDrivenDataRow" />
        <UnitTestResult executionId="0351d444-5666-402d-834c-8d829f2bbcf1" parentExecutionId="156904d1-724c-4505-82ef-3eb093808d7c" testId="83c68223-dcaa-51dd-423f-434210a59f77" testName="second_person_tenses_active_negation" computerName="ARPAN-LAP" duration="00:00:00.0204313" startTime="2014-06-29T13:09:46.0124289+05:30" endTime="2014-06-29T13:09:46.0324300+05:30" testType="13cdc9d9-ddb5-4fa4-a97d-d965ccfc6d4b" outcome="Passed" testListId="8c84fa94-04c1-424b-9868-57a2d4851a1d" relativeResultsDirectory="156904d1-724c-4505-82ef-3eb093808d7c" dataRowInfo="6" resultType="DataDrivenDataRow" />
        <UnitTestResult executionId="9a48b014-fb58-4b03-9ef6-693b8d74c1ef" parentExecutionId="156904d1-724c-4505-82ef-3eb093808d7c" testId="83c68223-dcaa-51dd-423f-434210a59f77" testName="second_person_tenses_active_negation" computerName="ARPAN-LAP" duration="00:00:00.0247135" startTime="2014-06-29T13:09:46.0334301+05:30" endTime="2014-06-29T13:09:46.0574315+05:30" testType="13cdc9d9-ddb5-4fa4-a97d-d965ccfc6d4b" outcome="Passed" testListId="8c84fa94-04c1-424b-9868-57a2d4851a1d" relativeResultsDirectory="156904d1-724c-4505-82ef-3eb093808d7c" dataRowInfo="7" resultType="DataDrivenDataRow" />
        <UnitTestResult executionId="ca20bee3-2cd1-4b6f-b404-fb2efdda18bd" parentExecutionId="156904d1-724c-4505-82ef-3eb093808d7c" testId="83c68223-dcaa-51dd-423f-434210a59f77" testName="second_person_tenses_active_negation" computerName="ARPAN-LAP" duration="00:00:00.0193385" startTime="2014-06-29T13:09:46.0574315+05:30" endTime="2014-06-29T13:09:46.0774326+05:30" testType="13cdc9d9-ddb5-4fa4-a97d-d965ccfc6d4b" outcome="Passed" testListId="8c84fa94-04c1-424b-9868-57a2d4851a1d" relativeResultsDirectory="156904d1-724c-4505-82ef-3eb093808d7c" dataRowInfo="8" resultType="DataDrivenDataRow" />
        <UnitTestResult executionId="97b632e0-727d-4972-bd2a-deac9af55de9" parentExecutionId="156904d1-724c-4505-82ef-3eb093808d7c" testId="83c68223-dcaa-51dd-423f-434210a59f77" testName="second_person_tenses_active_negation" computerName="ARPAN-LAP" duration="00:00:00.0265623" startTime="2014-06-29T13:09:46.0774326+05:30" endTime="2014-06-29T13:09:46.1034341+05:30" testType="13cdc9d9-ddb5-4fa4-a97d-d965ccfc6d4b" outcome="Passed" testListId="8c84fa94-04c1-424b-9868-57a2d4851a1d" relativeResultsDirectory="156904d1-724c-4505-82ef-3eb093808d7c" dataRowInfo="9" resultType="DataDrivenDataRow" />
      </InnerResults>
    </UnitTestResult>
    <UnitTestResult executionId="625cd5f9-b7da-4ffd-b8a9-20b4163823b5" testId="8fe5ccb3-a3f4-0f61-ad21-e94ef029e900" testName="all_persons_modal_can_may" computerName="ARPAN-LAP" duration="00:00:00.7035484" startTime="2014-06-29T13:09:46.1364360+05:30" endTime="2014-06-29T13:09:47.0524884+05:30" testType="13cdc9d9-ddb5-4fa4-a97d-d965ccfc6d4b" outcome="Passed" testListId="8c84fa94-04c1-424b-9868-57a2d4851a1d" relativeResultsDirectory="625cd5f9-b7da-4ffd-b8a9-20b4163823b5" resultType="DataDrivenTest">
      <Counters error="0" failed="0" timeout="0" aborted="0" inconclusive="0" passedButRunAborted="0" notRunnable="0" notExecuted="0" disconnected="0" warning="0" passed="29" completed="0" inProgress="0" pending="0" />
      <InnerResults>
        <UnitTestResult executionId="4ef34314-2da9-41ff-8386-be27e4d7c59f" parentExecutionId="625cd5f9-b7da-4ffd-b8a9-20b4163823b5" testId="8fe5ccb3-a3f4-0f61-ad21-e94ef029e900" testName="all_persons_modal_can_may" computerName="ARPAN-LAP" duration="00:00:00.0363325" startTime="2014-06-29T13:09:46.1724380+05:30" endTime="2014-06-29T13:09:46.2084401+05:30" testType="13cdc9d9-ddb5-4fa4-a97d-d965ccfc6d4b" outcome="Passed" testListId="8c84fa94-04c1-424b-9868-57a2d4851a1d" relativeResultsDirectory="625cd5f9-b7da-4ffd-b8a9-20b4163823b5" dataRowInfo="0" resultType="DataDrivenDataRow" />
        <UnitTestResult executionId="a1903488-7f49-444a-a1bf-39dcc00cca9e" parentExecutionId="625cd5f9-b7da-4ffd-b8a9-20b4163823b5" testId="8fe5ccb3-a3f4-0f61-ad21-e94ef029e900" testName="all_persons_modal_can_may" computerName="ARPAN-LAP" duration="00:00:00.0287448" startTime="2014-06-29T13:09:46.2094401+05:30" endTime="2014-06-29T13:09:46.2374418+05:30" testType="13cdc9d9-ddb5-4fa4-a97d-d965ccfc6d4b" outcome="Passed" testListId="8c84fa94-04c1-424b-9868-57a2d4851a1d" relativeResultsDirectory="625cd5f9-b7da-4ffd-b8a9-20b4163823b5" dataRowInfo="1" resultType="DataDrivenDataRow" />
        <UnitTestResult executionId="eeaad87b-821b-43b4-8dea-7f96f541e916" parentExecutionId="625cd5f9-b7da-4ffd-b8a9-20b4163823b5" testId="8fe5ccb3-a3f4-0f61-ad21-e94ef029e900" testName="all_persons_modal_can_may" computerName="ARPAN-LAP" duration="00:00:00.0239323" startTime="2014-06-29T13:09:46.2374418+05:30" endTime="2014-06-29T13:09:46.2614431+05:30" testType="13cdc9d9-ddb5-4fa4-a97d-d965ccfc6d4b" outcome="Passed" testListId="8c84fa94-04c1-424b-9868-57a2d4851a1d" relativeResultsDirectory="625cd5f9-b7da-4ffd-b8a9-20b4163823b5" dataRowInfo="2" resultType="DataDrivenDataRow" />
        <UnitTestResult executionId="c5c3c57a-d484-49a7-9387-b0a20e633565" parentExecutionId="625cd5f9-b7da-4ffd-b8a9-20b4163823b5" testId="8fe5ccb3-a3f4-0f61-ad21-e94ef029e900" testName="all_persons_modal_can_may" computerName="ARPAN-LAP" duration="00:00:00.0257288" startTime="2014-06-29T13:09:46.2614431+05:30" endTime="2014-06-29T13:09:46.2874446+05:30" testType="13cdc9d9-ddb5-4fa4-a97d-d965ccfc6d4b" outcome="Passed" testListId="8c84fa94-04c1-424b-9868-57a2d4851a1d" relativeResultsDirectory="625cd5f9-b7da-4ffd-b8a9-20b4163823b5" dataRowInfo="3" resultType="DataDrivenDataRow" />
        <UnitTestResult executionId="8f32e370-5d4d-49d5-86f3-483edb268bac" parentExecutionId="625cd5f9-b7da-4ffd-b8a9-20b4163823b5" testId="8fe5ccb3-a3f4-0f61-ad21-e94ef029e900" testName="all_persons_modal_can_may" computerName="ARPAN-LAP" duration="00:00:00.0246073" startTime="2014-06-29T13:09:46.2874446+05:30" endTime="2014-06-29T13:09:46.3124460+05:30" testType="13cdc9d9-ddb5-4fa4-a97d-d965ccfc6d4b" outcome="Passed" testListId="8c84fa94-04c1-424b-9868-57a2d4851a1d" relativeResultsDirectory="625cd5f9-b7da-4ffd-b8a9-20b4163823b5" dataRowInfo="4" resultType="DataDrivenDataRow" />
        <UnitTestResult executionId="bd0282d9-f3a2-4122-b120-d0777d1e7e5a" parentExecutionId="625cd5f9-b7da-4ffd-b8a9-20b4163823b5" testId="8fe5ccb3-a3f4-0f61-ad21-e94ef029e900" testName="all_persons_modal_can_may" computerName="ARPAN-LAP" duration="00:00:00.0254691" startTime="2014-06-29T13:09:46.3124460+05:30" endTime="2014-06-29T13:09:46.3374475+05:30" testType="13cdc9d9-ddb5-4fa4-a97d-d965ccfc6d4b" outcome="Passed" testListId="8c84fa94-04c1-424b-9868-57a2d4851a1d" relativeResultsDirectory="625cd5f9-b7da-4ffd-b8a9-20b4163823b5" dataRowInfo="5" resultType="DataDrivenDataRow" />
        <UnitTestResult executionId="0fe318d8-9c26-43bc-a443-1c1153d531cd" parentExecutionId="625cd5f9-b7da-4ffd-b8a9-20b4163823b5" testId="8fe5ccb3-a3f4-0f61-ad21-e94ef029e900" testName="all_persons_modal_can_may" computerName="ARPAN-LAP" duration="00:00:00.0324496" startTime="2014-06-29T13:09:46.3374475+05:30" endTime="2014-06-29T13:09:46.3704494+05:30" testType="13cdc9d9-ddb5-4fa4-a97d-d965ccfc6d4b" outcome="Passed" testListId="8c84fa94-04c1-424b-9868-57a2d4851a1d" relativeResultsDirectory="625cd5f9-b7da-4ffd-b8a9-20b4163823b5" dataRowInfo="6" resultType="DataDrivenDataRow" />
        <UnitTestResult executionId="a42f7239-8ba5-4c5d-bb9f-c471cff55135" parentExecutionId="625cd5f9-b7da-4ffd-b8a9-20b4163823b5" testId="8fe5ccb3-a3f4-0f61-ad21-e94ef029e900" testName="all_persons_modal_can_may" computerName="ARPAN-LAP" duration="00:00:00.0324711" startTime="2014-06-29T13:09:46.3704494+05:30" endTime="2014-06-29T13:09:46.4024512+05:30" testType="13cdc9d9-ddb5-4fa4-a97d-d965ccfc6d4b" outcome="Passed" testListId="8c84fa94-04c1-424b-9868-57a2d4851a1d" relativeResultsDirectory="625cd5f9-b7da-4ffd-b8a9-20b4163823b5" dataRowInfo="7" resultType="DataDrivenDataRow" />
        <UnitTestResult executionId="ebb317ea-2af1-41fb-aeb7-20361ff87a33" parentExecutionId="625cd5f9-b7da-4ffd-b8a9-20b4163823b5" testId="8fe5ccb3-a3f4-0f61-ad21-e94ef029e900" testName="all_persons_modal_can_may" computerName="ARPAN-LAP" duration="00:00:00.0200099" startTime="2014-06-29T13:09:46.4024512+05:30" endTime="2014-06-29T13:09:46.4224523+05:30" testType="13cdc9d9-ddb5-4fa4-a97d-d965ccfc6d4b" outcome="Passed" testListId="8c84fa94-04c1-424b-9868-57a2d4851a1d" relativeResultsDirectory="625cd5f9-b7da-4ffd-b8a9-20b4163823b5" dataRowInfo="8" resultType="DataDrivenDataRow" />
        <UnitTestResult executionId="8baa301b-5ffc-476c-9e21-26b2495db3e1" parentExecutionId="625cd5f9-b7da-4ffd-b8a9-20b4163823b5" testId="8fe5ccb3-a3f4-0f61-ad21-e94ef029e900" testName="all_persons_modal_can_may" computerName="ARPAN-LAP" duration="00:00:00.0179548" startTime="2014-06-29T13:09:46.4224523+05:30" endTime="2014-06-29T13:09:46.4404534+05:30" testType="13cdc9d9-ddb5-4fa4-a97d-d965ccfc6d4b" outcome="Passed" testListId="8c84fa94-04c1-424b-9868-57a2d4851a1d" relativeResultsDirectory="625cd5f9-b7da-4ffd-b8a9-20b4163823b5" dataRowInfo="9" resultType="DataDrivenDataRow" />
        <UnitTestResult executionId="940476ff-227a-47e2-b926-2d98f0d26aa3" parentExecutionId="625cd5f9-b7da-4ffd-b8a9-20b4163823b5" testId="8fe5ccb3-a3f4-0f61-ad21-e94ef029e900" testName="all_persons_modal_can_may" computerName="ARPAN-LAP" duration="00:00:00.0175708" startTime="2014-06-29T13:09:46.4404534+05:30" endTime="2014-06-29T13:09:46.4584544+05:30" testType="13cdc9d9-ddb5-4fa4-a97d-d965ccfc6d4b" outcome="Passed" testListId="8c84fa94-04c1-424b-9868-57a2d4851a1d" relativeResultsDirectory="625cd5f9-b7da-4ffd-b8a9-20b4163823b5" dataRowInfo="10" resultType="DataDrivenDataRow" />
        <UnitTestResult executionId="3b375b7e-3bee-418d-9af6-2daa05edce88" parentExecutionId="625cd5f9-b7da-4ffd-b8a9-20b4163823b5" testId="8fe5ccb3-a3f4-0f61-ad21-e94ef029e900" testName="all_persons_modal_can_may" computerName="ARPAN-LAP" duration="00:00:00.0193108" startTime="2014-06-29T13:09:46.4584544+05:30" endTime="2014-06-29T13:09:46.4774555+05:30" testType="13cdc9d9-ddb5-4fa4-a97d-d965ccfc6d4b" outcome="Passed" testListId="8c84fa94-04c1-424b-9868-57a2d4851a1d" relativeResultsDirectory="625cd5f9-b7da-4ffd-b8a9-20b4163823b5" dataRowInfo="11" resultType="DataDrivenDataRow" />
        <UnitTestResult executionId="f611902f-8c09-42b0-9361-31dcf9826fc7" parentExecutionId="625cd5f9-b7da-4ffd-b8a9-20b4163823b5" testId="8fe5ccb3-a3f4-0f61-ad21-e94ef029e900" testName="all_persons_modal_can_may" computerName="ARPAN-LAP" duration="00:00:00.0236500" startTime="2014-06-29T13:09:46.4774555+05:30" endTime="2014-06-29T13:09:46.5014569+05:30" testType="13cdc9d9-ddb5-4fa4-a97d-d965ccfc6d4b" outcome="Passed" testListId="8c84fa94-04c1-424b-9868-57a2d4851a1d" relativeResultsDirectory="625cd5f9-b7da-4ffd-b8a9-20b4163823b5" dataRowInfo="12" resultType="DataDrivenDataRow" />
        <UnitTestResult executionId="399f7680-f445-46fa-8319-88de9386559a" parentExecutionId="625cd5f9-b7da-4ffd-b8a9-20b4163823b5" testId="8fe5ccb3-a3f4-0f61-ad21-e94ef029e900" testName="all_persons_modal_can_may" computerName="ARPAN-LAP" duration="00:00:00.0231665" startTime="2014-06-29T13:09:46.5014569+05:30" endTime="2014-06-29T13:09:46.5244582+05:30" testType="13cdc9d9-ddb5-4fa4-a97d-d965ccfc6d4b" outcome="Passed" testListId="8c84fa94-04c1-424b-9868-57a2d4851a1d" relativeResultsDirectory="625cd5f9-b7da-4ffd-b8a9-20b4163823b5" dataRowInfo="13" resultType="DataDrivenDataRow" />
        <UnitTestResult executionId="d6744f70-9c3f-44a5-b95a-385daa9d002f" parentExecutionId="625cd5f9-b7da-4ffd-b8a9-20b4163823b5" testId="8fe5ccb3-a3f4-0f61-ad21-e94ef029e900" testName="all_persons_modal_can_may" computerName="ARPAN-LAP" duration="00:00:00.0230141" startTime="2014-06-29T13:09:46.5244582+05:30" endTime="2014-06-29T13:09:46.5474595+05:30" testType="13cdc9d9-ddb5-4fa4-a97d-d965ccfc6d4b" outcome="Passed" testListId="8c84fa94-04c1-424b-9868-57a2d4851a1d" relativeResultsDirectory="625cd5f9-b7da-4ffd-b8a9-20b4163823b5" dataRowInfo="14" resultType="DataDrivenDataRow" />
        <UnitTestResult executionId="bf8c6a55-699f-4275-83c8-4113ab19a430" parentExecutionId="625cd5f9-b7da-4ffd-b8a9-20b4163823b5" testId="8fe5ccb3-a3f4-0f61-ad21-e94ef029e900" testName="all_persons_modal_can_may" computerName="ARPAN-LAP" duration="00:00:00.0243142" startTime="2014-06-29T13:09:46.5474595+05:30" endTime="2014-06-29T13:09:46.5724609+05:30" testType="13cdc9d9-ddb5-4fa4-a97d-d965ccfc6d4b" outcome="Passed" testListId="8c84fa94-04c1-424b-9868-57a2d4851a1d" relativeResultsDirectory="625cd5f9-b7da-4ffd-b8a9-20b4163823b5" dataRowInfo="15" resultType="DataDrivenDataRow" />
        <UnitTestResult executionId="9d87ea1d-a2c9-4d16-ac44-04a9bc0c6932" parentExecutionId="625cd5f9-b7da-4ffd-b8a9-20b4163823b5" testId="8fe5ccb3-a3f4-0f61-ad21-e94ef029e900" testName="all_persons_modal_can_may" computerName="ARPAN-LAP" duration="00:00:00.0180682" startTime="2014-06-29T13:09:46.5724609+05:30" endTime="2014-06-29T13:09:46.5904619+05:30" testType="13cdc9d9-ddb5-4fa4-a97d-d965ccfc6d4b" outcome="Passed" testListId="8c84fa94-04c1-424b-9868-57a2d4851a1d" relativeResultsDirectory="625cd5f9-b7da-4ffd-b8a9-20b4163823b5" dataRowInfo="16" resultType="DataDrivenDataRow" />
        <UnitTestResult executionId="02f5df5d-9b65-476d-be2e-842a5ba1f9a5" parentExecutionId="625cd5f9-b7da-4ffd-b8a9-20b4163823b5" testId="8fe5ccb3-a3f4-0f61-ad21-e94ef029e900" testName="all_persons_modal_can_may" computerName="ARPAN-LAP" duration="00:00:00.0237912" startTime="2014-06-29T13:09:46.5904619+05:30" endTime="2014-06-29T13:09:46.6144633+05:30" testType="13cdc9d9-ddb5-4fa4-a97d-d965ccfc6d4b" outcome="Passed" testListId="8c84fa94-04c1-424b-9868-57a2d4851a1d" relativeResultsDirectory="625cd5f9-b7da-4ffd-b8a9-20b4163823b5" dataRowInfo="17" resultType="DataDrivenDataRow" />
        <UnitTestResult executionId="a19c687c-f28c-4a5f-9e10-04b3d22f487c" parentExecutionId="625cd5f9-b7da-4ffd-b8a9-20b4163823b5" testId="8fe5ccb3-a3f4-0f61-ad21-e94ef029e900" testName="all_persons_modal_can_may" computerName="ARPAN-LAP" duration="00:00:00.0176565" startTime="2014-06-29T13:09:46.6144633+05:30" endTime="2014-06-29T13:09:46.6314643+05:30" testType="13cdc9d9-ddb5-4fa4-a97d-d965ccfc6d4b" outcome="Passed" testListId="8c84fa94-04c1-424b-9868-57a2d4851a1d" relativeResultsDirectory="625cd5f9-b7da-4ffd-b8a9-20b4163823b5" dataRowInfo="18" resultType="DataDrivenDataRow" />
        <UnitTestResult executionId="8397258b-15ef-4ffd-8f91-8df4e6dfffeb" parentExecutionId="625cd5f9-b7da-4ffd-b8a9-20b4163823b5" testId="8fe5ccb3-a3f4-0f61-ad21-e94ef029e900" testName="all_persons_modal_can_may" computerName="ARPAN-LAP" duration="00:00:00.0206073" startTime="2014-06-29T13:09:46.6314643+05:30" endTime="2014-06-29T13:09:46.6524655+05:30" testType="13cdc9d9-ddb5-4fa4-a97d-d965ccfc6d4b" outcome="Passed" testListId="8c84fa94-04c1-424b-9868-57a2d4851a1d" relativeResultsDirectory="625cd5f9-b7da-4ffd-b8a9-20b4163823b5" dataRowInfo="19" resultType="DataDrivenDataRow" />
        <UnitTestResult executionId="3bc8e4e1-cd8f-46cd-bd6a-647d10197c39" parentExecutionId="625cd5f9-b7da-4ffd-b8a9-20b4163823b5" testId="8fe5ccb3-a3f4-0f61-ad21-e94ef029e900" testName="all_persons_modal_can_may" computerName="ARPAN-LAP" duration="00:00:00.0225696" startTime="2014-06-29T13:09:46.6524655+05:30" endTime="2014-06-29T13:09:46.6754668+05:30" testType="13cdc9d9-ddb5-4fa4-a97d-d965ccfc6d4b" outcome="Passed" testListId="8c84fa94-04c1-424b-9868-57a2d4851a1d" relativeResultsDirectory="625cd5f9-b7da-4ffd-b8a9-20b4163823b5" dataRowInfo="20" resultType="DataDrivenDataRow" />
        <UnitTestResult executionId="1fe7d34a-75d7-44ee-8e52-7c5819e48a38" parentExecutionId="625cd5f9-b7da-4ffd-b8a9-20b4163823b5" testId="8fe5ccb3-a3f4-0f61-ad21-e94ef029e900" testName="all_persons_modal_can_may" computerName="ARPAN-LAP" duration="00:00:00.0248454" startTime="2014-06-29T13:09:46.6754668+05:30" endTime="2014-06-29T13:09:46.7004682+05:30" testType="13cdc9d9-ddb5-4fa4-a97d-d965ccfc6d4b" outcome="Passed" testListId="8c84fa94-04c1-424b-9868-57a2d4851a1d" relativeResultsDirectory="625cd5f9-b7da-4ffd-b8a9-20b4163823b5" dataRowInfo="21" resultType="DataDrivenDataRow" />
        <UnitTestResult executionId="e9379ca3-f23e-4f62-9cf1-655ec48e9130" parentExecutionId="625cd5f9-b7da-4ffd-b8a9-20b4163823b5" testId="8fe5ccb3-a3f4-0f61-ad21-e94ef029e900" testName="all_persons_modal_can_may" computerName="ARPAN-LAP" duration="00:00:00.0238810" startTime="2014-06-29T13:09:46.7004682+05:30" endTime="2014-06-29T13:09:46.7234695+05:30" testType="13cdc9d9-ddb5-4fa4-a97d-d965ccfc6d4b" outcome="Passed" testListId="8c84fa94-04c1-424b-9868-57a2d4851a1d" relativeResultsDirectory="625cd5f9-b7da-4ffd-b8a9-20b4163823b5" dataRowInfo="22" resultType="DataDrivenDataRow" />
        <UnitTestResult executionId="8a50b924-6b41-40f7-990b-1b7298345b86" parentExecutionId="625cd5f9-b7da-4ffd-b8a9-20b4163823b5" testId="8fe5ccb3-a3f4-0f61-ad21-e94ef029e900" testName="all_persons_modal_can_may" computerName="ARPAN-LAP" duration="00:00:00.0223735" startTime="2014-06-29T13:09:46.7234695+05:30" endTime="2014-06-29T13:09:46.7464709+05:30" testType="13cdc9d9-ddb5-4fa4-a97d-d965ccfc6d4b" outcome="Passed" testListId="8c84fa94-04c1-424b-9868-57a2d4851a1d" relativeResultsDirectory="625cd5f9-b7da-4ffd-b8a9-20b4163823b5" dataRowInfo="23" resultType="DataDrivenDataRow" />
        <UnitTestResult executionId="74ca2fe6-c094-4058-8a58-3ec80925f942" parentExecutionId="625cd5f9-b7da-4ffd-b8a9-20b4163823b5" testId="8fe5ccb3-a3f4-0f61-ad21-e94ef029e900" testName="all_persons_modal_can_may" computerName="ARPAN-LAP" duration="00:00:00.0232163" startTime="2014-06-29T13:09:46.7464709+05:30" endTime="2014-06-29T13:09:46.7694722+05:30" testType="13cdc9d9-ddb5-4fa4-a97d-d965ccfc6d4b" outcome="Passed" testListId="8c84fa94-04c1-424b-9868-57a2d4851a1d" relativeResultsDirectory="625cd5f9-b7da-4ffd-b8a9-20b4163823b5" dataRowInfo="24" resultType="DataDrivenDataRow" />
        <UnitTestResult executionId="0996caf6-11c8-4241-add8-f99a97303f82" parentExecutionId="625cd5f9-b7da-4ffd-b8a9-20b4163823b5" testId="8fe5ccb3-a3f4-0f61-ad21-e94ef029e900" testName="all_persons_modal_can_may" computerName="ARPAN-LAP" duration="00:00:00.0233472" startTime="2014-06-29T13:09:46.7694722+05:30" endTime="2014-06-29T13:09:46.7934736+05:30" testType="13cdc9d9-ddb5-4fa4-a97d-d965ccfc6d4b" outcome="Passed" testListId="8c84fa94-04c1-424b-9868-57a2d4851a1d" relativeResultsDirectory="625cd5f9-b7da-4ffd-b8a9-20b4163823b5" dataRowInfo="25" resultType="DataDrivenDataRow" />
        <UnitTestResult executionId="f61ce578-bf94-4a73-aa22-0c79f445bead" parentExecutionId="625cd5f9-b7da-4ffd-b8a9-20b4163823b5" testId="8fe5ccb3-a3f4-0f61-ad21-e94ef029e900" testName="all_persons_modal_can_may" computerName="ARPAN-LAP" duration="00:00:00.0247705" startTime="2014-06-29T13:09:46.7934736+05:30" endTime="2014-06-29T13:09:46.8174749+05:30" testType="13cdc9d9-ddb5-4fa4-a97d-d965ccfc6d4b" outcome="Passed" testListId="8c84fa94-04c1-424b-9868-57a2d4851a1d" relativeResultsDirectory="625cd5f9-b7da-4ffd-b8a9-20b4163823b5" dataRowInfo="26" resultType="DataDrivenDataRow" />
        <UnitTestResult executionId="ac6c7588-a1f9-4805-b8e1-589fff0c27b6" parentExecutionId="625cd5f9-b7da-4ffd-b8a9-20b4163823b5" testId="8fe5ccb3-a3f4-0f61-ad21-e94ef029e900" testName="all_persons_modal_can_may" computerName="ARPAN-LAP" duration="00:00:00.0270084" startTime="2014-06-29T13:09:46.8174749+05:30" endTime="2014-06-29T13:09:46.8444765+05:30" testType="13cdc9d9-ddb5-4fa4-a97d-d965ccfc6d4b" outcome="Passed" testListId="8c84fa94-04c1-424b-9868-57a2d4851a1d" relativeResultsDirectory="625cd5f9-b7da-4ffd-b8a9-20b4163823b5" dataRowInfo="27" resultType="DataDrivenDataRow" />
        <UnitTestResult executionId="f55844c0-c5ff-43d3-af6d-c773d8612dcb" parentExecutionId="625cd5f9-b7da-4ffd-b8a9-20b4163823b5" testId="8fe5ccb3-a3f4-0f61-ad21-e94ef029e900" testName="all_persons_modal_can_may" computerName="ARPAN-LAP" duration="00:00:00.0281576" startTime="2014-06-29T13:09:46.8454765+05:30" endTime="2014-06-29T13:09:46.8734781+05:30" testType="13cdc9d9-ddb5-4fa4-a97d-d965ccfc6d4b" outcome="Passed" testListId="8c84fa94-04c1-424b-9868-57a2d4851a1d" relativeResultsDirectory="625cd5f9-b7da-4ffd-b8a9-20b4163823b5" dataRowInfo="28" resultType="DataDrivenDataRow" />
      </InnerResults>
    </UnitTestResult>
    <UnitTestResult executionId="64714d56-0ed5-4b38-9082-611ca2e63407" testId="921e6ab0-d7c2-6005-e523-6fd2d5e1a723" testName="first_person_tenses_active" computerName="ARPAN-LAP" duration="00:00:00.2488532" startTime="2014-06-29T13:09:47.0614889+05:30" endTime="2014-06-29T13:09:47.3485053+05:30" testType="13cdc9d9-ddb5-4fa4-a97d-d965ccfc6d4b" outcome="Passed" testListId="8c84fa94-04c1-424b-9868-57a2d4851a1d" relativeResultsDirectory="64714d56-0ed5-4b38-9082-611ca2e63407" resultType="DataDrivenTest">
      <Counters error="0" failed="0" timeout="0" aborted="0" inconclusive="0" passedButRunAborted="0" notRunnable="0" notExecuted="0" disconnected="0" warning="0" passed="10" completed="0" inProgress="0" pending="0" />
      <InnerResults>
        <UnitTestResult executionId="70a07546-3a77-49b4-a0e0-befdd82a20ab" parentExecutionId="64714d56-0ed5-4b38-9082-611ca2e63407" testId="921e6ab0-d7c2-6005-e523-6fd2d5e1a723" testName="first_person_tenses_active" computerName="ARPAN-LAP" duration="00:00:00.0269073" startTime="2014-06-29T13:09:47.0664892+05:30" endTime="2014-06-29T13:09:47.0934907+05:30" testType="13cdc9d9-ddb5-4fa4-a97d-d965ccfc6d4b" outcome="Passed" testListId="8c84fa94-04c1-424b-9868-57a2d4851a1d" relativeResultsDirectory="64714d56-0ed5-4b38-9082-611ca2e63407" dataRowInfo="0" resultType="DataDrivenDataRow" />
        <UnitTestResult executionId="47ee7d52-55d3-4de9-a706-ac2e895529af" parentExecutionId="64714d56-0ed5-4b38-9082-611ca2e63407" testId="921e6ab0-d7c2-6005-e523-6fd2d5e1a723" testName="first_person_tenses_active" computerName="ARPAN-LAP" duration="00:00:00.0234930" startTime="2014-06-29T13:09:47.0934907+05:30" endTime="2014-06-29T13:09:47.1174921+05:30" testType="13cdc9d9-ddb5-4fa4-a97d-d965ccfc6d4b" outcome="Passed" testListId="8c84fa94-04c1-424b-9868-57a2d4851a1d" relativeResultsDirectory="64714d56-0ed5-4b38-9082-611ca2e63407" dataRowInfo="1" resultType="DataDrivenDataRow" />
        <UnitTestResult executionId="07e54ee1-7f6d-45fc-8493-71dfbb142af5" parentExecutionId="64714d56-0ed5-4b38-9082-611ca2e63407" testId="921e6ab0-d7c2-6005-e523-6fd2d5e1a723" testName="first_person_tenses_active" computerName="ARPAN-LAP" duration="00:00:00.0226065" startTime="2014-06-29T13:09:47.1174921+05:30" endTime="2014-06-29T13:09:47.1394933+05:30" testType="13cdc9d9-ddb5-4fa4-a97d-d965ccfc6d4b" outcome="Passed" testListId="8c84fa94-04c1-424b-9868-57a2d4851a1d" relativeResultsDirectory="64714d56-0ed5-4b38-9082-611ca2e63407" dataRowInfo="2" resultType="DataDrivenDataRow" />
        <UnitTestResult executionId="54727c02-4e04-453b-a83d-5f0ce0eb4610" parentExecutionId="64714d56-0ed5-4b38-9082-611ca2e63407" testId="921e6ab0-d7c2-6005-e523-6fd2d5e1a723" testName="first_person_tenses_active" computerName="ARPAN-LAP" duration="00:00:00.0274000" startTime="2014-06-29T13:09:47.1394933+05:30" endTime="2014-06-29T13:09:47.1674949+05:30" testType="13cdc9d9-ddb5-4fa4-a97d-d965ccfc6d4b" outcome="Passed" testListId="8c84fa94-04c1-424b-9868-57a2d4851a1d" relativeResultsDirectory="64714d56-0ed5-4b38-9082-611ca2e63407" dataRowInfo="3" resultType="DataDrivenDataRow" />
        <UnitTestResult executionId="57e37dfd-c8c8-454f-8000-08db91ab1ebc" parentExecutionId="64714d56-0ed5-4b38-9082-611ca2e63407" testId="921e6ab0-d7c2-6005-e523-6fd2d5e1a723" testName="first_person_tenses_active" computerName="ARPAN-LAP" duration="00:00:00.0200448" startTime="2014-06-29T13:09:47.1674949+05:30" endTime="2014-06-29T13:09:47.1874961+05:30" testType="13cdc9d9-ddb5-4fa4-a97d-d965ccfc6d4b" outcome="Passed" testListId="8c84fa94-04c1-424b-9868-57a2d4851a1d" relativeResultsDirectory="64714d56-0ed5-4b38-9082-611ca2e63407" dataRowInfo="4" resultType="DataDrivenDataRow" />
        <UnitTestResult executionId="b5e31a54-0217-41b3-87b3-ad903a6a9d1d" parentExecutionId="64714d56-0ed5-4b38-9082-611ca2e63407" testId="921e6ab0-d7c2-6005-e523-6fd2d5e1a723" testName="first_person_tenses_active" computerName="ARPAN-LAP" duration="00:00:00.0234801" startTime="2014-06-29T13:09:47.1874961+05:30" endTime="2014-06-29T13:09:47.2104974+05:30" testType="13cdc9d9-ddb5-4fa4-a97d-d965ccfc6d4b" outcome="Passed" testListId="8c84fa94-04c1-424b-9868-57a2d4851a1d" relativeResultsDirectory="64714d56-0ed5-4b38-9082-611ca2e63407" dataRowInfo="5" resultType="DataDrivenDataRow" />
        <UnitTestResult executionId="0eadc1ad-f3f6-4c6f-adc0-e8973b970d4c" parentExecutionId="64714d56-0ed5-4b38-9082-611ca2e63407" testId="921e6ab0-d7c2-6005-e523-6fd2d5e1a723" testName="first_person_tenses_active" computerName="ARPAN-LAP" duration="00:00:00.0228657" startTime="2014-06-29T13:09:47.2104974+05:30" endTime="2014-06-29T13:09:47.2334987+05:30" testType="13cdc9d9-ddb5-4fa4-a97d-d965ccfc6d4b" outcome="Passed" testListId="8c84fa94-04c1-424b-9868-57a2d4851a1d" relativeResultsDirectory="64714d56-0ed5-4b38-9082-611ca2e63407" dataRowInfo="6" resultType="DataDrivenDataRow" />
        <UnitTestResult executionId="4be35dd4-3152-4dd4-9033-5642d2dea587" parentExecutionId="64714d56-0ed5-4b38-9082-611ca2e63407" testId="921e6ab0-d7c2-6005-e523-6fd2d5e1a723" testName="first_person_tenses_active" computerName="ARPAN-LAP" duration="00:00:00.0293884" startTime="2014-06-29T13:09:47.2334987+05:30" endTime="2014-06-29T13:09:47.2635004+05:30" testType="13cdc9d9-ddb5-4fa4-a97d-d965ccfc6d4b" outcome="Passed" testListId="8c84fa94-04c1-424b-9868-57a2d4851a1d" relativeResultsDirectory="64714d56-0ed5-4b38-9082-611ca2e63407" dataRowInfo="7" resultType="DataDrivenDataRow" />
        <UnitTestResult executionId="8068101e-2948-40d5-a227-09e0c182cce3" parentExecutionId="64714d56-0ed5-4b38-9082-611ca2e63407" testId="921e6ab0-d7c2-6005-e523-6fd2d5e1a723" testName="first_person_tenses_active" computerName="ARPAN-LAP" duration="00:00:00.0244194" startTime="2014-06-29T13:09:47.2635004+05:30" endTime="2014-06-29T13:09:47.2875018+05:30" testType="13cdc9d9-ddb5-4fa4-a97d-d965ccfc6d4b" outcome="Passed" testListId="8c84fa94-04c1-424b-9868-57a2d4851a1d" relativeResultsDirectory="64714d56-0ed5-4b38-9082-611ca2e63407" dataRowInfo="8" resultType="DataDrivenDataRow" />
        <UnitTestResult executionId="586229c3-0e73-4130-9d29-f007a39918b5" parentExecutionId="64714d56-0ed5-4b38-9082-611ca2e63407" testId="921e6ab0-d7c2-6005-e523-6fd2d5e1a723" testName="first_person_tenses_active" computerName="ARPAN-LAP" duration="00:00:00.0258638" startTime="2014-06-29T13:09:47.2875018+05:30" endTime="2014-06-29T13:09:47.3135033+05:30" testType="13cdc9d9-ddb5-4fa4-a97d-d965ccfc6d4b" outcome="Passed" testListId="8c84fa94-04c1-424b-9868-57a2d4851a1d" relativeResultsDirectory="64714d56-0ed5-4b38-9082-611ca2e63407" dataRowInfo="9" resultType="DataDrivenDataRow" />
      </InnerResults>
    </UnitTestResult>
    <UnitTestResult executionId="b9e2f4ac-87b9-45b7-be70-fbdc68528554" testId="9319d01e-de3e-d310-c76e-cae8dce4c924" testName="all_persons_modal_should_negation" computerName="ARPAN-LAP" duration="00:00:00.4963519" startTime="2014-06-29T13:09:47.3625061+05:30" endTime="2014-06-29T13:09:47.9145377+05:30" testType="13cdc9d9-ddb5-4fa4-a97d-d965ccfc6d4b" outcome="Passed" testListId="8c84fa94-04c1-424b-9868-57a2d4851a1d" relativeResultsDirectory="b9e2f4ac-87b9-45b7-be70-fbdc68528554" resultType="DataDrivenTest">
      <Counters error="0" failed="0" timeout="0" aborted="0" inconclusive="0" passedButRunAborted="0" notRunnable="0" notExecuted="0" disconnected="0" warning="0" passed="17" completed="0" inProgress="0" pending="0" />
      <InnerResults>
        <UnitTestResult executionId="3b9b07a7-988a-455e-a80e-8400d80b46a9" parentExecutionId="b9e2f4ac-87b9-45b7-be70-fbdc68528554" testId="9319d01e-de3e-d310-c76e-cae8dce4c924" testName="all_persons_modal_should_negation" computerName="ARPAN-LAP" duration="00:00:00.0332606" startTime="2014-06-29T13:09:47.3705066+05:30" endTime="2014-06-29T13:09:47.4045085+05:30" testType="13cdc9d9-ddb5-4fa4-a97d-d965ccfc6d4b" outcome="Passed" testListId="8c84fa94-04c1-424b-9868-57a2d4851a1d" relativeResultsDirectory="b9e2f4ac-87b9-45b7-be70-fbdc68528554" dataRowInfo="0" resultType="DataDrivenDataRow" />
        <UnitTestResult executionId="ac7e0bac-f38a-40d1-921b-67bf8bad9ff0" parentExecutionId="b9e2f4ac-87b9-45b7-be70-fbdc68528554" testId="9319d01e-de3e-d310-c76e-cae8dce4c924" testName="all_persons_modal_should_negation" computerName="ARPAN-LAP" duration="00:00:00.0299197" startTime="2014-06-29T13:09:47.4045085+05:30" endTime="2014-06-29T13:09:47.4345102+05:30" testType="13cdc9d9-ddb5-4fa4-a97d-d965ccfc6d4b" outcome="Passed" testListId="8c84fa94-04c1-424b-9868-57a2d4851a1d" relativeResultsDirectory="b9e2f4ac-87b9-45b7-be70-fbdc68528554" dataRowInfo="1" resultType="DataDrivenDataRow" />
        <UnitTestResult executionId="1f44323c-74c2-44cf-9e56-773a270810b4" parentExecutionId="b9e2f4ac-87b9-45b7-be70-fbdc68528554" testId="9319d01e-de3e-d310-c76e-cae8dce4c924" testName="all_persons_modal_should_negation" computerName="ARPAN-LAP" duration="00:00:00.0297862" startTime="2014-06-29T13:09:47.4345102+05:30" endTime="2014-06-29T13:09:47.4645119+05:30" testType="13cdc9d9-ddb5-4fa4-a97d-d965ccfc6d4b" outcome="Passed" testListId="8c84fa94-04c1-424b-9868-57a2d4851a1d" relativeResultsDirectory="b9e2f4ac-87b9-45b7-be70-fbdc68528554" dataRowInfo="2" resultType="DataDrivenDataRow" />
        <UnitTestResult executionId="73cbd444-1b23-429b-be78-007bdc326031" parentExecutionId="b9e2f4ac-87b9-45b7-be70-fbdc68528554" testId="9319d01e-de3e-d310-c76e-cae8dce4c924" testName="all_persons_modal_should_negation" computerName="ARPAN-LAP" duration="00:00:00.0331574" startTime="2014-06-29T13:09:47.4645119+05:30" endTime="2014-06-29T13:09:47.4975138+05:30" testType="13cdc9d9-ddb5-4fa4-a97d-d965ccfc6d4b" outcome="Passed" testListId="8c84fa94-04c1-424b-9868-57a2d4851a1d" relativeResultsDirectory="b9e2f4ac-87b9-45b7-be70-fbdc68528554" dataRowInfo="3" resultType="DataDrivenDataRow" />
        <UnitTestResult executionId="5bbd454a-efbf-419d-b4f5-83bfa0a388d3" parentExecutionId="b9e2f4ac-87b9-45b7-be70-fbdc68528554" testId="9319d01e-de3e-d310-c76e-cae8dce4c924" testName="all_persons_modal_should_negation" computerName="ARPAN-LAP" duration="00:00:00.0195464" startTime="2014-06-29T13:09:47.4975138+05:30" endTime="2014-06-29T13:09:47.5165149+05:30" testType="13cdc9d9-ddb5-4fa4-a97d-d965ccfc6d4b" outcome="Passed" testListId="8c84fa94-04c1-424b-9868-57a2d4851a1d" relativeResultsDirectory="b9e2f4ac-87b9-45b7-be70-fbdc68528554" dataRowInfo="4" resultType="DataDrivenDataRow" />
        <UnitTestResult executionId="971640db-9955-41c3-b56b-b4272115c34f" parentExecutionId="b9e2f4ac-87b9-45b7-be70-fbdc68528554" testId="9319d01e-de3e-d310-c76e-cae8dce4c924" testName="all_persons_modal_should_negation" computerName="ARPAN-LAP" duration="00:00:00.0243168" startTime="2014-06-29T13:09:47.5165149+05:30" endTime="2014-06-29T13:09:47.5415163+05:30" testType="13cdc9d9-ddb5-4fa4-a97d-d965ccfc6d4b" outcome="Passed" testListId="8c84fa94-04c1-424b-9868-57a2d4851a1d" relativeResultsDirectory="b9e2f4ac-87b9-45b7-be70-fbdc68528554" dataRowInfo="5" resultType="DataDrivenDataRow" />
        <UnitTestResult executionId="48e39138-e83b-4721-a454-c582e0ba29e8" parentExecutionId="b9e2f4ac-87b9-45b7-be70-fbdc68528554" testId="9319d01e-de3e-d310-c76e-cae8dce4c924" testName="all_persons_modal_should_negation" computerName="ARPAN-LAP" duration="00:00:00.0283567" startTime="2014-06-29T13:09:47.5415163+05:30" endTime="2014-06-29T13:09:47.5695179+05:30" testType="13cdc9d9-ddb5-4fa4-a97d-d965ccfc6d4b" outcome="Passed" testListId="8c84fa94-04c1-424b-9868-57a2d4851a1d" relativeResultsDirectory="b9e2f4ac-87b9-45b7-be70-fbdc68528554" dataRowInfo="6" resultType="DataDrivenDataRow" />
        <UnitTestResult executionId="3c368feb-4239-42e7-9841-97a3d1eb1955" parentExecutionId="b9e2f4ac-87b9-45b7-be70-fbdc68528554" testId="9319d01e-de3e-d310-c76e-cae8dce4c924" testName="all_persons_modal_should_negation" computerName="ARPAN-LAP" duration="00:00:00.0308158" startTime="2014-06-29T13:09:47.5695179+05:30" endTime="2014-06-29T13:09:47.6005197+05:30" testType="13cdc9d9-ddb5-4fa4-a97d-d965ccfc6d4b" outcome="Passed" testListId="8c84fa94-04c1-424b-9868-57a2d4851a1d" relativeResultsDirectory="b9e2f4ac-87b9-45b7-be70-fbdc68528554" dataRowInfo="7" resultType="DataDrivenDataRow" />
        <UnitTestResult executionId="efb988e6-e7e8-400b-ba3f-bd505ebd1941" parentExecutionId="b9e2f4ac-87b9-45b7-be70-fbdc68528554" testId="9319d01e-de3e-d310-c76e-cae8dce4c924" testName="all_persons_modal_should_negation" computerName="ARPAN-LAP" duration="00:00:00.0210164" startTime="2014-06-29T13:09:47.6005197+05:30" endTime="2014-06-29T13:09:47.6215209+05:30" testType="13cdc9d9-ddb5-4fa4-a97d-d965ccfc6d4b" outcome="Passed" testListId="8c84fa94-04c1-424b-9868-57a2d4851a1d" relativeResultsDirectory="b9e2f4ac-87b9-45b7-be70-fbdc68528554" dataRowInfo="8" resultType="DataDrivenDataRow" />
        <UnitTestResult executionId="d0db1d42-1ebf-4bac-bb2f-bc5f86859c6d" parentExecutionId="b9e2f4ac-87b9-45b7-be70-fbdc68528554" testId="9319d01e-de3e-d310-c76e-cae8dce4c924" testName="all_persons_modal_should_negation" computerName="ARPAN-LAP" duration="00:00:00.0272039" startTime="2014-06-29T13:09:47.6215209+05:30" endTime="2014-06-29T13:09:47.6485225+05:30" testType="13cdc9d9-ddb5-4fa4-a97d-d965ccfc6d4b" outcome="Passed" testListId="8c84fa94-04c1-424b-9868-57a2d4851a1d" relativeResultsDirectory="b9e2f4ac-87b9-45b7-be70-fbdc68528554" dataRowInfo="9" resultType="DataDrivenDataRow" />
        <UnitTestResult executionId="b6b0c9fe-2375-4a59-84e2-b713093d1853" parentExecutionId="b9e2f4ac-87b9-45b7-be70-fbdc68528554" testId="9319d01e-de3e-d310-c76e-cae8dce4c924" testName="all_persons_modal_should_negation" computerName="ARPAN-LAP" duration="00:00:00.0359973" startTime="2014-06-29T13:09:47.6485225+05:30" endTime="2014-06-29T13:09:47.6845245+05:30" testType="13cdc9d9-ddb5-4fa4-a97d-d965ccfc6d4b" outcome="Passed" testListId="8c84fa94-04c1-424b-9868-57a2d4851a1d" relativeResultsDirectory="b9e2f4ac-87b9-45b7-be70-fbdc68528554" dataRowInfo="10" resultType="DataDrivenDataRow" />
        <UnitTestResult executionId="4621a150-584a-4fcc-ab2f-0fc5059dae89" parentExecutionId="b9e2f4ac-87b9-45b7-be70-fbdc68528554" testId="9319d01e-de3e-d310-c76e-cae8dce4c924" testName="all_persons_modal_should_negation" computerName="ARPAN-LAP" duration="00:00:00.0395759" startTime="2014-06-29T13:09:47.6845245+05:30" endTime="2014-06-29T13:09:47.7245268+05:30" testType="13cdc9d9-ddb5-4fa4-a97d-d965ccfc6d4b" outcome="Passed" testListId="8c84fa94-04c1-424b-9868-57a2d4851a1d" relativeResultsDirectory="b9e2f4ac-87b9-45b7-be70-fbdc68528554" dataRowInfo="11" resultType="DataDrivenDataRow" />
        <UnitTestResult executionId="382604cf-d637-45f9-bac5-3255b7aad52f" parentExecutionId="b9e2f4ac-87b9-45b7-be70-fbdc68528554" testId="9319d01e-de3e-d310-c76e-cae8dce4c924" testName="all_persons_modal_should_negation" computerName="ARPAN-LAP" duration="00:00:00.0288130" startTime="2014-06-29T13:09:47.7245268+05:30" endTime="2014-06-29T13:09:47.7535285+05:30" testType="13cdc9d9-ddb5-4fa4-a97d-d965ccfc6d4b" outcome="Passed" testListId="8c84fa94-04c1-424b-9868-57a2d4851a1d" relativeResultsDirectory="b9e2f4ac-87b9-45b7-be70-fbdc68528554" dataRowInfo="12" resultType="DataDrivenDataRow" />
        <UnitTestResult executionId="a3788a22-fbe0-40e7-9c95-afdf2029999e" parentExecutionId="b9e2f4ac-87b9-45b7-be70-fbdc68528554" testId="9319d01e-de3e-d310-c76e-cae8dce4c924" testName="all_persons_modal_should_negation" computerName="ARPAN-LAP" duration="00:00:00.0277218" startTime="2014-06-29T13:09:47.7535285+05:30" endTime="2014-06-29T13:09:47.7815301+05:30" testType="13cdc9d9-ddb5-4fa4-a97d-d965ccfc6d4b" outcome="Passed" testListId="8c84fa94-04c1-424b-9868-57a2d4851a1d" relativeResultsDirectory="b9e2f4ac-87b9-45b7-be70-fbdc68528554" dataRowInfo="13" resultType="DataDrivenDataRow" />
        <UnitTestResult executionId="527e5c0c-eaaf-42d2-89b9-4285c0f2eddc" parentExecutionId="b9e2f4ac-87b9-45b7-be70-fbdc68528554" testId="9319d01e-de3e-d310-c76e-cae8dce4c924" testName="all_persons_modal_should_negation" computerName="ARPAN-LAP" duration="00:00:00.0263252" startTime="2014-06-29T13:09:47.7815301+05:30" endTime="2014-06-29T13:09:47.8075316+05:30" testType="13cdc9d9-ddb5-4fa4-a97d-d965ccfc6d4b" outcome="Passed" testListId="8c84fa94-04c1-424b-9868-57a2d4851a1d" relativeResultsDirectory="b9e2f4ac-87b9-45b7-be70-fbdc68528554" dataRowInfo="14" resultType="DataDrivenDataRow" />
        <UnitTestResult executionId="fa86e395-1132-4def-8501-c2b3ee4cc3b3" parentExecutionId="b9e2f4ac-87b9-45b7-be70-fbdc68528554" testId="9319d01e-de3e-d310-c76e-cae8dce4c924" testName="all_persons_modal_should_negation" computerName="ARPAN-LAP" duration="00:00:00.0259100" startTime="2014-06-29T13:09:47.8075316+05:30" endTime="2014-06-29T13:09:47.8335330+05:30" testType="13cdc9d9-ddb5-4fa4-a97d-d965ccfc6d4b" outcome="Passed" testListId="8c84fa94-04c1-424b-9868-57a2d4851a1d" relativeResultsDirectory="b9e2f4ac-87b9-45b7-be70-fbdc68528554" dataRowInfo="15" resultType="DataDrivenDataRow" />
        <UnitTestResult executionId="fb2bd8d4-78d3-4446-a684-826c6c88e6ec" parentExecutionId="b9e2f4ac-87b9-45b7-be70-fbdc68528554" testId="9319d01e-de3e-d310-c76e-cae8dce4c924" testName="all_persons_modal_should_negation" computerName="ARPAN-LAP" duration="00:00:00.0312347" startTime="2014-06-29T13:09:47.8335330+05:30" endTime="2014-06-29T13:09:47.8645348+05:30" testType="13cdc9d9-ddb5-4fa4-a97d-d965ccfc6d4b" outcome="Passed" testListId="8c84fa94-04c1-424b-9868-57a2d4851a1d" relativeResultsDirectory="b9e2f4ac-87b9-45b7-be70-fbdc68528554" dataRowInfo="16" resultType="DataDrivenDataRow" />
      </InnerResults>
    </UnitTestResult>
    <UnitTestResult executionId="3a034c13-dcda-4649-a18f-1c4e4f624082" testId="97a1371f-e8e6-db3e-323e-49ffeef32df1" testName="interrogative_sentences_which" computerName="ARPAN-LAP" duration="00:00:00.0508371" startTime="2014-06-29T13:09:47.9375390+05:30" endTime="2014-06-29T13:09:48.0095431+05:30" testType="13cdc9d9-ddb5-4fa4-a97d-d965ccfc6d4b" outcome="Passed" testListId="8c84fa94-04c1-424b-9868-57a2d4851a1d" relativeResultsDirectory="3a034c13-dcda-4649-a18f-1c4e4f624082" resultType="DataDrivenTest">
      <Counters error="0" failed="0" timeout="0" aborted="0" inconclusive="0" passedButRunAborted="0" notRunnable="0" notExecuted="0" disconnected="0" warning="0" passed="2" completed="0" inProgress="0" pending="0" />
      <InnerResults>
        <UnitTestResult executionId="a0737bf2-7261-42f5-b28e-aba8a77a0d8b" parentExecutionId="3a034c13-dcda-4649-a18f-1c4e4f624082" testId="97a1371f-e8e6-db3e-323e-49ffeef32df1" testName="interrogative_sentences_which" computerName="ARPAN-LAP" duration="00:00:00.0223864" startTime="2014-06-29T13:09:47.9515398+05:30" endTime="2014-06-29T13:09:47.9745411+05:30" testType="13cdc9d9-ddb5-4fa4-a97d-d965ccfc6d4b" outcome="Passed" testListId="8c84fa94-04c1-424b-9868-57a2d4851a1d" relativeResultsDirectory="3a034c13-dcda-4649-a18f-1c4e4f624082" dataRowInfo="0" resultType="DataDrivenDataRow" />
        <UnitTestResult executionId="9d372721-b6b1-4748-8800-5b89d47cf03e" parentExecutionId="3a034c13-dcda-4649-a18f-1c4e4f624082" testId="97a1371f-e8e6-db3e-323e-49ffeef32df1" testName="interrogative_sentences_which" computerName="ARPAN-LAP" duration="00:00:00.0264109" startTime="2014-06-29T13:09:47.9745411+05:30" endTime="2014-06-29T13:09:48.0005426+05:30" testType="13cdc9d9-ddb5-4fa4-a97d-d965ccfc6d4b" outcome="Passed" testListId="8c84fa94-04c1-424b-9868-57a2d4851a1d" relativeResultsDirectory="3a034c13-dcda-4649-a18f-1c4e4f624082" dataRowInfo="1" resultType="DataDrivenDataRow" />
      </InnerResults>
    </UnitTestResult>
    <UnitTestResult executionId="23a1d292-0109-48c5-b04a-b49d6f5ce42c" testId="b9261b51-b0a2-10e2-9308-22bb2624de8b" testName="interrogative_sentences_where" computerName="ARPAN-LAP" duration="00:00:00.0819501" startTime="2014-06-29T13:09:48.0195437+05:30" endTime="2014-06-29T13:09:48.1165492+05:30" testType="13cdc9d9-ddb5-4fa4-a97d-d965ccfc6d4b" outcome="Passed" testListId="8c84fa94-04c1-424b-9868-57a2d4851a1d" relativeResultsDirectory="23a1d292-0109-48c5-b04a-b49d6f5ce42c" resultType="DataDrivenTest">
      <Counters error="0" failed="0" timeout="0" aborted="0" inconclusive="0" passedButRunAborted="0" notRunnable="0" notExecuted="0" disconnected="0" warning="0" passed="3" completed="0" inProgress="0" pending="0" />
      <InnerResults>
        <UnitTestResult executionId="03ae9ba1-87a2-40b8-a667-5123c14938e8" parentExecutionId="23a1d292-0109-48c5-b04a-b49d6f5ce42c" testId="b9261b51-b0a2-10e2-9308-22bb2624de8b" testName="interrogative_sentences_where" computerName="ARPAN-LAP" duration="00:00:00.0240227" startTime="2014-06-29T13:09:48.0245440+05:30" endTime="2014-06-29T13:09:48.0485453+05:30" testType="13cdc9d9-ddb5-4fa4-a97d-d965ccfc6d4b" outcome="Passed" testListId="8c84fa94-04c1-424b-9868-57a2d4851a1d" relativeResultsDirectory="23a1d292-0109-48c5-b04a-b49d6f5ce42c" dataRowInfo="0" resultType="DataDrivenDataRow" />
        <UnitTestResult executionId="70be4cd7-1cc4-476a-8a70-34f46507ad0e" parentExecutionId="23a1d292-0109-48c5-b04a-b49d6f5ce42c" testId="b9261b51-b0a2-10e2-9308-22bb2624de8b" testName="interrogative_sentences_where" computerName="ARPAN-LAP" duration="00:00:00.0258843" startTime="2014-06-29T13:09:48.0485453+05:30" endTime="2014-06-29T13:09:48.0745468+05:30" testType="13cdc9d9-ddb5-4fa4-a97d-d965ccfc6d4b" outcome="Passed" testListId="8c84fa94-04c1-424b-9868-57a2d4851a1d" relativeResultsDirectory="23a1d292-0109-48c5-b04a-b49d6f5ce42c" dataRowInfo="1" resultType="DataDrivenDataRow" />
        <UnitTestResult executionId="cddab889-60b1-4e6d-b760-c9e85ab28185" parentExecutionId="23a1d292-0109-48c5-b04a-b49d6f5ce42c" testId="b9261b51-b0a2-10e2-9308-22bb2624de8b" testName="interrogative_sentences_where" computerName="ARPAN-LAP" duration="00:00:00.0303657" startTime="2014-06-29T13:09:48.0745468+05:30" endTime="2014-06-29T13:09:48.1055486+05:30" testType="13cdc9d9-ddb5-4fa4-a97d-d965ccfc6d4b" outcome="Passed" testListId="8c84fa94-04c1-424b-9868-57a2d4851a1d" relativeResultsDirectory="23a1d292-0109-48c5-b04a-b49d6f5ce42c" dataRowInfo="2" resultType="DataDrivenDataRow" />
      </InnerResults>
    </UnitTestResult>
    <UnitTestResult executionId="d006db41-f5af-4fc0-9d3e-6d4229d7c2b7" testId="bdfe92b2-f4ac-73a5-f13d-5c1ea13721b4" testName="all_persons_tenses_passive_negation" computerName="ARPAN-LAP" duration="00:00:00.3170769" startTime="2014-06-29T13:09:48.1195494+05:30" endTime="2014-06-29T13:09:48.4725696+05:30" testType="13cdc9d9-ddb5-4fa4-a97d-d965ccfc6d4b" outcome="Passed" testListId="8c84fa94-04c1-424b-9868-57a2d4851a1d" relativeResultsDirectory="d006db41-f5af-4fc0-9d3e-6d4229d7c2b7" resultType="DataDrivenTest">
      <Counters error="0" failed="0" timeout="0" aborted="0" inconclusive="0" passedButRunAborted="0" notRunnable="0" notExecuted="0" disconnected="0" warning="0" passed="10" completed="0" inProgress="0" pending="0" />
      <InnerResults>
        <UnitTestResult executionId="d3e1aa50-6d42-4b6e-94b4-b0f2b318f27b" parentExecutionId="d006db41-f5af-4fc0-9d3e-6d4229d7c2b7" testId="bdfe92b2-f4ac-73a5-f13d-5c1ea13721b4" testName="all_persons_tenses_passive_negation" computerName="ARPAN-LAP" duration="00:00:00.0239287" startTime="2014-06-29T13:09:48.1265498+05:30" endTime="2014-06-29T13:09:48.1505512+05:30" testType="13cdc9d9-ddb5-4fa4-a97d-d965ccfc6d4b" outcome="Passed" testListId="8c84fa94-04c1-424b-9868-57a2d4851a1d" relativeResultsDirectory="d006db41-f5af-4fc0-9d3e-6d4229d7c2b7" dataRowInfo="0" resultType="DataDrivenDataRow" />
        <UnitTestResult executionId="4131e676-a1f6-45eb-a4a5-87cab73309d0" parentExecutionId="d006db41-f5af-4fc0-9d3e-6d4229d7c2b7" testId="bdfe92b2-f4ac-73a5-f13d-5c1ea13721b4" testName="all_persons_tenses_passive_negation" computerName="ARPAN-LAP" duration="00:00:00.0284496" startTime="2014-06-29T13:09:48.1505512+05:30" endTime="2014-06-29T13:09:48.1795528+05:30" testType="13cdc9d9-ddb5-4fa4-a97d-d965ccfc6d4b" outcome="Passed" testListId="8c84fa94-04c1-424b-9868-57a2d4851a1d" relativeResultsDirectory="d006db41-f5af-4fc0-9d3e-6d4229d7c2b7" dataRowInfo="1" resultType="DataDrivenDataRow" />
        <UnitTestResult executionId="2adc88bb-631d-41b7-b134-9816fe2102e4" parentExecutionId="d006db41-f5af-4fc0-9d3e-6d4229d7c2b7" testId="bdfe92b2-f4ac-73a5-f13d-5c1ea13721b4" testName="all_persons_tenses_passive_negation" computerName="ARPAN-LAP" duration="00:00:00.0352223" startTime="2014-06-29T13:09:48.1795528+05:30" endTime="2014-06-29T13:09:48.2145548+05:30" testType="13cdc9d9-ddb5-4fa4-a97d-d965ccfc6d4b" outcome="Passed" testListId="8c84fa94-04c1-424b-9868-57a2d4851a1d" relativeResultsDirectory="d006db41-f5af-4fc0-9d3e-6d4229d7c2b7" dataRowInfo="2" resultType="DataDrivenDataRow" />
        <UnitTestResult executionId="0a8d6684-86fc-413e-8117-7f49cb8516ca" parentExecutionId="d006db41-f5af-4fc0-9d3e-6d4229d7c2b7" testId="bdfe92b2-f4ac-73a5-f13d-5c1ea13721b4" testName="all_persons_tenses_passive_negation" computerName="ARPAN-LAP" duration="00:00:00.0479314" startTime="2014-06-29T13:09:48.2145548+05:30" endTime="2014-06-29T13:09:48.2625576+05:30" testType="13cdc9d9-ddb5-4fa4-a97d-d965ccfc6d4b" outcome="Passed" testListId="8c84fa94-04c1-424b-9868-57a2d4851a1d" relativeResultsDirectory="d006db41-f5af-4fc0-9d3e-6d4229d7c2b7" dataRowInfo="3" resultType="DataDrivenDataRow" />
        <UnitTestResult executionId="f45f196b-4b0e-48fa-8d13-51f61bfc6195" parentExecutionId="d006db41-f5af-4fc0-9d3e-6d4229d7c2b7" testId="bdfe92b2-f4ac-73a5-f13d-5c1ea13721b4" testName="all_persons_tenses_passive_negation" computerName="ARPAN-LAP" duration="00:00:00.0229889" startTime="2014-06-29T13:09:48.2625576+05:30" endTime="2014-06-29T13:09:48.2855589+05:30" testType="13cdc9d9-ddb5-4fa4-a97d-d965ccfc6d4b" outcome="Passed" testListId="8c84fa94-04c1-424b-9868-57a2d4851a1d" relativeResultsDirectory="d006db41-f5af-4fc0-9d3e-6d4229d7c2b7" dataRowInfo="4" resultType="DataDrivenDataRow" />
        <UnitTestResult executionId="5494feb6-e8f6-478f-92d7-8d4b8a0c5340" parentExecutionId="d006db41-f5af-4fc0-9d3e-6d4229d7c2b7" testId="bdfe92b2-f4ac-73a5-f13d-5c1ea13721b4" testName="all_persons_tenses_passive_negation" computerName="ARPAN-LAP" duration="00:00:00.0273086" startTime="2014-06-29T13:09:48.2855589+05:30" endTime="2014-06-29T13:09:48.3125604+05:30" testType="13cdc9d9-ddb5-4fa4-a97d-d965ccfc6d4b" outcome="Passed" testListId="8c84fa94-04c1-424b-9868-57a2d4851a1d" relativeResultsDirectory="d006db41-f5af-4fc0-9d3e-6d4229d7c2b7" dataRowInfo="5" resultType="DataDrivenDataRow" />
        <UnitTestResult executionId="6c9515de-6d22-407b-9d25-1b16d8d0631b" parentExecutionId="d006db41-f5af-4fc0-9d3e-6d4229d7c2b7" testId="bdfe92b2-f4ac-73a5-f13d-5c1ea13721b4" testName="all_persons_tenses_passive_negation" computerName="ARPAN-LAP" duration="00:00:00.0273718" startTime="2014-06-29T13:09:48.3125604+05:30" endTime="2014-06-29T13:09:48.3405620+05:30" testType="13cdc9d9-ddb5-4fa4-a97d-d965ccfc6d4b" outcome="Passed" testListId="8c84fa94-04c1-424b-9868-57a2d4851a1d" relativeResultsDirectory="d006db41-f5af-4fc0-9d3e-6d4229d7c2b7" dataRowInfo="6" resultType="DataDrivenDataRow" />
        <UnitTestResult executionId="1a268e0f-1615-431f-b621-02b9763bc16c" parentExecutionId="d006db41-f5af-4fc0-9d3e-6d4229d7c2b7" testId="bdfe92b2-f4ac-73a5-f13d-5c1ea13721b4" testName="all_persons_tenses_passive_negation" computerName="ARPAN-LAP" duration="00:00:00.0337892" startTime="2014-06-29T13:09:48.3405620+05:30" endTime="2014-06-29T13:09:48.3745640+05:30" testType="13cdc9d9-ddb5-4fa4-a97d-d965ccfc6d4b" outcome="Passed" testListId="8c84fa94-04c1-424b-9868-57a2d4851a1d" relativeResultsDirectory="d006db41-f5af-4fc0-9d3e-6d4229d7c2b7" dataRowInfo="7" resultType="DataDrivenDataRow" />
        <UnitTestResult executionId="b8f56ab7-32bc-44c4-bd27-ffcb940d4c47" parentExecutionId="d006db41-f5af-4fc0-9d3e-6d4229d7c2b7" testId="bdfe92b2-f4ac-73a5-f13d-5c1ea13721b4" testName="all_persons_tenses_passive_negation" computerName="ARPAN-LAP" duration="00:00:00.0332667" startTime="2014-06-29T13:09:48.3745640+05:30" endTime="2014-06-29T13:09:48.4075659+05:30" testType="13cdc9d9-ddb5-4fa4-a97d-d965ccfc6d4b" outcome="Passed" testListId="8c84fa94-04c1-424b-9868-57a2d4851a1d" relativeResultsDirectory="d006db41-f5af-4fc0-9d3e-6d4229d7c2b7" dataRowInfo="8" resultType="DataDrivenDataRow" />
        <UnitTestResult executionId="07f41fbb-af0e-4815-9b68-8300476a6210" parentExecutionId="d006db41-f5af-4fc0-9d3e-6d4229d7c2b7" testId="bdfe92b2-f4ac-73a5-f13d-5c1ea13721b4" testName="all_persons_tenses_passive_negation" computerName="ARPAN-LAP" duration="00:00:00.0346387" startTime="2014-06-29T13:09:48.4075659+05:30" endTime="2014-06-29T13:09:48.4425679+05:30" testType="13cdc9d9-ddb5-4fa4-a97d-d965ccfc6d4b" outcome="Passed" testListId="8c84fa94-04c1-424b-9868-57a2d4851a1d" relativeResultsDirectory="d006db41-f5af-4fc0-9d3e-6d4229d7c2b7" dataRowInfo="9" resultType="DataDrivenDataRow" />
      </InnerResults>
    </UnitTestResult>
    <UnitTestResult executionId="04bde045-cd22-499a-9af1-eda7b8501891" testId="c79146bc-2376-961a-5de9-441b5dfc7188" testName="auxiliary_verbs_as_main_verbs" computerName="ARPAN-LAP" duration="00:00:00.6760852" startTime="2014-06-29T13:09:48.4825702+05:30" endTime="2014-06-29T13:09:49.2366133+05:30" testType="13cdc9d9-ddb5-4fa4-a97d-d965ccfc6d4b" outcome="Passed" testListId="8c84fa94-04c1-424b-9868-57a2d4851a1d" relativeResultsDirectory="04bde045-cd22-499a-9af1-eda7b8501891" resultType="DataDrivenTest">
      <Counters error="0" failed="0" timeout="0" aborted="0" inconclusive="0" passedButRunAborted="0" notRunnable="0" notExecuted="0" disconnected="0" warning="0" passed="25" completed="0" inProgress="0" pending="0" />
      <InnerResults>
        <UnitTestResult executionId="8a2e80b6-d6a6-48b1-9c7c-8c83267bf225" parentExecutionId="04bde045-cd22-499a-9af1-eda7b8501891" testId="c79146bc-2376-961a-5de9-441b5dfc7188" testName="auxiliary_verbs_as_main_verbs" computerName="ARPAN-LAP" duration="00:00:00.0282659" startTime="2014-06-29T13:09:48.4925707+05:30" endTime="2014-06-29T13:09:48.5215724+05:30" testType="13cdc9d9-ddb5-4fa4-a97d-d965ccfc6d4b" outcome="Passed" testListId="8c84fa94-04c1-424b-9868-57a2d4851a1d" relativeResultsDirectory="04bde045-cd22-499a-9af1-eda7b8501891" dataRowInfo="0" resultType="DataDrivenDataRow" />
        <UnitTestResult executionId="79029cf8-5cf8-47c7-b688-71bf20077330" parentExecutionId="04bde045-cd22-499a-9af1-eda7b8501891" testId="c79146bc-2376-961a-5de9-441b5dfc7188" testName="auxiliary_verbs_as_main_verbs" computerName="ARPAN-LAP" duration="00:00:00.0257909" startTime="2014-06-29T13:09:48.5215724+05:30" endTime="2014-06-29T13:09:48.5475739+05:30" testType="13cdc9d9-ddb5-4fa4-a97d-d965ccfc6d4b" outcome="Passed" testListId="8c84fa94-04c1-424b-9868-57a2d4851a1d" relativeResultsDirectory="04bde045-cd22-499a-9af1-eda7b8501891" dataRowInfo="1" resultType="DataDrivenDataRow" />
        <UnitTestResult executionId="8a38d487-284b-4533-b4d6-33578519ad73" parentExecutionId="04bde045-cd22-499a-9af1-eda7b8501891" testId="c79146bc-2376-961a-5de9-441b5dfc7188" testName="auxiliary_verbs_as_main_verbs" computerName="ARPAN-LAP" duration="00:00:00.0315046" startTime="2014-06-29T13:09:48.5475739+05:30" endTime="2014-06-29T13:09:48.5785757+05:30" testType="13cdc9d9-ddb5-4fa4-a97d-d965ccfc6d4b" outcome="Passed" testListId="8c84fa94-04c1-424b-9868-57a2d4851a1d" relativeResultsDirectory="04bde045-cd22-499a-9af1-eda7b8501891" dataRowInfo="2" resultType="DataDrivenDataRow" />
        <UnitTestResult executionId="afe30f96-db40-417c-b360-09bd0a181880" parentExecutionId="04bde045-cd22-499a-9af1-eda7b8501891" testId="c79146bc-2376-961a-5de9-441b5dfc7188" testName="auxiliary_verbs_as_main_verbs" computerName="ARPAN-LAP" duration="00:00:00.0344847" startTime="2014-06-29T13:09:48.5785757+05:30" endTime="2014-06-29T13:09:48.6135777+05:30" testType="13cdc9d9-ddb5-4fa4-a97d-d965ccfc6d4b" outcome="Passed" testListId="8c84fa94-04c1-424b-9868-57a2d4851a1d" relativeResultsDirectory="04bde045-cd22-499a-9af1-eda7b8501891" dataRowInfo="3" resultType="DataDrivenDataRow" />
        <UnitTestResult executionId="d8d27ded-c7ef-4b51-8c0f-bdbdd8438cff" parentExecutionId="04bde045-cd22-499a-9af1-eda7b8501891" testId="c79146bc-2376-961a-5de9-441b5dfc7188" testName="auxiliary_verbs_as_main_verbs" computerName="ARPAN-LAP" duration="00:00:00.0325009" startTime="2014-06-29T13:09:48.6135777+05:30" endTime="2014-06-29T13:09:48.6455795+05:30" testType="13cdc9d9-ddb5-4fa4-a97d-d965ccfc6d4b" outcome="Passed" testListId="8c84fa94-04c1-424b-9868-57a2d4851a1d" relativeResultsDirectory="04bde045-cd22-499a-9af1-eda7b8501891" dataRowInfo="4" resultType="DataDrivenDataRow" />
        <UnitTestResult executionId="bef317f9-90cd-4687-b5d6-0557a9ca45b7" parentExecutionId="04bde045-cd22-499a-9af1-eda7b8501891" testId="c79146bc-2376-961a-5de9-441b5dfc7188" testName="auxiliary_verbs_as_main_verbs" computerName="ARPAN-LAP" duration="00:00:00.0275042" startTime="2014-06-29T13:09:48.6455795+05:30" endTime="2014-06-29T13:09:48.6735811+05:30" testType="13cdc9d9-ddb5-4fa4-a97d-d965ccfc6d4b" outcome="Passed" testListId="8c84fa94-04c1-424b-9868-57a2d4851a1d" relativeResultsDirectory="04bde045-cd22-499a-9af1-eda7b8501891" dataRowInfo="5" resultType="DataDrivenDataRow" />
        <UnitTestResult executionId="7343c743-07e0-493e-935a-0ab6219979dd" parentExecutionId="04bde045-cd22-499a-9af1-eda7b8501891" testId="c79146bc-2376-961a-5de9-441b5dfc7188" testName="auxiliary_verbs_as_main_verbs" computerName="ARPAN-LAP" duration="00:00:00.0290841" startTime="2014-06-29T13:09:48.6735811+05:30" endTime="2014-06-29T13:09:48.7025827+05:30" testType="13cdc9d9-ddb5-4fa4-a97d-d965ccfc6d4b" outcome="Passed" testListId="8c84fa94-04c1-424b-9868-57a2d4851a1d" relativeResultsDirectory="04bde045-cd22-499a-9af1-eda7b8501891" dataRowInfo="6" resultType="DataDrivenDataRow" />
        <UnitTestResult executionId="994b5829-ee93-47d2-b1bf-86e07ed497ae" parentExecutionId="04bde045-cd22-499a-9af1-eda7b8501891" testId="c79146bc-2376-961a-5de9-441b5dfc7188" testName="auxiliary_verbs_as_main_verbs" computerName="ARPAN-LAP" duration="00:00:00.0302594" startTime="2014-06-29T13:09:48.7025827+05:30" endTime="2014-06-29T13:09:48.7325845+05:30" testType="13cdc9d9-ddb5-4fa4-a97d-d965ccfc6d4b" outcome="Passed" testListId="8c84fa94-04c1-424b-9868-57a2d4851a1d" relativeResultsDirectory="04bde045-cd22-499a-9af1-eda7b8501891" dataRowInfo="7" resultType="DataDrivenDataRow" />
        <UnitTestResult executionId="e8f3ed7c-2587-466b-9527-d86cfff9b084" parentExecutionId="04bde045-cd22-499a-9af1-eda7b8501891" testId="c79146bc-2376-961a-5de9-441b5dfc7188" testName="auxiliary_verbs_as_main_verbs" computerName="ARPAN-LAP" duration="00:00:00.0586332" startTime="2014-06-29T13:09:48.7325845+05:30" endTime="2014-06-29T13:09:48.7915878+05:30" testType="13cdc9d9-ddb5-4fa4-a97d-d965ccfc6d4b" outcome="Passed" testListId="8c84fa94-04c1-424b-9868-57a2d4851a1d" relativeResultsDirectory="04bde045-cd22-499a-9af1-eda7b8501891" dataRowInfo="8" resultType="DataDrivenDataRow" />
        <UnitTestResult executionId="955de2ad-a479-4bc1-9a75-d6d5f9b0e0bf" parentExecutionId="04bde045-cd22-499a-9af1-eda7b8501891" testId="c79146bc-2376-961a-5de9-441b5dfc7188" testName="auxiliary_verbs_as_main_verbs" computerName="ARPAN-LAP" duration="00:00:00.0258083" startTime="2014-06-29T13:09:48.7915878+05:30" endTime="2014-06-29T13:09:48.8175893+05:30" testType="13cdc9d9-ddb5-4fa4-a97d-d965ccfc6d4b" outcome="Passed" testListId="8c84fa94-04c1-424b-9868-57a2d4851a1d" relativeResultsDirectory="04bde045-cd22-499a-9af1-eda7b8501891" dataRowInfo="9" resultType="DataDrivenDataRow" />
        <UnitTestResult executionId="99b1de04-2555-46c1-a157-d5abb5aa0a34" parentExecutionId="04bde045-cd22-499a-9af1-eda7b8501891" testId="c79146bc-2376-961a-5de9-441b5dfc7188" testName="auxiliary_verbs_as_main_verbs" computerName="ARPAN-LAP" duration="00:00:00.0189110" startTime="2014-06-29T13:09:48.8175893+05:30" endTime="2014-06-29T13:09:48.8365904+05:30" testType="13cdc9d9-ddb5-4fa4-a97d-d965ccfc6d4b" outcome="Passed" testListId="8c84fa94-04c1-424b-9868-57a2d4851a1d" relativeResultsDirectory="04bde045-cd22-499a-9af1-eda7b8501891" dataRowInfo="10" resultType="DataDrivenDataRow" />
        <UnitTestResult executionId="ef93832a-6f3b-4fd8-bb0e-112681fce30d" parentExecutionId="04bde045-cd22-499a-9af1-eda7b8501891" testId="c79146bc-2376-961a-5de9-441b5dfc7188" testName="auxiliary_verbs_as_main_verbs" computerName="ARPAN-LAP" duration="00:00:00.0258083" startTime="2014-06-29T13:09:48.8365904+05:30" endTime="2014-06-29T13:09:48.8615918+05:30" testType="13cdc9d9-ddb5-4fa4-a97d-d965ccfc6d4b" outcome="Passed" testListId="8c84fa94-04c1-424b-9868-57a2d4851a1d" relativeResultsDirectory="04bde045-cd22-499a-9af1-eda7b8501891" dataRowInfo="11" resultType="DataDrivenDataRow" />
        <UnitTestResult executionId="9ff1109c-b5c7-4e67-9c1e-16afa0c980ac" parentExecutionId="04bde045-cd22-499a-9af1-eda7b8501891" testId="c79146bc-2376-961a-5de9-441b5dfc7188" testName="auxiliary_verbs_as_main_verbs" computerName="ARPAN-LAP" duration="00:00:00.0269001" startTime="2014-06-29T13:09:48.8625919+05:30" endTime="2014-06-29T13:09:48.8885934+05:30" testType="13cdc9d9-ddb5-4fa4-a97d-d965ccfc6d4b" outcome="Passed" testListId="8c84fa94-04c1-424b-9868-57a2d4851a1d" relativeResultsDirectory="04bde045-cd22-499a-9af1-eda7b8501891" dataRowInfo="12" resultType="DataDrivenDataRow" />
        <UnitTestResult executionId="afa05b3f-d5ad-4683-a53a-f389fce52e94" parentExecutionId="04bde045-cd22-499a-9af1-eda7b8501891" testId="c79146bc-2376-961a-5de9-441b5dfc7188" testName="auxiliary_verbs_as_main_verbs" computerName="ARPAN-LAP" duration="00:00:00.0274631" startTime="2014-06-29T13:09:48.8885934+05:30" endTime="2014-06-29T13:09:48.9165950+05:30" testType="13cdc9d9-ddb5-4fa4-a97d-d965ccfc6d4b" outcome="Passed" testListId="8c84fa94-04c1-424b-9868-57a2d4851a1d" relativeResultsDirectory="04bde045-cd22-499a-9af1-eda7b8501891" dataRowInfo="13" resultType="DataDrivenDataRow" />
        <UnitTestResult executionId="65745782-886a-489b-8991-19cfa7cfa5b9" parentExecutionId="04bde045-cd22-499a-9af1-eda7b8501891" testId="c79146bc-2376-961a-5de9-441b5dfc7188" testName="auxiliary_verbs_as_main_verbs" computerName="ARPAN-LAP" duration="00:00:00.0206186" startTime="2014-06-29T13:09:48.9165950+05:30" endTime="2014-06-29T13:09:48.9375962+05:30" testType="13cdc9d9-ddb5-4fa4-a97d-d965ccfc6d4b" outcome="Passed" testListId="8c84fa94-04c1-424b-9868-57a2d4851a1d" relativeResultsDirectory="04bde045-cd22-499a-9af1-eda7b8501891" dataRowInfo="14" resultType="DataDrivenDataRow" />
        <UnitTestResult executionId="44d15931-f56e-4f7f-80cc-c12408faaa50" parentExecutionId="04bde045-cd22-499a-9af1-eda7b8501891" testId="c79146bc-2376-961a-5de9-441b5dfc7188" testName="auxiliary_verbs_as_main_verbs" computerName="ARPAN-LAP" duration="00:00:00.0189967" startTime="2014-06-29T13:09:48.9375962+05:30" endTime="2014-06-29T13:09:48.9565973+05:30" testType="13cdc9d9-ddb5-4fa4-a97d-d965ccfc6d4b" outcome="Passed" testListId="8c84fa94-04c1-424b-9868-57a2d4851a1d" relativeResultsDirectory="04bde045-cd22-499a-9af1-eda7b8501891" dataRowInfo="15" resultType="DataDrivenDataRow" />
        <UnitTestResult executionId="a51fbbe6-b276-44e1-8d4b-d2dbfcb45742" parentExecutionId="04bde045-cd22-499a-9af1-eda7b8501891" testId="c79146bc-2376-961a-5de9-441b5dfc7188" testName="auxiliary_verbs_as_main_verbs" computerName="ARPAN-LAP" duration="00:00:00.0255753" startTime="2014-06-29T13:09:48.9565973+05:30" endTime="2014-06-29T13:09:48.9815987+05:30" testType="13cdc9d9-ddb5-4fa4-a97d-d965ccfc6d4b" outcome="Passed" testListId="8c84fa94-04c1-424b-9868-57a2d4851a1d" relativeResultsDirectory="04bde045-cd22-499a-9af1-eda7b8501891" dataRowInfo="16" resultType="DataDrivenDataRow" />
        <UnitTestResult executionId="d2cffeff-dea0-43e3-b97f-83cc217fa55b" parentExecutionId="04bde045-cd22-499a-9af1-eda7b8501891" testId="c79146bc-2376-961a-5de9-441b5dfc7188" testName="auxiliary_verbs_as_main_verbs" computerName="ARPAN-LAP" duration="00:00:00.0205601" startTime="2014-06-29T13:09:48.9815987+05:30" endTime="2014-06-29T13:09:49.0025999+05:30" testType="13cdc9d9-ddb5-4fa4-a97d-d965ccfc6d4b" outcome="Passed" testListId="8c84fa94-04c1-424b-9868-57a2d4851a1d" relativeResultsDirectory="04bde045-cd22-499a-9af1-eda7b8501891" dataRowInfo="17" resultType="DataDrivenDataRow" />
        <UnitTestResult executionId="5af17c34-0ccd-441d-8558-589a197ba46b" parentExecutionId="04bde045-cd22-499a-9af1-eda7b8501891" testId="c79146bc-2376-961a-5de9-441b5dfc7188" testName="auxiliary_verbs_as_main_verbs" computerName="ARPAN-LAP" duration="00:00:00.0187339" startTime="2014-06-29T13:09:49.0025999+05:30" endTime="2014-06-29T13:09:49.0216010+05:30" testType="13cdc9d9-ddb5-4fa4-a97d-d965ccfc6d4b" outcome="Passed" testListId="8c84fa94-04c1-424b-9868-57a2d4851a1d" relativeResultsDirectory="04bde045-cd22-499a-9af1-eda7b8501891" dataRowInfo="18" resultType="DataDrivenDataRow" />
        <UnitTestResult executionId="98b062a9-9298-41c1-a80b-aff2f286c900" parentExecutionId="04bde045-cd22-499a-9af1-eda7b8501891" testId="c79146bc-2376-961a-5de9-441b5dfc7188" testName="auxiliary_verbs_as_main_verbs" computerName="ARPAN-LAP" duration="00:00:00.0264992" startTime="2014-06-29T13:09:49.0216010+05:30" endTime="2014-06-29T13:09:49.0476025+05:30" testType="13cdc9d9-ddb5-4fa4-a97d-d965ccfc6d4b" outcome="Passed" testListId="8c84fa94-04c1-424b-9868-57a2d4851a1d" relativeResultsDirectory="04bde045-cd22-499a-9af1-eda7b8501891" dataRowInfo="19" resultType="DataDrivenDataRow" />
        <UnitTestResult executionId="b3eac142-99ef-417c-88a9-e61a901169c2" parentExecutionId="04bde045-cd22-499a-9af1-eda7b8501891" testId="c79146bc-2376-961a-5de9-441b5dfc7188" testName="auxiliary_verbs_as_main_verbs" computerName="ARPAN-LAP" duration="00:00:00.0267635" startTime="2014-06-29T13:09:49.0476025+05:30" endTime="2014-06-29T13:09:49.0746040+05:30" testType="13cdc9d9-ddb5-4fa4-a97d-d965ccfc6d4b" outcome="Passed" testListId="8c84fa94-04c1-424b-9868-57a2d4851a1d" relativeResultsDirectory="04bde045-cd22-499a-9af1-eda7b8501891" dataRowInfo="20" resultType="DataDrivenDataRow" />
        <UnitTestResult executionId="851a412b-524b-4b5d-a3f1-787b996e3aa7" parentExecutionId="04bde045-cd22-499a-9af1-eda7b8501891" testId="c79146bc-2376-961a-5de9-441b5dfc7188" testName="auxiliary_verbs_as_main_verbs" computerName="ARPAN-LAP" duration="00:00:00.0270017" startTime="2014-06-29T13:09:49.0746040+05:30" endTime="2014-06-29T13:09:49.1016056+05:30" testType="13cdc9d9-ddb5-4fa4-a97d-d965ccfc6d4b" outcome="Passed" testListId="8c84fa94-04c1-424b-9868-57a2d4851a1d" relativeResultsDirectory="04bde045-cd22-499a-9af1-eda7b8501891" dataRowInfo="21" resultType="DataDrivenDataRow" />
        <UnitTestResult executionId="90d3b800-8b61-420c-ba6e-5efe89442e13" parentExecutionId="04bde045-cd22-499a-9af1-eda7b8501891" testId="c79146bc-2376-961a-5de9-441b5dfc7188" testName="auxiliary_verbs_as_main_verbs" computerName="ARPAN-LAP" duration="00:00:00.0170719" startTime="2014-06-29T13:09:49.1016056+05:30" endTime="2014-06-29T13:09:49.1186065+05:30" testType="13cdc9d9-ddb5-4fa4-a97d-d965ccfc6d4b" outcome="Passed" testListId="8c84fa94-04c1-424b-9868-57a2d4851a1d" relativeResultsDirectory="04bde045-cd22-499a-9af1-eda7b8501891" dataRowInfo="22" resultType="DataDrivenDataRow" />
        <UnitTestResult executionId="ec57e582-86c9-4a31-aca4-e792f281b91b" parentExecutionId="04bde045-cd22-499a-9af1-eda7b8501891" testId="c79146bc-2376-961a-5de9-441b5dfc7188" testName="auxiliary_verbs_as_main_verbs" computerName="ARPAN-LAP" duration="00:00:00.0197558" startTime="2014-06-29T13:09:49.1186065+05:30" endTime="2014-06-29T13:09:49.1386077+05:30" testType="13cdc9d9-ddb5-4fa4-a97d-d965ccfc6d4b" outcome="Passed" testListId="8c84fa94-04c1-424b-9868-57a2d4851a1d" relativeResultsDirectory="04bde045-cd22-499a-9af1-eda7b8501891" dataRowInfo="23" resultType="DataDrivenDataRow" />
        <UnitTestResult executionId="1ee2e523-b24b-4c54-bb85-d0f7f7ae8ba6" parentExecutionId="04bde045-cd22-499a-9af1-eda7b8501891" testId="c79146bc-2376-961a-5de9-441b5dfc7188" testName="auxiliary_verbs_as_main_verbs" computerName="ARPAN-LAP" duration="00:00:00.0285015" startTime="2014-06-29T13:09:49.1386077+05:30" endTime="2014-06-29T13:09:49.1676093+05:30" testType="13cdc9d9-ddb5-4fa4-a97d-d965ccfc6d4b" outcome="Passed" testListId="8c84fa94-04c1-424b-9868-57a2d4851a1d" relativeResultsDirectory="04bde045-cd22-499a-9af1-eda7b8501891" dataRowInfo="24" resultType="DataDrivenDataRow" />
      </InnerResults>
    </UnitTestResult>
    <UnitTestResult executionId="fb6338e7-1676-4893-85d5-2ea04e49437e" testId="d03eb628-bf1f-c27d-aeef-e708d613d686" testName="all_persons_modal_can_may_negation" computerName="ARPAN-LAP" duration="00:00:00.6336503" startTime="2014-06-29T13:09:49.2466139+05:30" endTime="2014-06-29T13:09:49.9556544+05:30" testType="13cdc9d9-ddb5-4fa4-a97d-d965ccfc6d4b" outcome="Passed" testListId="8c84fa94-04c1-424b-9868-57a2d4851a1d" relativeResultsDirectory="fb6338e7-1676-4893-85d5-2ea04e49437e" resultType="DataDrivenTest">
      <Counters error="0" failed="0" timeout="0" aborted="0" inconclusive="0" passedButRunAborted="0" notRunnable="0" notExecuted="0" disconnected="0" warning="0" passed="24" completed="0" inProgress="0" pending="0" />
      <InnerResults>
        <UnitTestResult executionId="0af6c48d-fac8-4726-8003-3af28be35873" parentExecutionId="fb6338e7-1676-4893-85d5-2ea04e49437e" testId="d03eb628-bf1f-c27d-aeef-e708d613d686" testName="all_persons_modal_can_may_negation" computerName="ARPAN-LAP" duration="00:00:00.0268734" startTime="2014-06-29T13:09:49.2516142+05:30" endTime="2014-06-29T13:09:49.2786157+05:30" testType="13cdc9d9-ddb5-4fa4-a97d-d965ccfc6d4b" outcome="Passed" testListId="8c84fa94-04c1-424b-9868-57a2d4851a1d" relativeResultsDirectory="fb6338e7-1676-4893-85d5-2ea04e49437e" dataRowInfo="0" resultType="DataDrivenDataRow" />
        <UnitTestResult executionId="3e317e3f-4414-44e3-a0f5-3a163eb010fe" parentExecutionId="fb6338e7-1676-4893-85d5-2ea04e49437e" testId="d03eb628-bf1f-c27d-aeef-e708d613d686" testName="all_persons_modal_can_may_negation" computerName="ARPAN-LAP" duration="00:00:00.0228863" startTime="2014-06-29T13:09:49.2786157+05:30" endTime="2014-06-29T13:09:49.3016170+05:30" testType="13cdc9d9-ddb5-4fa4-a97d-d965ccfc6d4b" outcome="Passed" testListId="8c84fa94-04c1-424b-9868-57a2d4851a1d" relativeResultsDirectory="fb6338e7-1676-4893-85d5-2ea04e49437e" dataRowInfo="1" resultType="DataDrivenDataRow" />
        <UnitTestResult executionId="e558622e-4f5c-42fe-aafe-f5e54c91c098" parentExecutionId="fb6338e7-1676-4893-85d5-2ea04e49437e" testId="d03eb628-bf1f-c27d-aeef-e708d613d686" testName="all_persons_modal_can_may_negation" computerName="ARPAN-LAP" duration="00:00:00.0256718" startTime="2014-06-29T13:09:49.3016170+05:30" endTime="2014-06-29T13:09:49.3276185+05:30" testType="13cdc9d9-ddb5-4fa4-a97d-d965ccfc6d4b" outcome="Passed" testListId="8c84fa94-04c1-424b-9868-57a2d4851a1d" relativeResultsDirectory="fb6338e7-1676-4893-85d5-2ea04e49437e" dataRowInfo="2" resultType="DataDrivenDataRow" />
        <UnitTestResult executionId="e4aba927-d391-4cce-b6b1-7d33fc5d32a6" parentExecutionId="fb6338e7-1676-4893-85d5-2ea04e49437e" testId="d03eb628-bf1f-c27d-aeef-e708d613d686" testName="all_persons_modal_can_may_negation" computerName="ARPAN-LAP" duration="00:00:00.0233477" startTime="2014-06-29T13:09:49.3276185+05:30" endTime="2014-06-29T13:09:49.3506198+05:30" testType="13cdc9d9-ddb5-4fa4-a97d-d965ccfc6d4b" outcome="Passed" testListId="8c84fa94-04c1-424b-9868-57a2d4851a1d" relativeResultsDirectory="fb6338e7-1676-4893-85d5-2ea04e49437e" dataRowInfo="3" resultType="DataDrivenDataRow" />
        <UnitTestResult executionId="f7e44690-4fa4-4ecf-8a79-2d7ae039f98d" parentExecutionId="fb6338e7-1676-4893-85d5-2ea04e49437e" testId="d03eb628-bf1f-c27d-aeef-e708d613d686" testName="all_persons_modal_can_may_negation" computerName="ARPAN-LAP" duration="00:00:00.0316612" startTime="2014-06-29T13:09:49.3506198+05:30" endTime="2014-06-29T13:09:49.3826216+05:30" testType="13cdc9d9-ddb5-4fa4-a97d-d965ccfc6d4b" outcome="Passed" testListId="8c84fa94-04c1-424b-9868-57a2d4851a1d" relativeResultsDirectory="fb6338e7-1676-4893-85d5-2ea04e49437e" dataRowInfo="4" resultType="DataDrivenDataRow" />
        <UnitTestResult executionId="02157f53-2c89-412d-a978-01030a859862" parentExecutionId="fb6338e7-1676-4893-85d5-2ea04e49437e" testId="d03eb628-bf1f-c27d-aeef-e708d613d686" testName="all_persons_modal_can_may_negation" computerName="ARPAN-LAP" duration="00:00:00.0298221" startTime="2014-06-29T13:09:49.3826216+05:30" endTime="2014-06-29T13:09:49.4126234+05:30" testType="13cdc9d9-ddb5-4fa4-a97d-d965ccfc6d4b" outcome="Passed" testListId="8c84fa94-04c1-424b-9868-57a2d4851a1d" relativeResultsDirectory="fb6338e7-1676-4893-85d5-2ea04e49437e" dataRowInfo="5" resultType="DataDrivenDataRow" />
        <UnitTestResult executionId="9126eb77-5fc4-41c0-bf33-d9819e14be99" parentExecutionId="fb6338e7-1676-4893-85d5-2ea04e49437e" testId="d03eb628-bf1f-c27d-aeef-e708d613d686" testName="all_persons_modal_can_may_negation" computerName="ARPAN-LAP" duration="00:00:00.0325096" startTime="2014-06-29T13:09:49.4126234+05:30" endTime="2014-06-29T13:09:49.4446252+05:30" testType="13cdc9d9-ddb5-4fa4-a97d-d965ccfc6d4b" outcome="Passed" testListId="8c84fa94-04c1-424b-9868-57a2d4851a1d" relativeResultsDirectory="fb6338e7-1676-4893-85d5-2ea04e49437e" dataRowInfo="6" resultType="DataDrivenDataRow" />
        <UnitTestResult executionId="7789452a-ea8f-42c6-a8f4-ae8d84080c0b" parentExecutionId="fb6338e7-1676-4893-85d5-2ea04e49437e" testId="d03eb628-bf1f-c27d-aeef-e708d613d686" testName="all_persons_modal_can_may_negation" computerName="ARPAN-LAP" duration="00:00:00.0340418" startTime="2014-06-29T13:09:49.4446252+05:30" endTime="2014-06-29T13:09:49.4786271+05:30" testType="13cdc9d9-ddb5-4fa4-a97d-d965ccfc6d4b" outcome="Passed" testListId="8c84fa94-04c1-424b-9868-57a2d4851a1d" relativeResultsDirectory="fb6338e7-1676-4893-85d5-2ea04e49437e" dataRowInfo="7" resultType="DataDrivenDataRow" />
        <UnitTestResult executionId="d1a00b8b-38ca-4800-8d4a-6943548a0666" parentExecutionId="fb6338e7-1676-4893-85d5-2ea04e49437e" testId="d03eb628-bf1f-c27d-aeef-e708d613d686" testName="all_persons_modal_can_may_negation" computerName="ARPAN-LAP" duration="00:00:00.0197276" startTime="2014-06-29T13:09:49.4786271+05:30" endTime="2014-06-29T13:09:49.4986283+05:30" testType="13cdc9d9-ddb5-4fa4-a97d-d965ccfc6d4b" outcome="Passed" testListId="8c84fa94-04c1-424b-9868-57a2d4851a1d" relativeResultsDirectory="fb6338e7-1676-4893-85d5-2ea04e49437e" dataRowInfo="8" resultType="DataDrivenDataRow" />
        <UnitTestResult executionId="b0016206-f147-4abc-8f83-b717529b9562" parentExecutionId="fb6338e7-1676-4893-85d5-2ea04e49437e" testId="d03eb628-bf1f-c27d-aeef-e708d613d686" testName="all_persons_modal_can_may_negation" computerName="ARPAN-LAP" duration="00:00:00.0220117" startTime="2014-06-29T13:09:49.4986283+05:30" endTime="2014-06-29T13:09:49.5206295+05:30" testType="13cdc9d9-ddb5-4fa4-a97d-d965ccfc6d4b" outcome="Passed" testListId="8c84fa94-04c1-424b-9868-57a2d4851a1d" relativeResultsDirectory="fb6338e7-1676-4893-85d5-2ea04e49437e" dataRowInfo="9" resultType="DataDrivenDataRow" />
        <UnitTestResult executionId="e2b18dd9-5889-437b-9a6f-837e39cb846d" parentExecutionId="fb6338e7-1676-4893-85d5-2ea04e49437e" testId="d03eb628-bf1f-c27d-aeef-e708d613d686" testName="all_persons_modal_can_may_negation" computerName="ARPAN-LAP" duration="00:00:00.0279939" startTime="2014-06-29T13:09:49.5206295+05:30" endTime="2014-06-29T13:09:49.5486311+05:30" testType="13cdc9d9-ddb5-4fa4-a97d-d965ccfc6d4b" outcome="Passed" testListId="8c84fa94-04c1-424b-9868-57a2d4851a1d" relativeResultsDirectory="fb6338e7-1676-4893-85d5-2ea04e49437e" dataRowInfo="10" resultType="DataDrivenDataRow" />
        <UnitTestResult executionId="da79a8f8-26c5-404d-8135-a5fac3f2bf14" parentExecutionId="fb6338e7-1676-4893-85d5-2ea04e49437e" testId="d03eb628-bf1f-c27d-aeef-e708d613d686" testName="all_persons_modal_can_may_negation" computerName="ARPAN-LAP" duration="00:00:00.0276007" startTime="2014-06-29T13:09:49.5486311+05:30" endTime="2014-06-29T13:09:49.5766327+05:30" testType="13cdc9d9-ddb5-4fa4-a97d-d965ccfc6d4b" outcome="Passed" testListId="8c84fa94-04c1-424b-9868-57a2d4851a1d" relativeResultsDirectory="fb6338e7-1676-4893-85d5-2ea04e49437e" dataRowInfo="11" resultType="DataDrivenDataRow" />
        <UnitTestResult executionId="73451771-1a11-435f-9dd8-bb465ed73b31" parentExecutionId="fb6338e7-1676-4893-85d5-2ea04e49437e" testId="d03eb628-bf1f-c27d-aeef-e708d613d686" testName="all_persons_modal_can_may_negation" computerName="ARPAN-LAP" duration="00:00:00.0348450" startTime="2014-06-29T13:09:49.5766327+05:30" endTime="2014-06-29T13:09:49.6116347+05:30" testType="13cdc9d9-ddb5-4fa4-a97d-d965ccfc6d4b" outcome="Passed" testListId="8c84fa94-04c1-424b-9868-57a2d4851a1d" relativeResultsDirectory="fb6338e7-1676-4893-85d5-2ea04e49437e" dataRowInfo="12" resultType="DataDrivenDataRow" />
        <UnitTestResult executionId="cf202e23-e9ae-454f-b85b-c05e0d32fd98" parentExecutionId="fb6338e7-1676-4893-85d5-2ea04e49437e" testId="d03eb628-bf1f-c27d-aeef-e708d613d686" testName="all_persons_modal_can_may_negation" computerName="ARPAN-LAP" duration="00:00:00.0303842" startTime="2014-06-29T13:09:49.6116347+05:30" endTime="2014-06-29T13:09:49.6416365+05:30" testType="13cdc9d9-ddb5-4fa4-a97d-d965ccfc6d4b" outcome="Passed" testListId="8c84fa94-04c1-424b-9868-57a2d4851a1d" relativeResultsDirectory="fb6338e7-1676-4893-85d5-2ea04e49437e" dataRowInfo="13" resultType="DataDrivenDataRow" />
        <UnitTestResult executionId="386e8570-2887-4bf5-b122-031f3bc2d283" parentExecutionId="fb6338e7-1676-4893-85d5-2ea04e49437e" testId="d03eb628-bf1f-c27d-aeef-e708d613d686" testName="all_persons_modal_can_may_negation" computerName="ARPAN-LAP" duration="00:00:00.0275478" startTime="2014-06-29T13:09:49.6416365+05:30" endTime="2014-06-29T13:09:49.6696381+05:30" testType="13cdc9d9-ddb5-4fa4-a97d-d965ccfc6d4b" outcome="Passed" testListId="8c84fa94-04c1-424b-9868-57a2d4851a1d" relativeResultsDirectory="fb6338e7-1676-4893-85d5-2ea04e49437e" dataRowInfo="14" resultType="DataDrivenDataRow" />
        <UnitTestResult executionId="7bcfa3b6-73eb-4b9f-b0a9-712c6c23b31e" parentExecutionId="fb6338e7-1676-4893-85d5-2ea04e49437e" testId="d03eb628-bf1f-c27d-aeef-e708d613d686" testName="all_persons_modal_can_may_negation" computerName="ARPAN-LAP" duration="00:00:00.0251026" startTime="2014-06-29T13:09:49.6696381+05:30" endTime="2014-06-29T13:09:49.6946395+05:30" testType="13cdc9d9-ddb5-4fa4-a97d-d965ccfc6d4b" outcome="Passed" testListId="8c84fa94-04c1-424b-9868-57a2d4851a1d" relativeResultsDirectory="fb6338e7-1676-4893-85d5-2ea04e49437e" dataRowInfo="15" resultType="DataDrivenDataRow" />
        <UnitTestResult executionId="a94777fb-6ed2-4cef-bc7a-f5c18837c915" parentExecutionId="fb6338e7-1676-4893-85d5-2ea04e49437e" testId="d03eb628-bf1f-c27d-aeef-e708d613d686" testName="all_persons_modal_can_may_negation" computerName="ARPAN-LAP" duration="00:00:00.0231065" startTime="2014-06-29T13:09:49.6946395+05:30" endTime="2014-06-29T13:09:49.7176408+05:30" testType="13cdc9d9-ddb5-4fa4-a97d-d965ccfc6d4b" outcome="Passed" testListId="8c84fa94-04c1-424b-9868-57a2d4851a1d" relativeResultsDirectory="fb6338e7-1676-4893-85d5-2ea04e49437e" dataRowInfo="16" resultType="DataDrivenDataRow" />
        <UnitTestResult executionId="13f787b9-6032-48c8-9e5f-a59e83d21fda" parentExecutionId="fb6338e7-1676-4893-85d5-2ea04e49437e" testId="d03eb628-bf1f-c27d-aeef-e708d613d686" testName="all_persons_modal_can_may_negation" computerName="ARPAN-LAP" duration="00:00:00.0207752" startTime="2014-06-29T13:09:49.7176408+05:30" endTime="2014-06-29T13:09:49.7386420+05:30" testType="13cdc9d9-ddb5-4fa4-a97d-d965ccfc6d4b" outcome="Passed" testListId="8c84fa94-04c1-424b-9868-57a2d4851a1d" relativeResultsDirectory="fb6338e7-1676-4893-85d5-2ea04e49437e" dataRowInfo="17" resultType="DataDrivenDataRow" />
        <UnitTestResult executionId="05618cb3-0a2a-46a6-8a30-935b1a3ba789" parentExecutionId="fb6338e7-1676-4893-85d5-2ea04e49437e" testId="d03eb628-bf1f-c27d-aeef-e708d613d686" testName="all_persons_modal_can_may_negation" computerName="ARPAN-LAP" duration="00:00:00.0207511" startTime="2014-06-29T13:09:49.7386420+05:30" endTime="2014-06-29T13:09:49.7596432+05:30" testType="13cdc9d9-ddb5-4fa4-a97d-d965ccfc6d4b" outcome="Passed" testListId="8c84fa94-04c1-424b-9868-57a2d4851a1d" relativeResultsDirectory="fb6338e7-1676-4893-85d5-2ea04e49437e" dataRowInfo="18" resultType="DataDrivenDataRow" />
        <UnitTestResult executionId="2d703391-b603-4318-b969-11fee559063d" parentExecutionId="fb6338e7-1676-4893-85d5-2ea04e49437e" testId="d03eb628-bf1f-c27d-aeef-e708d613d686" testName="all_persons_modal_can_may_negation" computerName="ARPAN-LAP" duration="00:00:00.0205319" startTime="2014-06-29T13:09:49.7596432+05:30" endTime="2014-06-29T13:09:49.7796444+05:30" testType="13cdc9d9-ddb5-4fa4-a97d-d965ccfc6d4b" outcome="Passed" testListId="8c84fa94-04c1-424b-9868-57a2d4851a1d" relativeResultsDirectory="fb6338e7-1676-4893-85d5-2ea04e49437e" dataRowInfo="19" resultType="DataDrivenDataRow" />
        <UnitTestResult executionId="9a547af1-5d4a-4407-bd8c-77220dfcbc02" parentExecutionId="fb6338e7-1676-4893-85d5-2ea04e49437e" testId="d03eb628-bf1f-c27d-aeef-e708d613d686" testName="all_persons_modal_can_may_negation" computerName="ARPAN-LAP" duration="00:00:00.0214465" startTime="2014-06-29T13:09:49.7796444+05:30" endTime="2014-06-29T13:09:49.8016456+05:30" testType="13cdc9d9-ddb5-4fa4-a97d-d965ccfc6d4b" outcome="Passed" testListId="8c84fa94-04c1-424b-9868-57a2d4851a1d" relativeResultsDirectory="fb6338e7-1676-4893-85d5-2ea04e49437e" dataRowInfo="20" resultType="DataDrivenDataRow" />
        <UnitTestResult executionId="a19c67ca-21a4-44d2-bc65-86243279ead2" parentExecutionId="fb6338e7-1676-4893-85d5-2ea04e49437e" testId="d03eb628-bf1f-c27d-aeef-e708d613d686" testName="all_persons_modal_can_may_negation" computerName="ARPAN-LAP" duration="00:00:00.0278276" startTime="2014-06-29T13:09:49.8016456+05:30" endTime="2014-06-29T13:09:49.8296472+05:30" testType="13cdc9d9-ddb5-4fa4-a97d-d965ccfc6d4b" outcome="Passed" testListId="8c84fa94-04c1-424b-9868-57a2d4851a1d" relativeResultsDirectory="fb6338e7-1676-4893-85d5-2ea04e49437e" dataRowInfo="21" resultType="DataDrivenDataRow" />
        <UnitTestResult executionId="73a01cf0-378c-44df-b83f-c1ee767e4df8" parentExecutionId="fb6338e7-1676-4893-85d5-2ea04e49437e" testId="d03eb628-bf1f-c27d-aeef-e708d613d686" testName="all_persons_modal_can_may_negation" computerName="ARPAN-LAP" duration="00:00:00.0286118" startTime="2014-06-29T13:09:49.8296472+05:30" endTime="2014-06-29T13:09:49.8576488+05:30" testType="13cdc9d9-ddb5-4fa4-a97d-d965ccfc6d4b" outcome="Passed" testListId="8c84fa94-04c1-424b-9868-57a2d4851a1d" relativeResultsDirectory="fb6338e7-1676-4893-85d5-2ea04e49437e" dataRowInfo="22" resultType="DataDrivenDataRow" />
        <UnitTestResult executionId="fb30e070-950c-4511-9cc8-35b2e5a1dd7d" parentExecutionId="fb6338e7-1676-4893-85d5-2ea04e49437e" testId="d03eb628-bf1f-c27d-aeef-e708d613d686" testName="all_persons_modal_can_may_negation" computerName="ARPAN-LAP" duration="00:00:00.0251775" startTime="2014-06-29T13:09:49.8576488+05:30" endTime="2014-06-29T13:09:49.8836503+05:30" testType="13cdc9d9-ddb5-4fa4-a97d-d965ccfc6d4b" outcome="Passed" testListId="8c84fa94-04c1-424b-9868-57a2d4851a1d" relativeResultsDirectory="fb6338e7-1676-4893-85d5-2ea04e49437e" dataRowInfo="23" resultType="DataDrivenDataRow" />
      </InnerResults>
    </UnitTestResult>
    <UnitTestResult executionId="62bd5365-c1a7-47f7-9b72-59871002e711" testId="d766a059-d96c-7b47-e6a6-34931760df96" testName="all_persons_tenses_passive" computerName="ARPAN-LAP" duration="00:00:00.3299252" startTime="2014-06-29T13:09:49.9666550+05:30" endTime="2014-06-29T13:09:50.3396764+05:30" testType="13cdc9d9-ddb5-4fa4-a97d-d965ccfc6d4b" outcome="Passed" testListId="8c84fa94-04c1-424b-9868-57a2d4851a1d" relativeResultsDirectory="62bd5365-c1a7-47f7-9b72-59871002e711" resultType="DataDrivenTest">
      <Counters error="0" failed="0" timeout="0" aborted="0" inconclusive="0" passedButRunAborted="0" notRunnable="0" notExecuted="0" disconnected="0" warning="0" passed="10" completed="0" inProgress="0" pending="0" />
      <InnerResults>
        <UnitTestResult executionId="619447f2-7085-4331-8145-3b6527c49272" parentExecutionId="62bd5365-c1a7-47f7-9b72-59871002e711" testId="d766a059-d96c-7b47-e6a6-34931760df96" testName="all_persons_tenses_passive" computerName="ARPAN-LAP" duration="00:00:00.0219614" startTime="2014-06-29T13:09:49.9796558+05:30" endTime="2014-06-29T13:09:50.0016571+05:30" testType="13cdc9d9-ddb5-4fa4-a97d-d965ccfc6d4b" outcome="Passed" testListId="8c84fa94-04c1-424b-9868-57a2d4851a1d" relativeResultsDirectory="62bd5365-c1a7-47f7-9b72-59871002e711" dataRowInfo="0" resultType="DataDrivenDataRow" />
        <UnitTestResult executionId="c33e35b6-c18b-4bf7-a494-e0afa8cbaa68" parentExecutionId="62bd5365-c1a7-47f7-9b72-59871002e711" testId="d766a059-d96c-7b47-e6a6-34931760df96" testName="all_persons_tenses_passive" computerName="ARPAN-LAP" duration="00:00:00.0239118" startTime="2014-06-29T13:09:50.0016571+05:30" endTime="2014-06-29T13:09:50.0256584+05:30" testType="13cdc9d9-ddb5-4fa4-a97d-d965ccfc6d4b" outcome="Passed" testListId="8c84fa94-04c1-424b-9868-57a2d4851a1d" relativeResultsDirectory="62bd5365-c1a7-47f7-9b72-59871002e711" dataRowInfo="1" resultType="DataDrivenDataRow" />
        <UnitTestResult executionId="9e72d8f4-d8e6-4478-a831-368a26f891a7" parentExecutionId="62bd5365-c1a7-47f7-9b72-59871002e711" testId="d766a059-d96c-7b47-e6a6-34931760df96" testName="all_persons_tenses_passive" computerName="ARPAN-LAP" duration="00:00:00.0319291" startTime="2014-06-29T13:09:50.0256584+05:30" endTime="2014-06-29T13:09:50.0576603+05:30" testType="13cdc9d9-ddb5-4fa4-a97d-d965ccfc6d4b" outcome="Passed" testListId="8c84fa94-04c1-424b-9868-57a2d4851a1d" relativeResultsDirectory="62bd5365-c1a7-47f7-9b72-59871002e711" dataRowInfo="2" resultType="DataDrivenDataRow" />
        <UnitTestResult executionId="cf767375-adc8-42db-b56b-774c927b8802" parentExecutionId="62bd5365-c1a7-47f7-9b72-59871002e711" testId="d766a059-d96c-7b47-e6a6-34931760df96" testName="all_persons_tenses_passive" computerName="ARPAN-LAP" duration="00:00:00.0330116" startTime="2014-06-29T13:09:50.0576603+05:30" endTime="2014-06-29T13:09:50.0906621+05:30" testType="13cdc9d9-ddb5-4fa4-a97d-d965ccfc6d4b" outcome="Passed" testListId="8c84fa94-04c1-424b-9868-57a2d4851a1d" relativeResultsDirectory="62bd5365-c1a7-47f7-9b72-59871002e711" dataRowInfo="3" resultType="DataDrivenDataRow" />
        <UnitTestResult executionId="412b97c6-2694-4fcb-9f57-091c820e6c5a" parentExecutionId="62bd5365-c1a7-47f7-9b72-59871002e711" testId="d766a059-d96c-7b47-e6a6-34931760df96" testName="all_persons_tenses_passive" computerName="ARPAN-LAP" duration="00:00:00.0200838" startTime="2014-06-29T13:09:50.0906621+05:30" endTime="2014-06-29T13:09:50.1106633+05:30" testType="13cdc9d9-ddb5-4fa4-a97d-d965ccfc6d4b" outcome="Passed" testListId="8c84fa94-04c1-424b-9868-57a2d4851a1d" relativeResultsDirectory="62bd5365-c1a7-47f7-9b72-59871002e711" dataRowInfo="4" resultType="DataDrivenDataRow" />
        <UnitTestResult executionId="835ad6c0-caf0-4733-99bd-195b5a179db9" parentExecutionId="62bd5365-c1a7-47f7-9b72-59871002e711" testId="d766a059-d96c-7b47-e6a6-34931760df96" testName="all_persons_tenses_passive" computerName="ARPAN-LAP" duration="00:00:00.0241818" startTime="2014-06-29T13:09:50.1106633+05:30" endTime="2014-06-29T13:09:50.1356647+05:30" testType="13cdc9d9-ddb5-4fa4-a97d-d965ccfc6d4b" outcome="Passed" testListId="8c84fa94-04c1-424b-9868-57a2d4851a1d" relativeResultsDirectory="62bd5365-c1a7-47f7-9b72-59871002e711" dataRowInfo="5" resultType="DataDrivenDataRow" />
        <UnitTestResult executionId="9f98cec4-a40e-4602-a357-4c42bc0032ff" parentExecutionId="62bd5365-c1a7-47f7-9b72-59871002e711" testId="d766a059-d96c-7b47-e6a6-34931760df96" testName="all_persons_tenses_passive" computerName="ARPAN-LAP" duration="00:00:00.0283727" startTime="2014-06-29T13:09:50.1356647+05:30" endTime="2014-06-29T13:09:50.1636663+05:30" testType="13cdc9d9-ddb5-4fa4-a97d-d965ccfc6d4b" outcome="Passed" testListId="8c84fa94-04c1-424b-9868-57a2d4851a1d" relativeResultsDirectory="62bd5365-c1a7-47f7-9b72-59871002e711" dataRowInfo="6" resultType="DataDrivenDataRow" />
        <UnitTestResult executionId="fbb4fbe1-6a55-448c-ac83-478dcad14e3b" parentExecutionId="62bd5365-c1a7-47f7-9b72-59871002e711" testId="d766a059-d96c-7b47-e6a6-34931760df96" testName="all_persons_tenses_passive" computerName="ARPAN-LAP" duration="00:00:00.0292067" startTime="2014-06-29T13:09:50.1636663+05:30" endTime="2014-06-29T13:09:50.1926680+05:30" testType="13cdc9d9-ddb5-4fa4-a97d-d965ccfc6d4b" outcome="Passed" testListId="8c84fa94-04c1-424b-9868-57a2d4851a1d" relativeResultsDirectory="62bd5365-c1a7-47f7-9b72-59871002e711" dataRowInfo="7" resultType="DataDrivenDataRow" />
        <UnitTestResult executionId="070f5c2e-a53f-4a4c-a203-7633a97753e6" parentExecutionId="62bd5365-c1a7-47f7-9b72-59871002e711" testId="d766a059-d96c-7b47-e6a6-34931760df96" testName="all_persons_tenses_passive" computerName="ARPAN-LAP" duration="00:00:00.0355349" startTime="2014-06-29T13:09:50.1926680+05:30" endTime="2014-06-29T13:09:50.2286700+05:30" testType="13cdc9d9-ddb5-4fa4-a97d-d965ccfc6d4b" outcome="Passed" testListId="8c84fa94-04c1-424b-9868-57a2d4851a1d" relativeResultsDirectory="62bd5365-c1a7-47f7-9b72-59871002e711" dataRowInfo="8" resultType="DataDrivenDataRow" />
        <UnitTestResult executionId="e942315a-0b63-4814-a6b8-e5ca188dd7d1" parentExecutionId="62bd5365-c1a7-47f7-9b72-59871002e711" testId="d766a059-d96c-7b47-e6a6-34931760df96" testName="all_persons_tenses_passive" computerName="ARPAN-LAP" duration="00:00:00.0794449" startTime="2014-06-29T13:09:50.2286700+05:30" endTime="2014-06-29T13:09:50.3086746+05:30" testType="13cdc9d9-ddb5-4fa4-a97d-d965ccfc6d4b" outcome="Passed" testListId="8c84fa94-04c1-424b-9868-57a2d4851a1d" relativeResultsDirectory="62bd5365-c1a7-47f7-9b72-59871002e711" dataRowInfo="9" resultType="DataDrivenDataRow" />
      </InnerResults>
    </UnitTestResult>
    <UnitTestResult executionId="2c37ce2f-38fc-4712-ab34-1cd56c7b4b35" testId="fe3e63ab-391c-e168-48d0-431b85a7b898" testName="third_person_tenses_active_negation" computerName="ARPAN-LAP" duration="00:00:00.2348701" startTime="2014-06-29T13:09:50.3456767+05:30" endTime="2014-06-29T13:09:50.6246927+05:30" testType="13cdc9d9-ddb5-4fa4-a97d-d965ccfc6d4b" outcome="Passed" testListId="8c84fa94-04c1-424b-9868-57a2d4851a1d" relativeResultsDirectory="2c37ce2f-38fc-4712-ab34-1cd56c7b4b35" resultType="DataDrivenTest">
      <Counters error="0" failed="0" timeout="0" aborted="0" inconclusive="0" passedButRunAborted="0" notRunnable="0" notExecuted="0" disconnected="0" warning="0" passed="10" completed="0" inProgress="0" pending="0" />
      <InnerResults>
        <UnitTestResult executionId="0f4f6cca-3612-457c-958a-53e5b5233fb3" parentExecutionId="2c37ce2f-38fc-4712-ab34-1cd56c7b4b35" testId="fe3e63ab-391c-e168-48d0-431b85a7b898" testName="third_person_tenses_active_negation" computerName="ARPAN-LAP" duration="00:00:00.0241879" startTime="2014-06-29T13:09:50.3596775+05:30" endTime="2014-06-29T13:09:50.3836789+05:30" testType="13cdc9d9-ddb5-4fa4-a97d-d965ccfc6d4b" outcome="Passed" testListId="8c84fa94-04c1-424b-9868-57a2d4851a1d" relativeResultsDirectory="2c37ce2f-38fc-4712-ab34-1cd56c7b4b35" dataRowInfo="0" resultType="DataDrivenDataRow" />
        <UnitTestResult executionId="7c62f473-20d7-4bfc-93d4-c2fe1e21e4f6" parentExecutionId="2c37ce2f-38fc-4712-ab34-1cd56c7b4b35" testId="fe3e63ab-391c-e168-48d0-431b85a7b898" testName="third_person_tenses_active_negation" computerName="ARPAN-LAP" duration="00:00:00.0211956" startTime="2014-06-29T13:09:50.3836789+05:30" endTime="2014-06-29T13:09:50.4046801+05:30" testType="13cdc9d9-ddb5-4fa4-a97d-d965ccfc6d4b" outcome="Passed" testListId="8c84fa94-04c1-424b-9868-57a2d4851a1d" relativeResultsDirectory="2c37ce2f-38fc-4712-ab34-1cd56c7b4b35" dataRowInfo="1" resultType="DataDrivenDataRow" />
        <UnitTestResult executionId="f0279342-d7ce-4e7e-9630-fc1dc6b132d8" parentExecutionId="2c37ce2f-38fc-4712-ab34-1cd56c7b4b35" testId="fe3e63ab-391c-e168-48d0-431b85a7b898" testName="third_person_tenses_active_negation" computerName="ARPAN-LAP" duration="00:00:00.0233857" startTime="2014-06-29T13:09:50.4046801+05:30" endTime="2014-06-29T13:09:50.4286815+05:30" testType="13cdc9d9-ddb5-4fa4-a97d-d965ccfc6d4b" outcome="Passed" testListId="8c84fa94-04c1-424b-9868-57a2d4851a1d" relativeResultsDirectory="2c37ce2f-38fc-4712-ab34-1cd56c7b4b35" dataRowInfo="2" resultType="DataDrivenDataRow" />
        <UnitTestResult executionId="3a27fb16-adae-4ff8-afa6-f43df5386c86" parentExecutionId="2c37ce2f-38fc-4712-ab34-1cd56c7b4b35" testId="fe3e63ab-391c-e168-48d0-431b85a7b898" testName="third_person_tenses_active_negation" computerName="ARPAN-LAP" duration="00:00:00.0251257" startTime="2014-06-29T13:09:50.4286815+05:30" endTime="2014-06-29T13:09:50.4536829+05:30" testType="13cdc9d9-ddb5-4fa4-a97d-d965ccfc6d4b" outcome="Passed" testListId="8c84fa94-04c1-424b-9868-57a2d4851a1d" relativeResultsDirectory="2c37ce2f-38fc-4712-ab34-1cd56c7b4b35" dataRowInfo="3" resultType="DataDrivenDataRow" />
        <UnitTestResult executionId="c30df6fa-3f44-47c0-a126-82a2d9072b50" parentExecutionId="2c37ce2f-38fc-4712-ab34-1cd56c7b4b35" testId="fe3e63ab-391c-e168-48d0-431b85a7b898" testName="third_person_tenses_active_negation" computerName="ARPAN-LAP" duration="00:00:00.0198975" startTime="2014-06-29T13:09:50.4536829+05:30" endTime="2014-06-29T13:09:50.4736840+05:30" testType="13cdc9d9-ddb5-4fa4-a97d-d965ccfc6d4b" outcome="Passed" testListId="8c84fa94-04c1-424b-9868-57a2d4851a1d" relativeResultsDirectory="2c37ce2f-38fc-4712-ab34-1cd56c7b4b35" dataRowInfo="4" resultType="DataDrivenDataRow" />
        <UnitTestResult executionId="80d7c0c1-c7a1-4617-8660-e5dedaf76452" parentExecutionId="2c37ce2f-38fc-4712-ab34-1cd56c7b4b35" testId="fe3e63ab-391c-e168-48d0-431b85a7b898" testName="third_person_tenses_active_negation" computerName="ARPAN-LAP" duration="00:00:00.0222211" startTime="2014-06-29T13:09:50.4736840+05:30" endTime="2014-06-29T13:09:50.4956853+05:30" testType="13cdc9d9-ddb5-4fa4-a97d-d965ccfc6d4b" outcome="Passed" testListId="8c84fa94-04c1-424b-9868-57a2d4851a1d" relativeResultsDirectory="2c37ce2f-38fc-4712-ab34-1cd56c7b4b35" dataRowInfo="5" resultType="DataDrivenDataRow" />
        <UnitTestResult executionId="3b165b56-a9b8-4dfd-b37c-fde1e69dfcd7" parentExecutionId="2c37ce2f-38fc-4712-ab34-1cd56c7b4b35" testId="fe3e63ab-391c-e168-48d0-431b85a7b898" testName="third_person_tenses_active_negation" computerName="ARPAN-LAP" duration="00:00:00.0210185" startTime="2014-06-29T13:09:50.4956853+05:30" endTime="2014-06-29T13:09:50.5166865+05:30" testType="13cdc9d9-ddb5-4fa4-a97d-d965ccfc6d4b" outcome="Passed" testListId="8c84fa94-04c1-424b-9868-57a2d4851a1d" relativeResultsDirectory="2c37ce2f-38fc-4712-ab34-1cd56c7b4b35" dataRowInfo="6" resultType="DataDrivenDataRow" />
        <UnitTestResult executionId="79246b3e-5406-4cff-9b32-2a17e6d0932b" parentExecutionId="2c37ce2f-38fc-4712-ab34-1cd56c7b4b35" testId="fe3e63ab-391c-e168-48d0-431b85a7b898" testName="third_person_tenses_active_negation" computerName="ARPAN-LAP" duration="00:00:00.0257319" startTime="2014-06-29T13:09:50.5166865+05:30" endTime="2014-06-29T13:09:50.5426880+05:30" testType="13cdc9d9-ddb5-4fa4-a97d-d965ccfc6d4b" outcome="Passed" testListId="8c84fa94-04c1-424b-9868-57a2d4851a1d" relativeResultsDirectory="2c37ce2f-38fc-4712-ab34-1cd56c7b4b35" dataRowInfo="7" resultType="DataDrivenDataRow" />
        <UnitTestResult executionId="2a0a2ea0-4789-4058-8d66-998d5efb12c6" parentExecutionId="2c37ce2f-38fc-4712-ab34-1cd56c7b4b35" testId="fe3e63ab-391c-e168-48d0-431b85a7b898" testName="third_person_tenses_active_negation" computerName="ARPAN-LAP" duration="00:00:00.0227631" startTime="2014-06-29T13:09:50.5426880+05:30" endTime="2014-06-29T13:09:50.5656893+05:30" testType="13cdc9d9-ddb5-4fa4-a97d-d965ccfc6d4b" outcome="Passed" testListId="8c84fa94-04c1-424b-9868-57a2d4851a1d" relativeResultsDirectory="2c37ce2f-38fc-4712-ab34-1cd56c7b4b35" dataRowInfo="8" resultType="DataDrivenDataRow" />
        <UnitTestResult executionId="4fcea896-5c42-4118-847e-e7ceed4ddbfe" parentExecutionId="2c37ce2f-38fc-4712-ab34-1cd56c7b4b35" testId="fe3e63ab-391c-e168-48d0-431b85a7b898" testName="third_person_tenses_active_negation" computerName="ARPAN-LAP" duration="00:00:00.0272204" startTime="2014-06-29T13:09:50.5656893+05:30" endTime="2014-06-29T13:09:50.5926909+05:30" testType="13cdc9d9-ddb5-4fa4-a97d-d965ccfc6d4b" outcome="Passed" testListId="8c84fa94-04c1-424b-9868-57a2d4851a1d" relativeResultsDirectory="2c37ce2f-38fc-4712-ab34-1cd56c7b4b35" dataRowInfo="9" resultType="DataDrivenDataRow" />
      </InnerResults>
    </UnitTestResult>
  </Results>
</TestRun>