<?xml version="1.0" encoding="UTF-8"?>
<TestRun id="8683d4b1-6b14-4829-8d52-c733cdef072a" name="Arghya@ARPAN-LAP 2014-06-29 11:56:15" runUser="ARPAN-LAP\Arghya" xmlns="http://microsoft.com/schemas/VisualStudio/TeamTest/2010">
  <TestSettings name="Default Test Settings" id="2dc2a54e-bc38-4e93-b7ea-b394b0f33b7e">
    <Execution>
      <TestTypeSpecific />
      <AgentRule name="Execution Agents">
      </AgentRule>
    </Execution>
    <Deployment runDeploymentRoot="Arghya_ARPAN-LAP 2014-06-29 11_56_15" />
  </TestSettings>
  <Times creation="2014-06-29T11:56:15.5721661+05:30" queuing="2014-06-29T11:56:15.7821781+05:30" start="2014-06-29T11:56:15.8081796+05:30" finish="2014-06-29T11:56:31.2090605+05:30" />
  <ResultSummary outcome="Failed">
    <Counters total="309" executed="309" passed="301" error="0" failed="8" timeout="0" aborted="0" inconclusive="0" passedButRunAborted="0" notRunnable="0" notExecuted="0" disconnected="0" warning="0" completed="0" inProgress="0" pending="0" />
    <RunInfos>
      <RunInfo computerName="ARPAN-LAP" outcome="Warning" timestamp="2014-06-29T11:56:15.7601769+05:30">
        <Text>Warning: Test Run deployment issue: Failed to get the file for deployment item '..\UnitTest\TestCases\wikipedia.xml' specified by the test 'UnitTest.BnlpTest.RandomWord': System.IO.DirectoryNotFoundException: Could not find a part of the path 'D:\software\Project\UnitTest\TestCases\wikipedia.xml'.</Text>
        <Exception>System.IO.DirectoryNotFoundException: Could not find a part of the path 'D:\software\Project\UnitTest\TestCases\wikipedia.xml'.
   at System.IO.__Error.WinIOError(Int32 errorCode, String maybeFullPath)
   at System.IO.File.GetAttributes(String path)
   at Microsoft.VisualStudio.TestTools.Common.SingleFileProvider.GetFilePaths()
   at Microsoft.VisualStudio.TestTools.TestManagement.DeploymentCoverageItem.GetFiles(TestRunConfiguration runConfig)
   at Microsoft.VisualStudio.TestTools.TestManagement.DeploymentManager.DoDeployment(TestRun run, FileCopyService fileCopyService)</Exception>
      </RunInfo>
      <RunInfo computerName="ARPAN-LAP" outcome="Warning" timestamp="2014-06-29T11:56:15.7611769+05:30">
        <Text>Warning: Test Run deployment issue: Failed to get the file for deployment item '..\UnitTest\TestCases\interrogative_sentences_who.xml' specified by the test 'UnitTest.BnlpTest.interrogative_sentences_who': System.IO.DirectoryNotFoundException: Could not find a part of the path 'D:\software\Project\UnitTest\TestCases\interrogative_sentences_who.xml'.</Text>
        <Exception>System.IO.DirectoryNotFoundException: Could not find a part of the path 'D:\software\Project\UnitTest\TestCases\interrogative_sentences_who.xml'.
   at System.IO.__Error.WinIOError(Int32 errorCode, String maybeFullPath)
   at System.IO.File.GetAttributes(String path)
   at Microsoft.VisualStudio.TestTools.Common.SingleFileProvider.GetFilePaths()
   at Microsoft.VisualStudio.TestTools.TestManagement.DeploymentCoverageItem.GetFiles(TestRunConfiguration runConfig)
   at Microsoft.VisualStudio.TestTools.TestManagement.DeploymentManager.DoDeployment(TestRun run, FileCopyService fileCopyService)</Exception>
      </RunInfo>
      <RunInfo computerName="ARPAN-LAP" outcome="Warning" timestamp="2014-06-29T11:56:15.7621770+05:30">
        <Text>Warning: Test Run deployment issue: Failed to get the file for deployment item '..\UnitTest\TestCases\special_handling_do_verb.xml' specified by the test 'UnitTest.BnlpTest.special_handling_do_verb': System.IO.DirectoryNotFoundException: Could not find a part of the path 'D:\software\Project\UnitTest\TestCases\special_handling_do_verb.xml'.</Text>
        <Exception>System.IO.DirectoryNotFoundException: Could not find a part of the path 'D:\software\Project\UnitTest\TestCases\special_handling_do_verb.xml'.
   at System.IO.__Error.WinIOError(Int32 errorCode, String maybeFullPath)
   at System.IO.File.GetAttributes(String path)
   at Microsoft.VisualStudio.TestTools.Common.SingleFileProvider.GetFilePaths()
   at Microsoft.VisualStudio.TestTools.TestManagement.DeploymentCoverageItem.GetFiles(TestRunConfiguration runConfig)
   at Microsoft.VisualStudio.TestTools.TestManagement.DeploymentManager.DoDeployment(TestRun run, FileCopyService fileCopyService)</Exception>
      </RunInfo>
      <RunInfo computerName="ARPAN-LAP" outcome="Warning" timestamp="2014-06-29T11:56:15.7631771+05:30">
        <Text>Warning: Test Run deployment issue: Failed to get the file for deployment item '..\UnitTest\TestCases\interrogative_sentences_which.xml' specified by the test 'UnitTest.BnlpTest.interrogative_sentences_which': System.IO.DirectoryNotFoundException: Could not find a part of the path 'D:\software\Project\UnitTest\TestCases\interrogative_sentences_which.xml'.</Text>
        <Exception>System.IO.DirectoryNotFoundException: Could not find a part of the path 'D:\software\Project\UnitTest\TestCases\interrogative_sentences_which.xml'.
   at System.IO.__Error.WinIOError(Int32 errorCode, String maybeFullPath)
   at System.IO.File.GetAttributes(String path)
   at Microsoft.VisualStudio.TestTools.Common.SingleFileProvider.GetFilePaths()
   at Microsoft.VisualStudio.TestTools.TestManagement.DeploymentCoverageItem.GetFiles(TestRunConfiguration runConfig)
   at Microsoft.VisualStudio.TestTools.TestManagement.DeploymentManager.DoDeployment(TestRun run, FileCopyService fileCopyService)</Exception>
      </RunInfo>
      <RunInfo computerName="ARPAN-LAP" outcome="Warning" timestamp="2014-06-29T11:56:15.7641771+05:30">
        <Text>Warning: Test Run deployment issue: Failed to get the file for deployment item '..\UnitTest\TestCases\all_persons_modal_should.xml' specified by the test 'UnitTest.BnlpTest.all_persons_modal_should': System.IO.DirectoryNotFoundException: Could not find a part of the path 'D:\software\Project\UnitTest\TestCases\all_persons_modal_should.xml'.</Text>
        <Exception>System.IO.DirectoryNotFoundException: Could not find a part of the path 'D:\software\Project\UnitTest\TestCases\all_persons_modal_should.xml'.
   at System.IO.__Error.WinIOError(Int32 errorCode, String maybeFullPath)
   at System.IO.File.GetAttributes(String path)
   at Microsoft.VisualStudio.TestTools.Common.SingleFileProvider.GetFilePaths()
   at Microsoft.VisualStudio.TestTools.TestManagement.DeploymentCoverageItem.GetFiles(TestRunConfiguration runConfig)
   at Microsoft.VisualStudio.TestTools.TestManagement.DeploymentManager.DoDeployment(TestRun run, FileCopyService fileCopyService)</Exception>
      </RunInfo>
      <RunInfo computerName="ARPAN-LAP" outcome="Warning" timestamp="2014-06-29T11:56:15.7651772+05:30">
        <Text>Warning: Test Run deployment issue: Failed to get the file for deployment item '..\UnitTest\TestCases\third_person_tenses_active.xml' specified by the test 'UnitTest.BnlpTest.third_person_tenses_active': System.IO.DirectoryNotFoundException: Could not find a part of the path 'D:\software\Project\UnitTest\TestCases\third_person_tenses_active.xml'.</Text>
        <Exception>System.IO.DirectoryNotFoundException: Could not find a part of the path 'D:\software\Project\UnitTest\TestCases\third_person_tenses_active.xml'.
   at System.IO.__Error.WinIOError(Int32 errorCode, String maybeFullPath)
   at System.IO.File.GetAttributes(String path)
   at Microsoft.VisualStudio.TestTools.Common.SingleFileProvider.GetFilePaths()
   at Microsoft.VisualStudio.TestTools.TestManagement.DeploymentCoverageItem.GetFiles(TestRunConfiguration runConfig)
   at Microsoft.VisualStudio.TestTools.TestManagement.DeploymentManager.DoDeployment(TestRun run, FileCopyService fileCopyService)</Exception>
      </RunInfo>
      <RunInfo computerName="ARPAN-LAP" outcome="Warning" timestamp="2014-06-29T11:56:15.7661772+05:30">
        <Text>Warning: Test Run deployment issue: Failed to get the file for deployment item '..\UnitTest\TestCases\all_persons_tenses_passive.xml' specified by the test 'UnitTest.BnlpTest.all_persons_tenses_passive': System.IO.DirectoryNotFoundException: Could not find a part of the path 'D:\software\Project\UnitTest\TestCases\all_persons_tenses_passive.xml'.</Text>
        <Exception>System.IO.DirectoryNotFoundException: Could not find a part of the path 'D:\software\Project\UnitTest\TestCases\all_persons_tenses_passive.xml'.
   at System.IO.__Error.WinIOError(Int32 errorCode, String maybeFullPath)
   at System.IO.File.GetAttributes(String path)
   at Microsoft.VisualStudio.TestTools.Common.SingleFileProvider.GetFilePaths()
   at Microsoft.VisualStudio.TestTools.TestManagement.DeploymentCoverageItem.GetFiles(TestRunConfiguration runConfig)
   at Microsoft.VisualStudio.TestTools.TestManagement.DeploymentManager.DoDeployment(TestRun run, FileCopyService fileCopyService)</Exception>
      </RunInfo>
      <RunInfo computerName="ARPAN-LAP" outcome="Warning" timestamp="2014-06-29T11:56:15.7661772+05:30">
        <Text>Warning: Test Run deployment issue: Failed to get the file for deployment item '..\UnitTest\TestCases\interrogative_sentences_aux.xml' specified by the test 'UnitTest.BnlpTest.interrogative_sentences_aux': System.IO.DirectoryNotFoundException: Could not find a part of the path 'D:\software\Project\UnitTest\TestCases\interrogative_sentences_aux.xml'.</Text>
        <Exception>System.IO.DirectoryNotFoundException: Could not find a part of the path 'D:\software\Project\UnitTest\TestCases\interrogative_sentences_aux.xml'.
   at System.IO.__Error.WinIOError(Int32 errorCode, String maybeFullPath)
   at System.IO.File.GetAttributes(String path)
   at Microsoft.VisualStudio.TestTools.Common.SingleFileProvider.GetFilePaths()
   at Microsoft.VisualStudio.TestTools.TestManagement.DeploymentCoverageItem.GetFiles(TestRunConfiguration runConfig)
   at Microsoft.VisualStudio.TestTools.TestManagement.DeploymentManager.DoDeployment(TestRun run, FileCopyService fileCopyService)</Exception>
      </RunInfo>
      <RunInfo computerName="ARPAN-LAP" outcome="Warning" timestamp="2014-06-29T11:56:15.7671773+05:30">
        <Text>Warning: Test Run deployment issue: Failed to get the file for deployment item '..\UnitTest\TestCases\second_person_tenses_active_negation.xml' specified by the test 'UnitTest.BnlpTest.second_person_tenses_active_negation': System.IO.DirectoryNotFoundException: Could not find a part of the path 'D:\software\Project\UnitTest\TestCases\second_person_tenses_active_negation.xml'.</Text>
        <Exception>System.IO.DirectoryNotFoundException: Could not find a part of the path 'D:\software\Project\UnitTest\TestCases\second_person_tenses_active_negation.xml'.
   at System.IO.__Error.WinIOError(Int32 errorCode, String maybeFullPath)
   at System.IO.File.GetAttributes(String path)
   at Microsoft.VisualStudio.TestTools.Common.SingleFileProvider.GetFilePaths()
   at Microsoft.VisualStudio.TestTools.TestManagement.DeploymentCoverageItem.GetFiles(TestRunConfiguration runConfig)
   at Microsoft.VisualStudio.TestTools.TestManagement.DeploymentManager.DoDeployment(TestRun run, FileCopyService fileCopyService)</Exception>
      </RunInfo>
      <RunInfo computerName="ARPAN-LAP" outcome="Warning" timestamp="2014-06-29T11:56:15.7681773+05:30">
        <Text>Warning: Test Run deployment issue: Failed to get the file for deployment item '..\UnitTest\TestCases\interrogative_sentences_where.xml' specified by the test 'UnitTest.BnlpTest.interrogative_sentences_where': System.IO.DirectoryNotFoundException: Could not find a part of the path 'D:\software\Project\UnitTest\TestCases\interrogative_sentences_where.xml'.</Text>
        <Exception>System.IO.DirectoryNotFoundException: Could not find a part of the path 'D:\software\Project\UnitTest\TestCases\interrogative_sentences_where.xml'.
   at System.IO.__Error.WinIOError(Int32 errorCode, String maybeFullPath)
   at System.IO.File.GetAttributes(String path)
   at Microsoft.VisualStudio.TestTools.Common.SingleFileProvider.GetFilePaths()
   at Microsoft.VisualStudio.TestTools.TestManagement.DeploymentCoverageItem.GetFiles(TestRunConfiguration runConfig)
   at Microsoft.VisualStudio.TestTools.TestManagement.DeploymentManager.DoDeployment(TestRun run, FileCopyService fileCopyService)</Exception>
      </RunInfo>
      <RunInfo computerName="ARPAN-LAP" outcome="Warning" timestamp="2014-06-29T11:56:15.7691774+05:30">
        <Text>Warning: Test Run deployment issue: Failed to get the file for deployment item '..\UnitTest\TestCases\prepositions_made_with_three_words.xml' specified by the test 'UnitTest.BnlpTest.prepositions_made_with_three_words': System.IO.DirectoryNotFoundException: Could not find a part of the path 'D:\software\Project\UnitTest\TestCases\prepositions_made_with_three_words.xml'.</Text>
        <Exception>System.IO.DirectoryNotFoundException: Could not find a part of the path 'D:\software\Project\UnitTest\TestCases\prepositions_made_with_three_words.xml'.
   at System.IO.__Error.WinIOError(Int32 errorCode, String maybeFullPath)
   at System.IO.File.GetAttributes(String path)
   at Microsoft.VisualStudio.TestTools.Common.SingleFileProvider.GetFilePaths()
   at Microsoft.VisualStudio.TestTools.TestManagement.DeploymentCoverageItem.GetFiles(TestRunConfiguration runConfig)
   at Microsoft.VisualStudio.TestTools.TestManagement.DeploymentManager.DoDeployment(TestRun run, FileCopyService fileCopyService)</Exception>
      </RunInfo>
      <RunInfo computerName="ARPAN-LAP" outcome="Warning" timestamp="2014-06-29T11:56:15.7701775+05:30">
        <Text>Warning: Test Run deployment issue: Failed to get the file for deployment item '..\UnitTest\TestCases\interrogative_sentences_what.xml' specified by the test 'UnitTest.BnlpTest.interrogative_sentences_what': System.IO.DirectoryNotFoundException: Could not find a part of the path 'D:\software\Project\UnitTest\TestCases\interrogative_sentences_what.xml'.</Text>
        <Exception>System.IO.DirectoryNotFoundException: Could not find a part of the path 'D:\software\Project\UnitTest\TestCases\interrogative_sentences_what.xml'.
   at System.IO.__Error.WinIOError(Int32 errorCode, String maybeFullPath)
   at System.IO.File.GetAttributes(String path)
   at Microsoft.VisualStudio.TestTools.Common.SingleFileProvider.GetFilePaths()
   at Microsoft.VisualStudio.TestTools.TestManagement.DeploymentCoverageItem.GetFiles(TestRunConfiguration runConfig)
   at Microsoft.VisualStudio.TestTools.TestManagement.DeploymentManager.DoDeployment(TestRun run, FileCopyService fileCopyService)</Exception>
      </RunInfo>
      <RunInfo computerName="ARPAN-LAP" outcome="Warning" timestamp="2014-06-29T11:56:15.7711775+05:30">
        <Text>Warning: Test Run deployment issue: Failed to get the file for deployment item '..\UnitTest\TestCases\interrogative_sentences_how.xml' specified by the test 'UnitTest.BnlpTest.interrogative_sentences_how': System.IO.DirectoryNotFoundException: Could not find a part of the path 'D:\software\Project\UnitTest\TestCases\interrogative_sentences_how.xml'.</Text>
        <Exception>System.IO.DirectoryNotFoundException: Could not find a part of the path 'D:\software\Project\UnitTest\TestCases\interrogative_sentences_how.xml'.
   at System.IO.__Error.WinIOError(Int32 errorCode, String maybeFullPath)
   at System.IO.File.GetAttributes(String path)
   at Microsoft.VisualStudio.TestTools.Common.SingleFileProvider.GetFilePaths()
   at Microsoft.VisualStudio.TestTools.TestManagement.DeploymentCoverageItem.GetFiles(TestRunConfiguration runConfig)
   at Microsoft.VisualStudio.TestTools.TestManagement.DeploymentManager.DoDeployment(TestRun run, FileCopyService fileCopyService)</Exception>
      </RunInfo>
      <RunInfo computerName="ARPAN-LAP" outcome="Warning" timestamp="2014-06-29T11:56:15.7711775+05:30">
        <Text>Warning: Test Run deployment issue: Failed to get the file for deployment item '..\UnitTest\TestCases\interrogative_sentences_whom.xml' specified by the test 'UnitTest.BnlpTest.interrogative_sentences_whom': System.IO.DirectoryNotFoundException: Could not find a part of the path 'D:\software\Project\UnitTest\TestCases\interrogative_sentences_whom.xml'.</Text>
        <Exception>System.IO.DirectoryNotFoundException: Could not find a part of the path 'D:\software\Project\UnitTest\TestCases\interrogative_sentences_whom.xml'.
   at System.IO.__Error.WinIOError(Int32 errorCode, String maybeFullPath)
   at System.IO.File.GetAttributes(String path)
   at Microsoft.VisualStudio.TestTools.Common.SingleFileProvider.GetFilePaths()
   at Microsoft.VisualStudio.TestTools.TestManagement.DeploymentCoverageItem.GetFiles(TestRunConfiguration runConfig)
   at Microsoft.VisualStudio.TestTools.TestManagement.DeploymentManager.DoDeployment(TestRun run, FileCopyService fileCopyService)</Exception>
      </RunInfo>
      <RunInfo computerName="ARPAN-LAP" outcome="Warning" timestamp="2014-06-29T11:56:15.7721776+05:30">
        <Text>Warning: Test Run deployment issue: Failed to get the file for deployment item '..\UnitTest\TestCases\second_person_tenses_active.xml' specified by the test 'UnitTest.BnlpTest.second_person_tenses_active': System.IO.DirectoryNotFoundException: Could not find a part of the path 'D:\software\Project\UnitTest\TestCases\second_person_tenses_active.xml'.</Text>
        <Exception>System.IO.DirectoryNotFoundException: Could not find a part of the path 'D:\software\Project\UnitTest\TestCases\second_person_tenses_active.xml'.
   at System.IO.__Error.WinIOError(Int32 errorCode, String maybeFullPath)
   at System.IO.File.GetAttributes(String path)
   at Microsoft.VisualStudio.TestTools.Common.SingleFileProvider.GetFilePaths()
   at Microsoft.VisualStudio.TestTools.TestManagement.DeploymentCoverageItem.GetFiles(TestRunConfiguration runConfig)
   at Microsoft.VisualStudio.TestTools.TestManagement.DeploymentManager.DoDeployment(TestRun run, FileCopyService fileCopyService)</Exception>
      </RunInfo>
      <RunInfo computerName="ARPAN-LAP" outcome="Warning" timestamp="2014-06-29T11:56:15.7731776+05:30">
        <Text>Warning: Test Run deployment issue: Failed to get the file for deployment item '..\UnitTest\TestCases\all_persons_modal_should_negation.xml' specified by the test 'UnitTest.BnlpTest.all_persons_modal_should_negation': System.IO.DirectoryNotFoundException: Could not find a part of the path 'D:\software\Project\UnitTest\TestCases\all_persons_modal_should_negation.xml'.</Text>
        <Exception>System.IO.DirectoryNotFoundException: Could not find a part of the path 'D:\software\Project\UnitTest\TestCases\all_persons_modal_should_negation.xml'.
   at System.IO.__Error.WinIOError(Int32 errorCode, String maybeFullPath)
   at System.IO.File.GetAttributes(String path)
   at Microsoft.VisualStudio.TestTools.Common.SingleFileProvider.GetFilePaths()
   at Microsoft.VisualStudio.TestTools.TestManagement.DeploymentCoverageItem.GetFiles(TestRunConfiguration runConfig)
   at Microsoft.VisualStudio.TestTools.TestManagement.DeploymentManager.DoDeployment(TestRun run, FileCopyService fileCopyService)</Exception>
      </RunInfo>
      <RunInfo computerName="ARPAN-LAP" outcome="Warning" timestamp="2014-06-29T11:56:15.7741777+05:30">
        <Text>Warning: Test Run deployment issue: Failed to get the file for deployment item '..\UnitTest\TestCases\first_person_tenses_active_negation.xml' specified by the test 'UnitTest.BnlpTest.first_person_tenses_active_negation': System.IO.DirectoryNotFoundException: Could not find a part of the path 'D:\software\Project\UnitTest\TestCases\first_person_tenses_active_negation.xml'.</Text>
        <Exception>System.IO.DirectoryNotFoundException: Could not find a part of the path 'D:\software\Project\UnitTest\TestCases\first_person_tenses_active_negation.xml'.
   at System.IO.__Error.WinIOError(Int32 errorCode, String maybeFullPath)
   at System.IO.File.GetAttributes(String path)
   at Microsoft.VisualStudio.TestTools.Common.SingleFileProvider.GetFilePaths()
   at Microsoft.VisualStudio.TestTools.TestManagement.DeploymentCoverageItem.GetFiles(TestRunConfiguration runConfig)
   at Microsoft.VisualStudio.TestTools.TestManagement.DeploymentManager.DoDeployment(TestRun run, FileCopyService fileCopyService)</Exception>
      </RunInfo>
      <RunInfo computerName="ARPAN-LAP" outcome="Warning" timestamp="2014-06-29T11:56:15.7751777+05:30">
        <Text>Warning: Test Run deployment issue: Failed to get the file for deployment item '..\UnitTest\TestCases\all_persons_modal_can_may_negation.xml' specified by the test 'UnitTest.BnlpTest.all_persons_modal_can_may_negation': System.IO.DirectoryNotFoundException: Could not find a part of the path 'D:\software\Project\UnitTest\TestCases\all_persons_modal_can_may_negation.xml'.</Text>
        <Exception>System.IO.DirectoryNotFoundException: Could not find a part of the path 'D:\software\Project\UnitTest\TestCases\all_persons_modal_can_may_negation.xml'.
   at System.IO.__Error.WinIOError(Int32 errorCode, String maybeFullPath)
   at System.IO.File.GetAttributes(String path)
   at Microsoft.VisualStudio.TestTools.Common.SingleFileProvider.GetFilePaths()
   at Microsoft.VisualStudio.TestTools.TestManagement.DeploymentCoverageItem.GetFiles(TestRunConfiguration runConfig)
   at Microsoft.VisualStudio.TestTools.TestManagement.DeploymentManager.DoDeployment(TestRun run, FileCopyService fileCopyService)</Exception>
      </RunInfo>
      <RunInfo computerName="ARPAN-LAP" outcome="Warning" timestamp="2014-06-29T11:56:15.7761778+05:30">
        <Text>Warning: Test Run deployment issue: Failed to get the file for deployment item '..\UnitTest\TestCases\third_person_tenses_active_negation.xml' specified by the test 'UnitTest.BnlpTest.third_person_tenses_active_negation': System.IO.DirectoryNotFoundException: Could not find a part of the path 'D:\software\Project\UnitTest\TestCases\third_person_tenses_active_negation.xml'.</Text>
        <Exception>System.IO.DirectoryNotFoundException: Could not find a part of the path 'D:\software\Project\UnitTest\TestCases\third_person_tenses_active_negation.xml'.
   at System.IO.__Error.WinIOError(Int32 errorCode, String maybeFullPath)
   at System.IO.File.GetAttributes(String path)
   at Microsoft.VisualStudio.TestTools.Common.SingleFileProvider.GetFilePaths()
   at Microsoft.VisualStudio.TestTools.TestManagement.DeploymentCoverageItem.GetFiles(TestRunConfiguration runConfig)
   at Microsoft.VisualStudio.TestTools.TestManagement.DeploymentManager.DoDeployment(TestRun run, FileCopyService fileCopyService)</Exception>
      </RunInfo>
      <RunInfo computerName="ARPAN-LAP" outcome="Warning" timestamp="2014-06-29T11:56:15.7761778+05:30">
        <Text>Warning: Test Run deployment issue: Failed to get the file for deployment item '..\UnitTest\TestCases\interrogative_sentences_do.xml' specified by the test 'UnitTest.BnlpTest.interrogative_sentences_do': System.IO.DirectoryNotFoundException: Could not find a part of the path 'D:\software\Project\UnitTest\TestCases\interrogative_sentences_do.xml'.</Text>
        <Exception>System.IO.DirectoryNotFoundException: Could not find a part of the path 'D:\software\Project\UnitTest\TestCases\interrogative_sentences_do.xml'.
   at System.IO.__Error.WinIOError(Int32 errorCode, String maybeFullPath)
   at System.IO.File.GetAttributes(String path)
   at Microsoft.VisualStudio.TestTools.Common.SingleFileProvider.GetFilePaths()
   at Microsoft.VisualStudio.TestTools.TestManagement.DeploymentCoverageItem.GetFiles(TestRunConfiguration runConfig)
   at Microsoft.VisualStudio.TestTools.TestManagement.DeploymentManager.DoDeployment(TestRun run, FileCopyService fileCopyService)</Exception>
      </RunInfo>
      <RunInfo computerName="ARPAN-LAP" outcome="Warning" timestamp="2014-06-29T11:56:15.7771779+05:30">
        <Text>Warning: Test Run deployment issue: Failed to get the file for deployment item '..\UnitTest\TestCases\auxiliary_verbs_as_main_verbs.xml' specified by the test 'UnitTest.BnlpTest.auxiliary_verbs_as_main_verbs': System.IO.DirectoryNotFoundException: Could not find a part of the path 'D:\software\Project\UnitTest\TestCases\auxiliary_verbs_as_main_verbs.xml'.</Text>
        <Exception>System.IO.DirectoryNotFoundException: Could not find a part of the path 'D:\software\Project\UnitTest\TestCases\auxiliary_verbs_as_main_verbs.xml'.
   at System.IO.__Error.WinIOError(Int32 errorCode, String maybeFullPath)
   at System.IO.File.GetAttributes(String path)
   at Microsoft.VisualStudio.TestTools.Common.SingleFileProvider.GetFilePaths()
   at Microsoft.VisualStudio.TestTools.TestManagement.DeploymentCoverageItem.GetFiles(TestRunConfiguration runConfig)
   at Microsoft.VisualStudio.TestTools.TestManagement.DeploymentManager.DoDeployment(TestRun run, FileCopyService fileCopyService)</Exception>
      </RunInfo>
      <RunInfo computerName="ARPAN-LAP" outcome="Warning" timestamp="2014-06-29T11:56:15.7781779+05:30">
        <Text>Warning: Test Run deployment issue: Failed to get the file for deployment item '..\UnitTest\TestCases\all_persons_tenses_passive_negation.xml' specified by the test 'UnitTest.BnlpTest.all_persons_tenses_passive_negation': System.IO.DirectoryNotFoundException: Could not find a part of the path 'D:\software\Project\UnitTest\TestCases\all_persons_tenses_passive_negation.xml'.</Text>
        <Exception>System.IO.DirectoryNotFoundException: Could not find a part of the path 'D:\software\Project\UnitTest\TestCases\all_persons_tenses_passive_negation.xml'.
   at System.IO.__Error.WinIOError(Int32 errorCode, String maybeFullPath)
   at System.IO.File.GetAttributes(String path)
   at Microsoft.VisualStudio.TestTools.Common.SingleFileProvider.GetFilePaths()
   at Microsoft.VisualStudio.TestTools.TestManagement.DeploymentCoverageItem.GetFiles(TestRunConfiguration runConfig)
   at Microsoft.VisualStudio.TestTools.TestManagement.DeploymentManager.DoDeployment(TestRun run, FileCopyService fileCopyService)</Exception>
      </RunInfo>
      <RunInfo computerName="ARPAN-LAP" outcome="Warning" timestamp="2014-06-29T11:56:15.7791780+05:30">
        <Text>Warning: Test Run deployment issue: Failed to get the file for deployment item '..\UnitTest\TestCases\prepositions_made_with_two_words.xml' specified by the test 'UnitTest.BnlpTest.prepositions_made_with_two_words': System.IO.DirectoryNotFoundException: Could not find a part of the path 'D:\software\Project\UnitTest\TestCases\prepositions_made_with_two_words.xml'.</Text>
        <Exception>System.IO.DirectoryNotFoundException: Could not find a part of the path 'D:\software\Project\UnitTest\TestCases\prepositions_made_with_two_words.xml'.
   at System.IO.__Error.WinIOError(Int32 errorCode, String maybeFullPath)
   at System.IO.File.GetAttributes(String path)
   at Microsoft.VisualStudio.TestTools.Common.SingleFileProvider.GetFilePaths()
   at Microsoft.VisualStudio.TestTools.TestManagement.DeploymentCoverageItem.GetFiles(TestRunConfiguration runConfig)
   at Microsoft.VisualStudio.TestTools.TestManagement.DeploymentManager.DoDeployment(TestRun run, FileCopyService fileCopyService)</Exception>
      </RunInfo>
      <RunInfo computerName="ARPAN-LAP" outcome="Warning" timestamp="2014-06-29T11:56:15.7801780+05:30">
        <Text>Warning: Test Run deployment issue: Failed to get the file for deployment item '..\UnitTest\TestCases\first_person_tenses_active.xml' specified by the test 'UnitTest.BnlpTest.first_person_tenses_active': System.IO.DirectoryNotFoundException: Could not find a part of the path 'D:\software\Project\UnitTest\TestCases\first_person_tenses_active.xml'.</Text>
        <Exception>System.IO.DirectoryNotFoundException: Could not find a part of the path 'D:\software\Project\UnitTest\TestCases\first_person_tenses_active.xml'.
   at System.IO.__Error.WinIOError(Int32 errorCode, String maybeFullPath)
   at System.IO.File.GetAttributes(String path)
   at Microsoft.VisualStudio.TestTools.Common.SingleFileProvider.GetFilePaths()
   at Microsoft.VisualStudio.TestTools.TestManagement.DeploymentCoverageItem.GetFiles(TestRunConfiguration runConfig)
   at Microsoft.VisualStudio.TestTools.TestManagement.DeploymentManager.DoDeployment(TestRun run, FileCopyService fileCopyService)</Exception>
      </RunInfo>
      <RunInfo computerName="ARPAN-LAP" outcome="Warning" timestamp="2014-06-29T11:56:15.7811781+05:30">
        <Text>Warning: Test Run deployment issue: Failed to get the file for deployment item '..\UnitTest\TestCases\interrogative_sentences_why.xml' specified by the test 'UnitTest.BnlpTest.interrogative_sentences_why': System.IO.DirectoryNotFoundException: Could not find a part of the path 'D:\software\Project\UnitTest\TestCases\interrogative_sentences_why.xml'.</Text>
        <Exception>System.IO.DirectoryNotFoundException: Could not find a part of the path 'D:\software\Project\UnitTest\TestCases\interrogative_sentences_why.xml'.
   at System.IO.__Error.WinIOError(Int32 errorCode, String maybeFullPath)
   at System.IO.File.GetAttributes(String path)
   at Microsoft.VisualStudio.TestTools.Common.SingleFileProvider.GetFilePaths()
   at Microsoft.VisualStudio.TestTools.TestManagement.DeploymentCoverageItem.GetFiles(TestRunConfiguration runConfig)
   at Microsoft.VisualStudio.TestTools.TestManagement.DeploymentManager.DoDeployment(TestRun run, FileCopyService fileCopyService)</Exception>
      </RunInfo>
      <RunInfo computerName="ARPAN-LAP" outcome="Warning" timestamp="2014-06-29T11:56:15.7821781+05:30">
        <Text>Warning: Test Run deployment issue: Failed to get the file for deployment item '..\UnitTest\TestCases\all_persons_modal_can_may.xml' specified by the test 'UnitTest.BnlpTest.all_persons_modal_can_may': System.IO.DirectoryNotFoundException: Could not find a part of the path 'D:\software\Project\UnitTest\TestCases\all_persons_modal_can_may.xml'.</Text>
        <Exception>System.IO.DirectoryNotFoundException: Could not find a part of the path 'D:\software\Project\UnitTest\TestCases\all_persons_modal_can_may.xml'.
   at System.IO.__Error.WinIOError(Int32 errorCode, String maybeFullPath)
   at System.IO.File.GetAttributes(String path)
   at Microsoft.VisualStudio.TestTools.Common.SingleFileProvider.GetFilePaths()
   at Microsoft.VisualStudio.TestTools.TestManagement.DeploymentCoverageItem.GetFiles(TestRunConfiguration runConfig)
   at Microsoft.VisualStudio.TestTools.TestManagement.DeploymentManager.DoDeployment(TestRun run, FileCopyService fileCopyService)</Exception>
      </RunInfo>
    </RunInfos>
  </ResultSummary>
  <TestDefinitions>
    <UnitTest name="prepositions_made_with_three_words" storage="d:\software\project\bnlp\unittest\bin\debug\unittest.dll" id="0f33848d-a900-d644-7498-2526887b5425">
      <DeploymentItems>
        <DeploymentItem filename="..\UnitTest\TestCases\prepositions_made_with_three_words.xml" />
      </DeploymentItems>
      <Execution id="6261101f-5e68-4da6-9685-39a0e23181c3" />
      <TestMethod codeBase="D:/software/Project/BNLP/UnitTest/bin/Debug/UnitTest.DLL" adapterTypeName="Microsoft.VisualStudio.TestTools.TestTypes.Unit.UnitTestAdapter, Microsoft.VisualStudio.QualityTools.Tips.UnitTest.Adapter, Version=10.0.0.0, Culture=neutral, PublicKeyToken=b03f5f7f11d50a3a" className="UnitTest.BnlpTest, UnitTest, Version=1.0.0.0, Culture=neutral, PublicKeyToken=null" name="prepositions_made_with_three_words" />
      <DataSource connectionString="|DataDirectory|\TestCases\prepositions_made_with_three_words.xml" providerInvariantName="Microsoft.VisualStudio.TestTools.DataSource.XML" tableName="sentence" />
    </UnitTest>
    <UnitTest name="first_person_tenses_active" storage="d:\software\project\bnlp\unittest\bin\debug\unittest.dll" id="921e6ab0-d7c2-6005-e523-6fd2d5e1a723">
      <DeploymentItems>
        <DeploymentItem filename="..\UnitTest\TestCases\first_person_tenses_active.xml" />
      </DeploymentItems>
      <Execution id="0f525e0c-7f00-4b5d-ba1f-bfe624a309e4" />
      <TestMethod codeBase="D:/software/Project/BNLP/UnitTest/bin/Debug/UnitTest.DLL" adapterTypeName="Microsoft.VisualStudio.TestTools.TestTypes.Unit.UnitTestAdapter, Microsoft.VisualStudio.QualityTools.Tips.UnitTest.Adapter, Version=10.0.0.0, Culture=neutral, PublicKeyToken=b03f5f7f11d50a3a" className="UnitTest.BnlpTest, UnitTest, Version=1.0.0.0, Culture=neutral, PublicKeyToken=null" name="first_person_tenses_active" />
      <DataSource connectionString="|DataDirectory|\TestCases\first_person_tenses_active.xml" providerInvariantName="Microsoft.VisualStudio.TestTools.DataSource.XML" tableName="sentence" />
    </UnitTest>
    <UnitTest name="interrogative_sentences_what" storage="d:\software\project\bnlp\unittest\bin\debug\unittest.dll" id="7f7910d1-dc89-39b4-b4cf-d9e6d7af9420">
      <DeploymentItems>
        <DeploymentItem filename="..\UnitTest\TestCases\interrogative_sentences_what.xml" />
      </DeploymentItems>
      <Execution id="b1e20be2-5e3a-4b2b-9ef1-9ce69988cf32" />
      <TestMethod codeBase="D:/software/Project/BNLP/UnitTest/bin/Debug/UnitTest.DLL" adapterTypeName="Microsoft.VisualStudio.TestTools.TestTypes.Unit.UnitTestAdapter, Microsoft.VisualStudio.QualityTools.Tips.UnitTest.Adapter, Version=10.0.0.0, Culture=neutral, PublicKeyToken=b03f5f7f11d50a3a" className="UnitTest.BnlpTest, UnitTest, Version=1.0.0.0, Culture=neutral, PublicKeyToken=null" name="interrogative_sentences_what" />
      <DataSource connectionString="|DataDirectory|\TestCases\interrogative_sentences_what.xml" providerInvariantName="Microsoft.VisualStudio.TestTools.DataSource.XML" tableName="sentence" />
    </UnitTest>
    <UnitTest name="all_persons_modal_should_negation" storage="d:\software\project\bnlp\unittest\bin\debug\unittest.dll" id="9319d01e-de3e-d310-c76e-cae8dce4c924">
      <DeploymentItems>
        <DeploymentItem filename="..\UnitTest\TestCases\all_persons_modal_should_negation.xml" />
      </DeploymentItems>
      <Execution id="20c660c4-5735-43d8-b1c0-022dc0b0a811" />
      <TestMethod codeBase="D:/software/Project/BNLP/UnitTest/bin/Debug/UnitTest.DLL" adapterTypeName="Microsoft.VisualStudio.TestTools.TestTypes.Unit.UnitTestAdapter, Microsoft.VisualStudio.QualityTools.Tips.UnitTest.Adapter, Version=10.0.0.0, Culture=neutral, PublicKeyToken=b03f5f7f11d50a3a" className="UnitTest.BnlpTest, UnitTest, Version=1.0.0.0, Culture=neutral, PublicKeyToken=null" name="all_persons_modal_should_negation" />
      <DataSource connectionString="|DataDirectory|\TestCases\all_persons_modal_should_negation.xml" providerInvariantName="Microsoft.VisualStudio.TestTools.DataSource.XML" tableName="sentence" />
    </UnitTest>
    <UnitTest name="prepositions_made_with_two_words" storage="d:\software\project\bnlp\unittest\bin\debug\unittest.dll" id="0f337a75-1a2d-d9c3-6c5f-23ed2604b69d">
      <DeploymentItems>
        <DeploymentItem filename="..\UnitTest\TestCases\prepositions_made_with_two_words.xml" />
      </DeploymentItems>
      <Execution id="85899a8d-dba2-4020-8e43-6684295c6296" />
      <TestMethod codeBase="D:/software/Project/BNLP/UnitTest/bin/Debug/UnitTest.DLL" adapterTypeName="Microsoft.VisualStudio.TestTools.TestTypes.Unit.UnitTestAdapter, Microsoft.VisualStudio.QualityTools.Tips.UnitTest.Adapter, Version=10.0.0.0, Culture=neutral, PublicKeyToken=b03f5f7f11d50a3a" className="UnitTest.BnlpTest, UnitTest, Version=1.0.0.0, Culture=neutral, PublicKeyToken=null" name="prepositions_made_with_two_words" />
      <DataSource connectionString="|DataDirectory|\TestCases\prepositions_made_with_two_words.xml" providerInvariantName="Microsoft.VisualStudio.TestTools.DataSource.XML" tableName="sentence" />
    </UnitTest>
    <UnitTest name="interrogative_sentences_do" storage="d:\software\project\bnlp\unittest\bin\debug\unittest.dll" id="1d63c318-78a9-9011-f5c0-0b01884a2881">
      <DeploymentItems>
        <DeploymentItem filename="..\UnitTest\TestCases\interrogative_sentences_do.xml" />
      </DeploymentItems>
      <Execution id="aa9495cd-bcfb-4fd2-a505-a42a369226ef" />
      <TestMethod codeBase="D:/software/Project/BNLP/UnitTest/bin/Debug/UnitTest.DLL" adapterTypeName="Microsoft.VisualStudio.TestTools.TestTypes.Unit.UnitTestAdapter, Microsoft.VisualStudio.QualityTools.Tips.UnitTest.Adapter, Version=10.0.0.0, Culture=neutral, PublicKeyToken=b03f5f7f11d50a3a" className="UnitTest.BnlpTest, UnitTest, Version=1.0.0.0, Culture=neutral, PublicKeyToken=null" name="interrogative_sentences_do" />
      <DataSource connectionString="|DataDirectory|\TestCases\interrogative_sentences_do.xml" providerInvariantName="Microsoft.VisualStudio.TestTools.DataSource.XML" tableName="sentence" />
    </UnitTest>
    <UnitTest name="all_persons_tenses_passive_negation" storage="d:\software\project\bnlp\unittest\bin\debug\unittest.dll" id="bdfe92b2-f4ac-73a5-f13d-5c1ea13721b4">
      <DeploymentItems>
        <DeploymentItem filename="..\UnitTest\TestCases\all_persons_tenses_passive_negation.xml" />
      </DeploymentItems>
      <Execution id="6f8ccca2-1a31-4ea3-ae06-ffb093ebdf3b" />
      <TestMethod codeBase="D:/software/Project/BNLP/UnitTest/bin/Debug/UnitTest.DLL" adapterTypeName="Microsoft.VisualStudio.TestTools.TestTypes.Unit.UnitTestAdapter, Microsoft.VisualStudio.QualityTools.Tips.UnitTest.Adapter, Version=10.0.0.0, Culture=neutral, PublicKeyToken=b03f5f7f11d50a3a" className="UnitTest.BnlpTest, UnitTest, Version=1.0.0.0, Culture=neutral, PublicKeyToken=null" name="all_persons_tenses_passive_negation" />
      <DataSource connectionString="|DataDirectory|\TestCases\all_persons_tenses_passive_negation.xml" providerInvariantName="Microsoft.VisualStudio.TestTools.DataSource.XML" tableName="sentence" />
    </UnitTest>
    <UnitTest name="third_person_tenses_active_negation" storage="d:\software\project\bnlp\unittest\bin\debug\unittest.dll" id="fe3e63ab-391c-e168-48d0-431b85a7b898">
      <DeploymentItems>
        <DeploymentItem filename="..\UnitTest\TestCases\third_person_tenses_active_negation.xml" />
      </DeploymentItems>
      <Execution id="97c3d448-125a-462d-b953-2cf809dbf0d7" />
      <TestMethod codeBase="D:/software/Project/BNLP/UnitTest/bin/Debug/UnitTest.DLL" adapterTypeName="Microsoft.VisualStudio.TestTools.TestTypes.Unit.UnitTestAdapter, Microsoft.VisualStudio.QualityTools.Tips.UnitTest.Adapter, Version=10.0.0.0, Culture=neutral, PublicKeyToken=b03f5f7f11d50a3a" className="UnitTest.BnlpTest, UnitTest, Version=1.0.0.0, Culture=neutral, PublicKeyToken=null" name="third_person_tenses_active_negation" />
      <DataSource connectionString="|DataDirectory|\TestCases\third_person_tenses_active_negation.xml" providerInvariantName="Microsoft.VisualStudio.TestTools.DataSource.XML" tableName="sentence" />
    </UnitTest>
    <UnitTest name="all_persons_modal_should" storage="d:\software\project\bnlp\unittest\bin\debug\unittest.dll" id="783915fe-114a-e353-78dd-56e92a60f942">
      <DeploymentItems>
        <DeploymentItem filename="..\UnitTest\TestCases\all_persons_modal_should.xml" />
      </DeploymentItems>
      <Execution id="777cf486-2faf-4a0b-9f5c-80034103ddf3" />
      <TestMethod codeBase="D:/software/Project/BNLP/UnitTest/bin/Debug/UnitTest.DLL" adapterTypeName="Microsoft.VisualStudio.TestTools.TestTypes.Unit.UnitTestAdapter, Microsoft.VisualStudio.QualityTools.Tips.UnitTest.Adapter, Version=10.0.0.0, Culture=neutral, PublicKeyToken=b03f5f7f11d50a3a" className="UnitTest.BnlpTest, UnitTest, Version=1.0.0.0, Culture=neutral, PublicKeyToken=null" name="all_persons_modal_should" />
      <DataSource connectionString="|DataDirectory|\TestCases\all_persons_modal_should.xml" providerInvariantName="Microsoft.VisualStudio.TestTools.DataSource.XML" tableName="sentence" />
    </UnitTest>
    <UnitTest name="second_person_tenses_active" storage="d:\software\project\bnlp\unittest\bin\debug\unittest.dll" id="30ab3285-6a8c-14d2-9725-bd60892ccd90">
      <DeploymentItems>
        <DeploymentItem filename="..\UnitTest\TestCases\second_person_tenses_active.xml" />
      </DeploymentItems>
      <Execution id="077145f7-eead-4d2a-91b7-c87a03a0474e" />
      <TestMethod codeBase="D:/software/Project/BNLP/UnitTest/bin/Debug/UnitTest.DLL" adapterTypeName="Microsoft.VisualStudio.TestTools.TestTypes.Unit.UnitTestAdapter, Microsoft.VisualStudio.QualityTools.Tips.UnitTest.Adapter, Version=10.0.0.0, Culture=neutral, PublicKeyToken=b03f5f7f11d50a3a" className="UnitTest.BnlpTest, UnitTest, Version=1.0.0.0, Culture=neutral, PublicKeyToken=null" name="second_person_tenses_active" />
      <DataSource connectionString="|DataDirectory|\TestCases\second_person_tenses_active.xml" providerInvariantName="Microsoft.VisualStudio.TestTools.DataSource.XML" tableName="sentence" />
    </UnitTest>
    <UnitTest name="interrogative_sentences_who" storage="d:\software\project\bnlp\unittest\bin\debug\unittest.dll" id="32b5d279-0d23-e5ad-0301-234c8788f740">
      <DeploymentItems>
        <DeploymentItem filename="..\UnitTest\TestCases\interrogative_sentences_who.xml" />
      </DeploymentItems>
      <Execution id="5aa017eb-359c-4b2e-b491-249dc3c0530f" />
      <TestMethod codeBase="D:/software/Project/BNLP/UnitTest/bin/Debug/UnitTest.DLL" adapterTypeName="Microsoft.VisualStudio.TestTools.TestTypes.Unit.UnitTestAdapter, Microsoft.VisualStudio.QualityTools.Tips.UnitTest.Adapter, Version=10.0.0.0, Culture=neutral, PublicKeyToken=b03f5f7f11d50a3a" className="UnitTest.BnlpTest, UnitTest, Version=1.0.0.0, Culture=neutral, PublicKeyToken=null" name="interrogative_sentences_who" />
      <DataSource connectionString="|DataDirectory|\TestCases\interrogative_sentences_who.xml" providerInvariantName="Microsoft.VisualStudio.TestTools.DataSource.XML" tableName="sentence" />
    </UnitTest>
    <UnitTest name="all_persons_modal_can_may" storage="d:\software\project\bnlp\unittest\bin\debug\unittest.dll" id="8fe5ccb3-a3f4-0f61-ad21-e94ef029e900">
      <DeploymentItems>
        <DeploymentItem filename="..\UnitTest\TestCases\all_persons_modal_can_may.xml" />
      </DeploymentItems>
      <Execution id="60ac53bf-b145-4a93-9b9e-5d199e96f04d" />
      <TestMethod codeBase="D:/software/Project/BNLP/UnitTest/bin/Debug/UnitTest.DLL" adapterTypeName="Microsoft.VisualStudio.TestTools.TestTypes.Unit.UnitTestAdapter, Microsoft.VisualStudio.QualityTools.Tips.UnitTest.Adapter, Version=10.0.0.0, Culture=neutral, PublicKeyToken=b03f5f7f11d50a3a" className="UnitTest.BnlpTest, UnitTest, Version=1.0.0.0, Culture=neutral, PublicKeyToken=null" name="all_persons_modal_can_may" />
      <DataSource connectionString="|DataDirectory|\TestCases\all_persons_modal_can_may.xml" providerInvariantName="Microsoft.VisualStudio.TestTools.DataSource.XML" tableName="sentence" />
    </UnitTest>
    <UnitTest name="interrogative_sentences_how" storage="d:\software\project\bnlp\unittest\bin\debug\unittest.dll" id="227f20ae-8e76-eb71-39b2-4ada3ce6aba8">
      <DeploymentItems>
        <DeploymentItem filename="..\UnitTest\TestCases\interrogative_sentences_how.xml" />
      </DeploymentItems>
      <Execution id="e3cb4e80-ce65-4d78-888d-0b492a462bd7" />
      <TestMethod codeBase="D:/software/Project/BNLP/UnitTest/bin/Debug/UnitTest.DLL" adapterTypeName="Microsoft.VisualStudio.TestTools.TestTypes.Unit.UnitTestAdapter, Microsoft.VisualStudio.QualityTools.Tips.UnitTest.Adapter, Version=10.0.0.0, Culture=neutral, PublicKeyToken=b03f5f7f11d50a3a" className="UnitTest.BnlpTest, UnitTest, Version=1.0.0.0, Culture=neutral, PublicKeyToken=null" name="interrogative_sentences_how" />
      <DataSource connectionString="|DataDirectory|\TestCases\interrogative_sentences_how.xml" providerInvariantName="Microsoft.VisualStudio.TestTools.DataSource.XML" tableName="sentence" />
    </UnitTest>
    <UnitTest name="all_persons_modal_can_may_negation" storage="d:\software\project\bnlp\unittest\bin\debug\unittest.dll" id="d03eb628-bf1f-c27d-aeef-e708d613d686">
      <DeploymentItems>
        <DeploymentItem filename="..\UnitTest\TestCases\all_persons_modal_can_may_negation.xml" />
      </DeploymentItems>
      <Execution id="df2607ad-560e-4e86-9e46-65b63a1ae97f" />
      <TestMethod codeBase="D:/software/Project/BNLP/UnitTest/bin/Debug/UnitTest.DLL" adapterTypeName="Microsoft.VisualStudio.TestTools.TestTypes.Unit.UnitTestAdapter, Microsoft.VisualStudio.QualityTools.Tips.UnitTest.Adapter, Version=10.0.0.0, Culture=neutral, PublicKeyToken=b03f5f7f11d50a3a" className="UnitTest.BnlpTest, UnitTest, Version=1.0.0.0, Culture=neutral, PublicKeyToken=null" name="all_persons_modal_can_may_negation" />
      <DataSource connectionString="|DataDirectory|\TestCases\all_persons_modal_can_may_negation.xml" providerInvariantName="Microsoft.VisualStudio.TestTools.DataSource.XML" tableName="sentence" />
    </UnitTest>
    <UnitTest name="RandomWord" storage="d:\software\project\bnlp\unittest\bin\debug\unittest.dll" id="642ce34f-0ed4-f995-637b-09297c832f2a">
      <DeploymentItems>
        <DeploymentItem filename="..\UnitTest\TestCases\wikipedia.xml" />
      </DeploymentItems>
      <Execution id="b5bda370-57ef-42a6-ac88-cf3c485db6ac" />
      <TestMethod codeBase="D:/software/Project/BNLP/UnitTest/bin/Debug/UnitTest.DLL" adapterTypeName="Microsoft.VisualStudio.TestTools.TestTypes.Unit.UnitTestAdapter, Microsoft.VisualStudio.QualityTools.Tips.UnitTest.Adapter, Version=10.0.0.0, Culture=neutral, PublicKeyToken=b03f5f7f11d50a3a" className="UnitTest.BnlpTest, UnitTest, Version=1.0.0.0, Culture=neutral, PublicKeyToken=null" name="RandomWord" />
      <DataSource connectionString="|DataDirectory|\TestCases\wikipedia.xml" providerInvariantName="Microsoft.VisualStudio.TestTools.DataSource.XML" tableName="sentence" />
    </UnitTest>
    <UnitTest name="second_person_tenses_active_negation" storage="d:\software\project\bnlp\unittest\bin\debug\unittest.dll" id="83c68223-dcaa-51dd-423f-434210a59f77">
      <DeploymentItems>
        <DeploymentItem filename="..\UnitTest\TestCases\second_person_tenses_active_negation.xml" />
      </DeploymentItems>
      <Execution id="7d78dd9a-2903-491c-9598-9502a42e3a10" />
      <TestMethod codeBase="D:/software/Project/BNLP/UnitTest/bin/Debug/UnitTest.DLL" adapterTypeName="Microsoft.VisualStudio.TestTools.TestTypes.Unit.UnitTestAdapter, Microsoft.VisualStudio.QualityTools.Tips.UnitTest.Adapter, Version=10.0.0.0, Culture=neutral, PublicKeyToken=b03f5f7f11d50a3a" className="UnitTest.BnlpTest, UnitTest, Version=1.0.0.0, Culture=neutral, PublicKeyToken=null" name="second_person_tenses_active_negation" />
      <DataSource connectionString="|DataDirectory|\TestCases\second_person_tenses_active_negation.xml" providerInvariantName="Microsoft.VisualStudio.TestTools.DataSource.XML" tableName="sentence" />
    </UnitTest>
    <UnitTest name="interrogative_sentences_why" storage="d:\software\project\bnlp\unittest\bin\debug\unittest.dll" id="1b04a6d6-5350-792c-8eba-a46a0eb28949">
      <DeploymentItems>
        <DeploymentItem filename="..\UnitTest\TestCases\interrogative_sentences_why.xml" />
      </DeploymentItems>
      <Execution id="e54ac975-eb5a-4695-a49a-7215e1e097db" />
      <TestMethod codeBase="D:/software/Project/BNLP/UnitTest/bin/Debug/UnitTest.DLL" adapterTypeName="Microsoft.VisualStudio.TestTools.TestTypes.Unit.UnitTestAdapter, Microsoft.VisualStudio.QualityTools.Tips.UnitTest.Adapter, Version=10.0.0.0, Culture=neutral, PublicKeyToken=b03f5f7f11d50a3a" className="UnitTest.BnlpTest, UnitTest, Version=1.0.0.0, Culture=neutral, PublicKeyToken=null" name="interrogative_sentences_why" />
      <DataSource connectionString="|DataDirectory|\TestCases\interrogative_sentences_why.xml" providerInvariantName="Microsoft.VisualStudio.TestTools.DataSource.XML" tableName="sentence" />
    </UnitTest>
    <UnitTest name="interrogative_sentences_which" storage="d:\software\project\bnlp\unittest\bin\debug\unittest.dll" id="97a1371f-e8e6-db3e-323e-49ffeef32df1">
      <DeploymentItems>
        <DeploymentItem filename="..\UnitTest\TestCases\interrogative_sentences_which.xml" />
      </DeploymentItems>
      <Execution id="b54e32c9-a8cb-45b5-a9ae-fb2c5ed6f5b2" />
      <TestMethod codeBase="D:/software/Project/BNLP/UnitTest/bin/Debug/UnitTest.DLL" adapterTypeName="Microsoft.VisualStudio.TestTools.TestTypes.Unit.UnitTestAdapter, Microsoft.VisualStudio.QualityTools.Tips.UnitTest.Adapter, Version=10.0.0.0, Culture=neutral, PublicKeyToken=b03f5f7f11d50a3a" className="UnitTest.BnlpTest, UnitTest, Version=1.0.0.0, Culture=neutral, PublicKeyToken=null" name="interrogative_sentences_which" />
      <DataSource connectionString="|DataDirectory|\TestCases\interrogative_sentences_which.xml" providerInvariantName="Microsoft.VisualStudio.TestTools.DataSource.XML" tableName="sentence" />
    </UnitTest>
    <UnitTest name="third_person_tenses_active" storage="d:\software\project\bnlp\unittest\bin\debug\unittest.dll" id="0bc2f98c-98f5-f190-c78c-c00d94c547a1">
      <DeploymentItems>
        <DeploymentItem filename="..\UnitTest\TestCases\third_person_tenses_active.xml" />
      </DeploymentItems>
      <Execution id="816c9e29-c401-49d5-af1b-eb1d2587b489" />
      <TestMethod codeBase="D:/software/Project/BNLP/UnitTest/bin/Debug/UnitTest.DLL" adapterTypeName="Microsoft.VisualStudio.TestTools.TestTypes.Unit.UnitTestAdapter, Microsoft.VisualStudio.QualityTools.Tips.UnitTest.Adapter, Version=10.0.0.0, Culture=neutral, PublicKeyToken=b03f5f7f11d50a3a" className="UnitTest.BnlpTest, UnitTest, Version=1.0.0.0, Culture=neutral, PublicKeyToken=null" name="third_person_tenses_active" />
      <DataSource connectionString="|DataDirectory|\TestCases\third_person_tenses_active.xml" providerInvariantName="Microsoft.VisualStudio.TestTools.DataSource.XML" tableName="sentence" />
    </UnitTest>
    <UnitTest name="auxiliary_verbs_as_main_verbs" storage="d:\software\project\bnlp\unittest\bin\debug\unittest.dll" id="c79146bc-2376-961a-5de9-441b5dfc7188">
      <DeploymentItems>
        <DeploymentItem filename="..\UnitTest\TestCases\auxiliary_verbs_as_main_verbs.xml" />
      </DeploymentItems>
      <Execution id="71eee99d-2124-4e35-9335-de5a7ea291e3" />
      <TestMethod codeBase="D:/software/Project/BNLP/UnitTest/bin/Debug/UnitTest.DLL" adapterTypeName="Microsoft.VisualStudio.TestTools.TestTypes.Unit.UnitTestAdapter, Microsoft.VisualStudio.QualityTools.Tips.UnitTest.Adapter, Version=10.0.0.0, Culture=neutral, PublicKeyToken=b03f5f7f11d50a3a" className="UnitTest.BnlpTest, UnitTest, Version=1.0.0.0, Culture=neutral, PublicKeyToken=null" name="auxiliary_verbs_as_main_verbs" />
      <DataSource connectionString="|DataDirectory|\TestCases\auxiliary_verbs_as_main_verbs.xml" providerInvariantName="Microsoft.VisualStudio.TestTools.DataSource.XML" tableName="sentence" />
    </UnitTest>
    <UnitTest name="special_handling_do_verb" storage="d:\software\project\bnlp\unittest\bin\debug\unittest.dll" id="533e7939-123c-ce84-5c5c-d5a21d1d95b9">
      <DeploymentItems>
        <DeploymentItem filename="..\UnitTest\TestCases\special_handling_do_verb.xml" />
      </DeploymentItems>
      <Execution id="29bb9c2c-60f3-4451-88c3-e9417734bad7" />
      <TestMethod codeBase="D:/software/Project/BNLP/UnitTest/bin/Debug/UnitTest.DLL" adapterTypeName="Microsoft.VisualStudio.TestTools.TestTypes.Unit.UnitTestAdapter, Microsoft.VisualStudio.QualityTools.Tips.UnitTest.Adapter, Version=10.0.0.0, Culture=neutral, PublicKeyToken=b03f5f7f11d50a3a" className="UnitTest.BnlpTest, UnitTest, Version=1.0.0.0, Culture=neutral, PublicKeyToken=null" name="special_handling_do_verb" />
      <DataSource connectionString="|DataDirectory|\TestCases\special_handling_do_verb.xml" providerInvariantName="Microsoft.VisualStudio.TestTools.DataSource.XML" tableName="sentence" />
    </UnitTest>
    <UnitTest name="interrogative_sentences_whom" storage="d:\software\project\bnlp\unittest\bin\debug\unittest.dll" id="4e91a3b9-9eae-ebff-0b97-303f00578a78">
      <DeploymentItems>
        <DeploymentItem filename="..\UnitTest\TestCases\interrogative_sentences_whom.xml" />
      </DeploymentItems>
      <Execution id="27d83d2c-5743-42b0-a3ff-753a24939d7f" />
      <TestMethod codeBase="D:/software/Project/BNLP/UnitTest/bin/Debug/UnitTest.DLL" adapterTypeName="Microsoft.VisualStudio.TestTools.TestTypes.Unit.UnitTestAdapter, Microsoft.VisualStudio.QualityTools.Tips.UnitTest.Adapter, Version=10.0.0.0, Culture=neutral, PublicKeyToken=b03f5f7f11d50a3a" className="UnitTest.BnlpTest, UnitTest, Version=1.0.0.0, Culture=neutral, PublicKeyToken=null" name="interrogative_sentences_whom" />
      <DataSource connectionString="|DataDirectory|\TestCases\interrogative_sentences_whom.xml" providerInvariantName="Microsoft.VisualStudio.TestTools.DataSource.XML" tableName="sentence" />
    </UnitTest>
    <UnitTest name="interrogative_sentences_where" storage="d:\software\project\bnlp\unittest\bin\debug\unittest.dll" id="b9261b51-b0a2-10e2-9308-22bb2624de8b">
      <DeploymentItems>
        <DeploymentItem filename="..\UnitTest\TestCases\interrogative_sentences_where.xml" />
      </DeploymentItems>
      <Execution id="1f671ad4-f27f-4823-aa25-b3f5e113d20f" />
      <TestMethod codeBase="D:/software/Project/BNLP/UnitTest/bin/Debug/UnitTest.DLL" adapterTypeName="Microsoft.VisualStudio.TestTools.TestTypes.Unit.UnitTestAdapter, Microsoft.VisualStudio.QualityTools.Tips.UnitTest.Adapter, Version=10.0.0.0, Culture=neutral, PublicKeyToken=b03f5f7f11d50a3a" className="UnitTest.BnlpTest, UnitTest, Version=1.0.0.0, Culture=neutral, PublicKeyToken=null" name="interrogative_sentences_where" />
      <DataSource connectionString="|DataDirectory|\TestCases\interrogative_sentences_where.xml" providerInvariantName="Microsoft.VisualStudio.TestTools.DataSource.XML" tableName="sentence" />
    </UnitTest>
    <UnitTest name="interrogative_sentences_aux" storage="d:\software\project\bnlp\unittest\bin\debug\unittest.dll" id="39dcb97e-c73f-c645-a77c-64d9eba0a3a3">
      <DeploymentItems>
        <DeploymentItem filename="..\UnitTest\TestCases\interrogative_sentences_aux.xml" />
      </DeploymentItems>
      <Execution id="c2048b54-6ede-46c7-9643-4dd508dbd894" />
      <TestMethod codeBase="D:/software/Project/BNLP/UnitTest/bin/Debug/UnitTest.DLL" adapterTypeName="Microsoft.VisualStudio.TestTools.TestTypes.Unit.UnitTestAdapter, Microsoft.VisualStudio.QualityTools.Tips.UnitTest.Adapter, Version=10.0.0.0, Culture=neutral, PublicKeyToken=b03f5f7f11d50a3a" className="UnitTest.BnlpTest, UnitTest, Version=1.0.0.0, Culture=neutral, PublicKeyToken=null" name="interrogative_sentences_aux" />
      <DataSource connectionString="|DataDirectory|\TestCases\interrogative_sentences_aux.xml" providerInvariantName="Microsoft.VisualStudio.TestTools.DataSource.XML" tableName="sentence" />
    </UnitTest>
    <UnitTest name="all_persons_tenses_passive" storage="d:\software\project\bnlp\unittest\bin\debug\unittest.dll" id="d766a059-d96c-7b47-e6a6-34931760df96">
      <DeploymentItems>
        <DeploymentItem filename="..\UnitTest\TestCases\all_persons_tenses_passive.xml" />
      </DeploymentItems>
      <Execution id="b0db41a2-38bf-4ad7-a52a-ec24766412e9" />
      <TestMethod codeBase="D:/software/Project/BNLP/UnitTest/bin/Debug/UnitTest.DLL" adapterTypeName="Microsoft.VisualStudio.TestTools.TestTypes.Unit.UnitTestAdapter, Microsoft.VisualStudio.QualityTools.Tips.UnitTest.Adapter, Version=10.0.0.0, Culture=neutral, PublicKeyToken=b03f5f7f11d50a3a" className="UnitTest.BnlpTest, UnitTest, Version=1.0.0.0, Culture=neutral, PublicKeyToken=null" name="all_persons_tenses_passive" />
      <DataSource connectionString="|DataDirectory|\TestCases\all_persons_tenses_passive.xml" providerInvariantName="Microsoft.VisualStudio.TestTools.DataSource.XML" tableName="sentence" />
    </UnitTest>
    <UnitTest name="first_person_tenses_active_negation" storage="d:\software\project\bnlp\unittest\bin\debug\unittest.dll" id="15fe5bf6-5078-81a8-0356-385549390bb7">
      <DeploymentItems>
        <DeploymentItem filename="..\UnitTest\TestCases\first_person_tenses_active_negation.xml" />
      </DeploymentItems>
      <Execution id="9f4d4cd3-a252-4bff-8091-13cb53f430e5" />
      <TestMethod codeBase="D:/software/Project/BNLP/UnitTest/bin/Debug/UnitTest.DLL" adapterTypeName="Microsoft.VisualStudio.TestTools.TestTypes.Unit.UnitTestAdapter, Microsoft.VisualStudio.QualityTools.Tips.UnitTest.Adapter, Version=10.0.0.0, Culture=neutral, PublicKeyToken=b03f5f7f11d50a3a" className="UnitTest.BnlpTest, UnitTest, Version=1.0.0.0, Culture=neutral, PublicKeyToken=null" name="first_person_tenses_active_negation" />
      <DataSource connectionString="|DataDirectory|\TestCases\first_person_tenses_active_negation.xml" providerInvariantName="Microsoft.VisualStudio.TestTools.DataSource.XML" tableName="sentence" />
    </UnitTest>
  </TestDefinitions>
  <TestLists>
    <TestList name="Results Not in a List" id="8c84fa94-04c1-424b-9868-57a2d4851a1d" />
    <TestList name="All Loaded Results" id="19431567-8539-422a-85d7-44ee4e166bda" />
  </TestLists>
  <TestEntries>
    <TestEntry testId="0bc2f98c-98f5-f190-c78c-c00d94c547a1" executionId="816c9e29-c401-49d5-af1b-eb1d2587b489" testListId="8c84fa94-04c1-424b-9868-57a2d4851a1d" />
    <TestEntry testId="0f337a75-1a2d-d9c3-6c5f-23ed2604b69d" executionId="85899a8d-dba2-4020-8e43-6684295c6296" testListId="8c84fa94-04c1-424b-9868-57a2d4851a1d" />
    <TestEntry testId="0f33848d-a900-d644-7498-2526887b5425" executionId="6261101f-5e68-4da6-9685-39a0e23181c3" testListId="8c84fa94-04c1-424b-9868-57a2d4851a1d" />
    <TestEntry testId="15fe5bf6-5078-81a8-0356-385549390bb7" executionId="9f4d4cd3-a252-4bff-8091-13cb53f430e5" testListId="8c84fa94-04c1-424b-9868-57a2d4851a1d" />
    <TestEntry testId="1b04a6d6-5350-792c-8eba-a46a0eb28949" executionId="e54ac975-eb5a-4695-a49a-7215e1e097db" testListId="8c84fa94-04c1-424b-9868-57a2d4851a1d" />
    <TestEntry testId="1d63c318-78a9-9011-f5c0-0b01884a2881" executionId="aa9495cd-bcfb-4fd2-a505-a42a369226ef" testListId="8c84fa94-04c1-424b-9868-57a2d4851a1d" />
    <TestEntry testId="227f20ae-8e76-eb71-39b2-4ada3ce6aba8" executionId="e3cb4e80-ce65-4d78-888d-0b492a462bd7" testListId="8c84fa94-04c1-424b-9868-57a2d4851a1d" />
    <TestEntry testId="30ab3285-6a8c-14d2-9725-bd60892ccd90" executionId="077145f7-eead-4d2a-91b7-c87a03a0474e" testListId="8c84fa94-04c1-424b-9868-57a2d4851a1d" />
    <TestEntry testId="32b5d279-0d23-e5ad-0301-234c8788f740" executionId="5aa017eb-359c-4b2e-b491-249dc3c0530f" testListId="8c84fa94-04c1-424b-9868-57a2d4851a1d" />
    <TestEntry testId="39dcb97e-c73f-c645-a77c-64d9eba0a3a3" executionId="c2048b54-6ede-46c7-9643-4dd508dbd894" testListId="8c84fa94-04c1-424b-9868-57a2d4851a1d" />
    <TestEntry testId="4e91a3b9-9eae-ebff-0b97-303f00578a78" executionId="27d83d2c-5743-42b0-a3ff-753a24939d7f" testListId="8c84fa94-04c1-424b-9868-57a2d4851a1d" />
    <TestEntry testId="533e7939-123c-ce84-5c5c-d5a21d1d95b9" executionId="29bb9c2c-60f3-4451-88c3-e9417734bad7" testListId="8c84fa94-04c1-424b-9868-57a2d4851a1d" />
    <TestEntry testId="642ce34f-0ed4-f995-637b-09297c832f2a" executionId="b5bda370-57ef-42a6-ac88-cf3c485db6ac" testListId="8c84fa94-04c1-424b-9868-57a2d4851a1d" />
    <TestEntry testId="783915fe-114a-e353-78dd-56e92a60f942" executionId="777cf486-2faf-4a0b-9f5c-80034103ddf3" testListId="8c84fa94-04c1-424b-9868-57a2d4851a1d" />
    <TestEntry testId="7f7910d1-dc89-39b4-b4cf-d9e6d7af9420" executionId="b1e20be2-5e3a-4b2b-9ef1-9ce69988cf32" testListId="8c84fa94-04c1-424b-9868-57a2d4851a1d" />
    <TestEntry testId="83c68223-dcaa-51dd-423f-434210a59f77" executionId="7d78dd9a-2903-491c-9598-9502a42e3a10" testListId="8c84fa94-04c1-424b-9868-57a2d4851a1d" />
    <TestEntry testId="8fe5ccb3-a3f4-0f61-ad21-e94ef029e900" executionId="60ac53bf-b145-4a93-9b9e-5d199e96f04d" testListId="8c84fa94-04c1-424b-9868-57a2d4851a1d" />
    <TestEntry testId="921e6ab0-d7c2-6005-e523-6fd2d5e1a723" executionId="0f525e0c-7f00-4b5d-ba1f-bfe624a309e4" testListId="8c84fa94-04c1-424b-9868-57a2d4851a1d" />
    <TestEntry testId="9319d01e-de3e-d310-c76e-cae8dce4c924" executionId="20c660c4-5735-43d8-b1c0-022dc0b0a811" testListId="8c84fa94-04c1-424b-9868-57a2d4851a1d" />
    <TestEntry testId="97a1371f-e8e6-db3e-323e-49ffeef32df1" executionId="b54e32c9-a8cb-45b5-a9ae-fb2c5ed6f5b2" testListId="8c84fa94-04c1-424b-9868-57a2d4851a1d" />
    <TestEntry testId="b9261b51-b0a2-10e2-9308-22bb2624de8b" executionId="1f671ad4-f27f-4823-aa25-b3f5e113d20f" testListId="8c84fa94-04c1-424b-9868-57a2d4851a1d" />
    <TestEntry testId="bdfe92b2-f4ac-73a5-f13d-5c1ea13721b4" executionId="6f8ccca2-1a31-4ea3-ae06-ffb093ebdf3b" testListId="8c84fa94-04c1-424b-9868-57a2d4851a1d" />
    <TestEntry testId="c79146bc-2376-961a-5de9-441b5dfc7188" executionId="71eee99d-2124-4e35-9335-de5a7ea291e3" testListId="8c84fa94-04c1-424b-9868-57a2d4851a1d" />
    <TestEntry testId="d03eb628-bf1f-c27d-aeef-e708d613d686" executionId="df2607ad-560e-4e86-9e46-65b63a1ae97f" testListId="8c84fa94-04c1-424b-9868-57a2d4851a1d" />
    <TestEntry testId="d766a059-d96c-7b47-e6a6-34931760df96" executionId="b0db41a2-38bf-4ad7-a52a-ec24766412e9" testListId="8c84fa94-04c1-424b-9868-57a2d4851a1d" />
    <TestEntry testId="fe3e63ab-391c-e168-48d0-431b85a7b898" executionId="97c3d448-125a-462d-b953-2cf809dbf0d7" testListId="8c84fa94-04c1-424b-9868-57a2d4851a1d" />
  </TestEntries>
  <Results>
    <UnitTestResult executionId="816c9e29-c401-49d5-af1b-eb1d2587b489" testId="0bc2f98c-98f5-f190-c78c-c00d94c547a1" testName="third_person_tenses_active" computerName="ARPAN-LAP" duration="00:00:04.1227245" startTime="2014-06-29T11:56:15.8331811+05:30" endTime="2014-06-29T11:56:20.4404446+05:30" testType="13cdc9d9-ddb5-4fa4-a97d-d965ccfc6d4b" outcome="Passed" testListId="8c84fa94-04c1-424b-9868-57a2d4851a1d" relativeResultsDirectory="816c9e29-c401-49d5-af1b-eb1d2587b489" resultType="DataDrivenTest">
      <Counters error="0" failed="0" timeout="0" aborted="0" inconclusive="0" passedButRunAborted="0" notRunnable="0" notExecuted="0" disconnected="0" warning="0" passed="10" completed="0" inProgress="0" pending="0" />
      <InnerResults>
        <UnitTestResult executionId="cf0adf54-c6eb-4305-959d-a24ffb976a79" parentExecutionId="816c9e29-c401-49d5-af1b-eb1d2587b489" testId="0bc2f98c-98f5-f190-c78c-c00d94c547a1" testName="third_person_tenses_active" computerName="ARPAN-LAP" duration="00:00:03.9024278" startTime="2014-06-29T11:56:16.2832068+05:30" endTime="2014-06-29T11:56:20.1934304+05:30" testType="13cdc9d9-ddb5-4fa4-a97d-d965ccfc6d4b" outcome="Passed" testListId="8c84fa94-04c1-424b-9868-57a2d4851a1d" relativeResultsDirectory="816c9e29-c401-49d5-af1b-eb1d2587b489" dataRowInfo="0" resultType="DataDrivenDataRow" />
        <UnitTestResult executionId="5228cce0-b549-4fb0-bae2-e56a49db020e" parentExecutionId="816c9e29-c401-49d5-af1b-eb1d2587b489" testId="0bc2f98c-98f5-f190-c78c-c00d94c547a1" testName="third_person_tenses_active" computerName="ARPAN-LAP" duration="00:00:00.0238230" startTime="2014-06-29T11:56:20.1934304+05:30" endTime="2014-06-29T11:56:20.2174318+05:30" testType="13cdc9d9-ddb5-4fa4-a97d-d965ccfc6d4b" outcome="Passed" testListId="8c84fa94-04c1-424b-9868-57a2d4851a1d" relativeResultsDirectory="816c9e29-c401-49d5-af1b-eb1d2587b489" dataRowInfo="1" resultType="DataDrivenDataRow" />
        <UnitTestResult executionId="ce125f31-59ac-4854-be81-a31c005aa440" parentExecutionId="816c9e29-c401-49d5-af1b-eb1d2587b489" testId="0bc2f98c-98f5-f190-c78c-c00d94c547a1" testName="third_person_tenses_active" computerName="ARPAN-LAP" duration="00:00:00.0190552" startTime="2014-06-29T11:56:20.2174318+05:30" endTime="2014-06-29T11:56:20.2364329+05:30" testType="13cdc9d9-ddb5-4fa4-a97d-d965ccfc6d4b" outcome="Passed" testListId="8c84fa94-04c1-424b-9868-57a2d4851a1d" relativeResultsDirectory="816c9e29-c401-49d5-af1b-eb1d2587b489" dataRowInfo="2" resultType="DataDrivenDataRow" />
        <UnitTestResult executionId="b0470425-be9c-46c6-83e8-7918cb2b8171" parentExecutionId="816c9e29-c401-49d5-af1b-eb1d2587b489" testId="0bc2f98c-98f5-f190-c78c-c00d94c547a1" testName="third_person_tenses_active" computerName="ARPAN-LAP" duration="00:00:00.0250502" startTime="2014-06-29T11:56:20.2364329+05:30" endTime="2014-06-29T11:56:20.2614343+05:30" testType="13cdc9d9-ddb5-4fa4-a97d-d965ccfc6d4b" outcome="Passed" testListId="8c84fa94-04c1-424b-9868-57a2d4851a1d" relativeResultsDirectory="816c9e29-c401-49d5-af1b-eb1d2587b489" dataRowInfo="3" resultType="DataDrivenDataRow" />
        <UnitTestResult executionId="2d4f9b1e-0440-4e7a-a21b-8650bfee7edf" parentExecutionId="816c9e29-c401-49d5-af1b-eb1d2587b489" testId="0bc2f98c-98f5-f190-c78c-c00d94c547a1" testName="third_person_tenses_active" computerName="ARPAN-LAP" duration="00:00:00.0170791" startTime="2014-06-29T11:56:20.2614343+05:30" endTime="2014-06-29T11:56:20.2784353+05:30" testType="13cdc9d9-ddb5-4fa4-a97d-d965ccfc6d4b" outcome="Passed" testListId="8c84fa94-04c1-424b-9868-57a2d4851a1d" relativeResultsDirectory="816c9e29-c401-49d5-af1b-eb1d2587b489" dataRowInfo="4" resultType="DataDrivenDataRow" />
        <UnitTestResult executionId="d4485f9b-9017-4ff8-94a0-ccae45ba6c05" parentExecutionId="816c9e29-c401-49d5-af1b-eb1d2587b489" testId="0bc2f98c-98f5-f190-c78c-c00d94c547a1" testName="third_person_tenses_active" computerName="ARPAN-LAP" duration="00:00:00.0204493" startTime="2014-06-29T11:56:20.2784353+05:30" endTime="2014-06-29T11:56:20.2994365+05:30" testType="13cdc9d9-ddb5-4fa4-a97d-d965ccfc6d4b" outcome="Passed" testListId="8c84fa94-04c1-424b-9868-57a2d4851a1d" relativeResultsDirectory="816c9e29-c401-49d5-af1b-eb1d2587b489" dataRowInfo="5" resultType="DataDrivenDataRow" />
        <UnitTestResult executionId="27e114ee-b96e-4699-9efc-ca8c5386162b" parentExecutionId="816c9e29-c401-49d5-af1b-eb1d2587b489" testId="0bc2f98c-98f5-f190-c78c-c00d94c547a1" testName="third_person_tenses_active" computerName="ARPAN-LAP" duration="00:00:00.0194977" startTime="2014-06-29T11:56:20.2994365+05:30" endTime="2014-06-29T11:56:20.3184376+05:30" testType="13cdc9d9-ddb5-4fa4-a97d-d965ccfc6d4b" outcome="Passed" testListId="8c84fa94-04c1-424b-9868-57a2d4851a1d" relativeResultsDirectory="816c9e29-c401-49d5-af1b-eb1d2587b489" dataRowInfo="6" resultType="DataDrivenDataRow" />
        <UnitTestResult executionId="0bc82617-e945-41c5-a654-873c054f4c83" parentExecutionId="816c9e29-c401-49d5-af1b-eb1d2587b489" testId="0bc2f98c-98f5-f190-c78c-c00d94c547a1" testName="third_person_tenses_active" computerName="ARPAN-LAP" duration="00:00:00.0258715" startTime="2014-06-29T11:56:20.3194377+05:30" endTime="2014-06-29T11:56:20.3444391+05:30" testType="13cdc9d9-ddb5-4fa4-a97d-d965ccfc6d4b" outcome="Passed" testListId="8c84fa94-04c1-424b-9868-57a2d4851a1d" relativeResultsDirectory="816c9e29-c401-49d5-af1b-eb1d2587b489" dataRowInfo="7" resultType="DataDrivenDataRow" />
        <UnitTestResult executionId="3968dd2a-8b88-4ada-8360-aa066a776d1f" parentExecutionId="816c9e29-c401-49d5-af1b-eb1d2587b489" testId="0bc2f98c-98f5-f190-c78c-c00d94c547a1" testName="third_person_tenses_active" computerName="ARPAN-LAP" duration="00:00:00.0225614" startTime="2014-06-29T11:56:20.3444391+05:30" endTime="2014-06-29T11:56:20.3674404+05:30" testType="13cdc9d9-ddb5-4fa4-a97d-d965ccfc6d4b" outcome="Passed" testListId="8c84fa94-04c1-424b-9868-57a2d4851a1d" relativeResultsDirectory="816c9e29-c401-49d5-af1b-eb1d2587b489" dataRowInfo="8" resultType="DataDrivenDataRow" />
        <UnitTestResult executionId="ead61cd2-f221-4a06-9388-f860793bcb76" parentExecutionId="816c9e29-c401-49d5-af1b-eb1d2587b489" testId="0bc2f98c-98f5-f190-c78c-c00d94c547a1" testName="third_person_tenses_active" computerName="ARPAN-LAP" duration="00:00:00.0262657" startTime="2014-06-29T11:56:20.3674404+05:30" endTime="2014-06-29T11:56:20.3934419+05:30" testType="13cdc9d9-ddb5-4fa4-a97d-d965ccfc6d4b" outcome="Passed" testListId="8c84fa94-04c1-424b-9868-57a2d4851a1d" relativeResultsDirectory="816c9e29-c401-49d5-af1b-eb1d2587b489" dataRowInfo="9" resultType="DataDrivenDataRow" />
      </InnerResults>
    </UnitTestResult>
    <UnitTestResult executionId="85899a8d-dba2-4020-8e43-6684295c6296" testId="0f337a75-1a2d-d9c3-6c5f-23ed2604b69d" testName="prepositions_made_with_two_words" computerName="ARPAN-LAP" duration="00:00:00.1470060" startTime="2014-06-29T11:56:20.4594457+05:30" endTime="2014-06-29T11:56:20.6224550+05:30" testType="13cdc9d9-ddb5-4fa4-a97d-d965ccfc6d4b" outcome="Passed" testListId="8c84fa94-04c1-424b-9868-57a2d4851a1d" relativeResultsDirectory="85899a8d-dba2-4020-8e43-6684295c6296" resultType="DataDrivenTest">
      <Counters error="0" failed="0" timeout="0" aborted="0" inconclusive="0" passedButRunAborted="0" notRunnable="0" notExecuted="0" disconnected="0" warning="0" passed="3" completed="0" inProgress="0" pending="0" />
      <InnerResults>
        <UnitTestResult executionId="469962cf-3af3-4f1c-bb8f-f947dfa7e1fc" parentExecutionId="85899a8d-dba2-4020-8e43-6684295c6296" testId="0f337a75-1a2d-d9c3-6c5f-23ed2604b69d" testName="prepositions_made_with_two_words" computerName="ARPAN-LAP" duration="00:00:00.0393967" startTime="2014-06-29T11:56:20.4644459+05:30" endTime="2014-06-29T11:56:20.5044482+05:30" testType="13cdc9d9-ddb5-4fa4-a97d-d965ccfc6d4b" outcome="Passed" testListId="8c84fa94-04c1-424b-9868-57a2d4851a1d" relativeResultsDirectory="85899a8d-dba2-4020-8e43-6684295c6296" dataRowInfo="0" resultType="DataDrivenDataRow" />
        <UnitTestResult executionId="4e8f0ac8-aab1-4052-8168-8e9c85bffc33" parentExecutionId="85899a8d-dba2-4020-8e43-6684295c6296" testId="0f337a75-1a2d-d9c3-6c5f-23ed2604b69d" testName="prepositions_made_with_two_words" computerName="ARPAN-LAP" duration="00:00:00.0525689" startTime="2014-06-29T11:56:20.5044482+05:30" endTime="2014-06-29T11:56:20.5564512+05:30" testType="13cdc9d9-ddb5-4fa4-a97d-d965ccfc6d4b" outcome="Passed" testListId="8c84fa94-04c1-424b-9868-57a2d4851a1d" relativeResultsDirectory="85899a8d-dba2-4020-8e43-6684295c6296" dataRowInfo="1" resultType="DataDrivenDataRow" />
        <UnitTestResult executionId="0edc27ec-146d-4a26-aa88-ac5717018f3d" parentExecutionId="85899a8d-dba2-4020-8e43-6684295c6296" testId="0f337a75-1a2d-d9c3-6c5f-23ed2604b69d" testName="prepositions_made_with_two_words" computerName="ARPAN-LAP" duration="00:00:00.0532140" startTime="2014-06-29T11:56:20.5564512+05:30" endTime="2014-06-29T11:56:20.6094542+05:30" testType="13cdc9d9-ddb5-4fa4-a97d-d965ccfc6d4b" outcome="Passed" testListId="8c84fa94-04c1-424b-9868-57a2d4851a1d" relativeResultsDirectory="85899a8d-dba2-4020-8e43-6684295c6296" dataRowInfo="2" resultType="DataDrivenDataRow" />
      </InnerResults>
    </UnitTestResult>
    <UnitTestResult executionId="6261101f-5e68-4da6-9685-39a0e23181c3" testId="0f33848d-a900-d644-7498-2526887b5425" testName="prepositions_made_with_three_words" computerName="ARPAN-LAP" duration="00:00:00.2256594" startTime="2014-06-29T11:56:20.6264552+05:30" endTime="2014-06-29T11:56:20.8734693+05:30" testType="13cdc9d9-ddb5-4fa4-a97d-d965ccfc6d4b" outcome="Passed" testListId="8c84fa94-04c1-424b-9868-57a2d4851a1d" relativeResultsDirectory="6261101f-5e68-4da6-9685-39a0e23181c3" resultType="DataDrivenTest">
      <Counters error="0" failed="0" timeout="0" aborted="0" inconclusive="0" passedButRunAborted="0" notRunnable="0" notExecuted="0" disconnected="0" warning="0" passed="4" completed="0" inProgress="0" pending="0" />
      <InnerResults>
        <UnitTestResult executionId="76623eda-602d-4249-ab25-93c81faad9ac" parentExecutionId="6261101f-5e68-4da6-9685-39a0e23181c3" testId="0f33848d-a900-d644-7498-2526887b5425" testName="prepositions_made_with_three_words" computerName="ARPAN-LAP" duration="00:00:00.0410977" startTime="2014-06-29T11:56:20.6354557+05:30" endTime="2014-06-29T11:56:20.6764581+05:30" testType="13cdc9d9-ddb5-4fa4-a97d-d965ccfc6d4b" outcome="Passed" testListId="8c84fa94-04c1-424b-9868-57a2d4851a1d" relativeResultsDirectory="6261101f-5e68-4da6-9685-39a0e23181c3" dataRowInfo="0" resultType="DataDrivenDataRow" />
        <UnitTestResult executionId="56292b42-99c2-4188-a276-1c56879a6c98" parentExecutionId="6261101f-5e68-4da6-9685-39a0e23181c3" testId="0f33848d-a900-d644-7498-2526887b5425" testName="prepositions_made_with_three_words" computerName="ARPAN-LAP" duration="00:00:00.0711031" startTime="2014-06-29T11:56:20.6764581+05:30" endTime="2014-06-29T11:56:20.7474621+05:30" testType="13cdc9d9-ddb5-4fa4-a97d-d965ccfc6d4b" outcome="Passed" testListId="8c84fa94-04c1-424b-9868-57a2d4851a1d" relativeResultsDirectory="6261101f-5e68-4da6-9685-39a0e23181c3" dataRowInfo="1" resultType="DataDrivenDataRow" />
        <UnitTestResult executionId="cd151ca8-0268-430b-8e7b-2e10ca906820" parentExecutionId="6261101f-5e68-4da6-9685-39a0e23181c3" testId="0f33848d-a900-d644-7498-2526887b5425" testName="prepositions_made_with_three_words" computerName="ARPAN-LAP" duration="00:00:00.0625972" startTime="2014-06-29T11:56:20.7474621+05:30" endTime="2014-06-29T11:56:20.8104657+05:30" testType="13cdc9d9-ddb5-4fa4-a97d-d965ccfc6d4b" outcome="Passed" testListId="8c84fa94-04c1-424b-9868-57a2d4851a1d" relativeResultsDirectory="6261101f-5e68-4da6-9685-39a0e23181c3" dataRowInfo="2" resultType="DataDrivenDataRow" />
        <UnitTestResult executionId="56057c48-9568-4766-b3fc-f0e43ae430e6" parentExecutionId="6261101f-5e68-4da6-9685-39a0e23181c3" testId="0f33848d-a900-d644-7498-2526887b5425" testName="prepositions_made_with_three_words" computerName="ARPAN-LAP" duration="00:00:00.0489554" startTime="2014-06-29T11:56:20.8104657+05:30" endTime="2014-06-29T11:56:20.8594685+05:30" testType="13cdc9d9-ddb5-4fa4-a97d-d965ccfc6d4b" outcome="Passed" testListId="8c84fa94-04c1-424b-9868-57a2d4851a1d" relativeResultsDirectory="6261101f-5e68-4da6-9685-39a0e23181c3" dataRowInfo="3" resultType="DataDrivenDataRow" />
      </InnerResults>
    </UnitTestResult>
    <UnitTestResult executionId="9f4d4cd3-a252-4bff-8091-13cb53f430e5" testId="15fe5bf6-5078-81a8-0356-385549390bb7" testName="first_person_tenses_active_negation" computerName="ARPAN-LAP" duration="00:00:00.3442450" startTime="2014-06-29T11:56:20.8774696+05:30" endTime="2014-06-29T11:56:21.2564913+05:30" testType="13cdc9d9-ddb5-4fa4-a97d-d965ccfc6d4b" outcome="Passed" testListId="8c84fa94-04c1-424b-9868-57a2d4851a1d" relativeResultsDirectory="9f4d4cd3-a252-4bff-8091-13cb53f430e5" resultType="DataDrivenTest">
      <Counters error="0" failed="0" timeout="0" aborted="0" inconclusive="0" passedButRunAborted="0" notRunnable="0" notExecuted="0" disconnected="0" warning="0" passed="10" completed="0" inProgress="0" pending="0" />
      <InnerResults>
        <UnitTestResult executionId="5eb9dfe7-72ca-43b5-b9f7-451da1c0f4e7" parentExecutionId="9f4d4cd3-a252-4bff-8091-13cb53f430e5" testId="15fe5bf6-5078-81a8-0356-385549390bb7" testName="first_person_tenses_active_negation" computerName="ARPAN-LAP" duration="00:00:00.0303611" startTime="2014-06-29T11:56:20.8834699+05:30" endTime="2014-06-29T11:56:20.9134716+05:30" testType="13cdc9d9-ddb5-4fa4-a97d-d965ccfc6d4b" outcome="Passed" testListId="8c84fa94-04c1-424b-9868-57a2d4851a1d" relativeResultsDirectory="9f4d4cd3-a252-4bff-8091-13cb53f430e5" dataRowInfo="0" resultType="DataDrivenDataRow" />
        <UnitTestResult executionId="6f3c7000-62d7-4668-ade9-c288e6813b1e" parentExecutionId="9f4d4cd3-a252-4bff-8091-13cb53f430e5" testId="15fe5bf6-5078-81a8-0356-385549390bb7" testName="first_person_tenses_active_negation" computerName="ARPAN-LAP" duration="00:00:00.0279692" startTime="2014-06-29T11:56:20.9134716+05:30" endTime="2014-06-29T11:56:20.9414732+05:30" testType="13cdc9d9-ddb5-4fa4-a97d-d965ccfc6d4b" outcome="Passed" testListId="8c84fa94-04c1-424b-9868-57a2d4851a1d" relativeResultsDirectory="9f4d4cd3-a252-4bff-8091-13cb53f430e5" dataRowInfo="1" resultType="DataDrivenDataRow" />
        <UnitTestResult executionId="e196a279-657f-4ded-94f7-ec25c7abfeaa" parentExecutionId="9f4d4cd3-a252-4bff-8091-13cb53f430e5" testId="15fe5bf6-5078-81a8-0356-385549390bb7" testName="first_person_tenses_active_negation" computerName="ARPAN-LAP" duration="00:00:00.0304473" startTime="2014-06-29T11:56:20.9414732+05:30" endTime="2014-06-29T11:56:20.9724750+05:30" testType="13cdc9d9-ddb5-4fa4-a97d-d965ccfc6d4b" outcome="Passed" testListId="8c84fa94-04c1-424b-9868-57a2d4851a1d" relativeResultsDirectory="9f4d4cd3-a252-4bff-8091-13cb53f430e5" dataRowInfo="2" resultType="DataDrivenDataRow" />
        <UnitTestResult executionId="a2517fda-9daf-423e-841c-1a46e0eb9a25" parentExecutionId="9f4d4cd3-a252-4bff-8091-13cb53f430e5" testId="15fe5bf6-5078-81a8-0356-385549390bb7" testName="first_person_tenses_active_negation" computerName="ARPAN-LAP" duration="00:00:00.0342214" startTime="2014-06-29T11:56:20.9724750+05:30" endTime="2014-06-29T11:56:21.0064770+05:30" testType="13cdc9d9-ddb5-4fa4-a97d-d965ccfc6d4b" outcome="Passed" testListId="8c84fa94-04c1-424b-9868-57a2d4851a1d" relativeResultsDirectory="9f4d4cd3-a252-4bff-8091-13cb53f430e5" dataRowInfo="3" resultType="DataDrivenDataRow" />
        <UnitTestResult executionId="98db85e4-2241-4ea0-8c9c-8e014a1f5953" parentExecutionId="9f4d4cd3-a252-4bff-8091-13cb53f430e5" testId="15fe5bf6-5078-81a8-0356-385549390bb7" testName="first_person_tenses_active_negation" computerName="ARPAN-LAP" duration="00:00:00.0257108" startTime="2014-06-29T11:56:21.0064770+05:30" endTime="2014-06-29T11:56:21.0324784+05:30" testType="13cdc9d9-ddb5-4fa4-a97d-d965ccfc6d4b" outcome="Passed" testListId="8c84fa94-04c1-424b-9868-57a2d4851a1d" relativeResultsDirectory="9f4d4cd3-a252-4bff-8091-13cb53f430e5" dataRowInfo="4" resultType="DataDrivenDataRow" />
        <UnitTestResult executionId="e46f0e0d-8101-4968-9626-e096b95839ac" parentExecutionId="9f4d4cd3-a252-4bff-8091-13cb53f430e5" testId="15fe5bf6-5078-81a8-0356-385549390bb7" testName="first_person_tenses_active_negation" computerName="ARPAN-LAP" duration="00:00:00.0269853" startTime="2014-06-29T11:56:21.0324784+05:30" endTime="2014-06-29T11:56:21.0594800+05:30" testType="13cdc9d9-ddb5-4fa4-a97d-d965ccfc6d4b" outcome="Passed" testListId="8c84fa94-04c1-424b-9868-57a2d4851a1d" relativeResultsDirectory="9f4d4cd3-a252-4bff-8091-13cb53f430e5" dataRowInfo="5" resultType="DataDrivenDataRow" />
        <UnitTestResult executionId="05788546-7b60-4cbd-876c-6a8693f1e4fe" parentExecutionId="9f4d4cd3-a252-4bff-8091-13cb53f430e5" testId="15fe5bf6-5078-81a8-0356-385549390bb7" testName="first_person_tenses_active_negation" computerName="ARPAN-LAP" duration="00:00:00.0315924" startTime="2014-06-29T11:56:21.0594800+05:30" endTime="2014-06-29T11:56:21.0914818+05:30" testType="13cdc9d9-ddb5-4fa4-a97d-d965ccfc6d4b" outcome="Passed" testListId="8c84fa94-04c1-424b-9868-57a2d4851a1d" relativeResultsDirectory="9f4d4cd3-a252-4bff-8091-13cb53f430e5" dataRowInfo="6" resultType="DataDrivenDataRow" />
        <UnitTestResult executionId="1fa0288b-8cec-44ce-be19-4549d1fff410" parentExecutionId="9f4d4cd3-a252-4bff-8091-13cb53f430e5" testId="15fe5bf6-5078-81a8-0356-385549390bb7" testName="first_person_tenses_active_negation" computerName="ARPAN-LAP" duration="00:00:00.0338960" startTime="2014-06-29T11:56:21.0914818+05:30" endTime="2014-06-29T11:56:21.1254838+05:30" testType="13cdc9d9-ddb5-4fa4-a97d-d965ccfc6d4b" outcome="Passed" testListId="8c84fa94-04c1-424b-9868-57a2d4851a1d" relativeResultsDirectory="9f4d4cd3-a252-4bff-8091-13cb53f430e5" dataRowInfo="7" resultType="DataDrivenDataRow" />
        <UnitTestResult executionId="a3bbb518-c2f5-41de-b60c-5d20f0f90f75" parentExecutionId="9f4d4cd3-a252-4bff-8091-13cb53f430e5" testId="15fe5bf6-5078-81a8-0356-385549390bb7" testName="first_person_tenses_active_negation" computerName="ARPAN-LAP" duration="00:00:00.0325399" startTime="2014-06-29T11:56:21.1254838+05:30" endTime="2014-06-29T11:56:21.1574856+05:30" testType="13cdc9d9-ddb5-4fa4-a97d-d965ccfc6d4b" outcome="Passed" testListId="8c84fa94-04c1-424b-9868-57a2d4851a1d" relativeResultsDirectory="9f4d4cd3-a252-4bff-8091-13cb53f430e5" dataRowInfo="8" resultType="DataDrivenDataRow" />
        <UnitTestResult executionId="ab37cd52-0ca3-4642-83a7-c86f35ddfa46" parentExecutionId="9f4d4cd3-a252-4bff-8091-13cb53f430e5" testId="15fe5bf6-5078-81a8-0356-385549390bb7" testName="first_person_tenses_active_negation" computerName="ARPAN-LAP" duration="00:00:00.0679511" startTime="2014-06-29T11:56:21.1574856+05:30" endTime="2014-06-29T11:56:21.2254895+05:30" testType="13cdc9d9-ddb5-4fa4-a97d-d965ccfc6d4b" outcome="Passed" testListId="8c84fa94-04c1-424b-9868-57a2d4851a1d" relativeResultsDirectory="9f4d4cd3-a252-4bff-8091-13cb53f430e5" dataRowInfo="9" resultType="DataDrivenDataRow" />
      </InnerResults>
    </UnitTestResult>
    <UnitTestResult executionId="e54ac975-eb5a-4695-a49a-7215e1e097db" testId="1b04a6d6-5350-792c-8eba-a46a0eb28949" testName="interrogative_sentences_why" computerName="ARPAN-LAP" duration="00:00:00.1304863" startTime="2014-06-29T11:56:21.2644917+05:30" endTime="2014-06-29T11:56:21.4115001+05:30" testType="13cdc9d9-ddb5-4fa4-a97d-d965ccfc6d4b" outcome="Failed" testListId="8c84fa94-04c1-424b-9868-57a2d4851a1d" relativeResultsDirectory="e54ac975-eb5a-4695-a49a-7215e1e097db" resultType="DataDrivenTest">
      <Counters error="0" failed="1" timeout="0" aborted="0" inconclusive="0" passedButRunAborted="0" notRunnable="0" notExecuted="0" disconnected="0" warning="0" passed="2" completed="0" inProgress="0" pending="0" />
      <InnerResults>
        <UnitTestResult executionId="9f9e7e87-1603-4802-a8e1-223d4188cfa8" parentExecutionId="e54ac975-eb5a-4695-a49a-7215e1e097db" testId="1b04a6d6-5350-792c-8eba-a46a0eb28949" testName="interrogative_sentences_why" computerName="ARPAN-LAP" duration="00:00:00.0579608" startTime="2014-06-29T11:56:21.2704921+05:30" endTime="2014-06-29T11:56:21.3284954+05:30" testType="13cdc9d9-ddb5-4fa4-a97d-d965ccfc6d4b" outcome="Failed" testListId="8c84fa94-04c1-424b-9868-57a2d4851a1d" relativeResultsDirectory="e54ac975-eb5a-4695-a49a-7215e1e097db" dataRowInfo="0" resultType="DataDrivenDataRow">
          <Output>
            <ErrorInfo>
              <Message>Assert.AreEqual failed. Expected:&lt;কেন আপনি দেরিতে আজ ?&gt;. Actual:&lt;আপনি দেরিতে আজ কেন ?&gt;. Why are you late today?</Message>
              <StackTrace>   at UnitTest.BnlpTest.interrogative_sentences_why() in D:\software\Project\BNLP\UnitTest\BnlpTest.cs:line 382
</StackTrace>
            </ErrorInfo>
          </Output>
        </UnitTestResult>
        <UnitTestResult executionId="22c20df9-2d0c-4020-8191-474f8619df0b" parentExecutionId="e54ac975-eb5a-4695-a49a-7215e1e097db" testId="1b04a6d6-5350-792c-8eba-a46a0eb28949" testName="interrogative_sentences_why" computerName="ARPAN-LAP" duration="00:00:00.0399285" startTime="2014-06-29T11:56:21.3284954+05:30" endTime="2014-06-29T11:56:21.3684977+05:30" testType="13cdc9d9-ddb5-4fa4-a97d-d965ccfc6d4b" outcome="Passed" testListId="8c84fa94-04c1-424b-9868-57a2d4851a1d" relativeResultsDirectory="e54ac975-eb5a-4695-a49a-7215e1e097db" dataRowInfo="1" resultType="DataDrivenDataRow" />
        <UnitTestResult executionId="c740e03d-034d-4f78-be1e-5c001a7e3b2d" parentExecutionId="e54ac975-eb5a-4695-a49a-7215e1e097db" testId="1b04a6d6-5350-792c-8eba-a46a0eb28949" testName="interrogative_sentences_why" computerName="ARPAN-LAP" duration="00:00:00.0309067" startTime="2014-06-29T11:56:21.3684977+05:30" endTime="2014-06-29T11:56:21.3984994+05:30" testType="13cdc9d9-ddb5-4fa4-a97d-d965ccfc6d4b" outcome="Passed" testListId="8c84fa94-04c1-424b-9868-57a2d4851a1d" relativeResultsDirectory="e54ac975-eb5a-4695-a49a-7215e1e097db" dataRowInfo="2" resultType="DataDrivenDataRow" />
      </InnerResults>
    </UnitTestResult>
    <UnitTestResult executionId="aa9495cd-bcfb-4fd2-a505-a42a369226ef" testId="1d63c318-78a9-9011-f5c0-0b01884a2881" testName="interrogative_sentences_do" computerName="ARPAN-LAP" duration="00:00:00.2930106" startTime="2014-06-29T11:56:21.4145003+05:30" endTime="2014-06-29T11:56:21.7445192+05:30" testType="13cdc9d9-ddb5-4fa4-a97d-d965ccfc6d4b" outcome="Passed" testListId="8c84fa94-04c1-424b-9868-57a2d4851a1d" relativeResultsDirectory="aa9495cd-bcfb-4fd2-a505-a42a369226ef" resultType="DataDrivenTest">
      <Counters error="0" failed="0" timeout="0" aborted="0" inconclusive="0" passedButRunAborted="0" notRunnable="0" notExecuted="0" disconnected="0" warning="0" passed="9" completed="0" inProgress="0" pending="0" />
      <InnerResults>
        <UnitTestResult executionId="e8060164-da44-4efb-8f1b-75b73b6f4eb4" parentExecutionId="aa9495cd-bcfb-4fd2-a505-a42a369226ef" testId="1d63c318-78a9-9011-f5c0-0b01884a2881" testName="interrogative_sentences_do" computerName="ARPAN-LAP" duration="00:00:00.0304689" startTime="2014-06-29T11:56:21.4245009+05:30" endTime="2014-06-29T11:56:21.4555026+05:30" testType="13cdc9d9-ddb5-4fa4-a97d-d965ccfc6d4b" outcome="Passed" testListId="8c84fa94-04c1-424b-9868-57a2d4851a1d" relativeResultsDirectory="aa9495cd-bcfb-4fd2-a505-a42a369226ef" dataRowInfo="0" resultType="DataDrivenDataRow" />
        <UnitTestResult executionId="2ca9a801-47ae-4151-a5dd-bb3a9303231f" parentExecutionId="aa9495cd-bcfb-4fd2-a505-a42a369226ef" testId="1d63c318-78a9-9011-f5c0-0b01884a2881" testName="interrogative_sentences_do" computerName="ARPAN-LAP" duration="00:00:00.0300362" startTime="2014-06-29T11:56:21.4555026+05:30" endTime="2014-06-29T11:56:21.4855044+05:30" testType="13cdc9d9-ddb5-4fa4-a97d-d965ccfc6d4b" outcome="Passed" testListId="8c84fa94-04c1-424b-9868-57a2d4851a1d" relativeResultsDirectory="aa9495cd-bcfb-4fd2-a505-a42a369226ef" dataRowInfo="1" resultType="DataDrivenDataRow" />
        <UnitTestResult executionId="3b5d56f1-3390-4cd5-a271-243e150157b4" parentExecutionId="aa9495cd-bcfb-4fd2-a505-a42a369226ef" testId="1d63c318-78a9-9011-f5c0-0b01884a2881" testName="interrogative_sentences_do" computerName="ARPAN-LAP" duration="00:00:00.0298966" startTime="2014-06-29T11:56:21.4855044+05:30" endTime="2014-06-29T11:56:21.5155061+05:30" testType="13cdc9d9-ddb5-4fa4-a97d-d965ccfc6d4b" outcome="Passed" testListId="8c84fa94-04c1-424b-9868-57a2d4851a1d" relativeResultsDirectory="aa9495cd-bcfb-4fd2-a505-a42a369226ef" dataRowInfo="2" resultType="DataDrivenDataRow" />
        <UnitTestResult executionId="4744e701-4416-4dd6-a687-68299149eadf" parentExecutionId="aa9495cd-bcfb-4fd2-a505-a42a369226ef" testId="1d63c318-78a9-9011-f5c0-0b01884a2881" testName="interrogative_sentences_do" computerName="ARPAN-LAP" duration="00:00:00.0359809" startTime="2014-06-29T11:56:21.5155061+05:30" endTime="2014-06-29T11:56:21.5515081+05:30" testType="13cdc9d9-ddb5-4fa4-a97d-d965ccfc6d4b" outcome="Passed" testListId="8c84fa94-04c1-424b-9868-57a2d4851a1d" relativeResultsDirectory="aa9495cd-bcfb-4fd2-a505-a42a369226ef" dataRowInfo="3" resultType="DataDrivenDataRow" />
        <UnitTestResult executionId="2bf546f7-04ed-47dd-af40-ac2dc0acbe77" parentExecutionId="aa9495cd-bcfb-4fd2-a505-a42a369226ef" testId="1d63c318-78a9-9011-f5c0-0b01884a2881" testName="interrogative_sentences_do" computerName="ARPAN-LAP" duration="00:00:00.0375407" startTime="2014-06-29T11:56:21.5515081+05:30" endTime="2014-06-29T11:56:21.5885102+05:30" testType="13cdc9d9-ddb5-4fa4-a97d-d965ccfc6d4b" outcome="Passed" testListId="8c84fa94-04c1-424b-9868-57a2d4851a1d" relativeResultsDirectory="aa9495cd-bcfb-4fd2-a505-a42a369226ef" dataRowInfo="4" resultType="DataDrivenDataRow" />
        <UnitTestResult executionId="2e9f434f-9b5a-465b-8116-2fcbca19802e" parentExecutionId="aa9495cd-bcfb-4fd2-a505-a42a369226ef" testId="1d63c318-78a9-9011-f5c0-0b01884a2881" testName="interrogative_sentences_do" computerName="ARPAN-LAP" duration="00:00:00.0331836" startTime="2014-06-29T11:56:21.5885102+05:30" endTime="2014-06-29T11:56:21.6215121+05:30" testType="13cdc9d9-ddb5-4fa4-a97d-d965ccfc6d4b" outcome="Passed" testListId="8c84fa94-04c1-424b-9868-57a2d4851a1d" relativeResultsDirectory="aa9495cd-bcfb-4fd2-a505-a42a369226ef" dataRowInfo="5" resultType="DataDrivenDataRow" />
        <UnitTestResult executionId="6400a73e-f16d-4e40-b997-cd380a2e612b" parentExecutionId="aa9495cd-bcfb-4fd2-a505-a42a369226ef" testId="1d63c318-78a9-9011-f5c0-0b01884a2881" testName="interrogative_sentences_do" computerName="ARPAN-LAP" duration="00:00:00.0296466" startTime="2014-06-29T11:56:21.6215121+05:30" endTime="2014-06-29T11:56:21.6515138+05:30" testType="13cdc9d9-ddb5-4fa4-a97d-d965ccfc6d4b" outcome="Passed" testListId="8c84fa94-04c1-424b-9868-57a2d4851a1d" relativeResultsDirectory="aa9495cd-bcfb-4fd2-a505-a42a369226ef" dataRowInfo="6" resultType="DataDrivenDataRow" />
        <UnitTestResult executionId="63e412d6-a0dd-482b-8bf0-b9e4d5b3bb2b" parentExecutionId="aa9495cd-bcfb-4fd2-a505-a42a369226ef" testId="1d63c318-78a9-9011-f5c0-0b01884a2881" testName="interrogative_sentences_do" computerName="ARPAN-LAP" duration="00:00:00.0314210" startTime="2014-06-29T11:56:21.6515138+05:30" endTime="2014-06-29T11:56:21.6835157+05:30" testType="13cdc9d9-ddb5-4fa4-a97d-d965ccfc6d4b" outcome="Passed" testListId="8c84fa94-04c1-424b-9868-57a2d4851a1d" relativeResultsDirectory="aa9495cd-bcfb-4fd2-a505-a42a369226ef" dataRowInfo="7" resultType="DataDrivenDataRow" />
        <UnitTestResult executionId="b95d00fb-0286-465a-9cf6-371e657183dd" parentExecutionId="aa9495cd-bcfb-4fd2-a505-a42a369226ef" testId="1d63c318-78a9-9011-f5c0-0b01884a2881" testName="interrogative_sentences_do" computerName="ARPAN-LAP" duration="00:00:00.0317659" startTime="2014-06-29T11:56:21.6835157+05:30" endTime="2014-06-29T11:56:21.7145174+05:30" testType="13cdc9d9-ddb5-4fa4-a97d-d965ccfc6d4b" outcome="Passed" testListId="8c84fa94-04c1-424b-9868-57a2d4851a1d" relativeResultsDirectory="aa9495cd-bcfb-4fd2-a505-a42a369226ef" dataRowInfo="8" resultType="DataDrivenDataRow" />
      </InnerResults>
    </UnitTestResult>
    <UnitTestResult executionId="e3cb4e80-ce65-4d78-888d-0b492a462bd7" testId="227f20ae-8e76-eb71-39b2-4ada3ce6aba8" testName="interrogative_sentences_how" computerName="ARPAN-LAP" duration="00:00:01.1326061" startTime="2014-06-29T11:56:21.7495195+05:30" endTime="2014-06-29T11:56:22.9415876+05:30" testType="13cdc9d9-ddb5-4fa4-a97d-d965ccfc6d4b" outcome="Failed" testListId="8c84fa94-04c1-424b-9868-57a2d4851a1d" relativeResultsDirectory="e3cb4e80-ce65-4d78-888d-0b492a462bd7" resultType="DataDrivenTest">
      <Counters error="0" failed="3" timeout="0" aborted="0" inconclusive="0" passedButRunAborted="0" notRunnable="0" notExecuted="0" disconnected="0" warning="0" passed="15" completed="0" inProgress="0" pending="0" />
      <InnerResults>
        <UnitTestResult executionId="c3691792-fe4a-4a42-9dd4-1e8e422f1884" parentExecutionId="e3cb4e80-ce65-4d78-888d-0b492a462bd7" testId="227f20ae-8e76-eb71-39b2-4ada3ce6aba8" testName="interrogative_sentences_how" computerName="ARPAN-LAP" duration="00:00:00.0234324" startTime="2014-06-29T11:56:21.7575199+05:30" endTime="2014-06-29T11:56:21.7815213+05:30" testType="13cdc9d9-ddb5-4fa4-a97d-d965ccfc6d4b" outcome="Passed" testListId="8c84fa94-04c1-424b-9868-57a2d4851a1d" relativeResultsDirectory="e3cb4e80-ce65-4d78-888d-0b492a462bd7" dataRowInfo="0" resultType="DataDrivenDataRow" />
        <UnitTestResult executionId="5ef824b9-b0b2-4b50-bdbe-78b6a2eb8449" parentExecutionId="e3cb4e80-ce65-4d78-888d-0b492a462bd7" testId="227f20ae-8e76-eb71-39b2-4ada3ce6aba8" testName="interrogative_sentences_how" computerName="ARPAN-LAP" duration="00:00:00.4928898" startTime="2014-06-29T11:56:21.7815213+05:30" endTime="2014-06-29T11:56:22.2745495+05:30" testType="13cdc9d9-ddb5-4fa4-a97d-d965ccfc6d4b" outcome="Failed" testListId="8c84fa94-04c1-424b-9868-57a2d4851a1d" relativeResultsDirectory="e3cb4e80-ce65-4d78-888d-0b492a462bd7" dataRowInfo="1" resultType="DataDrivenDataRow">
          <Output>
            <ErrorInfo>
              <Message>Assert.AreEqual failed. Expected:&lt;আপনি কেমন ছিলেন ?&gt;. Actual:&lt;ছিলেন আপনি কেমন ?&gt;. How were you?</Message>
              <StackTrace>   at UnitTest.BnlpTest.interrogative_sentences_how() in D:\software\Project\BNLP\UnitTest\BnlpTest.cs:line 274
</StackTrace>
            </ErrorInfo>
          </Output>
        </UnitTestResult>
        <UnitTestResult executionId="d6f2634c-f5ea-406b-987d-a87160cbbbac" parentExecutionId="e3cb4e80-ce65-4d78-888d-0b492a462bd7" testId="227f20ae-8e76-eb71-39b2-4ada3ce6aba8" testName="interrogative_sentences_how" computerName="ARPAN-LAP" duration="00:00:00.0314282" startTime="2014-06-29T11:56:22.2745495+05:30" endTime="2014-06-29T11:56:22.3055513+05:30" testType="13cdc9d9-ddb5-4fa4-a97d-d965ccfc6d4b" outcome="Failed" testListId="8c84fa94-04c1-424b-9868-57a2d4851a1d" relativeResultsDirectory="e3cb4e80-ce65-4d78-888d-0b492a462bd7" dataRowInfo="2" resultType="DataDrivenDataRow">
          <Output>
            <ErrorInfo>
              <Message>Assert.AreEqual failed. Expected:&lt;এই মেশিন কাজটি কিভাবে করে ?&gt;. Actual:&lt;করে এই মেশিনটি কিভাবে কাজ ?&gt;. How does this machine work?</Message>
              <StackTrace>   at UnitTest.BnlpTest.interrogative_sentences_how() in D:\software\Project\BNLP\UnitTest\BnlpTest.cs:line 274
</StackTrace>
            </ErrorInfo>
          </Output>
        </UnitTestResult>
        <UnitTestResult executionId="f761e27a-9cda-4070-8a57-c09d0848c357" parentExecutionId="e3cb4e80-ce65-4d78-888d-0b492a462bd7" testId="227f20ae-8e76-eb71-39b2-4ada3ce6aba8" testName="interrogative_sentences_how" computerName="ARPAN-LAP" duration="00:00:00.0463413" startTime="2014-06-29T11:56:22.3055513+05:30" endTime="2014-06-29T11:56:22.3515539+05:30" testType="13cdc9d9-ddb5-4fa4-a97d-d965ccfc6d4b" outcome="Passed" testListId="8c84fa94-04c1-424b-9868-57a2d4851a1d" relativeResultsDirectory="e3cb4e80-ce65-4d78-888d-0b492a462bd7" dataRowInfo="3" resultType="DataDrivenDataRow" />
        <UnitTestResult executionId="8d0f98f7-7ef4-47cc-a2ff-b4f923c9bb10" parentExecutionId="e3cb4e80-ce65-4d78-888d-0b492a462bd7" testId="227f20ae-8e76-eb71-39b2-4ada3ce6aba8" testName="interrogative_sentences_how" computerName="ARPAN-LAP" duration="00:00:00.0647268" startTime="2014-06-29T11:56:22.3515539+05:30" endTime="2014-06-29T11:56:22.4165576+05:30" testType="13cdc9d9-ddb5-4fa4-a97d-d965ccfc6d4b" outcome="Passed" testListId="8c84fa94-04c1-424b-9868-57a2d4851a1d" relativeResultsDirectory="e3cb4e80-ce65-4d78-888d-0b492a462bd7" dataRowInfo="4" resultType="DataDrivenDataRow" />
        <UnitTestResult executionId="16126d3d-b9ea-49b9-a952-23cfb0e14bfe" parentExecutionId="e3cb4e80-ce65-4d78-888d-0b492a462bd7" testId="227f20ae-8e76-eb71-39b2-4ada3ce6aba8" testName="interrogative_sentences_how" computerName="ARPAN-LAP" duration="00:00:00.0288787" startTime="2014-06-29T11:56:22.4165576+05:30" endTime="2014-06-29T11:56:22.4455593+05:30" testType="13cdc9d9-ddb5-4fa4-a97d-d965ccfc6d4b" outcome="Passed" testListId="8c84fa94-04c1-424b-9868-57a2d4851a1d" relativeResultsDirectory="e3cb4e80-ce65-4d78-888d-0b492a462bd7" dataRowInfo="5" resultType="DataDrivenDataRow" />
        <UnitTestResult executionId="45290368-ed1c-4909-8b81-1ac082884e10" parentExecutionId="e3cb4e80-ce65-4d78-888d-0b492a462bd7" testId="227f20ae-8e76-eb71-39b2-4ada3ce6aba8" testName="interrogative_sentences_how" computerName="ARPAN-LAP" duration="00:00:00.0426129" startTime="2014-06-29T11:56:22.4455593+05:30" endTime="2014-06-29T11:56:22.4885617+05:30" testType="13cdc9d9-ddb5-4fa4-a97d-d965ccfc6d4b" outcome="Passed" testListId="8c84fa94-04c1-424b-9868-57a2d4851a1d" relativeResultsDirectory="e3cb4e80-ce65-4d78-888d-0b492a462bd7" dataRowInfo="6" resultType="DataDrivenDataRow" />
        <UnitTestResult executionId="6209fec1-6010-487f-a688-5bf9d18b68f5" parentExecutionId="e3cb4e80-ce65-4d78-888d-0b492a462bd7" testId="227f20ae-8e76-eb71-39b2-4ada3ce6aba8" testName="interrogative_sentences_how" computerName="ARPAN-LAP" duration="00:00:00.0326041" startTime="2014-06-29T11:56:22.4885617+05:30" endTime="2014-06-29T11:56:22.5205636+05:30" testType="13cdc9d9-ddb5-4fa4-a97d-d965ccfc6d4b" outcome="Passed" testListId="8c84fa94-04c1-424b-9868-57a2d4851a1d" relativeResultsDirectory="e3cb4e80-ce65-4d78-888d-0b492a462bd7" dataRowInfo="7" resultType="DataDrivenDataRow" />
        <UnitTestResult executionId="a1d7b9f1-3ec1-46fb-840f-aa79c1e71fdd" parentExecutionId="e3cb4e80-ce65-4d78-888d-0b492a462bd7" testId="227f20ae-8e76-eb71-39b2-4ada3ce6aba8" testName="interrogative_sentences_how" computerName="ARPAN-LAP" duration="00:00:00.0342086" startTime="2014-06-29T11:56:22.5205636+05:30" endTime="2014-06-29T11:56:22.5555656+05:30" testType="13cdc9d9-ddb5-4fa4-a97d-d965ccfc6d4b" outcome="Passed" testListId="8c84fa94-04c1-424b-9868-57a2d4851a1d" relativeResultsDirectory="e3cb4e80-ce65-4d78-888d-0b492a462bd7" dataRowInfo="8" resultType="DataDrivenDataRow" />
        <UnitTestResult executionId="85080141-b9bc-477d-87ed-b4f95bbecd3f" parentExecutionId="e3cb4e80-ce65-4d78-888d-0b492a462bd7" testId="227f20ae-8e76-eb71-39b2-4ada3ce6aba8" testName="interrogative_sentences_how" computerName="ARPAN-LAP" duration="00:00:00.0328782" startTime="2014-06-29T11:56:22.5555656+05:30" endTime="2014-06-29T11:56:22.5885674+05:30" testType="13cdc9d9-ddb5-4fa4-a97d-d965ccfc6d4b" outcome="Passed" testListId="8c84fa94-04c1-424b-9868-57a2d4851a1d" relativeResultsDirectory="e3cb4e80-ce65-4d78-888d-0b492a462bd7" dataRowInfo="9" resultType="DataDrivenDataRow" />
        <UnitTestResult executionId="d50a36e7-4f46-49d8-853f-7777c40a3f24" parentExecutionId="e3cb4e80-ce65-4d78-888d-0b492a462bd7" testId="227f20ae-8e76-eb71-39b2-4ada3ce6aba8" testName="interrogative_sentences_how" computerName="ARPAN-LAP" duration="00:00:00.0416746" startTime="2014-06-29T11:56:22.5885674+05:30" endTime="2014-06-29T11:56:22.6295698+05:30" testType="13cdc9d9-ddb5-4fa4-a97d-d965ccfc6d4b" outcome="Passed" testListId="8c84fa94-04c1-424b-9868-57a2d4851a1d" relativeResultsDirectory="e3cb4e80-ce65-4d78-888d-0b492a462bd7" dataRowInfo="10" resultType="DataDrivenDataRow" />
        <UnitTestResult executionId="6303b6ac-1128-4dc5-addf-96855dbfdee5" parentExecutionId="e3cb4e80-ce65-4d78-888d-0b492a462bd7" testId="227f20ae-8e76-eb71-39b2-4ada3ce6aba8" testName="interrogative_sentences_how" computerName="ARPAN-LAP" duration="00:00:00.0332477" startTime="2014-06-29T11:56:22.6295698+05:30" endTime="2014-06-29T11:56:22.6635717+05:30" testType="13cdc9d9-ddb5-4fa4-a97d-d965ccfc6d4b" outcome="Passed" testListId="8c84fa94-04c1-424b-9868-57a2d4851a1d" relativeResultsDirectory="e3cb4e80-ce65-4d78-888d-0b492a462bd7" dataRowInfo="11" resultType="DataDrivenDataRow" />
        <UnitTestResult executionId="d43d3a0a-66f6-464e-b8f0-45b8403666e3" parentExecutionId="e3cb4e80-ce65-4d78-888d-0b492a462bd7" testId="227f20ae-8e76-eb71-39b2-4ada3ce6aba8" testName="interrogative_sentences_how" computerName="ARPAN-LAP" duration="00:00:00.0276638" startTime="2014-06-29T11:56:22.6635717+05:30" endTime="2014-06-29T11:56:22.6905733+05:30" testType="13cdc9d9-ddb5-4fa4-a97d-d965ccfc6d4b" outcome="Passed" testListId="8c84fa94-04c1-424b-9868-57a2d4851a1d" relativeResultsDirectory="e3cb4e80-ce65-4d78-888d-0b492a462bd7" dataRowInfo="12" resultType="DataDrivenDataRow" />
        <UnitTestResult executionId="bc94b37b-1ac7-4dbf-a781-8d14162a00d7" parentExecutionId="e3cb4e80-ce65-4d78-888d-0b492a462bd7" testId="227f20ae-8e76-eb71-39b2-4ada3ce6aba8" testName="interrogative_sentences_how" computerName="ARPAN-LAP" duration="00:00:00.0378579" startTime="2014-06-29T11:56:22.6905733+05:30" endTime="2014-06-29T11:56:22.7285755+05:30" testType="13cdc9d9-ddb5-4fa4-a97d-d965ccfc6d4b" outcome="Passed" testListId="8c84fa94-04c1-424b-9868-57a2d4851a1d" relativeResultsDirectory="e3cb4e80-ce65-4d78-888d-0b492a462bd7" dataRowInfo="13" resultType="DataDrivenDataRow" />
        <UnitTestResult executionId="c0948281-11f5-4544-ae62-be2fd20dae1a" parentExecutionId="e3cb4e80-ce65-4d78-888d-0b492a462bd7" testId="227f20ae-8e76-eb71-39b2-4ada3ce6aba8" testName="interrogative_sentences_how" computerName="ARPAN-LAP" duration="00:00:00.0396236" startTime="2014-06-29T11:56:22.7285755+05:30" endTime="2014-06-29T11:56:22.7685777+05:30" testType="13cdc9d9-ddb5-4fa4-a97d-d965ccfc6d4b" outcome="Passed" testListId="8c84fa94-04c1-424b-9868-57a2d4851a1d" relativeResultsDirectory="e3cb4e80-ce65-4d78-888d-0b492a462bd7" dataRowInfo="14" resultType="DataDrivenDataRow" />
        <UnitTestResult executionId="3540cec6-a54d-4c2d-9a11-6373d3854777" parentExecutionId="e3cb4e80-ce65-4d78-888d-0b492a462bd7" testId="227f20ae-8e76-eb71-39b2-4ada3ce6aba8" testName="interrogative_sentences_how" computerName="ARPAN-LAP" duration="00:00:00.0405901" startTime="2014-06-29T11:56:22.7685777+05:30" endTime="2014-06-29T11:56:22.8095801+05:30" testType="13cdc9d9-ddb5-4fa4-a97d-d965ccfc6d4b" outcome="Failed" testListId="8c84fa94-04c1-424b-9868-57a2d4851a1d" relativeResultsDirectory="e3cb4e80-ce65-4d78-888d-0b492a462bd7" dataRowInfo="15" resultType="DataDrivenDataRow">
          <Output>
            <ErrorInfo>
              <Message>Assert.AreEqual failed. Expected:&lt;একটি ভাল ছাত্র হতে হয় কিভাবে ?&gt;. Actual:&lt;হয় কিভাবে একটি ভাল ছাত্র ?&gt;. How to be a good student?</Message>
              <StackTrace>   at UnitTest.BnlpTest.interrogative_sentences_how() in D:\software\Project\BNLP\UnitTest\BnlpTest.cs:line 274
</StackTrace>
            </ErrorInfo>
          </Output>
        </UnitTestResult>
        <UnitTestResult executionId="45507ba5-1e33-400b-93ef-74f71ac3a2e3" parentExecutionId="e3cb4e80-ce65-4d78-888d-0b492a462bd7" testId="227f20ae-8e76-eb71-39b2-4ada3ce6aba8" testName="interrogative_sentences_how" computerName="ARPAN-LAP" duration="00:00:00.0348517" startTime="2014-06-29T11:56:22.8095801+05:30" endTime="2014-06-29T11:56:22.8435820+05:30" testType="13cdc9d9-ddb5-4fa4-a97d-d965ccfc6d4b" outcome="Passed" testListId="8c84fa94-04c1-424b-9868-57a2d4851a1d" relativeResultsDirectory="e3cb4e80-ce65-4d78-888d-0b492a462bd7" dataRowInfo="16" resultType="DataDrivenDataRow" />
        <UnitTestResult executionId="0d3517d8-817f-4529-81e9-81f6fa46dff7" parentExecutionId="e3cb4e80-ce65-4d78-888d-0b492a462bd7" testId="227f20ae-8e76-eb71-39b2-4ada3ce6aba8" testName="interrogative_sentences_how" computerName="ARPAN-LAP" duration="00:00:00.0444694" startTime="2014-06-29T11:56:22.8435820+05:30" endTime="2014-06-29T11:56:22.8885846+05:30" testType="13cdc9d9-ddb5-4fa4-a97d-d965ccfc6d4b" outcome="Passed" testListId="8c84fa94-04c1-424b-9868-57a2d4851a1d" relativeResultsDirectory="e3cb4e80-ce65-4d78-888d-0b492a462bd7" dataRowInfo="17" resultType="DataDrivenDataRow" />
      </InnerResults>
    </UnitTestResult>
    <UnitTestResult executionId="077145f7-eead-4d2a-91b7-c87a03a0474e" testId="30ab3285-6a8c-14d2-9725-bd60892ccd90" testName="second_person_tenses_active" computerName="ARPAN-LAP" duration="00:00:00.2286985" startTime="2014-06-29T11:56:22.9525883+05:30" endTime="2014-06-29T11:56:23.2716065+05:30" testType="13cdc9d9-ddb5-4fa4-a97d-d965ccfc6d4b" outcome="Passed" testListId="8c84fa94-04c1-424b-9868-57a2d4851a1d" relativeResultsDirectory="077145f7-eead-4d2a-91b7-c87a03a0474e" resultType="DataDrivenTest">
      <Counters error="0" failed="0" timeout="0" aborted="0" inconclusive="0" passedButRunAborted="0" notRunnable="0" notExecuted="0" disconnected="0" warning="0" passed="10" completed="0" inProgress="0" pending="0" />
      <InnerResults>
        <UnitTestResult executionId="6dfc6f74-5e54-4a59-ae3f-94182e17e579" parentExecutionId="077145f7-eead-4d2a-91b7-c87a03a0474e" testId="30ab3285-6a8c-14d2-9725-bd60892ccd90" testName="second_person_tenses_active" computerName="ARPAN-LAP" duration="00:00:00.0163020" startTime="2014-06-29T11:56:22.9855902+05:30" endTime="2014-06-29T11:56:23.0025911+05:30" testType="13cdc9d9-ddb5-4fa4-a97d-d965ccfc6d4b" outcome="Passed" testListId="8c84fa94-04c1-424b-9868-57a2d4851a1d" relativeResultsDirectory="077145f7-eead-4d2a-91b7-c87a03a0474e" dataRowInfo="0" resultType="DataDrivenDataRow" />
        <UnitTestResult executionId="875742ae-c700-4c75-8112-32903798d4c6" parentExecutionId="077145f7-eead-4d2a-91b7-c87a03a0474e" testId="30ab3285-6a8c-14d2-9725-bd60892ccd90" testName="second_person_tenses_active" computerName="ARPAN-LAP" duration="00:00:00.0201639" startTime="2014-06-29T11:56:23.0025911+05:30" endTime="2014-06-29T11:56:23.0225923+05:30" testType="13cdc9d9-ddb5-4fa4-a97d-d965ccfc6d4b" outcome="Passed" testListId="8c84fa94-04c1-424b-9868-57a2d4851a1d" relativeResultsDirectory="077145f7-eead-4d2a-91b7-c87a03a0474e" dataRowInfo="1" resultType="DataDrivenDataRow" />
        <UnitTestResult executionId="42b195a6-9419-421c-98dd-523473a24602" parentExecutionId="077145f7-eead-4d2a-91b7-c87a03a0474e" testId="30ab3285-6a8c-14d2-9725-bd60892ccd90" testName="second_person_tenses_active" computerName="ARPAN-LAP" duration="00:00:00.0222170" startTime="2014-06-29T11:56:23.0225923+05:30" endTime="2014-06-29T11:56:23.0445935+05:30" testType="13cdc9d9-ddb5-4fa4-a97d-d965ccfc6d4b" outcome="Passed" testListId="8c84fa94-04c1-424b-9868-57a2d4851a1d" relativeResultsDirectory="077145f7-eead-4d2a-91b7-c87a03a0474e" dataRowInfo="2" resultType="DataDrivenDataRow" />
        <UnitTestResult executionId="a23186c3-e4dd-49cb-9e6b-e65f42c56d12" parentExecutionId="077145f7-eead-4d2a-91b7-c87a03a0474e" testId="30ab3285-6a8c-14d2-9725-bd60892ccd90" testName="second_person_tenses_active" computerName="ARPAN-LAP" duration="00:00:00.0308312" startTime="2014-06-29T11:56:23.0445935+05:30" endTime="2014-06-29T11:56:23.0755953+05:30" testType="13cdc9d9-ddb5-4fa4-a97d-d965ccfc6d4b" outcome="Passed" testListId="8c84fa94-04c1-424b-9868-57a2d4851a1d" relativeResultsDirectory="077145f7-eead-4d2a-91b7-c87a03a0474e" dataRowInfo="3" resultType="DataDrivenDataRow" />
        <UnitTestResult executionId="f962ead5-5c59-42a6-97f5-a16d742f3bf4" parentExecutionId="077145f7-eead-4d2a-91b7-c87a03a0474e" testId="30ab3285-6a8c-14d2-9725-bd60892ccd90" testName="second_person_tenses_active" computerName="ARPAN-LAP" duration="00:00:00.0178023" startTime="2014-06-29T11:56:23.0755953+05:30" endTime="2014-06-29T11:56:23.0935963+05:30" testType="13cdc9d9-ddb5-4fa4-a97d-d965ccfc6d4b" outcome="Passed" testListId="8c84fa94-04c1-424b-9868-57a2d4851a1d" relativeResultsDirectory="077145f7-eead-4d2a-91b7-c87a03a0474e" dataRowInfo="4" resultType="DataDrivenDataRow" />
        <UnitTestResult executionId="9c3c5444-a3d6-4e59-82cc-64f73bca45ab" parentExecutionId="077145f7-eead-4d2a-91b7-c87a03a0474e" testId="30ab3285-6a8c-14d2-9725-bd60892ccd90" testName="second_person_tenses_active" computerName="ARPAN-LAP" duration="00:00:00.0191307" startTime="2014-06-29T11:56:23.0935963+05:30" endTime="2014-06-29T11:56:23.1125974+05:30" testType="13cdc9d9-ddb5-4fa4-a97d-d965ccfc6d4b" outcome="Passed" testListId="8c84fa94-04c1-424b-9868-57a2d4851a1d" relativeResultsDirectory="077145f7-eead-4d2a-91b7-c87a03a0474e" dataRowInfo="5" resultType="DataDrivenDataRow" />
        <UnitTestResult executionId="4548c334-305b-4edb-817c-ee9025309676" parentExecutionId="077145f7-eead-4d2a-91b7-c87a03a0474e" testId="30ab3285-6a8c-14d2-9725-bd60892ccd90" testName="second_person_tenses_active" computerName="ARPAN-LAP" duration="00:00:00.0198847" startTime="2014-06-29T11:56:23.1125974+05:30" endTime="2014-06-29T11:56:23.1325986+05:30" testType="13cdc9d9-ddb5-4fa4-a97d-d965ccfc6d4b" outcome="Passed" testListId="8c84fa94-04c1-424b-9868-57a2d4851a1d" relativeResultsDirectory="077145f7-eead-4d2a-91b7-c87a03a0474e" dataRowInfo="6" resultType="DataDrivenDataRow" />
        <UnitTestResult executionId="cd4f5700-dee5-4bbc-ae25-a2e3a8cda134" parentExecutionId="077145f7-eead-4d2a-91b7-c87a03a0474e" testId="30ab3285-6a8c-14d2-9725-bd60892ccd90" testName="second_person_tenses_active" computerName="ARPAN-LAP" duration="00:00:00.0268323" startTime="2014-06-29T11:56:23.1325986+05:30" endTime="2014-06-29T11:56:23.1596001+05:30" testType="13cdc9d9-ddb5-4fa4-a97d-d965ccfc6d4b" outcome="Passed" testListId="8c84fa94-04c1-424b-9868-57a2d4851a1d" relativeResultsDirectory="077145f7-eead-4d2a-91b7-c87a03a0474e" dataRowInfo="7" resultType="DataDrivenDataRow" />
        <UnitTestResult executionId="b3da4df5-87b8-4f96-879e-58137811348f" parentExecutionId="077145f7-eead-4d2a-91b7-c87a03a0474e" testId="30ab3285-6a8c-14d2-9725-bd60892ccd90" testName="second_person_tenses_active" computerName="ARPAN-LAP" duration="00:00:00.0228442" startTime="2014-06-29T11:56:23.1596001+05:30" endTime="2014-06-29T11:56:23.1826014+05:30" testType="13cdc9d9-ddb5-4fa4-a97d-d965ccfc6d4b" outcome="Passed" testListId="8c84fa94-04c1-424b-9868-57a2d4851a1d" relativeResultsDirectory="077145f7-eead-4d2a-91b7-c87a03a0474e" dataRowInfo="8" resultType="DataDrivenDataRow" />
        <UnitTestResult executionId="b9aa7be0-b48e-4ce9-9f55-755f6f985bd0" parentExecutionId="077145f7-eead-4d2a-91b7-c87a03a0474e" testId="30ab3285-6a8c-14d2-9725-bd60892ccd90" testName="second_person_tenses_active" computerName="ARPAN-LAP" duration="00:00:00.0304812" startTime="2014-06-29T11:56:23.1826014+05:30" endTime="2014-06-29T11:56:23.2126031+05:30" testType="13cdc9d9-ddb5-4fa4-a97d-d965ccfc6d4b" outcome="Passed" testListId="8c84fa94-04c1-424b-9868-57a2d4851a1d" relativeResultsDirectory="077145f7-eead-4d2a-91b7-c87a03a0474e" dataRowInfo="9" resultType="DataDrivenDataRow" />
      </InnerResults>
    </UnitTestResult>
    <UnitTestResult executionId="5aa017eb-359c-4b2e-b491-249dc3c0530f" testId="32b5d279-0d23-e5ad-0301-234c8788f740" testName="interrogative_sentences_who" computerName="ARPAN-LAP" duration="00:00:00.1098265" startTime="2014-06-29T11:56:23.2926077+05:30" endTime="2014-06-29T11:56:23.4366159+05:30" testType="13cdc9d9-ddb5-4fa4-a97d-d965ccfc6d4b" outcome="Passed" testListId="8c84fa94-04c1-424b-9868-57a2d4851a1d" relativeResultsDirectory="5aa017eb-359c-4b2e-b491-249dc3c0530f" resultType="DataDrivenTest">
      <Counters error="0" failed="0" timeout="0" aborted="0" inconclusive="0" passedButRunAborted="0" notRunnable="0" notExecuted="0" disconnected="0" warning="0" passed="4" completed="0" inProgress="0" pending="0" />
      <InnerResults>
        <UnitTestResult executionId="8e8178e1-e0af-4193-aeae-c1528f97295f" parentExecutionId="5aa017eb-359c-4b2e-b491-249dc3c0530f" testId="32b5d279-0d23-e5ad-0301-234c8788f740" testName="interrogative_sentences_who" computerName="ARPAN-LAP" duration="00:00:00.0227954" startTime="2014-06-29T11:56:23.3136089+05:30" endTime="2014-06-29T11:56:23.3356102+05:30" testType="13cdc9d9-ddb5-4fa4-a97d-d965ccfc6d4b" outcome="Passed" testListId="8c84fa94-04c1-424b-9868-57a2d4851a1d" relativeResultsDirectory="5aa017eb-359c-4b2e-b491-249dc3c0530f" dataRowInfo="0" resultType="DataDrivenDataRow" />
        <UnitTestResult executionId="db0ffc46-c7da-44f9-a561-f22c752ea69b" parentExecutionId="5aa017eb-359c-4b2e-b491-249dc3c0530f" testId="32b5d279-0d23-e5ad-0301-234c8788f740" testName="interrogative_sentences_who" computerName="ARPAN-LAP" duration="00:00:00.0209338" startTime="2014-06-29T11:56:23.3356102+05:30" endTime="2014-06-29T11:56:23.3566114+05:30" testType="13cdc9d9-ddb5-4fa4-a97d-d965ccfc6d4b" outcome="Passed" testListId="8c84fa94-04c1-424b-9868-57a2d4851a1d" relativeResultsDirectory="5aa017eb-359c-4b2e-b491-249dc3c0530f" dataRowInfo="1" resultType="DataDrivenDataRow" />
        <UnitTestResult executionId="1a3c8c8c-2291-4577-95db-80fff4c8ee0d" parentExecutionId="5aa017eb-359c-4b2e-b491-249dc3c0530f" testId="32b5d279-0d23-e5ad-0301-234c8788f740" testName="interrogative_sentences_who" computerName="ARPAN-LAP" duration="00:00:00.0286734" startTime="2014-06-29T11:56:23.3566114+05:30" endTime="2014-06-29T11:56:23.3856130+05:30" testType="13cdc9d9-ddb5-4fa4-a97d-d965ccfc6d4b" outcome="Passed" testListId="8c84fa94-04c1-424b-9868-57a2d4851a1d" relativeResultsDirectory="5aa017eb-359c-4b2e-b491-249dc3c0530f" dataRowInfo="2" resultType="DataDrivenDataRow" />
        <UnitTestResult executionId="cd7a01a3-b831-48c9-9a5e-d7e0b5863627" parentExecutionId="5aa017eb-359c-4b2e-b491-249dc3c0530f" testId="32b5d279-0d23-e5ad-0301-234c8788f740" testName="interrogative_sentences_who" computerName="ARPAN-LAP" duration="00:00:00.0338108" startTime="2014-06-29T11:56:23.3856130+05:30" endTime="2014-06-29T11:56:23.4196150+05:30" testType="13cdc9d9-ddb5-4fa4-a97d-d965ccfc6d4b" outcome="Passed" testListId="8c84fa94-04c1-424b-9868-57a2d4851a1d" relativeResultsDirectory="5aa017eb-359c-4b2e-b491-249dc3c0530f" dataRowInfo="3" resultType="DataDrivenDataRow" />
      </InnerResults>
    </UnitTestResult>
    <UnitTestResult executionId="c2048b54-6ede-46c7-9643-4dd508dbd894" testId="39dcb97e-c73f-c645-a77c-64d9eba0a3a3" testName="interrogative_sentences_aux" computerName="ARPAN-LAP" duration="00:00:00.5181264" startTime="2014-06-29T11:56:23.4396161+05:30" endTime="2014-06-29T11:56:24.0226495+05:30" testType="13cdc9d9-ddb5-4fa4-a97d-d965ccfc6d4b" outcome="Passed" testListId="8c84fa94-04c1-424b-9868-57a2d4851a1d" relativeResultsDirectory="c2048b54-6ede-46c7-9643-4dd508dbd894" resultType="DataDrivenTest">
      <Counters error="0" failed="0" timeout="0" aborted="0" inconclusive="0" passedButRunAborted="0" notRunnable="0" notExecuted="0" disconnected="0" warning="0" passed="20" completed="0" inProgress="0" pending="0" />
      <InnerResults>
        <UnitTestResult executionId="3178b4b8-99ad-47bc-bbe1-0d9a70408116" parentExecutionId="c2048b54-6ede-46c7-9643-4dd508dbd894" testId="39dcb97e-c73f-c645-a77c-64d9eba0a3a3" testName="interrogative_sentences_aux" computerName="ARPAN-LAP" duration="00:00:00.0242937" startTime="2014-06-29T11:56:23.4456165+05:30" endTime="2014-06-29T11:56:23.4696178+05:30" testType="13cdc9d9-ddb5-4fa4-a97d-d965ccfc6d4b" outcome="Passed" testListId="8c84fa94-04c1-424b-9868-57a2d4851a1d" relativeResultsDirectory="c2048b54-6ede-46c7-9643-4dd508dbd894" dataRowInfo="0" resultType="DataDrivenDataRow" />
        <UnitTestResult executionId="022eaf5a-ceeb-43ee-a54f-867e7dd1cf0e" parentExecutionId="c2048b54-6ede-46c7-9643-4dd508dbd894" testId="39dcb97e-c73f-c645-a77c-64d9eba0a3a3" testName="interrogative_sentences_aux" computerName="ARPAN-LAP" duration="00:00:00.0240950" startTime="2014-06-29T11:56:23.4696178+05:30" endTime="2014-06-29T11:56:23.4946193+05:30" testType="13cdc9d9-ddb5-4fa4-a97d-d965ccfc6d4b" outcome="Passed" testListId="8c84fa94-04c1-424b-9868-57a2d4851a1d" relativeResultsDirectory="c2048b54-6ede-46c7-9643-4dd508dbd894" dataRowInfo="1" resultType="DataDrivenDataRow" />
        <UnitTestResult executionId="c2faad4e-4df6-4f28-9b8b-39f01e336dbe" parentExecutionId="c2048b54-6ede-46c7-9643-4dd508dbd894" testId="39dcb97e-c73f-c645-a77c-64d9eba0a3a3" testName="interrogative_sentences_aux" computerName="ARPAN-LAP" duration="00:00:00.0225444" startTime="2014-06-29T11:56:23.4946193+05:30" endTime="2014-06-29T11:56:23.5166205+05:30" testType="13cdc9d9-ddb5-4fa4-a97d-d965ccfc6d4b" outcome="Passed" testListId="8c84fa94-04c1-424b-9868-57a2d4851a1d" relativeResultsDirectory="c2048b54-6ede-46c7-9643-4dd508dbd894" dataRowInfo="2" resultType="DataDrivenDataRow" />
        <UnitTestResult executionId="12358cf5-b6e2-40b3-9eda-8ca308f3d598" parentExecutionId="c2048b54-6ede-46c7-9643-4dd508dbd894" testId="39dcb97e-c73f-c645-a77c-64d9eba0a3a3" testName="interrogative_sentences_aux" computerName="ARPAN-LAP" duration="00:00:00.0293720" startTime="2014-06-29T11:56:23.5166205+05:30" endTime="2014-06-29T11:56:23.5466222+05:30" testType="13cdc9d9-ddb5-4fa4-a97d-d965ccfc6d4b" outcome="Passed" testListId="8c84fa94-04c1-424b-9868-57a2d4851a1d" relativeResultsDirectory="c2048b54-6ede-46c7-9643-4dd508dbd894" dataRowInfo="3" resultType="DataDrivenDataRow" />
        <UnitTestResult executionId="9b441d73-f86f-4bbc-97b8-7c9d92befa28" parentExecutionId="c2048b54-6ede-46c7-9643-4dd508dbd894" testId="39dcb97e-c73f-c645-a77c-64d9eba0a3a3" testName="interrogative_sentences_aux" computerName="ARPAN-LAP" duration="00:00:00.0234457" startTime="2014-06-29T11:56:23.5466222+05:30" endTime="2014-06-29T11:56:23.5696236+05:30" testType="13cdc9d9-ddb5-4fa4-a97d-d965ccfc6d4b" outcome="Passed" testListId="8c84fa94-04c1-424b-9868-57a2d4851a1d" relativeResultsDirectory="c2048b54-6ede-46c7-9643-4dd508dbd894" dataRowInfo="4" resultType="DataDrivenDataRow" />
        <UnitTestResult executionId="5ddccc50-c1a7-4809-bb98-8a312ec7d96a" parentExecutionId="c2048b54-6ede-46c7-9643-4dd508dbd894" testId="39dcb97e-c73f-c645-a77c-64d9eba0a3a3" testName="interrogative_sentences_aux" computerName="ARPAN-LAP" duration="00:00:00.0366199" startTime="2014-06-29T11:56:23.5696236+05:30" endTime="2014-06-29T11:56:23.6066257+05:30" testType="13cdc9d9-ddb5-4fa4-a97d-d965ccfc6d4b" outcome="Passed" testListId="8c84fa94-04c1-424b-9868-57a2d4851a1d" relativeResultsDirectory="c2048b54-6ede-46c7-9643-4dd508dbd894" dataRowInfo="5" resultType="DataDrivenDataRow" />
        <UnitTestResult executionId="b1debbac-21a3-46eb-9bfd-74fd6ec51417" parentExecutionId="c2048b54-6ede-46c7-9643-4dd508dbd894" testId="39dcb97e-c73f-c645-a77c-64d9eba0a3a3" testName="interrogative_sentences_aux" computerName="ARPAN-LAP" duration="00:00:00.0372343" startTime="2014-06-29T11:56:23.6066257+05:30" endTime="2014-06-29T11:56:23.6436278+05:30" testType="13cdc9d9-ddb5-4fa4-a97d-d965ccfc6d4b" outcome="Passed" testListId="8c84fa94-04c1-424b-9868-57a2d4851a1d" relativeResultsDirectory="c2048b54-6ede-46c7-9643-4dd508dbd894" dataRowInfo="6" resultType="DataDrivenDataRow" />
        <UnitTestResult executionId="ba6f2199-5e3c-40ad-848c-bc1195bd4c51" parentExecutionId="c2048b54-6ede-46c7-9643-4dd508dbd894" testId="39dcb97e-c73f-c645-a77c-64d9eba0a3a3" testName="interrogative_sentences_aux" computerName="ARPAN-LAP" duration="00:00:00.0381428" startTime="2014-06-29T11:56:23.6436278+05:30" endTime="2014-06-29T11:56:23.6816300+05:30" testType="13cdc9d9-ddb5-4fa4-a97d-d965ccfc6d4b" outcome="Passed" testListId="8c84fa94-04c1-424b-9868-57a2d4851a1d" relativeResultsDirectory="c2048b54-6ede-46c7-9643-4dd508dbd894" dataRowInfo="7" resultType="DataDrivenDataRow" />
        <UnitTestResult executionId="27ed76a9-2e31-4968-a474-38e63706b96b" parentExecutionId="c2048b54-6ede-46c7-9643-4dd508dbd894" testId="39dcb97e-c73f-c645-a77c-64d9eba0a3a3" testName="interrogative_sentences_aux" computerName="ARPAN-LAP" duration="00:00:00.0201536" startTime="2014-06-29T11:56:23.6816300+05:30" endTime="2014-06-29T11:56:23.7016311+05:30" testType="13cdc9d9-ddb5-4fa4-a97d-d965ccfc6d4b" outcome="Passed" testListId="8c84fa94-04c1-424b-9868-57a2d4851a1d" relativeResultsDirectory="c2048b54-6ede-46c7-9643-4dd508dbd894" dataRowInfo="8" resultType="DataDrivenDataRow" />
        <UnitTestResult executionId="886d4b64-6aee-44d0-9094-c910d8713534" parentExecutionId="c2048b54-6ede-46c7-9643-4dd508dbd894" testId="39dcb97e-c73f-c645-a77c-64d9eba0a3a3" testName="interrogative_sentences_aux" computerName="ARPAN-LAP" duration="00:00:00.0342224" startTime="2014-06-29T11:56:23.7016311+05:30" endTime="2014-06-29T11:56:23.7366331+05:30" testType="13cdc9d9-ddb5-4fa4-a97d-d965ccfc6d4b" outcome="Passed" testListId="8c84fa94-04c1-424b-9868-57a2d4851a1d" relativeResultsDirectory="c2048b54-6ede-46c7-9643-4dd508dbd894" dataRowInfo="9" resultType="DataDrivenDataRow" />
        <UnitTestResult executionId="1303bde3-daa7-4703-a102-162b057c527f" parentExecutionId="c2048b54-6ede-46c7-9643-4dd508dbd894" testId="39dcb97e-c73f-c645-a77c-64d9eba0a3a3" testName="interrogative_sentences_aux" computerName="ARPAN-LAP" duration="00:00:00.0233754" startTime="2014-06-29T11:56:23.7366331+05:30" endTime="2014-06-29T11:56:23.7596344+05:30" testType="13cdc9d9-ddb5-4fa4-a97d-d965ccfc6d4b" outcome="Passed" testListId="8c84fa94-04c1-424b-9868-57a2d4851a1d" relativeResultsDirectory="c2048b54-6ede-46c7-9643-4dd508dbd894" dataRowInfo="10" resultType="DataDrivenDataRow" />
        <UnitTestResult executionId="3a4498c0-b185-40c9-ba7e-1eef623deda6" parentExecutionId="c2048b54-6ede-46c7-9643-4dd508dbd894" testId="39dcb97e-c73f-c645-a77c-64d9eba0a3a3" testName="interrogative_sentences_aux" computerName="ARPAN-LAP" duration="00:00:00.0202445" startTime="2014-06-29T11:56:23.7596344+05:30" endTime="2014-06-29T11:56:23.7796356+05:30" testType="13cdc9d9-ddb5-4fa4-a97d-d965ccfc6d4b" outcome="Passed" testListId="8c84fa94-04c1-424b-9868-57a2d4851a1d" relativeResultsDirectory="c2048b54-6ede-46c7-9643-4dd508dbd894" dataRowInfo="11" resultType="DataDrivenDataRow" />
        <UnitTestResult executionId="87c5853f-fc29-4fae-8d41-adc01c8369df" parentExecutionId="c2048b54-6ede-46c7-9643-4dd508dbd894" testId="39dcb97e-c73f-c645-a77c-64d9eba0a3a3" testName="interrogative_sentences_aux" computerName="ARPAN-LAP" duration="00:00:00.0187113" startTime="2014-06-29T11:56:23.7796356+05:30" endTime="2014-06-29T11:56:23.7986367+05:30" testType="13cdc9d9-ddb5-4fa4-a97d-d965ccfc6d4b" outcome="Passed" testListId="8c84fa94-04c1-424b-9868-57a2d4851a1d" relativeResultsDirectory="c2048b54-6ede-46c7-9643-4dd508dbd894" dataRowInfo="12" resultType="DataDrivenDataRow" />
        <UnitTestResult executionId="b93713f5-10e4-46cd-8a6c-1e2030293a66" parentExecutionId="c2048b54-6ede-46c7-9643-4dd508dbd894" testId="39dcb97e-c73f-c645-a77c-64d9eba0a3a3" testName="interrogative_sentences_aux" computerName="ARPAN-LAP" duration="00:00:00.0276074" startTime="2014-06-29T11:56:23.7986367+05:30" endTime="2014-06-29T11:56:23.8266383+05:30" testType="13cdc9d9-ddb5-4fa4-a97d-d965ccfc6d4b" outcome="Passed" testListId="8c84fa94-04c1-424b-9868-57a2d4851a1d" relativeResultsDirectory="c2048b54-6ede-46c7-9643-4dd508dbd894" dataRowInfo="13" resultType="DataDrivenDataRow" />
        <UnitTestResult executionId="c11114c1-de12-4789-9011-5f77daf924c5" parentExecutionId="c2048b54-6ede-46c7-9643-4dd508dbd894" testId="39dcb97e-c73f-c645-a77c-64d9eba0a3a3" testName="interrogative_sentences_aux" computerName="ARPAN-LAP" duration="00:00:00.0194427" startTime="2014-06-29T11:56:23.8266383+05:30" endTime="2014-06-29T11:56:23.8456393+05:30" testType="13cdc9d9-ddb5-4fa4-a97d-d965ccfc6d4b" outcome="Passed" testListId="8c84fa94-04c1-424b-9868-57a2d4851a1d" relativeResultsDirectory="c2048b54-6ede-46c7-9643-4dd508dbd894" dataRowInfo="14" resultType="DataDrivenDataRow" />
        <UnitTestResult executionId="605fd121-bec4-47fe-928f-de1df44de664" parentExecutionId="c2048b54-6ede-46c7-9643-4dd508dbd894" testId="39dcb97e-c73f-c645-a77c-64d9eba0a3a3" testName="interrogative_sentences_aux" computerName="ARPAN-LAP" duration="00:00:00.0212228" startTime="2014-06-29T11:56:23.8456393+05:30" endTime="2014-06-29T11:56:23.8676406+05:30" testType="13cdc9d9-ddb5-4fa4-a97d-d965ccfc6d4b" outcome="Passed" testListId="8c84fa94-04c1-424b-9868-57a2d4851a1d" relativeResultsDirectory="c2048b54-6ede-46c7-9643-4dd508dbd894" dataRowInfo="15" resultType="DataDrivenDataRow" />
        <UnitTestResult executionId="7126857e-220b-4cf1-9c9a-c36ca0bd17ee" parentExecutionId="c2048b54-6ede-46c7-9643-4dd508dbd894" testId="39dcb97e-c73f-c645-a77c-64d9eba0a3a3" testName="interrogative_sentences_aux" computerName="ARPAN-LAP" duration="00:00:00.0198133" startTime="2014-06-29T11:56:23.8676406+05:30" endTime="2014-06-29T11:56:23.8866417+05:30" testType="13cdc9d9-ddb5-4fa4-a97d-d965ccfc6d4b" outcome="Passed" testListId="8c84fa94-04c1-424b-9868-57a2d4851a1d" relativeResultsDirectory="c2048b54-6ede-46c7-9643-4dd508dbd894" dataRowInfo="16" resultType="DataDrivenDataRow" />
        <UnitTestResult executionId="25b236a4-ec94-41db-8468-14fb4cdb8e67" parentExecutionId="c2048b54-6ede-46c7-9643-4dd508dbd894" testId="39dcb97e-c73f-c645-a77c-64d9eba0a3a3" testName="interrogative_sentences_aux" computerName="ARPAN-LAP" duration="00:00:00.0304129" startTime="2014-06-29T11:56:23.8866417+05:30" endTime="2014-06-29T11:56:23.9176435+05:30" testType="13cdc9d9-ddb5-4fa4-a97d-d965ccfc6d4b" outcome="Passed" testListId="8c84fa94-04c1-424b-9868-57a2d4851a1d" relativeResultsDirectory="c2048b54-6ede-46c7-9643-4dd508dbd894" dataRowInfo="17" resultType="DataDrivenDataRow" />
        <UnitTestResult executionId="fdf2f5b4-2dad-41b8-b137-699629a0dcff" parentExecutionId="c2048b54-6ede-46c7-9643-4dd508dbd894" testId="39dcb97e-c73f-c645-a77c-64d9eba0a3a3" testName="interrogative_sentences_aux" computerName="ARPAN-LAP" duration="00:00:00.0176052" startTime="2014-06-29T11:56:23.9176435+05:30" endTime="2014-06-29T11:56:23.9356445+05:30" testType="13cdc9d9-ddb5-4fa4-a97d-d965ccfc6d4b" outcome="Passed" testListId="8c84fa94-04c1-424b-9868-57a2d4851a1d" relativeResultsDirectory="c2048b54-6ede-46c7-9643-4dd508dbd894" dataRowInfo="18" resultType="DataDrivenDataRow" />
        <UnitTestResult executionId="8b99e531-f717-46dd-9884-e982f5b611b3" parentExecutionId="c2048b54-6ede-46c7-9643-4dd508dbd894" testId="39dcb97e-c73f-c645-a77c-64d9eba0a3a3" testName="interrogative_sentences_aux" computerName="ARPAN-LAP" duration="00:00:00.0265059" startTime="2014-06-29T11:56:23.9356445+05:30" endTime="2014-06-29T11:56:23.9616460+05:30" testType="13cdc9d9-ddb5-4fa4-a97d-d965ccfc6d4b" outcome="Passed" testListId="8c84fa94-04c1-424b-9868-57a2d4851a1d" relativeResultsDirectory="c2048b54-6ede-46c7-9643-4dd508dbd894" dataRowInfo="19" resultType="DataDrivenDataRow" />
      </InnerResults>
    </UnitTestResult>
    <UnitTestResult executionId="27d83d2c-5743-42b0-a3ff-753a24939d7f" testId="4e91a3b9-9eae-ebff-0b97-303f00578a78" testName="interrogative_sentences_whom" computerName="ARPAN-LAP" duration="00:00:00.0630299" startTime="2014-06-29T11:56:24.0346502+05:30" endTime="2014-06-29T11:56:24.1156548+05:30" testType="13cdc9d9-ddb5-4fa4-a97d-d965ccfc6d4b" outcome="Passed" testListId="8c84fa94-04c1-424b-9868-57a2d4851a1d" relativeResultsDirectory="27d83d2c-5743-42b0-a3ff-753a24939d7f" resultType="DataDrivenTest">
      <Counters error="0" failed="0" timeout="0" aborted="0" inconclusive="0" passedButRunAborted="0" notRunnable="0" notExecuted="0" disconnected="0" warning="0" passed="2" completed="0" inProgress="0" pending="0" />
      <InnerResults>
        <UnitTestResult executionId="00529a79-6c37-45aa-b285-28cbd8236029" parentExecutionId="27d83d2c-5743-42b0-a3ff-753a24939d7f" testId="4e91a3b9-9eae-ebff-0b97-303f00578a78" testName="interrogative_sentences_whom" computerName="ARPAN-LAP" duration="00:00:00.0316971" startTime="2014-06-29T11:56:24.0456508+05:30" endTime="2014-06-29T11:56:24.0776526+05:30" testType="13cdc9d9-ddb5-4fa4-a97d-d965ccfc6d4b" outcome="Passed" testListId="8c84fa94-04c1-424b-9868-57a2d4851a1d" relativeResultsDirectory="27d83d2c-5743-42b0-a3ff-753a24939d7f" dataRowInfo="0" resultType="DataDrivenDataRow" />
        <UnitTestResult executionId="89343aa0-2eae-42c4-8779-75a4943f087b" parentExecutionId="27d83d2c-5743-42b0-a3ff-753a24939d7f" testId="4e91a3b9-9eae-ebff-0b97-303f00578a78" testName="interrogative_sentences_whom" computerName="ARPAN-LAP" duration="00:00:00.0282520" startTime="2014-06-29T11:56:24.0776526+05:30" endTime="2014-06-29T11:56:24.1056542+05:30" testType="13cdc9d9-ddb5-4fa4-a97d-d965ccfc6d4b" outcome="Passed" testListId="8c84fa94-04c1-424b-9868-57a2d4851a1d" relativeResultsDirectory="27d83d2c-5743-42b0-a3ff-753a24939d7f" dataRowInfo="1" resultType="DataDrivenDataRow" />
      </InnerResults>
    </UnitTestResult>
    <UnitTestResult executionId="29bb9c2c-60f3-4451-88c3-e9417734bad7" testId="533e7939-123c-ce84-5c5c-d5a21d1d95b9" testName="special_handling_do_verb" computerName="ARPAN-LAP" duration="00:00:00.4245665" startTime="2014-06-29T11:56:24.1206551+05:30" endTime="2014-06-29T11:56:24.5956822+05:30" testType="13cdc9d9-ddb5-4fa4-a97d-d965ccfc6d4b" outcome="Passed" testListId="8c84fa94-04c1-424b-9868-57a2d4851a1d" relativeResultsDirectory="29bb9c2c-60f3-4451-88c3-e9417734bad7" resultType="DataDrivenTest">
      <Counters error="0" failed="0" timeout="0" aborted="0" inconclusive="0" passedButRunAborted="0" notRunnable="0" notExecuted="0" disconnected="0" warning="0" passed="13" completed="0" inProgress="0" pending="0" />
      <InnerResults>
        <UnitTestResult executionId="4fb5135c-8d3c-4f23-9828-a2ec7da9c8ad" parentExecutionId="29bb9c2c-60f3-4451-88c3-e9417734bad7" testId="533e7939-123c-ce84-5c5c-d5a21d1d95b9" testName="special_handling_do_verb" computerName="ARPAN-LAP" duration="00:00:00.0251401" startTime="2014-06-29T11:56:24.1336558+05:30" endTime="2014-06-29T11:56:24.1586572+05:30" testType="13cdc9d9-ddb5-4fa4-a97d-d965ccfc6d4b" outcome="Passed" testListId="8c84fa94-04c1-424b-9868-57a2d4851a1d" relativeResultsDirectory="29bb9c2c-60f3-4451-88c3-e9417734bad7" dataRowInfo="0" resultType="DataDrivenDataRow" />
        <UnitTestResult executionId="190d913f-f441-4539-81af-5f2d19117746" parentExecutionId="29bb9c2c-60f3-4451-88c3-e9417734bad7" testId="533e7939-123c-ce84-5c5c-d5a21d1d95b9" testName="special_handling_do_verb" computerName="ARPAN-LAP" duration="00:00:00.0257406" startTime="2014-06-29T11:56:24.1586572+05:30" endTime="2014-06-29T11:56:24.1846587+05:30" testType="13cdc9d9-ddb5-4fa4-a97d-d965ccfc6d4b" outcome="Passed" testListId="8c84fa94-04c1-424b-9868-57a2d4851a1d" relativeResultsDirectory="29bb9c2c-60f3-4451-88c3-e9417734bad7" dataRowInfo="1" resultType="DataDrivenDataRow" />
        <UnitTestResult executionId="f401b5fc-c868-448c-ac8b-e61319f2ffca" parentExecutionId="29bb9c2c-60f3-4451-88c3-e9417734bad7" testId="533e7939-123c-ce84-5c5c-d5a21d1d95b9" testName="special_handling_do_verb" computerName="ARPAN-LAP" duration="00:00:00.0290445" startTime="2014-06-29T11:56:24.1846587+05:30" endTime="2014-06-29T11:56:24.2136604+05:30" testType="13cdc9d9-ddb5-4fa4-a97d-d965ccfc6d4b" outcome="Passed" testListId="8c84fa94-04c1-424b-9868-57a2d4851a1d" relativeResultsDirectory="29bb9c2c-60f3-4451-88c3-e9417734bad7" dataRowInfo="2" resultType="DataDrivenDataRow" />
        <UnitTestResult executionId="ca86c8bd-976f-4040-bf0d-4ee39d9e8dfa" parentExecutionId="29bb9c2c-60f3-4451-88c3-e9417734bad7" testId="533e7939-123c-ce84-5c5c-d5a21d1d95b9" testName="special_handling_do_verb" computerName="ARPAN-LAP" duration="00:00:00.0428490" startTime="2014-06-29T11:56:24.2136604+05:30" endTime="2014-06-29T11:56:24.2566629+05:30" testType="13cdc9d9-ddb5-4fa4-a97d-d965ccfc6d4b" outcome="Passed" testListId="8c84fa94-04c1-424b-9868-57a2d4851a1d" relativeResultsDirectory="29bb9c2c-60f3-4451-88c3-e9417734bad7" dataRowInfo="3" resultType="DataDrivenDataRow" />
        <UnitTestResult executionId="f70a12cf-730b-4e74-80af-5f1953c3d4f5" parentExecutionId="29bb9c2c-60f3-4451-88c3-e9417734bad7" testId="533e7939-123c-ce84-5c5c-d5a21d1d95b9" testName="special_handling_do_verb" computerName="ARPAN-LAP" duration="00:00:00.0215856" startTime="2014-06-29T11:56:24.2566629+05:30" endTime="2014-06-29T11:56:24.2776641+05:30" testType="13cdc9d9-ddb5-4fa4-a97d-d965ccfc6d4b" outcome="Passed" testListId="8c84fa94-04c1-424b-9868-57a2d4851a1d" relativeResultsDirectory="29bb9c2c-60f3-4451-88c3-e9417734bad7" dataRowInfo="4" resultType="DataDrivenDataRow" />
        <UnitTestResult executionId="2ac6f274-f124-4fb1-95e0-3660583ed520" parentExecutionId="29bb9c2c-60f3-4451-88c3-e9417734bad7" testId="533e7939-123c-ce84-5c5c-d5a21d1d95b9" testName="special_handling_do_verb" computerName="ARPAN-LAP" duration="00:00:00.0402046" startTime="2014-06-29T11:56:24.2776641+05:30" endTime="2014-06-29T11:56:24.3176663+05:30" testType="13cdc9d9-ddb5-4fa4-a97d-d965ccfc6d4b" outcome="Passed" testListId="8c84fa94-04c1-424b-9868-57a2d4851a1d" relativeResultsDirectory="29bb9c2c-60f3-4451-88c3-e9417734bad7" dataRowInfo="5" resultType="DataDrivenDataRow" />
        <UnitTestResult executionId="7c815ddc-6b68-4103-b35f-be30442792cb" parentExecutionId="29bb9c2c-60f3-4451-88c3-e9417734bad7" testId="533e7939-123c-ce84-5c5c-d5a21d1d95b9" testName="special_handling_do_verb" computerName="ARPAN-LAP" duration="00:00:00.0550013" startTime="2014-06-29T11:56:24.3186664+05:30" endTime="2014-06-29T11:56:24.3736695+05:30" testType="13cdc9d9-ddb5-4fa4-a97d-d965ccfc6d4b" outcome="Passed" testListId="8c84fa94-04c1-424b-9868-57a2d4851a1d" relativeResultsDirectory="29bb9c2c-60f3-4451-88c3-e9417734bad7" dataRowInfo="6" resultType="DataDrivenDataRow" />
        <UnitTestResult executionId="dfe8b600-a045-4100-9740-90eabeb7b583" parentExecutionId="29bb9c2c-60f3-4451-88c3-e9417734bad7" testId="533e7939-123c-ce84-5c5c-d5a21d1d95b9" testName="special_handling_do_verb" computerName="ARPAN-LAP" duration="00:00:00.0326990" startTime="2014-06-29T11:56:24.3736695+05:30" endTime="2014-06-29T11:56:24.4056714+05:30" testType="13cdc9d9-ddb5-4fa4-a97d-d965ccfc6d4b" outcome="Passed" testListId="8c84fa94-04c1-424b-9868-57a2d4851a1d" relativeResultsDirectory="29bb9c2c-60f3-4451-88c3-e9417734bad7" dataRowInfo="7" resultType="DataDrivenDataRow" />
        <UnitTestResult executionId="cb413424-b7a6-4131-864b-0d5ec1ce8957" parentExecutionId="29bb9c2c-60f3-4451-88c3-e9417734bad7" testId="533e7939-123c-ce84-5c5c-d5a21d1d95b9" testName="special_handling_do_verb" computerName="ARPAN-LAP" duration="00:00:00.0226199" startTime="2014-06-29T11:56:24.4056714+05:30" endTime="2014-06-29T11:56:24.4286727+05:30" testType="13cdc9d9-ddb5-4fa4-a97d-d965ccfc6d4b" outcome="Passed" testListId="8c84fa94-04c1-424b-9868-57a2d4851a1d" relativeResultsDirectory="29bb9c2c-60f3-4451-88c3-e9417734bad7" dataRowInfo="8" resultType="DataDrivenDataRow" />
        <UnitTestResult executionId="0e9279bf-5e69-4a33-8d53-4edaa73bd965" parentExecutionId="29bb9c2c-60f3-4451-88c3-e9417734bad7" testId="533e7939-123c-ce84-5c5c-d5a21d1d95b9" testName="special_handling_do_verb" computerName="ARPAN-LAP" duration="00:00:00.0371435" startTime="2014-06-29T11:56:24.4286727+05:30" endTime="2014-06-29T11:56:24.4656748+05:30" testType="13cdc9d9-ddb5-4fa4-a97d-d965ccfc6d4b" outcome="Passed" testListId="8c84fa94-04c1-424b-9868-57a2d4851a1d" relativeResultsDirectory="29bb9c2c-60f3-4451-88c3-e9417734bad7" dataRowInfo="9" resultType="DataDrivenDataRow" />
        <UnitTestResult executionId="dceeab65-593d-485e-8ba7-21cbfc60f7eb" parentExecutionId="29bb9c2c-60f3-4451-88c3-e9417734bad7" testId="533e7939-123c-ce84-5c5c-d5a21d1d95b9" testName="special_handling_do_verb" computerName="ARPAN-LAP" duration="00:00:00.0231629" startTime="2014-06-29T11:56:24.4656748+05:30" endTime="2014-06-29T11:56:24.4886761+05:30" testType="13cdc9d9-ddb5-4fa4-a97d-d965ccfc6d4b" outcome="Passed" testListId="8c84fa94-04c1-424b-9868-57a2d4851a1d" relativeResultsDirectory="29bb9c2c-60f3-4451-88c3-e9417734bad7" dataRowInfo="10" resultType="DataDrivenDataRow" />
        <UnitTestResult executionId="73587fe8-5821-4443-8778-dc4a92b6fc18" parentExecutionId="29bb9c2c-60f3-4451-88c3-e9417734bad7" testId="533e7939-123c-ce84-5c5c-d5a21d1d95b9" testName="special_handling_do_verb" computerName="ARPAN-LAP" duration="00:00:00.0350657" startTime="2014-06-29T11:56:24.4886761+05:30" endTime="2014-06-29T11:56:24.5246782+05:30" testType="13cdc9d9-ddb5-4fa4-a97d-d965ccfc6d4b" outcome="Passed" testListId="8c84fa94-04c1-424b-9868-57a2d4851a1d" relativeResultsDirectory="29bb9c2c-60f3-4451-88c3-e9417734bad7" dataRowInfo="11" resultType="DataDrivenDataRow" />
        <UnitTestResult executionId="8f7c97ae-b72a-4eaa-ade2-9fb4a1d93f04" parentExecutionId="29bb9c2c-60f3-4451-88c3-e9417734bad7" testId="533e7939-123c-ce84-5c5c-d5a21d1d95b9" testName="special_handling_do_verb" computerName="ARPAN-LAP" duration="00:00:00.0315739" startTime="2014-06-29T11:56:24.5246782+05:30" endTime="2014-06-29T11:56:24.5556800+05:30" testType="13cdc9d9-ddb5-4fa4-a97d-d965ccfc6d4b" outcome="Passed" testListId="8c84fa94-04c1-424b-9868-57a2d4851a1d" relativeResultsDirectory="29bb9c2c-60f3-4451-88c3-e9417734bad7" dataRowInfo="12" resultType="DataDrivenDataRow" />
      </InnerResults>
    </UnitTestResult>
    <UnitTestResult executionId="b5bda370-57ef-42a6-ac88-cf3c485db6ac" testId="642ce34f-0ed4-f995-637b-09297c832f2a" testName="RandomWord" computerName="ARPAN-LAP" duration="00:00:00.1616584" startTime="2014-06-29T11:56:24.6056828+05:30" endTime="2014-06-29T11:56:24.7776927+05:30" testType="13cdc9d9-ddb5-4fa4-a97d-d965ccfc6d4b" outcome="Failed" testListId="8c84fa94-04c1-424b-9868-57a2d4851a1d" relativeResultsDirectory="b5bda370-57ef-42a6-ac88-cf3c485db6ac" resultType="DataDrivenTest">
      <Counters error="0" failed="1" timeout="0" aborted="0" inconclusive="0" passedButRunAborted="0" notRunnable="0" notExecuted="0" disconnected="0" warning="0" passed="0" completed="0" inProgress="0" pending="0" />
      <InnerResults>
        <UnitTestResult executionId="098c0393-c2f6-4083-accc-9edd226a2834" parentExecutionId="b5bda370-57ef-42a6-ac88-cf3c485db6ac" testId="642ce34f-0ed4-f995-637b-09297c832f2a" testName="RandomWord" computerName="ARPAN-LAP" duration="00:00:00.1576302" startTime="2014-06-29T11:56:24.6136833+05:30" endTime="2014-06-29T11:56:24.7706923+05:30" testType="13cdc9d9-ddb5-4fa4-a97d-d965ccfc6d4b" outcome="Failed" testListId="8c84fa94-04c1-424b-9868-57a2d4851a1d" relativeResultsDirectory="b5bda370-57ef-42a6-ac88-cf3c485db6ac" dataRowInfo="0" resultType="DataDrivenDataRow">
          <Output>
            <ErrorInfo>
              <Message>Assert.AreEqual failed. Expected:&lt;পূর্ব সলোমন এর নৌ যুদ্ধ ২৪–২৫ অগষ্ট ১৯৪২ য়ে স্থান গ্রহণ করেছিল , এবং দ্বিতীয় বিশ্ব যুদ্ধ এর প্রশান্ত মহাসাগর সংগঠিত প্রচারকার্য এর তৃতীয় যুদ্ধ বাহক ।&gt;. Actual:&lt;পূর্ব সলোমন এর নৌ যুদ্ধ ২৪–২৫ অগষ্ট ১৯৪২ য়ে স্থান গ্রহণ করেছিল , এবং দ্বিতীয় বিশ্ব যুদ্ধ এর pacific:NP সংগঠিত প্রচারকার্য এর তৃতীয় যুদ্ধ বাহক ।&gt;. The naval Battle of the Eastern Solomons took place on 24–25 August 1942, and was the third carrier battle of the Pacific campaign of second World War.</Message>
              <StackTrace>   at UnitTest.BnlpTest.RandomWord() in D:\software\Project\BNLP\UnitTest\BnlpTest.cs:line 526
</StackTrace>
            </ErrorInfo>
          </Output>
        </UnitTestResult>
      </InnerResults>
    </UnitTestResult>
    <UnitTestResult executionId="777cf486-2faf-4a0b-9f5c-80034103ddf3" testId="783915fe-114a-e353-78dd-56e92a60f942" testName="all_persons_modal_should" computerName="ARPAN-LAP" duration="00:00:00.5277375" startTime="2014-06-29T11:56:24.7826929+05:30" endTime="2014-06-29T11:56:25.3697265+05:30" testType="13cdc9d9-ddb5-4fa4-a97d-d965ccfc6d4b" outcome="Passed" testListId="8c84fa94-04c1-424b-9868-57a2d4851a1d" relativeResultsDirectory="777cf486-2faf-4a0b-9f5c-80034103ddf3" resultType="DataDrivenTest">
      <Counters error="0" failed="0" timeout="0" aborted="0" inconclusive="0" passedButRunAborted="0" notRunnable="0" notExecuted="0" disconnected="0" warning="0" passed="17" completed="0" inProgress="0" pending="0" />
      <InnerResults>
        <UnitTestResult executionId="d8981150-571c-4df1-a3ea-0a8ecd97f075" parentExecutionId="777cf486-2faf-4a0b-9f5c-80034103ddf3" testId="783915fe-114a-e353-78dd-56e92a60f942" testName="all_persons_modal_should" computerName="ARPAN-LAP" duration="00:00:00.0263062" startTime="2014-06-29T11:56:24.7906934+05:30" endTime="2014-06-29T11:56:24.8176949+05:30" testType="13cdc9d9-ddb5-4fa4-a97d-d965ccfc6d4b" outcome="Passed" testListId="8c84fa94-04c1-424b-9868-57a2d4851a1d" relativeResultsDirectory="777cf486-2faf-4a0b-9f5c-80034103ddf3" dataRowInfo="0" resultType="DataDrivenDataRow" />
        <UnitTestResult executionId="63e83504-7f93-4c2f-a9da-4900cea54942" parentExecutionId="777cf486-2faf-4a0b-9f5c-80034103ddf3" testId="783915fe-114a-e353-78dd-56e92a60f942" testName="all_persons_modal_should" computerName="ARPAN-LAP" duration="00:00:00.0301193" startTime="2014-06-29T11:56:24.8176949+05:30" endTime="2014-06-29T11:56:24.8476967+05:30" testType="13cdc9d9-ddb5-4fa4-a97d-d965ccfc6d4b" outcome="Passed" testListId="8c84fa94-04c1-424b-9868-57a2d4851a1d" relativeResultsDirectory="777cf486-2faf-4a0b-9f5c-80034103ddf3" dataRowInfo="1" resultType="DataDrivenDataRow" />
        <UnitTestResult executionId="12f9826a-8a6e-4aa9-bedb-11f670fe2056" parentExecutionId="777cf486-2faf-4a0b-9f5c-80034103ddf3" testId="783915fe-114a-e353-78dd-56e92a60f942" testName="all_persons_modal_should" computerName="ARPAN-LAP" duration="00:00:00.0393090" startTime="2014-06-29T11:56:24.8476967+05:30" endTime="2014-06-29T11:56:24.8866989+05:30" testType="13cdc9d9-ddb5-4fa4-a97d-d965ccfc6d4b" outcome="Passed" testListId="8c84fa94-04c1-424b-9868-57a2d4851a1d" relativeResultsDirectory="777cf486-2faf-4a0b-9f5c-80034103ddf3" dataRowInfo="2" resultType="DataDrivenDataRow" />
        <UnitTestResult executionId="8d4d9749-481a-465f-96d9-e5e02d5ce7ad" parentExecutionId="777cf486-2faf-4a0b-9f5c-80034103ddf3" testId="783915fe-114a-e353-78dd-56e92a60f942" testName="all_persons_modal_should" computerName="ARPAN-LAP" duration="00:00:00.0541328" startTime="2014-06-29T11:56:24.8866989+05:30" endTime="2014-06-29T11:56:24.9417020+05:30" testType="13cdc9d9-ddb5-4fa4-a97d-d965ccfc6d4b" outcome="Passed" testListId="8c84fa94-04c1-424b-9868-57a2d4851a1d" relativeResultsDirectory="777cf486-2faf-4a0b-9f5c-80034103ddf3" dataRowInfo="3" resultType="DataDrivenDataRow" />
        <UnitTestResult executionId="f852a7dd-7e5b-49aa-a13e-48797d512d11" parentExecutionId="777cf486-2faf-4a0b-9f5c-80034103ddf3" testId="783915fe-114a-e353-78dd-56e92a60f942" testName="all_persons_modal_should" computerName="ARPAN-LAP" duration="00:00:00.0204826" startTime="2014-06-29T11:56:24.9417020+05:30" endTime="2014-06-29T11:56:24.9617032+05:30" testType="13cdc9d9-ddb5-4fa4-a97d-d965ccfc6d4b" outcome="Passed" testListId="8c84fa94-04c1-424b-9868-57a2d4851a1d" relativeResultsDirectory="777cf486-2faf-4a0b-9f5c-80034103ddf3" dataRowInfo="4" resultType="DataDrivenDataRow" />
        <UnitTestResult executionId="b3d70464-7419-43b1-91ca-77bee8e95898" parentExecutionId="777cf486-2faf-4a0b-9f5c-80034103ddf3" testId="783915fe-114a-e353-78dd-56e92a60f942" testName="all_persons_modal_should" computerName="ARPAN-LAP" duration="00:00:00.0253408" startTime="2014-06-29T11:56:24.9617032+05:30" endTime="2014-06-29T11:56:24.9867046+05:30" testType="13cdc9d9-ddb5-4fa4-a97d-d965ccfc6d4b" outcome="Passed" testListId="8c84fa94-04c1-424b-9868-57a2d4851a1d" relativeResultsDirectory="777cf486-2faf-4a0b-9f5c-80034103ddf3" dataRowInfo="5" resultType="DataDrivenDataRow" />
        <UnitTestResult executionId="091ceb6f-916e-450d-ad73-d7d20ac1d84a" parentExecutionId="777cf486-2faf-4a0b-9f5c-80034103ddf3" testId="783915fe-114a-e353-78dd-56e92a60f942" testName="all_persons_modal_should" computerName="ARPAN-LAP" duration="00:00:00.0271295" startTime="2014-06-29T11:56:24.9867046+05:30" endTime="2014-06-29T11:56:25.0147062+05:30" testType="13cdc9d9-ddb5-4fa4-a97d-d965ccfc6d4b" outcome="Passed" testListId="8c84fa94-04c1-424b-9868-57a2d4851a1d" relativeResultsDirectory="777cf486-2faf-4a0b-9f5c-80034103ddf3" dataRowInfo="6" resultType="DataDrivenDataRow" />
        <UnitTestResult executionId="a93e6562-f1b8-45d7-b384-726bf51e3df7" parentExecutionId="777cf486-2faf-4a0b-9f5c-80034103ddf3" testId="783915fe-114a-e353-78dd-56e92a60f942" testName="all_persons_modal_should" computerName="ARPAN-LAP" duration="00:00:00.0302497" startTime="2014-06-29T11:56:25.0147062+05:30" endTime="2014-06-29T11:56:25.0447079+05:30" testType="13cdc9d9-ddb5-4fa4-a97d-d965ccfc6d4b" outcome="Passed" testListId="8c84fa94-04c1-424b-9868-57a2d4851a1d" relativeResultsDirectory="777cf486-2faf-4a0b-9f5c-80034103ddf3" dataRowInfo="7" resultType="DataDrivenDataRow" />
        <UnitTestResult executionId="a782f79f-f854-4a92-b959-d7465464b9f7" parentExecutionId="777cf486-2faf-4a0b-9f5c-80034103ddf3" testId="783915fe-114a-e353-78dd-56e92a60f942" testName="all_persons_modal_should" computerName="ARPAN-LAP" duration="00:00:00.0186708" startTime="2014-06-29T11:56:25.0447079+05:30" endTime="2014-06-29T11:56:25.0637090+05:30" testType="13cdc9d9-ddb5-4fa4-a97d-d965ccfc6d4b" outcome="Passed" testListId="8c84fa94-04c1-424b-9868-57a2d4851a1d" relativeResultsDirectory="777cf486-2faf-4a0b-9f5c-80034103ddf3" dataRowInfo="8" resultType="DataDrivenDataRow" />
        <UnitTestResult executionId="4bc448b8-3dff-488f-8d7c-7e2816a7ba1a" parentExecutionId="777cf486-2faf-4a0b-9f5c-80034103ddf3" testId="783915fe-114a-e353-78dd-56e92a60f942" testName="all_persons_modal_should" computerName="ARPAN-LAP" duration="00:00:00.0447014" startTime="2014-06-29T11:56:25.0637090+05:30" endTime="2014-06-29T11:56:25.1077115+05:30" testType="13cdc9d9-ddb5-4fa4-a97d-d965ccfc6d4b" outcome="Passed" testListId="8c84fa94-04c1-424b-9868-57a2d4851a1d" relativeResultsDirectory="777cf486-2faf-4a0b-9f5c-80034103ddf3" dataRowInfo="9" resultType="DataDrivenDataRow" />
        <UnitTestResult executionId="c9e543ab-8657-42f0-8f7c-e5706161b015" parentExecutionId="777cf486-2faf-4a0b-9f5c-80034103ddf3" testId="783915fe-114a-e353-78dd-56e92a60f942" testName="all_persons_modal_should" computerName="ARPAN-LAP" duration="00:00:00.0273225" startTime="2014-06-29T11:56:25.1077115+05:30" endTime="2014-06-29T11:56:25.1357131+05:30" testType="13cdc9d9-ddb5-4fa4-a97d-d965ccfc6d4b" outcome="Passed" testListId="8c84fa94-04c1-424b-9868-57a2d4851a1d" relativeResultsDirectory="777cf486-2faf-4a0b-9f5c-80034103ddf3" dataRowInfo="10" resultType="DataDrivenDataRow" />
        <UnitTestResult executionId="15ede71f-a182-4645-a1a7-9ec60e6db916" parentExecutionId="777cf486-2faf-4a0b-9f5c-80034103ddf3" testId="783915fe-114a-e353-78dd-56e92a60f942" testName="all_persons_modal_should" computerName="ARPAN-LAP" duration="00:00:00.0364860" startTime="2014-06-29T11:56:25.1357131+05:30" endTime="2014-06-29T11:56:25.1717152+05:30" testType="13cdc9d9-ddb5-4fa4-a97d-d965ccfc6d4b" outcome="Passed" testListId="8c84fa94-04c1-424b-9868-57a2d4851a1d" relativeResultsDirectory="777cf486-2faf-4a0b-9f5c-80034103ddf3" dataRowInfo="11" resultType="DataDrivenDataRow" />
        <UnitTestResult executionId="27d4b889-e7ee-43ec-bba7-6d386cbe0bbc" parentExecutionId="777cf486-2faf-4a0b-9f5c-80034103ddf3" testId="783915fe-114a-e353-78dd-56e92a60f942" testName="all_persons_modal_should" computerName="ARPAN-LAP" duration="00:00:00.0258812" startTime="2014-06-29T11:56:25.1717152+05:30" endTime="2014-06-29T11:56:25.1977167+05:30" testType="13cdc9d9-ddb5-4fa4-a97d-d965ccfc6d4b" outcome="Passed" testListId="8c84fa94-04c1-424b-9868-57a2d4851a1d" relativeResultsDirectory="777cf486-2faf-4a0b-9f5c-80034103ddf3" dataRowInfo="12" resultType="DataDrivenDataRow" />
        <UnitTestResult executionId="b2fbb4bd-b995-4ff8-a42e-a02404995e6d" parentExecutionId="777cf486-2faf-4a0b-9f5c-80034103ddf3" testId="783915fe-114a-e353-78dd-56e92a60f942" testName="all_persons_modal_should" computerName="ARPAN-LAP" duration="00:00:00.0293617" startTime="2014-06-29T11:56:25.1977167+05:30" endTime="2014-06-29T11:56:25.2277184+05:30" testType="13cdc9d9-ddb5-4fa4-a97d-d965ccfc6d4b" outcome="Passed" testListId="8c84fa94-04c1-424b-9868-57a2d4851a1d" relativeResultsDirectory="777cf486-2faf-4a0b-9f5c-80034103ddf3" dataRowInfo="13" resultType="DataDrivenDataRow" />
        <UnitTestResult executionId="f7b68abc-e2f0-405c-911e-cc51a951b38d" parentExecutionId="777cf486-2faf-4a0b-9f5c-80034103ddf3" testId="783915fe-114a-e353-78dd-56e92a60f942" testName="all_persons_modal_should" computerName="ARPAN-LAP" duration="00:00:00.0329854" startTime="2014-06-29T11:56:25.2277184+05:30" endTime="2014-06-29T11:56:25.2607203+05:30" testType="13cdc9d9-ddb5-4fa4-a97d-d965ccfc6d4b" outcome="Passed" testListId="8c84fa94-04c1-424b-9868-57a2d4851a1d" relativeResultsDirectory="777cf486-2faf-4a0b-9f5c-80034103ddf3" dataRowInfo="14" resultType="DataDrivenDataRow" />
        <UnitTestResult executionId="1e030828-7804-4407-9255-4697e3c91f7c" parentExecutionId="777cf486-2faf-4a0b-9f5c-80034103ddf3" testId="783915fe-114a-e353-78dd-56e92a60f942" testName="all_persons_modal_should" computerName="ARPAN-LAP" duration="00:00:00.0250564" startTime="2014-06-29T11:56:25.2607203+05:30" endTime="2014-06-29T11:56:25.2857217+05:30" testType="13cdc9d9-ddb5-4fa4-a97d-d965ccfc6d4b" outcome="Passed" testListId="8c84fa94-04c1-424b-9868-57a2d4851a1d" relativeResultsDirectory="777cf486-2faf-4a0b-9f5c-80034103ddf3" dataRowInfo="15" resultType="DataDrivenDataRow" />
        <UnitTestResult executionId="e4d991fd-41c6-4a01-a04e-056d0aa74623" parentExecutionId="777cf486-2faf-4a0b-9f5c-80034103ddf3" testId="783915fe-114a-e353-78dd-56e92a60f942" testName="all_persons_modal_should" computerName="ARPAN-LAP" duration="00:00:00.0312839" startTime="2014-06-29T11:56:25.2857217+05:30" endTime="2014-06-29T11:56:25.3167235+05:30" testType="13cdc9d9-ddb5-4fa4-a97d-d965ccfc6d4b" outcome="Passed" testListId="8c84fa94-04c1-424b-9868-57a2d4851a1d" relativeResultsDirectory="777cf486-2faf-4a0b-9f5c-80034103ddf3" dataRowInfo="16" resultType="DataDrivenDataRow" />
      </InnerResults>
    </UnitTestResult>
    <UnitTestResult executionId="b1e20be2-5e3a-4b2b-9ef1-9ce69988cf32" testId="7f7910d1-dc89-39b4-b4cf-d9e6d7af9420" testName="interrogative_sentences_what" computerName="ARPAN-LAP" duration="00:00:00.2446377" startTime="2014-06-29T11:56:25.3807271+05:30" endTime="2014-06-29T11:56:25.6777441+05:30" testType="13cdc9d9-ddb5-4fa4-a97d-d965ccfc6d4b" outcome="Passed" testListId="8c84fa94-04c1-424b-9868-57a2d4851a1d" relativeResultsDirectory="b1e20be2-5e3a-4b2b-9ef1-9ce69988cf32" resultType="DataDrivenTest">
      <Counters error="0" failed="0" timeout="0" aborted="0" inconclusive="0" passedButRunAborted="0" notRunnable="0" notExecuted="0" disconnected="0" warning="0" passed="9" completed="0" inProgress="0" pending="0" />
      <InnerResults>
        <UnitTestResult executionId="3ecaa4b1-8ad5-43bf-a78e-b53204dcbb7d" parentExecutionId="b1e20be2-5e3a-4b2b-9ef1-9ce69988cf32" testId="7f7910d1-dc89-39b4-b4cf-d9e6d7af9420" testName="interrogative_sentences_what" computerName="ARPAN-LAP" duration="00:00:00.0260249" startTime="2014-06-29T11:56:25.3887276+05:30" endTime="2014-06-29T11:56:25.4147291+05:30" testType="13cdc9d9-ddb5-4fa4-a97d-d965ccfc6d4b" outcome="Passed" testListId="8c84fa94-04c1-424b-9868-57a2d4851a1d" relativeResultsDirectory="b1e20be2-5e3a-4b2b-9ef1-9ce69988cf32" dataRowInfo="0" resultType="DataDrivenDataRow" />
        <UnitTestResult executionId="d5650718-7484-45f3-9203-5cfa82153920" parentExecutionId="b1e20be2-5e3a-4b2b-9ef1-9ce69988cf32" testId="7f7910d1-dc89-39b4-b4cf-d9e6d7af9420" testName="interrogative_sentences_what" computerName="ARPAN-LAP" duration="00:00:00.0228411" startTime="2014-06-29T11:56:25.4147291+05:30" endTime="2014-06-29T11:56:25.4377304+05:30" testType="13cdc9d9-ddb5-4fa4-a97d-d965ccfc6d4b" outcome="Passed" testListId="8c84fa94-04c1-424b-9868-57a2d4851a1d" relativeResultsDirectory="b1e20be2-5e3a-4b2b-9ef1-9ce69988cf32" dataRowInfo="1" resultType="DataDrivenDataRow" />
        <UnitTestResult executionId="9042b7f3-50af-42ef-979a-b61e0c939344" parentExecutionId="b1e20be2-5e3a-4b2b-9ef1-9ce69988cf32" testId="7f7910d1-dc89-39b4-b4cf-d9e6d7af9420" testName="interrogative_sentences_what" computerName="ARPAN-LAP" duration="00:00:00.0299376" startTime="2014-06-29T11:56:25.4377304+05:30" endTime="2014-06-29T11:56:25.4677321+05:30" testType="13cdc9d9-ddb5-4fa4-a97d-d965ccfc6d4b" outcome="Passed" testListId="8c84fa94-04c1-424b-9868-57a2d4851a1d" relativeResultsDirectory="b1e20be2-5e3a-4b2b-9ef1-9ce69988cf32" dataRowInfo="2" resultType="DataDrivenDataRow" />
        <UnitTestResult executionId="1672d34d-6c17-46f5-af32-79a84ee88141" parentExecutionId="b1e20be2-5e3a-4b2b-9ef1-9ce69988cf32" testId="7f7910d1-dc89-39b4-b4cf-d9e6d7af9420" testName="interrogative_sentences_what" computerName="ARPAN-LAP" duration="00:00:00.0237137" startTime="2014-06-29T11:56:25.4677321+05:30" endTime="2014-06-29T11:56:25.4907334+05:30" testType="13cdc9d9-ddb5-4fa4-a97d-d965ccfc6d4b" outcome="Passed" testListId="8c84fa94-04c1-424b-9868-57a2d4851a1d" relativeResultsDirectory="b1e20be2-5e3a-4b2b-9ef1-9ce69988cf32" dataRowInfo="3" resultType="DataDrivenDataRow" />
        <UnitTestResult executionId="0920a22b-e583-4fce-82b8-4754b09e8b68" parentExecutionId="b1e20be2-5e3a-4b2b-9ef1-9ce69988cf32" testId="7f7910d1-dc89-39b4-b4cf-d9e6d7af9420" testName="interrogative_sentences_what" computerName="ARPAN-LAP" duration="00:00:00.0235982" startTime="2014-06-29T11:56:25.4907334+05:30" endTime="2014-06-29T11:56:25.5147348+05:30" testType="13cdc9d9-ddb5-4fa4-a97d-d965ccfc6d4b" outcome="Passed" testListId="8c84fa94-04c1-424b-9868-57a2d4851a1d" relativeResultsDirectory="b1e20be2-5e3a-4b2b-9ef1-9ce69988cf32" dataRowInfo="4" resultType="DataDrivenDataRow" />
        <UnitTestResult executionId="3b0e521c-b417-4b75-a9b4-52fef5a164a6" parentExecutionId="b1e20be2-5e3a-4b2b-9ef1-9ce69988cf32" testId="7f7910d1-dc89-39b4-b4cf-d9e6d7af9420" testName="interrogative_sentences_what" computerName="ARPAN-LAP" duration="00:00:00.0303303" startTime="2014-06-29T11:56:25.5147348+05:30" endTime="2014-06-29T11:56:25.5447365+05:30" testType="13cdc9d9-ddb5-4fa4-a97d-d965ccfc6d4b" outcome="Passed" testListId="8c84fa94-04c1-424b-9868-57a2d4851a1d" relativeResultsDirectory="b1e20be2-5e3a-4b2b-9ef1-9ce69988cf32" dataRowInfo="5" resultType="DataDrivenDataRow" />
        <UnitTestResult executionId="f8e45896-31b7-4604-8124-1016cb00fc54" parentExecutionId="b1e20be2-5e3a-4b2b-9ef1-9ce69988cf32" testId="7f7910d1-dc89-39b4-b4cf-d9e6d7af9420" testName="interrogative_sentences_what" computerName="ARPAN-LAP" duration="00:00:00.0262662" startTime="2014-06-29T11:56:25.5447365+05:30" endTime="2014-06-29T11:56:25.5717381+05:30" testType="13cdc9d9-ddb5-4fa4-a97d-d965ccfc6d4b" outcome="Passed" testListId="8c84fa94-04c1-424b-9868-57a2d4851a1d" relativeResultsDirectory="b1e20be2-5e3a-4b2b-9ef1-9ce69988cf32" dataRowInfo="6" resultType="DataDrivenDataRow" />
        <UnitTestResult executionId="fb4851c6-c0e1-4db2-a2ee-6929b42e5f98" parentExecutionId="b1e20be2-5e3a-4b2b-9ef1-9ce69988cf32" testId="7f7910d1-dc89-39b4-b4cf-d9e6d7af9420" testName="interrogative_sentences_what" computerName="ARPAN-LAP" duration="00:00:00.0258407" startTime="2014-06-29T11:56:25.5717381+05:30" endTime="2014-06-29T11:56:25.5977396+05:30" testType="13cdc9d9-ddb5-4fa4-a97d-d965ccfc6d4b" outcome="Passed" testListId="8c84fa94-04c1-424b-9868-57a2d4851a1d" relativeResultsDirectory="b1e20be2-5e3a-4b2b-9ef1-9ce69988cf32" dataRowInfo="7" resultType="DataDrivenDataRow" />
        <UnitTestResult executionId="df398675-9d1e-43a1-b01f-173bc86a3a30" parentExecutionId="b1e20be2-5e3a-4b2b-9ef1-9ce69988cf32" testId="7f7910d1-dc89-39b4-b4cf-d9e6d7af9420" testName="interrogative_sentences_what" computerName="ARPAN-LAP" duration="00:00:00.0331671" startTime="2014-06-29T11:56:25.5977396+05:30" endTime="2014-06-29T11:56:25.6307414+05:30" testType="13cdc9d9-ddb5-4fa4-a97d-d965ccfc6d4b" outcome="Passed" testListId="8c84fa94-04c1-424b-9868-57a2d4851a1d" relativeResultsDirectory="b1e20be2-5e3a-4b2b-9ef1-9ce69988cf32" dataRowInfo="8" resultType="DataDrivenDataRow" />
      </InnerResults>
    </UnitTestResult>
    <UnitTestResult executionId="7d78dd9a-2903-491c-9598-9502a42e3a10" testId="83c68223-dcaa-51dd-423f-434210a59f77" testName="second_person_tenses_active_negation" computerName="ARPAN-LAP" duration="00:00:00.2856625" startTime="2014-06-29T11:56:25.6987453+05:30" endTime="2014-06-29T11:56:26.0667664+05:30" testType="13cdc9d9-ddb5-4fa4-a97d-d965ccfc6d4b" outcome="Passed" testListId="8c84fa94-04c1-424b-9868-57a2d4851a1d" relativeResultsDirectory="7d78dd9a-2903-491c-9598-9502a42e3a10" resultType="DataDrivenTest">
      <Counters error="0" failed="0" timeout="0" aborted="0" inconclusive="0" passedButRunAborted="0" notRunnable="0" notExecuted="0" disconnected="0" warning="0" passed="10" completed="0" inProgress="0" pending="0" />
      <InnerResults>
        <UnitTestResult executionId="67a7cd43-5e68-466f-a8a9-c33b99eaced5" parentExecutionId="7d78dd9a-2903-491c-9598-9502a42e3a10" testId="83c68223-dcaa-51dd-423f-434210a59f77" testName="second_person_tenses_active_negation" computerName="ARPAN-LAP" duration="00:00:00.0390174" startTime="2014-06-29T11:56:25.7257469+05:30" endTime="2014-06-29T11:56:25.7647491+05:30" testType="13cdc9d9-ddb5-4fa4-a97d-d965ccfc6d4b" outcome="Passed" testListId="8c84fa94-04c1-424b-9868-57a2d4851a1d" relativeResultsDirectory="7d78dd9a-2903-491c-9598-9502a42e3a10" dataRowInfo="0" resultType="DataDrivenDataRow" />
        <UnitTestResult executionId="26eb94d0-0cb8-4785-b703-ec55af1bbccc" parentExecutionId="7d78dd9a-2903-491c-9598-9502a42e3a10" testId="83c68223-dcaa-51dd-423f-434210a59f77" testName="second_person_tenses_active_negation" computerName="ARPAN-LAP" duration="00:00:00.0269873" startTime="2014-06-29T11:56:25.7647491+05:30" endTime="2014-06-29T11:56:25.7917507+05:30" testType="13cdc9d9-ddb5-4fa4-a97d-d965ccfc6d4b" outcome="Passed" testListId="8c84fa94-04c1-424b-9868-57a2d4851a1d" relativeResultsDirectory="7d78dd9a-2903-491c-9598-9502a42e3a10" dataRowInfo="1" resultType="DataDrivenDataRow" />
        <UnitTestResult executionId="6f5bc476-fdb8-4015-a8f9-f7b4b490785b" parentExecutionId="7d78dd9a-2903-491c-9598-9502a42e3a10" testId="83c68223-dcaa-51dd-423f-434210a59f77" testName="second_person_tenses_active_negation" computerName="ARPAN-LAP" duration="00:00:00.0220265" startTime="2014-06-29T11:56:25.7917507+05:30" endTime="2014-06-29T11:56:25.8137519+05:30" testType="13cdc9d9-ddb5-4fa4-a97d-d965ccfc6d4b" outcome="Passed" testListId="8c84fa94-04c1-424b-9868-57a2d4851a1d" relativeResultsDirectory="7d78dd9a-2903-491c-9598-9502a42e3a10" dataRowInfo="2" resultType="DataDrivenDataRow" />
        <UnitTestResult executionId="88147308-5961-44fa-9d7e-cf5fc0ef46a6" parentExecutionId="7d78dd9a-2903-491c-9598-9502a42e3a10" testId="83c68223-dcaa-51dd-423f-434210a59f77" testName="second_person_tenses_active_negation" computerName="ARPAN-LAP" duration="00:00:00.0322432" startTime="2014-06-29T11:56:25.8137519+05:30" endTime="2014-06-29T11:56:25.8457537+05:30" testType="13cdc9d9-ddb5-4fa4-a97d-d965ccfc6d4b" outcome="Passed" testListId="8c84fa94-04c1-424b-9868-57a2d4851a1d" relativeResultsDirectory="7d78dd9a-2903-491c-9598-9502a42e3a10" dataRowInfo="3" resultType="DataDrivenDataRow" />
        <UnitTestResult executionId="4ae084c0-b86a-4118-97da-405223233aff" parentExecutionId="7d78dd9a-2903-491c-9598-9502a42e3a10" testId="83c68223-dcaa-51dd-423f-434210a59f77" testName="second_person_tenses_active_negation" computerName="ARPAN-LAP" duration="00:00:00.0255989" startTime="2014-06-29T11:56:25.8457537+05:30" endTime="2014-06-29T11:56:25.8717552+05:30" testType="13cdc9d9-ddb5-4fa4-a97d-d965ccfc6d4b" outcome="Passed" testListId="8c84fa94-04c1-424b-9868-57a2d4851a1d" relativeResultsDirectory="7d78dd9a-2903-491c-9598-9502a42e3a10" dataRowInfo="4" resultType="DataDrivenDataRow" />
        <UnitTestResult executionId="fab4575b-d2b3-429b-adc7-dc94568c6848" parentExecutionId="7d78dd9a-2903-491c-9598-9502a42e3a10" testId="83c68223-dcaa-51dd-423f-434210a59f77" testName="second_person_tenses_active_negation" computerName="ARPAN-LAP" duration="00:00:00.0226538" startTime="2014-06-29T11:56:25.8717552+05:30" endTime="2014-06-29T11:56:25.8947565+05:30" testType="13cdc9d9-ddb5-4fa4-a97d-d965ccfc6d4b" outcome="Passed" testListId="8c84fa94-04c1-424b-9868-57a2d4851a1d" relativeResultsDirectory="7d78dd9a-2903-491c-9598-9502a42e3a10" dataRowInfo="5" resultType="DataDrivenDataRow" />
        <UnitTestResult executionId="7f825be1-44ff-4951-b3f4-aaffa3dd1484" parentExecutionId="7d78dd9a-2903-491c-9598-9502a42e3a10" testId="83c68223-dcaa-51dd-423f-434210a59f77" testName="second_person_tenses_active_negation" computerName="ARPAN-LAP" duration="00:00:00.0247351" startTime="2014-06-29T11:56:25.8947565+05:30" endTime="2014-06-29T11:56:25.9197580+05:30" testType="13cdc9d9-ddb5-4fa4-a97d-d965ccfc6d4b" outcome="Passed" testListId="8c84fa94-04c1-424b-9868-57a2d4851a1d" relativeResultsDirectory="7d78dd9a-2903-491c-9598-9502a42e3a10" dataRowInfo="6" resultType="DataDrivenDataRow" />
        <UnitTestResult executionId="b24a9db3-9eba-48ab-be44-5e9f6670a5d4" parentExecutionId="7d78dd9a-2903-491c-9598-9502a42e3a10" testId="83c68223-dcaa-51dd-423f-434210a59f77" testName="second_person_tenses_active_negation" computerName="ARPAN-LAP" duration="00:00:00.0321437" startTime="2014-06-29T11:56:25.9197580+05:30" endTime="2014-06-29T11:56:25.9517598+05:30" testType="13cdc9d9-ddb5-4fa4-a97d-d965ccfc6d4b" outcome="Passed" testListId="8c84fa94-04c1-424b-9868-57a2d4851a1d" relativeResultsDirectory="7d78dd9a-2903-491c-9598-9502a42e3a10" dataRowInfo="7" resultType="DataDrivenDataRow" />
        <UnitTestResult executionId="a18e6d1c-48ca-4174-bebf-f2820f494e46" parentExecutionId="7d78dd9a-2903-491c-9598-9502a42e3a10" testId="83c68223-dcaa-51dd-423f-434210a59f77" testName="second_person_tenses_active_negation" computerName="ARPAN-LAP" duration="00:00:00.0232374" startTime="2014-06-29T11:56:25.9517598+05:30" endTime="2014-06-29T11:56:25.9747611+05:30" testType="13cdc9d9-ddb5-4fa4-a97d-d965ccfc6d4b" outcome="Passed" testListId="8c84fa94-04c1-424b-9868-57a2d4851a1d" relativeResultsDirectory="7d78dd9a-2903-491c-9598-9502a42e3a10" dataRowInfo="8" resultType="DataDrivenDataRow" />
        <UnitTestResult executionId="a83bbaac-7832-494e-a386-4be8b87b6451" parentExecutionId="7d78dd9a-2903-491c-9598-9502a42e3a10" testId="83c68223-dcaa-51dd-423f-434210a59f77" testName="second_person_tenses_active_negation" computerName="ARPAN-LAP" duration="00:00:00.0337974" startTime="2014-06-29T11:56:25.9747611+05:30" endTime="2014-06-29T11:56:26.0087631+05:30" testType="13cdc9d9-ddb5-4fa4-a97d-d965ccfc6d4b" outcome="Passed" testListId="8c84fa94-04c1-424b-9868-57a2d4851a1d" relativeResultsDirectory="7d78dd9a-2903-491c-9598-9502a42e3a10" dataRowInfo="9" resultType="DataDrivenDataRow" />
      </InnerResults>
    </UnitTestResult>
    <UnitTestResult executionId="60ac53bf-b145-4a93-9b9e-5d199e96f04d" testId="8fe5ccb3-a3f4-0f61-ad21-e94ef029e900" testName="all_persons_modal_can_may" computerName="ARPAN-LAP" duration="00:00:00.8230316" startTime="2014-06-29T11:56:26.0757669+05:30" endTime="2014-06-29T11:56:26.9888191+05:30" testType="13cdc9d9-ddb5-4fa4-a97d-d965ccfc6d4b" outcome="Passed" testListId="8c84fa94-04c1-424b-9868-57a2d4851a1d" relativeResultsDirectory="60ac53bf-b145-4a93-9b9e-5d199e96f04d" resultType="DataDrivenTest">
      <Counters error="0" failed="0" timeout="0" aborted="0" inconclusive="0" passedButRunAborted="0" notRunnable="0" notExecuted="0" disconnected="0" warning="0" passed="29" completed="0" inProgress="0" pending="0" />
      <InnerResults>
        <UnitTestResult executionId="50941049-a2ff-499c-b978-37c5ccac01c1" parentExecutionId="60ac53bf-b145-4a93-9b9e-5d199e96f04d" testId="8fe5ccb3-a3f4-0f61-ad21-e94ef029e900" testName="all_persons_modal_can_may" computerName="ARPAN-LAP" duration="00:00:00.0307086" startTime="2014-06-29T11:56:26.0827673+05:30" endTime="2014-06-29T11:56:26.1137691+05:30" testType="13cdc9d9-ddb5-4fa4-a97d-d965ccfc6d4b" outcome="Passed" testListId="8c84fa94-04c1-424b-9868-57a2d4851a1d" relativeResultsDirectory="60ac53bf-b145-4a93-9b9e-5d199e96f04d" dataRowInfo="0" resultType="DataDrivenDataRow" />
        <UnitTestResult executionId="e7a90eaa-a738-4d26-a31a-c4c1d342bd0d" parentExecutionId="60ac53bf-b145-4a93-9b9e-5d199e96f04d" testId="8fe5ccb3-a3f4-0f61-ad21-e94ef029e900" testName="all_persons_modal_can_may" computerName="ARPAN-LAP" duration="00:00:00.0250928" startTime="2014-06-29T11:56:26.1137691+05:30" endTime="2014-06-29T11:56:26.1387705+05:30" testType="13cdc9d9-ddb5-4fa4-a97d-d965ccfc6d4b" outcome="Passed" testListId="8c84fa94-04c1-424b-9868-57a2d4851a1d" relativeResultsDirectory="60ac53bf-b145-4a93-9b9e-5d199e96f04d" dataRowInfo="1" resultType="DataDrivenDataRow" />
        <UnitTestResult executionId="169520a1-b6a4-479b-9723-6413610f0864" parentExecutionId="60ac53bf-b145-4a93-9b9e-5d199e96f04d" testId="8fe5ccb3-a3f4-0f61-ad21-e94ef029e900" testName="all_persons_modal_can_may" computerName="ARPAN-LAP" duration="00:00:00.0283023" startTime="2014-06-29T11:56:26.1387705+05:30" endTime="2014-06-29T11:56:26.1677722+05:30" testType="13cdc9d9-ddb5-4fa4-a97d-d965ccfc6d4b" outcome="Passed" testListId="8c84fa94-04c1-424b-9868-57a2d4851a1d" relativeResultsDirectory="60ac53bf-b145-4a93-9b9e-5d199e96f04d" dataRowInfo="2" resultType="DataDrivenDataRow" />
        <UnitTestResult executionId="54b6e35f-7314-4c08-ace8-1da7a7fff5f0" parentExecutionId="60ac53bf-b145-4a93-9b9e-5d199e96f04d" testId="8fe5ccb3-a3f4-0f61-ad21-e94ef029e900" testName="all_persons_modal_can_may" computerName="ARPAN-LAP" duration="00:00:00.0306054" startTime="2014-06-29T11:56:26.1677722+05:30" endTime="2014-06-29T11:56:26.1977739+05:30" testType="13cdc9d9-ddb5-4fa4-a97d-d965ccfc6d4b" outcome="Passed" testListId="8c84fa94-04c1-424b-9868-57a2d4851a1d" relativeResultsDirectory="60ac53bf-b145-4a93-9b9e-5d199e96f04d" dataRowInfo="3" resultType="DataDrivenDataRow" />
        <UnitTestResult executionId="262dade4-bae3-410c-bcfb-89644e67639f" parentExecutionId="60ac53bf-b145-4a93-9b9e-5d199e96f04d" testId="8fe5ccb3-a3f4-0f61-ad21-e94ef029e900" testName="all_persons_modal_can_may" computerName="ARPAN-LAP" duration="00:00:00.0295573" startTime="2014-06-29T11:56:26.1977739+05:30" endTime="2014-06-29T11:56:26.2277756+05:30" testType="13cdc9d9-ddb5-4fa4-a97d-d965ccfc6d4b" outcome="Passed" testListId="8c84fa94-04c1-424b-9868-57a2d4851a1d" relativeResultsDirectory="60ac53bf-b145-4a93-9b9e-5d199e96f04d" dataRowInfo="4" resultType="DataDrivenDataRow" />
        <UnitTestResult executionId="9ea785cb-648d-4242-a889-81a9bf33e459" parentExecutionId="60ac53bf-b145-4a93-9b9e-5d199e96f04d" testId="8fe5ccb3-a3f4-0f61-ad21-e94ef029e900" testName="all_persons_modal_can_may" computerName="ARPAN-LAP" duration="00:00:00.0279790" startTime="2014-06-29T11:56:26.2277756+05:30" endTime="2014-06-29T11:56:26.2557772+05:30" testType="13cdc9d9-ddb5-4fa4-a97d-d965ccfc6d4b" outcome="Passed" testListId="8c84fa94-04c1-424b-9868-57a2d4851a1d" relativeResultsDirectory="60ac53bf-b145-4a93-9b9e-5d199e96f04d" dataRowInfo="5" resultType="DataDrivenDataRow" />
        <UnitTestResult executionId="209af635-21c1-4aa5-a8a1-dcc26edeed2f" parentExecutionId="60ac53bf-b145-4a93-9b9e-5d199e96f04d" testId="8fe5ccb3-a3f4-0f61-ad21-e94ef029e900" testName="all_persons_modal_can_may" computerName="ARPAN-LAP" duration="00:00:00.0374078" startTime="2014-06-29T11:56:26.2557772+05:30" endTime="2014-06-29T11:56:26.2927793+05:30" testType="13cdc9d9-ddb5-4fa4-a97d-d965ccfc6d4b" outcome="Passed" testListId="8c84fa94-04c1-424b-9868-57a2d4851a1d" relativeResultsDirectory="60ac53bf-b145-4a93-9b9e-5d199e96f04d" dataRowInfo="6" resultType="DataDrivenDataRow" />
        <UnitTestResult executionId="3f951f64-bacc-4c19-a1cb-1e5b5f7a2983" parentExecutionId="60ac53bf-b145-4a93-9b9e-5d199e96f04d" testId="8fe5ccb3-a3f4-0f61-ad21-e94ef029e900" testName="all_persons_modal_can_may" computerName="ARPAN-LAP" duration="00:00:00.0375869" startTime="2014-06-29T11:56:26.2927793+05:30" endTime="2014-06-29T11:56:26.3307815+05:30" testType="13cdc9d9-ddb5-4fa4-a97d-d965ccfc6d4b" outcome="Passed" testListId="8c84fa94-04c1-424b-9868-57a2d4851a1d" relativeResultsDirectory="60ac53bf-b145-4a93-9b9e-5d199e96f04d" dataRowInfo="7" resultType="DataDrivenDataRow" />
        <UnitTestResult executionId="aaecb656-75c2-4ed3-9180-4123738c2e1b" parentExecutionId="60ac53bf-b145-4a93-9b9e-5d199e96f04d" testId="8fe5ccb3-a3f4-0f61-ad21-e94ef029e900" testName="all_persons_modal_can_may" computerName="ARPAN-LAP" duration="00:00:00.0239020" startTime="2014-06-29T11:56:26.3307815+05:30" endTime="2014-06-29T11:56:26.3547829+05:30" testType="13cdc9d9-ddb5-4fa4-a97d-d965ccfc6d4b" outcome="Passed" testListId="8c84fa94-04c1-424b-9868-57a2d4851a1d" relativeResultsDirectory="60ac53bf-b145-4a93-9b9e-5d199e96f04d" dataRowInfo="8" resultType="DataDrivenDataRow" />
        <UnitTestResult executionId="25841a39-7479-407c-b58d-bfa30dfaa74d" parentExecutionId="60ac53bf-b145-4a93-9b9e-5d199e96f04d" testId="8fe5ccb3-a3f4-0f61-ad21-e94ef029e900" testName="all_persons_modal_can_may" computerName="ARPAN-LAP" duration="00:00:00.0303010" startTime="2014-06-29T11:56:26.3547829+05:30" endTime="2014-06-29T11:56:26.3847846+05:30" testType="13cdc9d9-ddb5-4fa4-a97d-d965ccfc6d4b" outcome="Passed" testListId="8c84fa94-04c1-424b-9868-57a2d4851a1d" relativeResultsDirectory="60ac53bf-b145-4a93-9b9e-5d199e96f04d" dataRowInfo="9" resultType="DataDrivenDataRow" />
        <UnitTestResult executionId="9cc75bfd-96b2-4024-8d7c-b141f9ea69ed" parentExecutionId="60ac53bf-b145-4a93-9b9e-5d199e96f04d" testId="8fe5ccb3-a3f4-0f61-ad21-e94ef029e900" testName="all_persons_modal_can_may" computerName="ARPAN-LAP" duration="00:00:00.0330655" startTime="2014-06-29T11:56:26.3847846+05:30" endTime="2014-06-29T11:56:26.4177865+05:30" testType="13cdc9d9-ddb5-4fa4-a97d-d965ccfc6d4b" outcome="Passed" testListId="8c84fa94-04c1-424b-9868-57a2d4851a1d" relativeResultsDirectory="60ac53bf-b145-4a93-9b9e-5d199e96f04d" dataRowInfo="10" resultType="DataDrivenDataRow" />
        <UnitTestResult executionId="3bfaa1e5-4ae8-4f75-8b0a-3d3527e24a03" parentExecutionId="60ac53bf-b145-4a93-9b9e-5d199e96f04d" testId="8fe5ccb3-a3f4-0f61-ad21-e94ef029e900" testName="all_persons_modal_can_may" computerName="ARPAN-LAP" duration="00:00:00.0266860" startTime="2014-06-29T11:56:26.4187865+05:30" endTime="2014-06-29T11:56:26.4447880+05:30" testType="13cdc9d9-ddb5-4fa4-a97d-d965ccfc6d4b" outcome="Passed" testListId="8c84fa94-04c1-424b-9868-57a2d4851a1d" relativeResultsDirectory="60ac53bf-b145-4a93-9b9e-5d199e96f04d" dataRowInfo="11" resultType="DataDrivenDataRow" />
        <UnitTestResult executionId="e2d11205-05fe-430b-b5e0-3983d84c3ce7" parentExecutionId="60ac53bf-b145-4a93-9b9e-5d199e96f04d" testId="8fe5ccb3-a3f4-0f61-ad21-e94ef029e900" testName="all_persons_modal_can_may" computerName="ARPAN-LAP" duration="00:00:00.0257534" startTime="2014-06-29T11:56:26.4447880+05:30" endTime="2014-06-29T11:56:26.4707895+05:30" testType="13cdc9d9-ddb5-4fa4-a97d-d965ccfc6d4b" outcome="Passed" testListId="8c84fa94-04c1-424b-9868-57a2d4851a1d" relativeResultsDirectory="60ac53bf-b145-4a93-9b9e-5d199e96f04d" dataRowInfo="12" resultType="DataDrivenDataRow" />
        <UnitTestResult executionId="9a701a1a-4ec8-405a-aa73-9080ed113621" parentExecutionId="60ac53bf-b145-4a93-9b9e-5d199e96f04d" testId="8fe5ccb3-a3f4-0f61-ad21-e94ef029e900" testName="all_persons_modal_can_may" computerName="ARPAN-LAP" duration="00:00:00.0284235" startTime="2014-06-29T11:56:26.4707895+05:30" endTime="2014-06-29T11:56:26.4987911+05:30" testType="13cdc9d9-ddb5-4fa4-a97d-d965ccfc6d4b" outcome="Passed" testListId="8c84fa94-04c1-424b-9868-57a2d4851a1d" relativeResultsDirectory="60ac53bf-b145-4a93-9b9e-5d199e96f04d" dataRowInfo="13" resultType="DataDrivenDataRow" />
        <UnitTestResult executionId="5ffeaede-c2c0-4c54-96df-0e9832db0d9a" parentExecutionId="60ac53bf-b145-4a93-9b9e-5d199e96f04d" testId="8fe5ccb3-a3f4-0f61-ad21-e94ef029e900" testName="all_persons_modal_can_may" computerName="ARPAN-LAP" duration="00:00:00.0269976" startTime="2014-06-29T11:56:26.4997912+05:30" endTime="2014-06-29T11:56:26.5267927+05:30" testType="13cdc9d9-ddb5-4fa4-a97d-d965ccfc6d4b" outcome="Passed" testListId="8c84fa94-04c1-424b-9868-57a2d4851a1d" relativeResultsDirectory="60ac53bf-b145-4a93-9b9e-5d199e96f04d" dataRowInfo="14" resultType="DataDrivenDataRow" />
        <UnitTestResult executionId="cd06e89f-0f2a-4da3-8155-4ac64aab4da6" parentExecutionId="60ac53bf-b145-4a93-9b9e-5d199e96f04d" testId="8fe5ccb3-a3f4-0f61-ad21-e94ef029e900" testName="all_persons_modal_can_may" computerName="ARPAN-LAP" duration="00:00:00.0273733" startTime="2014-06-29T11:56:26.5267927+05:30" endTime="2014-06-29T11:56:26.5537942+05:30" testType="13cdc9d9-ddb5-4fa4-a97d-d965ccfc6d4b" outcome="Passed" testListId="8c84fa94-04c1-424b-9868-57a2d4851a1d" relativeResultsDirectory="60ac53bf-b145-4a93-9b9e-5d199e96f04d" dataRowInfo="15" resultType="DataDrivenDataRow" />
        <UnitTestResult executionId="1e25933b-4327-44f3-94cd-4d5cbb53f170" parentExecutionId="60ac53bf-b145-4a93-9b9e-5d199e96f04d" testId="8fe5ccb3-a3f4-0f61-ad21-e94ef029e900" testName="all_persons_modal_can_may" computerName="ARPAN-LAP" duration="00:00:00.0231655" startTime="2014-06-29T11:56:26.5537942+05:30" endTime="2014-06-29T11:56:26.5767956+05:30" testType="13cdc9d9-ddb5-4fa4-a97d-d965ccfc6d4b" outcome="Passed" testListId="8c84fa94-04c1-424b-9868-57a2d4851a1d" relativeResultsDirectory="60ac53bf-b145-4a93-9b9e-5d199e96f04d" dataRowInfo="16" resultType="DataDrivenDataRow" />
        <UnitTestResult executionId="cfc9fe3c-d9de-472a-9484-3476f89efc53" parentExecutionId="60ac53bf-b145-4a93-9b9e-5d199e96f04d" testId="8fe5ccb3-a3f4-0f61-ad21-e94ef029e900" testName="all_persons_modal_can_may" computerName="ARPAN-LAP" duration="00:00:00.0188745" startTime="2014-06-29T11:56:26.5767956+05:30" endTime="2014-06-29T11:56:26.5957966+05:30" testType="13cdc9d9-ddb5-4fa4-a97d-d965ccfc6d4b" outcome="Passed" testListId="8c84fa94-04c1-424b-9868-57a2d4851a1d" relativeResultsDirectory="60ac53bf-b145-4a93-9b9e-5d199e96f04d" dataRowInfo="17" resultType="DataDrivenDataRow" />
        <UnitTestResult executionId="472b5f92-cbb0-46c2-8f33-15bd89a0b7a0" parentExecutionId="60ac53bf-b145-4a93-9b9e-5d199e96f04d" testId="8fe5ccb3-a3f4-0f61-ad21-e94ef029e900" testName="all_persons_modal_can_may" computerName="ARPAN-LAP" duration="00:00:00.0190023" startTime="2014-06-29T11:56:26.5957966+05:30" endTime="2014-06-29T11:56:26.6147977+05:30" testType="13cdc9d9-ddb5-4fa4-a97d-d965ccfc6d4b" outcome="Passed" testListId="8c84fa94-04c1-424b-9868-57a2d4851a1d" relativeResultsDirectory="60ac53bf-b145-4a93-9b9e-5d199e96f04d" dataRowInfo="18" resultType="DataDrivenDataRow" />
        <UnitTestResult executionId="5751716f-66d5-403c-8dda-fab4c9dcd388" parentExecutionId="60ac53bf-b145-4a93-9b9e-5d199e96f04d" testId="8fe5ccb3-a3f4-0f61-ad21-e94ef029e900" testName="all_persons_modal_can_may" computerName="ARPAN-LAP" duration="00:00:00.0207706" startTime="2014-06-29T11:56:26.6147977+05:30" endTime="2014-06-29T11:56:26.6357989+05:30" testType="13cdc9d9-ddb5-4fa4-a97d-d965ccfc6d4b" outcome="Passed" testListId="8c84fa94-04c1-424b-9868-57a2d4851a1d" relativeResultsDirectory="60ac53bf-b145-4a93-9b9e-5d199e96f04d" dataRowInfo="19" resultType="DataDrivenDataRow" />
        <UnitTestResult executionId="245a3796-a1be-4986-a569-a37b9e605b0d" parentExecutionId="60ac53bf-b145-4a93-9b9e-5d199e96f04d" testId="8fe5ccb3-a3f4-0f61-ad21-e94ef029e900" testName="all_persons_modal_can_may" computerName="ARPAN-LAP" duration="00:00:00.0265562" startTime="2014-06-29T11:56:26.6357989+05:30" endTime="2014-06-29T11:56:26.6628005+05:30" testType="13cdc9d9-ddb5-4fa4-a97d-d965ccfc6d4b" outcome="Passed" testListId="8c84fa94-04c1-424b-9868-57a2d4851a1d" relativeResultsDirectory="60ac53bf-b145-4a93-9b9e-5d199e96f04d" dataRowInfo="20" resultType="DataDrivenDataRow" />
        <UnitTestResult executionId="6aabc50f-ea5f-4d05-8d4b-6b2bd4725f5b" parentExecutionId="60ac53bf-b145-4a93-9b9e-5d199e96f04d" testId="8fe5ccb3-a3f4-0f61-ad21-e94ef029e900" testName="all_persons_modal_can_may" computerName="ARPAN-LAP" duration="00:00:00.0309390" startTime="2014-06-29T11:56:26.6628005+05:30" endTime="2014-06-29T11:56:26.6938022+05:30" testType="13cdc9d9-ddb5-4fa4-a97d-d965ccfc6d4b" outcome="Passed" testListId="8c84fa94-04c1-424b-9868-57a2d4851a1d" relativeResultsDirectory="60ac53bf-b145-4a93-9b9e-5d199e96f04d" dataRowInfo="21" resultType="DataDrivenDataRow" />
        <UnitTestResult executionId="0a339292-e7ac-4437-b12f-60042ba5c906" parentExecutionId="60ac53bf-b145-4a93-9b9e-5d199e96f04d" testId="8fe5ccb3-a3f4-0f61-ad21-e94ef029e900" testName="all_persons_modal_can_may" computerName="ARPAN-LAP" duration="00:00:00.0268965" startTime="2014-06-29T11:56:26.6938022+05:30" endTime="2014-06-29T11:56:26.7208038+05:30" testType="13cdc9d9-ddb5-4fa4-a97d-d965ccfc6d4b" outcome="Passed" testListId="8c84fa94-04c1-424b-9868-57a2d4851a1d" relativeResultsDirectory="60ac53bf-b145-4a93-9b9e-5d199e96f04d" dataRowInfo="22" resultType="DataDrivenDataRow" />
        <UnitTestResult executionId="e9ac6ca1-6bd1-439b-9b74-83b0f74f4379" parentExecutionId="60ac53bf-b145-4a93-9b9e-5d199e96f04d" testId="8fe5ccb3-a3f4-0f61-ad21-e94ef029e900" testName="all_persons_modal_can_may" computerName="ARPAN-LAP" duration="00:00:00.0274708" startTime="2014-06-29T11:56:26.7208038+05:30" endTime="2014-06-29T11:56:26.7478053+05:30" testType="13cdc9d9-ddb5-4fa4-a97d-d965ccfc6d4b" outcome="Passed" testListId="8c84fa94-04c1-424b-9868-57a2d4851a1d" relativeResultsDirectory="60ac53bf-b145-4a93-9b9e-5d199e96f04d" dataRowInfo="23" resultType="DataDrivenDataRow" />
        <UnitTestResult executionId="970664e4-5250-48c3-9ca5-937d7d7292f6" parentExecutionId="60ac53bf-b145-4a93-9b9e-5d199e96f04d" testId="8fe5ccb3-a3f4-0f61-ad21-e94ef029e900" testName="all_persons_modal_can_may" computerName="ARPAN-LAP" duration="00:00:00.0387141" startTime="2014-06-29T11:56:26.7478053+05:30" endTime="2014-06-29T11:56:26.7868076+05:30" testType="13cdc9d9-ddb5-4fa4-a97d-d965ccfc6d4b" outcome="Passed" testListId="8c84fa94-04c1-424b-9868-57a2d4851a1d" relativeResultsDirectory="60ac53bf-b145-4a93-9b9e-5d199e96f04d" dataRowInfo="24" resultType="DataDrivenDataRow" />
        <UnitTestResult executionId="49bc64e3-4422-47d7-a726-c2604737fd53" parentExecutionId="60ac53bf-b145-4a93-9b9e-5d199e96f04d" testId="8fe5ccb3-a3f4-0f61-ad21-e94ef029e900" testName="all_persons_modal_can_may" computerName="ARPAN-LAP" duration="00:00:00.0277347" startTime="2014-06-29T11:56:26.7868076+05:30" endTime="2014-06-29T11:56:26.8148092+05:30" testType="13cdc9d9-ddb5-4fa4-a97d-d965ccfc6d4b" outcome="Passed" testListId="8c84fa94-04c1-424b-9868-57a2d4851a1d" relativeResultsDirectory="60ac53bf-b145-4a93-9b9e-5d199e96f04d" dataRowInfo="25" resultType="DataDrivenDataRow" />
        <UnitTestResult executionId="409ad6c4-4b6d-470e-ba8f-e5e79e699427" parentExecutionId="60ac53bf-b145-4a93-9b9e-5d199e96f04d" testId="8fe5ccb3-a3f4-0f61-ad21-e94ef029e900" testName="all_persons_modal_can_may" computerName="ARPAN-LAP" duration="00:00:00.0263468" startTime="2014-06-29T11:56:26.8148092+05:30" endTime="2014-06-29T11:56:26.8408107+05:30" testType="13cdc9d9-ddb5-4fa4-a97d-d965ccfc6d4b" outcome="Passed" testListId="8c84fa94-04c1-424b-9868-57a2d4851a1d" relativeResultsDirectory="60ac53bf-b145-4a93-9b9e-5d199e96f04d" dataRowInfo="26" resultType="DataDrivenDataRow" />
        <UnitTestResult executionId="4b53dc8f-40ca-4313-9434-818d9a180348" parentExecutionId="60ac53bf-b145-4a93-9b9e-5d199e96f04d" testId="8fe5ccb3-a3f4-0f61-ad21-e94ef029e900" testName="all_persons_modal_can_may" computerName="ARPAN-LAP" duration="00:00:00.0282510" startTime="2014-06-29T11:56:26.8408107+05:30" endTime="2014-06-29T11:56:26.8688123+05:30" testType="13cdc9d9-ddb5-4fa4-a97d-d965ccfc6d4b" outcome="Passed" testListId="8c84fa94-04c1-424b-9868-57a2d4851a1d" relativeResultsDirectory="60ac53bf-b145-4a93-9b9e-5d199e96f04d" dataRowInfo="27" resultType="DataDrivenDataRow" />
        <UnitTestResult executionId="1dcf7366-8955-406c-b3c8-8f2a6525815f" parentExecutionId="60ac53bf-b145-4a93-9b9e-5d199e96f04d" testId="8fe5ccb3-a3f4-0f61-ad21-e94ef029e900" testName="all_persons_modal_can_may" computerName="ARPAN-LAP" duration="00:00:00.0327806" startTime="2014-06-29T11:56:26.8688123+05:30" endTime="2014-06-29T11:56:26.9018141+05:30" testType="13cdc9d9-ddb5-4fa4-a97d-d965ccfc6d4b" outcome="Passed" testListId="8c84fa94-04c1-424b-9868-57a2d4851a1d" relativeResultsDirectory="60ac53bf-b145-4a93-9b9e-5d199e96f04d" dataRowInfo="28" resultType="DataDrivenDataRow" />
      </InnerResults>
    </UnitTestResult>
    <UnitTestResult executionId="0f525e0c-7f00-4b5d-ba1f-bfe624a309e4" testId="921e6ab0-d7c2-6005-e523-6fd2d5e1a723" testName="first_person_tenses_active" computerName="ARPAN-LAP" duration="00:00:00.3181455" startTime="2014-06-29T11:56:26.9988197+05:30" endTime="2014-06-29T11:56:27.3658407+05:30" testType="13cdc9d9-ddb5-4fa4-a97d-d965ccfc6d4b" outcome="Passed" testListId="8c84fa94-04c1-424b-9868-57a2d4851a1d" relativeResultsDirectory="0f525e0c-7f00-4b5d-ba1f-bfe624a309e4" resultType="DataDrivenTest">
      <Counters error="0" failed="0" timeout="0" aborted="0" inconclusive="0" passedButRunAborted="0" notRunnable="0" notExecuted="0" disconnected="0" warning="0" passed="10" completed="0" inProgress="0" pending="0" />
      <InnerResults>
        <UnitTestResult executionId="9ce3796c-4ab8-42ba-8db3-767309b9d75d" parentExecutionId="0f525e0c-7f00-4b5d-ba1f-bfe624a309e4" testId="921e6ab0-d7c2-6005-e523-6fd2d5e1a723" testName="first_person_tenses_active" computerName="ARPAN-LAP" duration="00:00:00.0210775" startTime="2014-06-29T11:56:27.0148206+05:30" endTime="2014-06-29T11:56:27.0358218+05:30" testType="13cdc9d9-ddb5-4fa4-a97d-d965ccfc6d4b" outcome="Passed" testListId="8c84fa94-04c1-424b-9868-57a2d4851a1d" relativeResultsDirectory="0f525e0c-7f00-4b5d-ba1f-bfe624a309e4" dataRowInfo="0" resultType="DataDrivenDataRow" />
        <UnitTestResult executionId="17b255b8-24f2-451a-a8ea-3db739e68fba" parentExecutionId="0f525e0c-7f00-4b5d-ba1f-bfe624a309e4" testId="921e6ab0-d7c2-6005-e523-6fd2d5e1a723" testName="first_person_tenses_active" computerName="ARPAN-LAP" duration="00:00:00.0250821" startTime="2014-06-29T11:56:27.0358218+05:30" endTime="2014-06-29T11:56:27.0608232+05:30" testType="13cdc9d9-ddb5-4fa4-a97d-d965ccfc6d4b" outcome="Passed" testListId="8c84fa94-04c1-424b-9868-57a2d4851a1d" relativeResultsDirectory="0f525e0c-7f00-4b5d-ba1f-bfe624a309e4" dataRowInfo="1" resultType="DataDrivenDataRow" />
        <UnitTestResult executionId="5dc4023a-8841-40fb-ad83-46a2bb772ab1" parentExecutionId="0f525e0c-7f00-4b5d-ba1f-bfe624a309e4" testId="921e6ab0-d7c2-6005-e523-6fd2d5e1a723" testName="first_person_tenses_active" computerName="ARPAN-LAP" duration="00:00:00.0265998" startTime="2014-06-29T11:56:27.0608232+05:30" endTime="2014-06-29T11:56:27.0878248+05:30" testType="13cdc9d9-ddb5-4fa4-a97d-d965ccfc6d4b" outcome="Passed" testListId="8c84fa94-04c1-424b-9868-57a2d4851a1d" relativeResultsDirectory="0f525e0c-7f00-4b5d-ba1f-bfe624a309e4" dataRowInfo="2" resultType="DataDrivenDataRow" />
        <UnitTestResult executionId="66b13c93-e2c1-4d84-9308-dec9a1d72628" parentExecutionId="0f525e0c-7f00-4b5d-ba1f-bfe624a309e4" testId="921e6ab0-d7c2-6005-e523-6fd2d5e1a723" testName="first_person_tenses_active" computerName="ARPAN-LAP" duration="00:00:00.0322684" startTime="2014-06-29T11:56:27.0878248+05:30" endTime="2014-06-29T11:56:27.1198266+05:30" testType="13cdc9d9-ddb5-4fa4-a97d-d965ccfc6d4b" outcome="Passed" testListId="8c84fa94-04c1-424b-9868-57a2d4851a1d" relativeResultsDirectory="0f525e0c-7f00-4b5d-ba1f-bfe624a309e4" dataRowInfo="3" resultType="DataDrivenDataRow" />
        <UnitTestResult executionId="3b471b08-53a1-4735-87e8-0382a87af96f" parentExecutionId="0f525e0c-7f00-4b5d-ba1f-bfe624a309e4" testId="921e6ab0-d7c2-6005-e523-6fd2d5e1a723" testName="first_person_tenses_active" computerName="ARPAN-LAP" duration="00:00:00.0242613" startTime="2014-06-29T11:56:27.1198266+05:30" endTime="2014-06-29T11:56:27.1448280+05:30" testType="13cdc9d9-ddb5-4fa4-a97d-d965ccfc6d4b" outcome="Passed" testListId="8c84fa94-04c1-424b-9868-57a2d4851a1d" relativeResultsDirectory="0f525e0c-7f00-4b5d-ba1f-bfe624a309e4" dataRowInfo="4" resultType="DataDrivenDataRow" />
        <UnitTestResult executionId="752d6ff9-348c-425a-8e4c-6cab47f293f0" parentExecutionId="0f525e0c-7f00-4b5d-ba1f-bfe624a309e4" testId="921e6ab0-d7c2-6005-e523-6fd2d5e1a723" testName="first_person_tenses_active" computerName="ARPAN-LAP" duration="00:00:00.0260794" startTime="2014-06-29T11:56:27.1448280+05:30" endTime="2014-06-29T11:56:27.1708295+05:30" testType="13cdc9d9-ddb5-4fa4-a97d-d965ccfc6d4b" outcome="Passed" testListId="8c84fa94-04c1-424b-9868-57a2d4851a1d" relativeResultsDirectory="0f525e0c-7f00-4b5d-ba1f-bfe624a309e4" dataRowInfo="5" resultType="DataDrivenDataRow" />
        <UnitTestResult executionId="dc20fe91-a0a4-4ef4-a607-b3fb71a2ec2c" parentExecutionId="0f525e0c-7f00-4b5d-ba1f-bfe624a309e4" testId="921e6ab0-d7c2-6005-e523-6fd2d5e1a723" testName="first_person_tenses_active" computerName="ARPAN-LAP" duration="00:00:00.0284615" startTime="2014-06-29T11:56:27.1708295+05:30" endTime="2014-06-29T11:56:27.1988311+05:30" testType="13cdc9d9-ddb5-4fa4-a97d-d965ccfc6d4b" outcome="Passed" testListId="8c84fa94-04c1-424b-9868-57a2d4851a1d" relativeResultsDirectory="0f525e0c-7f00-4b5d-ba1f-bfe624a309e4" dataRowInfo="6" resultType="DataDrivenDataRow" />
        <UnitTestResult executionId="fa2d0c5b-d386-44f0-8553-1720bd61725a" parentExecutionId="0f525e0c-7f00-4b5d-ba1f-bfe624a309e4" testId="921e6ab0-d7c2-6005-e523-6fd2d5e1a723" testName="first_person_tenses_active" computerName="ARPAN-LAP" duration="00:00:00.0331887" startTime="2014-06-29T11:56:27.1988311+05:30" endTime="2014-06-29T11:56:27.2318330+05:30" testType="13cdc9d9-ddb5-4fa4-a97d-d965ccfc6d4b" outcome="Passed" testListId="8c84fa94-04c1-424b-9868-57a2d4851a1d" relativeResultsDirectory="0f525e0c-7f00-4b5d-ba1f-bfe624a309e4" dataRowInfo="7" resultType="DataDrivenDataRow" />
        <UnitTestResult executionId="46568219-5f24-4e08-b159-aaff49bda04d" parentExecutionId="0f525e0c-7f00-4b5d-ba1f-bfe624a309e4" testId="921e6ab0-d7c2-6005-e523-6fd2d5e1a723" testName="first_person_tenses_active" computerName="ARPAN-LAP" duration="00:00:00.0372020" startTime="2014-06-29T11:56:27.2318330+05:30" endTime="2014-06-29T11:56:27.2698352+05:30" testType="13cdc9d9-ddb5-4fa4-a97d-d965ccfc6d4b" outcome="Passed" testListId="8c84fa94-04c1-424b-9868-57a2d4851a1d" relativeResultsDirectory="0f525e0c-7f00-4b5d-ba1f-bfe624a309e4" dataRowInfo="8" resultType="DataDrivenDataRow" />
        <UnitTestResult executionId="9d21c813-9620-4438-9e76-5e9bcd7f27d2" parentExecutionId="0f525e0c-7f00-4b5d-ba1f-bfe624a309e4" testId="921e6ab0-d7c2-6005-e523-6fd2d5e1a723" testName="first_person_tenses_active" computerName="ARPAN-LAP" duration="00:00:00.0617801" startTime="2014-06-29T11:56:27.2698352+05:30" endTime="2014-06-29T11:56:27.3318387+05:30" testType="13cdc9d9-ddb5-4fa4-a97d-d965ccfc6d4b" outcome="Passed" testListId="8c84fa94-04c1-424b-9868-57a2d4851a1d" relativeResultsDirectory="0f525e0c-7f00-4b5d-ba1f-bfe624a309e4" dataRowInfo="9" resultType="DataDrivenDataRow" />
      </InnerResults>
    </UnitTestResult>
    <UnitTestResult executionId="20c660c4-5735-43d8-b1c0-022dc0b0a811" testId="9319d01e-de3e-d310-c76e-cae8dce4c924" testName="all_persons_modal_should_negation" computerName="ARPAN-LAP" duration="00:00:00.5695677" startTime="2014-06-29T11:56:27.3728411+05:30" endTime="2014-06-29T11:56:28.0068774+05:30" testType="13cdc9d9-ddb5-4fa4-a97d-d965ccfc6d4b" outcome="Passed" testListId="8c84fa94-04c1-424b-9868-57a2d4851a1d" relativeResultsDirectory="20c660c4-5735-43d8-b1c0-022dc0b0a811" resultType="DataDrivenTest">
      <Counters error="0" failed="0" timeout="0" aborted="0" inconclusive="0" passedButRunAborted="0" notRunnable="0" notExecuted="0" disconnected="0" warning="0" passed="17" completed="0" inProgress="0" pending="0" />
      <InnerResults>
        <UnitTestResult executionId="c4490f9b-90a8-43c6-903c-1b463b534ecf" parentExecutionId="20c660c4-5735-43d8-b1c0-022dc0b0a811" testId="9319d01e-de3e-d310-c76e-cae8dce4c924" testName="all_persons_modal_should_negation" computerName="ARPAN-LAP" duration="00:00:00.0275350" startTime="2014-06-29T11:56:27.3868419+05:30" endTime="2014-06-29T11:56:27.4148435+05:30" testType="13cdc9d9-ddb5-4fa4-a97d-d965ccfc6d4b" outcome="Passed" testListId="8c84fa94-04c1-424b-9868-57a2d4851a1d" relativeResultsDirectory="20c660c4-5735-43d8-b1c0-022dc0b0a811" dataRowInfo="0" resultType="DataDrivenDataRow" />
        <UnitTestResult executionId="e1d74ac3-e0d0-48e3-a0ea-0f1676ba543f" parentExecutionId="20c660c4-5735-43d8-b1c0-022dc0b0a811" testId="9319d01e-de3e-d310-c76e-cae8dce4c924" testName="all_persons_modal_should_negation" computerName="ARPAN-LAP" duration="00:00:00.0345863" startTime="2014-06-29T11:56:27.4148435+05:30" endTime="2014-06-29T11:56:27.4498455+05:30" testType="13cdc9d9-ddb5-4fa4-a97d-d965ccfc6d4b" outcome="Passed" testListId="8c84fa94-04c1-424b-9868-57a2d4851a1d" relativeResultsDirectory="20c660c4-5735-43d8-b1c0-022dc0b0a811" dataRowInfo="1" resultType="DataDrivenDataRow" />
        <UnitTestResult executionId="132a7edc-6a6c-49bc-a1f5-251733780591" parentExecutionId="20c660c4-5735-43d8-b1c0-022dc0b0a811" testId="9319d01e-de3e-d310-c76e-cae8dce4c924" testName="all_persons_modal_should_negation" computerName="ARPAN-LAP" duration="00:00:00.0351017" startTime="2014-06-29T11:56:27.4498455+05:30" endTime="2014-06-29T11:56:27.4848475+05:30" testType="13cdc9d9-ddb5-4fa4-a97d-d965ccfc6d4b" outcome="Passed" testListId="8c84fa94-04c1-424b-9868-57a2d4851a1d" relativeResultsDirectory="20c660c4-5735-43d8-b1c0-022dc0b0a811" dataRowInfo="2" resultType="DataDrivenDataRow" />
        <UnitTestResult executionId="08eb45d4-659f-41c7-b406-a39df7aa17c3" parentExecutionId="20c660c4-5735-43d8-b1c0-022dc0b0a811" testId="9319d01e-de3e-d310-c76e-cae8dce4c924" testName="all_persons_modal_should_negation" computerName="ARPAN-LAP" duration="00:00:00.0379703" startTime="2014-06-29T11:56:27.4848475+05:30" endTime="2014-06-29T11:56:27.5228497+05:30" testType="13cdc9d9-ddb5-4fa4-a97d-d965ccfc6d4b" outcome="Passed" testListId="8c84fa94-04c1-424b-9868-57a2d4851a1d" relativeResultsDirectory="20c660c4-5735-43d8-b1c0-022dc0b0a811" dataRowInfo="3" resultType="DataDrivenDataRow" />
        <UnitTestResult executionId="5c9a1630-5531-470a-813f-48184ac71b66" parentExecutionId="20c660c4-5735-43d8-b1c0-022dc0b0a811" testId="9319d01e-de3e-d310-c76e-cae8dce4c924" testName="all_persons_modal_should_negation" computerName="ARPAN-LAP" duration="00:00:00.0231511" startTime="2014-06-29T11:56:27.5228497+05:30" endTime="2014-06-29T11:56:27.5458510+05:30" testType="13cdc9d9-ddb5-4fa4-a97d-d965ccfc6d4b" outcome="Passed" testListId="8c84fa94-04c1-424b-9868-57a2d4851a1d" relativeResultsDirectory="20c660c4-5735-43d8-b1c0-022dc0b0a811" dataRowInfo="4" resultType="DataDrivenDataRow" />
        <UnitTestResult executionId="75aa9304-a4f4-4aa6-b3f2-f257c5367509" parentExecutionId="20c660c4-5735-43d8-b1c0-022dc0b0a811" testId="9319d01e-de3e-d310-c76e-cae8dce4c924" testName="all_persons_modal_should_negation" computerName="ARPAN-LAP" duration="00:00:00.0295794" startTime="2014-06-29T11:56:27.5458510+05:30" endTime="2014-06-29T11:56:27.5758527+05:30" testType="13cdc9d9-ddb5-4fa4-a97d-d965ccfc6d4b" outcome="Passed" testListId="8c84fa94-04c1-424b-9868-57a2d4851a1d" relativeResultsDirectory="20c660c4-5735-43d8-b1c0-022dc0b0a811" dataRowInfo="5" resultType="DataDrivenDataRow" />
        <UnitTestResult executionId="cd3873fa-96c1-4748-b8ec-471dc0cc7c67" parentExecutionId="20c660c4-5735-43d8-b1c0-022dc0b0a811" testId="9319d01e-de3e-d310-c76e-cae8dce4c924" testName="all_persons_modal_should_negation" computerName="ARPAN-LAP" duration="00:00:00.0301101" startTime="2014-06-29T11:56:27.5758527+05:30" endTime="2014-06-29T11:56:27.6058544+05:30" testType="13cdc9d9-ddb5-4fa4-a97d-d965ccfc6d4b" outcome="Passed" testListId="8c84fa94-04c1-424b-9868-57a2d4851a1d" relativeResultsDirectory="20c660c4-5735-43d8-b1c0-022dc0b0a811" dataRowInfo="6" resultType="DataDrivenDataRow" />
        <UnitTestResult executionId="f6021a59-c63b-4006-bb6b-8659d33be990" parentExecutionId="20c660c4-5735-43d8-b1c0-022dc0b0a811" testId="9319d01e-de3e-d310-c76e-cae8dce4c924" testName="all_persons_modal_should_negation" computerName="ARPAN-LAP" duration="00:00:00.0395184" startTime="2014-06-29T11:56:27.6058544+05:30" endTime="2014-06-29T11:56:27.6448566+05:30" testType="13cdc9d9-ddb5-4fa4-a97d-d965ccfc6d4b" outcome="Passed" testListId="8c84fa94-04c1-424b-9868-57a2d4851a1d" relativeResultsDirectory="20c660c4-5735-43d8-b1c0-022dc0b0a811" dataRowInfo="7" resultType="DataDrivenDataRow" />
        <UnitTestResult executionId="3707b29e-e283-4bcd-bf88-68fc8f04d432" parentExecutionId="20c660c4-5735-43d8-b1c0-022dc0b0a811" testId="9319d01e-de3e-d310-c76e-cae8dce4c924" testName="all_persons_modal_should_negation" computerName="ARPAN-LAP" duration="00:00:00.0437883" startTime="2014-06-29T11:56:27.6448566+05:30" endTime="2014-06-29T11:56:27.6888592+05:30" testType="13cdc9d9-ddb5-4fa4-a97d-d965ccfc6d4b" outcome="Passed" testListId="8c84fa94-04c1-424b-9868-57a2d4851a1d" relativeResultsDirectory="20c660c4-5735-43d8-b1c0-022dc0b0a811" dataRowInfo="8" resultType="DataDrivenDataRow" />
        <UnitTestResult executionId="2d620ff9-7000-4978-9460-3bdca91b9d49" parentExecutionId="20c660c4-5735-43d8-b1c0-022dc0b0a811" testId="9319d01e-de3e-d310-c76e-cae8dce4c924" testName="all_persons_modal_should_negation" computerName="ARPAN-LAP" duration="00:00:00.0348491" startTime="2014-06-29T11:56:27.6888592+05:30" endTime="2014-06-29T11:56:27.7238612+05:30" testType="13cdc9d9-ddb5-4fa4-a97d-d965ccfc6d4b" outcome="Passed" testListId="8c84fa94-04c1-424b-9868-57a2d4851a1d" relativeResultsDirectory="20c660c4-5735-43d8-b1c0-022dc0b0a811" dataRowInfo="9" resultType="DataDrivenDataRow" />
        <UnitTestResult executionId="0c4b2ab8-4f56-47d9-b3a0-90e9adf81dad" parentExecutionId="20c660c4-5735-43d8-b1c0-022dc0b0a811" testId="9319d01e-de3e-d310-c76e-cae8dce4c924" testName="all_persons_modal_should_negation" computerName="ARPAN-LAP" duration="00:00:00.0299073" startTime="2014-06-29T11:56:27.7238612+05:30" endTime="2014-06-29T11:56:27.7538629+05:30" testType="13cdc9d9-ddb5-4fa4-a97d-d965ccfc6d4b" outcome="Passed" testListId="8c84fa94-04c1-424b-9868-57a2d4851a1d" relativeResultsDirectory="20c660c4-5735-43d8-b1c0-022dc0b0a811" dataRowInfo="10" resultType="DataDrivenDataRow" />
        <UnitTestResult executionId="57577b79-043c-452b-96e0-3a685ecf2581" parentExecutionId="20c660c4-5735-43d8-b1c0-022dc0b0a811" testId="9319d01e-de3e-d310-c76e-cae8dce4c924" testName="all_persons_modal_should_negation" computerName="ARPAN-LAP" duration="00:00:00.0359516" startTime="2014-06-29T11:56:27.7538629+05:30" endTime="2014-06-29T11:56:27.7898649+05:30" testType="13cdc9d9-ddb5-4fa4-a97d-d965ccfc6d4b" outcome="Passed" testListId="8c84fa94-04c1-424b-9868-57a2d4851a1d" relativeResultsDirectory="20c660c4-5735-43d8-b1c0-022dc0b0a811" dataRowInfo="11" resultType="DataDrivenDataRow" />
        <UnitTestResult executionId="cffb43d6-d8b1-4e6f-b274-42e487212250" parentExecutionId="20c660c4-5735-43d8-b1c0-022dc0b0a811" testId="9319d01e-de3e-d310-c76e-cae8dce4c924" testName="all_persons_modal_should_negation" computerName="ARPAN-LAP" duration="00:00:00.0325656" startTime="2014-06-29T11:56:27.7898649+05:30" endTime="2014-06-29T11:56:27.8228668+05:30" testType="13cdc9d9-ddb5-4fa4-a97d-d965ccfc6d4b" outcome="Passed" testListId="8c84fa94-04c1-424b-9868-57a2d4851a1d" relativeResultsDirectory="20c660c4-5735-43d8-b1c0-022dc0b0a811" dataRowInfo="12" resultType="DataDrivenDataRow" />
        <UnitTestResult executionId="2c845ace-eba1-4723-b46b-85a1b6e6f454" parentExecutionId="20c660c4-5735-43d8-b1c0-022dc0b0a811" testId="9319d01e-de3e-d310-c76e-cae8dce4c924" testName="all_persons_modal_should_negation" computerName="ARPAN-LAP" duration="00:00:00.0330655" startTime="2014-06-29T11:56:27.8228668+05:30" endTime="2014-06-29T11:56:27.8558687+05:30" testType="13cdc9d9-ddb5-4fa4-a97d-d965ccfc6d4b" outcome="Passed" testListId="8c84fa94-04c1-424b-9868-57a2d4851a1d" relativeResultsDirectory="20c660c4-5735-43d8-b1c0-022dc0b0a811" dataRowInfo="13" resultType="DataDrivenDataRow" />
        <UnitTestResult executionId="26ad4f0d-7a39-489b-a73c-23f2e436aebb" parentExecutionId="20c660c4-5735-43d8-b1c0-022dc0b0a811" testId="9319d01e-de3e-d310-c76e-cae8dce4c924" testName="all_persons_modal_should_negation" computerName="ARPAN-LAP" duration="00:00:00.0304340" startTime="2014-06-29T11:56:27.8558687+05:30" endTime="2014-06-29T11:56:27.8858704+05:30" testType="13cdc9d9-ddb5-4fa4-a97d-d965ccfc6d4b" outcome="Passed" testListId="8c84fa94-04c1-424b-9868-57a2d4851a1d" relativeResultsDirectory="20c660c4-5735-43d8-b1c0-022dc0b0a811" dataRowInfo="14" resultType="DataDrivenDataRow" />
        <UnitTestResult executionId="eccf18d4-10fb-413c-b30e-406a17804127" parentExecutionId="20c660c4-5735-43d8-b1c0-022dc0b0a811" testId="9319d01e-de3e-d310-c76e-cae8dce4c924" testName="all_persons_modal_should_negation" computerName="ARPAN-LAP" duration="00:00:00.0311243" startTime="2014-06-29T11:56:27.8858704+05:30" endTime="2014-06-29T11:56:27.9168722+05:30" testType="13cdc9d9-ddb5-4fa4-a97d-d965ccfc6d4b" outcome="Passed" testListId="8c84fa94-04c1-424b-9868-57a2d4851a1d" relativeResultsDirectory="20c660c4-5735-43d8-b1c0-022dc0b0a811" dataRowInfo="15" resultType="DataDrivenDataRow" />
        <UnitTestResult executionId="c1eeb62a-078f-4ccf-ac3d-8187a8f3805c" parentExecutionId="20c660c4-5735-43d8-b1c0-022dc0b0a811" testId="9319d01e-de3e-d310-c76e-cae8dce4c924" testName="all_persons_modal_should_negation" computerName="ARPAN-LAP" duration="00:00:00.0371707" startTime="2014-06-29T11:56:27.9168722+05:30" endTime="2014-06-29T11:56:27.9548744+05:30" testType="13cdc9d9-ddb5-4fa4-a97d-d965ccfc6d4b" outcome="Passed" testListId="8c84fa94-04c1-424b-9868-57a2d4851a1d" relativeResultsDirectory="20c660c4-5735-43d8-b1c0-022dc0b0a811" dataRowInfo="16" resultType="DataDrivenDataRow" />
      </InnerResults>
    </UnitTestResult>
    <UnitTestResult executionId="b54e32c9-a8cb-45b5-a9ae-fb2c5ed6f5b2" testId="97a1371f-e8e6-db3e-323e-49ffeef32df1" testName="interrogative_sentences_which" computerName="ARPAN-LAP" duration="00:00:00.0551188" startTime="2014-06-29T11:56:28.0198781+05:30" endTime="2014-06-29T11:56:28.0878820+05:30" testType="13cdc9d9-ddb5-4fa4-a97d-d965ccfc6d4b" outcome="Passed" testListId="8c84fa94-04c1-424b-9868-57a2d4851a1d" relativeResultsDirectory="b54e32c9-a8cb-45b5-a9ae-fb2c5ed6f5b2" resultType="DataDrivenTest">
      <Counters error="0" failed="0" timeout="0" aborted="0" inconclusive="0" passedButRunAborted="0" notRunnable="0" notExecuted="0" disconnected="0" warning="0" passed="2" completed="0" inProgress="0" pending="0" />
      <InnerResults>
        <UnitTestResult executionId="48c248d2-f7c9-4b8b-8d9f-266cc0e4b962" parentExecutionId="b54e32c9-a8cb-45b5-a9ae-fb2c5ed6f5b2" testId="97a1371f-e8e6-db3e-323e-49ffeef32df1" testName="interrogative_sentences_which" computerName="ARPAN-LAP" duration="00:00:00.0243116" startTime="2014-06-29T11:56:28.0248784+05:30" endTime="2014-06-29T11:56:28.0488798+05:30" testType="13cdc9d9-ddb5-4fa4-a97d-d965ccfc6d4b" outcome="Passed" testListId="8c84fa94-04c1-424b-9868-57a2d4851a1d" relativeResultsDirectory="b54e32c9-a8cb-45b5-a9ae-fb2c5ed6f5b2" dataRowInfo="0" resultType="DataDrivenDataRow" />
        <UnitTestResult executionId="db5ee744-c2fd-4fdb-9c62-96ccb954ec8d" parentExecutionId="b54e32c9-a8cb-45b5-a9ae-fb2c5ed6f5b2" testId="97a1371f-e8e6-db3e-323e-49ffeef32df1" testName="interrogative_sentences_which" computerName="ARPAN-LAP" duration="00:00:00.0292103" startTime="2014-06-29T11:56:28.0488798+05:30" endTime="2014-06-29T11:56:28.0788815+05:30" testType="13cdc9d9-ddb5-4fa4-a97d-d965ccfc6d4b" outcome="Passed" testListId="8c84fa94-04c1-424b-9868-57a2d4851a1d" relativeResultsDirectory="b54e32c9-a8cb-45b5-a9ae-fb2c5ed6f5b2" dataRowInfo="1" resultType="DataDrivenDataRow" />
      </InnerResults>
    </UnitTestResult>
    <UnitTestResult executionId="1f671ad4-f27f-4823-aa25-b3f5e113d20f" testId="b9261b51-b0a2-10e2-9308-22bb2624de8b" testName="interrogative_sentences_where" computerName="ARPAN-LAP" duration="00:00:00.0926041" startTime="2014-06-29T11:56:28.0918822+05:30" endTime="2014-06-29T11:56:28.2068888+05:30" testType="13cdc9d9-ddb5-4fa4-a97d-d965ccfc6d4b" outcome="Passed" testListId="8c84fa94-04c1-424b-9868-57a2d4851a1d" relativeResultsDirectory="1f671ad4-f27f-4823-aa25-b3f5e113d20f" resultType="DataDrivenTest">
      <Counters error="0" failed="0" timeout="0" aborted="0" inconclusive="0" passedButRunAborted="0" notRunnable="0" notExecuted="0" disconnected="0" warning="0" passed="3" completed="0" inProgress="0" pending="0" />
      <InnerResults>
        <UnitTestResult executionId="18fae256-5df7-44eb-97e5-a200098e3b3a" parentExecutionId="1f671ad4-f27f-4823-aa25-b3f5e113d20f" testId="b9261b51-b0a2-10e2-9308-22bb2624de8b" testName="interrogative_sentences_where" computerName="ARPAN-LAP" duration="00:00:00.0271403" startTime="2014-06-29T11:56:28.1028828+05:30" endTime="2014-06-29T11:56:28.1298844+05:30" testType="13cdc9d9-ddb5-4fa4-a97d-d965ccfc6d4b" outcome="Passed" testListId="8c84fa94-04c1-424b-9868-57a2d4851a1d" relativeResultsDirectory="1f671ad4-f27f-4823-aa25-b3f5e113d20f" dataRowInfo="0" resultType="DataDrivenDataRow" />
        <UnitTestResult executionId="ade8e3b3-088f-4dff-834c-1c849203e301" parentExecutionId="1f671ad4-f27f-4823-aa25-b3f5e113d20f" testId="b9261b51-b0a2-10e2-9308-22bb2624de8b" testName="interrogative_sentences_where" computerName="ARPAN-LAP" duration="00:00:00.0289157" startTime="2014-06-29T11:56:28.1298844+05:30" endTime="2014-06-29T11:56:28.1588860+05:30" testType="13cdc9d9-ddb5-4fa4-a97d-d965ccfc6d4b" outcome="Passed" testListId="8c84fa94-04c1-424b-9868-57a2d4851a1d" relativeResultsDirectory="1f671ad4-f27f-4823-aa25-b3f5e113d20f" dataRowInfo="1" resultType="DataDrivenDataRow" />
        <UnitTestResult executionId="8b9e4c54-b944-44de-a016-b745fd327884" parentExecutionId="1f671ad4-f27f-4823-aa25-b3f5e113d20f" testId="b9261b51-b0a2-10e2-9308-22bb2624de8b" testName="interrogative_sentences_where" computerName="ARPAN-LAP" duration="00:00:00.0342892" startTime="2014-06-29T11:56:28.1588860+05:30" endTime="2014-06-29T11:56:28.1938880+05:30" testType="13cdc9d9-ddb5-4fa4-a97d-d965ccfc6d4b" outcome="Passed" testListId="8c84fa94-04c1-424b-9868-57a2d4851a1d" relativeResultsDirectory="1f671ad4-f27f-4823-aa25-b3f5e113d20f" dataRowInfo="2" resultType="DataDrivenDataRow" />
      </InnerResults>
    </UnitTestResult>
    <UnitTestResult executionId="6f8ccca2-1a31-4ea3-ae06-ffb093ebdf3b" testId="bdfe92b2-f4ac-73a5-f13d-5c1ea13721b4" testName="all_persons_tenses_passive_negation" computerName="ARPAN-LAP" duration="00:00:00.3951118" startTime="2014-06-29T11:56:28.2158893+05:30" endTime="2014-06-29T11:56:28.6569145+05:30" testType="13cdc9d9-ddb5-4fa4-a97d-d965ccfc6d4b" outcome="Passed" testListId="8c84fa94-04c1-424b-9868-57a2d4851a1d" relativeResultsDirectory="6f8ccca2-1a31-4ea3-ae06-ffb093ebdf3b" resultType="DataDrivenTest">
      <Counters error="0" failed="0" timeout="0" aborted="0" inconclusive="0" passedButRunAborted="0" notRunnable="0" notExecuted="0" disconnected="0" warning="0" passed="10" completed="0" inProgress="0" pending="0" />
      <InnerResults>
        <UnitTestResult executionId="e0139c81-88cb-4c2c-bb98-7dbf04175dd9" parentExecutionId="6f8ccca2-1a31-4ea3-ae06-ffb093ebdf3b" testId="bdfe92b2-f4ac-73a5-f13d-5c1ea13721b4" testName="all_persons_tenses_passive_negation" computerName="ARPAN-LAP" duration="00:00:00.0280570" startTime="2014-06-29T11:56:28.2308902+05:30" endTime="2014-06-29T11:56:28.2588918+05:30" testType="13cdc9d9-ddb5-4fa4-a97d-d965ccfc6d4b" outcome="Passed" testListId="8c84fa94-04c1-424b-9868-57a2d4851a1d" relativeResultsDirectory="6f8ccca2-1a31-4ea3-ae06-ffb093ebdf3b" dataRowInfo="0" resultType="DataDrivenDataRow" />
        <UnitTestResult executionId="5f23f930-242d-4d5c-ade9-7053b3986d8c" parentExecutionId="6f8ccca2-1a31-4ea3-ae06-ffb093ebdf3b" testId="bdfe92b2-f4ac-73a5-f13d-5c1ea13721b4" testName="all_persons_tenses_passive_negation" computerName="ARPAN-LAP" duration="00:00:00.0553790" startTime="2014-06-29T11:56:28.2588918+05:30" endTime="2014-06-29T11:56:28.3148950+05:30" testType="13cdc9d9-ddb5-4fa4-a97d-d965ccfc6d4b" outcome="Passed" testListId="8c84fa94-04c1-424b-9868-57a2d4851a1d" relativeResultsDirectory="6f8ccca2-1a31-4ea3-ae06-ffb093ebdf3b" dataRowInfo="1" resultType="DataDrivenDataRow" />
        <UnitTestResult executionId="858a2692-38f1-417b-abe4-89dc2f9a3bcb" parentExecutionId="6f8ccca2-1a31-4ea3-ae06-ffb093ebdf3b" testId="bdfe92b2-f4ac-73a5-f13d-5c1ea13721b4" testName="all_persons_tenses_passive_negation" computerName="ARPAN-LAP" duration="00:00:00.0576492" startTime="2014-06-29T11:56:28.3148950+05:30" endTime="2014-06-29T11:56:28.3718982+05:30" testType="13cdc9d9-ddb5-4fa4-a97d-d965ccfc6d4b" outcome="Passed" testListId="8c84fa94-04c1-424b-9868-57a2d4851a1d" relativeResultsDirectory="6f8ccca2-1a31-4ea3-ae06-ffb093ebdf3b" dataRowInfo="2" resultType="DataDrivenDataRow" />
        <UnitTestResult executionId="c15369b0-5013-4c9e-b32c-b094d37de50e" parentExecutionId="6f8ccca2-1a31-4ea3-ae06-ffb093ebdf3b" testId="bdfe92b2-f4ac-73a5-f13d-5c1ea13721b4" testName="all_persons_tenses_passive_negation" computerName="ARPAN-LAP" duration="00:00:00.0425790" startTime="2014-06-29T11:56:28.3718982+05:30" endTime="2014-06-29T11:56:28.4149007+05:30" testType="13cdc9d9-ddb5-4fa4-a97d-d965ccfc6d4b" outcome="Passed" testListId="8c84fa94-04c1-424b-9868-57a2d4851a1d" relativeResultsDirectory="6f8ccca2-1a31-4ea3-ae06-ffb093ebdf3b" dataRowInfo="3" resultType="DataDrivenDataRow" />
        <UnitTestResult executionId="aeee650e-9956-4931-907b-3f0c170c59aa" parentExecutionId="6f8ccca2-1a31-4ea3-ae06-ffb093ebdf3b" testId="bdfe92b2-f4ac-73a5-f13d-5c1ea13721b4" testName="all_persons_tenses_passive_negation" computerName="ARPAN-LAP" duration="00:00:00.0267420" startTime="2014-06-29T11:56:28.4149007+05:30" endTime="2014-06-29T11:56:28.4419022+05:30" testType="13cdc9d9-ddb5-4fa4-a97d-d965ccfc6d4b" outcome="Passed" testListId="8c84fa94-04c1-424b-9868-57a2d4851a1d" relativeResultsDirectory="6f8ccca2-1a31-4ea3-ae06-ffb093ebdf3b" dataRowInfo="4" resultType="DataDrivenDataRow" />
        <UnitTestResult executionId="c9b722b4-c84c-45f3-a5f3-b7e22bd4ab6f" parentExecutionId="6f8ccca2-1a31-4ea3-ae06-ffb093ebdf3b" testId="bdfe92b2-f4ac-73a5-f13d-5c1ea13721b4" testName="all_persons_tenses_passive_negation" computerName="ARPAN-LAP" duration="00:00:00.0316720" startTime="2014-06-29T11:56:28.4419022+05:30" endTime="2014-06-29T11:56:28.4729040+05:30" testType="13cdc9d9-ddb5-4fa4-a97d-d965ccfc6d4b" outcome="Passed" testListId="8c84fa94-04c1-424b-9868-57a2d4851a1d" relativeResultsDirectory="6f8ccca2-1a31-4ea3-ae06-ffb093ebdf3b" dataRowInfo="5" resultType="DataDrivenDataRow" />
        <UnitTestResult executionId="82bd57b0-360c-4ba4-9254-676b31d61e0a" parentExecutionId="6f8ccca2-1a31-4ea3-ae06-ffb093ebdf3b" testId="bdfe92b2-f4ac-73a5-f13d-5c1ea13721b4" testName="all_persons_tenses_passive_negation" computerName="ARPAN-LAP" duration="00:00:00.0321473" startTime="2014-06-29T11:56:28.4729040+05:30" endTime="2014-06-29T11:56:28.5059059+05:30" testType="13cdc9d9-ddb5-4fa4-a97d-d965ccfc6d4b" outcome="Passed" testListId="8c84fa94-04c1-424b-9868-57a2d4851a1d" relativeResultsDirectory="6f8ccca2-1a31-4ea3-ae06-ffb093ebdf3b" dataRowInfo="6" resultType="DataDrivenDataRow" />
        <UnitTestResult executionId="9cb9d553-3840-40d2-8ddb-52288e298c05" parentExecutionId="6f8ccca2-1a31-4ea3-ae06-ffb093ebdf3b" testId="bdfe92b2-f4ac-73a5-f13d-5c1ea13721b4" testName="all_persons_tenses_passive_negation" computerName="ARPAN-LAP" duration="00:00:00.0385606" startTime="2014-06-29T11:56:28.5059059+05:30" endTime="2014-06-29T11:56:28.5439081+05:30" testType="13cdc9d9-ddb5-4fa4-a97d-d965ccfc6d4b" outcome="Passed" testListId="8c84fa94-04c1-424b-9868-57a2d4851a1d" relativeResultsDirectory="6f8ccca2-1a31-4ea3-ae06-ffb093ebdf3b" dataRowInfo="7" resultType="DataDrivenDataRow" />
        <UnitTestResult executionId="04d19eec-cda2-48a5-8b38-1655a6f4a993" parentExecutionId="6f8ccca2-1a31-4ea3-ae06-ffb093ebdf3b" testId="bdfe92b2-f4ac-73a5-f13d-5c1ea13721b4" testName="all_persons_tenses_passive_negation" computerName="ARPAN-LAP" duration="00:00:00.0414206" startTime="2014-06-29T11:56:28.5439081+05:30" endTime="2014-06-29T11:56:28.5859105+05:30" testType="13cdc9d9-ddb5-4fa4-a97d-d965ccfc6d4b" outcome="Passed" testListId="8c84fa94-04c1-424b-9868-57a2d4851a1d" relativeResultsDirectory="6f8ccca2-1a31-4ea3-ae06-ffb093ebdf3b" dataRowInfo="8" resultType="DataDrivenDataRow" />
        <UnitTestResult executionId="6c10fc14-ec4e-4ef9-9d1a-b3b920a99109" parentExecutionId="6f8ccca2-1a31-4ea3-ae06-ffb093ebdf3b" testId="bdfe92b2-f4ac-73a5-f13d-5c1ea13721b4" testName="all_persons_tenses_passive_negation" computerName="ARPAN-LAP" duration="00:00:00.0387613" startTime="2014-06-29T11:56:28.5859105+05:30" endTime="2014-06-29T11:56:28.6249127+05:30" testType="13cdc9d9-ddb5-4fa4-a97d-d965ccfc6d4b" outcome="Passed" testListId="8c84fa94-04c1-424b-9868-57a2d4851a1d" relativeResultsDirectory="6f8ccca2-1a31-4ea3-ae06-ffb093ebdf3b" dataRowInfo="9" resultType="DataDrivenDataRow" />
      </InnerResults>
    </UnitTestResult>
    <UnitTestResult executionId="71eee99d-2124-4e35-9335-de5a7ea291e3" testId="c79146bc-2376-961a-5de9-441b5dfc7188" testName="auxiliary_verbs_as_main_verbs" computerName="ARPAN-LAP" duration="00:00:00.8036366" startTime="2014-06-29T11:56:28.6649150+05:30" endTime="2014-06-29T11:56:29.5529658+05:30" testType="13cdc9d9-ddb5-4fa4-a97d-d965ccfc6d4b" outcome="Passed" testListId="8c84fa94-04c1-424b-9868-57a2d4851a1d" relativeResultsDirectory="71eee99d-2124-4e35-9335-de5a7ea291e3" resultType="DataDrivenTest">
      <Counters error="0" failed="0" timeout="0" aborted="0" inconclusive="0" passedButRunAborted="0" notRunnable="0" notExecuted="0" disconnected="0" warning="0" passed="25" completed="0" inProgress="0" pending="0" />
      <InnerResults>
        <UnitTestResult executionId="785853ed-7db5-4263-ab4a-cc0ba9132333" parentExecutionId="71eee99d-2124-4e35-9335-de5a7ea291e3" testId="c79146bc-2376-961a-5de9-441b5dfc7188" testName="auxiliary_verbs_as_main_verbs" computerName="ARPAN-LAP" duration="00:00:00.0323187" startTime="2014-06-29T11:56:28.6769157+05:30" endTime="2014-06-29T11:56:28.7089175+05:30" testType="13cdc9d9-ddb5-4fa4-a97d-d965ccfc6d4b" outcome="Passed" testListId="8c84fa94-04c1-424b-9868-57a2d4851a1d" relativeResultsDirectory="71eee99d-2124-4e35-9335-de5a7ea291e3" dataRowInfo="0" resultType="DataDrivenDataRow" />
        <UnitTestResult executionId="d0640265-b116-4a38-abe6-c4b8fdd7984e" parentExecutionId="71eee99d-2124-4e35-9335-de5a7ea291e3" testId="c79146bc-2376-961a-5de9-441b5dfc7188" testName="auxiliary_verbs_as_main_verbs" computerName="ARPAN-LAP" duration="00:00:00.0323623" startTime="2014-06-29T11:56:28.7089175+05:30" endTime="2014-06-29T11:56:28.7409193+05:30" testType="13cdc9d9-ddb5-4fa4-a97d-d965ccfc6d4b" outcome="Passed" testListId="8c84fa94-04c1-424b-9868-57a2d4851a1d" relativeResultsDirectory="71eee99d-2124-4e35-9335-de5a7ea291e3" dataRowInfo="1" resultType="DataDrivenDataRow" />
        <UnitTestResult executionId="ee4b8fdb-dcb7-41e8-8fb2-99dbc1f598b5" parentExecutionId="71eee99d-2124-4e35-9335-de5a7ea291e3" testId="c79146bc-2376-961a-5de9-441b5dfc7188" testName="auxiliary_verbs_as_main_verbs" computerName="ARPAN-LAP" duration="00:00:00.0398546" startTime="2014-06-29T11:56:28.7409193+05:30" endTime="2014-06-29T11:56:28.7809216+05:30" testType="13cdc9d9-ddb5-4fa4-a97d-d965ccfc6d4b" outcome="Passed" testListId="8c84fa94-04c1-424b-9868-57a2d4851a1d" relativeResultsDirectory="71eee99d-2124-4e35-9335-de5a7ea291e3" dataRowInfo="2" resultType="DataDrivenDataRow" />
        <UnitTestResult executionId="66f231d9-4677-4409-98a5-4863e7622084" parentExecutionId="71eee99d-2124-4e35-9335-de5a7ea291e3" testId="c79146bc-2376-961a-5de9-441b5dfc7188" testName="auxiliary_verbs_as_main_verbs" computerName="ARPAN-LAP" duration="00:00:00.0462212" startTime="2014-06-29T11:56:28.7809216+05:30" endTime="2014-06-29T11:56:28.8279243+05:30" testType="13cdc9d9-ddb5-4fa4-a97d-d965ccfc6d4b" outcome="Passed" testListId="8c84fa94-04c1-424b-9868-57a2d4851a1d" relativeResultsDirectory="71eee99d-2124-4e35-9335-de5a7ea291e3" dataRowInfo="3" resultType="DataDrivenDataRow" />
        <UnitTestResult executionId="66bce740-75bf-4e38-b850-4cc9c7196a8e" parentExecutionId="71eee99d-2124-4e35-9335-de5a7ea291e3" testId="c79146bc-2376-961a-5de9-441b5dfc7188" testName="auxiliary_verbs_as_main_verbs" computerName="ARPAN-LAP" duration="00:00:00.0357171" startTime="2014-06-29T11:56:28.8279243+05:30" endTime="2014-06-29T11:56:28.8629263+05:30" testType="13cdc9d9-ddb5-4fa4-a97d-d965ccfc6d4b" outcome="Passed" testListId="8c84fa94-04c1-424b-9868-57a2d4851a1d" relativeResultsDirectory="71eee99d-2124-4e35-9335-de5a7ea291e3" dataRowInfo="4" resultType="DataDrivenDataRow" />
        <UnitTestResult executionId="e4a868fd-3d7e-4232-aad8-9b8c05782c22" parentExecutionId="71eee99d-2124-4e35-9335-de5a7ea291e3" testId="c79146bc-2376-961a-5de9-441b5dfc7188" testName="auxiliary_verbs_as_main_verbs" computerName="ARPAN-LAP" duration="00:00:00.0320138" startTime="2014-06-29T11:56:28.8629263+05:30" endTime="2014-06-29T11:56:28.8949281+05:30" testType="13cdc9d9-ddb5-4fa4-a97d-d965ccfc6d4b" outcome="Passed" testListId="8c84fa94-04c1-424b-9868-57a2d4851a1d" relativeResultsDirectory="71eee99d-2124-4e35-9335-de5a7ea291e3" dataRowInfo="5" resultType="DataDrivenDataRow" />
        <UnitTestResult executionId="396a4a69-b3eb-45ad-baea-fe264d8cb5ff" parentExecutionId="71eee99d-2124-4e35-9335-de5a7ea291e3" testId="c79146bc-2376-961a-5de9-441b5dfc7188" testName="auxiliary_verbs_as_main_verbs" computerName="ARPAN-LAP" duration="00:00:00.0384128" startTime="2014-06-29T11:56:28.8949281+05:30" endTime="2014-06-29T11:56:28.9339304+05:30" testType="13cdc9d9-ddb5-4fa4-a97d-d965ccfc6d4b" outcome="Passed" testListId="8c84fa94-04c1-424b-9868-57a2d4851a1d" relativeResultsDirectory="71eee99d-2124-4e35-9335-de5a7ea291e3" dataRowInfo="6" resultType="DataDrivenDataRow" />
        <UnitTestResult executionId="01feb791-3b94-4905-84c8-1240f3f16415" parentExecutionId="71eee99d-2124-4e35-9335-de5a7ea291e3" testId="c79146bc-2376-961a-5de9-441b5dfc7188" testName="auxiliary_verbs_as_main_verbs" computerName="ARPAN-LAP" duration="00:00:00.0628194" startTime="2014-06-29T11:56:28.9339304+05:30" endTime="2014-06-29T11:56:28.9969340+05:30" testType="13cdc9d9-ddb5-4fa4-a97d-d965ccfc6d4b" outcome="Passed" testListId="8c84fa94-04c1-424b-9868-57a2d4851a1d" relativeResultsDirectory="71eee99d-2124-4e35-9335-de5a7ea291e3" dataRowInfo="7" resultType="DataDrivenDataRow" />
        <UnitTestResult executionId="fb80ec5c-5626-4a7a-8f60-29d9f669f55f" parentExecutionId="71eee99d-2124-4e35-9335-de5a7ea291e3" testId="c79146bc-2376-961a-5de9-441b5dfc7188" testName="auxiliary_verbs_as_main_verbs" computerName="ARPAN-LAP" duration="00:00:00.0488959" startTime="2014-06-29T11:56:28.9969340+05:30" endTime="2014-06-29T11:56:29.0459368+05:30" testType="13cdc9d9-ddb5-4fa4-a97d-d965ccfc6d4b" outcome="Passed" testListId="8c84fa94-04c1-424b-9868-57a2d4851a1d" relativeResultsDirectory="71eee99d-2124-4e35-9335-de5a7ea291e3" dataRowInfo="8" resultType="DataDrivenDataRow" />
        <UnitTestResult executionId="22d7a32a-b15e-44e9-831e-6df05cfa9872" parentExecutionId="71eee99d-2124-4e35-9335-de5a7ea291e3" testId="c79146bc-2376-961a-5de9-441b5dfc7188" testName="auxiliary_verbs_as_main_verbs" computerName="ARPAN-LAP" duration="00:00:00.0242526" startTime="2014-06-29T11:56:29.0459368+05:30" endTime="2014-06-29T11:56:29.0699382+05:30" testType="13cdc9d9-ddb5-4fa4-a97d-d965ccfc6d4b" outcome="Passed" testListId="8c84fa94-04c1-424b-9868-57a2d4851a1d" relativeResultsDirectory="71eee99d-2124-4e35-9335-de5a7ea291e3" dataRowInfo="9" resultType="DataDrivenDataRow" />
        <UnitTestResult executionId="41569298-3046-4e92-9ee6-6b1b79bd1428" parentExecutionId="71eee99d-2124-4e35-9335-de5a7ea291e3" testId="c79146bc-2376-961a-5de9-441b5dfc7188" testName="auxiliary_verbs_as_main_verbs" computerName="ARPAN-LAP" duration="00:00:00.0224993" startTime="2014-06-29T11:56:29.0699382+05:30" endTime="2014-06-29T11:56:29.0929395+05:30" testType="13cdc9d9-ddb5-4fa4-a97d-d965ccfc6d4b" outcome="Passed" testListId="8c84fa94-04c1-424b-9868-57a2d4851a1d" relativeResultsDirectory="71eee99d-2124-4e35-9335-de5a7ea291e3" dataRowInfo="10" resultType="DataDrivenDataRow" />
        <UnitTestResult executionId="0b2473ca-bdbc-4d75-9e73-725d4fa1592b" parentExecutionId="71eee99d-2124-4e35-9335-de5a7ea291e3" testId="c79146bc-2376-961a-5de9-441b5dfc7188" testName="auxiliary_verbs_as_main_verbs" computerName="ARPAN-LAP" duration="00:00:00.0277449" startTime="2014-06-29T11:56:29.0929395+05:30" endTime="2014-06-29T11:56:29.1199410+05:30" testType="13cdc9d9-ddb5-4fa4-a97d-d965ccfc6d4b" outcome="Passed" testListId="8c84fa94-04c1-424b-9868-57a2d4851a1d" relativeResultsDirectory="71eee99d-2124-4e35-9335-de5a7ea291e3" dataRowInfo="11" resultType="DataDrivenDataRow" />
        <UnitTestResult executionId="335a772f-b540-4522-b5aa-6024be97b509" parentExecutionId="71eee99d-2124-4e35-9335-de5a7ea291e3" testId="c79146bc-2376-961a-5de9-441b5dfc7188" testName="auxiliary_verbs_as_main_verbs" computerName="ARPAN-LAP" duration="00:00:00.0340269" startTime="2014-06-29T11:56:29.1199410+05:30" endTime="2014-06-29T11:56:29.1539430+05:30" testType="13cdc9d9-ddb5-4fa4-a97d-d965ccfc6d4b" outcome="Passed" testListId="8c84fa94-04c1-424b-9868-57a2d4851a1d" relativeResultsDirectory="71eee99d-2124-4e35-9335-de5a7ea291e3" dataRowInfo="12" resultType="DataDrivenDataRow" />
        <UnitTestResult executionId="4de90fb8-6ab1-42b0-8856-9e28f08cddf8" parentExecutionId="71eee99d-2124-4e35-9335-de5a7ea291e3" testId="c79146bc-2376-961a-5de9-441b5dfc7188" testName="auxiliary_verbs_as_main_verbs" computerName="ARPAN-LAP" duration="00:00:00.0312593" startTime="2014-06-29T11:56:29.1539430+05:30" endTime="2014-06-29T11:56:29.1859448+05:30" testType="13cdc9d9-ddb5-4fa4-a97d-d965ccfc6d4b" outcome="Passed" testListId="8c84fa94-04c1-424b-9868-57a2d4851a1d" relativeResultsDirectory="71eee99d-2124-4e35-9335-de5a7ea291e3" dataRowInfo="13" resultType="DataDrivenDataRow" />
        <UnitTestResult executionId="b7ce0ee0-ef05-4c70-ac28-018c35579309" parentExecutionId="71eee99d-2124-4e35-9335-de5a7ea291e3" testId="c79146bc-2376-961a-5de9-441b5dfc7188" testName="auxiliary_verbs_as_main_verbs" computerName="ARPAN-LAP" duration="00:00:00.0241094" startTime="2014-06-29T11:56:29.1859448+05:30" endTime="2014-06-29T11:56:29.2099462+05:30" testType="13cdc9d9-ddb5-4fa4-a97d-d965ccfc6d4b" outcome="Passed" testListId="8c84fa94-04c1-424b-9868-57a2d4851a1d" relativeResultsDirectory="71eee99d-2124-4e35-9335-de5a7ea291e3" dataRowInfo="14" resultType="DataDrivenDataRow" />
        <UnitTestResult executionId="68cc0f24-7d66-448c-8097-48b43da8f365" parentExecutionId="71eee99d-2124-4e35-9335-de5a7ea291e3" testId="c79146bc-2376-961a-5de9-441b5dfc7188" testName="auxiliary_verbs_as_main_verbs" computerName="ARPAN-LAP" duration="00:00:00.0232502" startTime="2014-06-29T11:56:29.2099462+05:30" endTime="2014-06-29T11:56:29.2329475+05:30" testType="13cdc9d9-ddb5-4fa4-a97d-d965ccfc6d4b" outcome="Passed" testListId="8c84fa94-04c1-424b-9868-57a2d4851a1d" relativeResultsDirectory="71eee99d-2124-4e35-9335-de5a7ea291e3" dataRowInfo="15" resultType="DataDrivenDataRow" />
        <UnitTestResult executionId="50d9af77-efe7-4463-941e-1d4dd9368e01" parentExecutionId="71eee99d-2124-4e35-9335-de5a7ea291e3" testId="c79146bc-2376-961a-5de9-441b5dfc7188" testName="auxiliary_verbs_as_main_verbs" computerName="ARPAN-LAP" duration="00:00:00.0309678" startTime="2014-06-29T11:56:29.2329475+05:30" endTime="2014-06-29T11:56:29.2639493+05:30" testType="13cdc9d9-ddb5-4fa4-a97d-d965ccfc6d4b" outcome="Passed" testListId="8c84fa94-04c1-424b-9868-57a2d4851a1d" relativeResultsDirectory="71eee99d-2124-4e35-9335-de5a7ea291e3" dataRowInfo="16" resultType="DataDrivenDataRow" />
        <UnitTestResult executionId="ae452dc5-63bd-4804-826f-4185e279a148" parentExecutionId="71eee99d-2124-4e35-9335-de5a7ea291e3" testId="c79146bc-2376-961a-5de9-441b5dfc7188" testName="auxiliary_verbs_as_main_verbs" computerName="ARPAN-LAP" duration="00:00:00.0206833" startTime="2014-06-29T11:56:29.2639493+05:30" endTime="2014-06-29T11:56:29.2849505+05:30" testType="13cdc9d9-ddb5-4fa4-a97d-d965ccfc6d4b" outcome="Passed" testListId="8c84fa94-04c1-424b-9868-57a2d4851a1d" relativeResultsDirectory="71eee99d-2124-4e35-9335-de5a7ea291e3" dataRowInfo="17" resultType="DataDrivenDataRow" />
        <UnitTestResult executionId="8b2f36ff-a6c1-4c3d-8e68-396ac1940c56" parentExecutionId="71eee99d-2124-4e35-9335-de5a7ea291e3" testId="c79146bc-2376-961a-5de9-441b5dfc7188" testName="auxiliary_verbs_as_main_verbs" computerName="ARPAN-LAP" duration="00:00:00.0214291" startTime="2014-06-29T11:56:29.2849505+05:30" endTime="2014-06-29T11:56:29.3059517+05:30" testType="13cdc9d9-ddb5-4fa4-a97d-d965ccfc6d4b" outcome="Passed" testListId="8c84fa94-04c1-424b-9868-57a2d4851a1d" relativeResultsDirectory="71eee99d-2124-4e35-9335-de5a7ea291e3" dataRowInfo="18" resultType="DataDrivenDataRow" />
        <UnitTestResult executionId="a8b6ea09-97e8-4731-a04d-8b87814fe5ca" parentExecutionId="71eee99d-2124-4e35-9335-de5a7ea291e3" testId="c79146bc-2376-961a-5de9-441b5dfc7188" testName="auxiliary_verbs_as_main_verbs" computerName="ARPAN-LAP" duration="00:00:00.0327406" startTime="2014-06-29T11:56:29.3069517+05:30" endTime="2014-06-29T11:56:29.3389535+05:30" testType="13cdc9d9-ddb5-4fa4-a97d-d965ccfc6d4b" outcome="Passed" testListId="8c84fa94-04c1-424b-9868-57a2d4851a1d" relativeResultsDirectory="71eee99d-2124-4e35-9335-de5a7ea291e3" dataRowInfo="19" resultType="DataDrivenDataRow" />
        <UnitTestResult executionId="66dc8c71-a2c1-43c3-a79d-32d80328d0b6" parentExecutionId="71eee99d-2124-4e35-9335-de5a7ea291e3" testId="c79146bc-2376-961a-5de9-441b5dfc7188" testName="auxiliary_verbs_as_main_verbs" computerName="ARPAN-LAP" duration="00:00:00.0322966" startTime="2014-06-29T11:56:29.3389535+05:30" endTime="2014-06-29T11:56:29.3719554+05:30" testType="13cdc9d9-ddb5-4fa4-a97d-d965ccfc6d4b" outcome="Passed" testListId="8c84fa94-04c1-424b-9868-57a2d4851a1d" relativeResultsDirectory="71eee99d-2124-4e35-9335-de5a7ea291e3" dataRowInfo="20" resultType="DataDrivenDataRow" />
        <UnitTestResult executionId="bfbfbeab-4866-456d-96a3-fe709ac343eb" parentExecutionId="71eee99d-2124-4e35-9335-de5a7ea291e3" testId="c79146bc-2376-961a-5de9-441b5dfc7188" testName="auxiliary_verbs_as_main_verbs" computerName="ARPAN-LAP" duration="00:00:00.0323931" startTime="2014-06-29T11:56:29.3719554+05:30" endTime="2014-06-29T11:56:29.4039573+05:30" testType="13cdc9d9-ddb5-4fa4-a97d-d965ccfc6d4b" outcome="Passed" testListId="8c84fa94-04c1-424b-9868-57a2d4851a1d" relativeResultsDirectory="71eee99d-2124-4e35-9335-de5a7ea291e3" dataRowInfo="21" resultType="DataDrivenDataRow" />
        <UnitTestResult executionId="223b3e1c-9354-45d2-9549-7ade97504f64" parentExecutionId="71eee99d-2124-4e35-9335-de5a7ea291e3" testId="c79146bc-2376-961a-5de9-441b5dfc7188" testName="auxiliary_verbs_as_main_verbs" computerName="ARPAN-LAP" duration="00:00:00.0207480" startTime="2014-06-29T11:56:29.4039573+05:30" endTime="2014-06-29T11:56:29.4249585+05:30" testType="13cdc9d9-ddb5-4fa4-a97d-d965ccfc6d4b" outcome="Passed" testListId="8c84fa94-04c1-424b-9868-57a2d4851a1d" relativeResultsDirectory="71eee99d-2124-4e35-9335-de5a7ea291e3" dataRowInfo="22" resultType="DataDrivenDataRow" />
        <UnitTestResult executionId="9e2c885c-e914-477b-bc53-59067fb1ce34" parentExecutionId="71eee99d-2124-4e35-9335-de5a7ea291e3" testId="c79146bc-2376-961a-5de9-441b5dfc7188" testName="auxiliary_verbs_as_main_verbs" computerName="ARPAN-LAP" duration="00:00:00.0226024" startTime="2014-06-29T11:56:29.4249585+05:30" endTime="2014-06-29T11:56:29.4479598+05:30" testType="13cdc9d9-ddb5-4fa4-a97d-d965ccfc6d4b" outcome="Passed" testListId="8c84fa94-04c1-424b-9868-57a2d4851a1d" relativeResultsDirectory="71eee99d-2124-4e35-9335-de5a7ea291e3" dataRowInfo="23" resultType="DataDrivenDataRow" />
        <UnitTestResult executionId="729cd197-dad4-4563-aedd-43bac4550e3d" parentExecutionId="71eee99d-2124-4e35-9335-de5a7ea291e3" testId="c79146bc-2376-961a-5de9-441b5dfc7188" testName="auxiliary_verbs_as_main_verbs" computerName="ARPAN-LAP" duration="00:00:00.0303529" startTime="2014-06-29T11:56:29.4479598+05:30" endTime="2014-06-29T11:56:29.4779615+05:30" testType="13cdc9d9-ddb5-4fa4-a97d-d965ccfc6d4b" outcome="Passed" testListId="8c84fa94-04c1-424b-9868-57a2d4851a1d" relativeResultsDirectory="71eee99d-2124-4e35-9335-de5a7ea291e3" dataRowInfo="24" resultType="DataDrivenDataRow" />
      </InnerResults>
    </UnitTestResult>
    <UnitTestResult executionId="df2607ad-560e-4e86-9e46-65b63a1ae97f" testId="d03eb628-bf1f-c27d-aeef-e708d613d686" testName="all_persons_modal_can_may_negation" computerName="ARPAN-LAP" duration="00:00:00.7649440" startTime="2014-06-29T11:56:29.5639664+05:30" endTime="2014-06-29T11:56:30.4180153+05:30" testType="13cdc9d9-ddb5-4fa4-a97d-d965ccfc6d4b" outcome="Passed" testListId="8c84fa94-04c1-424b-9868-57a2d4851a1d" relativeResultsDirectory="df2607ad-560e-4e86-9e46-65b63a1ae97f" resultType="DataDrivenTest">
      <Counters error="0" failed="0" timeout="0" aborted="0" inconclusive="0" passedButRunAborted="0" notRunnable="0" notExecuted="0" disconnected="0" warning="0" passed="24" completed="0" inProgress="0" pending="0" />
      <InnerResults>
        <UnitTestResult executionId="f0b1a43a-ea27-4a0e-9591-a1a3ff8b59c6" parentExecutionId="df2607ad-560e-4e86-9e46-65b63a1ae97f" testId="d03eb628-bf1f-c27d-aeef-e708d613d686" testName="all_persons_modal_can_may_negation" computerName="ARPAN-LAP" duration="00:00:00.0325250" startTime="2014-06-29T11:56:29.5769672+05:30" endTime="2014-06-29T11:56:29.6099690+05:30" testType="13cdc9d9-ddb5-4fa4-a97d-d965ccfc6d4b" outcome="Passed" testListId="8c84fa94-04c1-424b-9868-57a2d4851a1d" relativeResultsDirectory="df2607ad-560e-4e86-9e46-65b63a1ae97f" dataRowInfo="0" resultType="DataDrivenDataRow" />
        <UnitTestResult executionId="43dcf3a5-1b36-48f7-ad34-b6d0ac65529e" parentExecutionId="df2607ad-560e-4e86-9e46-65b63a1ae97f" testId="d03eb628-bf1f-c27d-aeef-e708d613d686" testName="all_persons_modal_can_may_negation" computerName="ARPAN-LAP" duration="00:00:00.0259433" startTime="2014-06-29T11:56:29.6099690+05:30" endTime="2014-06-29T11:56:29.6359705+05:30" testType="13cdc9d9-ddb5-4fa4-a97d-d965ccfc6d4b" outcome="Passed" testListId="8c84fa94-04c1-424b-9868-57a2d4851a1d" relativeResultsDirectory="df2607ad-560e-4e86-9e46-65b63a1ae97f" dataRowInfo="1" resultType="DataDrivenDataRow" />
        <UnitTestResult executionId="03bb9cff-4e50-4c90-8e0c-64db549ead19" parentExecutionId="df2607ad-560e-4e86-9e46-65b63a1ae97f" testId="d03eb628-bf1f-c27d-aeef-e708d613d686" testName="all_persons_modal_can_may_negation" computerName="ARPAN-LAP" duration="00:00:00.0276397" startTime="2014-06-29T11:56:29.6359705+05:30" endTime="2014-06-29T11:56:29.6639721+05:30" testType="13cdc9d9-ddb5-4fa4-a97d-d965ccfc6d4b" outcome="Passed" testListId="8c84fa94-04c1-424b-9868-57a2d4851a1d" relativeResultsDirectory="df2607ad-560e-4e86-9e46-65b63a1ae97f" dataRowInfo="2" resultType="DataDrivenDataRow" />
        <UnitTestResult executionId="e7b3c3a6-b92d-4282-92c5-c1ed84e6580c" parentExecutionId="df2607ad-560e-4e86-9e46-65b63a1ae97f" testId="d03eb628-bf1f-c27d-aeef-e708d613d686" testName="all_persons_modal_can_may_negation" computerName="ARPAN-LAP" duration="00:00:00.0297123" startTime="2014-06-29T11:56:29.6639721+05:30" endTime="2014-06-29T11:56:29.6929738+05:30" testType="13cdc9d9-ddb5-4fa4-a97d-d965ccfc6d4b" outcome="Passed" testListId="8c84fa94-04c1-424b-9868-57a2d4851a1d" relativeResultsDirectory="df2607ad-560e-4e86-9e46-65b63a1ae97f" dataRowInfo="3" resultType="DataDrivenDataRow" />
        <UnitTestResult executionId="e22c404b-6469-4cba-8e32-545fef744723" parentExecutionId="df2607ad-560e-4e86-9e46-65b63a1ae97f" testId="d03eb628-bf1f-c27d-aeef-e708d613d686" testName="all_persons_modal_can_may_negation" computerName="ARPAN-LAP" duration="00:00:00.0344806" startTime="2014-06-29T11:56:29.6929738+05:30" endTime="2014-06-29T11:56:29.7279758+05:30" testType="13cdc9d9-ddb5-4fa4-a97d-d965ccfc6d4b" outcome="Passed" testListId="8c84fa94-04c1-424b-9868-57a2d4851a1d" relativeResultsDirectory="df2607ad-560e-4e86-9e46-65b63a1ae97f" dataRowInfo="4" resultType="DataDrivenDataRow" />
        <UnitTestResult executionId="191465e8-d070-439b-bb50-aaa39a1640a0" parentExecutionId="df2607ad-560e-4e86-9e46-65b63a1ae97f" testId="d03eb628-bf1f-c27d-aeef-e708d613d686" testName="all_persons_modal_can_may_negation" computerName="ARPAN-LAP" duration="00:00:00.0322232" startTime="2014-06-29T11:56:29.7279758+05:30" endTime="2014-06-29T11:56:29.7599776+05:30" testType="13cdc9d9-ddb5-4fa4-a97d-d965ccfc6d4b" outcome="Passed" testListId="8c84fa94-04c1-424b-9868-57a2d4851a1d" relativeResultsDirectory="df2607ad-560e-4e86-9e46-65b63a1ae97f" dataRowInfo="5" resultType="DataDrivenDataRow" />
        <UnitTestResult executionId="c4393e6c-ec5b-4dd0-946d-9fe1eca6507b" parentExecutionId="df2607ad-560e-4e86-9e46-65b63a1ae97f" testId="d03eb628-bf1f-c27d-aeef-e708d613d686" testName="all_persons_modal_can_may_negation" computerName="ARPAN-LAP" duration="00:00:00.0576343" startTime="2014-06-29T11:56:29.7599776+05:30" endTime="2014-06-29T11:56:29.8179809+05:30" testType="13cdc9d9-ddb5-4fa4-a97d-d965ccfc6d4b" outcome="Passed" testListId="8c84fa94-04c1-424b-9868-57a2d4851a1d" relativeResultsDirectory="df2607ad-560e-4e86-9e46-65b63a1ae97f" dataRowInfo="6" resultType="DataDrivenDataRow" />
        <UnitTestResult executionId="56d59a1a-4060-484f-8165-cd60bd03a768" parentExecutionId="df2607ad-560e-4e86-9e46-65b63a1ae97f" testId="d03eb628-bf1f-c27d-aeef-e708d613d686" testName="all_persons_modal_can_may_negation" computerName="ARPAN-LAP" duration="00:00:00.0686528" startTime="2014-06-29T11:56:29.8179809+05:30" endTime="2014-06-29T11:56:29.8869849+05:30" testType="13cdc9d9-ddb5-4fa4-a97d-d965ccfc6d4b" outcome="Passed" testListId="8c84fa94-04c1-424b-9868-57a2d4851a1d" relativeResultsDirectory="df2607ad-560e-4e86-9e46-65b63a1ae97f" dataRowInfo="7" resultType="DataDrivenDataRow" />
        <UnitTestResult executionId="09c98f69-eaab-4f7a-8068-281e7bf131b1" parentExecutionId="df2607ad-560e-4e86-9e46-65b63a1ae97f" testId="d03eb628-bf1f-c27d-aeef-e708d613d686" testName="all_persons_modal_can_may_negation" computerName="ARPAN-LAP" duration="00:00:00.0317218" startTime="2014-06-29T11:56:29.8869849+05:30" endTime="2014-06-29T11:56:29.9179867+05:30" testType="13cdc9d9-ddb5-4fa4-a97d-d965ccfc6d4b" outcome="Passed" testListId="8c84fa94-04c1-424b-9868-57a2d4851a1d" relativeResultsDirectory="df2607ad-560e-4e86-9e46-65b63a1ae97f" dataRowInfo="8" resultType="DataDrivenDataRow" />
        <UnitTestResult executionId="c1cf42de-a083-4d60-b9b9-365b39889535" parentExecutionId="df2607ad-560e-4e86-9e46-65b63a1ae97f" testId="d03eb628-bf1f-c27d-aeef-e708d613d686" testName="all_persons_modal_can_may_negation" computerName="ARPAN-LAP" duration="00:00:00.0312814" startTime="2014-06-29T11:56:29.9179867+05:30" endTime="2014-06-29T11:56:29.9499885+05:30" testType="13cdc9d9-ddb5-4fa4-a97d-d965ccfc6d4b" outcome="Passed" testListId="8c84fa94-04c1-424b-9868-57a2d4851a1d" relativeResultsDirectory="df2607ad-560e-4e86-9e46-65b63a1ae97f" dataRowInfo="9" resultType="DataDrivenDataRow" />
        <UnitTestResult executionId="94d4ac41-9514-4d50-93dc-ccd31a8a2bda" parentExecutionId="df2607ad-560e-4e86-9e46-65b63a1ae97f" testId="d03eb628-bf1f-c27d-aeef-e708d613d686" testName="all_persons_modal_can_may_negation" computerName="ARPAN-LAP" duration="00:00:00.0366846" startTime="2014-06-29T11:56:29.9499885+05:30" endTime="2014-06-29T11:56:29.9869906+05:30" testType="13cdc9d9-ddb5-4fa4-a97d-d965ccfc6d4b" outcome="Passed" testListId="8c84fa94-04c1-424b-9868-57a2d4851a1d" relativeResultsDirectory="df2607ad-560e-4e86-9e46-65b63a1ae97f" dataRowInfo="10" resultType="DataDrivenDataRow" />
        <UnitTestResult executionId="411812d9-6283-49df-b867-d994cad5e6be" parentExecutionId="df2607ad-560e-4e86-9e46-65b63a1ae97f" testId="d03eb628-bf1f-c27d-aeef-e708d613d686" testName="all_persons_modal_can_may_negation" computerName="ARPAN-LAP" duration="00:00:00.0233349" startTime="2014-06-29T11:56:29.9869906+05:30" endTime="2014-06-29T11:56:30.0099919+05:30" testType="13cdc9d9-ddb5-4fa4-a97d-d965ccfc6d4b" outcome="Passed" testListId="8c84fa94-04c1-424b-9868-57a2d4851a1d" relativeResultsDirectory="df2607ad-560e-4e86-9e46-65b63a1ae97f" dataRowInfo="11" resultType="DataDrivenDataRow" />
        <UnitTestResult executionId="12e929bf-9e8d-403d-9d5e-b0af751d8c48" parentExecutionId="df2607ad-560e-4e86-9e46-65b63a1ae97f" testId="d03eb628-bf1f-c27d-aeef-e708d613d686" testName="all_persons_modal_can_may_negation" computerName="ARPAN-LAP" duration="00:00:00.0314256" startTime="2014-06-29T11:56:30.0099919+05:30" endTime="2014-06-29T11:56:30.0409937+05:30" testType="13cdc9d9-ddb5-4fa4-a97d-d965ccfc6d4b" outcome="Passed" testListId="8c84fa94-04c1-424b-9868-57a2d4851a1d" relativeResultsDirectory="df2607ad-560e-4e86-9e46-65b63a1ae97f" dataRowInfo="12" resultType="DataDrivenDataRow" />
        <UnitTestResult executionId="3f24559a-6836-4762-bf11-c010f8115967" parentExecutionId="df2607ad-560e-4e86-9e46-65b63a1ae97f" testId="d03eb628-bf1f-c27d-aeef-e708d613d686" testName="all_persons_modal_can_may_negation" computerName="ARPAN-LAP" duration="00:00:00.0302333" startTime="2014-06-29T11:56:30.0409937+05:30" endTime="2014-06-29T11:56:30.0719955+05:30" testType="13cdc9d9-ddb5-4fa4-a97d-d965ccfc6d4b" outcome="Passed" testListId="8c84fa94-04c1-424b-9868-57a2d4851a1d" relativeResultsDirectory="df2607ad-560e-4e86-9e46-65b63a1ae97f" dataRowInfo="13" resultType="DataDrivenDataRow" />
        <UnitTestResult executionId="61937a9a-cc67-413b-9ef4-ce6ca584be1f" parentExecutionId="df2607ad-560e-4e86-9e46-65b63a1ae97f" testId="d03eb628-bf1f-c27d-aeef-e708d613d686" testName="all_persons_modal_can_may_negation" computerName="ARPAN-LAP" duration="00:00:00.0276972" startTime="2014-06-29T11:56:30.0719955+05:30" endTime="2014-06-29T11:56:30.0989970+05:30" testType="13cdc9d9-ddb5-4fa4-a97d-d965ccfc6d4b" outcome="Passed" testListId="8c84fa94-04c1-424b-9868-57a2d4851a1d" relativeResultsDirectory="df2607ad-560e-4e86-9e46-65b63a1ae97f" dataRowInfo="14" resultType="DataDrivenDataRow" />
        <UnitTestResult executionId="d9cda2f7-6c92-4468-8760-04864a481ef5" parentExecutionId="df2607ad-560e-4e86-9e46-65b63a1ae97f" testId="d03eb628-bf1f-c27d-aeef-e708d613d686" testName="all_persons_modal_can_may_negation" computerName="ARPAN-LAP" duration="00:00:00.0263298" startTime="2014-06-29T11:56:30.0989970+05:30" endTime="2014-06-29T11:56:30.1259986+05:30" testType="13cdc9d9-ddb5-4fa4-a97d-d965ccfc6d4b" outcome="Passed" testListId="8c84fa94-04c1-424b-9868-57a2d4851a1d" relativeResultsDirectory="df2607ad-560e-4e86-9e46-65b63a1ae97f" dataRowInfo="15" resultType="DataDrivenDataRow" />
        <UnitTestResult executionId="25854b18-cbfa-4dac-9757-e723b1358e7e" parentExecutionId="df2607ad-560e-4e86-9e46-65b63a1ae97f" testId="d03eb628-bf1f-c27d-aeef-e708d613d686" testName="all_persons_modal_can_may_negation" computerName="ARPAN-LAP" duration="00:00:00.0232025" startTime="2014-06-29T11:56:30.1259986+05:30" endTime="2014-06-29T11:56:30.1489999+05:30" testType="13cdc9d9-ddb5-4fa4-a97d-d965ccfc6d4b" outcome="Passed" testListId="8c84fa94-04c1-424b-9868-57a2d4851a1d" relativeResultsDirectory="df2607ad-560e-4e86-9e46-65b63a1ae97f" dataRowInfo="16" resultType="DataDrivenDataRow" />
        <UnitTestResult executionId="f7ce5233-571e-4d3b-aa67-66f3593c6892" parentExecutionId="df2607ad-560e-4e86-9e46-65b63a1ae97f" testId="d03eb628-bf1f-c27d-aeef-e708d613d686" testName="all_persons_modal_can_may_negation" computerName="ARPAN-LAP" duration="00:00:00.0223047" startTime="2014-06-29T11:56:30.1489999+05:30" endTime="2014-06-29T11:56:30.1710011+05:30" testType="13cdc9d9-ddb5-4fa4-a97d-d965ccfc6d4b" outcome="Passed" testListId="8c84fa94-04c1-424b-9868-57a2d4851a1d" relativeResultsDirectory="df2607ad-560e-4e86-9e46-65b63a1ae97f" dataRowInfo="17" resultType="DataDrivenDataRow" />
        <UnitTestResult executionId="90e89270-e990-4893-947d-d6ba57958063" parentExecutionId="df2607ad-560e-4e86-9e46-65b63a1ae97f" testId="d03eb628-bf1f-c27d-aeef-e708d613d686" testName="all_persons_modal_can_may_negation" computerName="ARPAN-LAP" duration="00:00:00.0226707" startTime="2014-06-29T11:56:30.1710011+05:30" endTime="2014-06-29T11:56:30.1940024+05:30" testType="13cdc9d9-ddb5-4fa4-a97d-d965ccfc6d4b" outcome="Passed" testListId="8c84fa94-04c1-424b-9868-57a2d4851a1d" relativeResultsDirectory="df2607ad-560e-4e86-9e46-65b63a1ae97f" dataRowInfo="18" resultType="DataDrivenDataRow" />
        <UnitTestResult executionId="2c3275ca-a417-45d6-8c76-fd0f85d1a832" parentExecutionId="df2607ad-560e-4e86-9e46-65b63a1ae97f" testId="d03eb628-bf1f-c27d-aeef-e708d613d686" testName="all_persons_modal_can_may_negation" computerName="ARPAN-LAP" duration="00:00:00.0225768" startTime="2014-06-29T11:56:30.1940024+05:30" endTime="2014-06-29T11:56:30.2170038+05:30" testType="13cdc9d9-ddb5-4fa4-a97d-d965ccfc6d4b" outcome="Passed" testListId="8c84fa94-04c1-424b-9868-57a2d4851a1d" relativeResultsDirectory="df2607ad-560e-4e86-9e46-65b63a1ae97f" dataRowInfo="19" resultType="DataDrivenDataRow" />
        <UnitTestResult executionId="4074df94-8513-4570-afff-bf30f15bd6d4" parentExecutionId="df2607ad-560e-4e86-9e46-65b63a1ae97f" testId="d03eb628-bf1f-c27d-aeef-e708d613d686" testName="all_persons_modal_can_may_negation" computerName="ARPAN-LAP" duration="00:00:00.0262426" startTime="2014-06-29T11:56:30.2170038+05:30" endTime="2014-06-29T11:56:30.2430053+05:30" testType="13cdc9d9-ddb5-4fa4-a97d-d965ccfc6d4b" outcome="Passed" testListId="8c84fa94-04c1-424b-9868-57a2d4851a1d" relativeResultsDirectory="df2607ad-560e-4e86-9e46-65b63a1ae97f" dataRowInfo="20" resultType="DataDrivenDataRow" />
        <UnitTestResult executionId="6d511540-82f9-40e9-aa17-87b32b8c20bf" parentExecutionId="df2607ad-560e-4e86-9e46-65b63a1ae97f" testId="d03eb628-bf1f-c27d-aeef-e708d613d686" testName="all_persons_modal_can_may_negation" computerName="ARPAN-LAP" duration="00:00:00.0357992" startTime="2014-06-29T11:56:30.2430053+05:30" endTime="2014-06-29T11:56:30.2790073+05:30" testType="13cdc9d9-ddb5-4fa4-a97d-d965ccfc6d4b" outcome="Passed" testListId="8c84fa94-04c1-424b-9868-57a2d4851a1d" relativeResultsDirectory="df2607ad-560e-4e86-9e46-65b63a1ae97f" dataRowInfo="21" resultType="DataDrivenDataRow" />
        <UnitTestResult executionId="352763e1-15c4-4fa0-a00c-5b7fa6a23b5f" parentExecutionId="df2607ad-560e-4e86-9e46-65b63a1ae97f" testId="d03eb628-bf1f-c27d-aeef-e708d613d686" testName="all_persons_modal_can_may_negation" computerName="ARPAN-LAP" duration="00:00:00.0316817" startTime="2014-06-29T11:56:30.2790073+05:30" endTime="2014-06-29T11:56:30.3110091+05:30" testType="13cdc9d9-ddb5-4fa4-a97d-d965ccfc6d4b" outcome="Passed" testListId="8c84fa94-04c1-424b-9868-57a2d4851a1d" relativeResultsDirectory="df2607ad-560e-4e86-9e46-65b63a1ae97f" dataRowInfo="22" resultType="DataDrivenDataRow" />
        <UnitTestResult executionId="1b8746d3-8e58-407b-b422-52fb79350460" parentExecutionId="df2607ad-560e-4e86-9e46-65b63a1ae97f" testId="d03eb628-bf1f-c27d-aeef-e708d613d686" testName="all_persons_modal_can_may_negation" computerName="ARPAN-LAP" duration="00:00:00.0287525" startTime="2014-06-29T11:56:30.3110091+05:30" endTime="2014-06-29T11:56:30.3390107+05:30" testType="13cdc9d9-ddb5-4fa4-a97d-d965ccfc6d4b" outcome="Passed" testListId="8c84fa94-04c1-424b-9868-57a2d4851a1d" relativeResultsDirectory="df2607ad-560e-4e86-9e46-65b63a1ae97f" dataRowInfo="23" resultType="DataDrivenDataRow" />
      </InnerResults>
    </UnitTestResult>
    <UnitTestResult executionId="b0db41a2-38bf-4ad7-a52a-ec24766412e9" testId="d766a059-d96c-7b47-e6a6-34931760df96" testName="all_persons_tenses_passive" computerName="ARPAN-LAP" duration="00:00:00.3521453" startTime="2014-06-29T11:56:30.4330161+05:30" endTime="2014-06-29T11:56:30.8360392+05:30" testType="13cdc9d9-ddb5-4fa4-a97d-d965ccfc6d4b" outcome="Passed" testListId="8c84fa94-04c1-424b-9868-57a2d4851a1d" relativeResultsDirectory="b0db41a2-38bf-4ad7-a52a-ec24766412e9" resultType="DataDrivenTest">
      <Counters error="0" failed="0" timeout="0" aborted="0" inconclusive="0" passedButRunAborted="0" notRunnable="0" notExecuted="0" disconnected="0" warning="0" passed="10" completed="0" inProgress="0" pending="0" />
      <InnerResults>
        <UnitTestResult executionId="a9e219bf-5edc-4811-8413-09f20ed5b4d3" parentExecutionId="b0db41a2-38bf-4ad7-a52a-ec24766412e9" testId="d766a059-d96c-7b47-e6a6-34931760df96" testName="all_persons_tenses_passive" computerName="ARPAN-LAP" duration="00:00:00.0235120" startTime="2014-06-29T11:56:30.4530173+05:30" endTime="2014-06-29T11:56:30.4770186+05:30" testType="13cdc9d9-ddb5-4fa4-a97d-d965ccfc6d4b" outcome="Passed" testListId="8c84fa94-04c1-424b-9868-57a2d4851a1d" relativeResultsDirectory="b0db41a2-38bf-4ad7-a52a-ec24766412e9" dataRowInfo="0" resultType="DataDrivenDataRow" />
        <UnitTestResult executionId="9098d21f-48b1-4aae-b839-27fff746914e" parentExecutionId="b0db41a2-38bf-4ad7-a52a-ec24766412e9" testId="d766a059-d96c-7b47-e6a6-34931760df96" testName="all_persons_tenses_passive" computerName="ARPAN-LAP" duration="00:00:00.0275032" startTime="2014-06-29T11:56:30.4770186+05:30" endTime="2014-06-29T11:56:30.5040202+05:30" testType="13cdc9d9-ddb5-4fa4-a97d-d965ccfc6d4b" outcome="Passed" testListId="8c84fa94-04c1-424b-9868-57a2d4851a1d" relativeResultsDirectory="b0db41a2-38bf-4ad7-a52a-ec24766412e9" dataRowInfo="1" resultType="DataDrivenDataRow" />
        <UnitTestResult executionId="8ba4d32b-8b65-45f9-b9fb-da4ecc498106" parentExecutionId="b0db41a2-38bf-4ad7-a52a-ec24766412e9" testId="d766a059-d96c-7b47-e6a6-34931760df96" testName="all_persons_tenses_passive" computerName="ARPAN-LAP" duration="00:00:00.0322612" startTime="2014-06-29T11:56:30.5040202+05:30" endTime="2014-06-29T11:56:30.5370221+05:30" testType="13cdc9d9-ddb5-4fa4-a97d-d965ccfc6d4b" outcome="Passed" testListId="8c84fa94-04c1-424b-9868-57a2d4851a1d" relativeResultsDirectory="b0db41a2-38bf-4ad7-a52a-ec24766412e9" dataRowInfo="2" resultType="DataDrivenDataRow" />
        <UnitTestResult executionId="f721a95d-7a2c-47c4-b9c3-6d9ca14df535" parentExecutionId="b0db41a2-38bf-4ad7-a52a-ec24766412e9" testId="d766a059-d96c-7b47-e6a6-34931760df96" testName="all_persons_tenses_passive" computerName="ARPAN-LAP" duration="00:00:00.0335490" startTime="2014-06-29T11:56:30.5370221+05:30" endTime="2014-06-29T11:56:30.5700240+05:30" testType="13cdc9d9-ddb5-4fa4-a97d-d965ccfc6d4b" outcome="Passed" testListId="8c84fa94-04c1-424b-9868-57a2d4851a1d" relativeResultsDirectory="b0db41a2-38bf-4ad7-a52a-ec24766412e9" dataRowInfo="3" resultType="DataDrivenDataRow" />
        <UnitTestResult executionId="04911ec7-cb4f-409f-8057-11b402416aae" parentExecutionId="b0db41a2-38bf-4ad7-a52a-ec24766412e9" testId="d766a059-d96c-7b47-e6a6-34931760df96" testName="all_persons_tenses_passive" computerName="ARPAN-LAP" duration="00:00:00.0251683" startTime="2014-06-29T11:56:30.5700240+05:30" endTime="2014-06-29T11:56:30.5950254+05:30" testType="13cdc9d9-ddb5-4fa4-a97d-d965ccfc6d4b" outcome="Passed" testListId="8c84fa94-04c1-424b-9868-57a2d4851a1d" relativeResultsDirectory="b0db41a2-38bf-4ad7-a52a-ec24766412e9" dataRowInfo="4" resultType="DataDrivenDataRow" />
        <UnitTestResult executionId="bfd03aac-1ef5-473f-b80b-f2250afb0307" parentExecutionId="b0db41a2-38bf-4ad7-a52a-ec24766412e9" testId="d766a059-d96c-7b47-e6a6-34931760df96" testName="all_persons_tenses_passive" computerName="ARPAN-LAP" duration="00:00:00.0261255" startTime="2014-06-29T11:56:30.5950254+05:30" endTime="2014-06-29T11:56:30.6220269+05:30" testType="13cdc9d9-ddb5-4fa4-a97d-d965ccfc6d4b" outcome="Passed" testListId="8c84fa94-04c1-424b-9868-57a2d4851a1d" relativeResultsDirectory="b0db41a2-38bf-4ad7-a52a-ec24766412e9" dataRowInfo="5" resultType="DataDrivenDataRow" />
        <UnitTestResult executionId="4ee49e1c-902d-4bd0-bcf6-e7d35f9b8507" parentExecutionId="b0db41a2-38bf-4ad7-a52a-ec24766412e9" testId="d766a059-d96c-7b47-e6a6-34931760df96" testName="all_persons_tenses_passive" computerName="ARPAN-LAP" duration="00:00:00.0310417" startTime="2014-06-29T11:56:30.6220269+05:30" endTime="2014-06-29T11:56:30.6530287+05:30" testType="13cdc9d9-ddb5-4fa4-a97d-d965ccfc6d4b" outcome="Passed" testListId="8c84fa94-04c1-424b-9868-57a2d4851a1d" relativeResultsDirectory="b0db41a2-38bf-4ad7-a52a-ec24766412e9" dataRowInfo="6" resultType="DataDrivenDataRow" />
        <UnitTestResult executionId="438488e3-c856-49a5-9e3a-bd39b5e64c4e" parentExecutionId="b0db41a2-38bf-4ad7-a52a-ec24766412e9" testId="d766a059-d96c-7b47-e6a6-34931760df96" testName="all_persons_tenses_passive" computerName="ARPAN-LAP" duration="00:00:00.0331733" startTime="2014-06-29T11:56:30.6530287+05:30" endTime="2014-06-29T11:56:30.6860306+05:30" testType="13cdc9d9-ddb5-4fa4-a97d-d965ccfc6d4b" outcome="Passed" testListId="8c84fa94-04c1-424b-9868-57a2d4851a1d" relativeResultsDirectory="b0db41a2-38bf-4ad7-a52a-ec24766412e9" dataRowInfo="7" resultType="DataDrivenDataRow" />
        <UnitTestResult executionId="eb097f65-6a54-47eb-912e-616bb19ee75f" parentExecutionId="b0db41a2-38bf-4ad7-a52a-ec24766412e9" testId="d766a059-d96c-7b47-e6a6-34931760df96" testName="all_persons_tenses_passive" computerName="ARPAN-LAP" duration="00:00:00.0426617" startTime="2014-06-29T11:56:30.6860306+05:30" endTime="2014-06-29T11:56:30.7290331+05:30" testType="13cdc9d9-ddb5-4fa4-a97d-d965ccfc6d4b" outcome="Passed" testListId="8c84fa94-04c1-424b-9868-57a2d4851a1d" relativeResultsDirectory="b0db41a2-38bf-4ad7-a52a-ec24766412e9" dataRowInfo="8" resultType="DataDrivenDataRow" />
        <UnitTestResult executionId="eaaea29b-1d40-4160-ac42-d90bc978275c" parentExecutionId="b0db41a2-38bf-4ad7-a52a-ec24766412e9" testId="d766a059-d96c-7b47-e6a6-34931760df96" testName="all_persons_tenses_passive" computerName="ARPAN-LAP" duration="00:00:00.0741058" startTime="2014-06-29T11:56:30.7290331+05:30" endTime="2014-06-29T11:56:30.8030373+05:30" testType="13cdc9d9-ddb5-4fa4-a97d-d965ccfc6d4b" outcome="Passed" testListId="8c84fa94-04c1-424b-9868-57a2d4851a1d" relativeResultsDirectory="b0db41a2-38bf-4ad7-a52a-ec24766412e9" dataRowInfo="9" resultType="DataDrivenDataRow" />
      </InnerResults>
    </UnitTestResult>
    <UnitTestResult executionId="97c3d448-125a-462d-b953-2cf809dbf0d7" testId="fe3e63ab-391c-e168-48d0-431b85a7b898" testName="third_person_tenses_active_negation" computerName="ARPAN-LAP" duration="00:00:00.2579591" startTime="2014-06-29T11:56:30.8470398+05:30" endTime="2014-06-29T11:56:31.1610578+05:30" testType="13cdc9d9-ddb5-4fa4-a97d-d965ccfc6d4b" outcome="Passed" testListId="8c84fa94-04c1-424b-9868-57a2d4851a1d" relativeResultsDirectory="97c3d448-125a-462d-b953-2cf809dbf0d7" resultType="DataDrivenTest">
      <Counters error="0" failed="0" timeout="0" aborted="0" inconclusive="0" passedButRunAborted="0" notRunnable="0" notExecuted="0" disconnected="0" warning="0" passed="10" completed="0" inProgress="0" pending="0" />
      <InnerResults>
        <UnitTestResult executionId="d1106904-6e59-4a89-8d45-a1d6004984ff" parentExecutionId="97c3d448-125a-462d-b953-2cf809dbf0d7" testId="fe3e63ab-391c-e168-48d0-431b85a7b898" testName="third_person_tenses_active_negation" computerName="ARPAN-LAP" duration="00:00:00.0260383" startTime="2014-06-29T11:56:30.8510400+05:30" endTime="2014-06-29T11:56:30.8770415+05:30" testType="13cdc9d9-ddb5-4fa4-a97d-d965ccfc6d4b" outcome="Passed" testListId="8c84fa94-04c1-424b-9868-57a2d4851a1d" relativeResultsDirectory="97c3d448-125a-462d-b953-2cf809dbf0d7" dataRowInfo="0" resultType="DataDrivenDataRow" />
        <UnitTestResult executionId="4cceb15e-16ad-43c4-ae5a-c7767487692b" parentExecutionId="97c3d448-125a-462d-b953-2cf809dbf0d7" testId="fe3e63ab-391c-e168-48d0-431b85a7b898" testName="third_person_tenses_active_negation" computerName="ARPAN-LAP" duration="00:00:00.0233143" startTime="2014-06-29T11:56:30.8770415+05:30" endTime="2014-06-29T11:56:30.9010429+05:30" testType="13cdc9d9-ddb5-4fa4-a97d-d965ccfc6d4b" outcome="Passed" testListId="8c84fa94-04c1-424b-9868-57a2d4851a1d" relativeResultsDirectory="97c3d448-125a-462d-b953-2cf809dbf0d7" dataRowInfo="1" resultType="DataDrivenDataRow" />
        <UnitTestResult executionId="808fe367-efc5-4f87-8a02-87c37dd60e58" parentExecutionId="97c3d448-125a-462d-b953-2cf809dbf0d7" testId="fe3e63ab-391c-e168-48d0-431b85a7b898" testName="third_person_tenses_active_negation" computerName="ARPAN-LAP" duration="00:00:00.0252899" startTime="2014-06-29T11:56:30.9010429+05:30" endTime="2014-06-29T11:56:30.9260443+05:30" testType="13cdc9d9-ddb5-4fa4-a97d-d965ccfc6d4b" outcome="Passed" testListId="8c84fa94-04c1-424b-9868-57a2d4851a1d" relativeResultsDirectory="97c3d448-125a-462d-b953-2cf809dbf0d7" dataRowInfo="2" resultType="DataDrivenDataRow" />
        <UnitTestResult executionId="cd379a2a-038b-47e3-9bda-b12e8d95c291" parentExecutionId="97c3d448-125a-462d-b953-2cf809dbf0d7" testId="fe3e63ab-391c-e168-48d0-431b85a7b898" testName="third_person_tenses_active_negation" computerName="ARPAN-LAP" duration="00:00:00.0284907" startTime="2014-06-29T11:56:30.9260443+05:30" endTime="2014-06-29T11:56:30.9550460+05:30" testType="13cdc9d9-ddb5-4fa4-a97d-d965ccfc6d4b" outcome="Passed" testListId="8c84fa94-04c1-424b-9868-57a2d4851a1d" relativeResultsDirectory="97c3d448-125a-462d-b953-2cf809dbf0d7" dataRowInfo="3" resultType="DataDrivenDataRow" />
        <UnitTestResult executionId="c2bbe5e1-9744-43ba-a7c8-8afdb9964405" parentExecutionId="97c3d448-125a-462d-b953-2cf809dbf0d7" testId="fe3e63ab-391c-e168-48d0-431b85a7b898" testName="third_person_tenses_active_negation" computerName="ARPAN-LAP" duration="00:00:00.0204790" startTime="2014-06-29T11:56:30.9550460+05:30" endTime="2014-06-29T11:56:30.9750471+05:30" testType="13cdc9d9-ddb5-4fa4-a97d-d965ccfc6d4b" outcome="Passed" testListId="8c84fa94-04c1-424b-9868-57a2d4851a1d" relativeResultsDirectory="97c3d448-125a-462d-b953-2cf809dbf0d7" dataRowInfo="4" resultType="DataDrivenDataRow" />
        <UnitTestResult executionId="f286cc21-5036-4193-b7c5-22eeaf6dc99f" parentExecutionId="97c3d448-125a-462d-b953-2cf809dbf0d7" testId="fe3e63ab-391c-e168-48d0-431b85a7b898" testName="third_person_tenses_active_negation" computerName="ARPAN-LAP" duration="00:00:00.0236839" startTime="2014-06-29T11:56:30.9750471+05:30" endTime="2014-06-29T11:56:30.9990485+05:30" testType="13cdc9d9-ddb5-4fa4-a97d-d965ccfc6d4b" outcome="Passed" testListId="8c84fa94-04c1-424b-9868-57a2d4851a1d" relativeResultsDirectory="97c3d448-125a-462d-b953-2cf809dbf0d7" dataRowInfo="5" resultType="DataDrivenDataRow" />
        <UnitTestResult executionId="e5514bcb-10b7-42e0-bc8d-260b1dc00d66" parentExecutionId="97c3d448-125a-462d-b953-2cf809dbf0d7" testId="fe3e63ab-391c-e168-48d0-431b85a7b898" testName="third_person_tenses_active_negation" computerName="ARPAN-LAP" duration="00:00:00.0243630" startTime="2014-06-29T11:56:30.9990485+05:30" endTime="2014-06-29T11:56:31.0230499+05:30" testType="13cdc9d9-ddb5-4fa4-a97d-d965ccfc6d4b" outcome="Passed" testListId="8c84fa94-04c1-424b-9868-57a2d4851a1d" relativeResultsDirectory="97c3d448-125a-462d-b953-2cf809dbf0d7" dataRowInfo="6" resultType="DataDrivenDataRow" />
        <UnitTestResult executionId="e6e66947-6ef7-4838-8f3c-94b1516cd335" parentExecutionId="97c3d448-125a-462d-b953-2cf809dbf0d7" testId="fe3e63ab-391c-e168-48d0-431b85a7b898" testName="third_person_tenses_active_negation" computerName="ARPAN-LAP" duration="00:00:00.0271829" startTime="2014-06-29T11:56:31.0230499+05:30" endTime="2014-06-29T11:56:31.0500514+05:30" testType="13cdc9d9-ddb5-4fa4-a97d-d965ccfc6d4b" outcome="Passed" testListId="8c84fa94-04c1-424b-9868-57a2d4851a1d" relativeResultsDirectory="97c3d448-125a-462d-b953-2cf809dbf0d7" dataRowInfo="7" resultType="DataDrivenDataRow" />
        <UnitTestResult executionId="51fac701-a5bf-4d46-bd7e-4b0e8a6f2dd1" parentExecutionId="97c3d448-125a-462d-b953-2cf809dbf0d7" testId="fe3e63ab-391c-e168-48d0-431b85a7b898" testName="third_person_tenses_active_negation" computerName="ARPAN-LAP" duration="00:00:00.0256785" startTime="2014-06-29T11:56:31.0500514+05:30" endTime="2014-06-29T11:56:31.0760529+05:30" testType="13cdc9d9-ddb5-4fa4-a97d-d965ccfc6d4b" outcome="Passed" testListId="8c84fa94-04c1-424b-9868-57a2d4851a1d" relativeResultsDirectory="97c3d448-125a-462d-b953-2cf809dbf0d7" dataRowInfo="8" resultType="DataDrivenDataRow" />
        <UnitTestResult executionId="8b2d1364-e1d1-4122-b44d-378ef99b30e4" parentExecutionId="97c3d448-125a-462d-b953-2cf809dbf0d7" testId="fe3e63ab-391c-e168-48d0-431b85a7b898" testName="third_person_tenses_active_negation" computerName="ARPAN-LAP" duration="00:00:00.0309262" startTime="2014-06-29T11:56:31.0760529+05:30" endTime="2014-06-29T11:56:31.1070547+05:30" testType="13cdc9d9-ddb5-4fa4-a97d-d965ccfc6d4b" outcome="Passed" testListId="8c84fa94-04c1-424b-9868-57a2d4851a1d" relativeResultsDirectory="97c3d448-125a-462d-b953-2cf809dbf0d7" dataRowInfo="9" resultType="DataDrivenDataRow" />
      </InnerResults>
    </UnitTestResult>
  </Results>
</TestRun>