<?xml version="1.0" encoding="UTF-8"?>
<TestRun id="9437a284-aabf-42a6-aeb2-c270ae5a8ffb" name="Arghya@ARPAN-LAP 2014-06-29 12:24:31" runUser="ARPAN-LAP\Arghya" xmlns="http://microsoft.com/schemas/VisualStudio/TeamTest/2010">
  <TestSettings name="Default Test Settings" id="2dc2a54e-bc38-4e93-b7ea-b394b0f33b7e">
    <Deployment userDeploymentRoot="D:\software\Project\BNLP\TestResults" useDefaultDeploymentRoot="false" runDeploymentRoot="Arghya_ARPAN-LAP 2014-06-29 12_24_31" />
    <Execution>
      <TestTypeSpecific />
      <AgentRule name="Execution Agents">
      </AgentRule>
    </Execution>
  </TestSettings>
  <Times creation="2014-06-29T12:24:31.2331524+05:30" queuing="2014-06-29T12:24:37.1764923+05:30" start="2014-06-29T12:24:38.7845843+05:30" finish="2014-06-29T12:25:00.2178102+05:30" />
  <ResultSummary outcome="Failed">
    <Counters total="309" executed="309" passed="277" error="0" failed="32" timeout="0" aborted="0" inconclusive="0" passedButRunAborted="0" notRunnable="0" notExecuted="0" disconnected="0" warning="0" completed="0" inProgress="0" pending="0" />
    <RunInfos>
      <RunInfo computerName="ARPAN-LAP" outcome="Warning" timestamp="2014-06-29T12:24:36.9844813+05:30">
        <Text>Warning: Test Run deployment issue: Failed to get the file for deployment item '..\UnitTest\TestCases\wikipedia.xml' specified by the test 'UnitTest.BnlpTest.RandomWord': System.IO.DirectoryNotFoundException: Could not find a part of the path 'D:\software\Project\UnitTest\TestCases\wikipedia.xml'.</Text>
        <Exception>System.IO.DirectoryNotFoundException: Could not find a part of the path 'D:\software\Project\UnitTest\TestCases\wikipedia.xml'.
   at System.IO.__Error.WinIOError(Int32 errorCode, String maybeFullPath)
   at System.IO.File.GetAttributes(String path)
   at Microsoft.VisualStudio.TestTools.Common.SingleFileProvider.GetFilePaths()
   at Microsoft.VisualStudio.TestTools.TestManagement.DeploymentCoverageItem.GetFiles(TestRunConfiguration runConfig)
   at Microsoft.VisualStudio.TestTools.TestManagement.DeploymentManager.DoDeployment(TestRun run, FileCopyService fileCopyService)</Exception>
      </RunInfo>
      <RunInfo computerName="ARPAN-LAP" outcome="Warning" timestamp="2014-06-29T12:24:36.9864815+05:30">
        <Text>Warning: Test Run deployment issue: Failed to get the file for deployment item '..\UnitTest\TestCases\interrogative_sentences_who.xml' specified by the test 'UnitTest.BnlpTest.interrogative_sentences_who': System.IO.DirectoryNotFoundException: Could not find a part of the path 'D:\software\Project\UnitTest\TestCases\interrogative_sentences_who.xml'.</Text>
        <Exception>System.IO.DirectoryNotFoundException: Could not find a part of the path 'D:\software\Project\UnitTest\TestCases\interrogative_sentences_who.xml'.
   at System.IO.__Error.WinIOError(Int32 errorCode, String maybeFullPath)
   at System.IO.File.GetAttributes(String path)
   at Microsoft.VisualStudio.TestTools.Common.SingleFileProvider.GetFilePaths()
   at Microsoft.VisualStudio.TestTools.TestManagement.DeploymentCoverageItem.GetFiles(TestRunConfiguration runConfig)
   at Microsoft.VisualStudio.TestTools.TestManagement.DeploymentManager.DoDeployment(TestRun run, FileCopyService fileCopyService)</Exception>
      </RunInfo>
      <RunInfo computerName="ARPAN-LAP" outcome="Warning" timestamp="2014-06-29T12:24:36.9884816+05:30">
        <Text>Warning: Test Run deployment issue: Failed to get the file for deployment item '..\UnitTest\TestCases\special_handling_do_verb.xml' specified by the test 'UnitTest.BnlpTest.special_handling_do_verb': System.IO.DirectoryNotFoundException: Could not find a part of the path 'D:\software\Project\UnitTest\TestCases\special_handling_do_verb.xml'.</Text>
        <Exception>System.IO.DirectoryNotFoundException: Could not find a part of the path 'D:\software\Project\UnitTest\TestCases\special_handling_do_verb.xml'.
   at System.IO.__Error.WinIOError(Int32 errorCode, String maybeFullPath)
   at System.IO.File.GetAttributes(String path)
   at Microsoft.VisualStudio.TestTools.Common.SingleFileProvider.GetFilePaths()
   at Microsoft.VisualStudio.TestTools.TestManagement.DeploymentCoverageItem.GetFiles(TestRunConfiguration runConfig)
   at Microsoft.VisualStudio.TestTools.TestManagement.DeploymentManager.DoDeployment(TestRun run, FileCopyService fileCopyService)</Exception>
      </RunInfo>
      <RunInfo computerName="ARPAN-LAP" outcome="Warning" timestamp="2014-06-29T12:24:36.9904817+05:30">
        <Text>Warning: Test Run deployment issue: Failed to get the file for deployment item '..\UnitTest\TestCases\interrogative_sentences_which.xml' specified by the test 'UnitTest.BnlpTest.interrogative_sentences_which': System.IO.DirectoryNotFoundException: Could not find a part of the path 'D:\software\Project\UnitTest\TestCases\interrogative_sentences_which.xml'.</Text>
        <Exception>System.IO.DirectoryNotFoundException: Could not find a part of the path 'D:\software\Project\UnitTest\TestCases\interrogative_sentences_which.xml'.
   at System.IO.__Error.WinIOError(Int32 errorCode, String maybeFullPath)
   at System.IO.File.GetAttributes(String path)
   at Microsoft.VisualStudio.TestTools.Common.SingleFileProvider.GetFilePaths()
   at Microsoft.VisualStudio.TestTools.TestManagement.DeploymentCoverageItem.GetFiles(TestRunConfiguration runConfig)
   at Microsoft.VisualStudio.TestTools.TestManagement.DeploymentManager.DoDeployment(TestRun run, FileCopyService fileCopyService)</Exception>
      </RunInfo>
      <RunInfo computerName="ARPAN-LAP" outcome="Warning" timestamp="2014-06-29T12:24:36.9924818+05:30">
        <Text>Warning: Test Run deployment issue: Failed to get the file for deployment item '..\UnitTest\TestCases\all_persons_modal_should.xml' specified by the test 'UnitTest.BnlpTest.all_persons_modal_should': System.IO.DirectoryNotFoundException: Could not find a part of the path 'D:\software\Project\UnitTest\TestCases\all_persons_modal_should.xml'.</Text>
        <Exception>System.IO.DirectoryNotFoundException: Could not find a part of the path 'D:\software\Project\UnitTest\TestCases\all_persons_modal_should.xml'.
   at System.IO.__Error.WinIOError(Int32 errorCode, String maybeFullPath)
   at System.IO.File.GetAttributes(String path)
   at Microsoft.VisualStudio.TestTools.Common.SingleFileProvider.GetFilePaths()
   at Microsoft.VisualStudio.TestTools.TestManagement.DeploymentCoverageItem.GetFiles(TestRunConfiguration runConfig)
   at Microsoft.VisualStudio.TestTools.TestManagement.DeploymentManager.DoDeployment(TestRun run, FileCopyService fileCopyService)</Exception>
      </RunInfo>
      <RunInfo computerName="ARPAN-LAP" outcome="Warning" timestamp="2014-06-29T12:24:36.9944819+05:30">
        <Text>Warning: Test Run deployment issue: Failed to get the file for deployment item '..\UnitTest\TestCases\third_person_tenses_active.xml' specified by the test 'UnitTest.BnlpTest.third_person_tenses_active': System.IO.DirectoryNotFoundException: Could not find a part of the path 'D:\software\Project\UnitTest\TestCases\third_person_tenses_active.xml'.</Text>
        <Exception>System.IO.DirectoryNotFoundException: Could not find a part of the path 'D:\software\Project\UnitTest\TestCases\third_person_tenses_active.xml'.
   at System.IO.__Error.WinIOError(Int32 errorCode, String maybeFullPath)
   at System.IO.File.GetAttributes(String path)
   at Microsoft.VisualStudio.TestTools.Common.SingleFileProvider.GetFilePaths()
   at Microsoft.VisualStudio.TestTools.TestManagement.DeploymentCoverageItem.GetFiles(TestRunConfiguration runConfig)
   at Microsoft.VisualStudio.TestTools.TestManagement.DeploymentManager.DoDeployment(TestRun run, FileCopyService fileCopyService)</Exception>
      </RunInfo>
      <RunInfo computerName="ARPAN-LAP" outcome="Warning" timestamp="2014-06-29T12:24:36.9964820+05:30">
        <Text>Warning: Test Run deployment issue: Failed to get the file for deployment item '..\UnitTest\TestCases\all_persons_tenses_passive.xml' specified by the test 'UnitTest.BnlpTest.all_persons_tenses_passive': System.IO.DirectoryNotFoundException: Could not find a part of the path 'D:\software\Project\UnitTest\TestCases\all_persons_tenses_passive.xml'.</Text>
        <Exception>System.IO.DirectoryNotFoundException: Could not find a part of the path 'D:\software\Project\UnitTest\TestCases\all_persons_tenses_passive.xml'.
   at System.IO.__Error.WinIOError(Int32 errorCode, String maybeFullPath)
   at System.IO.File.GetAttributes(String path)
   at Microsoft.VisualStudio.TestTools.Common.SingleFileProvider.GetFilePaths()
   at Microsoft.VisualStudio.TestTools.TestManagement.DeploymentCoverageItem.GetFiles(TestRunConfiguration runConfig)
   at Microsoft.VisualStudio.TestTools.TestManagement.DeploymentManager.DoDeployment(TestRun run, FileCopyService fileCopyService)</Exception>
      </RunInfo>
      <RunInfo computerName="ARPAN-LAP" outcome="Warning" timestamp="2014-06-29T12:24:36.9984821+05:30">
        <Text>Warning: Test Run deployment issue: Failed to get the file for deployment item '..\UnitTest\TestCases\interrogative_sentences_aux.xml' specified by the test 'UnitTest.BnlpTest.interrogative_sentences_aux': System.IO.DirectoryNotFoundException: Could not find a part of the path 'D:\software\Project\UnitTest\TestCases\interrogative_sentences_aux.xml'.</Text>
        <Exception>System.IO.DirectoryNotFoundException: Could not find a part of the path 'D:\software\Project\UnitTest\TestCases\interrogative_sentences_aux.xml'.
   at System.IO.__Error.WinIOError(Int32 errorCode, String maybeFullPath)
   at System.IO.File.GetAttributes(String path)
   at Microsoft.VisualStudio.TestTools.Common.SingleFileProvider.GetFilePaths()
   at Microsoft.VisualStudio.TestTools.TestManagement.DeploymentCoverageItem.GetFiles(TestRunConfiguration runConfig)
   at Microsoft.VisualStudio.TestTools.TestManagement.DeploymentManager.DoDeployment(TestRun run, FileCopyService fileCopyService)</Exception>
      </RunInfo>
      <RunInfo computerName="ARPAN-LAP" outcome="Warning" timestamp="2014-06-29T12:24:37.0004823+05:30">
        <Text>Warning: Test Run deployment issue: Failed to get the file for deployment item '..\UnitTest\TestCases\second_person_tenses_active_negation.xml' specified by the test 'UnitTest.BnlpTest.second_person_tenses_active_negation': System.IO.DirectoryNotFoundException: Could not find a part of the path 'D:\software\Project\UnitTest\TestCases\second_person_tenses_active_negation.xml'.</Text>
        <Exception>System.IO.DirectoryNotFoundException: Could not find a part of the path 'D:\software\Project\UnitTest\TestCases\second_person_tenses_active_negation.xml'.
   at System.IO.__Error.WinIOError(Int32 errorCode, String maybeFullPath)
   at System.IO.File.GetAttributes(String path)
   at Microsoft.VisualStudio.TestTools.Common.SingleFileProvider.GetFilePaths()
   at Microsoft.VisualStudio.TestTools.TestManagement.DeploymentCoverageItem.GetFiles(TestRunConfiguration runConfig)
   at Microsoft.VisualStudio.TestTools.TestManagement.DeploymentManager.DoDeployment(TestRun run, FileCopyService fileCopyService)</Exception>
      </RunInfo>
      <RunInfo computerName="ARPAN-LAP" outcome="Warning" timestamp="2014-06-29T12:24:37.0024824+05:30">
        <Text>Warning: Test Run deployment issue: Failed to get the file for deployment item '..\UnitTest\TestCases\interrogative_sentences_where.xml' specified by the test 'UnitTest.BnlpTest.interrogative_sentences_where': System.IO.DirectoryNotFoundException: Could not find a part of the path 'D:\software\Project\UnitTest\TestCases\interrogative_sentences_where.xml'.</Text>
        <Exception>System.IO.DirectoryNotFoundException: Could not find a part of the path 'D:\software\Project\UnitTest\TestCases\interrogative_sentences_where.xml'.
   at System.IO.__Error.WinIOError(Int32 errorCode, String maybeFullPath)
   at System.IO.File.GetAttributes(String path)
   at Microsoft.VisualStudio.TestTools.Common.SingleFileProvider.GetFilePaths()
   at Microsoft.VisualStudio.TestTools.TestManagement.DeploymentCoverageItem.GetFiles(TestRunConfiguration runConfig)
   at Microsoft.VisualStudio.TestTools.TestManagement.DeploymentManager.DoDeployment(TestRun run, FileCopyService fileCopyService)</Exception>
      </RunInfo>
      <RunInfo computerName="ARPAN-LAP" outcome="Warning" timestamp="2014-06-29T12:24:37.0044825+05:30">
        <Text>Warning: Test Run deployment issue: Failed to get the file for deployment item '..\UnitTest\TestCases\prepositions_made_with_three_words.xml' specified by the test 'UnitTest.BnlpTest.prepositions_made_with_three_words': System.IO.DirectoryNotFoundException: Could not find a part of the path 'D:\software\Project\UnitTest\TestCases\prepositions_made_with_three_words.xml'.</Text>
        <Exception>System.IO.DirectoryNotFoundException: Could not find a part of the path 'D:\software\Project\UnitTest\TestCases\prepositions_made_with_three_words.xml'.
   at System.IO.__Error.WinIOError(Int32 errorCode, String maybeFullPath)
   at System.IO.File.GetAttributes(String path)
   at Microsoft.VisualStudio.TestTools.Common.SingleFileProvider.GetFilePaths()
   at Microsoft.VisualStudio.TestTools.TestManagement.DeploymentCoverageItem.GetFiles(TestRunConfiguration runConfig)
   at Microsoft.VisualStudio.TestTools.TestManagement.DeploymentManager.DoDeployment(TestRun run, FileCopyService fileCopyService)</Exception>
      </RunInfo>
      <RunInfo computerName="ARPAN-LAP" outcome="Warning" timestamp="2014-06-29T12:24:37.0064826+05:30">
        <Text>Warning: Test Run deployment issue: Failed to get the file for deployment item '..\UnitTest\TestCases\interrogative_sentences_what.xml' specified by the test 'UnitTest.BnlpTest.interrogative_sentences_what': System.IO.DirectoryNotFoundException: Could not find a part of the path 'D:\software\Project\UnitTest\TestCases\interrogative_sentences_what.xml'.</Text>
        <Exception>System.IO.DirectoryNotFoundException: Could not find a part of the path 'D:\software\Project\UnitTest\TestCases\interrogative_sentences_what.xml'.
   at System.IO.__Error.WinIOError(Int32 errorCode, String maybeFullPath)
   at System.IO.File.GetAttributes(String path)
   at Microsoft.VisualStudio.TestTools.Common.SingleFileProvider.GetFilePaths()
   at Microsoft.VisualStudio.TestTools.TestManagement.DeploymentCoverageItem.GetFiles(TestRunConfiguration runConfig)
   at Microsoft.VisualStudio.TestTools.TestManagement.DeploymentManager.DoDeployment(TestRun run, FileCopyService fileCopyService)</Exception>
      </RunInfo>
      <RunInfo computerName="ARPAN-LAP" outcome="Warning" timestamp="2014-06-29T12:24:37.0084827+05:30">
        <Text>Warning: Test Run deployment issue: Failed to get the file for deployment item '..\UnitTest\TestCases\interrogative_sentences_how.xml' specified by the test 'UnitTest.BnlpTest.interrogative_sentences_how': System.IO.DirectoryNotFoundException: Could not find a part of the path 'D:\software\Project\UnitTest\TestCases\interrogative_sentences_how.xml'.</Text>
        <Exception>System.IO.DirectoryNotFoundException: Could not find a part of the path 'D:\software\Project\UnitTest\TestCases\interrogative_sentences_how.xml'.
   at System.IO.__Error.WinIOError(Int32 errorCode, String maybeFullPath)
   at System.IO.File.GetAttributes(String path)
   at Microsoft.VisualStudio.TestTools.Common.SingleFileProvider.GetFilePaths()
   at Microsoft.VisualStudio.TestTools.TestManagement.DeploymentCoverageItem.GetFiles(TestRunConfiguration runConfig)
   at Microsoft.VisualStudio.TestTools.TestManagement.DeploymentManager.DoDeployment(TestRun run, FileCopyService fileCopyService)</Exception>
      </RunInfo>
      <RunInfo computerName="ARPAN-LAP" outcome="Warning" timestamp="2014-06-29T12:24:37.0094828+05:30">
        <Text>Warning: Test Run deployment issue: Failed to get the file for deployment item '..\UnitTest\TestCases\interrogative_sentences_whom.xml' specified by the test 'UnitTest.BnlpTest.interrogative_sentences_whom': System.IO.DirectoryNotFoundException: Could not find a part of the path 'D:\software\Project\UnitTest\TestCases\interrogative_sentences_whom.xml'.</Text>
        <Exception>System.IO.DirectoryNotFoundException: Could not find a part of the path 'D:\software\Project\UnitTest\TestCases\interrogative_sentences_whom.xml'.
   at System.IO.__Error.WinIOError(Int32 errorCode, String maybeFullPath)
   at System.IO.File.GetAttributes(String path)
   at Microsoft.VisualStudio.TestTools.Common.SingleFileProvider.GetFilePaths()
   at Microsoft.VisualStudio.TestTools.TestManagement.DeploymentCoverageItem.GetFiles(TestRunConfiguration runConfig)
   at Microsoft.VisualStudio.TestTools.TestManagement.DeploymentManager.DoDeployment(TestRun run, FileCopyService fileCopyService)</Exception>
      </RunInfo>
      <RunInfo computerName="ARPAN-LAP" outcome="Warning" timestamp="2014-06-29T12:24:37.0104828+05:30">
        <Text>Warning: Test Run deployment issue: Failed to get the file for deployment item '..\UnitTest\TestCases\second_person_tenses_active.xml' specified by the test 'UnitTest.BnlpTest.second_person_tenses_active': System.IO.DirectoryNotFoundException: Could not find a part of the path 'D:\software\Project\UnitTest\TestCases\second_person_tenses_active.xml'.</Text>
        <Exception>System.IO.DirectoryNotFoundException: Could not find a part of the path 'D:\software\Project\UnitTest\TestCases\second_person_tenses_active.xml'.
   at System.IO.__Error.WinIOError(Int32 errorCode, String maybeFullPath)
   at System.IO.File.GetAttributes(String path)
   at Microsoft.VisualStudio.TestTools.Common.SingleFileProvider.GetFilePaths()
   at Microsoft.VisualStudio.TestTools.TestManagement.DeploymentCoverageItem.GetFiles(TestRunConfiguration runConfig)
   at Microsoft.VisualStudio.TestTools.TestManagement.DeploymentManager.DoDeployment(TestRun run, FileCopyService fileCopyService)</Exception>
      </RunInfo>
      <RunInfo computerName="ARPAN-LAP" outcome="Warning" timestamp="2014-06-29T12:24:37.0114829+05:30">
        <Text>Warning: Test Run deployment issue: Failed to get the file for deployment item '..\UnitTest\TestCases\all_persons_modal_should_negation.xml' specified by the test 'UnitTest.BnlpTest.all_persons_modal_should_negation': System.IO.DirectoryNotFoundException: Could not find a part of the path 'D:\software\Project\UnitTest\TestCases\all_persons_modal_should_negation.xml'.</Text>
        <Exception>System.IO.DirectoryNotFoundException: Could not find a part of the path 'D:\software\Project\UnitTest\TestCases\all_persons_modal_should_negation.xml'.
   at System.IO.__Error.WinIOError(Int32 errorCode, String maybeFullPath)
   at System.IO.File.GetAttributes(String path)
   at Microsoft.VisualStudio.TestTools.Common.SingleFileProvider.GetFilePaths()
   at Microsoft.VisualStudio.TestTools.TestManagement.DeploymentCoverageItem.GetFiles(TestRunConfiguration runConfig)
   at Microsoft.VisualStudio.TestTools.TestManagement.DeploymentManager.DoDeployment(TestRun run, FileCopyService fileCopyService)</Exception>
      </RunInfo>
      <RunInfo computerName="ARPAN-LAP" outcome="Warning" timestamp="2014-06-29T12:24:37.0124829+05:30">
        <Text>Warning: Test Run deployment issue: Failed to get the file for deployment item '..\UnitTest\TestCases\first_person_tenses_active_negation.xml' specified by the test 'UnitTest.BnlpTest.first_person_tenses_active_negation': System.IO.DirectoryNotFoundException: Could not find a part of the path 'D:\software\Project\UnitTest\TestCases\first_person_tenses_active_negation.xml'.</Text>
        <Exception>System.IO.DirectoryNotFoundException: Could not find a part of the path 'D:\software\Project\UnitTest\TestCases\first_person_tenses_active_negation.xml'.
   at System.IO.__Error.WinIOError(Int32 errorCode, String maybeFullPath)
   at System.IO.File.GetAttributes(String path)
   at Microsoft.VisualStudio.TestTools.Common.SingleFileProvider.GetFilePaths()
   at Microsoft.VisualStudio.TestTools.TestManagement.DeploymentCoverageItem.GetFiles(TestRunConfiguration runConfig)
   at Microsoft.VisualStudio.TestTools.TestManagement.DeploymentManager.DoDeployment(TestRun run, FileCopyService fileCopyService)</Exception>
      </RunInfo>
      <RunInfo computerName="ARPAN-LAP" outcome="Warning" timestamp="2014-06-29T12:24:37.0134830+05:30">
        <Text>Warning: Test Run deployment issue: Failed to get the file for deployment item '..\UnitTest\TestCases\all_persons_modal_can_may_negation.xml' specified by the test 'UnitTest.BnlpTest.all_persons_modal_can_may_negation': System.IO.DirectoryNotFoundException: Could not find a part of the path 'D:\software\Project\UnitTest\TestCases\all_persons_modal_can_may_negation.xml'.</Text>
        <Exception>System.IO.DirectoryNotFoundException: Could not find a part of the path 'D:\software\Project\UnitTest\TestCases\all_persons_modal_can_may_negation.xml'.
   at System.IO.__Error.WinIOError(Int32 errorCode, String maybeFullPath)
   at System.IO.File.GetAttributes(String path)
   at Microsoft.VisualStudio.TestTools.Common.SingleFileProvider.GetFilePaths()
   at Microsoft.VisualStudio.TestTools.TestManagement.DeploymentCoverageItem.GetFiles(TestRunConfiguration runConfig)
   at Microsoft.VisualStudio.TestTools.TestManagement.DeploymentManager.DoDeployment(TestRun run, FileCopyService fileCopyService)</Exception>
      </RunInfo>
      <RunInfo computerName="ARPAN-LAP" outcome="Warning" timestamp="2014-06-29T12:24:37.0144831+05:30">
        <Text>Warning: Test Run deployment issue: Failed to get the file for deployment item '..\UnitTest\TestCases\third_person_tenses_active_negation.xml' specified by the test 'UnitTest.BnlpTest.third_person_tenses_active_negation': System.IO.DirectoryNotFoundException: Could not find a part of the path 'D:\software\Project\UnitTest\TestCases\third_person_tenses_active_negation.xml'.</Text>
        <Exception>System.IO.DirectoryNotFoundException: Could not find a part of the path 'D:\software\Project\UnitTest\TestCases\third_person_tenses_active_negation.xml'.
   at System.IO.__Error.WinIOError(Int32 errorCode, String maybeFullPath)
   at System.IO.File.GetAttributes(String path)
   at Microsoft.VisualStudio.TestTools.Common.SingleFileProvider.GetFilePaths()
   at Microsoft.VisualStudio.TestTools.TestManagement.DeploymentCoverageItem.GetFiles(TestRunConfiguration runConfig)
   at Microsoft.VisualStudio.TestTools.TestManagement.DeploymentManager.DoDeployment(TestRun run, FileCopyService fileCopyService)</Exception>
      </RunInfo>
      <RunInfo computerName="ARPAN-LAP" outcome="Warning" timestamp="2014-06-29T12:24:37.0154831+05:30">
        <Text>Warning: Test Run deployment issue: Failed to get the file for deployment item '..\UnitTest\TestCases\interrogative_sentences_do.xml' specified by the test 'UnitTest.BnlpTest.interrogative_sentences_do': System.IO.DirectoryNotFoundException: Could not find a part of the path 'D:\software\Project\UnitTest\TestCases\interrogative_sentences_do.xml'.</Text>
        <Exception>System.IO.DirectoryNotFoundException: Could not find a part of the path 'D:\software\Project\UnitTest\TestCases\interrogative_sentences_do.xml'.
   at System.IO.__Error.WinIOError(Int32 errorCode, String maybeFullPath)
   at System.IO.File.GetAttributes(String path)
   at Microsoft.VisualStudio.TestTools.Common.SingleFileProvider.GetFilePaths()
   at Microsoft.VisualStudio.TestTools.TestManagement.DeploymentCoverageItem.GetFiles(TestRunConfiguration runConfig)
   at Microsoft.VisualStudio.TestTools.TestManagement.DeploymentManager.DoDeployment(TestRun run, FileCopyService fileCopyService)</Exception>
      </RunInfo>
      <RunInfo computerName="ARPAN-LAP" outcome="Warning" timestamp="2014-06-29T12:24:37.0164832+05:30">
        <Text>Warning: Test Run deployment issue: Failed to get the file for deployment item '..\UnitTest\TestCases\auxiliary_verbs_as_main_verbs.xml' specified by the test 'UnitTest.BnlpTest.auxiliary_verbs_as_main_verbs': System.IO.DirectoryNotFoundException: Could not find a part of the path 'D:\software\Project\UnitTest\TestCases\auxiliary_verbs_as_main_verbs.xml'.</Text>
        <Exception>System.IO.DirectoryNotFoundException: Could not find a part of the path 'D:\software\Project\UnitTest\TestCases\auxiliary_verbs_as_main_verbs.xml'.
   at System.IO.__Error.WinIOError(Int32 errorCode, String maybeFullPath)
   at System.IO.File.GetAttributes(String path)
   at Microsoft.VisualStudio.TestTools.Common.SingleFileProvider.GetFilePaths()
   at Microsoft.VisualStudio.TestTools.TestManagement.DeploymentCoverageItem.GetFiles(TestRunConfiguration runConfig)
   at Microsoft.VisualStudio.TestTools.TestManagement.DeploymentManager.DoDeployment(TestRun run, FileCopyService fileCopyService)</Exception>
      </RunInfo>
      <RunInfo computerName="ARPAN-LAP" outcome="Warning" timestamp="2014-06-29T12:24:37.0174832+05:30">
        <Text>Warning: Test Run deployment issue: Failed to get the file for deployment item '..\UnitTest\TestCases\all_persons_tenses_passive_negation.xml' specified by the test 'UnitTest.BnlpTest.all_persons_tenses_passive_negation': System.IO.DirectoryNotFoundException: Could not find a part of the path 'D:\software\Project\UnitTest\TestCases\all_persons_tenses_passive_negation.xml'.</Text>
        <Exception>System.IO.DirectoryNotFoundException: Could not find a part of the path 'D:\software\Project\UnitTest\TestCases\all_persons_tenses_passive_negation.xml'.
   at System.IO.__Error.WinIOError(Int32 errorCode, String maybeFullPath)
   at System.IO.File.GetAttributes(String path)
   at Microsoft.VisualStudio.TestTools.Common.SingleFileProvider.GetFilePaths()
   at Microsoft.VisualStudio.TestTools.TestManagement.DeploymentCoverageItem.GetFiles(TestRunConfiguration runConfig)
   at Microsoft.VisualStudio.TestTools.TestManagement.DeploymentManager.DoDeployment(TestRun run, FileCopyService fileCopyService)</Exception>
      </RunInfo>
      <RunInfo computerName="ARPAN-LAP" outcome="Warning" timestamp="2014-06-29T12:24:37.0184833+05:30">
        <Text>Warning: Test Run deployment issue: Failed to get the file for deployment item '..\UnitTest\TestCases\prepositions_made_with_two_words.xml' specified by the test 'UnitTest.BnlpTest.prepositions_made_with_two_words': System.IO.DirectoryNotFoundException: Could not find a part of the path 'D:\software\Project\UnitTest\TestCases\prepositions_made_with_two_words.xml'.</Text>
        <Exception>System.IO.DirectoryNotFoundException: Could not find a part of the path 'D:\software\Project\UnitTest\TestCases\prepositions_made_with_two_words.xml'.
   at System.IO.__Error.WinIOError(Int32 errorCode, String maybeFullPath)
   at System.IO.File.GetAttributes(String path)
   at Microsoft.VisualStudio.TestTools.Common.SingleFileProvider.GetFilePaths()
   at Microsoft.VisualStudio.TestTools.TestManagement.DeploymentCoverageItem.GetFiles(TestRunConfiguration runConfig)
   at Microsoft.VisualStudio.TestTools.TestManagement.DeploymentManager.DoDeployment(TestRun run, FileCopyService fileCopyService)</Exception>
      </RunInfo>
      <RunInfo computerName="ARPAN-LAP" outcome="Warning" timestamp="2014-06-29T12:24:37.0194833+05:30">
        <Text>Warning: Test Run deployment issue: Failed to get the file for deployment item '..\UnitTest\TestCases\first_person_tenses_active.xml' specified by the test 'UnitTest.BnlpTest.first_person_tenses_active': System.IO.DirectoryNotFoundException: Could not find a part of the path 'D:\software\Project\UnitTest\TestCases\first_person_tenses_active.xml'.</Text>
        <Exception>System.IO.DirectoryNotFoundException: Could not find a part of the path 'D:\software\Project\UnitTest\TestCases\first_person_tenses_active.xml'.
   at System.IO.__Error.WinIOError(Int32 errorCode, String maybeFullPath)
   at System.IO.File.GetAttributes(String path)
   at Microsoft.VisualStudio.TestTools.Common.SingleFileProvider.GetFilePaths()
   at Microsoft.VisualStudio.TestTools.TestManagement.DeploymentCoverageItem.GetFiles(TestRunConfiguration runConfig)
   at Microsoft.VisualStudio.TestTools.TestManagement.DeploymentManager.DoDeployment(TestRun run, FileCopyService fileCopyService)</Exception>
      </RunInfo>
      <RunInfo computerName="ARPAN-LAP" outcome="Warning" timestamp="2014-06-29T12:24:37.0204834+05:30">
        <Text>Warning: Test Run deployment issue: Failed to get the file for deployment item '..\UnitTest\TestCases\interrogative_sentences_why.xml' specified by the test 'UnitTest.BnlpTest.interrogative_sentences_why': System.IO.DirectoryNotFoundException: Could not find a part of the path 'D:\software\Project\UnitTest\TestCases\interrogative_sentences_why.xml'.</Text>
        <Exception>System.IO.DirectoryNotFoundException: Could not find a part of the path 'D:\software\Project\UnitTest\TestCases\interrogative_sentences_why.xml'.
   at System.IO.__Error.WinIOError(Int32 errorCode, String maybeFullPath)
   at System.IO.File.GetAttributes(String path)
   at Microsoft.VisualStudio.TestTools.Common.SingleFileProvider.GetFilePaths()
   at Microsoft.VisualStudio.TestTools.TestManagement.DeploymentCoverageItem.GetFiles(TestRunConfiguration runConfig)
   at Microsoft.VisualStudio.TestTools.TestManagement.DeploymentManager.DoDeployment(TestRun run, FileCopyService fileCopyService)</Exception>
      </RunInfo>
      <RunInfo computerName="ARPAN-LAP" outcome="Warning" timestamp="2014-06-29T12:24:37.0214835+05:30">
        <Text>Warning: Test Run deployment issue: Failed to get the file for deployment item '..\UnitTest\TestCases\all_persons_modal_can_may.xml' specified by the test 'UnitTest.BnlpTest.all_persons_modal_can_may': System.IO.DirectoryNotFoundException: Could not find a part of the path 'D:\software\Project\UnitTest\TestCases\all_persons_modal_can_may.xml'.</Text>
        <Exception>System.IO.DirectoryNotFoundException: Could not find a part of the path 'D:\software\Project\UnitTest\TestCases\all_persons_modal_can_may.xml'.
   at System.IO.__Error.WinIOError(Int32 errorCode, String maybeFullPath)
   at System.IO.File.GetAttributes(String path)
   at Microsoft.VisualStudio.TestTools.Common.SingleFileProvider.GetFilePaths()
   at Microsoft.VisualStudio.TestTools.TestManagement.DeploymentCoverageItem.GetFiles(TestRunConfiguration runConfig)
   at Microsoft.VisualStudio.TestTools.TestManagement.DeploymentManager.DoDeployment(TestRun run, FileCopyService fileCopyService)</Exception>
      </RunInfo>
    </RunInfos>
  </ResultSummary>
  <TestDefinitions>
    <UnitTest name="prepositions_made_with_three_words" storage="d:\software\project\bnlp\unittest\bin\debug\unittest.dll" id="0f33848d-a900-d644-7498-2526887b5425">
      <DeploymentItems>
        <DeploymentItem filename="..\UnitTest\TestCases\prepositions_made_with_three_words.xml" />
      </DeploymentItems>
      <Execution id="9adaca7a-3f41-493a-ba4c-6c7de0f3df57" />
      <TestMethod codeBase="D:/software/Project/BNLP/UnitTest/bin/Debug/UnitTest.DLL" adapterTypeName="Microsoft.VisualStudio.TestTools.TestTypes.Unit.UnitTestAdapter, Microsoft.VisualStudio.QualityTools.Tips.UnitTest.Adapter, Version=10.0.0.0, Culture=neutral, PublicKeyToken=b03f5f7f11d50a3a" className="UnitTest.BnlpTest, UnitTest, Version=1.0.0.0, Culture=neutral, PublicKeyToken=null" name="prepositions_made_with_three_words" />
      <DataSource connectionString="|DataDirectory|\TestCases\prepositions_made_with_three_words.xml" providerInvariantName="Microsoft.VisualStudio.TestTools.DataSource.XML" tableName="sentence" />
    </UnitTest>
    <UnitTest name="first_person_tenses_active" storage="d:\software\project\bnlp\unittest\bin\debug\unittest.dll" id="921e6ab0-d7c2-6005-e523-6fd2d5e1a723">
      <DeploymentItems>
        <DeploymentItem filename="..\UnitTest\TestCases\first_person_tenses_active.xml" />
      </DeploymentItems>
      <Execution id="fc0bd55d-922b-474a-80f2-0aa342c65309" />
      <TestMethod codeBase="D:/software/Project/BNLP/UnitTest/bin/Debug/UnitTest.DLL" adapterTypeName="Microsoft.VisualStudio.TestTools.TestTypes.Unit.UnitTestAdapter, Microsoft.VisualStudio.QualityTools.Tips.UnitTest.Adapter, Version=10.0.0.0, Culture=neutral, PublicKeyToken=b03f5f7f11d50a3a" className="UnitTest.BnlpTest, UnitTest, Version=1.0.0.0, Culture=neutral, PublicKeyToken=null" name="first_person_tenses_active" />
      <DataSource connectionString="|DataDirectory|\TestCases\first_person_tenses_active.xml" providerInvariantName="Microsoft.VisualStudio.TestTools.DataSource.XML" tableName="sentence" />
    </UnitTest>
    <UnitTest name="interrogative_sentences_what" storage="d:\software\project\bnlp\unittest\bin\debug\unittest.dll" id="7f7910d1-dc89-39b4-b4cf-d9e6d7af9420">
      <DeploymentItems>
        <DeploymentItem filename="..\UnitTest\TestCases\interrogative_sentences_what.xml" />
      </DeploymentItems>
      <Execution id="f58adc16-bcb9-48f8-ab62-26e73ab68e40" />
      <TestMethod codeBase="D:/software/Project/BNLP/UnitTest/bin/Debug/UnitTest.DLL" adapterTypeName="Microsoft.VisualStudio.TestTools.TestTypes.Unit.UnitTestAdapter, Microsoft.VisualStudio.QualityTools.Tips.UnitTest.Adapter, Version=10.0.0.0, Culture=neutral, PublicKeyToken=b03f5f7f11d50a3a" className="UnitTest.BnlpTest, UnitTest, Version=1.0.0.0, Culture=neutral, PublicKeyToken=null" name="interrogative_sentences_what" />
      <DataSource connectionString="|DataDirectory|\TestCases\interrogative_sentences_what.xml" providerInvariantName="Microsoft.VisualStudio.TestTools.DataSource.XML" tableName="sentence" />
    </UnitTest>
    <UnitTest name="all_persons_modal_should_negation" storage="d:\software\project\bnlp\unittest\bin\debug\unittest.dll" id="9319d01e-de3e-d310-c76e-cae8dce4c924">
      <DeploymentItems>
        <DeploymentItem filename="..\UnitTest\TestCases\all_persons_modal_should_negation.xml" />
      </DeploymentItems>
      <Execution id="c9cba7a0-8908-4305-aea6-8ef76807a88c" />
      <TestMethod codeBase="D:/software/Project/BNLP/UnitTest/bin/Debug/UnitTest.DLL" adapterTypeName="Microsoft.VisualStudio.TestTools.TestTypes.Unit.UnitTestAdapter, Microsoft.VisualStudio.QualityTools.Tips.UnitTest.Adapter, Version=10.0.0.0, Culture=neutral, PublicKeyToken=b03f5f7f11d50a3a" className="UnitTest.BnlpTest, UnitTest, Version=1.0.0.0, Culture=neutral, PublicKeyToken=null" name="all_persons_modal_should_negation" />
      <DataSource connectionString="|DataDirectory|\TestCases\all_persons_modal_should_negation.xml" providerInvariantName="Microsoft.VisualStudio.TestTools.DataSource.XML" tableName="sentence" />
    </UnitTest>
    <UnitTest name="prepositions_made_with_two_words" storage="d:\software\project\bnlp\unittest\bin\debug\unittest.dll" id="0f337a75-1a2d-d9c3-6c5f-23ed2604b69d">
      <DeploymentItems>
        <DeploymentItem filename="..\UnitTest\TestCases\prepositions_made_with_two_words.xml" />
      </DeploymentItems>
      <Execution id="cf292223-141c-4b8a-a47d-fcd7aa8cba70" />
      <TestMethod codeBase="D:/software/Project/BNLP/UnitTest/bin/Debug/UnitTest.DLL" adapterTypeName="Microsoft.VisualStudio.TestTools.TestTypes.Unit.UnitTestAdapter, Microsoft.VisualStudio.QualityTools.Tips.UnitTest.Adapter, Version=10.0.0.0, Culture=neutral, PublicKeyToken=b03f5f7f11d50a3a" className="UnitTest.BnlpTest, UnitTest, Version=1.0.0.0, Culture=neutral, PublicKeyToken=null" name="prepositions_made_with_two_words" />
      <DataSource connectionString="|DataDirectory|\TestCases\prepositions_made_with_two_words.xml" providerInvariantName="Microsoft.VisualStudio.TestTools.DataSource.XML" tableName="sentence" />
    </UnitTest>
    <UnitTest name="interrogative_sentences_do" storage="d:\software\project\bnlp\unittest\bin\debug\unittest.dll" id="1d63c318-78a9-9011-f5c0-0b01884a2881">
      <DeploymentItems>
        <DeploymentItem filename="..\UnitTest\TestCases\interrogative_sentences_do.xml" />
      </DeploymentItems>
      <Execution id="8cf3d518-1720-47a8-942f-890092954449" />
      <TestMethod codeBase="D:/software/Project/BNLP/UnitTest/bin/Debug/UnitTest.DLL" adapterTypeName="Microsoft.VisualStudio.TestTools.TestTypes.Unit.UnitTestAdapter, Microsoft.VisualStudio.QualityTools.Tips.UnitTest.Adapter, Version=10.0.0.0, Culture=neutral, PublicKeyToken=b03f5f7f11d50a3a" className="UnitTest.BnlpTest, UnitTest, Version=1.0.0.0, Culture=neutral, PublicKeyToken=null" name="interrogative_sentences_do" />
      <DataSource connectionString="|DataDirectory|\TestCases\interrogative_sentences_do.xml" providerInvariantName="Microsoft.VisualStudio.TestTools.DataSource.XML" tableName="sentence" />
    </UnitTest>
    <UnitTest name="all_persons_tenses_passive_negation" storage="d:\software\project\bnlp\unittest\bin\debug\unittest.dll" id="bdfe92b2-f4ac-73a5-f13d-5c1ea13721b4">
      <DeploymentItems>
        <DeploymentItem filename="..\UnitTest\TestCases\all_persons_tenses_passive_negation.xml" />
      </DeploymentItems>
      <Execution id="d7fbb8d1-1e14-4765-bfcb-526350bf0f18" />
      <TestMethod codeBase="D:/software/Project/BNLP/UnitTest/bin/Debug/UnitTest.DLL" adapterTypeName="Microsoft.VisualStudio.TestTools.TestTypes.Unit.UnitTestAdapter, Microsoft.VisualStudio.QualityTools.Tips.UnitTest.Adapter, Version=10.0.0.0, Culture=neutral, PublicKeyToken=b03f5f7f11d50a3a" className="UnitTest.BnlpTest, UnitTest, Version=1.0.0.0, Culture=neutral, PublicKeyToken=null" name="all_persons_tenses_passive_negation" />
      <DataSource connectionString="|DataDirectory|\TestCases\all_persons_tenses_passive_negation.xml" providerInvariantName="Microsoft.VisualStudio.TestTools.DataSource.XML" tableName="sentence" />
    </UnitTest>
    <UnitTest name="third_person_tenses_active_negation" storage="d:\software\project\bnlp\unittest\bin\debug\unittest.dll" id="fe3e63ab-391c-e168-48d0-431b85a7b898">
      <DeploymentItems>
        <DeploymentItem filename="..\UnitTest\TestCases\third_person_tenses_active_negation.xml" />
      </DeploymentItems>
      <Execution id="301fb2f0-ec79-437f-a11b-2fc48cbf397a" />
      <TestMethod codeBase="D:/software/Project/BNLP/UnitTest/bin/Debug/UnitTest.DLL" adapterTypeName="Microsoft.VisualStudio.TestTools.TestTypes.Unit.UnitTestAdapter, Microsoft.VisualStudio.QualityTools.Tips.UnitTest.Adapter, Version=10.0.0.0, Culture=neutral, PublicKeyToken=b03f5f7f11d50a3a" className="UnitTest.BnlpTest, UnitTest, Version=1.0.0.0, Culture=neutral, PublicKeyToken=null" name="third_person_tenses_active_negation" />
      <DataSource connectionString="|DataDirectory|\TestCases\third_person_tenses_active_negation.xml" providerInvariantName="Microsoft.VisualStudio.TestTools.DataSource.XML" tableName="sentence" />
    </UnitTest>
    <UnitTest name="all_persons_modal_should" storage="d:\software\project\bnlp\unittest\bin\debug\unittest.dll" id="783915fe-114a-e353-78dd-56e92a60f942">
      <DeploymentItems>
        <DeploymentItem filename="..\UnitTest\TestCases\all_persons_modal_should.xml" />
      </DeploymentItems>
      <Execution id="5e0599bf-0ac4-479f-aeda-401c04833b01" />
      <TestMethod codeBase="D:/software/Project/BNLP/UnitTest/bin/Debug/UnitTest.DLL" adapterTypeName="Microsoft.VisualStudio.TestTools.TestTypes.Unit.UnitTestAdapter, Microsoft.VisualStudio.QualityTools.Tips.UnitTest.Adapter, Version=10.0.0.0, Culture=neutral, PublicKeyToken=b03f5f7f11d50a3a" className="UnitTest.BnlpTest, UnitTest, Version=1.0.0.0, Culture=neutral, PublicKeyToken=null" name="all_persons_modal_should" />
      <DataSource connectionString="|DataDirectory|\TestCases\all_persons_modal_should.xml" providerInvariantName="Microsoft.VisualStudio.TestTools.DataSource.XML" tableName="sentence" />
    </UnitTest>
    <UnitTest name="second_person_tenses_active" storage="d:\software\project\bnlp\unittest\bin\debug\unittest.dll" id="30ab3285-6a8c-14d2-9725-bd60892ccd90">
      <DeploymentItems>
        <DeploymentItem filename="..\UnitTest\TestCases\second_person_tenses_active.xml" />
      </DeploymentItems>
      <Execution id="dd958af1-92be-4fd0-bcf5-0533adb5437e" />
      <TestMethod codeBase="D:/software/Project/BNLP/UnitTest/bin/Debug/UnitTest.DLL" adapterTypeName="Microsoft.VisualStudio.TestTools.TestTypes.Unit.UnitTestAdapter, Microsoft.VisualStudio.QualityTools.Tips.UnitTest.Adapter, Version=10.0.0.0, Culture=neutral, PublicKeyToken=b03f5f7f11d50a3a" className="UnitTest.BnlpTest, UnitTest, Version=1.0.0.0, Culture=neutral, PublicKeyToken=null" name="second_person_tenses_active" />
      <DataSource connectionString="|DataDirectory|\TestCases\second_person_tenses_active.xml" providerInvariantName="Microsoft.VisualStudio.TestTools.DataSource.XML" tableName="sentence" />
    </UnitTest>
    <UnitTest name="interrogative_sentences_who" storage="d:\software\project\bnlp\unittest\bin\debug\unittest.dll" id="32b5d279-0d23-e5ad-0301-234c8788f740">
      <DeploymentItems>
        <DeploymentItem filename="..\UnitTest\TestCases\interrogative_sentences_who.xml" />
      </DeploymentItems>
      <Execution id="b6868c67-2092-4f58-8202-ca8447d20f8f" />
      <TestMethod codeBase="D:/software/Project/BNLP/UnitTest/bin/Debug/UnitTest.DLL" adapterTypeName="Microsoft.VisualStudio.TestTools.TestTypes.Unit.UnitTestAdapter, Microsoft.VisualStudio.QualityTools.Tips.UnitTest.Adapter, Version=10.0.0.0, Culture=neutral, PublicKeyToken=b03f5f7f11d50a3a" className="UnitTest.BnlpTest, UnitTest, Version=1.0.0.0, Culture=neutral, PublicKeyToken=null" name="interrogative_sentences_who" />
      <DataSource connectionString="|DataDirectory|\TestCases\interrogative_sentences_who.xml" providerInvariantName="Microsoft.VisualStudio.TestTools.DataSource.XML" tableName="sentence" />
    </UnitTest>
    <UnitTest name="all_persons_modal_can_may" storage="d:\software\project\bnlp\unittest\bin\debug\unittest.dll" id="8fe5ccb3-a3f4-0f61-ad21-e94ef029e900">
      <DeploymentItems>
        <DeploymentItem filename="..\UnitTest\TestCases\all_persons_modal_can_may.xml" />
      </DeploymentItems>
      <Execution id="a33afbef-bc70-4feb-8227-9f78c01ce257" />
      <TestMethod codeBase="D:/software/Project/BNLP/UnitTest/bin/Debug/UnitTest.DLL" adapterTypeName="Microsoft.VisualStudio.TestTools.TestTypes.Unit.UnitTestAdapter, Microsoft.VisualStudio.QualityTools.Tips.UnitTest.Adapter, Version=10.0.0.0, Culture=neutral, PublicKeyToken=b03f5f7f11d50a3a" className="UnitTest.BnlpTest, UnitTest, Version=1.0.0.0, Culture=neutral, PublicKeyToken=null" name="all_persons_modal_can_may" />
      <DataSource connectionString="|DataDirectory|\TestCases\all_persons_modal_can_may.xml" providerInvariantName="Microsoft.VisualStudio.TestTools.DataSource.XML" tableName="sentence" />
    </UnitTest>
    <UnitTest name="interrogative_sentences_how" storage="d:\software\project\bnlp\unittest\bin\debug\unittest.dll" id="227f20ae-8e76-eb71-39b2-4ada3ce6aba8">
      <DeploymentItems>
        <DeploymentItem filename="..\UnitTest\TestCases\interrogative_sentences_how.xml" />
      </DeploymentItems>
      <Execution id="108fd5a1-3b15-4438-a544-e3d3c166c5d0" />
      <TestMethod codeBase="D:/software/Project/BNLP/UnitTest/bin/Debug/UnitTest.DLL" adapterTypeName="Microsoft.VisualStudio.TestTools.TestTypes.Unit.UnitTestAdapter, Microsoft.VisualStudio.QualityTools.Tips.UnitTest.Adapter, Version=10.0.0.0, Culture=neutral, PublicKeyToken=b03f5f7f11d50a3a" className="UnitTest.BnlpTest, UnitTest, Version=1.0.0.0, Culture=neutral, PublicKeyToken=null" name="interrogative_sentences_how" />
      <DataSource connectionString="|DataDirectory|\TestCases\interrogative_sentences_how.xml" providerInvariantName="Microsoft.VisualStudio.TestTools.DataSource.XML" tableName="sentence" />
    </UnitTest>
    <UnitTest name="all_persons_modal_can_may_negation" storage="d:\software\project\bnlp\unittest\bin\debug\unittest.dll" id="d03eb628-bf1f-c27d-aeef-e708d613d686">
      <DeploymentItems>
        <DeploymentItem filename="..\UnitTest\TestCases\all_persons_modal_can_may_negation.xml" />
      </DeploymentItems>
      <Execution id="2293af03-55de-43b3-89b3-8b58b5b0df1a" />
      <TestMethod codeBase="D:/software/Project/BNLP/UnitTest/bin/Debug/UnitTest.DLL" adapterTypeName="Microsoft.VisualStudio.TestTools.TestTypes.Unit.UnitTestAdapter, Microsoft.VisualStudio.QualityTools.Tips.UnitTest.Adapter, Version=10.0.0.0, Culture=neutral, PublicKeyToken=b03f5f7f11d50a3a" className="UnitTest.BnlpTest, UnitTest, Version=1.0.0.0, Culture=neutral, PublicKeyToken=null" name="all_persons_modal_can_may_negation" />
      <DataSource connectionString="|DataDirectory|\TestCases\all_persons_modal_can_may_negation.xml" providerInvariantName="Microsoft.VisualStudio.TestTools.DataSource.XML" tableName="sentence" />
    </UnitTest>
    <UnitTest name="RandomWord" storage="d:\software\project\bnlp\unittest\bin\debug\unittest.dll" id="642ce34f-0ed4-f995-637b-09297c832f2a">
      <DeploymentItems>
        <DeploymentItem filename="..\UnitTest\TestCases\wikipedia.xml" />
      </DeploymentItems>
      <Execution id="5624b1d4-8031-4702-832e-201c4f0e09a3" />
      <TestMethod codeBase="D:/software/Project/BNLP/UnitTest/bin/Debug/UnitTest.DLL" adapterTypeName="Microsoft.VisualStudio.TestTools.TestTypes.Unit.UnitTestAdapter, Microsoft.VisualStudio.QualityTools.Tips.UnitTest.Adapter, Version=10.0.0.0, Culture=neutral, PublicKeyToken=b03f5f7f11d50a3a" className="UnitTest.BnlpTest, UnitTest, Version=1.0.0.0, Culture=neutral, PublicKeyToken=null" name="RandomWord" />
      <DataSource connectionString="|DataDirectory|\TestCases\wikipedia.xml" providerInvariantName="Microsoft.VisualStudio.TestTools.DataSource.XML" tableName="sentence" />
    </UnitTest>
    <UnitTest name="second_person_tenses_active_negation" storage="d:\software\project\bnlp\unittest\bin\debug\unittest.dll" id="83c68223-dcaa-51dd-423f-434210a59f77">
      <DeploymentItems>
        <DeploymentItem filename="..\UnitTest\TestCases\second_person_tenses_active_negation.xml" />
      </DeploymentItems>
      <Execution id="1547b7a0-15ab-4192-a4c1-d2690d331837" />
      <TestMethod codeBase="D:/software/Project/BNLP/UnitTest/bin/Debug/UnitTest.DLL" adapterTypeName="Microsoft.VisualStudio.TestTools.TestTypes.Unit.UnitTestAdapter, Microsoft.VisualStudio.QualityTools.Tips.UnitTest.Adapter, Version=10.0.0.0, Culture=neutral, PublicKeyToken=b03f5f7f11d50a3a" className="UnitTest.BnlpTest, UnitTest, Version=1.0.0.0, Culture=neutral, PublicKeyToken=null" name="second_person_tenses_active_negation" />
      <DataSource connectionString="|DataDirectory|\TestCases\second_person_tenses_active_negation.xml" providerInvariantName="Microsoft.VisualStudio.TestTools.DataSource.XML" tableName="sentence" />
    </UnitTest>
    <UnitTest name="interrogative_sentences_why" storage="d:\software\project\bnlp\unittest\bin\debug\unittest.dll" id="1b04a6d6-5350-792c-8eba-a46a0eb28949">
      <DeploymentItems>
        <DeploymentItem filename="..\UnitTest\TestCases\interrogative_sentences_why.xml" />
      </DeploymentItems>
      <Execution id="63d5a377-420c-4e77-8b02-e022a574b0ca" />
      <TestMethod codeBase="D:/software/Project/BNLP/UnitTest/bin/Debug/UnitTest.DLL" adapterTypeName="Microsoft.VisualStudio.TestTools.TestTypes.Unit.UnitTestAdapter, Microsoft.VisualStudio.QualityTools.Tips.UnitTest.Adapter, Version=10.0.0.0, Culture=neutral, PublicKeyToken=b03f5f7f11d50a3a" className="UnitTest.BnlpTest, UnitTest, Version=1.0.0.0, Culture=neutral, PublicKeyToken=null" name="interrogative_sentences_why" />
      <DataSource connectionString="|DataDirectory|\TestCases\interrogative_sentences_why.xml" providerInvariantName="Microsoft.VisualStudio.TestTools.DataSource.XML" tableName="sentence" />
    </UnitTest>
    <UnitTest name="interrogative_sentences_which" storage="d:\software\project\bnlp\unittest\bin\debug\unittest.dll" id="97a1371f-e8e6-db3e-323e-49ffeef32df1">
      <DeploymentItems>
        <DeploymentItem filename="..\UnitTest\TestCases\interrogative_sentences_which.xml" />
      </DeploymentItems>
      <Execution id="b397c1eb-b802-430e-a37b-f888221b38ad" />
      <TestMethod codeBase="D:/software/Project/BNLP/UnitTest/bin/Debug/UnitTest.DLL" adapterTypeName="Microsoft.VisualStudio.TestTools.TestTypes.Unit.UnitTestAdapter, Microsoft.VisualStudio.QualityTools.Tips.UnitTest.Adapter, Version=10.0.0.0, Culture=neutral, PublicKeyToken=b03f5f7f11d50a3a" className="UnitTest.BnlpTest, UnitTest, Version=1.0.0.0, Culture=neutral, PublicKeyToken=null" name="interrogative_sentences_which" />
      <DataSource connectionString="|DataDirectory|\TestCases\interrogative_sentences_which.xml" providerInvariantName="Microsoft.VisualStudio.TestTools.DataSource.XML" tableName="sentence" />
    </UnitTest>
    <UnitTest name="third_person_tenses_active" storage="d:\software\project\bnlp\unittest\bin\debug\unittest.dll" id="0bc2f98c-98f5-f190-c78c-c00d94c547a1">
      <DeploymentItems>
        <DeploymentItem filename="..\UnitTest\TestCases\third_person_tenses_active.xml" />
      </DeploymentItems>
      <Execution id="f9c25b6a-19cb-4fad-b5b9-aff1009baed2" />
      <TestMethod codeBase="D:/software/Project/BNLP/UnitTest/bin/Debug/UnitTest.DLL" adapterTypeName="Microsoft.VisualStudio.TestTools.TestTypes.Unit.UnitTestAdapter, Microsoft.VisualStudio.QualityTools.Tips.UnitTest.Adapter, Version=10.0.0.0, Culture=neutral, PublicKeyToken=b03f5f7f11d50a3a" className="UnitTest.BnlpTest, UnitTest, Version=1.0.0.0, Culture=neutral, PublicKeyToken=null" name="third_person_tenses_active" />
      <DataSource connectionString="|DataDirectory|\TestCases\third_person_tenses_active.xml" providerInvariantName="Microsoft.VisualStudio.TestTools.DataSource.XML" tableName="sentence" />
    </UnitTest>
    <UnitTest name="auxiliary_verbs_as_main_verbs" storage="d:\software\project\bnlp\unittest\bin\debug\unittest.dll" id="c79146bc-2376-961a-5de9-441b5dfc7188">
      <DeploymentItems>
        <DeploymentItem filename="..\UnitTest\TestCases\auxiliary_verbs_as_main_verbs.xml" />
      </DeploymentItems>
      <Execution id="b66d30e2-4eae-4711-bf6a-49968e9ab832" />
      <TestMethod codeBase="D:/software/Project/BNLP/UnitTest/bin/Debug/UnitTest.DLL" adapterTypeName="Microsoft.VisualStudio.TestTools.TestTypes.Unit.UnitTestAdapter, Microsoft.VisualStudio.QualityTools.Tips.UnitTest.Adapter, Version=10.0.0.0, Culture=neutral, PublicKeyToken=b03f5f7f11d50a3a" className="UnitTest.BnlpTest, UnitTest, Version=1.0.0.0, Culture=neutral, PublicKeyToken=null" name="auxiliary_verbs_as_main_verbs" />
      <DataSource connectionString="|DataDirectory|\TestCases\auxiliary_verbs_as_main_verbs.xml" providerInvariantName="Microsoft.VisualStudio.TestTools.DataSource.XML" tableName="sentence" />
    </UnitTest>
    <UnitTest name="special_handling_do_verb" storage="d:\software\project\bnlp\unittest\bin\debug\unittest.dll" id="533e7939-123c-ce84-5c5c-d5a21d1d95b9">
      <DeploymentItems>
        <DeploymentItem filename="..\UnitTest\TestCases\special_handling_do_verb.xml" />
      </DeploymentItems>
      <Execution id="6b234aba-bf67-4c96-8690-20d16a9d9632" />
      <TestMethod codeBase="D:/software/Project/BNLP/UnitTest/bin/Debug/UnitTest.DLL" adapterTypeName="Microsoft.VisualStudio.TestTools.TestTypes.Unit.UnitTestAdapter, Microsoft.VisualStudio.QualityTools.Tips.UnitTest.Adapter, Version=10.0.0.0, Culture=neutral, PublicKeyToken=b03f5f7f11d50a3a" className="UnitTest.BnlpTest, UnitTest, Version=1.0.0.0, Culture=neutral, PublicKeyToken=null" name="special_handling_do_verb" />
      <DataSource connectionString="|DataDirectory|\TestCases\special_handling_do_verb.xml" providerInvariantName="Microsoft.VisualStudio.TestTools.DataSource.XML" tableName="sentence" />
    </UnitTest>
    <UnitTest name="interrogative_sentences_whom" storage="d:\software\project\bnlp\unittest\bin\debug\unittest.dll" id="4e91a3b9-9eae-ebff-0b97-303f00578a78">
      <DeploymentItems>
        <DeploymentItem filename="..\UnitTest\TestCases\interrogative_sentences_whom.xml" />
      </DeploymentItems>
      <Execution id="839d0c5a-2350-45d1-a979-06296ed38913" />
      <TestMethod codeBase="D:/software/Project/BNLP/UnitTest/bin/Debug/UnitTest.DLL" adapterTypeName="Microsoft.VisualStudio.TestTools.TestTypes.Unit.UnitTestAdapter, Microsoft.VisualStudio.QualityTools.Tips.UnitTest.Adapter, Version=10.0.0.0, Culture=neutral, PublicKeyToken=b03f5f7f11d50a3a" className="UnitTest.BnlpTest, UnitTest, Version=1.0.0.0, Culture=neutral, PublicKeyToken=null" name="interrogative_sentences_whom" />
      <DataSource connectionString="|DataDirectory|\TestCases\interrogative_sentences_whom.xml" providerInvariantName="Microsoft.VisualStudio.TestTools.DataSource.XML" tableName="sentence" />
    </UnitTest>
    <UnitTest name="interrogative_sentences_where" storage="d:\software\project\bnlp\unittest\bin\debug\unittest.dll" id="b9261b51-b0a2-10e2-9308-22bb2624de8b">
      <DeploymentItems>
        <DeploymentItem filename="..\UnitTest\TestCases\interrogative_sentences_where.xml" />
      </DeploymentItems>
      <Execution id="79602642-1831-4b7d-aa2a-f19251ad9d8c" />
      <TestMethod codeBase="D:/software/Project/BNLP/UnitTest/bin/Debug/UnitTest.DLL" adapterTypeName="Microsoft.VisualStudio.TestTools.TestTypes.Unit.UnitTestAdapter, Microsoft.VisualStudio.QualityTools.Tips.UnitTest.Adapter, Version=10.0.0.0, Culture=neutral, PublicKeyToken=b03f5f7f11d50a3a" className="UnitTest.BnlpTest, UnitTest, Version=1.0.0.0, Culture=neutral, PublicKeyToken=null" name="interrogative_sentences_where" />
      <DataSource connectionString="|DataDirectory|\TestCases\interrogative_sentences_where.xml" providerInvariantName="Microsoft.VisualStudio.TestTools.DataSource.XML" tableName="sentence" />
    </UnitTest>
    <UnitTest name="interrogative_sentences_aux" storage="d:\software\project\bnlp\unittest\bin\debug\unittest.dll" id="39dcb97e-c73f-c645-a77c-64d9eba0a3a3">
      <DeploymentItems>
        <DeploymentItem filename="..\UnitTest\TestCases\interrogative_sentences_aux.xml" />
      </DeploymentItems>
      <Execution id="f13b828b-e8fe-450c-8b13-ec14eddc9c19" />
      <TestMethod codeBase="D:/software/Project/BNLP/UnitTest/bin/Debug/UnitTest.DLL" adapterTypeName="Microsoft.VisualStudio.TestTools.TestTypes.Unit.UnitTestAdapter, Microsoft.VisualStudio.QualityTools.Tips.UnitTest.Adapter, Version=10.0.0.0, Culture=neutral, PublicKeyToken=b03f5f7f11d50a3a" className="UnitTest.BnlpTest, UnitTest, Version=1.0.0.0, Culture=neutral, PublicKeyToken=null" name="interrogative_sentences_aux" />
      <DataSource connectionString="|DataDirectory|\TestCases\interrogative_sentences_aux.xml" providerInvariantName="Microsoft.VisualStudio.TestTools.DataSource.XML" tableName="sentence" />
    </UnitTest>
    <UnitTest name="all_persons_tenses_passive" storage="d:\software\project\bnlp\unittest\bin\debug\unittest.dll" id="d766a059-d96c-7b47-e6a6-34931760df96">
      <DeploymentItems>
        <DeploymentItem filename="..\UnitTest\TestCases\all_persons_tenses_passive.xml" />
      </DeploymentItems>
      <Execution id="2e0fd4c6-18c8-4d66-b908-a6121732f8c9" />
      <TestMethod codeBase="D:/software/Project/BNLP/UnitTest/bin/Debug/UnitTest.DLL" adapterTypeName="Microsoft.VisualStudio.TestTools.TestTypes.Unit.UnitTestAdapter, Microsoft.VisualStudio.QualityTools.Tips.UnitTest.Adapter, Version=10.0.0.0, Culture=neutral, PublicKeyToken=b03f5f7f11d50a3a" className="UnitTest.BnlpTest, UnitTest, Version=1.0.0.0, Culture=neutral, PublicKeyToken=null" name="all_persons_tenses_passive" />
      <DataSource connectionString="|DataDirectory|\TestCases\all_persons_tenses_passive.xml" providerInvariantName="Microsoft.VisualStudio.TestTools.DataSource.XML" tableName="sentence" />
    </UnitTest>
    <UnitTest name="first_person_tenses_active_negation" storage="d:\software\project\bnlp\unittest\bin\debug\unittest.dll" id="15fe5bf6-5078-81a8-0356-385549390bb7">
      <DeploymentItems>
        <DeploymentItem filename="..\UnitTest\TestCases\first_person_tenses_active_negation.xml" />
      </DeploymentItems>
      <Execution id="4a45880c-0489-468c-8cd8-4df7777ed824" />
      <TestMethod codeBase="D:/software/Project/BNLP/UnitTest/bin/Debug/UnitTest.DLL" adapterTypeName="Microsoft.VisualStudio.TestTools.TestTypes.Unit.UnitTestAdapter, Microsoft.VisualStudio.QualityTools.Tips.UnitTest.Adapter, Version=10.0.0.0, Culture=neutral, PublicKeyToken=b03f5f7f11d50a3a" className="UnitTest.BnlpTest, UnitTest, Version=1.0.0.0, Culture=neutral, PublicKeyToken=null" name="first_person_tenses_active_negation" />
      <DataSource connectionString="|DataDirectory|\TestCases\first_person_tenses_active_negation.xml" providerInvariantName="Microsoft.VisualStudio.TestTools.DataSource.XML" tableName="sentence" />
    </UnitTest>
  </TestDefinitions>
  <TestLists>
    <TestList name="Results Not in a List" id="8c84fa94-04c1-424b-9868-57a2d4851a1d" />
    <TestList name="All Loaded Results" id="19431567-8539-422a-85d7-44ee4e166bda" />
  </TestLists>
  <TestEntries>
    <TestEntry testId="0bc2f98c-98f5-f190-c78c-c00d94c547a1" executionId="f9c25b6a-19cb-4fad-b5b9-aff1009baed2" testListId="8c84fa94-04c1-424b-9868-57a2d4851a1d" />
    <TestEntry testId="0f337a75-1a2d-d9c3-6c5f-23ed2604b69d" executionId="cf292223-141c-4b8a-a47d-fcd7aa8cba70" testListId="8c84fa94-04c1-424b-9868-57a2d4851a1d" />
    <TestEntry testId="0f33848d-a900-d644-7498-2526887b5425" executionId="9adaca7a-3f41-493a-ba4c-6c7de0f3df57" testListId="8c84fa94-04c1-424b-9868-57a2d4851a1d" />
    <TestEntry testId="15fe5bf6-5078-81a8-0356-385549390bb7" executionId="4a45880c-0489-468c-8cd8-4df7777ed824" testListId="8c84fa94-04c1-424b-9868-57a2d4851a1d" />
    <TestEntry testId="1b04a6d6-5350-792c-8eba-a46a0eb28949" executionId="63d5a377-420c-4e77-8b02-e022a574b0ca" testListId="8c84fa94-04c1-424b-9868-57a2d4851a1d" />
    <TestEntry testId="1d63c318-78a9-9011-f5c0-0b01884a2881" executionId="8cf3d518-1720-47a8-942f-890092954449" testListId="8c84fa94-04c1-424b-9868-57a2d4851a1d" />
    <TestEntry testId="227f20ae-8e76-eb71-39b2-4ada3ce6aba8" executionId="108fd5a1-3b15-4438-a544-e3d3c166c5d0" testListId="8c84fa94-04c1-424b-9868-57a2d4851a1d" />
    <TestEntry testId="30ab3285-6a8c-14d2-9725-bd60892ccd90" executionId="dd958af1-92be-4fd0-bcf5-0533adb5437e" testListId="8c84fa94-04c1-424b-9868-57a2d4851a1d" />
    <TestEntry testId="32b5d279-0d23-e5ad-0301-234c8788f740" executionId="b6868c67-2092-4f58-8202-ca8447d20f8f" testListId="8c84fa94-04c1-424b-9868-57a2d4851a1d" />
    <TestEntry testId="39dcb97e-c73f-c645-a77c-64d9eba0a3a3" executionId="f13b828b-e8fe-450c-8b13-ec14eddc9c19" testListId="8c84fa94-04c1-424b-9868-57a2d4851a1d" />
    <TestEntry testId="4e91a3b9-9eae-ebff-0b97-303f00578a78" executionId="839d0c5a-2350-45d1-a979-06296ed38913" testListId="8c84fa94-04c1-424b-9868-57a2d4851a1d" />
    <TestEntry testId="533e7939-123c-ce84-5c5c-d5a21d1d95b9" executionId="6b234aba-bf67-4c96-8690-20d16a9d9632" testListId="8c84fa94-04c1-424b-9868-57a2d4851a1d" />
    <TestEntry testId="642ce34f-0ed4-f995-637b-09297c832f2a" executionId="5624b1d4-8031-4702-832e-201c4f0e09a3" testListId="8c84fa94-04c1-424b-9868-57a2d4851a1d" />
    <TestEntry testId="783915fe-114a-e353-78dd-56e92a60f942" executionId="5e0599bf-0ac4-479f-aeda-401c04833b01" testListId="8c84fa94-04c1-424b-9868-57a2d4851a1d" />
    <TestEntry testId="7f7910d1-dc89-39b4-b4cf-d9e6d7af9420" executionId="f58adc16-bcb9-48f8-ab62-26e73ab68e40" testListId="8c84fa94-04c1-424b-9868-57a2d4851a1d" />
    <TestEntry testId="83c68223-dcaa-51dd-423f-434210a59f77" executionId="1547b7a0-15ab-4192-a4c1-d2690d331837" testListId="8c84fa94-04c1-424b-9868-57a2d4851a1d" />
    <TestEntry testId="8fe5ccb3-a3f4-0f61-ad21-e94ef029e900" executionId="a33afbef-bc70-4feb-8227-9f78c01ce257" testListId="8c84fa94-04c1-424b-9868-57a2d4851a1d" />
    <TestEntry testId="921e6ab0-d7c2-6005-e523-6fd2d5e1a723" executionId="fc0bd55d-922b-474a-80f2-0aa342c65309" testListId="8c84fa94-04c1-424b-9868-57a2d4851a1d" />
    <TestEntry testId="9319d01e-de3e-d310-c76e-cae8dce4c924" executionId="c9cba7a0-8908-4305-aea6-8ef76807a88c" testListId="8c84fa94-04c1-424b-9868-57a2d4851a1d" />
    <TestEntry testId="97a1371f-e8e6-db3e-323e-49ffeef32df1" executionId="b397c1eb-b802-430e-a37b-f888221b38ad" testListId="8c84fa94-04c1-424b-9868-57a2d4851a1d" />
    <TestEntry testId="b9261b51-b0a2-10e2-9308-22bb2624de8b" executionId="79602642-1831-4b7d-aa2a-f19251ad9d8c" testListId="8c84fa94-04c1-424b-9868-57a2d4851a1d" />
    <TestEntry testId="bdfe92b2-f4ac-73a5-f13d-5c1ea13721b4" executionId="d7fbb8d1-1e14-4765-bfcb-526350bf0f18" testListId="8c84fa94-04c1-424b-9868-57a2d4851a1d" />
    <TestEntry testId="c79146bc-2376-961a-5de9-441b5dfc7188" executionId="b66d30e2-4eae-4711-bf6a-49968e9ab832" testListId="8c84fa94-04c1-424b-9868-57a2d4851a1d" />
    <TestEntry testId="d03eb628-bf1f-c27d-aeef-e708d613d686" executionId="2293af03-55de-43b3-89b3-8b58b5b0df1a" testListId="8c84fa94-04c1-424b-9868-57a2d4851a1d" />
    <TestEntry testId="d766a059-d96c-7b47-e6a6-34931760df96" executionId="2e0fd4c6-18c8-4d66-b908-a6121732f8c9" testListId="8c84fa94-04c1-424b-9868-57a2d4851a1d" />
    <TestEntry testId="fe3e63ab-391c-e168-48d0-431b85a7b898" executionId="301fb2f0-ec79-437f-a11b-2fc48cbf397a" testListId="8c84fa94-04c1-424b-9868-57a2d4851a1d" />
  </TestEntries>
  <Results>
    <UnitTestResult executionId="f9c25b6a-19cb-4fad-b5b9-aff1009baed2" testId="0bc2f98c-98f5-f190-c78c-c00d94c547a1" testName="third_person_tenses_active" computerName="ARPAN-LAP" duration="00:00:06.6534704" startTime="2014-06-29T12:24:39.1586057+05:30" endTime="2014-06-29T12:24:50.3562462+05:30" testType="13cdc9d9-ddb5-4fa4-a97d-d965ccfc6d4b" outcome="Passed" testListId="8c84fa94-04c1-424b-9868-57a2d4851a1d" relativeResultsDirectory="f9c25b6a-19cb-4fad-b5b9-aff1009baed2" resultType="DataDrivenTest">
      <Counters error="0" failed="0" timeout="0" aborted="0" inconclusive="0" passedButRunAborted="0" notRunnable="0" notExecuted="0" disconnected="0" warning="0" passed="10" completed="0" inProgress="0" pending="0" />
      <InnerResults>
        <UnitTestResult executionId="29d46686-dccf-43f8-82d9-664234961190" parentExecutionId="f9c25b6a-19cb-4fad-b5b9-aff1009baed2" testId="0bc2f98c-98f5-f190-c78c-c00d94c547a1" testName="third_person_tenses_active" computerName="ARPAN-LAP" duration="00:00:05.5838936" startTime="2014-06-29T12:24:44.3669036+05:30" endTime="2014-06-29T12:24:50.0172268+05:30" testType="13cdc9d9-ddb5-4fa4-a97d-d965ccfc6d4b" outcome="Passed" testListId="8c84fa94-04c1-424b-9868-57a2d4851a1d" relativeResultsDirectory="f9c25b6a-19cb-4fad-b5b9-aff1009baed2" dataRowInfo="0" resultType="DataDrivenDataRow" />
        <UnitTestResult executionId="60510b50-0053-483c-b7be-a4de5d102c68" parentExecutionId="f9c25b6a-19cb-4fad-b5b9-aff1009baed2" testId="0bc2f98c-98f5-f190-c78c-c00d94c547a1" testName="third_person_tenses_active" computerName="ARPAN-LAP" duration="00:00:00.0416166" startTime="2014-06-29T12:24:50.0172268+05:30" endTime="2014-06-29T12:24:50.0592292+05:30" testType="13cdc9d9-ddb5-4fa4-a97d-d965ccfc6d4b" outcome="Passed" testListId="8c84fa94-04c1-424b-9868-57a2d4851a1d" relativeResultsDirectory="f9c25b6a-19cb-4fad-b5b9-aff1009baed2" dataRowInfo="1" resultType="DataDrivenDataRow" />
        <UnitTestResult executionId="9cfb9bb9-82f1-4823-b4d2-2180ec107fc4" parentExecutionId="f9c25b6a-19cb-4fad-b5b9-aff1009baed2" testId="0bc2f98c-98f5-f190-c78c-c00d94c547a1" testName="third_person_tenses_active" computerName="ARPAN-LAP" duration="00:00:00.0206592" startTime="2014-06-29T12:24:50.0592292+05:30" endTime="2014-06-29T12:24:50.0802304+05:30" testType="13cdc9d9-ddb5-4fa4-a97d-d965ccfc6d4b" outcome="Passed" testListId="8c84fa94-04c1-424b-9868-57a2d4851a1d" relativeResultsDirectory="f9c25b6a-19cb-4fad-b5b9-aff1009baed2" dataRowInfo="2" resultType="DataDrivenDataRow" />
        <UnitTestResult executionId="ad912289-1f0f-4153-88bf-a4109dc9cb91" parentExecutionId="f9c25b6a-19cb-4fad-b5b9-aff1009baed2" testId="0bc2f98c-98f5-f190-c78c-c00d94c547a1" testName="third_person_tenses_active" computerName="ARPAN-LAP" duration="00:00:00.0464352" startTime="2014-06-29T12:24:50.0802304+05:30" endTime="2014-06-29T12:24:50.1262330+05:30" testType="13cdc9d9-ddb5-4fa4-a97d-d965ccfc6d4b" outcome="Passed" testListId="8c84fa94-04c1-424b-9868-57a2d4851a1d" relativeResultsDirectory="f9c25b6a-19cb-4fad-b5b9-aff1009baed2" dataRowInfo="3" resultType="DataDrivenDataRow" />
        <UnitTestResult executionId="1f81d96f-a032-4b28-a42b-14a12dfcd723" parentExecutionId="f9c25b6a-19cb-4fad-b5b9-aff1009baed2" testId="0bc2f98c-98f5-f190-c78c-c00d94c547a1" testName="third_person_tenses_active" computerName="ARPAN-LAP" duration="00:00:00.0154859" startTime="2014-06-29T12:24:50.1262330+05:30" endTime="2014-06-29T12:24:50.1422339+05:30" testType="13cdc9d9-ddb5-4fa4-a97d-d965ccfc6d4b" outcome="Passed" testListId="8c84fa94-04c1-424b-9868-57a2d4851a1d" relativeResultsDirectory="f9c25b6a-19cb-4fad-b5b9-aff1009baed2" dataRowInfo="4" resultType="DataDrivenDataRow" />
        <UnitTestResult executionId="50677baa-b13f-4074-9872-7f180b535406" parentExecutionId="f9c25b6a-19cb-4fad-b5b9-aff1009baed2" testId="0bc2f98c-98f5-f190-c78c-c00d94c547a1" testName="third_person_tenses_active" computerName="ARPAN-LAP" duration="00:00:00.0203076" startTime="2014-06-29T12:24:50.1422339+05:30" endTime="2014-06-29T12:24:50.1622351+05:30" testType="13cdc9d9-ddb5-4fa4-a97d-d965ccfc6d4b" outcome="Passed" testListId="8c84fa94-04c1-424b-9868-57a2d4851a1d" relativeResultsDirectory="f9c25b6a-19cb-4fad-b5b9-aff1009baed2" dataRowInfo="5" resultType="DataDrivenDataRow" />
        <UnitTestResult executionId="1945f099-281a-40f6-8727-bc8d6d9a1ab3" parentExecutionId="f9c25b6a-19cb-4fad-b5b9-aff1009baed2" testId="0bc2f98c-98f5-f190-c78c-c00d94c547a1" testName="third_person_tenses_active" computerName="ARPAN-LAP" duration="00:00:00.0183084" startTime="2014-06-29T12:24:50.1622351+05:30" endTime="2014-06-29T12:24:50.1802361+05:30" testType="13cdc9d9-ddb5-4fa4-a97d-d965ccfc6d4b" outcome="Passed" testListId="8c84fa94-04c1-424b-9868-57a2d4851a1d" relativeResultsDirectory="f9c25b6a-19cb-4fad-b5b9-aff1009baed2" dataRowInfo="6" resultType="DataDrivenDataRow" />
        <UnitTestResult executionId="8cda0db0-fd39-4e84-aa43-817d2a153811" parentExecutionId="f9c25b6a-19cb-4fad-b5b9-aff1009baed2" testId="0bc2f98c-98f5-f190-c78c-c00d94c547a1" testName="third_person_tenses_active" computerName="ARPAN-LAP" duration="00:00:00.0249676" startTime="2014-06-29T12:24:50.1802361+05:30" endTime="2014-06-29T12:24:50.2052375+05:30" testType="13cdc9d9-ddb5-4fa4-a97d-d965ccfc6d4b" outcome="Passed" testListId="8c84fa94-04c1-424b-9868-57a2d4851a1d" relativeResultsDirectory="f9c25b6a-19cb-4fad-b5b9-aff1009baed2" dataRowInfo="7" resultType="DataDrivenDataRow" />
        <UnitTestResult executionId="cbcb2d8f-1999-4753-8f7d-7b46cb0846c8" parentExecutionId="f9c25b6a-19cb-4fad-b5b9-aff1009baed2" testId="0bc2f98c-98f5-f190-c78c-c00d94c547a1" testName="third_person_tenses_active" computerName="ARPAN-LAP" duration="00:00:00.0221841" startTime="2014-06-29T12:24:50.2052375+05:30" endTime="2014-06-29T12:24:50.2282388+05:30" testType="13cdc9d9-ddb5-4fa4-a97d-d965ccfc6d4b" outcome="Passed" testListId="8c84fa94-04c1-424b-9868-57a2d4851a1d" relativeResultsDirectory="f9c25b6a-19cb-4fad-b5b9-aff1009baed2" dataRowInfo="8" resultType="DataDrivenDataRow" />
        <UnitTestResult executionId="1466f14a-aa0c-423a-96c8-4c0f14c4f8af" parentExecutionId="f9c25b6a-19cb-4fad-b5b9-aff1009baed2" testId="0bc2f98c-98f5-f190-c78c-c00d94c547a1" testName="third_person_tenses_active" computerName="ARPAN-LAP" duration="00:00:00.0242311" startTime="2014-06-29T12:24:50.2282388+05:30" endTime="2014-06-29T12:24:50.2522402+05:30" testType="13cdc9d9-ddb5-4fa4-a97d-d965ccfc6d4b" outcome="Passed" testListId="8c84fa94-04c1-424b-9868-57a2d4851a1d" relativeResultsDirectory="f9c25b6a-19cb-4fad-b5b9-aff1009baed2" dataRowInfo="9" resultType="DataDrivenDataRow" />
      </InnerResults>
    </UnitTestResult>
    <UnitTestResult executionId="cf292223-141c-4b8a-a47d-fcd7aa8cba70" testId="0f337a75-1a2d-d9c3-6c5f-23ed2604b69d" testName="prepositions_made_with_two_words" computerName="ARPAN-LAP" duration="00:00:00.1392689" startTime="2014-06-29T12:24:50.3732471+05:30" endTime="2014-06-29T12:24:50.5312562+05:30" testType="13cdc9d9-ddb5-4fa4-a97d-d965ccfc6d4b" outcome="Passed" testListId="8c84fa94-04c1-424b-9868-57a2d4851a1d" relativeResultsDirectory="cf292223-141c-4b8a-a47d-fcd7aa8cba70" resultType="DataDrivenTest">
      <Counters error="0" failed="0" timeout="0" aborted="0" inconclusive="0" passedButRunAborted="0" notRunnable="0" notExecuted="0" disconnected="0" warning="0" passed="3" completed="0" inProgress="0" pending="0" />
      <InnerResults>
        <UnitTestResult executionId="dc9f6863-9b04-4493-bef1-ce2a2f06226f" parentExecutionId="cf292223-141c-4b8a-a47d-fcd7aa8cba70" testId="0f337a75-1a2d-d9c3-6c5f-23ed2604b69d" testName="prepositions_made_with_two_words" computerName="ARPAN-LAP" duration="00:00:00.0413805" startTime="2014-06-29T12:24:50.3832477+05:30" endTime="2014-06-29T12:24:50.4252501+05:30" testType="13cdc9d9-ddb5-4fa4-a97d-d965ccfc6d4b" outcome="Passed" testListId="8c84fa94-04c1-424b-9868-57a2d4851a1d" relativeResultsDirectory="cf292223-141c-4b8a-a47d-fcd7aa8cba70" dataRowInfo="0" resultType="DataDrivenDataRow" />
        <UnitTestResult executionId="670c2eac-a7d7-4e59-98f0-6087b6c76af8" parentExecutionId="cf292223-141c-4b8a-a47d-fcd7aa8cba70" testId="0f337a75-1a2d-d9c3-6c5f-23ed2604b69d" testName="prepositions_made_with_two_words" computerName="ARPAN-LAP" duration="00:00:00.0468074" startTime="2014-06-29T12:24:50.4252501+05:30" endTime="2014-06-29T12:24:50.4722528+05:30" testType="13cdc9d9-ddb5-4fa4-a97d-d965ccfc6d4b" outcome="Passed" testListId="8c84fa94-04c1-424b-9868-57a2d4851a1d" relativeResultsDirectory="cf292223-141c-4b8a-a47d-fcd7aa8cba70" dataRowInfo="1" resultType="DataDrivenDataRow" />
        <UnitTestResult executionId="d17429e1-963c-4dba-af80-33032dddc4d3" parentExecutionId="cf292223-141c-4b8a-a47d-fcd7aa8cba70" testId="0f337a75-1a2d-d9c3-6c5f-23ed2604b69d" testName="prepositions_made_with_two_words" computerName="ARPAN-LAP" duration="00:00:00.0480274" startTime="2014-06-29T12:24:50.4722528+05:30" endTime="2014-06-29T12:24:50.5202555+05:30" testType="13cdc9d9-ddb5-4fa4-a97d-d965ccfc6d4b" outcome="Passed" testListId="8c84fa94-04c1-424b-9868-57a2d4851a1d" relativeResultsDirectory="cf292223-141c-4b8a-a47d-fcd7aa8cba70" dataRowInfo="2" resultType="DataDrivenDataRow" />
      </InnerResults>
    </UnitTestResult>
    <UnitTestResult executionId="9adaca7a-3f41-493a-ba4c-6c7de0f3df57" testId="0f33848d-a900-d644-7498-2526887b5425" testName="prepositions_made_with_three_words" computerName="ARPAN-LAP" duration="00:00:00.2023999" startTime="2014-06-29T12:24:50.5342563+05:30" endTime="2014-06-29T12:24:50.7562690+05:30" testType="13cdc9d9-ddb5-4fa4-a97d-d965ccfc6d4b" outcome="Passed" testListId="8c84fa94-04c1-424b-9868-57a2d4851a1d" relativeResultsDirectory="9adaca7a-3f41-493a-ba4c-6c7de0f3df57" resultType="DataDrivenTest">
      <Counters error="0" failed="0" timeout="0" aborted="0" inconclusive="0" passedButRunAborted="0" notRunnable="0" notExecuted="0" disconnected="0" warning="0" passed="4" completed="0" inProgress="0" pending="0" />
      <InnerResults>
        <UnitTestResult executionId="40ca2ead-0263-4b55-804e-8074d92ae020" parentExecutionId="9adaca7a-3f41-493a-ba4c-6c7de0f3df57" testId="0f33848d-a900-d644-7498-2526887b5425" testName="prepositions_made_with_three_words" computerName="ARPAN-LAP" duration="00:00:00.0381710" startTime="2014-06-29T12:24:50.5412567+05:30" endTime="2014-06-29T12:24:50.5792589+05:30" testType="13cdc9d9-ddb5-4fa4-a97d-d965ccfc6d4b" outcome="Passed" testListId="8c84fa94-04c1-424b-9868-57a2d4851a1d" relativeResultsDirectory="9adaca7a-3f41-493a-ba4c-6c7de0f3df57" dataRowInfo="0" resultType="DataDrivenDataRow" />
        <UnitTestResult executionId="a1188f82-7cd9-4c1c-abc5-7fd4260fbb54" parentExecutionId="9adaca7a-3f41-493a-ba4c-6c7de0f3df57" testId="0f33848d-a900-d644-7498-2526887b5425" testName="prepositions_made_with_three_words" computerName="ARPAN-LAP" duration="00:00:00.0457326" startTime="2014-06-29T12:24:50.5792589+05:30" endTime="2014-06-29T12:24:50.6242615+05:30" testType="13cdc9d9-ddb5-4fa4-a97d-d965ccfc6d4b" outcome="Passed" testListId="8c84fa94-04c1-424b-9868-57a2d4851a1d" relativeResultsDirectory="9adaca7a-3f41-493a-ba4c-6c7de0f3df57" dataRowInfo="1" resultType="DataDrivenDataRow" />
        <UnitTestResult executionId="27c638f0-f135-4484-a494-afc2d4e63955" parentExecutionId="9adaca7a-3f41-493a-ba4c-6c7de0f3df57" testId="0f33848d-a900-d644-7498-2526887b5425" testName="prepositions_made_with_three_words" computerName="ARPAN-LAP" duration="00:00:00.0570841" startTime="2014-06-29T12:24:50.6252616+05:30" endTime="2014-06-29T12:24:50.6822648+05:30" testType="13cdc9d9-ddb5-4fa4-a97d-d965ccfc6d4b" outcome="Passed" testListId="8c84fa94-04c1-424b-9868-57a2d4851a1d" relativeResultsDirectory="9adaca7a-3f41-493a-ba4c-6c7de0f3df57" dataRowInfo="2" resultType="DataDrivenDataRow" />
        <UnitTestResult executionId="637fd175-48b8-45e4-a8e2-84f2cbd0c987" parentExecutionId="9adaca7a-3f41-493a-ba4c-6c7de0f3df57" testId="0f33848d-a900-d644-7498-2526887b5425" testName="prepositions_made_with_three_words" computerName="ARPAN-LAP" duration="00:00:00.0594847" startTime="2014-06-29T12:24:50.6822648+05:30" endTime="2014-06-29T12:24:50.7412682+05:30" testType="13cdc9d9-ddb5-4fa4-a97d-d965ccfc6d4b" outcome="Passed" testListId="8c84fa94-04c1-424b-9868-57a2d4851a1d" relativeResultsDirectory="9adaca7a-3f41-493a-ba4c-6c7de0f3df57" dataRowInfo="3" resultType="DataDrivenDataRow" />
      </InnerResults>
    </UnitTestResult>
    <UnitTestResult executionId="4a45880c-0489-468c-8cd8-4df7777ed824" testId="15fe5bf6-5078-81a8-0356-385549390bb7" testName="first_person_tenses_active_negation" computerName="ARPAN-LAP" duration="00:00:00.3291958" startTime="2014-06-29T12:24:50.7572691+05:30" endTime="2014-06-29T12:24:51.1222900+05:30" testType="13cdc9d9-ddb5-4fa4-a97d-d965ccfc6d4b" outcome="Passed" testListId="8c84fa94-04c1-424b-9868-57a2d4851a1d" relativeResultsDirectory="4a45880c-0489-468c-8cd8-4df7777ed824" resultType="DataDrivenTest">
      <Counters error="0" failed="0" timeout="0" aborted="0" inconclusive="0" passedButRunAborted="0" notRunnable="0" notExecuted="0" disconnected="0" warning="0" passed="10" completed="0" inProgress="0" pending="0" />
      <InnerResults>
        <UnitTestResult executionId="9de3ff54-4b76-41c5-a33e-5a358c4ce263" parentExecutionId="4a45880c-0489-468c-8cd8-4df7777ed824" testId="15fe5bf6-5078-81a8-0356-385549390bb7" testName="first_person_tenses_active_negation" computerName="ARPAN-LAP" duration="00:00:00.0268544" startTime="2014-06-29T12:24:50.7652696+05:30" endTime="2014-06-29T12:24:50.7922711+05:30" testType="13cdc9d9-ddb5-4fa4-a97d-d965ccfc6d4b" outcome="Passed" testListId="8c84fa94-04c1-424b-9868-57a2d4851a1d" relativeResultsDirectory="4a45880c-0489-468c-8cd8-4df7777ed824" dataRowInfo="0" resultType="DataDrivenDataRow" />
        <UnitTestResult executionId="2df0f3fa-6d53-41be-b2c5-311af779aa23" parentExecutionId="4a45880c-0489-468c-8cd8-4df7777ed824" testId="15fe5bf6-5078-81a8-0356-385549390bb7" testName="first_person_tenses_active_negation" computerName="ARPAN-LAP" duration="00:00:00.0346777" startTime="2014-06-29T12:24:50.7922711+05:30" endTime="2014-06-29T12:24:50.8262731+05:30" testType="13cdc9d9-ddb5-4fa4-a97d-d965ccfc6d4b" outcome="Passed" testListId="8c84fa94-04c1-424b-9868-57a2d4851a1d" relativeResultsDirectory="4a45880c-0489-468c-8cd8-4df7777ed824" dataRowInfo="1" resultType="DataDrivenDataRow" />
        <UnitTestResult executionId="da303522-f4bd-4973-93ea-c3fccf83f68f" parentExecutionId="4a45880c-0489-468c-8cd8-4df7777ed824" testId="15fe5bf6-5078-81a8-0356-385549390bb7" testName="first_person_tenses_active_negation" computerName="ARPAN-LAP" duration="00:00:00.0325805" startTime="2014-06-29T12:24:50.8272731+05:30" endTime="2014-06-29T12:24:50.8592749+05:30" testType="13cdc9d9-ddb5-4fa4-a97d-d965ccfc6d4b" outcome="Passed" testListId="8c84fa94-04c1-424b-9868-57a2d4851a1d" relativeResultsDirectory="4a45880c-0489-468c-8cd8-4df7777ed824" dataRowInfo="2" resultType="DataDrivenDataRow" />
        <UnitTestResult executionId="e4902bbc-34cc-4bdb-b41d-59fbd10b27cf" parentExecutionId="4a45880c-0489-468c-8cd8-4df7777ed824" testId="15fe5bf6-5078-81a8-0356-385549390bb7" testName="first_person_tenses_active_negation" computerName="ARPAN-LAP" duration="00:00:00.0457115" startTime="2014-06-29T12:24:50.8592749+05:30" endTime="2014-06-29T12:24:50.9052776+05:30" testType="13cdc9d9-ddb5-4fa4-a97d-d965ccfc6d4b" outcome="Passed" testListId="8c84fa94-04c1-424b-9868-57a2d4851a1d" relativeResultsDirectory="4a45880c-0489-468c-8cd8-4df7777ed824" dataRowInfo="3" resultType="DataDrivenDataRow" />
        <UnitTestResult executionId="4af3a8e1-03cc-4066-ba5e-33cb9e3f07a8" parentExecutionId="4a45880c-0489-468c-8cd8-4df7777ed824" testId="15fe5bf6-5078-81a8-0356-385549390bb7" testName="first_person_tenses_active_negation" computerName="ARPAN-LAP" duration="00:00:00.0248059" startTime="2014-06-29T12:24:50.9052776+05:30" endTime="2014-06-29T12:24:50.9302790+05:30" testType="13cdc9d9-ddb5-4fa4-a97d-d965ccfc6d4b" outcome="Passed" testListId="8c84fa94-04c1-424b-9868-57a2d4851a1d" relativeResultsDirectory="4a45880c-0489-468c-8cd8-4df7777ed824" dataRowInfo="4" resultType="DataDrivenDataRow" />
        <UnitTestResult executionId="ee1a7f64-57bf-4bb8-a2cb-bc101c9e2394" parentExecutionId="4a45880c-0489-468c-8cd8-4df7777ed824" testId="15fe5bf6-5078-81a8-0356-385549390bb7" testName="first_person_tenses_active_negation" computerName="ARPAN-LAP" duration="00:00:00.0241541" startTime="2014-06-29T12:24:50.9302790+05:30" endTime="2014-06-29T12:24:50.9542804+05:30" testType="13cdc9d9-ddb5-4fa4-a97d-d965ccfc6d4b" outcome="Passed" testListId="8c84fa94-04c1-424b-9868-57a2d4851a1d" relativeResultsDirectory="4a45880c-0489-468c-8cd8-4df7777ed824" dataRowInfo="5" resultType="DataDrivenDataRow" />
        <UnitTestResult executionId="993ec794-1d5f-4d92-8711-fb999ac912ba" parentExecutionId="4a45880c-0489-468c-8cd8-4df7777ed824" testId="15fe5bf6-5078-81a8-0356-385549390bb7" testName="first_person_tenses_active_negation" computerName="ARPAN-LAP" duration="00:00:00.0263560" startTime="2014-06-29T12:24:50.9542804+05:30" endTime="2014-06-29T12:24:50.9802819+05:30" testType="13cdc9d9-ddb5-4fa4-a97d-d965ccfc6d4b" outcome="Passed" testListId="8c84fa94-04c1-424b-9868-57a2d4851a1d" relativeResultsDirectory="4a45880c-0489-468c-8cd8-4df7777ed824" dataRowInfo="6" resultType="DataDrivenDataRow" />
        <UnitTestResult executionId="af5c5a44-6608-4fb0-9ecd-6c2e4022ee5c" parentExecutionId="4a45880c-0489-468c-8cd8-4df7777ed824" testId="15fe5bf6-5078-81a8-0356-385549390bb7" testName="first_person_tenses_active_negation" computerName="ARPAN-LAP" duration="00:00:00.0347028" startTime="2014-06-29T12:24:50.9802819+05:30" endTime="2014-06-29T12:24:51.0152839+05:30" testType="13cdc9d9-ddb5-4fa4-a97d-d965ccfc6d4b" outcome="Passed" testListId="8c84fa94-04c1-424b-9868-57a2d4851a1d" relativeResultsDirectory="4a45880c-0489-468c-8cd8-4df7777ed824" dataRowInfo="7" resultType="DataDrivenDataRow" />
        <UnitTestResult executionId="086f5e00-4453-4fc9-a0b8-dddc55487804" parentExecutionId="4a45880c-0489-468c-8cd8-4df7777ed824" testId="15fe5bf6-5078-81a8-0356-385549390bb7" testName="first_person_tenses_active_negation" computerName="ARPAN-LAP" duration="00:00:00.0362452" startTime="2014-06-29T12:24:51.0152839+05:30" endTime="2014-06-29T12:24:51.0512859+05:30" testType="13cdc9d9-ddb5-4fa4-a97d-d965ccfc6d4b" outcome="Passed" testListId="8c84fa94-04c1-424b-9868-57a2d4851a1d" relativeResultsDirectory="4a45880c-0489-468c-8cd8-4df7777ed824" dataRowInfo="8" resultType="DataDrivenDataRow" />
        <UnitTestResult executionId="9d0464d5-b7fd-451f-83f6-f67c5fd6be18" parentExecutionId="4a45880c-0489-468c-8cd8-4df7777ed824" testId="15fe5bf6-5078-81a8-0356-385549390bb7" testName="first_person_tenses_active_negation" computerName="ARPAN-LAP" duration="00:00:00.0405044" startTime="2014-06-29T12:24:51.0512859+05:30" endTime="2014-06-29T12:24:51.0922883+05:30" testType="13cdc9d9-ddb5-4fa4-a97d-d965ccfc6d4b" outcome="Passed" testListId="8c84fa94-04c1-424b-9868-57a2d4851a1d" relativeResultsDirectory="4a45880c-0489-468c-8cd8-4df7777ed824" dataRowInfo="9" resultType="DataDrivenDataRow" />
      </InnerResults>
    </UnitTestResult>
    <UnitTestResult executionId="63d5a377-420c-4e77-8b02-e022a574b0ca" testId="1b04a6d6-5350-792c-8eba-a46a0eb28949" testName="interrogative_sentences_why" computerName="ARPAN-LAP" duration="00:00:00.4317010" startTime="2014-06-29T12:24:51.1232900+05:30" endTime="2014-06-29T12:24:51.5953170+05:30" testType="13cdc9d9-ddb5-4fa4-a97d-d965ccfc6d4b" outcome="Failed" testListId="8c84fa94-04c1-424b-9868-57a2d4851a1d" relativeResultsDirectory="63d5a377-420c-4e77-8b02-e022a574b0ca" resultType="DataDrivenTest">
      <Counters error="0" failed="2" timeout="0" aborted="0" inconclusive="0" passedButRunAborted="0" notRunnable="0" notExecuted="0" disconnected="0" warning="0" passed="1" completed="0" inProgress="0" pending="0" />
      <InnerResults>
        <UnitTestResult executionId="02561649-892f-4906-86b4-a7924d517cc4" parentExecutionId="63d5a377-420c-4e77-8b02-e022a574b0ca" testId="1b04a6d6-5350-792c-8eba-a46a0eb28949" testName="interrogative_sentences_why" computerName="ARPAN-LAP" duration="00:00:00.3613929" startTime="2014-06-29T12:24:51.1322906+05:30" endTime="2014-06-29T12:24:51.4933112+05:30" testType="13cdc9d9-ddb5-4fa4-a97d-d965ccfc6d4b" outcome="Failed" testListId="8c84fa94-04c1-424b-9868-57a2d4851a1d" relativeResultsDirectory="63d5a377-420c-4e77-8b02-e022a574b0ca" dataRowInfo="0" resultType="DataDrivenDataRow">
          <Output>
            <ErrorInfo>
              <Message>Assert.AreEqual failed. Expected:&lt;আপনি আজ দেরিতে কেন ?&gt;. Actual:&lt;দেরিতে আজ আপনি কেন ?&gt;. Why are you late today?</Message>
              <StackTrace>   at UnitTest.BnlpTest.interrogative_sentences_why() in D:\software\Project\BNLP\UnitTest\BnlpTest.cs:line 382
</StackTrace>
            </ErrorInfo>
          </Output>
        </UnitTestResult>
        <UnitTestResult executionId="541dd2c1-7374-4cd1-9a08-3051197a1209" parentExecutionId="63d5a377-420c-4e77-8b02-e022a574b0ca" testId="1b04a6d6-5350-792c-8eba-a46a0eb28949" testName="interrogative_sentences_why" computerName="ARPAN-LAP" duration="00:00:00.0399701" startTime="2014-06-29T12:24:51.4933112+05:30" endTime="2014-06-29T12:24:51.5333135+05:30" testType="13cdc9d9-ddb5-4fa4-a97d-d965ccfc6d4b" outcome="Failed" testListId="8c84fa94-04c1-424b-9868-57a2d4851a1d" relativeResultsDirectory="63d5a377-420c-4e77-8b02-e022a574b0ca" dataRowInfo="1" resultType="DataDrivenDataRow">
          <Output>
            <ErrorInfo>
              <Message>Assert.AreEqual failed. Expected:&lt;সে খাবার কেন রান্না করছে ?&gt;. Actual:&lt;সে কেন খাবার রান্না করছে ?&gt;. Why is she cooking food?</Message>
              <StackTrace>   at UnitTest.BnlpTest.interrogative_sentences_why() in D:\software\Project\BNLP\UnitTest\BnlpTest.cs:line 382
</StackTrace>
            </ErrorInfo>
          </Output>
        </UnitTestResult>
        <UnitTestResult executionId="3a26e816-9efc-4239-9afe-9bd516ee932e" parentExecutionId="63d5a377-420c-4e77-8b02-e022a574b0ca" testId="1b04a6d6-5350-792c-8eba-a46a0eb28949" testName="interrogative_sentences_why" computerName="ARPAN-LAP" duration="00:00:00.0285497" startTime="2014-06-29T12:24:51.5333135+05:30" endTime="2014-06-29T12:24:51.5623151+05:30" testType="13cdc9d9-ddb5-4fa4-a97d-d965ccfc6d4b" outcome="Passed" testListId="8c84fa94-04c1-424b-9868-57a2d4851a1d" relativeResultsDirectory="63d5a377-420c-4e77-8b02-e022a574b0ca" dataRowInfo="2" resultType="DataDrivenDataRow" />
      </InnerResults>
    </UnitTestResult>
    <UnitTestResult executionId="8cf3d518-1720-47a8-942f-890092954449" testId="1d63c318-78a9-9011-f5c0-0b01884a2881" testName="interrogative_sentences_do" computerName="ARPAN-LAP" duration="00:00:00.2482270" startTime="2014-06-29T12:24:51.5983172+05:30" endTime="2014-06-29T12:24:51.8783332+05:30" testType="13cdc9d9-ddb5-4fa4-a97d-d965ccfc6d4b" outcome="Passed" testListId="8c84fa94-04c1-424b-9868-57a2d4851a1d" relativeResultsDirectory="8cf3d518-1720-47a8-942f-890092954449" resultType="DataDrivenTest">
      <Counters error="0" failed="0" timeout="0" aborted="0" inconclusive="0" passedButRunAborted="0" notRunnable="0" notExecuted="0" disconnected="0" warning="0" passed="9" completed="0" inProgress="0" pending="0" />
      <InnerResults>
        <UnitTestResult executionId="016b333d-40aa-419b-af25-fbfa3518eed7" parentExecutionId="8cf3d518-1720-47a8-942f-890092954449" testId="1d63c318-78a9-9011-f5c0-0b01884a2881" testName="interrogative_sentences_do" computerName="ARPAN-LAP" duration="00:00:00.0282746" startTime="2014-06-29T12:24:51.6053176+05:30" endTime="2014-06-29T12:24:51.6333192+05:30" testType="13cdc9d9-ddb5-4fa4-a97d-d965ccfc6d4b" outcome="Passed" testListId="8c84fa94-04c1-424b-9868-57a2d4851a1d" relativeResultsDirectory="8cf3d518-1720-47a8-942f-890092954449" dataRowInfo="0" resultType="DataDrivenDataRow" />
        <UnitTestResult executionId="97c34c7b-9ca2-4a6d-b941-85590821cc87" parentExecutionId="8cf3d518-1720-47a8-942f-890092954449" testId="1d63c318-78a9-9011-f5c0-0b01884a2881" testName="interrogative_sentences_do" computerName="ARPAN-LAP" duration="00:00:00.0289352" startTime="2014-06-29T12:24:51.6333192+05:30" endTime="2014-06-29T12:24:51.6623209+05:30" testType="13cdc9d9-ddb5-4fa4-a97d-d965ccfc6d4b" outcome="Passed" testListId="8c84fa94-04c1-424b-9868-57a2d4851a1d" relativeResultsDirectory="8cf3d518-1720-47a8-942f-890092954449" dataRowInfo="1" resultType="DataDrivenDataRow" />
        <UnitTestResult executionId="33c8b850-4bd7-417e-9b52-26e0e8f28175" parentExecutionId="8cf3d518-1720-47a8-942f-890092954449" testId="1d63c318-78a9-9011-f5c0-0b01884a2881" testName="interrogative_sentences_do" computerName="ARPAN-LAP" duration="00:00:00.0240370" startTime="2014-06-29T12:24:51.6623209+05:30" endTime="2014-06-29T12:24:51.6863222+05:30" testType="13cdc9d9-ddb5-4fa4-a97d-d965ccfc6d4b" outcome="Passed" testListId="8c84fa94-04c1-424b-9868-57a2d4851a1d" relativeResultsDirectory="8cf3d518-1720-47a8-942f-890092954449" dataRowInfo="2" resultType="DataDrivenDataRow" />
        <UnitTestResult executionId="d151552b-db90-4b60-8271-c7d4cbb59fe8" parentExecutionId="8cf3d518-1720-47a8-942f-890092954449" testId="1d63c318-78a9-9011-f5c0-0b01884a2881" testName="interrogative_sentences_do" computerName="ARPAN-LAP" duration="00:00:00.0229592" startTime="2014-06-29T12:24:51.6863222+05:30" endTime="2014-06-29T12:24:51.7093236+05:30" testType="13cdc9d9-ddb5-4fa4-a97d-d965ccfc6d4b" outcome="Passed" testListId="8c84fa94-04c1-424b-9868-57a2d4851a1d" relativeResultsDirectory="8cf3d518-1720-47a8-942f-890092954449" dataRowInfo="3" resultType="DataDrivenDataRow" />
        <UnitTestResult executionId="3818f335-2430-4fc8-8d17-f923078744f5" parentExecutionId="8cf3d518-1720-47a8-942f-890092954449" testId="1d63c318-78a9-9011-f5c0-0b01884a2881" testName="interrogative_sentences_do" computerName="ARPAN-LAP" duration="00:00:00.0217494" startTime="2014-06-29T12:24:51.7093236+05:30" endTime="2014-06-29T12:24:51.7313248+05:30" testType="13cdc9d9-ddb5-4fa4-a97d-d965ccfc6d4b" outcome="Passed" testListId="8c84fa94-04c1-424b-9868-57a2d4851a1d" relativeResultsDirectory="8cf3d518-1720-47a8-942f-890092954449" dataRowInfo="4" resultType="DataDrivenDataRow" />
        <UnitTestResult executionId="c2abae94-4d6f-4e05-ac63-aa0ec2852106" parentExecutionId="8cf3d518-1720-47a8-942f-890092954449" testId="1d63c318-78a9-9011-f5c0-0b01884a2881" testName="interrogative_sentences_do" computerName="ARPAN-LAP" duration="00:00:00.0310884" startTime="2014-06-29T12:24:51.7313248+05:30" endTime="2014-06-29T12:24:51.7623266+05:30" testType="13cdc9d9-ddb5-4fa4-a97d-d965ccfc6d4b" outcome="Passed" testListId="8c84fa94-04c1-424b-9868-57a2d4851a1d" relativeResultsDirectory="8cf3d518-1720-47a8-942f-890092954449" dataRowInfo="5" resultType="DataDrivenDataRow" />
        <UnitTestResult executionId="b54f7e2c-886d-4c42-a91d-dfee06e5159b" parentExecutionId="8cf3d518-1720-47a8-942f-890092954449" testId="1d63c318-78a9-9011-f5c0-0b01884a2881" testName="interrogative_sentences_do" computerName="ARPAN-LAP" duration="00:00:00.0272609" startTime="2014-06-29T12:24:51.7623266+05:30" endTime="2014-06-29T12:24:51.7903282+05:30" testType="13cdc9d9-ddb5-4fa4-a97d-d965ccfc6d4b" outcome="Passed" testListId="8c84fa94-04c1-424b-9868-57a2d4851a1d" relativeResultsDirectory="8cf3d518-1720-47a8-942f-890092954449" dataRowInfo="6" resultType="DataDrivenDataRow" />
        <UnitTestResult executionId="c21beaaf-9a41-408a-b8e1-d3d09c2a1925" parentExecutionId="8cf3d518-1720-47a8-942f-890092954449" testId="1d63c318-78a9-9011-f5c0-0b01884a2881" testName="interrogative_sentences_do" computerName="ARPAN-LAP" duration="00:00:00.0348409" startTime="2014-06-29T12:24:51.7903282+05:30" endTime="2014-06-29T12:24:51.8253302+05:30" testType="13cdc9d9-ddb5-4fa4-a97d-d965ccfc6d4b" outcome="Passed" testListId="8c84fa94-04c1-424b-9868-57a2d4851a1d" relativeResultsDirectory="8cf3d518-1720-47a8-942f-890092954449" dataRowInfo="7" resultType="DataDrivenDataRow" />
        <UnitTestResult executionId="106b5397-3fd5-436e-90e8-25237e80346b" parentExecutionId="8cf3d518-1720-47a8-942f-890092954449" testId="1d63c318-78a9-9011-f5c0-0b01884a2881" testName="interrogative_sentences_do" computerName="ARPAN-LAP" duration="00:00:00.0267163" startTime="2014-06-29T12:24:51.8253302+05:30" endTime="2014-06-29T12:24:51.8513317+05:30" testType="13cdc9d9-ddb5-4fa4-a97d-d965ccfc6d4b" outcome="Passed" testListId="8c84fa94-04c1-424b-9868-57a2d4851a1d" relativeResultsDirectory="8cf3d518-1720-47a8-942f-890092954449" dataRowInfo="8" resultType="DataDrivenDataRow" />
      </InnerResults>
    </UnitTestResult>
    <UnitTestResult executionId="108fd5a1-3b15-4438-a544-e3d3c166c5d0" testId="227f20ae-8e76-eb71-39b2-4ada3ce6aba8" testName="interrogative_sentences_how" computerName="ARPAN-LAP" duration="00:00:00.6564176" startTime="2014-06-29T12:24:51.8803333+05:30" endTime="2014-06-29T12:24:52.5933741+05:30" testType="13cdc9d9-ddb5-4fa4-a97d-d965ccfc6d4b" outcome="Failed" testListId="8c84fa94-04c1-424b-9868-57a2d4851a1d" relativeResultsDirectory="108fd5a1-3b15-4438-a544-e3d3c166c5d0" resultType="DataDrivenTest">
      <Counters error="0" failed="7" timeout="0" aborted="0" inconclusive="0" passedButRunAborted="0" notRunnable="0" notExecuted="0" disconnected="0" warning="0" passed="11" completed="0" inProgress="0" pending="0" />
      <InnerResults>
        <UnitTestResult executionId="e1cef776-e42b-4f2c-8407-53a428ce2c64" parentExecutionId="108fd5a1-3b15-4438-a544-e3d3c166c5d0" testId="227f20ae-8e76-eb71-39b2-4ada3ce6aba8" testName="interrogative_sentences_how" computerName="ARPAN-LAP" duration="00:00:00.0274370" startTime="2014-06-29T12:24:51.8893339+05:30" endTime="2014-06-29T12:24:51.9173355+05:30" testType="13cdc9d9-ddb5-4fa4-a97d-d965ccfc6d4b" outcome="Failed" testListId="8c84fa94-04c1-424b-9868-57a2d4851a1d" relativeResultsDirectory="108fd5a1-3b15-4438-a544-e3d3c166c5d0" dataRowInfo="0" resultType="DataDrivenDataRow">
          <Output>
            <ErrorInfo>
              <Message>Assert.AreEqual failed. Expected:&lt;আপনি কেমন ?&gt;. Actual:&lt;কেমন আপনি ?&gt;. How are you?</Message>
              <StackTrace>   at UnitTest.BnlpTest.interrogative_sentences_how() in D:\software\Project\BNLP\UnitTest\BnlpTest.cs:line 274
</StackTrace>
            </ErrorInfo>
          </Output>
        </UnitTestResult>
        <UnitTestResult executionId="8fa0a6ba-50f4-41b8-a3f4-cfbf3554c514" parentExecutionId="108fd5a1-3b15-4438-a544-e3d3c166c5d0" testId="227f20ae-8e76-eb71-39b2-4ada3ce6aba8" testName="interrogative_sentences_how" computerName="ARPAN-LAP" duration="00:00:00.0321093" startTime="2014-06-29T12:24:51.9173355+05:30" endTime="2014-06-29T12:24:51.9493373+05:30" testType="13cdc9d9-ddb5-4fa4-a97d-d965ccfc6d4b" outcome="Failed" testListId="8c84fa94-04c1-424b-9868-57a2d4851a1d" relativeResultsDirectory="108fd5a1-3b15-4438-a544-e3d3c166c5d0" dataRowInfo="1" resultType="DataDrivenDataRow">
          <Output>
            <ErrorInfo>
              <Message>Assert.AreEqual failed. Expected:&lt;আপনি কেমন ছিলেন ?&gt;. Actual:&lt;আপনি ছিলেন কেমন ?&gt;. How were you?</Message>
              <StackTrace>   at UnitTest.BnlpTest.interrogative_sentences_how() in D:\software\Project\BNLP\UnitTest\BnlpTest.cs:line 274
</StackTrace>
            </ErrorInfo>
          </Output>
        </UnitTestResult>
        <UnitTestResult executionId="b626fdd4-a24f-4e19-91b8-8582b81a7ae3" parentExecutionId="108fd5a1-3b15-4438-a544-e3d3c166c5d0" testId="227f20ae-8e76-eb71-39b2-4ada3ce6aba8" testName="interrogative_sentences_how" computerName="ARPAN-LAP" duration="00:00:00.0354276" startTime="2014-06-29T12:24:51.9493373+05:30" endTime="2014-06-29T12:24:51.9843393+05:30" testType="13cdc9d9-ddb5-4fa4-a97d-d965ccfc6d4b" outcome="Failed" testListId="8c84fa94-04c1-424b-9868-57a2d4851a1d" relativeResultsDirectory="108fd5a1-3b15-4438-a544-e3d3c166c5d0" dataRowInfo="2" resultType="DataDrivenDataRow">
          <Output>
            <ErrorInfo>
              <Message>Assert.AreEqual failed. Expected:&lt;এই মেশিন কাজটি কিভাবে করে ?&gt;. Actual:&lt;এই মেশিনটি করে কিভাবে কাজ ?&gt;. How does this machine work?</Message>
              <StackTrace>   at UnitTest.BnlpTest.interrogative_sentences_how() in D:\software\Project\BNLP\UnitTest\BnlpTest.cs:line 274
</StackTrace>
            </ErrorInfo>
          </Output>
        </UnitTestResult>
        <UnitTestResult executionId="a2ed3f4d-55a9-4491-bb6c-09925412fc6c" parentExecutionId="108fd5a1-3b15-4438-a544-e3d3c166c5d0" testId="227f20ae-8e76-eb71-39b2-4ada3ce6aba8" testName="interrogative_sentences_how" computerName="ARPAN-LAP" duration="00:00:00.0430517" startTime="2014-06-29T12:24:51.9843393+05:30" endTime="2014-06-29T12:24:52.0273417+05:30" testType="13cdc9d9-ddb5-4fa4-a97d-d965ccfc6d4b" outcome="Failed" testListId="8c84fa94-04c1-424b-9868-57a2d4851a1d" relativeResultsDirectory="108fd5a1-3b15-4438-a544-e3d3c166c5d0" dataRowInfo="3" resultType="DataDrivenDataRow">
          <Output>
            <ErrorInfo>
              <Message>Assert.AreEqual failed. Expected:&lt;আপনি তাদের সম্বন্ধে কিভাবে জানেন ?&gt;. Actual:&lt;আপনি কিভাবে তাদের সম্বন্ধে জানেন ?&gt;. How do you know about them?</Message>
              <StackTrace>   at UnitTest.BnlpTest.interrogative_sentences_how() in D:\software\Project\BNLP\UnitTest\BnlpTest.cs:line 274
</StackTrace>
            </ErrorInfo>
          </Output>
        </UnitTestResult>
        <UnitTestResult executionId="6e45adb3-fe6f-46fb-9a88-1a82305711dd" parentExecutionId="108fd5a1-3b15-4438-a544-e3d3c166c5d0" testId="227f20ae-8e76-eb71-39b2-4ada3ce6aba8" testName="interrogative_sentences_how" computerName="ARPAN-LAP" duration="00:00:00.0385806" startTime="2014-06-29T12:24:52.0283418+05:30" endTime="2014-06-29T12:24:52.0663440+05:30" testType="13cdc9d9-ddb5-4fa4-a97d-d965ccfc6d4b" outcome="Failed" testListId="8c84fa94-04c1-424b-9868-57a2d4851a1d" relativeResultsDirectory="108fd5a1-3b15-4438-a544-e3d3c166c5d0" dataRowInfo="4" resultType="DataDrivenDataRow">
          <Output>
            <ErrorInfo>
              <Message>Assert.AreEqual failed. Expected:&lt;আপনি এই রাজ্যটি কিভাবে নিয়ন্ত্রণ করবেন ?&gt;. Actual:&lt;আপনি কিভাবে এই রাজ্যটি নিয়ন্ত্রণ করবেন ?&gt;. How will you control this kingdom?</Message>
              <StackTrace>   at UnitTest.BnlpTest.interrogative_sentences_how() in D:\software\Project\BNLP\UnitTest\BnlpTest.cs:line 274
</StackTrace>
            </ErrorInfo>
          </Output>
        </UnitTestResult>
        <UnitTestResult executionId="bc5754a9-8ae2-482e-9e99-bc465fce36a8" parentExecutionId="108fd5a1-3b15-4438-a544-e3d3c166c5d0" testId="227f20ae-8e76-eb71-39b2-4ada3ce6aba8" testName="interrogative_sentences_how" computerName="ARPAN-LAP" duration="00:00:00.0256061" startTime="2014-06-29T12:24:52.0663440+05:30" endTime="2014-06-29T12:24:52.0923455+05:30" testType="13cdc9d9-ddb5-4fa4-a97d-d965ccfc6d4b" outcome="Passed" testListId="8c84fa94-04c1-424b-9868-57a2d4851a1d" relativeResultsDirectory="108fd5a1-3b15-4438-a544-e3d3c166c5d0" dataRowInfo="5" resultType="DataDrivenDataRow" />
        <UnitTestResult executionId="8dd87533-6245-4009-853e-cc2789570b33" parentExecutionId="108fd5a1-3b15-4438-a544-e3d3c166c5d0" testId="227f20ae-8e76-eb71-39b2-4ada3ce6aba8" testName="interrogative_sentences_how" computerName="ARPAN-LAP" duration="00:00:00.0402765" startTime="2014-06-29T12:24:52.0923455+05:30" endTime="2014-06-29T12:24:52.1323478+05:30" testType="13cdc9d9-ddb5-4fa4-a97d-d965ccfc6d4b" outcome="Failed" testListId="8c84fa94-04c1-424b-9868-57a2d4851a1d" relativeResultsDirectory="108fd5a1-3b15-4438-a544-e3d3c166c5d0" dataRowInfo="6" resultType="DataDrivenDataRow">
          <Output>
            <ErrorInfo>
              <Message>Assert.AreEqual failed. Expected:&lt;শিশু ইন্টারনেট কিভাবে ব্রাউজ করে ?&gt;. Actual:&lt;শিশু কিভাবে ইন্টারনেট ব্রাউজ করে ?&gt;. How do children browse the internet?</Message>
              <StackTrace>   at UnitTest.BnlpTest.interrogative_sentences_how() in D:\software\Project\BNLP\UnitTest\BnlpTest.cs:line 274
</StackTrace>
            </ErrorInfo>
          </Output>
        </UnitTestResult>
        <UnitTestResult executionId="2dcc2a46-39a3-4530-9197-7f3a040ed467" parentExecutionId="108fd5a1-3b15-4438-a544-e3d3c166c5d0" testId="227f20ae-8e76-eb71-39b2-4ada3ce6aba8" testName="interrogative_sentences_how" computerName="ARPAN-LAP" duration="00:00:00.0407333" startTime="2014-06-29T12:24:52.1323478+05:30" endTime="2014-06-29T12:24:52.1733501+05:30" testType="13cdc9d9-ddb5-4fa4-a97d-d965ccfc6d4b" outcome="Passed" testListId="8c84fa94-04c1-424b-9868-57a2d4851a1d" relativeResultsDirectory="108fd5a1-3b15-4438-a544-e3d3c166c5d0" dataRowInfo="7" resultType="DataDrivenDataRow" />
        <UnitTestResult executionId="f44c262c-17fa-43bf-964c-de2ebdcc2783" parentExecutionId="108fd5a1-3b15-4438-a544-e3d3c166c5d0" testId="227f20ae-8e76-eb71-39b2-4ada3ce6aba8" testName="interrogative_sentences_how" computerName="ARPAN-LAP" duration="00:00:00.0359527" startTime="2014-06-29T12:24:52.1733501+05:30" endTime="2014-06-29T12:24:52.2093522+05:30" testType="13cdc9d9-ddb5-4fa4-a97d-d965ccfc6d4b" outcome="Passed" testListId="8c84fa94-04c1-424b-9868-57a2d4851a1d" relativeResultsDirectory="108fd5a1-3b15-4438-a544-e3d3c166c5d0" dataRowInfo="8" resultType="DataDrivenDataRow" />
        <UnitTestResult executionId="e91811d6-f145-4c3e-926b-2457dce8184e" parentExecutionId="108fd5a1-3b15-4438-a544-e3d3c166c5d0" testId="227f20ae-8e76-eb71-39b2-4ada3ce6aba8" testName="interrogative_sentences_how" computerName="ARPAN-LAP" duration="00:00:00.0299007" startTime="2014-06-29T12:24:52.2093522+05:30" endTime="2014-06-29T12:24:52.2393539+05:30" testType="13cdc9d9-ddb5-4fa4-a97d-d965ccfc6d4b" outcome="Passed" testListId="8c84fa94-04c1-424b-9868-57a2d4851a1d" relativeResultsDirectory="108fd5a1-3b15-4438-a544-e3d3c166c5d0" dataRowInfo="9" resultType="DataDrivenDataRow" />
        <UnitTestResult executionId="a377a2c7-cd6c-46d4-a8c0-1afc0f6396ee" parentExecutionId="108fd5a1-3b15-4438-a544-e3d3c166c5d0" testId="227f20ae-8e76-eb71-39b2-4ada3ce6aba8" testName="interrogative_sentences_how" computerName="ARPAN-LAP" duration="00:00:00.0374376" startTime="2014-06-29T12:24:52.2393539+05:30" endTime="2014-06-29T12:24:52.2763560+05:30" testType="13cdc9d9-ddb5-4fa4-a97d-d965ccfc6d4b" outcome="Passed" testListId="8c84fa94-04c1-424b-9868-57a2d4851a1d" relativeResultsDirectory="108fd5a1-3b15-4438-a544-e3d3c166c5d0" dataRowInfo="10" resultType="DataDrivenDataRow" />
        <UnitTestResult executionId="c2233d29-4340-4434-9da1-c51e403bf164" parentExecutionId="108fd5a1-3b15-4438-a544-e3d3c166c5d0" testId="227f20ae-8e76-eb71-39b2-4ada3ce6aba8" testName="interrogative_sentences_how" computerName="ARPAN-LAP" duration="00:00:00.0316571" startTime="2014-06-29T12:24:52.2763560+05:30" endTime="2014-06-29T12:24:52.3083578+05:30" testType="13cdc9d9-ddb5-4fa4-a97d-d965ccfc6d4b" outcome="Passed" testListId="8c84fa94-04c1-424b-9868-57a2d4851a1d" relativeResultsDirectory="108fd5a1-3b15-4438-a544-e3d3c166c5d0" dataRowInfo="11" resultType="DataDrivenDataRow" />
        <UnitTestResult executionId="504eed27-fbea-4b0f-bb4c-5bea64cdcac6" parentExecutionId="108fd5a1-3b15-4438-a544-e3d3c166c5d0" testId="227f20ae-8e76-eb71-39b2-4ada3ce6aba8" testName="interrogative_sentences_how" computerName="ARPAN-LAP" duration="00:00:00.0300197" startTime="2014-06-29T12:24:52.3083578+05:30" endTime="2014-06-29T12:24:52.3383595+05:30" testType="13cdc9d9-ddb5-4fa4-a97d-d965ccfc6d4b" outcome="Passed" testListId="8c84fa94-04c1-424b-9868-57a2d4851a1d" relativeResultsDirectory="108fd5a1-3b15-4438-a544-e3d3c166c5d0" dataRowInfo="12" resultType="DataDrivenDataRow" />
        <UnitTestResult executionId="447e2e08-d130-4c60-adb8-f412150a2884" parentExecutionId="108fd5a1-3b15-4438-a544-e3d3c166c5d0" testId="227f20ae-8e76-eb71-39b2-4ada3ce6aba8" testName="interrogative_sentences_how" computerName="ARPAN-LAP" duration="00:00:00.0344293" startTime="2014-06-29T12:24:52.3383595+05:30" endTime="2014-06-29T12:24:52.3733615+05:30" testType="13cdc9d9-ddb5-4fa4-a97d-d965ccfc6d4b" outcome="Passed" testListId="8c84fa94-04c1-424b-9868-57a2d4851a1d" relativeResultsDirectory="108fd5a1-3b15-4438-a544-e3d3c166c5d0" dataRowInfo="13" resultType="DataDrivenDataRow" />
        <UnitTestResult executionId="88d249a6-808e-42ab-9416-9c2165838837" parentExecutionId="108fd5a1-3b15-4438-a544-e3d3c166c5d0" testId="227f20ae-8e76-eb71-39b2-4ada3ce6aba8" testName="interrogative_sentences_how" computerName="ARPAN-LAP" duration="00:00:00.0452773" startTime="2014-06-29T12:24:52.3733615+05:30" endTime="2014-06-29T12:24:52.4183641+05:30" testType="13cdc9d9-ddb5-4fa4-a97d-d965ccfc6d4b" outcome="Passed" testListId="8c84fa94-04c1-424b-9868-57a2d4851a1d" relativeResultsDirectory="108fd5a1-3b15-4438-a544-e3d3c166c5d0" dataRowInfo="14" resultType="DataDrivenDataRow" />
        <UnitTestResult executionId="91a757d7-5d98-43bf-88eb-b1c26453b71d" parentExecutionId="108fd5a1-3b15-4438-a544-e3d3c166c5d0" testId="227f20ae-8e76-eb71-39b2-4ada3ce6aba8" testName="interrogative_sentences_how" computerName="ARPAN-LAP" duration="00:00:00.0454123" startTime="2014-06-29T12:24:52.4183641+05:30" endTime="2014-06-29T12:24:52.4633667+05:30" testType="13cdc9d9-ddb5-4fa4-a97d-d965ccfc6d4b" outcome="Failed" testListId="8c84fa94-04c1-424b-9868-57a2d4851a1d" relativeResultsDirectory="108fd5a1-3b15-4438-a544-e3d3c166c5d0" dataRowInfo="15" resultType="DataDrivenDataRow">
          <Output>
            <ErrorInfo>
              <Message>Assert.AreEqual failed. Expected:&lt;একটি ভাল ছাত্র হতে হয় কিভাবে ?&gt;. Actual:&lt;হয় কিভাবে একটি ভাল ছাত্র ?&gt;. How to be a good student?</Message>
              <StackTrace>   at UnitTest.BnlpTest.interrogative_sentences_how() in D:\software\Project\BNLP\UnitTest\BnlpTest.cs:line 274
</StackTrace>
            </ErrorInfo>
          </Output>
        </UnitTestResult>
        <UnitTestResult executionId="5c23435c-264c-4889-a271-0e4472f19d4c" parentExecutionId="108fd5a1-3b15-4438-a544-e3d3c166c5d0" testId="227f20ae-8e76-eb71-39b2-4ada3ce6aba8" testName="interrogative_sentences_how" computerName="ARPAN-LAP" duration="00:00:00.0428213" startTime="2014-06-29T12:24:52.4633667+05:30" endTime="2014-06-29T12:24:52.5063691+05:30" testType="13cdc9d9-ddb5-4fa4-a97d-d965ccfc6d4b" outcome="Passed" testListId="8c84fa94-04c1-424b-9868-57a2d4851a1d" relativeResultsDirectory="108fd5a1-3b15-4438-a544-e3d3c166c5d0" dataRowInfo="16" resultType="DataDrivenDataRow" />
        <UnitTestResult executionId="d2505c75-9b53-4451-a7b9-ed385bdd6ecf" parentExecutionId="108fd5a1-3b15-4438-a544-e3d3c166c5d0" testId="227f20ae-8e76-eb71-39b2-4ada3ce6aba8" testName="interrogative_sentences_how" computerName="ARPAN-LAP" duration="00:00:00.0370726" startTime="2014-06-29T12:24:52.5063691+05:30" endTime="2014-06-29T12:24:52.5433713+05:30" testType="13cdc9d9-ddb5-4fa4-a97d-d965ccfc6d4b" outcome="Passed" testListId="8c84fa94-04c1-424b-9868-57a2d4851a1d" relativeResultsDirectory="108fd5a1-3b15-4438-a544-e3d3c166c5d0" dataRowInfo="17" resultType="DataDrivenDataRow" />
      </InnerResults>
    </UnitTestResult>
    <UnitTestResult executionId="dd958af1-92be-4fd0-bcf5-0533adb5437e" testId="30ab3285-6a8c-14d2-9725-bd60892ccd90" testName="second_person_tenses_active" computerName="ARPAN-LAP" duration="00:00:00.2189412" startTime="2014-06-29T12:24:52.6013746+05:30" endTime="2014-06-29T12:24:52.8553891+05:30" testType="13cdc9d9-ddb5-4fa4-a97d-d965ccfc6d4b" outcome="Passed" testListId="8c84fa94-04c1-424b-9868-57a2d4851a1d" relativeResultsDirectory="dd958af1-92be-4fd0-bcf5-0533adb5437e" resultType="DataDrivenTest">
      <Counters error="0" failed="0" timeout="0" aborted="0" inconclusive="0" passedButRunAborted="0" notRunnable="0" notExecuted="0" disconnected="0" warning="0" passed="10" completed="0" inProgress="0" pending="0" />
      <InnerResults>
        <UnitTestResult executionId="99d72865-1975-4613-a6e3-acfa445fa8c6" parentExecutionId="dd958af1-92be-4fd0-bcf5-0533adb5437e" testId="30ab3285-6a8c-14d2-9725-bd60892ccd90" testName="second_person_tenses_active" computerName="ARPAN-LAP" duration="00:00:00.0265305" startTime="2014-06-29T12:24:52.6103751+05:30" endTime="2014-06-29T12:24:52.6373766+05:30" testType="13cdc9d9-ddb5-4fa4-a97d-d965ccfc6d4b" outcome="Passed" testListId="8c84fa94-04c1-424b-9868-57a2d4851a1d" relativeResultsDirectory="dd958af1-92be-4fd0-bcf5-0533adb5437e" dataRowInfo="0" resultType="DataDrivenDataRow" />
        <UnitTestResult executionId="df7dbebd-4cd5-488b-af4a-90bac6dc99c9" parentExecutionId="dd958af1-92be-4fd0-bcf5-0533adb5437e" testId="30ab3285-6a8c-14d2-9725-bd60892ccd90" testName="second_person_tenses_active" computerName="ARPAN-LAP" duration="00:00:00.0191840" startTime="2014-06-29T12:24:52.6373766+05:30" endTime="2014-06-29T12:24:52.6563777+05:30" testType="13cdc9d9-ddb5-4fa4-a97d-d965ccfc6d4b" outcome="Passed" testListId="8c84fa94-04c1-424b-9868-57a2d4851a1d" relativeResultsDirectory="dd958af1-92be-4fd0-bcf5-0533adb5437e" dataRowInfo="1" resultType="DataDrivenDataRow" />
        <UnitTestResult executionId="9610769d-f312-4b80-9e3f-ead78fd5dc00" parentExecutionId="dd958af1-92be-4fd0-bcf5-0533adb5437e" testId="30ab3285-6a8c-14d2-9725-bd60892ccd90" testName="second_person_tenses_active" computerName="ARPAN-LAP" duration="00:00:00.0196588" startTime="2014-06-29T12:24:52.6563777+05:30" endTime="2014-06-29T12:24:52.6763789+05:30" testType="13cdc9d9-ddb5-4fa4-a97d-d965ccfc6d4b" outcome="Passed" testListId="8c84fa94-04c1-424b-9868-57a2d4851a1d" relativeResultsDirectory="dd958af1-92be-4fd0-bcf5-0533adb5437e" dataRowInfo="2" resultType="DataDrivenDataRow" />
        <UnitTestResult executionId="ccf8d976-87f7-44a5-b758-fc0c03bb609b" parentExecutionId="dd958af1-92be-4fd0-bcf5-0533adb5437e" testId="30ab3285-6a8c-14d2-9725-bd60892ccd90" testName="second_person_tenses_active" computerName="ARPAN-LAP" duration="00:00:00.0266984" startTime="2014-06-29T12:24:52.6763789+05:30" endTime="2014-06-29T12:24:52.7023804+05:30" testType="13cdc9d9-ddb5-4fa4-a97d-d965ccfc6d4b" outcome="Passed" testListId="8c84fa94-04c1-424b-9868-57a2d4851a1d" relativeResultsDirectory="dd958af1-92be-4fd0-bcf5-0533adb5437e" dataRowInfo="3" resultType="DataDrivenDataRow" />
        <UnitTestResult executionId="28d07cd5-757a-49b9-8cf2-3ef0015c6ee4" parentExecutionId="dd958af1-92be-4fd0-bcf5-0533adb5437e" testId="30ab3285-6a8c-14d2-9725-bd60892ccd90" testName="second_person_tenses_active" computerName="ARPAN-LAP" duration="00:00:00.0158544" startTime="2014-06-29T12:24:52.7023804+05:30" endTime="2014-06-29T12:24:52.7183813+05:30" testType="13cdc9d9-ddb5-4fa4-a97d-d965ccfc6d4b" outcome="Passed" testListId="8c84fa94-04c1-424b-9868-57a2d4851a1d" relativeResultsDirectory="dd958af1-92be-4fd0-bcf5-0533adb5437e" dataRowInfo="4" resultType="DataDrivenDataRow" />
        <UnitTestResult executionId="3374ebda-b90e-450c-b8f3-1b653fb3fa33" parentExecutionId="dd958af1-92be-4fd0-bcf5-0533adb5437e" testId="30ab3285-6a8c-14d2-9725-bd60892ccd90" testName="second_person_tenses_active" computerName="ARPAN-LAP" duration="00:00:00.0194545" startTime="2014-06-29T12:24:52.7183813+05:30" endTime="2014-06-29T12:24:52.7383824+05:30" testType="13cdc9d9-ddb5-4fa4-a97d-d965ccfc6d4b" outcome="Passed" testListId="8c84fa94-04c1-424b-9868-57a2d4851a1d" relativeResultsDirectory="dd958af1-92be-4fd0-bcf5-0533adb5437e" dataRowInfo="5" resultType="DataDrivenDataRow" />
        <UnitTestResult executionId="1018ee4f-736d-4017-b0b0-620049a7d28a" parentExecutionId="dd958af1-92be-4fd0-bcf5-0533adb5437e" testId="30ab3285-6a8c-14d2-9725-bd60892ccd90" testName="second_person_tenses_active" computerName="ARPAN-LAP" duration="00:00:00.0196583" startTime="2014-06-29T12:24:52.7383824+05:30" endTime="2014-06-29T12:24:52.7573835+05:30" testType="13cdc9d9-ddb5-4fa4-a97d-d965ccfc6d4b" outcome="Passed" testListId="8c84fa94-04c1-424b-9868-57a2d4851a1d" relativeResultsDirectory="dd958af1-92be-4fd0-bcf5-0533adb5437e" dataRowInfo="6" resultType="DataDrivenDataRow" />
        <UnitTestResult executionId="943f893a-8302-4285-8011-4d57ccee6d4b" parentExecutionId="dd958af1-92be-4fd0-bcf5-0533adb5437e" testId="30ab3285-6a8c-14d2-9725-bd60892ccd90" testName="second_person_tenses_active" computerName="ARPAN-LAP" duration="00:00:00.0243132" startTime="2014-06-29T12:24:52.7573835+05:30" endTime="2014-06-29T12:24:52.7823849+05:30" testType="13cdc9d9-ddb5-4fa4-a97d-d965ccfc6d4b" outcome="Passed" testListId="8c84fa94-04c1-424b-9868-57a2d4851a1d" relativeResultsDirectory="dd958af1-92be-4fd0-bcf5-0533adb5437e" dataRowInfo="7" resultType="DataDrivenDataRow" />
        <UnitTestResult executionId="aaa1338b-7b2d-4184-b38a-224b58dd9c15" parentExecutionId="dd958af1-92be-4fd0-bcf5-0533adb5437e" testId="30ab3285-6a8c-14d2-9725-bd60892ccd90" testName="second_person_tenses_active" computerName="ARPAN-LAP" duration="00:00:00.0209543" startTime="2014-06-29T12:24:52.7823849+05:30" endTime="2014-06-29T12:24:52.8033861+05:30" testType="13cdc9d9-ddb5-4fa4-a97d-d965ccfc6d4b" outcome="Passed" testListId="8c84fa94-04c1-424b-9868-57a2d4851a1d" relativeResultsDirectory="dd958af1-92be-4fd0-bcf5-0533adb5437e" dataRowInfo="8" resultType="DataDrivenDataRow" />
        <UnitTestResult executionId="4bb1d9f2-bd4a-42de-8152-87f3b9023494" parentExecutionId="dd958af1-92be-4fd0-bcf5-0533adb5437e" testId="30ab3285-6a8c-14d2-9725-bd60892ccd90" testName="second_person_tenses_active" computerName="ARPAN-LAP" duration="00:00:00.0228319" startTime="2014-06-29T12:24:52.8033861+05:30" endTime="2014-06-29T12:24:52.8263875+05:30" testType="13cdc9d9-ddb5-4fa4-a97d-d965ccfc6d4b" outcome="Passed" testListId="8c84fa94-04c1-424b-9868-57a2d4851a1d" relativeResultsDirectory="dd958af1-92be-4fd0-bcf5-0533adb5437e" dataRowInfo="9" resultType="DataDrivenDataRow" />
      </InnerResults>
    </UnitTestResult>
    <UnitTestResult executionId="b6868c67-2092-4f58-8202-ca8447d20f8f" testId="32b5d279-0d23-e5ad-0301-234c8788f740" testName="interrogative_sentences_who" computerName="ARPAN-LAP" duration="00:00:00.1398140" startTime="2014-06-29T12:24:52.8573892+05:30" endTime="2014-06-29T12:24:53.0233987+05:30" testType="13cdc9d9-ddb5-4fa4-a97d-d965ccfc6d4b" outcome="Failed" testListId="8c84fa94-04c1-424b-9868-57a2d4851a1d" relativeResultsDirectory="b6868c67-2092-4f58-8202-ca8447d20f8f" resultType="DataDrivenTest">
      <Counters error="0" failed="4" timeout="0" aborted="0" inconclusive="0" passedButRunAborted="0" notRunnable="0" notExecuted="0" disconnected="0" warning="0" passed="0" completed="0" inProgress="0" pending="0" />
      <InnerResults>
        <UnitTestResult executionId="195fd860-1eed-47a5-9cd6-83817b19bbdc" parentExecutionId="b6868c67-2092-4f58-8202-ca8447d20f8f" testId="32b5d279-0d23-e5ad-0301-234c8788f740" testName="interrogative_sentences_who" computerName="ARPAN-LAP" duration="00:00:00.0290466" startTime="2014-06-29T12:24:52.8723901+05:30" endTime="2014-06-29T12:24:52.9013917+05:30" testType="13cdc9d9-ddb5-4fa4-a97d-d965ccfc6d4b" outcome="Failed" testListId="8c84fa94-04c1-424b-9868-57a2d4851a1d" relativeResultsDirectory="b6868c67-2092-4f58-8202-ca8447d20f8f" dataRowInfo="0" resultType="DataDrivenDataRow">
          <Output>
            <ErrorInfo>
              <Message>Assert.AreEqual failed. Expected:&lt;আপনি কে ?&gt;. Actual:&lt;কে আপনি ?&gt;. Who are you?</Message>
              <StackTrace>   at UnitTest.BnlpTest.interrogative_sentences_who() in D:\software\Project\BNLP\UnitTest\BnlpTest.cs:line 346
</StackTrace>
            </ErrorInfo>
          </Output>
        </UnitTestResult>
        <UnitTestResult executionId="2b9bebc8-fbc0-45c9-8e56-f6c0ffe82c0f" parentExecutionId="b6868c67-2092-4f58-8202-ca8447d20f8f" testId="32b5d279-0d23-e5ad-0301-234c8788f740" testName="interrogative_sentences_who" computerName="ARPAN-LAP" duration="00:00:00.0292863" startTime="2014-06-29T12:24:52.9013917+05:30" endTime="2014-06-29T12:24:52.9303934+05:30" testType="13cdc9d9-ddb5-4fa4-a97d-d965ccfc6d4b" outcome="Failed" testListId="8c84fa94-04c1-424b-9868-57a2d4851a1d" relativeResultsDirectory="b6868c67-2092-4f58-8202-ca8447d20f8f" dataRowInfo="1" resultType="DataDrivenDataRow">
          <Output>
            <ErrorInfo>
              <Message>Assert.AreEqual failed. Expected:&lt;সে কে ছিল ?&gt;. Actual:&lt;কে সে ছিল ?&gt;. Who was she?</Message>
              <StackTrace>   at UnitTest.BnlpTest.interrogative_sentences_who() in D:\software\Project\BNLP\UnitTest\BnlpTest.cs:line 346
</StackTrace>
            </ErrorInfo>
          </Output>
        </UnitTestResult>
        <UnitTestResult executionId="4cf89f9a-5be9-481f-8633-e70058c6d51b" parentExecutionId="b6868c67-2092-4f58-8202-ca8447d20f8f" testId="32b5d279-0d23-e5ad-0301-234c8788f740" testName="interrogative_sentences_who" computerName="ARPAN-LAP" duration="00:00:00.0339601" startTime="2014-06-29T12:24:52.9303934+05:30" endTime="2014-06-29T12:24:52.9643953+05:30" testType="13cdc9d9-ddb5-4fa4-a97d-d965ccfc6d4b" outcome="Failed" testListId="8c84fa94-04c1-424b-9868-57a2d4851a1d" relativeResultsDirectory="b6868c67-2092-4f58-8202-ca8447d20f8f" dataRowInfo="2" resultType="DataDrivenDataRow">
          <Output>
            <ErrorInfo>
              <Message>Assert.AreEqual failed. Expected:&lt;এই গাড়িটি কে মেরামত করেছিল ?&gt;. Actual:&lt;কে এই গাড়িটি মেরামত করেছিল ?&gt;. Who fixed this car?</Message>
              <StackTrace>   at UnitTest.BnlpTest.interrogative_sentences_who() in D:\software\Project\BNLP\UnitTest\BnlpTest.cs:line 346
</StackTrace>
            </ErrorInfo>
          </Output>
        </UnitTestResult>
        <UnitTestResult executionId="a9ed051a-7e10-4917-9082-42418a406bad" parentExecutionId="b6868c67-2092-4f58-8202-ca8447d20f8f" testId="32b5d279-0d23-e5ad-0301-234c8788f740" testName="interrogative_sentences_who" computerName="ARPAN-LAP" duration="00:00:00.0444350" startTime="2014-06-29T12:24:52.9643953+05:30" endTime="2014-06-29T12:24:53.0093979+05:30" testType="13cdc9d9-ddb5-4fa4-a97d-d965ccfc6d4b" outcome="Failed" testListId="8c84fa94-04c1-424b-9868-57a2d4851a1d" relativeResultsDirectory="b6868c67-2092-4f58-8202-ca8447d20f8f" dataRowInfo="3" resultType="DataDrivenDataRow">
          <Output>
            <ErrorInfo>
              <Message>Assert.AreEqual failed. Expected:&lt;দুধ পান করতে কে চায় ?&gt;. Actual:&lt;কে দুধ পান করতে চায় ?&gt;. Who wants to drink milk?</Message>
              <StackTrace>   at UnitTest.BnlpTest.interrogative_sentences_who() in D:\software\Project\BNLP\UnitTest\BnlpTest.cs:line 346
</StackTrace>
            </ErrorInfo>
          </Output>
        </UnitTestResult>
      </InnerResults>
    </UnitTestResult>
    <UnitTestResult executionId="f13b828b-e8fe-450c-8b13-ec14eddc9c19" testId="39dcb97e-c73f-c645-a77c-64d9eba0a3a3" testName="interrogative_sentences_aux" computerName="ARPAN-LAP" duration="00:00:00.4783175" startTime="2014-06-29T12:24:53.0253988+05:30" endTime="2014-06-29T12:24:53.5794305+05:30" testType="13cdc9d9-ddb5-4fa4-a97d-d965ccfc6d4b" outcome="Passed" testListId="8c84fa94-04c1-424b-9868-57a2d4851a1d" relativeResultsDirectory="f13b828b-e8fe-450c-8b13-ec14eddc9c19" resultType="DataDrivenTest">
      <Counters error="0" failed="0" timeout="0" aborted="0" inconclusive="0" passedButRunAborted="0" notRunnable="0" notExecuted="0" disconnected="0" warning="0" passed="20" completed="0" inProgress="0" pending="0" />
      <InnerResults>
        <UnitTestResult executionId="55aec462-b578-4ddb-987f-e64e99b4432a" parentExecutionId="f13b828b-e8fe-450c-8b13-ec14eddc9c19" testId="39dcb97e-c73f-c645-a77c-64d9eba0a3a3" testName="interrogative_sentences_aux" computerName="ARPAN-LAP" duration="00:00:00.0216785" startTime="2014-06-29T12:24:53.0343993+05:30" endTime="2014-06-29T12:24:53.0554005+05:30" testType="13cdc9d9-ddb5-4fa4-a97d-d965ccfc6d4b" outcome="Passed" testListId="8c84fa94-04c1-424b-9868-57a2d4851a1d" relativeResultsDirectory="f13b828b-e8fe-450c-8b13-ec14eddc9c19" dataRowInfo="0" resultType="DataDrivenDataRow" />
        <UnitTestResult executionId="0f520da4-012e-48ee-9bb0-e41bc5473ab1" parentExecutionId="f13b828b-e8fe-450c-8b13-ec14eddc9c19" testId="39dcb97e-c73f-c645-a77c-64d9eba0a3a3" testName="interrogative_sentences_aux" computerName="ARPAN-LAP" duration="00:00:00.0226363" startTime="2014-06-29T12:24:53.0554005+05:30" endTime="2014-06-29T12:24:53.0784019+05:30" testType="13cdc9d9-ddb5-4fa4-a97d-d965ccfc6d4b" outcome="Passed" testListId="8c84fa94-04c1-424b-9868-57a2d4851a1d" relativeResultsDirectory="f13b828b-e8fe-450c-8b13-ec14eddc9c19" dataRowInfo="1" resultType="DataDrivenDataRow" />
        <UnitTestResult executionId="266dedf0-e4a1-4324-985b-988f31a297a3" parentExecutionId="f13b828b-e8fe-450c-8b13-ec14eddc9c19" testId="39dcb97e-c73f-c645-a77c-64d9eba0a3a3" testName="interrogative_sentences_aux" computerName="ARPAN-LAP" duration="00:00:00.0217288" startTime="2014-06-29T12:24:53.0784019+05:30" endTime="2014-06-29T12:24:53.1004031+05:30" testType="13cdc9d9-ddb5-4fa4-a97d-d965ccfc6d4b" outcome="Passed" testListId="8c84fa94-04c1-424b-9868-57a2d4851a1d" relativeResultsDirectory="f13b828b-e8fe-450c-8b13-ec14eddc9c19" dataRowInfo="2" resultType="DataDrivenDataRow" />
        <UnitTestResult executionId="b1d06415-1875-4178-a072-1a91fabf98f9" parentExecutionId="f13b828b-e8fe-450c-8b13-ec14eddc9c19" testId="39dcb97e-c73f-c645-a77c-64d9eba0a3a3" testName="interrogative_sentences_aux" computerName="ARPAN-LAP" duration="00:00:00.0258581" startTime="2014-06-29T12:24:53.1004031+05:30" endTime="2014-06-29T12:24:53.1264046+05:30" testType="13cdc9d9-ddb5-4fa4-a97d-d965ccfc6d4b" outcome="Passed" testListId="8c84fa94-04c1-424b-9868-57a2d4851a1d" relativeResultsDirectory="f13b828b-e8fe-450c-8b13-ec14eddc9c19" dataRowInfo="3" resultType="DataDrivenDataRow" />
        <UnitTestResult executionId="abf7c31a-c642-4aa8-ad5a-477fb58d7a5e" parentExecutionId="f13b828b-e8fe-450c-8b13-ec14eddc9c19" testId="39dcb97e-c73f-c645-a77c-64d9eba0a3a3" testName="interrogative_sentences_aux" computerName="ARPAN-LAP" duration="00:00:00.0211494" startTime="2014-06-29T12:24:53.1264046+05:30" endTime="2014-06-29T12:24:53.1474058+05:30" testType="13cdc9d9-ddb5-4fa4-a97d-d965ccfc6d4b" outcome="Passed" testListId="8c84fa94-04c1-424b-9868-57a2d4851a1d" relativeResultsDirectory="f13b828b-e8fe-450c-8b13-ec14eddc9c19" dataRowInfo="4" resultType="DataDrivenDataRow" />
        <UnitTestResult executionId="1ca00e96-7894-47c8-8a54-64a21f9390c0" parentExecutionId="f13b828b-e8fe-450c-8b13-ec14eddc9c19" testId="39dcb97e-c73f-c645-a77c-64d9eba0a3a3" testName="interrogative_sentences_aux" computerName="ARPAN-LAP" duration="00:00:00.0236865" startTime="2014-06-29T12:24:53.1474058+05:30" endTime="2014-06-29T12:24:53.1714072+05:30" testType="13cdc9d9-ddb5-4fa4-a97d-d965ccfc6d4b" outcome="Passed" testListId="8c84fa94-04c1-424b-9868-57a2d4851a1d" relativeResultsDirectory="f13b828b-e8fe-450c-8b13-ec14eddc9c19" dataRowInfo="5" resultType="DataDrivenDataRow" />
        <UnitTestResult executionId="6c31484f-4ff1-47a7-80e2-3c6f74912cc2" parentExecutionId="f13b828b-e8fe-450c-8b13-ec14eddc9c19" testId="39dcb97e-c73f-c645-a77c-64d9eba0a3a3" testName="interrogative_sentences_aux" computerName="ARPAN-LAP" duration="00:00:00.0222098" startTime="2014-06-29T12:24:53.1714072+05:30" endTime="2014-06-29T12:24:53.1934084+05:30" testType="13cdc9d9-ddb5-4fa4-a97d-d965ccfc6d4b" outcome="Passed" testListId="8c84fa94-04c1-424b-9868-57a2d4851a1d" relativeResultsDirectory="f13b828b-e8fe-450c-8b13-ec14eddc9c19" dataRowInfo="6" resultType="DataDrivenDataRow" />
        <UnitTestResult executionId="dda10ff5-1ed5-4a2e-a7a7-d395fd60db86" parentExecutionId="f13b828b-e8fe-450c-8b13-ec14eddc9c19" testId="39dcb97e-c73f-c645-a77c-64d9eba0a3a3" testName="interrogative_sentences_aux" computerName="ARPAN-LAP" duration="00:00:00.0359655" startTime="2014-06-29T12:24:53.1934084+05:30" endTime="2014-06-29T12:24:53.2294105+05:30" testType="13cdc9d9-ddb5-4fa4-a97d-d965ccfc6d4b" outcome="Passed" testListId="8c84fa94-04c1-424b-9868-57a2d4851a1d" relativeResultsDirectory="f13b828b-e8fe-450c-8b13-ec14eddc9c19" dataRowInfo="7" resultType="DataDrivenDataRow" />
        <UnitTestResult executionId="fa7e14ef-7667-45d2-944b-58176013833e" parentExecutionId="f13b828b-e8fe-450c-8b13-ec14eddc9c19" testId="39dcb97e-c73f-c645-a77c-64d9eba0a3a3" testName="interrogative_sentences_aux" computerName="ARPAN-LAP" duration="00:00:00.0224479" startTime="2014-06-29T12:24:53.2294105+05:30" endTime="2014-06-29T12:24:53.2514118+05:30" testType="13cdc9d9-ddb5-4fa4-a97d-d965ccfc6d4b" outcome="Passed" testListId="8c84fa94-04c1-424b-9868-57a2d4851a1d" relativeResultsDirectory="f13b828b-e8fe-450c-8b13-ec14eddc9c19" dataRowInfo="8" resultType="DataDrivenDataRow" />
        <UnitTestResult executionId="22c8f827-ba45-4ebe-9ec3-2250917a3cf2" parentExecutionId="f13b828b-e8fe-450c-8b13-ec14eddc9c19" testId="39dcb97e-c73f-c645-a77c-64d9eba0a3a3" testName="interrogative_sentences_aux" computerName="ARPAN-LAP" duration="00:00:00.0288120" startTime="2014-06-29T12:24:53.2514118+05:30" endTime="2014-06-29T12:24:53.2804134+05:30" testType="13cdc9d9-ddb5-4fa4-a97d-d965ccfc6d4b" outcome="Passed" testListId="8c84fa94-04c1-424b-9868-57a2d4851a1d" relativeResultsDirectory="f13b828b-e8fe-450c-8b13-ec14eddc9c19" dataRowInfo="9" resultType="DataDrivenDataRow" />
        <UnitTestResult executionId="daf2038d-42cc-459c-9624-ca9aa519cbbc" parentExecutionId="f13b828b-e8fe-450c-8b13-ec14eddc9c19" testId="39dcb97e-c73f-c645-a77c-64d9eba0a3a3" testName="interrogative_sentences_aux" computerName="ARPAN-LAP" duration="00:00:00.0279702" startTime="2014-06-29T12:24:53.2804134+05:30" endTime="2014-06-29T12:24:53.3084150+05:30" testType="13cdc9d9-ddb5-4fa4-a97d-d965ccfc6d4b" outcome="Passed" testListId="8c84fa94-04c1-424b-9868-57a2d4851a1d" relativeResultsDirectory="f13b828b-e8fe-450c-8b13-ec14eddc9c19" dataRowInfo="10" resultType="DataDrivenDataRow" />
        <UnitTestResult executionId="6c3ce3c3-be5b-4f3e-9191-9c09eb1e4c78" parentExecutionId="f13b828b-e8fe-450c-8b13-ec14eddc9c19" testId="39dcb97e-c73f-c645-a77c-64d9eba0a3a3" testName="interrogative_sentences_aux" computerName="ARPAN-LAP" duration="00:00:00.0265213" startTime="2014-06-29T12:24:53.3084150+05:30" endTime="2014-06-29T12:24:53.3354166+05:30" testType="13cdc9d9-ddb5-4fa4-a97d-d965ccfc6d4b" outcome="Passed" testListId="8c84fa94-04c1-424b-9868-57a2d4851a1d" relativeResultsDirectory="f13b828b-e8fe-450c-8b13-ec14eddc9c19" dataRowInfo="11" resultType="DataDrivenDataRow" />
        <UnitTestResult executionId="03b1a423-2baa-498e-aee4-5315afb84860" parentExecutionId="f13b828b-e8fe-450c-8b13-ec14eddc9c19" testId="39dcb97e-c73f-c645-a77c-64d9eba0a3a3" testName="interrogative_sentences_aux" computerName="ARPAN-LAP" duration="00:00:00.0247613" startTime="2014-06-29T12:24:53.3354166+05:30" endTime="2014-06-29T12:24:53.3604180+05:30" testType="13cdc9d9-ddb5-4fa4-a97d-d965ccfc6d4b" outcome="Passed" testListId="8c84fa94-04c1-424b-9868-57a2d4851a1d" relativeResultsDirectory="f13b828b-e8fe-450c-8b13-ec14eddc9c19" dataRowInfo="12" resultType="DataDrivenDataRow" />
        <UnitTestResult executionId="4e537c7b-8634-4be0-9a74-89d7d128b699" parentExecutionId="f13b828b-e8fe-450c-8b13-ec14eddc9c19" testId="39dcb97e-c73f-c645-a77c-64d9eba0a3a3" testName="interrogative_sentences_aux" computerName="ARPAN-LAP" duration="00:00:00.0247628" startTime="2014-06-29T12:24:53.3604180+05:30" endTime="2014-06-29T12:24:53.3854194+05:30" testType="13cdc9d9-ddb5-4fa4-a97d-d965ccfc6d4b" outcome="Passed" testListId="8c84fa94-04c1-424b-9868-57a2d4851a1d" relativeResultsDirectory="f13b828b-e8fe-450c-8b13-ec14eddc9c19" dataRowInfo="13" resultType="DataDrivenDataRow" />
        <UnitTestResult executionId="0587e36c-4978-4213-9076-1d542690dff2" parentExecutionId="f13b828b-e8fe-450c-8b13-ec14eddc9c19" testId="39dcb97e-c73f-c645-a77c-64d9eba0a3a3" testName="interrogative_sentences_aux" computerName="ARPAN-LAP" duration="00:00:00.0177556" startTime="2014-06-29T12:24:53.3854194+05:30" endTime="2014-06-29T12:24:53.4024204+05:30" testType="13cdc9d9-ddb5-4fa4-a97d-d965ccfc6d4b" outcome="Passed" testListId="8c84fa94-04c1-424b-9868-57a2d4851a1d" relativeResultsDirectory="f13b828b-e8fe-450c-8b13-ec14eddc9c19" dataRowInfo="14" resultType="DataDrivenDataRow" />
        <UnitTestResult executionId="4087c1c9-c4c6-41e4-bc45-6667b4c48bc2" parentExecutionId="f13b828b-e8fe-450c-8b13-ec14eddc9c19" testId="39dcb97e-c73f-c645-a77c-64d9eba0a3a3" testName="interrogative_sentences_aux" computerName="ARPAN-LAP" duration="00:00:00.0202424" startTime="2014-06-29T12:24:53.4024204+05:30" endTime="2014-06-29T12:24:53.4234216+05:30" testType="13cdc9d9-ddb5-4fa4-a97d-d965ccfc6d4b" outcome="Passed" testListId="8c84fa94-04c1-424b-9868-57a2d4851a1d" relativeResultsDirectory="f13b828b-e8fe-450c-8b13-ec14eddc9c19" dataRowInfo="15" resultType="DataDrivenDataRow" />
        <UnitTestResult executionId="f5a9df61-97df-476d-9f8e-940e5c09a691" parentExecutionId="f13b828b-e8fe-450c-8b13-ec14eddc9c19" testId="39dcb97e-c73f-c645-a77c-64d9eba0a3a3" testName="interrogative_sentences_aux" computerName="ARPAN-LAP" duration="00:00:00.0190860" startTime="2014-06-29T12:24:53.4234216+05:30" endTime="2014-06-29T12:24:53.4424227+05:30" testType="13cdc9d9-ddb5-4fa4-a97d-d965ccfc6d4b" outcome="Passed" testListId="8c84fa94-04c1-424b-9868-57a2d4851a1d" relativeResultsDirectory="f13b828b-e8fe-450c-8b13-ec14eddc9c19" dataRowInfo="16" resultType="DataDrivenDataRow" />
        <UnitTestResult executionId="0207b2d4-bd98-45bd-855c-a41a50231122" parentExecutionId="f13b828b-e8fe-450c-8b13-ec14eddc9c19" testId="39dcb97e-c73f-c645-a77c-64d9eba0a3a3" testName="interrogative_sentences_aux" computerName="ARPAN-LAP" duration="00:00:00.0274503" startTime="2014-06-29T12:24:53.4424227+05:30" endTime="2014-06-29T12:24:53.4694242+05:30" testType="13cdc9d9-ddb5-4fa4-a97d-d965ccfc6d4b" outcome="Passed" testListId="8c84fa94-04c1-424b-9868-57a2d4851a1d" relativeResultsDirectory="f13b828b-e8fe-450c-8b13-ec14eddc9c19" dataRowInfo="17" resultType="DataDrivenDataRow" />
        <UnitTestResult executionId="1df7eb4b-c342-4e97-aba4-72ba5303a34a" parentExecutionId="f13b828b-e8fe-450c-8b13-ec14eddc9c19" testId="39dcb97e-c73f-c645-a77c-64d9eba0a3a3" testName="interrogative_sentences_aux" computerName="ARPAN-LAP" duration="00:00:00.0173727" startTime="2014-06-29T12:24:53.4694242+05:30" endTime="2014-06-29T12:24:53.4874253+05:30" testType="13cdc9d9-ddb5-4fa4-a97d-d965ccfc6d4b" outcome="Passed" testListId="8c84fa94-04c1-424b-9868-57a2d4851a1d" relativeResultsDirectory="f13b828b-e8fe-450c-8b13-ec14eddc9c19" dataRowInfo="18" resultType="DataDrivenDataRow" />
        <UnitTestResult executionId="24136195-4a9a-4168-b75f-e3a36963ba91" parentExecutionId="f13b828b-e8fe-450c-8b13-ec14eddc9c19" testId="39dcb97e-c73f-c645-a77c-64d9eba0a3a3" testName="interrogative_sentences_aux" computerName="ARPAN-LAP" duration="00:00:00.0225455" startTime="2014-06-29T12:24:53.4874253+05:30" endTime="2014-06-29T12:24:53.5094265+05:30" testType="13cdc9d9-ddb5-4fa4-a97d-d965ccfc6d4b" outcome="Passed" testListId="8c84fa94-04c1-424b-9868-57a2d4851a1d" relativeResultsDirectory="f13b828b-e8fe-450c-8b13-ec14eddc9c19" dataRowInfo="19" resultType="DataDrivenDataRow" />
      </InnerResults>
    </UnitTestResult>
    <UnitTestResult executionId="839d0c5a-2350-45d1-a979-06296ed38913" testId="4e91a3b9-9eae-ebff-0b97-303f00578a78" testName="interrogative_sentences_whom" computerName="ARPAN-LAP" duration="00:00:00.0588067" startTime="2014-06-29T12:24:53.5884310+05:30" endTime="2014-06-29T12:24:53.6614352+05:30" testType="13cdc9d9-ddb5-4fa4-a97d-d965ccfc6d4b" outcome="Failed" testListId="8c84fa94-04c1-424b-9868-57a2d4851a1d" relativeResultsDirectory="839d0c5a-2350-45d1-a979-06296ed38913" resultType="DataDrivenTest">
      <Counters error="0" failed="1" timeout="0" aborted="0" inconclusive="0" passedButRunAborted="0" notRunnable="0" notExecuted="0" disconnected="0" warning="0" passed="1" completed="0" inProgress="0" pending="0" />
      <InnerResults>
        <UnitTestResult executionId="c11cf959-b59e-4f4a-9fae-03a057bc7bb1" parentExecutionId="839d0c5a-2350-45d1-a979-06296ed38913" testId="4e91a3b9-9eae-ebff-0b97-303f00578a78" testName="interrogative_sentences_whom" computerName="ARPAN-LAP" duration="00:00:00.0281345" startTime="2014-06-29T12:24:53.5954314+05:30" endTime="2014-06-29T12:24:53.6234330+05:30" testType="13cdc9d9-ddb5-4fa4-a97d-d965ccfc6d4b" outcome="Passed" testListId="8c84fa94-04c1-424b-9868-57a2d4851a1d" relativeResultsDirectory="839d0c5a-2350-45d1-a979-06296ed38913" dataRowInfo="0" resultType="DataDrivenDataRow" />
        <UnitTestResult executionId="70d89b5e-2c36-4b1c-b66e-3201b230fe64" parentExecutionId="839d0c5a-2350-45d1-a979-06296ed38913" testId="4e91a3b9-9eae-ebff-0b97-303f00578a78" testName="interrogative_sentences_whom" computerName="ARPAN-LAP" duration="00:00:00.0288746" startTime="2014-06-29T12:24:53.6234330+05:30" endTime="2014-06-29T12:24:53.6524347+05:30" testType="13cdc9d9-ddb5-4fa4-a97d-d965ccfc6d4b" outcome="Failed" testListId="8c84fa94-04c1-424b-9868-57a2d4851a1d" relativeResultsDirectory="839d0c5a-2350-45d1-a979-06296ed38913" dataRowInfo="1" resultType="DataDrivenDataRow">
          <Output>
            <ErrorInfo>
              <Message>Assert.AreEqual failed. Expected:&lt;সে গল্প কাকে বলেছিল ?&gt;. Actual:&lt;সে কাকে গল্প বলেছিল ?&gt;. To whom did he tell the story?</Message>
              <StackTrace>   at UnitTest.BnlpTest.interrogative_sentences_whom() in D:\software\Project\BNLP\UnitTest\BnlpTest.cs:line 364
</StackTrace>
            </ErrorInfo>
          </Output>
        </UnitTestResult>
      </InnerResults>
    </UnitTestResult>
    <UnitTestResult executionId="6b234aba-bf67-4c96-8690-20d16a9d9632" testId="533e7939-123c-ce84-5c5c-d5a21d1d95b9" testName="special_handling_do_verb" computerName="ARPAN-LAP" duration="00:00:00.3871854" startTime="2014-06-29T12:24:53.6634353+05:30" endTime="2014-06-29T12:24:54.0944600+05:30" testType="13cdc9d9-ddb5-4fa4-a97d-d965ccfc6d4b" outcome="Passed" testListId="8c84fa94-04c1-424b-9868-57a2d4851a1d" relativeResultsDirectory="6b234aba-bf67-4c96-8690-20d16a9d9632" resultType="DataDrivenTest">
      <Counters error="0" failed="0" timeout="0" aborted="0" inconclusive="0" passedButRunAborted="0" notRunnable="0" notExecuted="0" disconnected="0" warning="0" passed="13" completed="0" inProgress="0" pending="0" />
      <InnerResults>
        <UnitTestResult executionId="aaf74169-7508-4f5c-801d-8e2067dd9a7d" parentExecutionId="6b234aba-bf67-4c96-8690-20d16a9d9632" testId="533e7939-123c-ce84-5c5c-d5a21d1d95b9" testName="special_handling_do_verb" computerName="ARPAN-LAP" duration="00:00:00.0219203" startTime="2014-06-29T12:24:53.6724358+05:30" endTime="2014-06-29T12:24:53.6944371+05:30" testType="13cdc9d9-ddb5-4fa4-a97d-d965ccfc6d4b" outcome="Passed" testListId="8c84fa94-04c1-424b-9868-57a2d4851a1d" relativeResultsDirectory="6b234aba-bf67-4c96-8690-20d16a9d9632" dataRowInfo="0" resultType="DataDrivenDataRow" />
        <UnitTestResult executionId="1cffac06-231c-4acd-9a24-014720556c2e" parentExecutionId="6b234aba-bf67-4c96-8690-20d16a9d9632" testId="533e7939-123c-ce84-5c5c-d5a21d1d95b9" testName="special_handling_do_verb" computerName="ARPAN-LAP" duration="00:00:00.0231147" startTime="2014-06-29T12:24:53.6944371+05:30" endTime="2014-06-29T12:24:53.7174384+05:30" testType="13cdc9d9-ddb5-4fa4-a97d-d965ccfc6d4b" outcome="Passed" testListId="8c84fa94-04c1-424b-9868-57a2d4851a1d" relativeResultsDirectory="6b234aba-bf67-4c96-8690-20d16a9d9632" dataRowInfo="1" resultType="DataDrivenDataRow" />
        <UnitTestResult executionId="438f9ead-c9e6-4be6-8659-3500a88e5ba0" parentExecutionId="6b234aba-bf67-4c96-8690-20d16a9d9632" testId="533e7939-123c-ce84-5c5c-d5a21d1d95b9" testName="special_handling_do_verb" computerName="ARPAN-LAP" duration="00:00:00.0273641" startTime="2014-06-29T12:24:53.7174384+05:30" endTime="2014-06-29T12:24:53.7454400+05:30" testType="13cdc9d9-ddb5-4fa4-a97d-d965ccfc6d4b" outcome="Passed" testListId="8c84fa94-04c1-424b-9868-57a2d4851a1d" relativeResultsDirectory="6b234aba-bf67-4c96-8690-20d16a9d9632" dataRowInfo="2" resultType="DataDrivenDataRow" />
        <UnitTestResult executionId="fcaf371c-f998-4564-b350-1319c3ace7b2" parentExecutionId="6b234aba-bf67-4c96-8690-20d16a9d9632" testId="533e7939-123c-ce84-5c5c-d5a21d1d95b9" testName="special_handling_do_verb" computerName="ARPAN-LAP" duration="00:00:00.0311602" startTime="2014-06-29T12:24:53.7454400+05:30" endTime="2014-06-29T12:24:53.7764418+05:30" testType="13cdc9d9-ddb5-4fa4-a97d-d965ccfc6d4b" outcome="Passed" testListId="8c84fa94-04c1-424b-9868-57a2d4851a1d" relativeResultsDirectory="6b234aba-bf67-4c96-8690-20d16a9d9632" dataRowInfo="3" resultType="DataDrivenDataRow" />
        <UnitTestResult executionId="a91c0665-501d-453c-a0fd-32bc42e6eb64" parentExecutionId="6b234aba-bf67-4c96-8690-20d16a9d9632" testId="533e7939-123c-ce84-5c5c-d5a21d1d95b9" testName="special_handling_do_verb" computerName="ARPAN-LAP" duration="00:00:00.0200930" startTime="2014-06-29T12:24:53.7764418+05:30" endTime="2014-06-29T12:24:53.7964429+05:30" testType="13cdc9d9-ddb5-4fa4-a97d-d965ccfc6d4b" outcome="Passed" testListId="8c84fa94-04c1-424b-9868-57a2d4851a1d" relativeResultsDirectory="6b234aba-bf67-4c96-8690-20d16a9d9632" dataRowInfo="4" resultType="DataDrivenDataRow" />
        <UnitTestResult executionId="4b31cced-a98c-493e-8211-793ea3d22451" parentExecutionId="6b234aba-bf67-4c96-8690-20d16a9d9632" testId="533e7939-123c-ce84-5c5c-d5a21d1d95b9" testName="special_handling_do_verb" computerName="ARPAN-LAP" duration="00:00:00.0246776" startTime="2014-06-29T12:24:53.7964429+05:30" endTime="2014-06-29T12:24:53.8214444+05:30" testType="13cdc9d9-ddb5-4fa4-a97d-d965ccfc6d4b" outcome="Passed" testListId="8c84fa94-04c1-424b-9868-57a2d4851a1d" relativeResultsDirectory="6b234aba-bf67-4c96-8690-20d16a9d9632" dataRowInfo="5" resultType="DataDrivenDataRow" />
        <UnitTestResult executionId="873b44c2-1988-4cf1-9c16-9d048d4f64ee" parentExecutionId="6b234aba-bf67-4c96-8690-20d16a9d9632" testId="533e7939-123c-ce84-5c5c-d5a21d1d95b9" testName="special_handling_do_verb" computerName="ARPAN-LAP" duration="00:00:00.0242141" startTime="2014-06-29T12:24:53.8214444+05:30" endTime="2014-06-29T12:24:53.8454457+05:30" testType="13cdc9d9-ddb5-4fa4-a97d-d965ccfc6d4b" outcome="Passed" testListId="8c84fa94-04c1-424b-9868-57a2d4851a1d" relativeResultsDirectory="6b234aba-bf67-4c96-8690-20d16a9d9632" dataRowInfo="6" resultType="DataDrivenDataRow" />
        <UnitTestResult executionId="92ace488-b369-4ed5-bfc0-c55124d86132" parentExecutionId="6b234aba-bf67-4c96-8690-20d16a9d9632" testId="533e7939-123c-ce84-5c5c-d5a21d1d95b9" testName="special_handling_do_verb" computerName="ARPAN-LAP" duration="00:00:00.0614351" startTime="2014-06-29T12:24:53.8454457+05:30" endTime="2014-06-29T12:24:53.9064492+05:30" testType="13cdc9d9-ddb5-4fa4-a97d-d965ccfc6d4b" outcome="Passed" testListId="8c84fa94-04c1-424b-9868-57a2d4851a1d" relativeResultsDirectory="6b234aba-bf67-4c96-8690-20d16a9d9632" dataRowInfo="7" resultType="DataDrivenDataRow" />
        <UnitTestResult executionId="fa0b7295-46c7-4200-a3d4-f04d81069ca2" parentExecutionId="6b234aba-bf67-4c96-8690-20d16a9d9632" testId="533e7939-123c-ce84-5c5c-d5a21d1d95b9" testName="special_handling_do_verb" computerName="ARPAN-LAP" duration="00:00:00.0311033" startTime="2014-06-29T12:24:53.9074493+05:30" endTime="2014-06-29T12:24:53.9384511+05:30" testType="13cdc9d9-ddb5-4fa4-a97d-d965ccfc6d4b" outcome="Passed" testListId="8c84fa94-04c1-424b-9868-57a2d4851a1d" relativeResultsDirectory="6b234aba-bf67-4c96-8690-20d16a9d9632" dataRowInfo="8" resultType="DataDrivenDataRow" />
        <UnitTestResult executionId="777b3a1b-c18f-4bfd-82df-8e99b6418b65" parentExecutionId="6b234aba-bf67-4c96-8690-20d16a9d9632" testId="533e7939-123c-ce84-5c5c-d5a21d1d95b9" testName="special_handling_do_verb" computerName="ARPAN-LAP" duration="00:00:00.0359157" startTime="2014-06-29T12:24:53.9384511+05:30" endTime="2014-06-29T12:24:53.9744531+05:30" testType="13cdc9d9-ddb5-4fa4-a97d-d965ccfc6d4b" outcome="Passed" testListId="8c84fa94-04c1-424b-9868-57a2d4851a1d" relativeResultsDirectory="6b234aba-bf67-4c96-8690-20d16a9d9632" dataRowInfo="9" resultType="DataDrivenDataRow" />
        <UnitTestResult executionId="679405b2-63ad-47b1-a2c4-9f7243aced71" parentExecutionId="6b234aba-bf67-4c96-8690-20d16a9d9632" testId="533e7939-123c-ce84-5c5c-d5a21d1d95b9" testName="special_handling_do_verb" computerName="ARPAN-LAP" duration="00:00:00.0218628" startTime="2014-06-29T12:24:53.9744531+05:30" endTime="2014-06-29T12:24:53.9964544+05:30" testType="13cdc9d9-ddb5-4fa4-a97d-d965ccfc6d4b" outcome="Passed" testListId="8c84fa94-04c1-424b-9868-57a2d4851a1d" relativeResultsDirectory="6b234aba-bf67-4c96-8690-20d16a9d9632" dataRowInfo="10" resultType="DataDrivenDataRow" />
        <UnitTestResult executionId="065cb360-ef52-43a3-8fe6-9fb8003f38a1" parentExecutionId="6b234aba-bf67-4c96-8690-20d16a9d9632" testId="533e7939-123c-ce84-5c5c-d5a21d1d95b9" testName="special_handling_do_verb" computerName="ARPAN-LAP" duration="00:00:00.0321673" startTime="2014-06-29T12:24:53.9964544+05:30" endTime="2014-06-29T12:24:54.0284562+05:30" testType="13cdc9d9-ddb5-4fa4-a97d-d965ccfc6d4b" outcome="Passed" testListId="8c84fa94-04c1-424b-9868-57a2d4851a1d" relativeResultsDirectory="6b234aba-bf67-4c96-8690-20d16a9d9632" dataRowInfo="11" resultType="DataDrivenDataRow" />
        <UnitTestResult executionId="12af1fd1-6e31-4112-bd69-9a07be4faef8" parentExecutionId="6b234aba-bf67-4c96-8690-20d16a9d9632" testId="533e7939-123c-ce84-5c5c-d5a21d1d95b9" testName="special_handling_do_verb" computerName="ARPAN-LAP" duration="00:00:00.0287196" startTime="2014-06-29T12:24:54.0284562+05:30" endTime="2014-06-29T12:24:54.0574579+05:30" testType="13cdc9d9-ddb5-4fa4-a97d-d965ccfc6d4b" outcome="Passed" testListId="8c84fa94-04c1-424b-9868-57a2d4851a1d" relativeResultsDirectory="6b234aba-bf67-4c96-8690-20d16a9d9632" dataRowInfo="12" resultType="DataDrivenDataRow" />
      </InnerResults>
    </UnitTestResult>
    <UnitTestResult executionId="5624b1d4-8031-4702-832e-201c4f0e09a3" testId="642ce34f-0ed4-f995-637b-09297c832f2a" testName="RandomWord" computerName="ARPAN-LAP" duration="00:00:00.1184285" startTime="2014-06-29T12:24:54.0954600+05:30" endTime="2014-06-29T12:24:54.2254675+05:30" testType="13cdc9d9-ddb5-4fa4-a97d-d965ccfc6d4b" outcome="Failed" testListId="8c84fa94-04c1-424b-9868-57a2d4851a1d" relativeResultsDirectory="5624b1d4-8031-4702-832e-201c4f0e09a3" resultType="DataDrivenTest">
      <Counters error="0" failed="1" timeout="0" aborted="0" inconclusive="0" passedButRunAborted="0" notRunnable="0" notExecuted="0" disconnected="0" warning="0" passed="0" completed="0" inProgress="0" pending="0" />
      <InnerResults>
        <UnitTestResult executionId="b92bf540-f574-40ea-a104-fa58c030d844" parentExecutionId="5624b1d4-8031-4702-832e-201c4f0e09a3" testId="642ce34f-0ed4-f995-637b-09297c832f2a" testName="RandomWord" computerName="ARPAN-LAP" duration="00:00:00.1157512" startTime="2014-06-29T12:24:54.1034605+05:30" endTime="2014-06-29T12:24:54.2194671+05:30" testType="13cdc9d9-ddb5-4fa4-a97d-d965ccfc6d4b" outcome="Failed" testListId="8c84fa94-04c1-424b-9868-57a2d4851a1d" relativeResultsDirectory="5624b1d4-8031-4702-832e-201c4f0e09a3" dataRowInfo="0" resultType="DataDrivenDataRow">
          <Output>
            <ErrorInfo>
              <Message>Assert.AreEqual failed. Expected:&lt;পূর্ব সলোমন এর নৌ যুদ্ধ ২৪–২৫ অগষ্ট ১৯৪২ য়ে স্থান গ্রহণ করেছিল , এবং দ্বিতীয় বিশ্ব যুদ্ধ এর প্রশান্ত মহাসাগর সংগঠিত প্রচারকার্য এর তৃতীয় যুদ্ধ বাহক ।&gt;. Actual:&lt;পূর্ব সলোমন এর নৌ যুদ্ধ ২৪–২৫ অগষ্ট ১৯৪২ য়ে স্থান গ্রহণ করেছিল , এবং দ্বিতীয় বিশ্ব যুদ্ধ এর pacific:NP সংগঠিত প্রচারকার্য এর তৃতীয় যুদ্ধ বাহক ।&gt;. The naval Battle of the Eastern Solomons took place on 24–25 August 1942, and was the third carrier battle of the Pacific campaign of second World War.</Message>
              <StackTrace>   at UnitTest.BnlpTest.RandomWord() in D:\software\Project\BNLP\UnitTest\BnlpTest.cs:line 526
</StackTrace>
            </ErrorInfo>
          </Output>
        </UnitTestResult>
      </InnerResults>
    </UnitTestResult>
    <UnitTestResult executionId="5e0599bf-0ac4-479f-aeda-401c04833b01" testId="783915fe-114a-e353-78dd-56e92a60f942" testName="all_persons_modal_should" computerName="ARPAN-LAP" duration="00:00:00.4738931" startTime="2014-06-29T12:24:54.2414684+05:30" endTime="2014-06-29T12:24:54.7914998+05:30" testType="13cdc9d9-ddb5-4fa4-a97d-d965ccfc6d4b" outcome="Passed" testListId="8c84fa94-04c1-424b-9868-57a2d4851a1d" relativeResultsDirectory="5e0599bf-0ac4-479f-aeda-401c04833b01" resultType="DataDrivenTest">
      <Counters error="0" failed="0" timeout="0" aborted="0" inconclusive="0" passedButRunAborted="0" notRunnable="0" notExecuted="0" disconnected="0" warning="0" passed="17" completed="0" inProgress="0" pending="0" />
      <InnerResults>
        <UnitTestResult executionId="7fab9997-6e6e-4df5-813b-6c79dd907831" parentExecutionId="5e0599bf-0ac4-479f-aeda-401c04833b01" testId="783915fe-114a-e353-78dd-56e92a60f942" testName="all_persons_modal_should" computerName="ARPAN-LAP" duration="00:00:00.0248377" startTime="2014-06-29T12:24:54.2684699+05:30" endTime="2014-06-29T12:24:54.2934714+05:30" testType="13cdc9d9-ddb5-4fa4-a97d-d965ccfc6d4b" outcome="Passed" testListId="8c84fa94-04c1-424b-9868-57a2d4851a1d" relativeResultsDirectory="5e0599bf-0ac4-479f-aeda-401c04833b01" dataRowInfo="0" resultType="DataDrivenDataRow" />
        <UnitTestResult executionId="2d826d50-737a-4b15-aab2-1265070dc423" parentExecutionId="5e0599bf-0ac4-479f-aeda-401c04833b01" testId="783915fe-114a-e353-78dd-56e92a60f942" testName="all_persons_modal_should" computerName="ARPAN-LAP" duration="00:00:00.0268103" startTime="2014-06-29T12:24:54.2934714+05:30" endTime="2014-06-29T12:24:54.3204729+05:30" testType="13cdc9d9-ddb5-4fa4-a97d-d965ccfc6d4b" outcome="Passed" testListId="8c84fa94-04c1-424b-9868-57a2d4851a1d" relativeResultsDirectory="5e0599bf-0ac4-479f-aeda-401c04833b01" dataRowInfo="1" resultType="DataDrivenDataRow" />
        <UnitTestResult executionId="05110bfe-8743-4336-bfbd-4c4de3079069" parentExecutionId="5e0599bf-0ac4-479f-aeda-401c04833b01" testId="783915fe-114a-e353-78dd-56e92a60f942" testName="all_persons_modal_should" computerName="ARPAN-LAP" duration="00:00:00.0292611" startTime="2014-06-29T12:24:54.3204729+05:30" endTime="2014-06-29T12:24:54.3494746+05:30" testType="13cdc9d9-ddb5-4fa4-a97d-d965ccfc6d4b" outcome="Passed" testListId="8c84fa94-04c1-424b-9868-57a2d4851a1d" relativeResultsDirectory="5e0599bf-0ac4-479f-aeda-401c04833b01" dataRowInfo="2" resultType="DataDrivenDataRow" />
        <UnitTestResult executionId="9de2f007-c371-4285-8dfe-da95433a74fa" parentExecutionId="5e0599bf-0ac4-479f-aeda-401c04833b01" testId="783915fe-114a-e353-78dd-56e92a60f942" testName="all_persons_modal_should" computerName="ARPAN-LAP" duration="00:00:00.0459764" startTime="2014-06-29T12:24:54.3494746+05:30" endTime="2014-06-29T12:24:54.3954772+05:30" testType="13cdc9d9-ddb5-4fa4-a97d-d965ccfc6d4b" outcome="Passed" testListId="8c84fa94-04c1-424b-9868-57a2d4851a1d" relativeResultsDirectory="5e0599bf-0ac4-479f-aeda-401c04833b01" dataRowInfo="3" resultType="DataDrivenDataRow" />
        <UnitTestResult executionId="b744d6ea-ab4c-4fe9-bbec-ec7e89ac0226" parentExecutionId="5e0599bf-0ac4-479f-aeda-401c04833b01" testId="783915fe-114a-e353-78dd-56e92a60f942" testName="all_persons_modal_should" computerName="ARPAN-LAP" duration="00:00:00.0252253" startTime="2014-06-29T12:24:54.3954772+05:30" endTime="2014-06-29T12:24:54.4204786+05:30" testType="13cdc9d9-ddb5-4fa4-a97d-d965ccfc6d4b" outcome="Passed" testListId="8c84fa94-04c1-424b-9868-57a2d4851a1d" relativeResultsDirectory="5e0599bf-0ac4-479f-aeda-401c04833b01" dataRowInfo="4" resultType="DataDrivenDataRow" />
        <UnitTestResult executionId="7072ed43-b434-4403-969b-6bd4ff329f1f" parentExecutionId="5e0599bf-0ac4-479f-aeda-401c04833b01" testId="783915fe-114a-e353-78dd-56e92a60f942" testName="all_persons_modal_should" computerName="ARPAN-LAP" duration="00:00:00.0254562" startTime="2014-06-29T12:24:54.4204786+05:30" endTime="2014-06-29T12:24:54.4464801+05:30" testType="13cdc9d9-ddb5-4fa4-a97d-d965ccfc6d4b" outcome="Passed" testListId="8c84fa94-04c1-424b-9868-57a2d4851a1d" relativeResultsDirectory="5e0599bf-0ac4-479f-aeda-401c04833b01" dataRowInfo="5" resultType="DataDrivenDataRow" />
        <UnitTestResult executionId="0c58c1fa-f73b-4186-ad14-7806d381bc9e" parentExecutionId="5e0599bf-0ac4-479f-aeda-401c04833b01" testId="783915fe-114a-e353-78dd-56e92a60f942" testName="all_persons_modal_should" computerName="ARPAN-LAP" duration="00:00:00.0247433" startTime="2014-06-29T12:24:54.4464801+05:30" endTime="2014-06-29T12:24:54.4714815+05:30" testType="13cdc9d9-ddb5-4fa4-a97d-d965ccfc6d4b" outcome="Passed" testListId="8c84fa94-04c1-424b-9868-57a2d4851a1d" relativeResultsDirectory="5e0599bf-0ac4-479f-aeda-401c04833b01" dataRowInfo="6" resultType="DataDrivenDataRow" />
        <UnitTestResult executionId="c72a00f1-15e8-4414-9abe-eaae578f44f2" parentExecutionId="5e0599bf-0ac4-479f-aeda-401c04833b01" testId="783915fe-114a-e353-78dd-56e92a60f942" testName="all_persons_modal_should" computerName="ARPAN-LAP" duration="00:00:00.0304411" startTime="2014-06-29T12:24:54.4714815+05:30" endTime="2014-06-29T12:24:54.5014833+05:30" testType="13cdc9d9-ddb5-4fa4-a97d-d965ccfc6d4b" outcome="Passed" testListId="8c84fa94-04c1-424b-9868-57a2d4851a1d" relativeResultsDirectory="5e0599bf-0ac4-479f-aeda-401c04833b01" dataRowInfo="7" resultType="DataDrivenDataRow" />
        <UnitTestResult executionId="fac88037-9706-4e8b-9042-8766083bb545" parentExecutionId="5e0599bf-0ac4-479f-aeda-401c04833b01" testId="783915fe-114a-e353-78dd-56e92a60f942" testName="all_persons_modal_should" computerName="ARPAN-LAP" duration="00:00:00.0186759" startTime="2014-06-29T12:24:54.5014833+05:30" endTime="2014-06-29T12:24:54.5204843+05:30" testType="13cdc9d9-ddb5-4fa4-a97d-d965ccfc6d4b" outcome="Passed" testListId="8c84fa94-04c1-424b-9868-57a2d4851a1d" relativeResultsDirectory="5e0599bf-0ac4-479f-aeda-401c04833b01" dataRowInfo="8" resultType="DataDrivenDataRow" />
        <UnitTestResult executionId="a870e26f-90c9-489e-9b23-32a64174178a" parentExecutionId="5e0599bf-0ac4-479f-aeda-401c04833b01" testId="783915fe-114a-e353-78dd-56e92a60f942" testName="all_persons_modal_should" computerName="ARPAN-LAP" duration="00:00:00.0232066" startTime="2014-06-29T12:24:54.5204843+05:30" endTime="2014-06-29T12:24:54.5434857+05:30" testType="13cdc9d9-ddb5-4fa4-a97d-d965ccfc6d4b" outcome="Passed" testListId="8c84fa94-04c1-424b-9868-57a2d4851a1d" relativeResultsDirectory="5e0599bf-0ac4-479f-aeda-401c04833b01" dataRowInfo="9" resultType="DataDrivenDataRow" />
        <UnitTestResult executionId="d1a1d277-4a09-458e-8ca4-a1b319cf0e5a" parentExecutionId="5e0599bf-0ac4-479f-aeda-401c04833b01" testId="783915fe-114a-e353-78dd-56e92a60f942" testName="all_persons_modal_should" computerName="ARPAN-LAP" duration="00:00:00.0259705" startTime="2014-06-29T12:24:54.5434857+05:30" endTime="2014-06-29T12:24:54.5694871+05:30" testType="13cdc9d9-ddb5-4fa4-a97d-d965ccfc6d4b" outcome="Passed" testListId="8c84fa94-04c1-424b-9868-57a2d4851a1d" relativeResultsDirectory="5e0599bf-0ac4-479f-aeda-401c04833b01" dataRowInfo="10" resultType="DataDrivenDataRow" />
        <UnitTestResult executionId="8ace7034-57b1-41d7-a359-ded4be450dde" parentExecutionId="5e0599bf-0ac4-479f-aeda-401c04833b01" testId="783915fe-114a-e353-78dd-56e92a60f942" testName="all_persons_modal_should" computerName="ARPAN-LAP" duration="00:00:00.0294993" startTime="2014-06-29T12:24:54.5694871+05:30" endTime="2014-06-29T12:24:54.5994889+05:30" testType="13cdc9d9-ddb5-4fa4-a97d-d965ccfc6d4b" outcome="Passed" testListId="8c84fa94-04c1-424b-9868-57a2d4851a1d" relativeResultsDirectory="5e0599bf-0ac4-479f-aeda-401c04833b01" dataRowInfo="11" resultType="DataDrivenDataRow" />
        <UnitTestResult executionId="d5f87ed2-7dfb-4628-b7b3-126362590305" parentExecutionId="5e0599bf-0ac4-479f-aeda-401c04833b01" testId="783915fe-114a-e353-78dd-56e92a60f942" testName="all_persons_modal_should" computerName="ARPAN-LAP" duration="00:00:00.0264037" startTime="2014-06-29T12:24:54.5994889+05:30" endTime="2014-06-29T12:24:54.6254904+05:30" testType="13cdc9d9-ddb5-4fa4-a97d-d965ccfc6d4b" outcome="Passed" testListId="8c84fa94-04c1-424b-9868-57a2d4851a1d" relativeResultsDirectory="5e0599bf-0ac4-479f-aeda-401c04833b01" dataRowInfo="12" resultType="DataDrivenDataRow" />
        <UnitTestResult executionId="ec73e79e-bed3-46d8-bf65-27aab87b7309" parentExecutionId="5e0599bf-0ac4-479f-aeda-401c04833b01" testId="783915fe-114a-e353-78dd-56e92a60f942" testName="all_persons_modal_should" computerName="ARPAN-LAP" duration="00:00:00.0275786" startTime="2014-06-29T12:24:54.6254904+05:30" endTime="2014-06-29T12:24:54.6534920+05:30" testType="13cdc9d9-ddb5-4fa4-a97d-d965ccfc6d4b" outcome="Passed" testListId="8c84fa94-04c1-424b-9868-57a2d4851a1d" relativeResultsDirectory="5e0599bf-0ac4-479f-aeda-401c04833b01" dataRowInfo="13" resultType="DataDrivenDataRow" />
        <UnitTestResult executionId="afad614d-9062-473b-a77e-0f4bb77a4547" parentExecutionId="5e0599bf-0ac4-479f-aeda-401c04833b01" testId="783915fe-114a-e353-78dd-56e92a60f942" testName="all_persons_modal_should" computerName="ARPAN-LAP" duration="00:00:00.0316001" startTime="2014-06-29T12:24:54.6534920+05:30" endTime="2014-06-29T12:24:54.6844937+05:30" testType="13cdc9d9-ddb5-4fa4-a97d-d965ccfc6d4b" outcome="Passed" testListId="8c84fa94-04c1-424b-9868-57a2d4851a1d" relativeResultsDirectory="5e0599bf-0ac4-479f-aeda-401c04833b01" dataRowInfo="14" resultType="DataDrivenDataRow" />
        <UnitTestResult executionId="2ab84730-c93c-440f-ac6c-8b120e6befa1" parentExecutionId="5e0599bf-0ac4-479f-aeda-401c04833b01" testId="783915fe-114a-e353-78dd-56e92a60f942" testName="all_persons_modal_should" computerName="ARPAN-LAP" duration="00:00:00.0244933" startTime="2014-06-29T12:24:54.6844937+05:30" endTime="2014-06-29T12:24:54.7094952+05:30" testType="13cdc9d9-ddb5-4fa4-a97d-d965ccfc6d4b" outcome="Passed" testListId="8c84fa94-04c1-424b-9868-57a2d4851a1d" relativeResultsDirectory="5e0599bf-0ac4-479f-aeda-401c04833b01" dataRowInfo="15" resultType="DataDrivenDataRow" />
        <UnitTestResult executionId="04ccfe6c-936c-4c0b-b5cb-78be42a2afb0" parentExecutionId="5e0599bf-0ac4-479f-aeda-401c04833b01" testId="783915fe-114a-e353-78dd-56e92a60f942" testName="all_persons_modal_should" computerName="ARPAN-LAP" duration="00:00:00.0307902" startTime="2014-06-29T12:24:54.7094952+05:30" endTime="2014-06-29T12:24:54.7404969+05:30" testType="13cdc9d9-ddb5-4fa4-a97d-d965ccfc6d4b" outcome="Passed" testListId="8c84fa94-04c1-424b-9868-57a2d4851a1d" relativeResultsDirectory="5e0599bf-0ac4-479f-aeda-401c04833b01" dataRowInfo="16" resultType="DataDrivenDataRow" />
      </InnerResults>
    </UnitTestResult>
    <UnitTestResult executionId="f58adc16-bcb9-48f8-ab62-26e73ab68e40" testId="7f7910d1-dc89-39b4-b4cf-d9e6d7af9420" testName="interrogative_sentences_what" computerName="ARPAN-LAP" duration="00:00:00.2531313" startTime="2014-06-29T12:24:54.7935000+05:30" endTime="2014-06-29T12:24:55.0905170+05:30" testType="13cdc9d9-ddb5-4fa4-a97d-d965ccfc6d4b" outcome="Failed" testListId="8c84fa94-04c1-424b-9868-57a2d4851a1d" relativeResultsDirectory="f58adc16-bcb9-48f8-ab62-26e73ab68e40" resultType="DataDrivenTest">
      <Counters error="0" failed="9" timeout="0" aborted="0" inconclusive="0" passedButRunAborted="0" notRunnable="0" notExecuted="0" disconnected="0" warning="0" passed="0" completed="0" inProgress="0" pending="0" />
      <InnerResults>
        <UnitTestResult executionId="7001c80e-30b8-4f8e-bde5-d1b2fcfc5543" parentExecutionId="f58adc16-bcb9-48f8-ab62-26e73ab68e40" testId="7f7910d1-dc89-39b4-b4cf-d9e6d7af9420" testName="interrogative_sentences_what" computerName="ARPAN-LAP" duration="00:00:00.0277824" startTime="2014-06-29T12:24:54.7985002+05:30" endTime="2014-06-29T12:24:54.8265019+05:30" testType="13cdc9d9-ddb5-4fa4-a97d-d965ccfc6d4b" outcome="Failed" testListId="8c84fa94-04c1-424b-9868-57a2d4851a1d" relativeResultsDirectory="f58adc16-bcb9-48f8-ab62-26e73ab68e40" dataRowInfo="0" resultType="DataDrivenDataRow">
          <Output>
            <ErrorInfo>
              <Message>Assert.AreEqual failed. Expected:&lt;আমার নাম কি ?&gt;. Actual:&lt;কি আমার নাম ?&gt;. What is my name?</Message>
              <StackTrace>   at UnitTest.BnlpTest.interrogative_sentences_what() in D:\software\Project\BNLP\UnitTest\BnlpTest.cs:line 292
</StackTrace>
            </ErrorInfo>
          </Output>
        </UnitTestResult>
        <UnitTestResult executionId="cf30098a-a3c7-4bf9-8a8b-46aadef13156" parentExecutionId="f58adc16-bcb9-48f8-ab62-26e73ab68e40" testId="7f7910d1-dc89-39b4-b4cf-d9e6d7af9420" testName="interrogative_sentences_what" computerName="ARPAN-LAP" duration="00:00:00.0237645" startTime="2014-06-29T12:24:54.8265019+05:30" endTime="2014-06-29T12:24:54.8505032+05:30" testType="13cdc9d9-ddb5-4fa4-a97d-d965ccfc6d4b" outcome="Failed" testListId="8c84fa94-04c1-424b-9868-57a2d4851a1d" relativeResultsDirectory="f58adc16-bcb9-48f8-ab62-26e73ab68e40" dataRowInfo="1" resultType="DataDrivenDataRow">
          <Output>
            <ErrorInfo>
              <Message>Assert.AreEqual failed. Expected:&lt;আমার নাম কি ছিল ?&gt;. Actual:&lt;কি আমার নাম ছিল ?&gt;. What was my name?</Message>
              <StackTrace>   at UnitTest.BnlpTest.interrogative_sentences_what() in D:\software\Project\BNLP\UnitTest\BnlpTest.cs:line 292
</StackTrace>
            </ErrorInfo>
          </Output>
        </UnitTestResult>
        <UnitTestResult executionId="2a6c394a-a261-4554-8627-7b6c5c3c6cd8" parentExecutionId="f58adc16-bcb9-48f8-ab62-26e73ab68e40" testId="7f7910d1-dc89-39b4-b4cf-d9e6d7af9420" testName="interrogative_sentences_what" computerName="ARPAN-LAP" duration="00:00:00.0300885" startTime="2014-06-29T12:24:54.8505032+05:30" endTime="2014-06-29T12:24:54.8805049+05:30" testType="13cdc9d9-ddb5-4fa4-a97d-d965ccfc6d4b" outcome="Failed" testListId="8c84fa94-04c1-424b-9868-57a2d4851a1d" relativeResultsDirectory="f58adc16-bcb9-48f8-ab62-26e73ab68e40" dataRowInfo="2" resultType="DataDrivenDataRow">
          <Output>
            <ErrorInfo>
              <Message>Assert.AreEqual failed. Expected:&lt;আমার নাম কি হবে ?&gt;. Actual:&lt;কি আমার নাম হবে ?&gt;. What will be my name?</Message>
              <StackTrace>   at UnitTest.BnlpTest.interrogative_sentences_what() in D:\software\Project\BNLP\UnitTest\BnlpTest.cs:line 292
</StackTrace>
            </ErrorInfo>
          </Output>
        </UnitTestResult>
        <UnitTestResult executionId="dfeaf90e-3f08-4809-82ad-4ec65c66f3b4" parentExecutionId="f58adc16-bcb9-48f8-ab62-26e73ab68e40" testId="7f7910d1-dc89-39b4-b4cf-d9e6d7af9420" testName="interrogative_sentences_what" computerName="ARPAN-LAP" duration="00:00:00.0251816" startTime="2014-06-29T12:24:54.8805049+05:30" endTime="2014-06-29T12:24:54.9055064+05:30" testType="13cdc9d9-ddb5-4fa4-a97d-d965ccfc6d4b" outcome="Failed" testListId="8c84fa94-04c1-424b-9868-57a2d4851a1d" relativeResultsDirectory="f58adc16-bcb9-48f8-ab62-26e73ab68e40" dataRowInfo="3" resultType="DataDrivenDataRow">
          <Output>
            <ErrorInfo>
              <Message>Assert.AreEqual failed. Expected:&lt;আপনার নাম কি ?&gt;. Actual:&lt;কি আপনার নাম ?&gt;. What is your name?</Message>
              <StackTrace>   at UnitTest.BnlpTest.interrogative_sentences_what() in D:\software\Project\BNLP\UnitTest\BnlpTest.cs:line 292
</StackTrace>
            </ErrorInfo>
          </Output>
        </UnitTestResult>
        <UnitTestResult executionId="c43e4bb0-ff50-4c3c-a0bb-59a657163d7d" parentExecutionId="f58adc16-bcb9-48f8-ab62-26e73ab68e40" testId="7f7910d1-dc89-39b4-b4cf-d9e6d7af9420" testName="interrogative_sentences_what" computerName="ARPAN-LAP" duration="00:00:00.0244317" startTime="2014-06-29T12:24:54.9055064+05:30" endTime="2014-06-29T12:24:54.9305078+05:30" testType="13cdc9d9-ddb5-4fa4-a97d-d965ccfc6d4b" outcome="Failed" testListId="8c84fa94-04c1-424b-9868-57a2d4851a1d" relativeResultsDirectory="f58adc16-bcb9-48f8-ab62-26e73ab68e40" dataRowInfo="4" resultType="DataDrivenDataRow">
          <Output>
            <ErrorInfo>
              <Message>Assert.AreEqual failed. Expected:&lt;আপনার নাম কি ছিল ?&gt;. Actual:&lt;কি আপনার নাম ছিল ?&gt;. What was your name?</Message>
              <StackTrace>   at UnitTest.BnlpTest.interrogative_sentences_what() in D:\software\Project\BNLP\UnitTest\BnlpTest.cs:line 292
</StackTrace>
            </ErrorInfo>
          </Output>
        </UnitTestResult>
        <UnitTestResult executionId="c2d2a6e5-90ec-4dee-811f-a01e799d2146" parentExecutionId="f58adc16-bcb9-48f8-ab62-26e73ab68e40" testId="7f7910d1-dc89-39b4-b4cf-d9e6d7af9420" testName="interrogative_sentences_what" computerName="ARPAN-LAP" duration="00:00:00.0316391" startTime="2014-06-29T12:24:54.9305078+05:30" endTime="2014-06-29T12:24:54.9615096+05:30" testType="13cdc9d9-ddb5-4fa4-a97d-d965ccfc6d4b" outcome="Failed" testListId="8c84fa94-04c1-424b-9868-57a2d4851a1d" relativeResultsDirectory="f58adc16-bcb9-48f8-ab62-26e73ab68e40" dataRowInfo="5" resultType="DataDrivenDataRow">
          <Output>
            <ErrorInfo>
              <Message>Assert.AreEqual failed. Expected:&lt;আপনার নাম কি হবে ?&gt;. Actual:&lt;কি আপনার নাম হবে ?&gt;. What will be your name?</Message>
              <StackTrace>   at UnitTest.BnlpTest.interrogative_sentences_what() in D:\software\Project\BNLP\UnitTest\BnlpTest.cs:line 292
</StackTrace>
            </ErrorInfo>
          </Output>
        </UnitTestResult>
        <UnitTestResult executionId="6c6217c7-89b0-4e08-8dc1-e6af695e1e0a" parentExecutionId="f58adc16-bcb9-48f8-ab62-26e73ab68e40" testId="7f7910d1-dc89-39b4-b4cf-d9e6d7af9420" testName="interrogative_sentences_what" computerName="ARPAN-LAP" duration="00:00:00.0277167" startTime="2014-06-29T12:24:54.9615096+05:30" endTime="2014-06-29T12:24:54.9895112+05:30" testType="13cdc9d9-ddb5-4fa4-a97d-d965ccfc6d4b" outcome="Failed" testListId="8c84fa94-04c1-424b-9868-57a2d4851a1d" relativeResultsDirectory="f58adc16-bcb9-48f8-ab62-26e73ab68e40" dataRowInfo="6" resultType="DataDrivenDataRow">
          <Output>
            <ErrorInfo>
              <Message>Assert.AreEqual failed. Expected:&lt;তার নাম কি ?&gt;. Actual:&lt;কি তার নাম ?&gt;. What is her name?</Message>
              <StackTrace>   at UnitTest.BnlpTest.interrogative_sentences_what() in D:\software\Project\BNLP\UnitTest\BnlpTest.cs:line 292
</StackTrace>
            </ErrorInfo>
          </Output>
        </UnitTestResult>
        <UnitTestResult executionId="dd48500e-6a65-4b44-bfbb-85561bc42c4b" parentExecutionId="f58adc16-bcb9-48f8-ab62-26e73ab68e40" testId="7f7910d1-dc89-39b4-b4cf-d9e6d7af9420" testName="interrogative_sentences_what" computerName="ARPAN-LAP" duration="00:00:00.0264838" startTime="2014-06-29T12:24:54.9895112+05:30" endTime="2014-06-29T12:24:55.0165127+05:30" testType="13cdc9d9-ddb5-4fa4-a97d-d965ccfc6d4b" outcome="Failed" testListId="8c84fa94-04c1-424b-9868-57a2d4851a1d" relativeResultsDirectory="f58adc16-bcb9-48f8-ab62-26e73ab68e40" dataRowInfo="7" resultType="DataDrivenDataRow">
          <Output>
            <ErrorInfo>
              <Message>Assert.AreEqual failed. Expected:&lt;তার নাম কি ছিল ?&gt;. Actual:&lt;কি তার নাম ছিল ?&gt;. What was her name?</Message>
              <StackTrace>   at UnitTest.BnlpTest.interrogative_sentences_what() in D:\software\Project\BNLP\UnitTest\BnlpTest.cs:line 292
</StackTrace>
            </ErrorInfo>
          </Output>
        </UnitTestResult>
        <UnitTestResult executionId="eed4c8c3-b184-41eb-b56b-e2edd5a21655" parentExecutionId="f58adc16-bcb9-48f8-ab62-26e73ab68e40" testId="7f7910d1-dc89-39b4-b4cf-d9e6d7af9420" testName="interrogative_sentences_what" computerName="ARPAN-LAP" duration="00:00:00.0333570" startTime="2014-06-29T12:24:55.0165127+05:30" endTime="2014-06-29T12:24:55.0495146+05:30" testType="13cdc9d9-ddb5-4fa4-a97d-d965ccfc6d4b" outcome="Failed" testListId="8c84fa94-04c1-424b-9868-57a2d4851a1d" relativeResultsDirectory="f58adc16-bcb9-48f8-ab62-26e73ab68e40" dataRowInfo="8" resultType="DataDrivenDataRow">
          <Output>
            <ErrorInfo>
              <Message>Assert.AreEqual failed. Expected:&lt;তার নাম কি হবে ?&gt;. Actual:&lt;কি তার নাম হবে ?&gt;. What will be her name?</Message>
              <StackTrace>   at UnitTest.BnlpTest.interrogative_sentences_what() in D:\software\Project\BNLP\UnitTest\BnlpTest.cs:line 292
</StackTrace>
            </ErrorInfo>
          </Output>
        </UnitTestResult>
      </InnerResults>
    </UnitTestResult>
    <UnitTestResult executionId="1547b7a0-15ab-4192-a4c1-d2690d331837" testId="83c68223-dcaa-51dd-423f-434210a59f77" testName="second_person_tenses_active_negation" computerName="ARPAN-LAP" duration="00:00:00.2456170" startTime="2014-06-29T12:24:55.1065179+05:30" endTime="2014-06-29T12:24:55.4095352+05:30" testType="13cdc9d9-ddb5-4fa4-a97d-d965ccfc6d4b" outcome="Passed" testListId="8c84fa94-04c1-424b-9868-57a2d4851a1d" relativeResultsDirectory="1547b7a0-15ab-4192-a4c1-d2690d331837" resultType="DataDrivenTest">
      <Counters error="0" failed="0" timeout="0" aborted="0" inconclusive="0" passedButRunAborted="0" notRunnable="0" notExecuted="0" disconnected="0" warning="0" passed="10" completed="0" inProgress="0" pending="0" />
      <InnerResults>
        <UnitTestResult executionId="0132052e-3ee8-4c95-a7c5-ed6285fa0929" parentExecutionId="1547b7a0-15ab-4192-a4c1-d2690d331837" testId="83c68223-dcaa-51dd-423f-434210a59f77" testName="second_person_tenses_active_negation" computerName="ARPAN-LAP" duration="00:00:00.0247300" startTime="2014-06-29T12:24:55.1275191+05:30" endTime="2014-06-29T12:24:55.1525205+05:30" testType="13cdc9d9-ddb5-4fa4-a97d-d965ccfc6d4b" outcome="Passed" testListId="8c84fa94-04c1-424b-9868-57a2d4851a1d" relativeResultsDirectory="1547b7a0-15ab-4192-a4c1-d2690d331837" dataRowInfo="0" resultType="DataDrivenDataRow" />
        <UnitTestResult executionId="6d4c6d8e-e8b0-469c-b3a2-ab85da53db02" parentExecutionId="1547b7a0-15ab-4192-a4c1-d2690d331837" testId="83c68223-dcaa-51dd-423f-434210a59f77" testName="second_person_tenses_active_negation" computerName="ARPAN-LAP" duration="00:00:00.0219465" startTime="2014-06-29T12:24:55.1525205+05:30" endTime="2014-06-29T12:24:55.1745218+05:30" testType="13cdc9d9-ddb5-4fa4-a97d-d965ccfc6d4b" outcome="Passed" testListId="8c84fa94-04c1-424b-9868-57a2d4851a1d" relativeResultsDirectory="1547b7a0-15ab-4192-a4c1-d2690d331837" dataRowInfo="1" resultType="DataDrivenDataRow" />
        <UnitTestResult executionId="ee22e664-814b-4e8c-8ab3-57d40077bed1" parentExecutionId="1547b7a0-15ab-4192-a4c1-d2690d331837" testId="83c68223-dcaa-51dd-423f-434210a59f77" testName="second_person_tenses_active_negation" computerName="ARPAN-LAP" duration="00:00:00.0282813" startTime="2014-06-29T12:24:55.1745218+05:30" endTime="2014-06-29T12:24:55.2025234+05:30" testType="13cdc9d9-ddb5-4fa4-a97d-d965ccfc6d4b" outcome="Passed" testListId="8c84fa94-04c1-424b-9868-57a2d4851a1d" relativeResultsDirectory="1547b7a0-15ab-4192-a4c1-d2690d331837" dataRowInfo="2" resultType="DataDrivenDataRow" />
        <UnitTestResult executionId="c8e20dae-c0a2-41aa-b1df-f5b7b5321164" parentExecutionId="1547b7a0-15ab-4192-a4c1-d2690d331837" testId="83c68223-dcaa-51dd-423f-434210a59f77" testName="second_person_tenses_active_negation" computerName="ARPAN-LAP" duration="00:00:00.0271752" startTime="2014-06-29T12:24:55.2025234+05:30" endTime="2014-06-29T12:24:55.2295249+05:30" testType="13cdc9d9-ddb5-4fa4-a97d-d965ccfc6d4b" outcome="Passed" testListId="8c84fa94-04c1-424b-9868-57a2d4851a1d" relativeResultsDirectory="1547b7a0-15ab-4192-a4c1-d2690d331837" dataRowInfo="3" resultType="DataDrivenDataRow" />
        <UnitTestResult executionId="255f8ea4-7da9-4934-ae40-69dc7534ea91" parentExecutionId="1547b7a0-15ab-4192-a4c1-d2690d331837" testId="83c68223-dcaa-51dd-423f-434210a59f77" testName="second_person_tenses_active_negation" computerName="ARPAN-LAP" duration="00:00:00.0209790" startTime="2014-06-29T12:24:55.2295249+05:30" endTime="2014-06-29T12:24:55.2505261+05:30" testType="13cdc9d9-ddb5-4fa4-a97d-d965ccfc6d4b" outcome="Passed" testListId="8c84fa94-04c1-424b-9868-57a2d4851a1d" relativeResultsDirectory="1547b7a0-15ab-4192-a4c1-d2690d331837" dataRowInfo="4" resultType="DataDrivenDataRow" />
        <UnitTestResult executionId="41f0356f-79e3-4718-8860-fc5bb5e5cb15" parentExecutionId="1547b7a0-15ab-4192-a4c1-d2690d331837" testId="83c68223-dcaa-51dd-423f-434210a59f77" testName="second_person_tenses_active_negation" computerName="ARPAN-LAP" duration="00:00:00.0201100" startTime="2014-06-29T12:24:55.2505261+05:30" endTime="2014-06-29T12:24:55.2715273+05:30" testType="13cdc9d9-ddb5-4fa4-a97d-d965ccfc6d4b" outcome="Passed" testListId="8c84fa94-04c1-424b-9868-57a2d4851a1d" relativeResultsDirectory="1547b7a0-15ab-4192-a4c1-d2690d331837" dataRowInfo="5" resultType="DataDrivenDataRow" />
        <UnitTestResult executionId="f50adb90-42d5-4a59-8856-2ee3ade4deaf" parentExecutionId="1547b7a0-15ab-4192-a4c1-d2690d331837" testId="83c68223-dcaa-51dd-423f-434210a59f77" testName="second_person_tenses_active_negation" computerName="ARPAN-LAP" duration="00:00:00.0218305" startTime="2014-06-29T12:24:55.2715273+05:30" endTime="2014-06-29T12:24:55.2925285+05:30" testType="13cdc9d9-ddb5-4fa4-a97d-d965ccfc6d4b" outcome="Passed" testListId="8c84fa94-04c1-424b-9868-57a2d4851a1d" relativeResultsDirectory="1547b7a0-15ab-4192-a4c1-d2690d331837" dataRowInfo="6" resultType="DataDrivenDataRow" />
        <UnitTestResult executionId="96702e23-0dd5-445f-8983-c3024597e2fc" parentExecutionId="1547b7a0-15ab-4192-a4c1-d2690d331837" testId="83c68223-dcaa-51dd-423f-434210a59f77" testName="second_person_tenses_active_negation" computerName="ARPAN-LAP" duration="00:00:00.0281386" startTime="2014-06-29T12:24:55.2925285+05:30" endTime="2014-06-29T12:24:55.3215302+05:30" testType="13cdc9d9-ddb5-4fa4-a97d-d965ccfc6d4b" outcome="Passed" testListId="8c84fa94-04c1-424b-9868-57a2d4851a1d" relativeResultsDirectory="1547b7a0-15ab-4192-a4c1-d2690d331837" dataRowInfo="7" resultType="DataDrivenDataRow" />
        <UnitTestResult executionId="b85a82a2-adc2-4490-9ab7-d5c5b6fa9c5a" parentExecutionId="1547b7a0-15ab-4192-a4c1-d2690d331837" testId="83c68223-dcaa-51dd-423f-434210a59f77" testName="second_person_tenses_active_negation" computerName="ARPAN-LAP" duration="00:00:00.0216339" startTime="2014-06-29T12:24:55.3215302+05:30" endTime="2014-06-29T12:24:55.3425314+05:30" testType="13cdc9d9-ddb5-4fa4-a97d-d965ccfc6d4b" outcome="Passed" testListId="8c84fa94-04c1-424b-9868-57a2d4851a1d" relativeResultsDirectory="1547b7a0-15ab-4192-a4c1-d2690d331837" dataRowInfo="8" resultType="DataDrivenDataRow" />
        <UnitTestResult executionId="deb9bf2a-10f4-4346-8e08-d0a6fbbf0d22" parentExecutionId="1547b7a0-15ab-4192-a4c1-d2690d331837" testId="83c68223-dcaa-51dd-423f-434210a59f77" testName="second_person_tenses_active_negation" computerName="ARPAN-LAP" duration="00:00:00.0273441" startTime="2014-06-29T12:24:55.3425314+05:30" endTime="2014-06-29T12:24:55.3705330+05:30" testType="13cdc9d9-ddb5-4fa4-a97d-d965ccfc6d4b" outcome="Passed" testListId="8c84fa94-04c1-424b-9868-57a2d4851a1d" relativeResultsDirectory="1547b7a0-15ab-4192-a4c1-d2690d331837" dataRowInfo="9" resultType="DataDrivenDataRow" />
      </InnerResults>
    </UnitTestResult>
    <UnitTestResult executionId="a33afbef-bc70-4feb-8227-9f78c01ce257" testId="8fe5ccb3-a3f4-0f61-ad21-e94ef029e900" testName="all_persons_modal_can_may" computerName="ARPAN-LAP" duration="00:00:00.7711074" startTime="2014-06-29T12:24:55.4115353+05:30" endTime="2014-06-29T12:24:56.2885855+05:30" testType="13cdc9d9-ddb5-4fa4-a97d-d965ccfc6d4b" outcome="Passed" testListId="8c84fa94-04c1-424b-9868-57a2d4851a1d" relativeResultsDirectory="a33afbef-bc70-4feb-8227-9f78c01ce257" resultType="DataDrivenTest">
      <Counters error="0" failed="0" timeout="0" aborted="0" inconclusive="0" passedButRunAborted="0" notRunnable="0" notExecuted="0" disconnected="0" warning="0" passed="29" completed="0" inProgress="0" pending="0" />
      <InnerResults>
        <UnitTestResult executionId="0672c9de-3e6e-4468-b5f1-1ffcd74c9e22" parentExecutionId="a33afbef-bc70-4feb-8227-9f78c01ce257" testId="8fe5ccb3-a3f4-0f61-ad21-e94ef029e900" testName="all_persons_modal_can_may" computerName="ARPAN-LAP" duration="00:00:00.0355898" startTime="2014-06-29T12:24:55.4355367+05:30" endTime="2014-06-29T12:24:55.4715387+05:30" testType="13cdc9d9-ddb5-4fa4-a97d-d965ccfc6d4b" outcome="Passed" testListId="8c84fa94-04c1-424b-9868-57a2d4851a1d" relativeResultsDirectory="a33afbef-bc70-4feb-8227-9f78c01ce257" dataRowInfo="0" resultType="DataDrivenDataRow" />
        <UnitTestResult executionId="c850505d-2883-4531-8e92-99983baeacde" parentExecutionId="a33afbef-bc70-4feb-8227-9f78c01ce257" testId="8fe5ccb3-a3f4-0f61-ad21-e94ef029e900" testName="all_persons_modal_can_may" computerName="ARPAN-LAP" duration="00:00:00.0223751" startTime="2014-06-29T12:24:55.4715387+05:30" endTime="2014-06-29T12:24:55.4935400+05:30" testType="13cdc9d9-ddb5-4fa4-a97d-d965ccfc6d4b" outcome="Passed" testListId="8c84fa94-04c1-424b-9868-57a2d4851a1d" relativeResultsDirectory="a33afbef-bc70-4feb-8227-9f78c01ce257" dataRowInfo="1" resultType="DataDrivenDataRow" />
        <UnitTestResult executionId="4789b094-9a44-4912-9251-522447991eab" parentExecutionId="a33afbef-bc70-4feb-8227-9f78c01ce257" testId="8fe5ccb3-a3f4-0f61-ad21-e94ef029e900" testName="all_persons_modal_can_may" computerName="ARPAN-LAP" duration="00:00:00.0259326" startTime="2014-06-29T12:24:55.4935400+05:30" endTime="2014-06-29T12:24:55.5195415+05:30" testType="13cdc9d9-ddb5-4fa4-a97d-d965ccfc6d4b" outcome="Passed" testListId="8c84fa94-04c1-424b-9868-57a2d4851a1d" relativeResultsDirectory="a33afbef-bc70-4feb-8227-9f78c01ce257" dataRowInfo="2" resultType="DataDrivenDataRow" />
        <UnitTestResult executionId="fd89a026-d5f0-4acf-b8c0-196812345fb6" parentExecutionId="a33afbef-bc70-4feb-8227-9f78c01ce257" testId="8fe5ccb3-a3f4-0f61-ad21-e94ef029e900" testName="all_persons_modal_can_may" computerName="ARPAN-LAP" duration="00:00:00.0254793" startTime="2014-06-29T12:24:55.5195415+05:30" endTime="2014-06-29T12:24:55.5455430+05:30" testType="13cdc9d9-ddb5-4fa4-a97d-d965ccfc6d4b" outcome="Passed" testListId="8c84fa94-04c1-424b-9868-57a2d4851a1d" relativeResultsDirectory="a33afbef-bc70-4feb-8227-9f78c01ce257" dataRowInfo="3" resultType="DataDrivenDataRow" />
        <UnitTestResult executionId="2d5d6a32-3591-4517-9463-13163c3c3d1e" parentExecutionId="a33afbef-bc70-4feb-8227-9f78c01ce257" testId="8fe5ccb3-a3f4-0f61-ad21-e94ef029e900" testName="all_persons_modal_can_may" computerName="ARPAN-LAP" duration="00:00:00.0257021" startTime="2014-06-29T12:24:55.5455430+05:30" endTime="2014-06-29T12:24:55.5705444+05:30" testType="13cdc9d9-ddb5-4fa4-a97d-d965ccfc6d4b" outcome="Passed" testListId="8c84fa94-04c1-424b-9868-57a2d4851a1d" relativeResultsDirectory="a33afbef-bc70-4feb-8227-9f78c01ce257" dataRowInfo="4" resultType="DataDrivenDataRow" />
        <UnitTestResult executionId="e96ffb76-47fa-47eb-9c8d-ddf96de5c845" parentExecutionId="a33afbef-bc70-4feb-8227-9f78c01ce257" testId="8fe5ccb3-a3f4-0f61-ad21-e94ef029e900" testName="all_persons_modal_can_may" computerName="ARPAN-LAP" duration="00:00:00.0282064" startTime="2014-06-29T12:24:55.5705444+05:30" endTime="2014-06-29T12:24:55.5995461+05:30" testType="13cdc9d9-ddb5-4fa4-a97d-d965ccfc6d4b" outcome="Passed" testListId="8c84fa94-04c1-424b-9868-57a2d4851a1d" relativeResultsDirectory="a33afbef-bc70-4feb-8227-9f78c01ce257" dataRowInfo="5" resultType="DataDrivenDataRow" />
        <UnitTestResult executionId="78c14682-4981-4e3d-8020-83a0a1abe66c" parentExecutionId="a33afbef-bc70-4feb-8227-9f78c01ce257" testId="8fe5ccb3-a3f4-0f61-ad21-e94ef029e900" testName="all_persons_modal_can_may" computerName="ARPAN-LAP" duration="00:00:00.0349174" startTime="2014-06-29T12:24:55.5995461+05:30" endTime="2014-06-29T12:24:55.6345481+05:30" testType="13cdc9d9-ddb5-4fa4-a97d-d965ccfc6d4b" outcome="Passed" testListId="8c84fa94-04c1-424b-9868-57a2d4851a1d" relativeResultsDirectory="a33afbef-bc70-4feb-8227-9f78c01ce257" dataRowInfo="6" resultType="DataDrivenDataRow" />
        <UnitTestResult executionId="b43c1ab2-272c-4060-9b95-c0622d235263" parentExecutionId="a33afbef-bc70-4feb-8227-9f78c01ce257" testId="8fe5ccb3-a3f4-0f61-ad21-e94ef029e900" testName="all_persons_modal_can_may" computerName="ARPAN-LAP" duration="00:00:00.0357299" startTime="2014-06-29T12:24:55.6345481+05:30" endTime="2014-06-29T12:24:55.6695501+05:30" testType="13cdc9d9-ddb5-4fa4-a97d-d965ccfc6d4b" outcome="Passed" testListId="8c84fa94-04c1-424b-9868-57a2d4851a1d" relativeResultsDirectory="a33afbef-bc70-4feb-8227-9f78c01ce257" dataRowInfo="7" resultType="DataDrivenDataRow" />
        <UnitTestResult executionId="3a035706-33b1-4d78-8957-af6016961c1b" parentExecutionId="a33afbef-bc70-4feb-8227-9f78c01ce257" testId="8fe5ccb3-a3f4-0f61-ad21-e94ef029e900" testName="all_persons_modal_can_may" computerName="ARPAN-LAP" duration="00:00:00.0215056" startTime="2014-06-29T12:24:55.6695501+05:30" endTime="2014-06-29T12:24:55.6915513+05:30" testType="13cdc9d9-ddb5-4fa4-a97d-d965ccfc6d4b" outcome="Passed" testListId="8c84fa94-04c1-424b-9868-57a2d4851a1d" relativeResultsDirectory="a33afbef-bc70-4feb-8227-9f78c01ce257" dataRowInfo="8" resultType="DataDrivenDataRow" />
        <UnitTestResult executionId="3f18cac1-e53b-428f-a04e-e803c074c378" parentExecutionId="a33afbef-bc70-4feb-8227-9f78c01ce257" testId="8fe5ccb3-a3f4-0f61-ad21-e94ef029e900" testName="all_persons_modal_can_may" computerName="ARPAN-LAP" duration="00:00:00.0194258" startTime="2014-06-29T12:24:55.6915513+05:30" endTime="2014-06-29T12:24:55.7105524+05:30" testType="13cdc9d9-ddb5-4fa4-a97d-d965ccfc6d4b" outcome="Passed" testListId="8c84fa94-04c1-424b-9868-57a2d4851a1d" relativeResultsDirectory="a33afbef-bc70-4feb-8227-9f78c01ce257" dataRowInfo="9" resultType="DataDrivenDataRow" />
        <UnitTestResult executionId="201b79e7-0c84-4ac5-9671-d9ca0a8b1c52" parentExecutionId="a33afbef-bc70-4feb-8227-9f78c01ce257" testId="8fe5ccb3-a3f4-0f61-ad21-e94ef029e900" testName="all_persons_modal_can_may" computerName="ARPAN-LAP" duration="00:00:00.0222704" startTime="2014-06-29T12:24:55.7105524+05:30" endTime="2014-06-29T12:24:55.7335537+05:30" testType="13cdc9d9-ddb5-4fa4-a97d-d965ccfc6d4b" outcome="Passed" testListId="8c84fa94-04c1-424b-9868-57a2d4851a1d" relativeResultsDirectory="a33afbef-bc70-4feb-8227-9f78c01ce257" dataRowInfo="10" resultType="DataDrivenDataRow" />
        <UnitTestResult executionId="5ba3ff34-3844-4f8f-8ec8-282c73461917" parentExecutionId="a33afbef-bc70-4feb-8227-9f78c01ce257" testId="8fe5ccb3-a3f4-0f61-ad21-e94ef029e900" testName="all_persons_modal_can_may" computerName="ARPAN-LAP" duration="00:00:00.0290764" startTime="2014-06-29T12:24:55.7335537+05:30" endTime="2014-06-29T12:24:55.7625554+05:30" testType="13cdc9d9-ddb5-4fa4-a97d-d965ccfc6d4b" outcome="Passed" testListId="8c84fa94-04c1-424b-9868-57a2d4851a1d" relativeResultsDirectory="a33afbef-bc70-4feb-8227-9f78c01ce257" dataRowInfo="11" resultType="DataDrivenDataRow" />
        <UnitTestResult executionId="3f7fbdb9-2c6c-4e4f-9fea-0ec2c6d8f7cb" parentExecutionId="a33afbef-bc70-4feb-8227-9f78c01ce257" testId="8fe5ccb3-a3f4-0f61-ad21-e94ef029e900" testName="all_persons_modal_can_may" computerName="ARPAN-LAP" duration="00:00:00.0334397" startTime="2014-06-29T12:24:55.7625554+05:30" endTime="2014-06-29T12:24:55.7955573+05:30" testType="13cdc9d9-ddb5-4fa4-a97d-d965ccfc6d4b" outcome="Passed" testListId="8c84fa94-04c1-424b-9868-57a2d4851a1d" relativeResultsDirectory="a33afbef-bc70-4feb-8227-9f78c01ce257" dataRowInfo="12" resultType="DataDrivenDataRow" />
        <UnitTestResult executionId="f6d4bf8a-b5c9-4e07-894c-6925983e9abe" parentExecutionId="a33afbef-bc70-4feb-8227-9f78c01ce257" testId="8fe5ccb3-a3f4-0f61-ad21-e94ef029e900" testName="all_persons_modal_can_may" computerName="ARPAN-LAP" duration="00:00:00.0293622" startTime="2014-06-29T12:24:55.7955573+05:30" endTime="2014-06-29T12:24:55.8255590+05:30" testType="13cdc9d9-ddb5-4fa4-a97d-d965ccfc6d4b" outcome="Passed" testListId="8c84fa94-04c1-424b-9868-57a2d4851a1d" relativeResultsDirectory="a33afbef-bc70-4feb-8227-9f78c01ce257" dataRowInfo="13" resultType="DataDrivenDataRow" />
        <UnitTestResult executionId="f4e80b38-4c9f-48c7-98f6-b291a0e664e9" parentExecutionId="a33afbef-bc70-4feb-8227-9f78c01ce257" testId="8fe5ccb3-a3f4-0f61-ad21-e94ef029e900" testName="all_persons_modal_can_may" computerName="ARPAN-LAP" duration="00:00:00.0246063" startTime="2014-06-29T12:24:55.8255590+05:30" endTime="2014-06-29T12:24:55.8495604+05:30" testType="13cdc9d9-ddb5-4fa4-a97d-d965ccfc6d4b" outcome="Passed" testListId="8c84fa94-04c1-424b-9868-57a2d4851a1d" relativeResultsDirectory="a33afbef-bc70-4feb-8227-9f78c01ce257" dataRowInfo="14" resultType="DataDrivenDataRow" />
        <UnitTestResult executionId="661949e2-8070-407b-bd61-144aa33117de" parentExecutionId="a33afbef-bc70-4feb-8227-9f78c01ce257" testId="8fe5ccb3-a3f4-0f61-ad21-e94ef029e900" testName="all_persons_modal_can_may" computerName="ARPAN-LAP" duration="00:00:00.0261918" startTime="2014-06-29T12:24:55.8495604+05:30" endTime="2014-06-29T12:24:55.8765619+05:30" testType="13cdc9d9-ddb5-4fa4-a97d-d965ccfc6d4b" outcome="Passed" testListId="8c84fa94-04c1-424b-9868-57a2d4851a1d" relativeResultsDirectory="a33afbef-bc70-4feb-8227-9f78c01ce257" dataRowInfo="15" resultType="DataDrivenDataRow" />
        <UnitTestResult executionId="9bfe3c46-0c64-49d2-94c7-262016cc4ce1" parentExecutionId="a33afbef-bc70-4feb-8227-9f78c01ce257" testId="8fe5ccb3-a3f4-0f61-ad21-e94ef029e900" testName="all_persons_modal_can_may" computerName="ARPAN-LAP" duration="00:00:00.0200489" startTime="2014-06-29T12:24:55.8765619+05:30" endTime="2014-06-29T12:24:55.8965631+05:30" testType="13cdc9d9-ddb5-4fa4-a97d-d965ccfc6d4b" outcome="Passed" testListId="8c84fa94-04c1-424b-9868-57a2d4851a1d" relativeResultsDirectory="a33afbef-bc70-4feb-8227-9f78c01ce257" dataRowInfo="16" resultType="DataDrivenDataRow" />
        <UnitTestResult executionId="39d75bfd-b101-4759-a4fb-a8dd4d39b596" parentExecutionId="a33afbef-bc70-4feb-8227-9f78c01ce257" testId="8fe5ccb3-a3f4-0f61-ad21-e94ef029e900" testName="all_persons_modal_can_may" computerName="ARPAN-LAP" duration="00:00:00.0195710" startTime="2014-06-29T12:24:55.8965631+05:30" endTime="2014-06-29T12:24:55.9155641+05:30" testType="13cdc9d9-ddb5-4fa4-a97d-d965ccfc6d4b" outcome="Passed" testListId="8c84fa94-04c1-424b-9868-57a2d4851a1d" relativeResultsDirectory="a33afbef-bc70-4feb-8227-9f78c01ce257" dataRowInfo="17" resultType="DataDrivenDataRow" />
        <UnitTestResult executionId="b01f5a1d-b9d9-42f8-a475-9fe90c0897ed" parentExecutionId="a33afbef-bc70-4feb-8227-9f78c01ce257" testId="8fe5ccb3-a3f4-0f61-ad21-e94ef029e900" testName="all_persons_modal_can_may" computerName="ARPAN-LAP" duration="00:00:00.0285749" startTime="2014-06-29T12:24:55.9155641+05:30" endTime="2014-06-29T12:24:55.9445658+05:30" testType="13cdc9d9-ddb5-4fa4-a97d-d965ccfc6d4b" outcome="Passed" testListId="8c84fa94-04c1-424b-9868-57a2d4851a1d" relativeResultsDirectory="a33afbef-bc70-4feb-8227-9f78c01ce257" dataRowInfo="18" resultType="DataDrivenDataRow" />
        <UnitTestResult executionId="c37af620-5980-4f1c-8479-92f70456f669" parentExecutionId="a33afbef-bc70-4feb-8227-9f78c01ce257" testId="8fe5ccb3-a3f4-0f61-ad21-e94ef029e900" testName="all_persons_modal_can_may" computerName="ARPAN-LAP" duration="00:00:00.0260727" startTime="2014-06-29T12:24:55.9445658+05:30" endTime="2014-06-29T12:24:55.9705673+05:30" testType="13cdc9d9-ddb5-4fa4-a97d-d965ccfc6d4b" outcome="Passed" testListId="8c84fa94-04c1-424b-9868-57a2d4851a1d" relativeResultsDirectory="a33afbef-bc70-4feb-8227-9f78c01ce257" dataRowInfo="19" resultType="DataDrivenDataRow" />
        <UnitTestResult executionId="581bd755-4175-4e09-9146-87dfaa15491b" parentExecutionId="a33afbef-bc70-4feb-8227-9f78c01ce257" testId="8fe5ccb3-a3f4-0f61-ad21-e94ef029e900" testName="all_persons_modal_can_may" computerName="ARPAN-LAP" duration="00:00:00.0255112" startTime="2014-06-29T12:24:55.9705673+05:30" endTime="2014-06-29T12:24:55.9965688+05:30" testType="13cdc9d9-ddb5-4fa4-a97d-d965ccfc6d4b" outcome="Passed" testListId="8c84fa94-04c1-424b-9868-57a2d4851a1d" relativeResultsDirectory="a33afbef-bc70-4feb-8227-9f78c01ce257" dataRowInfo="20" resultType="DataDrivenDataRow" />
        <UnitTestResult executionId="21c1d2c2-f26b-4d83-962d-b21453392c2b" parentExecutionId="a33afbef-bc70-4feb-8227-9f78c01ce257" testId="8fe5ccb3-a3f4-0f61-ad21-e94ef029e900" testName="all_persons_modal_can_may" computerName="ARPAN-LAP" duration="00:00:00.0282161" startTime="2014-06-29T12:24:55.9965688+05:30" endTime="2014-06-29T12:24:56.0245704+05:30" testType="13cdc9d9-ddb5-4fa4-a97d-d965ccfc6d4b" outcome="Passed" testListId="8c84fa94-04c1-424b-9868-57a2d4851a1d" relativeResultsDirectory="a33afbef-bc70-4feb-8227-9f78c01ce257" dataRowInfo="21" resultType="DataDrivenDataRow" />
        <UnitTestResult executionId="f5cb2b5b-4821-47ee-abb8-8f620ec037b2" parentExecutionId="a33afbef-bc70-4feb-8227-9f78c01ce257" testId="8fe5ccb3-a3f4-0f61-ad21-e94ef029e900" testName="all_persons_modal_can_may" computerName="ARPAN-LAP" duration="00:00:00.0255989" startTime="2014-06-29T12:24:56.0245704+05:30" endTime="2014-06-29T12:24:56.0505719+05:30" testType="13cdc9d9-ddb5-4fa4-a97d-d965ccfc6d4b" outcome="Passed" testListId="8c84fa94-04c1-424b-9868-57a2d4851a1d" relativeResultsDirectory="a33afbef-bc70-4feb-8227-9f78c01ce257" dataRowInfo="22" resultType="DataDrivenDataRow" />
        <UnitTestResult executionId="2cf4a6bc-83bd-40be-ad3d-0d7255a6a1d5" parentExecutionId="a33afbef-bc70-4feb-8227-9f78c01ce257" testId="8fe5ccb3-a3f4-0f61-ad21-e94ef029e900" testName="all_persons_modal_can_may" computerName="ARPAN-LAP" duration="00:00:00.0228688" startTime="2014-06-29T12:24:56.0505719+05:30" endTime="2014-06-29T12:24:56.0735732+05:30" testType="13cdc9d9-ddb5-4fa4-a97d-d965ccfc6d4b" outcome="Passed" testListId="8c84fa94-04c1-424b-9868-57a2d4851a1d" relativeResultsDirectory="a33afbef-bc70-4feb-8227-9f78c01ce257" dataRowInfo="23" resultType="DataDrivenDataRow" />
        <UnitTestResult executionId="29be2c02-3570-463f-9ec3-1db9dbe81828" parentExecutionId="a33afbef-bc70-4feb-8227-9f78c01ce257" testId="8fe5ccb3-a3f4-0f61-ad21-e94ef029e900" testName="all_persons_modal_can_may" computerName="ARPAN-LAP" duration="00:00:00.0241494" startTime="2014-06-29T12:24:56.0735732+05:30" endTime="2014-06-29T12:24:56.0975746+05:30" testType="13cdc9d9-ddb5-4fa4-a97d-d965ccfc6d4b" outcome="Passed" testListId="8c84fa94-04c1-424b-9868-57a2d4851a1d" relativeResultsDirectory="a33afbef-bc70-4feb-8227-9f78c01ce257" dataRowInfo="24" resultType="DataDrivenDataRow" />
        <UnitTestResult executionId="1a4683c5-a543-449c-b4ce-d1a3615aaafe" parentExecutionId="a33afbef-bc70-4feb-8227-9f78c01ce257" testId="8fe5ccb3-a3f4-0f61-ad21-e94ef029e900" testName="all_persons_modal_can_may" computerName="ARPAN-LAP" duration="00:00:00.0225778" startTime="2014-06-29T12:24:56.0975746+05:30" endTime="2014-06-29T12:24:56.1195758+05:30" testType="13cdc9d9-ddb5-4fa4-a97d-d965ccfc6d4b" outcome="Passed" testListId="8c84fa94-04c1-424b-9868-57a2d4851a1d" relativeResultsDirectory="a33afbef-bc70-4feb-8227-9f78c01ce257" dataRowInfo="25" resultType="DataDrivenDataRow" />
        <UnitTestResult executionId="d7ccfbfb-4875-4293-9c24-5615896003a4" parentExecutionId="a33afbef-bc70-4feb-8227-9f78c01ce257" testId="8fe5ccb3-a3f4-0f61-ad21-e94ef029e900" testName="all_persons_modal_can_may" computerName="ARPAN-LAP" duration="00:00:00.0235674" startTime="2014-06-29T12:24:56.1195758+05:30" endTime="2014-06-29T12:24:56.1435772+05:30" testType="13cdc9d9-ddb5-4fa4-a97d-d965ccfc6d4b" outcome="Passed" testListId="8c84fa94-04c1-424b-9868-57a2d4851a1d" relativeResultsDirectory="a33afbef-bc70-4feb-8227-9f78c01ce257" dataRowInfo="26" resultType="DataDrivenDataRow" />
        <UnitTestResult executionId="ec7b8a71-fbd7-449d-8da2-6bf3a29c4bc8" parentExecutionId="a33afbef-bc70-4feb-8227-9f78c01ce257" testId="8fe5ccb3-a3f4-0f61-ad21-e94ef029e900" testName="all_persons_modal_can_may" computerName="ARPAN-LAP" duration="00:00:00.0292755" startTime="2014-06-29T12:24:56.1435772+05:30" endTime="2014-06-29T12:24:56.1725788+05:30" testType="13cdc9d9-ddb5-4fa4-a97d-d965ccfc6d4b" outcome="Passed" testListId="8c84fa94-04c1-424b-9868-57a2d4851a1d" relativeResultsDirectory="a33afbef-bc70-4feb-8227-9f78c01ce257" dataRowInfo="27" resultType="DataDrivenDataRow" />
        <UnitTestResult executionId="3331a383-fd08-4c81-80fe-1f84a983879d" parentExecutionId="a33afbef-bc70-4feb-8227-9f78c01ce257" testId="8fe5ccb3-a3f4-0f61-ad21-e94ef029e900" testName="all_persons_modal_can_may" computerName="ARPAN-LAP" duration="00:00:00.0309996" startTime="2014-06-29T12:24:56.1725788+05:30" endTime="2014-06-29T12:24:56.2035806+05:30" testType="13cdc9d9-ddb5-4fa4-a97d-d965ccfc6d4b" outcome="Passed" testListId="8c84fa94-04c1-424b-9868-57a2d4851a1d" relativeResultsDirectory="a33afbef-bc70-4feb-8227-9f78c01ce257" dataRowInfo="28" resultType="DataDrivenDataRow" />
      </InnerResults>
    </UnitTestResult>
    <UnitTestResult executionId="fc0bd55d-922b-474a-80f2-0aa342c65309" testId="921e6ab0-d7c2-6005-e523-6fd2d5e1a723" testName="first_person_tenses_active" computerName="ARPAN-LAP" duration="00:00:00.2580546" startTime="2014-06-29T12:24:56.2905856+05:30" endTime="2014-06-29T12:24:56.5946030+05:30" testType="13cdc9d9-ddb5-4fa4-a97d-d965ccfc6d4b" outcome="Passed" testListId="8c84fa94-04c1-424b-9868-57a2d4851a1d" relativeResultsDirectory="fc0bd55d-922b-474a-80f2-0aa342c65309" resultType="DataDrivenTest">
      <Counters error="0" failed="0" timeout="0" aborted="0" inconclusive="0" passedButRunAborted="0" notRunnable="0" notExecuted="0" disconnected="0" warning="0" passed="10" completed="0" inProgress="0" pending="0" />
      <InnerResults>
        <UnitTestResult executionId="e9f0c55e-a2e9-4c89-baf9-84f3f2cbe81a" parentExecutionId="fc0bd55d-922b-474a-80f2-0aa342c65309" testId="921e6ab0-d7c2-6005-e523-6fd2d5e1a723" testName="first_person_tenses_active" computerName="ARPAN-LAP" duration="00:00:00.0226794" startTime="2014-06-29T12:24:56.3035863+05:30" endTime="2014-06-29T12:24:56.3265877+05:30" testType="13cdc9d9-ddb5-4fa4-a97d-d965ccfc6d4b" outcome="Passed" testListId="8c84fa94-04c1-424b-9868-57a2d4851a1d" relativeResultsDirectory="fc0bd55d-922b-474a-80f2-0aa342c65309" dataRowInfo="0" resultType="DataDrivenDataRow" />
        <UnitTestResult executionId="32c94ac7-3589-4ad9-ae47-c062b85e85c0" parentExecutionId="fc0bd55d-922b-474a-80f2-0aa342c65309" testId="921e6ab0-d7c2-6005-e523-6fd2d5e1a723" testName="first_person_tenses_active" computerName="ARPAN-LAP" duration="00:00:00.0219259" startTime="2014-06-29T12:24:56.3265877+05:30" endTime="2014-06-29T12:24:56.3485889+05:30" testType="13cdc9d9-ddb5-4fa4-a97d-d965ccfc6d4b" outcome="Passed" testListId="8c84fa94-04c1-424b-9868-57a2d4851a1d" relativeResultsDirectory="fc0bd55d-922b-474a-80f2-0aa342c65309" dataRowInfo="1" resultType="DataDrivenDataRow" />
        <UnitTestResult executionId="26ce8eeb-e72d-4de8-b08e-76a70f05543c" parentExecutionId="fc0bd55d-922b-474a-80f2-0aa342c65309" testId="921e6ab0-d7c2-6005-e523-6fd2d5e1a723" testName="first_person_tenses_active" computerName="ARPAN-LAP" duration="00:00:00.0227841" startTime="2014-06-29T12:24:56.3485889+05:30" endTime="2014-06-29T12:24:56.3715902+05:30" testType="13cdc9d9-ddb5-4fa4-a97d-d965ccfc6d4b" outcome="Passed" testListId="8c84fa94-04c1-424b-9868-57a2d4851a1d" relativeResultsDirectory="fc0bd55d-922b-474a-80f2-0aa342c65309" dataRowInfo="2" resultType="DataDrivenDataRow" />
        <UnitTestResult executionId="e0447287-de6e-41f7-82b0-ec5bbb0ef292" parentExecutionId="fc0bd55d-922b-474a-80f2-0aa342c65309" testId="921e6ab0-d7c2-6005-e523-6fd2d5e1a723" testName="first_person_tenses_active" computerName="ARPAN-LAP" duration="00:00:00.0290938" startTime="2014-06-29T12:24:56.3715902+05:30" endTime="2014-06-29T12:24:56.4005919+05:30" testType="13cdc9d9-ddb5-4fa4-a97d-d965ccfc6d4b" outcome="Passed" testListId="8c84fa94-04c1-424b-9868-57a2d4851a1d" relativeResultsDirectory="fc0bd55d-922b-474a-80f2-0aa342c65309" dataRowInfo="3" resultType="DataDrivenDataRow" />
        <UnitTestResult executionId="54d3e982-0a50-47f6-86d4-49d4a22e2c97" parentExecutionId="fc0bd55d-922b-474a-80f2-0aa342c65309" testId="921e6ab0-d7c2-6005-e523-6fd2d5e1a723" testName="first_person_tenses_active" computerName="ARPAN-LAP" duration="00:00:00.0209600" startTime="2014-06-29T12:24:56.4005919+05:30" endTime="2014-06-29T12:24:56.4215931+05:30" testType="13cdc9d9-ddb5-4fa4-a97d-d965ccfc6d4b" outcome="Passed" testListId="8c84fa94-04c1-424b-9868-57a2d4851a1d" relativeResultsDirectory="fc0bd55d-922b-474a-80f2-0aa342c65309" dataRowInfo="4" resultType="DataDrivenDataRow" />
        <UnitTestResult executionId="b62a31c5-2d0f-4955-8e6a-254848b39c74" parentExecutionId="fc0bd55d-922b-474a-80f2-0aa342c65309" testId="921e6ab0-d7c2-6005-e523-6fd2d5e1a723" testName="first_person_tenses_active" computerName="ARPAN-LAP" duration="00:00:00.0240827" startTime="2014-06-29T12:24:56.4215931+05:30" endTime="2014-06-29T12:24:56.4455945+05:30" testType="13cdc9d9-ddb5-4fa4-a97d-d965ccfc6d4b" outcome="Passed" testListId="8c84fa94-04c1-424b-9868-57a2d4851a1d" relativeResultsDirectory="fc0bd55d-922b-474a-80f2-0aa342c65309" dataRowInfo="5" resultType="DataDrivenDataRow" />
        <UnitTestResult executionId="fcb69cde-6529-42e8-a73d-d94a36dfe898" parentExecutionId="fc0bd55d-922b-474a-80f2-0aa342c65309" testId="921e6ab0-d7c2-6005-e523-6fd2d5e1a723" testName="first_person_tenses_active" computerName="ARPAN-LAP" duration="00:00:00.0265362" startTime="2014-06-29T12:24:56.4455945+05:30" endTime="2014-06-29T12:24:56.4715959+05:30" testType="13cdc9d9-ddb5-4fa4-a97d-d965ccfc6d4b" outcome="Passed" testListId="8c84fa94-04c1-424b-9868-57a2d4851a1d" relativeResultsDirectory="fc0bd55d-922b-474a-80f2-0aa342c65309" dataRowInfo="6" resultType="DataDrivenDataRow" />
        <UnitTestResult executionId="fe7a594d-0623-414c-b89e-46639d4c2bc7" parentExecutionId="fc0bd55d-922b-474a-80f2-0aa342c65309" testId="921e6ab0-d7c2-6005-e523-6fd2d5e1a723" testName="first_person_tenses_active" computerName="ARPAN-LAP" duration="00:00:00.0309062" startTime="2014-06-29T12:24:56.4715959+05:30" endTime="2014-06-29T12:24:56.5025977+05:30" testType="13cdc9d9-ddb5-4fa4-a97d-d965ccfc6d4b" outcome="Passed" testListId="8c84fa94-04c1-424b-9868-57a2d4851a1d" relativeResultsDirectory="fc0bd55d-922b-474a-80f2-0aa342c65309" dataRowInfo="7" resultType="DataDrivenDataRow" />
        <UnitTestResult executionId="04a4cce8-5556-4e58-ae96-6565cd38ae49" parentExecutionId="fc0bd55d-922b-474a-80f2-0aa342c65309" testId="921e6ab0-d7c2-6005-e523-6fd2d5e1a723" testName="first_person_tenses_active" computerName="ARPAN-LAP" duration="00:00:00.0277136" startTime="2014-06-29T12:24:56.5025977+05:30" endTime="2014-06-29T12:24:56.5305993+05:30" testType="13cdc9d9-ddb5-4fa4-a97d-d965ccfc6d4b" outcome="Passed" testListId="8c84fa94-04c1-424b-9868-57a2d4851a1d" relativeResultsDirectory="fc0bd55d-922b-474a-80f2-0aa342c65309" dataRowInfo="8" resultType="DataDrivenDataRow" />
        <UnitTestResult executionId="20f51df1-2134-4c51-adfd-b820c8e84cb4" parentExecutionId="fc0bd55d-922b-474a-80f2-0aa342c65309" testId="921e6ab0-d7c2-6005-e523-6fd2d5e1a723" testName="first_person_tenses_active" computerName="ARPAN-LAP" duration="00:00:00.0280904" startTime="2014-06-29T12:24:56.5305993+05:30" endTime="2014-06-29T12:24:56.5586009+05:30" testType="13cdc9d9-ddb5-4fa4-a97d-d965ccfc6d4b" outcome="Passed" testListId="8c84fa94-04c1-424b-9868-57a2d4851a1d" relativeResultsDirectory="fc0bd55d-922b-474a-80f2-0aa342c65309" dataRowInfo="9" resultType="DataDrivenDataRow" />
      </InnerResults>
    </UnitTestResult>
    <UnitTestResult executionId="c9cba7a0-8908-4305-aea6-8ef76807a88c" testId="9319d01e-de3e-d310-c76e-cae8dce4c924" testName="all_persons_modal_should_negation" computerName="ARPAN-LAP" duration="00:00:00.5294220" startTime="2014-06-29T12:24:56.5966031+05:30" endTime="2014-06-29T12:24:57.1946373+05:30" testType="13cdc9d9-ddb5-4fa4-a97d-d965ccfc6d4b" outcome="Passed" testListId="8c84fa94-04c1-424b-9868-57a2d4851a1d" relativeResultsDirectory="c9cba7a0-8908-4305-aea6-8ef76807a88c" resultType="DataDrivenTest">
      <Counters error="0" failed="0" timeout="0" aborted="0" inconclusive="0" passedButRunAborted="0" notRunnable="0" notExecuted="0" disconnected="0" warning="0" passed="17" completed="0" inProgress="0" pending="0" />
      <InnerResults>
        <UnitTestResult executionId="886fbd63-cebe-41d1-a23d-3ac026a03735" parentExecutionId="c9cba7a0-8908-4305-aea6-8ef76807a88c" testId="9319d01e-de3e-d310-c76e-cae8dce4c924" testName="all_persons_modal_should_negation" computerName="ARPAN-LAP" duration="00:00:00.0366687" startTime="2014-06-29T12:24:56.6196044+05:30" endTime="2014-06-29T12:24:56.6566065+05:30" testType="13cdc9d9-ddb5-4fa4-a97d-d965ccfc6d4b" outcome="Passed" testListId="8c84fa94-04c1-424b-9868-57a2d4851a1d" relativeResultsDirectory="c9cba7a0-8908-4305-aea6-8ef76807a88c" dataRowInfo="0" resultType="DataDrivenDataRow" />
        <UnitTestResult executionId="4dcbe2ac-518b-4204-82dc-dc7af9cfe1a1" parentExecutionId="c9cba7a0-8908-4305-aea6-8ef76807a88c" testId="9319d01e-de3e-d310-c76e-cae8dce4c924" testName="all_persons_modal_should_negation" computerName="ARPAN-LAP" duration="00:00:00.0358844" startTime="2014-06-29T12:24:56.6566065+05:30" endTime="2014-06-29T12:24:56.6916085+05:30" testType="13cdc9d9-ddb5-4fa4-a97d-d965ccfc6d4b" outcome="Passed" testListId="8c84fa94-04c1-424b-9868-57a2d4851a1d" relativeResultsDirectory="c9cba7a0-8908-4305-aea6-8ef76807a88c" dataRowInfo="1" resultType="DataDrivenDataRow" />
        <UnitTestResult executionId="30206745-3c19-4acb-b8a7-a7318ea450fc" parentExecutionId="c9cba7a0-8908-4305-aea6-8ef76807a88c" testId="9319d01e-de3e-d310-c76e-cae8dce4c924" testName="all_persons_modal_should_negation" computerName="ARPAN-LAP" duration="00:00:00.0310550" startTime="2014-06-29T12:24:56.6916085+05:30" endTime="2014-06-29T12:24:56.7236104+05:30" testType="13cdc9d9-ddb5-4fa4-a97d-d965ccfc6d4b" outcome="Passed" testListId="8c84fa94-04c1-424b-9868-57a2d4851a1d" relativeResultsDirectory="c9cba7a0-8908-4305-aea6-8ef76807a88c" dataRowInfo="2" resultType="DataDrivenDataRow" />
        <UnitTestResult executionId="0828fbef-6c94-42d3-91b0-200c873aef91" parentExecutionId="c9cba7a0-8908-4305-aea6-8ef76807a88c" testId="9319d01e-de3e-d310-c76e-cae8dce4c924" testName="all_persons_modal_should_negation" computerName="ARPAN-LAP" duration="00:00:00.0360389" startTime="2014-06-29T12:24:56.7236104+05:30" endTime="2014-06-29T12:24:56.7596124+05:30" testType="13cdc9d9-ddb5-4fa4-a97d-d965ccfc6d4b" outcome="Passed" testListId="8c84fa94-04c1-424b-9868-57a2d4851a1d" relativeResultsDirectory="c9cba7a0-8908-4305-aea6-8ef76807a88c" dataRowInfo="3" resultType="DataDrivenDataRow" />
        <UnitTestResult executionId="6699418d-ea95-4376-9d22-468b06edf7fe" parentExecutionId="c9cba7a0-8908-4305-aea6-8ef76807a88c" testId="9319d01e-de3e-d310-c76e-cae8dce4c924" testName="all_persons_modal_should_negation" computerName="ARPAN-LAP" duration="00:00:00.0217463" startTime="2014-06-29T12:24:56.7596124+05:30" endTime="2014-06-29T12:24:56.7806136+05:30" testType="13cdc9d9-ddb5-4fa4-a97d-d965ccfc6d4b" outcome="Passed" testListId="8c84fa94-04c1-424b-9868-57a2d4851a1d" relativeResultsDirectory="c9cba7a0-8908-4305-aea6-8ef76807a88c" dataRowInfo="4" resultType="DataDrivenDataRow" />
        <UnitTestResult executionId="32671a55-d183-4d2f-9b8a-8bac13c43a6c" parentExecutionId="c9cba7a0-8908-4305-aea6-8ef76807a88c" testId="9319d01e-de3e-d310-c76e-cae8dce4c924" testName="all_persons_modal_should_negation" computerName="ARPAN-LAP" duration="00:00:00.0267235" startTime="2014-06-29T12:24:56.7806136+05:30" endTime="2014-06-29T12:24:56.8076152+05:30" testType="13cdc9d9-ddb5-4fa4-a97d-d965ccfc6d4b" outcome="Passed" testListId="8c84fa94-04c1-424b-9868-57a2d4851a1d" relativeResultsDirectory="c9cba7a0-8908-4305-aea6-8ef76807a88c" dataRowInfo="5" resultType="DataDrivenDataRow" />
        <UnitTestResult executionId="5b33b8d2-b49b-4fbd-be84-1a663d406ad1" parentExecutionId="c9cba7a0-8908-4305-aea6-8ef76807a88c" testId="9319d01e-de3e-d310-c76e-cae8dce4c924" testName="all_persons_modal_should_negation" computerName="ARPAN-LAP" duration="00:00:00.0297898" startTime="2014-06-29T12:24:56.8076152+05:30" endTime="2014-06-29T12:24:56.8376169+05:30" testType="13cdc9d9-ddb5-4fa4-a97d-d965ccfc6d4b" outcome="Passed" testListId="8c84fa94-04c1-424b-9868-57a2d4851a1d" relativeResultsDirectory="c9cba7a0-8908-4305-aea6-8ef76807a88c" dataRowInfo="6" resultType="DataDrivenDataRow" />
        <UnitTestResult executionId="d0219b18-cb4c-4a70-b061-389205339673" parentExecutionId="c9cba7a0-8908-4305-aea6-8ef76807a88c" testId="9319d01e-de3e-d310-c76e-cae8dce4c924" testName="all_persons_modal_should_negation" computerName="ARPAN-LAP" duration="00:00:00.0323197" startTime="2014-06-29T12:24:56.8376169+05:30" endTime="2014-06-29T12:24:56.8706188+05:30" testType="13cdc9d9-ddb5-4fa4-a97d-d965ccfc6d4b" outcome="Passed" testListId="8c84fa94-04c1-424b-9868-57a2d4851a1d" relativeResultsDirectory="c9cba7a0-8908-4305-aea6-8ef76807a88c" dataRowInfo="7" resultType="DataDrivenDataRow" />
        <UnitTestResult executionId="2883e700-63db-4929-b215-84df39737016" parentExecutionId="c9cba7a0-8908-4305-aea6-8ef76807a88c" testId="9319d01e-de3e-d310-c76e-cae8dce4c924" testName="all_persons_modal_should_negation" computerName="ARPAN-LAP" duration="00:00:00.0218300" startTime="2014-06-29T12:24:56.8706188+05:30" endTime="2014-06-29T12:24:56.8916200+05:30" testType="13cdc9d9-ddb5-4fa4-a97d-d965ccfc6d4b" outcome="Passed" testListId="8c84fa94-04c1-424b-9868-57a2d4851a1d" relativeResultsDirectory="c9cba7a0-8908-4305-aea6-8ef76807a88c" dataRowInfo="8" resultType="DataDrivenDataRow" />
        <UnitTestResult executionId="74309d55-1756-42ce-8fe7-6300783f7f6f" parentExecutionId="c9cba7a0-8908-4305-aea6-8ef76807a88c" testId="9319d01e-de3e-d310-c76e-cae8dce4c924" testName="all_persons_modal_should_negation" computerName="ARPAN-LAP" duration="00:00:00.0264217" startTime="2014-06-29T12:24:56.8916200+05:30" endTime="2014-06-29T12:24:56.9186215+05:30" testType="13cdc9d9-ddb5-4fa4-a97d-d965ccfc6d4b" outcome="Passed" testListId="8c84fa94-04c1-424b-9868-57a2d4851a1d" relativeResultsDirectory="c9cba7a0-8908-4305-aea6-8ef76807a88c" dataRowInfo="9" resultType="DataDrivenDataRow" />
        <UnitTestResult executionId="d4475033-f804-431a-9256-d1de495f4636" parentExecutionId="c9cba7a0-8908-4305-aea6-8ef76807a88c" testId="9319d01e-de3e-d310-c76e-cae8dce4c924" testName="all_persons_modal_should_negation" computerName="ARPAN-LAP" duration="00:00:00.0346551" startTime="2014-06-29T12:24:56.9186215+05:30" endTime="2014-06-29T12:24:56.9536235+05:30" testType="13cdc9d9-ddb5-4fa4-a97d-d965ccfc6d4b" outcome="Passed" testListId="8c84fa94-04c1-424b-9868-57a2d4851a1d" relativeResultsDirectory="c9cba7a0-8908-4305-aea6-8ef76807a88c" dataRowInfo="10" resultType="DataDrivenDataRow" />
        <UnitTestResult executionId="437720ba-53a4-47cb-a485-909e5938d34f" parentExecutionId="c9cba7a0-8908-4305-aea6-8ef76807a88c" testId="9319d01e-de3e-d310-c76e-cae8dce4c924" testName="all_persons_modal_should_negation" computerName="ARPAN-LAP" duration="00:00:00.0422906" startTime="2014-06-29T12:24:56.9536235+05:30" endTime="2014-06-29T12:24:56.9956259+05:30" testType="13cdc9d9-ddb5-4fa4-a97d-d965ccfc6d4b" outcome="Passed" testListId="8c84fa94-04c1-424b-9868-57a2d4851a1d" relativeResultsDirectory="c9cba7a0-8908-4305-aea6-8ef76807a88c" dataRowInfo="11" resultType="DataDrivenDataRow" />
        <UnitTestResult executionId="698fe409-9121-4f26-8a39-5500d5f36109" parentExecutionId="c9cba7a0-8908-4305-aea6-8ef76807a88c" testId="9319d01e-de3e-d310-c76e-cae8dce4c924" testName="all_persons_modal_should_negation" computerName="ARPAN-LAP" duration="00:00:00.0316869" startTime="2014-06-29T12:24:56.9956259+05:30" endTime="2014-06-29T12:24:57.0276277+05:30" testType="13cdc9d9-ddb5-4fa4-a97d-d965ccfc6d4b" outcome="Passed" testListId="8c84fa94-04c1-424b-9868-57a2d4851a1d" relativeResultsDirectory="c9cba7a0-8908-4305-aea6-8ef76807a88c" dataRowInfo="12" resultType="DataDrivenDataRow" />
        <UnitTestResult executionId="c4af8a04-15da-4444-8797-b1d18c6f7432" parentExecutionId="c9cba7a0-8908-4305-aea6-8ef76807a88c" testId="9319d01e-de3e-d310-c76e-cae8dce4c924" testName="all_persons_modal_should_negation" computerName="ARPAN-LAP" duration="00:00:00.0286863" startTime="2014-06-29T12:24:57.0276277+05:30" endTime="2014-06-29T12:24:57.0556293+05:30" testType="13cdc9d9-ddb5-4fa4-a97d-d965ccfc6d4b" outcome="Passed" testListId="8c84fa94-04c1-424b-9868-57a2d4851a1d" relativeResultsDirectory="c9cba7a0-8908-4305-aea6-8ef76807a88c" dataRowInfo="13" resultType="DataDrivenDataRow" />
        <UnitTestResult executionId="70caba28-809e-4d7e-9aee-f13e827332a5" parentExecutionId="c9cba7a0-8908-4305-aea6-8ef76807a88c" testId="9319d01e-de3e-d310-c76e-cae8dce4c924" testName="all_persons_modal_should_negation" computerName="ARPAN-LAP" duration="00:00:00.0302523" startTime="2014-06-29T12:24:57.0556293+05:30" endTime="2014-06-29T12:24:57.0866311+05:30" testType="13cdc9d9-ddb5-4fa4-a97d-d965ccfc6d4b" outcome="Passed" testListId="8c84fa94-04c1-424b-9868-57a2d4851a1d" relativeResultsDirectory="c9cba7a0-8908-4305-aea6-8ef76807a88c" dataRowInfo="14" resultType="DataDrivenDataRow" />
        <UnitTestResult executionId="f31db5db-b3dc-4ff4-8177-a997f078db86" parentExecutionId="c9cba7a0-8908-4305-aea6-8ef76807a88c" testId="9319d01e-de3e-d310-c76e-cae8dce4c924" testName="all_persons_modal_should_negation" computerName="ARPAN-LAP" duration="00:00:00.0265408" startTime="2014-06-29T12:24:57.0866311+05:30" endTime="2014-06-29T12:24:57.1126326+05:30" testType="13cdc9d9-ddb5-4fa4-a97d-d965ccfc6d4b" outcome="Passed" testListId="8c84fa94-04c1-424b-9868-57a2d4851a1d" relativeResultsDirectory="c9cba7a0-8908-4305-aea6-8ef76807a88c" dataRowInfo="15" resultType="DataDrivenDataRow" />
        <UnitTestResult executionId="573392df-ccca-45e3-86c5-7186bf4581d1" parentExecutionId="c9cba7a0-8908-4305-aea6-8ef76807a88c" testId="9319d01e-de3e-d310-c76e-cae8dce4c924" testName="all_persons_modal_should_negation" computerName="ARPAN-LAP" duration="00:00:00.0332826" startTime="2014-06-29T12:24:57.1126326+05:30" endTime="2014-06-29T12:24:57.1466346+05:30" testType="13cdc9d9-ddb5-4fa4-a97d-d965ccfc6d4b" outcome="Passed" testListId="8c84fa94-04c1-424b-9868-57a2d4851a1d" relativeResultsDirectory="c9cba7a0-8908-4305-aea6-8ef76807a88c" dataRowInfo="16" resultType="DataDrivenDataRow" />
      </InnerResults>
    </UnitTestResult>
    <UnitTestResult executionId="b397c1eb-b802-430e-a37b-f888221b38ad" testId="97a1371f-e8e6-db3e-323e-49ffeef32df1" testName="interrogative_sentences_which" computerName="ARPAN-LAP" duration="00:00:00.0552887" startTime="2014-06-29T12:24:57.1966374+05:30" endTime="2014-06-29T12:24:57.2766420+05:30" testType="13cdc9d9-ddb5-4fa4-a97d-d965ccfc6d4b" outcome="Passed" testListId="8c84fa94-04c1-424b-9868-57a2d4851a1d" relativeResultsDirectory="b397c1eb-b802-430e-a37b-f888221b38ad" resultType="DataDrivenTest">
      <Counters error="0" failed="0" timeout="0" aborted="0" inconclusive="0" passedButRunAborted="0" notRunnable="0" notExecuted="0" disconnected="0" warning="0" passed="2" completed="0" inProgress="0" pending="0" />
      <InnerResults>
        <UnitTestResult executionId="24f46c90-40df-4382-bb7d-2fb1bd47248b" parentExecutionId="b397c1eb-b802-430e-a37b-f888221b38ad" testId="97a1371f-e8e6-db3e-323e-49ffeef32df1" testName="interrogative_sentences_which" computerName="ARPAN-LAP" duration="00:00:00.0239164" startTime="2014-06-29T12:24:57.2166386+05:30" endTime="2014-06-29T12:24:57.2406399+05:30" testType="13cdc9d9-ddb5-4fa4-a97d-d965ccfc6d4b" outcome="Passed" testListId="8c84fa94-04c1-424b-9868-57a2d4851a1d" relativeResultsDirectory="b397c1eb-b802-430e-a37b-f888221b38ad" dataRowInfo="0" resultType="DataDrivenDataRow" />
        <UnitTestResult executionId="5bea364a-bcb1-4167-b535-eb6f8c73a744" parentExecutionId="b397c1eb-b802-430e-a37b-f888221b38ad" testId="97a1371f-e8e6-db3e-323e-49ffeef32df1" testName="interrogative_sentences_which" computerName="ARPAN-LAP" duration="00:00:00.0267769" startTime="2014-06-29T12:24:57.2406399+05:30" endTime="2014-06-29T12:24:57.2676415+05:30" testType="13cdc9d9-ddb5-4fa4-a97d-d965ccfc6d4b" outcome="Passed" testListId="8c84fa94-04c1-424b-9868-57a2d4851a1d" relativeResultsDirectory="b397c1eb-b802-430e-a37b-f888221b38ad" dataRowInfo="1" resultType="DataDrivenDataRow" />
      </InnerResults>
    </UnitTestResult>
    <UnitTestResult executionId="79602642-1831-4b7d-aa2a-f19251ad9d8c" testId="b9261b51-b0a2-10e2-9308-22bb2624de8b" testName="interrogative_sentences_where" computerName="ARPAN-LAP" duration="00:00:00.0969362" startTime="2014-06-29T12:24:57.2776420+05:30" endTime="2014-06-29T12:24:57.3946487+05:30" testType="13cdc9d9-ddb5-4fa4-a97d-d965ccfc6d4b" outcome="Failed" testListId="8c84fa94-04c1-424b-9868-57a2d4851a1d" relativeResultsDirectory="79602642-1831-4b7d-aa2a-f19251ad9d8c" resultType="DataDrivenTest">
      <Counters error="0" failed="1" timeout="0" aborted="0" inconclusive="0" passedButRunAborted="0" notRunnable="0" notExecuted="0" disconnected="0" warning="0" passed="2" completed="0" inProgress="0" pending="0" />
      <InnerResults>
        <UnitTestResult executionId="25239a9e-aec0-4667-8bdc-12b5aa1d5a86" parentExecutionId="79602642-1831-4b7d-aa2a-f19251ad9d8c" testId="b9261b51-b0a2-10e2-9308-22bb2624de8b" testName="interrogative_sentences_where" computerName="ARPAN-LAP" duration="00:00:00.0250323" startTime="2014-06-29T12:24:57.2876426+05:30" endTime="2014-06-29T12:24:57.3126440+05:30" testType="13cdc9d9-ddb5-4fa4-a97d-d965ccfc6d4b" outcome="Passed" testListId="8c84fa94-04c1-424b-9868-57a2d4851a1d" relativeResultsDirectory="79602642-1831-4b7d-aa2a-f19251ad9d8c" dataRowInfo="0" resultType="DataDrivenDataRow" />
        <UnitTestResult executionId="448171e2-2024-4366-9425-7b6d851a93b3" parentExecutionId="79602642-1831-4b7d-aa2a-f19251ad9d8c" testId="b9261b51-b0a2-10e2-9308-22bb2624de8b" testName="interrogative_sentences_where" computerName="ARPAN-LAP" duration="00:00:00.0271706" startTime="2014-06-29T12:24:57.3126440+05:30" endTime="2014-06-29T12:24:57.3406457+05:30" testType="13cdc9d9-ddb5-4fa4-a97d-d965ccfc6d4b" outcome="Passed" testListId="8c84fa94-04c1-424b-9868-57a2d4851a1d" relativeResultsDirectory="79602642-1831-4b7d-aa2a-f19251ad9d8c" dataRowInfo="1" resultType="DataDrivenDataRow" />
        <UnitTestResult executionId="d7cc4eb9-b674-4718-bebf-56a18223f447" parentExecutionId="79602642-1831-4b7d-aa2a-f19251ad9d8c" testId="b9261b51-b0a2-10e2-9308-22bb2624de8b" testName="interrogative_sentences_where" computerName="ARPAN-LAP" duration="00:00:00.0428002" startTime="2014-06-29T12:24:57.3406457+05:30" endTime="2014-06-29T12:24:57.3826481+05:30" testType="13cdc9d9-ddb5-4fa4-a97d-d965ccfc6d4b" outcome="Failed" testListId="8c84fa94-04c1-424b-9868-57a2d4851a1d" relativeResultsDirectory="79602642-1831-4b7d-aa2a-f19251ad9d8c" dataRowInfo="2" resultType="DataDrivenDataRow">
          <Output>
            <ErrorInfo>
              <Message>Assert.AreEqual failed. Expected:&lt;আপনি আগামী কাল কোথায় যাবেন ?&gt;. Actual:&lt;আপনি কোথায় আগামী কাল যাবেন ?&gt;. Where will you go tomorrow?</Message>
              <StackTrace>   at UnitTest.BnlpTest.interrogative_sentences_where() in D:\software\Project\BNLP\UnitTest\BnlpTest.cs:line 310
</StackTrace>
            </ErrorInfo>
          </Output>
        </UnitTestResult>
      </InnerResults>
    </UnitTestResult>
    <UnitTestResult executionId="d7fbb8d1-1e14-4765-bfcb-526350bf0f18" testId="bdfe92b2-f4ac-73a5-f13d-5c1ea13721b4" testName="all_persons_tenses_passive_negation" computerName="ARPAN-LAP" duration="00:00:00.3529090" startTime="2014-06-29T12:24:57.3956488+05:30" endTime="2014-06-29T12:24:57.7836710+05:30" testType="13cdc9d9-ddb5-4fa4-a97d-d965ccfc6d4b" outcome="Passed" testListId="8c84fa94-04c1-424b-9868-57a2d4851a1d" relativeResultsDirectory="d7fbb8d1-1e14-4765-bfcb-526350bf0f18" resultType="DataDrivenTest">
      <Counters error="0" failed="0" timeout="0" aborted="0" inconclusive="0" passedButRunAborted="0" notRunnable="0" notExecuted="0" disconnected="0" warning="0" passed="10" completed="0" inProgress="0" pending="0" />
      <InnerResults>
        <UnitTestResult executionId="22bcab2e-ce64-4991-8202-1d080360a6a7" parentExecutionId="d7fbb8d1-1e14-4765-bfcb-526350bf0f18" testId="bdfe92b2-f4ac-73a5-f13d-5c1ea13721b4" testName="all_persons_tenses_passive_negation" computerName="ARPAN-LAP" duration="00:00:00.0243522" startTime="2014-06-29T12:24:57.4096496+05:30" endTime="2014-06-29T12:24:57.4336510+05:30" testType="13cdc9d9-ddb5-4fa4-a97d-d965ccfc6d4b" outcome="Passed" testListId="8c84fa94-04c1-424b-9868-57a2d4851a1d" relativeResultsDirectory="d7fbb8d1-1e14-4765-bfcb-526350bf0f18" dataRowInfo="0" resultType="DataDrivenDataRow" />
        <UnitTestResult executionId="7c1cd5b6-df86-4392-878a-c840c500a9a8" parentExecutionId="d7fbb8d1-1e14-4765-bfcb-526350bf0f18" testId="bdfe92b2-f4ac-73a5-f13d-5c1ea13721b4" testName="all_persons_tenses_passive_negation" computerName="ARPAN-LAP" duration="00:00:00.0308595" startTime="2014-06-29T12:24:57.4336510+05:30" endTime="2014-06-29T12:24:57.4646527+05:30" testType="13cdc9d9-ddb5-4fa4-a97d-d965ccfc6d4b" outcome="Passed" testListId="8c84fa94-04c1-424b-9868-57a2d4851a1d" relativeResultsDirectory="d7fbb8d1-1e14-4765-bfcb-526350bf0f18" dataRowInfo="1" resultType="DataDrivenDataRow" />
        <UnitTestResult executionId="7c805693-4e73-4fb8-9d80-a7e38f3c0617" parentExecutionId="d7fbb8d1-1e14-4765-bfcb-526350bf0f18" testId="bdfe92b2-f4ac-73a5-f13d-5c1ea13721b4" testName="all_persons_tenses_passive_negation" computerName="ARPAN-LAP" duration="00:00:00.0398150" startTime="2014-06-29T12:24:57.4646527+05:30" endTime="2014-06-29T12:24:57.5046550+05:30" testType="13cdc9d9-ddb5-4fa4-a97d-d965ccfc6d4b" outcome="Passed" testListId="8c84fa94-04c1-424b-9868-57a2d4851a1d" relativeResultsDirectory="d7fbb8d1-1e14-4765-bfcb-526350bf0f18" dataRowInfo="2" resultType="DataDrivenDataRow" />
        <UnitTestResult executionId="b6fc3c44-fecd-4f46-905f-e9203ab5d505" parentExecutionId="d7fbb8d1-1e14-4765-bfcb-526350bf0f18" testId="bdfe92b2-f4ac-73a5-f13d-5c1ea13721b4" testName="all_persons_tenses_passive_negation" computerName="ARPAN-LAP" duration="00:00:00.0503233" startTime="2014-06-29T12:24:57.5046550+05:30" endTime="2014-06-29T12:24:57.5556579+05:30" testType="13cdc9d9-ddb5-4fa4-a97d-d965ccfc6d4b" outcome="Passed" testListId="8c84fa94-04c1-424b-9868-57a2d4851a1d" relativeResultsDirectory="d7fbb8d1-1e14-4765-bfcb-526350bf0f18" dataRowInfo="3" resultType="DataDrivenDataRow" />
        <UnitTestResult executionId="0619b1d0-0fc5-4b97-988d-7465acefdfa9" parentExecutionId="d7fbb8d1-1e14-4765-bfcb-526350bf0f18" testId="bdfe92b2-f4ac-73a5-f13d-5c1ea13721b4" testName="all_persons_tenses_passive_negation" computerName="ARPAN-LAP" duration="00:00:00.0299161" startTime="2014-06-29T12:24:57.5556579+05:30" endTime="2014-06-29T12:24:57.5856597+05:30" testType="13cdc9d9-ddb5-4fa4-a97d-d965ccfc6d4b" outcome="Passed" testListId="8c84fa94-04c1-424b-9868-57a2d4851a1d" relativeResultsDirectory="d7fbb8d1-1e14-4765-bfcb-526350bf0f18" dataRowInfo="4" resultType="DataDrivenDataRow" />
        <UnitTestResult executionId="cab76c07-da1e-43e4-8f80-003e8c7088d8" parentExecutionId="d7fbb8d1-1e14-4765-bfcb-526350bf0f18" testId="bdfe92b2-f4ac-73a5-f13d-5c1ea13721b4" testName="all_persons_tenses_passive_negation" computerName="ARPAN-LAP" duration="00:00:00.0315575" startTime="2014-06-29T12:24:57.5856597+05:30" endTime="2014-06-29T12:24:57.6166614+05:30" testType="13cdc9d9-ddb5-4fa4-a97d-d965ccfc6d4b" outcome="Passed" testListId="8c84fa94-04c1-424b-9868-57a2d4851a1d" relativeResultsDirectory="d7fbb8d1-1e14-4765-bfcb-526350bf0f18" dataRowInfo="5" resultType="DataDrivenDataRow" />
        <UnitTestResult executionId="898c5871-1f26-43f9-a0b2-58c102c204cd" parentExecutionId="d7fbb8d1-1e14-4765-bfcb-526350bf0f18" testId="bdfe92b2-f4ac-73a5-f13d-5c1ea13721b4" testName="all_persons_tenses_passive_negation" computerName="ARPAN-LAP" duration="00:00:00.0331153" startTime="2014-06-29T12:24:57.6166614+05:30" endTime="2014-06-29T12:24:57.6496633+05:30" testType="13cdc9d9-ddb5-4fa4-a97d-d965ccfc6d4b" outcome="Passed" testListId="8c84fa94-04c1-424b-9868-57a2d4851a1d" relativeResultsDirectory="d7fbb8d1-1e14-4765-bfcb-526350bf0f18" dataRowInfo="6" resultType="DataDrivenDataRow" />
        <UnitTestResult executionId="5937abd3-a341-4ea4-9b7c-5fc0b04e57f8" parentExecutionId="d7fbb8d1-1e14-4765-bfcb-526350bf0f18" testId="bdfe92b2-f4ac-73a5-f13d-5c1ea13721b4" testName="all_persons_tenses_passive_negation" computerName="ARPAN-LAP" duration="00:00:00.0350519" startTime="2014-06-29T12:24:57.6496633+05:30" endTime="2014-06-29T12:24:57.6846653+05:30" testType="13cdc9d9-ddb5-4fa4-a97d-d965ccfc6d4b" outcome="Passed" testListId="8c84fa94-04c1-424b-9868-57a2d4851a1d" relativeResultsDirectory="d7fbb8d1-1e14-4765-bfcb-526350bf0f18" dataRowInfo="7" resultType="DataDrivenDataRow" />
        <UnitTestResult executionId="0c605f63-70df-4006-96b3-f6572d20531d" parentExecutionId="d7fbb8d1-1e14-4765-bfcb-526350bf0f18" testId="bdfe92b2-f4ac-73a5-f13d-5c1ea13721b4" testName="all_persons_tenses_passive_negation" computerName="ARPAN-LAP" duration="00:00:00.0324291" startTime="2014-06-29T12:24:57.6846653+05:30" endTime="2014-06-29T12:24:57.7176672+05:30" testType="13cdc9d9-ddb5-4fa4-a97d-d965ccfc6d4b" outcome="Passed" testListId="8c84fa94-04c1-424b-9868-57a2d4851a1d" relativeResultsDirectory="d7fbb8d1-1e14-4765-bfcb-526350bf0f18" dataRowInfo="8" resultType="DataDrivenDataRow" />
        <UnitTestResult executionId="43d9874a-8e31-4225-9eec-4b759584dee1" parentExecutionId="d7fbb8d1-1e14-4765-bfcb-526350bf0f18" testId="bdfe92b2-f4ac-73a5-f13d-5c1ea13721b4" testName="all_persons_tenses_passive_negation" computerName="ARPAN-LAP" duration="00:00:00.0350755" startTime="2014-06-29T12:24:57.7176672+05:30" endTime="2014-06-29T12:24:57.7526692+05:30" testType="13cdc9d9-ddb5-4fa4-a97d-d965ccfc6d4b" outcome="Passed" testListId="8c84fa94-04c1-424b-9868-57a2d4851a1d" relativeResultsDirectory="d7fbb8d1-1e14-4765-bfcb-526350bf0f18" dataRowInfo="9" resultType="DataDrivenDataRow" />
      </InnerResults>
    </UnitTestResult>
    <UnitTestResult executionId="b66d30e2-4eae-4711-bf6a-49968e9ab832" testId="c79146bc-2376-961a-5de9-441b5dfc7188" testName="auxiliary_verbs_as_main_verbs" computerName="ARPAN-LAP" duration="00:00:00.7249826" startTime="2014-06-29T12:24:57.7846710+05:30" endTime="2014-06-29T12:24:58.5917172+05:30" testType="13cdc9d9-ddb5-4fa4-a97d-d965ccfc6d4b" outcome="Passed" testListId="8c84fa94-04c1-424b-9868-57a2d4851a1d" relativeResultsDirectory="b66d30e2-4eae-4711-bf6a-49968e9ab832" resultType="DataDrivenTest">
      <Counters error="0" failed="0" timeout="0" aborted="0" inconclusive="0" passedButRunAborted="0" notRunnable="0" notExecuted="0" disconnected="0" warning="0" passed="25" completed="0" inProgress="0" pending="0" />
      <InnerResults>
        <UnitTestResult executionId="2fbb47cc-20c0-4308-9e06-94a97c9ab20d" parentExecutionId="b66d30e2-4eae-4711-bf6a-49968e9ab832" testId="c79146bc-2376-961a-5de9-441b5dfc7188" testName="auxiliary_verbs_as_main_verbs" computerName="ARPAN-LAP" duration="00:00:00.0317520" startTime="2014-06-29T12:24:57.7946716+05:30" endTime="2014-06-29T12:24:57.8266735+05:30" testType="13cdc9d9-ddb5-4fa4-a97d-d965ccfc6d4b" outcome="Passed" testListId="8c84fa94-04c1-424b-9868-57a2d4851a1d" relativeResultsDirectory="b66d30e2-4eae-4711-bf6a-49968e9ab832" dataRowInfo="0" resultType="DataDrivenDataRow" />
        <UnitTestResult executionId="18c01bf3-05a3-41b1-8abc-5c3d2906f4e5" parentExecutionId="b66d30e2-4eae-4711-bf6a-49968e9ab832" testId="c79146bc-2376-961a-5de9-441b5dfc7188" testName="auxiliary_verbs_as_main_verbs" computerName="ARPAN-LAP" duration="00:00:00.0280555" startTime="2014-06-29T12:24:57.8266735+05:30" endTime="2014-06-29T12:24:57.8546751+05:30" testType="13cdc9d9-ddb5-4fa4-a97d-d965ccfc6d4b" outcome="Passed" testListId="8c84fa94-04c1-424b-9868-57a2d4851a1d" relativeResultsDirectory="b66d30e2-4eae-4711-bf6a-49968e9ab832" dataRowInfo="1" resultType="DataDrivenDataRow" />
        <UnitTestResult executionId="7c8fbf89-3f3f-4ed2-836a-5a08ccc901a0" parentExecutionId="b66d30e2-4eae-4711-bf6a-49968e9ab832" testId="c79146bc-2376-961a-5de9-441b5dfc7188" testName="auxiliary_verbs_as_main_verbs" computerName="ARPAN-LAP" duration="00:00:00.0361385" startTime="2014-06-29T12:24:57.8546751+05:30" endTime="2014-06-29T12:24:57.8906771+05:30" testType="13cdc9d9-ddb5-4fa4-a97d-d965ccfc6d4b" outcome="Passed" testListId="8c84fa94-04c1-424b-9868-57a2d4851a1d" relativeResultsDirectory="b66d30e2-4eae-4711-bf6a-49968e9ab832" dataRowInfo="2" resultType="DataDrivenDataRow" />
        <UnitTestResult executionId="21985cc9-42f0-4276-ac46-6fef603ae83a" parentExecutionId="b66d30e2-4eae-4711-bf6a-49968e9ab832" testId="c79146bc-2376-961a-5de9-441b5dfc7188" testName="auxiliary_verbs_as_main_verbs" computerName="ARPAN-LAP" duration="00:00:00.0380520" startTime="2014-06-29T12:24:57.8906771+05:30" endTime="2014-06-29T12:24:57.9286793+05:30" testType="13cdc9d9-ddb5-4fa4-a97d-d965ccfc6d4b" outcome="Passed" testListId="8c84fa94-04c1-424b-9868-57a2d4851a1d" relativeResultsDirectory="b66d30e2-4eae-4711-bf6a-49968e9ab832" dataRowInfo="3" resultType="DataDrivenDataRow" />
        <UnitTestResult executionId="70b71c9c-ffda-4b2e-8902-011241b955dd" parentExecutionId="b66d30e2-4eae-4711-bf6a-49968e9ab832" testId="c79146bc-2376-961a-5de9-441b5dfc7188" testName="auxiliary_verbs_as_main_verbs" computerName="ARPAN-LAP" duration="00:00:00.0344970" startTime="2014-06-29T12:24:57.9286793+05:30" endTime="2014-06-29T12:24:57.9636813+05:30" testType="13cdc9d9-ddb5-4fa4-a97d-d965ccfc6d4b" outcome="Passed" testListId="8c84fa94-04c1-424b-9868-57a2d4851a1d" relativeResultsDirectory="b66d30e2-4eae-4711-bf6a-49968e9ab832" dataRowInfo="4" resultType="DataDrivenDataRow" />
        <UnitTestResult executionId="158d0cea-66ac-4960-af20-ee1bab704480" parentExecutionId="b66d30e2-4eae-4711-bf6a-49968e9ab832" testId="c79146bc-2376-961a-5de9-441b5dfc7188" testName="auxiliary_verbs_as_main_verbs" computerName="ARPAN-LAP" duration="00:00:00.0291477" startTime="2014-06-29T12:24:57.9636813+05:30" endTime="2014-06-29T12:24:57.9926829+05:30" testType="13cdc9d9-ddb5-4fa4-a97d-d965ccfc6d4b" outcome="Passed" testListId="8c84fa94-04c1-424b-9868-57a2d4851a1d" relativeResultsDirectory="b66d30e2-4eae-4711-bf6a-49968e9ab832" dataRowInfo="5" resultType="DataDrivenDataRow" />
        <UnitTestResult executionId="18968264-3b84-4e67-9420-1700c2c7f1e8" parentExecutionId="b66d30e2-4eae-4711-bf6a-49968e9ab832" testId="c79146bc-2376-961a-5de9-441b5dfc7188" testName="auxiliary_verbs_as_main_verbs" computerName="ARPAN-LAP" duration="00:00:00.0315503" startTime="2014-06-29T12:24:57.9926829+05:30" endTime="2014-06-29T12:24:58.0246848+05:30" testType="13cdc9d9-ddb5-4fa4-a97d-d965ccfc6d4b" outcome="Passed" testListId="8c84fa94-04c1-424b-9868-57a2d4851a1d" relativeResultsDirectory="b66d30e2-4eae-4711-bf6a-49968e9ab832" dataRowInfo="6" resultType="DataDrivenDataRow" />
        <UnitTestResult executionId="9617d3b2-7d6c-4173-b0e1-b1d5ea141b73" parentExecutionId="b66d30e2-4eae-4711-bf6a-49968e9ab832" testId="c79146bc-2376-961a-5de9-441b5dfc7188" testName="auxiliary_verbs_as_main_verbs" computerName="ARPAN-LAP" duration="00:00:00.0343415" startTime="2014-06-29T12:24:58.0246848+05:30" endTime="2014-06-29T12:24:58.0586867+05:30" testType="13cdc9d9-ddb5-4fa4-a97d-d965ccfc6d4b" outcome="Passed" testListId="8c84fa94-04c1-424b-9868-57a2d4851a1d" relativeResultsDirectory="b66d30e2-4eae-4711-bf6a-49968e9ab832" dataRowInfo="7" resultType="DataDrivenDataRow" />
        <UnitTestResult executionId="327aa532-058f-4061-befc-51d437aa1a16" parentExecutionId="b66d30e2-4eae-4711-bf6a-49968e9ab832" testId="c79146bc-2376-961a-5de9-441b5dfc7188" testName="auxiliary_verbs_as_main_verbs" computerName="ARPAN-LAP" duration="00:00:00.0608300" startTime="2014-06-29T12:24:58.0586867+05:30" endTime="2014-06-29T12:24:58.1196902+05:30" testType="13cdc9d9-ddb5-4fa4-a97d-d965ccfc6d4b" outcome="Passed" testListId="8c84fa94-04c1-424b-9868-57a2d4851a1d" relativeResultsDirectory="b66d30e2-4eae-4711-bf6a-49968e9ab832" dataRowInfo="8" resultType="DataDrivenDataRow" />
        <UnitTestResult executionId="42ae7089-ce37-4afe-8e0a-60e9c425bd72" parentExecutionId="b66d30e2-4eae-4711-bf6a-49968e9ab832" testId="c79146bc-2376-961a-5de9-441b5dfc7188" testName="auxiliary_verbs_as_main_verbs" computerName="ARPAN-LAP" duration="00:00:00.0263586" startTime="2014-06-29T12:24:58.1196902+05:30" endTime="2014-06-29T12:24:58.1456917+05:30" testType="13cdc9d9-ddb5-4fa4-a97d-d965ccfc6d4b" outcome="Passed" testListId="8c84fa94-04c1-424b-9868-57a2d4851a1d" relativeResultsDirectory="b66d30e2-4eae-4711-bf6a-49968e9ab832" dataRowInfo="9" resultType="DataDrivenDataRow" />
        <UnitTestResult executionId="6436d1b5-d289-486c-b1bf-60940298f8c9" parentExecutionId="b66d30e2-4eae-4711-bf6a-49968e9ab832" testId="c79146bc-2376-961a-5de9-441b5dfc7188" testName="auxiliary_verbs_as_main_verbs" computerName="ARPAN-LAP" duration="00:00:00.0208573" startTime="2014-06-29T12:24:58.1456917+05:30" endTime="2014-06-29T12:24:58.1666929+05:30" testType="13cdc9d9-ddb5-4fa4-a97d-d965ccfc6d4b" outcome="Passed" testListId="8c84fa94-04c1-424b-9868-57a2d4851a1d" relativeResultsDirectory="b66d30e2-4eae-4711-bf6a-49968e9ab832" dataRowInfo="10" resultType="DataDrivenDataRow" />
        <UnitTestResult executionId="72d8ca68-acf4-4d67-a934-112ac9a25899" parentExecutionId="b66d30e2-4eae-4711-bf6a-49968e9ab832" testId="c79146bc-2376-961a-5de9-441b5dfc7188" testName="auxiliary_verbs_as_main_verbs" computerName="ARPAN-LAP" duration="00:00:00.0283408" startTime="2014-06-29T12:24:58.1666929+05:30" endTime="2014-06-29T12:24:58.1956946+05:30" testType="13cdc9d9-ddb5-4fa4-a97d-d965ccfc6d4b" outcome="Passed" testListId="8c84fa94-04c1-424b-9868-57a2d4851a1d" relativeResultsDirectory="b66d30e2-4eae-4711-bf6a-49968e9ab832" dataRowInfo="11" resultType="DataDrivenDataRow" />
        <UnitTestResult executionId="473b5bfd-4baa-4000-9dc5-67b196d33f5e" parentExecutionId="b66d30e2-4eae-4711-bf6a-49968e9ab832" testId="c79146bc-2376-961a-5de9-441b5dfc7188" testName="auxiliary_verbs_as_main_verbs" computerName="ARPAN-LAP" duration="00:00:00.0294372" startTime="2014-06-29T12:24:58.1956946+05:30" endTime="2014-06-29T12:24:58.2246962+05:30" testType="13cdc9d9-ddb5-4fa4-a97d-d965ccfc6d4b" outcome="Passed" testListId="8c84fa94-04c1-424b-9868-57a2d4851a1d" relativeResultsDirectory="b66d30e2-4eae-4711-bf6a-49968e9ab832" dataRowInfo="12" resultType="DataDrivenDataRow" />
        <UnitTestResult executionId="6c4bd749-e073-426e-a72b-a14dfc8083ca" parentExecutionId="b66d30e2-4eae-4711-bf6a-49968e9ab832" testId="c79146bc-2376-961a-5de9-441b5dfc7188" testName="auxiliary_verbs_as_main_verbs" computerName="ARPAN-LAP" duration="00:00:00.0293017" startTime="2014-06-29T12:24:58.2246962+05:30" endTime="2014-06-29T12:24:58.2546979+05:30" testType="13cdc9d9-ddb5-4fa4-a97d-d965ccfc6d4b" outcome="Passed" testListId="8c84fa94-04c1-424b-9868-57a2d4851a1d" relativeResultsDirectory="b66d30e2-4eae-4711-bf6a-49968e9ab832" dataRowInfo="13" resultType="DataDrivenDataRow" />
        <UnitTestResult executionId="df9d9eb9-d30b-4e06-bc80-b3461ff9f3f2" parentExecutionId="b66d30e2-4eae-4711-bf6a-49968e9ab832" testId="c79146bc-2376-961a-5de9-441b5dfc7188" testName="auxiliary_verbs_as_main_verbs" computerName="ARPAN-LAP" duration="00:00:00.0223176" startTime="2014-06-29T12:24:58.2546979+05:30" endTime="2014-06-29T12:24:58.2766992+05:30" testType="13cdc9d9-ddb5-4fa4-a97d-d965ccfc6d4b" outcome="Passed" testListId="8c84fa94-04c1-424b-9868-57a2d4851a1d" relativeResultsDirectory="b66d30e2-4eae-4711-bf6a-49968e9ab832" dataRowInfo="14" resultType="DataDrivenDataRow" />
        <UnitTestResult executionId="943b161b-e2ab-4572-ba0d-e55d907c4e33" parentExecutionId="b66d30e2-4eae-4711-bf6a-49968e9ab832" testId="c79146bc-2376-961a-5de9-441b5dfc7188" testName="auxiliary_verbs_as_main_verbs" computerName="ARPAN-LAP" duration="00:00:00.0202599" startTime="2014-06-29T12:24:58.2766992+05:30" endTime="2014-06-29T12:24:58.2967003+05:30" testType="13cdc9d9-ddb5-4fa4-a97d-d965ccfc6d4b" outcome="Passed" testListId="8c84fa94-04c1-424b-9868-57a2d4851a1d" relativeResultsDirectory="b66d30e2-4eae-4711-bf6a-49968e9ab832" dataRowInfo="15" resultType="DataDrivenDataRow" />
        <UnitTestResult executionId="49d10eb4-c358-4501-b20a-e5c901f11571" parentExecutionId="b66d30e2-4eae-4711-bf6a-49968e9ab832" testId="c79146bc-2376-961a-5de9-441b5dfc7188" testName="auxiliary_verbs_as_main_verbs" computerName="ARPAN-LAP" duration="00:00:00.0283352" startTime="2014-06-29T12:24:58.2967003+05:30" endTime="2014-06-29T12:24:58.3257020+05:30" testType="13cdc9d9-ddb5-4fa4-a97d-d965ccfc6d4b" outcome="Passed" testListId="8c84fa94-04c1-424b-9868-57a2d4851a1d" relativeResultsDirectory="b66d30e2-4eae-4711-bf6a-49968e9ab832" dataRowInfo="16" resultType="DataDrivenDataRow" />
        <UnitTestResult executionId="0c7aa76b-3c88-4a95-b194-d1822bd96e63" parentExecutionId="b66d30e2-4eae-4711-bf6a-49968e9ab832" testId="c79146bc-2376-961a-5de9-441b5dfc7188" testName="auxiliary_verbs_as_main_verbs" computerName="ARPAN-LAP" duration="00:00:00.0203892" startTime="2014-06-29T12:24:58.3257020+05:30" endTime="2014-06-29T12:24:58.3457031+05:30" testType="13cdc9d9-ddb5-4fa4-a97d-d965ccfc6d4b" outcome="Passed" testListId="8c84fa94-04c1-424b-9868-57a2d4851a1d" relativeResultsDirectory="b66d30e2-4eae-4711-bf6a-49968e9ab832" dataRowInfo="17" resultType="DataDrivenDataRow" />
        <UnitTestResult executionId="84b13dcc-b51b-46e8-b83a-f05204311076" parentExecutionId="b66d30e2-4eae-4711-bf6a-49968e9ab832" testId="c79146bc-2376-961a-5de9-441b5dfc7188" testName="auxiliary_verbs_as_main_verbs" computerName="ARPAN-LAP" duration="00:00:00.0198985" startTime="2014-06-29T12:24:58.3457031+05:30" endTime="2014-06-29T12:24:58.3657043+05:30" testType="13cdc9d9-ddb5-4fa4-a97d-d965ccfc6d4b" outcome="Passed" testListId="8c84fa94-04c1-424b-9868-57a2d4851a1d" relativeResultsDirectory="b66d30e2-4eae-4711-bf6a-49968e9ab832" dataRowInfo="18" resultType="DataDrivenDataRow" />
        <UnitTestResult executionId="b26b1922-9c32-4acf-b105-22bbaea77843" parentExecutionId="b66d30e2-4eae-4711-bf6a-49968e9ab832" testId="c79146bc-2376-961a-5de9-441b5dfc7188" testName="auxiliary_verbs_as_main_verbs" computerName="ARPAN-LAP" duration="00:00:00.0273918" startTime="2014-06-29T12:24:58.3657043+05:30" endTime="2014-06-29T12:24:58.3937059+05:30" testType="13cdc9d9-ddb5-4fa4-a97d-d965ccfc6d4b" outcome="Passed" testListId="8c84fa94-04c1-424b-9868-57a2d4851a1d" relativeResultsDirectory="b66d30e2-4eae-4711-bf6a-49968e9ab832" dataRowInfo="19" resultType="DataDrivenDataRow" />
        <UnitTestResult executionId="a3fb5389-a924-482a-bab1-e8fd907d19eb" parentExecutionId="b66d30e2-4eae-4711-bf6a-49968e9ab832" testId="c79146bc-2376-961a-5de9-441b5dfc7188" testName="auxiliary_verbs_as_main_verbs" computerName="ARPAN-LAP" duration="00:00:00.0276459" startTime="2014-06-29T12:24:58.3937059+05:30" endTime="2014-06-29T12:24:58.4207074+05:30" testType="13cdc9d9-ddb5-4fa4-a97d-d965ccfc6d4b" outcome="Passed" testListId="8c84fa94-04c1-424b-9868-57a2d4851a1d" relativeResultsDirectory="b66d30e2-4eae-4711-bf6a-49968e9ab832" dataRowInfo="20" resultType="DataDrivenDataRow" />
        <UnitTestResult executionId="61676cab-d2a7-4f06-9429-6baf87b294e1" parentExecutionId="b66d30e2-4eae-4711-bf6a-49968e9ab832" testId="c79146bc-2376-961a-5de9-441b5dfc7188" testName="auxiliary_verbs_as_main_verbs" computerName="ARPAN-LAP" duration="00:00:00.0273543" startTime="2014-06-29T12:24:58.4207074+05:30" endTime="2014-06-29T12:24:58.4487090+05:30" testType="13cdc9d9-ddb5-4fa4-a97d-d965ccfc6d4b" outcome="Passed" testListId="8c84fa94-04c1-424b-9868-57a2d4851a1d" relativeResultsDirectory="b66d30e2-4eae-4711-bf6a-49968e9ab832" dataRowInfo="21" resultType="DataDrivenDataRow" />
        <UnitTestResult executionId="2c0add8e-fce3-44d4-a853-d4ac66c42fb1" parentExecutionId="b66d30e2-4eae-4711-bf6a-49968e9ab832" testId="c79146bc-2376-961a-5de9-441b5dfc7188" testName="auxiliary_verbs_as_main_verbs" computerName="ARPAN-LAP" duration="00:00:00.0176216" startTime="2014-06-29T12:24:58.4487090+05:30" endTime="2014-06-29T12:24:58.4657100+05:30" testType="13cdc9d9-ddb5-4fa4-a97d-d965ccfc6d4b" outcome="Passed" testListId="8c84fa94-04c1-424b-9868-57a2d4851a1d" relativeResultsDirectory="b66d30e2-4eae-4711-bf6a-49968e9ab832" dataRowInfo="22" resultType="DataDrivenDataRow" />
        <UnitTestResult executionId="dcfb03d9-ff13-4c33-aec2-021ea3ca496b" parentExecutionId="b66d30e2-4eae-4711-bf6a-49968e9ab832" testId="c79146bc-2376-961a-5de9-441b5dfc7188" testName="auxiliary_verbs_as_main_verbs" computerName="ARPAN-LAP" duration="00:00:00.0209944" startTime="2014-06-29T12:24:58.4657100+05:30" endTime="2014-06-29T12:24:58.4867112+05:30" testType="13cdc9d9-ddb5-4fa4-a97d-d965ccfc6d4b" outcome="Passed" testListId="8c84fa94-04c1-424b-9868-57a2d4851a1d" relativeResultsDirectory="b66d30e2-4eae-4711-bf6a-49968e9ab832" dataRowInfo="23" resultType="DataDrivenDataRow" />
        <UnitTestResult executionId="b67dfd59-bfbc-4e40-a677-0731cd2421a3" parentExecutionId="b66d30e2-4eae-4711-bf6a-49968e9ab832" testId="c79146bc-2376-961a-5de9-441b5dfc7188" testName="auxiliary_verbs_as_main_verbs" computerName="ARPAN-LAP" duration="00:00:00.0292678" startTime="2014-06-29T12:24:58.4867112+05:30" endTime="2014-06-29T12:24:58.5167129+05:30" testType="13cdc9d9-ddb5-4fa4-a97d-d965ccfc6d4b" outcome="Passed" testListId="8c84fa94-04c1-424b-9868-57a2d4851a1d" relativeResultsDirectory="b66d30e2-4eae-4711-bf6a-49968e9ab832" dataRowInfo="24" resultType="DataDrivenDataRow" />
      </InnerResults>
    </UnitTestResult>
    <UnitTestResult executionId="2293af03-55de-43b3-89b3-8b58b5b0df1a" testId="d03eb628-bf1f-c27d-aeef-e708d613d686" testName="all_persons_modal_can_may_negation" computerName="ARPAN-LAP" duration="00:00:00.6734967" startTime="2014-06-29T12:24:58.5927173+05:30" endTime="2014-06-29T12:24:59.3497606+05:30" testType="13cdc9d9-ddb5-4fa4-a97d-d965ccfc6d4b" outcome="Passed" testListId="8c84fa94-04c1-424b-9868-57a2d4851a1d" relativeResultsDirectory="2293af03-55de-43b3-89b3-8b58b5b0df1a" resultType="DataDrivenTest">
      <Counters error="0" failed="0" timeout="0" aborted="0" inconclusive="0" passedButRunAborted="0" notRunnable="0" notExecuted="0" disconnected="0" warning="0" passed="24" completed="0" inProgress="0" pending="0" />
      <InnerResults>
        <UnitTestResult executionId="eb77d09c-87f9-421b-9e81-c2ca25bca9d2" parentExecutionId="2293af03-55de-43b3-89b3-8b58b5b0df1a" testId="d03eb628-bf1f-c27d-aeef-e708d613d686" testName="all_persons_modal_can_may_negation" computerName="ARPAN-LAP" duration="00:00:00.0231434" startTime="2014-06-29T12:24:58.6187188+05:30" endTime="2014-06-29T12:24:58.6427201+05:30" testType="13cdc9d9-ddb5-4fa4-a97d-d965ccfc6d4b" outcome="Passed" testListId="8c84fa94-04c1-424b-9868-57a2d4851a1d" relativeResultsDirectory="2293af03-55de-43b3-89b3-8b58b5b0df1a" dataRowInfo="0" resultType="DataDrivenDataRow" />
        <UnitTestResult executionId="4e57d12e-3566-47ab-85ee-7a5a4daffb60" parentExecutionId="2293af03-55de-43b3-89b3-8b58b5b0df1a" testId="d03eb628-bf1f-c27d-aeef-e708d613d686" testName="all_persons_modal_can_may_negation" computerName="ARPAN-LAP" duration="00:00:00.0239123" startTime="2014-06-29T12:24:58.6427201+05:30" endTime="2014-06-29T12:24:58.6667215+05:30" testType="13cdc9d9-ddb5-4fa4-a97d-d965ccfc6d4b" outcome="Passed" testListId="8c84fa94-04c1-424b-9868-57a2d4851a1d" relativeResultsDirectory="2293af03-55de-43b3-89b3-8b58b5b0df1a" dataRowInfo="1" resultType="DataDrivenDataRow" />
        <UnitTestResult executionId="bf0b037a-2464-47e5-a1f4-d598bdca283f" parentExecutionId="2293af03-55de-43b3-89b3-8b58b5b0df1a" testId="d03eb628-bf1f-c27d-aeef-e708d613d686" testName="all_persons_modal_can_may_negation" computerName="ARPAN-LAP" duration="00:00:00.0248921" startTime="2014-06-29T12:24:58.6667215+05:30" endTime="2014-06-29T12:24:58.6907229+05:30" testType="13cdc9d9-ddb5-4fa4-a97d-d965ccfc6d4b" outcome="Passed" testListId="8c84fa94-04c1-424b-9868-57a2d4851a1d" relativeResultsDirectory="2293af03-55de-43b3-89b3-8b58b5b0df1a" dataRowInfo="2" resultType="DataDrivenDataRow" />
        <UnitTestResult executionId="f4b060fc-7b1d-415a-8338-9287526985bb" parentExecutionId="2293af03-55de-43b3-89b3-8b58b5b0df1a" testId="d03eb628-bf1f-c27d-aeef-e708d613d686" testName="all_persons_modal_can_may_negation" computerName="ARPAN-LAP" duration="00:00:00.0251811" startTime="2014-06-29T12:24:58.6907229+05:30" endTime="2014-06-29T12:24:58.7167244+05:30" testType="13cdc9d9-ddb5-4fa4-a97d-d965ccfc6d4b" outcome="Passed" testListId="8c84fa94-04c1-424b-9868-57a2d4851a1d" relativeResultsDirectory="2293af03-55de-43b3-89b3-8b58b5b0df1a" dataRowInfo="3" resultType="DataDrivenDataRow" />
        <UnitTestResult executionId="1a8a85a2-80a8-47e8-9b7d-23bec542cc36" parentExecutionId="2293af03-55de-43b3-89b3-8b58b5b0df1a" testId="d03eb628-bf1f-c27d-aeef-e708d613d686" testName="all_persons_modal_can_may_negation" computerName="ARPAN-LAP" duration="00:00:00.0323864" startTime="2014-06-29T12:24:58.7167244+05:30" endTime="2014-06-29T12:24:58.7487262+05:30" testType="13cdc9d9-ddb5-4fa4-a97d-d965ccfc6d4b" outcome="Passed" testListId="8c84fa94-04c1-424b-9868-57a2d4851a1d" relativeResultsDirectory="2293af03-55de-43b3-89b3-8b58b5b0df1a" dataRowInfo="4" resultType="DataDrivenDataRow" />
        <UnitTestResult executionId="ebc34a7c-4d17-47f9-a44f-016dd97530a4" parentExecutionId="2293af03-55de-43b3-89b3-8b58b5b0df1a" testId="d03eb628-bf1f-c27d-aeef-e708d613d686" testName="all_persons_modal_can_may_negation" computerName="ARPAN-LAP" duration="00:00:00.0340243" startTime="2014-06-29T12:24:58.7487262+05:30" endTime="2014-06-29T12:24:58.7827281+05:30" testType="13cdc9d9-ddb5-4fa4-a97d-d965ccfc6d4b" outcome="Passed" testListId="8c84fa94-04c1-424b-9868-57a2d4851a1d" relativeResultsDirectory="2293af03-55de-43b3-89b3-8b58b5b0df1a" dataRowInfo="5" resultType="DataDrivenDataRow" />
        <UnitTestResult executionId="6b52fd06-62a3-4fb4-9cad-38889761e77b" parentExecutionId="2293af03-55de-43b3-89b3-8b58b5b0df1a" testId="d03eb628-bf1f-c27d-aeef-e708d613d686" testName="all_persons_modal_can_may_negation" computerName="ARPAN-LAP" duration="00:00:00.0375720" startTime="2014-06-29T12:24:58.7827281+05:30" endTime="2014-06-29T12:24:58.8207303+05:30" testType="13cdc9d9-ddb5-4fa4-a97d-d965ccfc6d4b" outcome="Passed" testListId="8c84fa94-04c1-424b-9868-57a2d4851a1d" relativeResultsDirectory="2293af03-55de-43b3-89b3-8b58b5b0df1a" dataRowInfo="6" resultType="DataDrivenDataRow" />
        <UnitTestResult executionId="006a3839-afee-402f-ae1d-6ef18f443b74" parentExecutionId="2293af03-55de-43b3-89b3-8b58b5b0df1a" testId="d03eb628-bf1f-c27d-aeef-e708d613d686" testName="all_persons_modal_can_may_negation" computerName="ARPAN-LAP" duration="00:00:00.0380099" startTime="2014-06-29T12:24:58.8207303+05:30" endTime="2014-06-29T12:24:58.8587325+05:30" testType="13cdc9d9-ddb5-4fa4-a97d-d965ccfc6d4b" outcome="Passed" testListId="8c84fa94-04c1-424b-9868-57a2d4851a1d" relativeResultsDirectory="2293af03-55de-43b3-89b3-8b58b5b0df1a" dataRowInfo="7" resultType="DataDrivenDataRow" />
        <UnitTestResult executionId="9805fa59-d212-4589-86ee-9a5d92bdffd5" parentExecutionId="2293af03-55de-43b3-89b3-8b58b5b0df1a" testId="d03eb628-bf1f-c27d-aeef-e708d613d686" testName="all_persons_modal_can_may_negation" computerName="ARPAN-LAP" duration="00:00:00.0242295" startTime="2014-06-29T12:24:58.8587325+05:30" endTime="2014-06-29T12:24:58.8827339+05:30" testType="13cdc9d9-ddb5-4fa4-a97d-d965ccfc6d4b" outcome="Passed" testListId="8c84fa94-04c1-424b-9868-57a2d4851a1d" relativeResultsDirectory="2293af03-55de-43b3-89b3-8b58b5b0df1a" dataRowInfo="8" resultType="DataDrivenDataRow" />
        <UnitTestResult executionId="2e9cee1f-f2ab-4ccc-b01c-466bdd3d6b3f" parentExecutionId="2293af03-55de-43b3-89b3-8b58b5b0df1a" testId="d03eb628-bf1f-c27d-aeef-e708d613d686" testName="all_persons_modal_can_may_negation" computerName="ARPAN-LAP" duration="00:00:00.0275293" startTime="2014-06-29T12:24:58.8827339+05:30" endTime="2014-06-29T12:24:58.9107355+05:30" testType="13cdc9d9-ddb5-4fa4-a97d-d965ccfc6d4b" outcome="Passed" testListId="8c84fa94-04c1-424b-9868-57a2d4851a1d" relativeResultsDirectory="2293af03-55de-43b3-89b3-8b58b5b0df1a" dataRowInfo="9" resultType="DataDrivenDataRow" />
        <UnitTestResult executionId="104a545d-5269-4397-87d1-33d94c62712d" parentExecutionId="2293af03-55de-43b3-89b3-8b58b5b0df1a" testId="d03eb628-bf1f-c27d-aeef-e708d613d686" testName="all_persons_modal_can_may_negation" computerName="ARPAN-LAP" duration="00:00:00.0350185" startTime="2014-06-29T12:24:58.9107355+05:30" endTime="2014-06-29T12:24:58.9457375+05:30" testType="13cdc9d9-ddb5-4fa4-a97d-d965ccfc6d4b" outcome="Passed" testListId="8c84fa94-04c1-424b-9868-57a2d4851a1d" relativeResultsDirectory="2293af03-55de-43b3-89b3-8b58b5b0df1a" dataRowInfo="10" resultType="DataDrivenDataRow" />
        <UnitTestResult executionId="11ea1604-4aa5-4df4-8be9-3271ea73c5fd" parentExecutionId="2293af03-55de-43b3-89b3-8b58b5b0df1a" testId="d03eb628-bf1f-c27d-aeef-e708d613d686" testName="all_persons_modal_can_may_negation" computerName="ARPAN-LAP" duration="00:00:00.0225131" startTime="2014-06-29T12:24:58.9457375+05:30" endTime="2014-06-29T12:24:58.9677387+05:30" testType="13cdc9d9-ddb5-4fa4-a97d-d965ccfc6d4b" outcome="Passed" testListId="8c84fa94-04c1-424b-9868-57a2d4851a1d" relativeResultsDirectory="2293af03-55de-43b3-89b3-8b58b5b0df1a" dataRowInfo="11" resultType="DataDrivenDataRow" />
        <UnitTestResult executionId="6835e6a4-1043-4c9d-8685-aa55ef31b128" parentExecutionId="2293af03-55de-43b3-89b3-8b58b5b0df1a" testId="d03eb628-bf1f-c27d-aeef-e708d613d686" testName="all_persons_modal_can_may_negation" computerName="ARPAN-LAP" duration="00:00:00.0301429" startTime="2014-06-29T12:24:58.9677387+05:30" endTime="2014-06-29T12:24:58.9987405+05:30" testType="13cdc9d9-ddb5-4fa4-a97d-d965ccfc6d4b" outcome="Passed" testListId="8c84fa94-04c1-424b-9868-57a2d4851a1d" relativeResultsDirectory="2293af03-55de-43b3-89b3-8b58b5b0df1a" dataRowInfo="12" resultType="DataDrivenDataRow" />
        <UnitTestResult executionId="e23ef947-dc8f-45de-9e53-8a4b7505e375" parentExecutionId="2293af03-55de-43b3-89b3-8b58b5b0df1a" testId="d03eb628-bf1f-c27d-aeef-e708d613d686" testName="all_persons_modal_can_may_negation" computerName="ARPAN-LAP" duration="00:00:00.0285944" startTime="2014-06-29T12:24:58.9987405+05:30" endTime="2014-06-29T12:24:59.0267421+05:30" testType="13cdc9d9-ddb5-4fa4-a97d-d965ccfc6d4b" outcome="Passed" testListId="8c84fa94-04c1-424b-9868-57a2d4851a1d" relativeResultsDirectory="2293af03-55de-43b3-89b3-8b58b5b0df1a" dataRowInfo="13" resultType="DataDrivenDataRow" />
        <UnitTestResult executionId="abec661d-0fe3-496f-9810-ecbaf9d525ed" parentExecutionId="2293af03-55de-43b3-89b3-8b58b5b0df1a" testId="d03eb628-bf1f-c27d-aeef-e708d613d686" testName="all_persons_modal_can_may_negation" computerName="ARPAN-LAP" duration="00:00:00.0276140" startTime="2014-06-29T12:24:59.0267421+05:30" endTime="2014-06-29T12:24:59.0547437+05:30" testType="13cdc9d9-ddb5-4fa4-a97d-d965ccfc6d4b" outcome="Passed" testListId="8c84fa94-04c1-424b-9868-57a2d4851a1d" relativeResultsDirectory="2293af03-55de-43b3-89b3-8b58b5b0df1a" dataRowInfo="14" resultType="DataDrivenDataRow" />
        <UnitTestResult executionId="b66564db-d342-4a7f-a22d-9e067af39b8c" parentExecutionId="2293af03-55de-43b3-89b3-8b58b5b0df1a" testId="d03eb628-bf1f-c27d-aeef-e708d613d686" testName="all_persons_modal_can_may_negation" computerName="ARPAN-LAP" duration="00:00:00.0263863" startTime="2014-06-29T12:24:59.0547437+05:30" endTime="2014-06-29T12:24:59.0807452+05:30" testType="13cdc9d9-ddb5-4fa4-a97d-d965ccfc6d4b" outcome="Passed" testListId="8c84fa94-04c1-424b-9868-57a2d4851a1d" relativeResultsDirectory="2293af03-55de-43b3-89b3-8b58b5b0df1a" dataRowInfo="15" resultType="DataDrivenDataRow" />
        <UnitTestResult executionId="27050a3d-2d49-4dec-b5d2-70a1690ea08a" parentExecutionId="2293af03-55de-43b3-89b3-8b58b5b0df1a" testId="d03eb628-bf1f-c27d-aeef-e708d613d686" testName="all_persons_modal_can_may_negation" computerName="ARPAN-LAP" duration="00:00:00.0214486" startTime="2014-06-29T12:24:59.0807452+05:30" endTime="2014-06-29T12:24:59.1027464+05:30" testType="13cdc9d9-ddb5-4fa4-a97d-d965ccfc6d4b" outcome="Passed" testListId="8c84fa94-04c1-424b-9868-57a2d4851a1d" relativeResultsDirectory="2293af03-55de-43b3-89b3-8b58b5b0df1a" dataRowInfo="16" resultType="DataDrivenDataRow" />
        <UnitTestResult executionId="c58cc0d8-c03c-4243-ad1b-71b01d5d6a5a" parentExecutionId="2293af03-55de-43b3-89b3-8b58b5b0df1a" testId="d03eb628-bf1f-c27d-aeef-e708d613d686" testName="all_persons_modal_can_may_negation" computerName="ARPAN-LAP" duration="00:00:00.0227092" startTime="2014-06-29T12:24:59.1027464+05:30" endTime="2014-06-29T12:24:59.1257478+05:30" testType="13cdc9d9-ddb5-4fa4-a97d-d965ccfc6d4b" outcome="Passed" testListId="8c84fa94-04c1-424b-9868-57a2d4851a1d" relativeResultsDirectory="2293af03-55de-43b3-89b3-8b58b5b0df1a" dataRowInfo="17" resultType="DataDrivenDataRow" />
        <UnitTestResult executionId="c6cb1ff9-66df-4333-89b7-40ba93bb98d5" parentExecutionId="2293af03-55de-43b3-89b3-8b58b5b0df1a" testId="d03eb628-bf1f-c27d-aeef-e708d613d686" testName="all_persons_modal_can_may_negation" computerName="ARPAN-LAP" duration="00:00:00.0227549" startTime="2014-06-29T12:24:59.1257478+05:30" endTime="2014-06-29T12:24:59.1487491+05:30" testType="13cdc9d9-ddb5-4fa4-a97d-d965ccfc6d4b" outcome="Passed" testListId="8c84fa94-04c1-424b-9868-57a2d4851a1d" relativeResultsDirectory="2293af03-55de-43b3-89b3-8b58b5b0df1a" dataRowInfo="18" resultType="DataDrivenDataRow" />
        <UnitTestResult executionId="4c5ad12c-e8c5-4def-8f6d-04f899cf1271" parentExecutionId="2293af03-55de-43b3-89b3-8b58b5b0df1a" testId="d03eb628-bf1f-c27d-aeef-e708d613d686" testName="all_persons_modal_can_may_negation" computerName="ARPAN-LAP" duration="00:00:00.0213865" startTime="2014-06-29T12:24:59.1487491+05:30" endTime="2014-06-29T12:24:59.1697503+05:30" testType="13cdc9d9-ddb5-4fa4-a97d-d965ccfc6d4b" outcome="Passed" testListId="8c84fa94-04c1-424b-9868-57a2d4851a1d" relativeResultsDirectory="2293af03-55de-43b3-89b3-8b58b5b0df1a" dataRowInfo="19" resultType="DataDrivenDataRow" />
        <UnitTestResult executionId="4ae8ab9b-9a4e-4705-9084-1b2e87d1114b" parentExecutionId="2293af03-55de-43b3-89b3-8b58b5b0df1a" testId="d03eb628-bf1f-c27d-aeef-e708d613d686" testName="all_persons_modal_can_may_negation" computerName="ARPAN-LAP" duration="00:00:00.0232928" startTime="2014-06-29T12:24:59.1697503+05:30" endTime="2014-06-29T12:24:59.1927516+05:30" testType="13cdc9d9-ddb5-4fa4-a97d-d965ccfc6d4b" outcome="Passed" testListId="8c84fa94-04c1-424b-9868-57a2d4851a1d" relativeResultsDirectory="2293af03-55de-43b3-89b3-8b58b5b0df1a" dataRowInfo="20" resultType="DataDrivenDataRow" />
        <UnitTestResult executionId="56b6aefa-291e-4832-88c9-e02af0e5e5fe" parentExecutionId="2293af03-55de-43b3-89b3-8b58b5b0df1a" testId="d03eb628-bf1f-c27d-aeef-e708d613d686" testName="all_persons_modal_can_may_negation" computerName="ARPAN-LAP" duration="00:00:00.0290774" startTime="2014-06-29T12:24:59.1927516+05:30" endTime="2014-06-29T12:24:59.2217532+05:30" testType="13cdc9d9-ddb5-4fa4-a97d-d965ccfc6d4b" outcome="Passed" testListId="8c84fa94-04c1-424b-9868-57a2d4851a1d" relativeResultsDirectory="2293af03-55de-43b3-89b3-8b58b5b0df1a" dataRowInfo="21" resultType="DataDrivenDataRow" />
        <UnitTestResult executionId="d2312bbd-2554-467c-942e-4b08c4d398ae" parentExecutionId="2293af03-55de-43b3-89b3-8b58b5b0df1a" testId="d03eb628-bf1f-c27d-aeef-e708d613d686" testName="all_persons_modal_can_may_negation" computerName="ARPAN-LAP" duration="00:00:00.0319137" startTime="2014-06-29T12:24:59.2217532+05:30" endTime="2014-06-29T12:24:59.2537551+05:30" testType="13cdc9d9-ddb5-4fa4-a97d-d965ccfc6d4b" outcome="Passed" testListId="8c84fa94-04c1-424b-9868-57a2d4851a1d" relativeResultsDirectory="2293af03-55de-43b3-89b3-8b58b5b0df1a" dataRowInfo="22" resultType="DataDrivenDataRow" />
        <UnitTestResult executionId="6ff293c9-c5b4-4481-8ab3-e50995fc36f2" parentExecutionId="2293af03-55de-43b3-89b3-8b58b5b0df1a" testId="d03eb628-bf1f-c27d-aeef-e708d613d686" testName="all_persons_modal_can_may_negation" computerName="ARPAN-LAP" duration="00:00:00.0255558" startTime="2014-06-29T12:24:59.2537551+05:30" endTime="2014-06-29T12:24:59.2797566+05:30" testType="13cdc9d9-ddb5-4fa4-a97d-d965ccfc6d4b" outcome="Passed" testListId="8c84fa94-04c1-424b-9868-57a2d4851a1d" relativeResultsDirectory="2293af03-55de-43b3-89b3-8b58b5b0df1a" dataRowInfo="23" resultType="DataDrivenDataRow" />
      </InnerResults>
    </UnitTestResult>
    <UnitTestResult executionId="2e0fd4c6-18c8-4d66-b908-a6121732f8c9" testId="d766a059-d96c-7b47-e6a6-34931760df96" testName="all_persons_tenses_passive" computerName="ARPAN-LAP" duration="00:00:00.3040511" startTime="2014-06-29T12:24:59.3607612+05:30" endTime="2014-06-29T12:24:59.7097812+05:30" testType="13cdc9d9-ddb5-4fa4-a97d-d965ccfc6d4b" outcome="Passed" testListId="8c84fa94-04c1-424b-9868-57a2d4851a1d" relativeResultsDirectory="2e0fd4c6-18c8-4d66-b908-a6121732f8c9" resultType="DataDrivenTest">
      <Counters error="0" failed="0" timeout="0" aborted="0" inconclusive="0" passedButRunAborted="0" notRunnable="0" notExecuted="0" disconnected="0" warning="0" passed="10" completed="0" inProgress="0" pending="0" />
      <InnerResults>
        <UnitTestResult executionId="3bc2008b-fa7f-4dcb-8889-f2e42fb9b59e" parentExecutionId="2e0fd4c6-18c8-4d66-b908-a6121732f8c9" testId="d766a059-d96c-7b47-e6a6-34931760df96" testName="all_persons_tenses_passive" computerName="ARPAN-LAP" duration="00:00:00.0249594" startTime="2014-06-29T12:24:59.3647614+05:30" endTime="2014-06-29T12:24:59.3897629+05:30" testType="13cdc9d9-ddb5-4fa4-a97d-d965ccfc6d4b" outcome="Passed" testListId="8c84fa94-04c1-424b-9868-57a2d4851a1d" relativeResultsDirectory="2e0fd4c6-18c8-4d66-b908-a6121732f8c9" dataRowInfo="0" resultType="DataDrivenDataRow" />
        <UnitTestResult executionId="2d598e86-8fee-4c4c-be1a-22f5e41d9fad" parentExecutionId="2e0fd4c6-18c8-4d66-b908-a6121732f8c9" testId="d766a059-d96c-7b47-e6a6-34931760df96" testName="all_persons_tenses_passive" computerName="ARPAN-LAP" duration="00:00:00.0265926" startTime="2014-06-29T12:24:59.3897629+05:30" endTime="2014-06-29T12:24:59.4167644+05:30" testType="13cdc9d9-ddb5-4fa4-a97d-d965ccfc6d4b" outcome="Passed" testListId="8c84fa94-04c1-424b-9868-57a2d4851a1d" relativeResultsDirectory="2e0fd4c6-18c8-4d66-b908-a6121732f8c9" dataRowInfo="1" resultType="DataDrivenDataRow" />
        <UnitTestResult executionId="a42eeda8-84bc-453d-b065-3e56fca19c89" parentExecutionId="2e0fd4c6-18c8-4d66-b908-a6121732f8c9" testId="d766a059-d96c-7b47-e6a6-34931760df96" testName="all_persons_tenses_passive" computerName="ARPAN-LAP" duration="00:00:00.0322894" startTime="2014-06-29T12:24:59.4167644+05:30" endTime="2014-06-29T12:24:59.4487662+05:30" testType="13cdc9d9-ddb5-4fa4-a97d-d965ccfc6d4b" outcome="Passed" testListId="8c84fa94-04c1-424b-9868-57a2d4851a1d" relativeResultsDirectory="2e0fd4c6-18c8-4d66-b908-a6121732f8c9" dataRowInfo="2" resultType="DataDrivenDataRow" />
        <UnitTestResult executionId="2f2749ca-5d8e-4776-8f33-ae4e6ded66c2" parentExecutionId="2e0fd4c6-18c8-4d66-b908-a6121732f8c9" testId="d766a059-d96c-7b47-e6a6-34931760df96" testName="all_persons_tenses_passive" computerName="ARPAN-LAP" duration="00:00:00.0316073" startTime="2014-06-29T12:24:59.4487662+05:30" endTime="2014-06-29T12:24:59.4807681+05:30" testType="13cdc9d9-ddb5-4fa4-a97d-d965ccfc6d4b" outcome="Passed" testListId="8c84fa94-04c1-424b-9868-57a2d4851a1d" relativeResultsDirectory="2e0fd4c6-18c8-4d66-b908-a6121732f8c9" dataRowInfo="3" resultType="DataDrivenDataRow" />
        <UnitTestResult executionId="92c65429-251e-480e-a6c9-7fd11e9bb9c9" parentExecutionId="2e0fd4c6-18c8-4d66-b908-a6121732f8c9" testId="d766a059-d96c-7b47-e6a6-34931760df96" testName="all_persons_tenses_passive" computerName="ARPAN-LAP" duration="00:00:00.0213608" startTime="2014-06-29T12:24:59.4807681+05:30" endTime="2014-06-29T12:24:59.5017693+05:30" testType="13cdc9d9-ddb5-4fa4-a97d-d965ccfc6d4b" outcome="Passed" testListId="8c84fa94-04c1-424b-9868-57a2d4851a1d" relativeResultsDirectory="2e0fd4c6-18c8-4d66-b908-a6121732f8c9" dataRowInfo="4" resultType="DataDrivenDataRow" />
        <UnitTestResult executionId="e923ca81-3532-455c-a21f-3a43615b13ee" parentExecutionId="2e0fd4c6-18c8-4d66-b908-a6121732f8c9" testId="d766a059-d96c-7b47-e6a6-34931760df96" testName="all_persons_tenses_passive" computerName="ARPAN-LAP" duration="00:00:00.0261907" startTime="2014-06-29T12:24:59.5017693+05:30" endTime="2014-06-29T12:24:59.5287708+05:30" testType="13cdc9d9-ddb5-4fa4-a97d-d965ccfc6d4b" outcome="Passed" testListId="8c84fa94-04c1-424b-9868-57a2d4851a1d" relativeResultsDirectory="2e0fd4c6-18c8-4d66-b908-a6121732f8c9" dataRowInfo="5" resultType="DataDrivenDataRow" />
        <UnitTestResult executionId="0f51ac65-ae55-46c8-b079-ecb0a3970f3c" parentExecutionId="2e0fd4c6-18c8-4d66-b908-a6121732f8c9" testId="d766a059-d96c-7b47-e6a6-34931760df96" testName="all_persons_tenses_passive" computerName="ARPAN-LAP" duration="00:00:00.0285195" startTime="2014-06-29T12:24:59.5287708+05:30" endTime="2014-06-29T12:24:59.5567724+05:30" testType="13cdc9d9-ddb5-4fa4-a97d-d965ccfc6d4b" outcome="Passed" testListId="8c84fa94-04c1-424b-9868-57a2d4851a1d" relativeResultsDirectory="2e0fd4c6-18c8-4d66-b908-a6121732f8c9" dataRowInfo="6" resultType="DataDrivenDataRow" />
        <UnitTestResult executionId="75e72bda-f753-4115-9ff9-6e714f189ac7" parentExecutionId="2e0fd4c6-18c8-4d66-b908-a6121732f8c9" testId="d766a059-d96c-7b47-e6a6-34931760df96" testName="all_persons_tenses_passive" computerName="ARPAN-LAP" duration="00:00:00.0313168" startTime="2014-06-29T12:24:59.5567724+05:30" endTime="2014-06-29T12:24:59.5887742+05:30" testType="13cdc9d9-ddb5-4fa4-a97d-d965ccfc6d4b" outcome="Passed" testListId="8c84fa94-04c1-424b-9868-57a2d4851a1d" relativeResultsDirectory="2e0fd4c6-18c8-4d66-b908-a6121732f8c9" dataRowInfo="7" resultType="DataDrivenDataRow" />
        <UnitTestResult executionId="ac33329a-117d-445c-a1a6-a564a43ce79c" parentExecutionId="2e0fd4c6-18c8-4d66-b908-a6121732f8c9" testId="d766a059-d96c-7b47-e6a6-34931760df96" testName="all_persons_tenses_passive" computerName="ARPAN-LAP" duration="00:00:00.0357309" startTime="2014-06-29T12:24:59.5887742+05:30" endTime="2014-06-29T12:24:59.6237762+05:30" testType="13cdc9d9-ddb5-4fa4-a97d-d965ccfc6d4b" outcome="Passed" testListId="8c84fa94-04c1-424b-9868-57a2d4851a1d" relativeResultsDirectory="2e0fd4c6-18c8-4d66-b908-a6121732f8c9" dataRowInfo="8" resultType="DataDrivenDataRow" />
        <UnitTestResult executionId="5cd85bbe-789d-4312-a4c0-672df5c5eb9c" parentExecutionId="2e0fd4c6-18c8-4d66-b908-a6121732f8c9" testId="d766a059-d96c-7b47-e6a6-34931760df96" testName="all_persons_tenses_passive" computerName="ARPAN-LAP" duration="00:00:00.0431523" startTime="2014-06-29T12:24:59.6237762+05:30" endTime="2014-06-29T12:24:59.6677788+05:30" testType="13cdc9d9-ddb5-4fa4-a97d-d965ccfc6d4b" outcome="Passed" testListId="8c84fa94-04c1-424b-9868-57a2d4851a1d" relativeResultsDirectory="2e0fd4c6-18c8-4d66-b908-a6121732f8c9" dataRowInfo="9" resultType="DataDrivenDataRow" />
      </InnerResults>
    </UnitTestResult>
    <UnitTestResult executionId="301fb2f0-ec79-437f-a11b-2fc48cbf397a" testId="fe3e63ab-391c-e168-48d0-431b85a7b898" testName="third_person_tenses_active_negation" computerName="ARPAN-LAP" duration="00:00:00.2436029" startTime="2014-06-29T12:24:59.7117813+05:30" endTime="2014-06-29T12:24:59.9987977+05:30" testType="13cdc9d9-ddb5-4fa4-a97d-d965ccfc6d4b" outcome="Passed" testListId="8c84fa94-04c1-424b-9868-57a2d4851a1d" relativeResultsDirectory="301fb2f0-ec79-437f-a11b-2fc48cbf397a" resultType="DataDrivenTest">
      <Counters error="0" failed="0" timeout="0" aborted="0" inconclusive="0" passedButRunAborted="0" notRunnable="0" notExecuted="0" disconnected="0" warning="0" passed="10" completed="0" inProgress="0" pending="0" />
      <InnerResults>
        <UnitTestResult executionId="15ac71f4-b28f-493f-bc49-d614579c3bf4" parentExecutionId="301fb2f0-ec79-437f-a11b-2fc48cbf397a" testId="fe3e63ab-391c-e168-48d0-431b85a7b898" testName="third_person_tenses_active_negation" computerName="ARPAN-LAP" duration="00:00:00.0256420" startTime="2014-06-29T12:24:59.7177816+05:30" endTime="2014-06-29T12:24:59.7437831+05:30" testType="13cdc9d9-ddb5-4fa4-a97d-d965ccfc6d4b" outcome="Passed" testListId="8c84fa94-04c1-424b-9868-57a2d4851a1d" relativeResultsDirectory="301fb2f0-ec79-437f-a11b-2fc48cbf397a" dataRowInfo="0" resultType="DataDrivenDataRow" />
        <UnitTestResult executionId="ba99eddb-6257-4281-9444-f1da5e1b18a7" parentExecutionId="301fb2f0-ec79-437f-a11b-2fc48cbf397a" testId="fe3e63ab-391c-e168-48d0-431b85a7b898" testName="third_person_tenses_active_negation" computerName="ARPAN-LAP" duration="00:00:00.0218130" startTime="2014-06-29T12:24:59.7437831+05:30" endTime="2014-06-29T12:24:59.7657844+05:30" testType="13cdc9d9-ddb5-4fa4-a97d-d965ccfc6d4b" outcome="Passed" testListId="8c84fa94-04c1-424b-9868-57a2d4851a1d" relativeResultsDirectory="301fb2f0-ec79-437f-a11b-2fc48cbf397a" dataRowInfo="1" resultType="DataDrivenDataRow" />
        <UnitTestResult executionId="634aa28d-fc88-4076-a113-87805500cd71" parentExecutionId="301fb2f0-ec79-437f-a11b-2fc48cbf397a" testId="fe3e63ab-391c-e168-48d0-431b85a7b898" testName="third_person_tenses_active_negation" computerName="ARPAN-LAP" duration="00:00:00.0237588" startTime="2014-06-29T12:24:59.7657844+05:30" endTime="2014-06-29T12:24:59.7897857+05:30" testType="13cdc9d9-ddb5-4fa4-a97d-d965ccfc6d4b" outcome="Passed" testListId="8c84fa94-04c1-424b-9868-57a2d4851a1d" relativeResultsDirectory="301fb2f0-ec79-437f-a11b-2fc48cbf397a" dataRowInfo="2" resultType="DataDrivenDataRow" />
        <UnitTestResult executionId="a347c9f9-56d1-45cb-8c97-fb45bb5274f7" parentExecutionId="301fb2f0-ec79-437f-a11b-2fc48cbf397a" testId="fe3e63ab-391c-e168-48d0-431b85a7b898" testName="third_person_tenses_active_negation" computerName="ARPAN-LAP" duration="00:00:00.0268164" startTime="2014-06-29T12:24:59.7897857+05:30" endTime="2014-06-29T12:24:59.8157872+05:30" testType="13cdc9d9-ddb5-4fa4-a97d-d965ccfc6d4b" outcome="Passed" testListId="8c84fa94-04c1-424b-9868-57a2d4851a1d" relativeResultsDirectory="301fb2f0-ec79-437f-a11b-2fc48cbf397a" dataRowInfo="3" resultType="DataDrivenDataRow" />
        <UnitTestResult executionId="cb9ad92d-000e-4677-8526-f846b58a5da4" parentExecutionId="301fb2f0-ec79-437f-a11b-2fc48cbf397a" testId="fe3e63ab-391c-e168-48d0-431b85a7b898" testName="third_person_tenses_active_negation" computerName="ARPAN-LAP" duration="00:00:00.0208388" startTime="2014-06-29T12:24:59.8157872+05:30" endTime="2014-06-29T12:24:59.8367884+05:30" testType="13cdc9d9-ddb5-4fa4-a97d-d965ccfc6d4b" outcome="Passed" testListId="8c84fa94-04c1-424b-9868-57a2d4851a1d" relativeResultsDirectory="301fb2f0-ec79-437f-a11b-2fc48cbf397a" dataRowInfo="4" resultType="DataDrivenDataRow" />
        <UnitTestResult executionId="41fc02fc-aab9-4418-b7fb-1ea8508769a8" parentExecutionId="301fb2f0-ec79-437f-a11b-2fc48cbf397a" testId="fe3e63ab-391c-e168-48d0-431b85a7b898" testName="third_person_tenses_active_negation" computerName="ARPAN-LAP" duration="00:00:00.0216919" startTime="2014-06-29T12:24:59.8367884+05:30" endTime="2014-06-29T12:24:59.8587897+05:30" testType="13cdc9d9-ddb5-4fa4-a97d-d965ccfc6d4b" outcome="Passed" testListId="8c84fa94-04c1-424b-9868-57a2d4851a1d" relativeResultsDirectory="301fb2f0-ec79-437f-a11b-2fc48cbf397a" dataRowInfo="5" resultType="DataDrivenDataRow" />
        <UnitTestResult executionId="e4dc0769-441c-4ac2-a84a-f940d504a7f5" parentExecutionId="301fb2f0-ec79-437f-a11b-2fc48cbf397a" testId="fe3e63ab-391c-e168-48d0-431b85a7b898" testName="third_person_tenses_active_negation" computerName="ARPAN-LAP" duration="00:00:00.0233954" startTime="2014-06-29T12:24:59.8587897+05:30" endTime="2014-06-29T12:24:59.8827911+05:30" testType="13cdc9d9-ddb5-4fa4-a97d-d965ccfc6d4b" outcome="Passed" testListId="8c84fa94-04c1-424b-9868-57a2d4851a1d" relativeResultsDirectory="301fb2f0-ec79-437f-a11b-2fc48cbf397a" dataRowInfo="6" resultType="DataDrivenDataRow" />
        <UnitTestResult executionId="e7b86e0f-29df-45df-9e2b-42f08b534cbd" parentExecutionId="301fb2f0-ec79-437f-a11b-2fc48cbf397a" testId="fe3e63ab-391c-e168-48d0-431b85a7b898" testName="third_person_tenses_active_negation" computerName="ARPAN-LAP" duration="00:00:00.0261651" startTime="2014-06-29T12:24:59.8827911+05:30" endTime="2014-06-29T12:24:59.9087925+05:30" testType="13cdc9d9-ddb5-4fa4-a97d-d965ccfc6d4b" outcome="Passed" testListId="8c84fa94-04c1-424b-9868-57a2d4851a1d" relativeResultsDirectory="301fb2f0-ec79-437f-a11b-2fc48cbf397a" dataRowInfo="7" resultType="DataDrivenDataRow" />
        <UnitTestResult executionId="7de4d882-7929-4ed3-b6d2-9d076b8b23ad" parentExecutionId="301fb2f0-ec79-437f-a11b-2fc48cbf397a" testId="fe3e63ab-391c-e168-48d0-431b85a7b898" testName="third_person_tenses_active_negation" computerName="ARPAN-LAP" duration="00:00:00.0218264" startTime="2014-06-29T12:24:59.9087925+05:30" endTime="2014-06-29T12:24:59.9307938+05:30" testType="13cdc9d9-ddb5-4fa4-a97d-d965ccfc6d4b" outcome="Passed" testListId="8c84fa94-04c1-424b-9868-57a2d4851a1d" relativeResultsDirectory="301fb2f0-ec79-437f-a11b-2fc48cbf397a" dataRowInfo="8" resultType="DataDrivenDataRow" />
        <UnitTestResult executionId="f1f548a5-5f72-4f38-bc8c-452fa0d40967" parentExecutionId="301fb2f0-ec79-437f-a11b-2fc48cbf397a" testId="fe3e63ab-391c-e168-48d0-431b85a7b898" testName="third_person_tenses_active_negation" computerName="ARPAN-LAP" duration="00:00:00.0287145" startTime="2014-06-29T12:24:59.9307938+05:30" endTime="2014-06-29T12:24:59.9587954+05:30" testType="13cdc9d9-ddb5-4fa4-a97d-d965ccfc6d4b" outcome="Passed" testListId="8c84fa94-04c1-424b-9868-57a2d4851a1d" relativeResultsDirectory="301fb2f0-ec79-437f-a11b-2fc48cbf397a" dataRowInfo="9" resultType="DataDrivenDataRow" />
      </InnerResults>
    </UnitTestResult>
  </Results>
</TestRun>