<?xml version="1.0" encoding="UTF-8"?>
<TestRun id="92655dc3-57e7-47fa-a5f4-10a6dbc371b5" name="Arghya@ARPAN-LAP 2014-06-29 10:09:58" runUser="ARPAN-LAP\Arghya" xmlns="http://microsoft.com/schemas/VisualStudio/TeamTest/2010">
  <TestSettings name="Default Test Settings" id="12637ed6-2f88-4b56-b1af-e07a4e054ca4">
    <Execution>
      <TestTypeSpecific />
      <AgentRule name="Execution Agents">
      </AgentRule>
    </Execution>
    <Deployment runDeploymentRoot="Arghya_ARPAN-LAP 2014-06-29 10_09_58" />
  </TestSettings>
  <Times creation="2014-06-29T10:09:58.2824060+05:30" queuing="2014-06-29T10:10:07.3669256+05:30" start="2014-06-29T10:10:08.4919900+05:30" finish="2014-06-29T10:10:35.8755562+05:30" />
  <ResultSummary outcome="Failed">
    <Counters total="309" executed="309" passed="302" error="0" failed="7" timeout="0" aborted="0" inconclusive="0" passedButRunAborted="0" notRunnable="0" notExecuted="0" disconnected="0" warning="0" completed="0" inProgress="0" pending="0" />
    <RunInfos>
      <RunInfo computerName="ARPAN-LAP" outcome="Warning" timestamp="2014-06-29T10:10:06.5268776+05:30">
        <Text>Warning: Test Run deployment issue: Failed to get the file for deployment item '..\UnitTest\TestCases\wikipedia.xml' specified by the test 'UnitTest.BnlpTest.RandomWord': System.IO.DirectoryNotFoundException: Could not find a part of the path 'D:\software\Project\UnitTest\TestCases\wikipedia.xml'.</Text>
        <Exception>System.IO.DirectoryNotFoundException: Could not find a part of the path 'D:\software\Project\UnitTest\TestCases\wikipedia.xml'.
   at System.IO.__Error.WinIOError(Int32 errorCode, String maybeFullPath)
   at System.IO.File.GetAttributes(String path)
   at Microsoft.VisualStudio.TestTools.Common.SingleFileProvider.GetFilePaths()
   at Microsoft.VisualStudio.TestTools.TestManagement.DeploymentCoverageItem.GetFiles(TestRunConfiguration runConfig)
   at Microsoft.VisualStudio.TestTools.TestManagement.DeploymentManager.DoDeployment(TestRun run, FileCopyService fileCopyService)</Exception>
      </RunInfo>
      <RunInfo computerName="ARPAN-LAP" outcome="Warning" timestamp="2014-06-29T10:10:06.5308778+05:30">
        <Text>Warning: Test Run deployment issue: Failed to get the file for deployment item '..\UnitTest\TestCases\interrogative_sentences_who.xml' specified by the test 'UnitTest.BnlpTest.interrogative_sentences_who': System.IO.DirectoryNotFoundException: Could not find a part of the path 'D:\software\Project\UnitTest\TestCases\interrogative_sentences_who.xml'.</Text>
        <Exception>System.IO.DirectoryNotFoundException: Could not find a part of the path 'D:\software\Project\UnitTest\TestCases\interrogative_sentences_who.xml'.
   at System.IO.__Error.WinIOError(Int32 errorCode, String maybeFullPath)
   at System.IO.File.GetAttributes(String path)
   at Microsoft.VisualStudio.TestTools.Common.SingleFileProvider.GetFilePaths()
   at Microsoft.VisualStudio.TestTools.TestManagement.DeploymentCoverageItem.GetFiles(TestRunConfiguration runConfig)
   at Microsoft.VisualStudio.TestTools.TestManagement.DeploymentManager.DoDeployment(TestRun run, FileCopyService fileCopyService)</Exception>
      </RunInfo>
      <RunInfo computerName="ARPAN-LAP" outcome="Warning" timestamp="2014-06-29T10:10:06.5318779+05:30">
        <Text>Warning: Test Run deployment issue: Failed to get the file for deployment item '..\UnitTest\TestCases\special_handling_do_verb.xml' specified by the test 'UnitTest.BnlpTest.special_handling_do_verb': System.IO.DirectoryNotFoundException: Could not find a part of the path 'D:\software\Project\UnitTest\TestCases\special_handling_do_verb.xml'.</Text>
        <Exception>System.IO.DirectoryNotFoundException: Could not find a part of the path 'D:\software\Project\UnitTest\TestCases\special_handling_do_verb.xml'.
   at System.IO.__Error.WinIOError(Int32 errorCode, String maybeFullPath)
   at System.IO.File.GetAttributes(String path)
   at Microsoft.VisualStudio.TestTools.Common.SingleFileProvider.GetFilePaths()
   at Microsoft.VisualStudio.TestTools.TestManagement.DeploymentCoverageItem.GetFiles(TestRunConfiguration runConfig)
   at Microsoft.VisualStudio.TestTools.TestManagement.DeploymentManager.DoDeployment(TestRun run, FileCopyService fileCopyService)</Exception>
      </RunInfo>
      <RunInfo computerName="ARPAN-LAP" outcome="Warning" timestamp="2014-06-29T10:10:06.5328779+05:30">
        <Text>Warning: Test Run deployment issue: Failed to get the file for deployment item '..\UnitTest\TestCases\interrogative_sentences_which.xml' specified by the test 'UnitTest.BnlpTest.interrogative_sentences_which': System.IO.DirectoryNotFoundException: Could not find a part of the path 'D:\software\Project\UnitTest\TestCases\interrogative_sentences_which.xml'.</Text>
        <Exception>System.IO.DirectoryNotFoundException: Could not find a part of the path 'D:\software\Project\UnitTest\TestCases\interrogative_sentences_which.xml'.
   at System.IO.__Error.WinIOError(Int32 errorCode, String maybeFullPath)
   at System.IO.File.GetAttributes(String path)
   at Microsoft.VisualStudio.TestTools.Common.SingleFileProvider.GetFilePaths()
   at Microsoft.VisualStudio.TestTools.TestManagement.DeploymentCoverageItem.GetFiles(TestRunConfiguration runConfig)
   at Microsoft.VisualStudio.TestTools.TestManagement.DeploymentManager.DoDeployment(TestRun run, FileCopyService fileCopyService)</Exception>
      </RunInfo>
      <RunInfo computerName="ARPAN-LAP" outcome="Warning" timestamp="2014-06-29T10:10:06.5338780+05:30">
        <Text>Warning: Test Run deployment issue: Failed to get the file for deployment item '..\UnitTest\TestCases\all_persons_modal_should.xml' specified by the test 'UnitTest.BnlpTest.all_persons_modal_should': System.IO.DirectoryNotFoundException: Could not find a part of the path 'D:\software\Project\UnitTest\TestCases\all_persons_modal_should.xml'.</Text>
        <Exception>System.IO.DirectoryNotFoundException: Could not find a part of the path 'D:\software\Project\UnitTest\TestCases\all_persons_modal_should.xml'.
   at System.IO.__Error.WinIOError(Int32 errorCode, String maybeFullPath)
   at System.IO.File.GetAttributes(String path)
   at Microsoft.VisualStudio.TestTools.Common.SingleFileProvider.GetFilePaths()
   at Microsoft.VisualStudio.TestTools.TestManagement.DeploymentCoverageItem.GetFiles(TestRunConfiguration runConfig)
   at Microsoft.VisualStudio.TestTools.TestManagement.DeploymentManager.DoDeployment(TestRun run, FileCopyService fileCopyService)</Exception>
      </RunInfo>
      <RunInfo computerName="ARPAN-LAP" outcome="Warning" timestamp="2014-06-29T10:10:06.5348780+05:30">
        <Text>Warning: Test Run deployment issue: Failed to get the file for deployment item '..\UnitTest\TestCases\third_person_tenses_active.xml' specified by the test 'UnitTest.BnlpTest.third_person_tenses_active': System.IO.DirectoryNotFoundException: Could not find a part of the path 'D:\software\Project\UnitTest\TestCases\third_person_tenses_active.xml'.</Text>
        <Exception>System.IO.DirectoryNotFoundException: Could not find a part of the path 'D:\software\Project\UnitTest\TestCases\third_person_tenses_active.xml'.
   at System.IO.__Error.WinIOError(Int32 errorCode, String maybeFullPath)
   at System.IO.File.GetAttributes(String path)
   at Microsoft.VisualStudio.TestTools.Common.SingleFileProvider.GetFilePaths()
   at Microsoft.VisualStudio.TestTools.TestManagement.DeploymentCoverageItem.GetFiles(TestRunConfiguration runConfig)
   at Microsoft.VisualStudio.TestTools.TestManagement.DeploymentManager.DoDeployment(TestRun run, FileCopyService fileCopyService)</Exception>
      </RunInfo>
      <RunInfo computerName="ARPAN-LAP" outcome="Warning" timestamp="2014-06-29T10:10:06.5348780+05:30">
        <Text>Warning: Test Run deployment issue: Failed to get the file for deployment item '..\UnitTest\TestCases\all_persons_tenses_passive.xml' specified by the test 'UnitTest.BnlpTest.all_persons_tenses_passive': System.IO.DirectoryNotFoundException: Could not find a part of the path 'D:\software\Project\UnitTest\TestCases\all_persons_tenses_passive.xml'.</Text>
        <Exception>System.IO.DirectoryNotFoundException: Could not find a part of the path 'D:\software\Project\UnitTest\TestCases\all_persons_tenses_passive.xml'.
   at System.IO.__Error.WinIOError(Int32 errorCode, String maybeFullPath)
   at System.IO.File.GetAttributes(String path)
   at Microsoft.VisualStudio.TestTools.Common.SingleFileProvider.GetFilePaths()
   at Microsoft.VisualStudio.TestTools.TestManagement.DeploymentCoverageItem.GetFiles(TestRunConfiguration runConfig)
   at Microsoft.VisualStudio.TestTools.TestManagement.DeploymentManager.DoDeployment(TestRun run, FileCopyService fileCopyService)</Exception>
      </RunInfo>
      <RunInfo computerName="ARPAN-LAP" outcome="Warning" timestamp="2014-06-29T10:10:06.5358781+05:30">
        <Text>Warning: Test Run deployment issue: Failed to get the file for deployment item '..\UnitTest\TestCases\interrogative_sentences_aux.xml' specified by the test 'UnitTest.BnlpTest.interrogative_sentences_aux': System.IO.DirectoryNotFoundException: Could not find a part of the path 'D:\software\Project\UnitTest\TestCases\interrogative_sentences_aux.xml'.</Text>
        <Exception>System.IO.DirectoryNotFoundException: Could not find a part of the path 'D:\software\Project\UnitTest\TestCases\interrogative_sentences_aux.xml'.
   at System.IO.__Error.WinIOError(Int32 errorCode, String maybeFullPath)
   at System.IO.File.GetAttributes(String path)
   at Microsoft.VisualStudio.TestTools.Common.SingleFileProvider.GetFilePaths()
   at Microsoft.VisualStudio.TestTools.TestManagement.DeploymentCoverageItem.GetFiles(TestRunConfiguration runConfig)
   at Microsoft.VisualStudio.TestTools.TestManagement.DeploymentManager.DoDeployment(TestRun run, FileCopyService fileCopyService)</Exception>
      </RunInfo>
      <RunInfo computerName="ARPAN-LAP" outcome="Warning" timestamp="2014-06-29T10:10:06.5368781+05:30">
        <Text>Warning: Test Run deployment issue: Failed to get the file for deployment item '..\UnitTest\TestCases\second_person_tenses_active_negation.xml' specified by the test 'UnitTest.BnlpTest.second_person_tenses_active_negation': System.IO.DirectoryNotFoundException: Could not find a part of the path 'D:\software\Project\UnitTest\TestCases\second_person_tenses_active_negation.xml'.</Text>
        <Exception>System.IO.DirectoryNotFoundException: Could not find a part of the path 'D:\software\Project\UnitTest\TestCases\second_person_tenses_active_negation.xml'.
   at System.IO.__Error.WinIOError(Int32 errorCode, String maybeFullPath)
   at System.IO.File.GetAttributes(String path)
   at Microsoft.VisualStudio.TestTools.Common.SingleFileProvider.GetFilePaths()
   at Microsoft.VisualStudio.TestTools.TestManagement.DeploymentCoverageItem.GetFiles(TestRunConfiguration runConfig)
   at Microsoft.VisualStudio.TestTools.TestManagement.DeploymentManager.DoDeployment(TestRun run, FileCopyService fileCopyService)</Exception>
      </RunInfo>
      <RunInfo computerName="ARPAN-LAP" outcome="Warning" timestamp="2014-06-29T10:10:06.5378782+05:30">
        <Text>Warning: Test Run deployment issue: Failed to get the file for deployment item '..\UnitTest\TestCases\interrogative_sentences_where.xml' specified by the test 'UnitTest.BnlpTest.interrogative_sentences_where': System.IO.DirectoryNotFoundException: Could not find a part of the path 'D:\software\Project\UnitTest\TestCases\interrogative_sentences_where.xml'.</Text>
        <Exception>System.IO.DirectoryNotFoundException: Could not find a part of the path 'D:\software\Project\UnitTest\TestCases\interrogative_sentences_where.xml'.
   at System.IO.__Error.WinIOError(Int32 errorCode, String maybeFullPath)
   at System.IO.File.GetAttributes(String path)
   at Microsoft.VisualStudio.TestTools.Common.SingleFileProvider.GetFilePaths()
   at Microsoft.VisualStudio.TestTools.TestManagement.DeploymentCoverageItem.GetFiles(TestRunConfiguration runConfig)
   at Microsoft.VisualStudio.TestTools.TestManagement.DeploymentManager.DoDeployment(TestRun run, FileCopyService fileCopyService)</Exception>
      </RunInfo>
      <RunInfo computerName="ARPAN-LAP" outcome="Warning" timestamp="2014-06-29T10:10:06.5388783+05:30">
        <Text>Warning: Test Run deployment issue: Failed to get the file for deployment item '..\UnitTest\TestCases\prepositions_made_with_three_words.xml' specified by the test 'UnitTest.BnlpTest.prepositions_made_with_three_words': System.IO.DirectoryNotFoundException: Could not find a part of the path 'D:\software\Project\UnitTest\TestCases\prepositions_made_with_three_words.xml'.</Text>
        <Exception>System.IO.DirectoryNotFoundException: Could not find a part of the path 'D:\software\Project\UnitTest\TestCases\prepositions_made_with_three_words.xml'.
   at System.IO.__Error.WinIOError(Int32 errorCode, String maybeFullPath)
   at System.IO.File.GetAttributes(String path)
   at Microsoft.VisualStudio.TestTools.Common.SingleFileProvider.GetFilePaths()
   at Microsoft.VisualStudio.TestTools.TestManagement.DeploymentCoverageItem.GetFiles(TestRunConfiguration runConfig)
   at Microsoft.VisualStudio.TestTools.TestManagement.DeploymentManager.DoDeployment(TestRun run, FileCopyService fileCopyService)</Exception>
      </RunInfo>
      <RunInfo computerName="ARPAN-LAP" outcome="Warning" timestamp="2014-06-29T10:10:06.5388783+05:30">
        <Text>Warning: Test Run deployment issue: Failed to get the file for deployment item '..\UnitTest\TestCases\interrogative_sentences_what.xml' specified by the test 'UnitTest.BnlpTest.interrogative_sentences_what': System.IO.DirectoryNotFoundException: Could not find a part of the path 'D:\software\Project\UnitTest\TestCases\interrogative_sentences_what.xml'.</Text>
        <Exception>System.IO.DirectoryNotFoundException: Could not find a part of the path 'D:\software\Project\UnitTest\TestCases\interrogative_sentences_what.xml'.
   at System.IO.__Error.WinIOError(Int32 errorCode, String maybeFullPath)
   at System.IO.File.GetAttributes(String path)
   at Microsoft.VisualStudio.TestTools.Common.SingleFileProvider.GetFilePaths()
   at Microsoft.VisualStudio.TestTools.TestManagement.DeploymentCoverageItem.GetFiles(TestRunConfiguration runConfig)
   at Microsoft.VisualStudio.TestTools.TestManagement.DeploymentManager.DoDeployment(TestRun run, FileCopyService fileCopyService)</Exception>
      </RunInfo>
      <RunInfo computerName="ARPAN-LAP" outcome="Warning" timestamp="2014-06-29T10:10:06.5398783+05:30">
        <Text>Warning: Test Run deployment issue: Failed to get the file for deployment item '..\UnitTest\TestCases\interrogative_sentences_how.xml' specified by the test 'UnitTest.BnlpTest.interrogative_sentences_how': System.IO.DirectoryNotFoundException: Could not find a part of the path 'D:\software\Project\UnitTest\TestCases\interrogative_sentences_how.xml'.</Text>
        <Exception>System.IO.DirectoryNotFoundException: Could not find a part of the path 'D:\software\Project\UnitTest\TestCases\interrogative_sentences_how.xml'.
   at System.IO.__Error.WinIOError(Int32 errorCode, String maybeFullPath)
   at System.IO.File.GetAttributes(String path)
   at Microsoft.VisualStudio.TestTools.Common.SingleFileProvider.GetFilePaths()
   at Microsoft.VisualStudio.TestTools.TestManagement.DeploymentCoverageItem.GetFiles(TestRunConfiguration runConfig)
   at Microsoft.VisualStudio.TestTools.TestManagement.DeploymentManager.DoDeployment(TestRun run, FileCopyService fileCopyService)</Exception>
      </RunInfo>
      <RunInfo computerName="ARPAN-LAP" outcome="Warning" timestamp="2014-06-29T10:10:06.5408784+05:30">
        <Text>Warning: Test Run deployment issue: Failed to get the file for deployment item '..\UnitTest\TestCases\interrogative_sentences_whom.xml' specified by the test 'UnitTest.BnlpTest.interrogative_sentences_whom': System.IO.DirectoryNotFoundException: Could not find a part of the path 'D:\software\Project\UnitTest\TestCases\interrogative_sentences_whom.xml'.</Text>
        <Exception>System.IO.DirectoryNotFoundException: Could not find a part of the path 'D:\software\Project\UnitTest\TestCases\interrogative_sentences_whom.xml'.
   at System.IO.__Error.WinIOError(Int32 errorCode, String maybeFullPath)
   at System.IO.File.GetAttributes(String path)
   at Microsoft.VisualStudio.TestTools.Common.SingleFileProvider.GetFilePaths()
   at Microsoft.VisualStudio.TestTools.TestManagement.DeploymentCoverageItem.GetFiles(TestRunConfiguration runConfig)
   at Microsoft.VisualStudio.TestTools.TestManagement.DeploymentManager.DoDeployment(TestRun run, FileCopyService fileCopyService)</Exception>
      </RunInfo>
      <RunInfo computerName="ARPAN-LAP" outcome="Warning" timestamp="2014-06-29T10:10:06.5418784+05:30">
        <Text>Warning: Test Run deployment issue: Failed to get the file for deployment item '..\UnitTest\TestCases\second_person_tenses_active.xml' specified by the test 'UnitTest.BnlpTest.second_person_tenses_active': System.IO.DirectoryNotFoundException: Could not find a part of the path 'D:\software\Project\UnitTest\TestCases\second_person_tenses_active.xml'.</Text>
        <Exception>System.IO.DirectoryNotFoundException: Could not find a part of the path 'D:\software\Project\UnitTest\TestCases\second_person_tenses_active.xml'.
   at System.IO.__Error.WinIOError(Int32 errorCode, String maybeFullPath)
   at System.IO.File.GetAttributes(String path)
   at Microsoft.VisualStudio.TestTools.Common.SingleFileProvider.GetFilePaths()
   at Microsoft.VisualStudio.TestTools.TestManagement.DeploymentCoverageItem.GetFiles(TestRunConfiguration runConfig)
   at Microsoft.VisualStudio.TestTools.TestManagement.DeploymentManager.DoDeployment(TestRun run, FileCopyService fileCopyService)</Exception>
      </RunInfo>
      <RunInfo computerName="ARPAN-LAP" outcome="Warning" timestamp="2014-06-29T10:10:06.5428785+05:30">
        <Text>Warning: Test Run deployment issue: Failed to get the file for deployment item '..\UnitTest\TestCases\all_persons_modal_should_negation.xml' specified by the test 'UnitTest.BnlpTest.all_persons_modal_should_negation': System.IO.DirectoryNotFoundException: Could not find a part of the path 'D:\software\Project\UnitTest\TestCases\all_persons_modal_should_negation.xml'.</Text>
        <Exception>System.IO.DirectoryNotFoundException: Could not find a part of the path 'D:\software\Project\UnitTest\TestCases\all_persons_modal_should_negation.xml'.
   at System.IO.__Error.WinIOError(Int32 errorCode, String maybeFullPath)
   at System.IO.File.GetAttributes(String path)
   at Microsoft.VisualStudio.TestTools.Common.SingleFileProvider.GetFilePaths()
   at Microsoft.VisualStudio.TestTools.TestManagement.DeploymentCoverageItem.GetFiles(TestRunConfiguration runConfig)
   at Microsoft.VisualStudio.TestTools.TestManagement.DeploymentManager.DoDeployment(TestRun run, FileCopyService fileCopyService)</Exception>
      </RunInfo>
      <RunInfo computerName="ARPAN-LAP" outcome="Warning" timestamp="2014-06-29T10:10:06.5438785+05:30">
        <Text>Warning: Test Run deployment issue: Failed to get the file for deployment item '..\UnitTest\TestCases\first_person_tenses_active_negation.xml' specified by the test 'UnitTest.BnlpTest.first_person_tenses_active_negation': System.IO.DirectoryNotFoundException: Could not find a part of the path 'D:\software\Project\UnitTest\TestCases\first_person_tenses_active_negation.xml'.</Text>
        <Exception>System.IO.DirectoryNotFoundException: Could not find a part of the path 'D:\software\Project\UnitTest\TestCases\first_person_tenses_active_negation.xml'.
   at System.IO.__Error.WinIOError(Int32 errorCode, String maybeFullPath)
   at System.IO.File.GetAttributes(String path)
   at Microsoft.VisualStudio.TestTools.Common.SingleFileProvider.GetFilePaths()
   at Microsoft.VisualStudio.TestTools.TestManagement.DeploymentCoverageItem.GetFiles(TestRunConfiguration runConfig)
   at Microsoft.VisualStudio.TestTools.TestManagement.DeploymentManager.DoDeployment(TestRun run, FileCopyService fileCopyService)</Exception>
      </RunInfo>
      <RunInfo computerName="ARPAN-LAP" outcome="Warning" timestamp="2014-06-29T10:10:06.5438785+05:30">
        <Text>Warning: Test Run deployment issue: Failed to get the file for deployment item '..\UnitTest\TestCases\all_persons_modal_can_may_negation.xml' specified by the test 'UnitTest.BnlpTest.all_persons_modal_can_may_negation': System.IO.DirectoryNotFoundException: Could not find a part of the path 'D:\software\Project\UnitTest\TestCases\all_persons_modal_can_may_negation.xml'.</Text>
        <Exception>System.IO.DirectoryNotFoundException: Could not find a part of the path 'D:\software\Project\UnitTest\TestCases\all_persons_modal_can_may_negation.xml'.
   at System.IO.__Error.WinIOError(Int32 errorCode, String maybeFullPath)
   at System.IO.File.GetAttributes(String path)
   at Microsoft.VisualStudio.TestTools.Common.SingleFileProvider.GetFilePaths()
   at Microsoft.VisualStudio.TestTools.TestManagement.DeploymentCoverageItem.GetFiles(TestRunConfiguration runConfig)
   at Microsoft.VisualStudio.TestTools.TestManagement.DeploymentManager.DoDeployment(TestRun run, FileCopyService fileCopyService)</Exception>
      </RunInfo>
      <RunInfo computerName="ARPAN-LAP" outcome="Warning" timestamp="2014-06-29T10:10:06.5448786+05:30">
        <Text>Warning: Test Run deployment issue: Failed to get the file for deployment item '..\UnitTest\TestCases\third_person_tenses_active_negation.xml' specified by the test 'UnitTest.BnlpTest.third_person_tenses_active_negation': System.IO.DirectoryNotFoundException: Could not find a part of the path 'D:\software\Project\UnitTest\TestCases\third_person_tenses_active_negation.xml'.</Text>
        <Exception>System.IO.DirectoryNotFoundException: Could not find a part of the path 'D:\software\Project\UnitTest\TestCases\third_person_tenses_active_negation.xml'.
   at System.IO.__Error.WinIOError(Int32 errorCode, String maybeFullPath)
   at System.IO.File.GetAttributes(String path)
   at Microsoft.VisualStudio.TestTools.Common.SingleFileProvider.GetFilePaths()
   at Microsoft.VisualStudio.TestTools.TestManagement.DeploymentCoverageItem.GetFiles(TestRunConfiguration runConfig)
   at Microsoft.VisualStudio.TestTools.TestManagement.DeploymentManager.DoDeployment(TestRun run, FileCopyService fileCopyService)</Exception>
      </RunInfo>
      <RunInfo computerName="ARPAN-LAP" outcome="Warning" timestamp="2014-06-29T10:10:06.5458787+05:30">
        <Text>Warning: Test Run deployment issue: Failed to get the file for deployment item '..\UnitTest\TestCases\interrogative_sentences_do.xml' specified by the test 'UnitTest.BnlpTest.interrogative_sentences_do': System.IO.DirectoryNotFoundException: Could not find a part of the path 'D:\software\Project\UnitTest\TestCases\interrogative_sentences_do.xml'.</Text>
        <Exception>System.IO.DirectoryNotFoundException: Could not find a part of the path 'D:\software\Project\UnitTest\TestCases\interrogative_sentences_do.xml'.
   at System.IO.__Error.WinIOError(Int32 errorCode, String maybeFullPath)
   at System.IO.File.GetAttributes(String path)
   at Microsoft.VisualStudio.TestTools.Common.SingleFileProvider.GetFilePaths()
   at Microsoft.VisualStudio.TestTools.TestManagement.DeploymentCoverageItem.GetFiles(TestRunConfiguration runConfig)
   at Microsoft.VisualStudio.TestTools.TestManagement.DeploymentManager.DoDeployment(TestRun run, FileCopyService fileCopyService)</Exception>
      </RunInfo>
      <RunInfo computerName="ARPAN-LAP" outcome="Warning" timestamp="2014-06-29T10:10:06.5468787+05:30">
        <Text>Warning: Test Run deployment issue: Failed to get the file for deployment item '..\UnitTest\TestCases\auxiliary_verbs_as_main_verbs.xml' specified by the test 'UnitTest.BnlpTest.auxiliary_verbs_as_main_verbs': System.IO.DirectoryNotFoundException: Could not find a part of the path 'D:\software\Project\UnitTest\TestCases\auxiliary_verbs_as_main_verbs.xml'.</Text>
        <Exception>System.IO.DirectoryNotFoundException: Could not find a part of the path 'D:\software\Project\UnitTest\TestCases\auxiliary_verbs_as_main_verbs.xml'.
   at System.IO.__Error.WinIOError(Int32 errorCode, String maybeFullPath)
   at System.IO.File.GetAttributes(String path)
   at Microsoft.VisualStudio.TestTools.Common.SingleFileProvider.GetFilePaths()
   at Microsoft.VisualStudio.TestTools.TestManagement.DeploymentCoverageItem.GetFiles(TestRunConfiguration runConfig)
   at Microsoft.VisualStudio.TestTools.TestManagement.DeploymentManager.DoDeployment(TestRun run, FileCopyService fileCopyService)</Exception>
      </RunInfo>
      <RunInfo computerName="ARPAN-LAP" outcome="Warning" timestamp="2014-06-29T10:10:06.5478788+05:30">
        <Text>Warning: Test Run deployment issue: Failed to get the file for deployment item '..\UnitTest\TestCases\all_persons_tenses_passive_negation.xml' specified by the test 'UnitTest.BnlpTest.all_persons_tenses_passive_negation': System.IO.DirectoryNotFoundException: Could not find a part of the path 'D:\software\Project\UnitTest\TestCases\all_persons_tenses_passive_negation.xml'.</Text>
        <Exception>System.IO.DirectoryNotFoundException: Could not find a part of the path 'D:\software\Project\UnitTest\TestCases\all_persons_tenses_passive_negation.xml'.
   at System.IO.__Error.WinIOError(Int32 errorCode, String maybeFullPath)
   at System.IO.File.GetAttributes(String path)
   at Microsoft.VisualStudio.TestTools.Common.SingleFileProvider.GetFilePaths()
   at Microsoft.VisualStudio.TestTools.TestManagement.DeploymentCoverageItem.GetFiles(TestRunConfiguration runConfig)
   at Microsoft.VisualStudio.TestTools.TestManagement.DeploymentManager.DoDeployment(TestRun run, FileCopyService fileCopyService)</Exception>
      </RunInfo>
      <RunInfo computerName="ARPAN-LAP" outcome="Warning" timestamp="2014-06-29T10:10:06.5488788+05:30">
        <Text>Warning: Test Run deployment issue: Failed to get the file for deployment item '..\UnitTest\TestCases\prepositions_made_with_two_words.xml' specified by the test 'UnitTest.BnlpTest.prepositions_made_with_two_words': System.IO.DirectoryNotFoundException: Could not find a part of the path 'D:\software\Project\UnitTest\TestCases\prepositions_made_with_two_words.xml'.</Text>
        <Exception>System.IO.DirectoryNotFoundException: Could not find a part of the path 'D:\software\Project\UnitTest\TestCases\prepositions_made_with_two_words.xml'.
   at System.IO.__Error.WinIOError(Int32 errorCode, String maybeFullPath)
   at System.IO.File.GetAttributes(String path)
   at Microsoft.VisualStudio.TestTools.Common.SingleFileProvider.GetFilePaths()
   at Microsoft.VisualStudio.TestTools.TestManagement.DeploymentCoverageItem.GetFiles(TestRunConfiguration runConfig)
   at Microsoft.VisualStudio.TestTools.TestManagement.DeploymentManager.DoDeployment(TestRun run, FileCopyService fileCopyService)</Exception>
      </RunInfo>
      <RunInfo computerName="ARPAN-LAP" outcome="Warning" timestamp="2014-06-29T10:10:06.5498789+05:30">
        <Text>Warning: Test Run deployment issue: Failed to get the file for deployment item '..\UnitTest\TestCases\first_person_tenses_active.xml' specified by the test 'UnitTest.BnlpTest.first_person_tenses_active': System.IO.DirectoryNotFoundException: Could not find a part of the path 'D:\software\Project\UnitTest\TestCases\first_person_tenses_active.xml'.</Text>
        <Exception>System.IO.DirectoryNotFoundException: Could not find a part of the path 'D:\software\Project\UnitTest\TestCases\first_person_tenses_active.xml'.
   at System.IO.__Error.WinIOError(Int32 errorCode, String maybeFullPath)
   at System.IO.File.GetAttributes(String path)
   at Microsoft.VisualStudio.TestTools.Common.SingleFileProvider.GetFilePaths()
   at Microsoft.VisualStudio.TestTools.TestManagement.DeploymentCoverageItem.GetFiles(TestRunConfiguration runConfig)
   at Microsoft.VisualStudio.TestTools.TestManagement.DeploymentManager.DoDeployment(TestRun run, FileCopyService fileCopyService)</Exception>
      </RunInfo>
      <RunInfo computerName="ARPAN-LAP" outcome="Warning" timestamp="2014-06-29T10:10:06.5508789+05:30">
        <Text>Warning: Test Run deployment issue: Failed to get the file for deployment item '..\UnitTest\TestCases\interrogative_sentences_why.xml' specified by the test 'UnitTest.BnlpTest.interrogative_sentences_why': System.IO.DirectoryNotFoundException: Could not find a part of the path 'D:\software\Project\UnitTest\TestCases\interrogative_sentences_why.xml'.</Text>
        <Exception>System.IO.DirectoryNotFoundException: Could not find a part of the path 'D:\software\Project\UnitTest\TestCases\interrogative_sentences_why.xml'.
   at System.IO.__Error.WinIOError(Int32 errorCode, String maybeFullPath)
   at System.IO.File.GetAttributes(String path)
   at Microsoft.VisualStudio.TestTools.Common.SingleFileProvider.GetFilePaths()
   at Microsoft.VisualStudio.TestTools.TestManagement.DeploymentCoverageItem.GetFiles(TestRunConfiguration runConfig)
   at Microsoft.VisualStudio.TestTools.TestManagement.DeploymentManager.DoDeployment(TestRun run, FileCopyService fileCopyService)</Exception>
      </RunInfo>
      <RunInfo computerName="ARPAN-LAP" outcome="Warning" timestamp="2014-06-29T10:10:06.5518790+05:30">
        <Text>Warning: Test Run deployment issue: Failed to get the file for deployment item '..\UnitTest\TestCases\all_persons_modal_can_may.xml' specified by the test 'UnitTest.BnlpTest.all_persons_modal_can_may': System.IO.DirectoryNotFoundException: Could not find a part of the path 'D:\software\Project\UnitTest\TestCases\all_persons_modal_can_may.xml'.</Text>
        <Exception>System.IO.DirectoryNotFoundException: Could not find a part of the path 'D:\software\Project\UnitTest\TestCases\all_persons_modal_can_may.xml'.
   at System.IO.__Error.WinIOError(Int32 errorCode, String maybeFullPath)
   at System.IO.File.GetAttributes(String path)
   at Microsoft.VisualStudio.TestTools.Common.SingleFileProvider.GetFilePaths()
   at Microsoft.VisualStudio.TestTools.TestManagement.DeploymentCoverageItem.GetFiles(TestRunConfiguration runConfig)
   at Microsoft.VisualStudio.TestTools.TestManagement.DeploymentManager.DoDeployment(TestRun run, FileCopyService fileCopyService)</Exception>
      </RunInfo>
    </RunInfos>
  </ResultSummary>
  <TestDefinitions>
    <UnitTest name="prepositions_made_with_three_words" storage="d:\software\project\bnlp\unittest\bin\debug\unittest.dll" id="0f33848d-a900-d644-7498-2526887b5425">
      <DeploymentItems>
        <DeploymentItem filename="..\UnitTest\TestCases\prepositions_made_with_three_words.xml" />
      </DeploymentItems>
      <Execution id="047da429-5402-459d-bec3-d951992a1e96" />
      <TestMethod codeBase="D:/software/Project/BNLP/UnitTest/bin/Debug/UnitTest.DLL" adapterTypeName="Microsoft.VisualStudio.TestTools.TestTypes.Unit.UnitTestAdapter, Microsoft.VisualStudio.QualityTools.Tips.UnitTest.Adapter, Version=10.0.0.0, Culture=neutral, PublicKeyToken=b03f5f7f11d50a3a" className="UnitTest.BnlpTest, UnitTest, Version=1.0.0.0, Culture=neutral, PublicKeyToken=null" name="prepositions_made_with_three_words" />
      <DataSource connectionString="|DataDirectory|\TestCases\prepositions_made_with_three_words.xml" providerInvariantName="Microsoft.VisualStudio.TestTools.DataSource.XML" tableName="sentence" />
    </UnitTest>
    <UnitTest name="first_person_tenses_active" storage="d:\software\project\bnlp\unittest\bin\debug\unittest.dll" id="921e6ab0-d7c2-6005-e523-6fd2d5e1a723">
      <DeploymentItems>
        <DeploymentItem filename="..\UnitTest\TestCases\first_person_tenses_active.xml" />
      </DeploymentItems>
      <Execution id="af5f8c55-4777-40e7-900b-510bc6fcb5bd" />
      <TestMethod codeBase="D:/software/Project/BNLP/UnitTest/bin/Debug/UnitTest.DLL" adapterTypeName="Microsoft.VisualStudio.TestTools.TestTypes.Unit.UnitTestAdapter, Microsoft.VisualStudio.QualityTools.Tips.UnitTest.Adapter, Version=10.0.0.0, Culture=neutral, PublicKeyToken=b03f5f7f11d50a3a" className="UnitTest.BnlpTest, UnitTest, Version=1.0.0.0, Culture=neutral, PublicKeyToken=null" name="first_person_tenses_active" />
      <DataSource connectionString="|DataDirectory|\TestCases\first_person_tenses_active.xml" providerInvariantName="Microsoft.VisualStudio.TestTools.DataSource.XML" tableName="sentence" />
    </UnitTest>
    <UnitTest name="interrogative_sentences_what" storage="d:\software\project\bnlp\unittest\bin\debug\unittest.dll" id="7f7910d1-dc89-39b4-b4cf-d9e6d7af9420">
      <DeploymentItems>
        <DeploymentItem filename="..\UnitTest\TestCases\interrogative_sentences_what.xml" />
      </DeploymentItems>
      <Execution id="4bb8033e-caca-4040-bfe0-e6fc018f16f2" />
      <TestMethod codeBase="D:/software/Project/BNLP/UnitTest/bin/Debug/UnitTest.DLL" adapterTypeName="Microsoft.VisualStudio.TestTools.TestTypes.Unit.UnitTestAdapter, Microsoft.VisualStudio.QualityTools.Tips.UnitTest.Adapter, Version=10.0.0.0, Culture=neutral, PublicKeyToken=b03f5f7f11d50a3a" className="UnitTest.BnlpTest, UnitTest, Version=1.0.0.0, Culture=neutral, PublicKeyToken=null" name="interrogative_sentences_what" />
      <DataSource connectionString="|DataDirectory|\TestCases\interrogative_sentences_what.xml" providerInvariantName="Microsoft.VisualStudio.TestTools.DataSource.XML" tableName="sentence" />
    </UnitTest>
    <UnitTest name="all_persons_modal_should_negation" storage="d:\software\project\bnlp\unittest\bin\debug\unittest.dll" id="9319d01e-de3e-d310-c76e-cae8dce4c924">
      <DeploymentItems>
        <DeploymentItem filename="..\UnitTest\TestCases\all_persons_modal_should_negation.xml" />
      </DeploymentItems>
      <Execution id="846eb924-179d-4a7d-a539-f8a23335129a" />
      <TestMethod codeBase="D:/software/Project/BNLP/UnitTest/bin/Debug/UnitTest.DLL" adapterTypeName="Microsoft.VisualStudio.TestTools.TestTypes.Unit.UnitTestAdapter, Microsoft.VisualStudio.QualityTools.Tips.UnitTest.Adapter, Version=10.0.0.0, Culture=neutral, PublicKeyToken=b03f5f7f11d50a3a" className="UnitTest.BnlpTest, UnitTest, Version=1.0.0.0, Culture=neutral, PublicKeyToken=null" name="all_persons_modal_should_negation" />
      <DataSource connectionString="|DataDirectory|\TestCases\all_persons_modal_should_negation.xml" providerInvariantName="Microsoft.VisualStudio.TestTools.DataSource.XML" tableName="sentence" />
    </UnitTest>
    <UnitTest name="prepositions_made_with_two_words" storage="d:\software\project\bnlp\unittest\bin\debug\unittest.dll" id="0f337a75-1a2d-d9c3-6c5f-23ed2604b69d">
      <DeploymentItems>
        <DeploymentItem filename="..\UnitTest\TestCases\prepositions_made_with_two_words.xml" />
      </DeploymentItems>
      <Execution id="b70f7c81-8f5f-4dce-9752-77b4e07489bc" />
      <TestMethod codeBase="D:/software/Project/BNLP/UnitTest/bin/Debug/UnitTest.DLL" adapterTypeName="Microsoft.VisualStudio.TestTools.TestTypes.Unit.UnitTestAdapter, Microsoft.VisualStudio.QualityTools.Tips.UnitTest.Adapter, Version=10.0.0.0, Culture=neutral, PublicKeyToken=b03f5f7f11d50a3a" className="UnitTest.BnlpTest, UnitTest, Version=1.0.0.0, Culture=neutral, PublicKeyToken=null" name="prepositions_made_with_two_words" />
      <DataSource connectionString="|DataDirectory|\TestCases\prepositions_made_with_two_words.xml" providerInvariantName="Microsoft.VisualStudio.TestTools.DataSource.XML" tableName="sentence" />
    </UnitTest>
    <UnitTest name="interrogative_sentences_do" storage="d:\software\project\bnlp\unittest\bin\debug\unittest.dll" id="1d63c318-78a9-9011-f5c0-0b01884a2881">
      <DeploymentItems>
        <DeploymentItem filename="..\UnitTest\TestCases\interrogative_sentences_do.xml" />
      </DeploymentItems>
      <Execution id="92974fbe-1b1e-41a8-8f4a-43e6ffa12201" />
      <TestMethod codeBase="D:/software/Project/BNLP/UnitTest/bin/Debug/UnitTest.DLL" adapterTypeName="Microsoft.VisualStudio.TestTools.TestTypes.Unit.UnitTestAdapter, Microsoft.VisualStudio.QualityTools.Tips.UnitTest.Adapter, Version=10.0.0.0, Culture=neutral, PublicKeyToken=b03f5f7f11d50a3a" className="UnitTest.BnlpTest, UnitTest, Version=1.0.0.0, Culture=neutral, PublicKeyToken=null" name="interrogative_sentences_do" />
      <DataSource connectionString="|DataDirectory|\TestCases\interrogative_sentences_do.xml" providerInvariantName="Microsoft.VisualStudio.TestTools.DataSource.XML" tableName="sentence" />
    </UnitTest>
    <UnitTest name="all_persons_tenses_passive_negation" storage="d:\software\project\bnlp\unittest\bin\debug\unittest.dll" id="bdfe92b2-f4ac-73a5-f13d-5c1ea13721b4">
      <DeploymentItems>
        <DeploymentItem filename="..\UnitTest\TestCases\all_persons_tenses_passive_negation.xml" />
      </DeploymentItems>
      <Execution id="c864e213-8e33-4d5e-8d1d-21d7cac60baf" />
      <TestMethod codeBase="D:/software/Project/BNLP/UnitTest/bin/Debug/UnitTest.DLL" adapterTypeName="Microsoft.VisualStudio.TestTools.TestTypes.Unit.UnitTestAdapter, Microsoft.VisualStudio.QualityTools.Tips.UnitTest.Adapter, Version=10.0.0.0, Culture=neutral, PublicKeyToken=b03f5f7f11d50a3a" className="UnitTest.BnlpTest, UnitTest, Version=1.0.0.0, Culture=neutral, PublicKeyToken=null" name="all_persons_tenses_passive_negation" />
      <DataSource connectionString="|DataDirectory|\TestCases\all_persons_tenses_passive_negation.xml" providerInvariantName="Microsoft.VisualStudio.TestTools.DataSource.XML" tableName="sentence" />
    </UnitTest>
    <UnitTest name="third_person_tenses_active_negation" storage="d:\software\project\bnlp\unittest\bin\debug\unittest.dll" id="fe3e63ab-391c-e168-48d0-431b85a7b898">
      <DeploymentItems>
        <DeploymentItem filename="..\UnitTest\TestCases\third_person_tenses_active_negation.xml" />
      </DeploymentItems>
      <Execution id="d81fb44e-7546-4de9-99a6-044b7cbd0369" />
      <TestMethod codeBase="D:/software/Project/BNLP/UnitTest/bin/Debug/UnitTest.DLL" adapterTypeName="Microsoft.VisualStudio.TestTools.TestTypes.Unit.UnitTestAdapter, Microsoft.VisualStudio.QualityTools.Tips.UnitTest.Adapter, Version=10.0.0.0, Culture=neutral, PublicKeyToken=b03f5f7f11d50a3a" className="UnitTest.BnlpTest, UnitTest, Version=1.0.0.0, Culture=neutral, PublicKeyToken=null" name="third_person_tenses_active_negation" />
      <DataSource connectionString="|DataDirectory|\TestCases\third_person_tenses_active_negation.xml" providerInvariantName="Microsoft.VisualStudio.TestTools.DataSource.XML" tableName="sentence" />
    </UnitTest>
    <UnitTest name="all_persons_modal_should" storage="d:\software\project\bnlp\unittest\bin\debug\unittest.dll" id="783915fe-114a-e353-78dd-56e92a60f942">
      <DeploymentItems>
        <DeploymentItem filename="..\UnitTest\TestCases\all_persons_modal_should.xml" />
      </DeploymentItems>
      <Execution id="10e354a7-b7fd-413d-9706-f86db54b347a" />
      <TestMethod codeBase="D:/software/Project/BNLP/UnitTest/bin/Debug/UnitTest.DLL" adapterTypeName="Microsoft.VisualStudio.TestTools.TestTypes.Unit.UnitTestAdapter, Microsoft.VisualStudio.QualityTools.Tips.UnitTest.Adapter, Version=10.0.0.0, Culture=neutral, PublicKeyToken=b03f5f7f11d50a3a" className="UnitTest.BnlpTest, UnitTest, Version=1.0.0.0, Culture=neutral, PublicKeyToken=null" name="all_persons_modal_should" />
      <DataSource connectionString="|DataDirectory|\TestCases\all_persons_modal_should.xml" providerInvariantName="Microsoft.VisualStudio.TestTools.DataSource.XML" tableName="sentence" />
    </UnitTest>
    <UnitTest name="second_person_tenses_active" storage="d:\software\project\bnlp\unittest\bin\debug\unittest.dll" id="30ab3285-6a8c-14d2-9725-bd60892ccd90">
      <DeploymentItems>
        <DeploymentItem filename="..\UnitTest\TestCases\second_person_tenses_active.xml" />
      </DeploymentItems>
      <Execution id="64762895-91c5-4663-977b-cf8527d0eacc" />
      <TestMethod codeBase="D:/software/Project/BNLP/UnitTest/bin/Debug/UnitTest.DLL" adapterTypeName="Microsoft.VisualStudio.TestTools.TestTypes.Unit.UnitTestAdapter, Microsoft.VisualStudio.QualityTools.Tips.UnitTest.Adapter, Version=10.0.0.0, Culture=neutral, PublicKeyToken=b03f5f7f11d50a3a" className="UnitTest.BnlpTest, UnitTest, Version=1.0.0.0, Culture=neutral, PublicKeyToken=null" name="second_person_tenses_active" />
      <DataSource connectionString="|DataDirectory|\TestCases\second_person_tenses_active.xml" providerInvariantName="Microsoft.VisualStudio.TestTools.DataSource.XML" tableName="sentence" />
    </UnitTest>
    <UnitTest name="interrogative_sentences_who" storage="d:\software\project\bnlp\unittest\bin\debug\unittest.dll" id="32b5d279-0d23-e5ad-0301-234c8788f740">
      <DeploymentItems>
        <DeploymentItem filename="..\UnitTest\TestCases\interrogative_sentences_who.xml" />
      </DeploymentItems>
      <Execution id="4d1b9b60-bde6-4023-b5a7-1adb686066d9" />
      <TestMethod codeBase="D:/software/Project/BNLP/UnitTest/bin/Debug/UnitTest.DLL" adapterTypeName="Microsoft.VisualStudio.TestTools.TestTypes.Unit.UnitTestAdapter, Microsoft.VisualStudio.QualityTools.Tips.UnitTest.Adapter, Version=10.0.0.0, Culture=neutral, PublicKeyToken=b03f5f7f11d50a3a" className="UnitTest.BnlpTest, UnitTest, Version=1.0.0.0, Culture=neutral, PublicKeyToken=null" name="interrogative_sentences_who" />
      <DataSource connectionString="|DataDirectory|\TestCases\interrogative_sentences_who.xml" providerInvariantName="Microsoft.VisualStudio.TestTools.DataSource.XML" tableName="sentence" />
    </UnitTest>
    <UnitTest name="all_persons_modal_can_may" storage="d:\software\project\bnlp\unittest\bin\debug\unittest.dll" id="8fe5ccb3-a3f4-0f61-ad21-e94ef029e900">
      <DeploymentItems>
        <DeploymentItem filename="..\UnitTest\TestCases\all_persons_modal_can_may.xml" />
      </DeploymentItems>
      <Execution id="b7a71cab-d19a-4d8e-b2f3-422f0e6b7288" />
      <TestMethod codeBase="D:/software/Project/BNLP/UnitTest/bin/Debug/UnitTest.DLL" adapterTypeName="Microsoft.VisualStudio.TestTools.TestTypes.Unit.UnitTestAdapter, Microsoft.VisualStudio.QualityTools.Tips.UnitTest.Adapter, Version=10.0.0.0, Culture=neutral, PublicKeyToken=b03f5f7f11d50a3a" className="UnitTest.BnlpTest, UnitTest, Version=1.0.0.0, Culture=neutral, PublicKeyToken=null" name="all_persons_modal_can_may" />
      <DataSource connectionString="|DataDirectory|\TestCases\all_persons_modal_can_may.xml" providerInvariantName="Microsoft.VisualStudio.TestTools.DataSource.XML" tableName="sentence" />
    </UnitTest>
    <UnitTest name="interrogative_sentences_how" storage="d:\software\project\bnlp\unittest\bin\debug\unittest.dll" id="227f20ae-8e76-eb71-39b2-4ada3ce6aba8">
      <DeploymentItems>
        <DeploymentItem filename="..\UnitTest\TestCases\interrogative_sentences_how.xml" />
      </DeploymentItems>
      <Execution id="b34c7112-cc7c-40ab-9fa8-8f64725288e8" />
      <TestMethod codeBase="D:/software/Project/BNLP/UnitTest/bin/Debug/UnitTest.DLL" adapterTypeName="Microsoft.VisualStudio.TestTools.TestTypes.Unit.UnitTestAdapter, Microsoft.VisualStudio.QualityTools.Tips.UnitTest.Adapter, Version=10.0.0.0, Culture=neutral, PublicKeyToken=b03f5f7f11d50a3a" className="UnitTest.BnlpTest, UnitTest, Version=1.0.0.0, Culture=neutral, PublicKeyToken=null" name="interrogative_sentences_how" />
      <DataSource connectionString="|DataDirectory|\TestCases\interrogative_sentences_how.xml" providerInvariantName="Microsoft.VisualStudio.TestTools.DataSource.XML" tableName="sentence" />
    </UnitTest>
    <UnitTest name="all_persons_modal_can_may_negation" storage="d:\software\project\bnlp\unittest\bin\debug\unittest.dll" id="d03eb628-bf1f-c27d-aeef-e708d613d686">
      <DeploymentItems>
        <DeploymentItem filename="..\UnitTest\TestCases\all_persons_modal_can_may_negation.xml" />
      </DeploymentItems>
      <Execution id="cbcf7da2-44ae-436c-a07a-e97dfb1a27db" />
      <TestMethod codeBase="D:/software/Project/BNLP/UnitTest/bin/Debug/UnitTest.DLL" adapterTypeName="Microsoft.VisualStudio.TestTools.TestTypes.Unit.UnitTestAdapter, Microsoft.VisualStudio.QualityTools.Tips.UnitTest.Adapter, Version=10.0.0.0, Culture=neutral, PublicKeyToken=b03f5f7f11d50a3a" className="UnitTest.BnlpTest, UnitTest, Version=1.0.0.0, Culture=neutral, PublicKeyToken=null" name="all_persons_modal_can_may_negation" />
      <DataSource connectionString="|DataDirectory|\TestCases\all_persons_modal_can_may_negation.xml" providerInvariantName="Microsoft.VisualStudio.TestTools.DataSource.XML" tableName="sentence" />
    </UnitTest>
    <UnitTest name="RandomWord" storage="d:\software\project\bnlp\unittest\bin\debug\unittest.dll" id="642ce34f-0ed4-f995-637b-09297c832f2a">
      <DeploymentItems>
        <DeploymentItem filename="..\UnitTest\TestCases\wikipedia.xml" />
      </DeploymentItems>
      <Execution id="47b43fd6-04b0-4f43-b714-2b8245e66abe" />
      <TestMethod codeBase="D:/software/Project/BNLP/UnitTest/bin/Debug/UnitTest.DLL" adapterTypeName="Microsoft.VisualStudio.TestTools.TestTypes.Unit.UnitTestAdapter, Microsoft.VisualStudio.QualityTools.Tips.UnitTest.Adapter, Version=10.0.0.0, Culture=neutral, PublicKeyToken=b03f5f7f11d50a3a" className="UnitTest.BnlpTest, UnitTest, Version=1.0.0.0, Culture=neutral, PublicKeyToken=null" name="RandomWord" />
      <DataSource connectionString="|DataDirectory|\TestCases\wikipedia.xml" providerInvariantName="Microsoft.VisualStudio.TestTools.DataSource.XML" tableName="sentence" />
    </UnitTest>
    <UnitTest name="second_person_tenses_active_negation" storage="d:\software\project\bnlp\unittest\bin\debug\unittest.dll" id="83c68223-dcaa-51dd-423f-434210a59f77">
      <DeploymentItems>
        <DeploymentItem filename="..\UnitTest\TestCases\second_person_tenses_active_negation.xml" />
      </DeploymentItems>
      <Execution id="b042f100-22fd-4595-abb9-b5644db61d44" />
      <TestMethod codeBase="D:/software/Project/BNLP/UnitTest/bin/Debug/UnitTest.DLL" adapterTypeName="Microsoft.VisualStudio.TestTools.TestTypes.Unit.UnitTestAdapter, Microsoft.VisualStudio.QualityTools.Tips.UnitTest.Adapter, Version=10.0.0.0, Culture=neutral, PublicKeyToken=b03f5f7f11d50a3a" className="UnitTest.BnlpTest, UnitTest, Version=1.0.0.0, Culture=neutral, PublicKeyToken=null" name="second_person_tenses_active_negation" />
      <DataSource connectionString="|DataDirectory|\TestCases\second_person_tenses_active_negation.xml" providerInvariantName="Microsoft.VisualStudio.TestTools.DataSource.XML" tableName="sentence" />
    </UnitTest>
    <UnitTest name="interrogative_sentences_why" storage="d:\software\project\bnlp\unittest\bin\debug\unittest.dll" id="1b04a6d6-5350-792c-8eba-a46a0eb28949">
      <DeploymentItems>
        <DeploymentItem filename="..\UnitTest\TestCases\interrogative_sentences_why.xml" />
      </DeploymentItems>
      <Execution id="2662acfb-73a0-4fbe-8733-d61c0e580e5c" />
      <TestMethod codeBase="D:/software/Project/BNLP/UnitTest/bin/Debug/UnitTest.DLL" adapterTypeName="Microsoft.VisualStudio.TestTools.TestTypes.Unit.UnitTestAdapter, Microsoft.VisualStudio.QualityTools.Tips.UnitTest.Adapter, Version=10.0.0.0, Culture=neutral, PublicKeyToken=b03f5f7f11d50a3a" className="UnitTest.BnlpTest, UnitTest, Version=1.0.0.0, Culture=neutral, PublicKeyToken=null" name="interrogative_sentences_why" />
      <DataSource connectionString="|DataDirectory|\TestCases\interrogative_sentences_why.xml" providerInvariantName="Microsoft.VisualStudio.TestTools.DataSource.XML" tableName="sentence" />
    </UnitTest>
    <UnitTest name="interrogative_sentences_which" storage="d:\software\project\bnlp\unittest\bin\debug\unittest.dll" id="97a1371f-e8e6-db3e-323e-49ffeef32df1">
      <DeploymentItems>
        <DeploymentItem filename="..\UnitTest\TestCases\interrogative_sentences_which.xml" />
      </DeploymentItems>
      <Execution id="b115af96-2e1d-4752-bab7-fe0f0b367a48" />
      <TestMethod codeBase="D:/software/Project/BNLP/UnitTest/bin/Debug/UnitTest.DLL" adapterTypeName="Microsoft.VisualStudio.TestTools.TestTypes.Unit.UnitTestAdapter, Microsoft.VisualStudio.QualityTools.Tips.UnitTest.Adapter, Version=10.0.0.0, Culture=neutral, PublicKeyToken=b03f5f7f11d50a3a" className="UnitTest.BnlpTest, UnitTest, Version=1.0.0.0, Culture=neutral, PublicKeyToken=null" name="interrogative_sentences_which" />
      <DataSource connectionString="|DataDirectory|\TestCases\interrogative_sentences_which.xml" providerInvariantName="Microsoft.VisualStudio.TestTools.DataSource.XML" tableName="sentence" />
    </UnitTest>
    <UnitTest name="third_person_tenses_active" storage="d:\software\project\bnlp\unittest\bin\debug\unittest.dll" id="0bc2f98c-98f5-f190-c78c-c00d94c547a1">
      <DeploymentItems>
        <DeploymentItem filename="..\UnitTest\TestCases\third_person_tenses_active.xml" />
      </DeploymentItems>
      <Execution id="e3e261f6-ed2e-44b4-a746-fbe4c51b9f16" />
      <TestMethod codeBase="D:/software/Project/BNLP/UnitTest/bin/Debug/UnitTest.DLL" adapterTypeName="Microsoft.VisualStudio.TestTools.TestTypes.Unit.UnitTestAdapter, Microsoft.VisualStudio.QualityTools.Tips.UnitTest.Adapter, Version=10.0.0.0, Culture=neutral, PublicKeyToken=b03f5f7f11d50a3a" className="UnitTest.BnlpTest, UnitTest, Version=1.0.0.0, Culture=neutral, PublicKeyToken=null" name="third_person_tenses_active" />
      <DataSource connectionString="|DataDirectory|\TestCases\third_person_tenses_active.xml" providerInvariantName="Microsoft.VisualStudio.TestTools.DataSource.XML" tableName="sentence" />
    </UnitTest>
    <UnitTest name="auxiliary_verbs_as_main_verbs" storage="d:\software\project\bnlp\unittest\bin\debug\unittest.dll" id="c79146bc-2376-961a-5de9-441b5dfc7188">
      <DeploymentItems>
        <DeploymentItem filename="..\UnitTest\TestCases\auxiliary_verbs_as_main_verbs.xml" />
      </DeploymentItems>
      <Execution id="844da9fe-fd8e-4f44-9160-914db2c34399" />
      <TestMethod codeBase="D:/software/Project/BNLP/UnitTest/bin/Debug/UnitTest.DLL" adapterTypeName="Microsoft.VisualStudio.TestTools.TestTypes.Unit.UnitTestAdapter, Microsoft.VisualStudio.QualityTools.Tips.UnitTest.Adapter, Version=10.0.0.0, Culture=neutral, PublicKeyToken=b03f5f7f11d50a3a" className="UnitTest.BnlpTest, UnitTest, Version=1.0.0.0, Culture=neutral, PublicKeyToken=null" name="auxiliary_verbs_as_main_verbs" />
      <DataSource connectionString="|DataDirectory|\TestCases\auxiliary_verbs_as_main_verbs.xml" providerInvariantName="Microsoft.VisualStudio.TestTools.DataSource.XML" tableName="sentence" />
    </UnitTest>
    <UnitTest name="special_handling_do_verb" storage="d:\software\project\bnlp\unittest\bin\debug\unittest.dll" id="533e7939-123c-ce84-5c5c-d5a21d1d95b9">
      <DeploymentItems>
        <DeploymentItem filename="..\UnitTest\TestCases\special_handling_do_verb.xml" />
      </DeploymentItems>
      <Execution id="1b02b2f6-f6a9-495f-af7f-5f3f7a9c6d8c" />
      <TestMethod codeBase="D:/software/Project/BNLP/UnitTest/bin/Debug/UnitTest.DLL" adapterTypeName="Microsoft.VisualStudio.TestTools.TestTypes.Unit.UnitTestAdapter, Microsoft.VisualStudio.QualityTools.Tips.UnitTest.Adapter, Version=10.0.0.0, Culture=neutral, PublicKeyToken=b03f5f7f11d50a3a" className="UnitTest.BnlpTest, UnitTest, Version=1.0.0.0, Culture=neutral, PublicKeyToken=null" name="special_handling_do_verb" />
      <DataSource connectionString="|DataDirectory|\TestCases\special_handling_do_verb.xml" providerInvariantName="Microsoft.VisualStudio.TestTools.DataSource.XML" tableName="sentence" />
    </UnitTest>
    <UnitTest name="interrogative_sentences_whom" storage="d:\software\project\bnlp\unittest\bin\debug\unittest.dll" id="4e91a3b9-9eae-ebff-0b97-303f00578a78">
      <DeploymentItems>
        <DeploymentItem filename="..\UnitTest\TestCases\interrogative_sentences_whom.xml" />
      </DeploymentItems>
      <Execution id="f0bd2a92-de08-489a-be52-0a96700c3231" />
      <TestMethod codeBase="D:/software/Project/BNLP/UnitTest/bin/Debug/UnitTest.DLL" adapterTypeName="Microsoft.VisualStudio.TestTools.TestTypes.Unit.UnitTestAdapter, Microsoft.VisualStudio.QualityTools.Tips.UnitTest.Adapter, Version=10.0.0.0, Culture=neutral, PublicKeyToken=b03f5f7f11d50a3a" className="UnitTest.BnlpTest, UnitTest, Version=1.0.0.0, Culture=neutral, PublicKeyToken=null" name="interrogative_sentences_whom" />
      <DataSource connectionString="|DataDirectory|\TestCases\interrogative_sentences_whom.xml" providerInvariantName="Microsoft.VisualStudio.TestTools.DataSource.XML" tableName="sentence" />
    </UnitTest>
    <UnitTest name="interrogative_sentences_where" storage="d:\software\project\bnlp\unittest\bin\debug\unittest.dll" id="b9261b51-b0a2-10e2-9308-22bb2624de8b">
      <DeploymentItems>
        <DeploymentItem filename="..\UnitTest\TestCases\interrogative_sentences_where.xml" />
      </DeploymentItems>
      <Execution id="7cd59822-90fb-4aa7-90e7-2b6c68053afb" />
      <TestMethod codeBase="D:/software/Project/BNLP/UnitTest/bin/Debug/UnitTest.DLL" adapterTypeName="Microsoft.VisualStudio.TestTools.TestTypes.Unit.UnitTestAdapter, Microsoft.VisualStudio.QualityTools.Tips.UnitTest.Adapter, Version=10.0.0.0, Culture=neutral, PublicKeyToken=b03f5f7f11d50a3a" className="UnitTest.BnlpTest, UnitTest, Version=1.0.0.0, Culture=neutral, PublicKeyToken=null" name="interrogative_sentences_where" />
      <DataSource connectionString="|DataDirectory|\TestCases\interrogative_sentences_where.xml" providerInvariantName="Microsoft.VisualStudio.TestTools.DataSource.XML" tableName="sentence" />
    </UnitTest>
    <UnitTest name="interrogative_sentences_aux" storage="d:\software\project\bnlp\unittest\bin\debug\unittest.dll" id="39dcb97e-c73f-c645-a77c-64d9eba0a3a3">
      <DeploymentItems>
        <DeploymentItem filename="..\UnitTest\TestCases\interrogative_sentences_aux.xml" />
      </DeploymentItems>
      <Execution id="5e6f3c84-86b0-4116-85d1-baa68b30863e" />
      <TestMethod codeBase="D:/software/Project/BNLP/UnitTest/bin/Debug/UnitTest.DLL" adapterTypeName="Microsoft.VisualStudio.TestTools.TestTypes.Unit.UnitTestAdapter, Microsoft.VisualStudio.QualityTools.Tips.UnitTest.Adapter, Version=10.0.0.0, Culture=neutral, PublicKeyToken=b03f5f7f11d50a3a" className="UnitTest.BnlpTest, UnitTest, Version=1.0.0.0, Culture=neutral, PublicKeyToken=null" name="interrogative_sentences_aux" />
      <DataSource connectionString="|DataDirectory|\TestCases\interrogative_sentences_aux.xml" providerInvariantName="Microsoft.VisualStudio.TestTools.DataSource.XML" tableName="sentence" />
    </UnitTest>
    <UnitTest name="all_persons_tenses_passive" storage="d:\software\project\bnlp\unittest\bin\debug\unittest.dll" id="d766a059-d96c-7b47-e6a6-34931760df96">
      <DeploymentItems>
        <DeploymentItem filename="..\UnitTest\TestCases\all_persons_tenses_passive.xml" />
      </DeploymentItems>
      <Execution id="3825354b-b981-4cfd-a9b7-475e85c1e214" />
      <TestMethod codeBase="D:/software/Project/BNLP/UnitTest/bin/Debug/UnitTest.DLL" adapterTypeName="Microsoft.VisualStudio.TestTools.TestTypes.Unit.UnitTestAdapter, Microsoft.VisualStudio.QualityTools.Tips.UnitTest.Adapter, Version=10.0.0.0, Culture=neutral, PublicKeyToken=b03f5f7f11d50a3a" className="UnitTest.BnlpTest, UnitTest, Version=1.0.0.0, Culture=neutral, PublicKeyToken=null" name="all_persons_tenses_passive" />
      <DataSource connectionString="|DataDirectory|\TestCases\all_persons_tenses_passive.xml" providerInvariantName="Microsoft.VisualStudio.TestTools.DataSource.XML" tableName="sentence" />
    </UnitTest>
    <UnitTest name="first_person_tenses_active_negation" storage="d:\software\project\bnlp\unittest\bin\debug\unittest.dll" id="15fe5bf6-5078-81a8-0356-385549390bb7">
      <DeploymentItems>
        <DeploymentItem filename="..\UnitTest\TestCases\first_person_tenses_active_negation.xml" />
      </DeploymentItems>
      <Execution id="6cda4ee1-c0eb-4f4c-adcc-99d79c13a0d3" />
      <TestMethod codeBase="D:/software/Project/BNLP/UnitTest/bin/Debug/UnitTest.DLL" adapterTypeName="Microsoft.VisualStudio.TestTools.TestTypes.Unit.UnitTestAdapter, Microsoft.VisualStudio.QualityTools.Tips.UnitTest.Adapter, Version=10.0.0.0, Culture=neutral, PublicKeyToken=b03f5f7f11d50a3a" className="UnitTest.BnlpTest, UnitTest, Version=1.0.0.0, Culture=neutral, PublicKeyToken=null" name="first_person_tenses_active_negation" />
      <DataSource connectionString="|DataDirectory|\TestCases\first_person_tenses_active_negation.xml" providerInvariantName="Microsoft.VisualStudio.TestTools.DataSource.XML" tableName="sentence" />
    </UnitTest>
  </TestDefinitions>
  <TestLists>
    <TestList name="Results Not in a List" id="8c84fa94-04c1-424b-9868-57a2d4851a1d" />
    <TestList name="All Loaded Results" id="19431567-8539-422a-85d7-44ee4e166bda" />
  </TestLists>
  <TestEntries>
    <TestEntry testId="0bc2f98c-98f5-f190-c78c-c00d94c547a1" executionId="e3e261f6-ed2e-44b4-a746-fbe4c51b9f16" testListId="8c84fa94-04c1-424b-9868-57a2d4851a1d" />
    <TestEntry testId="0f337a75-1a2d-d9c3-6c5f-23ed2604b69d" executionId="b70f7c81-8f5f-4dce-9752-77b4e07489bc" testListId="8c84fa94-04c1-424b-9868-57a2d4851a1d" />
    <TestEntry testId="0f33848d-a900-d644-7498-2526887b5425" executionId="047da429-5402-459d-bec3-d951992a1e96" testListId="8c84fa94-04c1-424b-9868-57a2d4851a1d" />
    <TestEntry testId="15fe5bf6-5078-81a8-0356-385549390bb7" executionId="6cda4ee1-c0eb-4f4c-adcc-99d79c13a0d3" testListId="8c84fa94-04c1-424b-9868-57a2d4851a1d" />
    <TestEntry testId="1b04a6d6-5350-792c-8eba-a46a0eb28949" executionId="2662acfb-73a0-4fbe-8733-d61c0e580e5c" testListId="8c84fa94-04c1-424b-9868-57a2d4851a1d" />
    <TestEntry testId="1d63c318-78a9-9011-f5c0-0b01884a2881" executionId="92974fbe-1b1e-41a8-8f4a-43e6ffa12201" testListId="8c84fa94-04c1-424b-9868-57a2d4851a1d" />
    <TestEntry testId="227f20ae-8e76-eb71-39b2-4ada3ce6aba8" executionId="b34c7112-cc7c-40ab-9fa8-8f64725288e8" testListId="8c84fa94-04c1-424b-9868-57a2d4851a1d" />
    <TestEntry testId="30ab3285-6a8c-14d2-9725-bd60892ccd90" executionId="64762895-91c5-4663-977b-cf8527d0eacc" testListId="8c84fa94-04c1-424b-9868-57a2d4851a1d" />
    <TestEntry testId="32b5d279-0d23-e5ad-0301-234c8788f740" executionId="4d1b9b60-bde6-4023-b5a7-1adb686066d9" testListId="8c84fa94-04c1-424b-9868-57a2d4851a1d" />
    <TestEntry testId="39dcb97e-c73f-c645-a77c-64d9eba0a3a3" executionId="5e6f3c84-86b0-4116-85d1-baa68b30863e" testListId="8c84fa94-04c1-424b-9868-57a2d4851a1d" />
    <TestEntry testId="4e91a3b9-9eae-ebff-0b97-303f00578a78" executionId="f0bd2a92-de08-489a-be52-0a96700c3231" testListId="8c84fa94-04c1-424b-9868-57a2d4851a1d" />
    <TestEntry testId="533e7939-123c-ce84-5c5c-d5a21d1d95b9" executionId="1b02b2f6-f6a9-495f-af7f-5f3f7a9c6d8c" testListId="8c84fa94-04c1-424b-9868-57a2d4851a1d" />
    <TestEntry testId="642ce34f-0ed4-f995-637b-09297c832f2a" executionId="47b43fd6-04b0-4f43-b714-2b8245e66abe" testListId="8c84fa94-04c1-424b-9868-57a2d4851a1d" />
    <TestEntry testId="783915fe-114a-e353-78dd-56e92a60f942" executionId="10e354a7-b7fd-413d-9706-f86db54b347a" testListId="8c84fa94-04c1-424b-9868-57a2d4851a1d" />
    <TestEntry testId="7f7910d1-dc89-39b4-b4cf-d9e6d7af9420" executionId="4bb8033e-caca-4040-bfe0-e6fc018f16f2" testListId="8c84fa94-04c1-424b-9868-57a2d4851a1d" />
    <TestEntry testId="83c68223-dcaa-51dd-423f-434210a59f77" executionId="b042f100-22fd-4595-abb9-b5644db61d44" testListId="8c84fa94-04c1-424b-9868-57a2d4851a1d" />
    <TestEntry testId="8fe5ccb3-a3f4-0f61-ad21-e94ef029e900" executionId="b7a71cab-d19a-4d8e-b2f3-422f0e6b7288" testListId="8c84fa94-04c1-424b-9868-57a2d4851a1d" />
    <TestEntry testId="921e6ab0-d7c2-6005-e523-6fd2d5e1a723" executionId="af5f8c55-4777-40e7-900b-510bc6fcb5bd" testListId="8c84fa94-04c1-424b-9868-57a2d4851a1d" />
    <TestEntry testId="9319d01e-de3e-d310-c76e-cae8dce4c924" executionId="846eb924-179d-4a7d-a539-f8a23335129a" testListId="8c84fa94-04c1-424b-9868-57a2d4851a1d" />
    <TestEntry testId="97a1371f-e8e6-db3e-323e-49ffeef32df1" executionId="b115af96-2e1d-4752-bab7-fe0f0b367a48" testListId="8c84fa94-04c1-424b-9868-57a2d4851a1d" />
    <TestEntry testId="b9261b51-b0a2-10e2-9308-22bb2624de8b" executionId="7cd59822-90fb-4aa7-90e7-2b6c68053afb" testListId="8c84fa94-04c1-424b-9868-57a2d4851a1d" />
    <TestEntry testId="bdfe92b2-f4ac-73a5-f13d-5c1ea13721b4" executionId="c864e213-8e33-4d5e-8d1d-21d7cac60baf" testListId="8c84fa94-04c1-424b-9868-57a2d4851a1d" />
    <TestEntry testId="c79146bc-2376-961a-5de9-441b5dfc7188" executionId="844da9fe-fd8e-4f44-9160-914db2c34399" testListId="8c84fa94-04c1-424b-9868-57a2d4851a1d" />
    <TestEntry testId="d03eb628-bf1f-c27d-aeef-e708d613d686" executionId="cbcf7da2-44ae-436c-a07a-e97dfb1a27db" testListId="8c84fa94-04c1-424b-9868-57a2d4851a1d" />
    <TestEntry testId="d766a059-d96c-7b47-e6a6-34931760df96" executionId="3825354b-b981-4cfd-a9b7-475e85c1e214" testListId="8c84fa94-04c1-424b-9868-57a2d4851a1d" />
    <TestEntry testId="fe3e63ab-391c-e168-48d0-431b85a7b898" executionId="d81fb44e-7546-4de9-99a6-044b7cbd0369" testListId="8c84fa94-04c1-424b-9868-57a2d4851a1d" />
  </TestEntries>
  <Results>
    <UnitTestResult executionId="e3e261f6-ed2e-44b4-a746-fbe4c51b9f16" testId="0bc2f98c-98f5-f190-c78c-c00d94c547a1" testName="third_person_tenses_active" computerName="ARPAN-LAP" duration="00:00:14.5725483" startTime="2014-06-29T10:10:08.6439987+05:30" endTime="2014-06-29T10:10:24.6809159+05:30" testType="13cdc9d9-ddb5-4fa4-a97d-d965ccfc6d4b" outcome="Passed" testListId="8c84fa94-04c1-424b-9868-57a2d4851a1d" relativeResultsDirectory="e3e261f6-ed2e-44b4-a746-fbe4c51b9f16" resultType="DataDrivenTest">
      <Counters error="0" failed="0" timeout="0" aborted="0" inconclusive="0" passedButRunAborted="0" notRunnable="0" notExecuted="0" disconnected="0" warning="0" passed="10" completed="0" inProgress="0" pending="0" />
      <InnerResults>
        <UnitTestResult executionId="c8e14cd5-8f6e-4b63-b38e-e853b788a1aa" parentExecutionId="e3e261f6-ed2e-44b4-a746-fbe4c51b9f16" testId="0bc2f98c-98f5-f190-c78c-c00d94c547a1" testName="third_person_tenses_active" computerName="ARPAN-LAP" duration="00:00:13.4341119" startTime="2014-06-29T10:10:10.4050994+05:30" endTime="2014-06-29T10:10:23.9378734+05:30" testType="13cdc9d9-ddb5-4fa4-a97d-d965ccfc6d4b" outcome="Passed" testListId="8c84fa94-04c1-424b-9868-57a2d4851a1d" relativeResultsDirectory="e3e261f6-ed2e-44b4-a746-fbe4c51b9f16" dataRowInfo="0" resultType="DataDrivenDataRow" />
        <UnitTestResult executionId="ca2ee7f0-e163-4722-a6a8-daf62a29843b" parentExecutionId="e3e261f6-ed2e-44b4-a746-fbe4c51b9f16" testId="0bc2f98c-98f5-f190-c78c-c00d94c547a1" testName="third_person_tenses_active" computerName="ARPAN-LAP" duration="00:00:00.0315986" startTime="2014-06-29T10:10:23.9378734+05:30" endTime="2014-06-29T10:10:23.9698753+05:30" testType="13cdc9d9-ddb5-4fa4-a97d-d965ccfc6d4b" outcome="Passed" testListId="8c84fa94-04c1-424b-9868-57a2d4851a1d" relativeResultsDirectory="e3e261f6-ed2e-44b4-a746-fbe4c51b9f16" dataRowInfo="1" resultType="DataDrivenDataRow" />
        <UnitTestResult executionId="363842a3-e848-444a-8b31-8c2f65e2aa97" parentExecutionId="e3e261f6-ed2e-44b4-a746-fbe4c51b9f16" testId="0bc2f98c-98f5-f190-c78c-c00d94c547a1" testName="third_person_tenses_active" computerName="ARPAN-LAP" duration="00:00:00.4331110" startTime="2014-06-29T10:10:23.9698753+05:30" endTime="2014-06-29T10:10:24.4029000+05:30" testType="13cdc9d9-ddb5-4fa4-a97d-d965ccfc6d4b" outcome="Passed" testListId="8c84fa94-04c1-424b-9868-57a2d4851a1d" relativeResultsDirectory="e3e261f6-ed2e-44b4-a746-fbe4c51b9f16" dataRowInfo="2" resultType="DataDrivenDataRow" />
        <UnitTestResult executionId="cf9d6ee9-ef79-4709-99e2-d2c0a2cbd06b" parentExecutionId="e3e261f6-ed2e-44b4-a746-fbe4c51b9f16" testId="0bc2f98c-98f5-f190-c78c-c00d94c547a1" testName="third_person_tenses_active" computerName="ARPAN-LAP" duration="00:00:00.0389461" startTime="2014-06-29T10:10:24.4029000+05:30" endTime="2014-06-29T10:10:24.4419023+05:30" testType="13cdc9d9-ddb5-4fa4-a97d-d965ccfc6d4b" outcome="Passed" testListId="8c84fa94-04c1-424b-9868-57a2d4851a1d" relativeResultsDirectory="e3e261f6-ed2e-44b4-a746-fbe4c51b9f16" dataRowInfo="3" resultType="DataDrivenDataRow" />
        <UnitTestResult executionId="536d19f5-75b7-4d61-8332-7ecdda3c6fb4" parentExecutionId="e3e261f6-ed2e-44b4-a746-fbe4c51b9f16" testId="0bc2f98c-98f5-f190-c78c-c00d94c547a1" testName="third_person_tenses_active" computerName="ARPAN-LAP" duration="00:00:00.0158786" startTime="2014-06-29T10:10:24.4419023+05:30" endTime="2014-06-29T10:10:24.4579032+05:30" testType="13cdc9d9-ddb5-4fa4-a97d-d965ccfc6d4b" outcome="Passed" testListId="8c84fa94-04c1-424b-9868-57a2d4851a1d" relativeResultsDirectory="e3e261f6-ed2e-44b4-a746-fbe4c51b9f16" dataRowInfo="4" resultType="DataDrivenDataRow" />
        <UnitTestResult executionId="dc70dedc-8fb4-4000-85d6-62f69375d3fd" parentExecutionId="e3e261f6-ed2e-44b4-a746-fbe4c51b9f16" testId="0bc2f98c-98f5-f190-c78c-c00d94c547a1" testName="third_person_tenses_active" computerName="ARPAN-LAP" duration="00:00:00.0319235" startTime="2014-06-29T10:10:24.4579032+05:30" endTime="2014-06-29T10:10:24.4899050+05:30" testType="13cdc9d9-ddb5-4fa4-a97d-d965ccfc6d4b" outcome="Passed" testListId="8c84fa94-04c1-424b-9868-57a2d4851a1d" relativeResultsDirectory="e3e261f6-ed2e-44b4-a746-fbe4c51b9f16" dataRowInfo="5" resultType="DataDrivenDataRow" />
        <UnitTestResult executionId="4aec2a24-baf7-4a35-b1e0-8a55e4b0a0ca" parentExecutionId="e3e261f6-ed2e-44b4-a746-fbe4c51b9f16" testId="0bc2f98c-98f5-f190-c78c-c00d94c547a1" testName="third_person_tenses_active" computerName="ARPAN-LAP" duration="00:00:00.0178377" startTime="2014-06-29T10:10:24.4899050+05:30" endTime="2014-06-29T10:10:24.5079060+05:30" testType="13cdc9d9-ddb5-4fa4-a97d-d965ccfc6d4b" outcome="Passed" testListId="8c84fa94-04c1-424b-9868-57a2d4851a1d" relativeResultsDirectory="e3e261f6-ed2e-44b4-a746-fbe4c51b9f16" dataRowInfo="6" resultType="DataDrivenDataRow" />
        <UnitTestResult executionId="bb9ce772-85b5-49af-abb9-b2abcfbab6b3" parentExecutionId="e3e261f6-ed2e-44b4-a746-fbe4c51b9f16" testId="0bc2f98c-98f5-f190-c78c-c00d94c547a1" testName="third_person_tenses_active" computerName="ARPAN-LAP" duration="00:00:00.0456340" startTime="2014-06-29T10:10:24.5079060+05:30" endTime="2014-06-29T10:10:24.5539087+05:30" testType="13cdc9d9-ddb5-4fa4-a97d-d965ccfc6d4b" outcome="Passed" testListId="8c84fa94-04c1-424b-9868-57a2d4851a1d" relativeResultsDirectory="e3e261f6-ed2e-44b4-a746-fbe4c51b9f16" dataRowInfo="7" resultType="DataDrivenDataRow" />
        <UnitTestResult executionId="0d91fc7c-8e43-4193-bd54-65c727a25952" parentExecutionId="e3e261f6-ed2e-44b4-a746-fbe4c51b9f16" testId="0bc2f98c-98f5-f190-c78c-c00d94c547a1" testName="third_person_tenses_active" computerName="ARPAN-LAP" duration="00:00:00.0206864" startTime="2014-06-29T10:10:24.5539087+05:30" endTime="2014-06-29T10:10:24.5739098+05:30" testType="13cdc9d9-ddb5-4fa4-a97d-d965ccfc6d4b" outcome="Passed" testListId="8c84fa94-04c1-424b-9868-57a2d4851a1d" relativeResultsDirectory="e3e261f6-ed2e-44b4-a746-fbe4c51b9f16" dataRowInfo="8" resultType="DataDrivenDataRow" />
        <UnitTestResult executionId="2ee86f6d-b578-4a62-b274-d82d3e9b358f" parentExecutionId="e3e261f6-ed2e-44b4-a746-fbe4c51b9f16" testId="0bc2f98c-98f5-f190-c78c-c00d94c547a1" testName="third_person_tenses_active" computerName="ARPAN-LAP" duration="00:00:00.0237419" startTime="2014-06-29T10:10:24.5739098+05:30" endTime="2014-06-29T10:10:24.5979112+05:30" testType="13cdc9d9-ddb5-4fa4-a97d-d965ccfc6d4b" outcome="Passed" testListId="8c84fa94-04c1-424b-9868-57a2d4851a1d" relativeResultsDirectory="e3e261f6-ed2e-44b4-a746-fbe4c51b9f16" dataRowInfo="9" resultType="DataDrivenDataRow" />
      </InnerResults>
    </UnitTestResult>
    <UnitTestResult executionId="b70f7c81-8f5f-4dce-9752-77b4e07489bc" testId="0f337a75-1a2d-d9c3-6c5f-23ed2604b69d" testName="prepositions_made_with_two_words" computerName="ARPAN-LAP" duration="00:00:00.2273978" startTime="2014-06-29T10:10:24.6909165+05:30" endTime="2014-06-29T10:10:24.9889335+05:30" testType="13cdc9d9-ddb5-4fa4-a97d-d965ccfc6d4b" outcome="Passed" testListId="8c84fa94-04c1-424b-9868-57a2d4851a1d" relativeResultsDirectory="b70f7c81-8f5f-4dce-9752-77b4e07489bc" resultType="DataDrivenTest">
      <Counters error="0" failed="0" timeout="0" aborted="0" inconclusive="0" passedButRunAborted="0" notRunnable="0" notExecuted="0" disconnected="0" warning="0" passed="3" completed="0" inProgress="0" pending="0" />
      <InnerResults>
        <UnitTestResult executionId="b4dfe299-d65f-40b3-9d81-3d40fcf5c4d9" parentExecutionId="b70f7c81-8f5f-4dce-9752-77b4e07489bc" testId="0f337a75-1a2d-d9c3-6c5f-23ed2604b69d" testName="prepositions_made_with_two_words" computerName="ARPAN-LAP" duration="00:00:00.0563578" startTime="2014-06-29T10:10:24.8249242+05:30" endTime="2014-06-29T10:10:24.8809274+05:30" testType="13cdc9d9-ddb5-4fa4-a97d-d965ccfc6d4b" outcome="Passed" testListId="8c84fa94-04c1-424b-9868-57a2d4851a1d" relativeResultsDirectory="b70f7c81-8f5f-4dce-9752-77b4e07489bc" dataRowInfo="0" resultType="DataDrivenDataRow" />
        <UnitTestResult executionId="f7011953-2245-492d-a17e-8cd92463b47e" parentExecutionId="b70f7c81-8f5f-4dce-9752-77b4e07489bc" testId="0f337a75-1a2d-d9c3-6c5f-23ed2604b69d" testName="prepositions_made_with_two_words" computerName="ARPAN-LAP" duration="00:00:00.0472411" startTime="2014-06-29T10:10:24.8809274+05:30" endTime="2014-06-29T10:10:24.9279301+05:30" testType="13cdc9d9-ddb5-4fa4-a97d-d965ccfc6d4b" outcome="Passed" testListId="8c84fa94-04c1-424b-9868-57a2d4851a1d" relativeResultsDirectory="b70f7c81-8f5f-4dce-9752-77b4e07489bc" dataRowInfo="1" resultType="DataDrivenDataRow" />
        <UnitTestResult executionId="8aa8673a-c69c-4ecb-adc9-20d71d3d1874" parentExecutionId="b70f7c81-8f5f-4dce-9752-77b4e07489bc" testId="0f337a75-1a2d-d9c3-6c5f-23ed2604b69d" testName="prepositions_made_with_two_words" computerName="ARPAN-LAP" duration="00:00:00.0480726" startTime="2014-06-29T10:10:24.9279301+05:30" endTime="2014-06-29T10:10:24.9759328+05:30" testType="13cdc9d9-ddb5-4fa4-a97d-d965ccfc6d4b" outcome="Passed" testListId="8c84fa94-04c1-424b-9868-57a2d4851a1d" relativeResultsDirectory="b70f7c81-8f5f-4dce-9752-77b4e07489bc" dataRowInfo="2" resultType="DataDrivenDataRow" />
      </InnerResults>
    </UnitTestResult>
    <UnitTestResult executionId="047da429-5402-459d-bec3-d951992a1e96" testId="0f33848d-a900-d644-7498-2526887b5425" testName="prepositions_made_with_three_words" computerName="ARPAN-LAP" duration="00:00:00.2467816" startTime="2014-06-29T10:10:24.9979341+05:30" endTime="2014-06-29T10:10:25.2639493+05:30" testType="13cdc9d9-ddb5-4fa4-a97d-d965ccfc6d4b" outcome="Passed" testListId="8c84fa94-04c1-424b-9868-57a2d4851a1d" relativeResultsDirectory="047da429-5402-459d-bec3-d951992a1e96" resultType="DataDrivenTest">
      <Counters error="0" failed="0" timeout="0" aborted="0" inconclusive="0" passedButRunAborted="0" notRunnable="0" notExecuted="0" disconnected="0" warning="0" passed="4" completed="0" inProgress="0" pending="0" />
      <InnerResults>
        <UnitTestResult executionId="e7b2f38d-a388-44bf-bd59-cc0a22aa26b8" parentExecutionId="047da429-5402-459d-bec3-d951992a1e96" testId="0f33848d-a900-d644-7498-2526887b5425" testName="prepositions_made_with_three_words" computerName="ARPAN-LAP" duration="00:00:00.0423629" startTime="2014-06-29T10:10:25.0209354+05:30" endTime="2014-06-29T10:10:25.0629378+05:30" testType="13cdc9d9-ddb5-4fa4-a97d-d965ccfc6d4b" outcome="Passed" testListId="8c84fa94-04c1-424b-9868-57a2d4851a1d" relativeResultsDirectory="047da429-5402-459d-bec3-d951992a1e96" dataRowInfo="0" resultType="DataDrivenDataRow" />
        <UnitTestResult executionId="b44d15d4-1065-4e42-b45c-9cada841af7b" parentExecutionId="047da429-5402-459d-bec3-d951992a1e96" testId="0f33848d-a900-d644-7498-2526887b5425" testName="prepositions_made_with_three_words" computerName="ARPAN-LAP" duration="00:00:00.0943123" startTime="2014-06-29T10:10:25.0629378+05:30" endTime="2014-06-29T10:10:25.1569432+05:30" testType="13cdc9d9-ddb5-4fa4-a97d-d965ccfc6d4b" outcome="Passed" testListId="8c84fa94-04c1-424b-9868-57a2d4851a1d" relativeResultsDirectory="047da429-5402-459d-bec3-d951992a1e96" dataRowInfo="1" resultType="DataDrivenDataRow" />
        <UnitTestResult executionId="a5063e46-be49-4c8e-aaad-ec1aeec133d9" parentExecutionId="047da429-5402-459d-bec3-d951992a1e96" testId="0f33848d-a900-d644-7498-2526887b5425" testName="prepositions_made_with_three_words" computerName="ARPAN-LAP" duration="00:00:00.0481219" startTime="2014-06-29T10:10:25.1569432+05:30" endTime="2014-06-29T10:10:25.2059460+05:30" testType="13cdc9d9-ddb5-4fa4-a97d-d965ccfc6d4b" outcome="Passed" testListId="8c84fa94-04c1-424b-9868-57a2d4851a1d" relativeResultsDirectory="047da429-5402-459d-bec3-d951992a1e96" dataRowInfo="2" resultType="DataDrivenDataRow" />
        <UnitTestResult executionId="96f937d4-340c-46d8-bb65-163e933f2045" parentExecutionId="047da429-5402-459d-bec3-d951992a1e96" testId="0f33848d-a900-d644-7498-2526887b5425" testName="prepositions_made_with_three_words" computerName="ARPAN-LAP" duration="00:00:00.0444920" startTime="2014-06-29T10:10:25.2059460+05:30" endTime="2014-06-29T10:10:25.2499485+05:30" testType="13cdc9d9-ddb5-4fa4-a97d-d965ccfc6d4b" outcome="Passed" testListId="8c84fa94-04c1-424b-9868-57a2d4851a1d" relativeResultsDirectory="047da429-5402-459d-bec3-d951992a1e96" dataRowInfo="3" resultType="DataDrivenDataRow" />
      </InnerResults>
    </UnitTestResult>
    <UnitTestResult executionId="6cda4ee1-c0eb-4f4c-adcc-99d79c13a0d3" testId="15fe5bf6-5078-81a8-0356-385549390bb7" testName="first_person_tenses_active_negation" computerName="ARPAN-LAP" duration="00:00:00.4553090" startTime="2014-06-29T10:10:25.2699496+05:30" endTime="2014-06-29T10:10:25.7599776+05:30" testType="13cdc9d9-ddb5-4fa4-a97d-d965ccfc6d4b" outcome="Passed" testListId="8c84fa94-04c1-424b-9868-57a2d4851a1d" relativeResultsDirectory="6cda4ee1-c0eb-4f4c-adcc-99d79c13a0d3" resultType="DataDrivenTest">
      <Counters error="0" failed="0" timeout="0" aborted="0" inconclusive="0" passedButRunAborted="0" notRunnable="0" notExecuted="0" disconnected="0" warning="0" passed="10" completed="0" inProgress="0" pending="0" />
      <InnerResults>
        <UnitTestResult executionId="6c8e1497-d506-4b40-8bc3-b1fd18a6ff81" parentExecutionId="6cda4ee1-c0eb-4f4c-adcc-99d79c13a0d3" testId="15fe5bf6-5078-81a8-0356-385549390bb7" testName="first_person_tenses_active_negation" computerName="ARPAN-LAP" duration="00:00:00.0441979" startTime="2014-06-29T10:10:25.4149579+05:30" endTime="2014-06-29T10:10:25.4599605+05:30" testType="13cdc9d9-ddb5-4fa4-a97d-d965ccfc6d4b" outcome="Passed" testListId="8c84fa94-04c1-424b-9868-57a2d4851a1d" relativeResultsDirectory="6cda4ee1-c0eb-4f4c-adcc-99d79c13a0d3" dataRowInfo="0" resultType="DataDrivenDataRow" />
        <UnitTestResult executionId="e839f049-4f3f-46e7-9ac3-55fc059684a0" parentExecutionId="6cda4ee1-c0eb-4f4c-adcc-99d79c13a0d3" testId="15fe5bf6-5078-81a8-0356-385549390bb7" testName="first_person_tenses_active_negation" computerName="ARPAN-LAP" duration="00:00:00.0282890" startTime="2014-06-29T10:10:25.4599605+05:30" endTime="2014-06-29T10:10:25.4879621+05:30" testType="13cdc9d9-ddb5-4fa4-a97d-d965ccfc6d4b" outcome="Passed" testListId="8c84fa94-04c1-424b-9868-57a2d4851a1d" relativeResultsDirectory="6cda4ee1-c0eb-4f4c-adcc-99d79c13a0d3" dataRowInfo="1" resultType="DataDrivenDataRow" />
        <UnitTestResult executionId="65924751-aba5-4429-bc2f-5dd2e5087d4c" parentExecutionId="6cda4ee1-c0eb-4f4c-adcc-99d79c13a0d3" testId="15fe5bf6-5078-81a8-0356-385549390bb7" testName="first_person_tenses_active_negation" computerName="ARPAN-LAP" duration="00:00:00.0276135" startTime="2014-06-29T10:10:25.4879621+05:30" endTime="2014-06-29T10:10:25.5159637+05:30" testType="13cdc9d9-ddb5-4fa4-a97d-d965ccfc6d4b" outcome="Passed" testListId="8c84fa94-04c1-424b-9868-57a2d4851a1d" relativeResultsDirectory="6cda4ee1-c0eb-4f4c-adcc-99d79c13a0d3" dataRowInfo="2" resultType="DataDrivenDataRow" />
        <UnitTestResult executionId="b3fa5fd7-d300-4172-8b42-a71cc8ec1525" parentExecutionId="6cda4ee1-c0eb-4f4c-adcc-99d79c13a0d3" testId="15fe5bf6-5078-81a8-0356-385549390bb7" testName="first_person_tenses_active_negation" computerName="ARPAN-LAP" duration="00:00:00.0406122" startTime="2014-06-29T10:10:25.5159637+05:30" endTime="2014-06-29T10:10:25.5559660+05:30" testType="13cdc9d9-ddb5-4fa4-a97d-d965ccfc6d4b" outcome="Passed" testListId="8c84fa94-04c1-424b-9868-57a2d4851a1d" relativeResultsDirectory="6cda4ee1-c0eb-4f4c-adcc-99d79c13a0d3" dataRowInfo="3" resultType="DataDrivenDataRow" />
        <UnitTestResult executionId="5aa66839-397b-411f-97b7-dcf86c956aeb" parentExecutionId="6cda4ee1-c0eb-4f4c-adcc-99d79c13a0d3" testId="15fe5bf6-5078-81a8-0356-385549390bb7" testName="first_person_tenses_active_negation" computerName="ARPAN-LAP" duration="00:00:00.0345581" startTime="2014-06-29T10:10:25.5559660+05:30" endTime="2014-06-29T10:10:25.5909680+05:30" testType="13cdc9d9-ddb5-4fa4-a97d-d965ccfc6d4b" outcome="Passed" testListId="8c84fa94-04c1-424b-9868-57a2d4851a1d" relativeResultsDirectory="6cda4ee1-c0eb-4f4c-adcc-99d79c13a0d3" dataRowInfo="4" resultType="DataDrivenDataRow" />
        <UnitTestResult executionId="447bd8c5-d4bc-4b4d-ac90-1ca6cbabc9be" parentExecutionId="6cda4ee1-c0eb-4f4c-adcc-99d79c13a0d3" testId="15fe5bf6-5078-81a8-0356-385549390bb7" testName="first_person_tenses_active_negation" computerName="ARPAN-LAP" duration="00:00:00.0254593" startTime="2014-06-29T10:10:25.5909680+05:30" endTime="2014-06-29T10:10:25.6159694+05:30" testType="13cdc9d9-ddb5-4fa4-a97d-d965ccfc6d4b" outcome="Passed" testListId="8c84fa94-04c1-424b-9868-57a2d4851a1d" relativeResultsDirectory="6cda4ee1-c0eb-4f4c-adcc-99d79c13a0d3" dataRowInfo="5" resultType="DataDrivenDataRow" />
        <UnitTestResult executionId="4209896d-d424-43f8-83c3-16a573803433" parentExecutionId="6cda4ee1-c0eb-4f4c-adcc-99d79c13a0d3" testId="15fe5bf6-5078-81a8-0356-385549390bb7" testName="first_person_tenses_active_negation" computerName="ARPAN-LAP" duration="00:00:00.0260357" startTime="2014-06-29T10:10:25.6159694+05:30" endTime="2014-06-29T10:10:25.6419709+05:30" testType="13cdc9d9-ddb5-4fa4-a97d-d965ccfc6d4b" outcome="Passed" testListId="8c84fa94-04c1-424b-9868-57a2d4851a1d" relativeResultsDirectory="6cda4ee1-c0eb-4f4c-adcc-99d79c13a0d3" dataRowInfo="6" resultType="DataDrivenDataRow" />
        <UnitTestResult executionId="0f385e81-c602-4766-9dc7-1d6c9ecec061" parentExecutionId="6cda4ee1-c0eb-4f4c-adcc-99d79c13a0d3" testId="15fe5bf6-5078-81a8-0356-385549390bb7" testName="first_person_tenses_active_negation" computerName="ARPAN-LAP" duration="00:00:00.0314277" startTime="2014-06-29T10:10:25.6429710+05:30" endTime="2014-06-29T10:10:25.6739727+05:30" testType="13cdc9d9-ddb5-4fa4-a97d-d965ccfc6d4b" outcome="Passed" testListId="8c84fa94-04c1-424b-9868-57a2d4851a1d" relativeResultsDirectory="6cda4ee1-c0eb-4f4c-adcc-99d79c13a0d3" dataRowInfo="7" resultType="DataDrivenDataRow" />
        <UnitTestResult executionId="042666e2-fae8-4790-9fb1-2f50a8a7c266" parentExecutionId="6cda4ee1-c0eb-4f4c-adcc-99d79c13a0d3" testId="15fe5bf6-5078-81a8-0356-385549390bb7" testName="first_person_tenses_active_negation" computerName="ARPAN-LAP" duration="00:00:00.0233262" startTime="2014-06-29T10:10:25.6739727+05:30" endTime="2014-06-29T10:10:25.6969740+05:30" testType="13cdc9d9-ddb5-4fa4-a97d-d965ccfc6d4b" outcome="Passed" testListId="8c84fa94-04c1-424b-9868-57a2d4851a1d" relativeResultsDirectory="6cda4ee1-c0eb-4f4c-adcc-99d79c13a0d3" dataRowInfo="8" resultType="DataDrivenDataRow" />
        <UnitTestResult executionId="719e9388-7e21-47f3-a6a6-88fbef970adb" parentExecutionId="6cda4ee1-c0eb-4f4c-adcc-99d79c13a0d3" testId="15fe5bf6-5078-81a8-0356-385549390bb7" testName="first_person_tenses_active_negation" computerName="ARPAN-LAP" duration="00:00:00.0316473" startTime="2014-06-29T10:10:25.6969740+05:30" endTime="2014-06-29T10:10:25.7289759+05:30" testType="13cdc9d9-ddb5-4fa4-a97d-d965ccfc6d4b" outcome="Passed" testListId="8c84fa94-04c1-424b-9868-57a2d4851a1d" relativeResultsDirectory="6cda4ee1-c0eb-4f4c-adcc-99d79c13a0d3" dataRowInfo="9" resultType="DataDrivenDataRow" />
      </InnerResults>
    </UnitTestResult>
    <UnitTestResult executionId="2662acfb-73a0-4fbe-8733-d61c0e580e5c" testId="1b04a6d6-5350-792c-8eba-a46a0eb28949" testName="interrogative_sentences_why" computerName="ARPAN-LAP" duration="00:00:00.5838700" startTime="2014-06-29T10:10:25.7639779+05:30" endTime="2014-06-29T10:10:26.3750128+05:30" testType="13cdc9d9-ddb5-4fa4-a97d-d965ccfc6d4b" outcome="Failed" testListId="8c84fa94-04c1-424b-9868-57a2d4851a1d" relativeResultsDirectory="2662acfb-73a0-4fbe-8733-d61c0e580e5c" resultType="DataDrivenTest">
      <Counters error="0" failed="1" timeout="0" aborted="0" inconclusive="0" passedButRunAborted="0" notRunnable="0" notExecuted="0" disconnected="0" warning="0" passed="2" completed="0" inProgress="0" pending="0" />
      <InnerResults>
        <UnitTestResult executionId="b7e704b9-99bf-49f7-abbe-34cc81c1443f" parentExecutionId="2662acfb-73a0-4fbe-8733-d61c0e580e5c" testId="1b04a6d6-5350-792c-8eba-a46a0eb28949" testName="interrogative_sentences_why" computerName="ARPAN-LAP" duration="00:00:00.3970987" startTime="2014-06-29T10:10:25.8799845+05:30" endTime="2014-06-29T10:10:26.2770072+05:30" testType="13cdc9d9-ddb5-4fa4-a97d-d965ccfc6d4b" outcome="Failed" testListId="8c84fa94-04c1-424b-9868-57a2d4851a1d" relativeResultsDirectory="2662acfb-73a0-4fbe-8733-d61c0e580e5c" dataRowInfo="0" resultType="DataDrivenDataRow">
          <Output>
            <ErrorInfo>
              <Message>Assert.AreEqual failed. Expected:&lt;কেন আপনি দেরিতে আজ ?&gt;. Actual:&lt;দেরিতে আজ আপনি কেন ?&gt;. Why are you late today?</Message>
              <StackTrace>   at UnitTest.BnlpTest.interrogative_sentences_why() in D:\software\Project\BNLP\UnitTest\BnlpTest.cs:line 382
</StackTrace>
            </ErrorInfo>
          </Output>
        </UnitTestResult>
        <UnitTestResult executionId="e1dc616d-16b5-47a0-862b-7cb249c6d76f" parentExecutionId="2662acfb-73a0-4fbe-8733-d61c0e580e5c" testId="1b04a6d6-5350-792c-8eba-a46a0eb28949" testName="interrogative_sentences_why" computerName="ARPAN-LAP" duration="00:00:00.0466005" startTime="2014-06-29T10:10:26.2770072+05:30" endTime="2014-06-29T10:10:26.3240099+05:30" testType="13cdc9d9-ddb5-4fa4-a97d-d965ccfc6d4b" outcome="Passed" testListId="8c84fa94-04c1-424b-9868-57a2d4851a1d" relativeResultsDirectory="2662acfb-73a0-4fbe-8733-d61c0e580e5c" dataRowInfo="1" resultType="DataDrivenDataRow" />
        <UnitTestResult executionId="3a45c5cc-1ea5-4c9c-a707-60f1ea5349af" parentExecutionId="2662acfb-73a0-4fbe-8733-d61c0e580e5c" testId="1b04a6d6-5350-792c-8eba-a46a0eb28949" testName="interrogative_sentences_why" computerName="ARPAN-LAP" duration="00:00:00.0323680" startTime="2014-06-29T10:10:26.3240099+05:30" endTime="2014-06-29T10:10:26.3560117+05:30" testType="13cdc9d9-ddb5-4fa4-a97d-d965ccfc6d4b" outcome="Passed" testListId="8c84fa94-04c1-424b-9868-57a2d4851a1d" relativeResultsDirectory="2662acfb-73a0-4fbe-8733-d61c0e580e5c" dataRowInfo="2" resultType="DataDrivenDataRow" />
      </InnerResults>
    </UnitTestResult>
    <UnitTestResult executionId="92974fbe-1b1e-41a8-8f4a-43e6ffa12201" testId="1d63c318-78a9-9011-f5c0-0b01884a2881" testName="interrogative_sentences_do" computerName="ARPAN-LAP" duration="00:00:00.2799339" startTime="2014-06-29T10:10:26.3780130+05:30" endTime="2014-06-29T10:10:26.7010315+05:30" testType="13cdc9d9-ddb5-4fa4-a97d-d965ccfc6d4b" outcome="Passed" testListId="8c84fa94-04c1-424b-9868-57a2d4851a1d" relativeResultsDirectory="92974fbe-1b1e-41a8-8f4a-43e6ffa12201" resultType="DataDrivenTest">
      <Counters error="0" failed="0" timeout="0" aborted="0" inconclusive="0" passedButRunAborted="0" notRunnable="0" notExecuted="0" disconnected="0" warning="0" passed="9" completed="0" inProgress="0" pending="0" />
      <InnerResults>
        <UnitTestResult executionId="aa078f5d-82c6-49c6-bbe2-c7b5b18a9215" parentExecutionId="92974fbe-1b1e-41a8-8f4a-43e6ffa12201" testId="1d63c318-78a9-9011-f5c0-0b01884a2881" testName="interrogative_sentences_do" computerName="ARPAN-LAP" duration="00:00:00.0274087" startTime="2014-06-29T10:10:26.4230156+05:30" endTime="2014-06-29T10:10:26.4500171+05:30" testType="13cdc9d9-ddb5-4fa4-a97d-d965ccfc6d4b" outcome="Passed" testListId="8c84fa94-04c1-424b-9868-57a2d4851a1d" relativeResultsDirectory="92974fbe-1b1e-41a8-8f4a-43e6ffa12201" dataRowInfo="0" resultType="DataDrivenDataRow" />
        <UnitTestResult executionId="e2e4d35d-1ac0-4ed5-9517-c1cd4d47ba20" parentExecutionId="92974fbe-1b1e-41a8-8f4a-43e6ffa12201" testId="1d63c318-78a9-9011-f5c0-0b01884a2881" testName="interrogative_sentences_do" computerName="ARPAN-LAP" duration="00:00:00.0271567" startTime="2014-06-29T10:10:26.4500171+05:30" endTime="2014-06-29T10:10:26.4770187+05:30" testType="13cdc9d9-ddb5-4fa4-a97d-d965ccfc6d4b" outcome="Passed" testListId="8c84fa94-04c1-424b-9868-57a2d4851a1d" relativeResultsDirectory="92974fbe-1b1e-41a8-8f4a-43e6ffa12201" dataRowInfo="1" resultType="DataDrivenDataRow" />
        <UnitTestResult executionId="3a24fc43-14be-448a-9590-3ff9e0d6a549" parentExecutionId="92974fbe-1b1e-41a8-8f4a-43e6ffa12201" testId="1d63c318-78a9-9011-f5c0-0b01884a2881" testName="interrogative_sentences_do" computerName="ARPAN-LAP" duration="00:00:00.0244718" startTime="2014-06-29T10:10:26.4770187+05:30" endTime="2014-06-29T10:10:26.5020201+05:30" testType="13cdc9d9-ddb5-4fa4-a97d-d965ccfc6d4b" outcome="Passed" testListId="8c84fa94-04c1-424b-9868-57a2d4851a1d" relativeResultsDirectory="92974fbe-1b1e-41a8-8f4a-43e6ffa12201" dataRowInfo="2" resultType="DataDrivenDataRow" />
        <UnitTestResult executionId="ae641782-156b-45bf-ae34-dc63e622c871" parentExecutionId="92974fbe-1b1e-41a8-8f4a-43e6ffa12201" testId="1d63c318-78a9-9011-f5c0-0b01884a2881" testName="interrogative_sentences_do" computerName="ARPAN-LAP" duration="00:00:00.0218084" startTime="2014-06-29T10:10:26.5020201+05:30" endTime="2014-06-29T10:10:26.5240213+05:30" testType="13cdc9d9-ddb5-4fa4-a97d-d965ccfc6d4b" outcome="Passed" testListId="8c84fa94-04c1-424b-9868-57a2d4851a1d" relativeResultsDirectory="92974fbe-1b1e-41a8-8f4a-43e6ffa12201" dataRowInfo="3" resultType="DataDrivenDataRow" />
        <UnitTestResult executionId="64f0c78b-aaf8-4582-b58f-6bd2224559fe" parentExecutionId="92974fbe-1b1e-41a8-8f4a-43e6ffa12201" testId="1d63c318-78a9-9011-f5c0-0b01884a2881" testName="interrogative_sentences_do" computerName="ARPAN-LAP" duration="00:00:00.0231896" startTime="2014-06-29T10:10:26.5240213+05:30" endTime="2014-06-29T10:10:26.5470227+05:30" testType="13cdc9d9-ddb5-4fa4-a97d-d965ccfc6d4b" outcome="Passed" testListId="8c84fa94-04c1-424b-9868-57a2d4851a1d" relativeResultsDirectory="92974fbe-1b1e-41a8-8f4a-43e6ffa12201" dataRowInfo="4" resultType="DataDrivenDataRow" />
        <UnitTestResult executionId="d0c8f1a2-74b8-430d-9b49-7ab302b2218d" parentExecutionId="92974fbe-1b1e-41a8-8f4a-43e6ffa12201" testId="1d63c318-78a9-9011-f5c0-0b01884a2881" testName="interrogative_sentences_do" computerName="ARPAN-LAP" duration="00:00:00.0315031" startTime="2014-06-29T10:10:26.5470227+05:30" endTime="2014-06-29T10:10:26.5790245+05:30" testType="13cdc9d9-ddb5-4fa4-a97d-d965ccfc6d4b" outcome="Passed" testListId="8c84fa94-04c1-424b-9868-57a2d4851a1d" relativeResultsDirectory="92974fbe-1b1e-41a8-8f4a-43e6ffa12201" dataRowInfo="5" resultType="DataDrivenDataRow" />
        <UnitTestResult executionId="3c693d43-36b8-4623-b18d-3d3f5f6335d5" parentExecutionId="92974fbe-1b1e-41a8-8f4a-43e6ffa12201" testId="1d63c318-78a9-9011-f5c0-0b01884a2881" testName="interrogative_sentences_do" computerName="ARPAN-LAP" duration="00:00:00.0281525" startTime="2014-06-29T10:10:26.5790245+05:30" endTime="2014-06-29T10:10:26.6070261+05:30" testType="13cdc9d9-ddb5-4fa4-a97d-d965ccfc6d4b" outcome="Passed" testListId="8c84fa94-04c1-424b-9868-57a2d4851a1d" relativeResultsDirectory="92974fbe-1b1e-41a8-8f4a-43e6ffa12201" dataRowInfo="6" resultType="DataDrivenDataRow" />
        <UnitTestResult executionId="0a1ec7a0-aeff-4556-ac61-a23cd380c576" parentExecutionId="92974fbe-1b1e-41a8-8f4a-43e6ffa12201" testId="1d63c318-78a9-9011-f5c0-0b01884a2881" testName="interrogative_sentences_do" computerName="ARPAN-LAP" duration="00:00:00.0281874" startTime="2014-06-29T10:10:26.6070261+05:30" endTime="2014-06-29T10:10:26.6350277+05:30" testType="13cdc9d9-ddb5-4fa4-a97d-d965ccfc6d4b" outcome="Passed" testListId="8c84fa94-04c1-424b-9868-57a2d4851a1d" relativeResultsDirectory="92974fbe-1b1e-41a8-8f4a-43e6ffa12201" dataRowInfo="7" resultType="DataDrivenDataRow" />
        <UnitTestResult executionId="f0dcc5d6-0f3d-4f6e-9978-eb7d444d39f8" parentExecutionId="92974fbe-1b1e-41a8-8f4a-43e6ffa12201" testId="1d63c318-78a9-9011-f5c0-0b01884a2881" testName="interrogative_sentences_do" computerName="ARPAN-LAP" duration="00:00:00.0274960" startTime="2014-06-29T10:10:26.6350277+05:30" endTime="2014-06-29T10:10:26.6620292+05:30" testType="13cdc9d9-ddb5-4fa4-a97d-d965ccfc6d4b" outcome="Passed" testListId="8c84fa94-04c1-424b-9868-57a2d4851a1d" relativeResultsDirectory="92974fbe-1b1e-41a8-8f4a-43e6ffa12201" dataRowInfo="8" resultType="DataDrivenDataRow" />
      </InnerResults>
    </UnitTestResult>
    <UnitTestResult executionId="b34c7112-cc7c-40ab-9fa8-8f64725288e8" testId="227f20ae-8e76-eb71-39b2-4ada3ce6aba8" testName="interrogative_sentences_how" computerName="ARPAN-LAP" duration="00:00:00.6394719" startTime="2014-06-29T10:10:26.7070318+05:30" endTime="2014-06-29T10:10:27.4010715+05:30" testType="13cdc9d9-ddb5-4fa4-a97d-d965ccfc6d4b" outcome="Failed" testListId="8c84fa94-04c1-424b-9868-57a2d4851a1d" relativeResultsDirectory="b34c7112-cc7c-40ab-9fa8-8f64725288e8" resultType="DataDrivenTest">
      <Counters error="0" failed="2" timeout="0" aborted="0" inconclusive="0" passedButRunAborted="0" notRunnable="0" notExecuted="0" disconnected="0" warning="0" passed="16" completed="0" inProgress="0" pending="0" />
      <InnerResults>
        <UnitTestResult executionId="996e24fa-74c7-4925-b555-d6db1f95206f" parentExecutionId="b34c7112-cc7c-40ab-9fa8-8f64725288e8" testId="227f20ae-8e76-eb71-39b2-4ada3ce6aba8" testName="interrogative_sentences_how" computerName="ARPAN-LAP" duration="00:00:00.0219691" startTime="2014-06-29T10:10:26.7350334+05:30" endTime="2014-06-29T10:10:26.7570347+05:30" testType="13cdc9d9-ddb5-4fa4-a97d-d965ccfc6d4b" outcome="Passed" testListId="8c84fa94-04c1-424b-9868-57a2d4851a1d" relativeResultsDirectory="b34c7112-cc7c-40ab-9fa8-8f64725288e8" dataRowInfo="0" resultType="DataDrivenDataRow" />
        <UnitTestResult executionId="78eebd17-ae15-4476-b6a3-fe162df81d70" parentExecutionId="b34c7112-cc7c-40ab-9fa8-8f64725288e8" testId="227f20ae-8e76-eb71-39b2-4ada3ce6aba8" testName="interrogative_sentences_how" computerName="ARPAN-LAP" duration="00:00:00.0205042" startTime="2014-06-29T10:10:26.7570347+05:30" endTime="2014-06-29T10:10:26.7770358+05:30" testType="13cdc9d9-ddb5-4fa4-a97d-d965ccfc6d4b" outcome="Passed" testListId="8c84fa94-04c1-424b-9868-57a2d4851a1d" relativeResultsDirectory="b34c7112-cc7c-40ab-9fa8-8f64725288e8" dataRowInfo="1" resultType="DataDrivenDataRow" />
        <UnitTestResult executionId="4e79752b-390c-426a-b6e6-da63036779b6" parentExecutionId="b34c7112-cc7c-40ab-9fa8-8f64725288e8" testId="227f20ae-8e76-eb71-39b2-4ada3ce6aba8" testName="interrogative_sentences_how" computerName="ARPAN-LAP" duration="00:00:00.0292165" startTime="2014-06-29T10:10:26.7770358+05:30" endTime="2014-06-29T10:10:26.8070375+05:30" testType="13cdc9d9-ddb5-4fa4-a97d-d965ccfc6d4b" outcome="Failed" testListId="8c84fa94-04c1-424b-9868-57a2d4851a1d" relativeResultsDirectory="b34c7112-cc7c-40ab-9fa8-8f64725288e8" dataRowInfo="2" resultType="DataDrivenDataRow">
          <Output>
            <ErrorInfo>
              <Message>Assert.AreEqual failed. Expected:&lt;এই মেশিন কাজটি কিভাবে করে ?&gt;. Actual:&lt;এই মেশিনটি করে কিভাবে কাজ ?&gt;. How does this machine work?</Message>
              <StackTrace>   at UnitTest.BnlpTest.interrogative_sentences_how() in D:\software\Project\BNLP\UnitTest\BnlpTest.cs:line 274
</StackTrace>
            </ErrorInfo>
          </Output>
        </UnitTestResult>
        <UnitTestResult executionId="58118a0a-41e8-43f3-b7f1-52002862827e" parentExecutionId="b34c7112-cc7c-40ab-9fa8-8f64725288e8" testId="227f20ae-8e76-eb71-39b2-4ada3ce6aba8" testName="interrogative_sentences_how" computerName="ARPAN-LAP" duration="00:00:00.0378605" startTime="2014-06-29T10:10:26.8070375+05:30" endTime="2014-06-29T10:10:26.8440396+05:30" testType="13cdc9d9-ddb5-4fa4-a97d-d965ccfc6d4b" outcome="Passed" testListId="8c84fa94-04c1-424b-9868-57a2d4851a1d" relativeResultsDirectory="b34c7112-cc7c-40ab-9fa8-8f64725288e8" dataRowInfo="3" resultType="DataDrivenDataRow" />
        <UnitTestResult executionId="98374a5a-e81d-40d1-a4f9-412aa364a569" parentExecutionId="b34c7112-cc7c-40ab-9fa8-8f64725288e8" testId="227f20ae-8e76-eb71-39b2-4ada3ce6aba8" testName="interrogative_sentences_how" computerName="ARPAN-LAP" duration="00:00:00.0557917" startTime="2014-06-29T10:10:26.8440396+05:30" endTime="2014-06-29T10:10:26.9000429+05:30" testType="13cdc9d9-ddb5-4fa4-a97d-d965ccfc6d4b" outcome="Passed" testListId="8c84fa94-04c1-424b-9868-57a2d4851a1d" relativeResultsDirectory="b34c7112-cc7c-40ab-9fa8-8f64725288e8" dataRowInfo="4" resultType="DataDrivenDataRow" />
        <UnitTestResult executionId="33a5ada8-50b6-4fb2-b37c-3bad18ef647b" parentExecutionId="b34c7112-cc7c-40ab-9fa8-8f64725288e8" testId="227f20ae-8e76-eb71-39b2-4ada3ce6aba8" testName="interrogative_sentences_how" computerName="ARPAN-LAP" duration="00:00:00.0253988" startTime="2014-06-29T10:10:26.9000429+05:30" endTime="2014-06-29T10:10:26.9260443+05:30" testType="13cdc9d9-ddb5-4fa4-a97d-d965ccfc6d4b" outcome="Passed" testListId="8c84fa94-04c1-424b-9868-57a2d4851a1d" relativeResultsDirectory="b34c7112-cc7c-40ab-9fa8-8f64725288e8" dataRowInfo="5" resultType="DataDrivenDataRow" />
        <UnitTestResult executionId="5b841ac6-cfc7-4cce-b12e-1299b3dd654a" parentExecutionId="b34c7112-cc7c-40ab-9fa8-8f64725288e8" testId="227f20ae-8e76-eb71-39b2-4ada3ce6aba8" testName="interrogative_sentences_how" computerName="ARPAN-LAP" duration="00:00:00.0393839" startTime="2014-06-29T10:10:26.9260443+05:30" endTime="2014-06-29T10:10:26.9650466+05:30" testType="13cdc9d9-ddb5-4fa4-a97d-d965ccfc6d4b" outcome="Passed" testListId="8c84fa94-04c1-424b-9868-57a2d4851a1d" relativeResultsDirectory="b34c7112-cc7c-40ab-9fa8-8f64725288e8" dataRowInfo="6" resultType="DataDrivenDataRow" />
        <UnitTestResult executionId="08a1a523-00a1-4cb7-ae55-becab3ddce24" parentExecutionId="b34c7112-cc7c-40ab-9fa8-8f64725288e8" testId="227f20ae-8e76-eb71-39b2-4ada3ce6aba8" testName="interrogative_sentences_how" computerName="ARPAN-LAP" duration="00:00:00.0317911" startTime="2014-06-29T10:10:26.9650466+05:30" endTime="2014-06-29T10:10:26.9970484+05:30" testType="13cdc9d9-ddb5-4fa4-a97d-d965ccfc6d4b" outcome="Passed" testListId="8c84fa94-04c1-424b-9868-57a2d4851a1d" relativeResultsDirectory="b34c7112-cc7c-40ab-9fa8-8f64725288e8" dataRowInfo="7" resultType="DataDrivenDataRow" />
        <UnitTestResult executionId="22b5180a-66c9-4a88-8649-05d467e99617" parentExecutionId="b34c7112-cc7c-40ab-9fa8-8f64725288e8" testId="227f20ae-8e76-eb71-39b2-4ada3ce6aba8" testName="interrogative_sentences_how" computerName="ARPAN-LAP" duration="00:00:00.0434593" startTime="2014-06-29T10:10:26.9970484+05:30" endTime="2014-06-29T10:10:27.0400509+05:30" testType="13cdc9d9-ddb5-4fa4-a97d-d965ccfc6d4b" outcome="Passed" testListId="8c84fa94-04c1-424b-9868-57a2d4851a1d" relativeResultsDirectory="b34c7112-cc7c-40ab-9fa8-8f64725288e8" dataRowInfo="8" resultType="DataDrivenDataRow" />
        <UnitTestResult executionId="657747e0-700a-434e-b524-f28063980107" parentExecutionId="b34c7112-cc7c-40ab-9fa8-8f64725288e8" testId="227f20ae-8e76-eb71-39b2-4ada3ce6aba8" testName="interrogative_sentences_how" computerName="ARPAN-LAP" duration="00:00:00.0330819" startTime="2014-06-29T10:10:27.0410509+05:30" endTime="2014-06-29T10:10:27.0740528+05:30" testType="13cdc9d9-ddb5-4fa4-a97d-d965ccfc6d4b" outcome="Passed" testListId="8c84fa94-04c1-424b-9868-57a2d4851a1d" relativeResultsDirectory="b34c7112-cc7c-40ab-9fa8-8f64725288e8" dataRowInfo="9" resultType="DataDrivenDataRow" />
        <UnitTestResult executionId="dbc769c8-4ca0-46a6-9e0c-617b434d13d2" parentExecutionId="b34c7112-cc7c-40ab-9fa8-8f64725288e8" testId="227f20ae-8e76-eb71-39b2-4ada3ce6aba8" testName="interrogative_sentences_how" computerName="ARPAN-LAP" duration="00:00:00.0361739" startTime="2014-06-29T10:10:27.0740528+05:30" endTime="2014-06-29T10:10:27.1100549+05:30" testType="13cdc9d9-ddb5-4fa4-a97d-d965ccfc6d4b" outcome="Passed" testListId="8c84fa94-04c1-424b-9868-57a2d4851a1d" relativeResultsDirectory="b34c7112-cc7c-40ab-9fa8-8f64725288e8" dataRowInfo="10" resultType="DataDrivenDataRow" />
        <UnitTestResult executionId="30128d40-1e94-4212-b6b2-5d5aa3677c61" parentExecutionId="b34c7112-cc7c-40ab-9fa8-8f64725288e8" testId="227f20ae-8e76-eb71-39b2-4ada3ce6aba8" testName="interrogative_sentences_how" computerName="ARPAN-LAP" duration="00:00:00.0280190" startTime="2014-06-29T10:10:27.1100549+05:30" endTime="2014-06-29T10:10:27.1380565+05:30" testType="13cdc9d9-ddb5-4fa4-a97d-d965ccfc6d4b" outcome="Passed" testListId="8c84fa94-04c1-424b-9868-57a2d4851a1d" relativeResultsDirectory="b34c7112-cc7c-40ab-9fa8-8f64725288e8" dataRowInfo="11" resultType="DataDrivenDataRow" />
        <UnitTestResult executionId="823e1e00-c2a2-4509-b197-568626b86936" parentExecutionId="b34c7112-cc7c-40ab-9fa8-8f64725288e8" testId="227f20ae-8e76-eb71-39b2-4ada3ce6aba8" testName="interrogative_sentences_how" computerName="ARPAN-LAP" duration="00:00:00.0410192" startTime="2014-06-29T10:10:27.1380565+05:30" endTime="2014-06-29T10:10:27.1790588+05:30" testType="13cdc9d9-ddb5-4fa4-a97d-d965ccfc6d4b" outcome="Passed" testListId="8c84fa94-04c1-424b-9868-57a2d4851a1d" relativeResultsDirectory="b34c7112-cc7c-40ab-9fa8-8f64725288e8" dataRowInfo="12" resultType="DataDrivenDataRow" />
        <UnitTestResult executionId="57ff6f3a-bacf-4c85-9b9b-348ca4b34927" parentExecutionId="b34c7112-cc7c-40ab-9fa8-8f64725288e8" testId="227f20ae-8e76-eb71-39b2-4ada3ce6aba8" testName="interrogative_sentences_how" computerName="ARPAN-LAP" duration="00:00:00.0327350" startTime="2014-06-29T10:10:27.1790588+05:30" endTime="2014-06-29T10:10:27.2120607+05:30" testType="13cdc9d9-ddb5-4fa4-a97d-d965ccfc6d4b" outcome="Passed" testListId="8c84fa94-04c1-424b-9868-57a2d4851a1d" relativeResultsDirectory="b34c7112-cc7c-40ab-9fa8-8f64725288e8" dataRowInfo="13" resultType="DataDrivenDataRow" />
        <UnitTestResult executionId="563767d1-5b8b-455d-a4d1-dc0a965a0ebf" parentExecutionId="b34c7112-cc7c-40ab-9fa8-8f64725288e8" testId="227f20ae-8e76-eb71-39b2-4ada3ce6aba8" testName="interrogative_sentences_how" computerName="ARPAN-LAP" duration="00:00:00.0333319" startTime="2014-06-29T10:10:27.2120607+05:30" endTime="2014-06-29T10:10:27.2450626+05:30" testType="13cdc9d9-ddb5-4fa4-a97d-d965ccfc6d4b" outcome="Passed" testListId="8c84fa94-04c1-424b-9868-57a2d4851a1d" relativeResultsDirectory="b34c7112-cc7c-40ab-9fa8-8f64725288e8" dataRowInfo="14" resultType="DataDrivenDataRow" />
        <UnitTestResult executionId="587ddd2b-1656-475c-9623-2b27e90deb73" parentExecutionId="b34c7112-cc7c-40ab-9fa8-8f64725288e8" testId="227f20ae-8e76-eb71-39b2-4ada3ce6aba8" testName="interrogative_sentences_how" computerName="ARPAN-LAP" duration="00:00:00.0364716" startTime="2014-06-29T10:10:27.2450626+05:30" endTime="2014-06-29T10:10:27.2820647+05:30" testType="13cdc9d9-ddb5-4fa4-a97d-d965ccfc6d4b" outcome="Failed" testListId="8c84fa94-04c1-424b-9868-57a2d4851a1d" relativeResultsDirectory="b34c7112-cc7c-40ab-9fa8-8f64725288e8" dataRowInfo="15" resultType="DataDrivenDataRow">
          <Output>
            <ErrorInfo>
              <Message>Assert.AreEqual failed. Expected:&lt;একটি ভাল ছাত্র হতে হয় কিভাবে ?&gt;. Actual:&lt;হয় কিভাবে একটি ভাল ছাত্র ?&gt;. How to be a good student?</Message>
              <StackTrace>   at UnitTest.BnlpTest.interrogative_sentences_how() in D:\software\Project\BNLP\UnitTest\BnlpTest.cs:line 274
</StackTrace>
            </ErrorInfo>
          </Output>
        </UnitTestResult>
        <UnitTestResult executionId="889b2466-e88d-48a5-b8a2-8315d1abed41" parentExecutionId="b34c7112-cc7c-40ab-9fa8-8f64725288e8" testId="227f20ae-8e76-eb71-39b2-4ada3ce6aba8" testName="interrogative_sentences_how" computerName="ARPAN-LAP" duration="00:00:00.0314795" startTime="2014-06-29T10:10:27.2820647+05:30" endTime="2014-06-29T10:10:27.3130665+05:30" testType="13cdc9d9-ddb5-4fa4-a97d-d965ccfc6d4b" outcome="Passed" testListId="8c84fa94-04c1-424b-9868-57a2d4851a1d" relativeResultsDirectory="b34c7112-cc7c-40ab-9fa8-8f64725288e8" dataRowInfo="16" resultType="DataDrivenDataRow" />
        <UnitTestResult executionId="b13ec937-1a97-46f6-9a22-79408692fb7b" parentExecutionId="b34c7112-cc7c-40ab-9fa8-8f64725288e8" testId="227f20ae-8e76-eb71-39b2-4ada3ce6aba8" testName="interrogative_sentences_how" computerName="ARPAN-LAP" duration="00:00:00.0375115" startTime="2014-06-29T10:10:27.3130665+05:30" endTime="2014-06-29T10:10:27.3510686+05:30" testType="13cdc9d9-ddb5-4fa4-a97d-d965ccfc6d4b" outcome="Passed" testListId="8c84fa94-04c1-424b-9868-57a2d4851a1d" relativeResultsDirectory="b34c7112-cc7c-40ab-9fa8-8f64725288e8" dataRowInfo="17" resultType="DataDrivenDataRow" />
      </InnerResults>
    </UnitTestResult>
    <UnitTestResult executionId="64762895-91c5-4663-977b-cf8527d0eacc" testId="30ab3285-6a8c-14d2-9725-bd60892ccd90" testName="second_person_tenses_active" computerName="ARPAN-LAP" duration="00:00:00.2156531" startTime="2014-06-29T10:10:27.4100720+05:30" endTime="2014-06-29T10:10:27.6660867+05:30" testType="13cdc9d9-ddb5-4fa4-a97d-d965ccfc6d4b" outcome="Passed" testListId="8c84fa94-04c1-424b-9868-57a2d4851a1d" relativeResultsDirectory="64762895-91c5-4663-977b-cf8527d0eacc" resultType="DataDrivenTest">
      <Counters error="0" failed="0" timeout="0" aborted="0" inconclusive="0" passedButRunAborted="0" notRunnable="0" notExecuted="0" disconnected="0" warning="0" passed="10" completed="0" inProgress="0" pending="0" />
      <InnerResults>
        <UnitTestResult executionId="af440c36-3bdc-4e34-be30-3b72cd2871bb" parentExecutionId="64762895-91c5-4663-977b-cf8527d0eacc" testId="30ab3285-6a8c-14d2-9725-bd60892ccd90" testName="second_person_tenses_active" computerName="ARPAN-LAP" duration="00:00:00.0158555" startTime="2014-06-29T10:10:27.4330733+05:30" endTime="2014-06-29T10:10:27.4480742+05:30" testType="13cdc9d9-ddb5-4fa4-a97d-d965ccfc6d4b" outcome="Passed" testListId="8c84fa94-04c1-424b-9868-57a2d4851a1d" relativeResultsDirectory="64762895-91c5-4663-977b-cf8527d0eacc" dataRowInfo="0" resultType="DataDrivenDataRow" />
        <UnitTestResult executionId="512114eb-4839-4316-b122-ef6212e81454" parentExecutionId="64762895-91c5-4663-977b-cf8527d0eacc" testId="30ab3285-6a8c-14d2-9725-bd60892ccd90" testName="second_person_tenses_active" computerName="ARPAN-LAP" duration="00:00:00.0195187" startTime="2014-06-29T10:10:27.4480742+05:30" endTime="2014-06-29T10:10:27.4680753+05:30" testType="13cdc9d9-ddb5-4fa4-a97d-d965ccfc6d4b" outcome="Passed" testListId="8c84fa94-04c1-424b-9868-57a2d4851a1d" relativeResultsDirectory="64762895-91c5-4663-977b-cf8527d0eacc" dataRowInfo="1" resultType="DataDrivenDataRow" />
        <UnitTestResult executionId="71eae581-a68a-4e3d-adf4-2dfa08e019d1" parentExecutionId="64762895-91c5-4663-977b-cf8527d0eacc" testId="30ab3285-6a8c-14d2-9725-bd60892ccd90" testName="second_person_tenses_active" computerName="ARPAN-LAP" duration="00:00:00.0194135" startTime="2014-06-29T10:10:27.4680753+05:30" endTime="2014-06-29T10:10:27.4870764+05:30" testType="13cdc9d9-ddb5-4fa4-a97d-d965ccfc6d4b" outcome="Passed" testListId="8c84fa94-04c1-424b-9868-57a2d4851a1d" relativeResultsDirectory="64762895-91c5-4663-977b-cf8527d0eacc" dataRowInfo="2" resultType="DataDrivenDataRow" />
        <UnitTestResult executionId="17c55774-706b-43ec-b5c5-5f1940b47147" parentExecutionId="64762895-91c5-4663-977b-cf8527d0eacc" testId="30ab3285-6a8c-14d2-9725-bd60892ccd90" testName="second_person_tenses_active" computerName="ARPAN-LAP" duration="00:00:00.0263273" startTime="2014-06-29T10:10:27.4870764+05:30" endTime="2014-06-29T10:10:27.5140780+05:30" testType="13cdc9d9-ddb5-4fa4-a97d-d965ccfc6d4b" outcome="Passed" testListId="8c84fa94-04c1-424b-9868-57a2d4851a1d" relativeResultsDirectory="64762895-91c5-4663-977b-cf8527d0eacc" dataRowInfo="3" resultType="DataDrivenDataRow" />
        <UnitTestResult executionId="bb781b07-1281-426d-9485-5085a3a67bc9" parentExecutionId="64762895-91c5-4663-977b-cf8527d0eacc" testId="30ab3285-6a8c-14d2-9725-bd60892ccd90" testName="second_person_tenses_active" computerName="ARPAN-LAP" duration="00:00:00.0161213" startTime="2014-06-29T10:10:27.5140780+05:30" endTime="2014-06-29T10:10:27.5300789+05:30" testType="13cdc9d9-ddb5-4fa4-a97d-d965ccfc6d4b" outcome="Passed" testListId="8c84fa94-04c1-424b-9868-57a2d4851a1d" relativeResultsDirectory="64762895-91c5-4663-977b-cf8527d0eacc" dataRowInfo="4" resultType="DataDrivenDataRow" />
        <UnitTestResult executionId="34fba688-9d41-44bb-984c-e1dd47a39e52" parentExecutionId="64762895-91c5-4663-977b-cf8527d0eacc" testId="30ab3285-6a8c-14d2-9725-bd60892ccd90" testName="second_person_tenses_active" computerName="ARPAN-LAP" duration="00:00:00.0190732" startTime="2014-06-29T10:10:27.5300789+05:30" endTime="2014-06-29T10:10:27.5490800+05:30" testType="13cdc9d9-ddb5-4fa4-a97d-d965ccfc6d4b" outcome="Passed" testListId="8c84fa94-04c1-424b-9868-57a2d4851a1d" relativeResultsDirectory="64762895-91c5-4663-977b-cf8527d0eacc" dataRowInfo="5" resultType="DataDrivenDataRow" />
        <UnitTestResult executionId="1ff8aeb5-fd53-44ac-acc6-f976ea21f19d" parentExecutionId="64762895-91c5-4663-977b-cf8527d0eacc" testId="30ab3285-6a8c-14d2-9725-bd60892ccd90" testName="second_person_tenses_active" computerName="ARPAN-LAP" duration="00:00:00.0184336" startTime="2014-06-29T10:10:27.5490800+05:30" endTime="2014-06-29T10:10:27.5680811+05:30" testType="13cdc9d9-ddb5-4fa4-a97d-d965ccfc6d4b" outcome="Passed" testListId="8c84fa94-04c1-424b-9868-57a2d4851a1d" relativeResultsDirectory="64762895-91c5-4663-977b-cf8527d0eacc" dataRowInfo="6" resultType="DataDrivenDataRow" />
        <UnitTestResult executionId="4fd8f0ae-907a-4687-bb25-963aab5e1659" parentExecutionId="64762895-91c5-4663-977b-cf8527d0eacc" testId="30ab3285-6a8c-14d2-9725-bd60892ccd90" testName="second_person_tenses_active" computerName="ARPAN-LAP" duration="00:00:00.0253849" startTime="2014-06-29T10:10:27.5680811+05:30" endTime="2014-06-29T10:10:27.5930825+05:30" testType="13cdc9d9-ddb5-4fa4-a97d-d965ccfc6d4b" outcome="Passed" testListId="8c84fa94-04c1-424b-9868-57a2d4851a1d" relativeResultsDirectory="64762895-91c5-4663-977b-cf8527d0eacc" dataRowInfo="7" resultType="DataDrivenDataRow" />
        <UnitTestResult executionId="dd340aa3-4041-4dfa-8d87-44b2189776d9" parentExecutionId="64762895-91c5-4663-977b-cf8527d0eacc" testId="30ab3285-6a8c-14d2-9725-bd60892ccd90" testName="second_person_tenses_active" computerName="ARPAN-LAP" duration="00:00:00.0194843" startTime="2014-06-29T10:10:27.5930825+05:30" endTime="2014-06-29T10:10:27.6130836+05:30" testType="13cdc9d9-ddb5-4fa4-a97d-d965ccfc6d4b" outcome="Passed" testListId="8c84fa94-04c1-424b-9868-57a2d4851a1d" relativeResultsDirectory="64762895-91c5-4663-977b-cf8527d0eacc" dataRowInfo="8" resultType="DataDrivenDataRow" />
        <UnitTestResult executionId="347705aa-df13-479c-8417-2acba3541380" parentExecutionId="64762895-91c5-4663-977b-cf8527d0eacc" testId="30ab3285-6a8c-14d2-9725-bd60892ccd90" testName="second_person_tenses_active" computerName="ARPAN-LAP" duration="00:00:00.0229089" startTime="2014-06-29T10:10:27.6130836+05:30" endTime="2014-06-29T10:10:27.6360850+05:30" testType="13cdc9d9-ddb5-4fa4-a97d-d965ccfc6d4b" outcome="Passed" testListId="8c84fa94-04c1-424b-9868-57a2d4851a1d" relativeResultsDirectory="64762895-91c5-4663-977b-cf8527d0eacc" dataRowInfo="9" resultType="DataDrivenDataRow" />
      </InnerResults>
    </UnitTestResult>
    <UnitTestResult executionId="4d1b9b60-bde6-4023-b5a7-1adb686066d9" testId="32b5d279-0d23-e5ad-0301-234c8788f740" testName="interrogative_sentences_who" computerName="ARPAN-LAP" duration="00:00:00.2157312" startTime="2014-06-29T10:10:27.6670867+05:30" endTime="2014-06-29T10:10:27.9071005+05:30" testType="13cdc9d9-ddb5-4fa4-a97d-d965ccfc6d4b" outcome="Passed" testListId="8c84fa94-04c1-424b-9868-57a2d4851a1d" relativeResultsDirectory="4d1b9b60-bde6-4023-b5a7-1adb686066d9" resultType="DataDrivenTest">
      <Counters error="0" failed="0" timeout="0" aborted="0" inconclusive="0" passedButRunAborted="0" notRunnable="0" notExecuted="0" disconnected="0" warning="0" passed="4" completed="0" inProgress="0" pending="0" />
      <InnerResults>
        <UnitTestResult executionId="8060dd0c-369a-4fdd-9cde-e1f9d7267f87" parentExecutionId="4d1b9b60-bde6-4023-b5a7-1adb686066d9" testId="32b5d279-0d23-e5ad-0301-234c8788f740" testName="interrogative_sentences_who" computerName="ARPAN-LAP" duration="00:00:00.0222601" startTime="2014-06-29T10:10:27.7960941+05:30" endTime="2014-06-29T10:10:27.8190954+05:30" testType="13cdc9d9-ddb5-4fa4-a97d-d965ccfc6d4b" outcome="Passed" testListId="8c84fa94-04c1-424b-9868-57a2d4851a1d" relativeResultsDirectory="4d1b9b60-bde6-4023-b5a7-1adb686066d9" dataRowInfo="0" resultType="DataDrivenDataRow" />
        <UnitTestResult executionId="6fef1e66-decd-4c90-a4c7-5d23c28e9f96" parentExecutionId="4d1b9b60-bde6-4023-b5a7-1adb686066d9" testId="32b5d279-0d23-e5ad-0301-234c8788f740" testName="interrogative_sentences_who" computerName="ARPAN-LAP" duration="00:00:00.0190326" startTime="2014-06-29T10:10:27.8190954+05:30" endTime="2014-06-29T10:10:27.8380965+05:30" testType="13cdc9d9-ddb5-4fa4-a97d-d965ccfc6d4b" outcome="Passed" testListId="8c84fa94-04c1-424b-9868-57a2d4851a1d" relativeResultsDirectory="4d1b9b60-bde6-4023-b5a7-1adb686066d9" dataRowInfo="1" resultType="DataDrivenDataRow" />
        <UnitTestResult executionId="7f69ee12-0b00-4f1e-941b-63d58c614857" parentExecutionId="4d1b9b60-bde6-4023-b5a7-1adb686066d9" testId="32b5d279-0d23-e5ad-0301-234c8788f740" testName="interrogative_sentences_who" computerName="ARPAN-LAP" duration="00:00:00.0247084" startTime="2014-06-29T10:10:27.8380965+05:30" endTime="2014-06-29T10:10:27.8620979+05:30" testType="13cdc9d9-ddb5-4fa4-a97d-d965ccfc6d4b" outcome="Passed" testListId="8c84fa94-04c1-424b-9868-57a2d4851a1d" relativeResultsDirectory="4d1b9b60-bde6-4023-b5a7-1adb686066d9" dataRowInfo="2" resultType="DataDrivenDataRow" />
        <UnitTestResult executionId="df994dd6-00cd-4edb-8c26-fd1335449d34" parentExecutionId="4d1b9b60-bde6-4023-b5a7-1adb686066d9" testId="32b5d279-0d23-e5ad-0301-234c8788f740" testName="interrogative_sentences_who" computerName="ARPAN-LAP" duration="00:00:00.0304827" startTime="2014-06-29T10:10:27.8620979+05:30" endTime="2014-06-29T10:10:27.8930997+05:30" testType="13cdc9d9-ddb5-4fa4-a97d-d965ccfc6d4b" outcome="Passed" testListId="8c84fa94-04c1-424b-9868-57a2d4851a1d" relativeResultsDirectory="4d1b9b60-bde6-4023-b5a7-1adb686066d9" dataRowInfo="3" resultType="DataDrivenDataRow" />
      </InnerResults>
    </UnitTestResult>
    <UnitTestResult executionId="5e6f3c84-86b0-4116-85d1-baa68b30863e" testId="39dcb97e-c73f-c645-a77c-64d9eba0a3a3" testName="interrogative_sentences_aux" computerName="ARPAN-LAP" duration="00:00:00.6126975" startTime="2014-06-29T10:10:27.9101006+05:30" endTime="2014-06-29T10:10:28.5821391+05:30" testType="13cdc9d9-ddb5-4fa4-a97d-d965ccfc6d4b" outcome="Passed" testListId="8c84fa94-04c1-424b-9868-57a2d4851a1d" relativeResultsDirectory="5e6f3c84-86b0-4116-85d1-baa68b30863e" resultType="DataDrivenTest">
      <Counters error="0" failed="0" timeout="0" aborted="0" inconclusive="0" passedButRunAborted="0" notRunnable="0" notExecuted="0" disconnected="0" warning="0" passed="20" completed="0" inProgress="0" pending="0" />
      <InnerResults>
        <UnitTestResult executionId="5c5967c6-bd0f-4b31-bf58-8a81c978e165" parentExecutionId="5e6f3c84-86b0-4116-85d1-baa68b30863e" testId="39dcb97e-c73f-c645-a77c-64d9eba0a3a3" testName="interrogative_sentences_aux" computerName="ARPAN-LAP" duration="00:00:00.0397925" startTime="2014-06-29T10:10:28.0011058+05:30" endTime="2014-06-29T10:10:28.0411081+05:30" testType="13cdc9d9-ddb5-4fa4-a97d-d965ccfc6d4b" outcome="Passed" testListId="8c84fa94-04c1-424b-9868-57a2d4851a1d" relativeResultsDirectory="5e6f3c84-86b0-4116-85d1-baa68b30863e" dataRowInfo="0" resultType="DataDrivenDataRow" />
        <UnitTestResult executionId="789766ea-ef8f-4a4a-80de-0f5c0ea14705" parentExecutionId="5e6f3c84-86b0-4116-85d1-baa68b30863e" testId="39dcb97e-c73f-c645-a77c-64d9eba0a3a3" testName="interrogative_sentences_aux" computerName="ARPAN-LAP" duration="00:00:00.0231557" startTime="2014-06-29T10:10:28.0411081+05:30" endTime="2014-06-29T10:10:28.0641094+05:30" testType="13cdc9d9-ddb5-4fa4-a97d-d965ccfc6d4b" outcome="Passed" testListId="8c84fa94-04c1-424b-9868-57a2d4851a1d" relativeResultsDirectory="5e6f3c84-86b0-4116-85d1-baa68b30863e" dataRowInfo="1" resultType="DataDrivenDataRow" />
        <UnitTestResult executionId="3050e82a-d8e7-4965-91f1-7d05c93eecf7" parentExecutionId="5e6f3c84-86b0-4116-85d1-baa68b30863e" testId="39dcb97e-c73f-c645-a77c-64d9eba0a3a3" testName="interrogative_sentences_aux" computerName="ARPAN-LAP" duration="00:00:00.0208506" startTime="2014-06-29T10:10:28.0641094+05:30" endTime="2014-06-29T10:10:28.0851106+05:30" testType="13cdc9d9-ddb5-4fa4-a97d-d965ccfc6d4b" outcome="Passed" testListId="8c84fa94-04c1-424b-9868-57a2d4851a1d" relativeResultsDirectory="5e6f3c84-86b0-4116-85d1-baa68b30863e" dataRowInfo="2" resultType="DataDrivenDataRow" />
        <UnitTestResult executionId="4f990aca-1ba1-4164-af63-8b0b3b5f9b52" parentExecutionId="5e6f3c84-86b0-4116-85d1-baa68b30863e" testId="39dcb97e-c73f-c645-a77c-64d9eba0a3a3" testName="interrogative_sentences_aux" computerName="ARPAN-LAP" duration="00:00:00.0251313" startTime="2014-06-29T10:10:28.0851106+05:30" endTime="2014-06-29T10:10:28.1101121+05:30" testType="13cdc9d9-ddb5-4fa4-a97d-d965ccfc6d4b" outcome="Passed" testListId="8c84fa94-04c1-424b-9868-57a2d4851a1d" relativeResultsDirectory="5e6f3c84-86b0-4116-85d1-baa68b30863e" dataRowInfo="3" resultType="DataDrivenDataRow" />
        <UnitTestResult executionId="313a82d8-553b-4611-8342-0eb88986e7f4" parentExecutionId="5e6f3c84-86b0-4116-85d1-baa68b30863e" testId="39dcb97e-c73f-c645-a77c-64d9eba0a3a3" testName="interrogative_sentences_aux" computerName="ARPAN-LAP" duration="00:00:00.0214584" startTime="2014-06-29T10:10:28.1101121+05:30" endTime="2014-06-29T10:10:28.1321133+05:30" testType="13cdc9d9-ddb5-4fa4-a97d-d965ccfc6d4b" outcome="Passed" testListId="8c84fa94-04c1-424b-9868-57a2d4851a1d" relativeResultsDirectory="5e6f3c84-86b0-4116-85d1-baa68b30863e" dataRowInfo="4" resultType="DataDrivenDataRow" />
        <UnitTestResult executionId="d126793a-5202-4b46-b541-c3a0b26d805e" parentExecutionId="5e6f3c84-86b0-4116-85d1-baa68b30863e" testId="39dcb97e-c73f-c645-a77c-64d9eba0a3a3" testName="interrogative_sentences_aux" computerName="ARPAN-LAP" duration="00:00:00.0206920" startTime="2014-06-29T10:10:28.1321133+05:30" endTime="2014-06-29T10:10:28.1531145+05:30" testType="13cdc9d9-ddb5-4fa4-a97d-d965ccfc6d4b" outcome="Passed" testListId="8c84fa94-04c1-424b-9868-57a2d4851a1d" relativeResultsDirectory="5e6f3c84-86b0-4116-85d1-baa68b30863e" dataRowInfo="5" resultType="DataDrivenDataRow" />
        <UnitTestResult executionId="515aa90b-e41e-43d9-9ae0-c3077c099dfc" parentExecutionId="5e6f3c84-86b0-4116-85d1-baa68b30863e" testId="39dcb97e-c73f-c645-a77c-64d9eba0a3a3" testName="interrogative_sentences_aux" computerName="ARPAN-LAP" duration="00:00:00.0200915" startTime="2014-06-29T10:10:28.1531145+05:30" endTime="2014-06-29T10:10:28.1731157+05:30" testType="13cdc9d9-ddb5-4fa4-a97d-d965ccfc6d4b" outcome="Passed" testListId="8c84fa94-04c1-424b-9868-57a2d4851a1d" relativeResultsDirectory="5e6f3c84-86b0-4116-85d1-baa68b30863e" dataRowInfo="6" resultType="DataDrivenDataRow" />
        <UnitTestResult executionId="d31a9d1b-b968-4552-b9fe-a0d14eed68d1" parentExecutionId="5e6f3c84-86b0-4116-85d1-baa68b30863e" testId="39dcb97e-c73f-c645-a77c-64d9eba0a3a3" testName="interrogative_sentences_aux" computerName="ARPAN-LAP" duration="00:00:00.0458860" startTime="2014-06-29T10:10:28.1731157+05:30" endTime="2014-06-29T10:10:28.2191183+05:30" testType="13cdc9d9-ddb5-4fa4-a97d-d965ccfc6d4b" outcome="Passed" testListId="8c84fa94-04c1-424b-9868-57a2d4851a1d" relativeResultsDirectory="5e6f3c84-86b0-4116-85d1-baa68b30863e" dataRowInfo="7" resultType="DataDrivenDataRow" />
        <UnitTestResult executionId="95a7bdfa-ad10-4093-9cfe-7850ec3263f4" parentExecutionId="5e6f3c84-86b0-4116-85d1-baa68b30863e" testId="39dcb97e-c73f-c645-a77c-64d9eba0a3a3" testName="interrogative_sentences_aux" computerName="ARPAN-LAP" duration="00:00:00.0637880" startTime="2014-06-29T10:10:28.2191183+05:30" endTime="2014-06-29T10:10:28.2831220+05:30" testType="13cdc9d9-ddb5-4fa4-a97d-d965ccfc6d4b" outcome="Passed" testListId="8c84fa94-04c1-424b-9868-57a2d4851a1d" relativeResultsDirectory="5e6f3c84-86b0-4116-85d1-baa68b30863e" dataRowInfo="8" resultType="DataDrivenDataRow" />
        <UnitTestResult executionId="2b643d09-59d5-449a-9475-74b22921d768" parentExecutionId="5e6f3c84-86b0-4116-85d1-baa68b30863e" testId="39dcb97e-c73f-c645-a77c-64d9eba0a3a3" testName="interrogative_sentences_aux" computerName="ARPAN-LAP" duration="00:00:00.0262354" startTime="2014-06-29T10:10:28.2831220+05:30" endTime="2014-06-29T10:10:28.3091234+05:30" testType="13cdc9d9-ddb5-4fa4-a97d-d965ccfc6d4b" outcome="Passed" testListId="8c84fa94-04c1-424b-9868-57a2d4851a1d" relativeResultsDirectory="5e6f3c84-86b0-4116-85d1-baa68b30863e" dataRowInfo="9" resultType="DataDrivenDataRow" />
        <UnitTestResult executionId="afe881a9-225f-4e67-882d-05f9e77e9d04" parentExecutionId="5e6f3c84-86b0-4116-85d1-baa68b30863e" testId="39dcb97e-c73f-c645-a77c-64d9eba0a3a3" testName="interrogative_sentences_aux" computerName="ARPAN-LAP" duration="00:00:00.0208050" startTime="2014-06-29T10:10:28.3091234+05:30" endTime="2014-06-29T10:10:28.3301246+05:30" testType="13cdc9d9-ddb5-4fa4-a97d-d965ccfc6d4b" outcome="Passed" testListId="8c84fa94-04c1-424b-9868-57a2d4851a1d" relativeResultsDirectory="5e6f3c84-86b0-4116-85d1-baa68b30863e" dataRowInfo="10" resultType="DataDrivenDataRow" />
        <UnitTestResult executionId="542be169-f908-4214-8150-b02aac986547" parentExecutionId="5e6f3c84-86b0-4116-85d1-baa68b30863e" testId="39dcb97e-c73f-c645-a77c-64d9eba0a3a3" testName="interrogative_sentences_aux" computerName="ARPAN-LAP" duration="00:00:00.0301568" startTime="2014-06-29T10:10:28.3301246+05:30" endTime="2014-06-29T10:10:28.3601264+05:30" testType="13cdc9d9-ddb5-4fa4-a97d-d965ccfc6d4b" outcome="Passed" testListId="8c84fa94-04c1-424b-9868-57a2d4851a1d" relativeResultsDirectory="5e6f3c84-86b0-4116-85d1-baa68b30863e" dataRowInfo="11" resultType="DataDrivenDataRow" />
        <UnitTestResult executionId="7b219795-1de5-4776-84b4-b772afc50126" parentExecutionId="5e6f3c84-86b0-4116-85d1-baa68b30863e" testId="39dcb97e-c73f-c645-a77c-64d9eba0a3a3" testName="interrogative_sentences_aux" computerName="ARPAN-LAP" duration="00:00:00.0190455" startTime="2014-06-29T10:10:28.3601264+05:30" endTime="2014-06-29T10:10:28.3791275+05:30" testType="13cdc9d9-ddb5-4fa4-a97d-d965ccfc6d4b" outcome="Passed" testListId="8c84fa94-04c1-424b-9868-57a2d4851a1d" relativeResultsDirectory="5e6f3c84-86b0-4116-85d1-baa68b30863e" dataRowInfo="12" resultType="DataDrivenDataRow" />
        <UnitTestResult executionId="437170d7-c1c9-43a6-9856-446c9d306835" parentExecutionId="5e6f3c84-86b0-4116-85d1-baa68b30863e" testId="39dcb97e-c73f-c645-a77c-64d9eba0a3a3" testName="interrogative_sentences_aux" computerName="ARPAN-LAP" duration="00:00:00.0245529" startTime="2014-06-29T10:10:28.3791275+05:30" endTime="2014-06-29T10:10:28.4041289+05:30" testType="13cdc9d9-ddb5-4fa4-a97d-d965ccfc6d4b" outcome="Passed" testListId="8c84fa94-04c1-424b-9868-57a2d4851a1d" relativeResultsDirectory="5e6f3c84-86b0-4116-85d1-baa68b30863e" dataRowInfo="13" resultType="DataDrivenDataRow" />
        <UnitTestResult executionId="93415722-781f-4d1b-82f2-833e803ade65" parentExecutionId="5e6f3c84-86b0-4116-85d1-baa68b30863e" testId="39dcb97e-c73f-c645-a77c-64d9eba0a3a3" testName="interrogative_sentences_aux" computerName="ARPAN-LAP" duration="00:00:00.0215107" startTime="2014-06-29T10:10:28.4041289+05:30" endTime="2014-06-29T10:10:28.4251301+05:30" testType="13cdc9d9-ddb5-4fa4-a97d-d965ccfc6d4b" outcome="Passed" testListId="8c84fa94-04c1-424b-9868-57a2d4851a1d" relativeResultsDirectory="5e6f3c84-86b0-4116-85d1-baa68b30863e" dataRowInfo="14" resultType="DataDrivenDataRow" />
        <UnitTestResult executionId="53d58752-ad2b-421c-8302-efcaebb3aa36" parentExecutionId="5e6f3c84-86b0-4116-85d1-baa68b30863e" testId="39dcb97e-c73f-c645-a77c-64d9eba0a3a3" testName="interrogative_sentences_aux" computerName="ARPAN-LAP" duration="00:00:00.0192538" startTime="2014-06-29T10:10:28.4251301+05:30" endTime="2014-06-29T10:10:28.4451312+05:30" testType="13cdc9d9-ddb5-4fa4-a97d-d965ccfc6d4b" outcome="Passed" testListId="8c84fa94-04c1-424b-9868-57a2d4851a1d" relativeResultsDirectory="5e6f3c84-86b0-4116-85d1-baa68b30863e" dataRowInfo="15" resultType="DataDrivenDataRow" />
        <UnitTestResult executionId="f123541e-43c2-455b-ad06-ff3771919dea" parentExecutionId="5e6f3c84-86b0-4116-85d1-baa68b30863e" testId="39dcb97e-c73f-c645-a77c-64d9eba0a3a3" testName="interrogative_sentences_aux" computerName="ARPAN-LAP" duration="00:00:00.0176704" startTime="2014-06-29T10:10:28.4451312+05:30" endTime="2014-06-29T10:10:28.4621322+05:30" testType="13cdc9d9-ddb5-4fa4-a97d-d965ccfc6d4b" outcome="Passed" testListId="8c84fa94-04c1-424b-9868-57a2d4851a1d" relativeResultsDirectory="5e6f3c84-86b0-4116-85d1-baa68b30863e" dataRowInfo="16" resultType="DataDrivenDataRow" />
        <UnitTestResult executionId="398b23f3-03c8-4414-b472-220b8d310a96" parentExecutionId="5e6f3c84-86b0-4116-85d1-baa68b30863e" testId="39dcb97e-c73f-c645-a77c-64d9eba0a3a3" testName="interrogative_sentences_aux" computerName="ARPAN-LAP" duration="00:00:00.0253212" startTime="2014-06-29T10:10:28.4621322+05:30" endTime="2014-06-29T10:10:28.4881337+05:30" testType="13cdc9d9-ddb5-4fa4-a97d-d965ccfc6d4b" outcome="Passed" testListId="8c84fa94-04c1-424b-9868-57a2d4851a1d" relativeResultsDirectory="5e6f3c84-86b0-4116-85d1-baa68b30863e" dataRowInfo="17" resultType="DataDrivenDataRow" />
        <UnitTestResult executionId="93968993-1109-4d7a-8fad-03072de7fa7a" parentExecutionId="5e6f3c84-86b0-4116-85d1-baa68b30863e" testId="39dcb97e-c73f-c645-a77c-64d9eba0a3a3" testName="interrogative_sentences_aux" computerName="ARPAN-LAP" duration="00:00:00.0164170" startTime="2014-06-29T10:10:28.4881337+05:30" endTime="2014-06-29T10:10:28.5041346+05:30" testType="13cdc9d9-ddb5-4fa4-a97d-d965ccfc6d4b" outcome="Passed" testListId="8c84fa94-04c1-424b-9868-57a2d4851a1d" relativeResultsDirectory="5e6f3c84-86b0-4116-85d1-baa68b30863e" dataRowInfo="18" resultType="DataDrivenDataRow" />
        <UnitTestResult executionId="c3e52b01-ede4-4573-aeff-a5fd397aff77" parentExecutionId="5e6f3c84-86b0-4116-85d1-baa68b30863e" testId="39dcb97e-c73f-c645-a77c-64d9eba0a3a3" testName="interrogative_sentences_aux" computerName="ARPAN-LAP" duration="00:00:00.0224028" startTime="2014-06-29T10:10:28.5041346+05:30" endTime="2014-06-29T10:10:28.5271359+05:30" testType="13cdc9d9-ddb5-4fa4-a97d-d965ccfc6d4b" outcome="Passed" testListId="8c84fa94-04c1-424b-9868-57a2d4851a1d" relativeResultsDirectory="5e6f3c84-86b0-4116-85d1-baa68b30863e" dataRowInfo="19" resultType="DataDrivenDataRow" />
      </InnerResults>
    </UnitTestResult>
    <UnitTestResult executionId="f0bd2a92-de08-489a-be52-0a96700c3231" testId="4e91a3b9-9eae-ebff-0b97-303f00578a78" testName="interrogative_sentences_whom" computerName="ARPAN-LAP" duration="00:00:00.0564882" startTime="2014-06-29T10:10:28.5911396+05:30" endTime="2014-06-29T10:10:28.6611436+05:30" testType="13cdc9d9-ddb5-4fa4-a97d-d965ccfc6d4b" outcome="Passed" testListId="8c84fa94-04c1-424b-9868-57a2d4851a1d" relativeResultsDirectory="f0bd2a92-de08-489a-be52-0a96700c3231" resultType="DataDrivenTest">
      <Counters error="0" failed="0" timeout="0" aborted="0" inconclusive="0" passedButRunAborted="0" notRunnable="0" notExecuted="0" disconnected="0" warning="0" passed="2" completed="0" inProgress="0" pending="0" />
      <InnerResults>
        <UnitTestResult executionId="453d8529-1629-4585-ba9a-9ab883c16f62" parentExecutionId="f0bd2a92-de08-489a-be52-0a96700c3231" testId="4e91a3b9-9eae-ebff-0b97-303f00578a78" testName="interrogative_sentences_whom" computerName="ARPAN-LAP" duration="00:00:00.0290789" startTime="2014-06-29T10:10:28.5981400+05:30" endTime="2014-06-29T10:10:28.6271416+05:30" testType="13cdc9d9-ddb5-4fa4-a97d-d965ccfc6d4b" outcome="Passed" testListId="8c84fa94-04c1-424b-9868-57a2d4851a1d" relativeResultsDirectory="f0bd2a92-de08-489a-be52-0a96700c3231" dataRowInfo="0" resultType="DataDrivenDataRow" />
        <UnitTestResult executionId="c5409ef3-8474-4f09-82e2-a0fe64c839b2" parentExecutionId="f0bd2a92-de08-489a-be52-0a96700c3231" testId="4e91a3b9-9eae-ebff-0b97-303f00578a78" testName="interrogative_sentences_whom" computerName="ARPAN-LAP" duration="00:00:00.0244143" startTime="2014-06-29T10:10:28.6271416+05:30" endTime="2014-06-29T10:10:28.6521431+05:30" testType="13cdc9d9-ddb5-4fa4-a97d-d965ccfc6d4b" outcome="Passed" testListId="8c84fa94-04c1-424b-9868-57a2d4851a1d" relativeResultsDirectory="f0bd2a92-de08-489a-be52-0a96700c3231" dataRowInfo="1" resultType="DataDrivenDataRow" />
      </InnerResults>
    </UnitTestResult>
    <UnitTestResult executionId="1b02b2f6-f6a9-495f-af7f-5f3f7a9c6d8c" testId="533e7939-123c-ce84-5c5c-d5a21d1d95b9" testName="special_handling_do_verb" computerName="ARPAN-LAP" duration="00:00:00.4120180" startTime="2014-06-29T10:10:28.6631437+05:30" endTime="2014-06-29T10:10:29.1171697+05:30" testType="13cdc9d9-ddb5-4fa4-a97d-d965ccfc6d4b" outcome="Passed" testListId="8c84fa94-04c1-424b-9868-57a2d4851a1d" relativeResultsDirectory="1b02b2f6-f6a9-495f-af7f-5f3f7a9c6d8c" resultType="DataDrivenTest">
      <Counters error="0" failed="0" timeout="0" aborted="0" inconclusive="0" passedButRunAborted="0" notRunnable="0" notExecuted="0" disconnected="0" warning="0" passed="13" completed="0" inProgress="0" pending="0" />
      <InnerResults>
        <UnitTestResult executionId="58b3ad15-9692-4b0d-abca-0ac78a3b94fe" parentExecutionId="1b02b2f6-f6a9-495f-af7f-5f3f7a9c6d8c" testId="533e7939-123c-ce84-5c5c-d5a21d1d95b9" testName="special_handling_do_verb" computerName="ARPAN-LAP" duration="00:00:00.0352079" startTime="2014-06-29T10:10:28.7021459+05:30" endTime="2014-06-29T10:10:28.7371479+05:30" testType="13cdc9d9-ddb5-4fa4-a97d-d965ccfc6d4b" outcome="Passed" testListId="8c84fa94-04c1-424b-9868-57a2d4851a1d" relativeResultsDirectory="1b02b2f6-f6a9-495f-af7f-5f3f7a9c6d8c" dataRowInfo="0" resultType="DataDrivenDataRow" />
        <UnitTestResult executionId="46289879-690a-4bfa-920c-908e57335001" parentExecutionId="1b02b2f6-f6a9-495f-af7f-5f3f7a9c6d8c" testId="533e7939-123c-ce84-5c5c-d5a21d1d95b9" testName="special_handling_do_verb" computerName="ARPAN-LAP" duration="00:00:00.0349338" startTime="2014-06-29T10:10:28.7371479+05:30" endTime="2014-06-29T10:10:28.7721499+05:30" testType="13cdc9d9-ddb5-4fa4-a97d-d965ccfc6d4b" outcome="Passed" testListId="8c84fa94-04c1-424b-9868-57a2d4851a1d" relativeResultsDirectory="1b02b2f6-f6a9-495f-af7f-5f3f7a9c6d8c" dataRowInfo="1" resultType="DataDrivenDataRow" />
        <UnitTestResult executionId="cb45ce6b-d0c2-4ee1-8168-51fd38bf689a" parentExecutionId="1b02b2f6-f6a9-495f-af7f-5f3f7a9c6d8c" testId="533e7939-123c-ce84-5c5c-d5a21d1d95b9" testName="special_handling_do_verb" computerName="ARPAN-LAP" duration="00:00:00.0265151" startTime="2014-06-29T10:10:28.7721499+05:30" endTime="2014-06-29T10:10:28.7981514+05:30" testType="13cdc9d9-ddb5-4fa4-a97d-d965ccfc6d4b" outcome="Passed" testListId="8c84fa94-04c1-424b-9868-57a2d4851a1d" relativeResultsDirectory="1b02b2f6-f6a9-495f-af7f-5f3f7a9c6d8c" dataRowInfo="2" resultType="DataDrivenDataRow" />
        <UnitTestResult executionId="b2bb5b92-75b7-4950-90fc-0df17a14352b" parentExecutionId="1b02b2f6-f6a9-495f-af7f-5f3f7a9c6d8c" testId="533e7939-123c-ce84-5c5c-d5a21d1d95b9" testName="special_handling_do_verb" computerName="ARPAN-LAP" duration="00:00:00.0324362" startTime="2014-06-29T10:10:28.7981514+05:30" endTime="2014-06-29T10:10:28.8311533+05:30" testType="13cdc9d9-ddb5-4fa4-a97d-d965ccfc6d4b" outcome="Passed" testListId="8c84fa94-04c1-424b-9868-57a2d4851a1d" relativeResultsDirectory="1b02b2f6-f6a9-495f-af7f-5f3f7a9c6d8c" dataRowInfo="3" resultType="DataDrivenDataRow" />
        <UnitTestResult executionId="aaa8e407-0b4b-4ec3-b204-4beba221406a" parentExecutionId="1b02b2f6-f6a9-495f-af7f-5f3f7a9c6d8c" testId="533e7939-123c-ce84-5c5c-d5a21d1d95b9" testName="special_handling_do_verb" computerName="ARPAN-LAP" duration="00:00:00.0222062" startTime="2014-06-29T10:10:28.8311533+05:30" endTime="2014-06-29T10:10:28.8531546+05:30" testType="13cdc9d9-ddb5-4fa4-a97d-d965ccfc6d4b" outcome="Passed" testListId="8c84fa94-04c1-424b-9868-57a2d4851a1d" relativeResultsDirectory="1b02b2f6-f6a9-495f-af7f-5f3f7a9c6d8c" dataRowInfo="4" resultType="DataDrivenDataRow" />
        <UnitTestResult executionId="14462f65-9de6-40af-b450-f8222a777533" parentExecutionId="1b02b2f6-f6a9-495f-af7f-5f3f7a9c6d8c" testId="533e7939-123c-ce84-5c5c-d5a21d1d95b9" testName="special_handling_do_verb" computerName="ARPAN-LAP" duration="00:00:00.0321524" startTime="2014-06-29T10:10:28.8531546+05:30" endTime="2014-06-29T10:10:28.8851564+05:30" testType="13cdc9d9-ddb5-4fa4-a97d-d965ccfc6d4b" outcome="Passed" testListId="8c84fa94-04c1-424b-9868-57a2d4851a1d" relativeResultsDirectory="1b02b2f6-f6a9-495f-af7f-5f3f7a9c6d8c" dataRowInfo="5" resultType="DataDrivenDataRow" />
        <UnitTestResult executionId="9a1cc440-11e2-4292-af64-9dabb4f236f6" parentExecutionId="1b02b2f6-f6a9-495f-af7f-5f3f7a9c6d8c" testId="533e7939-123c-ce84-5c5c-d5a21d1d95b9" testName="special_handling_do_verb" computerName="ARPAN-LAP" duration="00:00:00.0307671" startTime="2014-06-29T10:10:28.8851564+05:30" endTime="2014-06-29T10:10:28.9161582+05:30" testType="13cdc9d9-ddb5-4fa4-a97d-d965ccfc6d4b" outcome="Passed" testListId="8c84fa94-04c1-424b-9868-57a2d4851a1d" relativeResultsDirectory="1b02b2f6-f6a9-495f-af7f-5f3f7a9c6d8c" dataRowInfo="6" resultType="DataDrivenDataRow" />
        <UnitTestResult executionId="5aae7d91-e784-4162-b553-a0feaf1a597f" parentExecutionId="1b02b2f6-f6a9-495f-af7f-5f3f7a9c6d8c" testId="533e7939-123c-ce84-5c5c-d5a21d1d95b9" testName="special_handling_do_verb" computerName="ARPAN-LAP" duration="00:00:00.0276998" startTime="2014-06-29T10:10:28.9161582+05:30" endTime="2014-06-29T10:10:28.9441598+05:30" testType="13cdc9d9-ddb5-4fa4-a97d-d965ccfc6d4b" outcome="Passed" testListId="8c84fa94-04c1-424b-9868-57a2d4851a1d" relativeResultsDirectory="1b02b2f6-f6a9-495f-af7f-5f3f7a9c6d8c" dataRowInfo="7" resultType="DataDrivenDataRow" />
        <UnitTestResult executionId="c313007c-71b0-45d4-b82e-d3f4ddd030b7" parentExecutionId="1b02b2f6-f6a9-495f-af7f-5f3f7a9c6d8c" testId="533e7939-123c-ce84-5c5c-d5a21d1d95b9" testName="special_handling_do_verb" computerName="ARPAN-LAP" duration="00:00:00.0214635" startTime="2014-06-29T10:10:28.9441598+05:30" endTime="2014-06-29T10:10:28.9651610+05:30" testType="13cdc9d9-ddb5-4fa4-a97d-d965ccfc6d4b" outcome="Passed" testListId="8c84fa94-04c1-424b-9868-57a2d4851a1d" relativeResultsDirectory="1b02b2f6-f6a9-495f-af7f-5f3f7a9c6d8c" dataRowInfo="8" resultType="DataDrivenDataRow" />
        <UnitTestResult executionId="2bad89ad-df1a-4d6a-b406-8d7aad8cb31b" parentExecutionId="1b02b2f6-f6a9-495f-af7f-5f3f7a9c6d8c" testId="533e7939-123c-ce84-5c5c-d5a21d1d95b9" testName="special_handling_do_verb" computerName="ARPAN-LAP" duration="00:00:00.0337831" startTime="2014-06-29T10:10:28.9651610+05:30" endTime="2014-06-29T10:10:28.9991629+05:30" testType="13cdc9d9-ddb5-4fa4-a97d-d965ccfc6d4b" outcome="Passed" testListId="8c84fa94-04c1-424b-9868-57a2d4851a1d" relativeResultsDirectory="1b02b2f6-f6a9-495f-af7f-5f3f7a9c6d8c" dataRowInfo="9" resultType="DataDrivenDataRow" />
        <UnitTestResult executionId="dde7277d-415c-42fd-a386-99e5b092b82c" parentExecutionId="1b02b2f6-f6a9-495f-af7f-5f3f7a9c6d8c" testId="533e7939-123c-ce84-5c5c-d5a21d1d95b9" testName="special_handling_do_verb" computerName="ARPAN-LAP" duration="00:00:00.0208804" startTime="2014-06-29T10:10:28.9991629+05:30" endTime="2014-06-29T10:10:29.0201641+05:30" testType="13cdc9d9-ddb5-4fa4-a97d-d965ccfc6d4b" outcome="Passed" testListId="8c84fa94-04c1-424b-9868-57a2d4851a1d" relativeResultsDirectory="1b02b2f6-f6a9-495f-af7f-5f3f7a9c6d8c" dataRowInfo="10" resultType="DataDrivenDataRow" />
        <UnitTestResult executionId="043ab4b6-a73d-4c41-a87a-bec49da1e18e" parentExecutionId="1b02b2f6-f6a9-495f-af7f-5f3f7a9c6d8c" testId="533e7939-123c-ce84-5c5c-d5a21d1d95b9" testName="special_handling_do_verb" computerName="ARPAN-LAP" duration="00:00:00.0315847" startTime="2014-06-29T10:10:29.0201641+05:30" endTime="2014-06-29T10:10:29.0521659+05:30" testType="13cdc9d9-ddb5-4fa4-a97d-d965ccfc6d4b" outcome="Passed" testListId="8c84fa94-04c1-424b-9868-57a2d4851a1d" relativeResultsDirectory="1b02b2f6-f6a9-495f-af7f-5f3f7a9c6d8c" dataRowInfo="11" resultType="DataDrivenDataRow" />
        <UnitTestResult executionId="dcae7639-95a7-4099-b213-de2cfe9c6a34" parentExecutionId="1b02b2f6-f6a9-495f-af7f-5f3f7a9c6d8c" testId="533e7939-123c-ce84-5c5c-d5a21d1d95b9" testName="special_handling_do_verb" computerName="ARPAN-LAP" duration="00:00:00.0283496" startTime="2014-06-29T10:10:29.0521659+05:30" endTime="2014-06-29T10:10:29.0801675+05:30" testType="13cdc9d9-ddb5-4fa4-a97d-d965ccfc6d4b" outcome="Passed" testListId="8c84fa94-04c1-424b-9868-57a2d4851a1d" relativeResultsDirectory="1b02b2f6-f6a9-495f-af7f-5f3f7a9c6d8c" dataRowInfo="12" resultType="DataDrivenDataRow" />
      </InnerResults>
    </UnitTestResult>
    <UnitTestResult executionId="47b43fd6-04b0-4f43-b714-2b8245e66abe" testId="642ce34f-0ed4-f995-637b-09297c832f2a" testName="RandomWord" computerName="ARPAN-LAP" duration="00:00:00.3653774" startTime="2014-06-29T10:10:29.1231700+05:30" endTime="2014-06-29T10:10:29.5001916+05:30" testType="13cdc9d9-ddb5-4fa4-a97d-d965ccfc6d4b" outcome="Failed" testListId="8c84fa94-04c1-424b-9868-57a2d4851a1d" relativeResultsDirectory="47b43fd6-04b0-4f43-b714-2b8245e66abe" resultType="DataDrivenTest">
      <Counters error="0" failed="1" timeout="0" aborted="0" inconclusive="0" passedButRunAborted="0" notRunnable="0" notExecuted="0" disconnected="0" warning="0" passed="0" completed="0" inProgress="0" pending="0" />
      <InnerResults>
        <UnitTestResult executionId="06e40382-70b8-491d-a9a1-8b8c1b84d306" parentExecutionId="47b43fd6-04b0-4f43-b714-2b8245e66abe" testId="642ce34f-0ed4-f995-637b-09297c832f2a" testName="RandomWord" computerName="ARPAN-LAP" duration="00:00:00.1771417" startTime="2014-06-29T10:10:29.3171811+05:30" endTime="2014-06-29T10:10:29.4941912+05:30" testType="13cdc9d9-ddb5-4fa4-a97d-d965ccfc6d4b" outcome="Failed" testListId="8c84fa94-04c1-424b-9868-57a2d4851a1d" relativeResultsDirectory="47b43fd6-04b0-4f43-b714-2b8245e66abe" dataRowInfo="0" resultType="DataDrivenDataRow">
          <Output>
            <ErrorInfo>
              <Message>Assert.AreEqual failed. Expected:&lt;পূর্ব সলোমন এর নৌ যুদ্ধ ২৪–২৫ অগষ্ট ১৯৪২ য়ে স্থান গ্রহণ করেছিল , এবং দ্বিতীয় বিশ্ব যুদ্ধ এর প্রশান্ত মহাসাগর সংগঠিত প্রচারকার্য এর তৃতীয় যুদ্ধ বাহক ।&gt;. Actual:&lt;পূর্ব সলোমন এর নৌ যুদ্ধ ২৪–২৫ অগষ্ট ১৯৪২ য়ে স্থান গ্রহণ করেছিল , এবং দ্বিতীয় বিশ্ব যুদ্ধ এর pacific:NP সংগঠিত প্রচারকার্য এর তৃতীয় যুদ্ধ বাহক ।&gt;. The naval Battle of the Eastern Solomons took place on 24–25 August 1942, and was the third carrier battle of the Pacific campaign of second World War.</Message>
              <StackTrace>   at UnitTest.BnlpTest.RandomWord() in D:\software\Project\BNLP\UnitTest\BnlpTest.cs:line 526
</StackTrace>
            </ErrorInfo>
          </Output>
        </UnitTestResult>
      </InnerResults>
    </UnitTestResult>
    <UnitTestResult executionId="10e354a7-b7fd-413d-9706-f86db54b347a" testId="783915fe-114a-e353-78dd-56e92a60f942" testName="all_persons_modal_should" computerName="ARPAN-LAP" duration="00:00:00.4731766" startTime="2014-06-29T10:10:29.5021917+05:30" endTime="2014-06-29T10:10:30.0272217+05:30" testType="13cdc9d9-ddb5-4fa4-a97d-d965ccfc6d4b" outcome="Passed" testListId="8c84fa94-04c1-424b-9868-57a2d4851a1d" relativeResultsDirectory="10e354a7-b7fd-413d-9706-f86db54b347a" resultType="DataDrivenTest">
      <Counters error="0" failed="0" timeout="0" aborted="0" inconclusive="0" passedButRunAborted="0" notRunnable="0" notExecuted="0" disconnected="0" warning="0" passed="17" completed="0" inProgress="0" pending="0" />
      <InnerResults>
        <UnitTestResult executionId="d1f01e8f-c1bd-42e7-ac30-c25c8858b34d" parentExecutionId="10e354a7-b7fd-413d-9706-f86db54b347a" testId="783915fe-114a-e353-78dd-56e92a60f942" testName="all_persons_modal_should" computerName="ARPAN-LAP" duration="00:00:00.0230654" startTime="2014-06-29T10:10:29.5241929+05:30" endTime="2014-06-29T10:10:29.5471943+05:30" testType="13cdc9d9-ddb5-4fa4-a97d-d965ccfc6d4b" outcome="Passed" testListId="8c84fa94-04c1-424b-9868-57a2d4851a1d" relativeResultsDirectory="10e354a7-b7fd-413d-9706-f86db54b347a" dataRowInfo="0" resultType="DataDrivenDataRow" />
        <UnitTestResult executionId="ec0abab0-ec98-4088-9bb2-e0610fe8113b" parentExecutionId="10e354a7-b7fd-413d-9706-f86db54b347a" testId="783915fe-114a-e353-78dd-56e92a60f942" testName="all_persons_modal_should" computerName="ARPAN-LAP" duration="00:00:00.0272260" startTime="2014-06-29T10:10:29.5471943+05:30" endTime="2014-06-29T10:10:29.5741958+05:30" testType="13cdc9d9-ddb5-4fa4-a97d-d965ccfc6d4b" outcome="Passed" testListId="8c84fa94-04c1-424b-9868-57a2d4851a1d" relativeResultsDirectory="10e354a7-b7fd-413d-9706-f86db54b347a" dataRowInfo="1" resultType="DataDrivenDataRow" />
        <UnitTestResult executionId="10d06ae5-dc99-44b4-a85f-e444d26b2354" parentExecutionId="10e354a7-b7fd-413d-9706-f86db54b347a" testId="783915fe-114a-e353-78dd-56e92a60f942" testName="all_persons_modal_should" computerName="ARPAN-LAP" duration="00:00:00.0293735" startTime="2014-06-29T10:10:29.5741958+05:30" endTime="2014-06-29T10:10:29.6031975+05:30" testType="13cdc9d9-ddb5-4fa4-a97d-d965ccfc6d4b" outcome="Passed" testListId="8c84fa94-04c1-424b-9868-57a2d4851a1d" relativeResultsDirectory="10e354a7-b7fd-413d-9706-f86db54b347a" dataRowInfo="2" resultType="DataDrivenDataRow" />
        <UnitTestResult executionId="85c29eb5-a008-473d-8a64-d4992b116a24" parentExecutionId="10e354a7-b7fd-413d-9706-f86db54b347a" testId="783915fe-114a-e353-78dd-56e92a60f942" testName="all_persons_modal_should" computerName="ARPAN-LAP" duration="00:00:00.0334402" startTime="2014-06-29T10:10:29.6031975+05:30" endTime="2014-06-29T10:10:29.6371994+05:30" testType="13cdc9d9-ddb5-4fa4-a97d-d965ccfc6d4b" outcome="Passed" testListId="8c84fa94-04c1-424b-9868-57a2d4851a1d" relativeResultsDirectory="10e354a7-b7fd-413d-9706-f86db54b347a" dataRowInfo="3" resultType="DataDrivenDataRow" />
        <UnitTestResult executionId="3094f4f7-e246-48d7-908c-7d310346d04e" parentExecutionId="10e354a7-b7fd-413d-9706-f86db54b347a" testId="783915fe-114a-e353-78dd-56e92a60f942" testName="all_persons_modal_should" computerName="ARPAN-LAP" duration="00:00:00.0175765" startTime="2014-06-29T10:10:29.6371994+05:30" endTime="2014-06-29T10:10:29.6542004+05:30" testType="13cdc9d9-ddb5-4fa4-a97d-d965ccfc6d4b" outcome="Passed" testListId="8c84fa94-04c1-424b-9868-57a2d4851a1d" relativeResultsDirectory="10e354a7-b7fd-413d-9706-f86db54b347a" dataRowInfo="4" resultType="DataDrivenDataRow" />
        <UnitTestResult executionId="9ce0d524-d0c8-4462-b43d-8326c6286cfa" parentExecutionId="10e354a7-b7fd-413d-9706-f86db54b347a" testId="783915fe-114a-e353-78dd-56e92a60f942" testName="all_persons_modal_should" computerName="ARPAN-LAP" duration="00:00:00.0228714" startTime="2014-06-29T10:10:29.6542004+05:30" endTime="2014-06-29T10:10:29.6772017+05:30" testType="13cdc9d9-ddb5-4fa4-a97d-d965ccfc6d4b" outcome="Passed" testListId="8c84fa94-04c1-424b-9868-57a2d4851a1d" relativeResultsDirectory="10e354a7-b7fd-413d-9706-f86db54b347a" dataRowInfo="5" resultType="DataDrivenDataRow" />
        <UnitTestResult executionId="5bc1cb27-fe46-46cf-a2dc-edfdd45df90c" parentExecutionId="10e354a7-b7fd-413d-9706-f86db54b347a" testId="783915fe-114a-e353-78dd-56e92a60f942" testName="all_persons_modal_should" computerName="ARPAN-LAP" duration="00:00:00.0234760" startTime="2014-06-29T10:10:29.6772017+05:30" endTime="2014-06-29T10:10:29.7012031+05:30" testType="13cdc9d9-ddb5-4fa4-a97d-d965ccfc6d4b" outcome="Passed" testListId="8c84fa94-04c1-424b-9868-57a2d4851a1d" relativeResultsDirectory="10e354a7-b7fd-413d-9706-f86db54b347a" dataRowInfo="6" resultType="DataDrivenDataRow" />
        <UnitTestResult executionId="19023faf-5f46-46d4-8b17-9442180b0359" parentExecutionId="10e354a7-b7fd-413d-9706-f86db54b347a" testId="783915fe-114a-e353-78dd-56e92a60f942" testName="all_persons_modal_should" computerName="ARPAN-LAP" duration="00:00:00.0296892" startTime="2014-06-29T10:10:29.7012031+05:30" endTime="2014-06-29T10:10:29.7312048+05:30" testType="13cdc9d9-ddb5-4fa4-a97d-d965ccfc6d4b" outcome="Passed" testListId="8c84fa94-04c1-424b-9868-57a2d4851a1d" relativeResultsDirectory="10e354a7-b7fd-413d-9706-f86db54b347a" dataRowInfo="7" resultType="DataDrivenDataRow" />
        <UnitTestResult executionId="48916320-7a79-4911-86cc-f10fe5874496" parentExecutionId="10e354a7-b7fd-413d-9706-f86db54b347a" testId="783915fe-114a-e353-78dd-56e92a60f942" testName="all_persons_modal_should" computerName="ARPAN-LAP" duration="00:00:00.0181975" startTime="2014-06-29T10:10:29.7312048+05:30" endTime="2014-06-29T10:10:29.7492058+05:30" testType="13cdc9d9-ddb5-4fa4-a97d-d965ccfc6d4b" outcome="Passed" testListId="8c84fa94-04c1-424b-9868-57a2d4851a1d" relativeResultsDirectory="10e354a7-b7fd-413d-9706-f86db54b347a" dataRowInfo="8" resultType="DataDrivenDataRow" />
        <UnitTestResult executionId="a9b2faab-18d7-4bcc-8d5a-e140b3c7757c" parentExecutionId="10e354a7-b7fd-413d-9706-f86db54b347a" testId="783915fe-114a-e353-78dd-56e92a60f942" testName="all_persons_modal_should" computerName="ARPAN-LAP" duration="00:00:00.0288038" startTime="2014-06-29T10:10:29.7492058+05:30" endTime="2014-06-29T10:10:29.7782075+05:30" testType="13cdc9d9-ddb5-4fa4-a97d-d965ccfc6d4b" outcome="Passed" testListId="8c84fa94-04c1-424b-9868-57a2d4851a1d" relativeResultsDirectory="10e354a7-b7fd-413d-9706-f86db54b347a" dataRowInfo="9" resultType="DataDrivenDataRow" />
        <UnitTestResult executionId="2616f5ce-5b97-4db2-b1f4-9a1f14c3f4e0" parentExecutionId="10e354a7-b7fd-413d-9706-f86db54b347a" testId="783915fe-114a-e353-78dd-56e92a60f942" testName="all_persons_modal_should" computerName="ARPAN-LAP" duration="00:00:00.0364177" startTime="2014-06-29T10:10:29.7782075+05:30" endTime="2014-06-29T10:10:29.8142095+05:30" testType="13cdc9d9-ddb5-4fa4-a97d-d965ccfc6d4b" outcome="Passed" testListId="8c84fa94-04c1-424b-9868-57a2d4851a1d" relativeResultsDirectory="10e354a7-b7fd-413d-9706-f86db54b347a" dataRowInfo="10" resultType="DataDrivenDataRow" />
        <UnitTestResult executionId="95172fff-31b3-4320-aeed-64f37ff5b0c3" parentExecutionId="10e354a7-b7fd-413d-9706-f86db54b347a" testId="783915fe-114a-e353-78dd-56e92a60f942" testName="all_persons_modal_should" computerName="ARPAN-LAP" duration="00:00:00.0356950" startTime="2014-06-29T10:10:29.8142095+05:30" endTime="2014-06-29T10:10:29.8502116+05:30" testType="13cdc9d9-ddb5-4fa4-a97d-d965ccfc6d4b" outcome="Passed" testListId="8c84fa94-04c1-424b-9868-57a2d4851a1d" relativeResultsDirectory="10e354a7-b7fd-413d-9706-f86db54b347a" dataRowInfo="11" resultType="DataDrivenDataRow" />
        <UnitTestResult executionId="df9d9c7c-f22d-4fcb-b672-18b32c72f4bb" parentExecutionId="10e354a7-b7fd-413d-9706-f86db54b347a" testId="783915fe-114a-e353-78dd-56e92a60f942" testName="all_persons_modal_should" computerName="ARPAN-LAP" duration="00:00:00.0243542" startTime="2014-06-29T10:10:29.8502116+05:30" endTime="2014-06-29T10:10:29.8742130+05:30" testType="13cdc9d9-ddb5-4fa4-a97d-d965ccfc6d4b" outcome="Passed" testListId="8c84fa94-04c1-424b-9868-57a2d4851a1d" relativeResultsDirectory="10e354a7-b7fd-413d-9706-f86db54b347a" dataRowInfo="12" resultType="DataDrivenDataRow" />
        <UnitTestResult executionId="952f4791-fb3e-4f0a-b1e7-819c2de9e7ea" parentExecutionId="10e354a7-b7fd-413d-9706-f86db54b347a" testId="783915fe-114a-e353-78dd-56e92a60f942" testName="all_persons_modal_should" computerName="ARPAN-LAP" duration="00:00:00.0259279" startTime="2014-06-29T10:10:29.8742130+05:30" endTime="2014-06-29T10:10:29.9002145+05:30" testType="13cdc9d9-ddb5-4fa4-a97d-d965ccfc6d4b" outcome="Passed" testListId="8c84fa94-04c1-424b-9868-57a2d4851a1d" relativeResultsDirectory="10e354a7-b7fd-413d-9706-f86db54b347a" dataRowInfo="13" resultType="DataDrivenDataRow" />
        <UnitTestResult executionId="cc35cc8c-ed33-465e-b2c5-eff1eb9be805" parentExecutionId="10e354a7-b7fd-413d-9706-f86db54b347a" testId="783915fe-114a-e353-78dd-56e92a60f942" testName="all_persons_modal_should" computerName="ARPAN-LAP" duration="00:00:00.0266609" startTime="2014-06-29T10:10:29.9002145+05:30" endTime="2014-06-29T10:10:29.9272160+05:30" testType="13cdc9d9-ddb5-4fa4-a97d-d965ccfc6d4b" outcome="Passed" testListId="8c84fa94-04c1-424b-9868-57a2d4851a1d" relativeResultsDirectory="10e354a7-b7fd-413d-9706-f86db54b347a" dataRowInfo="14" resultType="DataDrivenDataRow" />
        <UnitTestResult executionId="8be0a880-56e1-4cb8-a969-1d10757b7198" parentExecutionId="10e354a7-b7fd-413d-9706-f86db54b347a" testId="783915fe-114a-e353-78dd-56e92a60f942" testName="all_persons_modal_should" computerName="ARPAN-LAP" duration="00:00:00.0237440" startTime="2014-06-29T10:10:29.9272160+05:30" endTime="2014-06-29T10:10:29.9512174+05:30" testType="13cdc9d9-ddb5-4fa4-a97d-d965ccfc6d4b" outcome="Passed" testListId="8c84fa94-04c1-424b-9868-57a2d4851a1d" relativeResultsDirectory="10e354a7-b7fd-413d-9706-f86db54b347a" dataRowInfo="15" resultType="DataDrivenDataRow" />
        <UnitTestResult executionId="ef0a09f4-9991-4b7c-af1c-9f7d137d4d25" parentExecutionId="10e354a7-b7fd-413d-9706-f86db54b347a" testId="783915fe-114a-e353-78dd-56e92a60f942" testName="all_persons_modal_should" computerName="ARPAN-LAP" duration="00:00:00.0281761" startTime="2014-06-29T10:10:29.9512174+05:30" endTime="2014-06-29T10:10:29.9792190+05:30" testType="13cdc9d9-ddb5-4fa4-a97d-d965ccfc6d4b" outcome="Passed" testListId="8c84fa94-04c1-424b-9868-57a2d4851a1d" relativeResultsDirectory="10e354a7-b7fd-413d-9706-f86db54b347a" dataRowInfo="16" resultType="DataDrivenDataRow" />
      </InnerResults>
    </UnitTestResult>
    <UnitTestResult executionId="4bb8033e-caca-4040-bfe0-e6fc018f16f2" testId="7f7910d1-dc89-39b4-b4cf-d9e6d7af9420" testName="interrogative_sentences_what" computerName="ARPAN-LAP" duration="00:00:00.2396127" startTime="2014-06-29T10:10:30.0352222+05:30" endTime="2014-06-29T10:10:30.3192384+05:30" testType="13cdc9d9-ddb5-4fa4-a97d-d965ccfc6d4b" outcome="Passed" testListId="8c84fa94-04c1-424b-9868-57a2d4851a1d" relativeResultsDirectory="4bb8033e-caca-4040-bfe0-e6fc018f16f2" resultType="DataDrivenTest">
      <Counters error="0" failed="0" timeout="0" aborted="0" inconclusive="0" passedButRunAborted="0" notRunnable="0" notExecuted="0" disconnected="0" warning="0" passed="9" completed="0" inProgress="0" pending="0" />
      <InnerResults>
        <UnitTestResult executionId="bfe4b795-60e5-44bf-9dd9-e0dfb9896889" parentExecutionId="4bb8033e-caca-4040-bfe0-e6fc018f16f2" testId="7f7910d1-dc89-39b4-b4cf-d9e6d7af9420" testName="interrogative_sentences_what" computerName="ARPAN-LAP" duration="00:00:00.0246699" startTime="2014-06-29T10:10:30.0662239+05:30" endTime="2014-06-29T10:10:30.0902253+05:30" testType="13cdc9d9-ddb5-4fa4-a97d-d965ccfc6d4b" outcome="Passed" testListId="8c84fa94-04c1-424b-9868-57a2d4851a1d" relativeResultsDirectory="4bb8033e-caca-4040-bfe0-e6fc018f16f2" dataRowInfo="0" resultType="DataDrivenDataRow" />
        <UnitTestResult executionId="64070a48-295c-40fa-8abe-47084af32dd8" parentExecutionId="4bb8033e-caca-4040-bfe0-e6fc018f16f2" testId="7f7910d1-dc89-39b4-b4cf-d9e6d7af9420" testName="interrogative_sentences_what" computerName="ARPAN-LAP" duration="00:00:00.0213167" startTime="2014-06-29T10:10:30.0902253+05:30" endTime="2014-06-29T10:10:30.1122266+05:30" testType="13cdc9d9-ddb5-4fa4-a97d-d965ccfc6d4b" outcome="Passed" testListId="8c84fa94-04c1-424b-9868-57a2d4851a1d" relativeResultsDirectory="4bb8033e-caca-4040-bfe0-e6fc018f16f2" dataRowInfo="1" resultType="DataDrivenDataRow" />
        <UnitTestResult executionId="5f82dd13-f5f0-4202-ad0c-a25523798e7a" parentExecutionId="4bb8033e-caca-4040-bfe0-e6fc018f16f2" testId="7f7910d1-dc89-39b4-b4cf-d9e6d7af9420" testName="interrogative_sentences_what" computerName="ARPAN-LAP" duration="00:00:00.0259582" startTime="2014-06-29T10:10:30.1122266+05:30" endTime="2014-06-29T10:10:30.1382281+05:30" testType="13cdc9d9-ddb5-4fa4-a97d-d965ccfc6d4b" outcome="Passed" testListId="8c84fa94-04c1-424b-9868-57a2d4851a1d" relativeResultsDirectory="4bb8033e-caca-4040-bfe0-e6fc018f16f2" dataRowInfo="2" resultType="DataDrivenDataRow" />
        <UnitTestResult executionId="d5d582af-567f-42d0-b2fd-dc378402edad" parentExecutionId="4bb8033e-caca-4040-bfe0-e6fc018f16f2" testId="7f7910d1-dc89-39b4-b4cf-d9e6d7af9420" testName="interrogative_sentences_what" computerName="ARPAN-LAP" duration="00:00:00.0210190" startTime="2014-06-29T10:10:30.1382281+05:30" endTime="2014-06-29T10:10:30.1592293+05:30" testType="13cdc9d9-ddb5-4fa4-a97d-d965ccfc6d4b" outcome="Passed" testListId="8c84fa94-04c1-424b-9868-57a2d4851a1d" relativeResultsDirectory="4bb8033e-caca-4040-bfe0-e6fc018f16f2" dataRowInfo="3" resultType="DataDrivenDataRow" />
        <UnitTestResult executionId="d26c763c-405b-4e87-9dd0-1ef47566c480" parentExecutionId="4bb8033e-caca-4040-bfe0-e6fc018f16f2" testId="7f7910d1-dc89-39b4-b4cf-d9e6d7af9420" testName="interrogative_sentences_what" computerName="ARPAN-LAP" duration="00:00:00.0221143" startTime="2014-06-29T10:10:30.1592293+05:30" endTime="2014-06-29T10:10:30.1812305+05:30" testType="13cdc9d9-ddb5-4fa4-a97d-d965ccfc6d4b" outcome="Passed" testListId="8c84fa94-04c1-424b-9868-57a2d4851a1d" relativeResultsDirectory="4bb8033e-caca-4040-bfe0-e6fc018f16f2" dataRowInfo="4" resultType="DataDrivenDataRow" />
        <UnitTestResult executionId="5a2e9d7c-c6c7-4c28-8206-f2b3f91875d3" parentExecutionId="4bb8033e-caca-4040-bfe0-e6fc018f16f2" testId="7f7910d1-dc89-39b4-b4cf-d9e6d7af9420" testName="interrogative_sentences_what" computerName="ARPAN-LAP" duration="00:00:00.0264833" startTime="2014-06-29T10:10:30.1812305+05:30" endTime="2014-06-29T10:10:30.2072320+05:30" testType="13cdc9d9-ddb5-4fa4-a97d-d965ccfc6d4b" outcome="Passed" testListId="8c84fa94-04c1-424b-9868-57a2d4851a1d" relativeResultsDirectory="4bb8033e-caca-4040-bfe0-e6fc018f16f2" dataRowInfo="5" resultType="DataDrivenDataRow" />
        <UnitTestResult executionId="1da441f0-9406-426f-a257-8b1938d21dfd" parentExecutionId="4bb8033e-caca-4040-bfe0-e6fc018f16f2" testId="7f7910d1-dc89-39b4-b4cf-d9e6d7af9420" testName="interrogative_sentences_what" computerName="ARPAN-LAP" duration="00:00:00.0236593" startTime="2014-06-29T10:10:30.2072320+05:30" endTime="2014-06-29T10:10:30.2312334+05:30" testType="13cdc9d9-ddb5-4fa4-a97d-d965ccfc6d4b" outcome="Passed" testListId="8c84fa94-04c1-424b-9868-57a2d4851a1d" relativeResultsDirectory="4bb8033e-caca-4040-bfe0-e6fc018f16f2" dataRowInfo="6" resultType="DataDrivenDataRow" />
        <UnitTestResult executionId="58d5c55d-9a99-4257-854a-1705ff95833e" parentExecutionId="4bb8033e-caca-4040-bfe0-e6fc018f16f2" testId="7f7910d1-dc89-39b4-b4cf-d9e6d7af9420" testName="interrogative_sentences_what" computerName="ARPAN-LAP" duration="00:00:00.0236475" startTime="2014-06-29T10:10:30.2312334+05:30" endTime="2014-06-29T10:10:30.2552348+05:30" testType="13cdc9d9-ddb5-4fa4-a97d-d965ccfc6d4b" outcome="Passed" testListId="8c84fa94-04c1-424b-9868-57a2d4851a1d" relativeResultsDirectory="4bb8033e-caca-4040-bfe0-e6fc018f16f2" dataRowInfo="7" resultType="DataDrivenDataRow" />
        <UnitTestResult executionId="c8074dbc-2f64-4fa1-ba53-746a3597b062" parentExecutionId="4bb8033e-caca-4040-bfe0-e6fc018f16f2" testId="7f7910d1-dc89-39b4-b4cf-d9e6d7af9420" testName="interrogative_sentences_what" computerName="ARPAN-LAP" duration="00:00:00.0271762" startTime="2014-06-29T10:10:30.2552348+05:30" endTime="2014-06-29T10:10:30.2822363+05:30" testType="13cdc9d9-ddb5-4fa4-a97d-d965ccfc6d4b" outcome="Passed" testListId="8c84fa94-04c1-424b-9868-57a2d4851a1d" relativeResultsDirectory="4bb8033e-caca-4040-bfe0-e6fc018f16f2" dataRowInfo="8" resultType="DataDrivenDataRow" />
      </InnerResults>
    </UnitTestResult>
    <UnitTestResult executionId="b042f100-22fd-4595-abb9-b5644db61d44" testId="83c68223-dcaa-51dd-423f-434210a59f77" testName="second_person_tenses_active_negation" computerName="ARPAN-LAP" duration="00:00:00.2727963" startTime="2014-06-29T10:10:30.3342393+05:30" endTime="2014-06-29T10:10:30.6522575+05:30" testType="13cdc9d9-ddb5-4fa4-a97d-d965ccfc6d4b" outcome="Passed" testListId="8c84fa94-04c1-424b-9868-57a2d4851a1d" relativeResultsDirectory="b042f100-22fd-4595-abb9-b5644db61d44" resultType="DataDrivenTest">
      <Counters error="0" failed="0" timeout="0" aborted="0" inconclusive="0" passedButRunAborted="0" notRunnable="0" notExecuted="0" disconnected="0" warning="0" passed="10" completed="0" inProgress="0" pending="0" />
      <InnerResults>
        <UnitTestResult executionId="0a20975e-efe9-42a5-b378-927d079b7858" parentExecutionId="b042f100-22fd-4595-abb9-b5644db61d44" testId="83c68223-dcaa-51dd-423f-434210a59f77" testName="second_person_tenses_active_negation" computerName="ARPAN-LAP" duration="00:00:00.0241869" startTime="2014-06-29T10:10:30.3572406+05:30" endTime="2014-06-29T10:10:30.3812420+05:30" testType="13cdc9d9-ddb5-4fa4-a97d-d965ccfc6d4b" outcome="Passed" testListId="8c84fa94-04c1-424b-9868-57a2d4851a1d" relativeResultsDirectory="b042f100-22fd-4595-abb9-b5644db61d44" dataRowInfo="0" resultType="DataDrivenDataRow" />
        <UnitTestResult executionId="3a1ad36d-f406-43e8-a9a3-fc6c9dd978c3" parentExecutionId="b042f100-22fd-4595-abb9-b5644db61d44" testId="83c68223-dcaa-51dd-423f-434210a59f77" testName="second_person_tenses_active_negation" computerName="ARPAN-LAP" duration="00:00:00.0308364" startTime="2014-06-29T10:10:30.3812420+05:30" endTime="2014-06-29T10:10:30.4122437+05:30" testType="13cdc9d9-ddb5-4fa4-a97d-d965ccfc6d4b" outcome="Passed" testListId="8c84fa94-04c1-424b-9868-57a2d4851a1d" relativeResultsDirectory="b042f100-22fd-4595-abb9-b5644db61d44" dataRowInfo="1" resultType="DataDrivenDataRow" />
        <UnitTestResult executionId="f111d9ca-0d99-43a5-b14f-da7e79689add" parentExecutionId="b042f100-22fd-4595-abb9-b5644db61d44" testId="83c68223-dcaa-51dd-423f-434210a59f77" testName="second_person_tenses_active_negation" computerName="ARPAN-LAP" duration="00:00:00.0213962" startTime="2014-06-29T10:10:30.4122437+05:30" endTime="2014-06-29T10:10:30.4332449+05:30" testType="13cdc9d9-ddb5-4fa4-a97d-d965ccfc6d4b" outcome="Passed" testListId="8c84fa94-04c1-424b-9868-57a2d4851a1d" relativeResultsDirectory="b042f100-22fd-4595-abb9-b5644db61d44" dataRowInfo="2" resultType="DataDrivenDataRow" />
        <UnitTestResult executionId="f7b50bf1-77a5-4785-b7c3-4331ed5db600" parentExecutionId="b042f100-22fd-4595-abb9-b5644db61d44" testId="83c68223-dcaa-51dd-423f-434210a59f77" testName="second_person_tenses_active_negation" computerName="ARPAN-LAP" duration="00:00:00.0285502" startTime="2014-06-29T10:10:30.4332449+05:30" endTime="2014-06-29T10:10:30.4622466+05:30" testType="13cdc9d9-ddb5-4fa4-a97d-d965ccfc6d4b" outcome="Passed" testListId="8c84fa94-04c1-424b-9868-57a2d4851a1d" relativeResultsDirectory="b042f100-22fd-4595-abb9-b5644db61d44" dataRowInfo="3" resultType="DataDrivenDataRow" />
        <UnitTestResult executionId="f2d2a00b-e3a9-40a2-885c-abd19de63622" parentExecutionId="b042f100-22fd-4595-abb9-b5644db61d44" testId="83c68223-dcaa-51dd-423f-434210a59f77" testName="second_person_tenses_active_negation" computerName="ARPAN-LAP" duration="00:00:00.0361020" startTime="2014-06-29T10:10:30.4622466+05:30" endTime="2014-06-29T10:10:30.4982487+05:30" testType="13cdc9d9-ddb5-4fa4-a97d-d965ccfc6d4b" outcome="Passed" testListId="8c84fa94-04c1-424b-9868-57a2d4851a1d" relativeResultsDirectory="b042f100-22fd-4595-abb9-b5644db61d44" dataRowInfo="4" resultType="DataDrivenDataRow" />
        <UnitTestResult executionId="a53efbd5-3a29-435a-b7d7-d6787f0f3494" parentExecutionId="b042f100-22fd-4595-abb9-b5644db61d44" testId="83c68223-dcaa-51dd-423f-434210a59f77" testName="second_person_tenses_active_negation" computerName="ARPAN-LAP" duration="00:00:00.0201865" startTime="2014-06-29T10:10:30.4982487+05:30" endTime="2014-06-29T10:10:30.5182498+05:30" testType="13cdc9d9-ddb5-4fa4-a97d-d965ccfc6d4b" outcome="Passed" testListId="8c84fa94-04c1-424b-9868-57a2d4851a1d" relativeResultsDirectory="b042f100-22fd-4595-abb9-b5644db61d44" dataRowInfo="5" resultType="DataDrivenDataRow" />
        <UnitTestResult executionId="044849e4-807c-454e-bff0-120a3d03c1b3" parentExecutionId="b042f100-22fd-4595-abb9-b5644db61d44" testId="83c68223-dcaa-51dd-423f-434210a59f77" testName="second_person_tenses_active_negation" computerName="ARPAN-LAP" duration="00:00:00.0211909" startTime="2014-06-29T10:10:30.5182498+05:30" endTime="2014-06-29T10:10:30.5402511+05:30" testType="13cdc9d9-ddb5-4fa4-a97d-d965ccfc6d4b" outcome="Passed" testListId="8c84fa94-04c1-424b-9868-57a2d4851a1d" relativeResultsDirectory="b042f100-22fd-4595-abb9-b5644db61d44" dataRowInfo="6" resultType="DataDrivenDataRow" />
        <UnitTestResult executionId="20cc9009-91e4-4d55-aada-d1f2543f3987" parentExecutionId="b042f100-22fd-4595-abb9-b5644db61d44" testId="83c68223-dcaa-51dd-423f-434210a59f77" testName="second_person_tenses_active_negation" computerName="ARPAN-LAP" duration="00:00:00.0261112" startTime="2014-06-29T10:10:30.5402511+05:30" endTime="2014-06-29T10:10:30.5662525+05:30" testType="13cdc9d9-ddb5-4fa4-a97d-d965ccfc6d4b" outcome="Passed" testListId="8c84fa94-04c1-424b-9868-57a2d4851a1d" relativeResultsDirectory="b042f100-22fd-4595-abb9-b5644db61d44" dataRowInfo="7" resultType="DataDrivenDataRow" />
        <UnitTestResult executionId="70d5a769-baf8-45a9-a5d4-448f1d933a8b" parentExecutionId="b042f100-22fd-4595-abb9-b5644db61d44" testId="83c68223-dcaa-51dd-423f-434210a59f77" testName="second_person_tenses_active_negation" computerName="ARPAN-LAP" duration="00:00:00.0198446" startTime="2014-06-29T10:10:30.5662525+05:30" endTime="2014-06-29T10:10:30.5862537+05:30" testType="13cdc9d9-ddb5-4fa4-a97d-d965ccfc6d4b" outcome="Passed" testListId="8c84fa94-04c1-424b-9868-57a2d4851a1d" relativeResultsDirectory="b042f100-22fd-4595-abb9-b5644db61d44" dataRowInfo="8" resultType="DataDrivenDataRow" />
        <UnitTestResult executionId="fb8be385-0ea8-4616-a1bd-c68ecf7240dd" parentExecutionId="b042f100-22fd-4595-abb9-b5644db61d44" testId="83c68223-dcaa-51dd-423f-434210a59f77" testName="second_person_tenses_active_negation" computerName="ARPAN-LAP" duration="00:00:00.0257688" startTime="2014-06-29T10:10:30.5862537+05:30" endTime="2014-06-29T10:10:30.6112551+05:30" testType="13cdc9d9-ddb5-4fa4-a97d-d965ccfc6d4b" outcome="Passed" testListId="8c84fa94-04c1-424b-9868-57a2d4851a1d" relativeResultsDirectory="b042f100-22fd-4595-abb9-b5644db61d44" dataRowInfo="9" resultType="DataDrivenDataRow" />
      </InnerResults>
    </UnitTestResult>
    <UnitTestResult executionId="b7a71cab-d19a-4d8e-b2f3-422f0e6b7288" testId="8fe5ccb3-a3f4-0f61-ad21-e94ef029e900" testName="all_persons_modal_can_may" computerName="ARPAN-LAP" duration="00:00:00.9219291" startTime="2014-06-29T10:10:30.6672583+05:30" endTime="2014-06-29T10:10:31.6743159+05:30" testType="13cdc9d9-ddb5-4fa4-a97d-d965ccfc6d4b" outcome="Passed" testListId="8c84fa94-04c1-424b-9868-57a2d4851a1d" relativeResultsDirectory="b7a71cab-d19a-4d8e-b2f3-422f0e6b7288" resultType="DataDrivenTest">
      <Counters error="0" failed="0" timeout="0" aborted="0" inconclusive="0" passedButRunAborted="0" notRunnable="0" notExecuted="0" disconnected="0" warning="0" passed="29" completed="0" inProgress="0" pending="0" />
      <InnerResults>
        <UnitTestResult executionId="3de9b1f0-d784-4bf0-bcb7-e486c8e72b33" parentExecutionId="b7a71cab-d19a-4d8e-b2f3-422f0e6b7288" testId="8fe5ccb3-a3f4-0f61-ad21-e94ef029e900" testName="all_persons_modal_can_may" computerName="ARPAN-LAP" duration="00:00:00.0281140" startTime="2014-06-29T10:10:30.8692699+05:30" endTime="2014-06-29T10:10:30.8972715+05:30" testType="13cdc9d9-ddb5-4fa4-a97d-d965ccfc6d4b" outcome="Passed" testListId="8c84fa94-04c1-424b-9868-57a2d4851a1d" relativeResultsDirectory="b7a71cab-d19a-4d8e-b2f3-422f0e6b7288" dataRowInfo="0" resultType="DataDrivenDataRow" />
        <UnitTestResult executionId="3a1ca2d9-83ee-4fa2-a3c8-d86d7f857196" parentExecutionId="b7a71cab-d19a-4d8e-b2f3-422f0e6b7288" testId="8fe5ccb3-a3f4-0f61-ad21-e94ef029e900" testName="all_persons_modal_can_may" computerName="ARPAN-LAP" duration="00:00:00.0224705" startTime="2014-06-29T10:10:30.8972715+05:30" endTime="2014-06-29T10:10:30.9202728+05:30" testType="13cdc9d9-ddb5-4fa4-a97d-d965ccfc6d4b" outcome="Passed" testListId="8c84fa94-04c1-424b-9868-57a2d4851a1d" relativeResultsDirectory="b7a71cab-d19a-4d8e-b2f3-422f0e6b7288" dataRowInfo="1" resultType="DataDrivenDataRow" />
        <UnitTestResult executionId="d586dcd9-70e0-4df1-b0e4-c5a4a2960eb2" parentExecutionId="b7a71cab-d19a-4d8e-b2f3-422f0e6b7288" testId="8fe5ccb3-a3f4-0f61-ad21-e94ef029e900" testName="all_persons_modal_can_may" computerName="ARPAN-LAP" duration="00:00:00.0255491" startTime="2014-06-29T10:10:30.9202728+05:30" endTime="2014-06-29T10:10:30.9452742+05:30" testType="13cdc9d9-ddb5-4fa4-a97d-d965ccfc6d4b" outcome="Passed" testListId="8c84fa94-04c1-424b-9868-57a2d4851a1d" relativeResultsDirectory="b7a71cab-d19a-4d8e-b2f3-422f0e6b7288" dataRowInfo="2" resultType="DataDrivenDataRow" />
        <UnitTestResult executionId="5811390c-af0d-4d6b-bd96-38d0ed2d4fbf" parentExecutionId="b7a71cab-d19a-4d8e-b2f3-422f0e6b7288" testId="8fe5ccb3-a3f4-0f61-ad21-e94ef029e900" testName="all_persons_modal_can_may" computerName="ARPAN-LAP" duration="00:00:00.0275925" startTime="2014-06-29T10:10:30.9452742+05:30" endTime="2014-06-29T10:10:30.9732758+05:30" testType="13cdc9d9-ddb5-4fa4-a97d-d965ccfc6d4b" outcome="Passed" testListId="8c84fa94-04c1-424b-9868-57a2d4851a1d" relativeResultsDirectory="b7a71cab-d19a-4d8e-b2f3-422f0e6b7288" dataRowInfo="3" resultType="DataDrivenDataRow" />
        <UnitTestResult executionId="b798de37-8581-4b4a-a9ef-4aa73f970d25" parentExecutionId="b7a71cab-d19a-4d8e-b2f3-422f0e6b7288" testId="8fe5ccb3-a3f4-0f61-ad21-e94ef029e900" testName="all_persons_modal_can_may" computerName="ARPAN-LAP" duration="00:00:00.0256672" startTime="2014-06-29T10:10:30.9732758+05:30" endTime="2014-06-29T10:10:30.9992773+05:30" testType="13cdc9d9-ddb5-4fa4-a97d-d965ccfc6d4b" outcome="Passed" testListId="8c84fa94-04c1-424b-9868-57a2d4851a1d" relativeResultsDirectory="b7a71cab-d19a-4d8e-b2f3-422f0e6b7288" dataRowInfo="4" resultType="DataDrivenDataRow" />
        <UnitTestResult executionId="a9b6661f-6c33-424d-aa58-baf508bdda21" parentExecutionId="b7a71cab-d19a-4d8e-b2f3-422f0e6b7288" testId="8fe5ccb3-a3f4-0f61-ad21-e94ef029e900" testName="all_persons_modal_can_may" computerName="ARPAN-LAP" duration="00:00:00.0273574" startTime="2014-06-29T10:10:30.9992773+05:30" endTime="2014-06-29T10:10:31.0262789+05:30" testType="13cdc9d9-ddb5-4fa4-a97d-d965ccfc6d4b" outcome="Passed" testListId="8c84fa94-04c1-424b-9868-57a2d4851a1d" relativeResultsDirectory="b7a71cab-d19a-4d8e-b2f3-422f0e6b7288" dataRowInfo="5" resultType="DataDrivenDataRow" />
        <UnitTestResult executionId="ac45140e-5f54-4240-93df-e03f43a96fc4" parentExecutionId="b7a71cab-d19a-4d8e-b2f3-422f0e6b7288" testId="8fe5ccb3-a3f4-0f61-ad21-e94ef029e900" testName="all_persons_modal_can_may" computerName="ARPAN-LAP" duration="00:00:00.0327842" startTime="2014-06-29T10:10:31.0262789+05:30" endTime="2014-06-29T10:10:31.0592807+05:30" testType="13cdc9d9-ddb5-4fa4-a97d-d965ccfc6d4b" outcome="Passed" testListId="8c84fa94-04c1-424b-9868-57a2d4851a1d" relativeResultsDirectory="b7a71cab-d19a-4d8e-b2f3-422f0e6b7288" dataRowInfo="6" resultType="DataDrivenDataRow" />
        <UnitTestResult executionId="4ead36fb-9d80-4822-9874-c152ab2415fc" parentExecutionId="b7a71cab-d19a-4d8e-b2f3-422f0e6b7288" testId="8fe5ccb3-a3f4-0f61-ad21-e94ef029e900" testName="all_persons_modal_can_may" computerName="ARPAN-LAP" duration="00:00:00.0379118" startTime="2014-06-29T10:10:31.0592807+05:30" endTime="2014-06-29T10:10:31.0972829+05:30" testType="13cdc9d9-ddb5-4fa4-a97d-d965ccfc6d4b" outcome="Passed" testListId="8c84fa94-04c1-424b-9868-57a2d4851a1d" relativeResultsDirectory="b7a71cab-d19a-4d8e-b2f3-422f0e6b7288" dataRowInfo="7" resultType="DataDrivenDataRow" />
        <UnitTestResult executionId="510b9e29-ad06-4175-9bd0-d9f6efc6c4bf" parentExecutionId="b7a71cab-d19a-4d8e-b2f3-422f0e6b7288" testId="8fe5ccb3-a3f4-0f61-ad21-e94ef029e900" testName="all_persons_modal_can_may" computerName="ARPAN-LAP" duration="00:00:00.0260947" startTime="2014-06-29T10:10:31.0972829+05:30" endTime="2014-06-29T10:10:31.1232844+05:30" testType="13cdc9d9-ddb5-4fa4-a97d-d965ccfc6d4b" outcome="Passed" testListId="8c84fa94-04c1-424b-9868-57a2d4851a1d" relativeResultsDirectory="b7a71cab-d19a-4d8e-b2f3-422f0e6b7288" dataRowInfo="8" resultType="DataDrivenDataRow" />
        <UnitTestResult executionId="b7aaf9be-6c29-48bb-805b-09185de6335e" parentExecutionId="b7a71cab-d19a-4d8e-b2f3-422f0e6b7288" testId="8fe5ccb3-a3f4-0f61-ad21-e94ef029e900" testName="all_persons_modal_can_may" computerName="ARPAN-LAP" duration="00:00:00.0268077" startTime="2014-06-29T10:10:31.1232844+05:30" endTime="2014-06-29T10:10:31.1502860+05:30" testType="13cdc9d9-ddb5-4fa4-a97d-d965ccfc6d4b" outcome="Passed" testListId="8c84fa94-04c1-424b-9868-57a2d4851a1d" relativeResultsDirectory="b7a71cab-d19a-4d8e-b2f3-422f0e6b7288" dataRowInfo="9" resultType="DataDrivenDataRow" />
        <UnitTestResult executionId="cb483352-c58a-436d-b781-b849d7babcae" parentExecutionId="b7a71cab-d19a-4d8e-b2f3-422f0e6b7288" testId="8fe5ccb3-a3f4-0f61-ad21-e94ef029e900" testName="all_persons_modal_can_may" computerName="ARPAN-LAP" duration="00:00:00.0206433" startTime="2014-06-29T10:10:31.1502860+05:30" endTime="2014-06-29T10:10:31.1712872+05:30" testType="13cdc9d9-ddb5-4fa4-a97d-d965ccfc6d4b" outcome="Passed" testListId="8c84fa94-04c1-424b-9868-57a2d4851a1d" relativeResultsDirectory="b7a71cab-d19a-4d8e-b2f3-422f0e6b7288" dataRowInfo="10" resultType="DataDrivenDataRow" />
        <UnitTestResult executionId="c9ffb682-80bd-4e8c-9ae1-a422c2c29af8" parentExecutionId="b7a71cab-d19a-4d8e-b2f3-422f0e6b7288" testId="8fe5ccb3-a3f4-0f61-ad21-e94ef029e900" testName="all_persons_modal_can_may" computerName="ARPAN-LAP" duration="00:00:00.0194130" startTime="2014-06-29T10:10:31.1712872+05:30" endTime="2014-06-29T10:10:31.1902882+05:30" testType="13cdc9d9-ddb5-4fa4-a97d-d965ccfc6d4b" outcome="Passed" testListId="8c84fa94-04c1-424b-9868-57a2d4851a1d" relativeResultsDirectory="b7a71cab-d19a-4d8e-b2f3-422f0e6b7288" dataRowInfo="11" resultType="DataDrivenDataRow" />
        <UnitTestResult executionId="9d87029f-bc31-46fd-a6aa-0c567b6cc283" parentExecutionId="b7a71cab-d19a-4d8e-b2f3-422f0e6b7288" testId="8fe5ccb3-a3f4-0f61-ad21-e94ef029e900" testName="all_persons_modal_can_may" computerName="ARPAN-LAP" duration="00:00:00.0237691" startTime="2014-06-29T10:10:31.1902882+05:30" endTime="2014-06-29T10:10:31.2142896+05:30" testType="13cdc9d9-ddb5-4fa4-a97d-d965ccfc6d4b" outcome="Passed" testListId="8c84fa94-04c1-424b-9868-57a2d4851a1d" relativeResultsDirectory="b7a71cab-d19a-4d8e-b2f3-422f0e6b7288" dataRowInfo="12" resultType="DataDrivenDataRow" />
        <UnitTestResult executionId="d1cbf036-6746-48f0-890c-de1aab614d6f" parentExecutionId="b7a71cab-d19a-4d8e-b2f3-422f0e6b7288" testId="8fe5ccb3-a3f4-0f61-ad21-e94ef029e900" testName="all_persons_modal_can_may" computerName="ARPAN-LAP" duration="00:00:00.0228273" startTime="2014-06-29T10:10:31.2142896+05:30" endTime="2014-06-29T10:10:31.2372909+05:30" testType="13cdc9d9-ddb5-4fa4-a97d-d965ccfc6d4b" outcome="Passed" testListId="8c84fa94-04c1-424b-9868-57a2d4851a1d" relativeResultsDirectory="b7a71cab-d19a-4d8e-b2f3-422f0e6b7288" dataRowInfo="13" resultType="DataDrivenDataRow" />
        <UnitTestResult executionId="387f9438-821d-4302-bca4-25f00a7123c3" parentExecutionId="b7a71cab-d19a-4d8e-b2f3-422f0e6b7288" testId="8fe5ccb3-a3f4-0f61-ad21-e94ef029e900" testName="all_persons_modal_can_may" computerName="ARPAN-LAP" duration="00:00:00.0248172" startTime="2014-06-29T10:10:31.2372909+05:30" endTime="2014-06-29T10:10:31.2622924+05:30" testType="13cdc9d9-ddb5-4fa4-a97d-d965ccfc6d4b" outcome="Passed" testListId="8c84fa94-04c1-424b-9868-57a2d4851a1d" relativeResultsDirectory="b7a71cab-d19a-4d8e-b2f3-422f0e6b7288" dataRowInfo="14" resultType="DataDrivenDataRow" />
        <UnitTestResult executionId="30389bc4-b681-4458-b6f0-8a72218072e3" parentExecutionId="b7a71cab-d19a-4d8e-b2f3-422f0e6b7288" testId="8fe5ccb3-a3f4-0f61-ad21-e94ef029e900" testName="all_persons_modal_can_may" computerName="ARPAN-LAP" duration="00:00:00.0239267" startTime="2014-06-29T10:10:31.2622924+05:30" endTime="2014-06-29T10:10:31.2862937+05:30" testType="13cdc9d9-ddb5-4fa4-a97d-d965ccfc6d4b" outcome="Passed" testListId="8c84fa94-04c1-424b-9868-57a2d4851a1d" relativeResultsDirectory="b7a71cab-d19a-4d8e-b2f3-422f0e6b7288" dataRowInfo="15" resultType="DataDrivenDataRow" />
        <UnitTestResult executionId="8121e0f0-deee-4cfd-b03c-7434287e9d0e" parentExecutionId="b7a71cab-d19a-4d8e-b2f3-422f0e6b7288" testId="8fe5ccb3-a3f4-0f61-ad21-e94ef029e900" testName="all_persons_modal_can_may" computerName="ARPAN-LAP" duration="00:00:00.0182555" startTime="2014-06-29T10:10:31.2862937+05:30" endTime="2014-06-29T10:10:31.3042948+05:30" testType="13cdc9d9-ddb5-4fa4-a97d-d965ccfc6d4b" outcome="Passed" testListId="8c84fa94-04c1-424b-9868-57a2d4851a1d" relativeResultsDirectory="b7a71cab-d19a-4d8e-b2f3-422f0e6b7288" dataRowInfo="16" resultType="DataDrivenDataRow" />
        <UnitTestResult executionId="9fbdb213-06d1-4b2c-ad66-35dd772db2e6" parentExecutionId="b7a71cab-d19a-4d8e-b2f3-422f0e6b7288" testId="8fe5ccb3-a3f4-0f61-ad21-e94ef029e900" testName="all_persons_modal_can_may" computerName="ARPAN-LAP" duration="00:00:00.0180980" startTime="2014-06-29T10:10:31.3042948+05:30" endTime="2014-06-29T10:10:31.3222958+05:30" testType="13cdc9d9-ddb5-4fa4-a97d-d965ccfc6d4b" outcome="Passed" testListId="8c84fa94-04c1-424b-9868-57a2d4851a1d" relativeResultsDirectory="b7a71cab-d19a-4d8e-b2f3-422f0e6b7288" dataRowInfo="17" resultType="DataDrivenDataRow" />
        <UnitTestResult executionId="a24b100b-0616-4c4e-b073-ac1205a00875" parentExecutionId="b7a71cab-d19a-4d8e-b2f3-422f0e6b7288" testId="8fe5ccb3-a3f4-0f61-ad21-e94ef029e900" testName="all_persons_modal_can_may" computerName="ARPAN-LAP" duration="00:00:00.0196835" startTime="2014-06-29T10:10:31.3222958+05:30" endTime="2014-06-29T10:10:31.3422969+05:30" testType="13cdc9d9-ddb5-4fa4-a97d-d965ccfc6d4b" outcome="Passed" testListId="8c84fa94-04c1-424b-9868-57a2d4851a1d" relativeResultsDirectory="b7a71cab-d19a-4d8e-b2f3-422f0e6b7288" dataRowInfo="18" resultType="DataDrivenDataRow" />
        <UnitTestResult executionId="f1c2b427-6ae5-4475-8894-3a5b3467850b" parentExecutionId="b7a71cab-d19a-4d8e-b2f3-422f0e6b7288" testId="8fe5ccb3-a3f4-0f61-ad21-e94ef029e900" testName="all_persons_modal_can_may" computerName="ARPAN-LAP" duration="00:00:00.0195736" startTime="2014-06-29T10:10:31.3422969+05:30" endTime="2014-06-29T10:10:31.3622981+05:30" testType="13cdc9d9-ddb5-4fa4-a97d-d965ccfc6d4b" outcome="Passed" testListId="8c84fa94-04c1-424b-9868-57a2d4851a1d" relativeResultsDirectory="b7a71cab-d19a-4d8e-b2f3-422f0e6b7288" dataRowInfo="19" resultType="DataDrivenDataRow" />
        <UnitTestResult executionId="abd0acc3-d3ae-4959-a59e-32e4c6391e68" parentExecutionId="b7a71cab-d19a-4d8e-b2f3-422f0e6b7288" testId="8fe5ccb3-a3f4-0f61-ad21-e94ef029e900" testName="all_persons_modal_can_may" computerName="ARPAN-LAP" duration="00:00:00.0234242" startTime="2014-06-29T10:10:31.3622981+05:30" endTime="2014-06-29T10:10:31.3852994+05:30" testType="13cdc9d9-ddb5-4fa4-a97d-d965ccfc6d4b" outcome="Passed" testListId="8c84fa94-04c1-424b-9868-57a2d4851a1d" relativeResultsDirectory="b7a71cab-d19a-4d8e-b2f3-422f0e6b7288" dataRowInfo="20" resultType="DataDrivenDataRow" />
        <UnitTestResult executionId="e73cd617-64b3-4d65-801b-0d3fb2763b79" parentExecutionId="b7a71cab-d19a-4d8e-b2f3-422f0e6b7288" testId="8fe5ccb3-a3f4-0f61-ad21-e94ef029e900" testName="all_persons_modal_can_may" computerName="ARPAN-LAP" duration="00:00:00.0254660" startTime="2014-06-29T10:10:31.3852994+05:30" endTime="2014-06-29T10:10:31.4143011+05:30" testType="13cdc9d9-ddb5-4fa4-a97d-d965ccfc6d4b" outcome="Passed" testListId="8c84fa94-04c1-424b-9868-57a2d4851a1d" relativeResultsDirectory="b7a71cab-d19a-4d8e-b2f3-422f0e6b7288" dataRowInfo="21" resultType="DataDrivenDataRow" />
        <UnitTestResult executionId="eeed307a-9545-49f4-be47-3cd5f98ff6e1" parentExecutionId="b7a71cab-d19a-4d8e-b2f3-422f0e6b7288" testId="8fe5ccb3-a3f4-0f61-ad21-e94ef029e900" testName="all_persons_modal_can_may" computerName="ARPAN-LAP" duration="00:00:00.0233015" startTime="2014-06-29T10:10:31.4143011+05:30" endTime="2014-06-29T10:10:31.4383024+05:30" testType="13cdc9d9-ddb5-4fa4-a97d-d965ccfc6d4b" outcome="Passed" testListId="8c84fa94-04c1-424b-9868-57a2d4851a1d" relativeResultsDirectory="b7a71cab-d19a-4d8e-b2f3-422f0e6b7288" dataRowInfo="22" resultType="DataDrivenDataRow" />
        <UnitTestResult executionId="a586e2c8-c425-49ad-af6c-e95cd50be14e" parentExecutionId="b7a71cab-d19a-4d8e-b2f3-422f0e6b7288" testId="8fe5ccb3-a3f4-0f61-ad21-e94ef029e900" testName="all_persons_modal_can_may" computerName="ARPAN-LAP" duration="00:00:00.0217576" startTime="2014-06-29T10:10:31.4383024+05:30" endTime="2014-06-29T10:10:31.4603037+05:30" testType="13cdc9d9-ddb5-4fa4-a97d-d965ccfc6d4b" outcome="Passed" testListId="8c84fa94-04c1-424b-9868-57a2d4851a1d" relativeResultsDirectory="b7a71cab-d19a-4d8e-b2f3-422f0e6b7288" dataRowInfo="23" resultType="DataDrivenDataRow" />
        <UnitTestResult executionId="6c1a4a95-1d17-4d90-9966-a8fc78d60195" parentExecutionId="b7a71cab-d19a-4d8e-b2f3-422f0e6b7288" testId="8fe5ccb3-a3f4-0f61-ad21-e94ef029e900" testName="all_persons_modal_can_may" computerName="ARPAN-LAP" duration="00:00:00.0302369" startTime="2014-06-29T10:10:31.4603037+05:30" endTime="2014-06-29T10:10:31.4903054+05:30" testType="13cdc9d9-ddb5-4fa4-a97d-d965ccfc6d4b" outcome="Passed" testListId="8c84fa94-04c1-424b-9868-57a2d4851a1d" relativeResultsDirectory="b7a71cab-d19a-4d8e-b2f3-422f0e6b7288" dataRowInfo="24" resultType="DataDrivenDataRow" />
        <UnitTestResult executionId="dd836189-421d-4c11-a132-3c77924f4c8c" parentExecutionId="b7a71cab-d19a-4d8e-b2f3-422f0e6b7288" testId="8fe5ccb3-a3f4-0f61-ad21-e94ef029e900" testName="all_persons_modal_can_may" computerName="ARPAN-LAP" duration="00:00:00.0217930" startTime="2014-06-29T10:10:31.4903054+05:30" endTime="2014-06-29T10:10:31.5123067+05:30" testType="13cdc9d9-ddb5-4fa4-a97d-d965ccfc6d4b" outcome="Passed" testListId="8c84fa94-04c1-424b-9868-57a2d4851a1d" relativeResultsDirectory="b7a71cab-d19a-4d8e-b2f3-422f0e6b7288" dataRowInfo="25" resultType="DataDrivenDataRow" />
        <UnitTestResult executionId="044ddba8-e004-4ceb-b458-867f1c412d15" parentExecutionId="b7a71cab-d19a-4d8e-b2f3-422f0e6b7288" testId="8fe5ccb3-a3f4-0f61-ad21-e94ef029e900" testName="all_persons_modal_can_may" computerName="ARPAN-LAP" duration="00:00:00.0216652" startTime="2014-06-29T10:10:31.5123067+05:30" endTime="2014-06-29T10:10:31.5333079+05:30" testType="13cdc9d9-ddb5-4fa4-a97d-d965ccfc6d4b" outcome="Passed" testListId="8c84fa94-04c1-424b-9868-57a2d4851a1d" relativeResultsDirectory="b7a71cab-d19a-4d8e-b2f3-422f0e6b7288" dataRowInfo="26" resultType="DataDrivenDataRow" />
        <UnitTestResult executionId="93a45cf4-b4f4-4b67-b4bc-86c8f98cbee4" parentExecutionId="b7a71cab-d19a-4d8e-b2f3-422f0e6b7288" testId="8fe5ccb3-a3f4-0f61-ad21-e94ef029e900" testName="all_persons_modal_can_may" computerName="ARPAN-LAP" duration="00:00:00.0274436" startTime="2014-06-29T10:10:31.5333079+05:30" endTime="2014-06-29T10:10:31.5613095+05:30" testType="13cdc9d9-ddb5-4fa4-a97d-d965ccfc6d4b" outcome="Passed" testListId="8c84fa94-04c1-424b-9868-57a2d4851a1d" relativeResultsDirectory="b7a71cab-d19a-4d8e-b2f3-422f0e6b7288" dataRowInfo="27" resultType="DataDrivenDataRow" />
        <UnitTestResult executionId="2c8408ac-143a-4c95-b26b-ba05b33d9ac6" parentExecutionId="b7a71cab-d19a-4d8e-b2f3-422f0e6b7288" testId="8fe5ccb3-a3f4-0f61-ad21-e94ef029e900" testName="all_persons_modal_can_may" computerName="ARPAN-LAP" duration="00:00:00.0303852" startTime="2014-06-29T10:10:31.5613095+05:30" endTime="2014-06-29T10:10:31.5913112+05:30" testType="13cdc9d9-ddb5-4fa4-a97d-d965ccfc6d4b" outcome="Passed" testListId="8c84fa94-04c1-424b-9868-57a2d4851a1d" relativeResultsDirectory="b7a71cab-d19a-4d8e-b2f3-422f0e6b7288" dataRowInfo="28" resultType="DataDrivenDataRow" />
      </InnerResults>
    </UnitTestResult>
    <UnitTestResult executionId="af5f8c55-4777-40e7-900b-510bc6fcb5bd" testId="921e6ab0-d7c2-6005-e523-6fd2d5e1a723" testName="first_person_tenses_active" computerName="ARPAN-LAP" duration="00:00:00.2725335" startTime="2014-06-29T10:10:31.6843165+05:30" endTime="2014-06-29T10:10:32.0023347+05:30" testType="13cdc9d9-ddb5-4fa4-a97d-d965ccfc6d4b" outcome="Passed" testListId="8c84fa94-04c1-424b-9868-57a2d4851a1d" relativeResultsDirectory="af5f8c55-4777-40e7-900b-510bc6fcb5bd" resultType="DataDrivenTest">
      <Counters error="0" failed="0" timeout="0" aborted="0" inconclusive="0" passedButRunAborted="0" notRunnable="0" notExecuted="0" disconnected="0" warning="0" passed="10" completed="0" inProgress="0" pending="0" />
      <InnerResults>
        <UnitTestResult executionId="bec3c624-68f5-4edb-b1e2-d9d525c3f65a" parentExecutionId="af5f8c55-4777-40e7-900b-510bc6fcb5bd" testId="921e6ab0-d7c2-6005-e523-6fd2d5e1a723" testName="first_person_tenses_active" computerName="ARPAN-LAP" duration="00:00:00.0194710" startTime="2014-06-29T10:10:31.7093179+05:30" endTime="2014-06-29T10:10:31.7293191+05:30" testType="13cdc9d9-ddb5-4fa4-a97d-d965ccfc6d4b" outcome="Passed" testListId="8c84fa94-04c1-424b-9868-57a2d4851a1d" relativeResultsDirectory="af5f8c55-4777-40e7-900b-510bc6fcb5bd" dataRowInfo="0" resultType="DataDrivenDataRow" />
        <UnitTestResult executionId="254bfbfa-69af-468d-a68f-52f8c8d57dcd" parentExecutionId="af5f8c55-4777-40e7-900b-510bc6fcb5bd" testId="921e6ab0-d7c2-6005-e523-6fd2d5e1a723" testName="first_person_tenses_active" computerName="ARPAN-LAP" duration="00:00:00.0230947" startTime="2014-06-29T10:10:31.7293191+05:30" endTime="2014-06-29T10:10:31.7523204+05:30" testType="13cdc9d9-ddb5-4fa4-a97d-d965ccfc6d4b" outcome="Passed" testListId="8c84fa94-04c1-424b-9868-57a2d4851a1d" relativeResultsDirectory="af5f8c55-4777-40e7-900b-510bc6fcb5bd" dataRowInfo="1" resultType="DataDrivenDataRow" />
        <UnitTestResult executionId="ec4916c0-3122-4b87-973e-06442b04ba7c" parentExecutionId="af5f8c55-4777-40e7-900b-510bc6fcb5bd" testId="921e6ab0-d7c2-6005-e523-6fd2d5e1a723" testName="first_person_tenses_active" computerName="ARPAN-LAP" duration="00:00:00.0224495" startTime="2014-06-29T10:10:31.7523204+05:30" endTime="2014-06-29T10:10:31.7743216+05:30" testType="13cdc9d9-ddb5-4fa4-a97d-d965ccfc6d4b" outcome="Passed" testListId="8c84fa94-04c1-424b-9868-57a2d4851a1d" relativeResultsDirectory="af5f8c55-4777-40e7-900b-510bc6fcb5bd" dataRowInfo="2" resultType="DataDrivenDataRow" />
        <UnitTestResult executionId="7b6fbec5-dd2b-469a-bfea-aea041d0ee51" parentExecutionId="af5f8c55-4777-40e7-900b-510bc6fcb5bd" testId="921e6ab0-d7c2-6005-e523-6fd2d5e1a723" testName="first_person_tenses_active" computerName="ARPAN-LAP" duration="00:00:00.0293915" startTime="2014-06-29T10:10:31.7743216+05:30" endTime="2014-06-29T10:10:31.8043234+05:30" testType="13cdc9d9-ddb5-4fa4-a97d-d965ccfc6d4b" outcome="Passed" testListId="8c84fa94-04c1-424b-9868-57a2d4851a1d" relativeResultsDirectory="af5f8c55-4777-40e7-900b-510bc6fcb5bd" dataRowInfo="3" resultType="DataDrivenDataRow" />
        <UnitTestResult executionId="4d0d763a-fc1e-4b8c-9b11-541f515612d2" parentExecutionId="af5f8c55-4777-40e7-900b-510bc6fcb5bd" testId="921e6ab0-d7c2-6005-e523-6fd2d5e1a723" testName="first_person_tenses_active" computerName="ARPAN-LAP" duration="00:00:00.0205555" startTime="2014-06-29T10:10:31.8043234+05:30" endTime="2014-06-29T10:10:31.8243245+05:30" testType="13cdc9d9-ddb5-4fa4-a97d-d965ccfc6d4b" outcome="Passed" testListId="8c84fa94-04c1-424b-9868-57a2d4851a1d" relativeResultsDirectory="af5f8c55-4777-40e7-900b-510bc6fcb5bd" dataRowInfo="4" resultType="DataDrivenDataRow" />
        <UnitTestResult executionId="50cb4af2-9e4c-449f-a962-e18400e4d066" parentExecutionId="af5f8c55-4777-40e7-900b-510bc6fcb5bd" testId="921e6ab0-d7c2-6005-e523-6fd2d5e1a723" testName="first_person_tenses_active" computerName="ARPAN-LAP" duration="00:00:00.0261435" startTime="2014-06-29T10:10:31.8243245+05:30" endTime="2014-06-29T10:10:31.8503260+05:30" testType="13cdc9d9-ddb5-4fa4-a97d-d965ccfc6d4b" outcome="Passed" testListId="8c84fa94-04c1-424b-9868-57a2d4851a1d" relativeResultsDirectory="af5f8c55-4777-40e7-900b-510bc6fcb5bd" dataRowInfo="5" resultType="DataDrivenDataRow" />
        <UnitTestResult executionId="8cc5a7d8-9b2e-4120-91a2-89076fd16de8" parentExecutionId="af5f8c55-4777-40e7-900b-510bc6fcb5bd" testId="921e6ab0-d7c2-6005-e523-6fd2d5e1a723" testName="first_person_tenses_active" computerName="ARPAN-LAP" duration="00:00:00.0237322" startTime="2014-06-29T10:10:31.8503260+05:30" endTime="2014-06-29T10:10:31.8743274+05:30" testType="13cdc9d9-ddb5-4fa4-a97d-d965ccfc6d4b" outcome="Passed" testListId="8c84fa94-04c1-424b-9868-57a2d4851a1d" relativeResultsDirectory="af5f8c55-4777-40e7-900b-510bc6fcb5bd" dataRowInfo="6" resultType="DataDrivenDataRow" />
        <UnitTestResult executionId="508587a5-abb7-4a46-859a-d46f4fa541dd" parentExecutionId="af5f8c55-4777-40e7-900b-510bc6fcb5bd" testId="921e6ab0-d7c2-6005-e523-6fd2d5e1a723" testName="first_person_tenses_active" computerName="ARPAN-LAP" duration="00:00:00.0294131" startTime="2014-06-29T10:10:31.8743274+05:30" endTime="2014-06-29T10:10:31.9043291+05:30" testType="13cdc9d9-ddb5-4fa4-a97d-d965ccfc6d4b" outcome="Passed" testListId="8c84fa94-04c1-424b-9868-57a2d4851a1d" relativeResultsDirectory="af5f8c55-4777-40e7-900b-510bc6fcb5bd" dataRowInfo="7" resultType="DataDrivenDataRow" />
        <UnitTestResult executionId="0abb7cfc-9407-4c2b-98e2-e93d2f5c86f7" parentExecutionId="af5f8c55-4777-40e7-900b-510bc6fcb5bd" testId="921e6ab0-d7c2-6005-e523-6fd2d5e1a723" testName="first_person_tenses_active" computerName="ARPAN-LAP" duration="00:00:00.0251621" startTime="2014-06-29T10:10:31.9043291+05:30" endTime="2014-06-29T10:10:31.9293305+05:30" testType="13cdc9d9-ddb5-4fa4-a97d-d965ccfc6d4b" outcome="Passed" testListId="8c84fa94-04c1-424b-9868-57a2d4851a1d" relativeResultsDirectory="af5f8c55-4777-40e7-900b-510bc6fcb5bd" dataRowInfo="8" resultType="DataDrivenDataRow" />
        <UnitTestResult executionId="51a645ca-de21-4f63-a678-e68a4f6e8319" parentExecutionId="af5f8c55-4777-40e7-900b-510bc6fcb5bd" testId="921e6ab0-d7c2-6005-e523-6fd2d5e1a723" testName="first_person_tenses_active" computerName="ARPAN-LAP" duration="00:00:00.0319368" startTime="2014-06-29T10:10:31.9293305+05:30" endTime="2014-06-29T10:10:31.9613323+05:30" testType="13cdc9d9-ddb5-4fa4-a97d-d965ccfc6d4b" outcome="Passed" testListId="8c84fa94-04c1-424b-9868-57a2d4851a1d" relativeResultsDirectory="af5f8c55-4777-40e7-900b-510bc6fcb5bd" dataRowInfo="9" resultType="DataDrivenDataRow" />
      </InnerResults>
    </UnitTestResult>
    <UnitTestResult executionId="846eb924-179d-4a7d-a539-f8a23335129a" testId="9319d01e-de3e-d310-c76e-cae8dce4c924" testName="all_persons_modal_should_negation" computerName="ARPAN-LAP" duration="00:00:00.5865134" startTime="2014-06-29T10:10:32.0123353+05:30" endTime="2014-06-29T10:10:32.6503718+05:30" testType="13cdc9d9-ddb5-4fa4-a97d-d965ccfc6d4b" outcome="Passed" testListId="8c84fa94-04c1-424b-9868-57a2d4851a1d" relativeResultsDirectory="846eb924-179d-4a7d-a539-f8a23335129a" resultType="DataDrivenTest">
      <Counters error="0" failed="0" timeout="0" aborted="0" inconclusive="0" passedButRunAborted="0" notRunnable="0" notExecuted="0" disconnected="0" warning="0" passed="17" completed="0" inProgress="0" pending="0" />
      <InnerResults>
        <UnitTestResult executionId="24305c96-8d30-4eb6-b75e-f87d961e57ad" parentExecutionId="846eb924-179d-4a7d-a539-f8a23335129a" testId="9319d01e-de3e-d310-c76e-cae8dce4c924" testName="all_persons_modal_should_negation" computerName="ARPAN-LAP" duration="00:00:00.0444314" startTime="2014-06-29T10:10:32.0663383+05:30" endTime="2014-06-29T10:10:32.1113409+05:30" testType="13cdc9d9-ddb5-4fa4-a97d-d965ccfc6d4b" outcome="Passed" testListId="8c84fa94-04c1-424b-9868-57a2d4851a1d" relativeResultsDirectory="846eb924-179d-4a7d-a539-f8a23335129a" dataRowInfo="0" resultType="DataDrivenDataRow" />
        <UnitTestResult executionId="7dedd3c4-e381-4710-8b79-1f775777fdf9" parentExecutionId="846eb924-179d-4a7d-a539-f8a23335129a" testId="9319d01e-de3e-d310-c76e-cae8dce4c924" testName="all_persons_modal_should_negation" computerName="ARPAN-LAP" duration="00:00:00.0474207" startTime="2014-06-29T10:10:32.1113409+05:30" endTime="2014-06-29T10:10:32.1583436+05:30" testType="13cdc9d9-ddb5-4fa4-a97d-d965ccfc6d4b" outcome="Passed" testListId="8c84fa94-04c1-424b-9868-57a2d4851a1d" relativeResultsDirectory="846eb924-179d-4a7d-a539-f8a23335129a" dataRowInfo="1" resultType="DataDrivenDataRow" />
        <UnitTestResult executionId="f3c8b6a8-b937-4fa3-ad4b-dba727bf7e1d" parentExecutionId="846eb924-179d-4a7d-a539-f8a23335129a" testId="9319d01e-de3e-d310-c76e-cae8dce4c924" testName="all_persons_modal_should_negation" computerName="ARPAN-LAP" duration="00:00:00.0294480" startTime="2014-06-29T10:10:32.1583436+05:30" endTime="2014-06-29T10:10:32.1883453+05:30" testType="13cdc9d9-ddb5-4fa4-a97d-d965ccfc6d4b" outcome="Passed" testListId="8c84fa94-04c1-424b-9868-57a2d4851a1d" relativeResultsDirectory="846eb924-179d-4a7d-a539-f8a23335129a" dataRowInfo="2" resultType="DataDrivenDataRow" />
        <UnitTestResult executionId="a2f4faef-a51a-4b60-99f9-c94cdd9ea3d9" parentExecutionId="846eb924-179d-4a7d-a539-f8a23335129a" testId="9319d01e-de3e-d310-c76e-cae8dce4c924" testName="all_persons_modal_should_negation" computerName="ARPAN-LAP" duration="00:00:00.0336039" startTime="2014-06-29T10:10:32.1883453+05:30" endTime="2014-06-29T10:10:32.2213472+05:30" testType="13cdc9d9-ddb5-4fa4-a97d-d965ccfc6d4b" outcome="Passed" testListId="8c84fa94-04c1-424b-9868-57a2d4851a1d" relativeResultsDirectory="846eb924-179d-4a7d-a539-f8a23335129a" dataRowInfo="3" resultType="DataDrivenDataRow" />
        <UnitTestResult executionId="2b0b180b-718f-4148-a6a3-e2e03bad89c3" parentExecutionId="846eb924-179d-4a7d-a539-f8a23335129a" testId="9319d01e-de3e-d310-c76e-cae8dce4c924" testName="all_persons_modal_should_negation" computerName="ARPAN-LAP" duration="00:00:00.0219701" startTime="2014-06-29T10:10:32.2213472+05:30" endTime="2014-06-29T10:10:32.2433485+05:30" testType="13cdc9d9-ddb5-4fa4-a97d-d965ccfc6d4b" outcome="Passed" testListId="8c84fa94-04c1-424b-9868-57a2d4851a1d" relativeResultsDirectory="846eb924-179d-4a7d-a539-f8a23335129a" dataRowInfo="4" resultType="DataDrivenDataRow" />
        <UnitTestResult executionId="90d2dcb1-0ed0-4086-ac3f-5a9847fb68ed" parentExecutionId="846eb924-179d-4a7d-a539-f8a23335129a" testId="9319d01e-de3e-d310-c76e-cae8dce4c924" testName="all_persons_modal_should_negation" computerName="ARPAN-LAP" duration="00:00:00.0252766" startTime="2014-06-29T10:10:32.2433485+05:30" endTime="2014-06-29T10:10:32.2693500+05:30" testType="13cdc9d9-ddb5-4fa4-a97d-d965ccfc6d4b" outcome="Passed" testListId="8c84fa94-04c1-424b-9868-57a2d4851a1d" relativeResultsDirectory="846eb924-179d-4a7d-a539-f8a23335129a" dataRowInfo="5" resultType="DataDrivenDataRow" />
        <UnitTestResult executionId="9386a7d2-91f8-452e-b270-cfa2d533088f" parentExecutionId="846eb924-179d-4a7d-a539-f8a23335129a" testId="9319d01e-de3e-d310-c76e-cae8dce4c924" testName="all_persons_modal_should_negation" computerName="ARPAN-LAP" duration="00:00:00.0336270" startTime="2014-06-29T10:10:32.2693500+05:30" endTime="2014-06-29T10:10:32.3023518+05:30" testType="13cdc9d9-ddb5-4fa4-a97d-d965ccfc6d4b" outcome="Passed" testListId="8c84fa94-04c1-424b-9868-57a2d4851a1d" relativeResultsDirectory="846eb924-179d-4a7d-a539-f8a23335129a" dataRowInfo="6" resultType="DataDrivenDataRow" />
        <UnitTestResult executionId="49ce83ee-30a8-4324-be48-611c574a3088" parentExecutionId="846eb924-179d-4a7d-a539-f8a23335129a" testId="9319d01e-de3e-d310-c76e-cae8dce4c924" testName="all_persons_modal_should_negation" computerName="ARPAN-LAP" duration="00:00:00.0479684" startTime="2014-06-29T10:10:32.3023518+05:30" endTime="2014-06-29T10:10:32.3503546+05:30" testType="13cdc9d9-ddb5-4fa4-a97d-d965ccfc6d4b" outcome="Passed" testListId="8c84fa94-04c1-424b-9868-57a2d4851a1d" relativeResultsDirectory="846eb924-179d-4a7d-a539-f8a23335129a" dataRowInfo="7" resultType="DataDrivenDataRow" />
        <UnitTestResult executionId="8ee73bb0-c6c0-4223-8b3e-c3bdaacfcfd1" parentExecutionId="846eb924-179d-4a7d-a539-f8a23335129a" testId="9319d01e-de3e-d310-c76e-cae8dce4c924" testName="all_persons_modal_should_negation" computerName="ARPAN-LAP" duration="00:00:00.0244441" startTime="2014-06-29T10:10:32.3503546+05:30" endTime="2014-06-29T10:10:32.3753560+05:30" testType="13cdc9d9-ddb5-4fa4-a97d-d965ccfc6d4b" outcome="Passed" testListId="8c84fa94-04c1-424b-9868-57a2d4851a1d" relativeResultsDirectory="846eb924-179d-4a7d-a539-f8a23335129a" dataRowInfo="8" resultType="DataDrivenDataRow" />
        <UnitTestResult executionId="9a980746-bda8-40bd-9296-2c4f8e470b85" parentExecutionId="846eb924-179d-4a7d-a539-f8a23335129a" testId="9319d01e-de3e-d310-c76e-cae8dce4c924" testName="all_persons_modal_should_negation" computerName="ARPAN-LAP" duration="00:00:00.0249537" startTime="2014-06-29T10:10:32.3753560+05:30" endTime="2014-06-29T10:10:32.4003575+05:30" testType="13cdc9d9-ddb5-4fa4-a97d-d965ccfc6d4b" outcome="Passed" testListId="8c84fa94-04c1-424b-9868-57a2d4851a1d" relativeResultsDirectory="846eb924-179d-4a7d-a539-f8a23335129a" dataRowInfo="9" resultType="DataDrivenDataRow" />
        <UnitTestResult executionId="aed07fa7-5de6-4694-908b-3db93b59a27a" parentExecutionId="846eb924-179d-4a7d-a539-f8a23335129a" testId="9319d01e-de3e-d310-c76e-cae8dce4c924" testName="all_persons_modal_should_negation" computerName="ARPAN-LAP" duration="00:00:00.0273035" startTime="2014-06-29T10:10:32.4003575+05:30" endTime="2014-06-29T10:10:32.4273590+05:30" testType="13cdc9d9-ddb5-4fa4-a97d-d965ccfc6d4b" outcome="Passed" testListId="8c84fa94-04c1-424b-9868-57a2d4851a1d" relativeResultsDirectory="846eb924-179d-4a7d-a539-f8a23335129a" dataRowInfo="10" resultType="DataDrivenDataRow" />
        <UnitTestResult executionId="7bf49456-1580-4020-bb71-5d839648d829" parentExecutionId="846eb924-179d-4a7d-a539-f8a23335129a" testId="9319d01e-de3e-d310-c76e-cae8dce4c924" testName="all_persons_modal_should_negation" computerName="ARPAN-LAP" duration="00:00:00.0312393" startTime="2014-06-29T10:10:32.4273590+05:30" endTime="2014-06-29T10:10:32.4593608+05:30" testType="13cdc9d9-ddb5-4fa4-a97d-d965ccfc6d4b" outcome="Passed" testListId="8c84fa94-04c1-424b-9868-57a2d4851a1d" relativeResultsDirectory="846eb924-179d-4a7d-a539-f8a23335129a" dataRowInfo="11" resultType="DataDrivenDataRow" />
        <UnitTestResult executionId="2445f387-6759-4282-98d9-2932e7fbe401" parentExecutionId="846eb924-179d-4a7d-a539-f8a23335129a" testId="9319d01e-de3e-d310-c76e-cae8dce4c924" testName="all_persons_modal_should_negation" computerName="ARPAN-LAP" duration="00:00:00.0284573" startTime="2014-06-29T10:10:32.4593608+05:30" endTime="2014-06-29T10:10:32.4873624+05:30" testType="13cdc9d9-ddb5-4fa4-a97d-d965ccfc6d4b" outcome="Passed" testListId="8c84fa94-04c1-424b-9868-57a2d4851a1d" relativeResultsDirectory="846eb924-179d-4a7d-a539-f8a23335129a" dataRowInfo="12" resultType="DataDrivenDataRow" />
        <UnitTestResult executionId="db84713d-681f-4a6c-9cd2-ee7dbd9f762f" parentExecutionId="846eb924-179d-4a7d-a539-f8a23335129a" testId="9319d01e-de3e-d310-c76e-cae8dce4c924" testName="all_persons_modal_should_negation" computerName="ARPAN-LAP" duration="00:00:00.0286349" startTime="2014-06-29T10:10:32.4873624+05:30" endTime="2014-06-29T10:10:32.5163641+05:30" testType="13cdc9d9-ddb5-4fa4-a97d-d965ccfc6d4b" outcome="Passed" testListId="8c84fa94-04c1-424b-9868-57a2d4851a1d" relativeResultsDirectory="846eb924-179d-4a7d-a539-f8a23335129a" dataRowInfo="13" resultType="DataDrivenDataRow" />
        <UnitTestResult executionId="c401ba6a-0605-46c2-88d2-2f0b71efdec9" parentExecutionId="846eb924-179d-4a7d-a539-f8a23335129a" testId="9319d01e-de3e-d310-c76e-cae8dce4c924" testName="all_persons_modal_should_negation" computerName="ARPAN-LAP" duration="00:00:00.0287119" startTime="2014-06-29T10:10:32.5163641+05:30" endTime="2014-06-29T10:10:32.5443657+05:30" testType="13cdc9d9-ddb5-4fa4-a97d-d965ccfc6d4b" outcome="Passed" testListId="8c84fa94-04c1-424b-9868-57a2d4851a1d" relativeResultsDirectory="846eb924-179d-4a7d-a539-f8a23335129a" dataRowInfo="14" resultType="DataDrivenDataRow" />
        <UnitTestResult executionId="d4132858-a538-4030-aa59-0ecb21c6500e" parentExecutionId="846eb924-179d-4a7d-a539-f8a23335129a" testId="9319d01e-de3e-d310-c76e-cae8dce4c924" testName="all_persons_modal_should_negation" computerName="ARPAN-LAP" duration="00:00:00.0253988" startTime="2014-06-29T10:10:32.5453657+05:30" endTime="2014-06-29T10:10:32.5703672+05:30" testType="13cdc9d9-ddb5-4fa4-a97d-d965ccfc6d4b" outcome="Passed" testListId="8c84fa94-04c1-424b-9868-57a2d4851a1d" relativeResultsDirectory="846eb924-179d-4a7d-a539-f8a23335129a" dataRowInfo="15" resultType="DataDrivenDataRow" />
        <UnitTestResult executionId="65b87558-fb2d-4d1c-882f-1cb95f5f3011" parentExecutionId="846eb924-179d-4a7d-a539-f8a23335129a" testId="9319d01e-de3e-d310-c76e-cae8dce4c924" testName="all_persons_modal_should_negation" computerName="ARPAN-LAP" duration="00:00:00.0330106" startTime="2014-06-29T10:10:32.5703672+05:30" endTime="2014-06-29T10:10:32.6033691+05:30" testType="13cdc9d9-ddb5-4fa4-a97d-d965ccfc6d4b" outcome="Passed" testListId="8c84fa94-04c1-424b-9868-57a2d4851a1d" relativeResultsDirectory="846eb924-179d-4a7d-a539-f8a23335129a" dataRowInfo="16" resultType="DataDrivenDataRow" />
      </InnerResults>
    </UnitTestResult>
    <UnitTestResult executionId="b115af96-2e1d-4752-bab7-fe0f0b367a48" testId="97a1371f-e8e6-db3e-323e-49ffeef32df1" testName="interrogative_sentences_which" computerName="ARPAN-LAP" duration="00:00:00.0499825" startTime="2014-06-29T10:10:32.6603723+05:30" endTime="2014-06-29T10:10:32.7243760+05:30" testType="13cdc9d9-ddb5-4fa4-a97d-d965ccfc6d4b" outcome="Passed" testListId="8c84fa94-04c1-424b-9868-57a2d4851a1d" relativeResultsDirectory="b115af96-2e1d-4752-bab7-fe0f0b367a48" resultType="DataDrivenTest">
      <Counters error="0" failed="0" timeout="0" aborted="0" inconclusive="0" passedButRunAborted="0" notRunnable="0" notExecuted="0" disconnected="0" warning="0" passed="2" completed="0" inProgress="0" pending="0" />
      <InnerResults>
        <UnitTestResult executionId="4c8896d2-97be-4ed4-9bc6-187ff78cfb86" parentExecutionId="b115af96-2e1d-4752-bab7-fe0f0b367a48" testId="97a1371f-e8e6-db3e-323e-49ffeef32df1" testName="interrogative_sentences_which" computerName="ARPAN-LAP" duration="00:00:00.0216416" startTime="2014-06-29T10:10:32.6663727+05:30" endTime="2014-06-29T10:10:32.6883739+05:30" testType="13cdc9d9-ddb5-4fa4-a97d-d965ccfc6d4b" outcome="Passed" testListId="8c84fa94-04c1-424b-9868-57a2d4851a1d" relativeResultsDirectory="b115af96-2e1d-4752-bab7-fe0f0b367a48" dataRowInfo="0" resultType="DataDrivenDataRow" />
        <UnitTestResult executionId="471e9165-8292-41d9-b644-cf3d7958f5fa" parentExecutionId="b115af96-2e1d-4752-bab7-fe0f0b367a48" testId="97a1371f-e8e6-db3e-323e-49ffeef32df1" testName="interrogative_sentences_which" computerName="ARPAN-LAP" duration="00:00:00.0265100" startTime="2014-06-29T10:10:32.6883739+05:30" endTime="2014-06-29T10:10:32.7153755+05:30" testType="13cdc9d9-ddb5-4fa4-a97d-d965ccfc6d4b" outcome="Passed" testListId="8c84fa94-04c1-424b-9868-57a2d4851a1d" relativeResultsDirectory="b115af96-2e1d-4752-bab7-fe0f0b367a48" dataRowInfo="1" resultType="DataDrivenDataRow" />
      </InnerResults>
    </UnitTestResult>
    <UnitTestResult executionId="7cd59822-90fb-4aa7-90e7-2b6c68053afb" testId="b9261b51-b0a2-10e2-9308-22bb2624de8b" testName="interrogative_sentences_where" computerName="ARPAN-LAP" duration="00:00:00.0966600" startTime="2014-06-29T10:10:32.7263761+05:30" endTime="2014-06-29T10:10:32.8383825+05:30" testType="13cdc9d9-ddb5-4fa4-a97d-d965ccfc6d4b" outcome="Passed" testListId="8c84fa94-04c1-424b-9868-57a2d4851a1d" relativeResultsDirectory="7cd59822-90fb-4aa7-90e7-2b6c68053afb" resultType="DataDrivenTest">
      <Counters error="0" failed="0" timeout="0" aborted="0" inconclusive="0" passedButRunAborted="0" notRunnable="0" notExecuted="0" disconnected="0" warning="0" passed="3" completed="0" inProgress="0" pending="0" />
      <InnerResults>
        <UnitTestResult executionId="678365a3-a854-45d6-9ef9-b0736b34837d" parentExecutionId="7cd59822-90fb-4aa7-90e7-2b6c68053afb" testId="b9261b51-b0a2-10e2-9308-22bb2624de8b" testName="interrogative_sentences_where" computerName="ARPAN-LAP" duration="00:00:00.0244086" startTime="2014-06-29T10:10:32.7473773+05:30" endTime="2014-06-29T10:10:32.7723787+05:30" testType="13cdc9d9-ddb5-4fa4-a97d-d965ccfc6d4b" outcome="Passed" testListId="8c84fa94-04c1-424b-9868-57a2d4851a1d" relativeResultsDirectory="7cd59822-90fb-4aa7-90e7-2b6c68053afb" dataRowInfo="0" resultType="DataDrivenDataRow" />
        <UnitTestResult executionId="de103353-bdf4-468f-a134-78e8d963df64" parentExecutionId="7cd59822-90fb-4aa7-90e7-2b6c68053afb" testId="b9261b51-b0a2-10e2-9308-22bb2624de8b" testName="interrogative_sentences_where" computerName="ARPAN-LAP" duration="00:00:00.0249686" startTime="2014-06-29T10:10:32.7723787+05:30" endTime="2014-06-29T10:10:32.7973802+05:30" testType="13cdc9d9-ddb5-4fa4-a97d-d965ccfc6d4b" outcome="Passed" testListId="8c84fa94-04c1-424b-9868-57a2d4851a1d" relativeResultsDirectory="7cd59822-90fb-4aa7-90e7-2b6c68053afb" dataRowInfo="1" resultType="DataDrivenDataRow" />
        <UnitTestResult executionId="38864439-abd2-4b9a-8b04-c3cca54b640a" parentExecutionId="7cd59822-90fb-4aa7-90e7-2b6c68053afb" testId="b9261b51-b0a2-10e2-9308-22bb2624de8b" testName="interrogative_sentences_where" computerName="ARPAN-LAP" duration="00:00:00.0296594" startTime="2014-06-29T10:10:32.7973802+05:30" endTime="2014-06-29T10:10:32.8273819+05:30" testType="13cdc9d9-ddb5-4fa4-a97d-d965ccfc6d4b" outcome="Passed" testListId="8c84fa94-04c1-424b-9868-57a2d4851a1d" relativeResultsDirectory="7cd59822-90fb-4aa7-90e7-2b6c68053afb" dataRowInfo="2" resultType="DataDrivenDataRow" />
      </InnerResults>
    </UnitTestResult>
    <UnitTestResult executionId="c864e213-8e33-4d5e-8d1d-21d7cac60baf" testId="bdfe92b2-f4ac-73a5-f13d-5c1ea13721b4" testName="all_persons_tenses_passive_negation" computerName="ARPAN-LAP" duration="00:00:00.3359258" startTime="2014-06-29T10:10:32.8413827+05:30" endTime="2014-06-29T10:10:33.2144040+05:30" testType="13cdc9d9-ddb5-4fa4-a97d-d965ccfc6d4b" outcome="Passed" testListId="8c84fa94-04c1-424b-9868-57a2d4851a1d" relativeResultsDirectory="c864e213-8e33-4d5e-8d1d-21d7cac60baf" resultType="DataDrivenTest">
      <Counters error="0" failed="0" timeout="0" aborted="0" inconclusive="0" passedButRunAborted="0" notRunnable="0" notExecuted="0" disconnected="0" warning="0" passed="10" completed="0" inProgress="0" pending="0" />
      <InnerResults>
        <UnitTestResult executionId="1112e683-97a6-42a7-a92a-adff0214506a" parentExecutionId="c864e213-8e33-4d5e-8d1d-21d7cac60baf" testId="bdfe92b2-f4ac-73a5-f13d-5c1ea13721b4" testName="all_persons_tenses_passive_negation" computerName="ARPAN-LAP" duration="00:00:00.0246237" startTime="2014-06-29T10:10:32.8643840+05:30" endTime="2014-06-29T10:10:32.8893854+05:30" testType="13cdc9d9-ddb5-4fa4-a97d-d965ccfc6d4b" outcome="Passed" testListId="8c84fa94-04c1-424b-9868-57a2d4851a1d" relativeResultsDirectory="c864e213-8e33-4d5e-8d1d-21d7cac60baf" dataRowInfo="0" resultType="DataDrivenDataRow" />
        <UnitTestResult executionId="841f5654-0cf0-490e-93aa-fd4c15c4b3a5" parentExecutionId="c864e213-8e33-4d5e-8d1d-21d7cac60baf" testId="bdfe92b2-f4ac-73a5-f13d-5c1ea13721b4" testName="all_persons_tenses_passive_negation" computerName="ARPAN-LAP" duration="00:00:00.0316407" startTime="2014-06-29T10:10:32.8893854+05:30" endTime="2014-06-29T10:10:32.9203872+05:30" testType="13cdc9d9-ddb5-4fa4-a97d-d965ccfc6d4b" outcome="Passed" testListId="8c84fa94-04c1-424b-9868-57a2d4851a1d" relativeResultsDirectory="c864e213-8e33-4d5e-8d1d-21d7cac60baf" dataRowInfo="1" resultType="DataDrivenDataRow" />
        <UnitTestResult executionId="6ae2c211-5081-4aa8-b869-332f4512dfd6" parentExecutionId="c864e213-8e33-4d5e-8d1d-21d7cac60baf" testId="bdfe92b2-f4ac-73a5-f13d-5c1ea13721b4" testName="all_persons_tenses_passive_negation" computerName="ARPAN-LAP" duration="00:00:00.0423085" startTime="2014-06-29T10:10:32.9203872+05:30" endTime="2014-06-29T10:10:32.9633897+05:30" testType="13cdc9d9-ddb5-4fa4-a97d-d965ccfc6d4b" outcome="Passed" testListId="8c84fa94-04c1-424b-9868-57a2d4851a1d" relativeResultsDirectory="c864e213-8e33-4d5e-8d1d-21d7cac60baf" dataRowInfo="2" resultType="DataDrivenDataRow" />
        <UnitTestResult executionId="b6c86c4f-a34f-4da1-a52b-6a429949d49c" parentExecutionId="c864e213-8e33-4d5e-8d1d-21d7cac60baf" testId="bdfe92b2-f4ac-73a5-f13d-5c1ea13721b4" testName="all_persons_tenses_passive_negation" computerName="ARPAN-LAP" duration="00:00:00.0420339" startTime="2014-06-29T10:10:32.9633897+05:30" endTime="2014-06-29T10:10:33.0053921+05:30" testType="13cdc9d9-ddb5-4fa4-a97d-d965ccfc6d4b" outcome="Passed" testListId="8c84fa94-04c1-424b-9868-57a2d4851a1d" relativeResultsDirectory="c864e213-8e33-4d5e-8d1d-21d7cac60baf" dataRowInfo="3" resultType="DataDrivenDataRow" />
        <UnitTestResult executionId="c53e8db8-3d23-4fb0-bc5f-ddf283acb218" parentExecutionId="c864e213-8e33-4d5e-8d1d-21d7cac60baf" testId="bdfe92b2-f4ac-73a5-f13d-5c1ea13721b4" testName="all_persons_tenses_passive_negation" computerName="ARPAN-LAP" duration="00:00:00.0224767" startTime="2014-06-29T10:10:33.0053921+05:30" endTime="2014-06-29T10:10:33.0273933+05:30" testType="13cdc9d9-ddb5-4fa4-a97d-d965ccfc6d4b" outcome="Passed" testListId="8c84fa94-04c1-424b-9868-57a2d4851a1d" relativeResultsDirectory="c864e213-8e33-4d5e-8d1d-21d7cac60baf" dataRowInfo="4" resultType="DataDrivenDataRow" />
        <UnitTestResult executionId="ee573ff8-2b45-4fa2-aef7-8487d50b17e0" parentExecutionId="c864e213-8e33-4d5e-8d1d-21d7cac60baf" testId="bdfe92b2-f4ac-73a5-f13d-5c1ea13721b4" testName="all_persons_tenses_passive_negation" computerName="ARPAN-LAP" duration="00:00:00.0265105" startTime="2014-06-29T10:10:33.0273933+05:30" endTime="2014-06-29T10:10:33.0543949+05:30" testType="13cdc9d9-ddb5-4fa4-a97d-d965ccfc6d4b" outcome="Passed" testListId="8c84fa94-04c1-424b-9868-57a2d4851a1d" relativeResultsDirectory="c864e213-8e33-4d5e-8d1d-21d7cac60baf" dataRowInfo="5" resultType="DataDrivenDataRow" />
        <UnitTestResult executionId="a7915267-cca9-4baf-8fec-ca61e5b44ba6" parentExecutionId="c864e213-8e33-4d5e-8d1d-21d7cac60baf" testId="bdfe92b2-f4ac-73a5-f13d-5c1ea13721b4" testName="all_persons_tenses_passive_negation" computerName="ARPAN-LAP" duration="00:00:00.0298324" startTime="2014-06-29T10:10:33.0543949+05:30" endTime="2014-06-29T10:10:33.0843966+05:30" testType="13cdc9d9-ddb5-4fa4-a97d-d965ccfc6d4b" outcome="Passed" testListId="8c84fa94-04c1-424b-9868-57a2d4851a1d" relativeResultsDirectory="c864e213-8e33-4d5e-8d1d-21d7cac60baf" dataRowInfo="6" resultType="DataDrivenDataRow" />
        <UnitTestResult executionId="0d392f5b-bef3-4dcf-800a-f7f2308ad929" parentExecutionId="c864e213-8e33-4d5e-8d1d-21d7cac60baf" testId="bdfe92b2-f4ac-73a5-f13d-5c1ea13721b4" testName="all_persons_tenses_passive_negation" computerName="ARPAN-LAP" duration="00:00:00.0340099" startTime="2014-06-29T10:10:33.0843966+05:30" endTime="2014-06-29T10:10:33.1183985+05:30" testType="13cdc9d9-ddb5-4fa4-a97d-d965ccfc6d4b" outcome="Passed" testListId="8c84fa94-04c1-424b-9868-57a2d4851a1d" relativeResultsDirectory="c864e213-8e33-4d5e-8d1d-21d7cac60baf" dataRowInfo="7" resultType="DataDrivenDataRow" />
        <UnitTestResult executionId="8fb58139-0ba0-4d14-a7c8-c8aac1300a8a" parentExecutionId="c864e213-8e33-4d5e-8d1d-21d7cac60baf" testId="bdfe92b2-f4ac-73a5-f13d-5c1ea13721b4" testName="all_persons_tenses_passive_negation" computerName="ARPAN-LAP" duration="00:00:00.0324234" startTime="2014-06-29T10:10:33.1183985+05:30" endTime="2014-06-29T10:10:33.1504004+05:30" testType="13cdc9d9-ddb5-4fa4-a97d-d965ccfc6d4b" outcome="Passed" testListId="8c84fa94-04c1-424b-9868-57a2d4851a1d" relativeResultsDirectory="c864e213-8e33-4d5e-8d1d-21d7cac60baf" dataRowInfo="8" resultType="DataDrivenDataRow" />
        <UnitTestResult executionId="e712226e-a80e-4e08-9329-0aacb61286ad" parentExecutionId="c864e213-8e33-4d5e-8d1d-21d7cac60baf" testId="bdfe92b2-f4ac-73a5-f13d-5c1ea13721b4" testName="all_persons_tenses_passive_negation" computerName="ARPAN-LAP" duration="00:00:00.0348076" startTime="2014-06-29T10:10:33.1504004+05:30" endTime="2014-06-29T10:10:33.1854024+05:30" testType="13cdc9d9-ddb5-4fa4-a97d-d965ccfc6d4b" outcome="Passed" testListId="8c84fa94-04c1-424b-9868-57a2d4851a1d" relativeResultsDirectory="c864e213-8e33-4d5e-8d1d-21d7cac60baf" dataRowInfo="9" resultType="DataDrivenDataRow" />
      </InnerResults>
    </UnitTestResult>
    <UnitTestResult executionId="844da9fe-fd8e-4f44-9160-914db2c34399" testId="c79146bc-2376-961a-5de9-441b5dfc7188" testName="auxiliary_verbs_as_main_verbs" computerName="ARPAN-LAP" duration="00:00:00.7224040" startTime="2014-06-29T10:10:33.2214044+05:30" endTime="2014-06-29T10:10:34.0174499+05:30" testType="13cdc9d9-ddb5-4fa4-a97d-d965ccfc6d4b" outcome="Passed" testListId="8c84fa94-04c1-424b-9868-57a2d4851a1d" relativeResultsDirectory="844da9fe-fd8e-4f44-9160-914db2c34399" resultType="DataDrivenTest">
      <Counters error="0" failed="0" timeout="0" aborted="0" inconclusive="0" passedButRunAborted="0" notRunnable="0" notExecuted="0" disconnected="0" warning="0" passed="25" completed="0" inProgress="0" pending="0" />
      <InnerResults>
        <UnitTestResult executionId="4e773aea-16f4-4aa4-b0b6-cfed1605a592" parentExecutionId="844da9fe-fd8e-4f44-9160-914db2c34399" testId="c79146bc-2376-961a-5de9-441b5dfc7188" testName="auxiliary_verbs_as_main_verbs" computerName="ARPAN-LAP" duration="00:00:00.0274601" startTime="2014-06-29T10:10:33.2484060+05:30" endTime="2014-06-29T10:10:33.2754075+05:30" testType="13cdc9d9-ddb5-4fa4-a97d-d965ccfc6d4b" outcome="Passed" testListId="8c84fa94-04c1-424b-9868-57a2d4851a1d" relativeResultsDirectory="844da9fe-fd8e-4f44-9160-914db2c34399" dataRowInfo="0" resultType="DataDrivenDataRow" />
        <UnitTestResult executionId="dea32f5d-eea5-40e2-8be9-2e5a27e498b5" parentExecutionId="844da9fe-fd8e-4f44-9160-914db2c34399" testId="c79146bc-2376-961a-5de9-441b5dfc7188" testName="auxiliary_verbs_as_main_verbs" computerName="ARPAN-LAP" duration="00:00:00.0277388" startTime="2014-06-29T10:10:33.2754075+05:30" endTime="2014-06-29T10:10:33.3034091+05:30" testType="13cdc9d9-ddb5-4fa4-a97d-d965ccfc6d4b" outcome="Passed" testListId="8c84fa94-04c1-424b-9868-57a2d4851a1d" relativeResultsDirectory="844da9fe-fd8e-4f44-9160-914db2c34399" dataRowInfo="1" resultType="DataDrivenDataRow" />
        <UnitTestResult executionId="c6d7d3ea-b810-46d5-b8d7-8c7c94f486cd" parentExecutionId="844da9fe-fd8e-4f44-9160-914db2c34399" testId="c79146bc-2376-961a-5de9-441b5dfc7188" testName="auxiliary_verbs_as_main_verbs" computerName="ARPAN-LAP" duration="00:00:00.0332272" startTime="2014-06-29T10:10:33.3034091+05:30" endTime="2014-06-29T10:10:33.3364110+05:30" testType="13cdc9d9-ddb5-4fa4-a97d-d965ccfc6d4b" outcome="Passed" testListId="8c84fa94-04c1-424b-9868-57a2d4851a1d" relativeResultsDirectory="844da9fe-fd8e-4f44-9160-914db2c34399" dataRowInfo="2" resultType="DataDrivenDataRow" />
        <UnitTestResult executionId="ada4fb18-899a-4546-a42c-46bf456b75e1" parentExecutionId="844da9fe-fd8e-4f44-9160-914db2c34399" testId="c79146bc-2376-961a-5de9-441b5dfc7188" testName="auxiliary_verbs_as_main_verbs" computerName="ARPAN-LAP" duration="00:00:00.0370814" startTime="2014-06-29T10:10:33.3364110+05:30" endTime="2014-06-29T10:10:33.3744132+05:30" testType="13cdc9d9-ddb5-4fa4-a97d-d965ccfc6d4b" outcome="Passed" testListId="8c84fa94-04c1-424b-9868-57a2d4851a1d" relativeResultsDirectory="844da9fe-fd8e-4f44-9160-914db2c34399" dataRowInfo="3" resultType="DataDrivenDataRow" />
        <UnitTestResult executionId="624b7648-77e7-445e-a041-624d85601e11" parentExecutionId="844da9fe-fd8e-4f44-9160-914db2c34399" testId="c79146bc-2376-961a-5de9-441b5dfc7188" testName="auxiliary_verbs_as_main_verbs" computerName="ARPAN-LAP" duration="00:00:00.0319086" startTime="2014-06-29T10:10:33.3744132+05:30" endTime="2014-06-29T10:10:33.4064150+05:30" testType="13cdc9d9-ddb5-4fa4-a97d-d965ccfc6d4b" outcome="Passed" testListId="8c84fa94-04c1-424b-9868-57a2d4851a1d" relativeResultsDirectory="844da9fe-fd8e-4f44-9160-914db2c34399" dataRowInfo="4" resultType="DataDrivenDataRow" />
        <UnitTestResult executionId="58f5f60c-e144-4fd1-bde0-c1df4fd7db02" parentExecutionId="844da9fe-fd8e-4f44-9160-914db2c34399" testId="c79146bc-2376-961a-5de9-441b5dfc7188" testName="auxiliary_verbs_as_main_verbs" computerName="ARPAN-LAP" duration="00:00:00.0288654" startTime="2014-06-29T10:10:33.4064150+05:30" endTime="2014-06-29T10:10:33.4344166+05:30" testType="13cdc9d9-ddb5-4fa4-a97d-d965ccfc6d4b" outcome="Passed" testListId="8c84fa94-04c1-424b-9868-57a2d4851a1d" relativeResultsDirectory="844da9fe-fd8e-4f44-9160-914db2c34399" dataRowInfo="5" resultType="DataDrivenDataRow" />
        <UnitTestResult executionId="c114c669-7249-4e77-80dd-e6a2e009fe0e" parentExecutionId="844da9fe-fd8e-4f44-9160-914db2c34399" testId="c79146bc-2376-961a-5de9-441b5dfc7188" testName="auxiliary_verbs_as_main_verbs" computerName="ARPAN-LAP" duration="00:00:00.0298370" startTime="2014-06-29T10:10:33.4344166+05:30" endTime="2014-06-29T10:10:33.4644183+05:30" testType="13cdc9d9-ddb5-4fa4-a97d-d965ccfc6d4b" outcome="Passed" testListId="8c84fa94-04c1-424b-9868-57a2d4851a1d" relativeResultsDirectory="844da9fe-fd8e-4f44-9160-914db2c34399" dataRowInfo="6" resultType="DataDrivenDataRow" />
        <UnitTestResult executionId="ef270287-4583-4373-bedd-fa22a30a1b9e" parentExecutionId="844da9fe-fd8e-4f44-9160-914db2c34399" testId="c79146bc-2376-961a-5de9-441b5dfc7188" testName="auxiliary_verbs_as_main_verbs" computerName="ARPAN-LAP" duration="00:00:00.0387238" startTime="2014-06-29T10:10:33.4644183+05:30" endTime="2014-06-29T10:10:33.5034205+05:30" testType="13cdc9d9-ddb5-4fa4-a97d-d965ccfc6d4b" outcome="Passed" testListId="8c84fa94-04c1-424b-9868-57a2d4851a1d" relativeResultsDirectory="844da9fe-fd8e-4f44-9160-914db2c34399" dataRowInfo="7" resultType="DataDrivenDataRow" />
        <UnitTestResult executionId="6f100753-33f4-4462-884d-117106f7ca92" parentExecutionId="844da9fe-fd8e-4f44-9160-914db2c34399" testId="c79146bc-2376-961a-5de9-441b5dfc7188" testName="auxiliary_verbs_as_main_verbs" computerName="ARPAN-LAP" duration="00:00:00.0616748" startTime="2014-06-29T10:10:33.5034205+05:30" endTime="2014-06-29T10:10:33.5654241+05:30" testType="13cdc9d9-ddb5-4fa4-a97d-d965ccfc6d4b" outcome="Passed" testListId="8c84fa94-04c1-424b-9868-57a2d4851a1d" relativeResultsDirectory="844da9fe-fd8e-4f44-9160-914db2c34399" dataRowInfo="8" resultType="DataDrivenDataRow" />
        <UnitTestResult executionId="d7013b0a-8322-462a-bd52-19c9b75d1234" parentExecutionId="844da9fe-fd8e-4f44-9160-914db2c34399" testId="c79146bc-2376-961a-5de9-441b5dfc7188" testName="auxiliary_verbs_as_main_verbs" computerName="ARPAN-LAP" duration="00:00:00.0241417" startTime="2014-06-29T10:10:33.5654241+05:30" endTime="2014-06-29T10:10:33.5894255+05:30" testType="13cdc9d9-ddb5-4fa4-a97d-d965ccfc6d4b" outcome="Passed" testListId="8c84fa94-04c1-424b-9868-57a2d4851a1d" relativeResultsDirectory="844da9fe-fd8e-4f44-9160-914db2c34399" dataRowInfo="9" resultType="DataDrivenDataRow" />
        <UnitTestResult executionId="2b502912-547d-4c9d-9e40-d7c3ca2e11e8" parentExecutionId="844da9fe-fd8e-4f44-9160-914db2c34399" testId="c79146bc-2376-961a-5de9-441b5dfc7188" testName="auxiliary_verbs_as_main_verbs" computerName="ARPAN-LAP" duration="00:00:00.0188653" startTime="2014-06-29T10:10:33.5894255+05:30" endTime="2014-06-29T10:10:33.6084265+05:30" testType="13cdc9d9-ddb5-4fa4-a97d-d965ccfc6d4b" outcome="Passed" testListId="8c84fa94-04c1-424b-9868-57a2d4851a1d" relativeResultsDirectory="844da9fe-fd8e-4f44-9160-914db2c34399" dataRowInfo="10" resultType="DataDrivenDataRow" />
        <UnitTestResult executionId="e62f88cf-f39c-4d2b-a0e6-ae8b74c1e6c2" parentExecutionId="844da9fe-fd8e-4f44-9160-914db2c34399" testId="c79146bc-2376-961a-5de9-441b5dfc7188" testName="auxiliary_verbs_as_main_verbs" computerName="ARPAN-LAP" duration="00:00:00.0248290" startTime="2014-06-29T10:10:33.6084265+05:30" endTime="2014-06-29T10:10:33.6334280+05:30" testType="13cdc9d9-ddb5-4fa4-a97d-d965ccfc6d4b" outcome="Passed" testListId="8c84fa94-04c1-424b-9868-57a2d4851a1d" relativeResultsDirectory="844da9fe-fd8e-4f44-9160-914db2c34399" dataRowInfo="11" resultType="DataDrivenDataRow" />
        <UnitTestResult executionId="693319bc-4e74-4369-8a4c-6015cc21a523" parentExecutionId="844da9fe-fd8e-4f44-9160-914db2c34399" testId="c79146bc-2376-961a-5de9-441b5dfc7188" testName="auxiliary_verbs_as_main_verbs" computerName="ARPAN-LAP" duration="00:00:00.0278609" startTime="2014-06-29T10:10:33.6334280+05:30" endTime="2014-06-29T10:10:33.6614296+05:30" testType="13cdc9d9-ddb5-4fa4-a97d-d965ccfc6d4b" outcome="Passed" testListId="8c84fa94-04c1-424b-9868-57a2d4851a1d" relativeResultsDirectory="844da9fe-fd8e-4f44-9160-914db2c34399" dataRowInfo="12" resultType="DataDrivenDataRow" />
        <UnitTestResult executionId="def73190-e8cf-4c7c-86e7-90264d2b5171" parentExecutionId="844da9fe-fd8e-4f44-9160-914db2c34399" testId="c79146bc-2376-961a-5de9-441b5dfc7188" testName="auxiliary_verbs_as_main_verbs" computerName="ARPAN-LAP" duration="00:00:00.0279004" startTime="2014-06-29T10:10:33.6614296+05:30" endTime="2014-06-29T10:10:33.6894312+05:30" testType="13cdc9d9-ddb5-4fa4-a97d-d965ccfc6d4b" outcome="Passed" testListId="8c84fa94-04c1-424b-9868-57a2d4851a1d" relativeResultsDirectory="844da9fe-fd8e-4f44-9160-914db2c34399" dataRowInfo="13" resultType="DataDrivenDataRow" />
        <UnitTestResult executionId="ccd344f9-ff98-437e-b089-b31f0dd2cf08" parentExecutionId="844da9fe-fd8e-4f44-9160-914db2c34399" testId="c79146bc-2376-961a-5de9-441b5dfc7188" testName="auxiliary_verbs_as_main_verbs" computerName="ARPAN-LAP" duration="00:00:00.0210375" startTime="2014-06-29T10:10:33.6894312+05:30" endTime="2014-06-29T10:10:33.7104324+05:30" testType="13cdc9d9-ddb5-4fa4-a97d-d965ccfc6d4b" outcome="Passed" testListId="8c84fa94-04c1-424b-9868-57a2d4851a1d" relativeResultsDirectory="844da9fe-fd8e-4f44-9160-914db2c34399" dataRowInfo="14" resultType="DataDrivenDataRow" />
        <UnitTestResult executionId="ddd6cd24-7790-4315-a805-86053210e72c" parentExecutionId="844da9fe-fd8e-4f44-9160-914db2c34399" testId="c79146bc-2376-961a-5de9-441b5dfc7188" testName="auxiliary_verbs_as_main_verbs" computerName="ARPAN-LAP" duration="00:00:00.0191024" startTime="2014-06-29T10:10:33.7104324+05:30" endTime="2014-06-29T10:10:33.7294335+05:30" testType="13cdc9d9-ddb5-4fa4-a97d-d965ccfc6d4b" outcome="Passed" testListId="8c84fa94-04c1-424b-9868-57a2d4851a1d" relativeResultsDirectory="844da9fe-fd8e-4f44-9160-914db2c34399" dataRowInfo="15" resultType="DataDrivenDataRow" />
        <UnitTestResult executionId="a0e78828-fe27-4491-a040-e17ff5bf2894" parentExecutionId="844da9fe-fd8e-4f44-9160-914db2c34399" testId="c79146bc-2376-961a-5de9-441b5dfc7188" testName="auxiliary_verbs_as_main_verbs" computerName="ARPAN-LAP" duration="00:00:00.0272794" startTime="2014-06-29T10:10:33.7294335+05:30" endTime="2014-06-29T10:10:33.7564350+05:30" testType="13cdc9d9-ddb5-4fa4-a97d-d965ccfc6d4b" outcome="Passed" testListId="8c84fa94-04c1-424b-9868-57a2d4851a1d" relativeResultsDirectory="844da9fe-fd8e-4f44-9160-914db2c34399" dataRowInfo="16" resultType="DataDrivenDataRow" />
        <UnitTestResult executionId="9036e1bd-2c95-481b-9199-d20d397e56b1" parentExecutionId="844da9fe-fd8e-4f44-9160-914db2c34399" testId="c79146bc-2376-961a-5de9-441b5dfc7188" testName="auxiliary_verbs_as_main_verbs" computerName="ARPAN-LAP" duration="00:00:00.0196922" startTime="2014-06-29T10:10:33.7564350+05:30" endTime="2014-06-29T10:10:33.7764362+05:30" testType="13cdc9d9-ddb5-4fa4-a97d-d965ccfc6d4b" outcome="Passed" testListId="8c84fa94-04c1-424b-9868-57a2d4851a1d" relativeResultsDirectory="844da9fe-fd8e-4f44-9160-914db2c34399" dataRowInfo="17" resultType="DataDrivenDataRow" />
        <UnitTestResult executionId="83e75759-0f93-4518-8c8e-ff42c4d377aa" parentExecutionId="844da9fe-fd8e-4f44-9160-914db2c34399" testId="c79146bc-2376-961a-5de9-441b5dfc7188" testName="auxiliary_verbs_as_main_verbs" computerName="ARPAN-LAP" duration="00:00:00.0194458" startTime="2014-06-29T10:10:33.7764362+05:30" endTime="2014-06-29T10:10:33.7954372+05:30" testType="13cdc9d9-ddb5-4fa4-a97d-d965ccfc6d4b" outcome="Passed" testListId="8c84fa94-04c1-424b-9868-57a2d4851a1d" relativeResultsDirectory="844da9fe-fd8e-4f44-9160-914db2c34399" dataRowInfo="18" resultType="DataDrivenDataRow" />
        <UnitTestResult executionId="bc4a4476-c8a9-4c75-986a-d2130d518061" parentExecutionId="844da9fe-fd8e-4f44-9160-914db2c34399" testId="c79146bc-2376-961a-5de9-441b5dfc7188" testName="auxiliary_verbs_as_main_verbs" computerName="ARPAN-LAP" duration="00:00:00.0263745" startTime="2014-06-29T10:10:33.7954372+05:30" endTime="2014-06-29T10:10:33.8224388+05:30" testType="13cdc9d9-ddb5-4fa4-a97d-d965ccfc6d4b" outcome="Passed" testListId="8c84fa94-04c1-424b-9868-57a2d4851a1d" relativeResultsDirectory="844da9fe-fd8e-4f44-9160-914db2c34399" dataRowInfo="19" resultType="DataDrivenDataRow" />
        <UnitTestResult executionId="5437e1c3-54c0-4601-ad29-301411538c58" parentExecutionId="844da9fe-fd8e-4f44-9160-914db2c34399" testId="c79146bc-2376-961a-5de9-441b5dfc7188" testName="auxiliary_verbs_as_main_verbs" computerName="ARPAN-LAP" duration="00:00:00.0248064" startTime="2014-06-29T10:10:33.8224388+05:30" endTime="2014-06-29T10:10:33.8474402+05:30" testType="13cdc9d9-ddb5-4fa4-a97d-d965ccfc6d4b" outcome="Passed" testListId="8c84fa94-04c1-424b-9868-57a2d4851a1d" relativeResultsDirectory="844da9fe-fd8e-4f44-9160-914db2c34399" dataRowInfo="20" resultType="DataDrivenDataRow" />
        <UnitTestResult executionId="b7d6a834-def6-4a74-bee5-f83227c3f024" parentExecutionId="844da9fe-fd8e-4f44-9160-914db2c34399" testId="c79146bc-2376-961a-5de9-441b5dfc7188" testName="auxiliary_verbs_as_main_verbs" computerName="ARPAN-LAP" duration="00:00:00.0278327" startTime="2014-06-29T10:10:33.8474402+05:30" endTime="2014-06-29T10:10:33.8754418+05:30" testType="13cdc9d9-ddb5-4fa4-a97d-d965ccfc6d4b" outcome="Passed" testListId="8c84fa94-04c1-424b-9868-57a2d4851a1d" relativeResultsDirectory="844da9fe-fd8e-4f44-9160-914db2c34399" dataRowInfo="21" resultType="DataDrivenDataRow" />
        <UnitTestResult executionId="ccf888ed-427b-4777-94c1-f0a3f956fcfa" parentExecutionId="844da9fe-fd8e-4f44-9160-914db2c34399" testId="c79146bc-2376-961a-5de9-441b5dfc7188" testName="auxiliary_verbs_as_main_verbs" computerName="ARPAN-LAP" duration="00:00:00.0275940" startTime="2014-06-29T10:10:33.8754418+05:30" endTime="2014-06-29T10:10:33.9024434+05:30" testType="13cdc9d9-ddb5-4fa4-a97d-d965ccfc6d4b" outcome="Passed" testListId="8c84fa94-04c1-424b-9868-57a2d4851a1d" relativeResultsDirectory="844da9fe-fd8e-4f44-9160-914db2c34399" dataRowInfo="22" resultType="DataDrivenDataRow" />
        <UnitTestResult executionId="49453b7c-6f18-4992-a612-e3a7007f97cd" parentExecutionId="844da9fe-fd8e-4f44-9160-914db2c34399" testId="c79146bc-2376-961a-5de9-441b5dfc7188" testName="auxiliary_verbs_as_main_verbs" computerName="ARPAN-LAP" duration="00:00:00.0186815" startTime="2014-06-29T10:10:33.9024434+05:30" endTime="2014-06-29T10:10:33.9214445+05:30" testType="13cdc9d9-ddb5-4fa4-a97d-d965ccfc6d4b" outcome="Passed" testListId="8c84fa94-04c1-424b-9868-57a2d4851a1d" relativeResultsDirectory="844da9fe-fd8e-4f44-9160-914db2c34399" dataRowInfo="23" resultType="DataDrivenDataRow" />
        <UnitTestResult executionId="1d50fbbd-ca35-477c-ba2d-01d7c208845e" parentExecutionId="844da9fe-fd8e-4f44-9160-914db2c34399" testId="c79146bc-2376-961a-5de9-441b5dfc7188" testName="auxiliary_verbs_as_main_verbs" computerName="ARPAN-LAP" duration="00:00:00.0261953" startTime="2014-06-29T10:10:33.9214445+05:30" endTime="2014-06-29T10:10:33.9474459+05:30" testType="13cdc9d9-ddb5-4fa4-a97d-d965ccfc6d4b" outcome="Passed" testListId="8c84fa94-04c1-424b-9868-57a2d4851a1d" relativeResultsDirectory="844da9fe-fd8e-4f44-9160-914db2c34399" dataRowInfo="24" resultType="DataDrivenDataRow" />
      </InnerResults>
    </UnitTestResult>
    <UnitTestResult executionId="cbcf7da2-44ae-436c-a07a-e97dfb1a27db" testId="d03eb628-bf1f-c27d-aeef-e708d613d686" testName="all_persons_modal_can_may_negation" computerName="ARPAN-LAP" duration="00:00:00.6393276" startTime="2014-06-29T10:10:34.0274505+05:30" endTime="2014-06-29T10:10:34.7374911+05:30" testType="13cdc9d9-ddb5-4fa4-a97d-d965ccfc6d4b" outcome="Passed" testListId="8c84fa94-04c1-424b-9868-57a2d4851a1d" relativeResultsDirectory="cbcf7da2-44ae-436c-a07a-e97dfb1a27db" resultType="DataDrivenTest">
      <Counters error="0" failed="0" timeout="0" aborted="0" inconclusive="0" passedButRunAborted="0" notRunnable="0" notExecuted="0" disconnected="0" warning="0" passed="24" completed="0" inProgress="0" pending="0" />
      <InnerResults>
        <UnitTestResult executionId="556dff46-86ff-4c13-8013-a0ccced6ac35" parentExecutionId="cbcf7da2-44ae-436c-a07a-e97dfb1a27db" testId="d03eb628-bf1f-c27d-aeef-e708d613d686" testName="all_persons_modal_can_may_negation" computerName="ARPAN-LAP" duration="00:00:00.0237019" startTime="2014-06-29T10:10:34.0494518+05:30" endTime="2014-06-29T10:10:34.0734531+05:30" testType="13cdc9d9-ddb5-4fa4-a97d-d965ccfc6d4b" outcome="Passed" testListId="8c84fa94-04c1-424b-9868-57a2d4851a1d" relativeResultsDirectory="cbcf7da2-44ae-436c-a07a-e97dfb1a27db" dataRowInfo="0" resultType="DataDrivenDataRow" />
        <UnitTestResult executionId="6e6995bb-712d-4a04-a819-8af6efdaf1a5" parentExecutionId="cbcf7da2-44ae-436c-a07a-e97dfb1a27db" testId="d03eb628-bf1f-c27d-aeef-e708d613d686" testName="all_persons_modal_can_may_negation" computerName="ARPAN-LAP" duration="00:00:00.0245534" startTime="2014-06-29T10:10:34.0734531+05:30" endTime="2014-06-29T10:10:34.0974545+05:30" testType="13cdc9d9-ddb5-4fa4-a97d-d965ccfc6d4b" outcome="Passed" testListId="8c84fa94-04c1-424b-9868-57a2d4851a1d" relativeResultsDirectory="cbcf7da2-44ae-436c-a07a-e97dfb1a27db" dataRowInfo="1" resultType="DataDrivenDataRow" />
        <UnitTestResult executionId="0a11a4e3-c520-4a83-adca-4ad66f3eb57e" parentExecutionId="cbcf7da2-44ae-436c-a07a-e97dfb1a27db" testId="d03eb628-bf1f-c27d-aeef-e708d613d686" testName="all_persons_modal_can_may_negation" computerName="ARPAN-LAP" duration="00:00:00.0253628" startTime="2014-06-29T10:10:34.0974545+05:30" endTime="2014-06-29T10:10:34.1234560+05:30" testType="13cdc9d9-ddb5-4fa4-a97d-d965ccfc6d4b" outcome="Passed" testListId="8c84fa94-04c1-424b-9868-57a2d4851a1d" relativeResultsDirectory="cbcf7da2-44ae-436c-a07a-e97dfb1a27db" dataRowInfo="2" resultType="DataDrivenDataRow" />
        <UnitTestResult executionId="05cc71ca-4ea3-4884-95f6-f4ab32028a00" parentExecutionId="cbcf7da2-44ae-436c-a07a-e97dfb1a27db" testId="d03eb628-bf1f-c27d-aeef-e708d613d686" testName="all_persons_modal_can_may_negation" computerName="ARPAN-LAP" duration="00:00:00.0244641" startTime="2014-06-29T10:10:34.1234560+05:30" endTime="2014-06-29T10:10:34.1474574+05:30" testType="13cdc9d9-ddb5-4fa4-a97d-d965ccfc6d4b" outcome="Passed" testListId="8c84fa94-04c1-424b-9868-57a2d4851a1d" relativeResultsDirectory="cbcf7da2-44ae-436c-a07a-e97dfb1a27db" dataRowInfo="3" resultType="DataDrivenDataRow" />
        <UnitTestResult executionId="1cfafb7d-9a64-4cc7-84e8-6b39402ee737" parentExecutionId="cbcf7da2-44ae-436c-a07a-e97dfb1a27db" testId="d03eb628-bf1f-c27d-aeef-e708d613d686" testName="all_persons_modal_can_may_negation" computerName="ARPAN-LAP" duration="00:00:00.0313640" startTime="2014-06-29T10:10:34.1474574+05:30" endTime="2014-06-29T10:10:34.1794592+05:30" testType="13cdc9d9-ddb5-4fa4-a97d-d965ccfc6d4b" outcome="Passed" testListId="8c84fa94-04c1-424b-9868-57a2d4851a1d" relativeResultsDirectory="cbcf7da2-44ae-436c-a07a-e97dfb1a27db" dataRowInfo="4" resultType="DataDrivenDataRow" />
        <UnitTestResult executionId="ba9cf1eb-c439-4f82-b3cb-ec769eded704" parentExecutionId="cbcf7da2-44ae-436c-a07a-e97dfb1a27db" testId="d03eb628-bf1f-c27d-aeef-e708d613d686" testName="all_persons_modal_can_may_negation" computerName="ARPAN-LAP" duration="00:00:00.0294767" startTime="2014-06-29T10:10:34.1794592+05:30" endTime="2014-06-29T10:10:34.2084609+05:30" testType="13cdc9d9-ddb5-4fa4-a97d-d965ccfc6d4b" outcome="Passed" testListId="8c84fa94-04c1-424b-9868-57a2d4851a1d" relativeResultsDirectory="cbcf7da2-44ae-436c-a07a-e97dfb1a27db" dataRowInfo="5" resultType="DataDrivenDataRow" />
        <UnitTestResult executionId="5d9b52b8-e08b-47ec-87b6-76eca48fc029" parentExecutionId="cbcf7da2-44ae-436c-a07a-e97dfb1a27db" testId="d03eb628-bf1f-c27d-aeef-e708d613d686" testName="all_persons_modal_can_may_negation" computerName="ARPAN-LAP" duration="00:00:00.0338036" startTime="2014-06-29T10:10:34.2084609+05:30" endTime="2014-06-29T10:10:34.2424628+05:30" testType="13cdc9d9-ddb5-4fa4-a97d-d965ccfc6d4b" outcome="Passed" testListId="8c84fa94-04c1-424b-9868-57a2d4851a1d" relativeResultsDirectory="cbcf7da2-44ae-436c-a07a-e97dfb1a27db" dataRowInfo="6" resultType="DataDrivenDataRow" />
        <UnitTestResult executionId="28e02597-2c93-4dbe-baa4-7578ea137e46" parentExecutionId="cbcf7da2-44ae-436c-a07a-e97dfb1a27db" testId="d03eb628-bf1f-c27d-aeef-e708d613d686" testName="all_persons_modal_can_may_negation" computerName="ARPAN-LAP" duration="00:00:00.0350585" startTime="2014-06-29T10:10:34.2424628+05:30" endTime="2014-06-29T10:10:34.2774648+05:30" testType="13cdc9d9-ddb5-4fa4-a97d-d965ccfc6d4b" outcome="Passed" testListId="8c84fa94-04c1-424b-9868-57a2d4851a1d" relativeResultsDirectory="cbcf7da2-44ae-436c-a07a-e97dfb1a27db" dataRowInfo="7" resultType="DataDrivenDataRow" />
        <UnitTestResult executionId="998f0dac-6574-4d04-bfc2-b16adba3a077" parentExecutionId="cbcf7da2-44ae-436c-a07a-e97dfb1a27db" testId="d03eb628-bf1f-c27d-aeef-e708d613d686" testName="all_persons_modal_can_may_negation" computerName="ARPAN-LAP" duration="00:00:00.0264864" startTime="2014-06-29T10:10:34.2774648+05:30" endTime="2014-06-29T10:10:34.3044664+05:30" testType="13cdc9d9-ddb5-4fa4-a97d-d965ccfc6d4b" outcome="Passed" testListId="8c84fa94-04c1-424b-9868-57a2d4851a1d" relativeResultsDirectory="cbcf7da2-44ae-436c-a07a-e97dfb1a27db" dataRowInfo="8" resultType="DataDrivenDataRow" />
        <UnitTestResult executionId="14268693-f75c-47eb-9565-9c6164a432b0" parentExecutionId="cbcf7da2-44ae-436c-a07a-e97dfb1a27db" testId="d03eb628-bf1f-c27d-aeef-e708d613d686" testName="all_persons_modal_can_may_negation" computerName="ARPAN-LAP" duration="00:00:00.0279210" startTime="2014-06-29T10:10:34.3044664+05:30" endTime="2014-06-29T10:10:34.3324680+05:30" testType="13cdc9d9-ddb5-4fa4-a97d-d965ccfc6d4b" outcome="Passed" testListId="8c84fa94-04c1-424b-9868-57a2d4851a1d" relativeResultsDirectory="cbcf7da2-44ae-436c-a07a-e97dfb1a27db" dataRowInfo="9" resultType="DataDrivenDataRow" />
        <UnitTestResult executionId="a15c41b8-b290-4352-ae93-0bb8112a1ab2" parentExecutionId="cbcf7da2-44ae-436c-a07a-e97dfb1a27db" testId="d03eb628-bf1f-c27d-aeef-e708d613d686" testName="all_persons_modal_can_may_negation" computerName="ARPAN-LAP" duration="00:00:00.0258612" startTime="2014-06-29T10:10:34.3324680+05:30" endTime="2014-06-29T10:10:34.3584694+05:30" testType="13cdc9d9-ddb5-4fa4-a97d-d965ccfc6d4b" outcome="Passed" testListId="8c84fa94-04c1-424b-9868-57a2d4851a1d" relativeResultsDirectory="cbcf7da2-44ae-436c-a07a-e97dfb1a27db" dataRowInfo="10" resultType="DataDrivenDataRow" />
        <UnitTestResult executionId="8671f228-e2e5-4393-a5d9-c5aa531bdd40" parentExecutionId="cbcf7da2-44ae-436c-a07a-e97dfb1a27db" testId="d03eb628-bf1f-c27d-aeef-e708d613d686" testName="all_persons_modal_can_may_negation" computerName="ARPAN-LAP" duration="00:00:00.0202640" startTime="2014-06-29T10:10:34.3584694+05:30" endTime="2014-06-29T10:10:34.3784706+05:30" testType="13cdc9d9-ddb5-4fa4-a97d-d965ccfc6d4b" outcome="Passed" testListId="8c84fa94-04c1-424b-9868-57a2d4851a1d" relativeResultsDirectory="cbcf7da2-44ae-436c-a07a-e97dfb1a27db" dataRowInfo="11" resultType="DataDrivenDataRow" />
        <UnitTestResult executionId="5c35fbc9-61e4-4b56-a8c7-9cc15790bdc9" parentExecutionId="cbcf7da2-44ae-436c-a07a-e97dfb1a27db" testId="d03eb628-bf1f-c27d-aeef-e708d613d686" testName="all_persons_modal_can_may_negation" computerName="ARPAN-LAP" duration="00:00:00.0277880" startTime="2014-06-29T10:10:34.3784706+05:30" endTime="2014-06-29T10:10:34.4064722+05:30" testType="13cdc9d9-ddb5-4fa4-a97d-d965ccfc6d4b" outcome="Passed" testListId="8c84fa94-04c1-424b-9868-57a2d4851a1d" relativeResultsDirectory="cbcf7da2-44ae-436c-a07a-e97dfb1a27db" dataRowInfo="12" resultType="DataDrivenDataRow" />
        <UnitTestResult executionId="ca82223d-a41e-4d03-a184-467ae00404fa" parentExecutionId="cbcf7da2-44ae-436c-a07a-e97dfb1a27db" testId="d03eb628-bf1f-c27d-aeef-e708d613d686" testName="all_persons_modal_can_may_negation" computerName="ARPAN-LAP" duration="00:00:00.0266388" startTime="2014-06-29T10:10:34.4064722+05:30" endTime="2014-06-29T10:10:34.4324737+05:30" testType="13cdc9d9-ddb5-4fa4-a97d-d965ccfc6d4b" outcome="Passed" testListId="8c84fa94-04c1-424b-9868-57a2d4851a1d" relativeResultsDirectory="cbcf7da2-44ae-436c-a07a-e97dfb1a27db" dataRowInfo="13" resultType="DataDrivenDataRow" />
        <UnitTestResult executionId="860d853c-94da-40a9-9c80-b22e1a1380c1" parentExecutionId="cbcf7da2-44ae-436c-a07a-e97dfb1a27db" testId="d03eb628-bf1f-c27d-aeef-e708d613d686" testName="all_persons_modal_can_may_negation" computerName="ARPAN-LAP" duration="00:00:00.0251642" startTime="2014-06-29T10:10:34.4324737+05:30" endTime="2014-06-29T10:10:34.4584752+05:30" testType="13cdc9d9-ddb5-4fa4-a97d-d965ccfc6d4b" outcome="Passed" testListId="8c84fa94-04c1-424b-9868-57a2d4851a1d" relativeResultsDirectory="cbcf7da2-44ae-436c-a07a-e97dfb1a27db" dataRowInfo="14" resultType="DataDrivenDataRow" />
        <UnitTestResult executionId="6c086baa-55f5-4557-9cc6-3381f4ea8488" parentExecutionId="cbcf7da2-44ae-436c-a07a-e97dfb1a27db" testId="d03eb628-bf1f-c27d-aeef-e708d613d686" testName="all_persons_modal_can_may_negation" computerName="ARPAN-LAP" duration="00:00:00.0247315" startTime="2014-06-29T10:10:34.4584752+05:30" endTime="2014-06-29T10:10:34.4824765+05:30" testType="13cdc9d9-ddb5-4fa4-a97d-d965ccfc6d4b" outcome="Passed" testListId="8c84fa94-04c1-424b-9868-57a2d4851a1d" relativeResultsDirectory="cbcf7da2-44ae-436c-a07a-e97dfb1a27db" dataRowInfo="15" resultType="DataDrivenDataRow" />
        <UnitTestResult executionId="c39b20bb-c4f7-4b6f-8939-55637deb557a" parentExecutionId="cbcf7da2-44ae-436c-a07a-e97dfb1a27db" testId="d03eb628-bf1f-c27d-aeef-e708d613d686" testName="all_persons_modal_can_may_negation" computerName="ARPAN-LAP" duration="00:00:00.0208075" startTime="2014-06-29T10:10:34.4824765+05:30" endTime="2014-06-29T10:10:34.5034777+05:30" testType="13cdc9d9-ddb5-4fa4-a97d-d965ccfc6d4b" outcome="Passed" testListId="8c84fa94-04c1-424b-9868-57a2d4851a1d" relativeResultsDirectory="cbcf7da2-44ae-436c-a07a-e97dfb1a27db" dataRowInfo="16" resultType="DataDrivenDataRow" />
        <UnitTestResult executionId="a4c323ab-f6ef-4280-ab4b-ae89dbe7c447" parentExecutionId="cbcf7da2-44ae-436c-a07a-e97dfb1a27db" testId="d03eb628-bf1f-c27d-aeef-e708d613d686" testName="all_persons_modal_can_may_negation" computerName="ARPAN-LAP" duration="00:00:00.0197307" startTime="2014-06-29T10:10:34.5034777+05:30" endTime="2014-06-29T10:10:34.5234789+05:30" testType="13cdc9d9-ddb5-4fa4-a97d-d965ccfc6d4b" outcome="Passed" testListId="8c84fa94-04c1-424b-9868-57a2d4851a1d" relativeResultsDirectory="cbcf7da2-44ae-436c-a07a-e97dfb1a27db" dataRowInfo="17" resultType="DataDrivenDataRow" />
        <UnitTestResult executionId="d3f49d2b-d84d-4103-803a-fdd848368ae5" parentExecutionId="cbcf7da2-44ae-436c-a07a-e97dfb1a27db" testId="d03eb628-bf1f-c27d-aeef-e708d613d686" testName="all_persons_modal_can_may_negation" computerName="ARPAN-LAP" duration="00:00:00.0217242" startTime="2014-06-29T10:10:34.5234789+05:30" endTime="2014-06-29T10:10:34.5454801+05:30" testType="13cdc9d9-ddb5-4fa4-a97d-d965ccfc6d4b" outcome="Passed" testListId="8c84fa94-04c1-424b-9868-57a2d4851a1d" relativeResultsDirectory="cbcf7da2-44ae-436c-a07a-e97dfb1a27db" dataRowInfo="18" resultType="DataDrivenDataRow" />
        <UnitTestResult executionId="07108a84-57f1-4c6d-8caa-faebda304a62" parentExecutionId="cbcf7da2-44ae-436c-a07a-e97dfb1a27db" testId="d03eb628-bf1f-c27d-aeef-e708d613d686" testName="all_persons_modal_can_may_negation" computerName="ARPAN-LAP" duration="00:00:00.0201557" startTime="2014-06-29T10:10:34.5454801+05:30" endTime="2014-06-29T10:10:34.5654813+05:30" testType="13cdc9d9-ddb5-4fa4-a97d-d965ccfc6d4b" outcome="Passed" testListId="8c84fa94-04c1-424b-9868-57a2d4851a1d" relativeResultsDirectory="cbcf7da2-44ae-436c-a07a-e97dfb1a27db" dataRowInfo="19" resultType="DataDrivenDataRow" />
        <UnitTestResult executionId="8df0abc8-1c13-4889-92fc-2b9727734af9" parentExecutionId="cbcf7da2-44ae-436c-a07a-e97dfb1a27db" testId="d03eb628-bf1f-c27d-aeef-e708d613d686" testName="all_persons_modal_can_may_negation" computerName="ARPAN-LAP" duration="00:00:00.0232153" startTime="2014-06-29T10:10:34.5654813+05:30" endTime="2014-06-29T10:10:34.5884826+05:30" testType="13cdc9d9-ddb5-4fa4-a97d-d965ccfc6d4b" outcome="Passed" testListId="8c84fa94-04c1-424b-9868-57a2d4851a1d" relativeResultsDirectory="cbcf7da2-44ae-436c-a07a-e97dfb1a27db" dataRowInfo="20" resultType="DataDrivenDataRow" />
        <UnitTestResult executionId="eed51825-372d-4816-aca2-c725dae199c5" parentExecutionId="cbcf7da2-44ae-436c-a07a-e97dfb1a27db" testId="d03eb628-bf1f-c27d-aeef-e708d613d686" testName="all_persons_modal_can_may_negation" computerName="ARPAN-LAP" duration="00:00:00.0271500" startTime="2014-06-29T10:10:34.5884826+05:30" endTime="2014-06-29T10:10:34.6164842+05:30" testType="13cdc9d9-ddb5-4fa4-a97d-d965ccfc6d4b" outcome="Passed" testListId="8c84fa94-04c1-424b-9868-57a2d4851a1d" relativeResultsDirectory="cbcf7da2-44ae-436c-a07a-e97dfb1a27db" dataRowInfo="21" resultType="DataDrivenDataRow" />
        <UnitTestResult executionId="ce9e0e22-c0a9-4ad0-96f6-086c61145335" parentExecutionId="cbcf7da2-44ae-436c-a07a-e97dfb1a27db" testId="d03eb628-bf1f-c27d-aeef-e708d613d686" testName="all_persons_modal_can_may_negation" computerName="ARPAN-LAP" duration="00:00:00.0306454" startTime="2014-06-29T10:10:34.6164842+05:30" endTime="2014-06-29T10:10:34.6464859+05:30" testType="13cdc9d9-ddb5-4fa4-a97d-d965ccfc6d4b" outcome="Passed" testListId="8c84fa94-04c1-424b-9868-57a2d4851a1d" relativeResultsDirectory="cbcf7da2-44ae-436c-a07a-e97dfb1a27db" dataRowInfo="22" resultType="DataDrivenDataRow" />
        <UnitTestResult executionId="f238301c-eb51-48ee-aafb-c26deb03e40e" parentExecutionId="cbcf7da2-44ae-436c-a07a-e97dfb1a27db" testId="d03eb628-bf1f-c27d-aeef-e708d613d686" testName="all_persons_modal_can_may_negation" computerName="ARPAN-LAP" duration="00:00:00.0259885" startTime="2014-06-29T10:10:34.6464859+05:30" endTime="2014-06-29T10:10:34.6724874+05:30" testType="13cdc9d9-ddb5-4fa4-a97d-d965ccfc6d4b" outcome="Passed" testListId="8c84fa94-04c1-424b-9868-57a2d4851a1d" relativeResultsDirectory="cbcf7da2-44ae-436c-a07a-e97dfb1a27db" dataRowInfo="23" resultType="DataDrivenDataRow" />
      </InnerResults>
    </UnitTestResult>
    <UnitTestResult executionId="3825354b-b981-4cfd-a9b7-475e85c1e214" testId="d766a059-d96c-7b47-e6a6-34931760df96" testName="all_persons_tenses_passive" computerName="ARPAN-LAP" duration="00:00:00.3630764" startTime="2014-06-29T10:10:34.7474917+05:30" endTime="2014-06-29T10:10:35.1455145+05:30" testType="13cdc9d9-ddb5-4fa4-a97d-d965ccfc6d4b" outcome="Passed" testListId="8c84fa94-04c1-424b-9868-57a2d4851a1d" relativeResultsDirectory="3825354b-b981-4cfd-a9b7-475e85c1e214" resultType="DataDrivenTest">
      <Counters error="0" failed="0" timeout="0" aborted="0" inconclusive="0" passedButRunAborted="0" notRunnable="0" notExecuted="0" disconnected="0" warning="0" passed="10" completed="0" inProgress="0" pending="0" />
      <InnerResults>
        <UnitTestResult executionId="bad1f261-9ace-45e5-85a8-d70dfc10b896" parentExecutionId="3825354b-b981-4cfd-a9b7-475e85c1e214" testId="d766a059-d96c-7b47-e6a6-34931760df96" testName="all_persons_tenses_passive" computerName="ARPAN-LAP" duration="00:00:00.0383579" startTime="2014-06-29T10:10:34.8014948+05:30" endTime="2014-06-29T10:10:34.8394970+05:30" testType="13cdc9d9-ddb5-4fa4-a97d-d965ccfc6d4b" outcome="Passed" testListId="8c84fa94-04c1-424b-9868-57a2d4851a1d" relativeResultsDirectory="3825354b-b981-4cfd-a9b7-475e85c1e214" dataRowInfo="0" resultType="DataDrivenDataRow" />
        <UnitTestResult executionId="7eba6ace-f2f3-4276-a771-aaffa02c7a49" parentExecutionId="3825354b-b981-4cfd-a9b7-475e85c1e214" testId="d766a059-d96c-7b47-e6a6-34931760df96" testName="all_persons_tenses_passive" computerName="ARPAN-LAP" duration="00:00:00.0288736" startTime="2014-06-29T10:10:34.8394970+05:30" endTime="2014-06-29T10:10:34.8684986+05:30" testType="13cdc9d9-ddb5-4fa4-a97d-d965ccfc6d4b" outcome="Passed" testListId="8c84fa94-04c1-424b-9868-57a2d4851a1d" relativeResultsDirectory="3825354b-b981-4cfd-a9b7-475e85c1e214" dataRowInfo="1" resultType="DataDrivenDataRow" />
        <UnitTestResult executionId="374e0bea-6ecd-47cd-a940-ebf76dc0b4a2" parentExecutionId="3825354b-b981-4cfd-a9b7-475e85c1e214" testId="d766a059-d96c-7b47-e6a6-34931760df96" testName="all_persons_tenses_passive" computerName="ARPAN-LAP" duration="00:00:00.0316227" startTime="2014-06-29T10:10:34.8684986+05:30" endTime="2014-06-29T10:10:34.9005005+05:30" testType="13cdc9d9-ddb5-4fa4-a97d-d965ccfc6d4b" outcome="Passed" testListId="8c84fa94-04c1-424b-9868-57a2d4851a1d" relativeResultsDirectory="3825354b-b981-4cfd-a9b7-475e85c1e214" dataRowInfo="2" resultType="DataDrivenDataRow" />
        <UnitTestResult executionId="a0e54a9b-fc80-4d3b-8919-47f6144c64b1" parentExecutionId="3825354b-b981-4cfd-a9b7-475e85c1e214" testId="d766a059-d96c-7b47-e6a6-34931760df96" testName="all_persons_tenses_passive" computerName="ARPAN-LAP" duration="00:00:00.0308153" startTime="2014-06-29T10:10:34.9005005+05:30" endTime="2014-06-29T10:10:34.9315022+05:30" testType="13cdc9d9-ddb5-4fa4-a97d-d965ccfc6d4b" outcome="Passed" testListId="8c84fa94-04c1-424b-9868-57a2d4851a1d" relativeResultsDirectory="3825354b-b981-4cfd-a9b7-475e85c1e214" dataRowInfo="3" resultType="DataDrivenDataRow" />
        <UnitTestResult executionId="09201e1f-e586-40d5-a8a3-f8de34f74507" parentExecutionId="3825354b-b981-4cfd-a9b7-475e85c1e214" testId="d766a059-d96c-7b47-e6a6-34931760df96" testName="all_persons_tenses_passive" computerName="ARPAN-LAP" duration="00:00:00.0201141" startTime="2014-06-29T10:10:34.9315022+05:30" endTime="2014-06-29T10:10:34.9515034+05:30" testType="13cdc9d9-ddb5-4fa4-a97d-d965ccfc6d4b" outcome="Passed" testListId="8c84fa94-04c1-424b-9868-57a2d4851a1d" relativeResultsDirectory="3825354b-b981-4cfd-a9b7-475e85c1e214" dataRowInfo="4" resultType="DataDrivenDataRow" />
        <UnitTestResult executionId="a476fe9b-1ee5-4955-9be1-840a4db97fd6" parentExecutionId="3825354b-b981-4cfd-a9b7-475e85c1e214" testId="d766a059-d96c-7b47-e6a6-34931760df96" testName="all_persons_tenses_passive" computerName="ARPAN-LAP" duration="00:00:00.0244138" startTime="2014-06-29T10:10:34.9515034+05:30" endTime="2014-06-29T10:10:34.9755047+05:30" testType="13cdc9d9-ddb5-4fa4-a97d-d965ccfc6d4b" outcome="Passed" testListId="8c84fa94-04c1-424b-9868-57a2d4851a1d" relativeResultsDirectory="3825354b-b981-4cfd-a9b7-475e85c1e214" dataRowInfo="5" resultType="DataDrivenDataRow" />
        <UnitTestResult executionId="90b3cfb6-6e55-40a8-ba0d-083fe450824d" parentExecutionId="3825354b-b981-4cfd-a9b7-475e85c1e214" testId="d766a059-d96c-7b47-e6a6-34931760df96" testName="all_persons_tenses_passive" computerName="ARPAN-LAP" duration="00:00:00.0278204" startTime="2014-06-29T10:10:34.9755047+05:30" endTime="2014-06-29T10:10:35.0035063+05:30" testType="13cdc9d9-ddb5-4fa4-a97d-d965ccfc6d4b" outcome="Passed" testListId="8c84fa94-04c1-424b-9868-57a2d4851a1d" relativeResultsDirectory="3825354b-b981-4cfd-a9b7-475e85c1e214" dataRowInfo="6" resultType="DataDrivenDataRow" />
        <UnitTestResult executionId="0888861c-8d04-4a63-8f33-d73fc8d23eb2" parentExecutionId="3825354b-b981-4cfd-a9b7-475e85c1e214" testId="d766a059-d96c-7b47-e6a6-34931760df96" testName="all_persons_tenses_passive" computerName="ARPAN-LAP" duration="00:00:00.0372548" startTime="2014-06-29T10:10:35.0035063+05:30" endTime="2014-06-29T10:10:35.0405085+05:30" testType="13cdc9d9-ddb5-4fa4-a97d-d965ccfc6d4b" outcome="Passed" testListId="8c84fa94-04c1-424b-9868-57a2d4851a1d" relativeResultsDirectory="3825354b-b981-4cfd-a9b7-475e85c1e214" dataRowInfo="7" resultType="DataDrivenDataRow" />
        <UnitTestResult executionId="f632b9b6-cc5e-43cf-a185-073d0f34d0d4" parentExecutionId="3825354b-b981-4cfd-a9b7-475e85c1e214" testId="d766a059-d96c-7b47-e6a6-34931760df96" testName="all_persons_tenses_passive" computerName="ARPAN-LAP" duration="00:00:00.0434798" startTime="2014-06-29T10:10:35.0415085+05:30" endTime="2014-06-29T10:10:35.0845110+05:30" testType="13cdc9d9-ddb5-4fa4-a97d-d965ccfc6d4b" outcome="Passed" testListId="8c84fa94-04c1-424b-9868-57a2d4851a1d" relativeResultsDirectory="3825354b-b981-4cfd-a9b7-475e85c1e214" dataRowInfo="8" resultType="DataDrivenDataRow" />
        <UnitTestResult executionId="3a2d8a33-3328-4d06-8baf-e0b757ed5845" parentExecutionId="3825354b-b981-4cfd-a9b7-475e85c1e214" testId="d766a059-d96c-7b47-e6a6-34931760df96" testName="all_persons_tenses_passive" computerName="ARPAN-LAP" duration="00:00:00.0307378" startTime="2014-06-29T10:10:35.0845110+05:30" endTime="2014-06-29T10:10:35.1155128+05:30" testType="13cdc9d9-ddb5-4fa4-a97d-d965ccfc6d4b" outcome="Passed" testListId="8c84fa94-04c1-424b-9868-57a2d4851a1d" relativeResultsDirectory="3825354b-b981-4cfd-a9b7-475e85c1e214" dataRowInfo="9" resultType="DataDrivenDataRow" />
      </InnerResults>
    </UnitTestResult>
    <UnitTestResult executionId="d81fb44e-7546-4de9-99a6-044b7cbd0369" testId="fe3e63ab-391c-e168-48d0-431b85a7b898" testName="third_person_tenses_active_negation" computerName="ARPAN-LAP" duration="00:00:00.2377557" startTime="2014-06-29T10:10:35.1525149+05:30" endTime="2014-06-29T10:10:35.4315308+05:30" testType="13cdc9d9-ddb5-4fa4-a97d-d965ccfc6d4b" outcome="Passed" testListId="8c84fa94-04c1-424b-9868-57a2d4851a1d" relativeResultsDirectory="d81fb44e-7546-4de9-99a6-044b7cbd0369" resultType="DataDrivenTest">
      <Counters error="0" failed="0" timeout="0" aborted="0" inconclusive="0" passedButRunAborted="0" notRunnable="0" notExecuted="0" disconnected="0" warning="0" passed="10" completed="0" inProgress="0" pending="0" />
      <InnerResults>
        <UnitTestResult executionId="3d8fd0b3-c083-4cff-ab0f-217a904548f9" parentExecutionId="d81fb44e-7546-4de9-99a6-044b7cbd0369" testId="fe3e63ab-391c-e168-48d0-431b85a7b898" testName="third_person_tenses_active_negation" computerName="ARPAN-LAP" duration="00:00:00.0210888" startTime="2014-06-29T10:10:35.1675157+05:30" endTime="2014-06-29T10:10:35.1885169+05:30" testType="13cdc9d9-ddb5-4fa4-a97d-d965ccfc6d4b" outcome="Passed" testListId="8c84fa94-04c1-424b-9868-57a2d4851a1d" relativeResultsDirectory="d81fb44e-7546-4de9-99a6-044b7cbd0369" dataRowInfo="0" resultType="DataDrivenDataRow" />
        <UnitTestResult executionId="07f2484a-6678-476a-bdc5-cf67995b8811" parentExecutionId="d81fb44e-7546-4de9-99a6-044b7cbd0369" testId="fe3e63ab-391c-e168-48d0-431b85a7b898" testName="third_person_tenses_active_negation" computerName="ARPAN-LAP" duration="00:00:00.0210005" startTime="2014-06-29T10:10:35.1885169+05:30" endTime="2014-06-29T10:10:35.2095181+05:30" testType="13cdc9d9-ddb5-4fa4-a97d-d965ccfc6d4b" outcome="Passed" testListId="8c84fa94-04c1-424b-9868-57a2d4851a1d" relativeResultsDirectory="d81fb44e-7546-4de9-99a6-044b7cbd0369" dataRowInfo="1" resultType="DataDrivenDataRow" />
        <UnitTestResult executionId="dc79b354-b373-409f-af16-b0d1dba0bd56" parentExecutionId="d81fb44e-7546-4de9-99a6-044b7cbd0369" testId="fe3e63ab-391c-e168-48d0-431b85a7b898" testName="third_person_tenses_active_negation" computerName="ARPAN-LAP" duration="00:00:00.0231696" startTime="2014-06-29T10:10:35.2095181+05:30" endTime="2014-06-29T10:10:35.2335195+05:30" testType="13cdc9d9-ddb5-4fa4-a97d-d965ccfc6d4b" outcome="Passed" testListId="8c84fa94-04c1-424b-9868-57a2d4851a1d" relativeResultsDirectory="d81fb44e-7546-4de9-99a6-044b7cbd0369" dataRowInfo="2" resultType="DataDrivenDataRow" />
        <UnitTestResult executionId="aeaf843f-56db-4a02-8a9a-b9eaed55a5af" parentExecutionId="d81fb44e-7546-4de9-99a6-044b7cbd0369" testId="fe3e63ab-391c-e168-48d0-431b85a7b898" testName="third_person_tenses_active_negation" computerName="ARPAN-LAP" duration="00:00:00.0256154" startTime="2014-06-29T10:10:35.2335195+05:30" endTime="2014-06-29T10:10:35.2585209+05:30" testType="13cdc9d9-ddb5-4fa4-a97d-d965ccfc6d4b" outcome="Passed" testListId="8c84fa94-04c1-424b-9868-57a2d4851a1d" relativeResultsDirectory="d81fb44e-7546-4de9-99a6-044b7cbd0369" dataRowInfo="3" resultType="DataDrivenDataRow" />
        <UnitTestResult executionId="a4fce87f-793f-4ab3-bbe2-33d961aac392" parentExecutionId="d81fb44e-7546-4de9-99a6-044b7cbd0369" testId="fe3e63ab-391c-e168-48d0-431b85a7b898" testName="third_person_tenses_active_negation" computerName="ARPAN-LAP" duration="00:00:00.0194802" startTime="2014-06-29T10:10:35.2585209+05:30" endTime="2014-06-29T10:10:35.2785221+05:30" testType="13cdc9d9-ddb5-4fa4-a97d-d965ccfc6d4b" outcome="Passed" testListId="8c84fa94-04c1-424b-9868-57a2d4851a1d" relativeResultsDirectory="d81fb44e-7546-4de9-99a6-044b7cbd0369" dataRowInfo="4" resultType="DataDrivenDataRow" />
        <UnitTestResult executionId="dbda69ef-bd2e-4569-8a3f-8f2f02de19c0" parentExecutionId="d81fb44e-7546-4de9-99a6-044b7cbd0369" testId="fe3e63ab-391c-e168-48d0-431b85a7b898" testName="third_person_tenses_active_negation" computerName="ARPAN-LAP" duration="00:00:00.0208296" startTime="2014-06-29T10:10:35.2785221+05:30" endTime="2014-06-29T10:10:35.2995233+05:30" testType="13cdc9d9-ddb5-4fa4-a97d-d965ccfc6d4b" outcome="Passed" testListId="8c84fa94-04c1-424b-9868-57a2d4851a1d" relativeResultsDirectory="d81fb44e-7546-4de9-99a6-044b7cbd0369" dataRowInfo="5" resultType="DataDrivenDataRow" />
        <UnitTestResult executionId="c1b49008-2a75-40c1-813b-121d9aa770c2" parentExecutionId="d81fb44e-7546-4de9-99a6-044b7cbd0369" testId="fe3e63ab-391c-e168-48d0-431b85a7b898" testName="third_person_tenses_active_negation" computerName="ARPAN-LAP" duration="00:00:00.0221528" startTime="2014-06-29T10:10:35.2995233+05:30" endTime="2014-06-29T10:10:35.3215245+05:30" testType="13cdc9d9-ddb5-4fa4-a97d-d965ccfc6d4b" outcome="Passed" testListId="8c84fa94-04c1-424b-9868-57a2d4851a1d" relativeResultsDirectory="d81fb44e-7546-4de9-99a6-044b7cbd0369" dataRowInfo="6" resultType="DataDrivenDataRow" />
        <UnitTestResult executionId="cd1238b6-5f23-459c-8c20-7b08955e7174" parentExecutionId="d81fb44e-7546-4de9-99a6-044b7cbd0369" testId="fe3e63ab-391c-e168-48d0-431b85a7b898" testName="third_person_tenses_active_negation" computerName="ARPAN-LAP" duration="00:00:00.0257052" startTime="2014-06-29T10:10:35.3215245+05:30" endTime="2014-06-29T10:10:35.3475260+05:30" testType="13cdc9d9-ddb5-4fa4-a97d-d965ccfc6d4b" outcome="Passed" testListId="8c84fa94-04c1-424b-9868-57a2d4851a1d" relativeResultsDirectory="d81fb44e-7546-4de9-99a6-044b7cbd0369" dataRowInfo="7" resultType="DataDrivenDataRow" />
        <UnitTestResult executionId="e0cd34c8-3598-423a-a62a-a04156440c6a" parentExecutionId="d81fb44e-7546-4de9-99a6-044b7cbd0369" testId="fe3e63ab-391c-e168-48d0-431b85a7b898" testName="third_person_tenses_active_negation" computerName="ARPAN-LAP" duration="00:00:00.0222555" startTime="2014-06-29T10:10:35.3475260+05:30" endTime="2014-06-29T10:10:35.3695273+05:30" testType="13cdc9d9-ddb5-4fa4-a97d-d965ccfc6d4b" outcome="Passed" testListId="8c84fa94-04c1-424b-9868-57a2d4851a1d" relativeResultsDirectory="d81fb44e-7546-4de9-99a6-044b7cbd0369" dataRowInfo="8" resultType="DataDrivenDataRow" />
        <UnitTestResult executionId="c622b32c-2dc1-4717-8a8f-7401c7ba8ac4" parentExecutionId="d81fb44e-7546-4de9-99a6-044b7cbd0369" testId="fe3e63ab-391c-e168-48d0-431b85a7b898" testName="third_person_tenses_active_negation" computerName="ARPAN-LAP" duration="00:00:00.0259634" startTime="2014-06-29T10:10:35.3695273+05:30" endTime="2014-06-29T10:10:35.3955288+05:30" testType="13cdc9d9-ddb5-4fa4-a97d-d965ccfc6d4b" outcome="Passed" testListId="8c84fa94-04c1-424b-9868-57a2d4851a1d" relativeResultsDirectory="d81fb44e-7546-4de9-99a6-044b7cbd0369" dataRowInfo="9" resultType="DataDrivenDataRow" />
      </InnerResults>
    </UnitTestResult>
  </Results>
</TestRun>