<?xml version="1.0" encoding="UTF-8"?>
<TestRun id="fccc74cd-e48b-4ecb-b371-d8a4cae15cc2" name="Arghya@ARPAN-LAP 2014-06-25 20:24:20" runUser="ARPAN-LAP\Arghya" xmlns="http://microsoft.com/schemas/VisualStudio/TeamTest/2010">
  <TestSettings name="Default Test Settings" id="1be11f9f-4ff6-49d9-baee-f8e074820666">
    <Deployment userDeploymentRoot="D:\software\Project\BNLP\TestResults" useDefaultDeploymentRoot="false" runDeploymentRoot="Arghya_ARPAN-LAP 2014-06-25 20_24_20" />
    <Execution>
      <TestTypeSpecific />
      <AgentRule name="Execution Agents">
      </AgentRule>
    </Execution>
  </TestSettings>
  <Times creation="2014-06-25T20:24:20.4709346+05:30" queuing="2014-06-25T20:24:20.8869584+05:30" start="2014-06-25T20:24:21.0489677+05:30" finish="2014-06-25T20:24:40.3630724+05:30" />
  <ResultSummary outcome="Failed">
    <Counters total="309" executed="309" passed="301" error="0" failed="8" timeout="0" aborted="0" inconclusive="0" passedButRunAborted="0" notRunnable="0" notExecuted="0" disconnected="0" warning="0" completed="0" inProgress="0" pending="0" />
    <RunInfos>
      <RunInfo computerName="ARPAN-LAP" outcome="Warning" timestamp="2014-06-25T20:24:20.8639571+05:30">
        <Text>Warning: Test Run deployment issue: Failed to get the file for deployment item '..\UnitTest\TestCases\wikipedia.xml' specified by the test 'UnitTest.BnlpTest.RandomWord': System.IO.DirectoryNotFoundException: Could not find a part of the path 'D:\software\Project\UnitTest\TestCases\wikipedia.xml'.</Text>
        <Exception>System.IO.DirectoryNotFoundException: Could not find a part of the path 'D:\software\Project\UnitTest\TestCases\wikipedia.xml'.
   at System.IO.__Error.WinIOError(Int32 errorCode, String maybeFullPath)
   at System.IO.File.GetAttributes(String path)
   at Microsoft.VisualStudio.TestTools.Common.SingleFileProvider.GetFilePaths()
   at Microsoft.VisualStudio.TestTools.TestManagement.DeploymentCoverageItem.GetFiles(TestRunConfiguration runConfig)
   at Microsoft.VisualStudio.TestTools.TestManagement.DeploymentManager.DoDeployment(TestRun run, FileCopyService fileCopyService)</Exception>
      </RunInfo>
      <RunInfo computerName="ARPAN-LAP" outcome="Warning" timestamp="2014-06-25T20:24:20.8659572+05:30">
        <Text>Warning: Test Run deployment issue: Failed to get the file for deployment item '..\UnitTest\TestCases\interrogative_sentences_who.xml' specified by the test 'UnitTest.BnlpTest.interrogative_sentences_who': System.IO.DirectoryNotFoundException: Could not find a part of the path 'D:\software\Project\UnitTest\TestCases\interrogative_sentences_who.xml'.</Text>
        <Exception>System.IO.DirectoryNotFoundException: Could not find a part of the path 'D:\software\Project\UnitTest\TestCases\interrogative_sentences_who.xml'.
   at System.IO.__Error.WinIOError(Int32 errorCode, String maybeFullPath)
   at System.IO.File.GetAttributes(String path)
   at Microsoft.VisualStudio.TestTools.Common.SingleFileProvider.GetFilePaths()
   at Microsoft.VisualStudio.TestTools.TestManagement.DeploymentCoverageItem.GetFiles(TestRunConfiguration runConfig)
   at Microsoft.VisualStudio.TestTools.TestManagement.DeploymentManager.DoDeployment(TestRun run, FileCopyService fileCopyService)</Exception>
      </RunInfo>
      <RunInfo computerName="ARPAN-LAP" outcome="Warning" timestamp="2014-06-25T20:24:20.8669573+05:30">
        <Text>Warning: Test Run deployment issue: Failed to get the file for deployment item '..\UnitTest\TestCases\special_handling_do_verb.xml' specified by the test 'UnitTest.BnlpTest.special_handling_do_verb': System.IO.DirectoryNotFoundException: Could not find a part of the path 'D:\software\Project\UnitTest\TestCases\special_handling_do_verb.xml'.</Text>
        <Exception>System.IO.DirectoryNotFoundException: Could not find a part of the path 'D:\software\Project\UnitTest\TestCases\special_handling_do_verb.xml'.
   at System.IO.__Error.WinIOError(Int32 errorCode, String maybeFullPath)
   at System.IO.File.GetAttributes(String path)
   at Microsoft.VisualStudio.TestTools.Common.SingleFileProvider.GetFilePaths()
   at Microsoft.VisualStudio.TestTools.TestManagement.DeploymentCoverageItem.GetFiles(TestRunConfiguration runConfig)
   at Microsoft.VisualStudio.TestTools.TestManagement.DeploymentManager.DoDeployment(TestRun run, FileCopyService fileCopyService)</Exception>
      </RunInfo>
      <RunInfo computerName="ARPAN-LAP" outcome="Warning" timestamp="2014-06-25T20:24:20.8679573+05:30">
        <Text>Warning: Test Run deployment issue: Failed to get the file for deployment item '..\UnitTest\TestCases\interrogative_sentences_which.xml' specified by the test 'UnitTest.BnlpTest.interrogative_sentences_which': System.IO.DirectoryNotFoundException: Could not find a part of the path 'D:\software\Project\UnitTest\TestCases\interrogative_sentences_which.xml'.</Text>
        <Exception>System.IO.DirectoryNotFoundException: Could not find a part of the path 'D:\software\Project\UnitTest\TestCases\interrogative_sentences_which.xml'.
   at System.IO.__Error.WinIOError(Int32 errorCode, String maybeFullPath)
   at System.IO.File.GetAttributes(String path)
   at Microsoft.VisualStudio.TestTools.Common.SingleFileProvider.GetFilePaths()
   at Microsoft.VisualStudio.TestTools.TestManagement.DeploymentCoverageItem.GetFiles(TestRunConfiguration runConfig)
   at Microsoft.VisualStudio.TestTools.TestManagement.DeploymentManager.DoDeployment(TestRun run, FileCopyService fileCopyService)</Exception>
      </RunInfo>
      <RunInfo computerName="ARPAN-LAP" outcome="Warning" timestamp="2014-06-25T20:24:20.8679573+05:30">
        <Text>Warning: Test Run deployment issue: Failed to get the file for deployment item '..\UnitTest\TestCases\all_persons_modal_should.xml' specified by the test 'UnitTest.BnlpTest.all_persons_modal_should': System.IO.DirectoryNotFoundException: Could not find a part of the path 'D:\software\Project\UnitTest\TestCases\all_persons_modal_should.xml'.</Text>
        <Exception>System.IO.DirectoryNotFoundException: Could not find a part of the path 'D:\software\Project\UnitTest\TestCases\all_persons_modal_should.xml'.
   at System.IO.__Error.WinIOError(Int32 errorCode, String maybeFullPath)
   at System.IO.File.GetAttributes(String path)
   at Microsoft.VisualStudio.TestTools.Common.SingleFileProvider.GetFilePaths()
   at Microsoft.VisualStudio.TestTools.TestManagement.DeploymentCoverageItem.GetFiles(TestRunConfiguration runConfig)
   at Microsoft.VisualStudio.TestTools.TestManagement.DeploymentManager.DoDeployment(TestRun run, FileCopyService fileCopyService)</Exception>
      </RunInfo>
      <RunInfo computerName="ARPAN-LAP" outcome="Warning" timestamp="2014-06-25T20:24:20.8689574+05:30">
        <Text>Warning: Test Run deployment issue: Failed to get the file for deployment item '..\UnitTest\TestCases\third_person_tenses_active.xml' specified by the test 'UnitTest.BnlpTest.third_person_tenses_active': System.IO.DirectoryNotFoundException: Could not find a part of the path 'D:\software\Project\UnitTest\TestCases\third_person_tenses_active.xml'.</Text>
        <Exception>System.IO.DirectoryNotFoundException: Could not find a part of the path 'D:\software\Project\UnitTest\TestCases\third_person_tenses_active.xml'.
   at System.IO.__Error.WinIOError(Int32 errorCode, String maybeFullPath)
   at System.IO.File.GetAttributes(String path)
   at Microsoft.VisualStudio.TestTools.Common.SingleFileProvider.GetFilePaths()
   at Microsoft.VisualStudio.TestTools.TestManagement.DeploymentCoverageItem.GetFiles(TestRunConfiguration runConfig)
   at Microsoft.VisualStudio.TestTools.TestManagement.DeploymentManager.DoDeployment(TestRun run, FileCopyService fileCopyService)</Exception>
      </RunInfo>
      <RunInfo computerName="ARPAN-LAP" outcome="Warning" timestamp="2014-06-25T20:24:20.8699574+05:30">
        <Text>Warning: Test Run deployment issue: Failed to get the file for deployment item '..\UnitTest\TestCases\all_persons_tenses_passive.xml' specified by the test 'UnitTest.BnlpTest.all_persons_tenses_passive': System.IO.DirectoryNotFoundException: Could not find a part of the path 'D:\software\Project\UnitTest\TestCases\all_persons_tenses_passive.xml'.</Text>
        <Exception>System.IO.DirectoryNotFoundException: Could not find a part of the path 'D:\software\Project\UnitTest\TestCases\all_persons_tenses_passive.xml'.
   at System.IO.__Error.WinIOError(Int32 errorCode, String maybeFullPath)
   at System.IO.File.GetAttributes(String path)
   at Microsoft.VisualStudio.TestTools.Common.SingleFileProvider.GetFilePaths()
   at Microsoft.VisualStudio.TestTools.TestManagement.DeploymentCoverageItem.GetFiles(TestRunConfiguration runConfig)
   at Microsoft.VisualStudio.TestTools.TestManagement.DeploymentManager.DoDeployment(TestRun run, FileCopyService fileCopyService)</Exception>
      </RunInfo>
      <RunInfo computerName="ARPAN-LAP" outcome="Warning" timestamp="2014-06-25T20:24:20.8709575+05:30">
        <Text>Warning: Test Run deployment issue: Failed to get the file for deployment item '..\UnitTest\TestCases\interrogative_sentences_aux.xml' specified by the test 'UnitTest.BnlpTest.interrogative_sentences_aux': System.IO.DirectoryNotFoundException: Could not find a part of the path 'D:\software\Project\UnitTest\TestCases\interrogative_sentences_aux.xml'.</Text>
        <Exception>System.IO.DirectoryNotFoundException: Could not find a part of the path 'D:\software\Project\UnitTest\TestCases\interrogative_sentences_aux.xml'.
   at System.IO.__Error.WinIOError(Int32 errorCode, String maybeFullPath)
   at System.IO.File.GetAttributes(String path)
   at Microsoft.VisualStudio.TestTools.Common.SingleFileProvider.GetFilePaths()
   at Microsoft.VisualStudio.TestTools.TestManagement.DeploymentCoverageItem.GetFiles(TestRunConfiguration runConfig)
   at Microsoft.VisualStudio.TestTools.TestManagement.DeploymentManager.DoDeployment(TestRun run, FileCopyService fileCopyService)</Exception>
      </RunInfo>
      <RunInfo computerName="ARPAN-LAP" outcome="Warning" timestamp="2014-06-25T20:24:20.8719576+05:30">
        <Text>Warning: Test Run deployment issue: Failed to get the file for deployment item '..\UnitTest\TestCases\second_person_tenses_active_negation.xml' specified by the test 'UnitTest.BnlpTest.second_person_tenses_active_negation': System.IO.DirectoryNotFoundException: Could not find a part of the path 'D:\software\Project\UnitTest\TestCases\second_person_tenses_active_negation.xml'.</Text>
        <Exception>System.IO.DirectoryNotFoundException: Could not find a part of the path 'D:\software\Project\UnitTest\TestCases\second_person_tenses_active_negation.xml'.
   at System.IO.__Error.WinIOError(Int32 errorCode, String maybeFullPath)
   at System.IO.File.GetAttributes(String path)
   at Microsoft.VisualStudio.TestTools.Common.SingleFileProvider.GetFilePaths()
   at Microsoft.VisualStudio.TestTools.TestManagement.DeploymentCoverageItem.GetFiles(TestRunConfiguration runConfig)
   at Microsoft.VisualStudio.TestTools.TestManagement.DeploymentManager.DoDeployment(TestRun run, FileCopyService fileCopyService)</Exception>
      </RunInfo>
      <RunInfo computerName="ARPAN-LAP" outcome="Warning" timestamp="2014-06-25T20:24:20.8729576+05:30">
        <Text>Warning: Test Run deployment issue: Failed to get the file for deployment item '..\UnitTest\TestCases\interrogative_sentences_where.xml' specified by the test 'UnitTest.BnlpTest.interrogative_sentences_where': System.IO.DirectoryNotFoundException: Could not find a part of the path 'D:\software\Project\UnitTest\TestCases\interrogative_sentences_where.xml'.</Text>
        <Exception>System.IO.DirectoryNotFoundException: Could not find a part of the path 'D:\software\Project\UnitTest\TestCases\interrogative_sentences_where.xml'.
   at System.IO.__Error.WinIOError(Int32 errorCode, String maybeFullPath)
   at System.IO.File.GetAttributes(String path)
   at Microsoft.VisualStudio.TestTools.Common.SingleFileProvider.GetFilePaths()
   at Microsoft.VisualStudio.TestTools.TestManagement.DeploymentCoverageItem.GetFiles(TestRunConfiguration runConfig)
   at Microsoft.VisualStudio.TestTools.TestManagement.DeploymentManager.DoDeployment(TestRun run, FileCopyService fileCopyService)</Exception>
      </RunInfo>
      <RunInfo computerName="ARPAN-LAP" outcome="Warning" timestamp="2014-06-25T20:24:20.8739577+05:30">
        <Text>Warning: Test Run deployment issue: Failed to get the file for deployment item '..\UnitTest\TestCases\prepositions_made_with_three_words.xml' specified by the test 'UnitTest.BnlpTest.prepositions_made_with_three_words': System.IO.DirectoryNotFoundException: Could not find a part of the path 'D:\software\Project\UnitTest\TestCases\prepositions_made_with_three_words.xml'.</Text>
        <Exception>System.IO.DirectoryNotFoundException: Could not find a part of the path 'D:\software\Project\UnitTest\TestCases\prepositions_made_with_three_words.xml'.
   at System.IO.__Error.WinIOError(Int32 errorCode, String maybeFullPath)
   at System.IO.File.GetAttributes(String path)
   at Microsoft.VisualStudio.TestTools.Common.SingleFileProvider.GetFilePaths()
   at Microsoft.VisualStudio.TestTools.TestManagement.DeploymentCoverageItem.GetFiles(TestRunConfiguration runConfig)
   at Microsoft.VisualStudio.TestTools.TestManagement.DeploymentManager.DoDeployment(TestRun run, FileCopyService fileCopyService)</Exception>
      </RunInfo>
      <RunInfo computerName="ARPAN-LAP" outcome="Warning" timestamp="2014-06-25T20:24:20.8749577+05:30">
        <Text>Warning: Test Run deployment issue: Failed to get the file for deployment item '..\UnitTest\TestCases\interrogative_sentences_what.xml' specified by the test 'UnitTest.BnlpTest.interrogative_sentences_what': System.IO.DirectoryNotFoundException: Could not find a part of the path 'D:\software\Project\UnitTest\TestCases\interrogative_sentences_what.xml'.</Text>
        <Exception>System.IO.DirectoryNotFoundException: Could not find a part of the path 'D:\software\Project\UnitTest\TestCases\interrogative_sentences_what.xml'.
   at System.IO.__Error.WinIOError(Int32 errorCode, String maybeFullPath)
   at System.IO.File.GetAttributes(String path)
   at Microsoft.VisualStudio.TestTools.Common.SingleFileProvider.GetFilePaths()
   at Microsoft.VisualStudio.TestTools.TestManagement.DeploymentCoverageItem.GetFiles(TestRunConfiguration runConfig)
   at Microsoft.VisualStudio.TestTools.TestManagement.DeploymentManager.DoDeployment(TestRun run, FileCopyService fileCopyService)</Exception>
      </RunInfo>
      <RunInfo computerName="ARPAN-LAP" outcome="Warning" timestamp="2014-06-25T20:24:20.8759578+05:30">
        <Text>Warning: Test Run deployment issue: Failed to get the file for deployment item '..\UnitTest\TestCases\interrogative_sentences_how.xml' specified by the test 'UnitTest.BnlpTest.interrogative_sentences_how': System.IO.DirectoryNotFoundException: Could not find a part of the path 'D:\software\Project\UnitTest\TestCases\interrogative_sentences_how.xml'.</Text>
        <Exception>System.IO.DirectoryNotFoundException: Could not find a part of the path 'D:\software\Project\UnitTest\TestCases\interrogative_sentences_how.xml'.
   at System.IO.__Error.WinIOError(Int32 errorCode, String maybeFullPath)
   at System.IO.File.GetAttributes(String path)
   at Microsoft.VisualStudio.TestTools.Common.SingleFileProvider.GetFilePaths()
   at Microsoft.VisualStudio.TestTools.TestManagement.DeploymentCoverageItem.GetFiles(TestRunConfiguration runConfig)
   at Microsoft.VisualStudio.TestTools.TestManagement.DeploymentManager.DoDeployment(TestRun run, FileCopyService fileCopyService)</Exception>
      </RunInfo>
      <RunInfo computerName="ARPAN-LAP" outcome="Warning" timestamp="2014-06-25T20:24:20.8759578+05:30">
        <Text>Warning: Test Run deployment issue: Failed to get the file for deployment item '..\UnitTest\TestCases\interrogative_sentences_whom.xml' specified by the test 'UnitTest.BnlpTest.interrogative_sentences_whom': System.IO.DirectoryNotFoundException: Could not find a part of the path 'D:\software\Project\UnitTest\TestCases\interrogative_sentences_whom.xml'.</Text>
        <Exception>System.IO.DirectoryNotFoundException: Could not find a part of the path 'D:\software\Project\UnitTest\TestCases\interrogative_sentences_whom.xml'.
   at System.IO.__Error.WinIOError(Int32 errorCode, String maybeFullPath)
   at System.IO.File.GetAttributes(String path)
   at Microsoft.VisualStudio.TestTools.Common.SingleFileProvider.GetFilePaths()
   at Microsoft.VisualStudio.TestTools.TestManagement.DeploymentCoverageItem.GetFiles(TestRunConfiguration runConfig)
   at Microsoft.VisualStudio.TestTools.TestManagement.DeploymentManager.DoDeployment(TestRun run, FileCopyService fileCopyService)</Exception>
      </RunInfo>
      <RunInfo computerName="ARPAN-LAP" outcome="Warning" timestamp="2014-06-25T20:24:20.8769578+05:30">
        <Text>Warning: Test Run deployment issue: Failed to get the file for deployment item '..\UnitTest\TestCases\second_person_tenses_active.xml' specified by the test 'UnitTest.BnlpTest.second_person_tenses_active': System.IO.DirectoryNotFoundException: Could not find a part of the path 'D:\software\Project\UnitTest\TestCases\second_person_tenses_active.xml'.</Text>
        <Exception>System.IO.DirectoryNotFoundException: Could not find a part of the path 'D:\software\Project\UnitTest\TestCases\second_person_tenses_active.xml'.
   at System.IO.__Error.WinIOError(Int32 errorCode, String maybeFullPath)
   at System.IO.File.GetAttributes(String path)
   at Microsoft.VisualStudio.TestTools.Common.SingleFileProvider.GetFilePaths()
   at Microsoft.VisualStudio.TestTools.TestManagement.DeploymentCoverageItem.GetFiles(TestRunConfiguration runConfig)
   at Microsoft.VisualStudio.TestTools.TestManagement.DeploymentManager.DoDeployment(TestRun run, FileCopyService fileCopyService)</Exception>
      </RunInfo>
      <RunInfo computerName="ARPAN-LAP" outcome="Warning" timestamp="2014-06-25T20:24:20.8779579+05:30">
        <Text>Warning: Test Run deployment issue: Failed to get the file for deployment item '..\UnitTest\TestCases\all_persons_modal_should_negation.xml' specified by the test 'UnitTest.BnlpTest.all_persons_modal_should_negation': System.IO.DirectoryNotFoundException: Could not find a part of the path 'D:\software\Project\UnitTest\TestCases\all_persons_modal_should_negation.xml'.</Text>
        <Exception>System.IO.DirectoryNotFoundException: Could not find a part of the path 'D:\software\Project\UnitTest\TestCases\all_persons_modal_should_negation.xml'.
   at System.IO.__Error.WinIOError(Int32 errorCode, String maybeFullPath)
   at System.IO.File.GetAttributes(String path)
   at Microsoft.VisualStudio.TestTools.Common.SingleFileProvider.GetFilePaths()
   at Microsoft.VisualStudio.TestTools.TestManagement.DeploymentCoverageItem.GetFiles(TestRunConfiguration runConfig)
   at Microsoft.VisualStudio.TestTools.TestManagement.DeploymentManager.DoDeployment(TestRun run, FileCopyService fileCopyService)</Exception>
      </RunInfo>
      <RunInfo computerName="ARPAN-LAP" outcome="Warning" timestamp="2014-06-25T20:24:20.8789580+05:30">
        <Text>Warning: Test Run deployment issue: Failed to get the file for deployment item '..\UnitTest\TestCases\first_person_tenses_active_negation.xml' specified by the test 'UnitTest.BnlpTest.first_person_tenses_active_negation': System.IO.DirectoryNotFoundException: Could not find a part of the path 'D:\software\Project\UnitTest\TestCases\first_person_tenses_active_negation.xml'.</Text>
        <Exception>System.IO.DirectoryNotFoundException: Could not find a part of the path 'D:\software\Project\UnitTest\TestCases\first_person_tenses_active_negation.xml'.
   at System.IO.__Error.WinIOError(Int32 errorCode, String maybeFullPath)
   at System.IO.File.GetAttributes(String path)
   at Microsoft.VisualStudio.TestTools.Common.SingleFileProvider.GetFilePaths()
   at Microsoft.VisualStudio.TestTools.TestManagement.DeploymentCoverageItem.GetFiles(TestRunConfiguration runConfig)
   at Microsoft.VisualStudio.TestTools.TestManagement.DeploymentManager.DoDeployment(TestRun run, FileCopyService fileCopyService)</Exception>
      </RunInfo>
      <RunInfo computerName="ARPAN-LAP" outcome="Warning" timestamp="2014-06-25T20:24:20.8799580+05:30">
        <Text>Warning: Test Run deployment issue: Failed to get the file for deployment item '..\UnitTest\TestCases\all_persons_modal_can_may_negation.xml' specified by the test 'UnitTest.BnlpTest.all_persons_modal_can_may_negation': System.IO.DirectoryNotFoundException: Could not find a part of the path 'D:\software\Project\UnitTest\TestCases\all_persons_modal_can_may_negation.xml'.</Text>
        <Exception>System.IO.DirectoryNotFoundException: Could not find a part of the path 'D:\software\Project\UnitTest\TestCases\all_persons_modal_can_may_negation.xml'.
   at System.IO.__Error.WinIOError(Int32 errorCode, String maybeFullPath)
   at System.IO.File.GetAttributes(String path)
   at Microsoft.VisualStudio.TestTools.Common.SingleFileProvider.GetFilePaths()
   at Microsoft.VisualStudio.TestTools.TestManagement.DeploymentCoverageItem.GetFiles(TestRunConfiguration runConfig)
   at Microsoft.VisualStudio.TestTools.TestManagement.DeploymentManager.DoDeployment(TestRun run, FileCopyService fileCopyService)</Exception>
      </RunInfo>
      <RunInfo computerName="ARPAN-LAP" outcome="Warning" timestamp="2014-06-25T20:24:20.8809581+05:30">
        <Text>Warning: Test Run deployment issue: Failed to get the file for deployment item '..\UnitTest\TestCases\third_person_tenses_active_negation.xml' specified by the test 'UnitTest.BnlpTest.third_person_tenses_active_negation': System.IO.DirectoryNotFoundException: Could not find a part of the path 'D:\software\Project\UnitTest\TestCases\third_person_tenses_active_negation.xml'.</Text>
        <Exception>System.IO.DirectoryNotFoundException: Could not find a part of the path 'D:\software\Project\UnitTest\TestCases\third_person_tenses_active_negation.xml'.
   at System.IO.__Error.WinIOError(Int32 errorCode, String maybeFullPath)
   at System.IO.File.GetAttributes(String path)
   at Microsoft.VisualStudio.TestTools.Common.SingleFileProvider.GetFilePaths()
   at Microsoft.VisualStudio.TestTools.TestManagement.DeploymentCoverageItem.GetFiles(TestRunConfiguration runConfig)
   at Microsoft.VisualStudio.TestTools.TestManagement.DeploymentManager.DoDeployment(TestRun run, FileCopyService fileCopyService)</Exception>
      </RunInfo>
      <RunInfo computerName="ARPAN-LAP" outcome="Warning" timestamp="2014-06-25T20:24:20.8819581+05:30">
        <Text>Warning: Test Run deployment issue: Failed to get the file for deployment item '..\UnitTest\TestCases\interrogative_sentences_do.xml' specified by the test 'UnitTest.BnlpTest.interrogative_sentences_do': System.IO.DirectoryNotFoundException: Could not find a part of the path 'D:\software\Project\UnitTest\TestCases\interrogative_sentences_do.xml'.</Text>
        <Exception>System.IO.DirectoryNotFoundException: Could not find a part of the path 'D:\software\Project\UnitTest\TestCases\interrogative_sentences_do.xml'.
   at System.IO.__Error.WinIOError(Int32 errorCode, String maybeFullPath)
   at System.IO.File.GetAttributes(String path)
   at Microsoft.VisualStudio.TestTools.Common.SingleFileProvider.GetFilePaths()
   at Microsoft.VisualStudio.TestTools.TestManagement.DeploymentCoverageItem.GetFiles(TestRunConfiguration runConfig)
   at Microsoft.VisualStudio.TestTools.TestManagement.DeploymentManager.DoDeployment(TestRun run, FileCopyService fileCopyService)</Exception>
      </RunInfo>
      <RunInfo computerName="ARPAN-LAP" outcome="Warning" timestamp="2014-06-25T20:24:20.8829582+05:30">
        <Text>Warning: Test Run deployment issue: Failed to get the file for deployment item '..\UnitTest\TestCases\auxiliary_verbs_as_main_verbs.xml' specified by the test 'UnitTest.BnlpTest.auxiliary_verbs_as_main_verbs': System.IO.DirectoryNotFoundException: Could not find a part of the path 'D:\software\Project\UnitTest\TestCases\auxiliary_verbs_as_main_verbs.xml'.</Text>
        <Exception>System.IO.DirectoryNotFoundException: Could not find a part of the path 'D:\software\Project\UnitTest\TestCases\auxiliary_verbs_as_main_verbs.xml'.
   at System.IO.__Error.WinIOError(Int32 errorCode, String maybeFullPath)
   at System.IO.File.GetAttributes(String path)
   at Microsoft.VisualStudio.TestTools.Common.SingleFileProvider.GetFilePaths()
   at Microsoft.VisualStudio.TestTools.TestManagement.DeploymentCoverageItem.GetFiles(TestRunConfiguration runConfig)
   at Microsoft.VisualStudio.TestTools.TestManagement.DeploymentManager.DoDeployment(TestRun run, FileCopyService fileCopyService)</Exception>
      </RunInfo>
      <RunInfo computerName="ARPAN-LAP" outcome="Warning" timestamp="2014-06-25T20:24:20.8829582+05:30">
        <Text>Warning: Test Run deployment issue: Failed to get the file for deployment item '..\UnitTest\TestCases\all_persons_tenses_passive_negation.xml' specified by the test 'UnitTest.BnlpTest.all_persons_tenses_passive_negation': System.IO.DirectoryNotFoundException: Could not find a part of the path 'D:\software\Project\UnitTest\TestCases\all_persons_tenses_passive_negation.xml'.</Text>
        <Exception>System.IO.DirectoryNotFoundException: Could not find a part of the path 'D:\software\Project\UnitTest\TestCases\all_persons_tenses_passive_negation.xml'.
   at System.IO.__Error.WinIOError(Int32 errorCode, String maybeFullPath)
   at System.IO.File.GetAttributes(String path)
   at Microsoft.VisualStudio.TestTools.Common.SingleFileProvider.GetFilePaths()
   at Microsoft.VisualStudio.TestTools.TestManagement.DeploymentCoverageItem.GetFiles(TestRunConfiguration runConfig)
   at Microsoft.VisualStudio.TestTools.TestManagement.DeploymentManager.DoDeployment(TestRun run, FileCopyService fileCopyService)</Exception>
      </RunInfo>
      <RunInfo computerName="ARPAN-LAP" outcome="Warning" timestamp="2014-06-25T20:24:20.8839582+05:30">
        <Text>Warning: Test Run deployment issue: Failed to get the file for deployment item '..\UnitTest\TestCases\prepositions_made_with_two_words.xml' specified by the test 'UnitTest.BnlpTest.prepositions_made_with_two_words': System.IO.DirectoryNotFoundException: Could not find a part of the path 'D:\software\Project\UnitTest\TestCases\prepositions_made_with_two_words.xml'.</Text>
        <Exception>System.IO.DirectoryNotFoundException: Could not find a part of the path 'D:\software\Project\UnitTest\TestCases\prepositions_made_with_two_words.xml'.
   at System.IO.__Error.WinIOError(Int32 errorCode, String maybeFullPath)
   at System.IO.File.GetAttributes(String path)
   at Microsoft.VisualStudio.TestTools.Common.SingleFileProvider.GetFilePaths()
   at Microsoft.VisualStudio.TestTools.TestManagement.DeploymentCoverageItem.GetFiles(TestRunConfiguration runConfig)
   at Microsoft.VisualStudio.TestTools.TestManagement.DeploymentManager.DoDeployment(TestRun run, FileCopyService fileCopyService)</Exception>
      </RunInfo>
      <RunInfo computerName="ARPAN-LAP" outcome="Warning" timestamp="2014-06-25T20:24:20.8849583+05:30">
        <Text>Warning: Test Run deployment issue: Failed to get the file for deployment item '..\UnitTest\TestCases\first_person_tenses_active.xml' specified by the test 'UnitTest.BnlpTest.first_person_tenses_active': System.IO.DirectoryNotFoundException: Could not find a part of the path 'D:\software\Project\UnitTest\TestCases\first_person_tenses_active.xml'.</Text>
        <Exception>System.IO.DirectoryNotFoundException: Could not find a part of the path 'D:\software\Project\UnitTest\TestCases\first_person_tenses_active.xml'.
   at System.IO.__Error.WinIOError(Int32 errorCode, String maybeFullPath)
   at System.IO.File.GetAttributes(String path)
   at Microsoft.VisualStudio.TestTools.Common.SingleFileProvider.GetFilePaths()
   at Microsoft.VisualStudio.TestTools.TestManagement.DeploymentCoverageItem.GetFiles(TestRunConfiguration runConfig)
   at Microsoft.VisualStudio.TestTools.TestManagement.DeploymentManager.DoDeployment(TestRun run, FileCopyService fileCopyService)</Exception>
      </RunInfo>
      <RunInfo computerName="ARPAN-LAP" outcome="Warning" timestamp="2014-06-25T20:24:20.8859584+05:30">
        <Text>Warning: Test Run deployment issue: Failed to get the file for deployment item '..\UnitTest\TestCases\interrogative_sentences_why.xml' specified by the test 'UnitTest.BnlpTest.interrogative_sentences_why': System.IO.DirectoryNotFoundException: Could not find a part of the path 'D:\software\Project\UnitTest\TestCases\interrogative_sentences_why.xml'.</Text>
        <Exception>System.IO.DirectoryNotFoundException: Could not find a part of the path 'D:\software\Project\UnitTest\TestCases\interrogative_sentences_why.xml'.
   at System.IO.__Error.WinIOError(Int32 errorCode, String maybeFullPath)
   at System.IO.File.GetAttributes(String path)
   at Microsoft.VisualStudio.TestTools.Common.SingleFileProvider.GetFilePaths()
   at Microsoft.VisualStudio.TestTools.TestManagement.DeploymentCoverageItem.GetFiles(TestRunConfiguration runConfig)
   at Microsoft.VisualStudio.TestTools.TestManagement.DeploymentManager.DoDeployment(TestRun run, FileCopyService fileCopyService)</Exception>
      </RunInfo>
      <RunInfo computerName="ARPAN-LAP" outcome="Warning" timestamp="2014-06-25T20:24:20.8869584+05:30">
        <Text>Warning: Test Run deployment issue: Failed to get the file for deployment item '..\UnitTest\TestCases\all_persons_modal_can_may.xml' specified by the test 'UnitTest.BnlpTest.all_persons_modal_can_may': System.IO.DirectoryNotFoundException: Could not find a part of the path 'D:\software\Project\UnitTest\TestCases\all_persons_modal_can_may.xml'.</Text>
        <Exception>System.IO.DirectoryNotFoundException: Could not find a part of the path 'D:\software\Project\UnitTest\TestCases\all_persons_modal_can_may.xml'.
   at System.IO.__Error.WinIOError(Int32 errorCode, String maybeFullPath)
   at System.IO.File.GetAttributes(String path)
   at Microsoft.VisualStudio.TestTools.Common.SingleFileProvider.GetFilePaths()
   at Microsoft.VisualStudio.TestTools.TestManagement.DeploymentCoverageItem.GetFiles(TestRunConfiguration runConfig)
   at Microsoft.VisualStudio.TestTools.TestManagement.DeploymentManager.DoDeployment(TestRun run, FileCopyService fileCopyService)</Exception>
      </RunInfo>
    </RunInfos>
  </ResultSummary>
  <TestDefinitions>
    <UnitTest name="prepositions_made_with_three_words" storage="d:\software\project\bnlp\unittest\bin\debug\unittest.dll" id="0f33848d-a900-d644-7498-2526887b5425">
      <DeploymentItems>
        <DeploymentItem filename="..\UnitTest\TestCases\prepositions_made_with_three_words.xml" />
      </DeploymentItems>
      <Execution id="9217e87a-bf77-40e9-8780-133e3e782213" />
      <TestMethod codeBase="D:/software/Project/BNLP/UnitTest/bin/Debug/UnitTest.DLL" adapterTypeName="Microsoft.VisualStudio.TestTools.TestTypes.Unit.UnitTestAdapter, Microsoft.VisualStudio.QualityTools.Tips.UnitTest.Adapter, Version=10.0.0.0, Culture=neutral, PublicKeyToken=b03f5f7f11d50a3a" className="UnitTest.BnlpTest, UnitTest, Version=1.0.0.0, Culture=neutral, PublicKeyToken=null" name="prepositions_made_with_three_words" />
      <DataSource connectionString="|DataDirectory|\TestCases\prepositions_made_with_three_words.xml" providerInvariantName="Microsoft.VisualStudio.TestTools.DataSource.XML" tableName="sentence" />
    </UnitTest>
    <UnitTest name="first_person_tenses_active" storage="d:\software\project\bnlp\unittest\bin\debug\unittest.dll" id="921e6ab0-d7c2-6005-e523-6fd2d5e1a723">
      <DeploymentItems>
        <DeploymentItem filename="..\UnitTest\TestCases\first_person_tenses_active.xml" />
      </DeploymentItems>
      <Execution id="31efa13a-0201-4cda-a712-8d3f280c494b" />
      <TestMethod codeBase="D:/software/Project/BNLP/UnitTest/bin/Debug/UnitTest.DLL" adapterTypeName="Microsoft.VisualStudio.TestTools.TestTypes.Unit.UnitTestAdapter, Microsoft.VisualStudio.QualityTools.Tips.UnitTest.Adapter, Version=10.0.0.0, Culture=neutral, PublicKeyToken=b03f5f7f11d50a3a" className="UnitTest.BnlpTest, UnitTest, Version=1.0.0.0, Culture=neutral, PublicKeyToken=null" name="first_person_tenses_active" />
      <DataSource connectionString="|DataDirectory|\TestCases\first_person_tenses_active.xml" providerInvariantName="Microsoft.VisualStudio.TestTools.DataSource.XML" tableName="sentence" />
    </UnitTest>
    <UnitTest name="interrogative_sentences_what" storage="d:\software\project\bnlp\unittest\bin\debug\unittest.dll" id="7f7910d1-dc89-39b4-b4cf-d9e6d7af9420">
      <DeploymentItems>
        <DeploymentItem filename="..\UnitTest\TestCases\interrogative_sentences_what.xml" />
      </DeploymentItems>
      <Execution id="30975d77-c653-49e4-9ff3-34b4e4bc502c" />
      <TestMethod codeBase="D:/software/Project/BNLP/UnitTest/bin/Debug/UnitTest.DLL" adapterTypeName="Microsoft.VisualStudio.TestTools.TestTypes.Unit.UnitTestAdapter, Microsoft.VisualStudio.QualityTools.Tips.UnitTest.Adapter, Version=10.0.0.0, Culture=neutral, PublicKeyToken=b03f5f7f11d50a3a" className="UnitTest.BnlpTest, UnitTest, Version=1.0.0.0, Culture=neutral, PublicKeyToken=null" name="interrogative_sentences_what" />
      <DataSource connectionString="|DataDirectory|\TestCases\interrogative_sentences_what.xml" providerInvariantName="Microsoft.VisualStudio.TestTools.DataSource.XML" tableName="sentence" />
    </UnitTest>
    <UnitTest name="all_persons_modal_should_negation" storage="d:\software\project\bnlp\unittest\bin\debug\unittest.dll" id="9319d01e-de3e-d310-c76e-cae8dce4c924">
      <DeploymentItems>
        <DeploymentItem filename="..\UnitTest\TestCases\all_persons_modal_should_negation.xml" />
      </DeploymentItems>
      <Execution id="68685e7c-9a50-4abf-8fc0-e45684b02b22" />
      <TestMethod codeBase="D:/software/Project/BNLP/UnitTest/bin/Debug/UnitTest.DLL" adapterTypeName="Microsoft.VisualStudio.TestTools.TestTypes.Unit.UnitTestAdapter, Microsoft.VisualStudio.QualityTools.Tips.UnitTest.Adapter, Version=10.0.0.0, Culture=neutral, PublicKeyToken=b03f5f7f11d50a3a" className="UnitTest.BnlpTest, UnitTest, Version=1.0.0.0, Culture=neutral, PublicKeyToken=null" name="all_persons_modal_should_negation" />
      <DataSource connectionString="|DataDirectory|\TestCases\all_persons_modal_should_negation.xml" providerInvariantName="Microsoft.VisualStudio.TestTools.DataSource.XML" tableName="sentence" />
    </UnitTest>
    <UnitTest name="prepositions_made_with_two_words" storage="d:\software\project\bnlp\unittest\bin\debug\unittest.dll" id="0f337a75-1a2d-d9c3-6c5f-23ed2604b69d">
      <DeploymentItems>
        <DeploymentItem filename="..\UnitTest\TestCases\prepositions_made_with_two_words.xml" />
      </DeploymentItems>
      <Execution id="aa247ae7-8a09-4c06-89f6-fe6079c6e365" />
      <TestMethod codeBase="D:/software/Project/BNLP/UnitTest/bin/Debug/UnitTest.DLL" adapterTypeName="Microsoft.VisualStudio.TestTools.TestTypes.Unit.UnitTestAdapter, Microsoft.VisualStudio.QualityTools.Tips.UnitTest.Adapter, Version=10.0.0.0, Culture=neutral, PublicKeyToken=b03f5f7f11d50a3a" className="UnitTest.BnlpTest, UnitTest, Version=1.0.0.0, Culture=neutral, PublicKeyToken=null" name="prepositions_made_with_two_words" />
      <DataSource connectionString="|DataDirectory|\TestCases\prepositions_made_with_two_words.xml" providerInvariantName="Microsoft.VisualStudio.TestTools.DataSource.XML" tableName="sentence" />
    </UnitTest>
    <UnitTest name="interrogative_sentences_do" storage="d:\software\project\bnlp\unittest\bin\debug\unittest.dll" id="1d63c318-78a9-9011-f5c0-0b01884a2881">
      <DeploymentItems>
        <DeploymentItem filename="..\UnitTest\TestCases\interrogative_sentences_do.xml" />
      </DeploymentItems>
      <Execution id="4a9dd8b3-e426-4cbf-bb84-3cfec7276745" />
      <TestMethod codeBase="D:/software/Project/BNLP/UnitTest/bin/Debug/UnitTest.DLL" adapterTypeName="Microsoft.VisualStudio.TestTools.TestTypes.Unit.UnitTestAdapter, Microsoft.VisualStudio.QualityTools.Tips.UnitTest.Adapter, Version=10.0.0.0, Culture=neutral, PublicKeyToken=b03f5f7f11d50a3a" className="UnitTest.BnlpTest, UnitTest, Version=1.0.0.0, Culture=neutral, PublicKeyToken=null" name="interrogative_sentences_do" />
      <DataSource connectionString="|DataDirectory|\TestCases\interrogative_sentences_do.xml" providerInvariantName="Microsoft.VisualStudio.TestTools.DataSource.XML" tableName="sentence" />
    </UnitTest>
    <UnitTest name="all_persons_tenses_passive_negation" storage="d:\software\project\bnlp\unittest\bin\debug\unittest.dll" id="bdfe92b2-f4ac-73a5-f13d-5c1ea13721b4">
      <DeploymentItems>
        <DeploymentItem filename="..\UnitTest\TestCases\all_persons_tenses_passive_negation.xml" />
      </DeploymentItems>
      <Execution id="eb1961f2-19db-42ba-ad1a-392e64829422" />
      <TestMethod codeBase="D:/software/Project/BNLP/UnitTest/bin/Debug/UnitTest.DLL" adapterTypeName="Microsoft.VisualStudio.TestTools.TestTypes.Unit.UnitTestAdapter, Microsoft.VisualStudio.QualityTools.Tips.UnitTest.Adapter, Version=10.0.0.0, Culture=neutral, PublicKeyToken=b03f5f7f11d50a3a" className="UnitTest.BnlpTest, UnitTest, Version=1.0.0.0, Culture=neutral, PublicKeyToken=null" name="all_persons_tenses_passive_negation" />
      <DataSource connectionString="|DataDirectory|\TestCases\all_persons_tenses_passive_negation.xml" providerInvariantName="Microsoft.VisualStudio.TestTools.DataSource.XML" tableName="sentence" />
    </UnitTest>
    <UnitTest name="third_person_tenses_active_negation" storage="d:\software\project\bnlp\unittest\bin\debug\unittest.dll" id="fe3e63ab-391c-e168-48d0-431b85a7b898">
      <DeploymentItems>
        <DeploymentItem filename="..\UnitTest\TestCases\third_person_tenses_active_negation.xml" />
      </DeploymentItems>
      <Execution id="c3b3e6d1-f6b8-4ae5-960f-1cac3c171fc0" />
      <TestMethod codeBase="D:/software/Project/BNLP/UnitTest/bin/Debug/UnitTest.DLL" adapterTypeName="Microsoft.VisualStudio.TestTools.TestTypes.Unit.UnitTestAdapter, Microsoft.VisualStudio.QualityTools.Tips.UnitTest.Adapter, Version=10.0.0.0, Culture=neutral, PublicKeyToken=b03f5f7f11d50a3a" className="UnitTest.BnlpTest, UnitTest, Version=1.0.0.0, Culture=neutral, PublicKeyToken=null" name="third_person_tenses_active_negation" />
      <DataSource connectionString="|DataDirectory|\TestCases\third_person_tenses_active_negation.xml" providerInvariantName="Microsoft.VisualStudio.TestTools.DataSource.XML" tableName="sentence" />
    </UnitTest>
    <UnitTest name="all_persons_modal_should" storage="d:\software\project\bnlp\unittest\bin\debug\unittest.dll" id="783915fe-114a-e353-78dd-56e92a60f942">
      <DeploymentItems>
        <DeploymentItem filename="..\UnitTest\TestCases\all_persons_modal_should.xml" />
      </DeploymentItems>
      <Execution id="93896770-8aa7-421d-9fb5-60a302fcd9b3" />
      <TestMethod codeBase="D:/software/Project/BNLP/UnitTest/bin/Debug/UnitTest.DLL" adapterTypeName="Microsoft.VisualStudio.TestTools.TestTypes.Unit.UnitTestAdapter, Microsoft.VisualStudio.QualityTools.Tips.UnitTest.Adapter, Version=10.0.0.0, Culture=neutral, PublicKeyToken=b03f5f7f11d50a3a" className="UnitTest.BnlpTest, UnitTest, Version=1.0.0.0, Culture=neutral, PublicKeyToken=null" name="all_persons_modal_should" />
      <DataSource connectionString="|DataDirectory|\TestCases\all_persons_modal_should.xml" providerInvariantName="Microsoft.VisualStudio.TestTools.DataSource.XML" tableName="sentence" />
    </UnitTest>
    <UnitTest name="second_person_tenses_active" storage="d:\software\project\bnlp\unittest\bin\debug\unittest.dll" id="30ab3285-6a8c-14d2-9725-bd60892ccd90">
      <DeploymentItems>
        <DeploymentItem filename="..\UnitTest\TestCases\second_person_tenses_active.xml" />
      </DeploymentItems>
      <Execution id="659cd702-6950-4889-b420-9a87a635f3f1" />
      <TestMethod codeBase="D:/software/Project/BNLP/UnitTest/bin/Debug/UnitTest.DLL" adapterTypeName="Microsoft.VisualStudio.TestTools.TestTypes.Unit.UnitTestAdapter, Microsoft.VisualStudio.QualityTools.Tips.UnitTest.Adapter, Version=10.0.0.0, Culture=neutral, PublicKeyToken=b03f5f7f11d50a3a" className="UnitTest.BnlpTest, UnitTest, Version=1.0.0.0, Culture=neutral, PublicKeyToken=null" name="second_person_tenses_active" />
      <DataSource connectionString="|DataDirectory|\TestCases\second_person_tenses_active.xml" providerInvariantName="Microsoft.VisualStudio.TestTools.DataSource.XML" tableName="sentence" />
    </UnitTest>
    <UnitTest name="interrogative_sentences_who" storage="d:\software\project\bnlp\unittest\bin\debug\unittest.dll" id="32b5d279-0d23-e5ad-0301-234c8788f740">
      <DeploymentItems>
        <DeploymentItem filename="..\UnitTest\TestCases\interrogative_sentences_who.xml" />
      </DeploymentItems>
      <Execution id="3fbd8f20-affc-4312-b480-a621afa0bbdf" />
      <TestMethod codeBase="D:/software/Project/BNLP/UnitTest/bin/Debug/UnitTest.DLL" adapterTypeName="Microsoft.VisualStudio.TestTools.TestTypes.Unit.UnitTestAdapter, Microsoft.VisualStudio.QualityTools.Tips.UnitTest.Adapter, Version=10.0.0.0, Culture=neutral, PublicKeyToken=b03f5f7f11d50a3a" className="UnitTest.BnlpTest, UnitTest, Version=1.0.0.0, Culture=neutral, PublicKeyToken=null" name="interrogative_sentences_who" />
      <DataSource connectionString="|DataDirectory|\TestCases\interrogative_sentences_who.xml" providerInvariantName="Microsoft.VisualStudio.TestTools.DataSource.XML" tableName="sentence" />
    </UnitTest>
    <UnitTest name="all_persons_modal_can_may" storage="d:\software\project\bnlp\unittest\bin\debug\unittest.dll" id="8fe5ccb3-a3f4-0f61-ad21-e94ef029e900">
      <DeploymentItems>
        <DeploymentItem filename="..\UnitTest\TestCases\all_persons_modal_can_may.xml" />
      </DeploymentItems>
      <Execution id="f47529c9-c0c9-4236-8176-c73a5f3ec90d" />
      <TestMethod codeBase="D:/software/Project/BNLP/UnitTest/bin/Debug/UnitTest.DLL" adapterTypeName="Microsoft.VisualStudio.TestTools.TestTypes.Unit.UnitTestAdapter, Microsoft.VisualStudio.QualityTools.Tips.UnitTest.Adapter, Version=10.0.0.0, Culture=neutral, PublicKeyToken=b03f5f7f11d50a3a" className="UnitTest.BnlpTest, UnitTest, Version=1.0.0.0, Culture=neutral, PublicKeyToken=null" name="all_persons_modal_can_may" />
      <DataSource connectionString="|DataDirectory|\TestCases\all_persons_modal_can_may.xml" providerInvariantName="Microsoft.VisualStudio.TestTools.DataSource.XML" tableName="sentence" />
    </UnitTest>
    <UnitTest name="interrogative_sentences_how" storage="d:\software\project\bnlp\unittest\bin\debug\unittest.dll" id="227f20ae-8e76-eb71-39b2-4ada3ce6aba8">
      <DeploymentItems>
        <DeploymentItem filename="..\UnitTest\TestCases\interrogative_sentences_how.xml" />
      </DeploymentItems>
      <Execution id="0c204cf8-a06a-4675-b991-c263e7379f9a" />
      <TestMethod codeBase="D:/software/Project/BNLP/UnitTest/bin/Debug/UnitTest.DLL" adapterTypeName="Microsoft.VisualStudio.TestTools.TestTypes.Unit.UnitTestAdapter, Microsoft.VisualStudio.QualityTools.Tips.UnitTest.Adapter, Version=10.0.0.0, Culture=neutral, PublicKeyToken=b03f5f7f11d50a3a" className="UnitTest.BnlpTest, UnitTest, Version=1.0.0.0, Culture=neutral, PublicKeyToken=null" name="interrogative_sentences_how" />
      <DataSource connectionString="|DataDirectory|\TestCases\interrogative_sentences_how.xml" providerInvariantName="Microsoft.VisualStudio.TestTools.DataSource.XML" tableName="sentence" />
    </UnitTest>
    <UnitTest name="all_persons_modal_can_may_negation" storage="d:\software\project\bnlp\unittest\bin\debug\unittest.dll" id="d03eb628-bf1f-c27d-aeef-e708d613d686">
      <DeploymentItems>
        <DeploymentItem filename="..\UnitTest\TestCases\all_persons_modal_can_may_negation.xml" />
      </DeploymentItems>
      <Execution id="d9d0cad9-ab9a-4c63-92d2-003b53919b35" />
      <TestMethod codeBase="D:/software/Project/BNLP/UnitTest/bin/Debug/UnitTest.DLL" adapterTypeName="Microsoft.VisualStudio.TestTools.TestTypes.Unit.UnitTestAdapter, Microsoft.VisualStudio.QualityTools.Tips.UnitTest.Adapter, Version=10.0.0.0, Culture=neutral, PublicKeyToken=b03f5f7f11d50a3a" className="UnitTest.BnlpTest, UnitTest, Version=1.0.0.0, Culture=neutral, PublicKeyToken=null" name="all_persons_modal_can_may_negation" />
      <DataSource connectionString="|DataDirectory|\TestCases\all_persons_modal_can_may_negation.xml" providerInvariantName="Microsoft.VisualStudio.TestTools.DataSource.XML" tableName="sentence" />
    </UnitTest>
    <UnitTest name="RandomWord" storage="d:\software\project\bnlp\unittest\bin\debug\unittest.dll" id="642ce34f-0ed4-f995-637b-09297c832f2a">
      <DeploymentItems>
        <DeploymentItem filename="..\UnitTest\TestCases\wikipedia.xml" />
      </DeploymentItems>
      <Execution id="3edee90d-c97e-488e-bfad-e98d90971fde" />
      <TestMethod codeBase="D:/software/Project/BNLP/UnitTest/bin/Debug/UnitTest.DLL" adapterTypeName="Microsoft.VisualStudio.TestTools.TestTypes.Unit.UnitTestAdapter, Microsoft.VisualStudio.QualityTools.Tips.UnitTest.Adapter, Version=10.0.0.0, Culture=neutral, PublicKeyToken=b03f5f7f11d50a3a" className="UnitTest.BnlpTest, UnitTest, Version=1.0.0.0, Culture=neutral, PublicKeyToken=null" name="RandomWord" />
      <DataSource connectionString="|DataDirectory|\TestCases\wikipedia.xml" providerInvariantName="Microsoft.VisualStudio.TestTools.DataSource.XML" tableName="sentence" />
    </UnitTest>
    <UnitTest name="second_person_tenses_active_negation" storage="d:\software\project\bnlp\unittest\bin\debug\unittest.dll" id="83c68223-dcaa-51dd-423f-434210a59f77">
      <DeploymentItems>
        <DeploymentItem filename="..\UnitTest\TestCases\second_person_tenses_active_negation.xml" />
      </DeploymentItems>
      <Execution id="1123d5eb-6b18-425d-992e-01a32ed13256" />
      <TestMethod codeBase="D:/software/Project/BNLP/UnitTest/bin/Debug/UnitTest.DLL" adapterTypeName="Microsoft.VisualStudio.TestTools.TestTypes.Unit.UnitTestAdapter, Microsoft.VisualStudio.QualityTools.Tips.UnitTest.Adapter, Version=10.0.0.0, Culture=neutral, PublicKeyToken=b03f5f7f11d50a3a" className="UnitTest.BnlpTest, UnitTest, Version=1.0.0.0, Culture=neutral, PublicKeyToken=null" name="second_person_tenses_active_negation" />
      <DataSource connectionString="|DataDirectory|\TestCases\second_person_tenses_active_negation.xml" providerInvariantName="Microsoft.VisualStudio.TestTools.DataSource.XML" tableName="sentence" />
    </UnitTest>
    <UnitTest name="interrogative_sentences_why" storage="d:\software\project\bnlp\unittest\bin\debug\unittest.dll" id="1b04a6d6-5350-792c-8eba-a46a0eb28949">
      <DeploymentItems>
        <DeploymentItem filename="..\UnitTest\TestCases\interrogative_sentences_why.xml" />
      </DeploymentItems>
      <Execution id="1ff17094-905f-4612-850c-4dcafa83e14a" />
      <TestMethod codeBase="D:/software/Project/BNLP/UnitTest/bin/Debug/UnitTest.DLL" adapterTypeName="Microsoft.VisualStudio.TestTools.TestTypes.Unit.UnitTestAdapter, Microsoft.VisualStudio.QualityTools.Tips.UnitTest.Adapter, Version=10.0.0.0, Culture=neutral, PublicKeyToken=b03f5f7f11d50a3a" className="UnitTest.BnlpTest, UnitTest, Version=1.0.0.0, Culture=neutral, PublicKeyToken=null" name="interrogative_sentences_why" />
      <DataSource connectionString="|DataDirectory|\TestCases\interrogative_sentences_why.xml" providerInvariantName="Microsoft.VisualStudio.TestTools.DataSource.XML" tableName="sentence" />
    </UnitTest>
    <UnitTest name="interrogative_sentences_which" storage="d:\software\project\bnlp\unittest\bin\debug\unittest.dll" id="97a1371f-e8e6-db3e-323e-49ffeef32df1">
      <DeploymentItems>
        <DeploymentItem filename="..\UnitTest\TestCases\interrogative_sentences_which.xml" />
      </DeploymentItems>
      <Execution id="ccb94ecd-ffd3-4c98-8ed1-192ac6a29941" />
      <TestMethod codeBase="D:/software/Project/BNLP/UnitTest/bin/Debug/UnitTest.DLL" adapterTypeName="Microsoft.VisualStudio.TestTools.TestTypes.Unit.UnitTestAdapter, Microsoft.VisualStudio.QualityTools.Tips.UnitTest.Adapter, Version=10.0.0.0, Culture=neutral, PublicKeyToken=b03f5f7f11d50a3a" className="UnitTest.BnlpTest, UnitTest, Version=1.0.0.0, Culture=neutral, PublicKeyToken=null" name="interrogative_sentences_which" />
      <DataSource connectionString="|DataDirectory|\TestCases\interrogative_sentences_which.xml" providerInvariantName="Microsoft.VisualStudio.TestTools.DataSource.XML" tableName="sentence" />
    </UnitTest>
    <UnitTest name="third_person_tenses_active" storage="d:\software\project\bnlp\unittest\bin\debug\unittest.dll" id="0bc2f98c-98f5-f190-c78c-c00d94c547a1">
      <DeploymentItems>
        <DeploymentItem filename="..\UnitTest\TestCases\third_person_tenses_active.xml" />
      </DeploymentItems>
      <Execution id="f6c31faf-9785-49e8-9c97-dbb6ab4940fb" />
      <TestMethod codeBase="D:/software/Project/BNLP/UnitTest/bin/Debug/UnitTest.DLL" adapterTypeName="Microsoft.VisualStudio.TestTools.TestTypes.Unit.UnitTestAdapter, Microsoft.VisualStudio.QualityTools.Tips.UnitTest.Adapter, Version=10.0.0.0, Culture=neutral, PublicKeyToken=b03f5f7f11d50a3a" className="UnitTest.BnlpTest, UnitTest, Version=1.0.0.0, Culture=neutral, PublicKeyToken=null" name="third_person_tenses_active" />
      <DataSource connectionString="|DataDirectory|\TestCases\third_person_tenses_active.xml" providerInvariantName="Microsoft.VisualStudio.TestTools.DataSource.XML" tableName="sentence" />
    </UnitTest>
    <UnitTest name="auxiliary_verbs_as_main_verbs" storage="d:\software\project\bnlp\unittest\bin\debug\unittest.dll" id="c79146bc-2376-961a-5de9-441b5dfc7188">
      <DeploymentItems>
        <DeploymentItem filename="..\UnitTest\TestCases\auxiliary_verbs_as_main_verbs.xml" />
      </DeploymentItems>
      <Execution id="7a6f242f-60d3-432e-9284-b65d77cfd11e" />
      <TestMethod codeBase="D:/software/Project/BNLP/UnitTest/bin/Debug/UnitTest.DLL" adapterTypeName="Microsoft.VisualStudio.TestTools.TestTypes.Unit.UnitTestAdapter, Microsoft.VisualStudio.QualityTools.Tips.UnitTest.Adapter, Version=10.0.0.0, Culture=neutral, PublicKeyToken=b03f5f7f11d50a3a" className="UnitTest.BnlpTest, UnitTest, Version=1.0.0.0, Culture=neutral, PublicKeyToken=null" name="auxiliary_verbs_as_main_verbs" />
      <DataSource connectionString="|DataDirectory|\TestCases\auxiliary_verbs_as_main_verbs.xml" providerInvariantName="Microsoft.VisualStudio.TestTools.DataSource.XML" tableName="sentence" />
    </UnitTest>
    <UnitTest name="special_handling_do_verb" storage="d:\software\project\bnlp\unittest\bin\debug\unittest.dll" id="533e7939-123c-ce84-5c5c-d5a21d1d95b9">
      <DeploymentItems>
        <DeploymentItem filename="..\UnitTest\TestCases\special_handling_do_verb.xml" />
      </DeploymentItems>
      <Execution id="ccf5d00c-e373-4053-9754-c2d8c78cd2f1" />
      <TestMethod codeBase="D:/software/Project/BNLP/UnitTest/bin/Debug/UnitTest.DLL" adapterTypeName="Microsoft.VisualStudio.TestTools.TestTypes.Unit.UnitTestAdapter, Microsoft.VisualStudio.QualityTools.Tips.UnitTest.Adapter, Version=10.0.0.0, Culture=neutral, PublicKeyToken=b03f5f7f11d50a3a" className="UnitTest.BnlpTest, UnitTest, Version=1.0.0.0, Culture=neutral, PublicKeyToken=null" name="special_handling_do_verb" />
      <DataSource connectionString="|DataDirectory|\TestCases\special_handling_do_verb.xml" providerInvariantName="Microsoft.VisualStudio.TestTools.DataSource.XML" tableName="sentence" />
    </UnitTest>
    <UnitTest name="interrogative_sentences_whom" storage="d:\software\project\bnlp\unittest\bin\debug\unittest.dll" id="4e91a3b9-9eae-ebff-0b97-303f00578a78">
      <DeploymentItems>
        <DeploymentItem filename="..\UnitTest\TestCases\interrogative_sentences_whom.xml" />
      </DeploymentItems>
      <Execution id="db78151a-07de-4fac-9e92-8145a2e54f79" />
      <TestMethod codeBase="D:/software/Project/BNLP/UnitTest/bin/Debug/UnitTest.DLL" adapterTypeName="Microsoft.VisualStudio.TestTools.TestTypes.Unit.UnitTestAdapter, Microsoft.VisualStudio.QualityTools.Tips.UnitTest.Adapter, Version=10.0.0.0, Culture=neutral, PublicKeyToken=b03f5f7f11d50a3a" className="UnitTest.BnlpTest, UnitTest, Version=1.0.0.0, Culture=neutral, PublicKeyToken=null" name="interrogative_sentences_whom" />
      <DataSource connectionString="|DataDirectory|\TestCases\interrogative_sentences_whom.xml" providerInvariantName="Microsoft.VisualStudio.TestTools.DataSource.XML" tableName="sentence" />
    </UnitTest>
    <UnitTest name="interrogative_sentences_where" storage="d:\software\project\bnlp\unittest\bin\debug\unittest.dll" id="b9261b51-b0a2-10e2-9308-22bb2624de8b">
      <DeploymentItems>
        <DeploymentItem filename="..\UnitTest\TestCases\interrogative_sentences_where.xml" />
      </DeploymentItems>
      <Execution id="8a20abbe-50d4-4210-83c2-67c81412601f" />
      <TestMethod codeBase="D:/software/Project/BNLP/UnitTest/bin/Debug/UnitTest.DLL" adapterTypeName="Microsoft.VisualStudio.TestTools.TestTypes.Unit.UnitTestAdapter, Microsoft.VisualStudio.QualityTools.Tips.UnitTest.Adapter, Version=10.0.0.0, Culture=neutral, PublicKeyToken=b03f5f7f11d50a3a" className="UnitTest.BnlpTest, UnitTest, Version=1.0.0.0, Culture=neutral, PublicKeyToken=null" name="interrogative_sentences_where" />
      <DataSource connectionString="|DataDirectory|\TestCases\interrogative_sentences_where.xml" providerInvariantName="Microsoft.VisualStudio.TestTools.DataSource.XML" tableName="sentence" />
    </UnitTest>
    <UnitTest name="interrogative_sentences_aux" storage="d:\software\project\bnlp\unittest\bin\debug\unittest.dll" id="39dcb97e-c73f-c645-a77c-64d9eba0a3a3">
      <DeploymentItems>
        <DeploymentItem filename="..\UnitTest\TestCases\interrogative_sentences_aux.xml" />
      </DeploymentItems>
      <Execution id="d32e289b-7922-4c93-a9d4-2d23b2647265" />
      <TestMethod codeBase="D:/software/Project/BNLP/UnitTest/bin/Debug/UnitTest.DLL" adapterTypeName="Microsoft.VisualStudio.TestTools.TestTypes.Unit.UnitTestAdapter, Microsoft.VisualStudio.QualityTools.Tips.UnitTest.Adapter, Version=10.0.0.0, Culture=neutral, PublicKeyToken=b03f5f7f11d50a3a" className="UnitTest.BnlpTest, UnitTest, Version=1.0.0.0, Culture=neutral, PublicKeyToken=null" name="interrogative_sentences_aux" />
      <DataSource connectionString="|DataDirectory|\TestCases\interrogative_sentences_aux.xml" providerInvariantName="Microsoft.VisualStudio.TestTools.DataSource.XML" tableName="sentence" />
    </UnitTest>
    <UnitTest name="all_persons_tenses_passive" storage="d:\software\project\bnlp\unittest\bin\debug\unittest.dll" id="d766a059-d96c-7b47-e6a6-34931760df96">
      <DeploymentItems>
        <DeploymentItem filename="..\UnitTest\TestCases\all_persons_tenses_passive.xml" />
      </DeploymentItems>
      <Execution id="f81e756f-e7b6-4a0d-b363-b92035f5d80e" />
      <TestMethod codeBase="D:/software/Project/BNLP/UnitTest/bin/Debug/UnitTest.DLL" adapterTypeName="Microsoft.VisualStudio.TestTools.TestTypes.Unit.UnitTestAdapter, Microsoft.VisualStudio.QualityTools.Tips.UnitTest.Adapter, Version=10.0.0.0, Culture=neutral, PublicKeyToken=b03f5f7f11d50a3a" className="UnitTest.BnlpTest, UnitTest, Version=1.0.0.0, Culture=neutral, PublicKeyToken=null" name="all_persons_tenses_passive" />
      <DataSource connectionString="|DataDirectory|\TestCases\all_persons_tenses_passive.xml" providerInvariantName="Microsoft.VisualStudio.TestTools.DataSource.XML" tableName="sentence" />
    </UnitTest>
    <UnitTest name="first_person_tenses_active_negation" storage="d:\software\project\bnlp\unittest\bin\debug\unittest.dll" id="15fe5bf6-5078-81a8-0356-385549390bb7">
      <DeploymentItems>
        <DeploymentItem filename="..\UnitTest\TestCases\first_person_tenses_active_negation.xml" />
      </DeploymentItems>
      <Execution id="4449697d-d04f-411d-9feb-3ee7adf3c4a5" />
      <TestMethod codeBase="D:/software/Project/BNLP/UnitTest/bin/Debug/UnitTest.DLL" adapterTypeName="Microsoft.VisualStudio.TestTools.TestTypes.Unit.UnitTestAdapter, Microsoft.VisualStudio.QualityTools.Tips.UnitTest.Adapter, Version=10.0.0.0, Culture=neutral, PublicKeyToken=b03f5f7f11d50a3a" className="UnitTest.BnlpTest, UnitTest, Version=1.0.0.0, Culture=neutral, PublicKeyToken=null" name="first_person_tenses_active_negation" />
      <DataSource connectionString="|DataDirectory|\TestCases\first_person_tenses_active_negation.xml" providerInvariantName="Microsoft.VisualStudio.TestTools.DataSource.XML" tableName="sentence" />
    </UnitTest>
  </TestDefinitions>
  <TestLists>
    <TestList name="Results Not in a List" id="8c84fa94-04c1-424b-9868-57a2d4851a1d" />
    <TestList name="All Loaded Results" id="19431567-8539-422a-85d7-44ee4e166bda" />
  </TestLists>
  <TestEntries>
    <TestEntry testId="0bc2f98c-98f5-f190-c78c-c00d94c547a1" executionId="f6c31faf-9785-49e8-9c97-dbb6ab4940fb" testListId="8c84fa94-04c1-424b-9868-57a2d4851a1d" />
    <TestEntry testId="0f337a75-1a2d-d9c3-6c5f-23ed2604b69d" executionId="aa247ae7-8a09-4c06-89f6-fe6079c6e365" testListId="8c84fa94-04c1-424b-9868-57a2d4851a1d" />
    <TestEntry testId="0f33848d-a900-d644-7498-2526887b5425" executionId="9217e87a-bf77-40e9-8780-133e3e782213" testListId="8c84fa94-04c1-424b-9868-57a2d4851a1d" />
    <TestEntry testId="15fe5bf6-5078-81a8-0356-385549390bb7" executionId="4449697d-d04f-411d-9feb-3ee7adf3c4a5" testListId="8c84fa94-04c1-424b-9868-57a2d4851a1d" />
    <TestEntry testId="1b04a6d6-5350-792c-8eba-a46a0eb28949" executionId="1ff17094-905f-4612-850c-4dcafa83e14a" testListId="8c84fa94-04c1-424b-9868-57a2d4851a1d" />
    <TestEntry testId="1d63c318-78a9-9011-f5c0-0b01884a2881" executionId="4a9dd8b3-e426-4cbf-bb84-3cfec7276745" testListId="8c84fa94-04c1-424b-9868-57a2d4851a1d" />
    <TestEntry testId="227f20ae-8e76-eb71-39b2-4ada3ce6aba8" executionId="0c204cf8-a06a-4675-b991-c263e7379f9a" testListId="8c84fa94-04c1-424b-9868-57a2d4851a1d" />
    <TestEntry testId="30ab3285-6a8c-14d2-9725-bd60892ccd90" executionId="659cd702-6950-4889-b420-9a87a635f3f1" testListId="8c84fa94-04c1-424b-9868-57a2d4851a1d" />
    <TestEntry testId="32b5d279-0d23-e5ad-0301-234c8788f740" executionId="3fbd8f20-affc-4312-b480-a621afa0bbdf" testListId="8c84fa94-04c1-424b-9868-57a2d4851a1d" />
    <TestEntry testId="39dcb97e-c73f-c645-a77c-64d9eba0a3a3" executionId="d32e289b-7922-4c93-a9d4-2d23b2647265" testListId="8c84fa94-04c1-424b-9868-57a2d4851a1d" />
    <TestEntry testId="4e91a3b9-9eae-ebff-0b97-303f00578a78" executionId="db78151a-07de-4fac-9e92-8145a2e54f79" testListId="8c84fa94-04c1-424b-9868-57a2d4851a1d" />
    <TestEntry testId="533e7939-123c-ce84-5c5c-d5a21d1d95b9" executionId="ccf5d00c-e373-4053-9754-c2d8c78cd2f1" testListId="8c84fa94-04c1-424b-9868-57a2d4851a1d" />
    <TestEntry testId="642ce34f-0ed4-f995-637b-09297c832f2a" executionId="3edee90d-c97e-488e-bfad-e98d90971fde" testListId="8c84fa94-04c1-424b-9868-57a2d4851a1d" />
    <TestEntry testId="783915fe-114a-e353-78dd-56e92a60f942" executionId="93896770-8aa7-421d-9fb5-60a302fcd9b3" testListId="8c84fa94-04c1-424b-9868-57a2d4851a1d" />
    <TestEntry testId="7f7910d1-dc89-39b4-b4cf-d9e6d7af9420" executionId="30975d77-c653-49e4-9ff3-34b4e4bc502c" testListId="8c84fa94-04c1-424b-9868-57a2d4851a1d" />
    <TestEntry testId="83c68223-dcaa-51dd-423f-434210a59f77" executionId="1123d5eb-6b18-425d-992e-01a32ed13256" testListId="8c84fa94-04c1-424b-9868-57a2d4851a1d" />
    <TestEntry testId="8fe5ccb3-a3f4-0f61-ad21-e94ef029e900" executionId="f47529c9-c0c9-4236-8176-c73a5f3ec90d" testListId="8c84fa94-04c1-424b-9868-57a2d4851a1d" />
    <TestEntry testId="921e6ab0-d7c2-6005-e523-6fd2d5e1a723" executionId="31efa13a-0201-4cda-a712-8d3f280c494b" testListId="8c84fa94-04c1-424b-9868-57a2d4851a1d" />
    <TestEntry testId="9319d01e-de3e-d310-c76e-cae8dce4c924" executionId="68685e7c-9a50-4abf-8fc0-e45684b02b22" testListId="8c84fa94-04c1-424b-9868-57a2d4851a1d" />
    <TestEntry testId="97a1371f-e8e6-db3e-323e-49ffeef32df1" executionId="ccb94ecd-ffd3-4c98-8ed1-192ac6a29941" testListId="8c84fa94-04c1-424b-9868-57a2d4851a1d" />
    <TestEntry testId="b9261b51-b0a2-10e2-9308-22bb2624de8b" executionId="8a20abbe-50d4-4210-83c2-67c81412601f" testListId="8c84fa94-04c1-424b-9868-57a2d4851a1d" />
    <TestEntry testId="bdfe92b2-f4ac-73a5-f13d-5c1ea13721b4" executionId="eb1961f2-19db-42ba-ad1a-392e64829422" testListId="8c84fa94-04c1-424b-9868-57a2d4851a1d" />
    <TestEntry testId="c79146bc-2376-961a-5de9-441b5dfc7188" executionId="7a6f242f-60d3-432e-9284-b65d77cfd11e" testListId="8c84fa94-04c1-424b-9868-57a2d4851a1d" />
    <TestEntry testId="d03eb628-bf1f-c27d-aeef-e708d613d686" executionId="d9d0cad9-ab9a-4c63-92d2-003b53919b35" testListId="8c84fa94-04c1-424b-9868-57a2d4851a1d" />
    <TestEntry testId="d766a059-d96c-7b47-e6a6-34931760df96" executionId="f81e756f-e7b6-4a0d-b363-b92035f5d80e" testListId="8c84fa94-04c1-424b-9868-57a2d4851a1d" />
    <TestEntry testId="fe3e63ab-391c-e168-48d0-431b85a7b898" executionId="c3b3e6d1-f6b8-4ae5-960f-1cac3c171fc0" testListId="8c84fa94-04c1-424b-9868-57a2d4851a1d" />
  </TestEntries>
  <Results>
    <UnitTestResult executionId="f6c31faf-9785-49e8-9c97-dbb6ab4940fb" testId="0bc2f98c-98f5-f190-c78c-c00d94c547a1" testName="third_person_tenses_active" computerName="ARPAN-LAP" duration="00:00:09.9400000" startTime="2014-06-25T20:24:21.0789694+05:30" endTime="2014-06-25T20:24:31.4405620+05:30" testType="13cdc9d9-ddb5-4fa4-a97d-d965ccfc6d4b" outcome="Passed" testListId="8c84fa94-04c1-424b-9868-57a2d4851a1d" relativeResultsDirectory="f6c31faf-9785-49e8-9c97-dbb6ab4940fb" resultType="DataDrivenTest">
      <Counters error="0" failed="0" timeout="0" aborted="0" inconclusive="0" passedButRunAborted="0" notRunnable="0" notExecuted="0" disconnected="0" warning="0" passed="10" completed="0" inProgress="0" pending="0" />
      <InnerResults>
        <UnitTestResult executionId="2b18ba39-2d71-49d4-a8af-e78a1378fefb" parentExecutionId="f6c31faf-9785-49e8-9c97-dbb6ab4940fb" testId="0bc2f98c-98f5-f190-c78c-c00d94c547a1" testName="third_person_tenses_active" computerName="ARPAN-LAP" duration="00:00:09.7131191" startTime="2014-06-25T20:24:21.4669916+05:30" endTime="2014-06-25T20:24:31.1855475+05:30" testType="13cdc9d9-ddb5-4fa4-a97d-d965ccfc6d4b" outcome="Passed" testListId="8c84fa94-04c1-424b-9868-57a2d4851a1d" relativeResultsDirectory="f6c31faf-9785-49e8-9c97-dbb6ab4940fb" dataRowInfo="0" resultType="DataDrivenDataRow" />
        <UnitTestResult executionId="002c65a2-1823-4886-b3d8-7e1f2cb71657" parentExecutionId="f6c31faf-9785-49e8-9c97-dbb6ab4940fb" testId="0bc2f98c-98f5-f190-c78c-c00d94c547a1" testName="third_person_tenses_active" computerName="ARPAN-LAP" duration="00:00:00.0181152" startTime="2014-06-25T20:24:31.1855475+05:30" endTime="2014-06-25T20:24:31.2045485+05:30" testType="13cdc9d9-ddb5-4fa4-a97d-d965ccfc6d4b" outcome="Passed" testListId="8c84fa94-04c1-424b-9868-57a2d4851a1d" relativeResultsDirectory="f6c31faf-9785-49e8-9c97-dbb6ab4940fb" dataRowInfo="1" resultType="DataDrivenDataRow" />
        <UnitTestResult executionId="a7a3878b-e232-4585-9f70-712ad514ba74" parentExecutionId="f6c31faf-9785-49e8-9c97-dbb6ab4940fb" testId="0bc2f98c-98f5-f190-c78c-c00d94c547a1" testName="third_person_tenses_active" computerName="ARPAN-LAP" duration="00:00:00.0165754" startTime="2014-06-25T20:24:31.2045485+05:30" endTime="2014-06-25T20:24:31.2205495+05:30" testType="13cdc9d9-ddb5-4fa4-a97d-d965ccfc6d4b" outcome="Passed" testListId="8c84fa94-04c1-424b-9868-57a2d4851a1d" relativeResultsDirectory="f6c31faf-9785-49e8-9c97-dbb6ab4940fb" dataRowInfo="2" resultType="DataDrivenDataRow" />
        <UnitTestResult executionId="ddbb0b2c-f803-49c3-8076-9f69302c2188" parentExecutionId="f6c31faf-9785-49e8-9c97-dbb6ab4940fb" testId="0bc2f98c-98f5-f190-c78c-c00d94c547a1" testName="third_person_tenses_active" computerName="ARPAN-LAP" duration="00:00:00.0525355" startTime="2014-06-25T20:24:31.2205495+05:30" endTime="2014-06-25T20:24:31.2735525+05:30" testType="13cdc9d9-ddb5-4fa4-a97d-d965ccfc6d4b" outcome="Passed" testListId="8c84fa94-04c1-424b-9868-57a2d4851a1d" relativeResultsDirectory="f6c31faf-9785-49e8-9c97-dbb6ab4940fb" dataRowInfo="3" resultType="DataDrivenDataRow" />
        <UnitTestResult executionId="f6851f68-1a6c-40ee-90bb-eacb9e377947" parentExecutionId="f6c31faf-9785-49e8-9c97-dbb6ab4940fb" testId="0bc2f98c-98f5-f190-c78c-c00d94c547a1" testName="third_person_tenses_active" computerName="ARPAN-LAP" duration="00:00:00.0161279" startTime="2014-06-25T20:24:31.2735525+05:30" endTime="2014-06-25T20:24:31.2895534+05:30" testType="13cdc9d9-ddb5-4fa4-a97d-d965ccfc6d4b" outcome="Passed" testListId="8c84fa94-04c1-424b-9868-57a2d4851a1d" relativeResultsDirectory="f6c31faf-9785-49e8-9c97-dbb6ab4940fb" dataRowInfo="4" resultType="DataDrivenDataRow" />
        <UnitTestResult executionId="4f2239de-da51-4d34-84f6-25d0d14ca947" parentExecutionId="f6c31faf-9785-49e8-9c97-dbb6ab4940fb" testId="0bc2f98c-98f5-f190-c78c-c00d94c547a1" testName="third_person_tenses_active" computerName="ARPAN-LAP" duration="00:00:00.0190022" startTime="2014-06-25T20:24:31.2895534+05:30" endTime="2014-06-25T20:24:31.3085545+05:30" testType="13cdc9d9-ddb5-4fa4-a97d-d965ccfc6d4b" outcome="Passed" testListId="8c84fa94-04c1-424b-9868-57a2d4851a1d" relativeResultsDirectory="f6c31faf-9785-49e8-9c97-dbb6ab4940fb" dataRowInfo="5" resultType="DataDrivenDataRow" />
        <UnitTestResult executionId="7b2d642d-d9da-4ae3-90c4-01a586baaba5" parentExecutionId="f6c31faf-9785-49e8-9c97-dbb6ab4940fb" testId="0bc2f98c-98f5-f190-c78c-c00d94c547a1" testName="third_person_tenses_active" computerName="ARPAN-LAP" duration="00:00:00.0179407" startTime="2014-06-25T20:24:31.3085545+05:30" endTime="2014-06-25T20:24:31.3265555+05:30" testType="13cdc9d9-ddb5-4fa4-a97d-d965ccfc6d4b" outcome="Passed" testListId="8c84fa94-04c1-424b-9868-57a2d4851a1d" relativeResultsDirectory="f6c31faf-9785-49e8-9c97-dbb6ab4940fb" dataRowInfo="6" resultType="DataDrivenDataRow" />
        <UnitTestResult executionId="bbfb9bae-ed43-44cc-b3e7-fe8e59294b89" parentExecutionId="f6c31faf-9785-49e8-9c97-dbb6ab4940fb" testId="0bc2f98c-98f5-f190-c78c-c00d94c547a1" testName="third_person_tenses_active" computerName="ARPAN-LAP" duration="00:00:00.0236924" startTime="2014-06-25T20:24:31.3265555+05:30" endTime="2014-06-25T20:24:31.3505569+05:30" testType="13cdc9d9-ddb5-4fa4-a97d-d965ccfc6d4b" outcome="Passed" testListId="8c84fa94-04c1-424b-9868-57a2d4851a1d" relativeResultsDirectory="f6c31faf-9785-49e8-9c97-dbb6ab4940fb" dataRowInfo="7" resultType="DataDrivenDataRow" />
        <UnitTestResult executionId="6cc71f80-b354-42e3-b014-d1c137e33aa3" parentExecutionId="f6c31faf-9785-49e8-9c97-dbb6ab4940fb" testId="0bc2f98c-98f5-f190-c78c-c00d94c547a1" testName="third_person_tenses_active" computerName="ARPAN-LAP" duration="00:00:00.0218174" startTime="2014-06-25T20:24:31.3505569+05:30" endTime="2014-06-25T20:24:31.3725582+05:30" testType="13cdc9d9-ddb5-4fa4-a97d-d965ccfc6d4b" outcome="Passed" testListId="8c84fa94-04c1-424b-9868-57a2d4851a1d" relativeResultsDirectory="f6c31faf-9785-49e8-9c97-dbb6ab4940fb" dataRowInfo="8" resultType="DataDrivenDataRow" />
        <UnitTestResult executionId="97d97899-6062-454d-8cb8-4de8706ee047" parentExecutionId="f6c31faf-9785-49e8-9c97-dbb6ab4940fb" testId="0bc2f98c-98f5-f190-c78c-c00d94c547a1" testName="third_person_tenses_active" computerName="ARPAN-LAP" duration="00:00:00.0226530" startTime="2014-06-25T20:24:31.3725582+05:30" endTime="2014-06-25T20:24:31.3945594+05:30" testType="13cdc9d9-ddb5-4fa4-a97d-d965ccfc6d4b" outcome="Passed" testListId="8c84fa94-04c1-424b-9868-57a2d4851a1d" relativeResultsDirectory="f6c31faf-9785-49e8-9c97-dbb6ab4940fb" dataRowInfo="9" resultType="DataDrivenDataRow" />
      </InnerResults>
    </UnitTestResult>
    <UnitTestResult executionId="aa247ae7-8a09-4c06-89f6-fe6079c6e365" testId="0f337a75-1a2d-d9c3-6c5f-23ed2604b69d" testName="prepositions_made_with_two_words" computerName="ARPAN-LAP" duration="00:00:00.1359657" startTime="2014-06-25T20:24:31.4415621+05:30" endTime="2014-06-25T20:24:31.5935708+05:30" testType="13cdc9d9-ddb5-4fa4-a97d-d965ccfc6d4b" outcome="Passed" testListId="8c84fa94-04c1-424b-9868-57a2d4851a1d" relativeResultsDirectory="aa247ae7-8a09-4c06-89f6-fe6079c6e365" resultType="DataDrivenTest">
      <Counters error="0" failed="0" timeout="0" aborted="0" inconclusive="0" passedButRunAborted="0" notRunnable="0" notExecuted="0" disconnected="0" warning="0" passed="3" completed="0" inProgress="0" pending="0" />
      <InnerResults>
        <UnitTestResult executionId="d6390e57-9d49-44ec-a323-68f2a4ea5cbc" parentExecutionId="aa247ae7-8a09-4c06-89f6-fe6079c6e365" testId="0f337a75-1a2d-d9c3-6c5f-23ed2604b69d" testName="prepositions_made_with_two_words" computerName="ARPAN-LAP" duration="00:00:00.0403541" startTime="2014-06-25T20:24:31.4465624+05:30" endTime="2014-06-25T20:24:31.4865647+05:30" testType="13cdc9d9-ddb5-4fa4-a97d-d965ccfc6d4b" outcome="Passed" testListId="8c84fa94-04c1-424b-9868-57a2d4851a1d" relativeResultsDirectory="aa247ae7-8a09-4c06-89f6-fe6079c6e365" dataRowInfo="0" resultType="DataDrivenDataRow" />
        <UnitTestResult executionId="fb972997-07f5-4896-8b0b-ada0b3280bf5" parentExecutionId="aa247ae7-8a09-4c06-89f6-fe6079c6e365" testId="0f337a75-1a2d-d9c3-6c5f-23ed2604b69d" testName="prepositions_made_with_two_words" computerName="ARPAN-LAP" duration="00:00:00.0468485" startTime="2014-06-25T20:24:31.4875647+05:30" endTime="2014-06-25T20:24:31.5335674+05:30" testType="13cdc9d9-ddb5-4fa4-a97d-d965ccfc6d4b" outcome="Passed" testListId="8c84fa94-04c1-424b-9868-57a2d4851a1d" relativeResultsDirectory="aa247ae7-8a09-4c06-89f6-fe6079c6e365" dataRowInfo="1" resultType="DataDrivenDataRow" />
        <UnitTestResult executionId="f683b96a-dbce-4c75-a6e6-8b2bc804f2e7" parentExecutionId="aa247ae7-8a09-4c06-89f6-fe6079c6e365" testId="0f337a75-1a2d-d9c3-6c5f-23ed2604b69d" testName="prepositions_made_with_two_words" computerName="ARPAN-LAP" duration="00:00:00.0466504" startTime="2014-06-25T20:24:31.5335674+05:30" endTime="2014-06-25T20:24:31.5805701+05:30" testType="13cdc9d9-ddb5-4fa4-a97d-d965ccfc6d4b" outcome="Passed" testListId="8c84fa94-04c1-424b-9868-57a2d4851a1d" relativeResultsDirectory="aa247ae7-8a09-4c06-89f6-fe6079c6e365" dataRowInfo="2" resultType="DataDrivenDataRow" />
      </InnerResults>
    </UnitTestResult>
    <UnitTestResult executionId="9217e87a-bf77-40e9-8780-133e3e782213" testId="0f33848d-a900-d644-7498-2526887b5425" testName="prepositions_made_with_three_words" computerName="ARPAN-LAP" duration="00:00:00.1994703" startTime="2014-06-25T20:24:31.5945709+05:30" endTime="2014-06-25T20:24:31.8145834+05:30" testType="13cdc9d9-ddb5-4fa4-a97d-d965ccfc6d4b" outcome="Passed" testListId="8c84fa94-04c1-424b-9868-57a2d4851a1d" relativeResultsDirectory="9217e87a-bf77-40e9-8780-133e3e782213" resultType="DataDrivenTest">
      <Counters error="0" failed="0" timeout="0" aborted="0" inconclusive="0" passedButRunAborted="0" notRunnable="0" notExecuted="0" disconnected="0" warning="0" passed="4" completed="0" inProgress="0" pending="0" />
      <InnerResults>
        <UnitTestResult executionId="a9aa79f3-c5c2-409b-99e5-8fc32bbfeada" parentExecutionId="9217e87a-bf77-40e9-8780-133e3e782213" testId="0f33848d-a900-d644-7498-2526887b5425" testName="prepositions_made_with_three_words" computerName="ARPAN-LAP" duration="00:00:00.0365970" startTime="2014-06-25T20:24:31.6005712+05:30" endTime="2014-06-25T20:24:31.6375733+05:30" testType="13cdc9d9-ddb5-4fa4-a97d-d965ccfc6d4b" outcome="Passed" testListId="8c84fa94-04c1-424b-9868-57a2d4851a1d" relativeResultsDirectory="9217e87a-bf77-40e9-8780-133e3e782213" dataRowInfo="0" resultType="DataDrivenDataRow" />
        <UnitTestResult executionId="d43cde1d-93d1-44db-ae5d-959cb9096f55" parentExecutionId="9217e87a-bf77-40e9-8780-133e3e782213" testId="0f33848d-a900-d644-7498-2526887b5425" testName="prepositions_made_with_three_words" computerName="ARPAN-LAP" duration="00:00:00.0434512" startTime="2014-06-25T20:24:31.6375733+05:30" endTime="2014-06-25T20:24:31.6805758+05:30" testType="13cdc9d9-ddb5-4fa4-a97d-d965ccfc6d4b" outcome="Passed" testListId="8c84fa94-04c1-424b-9868-57a2d4851a1d" relativeResultsDirectory="9217e87a-bf77-40e9-8780-133e3e782213" dataRowInfo="1" resultType="DataDrivenDataRow" />
        <UnitTestResult executionId="4aa82857-df45-4db4-a772-6a2fd39e2c20" parentExecutionId="9217e87a-bf77-40e9-8780-133e3e782213" testId="0f33848d-a900-d644-7498-2526887b5425" testName="prepositions_made_with_three_words" computerName="ARPAN-LAP" duration="00:00:00.0587276" startTime="2014-06-25T20:24:31.6805758+05:30" endTime="2014-06-25T20:24:31.7395792+05:30" testType="13cdc9d9-ddb5-4fa4-a97d-d965ccfc6d4b" outcome="Passed" testListId="8c84fa94-04c1-424b-9868-57a2d4851a1d" relativeResultsDirectory="9217e87a-bf77-40e9-8780-133e3e782213" dataRowInfo="2" resultType="DataDrivenDataRow" />
        <UnitTestResult executionId="288b08af-82bf-4e57-84da-83f552feadb3" parentExecutionId="9217e87a-bf77-40e9-8780-133e3e782213" testId="0f33848d-a900-d644-7498-2526887b5425" testName="prepositions_made_with_three_words" computerName="ARPAN-LAP" duration="00:00:00.0585053" startTime="2014-06-25T20:24:31.7395792+05:30" endTime="2014-06-25T20:24:31.7975825+05:30" testType="13cdc9d9-ddb5-4fa4-a97d-d965ccfc6d4b" outcome="Passed" testListId="8c84fa94-04c1-424b-9868-57a2d4851a1d" relativeResultsDirectory="9217e87a-bf77-40e9-8780-133e3e782213" dataRowInfo="3" resultType="DataDrivenDataRow" />
      </InnerResults>
    </UnitTestResult>
    <UnitTestResult executionId="4449697d-d04f-411d-9feb-3ee7adf3c4a5" testId="15fe5bf6-5078-81a8-0356-385549390bb7" testName="first_person_tenses_active_negation" computerName="ARPAN-LAP" duration="00:00:00.2794194" startTime="2014-06-25T20:24:31.8155835+05:30" endTime="2014-06-25T20:24:32.1696037+05:30" testType="13cdc9d9-ddb5-4fa4-a97d-d965ccfc6d4b" outcome="Passed" testListId="8c84fa94-04c1-424b-9868-57a2d4851a1d" relativeResultsDirectory="4449697d-d04f-411d-9feb-3ee7adf3c4a5" resultType="DataDrivenTest">
      <Counters error="0" failed="0" timeout="0" aborted="0" inconclusive="0" passedButRunAborted="0" notRunnable="0" notExecuted="0" disconnected="0" warning="0" passed="10" completed="0" inProgress="0" pending="0" />
      <InnerResults>
        <UnitTestResult executionId="6fda8180-2319-46d7-97ba-13e188df0178" parentExecutionId="4449697d-d04f-411d-9feb-3ee7adf3c4a5" testId="15fe5bf6-5078-81a8-0356-385549390bb7" testName="first_person_tenses_active_negation" computerName="ARPAN-LAP" duration="00:00:00.0276071" startTime="2014-06-25T20:24:31.8315844+05:30" endTime="2014-06-25T20:24:31.8585860+05:30" testType="13cdc9d9-ddb5-4fa4-a97d-d965ccfc6d4b" outcome="Passed" testListId="8c84fa94-04c1-424b-9868-57a2d4851a1d" relativeResultsDirectory="4449697d-d04f-411d-9feb-3ee7adf3c4a5" dataRowInfo="0" resultType="DataDrivenDataRow" />
        <UnitTestResult executionId="ba72ec56-b7d1-4647-ac61-b6e80627fe59" parentExecutionId="4449697d-d04f-411d-9feb-3ee7adf3c4a5" testId="15fe5bf6-5078-81a8-0356-385549390bb7" testName="first_person_tenses_active_negation" computerName="ARPAN-LAP" duration="00:00:00.0259123" startTime="2014-06-25T20:24:31.8585860+05:30" endTime="2014-06-25T20:24:31.8845874+05:30" testType="13cdc9d9-ddb5-4fa4-a97d-d965ccfc6d4b" outcome="Passed" testListId="8c84fa94-04c1-424b-9868-57a2d4851a1d" relativeResultsDirectory="4449697d-d04f-411d-9feb-3ee7adf3c4a5" dataRowInfo="1" resultType="DataDrivenDataRow" />
        <UnitTestResult executionId="2dd1fab8-585f-4dc8-83fc-46d6091e08a6" parentExecutionId="4449697d-d04f-411d-9feb-3ee7adf3c4a5" testId="15fe5bf6-5078-81a8-0356-385549390bb7" testName="first_person_tenses_active_negation" computerName="ARPAN-LAP" duration="00:00:00.0289647" startTime="2014-06-25T20:24:31.8845874+05:30" endTime="2014-06-25T20:24:31.9135891+05:30" testType="13cdc9d9-ddb5-4fa4-a97d-d965ccfc6d4b" outcome="Passed" testListId="8c84fa94-04c1-424b-9868-57a2d4851a1d" relativeResultsDirectory="4449697d-d04f-411d-9feb-3ee7adf3c4a5" dataRowInfo="2" resultType="DataDrivenDataRow" />
        <UnitTestResult executionId="bd6dbb30-823f-4798-8ee1-1618e3c9b866" parentExecutionId="4449697d-d04f-411d-9feb-3ee7adf3c4a5" testId="15fe5bf6-5078-81a8-0356-385549390bb7" testName="first_person_tenses_active_negation" computerName="ARPAN-LAP" duration="00:00:00.0300636" startTime="2014-06-25T20:24:31.9135891+05:30" endTime="2014-06-25T20:24:31.9435908+05:30" testType="13cdc9d9-ddb5-4fa4-a97d-d965ccfc6d4b" outcome="Passed" testListId="8c84fa94-04c1-424b-9868-57a2d4851a1d" relativeResultsDirectory="4449697d-d04f-411d-9feb-3ee7adf3c4a5" dataRowInfo="3" resultType="DataDrivenDataRow" />
        <UnitTestResult executionId="0a08c81d-608b-4b67-a1b1-3ce92ef9e66b" parentExecutionId="4449697d-d04f-411d-9feb-3ee7adf3c4a5" testId="15fe5bf6-5078-81a8-0356-385549390bb7" testName="first_person_tenses_active_negation" computerName="ARPAN-LAP" duration="00:00:00.0244803" startTime="2014-06-25T20:24:31.9435908+05:30" endTime="2014-06-25T20:24:31.9685922+05:30" testType="13cdc9d9-ddb5-4fa4-a97d-d965ccfc6d4b" outcome="Passed" testListId="8c84fa94-04c1-424b-9868-57a2d4851a1d" relativeResultsDirectory="4449697d-d04f-411d-9feb-3ee7adf3c4a5" dataRowInfo="4" resultType="DataDrivenDataRow" />
        <UnitTestResult executionId="3516045a-fb9b-41b7-b230-6a4b239d06ae" parentExecutionId="4449697d-d04f-411d-9feb-3ee7adf3c4a5" testId="15fe5bf6-5078-81a8-0356-385549390bb7" testName="first_person_tenses_active_negation" computerName="ARPAN-LAP" duration="00:00:00.0232582" startTime="2014-06-25T20:24:31.9685922+05:30" endTime="2014-06-25T20:24:31.9915936+05:30" testType="13cdc9d9-ddb5-4fa4-a97d-d965ccfc6d4b" outcome="Passed" testListId="8c84fa94-04c1-424b-9868-57a2d4851a1d" relativeResultsDirectory="4449697d-d04f-411d-9feb-3ee7adf3c4a5" dataRowInfo="5" resultType="DataDrivenDataRow" />
        <UnitTestResult executionId="2e629934-79d4-4910-9c75-95e4b0fcac49" parentExecutionId="4449697d-d04f-411d-9feb-3ee7adf3c4a5" testId="15fe5bf6-5078-81a8-0356-385549390bb7" testName="first_person_tenses_active_negation" computerName="ARPAN-LAP" duration="00:00:00.0281147" startTime="2014-06-25T20:24:31.9915936+05:30" endTime="2014-06-25T20:24:32.0195952+05:30" testType="13cdc9d9-ddb5-4fa4-a97d-d965ccfc6d4b" outcome="Passed" testListId="8c84fa94-04c1-424b-9868-57a2d4851a1d" relativeResultsDirectory="4449697d-d04f-411d-9feb-3ee7adf3c4a5" dataRowInfo="6" resultType="DataDrivenDataRow" />
        <UnitTestResult executionId="1937effb-ce59-4609-9803-5b2423506df7" parentExecutionId="4449697d-d04f-411d-9feb-3ee7adf3c4a5" testId="15fe5bf6-5078-81a8-0356-385549390bb7" testName="first_person_tenses_active_negation" computerName="ARPAN-LAP" duration="00:00:00.0311574" startTime="2014-06-25T20:24:32.0195952+05:30" endTime="2014-06-25T20:24:32.0515970+05:30" testType="13cdc9d9-ddb5-4fa4-a97d-d965ccfc6d4b" outcome="Passed" testListId="8c84fa94-04c1-424b-9868-57a2d4851a1d" relativeResultsDirectory="4449697d-d04f-411d-9feb-3ee7adf3c4a5" dataRowInfo="7" resultType="DataDrivenDataRow" />
        <UnitTestResult executionId="70196f0b-025a-4637-a44d-71e071f929ea" parentExecutionId="4449697d-d04f-411d-9feb-3ee7adf3c4a5" testId="15fe5bf6-5078-81a8-0356-385549390bb7" testName="first_person_tenses_active_negation" computerName="ARPAN-LAP" duration="00:00:00.0228234" startTime="2014-06-25T20:24:32.0515970+05:30" endTime="2014-06-25T20:24:32.0735983+05:30" testType="13cdc9d9-ddb5-4fa4-a97d-d965ccfc6d4b" outcome="Passed" testListId="8c84fa94-04c1-424b-9868-57a2d4851a1d" relativeResultsDirectory="4449697d-d04f-411d-9feb-3ee7adf3c4a5" dataRowInfo="8" resultType="DataDrivenDataRow" />
        <UnitTestResult executionId="2c01af2a-95f7-402e-a7d1-7f4b847f0041" parentExecutionId="4449697d-d04f-411d-9feb-3ee7adf3c4a5" testId="15fe5bf6-5078-81a8-0356-385549390bb7" testName="first_person_tenses_active_negation" computerName="ARPAN-LAP" duration="00:00:00.0341703" startTime="2014-06-25T20:24:32.0735983+05:30" endTime="2014-06-25T20:24:32.1086003+05:30" testType="13cdc9d9-ddb5-4fa4-a97d-d965ccfc6d4b" outcome="Passed" testListId="8c84fa94-04c1-424b-9868-57a2d4851a1d" relativeResultsDirectory="4449697d-d04f-411d-9feb-3ee7adf3c4a5" dataRowInfo="9" resultType="DataDrivenDataRow" />
      </InnerResults>
    </UnitTestResult>
    <UnitTestResult executionId="1ff17094-905f-4612-850c-4dcafa83e14a" testId="1b04a6d6-5350-792c-8eba-a46a0eb28949" testName="interrogative_sentences_why" computerName="ARPAN-LAP" duration="00:00:00.1262782" startTime="2014-06-25T20:24:32.1906049+05:30" endTime="2014-06-25T20:24:32.3336131+05:30" testType="13cdc9d9-ddb5-4fa4-a97d-d965ccfc6d4b" outcome="Failed" testListId="8c84fa94-04c1-424b-9868-57a2d4851a1d" relativeResultsDirectory="1ff17094-905f-4612-850c-4dcafa83e14a" resultType="DataDrivenTest">
      <Counters error="0" failed="1" timeout="0" aborted="0" inconclusive="0" passedButRunAborted="0" notRunnable="0" notExecuted="0" disconnected="0" warning="0" passed="2" completed="0" inProgress="0" pending="0" />
      <InnerResults>
        <UnitTestResult executionId="734f2e5b-ee13-43ff-a280-ed13538f2d12" parentExecutionId="1ff17094-905f-4612-850c-4dcafa83e14a" testId="1b04a6d6-5350-792c-8eba-a46a0eb28949" testName="interrogative_sentences_why" computerName="ARPAN-LAP" duration="00:00:00.0594513" startTime="2014-06-25T20:24:32.1966053+05:30" endTime="2014-06-25T20:24:32.2566087+05:30" testType="13cdc9d9-ddb5-4fa4-a97d-d965ccfc6d4b" outcome="Failed" testListId="8c84fa94-04c1-424b-9868-57a2d4851a1d" relativeResultsDirectory="1ff17094-905f-4612-850c-4dcafa83e14a" dataRowInfo="0" resultType="DataDrivenDataRow">
          <Output>
            <ErrorInfo>
              <Message>Assert.AreEqual failed. Expected:&lt;কেন আপনি দেরিতে আজ ?&gt;. Actual:&lt;দেরিতে আজ আপনি কেন ?&gt;. Why are you late today?</Message>
              <StackTrace>   at UnitTest.BnlpTest.interrogative_sentences_why() in D:\software\Project\BNLP\UnitTest\BnlpTest.cs:line 382
</StackTrace>
            </ErrorInfo>
          </Output>
        </UnitTestResult>
        <UnitTestResult executionId="57f77459-5e79-4ce3-87ac-6f302eb24072" parentExecutionId="1ff17094-905f-4612-850c-4dcafa83e14a" testId="1b04a6d6-5350-792c-8eba-a46a0eb28949" testName="interrogative_sentences_why" computerName="ARPAN-LAP" duration="00:00:00.0378699" startTime="2014-06-25T20:24:32.2566087+05:30" endTime="2014-06-25T20:24:32.2946109+05:30" testType="13cdc9d9-ddb5-4fa4-a97d-d965ccfc6d4b" outcome="Passed" testListId="8c84fa94-04c1-424b-9868-57a2d4851a1d" relativeResultsDirectory="1ff17094-905f-4612-850c-4dcafa83e14a" dataRowInfo="1" resultType="DataDrivenDataRow" />
        <UnitTestResult executionId="cdac4a31-66f6-4e65-b083-3e70873ba266" parentExecutionId="1ff17094-905f-4612-850c-4dcafa83e14a" testId="1b04a6d6-5350-792c-8eba-a46a0eb28949" testName="interrogative_sentences_why" computerName="ARPAN-LAP" duration="00:00:00.0266072" startTime="2014-06-25T20:24:32.2946109+05:30" endTime="2014-06-25T20:24:32.3206124+05:30" testType="13cdc9d9-ddb5-4fa4-a97d-d965ccfc6d4b" outcome="Passed" testListId="8c84fa94-04c1-424b-9868-57a2d4851a1d" relativeResultsDirectory="1ff17094-905f-4612-850c-4dcafa83e14a" dataRowInfo="2" resultType="DataDrivenDataRow" />
      </InnerResults>
    </UnitTestResult>
    <UnitTestResult executionId="4a9dd8b3-e426-4cbf-bb84-3cfec7276745" testId="1d63c318-78a9-9011-f5c0-0b01884a2881" testName="interrogative_sentences_do" computerName="ARPAN-LAP" duration="00:00:00.2595077" startTime="2014-06-25T20:24:32.3496140+05:30" endTime="2014-06-25T20:24:32.6416307+05:30" testType="13cdc9d9-ddb5-4fa4-a97d-d965ccfc6d4b" outcome="Passed" testListId="8c84fa94-04c1-424b-9868-57a2d4851a1d" relativeResultsDirectory="4a9dd8b3-e426-4cbf-bb84-3cfec7276745" resultType="DataDrivenTest">
      <Counters error="0" failed="0" timeout="0" aborted="0" inconclusive="0" passedButRunAborted="0" notRunnable="0" notExecuted="0" disconnected="0" warning="0" passed="9" completed="0" inProgress="0" pending="0" />
      <InnerResults>
        <UnitTestResult executionId="af0151e2-fbeb-4df5-a6ad-cc61c59abcbd" parentExecutionId="4a9dd8b3-e426-4cbf-bb84-3cfec7276745" testId="1d63c318-78a9-9011-f5c0-0b01884a2881" testName="interrogative_sentences_do" computerName="ARPAN-LAP" duration="00:00:00.0287122" startTime="2014-06-25T20:24:32.3546143+05:30" endTime="2014-06-25T20:24:32.3826159+05:30" testType="13cdc9d9-ddb5-4fa4-a97d-d965ccfc6d4b" outcome="Passed" testListId="8c84fa94-04c1-424b-9868-57a2d4851a1d" relativeResultsDirectory="4a9dd8b3-e426-4cbf-bb84-3cfec7276745" dataRowInfo="0" resultType="DataDrivenDataRow" />
        <UnitTestResult executionId="0b7bf7b0-9763-4c7c-9dd4-f906de573e59" parentExecutionId="4a9dd8b3-e426-4cbf-bb84-3cfec7276745" testId="1d63c318-78a9-9011-f5c0-0b01884a2881" testName="interrogative_sentences_do" computerName="ARPAN-LAP" duration="00:00:00.0248575" startTime="2014-06-25T20:24:32.3826159+05:30" endTime="2014-06-25T20:24:32.4076174+05:30" testType="13cdc9d9-ddb5-4fa4-a97d-d965ccfc6d4b" outcome="Passed" testListId="8c84fa94-04c1-424b-9868-57a2d4851a1d" relativeResultsDirectory="4a9dd8b3-e426-4cbf-bb84-3cfec7276745" dataRowInfo="1" resultType="DataDrivenDataRow" />
        <UnitTestResult executionId="dd3fabe9-e8ea-45db-8e28-77b1ee09c788" parentExecutionId="4a9dd8b3-e426-4cbf-bb84-3cfec7276745" testId="1d63c318-78a9-9011-f5c0-0b01884a2881" testName="interrogative_sentences_do" computerName="ARPAN-LAP" duration="00:00:00.0233839" startTime="2014-06-25T20:24:32.4076174+05:30" endTime="2014-06-25T20:24:32.4316187+05:30" testType="13cdc9d9-ddb5-4fa4-a97d-d965ccfc6d4b" outcome="Passed" testListId="8c84fa94-04c1-424b-9868-57a2d4851a1d" relativeResultsDirectory="4a9dd8b3-e426-4cbf-bb84-3cfec7276745" dataRowInfo="2" resultType="DataDrivenDataRow" />
        <UnitTestResult executionId="a1860880-e843-4e29-99af-8ab452b9d865" parentExecutionId="4a9dd8b3-e426-4cbf-bb84-3cfec7276745" testId="1d63c318-78a9-9011-f5c0-0b01884a2881" testName="interrogative_sentences_do" computerName="ARPAN-LAP" duration="00:00:00.0340178" startTime="2014-06-25T20:24:32.4316187+05:30" endTime="2014-06-25T20:24:32.4656207+05:30" testType="13cdc9d9-ddb5-4fa4-a97d-d965ccfc6d4b" outcome="Passed" testListId="8c84fa94-04c1-424b-9868-57a2d4851a1d" relativeResultsDirectory="4a9dd8b3-e426-4cbf-bb84-3cfec7276745" dataRowInfo="3" resultType="DataDrivenDataRow" />
        <UnitTestResult executionId="b119d90a-db11-4abe-92f6-ceeffa2e424a" parentExecutionId="4a9dd8b3-e426-4cbf-bb84-3cfec7276745" testId="1d63c318-78a9-9011-f5c0-0b01884a2881" testName="interrogative_sentences_do" computerName="ARPAN-LAP" duration="00:00:00.0302956" startTime="2014-06-25T20:24:32.4656207+05:30" endTime="2014-06-25T20:24:32.4956224+05:30" testType="13cdc9d9-ddb5-4fa4-a97d-d965ccfc6d4b" outcome="Passed" testListId="8c84fa94-04c1-424b-9868-57a2d4851a1d" relativeResultsDirectory="4a9dd8b3-e426-4cbf-bb84-3cfec7276745" dataRowInfo="4" resultType="DataDrivenDataRow" />
        <UnitTestResult executionId="95d283e2-1f6d-4b4c-802e-fb846d8dd968" parentExecutionId="4a9dd8b3-e426-4cbf-bb84-3cfec7276745" testId="1d63c318-78a9-9011-f5c0-0b01884a2881" testName="interrogative_sentences_do" computerName="ARPAN-LAP" duration="00:00:00.0367782" startTime="2014-06-25T20:24:32.4956224+05:30" endTime="2014-06-25T20:24:32.5326245+05:30" testType="13cdc9d9-ddb5-4fa4-a97d-d965ccfc6d4b" outcome="Passed" testListId="8c84fa94-04c1-424b-9868-57a2d4851a1d" relativeResultsDirectory="4a9dd8b3-e426-4cbf-bb84-3cfec7276745" dataRowInfo="5" resultType="DataDrivenDataRow" />
        <UnitTestResult executionId="7010c4ca-2827-4993-ae19-39d98afa9a5e" parentExecutionId="4a9dd8b3-e426-4cbf-bb84-3cfec7276745" testId="1d63c318-78a9-9011-f5c0-0b01884a2881" testName="interrogative_sentences_do" computerName="ARPAN-LAP" duration="00:00:00.0260498" startTime="2014-06-25T20:24:32.5326245+05:30" endTime="2014-06-25T20:24:32.5586260+05:30" testType="13cdc9d9-ddb5-4fa4-a97d-d965ccfc6d4b" outcome="Passed" testListId="8c84fa94-04c1-424b-9868-57a2d4851a1d" relativeResultsDirectory="4a9dd8b3-e426-4cbf-bb84-3cfec7276745" dataRowInfo="6" resultType="DataDrivenDataRow" />
        <UnitTestResult executionId="3cebf1b4-0a7e-446e-b654-e00a67c02a5a" parentExecutionId="4a9dd8b3-e426-4cbf-bb84-3cfec7276745" testId="1d63c318-78a9-9011-f5c0-0b01884a2881" testName="interrogative_sentences_do" computerName="ARPAN-LAP" duration="00:00:00.0268454" startTime="2014-06-25T20:24:32.5586260+05:30" endTime="2014-06-25T20:24:32.5856275+05:30" testType="13cdc9d9-ddb5-4fa4-a97d-d965ccfc6d4b" outcome="Passed" testListId="8c84fa94-04c1-424b-9868-57a2d4851a1d" relativeResultsDirectory="4a9dd8b3-e426-4cbf-bb84-3cfec7276745" dataRowInfo="7" resultType="DataDrivenDataRow" />
        <UnitTestResult executionId="a7d73346-983f-41b6-a08c-55e3c30c9220" parentExecutionId="4a9dd8b3-e426-4cbf-bb84-3cfec7276745" testId="1d63c318-78a9-9011-f5c0-0b01884a2881" testName="interrogative_sentences_do" computerName="ARPAN-LAP" duration="00:00:00.0264348" startTime="2014-06-25T20:24:32.5856275+05:30" endTime="2014-06-25T20:24:32.6126291+05:30" testType="13cdc9d9-ddb5-4fa4-a97d-d965ccfc6d4b" outcome="Passed" testListId="8c84fa94-04c1-424b-9868-57a2d4851a1d" relativeResultsDirectory="4a9dd8b3-e426-4cbf-bb84-3cfec7276745" dataRowInfo="8" resultType="DataDrivenDataRow" />
      </InnerResults>
    </UnitTestResult>
    <UnitTestResult executionId="0c204cf8-a06a-4675-b991-c263e7379f9a" testId="227f20ae-8e76-eb71-39b2-4ada3ce6aba8" testName="interrogative_sentences_how" computerName="ARPAN-LAP" duration="00:00:00.5835446" startTime="2014-06-25T20:24:32.6426308+05:30" endTime="2014-06-25T20:24:33.2876677+05:30" testType="13cdc9d9-ddb5-4fa4-a97d-d965ccfc6d4b" outcome="Failed" testListId="8c84fa94-04c1-424b-9868-57a2d4851a1d" relativeResultsDirectory="0c204cf8-a06a-4675-b991-c263e7379f9a" resultType="DataDrivenTest">
      <Counters error="0" failed="3" timeout="0" aborted="0" inconclusive="0" passedButRunAborted="0" notRunnable="0" notExecuted="0" disconnected="0" warning="0" passed="15" completed="0" inProgress="0" pending="0" />
      <InnerResults>
        <UnitTestResult executionId="74b73596-2167-4a6b-9f6e-badd0ec234e4" parentExecutionId="0c204cf8-a06a-4675-b991-c263e7379f9a" testId="227f20ae-8e76-eb71-39b2-4ada3ce6aba8" testName="interrogative_sentences_how" computerName="ARPAN-LAP" duration="00:00:00.0210809" startTime="2014-06-25T20:24:32.6536314+05:30" endTime="2014-06-25T20:24:32.6746326+05:30" testType="13cdc9d9-ddb5-4fa4-a97d-d965ccfc6d4b" outcome="Passed" testListId="8c84fa94-04c1-424b-9868-57a2d4851a1d" relativeResultsDirectory="0c204cf8-a06a-4675-b991-c263e7379f9a" dataRowInfo="0" resultType="DataDrivenDataRow" />
        <UnitTestResult executionId="66299346-1496-4b85-a314-e97cc4a20dff" parentExecutionId="0c204cf8-a06a-4675-b991-c263e7379f9a" testId="227f20ae-8e76-eb71-39b2-4ada3ce6aba8" testName="interrogative_sentences_how" computerName="ARPAN-LAP" duration="00:00:00.0205173" startTime="2014-06-25T20:24:32.6746326+05:30" endTime="2014-06-25T20:24:32.6956338+05:30" testType="13cdc9d9-ddb5-4fa4-a97d-d965ccfc6d4b" outcome="Passed" testListId="8c84fa94-04c1-424b-9868-57a2d4851a1d" relativeResultsDirectory="0c204cf8-a06a-4675-b991-c263e7379f9a" dataRowInfo="1" resultType="DataDrivenDataRow" />
        <UnitTestResult executionId="c5ac45af-17f7-461c-a94c-02ddded431b5" parentExecutionId="0c204cf8-a06a-4675-b991-c263e7379f9a" testId="227f20ae-8e76-eb71-39b2-4ada3ce6aba8" testName="interrogative_sentences_how" computerName="ARPAN-LAP" duration="00:00:00.0258317" startTime="2014-06-25T20:24:32.6956338+05:30" endTime="2014-06-25T20:24:32.7206353+05:30" testType="13cdc9d9-ddb5-4fa4-a97d-d965ccfc6d4b" outcome="Failed" testListId="8c84fa94-04c1-424b-9868-57a2d4851a1d" relativeResultsDirectory="0c204cf8-a06a-4675-b991-c263e7379f9a" dataRowInfo="2" resultType="DataDrivenDataRow">
          <Output>
            <ErrorInfo>
              <Message>Assert.AreEqual failed. Expected:&lt;এই মেশিন কাজটি কিভাবে করে ?&gt;. Actual:&lt;এই মেশিনটি করে কিভাবে কাজ ?&gt;. How does this machine work?</Message>
              <StackTrace>   at UnitTest.BnlpTest.interrogative_sentences_how() in D:\software\Project\BNLP\UnitTest\BnlpTest.cs:line 274
</StackTrace>
            </ErrorInfo>
          </Output>
        </UnitTestResult>
        <UnitTestResult executionId="ea33ab17-f1e5-410e-a28a-fc31d183d52b" parentExecutionId="0c204cf8-a06a-4675-b991-c263e7379f9a" testId="227f20ae-8e76-eb71-39b2-4ada3ce6aba8" testName="interrogative_sentences_how" computerName="ARPAN-LAP" duration="00:00:00.0388487" startTime="2014-06-25T20:24:32.7216353+05:30" endTime="2014-06-25T20:24:32.7596375+05:30" testType="13cdc9d9-ddb5-4fa4-a97d-d965ccfc6d4b" outcome="Passed" testListId="8c84fa94-04c1-424b-9868-57a2d4851a1d" relativeResultsDirectory="0c204cf8-a06a-4675-b991-c263e7379f9a" dataRowInfo="3" resultType="DataDrivenDataRow" />
        <UnitTestResult executionId="da49de40-1658-4070-81f4-f852cf8cb03f" parentExecutionId="0c204cf8-a06a-4675-b991-c263e7379f9a" testId="227f20ae-8e76-eb71-39b2-4ada3ce6aba8" testName="interrogative_sentences_how" computerName="ARPAN-LAP" duration="00:00:00.0349586" startTime="2014-06-25T20:24:32.7596375+05:30" endTime="2014-06-25T20:24:32.7946395+05:30" testType="13cdc9d9-ddb5-4fa4-a97d-d965ccfc6d4b" outcome="Passed" testListId="8c84fa94-04c1-424b-9868-57a2d4851a1d" relativeResultsDirectory="0c204cf8-a06a-4675-b991-c263e7379f9a" dataRowInfo="4" resultType="DataDrivenDataRow" />
        <UnitTestResult executionId="3a90788e-cb53-4a65-a9c6-699813ecb7c8" parentExecutionId="0c204cf8-a06a-4675-b991-c263e7379f9a" testId="227f20ae-8e76-eb71-39b2-4ada3ce6aba8" testName="interrogative_sentences_how" computerName="ARPAN-LAP" duration="00:00:00.0260293" startTime="2014-06-25T20:24:32.7946395+05:30" endTime="2014-06-25T20:24:32.8206410+05:30" testType="13cdc9d9-ddb5-4fa4-a97d-d965ccfc6d4b" outcome="Passed" testListId="8c84fa94-04c1-424b-9868-57a2d4851a1d" relativeResultsDirectory="0c204cf8-a06a-4675-b991-c263e7379f9a" dataRowInfo="5" resultType="DataDrivenDataRow" />
        <UnitTestResult executionId="a7cad7d3-6a39-4a60-9be9-deccb738b3ae" parentExecutionId="0c204cf8-a06a-4675-b991-c263e7379f9a" testId="227f20ae-8e76-eb71-39b2-4ada3ce6aba8" testName="interrogative_sentences_how" computerName="ARPAN-LAP" duration="00:00:00.0408669" startTime="2014-06-25T20:24:32.8206410+05:30" endTime="2014-06-25T20:24:32.8616433+05:30" testType="13cdc9d9-ddb5-4fa4-a97d-d965ccfc6d4b" outcome="Passed" testListId="8c84fa94-04c1-424b-9868-57a2d4851a1d" relativeResultsDirectory="0c204cf8-a06a-4675-b991-c263e7379f9a" dataRowInfo="6" resultType="DataDrivenDataRow" />
        <UnitTestResult executionId="687c68a1-cd85-4d9f-98cd-42352f2a120d" parentExecutionId="0c204cf8-a06a-4675-b991-c263e7379f9a" testId="227f20ae-8e76-eb71-39b2-4ada3ce6aba8" testName="interrogative_sentences_how" computerName="ARPAN-LAP" duration="00:00:00.0268238" startTime="2014-06-25T20:24:32.8616433+05:30" endTime="2014-06-25T20:24:32.8886449+05:30" testType="13cdc9d9-ddb5-4fa4-a97d-d965ccfc6d4b" outcome="Passed" testListId="8c84fa94-04c1-424b-9868-57a2d4851a1d" relativeResultsDirectory="0c204cf8-a06a-4675-b991-c263e7379f9a" dataRowInfo="7" resultType="DataDrivenDataRow" />
        <UnitTestResult executionId="572a4139-54cf-405a-9388-6f4ce5161019" parentExecutionId="0c204cf8-a06a-4675-b991-c263e7379f9a" testId="227f20ae-8e76-eb71-39b2-4ada3ce6aba8" testName="interrogative_sentences_how" computerName="ARPAN-LAP" duration="00:00:00.0408889" startTime="2014-06-25T20:24:32.8886449+05:30" endTime="2014-06-25T20:24:32.9296472+05:30" testType="13cdc9d9-ddb5-4fa4-a97d-d965ccfc6d4b" outcome="Passed" testListId="8c84fa94-04c1-424b-9868-57a2d4851a1d" relativeResultsDirectory="0c204cf8-a06a-4675-b991-c263e7379f9a" dataRowInfo="8" resultType="DataDrivenDataRow" />
        <UnitTestResult executionId="bf78fd4f-06b0-4ce3-96ae-c9da333b6dfa" parentExecutionId="0c204cf8-a06a-4675-b991-c263e7379f9a" testId="227f20ae-8e76-eb71-39b2-4ada3ce6aba8" testName="interrogative_sentences_how" computerName="ARPAN-LAP" duration="00:00:00.0426346" startTime="2014-06-25T20:24:32.9296472+05:30" endTime="2014-06-25T20:24:32.9726497+05:30" testType="13cdc9d9-ddb5-4fa4-a97d-d965ccfc6d4b" outcome="Passed" testListId="8c84fa94-04c1-424b-9868-57a2d4851a1d" relativeResultsDirectory="0c204cf8-a06a-4675-b991-c263e7379f9a" dataRowInfo="9" resultType="DataDrivenDataRow" />
        <UnitTestResult executionId="71e23f36-d487-4f52-ba25-da558c2f5cb0" parentExecutionId="0c204cf8-a06a-4675-b991-c263e7379f9a" testId="227f20ae-8e76-eb71-39b2-4ada3ce6aba8" testName="interrogative_sentences_how" computerName="ARPAN-LAP" duration="00:00:00.0416342" startTime="2014-06-25T20:24:32.9726497+05:30" endTime="2014-06-25T20:24:33.0146521+05:30" testType="13cdc9d9-ddb5-4fa4-a97d-d965ccfc6d4b" outcome="Passed" testListId="8c84fa94-04c1-424b-9868-57a2d4851a1d" relativeResultsDirectory="0c204cf8-a06a-4675-b991-c263e7379f9a" dataRowInfo="10" resultType="DataDrivenDataRow" />
        <UnitTestResult executionId="dead21b9-14cd-4df5-acc0-5b718a898508" parentExecutionId="0c204cf8-a06a-4675-b991-c263e7379f9a" testId="227f20ae-8e76-eb71-39b2-4ada3ce6aba8" testName="interrogative_sentences_how" computerName="ARPAN-LAP" duration="00:00:00.0269670" startTime="2014-06-25T20:24:33.0146521+05:30" endTime="2014-06-25T20:24:33.0416536+05:30" testType="13cdc9d9-ddb5-4fa4-a97d-d965ccfc6d4b" outcome="Passed" testListId="8c84fa94-04c1-424b-9868-57a2d4851a1d" relativeResultsDirectory="0c204cf8-a06a-4675-b991-c263e7379f9a" dataRowInfo="11" resultType="DataDrivenDataRow" />
        <UnitTestResult executionId="7fceaa72-13c6-4695-b1f5-ec9a024035b2" parentExecutionId="0c204cf8-a06a-4675-b991-c263e7379f9a" testId="227f20ae-8e76-eb71-39b2-4ada3ce6aba8" testName="interrogative_sentences_how" computerName="ARPAN-LAP" duration="00:00:00.0265960" startTime="2014-06-25T20:24:33.0416536+05:30" endTime="2014-06-25T20:24:33.0676551+05:30" testType="13cdc9d9-ddb5-4fa4-a97d-d965ccfc6d4b" outcome="Failed" testListId="8c84fa94-04c1-424b-9868-57a2d4851a1d" relativeResultsDirectory="0c204cf8-a06a-4675-b991-c263e7379f9a" dataRowInfo="12" resultType="DataDrivenDataRow">
          <Output>
            <ErrorInfo>
              <Message>Assert.AreEqual failed. Expected:&lt;এই শহরটি কত বড় ?&gt;. Actual:&lt;কত বড় এই শহরটি ?&gt;. How big is this city?</Message>
              <StackTrace>   at UnitTest.BnlpTest.interrogative_sentences_how() in D:\software\Project\BNLP\UnitTest\BnlpTest.cs:line 274
</StackTrace>
            </ErrorInfo>
          </Output>
        </UnitTestResult>
        <UnitTestResult executionId="744961c8-b8fa-4fad-aa2c-8b1dbf82fb28" parentExecutionId="0c204cf8-a06a-4675-b991-c263e7379f9a" testId="227f20ae-8e76-eb71-39b2-4ada3ce6aba8" testName="interrogative_sentences_how" computerName="ARPAN-LAP" duration="00:00:00.0328578" startTime="2014-06-25T20:24:33.0676551+05:30" endTime="2014-06-25T20:24:33.1006570+05:30" testType="13cdc9d9-ddb5-4fa4-a97d-d965ccfc6d4b" outcome="Passed" testListId="8c84fa94-04c1-424b-9868-57a2d4851a1d" relativeResultsDirectory="0c204cf8-a06a-4675-b991-c263e7379f9a" dataRowInfo="13" resultType="DataDrivenDataRow" />
        <UnitTestResult executionId="1480f365-dd8f-421d-908c-e9c3ec09c86e" parentExecutionId="0c204cf8-a06a-4675-b991-c263e7379f9a" testId="227f20ae-8e76-eb71-39b2-4ada3ce6aba8" testName="interrogative_sentences_how" computerName="ARPAN-LAP" duration="00:00:00.0329081" startTime="2014-06-25T20:24:33.1006570+05:30" endTime="2014-06-25T20:24:33.1336589+05:30" testType="13cdc9d9-ddb5-4fa4-a97d-d965ccfc6d4b" outcome="Passed" testListId="8c84fa94-04c1-424b-9868-57a2d4851a1d" relativeResultsDirectory="0c204cf8-a06a-4675-b991-c263e7379f9a" dataRowInfo="14" resultType="DataDrivenDataRow" />
        <UnitTestResult executionId="162ed63a-eb99-496b-892d-70a61bc8dd9e" parentExecutionId="0c204cf8-a06a-4675-b991-c263e7379f9a" testId="227f20ae-8e76-eb71-39b2-4ada3ce6aba8" testName="interrogative_sentences_how" computerName="ARPAN-LAP" duration="00:00:00.0324965" startTime="2014-06-25T20:24:33.1336589+05:30" endTime="2014-06-25T20:24:33.1666608+05:30" testType="13cdc9d9-ddb5-4fa4-a97d-d965ccfc6d4b" outcome="Failed" testListId="8c84fa94-04c1-424b-9868-57a2d4851a1d" relativeResultsDirectory="0c204cf8-a06a-4675-b991-c263e7379f9a" dataRowInfo="15" resultType="DataDrivenDataRow">
          <Output>
            <ErrorInfo>
              <Message>Assert.AreEqual failed. Expected:&lt;একটি ভাল ছাত্র হতে হয় কিভাবে ?&gt;. Actual:&lt;হয় কিভাবে একটি ভাল ছাত্র ?&gt;. How to be a good student?</Message>
              <StackTrace>   at UnitTest.BnlpTest.interrogative_sentences_how() in D:\software\Project\BNLP\UnitTest\BnlpTest.cs:line 274
</StackTrace>
            </ErrorInfo>
          </Output>
        </UnitTestResult>
        <UnitTestResult executionId="94cfc5ce-75e1-48c8-b8a6-ad8fcee2c203" parentExecutionId="0c204cf8-a06a-4675-b991-c263e7379f9a" testId="227f20ae-8e76-eb71-39b2-4ada3ce6aba8" testName="interrogative_sentences_how" computerName="ARPAN-LAP" duration="00:00:00.0317543" startTime="2014-06-25T20:24:33.1666608+05:30" endTime="2014-06-25T20:24:33.1976625+05:30" testType="13cdc9d9-ddb5-4fa4-a97d-d965ccfc6d4b" outcome="Passed" testListId="8c84fa94-04c1-424b-9868-57a2d4851a1d" relativeResultsDirectory="0c204cf8-a06a-4675-b991-c263e7379f9a" dataRowInfo="16" resultType="DataDrivenDataRow" />
        <UnitTestResult executionId="4ceabd41-7f08-4525-97dc-9cfdf50101c6" parentExecutionId="0c204cf8-a06a-4675-b991-c263e7379f9a" testId="227f20ae-8e76-eb71-39b2-4ada3ce6aba8" testName="interrogative_sentences_how" computerName="ARPAN-LAP" duration="00:00:00.0367905" startTime="2014-06-25T20:24:33.1976625+05:30" endTime="2014-06-25T20:24:33.2346647+05:30" testType="13cdc9d9-ddb5-4fa4-a97d-d965ccfc6d4b" outcome="Passed" testListId="8c84fa94-04c1-424b-9868-57a2d4851a1d" relativeResultsDirectory="0c204cf8-a06a-4675-b991-c263e7379f9a" dataRowInfo="17" resultType="DataDrivenDataRow" />
      </InnerResults>
    </UnitTestResult>
    <UnitTestResult executionId="659cd702-6950-4889-b420-9a87a635f3f1" testId="30ab3285-6a8c-14d2-9725-bd60892ccd90" testName="second_person_tenses_active" computerName="ARPAN-LAP" duration="00:00:00.2158214" startTime="2014-06-25T20:24:33.2986683+05:30" endTime="2014-06-25T20:24:33.5506827+05:30" testType="13cdc9d9-ddb5-4fa4-a97d-d965ccfc6d4b" outcome="Passed" testListId="8c84fa94-04c1-424b-9868-57a2d4851a1d" relativeResultsDirectory="659cd702-6950-4889-b420-9a87a635f3f1" resultType="DataDrivenTest">
      <Counters error="0" failed="0" timeout="0" aborted="0" inconclusive="0" passedButRunAborted="0" notRunnable="0" notExecuted="0" disconnected="0" warning="0" passed="10" completed="0" inProgress="0" pending="0" />
      <InnerResults>
        <UnitTestResult executionId="976af9db-7075-46f7-9ef4-3fd9d9ff1eb1" parentExecutionId="659cd702-6950-4889-b420-9a87a635f3f1" testId="30ab3285-6a8c-14d2-9725-bd60892ccd90" testName="second_person_tenses_active" computerName="ARPAN-LAP" duration="00:00:00.0149314" startTime="2014-06-25T20:24:33.3066688+05:30" endTime="2014-06-25T20:24:33.3216696+05:30" testType="13cdc9d9-ddb5-4fa4-a97d-d965ccfc6d4b" outcome="Passed" testListId="8c84fa94-04c1-424b-9868-57a2d4851a1d" relativeResultsDirectory="659cd702-6950-4889-b420-9a87a635f3f1" dataRowInfo="0" resultType="DataDrivenDataRow" />
        <UnitTestResult executionId="a6076c9a-97c0-46b4-9ac1-bc9b9646c78e" parentExecutionId="659cd702-6950-4889-b420-9a87a635f3f1" testId="30ab3285-6a8c-14d2-9725-bd60892ccd90" testName="second_person_tenses_active" computerName="ARPAN-LAP" duration="00:00:00.0183005" startTime="2014-06-25T20:24:33.3216696+05:30" endTime="2014-06-25T20:24:33.3396707+05:30" testType="13cdc9d9-ddb5-4fa4-a97d-d965ccfc6d4b" outcome="Passed" testListId="8c84fa94-04c1-424b-9868-57a2d4851a1d" relativeResultsDirectory="659cd702-6950-4889-b420-9a87a635f3f1" dataRowInfo="1" resultType="DataDrivenDataRow" />
        <UnitTestResult executionId="cad817df-0d67-46df-a575-d0c58b1f9170" parentExecutionId="659cd702-6950-4889-b420-9a87a635f3f1" testId="30ab3285-6a8c-14d2-9725-bd60892ccd90" testName="second_person_tenses_active" computerName="ARPAN-LAP" duration="00:00:00.0226207" startTime="2014-06-25T20:24:33.3396707+05:30" endTime="2014-06-25T20:24:33.3626720+05:30" testType="13cdc9d9-ddb5-4fa4-a97d-d965ccfc6d4b" outcome="Passed" testListId="8c84fa94-04c1-424b-9868-57a2d4851a1d" relativeResultsDirectory="659cd702-6950-4889-b420-9a87a635f3f1" dataRowInfo="2" resultType="DataDrivenDataRow" />
        <UnitTestResult executionId="1decb71c-2110-4494-a6e9-43ec2534b990" parentExecutionId="659cd702-6950-4889-b420-9a87a635f3f1" testId="30ab3285-6a8c-14d2-9725-bd60892ccd90" testName="second_person_tenses_active" computerName="ARPAN-LAP" duration="00:00:00.0287158" startTime="2014-06-25T20:24:33.3626720+05:30" endTime="2014-06-25T20:24:33.3916736+05:30" testType="13cdc9d9-ddb5-4fa4-a97d-d965ccfc6d4b" outcome="Passed" testListId="8c84fa94-04c1-424b-9868-57a2d4851a1d" relativeResultsDirectory="659cd702-6950-4889-b420-9a87a635f3f1" dataRowInfo="3" resultType="DataDrivenDataRow" />
        <UnitTestResult executionId="c91b8d69-61aa-4bb6-9da3-1d34d870f49c" parentExecutionId="659cd702-6950-4889-b420-9a87a635f3f1" testId="30ab3285-6a8c-14d2-9725-bd60892ccd90" testName="second_person_tenses_active" computerName="ARPAN-LAP" duration="00:00:00.0147395" startTime="2014-06-25T20:24:33.3916736+05:30" endTime="2014-06-25T20:24:33.4056744+05:30" testType="13cdc9d9-ddb5-4fa4-a97d-d965ccfc6d4b" outcome="Passed" testListId="8c84fa94-04c1-424b-9868-57a2d4851a1d" relativeResultsDirectory="659cd702-6950-4889-b420-9a87a635f3f1" dataRowInfo="4" resultType="DataDrivenDataRow" />
        <UnitTestResult executionId="ff764474-61ca-44b0-851e-f4ca32a1ec9e" parentExecutionId="659cd702-6950-4889-b420-9a87a635f3f1" testId="30ab3285-6a8c-14d2-9725-bd60892ccd90" testName="second_person_tenses_active" computerName="ARPAN-LAP" duration="00:00:00.0223410" startTime="2014-06-25T20:24:33.4056744+05:30" endTime="2014-06-25T20:24:33.4286758+05:30" testType="13cdc9d9-ddb5-4fa4-a97d-d965ccfc6d4b" outcome="Passed" testListId="8c84fa94-04c1-424b-9868-57a2d4851a1d" relativeResultsDirectory="659cd702-6950-4889-b420-9a87a635f3f1" dataRowInfo="5" resultType="DataDrivenDataRow" />
        <UnitTestResult executionId="d7539bb1-3c8c-41bc-b89c-de70199dd158" parentExecutionId="659cd702-6950-4889-b420-9a87a635f3f1" testId="30ab3285-6a8c-14d2-9725-bd60892ccd90" testName="second_person_tenses_active" computerName="ARPAN-LAP" duration="00:00:00.0224231" startTime="2014-06-25T20:24:33.4286758+05:30" endTime="2014-06-25T20:24:33.4506770+05:30" testType="13cdc9d9-ddb5-4fa4-a97d-d965ccfc6d4b" outcome="Passed" testListId="8c84fa94-04c1-424b-9868-57a2d4851a1d" relativeResultsDirectory="659cd702-6950-4889-b420-9a87a635f3f1" dataRowInfo="6" resultType="DataDrivenDataRow" />
        <UnitTestResult executionId="3c2273ea-15aa-4d7f-8b3c-55296b9c5a07" parentExecutionId="659cd702-6950-4889-b420-9a87a635f3f1" testId="30ab3285-6a8c-14d2-9725-bd60892ccd90" testName="second_person_tenses_active" computerName="ARPAN-LAP" duration="00:00:00.0241482" startTime="2014-06-25T20:24:33.4506770+05:30" endTime="2014-06-25T20:24:33.4746784+05:30" testType="13cdc9d9-ddb5-4fa4-a97d-d965ccfc6d4b" outcome="Passed" testListId="8c84fa94-04c1-424b-9868-57a2d4851a1d" relativeResultsDirectory="659cd702-6950-4889-b420-9a87a635f3f1" dataRowInfo="7" resultType="DataDrivenDataRow" />
        <UnitTestResult executionId="a73e3bea-2b60-4c12-908f-c89f4f25b2cd" parentExecutionId="659cd702-6950-4889-b420-9a87a635f3f1" testId="30ab3285-6a8c-14d2-9725-bd60892ccd90" testName="second_person_tenses_active" computerName="ARPAN-LAP" duration="00:00:00.0197382" startTime="2014-06-25T20:24:33.4746784+05:30" endTime="2014-06-25T20:24:33.4946795+05:30" testType="13cdc9d9-ddb5-4fa4-a97d-d965ccfc6d4b" outcome="Passed" testListId="8c84fa94-04c1-424b-9868-57a2d4851a1d" relativeResultsDirectory="659cd702-6950-4889-b420-9a87a635f3f1" dataRowInfo="8" resultType="DataDrivenDataRow" />
        <UnitTestResult executionId="e2327f75-d2f3-4c79-b781-2d2fed352d28" parentExecutionId="659cd702-6950-4889-b420-9a87a635f3f1" testId="30ab3285-6a8c-14d2-9725-bd60892ccd90" testName="second_person_tenses_active" computerName="ARPAN-LAP" duration="00:00:00.0245824" startTime="2014-06-25T20:24:33.4946795+05:30" endTime="2014-06-25T20:24:33.5196810+05:30" testType="13cdc9d9-ddb5-4fa4-a97d-d965ccfc6d4b" outcome="Passed" testListId="8c84fa94-04c1-424b-9868-57a2d4851a1d" relativeResultsDirectory="659cd702-6950-4889-b420-9a87a635f3f1" dataRowInfo="9" resultType="DataDrivenDataRow" />
      </InnerResults>
    </UnitTestResult>
    <UnitTestResult executionId="3fbd8f20-affc-4312-b480-a621afa0bbdf" testId="32b5d279-0d23-e5ad-0301-234c8788f740" testName="interrogative_sentences_who" computerName="ARPAN-LAP" duration="00:00:00.1178032" startTime="2014-06-25T20:24:33.5566831+05:30" endTime="2014-06-25T20:24:33.6936909+05:30" testType="13cdc9d9-ddb5-4fa4-a97d-d965ccfc6d4b" outcome="Passed" testListId="8c84fa94-04c1-424b-9868-57a2d4851a1d" relativeResultsDirectory="3fbd8f20-affc-4312-b480-a621afa0bbdf" resultType="DataDrivenTest">
      <Counters error="0" failed="0" timeout="0" aborted="0" inconclusive="0" passedButRunAborted="0" notRunnable="0" notExecuted="0" disconnected="0" warning="0" passed="4" completed="0" inProgress="0" pending="0" />
      <InnerResults>
        <UnitTestResult executionId="eb0ef2e4-d8a3-46c0-8936-a51ca42ec245" parentExecutionId="3fbd8f20-affc-4312-b480-a621afa0bbdf" testId="32b5d279-0d23-e5ad-0301-234c8788f740" testName="interrogative_sentences_who" computerName="ARPAN-LAP" duration="00:00:00.0277944" startTime="2014-06-25T20:24:33.5646835+05:30" endTime="2014-06-25T20:24:33.5916851+05:30" testType="13cdc9d9-ddb5-4fa4-a97d-d965ccfc6d4b" outcome="Passed" testListId="8c84fa94-04c1-424b-9868-57a2d4851a1d" relativeResultsDirectory="3fbd8f20-affc-4312-b480-a621afa0bbdf" dataRowInfo="0" resultType="DataDrivenDataRow" />
        <UnitTestResult executionId="f3444724-fc82-46d7-b05b-ec1bfd945428" parentExecutionId="3fbd8f20-affc-4312-b480-a621afa0bbdf" testId="32b5d279-0d23-e5ad-0301-234c8788f740" testName="interrogative_sentences_who" computerName="ARPAN-LAP" duration="00:00:00.0231555" startTime="2014-06-25T20:24:33.5916851+05:30" endTime="2014-06-25T20:24:33.6156865+05:30" testType="13cdc9d9-ddb5-4fa4-a97d-d965ccfc6d4b" outcome="Passed" testListId="8c84fa94-04c1-424b-9868-57a2d4851a1d" relativeResultsDirectory="3fbd8f20-affc-4312-b480-a621afa0bbdf" dataRowInfo="1" resultType="DataDrivenDataRow" />
        <UnitTestResult executionId="513de54e-a85a-402a-88b1-25272367bfec" parentExecutionId="3fbd8f20-affc-4312-b480-a621afa0bbdf" testId="32b5d279-0d23-e5ad-0301-234c8788f740" testName="interrogative_sentences_who" computerName="ARPAN-LAP" duration="00:00:00.0330755" startTime="2014-06-25T20:24:33.6156865+05:30" endTime="2014-06-25T20:24:33.6486883+05:30" testType="13cdc9d9-ddb5-4fa4-a97d-d965ccfc6d4b" outcome="Passed" testListId="8c84fa94-04c1-424b-9868-57a2d4851a1d" relativeResultsDirectory="3fbd8f20-affc-4312-b480-a621afa0bbdf" dataRowInfo="2" resultType="DataDrivenDataRow" />
        <UnitTestResult executionId="5dd3c486-a24a-4674-bdf5-3c2274efed07" parentExecutionId="3fbd8f20-affc-4312-b480-a621afa0bbdf" testId="32b5d279-0d23-e5ad-0301-234c8788f740" testName="interrogative_sentences_who" computerName="ARPAN-LAP" duration="00:00:00.0299579" startTime="2014-06-25T20:24:33.6486883+05:30" endTime="2014-06-25T20:24:33.6786901+05:30" testType="13cdc9d9-ddb5-4fa4-a97d-d965ccfc6d4b" outcome="Passed" testListId="8c84fa94-04c1-424b-9868-57a2d4851a1d" relativeResultsDirectory="3fbd8f20-affc-4312-b480-a621afa0bbdf" dataRowInfo="3" resultType="DataDrivenDataRow" />
      </InnerResults>
    </UnitTestResult>
    <UnitTestResult executionId="d32e289b-7922-4c93-a9d4-2d23b2647265" testId="39dcb97e-c73f-c645-a77c-64d9eba0a3a3" testName="interrogative_sentences_aux" computerName="ARPAN-LAP" duration="00:00:00.4756746" startTime="2014-06-25T20:24:33.6966911+05:30" endTime="2014-06-25T20:24:34.2337218+05:30" testType="13cdc9d9-ddb5-4fa4-a97d-d965ccfc6d4b" outcome="Passed" testListId="8c84fa94-04c1-424b-9868-57a2d4851a1d" relativeResultsDirectory="d32e289b-7922-4c93-a9d4-2d23b2647265" resultType="DataDrivenTest">
      <Counters error="0" failed="0" timeout="0" aborted="0" inconclusive="0" passedButRunAborted="0" notRunnable="0" notExecuted="0" disconnected="0" warning="0" passed="20" completed="0" inProgress="0" pending="0" />
      <InnerResults>
        <UnitTestResult executionId="9c64cdce-c721-4f1a-b6ef-f3adcf808eb5" parentExecutionId="d32e289b-7922-4c93-a9d4-2d23b2647265" testId="39dcb97e-c73f-c645-a77c-64d9eba0a3a3" testName="interrogative_sentences_aux" computerName="ARPAN-LAP" duration="00:00:00.0213088" startTime="2014-06-25T20:24:33.7016914+05:30" endTime="2014-06-25T20:24:33.7226926+05:30" testType="13cdc9d9-ddb5-4fa4-a97d-d965ccfc6d4b" outcome="Passed" testListId="8c84fa94-04c1-424b-9868-57a2d4851a1d" relativeResultsDirectory="d32e289b-7922-4c93-a9d4-2d23b2647265" dataRowInfo="0" resultType="DataDrivenDataRow" />
        <UnitTestResult executionId="1a17af6a-8f42-4b55-856f-856a0fad7ee6" parentExecutionId="d32e289b-7922-4c93-a9d4-2d23b2647265" testId="39dcb97e-c73f-c645-a77c-64d9eba0a3a3" testName="interrogative_sentences_aux" computerName="ARPAN-LAP" duration="00:00:00.0224041" startTime="2014-06-25T20:24:33.7236926+05:30" endTime="2014-06-25T20:24:33.7456939+05:30" testType="13cdc9d9-ddb5-4fa4-a97d-d965ccfc6d4b" outcome="Passed" testListId="8c84fa94-04c1-424b-9868-57a2d4851a1d" relativeResultsDirectory="d32e289b-7922-4c93-a9d4-2d23b2647265" dataRowInfo="1" resultType="DataDrivenDataRow" />
        <UnitTestResult executionId="d04eb057-91c7-481a-a6ef-24ca6f0d29ad" parentExecutionId="d32e289b-7922-4c93-a9d4-2d23b2647265" testId="39dcb97e-c73f-c645-a77c-64d9eba0a3a3" testName="interrogative_sentences_aux" computerName="ARPAN-LAP" duration="00:00:00.0218872" startTime="2014-06-25T20:24:33.7456939+05:30" endTime="2014-06-25T20:24:33.7676952+05:30" testType="13cdc9d9-ddb5-4fa4-a97d-d965ccfc6d4b" outcome="Passed" testListId="8c84fa94-04c1-424b-9868-57a2d4851a1d" relativeResultsDirectory="d32e289b-7922-4c93-a9d4-2d23b2647265" dataRowInfo="2" resultType="DataDrivenDataRow" />
        <UnitTestResult executionId="1c42d98d-a3ae-4de0-b5eb-034041437140" parentExecutionId="d32e289b-7922-4c93-a9d4-2d23b2647265" testId="39dcb97e-c73f-c645-a77c-64d9eba0a3a3" testName="interrogative_sentences_aux" computerName="ARPAN-LAP" duration="00:00:00.0250454" startTime="2014-06-25T20:24:33.7676952+05:30" endTime="2014-06-25T20:24:33.7926966+05:30" testType="13cdc9d9-ddb5-4fa4-a97d-d965ccfc6d4b" outcome="Passed" testListId="8c84fa94-04c1-424b-9868-57a2d4851a1d" relativeResultsDirectory="d32e289b-7922-4c93-a9d4-2d23b2647265" dataRowInfo="3" resultType="DataDrivenDataRow" />
        <UnitTestResult executionId="e5cb0cf6-6ea2-4985-a357-b0ec6b9499a9" parentExecutionId="d32e289b-7922-4c93-a9d4-2d23b2647265" testId="39dcb97e-c73f-c645-a77c-64d9eba0a3a3" testName="interrogative_sentences_aux" computerName="ARPAN-LAP" duration="00:00:00.0202550" startTime="2014-06-25T20:24:33.7926966+05:30" endTime="2014-06-25T20:24:33.8126977+05:30" testType="13cdc9d9-ddb5-4fa4-a97d-d965ccfc6d4b" outcome="Passed" testListId="8c84fa94-04c1-424b-9868-57a2d4851a1d" relativeResultsDirectory="d32e289b-7922-4c93-a9d4-2d23b2647265" dataRowInfo="4" resultType="DataDrivenDataRow" />
        <UnitTestResult executionId="1fbded8a-1131-4a92-bc23-8b8fb86a746e" parentExecutionId="d32e289b-7922-4c93-a9d4-2d23b2647265" testId="39dcb97e-c73f-c645-a77c-64d9eba0a3a3" testName="interrogative_sentences_aux" computerName="ARPAN-LAP" duration="00:00:00.0216578" startTime="2014-06-25T20:24:33.8126977+05:30" endTime="2014-06-25T20:24:33.8346990+05:30" testType="13cdc9d9-ddb5-4fa4-a97d-d965ccfc6d4b" outcome="Passed" testListId="8c84fa94-04c1-424b-9868-57a2d4851a1d" relativeResultsDirectory="d32e289b-7922-4c93-a9d4-2d23b2647265" dataRowInfo="5" resultType="DataDrivenDataRow" />
        <UnitTestResult executionId="607deb72-0d40-4b64-a4dc-114856384420" parentExecutionId="d32e289b-7922-4c93-a9d4-2d23b2647265" testId="39dcb97e-c73f-c645-a77c-64d9eba0a3a3" testName="interrogative_sentences_aux" computerName="ARPAN-LAP" duration="00:00:00.0198583" startTime="2014-06-25T20:24:33.8346990+05:30" endTime="2014-06-25T20:24:33.8547001+05:30" testType="13cdc9d9-ddb5-4fa4-a97d-d965ccfc6d4b" outcome="Passed" testListId="8c84fa94-04c1-424b-9868-57a2d4851a1d" relativeResultsDirectory="d32e289b-7922-4c93-a9d4-2d23b2647265" dataRowInfo="6" resultType="DataDrivenDataRow" />
        <UnitTestResult executionId="44d9bc4b-2047-4d9b-aaad-f644e9b175cb" parentExecutionId="d32e289b-7922-4c93-a9d4-2d23b2647265" testId="39dcb97e-c73f-c645-a77c-64d9eba0a3a3" testName="interrogative_sentences_aux" computerName="ARPAN-LAP" duration="00:00:00.0334306" startTime="2014-06-25T20:24:33.8547001+05:30" endTime="2014-06-25T20:24:33.8877020+05:30" testType="13cdc9d9-ddb5-4fa4-a97d-d965ccfc6d4b" outcome="Passed" testListId="8c84fa94-04c1-424b-9868-57a2d4851a1d" relativeResultsDirectory="d32e289b-7922-4c93-a9d4-2d23b2647265" dataRowInfo="7" resultType="DataDrivenDataRow" />
        <UnitTestResult executionId="becda729-18d8-451b-8850-4f52081c11b4" parentExecutionId="d32e289b-7922-4c93-a9d4-2d23b2647265" testId="39dcb97e-c73f-c645-a77c-64d9eba0a3a3" testName="interrogative_sentences_aux" computerName="ARPAN-LAP" duration="00:00:00.0271996" startTime="2014-06-25T20:24:33.8877020+05:30" endTime="2014-06-25T20:24:33.9157036+05:30" testType="13cdc9d9-ddb5-4fa4-a97d-d965ccfc6d4b" outcome="Passed" testListId="8c84fa94-04c1-424b-9868-57a2d4851a1d" relativeResultsDirectory="d32e289b-7922-4c93-a9d4-2d23b2647265" dataRowInfo="8" resultType="DataDrivenDataRow" />
        <UnitTestResult executionId="36b0be90-4229-4f84-92be-390abbbd2bec" parentExecutionId="d32e289b-7922-4c93-a9d4-2d23b2647265" testId="39dcb97e-c73f-c645-a77c-64d9eba0a3a3" testName="interrogative_sentences_aux" computerName="ARPAN-LAP" duration="00:00:00.0395252" startTime="2014-06-25T20:24:33.9157036+05:30" endTime="2014-06-25T20:24:33.9547058+05:30" testType="13cdc9d9-ddb5-4fa4-a97d-d965ccfc6d4b" outcome="Passed" testListId="8c84fa94-04c1-424b-9868-57a2d4851a1d" relativeResultsDirectory="d32e289b-7922-4c93-a9d4-2d23b2647265" dataRowInfo="9" resultType="DataDrivenDataRow" />
        <UnitTestResult executionId="94b23aa6-ca83-479d-a131-62e9a5458c37" parentExecutionId="d32e289b-7922-4c93-a9d4-2d23b2647265" testId="39dcb97e-c73f-c645-a77c-64d9eba0a3a3" testName="interrogative_sentences_aux" computerName="ARPAN-LAP" duration="00:00:00.0259913" startTime="2014-06-25T20:24:33.9547058+05:30" endTime="2014-06-25T20:24:33.9817074+05:30" testType="13cdc9d9-ddb5-4fa4-a97d-d965ccfc6d4b" outcome="Passed" testListId="8c84fa94-04c1-424b-9868-57a2d4851a1d" relativeResultsDirectory="d32e289b-7922-4c93-a9d4-2d23b2647265" dataRowInfo="10" resultType="DataDrivenDataRow" />
        <UnitTestResult executionId="73008969-0933-49eb-a691-6bf2975e282f" parentExecutionId="d32e289b-7922-4c93-a9d4-2d23b2647265" testId="39dcb97e-c73f-c645-a77c-64d9eba0a3a3" testName="interrogative_sentences_aux" computerName="ARPAN-LAP" duration="00:00:00.0190812" startTime="2014-06-25T20:24:33.9817074+05:30" endTime="2014-06-25T20:24:34.0007085+05:30" testType="13cdc9d9-ddb5-4fa4-a97d-d965ccfc6d4b" outcome="Passed" testListId="8c84fa94-04c1-424b-9868-57a2d4851a1d" relativeResultsDirectory="d32e289b-7922-4c93-a9d4-2d23b2647265" dataRowInfo="11" resultType="DataDrivenDataRow" />
        <UnitTestResult executionId="6bc9733d-1632-4f5c-a30b-4ce1f2d2c3be" parentExecutionId="d32e289b-7922-4c93-a9d4-2d23b2647265" testId="39dcb97e-c73f-c645-a77c-64d9eba0a3a3" testName="interrogative_sentences_aux" computerName="ARPAN-LAP" duration="00:00:00.0174767" startTime="2014-06-25T20:24:34.0007085+05:30" endTime="2014-06-25T20:24:34.0177095+05:30" testType="13cdc9d9-ddb5-4fa4-a97d-d965ccfc6d4b" outcome="Passed" testListId="8c84fa94-04c1-424b-9868-57a2d4851a1d" relativeResultsDirectory="d32e289b-7922-4c93-a9d4-2d23b2647265" dataRowInfo="12" resultType="DataDrivenDataRow" />
        <UnitTestResult executionId="c9ff7123-ada0-4b36-9341-258d14a48dff" parentExecutionId="d32e289b-7922-4c93-a9d4-2d23b2647265" testId="39dcb97e-c73f-c645-a77c-64d9eba0a3a3" testName="interrogative_sentences_aux" computerName="ARPAN-LAP" duration="00:00:00.0223979" startTime="2014-06-25T20:24:34.0177095+05:30" endTime="2014-06-25T20:24:34.0407108+05:30" testType="13cdc9d9-ddb5-4fa4-a97d-d965ccfc6d4b" outcome="Passed" testListId="8c84fa94-04c1-424b-9868-57a2d4851a1d" relativeResultsDirectory="d32e289b-7922-4c93-a9d4-2d23b2647265" dataRowInfo="13" resultType="DataDrivenDataRow" />
        <UnitTestResult executionId="ed147181-d1cc-4d78-b0e5-02354ddc4a34" parentExecutionId="d32e289b-7922-4c93-a9d4-2d23b2647265" testId="39dcb97e-c73f-c645-a77c-64d9eba0a3a3" testName="interrogative_sentences_aux" computerName="ARPAN-LAP" duration="00:00:00.0181383" startTime="2014-06-25T20:24:34.0407108+05:30" endTime="2014-06-25T20:24:34.0587118+05:30" testType="13cdc9d9-ddb5-4fa4-a97d-d965ccfc6d4b" outcome="Passed" testListId="8c84fa94-04c1-424b-9868-57a2d4851a1d" relativeResultsDirectory="d32e289b-7922-4c93-a9d4-2d23b2647265" dataRowInfo="14" resultType="DataDrivenDataRow" />
        <UnitTestResult executionId="9c664a17-f053-475c-8dbc-be8444f04f6e" parentExecutionId="d32e289b-7922-4c93-a9d4-2d23b2647265" testId="39dcb97e-c73f-c645-a77c-64d9eba0a3a3" testName="interrogative_sentences_aux" computerName="ARPAN-LAP" duration="00:00:00.0211723" startTime="2014-06-25T20:24:34.0587118+05:30" endTime="2014-06-25T20:24:34.0797130+05:30" testType="13cdc9d9-ddb5-4fa4-a97d-d965ccfc6d4b" outcome="Passed" testListId="8c84fa94-04c1-424b-9868-57a2d4851a1d" relativeResultsDirectory="d32e289b-7922-4c93-a9d4-2d23b2647265" dataRowInfo="15" resultType="DataDrivenDataRow" />
        <UnitTestResult executionId="4ee6c5f8-79c1-4d6c-90c2-54b4256bb015" parentExecutionId="d32e289b-7922-4c93-a9d4-2d23b2647265" testId="39dcb97e-c73f-c645-a77c-64d9eba0a3a3" testName="interrogative_sentences_aux" computerName="ARPAN-LAP" duration="00:00:00.0195852" startTime="2014-06-25T20:24:34.0797130+05:30" endTime="2014-06-25T20:24:34.0997141+05:30" testType="13cdc9d9-ddb5-4fa4-a97d-d965ccfc6d4b" outcome="Passed" testListId="8c84fa94-04c1-424b-9868-57a2d4851a1d" relativeResultsDirectory="d32e289b-7922-4c93-a9d4-2d23b2647265" dataRowInfo="16" resultType="DataDrivenDataRow" />
        <UnitTestResult executionId="9e625263-a509-4366-ba6f-36b3bd9f7f0b" parentExecutionId="d32e289b-7922-4c93-a9d4-2d23b2647265" testId="39dcb97e-c73f-c645-a77c-64d9eba0a3a3" testName="interrogative_sentences_aux" computerName="ARPAN-LAP" duration="00:00:00.0317404" startTime="2014-06-25T20:24:34.0997141+05:30" endTime="2014-06-25T20:24:34.1307159+05:30" testType="13cdc9d9-ddb5-4fa4-a97d-d965ccfc6d4b" outcome="Passed" testListId="8c84fa94-04c1-424b-9868-57a2d4851a1d" relativeResultsDirectory="d32e289b-7922-4c93-a9d4-2d23b2647265" dataRowInfo="17" resultType="DataDrivenDataRow" />
        <UnitTestResult executionId="9d7fb21f-17ad-4f82-9077-3dd0af7e2afb" parentExecutionId="d32e289b-7922-4c93-a9d4-2d23b2647265" testId="39dcb97e-c73f-c645-a77c-64d9eba0a3a3" testName="interrogative_sentences_aux" computerName="ARPAN-LAP" duration="00:00:00.0194892" startTime="2014-06-25T20:24:34.1307159+05:30" endTime="2014-06-25T20:24:34.1507171+05:30" testType="13cdc9d9-ddb5-4fa4-a97d-d965ccfc6d4b" outcome="Passed" testListId="8c84fa94-04c1-424b-9868-57a2d4851a1d" relativeResultsDirectory="d32e289b-7922-4c93-a9d4-2d23b2647265" dataRowInfo="18" resultType="DataDrivenDataRow" />
        <UnitTestResult executionId="b0f3f39b-a866-4637-b386-f66e02391b36" parentExecutionId="d32e289b-7922-4c93-a9d4-2d23b2647265" testId="39dcb97e-c73f-c645-a77c-64d9eba0a3a3" testName="interrogative_sentences_aux" computerName="ARPAN-LAP" duration="00:00:00.0244905" startTime="2014-06-25T20:24:34.1507171+05:30" endTime="2014-06-25T20:24:34.1757185+05:30" testType="13cdc9d9-ddb5-4fa4-a97d-d965ccfc6d4b" outcome="Passed" testListId="8c84fa94-04c1-424b-9868-57a2d4851a1d" relativeResultsDirectory="d32e289b-7922-4c93-a9d4-2d23b2647265" dataRowInfo="19" resultType="DataDrivenDataRow" />
      </InnerResults>
    </UnitTestResult>
    <UnitTestResult executionId="db78151a-07de-4fac-9e92-8145a2e54f79" testId="4e91a3b9-9eae-ebff-0b97-303f00578a78" testName="interrogative_sentences_whom" computerName="ARPAN-LAP" duration="00:00:00.0567084" startTime="2014-06-25T20:24:34.2447224+05:30" endTime="2014-06-25T20:24:34.3137264+05:30" testType="13cdc9d9-ddb5-4fa4-a97d-d965ccfc6d4b" outcome="Passed" testListId="8c84fa94-04c1-424b-9868-57a2d4851a1d" relativeResultsDirectory="db78151a-07de-4fac-9e92-8145a2e54f79" resultType="DataDrivenTest">
      <Counters error="0" failed="0" timeout="0" aborted="0" inconclusive="0" passedButRunAborted="0" notRunnable="0" notExecuted="0" disconnected="0" warning="0" passed="2" completed="0" inProgress="0" pending="0" />
      <InnerResults>
        <UnitTestResult executionId="b74096af-8453-4d71-b8be-b8a0295550e4" parentExecutionId="db78151a-07de-4fac-9e92-8145a2e54f79" testId="4e91a3b9-9eae-ebff-0b97-303f00578a78" testName="interrogative_sentences_whom" computerName="ARPAN-LAP" duration="00:00:00.0283169" startTime="2014-06-25T20:24:34.2497227+05:30" endTime="2014-06-25T20:24:34.2787244+05:30" testType="13cdc9d9-ddb5-4fa4-a97d-d965ccfc6d4b" outcome="Passed" testListId="8c84fa94-04c1-424b-9868-57a2d4851a1d" relativeResultsDirectory="db78151a-07de-4fac-9e92-8145a2e54f79" dataRowInfo="0" resultType="DataDrivenDataRow" />
        <UnitTestResult executionId="e17e1dfd-cad2-45a2-b69b-56caab2aaeb0" parentExecutionId="db78151a-07de-4fac-9e92-8145a2e54f79" testId="4e91a3b9-9eae-ebff-0b97-303f00578a78" testName="interrogative_sentences_whom" computerName="ARPAN-LAP" duration="00:00:00.0262320" startTime="2014-06-25T20:24:34.2787244+05:30" endTime="2014-06-25T20:24:34.3047259+05:30" testType="13cdc9d9-ddb5-4fa4-a97d-d965ccfc6d4b" outcome="Passed" testListId="8c84fa94-04c1-424b-9868-57a2d4851a1d" relativeResultsDirectory="db78151a-07de-4fac-9e92-8145a2e54f79" dataRowInfo="1" resultType="DataDrivenDataRow" />
      </InnerResults>
    </UnitTestResult>
    <UnitTestResult executionId="ccf5d00c-e373-4053-9754-c2d8c78cd2f1" testId="533e7939-123c-ce84-5c5c-d5a21d1d95b9" testName="special_handling_do_verb" computerName="ARPAN-LAP" duration="00:00:00.3568901" startTime="2014-06-25T20:24:34.3197267+05:30" endTime="2014-06-25T20:24:34.7197496+05:30" testType="13cdc9d9-ddb5-4fa4-a97d-d965ccfc6d4b" outcome="Passed" testListId="8c84fa94-04c1-424b-9868-57a2d4851a1d" relativeResultsDirectory="ccf5d00c-e373-4053-9754-c2d8c78cd2f1" resultType="DataDrivenTest">
      <Counters error="0" failed="0" timeout="0" aborted="0" inconclusive="0" passedButRunAborted="0" notRunnable="0" notExecuted="0" disconnected="0" warning="0" passed="13" completed="0" inProgress="0" pending="0" />
      <InnerResults>
        <UnitTestResult executionId="3388a20f-3601-4a27-b332-b2ceb257a0fe" parentExecutionId="ccf5d00c-e373-4053-9754-c2d8c78cd2f1" testId="533e7939-123c-ce84-5c5c-d5a21d1d95b9" testName="special_handling_do_verb" computerName="ARPAN-LAP" duration="00:00:00.0209331" startTime="2014-06-25T20:24:34.3247270+05:30" endTime="2014-06-25T20:24:34.3457282+05:30" testType="13cdc9d9-ddb5-4fa4-a97d-d965ccfc6d4b" outcome="Passed" testListId="8c84fa94-04c1-424b-9868-57a2d4851a1d" relativeResultsDirectory="ccf5d00c-e373-4053-9754-c2d8c78cd2f1" dataRowInfo="0" resultType="DataDrivenDataRow" />
        <UnitTestResult executionId="a4d333ef-2773-428d-a418-bb03c89dbd3c" parentExecutionId="ccf5d00c-e373-4053-9754-c2d8c78cd2f1" testId="533e7939-123c-ce84-5c5c-d5a21d1d95b9" testName="special_handling_do_verb" computerName="ARPAN-LAP" duration="00:00:00.0228568" startTime="2014-06-25T20:24:34.3457282+05:30" endTime="2014-06-25T20:24:34.3687295+05:30" testType="13cdc9d9-ddb5-4fa4-a97d-d965ccfc6d4b" outcome="Passed" testListId="8c84fa94-04c1-424b-9868-57a2d4851a1d" relativeResultsDirectory="ccf5d00c-e373-4053-9754-c2d8c78cd2f1" dataRowInfo="1" resultType="DataDrivenDataRow" />
        <UnitTestResult executionId="a72f9416-304a-4a37-bddf-5dd69d17c01e" parentExecutionId="ccf5d00c-e373-4053-9754-c2d8c78cd2f1" testId="533e7939-123c-ce84-5c5c-d5a21d1d95b9" testName="special_handling_do_verb" computerName="ARPAN-LAP" duration="00:00:00.0271970" startTime="2014-06-25T20:24:34.3687295+05:30" endTime="2014-06-25T20:24:34.3957311+05:30" testType="13cdc9d9-ddb5-4fa4-a97d-d965ccfc6d4b" outcome="Passed" testListId="8c84fa94-04c1-424b-9868-57a2d4851a1d" relativeResultsDirectory="ccf5d00c-e373-4053-9754-c2d8c78cd2f1" dataRowInfo="2" resultType="DataDrivenDataRow" />
        <UnitTestResult executionId="e516bf95-be27-4030-a1ab-2ff2bd1158d7" parentExecutionId="ccf5d00c-e373-4053-9754-c2d8c78cd2f1" testId="533e7939-123c-ce84-5c5c-d5a21d1d95b9" testName="special_handling_do_verb" computerName="ARPAN-LAP" duration="00:00:00.0309977" startTime="2014-06-25T20:24:34.3957311+05:30" endTime="2014-06-25T20:24:34.4267328+05:30" testType="13cdc9d9-ddb5-4fa4-a97d-d965ccfc6d4b" outcome="Passed" testListId="8c84fa94-04c1-424b-9868-57a2d4851a1d" relativeResultsDirectory="ccf5d00c-e373-4053-9754-c2d8c78cd2f1" dataRowInfo="3" resultType="DataDrivenDataRow" />
        <UnitTestResult executionId="08a021d0-932d-4617-ab20-df3384af02bb" parentExecutionId="ccf5d00c-e373-4053-9754-c2d8c78cd2f1" testId="533e7939-123c-ce84-5c5c-d5a21d1d95b9" testName="special_handling_do_verb" computerName="ARPAN-LAP" duration="00:00:00.0194703" startTime="2014-06-25T20:24:34.4267328+05:30" endTime="2014-06-25T20:24:34.4467340+05:30" testType="13cdc9d9-ddb5-4fa4-a97d-d965ccfc6d4b" outcome="Passed" testListId="8c84fa94-04c1-424b-9868-57a2d4851a1d" relativeResultsDirectory="ccf5d00c-e373-4053-9754-c2d8c78cd2f1" dataRowInfo="4" resultType="DataDrivenDataRow" />
        <UnitTestResult executionId="3594c581-bd1e-42a3-ae2f-58ee3862a75d" parentExecutionId="ccf5d00c-e373-4053-9754-c2d8c78cd2f1" testId="533e7939-123c-ce84-5c5c-d5a21d1d95b9" testName="special_handling_do_verb" computerName="ARPAN-LAP" duration="00:00:00.0239383" startTime="2014-06-25T20:24:34.4467340+05:30" endTime="2014-06-25T20:24:34.4707354+05:30" testType="13cdc9d9-ddb5-4fa4-a97d-d965ccfc6d4b" outcome="Passed" testListId="8c84fa94-04c1-424b-9868-57a2d4851a1d" relativeResultsDirectory="ccf5d00c-e373-4053-9754-c2d8c78cd2f1" dataRowInfo="5" resultType="DataDrivenDataRow" />
        <UnitTestResult executionId="6c3de332-96d7-42a5-90b7-2288eece08e1" parentExecutionId="ccf5d00c-e373-4053-9754-c2d8c78cd2f1" testId="533e7939-123c-ce84-5c5c-d5a21d1d95b9" testName="special_handling_do_verb" computerName="ARPAN-LAP" duration="00:00:00.0253513" startTime="2014-06-25T20:24:34.4707354+05:30" endTime="2014-06-25T20:24:34.4957368+05:30" testType="13cdc9d9-ddb5-4fa4-a97d-d965ccfc6d4b" outcome="Passed" testListId="8c84fa94-04c1-424b-9868-57a2d4851a1d" relativeResultsDirectory="ccf5d00c-e373-4053-9754-c2d8c78cd2f1" dataRowInfo="6" resultType="DataDrivenDataRow" />
        <UnitTestResult executionId="10516aba-7376-4819-88a4-dfdfd21cc3c5" parentExecutionId="ccf5d00c-e373-4053-9754-c2d8c78cd2f1" testId="533e7939-123c-ce84-5c5c-d5a21d1d95b9" testName="special_handling_do_verb" computerName="ARPAN-LAP" duration="00:00:00.0400887" startTime="2014-06-25T20:24:34.4957368+05:30" endTime="2014-06-25T20:24:34.5357391+05:30" testType="13cdc9d9-ddb5-4fa4-a97d-d965ccfc6d4b" outcome="Passed" testListId="8c84fa94-04c1-424b-9868-57a2d4851a1d" relativeResultsDirectory="ccf5d00c-e373-4053-9754-c2d8c78cd2f1" dataRowInfo="7" resultType="DataDrivenDataRow" />
        <UnitTestResult executionId="b253d89f-ffc5-4a26-bf60-a53609020ff7" parentExecutionId="ccf5d00c-e373-4053-9754-c2d8c78cd2f1" testId="533e7939-123c-ce84-5c5c-d5a21d1d95b9" testName="special_handling_do_verb" computerName="ARPAN-LAP" duration="00:00:00.0334276" startTime="2014-06-25T20:24:34.5357391+05:30" endTime="2014-06-25T20:24:34.5697410+05:30" testType="13cdc9d9-ddb5-4fa4-a97d-d965ccfc6d4b" outcome="Passed" testListId="8c84fa94-04c1-424b-9868-57a2d4851a1d" relativeResultsDirectory="ccf5d00c-e373-4053-9754-c2d8c78cd2f1" dataRowInfo="8" resultType="DataDrivenDataRow" />
        <UnitTestResult executionId="ad278ee7-d108-4995-877a-43b22df57d39" parentExecutionId="ccf5d00c-e373-4053-9754-c2d8c78cd2f1" testId="533e7939-123c-ce84-5c5c-d5a21d1d95b9" testName="special_handling_do_verb" computerName="ARPAN-LAP" duration="00:00:00.0338500" startTime="2014-06-25T20:24:34.5697410+05:30" endTime="2014-06-25T20:24:34.6037430+05:30" testType="13cdc9d9-ddb5-4fa4-a97d-d965ccfc6d4b" outcome="Passed" testListId="8c84fa94-04c1-424b-9868-57a2d4851a1d" relativeResultsDirectory="ccf5d00c-e373-4053-9754-c2d8c78cd2f1" dataRowInfo="9" resultType="DataDrivenDataRow" />
        <UnitTestResult executionId="8897678d-c119-40b6-884b-d5d2f1cb736e" parentExecutionId="ccf5d00c-e373-4053-9754-c2d8c78cd2f1" testId="533e7939-123c-ce84-5c5c-d5a21d1d95b9" testName="special_handling_do_verb" computerName="ARPAN-LAP" duration="00:00:00.0207770" startTime="2014-06-25T20:24:34.6037430+05:30" endTime="2014-06-25T20:24:34.6247442+05:30" testType="13cdc9d9-ddb5-4fa4-a97d-d965ccfc6d4b" outcome="Passed" testListId="8c84fa94-04c1-424b-9868-57a2d4851a1d" relativeResultsDirectory="ccf5d00c-e373-4053-9754-c2d8c78cd2f1" dataRowInfo="10" resultType="DataDrivenDataRow" />
        <UnitTestResult executionId="1cfe0856-b9ae-4eca-b7e8-f47ab4ad2df2" parentExecutionId="ccf5d00c-e373-4053-9754-c2d8c78cd2f1" testId="533e7939-123c-ce84-5c5c-d5a21d1d95b9" testName="special_handling_do_verb" computerName="ARPAN-LAP" duration="00:00:00.0286726" startTime="2014-06-25T20:24:34.6247442+05:30" endTime="2014-06-25T20:24:34.6527458+05:30" testType="13cdc9d9-ddb5-4fa4-a97d-d965ccfc6d4b" outcome="Passed" testListId="8c84fa94-04c1-424b-9868-57a2d4851a1d" relativeResultsDirectory="ccf5d00c-e373-4053-9754-c2d8c78cd2f1" dataRowInfo="11" resultType="DataDrivenDataRow" />
        <UnitTestResult executionId="948aace5-7296-4e4f-ac79-a5b604e757b4" parentExecutionId="ccf5d00c-e373-4053-9754-c2d8c78cd2f1" testId="533e7939-123c-ce84-5c5c-d5a21d1d95b9" testName="special_handling_do_verb" computerName="ARPAN-LAP" duration="00:00:00.0268126" startTime="2014-06-25T20:24:34.6527458+05:30" endTime="2014-06-25T20:24:34.6797473+05:30" testType="13cdc9d9-ddb5-4fa4-a97d-d965ccfc6d4b" outcome="Passed" testListId="8c84fa94-04c1-424b-9868-57a2d4851a1d" relativeResultsDirectory="ccf5d00c-e373-4053-9754-c2d8c78cd2f1" dataRowInfo="12" resultType="DataDrivenDataRow" />
      </InnerResults>
    </UnitTestResult>
    <UnitTestResult executionId="3edee90d-c97e-488e-bfad-e98d90971fde" testId="642ce34f-0ed4-f995-637b-09297c832f2a" testName="RandomWord" computerName="ARPAN-LAP" duration="00:00:00.1168049" startTime="2014-06-25T20:24:34.7207497+05:30" endTime="2014-06-25T20:24:34.8527572+05:30" testType="13cdc9d9-ddb5-4fa4-a97d-d965ccfc6d4b" outcome="Failed" testListId="8c84fa94-04c1-424b-9868-57a2d4851a1d" relativeResultsDirectory="3edee90d-c97e-488e-bfad-e98d90971fde" resultType="DataDrivenTest">
      <Counters error="0" failed="1" timeout="0" aborted="0" inconclusive="0" passedButRunAborted="0" notRunnable="0" notExecuted="0" disconnected="0" warning="0" passed="0" completed="0" inProgress="0" pending="0" />
      <InnerResults>
        <UnitTestResult executionId="f289127b-7ae3-4b35-a173-3dc2a3b6416e" parentExecutionId="3edee90d-c97e-488e-bfad-e98d90971fde" testId="642ce34f-0ed4-f995-637b-09297c832f2a" testName="RandomWord" computerName="ARPAN-LAP" duration="00:00:00.1137294" startTime="2014-06-25T20:24:34.7317503+05:30" endTime="2014-06-25T20:24:34.8457568+05:30" testType="13cdc9d9-ddb5-4fa4-a97d-d965ccfc6d4b" outcome="Failed" testListId="8c84fa94-04c1-424b-9868-57a2d4851a1d" relativeResultsDirectory="3edee90d-c97e-488e-bfad-e98d90971fde" dataRowInfo="0" resultType="DataDrivenDataRow">
          <Output>
            <ErrorInfo>
              <Message>Assert.AreEqual failed. Expected:&lt;পূর্ব সলোমন এর নৌ যুদ্ধ ২৪–২৫ অগষ্ট ১৯৪২ য়ে স্থান গ্রহণ করেছিল , এবং দ্বিতীয় বিশ্ব যুদ্ধ এর প্রশান্ত মহাসাগর সংগঠিত প্রচারকার্য এর তৃতীয় যুদ্ধ বাহক ।&gt;. Actual:&lt;পূর্ব সলোমন এর নৌ যুদ্ধ ২৪–২৫ অগষ্ট ১৯৪২ য়ে স্থান গ্রহণ করেছিল , এবং দ্বিতীয় বিশ্ব যুদ্ধ এর pacific:NP সংগঠিত প্রচারকার্য এর তৃতীয় যুদ্ধ বাহক ।&gt;. The naval Battle of the Eastern Solomons took place on 24–25 August 1942, and was the third carrier battle of the Pacific campaign of second World War.</Message>
              <StackTrace>   at UnitTest.BnlpTest.RandomWord() in D:\software\Project\BNLP\UnitTest\BnlpTest.cs:line 526
</StackTrace>
            </ErrorInfo>
          </Output>
        </UnitTestResult>
      </InnerResults>
    </UnitTestResult>
    <UnitTestResult executionId="93896770-8aa7-421d-9fb5-60a302fcd9b3" testId="783915fe-114a-e353-78dd-56e92a60f942" testName="all_persons_modal_should" computerName="ARPAN-LAP" duration="00:00:00.4687866" startTime="2014-06-25T20:24:34.8557574+05:30" endTime="2014-06-25T20:24:35.3777872+05:30" testType="13cdc9d9-ddb5-4fa4-a97d-d965ccfc6d4b" outcome="Passed" testListId="8c84fa94-04c1-424b-9868-57a2d4851a1d" relativeResultsDirectory="93896770-8aa7-421d-9fb5-60a302fcd9b3" resultType="DataDrivenTest">
      <Counters error="0" failed="0" timeout="0" aborted="0" inconclusive="0" passedButRunAborted="0" notRunnable="0" notExecuted="0" disconnected="0" warning="0" passed="17" completed="0" inProgress="0" pending="0" />
      <InnerResults>
        <UnitTestResult executionId="1d29c634-378b-4dc4-a5ab-74bea7f8a401" parentExecutionId="93896770-8aa7-421d-9fb5-60a302fcd9b3" testId="783915fe-114a-e353-78dd-56e92a60f942" testName="all_persons_modal_should" computerName="ARPAN-LAP" duration="00:00:00.0299322" startTime="2014-06-25T20:24:34.8607577+05:30" endTime="2014-06-25T20:24:34.8907594+05:30" testType="13cdc9d9-ddb5-4fa4-a97d-d965ccfc6d4b" outcome="Passed" testListId="8c84fa94-04c1-424b-9868-57a2d4851a1d" relativeResultsDirectory="93896770-8aa7-421d-9fb5-60a302fcd9b3" dataRowInfo="0" resultType="DataDrivenDataRow" />
        <UnitTestResult executionId="ae4db24a-a730-438b-a334-803734431f96" parentExecutionId="93896770-8aa7-421d-9fb5-60a302fcd9b3" testId="783915fe-114a-e353-78dd-56e92a60f942" testName="all_persons_modal_should" computerName="ARPAN-LAP" duration="00:00:00.0275239" startTime="2014-06-25T20:24:34.8907594+05:30" endTime="2014-06-25T20:24:34.9177609+05:30" testType="13cdc9d9-ddb5-4fa4-a97d-d965ccfc6d4b" outcome="Passed" testListId="8c84fa94-04c1-424b-9868-57a2d4851a1d" relativeResultsDirectory="93896770-8aa7-421d-9fb5-60a302fcd9b3" dataRowInfo="1" resultType="DataDrivenDataRow" />
        <UnitTestResult executionId="02b420af-b9ce-4c61-987c-e1b79a91ecfd" parentExecutionId="93896770-8aa7-421d-9fb5-60a302fcd9b3" testId="783915fe-114a-e353-78dd-56e92a60f942" testName="all_persons_modal_should" computerName="ARPAN-LAP" duration="00:00:00.0293096" startTime="2014-06-25T20:24:34.9177609+05:30" endTime="2014-06-25T20:24:34.9477626+05:30" testType="13cdc9d9-ddb5-4fa4-a97d-d965ccfc6d4b" outcome="Passed" testListId="8c84fa94-04c1-424b-9868-57a2d4851a1d" relativeResultsDirectory="93896770-8aa7-421d-9fb5-60a302fcd9b3" dataRowInfo="2" resultType="DataDrivenDataRow" />
        <UnitTestResult executionId="50f685ca-bf4f-4f6c-95da-0a92aa30bed5" parentExecutionId="93896770-8aa7-421d-9fb5-60a302fcd9b3" testId="783915fe-114a-e353-78dd-56e92a60f942" testName="all_persons_modal_should" computerName="ARPAN-LAP" duration="00:00:00.0335528" startTime="2014-06-25T20:24:34.9477626+05:30" endTime="2014-06-25T20:24:34.9807645+05:30" testType="13cdc9d9-ddb5-4fa4-a97d-d965ccfc6d4b" outcome="Passed" testListId="8c84fa94-04c1-424b-9868-57a2d4851a1d" relativeResultsDirectory="93896770-8aa7-421d-9fb5-60a302fcd9b3" dataRowInfo="3" resultType="DataDrivenDataRow" />
        <UnitTestResult executionId="568387c7-3665-4204-be43-7e7124158cf3" parentExecutionId="93896770-8aa7-421d-9fb5-60a302fcd9b3" testId="783915fe-114a-e353-78dd-56e92a60f942" testName="all_persons_modal_should" computerName="ARPAN-LAP" duration="00:00:00.0241128" startTime="2014-06-25T20:24:34.9807645+05:30" endTime="2014-06-25T20:24:35.0057660+05:30" testType="13cdc9d9-ddb5-4fa4-a97d-d965ccfc6d4b" outcome="Passed" testListId="8c84fa94-04c1-424b-9868-57a2d4851a1d" relativeResultsDirectory="93896770-8aa7-421d-9fb5-60a302fcd9b3" dataRowInfo="4" resultType="DataDrivenDataRow" />
        <UnitTestResult executionId="c992ddeb-e9fd-4ecf-9b58-cc20cccd4081" parentExecutionId="93896770-8aa7-421d-9fb5-60a302fcd9b3" testId="783915fe-114a-e353-78dd-56e92a60f942" testName="all_persons_modal_should" computerName="ARPAN-LAP" duration="00:00:00.0325668" startTime="2014-06-25T20:24:35.0057660+05:30" endTime="2014-06-25T20:24:35.0377678+05:30" testType="13cdc9d9-ddb5-4fa4-a97d-d965ccfc6d4b" outcome="Passed" testListId="8c84fa94-04c1-424b-9868-57a2d4851a1d" relativeResultsDirectory="93896770-8aa7-421d-9fb5-60a302fcd9b3" dataRowInfo="5" resultType="DataDrivenDataRow" />
        <UnitTestResult executionId="c56dedb9-97d2-498f-b879-ca6dc40a93d8" parentExecutionId="93896770-8aa7-421d-9fb5-60a302fcd9b3" testId="783915fe-114a-e353-78dd-56e92a60f942" testName="all_persons_modal_should" computerName="ARPAN-LAP" duration="00:00:00.0354180" startTime="2014-06-25T20:24:35.0377678+05:30" endTime="2014-06-25T20:24:35.0737699+05:30" testType="13cdc9d9-ddb5-4fa4-a97d-d965ccfc6d4b" outcome="Passed" testListId="8c84fa94-04c1-424b-9868-57a2d4851a1d" relativeResultsDirectory="93896770-8aa7-421d-9fb5-60a302fcd9b3" dataRowInfo="6" resultType="DataDrivenDataRow" />
        <UnitTestResult executionId="277cc276-f570-4f71-9a2b-284c82af5c4b" parentExecutionId="93896770-8aa7-421d-9fb5-60a302fcd9b3" testId="783915fe-114a-e353-78dd-56e92a60f942" testName="all_persons_modal_should" computerName="ARPAN-LAP" duration="00:00:00.0289057" startTime="2014-06-25T20:24:35.0737699+05:30" endTime="2014-06-25T20:24:35.1027715+05:30" testType="13cdc9d9-ddb5-4fa4-a97d-d965ccfc6d4b" outcome="Passed" testListId="8c84fa94-04c1-424b-9868-57a2d4851a1d" relativeResultsDirectory="93896770-8aa7-421d-9fb5-60a302fcd9b3" dataRowInfo="7" resultType="DataDrivenDataRow" />
        <UnitTestResult executionId="ab93632f-9c1e-40b3-a1c6-596c562e3b1e" parentExecutionId="93896770-8aa7-421d-9fb5-60a302fcd9b3" testId="783915fe-114a-e353-78dd-56e92a60f942" testName="all_persons_modal_should" computerName="ARPAN-LAP" duration="00:00:00.0171446" startTime="2014-06-25T20:24:35.1027715+05:30" endTime="2014-06-25T20:24:35.1197725+05:30" testType="13cdc9d9-ddb5-4fa4-a97d-d965ccfc6d4b" outcome="Passed" testListId="8c84fa94-04c1-424b-9868-57a2d4851a1d" relativeResultsDirectory="93896770-8aa7-421d-9fb5-60a302fcd9b3" dataRowInfo="8" resultType="DataDrivenDataRow" />
        <UnitTestResult executionId="202f1823-cd51-4008-99e5-2fb3e8f60965" parentExecutionId="93896770-8aa7-421d-9fb5-60a302fcd9b3" testId="783915fe-114a-e353-78dd-56e92a60f942" testName="all_persons_modal_should" computerName="ARPAN-LAP" duration="00:00:00.0255515" startTime="2014-06-25T20:24:35.1197725+05:30" endTime="2014-06-25T20:24:35.1447739+05:30" testType="13cdc9d9-ddb5-4fa4-a97d-d965ccfc6d4b" outcome="Passed" testListId="8c84fa94-04c1-424b-9868-57a2d4851a1d" relativeResultsDirectory="93896770-8aa7-421d-9fb5-60a302fcd9b3" dataRowInfo="9" resultType="DataDrivenDataRow" />
        <UnitTestResult executionId="5a8b3ee6-9b6e-4dd1-a766-72f728837f06" parentExecutionId="93896770-8aa7-421d-9fb5-60a302fcd9b3" testId="783915fe-114a-e353-78dd-56e92a60f942" testName="all_persons_modal_should" computerName="ARPAN-LAP" duration="00:00:00.0232510" startTime="2014-06-25T20:24:35.1447739+05:30" endTime="2014-06-25T20:24:35.1687753+05:30" testType="13cdc9d9-ddb5-4fa4-a97d-d965ccfc6d4b" outcome="Passed" testListId="8c84fa94-04c1-424b-9868-57a2d4851a1d" relativeResultsDirectory="93896770-8aa7-421d-9fb5-60a302fcd9b3" dataRowInfo="10" resultType="DataDrivenDataRow" />
        <UnitTestResult executionId="a803043a-9304-445f-99e1-05628a0c3ab8" parentExecutionId="93896770-8aa7-421d-9fb5-60a302fcd9b3" testId="783915fe-114a-e353-78dd-56e92a60f942" testName="all_persons_modal_should" computerName="ARPAN-LAP" duration="00:00:00.0299178" startTime="2014-06-25T20:24:35.1687753+05:30" endTime="2014-06-25T20:24:35.1987770+05:30" testType="13cdc9d9-ddb5-4fa4-a97d-d965ccfc6d4b" outcome="Passed" testListId="8c84fa94-04c1-424b-9868-57a2d4851a1d" relativeResultsDirectory="93896770-8aa7-421d-9fb5-60a302fcd9b3" dataRowInfo="11" resultType="DataDrivenDataRow" />
        <UnitTestResult executionId="c2a584e1-b36c-417d-b575-fa15f8e79a70" parentExecutionId="93896770-8aa7-421d-9fb5-60a302fcd9b3" testId="783915fe-114a-e353-78dd-56e92a60f942" testName="all_persons_modal_should" computerName="ARPAN-LAP" duration="00:00:00.0246887" startTime="2014-06-25T20:24:35.1987770+05:30" endTime="2014-06-25T20:24:35.2227784+05:30" testType="13cdc9d9-ddb5-4fa4-a97d-d965ccfc6d4b" outcome="Passed" testListId="8c84fa94-04c1-424b-9868-57a2d4851a1d" relativeResultsDirectory="93896770-8aa7-421d-9fb5-60a302fcd9b3" dataRowInfo="12" resultType="DataDrivenDataRow" />
        <UnitTestResult executionId="6a12a453-8732-48d2-b8e0-d5c99ea3c4d3" parentExecutionId="93896770-8aa7-421d-9fb5-60a302fcd9b3" testId="783915fe-114a-e353-78dd-56e92a60f942" testName="all_persons_modal_should" computerName="ARPAN-LAP" duration="00:00:00.0262700" startTime="2014-06-25T20:24:35.2227784+05:30" endTime="2014-06-25T20:24:35.2497799+05:30" testType="13cdc9d9-ddb5-4fa4-a97d-d965ccfc6d4b" outcome="Passed" testListId="8c84fa94-04c1-424b-9868-57a2d4851a1d" relativeResultsDirectory="93896770-8aa7-421d-9fb5-60a302fcd9b3" dataRowInfo="13" resultType="DataDrivenDataRow" />
        <UnitTestResult executionId="c2cfc1a8-c2ba-4ff0-9fe0-4628af96f973" parentExecutionId="93896770-8aa7-421d-9fb5-60a302fcd9b3" testId="783915fe-114a-e353-78dd-56e92a60f942" testName="all_persons_modal_should" computerName="ARPAN-LAP" duration="00:00:00.0294728" startTime="2014-06-25T20:24:35.2497799+05:30" endTime="2014-06-25T20:24:35.2787816+05:30" testType="13cdc9d9-ddb5-4fa4-a97d-d965ccfc6d4b" outcome="Passed" testListId="8c84fa94-04c1-424b-9868-57a2d4851a1d" relativeResultsDirectory="93896770-8aa7-421d-9fb5-60a302fcd9b3" dataRowInfo="14" resultType="DataDrivenDataRow" />
        <UnitTestResult executionId="03f4f47a-e85a-492a-b8dc-e76e8bbc3677" parentExecutionId="93896770-8aa7-421d-9fb5-60a302fcd9b3" testId="783915fe-114a-e353-78dd-56e92a60f942" testName="all_persons_modal_should" computerName="ARPAN-LAP" duration="00:00:00.0218795" startTime="2014-06-25T20:24:35.2787816+05:30" endTime="2014-06-25T20:24:35.3007828+05:30" testType="13cdc9d9-ddb5-4fa4-a97d-d965ccfc6d4b" outcome="Passed" testListId="8c84fa94-04c1-424b-9868-57a2d4851a1d" relativeResultsDirectory="93896770-8aa7-421d-9fb5-60a302fcd9b3" dataRowInfo="15" resultType="DataDrivenDataRow" />
        <UnitTestResult executionId="66ae86f8-4bde-4eca-a23e-56ccbfb93cff" parentExecutionId="93896770-8aa7-421d-9fb5-60a302fcd9b3" testId="783915fe-114a-e353-78dd-56e92a60f942" testName="all_persons_modal_should" computerName="ARPAN-LAP" duration="00:00:00.0266801" startTime="2014-06-25T20:24:35.3007828+05:30" endTime="2014-06-25T20:24:35.3277844+05:30" testType="13cdc9d9-ddb5-4fa4-a97d-d965ccfc6d4b" outcome="Passed" testListId="8c84fa94-04c1-424b-9868-57a2d4851a1d" relativeResultsDirectory="93896770-8aa7-421d-9fb5-60a302fcd9b3" dataRowInfo="16" resultType="DataDrivenDataRow" />
      </InnerResults>
    </UnitTestResult>
    <UnitTestResult executionId="30975d77-c653-49e4-9ff3-34b4e4bc502c" testId="7f7910d1-dc89-39b4-b4cf-d9e6d7af9420" testName="interrogative_sentences_what" computerName="ARPAN-LAP" duration="00:00:00.2173695" startTime="2014-06-25T20:24:35.3797874+05:30" endTime="2014-06-25T20:24:35.6278015+05:30" testType="13cdc9d9-ddb5-4fa4-a97d-d965ccfc6d4b" outcome="Passed" testListId="8c84fa94-04c1-424b-9868-57a2d4851a1d" relativeResultsDirectory="30975d77-c653-49e4-9ff3-34b4e4bc502c" resultType="DataDrivenTest">
      <Counters error="0" failed="0" timeout="0" aborted="0" inconclusive="0" passedButRunAborted="0" notRunnable="0" notExecuted="0" disconnected="0" warning="0" passed="9" completed="0" inProgress="0" pending="0" />
      <InnerResults>
        <UnitTestResult executionId="3e695b4b-fa03-4d71-aea5-f1e936622a26" parentExecutionId="30975d77-c653-49e4-9ff3-34b4e4bc502c" testId="7f7910d1-dc89-39b4-b4cf-d9e6d7af9420" testName="interrogative_sentences_what" computerName="ARPAN-LAP" duration="00:00:00.0277205" startTime="2014-06-25T20:24:35.3847876+05:30" endTime="2014-06-25T20:24:35.4117892+05:30" testType="13cdc9d9-ddb5-4fa4-a97d-d965ccfc6d4b" outcome="Passed" testListId="8c84fa94-04c1-424b-9868-57a2d4851a1d" relativeResultsDirectory="30975d77-c653-49e4-9ff3-34b4e4bc502c" dataRowInfo="0" resultType="DataDrivenDataRow" />
        <UnitTestResult executionId="a4c8751e-5b89-4e30-8727-502f3fc0e8e1" parentExecutionId="30975d77-c653-49e4-9ff3-34b4e4bc502c" testId="7f7910d1-dc89-39b4-b4cf-d9e6d7af9420" testName="interrogative_sentences_what" computerName="ARPAN-LAP" duration="00:00:00.0210044" startTime="2014-06-25T20:24:35.4117892+05:30" endTime="2014-06-25T20:24:35.4327904+05:30" testType="13cdc9d9-ddb5-4fa4-a97d-d965ccfc6d4b" outcome="Passed" testListId="8c84fa94-04c1-424b-9868-57a2d4851a1d" relativeResultsDirectory="30975d77-c653-49e4-9ff3-34b4e4bc502c" dataRowInfo="1" resultType="DataDrivenDataRow" />
        <UnitTestResult executionId="b7eb2d1b-e3d3-4db5-82d2-25a54f0ceceb" parentExecutionId="30975d77-c653-49e4-9ff3-34b4e4bc502c" testId="7f7910d1-dc89-39b4-b4cf-d9e6d7af9420" testName="interrogative_sentences_what" computerName="ARPAN-LAP" duration="00:00:00.0257542" startTime="2014-06-25T20:24:35.4327904+05:30" endTime="2014-06-25T20:24:35.4587919+05:30" testType="13cdc9d9-ddb5-4fa4-a97d-d965ccfc6d4b" outcome="Passed" testListId="8c84fa94-04c1-424b-9868-57a2d4851a1d" relativeResultsDirectory="30975d77-c653-49e4-9ff3-34b4e4bc502c" dataRowInfo="2" resultType="DataDrivenDataRow" />
        <UnitTestResult executionId="9841bef6-9629-4782-8abb-f72e4555c845" parentExecutionId="30975d77-c653-49e4-9ff3-34b4e4bc502c" testId="7f7910d1-dc89-39b4-b4cf-d9e6d7af9420" testName="interrogative_sentences_what" computerName="ARPAN-LAP" duration="00:00:00.0218256" startTime="2014-06-25T20:24:35.4587919+05:30" endTime="2014-06-25T20:24:35.4807931+05:30" testType="13cdc9d9-ddb5-4fa4-a97d-d965ccfc6d4b" outcome="Passed" testListId="8c84fa94-04c1-424b-9868-57a2d4851a1d" relativeResultsDirectory="30975d77-c653-49e4-9ff3-34b4e4bc502c" dataRowInfo="3" resultType="DataDrivenDataRow" />
        <UnitTestResult executionId="98ef460b-7a2c-4917-a477-a6924f7974f9" parentExecutionId="30975d77-c653-49e4-9ff3-34b4e4bc502c" testId="7f7910d1-dc89-39b4-b4cf-d9e6d7af9420" testName="interrogative_sentences_what" computerName="ARPAN-LAP" duration="00:00:00.0204455" startTime="2014-06-25T20:24:35.4807931+05:30" endTime="2014-06-25T20:24:35.5017943+05:30" testType="13cdc9d9-ddb5-4fa4-a97d-d965ccfc6d4b" outcome="Passed" testListId="8c84fa94-04c1-424b-9868-57a2d4851a1d" relativeResultsDirectory="30975d77-c653-49e4-9ff3-34b4e4bc502c" dataRowInfo="4" resultType="DataDrivenDataRow" />
        <UnitTestResult executionId="03370312-22d8-41f5-b42e-28742bc13ad7" parentExecutionId="30975d77-c653-49e4-9ff3-34b4e4bc502c" testId="7f7910d1-dc89-39b4-b4cf-d9e6d7af9420" testName="interrogative_sentences_what" computerName="ARPAN-LAP" duration="00:00:00.0259811" startTime="2014-06-25T20:24:35.5017943+05:30" endTime="2014-06-25T20:24:35.5277958+05:30" testType="13cdc9d9-ddb5-4fa4-a97d-d965ccfc6d4b" outcome="Passed" testListId="8c84fa94-04c1-424b-9868-57a2d4851a1d" relativeResultsDirectory="30975d77-c653-49e4-9ff3-34b4e4bc502c" dataRowInfo="5" resultType="DataDrivenDataRow" />
        <UnitTestResult executionId="66f25f08-5932-4d7a-ab77-6c029dde8a37" parentExecutionId="30975d77-c653-49e4-9ff3-34b4e4bc502c" testId="7f7910d1-dc89-39b4-b4cf-d9e6d7af9420" testName="interrogative_sentences_what" computerName="ARPAN-LAP" duration="00:00:00.0241205" startTime="2014-06-25T20:24:35.5277958+05:30" endTime="2014-06-25T20:24:35.5517972+05:30" testType="13cdc9d9-ddb5-4fa4-a97d-d965ccfc6d4b" outcome="Passed" testListId="8c84fa94-04c1-424b-9868-57a2d4851a1d" relativeResultsDirectory="30975d77-c653-49e4-9ff3-34b4e4bc502c" dataRowInfo="6" resultType="DataDrivenDataRow" />
        <UnitTestResult executionId="338da4c7-9a95-4c8a-bb53-f5fef434182b" parentExecutionId="30975d77-c653-49e4-9ff3-34b4e4bc502c" testId="7f7910d1-dc89-39b4-b4cf-d9e6d7af9420" testName="interrogative_sentences_what" computerName="ARPAN-LAP" duration="00:00:00.0214196" startTime="2014-06-25T20:24:35.5517972+05:30" endTime="2014-06-25T20:24:35.5727984+05:30" testType="13cdc9d9-ddb5-4fa4-a97d-d965ccfc6d4b" outcome="Passed" testListId="8c84fa94-04c1-424b-9868-57a2d4851a1d" relativeResultsDirectory="30975d77-c653-49e4-9ff3-34b4e4bc502c" dataRowInfo="7" resultType="DataDrivenDataRow" />
        <UnitTestResult executionId="9d5242b0-f799-450a-943a-6989da39c1b7" parentExecutionId="30975d77-c653-49e4-9ff3-34b4e4bc502c" testId="7f7910d1-dc89-39b4-b4cf-d9e6d7af9420" testName="interrogative_sentences_what" computerName="ARPAN-LAP" duration="00:00:00.0265729" startTime="2014-06-25T20:24:35.5727984+05:30" endTime="2014-06-25T20:24:35.5997999+05:30" testType="13cdc9d9-ddb5-4fa4-a97d-d965ccfc6d4b" outcome="Passed" testListId="8c84fa94-04c1-424b-9868-57a2d4851a1d" relativeResultsDirectory="30975d77-c653-49e4-9ff3-34b4e4bc502c" dataRowInfo="8" resultType="DataDrivenDataRow" />
      </InnerResults>
    </UnitTestResult>
    <UnitTestResult executionId="1123d5eb-6b18-425d-992e-01a32ed13256" testId="83c68223-dcaa-51dd-423f-434210a59f77" testName="second_person_tenses_active_negation" computerName="ARPAN-LAP" duration="00:00:00.2572704" startTime="2014-06-25T20:24:35.6298017+05:30" endTime="2014-06-25T20:24:35.9248185+05:30" testType="13cdc9d9-ddb5-4fa4-a97d-d965ccfc6d4b" outcome="Passed" testListId="8c84fa94-04c1-424b-9868-57a2d4851a1d" relativeResultsDirectory="1123d5eb-6b18-425d-992e-01a32ed13256" resultType="DataDrivenTest">
      <Counters error="0" failed="0" timeout="0" aborted="0" inconclusive="0" passedButRunAborted="0" notRunnable="0" notExecuted="0" disconnected="0" warning="0" passed="10" completed="0" inProgress="0" pending="0" />
      <InnerResults>
        <UnitTestResult executionId="bf36d7fd-c385-4c16-9f81-1c43f13cc98d" parentExecutionId="1123d5eb-6b18-425d-992e-01a32ed13256" testId="83c68223-dcaa-51dd-423f-434210a59f77" testName="second_person_tenses_active_negation" computerName="ARPAN-LAP" duration="00:00:00.0267818" startTime="2014-06-25T20:24:35.6388022+05:30" endTime="2014-06-25T20:24:35.6648037+05:30" testType="13cdc9d9-ddb5-4fa4-a97d-d965ccfc6d4b" outcome="Passed" testListId="8c84fa94-04c1-424b-9868-57a2d4851a1d" relativeResultsDirectory="1123d5eb-6b18-425d-992e-01a32ed13256" dataRowInfo="0" resultType="DataDrivenDataRow" />
        <UnitTestResult executionId="aa561eae-85ac-4566-a377-02217c3e9795" parentExecutionId="1123d5eb-6b18-425d-992e-01a32ed13256" testId="83c68223-dcaa-51dd-423f-434210a59f77" testName="second_person_tenses_active_negation" computerName="ARPAN-LAP" duration="00:00:00.0333598" startTime="2014-06-25T20:24:35.6658037+05:30" endTime="2014-06-25T20:24:35.6988056+05:30" testType="13cdc9d9-ddb5-4fa4-a97d-d965ccfc6d4b" outcome="Passed" testListId="8c84fa94-04c1-424b-9868-57a2d4851a1d" relativeResultsDirectory="1123d5eb-6b18-425d-992e-01a32ed13256" dataRowInfo="1" resultType="DataDrivenDataRow" />
        <UnitTestResult executionId="e6bf63ab-8205-472a-bc37-9856fe79d536" parentExecutionId="1123d5eb-6b18-425d-992e-01a32ed13256" testId="83c68223-dcaa-51dd-423f-434210a59f77" testName="second_person_tenses_active_negation" computerName="ARPAN-LAP" duration="00:00:00.0326043" startTime="2014-06-25T20:24:35.6988056+05:30" endTime="2014-06-25T20:24:35.7318075+05:30" testType="13cdc9d9-ddb5-4fa4-a97d-d965ccfc6d4b" outcome="Passed" testListId="8c84fa94-04c1-424b-9868-57a2d4851a1d" relativeResultsDirectory="1123d5eb-6b18-425d-992e-01a32ed13256" dataRowInfo="2" resultType="DataDrivenDataRow" />
        <UnitTestResult executionId="88619377-5d26-470f-8ef3-9da81db6fa14" parentExecutionId="1123d5eb-6b18-425d-992e-01a32ed13256" testId="83c68223-dcaa-51dd-423f-434210a59f77" testName="second_person_tenses_active_negation" computerName="ARPAN-LAP" duration="00:00:00.0312770" startTime="2014-06-25T20:24:35.7318075+05:30" endTime="2014-06-25T20:24:35.7628093+05:30" testType="13cdc9d9-ddb5-4fa4-a97d-d965ccfc6d4b" outcome="Passed" testListId="8c84fa94-04c1-424b-9868-57a2d4851a1d" relativeResultsDirectory="1123d5eb-6b18-425d-992e-01a32ed13256" dataRowInfo="3" resultType="DataDrivenDataRow" />
        <UnitTestResult executionId="4e49182f-7de2-43ba-90aa-463c886c5e6f" parentExecutionId="1123d5eb-6b18-425d-992e-01a32ed13256" testId="83c68223-dcaa-51dd-423f-434210a59f77" testName="second_person_tenses_active_negation" computerName="ARPAN-LAP" duration="00:00:00.0195149" startTime="2014-06-25T20:24:35.7628093+05:30" endTime="2014-06-25T20:24:35.7818104+05:30" testType="13cdc9d9-ddb5-4fa4-a97d-d965ccfc6d4b" outcome="Passed" testListId="8c84fa94-04c1-424b-9868-57a2d4851a1d" relativeResultsDirectory="1123d5eb-6b18-425d-992e-01a32ed13256" dataRowInfo="4" resultType="DataDrivenDataRow" />
        <UnitTestResult executionId="0c7d5bc9-ba6a-4251-a07c-cbb5e4128bff" parentExecutionId="1123d5eb-6b18-425d-992e-01a32ed13256" testId="83c68223-dcaa-51dd-423f-434210a59f77" testName="second_person_tenses_active_negation" computerName="ARPAN-LAP" duration="00:00:00.0196684" startTime="2014-06-25T20:24:35.7818104+05:30" endTime="2014-06-25T20:24:35.8018115+05:30" testType="13cdc9d9-ddb5-4fa4-a97d-d965ccfc6d4b" outcome="Passed" testListId="8c84fa94-04c1-424b-9868-57a2d4851a1d" relativeResultsDirectory="1123d5eb-6b18-425d-992e-01a32ed13256" dataRowInfo="5" resultType="DataDrivenDataRow" />
        <UnitTestResult executionId="0260e411-9256-444a-b627-3497acc72f2c" parentExecutionId="1123d5eb-6b18-425d-992e-01a32ed13256" testId="83c68223-dcaa-51dd-423f-434210a59f77" testName="second_person_tenses_active_negation" computerName="ARPAN-LAP" duration="00:00:00.0203064" startTime="2014-06-25T20:24:35.8018115+05:30" endTime="2014-06-25T20:24:35.8228127+05:30" testType="13cdc9d9-ddb5-4fa4-a97d-d965ccfc6d4b" outcome="Passed" testListId="8c84fa94-04c1-424b-9868-57a2d4851a1d" relativeResultsDirectory="1123d5eb-6b18-425d-992e-01a32ed13256" dataRowInfo="6" resultType="DataDrivenDataRow" />
        <UnitTestResult executionId="0a53379b-6d1b-478c-9a2c-c092de199bd6" parentExecutionId="1123d5eb-6b18-425d-992e-01a32ed13256" testId="83c68223-dcaa-51dd-423f-434210a59f77" testName="second_person_tenses_active_negation" computerName="ARPAN-LAP" duration="00:00:00.0261012" startTime="2014-06-25T20:24:35.8228127+05:30" endTime="2014-06-25T20:24:35.8488142+05:30" testType="13cdc9d9-ddb5-4fa4-a97d-d965ccfc6d4b" outcome="Passed" testListId="8c84fa94-04c1-424b-9868-57a2d4851a1d" relativeResultsDirectory="1123d5eb-6b18-425d-992e-01a32ed13256" dataRowInfo="7" resultType="DataDrivenDataRow" />
        <UnitTestResult executionId="b48a1bfd-c61b-4a4a-8b6c-40f80c02c35b" parentExecutionId="1123d5eb-6b18-425d-992e-01a32ed13256" testId="83c68223-dcaa-51dd-423f-434210a59f77" testName="second_person_tenses_active_negation" computerName="ARPAN-LAP" duration="00:00:00.0196566" startTime="2014-06-25T20:24:35.8488142+05:30" endTime="2014-06-25T20:24:35.8678153+05:30" testType="13cdc9d9-ddb5-4fa4-a97d-d965ccfc6d4b" outcome="Passed" testListId="8c84fa94-04c1-424b-9868-57a2d4851a1d" relativeResultsDirectory="1123d5eb-6b18-425d-992e-01a32ed13256" dataRowInfo="8" resultType="DataDrivenDataRow" />
        <UnitTestResult executionId="2a972149-95c9-43c3-9513-e6b31549a5c8" parentExecutionId="1123d5eb-6b18-425d-992e-01a32ed13256" testId="83c68223-dcaa-51dd-423f-434210a59f77" testName="second_person_tenses_active_negation" computerName="ARPAN-LAP" duration="00:00:00.0257711" startTime="2014-06-25T20:24:35.8678153+05:30" endTime="2014-06-25T20:24:35.8938168+05:30" testType="13cdc9d9-ddb5-4fa4-a97d-d965ccfc6d4b" outcome="Passed" testListId="8c84fa94-04c1-424b-9868-57a2d4851a1d" relativeResultsDirectory="1123d5eb-6b18-425d-992e-01a32ed13256" dataRowInfo="9" resultType="DataDrivenDataRow" />
      </InnerResults>
    </UnitTestResult>
    <UnitTestResult executionId="f47529c9-c0c9-4236-8176-c73a5f3ec90d" testId="8fe5ccb3-a3f4-0f61-ad21-e94ef029e900" testName="all_persons_modal_can_may" computerName="ARPAN-LAP" duration="00:00:00.7127352" startTime="2014-06-25T20:24:35.9258186+05:30" endTime="2014-06-25T20:24:36.7268644+05:30" testType="13cdc9d9-ddb5-4fa4-a97d-d965ccfc6d4b" outcome="Passed" testListId="8c84fa94-04c1-424b-9868-57a2d4851a1d" relativeResultsDirectory="f47529c9-c0c9-4236-8176-c73a5f3ec90d" resultType="DataDrivenTest">
      <Counters error="0" failed="0" timeout="0" aborted="0" inconclusive="0" passedButRunAborted="0" notRunnable="0" notExecuted="0" disconnected="0" warning="0" passed="29" completed="0" inProgress="0" pending="0" />
      <InnerResults>
        <UnitTestResult executionId="c6b1dbdb-e489-466f-8557-80690733ea7d" parentExecutionId="f47529c9-c0c9-4236-8176-c73a5f3ec90d" testId="8fe5ccb3-a3f4-0f61-ad21-e94ef029e900" testName="all_persons_modal_can_may" computerName="ARPAN-LAP" duration="00:00:00.0266165" startTime="2014-06-25T20:24:35.9348191+05:30" endTime="2014-06-25T20:24:35.9618206+05:30" testType="13cdc9d9-ddb5-4fa4-a97d-d965ccfc6d4b" outcome="Passed" testListId="8c84fa94-04c1-424b-9868-57a2d4851a1d" relativeResultsDirectory="f47529c9-c0c9-4236-8176-c73a5f3ec90d" dataRowInfo="0" resultType="DataDrivenDataRow" />
        <UnitTestResult executionId="9fe979dc-5a2d-4066-b85e-58ef6e21569a" parentExecutionId="f47529c9-c0c9-4236-8176-c73a5f3ec90d" testId="8fe5ccb3-a3f4-0f61-ad21-e94ef029e900" testName="all_persons_modal_can_may" computerName="ARPAN-LAP" duration="00:00:00.0220315" startTime="2014-06-25T20:24:35.9618206+05:30" endTime="2014-06-25T20:24:35.9838219+05:30" testType="13cdc9d9-ddb5-4fa4-a97d-d965ccfc6d4b" outcome="Passed" testListId="8c84fa94-04c1-424b-9868-57a2d4851a1d" relativeResultsDirectory="f47529c9-c0c9-4236-8176-c73a5f3ec90d" dataRowInfo="1" resultType="DataDrivenDataRow" />
        <UnitTestResult executionId="f7f14c6c-acec-43e7-9b24-bc6900ce423c" parentExecutionId="f47529c9-c0c9-4236-8176-c73a5f3ec90d" testId="8fe5ccb3-a3f4-0f61-ad21-e94ef029e900" testName="all_persons_modal_can_may" computerName="ARPAN-LAP" duration="00:00:00.0253390" startTime="2014-06-25T20:24:35.9838219+05:30" endTime="2014-06-25T20:24:36.0088233+05:30" testType="13cdc9d9-ddb5-4fa4-a97d-d965ccfc6d4b" outcome="Passed" testListId="8c84fa94-04c1-424b-9868-57a2d4851a1d" relativeResultsDirectory="f47529c9-c0c9-4236-8176-c73a5f3ec90d" dataRowInfo="2" resultType="DataDrivenDataRow" />
        <UnitTestResult executionId="c26dc91a-a833-41b3-a906-35d53da351ad" parentExecutionId="f47529c9-c0c9-4236-8176-c73a5f3ec90d" testId="8fe5ccb3-a3f4-0f61-ad21-e94ef029e900" testName="all_persons_modal_can_may" computerName="ARPAN-LAP" duration="00:00:00.0253010" startTime="2014-06-25T20:24:36.0088233+05:30" endTime="2014-06-25T20:24:36.0348248+05:30" testType="13cdc9d9-ddb5-4fa4-a97d-d965ccfc6d4b" outcome="Passed" testListId="8c84fa94-04c1-424b-9868-57a2d4851a1d" relativeResultsDirectory="f47529c9-c0c9-4236-8176-c73a5f3ec90d" dataRowInfo="3" resultType="DataDrivenDataRow" />
        <UnitTestResult executionId="5d968058-3cc9-49a9-be6e-367569c80ad4" parentExecutionId="f47529c9-c0c9-4236-8176-c73a5f3ec90d" testId="8fe5ccb3-a3f4-0f61-ad21-e94ef029e900" testName="all_persons_modal_can_may" computerName="ARPAN-LAP" duration="00:00:00.0250808" startTime="2014-06-25T20:24:36.0348248+05:30" endTime="2014-06-25T20:24:36.0598263+05:30" testType="13cdc9d9-ddb5-4fa4-a97d-d965ccfc6d4b" outcome="Passed" testListId="8c84fa94-04c1-424b-9868-57a2d4851a1d" relativeResultsDirectory="f47529c9-c0c9-4236-8176-c73a5f3ec90d" dataRowInfo="4" resultType="DataDrivenDataRow" />
        <UnitTestResult executionId="353433ae-2e02-4d73-83a5-eb203fbfa846" parentExecutionId="f47529c9-c0c9-4236-8176-c73a5f3ec90d" testId="8fe5ccb3-a3f4-0f61-ad21-e94ef029e900" testName="all_persons_modal_can_may" computerName="ARPAN-LAP" duration="00:00:00.0262336" startTime="2014-06-25T20:24:36.0598263+05:30" endTime="2014-06-25T20:24:36.0858277+05:30" testType="13cdc9d9-ddb5-4fa4-a97d-d965ccfc6d4b" outcome="Passed" testListId="8c84fa94-04c1-424b-9868-57a2d4851a1d" relativeResultsDirectory="f47529c9-c0c9-4236-8176-c73a5f3ec90d" dataRowInfo="5" resultType="DataDrivenDataRow" />
        <UnitTestResult executionId="ee3e3ee4-e45d-446d-bd6d-c27433afca2b" parentExecutionId="f47529c9-c0c9-4236-8176-c73a5f3ec90d" testId="8fe5ccb3-a3f4-0f61-ad21-e94ef029e900" testName="all_persons_modal_can_may" computerName="ARPAN-LAP" duration="00:00:00.0314463" startTime="2014-06-25T20:24:36.0858277+05:30" endTime="2014-06-25T20:24:36.1168295+05:30" testType="13cdc9d9-ddb5-4fa4-a97d-d965ccfc6d4b" outcome="Passed" testListId="8c84fa94-04c1-424b-9868-57a2d4851a1d" relativeResultsDirectory="f47529c9-c0c9-4236-8176-c73a5f3ec90d" dataRowInfo="6" resultType="DataDrivenDataRow" />
        <UnitTestResult executionId="db197533-e784-4b39-aaab-c323d3515daf" parentExecutionId="f47529c9-c0c9-4236-8176-c73a5f3ec90d" testId="8fe5ccb3-a3f4-0f61-ad21-e94ef029e900" testName="all_persons_modal_can_may" computerName="ARPAN-LAP" duration="00:00:00.0337930" startTime="2014-06-25T20:24:36.1168295+05:30" endTime="2014-06-25T20:24:36.1508315+05:30" testType="13cdc9d9-ddb5-4fa4-a97d-d965ccfc6d4b" outcome="Passed" testListId="8c84fa94-04c1-424b-9868-57a2d4851a1d" relativeResultsDirectory="f47529c9-c0c9-4236-8176-c73a5f3ec90d" dataRowInfo="7" resultType="DataDrivenDataRow" />
        <UnitTestResult executionId="393a8e58-c3e4-4732-be84-91164699721c" parentExecutionId="f47529c9-c0c9-4236-8176-c73a5f3ec90d" testId="8fe5ccb3-a3f4-0f61-ad21-e94ef029e900" testName="all_persons_modal_can_may" computerName="ARPAN-LAP" duration="00:00:00.0180716" startTime="2014-06-25T20:24:36.1508315+05:30" endTime="2014-06-25T20:24:36.1688325+05:30" testType="13cdc9d9-ddb5-4fa4-a97d-d965ccfc6d4b" outcome="Passed" testListId="8c84fa94-04c1-424b-9868-57a2d4851a1d" relativeResultsDirectory="f47529c9-c0c9-4236-8176-c73a5f3ec90d" dataRowInfo="8" resultType="DataDrivenDataRow" />
        <UnitTestResult executionId="cd5cb4be-0e19-4dd7-a1b1-ce9f75769d69" parentExecutionId="f47529c9-c0c9-4236-8176-c73a5f3ec90d" testId="8fe5ccb3-a3f4-0f61-ad21-e94ef029e900" testName="all_persons_modal_can_may" computerName="ARPAN-LAP" duration="00:00:00.0341605" startTime="2014-06-25T20:24:36.1688325+05:30" endTime="2014-06-25T20:24:36.2038345+05:30" testType="13cdc9d9-ddb5-4fa4-a97d-d965ccfc6d4b" outcome="Passed" testListId="8c84fa94-04c1-424b-9868-57a2d4851a1d" relativeResultsDirectory="f47529c9-c0c9-4236-8176-c73a5f3ec90d" dataRowInfo="9" resultType="DataDrivenDataRow" />
        <UnitTestResult executionId="1a28b07e-5439-416a-841c-d5914aab0378" parentExecutionId="f47529c9-c0c9-4236-8176-c73a5f3ec90d" testId="8fe5ccb3-a3f4-0f61-ad21-e94ef029e900" testName="all_persons_modal_can_may" computerName="ARPAN-LAP" duration="00:00:00.0260298" startTime="2014-06-25T20:24:36.2038345+05:30" endTime="2014-06-25T20:24:36.2298360+05:30" testType="13cdc9d9-ddb5-4fa4-a97d-d965ccfc6d4b" outcome="Passed" testListId="8c84fa94-04c1-424b-9868-57a2d4851a1d" relativeResultsDirectory="f47529c9-c0c9-4236-8176-c73a5f3ec90d" dataRowInfo="10" resultType="DataDrivenDataRow" />
        <UnitTestResult executionId="ba471a1f-23ca-4ae1-a38f-6c4b6be2d478" parentExecutionId="f47529c9-c0c9-4236-8176-c73a5f3ec90d" testId="8fe5ccb3-a3f4-0f61-ad21-e94ef029e900" testName="all_persons_modal_can_may" computerName="ARPAN-LAP" duration="00:00:00.0288415" startTime="2014-06-25T20:24:36.2298360+05:30" endTime="2014-06-25T20:24:36.2588376+05:30" testType="13cdc9d9-ddb5-4fa4-a97d-d965ccfc6d4b" outcome="Passed" testListId="8c84fa94-04c1-424b-9868-57a2d4851a1d" relativeResultsDirectory="f47529c9-c0c9-4236-8176-c73a5f3ec90d" dataRowInfo="11" resultType="DataDrivenDataRow" />
        <UnitTestResult executionId="976a03b6-1091-4cda-8991-3e7f96f82892" parentExecutionId="f47529c9-c0c9-4236-8176-c73a5f3ec90d" testId="8fe5ccb3-a3f4-0f61-ad21-e94ef029e900" testName="all_persons_modal_can_may" computerName="ARPAN-LAP" duration="00:00:00.0238520" startTime="2014-06-25T20:24:36.2588376+05:30" endTime="2014-06-25T20:24:36.2818390+05:30" testType="13cdc9d9-ddb5-4fa4-a97d-d965ccfc6d4b" outcome="Passed" testListId="8c84fa94-04c1-424b-9868-57a2d4851a1d" relativeResultsDirectory="f47529c9-c0c9-4236-8176-c73a5f3ec90d" dataRowInfo="12" resultType="DataDrivenDataRow" />
        <UnitTestResult executionId="2c564371-d37d-4065-b959-f908b30c9b59" parentExecutionId="f47529c9-c0c9-4236-8176-c73a5f3ec90d" testId="8fe5ccb3-a3f4-0f61-ad21-e94ef029e900" testName="all_persons_modal_can_may" computerName="ARPAN-LAP" duration="00:00:00.0241046" startTime="2014-06-25T20:24:36.2818390+05:30" endTime="2014-06-25T20:24:36.3068404+05:30" testType="13cdc9d9-ddb5-4fa4-a97d-d965ccfc6d4b" outcome="Passed" testListId="8c84fa94-04c1-424b-9868-57a2d4851a1d" relativeResultsDirectory="f47529c9-c0c9-4236-8176-c73a5f3ec90d" dataRowInfo="13" resultType="DataDrivenDataRow" />
        <UnitTestResult executionId="1804b317-0071-4fd7-ac3f-1e39358e7a09" parentExecutionId="f47529c9-c0c9-4236-8176-c73a5f3ec90d" testId="8fe5ccb3-a3f4-0f61-ad21-e94ef029e900" testName="all_persons_modal_can_may" computerName="ARPAN-LAP" duration="00:00:00.0234214" startTime="2014-06-25T20:24:36.3068404+05:30" endTime="2014-06-25T20:24:36.3298417+05:30" testType="13cdc9d9-ddb5-4fa4-a97d-d965ccfc6d4b" outcome="Passed" testListId="8c84fa94-04c1-424b-9868-57a2d4851a1d" relativeResultsDirectory="f47529c9-c0c9-4236-8176-c73a5f3ec90d" dataRowInfo="14" resultType="DataDrivenDataRow" />
        <UnitTestResult executionId="83355fe7-f350-4210-be40-4b45cdabc60f" parentExecutionId="f47529c9-c0c9-4236-8176-c73a5f3ec90d" testId="8fe5ccb3-a3f4-0f61-ad21-e94ef029e900" testName="all_persons_modal_can_may" computerName="ARPAN-LAP" duration="00:00:00.0249196" startTime="2014-06-25T20:24:36.3298417+05:30" endTime="2014-06-25T20:24:36.3548431+05:30" testType="13cdc9d9-ddb5-4fa4-a97d-d965ccfc6d4b" outcome="Passed" testListId="8c84fa94-04c1-424b-9868-57a2d4851a1d" relativeResultsDirectory="f47529c9-c0c9-4236-8176-c73a5f3ec90d" dataRowInfo="15" resultType="DataDrivenDataRow" />
        <UnitTestResult executionId="f1b381f6-fed7-47af-9be4-fffb3664d825" parentExecutionId="f47529c9-c0c9-4236-8176-c73a5f3ec90d" testId="8fe5ccb3-a3f4-0f61-ad21-e94ef029e900" testName="all_persons_modal_can_may" computerName="ARPAN-LAP" duration="00:00:00.0180126" startTime="2014-06-25T20:24:36.3548431+05:30" endTime="2014-06-25T20:24:36.3728442+05:30" testType="13cdc9d9-ddb5-4fa4-a97d-d965ccfc6d4b" outcome="Passed" testListId="8c84fa94-04c1-424b-9868-57a2d4851a1d" relativeResultsDirectory="f47529c9-c0c9-4236-8176-c73a5f3ec90d" dataRowInfo="16" resultType="DataDrivenDataRow" />
        <UnitTestResult executionId="b0b736d3-d2ba-4534-9e08-318324781bed" parentExecutionId="f47529c9-c0c9-4236-8176-c73a5f3ec90d" testId="8fe5ccb3-a3f4-0f61-ad21-e94ef029e900" testName="all_persons_modal_can_may" computerName="ARPAN-LAP" duration="00:00:00.0178576" startTime="2014-06-25T20:24:36.3728442+05:30" endTime="2014-06-25T20:24:36.3908452+05:30" testType="13cdc9d9-ddb5-4fa4-a97d-d965ccfc6d4b" outcome="Passed" testListId="8c84fa94-04c1-424b-9868-57a2d4851a1d" relativeResultsDirectory="f47529c9-c0c9-4236-8176-c73a5f3ec90d" dataRowInfo="17" resultType="DataDrivenDataRow" />
        <UnitTestResult executionId="0aabf7fc-f823-4139-9a21-8f480c9f8c60" parentExecutionId="f47529c9-c0c9-4236-8176-c73a5f3ec90d" testId="8fe5ccb3-a3f4-0f61-ad21-e94ef029e900" testName="all_persons_modal_can_may" computerName="ARPAN-LAP" duration="00:00:00.0184576" startTime="2014-06-25T20:24:36.3908452+05:30" endTime="2014-06-25T20:24:36.4098463+05:30" testType="13cdc9d9-ddb5-4fa4-a97d-d965ccfc6d4b" outcome="Passed" testListId="8c84fa94-04c1-424b-9868-57a2d4851a1d" relativeResultsDirectory="f47529c9-c0c9-4236-8176-c73a5f3ec90d" dataRowInfo="18" resultType="DataDrivenDataRow" />
        <UnitTestResult executionId="50fd4ccc-b4bd-4c53-a7f1-e55a9375ac63" parentExecutionId="f47529c9-c0c9-4236-8176-c73a5f3ec90d" testId="8fe5ccb3-a3f4-0f61-ad21-e94ef029e900" testName="all_persons_modal_can_may" computerName="ARPAN-LAP" duration="00:00:00.0192090" startTime="2014-06-25T20:24:36.4098463+05:30" endTime="2014-06-25T20:24:36.4288474+05:30" testType="13cdc9d9-ddb5-4fa4-a97d-d965ccfc6d4b" outcome="Passed" testListId="8c84fa94-04c1-424b-9868-57a2d4851a1d" relativeResultsDirectory="f47529c9-c0c9-4236-8176-c73a5f3ec90d" dataRowInfo="19" resultType="DataDrivenDataRow" />
        <UnitTestResult executionId="f4b1ed73-0a79-4aac-bc28-9b0b8fc82b31" parentExecutionId="f47529c9-c0c9-4236-8176-c73a5f3ec90d" testId="8fe5ccb3-a3f4-0f61-ad21-e94ef029e900" testName="all_persons_modal_can_may" computerName="ARPAN-LAP" duration="00:00:00.0240368" startTime="2014-06-25T20:24:36.4288474+05:30" endTime="2014-06-25T20:24:36.4528487+05:30" testType="13cdc9d9-ddb5-4fa4-a97d-d965ccfc6d4b" outcome="Passed" testListId="8c84fa94-04c1-424b-9868-57a2d4851a1d" relativeResultsDirectory="f47529c9-c0c9-4236-8176-c73a5f3ec90d" dataRowInfo="20" resultType="DataDrivenDataRow" />
        <UnitTestResult executionId="f5db812b-adaf-4063-855b-cd8e13903975" parentExecutionId="f47529c9-c0c9-4236-8176-c73a5f3ec90d" testId="8fe5ccb3-a3f4-0f61-ad21-e94ef029e900" testName="all_persons_modal_can_may" computerName="ARPAN-LAP" duration="00:00:00.0233608" startTime="2014-06-25T20:24:36.4528487+05:30" endTime="2014-06-25T20:24:36.4758500+05:30" testType="13cdc9d9-ddb5-4fa4-a97d-d965ccfc6d4b" outcome="Passed" testListId="8c84fa94-04c1-424b-9868-57a2d4851a1d" relativeResultsDirectory="f47529c9-c0c9-4236-8176-c73a5f3ec90d" dataRowInfo="21" resultType="DataDrivenDataRow" />
        <UnitTestResult executionId="8acf6cee-6428-41ba-8086-06ef1e3a681b" parentExecutionId="f47529c9-c0c9-4236-8176-c73a5f3ec90d" testId="8fe5ccb3-a3f4-0f61-ad21-e94ef029e900" testName="all_persons_modal_can_may" computerName="ARPAN-LAP" duration="00:00:00.0253739" startTime="2014-06-25T20:24:36.4758500+05:30" endTime="2014-06-25T20:24:36.5018515+05:30" testType="13cdc9d9-ddb5-4fa4-a97d-d965ccfc6d4b" outcome="Passed" testListId="8c84fa94-04c1-424b-9868-57a2d4851a1d" relativeResultsDirectory="f47529c9-c0c9-4236-8176-c73a5f3ec90d" dataRowInfo="22" resultType="DataDrivenDataRow" />
        <UnitTestResult executionId="2a594282-1763-496f-8d56-3e934b70145c" parentExecutionId="f47529c9-c0c9-4236-8176-c73a5f3ec90d" testId="8fe5ccb3-a3f4-0f61-ad21-e94ef029e900" testName="all_persons_modal_can_may" computerName="ARPAN-LAP" duration="00:00:00.0214566" startTime="2014-06-25T20:24:36.5018515+05:30" endTime="2014-06-25T20:24:36.5228527+05:30" testType="13cdc9d9-ddb5-4fa4-a97d-d965ccfc6d4b" outcome="Passed" testListId="8c84fa94-04c1-424b-9868-57a2d4851a1d" relativeResultsDirectory="f47529c9-c0c9-4236-8176-c73a5f3ec90d" dataRowInfo="23" resultType="DataDrivenDataRow" />
        <UnitTestResult executionId="12e9af1a-bc81-4b9d-a5dd-c5681184a19e" parentExecutionId="f47529c9-c0c9-4236-8176-c73a5f3ec90d" testId="8fe5ccb3-a3f4-0f61-ad21-e94ef029e900" testName="all_persons_modal_can_may" computerName="ARPAN-LAP" duration="00:00:00.0212010" startTime="2014-06-25T20:24:36.5228527+05:30" endTime="2014-06-25T20:24:36.5438539+05:30" testType="13cdc9d9-ddb5-4fa4-a97d-d965ccfc6d4b" outcome="Passed" testListId="8c84fa94-04c1-424b-9868-57a2d4851a1d" relativeResultsDirectory="f47529c9-c0c9-4236-8176-c73a5f3ec90d" dataRowInfo="24" resultType="DataDrivenDataRow" />
        <UnitTestResult executionId="0660ada3-05ac-4dbc-b7f1-5070312b6613" parentExecutionId="f47529c9-c0c9-4236-8176-c73a5f3ec90d" testId="8fe5ccb3-a3f4-0f61-ad21-e94ef029e900" testName="all_persons_modal_can_may" computerName="ARPAN-LAP" duration="00:00:00.0211527" startTime="2014-06-25T20:24:36.5438539+05:30" endTime="2014-06-25T20:24:36.5658552+05:30" testType="13cdc9d9-ddb5-4fa4-a97d-d965ccfc6d4b" outcome="Passed" testListId="8c84fa94-04c1-424b-9868-57a2d4851a1d" relativeResultsDirectory="f47529c9-c0c9-4236-8176-c73a5f3ec90d" dataRowInfo="25" resultType="DataDrivenDataRow" />
        <UnitTestResult executionId="2a0016a7-5b15-4914-9b0a-d77ca7fe4020" parentExecutionId="f47529c9-c0c9-4236-8176-c73a5f3ec90d" testId="8fe5ccb3-a3f4-0f61-ad21-e94ef029e900" testName="all_persons_modal_can_may" computerName="ARPAN-LAP" duration="00:00:00.0228311" startTime="2014-06-25T20:24:36.5658552+05:30" endTime="2014-06-25T20:24:36.5888565+05:30" testType="13cdc9d9-ddb5-4fa4-a97d-d965ccfc6d4b" outcome="Passed" testListId="8c84fa94-04c1-424b-9868-57a2d4851a1d" relativeResultsDirectory="f47529c9-c0c9-4236-8176-c73a5f3ec90d" dataRowInfo="26" resultType="DataDrivenDataRow" />
        <UnitTestResult executionId="6e0d066d-f560-46e1-b24d-67d9c2a8d815" parentExecutionId="f47529c9-c0c9-4236-8176-c73a5f3ec90d" testId="8fe5ccb3-a3f4-0f61-ad21-e94ef029e900" testName="all_persons_modal_can_may" computerName="ARPAN-LAP" duration="00:00:00.0267761" startTime="2014-06-25T20:24:36.5888565+05:30" endTime="2014-06-25T20:24:36.6148580+05:30" testType="13cdc9d9-ddb5-4fa4-a97d-d965ccfc6d4b" outcome="Passed" testListId="8c84fa94-04c1-424b-9868-57a2d4851a1d" relativeResultsDirectory="f47529c9-c0c9-4236-8176-c73a5f3ec90d" dataRowInfo="27" resultType="DataDrivenDataRow" />
        <UnitTestResult executionId="b6a0551c-8013-42a7-8479-a82363b4dfac" parentExecutionId="f47529c9-c0c9-4236-8176-c73a5f3ec90d" testId="8fe5ccb3-a3f4-0f61-ad21-e94ef029e900" testName="all_persons_modal_can_may" computerName="ARPAN-LAP" duration="00:00:00.0295324" startTime="2014-06-25T20:24:36.6148580+05:30" endTime="2014-06-25T20:24:36.6448597+05:30" testType="13cdc9d9-ddb5-4fa4-a97d-d965ccfc6d4b" outcome="Passed" testListId="8c84fa94-04c1-424b-9868-57a2d4851a1d" relativeResultsDirectory="f47529c9-c0c9-4236-8176-c73a5f3ec90d" dataRowInfo="28" resultType="DataDrivenDataRow" />
      </InnerResults>
    </UnitTestResult>
    <UnitTestResult executionId="31efa13a-0201-4cda-a712-8d3f280c494b" testId="921e6ab0-d7c2-6005-e523-6fd2d5e1a723" testName="first_person_tenses_active" computerName="ARPAN-LAP" duration="00:00:00.2419062" startTime="2014-06-25T20:24:36.7288645+05:30" endTime="2014-06-25T20:24:37.0038803+05:30" testType="13cdc9d9-ddb5-4fa4-a97d-d965ccfc6d4b" outcome="Passed" testListId="8c84fa94-04c1-424b-9868-57a2d4851a1d" relativeResultsDirectory="31efa13a-0201-4cda-a712-8d3f280c494b" resultType="DataDrivenTest">
      <Counters error="0" failed="0" timeout="0" aborted="0" inconclusive="0" passedButRunAborted="0" notRunnable="0" notExecuted="0" disconnected="0" warning="0" passed="10" completed="0" inProgress="0" pending="0" />
      <InnerResults>
        <UnitTestResult executionId="39d2a6ff-84fe-4d24-b9e8-fcd6857884ce" parentExecutionId="31efa13a-0201-4cda-a712-8d3f280c494b" testId="921e6ab0-d7c2-6005-e523-6fd2d5e1a723" testName="first_person_tenses_active" computerName="ARPAN-LAP" duration="00:00:00.0222332" startTime="2014-06-25T20:24:36.7338648+05:30" endTime="2014-06-25T20:24:36.7558661+05:30" testType="13cdc9d9-ddb5-4fa4-a97d-d965ccfc6d4b" outcome="Passed" testListId="8c84fa94-04c1-424b-9868-57a2d4851a1d" relativeResultsDirectory="31efa13a-0201-4cda-a712-8d3f280c494b" dataRowInfo="0" resultType="DataDrivenDataRow" />
        <UnitTestResult executionId="e0ac4d29-d109-4dc2-9fe0-35cd0d6d6dca" parentExecutionId="31efa13a-0201-4cda-a712-8d3f280c494b" testId="921e6ab0-d7c2-6005-e523-6fd2d5e1a723" testName="first_person_tenses_active" computerName="ARPAN-LAP" duration="00:00:00.0219242" startTime="2014-06-25T20:24:36.7558661+05:30" endTime="2014-06-25T20:24:36.7778673+05:30" testType="13cdc9d9-ddb5-4fa4-a97d-d965ccfc6d4b" outcome="Passed" testListId="8c84fa94-04c1-424b-9868-57a2d4851a1d" relativeResultsDirectory="31efa13a-0201-4cda-a712-8d3f280c494b" dataRowInfo="1" resultType="DataDrivenDataRow" />
        <UnitTestResult executionId="f6693575-dca3-42c4-8005-32ff6c3be462" parentExecutionId="31efa13a-0201-4cda-a712-8d3f280c494b" testId="921e6ab0-d7c2-6005-e523-6fd2d5e1a723" testName="first_person_tenses_active" computerName="ARPAN-LAP" duration="00:00:00.0235225" startTime="2014-06-25T20:24:36.7778673+05:30" endTime="2014-06-25T20:24:36.8018687+05:30" testType="13cdc9d9-ddb5-4fa4-a97d-d965ccfc6d4b" outcome="Passed" testListId="8c84fa94-04c1-424b-9868-57a2d4851a1d" relativeResultsDirectory="31efa13a-0201-4cda-a712-8d3f280c494b" dataRowInfo="2" resultType="DataDrivenDataRow" />
        <UnitTestResult executionId="16bd2e48-193b-4177-baf6-3004bdc98991" parentExecutionId="31efa13a-0201-4cda-a712-8d3f280c494b" testId="921e6ab0-d7c2-6005-e523-6fd2d5e1a723" testName="first_person_tenses_active" computerName="ARPAN-LAP" duration="00:00:00.0276040" startTime="2014-06-25T20:24:36.8018687+05:30" endTime="2014-06-25T20:24:36.8288702+05:30" testType="13cdc9d9-ddb5-4fa4-a97d-d965ccfc6d4b" outcome="Passed" testListId="8c84fa94-04c1-424b-9868-57a2d4851a1d" relativeResultsDirectory="31efa13a-0201-4cda-a712-8d3f280c494b" dataRowInfo="3" resultType="DataDrivenDataRow" />
        <UnitTestResult executionId="77e64790-9a19-4031-a432-f9cb77ba887e" parentExecutionId="31efa13a-0201-4cda-a712-8d3f280c494b" testId="921e6ab0-d7c2-6005-e523-6fd2d5e1a723" testName="first_person_tenses_active" computerName="ARPAN-LAP" duration="00:00:00.0194035" startTime="2014-06-25T20:24:36.8288702+05:30" endTime="2014-06-25T20:24:36.8488714+05:30" testType="13cdc9d9-ddb5-4fa4-a97d-d965ccfc6d4b" outcome="Passed" testListId="8c84fa94-04c1-424b-9868-57a2d4851a1d" relativeResultsDirectory="31efa13a-0201-4cda-a712-8d3f280c494b" dataRowInfo="4" resultType="DataDrivenDataRow" />
        <UnitTestResult executionId="9e0064ee-527e-4dcd-ab72-5f14202186cb" parentExecutionId="31efa13a-0201-4cda-a712-8d3f280c494b" testId="921e6ab0-d7c2-6005-e523-6fd2d5e1a723" testName="first_person_tenses_active" computerName="ARPAN-LAP" duration="00:00:00.0242154" startTime="2014-06-25T20:24:36.8488714+05:30" endTime="2014-06-25T20:24:36.8728728+05:30" testType="13cdc9d9-ddb5-4fa4-a97d-d965ccfc6d4b" outcome="Passed" testListId="8c84fa94-04c1-424b-9868-57a2d4851a1d" relativeResultsDirectory="31efa13a-0201-4cda-a712-8d3f280c494b" dataRowInfo="5" resultType="DataDrivenDataRow" />
        <UnitTestResult executionId="58c287bb-ce34-499a-8327-d2b8aa550d78" parentExecutionId="31efa13a-0201-4cda-a712-8d3f280c494b" testId="921e6ab0-d7c2-6005-e523-6fd2d5e1a723" testName="first_person_tenses_active" computerName="ARPAN-LAP" duration="00:00:00.0226489" startTime="2014-06-25T20:24:36.8728728+05:30" endTime="2014-06-25T20:24:36.8958741+05:30" testType="13cdc9d9-ddb5-4fa4-a97d-d965ccfc6d4b" outcome="Passed" testListId="8c84fa94-04c1-424b-9868-57a2d4851a1d" relativeResultsDirectory="31efa13a-0201-4cda-a712-8d3f280c494b" dataRowInfo="6" resultType="DataDrivenDataRow" />
        <UnitTestResult executionId="06237963-115d-4232-b4cb-b2d9d81e0328" parentExecutionId="31efa13a-0201-4cda-a712-8d3f280c494b" testId="921e6ab0-d7c2-6005-e523-6fd2d5e1a723" testName="first_person_tenses_active" computerName="ARPAN-LAP" duration="00:00:00.0279325" startTime="2014-06-25T20:24:36.8958741+05:30" endTime="2014-06-25T20:24:36.9238757+05:30" testType="13cdc9d9-ddb5-4fa4-a97d-d965ccfc6d4b" outcome="Passed" testListId="8c84fa94-04c1-424b-9868-57a2d4851a1d" relativeResultsDirectory="31efa13a-0201-4cda-a712-8d3f280c494b" dataRowInfo="7" resultType="DataDrivenDataRow" />
        <UnitTestResult executionId="aa91ccf3-a39d-41bb-94d0-997f0a5f072b" parentExecutionId="31efa13a-0201-4cda-a712-8d3f280c494b" testId="921e6ab0-d7c2-6005-e523-6fd2d5e1a723" testName="first_person_tenses_active" computerName="ARPAN-LAP" duration="00:00:00.0241405" startTime="2014-06-25T20:24:36.9238757+05:30" endTime="2014-06-25T20:24:36.9478770+05:30" testType="13cdc9d9-ddb5-4fa4-a97d-d965ccfc6d4b" outcome="Passed" testListId="8c84fa94-04c1-424b-9868-57a2d4851a1d" relativeResultsDirectory="31efa13a-0201-4cda-a712-8d3f280c494b" dataRowInfo="8" resultType="DataDrivenDataRow" />
        <UnitTestResult executionId="d42d600d-886a-44c5-a4c2-187f338bf2c2" parentExecutionId="31efa13a-0201-4cda-a712-8d3f280c494b" testId="921e6ab0-d7c2-6005-e523-6fd2d5e1a723" testName="first_person_tenses_active" computerName="ARPAN-LAP" duration="00:00:00.0260088" startTime="2014-06-25T20:24:36.9478770+05:30" endTime="2014-06-25T20:24:36.9738785+05:30" testType="13cdc9d9-ddb5-4fa4-a97d-d965ccfc6d4b" outcome="Passed" testListId="8c84fa94-04c1-424b-9868-57a2d4851a1d" relativeResultsDirectory="31efa13a-0201-4cda-a712-8d3f280c494b" dataRowInfo="9" resultType="DataDrivenDataRow" />
      </InnerResults>
    </UnitTestResult>
    <UnitTestResult executionId="68685e7c-9a50-4abf-8fc0-e45684b02b22" testId="9319d01e-de3e-d310-c76e-cae8dce4c924" testName="all_persons_modal_should_negation" computerName="ARPAN-LAP" duration="00:00:00.5231622" startTime="2014-06-25T20:24:37.0058804+05:30" endTime="2014-06-25T20:24:37.5849135+05:30" testType="13cdc9d9-ddb5-4fa4-a97d-d965ccfc6d4b" outcome="Passed" testListId="8c84fa94-04c1-424b-9868-57a2d4851a1d" relativeResultsDirectory="68685e7c-9a50-4abf-8fc0-e45684b02b22" resultType="DataDrivenTest">
      <Counters error="0" failed="0" timeout="0" aborted="0" inconclusive="0" passedButRunAborted="0" notRunnable="0" notExecuted="0" disconnected="0" warning="0" passed="17" completed="0" inProgress="0" pending="0" />
      <InnerResults>
        <UnitTestResult executionId="150d2992-b01d-470e-9acc-e1c6b5b45ce8" parentExecutionId="68685e7c-9a50-4abf-8fc0-e45684b02b22" testId="9319d01e-de3e-d310-c76e-cae8dce4c924" testName="all_persons_modal_should_negation" computerName="ARPAN-LAP" duration="00:00:00.0328142" startTime="2014-06-25T20:24:37.0168810+05:30" endTime="2014-06-25T20:24:37.0498829+05:30" testType="13cdc9d9-ddb5-4fa4-a97d-d965ccfc6d4b" outcome="Passed" testListId="8c84fa94-04c1-424b-9868-57a2d4851a1d" relativeResultsDirectory="68685e7c-9a50-4abf-8fc0-e45684b02b22" dataRowInfo="0" resultType="DataDrivenDataRow" />
        <UnitTestResult executionId="56a63dbc-9ebb-446b-b861-431ab7401425" parentExecutionId="68685e7c-9a50-4abf-8fc0-e45684b02b22" testId="9319d01e-de3e-d310-c76e-cae8dce4c924" testName="all_persons_modal_should_negation" computerName="ARPAN-LAP" duration="00:00:00.0427336" startTime="2014-06-25T20:24:37.0498829+05:30" endTime="2014-06-25T20:24:37.0928853+05:30" testType="13cdc9d9-ddb5-4fa4-a97d-d965ccfc6d4b" outcome="Passed" testListId="8c84fa94-04c1-424b-9868-57a2d4851a1d" relativeResultsDirectory="68685e7c-9a50-4abf-8fc0-e45684b02b22" dataRowInfo="1" resultType="DataDrivenDataRow" />
        <UnitTestResult executionId="9e4c1d4a-fd5a-44dc-aa8b-6026d7d83ee0" parentExecutionId="68685e7c-9a50-4abf-8fc0-e45684b02b22" testId="9319d01e-de3e-d310-c76e-cae8dce4c924" testName="all_persons_modal_should_negation" computerName="ARPAN-LAP" duration="00:00:00.0300682" startTime="2014-06-25T20:24:37.0928853+05:30" endTime="2014-06-25T20:24:37.1228871+05:30" testType="13cdc9d9-ddb5-4fa4-a97d-d965ccfc6d4b" outcome="Passed" testListId="8c84fa94-04c1-424b-9868-57a2d4851a1d" relativeResultsDirectory="68685e7c-9a50-4abf-8fc0-e45684b02b22" dataRowInfo="2" resultType="DataDrivenDataRow" />
        <UnitTestResult executionId="72e58a11-44ef-41f1-982a-1aace67a5b02" parentExecutionId="68685e7c-9a50-4abf-8fc0-e45684b02b22" testId="9319d01e-de3e-d310-c76e-cae8dce4c924" testName="all_persons_modal_should_negation" computerName="ARPAN-LAP" duration="00:00:00.0345218" startTime="2014-06-25T20:24:37.1228871+05:30" endTime="2014-06-25T20:24:37.1568890+05:30" testType="13cdc9d9-ddb5-4fa4-a97d-d965ccfc6d4b" outcome="Passed" testListId="8c84fa94-04c1-424b-9868-57a2d4851a1d" relativeResultsDirectory="68685e7c-9a50-4abf-8fc0-e45684b02b22" dataRowInfo="3" resultType="DataDrivenDataRow" />
        <UnitTestResult executionId="14a65d53-8312-4d7b-8694-6fb02c80def6" parentExecutionId="68685e7c-9a50-4abf-8fc0-e45684b02b22" testId="9319d01e-de3e-d310-c76e-cae8dce4c924" testName="all_persons_modal_should_negation" computerName="ARPAN-LAP" duration="00:00:00.0223369" startTime="2014-06-25T20:24:37.1568890+05:30" endTime="2014-06-25T20:24:37.1798903+05:30" testType="13cdc9d9-ddb5-4fa4-a97d-d965ccfc6d4b" outcome="Passed" testListId="8c84fa94-04c1-424b-9868-57a2d4851a1d" relativeResultsDirectory="68685e7c-9a50-4abf-8fc0-e45684b02b22" dataRowInfo="4" resultType="DataDrivenDataRow" />
        <UnitTestResult executionId="0d0f5b25-0726-4c1f-af4f-36311cc3f756" parentExecutionId="68685e7c-9a50-4abf-8fc0-e45684b02b22" testId="9319d01e-de3e-d310-c76e-cae8dce4c924" testName="all_persons_modal_should_negation" computerName="ARPAN-LAP" duration="00:00:00.0260873" startTime="2014-06-25T20:24:37.1798903+05:30" endTime="2014-06-25T20:24:37.2058918+05:30" testType="13cdc9d9-ddb5-4fa4-a97d-d965ccfc6d4b" outcome="Passed" testListId="8c84fa94-04c1-424b-9868-57a2d4851a1d" relativeResultsDirectory="68685e7c-9a50-4abf-8fc0-e45684b02b22" dataRowInfo="5" resultType="DataDrivenDataRow" />
        <UnitTestResult executionId="f213f703-896c-43fa-a1e8-b7b18a28891e" parentExecutionId="68685e7c-9a50-4abf-8fc0-e45684b02b22" testId="9319d01e-de3e-d310-c76e-cae8dce4c924" testName="all_persons_modal_should_negation" computerName="ARPAN-LAP" duration="00:00:00.0278083" startTime="2014-06-25T20:24:37.2058918+05:30" endTime="2014-06-25T20:24:37.2338934+05:30" testType="13cdc9d9-ddb5-4fa4-a97d-d965ccfc6d4b" outcome="Passed" testListId="8c84fa94-04c1-424b-9868-57a2d4851a1d" relativeResultsDirectory="68685e7c-9a50-4abf-8fc0-e45684b02b22" dataRowInfo="6" resultType="DataDrivenDataRow" />
        <UnitTestResult executionId="3f1ea702-2352-4d2d-8ff9-c4a373633146" parentExecutionId="68685e7c-9a50-4abf-8fc0-e45684b02b22" testId="9319d01e-de3e-d310-c76e-cae8dce4c924" testName="all_persons_modal_should_negation" computerName="ARPAN-LAP" duration="00:00:00.0308289" startTime="2014-06-25T20:24:37.2338934+05:30" endTime="2014-06-25T20:24:37.2648952+05:30" testType="13cdc9d9-ddb5-4fa4-a97d-d965ccfc6d4b" outcome="Passed" testListId="8c84fa94-04c1-424b-9868-57a2d4851a1d" relativeResultsDirectory="68685e7c-9a50-4abf-8fc0-e45684b02b22" dataRowInfo="7" resultType="DataDrivenDataRow" />
        <UnitTestResult executionId="64b7db97-4687-4baa-ab86-9bb4c215e464" parentExecutionId="68685e7c-9a50-4abf-8fc0-e45684b02b22" testId="9319d01e-de3e-d310-c76e-cae8dce4c924" testName="all_persons_modal_should_negation" computerName="ARPAN-LAP" duration="00:00:00.0207811" startTime="2014-06-25T20:24:37.2648952+05:30" endTime="2014-06-25T20:24:37.2848963+05:30" testType="13cdc9d9-ddb5-4fa4-a97d-d965ccfc6d4b" outcome="Passed" testListId="8c84fa94-04c1-424b-9868-57a2d4851a1d" relativeResultsDirectory="68685e7c-9a50-4abf-8fc0-e45684b02b22" dataRowInfo="8" resultType="DataDrivenDataRow" />
        <UnitTestResult executionId="69ef401e-9a9f-4ccb-803f-8c53e2eb2ebe" parentExecutionId="68685e7c-9a50-4abf-8fc0-e45684b02b22" testId="9319d01e-de3e-d310-c76e-cae8dce4c924" testName="all_persons_modal_should_negation" computerName="ARPAN-LAP" duration="00:00:00.0263244" startTime="2014-06-25T20:24:37.2858964+05:30" endTime="2014-06-25T20:24:37.3118979+05:30" testType="13cdc9d9-ddb5-4fa4-a97d-d965ccfc6d4b" outcome="Passed" testListId="8c84fa94-04c1-424b-9868-57a2d4851a1d" relativeResultsDirectory="68685e7c-9a50-4abf-8fc0-e45684b02b22" dataRowInfo="9" resultType="DataDrivenDataRow" />
        <UnitTestResult executionId="51f74cd0-d653-4ab3-8c38-bf3264706341" parentExecutionId="68685e7c-9a50-4abf-8fc0-e45684b02b22" testId="9319d01e-de3e-d310-c76e-cae8dce4c924" testName="all_persons_modal_should_negation" computerName="ARPAN-LAP" duration="00:00:00.0258086" startTime="2014-06-25T20:24:37.3118979+05:30" endTime="2014-06-25T20:24:37.3378994+05:30" testType="13cdc9d9-ddb5-4fa4-a97d-d965ccfc6d4b" outcome="Passed" testListId="8c84fa94-04c1-424b-9868-57a2d4851a1d" relativeResultsDirectory="68685e7c-9a50-4abf-8fc0-e45684b02b22" dataRowInfo="10" resultType="DataDrivenDataRow" />
        <UnitTestResult executionId="2564ac00-4cf3-4f12-a419-beb70a008434" parentExecutionId="68685e7c-9a50-4abf-8fc0-e45684b02b22" testId="9319d01e-de3e-d310-c76e-cae8dce4c924" testName="all_persons_modal_should_negation" computerName="ARPAN-LAP" duration="00:00:00.0444248" startTime="2014-06-25T20:24:37.3378994+05:30" endTime="2014-06-25T20:24:37.3819019+05:30" testType="13cdc9d9-ddb5-4fa4-a97d-d965ccfc6d4b" outcome="Passed" testListId="8c84fa94-04c1-424b-9868-57a2d4851a1d" relativeResultsDirectory="68685e7c-9a50-4abf-8fc0-e45684b02b22" dataRowInfo="11" resultType="DataDrivenDataRow" />
        <UnitTestResult executionId="c2f6a394-d02f-4894-bce4-090a58085119" parentExecutionId="68685e7c-9a50-4abf-8fc0-e45684b02b22" testId="9319d01e-de3e-d310-c76e-cae8dce4c924" testName="all_persons_modal_should_negation" computerName="ARPAN-LAP" duration="00:00:00.0363794" startTime="2014-06-25T20:24:37.3819019+05:30" endTime="2014-06-25T20:24:37.4189040+05:30" testType="13cdc9d9-ddb5-4fa4-a97d-d965ccfc6d4b" outcome="Passed" testListId="8c84fa94-04c1-424b-9868-57a2d4851a1d" relativeResultsDirectory="68685e7c-9a50-4abf-8fc0-e45684b02b22" dataRowInfo="12" resultType="DataDrivenDataRow" />
        <UnitTestResult executionId="db8529ec-1648-4081-bda0-248b27213a7b" parentExecutionId="68685e7c-9a50-4abf-8fc0-e45684b02b22" testId="9319d01e-de3e-d310-c76e-cae8dce4c924" testName="all_persons_modal_should_negation" computerName="ARPAN-LAP" duration="00:00:00.0324842" startTime="2014-06-25T20:24:37.4189040+05:30" endTime="2014-06-25T20:24:37.4509058+05:30" testType="13cdc9d9-ddb5-4fa4-a97d-d965ccfc6d4b" outcome="Passed" testListId="8c84fa94-04c1-424b-9868-57a2d4851a1d" relativeResultsDirectory="68685e7c-9a50-4abf-8fc0-e45684b02b22" dataRowInfo="13" resultType="DataDrivenDataRow" />
        <UnitTestResult executionId="63b5871c-c590-4088-923d-b05b6e66175a" parentExecutionId="68685e7c-9a50-4abf-8fc0-e45684b02b22" testId="9319d01e-de3e-d310-c76e-cae8dce4c924" testName="all_persons_modal_should_negation" computerName="ARPAN-LAP" duration="00:00:00.0282795" startTime="2014-06-25T20:24:37.4509058+05:30" endTime="2014-06-25T20:24:37.4789074+05:30" testType="13cdc9d9-ddb5-4fa4-a97d-d965ccfc6d4b" outcome="Passed" testListId="8c84fa94-04c1-424b-9868-57a2d4851a1d" relativeResultsDirectory="68685e7c-9a50-4abf-8fc0-e45684b02b22" dataRowInfo="14" resultType="DataDrivenDataRow" />
        <UnitTestResult executionId="a477f874-64d5-47cd-9417-4aaf90b3edef" parentExecutionId="68685e7c-9a50-4abf-8fc0-e45684b02b22" testId="9319d01e-de3e-d310-c76e-cae8dce4c924" testName="all_persons_modal_should_negation" computerName="ARPAN-LAP" duration="00:00:00.0249207" startTime="2014-06-25T20:24:37.4799075+05:30" endTime="2014-06-25T20:24:37.5049089+05:30" testType="13cdc9d9-ddb5-4fa4-a97d-d965ccfc6d4b" outcome="Passed" testListId="8c84fa94-04c1-424b-9868-57a2d4851a1d" relativeResultsDirectory="68685e7c-9a50-4abf-8fc0-e45684b02b22" dataRowInfo="15" resultType="DataDrivenDataRow" />
        <UnitTestResult executionId="1e5f7c41-9f62-4360-b485-5892fde1251e" parentExecutionId="68685e7c-9a50-4abf-8fc0-e45684b02b22" testId="9319d01e-de3e-d310-c76e-cae8dce4c924" testName="all_persons_modal_should_negation" computerName="ARPAN-LAP" duration="00:00:00.0309254" startTime="2014-06-25T20:24:37.5049089+05:30" endTime="2014-06-25T20:24:37.5359107+05:30" testType="13cdc9d9-ddb5-4fa4-a97d-d965ccfc6d4b" outcome="Passed" testListId="8c84fa94-04c1-424b-9868-57a2d4851a1d" relativeResultsDirectory="68685e7c-9a50-4abf-8fc0-e45684b02b22" dataRowInfo="16" resultType="DataDrivenDataRow" />
      </InnerResults>
    </UnitTestResult>
    <UnitTestResult executionId="ccb94ecd-ffd3-4c98-8ed1-192ac6a29941" testId="97a1371f-e8e6-db3e-323e-49ffeef32df1" testName="interrogative_sentences_which" computerName="ARPAN-LAP" duration="00:00:00.0501006" startTime="2014-06-25T20:24:37.5859135+05:30" endTime="2014-06-25T20:24:37.6539174+05:30" testType="13cdc9d9-ddb5-4fa4-a97d-d965ccfc6d4b" outcome="Passed" testListId="8c84fa94-04c1-424b-9868-57a2d4851a1d" relativeResultsDirectory="ccb94ecd-ffd3-4c98-8ed1-192ac6a29941" resultType="DataDrivenTest">
      <Counters error="0" failed="0" timeout="0" aborted="0" inconclusive="0" passedButRunAborted="0" notRunnable="0" notExecuted="0" disconnected="0" warning="0" passed="2" completed="0" inProgress="0" pending="0" />
      <InnerResults>
        <UnitTestResult executionId="309f581b-8044-4809-97b3-22872f126e72" parentExecutionId="ccb94ecd-ffd3-4c98-8ed1-192ac6a29941" testId="97a1371f-e8e6-db3e-323e-49ffeef32df1" testName="interrogative_sentences_which" computerName="ARPAN-LAP" duration="00:00:00.0212000" startTime="2014-06-25T20:24:37.5989143+05:30" endTime="2014-06-25T20:24:37.6199155+05:30" testType="13cdc9d9-ddb5-4fa4-a97d-d965ccfc6d4b" outcome="Passed" testListId="8c84fa94-04c1-424b-9868-57a2d4851a1d" relativeResultsDirectory="ccb94ecd-ffd3-4c98-8ed1-192ac6a29941" dataRowInfo="0" resultType="DataDrivenDataRow" />
        <UnitTestResult executionId="9aa789a3-7280-4d31-ae3e-4956867441a9" parentExecutionId="ccb94ecd-ffd3-4c98-8ed1-192ac6a29941" testId="97a1371f-e8e6-db3e-323e-49ffeef32df1" testName="interrogative_sentences_which" computerName="ARPAN-LAP" duration="00:00:00.0254093" startTime="2014-06-25T20:24:37.6199155+05:30" endTime="2014-06-25T20:24:37.6449169+05:30" testType="13cdc9d9-ddb5-4fa4-a97d-d965ccfc6d4b" outcome="Passed" testListId="8c84fa94-04c1-424b-9868-57a2d4851a1d" relativeResultsDirectory="ccb94ecd-ffd3-4c98-8ed1-192ac6a29941" dataRowInfo="1" resultType="DataDrivenDataRow" />
      </InnerResults>
    </UnitTestResult>
    <UnitTestResult executionId="8a20abbe-50d4-4210-83c2-67c81412601f" testId="b9261b51-b0a2-10e2-9308-22bb2624de8b" testName="interrogative_sentences_where" computerName="ARPAN-LAP" duration="00:00:00.0790920" startTime="2014-06-25T20:24:37.6569176+05:30" endTime="2014-06-25T20:24:37.7509230+05:30" testType="13cdc9d9-ddb5-4fa4-a97d-d965ccfc6d4b" outcome="Passed" testListId="8c84fa94-04c1-424b-9868-57a2d4851a1d" relativeResultsDirectory="8a20abbe-50d4-4210-83c2-67c81412601f" resultType="DataDrivenTest">
      <Counters error="0" failed="0" timeout="0" aborted="0" inconclusive="0" passedButRunAborted="0" notRunnable="0" notExecuted="0" disconnected="0" warning="0" passed="3" completed="0" inProgress="0" pending="0" />
      <InnerResults>
        <UnitTestResult executionId="fbd6ef0b-a976-4629-b271-4820c024aef8" parentExecutionId="8a20abbe-50d4-4210-83c2-67c81412601f" testId="b9261b51-b0a2-10e2-9308-22bb2624de8b" testName="interrogative_sentences_where" computerName="ARPAN-LAP" duration="00:00:00.0238330" startTime="2014-06-25T20:24:37.6619179+05:30" endTime="2014-06-25T20:24:37.6859193+05:30" testType="13cdc9d9-ddb5-4fa4-a97d-d965ccfc6d4b" outcome="Passed" testListId="8c84fa94-04c1-424b-9868-57a2d4851a1d" relativeResultsDirectory="8a20abbe-50d4-4210-83c2-67c81412601f" dataRowInfo="0" resultType="DataDrivenDataRow" />
        <UnitTestResult executionId="64f5cb63-781d-4942-9f6a-ce76e4ee875f" parentExecutionId="8a20abbe-50d4-4210-83c2-67c81412601f" testId="b9261b51-b0a2-10e2-9308-22bb2624de8b" testName="interrogative_sentences_where" computerName="ARPAN-LAP" duration="00:00:00.0252461" startTime="2014-06-25T20:24:37.6859193+05:30" endTime="2014-06-25T20:24:37.7109207+05:30" testType="13cdc9d9-ddb5-4fa4-a97d-d965ccfc6d4b" outcome="Passed" testListId="8c84fa94-04c1-424b-9868-57a2d4851a1d" relativeResultsDirectory="8a20abbe-50d4-4210-83c2-67c81412601f" dataRowInfo="1" resultType="DataDrivenDataRow" />
        <UnitTestResult executionId="4dd77a1e-f4f4-418c-9b9d-22fa5a637256" parentExecutionId="8a20abbe-50d4-4210-83c2-67c81412601f" testId="b9261b51-b0a2-10e2-9308-22bb2624de8b" testName="interrogative_sentences_where" computerName="ARPAN-LAP" duration="00:00:00.0281784" startTime="2014-06-25T20:24:37.7109207+05:30" endTime="2014-06-25T20:24:37.7389223+05:30" testType="13cdc9d9-ddb5-4fa4-a97d-d965ccfc6d4b" outcome="Passed" testListId="8c84fa94-04c1-424b-9868-57a2d4851a1d" relativeResultsDirectory="8a20abbe-50d4-4210-83c2-67c81412601f" dataRowInfo="2" resultType="DataDrivenDataRow" />
      </InnerResults>
    </UnitTestResult>
    <UnitTestResult executionId="eb1961f2-19db-42ba-ad1a-392e64829422" testId="bdfe92b2-f4ac-73a5-f13d-5c1ea13721b4" testName="all_persons_tenses_passive_negation" computerName="ARPAN-LAP" duration="00:00:00.3206446" startTime="2014-06-25T20:24:37.7539232+05:30" endTime="2014-06-25T20:24:38.1099435+05:30" testType="13cdc9d9-ddb5-4fa4-a97d-d965ccfc6d4b" outcome="Passed" testListId="8c84fa94-04c1-424b-9868-57a2d4851a1d" relativeResultsDirectory="eb1961f2-19db-42ba-ad1a-392e64829422" resultType="DataDrivenTest">
      <Counters error="0" failed="0" timeout="0" aborted="0" inconclusive="0" passedButRunAborted="0" notRunnable="0" notExecuted="0" disconnected="0" warning="0" passed="10" completed="0" inProgress="0" pending="0" />
      <InnerResults>
        <UnitTestResult executionId="45e38689-8aa1-4b13-9841-efc90756332c" parentExecutionId="eb1961f2-19db-42ba-ad1a-392e64829422" testId="bdfe92b2-f4ac-73a5-f13d-5c1ea13721b4" testName="all_persons_tenses_passive_negation" computerName="ARPAN-LAP" duration="00:00:00.0255910" startTime="2014-06-25T20:24:37.7609236+05:30" endTime="2014-06-25T20:24:37.7869250+05:30" testType="13cdc9d9-ddb5-4fa4-a97d-d965ccfc6d4b" outcome="Passed" testListId="8c84fa94-04c1-424b-9868-57a2d4851a1d" relativeResultsDirectory="eb1961f2-19db-42ba-ad1a-392e64829422" dataRowInfo="0" resultType="DataDrivenDataRow" />
        <UnitTestResult executionId="5c2d1a51-17d3-4d5d-b990-e09b80d0d1aa" parentExecutionId="eb1961f2-19db-42ba-ad1a-392e64829422" testId="bdfe92b2-f4ac-73a5-f13d-5c1ea13721b4" testName="all_persons_tenses_passive_negation" computerName="ARPAN-LAP" duration="00:00:00.0273227" startTime="2014-06-25T20:24:37.7869250+05:30" endTime="2014-06-25T20:24:37.8139266+05:30" testType="13cdc9d9-ddb5-4fa4-a97d-d965ccfc6d4b" outcome="Passed" testListId="8c84fa94-04c1-424b-9868-57a2d4851a1d" relativeResultsDirectory="eb1961f2-19db-42ba-ad1a-392e64829422" dataRowInfo="1" resultType="DataDrivenDataRow" />
        <UnitTestResult executionId="ab3f8818-40d4-42e4-8fc8-32df6d0333c8" parentExecutionId="eb1961f2-19db-42ba-ad1a-392e64829422" testId="bdfe92b2-f4ac-73a5-f13d-5c1ea13721b4" testName="all_persons_tenses_passive_negation" computerName="ARPAN-LAP" duration="00:00:00.0293507" startTime="2014-06-25T20:24:37.8139266+05:30" endTime="2014-06-25T20:24:37.8429282+05:30" testType="13cdc9d9-ddb5-4fa4-a97d-d965ccfc6d4b" outcome="Passed" testListId="8c84fa94-04c1-424b-9868-57a2d4851a1d" relativeResultsDirectory="eb1961f2-19db-42ba-ad1a-392e64829422" dataRowInfo="2" resultType="DataDrivenDataRow" />
        <UnitTestResult executionId="e7b7428a-2294-400f-a33c-b3a70788d0df" parentExecutionId="eb1961f2-19db-42ba-ad1a-392e64829422" testId="bdfe92b2-f4ac-73a5-f13d-5c1ea13721b4" testName="all_persons_tenses_passive_negation" computerName="ARPAN-LAP" duration="00:00:00.0461391" startTime="2014-06-25T20:24:37.8429282+05:30" endTime="2014-06-25T20:24:37.8899309+05:30" testType="13cdc9d9-ddb5-4fa4-a97d-d965ccfc6d4b" outcome="Passed" testListId="8c84fa94-04c1-424b-9868-57a2d4851a1d" relativeResultsDirectory="eb1961f2-19db-42ba-ad1a-392e64829422" dataRowInfo="3" resultType="DataDrivenDataRow" />
        <UnitTestResult executionId="9844b338-0682-428d-9c7b-bc7baa67b880" parentExecutionId="eb1961f2-19db-42ba-ad1a-392e64829422" testId="bdfe92b2-f4ac-73a5-f13d-5c1ea13721b4" testName="all_persons_tenses_passive_negation" computerName="ARPAN-LAP" duration="00:00:00.0317887" startTime="2014-06-25T20:24:37.8899309+05:30" endTime="2014-06-25T20:24:37.9209327+05:30" testType="13cdc9d9-ddb5-4fa4-a97d-d965ccfc6d4b" outcome="Passed" testListId="8c84fa94-04c1-424b-9868-57a2d4851a1d" relativeResultsDirectory="eb1961f2-19db-42ba-ad1a-392e64829422" dataRowInfo="4" resultType="DataDrivenDataRow" />
        <UnitTestResult executionId="8e686238-037f-4b87-b7af-612ba3a0cfec" parentExecutionId="eb1961f2-19db-42ba-ad1a-392e64829422" testId="bdfe92b2-f4ac-73a5-f13d-5c1ea13721b4" testName="all_persons_tenses_passive_negation" computerName="ARPAN-LAP" duration="00:00:00.0308217" startTime="2014-06-25T20:24:37.9219328+05:30" endTime="2014-06-25T20:24:37.9519345+05:30" testType="13cdc9d9-ddb5-4fa4-a97d-d965ccfc6d4b" outcome="Passed" testListId="8c84fa94-04c1-424b-9868-57a2d4851a1d" relativeResultsDirectory="eb1961f2-19db-42ba-ad1a-392e64829422" dataRowInfo="5" resultType="DataDrivenDataRow" />
        <UnitTestResult executionId="59a919bb-3128-4e16-84f1-7a71f6b892d5" parentExecutionId="eb1961f2-19db-42ba-ad1a-392e64829422" testId="bdfe92b2-f4ac-73a5-f13d-5c1ea13721b4" testName="all_persons_tenses_passive_negation" computerName="ARPAN-LAP" duration="00:00:00.0278155" startTime="2014-06-25T20:24:37.9519345+05:30" endTime="2014-06-25T20:24:37.9799361+05:30" testType="13cdc9d9-ddb5-4fa4-a97d-d965ccfc6d4b" outcome="Passed" testListId="8c84fa94-04c1-424b-9868-57a2d4851a1d" relativeResultsDirectory="eb1961f2-19db-42ba-ad1a-392e64829422" dataRowInfo="6" resultType="DataDrivenDataRow" />
        <UnitTestResult executionId="43ed2797-a86a-4257-9e83-62c657fea37b" parentExecutionId="eb1961f2-19db-42ba-ad1a-392e64829422" testId="bdfe92b2-f4ac-73a5-f13d-5c1ea13721b4" testName="all_persons_tenses_passive_negation" computerName="ARPAN-LAP" duration="00:00:00.0330133" startTime="2014-06-25T20:24:37.9799361+05:30" endTime="2014-06-25T20:24:38.0129380+05:30" testType="13cdc9d9-ddb5-4fa4-a97d-d965ccfc6d4b" outcome="Passed" testListId="8c84fa94-04c1-424b-9868-57a2d4851a1d" relativeResultsDirectory="eb1961f2-19db-42ba-ad1a-392e64829422" dataRowInfo="7" resultType="DataDrivenDataRow" />
        <UnitTestResult executionId="61634732-3a74-43bb-8ab5-272d6a7697af" parentExecutionId="eb1961f2-19db-42ba-ad1a-392e64829422" testId="bdfe92b2-f4ac-73a5-f13d-5c1ea13721b4" testName="all_persons_tenses_passive_negation" computerName="ARPAN-LAP" duration="00:00:00.0324031" startTime="2014-06-25T20:24:38.0129380+05:30" endTime="2014-06-25T20:24:38.0459399+05:30" testType="13cdc9d9-ddb5-4fa4-a97d-d965ccfc6d4b" outcome="Passed" testListId="8c84fa94-04c1-424b-9868-57a2d4851a1d" relativeResultsDirectory="eb1961f2-19db-42ba-ad1a-392e64829422" dataRowInfo="8" resultType="DataDrivenDataRow" />
        <UnitTestResult executionId="378ce05e-7c3f-4e09-853c-bdaff39de02c" parentExecutionId="eb1961f2-19db-42ba-ad1a-392e64829422" testId="bdfe92b2-f4ac-73a5-f13d-5c1ea13721b4" testName="all_persons_tenses_passive_negation" computerName="ARPAN-LAP" duration="00:00:00.0337335" startTime="2014-06-25T20:24:38.0459399+05:30" endTime="2014-06-25T20:24:38.0799418+05:30" testType="13cdc9d9-ddb5-4fa4-a97d-d965ccfc6d4b" outcome="Passed" testListId="8c84fa94-04c1-424b-9868-57a2d4851a1d" relativeResultsDirectory="eb1961f2-19db-42ba-ad1a-392e64829422" dataRowInfo="9" resultType="DataDrivenDataRow" />
      </InnerResults>
    </UnitTestResult>
    <UnitTestResult executionId="7a6f242f-60d3-432e-9284-b65d77cfd11e" testId="c79146bc-2376-961a-5de9-441b5dfc7188" testName="auxiliary_verbs_as_main_verbs" computerName="ARPAN-LAP" duration="00:00:00.6837807" startTime="2014-06-25T20:24:38.1119436+05:30" endTime="2014-06-25T20:24:38.9539918+05:30" testType="13cdc9d9-ddb5-4fa4-a97d-d965ccfc6d4b" outcome="Passed" testListId="8c84fa94-04c1-424b-9868-57a2d4851a1d" relativeResultsDirectory="7a6f242f-60d3-432e-9284-b65d77cfd11e" resultType="DataDrivenTest">
      <Counters error="0" failed="0" timeout="0" aborted="0" inconclusive="0" passedButRunAborted="0" notRunnable="0" notExecuted="0" disconnected="0" warning="0" passed="25" completed="0" inProgress="0" pending="0" />
      <InnerResults>
        <UnitTestResult executionId="de36a700-6c24-4817-bc07-e39b5df11a2a" parentExecutionId="7a6f242f-60d3-432e-9284-b65d77cfd11e" testId="c79146bc-2376-961a-5de9-441b5dfc7188" testName="auxiliary_verbs_as_main_verbs" computerName="ARPAN-LAP" duration="00:00:00.0315202" startTime="2014-06-25T20:24:38.2029488+05:30" endTime="2014-06-25T20:24:38.2349507+05:30" testType="13cdc9d9-ddb5-4fa4-a97d-d965ccfc6d4b" outcome="Passed" testListId="8c84fa94-04c1-424b-9868-57a2d4851a1d" relativeResultsDirectory="7a6f242f-60d3-432e-9284-b65d77cfd11e" dataRowInfo="0" resultType="DataDrivenDataRow" />
        <UnitTestResult executionId="2699ce74-c5ce-4d37-8e11-9998650da1c1" parentExecutionId="7a6f242f-60d3-432e-9284-b65d77cfd11e" testId="c79146bc-2376-961a-5de9-441b5dfc7188" testName="auxiliary_verbs_as_main_verbs" computerName="ARPAN-LAP" duration="00:00:00.0283287" startTime="2014-06-25T20:24:38.2349507+05:30" endTime="2014-06-25T20:24:38.2629523+05:30" testType="13cdc9d9-ddb5-4fa4-a97d-d965ccfc6d4b" outcome="Passed" testListId="8c84fa94-04c1-424b-9868-57a2d4851a1d" relativeResultsDirectory="7a6f242f-60d3-432e-9284-b65d77cfd11e" dataRowInfo="1" resultType="DataDrivenDataRow" />
        <UnitTestResult executionId="6d88b84f-49c0-4291-b036-5c6d159dabad" parentExecutionId="7a6f242f-60d3-432e-9284-b65d77cfd11e" testId="c79146bc-2376-961a-5de9-441b5dfc7188" testName="auxiliary_verbs_as_main_verbs" computerName="ARPAN-LAP" duration="00:00:00.0331227" startTime="2014-06-25T20:24:38.2629523+05:30" endTime="2014-06-25T20:24:38.2959542+05:30" testType="13cdc9d9-ddb5-4fa4-a97d-d965ccfc6d4b" outcome="Passed" testListId="8c84fa94-04c1-424b-9868-57a2d4851a1d" relativeResultsDirectory="7a6f242f-60d3-432e-9284-b65d77cfd11e" dataRowInfo="2" resultType="DataDrivenDataRow" />
        <UnitTestResult executionId="c8de549f-e387-4a61-84c4-3b2a6d67d800" parentExecutionId="7a6f242f-60d3-432e-9284-b65d77cfd11e" testId="c79146bc-2376-961a-5de9-441b5dfc7188" testName="auxiliary_verbs_as_main_verbs" computerName="ARPAN-LAP" duration="00:00:00.0336108" startTime="2014-06-25T20:24:38.2959542+05:30" endTime="2014-06-25T20:24:38.3299561+05:30" testType="13cdc9d9-ddb5-4fa4-a97d-d965ccfc6d4b" outcome="Passed" testListId="8c84fa94-04c1-424b-9868-57a2d4851a1d" relativeResultsDirectory="7a6f242f-60d3-432e-9284-b65d77cfd11e" dataRowInfo="3" resultType="DataDrivenDataRow" />
        <UnitTestResult executionId="d36b71f0-6473-42db-b3b9-2cc2fed49e62" parentExecutionId="7a6f242f-60d3-432e-9284-b65d77cfd11e" testId="c79146bc-2376-961a-5de9-441b5dfc7188" testName="auxiliary_verbs_as_main_verbs" computerName="ARPAN-LAP" duration="00:00:00.0334229" startTime="2014-06-25T20:24:38.3299561+05:30" endTime="2014-06-25T20:24:38.3629580+05:30" testType="13cdc9d9-ddb5-4fa4-a97d-d965ccfc6d4b" outcome="Passed" testListId="8c84fa94-04c1-424b-9868-57a2d4851a1d" relativeResultsDirectory="7a6f242f-60d3-432e-9284-b65d77cfd11e" dataRowInfo="4" resultType="DataDrivenDataRow" />
        <UnitTestResult executionId="77fbb372-c57e-4492-b125-777cdddfc28e" parentExecutionId="7a6f242f-60d3-432e-9284-b65d77cfd11e" testId="c79146bc-2376-961a-5de9-441b5dfc7188" testName="auxiliary_verbs_as_main_verbs" computerName="ARPAN-LAP" duration="00:00:00.0296171" startTime="2014-06-25T20:24:38.3629580+05:30" endTime="2014-06-25T20:24:38.3929597+05:30" testType="13cdc9d9-ddb5-4fa4-a97d-d965ccfc6d4b" outcome="Passed" testListId="8c84fa94-04c1-424b-9868-57a2d4851a1d" relativeResultsDirectory="7a6f242f-60d3-432e-9284-b65d77cfd11e" dataRowInfo="5" resultType="DataDrivenDataRow" />
        <UnitTestResult executionId="d4c57aef-0f23-4ae2-a385-717ad3f51170" parentExecutionId="7a6f242f-60d3-432e-9284-b65d77cfd11e" testId="c79146bc-2376-961a-5de9-441b5dfc7188" testName="auxiliary_verbs_as_main_verbs" computerName="ARPAN-LAP" duration="00:00:00.0277816" startTime="2014-06-25T20:24:38.3929597+05:30" endTime="2014-06-25T20:24:38.4209613+05:30" testType="13cdc9d9-ddb5-4fa4-a97d-d965ccfc6d4b" outcome="Passed" testListId="8c84fa94-04c1-424b-9868-57a2d4851a1d" relativeResultsDirectory="7a6f242f-60d3-432e-9284-b65d77cfd11e" dataRowInfo="6" resultType="DataDrivenDataRow" />
        <UnitTestResult executionId="5caea8ba-d4de-4062-8c84-f33d2d402b85" parentExecutionId="7a6f242f-60d3-432e-9284-b65d77cfd11e" testId="c79146bc-2376-961a-5de9-441b5dfc7188" testName="auxiliary_verbs_as_main_verbs" computerName="ARPAN-LAP" duration="00:00:00.0315824" startTime="2014-06-25T20:24:38.4209613+05:30" endTime="2014-06-25T20:24:38.4529631+05:30" testType="13cdc9d9-ddb5-4fa4-a97d-d965ccfc6d4b" outcome="Passed" testListId="8c84fa94-04c1-424b-9868-57a2d4851a1d" relativeResultsDirectory="7a6f242f-60d3-432e-9284-b65d77cfd11e" dataRowInfo="7" resultType="DataDrivenDataRow" />
        <UnitTestResult executionId="7fcaff93-3947-4fff-a901-a161f5434613" parentExecutionId="7a6f242f-60d3-432e-9284-b65d77cfd11e" testId="c79146bc-2376-961a-5de9-441b5dfc7188" testName="auxiliary_verbs_as_main_verbs" computerName="ARPAN-LAP" duration="00:00:00.0613124" startTime="2014-06-25T20:24:38.4529631+05:30" endTime="2014-06-25T20:24:38.5139666+05:30" testType="13cdc9d9-ddb5-4fa4-a97d-d965ccfc6d4b" outcome="Passed" testListId="8c84fa94-04c1-424b-9868-57a2d4851a1d" relativeResultsDirectory="7a6f242f-60d3-432e-9284-b65d77cfd11e" dataRowInfo="8" resultType="DataDrivenDataRow" />
        <UnitTestResult executionId="142ed119-28ca-4fc9-b8c4-2c6236889e92" parentExecutionId="7a6f242f-60d3-432e-9284-b65d77cfd11e" testId="c79146bc-2376-961a-5de9-441b5dfc7188" testName="auxiliary_verbs_as_main_verbs" computerName="ARPAN-LAP" duration="00:00:00.0262680" startTime="2014-06-25T20:24:38.5139666+05:30" endTime="2014-06-25T20:24:38.5399681+05:30" testType="13cdc9d9-ddb5-4fa4-a97d-d965ccfc6d4b" outcome="Passed" testListId="8c84fa94-04c1-424b-9868-57a2d4851a1d" relativeResultsDirectory="7a6f242f-60d3-432e-9284-b65d77cfd11e" dataRowInfo="9" resultType="DataDrivenDataRow" />
        <UnitTestResult executionId="860db0eb-e6d0-4033-991f-e4d353dd9fac" parentExecutionId="7a6f242f-60d3-432e-9284-b65d77cfd11e" testId="c79146bc-2376-961a-5de9-441b5dfc7188" testName="auxiliary_verbs_as_main_verbs" computerName="ARPAN-LAP" duration="00:00:00.0243304" startTime="2014-06-25T20:24:38.5399681+05:30" endTime="2014-06-25T20:24:38.5649695+05:30" testType="13cdc9d9-ddb5-4fa4-a97d-d965ccfc6d4b" outcome="Passed" testListId="8c84fa94-04c1-424b-9868-57a2d4851a1d" relativeResultsDirectory="7a6f242f-60d3-432e-9284-b65d77cfd11e" dataRowInfo="10" resultType="DataDrivenDataRow" />
        <UnitTestResult executionId="f5809c31-7bc7-45db-8094-808ad4c7a8d2" parentExecutionId="7a6f242f-60d3-432e-9284-b65d77cfd11e" testId="c79146bc-2376-961a-5de9-441b5dfc7188" testName="auxiliary_verbs_as_main_verbs" computerName="ARPAN-LAP" duration="00:00:00.0257024" startTime="2014-06-25T20:24:38.5649695+05:30" endTime="2014-06-25T20:24:38.5899710+05:30" testType="13cdc9d9-ddb5-4fa4-a97d-d965ccfc6d4b" outcome="Passed" testListId="8c84fa94-04c1-424b-9868-57a2d4851a1d" relativeResultsDirectory="7a6f242f-60d3-432e-9284-b65d77cfd11e" dataRowInfo="11" resultType="DataDrivenDataRow" />
        <UnitTestResult executionId="90184ea9-29d7-42d8-91c7-9c0ca2edbc92" parentExecutionId="7a6f242f-60d3-432e-9284-b65d77cfd11e" testId="c79146bc-2376-961a-5de9-441b5dfc7188" testName="auxiliary_verbs_as_main_verbs" computerName="ARPAN-LAP" duration="00:00:00.0267068" startTime="2014-06-25T20:24:38.5899710+05:30" endTime="2014-06-25T20:24:38.6169725+05:30" testType="13cdc9d9-ddb5-4fa4-a97d-d965ccfc6d4b" outcome="Passed" testListId="8c84fa94-04c1-424b-9868-57a2d4851a1d" relativeResultsDirectory="7a6f242f-60d3-432e-9284-b65d77cfd11e" dataRowInfo="12" resultType="DataDrivenDataRow" />
        <UnitTestResult executionId="76491847-5cbe-4f6d-8c97-7aad0a97eb6e" parentExecutionId="7a6f242f-60d3-432e-9284-b65d77cfd11e" testId="c79146bc-2376-961a-5de9-441b5dfc7188" testName="auxiliary_verbs_as_main_verbs" computerName="ARPAN-LAP" duration="00:00:00.0256433" startTime="2014-06-25T20:24:38.6169725+05:30" endTime="2014-06-25T20:24:38.6429740+05:30" testType="13cdc9d9-ddb5-4fa4-a97d-d965ccfc6d4b" outcome="Passed" testListId="8c84fa94-04c1-424b-9868-57a2d4851a1d" relativeResultsDirectory="7a6f242f-60d3-432e-9284-b65d77cfd11e" dataRowInfo="13" resultType="DataDrivenDataRow" />
        <UnitTestResult executionId="7e5aecac-a0b0-4e4c-b5f4-9df89946198a" parentExecutionId="7a6f242f-60d3-432e-9284-b65d77cfd11e" testId="c79146bc-2376-961a-5de9-441b5dfc7188" testName="auxiliary_verbs_as_main_verbs" computerName="ARPAN-LAP" duration="00:00:00.0208746" startTime="2014-06-25T20:24:38.6429740+05:30" endTime="2014-06-25T20:24:38.6639752+05:30" testType="13cdc9d9-ddb5-4fa4-a97d-d965ccfc6d4b" outcome="Passed" testListId="8c84fa94-04c1-424b-9868-57a2d4851a1d" relativeResultsDirectory="7a6f242f-60d3-432e-9284-b65d77cfd11e" dataRowInfo="14" resultType="DataDrivenDataRow" />
        <UnitTestResult executionId="5b3dd8ae-e1d2-4da7-a4f6-9fab4f67f65b" parentExecutionId="7a6f242f-60d3-432e-9284-b65d77cfd11e" testId="c79146bc-2376-961a-5de9-441b5dfc7188" testName="auxiliary_verbs_as_main_verbs" computerName="ARPAN-LAP" duration="00:00:00.0186547" startTime="2014-06-25T20:24:38.6639752+05:30" endTime="2014-06-25T20:24:38.6819762+05:30" testType="13cdc9d9-ddb5-4fa4-a97d-d965ccfc6d4b" outcome="Passed" testListId="8c84fa94-04c1-424b-9868-57a2d4851a1d" relativeResultsDirectory="7a6f242f-60d3-432e-9284-b65d77cfd11e" dataRowInfo="15" resultType="DataDrivenDataRow" />
        <UnitTestResult executionId="2f26bfec-6737-4a83-aad1-44ec100d2bbc" parentExecutionId="7a6f242f-60d3-432e-9284-b65d77cfd11e" testId="c79146bc-2376-961a-5de9-441b5dfc7188" testName="auxiliary_verbs_as_main_verbs" computerName="ARPAN-LAP" duration="00:00:00.0251547" startTime="2014-06-25T20:24:38.6819762+05:30" endTime="2014-06-25T20:24:38.7079777+05:30" testType="13cdc9d9-ddb5-4fa4-a97d-d965ccfc6d4b" outcome="Passed" testListId="8c84fa94-04c1-424b-9868-57a2d4851a1d" relativeResultsDirectory="7a6f242f-60d3-432e-9284-b65d77cfd11e" dataRowInfo="16" resultType="DataDrivenDataRow" />
        <UnitTestResult executionId="735a8f59-d0aa-4ee3-b157-1350dbd0c1a8" parentExecutionId="7a6f242f-60d3-432e-9284-b65d77cfd11e" testId="c79146bc-2376-961a-5de9-441b5dfc7188" testName="auxiliary_verbs_as_main_verbs" computerName="ARPAN-LAP" duration="00:00:00.0188620" startTime="2014-06-25T20:24:38.7079777+05:30" endTime="2014-06-25T20:24:38.7269788+05:30" testType="13cdc9d9-ddb5-4fa4-a97d-d965ccfc6d4b" outcome="Passed" testListId="8c84fa94-04c1-424b-9868-57a2d4851a1d" relativeResultsDirectory="7a6f242f-60d3-432e-9284-b65d77cfd11e" dataRowInfo="17" resultType="DataDrivenDataRow" />
        <UnitTestResult executionId="f7738fa3-cc93-407e-a935-6112f4b2aa0a" parentExecutionId="7a6f242f-60d3-432e-9284-b65d77cfd11e" testId="c79146bc-2376-961a-5de9-441b5dfc7188" testName="auxiliary_verbs_as_main_verbs" computerName="ARPAN-LAP" duration="00:00:00.0183051" startTime="2014-06-25T20:24:38.7269788+05:30" endTime="2014-06-25T20:24:38.7449798+05:30" testType="13cdc9d9-ddb5-4fa4-a97d-d965ccfc6d4b" outcome="Passed" testListId="8c84fa94-04c1-424b-9868-57a2d4851a1d" relativeResultsDirectory="7a6f242f-60d3-432e-9284-b65d77cfd11e" dataRowInfo="18" resultType="DataDrivenDataRow" />
        <UnitTestResult executionId="1592c66f-834e-4064-b44a-a134773c45cc" parentExecutionId="7a6f242f-60d3-432e-9284-b65d77cfd11e" testId="c79146bc-2376-961a-5de9-441b5dfc7188" testName="auxiliary_verbs_as_main_verbs" computerName="ARPAN-LAP" duration="00:00:00.0260919" startTime="2014-06-25T20:24:38.7449798+05:30" endTime="2014-06-25T20:24:38.7709813+05:30" testType="13cdc9d9-ddb5-4fa4-a97d-d965ccfc6d4b" outcome="Passed" testListId="8c84fa94-04c1-424b-9868-57a2d4851a1d" relativeResultsDirectory="7a6f242f-60d3-432e-9284-b65d77cfd11e" dataRowInfo="19" resultType="DataDrivenDataRow" />
        <UnitTestResult executionId="b36d1f18-f0bb-4327-8b7a-7273e8e8f855" parentExecutionId="7a6f242f-60d3-432e-9284-b65d77cfd11e" testId="c79146bc-2376-961a-5de9-441b5dfc7188" testName="auxiliary_verbs_as_main_verbs" computerName="ARPAN-LAP" duration="00:00:00.0258091" startTime="2014-06-25T20:24:38.7709813+05:30" endTime="2014-06-25T20:24:38.7969828+05:30" testType="13cdc9d9-ddb5-4fa4-a97d-d965ccfc6d4b" outcome="Passed" testListId="8c84fa94-04c1-424b-9868-57a2d4851a1d" relativeResultsDirectory="7a6f242f-60d3-432e-9284-b65d77cfd11e" dataRowInfo="20" resultType="DataDrivenDataRow" />
        <UnitTestResult executionId="0b9adf8b-70a1-453e-a0fa-df88c3c02ba8" parentExecutionId="7a6f242f-60d3-432e-9284-b65d77cfd11e" testId="c79146bc-2376-961a-5de9-441b5dfc7188" testName="auxiliary_verbs_as_main_verbs" computerName="ARPAN-LAP" duration="00:00:00.0268285" startTime="2014-06-25T20:24:38.7969828+05:30" endTime="2014-06-25T20:24:38.8239844+05:30" testType="13cdc9d9-ddb5-4fa4-a97d-d965ccfc6d4b" outcome="Passed" testListId="8c84fa94-04c1-424b-9868-57a2d4851a1d" relativeResultsDirectory="7a6f242f-60d3-432e-9284-b65d77cfd11e" dataRowInfo="21" resultType="DataDrivenDataRow" />
        <UnitTestResult executionId="c0c0b608-d7f4-49b1-a5a1-2f0f1df6d942" parentExecutionId="7a6f242f-60d3-432e-9284-b65d77cfd11e" testId="c79146bc-2376-961a-5de9-441b5dfc7188" testName="auxiliary_verbs_as_main_verbs" computerName="ARPAN-LAP" duration="00:00:00.0164338" startTime="2014-06-25T20:24:38.8239844+05:30" endTime="2014-06-25T20:24:38.8399853+05:30" testType="13cdc9d9-ddb5-4fa4-a97d-d965ccfc6d4b" outcome="Passed" testListId="8c84fa94-04c1-424b-9868-57a2d4851a1d" relativeResultsDirectory="7a6f242f-60d3-432e-9284-b65d77cfd11e" dataRowInfo="22" resultType="DataDrivenDataRow" />
        <UnitTestResult executionId="975e8558-e151-4880-b4cd-c63fbb551ff6" parentExecutionId="7a6f242f-60d3-432e-9284-b65d77cfd11e" testId="c79146bc-2376-961a-5de9-441b5dfc7188" testName="auxiliary_verbs_as_main_verbs" computerName="ARPAN-LAP" duration="00:00:00.0184853" startTime="2014-06-25T20:24:38.8399853+05:30" endTime="2014-06-25T20:24:38.8589864+05:30" testType="13cdc9d9-ddb5-4fa4-a97d-d965ccfc6d4b" outcome="Passed" testListId="8c84fa94-04c1-424b-9868-57a2d4851a1d" relativeResultsDirectory="7a6f242f-60d3-432e-9284-b65d77cfd11e" dataRowInfo="23" resultType="DataDrivenDataRow" />
        <UnitTestResult executionId="67dac49d-61b9-4b28-9930-60cd0c575deb" parentExecutionId="7a6f242f-60d3-432e-9284-b65d77cfd11e" testId="c79146bc-2376-961a-5de9-441b5dfc7188" testName="auxiliary_verbs_as_main_verbs" computerName="ARPAN-LAP" duration="00:00:00.0255894" startTime="2014-06-25T20:24:38.8589864+05:30" endTime="2014-06-25T20:24:38.8839878+05:30" testType="13cdc9d9-ddb5-4fa4-a97d-d965ccfc6d4b" outcome="Passed" testListId="8c84fa94-04c1-424b-9868-57a2d4851a1d" relativeResultsDirectory="7a6f242f-60d3-432e-9284-b65d77cfd11e" dataRowInfo="24" resultType="DataDrivenDataRow" />
      </InnerResults>
    </UnitTestResult>
    <UnitTestResult executionId="d9d0cad9-ab9a-4c63-92d2-003b53919b35" testId="d03eb628-bf1f-c27d-aeef-e708d613d686" testName="all_persons_modal_can_may_negation" computerName="ARPAN-LAP" duration="00:00:00.6736821" startTime="2014-06-25T20:24:38.9559919+05:30" endTime="2014-06-25T20:24:39.7010345+05:30" testType="13cdc9d9-ddb5-4fa4-a97d-d965ccfc6d4b" outcome="Passed" testListId="8c84fa94-04c1-424b-9868-57a2d4851a1d" relativeResultsDirectory="d9d0cad9-ab9a-4c63-92d2-003b53919b35" resultType="DataDrivenTest">
      <Counters error="0" failed="0" timeout="0" aborted="0" inconclusive="0" passedButRunAborted="0" notRunnable="0" notExecuted="0" disconnected="0" warning="0" passed="24" completed="0" inProgress="0" pending="0" />
      <InnerResults>
        <UnitTestResult executionId="95b20074-b41f-4861-85b7-75e21a95eaf4" parentExecutionId="d9d0cad9-ab9a-4c63-92d2-003b53919b35" testId="d03eb628-bf1f-c27d-aeef-e708d613d686" testName="all_persons_modal_can_may_negation" computerName="ARPAN-LAP" duration="00:00:00.0262567" startTime="2014-06-25T20:24:38.9609922+05:30" endTime="2014-06-25T20:24:38.9869937+05:30" testType="13cdc9d9-ddb5-4fa4-a97d-d965ccfc6d4b" outcome="Passed" testListId="8c84fa94-04c1-424b-9868-57a2d4851a1d" relativeResultsDirectory="d9d0cad9-ab9a-4c63-92d2-003b53919b35" dataRowInfo="0" resultType="DataDrivenDataRow" />
        <UnitTestResult executionId="fce00fbe-3510-45c0-9b5b-24fd66b35204" parentExecutionId="d9d0cad9-ab9a-4c63-92d2-003b53919b35" testId="d03eb628-bf1f-c27d-aeef-e708d613d686" testName="all_persons_modal_can_may_negation" computerName="ARPAN-LAP" duration="00:00:00.0227890" startTime="2014-06-25T20:24:38.9869937+05:30" endTime="2014-06-25T20:24:39.0099950+05:30" testType="13cdc9d9-ddb5-4fa4-a97d-d965ccfc6d4b" outcome="Passed" testListId="8c84fa94-04c1-424b-9868-57a2d4851a1d" relativeResultsDirectory="d9d0cad9-ab9a-4c63-92d2-003b53919b35" dataRowInfo="1" resultType="DataDrivenDataRow" />
        <UnitTestResult executionId="5f794656-74ba-4744-8589-0cb09d9bfa5d" parentExecutionId="d9d0cad9-ab9a-4c63-92d2-003b53919b35" testId="d03eb628-bf1f-c27d-aeef-e708d613d686" testName="all_persons_modal_can_may_negation" computerName="ARPAN-LAP" duration="00:00:00.0242709" startTime="2014-06-25T20:24:39.0099950+05:30" endTime="2014-06-25T20:24:39.0339964+05:30" testType="13cdc9d9-ddb5-4fa4-a97d-d965ccfc6d4b" outcome="Passed" testListId="8c84fa94-04c1-424b-9868-57a2d4851a1d" relativeResultsDirectory="d9d0cad9-ab9a-4c63-92d2-003b53919b35" dataRowInfo="2" resultType="DataDrivenDataRow" />
        <UnitTestResult executionId="343d546f-9fa3-44a3-ad70-7f7b60b518b8" parentExecutionId="d9d0cad9-ab9a-4c63-92d2-003b53919b35" testId="d03eb628-bf1f-c27d-aeef-e708d613d686" testName="all_persons_modal_can_may_negation" computerName="ARPAN-LAP" duration="00:00:00.0240496" startTime="2014-06-25T20:24:39.0339964+05:30" endTime="2014-06-25T20:24:39.0579977+05:30" testType="13cdc9d9-ddb5-4fa4-a97d-d965ccfc6d4b" outcome="Passed" testListId="8c84fa94-04c1-424b-9868-57a2d4851a1d" relativeResultsDirectory="d9d0cad9-ab9a-4c63-92d2-003b53919b35" dataRowInfo="3" resultType="DataDrivenDataRow" />
        <UnitTestResult executionId="7b7450a9-90ce-48e6-a6ae-969abc2924d7" parentExecutionId="d9d0cad9-ab9a-4c63-92d2-003b53919b35" testId="d03eb628-bf1f-c27d-aeef-e708d613d686" testName="all_persons_modal_can_may_negation" computerName="ARPAN-LAP" duration="00:00:00.0313714" startTime="2014-06-25T20:24:39.0579977+05:30" endTime="2014-06-25T20:24:39.0899996+05:30" testType="13cdc9d9-ddb5-4fa4-a97d-d965ccfc6d4b" outcome="Passed" testListId="8c84fa94-04c1-424b-9868-57a2d4851a1d" relativeResultsDirectory="d9d0cad9-ab9a-4c63-92d2-003b53919b35" dataRowInfo="4" resultType="DataDrivenDataRow" />
        <UnitTestResult executionId="7c8e1179-5bad-4f8a-846e-b08de693823a" parentExecutionId="d9d0cad9-ab9a-4c63-92d2-003b53919b35" testId="d03eb628-bf1f-c27d-aeef-e708d613d686" testName="all_persons_modal_can_may_negation" computerName="ARPAN-LAP" duration="00:00:00.0295442" startTime="2014-06-25T20:24:39.0899996+05:30" endTime="2014-06-25T20:24:39.1190012+05:30" testType="13cdc9d9-ddb5-4fa4-a97d-d965ccfc6d4b" outcome="Passed" testListId="8c84fa94-04c1-424b-9868-57a2d4851a1d" relativeResultsDirectory="d9d0cad9-ab9a-4c63-92d2-003b53919b35" dataRowInfo="5" resultType="DataDrivenDataRow" />
        <UnitTestResult executionId="0ac53b4d-5aa6-43cd-9550-27675d587277" parentExecutionId="d9d0cad9-ab9a-4c63-92d2-003b53919b35" testId="d03eb628-bf1f-c27d-aeef-e708d613d686" testName="all_persons_modal_can_may_negation" computerName="ARPAN-LAP" duration="00:00:00.0358743" startTime="2014-06-25T20:24:39.1190012+05:30" endTime="2014-06-25T20:24:39.1550033+05:30" testType="13cdc9d9-ddb5-4fa4-a97d-d965ccfc6d4b" outcome="Passed" testListId="8c84fa94-04c1-424b-9868-57a2d4851a1d" relativeResultsDirectory="d9d0cad9-ab9a-4c63-92d2-003b53919b35" dataRowInfo="6" resultType="DataDrivenDataRow" />
        <UnitTestResult executionId="ba614bd7-d32c-4eeb-9440-45b072d937f9" parentExecutionId="d9d0cad9-ab9a-4c63-92d2-003b53919b35" testId="d03eb628-bf1f-c27d-aeef-e708d613d686" testName="all_persons_modal_can_may_negation" computerName="ARPAN-LAP" duration="00:00:00.0394831" startTime="2014-06-25T20:24:39.1550033+05:30" endTime="2014-06-25T20:24:39.1950056+05:30" testType="13cdc9d9-ddb5-4fa4-a97d-d965ccfc6d4b" outcome="Passed" testListId="8c84fa94-04c1-424b-9868-57a2d4851a1d" relativeResultsDirectory="d9d0cad9-ab9a-4c63-92d2-003b53919b35" dataRowInfo="7" resultType="DataDrivenDataRow" />
        <UnitTestResult executionId="6a5bb567-a39f-4116-95b2-fbb465b0b475" parentExecutionId="d9d0cad9-ab9a-4c63-92d2-003b53919b35" testId="d03eb628-bf1f-c27d-aeef-e708d613d686" testName="all_persons_modal_can_may_negation" computerName="ARPAN-LAP" duration="00:00:00.0227844" startTime="2014-06-25T20:24:39.1950056+05:30" endTime="2014-06-25T20:24:39.2180069+05:30" testType="13cdc9d9-ddb5-4fa4-a97d-d965ccfc6d4b" outcome="Passed" testListId="8c84fa94-04c1-424b-9868-57a2d4851a1d" relativeResultsDirectory="d9d0cad9-ab9a-4c63-92d2-003b53919b35" dataRowInfo="8" resultType="DataDrivenDataRow" />
        <UnitTestResult executionId="af92ec58-8fe2-4b9b-ac13-5ee238dbedcb" parentExecutionId="d9d0cad9-ab9a-4c63-92d2-003b53919b35" testId="d03eb628-bf1f-c27d-aeef-e708d613d686" testName="all_persons_modal_can_may_negation" computerName="ARPAN-LAP" duration="00:00:00.0385310" startTime="2014-06-25T20:24:39.2180069+05:30" endTime="2014-06-25T20:24:39.2560091+05:30" testType="13cdc9d9-ddb5-4fa4-a97d-d965ccfc6d4b" outcome="Passed" testListId="8c84fa94-04c1-424b-9868-57a2d4851a1d" relativeResultsDirectory="d9d0cad9-ab9a-4c63-92d2-003b53919b35" dataRowInfo="9" resultType="DataDrivenDataRow" />
        <UnitTestResult executionId="e6ad9012-425d-45c1-ad92-591b7771d362" parentExecutionId="d9d0cad9-ab9a-4c63-92d2-003b53919b35" testId="d03eb628-bf1f-c27d-aeef-e708d613d686" testName="all_persons_modal_can_may_negation" computerName="ARPAN-LAP" duration="00:00:00.0423836" startTime="2014-06-25T20:24:39.2560091+05:30" endTime="2014-06-25T20:24:39.2990115+05:30" testType="13cdc9d9-ddb5-4fa4-a97d-d965ccfc6d4b" outcome="Passed" testListId="8c84fa94-04c1-424b-9868-57a2d4851a1d" relativeResultsDirectory="d9d0cad9-ab9a-4c63-92d2-003b53919b35" dataRowInfo="10" resultType="DataDrivenDataRow" />
        <UnitTestResult executionId="502bd7bf-20cf-4a96-9fc9-9dcf4a28fd3e" parentExecutionId="d9d0cad9-ab9a-4c63-92d2-003b53919b35" testId="d03eb628-bf1f-c27d-aeef-e708d613d686" testName="all_persons_modal_can_may_negation" computerName="ARPAN-LAP" duration="00:00:00.0274074" startTime="2014-06-25T20:24:39.2990115+05:30" endTime="2014-06-25T20:24:39.3260131+05:30" testType="13cdc9d9-ddb5-4fa4-a97d-d965ccfc6d4b" outcome="Passed" testListId="8c84fa94-04c1-424b-9868-57a2d4851a1d" relativeResultsDirectory="d9d0cad9-ab9a-4c63-92d2-003b53919b35" dataRowInfo="11" resultType="DataDrivenDataRow" />
        <UnitTestResult executionId="6bf4a128-dade-41f4-9b52-c2a7494c300d" parentExecutionId="d9d0cad9-ab9a-4c63-92d2-003b53919b35" testId="d03eb628-bf1f-c27d-aeef-e708d613d686" testName="all_persons_modal_can_may_negation" computerName="ARPAN-LAP" duration="00:00:00.0378406" startTime="2014-06-25T20:24:39.3260131+05:30" endTime="2014-06-25T20:24:39.3640152+05:30" testType="13cdc9d9-ddb5-4fa4-a97d-d965ccfc6d4b" outcome="Passed" testListId="8c84fa94-04c1-424b-9868-57a2d4851a1d" relativeResultsDirectory="d9d0cad9-ab9a-4c63-92d2-003b53919b35" dataRowInfo="12" resultType="DataDrivenDataRow" />
        <UnitTestResult executionId="cc200f38-a6d8-47c2-a5e0-c78327ae5cdf" parentExecutionId="d9d0cad9-ab9a-4c63-92d2-003b53919b35" testId="d03eb628-bf1f-c27d-aeef-e708d613d686" testName="all_persons_modal_can_may_negation" computerName="ARPAN-LAP" duration="00:00:00.0301144" startTime="2014-06-25T20:24:39.3640152+05:30" endTime="2014-06-25T20:24:39.3940170+05:30" testType="13cdc9d9-ddb5-4fa4-a97d-d965ccfc6d4b" outcome="Passed" testListId="8c84fa94-04c1-424b-9868-57a2d4851a1d" relativeResultsDirectory="d9d0cad9-ab9a-4c63-92d2-003b53919b35" dataRowInfo="13" resultType="DataDrivenDataRow" />
        <UnitTestResult executionId="54b165ed-6fac-40ee-8554-d560511182f8" parentExecutionId="d9d0cad9-ab9a-4c63-92d2-003b53919b35" testId="d03eb628-bf1f-c27d-aeef-e708d613d686" testName="all_persons_modal_can_may_negation" computerName="ARPAN-LAP" duration="00:00:00.0255828" startTime="2014-06-25T20:24:39.3940170+05:30" endTime="2014-06-25T20:24:39.4200184+05:30" testType="13cdc9d9-ddb5-4fa4-a97d-d965ccfc6d4b" outcome="Passed" testListId="8c84fa94-04c1-424b-9868-57a2d4851a1d" relativeResultsDirectory="d9d0cad9-ab9a-4c63-92d2-003b53919b35" dataRowInfo="14" resultType="DataDrivenDataRow" />
        <UnitTestResult executionId="51c2d966-e4d8-43b6-abbf-5a97f5daec5c" parentExecutionId="d9d0cad9-ab9a-4c63-92d2-003b53919b35" testId="d03eb628-bf1f-c27d-aeef-e708d613d686" testName="all_persons_modal_can_may_negation" computerName="ARPAN-LAP" duration="00:00:00.0244859" startTime="2014-06-25T20:24:39.4200184+05:30" endTime="2014-06-25T20:24:39.4440198+05:30" testType="13cdc9d9-ddb5-4fa4-a97d-d965ccfc6d4b" outcome="Passed" testListId="8c84fa94-04c1-424b-9868-57a2d4851a1d" relativeResultsDirectory="d9d0cad9-ab9a-4c63-92d2-003b53919b35" dataRowInfo="15" resultType="DataDrivenDataRow" />
        <UnitTestResult executionId="4561aa0f-db90-40cc-845e-c7569385ee5c" parentExecutionId="d9d0cad9-ab9a-4c63-92d2-003b53919b35" testId="d03eb628-bf1f-c27d-aeef-e708d613d686" testName="all_persons_modal_can_may_negation" computerName="ARPAN-LAP" duration="00:00:00.0208448" startTime="2014-06-25T20:24:39.4440198+05:30" endTime="2014-06-25T20:24:39.4650210+05:30" testType="13cdc9d9-ddb5-4fa4-a97d-d965ccfc6d4b" outcome="Passed" testListId="8c84fa94-04c1-424b-9868-57a2d4851a1d" relativeResultsDirectory="d9d0cad9-ab9a-4c63-92d2-003b53919b35" dataRowInfo="16" resultType="DataDrivenDataRow" />
        <UnitTestResult executionId="c3d278dd-f053-466c-a5f1-c23189ad17cf" parentExecutionId="d9d0cad9-ab9a-4c63-92d2-003b53919b35" testId="d03eb628-bf1f-c27d-aeef-e708d613d686" testName="all_persons_modal_can_may_negation" computerName="ARPAN-LAP" duration="00:00:00.0210660" startTime="2014-06-25T20:24:39.4650210+05:30" endTime="2014-06-25T20:24:39.4860222+05:30" testType="13cdc9d9-ddb5-4fa4-a97d-d965ccfc6d4b" outcome="Passed" testListId="8c84fa94-04c1-424b-9868-57a2d4851a1d" relativeResultsDirectory="d9d0cad9-ab9a-4c63-92d2-003b53919b35" dataRowInfo="17" resultType="DataDrivenDataRow" />
        <UnitTestResult executionId="d76275a9-1255-40ae-8ff1-ecbfc797e4ca" parentExecutionId="d9d0cad9-ab9a-4c63-92d2-003b53919b35" testId="d03eb628-bf1f-c27d-aeef-e708d613d686" testName="all_persons_modal_can_may_negation" computerName="ARPAN-LAP" duration="00:00:00.0213683" startTime="2014-06-25T20:24:39.4860222+05:30" endTime="2014-06-25T20:24:39.5080235+05:30" testType="13cdc9d9-ddb5-4fa4-a97d-d965ccfc6d4b" outcome="Passed" testListId="8c84fa94-04c1-424b-9868-57a2d4851a1d" relativeResultsDirectory="d9d0cad9-ab9a-4c63-92d2-003b53919b35" dataRowInfo="18" resultType="DataDrivenDataRow" />
        <UnitTestResult executionId="8b19d955-e172-412a-872c-b9336c77ed64" parentExecutionId="d9d0cad9-ab9a-4c63-92d2-003b53919b35" testId="d03eb628-bf1f-c27d-aeef-e708d613d686" testName="all_persons_modal_can_may_negation" computerName="ARPAN-LAP" duration="00:00:00.0199348" startTime="2014-06-25T20:24:39.5080235+05:30" endTime="2014-06-25T20:24:39.5280246+05:30" testType="13cdc9d9-ddb5-4fa4-a97d-d965ccfc6d4b" outcome="Passed" testListId="8c84fa94-04c1-424b-9868-57a2d4851a1d" relativeResultsDirectory="d9d0cad9-ab9a-4c63-92d2-003b53919b35" dataRowInfo="19" resultType="DataDrivenDataRow" />
        <UnitTestResult executionId="57b82d18-27e5-4721-8f7c-6b6209c89ba4" parentExecutionId="d9d0cad9-ab9a-4c63-92d2-003b53919b35" testId="d03eb628-bf1f-c27d-aeef-e708d613d686" testName="all_persons_modal_can_may_negation" computerName="ARPAN-LAP" duration="00:00:00.0229143" startTime="2014-06-25T20:24:39.5280246+05:30" endTime="2014-06-25T20:24:39.5510259+05:30" testType="13cdc9d9-ddb5-4fa4-a97d-d965ccfc6d4b" outcome="Passed" testListId="8c84fa94-04c1-424b-9868-57a2d4851a1d" relativeResultsDirectory="d9d0cad9-ab9a-4c63-92d2-003b53919b35" dataRowInfo="20" resultType="DataDrivenDataRow" />
        <UnitTestResult executionId="2c0e3484-8b54-4f7b-8184-7856de926de4" parentExecutionId="d9d0cad9-ab9a-4c63-92d2-003b53919b35" testId="d03eb628-bf1f-c27d-aeef-e708d613d686" testName="all_persons_modal_can_may_negation" computerName="ARPAN-LAP" duration="00:00:00.0264117" startTime="2014-06-25T20:24:39.5510259+05:30" endTime="2014-06-25T20:24:39.5770274+05:30" testType="13cdc9d9-ddb5-4fa4-a97d-d965ccfc6d4b" outcome="Passed" testListId="8c84fa94-04c1-424b-9868-57a2d4851a1d" relativeResultsDirectory="d9d0cad9-ab9a-4c63-92d2-003b53919b35" dataRowInfo="21" resultType="DataDrivenDataRow" />
        <UnitTestResult executionId="dd1a3132-086a-4954-b7c9-23e511bb9062" parentExecutionId="d9d0cad9-ab9a-4c63-92d2-003b53919b35" testId="d03eb628-bf1f-c27d-aeef-e708d613d686" testName="all_persons_modal_can_may_negation" computerName="ARPAN-LAP" duration="00:00:00.0302381" startTime="2014-06-25T20:24:39.5770274+05:30" endTime="2014-06-25T20:24:39.6070291+05:30" testType="13cdc9d9-ddb5-4fa4-a97d-d965ccfc6d4b" outcome="Passed" testListId="8c84fa94-04c1-424b-9868-57a2d4851a1d" relativeResultsDirectory="d9d0cad9-ab9a-4c63-92d2-003b53919b35" dataRowInfo="22" resultType="DataDrivenDataRow" />
        <UnitTestResult executionId="ccf9b095-ffd3-4648-aef8-b14ada9f791b" parentExecutionId="d9d0cad9-ab9a-4c63-92d2-003b53919b35" testId="d03eb628-bf1f-c27d-aeef-e708d613d686" testName="all_persons_modal_can_may_negation" computerName="ARPAN-LAP" duration="00:00:00.0247092" startTime="2014-06-25T20:24:39.6080292+05:30" endTime="2014-06-25T20:24:39.6320306+05:30" testType="13cdc9d9-ddb5-4fa4-a97d-d965ccfc6d4b" outcome="Passed" testListId="8c84fa94-04c1-424b-9868-57a2d4851a1d" relativeResultsDirectory="d9d0cad9-ab9a-4c63-92d2-003b53919b35" dataRowInfo="23" resultType="DataDrivenDataRow" />
      </InnerResults>
    </UnitTestResult>
    <UnitTestResult executionId="f81e756f-e7b6-4a0d-b363-b92035f5d80e" testId="d766a059-d96c-7b47-e6a6-34931760df96" testName="all_persons_tenses_passive" computerName="ARPAN-LAP" duration="00:00:00.2745916" startTime="2014-06-25T20:24:39.7030346+05:30" endTime="2014-06-25T20:24:40.0330535+05:30" testType="13cdc9d9-ddb5-4fa4-a97d-d965ccfc6d4b" outcome="Passed" testListId="8c84fa94-04c1-424b-9868-57a2d4851a1d" relativeResultsDirectory="f81e756f-e7b6-4a0d-b363-b92035f5d80e" resultType="DataDrivenTest">
      <Counters error="0" failed="0" timeout="0" aborted="0" inconclusive="0" passedButRunAborted="0" notRunnable="0" notExecuted="0" disconnected="0" warning="0" passed="10" completed="0" inProgress="0" pending="0" />
      <InnerResults>
        <UnitTestResult executionId="b2f4854b-6056-480c-8023-fbef3a4fc523" parentExecutionId="f81e756f-e7b6-4a0d-b363-b92035f5d80e" testId="d766a059-d96c-7b47-e6a6-34931760df96" testName="all_persons_tenses_passive" computerName="ARPAN-LAP" duration="00:00:00.0212426" startTime="2014-06-25T20:24:39.7160354+05:30" endTime="2014-06-25T20:24:39.7370366+05:30" testType="13cdc9d9-ddb5-4fa4-a97d-d965ccfc6d4b" outcome="Passed" testListId="8c84fa94-04c1-424b-9868-57a2d4851a1d" relativeResultsDirectory="f81e756f-e7b6-4a0d-b363-b92035f5d80e" dataRowInfo="0" resultType="DataDrivenDataRow" />
        <UnitTestResult executionId="3044e5bd-8003-40b9-bc78-e86c756d4ff2" parentExecutionId="f81e756f-e7b6-4a0d-b363-b92035f5d80e" testId="d766a059-d96c-7b47-e6a6-34931760df96" testName="all_persons_tenses_passive" computerName="ARPAN-LAP" duration="00:00:00.0255268" startTime="2014-06-25T20:24:39.7370366+05:30" endTime="2014-06-25T20:24:39.7630381+05:30" testType="13cdc9d9-ddb5-4fa4-a97d-d965ccfc6d4b" outcome="Passed" testListId="8c84fa94-04c1-424b-9868-57a2d4851a1d" relativeResultsDirectory="f81e756f-e7b6-4a0d-b363-b92035f5d80e" dataRowInfo="1" resultType="DataDrivenDataRow" />
        <UnitTestResult executionId="ca299831-e8a3-4b64-9490-e435041735b4" parentExecutionId="f81e756f-e7b6-4a0d-b363-b92035f5d80e" testId="d766a059-d96c-7b47-e6a6-34931760df96" testName="all_persons_tenses_passive" computerName="ARPAN-LAP" duration="00:00:00.0307832" startTime="2014-06-25T20:24:39.7630381+05:30" endTime="2014-06-25T20:24:39.7930398+05:30" testType="13cdc9d9-ddb5-4fa4-a97d-d965ccfc6d4b" outcome="Passed" testListId="8c84fa94-04c1-424b-9868-57a2d4851a1d" relativeResultsDirectory="f81e756f-e7b6-4a0d-b363-b92035f5d80e" dataRowInfo="2" resultType="DataDrivenDataRow" />
        <UnitTestResult executionId="e9c2c8c9-78c7-49b2-bbbd-fb238f1660e0" parentExecutionId="f81e756f-e7b6-4a0d-b363-b92035f5d80e" testId="d766a059-d96c-7b47-e6a6-34931760df96" testName="all_persons_tenses_passive" computerName="ARPAN-LAP" duration="00:00:00.0290643" startTime="2014-06-25T20:24:39.7930398+05:30" endTime="2014-06-25T20:24:39.8220414+05:30" testType="13cdc9d9-ddb5-4fa4-a97d-d965ccfc6d4b" outcome="Passed" testListId="8c84fa94-04c1-424b-9868-57a2d4851a1d" relativeResultsDirectory="f81e756f-e7b6-4a0d-b363-b92035f5d80e" dataRowInfo="3" resultType="DataDrivenDataRow" />
        <UnitTestResult executionId="2847ac7c-eb15-4990-8e57-3524cd2c8152" parentExecutionId="f81e756f-e7b6-4a0d-b363-b92035f5d80e" testId="d766a059-d96c-7b47-e6a6-34931760df96" testName="all_persons_tenses_passive" computerName="ARPAN-LAP" duration="00:00:00.0205779" startTime="2014-06-25T20:24:39.8220414+05:30" endTime="2014-06-25T20:24:39.8430426+05:30" testType="13cdc9d9-ddb5-4fa4-a97d-d965ccfc6d4b" outcome="Passed" testListId="8c84fa94-04c1-424b-9868-57a2d4851a1d" relativeResultsDirectory="f81e756f-e7b6-4a0d-b363-b92035f5d80e" dataRowInfo="4" resultType="DataDrivenDataRow" />
        <UnitTestResult executionId="8be6c23a-b2e2-43dc-a63d-52ef32655b12" parentExecutionId="f81e756f-e7b6-4a0d-b363-b92035f5d80e" testId="d766a059-d96c-7b47-e6a6-34931760df96" testName="all_persons_tenses_passive" computerName="ARPAN-LAP" duration="00:00:00.0236005" startTime="2014-06-25T20:24:39.8430426+05:30" endTime="2014-06-25T20:24:39.8670440+05:30" testType="13cdc9d9-ddb5-4fa4-a97d-d965ccfc6d4b" outcome="Passed" testListId="8c84fa94-04c1-424b-9868-57a2d4851a1d" relativeResultsDirectory="f81e756f-e7b6-4a0d-b363-b92035f5d80e" dataRowInfo="5" resultType="DataDrivenDataRow" />
        <UnitTestResult executionId="5b863f6e-3cde-46c0-abc4-ef23e47ca523" parentExecutionId="f81e756f-e7b6-4a0d-b363-b92035f5d80e" testId="d766a059-d96c-7b47-e6a6-34931760df96" testName="all_persons_tenses_passive" computerName="ARPAN-LAP" duration="00:00:00.0274541" startTime="2014-06-25T20:24:39.8670440+05:30" endTime="2014-06-25T20:24:39.8940456+05:30" testType="13cdc9d9-ddb5-4fa4-a97d-d965ccfc6d4b" outcome="Passed" testListId="8c84fa94-04c1-424b-9868-57a2d4851a1d" relativeResultsDirectory="f81e756f-e7b6-4a0d-b363-b92035f5d80e" dataRowInfo="6" resultType="DataDrivenDataRow" />
        <UnitTestResult executionId="543a2c06-db32-4c62-9f6d-bfdafcc97e69" parentExecutionId="f81e756f-e7b6-4a0d-b363-b92035f5d80e" testId="d766a059-d96c-7b47-e6a6-34931760df96" testName="all_persons_tenses_passive" computerName="ARPAN-LAP" duration="00:00:00.0285125" startTime="2014-06-25T20:24:39.8940456+05:30" endTime="2014-06-25T20:24:39.9230472+05:30" testType="13cdc9d9-ddb5-4fa4-a97d-d965ccfc6d4b" outcome="Passed" testListId="8c84fa94-04c1-424b-9868-57a2d4851a1d" relativeResultsDirectory="f81e756f-e7b6-4a0d-b363-b92035f5d80e" dataRowInfo="7" resultType="DataDrivenDataRow" />
        <UnitTestResult executionId="8b773e5c-b372-4f13-83c8-f69470a7103e" parentExecutionId="f81e756f-e7b6-4a0d-b363-b92035f5d80e" testId="d766a059-d96c-7b47-e6a6-34931760df96" testName="all_persons_tenses_passive" computerName="ARPAN-LAP" duration="00:00:00.0311912" startTime="2014-06-25T20:24:39.9230472+05:30" endTime="2014-06-25T20:24:39.9540490+05:30" testType="13cdc9d9-ddb5-4fa4-a97d-d965ccfc6d4b" outcome="Passed" testListId="8c84fa94-04c1-424b-9868-57a2d4851a1d" relativeResultsDirectory="f81e756f-e7b6-4a0d-b363-b92035f5d80e" dataRowInfo="8" resultType="DataDrivenDataRow" />
        <UnitTestResult executionId="c8195d1e-18c9-42d0-8f47-787cd4eab9f6" parentExecutionId="f81e756f-e7b6-4a0d-b363-b92035f5d80e" testId="d766a059-d96c-7b47-e6a6-34931760df96" testName="all_persons_tenses_passive" computerName="ARPAN-LAP" duration="00:00:00.0334080" startTime="2014-06-25T20:24:39.9540490+05:30" endTime="2014-06-25T20:24:39.9870509+05:30" testType="13cdc9d9-ddb5-4fa4-a97d-d965ccfc6d4b" outcome="Passed" testListId="8c84fa94-04c1-424b-9868-57a2d4851a1d" relativeResultsDirectory="f81e756f-e7b6-4a0d-b363-b92035f5d80e" dataRowInfo="9" resultType="DataDrivenDataRow" />
      </InnerResults>
    </UnitTestResult>
    <UnitTestResult executionId="c3b3e6d1-f6b8-4ae5-960f-1cac3c171fc0" testId="fe3e63ab-391c-e168-48d0-431b85a7b898" testName="third_person_tenses_active_negation" computerName="ARPAN-LAP" duration="00:00:00.2351414" startTime="2014-06-25T20:24:40.0420540+05:30" endTime="2014-06-25T20:24:40.3170698+05:30" testType="13cdc9d9-ddb5-4fa4-a97d-d965ccfc6d4b" outcome="Passed" testListId="8c84fa94-04c1-424b-9868-57a2d4851a1d" relativeResultsDirectory="c3b3e6d1-f6b8-4ae5-960f-1cac3c171fc0" resultType="DataDrivenTest">
      <Counters error="0" failed="0" timeout="0" aborted="0" inconclusive="0" passedButRunAborted="0" notRunnable="0" notExecuted="0" disconnected="0" warning="0" passed="10" completed="0" inProgress="0" pending="0" />
      <InnerResults>
        <UnitTestResult executionId="eb905435-5815-46b3-8095-1aef18874ecb" parentExecutionId="c3b3e6d1-f6b8-4ae5-960f-1cac3c171fc0" testId="fe3e63ab-391c-e168-48d0-431b85a7b898" testName="third_person_tenses_active_negation" computerName="ARPAN-LAP" duration="00:00:00.0242206" startTime="2014-06-25T20:24:40.0500545+05:30" endTime="2014-06-25T20:24:40.0740559+05:30" testType="13cdc9d9-ddb5-4fa4-a97d-d965ccfc6d4b" outcome="Passed" testListId="8c84fa94-04c1-424b-9868-57a2d4851a1d" relativeResultsDirectory="c3b3e6d1-f6b8-4ae5-960f-1cac3c171fc0" dataRowInfo="0" resultType="DataDrivenDataRow" />
        <UnitTestResult executionId="6891ee96-94d3-42c6-a66d-b799bdc98a03" parentExecutionId="c3b3e6d1-f6b8-4ae5-960f-1cac3c171fc0" testId="fe3e63ab-391c-e168-48d0-431b85a7b898" testName="third_person_tenses_active_negation" computerName="ARPAN-LAP" duration="00:00:00.0218118" startTime="2014-06-25T20:24:40.0740559+05:30" endTime="2014-06-25T20:24:40.0960571+05:30" testType="13cdc9d9-ddb5-4fa4-a97d-d965ccfc6d4b" outcome="Passed" testListId="8c84fa94-04c1-424b-9868-57a2d4851a1d" relativeResultsDirectory="c3b3e6d1-f6b8-4ae5-960f-1cac3c171fc0" dataRowInfo="1" resultType="DataDrivenDataRow" />
        <UnitTestResult executionId="9d674df4-b8b7-48f1-8c04-69005ac02bfc" parentExecutionId="c3b3e6d1-f6b8-4ae5-960f-1cac3c171fc0" testId="fe3e63ab-391c-e168-48d0-431b85a7b898" testName="third_person_tenses_active_negation" computerName="ARPAN-LAP" duration="00:00:00.0229328" startTime="2014-06-25T20:24:40.0960571+05:30" endTime="2014-06-25T20:24:40.1190584+05:30" testType="13cdc9d9-ddb5-4fa4-a97d-d965ccfc6d4b" outcome="Passed" testListId="8c84fa94-04c1-424b-9868-57a2d4851a1d" relativeResultsDirectory="c3b3e6d1-f6b8-4ae5-960f-1cac3c171fc0" dataRowInfo="2" resultType="DataDrivenDataRow" />
        <UnitTestResult executionId="a6d9420e-3fc3-4869-ba0b-50cdb1e43d3f" parentExecutionId="c3b3e6d1-f6b8-4ae5-960f-1cac3c171fc0" testId="fe3e63ab-391c-e168-48d0-431b85a7b898" testName="third_person_tenses_active_negation" computerName="ARPAN-LAP" duration="00:00:00.0254262" startTime="2014-06-25T20:24:40.1190584+05:30" endTime="2014-06-25T20:24:40.1450599+05:30" testType="13cdc9d9-ddb5-4fa4-a97d-d965ccfc6d4b" outcome="Passed" testListId="8c84fa94-04c1-424b-9868-57a2d4851a1d" relativeResultsDirectory="c3b3e6d1-f6b8-4ae5-960f-1cac3c171fc0" dataRowInfo="3" resultType="DataDrivenDataRow" />
        <UnitTestResult executionId="d2094237-3ab9-4908-b2db-7c1f532ab175" parentExecutionId="c3b3e6d1-f6b8-4ae5-960f-1cac3c171fc0" testId="fe3e63ab-391c-e168-48d0-431b85a7b898" testName="third_person_tenses_active_negation" computerName="ARPAN-LAP" duration="00:00:00.0201195" startTime="2014-06-25T20:24:40.1450599+05:30" endTime="2014-06-25T20:24:40.1650611+05:30" testType="13cdc9d9-ddb5-4fa4-a97d-d965ccfc6d4b" outcome="Passed" testListId="8c84fa94-04c1-424b-9868-57a2d4851a1d" relativeResultsDirectory="c3b3e6d1-f6b8-4ae5-960f-1cac3c171fc0" dataRowInfo="4" resultType="DataDrivenDataRow" />
        <UnitTestResult executionId="89af9a23-cce1-4e9a-a8a6-09ab06dd6644" parentExecutionId="c3b3e6d1-f6b8-4ae5-960f-1cac3c171fc0" testId="fe3e63ab-391c-e168-48d0-431b85a7b898" testName="third_person_tenses_active_negation" computerName="ARPAN-LAP" duration="00:00:00.0225170" startTime="2014-06-25T20:24:40.1650611+05:30" endTime="2014-06-25T20:24:40.1870623+05:30" testType="13cdc9d9-ddb5-4fa4-a97d-d965ccfc6d4b" outcome="Passed" testListId="8c84fa94-04c1-424b-9868-57a2d4851a1d" relativeResultsDirectory="c3b3e6d1-f6b8-4ae5-960f-1cac3c171fc0" dataRowInfo="5" resultType="DataDrivenDataRow" />
        <UnitTestResult executionId="bd486a13-2ece-4e98-980d-c0c38ed51fcd" parentExecutionId="c3b3e6d1-f6b8-4ae5-960f-1cac3c171fc0" testId="fe3e63ab-391c-e168-48d0-431b85a7b898" testName="third_person_tenses_active_negation" computerName="ARPAN-LAP" duration="00:00:00.0226751" startTime="2014-06-25T20:24:40.1870623+05:30" endTime="2014-06-25T20:24:40.2100636+05:30" testType="13cdc9d9-ddb5-4fa4-a97d-d965ccfc6d4b" outcome="Passed" testListId="8c84fa94-04c1-424b-9868-57a2d4851a1d" relativeResultsDirectory="c3b3e6d1-f6b8-4ae5-960f-1cac3c171fc0" dataRowInfo="6" resultType="DataDrivenDataRow" />
        <UnitTestResult executionId="83b0c16d-8f09-4e54-b8dc-906c792fa579" parentExecutionId="c3b3e6d1-f6b8-4ae5-960f-1cac3c171fc0" testId="fe3e63ab-391c-e168-48d0-431b85a7b898" testName="third_person_tenses_active_negation" computerName="ARPAN-LAP" duration="00:00:00.0254432" startTime="2014-06-25T20:24:40.2100636+05:30" endTime="2014-06-25T20:24:40.2360651+05:30" testType="13cdc9d9-ddb5-4fa4-a97d-d965ccfc6d4b" outcome="Passed" testListId="8c84fa94-04c1-424b-9868-57a2d4851a1d" relativeResultsDirectory="c3b3e6d1-f6b8-4ae5-960f-1cac3c171fc0" dataRowInfo="7" resultType="DataDrivenDataRow" />
        <UnitTestResult executionId="36d4b500-68f8-4e03-93cc-d6b291ff99d5" parentExecutionId="c3b3e6d1-f6b8-4ae5-960f-1cac3c171fc0" testId="fe3e63ab-391c-e168-48d0-431b85a7b898" testName="third_person_tenses_active_negation" computerName="ARPAN-LAP" duration="00:00:00.0216860" startTime="2014-06-25T20:24:40.2360651+05:30" endTime="2014-06-25T20:24:40.2570663+05:30" testType="13cdc9d9-ddb5-4fa4-a97d-d965ccfc6d4b" outcome="Passed" testListId="8c84fa94-04c1-424b-9868-57a2d4851a1d" relativeResultsDirectory="c3b3e6d1-f6b8-4ae5-960f-1cac3c171fc0" dataRowInfo="8" resultType="DataDrivenDataRow" />
        <UnitTestResult executionId="619a9215-8493-4102-ac9a-c82503ef7bf5" parentExecutionId="c3b3e6d1-f6b8-4ae5-960f-1cac3c171fc0" testId="fe3e63ab-391c-e168-48d0-431b85a7b898" testName="third_person_tenses_active_negation" computerName="ARPAN-LAP" duration="00:00:00.0254709" startTime="2014-06-25T20:24:40.2570663+05:30" endTime="2014-06-25T20:24:40.2830678+05:30" testType="13cdc9d9-ddb5-4fa4-a97d-d965ccfc6d4b" outcome="Passed" testListId="8c84fa94-04c1-424b-9868-57a2d4851a1d" relativeResultsDirectory="c3b3e6d1-f6b8-4ae5-960f-1cac3c171fc0" dataRowInfo="9" resultType="DataDrivenDataRow" />
      </InnerResults>
    </UnitTestResult>
  </Results>
</TestRun>