<?xml version="1.0" encoding="UTF-8"?>
<TestRun id="459304f2-16f9-46fc-99b2-aee93d770342" name="Arghya@ARPAN-LAP 2014-06-29 14:49:31" runUser="ARPAN-LAP\Arghya" xmlns="http://microsoft.com/schemas/VisualStudio/TeamTest/2010">
  <TestSettings name="Default Test Settings" id="87365bf6-05be-49e4-9a78-731e742a9afd">
    <Execution>
      <TestTypeSpecific />
      <AgentRule name="Execution Agents">
      </AgentRule>
    </Execution>
    <Deployment runDeploymentRoot="Arghya_ARPAN-LAP 2014-06-29 14_49_31" />
  </TestSettings>
  <Times creation="2014-06-29T14:49:31.0955771+05:30" queuing="2014-06-29T14:49:36.7338996+05:30" start="2014-06-29T14:49:37.0719190+05:30" finish="2014-06-29T14:49:58.5351466+05:30" />
  <ResultSummary outcome="Failed">
    <Counters total="309" executed="309" passed="301" error="0" failed="8" timeout="0" aborted="0" inconclusive="0" passedButRunAborted="0" notRunnable="0" notExecuted="0" disconnected="0" warning="0" completed="0" inProgress="0" pending="0" />
    <RunInfos>
      <RunInfo computerName="ARPAN-LAP" outcome="Warning" timestamp="2014-06-29T14:49:33.8137326+05:30">
        <Text>Warning: Test Run deployment issue: Failed to get the file for deployment item '..\UnitTest\TestCases\wikipedia.xml' specified by the test 'UnitTest.BnlpTest.RandomWord': System.IO.DirectoryNotFoundException: Could not find a part of the path 'D:\software\Project\UnitTest\TestCases\wikipedia.xml'.</Text>
        <Exception>System.IO.DirectoryNotFoundException: Could not find a part of the path 'D:\software\Project\UnitTest\TestCases\wikipedia.xml'.
   at System.IO.__Error.WinIOError(Int32 errorCode, String maybeFullPath)
   at System.IO.File.GetAttributes(String path)
   at Microsoft.VisualStudio.TestTools.Common.SingleFileProvider.GetFilePaths()
   at Microsoft.VisualStudio.TestTools.TestManagement.DeploymentCoverageItem.GetFiles(TestRunConfiguration runConfig)
   at Microsoft.VisualStudio.TestTools.TestManagement.DeploymentManager.DoDeployment(TestRun run, FileCopyService fileCopyService)</Exception>
      </RunInfo>
      <RunInfo computerName="ARPAN-LAP" outcome="Warning" timestamp="2014-06-29T14:49:33.8167328+05:30">
        <Text>Warning: Test Run deployment issue: Failed to get the file for deployment item '..\UnitTest\TestCases\interrogative_sentences_who.xml' specified by the test 'UnitTest.BnlpTest.interrogative_sentences_who': System.IO.DirectoryNotFoundException: Could not find a part of the path 'D:\software\Project\UnitTest\TestCases\interrogative_sentences_who.xml'.</Text>
        <Exception>System.IO.DirectoryNotFoundException: Could not find a part of the path 'D:\software\Project\UnitTest\TestCases\interrogative_sentences_who.xml'.
   at System.IO.__Error.WinIOError(Int32 errorCode, String maybeFullPath)
   at System.IO.File.GetAttributes(String path)
   at Microsoft.VisualStudio.TestTools.Common.SingleFileProvider.GetFilePaths()
   at Microsoft.VisualStudio.TestTools.TestManagement.DeploymentCoverageItem.GetFiles(TestRunConfiguration runConfig)
   at Microsoft.VisualStudio.TestTools.TestManagement.DeploymentManager.DoDeployment(TestRun run, FileCopyService fileCopyService)</Exception>
      </RunInfo>
      <RunInfo computerName="ARPAN-LAP" outcome="Warning" timestamp="2014-06-29T14:49:33.8177328+05:30">
        <Text>Warning: Test Run deployment issue: Failed to get the file for deployment item '..\UnitTest\TestCases\special_handling_do_verb.xml' specified by the test 'UnitTest.BnlpTest.special_handling_do_verb': System.IO.DirectoryNotFoundException: Could not find a part of the path 'D:\software\Project\UnitTest\TestCases\special_handling_do_verb.xml'.</Text>
        <Exception>System.IO.DirectoryNotFoundException: Could not find a part of the path 'D:\software\Project\UnitTest\TestCases\special_handling_do_verb.xml'.
   at System.IO.__Error.WinIOError(Int32 errorCode, String maybeFullPath)
   at System.IO.File.GetAttributes(String path)
   at Microsoft.VisualStudio.TestTools.Common.SingleFileProvider.GetFilePaths()
   at Microsoft.VisualStudio.TestTools.TestManagement.DeploymentCoverageItem.GetFiles(TestRunConfiguration runConfig)
   at Microsoft.VisualStudio.TestTools.TestManagement.DeploymentManager.DoDeployment(TestRun run, FileCopyService fileCopyService)</Exception>
      </RunInfo>
      <RunInfo computerName="ARPAN-LAP" outcome="Warning" timestamp="2014-06-29T14:49:33.8197330+05:30">
        <Text>Warning: Test Run deployment issue: Failed to get the file for deployment item '..\UnitTest\TestCases\interrogative_sentences_which.xml' specified by the test 'UnitTest.BnlpTest.interrogative_sentences_which': System.IO.DirectoryNotFoundException: Could not find a part of the path 'D:\software\Project\UnitTest\TestCases\interrogative_sentences_which.xml'.</Text>
        <Exception>System.IO.DirectoryNotFoundException: Could not find a part of the path 'D:\software\Project\UnitTest\TestCases\interrogative_sentences_which.xml'.
   at System.IO.__Error.WinIOError(Int32 errorCode, String maybeFullPath)
   at System.IO.File.GetAttributes(String path)
   at Microsoft.VisualStudio.TestTools.Common.SingleFileProvider.GetFilePaths()
   at Microsoft.VisualStudio.TestTools.TestManagement.DeploymentCoverageItem.GetFiles(TestRunConfiguration runConfig)
   at Microsoft.VisualStudio.TestTools.TestManagement.DeploymentManager.DoDeployment(TestRun run, FileCopyService fileCopyService)</Exception>
      </RunInfo>
      <RunInfo computerName="ARPAN-LAP" outcome="Warning" timestamp="2014-06-29T14:49:33.8217331+05:30">
        <Text>Warning: Test Run deployment issue: Failed to get the file for deployment item '..\UnitTest\TestCases\all_persons_modal_should.xml' specified by the test 'UnitTest.BnlpTest.all_persons_modal_should': System.IO.DirectoryNotFoundException: Could not find a part of the path 'D:\software\Project\UnitTest\TestCases\all_persons_modal_should.xml'.</Text>
        <Exception>System.IO.DirectoryNotFoundException: Could not find a part of the path 'D:\software\Project\UnitTest\TestCases\all_persons_modal_should.xml'.
   at System.IO.__Error.WinIOError(Int32 errorCode, String maybeFullPath)
   at System.IO.File.GetAttributes(String path)
   at Microsoft.VisualStudio.TestTools.Common.SingleFileProvider.GetFilePaths()
   at Microsoft.VisualStudio.TestTools.TestManagement.DeploymentCoverageItem.GetFiles(TestRunConfiguration runConfig)
   at Microsoft.VisualStudio.TestTools.TestManagement.DeploymentManager.DoDeployment(TestRun run, FileCopyService fileCopyService)</Exception>
      </RunInfo>
      <RunInfo computerName="ARPAN-LAP" outcome="Warning" timestamp="2014-06-29T14:49:33.8227331+05:30">
        <Text>Warning: Test Run deployment issue: Failed to get the file for deployment item '..\UnitTest\TestCases\third_person_tenses_active.xml' specified by the test 'UnitTest.BnlpTest.third_person_tenses_active': System.IO.DirectoryNotFoundException: Could not find a part of the path 'D:\software\Project\UnitTest\TestCases\third_person_tenses_active.xml'.</Text>
        <Exception>System.IO.DirectoryNotFoundException: Could not find a part of the path 'D:\software\Project\UnitTest\TestCases\third_person_tenses_active.xml'.
   at System.IO.__Error.WinIOError(Int32 errorCode, String maybeFullPath)
   at System.IO.File.GetAttributes(String path)
   at Microsoft.VisualStudio.TestTools.Common.SingleFileProvider.GetFilePaths()
   at Microsoft.VisualStudio.TestTools.TestManagement.DeploymentCoverageItem.GetFiles(TestRunConfiguration runConfig)
   at Microsoft.VisualStudio.TestTools.TestManagement.DeploymentManager.DoDeployment(TestRun run, FileCopyService fileCopyService)</Exception>
      </RunInfo>
      <RunInfo computerName="ARPAN-LAP" outcome="Warning" timestamp="2014-06-29T14:49:33.8247332+05:30">
        <Text>Warning: Test Run deployment issue: Failed to get the file for deployment item '..\UnitTest\TestCases\all_persons_tenses_passive.xml' specified by the test 'UnitTest.BnlpTest.all_persons_tenses_passive': System.IO.DirectoryNotFoundException: Could not find a part of the path 'D:\software\Project\UnitTest\TestCases\all_persons_tenses_passive.xml'.</Text>
        <Exception>System.IO.DirectoryNotFoundException: Could not find a part of the path 'D:\software\Project\UnitTest\TestCases\all_persons_tenses_passive.xml'.
   at System.IO.__Error.WinIOError(Int32 errorCode, String maybeFullPath)
   at System.IO.File.GetAttributes(String path)
   at Microsoft.VisualStudio.TestTools.Common.SingleFileProvider.GetFilePaths()
   at Microsoft.VisualStudio.TestTools.TestManagement.DeploymentCoverageItem.GetFiles(TestRunConfiguration runConfig)
   at Microsoft.VisualStudio.TestTools.TestManagement.DeploymentManager.DoDeployment(TestRun run, FileCopyService fileCopyService)</Exception>
      </RunInfo>
      <RunInfo computerName="ARPAN-LAP" outcome="Warning" timestamp="2014-06-29T14:49:33.8267334+05:30">
        <Text>Warning: Test Run deployment issue: Failed to get the file for deployment item '..\UnitTest\TestCases\interrogative_sentences_aux.xml' specified by the test 'UnitTest.BnlpTest.interrogative_sentences_aux': System.IO.DirectoryNotFoundException: Could not find a part of the path 'D:\software\Project\UnitTest\TestCases\interrogative_sentences_aux.xml'.</Text>
        <Exception>System.IO.DirectoryNotFoundException: Could not find a part of the path 'D:\software\Project\UnitTest\TestCases\interrogative_sentences_aux.xml'.
   at System.IO.__Error.WinIOError(Int32 errorCode, String maybeFullPath)
   at System.IO.File.GetAttributes(String path)
   at Microsoft.VisualStudio.TestTools.Common.SingleFileProvider.GetFilePaths()
   at Microsoft.VisualStudio.TestTools.TestManagement.DeploymentCoverageItem.GetFiles(TestRunConfiguration runConfig)
   at Microsoft.VisualStudio.TestTools.TestManagement.DeploymentManager.DoDeployment(TestRun run, FileCopyService fileCopyService)</Exception>
      </RunInfo>
      <RunInfo computerName="ARPAN-LAP" outcome="Warning" timestamp="2014-06-29T14:49:33.8287335+05:30">
        <Text>Warning: Test Run deployment issue: Failed to get the file for deployment item '..\UnitTest\TestCases\second_person_tenses_active_negation.xml' specified by the test 'UnitTest.BnlpTest.second_person_tenses_active_negation': System.IO.DirectoryNotFoundException: Could not find a part of the path 'D:\software\Project\UnitTest\TestCases\second_person_tenses_active_negation.xml'.</Text>
        <Exception>System.IO.DirectoryNotFoundException: Could not find a part of the path 'D:\software\Project\UnitTest\TestCases\second_person_tenses_active_negation.xml'.
   at System.IO.__Error.WinIOError(Int32 errorCode, String maybeFullPath)
   at System.IO.File.GetAttributes(String path)
   at Microsoft.VisualStudio.TestTools.Common.SingleFileProvider.GetFilePaths()
   at Microsoft.VisualStudio.TestTools.TestManagement.DeploymentCoverageItem.GetFiles(TestRunConfiguration runConfig)
   at Microsoft.VisualStudio.TestTools.TestManagement.DeploymentManager.DoDeployment(TestRun run, FileCopyService fileCopyService)</Exception>
      </RunInfo>
      <RunInfo computerName="ARPAN-LAP" outcome="Warning" timestamp="2014-06-29T14:49:33.8297335+05:30">
        <Text>Warning: Test Run deployment issue: Failed to get the file for deployment item '..\UnitTest\TestCases\interrogative_sentences_where.xml' specified by the test 'UnitTest.BnlpTest.interrogative_sentences_where': System.IO.DirectoryNotFoundException: Could not find a part of the path 'D:\software\Project\UnitTest\TestCases\interrogative_sentences_where.xml'.</Text>
        <Exception>System.IO.DirectoryNotFoundException: Could not find a part of the path 'D:\software\Project\UnitTest\TestCases\interrogative_sentences_where.xml'.
   at System.IO.__Error.WinIOError(Int32 errorCode, String maybeFullPath)
   at System.IO.File.GetAttributes(String path)
   at Microsoft.VisualStudio.TestTools.Common.SingleFileProvider.GetFilePaths()
   at Microsoft.VisualStudio.TestTools.TestManagement.DeploymentCoverageItem.GetFiles(TestRunConfiguration runConfig)
   at Microsoft.VisualStudio.TestTools.TestManagement.DeploymentManager.DoDeployment(TestRun run, FileCopyService fileCopyService)</Exception>
      </RunInfo>
      <RunInfo computerName="ARPAN-LAP" outcome="Warning" timestamp="2014-06-29T14:49:33.8317336+05:30">
        <Text>Warning: Test Run deployment issue: Failed to get the file for deployment item '..\UnitTest\TestCases\prepositions_made_with_three_words.xml' specified by the test 'UnitTest.BnlpTest.prepositions_made_with_three_words': System.IO.DirectoryNotFoundException: Could not find a part of the path 'D:\software\Project\UnitTest\TestCases\prepositions_made_with_three_words.xml'.</Text>
        <Exception>System.IO.DirectoryNotFoundException: Could not find a part of the path 'D:\software\Project\UnitTest\TestCases\prepositions_made_with_three_words.xml'.
   at System.IO.__Error.WinIOError(Int32 errorCode, String maybeFullPath)
   at System.IO.File.GetAttributes(String path)
   at Microsoft.VisualStudio.TestTools.Common.SingleFileProvider.GetFilePaths()
   at Microsoft.VisualStudio.TestTools.TestManagement.DeploymentCoverageItem.GetFiles(TestRunConfiguration runConfig)
   at Microsoft.VisualStudio.TestTools.TestManagement.DeploymentManager.DoDeployment(TestRun run, FileCopyService fileCopyService)</Exception>
      </RunInfo>
      <RunInfo computerName="ARPAN-LAP" outcome="Warning" timestamp="2014-06-29T14:49:33.8337338+05:30">
        <Text>Warning: Test Run deployment issue: Failed to get the file for deployment item '..\UnitTest\TestCases\interrogative_sentences_what.xml' specified by the test 'UnitTest.BnlpTest.interrogative_sentences_what': System.IO.DirectoryNotFoundException: Could not find a part of the path 'D:\software\Project\UnitTest\TestCases\interrogative_sentences_what.xml'.</Text>
        <Exception>System.IO.DirectoryNotFoundException: Could not find a part of the path 'D:\software\Project\UnitTest\TestCases\interrogative_sentences_what.xml'.
   at System.IO.__Error.WinIOError(Int32 errorCode, String maybeFullPath)
   at System.IO.File.GetAttributes(String path)
   at Microsoft.VisualStudio.TestTools.Common.SingleFileProvider.GetFilePaths()
   at Microsoft.VisualStudio.TestTools.TestManagement.DeploymentCoverageItem.GetFiles(TestRunConfiguration runConfig)
   at Microsoft.VisualStudio.TestTools.TestManagement.DeploymentManager.DoDeployment(TestRun run, FileCopyService fileCopyService)</Exception>
      </RunInfo>
      <RunInfo computerName="ARPAN-LAP" outcome="Warning" timestamp="2014-06-29T14:49:33.8357339+05:30">
        <Text>Warning: Test Run deployment issue: Failed to get the file for deployment item '..\UnitTest\TestCases\interrogative_sentences_how.xml' specified by the test 'UnitTest.BnlpTest.interrogative_sentences_how': System.IO.DirectoryNotFoundException: Could not find a part of the path 'D:\software\Project\UnitTest\TestCases\interrogative_sentences_how.xml'.</Text>
        <Exception>System.IO.DirectoryNotFoundException: Could not find a part of the path 'D:\software\Project\UnitTest\TestCases\interrogative_sentences_how.xml'.
   at System.IO.__Error.WinIOError(Int32 errorCode, String maybeFullPath)
   at System.IO.File.GetAttributes(String path)
   at Microsoft.VisualStudio.TestTools.Common.SingleFileProvider.GetFilePaths()
   at Microsoft.VisualStudio.TestTools.TestManagement.DeploymentCoverageItem.GetFiles(TestRunConfiguration runConfig)
   at Microsoft.VisualStudio.TestTools.TestManagement.DeploymentManager.DoDeployment(TestRun run, FileCopyService fileCopyService)</Exception>
      </RunInfo>
      <RunInfo computerName="ARPAN-LAP" outcome="Warning" timestamp="2014-06-29T14:49:33.8367339+05:30">
        <Text>Warning: Test Run deployment issue: Failed to get the file for deployment item '..\UnitTest\TestCases\interrogative_sentences_whom.xml' specified by the test 'UnitTest.BnlpTest.interrogative_sentences_whom': System.IO.DirectoryNotFoundException: Could not find a part of the path 'D:\software\Project\UnitTest\TestCases\interrogative_sentences_whom.xml'.</Text>
        <Exception>System.IO.DirectoryNotFoundException: Could not find a part of the path 'D:\software\Project\UnitTest\TestCases\interrogative_sentences_whom.xml'.
   at System.IO.__Error.WinIOError(Int32 errorCode, String maybeFullPath)
   at System.IO.File.GetAttributes(String path)
   at Microsoft.VisualStudio.TestTools.Common.SingleFileProvider.GetFilePaths()
   at Microsoft.VisualStudio.TestTools.TestManagement.DeploymentCoverageItem.GetFiles(TestRunConfiguration runConfig)
   at Microsoft.VisualStudio.TestTools.TestManagement.DeploymentManager.DoDeployment(TestRun run, FileCopyService fileCopyService)</Exception>
      </RunInfo>
      <RunInfo computerName="ARPAN-LAP" outcome="Warning" timestamp="2014-06-29T14:49:33.8387340+05:30">
        <Text>Warning: Test Run deployment issue: Failed to get the file for deployment item '..\UnitTest\TestCases\second_person_tenses_active.xml' specified by the test 'UnitTest.BnlpTest.second_person_tenses_active': System.IO.DirectoryNotFoundException: Could not find a part of the path 'D:\software\Project\UnitTest\TestCases\second_person_tenses_active.xml'.</Text>
        <Exception>System.IO.DirectoryNotFoundException: Could not find a part of the path 'D:\software\Project\UnitTest\TestCases\second_person_tenses_active.xml'.
   at System.IO.__Error.WinIOError(Int32 errorCode, String maybeFullPath)
   at System.IO.File.GetAttributes(String path)
   at Microsoft.VisualStudio.TestTools.Common.SingleFileProvider.GetFilePaths()
   at Microsoft.VisualStudio.TestTools.TestManagement.DeploymentCoverageItem.GetFiles(TestRunConfiguration runConfig)
   at Microsoft.VisualStudio.TestTools.TestManagement.DeploymentManager.DoDeployment(TestRun run, FileCopyService fileCopyService)</Exception>
      </RunInfo>
      <RunInfo computerName="ARPAN-LAP" outcome="Warning" timestamp="2014-06-29T14:49:33.8397341+05:30">
        <Text>Warning: Test Run deployment issue: Failed to get the file for deployment item '..\UnitTest\TestCases\all_persons_modal_should_negation.xml' specified by the test 'UnitTest.BnlpTest.all_persons_modal_should_negation': System.IO.DirectoryNotFoundException: Could not find a part of the path 'D:\software\Project\UnitTest\TestCases\all_persons_modal_should_negation.xml'.</Text>
        <Exception>System.IO.DirectoryNotFoundException: Could not find a part of the path 'D:\software\Project\UnitTest\TestCases\all_persons_modal_should_negation.xml'.
   at System.IO.__Error.WinIOError(Int32 errorCode, String maybeFullPath)
   at System.IO.File.GetAttributes(String path)
   at Microsoft.VisualStudio.TestTools.Common.SingleFileProvider.GetFilePaths()
   at Microsoft.VisualStudio.TestTools.TestManagement.DeploymentCoverageItem.GetFiles(TestRunConfiguration runConfig)
   at Microsoft.VisualStudio.TestTools.TestManagement.DeploymentManager.DoDeployment(TestRun run, FileCopyService fileCopyService)</Exception>
      </RunInfo>
      <RunInfo computerName="ARPAN-LAP" outcome="Warning" timestamp="2014-06-29T14:49:33.8407342+05:30">
        <Text>Warning: Test Run deployment issue: Failed to get the file for deployment item '..\UnitTest\TestCases\first_person_tenses_active_negation.xml' specified by the test 'UnitTest.BnlpTest.first_person_tenses_active_negation': System.IO.DirectoryNotFoundException: Could not find a part of the path 'D:\software\Project\UnitTest\TestCases\first_person_tenses_active_negation.xml'.</Text>
        <Exception>System.IO.DirectoryNotFoundException: Could not find a part of the path 'D:\software\Project\UnitTest\TestCases\first_person_tenses_active_negation.xml'.
   at System.IO.__Error.WinIOError(Int32 errorCode, String maybeFullPath)
   at System.IO.File.GetAttributes(String path)
   at Microsoft.VisualStudio.TestTools.Common.SingleFileProvider.GetFilePaths()
   at Microsoft.VisualStudio.TestTools.TestManagement.DeploymentCoverageItem.GetFiles(TestRunConfiguration runConfig)
   at Microsoft.VisualStudio.TestTools.TestManagement.DeploymentManager.DoDeployment(TestRun run, FileCopyService fileCopyService)</Exception>
      </RunInfo>
      <RunInfo computerName="ARPAN-LAP" outcome="Warning" timestamp="2014-06-29T14:49:33.8427343+05:30">
        <Text>Warning: Test Run deployment issue: Failed to get the file for deployment item '..\UnitTest\TestCases\all_persons_modal_can_may_negation.xml' specified by the test 'UnitTest.BnlpTest.all_persons_modal_can_may_negation': System.IO.DirectoryNotFoundException: Could not find a part of the path 'D:\software\Project\UnitTest\TestCases\all_persons_modal_can_may_negation.xml'.</Text>
        <Exception>System.IO.DirectoryNotFoundException: Could not find a part of the path 'D:\software\Project\UnitTest\TestCases\all_persons_modal_can_may_negation.xml'.
   at System.IO.__Error.WinIOError(Int32 errorCode, String maybeFullPath)
   at System.IO.File.GetAttributes(String path)
   at Microsoft.VisualStudio.TestTools.Common.SingleFileProvider.GetFilePaths()
   at Microsoft.VisualStudio.TestTools.TestManagement.DeploymentCoverageItem.GetFiles(TestRunConfiguration runConfig)
   at Microsoft.VisualStudio.TestTools.TestManagement.DeploymentManager.DoDeployment(TestRun run, FileCopyService fileCopyService)</Exception>
      </RunInfo>
      <RunInfo computerName="ARPAN-LAP" outcome="Warning" timestamp="2014-06-29T14:49:33.8437343+05:30">
        <Text>Warning: Test Run deployment issue: Failed to get the file for deployment item '..\UnitTest\TestCases\third_person_tenses_active_negation.xml' specified by the test 'UnitTest.BnlpTest.third_person_tenses_active_negation': System.IO.DirectoryNotFoundException: Could not find a part of the path 'D:\software\Project\UnitTest\TestCases\third_person_tenses_active_negation.xml'.</Text>
        <Exception>System.IO.DirectoryNotFoundException: Could not find a part of the path 'D:\software\Project\UnitTest\TestCases\third_person_tenses_active_negation.xml'.
   at System.IO.__Error.WinIOError(Int32 errorCode, String maybeFullPath)
   at System.IO.File.GetAttributes(String path)
   at Microsoft.VisualStudio.TestTools.Common.SingleFileProvider.GetFilePaths()
   at Microsoft.VisualStudio.TestTools.TestManagement.DeploymentCoverageItem.GetFiles(TestRunConfiguration runConfig)
   at Microsoft.VisualStudio.TestTools.TestManagement.DeploymentManager.DoDeployment(TestRun run, FileCopyService fileCopyService)</Exception>
      </RunInfo>
      <RunInfo computerName="ARPAN-LAP" outcome="Warning" timestamp="2014-06-29T14:49:33.8447344+05:30">
        <Text>Warning: Test Run deployment issue: Failed to get the file for deployment item '..\UnitTest\TestCases\interrogative_sentences_do.xml' specified by the test 'UnitTest.BnlpTest.interrogative_sentences_do': System.IO.DirectoryNotFoundException: Could not find a part of the path 'D:\software\Project\UnitTest\TestCases\interrogative_sentences_do.xml'.</Text>
        <Exception>System.IO.DirectoryNotFoundException: Could not find a part of the path 'D:\software\Project\UnitTest\TestCases\interrogative_sentences_do.xml'.
   at System.IO.__Error.WinIOError(Int32 errorCode, String maybeFullPath)
   at System.IO.File.GetAttributes(String path)
   at Microsoft.VisualStudio.TestTools.Common.SingleFileProvider.GetFilePaths()
   at Microsoft.VisualStudio.TestTools.TestManagement.DeploymentCoverageItem.GetFiles(TestRunConfiguration runConfig)
   at Microsoft.VisualStudio.TestTools.TestManagement.DeploymentManager.DoDeployment(TestRun run, FileCopyService fileCopyService)</Exception>
      </RunInfo>
      <RunInfo computerName="ARPAN-LAP" outcome="Warning" timestamp="2014-06-29T14:49:33.8467345+05:30">
        <Text>Warning: Test Run deployment issue: Failed to get the file for deployment item '..\UnitTest\TestCases\auxiliary_verbs_as_main_verbs.xml' specified by the test 'UnitTest.BnlpTest.auxiliary_verbs_as_main_verbs': System.IO.DirectoryNotFoundException: Could not find a part of the path 'D:\software\Project\UnitTest\TestCases\auxiliary_verbs_as_main_verbs.xml'.</Text>
        <Exception>System.IO.DirectoryNotFoundException: Could not find a part of the path 'D:\software\Project\UnitTest\TestCases\auxiliary_verbs_as_main_verbs.xml'.
   at System.IO.__Error.WinIOError(Int32 errorCode, String maybeFullPath)
   at System.IO.File.GetAttributes(String path)
   at Microsoft.VisualStudio.TestTools.Common.SingleFileProvider.GetFilePaths()
   at Microsoft.VisualStudio.TestTools.TestManagement.DeploymentCoverageItem.GetFiles(TestRunConfiguration runConfig)
   at Microsoft.VisualStudio.TestTools.TestManagement.DeploymentManager.DoDeployment(TestRun run, FileCopyService fileCopyService)</Exception>
      </RunInfo>
      <RunInfo computerName="ARPAN-LAP" outcome="Warning" timestamp="2014-06-29T14:49:33.8477346+05:30">
        <Text>Warning: Test Run deployment issue: Failed to get the file for deployment item '..\UnitTest\TestCases\all_persons_tenses_passive_negation.xml' specified by the test 'UnitTest.BnlpTest.all_persons_tenses_passive_negation': System.IO.DirectoryNotFoundException: Could not find a part of the path 'D:\software\Project\UnitTest\TestCases\all_persons_tenses_passive_negation.xml'.</Text>
        <Exception>System.IO.DirectoryNotFoundException: Could not find a part of the path 'D:\software\Project\UnitTest\TestCases\all_persons_tenses_passive_negation.xml'.
   at System.IO.__Error.WinIOError(Int32 errorCode, String maybeFullPath)
   at System.IO.File.GetAttributes(String path)
   at Microsoft.VisualStudio.TestTools.Common.SingleFileProvider.GetFilePaths()
   at Microsoft.VisualStudio.TestTools.TestManagement.DeploymentCoverageItem.GetFiles(TestRunConfiguration runConfig)
   at Microsoft.VisualStudio.TestTools.TestManagement.DeploymentManager.DoDeployment(TestRun run, FileCopyService fileCopyService)</Exception>
      </RunInfo>
      <RunInfo computerName="ARPAN-LAP" outcome="Warning" timestamp="2014-06-29T14:49:33.8487346+05:30">
        <Text>Warning: Test Run deployment issue: Failed to get the file for deployment item '..\UnitTest\TestCases\prepositions_made_with_two_words.xml' specified by the test 'UnitTest.BnlpTest.prepositions_made_with_two_words': System.IO.DirectoryNotFoundException: Could not find a part of the path 'D:\software\Project\UnitTest\TestCases\prepositions_made_with_two_words.xml'.</Text>
        <Exception>System.IO.DirectoryNotFoundException: Could not find a part of the path 'D:\software\Project\UnitTest\TestCases\prepositions_made_with_two_words.xml'.
   at System.IO.__Error.WinIOError(Int32 errorCode, String maybeFullPath)
   at System.IO.File.GetAttributes(String path)
   at Microsoft.VisualStudio.TestTools.Common.SingleFileProvider.GetFilePaths()
   at Microsoft.VisualStudio.TestTools.TestManagement.DeploymentCoverageItem.GetFiles(TestRunConfiguration runConfig)
   at Microsoft.VisualStudio.TestTools.TestManagement.DeploymentManager.DoDeployment(TestRun run, FileCopyService fileCopyService)</Exception>
      </RunInfo>
      <RunInfo computerName="ARPAN-LAP" outcome="Warning" timestamp="2014-06-29T14:49:33.8497347+05:30">
        <Text>Warning: Test Run deployment issue: Failed to get the file for deployment item '..\UnitTest\TestCases\first_person_tenses_active.xml' specified by the test 'UnitTest.BnlpTest.first_person_tenses_active': System.IO.DirectoryNotFoundException: Could not find a part of the path 'D:\software\Project\UnitTest\TestCases\first_person_tenses_active.xml'.</Text>
        <Exception>System.IO.DirectoryNotFoundException: Could not find a part of the path 'D:\software\Project\UnitTest\TestCases\first_person_tenses_active.xml'.
   at System.IO.__Error.WinIOError(Int32 errorCode, String maybeFullPath)
   at System.IO.File.GetAttributes(String path)
   at Microsoft.VisualStudio.TestTools.Common.SingleFileProvider.GetFilePaths()
   at Microsoft.VisualStudio.TestTools.TestManagement.DeploymentCoverageItem.GetFiles(TestRunConfiguration runConfig)
   at Microsoft.VisualStudio.TestTools.TestManagement.DeploymentManager.DoDeployment(TestRun run, FileCopyService fileCopyService)</Exception>
      </RunInfo>
      <RunInfo computerName="ARPAN-LAP" outcome="Warning" timestamp="2014-06-29T14:49:33.8507347+05:30">
        <Text>Warning: Test Run deployment issue: Failed to get the file for deployment item '..\UnitTest\TestCases\interrogative_sentences_why.xml' specified by the test 'UnitTest.BnlpTest.interrogative_sentences_why': System.IO.DirectoryNotFoundException: Could not find a part of the path 'D:\software\Project\UnitTest\TestCases\interrogative_sentences_why.xml'.</Text>
        <Exception>System.IO.DirectoryNotFoundException: Could not find a part of the path 'D:\software\Project\UnitTest\TestCases\interrogative_sentences_why.xml'.
   at System.IO.__Error.WinIOError(Int32 errorCode, String maybeFullPath)
   at System.IO.File.GetAttributes(String path)
   at Microsoft.VisualStudio.TestTools.Common.SingleFileProvider.GetFilePaths()
   at Microsoft.VisualStudio.TestTools.TestManagement.DeploymentCoverageItem.GetFiles(TestRunConfiguration runConfig)
   at Microsoft.VisualStudio.TestTools.TestManagement.DeploymentManager.DoDeployment(TestRun run, FileCopyService fileCopyService)</Exception>
      </RunInfo>
      <RunInfo computerName="ARPAN-LAP" outcome="Warning" timestamp="2014-06-29T14:49:33.8517348+05:30">
        <Text>Warning: Test Run deployment issue: Failed to get the file for deployment item '..\UnitTest\TestCases\all_persons_modal_can_may.xml' specified by the test 'UnitTest.BnlpTest.all_persons_modal_can_may': System.IO.DirectoryNotFoundException: Could not find a part of the path 'D:\software\Project\UnitTest\TestCases\all_persons_modal_can_may.xml'.</Text>
        <Exception>System.IO.DirectoryNotFoundException: Could not find a part of the path 'D:\software\Project\UnitTest\TestCases\all_persons_modal_can_may.xml'.
   at System.IO.__Error.WinIOError(Int32 errorCode, String maybeFullPath)
   at System.IO.File.GetAttributes(String path)
   at Microsoft.VisualStudio.TestTools.Common.SingleFileProvider.GetFilePaths()
   at Microsoft.VisualStudio.TestTools.TestManagement.DeploymentCoverageItem.GetFiles(TestRunConfiguration runConfig)
   at Microsoft.VisualStudio.TestTools.TestManagement.DeploymentManager.DoDeployment(TestRun run, FileCopyService fileCopyService)</Exception>
      </RunInfo>
    </RunInfos>
  </ResultSummary>
  <TestDefinitions>
    <UnitTest name="prepositions_made_with_three_words" storage="d:\software\project\bnlp\unittest\bin\debug\unittest.dll" id="0f33848d-a900-d644-7498-2526887b5425">
      <DeploymentItems>
        <DeploymentItem filename="..\UnitTest\TestCases\prepositions_made_with_three_words.xml" />
      </DeploymentItems>
      <Execution id="613d6e6c-4d8e-4cf0-bed8-52a713393ea5" />
      <TestMethod codeBase="D:/software/Project/BNLP/UnitTest/bin/Debug/UnitTest.DLL" adapterTypeName="Microsoft.VisualStudio.TestTools.TestTypes.Unit.UnitTestAdapter, Microsoft.VisualStudio.QualityTools.Tips.UnitTest.Adapter, Version=10.0.0.0, Culture=neutral, PublicKeyToken=b03f5f7f11d50a3a" className="UnitTest.BnlpTest, UnitTest, Version=1.0.0.0, Culture=neutral, PublicKeyToken=null" name="prepositions_made_with_three_words" />
      <DataSource connectionString="|DataDirectory|\TestCases\prepositions_made_with_three_words.xml" providerInvariantName="Microsoft.VisualStudio.TestTools.DataSource.XML" tableName="sentence" />
    </UnitTest>
    <UnitTest name="first_person_tenses_active" storage="d:\software\project\bnlp\unittest\bin\debug\unittest.dll" id="921e6ab0-d7c2-6005-e523-6fd2d5e1a723">
      <DeploymentItems>
        <DeploymentItem filename="..\UnitTest\TestCases\first_person_tenses_active.xml" />
      </DeploymentItems>
      <Execution id="587ec573-891f-49c2-8ce6-17323027426d" />
      <TestMethod codeBase="D:/software/Project/BNLP/UnitTest/bin/Debug/UnitTest.DLL" adapterTypeName="Microsoft.VisualStudio.TestTools.TestTypes.Unit.UnitTestAdapter, Microsoft.VisualStudio.QualityTools.Tips.UnitTest.Adapter, Version=10.0.0.0, Culture=neutral, PublicKeyToken=b03f5f7f11d50a3a" className="UnitTest.BnlpTest, UnitTest, Version=1.0.0.0, Culture=neutral, PublicKeyToken=null" name="first_person_tenses_active" />
      <DataSource connectionString="|DataDirectory|\TestCases\first_person_tenses_active.xml" providerInvariantName="Microsoft.VisualStudio.TestTools.DataSource.XML" tableName="sentence" />
    </UnitTest>
    <UnitTest name="interrogative_sentences_what" storage="d:\software\project\bnlp\unittest\bin\debug\unittest.dll" id="7f7910d1-dc89-39b4-b4cf-d9e6d7af9420">
      <DeploymentItems>
        <DeploymentItem filename="..\UnitTest\TestCases\interrogative_sentences_what.xml" />
      </DeploymentItems>
      <Execution id="d6cd2afa-29a3-4eee-a593-f57f56de9561" />
      <TestMethod codeBase="D:/software/Project/BNLP/UnitTest/bin/Debug/UnitTest.DLL" adapterTypeName="Microsoft.VisualStudio.TestTools.TestTypes.Unit.UnitTestAdapter, Microsoft.VisualStudio.QualityTools.Tips.UnitTest.Adapter, Version=10.0.0.0, Culture=neutral, PublicKeyToken=b03f5f7f11d50a3a" className="UnitTest.BnlpTest, UnitTest, Version=1.0.0.0, Culture=neutral, PublicKeyToken=null" name="interrogative_sentences_what" />
      <DataSource connectionString="|DataDirectory|\TestCases\interrogative_sentences_what.xml" providerInvariantName="Microsoft.VisualStudio.TestTools.DataSource.XML" tableName="sentence" />
    </UnitTest>
    <UnitTest name="all_persons_modal_should_negation" storage="d:\software\project\bnlp\unittest\bin\debug\unittest.dll" id="9319d01e-de3e-d310-c76e-cae8dce4c924">
      <DeploymentItems>
        <DeploymentItem filename="..\UnitTest\TestCases\all_persons_modal_should_negation.xml" />
      </DeploymentItems>
      <Execution id="e0c9c637-258c-429d-9055-5fef17b977a7" />
      <TestMethod codeBase="D:/software/Project/BNLP/UnitTest/bin/Debug/UnitTest.DLL" adapterTypeName="Microsoft.VisualStudio.TestTools.TestTypes.Unit.UnitTestAdapter, Microsoft.VisualStudio.QualityTools.Tips.UnitTest.Adapter, Version=10.0.0.0, Culture=neutral, PublicKeyToken=b03f5f7f11d50a3a" className="UnitTest.BnlpTest, UnitTest, Version=1.0.0.0, Culture=neutral, PublicKeyToken=null" name="all_persons_modal_should_negation" />
      <DataSource connectionString="|DataDirectory|\TestCases\all_persons_modal_should_negation.xml" providerInvariantName="Microsoft.VisualStudio.TestTools.DataSource.XML" tableName="sentence" />
    </UnitTest>
    <UnitTest name="prepositions_made_with_two_words" storage="d:\software\project\bnlp\unittest\bin\debug\unittest.dll" id="0f337a75-1a2d-d9c3-6c5f-23ed2604b69d">
      <DeploymentItems>
        <DeploymentItem filename="..\UnitTest\TestCases\prepositions_made_with_two_words.xml" />
      </DeploymentItems>
      <Execution id="95c8b5f5-b42f-4ca4-849a-e3d59ad5e50f" />
      <TestMethod codeBase="D:/software/Project/BNLP/UnitTest/bin/Debug/UnitTest.DLL" adapterTypeName="Microsoft.VisualStudio.TestTools.TestTypes.Unit.UnitTestAdapter, Microsoft.VisualStudio.QualityTools.Tips.UnitTest.Adapter, Version=10.0.0.0, Culture=neutral, PublicKeyToken=b03f5f7f11d50a3a" className="UnitTest.BnlpTest, UnitTest, Version=1.0.0.0, Culture=neutral, PublicKeyToken=null" name="prepositions_made_with_two_words" />
      <DataSource connectionString="|DataDirectory|\TestCases\prepositions_made_with_two_words.xml" providerInvariantName="Microsoft.VisualStudio.TestTools.DataSource.XML" tableName="sentence" />
    </UnitTest>
    <UnitTest name="interrogative_sentences_do" storage="d:\software\project\bnlp\unittest\bin\debug\unittest.dll" id="1d63c318-78a9-9011-f5c0-0b01884a2881">
      <DeploymentItems>
        <DeploymentItem filename="..\UnitTest\TestCases\interrogative_sentences_do.xml" />
      </DeploymentItems>
      <Execution id="55f8ef8a-7e2d-4a21-916b-438c22b5adfd" />
      <TestMethod codeBase="D:/software/Project/BNLP/UnitTest/bin/Debug/UnitTest.DLL" adapterTypeName="Microsoft.VisualStudio.TestTools.TestTypes.Unit.UnitTestAdapter, Microsoft.VisualStudio.QualityTools.Tips.UnitTest.Adapter, Version=10.0.0.0, Culture=neutral, PublicKeyToken=b03f5f7f11d50a3a" className="UnitTest.BnlpTest, UnitTest, Version=1.0.0.0, Culture=neutral, PublicKeyToken=null" name="interrogative_sentences_do" />
      <DataSource connectionString="|DataDirectory|\TestCases\interrogative_sentences_do.xml" providerInvariantName="Microsoft.VisualStudio.TestTools.DataSource.XML" tableName="sentence" />
    </UnitTest>
    <UnitTest name="all_persons_tenses_passive_negation" storage="d:\software\project\bnlp\unittest\bin\debug\unittest.dll" id="bdfe92b2-f4ac-73a5-f13d-5c1ea13721b4">
      <DeploymentItems>
        <DeploymentItem filename="..\UnitTest\TestCases\all_persons_tenses_passive_negation.xml" />
      </DeploymentItems>
      <Execution id="476a0414-9cca-4aa2-9833-fdb49c14c19b" />
      <TestMethod codeBase="D:/software/Project/BNLP/UnitTest/bin/Debug/UnitTest.DLL" adapterTypeName="Microsoft.VisualStudio.TestTools.TestTypes.Unit.UnitTestAdapter, Microsoft.VisualStudio.QualityTools.Tips.UnitTest.Adapter, Version=10.0.0.0, Culture=neutral, PublicKeyToken=b03f5f7f11d50a3a" className="UnitTest.BnlpTest, UnitTest, Version=1.0.0.0, Culture=neutral, PublicKeyToken=null" name="all_persons_tenses_passive_negation" />
      <DataSource connectionString="|DataDirectory|\TestCases\all_persons_tenses_passive_negation.xml" providerInvariantName="Microsoft.VisualStudio.TestTools.DataSource.XML" tableName="sentence" />
    </UnitTest>
    <UnitTest name="third_person_tenses_active_negation" storage="d:\software\project\bnlp\unittest\bin\debug\unittest.dll" id="fe3e63ab-391c-e168-48d0-431b85a7b898">
      <DeploymentItems>
        <DeploymentItem filename="..\UnitTest\TestCases\third_person_tenses_active_negation.xml" />
      </DeploymentItems>
      <Execution id="b949eaa7-f3ca-4589-8b55-6cc7608d2108" />
      <TestMethod codeBase="D:/software/Project/BNLP/UnitTest/bin/Debug/UnitTest.DLL" adapterTypeName="Microsoft.VisualStudio.TestTools.TestTypes.Unit.UnitTestAdapter, Microsoft.VisualStudio.QualityTools.Tips.UnitTest.Adapter, Version=10.0.0.0, Culture=neutral, PublicKeyToken=b03f5f7f11d50a3a" className="UnitTest.BnlpTest, UnitTest, Version=1.0.0.0, Culture=neutral, PublicKeyToken=null" name="third_person_tenses_active_negation" />
      <DataSource connectionString="|DataDirectory|\TestCases\third_person_tenses_active_negation.xml" providerInvariantName="Microsoft.VisualStudio.TestTools.DataSource.XML" tableName="sentence" />
    </UnitTest>
    <UnitTest name="all_persons_modal_should" storage="d:\software\project\bnlp\unittest\bin\debug\unittest.dll" id="783915fe-114a-e353-78dd-56e92a60f942">
      <DeploymentItems>
        <DeploymentItem filename="..\UnitTest\TestCases\all_persons_modal_should.xml" />
      </DeploymentItems>
      <Execution id="1ecf08a6-4c60-4181-9fca-f5395fe24e17" />
      <TestMethod codeBase="D:/software/Project/BNLP/UnitTest/bin/Debug/UnitTest.DLL" adapterTypeName="Microsoft.VisualStudio.TestTools.TestTypes.Unit.UnitTestAdapter, Microsoft.VisualStudio.QualityTools.Tips.UnitTest.Adapter, Version=10.0.0.0, Culture=neutral, PublicKeyToken=b03f5f7f11d50a3a" className="UnitTest.BnlpTest, UnitTest, Version=1.0.0.0, Culture=neutral, PublicKeyToken=null" name="all_persons_modal_should" />
      <DataSource connectionString="|DataDirectory|\TestCases\all_persons_modal_should.xml" providerInvariantName="Microsoft.VisualStudio.TestTools.DataSource.XML" tableName="sentence" />
    </UnitTest>
    <UnitTest name="second_person_tenses_active" storage="d:\software\project\bnlp\unittest\bin\debug\unittest.dll" id="30ab3285-6a8c-14d2-9725-bd60892ccd90">
      <DeploymentItems>
        <DeploymentItem filename="..\UnitTest\TestCases\second_person_tenses_active.xml" />
      </DeploymentItems>
      <Execution id="cb430b03-ba77-48f3-9c4b-3bb805399807" />
      <TestMethod codeBase="D:/software/Project/BNLP/UnitTest/bin/Debug/UnitTest.DLL" adapterTypeName="Microsoft.VisualStudio.TestTools.TestTypes.Unit.UnitTestAdapter, Microsoft.VisualStudio.QualityTools.Tips.UnitTest.Adapter, Version=10.0.0.0, Culture=neutral, PublicKeyToken=b03f5f7f11d50a3a" className="UnitTest.BnlpTest, UnitTest, Version=1.0.0.0, Culture=neutral, PublicKeyToken=null" name="second_person_tenses_active" />
      <DataSource connectionString="|DataDirectory|\TestCases\second_person_tenses_active.xml" providerInvariantName="Microsoft.VisualStudio.TestTools.DataSource.XML" tableName="sentence" />
    </UnitTest>
    <UnitTest name="interrogative_sentences_who" storage="d:\software\project\bnlp\unittest\bin\debug\unittest.dll" id="32b5d279-0d23-e5ad-0301-234c8788f740">
      <DeploymentItems>
        <DeploymentItem filename="..\UnitTest\TestCases\interrogative_sentences_who.xml" />
      </DeploymentItems>
      <Execution id="7487348c-5f31-47d8-9c9b-f763012fa0de" />
      <TestMethod codeBase="D:/software/Project/BNLP/UnitTest/bin/Debug/UnitTest.DLL" adapterTypeName="Microsoft.VisualStudio.TestTools.TestTypes.Unit.UnitTestAdapter, Microsoft.VisualStudio.QualityTools.Tips.UnitTest.Adapter, Version=10.0.0.0, Culture=neutral, PublicKeyToken=b03f5f7f11d50a3a" className="UnitTest.BnlpTest, UnitTest, Version=1.0.0.0, Culture=neutral, PublicKeyToken=null" name="interrogative_sentences_who" />
      <DataSource connectionString="|DataDirectory|\TestCases\interrogative_sentences_who.xml" providerInvariantName="Microsoft.VisualStudio.TestTools.DataSource.XML" tableName="sentence" />
    </UnitTest>
    <UnitTest name="all_persons_modal_can_may" storage="d:\software\project\bnlp\unittest\bin\debug\unittest.dll" id="8fe5ccb3-a3f4-0f61-ad21-e94ef029e900">
      <DeploymentItems>
        <DeploymentItem filename="..\UnitTest\TestCases\all_persons_modal_can_may.xml" />
      </DeploymentItems>
      <Execution id="9758a936-72ad-4049-82c5-abb12920126c" />
      <TestMethod codeBase="D:/software/Project/BNLP/UnitTest/bin/Debug/UnitTest.DLL" adapterTypeName="Microsoft.VisualStudio.TestTools.TestTypes.Unit.UnitTestAdapter, Microsoft.VisualStudio.QualityTools.Tips.UnitTest.Adapter, Version=10.0.0.0, Culture=neutral, PublicKeyToken=b03f5f7f11d50a3a" className="UnitTest.BnlpTest, UnitTest, Version=1.0.0.0, Culture=neutral, PublicKeyToken=null" name="all_persons_modal_can_may" />
      <DataSource connectionString="|DataDirectory|\TestCases\all_persons_modal_can_may.xml" providerInvariantName="Microsoft.VisualStudio.TestTools.DataSource.XML" tableName="sentence" />
    </UnitTest>
    <UnitTest name="interrogative_sentences_how" storage="d:\software\project\bnlp\unittest\bin\debug\unittest.dll" id="227f20ae-8e76-eb71-39b2-4ada3ce6aba8">
      <DeploymentItems>
        <DeploymentItem filename="..\UnitTest\TestCases\interrogative_sentences_how.xml" />
      </DeploymentItems>
      <Execution id="6ec85a70-3c0b-4b43-b835-4eb004326bd0" />
      <TestMethod codeBase="D:/software/Project/BNLP/UnitTest/bin/Debug/UnitTest.DLL" adapterTypeName="Microsoft.VisualStudio.TestTools.TestTypes.Unit.UnitTestAdapter, Microsoft.VisualStudio.QualityTools.Tips.UnitTest.Adapter, Version=10.0.0.0, Culture=neutral, PublicKeyToken=b03f5f7f11d50a3a" className="UnitTest.BnlpTest, UnitTest, Version=1.0.0.0, Culture=neutral, PublicKeyToken=null" name="interrogative_sentences_how" />
      <DataSource connectionString="|DataDirectory|\TestCases\interrogative_sentences_how.xml" providerInvariantName="Microsoft.VisualStudio.TestTools.DataSource.XML" tableName="sentence" />
    </UnitTest>
    <UnitTest name="all_persons_modal_can_may_negation" storage="d:\software\project\bnlp\unittest\bin\debug\unittest.dll" id="d03eb628-bf1f-c27d-aeef-e708d613d686">
      <DeploymentItems>
        <DeploymentItem filename="..\UnitTest\TestCases\all_persons_modal_can_may_negation.xml" />
      </DeploymentItems>
      <Execution id="5cb7dab1-bf16-4bf7-9d90-1adbb38a5d9e" />
      <TestMethod codeBase="D:/software/Project/BNLP/UnitTest/bin/Debug/UnitTest.DLL" adapterTypeName="Microsoft.VisualStudio.TestTools.TestTypes.Unit.UnitTestAdapter, Microsoft.VisualStudio.QualityTools.Tips.UnitTest.Adapter, Version=10.0.0.0, Culture=neutral, PublicKeyToken=b03f5f7f11d50a3a" className="UnitTest.BnlpTest, UnitTest, Version=1.0.0.0, Culture=neutral, PublicKeyToken=null" name="all_persons_modal_can_may_negation" />
      <DataSource connectionString="|DataDirectory|\TestCases\all_persons_modal_can_may_negation.xml" providerInvariantName="Microsoft.VisualStudio.TestTools.DataSource.XML" tableName="sentence" />
    </UnitTest>
    <UnitTest name="RandomWord" storage="d:\software\project\bnlp\unittest\bin\debug\unittest.dll" id="642ce34f-0ed4-f995-637b-09297c832f2a">
      <DeploymentItems>
        <DeploymentItem filename="..\UnitTest\TestCases\wikipedia.xml" />
      </DeploymentItems>
      <Execution id="8ef8d3f7-3c58-4da9-bb62-9b7bf0281698" />
      <TestMethod codeBase="D:/software/Project/BNLP/UnitTest/bin/Debug/UnitTest.DLL" adapterTypeName="Microsoft.VisualStudio.TestTools.TestTypes.Unit.UnitTestAdapter, Microsoft.VisualStudio.QualityTools.Tips.UnitTest.Adapter, Version=10.0.0.0, Culture=neutral, PublicKeyToken=b03f5f7f11d50a3a" className="UnitTest.BnlpTest, UnitTest, Version=1.0.0.0, Culture=neutral, PublicKeyToken=null" name="RandomWord" />
      <DataSource connectionString="|DataDirectory|\TestCases\wikipedia.xml" providerInvariantName="Microsoft.VisualStudio.TestTools.DataSource.XML" tableName="sentence" />
    </UnitTest>
    <UnitTest name="second_person_tenses_active_negation" storage="d:\software\project\bnlp\unittest\bin\debug\unittest.dll" id="83c68223-dcaa-51dd-423f-434210a59f77">
      <DeploymentItems>
        <DeploymentItem filename="..\UnitTest\TestCases\second_person_tenses_active_negation.xml" />
      </DeploymentItems>
      <Execution id="c61e08f6-3839-4e74-9337-58523dfdc082" />
      <TestMethod codeBase="D:/software/Project/BNLP/UnitTest/bin/Debug/UnitTest.DLL" adapterTypeName="Microsoft.VisualStudio.TestTools.TestTypes.Unit.UnitTestAdapter, Microsoft.VisualStudio.QualityTools.Tips.UnitTest.Adapter, Version=10.0.0.0, Culture=neutral, PublicKeyToken=b03f5f7f11d50a3a" className="UnitTest.BnlpTest, UnitTest, Version=1.0.0.0, Culture=neutral, PublicKeyToken=null" name="second_person_tenses_active_negation" />
      <DataSource connectionString="|DataDirectory|\TestCases\second_person_tenses_active_negation.xml" providerInvariantName="Microsoft.VisualStudio.TestTools.DataSource.XML" tableName="sentence" />
    </UnitTest>
    <UnitTest name="interrogative_sentences_why" storage="d:\software\project\bnlp\unittest\bin\debug\unittest.dll" id="1b04a6d6-5350-792c-8eba-a46a0eb28949">
      <DeploymentItems>
        <DeploymentItem filename="..\UnitTest\TestCases\interrogative_sentences_why.xml" />
      </DeploymentItems>
      <Execution id="81c5e895-5ac1-4215-99bd-8aba81a56d08" />
      <TestMethod codeBase="D:/software/Project/BNLP/UnitTest/bin/Debug/UnitTest.DLL" adapterTypeName="Microsoft.VisualStudio.TestTools.TestTypes.Unit.UnitTestAdapter, Microsoft.VisualStudio.QualityTools.Tips.UnitTest.Adapter, Version=10.0.0.0, Culture=neutral, PublicKeyToken=b03f5f7f11d50a3a" className="UnitTest.BnlpTest, UnitTest, Version=1.0.0.0, Culture=neutral, PublicKeyToken=null" name="interrogative_sentences_why" />
      <DataSource connectionString="|DataDirectory|\TestCases\interrogative_sentences_why.xml" providerInvariantName="Microsoft.VisualStudio.TestTools.DataSource.XML" tableName="sentence" />
    </UnitTest>
    <UnitTest name="interrogative_sentences_which" storage="d:\software\project\bnlp\unittest\bin\debug\unittest.dll" id="97a1371f-e8e6-db3e-323e-49ffeef32df1">
      <DeploymentItems>
        <DeploymentItem filename="..\UnitTest\TestCases\interrogative_sentences_which.xml" />
      </DeploymentItems>
      <Execution id="171f391c-f307-4f24-8da4-22aec14adb4e" />
      <TestMethod codeBase="D:/software/Project/BNLP/UnitTest/bin/Debug/UnitTest.DLL" adapterTypeName="Microsoft.VisualStudio.TestTools.TestTypes.Unit.UnitTestAdapter, Microsoft.VisualStudio.QualityTools.Tips.UnitTest.Adapter, Version=10.0.0.0, Culture=neutral, PublicKeyToken=b03f5f7f11d50a3a" className="UnitTest.BnlpTest, UnitTest, Version=1.0.0.0, Culture=neutral, PublicKeyToken=null" name="interrogative_sentences_which" />
      <DataSource connectionString="|DataDirectory|\TestCases\interrogative_sentences_which.xml" providerInvariantName="Microsoft.VisualStudio.TestTools.DataSource.XML" tableName="sentence" />
    </UnitTest>
    <UnitTest name="third_person_tenses_active" storage="d:\software\project\bnlp\unittest\bin\debug\unittest.dll" id="0bc2f98c-98f5-f190-c78c-c00d94c547a1">
      <DeploymentItems>
        <DeploymentItem filename="..\UnitTest\TestCases\third_person_tenses_active.xml" />
      </DeploymentItems>
      <Execution id="870c617a-c865-425f-8a89-e19915df0499" />
      <TestMethod codeBase="D:/software/Project/BNLP/UnitTest/bin/Debug/UnitTest.DLL" adapterTypeName="Microsoft.VisualStudio.TestTools.TestTypes.Unit.UnitTestAdapter, Microsoft.VisualStudio.QualityTools.Tips.UnitTest.Adapter, Version=10.0.0.0, Culture=neutral, PublicKeyToken=b03f5f7f11d50a3a" className="UnitTest.BnlpTest, UnitTest, Version=1.0.0.0, Culture=neutral, PublicKeyToken=null" name="third_person_tenses_active" />
      <DataSource connectionString="|DataDirectory|\TestCases\third_person_tenses_active.xml" providerInvariantName="Microsoft.VisualStudio.TestTools.DataSource.XML" tableName="sentence" />
    </UnitTest>
    <UnitTest name="auxiliary_verbs_as_main_verbs" storage="d:\software\project\bnlp\unittest\bin\debug\unittest.dll" id="c79146bc-2376-961a-5de9-441b5dfc7188">
      <DeploymentItems>
        <DeploymentItem filename="..\UnitTest\TestCases\auxiliary_verbs_as_main_verbs.xml" />
      </DeploymentItems>
      <Execution id="9c1e5e6e-31aa-4b08-a4a4-085927dfcd9b" />
      <TestMethod codeBase="D:/software/Project/BNLP/UnitTest/bin/Debug/UnitTest.DLL" adapterTypeName="Microsoft.VisualStudio.TestTools.TestTypes.Unit.UnitTestAdapter, Microsoft.VisualStudio.QualityTools.Tips.UnitTest.Adapter, Version=10.0.0.0, Culture=neutral, PublicKeyToken=b03f5f7f11d50a3a" className="UnitTest.BnlpTest, UnitTest, Version=1.0.0.0, Culture=neutral, PublicKeyToken=null" name="auxiliary_verbs_as_main_verbs" />
      <DataSource connectionString="|DataDirectory|\TestCases\auxiliary_verbs_as_main_verbs.xml" providerInvariantName="Microsoft.VisualStudio.TestTools.DataSource.XML" tableName="sentence" />
    </UnitTest>
    <UnitTest name="special_handling_do_verb" storage="d:\software\project\bnlp\unittest\bin\debug\unittest.dll" id="533e7939-123c-ce84-5c5c-d5a21d1d95b9">
      <DeploymentItems>
        <DeploymentItem filename="..\UnitTest\TestCases\special_handling_do_verb.xml" />
      </DeploymentItems>
      <Execution id="4f6eb179-0cef-45d4-a451-9bfbd3296c53" />
      <TestMethod codeBase="D:/software/Project/BNLP/UnitTest/bin/Debug/UnitTest.DLL" adapterTypeName="Microsoft.VisualStudio.TestTools.TestTypes.Unit.UnitTestAdapter, Microsoft.VisualStudio.QualityTools.Tips.UnitTest.Adapter, Version=10.0.0.0, Culture=neutral, PublicKeyToken=b03f5f7f11d50a3a" className="UnitTest.BnlpTest, UnitTest, Version=1.0.0.0, Culture=neutral, PublicKeyToken=null" name="special_handling_do_verb" />
      <DataSource connectionString="|DataDirectory|\TestCases\special_handling_do_verb.xml" providerInvariantName="Microsoft.VisualStudio.TestTools.DataSource.XML" tableName="sentence" />
    </UnitTest>
    <UnitTest name="interrogative_sentences_whom" storage="d:\software\project\bnlp\unittest\bin\debug\unittest.dll" id="4e91a3b9-9eae-ebff-0b97-303f00578a78">
      <DeploymentItems>
        <DeploymentItem filename="..\UnitTest\TestCases\interrogative_sentences_whom.xml" />
      </DeploymentItems>
      <Execution id="f90a388a-2c66-4cc9-b92f-d78e7dc450fb" />
      <TestMethod codeBase="D:/software/Project/BNLP/UnitTest/bin/Debug/UnitTest.DLL" adapterTypeName="Microsoft.VisualStudio.TestTools.TestTypes.Unit.UnitTestAdapter, Microsoft.VisualStudio.QualityTools.Tips.UnitTest.Adapter, Version=10.0.0.0, Culture=neutral, PublicKeyToken=b03f5f7f11d50a3a" className="UnitTest.BnlpTest, UnitTest, Version=1.0.0.0, Culture=neutral, PublicKeyToken=null" name="interrogative_sentences_whom" />
      <DataSource connectionString="|DataDirectory|\TestCases\interrogative_sentences_whom.xml" providerInvariantName="Microsoft.VisualStudio.TestTools.DataSource.XML" tableName="sentence" />
    </UnitTest>
    <UnitTest name="interrogative_sentences_where" storage="d:\software\project\bnlp\unittest\bin\debug\unittest.dll" id="b9261b51-b0a2-10e2-9308-22bb2624de8b">
      <DeploymentItems>
        <DeploymentItem filename="..\UnitTest\TestCases\interrogative_sentences_where.xml" />
      </DeploymentItems>
      <Execution id="0947dc45-04eb-4c0d-9594-9853261cf70c" />
      <TestMethod codeBase="D:/software/Project/BNLP/UnitTest/bin/Debug/UnitTest.DLL" adapterTypeName="Microsoft.VisualStudio.TestTools.TestTypes.Unit.UnitTestAdapter, Microsoft.VisualStudio.QualityTools.Tips.UnitTest.Adapter, Version=10.0.0.0, Culture=neutral, PublicKeyToken=b03f5f7f11d50a3a" className="UnitTest.BnlpTest, UnitTest, Version=1.0.0.0, Culture=neutral, PublicKeyToken=null" name="interrogative_sentences_where" />
      <DataSource connectionString="|DataDirectory|\TestCases\interrogative_sentences_where.xml" providerInvariantName="Microsoft.VisualStudio.TestTools.DataSource.XML" tableName="sentence" />
    </UnitTest>
    <UnitTest name="interrogative_sentences_aux" storage="d:\software\project\bnlp\unittest\bin\debug\unittest.dll" id="39dcb97e-c73f-c645-a77c-64d9eba0a3a3">
      <DeploymentItems>
        <DeploymentItem filename="..\UnitTest\TestCases\interrogative_sentences_aux.xml" />
      </DeploymentItems>
      <Execution id="1b5c4181-a5ee-4faa-a2fa-167c5a7ef04c" />
      <TestMethod codeBase="D:/software/Project/BNLP/UnitTest/bin/Debug/UnitTest.DLL" adapterTypeName="Microsoft.VisualStudio.TestTools.TestTypes.Unit.UnitTestAdapter, Microsoft.VisualStudio.QualityTools.Tips.UnitTest.Adapter, Version=10.0.0.0, Culture=neutral, PublicKeyToken=b03f5f7f11d50a3a" className="UnitTest.BnlpTest, UnitTest, Version=1.0.0.0, Culture=neutral, PublicKeyToken=null" name="interrogative_sentences_aux" />
      <DataSource connectionString="|DataDirectory|\TestCases\interrogative_sentences_aux.xml" providerInvariantName="Microsoft.VisualStudio.TestTools.DataSource.XML" tableName="sentence" />
    </UnitTest>
    <UnitTest name="all_persons_tenses_passive" storage="d:\software\project\bnlp\unittest\bin\debug\unittest.dll" id="d766a059-d96c-7b47-e6a6-34931760df96">
      <DeploymentItems>
        <DeploymentItem filename="..\UnitTest\TestCases\all_persons_tenses_passive.xml" />
      </DeploymentItems>
      <Execution id="698a8c4f-4cb1-4933-ab5d-174d51046f6c" />
      <TestMethod codeBase="D:/software/Project/BNLP/UnitTest/bin/Debug/UnitTest.DLL" adapterTypeName="Microsoft.VisualStudio.TestTools.TestTypes.Unit.UnitTestAdapter, Microsoft.VisualStudio.QualityTools.Tips.UnitTest.Adapter, Version=10.0.0.0, Culture=neutral, PublicKeyToken=b03f5f7f11d50a3a" className="UnitTest.BnlpTest, UnitTest, Version=1.0.0.0, Culture=neutral, PublicKeyToken=null" name="all_persons_tenses_passive" />
      <DataSource connectionString="|DataDirectory|\TestCases\all_persons_tenses_passive.xml" providerInvariantName="Microsoft.VisualStudio.TestTools.DataSource.XML" tableName="sentence" />
    </UnitTest>
    <UnitTest name="first_person_tenses_active_negation" storage="d:\software\project\bnlp\unittest\bin\debug\unittest.dll" id="15fe5bf6-5078-81a8-0356-385549390bb7">
      <DeploymentItems>
        <DeploymentItem filename="..\UnitTest\TestCases\first_person_tenses_active_negation.xml" />
      </DeploymentItems>
      <Execution id="b2dc7a83-6abd-4505-a242-19b2cd6a4591" />
      <TestMethod codeBase="D:/software/Project/BNLP/UnitTest/bin/Debug/UnitTest.DLL" adapterTypeName="Microsoft.VisualStudio.TestTools.TestTypes.Unit.UnitTestAdapter, Microsoft.VisualStudio.QualityTools.Tips.UnitTest.Adapter, Version=10.0.0.0, Culture=neutral, PublicKeyToken=b03f5f7f11d50a3a" className="UnitTest.BnlpTest, UnitTest, Version=1.0.0.0, Culture=neutral, PublicKeyToken=null" name="first_person_tenses_active_negation" />
      <DataSource connectionString="|DataDirectory|\TestCases\first_person_tenses_active_negation.xml" providerInvariantName="Microsoft.VisualStudio.TestTools.DataSource.XML" tableName="sentence" />
    </UnitTest>
  </TestDefinitions>
  <TestLists>
    <TestList name="Results Not in a List" id="8c84fa94-04c1-424b-9868-57a2d4851a1d" />
    <TestList name="All Loaded Results" id="19431567-8539-422a-85d7-44ee4e166bda" />
  </TestLists>
  <TestEntries>
    <TestEntry testId="0bc2f98c-98f5-f190-c78c-c00d94c547a1" executionId="870c617a-c865-425f-8a89-e19915df0499" testListId="8c84fa94-04c1-424b-9868-57a2d4851a1d" />
    <TestEntry testId="0f337a75-1a2d-d9c3-6c5f-23ed2604b69d" executionId="95c8b5f5-b42f-4ca4-849a-e3d59ad5e50f" testListId="8c84fa94-04c1-424b-9868-57a2d4851a1d" />
    <TestEntry testId="0f33848d-a900-d644-7498-2526887b5425" executionId="613d6e6c-4d8e-4cf0-bed8-52a713393ea5" testListId="8c84fa94-04c1-424b-9868-57a2d4851a1d" />
    <TestEntry testId="15fe5bf6-5078-81a8-0356-385549390bb7" executionId="b2dc7a83-6abd-4505-a242-19b2cd6a4591" testListId="8c84fa94-04c1-424b-9868-57a2d4851a1d" />
    <TestEntry testId="1b04a6d6-5350-792c-8eba-a46a0eb28949" executionId="81c5e895-5ac1-4215-99bd-8aba81a56d08" testListId="8c84fa94-04c1-424b-9868-57a2d4851a1d" />
    <TestEntry testId="1d63c318-78a9-9011-f5c0-0b01884a2881" executionId="55f8ef8a-7e2d-4a21-916b-438c22b5adfd" testListId="8c84fa94-04c1-424b-9868-57a2d4851a1d" />
    <TestEntry testId="227f20ae-8e76-eb71-39b2-4ada3ce6aba8" executionId="6ec85a70-3c0b-4b43-b835-4eb004326bd0" testListId="8c84fa94-04c1-424b-9868-57a2d4851a1d" />
    <TestEntry testId="30ab3285-6a8c-14d2-9725-bd60892ccd90" executionId="cb430b03-ba77-48f3-9c4b-3bb805399807" testListId="8c84fa94-04c1-424b-9868-57a2d4851a1d" />
    <TestEntry testId="32b5d279-0d23-e5ad-0301-234c8788f740" executionId="7487348c-5f31-47d8-9c9b-f763012fa0de" testListId="8c84fa94-04c1-424b-9868-57a2d4851a1d" />
    <TestEntry testId="39dcb97e-c73f-c645-a77c-64d9eba0a3a3" executionId="1b5c4181-a5ee-4faa-a2fa-167c5a7ef04c" testListId="8c84fa94-04c1-424b-9868-57a2d4851a1d" />
    <TestEntry testId="4e91a3b9-9eae-ebff-0b97-303f00578a78" executionId="f90a388a-2c66-4cc9-b92f-d78e7dc450fb" testListId="8c84fa94-04c1-424b-9868-57a2d4851a1d" />
    <TestEntry testId="533e7939-123c-ce84-5c5c-d5a21d1d95b9" executionId="4f6eb179-0cef-45d4-a451-9bfbd3296c53" testListId="8c84fa94-04c1-424b-9868-57a2d4851a1d" />
    <TestEntry testId="642ce34f-0ed4-f995-637b-09297c832f2a" executionId="8ef8d3f7-3c58-4da9-bb62-9b7bf0281698" testListId="8c84fa94-04c1-424b-9868-57a2d4851a1d" />
    <TestEntry testId="783915fe-114a-e353-78dd-56e92a60f942" executionId="1ecf08a6-4c60-4181-9fca-f5395fe24e17" testListId="8c84fa94-04c1-424b-9868-57a2d4851a1d" />
    <TestEntry testId="7f7910d1-dc89-39b4-b4cf-d9e6d7af9420" executionId="d6cd2afa-29a3-4eee-a593-f57f56de9561" testListId="8c84fa94-04c1-424b-9868-57a2d4851a1d" />
    <TestEntry testId="83c68223-dcaa-51dd-423f-434210a59f77" executionId="c61e08f6-3839-4e74-9337-58523dfdc082" testListId="8c84fa94-04c1-424b-9868-57a2d4851a1d" />
    <TestEntry testId="8fe5ccb3-a3f4-0f61-ad21-e94ef029e900" executionId="9758a936-72ad-4049-82c5-abb12920126c" testListId="8c84fa94-04c1-424b-9868-57a2d4851a1d" />
    <TestEntry testId="921e6ab0-d7c2-6005-e523-6fd2d5e1a723" executionId="587ec573-891f-49c2-8ce6-17323027426d" testListId="8c84fa94-04c1-424b-9868-57a2d4851a1d" />
    <TestEntry testId="9319d01e-de3e-d310-c76e-cae8dce4c924" executionId="e0c9c637-258c-429d-9055-5fef17b977a7" testListId="8c84fa94-04c1-424b-9868-57a2d4851a1d" />
    <TestEntry testId="97a1371f-e8e6-db3e-323e-49ffeef32df1" executionId="171f391c-f307-4f24-8da4-22aec14adb4e" testListId="8c84fa94-04c1-424b-9868-57a2d4851a1d" />
    <TestEntry testId="b9261b51-b0a2-10e2-9308-22bb2624de8b" executionId="0947dc45-04eb-4c0d-9594-9853261cf70c" testListId="8c84fa94-04c1-424b-9868-57a2d4851a1d" />
    <TestEntry testId="bdfe92b2-f4ac-73a5-f13d-5c1ea13721b4" executionId="476a0414-9cca-4aa2-9833-fdb49c14c19b" testListId="8c84fa94-04c1-424b-9868-57a2d4851a1d" />
    <TestEntry testId="c79146bc-2376-961a-5de9-441b5dfc7188" executionId="9c1e5e6e-31aa-4b08-a4a4-085927dfcd9b" testListId="8c84fa94-04c1-424b-9868-57a2d4851a1d" />
    <TestEntry testId="d03eb628-bf1f-c27d-aeef-e708d613d686" executionId="5cb7dab1-bf16-4bf7-9d90-1adbb38a5d9e" testListId="8c84fa94-04c1-424b-9868-57a2d4851a1d" />
    <TestEntry testId="d766a059-d96c-7b47-e6a6-34931760df96" executionId="698a8c4f-4cb1-4933-ab5d-174d51046f6c" testListId="8c84fa94-04c1-424b-9868-57a2d4851a1d" />
    <TestEntry testId="fe3e63ab-391c-e168-48d0-431b85a7b898" executionId="b949eaa7-f3ca-4589-8b55-6cc7608d2108" testListId="8c84fa94-04c1-424b-9868-57a2d4851a1d" />
  </TestEntries>
  <Results>
    <UnitTestResult executionId="870c617a-c865-425f-8a89-e19915df0499" testId="0bc2f98c-98f5-f190-c78c-c00d94c547a1" testName="third_person_tenses_active" computerName="ARPAN-LAP" duration="00:00:10.6708768" startTime="2014-06-29T14:49:37.2419287+05:30" endTime="2014-06-29T14:49:48.7635877+05:30" testType="13cdc9d9-ddb5-4fa4-a97d-d965ccfc6d4b" outcome="Passed" testListId="8c84fa94-04c1-424b-9868-57a2d4851a1d" relativeResultsDirectory="870c617a-c865-425f-8a89-e19915df0499" resultType="DataDrivenTest">
      <Counters error="0" failed="0" timeout="0" aborted="0" inconclusive="0" passedButRunAborted="0" notRunnable="0" notExecuted="0" disconnected="0" warning="0" passed="10" completed="0" inProgress="0" pending="0" />
      <InnerResults>
        <UnitTestResult executionId="eefe9978-8f43-41f9-ba55-6fad6c4c91ae" parentExecutionId="870c617a-c865-425f-8a89-e19915df0499" testId="0bc2f98c-98f5-f190-c78c-c00d94c547a1" testName="third_person_tenses_active" computerName="ARPAN-LAP" duration="00:00:10.2907634" startTime="2014-06-29T14:49:38.1039780+05:30" endTime="2014-06-29T14:49:48.4065673+05:30" testType="13cdc9d9-ddb5-4fa4-a97d-d965ccfc6d4b" outcome="Passed" testListId="8c84fa94-04c1-424b-9868-57a2d4851a1d" relativeResultsDirectory="870c617a-c865-425f-8a89-e19915df0499" dataRowInfo="0" resultType="DataDrivenDataRow" />
        <UnitTestResult executionId="1ff994ac-794e-45ea-b90a-ed64f73a08e7" parentExecutionId="870c617a-c865-425f-8a89-e19915df0499" testId="0bc2f98c-98f5-f190-c78c-c00d94c547a1" testName="third_person_tenses_active" computerName="ARPAN-LAP" duration="00:00:00.0358938" startTime="2014-06-29T14:49:48.4065673+05:30" endTime="2014-06-29T14:49:48.4425693+05:30" testType="13cdc9d9-ddb5-4fa4-a97d-d965ccfc6d4b" outcome="Passed" testListId="8c84fa94-04c1-424b-9868-57a2d4851a1d" relativeResultsDirectory="870c617a-c865-425f-8a89-e19915df0499" dataRowInfo="1" resultType="DataDrivenDataRow" />
        <UnitTestResult executionId="c52326fc-1c8d-48f4-b5ff-a7632f45d0f8" parentExecutionId="870c617a-c865-425f-8a89-e19915df0499" testId="0bc2f98c-98f5-f190-c78c-c00d94c547a1" testName="third_person_tenses_active" computerName="ARPAN-LAP" duration="00:00:00.0344110" startTime="2014-06-29T14:49:48.4425693+05:30" endTime="2014-06-29T14:49:48.4765713+05:30" testType="13cdc9d9-ddb5-4fa4-a97d-d965ccfc6d4b" outcome="Passed" testListId="8c84fa94-04c1-424b-9868-57a2d4851a1d" relativeResultsDirectory="870c617a-c865-425f-8a89-e19915df0499" dataRowInfo="2" resultType="DataDrivenDataRow" />
        <UnitTestResult executionId="b58bf8df-7a91-4772-808b-0f88585ebbb0" parentExecutionId="870c617a-c865-425f-8a89-e19915df0499" testId="0bc2f98c-98f5-f190-c78c-c00d94c547a1" testName="third_person_tenses_active" computerName="ARPAN-LAP" duration="00:00:00.0501229" startTime="2014-06-29T14:49:48.4765713+05:30" endTime="2014-06-29T14:49:48.5265741+05:30" testType="13cdc9d9-ddb5-4fa4-a97d-d965ccfc6d4b" outcome="Passed" testListId="8c84fa94-04c1-424b-9868-57a2d4851a1d" relativeResultsDirectory="870c617a-c865-425f-8a89-e19915df0499" dataRowInfo="3" resultType="DataDrivenDataRow" />
        <UnitTestResult executionId="a38b9a0b-83d3-424a-9327-aa8dcfda5c40" parentExecutionId="870c617a-c865-425f-8a89-e19915df0499" testId="0bc2f98c-98f5-f190-c78c-c00d94c547a1" testName="third_person_tenses_active" computerName="ARPAN-LAP" duration="00:00:00.0539308" startTime="2014-06-29T14:49:48.5265741+05:30" endTime="2014-06-29T14:49:48.5805772+05:30" testType="13cdc9d9-ddb5-4fa4-a97d-d965ccfc6d4b" outcome="Passed" testListId="8c84fa94-04c1-424b-9868-57a2d4851a1d" relativeResultsDirectory="870c617a-c865-425f-8a89-e19915df0499" dataRowInfo="4" resultType="DataDrivenDataRow" />
        <UnitTestResult executionId="e11fafca-8b03-4b9a-a35f-d67d28e6df75" parentExecutionId="870c617a-c865-425f-8a89-e19915df0499" testId="0bc2f98c-98f5-f190-c78c-c00d94c547a1" testName="third_person_tenses_active" computerName="ARPAN-LAP" duration="00:00:00.0272051" startTime="2014-06-29T14:49:48.5805772+05:30" endTime="2014-06-29T14:49:48.6085788+05:30" testType="13cdc9d9-ddb5-4fa4-a97d-d965ccfc6d4b" outcome="Passed" testListId="8c84fa94-04c1-424b-9868-57a2d4851a1d" relativeResultsDirectory="870c617a-c865-425f-8a89-e19915df0499" dataRowInfo="5" resultType="DataDrivenDataRow" />
        <UnitTestResult executionId="4a845f42-0084-4f13-ac07-38b1b9f9d8a3" parentExecutionId="870c617a-c865-425f-8a89-e19915df0499" testId="0bc2f98c-98f5-f190-c78c-c00d94c547a1" testName="third_person_tenses_active" computerName="ARPAN-LAP" duration="00:00:00.0178424" startTime="2014-06-29T14:49:48.6085788+05:30" endTime="2014-06-29T14:49:48.6265799+05:30" testType="13cdc9d9-ddb5-4fa4-a97d-d965ccfc6d4b" outcome="Passed" testListId="8c84fa94-04c1-424b-9868-57a2d4851a1d" relativeResultsDirectory="870c617a-c865-425f-8a89-e19915df0499" dataRowInfo="6" resultType="DataDrivenDataRow" />
        <UnitTestResult executionId="ce4dc1e0-4550-4dd3-9a65-36cac1ecf1e9" parentExecutionId="870c617a-c865-425f-8a89-e19915df0499" testId="0bc2f98c-98f5-f190-c78c-c00d94c547a1" testName="third_person_tenses_active" computerName="ARPAN-LAP" duration="00:00:00.0243467" startTime="2014-06-29T14:49:48.6265799+05:30" endTime="2014-06-29T14:49:48.6505812+05:30" testType="13cdc9d9-ddb5-4fa4-a97d-d965ccfc6d4b" outcome="Passed" testListId="8c84fa94-04c1-424b-9868-57a2d4851a1d" relativeResultsDirectory="870c617a-c865-425f-8a89-e19915df0499" dataRowInfo="7" resultType="DataDrivenDataRow" />
        <UnitTestResult executionId="70bc6227-fca5-4034-a8ca-40649d51087d" parentExecutionId="870c617a-c865-425f-8a89-e19915df0499" testId="0bc2f98c-98f5-f190-c78c-c00d94c547a1" testName="third_person_tenses_active" computerName="ARPAN-LAP" duration="00:00:00.0192062" startTime="2014-06-29T14:49:48.6505812+05:30" endTime="2014-06-29T14:49:48.6695823+05:30" testType="13cdc9d9-ddb5-4fa4-a97d-d965ccfc6d4b" outcome="Passed" testListId="8c84fa94-04c1-424b-9868-57a2d4851a1d" relativeResultsDirectory="870c617a-c865-425f-8a89-e19915df0499" dataRowInfo="8" resultType="DataDrivenDataRow" />
        <UnitTestResult executionId="07d275df-b945-49ad-bcf7-7f1a41c8d462" parentExecutionId="870c617a-c865-425f-8a89-e19915df0499" testId="0bc2f98c-98f5-f190-c78c-c00d94c547a1" testName="third_person_tenses_active" computerName="ARPAN-LAP" duration="00:00:00.0224075" startTime="2014-06-29T14:49:48.6695823+05:30" endTime="2014-06-29T14:49:48.6925836+05:30" testType="13cdc9d9-ddb5-4fa4-a97d-d965ccfc6d4b" outcome="Passed" testListId="8c84fa94-04c1-424b-9868-57a2d4851a1d" relativeResultsDirectory="870c617a-c865-425f-8a89-e19915df0499" dataRowInfo="9" resultType="DataDrivenDataRow" />
      </InnerResults>
    </UnitTestResult>
    <UnitTestResult executionId="95c8b5f5-b42f-4ca4-849a-e3d59ad5e50f" testId="0f337a75-1a2d-d9c3-6c5f-23ed2604b69d" testName="prepositions_made_with_two_words" computerName="ARPAN-LAP" duration="00:00:00.1808162" startTime="2014-06-29T14:49:48.7645877+05:30" endTime="2014-06-29T14:49:48.9695995+05:30" testType="13cdc9d9-ddb5-4fa4-a97d-d965ccfc6d4b" outcome="Passed" testListId="8c84fa94-04c1-424b-9868-57a2d4851a1d" relativeResultsDirectory="95c8b5f5-b42f-4ca4-849a-e3d59ad5e50f" resultType="DataDrivenTest">
      <Counters error="0" failed="0" timeout="0" aborted="0" inconclusive="0" passedButRunAborted="0" notRunnable="0" notExecuted="0" disconnected="0" warning="0" passed="3" completed="0" inProgress="0" pending="0" />
      <InnerResults>
        <UnitTestResult executionId="c4cb6b65-19b9-46bb-8b5c-955da0e874bc" parentExecutionId="95c8b5f5-b42f-4ca4-849a-e3d59ad5e50f" testId="0f337a75-1a2d-d9c3-6c5f-23ed2604b69d" testName="prepositions_made_with_two_words" computerName="ARPAN-LAP" duration="00:00:00.0372987" startTime="2014-06-29T14:49:48.8005898+05:30" endTime="2014-06-29T14:49:48.8385920+05:30" testType="13cdc9d9-ddb5-4fa4-a97d-d965ccfc6d4b" outcome="Passed" testListId="8c84fa94-04c1-424b-9868-57a2d4851a1d" relativeResultsDirectory="95c8b5f5-b42f-4ca4-849a-e3d59ad5e50f" dataRowInfo="0" resultType="DataDrivenDataRow" />
        <UnitTestResult executionId="152f3acd-1308-4c96-9778-1f57ffb7d826" parentExecutionId="95c8b5f5-b42f-4ca4-849a-e3d59ad5e50f" testId="0f337a75-1a2d-d9c3-6c5f-23ed2604b69d" testName="prepositions_made_with_two_words" computerName="ARPAN-LAP" duration="00:00:00.0746882" startTime="2014-06-29T14:49:48.8385920+05:30" endTime="2014-06-29T14:49:48.9125962+05:30" testType="13cdc9d9-ddb5-4fa4-a97d-d965ccfc6d4b" outcome="Passed" testListId="8c84fa94-04c1-424b-9868-57a2d4851a1d" relativeResultsDirectory="95c8b5f5-b42f-4ca4-849a-e3d59ad5e50f" dataRowInfo="1" resultType="DataDrivenDataRow" />
        <UnitTestResult executionId="cd0365c7-bce7-4fae-b020-2ece1cb34a49" parentExecutionId="95c8b5f5-b42f-4ca4-849a-e3d59ad5e50f" testId="0f337a75-1a2d-d9c3-6c5f-23ed2604b69d" testName="prepositions_made_with_two_words" computerName="ARPAN-LAP" duration="00:00:00.0448685" startTime="2014-06-29T14:49:48.9135963+05:30" endTime="2014-06-29T14:49:48.9575988+05:30" testType="13cdc9d9-ddb5-4fa4-a97d-d965ccfc6d4b" outcome="Passed" testListId="8c84fa94-04c1-424b-9868-57a2d4851a1d" relativeResultsDirectory="95c8b5f5-b42f-4ca4-849a-e3d59ad5e50f" dataRowInfo="2" resultType="DataDrivenDataRow" />
      </InnerResults>
    </UnitTestResult>
    <UnitTestResult executionId="613d6e6c-4d8e-4cf0-bed8-52a713393ea5" testId="0f33848d-a900-d644-7498-2526887b5425" testName="prepositions_made_with_three_words" computerName="ARPAN-LAP" duration="00:00:00.1868241" startTime="2014-06-29T14:49:48.9725996+05:30" endTime="2014-06-29T14:49:49.1756113+05:30" testType="13cdc9d9-ddb5-4fa4-a97d-d965ccfc6d4b" outcome="Passed" testListId="8c84fa94-04c1-424b-9868-57a2d4851a1d" relativeResultsDirectory="613d6e6c-4d8e-4cf0-bed8-52a713393ea5" resultType="DataDrivenTest">
      <Counters error="0" failed="0" timeout="0" aborted="0" inconclusive="0" passedButRunAborted="0" notRunnable="0" notExecuted="0" disconnected="0" warning="0" passed="4" completed="0" inProgress="0" pending="0" />
      <InnerResults>
        <UnitTestResult executionId="56c7f497-796e-4f22-981b-384b204fe3a0" parentExecutionId="613d6e6c-4d8e-4cf0-bed8-52a713393ea5" testId="0f33848d-a900-d644-7498-2526887b5425" testName="prepositions_made_with_three_words" computerName="ARPAN-LAP" duration="00:00:00.0358014" startTime="2014-06-29T14:49:48.9956010+05:30" endTime="2014-06-29T14:49:49.0306030+05:30" testType="13cdc9d9-ddb5-4fa4-a97d-d965ccfc6d4b" outcome="Passed" testListId="8c84fa94-04c1-424b-9868-57a2d4851a1d" relativeResultsDirectory="613d6e6c-4d8e-4cf0-bed8-52a713393ea5" dataRowInfo="0" resultType="DataDrivenDataRow" />
        <UnitTestResult executionId="633e666d-8723-4771-902e-abea6f25be64" parentExecutionId="613d6e6c-4d8e-4cf0-bed8-52a713393ea5" testId="0f33848d-a900-d644-7498-2526887b5425" testName="prepositions_made_with_three_words" computerName="ARPAN-LAP" duration="00:00:00.0421399" startTime="2014-06-29T14:49:49.0306030+05:30" endTime="2014-06-29T14:49:49.0736054+05:30" testType="13cdc9d9-ddb5-4fa4-a97d-d965ccfc6d4b" outcome="Passed" testListId="8c84fa94-04c1-424b-9868-57a2d4851a1d" relativeResultsDirectory="613d6e6c-4d8e-4cf0-bed8-52a713393ea5" dataRowInfo="1" resultType="DataDrivenDataRow" />
        <UnitTestResult executionId="1af736a7-6769-4183-9590-ea7b107fffd1" parentExecutionId="613d6e6c-4d8e-4cf0-bed8-52a713393ea5" testId="0f33848d-a900-d644-7498-2526887b5425" testName="prepositions_made_with_three_words" computerName="ARPAN-LAP" duration="00:00:00.0456317" startTime="2014-06-29T14:49:49.0736054+05:30" endTime="2014-06-29T14:49:49.1186080+05:30" testType="13cdc9d9-ddb5-4fa4-a97d-d965ccfc6d4b" outcome="Passed" testListId="8c84fa94-04c1-424b-9868-57a2d4851a1d" relativeResultsDirectory="613d6e6c-4d8e-4cf0-bed8-52a713393ea5" dataRowInfo="2" resultType="DataDrivenDataRow" />
        <UnitTestResult executionId="2d4ee491-318e-46a1-a2a2-c4969bf2199a" parentExecutionId="613d6e6c-4d8e-4cf0-bed8-52a713393ea5" testId="0f33848d-a900-d644-7498-2526887b5425" testName="prepositions_made_with_three_words" computerName="ARPAN-LAP" duration="00:00:00.0429827" startTime="2014-06-29T14:49:49.1186080+05:30" endTime="2014-06-29T14:49:49.1616105+05:30" testType="13cdc9d9-ddb5-4fa4-a97d-d965ccfc6d4b" outcome="Passed" testListId="8c84fa94-04c1-424b-9868-57a2d4851a1d" relativeResultsDirectory="613d6e6c-4d8e-4cf0-bed8-52a713393ea5" dataRowInfo="3" resultType="DataDrivenDataRow" />
      </InnerResults>
    </UnitTestResult>
    <UnitTestResult executionId="b2dc7a83-6abd-4505-a242-19b2cd6a4591" testId="15fe5bf6-5078-81a8-0356-385549390bb7" testName="first_person_tenses_active_negation" computerName="ARPAN-LAP" duration="00:00:00.3264273" startTime="2014-06-29T14:49:49.1806115+05:30" endTime="2014-06-29T14:49:49.5406321+05:30" testType="13cdc9d9-ddb5-4fa4-a97d-d965ccfc6d4b" outcome="Passed" testListId="8c84fa94-04c1-424b-9868-57a2d4851a1d" relativeResultsDirectory="b2dc7a83-6abd-4505-a242-19b2cd6a4591" resultType="DataDrivenTest">
      <Counters error="0" failed="0" timeout="0" aborted="0" inconclusive="0" passedButRunAborted="0" notRunnable="0" notExecuted="0" disconnected="0" warning="0" passed="10" completed="0" inProgress="0" pending="0" />
      <InnerResults>
        <UnitTestResult executionId="2f32b7ff-4c89-4443-831d-4c508c3a4aa3" parentExecutionId="b2dc7a83-6abd-4505-a242-19b2cd6a4591" testId="15fe5bf6-5078-81a8-0356-385549390bb7" testName="first_person_tenses_active_negation" computerName="ARPAN-LAP" duration="00:00:00.0378864" startTime="2014-06-29T14:49:49.2326145+05:30" endTime="2014-06-29T14:49:49.2706167+05:30" testType="13cdc9d9-ddb5-4fa4-a97d-d965ccfc6d4b" outcome="Passed" testListId="8c84fa94-04c1-424b-9868-57a2d4851a1d" relativeResultsDirectory="b2dc7a83-6abd-4505-a242-19b2cd6a4591" dataRowInfo="0" resultType="DataDrivenDataRow" />
        <UnitTestResult executionId="f3453ea3-6459-4634-b02d-e25fb90b2941" parentExecutionId="b2dc7a83-6abd-4505-a242-19b2cd6a4591" testId="15fe5bf6-5078-81a8-0356-385549390bb7" testName="first_person_tenses_active_negation" computerName="ARPAN-LAP" duration="00:00:00.0261026" startTime="2014-06-29T14:49:49.2706167+05:30" endTime="2014-06-29T14:49:49.2966182+05:30" testType="13cdc9d9-ddb5-4fa4-a97d-d965ccfc6d4b" outcome="Passed" testListId="8c84fa94-04c1-424b-9868-57a2d4851a1d" relativeResultsDirectory="b2dc7a83-6abd-4505-a242-19b2cd6a4591" dataRowInfo="1" resultType="DataDrivenDataRow" />
        <UnitTestResult executionId="071f4bdc-b179-4a73-92ec-763633d2590f" parentExecutionId="b2dc7a83-6abd-4505-a242-19b2cd6a4591" testId="15fe5bf6-5078-81a8-0356-385549390bb7" testName="first_person_tenses_active_negation" computerName="ARPAN-LAP" duration="00:00:00.0273216" startTime="2014-06-29T14:49:49.2966182+05:30" endTime="2014-06-29T14:49:49.3246198+05:30" testType="13cdc9d9-ddb5-4fa4-a97d-d965ccfc6d4b" outcome="Passed" testListId="8c84fa94-04c1-424b-9868-57a2d4851a1d" relativeResultsDirectory="b2dc7a83-6abd-4505-a242-19b2cd6a4591" dataRowInfo="2" resultType="DataDrivenDataRow" />
        <UnitTestResult executionId="e4597b13-e6ce-4c02-b0a4-fd12e91b2df4" parentExecutionId="b2dc7a83-6abd-4505-a242-19b2cd6a4591" testId="15fe5bf6-5078-81a8-0356-385549390bb7" testName="first_person_tenses_active_negation" computerName="ARPAN-LAP" duration="00:00:00.0295887" startTime="2014-06-29T14:49:49.3246198+05:30" endTime="2014-06-29T14:49:49.3536214+05:30" testType="13cdc9d9-ddb5-4fa4-a97d-d965ccfc6d4b" outcome="Passed" testListId="8c84fa94-04c1-424b-9868-57a2d4851a1d" relativeResultsDirectory="b2dc7a83-6abd-4505-a242-19b2cd6a4591" dataRowInfo="3" resultType="DataDrivenDataRow" />
        <UnitTestResult executionId="968acafe-9c4b-4e34-8e34-34f6c146a2bd" parentExecutionId="b2dc7a83-6abd-4505-a242-19b2cd6a4591" testId="15fe5bf6-5078-81a8-0356-385549390bb7" testName="first_person_tenses_active_negation" computerName="ARPAN-LAP" duration="00:00:00.0238647" startTime="2014-06-29T14:49:49.3536214+05:30" endTime="2014-06-29T14:49:49.3776228+05:30" testType="13cdc9d9-ddb5-4fa4-a97d-d965ccfc6d4b" outcome="Passed" testListId="8c84fa94-04c1-424b-9868-57a2d4851a1d" relativeResultsDirectory="b2dc7a83-6abd-4505-a242-19b2cd6a4591" dataRowInfo="4" resultType="DataDrivenDataRow" />
        <UnitTestResult executionId="8504b6c5-db55-4073-b7a9-23d5b616a060" parentExecutionId="b2dc7a83-6abd-4505-a242-19b2cd6a4591" testId="15fe5bf6-5078-81a8-0356-385549390bb7" testName="first_person_tenses_active_negation" computerName="ARPAN-LAP" duration="00:00:00.0229085" startTime="2014-06-29T14:49:49.3776228+05:30" endTime="2014-06-29T14:49:49.4006241+05:30" testType="13cdc9d9-ddb5-4fa4-a97d-d965ccfc6d4b" outcome="Passed" testListId="8c84fa94-04c1-424b-9868-57a2d4851a1d" relativeResultsDirectory="b2dc7a83-6abd-4505-a242-19b2cd6a4591" dataRowInfo="5" resultType="DataDrivenDataRow" />
        <UnitTestResult executionId="76367c25-320d-4f35-bca7-51e03be3ad26" parentExecutionId="b2dc7a83-6abd-4505-a242-19b2cd6a4591" testId="15fe5bf6-5078-81a8-0356-385549390bb7" testName="first_person_tenses_active_negation" computerName="ARPAN-LAP" duration="00:00:00.0258187" startTime="2014-06-29T14:49:49.4006241+05:30" endTime="2014-06-29T14:49:49.4266256+05:30" testType="13cdc9d9-ddb5-4fa4-a97d-d965ccfc6d4b" outcome="Passed" testListId="8c84fa94-04c1-424b-9868-57a2d4851a1d" relativeResultsDirectory="b2dc7a83-6abd-4505-a242-19b2cd6a4591" dataRowInfo="6" resultType="DataDrivenDataRow" />
        <UnitTestResult executionId="804921d8-5e3c-4250-a0cc-db611a928052" parentExecutionId="b2dc7a83-6abd-4505-a242-19b2cd6a4591" testId="15fe5bf6-5078-81a8-0356-385549390bb7" testName="first_person_tenses_active_negation" computerName="ARPAN-LAP" duration="00:00:00.0300774" startTime="2014-06-29T14:49:49.4266256+05:30" endTime="2014-06-29T14:49:49.4566273+05:30" testType="13cdc9d9-ddb5-4fa4-a97d-d965ccfc6d4b" outcome="Passed" testListId="8c84fa94-04c1-424b-9868-57a2d4851a1d" relativeResultsDirectory="b2dc7a83-6abd-4505-a242-19b2cd6a4591" dataRowInfo="7" resultType="DataDrivenDataRow" />
        <UnitTestResult executionId="c504e58c-2ff7-41b8-811e-10000c2add13" parentExecutionId="b2dc7a83-6abd-4505-a242-19b2cd6a4591" testId="15fe5bf6-5078-81a8-0356-385549390bb7" testName="first_person_tenses_active_negation" computerName="ARPAN-LAP" duration="00:00:00.0236594" startTime="2014-06-29T14:49:49.4566273+05:30" endTime="2014-06-29T14:49:49.4806287+05:30" testType="13cdc9d9-ddb5-4fa4-a97d-d965ccfc6d4b" outcome="Passed" testListId="8c84fa94-04c1-424b-9868-57a2d4851a1d" relativeResultsDirectory="b2dc7a83-6abd-4505-a242-19b2cd6a4591" dataRowInfo="8" resultType="DataDrivenDataRow" />
        <UnitTestResult executionId="2acb0a9a-4e84-47aa-86be-82a02616447b" parentExecutionId="b2dc7a83-6abd-4505-a242-19b2cd6a4591" testId="15fe5bf6-5078-81a8-0356-385549390bb7" testName="first_person_tenses_active_negation" computerName="ARPAN-LAP" duration="00:00:00.0302006" startTime="2014-06-29T14:49:49.4806287+05:30" endTime="2014-06-29T14:49:49.5106304+05:30" testType="13cdc9d9-ddb5-4fa4-a97d-d965ccfc6d4b" outcome="Passed" testListId="8c84fa94-04c1-424b-9868-57a2d4851a1d" relativeResultsDirectory="b2dc7a83-6abd-4505-a242-19b2cd6a4591" dataRowInfo="9" resultType="DataDrivenDataRow" />
      </InnerResults>
    </UnitTestResult>
    <UnitTestResult executionId="81c5e895-5ac1-4215-99bd-8aba81a56d08" testId="1b04a6d6-5350-792c-8eba-a46a0eb28949" testName="interrogative_sentences_why" computerName="ARPAN-LAP" duration="00:00:00.3498912" startTime="2014-06-29T14:49:49.5416322+05:30" endTime="2014-06-29T14:49:49.9106533+05:30" testType="13cdc9d9-ddb5-4fa4-a97d-d965ccfc6d4b" outcome="Failed" testListId="8c84fa94-04c1-424b-9868-57a2d4851a1d" relativeResultsDirectory="81c5e895-5ac1-4215-99bd-8aba81a56d08" resultType="DataDrivenTest">
      <Counters error="0" failed="1" timeout="0" aborted="0" inconclusive="0" passedButRunAborted="0" notRunnable="0" notExecuted="0" disconnected="0" warning="0" passed="2" completed="0" inProgress="0" pending="0" />
      <InnerResults>
        <UnitTestResult executionId="465bce78-ede8-4a0b-8113-6e2bf338fba9" parentExecutionId="81c5e895-5ac1-4215-99bd-8aba81a56d08" testId="1b04a6d6-5350-792c-8eba-a46a0eb28949" testName="interrogative_sentences_why" computerName="ARPAN-LAP" duration="00:00:00.2271090" startTime="2014-06-29T14:49:49.5876348+05:30" endTime="2014-06-29T14:49:49.8146478+05:30" testType="13cdc9d9-ddb5-4fa4-a97d-d965ccfc6d4b" outcome="Failed" testListId="8c84fa94-04c1-424b-9868-57a2d4851a1d" relativeResultsDirectory="81c5e895-5ac1-4215-99bd-8aba81a56d08" dataRowInfo="0" resultType="DataDrivenDataRow">
          <Output>
            <ErrorInfo>
              <Message>Assert.AreEqual failed. Expected:&lt;কেন আপনি দেরিতে আজ ?&gt;. Actual:&lt;দেরিতে আজ আপনি কেন ?&gt;. Why are you late today?</Message>
              <StackTrace>   at UnitTest.BnlpTest.interrogative_sentences_why() in D:\software\Project\BNLP\UnitTest\BnlpTest.cs:line 382
</StackTrace>
            </ErrorInfo>
          </Output>
        </UnitTestResult>
        <UnitTestResult executionId="2c5c11ee-9293-45ef-893c-0bb5993a2e31" parentExecutionId="81c5e895-5ac1-4215-99bd-8aba81a56d08" testId="1b04a6d6-5350-792c-8eba-a46a0eb28949" testName="interrogative_sentences_why" computerName="ARPAN-LAP" duration="00:00:00.0563253" startTime="2014-06-29T14:49:49.8146478+05:30" endTime="2014-06-29T14:49:49.8716511+05:30" testType="13cdc9d9-ddb5-4fa4-a97d-d965ccfc6d4b" outcome="Passed" testListId="8c84fa94-04c1-424b-9868-57a2d4851a1d" relativeResultsDirectory="81c5e895-5ac1-4215-99bd-8aba81a56d08" dataRowInfo="1" resultType="DataDrivenDataRow" />
        <UnitTestResult executionId="d5932113-17e3-49bf-87de-03dc177e12c3" parentExecutionId="81c5e895-5ac1-4215-99bd-8aba81a56d08" testId="1b04a6d6-5350-792c-8eba-a46a0eb28949" testName="interrogative_sentences_why" computerName="ARPAN-LAP" duration="00:00:00.0273232" startTime="2014-06-29T14:49:49.8716511+05:30" endTime="2014-06-29T14:49:49.8986526+05:30" testType="13cdc9d9-ddb5-4fa4-a97d-d965ccfc6d4b" outcome="Passed" testListId="8c84fa94-04c1-424b-9868-57a2d4851a1d" relativeResultsDirectory="81c5e895-5ac1-4215-99bd-8aba81a56d08" dataRowInfo="2" resultType="DataDrivenDataRow" />
      </InnerResults>
    </UnitTestResult>
    <UnitTestResult executionId="55f8ef8a-7e2d-4a21-916b-438c22b5adfd" testId="1d63c318-78a9-9011-f5c0-0b01884a2881" testName="interrogative_sentences_do" computerName="ARPAN-LAP" duration="00:00:00.2583162" startTime="2014-06-29T14:49:49.9146535+05:30" endTime="2014-06-29T14:49:50.2046701+05:30" testType="13cdc9d9-ddb5-4fa4-a97d-d965ccfc6d4b" outcome="Passed" testListId="8c84fa94-04c1-424b-9868-57a2d4851a1d" relativeResultsDirectory="55f8ef8a-7e2d-4a21-916b-438c22b5adfd" resultType="DataDrivenTest">
      <Counters error="0" failed="0" timeout="0" aborted="0" inconclusive="0" passedButRunAborted="0" notRunnable="0" notExecuted="0" disconnected="0" warning="0" passed="9" completed="0" inProgress="0" pending="0" />
      <InnerResults>
        <UnitTestResult executionId="d754f1f9-7301-47ad-bfb7-37b216a25093" parentExecutionId="55f8ef8a-7e2d-4a21-916b-438c22b5adfd" testId="1d63c318-78a9-9011-f5c0-0b01884a2881" testName="interrogative_sentences_do" computerName="ARPAN-LAP" duration="00:00:00.0267755" startTime="2014-06-29T14:49:49.9486555+05:30" endTime="2014-06-29T14:49:49.9756570+05:30" testType="13cdc9d9-ddb5-4fa4-a97d-d965ccfc6d4b" outcome="Passed" testListId="8c84fa94-04c1-424b-9868-57a2d4851a1d" relativeResultsDirectory="55f8ef8a-7e2d-4a21-916b-438c22b5adfd" dataRowInfo="0" resultType="DataDrivenDataRow" />
        <UnitTestResult executionId="a53df3b5-a955-412a-9c39-5eb212d36cbf" parentExecutionId="55f8ef8a-7e2d-4a21-916b-438c22b5adfd" testId="1d63c318-78a9-9011-f5c0-0b01884a2881" testName="interrogative_sentences_do" computerName="ARPAN-LAP" duration="00:00:00.0244154" startTime="2014-06-29T14:49:49.9756570+05:30" endTime="2014-06-29T14:49:49.9996584+05:30" testType="13cdc9d9-ddb5-4fa4-a97d-d965ccfc6d4b" outcome="Passed" testListId="8c84fa94-04c1-424b-9868-57a2d4851a1d" relativeResultsDirectory="55f8ef8a-7e2d-4a21-916b-438c22b5adfd" dataRowInfo="1" resultType="DataDrivenDataRow" />
        <UnitTestResult executionId="0958f690-82a5-41f3-a135-96e1c5287dbe" parentExecutionId="55f8ef8a-7e2d-4a21-916b-438c22b5adfd" testId="1d63c318-78a9-9011-f5c0-0b01884a2881" testName="interrogative_sentences_do" computerName="ARPAN-LAP" duration="00:00:00.0224855" startTime="2014-06-29T14:49:49.9996584+05:30" endTime="2014-06-29T14:49:50.0226597+05:30" testType="13cdc9d9-ddb5-4fa4-a97d-d965ccfc6d4b" outcome="Passed" testListId="8c84fa94-04c1-424b-9868-57a2d4851a1d" relativeResultsDirectory="55f8ef8a-7e2d-4a21-916b-438c22b5adfd" dataRowInfo="2" resultType="DataDrivenDataRow" />
        <UnitTestResult executionId="c4cbe416-1b35-4474-996e-5650a9cb0e9b" parentExecutionId="55f8ef8a-7e2d-4a21-916b-438c22b5adfd" testId="1d63c318-78a9-9011-f5c0-0b01884a2881" testName="interrogative_sentences_do" computerName="ARPAN-LAP" duration="00:00:00.0221334" startTime="2014-06-29T14:49:50.0226597+05:30" endTime="2014-06-29T14:49:50.0446610+05:30" testType="13cdc9d9-ddb5-4fa4-a97d-d965ccfc6d4b" outcome="Passed" testListId="8c84fa94-04c1-424b-9868-57a2d4851a1d" relativeResultsDirectory="55f8ef8a-7e2d-4a21-916b-438c22b5adfd" dataRowInfo="3" resultType="DataDrivenDataRow" />
        <UnitTestResult executionId="a6c2a744-3c2f-4399-b73d-8da2eec1c426" parentExecutionId="55f8ef8a-7e2d-4a21-916b-438c22b5adfd" testId="1d63c318-78a9-9011-f5c0-0b01884a2881" testName="interrogative_sentences_do" computerName="ARPAN-LAP" duration="00:00:00.0216196" startTime="2014-06-29T14:49:50.0446610+05:30" endTime="2014-06-29T14:49:50.0666622+05:30" testType="13cdc9d9-ddb5-4fa4-a97d-d965ccfc6d4b" outcome="Passed" testListId="8c84fa94-04c1-424b-9868-57a2d4851a1d" relativeResultsDirectory="55f8ef8a-7e2d-4a21-916b-438c22b5adfd" dataRowInfo="4" resultType="DataDrivenDataRow" />
        <UnitTestResult executionId="37dc879c-a06e-4b4e-8af2-4ba055d2f980" parentExecutionId="55f8ef8a-7e2d-4a21-916b-438c22b5adfd" testId="1d63c318-78a9-9011-f5c0-0b01884a2881" testName="interrogative_sentences_do" computerName="ARPAN-LAP" duration="00:00:00.0308581" startTime="2014-06-29T14:49:50.0666622+05:30" endTime="2014-06-29T14:49:50.0976640+05:30" testType="13cdc9d9-ddb5-4fa4-a97d-d965ccfc6d4b" outcome="Passed" testListId="8c84fa94-04c1-424b-9868-57a2d4851a1d" relativeResultsDirectory="55f8ef8a-7e2d-4a21-916b-438c22b5adfd" dataRowInfo="5" resultType="DataDrivenDataRow" />
        <UnitTestResult executionId="c0cc05ff-9c9f-4ddf-a20a-159d947575c2" parentExecutionId="55f8ef8a-7e2d-4a21-916b-438c22b5adfd" testId="1d63c318-78a9-9011-f5c0-0b01884a2881" testName="interrogative_sentences_do" computerName="ARPAN-LAP" duration="00:00:00.0256740" startTime="2014-06-29T14:49:50.0976640+05:30" endTime="2014-06-29T14:49:50.1226654+05:30" testType="13cdc9d9-ddb5-4fa4-a97d-d965ccfc6d4b" outcome="Passed" testListId="8c84fa94-04c1-424b-9868-57a2d4851a1d" relativeResultsDirectory="55f8ef8a-7e2d-4a21-916b-438c22b5adfd" dataRowInfo="6" resultType="DataDrivenDataRow" />
        <UnitTestResult executionId="92b2ac51-fd0a-484f-8517-16cddaf7f673" parentExecutionId="55f8ef8a-7e2d-4a21-916b-438c22b5adfd" testId="1d63c318-78a9-9011-f5c0-0b01884a2881" testName="interrogative_sentences_do" computerName="ARPAN-LAP" duration="00:00:00.0264085" startTime="2014-06-29T14:49:50.1226654+05:30" endTime="2014-06-29T14:49:50.1496670+05:30" testType="13cdc9d9-ddb5-4fa4-a97d-d965ccfc6d4b" outcome="Passed" testListId="8c84fa94-04c1-424b-9868-57a2d4851a1d" relativeResultsDirectory="55f8ef8a-7e2d-4a21-916b-438c22b5adfd" dataRowInfo="7" resultType="DataDrivenDataRow" />
        <UnitTestResult executionId="768eda5b-a5c5-48f4-9da1-944acaf814ff" parentExecutionId="55f8ef8a-7e2d-4a21-916b-438c22b5adfd" testId="1d63c318-78a9-9011-f5c0-0b01884a2881" testName="interrogative_sentences_do" computerName="ARPAN-LAP" duration="00:00:00.0276742" startTime="2014-06-29T14:49:50.1496670+05:30" endTime="2014-06-29T14:49:50.1766685+05:30" testType="13cdc9d9-ddb5-4fa4-a97d-d965ccfc6d4b" outcome="Passed" testListId="8c84fa94-04c1-424b-9868-57a2d4851a1d" relativeResultsDirectory="55f8ef8a-7e2d-4a21-916b-438c22b5adfd" dataRowInfo="8" resultType="DataDrivenDataRow" />
      </InnerResults>
    </UnitTestResult>
    <UnitTestResult executionId="6ec85a70-3c0b-4b43-b835-4eb004326bd0" testId="227f20ae-8e76-eb71-39b2-4ada3ce6aba8" testName="interrogative_sentences_how" computerName="ARPAN-LAP" duration="00:00:00.5945687" startTime="2014-06-29T14:49:50.2066702+05:30" endTime="2014-06-29T14:49:50.8607076+05:30" testType="13cdc9d9-ddb5-4fa4-a97d-d965ccfc6d4b" outcome="Failed" testListId="8c84fa94-04c1-424b-9868-57a2d4851a1d" relativeResultsDirectory="6ec85a70-3c0b-4b43-b835-4eb004326bd0" resultType="DataDrivenTest">
      <Counters error="0" failed="3" timeout="0" aborted="0" inconclusive="0" passedButRunAborted="0" notRunnable="0" notExecuted="0" disconnected="0" warning="0" passed="15" completed="0" inProgress="0" pending="0" />
      <InnerResults>
        <UnitTestResult executionId="fcda00b7-91de-46c1-9188-6cbe93c7f96c" parentExecutionId="6ec85a70-3c0b-4b43-b835-4eb004326bd0" testId="227f20ae-8e76-eb71-39b2-4ada3ce6aba8" testName="interrogative_sentences_how" computerName="ARPAN-LAP" duration="00:00:00.0353395" startTime="2014-06-29T14:49:50.2496727+05:30" endTime="2014-06-29T14:49:50.2846747+05:30" testType="13cdc9d9-ddb5-4fa4-a97d-d965ccfc6d4b" outcome="Passed" testListId="8c84fa94-04c1-424b-9868-57a2d4851a1d" relativeResultsDirectory="6ec85a70-3c0b-4b43-b835-4eb004326bd0" dataRowInfo="0" resultType="DataDrivenDataRow" />
        <UnitTestResult executionId="43c9ba19-79db-47f4-bc57-2cbd35d049f4" parentExecutionId="6ec85a70-3c0b-4b43-b835-4eb004326bd0" testId="227f20ae-8e76-eb71-39b2-4ada3ce6aba8" testName="interrogative_sentences_how" computerName="ARPAN-LAP" duration="00:00:00.0223942" startTime="2014-06-29T14:49:50.2846747+05:30" endTime="2014-06-29T14:49:50.3066760+05:30" testType="13cdc9d9-ddb5-4fa4-a97d-d965ccfc6d4b" outcome="Failed" testListId="8c84fa94-04c1-424b-9868-57a2d4851a1d" relativeResultsDirectory="6ec85a70-3c0b-4b43-b835-4eb004326bd0" dataRowInfo="1" resultType="DataDrivenDataRow">
          <Output>
            <ErrorInfo>
              <Message>Assert.AreEqual failed. Expected:&lt;আপনি কেমন ছিলেন ?&gt;. Actual:&lt;আপনি ছিলেন কেমন ?&gt;. How were you?</Message>
              <StackTrace>   at UnitTest.BnlpTest.interrogative_sentences_how() in D:\software\Project\BNLP\UnitTest\BnlpTest.cs:line 274
</StackTrace>
            </ErrorInfo>
          </Output>
        </UnitTestResult>
        <UnitTestResult executionId="1d06aba9-925c-489b-9372-1ee14d7bf41e" parentExecutionId="6ec85a70-3c0b-4b43-b835-4eb004326bd0" testId="227f20ae-8e76-eb71-39b2-4ada3ce6aba8" testName="interrogative_sentences_how" computerName="ARPAN-LAP" duration="00:00:00.0270763" startTime="2014-06-29T14:49:50.3066760+05:30" endTime="2014-06-29T14:49:50.3346776+05:30" testType="13cdc9d9-ddb5-4fa4-a97d-d965ccfc6d4b" outcome="Failed" testListId="8c84fa94-04c1-424b-9868-57a2d4851a1d" relativeResultsDirectory="6ec85a70-3c0b-4b43-b835-4eb004326bd0" dataRowInfo="2" resultType="DataDrivenDataRow">
          <Output>
            <ErrorInfo>
              <Message>Assert.AreEqual failed. Expected:&lt;এই মেশিন কাজটি কিভাবে করে ?&gt;. Actual:&lt;এই মেশিনটি করে কিভাবে কাজ ?&gt;. How does this machine work?</Message>
              <StackTrace>   at UnitTest.BnlpTest.interrogative_sentences_how() in D:\software\Project\BNLP\UnitTest\BnlpTest.cs:line 274
</StackTrace>
            </ErrorInfo>
          </Output>
        </UnitTestResult>
        <UnitTestResult executionId="3fcf8d2e-ab1b-42d6-98fe-529e115dbd52" parentExecutionId="6ec85a70-3c0b-4b43-b835-4eb004326bd0" testId="227f20ae-8e76-eb71-39b2-4ada3ce6aba8" testName="interrogative_sentences_how" computerName="ARPAN-LAP" duration="00:00:00.0384397" startTime="2014-06-29T14:49:50.3346776+05:30" endTime="2014-06-29T14:49:50.3726797+05:30" testType="13cdc9d9-ddb5-4fa4-a97d-d965ccfc6d4b" outcome="Passed" testListId="8c84fa94-04c1-424b-9868-57a2d4851a1d" relativeResultsDirectory="6ec85a70-3c0b-4b43-b835-4eb004326bd0" dataRowInfo="3" resultType="DataDrivenDataRow" />
        <UnitTestResult executionId="e288fb23-674e-4ba2-b56b-db454bfa0663" parentExecutionId="6ec85a70-3c0b-4b43-b835-4eb004326bd0" testId="227f20ae-8e76-eb71-39b2-4ada3ce6aba8" testName="interrogative_sentences_how" computerName="ARPAN-LAP" duration="00:00:00.0330990" startTime="2014-06-29T14:49:50.3726797+05:30" endTime="2014-06-29T14:49:50.4056816+05:30" testType="13cdc9d9-ddb5-4fa4-a97d-d965ccfc6d4b" outcome="Passed" testListId="8c84fa94-04c1-424b-9868-57a2d4851a1d" relativeResultsDirectory="6ec85a70-3c0b-4b43-b835-4eb004326bd0" dataRowInfo="4" resultType="DataDrivenDataRow" />
        <UnitTestResult executionId="9f6c377e-1dc4-4af0-9d7a-9a7b588528f8" parentExecutionId="6ec85a70-3c0b-4b43-b835-4eb004326bd0" testId="227f20ae-8e76-eb71-39b2-4ada3ce6aba8" testName="interrogative_sentences_how" computerName="ARPAN-LAP" duration="00:00:00.0255908" startTime="2014-06-29T14:49:50.4056816+05:30" endTime="2014-06-29T14:49:50.4316831+05:30" testType="13cdc9d9-ddb5-4fa4-a97d-d965ccfc6d4b" outcome="Passed" testListId="8c84fa94-04c1-424b-9868-57a2d4851a1d" relativeResultsDirectory="6ec85a70-3c0b-4b43-b835-4eb004326bd0" dataRowInfo="5" resultType="DataDrivenDataRow" />
        <UnitTestResult executionId="ffff5989-e988-4a85-a155-a807cc7ba076" parentExecutionId="6ec85a70-3c0b-4b43-b835-4eb004326bd0" testId="227f20ae-8e76-eb71-39b2-4ada3ce6aba8" testName="interrogative_sentences_how" computerName="ARPAN-LAP" duration="00:00:00.0385634" startTime="2014-06-29T14:49:50.4316831+05:30" endTime="2014-06-29T14:49:50.4696853+05:30" testType="13cdc9d9-ddb5-4fa4-a97d-d965ccfc6d4b" outcome="Passed" testListId="8c84fa94-04c1-424b-9868-57a2d4851a1d" relativeResultsDirectory="6ec85a70-3c0b-4b43-b835-4eb004326bd0" dataRowInfo="6" resultType="DataDrivenDataRow" />
        <UnitTestResult executionId="a2d32850-cc45-4add-8ea5-6aa1951075cc" parentExecutionId="6ec85a70-3c0b-4b43-b835-4eb004326bd0" testId="227f20ae-8e76-eb71-39b2-4ada3ce6aba8" testName="interrogative_sentences_how" computerName="ARPAN-LAP" duration="00:00:00.0276214" startTime="2014-06-29T14:49:50.4696853+05:30" endTime="2014-06-29T14:49:50.4976869+05:30" testType="13cdc9d9-ddb5-4fa4-a97d-d965ccfc6d4b" outcome="Passed" testListId="8c84fa94-04c1-424b-9868-57a2d4851a1d" relativeResultsDirectory="6ec85a70-3c0b-4b43-b835-4eb004326bd0" dataRowInfo="7" resultType="DataDrivenDataRow" />
        <UnitTestResult executionId="3ea340ec-e77f-43d5-9585-65f1d9cc2616" parentExecutionId="6ec85a70-3c0b-4b43-b835-4eb004326bd0" testId="227f20ae-8e76-eb71-39b2-4ada3ce6aba8" testName="interrogative_sentences_how" computerName="ARPAN-LAP" duration="00:00:00.0289277" startTime="2014-06-29T14:49:50.4976869+05:30" endTime="2014-06-29T14:49:50.5266885+05:30" testType="13cdc9d9-ddb5-4fa4-a97d-d965ccfc6d4b" outcome="Passed" testListId="8c84fa94-04c1-424b-9868-57a2d4851a1d" relativeResultsDirectory="6ec85a70-3c0b-4b43-b835-4eb004326bd0" dataRowInfo="8" resultType="DataDrivenDataRow" />
        <UnitTestResult executionId="64ea9052-81a8-4afd-bbce-4ff6464fd566" parentExecutionId="6ec85a70-3c0b-4b43-b835-4eb004326bd0" testId="227f20ae-8e76-eb71-39b2-4ada3ce6aba8" testName="interrogative_sentences_how" computerName="ARPAN-LAP" duration="00:00:00.0294712" startTime="2014-06-29T14:49:50.5266885+05:30" endTime="2014-06-29T14:49:50.5566903+05:30" testType="13cdc9d9-ddb5-4fa4-a97d-d965ccfc6d4b" outcome="Passed" testListId="8c84fa94-04c1-424b-9868-57a2d4851a1d" relativeResultsDirectory="6ec85a70-3c0b-4b43-b835-4eb004326bd0" dataRowInfo="9" resultType="DataDrivenDataRow" />
        <UnitTestResult executionId="5174eab3-7273-4357-b062-fbaa6fac01b1" parentExecutionId="6ec85a70-3c0b-4b43-b835-4eb004326bd0" testId="227f20ae-8e76-eb71-39b2-4ada3ce6aba8" testName="interrogative_sentences_how" computerName="ARPAN-LAP" duration="00:00:00.0351773" startTime="2014-06-29T14:49:50.5566903+05:30" endTime="2014-06-29T14:49:50.5916923+05:30" testType="13cdc9d9-ddb5-4fa4-a97d-d965ccfc6d4b" outcome="Passed" testListId="8c84fa94-04c1-424b-9868-57a2d4851a1d" relativeResultsDirectory="6ec85a70-3c0b-4b43-b835-4eb004326bd0" dataRowInfo="10" resultType="DataDrivenDataRow" />
        <UnitTestResult executionId="ef854200-4657-43ab-ba65-aa23d045b949" parentExecutionId="6ec85a70-3c0b-4b43-b835-4eb004326bd0" testId="227f20ae-8e76-eb71-39b2-4ada3ce6aba8" testName="interrogative_sentences_how" computerName="ARPAN-LAP" duration="00:00:00.0264819" startTime="2014-06-29T14:49:50.5916923+05:30" endTime="2014-06-29T14:49:50.6176937+05:30" testType="13cdc9d9-ddb5-4fa4-a97d-d965ccfc6d4b" outcome="Passed" testListId="8c84fa94-04c1-424b-9868-57a2d4851a1d" relativeResultsDirectory="6ec85a70-3c0b-4b43-b835-4eb004326bd0" dataRowInfo="11" resultType="DataDrivenDataRow" />
        <UnitTestResult executionId="bd0b0e05-f97c-4d84-9d7b-e1200ff26f87" parentExecutionId="6ec85a70-3c0b-4b43-b835-4eb004326bd0" testId="227f20ae-8e76-eb71-39b2-4ada3ce6aba8" testName="interrogative_sentences_how" computerName="ARPAN-LAP" duration="00:00:00.0298921" startTime="2014-06-29T14:49:50.6176937+05:30" endTime="2014-06-29T14:49:50.6476955+05:30" testType="13cdc9d9-ddb5-4fa4-a97d-d965ccfc6d4b" outcome="Passed" testListId="8c84fa94-04c1-424b-9868-57a2d4851a1d" relativeResultsDirectory="6ec85a70-3c0b-4b43-b835-4eb004326bd0" dataRowInfo="12" resultType="DataDrivenDataRow" />
        <UnitTestResult executionId="efcd81df-1e27-4625-8dfc-5841cf7984d9" parentExecutionId="6ec85a70-3c0b-4b43-b835-4eb004326bd0" testId="227f20ae-8e76-eb71-39b2-4ada3ce6aba8" testName="interrogative_sentences_how" computerName="ARPAN-LAP" duration="00:00:00.0320278" startTime="2014-06-29T14:49:50.6476955+05:30" endTime="2014-06-29T14:49:50.6796973+05:30" testType="13cdc9d9-ddb5-4fa4-a97d-d965ccfc6d4b" outcome="Passed" testListId="8c84fa94-04c1-424b-9868-57a2d4851a1d" relativeResultsDirectory="6ec85a70-3c0b-4b43-b835-4eb004326bd0" dataRowInfo="13" resultType="DataDrivenDataRow" />
        <UnitTestResult executionId="68aa8588-15a9-47b1-9fc2-6faea58fdb50" parentExecutionId="6ec85a70-3c0b-4b43-b835-4eb004326bd0" testId="227f20ae-8e76-eb71-39b2-4ada3ce6aba8" testName="interrogative_sentences_how" computerName="ARPAN-LAP" duration="00:00:00.0316105" startTime="2014-06-29T14:49:50.6796973+05:30" endTime="2014-06-29T14:49:50.7116991+05:30" testType="13cdc9d9-ddb5-4fa4-a97d-d965ccfc6d4b" outcome="Passed" testListId="8c84fa94-04c1-424b-9868-57a2d4851a1d" relativeResultsDirectory="6ec85a70-3c0b-4b43-b835-4eb004326bd0" dataRowInfo="14" resultType="DataDrivenDataRow" />
        <UnitTestResult executionId="33f0d671-8f69-462f-89c9-91e41b8ef826" parentExecutionId="6ec85a70-3c0b-4b43-b835-4eb004326bd0" testId="227f20ae-8e76-eb71-39b2-4ada3ce6aba8" testName="interrogative_sentences_how" computerName="ARPAN-LAP" duration="00:00:00.0331565" startTime="2014-06-29T14:49:50.7116991+05:30" endTime="2014-06-29T14:49:50.7447010+05:30" testType="13cdc9d9-ddb5-4fa4-a97d-d965ccfc6d4b" outcome="Failed" testListId="8c84fa94-04c1-424b-9868-57a2d4851a1d" relativeResultsDirectory="6ec85a70-3c0b-4b43-b835-4eb004326bd0" dataRowInfo="15" resultType="DataDrivenDataRow">
          <Output>
            <ErrorInfo>
              <Message>Assert.AreEqual failed. Expected:&lt;একটি ভাল ছাত্র হতে হয় কিভাবে ?&gt;. Actual:&lt;হয় কিভাবে একটি ভাল ছাত্র ?&gt;. How to be a good student?</Message>
              <StackTrace>   at UnitTest.BnlpTest.interrogative_sentences_how() in D:\software\Project\BNLP\UnitTest\BnlpTest.cs:line 274
</StackTrace>
            </ErrorInfo>
          </Output>
        </UnitTestResult>
        <UnitTestResult executionId="13247aec-3a44-463c-9c82-ab384300a417" parentExecutionId="6ec85a70-3c0b-4b43-b835-4eb004326bd0" testId="227f20ae-8e76-eb71-39b2-4ada3ce6aba8" testName="interrogative_sentences_how" computerName="ARPAN-LAP" duration="00:00:00.0300481" startTime="2014-06-29T14:49:50.7447010+05:30" endTime="2014-06-29T14:49:50.7747027+05:30" testType="13cdc9d9-ddb5-4fa4-a97d-d965ccfc6d4b" outcome="Passed" testListId="8c84fa94-04c1-424b-9868-57a2d4851a1d" relativeResultsDirectory="6ec85a70-3c0b-4b43-b835-4eb004326bd0" dataRowInfo="16" resultType="DataDrivenDataRow" />
        <UnitTestResult executionId="d8a83cc6-9b35-4586-8f0e-dd4a3d4fd50f" parentExecutionId="6ec85a70-3c0b-4b43-b835-4eb004326bd0" testId="227f20ae-8e76-eb71-39b2-4ada3ce6aba8" testName="interrogative_sentences_how" computerName="ARPAN-LAP" duration="00:00:00.0358379" startTime="2014-06-29T14:49:50.7747027+05:30" endTime="2014-06-29T14:49:50.8107048+05:30" testType="13cdc9d9-ddb5-4fa4-a97d-d965ccfc6d4b" outcome="Passed" testListId="8c84fa94-04c1-424b-9868-57a2d4851a1d" relativeResultsDirectory="6ec85a70-3c0b-4b43-b835-4eb004326bd0" dataRowInfo="17" resultType="DataDrivenDataRow" />
      </InnerResults>
    </UnitTestResult>
    <UnitTestResult executionId="cb430b03-ba77-48f3-9c4b-3bb805399807" testId="30ab3285-6a8c-14d2-9725-bd60892ccd90" testName="second_person_tenses_active" computerName="ARPAN-LAP" duration="00:00:00.2171027" startTime="2014-06-29T14:49:50.8627078+05:30" endTime="2014-06-29T14:49:51.1207225+05:30" testType="13cdc9d9-ddb5-4fa4-a97d-d965ccfc6d4b" outcome="Passed" testListId="8c84fa94-04c1-424b-9868-57a2d4851a1d" relativeResultsDirectory="cb430b03-ba77-48f3-9c4b-3bb805399807" resultType="DataDrivenTest">
      <Counters error="0" failed="0" timeout="0" aborted="0" inconclusive="0" passedButRunAborted="0" notRunnable="0" notExecuted="0" disconnected="0" warning="0" passed="10" completed="0" inProgress="0" pending="0" />
      <InnerResults>
        <UnitTestResult executionId="f962e368-9845-49f5-a264-b76e9ba4e7ad" parentExecutionId="cb430b03-ba77-48f3-9c4b-3bb805399807" testId="30ab3285-6a8c-14d2-9725-bd60892ccd90" testName="second_person_tenses_active" computerName="ARPAN-LAP" duration="00:00:00.0149532" startTime="2014-06-29T14:49:50.8907094+05:30" endTime="2014-06-29T14:49:50.9057102+05:30" testType="13cdc9d9-ddb5-4fa4-a97d-d965ccfc6d4b" outcome="Passed" testListId="8c84fa94-04c1-424b-9868-57a2d4851a1d" relativeResultsDirectory="cb430b03-ba77-48f3-9c4b-3bb805399807" dataRowInfo="0" resultType="DataDrivenDataRow" />
        <UnitTestResult executionId="2937241d-87ef-4326-9b34-a78f57d316c6" parentExecutionId="cb430b03-ba77-48f3-9c4b-3bb805399807" testId="30ab3285-6a8c-14d2-9725-bd60892ccd90" testName="second_person_tenses_active" computerName="ARPAN-LAP" duration="00:00:00.0186842" startTime="2014-06-29T14:49:50.9057102+05:30" endTime="2014-06-29T14:49:50.9247113+05:30" testType="13cdc9d9-ddb5-4fa4-a97d-d965ccfc6d4b" outcome="Passed" testListId="8c84fa94-04c1-424b-9868-57a2d4851a1d" relativeResultsDirectory="cb430b03-ba77-48f3-9c4b-3bb805399807" dataRowInfo="1" resultType="DataDrivenDataRow" />
        <UnitTestResult executionId="b61e28c7-532c-4f01-9c90-ba88fd1da2b7" parentExecutionId="cb430b03-ba77-48f3-9c4b-3bb805399807" testId="30ab3285-6a8c-14d2-9725-bd60892ccd90" testName="second_person_tenses_active" computerName="ARPAN-LAP" duration="00:00:00.0187987" startTime="2014-06-29T14:49:50.9247113+05:30" endTime="2014-06-29T14:49:50.9437124+05:30" testType="13cdc9d9-ddb5-4fa4-a97d-d965ccfc6d4b" outcome="Passed" testListId="8c84fa94-04c1-424b-9868-57a2d4851a1d" relativeResultsDirectory="cb430b03-ba77-48f3-9c4b-3bb805399807" dataRowInfo="2" resultType="DataDrivenDataRow" />
        <UnitTestResult executionId="f6228f61-3a85-4f53-9dd4-a56273566c1c" parentExecutionId="cb430b03-ba77-48f3-9c4b-3bb805399807" testId="30ab3285-6a8c-14d2-9725-bd60892ccd90" testName="second_person_tenses_active" computerName="ARPAN-LAP" duration="00:00:00.0255934" startTime="2014-06-29T14:49:50.9437124+05:30" endTime="2014-06-29T14:49:50.9697139+05:30" testType="13cdc9d9-ddb5-4fa4-a97d-d965ccfc6d4b" outcome="Passed" testListId="8c84fa94-04c1-424b-9868-57a2d4851a1d" relativeResultsDirectory="cb430b03-ba77-48f3-9c4b-3bb805399807" dataRowInfo="3" resultType="DataDrivenDataRow" />
        <UnitTestResult executionId="807a0cc5-93bb-4cf5-847d-f7da5e84d6ee" parentExecutionId="cb430b03-ba77-48f3-9c4b-3bb805399807" testId="30ab3285-6a8c-14d2-9725-bd60892ccd90" testName="second_person_tenses_active" computerName="ARPAN-LAP" duration="00:00:00.0155378" startTime="2014-06-29T14:49:50.9697139+05:30" endTime="2014-06-29T14:49:50.9847147+05:30" testType="13cdc9d9-ddb5-4fa4-a97d-d965ccfc6d4b" outcome="Passed" testListId="8c84fa94-04c1-424b-9868-57a2d4851a1d" relativeResultsDirectory="cb430b03-ba77-48f3-9c4b-3bb805399807" dataRowInfo="4" resultType="DataDrivenDataRow" />
        <UnitTestResult executionId="2a1c7ebb-432d-458c-b531-c278647cefda" parentExecutionId="cb430b03-ba77-48f3-9c4b-3bb805399807" testId="30ab3285-6a8c-14d2-9725-bd60892ccd90" testName="second_person_tenses_active" computerName="ARPAN-LAP" duration="00:00:00.0182310" startTime="2014-06-29T14:49:50.9847147+05:30" endTime="2014-06-29T14:49:51.0037158+05:30" testType="13cdc9d9-ddb5-4fa4-a97d-d965ccfc6d4b" outcome="Passed" testListId="8c84fa94-04c1-424b-9868-57a2d4851a1d" relativeResultsDirectory="cb430b03-ba77-48f3-9c4b-3bb805399807" dataRowInfo="5" resultType="DataDrivenDataRow" />
        <UnitTestResult executionId="2c64edbc-94c7-4c04-b4db-377d209926e8" parentExecutionId="cb430b03-ba77-48f3-9c4b-3bb805399807" testId="30ab3285-6a8c-14d2-9725-bd60892ccd90" testName="second_person_tenses_active" computerName="ARPAN-LAP" duration="00:00:00.0178594" startTime="2014-06-29T14:49:51.0037158+05:30" endTime="2014-06-29T14:49:51.0207168+05:30" testType="13cdc9d9-ddb5-4fa4-a97d-d965ccfc6d4b" outcome="Passed" testListId="8c84fa94-04c1-424b-9868-57a2d4851a1d" relativeResultsDirectory="cb430b03-ba77-48f3-9c4b-3bb805399807" dataRowInfo="6" resultType="DataDrivenDataRow" />
        <UnitTestResult executionId="386a08a2-3f9e-4a76-bb5a-18b272509fe5" parentExecutionId="cb430b03-ba77-48f3-9c4b-3bb805399807" testId="30ab3285-6a8c-14d2-9725-bd60892ccd90" testName="second_person_tenses_active" computerName="ARPAN-LAP" duration="00:00:00.0243231" startTime="2014-06-29T14:49:51.0207168+05:30" endTime="2014-06-29T14:49:51.0457182+05:30" testType="13cdc9d9-ddb5-4fa4-a97d-d965ccfc6d4b" outcome="Passed" testListId="8c84fa94-04c1-424b-9868-57a2d4851a1d" relativeResultsDirectory="cb430b03-ba77-48f3-9c4b-3bb805399807" dataRowInfo="7" resultType="DataDrivenDataRow" />
        <UnitTestResult executionId="6254eb97-158a-4ae8-bce2-b14737ddf9a5" parentExecutionId="cb430b03-ba77-48f3-9c4b-3bb805399807" testId="30ab3285-6a8c-14d2-9725-bd60892ccd90" testName="second_person_tenses_active" computerName="ARPAN-LAP" duration="00:00:00.0190332" startTime="2014-06-29T14:49:51.0457182+05:30" endTime="2014-06-29T14:49:51.0647193+05:30" testType="13cdc9d9-ddb5-4fa4-a97d-d965ccfc6d4b" outcome="Passed" testListId="8c84fa94-04c1-424b-9868-57a2d4851a1d" relativeResultsDirectory="cb430b03-ba77-48f3-9c4b-3bb805399807" dataRowInfo="8" resultType="DataDrivenDataRow" />
        <UnitTestResult executionId="4d787244-0194-49b5-b66f-ef758dae3d70" parentExecutionId="cb430b03-ba77-48f3-9c4b-3bb805399807" testId="30ab3285-6a8c-14d2-9725-bd60892ccd90" testName="second_person_tenses_active" computerName="ARPAN-LAP" duration="00:00:00.0259804" startTime="2014-06-29T14:49:51.0647193+05:30" endTime="2014-06-29T14:49:51.0907208+05:30" testType="13cdc9d9-ddb5-4fa4-a97d-d965ccfc6d4b" outcome="Passed" testListId="8c84fa94-04c1-424b-9868-57a2d4851a1d" relativeResultsDirectory="cb430b03-ba77-48f3-9c4b-3bb805399807" dataRowInfo="9" resultType="DataDrivenDataRow" />
      </InnerResults>
    </UnitTestResult>
    <UnitTestResult executionId="7487348c-5f31-47d8-9c9b-f763012fa0de" testId="32b5d279-0d23-e5ad-0301-234c8788f740" testName="interrogative_sentences_who" computerName="ARPAN-LAP" duration="00:00:00.1061813" startTime="2014-06-29T14:49:51.1217226+05:30" endTime="2014-06-29T14:49:51.2537301+05:30" testType="13cdc9d9-ddb5-4fa4-a97d-d965ccfc6d4b" outcome="Passed" testListId="8c84fa94-04c1-424b-9868-57a2d4851a1d" relativeResultsDirectory="7487348c-5f31-47d8-9c9b-f763012fa0de" resultType="DataDrivenTest">
      <Counters error="0" failed="0" timeout="0" aborted="0" inconclusive="0" passedButRunAborted="0" notRunnable="0" notExecuted="0" disconnected="0" warning="0" passed="4" completed="0" inProgress="0" pending="0" />
      <InnerResults>
        <UnitTestResult executionId="900973ee-477a-4467-8c9d-208a9c35383c" parentExecutionId="7487348c-5f31-47d8-9c9b-f763012fa0de" testId="32b5d279-0d23-e5ad-0301-234c8788f740" testName="interrogative_sentences_who" computerName="ARPAN-LAP" duration="00:00:00.0191123" startTime="2014-06-29T14:49:51.1507242+05:30" endTime="2014-06-29T14:49:51.1697253+05:30" testType="13cdc9d9-ddb5-4fa4-a97d-d965ccfc6d4b" outcome="Passed" testListId="8c84fa94-04c1-424b-9868-57a2d4851a1d" relativeResultsDirectory="7487348c-5f31-47d8-9c9b-f763012fa0de" dataRowInfo="0" resultType="DataDrivenDataRow" />
        <UnitTestResult executionId="697f6c42-0f7e-491d-8bed-0a156cfe999e" parentExecutionId="7487348c-5f31-47d8-9c9b-f763012fa0de" testId="32b5d279-0d23-e5ad-0301-234c8788f740" testName="interrogative_sentences_who" computerName="ARPAN-LAP" duration="00:00:00.0176048" startTime="2014-06-29T14:49:51.1697253+05:30" endTime="2014-06-29T14:49:51.1867263+05:30" testType="13cdc9d9-ddb5-4fa4-a97d-d965ccfc6d4b" outcome="Passed" testListId="8c84fa94-04c1-424b-9868-57a2d4851a1d" relativeResultsDirectory="7487348c-5f31-47d8-9c9b-f763012fa0de" dataRowInfo="1" resultType="DataDrivenDataRow" />
        <UnitTestResult executionId="777c02d5-425b-42b3-91e7-e52d0eea82b7" parentExecutionId="7487348c-5f31-47d8-9c9b-f763012fa0de" testId="32b5d279-0d23-e5ad-0301-234c8788f740" testName="interrogative_sentences_who" computerName="ARPAN-LAP" duration="00:00:00.0245083" startTime="2014-06-29T14:49:51.1867263+05:30" endTime="2014-06-29T14:49:51.2117277+05:30" testType="13cdc9d9-ddb5-4fa4-a97d-d965ccfc6d4b" outcome="Passed" testListId="8c84fa94-04c1-424b-9868-57a2d4851a1d" relativeResultsDirectory="7487348c-5f31-47d8-9c9b-f763012fa0de" dataRowInfo="2" resultType="DataDrivenDataRow" />
        <UnitTestResult executionId="d6cf0c68-95ec-4386-a379-a5f1ba490603" parentExecutionId="7487348c-5f31-47d8-9c9b-f763012fa0de" testId="32b5d279-0d23-e5ad-0301-234c8788f740" testName="interrogative_sentences_who" computerName="ARPAN-LAP" duration="00:00:00.0281110" startTime="2014-06-29T14:49:51.2117277+05:30" endTime="2014-06-29T14:49:51.2397293+05:30" testType="13cdc9d9-ddb5-4fa4-a97d-d965ccfc6d4b" outcome="Passed" testListId="8c84fa94-04c1-424b-9868-57a2d4851a1d" relativeResultsDirectory="7487348c-5f31-47d8-9c9b-f763012fa0de" dataRowInfo="3" resultType="DataDrivenDataRow" />
      </InnerResults>
    </UnitTestResult>
    <UnitTestResult executionId="1b5c4181-a5ee-4faa-a2fa-167c5a7ef04c" testId="39dcb97e-c73f-c645-a77c-64d9eba0a3a3" testName="interrogative_sentences_aux" computerName="ARPAN-LAP" duration="00:00:00.4688033" startTime="2014-06-29T14:49:51.2557302+05:30" endTime="2014-06-29T14:49:51.7857605+05:30" testType="13cdc9d9-ddb5-4fa4-a97d-d965ccfc6d4b" outcome="Passed" testListId="8c84fa94-04c1-424b-9868-57a2d4851a1d" relativeResultsDirectory="1b5c4181-a5ee-4faa-a2fa-167c5a7ef04c" resultType="DataDrivenTest">
      <Counters error="0" failed="0" timeout="0" aborted="0" inconclusive="0" passedButRunAborted="0" notRunnable="0" notExecuted="0" disconnected="0" warning="0" passed="20" completed="0" inProgress="0" pending="0" />
      <InnerResults>
        <UnitTestResult executionId="52491cc8-f1bf-4b60-868e-efb72b3543fa" parentExecutionId="1b5c4181-a5ee-4faa-a2fa-167c5a7ef04c" testId="39dcb97e-c73f-c645-a77c-64d9eba0a3a3" testName="interrogative_sentences_aux" computerName="ARPAN-LAP" duration="00:00:00.0221047" startTime="2014-06-29T14:49:51.2777315+05:30" endTime="2014-06-29T14:49:51.2997327+05:30" testType="13cdc9d9-ddb5-4fa4-a97d-d965ccfc6d4b" outcome="Passed" testListId="8c84fa94-04c1-424b-9868-57a2d4851a1d" relativeResultsDirectory="1b5c4181-a5ee-4faa-a2fa-167c5a7ef04c" dataRowInfo="0" resultType="DataDrivenDataRow" />
        <UnitTestResult executionId="6142078c-7ff6-4231-8e7b-38b522e536f8" parentExecutionId="1b5c4181-a5ee-4faa-a2fa-167c5a7ef04c" testId="39dcb97e-c73f-c645-a77c-64d9eba0a3a3" testName="interrogative_sentences_aux" computerName="ARPAN-LAP" duration="00:00:00.0211382" startTime="2014-06-29T14:49:51.2997327+05:30" endTime="2014-06-29T14:49:51.3207340+05:30" testType="13cdc9d9-ddb5-4fa4-a97d-d965ccfc6d4b" outcome="Passed" testListId="8c84fa94-04c1-424b-9868-57a2d4851a1d" relativeResultsDirectory="1b5c4181-a5ee-4faa-a2fa-167c5a7ef04c" dataRowInfo="1" resultType="DataDrivenDataRow" />
        <UnitTestResult executionId="4e126d4d-00a4-4f86-a042-874ce59a4f16" parentExecutionId="1b5c4181-a5ee-4faa-a2fa-167c5a7ef04c" testId="39dcb97e-c73f-c645-a77c-64d9eba0a3a3" testName="interrogative_sentences_aux" computerName="ARPAN-LAP" duration="00:00:00.0199181" startTime="2014-06-29T14:49:51.3207340+05:30" endTime="2014-06-29T14:49:51.3407351+05:30" testType="13cdc9d9-ddb5-4fa4-a97d-d965ccfc6d4b" outcome="Passed" testListId="8c84fa94-04c1-424b-9868-57a2d4851a1d" relativeResultsDirectory="1b5c4181-a5ee-4faa-a2fa-167c5a7ef04c" dataRowInfo="2" resultType="DataDrivenDataRow" />
        <UnitTestResult executionId="8ef0bc73-bc15-4ce1-99e8-2dd52aefd450" parentExecutionId="1b5c4181-a5ee-4faa-a2fa-167c5a7ef04c" testId="39dcb97e-c73f-c645-a77c-64d9eba0a3a3" testName="interrogative_sentences_aux" computerName="ARPAN-LAP" duration="00:00:00.0253968" startTime="2014-06-29T14:49:51.3407351+05:30" endTime="2014-06-29T14:49:51.3667366+05:30" testType="13cdc9d9-ddb5-4fa4-a97d-d965ccfc6d4b" outcome="Passed" testListId="8c84fa94-04c1-424b-9868-57a2d4851a1d" relativeResultsDirectory="1b5c4181-a5ee-4faa-a2fa-167c5a7ef04c" dataRowInfo="3" resultType="DataDrivenDataRow" />
        <UnitTestResult executionId="f9d6c08a-55b9-4b09-a3c4-e8bd377ba800" parentExecutionId="1b5c4181-a5ee-4faa-a2fa-167c5a7ef04c" testId="39dcb97e-c73f-c645-a77c-64d9eba0a3a3" testName="interrogative_sentences_aux" computerName="ARPAN-LAP" duration="00:00:00.0197328" startTime="2014-06-29T14:49:51.3667366+05:30" endTime="2014-06-29T14:49:51.3867377+05:30" testType="13cdc9d9-ddb5-4fa4-a97d-d965ccfc6d4b" outcome="Passed" testListId="8c84fa94-04c1-424b-9868-57a2d4851a1d" relativeResultsDirectory="1b5c4181-a5ee-4faa-a2fa-167c5a7ef04c" dataRowInfo="4" resultType="DataDrivenDataRow" />
        <UnitTestResult executionId="a63d34f9-28d7-4d54-a5a1-a6751705493e" parentExecutionId="1b5c4181-a5ee-4faa-a2fa-167c5a7ef04c" testId="39dcb97e-c73f-c645-a77c-64d9eba0a3a3" testName="interrogative_sentences_aux" computerName="ARPAN-LAP" duration="00:00:00.0216663" startTime="2014-06-29T14:49:51.3867377+05:30" endTime="2014-06-29T14:49:51.4077389+05:30" testType="13cdc9d9-ddb5-4fa4-a97d-d965ccfc6d4b" outcome="Passed" testListId="8c84fa94-04c1-424b-9868-57a2d4851a1d" relativeResultsDirectory="1b5c4181-a5ee-4faa-a2fa-167c5a7ef04c" dataRowInfo="5" resultType="DataDrivenDataRow" />
        <UnitTestResult executionId="05750545-06cd-49b5-8fbc-37eb9e8e0695" parentExecutionId="1b5c4181-a5ee-4faa-a2fa-167c5a7ef04c" testId="39dcb97e-c73f-c645-a77c-64d9eba0a3a3" testName="interrogative_sentences_aux" computerName="ARPAN-LAP" duration="00:00:00.0199320" startTime="2014-06-29T14:49:51.4077389+05:30" endTime="2014-06-29T14:49:51.4277401+05:30" testType="13cdc9d9-ddb5-4fa4-a97d-d965ccfc6d4b" outcome="Passed" testListId="8c84fa94-04c1-424b-9868-57a2d4851a1d" relativeResultsDirectory="1b5c4181-a5ee-4faa-a2fa-167c5a7ef04c" dataRowInfo="6" resultType="DataDrivenDataRow" />
        <UnitTestResult executionId="45234200-ade4-4ccc-bfec-b68c247721d7" parentExecutionId="1b5c4181-a5ee-4faa-a2fa-167c5a7ef04c" testId="39dcb97e-c73f-c645-a77c-64d9eba0a3a3" testName="interrogative_sentences_aux" computerName="ARPAN-LAP" duration="00:00:00.0568493" startTime="2014-06-29T14:49:51.4277401+05:30" endTime="2014-06-29T14:49:51.4847433+05:30" testType="13cdc9d9-ddb5-4fa4-a97d-d965ccfc6d4b" outcome="Passed" testListId="8c84fa94-04c1-424b-9868-57a2d4851a1d" relativeResultsDirectory="1b5c4181-a5ee-4faa-a2fa-167c5a7ef04c" dataRowInfo="7" resultType="DataDrivenDataRow" />
        <UnitTestResult executionId="830db2ee-506e-4220-bb8c-1af89e882b4e" parentExecutionId="1b5c4181-a5ee-4faa-a2fa-167c5a7ef04c" testId="39dcb97e-c73f-c645-a77c-64d9eba0a3a3" testName="interrogative_sentences_aux" computerName="ARPAN-LAP" duration="00:00:00.0193910" startTime="2014-06-29T14:49:51.4847433+05:30" endTime="2014-06-29T14:49:51.5047445+05:30" testType="13cdc9d9-ddb5-4fa4-a97d-d965ccfc6d4b" outcome="Passed" testListId="8c84fa94-04c1-424b-9868-57a2d4851a1d" relativeResultsDirectory="1b5c4181-a5ee-4faa-a2fa-167c5a7ef04c" dataRowInfo="8" resultType="DataDrivenDataRow" />
        <UnitTestResult executionId="6db887b2-af74-4545-a392-cb541a1892c4" parentExecutionId="1b5c4181-a5ee-4faa-a2fa-167c5a7ef04c" testId="39dcb97e-c73f-c645-a77c-64d9eba0a3a3" testName="interrogative_sentences_aux" computerName="ARPAN-LAP" duration="00:00:00.0267247" startTime="2014-06-29T14:49:51.5047445+05:30" endTime="2014-06-29T14:49:51.5307460+05:30" testType="13cdc9d9-ddb5-4fa4-a97d-d965ccfc6d4b" outcome="Passed" testListId="8c84fa94-04c1-424b-9868-57a2d4851a1d" relativeResultsDirectory="1b5c4181-a5ee-4faa-a2fa-167c5a7ef04c" dataRowInfo="9" resultType="DataDrivenDataRow" />
        <UnitTestResult executionId="9845acfc-fc31-422d-98a9-f6bc568c10ae" parentExecutionId="1b5c4181-a5ee-4faa-a2fa-167c5a7ef04c" testId="39dcb97e-c73f-c645-a77c-64d9eba0a3a3" testName="interrogative_sentences_aux" computerName="ARPAN-LAP" duration="00:00:00.0190363" startTime="2014-06-29T14:49:51.5307460+05:30" endTime="2014-06-29T14:49:51.5507471+05:30" testType="13cdc9d9-ddb5-4fa4-a97d-d965ccfc6d4b" outcome="Passed" testListId="8c84fa94-04c1-424b-9868-57a2d4851a1d" relativeResultsDirectory="1b5c4181-a5ee-4faa-a2fa-167c5a7ef04c" dataRowInfo="10" resultType="DataDrivenDataRow" />
        <UnitTestResult executionId="61c08e13-53b6-4277-8ccb-17a116761c80" parentExecutionId="1b5c4181-a5ee-4faa-a2fa-167c5a7ef04c" testId="39dcb97e-c73f-c645-a77c-64d9eba0a3a3" testName="interrogative_sentences_aux" computerName="ARPAN-LAP" duration="00:00:00.0178163" startTime="2014-06-29T14:49:51.5507471+05:30" endTime="2014-06-29T14:49:51.5677481+05:30" testType="13cdc9d9-ddb5-4fa4-a97d-d965ccfc6d4b" outcome="Passed" testListId="8c84fa94-04c1-424b-9868-57a2d4851a1d" relativeResultsDirectory="1b5c4181-a5ee-4faa-a2fa-167c5a7ef04c" dataRowInfo="11" resultType="DataDrivenDataRow" />
        <UnitTestResult executionId="43a82737-515d-4194-ae75-8fbd6ae60f2b" parentExecutionId="1b5c4181-a5ee-4faa-a2fa-167c5a7ef04c" testId="39dcb97e-c73f-c645-a77c-64d9eba0a3a3" testName="interrogative_sentences_aux" computerName="ARPAN-LAP" duration="00:00:00.0176705" startTime="2014-06-29T14:49:51.5677481+05:30" endTime="2014-06-29T14:49:51.5857491+05:30" testType="13cdc9d9-ddb5-4fa4-a97d-d965ccfc6d4b" outcome="Passed" testListId="8c84fa94-04c1-424b-9868-57a2d4851a1d" relativeResultsDirectory="1b5c4181-a5ee-4faa-a2fa-167c5a7ef04c" dataRowInfo="12" resultType="DataDrivenDataRow" />
        <UnitTestResult executionId="72bafa2a-d332-40be-9609-89fa248caa4c" parentExecutionId="1b5c4181-a5ee-4faa-a2fa-167c5a7ef04c" testId="39dcb97e-c73f-c645-a77c-64d9eba0a3a3" testName="interrogative_sentences_aux" computerName="ARPAN-LAP" duration="00:00:00.0226611" startTime="2014-06-29T14:49:51.5857491+05:30" endTime="2014-06-29T14:49:51.6087504+05:30" testType="13cdc9d9-ddb5-4fa4-a97d-d965ccfc6d4b" outcome="Passed" testListId="8c84fa94-04c1-424b-9868-57a2d4851a1d" relativeResultsDirectory="1b5c4181-a5ee-4faa-a2fa-167c5a7ef04c" dataRowInfo="13" resultType="DataDrivenDataRow" />
        <UnitTestResult executionId="38014761-ba00-4d88-8e3b-f0aa2a7dcfcc" parentExecutionId="1b5c4181-a5ee-4faa-a2fa-167c5a7ef04c" testId="39dcb97e-c73f-c645-a77c-64d9eba0a3a3" testName="interrogative_sentences_aux" computerName="ARPAN-LAP" duration="00:00:00.0173009" startTime="2014-06-29T14:49:51.6087504+05:30" endTime="2014-06-29T14:49:51.6257514+05:30" testType="13cdc9d9-ddb5-4fa4-a97d-d965ccfc6d4b" outcome="Passed" testListId="8c84fa94-04c1-424b-9868-57a2d4851a1d" relativeResultsDirectory="1b5c4181-a5ee-4faa-a2fa-167c5a7ef04c" dataRowInfo="14" resultType="DataDrivenDataRow" />
        <UnitTestResult executionId="85e52e90-c64f-482d-a422-2d49f755a53e" parentExecutionId="1b5c4181-a5ee-4faa-a2fa-167c5a7ef04c" testId="39dcb97e-c73f-c645-a77c-64d9eba0a3a3" testName="interrogative_sentences_aux" computerName="ARPAN-LAP" duration="00:00:00.0204740" startTime="2014-06-29T14:49:51.6257514+05:30" endTime="2014-06-29T14:49:51.6467526+05:30" testType="13cdc9d9-ddb5-4fa4-a97d-d965ccfc6d4b" outcome="Passed" testListId="8c84fa94-04c1-424b-9868-57a2d4851a1d" relativeResultsDirectory="1b5c4181-a5ee-4faa-a2fa-167c5a7ef04c" dataRowInfo="15" resultType="DataDrivenDataRow" />
        <UnitTestResult executionId="0284be84-707c-45c8-bf17-4c9321e1f9b4" parentExecutionId="1b5c4181-a5ee-4faa-a2fa-167c5a7ef04c" testId="39dcb97e-c73f-c645-a77c-64d9eba0a3a3" testName="interrogative_sentences_aux" computerName="ARPAN-LAP" duration="00:00:00.0183172" startTime="2014-06-29T14:49:51.6467526+05:30" endTime="2014-06-29T14:49:51.6647536+05:30" testType="13cdc9d9-ddb5-4fa4-a97d-d965ccfc6d4b" outcome="Passed" testListId="8c84fa94-04c1-424b-9868-57a2d4851a1d" relativeResultsDirectory="1b5c4181-a5ee-4faa-a2fa-167c5a7ef04c" dataRowInfo="16" resultType="DataDrivenDataRow" />
        <UnitTestResult executionId="33e14f72-caf6-4f4c-a417-98619d20f4e0" parentExecutionId="1b5c4181-a5ee-4faa-a2fa-167c5a7ef04c" testId="39dcb97e-c73f-c645-a77c-64d9eba0a3a3" testName="interrogative_sentences_aux" computerName="ARPAN-LAP" duration="00:00:00.0247753" startTime="2014-06-29T14:49:51.6647536+05:30" endTime="2014-06-29T14:49:51.6897551+05:30" testType="13cdc9d9-ddb5-4fa4-a97d-d965ccfc6d4b" outcome="Passed" testListId="8c84fa94-04c1-424b-9868-57a2d4851a1d" relativeResultsDirectory="1b5c4181-a5ee-4faa-a2fa-167c5a7ef04c" dataRowInfo="17" resultType="DataDrivenDataRow" />
        <UnitTestResult executionId="9a711c7d-0b57-4e95-a582-38ff50144a97" parentExecutionId="1b5c4181-a5ee-4faa-a2fa-167c5a7ef04c" testId="39dcb97e-c73f-c645-a77c-64d9eba0a3a3" testName="interrogative_sentences_aux" computerName="ARPAN-LAP" duration="00:00:00.0164853" startTime="2014-06-29T14:49:51.6897551+05:30" endTime="2014-06-29T14:49:51.7057560+05:30" testType="13cdc9d9-ddb5-4fa4-a97d-d965ccfc6d4b" outcome="Passed" testListId="8c84fa94-04c1-424b-9868-57a2d4851a1d" relativeResultsDirectory="1b5c4181-a5ee-4faa-a2fa-167c5a7ef04c" dataRowInfo="18" resultType="DataDrivenDataRow" />
        <UnitTestResult executionId="4131299b-5a80-4809-b0be-57b6ba1ee7a1" parentExecutionId="1b5c4181-a5ee-4faa-a2fa-167c5a7ef04c" testId="39dcb97e-c73f-c645-a77c-64d9eba0a3a3" testName="interrogative_sentences_aux" computerName="ARPAN-LAP" duration="00:00:00.0224932" startTime="2014-06-29T14:49:51.7057560+05:30" endTime="2014-06-29T14:49:51.7287573+05:30" testType="13cdc9d9-ddb5-4fa4-a97d-d965ccfc6d4b" outcome="Passed" testListId="8c84fa94-04c1-424b-9868-57a2d4851a1d" relativeResultsDirectory="1b5c4181-a5ee-4faa-a2fa-167c5a7ef04c" dataRowInfo="19" resultType="DataDrivenDataRow" />
      </InnerResults>
    </UnitTestResult>
    <UnitTestResult executionId="f90a388a-2c66-4cc9-b92f-d78e7dc450fb" testId="4e91a3b9-9eae-ebff-0b97-303f00578a78" testName="interrogative_sentences_whom" computerName="ARPAN-LAP" duration="00:00:00.1612788" startTime="2014-06-29T14:49:51.7957611+05:30" endTime="2014-06-29T14:49:51.9747714+05:30" testType="13cdc9d9-ddb5-4fa4-a97d-d965ccfc6d4b" outcome="Passed" testListId="8c84fa94-04c1-424b-9868-57a2d4851a1d" relativeResultsDirectory="f90a388a-2c66-4cc9-b92f-d78e7dc450fb" resultType="DataDrivenTest">
      <Counters error="0" failed="0" timeout="0" aborted="0" inconclusive="0" passedButRunAborted="0" notRunnable="0" notExecuted="0" disconnected="0" warning="0" passed="2" completed="0" inProgress="0" pending="0" />
      <InnerResults>
        <UnitTestResult executionId="8562bb18-8e8a-4f8a-a9a3-fcd5d18b16eb" parentExecutionId="f90a388a-2c66-4cc9-b92f-d78e7dc450fb" testId="4e91a3b9-9eae-ebff-0b97-303f00578a78" testName="interrogative_sentences_whom" computerName="ARPAN-LAP" duration="00:00:00.1331601" startTime="2014-06-29T14:49:51.8067618+05:30" endTime="2014-06-29T14:49:51.9397694+05:30" testType="13cdc9d9-ddb5-4fa4-a97d-d965ccfc6d4b" outcome="Passed" testListId="8c84fa94-04c1-424b-9868-57a2d4851a1d" relativeResultsDirectory="f90a388a-2c66-4cc9-b92f-d78e7dc450fb" dataRowInfo="0" resultType="DataDrivenDataRow" />
        <UnitTestResult executionId="adcb7440-e591-413e-838b-a11459192ab8" parentExecutionId="f90a388a-2c66-4cc9-b92f-d78e7dc450fb" testId="4e91a3b9-9eae-ebff-0b97-303f00578a78" testName="interrogative_sentences_whom" computerName="ARPAN-LAP" duration="00:00:00.0260723" startTime="2014-06-29T14:49:51.9397694+05:30" endTime="2014-06-29T14:49:51.9657708+05:30" testType="13cdc9d9-ddb5-4fa4-a97d-d965ccfc6d4b" outcome="Passed" testListId="8c84fa94-04c1-424b-9868-57a2d4851a1d" relativeResultsDirectory="f90a388a-2c66-4cc9-b92f-d78e7dc450fb" dataRowInfo="1" resultType="DataDrivenDataRow" />
      </InnerResults>
    </UnitTestResult>
    <UnitTestResult executionId="4f6eb179-0cef-45d4-a451-9bfbd3296c53" testId="533e7939-123c-ce84-5c5c-d5a21d1d95b9" testName="special_handling_do_verb" computerName="ARPAN-LAP" duration="00:00:00.3393963" startTime="2014-06-29T14:49:51.9787716+05:30" endTime="2014-06-29T14:49:52.3617935+05:30" testType="13cdc9d9-ddb5-4fa4-a97d-d965ccfc6d4b" outcome="Passed" testListId="8c84fa94-04c1-424b-9868-57a2d4851a1d" relativeResultsDirectory="4f6eb179-0cef-45d4-a451-9bfbd3296c53" resultType="DataDrivenTest">
      <Counters error="0" failed="0" timeout="0" aborted="0" inconclusive="0" passedButRunAborted="0" notRunnable="0" notExecuted="0" disconnected="0" warning="0" passed="13" completed="0" inProgress="0" pending="0" />
      <InnerResults>
        <UnitTestResult executionId="9c943603-ab2d-4931-92bd-a42fa01bef12" parentExecutionId="4f6eb179-0cef-45d4-a451-9bfbd3296c53" testId="533e7939-123c-ce84-5c5c-d5a21d1d95b9" testName="special_handling_do_verb" computerName="ARPAN-LAP" duration="00:00:00.0209832" startTime="2014-06-29T14:49:51.9867720+05:30" endTime="2014-06-29T14:49:52.0077732+05:30" testType="13cdc9d9-ddb5-4fa4-a97d-d965ccfc6d4b" outcome="Passed" testListId="8c84fa94-04c1-424b-9868-57a2d4851a1d" relativeResultsDirectory="4f6eb179-0cef-45d4-a451-9bfbd3296c53" dataRowInfo="0" resultType="DataDrivenDataRow" />
        <UnitTestResult executionId="7afe26a6-99d6-4f4b-96af-b1c8367fce21" parentExecutionId="4f6eb179-0cef-45d4-a451-9bfbd3296c53" testId="533e7939-123c-ce84-5c5c-d5a21d1d95b9" testName="special_handling_do_verb" computerName="ARPAN-LAP" duration="00:00:00.0242148" startTime="2014-06-29T14:49:52.0077732+05:30" endTime="2014-06-29T14:49:52.0317746+05:30" testType="13cdc9d9-ddb5-4fa4-a97d-d965ccfc6d4b" outcome="Passed" testListId="8c84fa94-04c1-424b-9868-57a2d4851a1d" relativeResultsDirectory="4f6eb179-0cef-45d4-a451-9bfbd3296c53" dataRowInfo="1" resultType="DataDrivenDataRow" />
        <UnitTestResult executionId="314fc1dd-fb5a-45d3-8c41-0ac3f928f0be" parentExecutionId="4f6eb179-0cef-45d4-a451-9bfbd3296c53" testId="533e7939-123c-ce84-5c5c-d5a21d1d95b9" testName="special_handling_do_verb" computerName="ARPAN-LAP" duration="00:00:00.0326807" startTime="2014-06-29T14:49:52.0317746+05:30" endTime="2014-06-29T14:49:52.0647765+05:30" testType="13cdc9d9-ddb5-4fa4-a97d-d965ccfc6d4b" outcome="Passed" testListId="8c84fa94-04c1-424b-9868-57a2d4851a1d" relativeResultsDirectory="4f6eb179-0cef-45d4-a451-9bfbd3296c53" dataRowInfo="2" resultType="DataDrivenDataRow" />
        <UnitTestResult executionId="0dc83369-147a-4a99-9284-55d75b5d71d0" parentExecutionId="4f6eb179-0cef-45d4-a451-9bfbd3296c53" testId="533e7939-123c-ce84-5c5c-d5a21d1d95b9" testName="special_handling_do_verb" computerName="ARPAN-LAP" duration="00:00:00.0363958" startTime="2014-06-29T14:49:52.0647765+05:30" endTime="2014-06-29T14:49:52.1007786+05:30" testType="13cdc9d9-ddb5-4fa4-a97d-d965ccfc6d4b" outcome="Passed" testListId="8c84fa94-04c1-424b-9868-57a2d4851a1d" relativeResultsDirectory="4f6eb179-0cef-45d4-a451-9bfbd3296c53" dataRowInfo="3" resultType="DataDrivenDataRow" />
        <UnitTestResult executionId="5aacee3e-4a53-4753-8337-6d39e75d1bec" parentExecutionId="4f6eb179-0cef-45d4-a451-9bfbd3296c53" testId="533e7939-123c-ce84-5c5c-d5a21d1d95b9" testName="special_handling_do_verb" computerName="ARPAN-LAP" duration="00:00:00.0198894" startTime="2014-06-29T14:49:52.1007786+05:30" endTime="2014-06-29T14:49:52.1207797+05:30" testType="13cdc9d9-ddb5-4fa4-a97d-d965ccfc6d4b" outcome="Passed" testListId="8c84fa94-04c1-424b-9868-57a2d4851a1d" relativeResultsDirectory="4f6eb179-0cef-45d4-a451-9bfbd3296c53" dataRowInfo="4" resultType="DataDrivenDataRow" />
        <UnitTestResult executionId="9e31aff8-6fb7-43ee-a471-df69bdaa8b09" parentExecutionId="4f6eb179-0cef-45d4-a451-9bfbd3296c53" testId="533e7939-123c-ce84-5c5c-d5a21d1d95b9" testName="special_handling_do_verb" computerName="ARPAN-LAP" duration="00:00:00.0236768" startTime="2014-06-29T14:49:52.1207797+05:30" endTime="2014-06-29T14:49:52.1447811+05:30" testType="13cdc9d9-ddb5-4fa4-a97d-d965ccfc6d4b" outcome="Passed" testListId="8c84fa94-04c1-424b-9868-57a2d4851a1d" relativeResultsDirectory="4f6eb179-0cef-45d4-a451-9bfbd3296c53" dataRowInfo="5" resultType="DataDrivenDataRow" />
        <UnitTestResult executionId="21230369-1fdc-4494-9911-2d01a107d091" parentExecutionId="4f6eb179-0cef-45d4-a451-9bfbd3296c53" testId="533e7939-123c-ce84-5c5c-d5a21d1d95b9" testName="special_handling_do_verb" computerName="ARPAN-LAP" duration="00:00:00.0228340" startTime="2014-06-29T14:49:52.1447811+05:30" endTime="2014-06-29T14:49:52.1677824+05:30" testType="13cdc9d9-ddb5-4fa4-a97d-d965ccfc6d4b" outcome="Passed" testListId="8c84fa94-04c1-424b-9868-57a2d4851a1d" relativeResultsDirectory="4f6eb179-0cef-45d4-a451-9bfbd3296c53" dataRowInfo="6" resultType="DataDrivenDataRow" />
        <UnitTestResult executionId="0d11e9ce-b685-41ef-9282-c9cfb7b3b32d" parentExecutionId="4f6eb179-0cef-45d4-a451-9bfbd3296c53" testId="533e7939-123c-ce84-5c5c-d5a21d1d95b9" testName="special_handling_do_verb" computerName="ARPAN-LAP" duration="00:00:00.0276563" startTime="2014-06-29T14:49:52.1677824+05:30" endTime="2014-06-29T14:49:52.1957840+05:30" testType="13cdc9d9-ddb5-4fa4-a97d-d965ccfc6d4b" outcome="Passed" testListId="8c84fa94-04c1-424b-9868-57a2d4851a1d" relativeResultsDirectory="4f6eb179-0cef-45d4-a451-9bfbd3296c53" dataRowInfo="7" resultType="DataDrivenDataRow" />
        <UnitTestResult executionId="af7eba4d-e468-46bc-9d52-73188a4f32df" parentExecutionId="4f6eb179-0cef-45d4-a451-9bfbd3296c53" testId="533e7939-123c-ce84-5c5c-d5a21d1d95b9" testName="special_handling_do_verb" computerName="ARPAN-LAP" duration="00:00:00.0208359" startTime="2014-06-29T14:49:52.1957840+05:30" endTime="2014-06-29T14:49:52.2157851+05:30" testType="13cdc9d9-ddb5-4fa4-a97d-d965ccfc6d4b" outcome="Passed" testListId="8c84fa94-04c1-424b-9868-57a2d4851a1d" relativeResultsDirectory="4f6eb179-0cef-45d4-a451-9bfbd3296c53" dataRowInfo="8" resultType="DataDrivenDataRow" />
        <UnitTestResult executionId="5075ea45-3f63-4384-9b5e-14d1fa2e2c7b" parentExecutionId="4f6eb179-0cef-45d4-a451-9bfbd3296c53" testId="533e7939-123c-ce84-5c5c-d5a21d1d95b9" testName="special_handling_do_verb" computerName="ARPAN-LAP" duration="00:00:00.0322342" startTime="2014-06-29T14:49:52.2167852+05:30" endTime="2014-06-29T14:49:52.2487870+05:30" testType="13cdc9d9-ddb5-4fa4-a97d-d965ccfc6d4b" outcome="Passed" testListId="8c84fa94-04c1-424b-9868-57a2d4851a1d" relativeResultsDirectory="4f6eb179-0cef-45d4-a451-9bfbd3296c53" dataRowInfo="9" resultType="DataDrivenDataRow" />
        <UnitTestResult executionId="b56f1651-8f92-4682-9388-cfa85f2a60e1" parentExecutionId="4f6eb179-0cef-45d4-a451-9bfbd3296c53" testId="533e7939-123c-ce84-5c5c-d5a21d1d95b9" testName="special_handling_do_verb" computerName="ARPAN-LAP" duration="00:00:00.0202235" startTime="2014-06-29T14:49:52.2487870+05:30" endTime="2014-06-29T14:49:52.2687882+05:30" testType="13cdc9d9-ddb5-4fa4-a97d-d965ccfc6d4b" outcome="Passed" testListId="8c84fa94-04c1-424b-9868-57a2d4851a1d" relativeResultsDirectory="4f6eb179-0cef-45d4-a451-9bfbd3296c53" dataRowInfo="10" resultType="DataDrivenDataRow" />
        <UnitTestResult executionId="036c8b95-2ff0-4494-b291-e19850e9803f" parentExecutionId="4f6eb179-0cef-45d4-a451-9bfbd3296c53" testId="533e7939-123c-ce84-5c5c-d5a21d1d95b9" testName="special_handling_do_verb" computerName="ARPAN-LAP" duration="00:00:00.0281126" startTime="2014-06-29T14:49:52.2687882+05:30" endTime="2014-06-29T14:49:52.2967898+05:30" testType="13cdc9d9-ddb5-4fa4-a97d-d965ccfc6d4b" outcome="Passed" testListId="8c84fa94-04c1-424b-9868-57a2d4851a1d" relativeResultsDirectory="4f6eb179-0cef-45d4-a451-9bfbd3296c53" dataRowInfo="11" resultType="DataDrivenDataRow" />
        <UnitTestResult executionId="3ebcc95f-c541-48c7-84aa-8f4c8efff782" parentExecutionId="4f6eb179-0cef-45d4-a451-9bfbd3296c53" testId="533e7939-123c-ce84-5c5c-d5a21d1d95b9" testName="special_handling_do_verb" computerName="ARPAN-LAP" duration="00:00:00.0264916" startTime="2014-06-29T14:49:52.2967898+05:30" endTime="2014-06-29T14:49:52.3237913+05:30" testType="13cdc9d9-ddb5-4fa4-a97d-d965ccfc6d4b" outcome="Passed" testListId="8c84fa94-04c1-424b-9868-57a2d4851a1d" relativeResultsDirectory="4f6eb179-0cef-45d4-a451-9bfbd3296c53" dataRowInfo="12" resultType="DataDrivenDataRow" />
      </InnerResults>
    </UnitTestResult>
    <UnitTestResult executionId="8ef8d3f7-3c58-4da9-bb62-9b7bf0281698" testId="642ce34f-0ed4-f995-637b-09297c832f2a" testName="RandomWord" computerName="ARPAN-LAP" duration="00:00:00.2122723" startTime="2014-06-29T14:49:52.3687939+05:30" endTime="2014-06-29T14:49:52.5938068+05:30" testType="13cdc9d9-ddb5-4fa4-a97d-d965ccfc6d4b" outcome="Failed" testListId="8c84fa94-04c1-424b-9868-57a2d4851a1d" relativeResultsDirectory="8ef8d3f7-3c58-4da9-bb62-9b7bf0281698" resultType="DataDrivenTest">
      <Counters error="0" failed="1" timeout="0" aborted="0" inconclusive="0" passedButRunAborted="0" notRunnable="0" notExecuted="0" disconnected="0" warning="0" passed="0" completed="0" inProgress="0" pending="0" />
      <InnerResults>
        <UnitTestResult executionId="a1e76980-cbf5-4c1d-b9ea-198a354ccf26" parentExecutionId="8ef8d3f7-3c58-4da9-bb62-9b7bf0281698" testId="642ce34f-0ed4-f995-637b-09297c832f2a" testName="RandomWord" computerName="ARPAN-LAP" duration="00:00:00.1239914" startTime="2014-06-29T14:49:52.4637993+05:30" endTime="2014-06-29T14:49:52.5878064+05:30" testType="13cdc9d9-ddb5-4fa4-a97d-d965ccfc6d4b" outcome="Failed" testListId="8c84fa94-04c1-424b-9868-57a2d4851a1d" relativeResultsDirectory="8ef8d3f7-3c58-4da9-bb62-9b7bf0281698" dataRowInfo="0" resultType="DataDrivenDataRow">
          <Output>
            <ErrorInfo>
              <Message>Assert.AreEqual failed. Expected:&lt;পূর্ব সলোমন এর নৌ যুদ্ধ ২৪–২৫ অগষ্ট ১৯৪২ য়ে স্থান গ্রহণ করেছিল , এবং দ্বিতীয় বিশ্ব যুদ্ধ এর প্রশান্ত মহাসাগর সংগঠিত প্রচারকার্য এর তৃতীয় যুদ্ধ বাহক ।&gt;. Actual:&lt;পূর্ব সলোমন এর নৌ যুদ্ধ ২৪–২৫ অগষ্ট ১৯৪২ য়ে স্থান গ্রহণ করেছিল , এবং দ্বিতীয় বিশ্ব যুদ্ধ এর pacific:NP সংগঠিত প্রচারকার্য এর তৃতীয় যুদ্ধ বাহক ।&gt;. The naval Battle of the Eastern Solomons took place on 24–25 August 1942, and was the third carrier battle of the Pacific campaign of second World War.</Message>
              <StackTrace>   at UnitTest.BnlpTest.RandomWord() in D:\software\Project\BNLP\UnitTest\BnlpTest.cs:line 526
</StackTrace>
            </ErrorInfo>
          </Output>
        </UnitTestResult>
      </InnerResults>
    </UnitTestResult>
    <UnitTestResult executionId="1ecf08a6-4c60-4181-9fca-f5395fe24e17" testId="783915fe-114a-e353-78dd-56e92a60f942" testName="all_persons_modal_should" computerName="ARPAN-LAP" duration="00:00:00.4760769" startTime="2014-06-29T14:49:52.5968069+05:30" endTime="2014-06-29T14:49:53.1328376+05:30" testType="13cdc9d9-ddb5-4fa4-a97d-d965ccfc6d4b" outcome="Passed" testListId="8c84fa94-04c1-424b-9868-57a2d4851a1d" relativeResultsDirectory="1ecf08a6-4c60-4181-9fca-f5395fe24e17" resultType="DataDrivenTest">
      <Counters error="0" failed="0" timeout="0" aborted="0" inconclusive="0" passedButRunAborted="0" notRunnable="0" notExecuted="0" disconnected="0" warning="0" passed="17" completed="0" inProgress="0" pending="0" />
      <InnerResults>
        <UnitTestResult executionId="0cb9c2c3-9da0-432b-8c3f-335921a6fb99" parentExecutionId="1ecf08a6-4c60-4181-9fca-f5395fe24e17" testId="783915fe-114a-e353-78dd-56e92a60f942" testName="all_persons_modal_should" computerName="ARPAN-LAP" duration="00:00:00.0232934" startTime="2014-06-29T14:49:52.6228084+05:30" endTime="2014-06-29T14:49:52.6458097+05:30" testType="13cdc9d9-ddb5-4fa4-a97d-d965ccfc6d4b" outcome="Passed" testListId="8c84fa94-04c1-424b-9868-57a2d4851a1d" relativeResultsDirectory="1ecf08a6-4c60-4181-9fca-f5395fe24e17" dataRowInfo="0" resultType="DataDrivenDataRow" />
        <UnitTestResult executionId="b35c38f0-d9f1-45a9-a311-6f79e83e1b34" parentExecutionId="1ecf08a6-4c60-4181-9fca-f5395fe24e17" testId="783915fe-114a-e353-78dd-56e92a60f942" testName="all_persons_modal_should" computerName="ARPAN-LAP" duration="00:00:00.0262365" startTime="2014-06-29T14:49:52.6458097+05:30" endTime="2014-06-29T14:49:52.6728113+05:30" testType="13cdc9d9-ddb5-4fa4-a97d-d965ccfc6d4b" outcome="Passed" testListId="8c84fa94-04c1-424b-9868-57a2d4851a1d" relativeResultsDirectory="1ecf08a6-4c60-4181-9fca-f5395fe24e17" dataRowInfo="1" resultType="DataDrivenDataRow" />
        <UnitTestResult executionId="6f0f941d-a82b-4a5a-946b-54d991debbc1" parentExecutionId="1ecf08a6-4c60-4181-9fca-f5395fe24e17" testId="783915fe-114a-e353-78dd-56e92a60f942" testName="all_persons_modal_should" computerName="ARPAN-LAP" duration="00:00:00.0283559" startTime="2014-06-29T14:49:52.6728113+05:30" endTime="2014-06-29T14:49:52.7008129+05:30" testType="13cdc9d9-ddb5-4fa4-a97d-d965ccfc6d4b" outcome="Passed" testListId="8c84fa94-04c1-424b-9868-57a2d4851a1d" relativeResultsDirectory="1ecf08a6-4c60-4181-9fca-f5395fe24e17" dataRowInfo="2" resultType="DataDrivenDataRow" />
        <UnitTestResult executionId="84c8c3a1-3f9f-4aaa-a2c9-b8f985a855dd" parentExecutionId="1ecf08a6-4c60-4181-9fca-f5395fe24e17" testId="783915fe-114a-e353-78dd-56e92a60f942" testName="all_persons_modal_should" computerName="ARPAN-LAP" duration="00:00:00.0520466" startTime="2014-06-29T14:49:52.7008129+05:30" endTime="2014-06-29T14:49:52.7528159+05:30" testType="13cdc9d9-ddb5-4fa4-a97d-d965ccfc6d4b" outcome="Passed" testListId="8c84fa94-04c1-424b-9868-57a2d4851a1d" relativeResultsDirectory="1ecf08a6-4c60-4181-9fca-f5395fe24e17" dataRowInfo="3" resultType="DataDrivenDataRow" />
        <UnitTestResult executionId="17ab4a85-c3aa-40dd-858b-db0d586c4bde" parentExecutionId="1ecf08a6-4c60-4181-9fca-f5395fe24e17" testId="783915fe-114a-e353-78dd-56e92a60f942" testName="all_persons_modal_should" computerName="ARPAN-LAP" duration="00:00:00.0180950" startTime="2014-06-29T14:49:52.7528159+05:30" endTime="2014-06-29T14:49:52.7708169+05:30" testType="13cdc9d9-ddb5-4fa4-a97d-d965ccfc6d4b" outcome="Passed" testListId="8c84fa94-04c1-424b-9868-57a2d4851a1d" relativeResultsDirectory="1ecf08a6-4c60-4181-9fca-f5395fe24e17" dataRowInfo="4" resultType="DataDrivenDataRow" />
        <UnitTestResult executionId="2c834e29-bb02-48dc-8393-6242964e1f8e" parentExecutionId="1ecf08a6-4c60-4181-9fca-f5395fe24e17" testId="783915fe-114a-e353-78dd-56e92a60f942" testName="all_persons_modal_should" computerName="ARPAN-LAP" duration="00:00:00.0218455" startTime="2014-06-29T14:49:52.7708169+05:30" endTime="2014-06-29T14:49:52.7928181+05:30" testType="13cdc9d9-ddb5-4fa4-a97d-d965ccfc6d4b" outcome="Passed" testListId="8c84fa94-04c1-424b-9868-57a2d4851a1d" relativeResultsDirectory="1ecf08a6-4c60-4181-9fca-f5395fe24e17" dataRowInfo="5" resultType="DataDrivenDataRow" />
        <UnitTestResult executionId="36ee8f18-7140-4c32-8c26-7c4708964475" parentExecutionId="1ecf08a6-4c60-4181-9fca-f5395fe24e17" testId="783915fe-114a-e353-78dd-56e92a60f942" testName="all_persons_modal_should" computerName="ARPAN-LAP" duration="00:00:00.0240751" startTime="2014-06-29T14:49:52.7928181+05:30" endTime="2014-06-29T14:49:52.8168195+05:30" testType="13cdc9d9-ddb5-4fa4-a97d-d965ccfc6d4b" outcome="Passed" testListId="8c84fa94-04c1-424b-9868-57a2d4851a1d" relativeResultsDirectory="1ecf08a6-4c60-4181-9fca-f5395fe24e17" dataRowInfo="6" resultType="DataDrivenDataRow" />
        <UnitTestResult executionId="5f6b6808-91ab-4ff6-b7f5-0d406390e7b1" parentExecutionId="1ecf08a6-4c60-4181-9fca-f5395fe24e17" testId="783915fe-114a-e353-78dd-56e92a60f942" testName="all_persons_modal_should" computerName="ARPAN-LAP" duration="00:00:00.0275680" startTime="2014-06-29T14:49:52.8168195+05:30" endTime="2014-06-29T14:49:52.8448211+05:30" testType="13cdc9d9-ddb5-4fa4-a97d-d965ccfc6d4b" outcome="Passed" testListId="8c84fa94-04c1-424b-9868-57a2d4851a1d" relativeResultsDirectory="1ecf08a6-4c60-4181-9fca-f5395fe24e17" dataRowInfo="7" resultType="DataDrivenDataRow" />
        <UnitTestResult executionId="7d529226-8d55-42c0-9e83-9937c719b830" parentExecutionId="1ecf08a6-4c60-4181-9fca-f5395fe24e17" testId="783915fe-114a-e353-78dd-56e92a60f942" testName="all_persons_modal_should" computerName="ARPAN-LAP" duration="00:00:00.0184122" startTime="2014-06-29T14:49:52.8448211+05:30" endTime="2014-06-29T14:49:52.8628222+05:30" testType="13cdc9d9-ddb5-4fa4-a97d-d965ccfc6d4b" outcome="Passed" testListId="8c84fa94-04c1-424b-9868-57a2d4851a1d" relativeResultsDirectory="1ecf08a6-4c60-4181-9fca-f5395fe24e17" dataRowInfo="8" resultType="DataDrivenDataRow" />
        <UnitTestResult executionId="0c53d1fe-0b19-4532-aac2-77bd0c74fa27" parentExecutionId="1ecf08a6-4c60-4181-9fca-f5395fe24e17" testId="783915fe-114a-e353-78dd-56e92a60f942" testName="all_persons_modal_should" computerName="ARPAN-LAP" duration="00:00:00.0213794" startTime="2014-06-29T14:49:52.8628222+05:30" endTime="2014-06-29T14:49:52.8848234+05:30" testType="13cdc9d9-ddb5-4fa4-a97d-d965ccfc6d4b" outcome="Passed" testListId="8c84fa94-04c1-424b-9868-57a2d4851a1d" relativeResultsDirectory="1ecf08a6-4c60-4181-9fca-f5395fe24e17" dataRowInfo="9" resultType="DataDrivenDataRow" />
        <UnitTestResult executionId="c6319b4e-4b1f-476a-a05a-3cf2ceef4374" parentExecutionId="1ecf08a6-4c60-4181-9fca-f5395fe24e17" testId="783915fe-114a-e353-78dd-56e92a60f942" testName="all_persons_modal_should" computerName="ARPAN-LAP" duration="00:00:00.0229418" startTime="2014-06-29T14:49:52.8848234+05:30" endTime="2014-06-29T14:49:52.9078247+05:30" testType="13cdc9d9-ddb5-4fa4-a97d-d965ccfc6d4b" outcome="Passed" testListId="8c84fa94-04c1-424b-9868-57a2d4851a1d" relativeResultsDirectory="1ecf08a6-4c60-4181-9fca-f5395fe24e17" dataRowInfo="10" resultType="DataDrivenDataRow" />
        <UnitTestResult executionId="3fdd53f6-f9cd-4346-ba76-7dff630df2fc" parentExecutionId="1ecf08a6-4c60-4181-9fca-f5395fe24e17" testId="783915fe-114a-e353-78dd-56e92a60f942" testName="all_persons_modal_should" computerName="ARPAN-LAP" duration="00:00:00.0298238" startTime="2014-06-29T14:49:52.9078247+05:30" endTime="2014-06-29T14:49:52.9378264+05:30" testType="13cdc9d9-ddb5-4fa4-a97d-d965ccfc6d4b" outcome="Passed" testListId="8c84fa94-04c1-424b-9868-57a2d4851a1d" relativeResultsDirectory="1ecf08a6-4c60-4181-9fca-f5395fe24e17" dataRowInfo="11" resultType="DataDrivenDataRow" />
        <UnitTestResult executionId="083f1af8-e28a-4f89-9ecd-2e7ba8bc56b2" parentExecutionId="1ecf08a6-4c60-4181-9fca-f5395fe24e17" testId="783915fe-114a-e353-78dd-56e92a60f942" testName="all_persons_modal_should" computerName="ARPAN-LAP" duration="00:00:00.0339947" startTime="2014-06-29T14:49:52.9378264+05:30" endTime="2014-06-29T14:49:52.9718284+05:30" testType="13cdc9d9-ddb5-4fa4-a97d-d965ccfc6d4b" outcome="Passed" testListId="8c84fa94-04c1-424b-9868-57a2d4851a1d" relativeResultsDirectory="1ecf08a6-4c60-4181-9fca-f5395fe24e17" dataRowInfo="12" resultType="DataDrivenDataRow" />
        <UnitTestResult executionId="be867e08-81cd-44e7-a39c-3bfc47b36af5" parentExecutionId="1ecf08a6-4c60-4181-9fca-f5395fe24e17" testId="783915fe-114a-e353-78dd-56e92a60f942" testName="all_persons_modal_should" computerName="ARPAN-LAP" duration="00:00:00.0259948" startTime="2014-06-29T14:49:52.9718284+05:30" endTime="2014-06-29T14:49:52.9978299+05:30" testType="13cdc9d9-ddb5-4fa4-a97d-d965ccfc6d4b" outcome="Passed" testListId="8c84fa94-04c1-424b-9868-57a2d4851a1d" relativeResultsDirectory="1ecf08a6-4c60-4181-9fca-f5395fe24e17" dataRowInfo="13" resultType="DataDrivenDataRow" />
        <UnitTestResult executionId="9d0e306a-21d6-4abb-8d4f-a6e2c6f843b3" parentExecutionId="1ecf08a6-4c60-4181-9fca-f5395fe24e17" testId="783915fe-114a-e353-78dd-56e92a60f942" testName="all_persons_modal_should" computerName="ARPAN-LAP" duration="00:00:00.0286443" startTime="2014-06-29T14:49:52.9978299+05:30" endTime="2014-06-29T14:49:53.0258315+05:30" testType="13cdc9d9-ddb5-4fa4-a97d-d965ccfc6d4b" outcome="Passed" testListId="8c84fa94-04c1-424b-9868-57a2d4851a1d" relativeResultsDirectory="1ecf08a6-4c60-4181-9fca-f5395fe24e17" dataRowInfo="14" resultType="DataDrivenDataRow" />
        <UnitTestResult executionId="dfb4047e-c56e-41b8-988b-9e2a6a7cc3eb" parentExecutionId="1ecf08a6-4c60-4181-9fca-f5395fe24e17" testId="783915fe-114a-e353-78dd-56e92a60f942" testName="all_persons_modal_should" computerName="ARPAN-LAP" duration="00:00:00.0228217" startTime="2014-06-29T14:49:53.0258315+05:30" endTime="2014-06-29T14:49:53.0488328+05:30" testType="13cdc9d9-ddb5-4fa4-a97d-d965ccfc6d4b" outcome="Passed" testListId="8c84fa94-04c1-424b-9868-57a2d4851a1d" relativeResultsDirectory="1ecf08a6-4c60-4181-9fca-f5395fe24e17" dataRowInfo="15" resultType="DataDrivenDataRow" />
        <UnitTestResult executionId="e67f58ea-8e1e-46eb-a9b2-6299176103d9" parentExecutionId="1ecf08a6-4c60-4181-9fca-f5395fe24e17" testId="783915fe-114a-e353-78dd-56e92a60f942" testName="all_persons_modal_should" computerName="ARPAN-LAP" duration="00:00:00.0283163" startTime="2014-06-29T14:49:53.0488328+05:30" endTime="2014-06-29T14:49:53.0778345+05:30" testType="13cdc9d9-ddb5-4fa4-a97d-d965ccfc6d4b" outcome="Passed" testListId="8c84fa94-04c1-424b-9868-57a2d4851a1d" relativeResultsDirectory="1ecf08a6-4c60-4181-9fca-f5395fe24e17" dataRowInfo="16" resultType="DataDrivenDataRow" />
      </InnerResults>
    </UnitTestResult>
    <UnitTestResult executionId="d6cd2afa-29a3-4eee-a593-f57f56de9561" testId="7f7910d1-dc89-39b4-b4cf-d9e6d7af9420" testName="interrogative_sentences_what" computerName="ARPAN-LAP" duration="00:00:00.2384858" startTime="2014-06-29T14:49:53.1448383+05:30" endTime="2014-06-29T14:49:53.4228542+05:30" testType="13cdc9d9-ddb5-4fa4-a97d-d965ccfc6d4b" outcome="Passed" testListId="8c84fa94-04c1-424b-9868-57a2d4851a1d" relativeResultsDirectory="d6cd2afa-29a3-4eee-a593-f57f56de9561" resultType="DataDrivenTest">
      <Counters error="0" failed="0" timeout="0" aborted="0" inconclusive="0" passedButRunAborted="0" notRunnable="0" notExecuted="0" disconnected="0" warning="0" passed="9" completed="0" inProgress="0" pending="0" />
      <InnerResults>
        <UnitTestResult executionId="fe335662-6b0d-470b-99dd-3c83a1822440" parentExecutionId="d6cd2afa-29a3-4eee-a593-f57f56de9561" testId="7f7910d1-dc89-39b4-b4cf-d9e6d7af9420" testName="interrogative_sentences_what" computerName="ARPAN-LAP" duration="00:00:00.0232498" startTime="2014-06-29T14:49:53.1818404+05:30" endTime="2014-06-29T14:49:53.2058418+05:30" testType="13cdc9d9-ddb5-4fa4-a97d-d965ccfc6d4b" outcome="Passed" testListId="8c84fa94-04c1-424b-9868-57a2d4851a1d" relativeResultsDirectory="d6cd2afa-29a3-4eee-a593-f57f56de9561" dataRowInfo="0" resultType="DataDrivenDataRow" />
        <UnitTestResult executionId="e0e59619-d43e-47c8-94df-2b98f7aeee08" parentExecutionId="d6cd2afa-29a3-4eee-a593-f57f56de9561" testId="7f7910d1-dc89-39b4-b4cf-d9e6d7af9420" testName="interrogative_sentences_what" computerName="ARPAN-LAP" duration="00:00:00.0211279" startTime="2014-06-29T14:49:53.2058418+05:30" endTime="2014-06-29T14:49:53.2268430+05:30" testType="13cdc9d9-ddb5-4fa4-a97d-d965ccfc6d4b" outcome="Passed" testListId="8c84fa94-04c1-424b-9868-57a2d4851a1d" relativeResultsDirectory="d6cd2afa-29a3-4eee-a593-f57f56de9561" dataRowInfo="1" resultType="DataDrivenDataRow" />
        <UnitTestResult executionId="3e90ad61-8909-4776-9fe8-fb77fa211b0a" parentExecutionId="d6cd2afa-29a3-4eee-a593-f57f56de9561" testId="7f7910d1-dc89-39b4-b4cf-d9e6d7af9420" testName="interrogative_sentences_what" computerName="ARPAN-LAP" duration="00:00:00.0266667" startTime="2014-06-29T14:49:53.2268430+05:30" endTime="2014-06-29T14:49:53.2538445+05:30" testType="13cdc9d9-ddb5-4fa4-a97d-d965ccfc6d4b" outcome="Passed" testListId="8c84fa94-04c1-424b-9868-57a2d4851a1d" relativeResultsDirectory="d6cd2afa-29a3-4eee-a593-f57f56de9561" dataRowInfo="2" resultType="DataDrivenDataRow" />
        <UnitTestResult executionId="fdfae634-3f85-491f-9a1b-f54acfaf1509" parentExecutionId="d6cd2afa-29a3-4eee-a593-f57f56de9561" testId="7f7910d1-dc89-39b4-b4cf-d9e6d7af9420" testName="interrogative_sentences_what" computerName="ARPAN-LAP" duration="00:00:00.0209247" startTime="2014-06-29T14:49:53.2538445+05:30" endTime="2014-06-29T14:49:53.2748457+05:30" testType="13cdc9d9-ddb5-4fa4-a97d-d965ccfc6d4b" outcome="Passed" testListId="8c84fa94-04c1-424b-9868-57a2d4851a1d" relativeResultsDirectory="d6cd2afa-29a3-4eee-a593-f57f56de9561" dataRowInfo="3" resultType="DataDrivenDataRow" />
        <UnitTestResult executionId="29997e73-d643-41af-9adc-101d09013c3c" parentExecutionId="d6cd2afa-29a3-4eee-a593-f57f56de9561" testId="7f7910d1-dc89-39b4-b4cf-d9e6d7af9420" testName="interrogative_sentences_what" computerName="ARPAN-LAP" duration="00:00:00.0211413" startTime="2014-06-29T14:49:53.2748457+05:30" endTime="2014-06-29T14:49:53.2958469+05:30" testType="13cdc9d9-ddb5-4fa4-a97d-d965ccfc6d4b" outcome="Passed" testListId="8c84fa94-04c1-424b-9868-57a2d4851a1d" relativeResultsDirectory="d6cd2afa-29a3-4eee-a593-f57f56de9561" dataRowInfo="4" resultType="DataDrivenDataRow" />
        <UnitTestResult executionId="6f742aa8-b570-4361-bab4-b6f36a9b009e" parentExecutionId="d6cd2afa-29a3-4eee-a593-f57f56de9561" testId="7f7910d1-dc89-39b4-b4cf-d9e6d7af9420" testName="interrogative_sentences_what" computerName="ARPAN-LAP" duration="00:00:00.0268633" startTime="2014-06-29T14:49:53.2958469+05:30" endTime="2014-06-29T14:49:53.3228485+05:30" testType="13cdc9d9-ddb5-4fa4-a97d-d965ccfc6d4b" outcome="Passed" testListId="8c84fa94-04c1-424b-9868-57a2d4851a1d" relativeResultsDirectory="d6cd2afa-29a3-4eee-a593-f57f56de9561" dataRowInfo="5" resultType="DataDrivenDataRow" />
        <UnitTestResult executionId="09c227b2-95e2-48dd-8786-0e05b33fc5d7" parentExecutionId="d6cd2afa-29a3-4eee-a593-f57f56de9561" testId="7f7910d1-dc89-39b4-b4cf-d9e6d7af9420" testName="interrogative_sentences_what" computerName="ARPAN-LAP" duration="00:00:00.0228977" startTime="2014-06-29T14:49:53.3228485+05:30" endTime="2014-06-29T14:49:53.3458498+05:30" testType="13cdc9d9-ddb5-4fa4-a97d-d965ccfc6d4b" outcome="Passed" testListId="8c84fa94-04c1-424b-9868-57a2d4851a1d" relativeResultsDirectory="d6cd2afa-29a3-4eee-a593-f57f56de9561" dataRowInfo="6" resultType="DataDrivenDataRow" />
        <UnitTestResult executionId="c48d50c7-cbbb-4c3b-9861-77a2ebf7950f" parentExecutionId="d6cd2afa-29a3-4eee-a593-f57f56de9561" testId="7f7910d1-dc89-39b4-b4cf-d9e6d7af9420" testName="interrogative_sentences_what" computerName="ARPAN-LAP" duration="00:00:00.0220349" startTime="2014-06-29T14:49:53.3458498+05:30" endTime="2014-06-29T14:49:53.3678510+05:30" testType="13cdc9d9-ddb5-4fa4-a97d-d965ccfc6d4b" outcome="Passed" testListId="8c84fa94-04c1-424b-9868-57a2d4851a1d" relativeResultsDirectory="d6cd2afa-29a3-4eee-a593-f57f56de9561" dataRowInfo="7" resultType="DataDrivenDataRow" />
        <UnitTestResult executionId="6bf30386-d109-4ec7-bf2c-90806d2f6313" parentExecutionId="d6cd2afa-29a3-4eee-a593-f57f56de9561" testId="7f7910d1-dc89-39b4-b4cf-d9e6d7af9420" testName="interrogative_sentences_what" computerName="ARPAN-LAP" duration="00:00:00.0274648" startTime="2014-06-29T14:49:53.3678510+05:30" endTime="2014-06-29T14:49:53.3948526+05:30" testType="13cdc9d9-ddb5-4fa4-a97d-d965ccfc6d4b" outcome="Passed" testListId="8c84fa94-04c1-424b-9868-57a2d4851a1d" relativeResultsDirectory="d6cd2afa-29a3-4eee-a593-f57f56de9561" dataRowInfo="8" resultType="DataDrivenDataRow" />
      </InnerResults>
    </UnitTestResult>
    <UnitTestResult executionId="c61e08f6-3839-4e74-9337-58523dfdc082" testId="83c68223-dcaa-51dd-423f-434210a59f77" testName="second_person_tenses_active_negation" computerName="ARPAN-LAP" duration="00:00:00.2360241" startTime="2014-06-29T14:49:53.4268544+05:30" endTime="2014-06-29T14:49:53.6998700+05:30" testType="13cdc9d9-ddb5-4fa4-a97d-d965ccfc6d4b" outcome="Passed" testListId="8c84fa94-04c1-424b-9868-57a2d4851a1d" relativeResultsDirectory="c61e08f6-3839-4e74-9337-58523dfdc082" resultType="DataDrivenTest">
      <Counters error="0" failed="0" timeout="0" aborted="0" inconclusive="0" passedButRunAborted="0" notRunnable="0" notExecuted="0" disconnected="0" warning="0" passed="10" completed="0" inProgress="0" pending="0" />
      <InnerResults>
        <UnitTestResult executionId="93494436-20ff-4d5a-93c7-ce9cae9bd3d6" parentExecutionId="c61e08f6-3839-4e74-9337-58523dfdc082" testId="83c68223-dcaa-51dd-423f-434210a59f77" testName="second_person_tenses_active_negation" computerName="ARPAN-LAP" duration="00:00:00.0211844" startTime="2014-06-29T14:49:53.4468556+05:30" endTime="2014-06-29T14:49:53.4678568+05:30" testType="13cdc9d9-ddb5-4fa4-a97d-d965ccfc6d4b" outcome="Passed" testListId="8c84fa94-04c1-424b-9868-57a2d4851a1d" relativeResultsDirectory="c61e08f6-3839-4e74-9337-58523dfdc082" dataRowInfo="0" resultType="DataDrivenDataRow" />
        <UnitTestResult executionId="1ee02a31-7f53-451f-b509-b47f080ff6c9" parentExecutionId="c61e08f6-3839-4e74-9337-58523dfdc082" testId="83c68223-dcaa-51dd-423f-434210a59f77" testName="second_person_tenses_active_negation" computerName="ARPAN-LAP" duration="00:00:00.0208107" startTime="2014-06-29T14:49:53.4678568+05:30" endTime="2014-06-29T14:49:53.4888580+05:30" testType="13cdc9d9-ddb5-4fa4-a97d-d965ccfc6d4b" outcome="Passed" testListId="8c84fa94-04c1-424b-9868-57a2d4851a1d" relativeResultsDirectory="c61e08f6-3839-4e74-9337-58523dfdc082" dataRowInfo="1" resultType="DataDrivenDataRow" />
        <UnitTestResult executionId="ba2edd63-fb0f-4ddb-9c69-c5786789f9c4" parentExecutionId="c61e08f6-3839-4e74-9337-58523dfdc082" testId="83c68223-dcaa-51dd-423f-434210a59f77" testName="second_person_tenses_active_negation" computerName="ARPAN-LAP" duration="00:00:00.0212562" startTime="2014-06-29T14:49:53.4888580+05:30" endTime="2014-06-29T14:49:53.5108592+05:30" testType="13cdc9d9-ddb5-4fa4-a97d-d965ccfc6d4b" outcome="Passed" testListId="8c84fa94-04c1-424b-9868-57a2d4851a1d" relativeResultsDirectory="c61e08f6-3839-4e74-9337-58523dfdc082" dataRowInfo="2" resultType="DataDrivenDataRow" />
        <UnitTestResult executionId="989b8196-953f-49b7-93ba-6d2994c8924d" parentExecutionId="c61e08f6-3839-4e74-9337-58523dfdc082" testId="83c68223-dcaa-51dd-423f-434210a59f77" testName="second_person_tenses_active_negation" computerName="ARPAN-LAP" duration="00:00:00.0291961" startTime="2014-06-29T14:49:53.5108592+05:30" endTime="2014-06-29T14:49:53.5398609+05:30" testType="13cdc9d9-ddb5-4fa4-a97d-d965ccfc6d4b" outcome="Passed" testListId="8c84fa94-04c1-424b-9868-57a2d4851a1d" relativeResultsDirectory="c61e08f6-3839-4e74-9337-58523dfdc082" dataRowInfo="3" resultType="DataDrivenDataRow" />
        <UnitTestResult executionId="ca7a17dd-abe5-4789-8f25-5fe37a91d0dc" parentExecutionId="c61e08f6-3839-4e74-9337-58523dfdc082" testId="83c68223-dcaa-51dd-423f-434210a59f77" testName="second_person_tenses_active_negation" computerName="ARPAN-LAP" duration="00:00:00.0196692" startTime="2014-06-29T14:49:53.5398609+05:30" endTime="2014-06-29T14:49:53.5598620+05:30" testType="13cdc9d9-ddb5-4fa4-a97d-d965ccfc6d4b" outcome="Passed" testListId="8c84fa94-04c1-424b-9868-57a2d4851a1d" relativeResultsDirectory="c61e08f6-3839-4e74-9337-58523dfdc082" dataRowInfo="4" resultType="DataDrivenDataRow" />
        <UnitTestResult executionId="eb363a49-90ae-4888-9df3-d57d9d65ec76" parentExecutionId="c61e08f6-3839-4e74-9337-58523dfdc082" testId="83c68223-dcaa-51dd-423f-434210a59f77" testName="second_person_tenses_active_negation" computerName="ARPAN-LAP" duration="00:00:00.0194998" startTime="2014-06-29T14:49:53.5598620+05:30" endTime="2014-06-29T14:49:53.5788631+05:30" testType="13cdc9d9-ddb5-4fa4-a97d-d965ccfc6d4b" outcome="Passed" testListId="8c84fa94-04c1-424b-9868-57a2d4851a1d" relativeResultsDirectory="c61e08f6-3839-4e74-9337-58523dfdc082" dataRowInfo="5" resultType="DataDrivenDataRow" />
        <UnitTestResult executionId="d535f045-be96-401e-83b6-a2adcbf163d1" parentExecutionId="c61e08f6-3839-4e74-9337-58523dfdc082" testId="83c68223-dcaa-51dd-423f-434210a59f77" testName="second_person_tenses_active_negation" computerName="ARPAN-LAP" duration="00:00:00.0214046" startTime="2014-06-29T14:49:53.5788631+05:30" endTime="2014-06-29T14:49:53.6008644+05:30" testType="13cdc9d9-ddb5-4fa4-a97d-d965ccfc6d4b" outcome="Passed" testListId="8c84fa94-04c1-424b-9868-57a2d4851a1d" relativeResultsDirectory="c61e08f6-3839-4e74-9337-58523dfdc082" dataRowInfo="6" resultType="DataDrivenDataRow" />
        <UnitTestResult executionId="f1328eda-374f-444d-bcda-3b2f40835956" parentExecutionId="c61e08f6-3839-4e74-9337-58523dfdc082" testId="83c68223-dcaa-51dd-423f-434210a59f77" testName="second_person_tenses_active_negation" computerName="ARPAN-LAP" duration="00:00:00.0245125" startTime="2014-06-29T14:49:53.6008644+05:30" endTime="2014-06-29T14:49:53.6248657+05:30" testType="13cdc9d9-ddb5-4fa4-a97d-d965ccfc6d4b" outcome="Passed" testListId="8c84fa94-04c1-424b-9868-57a2d4851a1d" relativeResultsDirectory="c61e08f6-3839-4e74-9337-58523dfdc082" dataRowInfo="7" resultType="DataDrivenDataRow" />
        <UnitTestResult executionId="0206ab52-a50c-48d6-bedc-fb98a0082b22" parentExecutionId="c61e08f6-3839-4e74-9337-58523dfdc082" testId="83c68223-dcaa-51dd-423f-434210a59f77" testName="second_person_tenses_active_negation" computerName="ARPAN-LAP" duration="00:00:00.0194711" startTime="2014-06-29T14:49:53.6248657+05:30" endTime="2014-06-29T14:49:53.6448669+05:30" testType="13cdc9d9-ddb5-4fa4-a97d-d965ccfc6d4b" outcome="Passed" testListId="8c84fa94-04c1-424b-9868-57a2d4851a1d" relativeResultsDirectory="c61e08f6-3839-4e74-9337-58523dfdc082" dataRowInfo="8" resultType="DataDrivenDataRow" />
        <UnitTestResult executionId="08d84284-66e8-42f2-a4a8-5532fbd383d7" parentExecutionId="c61e08f6-3839-4e74-9337-58523dfdc082" testId="83c68223-dcaa-51dd-423f-434210a59f77" testName="second_person_tenses_active_negation" computerName="ARPAN-LAP" duration="00:00:00.0257956" startTime="2014-06-29T14:49:53.6448669+05:30" endTime="2014-06-29T14:49:53.6708684+05:30" testType="13cdc9d9-ddb5-4fa4-a97d-d965ccfc6d4b" outcome="Passed" testListId="8c84fa94-04c1-424b-9868-57a2d4851a1d" relativeResultsDirectory="c61e08f6-3839-4e74-9337-58523dfdc082" dataRowInfo="9" resultType="DataDrivenDataRow" />
      </InnerResults>
    </UnitTestResult>
    <UnitTestResult executionId="9758a936-72ad-4049-82c5-abb12920126c" testId="8fe5ccb3-a3f4-0f61-ad21-e94ef029e900" testName="all_persons_modal_can_may" computerName="ARPAN-LAP" duration="00:00:00.9258373" startTime="2014-06-29T14:49:53.7048703+05:30" endTime="2014-06-29T14:49:54.7139280+05:30" testType="13cdc9d9-ddb5-4fa4-a97d-d965ccfc6d4b" outcome="Passed" testListId="8c84fa94-04c1-424b-9868-57a2d4851a1d" relativeResultsDirectory="9758a936-72ad-4049-82c5-abb12920126c" resultType="DataDrivenTest">
      <Counters error="0" failed="0" timeout="0" aborted="0" inconclusive="0" passedButRunAborted="0" notRunnable="0" notExecuted="0" disconnected="0" warning="0" passed="29" completed="0" inProgress="0" pending="0" />
      <InnerResults>
        <UnitTestResult executionId="72744d91-b853-445f-b2c5-fcc47d630114" parentExecutionId="9758a936-72ad-4049-82c5-abb12920126c" testId="8fe5ccb3-a3f4-0f61-ad21-e94ef029e900" testName="all_persons_modal_can_may" computerName="ARPAN-LAP" duration="00:00:00.0495654" startTime="2014-06-29T14:49:53.8918810+05:30" endTime="2014-06-29T14:49:53.9418839+05:30" testType="13cdc9d9-ddb5-4fa4-a97d-d965ccfc6d4b" outcome="Passed" testListId="8c84fa94-04c1-424b-9868-57a2d4851a1d" relativeResultsDirectory="9758a936-72ad-4049-82c5-abb12920126c" dataRowInfo="0" resultType="DataDrivenDataRow" />
        <UnitTestResult executionId="0d9a3a11-33fe-4621-818f-a2391e2ebd00" parentExecutionId="9758a936-72ad-4049-82c5-abb12920126c" testId="8fe5ccb3-a3f4-0f61-ad21-e94ef029e900" testName="all_persons_modal_can_may" computerName="ARPAN-LAP" duration="00:00:00.0231918" startTime="2014-06-29T14:49:53.9418839+05:30" endTime="2014-06-29T14:49:53.9648852+05:30" testType="13cdc9d9-ddb5-4fa4-a97d-d965ccfc6d4b" outcome="Passed" testListId="8c84fa94-04c1-424b-9868-57a2d4851a1d" relativeResultsDirectory="9758a936-72ad-4049-82c5-abb12920126c" dataRowInfo="1" resultType="DataDrivenDataRow" />
        <UnitTestResult executionId="f6c0c36e-204a-4ae6-b356-34ab1cdc791f" parentExecutionId="9758a936-72ad-4049-82c5-abb12920126c" testId="8fe5ccb3-a3f4-0f61-ad21-e94ef029e900" testName="all_persons_modal_can_may" computerName="ARPAN-LAP" duration="00:00:00.0756126" startTime="2014-06-29T14:49:53.9648852+05:30" endTime="2014-06-29T14:49:54.0408895+05:30" testType="13cdc9d9-ddb5-4fa4-a97d-d965ccfc6d4b" outcome="Passed" testListId="8c84fa94-04c1-424b-9868-57a2d4851a1d" relativeResultsDirectory="9758a936-72ad-4049-82c5-abb12920126c" dataRowInfo="2" resultType="DataDrivenDataRow" />
        <UnitTestResult executionId="e3a8f20a-9662-48ca-9126-b30a532ff9b1" parentExecutionId="9758a936-72ad-4049-82c5-abb12920126c" testId="8fe5ccb3-a3f4-0f61-ad21-e94ef029e900" testName="all_persons_modal_can_may" computerName="ARPAN-LAP" duration="00:00:00.0271497" startTime="2014-06-29T14:49:54.0408895+05:30" endTime="2014-06-29T14:49:54.0678911+05:30" testType="13cdc9d9-ddb5-4fa4-a97d-d965ccfc6d4b" outcome="Passed" testListId="8c84fa94-04c1-424b-9868-57a2d4851a1d" relativeResultsDirectory="9758a936-72ad-4049-82c5-abb12920126c" dataRowInfo="3" resultType="DataDrivenDataRow" />
        <UnitTestResult executionId="f073580f-175f-4021-842d-dfda8e06439c" parentExecutionId="9758a936-72ad-4049-82c5-abb12920126c" testId="8fe5ccb3-a3f4-0f61-ad21-e94ef029e900" testName="all_persons_modal_can_may" computerName="ARPAN-LAP" duration="00:00:00.0248461" startTime="2014-06-29T14:49:54.0678911+05:30" endTime="2014-06-29T14:49:54.0928925+05:30" testType="13cdc9d9-ddb5-4fa4-a97d-d965ccfc6d4b" outcome="Passed" testListId="8c84fa94-04c1-424b-9868-57a2d4851a1d" relativeResultsDirectory="9758a936-72ad-4049-82c5-abb12920126c" dataRowInfo="4" resultType="DataDrivenDataRow" />
        <UnitTestResult executionId="f7e96fa1-9838-44c0-831d-ce8b81c08be9" parentExecutionId="9758a936-72ad-4049-82c5-abb12920126c" testId="8fe5ccb3-a3f4-0f61-ad21-e94ef029e900" testName="all_persons_modal_can_may" computerName="ARPAN-LAP" duration="00:00:00.0257854" startTime="2014-06-29T14:49:54.0928925+05:30" endTime="2014-06-29T14:49:54.1188940+05:30" testType="13cdc9d9-ddb5-4fa4-a97d-d965ccfc6d4b" outcome="Passed" testListId="8c84fa94-04c1-424b-9868-57a2d4851a1d" relativeResultsDirectory="9758a936-72ad-4049-82c5-abb12920126c" dataRowInfo="5" resultType="DataDrivenDataRow" />
        <UnitTestResult executionId="8ed4cd73-879d-41bb-8aa8-764a4028421f" parentExecutionId="9758a936-72ad-4049-82c5-abb12920126c" testId="8fe5ccb3-a3f4-0f61-ad21-e94ef029e900" testName="all_persons_modal_can_may" computerName="ARPAN-LAP" duration="00:00:00.0304875" startTime="2014-06-29T14:49:54.1188940+05:30" endTime="2014-06-29T14:49:54.1488957+05:30" testType="13cdc9d9-ddb5-4fa4-a97d-d965ccfc6d4b" outcome="Passed" testListId="8c84fa94-04c1-424b-9868-57a2d4851a1d" relativeResultsDirectory="9758a936-72ad-4049-82c5-abb12920126c" dataRowInfo="6" resultType="DataDrivenDataRow" />
        <UnitTestResult executionId="8d4e34b2-58fd-448f-ad56-0ccece2c0e90" parentExecutionId="9758a936-72ad-4049-82c5-abb12920126c" testId="8fe5ccb3-a3f4-0f61-ad21-e94ef029e900" testName="all_persons_modal_can_may" computerName="ARPAN-LAP" duration="00:00:00.0328717" startTime="2014-06-29T14:49:54.1488957+05:30" endTime="2014-06-29T14:49:54.1818976+05:30" testType="13cdc9d9-ddb5-4fa4-a97d-d965ccfc6d4b" outcome="Passed" testListId="8c84fa94-04c1-424b-9868-57a2d4851a1d" relativeResultsDirectory="9758a936-72ad-4049-82c5-abb12920126c" dataRowInfo="7" resultType="DataDrivenDataRow" />
        <UnitTestResult executionId="e408a135-36ae-4fcc-852e-c2821b83484c" parentExecutionId="9758a936-72ad-4049-82c5-abb12920126c" testId="8fe5ccb3-a3f4-0f61-ad21-e94ef029e900" testName="all_persons_modal_can_may" computerName="ARPAN-LAP" duration="00:00:00.0187248" startTime="2014-06-29T14:49:54.1818976+05:30" endTime="2014-06-29T14:49:54.2008987+05:30" testType="13cdc9d9-ddb5-4fa4-a97d-d965ccfc6d4b" outcome="Passed" testListId="8c84fa94-04c1-424b-9868-57a2d4851a1d" relativeResultsDirectory="9758a936-72ad-4049-82c5-abb12920126c" dataRowInfo="8" resultType="DataDrivenDataRow" />
        <UnitTestResult executionId="bc48d835-5e53-42b7-b339-7f12115cd492" parentExecutionId="9758a936-72ad-4049-82c5-abb12920126c" testId="8fe5ccb3-a3f4-0f61-ad21-e94ef029e900" testName="all_persons_modal_can_may" computerName="ARPAN-LAP" duration="00:00:00.0182192" startTime="2014-06-29T14:49:54.2008987+05:30" endTime="2014-06-29T14:49:54.2188997+05:30" testType="13cdc9d9-ddb5-4fa4-a97d-d965ccfc6d4b" outcome="Passed" testListId="8c84fa94-04c1-424b-9868-57a2d4851a1d" relativeResultsDirectory="9758a936-72ad-4049-82c5-abb12920126c" dataRowInfo="9" resultType="DataDrivenDataRow" />
        <UnitTestResult executionId="05d0eea8-7fe8-4c45-b123-8173023b5b4d" parentExecutionId="9758a936-72ad-4049-82c5-abb12920126c" testId="8fe5ccb3-a3f4-0f61-ad21-e94ef029e900" testName="all_persons_modal_can_may" computerName="ARPAN-LAP" duration="00:00:00.0177767" startTime="2014-06-29T14:49:54.2188997+05:30" endTime="2014-06-29T14:49:54.2369007+05:30" testType="13cdc9d9-ddb5-4fa4-a97d-d965ccfc6d4b" outcome="Passed" testListId="8c84fa94-04c1-424b-9868-57a2d4851a1d" relativeResultsDirectory="9758a936-72ad-4049-82c5-abb12920126c" dataRowInfo="10" resultType="DataDrivenDataRow" />
        <UnitTestResult executionId="e3d07c1c-709f-407e-8a55-a17fbf229876" parentExecutionId="9758a936-72ad-4049-82c5-abb12920126c" testId="8fe5ccb3-a3f4-0f61-ad21-e94ef029e900" testName="all_persons_modal_can_may" computerName="ARPAN-LAP" duration="00:00:00.0205407" startTime="2014-06-29T14:49:54.2369007+05:30" endTime="2014-06-29T14:49:54.2579019+05:30" testType="13cdc9d9-ddb5-4fa4-a97d-d965ccfc6d4b" outcome="Passed" testListId="8c84fa94-04c1-424b-9868-57a2d4851a1d" relativeResultsDirectory="9758a936-72ad-4049-82c5-abb12920126c" dataRowInfo="11" resultType="DataDrivenDataRow" />
        <UnitTestResult executionId="7ff8162d-a92c-4398-afe6-10c9f9951016" parentExecutionId="9758a936-72ad-4049-82c5-abb12920126c" testId="8fe5ccb3-a3f4-0f61-ad21-e94ef029e900" testName="all_persons_modal_can_may" computerName="ARPAN-LAP" duration="00:00:00.0226067" startTime="2014-06-29T14:49:54.2579019+05:30" endTime="2014-06-29T14:49:54.2799032+05:30" testType="13cdc9d9-ddb5-4fa4-a97d-d965ccfc6d4b" outcome="Passed" testListId="8c84fa94-04c1-424b-9868-57a2d4851a1d" relativeResultsDirectory="9758a936-72ad-4049-82c5-abb12920126c" dataRowInfo="12" resultType="DataDrivenDataRow" />
        <UnitTestResult executionId="f45700c4-4c08-4907-b747-f7dc411546c9" parentExecutionId="9758a936-72ad-4049-82c5-abb12920126c" testId="8fe5ccb3-a3f4-0f61-ad21-e94ef029e900" testName="all_persons_modal_can_may" computerName="ARPAN-LAP" duration="00:00:00.0239694" startTime="2014-06-29T14:49:54.2799032+05:30" endTime="2014-06-29T14:49:54.3039046+05:30" testType="13cdc9d9-ddb5-4fa4-a97d-d965ccfc6d4b" outcome="Passed" testListId="8c84fa94-04c1-424b-9868-57a2d4851a1d" relativeResultsDirectory="9758a936-72ad-4049-82c5-abb12920126c" dataRowInfo="13" resultType="DataDrivenDataRow" />
        <UnitTestResult executionId="044367ce-2b69-4955-912a-a6ecbc0dd9a2" parentExecutionId="9758a936-72ad-4049-82c5-abb12920126c" testId="8fe5ccb3-a3f4-0f61-ad21-e94ef029e900" testName="all_persons_modal_can_may" computerName="ARPAN-LAP" duration="00:00:00.0232385" startTime="2014-06-29T14:49:54.3039046+05:30" endTime="2014-06-29T14:49:54.3279060+05:30" testType="13cdc9d9-ddb5-4fa4-a97d-d965ccfc6d4b" outcome="Passed" testListId="8c84fa94-04c1-424b-9868-57a2d4851a1d" relativeResultsDirectory="9758a936-72ad-4049-82c5-abb12920126c" dataRowInfo="14" resultType="DataDrivenDataRow" />
        <UnitTestResult executionId="cead3ede-4a5f-458c-b34f-a4e8f56efd45" parentExecutionId="9758a936-72ad-4049-82c5-abb12920126c" testId="8fe5ccb3-a3f4-0f61-ad21-e94ef029e900" testName="all_persons_modal_can_may" computerName="ARPAN-LAP" duration="00:00:00.0231995" startTime="2014-06-29T14:49:54.3279060+05:30" endTime="2014-06-29T14:49:54.3509073+05:30" testType="13cdc9d9-ddb5-4fa4-a97d-d965ccfc6d4b" outcome="Passed" testListId="8c84fa94-04c1-424b-9868-57a2d4851a1d" relativeResultsDirectory="9758a936-72ad-4049-82c5-abb12920126c" dataRowInfo="15" resultType="DataDrivenDataRow" />
        <UnitTestResult executionId="7c068b22-a4a2-4a69-bef6-7c3a9bdb6c23" parentExecutionId="9758a936-72ad-4049-82c5-abb12920126c" testId="8fe5ccb3-a3f4-0f61-ad21-e94ef029e900" testName="all_persons_modal_can_may" computerName="ARPAN-LAP" duration="00:00:00.0194120" startTime="2014-06-29T14:49:54.3509073+05:30" endTime="2014-06-29T14:49:54.3699084+05:30" testType="13cdc9d9-ddb5-4fa4-a97d-d965ccfc6d4b" outcome="Passed" testListId="8c84fa94-04c1-424b-9868-57a2d4851a1d" relativeResultsDirectory="9758a936-72ad-4049-82c5-abb12920126c" dataRowInfo="16" resultType="DataDrivenDataRow" />
        <UnitTestResult executionId="b213f9fb-0a54-438f-ab2c-475c3cf49460" parentExecutionId="9758a936-72ad-4049-82c5-abb12920126c" testId="8fe5ccb3-a3f4-0f61-ad21-e94ef029e900" testName="all_persons_modal_can_may" computerName="ARPAN-LAP" duration="00:00:00.0174031" startTime="2014-06-29T14:49:54.3699084+05:30" endTime="2014-06-29T14:49:54.3879094+05:30" testType="13cdc9d9-ddb5-4fa4-a97d-d965ccfc6d4b" outcome="Passed" testListId="8c84fa94-04c1-424b-9868-57a2d4851a1d" relativeResultsDirectory="9758a936-72ad-4049-82c5-abb12920126c" dataRowInfo="17" resultType="DataDrivenDataRow" />
        <UnitTestResult executionId="31de8453-3178-4ecb-af6b-19682990dc16" parentExecutionId="9758a936-72ad-4049-82c5-abb12920126c" testId="8fe5ccb3-a3f4-0f61-ad21-e94ef029e900" testName="all_persons_modal_can_may" computerName="ARPAN-LAP" duration="00:00:00.0175827" startTime="2014-06-29T14:49:54.3879094+05:30" endTime="2014-06-29T14:49:54.4049104+05:30" testType="13cdc9d9-ddb5-4fa4-a97d-d965ccfc6d4b" outcome="Passed" testListId="8c84fa94-04c1-424b-9868-57a2d4851a1d" relativeResultsDirectory="9758a936-72ad-4049-82c5-abb12920126c" dataRowInfo="18" resultType="DataDrivenDataRow" />
        <UnitTestResult executionId="514a89ca-e6a5-4e38-9f3f-997d46a47f7d" parentExecutionId="9758a936-72ad-4049-82c5-abb12920126c" testId="8fe5ccb3-a3f4-0f61-ad21-e94ef029e900" testName="all_persons_modal_can_may" computerName="ARPAN-LAP" duration="00:00:00.0191646" startTime="2014-06-29T14:49:54.4059104+05:30" endTime="2014-06-29T14:49:54.4249115+05:30" testType="13cdc9d9-ddb5-4fa4-a97d-d965ccfc6d4b" outcome="Passed" testListId="8c84fa94-04c1-424b-9868-57a2d4851a1d" relativeResultsDirectory="9758a936-72ad-4049-82c5-abb12920126c" dataRowInfo="19" resultType="DataDrivenDataRow" />
        <UnitTestResult executionId="ee032302-b0ee-47b8-933e-687d4da6e60d" parentExecutionId="9758a936-72ad-4049-82c5-abb12920126c" testId="8fe5ccb3-a3f4-0f61-ad21-e94ef029e900" testName="all_persons_modal_can_may" computerName="ARPAN-LAP" duration="00:00:00.0237348" startTime="2014-06-29T14:49:54.4249115+05:30" endTime="2014-06-29T14:49:54.4479128+05:30" testType="13cdc9d9-ddb5-4fa4-a97d-d965ccfc6d4b" outcome="Passed" testListId="8c84fa94-04c1-424b-9868-57a2d4851a1d" relativeResultsDirectory="9758a936-72ad-4049-82c5-abb12920126c" dataRowInfo="20" resultType="DataDrivenDataRow" />
        <UnitTestResult executionId="746e37b7-8898-4214-aa3e-03f227df1d1a" parentExecutionId="9758a936-72ad-4049-82c5-abb12920126c" testId="8fe5ccb3-a3f4-0f61-ad21-e94ef029e900" testName="all_persons_modal_can_may" computerName="ARPAN-LAP" duration="00:00:00.0236537" startTime="2014-06-29T14:49:54.4479128+05:30" endTime="2014-06-29T14:49:54.4719142+05:30" testType="13cdc9d9-ddb5-4fa4-a97d-d965ccfc6d4b" outcome="Passed" testListId="8c84fa94-04c1-424b-9868-57a2d4851a1d" relativeResultsDirectory="9758a936-72ad-4049-82c5-abb12920126c" dataRowInfo="21" resultType="DataDrivenDataRow" />
        <UnitTestResult executionId="8e83b42d-9856-439c-9932-7d7f60cab7db" parentExecutionId="9758a936-72ad-4049-82c5-abb12920126c" testId="8fe5ccb3-a3f4-0f61-ad21-e94ef029e900" testName="all_persons_modal_can_may" computerName="ARPAN-LAP" duration="00:00:00.0226718" startTime="2014-06-29T14:49:54.4719142+05:30" endTime="2014-06-29T14:49:54.4949155+05:30" testType="13cdc9d9-ddb5-4fa4-a97d-d965ccfc6d4b" outcome="Passed" testListId="8c84fa94-04c1-424b-9868-57a2d4851a1d" relativeResultsDirectory="9758a936-72ad-4049-82c5-abb12920126c" dataRowInfo="22" resultType="DataDrivenDataRow" />
        <UnitTestResult executionId="610a81eb-d319-4eef-a6ee-38b3ea069d87" parentExecutionId="9758a936-72ad-4049-82c5-abb12920126c" testId="8fe5ccb3-a3f4-0f61-ad21-e94ef029e900" testName="all_persons_modal_can_may" computerName="ARPAN-LAP" duration="00:00:00.0221581" startTime="2014-06-29T14:49:54.4949155+05:30" endTime="2014-06-29T14:49:54.5169168+05:30" testType="13cdc9d9-ddb5-4fa4-a97d-d965ccfc6d4b" outcome="Passed" testListId="8c84fa94-04c1-424b-9868-57a2d4851a1d" relativeResultsDirectory="9758a936-72ad-4049-82c5-abb12920126c" dataRowInfo="23" resultType="DataDrivenDataRow" />
        <UnitTestResult executionId="bee778a2-ae50-45ba-b39a-22d4454c9068" parentExecutionId="9758a936-72ad-4049-82c5-abb12920126c" testId="8fe5ccb3-a3f4-0f61-ad21-e94ef029e900" testName="all_persons_modal_can_may" computerName="ARPAN-LAP" duration="00:00:00.0211484" startTime="2014-06-29T14:49:54.5169168+05:30" endTime="2014-06-29T14:49:54.5379180+05:30" testType="13cdc9d9-ddb5-4fa4-a97d-d965ccfc6d4b" outcome="Passed" testListId="8c84fa94-04c1-424b-9868-57a2d4851a1d" relativeResultsDirectory="9758a936-72ad-4049-82c5-abb12920126c" dataRowInfo="24" resultType="DataDrivenDataRow" />
        <UnitTestResult executionId="6ef1172d-ea7c-4e64-a090-08da71ce6e38" parentExecutionId="9758a936-72ad-4049-82c5-abb12920126c" testId="8fe5ccb3-a3f4-0f61-ad21-e94ef029e900" testName="all_persons_modal_can_may" computerName="ARPAN-LAP" duration="00:00:00.0209945" startTime="2014-06-29T14:49:54.5379180+05:30" endTime="2014-06-29T14:49:54.5589192+05:30" testType="13cdc9d9-ddb5-4fa4-a97d-d965ccfc6d4b" outcome="Passed" testListId="8c84fa94-04c1-424b-9868-57a2d4851a1d" relativeResultsDirectory="9758a936-72ad-4049-82c5-abb12920126c" dataRowInfo="25" resultType="DataDrivenDataRow" />
        <UnitTestResult executionId="d01d6fbe-d159-493a-aa68-d7b5ce6254fc" parentExecutionId="9758a936-72ad-4049-82c5-abb12920126c" testId="8fe5ccb3-a3f4-0f61-ad21-e94ef029e900" testName="all_persons_modal_can_may" computerName="ARPAN-LAP" duration="00:00:00.0214343" startTime="2014-06-29T14:49:54.5589192+05:30" endTime="2014-06-29T14:49:54.5809204+05:30" testType="13cdc9d9-ddb5-4fa4-a97d-d965ccfc6d4b" outcome="Passed" testListId="8c84fa94-04c1-424b-9868-57a2d4851a1d" relativeResultsDirectory="9758a936-72ad-4049-82c5-abb12920126c" dataRowInfo="26" resultType="DataDrivenDataRow" />
        <UnitTestResult executionId="e9a8e026-afb5-4153-aa86-e3ebaba9baac" parentExecutionId="9758a936-72ad-4049-82c5-abb12920126c" testId="8fe5ccb3-a3f4-0f61-ad21-e94ef029e900" testName="all_persons_modal_can_may" computerName="ARPAN-LAP" duration="00:00:00.0274330" startTime="2014-06-29T14:49:54.5809204+05:30" endTime="2014-06-29T14:49:54.6079220+05:30" testType="13cdc9d9-ddb5-4fa4-a97d-d965ccfc6d4b" outcome="Passed" testListId="8c84fa94-04c1-424b-9868-57a2d4851a1d" relativeResultsDirectory="9758a936-72ad-4049-82c5-abb12920126c" dataRowInfo="27" resultType="DataDrivenDataRow" />
        <UnitTestResult executionId="1a4d112b-2b6d-40dc-8373-3c50da4d921f" parentExecutionId="9758a936-72ad-4049-82c5-abb12920126c" testId="8fe5ccb3-a3f4-0f61-ad21-e94ef029e900" testName="all_persons_modal_can_may" computerName="ARPAN-LAP" duration="00:00:00.0291191" startTime="2014-06-29T14:49:54.6079220+05:30" endTime="2014-06-29T14:49:54.6369236+05:30" testType="13cdc9d9-ddb5-4fa4-a97d-d965ccfc6d4b" outcome="Passed" testListId="8c84fa94-04c1-424b-9868-57a2d4851a1d" relativeResultsDirectory="9758a936-72ad-4049-82c5-abb12920126c" dataRowInfo="28" resultType="DataDrivenDataRow" />
      </InnerResults>
    </UnitTestResult>
    <UnitTestResult executionId="587ec573-891f-49c2-8ce6-17323027426d" testId="921e6ab0-d7c2-6005-e523-6fd2d5e1a723" testName="first_person_tenses_active" computerName="ARPAN-LAP" duration="00:00:00.3260049" startTime="2014-06-29T14:49:54.7149281+05:30" endTime="2014-06-29T14:49:55.0809490+05:30" testType="13cdc9d9-ddb5-4fa4-a97d-d965ccfc6d4b" outcome="Passed" testListId="8c84fa94-04c1-424b-9868-57a2d4851a1d" relativeResultsDirectory="587ec573-891f-49c2-8ce6-17323027426d" resultType="DataDrivenTest">
      <Counters error="0" failed="0" timeout="0" aborted="0" inconclusive="0" passedButRunAborted="0" notRunnable="0" notExecuted="0" disconnected="0" warning="0" passed="10" completed="0" inProgress="0" pending="0" />
      <InnerResults>
        <UnitTestResult executionId="189f645f-ca6f-4250-b0ee-0230f3d37d78" parentExecutionId="587ec573-891f-49c2-8ce6-17323027426d" testId="921e6ab0-d7c2-6005-e523-6fd2d5e1a723" testName="first_person_tenses_active" computerName="ARPAN-LAP" duration="00:00:00.0337062" startTime="2014-06-29T14:49:54.7989329+05:30" endTime="2014-06-29T14:49:54.8329348+05:30" testType="13cdc9d9-ddb5-4fa4-a97d-d965ccfc6d4b" outcome="Passed" testListId="8c84fa94-04c1-424b-9868-57a2d4851a1d" relativeResultsDirectory="587ec573-891f-49c2-8ce6-17323027426d" dataRowInfo="0" resultType="DataDrivenDataRow" />
        <UnitTestResult executionId="c197b4c2-39bf-4f0a-9e40-22083937ef13" parentExecutionId="587ec573-891f-49c2-8ce6-17323027426d" testId="921e6ab0-d7c2-6005-e523-6fd2d5e1a723" testName="first_person_tenses_active" computerName="ARPAN-LAP" duration="00:00:00.0238462" startTime="2014-06-29T14:49:54.8329348+05:30" endTime="2014-06-29T14:49:54.8569362+05:30" testType="13cdc9d9-ddb5-4fa4-a97d-d965ccfc6d4b" outcome="Passed" testListId="8c84fa94-04c1-424b-9868-57a2d4851a1d" relativeResultsDirectory="587ec573-891f-49c2-8ce6-17323027426d" dataRowInfo="1" resultType="DataDrivenDataRow" />
        <UnitTestResult executionId="527b485c-70ef-4888-8f36-8208b4abde48" parentExecutionId="587ec573-891f-49c2-8ce6-17323027426d" testId="921e6ab0-d7c2-6005-e523-6fd2d5e1a723" testName="first_person_tenses_active" computerName="ARPAN-LAP" duration="00:00:00.0226031" startTime="2014-06-29T14:49:54.8569362+05:30" endTime="2014-06-29T14:49:54.8789375+05:30" testType="13cdc9d9-ddb5-4fa4-a97d-d965ccfc6d4b" outcome="Passed" testListId="8c84fa94-04c1-424b-9868-57a2d4851a1d" relativeResultsDirectory="587ec573-891f-49c2-8ce6-17323027426d" dataRowInfo="2" resultType="DataDrivenDataRow" />
        <UnitTestResult executionId="84b9055b-79e3-4b9e-972a-c3d6b52647ef" parentExecutionId="587ec573-891f-49c2-8ce6-17323027426d" testId="921e6ab0-d7c2-6005-e523-6fd2d5e1a723" testName="first_person_tenses_active" computerName="ARPAN-LAP" duration="00:00:00.0270239" startTime="2014-06-29T14:49:54.8789375+05:30" endTime="2014-06-29T14:49:54.9059390+05:30" testType="13cdc9d9-ddb5-4fa4-a97d-d965ccfc6d4b" outcome="Passed" testListId="8c84fa94-04c1-424b-9868-57a2d4851a1d" relativeResultsDirectory="587ec573-891f-49c2-8ce6-17323027426d" dataRowInfo="3" resultType="DataDrivenDataRow" />
        <UnitTestResult executionId="efc180f0-285e-4ecc-9e1c-c64337308fca" parentExecutionId="587ec573-891f-49c2-8ce6-17323027426d" testId="921e6ab0-d7c2-6005-e523-6fd2d5e1a723" testName="first_person_tenses_active" computerName="ARPAN-LAP" duration="00:00:00.0191590" startTime="2014-06-29T14:49:54.9059390+05:30" endTime="2014-06-29T14:49:54.9259402+05:30" testType="13cdc9d9-ddb5-4fa4-a97d-d965ccfc6d4b" outcome="Passed" testListId="8c84fa94-04c1-424b-9868-57a2d4851a1d" relativeResultsDirectory="587ec573-891f-49c2-8ce6-17323027426d" dataRowInfo="4" resultType="DataDrivenDataRow" />
        <UnitTestResult executionId="74657772-42b0-4462-bd25-8f6151bd5065" parentExecutionId="587ec573-891f-49c2-8ce6-17323027426d" testId="921e6ab0-d7c2-6005-e523-6fd2d5e1a723" testName="first_person_tenses_active" computerName="ARPAN-LAP" duration="00:00:00.0239206" startTime="2014-06-29T14:49:54.9259402+05:30" endTime="2014-06-29T14:49:54.9499415+05:30" testType="13cdc9d9-ddb5-4fa4-a97d-d965ccfc6d4b" outcome="Passed" testListId="8c84fa94-04c1-424b-9868-57a2d4851a1d" relativeResultsDirectory="587ec573-891f-49c2-8ce6-17323027426d" dataRowInfo="5" resultType="DataDrivenDataRow" />
        <UnitTestResult executionId="2093edd2-d300-4800-939f-860b1929823d" parentExecutionId="587ec573-891f-49c2-8ce6-17323027426d" testId="921e6ab0-d7c2-6005-e523-6fd2d5e1a723" testName="first_person_tenses_active" computerName="ARPAN-LAP" duration="00:00:00.0232539" startTime="2014-06-29T14:49:54.9499415+05:30" endTime="2014-06-29T14:49:54.9729428+05:30" testType="13cdc9d9-ddb5-4fa4-a97d-d965ccfc6d4b" outcome="Passed" testListId="8c84fa94-04c1-424b-9868-57a2d4851a1d" relativeResultsDirectory="587ec573-891f-49c2-8ce6-17323027426d" dataRowInfo="6" resultType="DataDrivenDataRow" />
        <UnitTestResult executionId="3ba44db2-0152-4099-99c6-527a8cdd4b2c" parentExecutionId="587ec573-891f-49c2-8ce6-17323027426d" testId="921e6ab0-d7c2-6005-e523-6fd2d5e1a723" testName="first_person_tenses_active" computerName="ARPAN-LAP" duration="00:00:00.0288306" startTime="2014-06-29T14:49:54.9729428+05:30" endTime="2014-06-29T14:49:55.0019445+05:30" testType="13cdc9d9-ddb5-4fa4-a97d-d965ccfc6d4b" outcome="Passed" testListId="8c84fa94-04c1-424b-9868-57a2d4851a1d" relativeResultsDirectory="587ec573-891f-49c2-8ce6-17323027426d" dataRowInfo="7" resultType="DataDrivenDataRow" />
        <UnitTestResult executionId="dab13ebf-9e9e-4409-9b9a-31f760889929" parentExecutionId="587ec573-891f-49c2-8ce6-17323027426d" testId="921e6ab0-d7c2-6005-e523-6fd2d5e1a723" testName="first_person_tenses_active" computerName="ARPAN-LAP" duration="00:00:00.0239160" startTime="2014-06-29T14:49:55.0019445+05:30" endTime="2014-06-29T14:49:55.0259459+05:30" testType="13cdc9d9-ddb5-4fa4-a97d-d965ccfc6d4b" outcome="Passed" testListId="8c84fa94-04c1-424b-9868-57a2d4851a1d" relativeResultsDirectory="587ec573-891f-49c2-8ce6-17323027426d" dataRowInfo="8" resultType="DataDrivenDataRow" />
        <UnitTestResult executionId="9f6e07ca-8c40-4c5b-94af-c7a6e8d47785" parentExecutionId="587ec573-891f-49c2-8ce6-17323027426d" testId="921e6ab0-d7c2-6005-e523-6fd2d5e1a723" testName="first_person_tenses_active" computerName="ARPAN-LAP" duration="00:00:00.0256709" startTime="2014-06-29T14:49:55.0259459+05:30" endTime="2014-06-29T14:49:55.0519474+05:30" testType="13cdc9d9-ddb5-4fa4-a97d-d965ccfc6d4b" outcome="Passed" testListId="8c84fa94-04c1-424b-9868-57a2d4851a1d" relativeResultsDirectory="587ec573-891f-49c2-8ce6-17323027426d" dataRowInfo="9" resultType="DataDrivenDataRow" />
      </InnerResults>
    </UnitTestResult>
    <UnitTestResult executionId="e0c9c637-258c-429d-9055-5fef17b977a7" testId="9319d01e-de3e-d310-c76e-cae8dce4c924" testName="all_persons_modal_should_negation" computerName="ARPAN-LAP" duration="00:00:00.4772595" startTime="2014-06-29T14:49:55.0849493+05:30" endTime="2014-06-29T14:49:55.6159796+05:30" testType="13cdc9d9-ddb5-4fa4-a97d-d965ccfc6d4b" outcome="Passed" testListId="8c84fa94-04c1-424b-9868-57a2d4851a1d" relativeResultsDirectory="e0c9c637-258c-429d-9055-5fef17b977a7" resultType="DataDrivenTest">
      <Counters error="0" failed="0" timeout="0" aborted="0" inconclusive="0" passedButRunAborted="0" notRunnable="0" notExecuted="0" disconnected="0" warning="0" passed="17" completed="0" inProgress="0" pending="0" />
      <InnerResults>
        <UnitTestResult executionId="133c0806-f414-4d23-9cda-beae7ab6e733" parentExecutionId="e0c9c637-258c-429d-9055-5fef17b977a7" testId="9319d01e-de3e-d310-c76e-cae8dce4c924" testName="all_persons_modal_should_negation" computerName="ARPAN-LAP" duration="00:00:00.0236204" startTime="2014-06-29T14:49:55.1119508+05:30" endTime="2014-06-29T14:49:55.1349521+05:30" testType="13cdc9d9-ddb5-4fa4-a97d-d965ccfc6d4b" outcome="Passed" testListId="8c84fa94-04c1-424b-9868-57a2d4851a1d" relativeResultsDirectory="e0c9c637-258c-429d-9055-5fef17b977a7" dataRowInfo="0" resultType="DataDrivenDataRow" />
        <UnitTestResult executionId="6838e281-17bd-4341-afbc-4c984ce5f636" parentExecutionId="e0c9c637-258c-429d-9055-5fef17b977a7" testId="9319d01e-de3e-d310-c76e-cae8dce4c924" testName="all_persons_modal_should_negation" computerName="ARPAN-LAP" duration="00:00:00.0298983" startTime="2014-06-29T14:49:55.1349521+05:30" endTime="2014-06-29T14:49:55.1649538+05:30" testType="13cdc9d9-ddb5-4fa4-a97d-d965ccfc6d4b" outcome="Passed" testListId="8c84fa94-04c1-424b-9868-57a2d4851a1d" relativeResultsDirectory="e0c9c637-258c-429d-9055-5fef17b977a7" dataRowInfo="1" resultType="DataDrivenDataRow" />
        <UnitTestResult executionId="451d47dc-9ad9-46f8-9075-746f2a93957d" parentExecutionId="e0c9c637-258c-429d-9055-5fef17b977a7" testId="9319d01e-de3e-d310-c76e-cae8dce4c924" testName="all_persons_modal_should_negation" computerName="ARPAN-LAP" duration="00:00:00.0294029" startTime="2014-06-29T14:49:55.1649538+05:30" endTime="2014-06-29T14:49:55.1949555+05:30" testType="13cdc9d9-ddb5-4fa4-a97d-d965ccfc6d4b" outcome="Passed" testListId="8c84fa94-04c1-424b-9868-57a2d4851a1d" relativeResultsDirectory="e0c9c637-258c-429d-9055-5fef17b977a7" dataRowInfo="2" resultType="DataDrivenDataRow" />
        <UnitTestResult executionId="405c328a-75b7-4639-b0d8-1ce1a365541f" parentExecutionId="e0c9c637-258c-429d-9055-5fef17b977a7" testId="9319d01e-de3e-d310-c76e-cae8dce4c924" testName="all_persons_modal_should_negation" computerName="ARPAN-LAP" duration="00:00:00.0323794" startTime="2014-06-29T14:49:55.1949555+05:30" endTime="2014-06-29T14:49:55.2269574+05:30" testType="13cdc9d9-ddb5-4fa4-a97d-d965ccfc6d4b" outcome="Passed" testListId="8c84fa94-04c1-424b-9868-57a2d4851a1d" relativeResultsDirectory="e0c9c637-258c-429d-9055-5fef17b977a7" dataRowInfo="3" resultType="DataDrivenDataRow" />
        <UnitTestResult executionId="8da406e9-6cd2-4f65-bff9-d31412982b39" parentExecutionId="e0c9c637-258c-429d-9055-5fef17b977a7" testId="9319d01e-de3e-d310-c76e-cae8dce4c924" testName="all_persons_modal_should_negation" computerName="ARPAN-LAP" duration="00:00:00.0193617" startTime="2014-06-29T14:49:55.2269574+05:30" endTime="2014-06-29T14:49:55.2459585+05:30" testType="13cdc9d9-ddb5-4fa4-a97d-d965ccfc6d4b" outcome="Passed" testListId="8c84fa94-04c1-424b-9868-57a2d4851a1d" relativeResultsDirectory="e0c9c637-258c-429d-9055-5fef17b977a7" dataRowInfo="4" resultType="DataDrivenDataRow" />
        <UnitTestResult executionId="d08c6008-2753-4932-9dc4-6664c8a6f52a" parentExecutionId="e0c9c637-258c-429d-9055-5fef17b977a7" testId="9319d01e-de3e-d310-c76e-cae8dce4c924" testName="all_persons_modal_should_negation" computerName="ARPAN-LAP" duration="00:00:00.0239894" startTime="2014-06-29T14:49:55.2459585+05:30" endTime="2014-06-29T14:49:55.2699598+05:30" testType="13cdc9d9-ddb5-4fa4-a97d-d965ccfc6d4b" outcome="Passed" testListId="8c84fa94-04c1-424b-9868-57a2d4851a1d" relativeResultsDirectory="e0c9c637-258c-429d-9055-5fef17b977a7" dataRowInfo="5" resultType="DataDrivenDataRow" />
        <UnitTestResult executionId="0c4cfc93-ef0e-4ecf-91d4-c90cd6a3eb95" parentExecutionId="e0c9c637-258c-429d-9055-5fef17b977a7" testId="9319d01e-de3e-d310-c76e-cae8dce4c924" testName="all_persons_modal_should_negation" computerName="ARPAN-LAP" duration="00:00:00.0272790" startTime="2014-06-29T14:49:55.2709599+05:30" endTime="2014-06-29T14:49:55.2979614+05:30" testType="13cdc9d9-ddb5-4fa4-a97d-d965ccfc6d4b" outcome="Passed" testListId="8c84fa94-04c1-424b-9868-57a2d4851a1d" relativeResultsDirectory="e0c9c637-258c-429d-9055-5fef17b977a7" dataRowInfo="6" resultType="DataDrivenDataRow" />
        <UnitTestResult executionId="169e55a1-6018-49d2-9afd-c2dcae7c0c44" parentExecutionId="e0c9c637-258c-429d-9055-5fef17b977a7" testId="9319d01e-de3e-d310-c76e-cae8dce4c924" testName="all_persons_modal_should_negation" computerName="ARPAN-LAP" duration="00:00:00.0301995" startTime="2014-06-29T14:49:55.2979614+05:30" endTime="2014-06-29T14:49:55.3279632+05:30" testType="13cdc9d9-ddb5-4fa4-a97d-d965ccfc6d4b" outcome="Passed" testListId="8c84fa94-04c1-424b-9868-57a2d4851a1d" relativeResultsDirectory="e0c9c637-258c-429d-9055-5fef17b977a7" dataRowInfo="7" resultType="DataDrivenDataRow" />
        <UnitTestResult executionId="85f2dc1e-ec71-47b2-bd69-6c0a4e5279e1" parentExecutionId="e0c9c637-258c-429d-9055-5fef17b977a7" testId="9319d01e-de3e-d310-c76e-cae8dce4c924" testName="all_persons_modal_should_negation" computerName="ARPAN-LAP" duration="00:00:00.0213758" startTime="2014-06-29T14:49:55.3279632+05:30" endTime="2014-06-29T14:49:55.3499644+05:30" testType="13cdc9d9-ddb5-4fa4-a97d-d965ccfc6d4b" outcome="Passed" testListId="8c84fa94-04c1-424b-9868-57a2d4851a1d" relativeResultsDirectory="e0c9c637-258c-429d-9055-5fef17b977a7" dataRowInfo="8" resultType="DataDrivenDataRow" />
        <UnitTestResult executionId="ce462ece-cf4a-4772-9eb3-cd56cc44dfd9" parentExecutionId="e0c9c637-258c-429d-9055-5fef17b977a7" testId="9319d01e-de3e-d310-c76e-cae8dce4c924" testName="all_persons_modal_should_negation" computerName="ARPAN-LAP" duration="00:00:00.0255072" startTime="2014-06-29T14:49:55.3499644+05:30" endTime="2014-06-29T14:49:55.3749658+05:30" testType="13cdc9d9-ddb5-4fa4-a97d-d965ccfc6d4b" outcome="Passed" testListId="8c84fa94-04c1-424b-9868-57a2d4851a1d" relativeResultsDirectory="e0c9c637-258c-429d-9055-5fef17b977a7" dataRowInfo="9" resultType="DataDrivenDataRow" />
        <UnitTestResult executionId="e01b13a5-8a2b-4eaf-9911-9d74f681181b" parentExecutionId="e0c9c637-258c-429d-9055-5fef17b977a7" testId="9319d01e-de3e-d310-c76e-cae8dce4c924" testName="all_persons_modal_should_negation" computerName="ARPAN-LAP" duration="00:00:00.0255642" startTime="2014-06-29T14:49:55.3749658+05:30" endTime="2014-06-29T14:49:55.4009673+05:30" testType="13cdc9d9-ddb5-4fa4-a97d-d965ccfc6d4b" outcome="Passed" testListId="8c84fa94-04c1-424b-9868-57a2d4851a1d" relativeResultsDirectory="e0c9c637-258c-429d-9055-5fef17b977a7" dataRowInfo="10" resultType="DataDrivenDataRow" />
        <UnitTestResult executionId="fbec6c18-1e4e-4286-8da2-19e04f606016" parentExecutionId="e0c9c637-258c-429d-9055-5fef17b977a7" testId="9319d01e-de3e-d310-c76e-cae8dce4c924" testName="all_persons_modal_should_negation" computerName="ARPAN-LAP" duration="00:00:00.0299650" startTime="2014-06-29T14:49:55.4009673+05:30" endTime="2014-06-29T14:49:55.4309690+05:30" testType="13cdc9d9-ddb5-4fa4-a97d-d965ccfc6d4b" outcome="Passed" testListId="8c84fa94-04c1-424b-9868-57a2d4851a1d" relativeResultsDirectory="e0c9c637-258c-429d-9055-5fef17b977a7" dataRowInfo="11" resultType="DataDrivenDataRow" />
        <UnitTestResult executionId="63462c1b-6e61-4074-b968-38c416c7d7ab" parentExecutionId="e0c9c637-258c-429d-9055-5fef17b977a7" testId="9319d01e-de3e-d310-c76e-cae8dce4c924" testName="all_persons_modal_should_negation" computerName="ARPAN-LAP" duration="00:00:00.0282542" startTime="2014-06-29T14:49:55.4309690+05:30" endTime="2014-06-29T14:49:55.4589706+05:30" testType="13cdc9d9-ddb5-4fa4-a97d-d965ccfc6d4b" outcome="Passed" testListId="8c84fa94-04c1-424b-9868-57a2d4851a1d" relativeResultsDirectory="e0c9c637-258c-429d-9055-5fef17b977a7" dataRowInfo="12" resultType="DataDrivenDataRow" />
        <UnitTestResult executionId="a378147c-0c1c-445c-bc23-e4eeb474caca" parentExecutionId="e0c9c637-258c-429d-9055-5fef17b977a7" testId="9319d01e-de3e-d310-c76e-cae8dce4c924" testName="all_persons_modal_should_negation" computerName="ARPAN-LAP" duration="00:00:00.0265445" startTime="2014-06-29T14:49:55.4589706+05:30" endTime="2014-06-29T14:49:55.4859722+05:30" testType="13cdc9d9-ddb5-4fa4-a97d-d965ccfc6d4b" outcome="Passed" testListId="8c84fa94-04c1-424b-9868-57a2d4851a1d" relativeResultsDirectory="e0c9c637-258c-429d-9055-5fef17b977a7" dataRowInfo="13" resultType="DataDrivenDataRow" />
        <UnitTestResult executionId="d6fde1d3-ad54-4ad9-a1eb-df0d76017e81" parentExecutionId="e0c9c637-258c-429d-9055-5fef17b977a7" testId="9319d01e-de3e-d310-c76e-cae8dce4c924" testName="all_persons_modal_should_negation" computerName="ARPAN-LAP" duration="00:00:00.0275197" startTime="2014-06-29T14:49:55.4859722+05:30" endTime="2014-06-29T14:49:55.5129737+05:30" testType="13cdc9d9-ddb5-4fa4-a97d-d965ccfc6d4b" outcome="Passed" testListId="8c84fa94-04c1-424b-9868-57a2d4851a1d" relativeResultsDirectory="e0c9c637-258c-429d-9055-5fef17b977a7" dataRowInfo="14" resultType="DataDrivenDataRow" />
        <UnitTestResult executionId="6105d112-8c3e-4d29-9e21-364d6358659e" parentExecutionId="e0c9c637-258c-429d-9055-5fef17b977a7" testId="9319d01e-de3e-d310-c76e-cae8dce4c924" testName="all_persons_modal_should_negation" computerName="ARPAN-LAP" duration="00:00:00.0260020" startTime="2014-06-29T14:49:55.5129737+05:30" endTime="2014-06-29T14:49:55.5389752+05:30" testType="13cdc9d9-ddb5-4fa4-a97d-d965ccfc6d4b" outcome="Passed" testListId="8c84fa94-04c1-424b-9868-57a2d4851a1d" relativeResultsDirectory="e0c9c637-258c-429d-9055-5fef17b977a7" dataRowInfo="15" resultType="DataDrivenDataRow" />
        <UnitTestResult executionId="bfdd8d8c-27d1-416f-8f8b-0e893fc247e3" parentExecutionId="e0c9c637-258c-429d-9055-5fef17b977a7" testId="9319d01e-de3e-d310-c76e-cae8dce4c924" testName="all_persons_modal_should_negation" computerName="ARPAN-LAP" duration="00:00:00.0302729" startTime="2014-06-29T14:49:55.5389752+05:30" endTime="2014-06-29T14:49:55.5699770+05:30" testType="13cdc9d9-ddb5-4fa4-a97d-d965ccfc6d4b" outcome="Passed" testListId="8c84fa94-04c1-424b-9868-57a2d4851a1d" relativeResultsDirectory="e0c9c637-258c-429d-9055-5fef17b977a7" dataRowInfo="16" resultType="DataDrivenDataRow" />
      </InnerResults>
    </UnitTestResult>
    <UnitTestResult executionId="171f391c-f307-4f24-8da4-22aec14adb4e" testId="97a1371f-e8e6-db3e-323e-49ffeef32df1" testName="interrogative_sentences_which" computerName="ARPAN-LAP" duration="00:00:00.0495721" startTime="2014-06-29T14:49:55.6259802+05:30" endTime="2014-06-29T14:49:55.6909839+05:30" testType="13cdc9d9-ddb5-4fa4-a97d-d965ccfc6d4b" outcome="Passed" testListId="8c84fa94-04c1-424b-9868-57a2d4851a1d" relativeResultsDirectory="171f391c-f307-4f24-8da4-22aec14adb4e" resultType="DataDrivenTest">
      <Counters error="0" failed="0" timeout="0" aborted="0" inconclusive="0" passedButRunAborted="0" notRunnable="0" notExecuted="0" disconnected="0" warning="0" passed="2" completed="0" inProgress="0" pending="0" />
      <InnerResults>
        <UnitTestResult executionId="6b8fd1ac-cc05-4d34-8dd4-a6156a59b02d" parentExecutionId="171f391c-f307-4f24-8da4-22aec14adb4e" testId="97a1371f-e8e6-db3e-323e-49ffeef32df1" testName="interrogative_sentences_which" computerName="ARPAN-LAP" duration="00:00:00.0228530" startTime="2014-06-29T14:49:55.6339807+05:30" endTime="2014-06-29T14:49:55.6569820+05:30" testType="13cdc9d9-ddb5-4fa4-a97d-d965ccfc6d4b" outcome="Passed" testListId="8c84fa94-04c1-424b-9868-57a2d4851a1d" relativeResultsDirectory="171f391c-f307-4f24-8da4-22aec14adb4e" dataRowInfo="0" resultType="DataDrivenDataRow" />
        <UnitTestResult executionId="27cffe96-d397-464a-a6c6-f92489364208" parentExecutionId="171f391c-f307-4f24-8da4-22aec14adb4e" testId="97a1371f-e8e6-db3e-323e-49ffeef32df1" testName="interrogative_sentences_which" computerName="ARPAN-LAP" duration="00:00:00.0249800" startTime="2014-06-29T14:49:55.6569820+05:30" endTime="2014-06-29T14:49:55.6819834+05:30" testType="13cdc9d9-ddb5-4fa4-a97d-d965ccfc6d4b" outcome="Passed" testListId="8c84fa94-04c1-424b-9868-57a2d4851a1d" relativeResultsDirectory="171f391c-f307-4f24-8da4-22aec14adb4e" dataRowInfo="1" resultType="DataDrivenDataRow" />
      </InnerResults>
    </UnitTestResult>
    <UnitTestResult executionId="0947dc45-04eb-4c0d-9594-9853261cf70c" testId="b9261b51-b0a2-10e2-9308-22bb2624de8b" testName="interrogative_sentences_where" computerName="ARPAN-LAP" duration="00:00:00.1091716" startTime="2014-06-29T14:49:55.6929840+05:30" endTime="2014-06-29T14:49:55.8189912+05:30" testType="13cdc9d9-ddb5-4fa4-a97d-d965ccfc6d4b" outcome="Passed" testListId="8c84fa94-04c1-424b-9868-57a2d4851a1d" relativeResultsDirectory="0947dc45-04eb-4c0d-9594-9853261cf70c" resultType="DataDrivenTest">
      <Counters error="0" failed="0" timeout="0" aborted="0" inconclusive="0" passedButRunAborted="0" notRunnable="0" notExecuted="0" disconnected="0" warning="0" passed="3" completed="0" inProgress="0" pending="0" />
      <InnerResults>
        <UnitTestResult executionId="76f883a9-da88-44a8-95b4-9098df173dfe" parentExecutionId="0947dc45-04eb-4c0d-9594-9853261cf70c" testId="b9261b51-b0a2-10e2-9308-22bb2624de8b" testName="interrogative_sentences_where" computerName="ARPAN-LAP" duration="00:00:00.0234762" startTime="2014-06-29T14:49:55.7109851+05:30" endTime="2014-06-29T14:49:55.7349864+05:30" testType="13cdc9d9-ddb5-4fa4-a97d-d965ccfc6d4b" outcome="Passed" testListId="8c84fa94-04c1-424b-9868-57a2d4851a1d" relativeResultsDirectory="0947dc45-04eb-4c0d-9594-9853261cf70c" dataRowInfo="0" resultType="DataDrivenDataRow" />
        <UnitTestResult executionId="1609af0d-7c74-4a86-aa89-c60fabc97632" parentExecutionId="0947dc45-04eb-4c0d-9594-9853261cf70c" testId="b9261b51-b0a2-10e2-9308-22bb2624de8b" testName="interrogative_sentences_where" computerName="ARPAN-LAP" duration="00:00:00.0424396" startTime="2014-06-29T14:49:55.7349864+05:30" endTime="2014-06-29T14:49:55.7769888+05:30" testType="13cdc9d9-ddb5-4fa4-a97d-d965ccfc6d4b" outcome="Passed" testListId="8c84fa94-04c1-424b-9868-57a2d4851a1d" relativeResultsDirectory="0947dc45-04eb-4c0d-9594-9853261cf70c" dataRowInfo="1" resultType="DataDrivenDataRow" />
        <UnitTestResult executionId="36273946-0f47-4489-a67d-d212dad0b74f" parentExecutionId="0947dc45-04eb-4c0d-9594-9853261cf70c" testId="b9261b51-b0a2-10e2-9308-22bb2624de8b" testName="interrogative_sentences_where" computerName="ARPAN-LAP" duration="00:00:00.0298613" startTime="2014-06-29T14:49:55.7769888+05:30" endTime="2014-06-29T14:49:55.8069906+05:30" testType="13cdc9d9-ddb5-4fa4-a97d-d965ccfc6d4b" outcome="Passed" testListId="8c84fa94-04c1-424b-9868-57a2d4851a1d" relativeResultsDirectory="0947dc45-04eb-4c0d-9594-9853261cf70c" dataRowInfo="2" resultType="DataDrivenDataRow" />
      </InnerResults>
    </UnitTestResult>
    <UnitTestResult executionId="476a0414-9cca-4aa2-9833-fdb49c14c19b" testId="bdfe92b2-f4ac-73a5-f13d-5c1ea13721b4" testName="all_persons_tenses_passive_negation" computerName="ARPAN-LAP" duration="00:00:00.2901008" startTime="2014-06-29T14:49:55.8209914+05:30" endTime="2014-06-29T14:49:56.1450099+05:30" testType="13cdc9d9-ddb5-4fa4-a97d-d965ccfc6d4b" outcome="Passed" testListId="8c84fa94-04c1-424b-9868-57a2d4851a1d" relativeResultsDirectory="476a0414-9cca-4aa2-9833-fdb49c14c19b" resultType="DataDrivenTest">
      <Counters error="0" failed="0" timeout="0" aborted="0" inconclusive="0" passedButRunAborted="0" notRunnable="0" notExecuted="0" disconnected="0" warning="0" passed="10" completed="0" inProgress="0" pending="0" />
      <InnerResults>
        <UnitTestResult executionId="19050881-9f82-49f8-91b4-bb25925a7a08" parentExecutionId="476a0414-9cca-4aa2-9833-fdb49c14c19b" testId="bdfe92b2-f4ac-73a5-f13d-5c1ea13721b4" testName="all_persons_tenses_passive_negation" computerName="ARPAN-LAP" duration="00:00:00.0231605" startTime="2014-06-29T14:49:55.8279918+05:30" endTime="2014-06-29T14:49:55.8519931+05:30" testType="13cdc9d9-ddb5-4fa4-a97d-d965ccfc6d4b" outcome="Passed" testListId="8c84fa94-04c1-424b-9868-57a2d4851a1d" relativeResultsDirectory="476a0414-9cca-4aa2-9833-fdb49c14c19b" dataRowInfo="0" resultType="DataDrivenDataRow" />
        <UnitTestResult executionId="619a3b48-7d68-4a69-8926-e6f3461daa6d" parentExecutionId="476a0414-9cca-4aa2-9833-fdb49c14c19b" testId="bdfe92b2-f4ac-73a5-f13d-5c1ea13721b4" testName="all_persons_tenses_passive_negation" computerName="ARPAN-LAP" duration="00:00:00.0276362" startTime="2014-06-29T14:49:55.8519931+05:30" endTime="2014-06-29T14:49:55.8789947+05:30" testType="13cdc9d9-ddb5-4fa4-a97d-d965ccfc6d4b" outcome="Passed" testListId="8c84fa94-04c1-424b-9868-57a2d4851a1d" relativeResultsDirectory="476a0414-9cca-4aa2-9833-fdb49c14c19b" dataRowInfo="1" resultType="DataDrivenDataRow" />
        <UnitTestResult executionId="deff2397-1a25-4f12-918e-28bf61e51c9a" parentExecutionId="476a0414-9cca-4aa2-9833-fdb49c14c19b" testId="bdfe92b2-f4ac-73a5-f13d-5c1ea13721b4" testName="all_persons_tenses_passive_negation" computerName="ARPAN-LAP" duration="00:00:00.0286300" startTime="2014-06-29T14:49:55.8789947+05:30" endTime="2014-06-29T14:49:55.9079963+05:30" testType="13cdc9d9-ddb5-4fa4-a97d-d965ccfc6d4b" outcome="Passed" testListId="8c84fa94-04c1-424b-9868-57a2d4851a1d" relativeResultsDirectory="476a0414-9cca-4aa2-9833-fdb49c14c19b" dataRowInfo="2" resultType="DataDrivenDataRow" />
        <UnitTestResult executionId="8946202d-9eae-4eca-9ccb-0fc2936629db" parentExecutionId="476a0414-9cca-4aa2-9833-fdb49c14c19b" testId="bdfe92b2-f4ac-73a5-f13d-5c1ea13721b4" testName="all_persons_tenses_passive_negation" computerName="ARPAN-LAP" duration="00:00:00.0343786" startTime="2014-06-29T14:49:55.9079963+05:30" endTime="2014-06-29T14:49:55.9419983+05:30" testType="13cdc9d9-ddb5-4fa4-a97d-d965ccfc6d4b" outcome="Passed" testListId="8c84fa94-04c1-424b-9868-57a2d4851a1d" relativeResultsDirectory="476a0414-9cca-4aa2-9833-fdb49c14c19b" dataRowInfo="3" resultType="DataDrivenDataRow" />
        <UnitTestResult executionId="94803c61-79a6-4a20-a97b-eff101e398f3" parentExecutionId="476a0414-9cca-4aa2-9833-fdb49c14c19b" testId="bdfe92b2-f4ac-73a5-f13d-5c1ea13721b4" testName="all_persons_tenses_passive_negation" computerName="ARPAN-LAP" duration="00:00:00.0222653" startTime="2014-06-29T14:49:55.9419983+05:30" endTime="2014-06-29T14:49:55.9649996+05:30" testType="13cdc9d9-ddb5-4fa4-a97d-d965ccfc6d4b" outcome="Passed" testListId="8c84fa94-04c1-424b-9868-57a2d4851a1d" relativeResultsDirectory="476a0414-9cca-4aa2-9833-fdb49c14c19b" dataRowInfo="4" resultType="DataDrivenDataRow" />
        <UnitTestResult executionId="5132cbc0-bf6f-4d77-ac31-bb5f0b2afdc8" parentExecutionId="476a0414-9cca-4aa2-9833-fdb49c14c19b" testId="bdfe92b2-f4ac-73a5-f13d-5c1ea13721b4" testName="all_persons_tenses_passive_negation" computerName="ARPAN-LAP" duration="00:00:00.0265722" startTime="2014-06-29T14:49:55.9649996+05:30" endTime="2014-06-29T14:49:55.9910011+05:30" testType="13cdc9d9-ddb5-4fa4-a97d-d965ccfc6d4b" outcome="Passed" testListId="8c84fa94-04c1-424b-9868-57a2d4851a1d" relativeResultsDirectory="476a0414-9cca-4aa2-9833-fdb49c14c19b" dataRowInfo="5" resultType="DataDrivenDataRow" />
        <UnitTestResult executionId="48f0184a-4448-45a1-9dda-1a2e42ccbcdf" parentExecutionId="476a0414-9cca-4aa2-9833-fdb49c14c19b" testId="bdfe92b2-f4ac-73a5-f13d-5c1ea13721b4" testName="all_persons_tenses_passive_negation" computerName="ARPAN-LAP" duration="00:00:00.0270393" startTime="2014-06-29T14:49:55.9910011+05:30" endTime="2014-06-29T14:49:56.0180026+05:30" testType="13cdc9d9-ddb5-4fa4-a97d-d965ccfc6d4b" outcome="Passed" testListId="8c84fa94-04c1-424b-9868-57a2d4851a1d" relativeResultsDirectory="476a0414-9cca-4aa2-9833-fdb49c14c19b" dataRowInfo="6" resultType="DataDrivenDataRow" />
        <UnitTestResult executionId="04b5486f-f3a2-4f7f-99a2-8152d9ee19dd" parentExecutionId="476a0414-9cca-4aa2-9833-fdb49c14c19b" testId="bdfe92b2-f4ac-73a5-f13d-5c1ea13721b4" testName="all_persons_tenses_passive_negation" computerName="ARPAN-LAP" duration="00:00:00.0326386" startTime="2014-06-29T14:49:56.0180026+05:30" endTime="2014-06-29T14:49:56.0510045+05:30" testType="13cdc9d9-ddb5-4fa4-a97d-d965ccfc6d4b" outcome="Passed" testListId="8c84fa94-04c1-424b-9868-57a2d4851a1d" relativeResultsDirectory="476a0414-9cca-4aa2-9833-fdb49c14c19b" dataRowInfo="7" resultType="DataDrivenDataRow" />
        <UnitTestResult executionId="1d0e05ee-f49d-4487-a964-c686cdacc948" parentExecutionId="476a0414-9cca-4aa2-9833-fdb49c14c19b" testId="bdfe92b2-f4ac-73a5-f13d-5c1ea13721b4" testName="all_persons_tenses_passive_negation" computerName="ARPAN-LAP" duration="00:00:00.0312328" startTime="2014-06-29T14:49:56.0510045+05:30" endTime="2014-06-29T14:49:56.0820063+05:30" testType="13cdc9d9-ddb5-4fa4-a97d-d965ccfc6d4b" outcome="Passed" testListId="8c84fa94-04c1-424b-9868-57a2d4851a1d" relativeResultsDirectory="476a0414-9cca-4aa2-9833-fdb49c14c19b" dataRowInfo="8" resultType="DataDrivenDataRow" />
        <UnitTestResult executionId="4194d84e-c0cc-40e2-b32e-2c7fac8e4801" parentExecutionId="476a0414-9cca-4aa2-9833-fdb49c14c19b" testId="bdfe92b2-f4ac-73a5-f13d-5c1ea13721b4" testName="all_persons_tenses_passive_negation" computerName="ARPAN-LAP" duration="00:00:00.0338202" startTime="2014-06-29T14:49:56.0820063+05:30" endTime="2014-06-29T14:49:56.1160082+05:30" testType="13cdc9d9-ddb5-4fa4-a97d-d965ccfc6d4b" outcome="Passed" testListId="8c84fa94-04c1-424b-9868-57a2d4851a1d" relativeResultsDirectory="476a0414-9cca-4aa2-9833-fdb49c14c19b" dataRowInfo="9" resultType="DataDrivenDataRow" />
      </InnerResults>
    </UnitTestResult>
    <UnitTestResult executionId="9c1e5e6e-31aa-4b08-a4a4-085927dfcd9b" testId="c79146bc-2376-961a-5de9-441b5dfc7188" testName="auxiliary_verbs_as_main_verbs" computerName="ARPAN-LAP" duration="00:00:00.7642915" startTime="2014-06-29T14:49:56.1500102+05:30" endTime="2014-06-29T14:49:56.9870580+05:30" testType="13cdc9d9-ddb5-4fa4-a97d-d965ccfc6d4b" outcome="Passed" testListId="8c84fa94-04c1-424b-9868-57a2d4851a1d" relativeResultsDirectory="9c1e5e6e-31aa-4b08-a4a4-085927dfcd9b" resultType="DataDrivenTest">
      <Counters error="0" failed="0" timeout="0" aborted="0" inconclusive="0" passedButRunAborted="0" notRunnable="0" notExecuted="0" disconnected="0" warning="0" passed="25" completed="0" inProgress="0" pending="0" />
      <InnerResults>
        <UnitTestResult executionId="d851dbaa-ddb3-43a3-94e6-d35832d3f0e4" parentExecutionId="9c1e5e6e-31aa-4b08-a4a4-085927dfcd9b" testId="c79146bc-2376-961a-5de9-441b5dfc7188" testName="auxiliary_verbs_as_main_verbs" computerName="ARPAN-LAP" duration="00:00:00.0451302" startTime="2014-06-29T14:49:56.2720171+05:30" endTime="2014-06-29T14:49:56.3170197+05:30" testType="13cdc9d9-ddb5-4fa4-a97d-d965ccfc6d4b" outcome="Passed" testListId="8c84fa94-04c1-424b-9868-57a2d4851a1d" relativeResultsDirectory="9c1e5e6e-31aa-4b08-a4a4-085927dfcd9b" dataRowInfo="0" resultType="DataDrivenDataRow" />
        <UnitTestResult executionId="a272c355-3e69-48b3-9cf8-e4060a85d70d" parentExecutionId="9c1e5e6e-31aa-4b08-a4a4-085927dfcd9b" testId="c79146bc-2376-961a-5de9-441b5dfc7188" testName="auxiliary_verbs_as_main_verbs" computerName="ARPAN-LAP" duration="00:00:00.0266148" startTime="2014-06-29T14:49:56.3170197+05:30" endTime="2014-06-29T14:49:56.3440213+05:30" testType="13cdc9d9-ddb5-4fa4-a97d-d965ccfc6d4b" outcome="Passed" testListId="8c84fa94-04c1-424b-9868-57a2d4851a1d" relativeResultsDirectory="9c1e5e6e-31aa-4b08-a4a4-085927dfcd9b" dataRowInfo="1" resultType="DataDrivenDataRow" />
        <UnitTestResult executionId="929e4141-0d12-48c9-8f55-a15ec0c04e7f" parentExecutionId="9c1e5e6e-31aa-4b08-a4a4-085927dfcd9b" testId="c79146bc-2376-961a-5de9-441b5dfc7188" testName="auxiliary_verbs_as_main_verbs" computerName="ARPAN-LAP" duration="00:00:00.0315931" startTime="2014-06-29T14:49:56.3440213+05:30" endTime="2014-06-29T14:49:56.3750230+05:30" testType="13cdc9d9-ddb5-4fa4-a97d-d965ccfc6d4b" outcome="Passed" testListId="8c84fa94-04c1-424b-9868-57a2d4851a1d" relativeResultsDirectory="9c1e5e6e-31aa-4b08-a4a4-085927dfcd9b" dataRowInfo="2" resultType="DataDrivenDataRow" />
        <UnitTestResult executionId="b18b3ce5-8448-4695-a5d4-59feee32e24f" parentExecutionId="9c1e5e6e-31aa-4b08-a4a4-085927dfcd9b" testId="c79146bc-2376-961a-5de9-441b5dfc7188" testName="auxiliary_verbs_as_main_verbs" computerName="ARPAN-LAP" duration="00:00:00.0341728" startTime="2014-06-29T14:49:56.3750230+05:30" endTime="2014-06-29T14:49:56.4100250+05:30" testType="13cdc9d9-ddb5-4fa4-a97d-d965ccfc6d4b" outcome="Passed" testListId="8c84fa94-04c1-424b-9868-57a2d4851a1d" relativeResultsDirectory="9c1e5e6e-31aa-4b08-a4a4-085927dfcd9b" dataRowInfo="3" resultType="DataDrivenDataRow" />
        <UnitTestResult executionId="1f57c554-21f3-4c7b-b508-6d6fc373558a" parentExecutionId="9c1e5e6e-31aa-4b08-a4a4-085927dfcd9b" testId="c79146bc-2376-961a-5de9-441b5dfc7188" testName="auxiliary_verbs_as_main_verbs" computerName="ARPAN-LAP" duration="00:00:00.0304428" startTime="2014-06-29T14:49:56.4100250+05:30" endTime="2014-06-29T14:49:56.4400268+05:30" testType="13cdc9d9-ddb5-4fa4-a97d-d965ccfc6d4b" outcome="Passed" testListId="8c84fa94-04c1-424b-9868-57a2d4851a1d" relativeResultsDirectory="9c1e5e6e-31aa-4b08-a4a4-085927dfcd9b" dataRowInfo="4" resultType="DataDrivenDataRow" />
        <UnitTestResult executionId="9a78a65e-bdfb-4fc6-a85d-dbcdd603779c" parentExecutionId="9c1e5e6e-31aa-4b08-a4a4-085927dfcd9b" testId="c79146bc-2376-961a-5de9-441b5dfc7188" testName="auxiliary_verbs_as_main_verbs" computerName="ARPAN-LAP" duration="00:00:00.0268730" startTime="2014-06-29T14:49:56.4400268+05:30" endTime="2014-06-29T14:49:56.4670283+05:30" testType="13cdc9d9-ddb5-4fa4-a97d-d965ccfc6d4b" outcome="Passed" testListId="8c84fa94-04c1-424b-9868-57a2d4851a1d" relativeResultsDirectory="9c1e5e6e-31aa-4b08-a4a4-085927dfcd9b" dataRowInfo="5" resultType="DataDrivenDataRow" />
        <UnitTestResult executionId="dfa0a5fc-5fd9-44d9-822f-dfec0e4b6794" parentExecutionId="9c1e5e6e-31aa-4b08-a4a4-085927dfcd9b" testId="c79146bc-2376-961a-5de9-441b5dfc7188" testName="auxiliary_verbs_as_main_verbs" computerName="ARPAN-LAP" duration="00:00:00.0281557" startTime="2014-06-29T14:49:56.4670283+05:30" endTime="2014-06-29T14:49:56.4950299+05:30" testType="13cdc9d9-ddb5-4fa4-a97d-d965ccfc6d4b" outcome="Passed" testListId="8c84fa94-04c1-424b-9868-57a2d4851a1d" relativeResultsDirectory="9c1e5e6e-31aa-4b08-a4a4-085927dfcd9b" dataRowInfo="6" resultType="DataDrivenDataRow" />
        <UnitTestResult executionId="f7fd98a2-687f-428a-bb22-13cacc0e52d6" parentExecutionId="9c1e5e6e-31aa-4b08-a4a4-085927dfcd9b" testId="c79146bc-2376-961a-5de9-441b5dfc7188" testName="auxiliary_verbs_as_main_verbs" computerName="ARPAN-LAP" duration="00:00:00.0289492" startTime="2014-06-29T14:49:56.4950299+05:30" endTime="2014-06-29T14:49:56.5240316+05:30" testType="13cdc9d9-ddb5-4fa4-a97d-d965ccfc6d4b" outcome="Passed" testListId="8c84fa94-04c1-424b-9868-57a2d4851a1d" relativeResultsDirectory="9c1e5e6e-31aa-4b08-a4a4-085927dfcd9b" dataRowInfo="7" resultType="DataDrivenDataRow" />
        <UnitTestResult executionId="8f22dcf9-3f15-466f-aefe-676c9e5bbe15" parentExecutionId="9c1e5e6e-31aa-4b08-a4a4-085927dfcd9b" testId="c79146bc-2376-961a-5de9-441b5dfc7188" testName="auxiliary_verbs_as_main_verbs" computerName="ARPAN-LAP" duration="00:00:00.0425058" startTime="2014-06-29T14:49:56.5240316+05:30" endTime="2014-06-29T14:49:56.5670340+05:30" testType="13cdc9d9-ddb5-4fa4-a97d-d965ccfc6d4b" outcome="Passed" testListId="8c84fa94-04c1-424b-9868-57a2d4851a1d" relativeResultsDirectory="9c1e5e6e-31aa-4b08-a4a4-085927dfcd9b" dataRowInfo="8" resultType="DataDrivenDataRow" />
        <UnitTestResult executionId="83288ac3-9bc6-4c60-a786-43379c63fe68" parentExecutionId="9c1e5e6e-31aa-4b08-a4a4-085927dfcd9b" testId="c79146bc-2376-961a-5de9-441b5dfc7188" testName="auxiliary_verbs_as_main_verbs" computerName="ARPAN-LAP" duration="00:00:00.0203960" startTime="2014-06-29T14:49:56.5670340+05:30" endTime="2014-06-29T14:49:56.5870352+05:30" testType="13cdc9d9-ddb5-4fa4-a97d-d965ccfc6d4b" outcome="Passed" testListId="8c84fa94-04c1-424b-9868-57a2d4851a1d" relativeResultsDirectory="9c1e5e6e-31aa-4b08-a4a4-085927dfcd9b" dataRowInfo="9" resultType="DataDrivenDataRow" />
        <UnitTestResult executionId="ec5e24e0-b9a9-435c-b67c-9fe5bf521f96" parentExecutionId="9c1e5e6e-31aa-4b08-a4a4-085927dfcd9b" testId="c79146bc-2376-961a-5de9-441b5dfc7188" testName="auxiliary_verbs_as_main_verbs" computerName="ARPAN-LAP" duration="00:00:00.0186103" startTime="2014-06-29T14:49:56.5870352+05:30" endTime="2014-06-29T14:49:56.6060363+05:30" testType="13cdc9d9-ddb5-4fa4-a97d-d965ccfc6d4b" outcome="Passed" testListId="8c84fa94-04c1-424b-9868-57a2d4851a1d" relativeResultsDirectory="9c1e5e6e-31aa-4b08-a4a4-085927dfcd9b" dataRowInfo="10" resultType="DataDrivenDataRow" />
        <UnitTestResult executionId="725671c2-09cf-40e1-ae08-c8851decd6de" parentExecutionId="9c1e5e6e-31aa-4b08-a4a4-085927dfcd9b" testId="c79146bc-2376-961a-5de9-441b5dfc7188" testName="auxiliary_verbs_as_main_verbs" computerName="ARPAN-LAP" duration="00:00:00.0244226" startTime="2014-06-29T14:49:56.6060363+05:30" endTime="2014-06-29T14:49:56.6300376+05:30" testType="13cdc9d9-ddb5-4fa4-a97d-d965ccfc6d4b" outcome="Passed" testListId="8c84fa94-04c1-424b-9868-57a2d4851a1d" relativeResultsDirectory="9c1e5e6e-31aa-4b08-a4a4-085927dfcd9b" dataRowInfo="11" resultType="DataDrivenDataRow" />
        <UnitTestResult executionId="ea47c155-85ce-4b02-9ea1-7366b207fe5f" parentExecutionId="9c1e5e6e-31aa-4b08-a4a4-085927dfcd9b" testId="c79146bc-2376-961a-5de9-441b5dfc7188" testName="auxiliary_verbs_as_main_verbs" computerName="ARPAN-LAP" duration="00:00:00.0268561" startTime="2014-06-29T14:49:56.6300376+05:30" endTime="2014-06-29T14:49:56.6570392+05:30" testType="13cdc9d9-ddb5-4fa4-a97d-d965ccfc6d4b" outcome="Passed" testListId="8c84fa94-04c1-424b-9868-57a2d4851a1d" relativeResultsDirectory="9c1e5e6e-31aa-4b08-a4a4-085927dfcd9b" dataRowInfo="12" resultType="DataDrivenDataRow" />
        <UnitTestResult executionId="1622294c-74b8-426f-b082-4a899a5d8071" parentExecutionId="9c1e5e6e-31aa-4b08-a4a4-085927dfcd9b" testId="c79146bc-2376-961a-5de9-441b5dfc7188" testName="auxiliary_verbs_as_main_verbs" computerName="ARPAN-LAP" duration="00:00:00.0254553" startTime="2014-06-29T14:49:56.6570392+05:30" endTime="2014-06-29T14:49:56.6830407+05:30" testType="13cdc9d9-ddb5-4fa4-a97d-d965ccfc6d4b" outcome="Passed" testListId="8c84fa94-04c1-424b-9868-57a2d4851a1d" relativeResultsDirectory="9c1e5e6e-31aa-4b08-a4a4-085927dfcd9b" dataRowInfo="13" resultType="DataDrivenDataRow" />
        <UnitTestResult executionId="66f72f5f-69fa-468f-b268-4adbd87ceaf1" parentExecutionId="9c1e5e6e-31aa-4b08-a4a4-085927dfcd9b" testId="c79146bc-2376-961a-5de9-441b5dfc7188" testName="auxiliary_verbs_as_main_verbs" computerName="ARPAN-LAP" duration="00:00:00.0206542" startTime="2014-06-29T14:49:56.6830407+05:30" endTime="2014-06-29T14:49:56.7040419+05:30" testType="13cdc9d9-ddb5-4fa4-a97d-d965ccfc6d4b" outcome="Passed" testListId="8c84fa94-04c1-424b-9868-57a2d4851a1d" relativeResultsDirectory="9c1e5e6e-31aa-4b08-a4a4-085927dfcd9b" dataRowInfo="14" resultType="DataDrivenDataRow" />
        <UnitTestResult executionId="fc8f241a-0f32-499e-844a-f183d4c1a7d8" parentExecutionId="9c1e5e6e-31aa-4b08-a4a4-085927dfcd9b" testId="c79146bc-2376-961a-5de9-441b5dfc7188" testName="auxiliary_verbs_as_main_verbs" computerName="ARPAN-LAP" duration="00:00:00.0185559" startTime="2014-06-29T14:49:56.7040419+05:30" endTime="2014-06-29T14:49:56.7220429+05:30" testType="13cdc9d9-ddb5-4fa4-a97d-d965ccfc6d4b" outcome="Passed" testListId="8c84fa94-04c1-424b-9868-57a2d4851a1d" relativeResultsDirectory="9c1e5e6e-31aa-4b08-a4a4-085927dfcd9b" dataRowInfo="15" resultType="DataDrivenDataRow" />
        <UnitTestResult executionId="0b73016e-9390-4a15-bc87-819bd5661b79" parentExecutionId="9c1e5e6e-31aa-4b08-a4a4-085927dfcd9b" testId="c79146bc-2376-961a-5de9-441b5dfc7188" testName="auxiliary_verbs_as_main_verbs" computerName="ARPAN-LAP" duration="00:00:00.0249621" startTime="2014-06-29T14:49:56.7220429+05:30" endTime="2014-06-29T14:49:56.7470443+05:30" testType="13cdc9d9-ddb5-4fa4-a97d-d965ccfc6d4b" outcome="Passed" testListId="8c84fa94-04c1-424b-9868-57a2d4851a1d" relativeResultsDirectory="9c1e5e6e-31aa-4b08-a4a4-085927dfcd9b" dataRowInfo="16" resultType="DataDrivenDataRow" />
        <UnitTestResult executionId="e6d2f845-2ce6-4d78-aaff-a6df6e976e8b" parentExecutionId="9c1e5e6e-31aa-4b08-a4a4-085927dfcd9b" testId="c79146bc-2376-961a-5de9-441b5dfc7188" testName="auxiliary_verbs_as_main_verbs" computerName="ARPAN-LAP" duration="00:00:00.0193576" startTime="2014-06-29T14:49:56.7470443+05:30" endTime="2014-06-29T14:49:56.7670455+05:30" testType="13cdc9d9-ddb5-4fa4-a97d-d965ccfc6d4b" outcome="Passed" testListId="8c84fa94-04c1-424b-9868-57a2d4851a1d" relativeResultsDirectory="9c1e5e6e-31aa-4b08-a4a4-085927dfcd9b" dataRowInfo="17" resultType="DataDrivenDataRow" />
        <UnitTestResult executionId="6d81d363-ef30-43f2-9ebc-5143719f6e64" parentExecutionId="9c1e5e6e-31aa-4b08-a4a4-085927dfcd9b" testId="c79146bc-2376-961a-5de9-441b5dfc7188" testName="auxiliary_verbs_as_main_verbs" computerName="ARPAN-LAP" duration="00:00:00.0186580" startTime="2014-06-29T14:49:56.7670455+05:30" endTime="2014-06-29T14:49:56.7850465+05:30" testType="13cdc9d9-ddb5-4fa4-a97d-d965ccfc6d4b" outcome="Passed" testListId="8c84fa94-04c1-424b-9868-57a2d4851a1d" relativeResultsDirectory="9c1e5e6e-31aa-4b08-a4a4-085927dfcd9b" dataRowInfo="18" resultType="DataDrivenDataRow" />
        <UnitTestResult executionId="bfd84e4a-c61a-4ee4-b723-c739f62f7d65" parentExecutionId="9c1e5e6e-31aa-4b08-a4a4-085927dfcd9b" testId="c79146bc-2376-961a-5de9-441b5dfc7188" testName="auxiliary_verbs_as_main_verbs" computerName="ARPAN-LAP" duration="00:00:00.0254430" startTime="2014-06-29T14:49:56.7850465+05:30" endTime="2014-06-29T14:49:56.8110480+05:30" testType="13cdc9d9-ddb5-4fa4-a97d-d965ccfc6d4b" outcome="Passed" testListId="8c84fa94-04c1-424b-9868-57a2d4851a1d" relativeResultsDirectory="9c1e5e6e-31aa-4b08-a4a4-085927dfcd9b" dataRowInfo="19" resultType="DataDrivenDataRow" />
        <UnitTestResult executionId="18338701-0d52-41f7-b586-14583a72006e" parentExecutionId="9c1e5e6e-31aa-4b08-a4a4-085927dfcd9b" testId="c79146bc-2376-961a-5de9-441b5dfc7188" testName="auxiliary_verbs_as_main_verbs" computerName="ARPAN-LAP" duration="00:00:00.0242538" startTime="2014-06-29T14:49:56.8110480+05:30" endTime="2014-06-29T14:49:56.8350494+05:30" testType="13cdc9d9-ddb5-4fa4-a97d-d965ccfc6d4b" outcome="Passed" testListId="8c84fa94-04c1-424b-9868-57a2d4851a1d" relativeResultsDirectory="9c1e5e6e-31aa-4b08-a4a4-085927dfcd9b" dataRowInfo="20" resultType="DataDrivenDataRow" />
        <UnitTestResult executionId="dfac2d00-7a38-4179-83c2-20ae26ce7d0a" parentExecutionId="9c1e5e6e-31aa-4b08-a4a4-085927dfcd9b" testId="c79146bc-2376-961a-5de9-441b5dfc7188" testName="auxiliary_verbs_as_main_verbs" computerName="ARPAN-LAP" duration="00:00:00.0264778" startTime="2014-06-29T14:49:56.8350494+05:30" endTime="2014-06-29T14:49:56.8620509+05:30" testType="13cdc9d9-ddb5-4fa4-a97d-d965ccfc6d4b" outcome="Passed" testListId="8c84fa94-04c1-424b-9868-57a2d4851a1d" relativeResultsDirectory="9c1e5e6e-31aa-4b08-a4a4-085927dfcd9b" dataRowInfo="21" resultType="DataDrivenDataRow" />
        <UnitTestResult executionId="33520cc6-d23d-4c56-832d-d020453e147a" parentExecutionId="9c1e5e6e-31aa-4b08-a4a4-085927dfcd9b" testId="c79146bc-2376-961a-5de9-441b5dfc7188" testName="auxiliary_verbs_as_main_verbs" computerName="ARPAN-LAP" duration="00:00:00.0162549" startTime="2014-06-29T14:49:56.8620509+05:30" endTime="2014-06-29T14:49:56.8780518+05:30" testType="13cdc9d9-ddb5-4fa4-a97d-d965ccfc6d4b" outcome="Passed" testListId="8c84fa94-04c1-424b-9868-57a2d4851a1d" relativeResultsDirectory="9c1e5e6e-31aa-4b08-a4a4-085927dfcd9b" dataRowInfo="22" resultType="DataDrivenDataRow" />
        <UnitTestResult executionId="2a412ef4-2873-40f0-8ecf-0cffbfa68deb" parentExecutionId="9c1e5e6e-31aa-4b08-a4a4-085927dfcd9b" testId="c79146bc-2376-961a-5de9-441b5dfc7188" testName="auxiliary_verbs_as_main_verbs" computerName="ARPAN-LAP" duration="00:00:00.0178881" startTime="2014-06-29T14:49:56.8780518+05:30" endTime="2014-06-29T14:49:56.8960528+05:30" testType="13cdc9d9-ddb5-4fa4-a97d-d965ccfc6d4b" outcome="Passed" testListId="8c84fa94-04c1-424b-9868-57a2d4851a1d" relativeResultsDirectory="9c1e5e6e-31aa-4b08-a4a4-085927dfcd9b" dataRowInfo="23" resultType="DataDrivenDataRow" />
        <UnitTestResult executionId="4f61efab-cfcb-4421-bbcd-6fa3fac94994" parentExecutionId="9c1e5e6e-31aa-4b08-a4a4-085927dfcd9b" testId="c79146bc-2376-961a-5de9-441b5dfc7188" testName="auxiliary_verbs_as_main_verbs" computerName="ARPAN-LAP" duration="00:00:00.0251489" startTime="2014-06-29T14:49:56.8960528+05:30" endTime="2014-06-29T14:49:56.9210543+05:30" testType="13cdc9d9-ddb5-4fa4-a97d-d965ccfc6d4b" outcome="Passed" testListId="8c84fa94-04c1-424b-9868-57a2d4851a1d" relativeResultsDirectory="9c1e5e6e-31aa-4b08-a4a4-085927dfcd9b" dataRowInfo="24" resultType="DataDrivenDataRow" />
      </InnerResults>
    </UnitTestResult>
    <UnitTestResult executionId="5cb7dab1-bf16-4bf7-9d90-1adbb38a5d9e" testId="d03eb628-bf1f-c27d-aeef-e708d613d686" testName="all_persons_modal_can_may_negation" computerName="ARPAN-LAP" duration="00:00:00.6297866" startTime="2014-06-29T14:49:56.9880581+05:30" endTime="2014-06-29T14:49:57.6910983+05:30" testType="13cdc9d9-ddb5-4fa4-a97d-d965ccfc6d4b" outcome="Passed" testListId="8c84fa94-04c1-424b-9868-57a2d4851a1d" relativeResultsDirectory="5cb7dab1-bf16-4bf7-9d90-1adbb38a5d9e" resultType="DataDrivenTest">
      <Counters error="0" failed="0" timeout="0" aborted="0" inconclusive="0" passedButRunAborted="0" notRunnable="0" notExecuted="0" disconnected="0" warning="0" passed="24" completed="0" inProgress="0" pending="0" />
      <InnerResults>
        <UnitTestResult executionId="3bba7831-1c15-4668-bd64-30a6ea239249" parentExecutionId="5cb7dab1-bf16-4bf7-9d90-1adbb38a5d9e" testId="d03eb628-bf1f-c27d-aeef-e708d613d686" testName="all_persons_modal_can_may_negation" computerName="ARPAN-LAP" duration="00:00:00.0251992" startTime="2014-06-29T14:49:57.0350608+05:30" endTime="2014-06-29T14:49:57.0610623+05:30" testType="13cdc9d9-ddb5-4fa4-a97d-d965ccfc6d4b" outcome="Passed" testListId="8c84fa94-04c1-424b-9868-57a2d4851a1d" relativeResultsDirectory="5cb7dab1-bf16-4bf7-9d90-1adbb38a5d9e" dataRowInfo="0" resultType="DataDrivenDataRow" />
        <UnitTestResult executionId="df5375b2-cddd-4cdc-bafb-51f2e0704912" parentExecutionId="5cb7dab1-bf16-4bf7-9d90-1adbb38a5d9e" testId="d03eb628-bf1f-c27d-aeef-e708d613d686" testName="all_persons_modal_can_may_negation" computerName="ARPAN-LAP" duration="00:00:00.0218973" startTime="2014-06-29T14:49:57.0610623+05:30" endTime="2014-06-29T14:49:57.0820635+05:30" testType="13cdc9d9-ddb5-4fa4-a97d-d965ccfc6d4b" outcome="Passed" testListId="8c84fa94-04c1-424b-9868-57a2d4851a1d" relativeResultsDirectory="5cb7dab1-bf16-4bf7-9d90-1adbb38a5d9e" dataRowInfo="1" resultType="DataDrivenDataRow" />
        <UnitTestResult executionId="341b456f-acf8-41e9-901f-b914461b80cb" parentExecutionId="5cb7dab1-bf16-4bf7-9d90-1adbb38a5d9e" testId="d03eb628-bf1f-c27d-aeef-e708d613d686" testName="all_persons_modal_can_may_negation" computerName="ARPAN-LAP" duration="00:00:00.0247557" startTime="2014-06-29T14:49:57.0820635+05:30" endTime="2014-06-29T14:49:57.1070649+05:30" testType="13cdc9d9-ddb5-4fa4-a97d-d965ccfc6d4b" outcome="Passed" testListId="8c84fa94-04c1-424b-9868-57a2d4851a1d" relativeResultsDirectory="5cb7dab1-bf16-4bf7-9d90-1adbb38a5d9e" dataRowInfo="2" resultType="DataDrivenDataRow" />
        <UnitTestResult executionId="9f8b6726-2ee5-49a4-a628-1a4f30804e58" parentExecutionId="5cb7dab1-bf16-4bf7-9d90-1adbb38a5d9e" testId="d03eb628-bf1f-c27d-aeef-e708d613d686" testName="all_persons_modal_can_may_negation" computerName="ARPAN-LAP" duration="00:00:00.0248512" startTime="2014-06-29T14:49:57.1070649+05:30" endTime="2014-06-29T14:49:57.1320663+05:30" testType="13cdc9d9-ddb5-4fa4-a97d-d965ccfc6d4b" outcome="Passed" testListId="8c84fa94-04c1-424b-9868-57a2d4851a1d" relativeResultsDirectory="5cb7dab1-bf16-4bf7-9d90-1adbb38a5d9e" dataRowInfo="3" resultType="DataDrivenDataRow" />
        <UnitTestResult executionId="4b7dd62d-0c6f-4eaa-b432-ccb1d68c4f17" parentExecutionId="5cb7dab1-bf16-4bf7-9d90-1adbb38a5d9e" testId="d03eb628-bf1f-c27d-aeef-e708d613d686" testName="all_persons_modal_can_may_negation" computerName="ARPAN-LAP" duration="00:00:00.0325714" startTime="2014-06-29T14:49:57.1320663+05:30" endTime="2014-06-29T14:49:57.1650682+05:30" testType="13cdc9d9-ddb5-4fa4-a97d-d965ccfc6d4b" outcome="Passed" testListId="8c84fa94-04c1-424b-9868-57a2d4851a1d" relativeResultsDirectory="5cb7dab1-bf16-4bf7-9d90-1adbb38a5d9e" dataRowInfo="4" resultType="DataDrivenDataRow" />
        <UnitTestResult executionId="f4891d11-584e-4ae1-b02c-39ddde3c5934" parentExecutionId="5cb7dab1-bf16-4bf7-9d90-1adbb38a5d9e" testId="d03eb628-bf1f-c27d-aeef-e708d613d686" testName="all_persons_modal_can_may_negation" computerName="ARPAN-LAP" duration="00:00:00.0303130" startTime="2014-06-29T14:49:57.1650682+05:30" endTime="2014-06-29T14:49:57.1950699+05:30" testType="13cdc9d9-ddb5-4fa4-a97d-d965ccfc6d4b" outcome="Passed" testListId="8c84fa94-04c1-424b-9868-57a2d4851a1d" relativeResultsDirectory="5cb7dab1-bf16-4bf7-9d90-1adbb38a5d9e" dataRowInfo="5" resultType="DataDrivenDataRow" />
        <UnitTestResult executionId="1a3081a0-c304-46ce-ad4a-8e1f02095202" parentExecutionId="5cb7dab1-bf16-4bf7-9d90-1adbb38a5d9e" testId="d03eb628-bf1f-c27d-aeef-e708d613d686" testName="all_persons_modal_can_may_negation" computerName="ARPAN-LAP" duration="00:00:00.0356783" startTime="2014-06-29T14:49:57.1950699+05:30" endTime="2014-06-29T14:49:57.2310720+05:30" testType="13cdc9d9-ddb5-4fa4-a97d-d965ccfc6d4b" outcome="Passed" testListId="8c84fa94-04c1-424b-9868-57a2d4851a1d" relativeResultsDirectory="5cb7dab1-bf16-4bf7-9d90-1adbb38a5d9e" dataRowInfo="6" resultType="DataDrivenDataRow" />
        <UnitTestResult executionId="2d2ad01d-7696-4bf8-b710-691e731f5b9b" parentExecutionId="5cb7dab1-bf16-4bf7-9d90-1adbb38a5d9e" testId="d03eb628-bf1f-c27d-aeef-e708d613d686" testName="all_persons_modal_can_may_negation" computerName="ARPAN-LAP" duration="00:00:00.0345208" startTime="2014-06-29T14:49:57.2310720+05:30" endTime="2014-06-29T14:49:57.2650739+05:30" testType="13cdc9d9-ddb5-4fa4-a97d-d965ccfc6d4b" outcome="Passed" testListId="8c84fa94-04c1-424b-9868-57a2d4851a1d" relativeResultsDirectory="5cb7dab1-bf16-4bf7-9d90-1adbb38a5d9e" dataRowInfo="7" resultType="DataDrivenDataRow" />
        <UnitTestResult executionId="b9ff8d30-df31-4a1d-983c-bd5ba56b843a" parentExecutionId="5cb7dab1-bf16-4bf7-9d90-1adbb38a5d9e" testId="d03eb628-bf1f-c27d-aeef-e708d613d686" testName="all_persons_modal_can_may_negation" computerName="ARPAN-LAP" duration="00:00:00.0189804" startTime="2014-06-29T14:49:57.2650739+05:30" endTime="2014-06-29T14:49:57.2840750+05:30" testType="13cdc9d9-ddb5-4fa4-a97d-d965ccfc6d4b" outcome="Passed" testListId="8c84fa94-04c1-424b-9868-57a2d4851a1d" relativeResultsDirectory="5cb7dab1-bf16-4bf7-9d90-1adbb38a5d9e" dataRowInfo="8" resultType="DataDrivenDataRow" />
        <UnitTestResult executionId="fa022f9e-bee1-4dc6-9abb-87073214c74f" parentExecutionId="5cb7dab1-bf16-4bf7-9d90-1adbb38a5d9e" testId="d03eb628-bf1f-c27d-aeef-e708d613d686" testName="all_persons_modal_can_may_negation" computerName="ARPAN-LAP" duration="00:00:00.0184625" startTime="2014-06-29T14:49:57.2850751+05:30" endTime="2014-06-29T14:49:57.3030761+05:30" testType="13cdc9d9-ddb5-4fa4-a97d-d965ccfc6d4b" outcome="Passed" testListId="8c84fa94-04c1-424b-9868-57a2d4851a1d" relativeResultsDirectory="5cb7dab1-bf16-4bf7-9d90-1adbb38a5d9e" dataRowInfo="9" resultType="DataDrivenDataRow" />
        <UnitTestResult executionId="efe912c0-c8b2-4a5b-bfb4-35eb1768ee46" parentExecutionId="5cb7dab1-bf16-4bf7-9d90-1adbb38a5d9e" testId="d03eb628-bf1f-c27d-aeef-e708d613d686" testName="all_persons_modal_can_may_negation" computerName="ARPAN-LAP" duration="00:00:00.0215257" startTime="2014-06-29T14:49:57.3030761+05:30" endTime="2014-06-29T14:49:57.3250774+05:30" testType="13cdc9d9-ddb5-4fa4-a97d-d965ccfc6d4b" outcome="Passed" testListId="8c84fa94-04c1-424b-9868-57a2d4851a1d" relativeResultsDirectory="5cb7dab1-bf16-4bf7-9d90-1adbb38a5d9e" dataRowInfo="10" resultType="DataDrivenDataRow" />
        <UnitTestResult executionId="8145ab23-5dc3-428a-b634-939feac6eef3" parentExecutionId="5cb7dab1-bf16-4bf7-9d90-1adbb38a5d9e" testId="d03eb628-bf1f-c27d-aeef-e708d613d686" testName="all_persons_modal_can_may_negation" computerName="ARPAN-LAP" duration="00:00:00.0193941" startTime="2014-06-29T14:49:57.3250774+05:30" endTime="2014-06-29T14:49:57.3440785+05:30" testType="13cdc9d9-ddb5-4fa4-a97d-d965ccfc6d4b" outcome="Passed" testListId="8c84fa94-04c1-424b-9868-57a2d4851a1d" relativeResultsDirectory="5cb7dab1-bf16-4bf7-9d90-1adbb38a5d9e" dataRowInfo="11" resultType="DataDrivenDataRow" />
        <UnitTestResult executionId="ed136840-55e4-4f22-b44c-2378d94f42fd" parentExecutionId="5cb7dab1-bf16-4bf7-9d90-1adbb38a5d9e" testId="d03eb628-bf1f-c27d-aeef-e708d613d686" testName="all_persons_modal_can_may_negation" computerName="ARPAN-LAP" duration="00:00:00.0272667" startTime="2014-06-29T14:49:57.3440785+05:30" endTime="2014-06-29T14:49:57.3710800+05:30" testType="13cdc9d9-ddb5-4fa4-a97d-d965ccfc6d4b" outcome="Passed" testListId="8c84fa94-04c1-424b-9868-57a2d4851a1d" relativeResultsDirectory="5cb7dab1-bf16-4bf7-9d90-1adbb38a5d9e" dataRowInfo="12" resultType="DataDrivenDataRow" />
        <UnitTestResult executionId="0a4e9c6e-5171-4de7-83ea-fbd61f740777" parentExecutionId="5cb7dab1-bf16-4bf7-9d90-1adbb38a5d9e" testId="d03eb628-bf1f-c27d-aeef-e708d613d686" testName="all_persons_modal_can_may_negation" computerName="ARPAN-LAP" duration="00:00:00.0259825" startTime="2014-06-29T14:49:57.3710800+05:30" endTime="2014-06-29T14:49:57.3970815+05:30" testType="13cdc9d9-ddb5-4fa4-a97d-d965ccfc6d4b" outcome="Passed" testListId="8c84fa94-04c1-424b-9868-57a2d4851a1d" relativeResultsDirectory="5cb7dab1-bf16-4bf7-9d90-1adbb38a5d9e" dataRowInfo="13" resultType="DataDrivenDataRow" />
        <UnitTestResult executionId="2b7a69b7-3a5d-4b53-ad30-4002c57200b5" parentExecutionId="5cb7dab1-bf16-4bf7-9d90-1adbb38a5d9e" testId="d03eb628-bf1f-c27d-aeef-e708d613d686" testName="all_persons_modal_can_may_negation" computerName="ARPAN-LAP" duration="00:00:00.0246551" startTime="2014-06-29T14:49:57.3970815+05:30" endTime="2014-06-29T14:49:57.4220829+05:30" testType="13cdc9d9-ddb5-4fa4-a97d-d965ccfc6d4b" outcome="Passed" testListId="8c84fa94-04c1-424b-9868-57a2d4851a1d" relativeResultsDirectory="5cb7dab1-bf16-4bf7-9d90-1adbb38a5d9e" dataRowInfo="14" resultType="DataDrivenDataRow" />
        <UnitTestResult executionId="a3ddf16b-e0d5-4c24-b8d2-2901f77f3d20" parentExecutionId="5cb7dab1-bf16-4bf7-9d90-1adbb38a5d9e" testId="d03eb628-bf1f-c27d-aeef-e708d613d686" testName="all_persons_modal_can_may_negation" computerName="ARPAN-LAP" duration="00:00:00.0234982" startTime="2014-06-29T14:49:57.4220829+05:30" endTime="2014-06-29T14:49:57.4460843+05:30" testType="13cdc9d9-ddb5-4fa4-a97d-d965ccfc6d4b" outcome="Passed" testListId="8c84fa94-04c1-424b-9868-57a2d4851a1d" relativeResultsDirectory="5cb7dab1-bf16-4bf7-9d90-1adbb38a5d9e" dataRowInfo="15" resultType="DataDrivenDataRow" />
        <UnitTestResult executionId="3944261a-1d08-4bc1-abbd-7ae5d41c578b" parentExecutionId="5cb7dab1-bf16-4bf7-9d90-1adbb38a5d9e" testId="d03eb628-bf1f-c27d-aeef-e708d613d686" testName="all_persons_modal_can_may_negation" computerName="ARPAN-LAP" duration="00:00:00.0192385" startTime="2014-06-29T14:49:57.4460843+05:30" endTime="2014-06-29T14:49:57.4650854+05:30" testType="13cdc9d9-ddb5-4fa4-a97d-d965ccfc6d4b" outcome="Passed" testListId="8c84fa94-04c1-424b-9868-57a2d4851a1d" relativeResultsDirectory="5cb7dab1-bf16-4bf7-9d90-1adbb38a5d9e" dataRowInfo="16" resultType="DataDrivenDataRow" />
        <UnitTestResult executionId="b83fedf0-6d0c-4a8f-b91f-2443d73b6758" parentExecutionId="5cb7dab1-bf16-4bf7-9d90-1adbb38a5d9e" testId="d03eb628-bf1f-c27d-aeef-e708d613d686" testName="all_persons_modal_can_may_negation" computerName="ARPAN-LAP" duration="00:00:00.0202148" startTime="2014-06-29T14:49:57.4650854+05:30" endTime="2014-06-29T14:49:57.4850865+05:30" testType="13cdc9d9-ddb5-4fa4-a97d-d965ccfc6d4b" outcome="Passed" testListId="8c84fa94-04c1-424b-9868-57a2d4851a1d" relativeResultsDirectory="5cb7dab1-bf16-4bf7-9d90-1adbb38a5d9e" dataRowInfo="17" resultType="DataDrivenDataRow" />
        <UnitTestResult executionId="0f033e41-a4a7-4082-87e6-626a560dd9d8" parentExecutionId="5cb7dab1-bf16-4bf7-9d90-1adbb38a5d9e" testId="d03eb628-bf1f-c27d-aeef-e708d613d686" testName="all_persons_modal_can_may_negation" computerName="ARPAN-LAP" duration="00:00:00.0207419" startTime="2014-06-29T14:49:57.4850865+05:30" endTime="2014-06-29T14:49:57.5060877+05:30" testType="13cdc9d9-ddb5-4fa4-a97d-d965ccfc6d4b" outcome="Passed" testListId="8c84fa94-04c1-424b-9868-57a2d4851a1d" relativeResultsDirectory="5cb7dab1-bf16-4bf7-9d90-1adbb38a5d9e" dataRowInfo="18" resultType="DataDrivenDataRow" />
        <UnitTestResult executionId="9f7194b8-3adf-4010-91bf-556d19b0cbc3" parentExecutionId="5cb7dab1-bf16-4bf7-9d90-1adbb38a5d9e" testId="d03eb628-bf1f-c27d-aeef-e708d613d686" testName="all_persons_modal_can_may_negation" computerName="ARPAN-LAP" duration="00:00:00.0193391" startTime="2014-06-29T14:49:57.5060877+05:30" endTime="2014-06-29T14:49:57.5250888+05:30" testType="13cdc9d9-ddb5-4fa4-a97d-d965ccfc6d4b" outcome="Passed" testListId="8c84fa94-04c1-424b-9868-57a2d4851a1d" relativeResultsDirectory="5cb7dab1-bf16-4bf7-9d90-1adbb38a5d9e" dataRowInfo="19" resultType="DataDrivenDataRow" />
        <UnitTestResult executionId="de5a0331-fe70-45db-b8a7-9640e3d89223" parentExecutionId="5cb7dab1-bf16-4bf7-9d90-1adbb38a5d9e" testId="d03eb628-bf1f-c27d-aeef-e708d613d686" testName="all_persons_modal_can_may_negation" computerName="ARPAN-LAP" duration="00:00:00.0226631" startTime="2014-06-29T14:49:57.5250888+05:30" endTime="2014-06-29T14:49:57.5480901+05:30" testType="13cdc9d9-ddb5-4fa4-a97d-d965ccfc6d4b" outcome="Passed" testListId="8c84fa94-04c1-424b-9868-57a2d4851a1d" relativeResultsDirectory="5cb7dab1-bf16-4bf7-9d90-1adbb38a5d9e" dataRowInfo="20" resultType="DataDrivenDataRow" />
        <UnitTestResult executionId="b18d30fd-bf08-4e8e-8a7a-5897fb438425" parentExecutionId="5cb7dab1-bf16-4bf7-9d90-1adbb38a5d9e" testId="d03eb628-bf1f-c27d-aeef-e708d613d686" testName="all_persons_modal_can_may_negation" computerName="ARPAN-LAP" duration="00:00:00.0268294" startTime="2014-06-29T14:49:57.5480901+05:30" endTime="2014-06-29T14:49:57.5750917+05:30" testType="13cdc9d9-ddb5-4fa4-a97d-d965ccfc6d4b" outcome="Passed" testListId="8c84fa94-04c1-424b-9868-57a2d4851a1d" relativeResultsDirectory="5cb7dab1-bf16-4bf7-9d90-1adbb38a5d9e" dataRowInfo="21" resultType="DataDrivenDataRow" />
        <UnitTestResult executionId="aa520c55-4d2f-4b53-9bac-d590cb966f44" parentExecutionId="5cb7dab1-bf16-4bf7-9d90-1adbb38a5d9e" testId="d03eb628-bf1f-c27d-aeef-e708d613d686" testName="all_persons_modal_can_may_negation" computerName="ARPAN-LAP" duration="00:00:00.0288537" startTime="2014-06-29T14:49:57.5750917+05:30" endTime="2014-06-29T14:49:57.6040933+05:30" testType="13cdc9d9-ddb5-4fa4-a97d-d965ccfc6d4b" outcome="Passed" testListId="8c84fa94-04c1-424b-9868-57a2d4851a1d" relativeResultsDirectory="5cb7dab1-bf16-4bf7-9d90-1adbb38a5d9e" dataRowInfo="22" resultType="DataDrivenDataRow" />
        <UnitTestResult executionId="650d6b05-6737-4eb6-90f6-230ef8a57001" parentExecutionId="5cb7dab1-bf16-4bf7-9d90-1adbb38a5d9e" testId="d03eb628-bf1f-c27d-aeef-e708d613d686" testName="all_persons_modal_can_may_negation" computerName="ARPAN-LAP" duration="00:00:00.0241444" startTime="2014-06-29T14:49:57.6040933+05:30" endTime="2014-06-29T14:49:57.6280947+05:30" testType="13cdc9d9-ddb5-4fa4-a97d-d965ccfc6d4b" outcome="Passed" testListId="8c84fa94-04c1-424b-9868-57a2d4851a1d" relativeResultsDirectory="5cb7dab1-bf16-4bf7-9d90-1adbb38a5d9e" dataRowInfo="23" resultType="DataDrivenDataRow" />
      </InnerResults>
    </UnitTestResult>
    <UnitTestResult executionId="698a8c4f-4cb1-4933-ab5d-174d51046f6c" testId="d766a059-d96c-7b47-e6a6-34931760df96" testName="all_persons_tenses_passive" computerName="ARPAN-LAP" duration="00:00:00.2871386" startTime="2014-06-29T14:49:57.7010989+05:30" endTime="2014-06-29T14:49:58.0231173+05:30" testType="13cdc9d9-ddb5-4fa4-a97d-d965ccfc6d4b" outcome="Passed" testListId="8c84fa94-04c1-424b-9868-57a2d4851a1d" relativeResultsDirectory="698a8c4f-4cb1-4933-ab5d-174d51046f6c" resultType="DataDrivenTest">
      <Counters error="0" failed="0" timeout="0" aborted="0" inconclusive="0" passedButRunAborted="0" notRunnable="0" notExecuted="0" disconnected="0" warning="0" passed="10" completed="0" inProgress="0" pending="0" />
      <InnerResults>
        <UnitTestResult executionId="155f510a-52b7-4619-8326-4e8d9ad2a492" parentExecutionId="698a8c4f-4cb1-4933-ab5d-174d51046f6c" testId="d766a059-d96c-7b47-e6a6-34931760df96" testName="all_persons_tenses_passive" computerName="ARPAN-LAP" duration="00:00:00.0217033" startTime="2014-06-29T14:49:57.7311006+05:30" endTime="2014-06-29T14:49:57.7531019+05:30" testType="13cdc9d9-ddb5-4fa4-a97d-d965ccfc6d4b" outcome="Passed" testListId="8c84fa94-04c1-424b-9868-57a2d4851a1d" relativeResultsDirectory="698a8c4f-4cb1-4933-ab5d-174d51046f6c" dataRowInfo="0" resultType="DataDrivenDataRow" />
        <UnitTestResult executionId="0bec0ec6-04c4-4a19-9251-52d1aa023b3d" parentExecutionId="698a8c4f-4cb1-4933-ab5d-174d51046f6c" testId="d766a059-d96c-7b47-e6a6-34931760df96" testName="all_persons_tenses_passive" computerName="ARPAN-LAP" duration="00:00:00.0248553" startTime="2014-06-29T14:49:57.7531019+05:30" endTime="2014-06-29T14:49:57.7781033+05:30" testType="13cdc9d9-ddb5-4fa4-a97d-d965ccfc6d4b" outcome="Passed" testListId="8c84fa94-04c1-424b-9868-57a2d4851a1d" relativeResultsDirectory="698a8c4f-4cb1-4933-ab5d-174d51046f6c" dataRowInfo="1" resultType="DataDrivenDataRow" />
        <UnitTestResult executionId="32a91a00-bbe1-4fe1-b627-2e9a65b9a732" parentExecutionId="698a8c4f-4cb1-4933-ab5d-174d51046f6c" testId="d766a059-d96c-7b47-e6a6-34931760df96" testName="all_persons_tenses_passive" computerName="ARPAN-LAP" duration="00:00:00.0285447" startTime="2014-06-29T14:49:57.7781033+05:30" endTime="2014-06-29T14:49:57.8061049+05:30" testType="13cdc9d9-ddb5-4fa4-a97d-d965ccfc6d4b" outcome="Passed" testListId="8c84fa94-04c1-424b-9868-57a2d4851a1d" relativeResultsDirectory="698a8c4f-4cb1-4933-ab5d-174d51046f6c" dataRowInfo="2" resultType="DataDrivenDataRow" />
        <UnitTestResult executionId="ea8ee5cb-23a8-46c8-ae55-b23a2e4408e9" parentExecutionId="698a8c4f-4cb1-4933-ab5d-174d51046f6c" testId="d766a059-d96c-7b47-e6a6-34931760df96" testName="all_persons_tenses_passive" computerName="ARPAN-LAP" duration="00:00:00.0285514" startTime="2014-06-29T14:49:57.8061049+05:30" endTime="2014-06-29T14:49:57.8351066+05:30" testType="13cdc9d9-ddb5-4fa4-a97d-d965ccfc6d4b" outcome="Passed" testListId="8c84fa94-04c1-424b-9868-57a2d4851a1d" relativeResultsDirectory="698a8c4f-4cb1-4933-ab5d-174d51046f6c" dataRowInfo="3" resultType="DataDrivenDataRow" />
        <UnitTestResult executionId="f28a5e73-723c-484d-b147-5a5ac95049b7" parentExecutionId="698a8c4f-4cb1-4933-ab5d-174d51046f6c" testId="d766a059-d96c-7b47-e6a6-34931760df96" testName="all_persons_tenses_passive" computerName="ARPAN-LAP" duration="00:00:00.0204976" startTime="2014-06-29T14:49:57.8351066+05:30" endTime="2014-06-29T14:49:57.8551077+05:30" testType="13cdc9d9-ddb5-4fa4-a97d-d965ccfc6d4b" outcome="Passed" testListId="8c84fa94-04c1-424b-9868-57a2d4851a1d" relativeResultsDirectory="698a8c4f-4cb1-4933-ab5d-174d51046f6c" dataRowInfo="4" resultType="DataDrivenDataRow" />
        <UnitTestResult executionId="29533b0d-1ba8-4a5f-886f-d32189973590" parentExecutionId="698a8c4f-4cb1-4933-ab5d-174d51046f6c" testId="d766a059-d96c-7b47-e6a6-34931760df96" testName="all_persons_tenses_passive" computerName="ARPAN-LAP" duration="00:00:00.0234305" startTime="2014-06-29T14:49:57.8551077+05:30" endTime="2014-06-29T14:49:57.8791091+05:30" testType="13cdc9d9-ddb5-4fa4-a97d-d965ccfc6d4b" outcome="Passed" testListId="8c84fa94-04c1-424b-9868-57a2d4851a1d" relativeResultsDirectory="698a8c4f-4cb1-4933-ab5d-174d51046f6c" dataRowInfo="5" resultType="DataDrivenDataRow" />
        <UnitTestResult executionId="a3ca7d82-df26-4cf3-828a-d3c82c1b7143" parentExecutionId="698a8c4f-4cb1-4933-ab5d-174d51046f6c" testId="d766a059-d96c-7b47-e6a6-34931760df96" testName="all_persons_tenses_passive" computerName="ARPAN-LAP" duration="00:00:00.0266487" startTime="2014-06-29T14:49:57.8791091+05:30" endTime="2014-06-29T14:49:57.9061106+05:30" testType="13cdc9d9-ddb5-4fa4-a97d-d965ccfc6d4b" outcome="Passed" testListId="8c84fa94-04c1-424b-9868-57a2d4851a1d" relativeResultsDirectory="698a8c4f-4cb1-4933-ab5d-174d51046f6c" dataRowInfo="6" resultType="DataDrivenDataRow" />
        <UnitTestResult executionId="96f73017-a512-4376-b062-a0bae067420a" parentExecutionId="698a8c4f-4cb1-4933-ab5d-174d51046f6c" testId="d766a059-d96c-7b47-e6a6-34931760df96" testName="all_persons_tenses_passive" computerName="ARPAN-LAP" duration="00:00:00.0279134" startTime="2014-06-29T14:49:57.9061106+05:30" endTime="2014-06-29T14:49:57.9341122+05:30" testType="13cdc9d9-ddb5-4fa4-a97d-d965ccfc6d4b" outcome="Passed" testListId="8c84fa94-04c1-424b-9868-57a2d4851a1d" relativeResultsDirectory="698a8c4f-4cb1-4933-ab5d-174d51046f6c" dataRowInfo="7" resultType="DataDrivenDataRow" />
        <UnitTestResult executionId="0e17612e-8628-49b2-adf3-cab69bf19623" parentExecutionId="698a8c4f-4cb1-4933-ab5d-174d51046f6c" testId="d766a059-d96c-7b47-e6a6-34931760df96" testName="all_persons_tenses_passive" computerName="ARPAN-LAP" duration="00:00:00.0317301" startTime="2014-06-29T14:49:57.9341122+05:30" endTime="2014-06-29T14:49:57.9651140+05:30" testType="13cdc9d9-ddb5-4fa4-a97d-d965ccfc6d4b" outcome="Passed" testListId="8c84fa94-04c1-424b-9868-57a2d4851a1d" relativeResultsDirectory="698a8c4f-4cb1-4933-ab5d-174d51046f6c" dataRowInfo="8" resultType="DataDrivenDataRow" />
        <UnitTestResult executionId="698590a7-2fbe-4f0a-bee6-6163bf06ef2c" parentExecutionId="698a8c4f-4cb1-4933-ab5d-174d51046f6c" testId="d766a059-d96c-7b47-e6a6-34931760df96" testName="all_persons_tenses_passive" computerName="ARPAN-LAP" duration="00:00:00.0292644" startTime="2014-06-29T14:49:57.9651140+05:30" endTime="2014-06-29T14:49:57.9951157+05:30" testType="13cdc9d9-ddb5-4fa4-a97d-d965ccfc6d4b" outcome="Passed" testListId="8c84fa94-04c1-424b-9868-57a2d4851a1d" relativeResultsDirectory="698a8c4f-4cb1-4933-ab5d-174d51046f6c" dataRowInfo="9" resultType="DataDrivenDataRow" />
      </InnerResults>
    </UnitTestResult>
    <UnitTestResult executionId="b949eaa7-f3ca-4589-8b55-6cc7608d2108" testId="fe3e63ab-391c-e168-48d0-431b85a7b898" testName="third_person_tenses_active_negation" computerName="ARPAN-LAP" duration="00:00:00.4028058" startTime="2014-06-29T14:49:58.0291176+05:30" endTime="2014-06-29T14:49:58.4661426+05:30" testType="13cdc9d9-ddb5-4fa4-a97d-d965ccfc6d4b" outcome="Passed" testListId="8c84fa94-04c1-424b-9868-57a2d4851a1d" relativeResultsDirectory="b949eaa7-f3ca-4589-8b55-6cc7608d2108" resultType="DataDrivenTest">
      <Counters error="0" failed="0" timeout="0" aborted="0" inconclusive="0" passedButRunAborted="0" notRunnable="0" notExecuted="0" disconnected="0" warning="0" passed="10" completed="0" inProgress="0" pending="0" />
      <InnerResults>
        <UnitTestResult executionId="0b6a6880-b144-422b-8ac6-781ace92f9f7" parentExecutionId="b949eaa7-f3ca-4589-8b55-6cc7608d2108" testId="fe3e63ab-391c-e168-48d0-431b85a7b898" testName="third_person_tenses_active_negation" computerName="ARPAN-LAP" duration="00:00:00.0398897" startTime="2014-06-29T14:49:58.1851266+05:30" endTime="2014-06-29T14:49:58.2251289+05:30" testType="13cdc9d9-ddb5-4fa4-a97d-d965ccfc6d4b" outcome="Passed" testListId="8c84fa94-04c1-424b-9868-57a2d4851a1d" relativeResultsDirectory="b949eaa7-f3ca-4589-8b55-6cc7608d2108" dataRowInfo="0" resultType="DataDrivenDataRow" />
        <UnitTestResult executionId="3199f69e-c192-48a5-aea1-271d73f480b5" parentExecutionId="b949eaa7-f3ca-4589-8b55-6cc7608d2108" testId="fe3e63ab-391c-e168-48d0-431b85a7b898" testName="third_person_tenses_active_negation" computerName="ARPAN-LAP" duration="00:00:00.0244067" startTime="2014-06-29T14:49:58.2251289+05:30" endTime="2014-06-29T14:49:58.2501303+05:30" testType="13cdc9d9-ddb5-4fa4-a97d-d965ccfc6d4b" outcome="Passed" testListId="8c84fa94-04c1-424b-9868-57a2d4851a1d" relativeResultsDirectory="b949eaa7-f3ca-4589-8b55-6cc7608d2108" dataRowInfo="1" resultType="DataDrivenDataRow" />
        <UnitTestResult executionId="9cd2126e-66b8-48e1-a04f-38c42cbe76f1" parentExecutionId="b949eaa7-f3ca-4589-8b55-6cc7608d2108" testId="fe3e63ab-391c-e168-48d0-431b85a7b898" testName="third_person_tenses_active_negation" computerName="ARPAN-LAP" duration="00:00:00.0224496" startTime="2014-06-29T14:49:58.2501303+05:30" endTime="2014-06-29T14:49:58.2721315+05:30" testType="13cdc9d9-ddb5-4fa4-a97d-d965ccfc6d4b" outcome="Passed" testListId="8c84fa94-04c1-424b-9868-57a2d4851a1d" relativeResultsDirectory="b949eaa7-f3ca-4589-8b55-6cc7608d2108" dataRowInfo="2" resultType="DataDrivenDataRow" />
        <UnitTestResult executionId="97e0debd-96b6-4a4c-b1e7-e4f6730159ef" parentExecutionId="b949eaa7-f3ca-4589-8b55-6cc7608d2108" testId="fe3e63ab-391c-e168-48d0-431b85a7b898" testName="third_person_tenses_active_negation" computerName="ARPAN-LAP" duration="00:00:00.0259373" startTime="2014-06-29T14:49:58.2721315+05:30" endTime="2014-06-29T14:49:58.2981330+05:30" testType="13cdc9d9-ddb5-4fa4-a97d-d965ccfc6d4b" outcome="Passed" testListId="8c84fa94-04c1-424b-9868-57a2d4851a1d" relativeResultsDirectory="b949eaa7-f3ca-4589-8b55-6cc7608d2108" dataRowInfo="3" resultType="DataDrivenDataRow" />
        <UnitTestResult executionId="e84c3294-6673-4310-8ac3-857f2744d0b0" parentExecutionId="b949eaa7-f3ca-4589-8b55-6cc7608d2108" testId="fe3e63ab-391c-e168-48d0-431b85a7b898" testName="third_person_tenses_active_negation" computerName="ARPAN-LAP" duration="00:00:00.0204062" startTime="2014-06-29T14:49:58.2981330+05:30" endTime="2014-06-29T14:49:58.3191342+05:30" testType="13cdc9d9-ddb5-4fa4-a97d-d965ccfc6d4b" outcome="Passed" testListId="8c84fa94-04c1-424b-9868-57a2d4851a1d" relativeResultsDirectory="b949eaa7-f3ca-4589-8b55-6cc7608d2108" dataRowInfo="4" resultType="DataDrivenDataRow" />
        <UnitTestResult executionId="16d218e1-6499-479c-8258-ee6f1aa71bf0" parentExecutionId="b949eaa7-f3ca-4589-8b55-6cc7608d2108" testId="fe3e63ab-391c-e168-48d0-431b85a7b898" testName="third_person_tenses_active_negation" computerName="ARPAN-LAP" duration="00:00:00.0203698" startTime="2014-06-29T14:49:58.3191342+05:30" endTime="2014-06-29T14:49:58.3391354+05:30" testType="13cdc9d9-ddb5-4fa4-a97d-d965ccfc6d4b" outcome="Passed" testListId="8c84fa94-04c1-424b-9868-57a2d4851a1d" relativeResultsDirectory="b949eaa7-f3ca-4589-8b55-6cc7608d2108" dataRowInfo="5" resultType="DataDrivenDataRow" />
        <UnitTestResult executionId="67f2b3ae-778f-4db5-a58d-8bad113094c2" parentExecutionId="b949eaa7-f3ca-4589-8b55-6cc7608d2108" testId="fe3e63ab-391c-e168-48d0-431b85a7b898" testName="third_person_tenses_active_negation" computerName="ARPAN-LAP" duration="00:00:00.0214708" startTime="2014-06-29T14:49:58.3391354+05:30" endTime="2014-06-29T14:49:58.3611366+05:30" testType="13cdc9d9-ddb5-4fa4-a97d-d965ccfc6d4b" outcome="Passed" testListId="8c84fa94-04c1-424b-9868-57a2d4851a1d" relativeResultsDirectory="b949eaa7-f3ca-4589-8b55-6cc7608d2108" dataRowInfo="6" resultType="DataDrivenDataRow" />
        <UnitTestResult executionId="e1f98ef6-2410-4d13-bca7-3832981437a0" parentExecutionId="b949eaa7-f3ca-4589-8b55-6cc7608d2108" testId="fe3e63ab-391c-e168-48d0-431b85a7b898" testName="third_person_tenses_active_negation" computerName="ARPAN-LAP" duration="00:00:00.0308632" startTime="2014-06-29T14:49:58.3611366+05:30" endTime="2014-06-29T14:49:58.3911384+05:30" testType="13cdc9d9-ddb5-4fa4-a97d-d965ccfc6d4b" outcome="Passed" testListId="8c84fa94-04c1-424b-9868-57a2d4851a1d" relativeResultsDirectory="b949eaa7-f3ca-4589-8b55-6cc7608d2108" dataRowInfo="7" resultType="DataDrivenDataRow" />
        <UnitTestResult executionId="5245f285-636f-44a5-96a0-32392a2dceee" parentExecutionId="b949eaa7-f3ca-4589-8b55-6cc7608d2108" testId="fe3e63ab-391c-e168-48d0-431b85a7b898" testName="third_person_tenses_active_negation" computerName="ARPAN-LAP" duration="00:00:00.0209837" startTime="2014-06-29T14:49:58.3911384+05:30" endTime="2014-06-29T14:49:58.4121396+05:30" testType="13cdc9d9-ddb5-4fa4-a97d-d965ccfc6d4b" outcome="Passed" testListId="8c84fa94-04c1-424b-9868-57a2d4851a1d" relativeResultsDirectory="b949eaa7-f3ca-4589-8b55-6cc7608d2108" dataRowInfo="8" resultType="DataDrivenDataRow" />
        <UnitTestResult executionId="f140500e-1f35-459e-b43b-4a3eb219bc4e" parentExecutionId="b949eaa7-f3ca-4589-8b55-6cc7608d2108" testId="fe3e63ab-391c-e168-48d0-431b85a7b898" testName="third_person_tenses_active_negation" computerName="ARPAN-LAP" duration="00:00:00.0247029" startTime="2014-06-29T14:49:58.4131396+05:30" endTime="2014-06-29T14:49:58.4371410+05:30" testType="13cdc9d9-ddb5-4fa4-a97d-d965ccfc6d4b" outcome="Passed" testListId="8c84fa94-04c1-424b-9868-57a2d4851a1d" relativeResultsDirectory="b949eaa7-f3ca-4589-8b55-6cc7608d2108" dataRowInfo="9" resultType="DataDrivenDataRow" />
      </InnerResults>
    </UnitTestResult>
  </Results>
</TestRun>