<?xml version="1.0" encoding="UTF-8"?>
<TestRun id="e2d56d37-1059-41c9-b5c6-b26d8966ee20" name="Arghya@ARPAN-LAP 2014-06-29 12:32:36" runUser="ARPAN-LAP\Arghya" xmlns="http://microsoft.com/schemas/VisualStudio/TeamTest/2010">
  <TestSettings name="Default Test Settings" id="2dc2a54e-bc38-4e93-b7ea-b394b0f33b7e">
    <Deployment userDeploymentRoot="D:\software\Project\BNLP\TestResults" useDefaultDeploymentRoot="false" runDeploymentRoot="Arghya_ARPAN-LAP 2014-06-29 12_32_36" />
    <Execution>
      <TestTypeSpecific />
      <AgentRule name="Execution Agents">
      </AgentRule>
    </Execution>
  </TestSettings>
  <Times creation="2014-06-29T12:32:36.5299098+05:30" queuing="2014-06-29T12:32:36.9099315+05:30" start="2014-06-29T12:32:36.9419333+05:30" finish="2014-06-29T12:32:55.4279907+05:30" />
  <ResultSummary outcome="Failed">
    <Counters total="309" executed="309" passed="301" error="0" failed="8" timeout="0" aborted="0" inconclusive="0" passedButRunAborted="0" notRunnable="0" notExecuted="0" disconnected="0" warning="0" completed="0" inProgress="0" pending="0" />
    <RunInfos>
      <RunInfo computerName="ARPAN-LAP" outcome="Warning" timestamp="2014-06-29T12:32:36.8849301+05:30">
        <Text>Warning: Test Run deployment issue: Failed to get the file for deployment item '..\UnitTest\TestCases\wikipedia.xml' specified by the test 'UnitTest.BnlpTest.RandomWord': System.IO.DirectoryNotFoundException: Could not find a part of the path 'D:\software\Project\UnitTest\TestCases\wikipedia.xml'.</Text>
        <Exception>System.IO.DirectoryNotFoundException: Could not find a part of the path 'D:\software\Project\UnitTest\TestCases\wikipedia.xml'.
   at System.IO.__Error.WinIOError(Int32 errorCode, String maybeFullPath)
   at System.IO.File.GetAttributes(String path)
   at Microsoft.VisualStudio.TestTools.Common.SingleFileProvider.GetFilePaths()
   at Microsoft.VisualStudio.TestTools.TestManagement.DeploymentCoverageItem.GetFiles(TestRunConfiguration runConfig)
   at Microsoft.VisualStudio.TestTools.TestManagement.DeploymentManager.DoDeployment(TestRun run, FileCopyService fileCopyService)</Exception>
      </RunInfo>
      <RunInfo computerName="ARPAN-LAP" outcome="Warning" timestamp="2014-06-29T12:32:36.8859301+05:30">
        <Text>Warning: Test Run deployment issue: Failed to get the file for deployment item '..\UnitTest\TestCases\interrogative_sentences_who.xml' specified by the test 'UnitTest.BnlpTest.interrogative_sentences_who': System.IO.DirectoryNotFoundException: Could not find a part of the path 'D:\software\Project\UnitTest\TestCases\interrogative_sentences_who.xml'.</Text>
        <Exception>System.IO.DirectoryNotFoundException: Could not find a part of the path 'D:\software\Project\UnitTest\TestCases\interrogative_sentences_who.xml'.
   at System.IO.__Error.WinIOError(Int32 errorCode, String maybeFullPath)
   at System.IO.File.GetAttributes(String path)
   at Microsoft.VisualStudio.TestTools.Common.SingleFileProvider.GetFilePaths()
   at Microsoft.VisualStudio.TestTools.TestManagement.DeploymentCoverageItem.GetFiles(TestRunConfiguration runConfig)
   at Microsoft.VisualStudio.TestTools.TestManagement.DeploymentManager.DoDeployment(TestRun run, FileCopyService fileCopyService)</Exception>
      </RunInfo>
      <RunInfo computerName="ARPAN-LAP" outcome="Warning" timestamp="2014-06-29T12:32:36.8869302+05:30">
        <Text>Warning: Test Run deployment issue: Failed to get the file for deployment item '..\UnitTest\TestCases\special_handling_do_verb.xml' specified by the test 'UnitTest.BnlpTest.special_handling_do_verb': System.IO.DirectoryNotFoundException: Could not find a part of the path 'D:\software\Project\UnitTest\TestCases\special_handling_do_verb.xml'.</Text>
        <Exception>System.IO.DirectoryNotFoundException: Could not find a part of the path 'D:\software\Project\UnitTest\TestCases\special_handling_do_verb.xml'.
   at System.IO.__Error.WinIOError(Int32 errorCode, String maybeFullPath)
   at System.IO.File.GetAttributes(String path)
   at Microsoft.VisualStudio.TestTools.Common.SingleFileProvider.GetFilePaths()
   at Microsoft.VisualStudio.TestTools.TestManagement.DeploymentCoverageItem.GetFiles(TestRunConfiguration runConfig)
   at Microsoft.VisualStudio.TestTools.TestManagement.DeploymentManager.DoDeployment(TestRun run, FileCopyService fileCopyService)</Exception>
      </RunInfo>
      <RunInfo computerName="ARPAN-LAP" outcome="Warning" timestamp="2014-06-29T12:32:36.8889303+05:30">
        <Text>Warning: Test Run deployment issue: Failed to get the file for deployment item '..\UnitTest\TestCases\interrogative_sentences_which.xml' specified by the test 'UnitTest.BnlpTest.interrogative_sentences_which': System.IO.DirectoryNotFoundException: Could not find a part of the path 'D:\software\Project\UnitTest\TestCases\interrogative_sentences_which.xml'.</Text>
        <Exception>System.IO.DirectoryNotFoundException: Could not find a part of the path 'D:\software\Project\UnitTest\TestCases\interrogative_sentences_which.xml'.
   at System.IO.__Error.WinIOError(Int32 errorCode, String maybeFullPath)
   at System.IO.File.GetAttributes(String path)
   at Microsoft.VisualStudio.TestTools.Common.SingleFileProvider.GetFilePaths()
   at Microsoft.VisualStudio.TestTools.TestManagement.DeploymentCoverageItem.GetFiles(TestRunConfiguration runConfig)
   at Microsoft.VisualStudio.TestTools.TestManagement.DeploymentManager.DoDeployment(TestRun run, FileCopyService fileCopyService)</Exception>
      </RunInfo>
      <RunInfo computerName="ARPAN-LAP" outcome="Warning" timestamp="2014-06-29T12:32:36.8899304+05:30">
        <Text>Warning: Test Run deployment issue: Failed to get the file for deployment item '..\UnitTest\TestCases\all_persons_modal_should.xml' specified by the test 'UnitTest.BnlpTest.all_persons_modal_should': System.IO.DirectoryNotFoundException: Could not find a part of the path 'D:\software\Project\UnitTest\TestCases\all_persons_modal_should.xml'.</Text>
        <Exception>System.IO.DirectoryNotFoundException: Could not find a part of the path 'D:\software\Project\UnitTest\TestCases\all_persons_modal_should.xml'.
   at System.IO.__Error.WinIOError(Int32 errorCode, String maybeFullPath)
   at System.IO.File.GetAttributes(String path)
   at Microsoft.VisualStudio.TestTools.Common.SingleFileProvider.GetFilePaths()
   at Microsoft.VisualStudio.TestTools.TestManagement.DeploymentCoverageItem.GetFiles(TestRunConfiguration runConfig)
   at Microsoft.VisualStudio.TestTools.TestManagement.DeploymentManager.DoDeployment(TestRun run, FileCopyService fileCopyService)</Exception>
      </RunInfo>
      <RunInfo computerName="ARPAN-LAP" outcome="Warning" timestamp="2014-06-29T12:32:36.8909304+05:30">
        <Text>Warning: Test Run deployment issue: Failed to get the file for deployment item '..\UnitTest\TestCases\third_person_tenses_active.xml' specified by the test 'UnitTest.BnlpTest.third_person_tenses_active': System.IO.DirectoryNotFoundException: Could not find a part of the path 'D:\software\Project\UnitTest\TestCases\third_person_tenses_active.xml'.</Text>
        <Exception>System.IO.DirectoryNotFoundException: Could not find a part of the path 'D:\software\Project\UnitTest\TestCases\third_person_tenses_active.xml'.
   at System.IO.__Error.WinIOError(Int32 errorCode, String maybeFullPath)
   at System.IO.File.GetAttributes(String path)
   at Microsoft.VisualStudio.TestTools.Common.SingleFileProvider.GetFilePaths()
   at Microsoft.VisualStudio.TestTools.TestManagement.DeploymentCoverageItem.GetFiles(TestRunConfiguration runConfig)
   at Microsoft.VisualStudio.TestTools.TestManagement.DeploymentManager.DoDeployment(TestRun run, FileCopyService fileCopyService)</Exception>
      </RunInfo>
      <RunInfo computerName="ARPAN-LAP" outcome="Warning" timestamp="2014-06-29T12:32:36.8919305+05:30">
        <Text>Warning: Test Run deployment issue: Failed to get the file for deployment item '..\UnitTest\TestCases\all_persons_tenses_passive.xml' specified by the test 'UnitTest.BnlpTest.all_persons_tenses_passive': System.IO.DirectoryNotFoundException: Could not find a part of the path 'D:\software\Project\UnitTest\TestCases\all_persons_tenses_passive.xml'.</Text>
        <Exception>System.IO.DirectoryNotFoundException: Could not find a part of the path 'D:\software\Project\UnitTest\TestCases\all_persons_tenses_passive.xml'.
   at System.IO.__Error.WinIOError(Int32 errorCode, String maybeFullPath)
   at System.IO.File.GetAttributes(String path)
   at Microsoft.VisualStudio.TestTools.Common.SingleFileProvider.GetFilePaths()
   at Microsoft.VisualStudio.TestTools.TestManagement.DeploymentCoverageItem.GetFiles(TestRunConfiguration runConfig)
   at Microsoft.VisualStudio.TestTools.TestManagement.DeploymentManager.DoDeployment(TestRun run, FileCopyService fileCopyService)</Exception>
      </RunInfo>
      <RunInfo computerName="ARPAN-LAP" outcome="Warning" timestamp="2014-06-29T12:32:36.8929305+05:30">
        <Text>Warning: Test Run deployment issue: Failed to get the file for deployment item '..\UnitTest\TestCases\interrogative_sentences_aux.xml' specified by the test 'UnitTest.BnlpTest.interrogative_sentences_aux': System.IO.DirectoryNotFoundException: Could not find a part of the path 'D:\software\Project\UnitTest\TestCases\interrogative_sentences_aux.xml'.</Text>
        <Exception>System.IO.DirectoryNotFoundException: Could not find a part of the path 'D:\software\Project\UnitTest\TestCases\interrogative_sentences_aux.xml'.
   at System.IO.__Error.WinIOError(Int32 errorCode, String maybeFullPath)
   at System.IO.File.GetAttributes(String path)
   at Microsoft.VisualStudio.TestTools.Common.SingleFileProvider.GetFilePaths()
   at Microsoft.VisualStudio.TestTools.TestManagement.DeploymentCoverageItem.GetFiles(TestRunConfiguration runConfig)
   at Microsoft.VisualStudio.TestTools.TestManagement.DeploymentManager.DoDeployment(TestRun run, FileCopyService fileCopyService)</Exception>
      </RunInfo>
      <RunInfo computerName="ARPAN-LAP" outcome="Warning" timestamp="2014-06-29T12:32:36.8939306+05:30">
        <Text>Warning: Test Run deployment issue: Failed to get the file for deployment item '..\UnitTest\TestCases\second_person_tenses_active_negation.xml' specified by the test 'UnitTest.BnlpTest.second_person_tenses_active_negation': System.IO.DirectoryNotFoundException: Could not find a part of the path 'D:\software\Project\UnitTest\TestCases\second_person_tenses_active_negation.xml'.</Text>
        <Exception>System.IO.DirectoryNotFoundException: Could not find a part of the path 'D:\software\Project\UnitTest\TestCases\second_person_tenses_active_negation.xml'.
   at System.IO.__Error.WinIOError(Int32 errorCode, String maybeFullPath)
   at System.IO.File.GetAttributes(String path)
   at Microsoft.VisualStudio.TestTools.Common.SingleFileProvider.GetFilePaths()
   at Microsoft.VisualStudio.TestTools.TestManagement.DeploymentCoverageItem.GetFiles(TestRunConfiguration runConfig)
   at Microsoft.VisualStudio.TestTools.TestManagement.DeploymentManager.DoDeployment(TestRun run, FileCopyService fileCopyService)</Exception>
      </RunInfo>
      <RunInfo computerName="ARPAN-LAP" outcome="Warning" timestamp="2014-06-29T12:32:36.8949307+05:30">
        <Text>Warning: Test Run deployment issue: Failed to get the file for deployment item '..\UnitTest\TestCases\interrogative_sentences_where.xml' specified by the test 'UnitTest.BnlpTest.interrogative_sentences_where': System.IO.DirectoryNotFoundException: Could not find a part of the path 'D:\software\Project\UnitTest\TestCases\interrogative_sentences_where.xml'.</Text>
        <Exception>System.IO.DirectoryNotFoundException: Could not find a part of the path 'D:\software\Project\UnitTest\TestCases\interrogative_sentences_where.xml'.
   at System.IO.__Error.WinIOError(Int32 errorCode, String maybeFullPath)
   at System.IO.File.GetAttributes(String path)
   at Microsoft.VisualStudio.TestTools.Common.SingleFileProvider.GetFilePaths()
   at Microsoft.VisualStudio.TestTools.TestManagement.DeploymentCoverageItem.GetFiles(TestRunConfiguration runConfig)
   at Microsoft.VisualStudio.TestTools.TestManagement.DeploymentManager.DoDeployment(TestRun run, FileCopyService fileCopyService)</Exception>
      </RunInfo>
      <RunInfo computerName="ARPAN-LAP" outcome="Warning" timestamp="2014-06-29T12:32:36.8959307+05:30">
        <Text>Warning: Test Run deployment issue: Failed to get the file for deployment item '..\UnitTest\TestCases\prepositions_made_with_three_words.xml' specified by the test 'UnitTest.BnlpTest.prepositions_made_with_three_words': System.IO.DirectoryNotFoundException: Could not find a part of the path 'D:\software\Project\UnitTest\TestCases\prepositions_made_with_three_words.xml'.</Text>
        <Exception>System.IO.DirectoryNotFoundException: Could not find a part of the path 'D:\software\Project\UnitTest\TestCases\prepositions_made_with_three_words.xml'.
   at System.IO.__Error.WinIOError(Int32 errorCode, String maybeFullPath)
   at System.IO.File.GetAttributes(String path)
   at Microsoft.VisualStudio.TestTools.Common.SingleFileProvider.GetFilePaths()
   at Microsoft.VisualStudio.TestTools.TestManagement.DeploymentCoverageItem.GetFiles(TestRunConfiguration runConfig)
   at Microsoft.VisualStudio.TestTools.TestManagement.DeploymentManager.DoDeployment(TestRun run, FileCopyService fileCopyService)</Exception>
      </RunInfo>
      <RunInfo computerName="ARPAN-LAP" outcome="Warning" timestamp="2014-06-29T12:32:36.8969308+05:30">
        <Text>Warning: Test Run deployment issue: Failed to get the file for deployment item '..\UnitTest\TestCases\interrogative_sentences_what.xml' specified by the test 'UnitTest.BnlpTest.interrogative_sentences_what': System.IO.DirectoryNotFoundException: Could not find a part of the path 'D:\software\Project\UnitTest\TestCases\interrogative_sentences_what.xml'.</Text>
        <Exception>System.IO.DirectoryNotFoundException: Could not find a part of the path 'D:\software\Project\UnitTest\TestCases\interrogative_sentences_what.xml'.
   at System.IO.__Error.WinIOError(Int32 errorCode, String maybeFullPath)
   at System.IO.File.GetAttributes(String path)
   at Microsoft.VisualStudio.TestTools.Common.SingleFileProvider.GetFilePaths()
   at Microsoft.VisualStudio.TestTools.TestManagement.DeploymentCoverageItem.GetFiles(TestRunConfiguration runConfig)
   at Microsoft.VisualStudio.TestTools.TestManagement.DeploymentManager.DoDeployment(TestRun run, FileCopyService fileCopyService)</Exception>
      </RunInfo>
      <RunInfo computerName="ARPAN-LAP" outcome="Warning" timestamp="2014-06-29T12:32:36.8969308+05:30">
        <Text>Warning: Test Run deployment issue: Failed to get the file for deployment item '..\UnitTest\TestCases\interrogative_sentences_how.xml' specified by the test 'UnitTest.BnlpTest.interrogative_sentences_how': System.IO.DirectoryNotFoundException: Could not find a part of the path 'D:\software\Project\UnitTest\TestCases\interrogative_sentences_how.xml'.</Text>
        <Exception>System.IO.DirectoryNotFoundException: Could not find a part of the path 'D:\software\Project\UnitTest\TestCases\interrogative_sentences_how.xml'.
   at System.IO.__Error.WinIOError(Int32 errorCode, String maybeFullPath)
   at System.IO.File.GetAttributes(String path)
   at Microsoft.VisualStudio.TestTools.Common.SingleFileProvider.GetFilePaths()
   at Microsoft.VisualStudio.TestTools.TestManagement.DeploymentCoverageItem.GetFiles(TestRunConfiguration runConfig)
   at Microsoft.VisualStudio.TestTools.TestManagement.DeploymentManager.DoDeployment(TestRun run, FileCopyService fileCopyService)</Exception>
      </RunInfo>
      <RunInfo computerName="ARPAN-LAP" outcome="Warning" timestamp="2014-06-29T12:32:36.8979308+05:30">
        <Text>Warning: Test Run deployment issue: Failed to get the file for deployment item '..\UnitTest\TestCases\interrogative_sentences_whom.xml' specified by the test 'UnitTest.BnlpTest.interrogative_sentences_whom': System.IO.DirectoryNotFoundException: Could not find a part of the path 'D:\software\Project\UnitTest\TestCases\interrogative_sentences_whom.xml'.</Text>
        <Exception>System.IO.DirectoryNotFoundException: Could not find a part of the path 'D:\software\Project\UnitTest\TestCases\interrogative_sentences_whom.xml'.
   at System.IO.__Error.WinIOError(Int32 errorCode, String maybeFullPath)
   at System.IO.File.GetAttributes(String path)
   at Microsoft.VisualStudio.TestTools.Common.SingleFileProvider.GetFilePaths()
   at Microsoft.VisualStudio.TestTools.TestManagement.DeploymentCoverageItem.GetFiles(TestRunConfiguration runConfig)
   at Microsoft.VisualStudio.TestTools.TestManagement.DeploymentManager.DoDeployment(TestRun run, FileCopyService fileCopyService)</Exception>
      </RunInfo>
      <RunInfo computerName="ARPAN-LAP" outcome="Warning" timestamp="2014-06-29T12:32:36.8989309+05:30">
        <Text>Warning: Test Run deployment issue: Failed to get the file for deployment item '..\UnitTest\TestCases\second_person_tenses_active.xml' specified by the test 'UnitTest.BnlpTest.second_person_tenses_active': System.IO.DirectoryNotFoundException: Could not find a part of the path 'D:\software\Project\UnitTest\TestCases\second_person_tenses_active.xml'.</Text>
        <Exception>System.IO.DirectoryNotFoundException: Could not find a part of the path 'D:\software\Project\UnitTest\TestCases\second_person_tenses_active.xml'.
   at System.IO.__Error.WinIOError(Int32 errorCode, String maybeFullPath)
   at System.IO.File.GetAttributes(String path)
   at Microsoft.VisualStudio.TestTools.Common.SingleFileProvider.GetFilePaths()
   at Microsoft.VisualStudio.TestTools.TestManagement.DeploymentCoverageItem.GetFiles(TestRunConfiguration runConfig)
   at Microsoft.VisualStudio.TestTools.TestManagement.DeploymentManager.DoDeployment(TestRun run, FileCopyService fileCopyService)</Exception>
      </RunInfo>
      <RunInfo computerName="ARPAN-LAP" outcome="Warning" timestamp="2014-06-29T12:32:36.8999309+05:30">
        <Text>Warning: Test Run deployment issue: Failed to get the file for deployment item '..\UnitTest\TestCases\all_persons_modal_should_negation.xml' specified by the test 'UnitTest.BnlpTest.all_persons_modal_should_negation': System.IO.DirectoryNotFoundException: Could not find a part of the path 'D:\software\Project\UnitTest\TestCases\all_persons_modal_should_negation.xml'.</Text>
        <Exception>System.IO.DirectoryNotFoundException: Could not find a part of the path 'D:\software\Project\UnitTest\TestCases\all_persons_modal_should_negation.xml'.
   at System.IO.__Error.WinIOError(Int32 errorCode, String maybeFullPath)
   at System.IO.File.GetAttributes(String path)
   at Microsoft.VisualStudio.TestTools.Common.SingleFileProvider.GetFilePaths()
   at Microsoft.VisualStudio.TestTools.TestManagement.DeploymentCoverageItem.GetFiles(TestRunConfiguration runConfig)
   at Microsoft.VisualStudio.TestTools.TestManagement.DeploymentManager.DoDeployment(TestRun run, FileCopyService fileCopyService)</Exception>
      </RunInfo>
      <RunInfo computerName="ARPAN-LAP" outcome="Warning" timestamp="2014-06-29T12:32:36.9009310+05:30">
        <Text>Warning: Test Run deployment issue: Failed to get the file for deployment item '..\UnitTest\TestCases\first_person_tenses_active_negation.xml' specified by the test 'UnitTest.BnlpTest.first_person_tenses_active_negation': System.IO.DirectoryNotFoundException: Could not find a part of the path 'D:\software\Project\UnitTest\TestCases\first_person_tenses_active_negation.xml'.</Text>
        <Exception>System.IO.DirectoryNotFoundException: Could not find a part of the path 'D:\software\Project\UnitTest\TestCases\first_person_tenses_active_negation.xml'.
   at System.IO.__Error.WinIOError(Int32 errorCode, String maybeFullPath)
   at System.IO.File.GetAttributes(String path)
   at Microsoft.VisualStudio.TestTools.Common.SingleFileProvider.GetFilePaths()
   at Microsoft.VisualStudio.TestTools.TestManagement.DeploymentCoverageItem.GetFiles(TestRunConfiguration runConfig)
   at Microsoft.VisualStudio.TestTools.TestManagement.DeploymentManager.DoDeployment(TestRun run, FileCopyService fileCopyService)</Exception>
      </RunInfo>
      <RunInfo computerName="ARPAN-LAP" outcome="Warning" timestamp="2014-06-29T12:32:36.9019311+05:30">
        <Text>Warning: Test Run deployment issue: Failed to get the file for deployment item '..\UnitTest\TestCases\all_persons_modal_can_may_negation.xml' specified by the test 'UnitTest.BnlpTest.all_persons_modal_can_may_negation': System.IO.DirectoryNotFoundException: Could not find a part of the path 'D:\software\Project\UnitTest\TestCases\all_persons_modal_can_may_negation.xml'.</Text>
        <Exception>System.IO.DirectoryNotFoundException: Could not find a part of the path 'D:\software\Project\UnitTest\TestCases\all_persons_modal_can_may_negation.xml'.
   at System.IO.__Error.WinIOError(Int32 errorCode, String maybeFullPath)
   at System.IO.File.GetAttributes(String path)
   at Microsoft.VisualStudio.TestTools.Common.SingleFileProvider.GetFilePaths()
   at Microsoft.VisualStudio.TestTools.TestManagement.DeploymentCoverageItem.GetFiles(TestRunConfiguration runConfig)
   at Microsoft.VisualStudio.TestTools.TestManagement.DeploymentManager.DoDeployment(TestRun run, FileCopyService fileCopyService)</Exception>
      </RunInfo>
      <RunInfo computerName="ARPAN-LAP" outcome="Warning" timestamp="2014-06-29T12:32:36.9029311+05:30">
        <Text>Warning: Test Run deployment issue: Failed to get the file for deployment item '..\UnitTest\TestCases\third_person_tenses_active_negation.xml' specified by the test 'UnitTest.BnlpTest.third_person_tenses_active_negation': System.IO.DirectoryNotFoundException: Could not find a part of the path 'D:\software\Project\UnitTest\TestCases\third_person_tenses_active_negation.xml'.</Text>
        <Exception>System.IO.DirectoryNotFoundException: Could not find a part of the path 'D:\software\Project\UnitTest\TestCases\third_person_tenses_active_negation.xml'.
   at System.IO.__Error.WinIOError(Int32 errorCode, String maybeFullPath)
   at System.IO.File.GetAttributes(String path)
   at Microsoft.VisualStudio.TestTools.Common.SingleFileProvider.GetFilePaths()
   at Microsoft.VisualStudio.TestTools.TestManagement.DeploymentCoverageItem.GetFiles(TestRunConfiguration runConfig)
   at Microsoft.VisualStudio.TestTools.TestManagement.DeploymentManager.DoDeployment(TestRun run, FileCopyService fileCopyService)</Exception>
      </RunInfo>
      <RunInfo computerName="ARPAN-LAP" outcome="Warning" timestamp="2014-06-29T12:32:36.9039312+05:30">
        <Text>Warning: Test Run deployment issue: Failed to get the file for deployment item '..\UnitTest\TestCases\interrogative_sentences_do.xml' specified by the test 'UnitTest.BnlpTest.interrogative_sentences_do': System.IO.DirectoryNotFoundException: Could not find a part of the path 'D:\software\Project\UnitTest\TestCases\interrogative_sentences_do.xml'.</Text>
        <Exception>System.IO.DirectoryNotFoundException: Could not find a part of the path 'D:\software\Project\UnitTest\TestCases\interrogative_sentences_do.xml'.
   at System.IO.__Error.WinIOError(Int32 errorCode, String maybeFullPath)
   at System.IO.File.GetAttributes(String path)
   at Microsoft.VisualStudio.TestTools.Common.SingleFileProvider.GetFilePaths()
   at Microsoft.VisualStudio.TestTools.TestManagement.DeploymentCoverageItem.GetFiles(TestRunConfiguration runConfig)
   at Microsoft.VisualStudio.TestTools.TestManagement.DeploymentManager.DoDeployment(TestRun run, FileCopyService fileCopyService)</Exception>
      </RunInfo>
      <RunInfo computerName="ARPAN-LAP" outcome="Warning" timestamp="2014-06-29T12:32:36.9049312+05:30">
        <Text>Warning: Test Run deployment issue: Failed to get the file for deployment item '..\UnitTest\TestCases\auxiliary_verbs_as_main_verbs.xml' specified by the test 'UnitTest.BnlpTest.auxiliary_verbs_as_main_verbs': System.IO.DirectoryNotFoundException: Could not find a part of the path 'D:\software\Project\UnitTest\TestCases\auxiliary_verbs_as_main_verbs.xml'.</Text>
        <Exception>System.IO.DirectoryNotFoundException: Could not find a part of the path 'D:\software\Project\UnitTest\TestCases\auxiliary_verbs_as_main_verbs.xml'.
   at System.IO.__Error.WinIOError(Int32 errorCode, String maybeFullPath)
   at System.IO.File.GetAttributes(String path)
   at Microsoft.VisualStudio.TestTools.Common.SingleFileProvider.GetFilePaths()
   at Microsoft.VisualStudio.TestTools.TestManagement.DeploymentCoverageItem.GetFiles(TestRunConfiguration runConfig)
   at Microsoft.VisualStudio.TestTools.TestManagement.DeploymentManager.DoDeployment(TestRun run, FileCopyService fileCopyService)</Exception>
      </RunInfo>
      <RunInfo computerName="ARPAN-LAP" outcome="Warning" timestamp="2014-06-29T12:32:36.9059313+05:30">
        <Text>Warning: Test Run deployment issue: Failed to get the file for deployment item '..\UnitTest\TestCases\all_persons_tenses_passive_negation.xml' specified by the test 'UnitTest.BnlpTest.all_persons_tenses_passive_negation': System.IO.DirectoryNotFoundException: Could not find a part of the path 'D:\software\Project\UnitTest\TestCases\all_persons_tenses_passive_negation.xml'.</Text>
        <Exception>System.IO.DirectoryNotFoundException: Could not find a part of the path 'D:\software\Project\UnitTest\TestCases\all_persons_tenses_passive_negation.xml'.
   at System.IO.__Error.WinIOError(Int32 errorCode, String maybeFullPath)
   at System.IO.File.GetAttributes(String path)
   at Microsoft.VisualStudio.TestTools.Common.SingleFileProvider.GetFilePaths()
   at Microsoft.VisualStudio.TestTools.TestManagement.DeploymentCoverageItem.GetFiles(TestRunConfiguration runConfig)
   at Microsoft.VisualStudio.TestTools.TestManagement.DeploymentManager.DoDeployment(TestRun run, FileCopyService fileCopyService)</Exception>
      </RunInfo>
      <RunInfo computerName="ARPAN-LAP" outcome="Warning" timestamp="2014-06-29T12:32:36.9069313+05:30">
        <Text>Warning: Test Run deployment issue: Failed to get the file for deployment item '..\UnitTest\TestCases\prepositions_made_with_two_words.xml' specified by the test 'UnitTest.BnlpTest.prepositions_made_with_two_words': System.IO.DirectoryNotFoundException: Could not find a part of the path 'D:\software\Project\UnitTest\TestCases\prepositions_made_with_two_words.xml'.</Text>
        <Exception>System.IO.DirectoryNotFoundException: Could not find a part of the path 'D:\software\Project\UnitTest\TestCases\prepositions_made_with_two_words.xml'.
   at System.IO.__Error.WinIOError(Int32 errorCode, String maybeFullPath)
   at System.IO.File.GetAttributes(String path)
   at Microsoft.VisualStudio.TestTools.Common.SingleFileProvider.GetFilePaths()
   at Microsoft.VisualStudio.TestTools.TestManagement.DeploymentCoverageItem.GetFiles(TestRunConfiguration runConfig)
   at Microsoft.VisualStudio.TestTools.TestManagement.DeploymentManager.DoDeployment(TestRun run, FileCopyService fileCopyService)</Exception>
      </RunInfo>
      <RunInfo computerName="ARPAN-LAP" outcome="Warning" timestamp="2014-06-29T12:32:36.9079314+05:30">
        <Text>Warning: Test Run deployment issue: Failed to get the file for deployment item '..\UnitTest\TestCases\first_person_tenses_active.xml' specified by the test 'UnitTest.BnlpTest.first_person_tenses_active': System.IO.DirectoryNotFoundException: Could not find a part of the path 'D:\software\Project\UnitTest\TestCases\first_person_tenses_active.xml'.</Text>
        <Exception>System.IO.DirectoryNotFoundException: Could not find a part of the path 'D:\software\Project\UnitTest\TestCases\first_person_tenses_active.xml'.
   at System.IO.__Error.WinIOError(Int32 errorCode, String maybeFullPath)
   at System.IO.File.GetAttributes(String path)
   at Microsoft.VisualStudio.TestTools.Common.SingleFileProvider.GetFilePaths()
   at Microsoft.VisualStudio.TestTools.TestManagement.DeploymentCoverageItem.GetFiles(TestRunConfiguration runConfig)
   at Microsoft.VisualStudio.TestTools.TestManagement.DeploymentManager.DoDeployment(TestRun run, FileCopyService fileCopyService)</Exception>
      </RunInfo>
      <RunInfo computerName="ARPAN-LAP" outcome="Warning" timestamp="2014-06-29T12:32:36.9079314+05:30">
        <Text>Warning: Test Run deployment issue: Failed to get the file for deployment item '..\UnitTest\TestCases\interrogative_sentences_why.xml' specified by the test 'UnitTest.BnlpTest.interrogative_sentences_why': System.IO.DirectoryNotFoundException: Could not find a part of the path 'D:\software\Project\UnitTest\TestCases\interrogative_sentences_why.xml'.</Text>
        <Exception>System.IO.DirectoryNotFoundException: Could not find a part of the path 'D:\software\Project\UnitTest\TestCases\interrogative_sentences_why.xml'.
   at System.IO.__Error.WinIOError(Int32 errorCode, String maybeFullPath)
   at System.IO.File.GetAttributes(String path)
   at Microsoft.VisualStudio.TestTools.Common.SingleFileProvider.GetFilePaths()
   at Microsoft.VisualStudio.TestTools.TestManagement.DeploymentCoverageItem.GetFiles(TestRunConfiguration runConfig)
   at Microsoft.VisualStudio.TestTools.TestManagement.DeploymentManager.DoDeployment(TestRun run, FileCopyService fileCopyService)</Exception>
      </RunInfo>
      <RunInfo computerName="ARPAN-LAP" outcome="Warning" timestamp="2014-06-29T12:32:36.9089315+05:30">
        <Text>Warning: Test Run deployment issue: Failed to get the file for deployment item '..\UnitTest\TestCases\all_persons_modal_can_may.xml' specified by the test 'UnitTest.BnlpTest.all_persons_modal_can_may': System.IO.DirectoryNotFoundException: Could not find a part of the path 'D:\software\Project\UnitTest\TestCases\all_persons_modal_can_may.xml'.</Text>
        <Exception>System.IO.DirectoryNotFoundException: Could not find a part of the path 'D:\software\Project\UnitTest\TestCases\all_persons_modal_can_may.xml'.
   at System.IO.__Error.WinIOError(Int32 errorCode, String maybeFullPath)
   at System.IO.File.GetAttributes(String path)
   at Microsoft.VisualStudio.TestTools.Common.SingleFileProvider.GetFilePaths()
   at Microsoft.VisualStudio.TestTools.TestManagement.DeploymentCoverageItem.GetFiles(TestRunConfiguration runConfig)
   at Microsoft.VisualStudio.TestTools.TestManagement.DeploymentManager.DoDeployment(TestRun run, FileCopyService fileCopyService)</Exception>
      </RunInfo>
    </RunInfos>
  </ResultSummary>
  <TestDefinitions>
    <UnitTest name="prepositions_made_with_three_words" storage="d:\software\project\bnlp\unittest\bin\debug\unittest.dll" id="0f33848d-a900-d644-7498-2526887b5425">
      <DeploymentItems>
        <DeploymentItem filename="..\UnitTest\TestCases\prepositions_made_with_three_words.xml" />
      </DeploymentItems>
      <Execution id="fd2c26be-77af-403f-9bd4-b2b97532b5bc" />
      <TestMethod codeBase="D:/software/Project/BNLP/UnitTest/bin/Debug/UnitTest.DLL" adapterTypeName="Microsoft.VisualStudio.TestTools.TestTypes.Unit.UnitTestAdapter, Microsoft.VisualStudio.QualityTools.Tips.UnitTest.Adapter, Version=10.0.0.0, Culture=neutral, PublicKeyToken=b03f5f7f11d50a3a" className="UnitTest.BnlpTest, UnitTest, Version=1.0.0.0, Culture=neutral, PublicKeyToken=null" name="prepositions_made_with_three_words" />
      <DataSource connectionString="|DataDirectory|\TestCases\prepositions_made_with_three_words.xml" providerInvariantName="Microsoft.VisualStudio.TestTools.DataSource.XML" tableName="sentence" />
    </UnitTest>
    <UnitTest name="first_person_tenses_active" storage="d:\software\project\bnlp\unittest\bin\debug\unittest.dll" id="921e6ab0-d7c2-6005-e523-6fd2d5e1a723">
      <DeploymentItems>
        <DeploymentItem filename="..\UnitTest\TestCases\first_person_tenses_active.xml" />
      </DeploymentItems>
      <Execution id="e7db2fd2-0ba5-4032-8fec-ac8e2f62a59d" />
      <TestMethod codeBase="D:/software/Project/BNLP/UnitTest/bin/Debug/UnitTest.DLL" adapterTypeName="Microsoft.VisualStudio.TestTools.TestTypes.Unit.UnitTestAdapter, Microsoft.VisualStudio.QualityTools.Tips.UnitTest.Adapter, Version=10.0.0.0, Culture=neutral, PublicKeyToken=b03f5f7f11d50a3a" className="UnitTest.BnlpTest, UnitTest, Version=1.0.0.0, Culture=neutral, PublicKeyToken=null" name="first_person_tenses_active" />
      <DataSource connectionString="|DataDirectory|\TestCases\first_person_tenses_active.xml" providerInvariantName="Microsoft.VisualStudio.TestTools.DataSource.XML" tableName="sentence" />
    </UnitTest>
    <UnitTest name="interrogative_sentences_what" storage="d:\software\project\bnlp\unittest\bin\debug\unittest.dll" id="7f7910d1-dc89-39b4-b4cf-d9e6d7af9420">
      <DeploymentItems>
        <DeploymentItem filename="..\UnitTest\TestCases\interrogative_sentences_what.xml" />
      </DeploymentItems>
      <Execution id="8e3a9eed-ff79-466c-8666-3c36bd3eeabb" />
      <TestMethod codeBase="D:/software/Project/BNLP/UnitTest/bin/Debug/UnitTest.DLL" adapterTypeName="Microsoft.VisualStudio.TestTools.TestTypes.Unit.UnitTestAdapter, Microsoft.VisualStudio.QualityTools.Tips.UnitTest.Adapter, Version=10.0.0.0, Culture=neutral, PublicKeyToken=b03f5f7f11d50a3a" className="UnitTest.BnlpTest, UnitTest, Version=1.0.0.0, Culture=neutral, PublicKeyToken=null" name="interrogative_sentences_what" />
      <DataSource connectionString="|DataDirectory|\TestCases\interrogative_sentences_what.xml" providerInvariantName="Microsoft.VisualStudio.TestTools.DataSource.XML" tableName="sentence" />
    </UnitTest>
    <UnitTest name="all_persons_modal_should_negation" storage="d:\software\project\bnlp\unittest\bin\debug\unittest.dll" id="9319d01e-de3e-d310-c76e-cae8dce4c924">
      <DeploymentItems>
        <DeploymentItem filename="..\UnitTest\TestCases\all_persons_modal_should_negation.xml" />
      </DeploymentItems>
      <Execution id="9ed4e566-4781-4a28-80a5-cad7e9e47310" />
      <TestMethod codeBase="D:/software/Project/BNLP/UnitTest/bin/Debug/UnitTest.DLL" adapterTypeName="Microsoft.VisualStudio.TestTools.TestTypes.Unit.UnitTestAdapter, Microsoft.VisualStudio.QualityTools.Tips.UnitTest.Adapter, Version=10.0.0.0, Culture=neutral, PublicKeyToken=b03f5f7f11d50a3a" className="UnitTest.BnlpTest, UnitTest, Version=1.0.0.0, Culture=neutral, PublicKeyToken=null" name="all_persons_modal_should_negation" />
      <DataSource connectionString="|DataDirectory|\TestCases\all_persons_modal_should_negation.xml" providerInvariantName="Microsoft.VisualStudio.TestTools.DataSource.XML" tableName="sentence" />
    </UnitTest>
    <UnitTest name="prepositions_made_with_two_words" storage="d:\software\project\bnlp\unittest\bin\debug\unittest.dll" id="0f337a75-1a2d-d9c3-6c5f-23ed2604b69d">
      <DeploymentItems>
        <DeploymentItem filename="..\UnitTest\TestCases\prepositions_made_with_two_words.xml" />
      </DeploymentItems>
      <Execution id="7343b8dc-48e7-42e6-98e8-9d54a4eff37c" />
      <TestMethod codeBase="D:/software/Project/BNLP/UnitTest/bin/Debug/UnitTest.DLL" adapterTypeName="Microsoft.VisualStudio.TestTools.TestTypes.Unit.UnitTestAdapter, Microsoft.VisualStudio.QualityTools.Tips.UnitTest.Adapter, Version=10.0.0.0, Culture=neutral, PublicKeyToken=b03f5f7f11d50a3a" className="UnitTest.BnlpTest, UnitTest, Version=1.0.0.0, Culture=neutral, PublicKeyToken=null" name="prepositions_made_with_two_words" />
      <DataSource connectionString="|DataDirectory|\TestCases\prepositions_made_with_two_words.xml" providerInvariantName="Microsoft.VisualStudio.TestTools.DataSource.XML" tableName="sentence" />
    </UnitTest>
    <UnitTest name="interrogative_sentences_do" storage="d:\software\project\bnlp\unittest\bin\debug\unittest.dll" id="1d63c318-78a9-9011-f5c0-0b01884a2881">
      <DeploymentItems>
        <DeploymentItem filename="..\UnitTest\TestCases\interrogative_sentences_do.xml" />
      </DeploymentItems>
      <Execution id="87b552f8-1bc1-48ce-baa5-ed12f7ad22ca" />
      <TestMethod codeBase="D:/software/Project/BNLP/UnitTest/bin/Debug/UnitTest.DLL" adapterTypeName="Microsoft.VisualStudio.TestTools.TestTypes.Unit.UnitTestAdapter, Microsoft.VisualStudio.QualityTools.Tips.UnitTest.Adapter, Version=10.0.0.0, Culture=neutral, PublicKeyToken=b03f5f7f11d50a3a" className="UnitTest.BnlpTest, UnitTest, Version=1.0.0.0, Culture=neutral, PublicKeyToken=null" name="interrogative_sentences_do" />
      <DataSource connectionString="|DataDirectory|\TestCases\interrogative_sentences_do.xml" providerInvariantName="Microsoft.VisualStudio.TestTools.DataSource.XML" tableName="sentence" />
    </UnitTest>
    <UnitTest name="all_persons_tenses_passive_negation" storage="d:\software\project\bnlp\unittest\bin\debug\unittest.dll" id="bdfe92b2-f4ac-73a5-f13d-5c1ea13721b4">
      <DeploymentItems>
        <DeploymentItem filename="..\UnitTest\TestCases\all_persons_tenses_passive_negation.xml" />
      </DeploymentItems>
      <Execution id="d0a89491-f6c1-43b5-97fc-9c58ed931fd6" />
      <TestMethod codeBase="D:/software/Project/BNLP/UnitTest/bin/Debug/UnitTest.DLL" adapterTypeName="Microsoft.VisualStudio.TestTools.TestTypes.Unit.UnitTestAdapter, Microsoft.VisualStudio.QualityTools.Tips.UnitTest.Adapter, Version=10.0.0.0, Culture=neutral, PublicKeyToken=b03f5f7f11d50a3a" className="UnitTest.BnlpTest, UnitTest, Version=1.0.0.0, Culture=neutral, PublicKeyToken=null" name="all_persons_tenses_passive_negation" />
      <DataSource connectionString="|DataDirectory|\TestCases\all_persons_tenses_passive_negation.xml" providerInvariantName="Microsoft.VisualStudio.TestTools.DataSource.XML" tableName="sentence" />
    </UnitTest>
    <UnitTest name="third_person_tenses_active_negation" storage="d:\software\project\bnlp\unittest\bin\debug\unittest.dll" id="fe3e63ab-391c-e168-48d0-431b85a7b898">
      <DeploymentItems>
        <DeploymentItem filename="..\UnitTest\TestCases\third_person_tenses_active_negation.xml" />
      </DeploymentItems>
      <Execution id="3b012db5-0665-4062-874e-e19789c908fe" />
      <TestMethod codeBase="D:/software/Project/BNLP/UnitTest/bin/Debug/UnitTest.DLL" adapterTypeName="Microsoft.VisualStudio.TestTools.TestTypes.Unit.UnitTestAdapter, Microsoft.VisualStudio.QualityTools.Tips.UnitTest.Adapter, Version=10.0.0.0, Culture=neutral, PublicKeyToken=b03f5f7f11d50a3a" className="UnitTest.BnlpTest, UnitTest, Version=1.0.0.0, Culture=neutral, PublicKeyToken=null" name="third_person_tenses_active_negation" />
      <DataSource connectionString="|DataDirectory|\TestCases\third_person_tenses_active_negation.xml" providerInvariantName="Microsoft.VisualStudio.TestTools.DataSource.XML" tableName="sentence" />
    </UnitTest>
    <UnitTest name="all_persons_modal_should" storage="d:\software\project\bnlp\unittest\bin\debug\unittest.dll" id="783915fe-114a-e353-78dd-56e92a60f942">
      <DeploymentItems>
        <DeploymentItem filename="..\UnitTest\TestCases\all_persons_modal_should.xml" />
      </DeploymentItems>
      <Execution id="f821ad25-0e54-4e2c-bd87-3b8ac8177ddb" />
      <TestMethod codeBase="D:/software/Project/BNLP/UnitTest/bin/Debug/UnitTest.DLL" adapterTypeName="Microsoft.VisualStudio.TestTools.TestTypes.Unit.UnitTestAdapter, Microsoft.VisualStudio.QualityTools.Tips.UnitTest.Adapter, Version=10.0.0.0, Culture=neutral, PublicKeyToken=b03f5f7f11d50a3a" className="UnitTest.BnlpTest, UnitTest, Version=1.0.0.0, Culture=neutral, PublicKeyToken=null" name="all_persons_modal_should" />
      <DataSource connectionString="|DataDirectory|\TestCases\all_persons_modal_should.xml" providerInvariantName="Microsoft.VisualStudio.TestTools.DataSource.XML" tableName="sentence" />
    </UnitTest>
    <UnitTest name="second_person_tenses_active" storage="d:\software\project\bnlp\unittest\bin\debug\unittest.dll" id="30ab3285-6a8c-14d2-9725-bd60892ccd90">
      <DeploymentItems>
        <DeploymentItem filename="..\UnitTest\TestCases\second_person_tenses_active.xml" />
      </DeploymentItems>
      <Execution id="2c1b941a-ce46-4b13-9dce-32576f7eea0d" />
      <TestMethod codeBase="D:/software/Project/BNLP/UnitTest/bin/Debug/UnitTest.DLL" adapterTypeName="Microsoft.VisualStudio.TestTools.TestTypes.Unit.UnitTestAdapter, Microsoft.VisualStudio.QualityTools.Tips.UnitTest.Adapter, Version=10.0.0.0, Culture=neutral, PublicKeyToken=b03f5f7f11d50a3a" className="UnitTest.BnlpTest, UnitTest, Version=1.0.0.0, Culture=neutral, PublicKeyToken=null" name="second_person_tenses_active" />
      <DataSource connectionString="|DataDirectory|\TestCases\second_person_tenses_active.xml" providerInvariantName="Microsoft.VisualStudio.TestTools.DataSource.XML" tableName="sentence" />
    </UnitTest>
    <UnitTest name="interrogative_sentences_who" storage="d:\software\project\bnlp\unittest\bin\debug\unittest.dll" id="32b5d279-0d23-e5ad-0301-234c8788f740">
      <DeploymentItems>
        <DeploymentItem filename="..\UnitTest\TestCases\interrogative_sentences_who.xml" />
      </DeploymentItems>
      <Execution id="89a908bf-7cac-43e3-8759-2ca50af68f3b" />
      <TestMethod codeBase="D:/software/Project/BNLP/UnitTest/bin/Debug/UnitTest.DLL" adapterTypeName="Microsoft.VisualStudio.TestTools.TestTypes.Unit.UnitTestAdapter, Microsoft.VisualStudio.QualityTools.Tips.UnitTest.Adapter, Version=10.0.0.0, Culture=neutral, PublicKeyToken=b03f5f7f11d50a3a" className="UnitTest.BnlpTest, UnitTest, Version=1.0.0.0, Culture=neutral, PublicKeyToken=null" name="interrogative_sentences_who" />
      <DataSource connectionString="|DataDirectory|\TestCases\interrogative_sentences_who.xml" providerInvariantName="Microsoft.VisualStudio.TestTools.DataSource.XML" tableName="sentence" />
    </UnitTest>
    <UnitTest name="all_persons_modal_can_may" storage="d:\software\project\bnlp\unittest\bin\debug\unittest.dll" id="8fe5ccb3-a3f4-0f61-ad21-e94ef029e900">
      <DeploymentItems>
        <DeploymentItem filename="..\UnitTest\TestCases\all_persons_modal_can_may.xml" />
      </DeploymentItems>
      <Execution id="4d8becfb-d591-4ec8-9483-96865f542dc7" />
      <TestMethod codeBase="D:/software/Project/BNLP/UnitTest/bin/Debug/UnitTest.DLL" adapterTypeName="Microsoft.VisualStudio.TestTools.TestTypes.Unit.UnitTestAdapter, Microsoft.VisualStudio.QualityTools.Tips.UnitTest.Adapter, Version=10.0.0.0, Culture=neutral, PublicKeyToken=b03f5f7f11d50a3a" className="UnitTest.BnlpTest, UnitTest, Version=1.0.0.0, Culture=neutral, PublicKeyToken=null" name="all_persons_modal_can_may" />
      <DataSource connectionString="|DataDirectory|\TestCases\all_persons_modal_can_may.xml" providerInvariantName="Microsoft.VisualStudio.TestTools.DataSource.XML" tableName="sentence" />
    </UnitTest>
    <UnitTest name="interrogative_sentences_how" storage="d:\software\project\bnlp\unittest\bin\debug\unittest.dll" id="227f20ae-8e76-eb71-39b2-4ada3ce6aba8">
      <DeploymentItems>
        <DeploymentItem filename="..\UnitTest\TestCases\interrogative_sentences_how.xml" />
      </DeploymentItems>
      <Execution id="7c0703af-7efa-4eaa-ab9a-a8f6ff58e3b9" />
      <TestMethod codeBase="D:/software/Project/BNLP/UnitTest/bin/Debug/UnitTest.DLL" adapterTypeName="Microsoft.VisualStudio.TestTools.TestTypes.Unit.UnitTestAdapter, Microsoft.VisualStudio.QualityTools.Tips.UnitTest.Adapter, Version=10.0.0.0, Culture=neutral, PublicKeyToken=b03f5f7f11d50a3a" className="UnitTest.BnlpTest, UnitTest, Version=1.0.0.0, Culture=neutral, PublicKeyToken=null" name="interrogative_sentences_how" />
      <DataSource connectionString="|DataDirectory|\TestCases\interrogative_sentences_how.xml" providerInvariantName="Microsoft.VisualStudio.TestTools.DataSource.XML" tableName="sentence" />
    </UnitTest>
    <UnitTest name="all_persons_modal_can_may_negation" storage="d:\software\project\bnlp\unittest\bin\debug\unittest.dll" id="d03eb628-bf1f-c27d-aeef-e708d613d686">
      <DeploymentItems>
        <DeploymentItem filename="..\UnitTest\TestCases\all_persons_modal_can_may_negation.xml" />
      </DeploymentItems>
      <Execution id="c2f6e318-3717-484e-960b-ba72974a604e" />
      <TestMethod codeBase="D:/software/Project/BNLP/UnitTest/bin/Debug/UnitTest.DLL" adapterTypeName="Microsoft.VisualStudio.TestTools.TestTypes.Unit.UnitTestAdapter, Microsoft.VisualStudio.QualityTools.Tips.UnitTest.Adapter, Version=10.0.0.0, Culture=neutral, PublicKeyToken=b03f5f7f11d50a3a" className="UnitTest.BnlpTest, UnitTest, Version=1.0.0.0, Culture=neutral, PublicKeyToken=null" name="all_persons_modal_can_may_negation" />
      <DataSource connectionString="|DataDirectory|\TestCases\all_persons_modal_can_may_negation.xml" providerInvariantName="Microsoft.VisualStudio.TestTools.DataSource.XML" tableName="sentence" />
    </UnitTest>
    <UnitTest name="RandomWord" storage="d:\software\project\bnlp\unittest\bin\debug\unittest.dll" id="642ce34f-0ed4-f995-637b-09297c832f2a">
      <DeploymentItems>
        <DeploymentItem filename="..\UnitTest\TestCases\wikipedia.xml" />
      </DeploymentItems>
      <Execution id="b7836b41-7b59-4587-a873-bd82e177f6d7" />
      <TestMethod codeBase="D:/software/Project/BNLP/UnitTest/bin/Debug/UnitTest.DLL" adapterTypeName="Microsoft.VisualStudio.TestTools.TestTypes.Unit.UnitTestAdapter, Microsoft.VisualStudio.QualityTools.Tips.UnitTest.Adapter, Version=10.0.0.0, Culture=neutral, PublicKeyToken=b03f5f7f11d50a3a" className="UnitTest.BnlpTest, UnitTest, Version=1.0.0.0, Culture=neutral, PublicKeyToken=null" name="RandomWord" />
      <DataSource connectionString="|DataDirectory|\TestCases\wikipedia.xml" providerInvariantName="Microsoft.VisualStudio.TestTools.DataSource.XML" tableName="sentence" />
    </UnitTest>
    <UnitTest name="second_person_tenses_active_negation" storage="d:\software\project\bnlp\unittest\bin\debug\unittest.dll" id="83c68223-dcaa-51dd-423f-434210a59f77">
      <DeploymentItems>
        <DeploymentItem filename="..\UnitTest\TestCases\second_person_tenses_active_negation.xml" />
      </DeploymentItems>
      <Execution id="ed9ebb3e-bfc8-4ea2-b285-fd6795b47c8d" />
      <TestMethod codeBase="D:/software/Project/BNLP/UnitTest/bin/Debug/UnitTest.DLL" adapterTypeName="Microsoft.VisualStudio.TestTools.TestTypes.Unit.UnitTestAdapter, Microsoft.VisualStudio.QualityTools.Tips.UnitTest.Adapter, Version=10.0.0.0, Culture=neutral, PublicKeyToken=b03f5f7f11d50a3a" className="UnitTest.BnlpTest, UnitTest, Version=1.0.0.0, Culture=neutral, PublicKeyToken=null" name="second_person_tenses_active_negation" />
      <DataSource connectionString="|DataDirectory|\TestCases\second_person_tenses_active_negation.xml" providerInvariantName="Microsoft.VisualStudio.TestTools.DataSource.XML" tableName="sentence" />
    </UnitTest>
    <UnitTest name="interrogative_sentences_why" storage="d:\software\project\bnlp\unittest\bin\debug\unittest.dll" id="1b04a6d6-5350-792c-8eba-a46a0eb28949">
      <DeploymentItems>
        <DeploymentItem filename="..\UnitTest\TestCases\interrogative_sentences_why.xml" />
      </DeploymentItems>
      <Execution id="dca4c598-4031-4dcb-b763-cc9d833087aa" />
      <TestMethod codeBase="D:/software/Project/BNLP/UnitTest/bin/Debug/UnitTest.DLL" adapterTypeName="Microsoft.VisualStudio.TestTools.TestTypes.Unit.UnitTestAdapter, Microsoft.VisualStudio.QualityTools.Tips.UnitTest.Adapter, Version=10.0.0.0, Culture=neutral, PublicKeyToken=b03f5f7f11d50a3a" className="UnitTest.BnlpTest, UnitTest, Version=1.0.0.0, Culture=neutral, PublicKeyToken=null" name="interrogative_sentences_why" />
      <DataSource connectionString="|DataDirectory|\TestCases\interrogative_sentences_why.xml" providerInvariantName="Microsoft.VisualStudio.TestTools.DataSource.XML" tableName="sentence" />
    </UnitTest>
    <UnitTest name="interrogative_sentences_which" storage="d:\software\project\bnlp\unittest\bin\debug\unittest.dll" id="97a1371f-e8e6-db3e-323e-49ffeef32df1">
      <DeploymentItems>
        <DeploymentItem filename="..\UnitTest\TestCases\interrogative_sentences_which.xml" />
      </DeploymentItems>
      <Execution id="91deee7b-766b-4228-8636-90adfbde8b2c" />
      <TestMethod codeBase="D:/software/Project/BNLP/UnitTest/bin/Debug/UnitTest.DLL" adapterTypeName="Microsoft.VisualStudio.TestTools.TestTypes.Unit.UnitTestAdapter, Microsoft.VisualStudio.QualityTools.Tips.UnitTest.Adapter, Version=10.0.0.0, Culture=neutral, PublicKeyToken=b03f5f7f11d50a3a" className="UnitTest.BnlpTest, UnitTest, Version=1.0.0.0, Culture=neutral, PublicKeyToken=null" name="interrogative_sentences_which" />
      <DataSource connectionString="|DataDirectory|\TestCases\interrogative_sentences_which.xml" providerInvariantName="Microsoft.VisualStudio.TestTools.DataSource.XML" tableName="sentence" />
    </UnitTest>
    <UnitTest name="third_person_tenses_active" storage="d:\software\project\bnlp\unittest\bin\debug\unittest.dll" id="0bc2f98c-98f5-f190-c78c-c00d94c547a1">
      <DeploymentItems>
        <DeploymentItem filename="..\UnitTest\TestCases\third_person_tenses_active.xml" />
      </DeploymentItems>
      <Execution id="e9e8fcdf-4c71-403d-b6f2-e8857f4dc215" />
      <TestMethod codeBase="D:/software/Project/BNLP/UnitTest/bin/Debug/UnitTest.DLL" adapterTypeName="Microsoft.VisualStudio.TestTools.TestTypes.Unit.UnitTestAdapter, Microsoft.VisualStudio.QualityTools.Tips.UnitTest.Adapter, Version=10.0.0.0, Culture=neutral, PublicKeyToken=b03f5f7f11d50a3a" className="UnitTest.BnlpTest, UnitTest, Version=1.0.0.0, Culture=neutral, PublicKeyToken=null" name="third_person_tenses_active" />
      <DataSource connectionString="|DataDirectory|\TestCases\third_person_tenses_active.xml" providerInvariantName="Microsoft.VisualStudio.TestTools.DataSource.XML" tableName="sentence" />
    </UnitTest>
    <UnitTest name="auxiliary_verbs_as_main_verbs" storage="d:\software\project\bnlp\unittest\bin\debug\unittest.dll" id="c79146bc-2376-961a-5de9-441b5dfc7188">
      <DeploymentItems>
        <DeploymentItem filename="..\UnitTest\TestCases\auxiliary_verbs_as_main_verbs.xml" />
      </DeploymentItems>
      <Execution id="bf2574be-f527-44b8-9e50-a341d7e4cc03" />
      <TestMethod codeBase="D:/software/Project/BNLP/UnitTest/bin/Debug/UnitTest.DLL" adapterTypeName="Microsoft.VisualStudio.TestTools.TestTypes.Unit.UnitTestAdapter, Microsoft.VisualStudio.QualityTools.Tips.UnitTest.Adapter, Version=10.0.0.0, Culture=neutral, PublicKeyToken=b03f5f7f11d50a3a" className="UnitTest.BnlpTest, UnitTest, Version=1.0.0.0, Culture=neutral, PublicKeyToken=null" name="auxiliary_verbs_as_main_verbs" />
      <DataSource connectionString="|DataDirectory|\TestCases\auxiliary_verbs_as_main_verbs.xml" providerInvariantName="Microsoft.VisualStudio.TestTools.DataSource.XML" tableName="sentence" />
    </UnitTest>
    <UnitTest name="special_handling_do_verb" storage="d:\software\project\bnlp\unittest\bin\debug\unittest.dll" id="533e7939-123c-ce84-5c5c-d5a21d1d95b9">
      <DeploymentItems>
        <DeploymentItem filename="..\UnitTest\TestCases\special_handling_do_verb.xml" />
      </DeploymentItems>
      <Execution id="7a26fad2-6991-49de-9cc8-8d03258cffbb" />
      <TestMethod codeBase="D:/software/Project/BNLP/UnitTest/bin/Debug/UnitTest.DLL" adapterTypeName="Microsoft.VisualStudio.TestTools.TestTypes.Unit.UnitTestAdapter, Microsoft.VisualStudio.QualityTools.Tips.UnitTest.Adapter, Version=10.0.0.0, Culture=neutral, PublicKeyToken=b03f5f7f11d50a3a" className="UnitTest.BnlpTest, UnitTest, Version=1.0.0.0, Culture=neutral, PublicKeyToken=null" name="special_handling_do_verb" />
      <DataSource connectionString="|DataDirectory|\TestCases\special_handling_do_verb.xml" providerInvariantName="Microsoft.VisualStudio.TestTools.DataSource.XML" tableName="sentence" />
    </UnitTest>
    <UnitTest name="interrogative_sentences_whom" storage="d:\software\project\bnlp\unittest\bin\debug\unittest.dll" id="4e91a3b9-9eae-ebff-0b97-303f00578a78">
      <DeploymentItems>
        <DeploymentItem filename="..\UnitTest\TestCases\interrogative_sentences_whom.xml" />
      </DeploymentItems>
      <Execution id="bb5884d5-930f-441a-b69f-ecf8f68f29df" />
      <TestMethod codeBase="D:/software/Project/BNLP/UnitTest/bin/Debug/UnitTest.DLL" adapterTypeName="Microsoft.VisualStudio.TestTools.TestTypes.Unit.UnitTestAdapter, Microsoft.VisualStudio.QualityTools.Tips.UnitTest.Adapter, Version=10.0.0.0, Culture=neutral, PublicKeyToken=b03f5f7f11d50a3a" className="UnitTest.BnlpTest, UnitTest, Version=1.0.0.0, Culture=neutral, PublicKeyToken=null" name="interrogative_sentences_whom" />
      <DataSource connectionString="|DataDirectory|\TestCases\interrogative_sentences_whom.xml" providerInvariantName="Microsoft.VisualStudio.TestTools.DataSource.XML" tableName="sentence" />
    </UnitTest>
    <UnitTest name="interrogative_sentences_where" storage="d:\software\project\bnlp\unittest\bin\debug\unittest.dll" id="b9261b51-b0a2-10e2-9308-22bb2624de8b">
      <DeploymentItems>
        <DeploymentItem filename="..\UnitTest\TestCases\interrogative_sentences_where.xml" />
      </DeploymentItems>
      <Execution id="222e3bed-8132-444d-b06b-8f1081107263" />
      <TestMethod codeBase="D:/software/Project/BNLP/UnitTest/bin/Debug/UnitTest.DLL" adapterTypeName="Microsoft.VisualStudio.TestTools.TestTypes.Unit.UnitTestAdapter, Microsoft.VisualStudio.QualityTools.Tips.UnitTest.Adapter, Version=10.0.0.0, Culture=neutral, PublicKeyToken=b03f5f7f11d50a3a" className="UnitTest.BnlpTest, UnitTest, Version=1.0.0.0, Culture=neutral, PublicKeyToken=null" name="interrogative_sentences_where" />
      <DataSource connectionString="|DataDirectory|\TestCases\interrogative_sentences_where.xml" providerInvariantName="Microsoft.VisualStudio.TestTools.DataSource.XML" tableName="sentence" />
    </UnitTest>
    <UnitTest name="interrogative_sentences_aux" storage="d:\software\project\bnlp\unittest\bin\debug\unittest.dll" id="39dcb97e-c73f-c645-a77c-64d9eba0a3a3">
      <DeploymentItems>
        <DeploymentItem filename="..\UnitTest\TestCases\interrogative_sentences_aux.xml" />
      </DeploymentItems>
      <Execution id="ce85101d-6c4e-4c84-bbba-ddd044314c65" />
      <TestMethod codeBase="D:/software/Project/BNLP/UnitTest/bin/Debug/UnitTest.DLL" adapterTypeName="Microsoft.VisualStudio.TestTools.TestTypes.Unit.UnitTestAdapter, Microsoft.VisualStudio.QualityTools.Tips.UnitTest.Adapter, Version=10.0.0.0, Culture=neutral, PublicKeyToken=b03f5f7f11d50a3a" className="UnitTest.BnlpTest, UnitTest, Version=1.0.0.0, Culture=neutral, PublicKeyToken=null" name="interrogative_sentences_aux" />
      <DataSource connectionString="|DataDirectory|\TestCases\interrogative_sentences_aux.xml" providerInvariantName="Microsoft.VisualStudio.TestTools.DataSource.XML" tableName="sentence" />
    </UnitTest>
    <UnitTest name="all_persons_tenses_passive" storage="d:\software\project\bnlp\unittest\bin\debug\unittest.dll" id="d766a059-d96c-7b47-e6a6-34931760df96">
      <DeploymentItems>
        <DeploymentItem filename="..\UnitTest\TestCases\all_persons_tenses_passive.xml" />
      </DeploymentItems>
      <Execution id="dec02c26-a422-4c7e-8be4-be180c4dba0f" />
      <TestMethod codeBase="D:/software/Project/BNLP/UnitTest/bin/Debug/UnitTest.DLL" adapterTypeName="Microsoft.VisualStudio.TestTools.TestTypes.Unit.UnitTestAdapter, Microsoft.VisualStudio.QualityTools.Tips.UnitTest.Adapter, Version=10.0.0.0, Culture=neutral, PublicKeyToken=b03f5f7f11d50a3a" className="UnitTest.BnlpTest, UnitTest, Version=1.0.0.0, Culture=neutral, PublicKeyToken=null" name="all_persons_tenses_passive" />
      <DataSource connectionString="|DataDirectory|\TestCases\all_persons_tenses_passive.xml" providerInvariantName="Microsoft.VisualStudio.TestTools.DataSource.XML" tableName="sentence" />
    </UnitTest>
    <UnitTest name="first_person_tenses_active_negation" storage="d:\software\project\bnlp\unittest\bin\debug\unittest.dll" id="15fe5bf6-5078-81a8-0356-385549390bb7">
      <DeploymentItems>
        <DeploymentItem filename="..\UnitTest\TestCases\first_person_tenses_active_negation.xml" />
      </DeploymentItems>
      <Execution id="b5d2d4b3-a43b-4304-82cc-3ef66fb52b6d" />
      <TestMethod codeBase="D:/software/Project/BNLP/UnitTest/bin/Debug/UnitTest.DLL" adapterTypeName="Microsoft.VisualStudio.TestTools.TestTypes.Unit.UnitTestAdapter, Microsoft.VisualStudio.QualityTools.Tips.UnitTest.Adapter, Version=10.0.0.0, Culture=neutral, PublicKeyToken=b03f5f7f11d50a3a" className="UnitTest.BnlpTest, UnitTest, Version=1.0.0.0, Culture=neutral, PublicKeyToken=null" name="first_person_tenses_active_negation" />
      <DataSource connectionString="|DataDirectory|\TestCases\first_person_tenses_active_negation.xml" providerInvariantName="Microsoft.VisualStudio.TestTools.DataSource.XML" tableName="sentence" />
    </UnitTest>
  </TestDefinitions>
  <TestLists>
    <TestList name="Results Not in a List" id="8c84fa94-04c1-424b-9868-57a2d4851a1d" />
    <TestList name="All Loaded Results" id="19431567-8539-422a-85d7-44ee4e166bda" />
  </TestLists>
  <TestEntries>
    <TestEntry testId="0bc2f98c-98f5-f190-c78c-c00d94c547a1" executionId="e9e8fcdf-4c71-403d-b6f2-e8857f4dc215" testListId="8c84fa94-04c1-424b-9868-57a2d4851a1d" />
    <TestEntry testId="0f337a75-1a2d-d9c3-6c5f-23ed2604b69d" executionId="7343b8dc-48e7-42e6-98e8-9d54a4eff37c" testListId="8c84fa94-04c1-424b-9868-57a2d4851a1d" />
    <TestEntry testId="0f33848d-a900-d644-7498-2526887b5425" executionId="fd2c26be-77af-403f-9bd4-b2b97532b5bc" testListId="8c84fa94-04c1-424b-9868-57a2d4851a1d" />
    <TestEntry testId="15fe5bf6-5078-81a8-0356-385549390bb7" executionId="b5d2d4b3-a43b-4304-82cc-3ef66fb52b6d" testListId="8c84fa94-04c1-424b-9868-57a2d4851a1d" />
    <TestEntry testId="1b04a6d6-5350-792c-8eba-a46a0eb28949" executionId="dca4c598-4031-4dcb-b763-cc9d833087aa" testListId="8c84fa94-04c1-424b-9868-57a2d4851a1d" />
    <TestEntry testId="1d63c318-78a9-9011-f5c0-0b01884a2881" executionId="87b552f8-1bc1-48ce-baa5-ed12f7ad22ca" testListId="8c84fa94-04c1-424b-9868-57a2d4851a1d" />
    <TestEntry testId="227f20ae-8e76-eb71-39b2-4ada3ce6aba8" executionId="7c0703af-7efa-4eaa-ab9a-a8f6ff58e3b9" testListId="8c84fa94-04c1-424b-9868-57a2d4851a1d" />
    <TestEntry testId="30ab3285-6a8c-14d2-9725-bd60892ccd90" executionId="2c1b941a-ce46-4b13-9dce-32576f7eea0d" testListId="8c84fa94-04c1-424b-9868-57a2d4851a1d" />
    <TestEntry testId="32b5d279-0d23-e5ad-0301-234c8788f740" executionId="89a908bf-7cac-43e3-8759-2ca50af68f3b" testListId="8c84fa94-04c1-424b-9868-57a2d4851a1d" />
    <TestEntry testId="39dcb97e-c73f-c645-a77c-64d9eba0a3a3" executionId="ce85101d-6c4e-4c84-bbba-ddd044314c65" testListId="8c84fa94-04c1-424b-9868-57a2d4851a1d" />
    <TestEntry testId="4e91a3b9-9eae-ebff-0b97-303f00578a78" executionId="bb5884d5-930f-441a-b69f-ecf8f68f29df" testListId="8c84fa94-04c1-424b-9868-57a2d4851a1d" />
    <TestEntry testId="533e7939-123c-ce84-5c5c-d5a21d1d95b9" executionId="7a26fad2-6991-49de-9cc8-8d03258cffbb" testListId="8c84fa94-04c1-424b-9868-57a2d4851a1d" />
    <TestEntry testId="642ce34f-0ed4-f995-637b-09297c832f2a" executionId="b7836b41-7b59-4587-a873-bd82e177f6d7" testListId="8c84fa94-04c1-424b-9868-57a2d4851a1d" />
    <TestEntry testId="783915fe-114a-e353-78dd-56e92a60f942" executionId="f821ad25-0e54-4e2c-bd87-3b8ac8177ddb" testListId="8c84fa94-04c1-424b-9868-57a2d4851a1d" />
    <TestEntry testId="7f7910d1-dc89-39b4-b4cf-d9e6d7af9420" executionId="8e3a9eed-ff79-466c-8666-3c36bd3eeabb" testListId="8c84fa94-04c1-424b-9868-57a2d4851a1d" />
    <TestEntry testId="83c68223-dcaa-51dd-423f-434210a59f77" executionId="ed9ebb3e-bfc8-4ea2-b285-fd6795b47c8d" testListId="8c84fa94-04c1-424b-9868-57a2d4851a1d" />
    <TestEntry testId="8fe5ccb3-a3f4-0f61-ad21-e94ef029e900" executionId="4d8becfb-d591-4ec8-9483-96865f542dc7" testListId="8c84fa94-04c1-424b-9868-57a2d4851a1d" />
    <TestEntry testId="921e6ab0-d7c2-6005-e523-6fd2d5e1a723" executionId="e7db2fd2-0ba5-4032-8fec-ac8e2f62a59d" testListId="8c84fa94-04c1-424b-9868-57a2d4851a1d" />
    <TestEntry testId="9319d01e-de3e-d310-c76e-cae8dce4c924" executionId="9ed4e566-4781-4a28-80a5-cad7e9e47310" testListId="8c84fa94-04c1-424b-9868-57a2d4851a1d" />
    <TestEntry testId="97a1371f-e8e6-db3e-323e-49ffeef32df1" executionId="91deee7b-766b-4228-8636-90adfbde8b2c" testListId="8c84fa94-04c1-424b-9868-57a2d4851a1d" />
    <TestEntry testId="b9261b51-b0a2-10e2-9308-22bb2624de8b" executionId="222e3bed-8132-444d-b06b-8f1081107263" testListId="8c84fa94-04c1-424b-9868-57a2d4851a1d" />
    <TestEntry testId="bdfe92b2-f4ac-73a5-f13d-5c1ea13721b4" executionId="d0a89491-f6c1-43b5-97fc-9c58ed931fd6" testListId="8c84fa94-04c1-424b-9868-57a2d4851a1d" />
    <TestEntry testId="c79146bc-2376-961a-5de9-441b5dfc7188" executionId="bf2574be-f527-44b8-9e50-a341d7e4cc03" testListId="8c84fa94-04c1-424b-9868-57a2d4851a1d" />
    <TestEntry testId="d03eb628-bf1f-c27d-aeef-e708d613d686" executionId="c2f6e318-3717-484e-960b-ba72974a604e" testListId="8c84fa94-04c1-424b-9868-57a2d4851a1d" />
    <TestEntry testId="d766a059-d96c-7b47-e6a6-34931760df96" executionId="dec02c26-a422-4c7e-8be4-be180c4dba0f" testListId="8c84fa94-04c1-424b-9868-57a2d4851a1d" />
    <TestEntry testId="fe3e63ab-391c-e168-48d0-431b85a7b898" executionId="3b012db5-0665-4062-874e-e19789c908fe" testListId="8c84fa94-04c1-424b-9868-57a2d4851a1d" />
  </TestEntries>
  <Results>
    <UnitTestResult executionId="e9e8fcdf-4c71-403d-b6f2-e8857f4dc215" testId="0bc2f98c-98f5-f190-c78c-c00d94c547a1" testName="third_person_tenses_active" computerName="ARPAN-LAP" duration="00:00:08.4477388" startTime="2014-06-29T12:32:36.9539340+05:30" endTime="2014-06-29T12:32:45.8494428+05:30" testType="13cdc9d9-ddb5-4fa4-a97d-d965ccfc6d4b" outcome="Passed" testListId="8c84fa94-04c1-424b-9868-57a2d4851a1d" relativeResultsDirectory="e9e8fcdf-4c71-403d-b6f2-e8857f4dc215" resultType="DataDrivenTest">
      <Counters error="0" failed="0" timeout="0" aborted="0" inconclusive="0" passedButRunAborted="0" notRunnable="0" notExecuted="0" disconnected="0" warning="0" passed="10" completed="0" inProgress="0" pending="0" />
      <InnerResults>
        <UnitTestResult executionId="5ed78fb8-34ca-4782-b436-adf6360fb603" parentExecutionId="e9e8fcdf-4c71-403d-b6f2-e8857f4dc215" testId="0bc2f98c-98f5-f190-c78c-c00d94c547a1" testName="third_person_tenses_active" computerName="ARPAN-LAP" duration="00:00:08.1173650" startTime="2014-06-29T12:32:37.3149547+05:30" endTime="2014-06-29T12:32:45.4384193+05:30" testType="13cdc9d9-ddb5-4fa4-a97d-d965ccfc6d4b" outcome="Passed" testListId="8c84fa94-04c1-424b-9868-57a2d4851a1d" relativeResultsDirectory="e9e8fcdf-4c71-403d-b6f2-e8857f4dc215" dataRowInfo="0" resultType="DataDrivenDataRow" />
        <UnitTestResult executionId="b8266e15-83be-48b7-95d7-cb40bb2df270" parentExecutionId="e9e8fcdf-4c71-403d-b6f2-e8857f4dc215" testId="0bc2f98c-98f5-f190-c78c-c00d94c547a1" testName="third_person_tenses_active" computerName="ARPAN-LAP" duration="00:00:00.0772511" startTime="2014-06-29T12:32:45.4384193+05:30" endTime="2014-06-29T12:32:45.5154237+05:30" testType="13cdc9d9-ddb5-4fa4-a97d-d965ccfc6d4b" outcome="Passed" testListId="8c84fa94-04c1-424b-9868-57a2d4851a1d" relativeResultsDirectory="e9e8fcdf-4c71-403d-b6f2-e8857f4dc215" dataRowInfo="1" resultType="DataDrivenDataRow" />
        <UnitTestResult executionId="5d7c2c07-5064-4b82-8bcc-97cd3d7bf8c8" parentExecutionId="e9e8fcdf-4c71-403d-b6f2-e8857f4dc215" testId="0bc2f98c-98f5-f190-c78c-c00d94c547a1" testName="third_person_tenses_active" computerName="ARPAN-LAP" duration="00:00:00.0866476" startTime="2014-06-29T12:32:45.5154237+05:30" endTime="2014-06-29T12:32:45.6024287+05:30" testType="13cdc9d9-ddb5-4fa4-a97d-d965ccfc6d4b" outcome="Passed" testListId="8c84fa94-04c1-424b-9868-57a2d4851a1d" relativeResultsDirectory="e9e8fcdf-4c71-403d-b6f2-e8857f4dc215" dataRowInfo="2" resultType="DataDrivenDataRow" />
        <UnitTestResult executionId="ae614732-be91-4c5d-a25e-09b04c6d1280" parentExecutionId="e9e8fcdf-4c71-403d-b6f2-e8857f4dc215" testId="0bc2f98c-98f5-f190-c78c-c00d94c547a1" testName="third_person_tenses_active" computerName="ARPAN-LAP" duration="00:00:00.0268965" startTime="2014-06-29T12:32:45.6024287+05:30" endTime="2014-06-29T12:32:45.6294302+05:30" testType="13cdc9d9-ddb5-4fa4-a97d-d965ccfc6d4b" outcome="Passed" testListId="8c84fa94-04c1-424b-9868-57a2d4851a1d" relativeResultsDirectory="e9e8fcdf-4c71-403d-b6f2-e8857f4dc215" dataRowInfo="3" resultType="DataDrivenDataRow" />
        <UnitTestResult executionId="6a2c0ae1-2aae-453e-a7e2-95f724f7fbd9" parentExecutionId="e9e8fcdf-4c71-403d-b6f2-e8857f4dc215" testId="0bc2f98c-98f5-f190-c78c-c00d94c547a1" testName="third_person_tenses_active" computerName="ARPAN-LAP" duration="00:00:00.0149655" startTime="2014-06-29T12:32:45.6294302+05:30" endTime="2014-06-29T12:32:45.6444311+05:30" testType="13cdc9d9-ddb5-4fa4-a97d-d965ccfc6d4b" outcome="Passed" testListId="8c84fa94-04c1-424b-9868-57a2d4851a1d" relativeResultsDirectory="e9e8fcdf-4c71-403d-b6f2-e8857f4dc215" dataRowInfo="4" resultType="DataDrivenDataRow" />
        <UnitTestResult executionId="fe11e48b-0549-48eb-9e02-c7bc75e89e1d" parentExecutionId="e9e8fcdf-4c71-403d-b6f2-e8857f4dc215" testId="0bc2f98c-98f5-f190-c78c-c00d94c547a1" testName="third_person_tenses_active" computerName="ARPAN-LAP" duration="00:00:00.0200684" startTime="2014-06-29T12:32:45.6444311+05:30" endTime="2014-06-29T12:32:45.6644322+05:30" testType="13cdc9d9-ddb5-4fa4-a97d-d965ccfc6d4b" outcome="Passed" testListId="8c84fa94-04c1-424b-9868-57a2d4851a1d" relativeResultsDirectory="e9e8fcdf-4c71-403d-b6f2-e8857f4dc215" dataRowInfo="5" resultType="DataDrivenDataRow" />
        <UnitTestResult executionId="25945e56-9625-499b-8364-5ae8e2f2693d" parentExecutionId="e9e8fcdf-4c71-403d-b6f2-e8857f4dc215" testId="0bc2f98c-98f5-f190-c78c-c00d94c547a1" testName="third_person_tenses_active" computerName="ARPAN-LAP" duration="00:00:00.0197882" startTime="2014-06-29T12:32:45.6644322+05:30" endTime="2014-06-29T12:32:45.6844334+05:30" testType="13cdc9d9-ddb5-4fa4-a97d-d965ccfc6d4b" outcome="Passed" testListId="8c84fa94-04c1-424b-9868-57a2d4851a1d" relativeResultsDirectory="e9e8fcdf-4c71-403d-b6f2-e8857f4dc215" dataRowInfo="6" resultType="DataDrivenDataRow" />
        <UnitTestResult executionId="53c2c726-ec19-4b80-b6ef-63ded16312fb" parentExecutionId="e9e8fcdf-4c71-403d-b6f2-e8857f4dc215" testId="0bc2f98c-98f5-f190-c78c-c00d94c547a1" testName="third_person_tenses_active" computerName="ARPAN-LAP" duration="00:00:00.0233287" startTime="2014-06-29T12:32:45.6844334+05:30" endTime="2014-06-29T12:32:45.7074347+05:30" testType="13cdc9d9-ddb5-4fa4-a97d-d965ccfc6d4b" outcome="Passed" testListId="8c84fa94-04c1-424b-9868-57a2d4851a1d" relativeResultsDirectory="e9e8fcdf-4c71-403d-b6f2-e8857f4dc215" dataRowInfo="7" resultType="DataDrivenDataRow" />
        <UnitTestResult executionId="7686a0f5-903f-444b-a7cc-4549b07be007" parentExecutionId="e9e8fcdf-4c71-403d-b6f2-e8857f4dc215" testId="0bc2f98c-98f5-f190-c78c-c00d94c547a1" testName="third_person_tenses_active" computerName="ARPAN-LAP" duration="00:00:00.0193750" startTime="2014-06-29T12:32:45.7074347+05:30" endTime="2014-06-29T12:32:45.7264358+05:30" testType="13cdc9d9-ddb5-4fa4-a97d-d965ccfc6d4b" outcome="Passed" testListId="8c84fa94-04c1-424b-9868-57a2d4851a1d" relativeResultsDirectory="e9e8fcdf-4c71-403d-b6f2-e8857f4dc215" dataRowInfo="8" resultType="DataDrivenDataRow" />
        <UnitTestResult executionId="2978b1d3-8991-44fa-b5c5-67f61d88dd22" parentExecutionId="e9e8fcdf-4c71-403d-b6f2-e8857f4dc215" testId="0bc2f98c-98f5-f190-c78c-c00d94c547a1" testName="third_person_tenses_active" computerName="ARPAN-LAP" duration="00:00:00.0235684" startTime="2014-06-29T12:32:45.7264358+05:30" endTime="2014-06-29T12:32:45.7504372+05:30" testType="13cdc9d9-ddb5-4fa4-a97d-d965ccfc6d4b" outcome="Passed" testListId="8c84fa94-04c1-424b-9868-57a2d4851a1d" relativeResultsDirectory="e9e8fcdf-4c71-403d-b6f2-e8857f4dc215" dataRowInfo="9" resultType="DataDrivenDataRow" />
      </InnerResults>
    </UnitTestResult>
    <UnitTestResult executionId="7343b8dc-48e7-42e6-98e8-9d54a4eff37c" testId="0f337a75-1a2d-d9c3-6c5f-23ed2604b69d" testName="prepositions_made_with_two_words" computerName="ARPAN-LAP" duration="00:00:00.1332939" startTime="2014-06-29T12:32:45.8584433+05:30" endTime="2014-06-29T12:32:46.0084519+05:30" testType="13cdc9d9-ddb5-4fa4-a97d-d965ccfc6d4b" outcome="Passed" testListId="8c84fa94-04c1-424b-9868-57a2d4851a1d" relativeResultsDirectory="7343b8dc-48e7-42e6-98e8-9d54a4eff37c" resultType="DataDrivenTest">
      <Counters error="0" failed="0" timeout="0" aborted="0" inconclusive="0" passedButRunAborted="0" notRunnable="0" notExecuted="0" disconnected="0" warning="0" passed="3" completed="0" inProgress="0" pending="0" />
      <InnerResults>
        <UnitTestResult executionId="6a163f00-0911-4c2e-8dde-a0c8312f770f" parentExecutionId="7343b8dc-48e7-42e6-98e8-9d54a4eff37c" testId="0f337a75-1a2d-d9c3-6c5f-23ed2604b69d" testName="prepositions_made_with_two_words" computerName="ARPAN-LAP" duration="00:00:00.0379827" startTime="2014-06-29T12:32:45.8654437+05:30" endTime="2014-06-29T12:32:45.9034459+05:30" testType="13cdc9d9-ddb5-4fa4-a97d-d965ccfc6d4b" outcome="Passed" testListId="8c84fa94-04c1-424b-9868-57a2d4851a1d" relativeResultsDirectory="7343b8dc-48e7-42e6-98e8-9d54a4eff37c" dataRowInfo="0" resultType="DataDrivenDataRow" />
        <UnitTestResult executionId="5fae47f4-4e80-4836-9bca-e1797c67ae3a" parentExecutionId="7343b8dc-48e7-42e6-98e8-9d54a4eff37c" testId="0f337a75-1a2d-d9c3-6c5f-23ed2604b69d" testName="prepositions_made_with_two_words" computerName="ARPAN-LAP" duration="00:00:00.0447235" startTime="2014-06-29T12:32:45.9034459+05:30" endTime="2014-06-29T12:32:45.9474484+05:30" testType="13cdc9d9-ddb5-4fa4-a97d-d965ccfc6d4b" outcome="Passed" testListId="8c84fa94-04c1-424b-9868-57a2d4851a1d" relativeResultsDirectory="7343b8dc-48e7-42e6-98e8-9d54a4eff37c" dataRowInfo="1" resultType="DataDrivenDataRow" />
        <UnitTestResult executionId="f38f58ff-85dc-4205-9911-9753f73a359b" parentExecutionId="7343b8dc-48e7-42e6-98e8-9d54a4eff37c" testId="0f337a75-1a2d-d9c3-6c5f-23ed2604b69d" testName="prepositions_made_with_two_words" computerName="ARPAN-LAP" duration="00:00:00.0488184" startTime="2014-06-29T12:32:45.9474484+05:30" endTime="2014-06-29T12:32:45.9964512+05:30" testType="13cdc9d9-ddb5-4fa4-a97d-d965ccfc6d4b" outcome="Passed" testListId="8c84fa94-04c1-424b-9868-57a2d4851a1d" relativeResultsDirectory="7343b8dc-48e7-42e6-98e8-9d54a4eff37c" dataRowInfo="2" resultType="DataDrivenDataRow" />
      </InnerResults>
    </UnitTestResult>
    <UnitTestResult executionId="fd2c26be-77af-403f-9bd4-b2b97532b5bc" testId="0f33848d-a900-d644-7498-2526887b5425" testName="prepositions_made_with_three_words" computerName="ARPAN-LAP" duration="00:00:00.1953876" startTime="2014-06-29T12:32:46.0094520+05:30" endTime="2014-06-29T12:32:46.2234642+05:30" testType="13cdc9d9-ddb5-4fa4-a97d-d965ccfc6d4b" outcome="Passed" testListId="8c84fa94-04c1-424b-9868-57a2d4851a1d" relativeResultsDirectory="fd2c26be-77af-403f-9bd4-b2b97532b5bc" resultType="DataDrivenTest">
      <Counters error="0" failed="0" timeout="0" aborted="0" inconclusive="0" passedButRunAborted="0" notRunnable="0" notExecuted="0" disconnected="0" warning="0" passed="4" completed="0" inProgress="0" pending="0" />
      <InnerResults>
        <UnitTestResult executionId="bb24402b-f8e7-45d8-9915-db047b47facb" parentExecutionId="fd2c26be-77af-403f-9bd4-b2b97532b5bc" testId="0f33848d-a900-d644-7498-2526887b5425" testName="prepositions_made_with_three_words" computerName="ARPAN-LAP" duration="00:00:00.0360368" startTime="2014-06-29T12:32:46.0174524+05:30" endTime="2014-06-29T12:32:46.0534545+05:30" testType="13cdc9d9-ddb5-4fa4-a97d-d965ccfc6d4b" outcome="Passed" testListId="8c84fa94-04c1-424b-9868-57a2d4851a1d" relativeResultsDirectory="fd2c26be-77af-403f-9bd4-b2b97532b5bc" dataRowInfo="0" resultType="DataDrivenDataRow" />
        <UnitTestResult executionId="8b32494f-5169-48b6-b214-39f5e4b58303" parentExecutionId="fd2c26be-77af-403f-9bd4-b2b97532b5bc" testId="0f33848d-a900-d644-7498-2526887b5425" testName="prepositions_made_with_three_words" computerName="ARPAN-LAP" duration="00:00:00.0426889" startTime="2014-06-29T12:32:46.0534545+05:30" endTime="2014-06-29T12:32:46.0954569+05:30" testType="13cdc9d9-ddb5-4fa4-a97d-d965ccfc6d4b" outcome="Passed" testListId="8c84fa94-04c1-424b-9868-57a2d4851a1d" relativeResultsDirectory="fd2c26be-77af-403f-9bd4-b2b97532b5bc" dataRowInfo="1" resultType="DataDrivenDataRow" />
        <UnitTestResult executionId="35ce5fd1-511e-411b-bbd0-5c20a88d476b" parentExecutionId="fd2c26be-77af-403f-9bd4-b2b97532b5bc" testId="0f33848d-a900-d644-7498-2526887b5425" testName="prepositions_made_with_three_words" computerName="ARPAN-LAP" duration="00:00:00.0665720" startTime="2014-06-29T12:32:46.0954569+05:30" endTime="2014-06-29T12:32:46.1624607+05:30" testType="13cdc9d9-ddb5-4fa4-a97d-d965ccfc6d4b" outcome="Passed" testListId="8c84fa94-04c1-424b-9868-57a2d4851a1d" relativeResultsDirectory="fd2c26be-77af-403f-9bd4-b2b97532b5bc" dataRowInfo="2" resultType="DataDrivenDataRow" />
        <UnitTestResult executionId="37ca6767-7163-4070-ad77-8ecac398cfeb" parentExecutionId="fd2c26be-77af-403f-9bd4-b2b97532b5bc" testId="0f33848d-a900-d644-7498-2526887b5425" testName="prepositions_made_with_three_words" computerName="ARPAN-LAP" duration="00:00:00.0471502" startTime="2014-06-29T12:32:46.1624607+05:30" endTime="2014-06-29T12:32:46.2094634+05:30" testType="13cdc9d9-ddb5-4fa4-a97d-d965ccfc6d4b" outcome="Passed" testListId="8c84fa94-04c1-424b-9868-57a2d4851a1d" relativeResultsDirectory="fd2c26be-77af-403f-9bd4-b2b97532b5bc" dataRowInfo="3" resultType="DataDrivenDataRow" />
      </InnerResults>
    </UnitTestResult>
    <UnitTestResult executionId="b5d2d4b3-a43b-4304-82cc-3ef66fb52b6d" testId="15fe5bf6-5078-81a8-0356-385549390bb7" testName="first_person_tenses_active_negation" computerName="ARPAN-LAP" duration="00:00:00.2761634" startTime="2014-06-29T12:32:46.2254643+05:30" endTime="2014-06-29T12:32:46.5504829+05:30" testType="13cdc9d9-ddb5-4fa4-a97d-d965ccfc6d4b" outcome="Passed" testListId="8c84fa94-04c1-424b-9868-57a2d4851a1d" relativeResultsDirectory="b5d2d4b3-a43b-4304-82cc-3ef66fb52b6d" resultType="DataDrivenTest">
      <Counters error="0" failed="0" timeout="0" aborted="0" inconclusive="0" passedButRunAborted="0" notRunnable="0" notExecuted="0" disconnected="0" warning="0" passed="10" completed="0" inProgress="0" pending="0" />
      <InnerResults>
        <UnitTestResult executionId="18c896b4-0286-4ef6-a2bb-063bf862cd30" parentExecutionId="b5d2d4b3-a43b-4304-82cc-3ef66fb52b6d" testId="15fe5bf6-5078-81a8-0356-385549390bb7" testName="first_person_tenses_active_negation" computerName="ARPAN-LAP" duration="00:00:00.0240956" startTime="2014-06-29T12:32:46.2324647+05:30" endTime="2014-06-29T12:32:46.2564661+05:30" testType="13cdc9d9-ddb5-4fa4-a97d-d965ccfc6d4b" outcome="Passed" testListId="8c84fa94-04c1-424b-9868-57a2d4851a1d" relativeResultsDirectory="b5d2d4b3-a43b-4304-82cc-3ef66fb52b6d" dataRowInfo="0" resultType="DataDrivenDataRow" />
        <UnitTestResult executionId="51a3b12c-9cf6-40e8-9074-927dbd7669c5" parentExecutionId="b5d2d4b3-a43b-4304-82cc-3ef66fb52b6d" testId="15fe5bf6-5078-81a8-0356-385549390bb7" testName="first_person_tenses_active_negation" computerName="ARPAN-LAP" duration="00:00:00.0273163" startTime="2014-06-29T12:32:46.2574662+05:30" endTime="2014-06-29T12:32:46.2844677+05:30" testType="13cdc9d9-ddb5-4fa4-a97d-d965ccfc6d4b" outcome="Passed" testListId="8c84fa94-04c1-424b-9868-57a2d4851a1d" relativeResultsDirectory="b5d2d4b3-a43b-4304-82cc-3ef66fb52b6d" dataRowInfo="1" resultType="DataDrivenDataRow" />
        <UnitTestResult executionId="15395c8e-6bf9-4665-9b6d-5c1079ff3c42" parentExecutionId="b5d2d4b3-a43b-4304-82cc-3ef66fb52b6d" testId="15fe5bf6-5078-81a8-0356-385549390bb7" testName="first_person_tenses_active_negation" computerName="ARPAN-LAP" duration="00:00:00.0270479" startTime="2014-06-29T12:32:46.2844677+05:30" endTime="2014-06-29T12:32:46.3114692+05:30" testType="13cdc9d9-ddb5-4fa4-a97d-d965ccfc6d4b" outcome="Passed" testListId="8c84fa94-04c1-424b-9868-57a2d4851a1d" relativeResultsDirectory="b5d2d4b3-a43b-4304-82cc-3ef66fb52b6d" dataRowInfo="2" resultType="DataDrivenDataRow" />
        <UnitTestResult executionId="d18fb396-e218-45bb-9fca-81361b9313c4" parentExecutionId="b5d2d4b3-a43b-4304-82cc-3ef66fb52b6d" testId="15fe5bf6-5078-81a8-0356-385549390bb7" testName="first_person_tenses_active_negation" computerName="ARPAN-LAP" duration="00:00:00.0315262" startTime="2014-06-29T12:32:46.3114692+05:30" endTime="2014-06-29T12:32:46.3434711+05:30" testType="13cdc9d9-ddb5-4fa4-a97d-d965ccfc6d4b" outcome="Passed" testListId="8c84fa94-04c1-424b-9868-57a2d4851a1d" relativeResultsDirectory="b5d2d4b3-a43b-4304-82cc-3ef66fb52b6d" dataRowInfo="3" resultType="DataDrivenDataRow" />
        <UnitTestResult executionId="c0a21eea-788c-4d78-916e-17181c2ffc74" parentExecutionId="b5d2d4b3-a43b-4304-82cc-3ef66fb52b6d" testId="15fe5bf6-5078-81a8-0356-385549390bb7" testName="first_person_tenses_active_negation" computerName="ARPAN-LAP" duration="00:00:00.0234493" startTime="2014-06-29T12:32:46.3434711+05:30" endTime="2014-06-29T12:32:46.3664724+05:30" testType="13cdc9d9-ddb5-4fa4-a97d-d965ccfc6d4b" outcome="Passed" testListId="8c84fa94-04c1-424b-9868-57a2d4851a1d" relativeResultsDirectory="b5d2d4b3-a43b-4304-82cc-3ef66fb52b6d" dataRowInfo="4" resultType="DataDrivenDataRow" />
        <UnitTestResult executionId="0577731c-21de-48f0-8bd5-006e27d7be0d" parentExecutionId="b5d2d4b3-a43b-4304-82cc-3ef66fb52b6d" testId="15fe5bf6-5078-81a8-0356-385549390bb7" testName="first_person_tenses_active_negation" computerName="ARPAN-LAP" duration="00:00:00.0244312" startTime="2014-06-29T12:32:46.3664724+05:30" endTime="2014-06-29T12:32:46.3904738+05:30" testType="13cdc9d9-ddb5-4fa4-a97d-d965ccfc6d4b" outcome="Passed" testListId="8c84fa94-04c1-424b-9868-57a2d4851a1d" relativeResultsDirectory="b5d2d4b3-a43b-4304-82cc-3ef66fb52b6d" dataRowInfo="5" resultType="DataDrivenDataRow" />
        <UnitTestResult executionId="77b27422-dd47-48d5-b361-2ae106c980df" parentExecutionId="b5d2d4b3-a43b-4304-82cc-3ef66fb52b6d" testId="15fe5bf6-5078-81a8-0356-385549390bb7" testName="first_person_tenses_active_negation" computerName="ARPAN-LAP" duration="00:00:00.0260152" startTime="2014-06-29T12:32:46.3914738+05:30" endTime="2014-06-29T12:32:46.4174753+05:30" testType="13cdc9d9-ddb5-4fa4-a97d-d965ccfc6d4b" outcome="Passed" testListId="8c84fa94-04c1-424b-9868-57a2d4851a1d" relativeResultsDirectory="b5d2d4b3-a43b-4304-82cc-3ef66fb52b6d" dataRowInfo="6" resultType="DataDrivenDataRow" />
        <UnitTestResult executionId="513e4d5b-8f32-4ca3-b426-9f6bf47950c0" parentExecutionId="b5d2d4b3-a43b-4304-82cc-3ef66fb52b6d" testId="15fe5bf6-5078-81a8-0356-385549390bb7" testName="first_person_tenses_active_negation" computerName="ARPAN-LAP" duration="00:00:00.0317161" startTime="2014-06-29T12:32:46.4174753+05:30" endTime="2014-06-29T12:32:46.4484771+05:30" testType="13cdc9d9-ddb5-4fa4-a97d-d965ccfc6d4b" outcome="Passed" testListId="8c84fa94-04c1-424b-9868-57a2d4851a1d" relativeResultsDirectory="b5d2d4b3-a43b-4304-82cc-3ef66fb52b6d" dataRowInfo="7" resultType="DataDrivenDataRow" />
        <UnitTestResult executionId="a43ea590-15ab-48d4-b573-bd6a5713d568" parentExecutionId="b5d2d4b3-a43b-4304-82cc-3ef66fb52b6d" testId="15fe5bf6-5078-81a8-0356-385549390bb7" testName="first_person_tenses_active_negation" computerName="ARPAN-LAP" duration="00:00:00.0225778" startTime="2014-06-29T12:32:46.4484771+05:30" endTime="2014-06-29T12:32:46.4714784+05:30" testType="13cdc9d9-ddb5-4fa4-a97d-d965ccfc6d4b" outcome="Passed" testListId="8c84fa94-04c1-424b-9868-57a2d4851a1d" relativeResultsDirectory="b5d2d4b3-a43b-4304-82cc-3ef66fb52b6d" dataRowInfo="8" resultType="DataDrivenDataRow" />
        <UnitTestResult executionId="43f26c76-9b81-4f6d-9a08-e45a42491508" parentExecutionId="b5d2d4b3-a43b-4304-82cc-3ef66fb52b6d" testId="15fe5bf6-5078-81a8-0356-385549390bb7" testName="first_person_tenses_active_negation" computerName="ARPAN-LAP" duration="00:00:00.0353537" startTime="2014-06-29T12:32:46.4714784+05:30" endTime="2014-06-29T12:32:46.5064804+05:30" testType="13cdc9d9-ddb5-4fa4-a97d-d965ccfc6d4b" outcome="Passed" testListId="8c84fa94-04c1-424b-9868-57a2d4851a1d" relativeResultsDirectory="b5d2d4b3-a43b-4304-82cc-3ef66fb52b6d" dataRowInfo="9" resultType="DataDrivenDataRow" />
      </InnerResults>
    </UnitTestResult>
    <UnitTestResult executionId="dca4c598-4031-4dcb-b763-cc9d833087aa" testId="1b04a6d6-5350-792c-8eba-a46a0eb28949" testName="interrogative_sentences_why" computerName="ARPAN-LAP" duration="00:00:00.2017183" startTime="2014-06-29T12:32:46.5524830+05:30" endTime="2014-06-29T12:32:46.7824962+05:30" testType="13cdc9d9-ddb5-4fa4-a97d-d965ccfc6d4b" outcome="Failed" testListId="8c84fa94-04c1-424b-9868-57a2d4851a1d" relativeResultsDirectory="dca4c598-4031-4dcb-b763-cc9d833087aa" resultType="DataDrivenTest">
      <Counters error="0" failed="1" timeout="0" aborted="0" inconclusive="0" passedButRunAborted="0" notRunnable="0" notExecuted="0" disconnected="0" warning="0" passed="2" completed="0" inProgress="0" pending="0" />
      <InnerResults>
        <UnitTestResult executionId="3c452a96-d0cc-4d64-b7f5-b64c15a76594" parentExecutionId="dca4c598-4031-4dcb-b763-cc9d833087aa" testId="1b04a6d6-5350-792c-8eba-a46a0eb28949" testName="interrogative_sentences_why" computerName="ARPAN-LAP" duration="00:00:00.1187169" startTime="2014-06-29T12:32:46.5714841+05:30" endTime="2014-06-29T12:32:46.6894909+05:30" testType="13cdc9d9-ddb5-4fa4-a97d-d965ccfc6d4b" outcome="Failed" testListId="8c84fa94-04c1-424b-9868-57a2d4851a1d" relativeResultsDirectory="dca4c598-4031-4dcb-b763-cc9d833087aa" dataRowInfo="0" resultType="DataDrivenDataRow">
          <Output>
            <ErrorInfo>
              <Message>Assert.AreEqual failed. Expected:&lt;আপনি আজ দেরিতে কেন ?&gt;. Actual:&lt;দেরিতে আজ আপনি কেন ?&gt;. Why are you late today?</Message>
              <StackTrace>   at UnitTest.BnlpTest.interrogative_sentences_why() in D:\software\Project\BNLP\UnitTest\BnlpTest.cs:line 382
</StackTrace>
            </ErrorInfo>
          </Output>
        </UnitTestResult>
        <UnitTestResult executionId="50e2e8fc-508f-46e0-a7f6-cfa99c14890c" parentExecutionId="dca4c598-4031-4dcb-b763-cc9d833087aa" testId="1b04a6d6-5350-792c-8eba-a46a0eb28949" testName="interrogative_sentences_why" computerName="ARPAN-LAP" duration="00:00:00.0535867" startTime="2014-06-29T12:32:46.6894909+05:30" endTime="2014-06-29T12:32:46.7434940+05:30" testType="13cdc9d9-ddb5-4fa4-a97d-d965ccfc6d4b" outcome="Passed" testListId="8c84fa94-04c1-424b-9868-57a2d4851a1d" relativeResultsDirectory="dca4c598-4031-4dcb-b763-cc9d833087aa" dataRowInfo="1" resultType="DataDrivenDataRow" />
        <UnitTestResult executionId="ffbb35f7-c331-4c6f-ac83-05352e426814" parentExecutionId="dca4c598-4031-4dcb-b763-cc9d833087aa" testId="1b04a6d6-5350-792c-8eba-a46a0eb28949" testName="interrogative_sentences_why" computerName="ARPAN-LAP" duration="00:00:00.0269909" startTime="2014-06-29T12:32:46.7434940+05:30" endTime="2014-06-29T12:32:46.7704955+05:30" testType="13cdc9d9-ddb5-4fa4-a97d-d965ccfc6d4b" outcome="Passed" testListId="8c84fa94-04c1-424b-9868-57a2d4851a1d" relativeResultsDirectory="dca4c598-4031-4dcb-b763-cc9d833087aa" dataRowInfo="2" resultType="DataDrivenDataRow" />
      </InnerResults>
    </UnitTestResult>
    <UnitTestResult executionId="87b552f8-1bc1-48ce-baa5-ed12f7ad22ca" testId="1d63c318-78a9-9011-f5c0-0b01884a2881" testName="interrogative_sentences_do" computerName="ARPAN-LAP" duration="00:00:00.2515617" startTime="2014-06-29T12:32:46.7834962+05:30" endTime="2014-06-29T12:32:47.0715127+05:30" testType="13cdc9d9-ddb5-4fa4-a97d-d965ccfc6d4b" outcome="Passed" testListId="8c84fa94-04c1-424b-9868-57a2d4851a1d" relativeResultsDirectory="87b552f8-1bc1-48ce-baa5-ed12f7ad22ca" resultType="DataDrivenTest">
      <Counters error="0" failed="0" timeout="0" aborted="0" inconclusive="0" passedButRunAborted="0" notRunnable="0" notExecuted="0" disconnected="0" warning="0" passed="9" completed="0" inProgress="0" pending="0" />
      <InnerResults>
        <UnitTestResult executionId="802c7e85-6899-4d7c-bbd4-f5918144168b" parentExecutionId="87b552f8-1bc1-48ce-baa5-ed12f7ad22ca" testId="1d63c318-78a9-9011-f5c0-0b01884a2881" testName="interrogative_sentences_do" computerName="ARPAN-LAP" duration="00:00:00.0300885" startTime="2014-06-29T12:32:46.7944969+05:30" endTime="2014-06-29T12:32:46.8244986+05:30" testType="13cdc9d9-ddb5-4fa4-a97d-d965ccfc6d4b" outcome="Passed" testListId="8c84fa94-04c1-424b-9868-57a2d4851a1d" relativeResultsDirectory="87b552f8-1bc1-48ce-baa5-ed12f7ad22ca" dataRowInfo="0" resultType="DataDrivenDataRow" />
        <UnitTestResult executionId="e3e970a2-9ac2-451f-aa53-1fda91c4266b" parentExecutionId="87b552f8-1bc1-48ce-baa5-ed12f7ad22ca" testId="1d63c318-78a9-9011-f5c0-0b01884a2881" testName="interrogative_sentences_do" computerName="ARPAN-LAP" duration="00:00:00.0340808" startTime="2014-06-29T12:32:46.8244986+05:30" endTime="2014-06-29T12:32:46.8585005+05:30" testType="13cdc9d9-ddb5-4fa4-a97d-d965ccfc6d4b" outcome="Passed" testListId="8c84fa94-04c1-424b-9868-57a2d4851a1d" relativeResultsDirectory="87b552f8-1bc1-48ce-baa5-ed12f7ad22ca" dataRowInfo="1" resultType="DataDrivenDataRow" />
        <UnitTestResult executionId="eac98e86-edf5-4287-8d44-fef1e8315a13" parentExecutionId="87b552f8-1bc1-48ce-baa5-ed12f7ad22ca" testId="1d63c318-78a9-9011-f5c0-0b01884a2881" testName="interrogative_sentences_do" computerName="ARPAN-LAP" duration="00:00:00.0299617" startTime="2014-06-29T12:32:46.8585005+05:30" endTime="2014-06-29T12:32:46.8885023+05:30" testType="13cdc9d9-ddb5-4fa4-a97d-d965ccfc6d4b" outcome="Passed" testListId="8c84fa94-04c1-424b-9868-57a2d4851a1d" relativeResultsDirectory="87b552f8-1bc1-48ce-baa5-ed12f7ad22ca" dataRowInfo="2" resultType="DataDrivenDataRow" />
        <UnitTestResult executionId="a393a50a-f451-4480-af5f-03c802dc7997" parentExecutionId="87b552f8-1bc1-48ce-baa5-ed12f7ad22ca" testId="1d63c318-78a9-9011-f5c0-0b01884a2881" testName="interrogative_sentences_do" computerName="ARPAN-LAP" duration="00:00:00.0239734" startTime="2014-06-29T12:32:46.8885023+05:30" endTime="2014-06-29T12:32:46.9125036+05:30" testType="13cdc9d9-ddb5-4fa4-a97d-d965ccfc6d4b" outcome="Passed" testListId="8c84fa94-04c1-424b-9868-57a2d4851a1d" relativeResultsDirectory="87b552f8-1bc1-48ce-baa5-ed12f7ad22ca" dataRowInfo="3" resultType="DataDrivenDataRow" />
        <UnitTestResult executionId="6cc0b273-47fd-45fa-819c-80c4d319b513" parentExecutionId="87b552f8-1bc1-48ce-baa5-ed12f7ad22ca" testId="1d63c318-78a9-9011-f5c0-0b01884a2881" testName="interrogative_sentences_do" computerName="ARPAN-LAP" duration="00:00:00.0208994" startTime="2014-06-29T12:32:46.9125036+05:30" endTime="2014-06-29T12:32:46.9335048+05:30" testType="13cdc9d9-ddb5-4fa4-a97d-d965ccfc6d4b" outcome="Passed" testListId="8c84fa94-04c1-424b-9868-57a2d4851a1d" relativeResultsDirectory="87b552f8-1bc1-48ce-baa5-ed12f7ad22ca" dataRowInfo="4" resultType="DataDrivenDataRow" />
        <UnitTestResult executionId="7d0c5136-fb86-460b-94cb-46f3991516cd" parentExecutionId="87b552f8-1bc1-48ce-baa5-ed12f7ad22ca" testId="1d63c318-78a9-9011-f5c0-0b01884a2881" testName="interrogative_sentences_do" computerName="ARPAN-LAP" duration="00:00:00.0307471" startTime="2014-06-29T12:32:46.9335048+05:30" endTime="2014-06-29T12:32:46.9645066+05:30" testType="13cdc9d9-ddb5-4fa4-a97d-d965ccfc6d4b" outcome="Passed" testListId="8c84fa94-04c1-424b-9868-57a2d4851a1d" relativeResultsDirectory="87b552f8-1bc1-48ce-baa5-ed12f7ad22ca" dataRowInfo="5" resultType="DataDrivenDataRow" />
        <UnitTestResult executionId="48f85e7e-e8d3-4fd1-9844-74e02ba4c315" parentExecutionId="87b552f8-1bc1-48ce-baa5-ed12f7ad22ca" testId="1d63c318-78a9-9011-f5c0-0b01884a2881" testName="interrogative_sentences_do" computerName="ARPAN-LAP" duration="00:00:00.0256692" startTime="2014-06-29T12:32:46.9645066+05:30" endTime="2014-06-29T12:32:46.9905081+05:30" testType="13cdc9d9-ddb5-4fa4-a97d-d965ccfc6d4b" outcome="Passed" testListId="8c84fa94-04c1-424b-9868-57a2d4851a1d" relativeResultsDirectory="87b552f8-1bc1-48ce-baa5-ed12f7ad22ca" dataRowInfo="6" resultType="DataDrivenDataRow" />
        <UnitTestResult executionId="cb588114-6537-49d0-b3e0-0695b4975333" parentExecutionId="87b552f8-1bc1-48ce-baa5-ed12f7ad22ca" testId="1d63c318-78a9-9011-f5c0-0b01884a2881" testName="interrogative_sentences_do" computerName="ARPAN-LAP" duration="00:00:00.0273261" startTime="2014-06-29T12:32:46.9905081+05:30" endTime="2014-06-29T12:32:47.0175096+05:30" testType="13cdc9d9-ddb5-4fa4-a97d-d965ccfc6d4b" outcome="Passed" testListId="8c84fa94-04c1-424b-9868-57a2d4851a1d" relativeResultsDirectory="87b552f8-1bc1-48ce-baa5-ed12f7ad22ca" dataRowInfo="7" resultType="DataDrivenDataRow" />
        <UnitTestResult executionId="96e13c28-913b-4f31-9380-ddce52731870" parentExecutionId="87b552f8-1bc1-48ce-baa5-ed12f7ad22ca" testId="1d63c318-78a9-9011-f5c0-0b01884a2881" testName="interrogative_sentences_do" computerName="ARPAN-LAP" duration="00:00:00.0263889" startTime="2014-06-29T12:32:47.0175096+05:30" endTime="2014-06-29T12:32:47.0435111+05:30" testType="13cdc9d9-ddb5-4fa4-a97d-d965ccfc6d4b" outcome="Passed" testListId="8c84fa94-04c1-424b-9868-57a2d4851a1d" relativeResultsDirectory="87b552f8-1bc1-48ce-baa5-ed12f7ad22ca" dataRowInfo="8" resultType="DataDrivenDataRow" />
      </InnerResults>
    </UnitTestResult>
    <UnitTestResult executionId="7c0703af-7efa-4eaa-ab9a-a8f6ff58e3b9" testId="227f20ae-8e76-eb71-39b2-4ada3ce6aba8" testName="interrogative_sentences_how" computerName="ARPAN-LAP" duration="00:00:00.5757300" startTime="2014-06-29T12:32:47.0735128+05:30" endTime="2014-06-29T12:32:47.7075491+05:30" testType="13cdc9d9-ddb5-4fa4-a97d-d965ccfc6d4b" outcome="Failed" testListId="8c84fa94-04c1-424b-9868-57a2d4851a1d" relativeResultsDirectory="7c0703af-7efa-4eaa-ab9a-a8f6ff58e3b9" resultType="DataDrivenTest">
      <Counters error="0" failed="3" timeout="0" aborted="0" inconclusive="0" passedButRunAborted="0" notRunnable="0" notExecuted="0" disconnected="0" warning="0" passed="15" completed="0" inProgress="0" pending="0" />
      <InnerResults>
        <UnitTestResult executionId="3b5d010a-c34e-43e0-b681-af83d8c91772" parentExecutionId="7c0703af-7efa-4eaa-ab9a-a8f6ff58e3b9" testId="227f20ae-8e76-eb71-39b2-4ada3ce6aba8" testName="interrogative_sentences_how" computerName="ARPAN-LAP" duration="00:00:00.0213434" startTime="2014-06-29T12:32:47.0825133+05:30" endTime="2014-06-29T12:32:47.1045146+05:30" testType="13cdc9d9-ddb5-4fa4-a97d-d965ccfc6d4b" outcome="Passed" testListId="8c84fa94-04c1-424b-9868-57a2d4851a1d" relativeResultsDirectory="7c0703af-7efa-4eaa-ab9a-a8f6ff58e3b9" dataRowInfo="0" resultType="DataDrivenDataRow" />
        <UnitTestResult executionId="c2024e68-6040-4aa7-b68e-743fdbea3739" parentExecutionId="7c0703af-7efa-4eaa-ab9a-a8f6ff58e3b9" testId="227f20ae-8e76-eb71-39b2-4ada3ce6aba8" testName="interrogative_sentences_how" computerName="ARPAN-LAP" duration="00:00:00.0216596" startTime="2014-06-29T12:32:47.1045146+05:30" endTime="2014-06-29T12:32:47.1255158+05:30" testType="13cdc9d9-ddb5-4fa4-a97d-d965ccfc6d4b" outcome="Failed" testListId="8c84fa94-04c1-424b-9868-57a2d4851a1d" relativeResultsDirectory="7c0703af-7efa-4eaa-ab9a-a8f6ff58e3b9" dataRowInfo="1" resultType="DataDrivenDataRow">
          <Output>
            <ErrorInfo>
              <Message>Assert.AreEqual failed. Expected:&lt;আপনি কেমন ছিলেন ?&gt;. Actual:&lt;আপনি ছিলেন কেমন ?&gt;. How were you?</Message>
              <StackTrace>   at UnitTest.BnlpTest.interrogative_sentences_how() in D:\software\Project\BNLP\UnitTest\BnlpTest.cs:line 274
</StackTrace>
            </ErrorInfo>
          </Output>
        </UnitTestResult>
        <UnitTestResult executionId="d7f6d274-6f46-4ac7-ac27-c7dec464b53b" parentExecutionId="7c0703af-7efa-4eaa-ab9a-a8f6ff58e3b9" testId="227f20ae-8e76-eb71-39b2-4ada3ce6aba8" testName="interrogative_sentences_how" computerName="ARPAN-LAP" duration="00:00:00.0264094" startTime="2014-06-29T12:32:47.1255158+05:30" endTime="2014-06-29T12:32:47.1525174+05:30" testType="13cdc9d9-ddb5-4fa4-a97d-d965ccfc6d4b" outcome="Failed" testListId="8c84fa94-04c1-424b-9868-57a2d4851a1d" relativeResultsDirectory="7c0703af-7efa-4eaa-ab9a-a8f6ff58e3b9" dataRowInfo="2" resultType="DataDrivenDataRow">
          <Output>
            <ErrorInfo>
              <Message>Assert.AreEqual failed. Expected:&lt;এই মেশিন কাজটি কিভাবে করে ?&gt;. Actual:&lt;এই মেশিনটি করে কিভাবে কাজ ?&gt;. How does this machine work?</Message>
              <StackTrace>   at UnitTest.BnlpTest.interrogative_sentences_how() in D:\software\Project\BNLP\UnitTest\BnlpTest.cs:line 274
</StackTrace>
            </ErrorInfo>
          </Output>
        </UnitTestResult>
        <UnitTestResult executionId="bbcbb3f1-e620-410a-871a-554d8284c2d9" parentExecutionId="7c0703af-7efa-4eaa-ab9a-a8f6ff58e3b9" testId="227f20ae-8e76-eb71-39b2-4ada3ce6aba8" testName="interrogative_sentences_how" computerName="ARPAN-LAP" duration="00:00:00.0398864" startTime="2014-06-29T12:32:47.1525174+05:30" endTime="2014-06-29T12:32:47.1925196+05:30" testType="13cdc9d9-ddb5-4fa4-a97d-d965ccfc6d4b" outcome="Passed" testListId="8c84fa94-04c1-424b-9868-57a2d4851a1d" relativeResultsDirectory="7c0703af-7efa-4eaa-ab9a-a8f6ff58e3b9" dataRowInfo="3" resultType="DataDrivenDataRow" />
        <UnitTestResult executionId="f4aaa1e1-bc41-4b1f-94c9-2292bc46fbbd" parentExecutionId="7c0703af-7efa-4eaa-ab9a-a8f6ff58e3b9" testId="227f20ae-8e76-eb71-39b2-4ada3ce6aba8" testName="interrogative_sentences_how" computerName="ARPAN-LAP" duration="00:00:00.0354414" startTime="2014-06-29T12:32:47.1925196+05:30" endTime="2014-06-29T12:32:47.2275216+05:30" testType="13cdc9d9-ddb5-4fa4-a97d-d965ccfc6d4b" outcome="Passed" testListId="8c84fa94-04c1-424b-9868-57a2d4851a1d" relativeResultsDirectory="7c0703af-7efa-4eaa-ab9a-a8f6ff58e3b9" dataRowInfo="4" resultType="DataDrivenDataRow" />
        <UnitTestResult executionId="5dd85be0-f2ea-4833-aaec-38bc15c4cb92" parentExecutionId="7c0703af-7efa-4eaa-ab9a-a8f6ff58e3b9" testId="227f20ae-8e76-eb71-39b2-4ada3ce6aba8" testName="interrogative_sentences_how" computerName="ARPAN-LAP" duration="00:00:00.0259921" startTime="2014-06-29T12:32:47.2275216+05:30" endTime="2014-06-29T12:32:47.2535231+05:30" testType="13cdc9d9-ddb5-4fa4-a97d-d965ccfc6d4b" outcome="Passed" testListId="8c84fa94-04c1-424b-9868-57a2d4851a1d" relativeResultsDirectory="7c0703af-7efa-4eaa-ab9a-a8f6ff58e3b9" dataRowInfo="5" resultType="DataDrivenDataRow" />
        <UnitTestResult executionId="9f00b872-939e-40ea-b734-c613b0499e62" parentExecutionId="7c0703af-7efa-4eaa-ab9a-a8f6ff58e3b9" testId="227f20ae-8e76-eb71-39b2-4ada3ce6aba8" testName="interrogative_sentences_how" computerName="ARPAN-LAP" duration="00:00:00.0387500" startTime="2014-06-29T12:32:47.2535231+05:30" endTime="2014-06-29T12:32:47.2925254+05:30" testType="13cdc9d9-ddb5-4fa4-a97d-d965ccfc6d4b" outcome="Passed" testListId="8c84fa94-04c1-424b-9868-57a2d4851a1d" relativeResultsDirectory="7c0703af-7efa-4eaa-ab9a-a8f6ff58e3b9" dataRowInfo="6" resultType="DataDrivenDataRow" />
        <UnitTestResult executionId="206deee8-0866-4db8-8a0d-1bd4c9087c63" parentExecutionId="7c0703af-7efa-4eaa-ab9a-a8f6ff58e3b9" testId="227f20ae-8e76-eb71-39b2-4ada3ce6aba8" testName="interrogative_sentences_how" computerName="ARPAN-LAP" duration="00:00:00.0265741" startTime="2014-06-29T12:32:47.2925254+05:30" endTime="2014-06-29T12:32:47.3195269+05:30" testType="13cdc9d9-ddb5-4fa4-a97d-d965ccfc6d4b" outcome="Passed" testListId="8c84fa94-04c1-424b-9868-57a2d4851a1d" relativeResultsDirectory="7c0703af-7efa-4eaa-ab9a-a8f6ff58e3b9" dataRowInfo="7" resultType="DataDrivenDataRow" />
        <UnitTestResult executionId="dab7a31f-b139-4a95-aefd-bd728eae1ee2" parentExecutionId="7c0703af-7efa-4eaa-ab9a-a8f6ff58e3b9" testId="227f20ae-8e76-eb71-39b2-4ada3ce6aba8" testName="interrogative_sentences_how" computerName="ARPAN-LAP" duration="00:00:00.0337143" startTime="2014-06-29T12:32:47.3195269+05:30" endTime="2014-06-29T12:32:47.3525288+05:30" testType="13cdc9d9-ddb5-4fa4-a97d-d965ccfc6d4b" outcome="Passed" testListId="8c84fa94-04c1-424b-9868-57a2d4851a1d" relativeResultsDirectory="7c0703af-7efa-4eaa-ab9a-a8f6ff58e3b9" dataRowInfo="8" resultType="DataDrivenDataRow" />
        <UnitTestResult executionId="69727a3f-f957-41fa-8c49-9f9eda05ad1d" parentExecutionId="7c0703af-7efa-4eaa-ab9a-a8f6ff58e3b9" testId="227f20ae-8e76-eb71-39b2-4ada3ce6aba8" testName="interrogative_sentences_how" computerName="ARPAN-LAP" duration="00:00:00.0402447" startTime="2014-06-29T12:32:47.3525288+05:30" endTime="2014-06-29T12:32:47.3935311+05:30" testType="13cdc9d9-ddb5-4fa4-a97d-d965ccfc6d4b" outcome="Passed" testListId="8c84fa94-04c1-424b-9868-57a2d4851a1d" relativeResultsDirectory="7c0703af-7efa-4eaa-ab9a-a8f6ff58e3b9" dataRowInfo="9" resultType="DataDrivenDataRow" />
        <UnitTestResult executionId="8b442223-5b4f-4e4e-bf6b-ccf95927556a" parentExecutionId="7c0703af-7efa-4eaa-ab9a-a8f6ff58e3b9" testId="227f20ae-8e76-eb71-39b2-4ada3ce6aba8" testName="interrogative_sentences_how" computerName="ARPAN-LAP" duration="00:00:00.0436723" startTime="2014-06-29T12:32:47.3935311+05:30" endTime="2014-06-29T12:32:47.4365336+05:30" testType="13cdc9d9-ddb5-4fa4-a97d-d965ccfc6d4b" outcome="Passed" testListId="8c84fa94-04c1-424b-9868-57a2d4851a1d" relativeResultsDirectory="7c0703af-7efa-4eaa-ab9a-a8f6ff58e3b9" dataRowInfo="10" resultType="DataDrivenDataRow" />
        <UnitTestResult executionId="cf40537b-b666-4b60-aab7-329bd2487ad5" parentExecutionId="7c0703af-7efa-4eaa-ab9a-a8f6ff58e3b9" testId="227f20ae-8e76-eb71-39b2-4ada3ce6aba8" testName="interrogative_sentences_how" computerName="ARPAN-LAP" duration="00:00:00.0276074" startTime="2014-06-29T12:32:47.4365336+05:30" endTime="2014-06-29T12:32:47.4645352+05:30" testType="13cdc9d9-ddb5-4fa4-a97d-d965ccfc6d4b" outcome="Passed" testListId="8c84fa94-04c1-424b-9868-57a2d4851a1d" relativeResultsDirectory="7c0703af-7efa-4eaa-ab9a-a8f6ff58e3b9" dataRowInfo="11" resultType="DataDrivenDataRow" />
        <UnitTestResult executionId="aa743f2c-0c54-4ab3-b7c1-5c17577afcf1" parentExecutionId="7c0703af-7efa-4eaa-ab9a-a8f6ff58e3b9" testId="227f20ae-8e76-eb71-39b2-4ada3ce6aba8" testName="interrogative_sentences_how" computerName="ARPAN-LAP" duration="00:00:00.0239662" startTime="2014-06-29T12:32:47.4645352+05:30" endTime="2014-06-29T12:32:47.4885366+05:30" testType="13cdc9d9-ddb5-4fa4-a97d-d965ccfc6d4b" outcome="Passed" testListId="8c84fa94-04c1-424b-9868-57a2d4851a1d" relativeResultsDirectory="7c0703af-7efa-4eaa-ab9a-a8f6ff58e3b9" dataRowInfo="12" resultType="DataDrivenDataRow" />
        <UnitTestResult executionId="13c6c36f-4685-4a44-bde2-c1c17be1ae22" parentExecutionId="7c0703af-7efa-4eaa-ab9a-a8f6ff58e3b9" testId="227f20ae-8e76-eb71-39b2-4ada3ce6aba8" testName="interrogative_sentences_how" computerName="ARPAN-LAP" duration="00:00:00.0334741" startTime="2014-06-29T12:32:47.4885366+05:30" endTime="2014-06-29T12:32:47.5225385+05:30" testType="13cdc9d9-ddb5-4fa4-a97d-d965ccfc6d4b" outcome="Passed" testListId="8c84fa94-04c1-424b-9868-57a2d4851a1d" relativeResultsDirectory="7c0703af-7efa-4eaa-ab9a-a8f6ff58e3b9" dataRowInfo="13" resultType="DataDrivenDataRow" />
        <UnitTestResult executionId="806105b1-4170-40a4-ad52-b0164d2585f9" parentExecutionId="7c0703af-7efa-4eaa-ab9a-a8f6ff58e3b9" testId="227f20ae-8e76-eb71-39b2-4ada3ce6aba8" testName="interrogative_sentences_how" computerName="ARPAN-LAP" duration="00:00:00.0317094" startTime="2014-06-29T12:32:47.5225385+05:30" endTime="2014-06-29T12:32:47.5535403+05:30" testType="13cdc9d9-ddb5-4fa4-a97d-d965ccfc6d4b" outcome="Passed" testListId="8c84fa94-04c1-424b-9868-57a2d4851a1d" relativeResultsDirectory="7c0703af-7efa-4eaa-ab9a-a8f6ff58e3b9" dataRowInfo="14" resultType="DataDrivenDataRow" />
        <UnitTestResult executionId="397a26ab-3bb6-435c-9f49-1e21b4036e7a" parentExecutionId="7c0703af-7efa-4eaa-ab9a-a8f6ff58e3b9" testId="227f20ae-8e76-eb71-39b2-4ada3ce6aba8" testName="interrogative_sentences_how" computerName="ARPAN-LAP" duration="00:00:00.0340346" startTime="2014-06-29T12:32:47.5535403+05:30" endTime="2014-06-29T12:32:47.5875422+05:30" testType="13cdc9d9-ddb5-4fa4-a97d-d965ccfc6d4b" outcome="Failed" testListId="8c84fa94-04c1-424b-9868-57a2d4851a1d" relativeResultsDirectory="7c0703af-7efa-4eaa-ab9a-a8f6ff58e3b9" dataRowInfo="15" resultType="DataDrivenDataRow">
          <Output>
            <ErrorInfo>
              <Message>Assert.AreEqual failed. Expected:&lt;একটি ভাল ছাত্র হতে হয় কিভাবে ?&gt;. Actual:&lt;হয় কিভাবে একটি ভাল ছাত্র ?&gt;. How to be a good student?</Message>
              <StackTrace>   at UnitTest.BnlpTest.interrogative_sentences_how() in D:\software\Project\BNLP\UnitTest\BnlpTest.cs:line 274
</StackTrace>
            </ErrorInfo>
          </Output>
        </UnitTestResult>
        <UnitTestResult executionId="30eae9f3-1210-40d6-95e1-8896c667e979" parentExecutionId="7c0703af-7efa-4eaa-ab9a-a8f6ff58e3b9" testId="227f20ae-8e76-eb71-39b2-4ada3ce6aba8" testName="interrogative_sentences_how" computerName="ARPAN-LAP" duration="00:00:00.0301753" startTime="2014-06-29T12:32:47.5875422+05:30" endTime="2014-06-29T12:32:47.6185440+05:30" testType="13cdc9d9-ddb5-4fa4-a97d-d965ccfc6d4b" outcome="Passed" testListId="8c84fa94-04c1-424b-9868-57a2d4851a1d" relativeResultsDirectory="7c0703af-7efa-4eaa-ab9a-a8f6ff58e3b9" dataRowInfo="16" resultType="DataDrivenDataRow" />
        <UnitTestResult executionId="b8d20537-7dec-4c22-8a0b-4eab9fd6d11b" parentExecutionId="7c0703af-7efa-4eaa-ab9a-a8f6ff58e3b9" testId="227f20ae-8e76-eb71-39b2-4ada3ce6aba8" testName="interrogative_sentences_how" computerName="ARPAN-LAP" duration="00:00:00.0368966" startTime="2014-06-29T12:32:47.6185440+05:30" endTime="2014-06-29T12:32:47.6555461+05:30" testType="13cdc9d9-ddb5-4fa4-a97d-d965ccfc6d4b" outcome="Passed" testListId="8c84fa94-04c1-424b-9868-57a2d4851a1d" relativeResultsDirectory="7c0703af-7efa-4eaa-ab9a-a8f6ff58e3b9" dataRowInfo="17" resultType="DataDrivenDataRow" />
      </InnerResults>
    </UnitTestResult>
    <UnitTestResult executionId="2c1b941a-ce46-4b13-9dce-32576f7eea0d" testId="30ab3285-6a8c-14d2-9725-bd60892ccd90" testName="second_person_tenses_active" computerName="ARPAN-LAP" duration="00:00:00.2035758" startTime="2014-06-29T12:32:47.7155496+05:30" endTime="2014-06-29T12:32:47.9515631+05:30" testType="13cdc9d9-ddb5-4fa4-a97d-d965ccfc6d4b" outcome="Passed" testListId="8c84fa94-04c1-424b-9868-57a2d4851a1d" relativeResultsDirectory="2c1b941a-ce46-4b13-9dce-32576f7eea0d" resultType="DataDrivenTest">
      <Counters error="0" failed="0" timeout="0" aborted="0" inconclusive="0" passedButRunAborted="0" notRunnable="0" notExecuted="0" disconnected="0" warning="0" passed="10" completed="0" inProgress="0" pending="0" />
      <InnerResults>
        <UnitTestResult executionId="20248c9e-949f-47e3-9c30-a94ee740c326" parentExecutionId="2c1b941a-ce46-4b13-9dce-32576f7eea0d" testId="30ab3285-6a8c-14d2-9725-bd60892ccd90" testName="second_person_tenses_active" computerName="ARPAN-LAP" duration="00:00:00.0164924" startTime="2014-06-29T12:32:47.7215499+05:30" endTime="2014-06-29T12:32:47.7385509+05:30" testType="13cdc9d9-ddb5-4fa4-a97d-d965ccfc6d4b" outcome="Passed" testListId="8c84fa94-04c1-424b-9868-57a2d4851a1d" relativeResultsDirectory="2c1b941a-ce46-4b13-9dce-32576f7eea0d" dataRowInfo="0" resultType="DataDrivenDataRow" />
        <UnitTestResult executionId="a2c96ed7-1395-4dee-8e5c-052a721b8f35" parentExecutionId="2c1b941a-ce46-4b13-9dce-32576f7eea0d" testId="30ab3285-6a8c-14d2-9725-bd60892ccd90" testName="second_person_tenses_active" computerName="ARPAN-LAP" duration="00:00:00.0193288" startTime="2014-06-29T12:32:47.7385509+05:30" endTime="2014-06-29T12:32:47.7575520+05:30" testType="13cdc9d9-ddb5-4fa4-a97d-d965ccfc6d4b" outcome="Passed" testListId="8c84fa94-04c1-424b-9868-57a2d4851a1d" relativeResultsDirectory="2c1b941a-ce46-4b13-9dce-32576f7eea0d" dataRowInfo="1" resultType="DataDrivenDataRow" />
        <UnitTestResult executionId="40e1d264-9114-45b2-b507-73249bc4af50" parentExecutionId="2c1b941a-ce46-4b13-9dce-32576f7eea0d" testId="30ab3285-6a8c-14d2-9725-bd60892ccd90" testName="second_person_tenses_active" computerName="ARPAN-LAP" duration="00:00:00.0192769" startTime="2014-06-29T12:32:47.7575520+05:30" endTime="2014-06-29T12:32:47.7775531+05:30" testType="13cdc9d9-ddb5-4fa4-a97d-d965ccfc6d4b" outcome="Passed" testListId="8c84fa94-04c1-424b-9868-57a2d4851a1d" relativeResultsDirectory="2c1b941a-ce46-4b13-9dce-32576f7eea0d" dataRowInfo="2" resultType="DataDrivenDataRow" />
        <UnitTestResult executionId="7e674e4d-dbca-4a5b-90a8-c543bddd0444" parentExecutionId="2c1b941a-ce46-4b13-9dce-32576f7eea0d" testId="30ab3285-6a8c-14d2-9725-bd60892ccd90" testName="second_person_tenses_active" computerName="ARPAN-LAP" duration="00:00:00.0261153" startTime="2014-06-29T12:32:47.7775531+05:30" endTime="2014-06-29T12:32:47.8035546+05:30" testType="13cdc9d9-ddb5-4fa4-a97d-d965ccfc6d4b" outcome="Passed" testListId="8c84fa94-04c1-424b-9868-57a2d4851a1d" relativeResultsDirectory="2c1b941a-ce46-4b13-9dce-32576f7eea0d" dataRowInfo="3" resultType="DataDrivenDataRow" />
        <UnitTestResult executionId="4240f21f-b7f6-414f-a3c2-eeee341167d3" parentExecutionId="2c1b941a-ce46-4b13-9dce-32576f7eea0d" testId="30ab3285-6a8c-14d2-9725-bd60892ccd90" testName="second_person_tenses_active" computerName="ARPAN-LAP" duration="00:00:00.0153920" startTime="2014-06-29T12:32:47.8035546+05:30" endTime="2014-06-29T12:32:47.8185554+05:30" testType="13cdc9d9-ddb5-4fa4-a97d-d965ccfc6d4b" outcome="Passed" testListId="8c84fa94-04c1-424b-9868-57a2d4851a1d" relativeResultsDirectory="2c1b941a-ce46-4b13-9dce-32576f7eea0d" dataRowInfo="4" resultType="DataDrivenDataRow" />
        <UnitTestResult executionId="654c9349-0731-43ec-8676-1bf5dfb5d291" parentExecutionId="2c1b941a-ce46-4b13-9dce-32576f7eea0d" testId="30ab3285-6a8c-14d2-9725-bd60892ccd90" testName="second_person_tenses_active" computerName="ARPAN-LAP" duration="00:00:00.0181375" startTime="2014-06-29T12:32:47.8185554+05:30" endTime="2014-06-29T12:32:47.8365565+05:30" testType="13cdc9d9-ddb5-4fa4-a97d-d965ccfc6d4b" outcome="Passed" testListId="8c84fa94-04c1-424b-9868-57a2d4851a1d" relativeResultsDirectory="2c1b941a-ce46-4b13-9dce-32576f7eea0d" dataRowInfo="5" resultType="DataDrivenDataRow" />
        <UnitTestResult executionId="1d416541-4c62-44a0-b37a-48075a36fdef" parentExecutionId="2c1b941a-ce46-4b13-9dce-32576f7eea0d" testId="30ab3285-6a8c-14d2-9725-bd60892ccd90" testName="second_person_tenses_active" computerName="ARPAN-LAP" duration="00:00:00.0179876" startTime="2014-06-29T12:32:47.8365565+05:30" endTime="2014-06-29T12:32:47.8545575+05:30" testType="13cdc9d9-ddb5-4fa4-a97d-d965ccfc6d4b" outcome="Passed" testListId="8c84fa94-04c1-424b-9868-57a2d4851a1d" relativeResultsDirectory="2c1b941a-ce46-4b13-9dce-32576f7eea0d" dataRowInfo="6" resultType="DataDrivenDataRow" />
        <UnitTestResult executionId="079e06ac-4868-4753-8a18-6d0df138a0e3" parentExecutionId="2c1b941a-ce46-4b13-9dce-32576f7eea0d" testId="30ab3285-6a8c-14d2-9725-bd60892ccd90" testName="second_person_tenses_active" computerName="ARPAN-LAP" duration="00:00:00.0251380" startTime="2014-06-29T12:32:47.8545575+05:30" endTime="2014-06-29T12:32:47.8805590+05:30" testType="13cdc9d9-ddb5-4fa4-a97d-d965ccfc6d4b" outcome="Passed" testListId="8c84fa94-04c1-424b-9868-57a2d4851a1d" relativeResultsDirectory="2c1b941a-ce46-4b13-9dce-32576f7eea0d" dataRowInfo="7" resultType="DataDrivenDataRow" />
        <UnitTestResult executionId="6e7a348b-1f5d-4613-980f-79b420fac151" parentExecutionId="2c1b941a-ce46-4b13-9dce-32576f7eea0d" testId="30ab3285-6a8c-14d2-9725-bd60892ccd90" testName="second_person_tenses_active" computerName="ARPAN-LAP" duration="00:00:00.0191096" startTime="2014-06-29T12:32:47.8805590+05:30" endTime="2014-06-29T12:32:47.8995601+05:30" testType="13cdc9d9-ddb5-4fa4-a97d-d965ccfc6d4b" outcome="Passed" testListId="8c84fa94-04c1-424b-9868-57a2d4851a1d" relativeResultsDirectory="2c1b941a-ce46-4b13-9dce-32576f7eea0d" dataRowInfo="8" resultType="DataDrivenDataRow" />
        <UnitTestResult executionId="76598944-6ef4-45a6-9357-06654228ed3d" parentExecutionId="2c1b941a-ce46-4b13-9dce-32576f7eea0d" testId="30ab3285-6a8c-14d2-9725-bd60892ccd90" testName="second_person_tenses_active" computerName="ARPAN-LAP" duration="00:00:00.0225573" startTime="2014-06-29T12:32:47.8995601+05:30" endTime="2014-06-29T12:32:47.9215613+05:30" testType="13cdc9d9-ddb5-4fa4-a97d-d965ccfc6d4b" outcome="Passed" testListId="8c84fa94-04c1-424b-9868-57a2d4851a1d" relativeResultsDirectory="2c1b941a-ce46-4b13-9dce-32576f7eea0d" dataRowInfo="9" resultType="DataDrivenDataRow" />
      </InnerResults>
    </UnitTestResult>
    <UnitTestResult executionId="89a908bf-7cac-43e3-8759-2ca50af68f3b" testId="32b5d279-0d23-e5ad-0301-234c8788f740" testName="interrogative_sentences_who" computerName="ARPAN-LAP" duration="00:00:00.1166885" startTime="2014-06-29T12:32:47.9605636+05:30" endTime="2014-06-29T12:32:48.0985715+05:30" testType="13cdc9d9-ddb5-4fa4-a97d-d965ccfc6d4b" outcome="Passed" testListId="8c84fa94-04c1-424b-9868-57a2d4851a1d" relativeResultsDirectory="89a908bf-7cac-43e3-8759-2ca50af68f3b" resultType="DataDrivenTest">
      <Counters error="0" failed="0" timeout="0" aborted="0" inconclusive="0" passedButRunAborted="0" notRunnable="0" notExecuted="0" disconnected="0" warning="0" passed="4" completed="0" inProgress="0" pending="0" />
      <InnerResults>
        <UnitTestResult executionId="b26eac03-4b9c-4972-ac79-d4287e29563a" parentExecutionId="89a908bf-7cac-43e3-8759-2ca50af68f3b" testId="32b5d279-0d23-e5ad-0301-234c8788f740" testName="interrogative_sentences_who" computerName="ARPAN-LAP" duration="00:00:00.0257775" startTime="2014-06-29T12:32:47.9685640+05:30" endTime="2014-06-29T12:32:47.9945655+05:30" testType="13cdc9d9-ddb5-4fa4-a97d-d965ccfc6d4b" outcome="Passed" testListId="8c84fa94-04c1-424b-9868-57a2d4851a1d" relativeResultsDirectory="89a908bf-7cac-43e3-8759-2ca50af68f3b" dataRowInfo="0" resultType="DataDrivenDataRow" />
        <UnitTestResult executionId="10be02a5-b823-452e-8382-7770a2856e28" parentExecutionId="89a908bf-7cac-43e3-8759-2ca50af68f3b" testId="32b5d279-0d23-e5ad-0301-234c8788f740" testName="interrogative_sentences_who" computerName="ARPAN-LAP" duration="00:00:00.0274318" startTime="2014-06-29T12:32:47.9945655+05:30" endTime="2014-06-29T12:32:48.0225671+05:30" testType="13cdc9d9-ddb5-4fa4-a97d-d965ccfc6d4b" outcome="Passed" testListId="8c84fa94-04c1-424b-9868-57a2d4851a1d" relativeResultsDirectory="89a908bf-7cac-43e3-8759-2ca50af68f3b" dataRowInfo="1" resultType="DataDrivenDataRow" />
        <UnitTestResult executionId="47716492-06b1-4e8b-a179-7041e8679a95" parentExecutionId="89a908bf-7cac-43e3-8759-2ca50af68f3b" testId="32b5d279-0d23-e5ad-0301-234c8788f740" testName="interrogative_sentences_who" computerName="ARPAN-LAP" duration="00:00:00.0316597" startTime="2014-06-29T12:32:48.0225671+05:30" endTime="2014-06-29T12:32:48.0535689+05:30" testType="13cdc9d9-ddb5-4fa4-a97d-d965ccfc6d4b" outcome="Passed" testListId="8c84fa94-04c1-424b-9868-57a2d4851a1d" relativeResultsDirectory="89a908bf-7cac-43e3-8759-2ca50af68f3b" dataRowInfo="2" resultType="DataDrivenDataRow" />
        <UnitTestResult executionId="c63d9ff0-959d-419f-bb06-6211cdfbe7f8" parentExecutionId="89a908bf-7cac-43e3-8759-2ca50af68f3b" testId="32b5d279-0d23-e5ad-0301-234c8788f740" testName="interrogative_sentences_who" computerName="ARPAN-LAP" duration="00:00:00.0300665" startTime="2014-06-29T12:32:48.0535689+05:30" endTime="2014-06-29T12:32:48.0835706+05:30" testType="13cdc9d9-ddb5-4fa4-a97d-d965ccfc6d4b" outcome="Passed" testListId="8c84fa94-04c1-424b-9868-57a2d4851a1d" relativeResultsDirectory="89a908bf-7cac-43e3-8759-2ca50af68f3b" dataRowInfo="3" resultType="DataDrivenDataRow" />
      </InnerResults>
    </UnitTestResult>
    <UnitTestResult executionId="ce85101d-6c4e-4c84-bbba-ddd044314c65" testId="39dcb97e-c73f-c645-a77c-64d9eba0a3a3" testName="interrogative_sentences_aux" computerName="ARPAN-LAP" duration="00:00:00.4456112" startTime="2014-06-29T12:32:48.0995715+05:30" endTime="2014-06-29T12:32:48.6086006+05:30" testType="13cdc9d9-ddb5-4fa4-a97d-d965ccfc6d4b" outcome="Passed" testListId="8c84fa94-04c1-424b-9868-57a2d4851a1d" relativeResultsDirectory="ce85101d-6c4e-4c84-bbba-ddd044314c65" resultType="DataDrivenTest">
      <Counters error="0" failed="0" timeout="0" aborted="0" inconclusive="0" passedButRunAborted="0" notRunnable="0" notExecuted="0" disconnected="0" warning="0" passed="20" completed="0" inProgress="0" pending="0" />
      <InnerResults>
        <UnitTestResult executionId="58389efd-9c44-4bc0-ac30-d74a4737ed4e" parentExecutionId="ce85101d-6c4e-4c84-bbba-ddd044314c65" testId="39dcb97e-c73f-c645-a77c-64d9eba0a3a3" testName="interrogative_sentences_aux" computerName="ARPAN-LAP" duration="00:00:00.0210467" startTime="2014-06-29T12:32:48.1085720+05:30" endTime="2014-06-29T12:32:48.1295732+05:30" testType="13cdc9d9-ddb5-4fa4-a97d-d965ccfc6d4b" outcome="Passed" testListId="8c84fa94-04c1-424b-9868-57a2d4851a1d" relativeResultsDirectory="ce85101d-6c4e-4c84-bbba-ddd044314c65" dataRowInfo="0" resultType="DataDrivenDataRow" />
        <UnitTestResult executionId="cc0a3ca6-7800-4c60-81bc-a48575b05604" parentExecutionId="ce85101d-6c4e-4c84-bbba-ddd044314c65" testId="39dcb97e-c73f-c645-a77c-64d9eba0a3a3" testName="interrogative_sentences_aux" computerName="ARPAN-LAP" duration="00:00:00.0223525" startTime="2014-06-29T12:32:48.1295732+05:30" endTime="2014-06-29T12:32:48.1525746+05:30" testType="13cdc9d9-ddb5-4fa4-a97d-d965ccfc6d4b" outcome="Passed" testListId="8c84fa94-04c1-424b-9868-57a2d4851a1d" relativeResultsDirectory="ce85101d-6c4e-4c84-bbba-ddd044314c65" dataRowInfo="1" resultType="DataDrivenDataRow" />
        <UnitTestResult executionId="fcd91edc-ac56-4b5b-b170-44a0ad04b806" parentExecutionId="ce85101d-6c4e-4c84-bbba-ddd044314c65" testId="39dcb97e-c73f-c645-a77c-64d9eba0a3a3" testName="interrogative_sentences_aux" computerName="ARPAN-LAP" duration="00:00:00.0211304" startTime="2014-06-29T12:32:48.1525746+05:30" endTime="2014-06-29T12:32:48.1735758+05:30" testType="13cdc9d9-ddb5-4fa4-a97d-d965ccfc6d4b" outcome="Passed" testListId="8c84fa94-04c1-424b-9868-57a2d4851a1d" relativeResultsDirectory="ce85101d-6c4e-4c84-bbba-ddd044314c65" dataRowInfo="2" resultType="DataDrivenDataRow" />
        <UnitTestResult executionId="78e57db6-f67a-404a-a4f8-71b05d9cbb4b" parentExecutionId="ce85101d-6c4e-4c84-bbba-ddd044314c65" testId="39dcb97e-c73f-c645-a77c-64d9eba0a3a3" testName="interrogative_sentences_aux" computerName="ARPAN-LAP" duration="00:00:00.0248075" startTime="2014-06-29T12:32:48.1735758+05:30" endTime="2014-06-29T12:32:48.1985772+05:30" testType="13cdc9d9-ddb5-4fa4-a97d-d965ccfc6d4b" outcome="Passed" testListId="8c84fa94-04c1-424b-9868-57a2d4851a1d" relativeResultsDirectory="ce85101d-6c4e-4c84-bbba-ddd044314c65" dataRowInfo="3" resultType="DataDrivenDataRow" />
        <UnitTestResult executionId="f26df648-7922-4a7f-ba83-496095aaa45f" parentExecutionId="ce85101d-6c4e-4c84-bbba-ddd044314c65" testId="39dcb97e-c73f-c645-a77c-64d9eba0a3a3" testName="interrogative_sentences_aux" computerName="ARPAN-LAP" duration="00:00:00.0212869" startTime="2014-06-29T12:32:48.1985772+05:30" endTime="2014-06-29T12:32:48.2195784+05:30" testType="13cdc9d9-ddb5-4fa4-a97d-d965ccfc6d4b" outcome="Passed" testListId="8c84fa94-04c1-424b-9868-57a2d4851a1d" relativeResultsDirectory="ce85101d-6c4e-4c84-bbba-ddd044314c65" dataRowInfo="4" resultType="DataDrivenDataRow" />
        <UnitTestResult executionId="d9546c56-4f6c-4ed1-b71f-74b6c79980cb" parentExecutionId="ce85101d-6c4e-4c84-bbba-ddd044314c65" testId="39dcb97e-c73f-c645-a77c-64d9eba0a3a3" testName="interrogative_sentences_aux" computerName="ARPAN-LAP" duration="00:00:00.0201110" startTime="2014-06-29T12:32:48.2195784+05:30" endTime="2014-06-29T12:32:48.2395795+05:30" testType="13cdc9d9-ddb5-4fa4-a97d-d965ccfc6d4b" outcome="Passed" testListId="8c84fa94-04c1-424b-9868-57a2d4851a1d" relativeResultsDirectory="ce85101d-6c4e-4c84-bbba-ddd044314c65" dataRowInfo="5" resultType="DataDrivenDataRow" />
        <UnitTestResult executionId="fc5c5fb7-53fa-4bf8-b88b-02a9954e4849" parentExecutionId="ce85101d-6c4e-4c84-bbba-ddd044314c65" testId="39dcb97e-c73f-c645-a77c-64d9eba0a3a3" testName="interrogative_sentences_aux" computerName="ARPAN-LAP" duration="00:00:00.0192595" startTime="2014-06-29T12:32:48.2395795+05:30" endTime="2014-06-29T12:32:48.2595807+05:30" testType="13cdc9d9-ddb5-4fa4-a97d-d965ccfc6d4b" outcome="Passed" testListId="8c84fa94-04c1-424b-9868-57a2d4851a1d" relativeResultsDirectory="ce85101d-6c4e-4c84-bbba-ddd044314c65" dataRowInfo="6" resultType="DataDrivenDataRow" />
        <UnitTestResult executionId="a0582e3b-a21f-4a36-a239-c30572d359f0" parentExecutionId="ce85101d-6c4e-4c84-bbba-ddd044314c65" testId="39dcb97e-c73f-c645-a77c-64d9eba0a3a3" testName="interrogative_sentences_aux" computerName="ARPAN-LAP" duration="00:00:00.0338149" startTime="2014-06-29T12:32:48.2595807+05:30" endTime="2014-06-29T12:32:48.2935826+05:30" testType="13cdc9d9-ddb5-4fa4-a97d-d965ccfc6d4b" outcome="Passed" testListId="8c84fa94-04c1-424b-9868-57a2d4851a1d" relativeResultsDirectory="ce85101d-6c4e-4c84-bbba-ddd044314c65" dataRowInfo="7" resultType="DataDrivenDataRow" />
        <UnitTestResult executionId="d17bb964-5072-4c46-8d34-6e457caaaf9f" parentExecutionId="ce85101d-6c4e-4c84-bbba-ddd044314c65" testId="39dcb97e-c73f-c645-a77c-64d9eba0a3a3" testName="interrogative_sentences_aux" computerName="ARPAN-LAP" duration="00:00:00.0191142" startTime="2014-06-29T12:32:48.2935826+05:30" endTime="2014-06-29T12:32:48.3125837+05:30" testType="13cdc9d9-ddb5-4fa4-a97d-d965ccfc6d4b" outcome="Passed" testListId="8c84fa94-04c1-424b-9868-57a2d4851a1d" relativeResultsDirectory="ce85101d-6c4e-4c84-bbba-ddd044314c65" dataRowInfo="8" resultType="DataDrivenDataRow" />
        <UnitTestResult executionId="0755fe43-8d6a-4c67-a2ad-88bb365a206c" parentExecutionId="ce85101d-6c4e-4c84-bbba-ddd044314c65" testId="39dcb97e-c73f-c645-a77c-64d9eba0a3a3" testName="interrogative_sentences_aux" computerName="ARPAN-LAP" duration="00:00:00.0259387" startTime="2014-06-29T12:32:48.3125837+05:30" endTime="2014-06-29T12:32:48.3385852+05:30" testType="13cdc9d9-ddb5-4fa4-a97d-d965ccfc6d4b" outcome="Passed" testListId="8c84fa94-04c1-424b-9868-57a2d4851a1d" relativeResultsDirectory="ce85101d-6c4e-4c84-bbba-ddd044314c65" dataRowInfo="9" resultType="DataDrivenDataRow" />
        <UnitTestResult executionId="7daf09f4-38ec-4c0b-aca3-28d7e4bb6741" parentExecutionId="ce85101d-6c4e-4c84-bbba-ddd044314c65" testId="39dcb97e-c73f-c645-a77c-64d9eba0a3a3" testName="interrogative_sentences_aux" computerName="ARPAN-LAP" duration="00:00:00.0252520" startTime="2014-06-29T12:32:48.3385852+05:30" endTime="2014-06-29T12:32:48.3635866+05:30" testType="13cdc9d9-ddb5-4fa4-a97d-d965ccfc6d4b" outcome="Passed" testListId="8c84fa94-04c1-424b-9868-57a2d4851a1d" relativeResultsDirectory="ce85101d-6c4e-4c84-bbba-ddd044314c65" dataRowInfo="10" resultType="DataDrivenDataRow" />
        <UnitTestResult executionId="9dfd9107-df1e-4b4b-af07-4b7be0a5590f" parentExecutionId="ce85101d-6c4e-4c84-bbba-ddd044314c65" testId="39dcb97e-c73f-c645-a77c-64d9eba0a3a3" testName="interrogative_sentences_aux" computerName="ARPAN-LAP" duration="00:00:00.0238476" startTime="2014-06-29T12:32:48.3635866+05:30" endTime="2014-06-29T12:32:48.3875880+05:30" testType="13cdc9d9-ddb5-4fa4-a97d-d965ccfc6d4b" outcome="Passed" testListId="8c84fa94-04c1-424b-9868-57a2d4851a1d" relativeResultsDirectory="ce85101d-6c4e-4c84-bbba-ddd044314c65" dataRowInfo="11" resultType="DataDrivenDataRow" />
        <UnitTestResult executionId="35fa1724-d864-490c-90c9-3c378bd5b9e2" parentExecutionId="ce85101d-6c4e-4c84-bbba-ddd044314c65" testId="39dcb97e-c73f-c645-a77c-64d9eba0a3a3" testName="interrogative_sentences_aux" computerName="ARPAN-LAP" duration="00:00:00.0232358" startTime="2014-06-29T12:32:48.3875880+05:30" endTime="2014-06-29T12:32:48.4105893+05:30" testType="13cdc9d9-ddb5-4fa4-a97d-d965ccfc6d4b" outcome="Passed" testListId="8c84fa94-04c1-424b-9868-57a2d4851a1d" relativeResultsDirectory="ce85101d-6c4e-4c84-bbba-ddd044314c65" dataRowInfo="12" resultType="DataDrivenDataRow" />
        <UnitTestResult executionId="37efaa97-e111-4eaa-afc2-7bcd2e15dcaa" parentExecutionId="ce85101d-6c4e-4c84-bbba-ddd044314c65" testId="39dcb97e-c73f-c645-a77c-64d9eba0a3a3" testName="interrogative_sentences_aux" computerName="ARPAN-LAP" duration="00:00:00.0243122" startTime="2014-06-29T12:32:48.4105893+05:30" endTime="2014-06-29T12:32:48.4355907+05:30" testType="13cdc9d9-ddb5-4fa4-a97d-d965ccfc6d4b" outcome="Passed" testListId="8c84fa94-04c1-424b-9868-57a2d4851a1d" relativeResultsDirectory="ce85101d-6c4e-4c84-bbba-ddd044314c65" dataRowInfo="13" resultType="DataDrivenDataRow" />
        <UnitTestResult executionId="c7b02aef-eef4-41c4-a18d-428eebfff2f7" parentExecutionId="ce85101d-6c4e-4c84-bbba-ddd044314c65" testId="39dcb97e-c73f-c645-a77c-64d9eba0a3a3" testName="interrogative_sentences_aux" computerName="ARPAN-LAP" duration="00:00:00.0168379" startTime="2014-06-29T12:32:48.4355907+05:30" endTime="2014-06-29T12:32:48.4515917+05:30" testType="13cdc9d9-ddb5-4fa4-a97d-d965ccfc6d4b" outcome="Passed" testListId="8c84fa94-04c1-424b-9868-57a2d4851a1d" relativeResultsDirectory="ce85101d-6c4e-4c84-bbba-ddd044314c65" dataRowInfo="14" resultType="DataDrivenDataRow" />
        <UnitTestResult executionId="b69976e2-39d3-4bda-ba57-d43437c240ac" parentExecutionId="ce85101d-6c4e-4c84-bbba-ddd044314c65" testId="39dcb97e-c73f-c645-a77c-64d9eba0a3a3" testName="interrogative_sentences_aux" computerName="ARPAN-LAP" duration="00:00:00.0188550" startTime="2014-06-29T12:32:48.4525917+05:30" endTime="2014-06-29T12:32:48.4715928+05:30" testType="13cdc9d9-ddb5-4fa4-a97d-d965ccfc6d4b" outcome="Passed" testListId="8c84fa94-04c1-424b-9868-57a2d4851a1d" relativeResultsDirectory="ce85101d-6c4e-4c84-bbba-ddd044314c65" dataRowInfo="15" resultType="DataDrivenDataRow" />
        <UnitTestResult executionId="601e8765-689a-42df-ae20-705764ee3f5d" parentExecutionId="ce85101d-6c4e-4c84-bbba-ddd044314c65" testId="39dcb97e-c73f-c645-a77c-64d9eba0a3a3" testName="interrogative_sentences_aux" computerName="ARPAN-LAP" duration="00:00:00.0171730" startTime="2014-06-29T12:32:48.4715928+05:30" endTime="2014-06-29T12:32:48.4885938+05:30" testType="13cdc9d9-ddb5-4fa4-a97d-d965ccfc6d4b" outcome="Passed" testListId="8c84fa94-04c1-424b-9868-57a2d4851a1d" relativeResultsDirectory="ce85101d-6c4e-4c84-bbba-ddd044314c65" dataRowInfo="16" resultType="DataDrivenDataRow" />
        <UnitTestResult executionId="45ca39b0-ff6c-41dd-9787-80d1bfbf235b" parentExecutionId="ce85101d-6c4e-4c84-bbba-ddd044314c65" testId="39dcb97e-c73f-c645-a77c-64d9eba0a3a3" testName="interrogative_sentences_aux" computerName="ARPAN-LAP" duration="00:00:00.0256877" startTime="2014-06-29T12:32:48.4885938+05:30" endTime="2014-06-29T12:32:48.5135952+05:30" testType="13cdc9d9-ddb5-4fa4-a97d-d965ccfc6d4b" outcome="Passed" testListId="8c84fa94-04c1-424b-9868-57a2d4851a1d" relativeResultsDirectory="ce85101d-6c4e-4c84-bbba-ddd044314c65" dataRowInfo="17" resultType="DataDrivenDataRow" />
        <UnitTestResult executionId="39aa3db3-1d7c-4eb6-a91e-7570b33935df" parentExecutionId="ce85101d-6c4e-4c84-bbba-ddd044314c65" testId="39dcb97e-c73f-c645-a77c-64d9eba0a3a3" testName="interrogative_sentences_aux" computerName="ARPAN-LAP" duration="00:00:00.0165453" startTime="2014-06-29T12:32:48.5145953+05:30" endTime="2014-06-29T12:32:48.5305962+05:30" testType="13cdc9d9-ddb5-4fa4-a97d-d965ccfc6d4b" outcome="Passed" testListId="8c84fa94-04c1-424b-9868-57a2d4851a1d" relativeResultsDirectory="ce85101d-6c4e-4c84-bbba-ddd044314c65" dataRowInfo="18" resultType="DataDrivenDataRow" />
        <UnitTestResult executionId="162c1eaa-36e4-485c-9461-9de51cccb846" parentExecutionId="ce85101d-6c4e-4c84-bbba-ddd044314c65" testId="39dcb97e-c73f-c645-a77c-64d9eba0a3a3" testName="interrogative_sentences_aux" computerName="ARPAN-LAP" duration="00:00:00.0219285" startTime="2014-06-29T12:32:48.5305962+05:30" endTime="2014-06-29T12:32:48.5525974+05:30" testType="13cdc9d9-ddb5-4fa4-a97d-d965ccfc6d4b" outcome="Passed" testListId="8c84fa94-04c1-424b-9868-57a2d4851a1d" relativeResultsDirectory="ce85101d-6c4e-4c84-bbba-ddd044314c65" dataRowInfo="19" resultType="DataDrivenDataRow" />
      </InnerResults>
    </UnitTestResult>
    <UnitTestResult executionId="bb5884d5-930f-441a-b69f-ecf8f68f29df" testId="4e91a3b9-9eae-ebff-0b97-303f00578a78" testName="interrogative_sentences_whom" computerName="ARPAN-LAP" duration="00:00:00.0588862" startTime="2014-06-29T12:32:48.6186012+05:30" endTime="2014-06-29T12:32:48.6896053+05:30" testType="13cdc9d9-ddb5-4fa4-a97d-d965ccfc6d4b" outcome="Passed" testListId="8c84fa94-04c1-424b-9868-57a2d4851a1d" relativeResultsDirectory="bb5884d5-930f-441a-b69f-ecf8f68f29df" resultType="DataDrivenTest">
      <Counters error="0" failed="0" timeout="0" aborted="0" inconclusive="0" passedButRunAborted="0" notRunnable="0" notExecuted="0" disconnected="0" warning="0" passed="2" completed="0" inProgress="0" pending="0" />
      <InnerResults>
        <UnitTestResult executionId="27567a42-9bfe-4b80-8e23-1a526eda10f9" parentExecutionId="bb5884d5-930f-441a-b69f-ecf8f68f29df" testId="4e91a3b9-9eae-ebff-0b97-303f00578a78" testName="interrogative_sentences_whom" computerName="ARPAN-LAP" duration="00:00:00.0313517" startTime="2014-06-29T12:32:48.6246016+05:30" endTime="2014-06-29T12:32:48.6556033+05:30" testType="13cdc9d9-ddb5-4fa4-a97d-d965ccfc6d4b" outcome="Passed" testListId="8c84fa94-04c1-424b-9868-57a2d4851a1d" relativeResultsDirectory="bb5884d5-930f-441a-b69f-ecf8f68f29df" dataRowInfo="0" resultType="DataDrivenDataRow" />
        <UnitTestResult executionId="c97e9ab9-1b8c-4d78-8e56-122eff17c39b" parentExecutionId="bb5884d5-930f-441a-b69f-ecf8f68f29df" testId="4e91a3b9-9eae-ebff-0b97-303f00578a78" testName="interrogative_sentences_whom" computerName="ARPAN-LAP" duration="00:00:00.0246104" startTime="2014-06-29T12:32:48.6556033+05:30" endTime="2014-06-29T12:32:48.6806048+05:30" testType="13cdc9d9-ddb5-4fa4-a97d-d965ccfc6d4b" outcome="Passed" testListId="8c84fa94-04c1-424b-9868-57a2d4851a1d" relativeResultsDirectory="bb5884d5-930f-441a-b69f-ecf8f68f29df" dataRowInfo="1" resultType="DataDrivenDataRow" />
      </InnerResults>
    </UnitTestResult>
    <UnitTestResult executionId="7a26fad2-6991-49de-9cc8-8d03258cffbb" testId="533e7939-123c-ce84-5c5c-d5a21d1d95b9" testName="special_handling_do_verb" computerName="ARPAN-LAP" duration="00:00:00.3479698" startTime="2014-06-29T12:32:48.6916054+05:30" endTime="2014-06-29T12:32:49.0826277+05:30" testType="13cdc9d9-ddb5-4fa4-a97d-d965ccfc6d4b" outcome="Passed" testListId="8c84fa94-04c1-424b-9868-57a2d4851a1d" relativeResultsDirectory="7a26fad2-6991-49de-9cc8-8d03258cffbb" resultType="DataDrivenTest">
      <Counters error="0" failed="0" timeout="0" aborted="0" inconclusive="0" passedButRunAborted="0" notRunnable="0" notExecuted="0" disconnected="0" warning="0" passed="13" completed="0" inProgress="0" pending="0" />
      <InnerResults>
        <UnitTestResult executionId="c9aac060-84d5-4ff7-9515-d597de108f3b" parentExecutionId="7a26fad2-6991-49de-9cc8-8d03258cffbb" testId="533e7939-123c-ce84-5c5c-d5a21d1d95b9" testName="special_handling_do_verb" computerName="ARPAN-LAP" duration="00:00:00.0204046" startTime="2014-06-29T12:32:48.6976057+05:30" endTime="2014-06-29T12:32:48.7186069+05:30" testType="13cdc9d9-ddb5-4fa4-a97d-d965ccfc6d4b" outcome="Passed" testListId="8c84fa94-04c1-424b-9868-57a2d4851a1d" relativeResultsDirectory="7a26fad2-6991-49de-9cc8-8d03258cffbb" dataRowInfo="0" resultType="DataDrivenDataRow" />
        <UnitTestResult executionId="3b4b12e0-c765-4e26-a512-14c1896fa057" parentExecutionId="7a26fad2-6991-49de-9cc8-8d03258cffbb" testId="533e7939-123c-ce84-5c5c-d5a21d1d95b9" testName="special_handling_do_verb" computerName="ARPAN-LAP" duration="00:00:00.0226040" startTime="2014-06-29T12:32:48.7186069+05:30" endTime="2014-06-29T12:32:48.7406082+05:30" testType="13cdc9d9-ddb5-4fa4-a97d-d965ccfc6d4b" outcome="Passed" testListId="8c84fa94-04c1-424b-9868-57a2d4851a1d" relativeResultsDirectory="7a26fad2-6991-49de-9cc8-8d03258cffbb" dataRowInfo="1" resultType="DataDrivenDataRow" />
        <UnitTestResult executionId="c63fbb98-4e24-42d0-8614-18fa3a020112" parentExecutionId="7a26fad2-6991-49de-9cc8-8d03258cffbb" testId="533e7939-123c-ce84-5c5c-d5a21d1d95b9" testName="special_handling_do_verb" computerName="ARPAN-LAP" duration="00:00:00.0254383" startTime="2014-06-29T12:32:48.7416082+05:30" endTime="2014-06-29T12:32:48.7666097+05:30" testType="13cdc9d9-ddb5-4fa4-a97d-d965ccfc6d4b" outcome="Passed" testListId="8c84fa94-04c1-424b-9868-57a2d4851a1d" relativeResultsDirectory="7a26fad2-6991-49de-9cc8-8d03258cffbb" dataRowInfo="2" resultType="DataDrivenDataRow" />
        <UnitTestResult executionId="5e611ad5-e18b-4ed9-9ffa-c69c7dc7dada" parentExecutionId="7a26fad2-6991-49de-9cc8-8d03258cffbb" testId="533e7939-123c-ce84-5c5c-d5a21d1d95b9" testName="special_handling_do_verb" computerName="ARPAN-LAP" duration="00:00:00.0314395" startTime="2014-06-29T12:32:48.7666097+05:30" endTime="2014-06-29T12:32:48.7976114+05:30" testType="13cdc9d9-ddb5-4fa4-a97d-d965ccfc6d4b" outcome="Passed" testListId="8c84fa94-04c1-424b-9868-57a2d4851a1d" relativeResultsDirectory="7a26fad2-6991-49de-9cc8-8d03258cffbb" dataRowInfo="3" resultType="DataDrivenDataRow" />
        <UnitTestResult executionId="db42a130-d356-4834-827f-57e35a2ecb6c" parentExecutionId="7a26fad2-6991-49de-9cc8-8d03258cffbb" testId="533e7939-123c-ce84-5c5c-d5a21d1d95b9" testName="special_handling_do_verb" computerName="ARPAN-LAP" duration="00:00:00.0196788" startTime="2014-06-29T12:32:48.7976114+05:30" endTime="2014-06-29T12:32:48.8176126+05:30" testType="13cdc9d9-ddb5-4fa4-a97d-d965ccfc6d4b" outcome="Passed" testListId="8c84fa94-04c1-424b-9868-57a2d4851a1d" relativeResultsDirectory="7a26fad2-6991-49de-9cc8-8d03258cffbb" dataRowInfo="4" resultType="DataDrivenDataRow" />
        <UnitTestResult executionId="c170cefb-cd25-4d95-9db5-e31f271908c6" parentExecutionId="7a26fad2-6991-49de-9cc8-8d03258cffbb" testId="533e7939-123c-ce84-5c5c-d5a21d1d95b9" testName="special_handling_do_verb" computerName="ARPAN-LAP" duration="00:00:00.0227097" startTime="2014-06-29T12:32:48.8176126+05:30" endTime="2014-06-29T12:32:48.8406139+05:30" testType="13cdc9d9-ddb5-4fa4-a97d-d965ccfc6d4b" outcome="Passed" testListId="8c84fa94-04c1-424b-9868-57a2d4851a1d" relativeResultsDirectory="7a26fad2-6991-49de-9cc8-8d03258cffbb" dataRowInfo="5" resultType="DataDrivenDataRow" />
        <UnitTestResult executionId="e0b24c15-0f11-4131-9009-76f75c9469f9" parentExecutionId="7a26fad2-6991-49de-9cc8-8d03258cffbb" testId="533e7939-123c-ce84-5c5c-d5a21d1d95b9" testName="special_handling_do_verb" computerName="ARPAN-LAP" duration="00:00:00.0241397" startTime="2014-06-29T12:32:48.8406139+05:30" endTime="2014-06-29T12:32:48.8646153+05:30" testType="13cdc9d9-ddb5-4fa4-a97d-d965ccfc6d4b" outcome="Passed" testListId="8c84fa94-04c1-424b-9868-57a2d4851a1d" relativeResultsDirectory="7a26fad2-6991-49de-9cc8-8d03258cffbb" dataRowInfo="6" resultType="DataDrivenDataRow" />
        <UnitTestResult executionId="c619452c-fa69-405a-8fde-6f5c8709118e" parentExecutionId="7a26fad2-6991-49de-9cc8-8d03258cffbb" testId="533e7939-123c-ce84-5c5c-d5a21d1d95b9" testName="special_handling_do_verb" computerName="ARPAN-LAP" duration="00:00:00.0319281" startTime="2014-06-29T12:32:48.8646153+05:30" endTime="2014-06-29T12:32:48.8966171+05:30" testType="13cdc9d9-ddb5-4fa4-a97d-d965ccfc6d4b" outcome="Passed" testListId="8c84fa94-04c1-424b-9868-57a2d4851a1d" relativeResultsDirectory="7a26fad2-6991-49de-9cc8-8d03258cffbb" dataRowInfo="7" resultType="DataDrivenDataRow" />
        <UnitTestResult executionId="62ec4644-6700-4736-a213-584335a0ab6a" parentExecutionId="7a26fad2-6991-49de-9cc8-8d03258cffbb" testId="533e7939-123c-ce84-5c5c-d5a21d1d95b9" testName="special_handling_do_verb" computerName="ARPAN-LAP" duration="00:00:00.0285826" startTime="2014-06-29T12:32:48.8966171+05:30" endTime="2014-06-29T12:32:48.9256188+05:30" testType="13cdc9d9-ddb5-4fa4-a97d-d965ccfc6d4b" outcome="Passed" testListId="8c84fa94-04c1-424b-9868-57a2d4851a1d" relativeResultsDirectory="7a26fad2-6991-49de-9cc8-8d03258cffbb" dataRowInfo="8" resultType="DataDrivenDataRow" />
        <UnitTestResult executionId="5d80a5c8-aa70-414a-9015-8e7a5af3842b" parentExecutionId="7a26fad2-6991-49de-9cc8-8d03258cffbb" testId="533e7939-123c-ce84-5c5c-d5a21d1d95b9" testName="special_handling_do_verb" computerName="ARPAN-LAP" duration="00:00:00.0409581" startTime="2014-06-29T12:32:48.9256188+05:30" endTime="2014-06-29T12:32:48.9666211+05:30" testType="13cdc9d9-ddb5-4fa4-a97d-d965ccfc6d4b" outcome="Passed" testListId="8c84fa94-04c1-424b-9868-57a2d4851a1d" relativeResultsDirectory="7a26fad2-6991-49de-9cc8-8d03258cffbb" dataRowInfo="9" resultType="DataDrivenDataRow" />
        <UnitTestResult executionId="2213f229-31de-4342-8856-1d138ae2e0d6" parentExecutionId="7a26fad2-6991-49de-9cc8-8d03258cffbb" testId="533e7939-123c-ce84-5c5c-d5a21d1d95b9" testName="special_handling_do_verb" computerName="ARPAN-LAP" duration="00:00:00.0207382" startTime="2014-06-29T12:32:48.9666211+05:30" endTime="2014-06-29T12:32:48.9876223+05:30" testType="13cdc9d9-ddb5-4fa4-a97d-d965ccfc6d4b" outcome="Passed" testListId="8c84fa94-04c1-424b-9868-57a2d4851a1d" relativeResultsDirectory="7a26fad2-6991-49de-9cc8-8d03258cffbb" dataRowInfo="10" resultType="DataDrivenDataRow" />
        <UnitTestResult executionId="e2c1107f-db0d-4503-9a5f-ac1ab5cdb1f8" parentExecutionId="7a26fad2-6991-49de-9cc8-8d03258cffbb" testId="533e7939-123c-ce84-5c5c-d5a21d1d95b9" testName="special_handling_do_verb" computerName="ARPAN-LAP" duration="00:00:00.0285441" startTime="2014-06-29T12:32:48.9876223+05:30" endTime="2014-06-29T12:32:49.0156239+05:30" testType="13cdc9d9-ddb5-4fa4-a97d-d965ccfc6d4b" outcome="Passed" testListId="8c84fa94-04c1-424b-9868-57a2d4851a1d" relativeResultsDirectory="7a26fad2-6991-49de-9cc8-8d03258cffbb" dataRowInfo="11" resultType="DataDrivenDataRow" />
        <UnitTestResult executionId="c04fcd4d-b4c8-433b-ac8e-d400feaf423a" parentExecutionId="7a26fad2-6991-49de-9cc8-8d03258cffbb" testId="533e7939-123c-ce84-5c5c-d5a21d1d95b9" testName="special_handling_do_verb" computerName="ARPAN-LAP" duration="00:00:00.0284738" startTime="2014-06-29T12:32:49.0156239+05:30" endTime="2014-06-29T12:32:49.0446256+05:30" testType="13cdc9d9-ddb5-4fa4-a97d-d965ccfc6d4b" outcome="Passed" testListId="8c84fa94-04c1-424b-9868-57a2d4851a1d" relativeResultsDirectory="7a26fad2-6991-49de-9cc8-8d03258cffbb" dataRowInfo="12" resultType="DataDrivenDataRow" />
      </InnerResults>
    </UnitTestResult>
    <UnitTestResult executionId="b7836b41-7b59-4587-a873-bd82e177f6d7" testId="642ce34f-0ed4-f995-637b-09297c832f2a" testName="RandomWord" computerName="ARPAN-LAP" duration="00:00:00.1129159" startTime="2014-06-29T12:32:49.0846279+05:30" endTime="2014-06-29T12:32:49.2066348+05:30" testType="13cdc9d9-ddb5-4fa4-a97d-d965ccfc6d4b" outcome="Failed" testListId="8c84fa94-04c1-424b-9868-57a2d4851a1d" relativeResultsDirectory="b7836b41-7b59-4587-a873-bd82e177f6d7" resultType="DataDrivenTest">
      <Counters error="0" failed="1" timeout="0" aborted="0" inconclusive="0" passedButRunAborted="0" notRunnable="0" notExecuted="0" disconnected="0" warning="0" passed="0" completed="0" inProgress="0" pending="0" />
      <InnerResults>
        <UnitTestResult executionId="ae74bb6d-f68a-409b-8326-125e359e5bf8" parentExecutionId="b7836b41-7b59-4587-a873-bd82e177f6d7" testId="642ce34f-0ed4-f995-637b-09297c832f2a" testName="RandomWord" computerName="ARPAN-LAP" duration="00:00:00.1112134" startTime="2014-06-29T12:32:49.0886281+05:30" endTime="2014-06-29T12:32:49.1996344+05:30" testType="13cdc9d9-ddb5-4fa4-a97d-d965ccfc6d4b" outcome="Failed" testListId="8c84fa94-04c1-424b-9868-57a2d4851a1d" relativeResultsDirectory="b7836b41-7b59-4587-a873-bd82e177f6d7" dataRowInfo="0" resultType="DataDrivenDataRow">
          <Output>
            <ErrorInfo>
              <Message>Assert.AreEqual failed. Expected:&lt;পূর্ব সলোমন এর নৌ যুদ্ধ ২৪–২৫ অগষ্ট ১৯৪২ য়ে স্থান গ্রহণ করেছিল , এবং দ্বিতীয় বিশ্ব যুদ্ধ এর প্রশান্ত মহাসাগর সংগঠিত প্রচারকার্য এর তৃতীয় যুদ্ধ বাহক ।&gt;. Actual:&lt;পূর্ব সলোমন এর নৌ যুদ্ধ ২৪–২৫ অগষ্ট ১৯৪২ য়ে স্থান গ্রহণ করেছিল , এবং দ্বিতীয় বিশ্ব যুদ্ধ এর pacific:NP সংগঠিত প্রচারকার্য এর তৃতীয় যুদ্ধ বাহক ।&gt;. The naval Battle of the Eastern Solomons took place on 24–25 August 1942, and was the third carrier battle of the Pacific campaign of second World War.</Message>
              <StackTrace>   at UnitTest.BnlpTest.RandomWord() in D:\software\Project\BNLP\UnitTest\BnlpTest.cs:line 526
</StackTrace>
            </ErrorInfo>
          </Output>
        </UnitTestResult>
      </InnerResults>
    </UnitTestResult>
    <UnitTestResult executionId="f821ad25-0e54-4e2c-bd87-3b8ac8177ddb" testId="783915fe-114a-e353-78dd-56e92a60f942" testName="all_persons_modal_should" computerName="ARPAN-LAP" duration="00:00:00.4499499" startTime="2014-06-29T12:32:49.2076349+05:30" endTime="2014-06-29T12:32:49.7706671+05:30" testType="13cdc9d9-ddb5-4fa4-a97d-d965ccfc6d4b" outcome="Passed" testListId="8c84fa94-04c1-424b-9868-57a2d4851a1d" relativeResultsDirectory="f821ad25-0e54-4e2c-bd87-3b8ac8177ddb" resultType="DataDrivenTest">
      <Counters error="0" failed="0" timeout="0" aborted="0" inconclusive="0" passedButRunAborted="0" notRunnable="0" notExecuted="0" disconnected="0" warning="0" passed="17" completed="0" inProgress="0" pending="0" />
      <InnerResults>
        <UnitTestResult executionId="4708f295-7e26-4ffd-9f6e-88e073149859" parentExecutionId="f821ad25-0e54-4e2c-bd87-3b8ac8177ddb" testId="783915fe-114a-e353-78dd-56e92a60f942" testName="all_persons_modal_should" computerName="ARPAN-LAP" duration="00:00:00.0226764" startTime="2014-06-29T12:32:49.2146353+05:30" endTime="2014-06-29T12:32:49.2376366+05:30" testType="13cdc9d9-ddb5-4fa4-a97d-d965ccfc6d4b" outcome="Passed" testListId="8c84fa94-04c1-424b-9868-57a2d4851a1d" relativeResultsDirectory="f821ad25-0e54-4e2c-bd87-3b8ac8177ddb" dataRowInfo="0" resultType="DataDrivenDataRow" />
        <UnitTestResult executionId="f64eb611-5c5f-41bd-b6a3-a5fc56b00bd2" parentExecutionId="f821ad25-0e54-4e2c-bd87-3b8ac8177ddb" testId="783915fe-114a-e353-78dd-56e92a60f942" testName="all_persons_modal_should" computerName="ARPAN-LAP" duration="00:00:00.0284774" startTime="2014-06-29T12:32:49.2376366+05:30" endTime="2014-06-29T12:32:49.2666383+05:30" testType="13cdc9d9-ddb5-4fa4-a97d-d965ccfc6d4b" outcome="Passed" testListId="8c84fa94-04c1-424b-9868-57a2d4851a1d" relativeResultsDirectory="f821ad25-0e54-4e2c-bd87-3b8ac8177ddb" dataRowInfo="1" resultType="DataDrivenDataRow" />
        <UnitTestResult executionId="5d52f3e6-e9a6-4f1a-8a71-e49d0f162667" parentExecutionId="f821ad25-0e54-4e2c-bd87-3b8ac8177ddb" testId="783915fe-114a-e353-78dd-56e92a60f942" testName="all_persons_modal_should" computerName="ARPAN-LAP" duration="00:00:00.0296913" startTime="2014-06-29T12:32:49.2666383+05:30" endTime="2014-06-29T12:32:49.2956399+05:30" testType="13cdc9d9-ddb5-4fa4-a97d-d965ccfc6d4b" outcome="Passed" testListId="8c84fa94-04c1-424b-9868-57a2d4851a1d" relativeResultsDirectory="f821ad25-0e54-4e2c-bd87-3b8ac8177ddb" dataRowInfo="2" resultType="DataDrivenDataRow" />
        <UnitTestResult executionId="47630a08-e606-40ad-87bc-6134c4fbbeec" parentExecutionId="f821ad25-0e54-4e2c-bd87-3b8ac8177ddb" testId="783915fe-114a-e353-78dd-56e92a60f942" testName="all_persons_modal_should" computerName="ARPAN-LAP" duration="00:00:00.0343620" startTime="2014-06-29T12:32:49.2956399+05:30" endTime="2014-06-29T12:32:49.3306419+05:30" testType="13cdc9d9-ddb5-4fa4-a97d-d965ccfc6d4b" outcome="Passed" testListId="8c84fa94-04c1-424b-9868-57a2d4851a1d" relativeResultsDirectory="f821ad25-0e54-4e2c-bd87-3b8ac8177ddb" dataRowInfo="3" resultType="DataDrivenDataRow" />
        <UnitTestResult executionId="b8da24af-11ea-416c-b976-d6e1fa9112f3" parentExecutionId="f821ad25-0e54-4e2c-bd87-3b8ac8177ddb" testId="783915fe-114a-e353-78dd-56e92a60f942" testName="all_persons_modal_should" computerName="ARPAN-LAP" duration="00:00:00.0204955" startTime="2014-06-29T12:32:49.3306419+05:30" endTime="2014-06-29T12:32:49.3506431+05:30" testType="13cdc9d9-ddb5-4fa4-a97d-d965ccfc6d4b" outcome="Passed" testListId="8c84fa94-04c1-424b-9868-57a2d4851a1d" relativeResultsDirectory="f821ad25-0e54-4e2c-bd87-3b8ac8177ddb" dataRowInfo="4" resultType="DataDrivenDataRow" />
        <UnitTestResult executionId="f5fabd01-6f85-4c11-8b88-f8d57506fcad" parentExecutionId="f821ad25-0e54-4e2c-bd87-3b8ac8177ddb" testId="783915fe-114a-e353-78dd-56e92a60f942" testName="all_persons_modal_should" computerName="ARPAN-LAP" duration="00:00:00.0295501" startTime="2014-06-29T12:32:49.3506431+05:30" endTime="2014-06-29T12:32:49.3806448+05:30" testType="13cdc9d9-ddb5-4fa4-a97d-d965ccfc6d4b" outcome="Passed" testListId="8c84fa94-04c1-424b-9868-57a2d4851a1d" relativeResultsDirectory="f821ad25-0e54-4e2c-bd87-3b8ac8177ddb" dataRowInfo="5" resultType="DataDrivenDataRow" />
        <UnitTestResult executionId="c78693d9-9072-49dc-b544-ae8cfd7ede31" parentExecutionId="f821ad25-0e54-4e2c-bd87-3b8ac8177ddb" testId="783915fe-114a-e353-78dd-56e92a60f942" testName="all_persons_modal_should" computerName="ARPAN-LAP" duration="00:00:00.0331091" startTime="2014-06-29T12:32:49.3806448+05:30" endTime="2014-06-29T12:32:49.4136467+05:30" testType="13cdc9d9-ddb5-4fa4-a97d-d965ccfc6d4b" outcome="Passed" testListId="8c84fa94-04c1-424b-9868-57a2d4851a1d" relativeResultsDirectory="f821ad25-0e54-4e2c-bd87-3b8ac8177ddb" dataRowInfo="6" resultType="DataDrivenDataRow" />
        <UnitTestResult executionId="3ea0424c-6b57-4706-9548-cbc4daaa0456" parentExecutionId="f821ad25-0e54-4e2c-bd87-3b8ac8177ddb" testId="783915fe-114a-e353-78dd-56e92a60f942" testName="all_persons_modal_should" computerName="ARPAN-LAP" duration="00:00:00.0272091" startTime="2014-06-29T12:32:49.4136467+05:30" endTime="2014-06-29T12:32:49.4406482+05:30" testType="13cdc9d9-ddb5-4fa4-a97d-d965ccfc6d4b" outcome="Passed" testListId="8c84fa94-04c1-424b-9868-57a2d4851a1d" relativeResultsDirectory="f821ad25-0e54-4e2c-bd87-3b8ac8177ddb" dataRowInfo="7" resultType="DataDrivenDataRow" />
        <UnitTestResult executionId="7f0d8400-c1f7-43cd-a47a-9702989ab9e4" parentExecutionId="f821ad25-0e54-4e2c-bd87-3b8ac8177ddb" testId="783915fe-114a-e353-78dd-56e92a60f942" testName="all_persons_modal_should" computerName="ARPAN-LAP" duration="00:00:00.0170114" startTime="2014-06-29T12:32:49.4406482+05:30" endTime="2014-06-29T12:32:49.4576492+05:30" testType="13cdc9d9-ddb5-4fa4-a97d-d965ccfc6d4b" outcome="Passed" testListId="8c84fa94-04c1-424b-9868-57a2d4851a1d" relativeResultsDirectory="f821ad25-0e54-4e2c-bd87-3b8ac8177ddb" dataRowInfo="8" resultType="DataDrivenDataRow" />
        <UnitTestResult executionId="1c429703-644a-4cf0-9792-2acab37d6306" parentExecutionId="f821ad25-0e54-4e2c-bd87-3b8ac8177ddb" testId="783915fe-114a-e353-78dd-56e92a60f942" testName="all_persons_modal_should" computerName="ARPAN-LAP" duration="00:00:00.0231429" startTime="2014-06-29T12:32:49.4576492+05:30" endTime="2014-06-29T12:32:49.4816506+05:30" testType="13cdc9d9-ddb5-4fa4-a97d-d965ccfc6d4b" outcome="Passed" testListId="8c84fa94-04c1-424b-9868-57a2d4851a1d" relativeResultsDirectory="f821ad25-0e54-4e2c-bd87-3b8ac8177ddb" dataRowInfo="9" resultType="DataDrivenDataRow" />
        <UnitTestResult executionId="30bc50fd-a778-4ed9-a4a1-c333aa5487ad" parentExecutionId="f821ad25-0e54-4e2c-bd87-3b8ac8177ddb" testId="783915fe-114a-e353-78dd-56e92a60f942" testName="all_persons_modal_should" computerName="ARPAN-LAP" duration="00:00:00.0233662" startTime="2014-06-29T12:32:49.4816506+05:30" endTime="2014-06-29T12:32:49.5046519+05:30" testType="13cdc9d9-ddb5-4fa4-a97d-d965ccfc6d4b" outcome="Passed" testListId="8c84fa94-04c1-424b-9868-57a2d4851a1d" relativeResultsDirectory="f821ad25-0e54-4e2c-bd87-3b8ac8177ddb" dataRowInfo="10" resultType="DataDrivenDataRow" />
        <UnitTestResult executionId="08208a0d-3ead-48f9-90b7-623c3283f03b" parentExecutionId="f821ad25-0e54-4e2c-bd87-3b8ac8177ddb" testId="783915fe-114a-e353-78dd-56e92a60f942" testName="all_persons_modal_should" computerName="ARPAN-LAP" duration="00:00:00.0299217" startTime="2014-06-29T12:32:49.5046519+05:30" endTime="2014-06-29T12:32:49.5346536+05:30" testType="13cdc9d9-ddb5-4fa4-a97d-d965ccfc6d4b" outcome="Passed" testListId="8c84fa94-04c1-424b-9868-57a2d4851a1d" relativeResultsDirectory="f821ad25-0e54-4e2c-bd87-3b8ac8177ddb" dataRowInfo="11" resultType="DataDrivenDataRow" />
        <UnitTestResult executionId="06942a34-8d98-4e71-bc9c-14f4a3238d4c" parentExecutionId="f821ad25-0e54-4e2c-bd87-3b8ac8177ddb" testId="783915fe-114a-e353-78dd-56e92a60f942" testName="all_persons_modal_should" computerName="ARPAN-LAP" duration="00:00:00.0246201" startTime="2014-06-29T12:32:49.5346536+05:30" endTime="2014-06-29T12:32:49.5596550+05:30" testType="13cdc9d9-ddb5-4fa4-a97d-d965ccfc6d4b" outcome="Passed" testListId="8c84fa94-04c1-424b-9868-57a2d4851a1d" relativeResultsDirectory="f821ad25-0e54-4e2c-bd87-3b8ac8177ddb" dataRowInfo="12" resultType="DataDrivenDataRow" />
        <UnitTestResult executionId="a020462e-df71-42b7-b162-06ff4cf8df9b" parentExecutionId="f821ad25-0e54-4e2c-bd87-3b8ac8177ddb" testId="783915fe-114a-e353-78dd-56e92a60f942" testName="all_persons_modal_should" computerName="ARPAN-LAP" duration="00:00:00.0258956" startTime="2014-06-29T12:32:49.5596550+05:30" endTime="2014-06-29T12:32:49.5856565+05:30" testType="13cdc9d9-ddb5-4fa4-a97d-d965ccfc6d4b" outcome="Passed" testListId="8c84fa94-04c1-424b-9868-57a2d4851a1d" relativeResultsDirectory="f821ad25-0e54-4e2c-bd87-3b8ac8177ddb" dataRowInfo="13" resultType="DataDrivenDataRow" />
        <UnitTestResult executionId="d410e73d-8e0b-48c3-b18c-0aebfe9833b6" parentExecutionId="f821ad25-0e54-4e2c-bd87-3b8ac8177ddb" testId="783915fe-114a-e353-78dd-56e92a60f942" testName="all_persons_modal_should" computerName="ARPAN-LAP" duration="00:00:00.0276926" startTime="2014-06-29T12:32:49.5856565+05:30" endTime="2014-06-29T12:32:49.6126581+05:30" testType="13cdc9d9-ddb5-4fa4-a97d-d965ccfc6d4b" outcome="Passed" testListId="8c84fa94-04c1-424b-9868-57a2d4851a1d" relativeResultsDirectory="f821ad25-0e54-4e2c-bd87-3b8ac8177ddb" dataRowInfo="14" resultType="DataDrivenDataRow" />
        <UnitTestResult executionId="e462d7e1-aab3-4a5d-8607-24de55842136" parentExecutionId="f821ad25-0e54-4e2c-bd87-3b8ac8177ddb" testId="783915fe-114a-e353-78dd-56e92a60f942" testName="all_persons_modal_should" computerName="ARPAN-LAP" duration="00:00:00.0220538" startTime="2014-06-29T12:32:49.6126581+05:30" endTime="2014-06-29T12:32:49.6346593+05:30" testType="13cdc9d9-ddb5-4fa4-a97d-d965ccfc6d4b" outcome="Passed" testListId="8c84fa94-04c1-424b-9868-57a2d4851a1d" relativeResultsDirectory="f821ad25-0e54-4e2c-bd87-3b8ac8177ddb" dataRowInfo="15" resultType="DataDrivenDataRow" />
        <UnitTestResult executionId="27b14050-f3c2-4f9f-8332-fe73c8b8cf64" parentExecutionId="f821ad25-0e54-4e2c-bd87-3b8ac8177ddb" testId="783915fe-114a-e353-78dd-56e92a60f942" testName="all_persons_modal_should" computerName="ARPAN-LAP" duration="00:00:00.0280288" startTime="2014-06-29T12:32:49.6346593+05:30" endTime="2014-06-29T12:32:49.6626609+05:30" testType="13cdc9d9-ddb5-4fa4-a97d-d965ccfc6d4b" outcome="Passed" testListId="8c84fa94-04c1-424b-9868-57a2d4851a1d" relativeResultsDirectory="f821ad25-0e54-4e2c-bd87-3b8ac8177ddb" dataRowInfo="16" resultType="DataDrivenDataRow" />
      </InnerResults>
    </UnitTestResult>
    <UnitTestResult executionId="8e3a9eed-ff79-466c-8666-3c36bd3eeabb" testId="7f7910d1-dc89-39b4-b4cf-d9e6d7af9420" testName="interrogative_sentences_what" computerName="ARPAN-LAP" duration="00:00:00.2155181" startTime="2014-06-29T12:32:49.7726672+05:30" endTime="2014-06-29T12:32:50.0436827+05:30" testType="13cdc9d9-ddb5-4fa4-a97d-d965ccfc6d4b" outcome="Passed" testListId="8c84fa94-04c1-424b-9868-57a2d4851a1d" relativeResultsDirectory="8e3a9eed-ff79-466c-8666-3c36bd3eeabb" resultType="DataDrivenTest">
      <Counters error="0" failed="0" timeout="0" aborted="0" inconclusive="0" passedButRunAborted="0" notRunnable="0" notExecuted="0" disconnected="0" warning="0" passed="9" completed="0" inProgress="0" pending="0" />
      <InnerResults>
        <UnitTestResult executionId="1261c0af-addc-449e-8c56-a6932e14ddba" parentExecutionId="8e3a9eed-ff79-466c-8666-3c36bd3eeabb" testId="7f7910d1-dc89-39b4-b4cf-d9e6d7af9420" testName="interrogative_sentences_what" computerName="ARPAN-LAP" duration="00:00:00.0247166" startTime="2014-06-29T12:32:49.7886681+05:30" endTime="2014-06-29T12:32:49.8126695+05:30" testType="13cdc9d9-ddb5-4fa4-a97d-d965ccfc6d4b" outcome="Passed" testListId="8c84fa94-04c1-424b-9868-57a2d4851a1d" relativeResultsDirectory="8e3a9eed-ff79-466c-8666-3c36bd3eeabb" dataRowInfo="0" resultType="DataDrivenDataRow" />
        <UnitTestResult executionId="eeed1d48-fe9a-49b3-b255-c699050f7b9a" parentExecutionId="8e3a9eed-ff79-466c-8666-3c36bd3eeabb" testId="7f7910d1-dc89-39b4-b4cf-d9e6d7af9420" testName="interrogative_sentences_what" computerName="ARPAN-LAP" duration="00:00:00.0210452" startTime="2014-06-29T12:32:49.8126695+05:30" endTime="2014-06-29T12:32:49.8336707+05:30" testType="13cdc9d9-ddb5-4fa4-a97d-d965ccfc6d4b" outcome="Passed" testListId="8c84fa94-04c1-424b-9868-57a2d4851a1d" relativeResultsDirectory="8e3a9eed-ff79-466c-8666-3c36bd3eeabb" dataRowInfo="1" resultType="DataDrivenDataRow" />
        <UnitTestResult executionId="00e943e4-9383-4dd6-b0f0-a046057c37e2" parentExecutionId="8e3a9eed-ff79-466c-8666-3c36bd3eeabb" testId="7f7910d1-dc89-39b4-b4cf-d9e6d7af9420" testName="interrogative_sentences_what" computerName="ARPAN-LAP" duration="00:00:00.0260994" startTime="2014-06-29T12:32:49.8336707+05:30" endTime="2014-06-29T12:32:49.8606723+05:30" testType="13cdc9d9-ddb5-4fa4-a97d-d965ccfc6d4b" outcome="Passed" testListId="8c84fa94-04c1-424b-9868-57a2d4851a1d" relativeResultsDirectory="8e3a9eed-ff79-466c-8666-3c36bd3eeabb" dataRowInfo="2" resultType="DataDrivenDataRow" />
        <UnitTestResult executionId="eed0f0f3-dd60-4499-9b31-65ff919fc123" parentExecutionId="8e3a9eed-ff79-466c-8666-3c36bd3eeabb" testId="7f7910d1-dc89-39b4-b4cf-d9e6d7af9420" testName="interrogative_sentences_what" computerName="ARPAN-LAP" duration="00:00:00.0224053" startTime="2014-06-29T12:32:49.8606723+05:30" endTime="2014-06-29T12:32:49.8826735+05:30" testType="13cdc9d9-ddb5-4fa4-a97d-d965ccfc6d4b" outcome="Passed" testListId="8c84fa94-04c1-424b-9868-57a2d4851a1d" relativeResultsDirectory="8e3a9eed-ff79-466c-8666-3c36bd3eeabb" dataRowInfo="3" resultType="DataDrivenDataRow" />
        <UnitTestResult executionId="8cc1136f-63e4-44c0-a4a2-68669133ba30" parentExecutionId="8e3a9eed-ff79-466c-8666-3c36bd3eeabb" testId="7f7910d1-dc89-39b4-b4cf-d9e6d7af9420" testName="interrogative_sentences_what" computerName="ARPAN-LAP" duration="00:00:00.0203789" startTime="2014-06-29T12:32:49.8826735+05:30" endTime="2014-06-29T12:32:49.9026747+05:30" testType="13cdc9d9-ddb5-4fa4-a97d-d965ccfc6d4b" outcome="Passed" testListId="8c84fa94-04c1-424b-9868-57a2d4851a1d" relativeResultsDirectory="8e3a9eed-ff79-466c-8666-3c36bd3eeabb" dataRowInfo="4" resultType="DataDrivenDataRow" />
        <UnitTestResult executionId="8a7a8a27-4749-441b-9290-d2f321d07142" parentExecutionId="8e3a9eed-ff79-466c-8666-3c36bd3eeabb" testId="7f7910d1-dc89-39b4-b4cf-d9e6d7af9420" testName="interrogative_sentences_what" computerName="ARPAN-LAP" duration="00:00:00.0259423" startTime="2014-06-29T12:32:49.9026747+05:30" endTime="2014-06-29T12:32:49.9286761+05:30" testType="13cdc9d9-ddb5-4fa4-a97d-d965ccfc6d4b" outcome="Passed" testListId="8c84fa94-04c1-424b-9868-57a2d4851a1d" relativeResultsDirectory="8e3a9eed-ff79-466c-8666-3c36bd3eeabb" dataRowInfo="5" resultType="DataDrivenDataRow" />
        <UnitTestResult executionId="a6e92efd-ac7c-4e94-8ac4-4631aa77b5d8" parentExecutionId="8e3a9eed-ff79-466c-8666-3c36bd3eeabb" testId="7f7910d1-dc89-39b4-b4cf-d9e6d7af9420" testName="interrogative_sentences_what" computerName="ARPAN-LAP" duration="00:00:00.0238050" startTime="2014-06-29T12:32:49.9286761+05:30" endTime="2014-06-29T12:32:49.9526775+05:30" testType="13cdc9d9-ddb5-4fa4-a97d-d965ccfc6d4b" outcome="Passed" testListId="8c84fa94-04c1-424b-9868-57a2d4851a1d" relativeResultsDirectory="8e3a9eed-ff79-466c-8666-3c36bd3eeabb" dataRowInfo="6" resultType="DataDrivenDataRow" />
        <UnitTestResult executionId="8278dbcb-95e3-459b-b3b2-983ae88ac483" parentExecutionId="8e3a9eed-ff79-466c-8666-3c36bd3eeabb" testId="7f7910d1-dc89-39b4-b4cf-d9e6d7af9420" testName="interrogative_sentences_what" computerName="ARPAN-LAP" duration="00:00:00.0222431" startTime="2014-06-29T12:32:49.9526775+05:30" endTime="2014-06-29T12:32:49.9756788+05:30" testType="13cdc9d9-ddb5-4fa4-a97d-d965ccfc6d4b" outcome="Passed" testListId="8c84fa94-04c1-424b-9868-57a2d4851a1d" relativeResultsDirectory="8e3a9eed-ff79-466c-8666-3c36bd3eeabb" dataRowInfo="7" resultType="DataDrivenDataRow" />
        <UnitTestResult executionId="713807b7-1839-4522-b9c1-57cb691c018a" parentExecutionId="8e3a9eed-ff79-466c-8666-3c36bd3eeabb" testId="7f7910d1-dc89-39b4-b4cf-d9e6d7af9420" testName="interrogative_sentences_what" computerName="ARPAN-LAP" duration="00:00:00.0266542" startTime="2014-06-29T12:32:49.9756788+05:30" endTime="2014-06-29T12:32:50.0016803+05:30" testType="13cdc9d9-ddb5-4fa4-a97d-d965ccfc6d4b" outcome="Passed" testListId="8c84fa94-04c1-424b-9868-57a2d4851a1d" relativeResultsDirectory="8e3a9eed-ff79-466c-8666-3c36bd3eeabb" dataRowInfo="8" resultType="DataDrivenDataRow" />
      </InnerResults>
    </UnitTestResult>
    <UnitTestResult executionId="ed9ebb3e-bfc8-4ea2-b285-fd6795b47c8d" testId="83c68223-dcaa-51dd-423f-434210a59f77" testName="second_person_tenses_active_negation" computerName="ARPAN-LAP" duration="00:00:00.2721008" startTime="2014-06-29T12:32:50.0456828+05:30" endTime="2014-06-29T12:32:50.4457057+05:30" testType="13cdc9d9-ddb5-4fa4-a97d-d965ccfc6d4b" outcome="Passed" testListId="8c84fa94-04c1-424b-9868-57a2d4851a1d" relativeResultsDirectory="ed9ebb3e-bfc8-4ea2-b285-fd6795b47c8d" resultType="DataDrivenTest">
      <Counters error="0" failed="0" timeout="0" aborted="0" inconclusive="0" passedButRunAborted="0" notRunnable="0" notExecuted="0" disconnected="0" warning="0" passed="10" completed="0" inProgress="0" pending="0" />
      <InnerResults>
        <UnitTestResult executionId="105476e7-c6d0-49cd-a8b1-dd3603e5c77f" parentExecutionId="ed9ebb3e-bfc8-4ea2-b285-fd6795b47c8d" testId="83c68223-dcaa-51dd-423f-434210a59f77" testName="second_person_tenses_active_negation" computerName="ARPAN-LAP" duration="00:00:00.0340669" startTime="2014-06-29T12:32:50.0756845+05:30" endTime="2014-06-29T12:32:50.1096865+05:30" testType="13cdc9d9-ddb5-4fa4-a97d-d965ccfc6d4b" outcome="Passed" testListId="8c84fa94-04c1-424b-9868-57a2d4851a1d" relativeResultsDirectory="ed9ebb3e-bfc8-4ea2-b285-fd6795b47c8d" dataRowInfo="0" resultType="DataDrivenDataRow" />
        <UnitTestResult executionId="bcc7a0d1-5e4e-4e4a-a5d4-f294b310f0e9" parentExecutionId="ed9ebb3e-bfc8-4ea2-b285-fd6795b47c8d" testId="83c68223-dcaa-51dd-423f-434210a59f77" testName="second_person_tenses_active_negation" computerName="ARPAN-LAP" duration="00:00:00.0253613" startTime="2014-06-29T12:32:50.1096865+05:30" endTime="2014-06-29T12:32:50.1356880+05:30" testType="13cdc9d9-ddb5-4fa4-a97d-d965ccfc6d4b" outcome="Passed" testListId="8c84fa94-04c1-424b-9868-57a2d4851a1d" relativeResultsDirectory="ed9ebb3e-bfc8-4ea2-b285-fd6795b47c8d" dataRowInfo="1" resultType="DataDrivenDataRow" />
        <UnitTestResult executionId="e5bff1e8-833f-4d35-a626-3339363495a3" parentExecutionId="ed9ebb3e-bfc8-4ea2-b285-fd6795b47c8d" testId="83c68223-dcaa-51dd-423f-434210a59f77" testName="second_person_tenses_active_negation" computerName="ARPAN-LAP" duration="00:00:00.0205432" startTime="2014-06-29T12:32:50.1356880+05:30" endTime="2014-06-29T12:32:50.1556891+05:30" testType="13cdc9d9-ddb5-4fa4-a97d-d965ccfc6d4b" outcome="Passed" testListId="8c84fa94-04c1-424b-9868-57a2d4851a1d" relativeResultsDirectory="ed9ebb3e-bfc8-4ea2-b285-fd6795b47c8d" dataRowInfo="2" resultType="DataDrivenDataRow" />
        <UnitTestResult executionId="1caba647-5c2f-4c28-9376-e98b920cd917" parentExecutionId="ed9ebb3e-bfc8-4ea2-b285-fd6795b47c8d" testId="83c68223-dcaa-51dd-423f-434210a59f77" testName="second_person_tenses_active_negation" computerName="ARPAN-LAP" duration="00:00:00.0287910" startTime="2014-06-29T12:32:50.1556891+05:30" endTime="2014-06-29T12:32:50.1846908+05:30" testType="13cdc9d9-ddb5-4fa4-a97d-d965ccfc6d4b" outcome="Passed" testListId="8c84fa94-04c1-424b-9868-57a2d4851a1d" relativeResultsDirectory="ed9ebb3e-bfc8-4ea2-b285-fd6795b47c8d" dataRowInfo="3" resultType="DataDrivenDataRow" />
        <UnitTestResult executionId="62ae5d71-d099-4e7c-9feb-893c65fc21f7" parentExecutionId="ed9ebb3e-bfc8-4ea2-b285-fd6795b47c8d" testId="83c68223-dcaa-51dd-423f-434210a59f77" testName="second_person_tenses_active_negation" computerName="ARPAN-LAP" duration="00:00:00.0190439" startTime="2014-06-29T12:32:50.1846908+05:30" endTime="2014-06-29T12:32:50.2036919+05:30" testType="13cdc9d9-ddb5-4fa4-a97d-d965ccfc6d4b" outcome="Passed" testListId="8c84fa94-04c1-424b-9868-57a2d4851a1d" relativeResultsDirectory="ed9ebb3e-bfc8-4ea2-b285-fd6795b47c8d" dataRowInfo="4" resultType="DataDrivenDataRow" />
        <UnitTestResult executionId="26ad8b0a-ef39-48c8-86d1-3b03783be74c" parentExecutionId="ed9ebb3e-bfc8-4ea2-b285-fd6795b47c8d" testId="83c68223-dcaa-51dd-423f-434210a59f77" testName="second_person_tenses_active_negation" computerName="ARPAN-LAP" duration="00:00:00.0196701" startTime="2014-06-29T12:32:50.2036919+05:30" endTime="2014-06-29T12:32:50.2236930+05:30" testType="13cdc9d9-ddb5-4fa4-a97d-d965ccfc6d4b" outcome="Passed" testListId="8c84fa94-04c1-424b-9868-57a2d4851a1d" relativeResultsDirectory="ed9ebb3e-bfc8-4ea2-b285-fd6795b47c8d" dataRowInfo="5" resultType="DataDrivenDataRow" />
        <UnitTestResult executionId="12cc813a-96f9-478f-840c-6379a1585828" parentExecutionId="ed9ebb3e-bfc8-4ea2-b285-fd6795b47c8d" testId="83c68223-dcaa-51dd-423f-434210a59f77" testName="second_person_tenses_active_negation" computerName="ARPAN-LAP" duration="00:00:00.0208825" startTime="2014-06-29T12:32:50.2236930+05:30" endTime="2014-06-29T12:32:50.2446942+05:30" testType="13cdc9d9-ddb5-4fa4-a97d-d965ccfc6d4b" outcome="Passed" testListId="8c84fa94-04c1-424b-9868-57a2d4851a1d" relativeResultsDirectory="ed9ebb3e-bfc8-4ea2-b285-fd6795b47c8d" dataRowInfo="6" resultType="DataDrivenDataRow" />
        <UnitTestResult executionId="5bc244e8-88bf-4339-93f7-a152482b0a7d" parentExecutionId="ed9ebb3e-bfc8-4ea2-b285-fd6795b47c8d" testId="83c68223-dcaa-51dd-423f-434210a59f77" testName="second_person_tenses_active_negation" computerName="ARPAN-LAP" duration="00:00:00.0260152" startTime="2014-06-29T12:32:50.2446942+05:30" endTime="2014-06-29T12:32:50.2706957+05:30" testType="13cdc9d9-ddb5-4fa4-a97d-d965ccfc6d4b" outcome="Passed" testListId="8c84fa94-04c1-424b-9868-57a2d4851a1d" relativeResultsDirectory="ed9ebb3e-bfc8-4ea2-b285-fd6795b47c8d" dataRowInfo="7" resultType="DataDrivenDataRow" />
        <UnitTestResult executionId="8f39893c-6186-492d-8d98-1eb9e2e856a8" parentExecutionId="ed9ebb3e-bfc8-4ea2-b285-fd6795b47c8d" testId="83c68223-dcaa-51dd-423f-434210a59f77" testName="second_person_tenses_active_negation" computerName="ARPAN-LAP" duration="00:00:00.0200125" startTime="2014-06-29T12:32:50.2706957+05:30" endTime="2014-06-29T12:32:50.2906968+05:30" testType="13cdc9d9-ddb5-4fa4-a97d-d965ccfc6d4b" outcome="Passed" testListId="8c84fa94-04c1-424b-9868-57a2d4851a1d" relativeResultsDirectory="ed9ebb3e-bfc8-4ea2-b285-fd6795b47c8d" dataRowInfo="8" resultType="DataDrivenDataRow" />
        <UnitTestResult executionId="dcfc8b55-c724-49a7-b7ad-8f56281443f9" parentExecutionId="ed9ebb3e-bfc8-4ea2-b285-fd6795b47c8d" testId="83c68223-dcaa-51dd-423f-434210a59f77" testName="second_person_tenses_active_negation" computerName="ARPAN-LAP" duration="00:00:00.0549766" startTime="2014-06-29T12:32:50.2906968+05:30" endTime="2014-06-29T12:32:50.3457000+05:30" testType="13cdc9d9-ddb5-4fa4-a97d-d965ccfc6d4b" outcome="Passed" testListId="8c84fa94-04c1-424b-9868-57a2d4851a1d" relativeResultsDirectory="ed9ebb3e-bfc8-4ea2-b285-fd6795b47c8d" dataRowInfo="9" resultType="DataDrivenDataRow" />
      </InnerResults>
    </UnitTestResult>
    <UnitTestResult executionId="4d8becfb-d591-4ec8-9483-96865f542dc7" testId="8fe5ccb3-a3f4-0f61-ad21-e94ef029e900" testName="all_persons_modal_can_may" computerName="ARPAN-LAP" duration="00:00:00.7253614" startTime="2014-06-29T12:32:50.4487059+05:30" endTime="2014-06-29T12:32:51.4427627+05:30" testType="13cdc9d9-ddb5-4fa4-a97d-d965ccfc6d4b" outcome="Passed" testListId="8c84fa94-04c1-424b-9868-57a2d4851a1d" relativeResultsDirectory="4d8becfb-d591-4ec8-9483-96865f542dc7" resultType="DataDrivenTest">
      <Counters error="0" failed="0" timeout="0" aborted="0" inconclusive="0" passedButRunAborted="0" notRunnable="0" notExecuted="0" disconnected="0" warning="0" passed="29" completed="0" inProgress="0" pending="0" />
      <InnerResults>
        <UnitTestResult executionId="5a99a72c-011a-4068-9ae0-a9368ab54782" parentExecutionId="4d8becfb-d591-4ec8-9483-96865f542dc7" testId="8fe5ccb3-a3f4-0f61-ad21-e94ef029e900" testName="all_persons_modal_can_may" computerName="ARPAN-LAP" duration="00:00:00.0299114" startTime="2014-06-29T12:32:50.4647068+05:30" endTime="2014-06-29T12:32:50.4947085+05:30" testType="13cdc9d9-ddb5-4fa4-a97d-d965ccfc6d4b" outcome="Passed" testListId="8c84fa94-04c1-424b-9868-57a2d4851a1d" relativeResultsDirectory="4d8becfb-d591-4ec8-9483-96865f542dc7" dataRowInfo="0" resultType="DataDrivenDataRow" />
        <UnitTestResult executionId="af3c774f-0fde-493e-a9b6-4e84d9cfc0d0" parentExecutionId="4d8becfb-d591-4ec8-9483-96865f542dc7" testId="8fe5ccb3-a3f4-0f61-ad21-e94ef029e900" testName="all_persons_modal_can_may" computerName="ARPAN-LAP" duration="00:00:00.0264299" startTime="2014-06-29T12:32:50.4947085+05:30" endTime="2014-06-29T12:32:50.5217101+05:30" testType="13cdc9d9-ddb5-4fa4-a97d-d965ccfc6d4b" outcome="Passed" testListId="8c84fa94-04c1-424b-9868-57a2d4851a1d" relativeResultsDirectory="4d8becfb-d591-4ec8-9483-96865f542dc7" dataRowInfo="1" resultType="DataDrivenDataRow" />
        <UnitTestResult executionId="f1b584e6-ba81-40dd-b400-f43ced165366" parentExecutionId="4d8becfb-d591-4ec8-9483-96865f542dc7" testId="8fe5ccb3-a3f4-0f61-ad21-e94ef029e900" testName="all_persons_modal_can_may" computerName="ARPAN-LAP" duration="00:00:00.0295578" startTime="2014-06-29T12:32:50.5217101+05:30" endTime="2014-06-29T12:32:50.5507117+05:30" testType="13cdc9d9-ddb5-4fa4-a97d-d965ccfc6d4b" outcome="Passed" testListId="8c84fa94-04c1-424b-9868-57a2d4851a1d" relativeResultsDirectory="4d8becfb-d591-4ec8-9483-96865f542dc7" dataRowInfo="2" resultType="DataDrivenDataRow" />
        <UnitTestResult executionId="66ed36bf-4368-4e0b-aa66-59a1d1b07335" parentExecutionId="4d8becfb-d591-4ec8-9483-96865f542dc7" testId="8fe5ccb3-a3f4-0f61-ad21-e94ef029e900" testName="all_persons_modal_can_may" computerName="ARPAN-LAP" duration="00:00:00.0259526" startTime="2014-06-29T12:32:50.5507117+05:30" endTime="2014-06-29T12:32:50.5767132+05:30" testType="13cdc9d9-ddb5-4fa4-a97d-d965ccfc6d4b" outcome="Passed" testListId="8c84fa94-04c1-424b-9868-57a2d4851a1d" relativeResultsDirectory="4d8becfb-d591-4ec8-9483-96865f542dc7" dataRowInfo="3" resultType="DataDrivenDataRow" />
        <UnitTestResult executionId="2b2e61d8-8b90-41c8-ac40-8bb4d72d1d2c" parentExecutionId="4d8becfb-d591-4ec8-9483-96865f542dc7" testId="8fe5ccb3-a3f4-0f61-ad21-e94ef029e900" testName="all_persons_modal_can_may" computerName="ARPAN-LAP" duration="00:00:00.0266409" startTime="2014-06-29T12:32:50.5767132+05:30" endTime="2014-06-29T12:32:50.6037148+05:30" testType="13cdc9d9-ddb5-4fa4-a97d-d965ccfc6d4b" outcome="Passed" testListId="8c84fa94-04c1-424b-9868-57a2d4851a1d" relativeResultsDirectory="4d8becfb-d591-4ec8-9483-96865f542dc7" dataRowInfo="4" resultType="DataDrivenDataRow" />
        <UnitTestResult executionId="f024a50d-33d2-4290-ae13-5d5f7b6c0ac1" parentExecutionId="4d8becfb-d591-4ec8-9483-96865f542dc7" testId="8fe5ccb3-a3f4-0f61-ad21-e94ef029e900" testName="all_persons_modal_can_may" computerName="ARPAN-LAP" duration="00:00:00.0249219" startTime="2014-06-29T12:32:50.6037148+05:30" endTime="2014-06-29T12:32:50.6287162+05:30" testType="13cdc9d9-ddb5-4fa4-a97d-d965ccfc6d4b" outcome="Passed" testListId="8c84fa94-04c1-424b-9868-57a2d4851a1d" relativeResultsDirectory="4d8becfb-d591-4ec8-9483-96865f542dc7" dataRowInfo="5" resultType="DataDrivenDataRow" />
        <UnitTestResult executionId="9c838e36-abb7-4491-b0a4-1b76d15496c0" parentExecutionId="4d8becfb-d591-4ec8-9483-96865f542dc7" testId="8fe5ccb3-a3f4-0f61-ad21-e94ef029e900" testName="all_persons_modal_can_may" computerName="ARPAN-LAP" duration="00:00:00.0332092" startTime="2014-06-29T12:32:50.6287162+05:30" endTime="2014-06-29T12:32:50.6617181+05:30" testType="13cdc9d9-ddb5-4fa4-a97d-d965ccfc6d4b" outcome="Passed" testListId="8c84fa94-04c1-424b-9868-57a2d4851a1d" relativeResultsDirectory="4d8becfb-d591-4ec8-9483-96865f542dc7" dataRowInfo="6" resultType="DataDrivenDataRow" />
        <UnitTestResult executionId="034031c8-e4e9-448b-9eb4-9ce0bcb7fc8c" parentExecutionId="4d8becfb-d591-4ec8-9483-96865f542dc7" testId="8fe5ccb3-a3f4-0f61-ad21-e94ef029e900" testName="all_persons_modal_can_may" computerName="ARPAN-LAP" duration="00:00:00.0353306" startTime="2014-06-29T12:32:50.6617181+05:30" endTime="2014-06-29T12:32:50.6977201+05:30" testType="13cdc9d9-ddb5-4fa4-a97d-d965ccfc6d4b" outcome="Passed" testListId="8c84fa94-04c1-424b-9868-57a2d4851a1d" relativeResultsDirectory="4d8becfb-d591-4ec8-9483-96865f542dc7" dataRowInfo="7" resultType="DataDrivenDataRow" />
        <UnitTestResult executionId="387a4b15-71a8-4926-895e-a8db82831251" parentExecutionId="4d8becfb-d591-4ec8-9483-96865f542dc7" testId="8fe5ccb3-a3f4-0f61-ad21-e94ef029e900" testName="all_persons_modal_can_may" computerName="ARPAN-LAP" duration="00:00:00.0179558" startTime="2014-06-29T12:32:50.6977201+05:30" endTime="2014-06-29T12:32:50.7157212+05:30" testType="13cdc9d9-ddb5-4fa4-a97d-d965ccfc6d4b" outcome="Passed" testListId="8c84fa94-04c1-424b-9868-57a2d4851a1d" relativeResultsDirectory="4d8becfb-d591-4ec8-9483-96865f542dc7" dataRowInfo="8" resultType="DataDrivenDataRow" />
        <UnitTestResult executionId="07864197-dc57-46f4-b60a-34eaf5b2b92a" parentExecutionId="4d8becfb-d591-4ec8-9483-96865f542dc7" testId="8fe5ccb3-a3f4-0f61-ad21-e94ef029e900" testName="all_persons_modal_can_may" computerName="ARPAN-LAP" duration="00:00:00.0176914" startTime="2014-06-29T12:32:50.7157212+05:30" endTime="2014-06-29T12:32:50.7327221+05:30" testType="13cdc9d9-ddb5-4fa4-a97d-d965ccfc6d4b" outcome="Passed" testListId="8c84fa94-04c1-424b-9868-57a2d4851a1d" relativeResultsDirectory="4d8becfb-d591-4ec8-9483-96865f542dc7" dataRowInfo="9" resultType="DataDrivenDataRow" />
        <UnitTestResult executionId="c6aff3ce-69fe-450f-89ce-33af6683fa21" parentExecutionId="4d8becfb-d591-4ec8-9483-96865f542dc7" testId="8fe5ccb3-a3f4-0f61-ad21-e94ef029e900" testName="all_persons_modal_can_may" computerName="ARPAN-LAP" duration="00:00:00.0177838" startTime="2014-06-29T12:32:50.7327221+05:30" endTime="2014-06-29T12:32:50.7507232+05:30" testType="13cdc9d9-ddb5-4fa4-a97d-d965ccfc6d4b" outcome="Passed" testListId="8c84fa94-04c1-424b-9868-57a2d4851a1d" relativeResultsDirectory="4d8becfb-d591-4ec8-9483-96865f542dc7" dataRowInfo="10" resultType="DataDrivenDataRow" />
        <UnitTestResult executionId="5dee4774-a9d0-4ccb-8e8a-7cec06662a7b" parentExecutionId="4d8becfb-d591-4ec8-9483-96865f542dc7" testId="8fe5ccb3-a3f4-0f61-ad21-e94ef029e900" testName="all_persons_modal_can_may" computerName="ARPAN-LAP" duration="00:00:00.0221903" startTime="2014-06-29T12:32:50.7507232+05:30" endTime="2014-06-29T12:32:50.7727244+05:30" testType="13cdc9d9-ddb5-4fa4-a97d-d965ccfc6d4b" outcome="Passed" testListId="8c84fa94-04c1-424b-9868-57a2d4851a1d" relativeResultsDirectory="4d8becfb-d591-4ec8-9483-96865f542dc7" dataRowInfo="11" resultType="DataDrivenDataRow" />
        <UnitTestResult executionId="07b0bc76-8c60-4af2-9eb8-7236f4552635" parentExecutionId="4d8becfb-d591-4ec8-9483-96865f542dc7" testId="8fe5ccb3-a3f4-0f61-ad21-e94ef029e900" testName="all_persons_modal_can_may" computerName="ARPAN-LAP" duration="00:00:00.0318850" startTime="2014-06-29T12:32:50.7727244+05:30" endTime="2014-06-29T12:32:50.8047262+05:30" testType="13cdc9d9-ddb5-4fa4-a97d-d965ccfc6d4b" outcome="Passed" testListId="8c84fa94-04c1-424b-9868-57a2d4851a1d" relativeResultsDirectory="4d8becfb-d591-4ec8-9483-96865f542dc7" dataRowInfo="12" resultType="DataDrivenDataRow" />
        <UnitTestResult executionId="a9141d9e-1dc8-4dbd-a3e3-61d4e5a6a763" parentExecutionId="4d8becfb-d591-4ec8-9483-96865f542dc7" testId="8fe5ccb3-a3f4-0f61-ad21-e94ef029e900" testName="all_persons_modal_can_may" computerName="ARPAN-LAP" duration="00:00:00.0320728" startTime="2014-06-29T12:32:50.8047262+05:30" endTime="2014-06-29T12:32:50.8377281+05:30" testType="13cdc9d9-ddb5-4fa4-a97d-d965ccfc6d4b" outcome="Passed" testListId="8c84fa94-04c1-424b-9868-57a2d4851a1d" relativeResultsDirectory="4d8becfb-d591-4ec8-9483-96865f542dc7" dataRowInfo="13" resultType="DataDrivenDataRow" />
        <UnitTestResult executionId="cde7c6bc-906c-4b1a-a926-d4c1eec5fa82" parentExecutionId="4d8becfb-d591-4ec8-9483-96865f542dc7" testId="8fe5ccb3-a3f4-0f61-ad21-e94ef029e900" testName="all_persons_modal_can_may" computerName="ARPAN-LAP" duration="00:00:00.0253510" startTime="2014-06-29T12:32:50.8377281+05:30" endTime="2014-06-29T12:32:50.8627296+05:30" testType="13cdc9d9-ddb5-4fa4-a97d-d965ccfc6d4b" outcome="Passed" testListId="8c84fa94-04c1-424b-9868-57a2d4851a1d" relativeResultsDirectory="4d8becfb-d591-4ec8-9483-96865f542dc7" dataRowInfo="14" resultType="DataDrivenDataRow" />
        <UnitTestResult executionId="24d371c6-de5a-4ffc-b81f-9d4a93213269" parentExecutionId="4d8becfb-d591-4ec8-9483-96865f542dc7" testId="8fe5ccb3-a3f4-0f61-ad21-e94ef029e900" testName="all_persons_modal_can_may" computerName="ARPAN-LAP" duration="00:00:00.0233621" startTime="2014-06-29T12:32:50.8627296+05:30" endTime="2014-06-29T12:32:50.8997317+05:30" testType="13cdc9d9-ddb5-4fa4-a97d-d965ccfc6d4b" outcome="Passed" testListId="8c84fa94-04c1-424b-9868-57a2d4851a1d" relativeResultsDirectory="4d8becfb-d591-4ec8-9483-96865f542dc7" dataRowInfo="15" resultType="DataDrivenDataRow" />
        <UnitTestResult executionId="d9b864ab-7f4e-4ee9-9e47-5d8d948773f5" parentExecutionId="4d8becfb-d591-4ec8-9483-96865f542dc7" testId="8fe5ccb3-a3f4-0f61-ad21-e94ef029e900" testName="all_persons_modal_can_may" computerName="ARPAN-LAP" duration="00:00:00.0178855" startTime="2014-06-29T12:32:50.8997317+05:30" endTime="2014-06-29T12:32:50.9177327+05:30" testType="13cdc9d9-ddb5-4fa4-a97d-d965ccfc6d4b" outcome="Passed" testListId="8c84fa94-04c1-424b-9868-57a2d4851a1d" relativeResultsDirectory="4d8becfb-d591-4ec8-9483-96865f542dc7" dataRowInfo="16" resultType="DataDrivenDataRow" />
        <UnitTestResult executionId="37823114-843a-497f-9c05-9f297071d26b" parentExecutionId="4d8becfb-d591-4ec8-9483-96865f542dc7" testId="8fe5ccb3-a3f4-0f61-ad21-e94ef029e900" testName="all_persons_modal_can_may" computerName="ARPAN-LAP" duration="00:00:00.0172726" startTime="2014-06-29T12:32:50.9177327+05:30" endTime="2014-06-29T12:32:50.9357337+05:30" testType="13cdc9d9-ddb5-4fa4-a97d-d965ccfc6d4b" outcome="Passed" testListId="8c84fa94-04c1-424b-9868-57a2d4851a1d" relativeResultsDirectory="4d8becfb-d591-4ec8-9483-96865f542dc7" dataRowInfo="17" resultType="DataDrivenDataRow" />
        <UnitTestResult executionId="56a7e71f-feb9-4956-bebf-f715b1b5d50b" parentExecutionId="4d8becfb-d591-4ec8-9483-96865f542dc7" testId="8fe5ccb3-a3f4-0f61-ad21-e94ef029e900" testName="all_persons_modal_can_may" computerName="ARPAN-LAP" duration="00:00:00.0176057" startTime="2014-06-29T12:32:50.9357337+05:30" endTime="2014-06-29T12:32:50.9527347+05:30" testType="13cdc9d9-ddb5-4fa4-a97d-d965ccfc6d4b" outcome="Passed" testListId="8c84fa94-04c1-424b-9868-57a2d4851a1d" relativeResultsDirectory="4d8becfb-d591-4ec8-9483-96865f542dc7" dataRowInfo="18" resultType="DataDrivenDataRow" />
        <UnitTestResult executionId="b06a2d6b-3736-4e2f-ae50-87a0dd4ef6b0" parentExecutionId="4d8becfb-d591-4ec8-9483-96865f542dc7" testId="8fe5ccb3-a3f4-0f61-ad21-e94ef029e900" testName="all_persons_modal_can_may" computerName="ARPAN-LAP" duration="00:00:00.0203502" startTime="2014-06-29T12:32:50.9527347+05:30" endTime="2014-06-29T12:32:50.9737359+05:30" testType="13cdc9d9-ddb5-4fa4-a97d-d965ccfc6d4b" outcome="Passed" testListId="8c84fa94-04c1-424b-9868-57a2d4851a1d" relativeResultsDirectory="4d8becfb-d591-4ec8-9483-96865f542dc7" dataRowInfo="19" resultType="DataDrivenDataRow" />
        <UnitTestResult executionId="e330d0e4-87fc-4651-897c-3485f5181ad1" parentExecutionId="4d8becfb-d591-4ec8-9483-96865f542dc7" testId="8fe5ccb3-a3f4-0f61-ad21-e94ef029e900" testName="all_persons_modal_can_may" computerName="ARPAN-LAP" duration="00:00:00.0228971" startTime="2014-06-29T12:32:50.9737359+05:30" endTime="2014-06-29T12:32:50.9967372+05:30" testType="13cdc9d9-ddb5-4fa4-a97d-d965ccfc6d4b" outcome="Passed" testListId="8c84fa94-04c1-424b-9868-57a2d4851a1d" relativeResultsDirectory="4d8becfb-d591-4ec8-9483-96865f542dc7" dataRowInfo="20" resultType="DataDrivenDataRow" />
        <UnitTestResult executionId="3c018e4d-327e-4640-8adc-6e7853efc7b1" parentExecutionId="4d8becfb-d591-4ec8-9483-96865f542dc7" testId="8fe5ccb3-a3f4-0f61-ad21-e94ef029e900" testName="all_persons_modal_can_may" computerName="ARPAN-LAP" duration="00:00:00.0245544" startTime="2014-06-29T12:32:50.9967372+05:30" endTime="2014-06-29T12:32:51.0207386+05:30" testType="13cdc9d9-ddb5-4fa4-a97d-d965ccfc6d4b" outcome="Passed" testListId="8c84fa94-04c1-424b-9868-57a2d4851a1d" relativeResultsDirectory="4d8becfb-d591-4ec8-9483-96865f542dc7" dataRowInfo="21" resultType="DataDrivenDataRow" />
        <UnitTestResult executionId="d70469ef-73fa-4f8e-b9ff-47d94225e0d3" parentExecutionId="4d8becfb-d591-4ec8-9483-96865f542dc7" testId="8fe5ccb3-a3f4-0f61-ad21-e94ef029e900" testName="all_persons_modal_can_may" computerName="ARPAN-LAP" duration="00:00:00.0226604" startTime="2014-06-29T12:32:51.0207386+05:30" endTime="2014-06-29T12:32:51.0437399+05:30" testType="13cdc9d9-ddb5-4fa4-a97d-d965ccfc6d4b" outcome="Passed" testListId="8c84fa94-04c1-424b-9868-57a2d4851a1d" relativeResultsDirectory="4d8becfb-d591-4ec8-9483-96865f542dc7" dataRowInfo="22" resultType="DataDrivenDataRow" />
        <UnitTestResult executionId="d32cfd7d-1d6d-4d5d-bbc4-6063865389ad" parentExecutionId="4d8becfb-d591-4ec8-9483-96865f542dc7" testId="8fe5ccb3-a3f4-0f61-ad21-e94ef029e900" testName="all_persons_modal_can_may" computerName="ARPAN-LAP" duration="00:00:00.0214609" startTime="2014-06-29T12:32:51.0437399+05:30" endTime="2014-06-29T12:32:51.0657412+05:30" testType="13cdc9d9-ddb5-4fa4-a97d-d965ccfc6d4b" outcome="Passed" testListId="8c84fa94-04c1-424b-9868-57a2d4851a1d" relativeResultsDirectory="4d8becfb-d591-4ec8-9483-96865f542dc7" dataRowInfo="23" resultType="DataDrivenDataRow" />
        <UnitTestResult executionId="7906f642-62b3-486a-aa8e-6cc959203b59" parentExecutionId="4d8becfb-d591-4ec8-9483-96865f542dc7" testId="8fe5ccb3-a3f4-0f61-ad21-e94ef029e900" testName="all_persons_modal_can_may" computerName="ARPAN-LAP" duration="00:00:00.0226142" startTime="2014-06-29T12:32:51.0657412+05:30" endTime="2014-06-29T12:32:51.0877424+05:30" testType="13cdc9d9-ddb5-4fa4-a97d-d965ccfc6d4b" outcome="Passed" testListId="8c84fa94-04c1-424b-9868-57a2d4851a1d" relativeResultsDirectory="4d8becfb-d591-4ec8-9483-96865f542dc7" dataRowInfo="24" resultType="DataDrivenDataRow" />
        <UnitTestResult executionId="2259090e-673a-4ee8-8763-f1b20673ebd6" parentExecutionId="4d8becfb-d591-4ec8-9483-96865f542dc7" testId="8fe5ccb3-a3f4-0f61-ad21-e94ef029e900" testName="all_persons_modal_can_may" computerName="ARPAN-LAP" duration="00:00:00.0210657" startTime="2014-06-29T12:32:51.0877424+05:30" endTime="2014-06-29T12:32:51.1087436+05:30" testType="13cdc9d9-ddb5-4fa4-a97d-d965ccfc6d4b" outcome="Passed" testListId="8c84fa94-04c1-424b-9868-57a2d4851a1d" relativeResultsDirectory="4d8becfb-d591-4ec8-9483-96865f542dc7" dataRowInfo="25" resultType="DataDrivenDataRow" />
        <UnitTestResult executionId="1cd2ed5c-2565-45af-8f5d-db26888dca83" parentExecutionId="4d8becfb-d591-4ec8-9483-96865f542dc7" testId="8fe5ccb3-a3f4-0f61-ad21-e94ef029e900" testName="all_persons_modal_can_may" computerName="ARPAN-LAP" duration="00:00:00.0216288" startTime="2014-06-29T12:32:51.1087436+05:30" endTime="2014-06-29T12:32:51.1307449+05:30" testType="13cdc9d9-ddb5-4fa4-a97d-d965ccfc6d4b" outcome="Passed" testListId="8c84fa94-04c1-424b-9868-57a2d4851a1d" relativeResultsDirectory="4d8becfb-d591-4ec8-9483-96865f542dc7" dataRowInfo="26" resultType="DataDrivenDataRow" />
        <UnitTestResult executionId="a7dd5012-e90d-418a-8c9f-2b94116c059a" parentExecutionId="4d8becfb-d591-4ec8-9483-96865f542dc7" testId="8fe5ccb3-a3f4-0f61-ad21-e94ef029e900" testName="all_persons_modal_can_may" computerName="ARPAN-LAP" duration="00:00:00.0279723" startTime="2014-06-29T12:32:51.1307449+05:30" endTime="2014-06-29T12:32:51.1587465+05:30" testType="13cdc9d9-ddb5-4fa4-a97d-d965ccfc6d4b" outcome="Passed" testListId="8c84fa94-04c1-424b-9868-57a2d4851a1d" relativeResultsDirectory="4d8becfb-d591-4ec8-9483-96865f542dc7" dataRowInfo="27" resultType="DataDrivenDataRow" />
        <UnitTestResult executionId="962df4a4-1771-4acb-be7b-e9400733956e" parentExecutionId="4d8becfb-d591-4ec8-9483-96865f542dc7" testId="8fe5ccb3-a3f4-0f61-ad21-e94ef029e900" testName="all_persons_modal_can_may" computerName="ARPAN-LAP" duration="00:00:00.0292124" startTime="2014-06-29T12:32:51.1587465+05:30" endTime="2014-06-29T12:32:51.1877482+05:30" testType="13cdc9d9-ddb5-4fa4-a97d-d965ccfc6d4b" outcome="Passed" testListId="8c84fa94-04c1-424b-9868-57a2d4851a1d" relativeResultsDirectory="4d8becfb-d591-4ec8-9483-96865f542dc7" dataRowInfo="28" resultType="DataDrivenDataRow" />
      </InnerResults>
    </UnitTestResult>
    <UnitTestResult executionId="e7db2fd2-0ba5-4032-8fec-ac8e2f62a59d" testId="921e6ab0-d7c2-6005-e523-6fd2d5e1a723" testName="first_person_tenses_active" computerName="ARPAN-LAP" duration="00:00:00.4680834" startTime="2014-06-29T12:32:51.4437628+05:30" endTime="2014-06-29T12:32:51.9677928+05:30" testType="13cdc9d9-ddb5-4fa4-a97d-d965ccfc6d4b" outcome="Passed" testListId="8c84fa94-04c1-424b-9868-57a2d4851a1d" relativeResultsDirectory="e7db2fd2-0ba5-4032-8fec-ac8e2f62a59d" resultType="DataDrivenTest">
      <Counters error="0" failed="0" timeout="0" aborted="0" inconclusive="0" passedButRunAborted="0" notRunnable="0" notExecuted="0" disconnected="0" warning="0" passed="10" completed="0" inProgress="0" pending="0" />
      <InnerResults>
        <UnitTestResult executionId="6fb42e47-61cb-4cf4-b3e6-e9b43a5b7028" parentExecutionId="e7db2fd2-0ba5-4032-8fec-ac8e2f62a59d" testId="921e6ab0-d7c2-6005-e523-6fd2d5e1a723" testName="first_person_tenses_active" computerName="ARPAN-LAP" duration="00:00:00.0414724" startTime="2014-06-29T12:32:51.6697757+05:30" endTime="2014-06-29T12:32:51.7117781+05:30" testType="13cdc9d9-ddb5-4fa4-a97d-d965ccfc6d4b" outcome="Passed" testListId="8c84fa94-04c1-424b-9868-57a2d4851a1d" relativeResultsDirectory="e7db2fd2-0ba5-4032-8fec-ac8e2f62a59d" dataRowInfo="0" resultType="DataDrivenDataRow" />
        <UnitTestResult executionId="70bc4aa2-e33f-41d0-80dd-5b9f50530535" parentExecutionId="e7db2fd2-0ba5-4032-8fec-ac8e2f62a59d" testId="921e6ab0-d7c2-6005-e523-6fd2d5e1a723" testName="first_person_tenses_active" computerName="ARPAN-LAP" duration="00:00:00.0222539" startTime="2014-06-29T12:32:51.7117781+05:30" endTime="2014-06-29T12:32:51.7337794+05:30" testType="13cdc9d9-ddb5-4fa4-a97d-d965ccfc6d4b" outcome="Passed" testListId="8c84fa94-04c1-424b-9868-57a2d4851a1d" relativeResultsDirectory="e7db2fd2-0ba5-4032-8fec-ac8e2f62a59d" dataRowInfo="1" resultType="DataDrivenDataRow" />
        <UnitTestResult executionId="3b7a8400-089a-4809-9707-c37ab9a38285" parentExecutionId="e7db2fd2-0ba5-4032-8fec-ac8e2f62a59d" testId="921e6ab0-d7c2-6005-e523-6fd2d5e1a723" testName="first_person_tenses_active" computerName="ARPAN-LAP" duration="00:00:00.0217253" startTime="2014-06-29T12:32:51.7337794+05:30" endTime="2014-06-29T12:32:51.7557806+05:30" testType="13cdc9d9-ddb5-4fa4-a97d-d965ccfc6d4b" outcome="Passed" testListId="8c84fa94-04c1-424b-9868-57a2d4851a1d" relativeResultsDirectory="e7db2fd2-0ba5-4032-8fec-ac8e2f62a59d" dataRowInfo="2" resultType="DataDrivenDataRow" />
        <UnitTestResult executionId="4dacf54d-436a-45a2-b08e-2c73758329c0" parentExecutionId="e7db2fd2-0ba5-4032-8fec-ac8e2f62a59d" testId="921e6ab0-d7c2-6005-e523-6fd2d5e1a723" testName="first_person_tenses_active" computerName="ARPAN-LAP" duration="00:00:00.0279954" startTime="2014-06-29T12:32:51.7557806+05:30" endTime="2014-06-29T12:32:51.7837822+05:30" testType="13cdc9d9-ddb5-4fa4-a97d-d965ccfc6d4b" outcome="Passed" testListId="8c84fa94-04c1-424b-9868-57a2d4851a1d" relativeResultsDirectory="e7db2fd2-0ba5-4032-8fec-ac8e2f62a59d" dataRowInfo="3" resultType="DataDrivenDataRow" />
        <UnitTestResult executionId="5d097be3-f7e9-46ab-a5d7-f66fc74a0c67" parentExecutionId="e7db2fd2-0ba5-4032-8fec-ac8e2f62a59d" testId="921e6ab0-d7c2-6005-e523-6fd2d5e1a723" testName="first_person_tenses_active" computerName="ARPAN-LAP" duration="00:00:00.0201064" startTime="2014-06-29T12:32:51.7837822+05:30" endTime="2014-06-29T12:32:51.8037834+05:30" testType="13cdc9d9-ddb5-4fa4-a97d-d965ccfc6d4b" outcome="Passed" testListId="8c84fa94-04c1-424b-9868-57a2d4851a1d" relativeResultsDirectory="e7db2fd2-0ba5-4032-8fec-ac8e2f62a59d" dataRowInfo="4" resultType="DataDrivenDataRow" />
        <UnitTestResult executionId="26327ea4-d2ad-4ac9-af35-8a41b1c13356" parentExecutionId="e7db2fd2-0ba5-4032-8fec-ac8e2f62a59d" testId="921e6ab0-d7c2-6005-e523-6fd2d5e1a723" testName="first_person_tenses_active" computerName="ARPAN-LAP" duration="00:00:00.0244743" startTime="2014-06-29T12:32:51.8037834+05:30" endTime="2014-06-29T12:32:51.8287848+05:30" testType="13cdc9d9-ddb5-4fa4-a97d-d965ccfc6d4b" outcome="Passed" testListId="8c84fa94-04c1-424b-9868-57a2d4851a1d" relativeResultsDirectory="e7db2fd2-0ba5-4032-8fec-ac8e2f62a59d" dataRowInfo="5" resultType="DataDrivenDataRow" />
        <UnitTestResult executionId="ce7f4703-b1d5-49fc-8be7-fee14804f77c" parentExecutionId="e7db2fd2-0ba5-4032-8fec-ac8e2f62a59d" testId="921e6ab0-d7c2-6005-e523-6fd2d5e1a723" testName="first_person_tenses_active" computerName="ARPAN-LAP" duration="00:00:00.0247289" startTime="2014-06-29T12:32:51.8287848+05:30" endTime="2014-06-29T12:32:51.8527862+05:30" testType="13cdc9d9-ddb5-4fa4-a97d-d965ccfc6d4b" outcome="Passed" testListId="8c84fa94-04c1-424b-9868-57a2d4851a1d" relativeResultsDirectory="e7db2fd2-0ba5-4032-8fec-ac8e2f62a59d" dataRowInfo="6" resultType="DataDrivenDataRow" />
        <UnitTestResult executionId="9b194fe8-7cca-47a2-a63e-40f1045b9364" parentExecutionId="e7db2fd2-0ba5-4032-8fec-ac8e2f62a59d" testId="921e6ab0-d7c2-6005-e523-6fd2d5e1a723" testName="first_person_tenses_active" computerName="ARPAN-LAP" duration="00:00:00.0295003" startTime="2014-06-29T12:32:51.8527862+05:30" endTime="2014-06-29T12:32:51.8827879+05:30" testType="13cdc9d9-ddb5-4fa4-a97d-d965ccfc6d4b" outcome="Passed" testListId="8c84fa94-04c1-424b-9868-57a2d4851a1d" relativeResultsDirectory="e7db2fd2-0ba5-4032-8fec-ac8e2f62a59d" dataRowInfo="7" resultType="DataDrivenDataRow" />
        <UnitTestResult executionId="2ae28797-2ba8-4d93-9e36-5160c0bbbf48" parentExecutionId="e7db2fd2-0ba5-4032-8fec-ac8e2f62a59d" testId="921e6ab0-d7c2-6005-e523-6fd2d5e1a723" testName="first_person_tenses_active" computerName="ARPAN-LAP" duration="00:00:00.0263339" startTime="2014-06-29T12:32:51.8827879+05:30" endTime="2014-06-29T12:32:51.9087894+05:30" testType="13cdc9d9-ddb5-4fa4-a97d-d965ccfc6d4b" outcome="Passed" testListId="8c84fa94-04c1-424b-9868-57a2d4851a1d" relativeResultsDirectory="e7db2fd2-0ba5-4032-8fec-ac8e2f62a59d" dataRowInfo="8" resultType="DataDrivenDataRow" />
        <UnitTestResult executionId="2e7b0028-96be-4a37-b088-98fa9c4f0740" parentExecutionId="e7db2fd2-0ba5-4032-8fec-ac8e2f62a59d" testId="921e6ab0-d7c2-6005-e523-6fd2d5e1a723" testName="first_person_tenses_active" computerName="ARPAN-LAP" duration="00:00:00.0263904" startTime="2014-06-29T12:32:51.9087894+05:30" endTime="2014-06-29T12:32:51.9357909+05:30" testType="13cdc9d9-ddb5-4fa4-a97d-d965ccfc6d4b" outcome="Passed" testListId="8c84fa94-04c1-424b-9868-57a2d4851a1d" relativeResultsDirectory="e7db2fd2-0ba5-4032-8fec-ac8e2f62a59d" dataRowInfo="9" resultType="DataDrivenDataRow" />
      </InnerResults>
    </UnitTestResult>
    <UnitTestResult executionId="9ed4e566-4781-4a28-80a5-cad7e9e47310" testId="9319d01e-de3e-d310-c76e-cae8dce4c924" testName="all_persons_modal_should_negation" computerName="ARPAN-LAP" duration="00:00:00.4917663" startTime="2014-06-29T12:32:51.9717930+05:30" endTime="2014-06-29T12:32:52.7008347+05:30" testType="13cdc9d9-ddb5-4fa4-a97d-d965ccfc6d4b" outcome="Passed" testListId="8c84fa94-04c1-424b-9868-57a2d4851a1d" relativeResultsDirectory="9ed4e566-4781-4a28-80a5-cad7e9e47310" resultType="DataDrivenTest">
      <Counters error="0" failed="0" timeout="0" aborted="0" inconclusive="0" passedButRunAborted="0" notRunnable="0" notExecuted="0" disconnected="0" warning="0" passed="17" completed="0" inProgress="0" pending="0" />
      <InnerResults>
        <UnitTestResult executionId="97b50401-da27-40a5-8aa2-55aaccafaa10" parentExecutionId="9ed4e566-4781-4a28-80a5-cad7e9e47310" testId="9319d01e-de3e-d310-c76e-cae8dce4c924" testName="all_persons_modal_should_negation" computerName="ARPAN-LAP" duration="00:00:00.0254429" startTime="2014-06-29T12:32:51.9897940+05:30" endTime="2014-06-29T12:32:52.0147955+05:30" testType="13cdc9d9-ddb5-4fa4-a97d-d965ccfc6d4b" outcome="Passed" testListId="8c84fa94-04c1-424b-9868-57a2d4851a1d" relativeResultsDirectory="9ed4e566-4781-4a28-80a5-cad7e9e47310" dataRowInfo="0" resultType="DataDrivenDataRow" />
        <UnitTestResult executionId="9e8fbb22-a27e-427e-9150-3659791ab2ef" parentExecutionId="9ed4e566-4781-4a28-80a5-cad7e9e47310" testId="9319d01e-de3e-d310-c76e-cae8dce4c924" testName="all_persons_modal_should_negation" computerName="ARPAN-LAP" duration="00:00:00.0293561" startTime="2014-06-29T12:32:52.0147955+05:30" endTime="2014-06-29T12:32:52.0447972+05:30" testType="13cdc9d9-ddb5-4fa4-a97d-d965ccfc6d4b" outcome="Passed" testListId="8c84fa94-04c1-424b-9868-57a2d4851a1d" relativeResultsDirectory="9ed4e566-4781-4a28-80a5-cad7e9e47310" dataRowInfo="1" resultType="DataDrivenDataRow" />
        <UnitTestResult executionId="a091db07-a759-42b1-bdbf-9820924cf18d" parentExecutionId="9ed4e566-4781-4a28-80a5-cad7e9e47310" testId="9319d01e-de3e-d310-c76e-cae8dce4c924" testName="all_persons_modal_should_negation" computerName="ARPAN-LAP" duration="00:00:00.0290620" startTime="2014-06-29T12:32:52.0447972+05:30" endTime="2014-06-29T12:32:52.0737988+05:30" testType="13cdc9d9-ddb5-4fa4-a97d-d965ccfc6d4b" outcome="Passed" testListId="8c84fa94-04c1-424b-9868-57a2d4851a1d" relativeResultsDirectory="9ed4e566-4781-4a28-80a5-cad7e9e47310" dataRowInfo="2" resultType="DataDrivenDataRow" />
        <UnitTestResult executionId="8b8cc0f5-e2ef-4949-97d5-8a892f471297" parentExecutionId="9ed4e566-4781-4a28-80a5-cad7e9e47310" testId="9319d01e-de3e-d310-c76e-cae8dce4c924" testName="all_persons_modal_should_negation" computerName="ARPAN-LAP" duration="00:00:00.0332452" startTime="2014-06-29T12:32:52.0737988+05:30" endTime="2014-06-29T12:32:52.1068007+05:30" testType="13cdc9d9-ddb5-4fa4-a97d-d965ccfc6d4b" outcome="Passed" testListId="8c84fa94-04c1-424b-9868-57a2d4851a1d" relativeResultsDirectory="9ed4e566-4781-4a28-80a5-cad7e9e47310" dataRowInfo="3" resultType="DataDrivenDataRow" />
        <UnitTestResult executionId="5f892501-0598-408b-82e6-593fc756c511" parentExecutionId="9ed4e566-4781-4a28-80a5-cad7e9e47310" testId="9319d01e-de3e-d310-c76e-cae8dce4c924" testName="all_persons_modal_should_negation" computerName="ARPAN-LAP" duration="00:00:00.0209861" startTime="2014-06-29T12:32:52.1068007+05:30" endTime="2014-06-29T12:32:52.1278019+05:30" testType="13cdc9d9-ddb5-4fa4-a97d-d965ccfc6d4b" outcome="Passed" testListId="8c84fa94-04c1-424b-9868-57a2d4851a1d" relativeResultsDirectory="9ed4e566-4781-4a28-80a5-cad7e9e47310" dataRowInfo="4" resultType="DataDrivenDataRow" />
        <UnitTestResult executionId="7558d9d8-9741-4df0-b42d-4a3764992ae9" parentExecutionId="9ed4e566-4781-4a28-80a5-cad7e9e47310" testId="9319d01e-de3e-d310-c76e-cae8dce4c924" testName="all_persons_modal_should_negation" computerName="ARPAN-LAP" duration="00:00:00.0259839" startTime="2014-06-29T12:32:52.1278019+05:30" endTime="2014-06-29T12:32:52.1538034+05:30" testType="13cdc9d9-ddb5-4fa4-a97d-d965ccfc6d4b" outcome="Passed" testListId="8c84fa94-04c1-424b-9868-57a2d4851a1d" relativeResultsDirectory="9ed4e566-4781-4a28-80a5-cad7e9e47310" dataRowInfo="5" resultType="DataDrivenDataRow" />
        <UnitTestResult executionId="f1404c6d-1850-479e-b0c2-ca0a7464c834" parentExecutionId="9ed4e566-4781-4a28-80a5-cad7e9e47310" testId="9319d01e-de3e-d310-c76e-cae8dce4c924" testName="all_persons_modal_should_negation" computerName="ARPAN-LAP" duration="00:00:00.0287258" startTime="2014-06-29T12:32:52.1538034+05:30" endTime="2014-06-29T12:32:52.1828051+05:30" testType="13cdc9d9-ddb5-4fa4-a97d-d965ccfc6d4b" outcome="Passed" testListId="8c84fa94-04c1-424b-9868-57a2d4851a1d" relativeResultsDirectory="9ed4e566-4781-4a28-80a5-cad7e9e47310" dataRowInfo="6" resultType="DataDrivenDataRow" />
        <UnitTestResult executionId="9f360b5d-01b3-4d68-a9c0-a2694e6cb024" parentExecutionId="9ed4e566-4781-4a28-80a5-cad7e9e47310" testId="9319d01e-de3e-d310-c76e-cae8dce4c924" testName="all_persons_modal_should_negation" computerName="ARPAN-LAP" duration="00:00:00.0428321" startTime="2014-06-29T12:32:52.1828051+05:30" endTime="2014-06-29T12:32:52.2258075+05:30" testType="13cdc9d9-ddb5-4fa4-a97d-d965ccfc6d4b" outcome="Passed" testListId="8c84fa94-04c1-424b-9868-57a2d4851a1d" relativeResultsDirectory="9ed4e566-4781-4a28-80a5-cad7e9e47310" dataRowInfo="7" resultType="DataDrivenDataRow" />
        <UnitTestResult executionId="6c806add-d1ab-4824-ab4b-8f2bf43d8e10" parentExecutionId="9ed4e566-4781-4a28-80a5-cad7e9e47310" testId="9319d01e-de3e-d310-c76e-cae8dce4c924" testName="all_persons_modal_should_negation" computerName="ARPAN-LAP" duration="00:00:00.0256000" startTime="2014-06-29T12:32:52.2258075+05:30" endTime="2014-06-29T12:32:52.2508090+05:30" testType="13cdc9d9-ddb5-4fa4-a97d-d965ccfc6d4b" outcome="Passed" testListId="8c84fa94-04c1-424b-9868-57a2d4851a1d" relativeResultsDirectory="9ed4e566-4781-4a28-80a5-cad7e9e47310" dataRowInfo="8" resultType="DataDrivenDataRow" />
        <UnitTestResult executionId="4c85935c-6e83-4b23-81a1-514a9ebfeedd" parentExecutionId="9ed4e566-4781-4a28-80a5-cad7e9e47310" testId="9319d01e-de3e-d310-c76e-cae8dce4c924" testName="all_persons_modal_should_negation" computerName="ARPAN-LAP" duration="00:00:00.0251406" startTime="2014-06-29T12:32:52.2508090+05:30" endTime="2014-06-29T12:32:52.2768104+05:30" testType="13cdc9d9-ddb5-4fa4-a97d-d965ccfc6d4b" outcome="Passed" testListId="8c84fa94-04c1-424b-9868-57a2d4851a1d" relativeResultsDirectory="9ed4e566-4781-4a28-80a5-cad7e9e47310" dataRowInfo="9" resultType="DataDrivenDataRow" />
        <UnitTestResult executionId="e630d748-f881-4791-b513-e3d448c78be2" parentExecutionId="9ed4e566-4781-4a28-80a5-cad7e9e47310" testId="9319d01e-de3e-d310-c76e-cae8dce4c924" testName="all_persons_modal_should_negation" computerName="ARPAN-LAP" duration="00:00:00.0265839" startTime="2014-06-29T12:32:52.2768104+05:30" endTime="2014-06-29T12:32:52.3028119+05:30" testType="13cdc9d9-ddb5-4fa4-a97d-d965ccfc6d4b" outcome="Passed" testListId="8c84fa94-04c1-424b-9868-57a2d4851a1d" relativeResultsDirectory="9ed4e566-4781-4a28-80a5-cad7e9e47310" dataRowInfo="10" resultType="DataDrivenDataRow" />
        <UnitTestResult executionId="49933984-ea86-4aaa-910b-7821fc6aeb05" parentExecutionId="9ed4e566-4781-4a28-80a5-cad7e9e47310" testId="9319d01e-de3e-d310-c76e-cae8dce4c924" testName="all_persons_modal_should_negation" computerName="ARPAN-LAP" duration="00:00:00.0294315" startTime="2014-06-29T12:32:52.3028119+05:30" endTime="2014-06-29T12:32:52.3328136+05:30" testType="13cdc9d9-ddb5-4fa4-a97d-d965ccfc6d4b" outcome="Passed" testListId="8c84fa94-04c1-424b-9868-57a2d4851a1d" relativeResultsDirectory="9ed4e566-4781-4a28-80a5-cad7e9e47310" dataRowInfo="11" resultType="DataDrivenDataRow" />
        <UnitTestResult executionId="4202ff96-7b68-4e26-bc2a-98c34dbba281" parentExecutionId="9ed4e566-4781-4a28-80a5-cad7e9e47310" testId="9319d01e-de3e-d310-c76e-cae8dce4c924" testName="all_persons_modal_should_negation" computerName="ARPAN-LAP" duration="00:00:00.0284748" startTime="2014-06-29T12:32:52.3328136+05:30" endTime="2014-06-29T12:32:52.3608153+05:30" testType="13cdc9d9-ddb5-4fa4-a97d-d965ccfc6d4b" outcome="Passed" testListId="8c84fa94-04c1-424b-9868-57a2d4851a1d" relativeResultsDirectory="9ed4e566-4781-4a28-80a5-cad7e9e47310" dataRowInfo="12" resultType="DataDrivenDataRow" />
        <UnitTestResult executionId="03121631-607e-4f72-b0c7-2bc42dd6d087" parentExecutionId="9ed4e566-4781-4a28-80a5-cad7e9e47310" testId="9319d01e-de3e-d310-c76e-cae8dce4c924" testName="all_persons_modal_should_negation" computerName="ARPAN-LAP" duration="00:00:00.0295090" startTime="2014-06-29T12:32:52.3608153+05:30" endTime="2014-06-29T12:32:52.3908170+05:30" testType="13cdc9d9-ddb5-4fa4-a97d-d965ccfc6d4b" outcome="Passed" testListId="8c84fa94-04c1-424b-9868-57a2d4851a1d" relativeResultsDirectory="9ed4e566-4781-4a28-80a5-cad7e9e47310" dataRowInfo="13" resultType="DataDrivenDataRow" />
        <UnitTestResult executionId="bc99c553-e00a-4a30-bbe7-3a74bc26b1af" parentExecutionId="9ed4e566-4781-4a28-80a5-cad7e9e47310" testId="9319d01e-de3e-d310-c76e-cae8dce4c924" testName="all_persons_modal_should_negation" computerName="ARPAN-LAP" duration="00:00:00.0276628" startTime="2014-06-29T12:32:52.3908170+05:30" endTime="2014-06-29T12:32:52.4178185+05:30" testType="13cdc9d9-ddb5-4fa4-a97d-d965ccfc6d4b" outcome="Passed" testListId="8c84fa94-04c1-424b-9868-57a2d4851a1d" relativeResultsDirectory="9ed4e566-4781-4a28-80a5-cad7e9e47310" dataRowInfo="14" resultType="DataDrivenDataRow" />
        <UnitTestResult executionId="46c98b42-dd1d-48fd-83d1-43d51d32f598" parentExecutionId="9ed4e566-4781-4a28-80a5-cad7e9e47310" testId="9319d01e-de3e-d310-c76e-cae8dce4c924" testName="all_persons_modal_should_negation" computerName="ARPAN-LAP" duration="00:00:00.0278845" startTime="2014-06-29T12:32:52.4178185+05:30" endTime="2014-06-29T12:32:52.4458201+05:30" testType="13cdc9d9-ddb5-4fa4-a97d-d965ccfc6d4b" outcome="Passed" testListId="8c84fa94-04c1-424b-9868-57a2d4851a1d" relativeResultsDirectory="9ed4e566-4781-4a28-80a5-cad7e9e47310" dataRowInfo="15" resultType="DataDrivenDataRow" />
        <UnitTestResult executionId="0edbb5f6-f079-492b-a8d3-9f9dffdf584a" parentExecutionId="9ed4e566-4781-4a28-80a5-cad7e9e47310" testId="9319d01e-de3e-d310-c76e-cae8dce4c924" testName="all_persons_modal_should_negation" computerName="ARPAN-LAP" duration="00:00:00.0330876" startTime="2014-06-29T12:32:52.4458201+05:30" endTime="2014-06-29T12:32:52.4788220+05:30" testType="13cdc9d9-ddb5-4fa4-a97d-d965ccfc6d4b" outcome="Passed" testListId="8c84fa94-04c1-424b-9868-57a2d4851a1d" relativeResultsDirectory="9ed4e566-4781-4a28-80a5-cad7e9e47310" dataRowInfo="16" resultType="DataDrivenDataRow" />
      </InnerResults>
    </UnitTestResult>
    <UnitTestResult executionId="91deee7b-766b-4228-8636-90adfbde8b2c" testId="97a1371f-e8e6-db3e-323e-49ffeef32df1" testName="interrogative_sentences_which" computerName="ARPAN-LAP" duration="00:00:00.0511302" startTime="2014-06-29T12:32:52.7108353+05:30" endTime="2014-06-29T12:32:52.7778391+05:30" testType="13cdc9d9-ddb5-4fa4-a97d-d965ccfc6d4b" outcome="Passed" testListId="8c84fa94-04c1-424b-9868-57a2d4851a1d" relativeResultsDirectory="91deee7b-766b-4228-8636-90adfbde8b2c" resultType="DataDrivenTest">
      <Counters error="0" failed="0" timeout="0" aborted="0" inconclusive="0" passedButRunAborted="0" notRunnable="0" notExecuted="0" disconnected="0" warning="0" passed="2" completed="0" inProgress="0" pending="0" />
      <InnerResults>
        <UnitTestResult executionId="4e4ebab5-5ad2-4f57-9ab1-3348cbf4f874" parentExecutionId="91deee7b-766b-4228-8636-90adfbde8b2c" testId="97a1371f-e8e6-db3e-323e-49ffeef32df1" testName="interrogative_sentences_which" computerName="ARPAN-LAP" duration="00:00:00.0222909" startTime="2014-06-29T12:32:52.7188357+05:30" endTime="2014-06-29T12:32:52.7408370+05:30" testType="13cdc9d9-ddb5-4fa4-a97d-d965ccfc6d4b" outcome="Passed" testListId="8c84fa94-04c1-424b-9868-57a2d4851a1d" relativeResultsDirectory="91deee7b-766b-4228-8636-90adfbde8b2c" dataRowInfo="0" resultType="DataDrivenDataRow" />
        <UnitTestResult executionId="307a88c7-34df-4e59-bf72-eab3f96b1ff4" parentExecutionId="91deee7b-766b-4228-8636-90adfbde8b2c" testId="97a1371f-e8e6-db3e-323e-49ffeef32df1" testName="interrogative_sentences_which" computerName="ARPAN-LAP" duration="00:00:00.0270782" startTime="2014-06-29T12:32:52.7408370+05:30" endTime="2014-06-29T12:32:52.7688386+05:30" testType="13cdc9d9-ddb5-4fa4-a97d-d965ccfc6d4b" outcome="Passed" testListId="8c84fa94-04c1-424b-9868-57a2d4851a1d" relativeResultsDirectory="91deee7b-766b-4228-8636-90adfbde8b2c" dataRowInfo="1" resultType="DataDrivenDataRow" />
      </InnerResults>
    </UnitTestResult>
    <UnitTestResult executionId="222e3bed-8132-444d-b06b-8f1081107263" testId="b9261b51-b0a2-10e2-9308-22bb2624de8b" testName="interrogative_sentences_where" computerName="ARPAN-LAP" duration="00:00:00.0829351" startTime="2014-06-29T12:32:52.7788392+05:30" endTime="2014-06-29T12:32:52.8778448+05:30" testType="13cdc9d9-ddb5-4fa4-a97d-d965ccfc6d4b" outcome="Passed" testListId="8c84fa94-04c1-424b-9868-57a2d4851a1d" relativeResultsDirectory="222e3bed-8132-444d-b06b-8f1081107263" resultType="DataDrivenTest">
      <Counters error="0" failed="0" timeout="0" aborted="0" inconclusive="0" passedButRunAborted="0" notRunnable="0" notExecuted="0" disconnected="0" warning="0" passed="3" completed="0" inProgress="0" pending="0" />
      <InnerResults>
        <UnitTestResult executionId="24a9f9e3-70de-4984-8e67-cf60bac03197" parentExecutionId="222e3bed-8132-444d-b06b-8f1081107263" testId="b9261b51-b0a2-10e2-9308-22bb2624de8b" testName="interrogative_sentences_where" computerName="ARPAN-LAP" duration="00:00:00.0251067" startTime="2014-06-29T12:32:52.7848395+05:30" endTime="2014-06-29T12:32:52.8098409+05:30" testType="13cdc9d9-ddb5-4fa4-a97d-d965ccfc6d4b" outcome="Passed" testListId="8c84fa94-04c1-424b-9868-57a2d4851a1d" relativeResultsDirectory="222e3bed-8132-444d-b06b-8f1081107263" dataRowInfo="0" resultType="DataDrivenDataRow" />
        <UnitTestResult executionId="1be05574-6099-4138-a6cd-cfab5f434bb0" parentExecutionId="222e3bed-8132-444d-b06b-8f1081107263" testId="b9261b51-b0a2-10e2-9308-22bb2624de8b" testName="interrogative_sentences_where" computerName="ARPAN-LAP" duration="00:00:00.0253125" startTime="2014-06-29T12:32:52.8098409+05:30" endTime="2014-06-29T12:32:52.8358424+05:30" testType="13cdc9d9-ddb5-4fa4-a97d-d965ccfc6d4b" outcome="Passed" testListId="8c84fa94-04c1-424b-9868-57a2d4851a1d" relativeResultsDirectory="222e3bed-8132-444d-b06b-8f1081107263" dataRowInfo="1" resultType="DataDrivenDataRow" />
        <UnitTestResult executionId="7730a80b-ce2d-44bc-b7ed-38baec2ae8bd" parentExecutionId="222e3bed-8132-444d-b06b-8f1081107263" testId="b9261b51-b0a2-10e2-9308-22bb2624de8b" testName="interrogative_sentences_where" computerName="ARPAN-LAP" duration="00:00:00.0307732" startTime="2014-06-29T12:32:52.8358424+05:30" endTime="2014-06-29T12:32:52.8668442+05:30" testType="13cdc9d9-ddb5-4fa4-a97d-d965ccfc6d4b" outcome="Passed" testListId="8c84fa94-04c1-424b-9868-57a2d4851a1d" relativeResultsDirectory="222e3bed-8132-444d-b06b-8f1081107263" dataRowInfo="2" resultType="DataDrivenDataRow" />
      </InnerResults>
    </UnitTestResult>
    <UnitTestResult executionId="d0a89491-f6c1-43b5-97fc-9c58ed931fd6" testId="bdfe92b2-f4ac-73a5-f13d-5c1ea13721b4" testName="all_persons_tenses_passive_negation" computerName="ARPAN-LAP" duration="00:00:00.3275626" startTime="2014-06-29T12:32:52.8808450+05:30" endTime="2014-06-29T12:32:53.2428657+05:30" testType="13cdc9d9-ddb5-4fa4-a97d-d965ccfc6d4b" outcome="Passed" testListId="8c84fa94-04c1-424b-9868-57a2d4851a1d" relativeResultsDirectory="d0a89491-f6c1-43b5-97fc-9c58ed931fd6" resultType="DataDrivenTest">
      <Counters error="0" failed="0" timeout="0" aborted="0" inconclusive="0" passedButRunAborted="0" notRunnable="0" notExecuted="0" disconnected="0" warning="0" passed="10" completed="0" inProgress="0" pending="0" />
      <InnerResults>
        <UnitTestResult executionId="729a3e80-0bf0-4664-b625-780096f2cd1d" parentExecutionId="d0a89491-f6c1-43b5-97fc-9c58ed931fd6" testId="bdfe92b2-f4ac-73a5-f13d-5c1ea13721b4" testName="all_persons_tenses_passive_negation" computerName="ARPAN-LAP" duration="00:00:00.0249404" startTime="2014-06-29T12:32:52.8868453+05:30" endTime="2014-06-29T12:32:52.9118468+05:30" testType="13cdc9d9-ddb5-4fa4-a97d-d965ccfc6d4b" outcome="Passed" testListId="8c84fa94-04c1-424b-9868-57a2d4851a1d" relativeResultsDirectory="d0a89491-f6c1-43b5-97fc-9c58ed931fd6" dataRowInfo="0" resultType="DataDrivenDataRow" />
        <UnitTestResult executionId="e5d0114f-d40d-4cc8-8ab9-d20a85e47e6f" parentExecutionId="d0a89491-f6c1-43b5-97fc-9c58ed931fd6" testId="bdfe92b2-f4ac-73a5-f13d-5c1ea13721b4" testName="all_persons_tenses_passive_negation" computerName="ARPAN-LAP" duration="00:00:00.0293776" startTime="2014-06-29T12:32:52.9118468+05:30" endTime="2014-06-29T12:32:52.9418485+05:30" testType="13cdc9d9-ddb5-4fa4-a97d-d965ccfc6d4b" outcome="Passed" testListId="8c84fa94-04c1-424b-9868-57a2d4851a1d" relativeResultsDirectory="d0a89491-f6c1-43b5-97fc-9c58ed931fd6" dataRowInfo="1" resultType="DataDrivenDataRow" />
        <UnitTestResult executionId="38ec26dd-f078-4085-8037-2beda34f5c1d" parentExecutionId="d0a89491-f6c1-43b5-97fc-9c58ed931fd6" testId="bdfe92b2-f4ac-73a5-f13d-5c1ea13721b4" testName="all_persons_tenses_passive_negation" computerName="ARPAN-LAP" duration="00:00:00.0291225" startTime="2014-06-29T12:32:52.9418485+05:30" endTime="2014-06-29T12:32:52.9708501+05:30" testType="13cdc9d9-ddb5-4fa4-a97d-d965ccfc6d4b" outcome="Passed" testListId="8c84fa94-04c1-424b-9868-57a2d4851a1d" relativeResultsDirectory="d0a89491-f6c1-43b5-97fc-9c58ed931fd6" dataRowInfo="2" resultType="DataDrivenDataRow" />
        <UnitTestResult executionId="e7a96c04-522e-429c-af9e-ef189df4b641" parentExecutionId="d0a89491-f6c1-43b5-97fc-9c58ed931fd6" testId="bdfe92b2-f4ac-73a5-f13d-5c1ea13721b4" testName="all_persons_tenses_passive_negation" computerName="ARPAN-LAP" duration="00:00:00.0468248" startTime="2014-06-29T12:32:52.9708501+05:30" endTime="2014-06-29T12:32:53.0178528+05:30" testType="13cdc9d9-ddb5-4fa4-a97d-d965ccfc6d4b" outcome="Passed" testListId="8c84fa94-04c1-424b-9868-57a2d4851a1d" relativeResultsDirectory="d0a89491-f6c1-43b5-97fc-9c58ed931fd6" dataRowInfo="3" resultType="DataDrivenDataRow" />
        <UnitTestResult executionId="c9070013-3e3d-432f-9a9e-a15b551ba27c" parentExecutionId="d0a89491-f6c1-43b5-97fc-9c58ed931fd6" testId="bdfe92b2-f4ac-73a5-f13d-5c1ea13721b4" testName="all_persons_tenses_passive_negation" computerName="ARPAN-LAP" duration="00:00:00.0321745" startTime="2014-06-29T12:32:53.0178528+05:30" endTime="2014-06-29T12:32:53.0498547+05:30" testType="13cdc9d9-ddb5-4fa4-a97d-d965ccfc6d4b" outcome="Passed" testListId="8c84fa94-04c1-424b-9868-57a2d4851a1d" relativeResultsDirectory="d0a89491-f6c1-43b5-97fc-9c58ed931fd6" dataRowInfo="4" resultType="DataDrivenDataRow" />
        <UnitTestResult executionId="3f8a4e24-b743-4ee1-87d4-2a09a7c1619f" parentExecutionId="d0a89491-f6c1-43b5-97fc-9c58ed931fd6" testId="bdfe92b2-f4ac-73a5-f13d-5c1ea13721b4" testName="all_persons_tenses_passive_negation" computerName="ARPAN-LAP" duration="00:00:00.0277870" startTime="2014-06-29T12:32:53.0498547+05:30" endTime="2014-06-29T12:32:53.0778563+05:30" testType="13cdc9d9-ddb5-4fa4-a97d-d965ccfc6d4b" outcome="Passed" testListId="8c84fa94-04c1-424b-9868-57a2d4851a1d" relativeResultsDirectory="d0a89491-f6c1-43b5-97fc-9c58ed931fd6" dataRowInfo="5" resultType="DataDrivenDataRow" />
        <UnitTestResult executionId="76810bd4-d9f2-462b-9683-57a68475ace7" parentExecutionId="d0a89491-f6c1-43b5-97fc-9c58ed931fd6" testId="bdfe92b2-f4ac-73a5-f13d-5c1ea13721b4" testName="all_persons_tenses_passive_negation" computerName="ARPAN-LAP" duration="00:00:00.0306110" startTime="2014-06-29T12:32:53.0778563+05:30" endTime="2014-06-29T12:32:53.1088580+05:30" testType="13cdc9d9-ddb5-4fa4-a97d-d965ccfc6d4b" outcome="Passed" testListId="8c84fa94-04c1-424b-9868-57a2d4851a1d" relativeResultsDirectory="d0a89491-f6c1-43b5-97fc-9c58ed931fd6" dataRowInfo="6" resultType="DataDrivenDataRow" />
        <UnitTestResult executionId="2b113db3-2b33-46ce-8bed-505d660cebdf" parentExecutionId="d0a89491-f6c1-43b5-97fc-9c58ed931fd6" testId="bdfe92b2-f4ac-73a5-f13d-5c1ea13721b4" testName="all_persons_tenses_passive_negation" computerName="ARPAN-LAP" duration="00:00:00.0352941" startTime="2014-06-29T12:32:53.1088580+05:30" endTime="2014-06-29T12:32:53.1438600+05:30" testType="13cdc9d9-ddb5-4fa4-a97d-d965ccfc6d4b" outcome="Passed" testListId="8c84fa94-04c1-424b-9868-57a2d4851a1d" relativeResultsDirectory="d0a89491-f6c1-43b5-97fc-9c58ed931fd6" dataRowInfo="7" resultType="DataDrivenDataRow" />
        <UnitTestResult executionId="2b3e4387-49d8-4283-8c77-65b4f337a641" parentExecutionId="d0a89491-f6c1-43b5-97fc-9c58ed931fd6" testId="bdfe92b2-f4ac-73a5-f13d-5c1ea13721b4" testName="all_persons_tenses_passive_negation" computerName="ARPAN-LAP" duration="00:00:00.0330429" startTime="2014-06-29T12:32:53.1438600+05:30" endTime="2014-06-29T12:32:53.1768619+05:30" testType="13cdc9d9-ddb5-4fa4-a97d-d965ccfc6d4b" outcome="Passed" testListId="8c84fa94-04c1-424b-9868-57a2d4851a1d" relativeResultsDirectory="d0a89491-f6c1-43b5-97fc-9c58ed931fd6" dataRowInfo="8" resultType="DataDrivenDataRow" />
        <UnitTestResult executionId="66931c2d-b045-4b88-8454-316e10425485" parentExecutionId="d0a89491-f6c1-43b5-97fc-9c58ed931fd6" testId="bdfe92b2-f4ac-73a5-f13d-5c1ea13721b4" testName="all_persons_tenses_passive_negation" computerName="ARPAN-LAP" duration="00:00:00.0358269" startTime="2014-06-29T12:32:53.1768619+05:30" endTime="2014-06-29T12:32:53.2128640+05:30" testType="13cdc9d9-ddb5-4fa4-a97d-d965ccfc6d4b" outcome="Passed" testListId="8c84fa94-04c1-424b-9868-57a2d4851a1d" relativeResultsDirectory="d0a89491-f6c1-43b5-97fc-9c58ed931fd6" dataRowInfo="9" resultType="DataDrivenDataRow" />
      </InnerResults>
    </UnitTestResult>
    <UnitTestResult executionId="bf2574be-f527-44b8-9e50-a341d7e4cc03" testId="c79146bc-2376-961a-5de9-441b5dfc7188" testName="auxiliary_verbs_as_main_verbs" computerName="ARPAN-LAP" duration="00:00:00.6851947" startTime="2014-06-29T12:32:53.2448658+05:30" endTime="2014-06-29T12:32:54.0109096+05:30" testType="13cdc9d9-ddb5-4fa4-a97d-d965ccfc6d4b" outcome="Passed" testListId="8c84fa94-04c1-424b-9868-57a2d4851a1d" relativeResultsDirectory="bf2574be-f527-44b8-9e50-a341d7e4cc03" resultType="DataDrivenTest">
      <Counters error="0" failed="0" timeout="0" aborted="0" inconclusive="0" passedButRunAborted="0" notRunnable="0" notExecuted="0" disconnected="0" warning="0" passed="25" completed="0" inProgress="0" pending="0" />
      <InnerResults>
        <UnitTestResult executionId="a1118f09-19cf-4a59-ac57-775311e69478" parentExecutionId="bf2574be-f527-44b8-9e50-a341d7e4cc03" testId="c79146bc-2376-961a-5de9-441b5dfc7188" testName="auxiliary_verbs_as_main_verbs" computerName="ARPAN-LAP" duration="00:00:00.0273215" startTime="2014-06-29T12:32:53.2568665+05:30" endTime="2014-06-29T12:32:53.2848681+05:30" testType="13cdc9d9-ddb5-4fa4-a97d-d965ccfc6d4b" outcome="Passed" testListId="8c84fa94-04c1-424b-9868-57a2d4851a1d" relativeResultsDirectory="bf2574be-f527-44b8-9e50-a341d7e4cc03" dataRowInfo="0" resultType="DataDrivenDataRow" />
        <UnitTestResult executionId="8e4a05a3-33cb-44cb-8e80-286f2be88849" parentExecutionId="bf2574be-f527-44b8-9e50-a341d7e4cc03" testId="c79146bc-2376-961a-5de9-441b5dfc7188" testName="auxiliary_verbs_as_main_verbs" computerName="ARPAN-LAP" duration="00:00:00.0275278" startTime="2014-06-29T12:32:53.2848681+05:30" endTime="2014-06-29T12:32:53.3118696+05:30" testType="13cdc9d9-ddb5-4fa4-a97d-d965ccfc6d4b" outcome="Passed" testListId="8c84fa94-04c1-424b-9868-57a2d4851a1d" relativeResultsDirectory="bf2574be-f527-44b8-9e50-a341d7e4cc03" dataRowInfo="1" resultType="DataDrivenDataRow" />
        <UnitTestResult executionId="1b8ef0fe-72c1-4785-815d-3a2f7e7ea6dd" parentExecutionId="bf2574be-f527-44b8-9e50-a341d7e4cc03" testId="c79146bc-2376-961a-5de9-441b5dfc7188" testName="auxiliary_verbs_as_main_verbs" computerName="ARPAN-LAP" duration="00:00:00.0329454" startTime="2014-06-29T12:32:53.3118696+05:30" endTime="2014-06-29T12:32:53.3448715+05:30" testType="13cdc9d9-ddb5-4fa4-a97d-d965ccfc6d4b" outcome="Passed" testListId="8c84fa94-04c1-424b-9868-57a2d4851a1d" relativeResultsDirectory="bf2574be-f527-44b8-9e50-a341d7e4cc03" dataRowInfo="2" resultType="DataDrivenDataRow" />
        <UnitTestResult executionId="ae437a86-4a66-4f6c-ab0a-eeffbe35209a" parentExecutionId="bf2574be-f527-44b8-9e50-a341d7e4cc03" testId="c79146bc-2376-961a-5de9-441b5dfc7188" testName="auxiliary_verbs_as_main_verbs" computerName="ARPAN-LAP" duration="00:00:00.0343887" startTime="2014-06-29T12:32:53.3448715+05:30" endTime="2014-06-29T12:32:53.3798735+05:30" testType="13cdc9d9-ddb5-4fa4-a97d-d965ccfc6d4b" outcome="Passed" testListId="8c84fa94-04c1-424b-9868-57a2d4851a1d" relativeResultsDirectory="bf2574be-f527-44b8-9e50-a341d7e4cc03" dataRowInfo="3" resultType="DataDrivenDataRow" />
        <UnitTestResult executionId="4b45bbdf-96f4-4aee-ace3-8d504c02449f" parentExecutionId="bf2574be-f527-44b8-9e50-a341d7e4cc03" testId="c79146bc-2376-961a-5de9-441b5dfc7188" testName="auxiliary_verbs_as_main_verbs" computerName="ARPAN-LAP" duration="00:00:00.0319969" startTime="2014-06-29T12:32:53.3798735+05:30" endTime="2014-06-29T12:32:53.4118754+05:30" testType="13cdc9d9-ddb5-4fa4-a97d-d965ccfc6d4b" outcome="Passed" testListId="8c84fa94-04c1-424b-9868-57a2d4851a1d" relativeResultsDirectory="bf2574be-f527-44b8-9e50-a341d7e4cc03" dataRowInfo="4" resultType="DataDrivenDataRow" />
        <UnitTestResult executionId="2a9dda2a-c714-439f-b9b4-8cfcc14480a5" parentExecutionId="bf2574be-f527-44b8-9e50-a341d7e4cc03" testId="c79146bc-2376-961a-5de9-441b5dfc7188" testName="auxiliary_verbs_as_main_verbs" computerName="ARPAN-LAP" duration="00:00:00.0288248" startTime="2014-06-29T12:32:53.4118754+05:30" endTime="2014-06-29T12:32:53.4408770+05:30" testType="13cdc9d9-ddb5-4fa4-a97d-d965ccfc6d4b" outcome="Passed" testListId="8c84fa94-04c1-424b-9868-57a2d4851a1d" relativeResultsDirectory="bf2574be-f527-44b8-9e50-a341d7e4cc03" dataRowInfo="5" resultType="DataDrivenDataRow" />
        <UnitTestResult executionId="56d704b4-5975-41f6-b6b9-427581a98d36" parentExecutionId="bf2574be-f527-44b8-9e50-a341d7e4cc03" testId="c79146bc-2376-961a-5de9-441b5dfc7188" testName="auxiliary_verbs_as_main_verbs" computerName="ARPAN-LAP" duration="00:00:00.0296266" startTime="2014-06-29T12:32:53.4408770+05:30" endTime="2014-06-29T12:32:53.4698787+05:30" testType="13cdc9d9-ddb5-4fa4-a97d-d965ccfc6d4b" outcome="Passed" testListId="8c84fa94-04c1-424b-9868-57a2d4851a1d" relativeResultsDirectory="bf2574be-f527-44b8-9e50-a341d7e4cc03" dataRowInfo="6" resultType="DataDrivenDataRow" />
        <UnitTestResult executionId="99e1d067-e3b7-4eeb-bf1c-50cf67f8d315" parentExecutionId="bf2574be-f527-44b8-9e50-a341d7e4cc03" testId="c79146bc-2376-961a-5de9-441b5dfc7188" testName="auxiliary_verbs_as_main_verbs" computerName="ARPAN-LAP" duration="00:00:00.0332169" startTime="2014-06-29T12:32:53.4698787+05:30" endTime="2014-06-29T12:32:53.5038806+05:30" testType="13cdc9d9-ddb5-4fa4-a97d-d965ccfc6d4b" outcome="Passed" testListId="8c84fa94-04c1-424b-9868-57a2d4851a1d" relativeResultsDirectory="bf2574be-f527-44b8-9e50-a341d7e4cc03" dataRowInfo="7" resultType="DataDrivenDataRow" />
        <UnitTestResult executionId="d3d824af-d244-463d-be26-6a72ff690d69" parentExecutionId="bf2574be-f527-44b8-9e50-a341d7e4cc03" testId="c79146bc-2376-961a-5de9-441b5dfc7188" testName="auxiliary_verbs_as_main_verbs" computerName="ARPAN-LAP" duration="00:00:00.0615080" startTime="2014-06-29T12:32:53.5038806+05:30" endTime="2014-06-29T12:32:53.5648841+05:30" testType="13cdc9d9-ddb5-4fa4-a97d-d965ccfc6d4b" outcome="Passed" testListId="8c84fa94-04c1-424b-9868-57a2d4851a1d" relativeResultsDirectory="bf2574be-f527-44b8-9e50-a341d7e4cc03" dataRowInfo="8" resultType="DataDrivenDataRow" />
        <UnitTestResult executionId="21ca4bf0-7ed5-4367-842d-52cf3888a303" parentExecutionId="bf2574be-f527-44b8-9e50-a341d7e4cc03" testId="c79146bc-2376-961a-5de9-441b5dfc7188" testName="auxiliary_verbs_as_main_verbs" computerName="ARPAN-LAP" duration="00:00:00.0220922" startTime="2014-06-29T12:32:53.5648841+05:30" endTime="2014-06-29T12:32:53.5868854+05:30" testType="13cdc9d9-ddb5-4fa4-a97d-d965ccfc6d4b" outcome="Passed" testListId="8c84fa94-04c1-424b-9868-57a2d4851a1d" relativeResultsDirectory="bf2574be-f527-44b8-9e50-a341d7e4cc03" dataRowInfo="9" resultType="DataDrivenDataRow" />
        <UnitTestResult executionId="2411e297-d83a-48f6-a236-712ab45f6462" parentExecutionId="bf2574be-f527-44b8-9e50-a341d7e4cc03" testId="c79146bc-2376-961a-5de9-441b5dfc7188" testName="auxiliary_verbs_as_main_verbs" computerName="ARPAN-LAP" duration="00:00:00.0191414" startTime="2014-06-29T12:32:53.5868854+05:30" endTime="2014-06-29T12:32:53.6058865+05:30" testType="13cdc9d9-ddb5-4fa4-a97d-d965ccfc6d4b" outcome="Passed" testListId="8c84fa94-04c1-424b-9868-57a2d4851a1d" relativeResultsDirectory="bf2574be-f527-44b8-9e50-a341d7e4cc03" dataRowInfo="10" resultType="DataDrivenDataRow" />
        <UnitTestResult executionId="cd29b681-d528-4200-aac5-8a215c043a23" parentExecutionId="bf2574be-f527-44b8-9e50-a341d7e4cc03" testId="c79146bc-2376-961a-5de9-441b5dfc7188" testName="auxiliary_verbs_as_main_verbs" computerName="ARPAN-LAP" duration="00:00:00.0243968" startTime="2014-06-29T12:32:53.6058865+05:30" endTime="2014-06-29T12:32:53.6308879+05:30" testType="13cdc9d9-ddb5-4fa4-a97d-d965ccfc6d4b" outcome="Passed" testListId="8c84fa94-04c1-424b-9868-57a2d4851a1d" relativeResultsDirectory="bf2574be-f527-44b8-9e50-a341d7e4cc03" dataRowInfo="11" resultType="DataDrivenDataRow" />
        <UnitTestResult executionId="cf8ce595-b8f4-4802-996a-0b47eedb547f" parentExecutionId="bf2574be-f527-44b8-9e50-a341d7e4cc03" testId="c79146bc-2376-961a-5de9-441b5dfc7188" testName="auxiliary_verbs_as_main_verbs" computerName="ARPAN-LAP" duration="00:00:00.0286596" startTime="2014-06-29T12:32:53.6308879+05:30" endTime="2014-06-29T12:32:53.6598896+05:30" testType="13cdc9d9-ddb5-4fa4-a97d-d965ccfc6d4b" outcome="Passed" testListId="8c84fa94-04c1-424b-9868-57a2d4851a1d" relativeResultsDirectory="bf2574be-f527-44b8-9e50-a341d7e4cc03" dataRowInfo="12" resultType="DataDrivenDataRow" />
        <UnitTestResult executionId="a82f319e-64d6-433d-9003-4f8449b3e771" parentExecutionId="bf2574be-f527-44b8-9e50-a341d7e4cc03" testId="c79146bc-2376-961a-5de9-441b5dfc7188" testName="auxiliary_verbs_as_main_verbs" computerName="ARPAN-LAP" duration="00:00:00.0272886" startTime="2014-06-29T12:32:53.6598896+05:30" endTime="2014-06-29T12:32:53.6868911+05:30" testType="13cdc9d9-ddb5-4fa4-a97d-d965ccfc6d4b" outcome="Passed" testListId="8c84fa94-04c1-424b-9868-57a2d4851a1d" relativeResultsDirectory="bf2574be-f527-44b8-9e50-a341d7e4cc03" dataRowInfo="13" resultType="DataDrivenDataRow" />
        <UnitTestResult executionId="b794aa6e-60e0-48b5-b7b2-9200db284dab" parentExecutionId="bf2574be-f527-44b8-9e50-a341d7e4cc03" testId="c79146bc-2376-961a-5de9-441b5dfc7188" testName="auxiliary_verbs_as_main_verbs" computerName="ARPAN-LAP" duration="00:00:00.0213208" startTime="2014-06-29T12:32:53.6868911+05:30" endTime="2014-06-29T12:32:53.7078923+05:30" testType="13cdc9d9-ddb5-4fa4-a97d-d965ccfc6d4b" outcome="Passed" testListId="8c84fa94-04c1-424b-9868-57a2d4851a1d" relativeResultsDirectory="bf2574be-f527-44b8-9e50-a341d7e4cc03" dataRowInfo="14" resultType="DataDrivenDataRow" />
        <UnitTestResult executionId="8139f725-efdf-4d7f-ad7e-5108d096f7fb" parentExecutionId="bf2574be-f527-44b8-9e50-a341d7e4cc03" testId="c79146bc-2376-961a-5de9-441b5dfc7188" testName="auxiliary_verbs_as_main_verbs" computerName="ARPAN-LAP" duration="00:00:00.0193237" startTime="2014-06-29T12:32:53.7078923+05:30" endTime="2014-06-29T12:32:53.7278934+05:30" testType="13cdc9d9-ddb5-4fa4-a97d-d965ccfc6d4b" outcome="Passed" testListId="8c84fa94-04c1-424b-9868-57a2d4851a1d" relativeResultsDirectory="bf2574be-f527-44b8-9e50-a341d7e4cc03" dataRowInfo="15" resultType="DataDrivenDataRow" />
        <UnitTestResult executionId="da3a3ed8-fee6-4fe7-99fe-d7c9954ccfa2" parentExecutionId="bf2574be-f527-44b8-9e50-a341d7e4cc03" testId="c79146bc-2376-961a-5de9-441b5dfc7188" testName="auxiliary_verbs_as_main_verbs" computerName="ARPAN-LAP" duration="00:00:00.0264309" startTime="2014-06-29T12:32:53.7278934+05:30" endTime="2014-06-29T12:32:53.7538949+05:30" testType="13cdc9d9-ddb5-4fa4-a97d-d965ccfc6d4b" outcome="Passed" testListId="8c84fa94-04c1-424b-9868-57a2d4851a1d" relativeResultsDirectory="bf2574be-f527-44b8-9e50-a341d7e4cc03" dataRowInfo="16" resultType="DataDrivenDataRow" />
        <UnitTestResult executionId="60f02ca2-c67d-40a6-89ae-73e3fee9a15b" parentExecutionId="bf2574be-f527-44b8-9e50-a341d7e4cc03" testId="c79146bc-2376-961a-5de9-441b5dfc7188" testName="auxiliary_verbs_as_main_verbs" computerName="ARPAN-LAP" duration="00:00:00.0200905" startTime="2014-06-29T12:32:53.7538949+05:30" endTime="2014-06-29T12:32:53.7738961+05:30" testType="13cdc9d9-ddb5-4fa4-a97d-d965ccfc6d4b" outcome="Passed" testListId="8c84fa94-04c1-424b-9868-57a2d4851a1d" relativeResultsDirectory="bf2574be-f527-44b8-9e50-a341d7e4cc03" dataRowInfo="17" resultType="DataDrivenDataRow" />
        <UnitTestResult executionId="ba2c50ff-b0c5-4959-a9b1-fd215ad689e5" parentExecutionId="bf2574be-f527-44b8-9e50-a341d7e4cc03" testId="c79146bc-2376-961a-5de9-441b5dfc7188" testName="auxiliary_verbs_as_main_verbs" computerName="ARPAN-LAP" duration="00:00:00.0197692" startTime="2014-06-29T12:32:53.7738961+05:30" endTime="2014-06-29T12:32:53.7938972+05:30" testType="13cdc9d9-ddb5-4fa4-a97d-d965ccfc6d4b" outcome="Passed" testListId="8c84fa94-04c1-424b-9868-57a2d4851a1d" relativeResultsDirectory="bf2574be-f527-44b8-9e50-a341d7e4cc03" dataRowInfo="18" resultType="DataDrivenDataRow" />
        <UnitTestResult executionId="b67b6286-5c01-45a0-a7f6-d67641e490b2" parentExecutionId="bf2574be-f527-44b8-9e50-a341d7e4cc03" testId="c79146bc-2376-961a-5de9-441b5dfc7188" testName="auxiliary_verbs_as_main_verbs" computerName="ARPAN-LAP" duration="00:00:00.0274277" startTime="2014-06-29T12:32:53.7938972+05:30" endTime="2014-06-29T12:32:53.8218988+05:30" testType="13cdc9d9-ddb5-4fa4-a97d-d965ccfc6d4b" outcome="Passed" testListId="8c84fa94-04c1-424b-9868-57a2d4851a1d" relativeResultsDirectory="bf2574be-f527-44b8-9e50-a341d7e4cc03" dataRowInfo="19" resultType="DataDrivenDataRow" />
        <UnitTestResult executionId="87880685-bc32-4da7-bca1-191b9eef1f0d" parentExecutionId="bf2574be-f527-44b8-9e50-a341d7e4cc03" testId="c79146bc-2376-961a-5de9-441b5dfc7188" testName="auxiliary_verbs_as_main_verbs" computerName="ARPAN-LAP" duration="00:00:00.0256518" startTime="2014-06-29T12:32:53.8218988+05:30" endTime="2014-06-29T12:32:53.8469002+05:30" testType="13cdc9d9-ddb5-4fa4-a97d-d965ccfc6d4b" outcome="Passed" testListId="8c84fa94-04c1-424b-9868-57a2d4851a1d" relativeResultsDirectory="bf2574be-f527-44b8-9e50-a341d7e4cc03" dataRowInfo="20" resultType="DataDrivenDataRow" />
        <UnitTestResult executionId="b6baa688-ab50-4fa5-8d27-5a8589048ed3" parentExecutionId="bf2574be-f527-44b8-9e50-a341d7e4cc03" testId="c79146bc-2376-961a-5de9-441b5dfc7188" testName="auxiliary_verbs_as_main_verbs" computerName="ARPAN-LAP" duration="00:00:00.0301111" startTime="2014-06-29T12:32:53.8469002+05:30" endTime="2014-06-29T12:32:53.8769020+05:30" testType="13cdc9d9-ddb5-4fa4-a97d-d965ccfc6d4b" outcome="Passed" testListId="8c84fa94-04c1-424b-9868-57a2d4851a1d" relativeResultsDirectory="bf2574be-f527-44b8-9e50-a341d7e4cc03" dataRowInfo="21" resultType="DataDrivenDataRow" />
        <UnitTestResult executionId="a3eec3fa-c7b6-47c4-96c6-d8a181d99134" parentExecutionId="bf2574be-f527-44b8-9e50-a341d7e4cc03" testId="c79146bc-2376-961a-5de9-441b5dfc7188" testName="auxiliary_verbs_as_main_verbs" computerName="ARPAN-LAP" duration="00:00:00.0176935" startTime="2014-06-29T12:32:53.8769020+05:30" endTime="2014-06-29T12:32:53.8949030+05:30" testType="13cdc9d9-ddb5-4fa4-a97d-d965ccfc6d4b" outcome="Passed" testListId="8c84fa94-04c1-424b-9868-57a2d4851a1d" relativeResultsDirectory="bf2574be-f527-44b8-9e50-a341d7e4cc03" dataRowInfo="22" resultType="DataDrivenDataRow" />
        <UnitTestResult executionId="596bd911-8712-43bd-8079-13723649376d" parentExecutionId="bf2574be-f527-44b8-9e50-a341d7e4cc03" testId="c79146bc-2376-961a-5de9-441b5dfc7188" testName="auxiliary_verbs_as_main_verbs" computerName="ARPAN-LAP" duration="00:00:00.0193016" startTime="2014-06-29T12:32:53.8949030+05:30" endTime="2014-06-29T12:32:53.9149041+05:30" testType="13cdc9d9-ddb5-4fa4-a97d-d965ccfc6d4b" outcome="Passed" testListId="8c84fa94-04c1-424b-9868-57a2d4851a1d" relativeResultsDirectory="bf2574be-f527-44b8-9e50-a341d7e4cc03" dataRowInfo="23" resultType="DataDrivenDataRow" />
        <UnitTestResult executionId="f3ca3d33-66f3-4083-a255-09ab44060dc8" parentExecutionId="bf2574be-f527-44b8-9e50-a341d7e4cc03" testId="c79146bc-2376-961a-5de9-441b5dfc7188" testName="auxiliary_verbs_as_main_verbs" computerName="ARPAN-LAP" duration="00:00:00.0258576" startTime="2014-06-29T12:32:53.9149041+05:30" endTime="2014-06-29T12:32:53.9399056+05:30" testType="13cdc9d9-ddb5-4fa4-a97d-d965ccfc6d4b" outcome="Passed" testListId="8c84fa94-04c1-424b-9868-57a2d4851a1d" relativeResultsDirectory="bf2574be-f527-44b8-9e50-a341d7e4cc03" dataRowInfo="24" resultType="DataDrivenDataRow" />
      </InnerResults>
    </UnitTestResult>
    <UnitTestResult executionId="c2f6e318-3717-484e-960b-ba72974a604e" testId="d03eb628-bf1f-c27d-aeef-e708d613d686" testName="all_persons_modal_can_may_negation" computerName="ARPAN-LAP" duration="00:00:00.6241163" startTime="2014-06-29T12:32:54.0209102+05:30" endTime="2014-06-29T12:32:54.7239504+05:30" testType="13cdc9d9-ddb5-4fa4-a97d-d965ccfc6d4b" outcome="Passed" testListId="8c84fa94-04c1-424b-9868-57a2d4851a1d" relativeResultsDirectory="c2f6e318-3717-484e-960b-ba72974a604e" resultType="DataDrivenTest">
      <Counters error="0" failed="0" timeout="0" aborted="0" inconclusive="0" passedButRunAborted="0" notRunnable="0" notExecuted="0" disconnected="0" warning="0" passed="24" completed="0" inProgress="0" pending="0" />
      <InnerResults>
        <UnitTestResult executionId="4e1ae4c2-c7cd-41f5-bcd9-8ed4e9220f94" parentExecutionId="c2f6e318-3717-484e-960b-ba72974a604e" testId="d03eb628-bf1f-c27d-aeef-e708d613d686" testName="all_persons_modal_can_may_negation" computerName="ARPAN-LAP" duration="00:00:00.0243455" startTime="2014-06-29T12:32:54.0319108+05:30" endTime="2014-06-29T12:32:54.0569123+05:30" testType="13cdc9d9-ddb5-4fa4-a97d-d965ccfc6d4b" outcome="Passed" testListId="8c84fa94-04c1-424b-9868-57a2d4851a1d" relativeResultsDirectory="c2f6e318-3717-484e-960b-ba72974a604e" dataRowInfo="0" resultType="DataDrivenDataRow" />
        <UnitTestResult executionId="ff135c09-8a3d-4290-a810-6eb5366fab8b" parentExecutionId="c2f6e318-3717-484e-960b-ba72974a604e" testId="d03eb628-bf1f-c27d-aeef-e708d613d686" testName="all_persons_modal_can_may_negation" computerName="ARPAN-LAP" duration="00:00:00.0234262" startTime="2014-06-29T12:32:54.0569123+05:30" endTime="2014-06-29T12:32:54.0799136+05:30" testType="13cdc9d9-ddb5-4fa4-a97d-d965ccfc6d4b" outcome="Passed" testListId="8c84fa94-04c1-424b-9868-57a2d4851a1d" relativeResultsDirectory="c2f6e318-3717-484e-960b-ba72974a604e" dataRowInfo="1" resultType="DataDrivenDataRow" />
        <UnitTestResult executionId="2db34e31-c975-4070-a1e5-a47d4b93d8b2" parentExecutionId="c2f6e318-3717-484e-960b-ba72974a604e" testId="d03eb628-bf1f-c27d-aeef-e708d613d686" testName="all_persons_modal_can_may_negation" computerName="ARPAN-LAP" duration="00:00:00.0249573" startTime="2014-06-29T12:32:54.0799136+05:30" endTime="2014-06-29T12:32:54.1049150+05:30" testType="13cdc9d9-ddb5-4fa4-a97d-d965ccfc6d4b" outcome="Passed" testListId="8c84fa94-04c1-424b-9868-57a2d4851a1d" relativeResultsDirectory="c2f6e318-3717-484e-960b-ba72974a604e" dataRowInfo="2" resultType="DataDrivenDataRow" />
        <UnitTestResult executionId="d3414885-195c-478d-8d64-3b54a2e81d8a" parentExecutionId="c2f6e318-3717-484e-960b-ba72974a604e" testId="d03eb628-bf1f-c27d-aeef-e708d613d686" testName="all_persons_modal_can_may_negation" computerName="ARPAN-LAP" duration="00:00:00.0244205" startTime="2014-06-29T12:32:54.1049150+05:30" endTime="2014-06-29T12:32:54.1299164+05:30" testType="13cdc9d9-ddb5-4fa4-a97d-d965ccfc6d4b" outcome="Passed" testListId="8c84fa94-04c1-424b-9868-57a2d4851a1d" relativeResultsDirectory="c2f6e318-3717-484e-960b-ba72974a604e" dataRowInfo="3" resultType="DataDrivenDataRow" />
        <UnitTestResult executionId="a1a54917-bd9f-4f70-bd83-111378c57f29" parentExecutionId="c2f6e318-3717-484e-960b-ba72974a604e" testId="d03eb628-bf1f-c27d-aeef-e708d613d686" testName="all_persons_modal_can_may_negation" computerName="ARPAN-LAP" duration="00:00:00.0313861" startTime="2014-06-29T12:32:54.1299164+05:30" endTime="2014-06-29T12:32:54.1609182+05:30" testType="13cdc9d9-ddb5-4fa4-a97d-d965ccfc6d4b" outcome="Passed" testListId="8c84fa94-04c1-424b-9868-57a2d4851a1d" relativeResultsDirectory="c2f6e318-3717-484e-960b-ba72974a604e" dataRowInfo="4" resultType="DataDrivenDataRow" />
        <UnitTestResult executionId="1e46a17b-3167-4957-95fd-68c7ffc6101f" parentExecutionId="c2f6e318-3717-484e-960b-ba72974a604e" testId="d03eb628-bf1f-c27d-aeef-e708d613d686" testName="all_persons_modal_can_may_negation" computerName="ARPAN-LAP" duration="00:00:00.0297708" startTime="2014-06-29T12:32:54.1609182+05:30" endTime="2014-06-29T12:32:54.1909199+05:30" testType="13cdc9d9-ddb5-4fa4-a97d-d965ccfc6d4b" outcome="Passed" testListId="8c84fa94-04c1-424b-9868-57a2d4851a1d" relativeResultsDirectory="c2f6e318-3717-484e-960b-ba72974a604e" dataRowInfo="5" resultType="DataDrivenDataRow" />
        <UnitTestResult executionId="4f787e1a-9087-4a7d-8aa0-b5d46ffe9517" parentExecutionId="c2f6e318-3717-484e-960b-ba72974a604e" testId="d03eb628-bf1f-c27d-aeef-e708d613d686" testName="all_persons_modal_can_may_negation" computerName="ARPAN-LAP" duration="00:00:00.0335239" startTime="2014-06-29T12:32:54.1909199+05:30" endTime="2014-06-29T12:32:54.2249219+05:30" testType="13cdc9d9-ddb5-4fa4-a97d-d965ccfc6d4b" outcome="Passed" testListId="8c84fa94-04c1-424b-9868-57a2d4851a1d" relativeResultsDirectory="c2f6e318-3717-484e-960b-ba72974a604e" dataRowInfo="6" resultType="DataDrivenDataRow" />
        <UnitTestResult executionId="61213a52-09e8-4f5b-ab0b-a0768e390b08" parentExecutionId="c2f6e318-3717-484e-960b-ba72974a604e" testId="d03eb628-bf1f-c27d-aeef-e708d613d686" testName="all_persons_modal_can_may_negation" computerName="ARPAN-LAP" duration="00:00:00.0349277" startTime="2014-06-29T12:32:54.2249219+05:30" endTime="2014-06-29T12:32:54.2599239+05:30" testType="13cdc9d9-ddb5-4fa4-a97d-d965ccfc6d4b" outcome="Passed" testListId="8c84fa94-04c1-424b-9868-57a2d4851a1d" relativeResultsDirectory="c2f6e318-3717-484e-960b-ba72974a604e" dataRowInfo="7" resultType="DataDrivenDataRow" />
        <UnitTestResult executionId="4e911de5-dfd8-427c-a815-eb7f5324b0e5" parentExecutionId="c2f6e318-3717-484e-960b-ba72974a604e" testId="d03eb628-bf1f-c27d-aeef-e708d613d686" testName="all_persons_modal_can_may_negation" computerName="ARPAN-LAP" duration="00:00:00.0217771" startTime="2014-06-29T12:32:54.2599239+05:30" endTime="2014-06-29T12:32:54.2809251+05:30" testType="13cdc9d9-ddb5-4fa4-a97d-d965ccfc6d4b" outcome="Passed" testListId="8c84fa94-04c1-424b-9868-57a2d4851a1d" relativeResultsDirectory="c2f6e318-3717-484e-960b-ba72974a604e" dataRowInfo="8" resultType="DataDrivenDataRow" />
        <UnitTestResult executionId="c12d6fcf-d04f-4e6e-a5a2-e57a60b16ff3" parentExecutionId="c2f6e318-3717-484e-960b-ba72974a604e" testId="d03eb628-bf1f-c27d-aeef-e708d613d686" testName="all_persons_modal_can_may_negation" computerName="ARPAN-LAP" duration="00:00:00.0285379" startTime="2014-06-29T12:32:54.2809251+05:30" endTime="2014-06-29T12:32:54.3099267+05:30" testType="13cdc9d9-ddb5-4fa4-a97d-d965ccfc6d4b" outcome="Passed" testListId="8c84fa94-04c1-424b-9868-57a2d4851a1d" relativeResultsDirectory="c2f6e318-3717-484e-960b-ba72974a604e" dataRowInfo="9" resultType="DataDrivenDataRow" />
        <UnitTestResult executionId="7c05da8f-6b36-40da-bd3e-503ff5237927" parentExecutionId="c2f6e318-3717-484e-960b-ba72974a604e" testId="d03eb628-bf1f-c27d-aeef-e708d613d686" testName="all_persons_modal_can_may_negation" computerName="ARPAN-LAP" duration="00:00:00.0290702" startTime="2014-06-29T12:32:54.3099267+05:30" endTime="2014-06-29T12:32:54.3389284+05:30" testType="13cdc9d9-ddb5-4fa4-a97d-d965ccfc6d4b" outcome="Passed" testListId="8c84fa94-04c1-424b-9868-57a2d4851a1d" relativeResultsDirectory="c2f6e318-3717-484e-960b-ba72974a604e" dataRowInfo="10" resultType="DataDrivenDataRow" />
        <UnitTestResult executionId="58ad248c-6ddc-4908-8043-5b64e56d2e61" parentExecutionId="c2f6e318-3717-484e-960b-ba72974a604e" testId="d03eb628-bf1f-c27d-aeef-e708d613d686" testName="all_persons_modal_can_may_negation" computerName="ARPAN-LAP" duration="00:00:00.0228883" startTime="2014-06-29T12:32:54.3389284+05:30" endTime="2014-06-29T12:32:54.3619297+05:30" testType="13cdc9d9-ddb5-4fa4-a97d-d965ccfc6d4b" outcome="Passed" testListId="8c84fa94-04c1-424b-9868-57a2d4851a1d" relativeResultsDirectory="c2f6e318-3717-484e-960b-ba72974a604e" dataRowInfo="11" resultType="DataDrivenDataRow" />
        <UnitTestResult executionId="897fd386-9fb6-48ae-9395-49d2f21841b1" parentExecutionId="c2f6e318-3717-484e-960b-ba72974a604e" testId="d03eb628-bf1f-c27d-aeef-e708d613d686" testName="all_persons_modal_can_may_negation" computerName="ARPAN-LAP" duration="00:00:00.0287022" startTime="2014-06-29T12:32:54.3619297+05:30" endTime="2014-06-29T12:32:54.3909314+05:30" testType="13cdc9d9-ddb5-4fa4-a97d-d965ccfc6d4b" outcome="Passed" testListId="8c84fa94-04c1-424b-9868-57a2d4851a1d" relativeResultsDirectory="c2f6e318-3717-484e-960b-ba72974a604e" dataRowInfo="12" resultType="DataDrivenDataRow" />
        <UnitTestResult executionId="d90cb60d-605b-49d9-a911-52864e884ecc" parentExecutionId="c2f6e318-3717-484e-960b-ba72974a604e" testId="d03eb628-bf1f-c27d-aeef-e708d613d686" testName="all_persons_modal_can_may_negation" computerName="ARPAN-LAP" duration="00:00:00.0276012" startTime="2014-06-29T12:32:54.3909314+05:30" endTime="2014-06-29T12:32:54.4179329+05:30" testType="13cdc9d9-ddb5-4fa4-a97d-d965ccfc6d4b" outcome="Passed" testListId="8c84fa94-04c1-424b-9868-57a2d4851a1d" relativeResultsDirectory="c2f6e318-3717-484e-960b-ba72974a604e" dataRowInfo="13" resultType="DataDrivenDataRow" />
        <UnitTestResult executionId="814f4e59-e2d8-43ff-8d1b-ab1335d4f416" parentExecutionId="c2f6e318-3717-484e-960b-ba72974a604e" testId="d03eb628-bf1f-c27d-aeef-e708d613d686" testName="all_persons_modal_can_may_negation" computerName="ARPAN-LAP" duration="00:00:00.0239446" startTime="2014-06-29T12:32:54.4179329+05:30" endTime="2014-06-29T12:32:54.4419343+05:30" testType="13cdc9d9-ddb5-4fa4-a97d-d965ccfc6d4b" outcome="Passed" testListId="8c84fa94-04c1-424b-9868-57a2d4851a1d" relativeResultsDirectory="c2f6e318-3717-484e-960b-ba72974a604e" dataRowInfo="14" resultType="DataDrivenDataRow" />
        <UnitTestResult executionId="a93770c8-46ff-4496-b5a8-fbeba8c3259f" parentExecutionId="c2f6e318-3717-484e-960b-ba72974a604e" testId="d03eb628-bf1f-c27d-aeef-e708d613d686" testName="all_persons_modal_can_may_negation" computerName="ARPAN-LAP" duration="00:00:00.0239590" startTime="2014-06-29T12:32:54.4419343+05:30" endTime="2014-06-29T12:32:54.4659357+05:30" testType="13cdc9d9-ddb5-4fa4-a97d-d965ccfc6d4b" outcome="Passed" testListId="8c84fa94-04c1-424b-9868-57a2d4851a1d" relativeResultsDirectory="c2f6e318-3717-484e-960b-ba72974a604e" dataRowInfo="15" resultType="DataDrivenDataRow" />
        <UnitTestResult executionId="e36624e0-bc23-4b78-9fa2-8f73657c79a0" parentExecutionId="c2f6e318-3717-484e-960b-ba72974a604e" testId="d03eb628-bf1f-c27d-aeef-e708d613d686" testName="all_persons_modal_can_may_negation" computerName="ARPAN-LAP" duration="00:00:00.0214840" startTime="2014-06-29T12:32:54.4659357+05:30" endTime="2014-06-29T12:32:54.4879369+05:30" testType="13cdc9d9-ddb5-4fa4-a97d-d965ccfc6d4b" outcome="Passed" testListId="8c84fa94-04c1-424b-9868-57a2d4851a1d" relativeResultsDirectory="c2f6e318-3717-484e-960b-ba72974a604e" dataRowInfo="16" resultType="DataDrivenDataRow" />
        <UnitTestResult executionId="75988cbe-ec6c-4dc4-968b-407886b510c5" parentExecutionId="c2f6e318-3717-484e-960b-ba72974a604e" testId="d03eb628-bf1f-c27d-aeef-e708d613d686" testName="all_persons_modal_can_may_negation" computerName="ARPAN-LAP" duration="00:00:00.0197928" startTime="2014-06-29T12:32:54.4879369+05:30" endTime="2014-06-29T12:32:54.5079381+05:30" testType="13cdc9d9-ddb5-4fa4-a97d-d965ccfc6d4b" outcome="Passed" testListId="8c84fa94-04c1-424b-9868-57a2d4851a1d" relativeResultsDirectory="c2f6e318-3717-484e-960b-ba72974a604e" dataRowInfo="17" resultType="DataDrivenDataRow" />
        <UnitTestResult executionId="27602287-2aab-481d-bc66-fa64f504f80d" parentExecutionId="c2f6e318-3717-484e-960b-ba72974a604e" testId="d03eb628-bf1f-c27d-aeef-e708d613d686" testName="all_persons_modal_can_may_negation" computerName="ARPAN-LAP" duration="00:00:00.0212751" startTime="2014-06-29T12:32:54.5079381+05:30" endTime="2014-06-29T12:32:54.5289393+05:30" testType="13cdc9d9-ddb5-4fa4-a97d-d965ccfc6d4b" outcome="Passed" testListId="8c84fa94-04c1-424b-9868-57a2d4851a1d" relativeResultsDirectory="c2f6e318-3717-484e-960b-ba72974a604e" dataRowInfo="18" resultType="DataDrivenDataRow" />
        <UnitTestResult executionId="16bf7396-a492-4f3b-9952-54731627d20a" parentExecutionId="c2f6e318-3717-484e-960b-ba72974a604e" testId="d03eb628-bf1f-c27d-aeef-e708d613d686" testName="all_persons_modal_can_may_negation" computerName="ARPAN-LAP" duration="00:00:00.0221030" startTime="2014-06-29T12:32:54.5289393+05:30" endTime="2014-06-29T12:32:54.5509405+05:30" testType="13cdc9d9-ddb5-4fa4-a97d-d965ccfc6d4b" outcome="Passed" testListId="8c84fa94-04c1-424b-9868-57a2d4851a1d" relativeResultsDirectory="c2f6e318-3717-484e-960b-ba72974a604e" dataRowInfo="19" resultType="DataDrivenDataRow" />
        <UnitTestResult executionId="bfb87ba2-6c84-41e4-8410-01d17497daf8" parentExecutionId="c2f6e318-3717-484e-960b-ba72974a604e" testId="d03eb628-bf1f-c27d-aeef-e708d613d686" testName="all_persons_modal_can_may_negation" computerName="ARPAN-LAP" duration="00:00:00.0222026" startTime="2014-06-29T12:32:54.5509405+05:30" endTime="2014-06-29T12:32:54.5729418+05:30" testType="13cdc9d9-ddb5-4fa4-a97d-d965ccfc6d4b" outcome="Passed" testListId="8c84fa94-04c1-424b-9868-57a2d4851a1d" relativeResultsDirectory="c2f6e318-3717-484e-960b-ba72974a604e" dataRowInfo="20" resultType="DataDrivenDataRow" />
        <UnitTestResult executionId="a1e9a979-5465-4f68-b6f0-e06bf952fcfa" parentExecutionId="c2f6e318-3717-484e-960b-ba72974a604e" testId="d03eb628-bf1f-c27d-aeef-e708d613d686" testName="all_persons_modal_can_may_negation" computerName="ARPAN-LAP" duration="00:00:00.0275319" startTime="2014-06-29T12:32:54.5739418+05:30" endTime="2014-06-29T12:32:54.6009434+05:30" testType="13cdc9d9-ddb5-4fa4-a97d-d965ccfc6d4b" outcome="Passed" testListId="8c84fa94-04c1-424b-9868-57a2d4851a1d" relativeResultsDirectory="c2f6e318-3717-484e-960b-ba72974a604e" dataRowInfo="21" resultType="DataDrivenDataRow" />
        <UnitTestResult executionId="de4038b0-e19c-43dd-a2f4-40c2f4982dec" parentExecutionId="c2f6e318-3717-484e-960b-ba72974a604e" testId="d03eb628-bf1f-c27d-aeef-e708d613d686" testName="all_persons_modal_can_may_negation" computerName="ARPAN-LAP" duration="00:00:00.0285313" startTime="2014-06-29T12:32:54.6009434+05:30" endTime="2014-06-29T12:32:54.6299450+05:30" testType="13cdc9d9-ddb5-4fa4-a97d-d965ccfc6d4b" outcome="Passed" testListId="8c84fa94-04c1-424b-9868-57a2d4851a1d" relativeResultsDirectory="c2f6e318-3717-484e-960b-ba72974a604e" dataRowInfo="22" resultType="DataDrivenDataRow" />
        <UnitTestResult executionId="139af038-462b-4e52-9fc9-761482402669" parentExecutionId="c2f6e318-3717-484e-960b-ba72974a604e" testId="d03eb628-bf1f-c27d-aeef-e708d613d686" testName="all_persons_modal_can_may_negation" computerName="ARPAN-LAP" duration="00:00:00.0249045" startTime="2014-06-29T12:32:54.6299450+05:30" endTime="2014-06-29T12:32:54.6549465+05:30" testType="13cdc9d9-ddb5-4fa4-a97d-d965ccfc6d4b" outcome="Passed" testListId="8c84fa94-04c1-424b-9868-57a2d4851a1d" relativeResultsDirectory="c2f6e318-3717-484e-960b-ba72974a604e" dataRowInfo="23" resultType="DataDrivenDataRow" />
      </InnerResults>
    </UnitTestResult>
    <UnitTestResult executionId="dec02c26-a422-4c7e-8be4-be180c4dba0f" testId="d766a059-d96c-7b47-e6a6-34931760df96" testName="all_persons_tenses_passive" computerName="ARPAN-LAP" duration="00:00:00.3009144" startTime="2014-06-29T12:32:54.7339510+05:30" endTime="2014-06-29T12:32:55.1019720+05:30" testType="13cdc9d9-ddb5-4fa4-a97d-d965ccfc6d4b" outcome="Passed" testListId="8c84fa94-04c1-424b-9868-57a2d4851a1d" relativeResultsDirectory="dec02c26-a422-4c7e-8be4-be180c4dba0f" resultType="DataDrivenTest">
      <Counters error="0" failed="0" timeout="0" aborted="0" inconclusive="0" passedButRunAborted="0" notRunnable="0" notExecuted="0" disconnected="0" warning="0" passed="10" completed="0" inProgress="0" pending="0" />
      <InnerResults>
        <UnitTestResult executionId="6e9326e2-6783-42ca-b7f0-88fa786642b9" parentExecutionId="dec02c26-a422-4c7e-8be4-be180c4dba0f" testId="d766a059-d96c-7b47-e6a6-34931760df96" testName="all_persons_tenses_passive" computerName="ARPAN-LAP" duration="00:00:00.0214573" startTime="2014-06-29T12:32:54.7429515+05:30" endTime="2014-06-29T12:32:54.7639527+05:30" testType="13cdc9d9-ddb5-4fa4-a97d-d965ccfc6d4b" outcome="Passed" testListId="8c84fa94-04c1-424b-9868-57a2d4851a1d" relativeResultsDirectory="dec02c26-a422-4c7e-8be4-be180c4dba0f" dataRowInfo="0" resultType="DataDrivenDataRow" />
        <UnitTestResult executionId="d11e6f44-bbf8-4059-9bef-53a9655bb3d6" parentExecutionId="dec02c26-a422-4c7e-8be4-be180c4dba0f" testId="d766a059-d96c-7b47-e6a6-34931760df96" testName="all_persons_tenses_passive" computerName="ARPAN-LAP" duration="00:00:00.0242788" startTime="2014-06-29T12:32:54.7639527+05:30" endTime="2014-06-29T12:32:54.7889541+05:30" testType="13cdc9d9-ddb5-4fa4-a97d-d965ccfc6d4b" outcome="Passed" testListId="8c84fa94-04c1-424b-9868-57a2d4851a1d" relativeResultsDirectory="dec02c26-a422-4c7e-8be4-be180c4dba0f" dataRowInfo="1" resultType="DataDrivenDataRow" />
        <UnitTestResult executionId="71e334ac-a909-4e22-b17e-2a119d2f1f3a" parentExecutionId="dec02c26-a422-4c7e-8be4-be180c4dba0f" testId="d766a059-d96c-7b47-e6a6-34931760df96" testName="all_persons_tenses_passive" computerName="ARPAN-LAP" duration="00:00:00.0302651" startTime="2014-06-29T12:32:54.7889541+05:30" endTime="2014-06-29T12:32:54.8189558+05:30" testType="13cdc9d9-ddb5-4fa4-a97d-d965ccfc6d4b" outcome="Passed" testListId="8c84fa94-04c1-424b-9868-57a2d4851a1d" relativeResultsDirectory="dec02c26-a422-4c7e-8be4-be180c4dba0f" dataRowInfo="2" resultType="DataDrivenDataRow" />
        <UnitTestResult executionId="f8c8bcd2-5e18-42ca-8d74-cb78afe604d5" parentExecutionId="dec02c26-a422-4c7e-8be4-be180c4dba0f" testId="d766a059-d96c-7b47-e6a6-34931760df96" testName="all_persons_tenses_passive" computerName="ARPAN-LAP" duration="00:00:00.0301214" startTime="2014-06-29T12:32:54.8189558+05:30" endTime="2014-06-29T12:32:54.8489576+05:30" testType="13cdc9d9-ddb5-4fa4-a97d-d965ccfc6d4b" outcome="Passed" testListId="8c84fa94-04c1-424b-9868-57a2d4851a1d" relativeResultsDirectory="dec02c26-a422-4c7e-8be4-be180c4dba0f" dataRowInfo="3" resultType="DataDrivenDataRow" />
        <UnitTestResult executionId="6e810ea5-e506-4c6e-933d-7da61ecca2c9" parentExecutionId="dec02c26-a422-4c7e-8be4-be180c4dba0f" testId="d766a059-d96c-7b47-e6a6-34931760df96" testName="all_persons_tenses_passive" computerName="ARPAN-LAP" duration="00:00:00.0211068" startTime="2014-06-29T12:32:54.8489576+05:30" endTime="2014-06-29T12:32:54.8699588+05:30" testType="13cdc9d9-ddb5-4fa4-a97d-d965ccfc6d4b" outcome="Passed" testListId="8c84fa94-04c1-424b-9868-57a2d4851a1d" relativeResultsDirectory="dec02c26-a422-4c7e-8be4-be180c4dba0f" dataRowInfo="4" resultType="DataDrivenDataRow" />
        <UnitTestResult executionId="cf8f35e4-d264-46af-87fb-3c8a0d60efe0" parentExecutionId="dec02c26-a422-4c7e-8be4-be180c4dba0f" testId="d766a059-d96c-7b47-e6a6-34931760df96" testName="all_persons_tenses_passive" computerName="ARPAN-LAP" duration="00:00:00.0240914" startTime="2014-06-29T12:32:54.8699588+05:30" endTime="2014-06-29T12:32:54.8939601+05:30" testType="13cdc9d9-ddb5-4fa4-a97d-d965ccfc6d4b" outcome="Passed" testListId="8c84fa94-04c1-424b-9868-57a2d4851a1d" relativeResultsDirectory="dec02c26-a422-4c7e-8be4-be180c4dba0f" dataRowInfo="5" resultType="DataDrivenDataRow" />
        <UnitTestResult executionId="f3339233-2a36-45e5-885c-db51f77294d6" parentExecutionId="dec02c26-a422-4c7e-8be4-be180c4dba0f" testId="d766a059-d96c-7b47-e6a6-34931760df96" testName="all_persons_tenses_passive" computerName="ARPAN-LAP" duration="00:00:00.0286242" startTime="2014-06-29T12:32:54.8939601+05:30" endTime="2014-06-29T12:32:54.9229618+05:30" testType="13cdc9d9-ddb5-4fa4-a97d-d965ccfc6d4b" outcome="Passed" testListId="8c84fa94-04c1-424b-9868-57a2d4851a1d" relativeResultsDirectory="dec02c26-a422-4c7e-8be4-be180c4dba0f" dataRowInfo="6" resultType="DataDrivenDataRow" />
        <UnitTestResult executionId="fd292d6a-07c3-4f30-8929-5c8a6bd9aa5d" parentExecutionId="dec02c26-a422-4c7e-8be4-be180c4dba0f" testId="d766a059-d96c-7b47-e6a6-34931760df96" testName="all_persons_tenses_passive" computerName="ARPAN-LAP" duration="00:00:00.0288772" startTime="2014-06-29T12:32:54.9229618+05:30" endTime="2014-06-29T12:32:54.9519635+05:30" testType="13cdc9d9-ddb5-4fa4-a97d-d965ccfc6d4b" outcome="Passed" testListId="8c84fa94-04c1-424b-9868-57a2d4851a1d" relativeResultsDirectory="dec02c26-a422-4c7e-8be4-be180c4dba0f" dataRowInfo="7" resultType="DataDrivenDataRow" />
        <UnitTestResult executionId="79b16a87-45f7-4409-a4bb-2a3c7c86a502" parentExecutionId="dec02c26-a422-4c7e-8be4-be180c4dba0f" testId="d766a059-d96c-7b47-e6a6-34931760df96" testName="all_persons_tenses_passive" computerName="ARPAN-LAP" duration="00:00:00.0315637" startTime="2014-06-29T12:32:54.9519635+05:30" endTime="2014-06-29T12:32:54.9839653+05:30" testType="13cdc9d9-ddb5-4fa4-a97d-d965ccfc6d4b" outcome="Passed" testListId="8c84fa94-04c1-424b-9868-57a2d4851a1d" relativeResultsDirectory="dec02c26-a422-4c7e-8be4-be180c4dba0f" dataRowInfo="8" resultType="DataDrivenDataRow" />
        <UnitTestResult executionId="48dd97ce-b6f9-44f8-82fa-9cbc4a1bac89" parentExecutionId="dec02c26-a422-4c7e-8be4-be180c4dba0f" testId="d766a059-d96c-7b47-e6a6-34931760df96" testName="all_persons_tenses_passive" computerName="ARPAN-LAP" duration="00:00:00.0583755" startTime="2014-06-29T12:32:54.9839653+05:30" endTime="2014-06-29T12:32:55.0419686+05:30" testType="13cdc9d9-ddb5-4fa4-a97d-d965ccfc6d4b" outcome="Passed" testListId="8c84fa94-04c1-424b-9868-57a2d4851a1d" relativeResultsDirectory="dec02c26-a422-4c7e-8be4-be180c4dba0f" dataRowInfo="9" resultType="DataDrivenDataRow" />
      </InnerResults>
    </UnitTestResult>
    <UnitTestResult executionId="3b012db5-0665-4062-874e-e19789c908fe" testId="fe3e63ab-391c-e168-48d0-431b85a7b898" testName="third_person_tenses_active_negation" computerName="ARPAN-LAP" duration="00:00:00.2282268" startTime="2014-06-29T12:32:55.1039722+05:30" endTime="2014-06-29T12:32:55.3769878+05:30" testType="13cdc9d9-ddb5-4fa4-a97d-d965ccfc6d4b" outcome="Passed" testListId="8c84fa94-04c1-424b-9868-57a2d4851a1d" relativeResultsDirectory="3b012db5-0665-4062-874e-e19789c908fe" resultType="DataDrivenTest">
      <Counters error="0" failed="0" timeout="0" aborted="0" inconclusive="0" passedButRunAborted="0" notRunnable="0" notExecuted="0" disconnected="0" warning="0" passed="10" completed="0" inProgress="0" pending="0" />
      <InnerResults>
        <UnitTestResult executionId="346078a1-bc8b-42d7-8be2-e374d30f4638" parentExecutionId="3b012db5-0665-4062-874e-e19789c908fe" testId="fe3e63ab-391c-e168-48d0-431b85a7b898" testName="third_person_tenses_active_negation" computerName="ARPAN-LAP" duration="00:00:00.0205078" startTime="2014-06-29T12:32:55.1129727+05:30" endTime="2014-06-29T12:32:55.1339739+05:30" testType="13cdc9d9-ddb5-4fa4-a97d-d965ccfc6d4b" outcome="Passed" testListId="8c84fa94-04c1-424b-9868-57a2d4851a1d" relativeResultsDirectory="3b012db5-0665-4062-874e-e19789c908fe" dataRowInfo="0" resultType="DataDrivenDataRow" />
        <UnitTestResult executionId="a4294a28-623f-4bba-a706-c5a36e08443d" parentExecutionId="3b012db5-0665-4062-874e-e19789c908fe" testId="fe3e63ab-391c-e168-48d0-431b85a7b898" testName="third_person_tenses_active_negation" computerName="ARPAN-LAP" duration="00:00:00.0204857" startTime="2014-06-29T12:32:55.1339739+05:30" endTime="2014-06-29T12:32:55.1539750+05:30" testType="13cdc9d9-ddb5-4fa4-a97d-d965ccfc6d4b" outcome="Passed" testListId="8c84fa94-04c1-424b-9868-57a2d4851a1d" relativeResultsDirectory="3b012db5-0665-4062-874e-e19789c908fe" dataRowInfo="1" resultType="DataDrivenDataRow" />
        <UnitTestResult executionId="9f86b54f-e1c8-4cc1-b314-e26c7d667afb" parentExecutionId="3b012db5-0665-4062-874e-e19789c908fe" testId="fe3e63ab-391c-e168-48d0-431b85a7b898" testName="third_person_tenses_active_negation" computerName="ARPAN-LAP" duration="00:00:00.0229674" startTime="2014-06-29T12:32:55.1539750+05:30" endTime="2014-06-29T12:32:55.1769763+05:30" testType="13cdc9d9-ddb5-4fa4-a97d-d965ccfc6d4b" outcome="Passed" testListId="8c84fa94-04c1-424b-9868-57a2d4851a1d" relativeResultsDirectory="3b012db5-0665-4062-874e-e19789c908fe" dataRowInfo="2" resultType="DataDrivenDataRow" />
        <UnitTestResult executionId="e3bc3d02-1913-45dd-a6fa-ae5d1aa86263" parentExecutionId="3b012db5-0665-4062-874e-e19789c908fe" testId="fe3e63ab-391c-e168-48d0-431b85a7b898" testName="third_person_tenses_active_negation" computerName="ARPAN-LAP" duration="00:00:00.0254136" startTime="2014-06-29T12:32:55.1769763+05:30" endTime="2014-06-29T12:32:55.2029778+05:30" testType="13cdc9d9-ddb5-4fa4-a97d-d965ccfc6d4b" outcome="Passed" testListId="8c84fa94-04c1-424b-9868-57a2d4851a1d" relativeResultsDirectory="3b012db5-0665-4062-874e-e19789c908fe" dataRowInfo="3" resultType="DataDrivenDataRow" />
        <UnitTestResult executionId="adc33d1d-4442-46d2-bc24-85d301b3a298" parentExecutionId="3b012db5-0665-4062-874e-e19789c908fe" testId="fe3e63ab-391c-e168-48d0-431b85a7b898" testName="third_person_tenses_active_negation" computerName="ARPAN-LAP" duration="00:00:00.0194335" startTime="2014-06-29T12:32:55.2029778+05:30" endTime="2014-06-29T12:32:55.2219789+05:30" testType="13cdc9d9-ddb5-4fa4-a97d-d965ccfc6d4b" outcome="Passed" testListId="8c84fa94-04c1-424b-9868-57a2d4851a1d" relativeResultsDirectory="3b012db5-0665-4062-874e-e19789c908fe" dataRowInfo="4" resultType="DataDrivenDataRow" />
        <UnitTestResult executionId="00d5ded1-7dc0-4961-9141-08ad4cd45413" parentExecutionId="3b012db5-0665-4062-874e-e19789c908fe" testId="fe3e63ab-391c-e168-48d0-431b85a7b898" testName="third_person_tenses_active_negation" computerName="ARPAN-LAP" duration="00:00:00.0218941" startTime="2014-06-29T12:32:55.2219789+05:30" endTime="2014-06-29T12:32:55.2439802+05:30" testType="13cdc9d9-ddb5-4fa4-a97d-d965ccfc6d4b" outcome="Passed" testListId="8c84fa94-04c1-424b-9868-57a2d4851a1d" relativeResultsDirectory="3b012db5-0665-4062-874e-e19789c908fe" dataRowInfo="5" resultType="DataDrivenDataRow" />
        <UnitTestResult executionId="1ea9a9d6-0a1d-4400-9d40-800715de0fdf" parentExecutionId="3b012db5-0665-4062-874e-e19789c908fe" testId="fe3e63ab-391c-e168-48d0-431b85a7b898" testName="third_person_tenses_active_negation" computerName="ARPAN-LAP" duration="00:00:00.0206448" startTime="2014-06-29T12:32:55.2439802+05:30" endTime="2014-06-29T12:32:55.2649814+05:30" testType="13cdc9d9-ddb5-4fa4-a97d-d965ccfc6d4b" outcome="Passed" testListId="8c84fa94-04c1-424b-9868-57a2d4851a1d" relativeResultsDirectory="3b012db5-0665-4062-874e-e19789c908fe" dataRowInfo="6" resultType="DataDrivenDataRow" />
        <UnitTestResult executionId="edb15ac0-eed8-4649-b8b5-e2d964113d71" parentExecutionId="3b012db5-0665-4062-874e-e19789c908fe" testId="fe3e63ab-391c-e168-48d0-431b85a7b898" testName="third_person_tenses_active_negation" computerName="ARPAN-LAP" duration="00:00:00.0246504" startTime="2014-06-29T12:32:55.2649814+05:30" endTime="2014-06-29T12:32:55.2889827+05:30" testType="13cdc9d9-ddb5-4fa4-a97d-d965ccfc6d4b" outcome="Passed" testListId="8c84fa94-04c1-424b-9868-57a2d4851a1d" relativeResultsDirectory="3b012db5-0665-4062-874e-e19789c908fe" dataRowInfo="7" resultType="DataDrivenDataRow" />
        <UnitTestResult executionId="8eb601f2-4105-426e-bb1f-c167b0a8fa41" parentExecutionId="3b012db5-0665-4062-874e-e19789c908fe" testId="fe3e63ab-391c-e168-48d0-431b85a7b898" testName="third_person_tenses_active_negation" computerName="ARPAN-LAP" duration="00:00:00.0221646" startTime="2014-06-29T12:32:55.2889827+05:30" endTime="2014-06-29T12:32:55.3119840+05:30" testType="13cdc9d9-ddb5-4fa4-a97d-d965ccfc6d4b" outcome="Passed" testListId="8c84fa94-04c1-424b-9868-57a2d4851a1d" relativeResultsDirectory="3b012db5-0665-4062-874e-e19789c908fe" dataRowInfo="8" resultType="DataDrivenDataRow" />
        <UnitTestResult executionId="cbf3486d-8fd5-4ef4-aaaf-7676ba97ba29" parentExecutionId="3b012db5-0665-4062-874e-e19789c908fe" testId="fe3e63ab-391c-e168-48d0-431b85a7b898" testName="third_person_tenses_active_negation" computerName="ARPAN-LAP" duration="00:00:00.0259341" startTime="2014-06-29T12:32:55.3119840+05:30" endTime="2014-06-29T12:32:55.3379855+05:30" testType="13cdc9d9-ddb5-4fa4-a97d-d965ccfc6d4b" outcome="Passed" testListId="8c84fa94-04c1-424b-9868-57a2d4851a1d" relativeResultsDirectory="3b012db5-0665-4062-874e-e19789c908fe" dataRowInfo="9" resultType="DataDrivenDataRow" />
      </InnerResults>
    </UnitTestResult>
  </Results>
</TestRun>