<?xml version="1.0" encoding="UTF-8"?>
<TestRun id="214ca563-530b-4314-855c-94e05f42fc89" name="Arghya@ARPAN-LAP 2014-06-29 11:54:59" runUser="ARPAN-LAP\Arghya" xmlns="http://microsoft.com/schemas/VisualStudio/TeamTest/2010">
  <TestSettings name="Default Test Settings" id="eb931e69-5edd-4094-bc29-75a32c6a0c30">
    <Deployment userDeploymentRoot="D:\software\Project\BNLP\TestResults" useDefaultDeploymentRoot="false" runDeploymentRoot="Arghya_ARPAN-LAP 2014-06-29 11_54_59" />
    <Execution>
      <TestTypeSpecific />
      <AgentRule name="Execution Agents">
      </AgentRule>
    </Execution>
  </TestSettings>
  <Times creation="2014-06-29T11:54:59.7298282+05:30" queuing="2014-06-29T11:55:00.2208563+05:30" start="2014-06-29T11:55:00.3988665+05:30" finish="2014-06-29T11:55:17.2718315+05:30" />
  <ResultSummary outcome="Failed">
    <Counters total="309" executed="309" passed="299" error="0" failed="10" timeout="0" aborted="0" inconclusive="0" passedButRunAborted="0" notRunnable="0" notExecuted="0" disconnected="0" warning="0" completed="0" inProgress="0" pending="0" />
    <RunInfos>
      <RunInfo computerName="ARPAN-LAP" outcome="Warning" timestamp="2014-06-29T11:55:00.1858543+05:30">
        <Text>Warning: Test Run deployment issue: Failed to get the file for deployment item '..\UnitTest\TestCases\wikipedia.xml' specified by the test 'UnitTest.BnlpTest.RandomWord': System.IO.DirectoryNotFoundException: Could not find a part of the path 'D:\software\Project\UnitTest\TestCases\wikipedia.xml'.</Text>
        <Exception>System.IO.DirectoryNotFoundException: Could not find a part of the path 'D:\software\Project\UnitTest\TestCases\wikipedia.xml'.
   at System.IO.__Error.WinIOError(Int32 errorCode, String maybeFullPath)
   at System.IO.File.GetAttributes(String path)
   at Microsoft.VisualStudio.TestTools.Common.SingleFileProvider.GetFilePaths()
   at Microsoft.VisualStudio.TestTools.TestManagement.DeploymentCoverageItem.GetFiles(TestRunConfiguration runConfig)
   at Microsoft.VisualStudio.TestTools.TestManagement.DeploymentManager.DoDeployment(TestRun run, FileCopyService fileCopyService)</Exception>
      </RunInfo>
      <RunInfo computerName="ARPAN-LAP" outcome="Warning" timestamp="2014-06-29T11:55:00.1878544+05:30">
        <Text>Warning: Test Run deployment issue: Failed to get the file for deployment item '..\UnitTest\TestCases\interrogative_sentences_who.xml' specified by the test 'UnitTest.BnlpTest.interrogative_sentences_who': System.IO.DirectoryNotFoundException: Could not find a part of the path 'D:\software\Project\UnitTest\TestCases\interrogative_sentences_who.xml'.</Text>
        <Exception>System.IO.DirectoryNotFoundException: Could not find a part of the path 'D:\software\Project\UnitTest\TestCases\interrogative_sentences_who.xml'.
   at System.IO.__Error.WinIOError(Int32 errorCode, String maybeFullPath)
   at System.IO.File.GetAttributes(String path)
   at Microsoft.VisualStudio.TestTools.Common.SingleFileProvider.GetFilePaths()
   at Microsoft.VisualStudio.TestTools.TestManagement.DeploymentCoverageItem.GetFiles(TestRunConfiguration runConfig)
   at Microsoft.VisualStudio.TestTools.TestManagement.DeploymentManager.DoDeployment(TestRun run, FileCopyService fileCopyService)</Exception>
      </RunInfo>
      <RunInfo computerName="ARPAN-LAP" outcome="Warning" timestamp="2014-06-29T11:55:00.1898545+05:30">
        <Text>Warning: Test Run deployment issue: Failed to get the file for deployment item '..\UnitTest\TestCases\special_handling_do_verb.xml' specified by the test 'UnitTest.BnlpTest.special_handling_do_verb': System.IO.DirectoryNotFoundException: Could not find a part of the path 'D:\software\Project\UnitTest\TestCases\special_handling_do_verb.xml'.</Text>
        <Exception>System.IO.DirectoryNotFoundException: Could not find a part of the path 'D:\software\Project\UnitTest\TestCases\special_handling_do_verb.xml'.
   at System.IO.__Error.WinIOError(Int32 errorCode, String maybeFullPath)
   at System.IO.File.GetAttributes(String path)
   at Microsoft.VisualStudio.TestTools.Common.SingleFileProvider.GetFilePaths()
   at Microsoft.VisualStudio.TestTools.TestManagement.DeploymentCoverageItem.GetFiles(TestRunConfiguration runConfig)
   at Microsoft.VisualStudio.TestTools.TestManagement.DeploymentManager.DoDeployment(TestRun run, FileCopyService fileCopyService)</Exception>
      </RunInfo>
      <RunInfo computerName="ARPAN-LAP" outcome="Warning" timestamp="2014-06-29T11:55:00.1908546+05:30">
        <Text>Warning: Test Run deployment issue: Failed to get the file for deployment item '..\UnitTest\TestCases\interrogative_sentences_which.xml' specified by the test 'UnitTest.BnlpTest.interrogative_sentences_which': System.IO.DirectoryNotFoundException: Could not find a part of the path 'D:\software\Project\UnitTest\TestCases\interrogative_sentences_which.xml'.</Text>
        <Exception>System.IO.DirectoryNotFoundException: Could not find a part of the path 'D:\software\Project\UnitTest\TestCases\interrogative_sentences_which.xml'.
   at System.IO.__Error.WinIOError(Int32 errorCode, String maybeFullPath)
   at System.IO.File.GetAttributes(String path)
   at Microsoft.VisualStudio.TestTools.Common.SingleFileProvider.GetFilePaths()
   at Microsoft.VisualStudio.TestTools.TestManagement.DeploymentCoverageItem.GetFiles(TestRunConfiguration runConfig)
   at Microsoft.VisualStudio.TestTools.TestManagement.DeploymentManager.DoDeployment(TestRun run, FileCopyService fileCopyService)</Exception>
      </RunInfo>
      <RunInfo computerName="ARPAN-LAP" outcome="Warning" timestamp="2014-06-29T11:55:00.1928547+05:30">
        <Text>Warning: Test Run deployment issue: Failed to get the file for deployment item '..\UnitTest\TestCases\all_persons_modal_should.xml' specified by the test 'UnitTest.BnlpTest.all_persons_modal_should': System.IO.DirectoryNotFoundException: Could not find a part of the path 'D:\software\Project\UnitTest\TestCases\all_persons_modal_should.xml'.</Text>
        <Exception>System.IO.DirectoryNotFoundException: Could not find a part of the path 'D:\software\Project\UnitTest\TestCases\all_persons_modal_should.xml'.
   at System.IO.__Error.WinIOError(Int32 errorCode, String maybeFullPath)
   at System.IO.File.GetAttributes(String path)
   at Microsoft.VisualStudio.TestTools.Common.SingleFileProvider.GetFilePaths()
   at Microsoft.VisualStudio.TestTools.TestManagement.DeploymentCoverageItem.GetFiles(TestRunConfiguration runConfig)
   at Microsoft.VisualStudio.TestTools.TestManagement.DeploymentManager.DoDeployment(TestRun run, FileCopyService fileCopyService)</Exception>
      </RunInfo>
      <RunInfo computerName="ARPAN-LAP" outcome="Warning" timestamp="2014-06-29T11:55:00.1948548+05:30">
        <Text>Warning: Test Run deployment issue: Failed to get the file for deployment item '..\UnitTest\TestCases\third_person_tenses_active.xml' specified by the test 'UnitTest.BnlpTest.third_person_tenses_active': System.IO.DirectoryNotFoundException: Could not find a part of the path 'D:\software\Project\UnitTest\TestCases\third_person_tenses_active.xml'.</Text>
        <Exception>System.IO.DirectoryNotFoundException: Could not find a part of the path 'D:\software\Project\UnitTest\TestCases\third_person_tenses_active.xml'.
   at System.IO.__Error.WinIOError(Int32 errorCode, String maybeFullPath)
   at System.IO.File.GetAttributes(String path)
   at Microsoft.VisualStudio.TestTools.Common.SingleFileProvider.GetFilePaths()
   at Microsoft.VisualStudio.TestTools.TestManagement.DeploymentCoverageItem.GetFiles(TestRunConfiguration runConfig)
   at Microsoft.VisualStudio.TestTools.TestManagement.DeploymentManager.DoDeployment(TestRun run, FileCopyService fileCopyService)</Exception>
      </RunInfo>
      <RunInfo computerName="ARPAN-LAP" outcome="Warning" timestamp="2014-06-29T11:55:00.1968549+05:30">
        <Text>Warning: Test Run deployment issue: Failed to get the file for deployment item '..\UnitTest\TestCases\all_persons_tenses_passive.xml' specified by the test 'UnitTest.BnlpTest.all_persons_tenses_passive': System.IO.DirectoryNotFoundException: Could not find a part of the path 'D:\software\Project\UnitTest\TestCases\all_persons_tenses_passive.xml'.</Text>
        <Exception>System.IO.DirectoryNotFoundException: Could not find a part of the path 'D:\software\Project\UnitTest\TestCases\all_persons_tenses_passive.xml'.
   at System.IO.__Error.WinIOError(Int32 errorCode, String maybeFullPath)
   at System.IO.File.GetAttributes(String path)
   at Microsoft.VisualStudio.TestTools.Common.SingleFileProvider.GetFilePaths()
   at Microsoft.VisualStudio.TestTools.TestManagement.DeploymentCoverageItem.GetFiles(TestRunConfiguration runConfig)
   at Microsoft.VisualStudio.TestTools.TestManagement.DeploymentManager.DoDeployment(TestRun run, FileCopyService fileCopyService)</Exception>
      </RunInfo>
      <RunInfo computerName="ARPAN-LAP" outcome="Warning" timestamp="2014-06-29T11:55:00.1978550+05:30">
        <Text>Warning: Test Run deployment issue: Failed to get the file for deployment item '..\UnitTest\TestCases\interrogative_sentences_aux.xml' specified by the test 'UnitTest.BnlpTest.interrogative_sentences_aux': System.IO.DirectoryNotFoundException: Could not find a part of the path 'D:\software\Project\UnitTest\TestCases\interrogative_sentences_aux.xml'.</Text>
        <Exception>System.IO.DirectoryNotFoundException: Could not find a part of the path 'D:\software\Project\UnitTest\TestCases\interrogative_sentences_aux.xml'.
   at System.IO.__Error.WinIOError(Int32 errorCode, String maybeFullPath)
   at System.IO.File.GetAttributes(String path)
   at Microsoft.VisualStudio.TestTools.Common.SingleFileProvider.GetFilePaths()
   at Microsoft.VisualStudio.TestTools.TestManagement.DeploymentCoverageItem.GetFiles(TestRunConfiguration runConfig)
   at Microsoft.VisualStudio.TestTools.TestManagement.DeploymentManager.DoDeployment(TestRun run, FileCopyService fileCopyService)</Exception>
      </RunInfo>
      <RunInfo computerName="ARPAN-LAP" outcome="Warning" timestamp="2014-06-29T11:55:00.1988550+05:30">
        <Text>Warning: Test Run deployment issue: Failed to get the file for deployment item '..\UnitTest\TestCases\second_person_tenses_active_negation.xml' specified by the test 'UnitTest.BnlpTest.second_person_tenses_active_negation': System.IO.DirectoryNotFoundException: Could not find a part of the path 'D:\software\Project\UnitTest\TestCases\second_person_tenses_active_negation.xml'.</Text>
        <Exception>System.IO.DirectoryNotFoundException: Could not find a part of the path 'D:\software\Project\UnitTest\TestCases\second_person_tenses_active_negation.xml'.
   at System.IO.__Error.WinIOError(Int32 errorCode, String maybeFullPath)
   at System.IO.File.GetAttributes(String path)
   at Microsoft.VisualStudio.TestTools.Common.SingleFileProvider.GetFilePaths()
   at Microsoft.VisualStudio.TestTools.TestManagement.DeploymentCoverageItem.GetFiles(TestRunConfiguration runConfig)
   at Microsoft.VisualStudio.TestTools.TestManagement.DeploymentManager.DoDeployment(TestRun run, FileCopyService fileCopyService)</Exception>
      </RunInfo>
      <RunInfo computerName="ARPAN-LAP" outcome="Warning" timestamp="2014-06-29T11:55:00.2008551+05:30">
        <Text>Warning: Test Run deployment issue: Failed to get the file for deployment item '..\UnitTest\TestCases\interrogative_sentences_where.xml' specified by the test 'UnitTest.BnlpTest.interrogative_sentences_where': System.IO.DirectoryNotFoundException: Could not find a part of the path 'D:\software\Project\UnitTest\TestCases\interrogative_sentences_where.xml'.</Text>
        <Exception>System.IO.DirectoryNotFoundException: Could not find a part of the path 'D:\software\Project\UnitTest\TestCases\interrogative_sentences_where.xml'.
   at System.IO.__Error.WinIOError(Int32 errorCode, String maybeFullPath)
   at System.IO.File.GetAttributes(String path)
   at Microsoft.VisualStudio.TestTools.Common.SingleFileProvider.GetFilePaths()
   at Microsoft.VisualStudio.TestTools.TestManagement.DeploymentCoverageItem.GetFiles(TestRunConfiguration runConfig)
   at Microsoft.VisualStudio.TestTools.TestManagement.DeploymentManager.DoDeployment(TestRun run, FileCopyService fileCopyService)</Exception>
      </RunInfo>
      <RunInfo computerName="ARPAN-LAP" outcome="Warning" timestamp="2014-06-29T11:55:00.2018552+05:30">
        <Text>Warning: Test Run deployment issue: Failed to get the file for deployment item '..\UnitTest\TestCases\prepositions_made_with_three_words.xml' specified by the test 'UnitTest.BnlpTest.prepositions_made_with_three_words': System.IO.DirectoryNotFoundException: Could not find a part of the path 'D:\software\Project\UnitTest\TestCases\prepositions_made_with_three_words.xml'.</Text>
        <Exception>System.IO.DirectoryNotFoundException: Could not find a part of the path 'D:\software\Project\UnitTest\TestCases\prepositions_made_with_three_words.xml'.
   at System.IO.__Error.WinIOError(Int32 errorCode, String maybeFullPath)
   at System.IO.File.GetAttributes(String path)
   at Microsoft.VisualStudio.TestTools.Common.SingleFileProvider.GetFilePaths()
   at Microsoft.VisualStudio.TestTools.TestManagement.DeploymentCoverageItem.GetFiles(TestRunConfiguration runConfig)
   at Microsoft.VisualStudio.TestTools.TestManagement.DeploymentManager.DoDeployment(TestRun run, FileCopyService fileCopyService)</Exception>
      </RunInfo>
      <RunInfo computerName="ARPAN-LAP" outcome="Warning" timestamp="2014-06-29T11:55:00.2038553+05:30">
        <Text>Warning: Test Run deployment issue: Failed to get the file for deployment item '..\UnitTest\TestCases\interrogative_sentences_what.xml' specified by the test 'UnitTest.BnlpTest.interrogative_sentences_what': System.IO.DirectoryNotFoundException: Could not find a part of the path 'D:\software\Project\UnitTest\TestCases\interrogative_sentences_what.xml'.</Text>
        <Exception>System.IO.DirectoryNotFoundException: Could not find a part of the path 'D:\software\Project\UnitTest\TestCases\interrogative_sentences_what.xml'.
   at System.IO.__Error.WinIOError(Int32 errorCode, String maybeFullPath)
   at System.IO.File.GetAttributes(String path)
   at Microsoft.VisualStudio.TestTools.Common.SingleFileProvider.GetFilePaths()
   at Microsoft.VisualStudio.TestTools.TestManagement.DeploymentCoverageItem.GetFiles(TestRunConfiguration runConfig)
   at Microsoft.VisualStudio.TestTools.TestManagement.DeploymentManager.DoDeployment(TestRun run, FileCopyService fileCopyService)</Exception>
      </RunInfo>
      <RunInfo computerName="ARPAN-LAP" outcome="Warning" timestamp="2014-06-29T11:55:00.2048554+05:30">
        <Text>Warning: Test Run deployment issue: Failed to get the file for deployment item '..\UnitTest\TestCases\interrogative_sentences_how.xml' specified by the test 'UnitTest.BnlpTest.interrogative_sentences_how': System.IO.DirectoryNotFoundException: Could not find a part of the path 'D:\software\Project\UnitTest\TestCases\interrogative_sentences_how.xml'.</Text>
        <Exception>System.IO.DirectoryNotFoundException: Could not find a part of the path 'D:\software\Project\UnitTest\TestCases\interrogative_sentences_how.xml'.
   at System.IO.__Error.WinIOError(Int32 errorCode, String maybeFullPath)
   at System.IO.File.GetAttributes(String path)
   at Microsoft.VisualStudio.TestTools.Common.SingleFileProvider.GetFilePaths()
   at Microsoft.VisualStudio.TestTools.TestManagement.DeploymentCoverageItem.GetFiles(TestRunConfiguration runConfig)
   at Microsoft.VisualStudio.TestTools.TestManagement.DeploymentManager.DoDeployment(TestRun run, FileCopyService fileCopyService)</Exception>
      </RunInfo>
      <RunInfo computerName="ARPAN-LAP" outcome="Warning" timestamp="2014-06-29T11:55:00.2058554+05:30">
        <Text>Warning: Test Run deployment issue: Failed to get the file for deployment item '..\UnitTest\TestCases\interrogative_sentences_whom.xml' specified by the test 'UnitTest.BnlpTest.interrogative_sentences_whom': System.IO.DirectoryNotFoundException: Could not find a part of the path 'D:\software\Project\UnitTest\TestCases\interrogative_sentences_whom.xml'.</Text>
        <Exception>System.IO.DirectoryNotFoundException: Could not find a part of the path 'D:\software\Project\UnitTest\TestCases\interrogative_sentences_whom.xml'.
   at System.IO.__Error.WinIOError(Int32 errorCode, String maybeFullPath)
   at System.IO.File.GetAttributes(String path)
   at Microsoft.VisualStudio.TestTools.Common.SingleFileProvider.GetFilePaths()
   at Microsoft.VisualStudio.TestTools.TestManagement.DeploymentCoverageItem.GetFiles(TestRunConfiguration runConfig)
   at Microsoft.VisualStudio.TestTools.TestManagement.DeploymentManager.DoDeployment(TestRun run, FileCopyService fileCopyService)</Exception>
      </RunInfo>
      <RunInfo computerName="ARPAN-LAP" outcome="Warning" timestamp="2014-06-29T11:55:00.2068555+05:30">
        <Text>Warning: Test Run deployment issue: Failed to get the file for deployment item '..\UnitTest\TestCases\second_person_tenses_active.xml' specified by the test 'UnitTest.BnlpTest.second_person_tenses_active': System.IO.DirectoryNotFoundException: Could not find a part of the path 'D:\software\Project\UnitTest\TestCases\second_person_tenses_active.xml'.</Text>
        <Exception>System.IO.DirectoryNotFoundException: Could not find a part of the path 'D:\software\Project\UnitTest\TestCases\second_person_tenses_active.xml'.
   at System.IO.__Error.WinIOError(Int32 errorCode, String maybeFullPath)
   at System.IO.File.GetAttributes(String path)
   at Microsoft.VisualStudio.TestTools.Common.SingleFileProvider.GetFilePaths()
   at Microsoft.VisualStudio.TestTools.TestManagement.DeploymentCoverageItem.GetFiles(TestRunConfiguration runConfig)
   at Microsoft.VisualStudio.TestTools.TestManagement.DeploymentManager.DoDeployment(TestRun run, FileCopyService fileCopyService)</Exception>
      </RunInfo>
      <RunInfo computerName="ARPAN-LAP" outcome="Warning" timestamp="2014-06-29T11:55:00.2078555+05:30">
        <Text>Warning: Test Run deployment issue: Failed to get the file for deployment item '..\UnitTest\TestCases\all_persons_modal_should_negation.xml' specified by the test 'UnitTest.BnlpTest.all_persons_modal_should_negation': System.IO.DirectoryNotFoundException: Could not find a part of the path 'D:\software\Project\UnitTest\TestCases\all_persons_modal_should_negation.xml'.</Text>
        <Exception>System.IO.DirectoryNotFoundException: Could not find a part of the path 'D:\software\Project\UnitTest\TestCases\all_persons_modal_should_negation.xml'.
   at System.IO.__Error.WinIOError(Int32 errorCode, String maybeFullPath)
   at System.IO.File.GetAttributes(String path)
   at Microsoft.VisualStudio.TestTools.Common.SingleFileProvider.GetFilePaths()
   at Microsoft.VisualStudio.TestTools.TestManagement.DeploymentCoverageItem.GetFiles(TestRunConfiguration runConfig)
   at Microsoft.VisualStudio.TestTools.TestManagement.DeploymentManager.DoDeployment(TestRun run, FileCopyService fileCopyService)</Exception>
      </RunInfo>
      <RunInfo computerName="ARPAN-LAP" outcome="Warning" timestamp="2014-06-29T11:55:00.2098556+05:30">
        <Text>Warning: Test Run deployment issue: Failed to get the file for deployment item '..\UnitTest\TestCases\first_person_tenses_active_negation.xml' specified by the test 'UnitTest.BnlpTest.first_person_tenses_active_negation': System.IO.DirectoryNotFoundException: Could not find a part of the path 'D:\software\Project\UnitTest\TestCases\first_person_tenses_active_negation.xml'.</Text>
        <Exception>System.IO.DirectoryNotFoundException: Could not find a part of the path 'D:\software\Project\UnitTest\TestCases\first_person_tenses_active_negation.xml'.
   at System.IO.__Error.WinIOError(Int32 errorCode, String maybeFullPath)
   at System.IO.File.GetAttributes(String path)
   at Microsoft.VisualStudio.TestTools.Common.SingleFileProvider.GetFilePaths()
   at Microsoft.VisualStudio.TestTools.TestManagement.DeploymentCoverageItem.GetFiles(TestRunConfiguration runConfig)
   at Microsoft.VisualStudio.TestTools.TestManagement.DeploymentManager.DoDeployment(TestRun run, FileCopyService fileCopyService)</Exception>
      </RunInfo>
      <RunInfo computerName="ARPAN-LAP" outcome="Warning" timestamp="2014-06-29T11:55:00.2108557+05:30">
        <Text>Warning: Test Run deployment issue: Failed to get the file for deployment item '..\UnitTest\TestCases\all_persons_modal_can_may_negation.xml' specified by the test 'UnitTest.BnlpTest.all_persons_modal_can_may_negation': System.IO.DirectoryNotFoundException: Could not find a part of the path 'D:\software\Project\UnitTest\TestCases\all_persons_modal_can_may_negation.xml'.</Text>
        <Exception>System.IO.DirectoryNotFoundException: Could not find a part of the path 'D:\software\Project\UnitTest\TestCases\all_persons_modal_can_may_negation.xml'.
   at System.IO.__Error.WinIOError(Int32 errorCode, String maybeFullPath)
   at System.IO.File.GetAttributes(String path)
   at Microsoft.VisualStudio.TestTools.Common.SingleFileProvider.GetFilePaths()
   at Microsoft.VisualStudio.TestTools.TestManagement.DeploymentCoverageItem.GetFiles(TestRunConfiguration runConfig)
   at Microsoft.VisualStudio.TestTools.TestManagement.DeploymentManager.DoDeployment(TestRun run, FileCopyService fileCopyService)</Exception>
      </RunInfo>
      <RunInfo computerName="ARPAN-LAP" outcome="Warning" timestamp="2014-06-29T11:55:00.2118558+05:30">
        <Text>Warning: Test Run deployment issue: Failed to get the file for deployment item '..\UnitTest\TestCases\third_person_tenses_active_negation.xml' specified by the test 'UnitTest.BnlpTest.third_person_tenses_active_negation': System.IO.DirectoryNotFoundException: Could not find a part of the path 'D:\software\Project\UnitTest\TestCases\third_person_tenses_active_negation.xml'.</Text>
        <Exception>System.IO.DirectoryNotFoundException: Could not find a part of the path 'D:\software\Project\UnitTest\TestCases\third_person_tenses_active_negation.xml'.
   at System.IO.__Error.WinIOError(Int32 errorCode, String maybeFullPath)
   at System.IO.File.GetAttributes(String path)
   at Microsoft.VisualStudio.TestTools.Common.SingleFileProvider.GetFilePaths()
   at Microsoft.VisualStudio.TestTools.TestManagement.DeploymentCoverageItem.GetFiles(TestRunConfiguration runConfig)
   at Microsoft.VisualStudio.TestTools.TestManagement.DeploymentManager.DoDeployment(TestRun run, FileCopyService fileCopyService)</Exception>
      </RunInfo>
      <RunInfo computerName="ARPAN-LAP" outcome="Warning" timestamp="2014-06-29T11:55:00.2128558+05:30">
        <Text>Warning: Test Run deployment issue: Failed to get the file for deployment item '..\UnitTest\TestCases\interrogative_sentences_do.xml' specified by the test 'UnitTest.BnlpTest.interrogative_sentences_do': System.IO.DirectoryNotFoundException: Could not find a part of the path 'D:\software\Project\UnitTest\TestCases\interrogative_sentences_do.xml'.</Text>
        <Exception>System.IO.DirectoryNotFoundException: Could not find a part of the path 'D:\software\Project\UnitTest\TestCases\interrogative_sentences_do.xml'.
   at System.IO.__Error.WinIOError(Int32 errorCode, String maybeFullPath)
   at System.IO.File.GetAttributes(String path)
   at Microsoft.VisualStudio.TestTools.Common.SingleFileProvider.GetFilePaths()
   at Microsoft.VisualStudio.TestTools.TestManagement.DeploymentCoverageItem.GetFiles(TestRunConfiguration runConfig)
   at Microsoft.VisualStudio.TestTools.TestManagement.DeploymentManager.DoDeployment(TestRun run, FileCopyService fileCopyService)</Exception>
      </RunInfo>
      <RunInfo computerName="ARPAN-LAP" outcome="Warning" timestamp="2014-06-29T11:55:00.2138559+05:30">
        <Text>Warning: Test Run deployment issue: Failed to get the file for deployment item '..\UnitTest\TestCases\auxiliary_verbs_as_main_verbs.xml' specified by the test 'UnitTest.BnlpTest.auxiliary_verbs_as_main_verbs': System.IO.DirectoryNotFoundException: Could not find a part of the path 'D:\software\Project\UnitTest\TestCases\auxiliary_verbs_as_main_verbs.xml'.</Text>
        <Exception>System.IO.DirectoryNotFoundException: Could not find a part of the path 'D:\software\Project\UnitTest\TestCases\auxiliary_verbs_as_main_verbs.xml'.
   at System.IO.__Error.WinIOError(Int32 errorCode, String maybeFullPath)
   at System.IO.File.GetAttributes(String path)
   at Microsoft.VisualStudio.TestTools.Common.SingleFileProvider.GetFilePaths()
   at Microsoft.VisualStudio.TestTools.TestManagement.DeploymentCoverageItem.GetFiles(TestRunConfiguration runConfig)
   at Microsoft.VisualStudio.TestTools.TestManagement.DeploymentManager.DoDeployment(TestRun run, FileCopyService fileCopyService)</Exception>
      </RunInfo>
      <RunInfo computerName="ARPAN-LAP" outcome="Warning" timestamp="2014-06-29T11:55:00.2148559+05:30">
        <Text>Warning: Test Run deployment issue: Failed to get the file for deployment item '..\UnitTest\TestCases\all_persons_tenses_passive_negation.xml' specified by the test 'UnitTest.BnlpTest.all_persons_tenses_passive_negation': System.IO.DirectoryNotFoundException: Could not find a part of the path 'D:\software\Project\UnitTest\TestCases\all_persons_tenses_passive_negation.xml'.</Text>
        <Exception>System.IO.DirectoryNotFoundException: Could not find a part of the path 'D:\software\Project\UnitTest\TestCases\all_persons_tenses_passive_negation.xml'.
   at System.IO.__Error.WinIOError(Int32 errorCode, String maybeFullPath)
   at System.IO.File.GetAttributes(String path)
   at Microsoft.VisualStudio.TestTools.Common.SingleFileProvider.GetFilePaths()
   at Microsoft.VisualStudio.TestTools.TestManagement.DeploymentCoverageItem.GetFiles(TestRunConfiguration runConfig)
   at Microsoft.VisualStudio.TestTools.TestManagement.DeploymentManager.DoDeployment(TestRun run, FileCopyService fileCopyService)</Exception>
      </RunInfo>
      <RunInfo computerName="ARPAN-LAP" outcome="Warning" timestamp="2014-06-29T11:55:00.2168560+05:30">
        <Text>Warning: Test Run deployment issue: Failed to get the file for deployment item '..\UnitTest\TestCases\prepositions_made_with_two_words.xml' specified by the test 'UnitTest.BnlpTest.prepositions_made_with_two_words': System.IO.DirectoryNotFoundException: Could not find a part of the path 'D:\software\Project\UnitTest\TestCases\prepositions_made_with_two_words.xml'.</Text>
        <Exception>System.IO.DirectoryNotFoundException: Could not find a part of the path 'D:\software\Project\UnitTest\TestCases\prepositions_made_with_two_words.xml'.
   at System.IO.__Error.WinIOError(Int32 errorCode, String maybeFullPath)
   at System.IO.File.GetAttributes(String path)
   at Microsoft.VisualStudio.TestTools.Common.SingleFileProvider.GetFilePaths()
   at Microsoft.VisualStudio.TestTools.TestManagement.DeploymentCoverageItem.GetFiles(TestRunConfiguration runConfig)
   at Microsoft.VisualStudio.TestTools.TestManagement.DeploymentManager.DoDeployment(TestRun run, FileCopyService fileCopyService)</Exception>
      </RunInfo>
      <RunInfo computerName="ARPAN-LAP" outcome="Warning" timestamp="2014-06-29T11:55:00.2178561+05:30">
        <Text>Warning: Test Run deployment issue: Failed to get the file for deployment item '..\UnitTest\TestCases\first_person_tenses_active.xml' specified by the test 'UnitTest.BnlpTest.first_person_tenses_active': System.IO.DirectoryNotFoundException: Could not find a part of the path 'D:\software\Project\UnitTest\TestCases\first_person_tenses_active.xml'.</Text>
        <Exception>System.IO.DirectoryNotFoundException: Could not find a part of the path 'D:\software\Project\UnitTest\TestCases\first_person_tenses_active.xml'.
   at System.IO.__Error.WinIOError(Int32 errorCode, String maybeFullPath)
   at System.IO.File.GetAttributes(String path)
   at Microsoft.VisualStudio.TestTools.Common.SingleFileProvider.GetFilePaths()
   at Microsoft.VisualStudio.TestTools.TestManagement.DeploymentCoverageItem.GetFiles(TestRunConfiguration runConfig)
   at Microsoft.VisualStudio.TestTools.TestManagement.DeploymentManager.DoDeployment(TestRun run, FileCopyService fileCopyService)</Exception>
      </RunInfo>
      <RunInfo computerName="ARPAN-LAP" outcome="Warning" timestamp="2014-06-29T11:55:00.2188562+05:30">
        <Text>Warning: Test Run deployment issue: Failed to get the file for deployment item '..\UnitTest\TestCases\interrogative_sentences_why.xml' specified by the test 'UnitTest.BnlpTest.interrogative_sentences_why': System.IO.DirectoryNotFoundException: Could not find a part of the path 'D:\software\Project\UnitTest\TestCases\interrogative_sentences_why.xml'.</Text>
        <Exception>System.IO.DirectoryNotFoundException: Could not find a part of the path 'D:\software\Project\UnitTest\TestCases\interrogative_sentences_why.xml'.
   at System.IO.__Error.WinIOError(Int32 errorCode, String maybeFullPath)
   at System.IO.File.GetAttributes(String path)
   at Microsoft.VisualStudio.TestTools.Common.SingleFileProvider.GetFilePaths()
   at Microsoft.VisualStudio.TestTools.TestManagement.DeploymentCoverageItem.GetFiles(TestRunConfiguration runConfig)
   at Microsoft.VisualStudio.TestTools.TestManagement.DeploymentManager.DoDeployment(TestRun run, FileCopyService fileCopyService)</Exception>
      </RunInfo>
      <RunInfo computerName="ARPAN-LAP" outcome="Warning" timestamp="2014-06-29T11:55:00.2208563+05:30">
        <Text>Warning: Test Run deployment issue: Failed to get the file for deployment item '..\UnitTest\TestCases\all_persons_modal_can_may.xml' specified by the test 'UnitTest.BnlpTest.all_persons_modal_can_may': System.IO.DirectoryNotFoundException: Could not find a part of the path 'D:\software\Project\UnitTest\TestCases\all_persons_modal_can_may.xml'.</Text>
        <Exception>System.IO.DirectoryNotFoundException: Could not find a part of the path 'D:\software\Project\UnitTest\TestCases\all_persons_modal_can_may.xml'.
   at System.IO.__Error.WinIOError(Int32 errorCode, String maybeFullPath)
   at System.IO.File.GetAttributes(String path)
   at Microsoft.VisualStudio.TestTools.Common.SingleFileProvider.GetFilePaths()
   at Microsoft.VisualStudio.TestTools.TestManagement.DeploymentCoverageItem.GetFiles(TestRunConfiguration runConfig)
   at Microsoft.VisualStudio.TestTools.TestManagement.DeploymentManager.DoDeployment(TestRun run, FileCopyService fileCopyService)</Exception>
      </RunInfo>
    </RunInfos>
  </ResultSummary>
  <TestDefinitions>
    <UnitTest name="prepositions_made_with_three_words" storage="d:\software\project\bnlp\unittest\bin\debug\unittest.dll" id="0f33848d-a900-d644-7498-2526887b5425">
      <DeploymentItems>
        <DeploymentItem filename="..\UnitTest\TestCases\prepositions_made_with_three_words.xml" />
      </DeploymentItems>
      <Execution id="5ed3fbbd-6f9c-469a-a61a-13a2bd61be51" />
      <TestMethod codeBase="D:/software/Project/BNLP/UnitTest/bin/Debug/UnitTest.DLL" adapterTypeName="Microsoft.VisualStudio.TestTools.TestTypes.Unit.UnitTestAdapter, Microsoft.VisualStudio.QualityTools.Tips.UnitTest.Adapter, Version=10.0.0.0, Culture=neutral, PublicKeyToken=b03f5f7f11d50a3a" className="UnitTest.BnlpTest, UnitTest, Version=1.0.0.0, Culture=neutral, PublicKeyToken=null" name="prepositions_made_with_three_words" />
      <DataSource connectionString="|DataDirectory|\TestCases\prepositions_made_with_three_words.xml" providerInvariantName="Microsoft.VisualStudio.TestTools.DataSource.XML" tableName="sentence" />
    </UnitTest>
    <UnitTest name="first_person_tenses_active" storage="d:\software\project\bnlp\unittest\bin\debug\unittest.dll" id="921e6ab0-d7c2-6005-e523-6fd2d5e1a723">
      <DeploymentItems>
        <DeploymentItem filename="..\UnitTest\TestCases\first_person_tenses_active.xml" />
      </DeploymentItems>
      <Execution id="ab38bd24-1bac-46b8-872a-d89ed89ed91e" />
      <TestMethod codeBase="D:/software/Project/BNLP/UnitTest/bin/Debug/UnitTest.DLL" adapterTypeName="Microsoft.VisualStudio.TestTools.TestTypes.Unit.UnitTestAdapter, Microsoft.VisualStudio.QualityTools.Tips.UnitTest.Adapter, Version=10.0.0.0, Culture=neutral, PublicKeyToken=b03f5f7f11d50a3a" className="UnitTest.BnlpTest, UnitTest, Version=1.0.0.0, Culture=neutral, PublicKeyToken=null" name="first_person_tenses_active" />
      <DataSource connectionString="|DataDirectory|\TestCases\first_person_tenses_active.xml" providerInvariantName="Microsoft.VisualStudio.TestTools.DataSource.XML" tableName="sentence" />
    </UnitTest>
    <UnitTest name="interrogative_sentences_what" storage="d:\software\project\bnlp\unittest\bin\debug\unittest.dll" id="7f7910d1-dc89-39b4-b4cf-d9e6d7af9420">
      <DeploymentItems>
        <DeploymentItem filename="..\UnitTest\TestCases\interrogative_sentences_what.xml" />
      </DeploymentItems>
      <Execution id="9d76afee-e1c6-42e8-99f7-9e543a67df49" />
      <TestMethod codeBase="D:/software/Project/BNLP/UnitTest/bin/Debug/UnitTest.DLL" adapterTypeName="Microsoft.VisualStudio.TestTools.TestTypes.Unit.UnitTestAdapter, Microsoft.VisualStudio.QualityTools.Tips.UnitTest.Adapter, Version=10.0.0.0, Culture=neutral, PublicKeyToken=b03f5f7f11d50a3a" className="UnitTest.BnlpTest, UnitTest, Version=1.0.0.0, Culture=neutral, PublicKeyToken=null" name="interrogative_sentences_what" />
      <DataSource connectionString="|DataDirectory|\TestCases\interrogative_sentences_what.xml" providerInvariantName="Microsoft.VisualStudio.TestTools.DataSource.XML" tableName="sentence" />
    </UnitTest>
    <UnitTest name="all_persons_modal_should_negation" storage="d:\software\project\bnlp\unittest\bin\debug\unittest.dll" id="9319d01e-de3e-d310-c76e-cae8dce4c924">
      <DeploymentItems>
        <DeploymentItem filename="..\UnitTest\TestCases\all_persons_modal_should_negation.xml" />
      </DeploymentItems>
      <Execution id="792b5d1c-df34-4b9a-aeeb-3085656dada5" />
      <TestMethod codeBase="D:/software/Project/BNLP/UnitTest/bin/Debug/UnitTest.DLL" adapterTypeName="Microsoft.VisualStudio.TestTools.TestTypes.Unit.UnitTestAdapter, Microsoft.VisualStudio.QualityTools.Tips.UnitTest.Adapter, Version=10.0.0.0, Culture=neutral, PublicKeyToken=b03f5f7f11d50a3a" className="UnitTest.BnlpTest, UnitTest, Version=1.0.0.0, Culture=neutral, PublicKeyToken=null" name="all_persons_modal_should_negation" />
      <DataSource connectionString="|DataDirectory|\TestCases\all_persons_modal_should_negation.xml" providerInvariantName="Microsoft.VisualStudio.TestTools.DataSource.XML" tableName="sentence" />
    </UnitTest>
    <UnitTest name="prepositions_made_with_two_words" storage="d:\software\project\bnlp\unittest\bin\debug\unittest.dll" id="0f337a75-1a2d-d9c3-6c5f-23ed2604b69d">
      <DeploymentItems>
        <DeploymentItem filename="..\UnitTest\TestCases\prepositions_made_with_two_words.xml" />
      </DeploymentItems>
      <Execution id="2fbd147f-138f-480d-a5b8-20d445010c9c" />
      <TestMethod codeBase="D:/software/Project/BNLP/UnitTest/bin/Debug/UnitTest.DLL" adapterTypeName="Microsoft.VisualStudio.TestTools.TestTypes.Unit.UnitTestAdapter, Microsoft.VisualStudio.QualityTools.Tips.UnitTest.Adapter, Version=10.0.0.0, Culture=neutral, PublicKeyToken=b03f5f7f11d50a3a" className="UnitTest.BnlpTest, UnitTest, Version=1.0.0.0, Culture=neutral, PublicKeyToken=null" name="prepositions_made_with_two_words" />
      <DataSource connectionString="|DataDirectory|\TestCases\prepositions_made_with_two_words.xml" providerInvariantName="Microsoft.VisualStudio.TestTools.DataSource.XML" tableName="sentence" />
    </UnitTest>
    <UnitTest name="interrogative_sentences_do" storage="d:\software\project\bnlp\unittest\bin\debug\unittest.dll" id="1d63c318-78a9-9011-f5c0-0b01884a2881">
      <DeploymentItems>
        <DeploymentItem filename="..\UnitTest\TestCases\interrogative_sentences_do.xml" />
      </DeploymentItems>
      <Execution id="aa6dd2a3-c5e9-4775-ba1b-a9d0b78334c5" />
      <TestMethod codeBase="D:/software/Project/BNLP/UnitTest/bin/Debug/UnitTest.DLL" adapterTypeName="Microsoft.VisualStudio.TestTools.TestTypes.Unit.UnitTestAdapter, Microsoft.VisualStudio.QualityTools.Tips.UnitTest.Adapter, Version=10.0.0.0, Culture=neutral, PublicKeyToken=b03f5f7f11d50a3a" className="UnitTest.BnlpTest, UnitTest, Version=1.0.0.0, Culture=neutral, PublicKeyToken=null" name="interrogative_sentences_do" />
      <DataSource connectionString="|DataDirectory|\TestCases\interrogative_sentences_do.xml" providerInvariantName="Microsoft.VisualStudio.TestTools.DataSource.XML" tableName="sentence" />
    </UnitTest>
    <UnitTest name="all_persons_tenses_passive_negation" storage="d:\software\project\bnlp\unittest\bin\debug\unittest.dll" id="bdfe92b2-f4ac-73a5-f13d-5c1ea13721b4">
      <DeploymentItems>
        <DeploymentItem filename="..\UnitTest\TestCases\all_persons_tenses_passive_negation.xml" />
      </DeploymentItems>
      <Execution id="13430afe-e241-4dfa-a8ba-0a1ddfdd0e29" />
      <TestMethod codeBase="D:/software/Project/BNLP/UnitTest/bin/Debug/UnitTest.DLL" adapterTypeName="Microsoft.VisualStudio.TestTools.TestTypes.Unit.UnitTestAdapter, Microsoft.VisualStudio.QualityTools.Tips.UnitTest.Adapter, Version=10.0.0.0, Culture=neutral, PublicKeyToken=b03f5f7f11d50a3a" className="UnitTest.BnlpTest, UnitTest, Version=1.0.0.0, Culture=neutral, PublicKeyToken=null" name="all_persons_tenses_passive_negation" />
      <DataSource connectionString="|DataDirectory|\TestCases\all_persons_tenses_passive_negation.xml" providerInvariantName="Microsoft.VisualStudio.TestTools.DataSource.XML" tableName="sentence" />
    </UnitTest>
    <UnitTest name="third_person_tenses_active_negation" storage="d:\software\project\bnlp\unittest\bin\debug\unittest.dll" id="fe3e63ab-391c-e168-48d0-431b85a7b898">
      <DeploymentItems>
        <DeploymentItem filename="..\UnitTest\TestCases\third_person_tenses_active_negation.xml" />
      </DeploymentItems>
      <Execution id="ecfce502-f7d4-438e-8451-58fb050baa46" />
      <TestMethod codeBase="D:/software/Project/BNLP/UnitTest/bin/Debug/UnitTest.DLL" adapterTypeName="Microsoft.VisualStudio.TestTools.TestTypes.Unit.UnitTestAdapter, Microsoft.VisualStudio.QualityTools.Tips.UnitTest.Adapter, Version=10.0.0.0, Culture=neutral, PublicKeyToken=b03f5f7f11d50a3a" className="UnitTest.BnlpTest, UnitTest, Version=1.0.0.0, Culture=neutral, PublicKeyToken=null" name="third_person_tenses_active_negation" />
      <DataSource connectionString="|DataDirectory|\TestCases\third_person_tenses_active_negation.xml" providerInvariantName="Microsoft.VisualStudio.TestTools.DataSource.XML" tableName="sentence" />
    </UnitTest>
    <UnitTest name="all_persons_modal_should" storage="d:\software\project\bnlp\unittest\bin\debug\unittest.dll" id="783915fe-114a-e353-78dd-56e92a60f942">
      <DeploymentItems>
        <DeploymentItem filename="..\UnitTest\TestCases\all_persons_modal_should.xml" />
      </DeploymentItems>
      <Execution id="a855549f-f369-4544-84ef-ec54f8297e0e" />
      <TestMethod codeBase="D:/software/Project/BNLP/UnitTest/bin/Debug/UnitTest.DLL" adapterTypeName="Microsoft.VisualStudio.TestTools.TestTypes.Unit.UnitTestAdapter, Microsoft.VisualStudio.QualityTools.Tips.UnitTest.Adapter, Version=10.0.0.0, Culture=neutral, PublicKeyToken=b03f5f7f11d50a3a" className="UnitTest.BnlpTest, UnitTest, Version=1.0.0.0, Culture=neutral, PublicKeyToken=null" name="all_persons_modal_should" />
      <DataSource connectionString="|DataDirectory|\TestCases\all_persons_modal_should.xml" providerInvariantName="Microsoft.VisualStudio.TestTools.DataSource.XML" tableName="sentence" />
    </UnitTest>
    <UnitTest name="second_person_tenses_active" storage="d:\software\project\bnlp\unittest\bin\debug\unittest.dll" id="30ab3285-6a8c-14d2-9725-bd60892ccd90">
      <DeploymentItems>
        <DeploymentItem filename="..\UnitTest\TestCases\second_person_tenses_active.xml" />
      </DeploymentItems>
      <Execution id="4b40392e-c2ca-401e-9200-46c3ac189a2c" />
      <TestMethod codeBase="D:/software/Project/BNLP/UnitTest/bin/Debug/UnitTest.DLL" adapterTypeName="Microsoft.VisualStudio.TestTools.TestTypes.Unit.UnitTestAdapter, Microsoft.VisualStudio.QualityTools.Tips.UnitTest.Adapter, Version=10.0.0.0, Culture=neutral, PublicKeyToken=b03f5f7f11d50a3a" className="UnitTest.BnlpTest, UnitTest, Version=1.0.0.0, Culture=neutral, PublicKeyToken=null" name="second_person_tenses_active" />
      <DataSource connectionString="|DataDirectory|\TestCases\second_person_tenses_active.xml" providerInvariantName="Microsoft.VisualStudio.TestTools.DataSource.XML" tableName="sentence" />
    </UnitTest>
    <UnitTest name="interrogative_sentences_who" storage="d:\software\project\bnlp\unittest\bin\debug\unittest.dll" id="32b5d279-0d23-e5ad-0301-234c8788f740">
      <DeploymentItems>
        <DeploymentItem filename="..\UnitTest\TestCases\interrogative_sentences_who.xml" />
      </DeploymentItems>
      <Execution id="21743e8d-018e-40aa-93f3-f4a0098271b5" />
      <TestMethod codeBase="D:/software/Project/BNLP/UnitTest/bin/Debug/UnitTest.DLL" adapterTypeName="Microsoft.VisualStudio.TestTools.TestTypes.Unit.UnitTestAdapter, Microsoft.VisualStudio.QualityTools.Tips.UnitTest.Adapter, Version=10.0.0.0, Culture=neutral, PublicKeyToken=b03f5f7f11d50a3a" className="UnitTest.BnlpTest, UnitTest, Version=1.0.0.0, Culture=neutral, PublicKeyToken=null" name="interrogative_sentences_who" />
      <DataSource connectionString="|DataDirectory|\TestCases\interrogative_sentences_who.xml" providerInvariantName="Microsoft.VisualStudio.TestTools.DataSource.XML" tableName="sentence" />
    </UnitTest>
    <UnitTest name="all_persons_modal_can_may" storage="d:\software\project\bnlp\unittest\bin\debug\unittest.dll" id="8fe5ccb3-a3f4-0f61-ad21-e94ef029e900">
      <DeploymentItems>
        <DeploymentItem filename="..\UnitTest\TestCases\all_persons_modal_can_may.xml" />
      </DeploymentItems>
      <Execution id="d55cac20-69a2-485e-acbd-c6b7ee255395" />
      <TestMethod codeBase="D:/software/Project/BNLP/UnitTest/bin/Debug/UnitTest.DLL" adapterTypeName="Microsoft.VisualStudio.TestTools.TestTypes.Unit.UnitTestAdapter, Microsoft.VisualStudio.QualityTools.Tips.UnitTest.Adapter, Version=10.0.0.0, Culture=neutral, PublicKeyToken=b03f5f7f11d50a3a" className="UnitTest.BnlpTest, UnitTest, Version=1.0.0.0, Culture=neutral, PublicKeyToken=null" name="all_persons_modal_can_may" />
      <DataSource connectionString="|DataDirectory|\TestCases\all_persons_modal_can_may.xml" providerInvariantName="Microsoft.VisualStudio.TestTools.DataSource.XML" tableName="sentence" />
    </UnitTest>
    <UnitTest name="interrogative_sentences_how" storage="d:\software\project\bnlp\unittest\bin\debug\unittest.dll" id="227f20ae-8e76-eb71-39b2-4ada3ce6aba8">
      <DeploymentItems>
        <DeploymentItem filename="..\UnitTest\TestCases\interrogative_sentences_how.xml" />
      </DeploymentItems>
      <Execution id="0f343bf5-1265-49ff-8232-6a5739cbac49" />
      <TestMethod codeBase="D:/software/Project/BNLP/UnitTest/bin/Debug/UnitTest.DLL" adapterTypeName="Microsoft.VisualStudio.TestTools.TestTypes.Unit.UnitTestAdapter, Microsoft.VisualStudio.QualityTools.Tips.UnitTest.Adapter, Version=10.0.0.0, Culture=neutral, PublicKeyToken=b03f5f7f11d50a3a" className="UnitTest.BnlpTest, UnitTest, Version=1.0.0.0, Culture=neutral, PublicKeyToken=null" name="interrogative_sentences_how" />
      <DataSource connectionString="|DataDirectory|\TestCases\interrogative_sentences_how.xml" providerInvariantName="Microsoft.VisualStudio.TestTools.DataSource.XML" tableName="sentence" />
    </UnitTest>
    <UnitTest name="all_persons_modal_can_may_negation" storage="d:\software\project\bnlp\unittest\bin\debug\unittest.dll" id="d03eb628-bf1f-c27d-aeef-e708d613d686">
      <DeploymentItems>
        <DeploymentItem filename="..\UnitTest\TestCases\all_persons_modal_can_may_negation.xml" />
      </DeploymentItems>
      <Execution id="e3fa3329-29f2-4c28-8b93-3ce055740944" />
      <TestMethod codeBase="D:/software/Project/BNLP/UnitTest/bin/Debug/UnitTest.DLL" adapterTypeName="Microsoft.VisualStudio.TestTools.TestTypes.Unit.UnitTestAdapter, Microsoft.VisualStudio.QualityTools.Tips.UnitTest.Adapter, Version=10.0.0.0, Culture=neutral, PublicKeyToken=b03f5f7f11d50a3a" className="UnitTest.BnlpTest, UnitTest, Version=1.0.0.0, Culture=neutral, PublicKeyToken=null" name="all_persons_modal_can_may_negation" />
      <DataSource connectionString="|DataDirectory|\TestCases\all_persons_modal_can_may_negation.xml" providerInvariantName="Microsoft.VisualStudio.TestTools.DataSource.XML" tableName="sentence" />
    </UnitTest>
    <UnitTest name="RandomWord" storage="d:\software\project\bnlp\unittest\bin\debug\unittest.dll" id="642ce34f-0ed4-f995-637b-09297c832f2a">
      <DeploymentItems>
        <DeploymentItem filename="..\UnitTest\TestCases\wikipedia.xml" />
      </DeploymentItems>
      <Execution id="aaed353f-8565-48f0-b944-156eac33c8c6" />
      <TestMethod codeBase="D:/software/Project/BNLP/UnitTest/bin/Debug/UnitTest.DLL" adapterTypeName="Microsoft.VisualStudio.TestTools.TestTypes.Unit.UnitTestAdapter, Microsoft.VisualStudio.QualityTools.Tips.UnitTest.Adapter, Version=10.0.0.0, Culture=neutral, PublicKeyToken=b03f5f7f11d50a3a" className="UnitTest.BnlpTest, UnitTest, Version=1.0.0.0, Culture=neutral, PublicKeyToken=null" name="RandomWord" />
      <DataSource connectionString="|DataDirectory|\TestCases\wikipedia.xml" providerInvariantName="Microsoft.VisualStudio.TestTools.DataSource.XML" tableName="sentence" />
    </UnitTest>
    <UnitTest name="second_person_tenses_active_negation" storage="d:\software\project\bnlp\unittest\bin\debug\unittest.dll" id="83c68223-dcaa-51dd-423f-434210a59f77">
      <DeploymentItems>
        <DeploymentItem filename="..\UnitTest\TestCases\second_person_tenses_active_negation.xml" />
      </DeploymentItems>
      <Execution id="a0f7eb9b-2706-45a6-8e80-312bf65c745c" />
      <TestMethod codeBase="D:/software/Project/BNLP/UnitTest/bin/Debug/UnitTest.DLL" adapterTypeName="Microsoft.VisualStudio.TestTools.TestTypes.Unit.UnitTestAdapter, Microsoft.VisualStudio.QualityTools.Tips.UnitTest.Adapter, Version=10.0.0.0, Culture=neutral, PublicKeyToken=b03f5f7f11d50a3a" className="UnitTest.BnlpTest, UnitTest, Version=1.0.0.0, Culture=neutral, PublicKeyToken=null" name="second_person_tenses_active_negation" />
      <DataSource connectionString="|DataDirectory|\TestCases\second_person_tenses_active_negation.xml" providerInvariantName="Microsoft.VisualStudio.TestTools.DataSource.XML" tableName="sentence" />
    </UnitTest>
    <UnitTest name="interrogative_sentences_why" storage="d:\software\project\bnlp\unittest\bin\debug\unittest.dll" id="1b04a6d6-5350-792c-8eba-a46a0eb28949">
      <DeploymentItems>
        <DeploymentItem filename="..\UnitTest\TestCases\interrogative_sentences_why.xml" />
      </DeploymentItems>
      <Execution id="1d5fba37-0668-4402-82f7-1d3db544500a" />
      <TestMethod codeBase="D:/software/Project/BNLP/UnitTest/bin/Debug/UnitTest.DLL" adapterTypeName="Microsoft.VisualStudio.TestTools.TestTypes.Unit.UnitTestAdapter, Microsoft.VisualStudio.QualityTools.Tips.UnitTest.Adapter, Version=10.0.0.0, Culture=neutral, PublicKeyToken=b03f5f7f11d50a3a" className="UnitTest.BnlpTest, UnitTest, Version=1.0.0.0, Culture=neutral, PublicKeyToken=null" name="interrogative_sentences_why" />
      <DataSource connectionString="|DataDirectory|\TestCases\interrogative_sentences_why.xml" providerInvariantName="Microsoft.VisualStudio.TestTools.DataSource.XML" tableName="sentence" />
    </UnitTest>
    <UnitTest name="interrogative_sentences_which" storage="d:\software\project\bnlp\unittest\bin\debug\unittest.dll" id="97a1371f-e8e6-db3e-323e-49ffeef32df1">
      <DeploymentItems>
        <DeploymentItem filename="..\UnitTest\TestCases\interrogative_sentences_which.xml" />
      </DeploymentItems>
      <Execution id="449b314d-4c39-4c45-a769-a3faadf144d8" />
      <TestMethod codeBase="D:/software/Project/BNLP/UnitTest/bin/Debug/UnitTest.DLL" adapterTypeName="Microsoft.VisualStudio.TestTools.TestTypes.Unit.UnitTestAdapter, Microsoft.VisualStudio.QualityTools.Tips.UnitTest.Adapter, Version=10.0.0.0, Culture=neutral, PublicKeyToken=b03f5f7f11d50a3a" className="UnitTest.BnlpTest, UnitTest, Version=1.0.0.0, Culture=neutral, PublicKeyToken=null" name="interrogative_sentences_which" />
      <DataSource connectionString="|DataDirectory|\TestCases\interrogative_sentences_which.xml" providerInvariantName="Microsoft.VisualStudio.TestTools.DataSource.XML" tableName="sentence" />
    </UnitTest>
    <UnitTest name="third_person_tenses_active" storage="d:\software\project\bnlp\unittest\bin\debug\unittest.dll" id="0bc2f98c-98f5-f190-c78c-c00d94c547a1">
      <DeploymentItems>
        <DeploymentItem filename="..\UnitTest\TestCases\third_person_tenses_active.xml" />
      </DeploymentItems>
      <Execution id="bb7845a2-2ab9-4648-948e-ba8e9e0b107d" />
      <TestMethod codeBase="D:/software/Project/BNLP/UnitTest/bin/Debug/UnitTest.DLL" adapterTypeName="Microsoft.VisualStudio.TestTools.TestTypes.Unit.UnitTestAdapter, Microsoft.VisualStudio.QualityTools.Tips.UnitTest.Adapter, Version=10.0.0.0, Culture=neutral, PublicKeyToken=b03f5f7f11d50a3a" className="UnitTest.BnlpTest, UnitTest, Version=1.0.0.0, Culture=neutral, PublicKeyToken=null" name="third_person_tenses_active" />
      <DataSource connectionString="|DataDirectory|\TestCases\third_person_tenses_active.xml" providerInvariantName="Microsoft.VisualStudio.TestTools.DataSource.XML" tableName="sentence" />
    </UnitTest>
    <UnitTest name="auxiliary_verbs_as_main_verbs" storage="d:\software\project\bnlp\unittest\bin\debug\unittest.dll" id="c79146bc-2376-961a-5de9-441b5dfc7188">
      <DeploymentItems>
        <DeploymentItem filename="..\UnitTest\TestCases\auxiliary_verbs_as_main_verbs.xml" />
      </DeploymentItems>
      <Execution id="51c4fc2a-5bdb-4dac-a76e-da11590b36b3" />
      <TestMethod codeBase="D:/software/Project/BNLP/UnitTest/bin/Debug/UnitTest.DLL" adapterTypeName="Microsoft.VisualStudio.TestTools.TestTypes.Unit.UnitTestAdapter, Microsoft.VisualStudio.QualityTools.Tips.UnitTest.Adapter, Version=10.0.0.0, Culture=neutral, PublicKeyToken=b03f5f7f11d50a3a" className="UnitTest.BnlpTest, UnitTest, Version=1.0.0.0, Culture=neutral, PublicKeyToken=null" name="auxiliary_verbs_as_main_verbs" />
      <DataSource connectionString="|DataDirectory|\TestCases\auxiliary_verbs_as_main_verbs.xml" providerInvariantName="Microsoft.VisualStudio.TestTools.DataSource.XML" tableName="sentence" />
    </UnitTest>
    <UnitTest name="special_handling_do_verb" storage="d:\software\project\bnlp\unittest\bin\debug\unittest.dll" id="533e7939-123c-ce84-5c5c-d5a21d1d95b9">
      <DeploymentItems>
        <DeploymentItem filename="..\UnitTest\TestCases\special_handling_do_verb.xml" />
      </DeploymentItems>
      <Execution id="b994a75e-8f41-46c3-974d-6c5fa76f6a8b" />
      <TestMethod codeBase="D:/software/Project/BNLP/UnitTest/bin/Debug/UnitTest.DLL" adapterTypeName="Microsoft.VisualStudio.TestTools.TestTypes.Unit.UnitTestAdapter, Microsoft.VisualStudio.QualityTools.Tips.UnitTest.Adapter, Version=10.0.0.0, Culture=neutral, PublicKeyToken=b03f5f7f11d50a3a" className="UnitTest.BnlpTest, UnitTest, Version=1.0.0.0, Culture=neutral, PublicKeyToken=null" name="special_handling_do_verb" />
      <DataSource connectionString="|DataDirectory|\TestCases\special_handling_do_verb.xml" providerInvariantName="Microsoft.VisualStudio.TestTools.DataSource.XML" tableName="sentence" />
    </UnitTest>
    <UnitTest name="interrogative_sentences_whom" storage="d:\software\project\bnlp\unittest\bin\debug\unittest.dll" id="4e91a3b9-9eae-ebff-0b97-303f00578a78">
      <DeploymentItems>
        <DeploymentItem filename="..\UnitTest\TestCases\interrogative_sentences_whom.xml" />
      </DeploymentItems>
      <Execution id="10be798d-4ef4-4f69-b1b0-f32ad988929b" />
      <TestMethod codeBase="D:/software/Project/BNLP/UnitTest/bin/Debug/UnitTest.DLL" adapterTypeName="Microsoft.VisualStudio.TestTools.TestTypes.Unit.UnitTestAdapter, Microsoft.VisualStudio.QualityTools.Tips.UnitTest.Adapter, Version=10.0.0.0, Culture=neutral, PublicKeyToken=b03f5f7f11d50a3a" className="UnitTest.BnlpTest, UnitTest, Version=1.0.0.0, Culture=neutral, PublicKeyToken=null" name="interrogative_sentences_whom" />
      <DataSource connectionString="|DataDirectory|\TestCases\interrogative_sentences_whom.xml" providerInvariantName="Microsoft.VisualStudio.TestTools.DataSource.XML" tableName="sentence" />
    </UnitTest>
    <UnitTest name="interrogative_sentences_where" storage="d:\software\project\bnlp\unittest\bin\debug\unittest.dll" id="b9261b51-b0a2-10e2-9308-22bb2624de8b">
      <DeploymentItems>
        <DeploymentItem filename="..\UnitTest\TestCases\interrogative_sentences_where.xml" />
      </DeploymentItems>
      <Execution id="bc3eaa4a-2763-4dab-a2e6-a025f00ed897" />
      <TestMethod codeBase="D:/software/Project/BNLP/UnitTest/bin/Debug/UnitTest.DLL" adapterTypeName="Microsoft.VisualStudio.TestTools.TestTypes.Unit.UnitTestAdapter, Microsoft.VisualStudio.QualityTools.Tips.UnitTest.Adapter, Version=10.0.0.0, Culture=neutral, PublicKeyToken=b03f5f7f11d50a3a" className="UnitTest.BnlpTest, UnitTest, Version=1.0.0.0, Culture=neutral, PublicKeyToken=null" name="interrogative_sentences_where" />
      <DataSource connectionString="|DataDirectory|\TestCases\interrogative_sentences_where.xml" providerInvariantName="Microsoft.VisualStudio.TestTools.DataSource.XML" tableName="sentence" />
    </UnitTest>
    <UnitTest name="interrogative_sentences_aux" storage="d:\software\project\bnlp\unittest\bin\debug\unittest.dll" id="39dcb97e-c73f-c645-a77c-64d9eba0a3a3">
      <DeploymentItems>
        <DeploymentItem filename="..\UnitTest\TestCases\interrogative_sentences_aux.xml" />
      </DeploymentItems>
      <Execution id="dacda2b2-5ae9-4914-adda-89ee371d1232" />
      <TestMethod codeBase="D:/software/Project/BNLP/UnitTest/bin/Debug/UnitTest.DLL" adapterTypeName="Microsoft.VisualStudio.TestTools.TestTypes.Unit.UnitTestAdapter, Microsoft.VisualStudio.QualityTools.Tips.UnitTest.Adapter, Version=10.0.0.0, Culture=neutral, PublicKeyToken=b03f5f7f11d50a3a" className="UnitTest.BnlpTest, UnitTest, Version=1.0.0.0, Culture=neutral, PublicKeyToken=null" name="interrogative_sentences_aux" />
      <DataSource connectionString="|DataDirectory|\TestCases\interrogative_sentences_aux.xml" providerInvariantName="Microsoft.VisualStudio.TestTools.DataSource.XML" tableName="sentence" />
    </UnitTest>
    <UnitTest name="all_persons_tenses_passive" storage="d:\software\project\bnlp\unittest\bin\debug\unittest.dll" id="d766a059-d96c-7b47-e6a6-34931760df96">
      <DeploymentItems>
        <DeploymentItem filename="..\UnitTest\TestCases\all_persons_tenses_passive.xml" />
      </DeploymentItems>
      <Execution id="e75275e4-75ea-4ff3-b0ad-20d8f546df91" />
      <TestMethod codeBase="D:/software/Project/BNLP/UnitTest/bin/Debug/UnitTest.DLL" adapterTypeName="Microsoft.VisualStudio.TestTools.TestTypes.Unit.UnitTestAdapter, Microsoft.VisualStudio.QualityTools.Tips.UnitTest.Adapter, Version=10.0.0.0, Culture=neutral, PublicKeyToken=b03f5f7f11d50a3a" className="UnitTest.BnlpTest, UnitTest, Version=1.0.0.0, Culture=neutral, PublicKeyToken=null" name="all_persons_tenses_passive" />
      <DataSource connectionString="|DataDirectory|\TestCases\all_persons_tenses_passive.xml" providerInvariantName="Microsoft.VisualStudio.TestTools.DataSource.XML" tableName="sentence" />
    </UnitTest>
    <UnitTest name="first_person_tenses_active_negation" storage="d:\software\project\bnlp\unittest\bin\debug\unittest.dll" id="15fe5bf6-5078-81a8-0356-385549390bb7">
      <DeploymentItems>
        <DeploymentItem filename="..\UnitTest\TestCases\first_person_tenses_active_negation.xml" />
      </DeploymentItems>
      <Execution id="8fac471d-e190-41d2-97b6-cc8930bd4565" />
      <TestMethod codeBase="D:/software/Project/BNLP/UnitTest/bin/Debug/UnitTest.DLL" adapterTypeName="Microsoft.VisualStudio.TestTools.TestTypes.Unit.UnitTestAdapter, Microsoft.VisualStudio.QualityTools.Tips.UnitTest.Adapter, Version=10.0.0.0, Culture=neutral, PublicKeyToken=b03f5f7f11d50a3a" className="UnitTest.BnlpTest, UnitTest, Version=1.0.0.0, Culture=neutral, PublicKeyToken=null" name="first_person_tenses_active_negation" />
      <DataSource connectionString="|DataDirectory|\TestCases\first_person_tenses_active_negation.xml" providerInvariantName="Microsoft.VisualStudio.TestTools.DataSource.XML" tableName="sentence" />
    </UnitTest>
  </TestDefinitions>
  <TestLists>
    <TestList name="Results Not in a List" id="8c84fa94-04c1-424b-9868-57a2d4851a1d" />
    <TestList name="All Loaded Results" id="19431567-8539-422a-85d7-44ee4e166bda" />
  </TestLists>
  <TestEntries>
    <TestEntry testId="0bc2f98c-98f5-f190-c78c-c00d94c547a1" executionId="bb7845a2-2ab9-4648-948e-ba8e9e0b107d" testListId="8c84fa94-04c1-424b-9868-57a2d4851a1d" />
    <TestEntry testId="0f337a75-1a2d-d9c3-6c5f-23ed2604b69d" executionId="2fbd147f-138f-480d-a5b8-20d445010c9c" testListId="8c84fa94-04c1-424b-9868-57a2d4851a1d" />
    <TestEntry testId="0f33848d-a900-d644-7498-2526887b5425" executionId="5ed3fbbd-6f9c-469a-a61a-13a2bd61be51" testListId="8c84fa94-04c1-424b-9868-57a2d4851a1d" />
    <TestEntry testId="15fe5bf6-5078-81a8-0356-385549390bb7" executionId="8fac471d-e190-41d2-97b6-cc8930bd4565" testListId="8c84fa94-04c1-424b-9868-57a2d4851a1d" />
    <TestEntry testId="1b04a6d6-5350-792c-8eba-a46a0eb28949" executionId="1d5fba37-0668-4402-82f7-1d3db544500a" testListId="8c84fa94-04c1-424b-9868-57a2d4851a1d" />
    <TestEntry testId="1d63c318-78a9-9011-f5c0-0b01884a2881" executionId="aa6dd2a3-c5e9-4775-ba1b-a9d0b78334c5" testListId="8c84fa94-04c1-424b-9868-57a2d4851a1d" />
    <TestEntry testId="227f20ae-8e76-eb71-39b2-4ada3ce6aba8" executionId="0f343bf5-1265-49ff-8232-6a5739cbac49" testListId="8c84fa94-04c1-424b-9868-57a2d4851a1d" />
    <TestEntry testId="30ab3285-6a8c-14d2-9725-bd60892ccd90" executionId="4b40392e-c2ca-401e-9200-46c3ac189a2c" testListId="8c84fa94-04c1-424b-9868-57a2d4851a1d" />
    <TestEntry testId="32b5d279-0d23-e5ad-0301-234c8788f740" executionId="21743e8d-018e-40aa-93f3-f4a0098271b5" testListId="8c84fa94-04c1-424b-9868-57a2d4851a1d" />
    <TestEntry testId="39dcb97e-c73f-c645-a77c-64d9eba0a3a3" executionId="dacda2b2-5ae9-4914-adda-89ee371d1232" testListId="8c84fa94-04c1-424b-9868-57a2d4851a1d" />
    <TestEntry testId="4e91a3b9-9eae-ebff-0b97-303f00578a78" executionId="10be798d-4ef4-4f69-b1b0-f32ad988929b" testListId="8c84fa94-04c1-424b-9868-57a2d4851a1d" />
    <TestEntry testId="533e7939-123c-ce84-5c5c-d5a21d1d95b9" executionId="b994a75e-8f41-46c3-974d-6c5fa76f6a8b" testListId="8c84fa94-04c1-424b-9868-57a2d4851a1d" />
    <TestEntry testId="642ce34f-0ed4-f995-637b-09297c832f2a" executionId="aaed353f-8565-48f0-b944-156eac33c8c6" testListId="8c84fa94-04c1-424b-9868-57a2d4851a1d" />
    <TestEntry testId="783915fe-114a-e353-78dd-56e92a60f942" executionId="a855549f-f369-4544-84ef-ec54f8297e0e" testListId="8c84fa94-04c1-424b-9868-57a2d4851a1d" />
    <TestEntry testId="7f7910d1-dc89-39b4-b4cf-d9e6d7af9420" executionId="9d76afee-e1c6-42e8-99f7-9e543a67df49" testListId="8c84fa94-04c1-424b-9868-57a2d4851a1d" />
    <TestEntry testId="83c68223-dcaa-51dd-423f-434210a59f77" executionId="a0f7eb9b-2706-45a6-8e80-312bf65c745c" testListId="8c84fa94-04c1-424b-9868-57a2d4851a1d" />
    <TestEntry testId="8fe5ccb3-a3f4-0f61-ad21-e94ef029e900" executionId="d55cac20-69a2-485e-acbd-c6b7ee255395" testListId="8c84fa94-04c1-424b-9868-57a2d4851a1d" />
    <TestEntry testId="921e6ab0-d7c2-6005-e523-6fd2d5e1a723" executionId="ab38bd24-1bac-46b8-872a-d89ed89ed91e" testListId="8c84fa94-04c1-424b-9868-57a2d4851a1d" />
    <TestEntry testId="9319d01e-de3e-d310-c76e-cae8dce4c924" executionId="792b5d1c-df34-4b9a-aeeb-3085656dada5" testListId="8c84fa94-04c1-424b-9868-57a2d4851a1d" />
    <TestEntry testId="97a1371f-e8e6-db3e-323e-49ffeef32df1" executionId="449b314d-4c39-4c45-a769-a3faadf144d8" testListId="8c84fa94-04c1-424b-9868-57a2d4851a1d" />
    <TestEntry testId="b9261b51-b0a2-10e2-9308-22bb2624de8b" executionId="bc3eaa4a-2763-4dab-a2e6-a025f00ed897" testListId="8c84fa94-04c1-424b-9868-57a2d4851a1d" />
    <TestEntry testId="bdfe92b2-f4ac-73a5-f13d-5c1ea13721b4" executionId="13430afe-e241-4dfa-a8ba-0a1ddfdd0e29" testListId="8c84fa94-04c1-424b-9868-57a2d4851a1d" />
    <TestEntry testId="c79146bc-2376-961a-5de9-441b5dfc7188" executionId="51c4fc2a-5bdb-4dac-a76e-da11590b36b3" testListId="8c84fa94-04c1-424b-9868-57a2d4851a1d" />
    <TestEntry testId="d03eb628-bf1f-c27d-aeef-e708d613d686" executionId="e3fa3329-29f2-4c28-8b93-3ce055740944" testListId="8c84fa94-04c1-424b-9868-57a2d4851a1d" />
    <TestEntry testId="d766a059-d96c-7b47-e6a6-34931760df96" executionId="e75275e4-75ea-4ff3-b0ad-20d8f546df91" testListId="8c84fa94-04c1-424b-9868-57a2d4851a1d" />
    <TestEntry testId="fe3e63ab-391c-e168-48d0-431b85a7b898" executionId="ecfce502-f7d4-438e-8451-58fb050baa46" testListId="8c84fa94-04c1-424b-9868-57a2d4851a1d" />
  </TestEntries>
  <Results>
    <UnitTestResult executionId="bb7845a2-2ab9-4648-948e-ba8e9e0b107d" testId="0bc2f98c-98f5-f190-c78c-c00d94c547a1" testName="third_person_tenses_active" computerName="ARPAN-LAP" duration="00:00:05.5483993" startTime="2014-06-29T11:55:00.4808712+05:30" endTime="2014-06-29T11:55:06.3962095+05:30" testType="13cdc9d9-ddb5-4fa4-a97d-d965ccfc6d4b" outcome="Passed" testListId="8c84fa94-04c1-424b-9868-57a2d4851a1d" relativeResultsDirectory="bb7845a2-2ab9-4648-948e-ba8e9e0b107d" resultType="DataDrivenTest">
      <Counters error="0" failed="0" timeout="0" aborted="0" inconclusive="0" passedButRunAborted="0" notRunnable="0" notExecuted="0" disconnected="0" warning="0" passed="10" completed="0" inProgress="0" pending="0" />
      <InnerResults>
        <UnitTestResult executionId="11df4d0c-80a0-4f35-bef3-9da6cb009a20" parentExecutionId="bb7845a2-2ab9-4648-948e-ba8e9e0b107d" testId="0bc2f98c-98f5-f190-c78c-c00d94c547a1" testName="third_person_tenses_active" computerName="ARPAN-LAP" duration="00:00:05.2843090" startTime="2014-06-29T11:55:00.8558926+05:30" endTime="2014-06-29T11:55:06.1471952+05:30" testType="13cdc9d9-ddb5-4fa4-a97d-d965ccfc6d4b" outcome="Passed" testListId="8c84fa94-04c1-424b-9868-57a2d4851a1d" relativeResultsDirectory="bb7845a2-2ab9-4648-948e-ba8e9e0b107d" dataRowInfo="0" resultType="DataDrivenDataRow" />
        <UnitTestResult executionId="ca1f1b80-dc77-4abd-9d66-bb71cba300cd" parentExecutionId="bb7845a2-2ab9-4648-948e-ba8e9e0b107d" testId="0bc2f98c-98f5-f190-c78c-c00d94c547a1" testName="third_person_tenses_active" computerName="ARPAN-LAP" duration="00:00:00.0242300" startTime="2014-06-29T11:55:06.1471952+05:30" endTime="2014-06-29T11:55:06.1711966+05:30" testType="13cdc9d9-ddb5-4fa4-a97d-d965ccfc6d4b" outcome="Passed" testListId="8c84fa94-04c1-424b-9868-57a2d4851a1d" relativeResultsDirectory="bb7845a2-2ab9-4648-948e-ba8e9e0b107d" dataRowInfo="1" resultType="DataDrivenDataRow" />
        <UnitTestResult executionId="5b58a0c5-9946-430c-948d-d13f09fd2a0f" parentExecutionId="bb7845a2-2ab9-4648-948e-ba8e9e0b107d" testId="0bc2f98c-98f5-f190-c78c-c00d94c547a1" testName="third_person_tenses_active" computerName="ARPAN-LAP" duration="00:00:00.0219850" startTime="2014-06-29T11:55:06.1711966+05:30" endTime="2014-06-29T11:55:06.1931979+05:30" testType="13cdc9d9-ddb5-4fa4-a97d-d965ccfc6d4b" outcome="Passed" testListId="8c84fa94-04c1-424b-9868-57a2d4851a1d" relativeResultsDirectory="bb7845a2-2ab9-4648-948e-ba8e9e0b107d" dataRowInfo="2" resultType="DataDrivenDataRow" />
        <UnitTestResult executionId="a4220783-59e9-4e4a-921a-98dd85f2fdde" parentExecutionId="bb7845a2-2ab9-4648-948e-ba8e9e0b107d" testId="0bc2f98c-98f5-f190-c78c-c00d94c547a1" testName="third_person_tenses_active" computerName="ARPAN-LAP" duration="00:00:00.0262734" startTime="2014-06-29T11:55:06.1931979+05:30" endTime="2014-06-29T11:55:06.2191994+05:30" testType="13cdc9d9-ddb5-4fa4-a97d-d965ccfc6d4b" outcome="Passed" testListId="8c84fa94-04c1-424b-9868-57a2d4851a1d" relativeResultsDirectory="bb7845a2-2ab9-4648-948e-ba8e9e0b107d" dataRowInfo="3" resultType="DataDrivenDataRow" />
        <UnitTestResult executionId="ff0a5105-4862-4dda-89d0-74da81642fb0" parentExecutionId="bb7845a2-2ab9-4648-948e-ba8e9e0b107d" testId="0bc2f98c-98f5-f190-c78c-c00d94c547a1" testName="third_person_tenses_active" computerName="ARPAN-LAP" duration="00:00:00.0171325" startTime="2014-06-29T11:55:06.2191994+05:30" endTime="2014-06-29T11:55:06.2372004+05:30" testType="13cdc9d9-ddb5-4fa4-a97d-d965ccfc6d4b" outcome="Passed" testListId="8c84fa94-04c1-424b-9868-57a2d4851a1d" relativeResultsDirectory="bb7845a2-2ab9-4648-948e-ba8e9e0b107d" dataRowInfo="4" resultType="DataDrivenDataRow" />
        <UnitTestResult executionId="9016792f-8853-4e35-8880-610de3dd185e" parentExecutionId="bb7845a2-2ab9-4648-948e-ba8e9e0b107d" testId="0bc2f98c-98f5-f190-c78c-c00d94c547a1" testName="third_person_tenses_active" computerName="ARPAN-LAP" duration="00:00:00.0206689" startTime="2014-06-29T11:55:06.2372004+05:30" endTime="2014-06-29T11:55:06.2572015+05:30" testType="13cdc9d9-ddb5-4fa4-a97d-d965ccfc6d4b" outcome="Passed" testListId="8c84fa94-04c1-424b-9868-57a2d4851a1d" relativeResultsDirectory="bb7845a2-2ab9-4648-948e-ba8e9e0b107d" dataRowInfo="5" resultType="DataDrivenDataRow" />
        <UnitTestResult executionId="1277d4d1-6ebe-45ac-a97f-73824549fa65" parentExecutionId="bb7845a2-2ab9-4648-948e-ba8e9e0b107d" testId="0bc2f98c-98f5-f190-c78c-c00d94c547a1" testName="third_person_tenses_active" computerName="ARPAN-LAP" duration="00:00:00.0185650" startTime="2014-06-29T11:55:06.2572015+05:30" endTime="2014-06-29T11:55:06.2762026+05:30" testType="13cdc9d9-ddb5-4fa4-a97d-d965ccfc6d4b" outcome="Passed" testListId="8c84fa94-04c1-424b-9868-57a2d4851a1d" relativeResultsDirectory="bb7845a2-2ab9-4648-948e-ba8e9e0b107d" dataRowInfo="6" resultType="DataDrivenDataRow" />
        <UnitTestResult executionId="b03d009b-03bf-4271-8205-5233ae702296" parentExecutionId="bb7845a2-2ab9-4648-948e-ba8e9e0b107d" testId="0bc2f98c-98f5-f190-c78c-c00d94c547a1" testName="third_person_tenses_active" computerName="ARPAN-LAP" duration="00:00:00.0276577" startTime="2014-06-29T11:55:06.2762026+05:30" endTime="2014-06-29T11:55:06.3042042+05:30" testType="13cdc9d9-ddb5-4fa4-a97d-d965ccfc6d4b" outcome="Passed" testListId="8c84fa94-04c1-424b-9868-57a2d4851a1d" relativeResultsDirectory="bb7845a2-2ab9-4648-948e-ba8e9e0b107d" dataRowInfo="7" resultType="DataDrivenDataRow" />
        <UnitTestResult executionId="abdca3c7-f8dc-4f0c-b71c-6ba80a00420d" parentExecutionId="bb7845a2-2ab9-4648-948e-ba8e9e0b107d" testId="0bc2f98c-98f5-f190-c78c-c00d94c547a1" testName="third_person_tenses_active" computerName="ARPAN-LAP" duration="00:00:00.0222272" startTime="2014-06-29T11:55:06.3042042+05:30" endTime="2014-06-29T11:55:06.3262055+05:30" testType="13cdc9d9-ddb5-4fa4-a97d-d965ccfc6d4b" outcome="Passed" testListId="8c84fa94-04c1-424b-9868-57a2d4851a1d" relativeResultsDirectory="bb7845a2-2ab9-4648-948e-ba8e9e0b107d" dataRowInfo="8" resultType="DataDrivenDataRow" />
        <UnitTestResult executionId="e01ff84c-2a7d-401c-93c1-2c2fd5630504" parentExecutionId="bb7845a2-2ab9-4648-948e-ba8e9e0b107d" testId="0bc2f98c-98f5-f190-c78c-c00d94c547a1" testName="third_person_tenses_active" computerName="ARPAN-LAP" duration="00:00:00.0259351" startTime="2014-06-29T11:55:06.3262055+05:30" endTime="2014-06-29T11:55:06.3522070+05:30" testType="13cdc9d9-ddb5-4fa4-a97d-d965ccfc6d4b" outcome="Passed" testListId="8c84fa94-04c1-424b-9868-57a2d4851a1d" relativeResultsDirectory="bb7845a2-2ab9-4648-948e-ba8e9e0b107d" dataRowInfo="9" resultType="DataDrivenDataRow" />
      </InnerResults>
    </UnitTestResult>
    <UnitTestResult executionId="2fbd147f-138f-480d-a5b8-20d445010c9c" testId="0f337a75-1a2d-d9c3-6c5f-23ed2604b69d" testName="prepositions_made_with_two_words" computerName="ARPAN-LAP" duration="00:00:00.1785517" startTime="2014-06-29T11:55:06.4062101+05:30" endTime="2014-06-29T11:55:06.6062215+05:30" testType="13cdc9d9-ddb5-4fa4-a97d-d965ccfc6d4b" outcome="Passed" testListId="8c84fa94-04c1-424b-9868-57a2d4851a1d" relativeResultsDirectory="2fbd147f-138f-480d-a5b8-20d445010c9c" resultType="DataDrivenTest">
      <Counters error="0" failed="0" timeout="0" aborted="0" inconclusive="0" passedButRunAborted="0" notRunnable="0" notExecuted="0" disconnected="0" warning="0" passed="3" completed="0" inProgress="0" pending="0" />
      <InnerResults>
        <UnitTestResult executionId="5f4cae43-5927-4016-ad05-b40dfce007a5" parentExecutionId="2fbd147f-138f-480d-a5b8-20d445010c9c" testId="0f337a75-1a2d-d9c3-6c5f-23ed2604b69d" testName="prepositions_made_with_two_words" computerName="ARPAN-LAP" duration="00:00:00.0383420" startTime="2014-06-29T11:55:06.4332116+05:30" endTime="2014-06-29T11:55:06.4712138+05:30" testType="13cdc9d9-ddb5-4fa4-a97d-d965ccfc6d4b" outcome="Passed" testListId="8c84fa94-04c1-424b-9868-57a2d4851a1d" relativeResultsDirectory="2fbd147f-138f-480d-a5b8-20d445010c9c" dataRowInfo="0" resultType="DataDrivenDataRow" />
        <UnitTestResult executionId="c548e457-b254-4942-bd99-b5183830e56d" parentExecutionId="2fbd147f-138f-480d-a5b8-20d445010c9c" testId="0f337a75-1a2d-d9c3-6c5f-23ed2604b69d" testName="prepositions_made_with_two_words" computerName="ARPAN-LAP" duration="00:00:00.0496950" startTime="2014-06-29T11:55:06.4712138+05:30" endTime="2014-06-29T11:55:06.5212166+05:30" testType="13cdc9d9-ddb5-4fa4-a97d-d965ccfc6d4b" outcome="Passed" testListId="8c84fa94-04c1-424b-9868-57a2d4851a1d" relativeResultsDirectory="2fbd147f-138f-480d-a5b8-20d445010c9c" dataRowInfo="1" resultType="DataDrivenDataRow" />
        <UnitTestResult executionId="a70f6bbf-c661-431d-af73-9a0d67675816" parentExecutionId="2fbd147f-138f-480d-a5b8-20d445010c9c" testId="0f337a75-1a2d-d9c3-6c5f-23ed2604b69d" testName="prepositions_made_with_two_words" computerName="ARPAN-LAP" duration="00:00:00.0729966" startTime="2014-06-29T11:55:06.5212166+05:30" endTime="2014-06-29T11:55:06.5942208+05:30" testType="13cdc9d9-ddb5-4fa4-a97d-d965ccfc6d4b" outcome="Passed" testListId="8c84fa94-04c1-424b-9868-57a2d4851a1d" relativeResultsDirectory="2fbd147f-138f-480d-a5b8-20d445010c9c" dataRowInfo="2" resultType="DataDrivenDataRow" />
      </InnerResults>
    </UnitTestResult>
    <UnitTestResult executionId="5ed3fbbd-6f9c-469a-a61a-13a2bd61be51" testId="0f33848d-a900-d644-7498-2526887b5425" testName="prepositions_made_with_three_words" computerName="ARPAN-LAP" duration="00:00:00.2673028" startTime="2014-06-29T11:55:06.6122218+05:30" endTime="2014-06-29T11:55:06.9002383+05:30" testType="13cdc9d9-ddb5-4fa4-a97d-d965ccfc6d4b" outcome="Passed" testListId="8c84fa94-04c1-424b-9868-57a2d4851a1d" relativeResultsDirectory="5ed3fbbd-6f9c-469a-a61a-13a2bd61be51" resultType="DataDrivenTest">
      <Counters error="0" failed="0" timeout="0" aborted="0" inconclusive="0" passedButRunAborted="0" notRunnable="0" notExecuted="0" disconnected="0" warning="0" passed="4" completed="0" inProgress="0" pending="0" />
      <InnerResults>
        <UnitTestResult executionId="fe0441b9-089b-43da-9e40-050e3d85df9a" parentExecutionId="5ed3fbbd-6f9c-469a-a61a-13a2bd61be51" testId="0f33848d-a900-d644-7498-2526887b5425" testName="prepositions_made_with_three_words" computerName="ARPAN-LAP" duration="00:00:00.0670396" startTime="2014-06-29T11:55:06.6582245+05:30" endTime="2014-06-29T11:55:06.7252283+05:30" testType="13cdc9d9-ddb5-4fa4-a97d-d965ccfc6d4b" outcome="Passed" testListId="8c84fa94-04c1-424b-9868-57a2d4851a1d" relativeResultsDirectory="5ed3fbbd-6f9c-469a-a61a-13a2bd61be51" dataRowInfo="0" resultType="DataDrivenDataRow" />
        <UnitTestResult executionId="e27644a2-23a7-4bd8-989b-83adad922fa9" parentExecutionId="5ed3fbbd-6f9c-469a-a61a-13a2bd61be51" testId="0f33848d-a900-d644-7498-2526887b5425" testName="prepositions_made_with_three_words" computerName="ARPAN-LAP" duration="00:00:00.0560771" startTime="2014-06-29T11:55:06.7252283+05:30" endTime="2014-06-29T11:55:06.7812315+05:30" testType="13cdc9d9-ddb5-4fa4-a97d-d965ccfc6d4b" outcome="Passed" testListId="8c84fa94-04c1-424b-9868-57a2d4851a1d" relativeResultsDirectory="5ed3fbbd-6f9c-469a-a61a-13a2bd61be51" dataRowInfo="1" resultType="DataDrivenDataRow" />
        <UnitTestResult executionId="5376fd59-a4c4-4664-8d45-f64fed275dfc" parentExecutionId="5ed3fbbd-6f9c-469a-a61a-13a2bd61be51" testId="0f33848d-a900-d644-7498-2526887b5425" testName="prepositions_made_with_three_words" computerName="ARPAN-LAP" duration="00:00:00.0514284" startTime="2014-06-29T11:55:06.7812315+05:30" endTime="2014-06-29T11:55:06.8332345+05:30" testType="13cdc9d9-ddb5-4fa4-a97d-d965ccfc6d4b" outcome="Passed" testListId="8c84fa94-04c1-424b-9868-57a2d4851a1d" relativeResultsDirectory="5ed3fbbd-6f9c-469a-a61a-13a2bd61be51" dataRowInfo="2" resultType="DataDrivenDataRow" />
        <UnitTestResult executionId="b4917257-1c95-4aa5-8291-6e7423b6f50a" parentExecutionId="5ed3fbbd-6f9c-469a-a61a-13a2bd61be51" testId="0f33848d-a900-d644-7498-2526887b5425" testName="prepositions_made_with_three_words" computerName="ARPAN-LAP" duration="00:00:00.0500959" startTime="2014-06-29T11:55:06.8332345+05:30" endTime="2014-06-29T11:55:06.8832373+05:30" testType="13cdc9d9-ddb5-4fa4-a97d-d965ccfc6d4b" outcome="Passed" testListId="8c84fa94-04c1-424b-9868-57a2d4851a1d" relativeResultsDirectory="5ed3fbbd-6f9c-469a-a61a-13a2bd61be51" dataRowInfo="3" resultType="DataDrivenDataRow" />
      </InnerResults>
    </UnitTestResult>
    <UnitTestResult executionId="8fac471d-e190-41d2-97b6-cc8930bd4565" testId="15fe5bf6-5078-81a8-0356-385549390bb7" testName="first_person_tenses_active_negation" computerName="ARPAN-LAP" duration="00:00:00.3607626" startTime="2014-06-29T11:55:06.9072387+05:30" endTime="2014-06-29T11:55:07.3032614+05:30" testType="13cdc9d9-ddb5-4fa4-a97d-d965ccfc6d4b" outcome="Passed" testListId="8c84fa94-04c1-424b-9868-57a2d4851a1d" relativeResultsDirectory="8fac471d-e190-41d2-97b6-cc8930bd4565" resultType="DataDrivenTest">
      <Counters error="0" failed="0" timeout="0" aborted="0" inconclusive="0" passedButRunAborted="0" notRunnable="0" notExecuted="0" disconnected="0" warning="0" passed="10" completed="0" inProgress="0" pending="0" />
      <InnerResults>
        <UnitTestResult executionId="0a83ea0c-b251-4f38-82c7-6ed6e4dccf90" parentExecutionId="8fac471d-e190-41d2-97b6-cc8930bd4565" testId="15fe5bf6-5078-81a8-0356-385549390bb7" testName="first_person_tenses_active_negation" computerName="ARPAN-LAP" duration="00:00:00.0274031" startTime="2014-06-29T11:55:06.9402406+05:30" endTime="2014-06-29T11:55:06.9682422+05:30" testType="13cdc9d9-ddb5-4fa4-a97d-d965ccfc6d4b" outcome="Passed" testListId="8c84fa94-04c1-424b-9868-57a2d4851a1d" relativeResultsDirectory="8fac471d-e190-41d2-97b6-cc8930bd4565" dataRowInfo="0" resultType="DataDrivenDataRow" />
        <UnitTestResult executionId="57a5ac4b-443b-40a6-af4b-510f4df583f2" parentExecutionId="8fac471d-e190-41d2-97b6-cc8930bd4565" testId="15fe5bf6-5078-81a8-0356-385549390bb7" testName="first_person_tenses_active_negation" computerName="ARPAN-LAP" duration="00:00:00.0290045" startTime="2014-06-29T11:55:06.9682422+05:30" endTime="2014-06-29T11:55:06.9972439+05:30" testType="13cdc9d9-ddb5-4fa4-a97d-d965ccfc6d4b" outcome="Passed" testListId="8c84fa94-04c1-424b-9868-57a2d4851a1d" relativeResultsDirectory="8fac471d-e190-41d2-97b6-cc8930bd4565" dataRowInfo="1" resultType="DataDrivenDataRow" />
        <UnitTestResult executionId="74c9a37a-149a-4d87-9313-106902c7dc0c" parentExecutionId="8fac471d-e190-41d2-97b6-cc8930bd4565" testId="15fe5bf6-5078-81a8-0356-385549390bb7" testName="first_person_tenses_active_negation" computerName="ARPAN-LAP" duration="00:00:00.0326149" startTime="2014-06-29T11:55:06.9972439+05:30" endTime="2014-06-29T11:55:07.0292457+05:30" testType="13cdc9d9-ddb5-4fa4-a97d-d965ccfc6d4b" outcome="Passed" testListId="8c84fa94-04c1-424b-9868-57a2d4851a1d" relativeResultsDirectory="8fac471d-e190-41d2-97b6-cc8930bd4565" dataRowInfo="2" resultType="DataDrivenDataRow" />
        <UnitTestResult executionId="c3651305-405b-4156-8f07-416bc43e9f1e" parentExecutionId="8fac471d-e190-41d2-97b6-cc8930bd4565" testId="15fe5bf6-5078-81a8-0356-385549390bb7" testName="first_person_tenses_active_negation" computerName="ARPAN-LAP" duration="00:00:00.0331117" startTime="2014-06-29T11:55:07.0292457+05:30" endTime="2014-06-29T11:55:07.0632476+05:30" testType="13cdc9d9-ddb5-4fa4-a97d-d965ccfc6d4b" outcome="Passed" testListId="8c84fa94-04c1-424b-9868-57a2d4851a1d" relativeResultsDirectory="8fac471d-e190-41d2-97b6-cc8930bd4565" dataRowInfo="3" resultType="DataDrivenDataRow" />
        <UnitTestResult executionId="5e801904-bb4d-4d73-84ac-e09c5d386f9a" parentExecutionId="8fac471d-e190-41d2-97b6-cc8930bd4565" testId="15fe5bf6-5078-81a8-0356-385549390bb7" testName="first_person_tenses_active_negation" computerName="ARPAN-LAP" duration="00:00:00.0274375" startTime="2014-06-29T11:55:07.0632476+05:30" endTime="2014-06-29T11:55:07.0902492+05:30" testType="13cdc9d9-ddb5-4fa4-a97d-d965ccfc6d4b" outcome="Passed" testListId="8c84fa94-04c1-424b-9868-57a2d4851a1d" relativeResultsDirectory="8fac471d-e190-41d2-97b6-cc8930bd4565" dataRowInfo="4" resultType="DataDrivenDataRow" />
        <UnitTestResult executionId="82d7b77c-3b01-4aea-aeff-80f026d54229" parentExecutionId="8fac471d-e190-41d2-97b6-cc8930bd4565" testId="15fe5bf6-5078-81a8-0356-385549390bb7" testName="first_person_tenses_active_negation" computerName="ARPAN-LAP" duration="00:00:00.0264407" startTime="2014-06-29T11:55:07.0902492+05:30" endTime="2014-06-29T11:55:07.1172507+05:30" testType="13cdc9d9-ddb5-4fa4-a97d-d965ccfc6d4b" outcome="Passed" testListId="8c84fa94-04c1-424b-9868-57a2d4851a1d" relativeResultsDirectory="8fac471d-e190-41d2-97b6-cc8930bd4565" dataRowInfo="5" resultType="DataDrivenDataRow" />
        <UnitTestResult executionId="88751c74-55d0-414f-a83d-8abaa61d5f54" parentExecutionId="8fac471d-e190-41d2-97b6-cc8930bd4565" testId="15fe5bf6-5078-81a8-0356-385549390bb7" testName="first_person_tenses_active_negation" computerName="ARPAN-LAP" duration="00:00:00.0315975" startTime="2014-06-29T11:55:07.1172507+05:30" endTime="2014-06-29T11:55:07.1482525+05:30" testType="13cdc9d9-ddb5-4fa4-a97d-d965ccfc6d4b" outcome="Passed" testListId="8c84fa94-04c1-424b-9868-57a2d4851a1d" relativeResultsDirectory="8fac471d-e190-41d2-97b6-cc8930bd4565" dataRowInfo="6" resultType="DataDrivenDataRow" />
        <UnitTestResult executionId="16128c75-bf6a-4baa-b85b-8f6a88aedf71" parentExecutionId="8fac471d-e190-41d2-97b6-cc8930bd4565" testId="15fe5bf6-5078-81a8-0356-385549390bb7" testName="first_person_tenses_active_negation" computerName="ARPAN-LAP" duration="00:00:00.0565508" startTime="2014-06-29T11:55:07.1482525+05:30" endTime="2014-06-29T11:55:07.2052558+05:30" testType="13cdc9d9-ddb5-4fa4-a97d-d965ccfc6d4b" outcome="Passed" testListId="8c84fa94-04c1-424b-9868-57a2d4851a1d" relativeResultsDirectory="8fac471d-e190-41d2-97b6-cc8930bd4565" dataRowInfo="7" resultType="DataDrivenDataRow" />
        <UnitTestResult executionId="9d282e66-da33-4ab0-a5cb-902a58892985" parentExecutionId="8fac471d-e190-41d2-97b6-cc8930bd4565" testId="15fe5bf6-5078-81a8-0356-385549390bb7" testName="first_person_tenses_active_negation" computerName="ARPAN-LAP" duration="00:00:00.0347567" startTime="2014-06-29T11:55:07.2052558+05:30" endTime="2014-06-29T11:55:07.2402578+05:30" testType="13cdc9d9-ddb5-4fa4-a97d-d965ccfc6d4b" outcome="Passed" testListId="8c84fa94-04c1-424b-9868-57a2d4851a1d" relativeResultsDirectory="8fac471d-e190-41d2-97b6-cc8930bd4565" dataRowInfo="8" resultType="DataDrivenDataRow" />
        <UnitTestResult executionId="3297c391-5996-4208-8553-1a0d94f11dd1" parentExecutionId="8fac471d-e190-41d2-97b6-cc8930bd4565" testId="15fe5bf6-5078-81a8-0356-385549390bb7" testName="first_person_tenses_active_negation" computerName="ARPAN-LAP" duration="00:00:00.0320472" startTime="2014-06-29T11:55:07.2402578+05:30" endTime="2014-06-29T11:55:07.2722596+05:30" testType="13cdc9d9-ddb5-4fa4-a97d-d965ccfc6d4b" outcome="Passed" testListId="8c84fa94-04c1-424b-9868-57a2d4851a1d" relativeResultsDirectory="8fac471d-e190-41d2-97b6-cc8930bd4565" dataRowInfo="9" resultType="DataDrivenDataRow" />
      </InnerResults>
    </UnitTestResult>
    <UnitTestResult executionId="1d5fba37-0668-4402-82f7-1d3db544500a" testId="1b04a6d6-5350-792c-8eba-a46a0eb28949" testName="interrogative_sentences_why" computerName="ARPAN-LAP" duration="00:00:00.1781775" startTime="2014-06-29T11:55:07.3132619+05:30" endTime="2014-06-29T11:55:07.5112733+05:30" testType="13cdc9d9-ddb5-4fa4-a97d-d965ccfc6d4b" outcome="Failed" testListId="8c84fa94-04c1-424b-9868-57a2d4851a1d" relativeResultsDirectory="1d5fba37-0668-4402-82f7-1d3db544500a" resultType="DataDrivenTest">
      <Counters error="0" failed="1" timeout="0" aborted="0" inconclusive="0" passedButRunAborted="0" notRunnable="0" notExecuted="0" disconnected="0" warning="0" passed="2" completed="0" inProgress="0" pending="0" />
      <InnerResults>
        <UnitTestResult executionId="bf2be53b-4101-4199-b067-a309ba0c942a" parentExecutionId="1d5fba37-0668-4402-82f7-1d3db544500a" testId="1b04a6d6-5350-792c-8eba-a46a0eb28949" testName="interrogative_sentences_why" computerName="ARPAN-LAP" duration="00:00:00.0614362" startTime="2014-06-29T11:55:07.3682651+05:30" endTime="2014-06-29T11:55:07.4292686+05:30" testType="13cdc9d9-ddb5-4fa4-a97d-d965ccfc6d4b" outcome="Failed" testListId="8c84fa94-04c1-424b-9868-57a2d4851a1d" relativeResultsDirectory="1d5fba37-0668-4402-82f7-1d3db544500a" dataRowInfo="0" resultType="DataDrivenDataRow">
          <Output>
            <ErrorInfo>
              <Message>Assert.AreEqual failed. Expected:&lt;কেন আপনি দেরিতে আজ ?&gt;. Actual:&lt;আপনি দেরিতে আজ কেন ?&gt;. Why are you late today?</Message>
              <StackTrace>   at UnitTest.BnlpTest.interrogative_sentences_why() in D:\software\Project\BNLP\UnitTest\BnlpTest.cs:line 382
</StackTrace>
            </ErrorInfo>
          </Output>
        </UnitTestResult>
        <UnitTestResult executionId="0f43cdb7-2a50-41f5-a619-4e7af20b3dde" parentExecutionId="1d5fba37-0668-4402-82f7-1d3db544500a" testId="1b04a6d6-5350-792c-8eba-a46a0eb28949" testName="interrogative_sentences_why" computerName="ARPAN-LAP" duration="00:00:00.0387038" startTime="2014-06-29T11:55:07.4292686+05:30" endTime="2014-06-29T11:55:07.4682708+05:30" testType="13cdc9d9-ddb5-4fa4-a97d-d965ccfc6d4b" outcome="Passed" testListId="8c84fa94-04c1-424b-9868-57a2d4851a1d" relativeResultsDirectory="1d5fba37-0668-4402-82f7-1d3db544500a" dataRowInfo="1" resultType="DataDrivenDataRow" />
        <UnitTestResult executionId="67a26136-1061-4ae4-8d54-d1d213011025" parentExecutionId="1d5fba37-0668-4402-82f7-1d3db544500a" testId="1b04a6d6-5350-792c-8eba-a46a0eb28949" testName="interrogative_sentences_why" computerName="ARPAN-LAP" duration="00:00:00.0309416" startTime="2014-06-29T11:55:07.4682708+05:30" endTime="2014-06-29T11:55:07.4992726+05:30" testType="13cdc9d9-ddb5-4fa4-a97d-d965ccfc6d4b" outcome="Passed" testListId="8c84fa94-04c1-424b-9868-57a2d4851a1d" relativeResultsDirectory="1d5fba37-0668-4402-82f7-1d3db544500a" dataRowInfo="2" resultType="DataDrivenDataRow" />
      </InnerResults>
    </UnitTestResult>
    <UnitTestResult executionId="aa6dd2a3-c5e9-4775-ba1b-a9d0b78334c5" testId="1d63c318-78a9-9011-f5c0-0b01884a2881" testName="interrogative_sentences_do" computerName="ARPAN-LAP" duration="00:00:00.3258898" startTime="2014-06-29T11:55:07.5302744+05:30" endTime="2014-06-29T11:55:07.8882948+05:30" testType="13cdc9d9-ddb5-4fa4-a97d-d965ccfc6d4b" outcome="Passed" testListId="8c84fa94-04c1-424b-9868-57a2d4851a1d" relativeResultsDirectory="aa6dd2a3-c5e9-4775-ba1b-a9d0b78334c5" resultType="DataDrivenTest">
      <Counters error="0" failed="0" timeout="0" aborted="0" inconclusive="0" passedButRunAborted="0" notRunnable="0" notExecuted="0" disconnected="0" warning="0" passed="9" completed="0" inProgress="0" pending="0" />
      <InnerResults>
        <UnitTestResult executionId="9eaeeaa1-4178-4aa3-a157-b96079802f72" parentExecutionId="aa6dd2a3-c5e9-4775-ba1b-a9d0b78334c5" testId="1d63c318-78a9-9011-f5c0-0b01884a2881" testName="interrogative_sentences_do" computerName="ARPAN-LAP" duration="00:00:00.0339566" startTime="2014-06-29T11:55:07.5542757+05:30" endTime="2014-06-29T11:55:07.5882777+05:30" testType="13cdc9d9-ddb5-4fa4-a97d-d965ccfc6d4b" outcome="Passed" testListId="8c84fa94-04c1-424b-9868-57a2d4851a1d" relativeResultsDirectory="aa6dd2a3-c5e9-4775-ba1b-a9d0b78334c5" dataRowInfo="0" resultType="DataDrivenDataRow" />
        <UnitTestResult executionId="d3b291df-2e2f-4c10-adb1-400b6edcaaa3" parentExecutionId="aa6dd2a3-c5e9-4775-ba1b-a9d0b78334c5" testId="1d63c318-78a9-9011-f5c0-0b01884a2881" testName="interrogative_sentences_do" computerName="ARPAN-LAP" duration="00:00:00.0436076" startTime="2014-06-29T11:55:07.5882777+05:30" endTime="2014-06-29T11:55:07.6312801+05:30" testType="13cdc9d9-ddb5-4fa4-a97d-d965ccfc6d4b" outcome="Passed" testListId="8c84fa94-04c1-424b-9868-57a2d4851a1d" relativeResultsDirectory="aa6dd2a3-c5e9-4775-ba1b-a9d0b78334c5" dataRowInfo="1" resultType="DataDrivenDataRow" />
        <UnitTestResult executionId="b5830fb2-f4c7-4244-aafa-38432c7f4039" parentExecutionId="aa6dd2a3-c5e9-4775-ba1b-a9d0b78334c5" testId="1d63c318-78a9-9011-f5c0-0b01884a2881" testName="interrogative_sentences_do" computerName="ARPAN-LAP" duration="00:00:00.0404094" startTime="2014-06-29T11:55:07.6312801+05:30" endTime="2014-06-29T11:55:07.6722825+05:30" testType="13cdc9d9-ddb5-4fa4-a97d-d965ccfc6d4b" outcome="Passed" testListId="8c84fa94-04c1-424b-9868-57a2d4851a1d" relativeResultsDirectory="aa6dd2a3-c5e9-4775-ba1b-a9d0b78334c5" dataRowInfo="2" resultType="DataDrivenDataRow" />
        <UnitTestResult executionId="19110093-eed8-4c2e-92d4-94dee8396f85" parentExecutionId="aa6dd2a3-c5e9-4775-ba1b-a9d0b78334c5" testId="1d63c318-78a9-9011-f5c0-0b01884a2881" testName="interrogative_sentences_do" computerName="ARPAN-LAP" duration="00:00:00.0394665" startTime="2014-06-29T11:55:07.6722825+05:30" endTime="2014-06-29T11:55:07.7112847+05:30" testType="13cdc9d9-ddb5-4fa4-a97d-d965ccfc6d4b" outcome="Passed" testListId="8c84fa94-04c1-424b-9868-57a2d4851a1d" relativeResultsDirectory="aa6dd2a3-c5e9-4775-ba1b-a9d0b78334c5" dataRowInfo="3" resultType="DataDrivenDataRow" />
        <UnitTestResult executionId="0ec4cc60-3639-40da-aa7b-253ebb558daa" parentExecutionId="aa6dd2a3-c5e9-4775-ba1b-a9d0b78334c5" testId="1d63c318-78a9-9011-f5c0-0b01884a2881" testName="interrogative_sentences_do" computerName="ARPAN-LAP" duration="00:00:00.0252992" startTime="2014-06-29T11:55:07.7112847+05:30" endTime="2014-06-29T11:55:07.7372862+05:30" testType="13cdc9d9-ddb5-4fa4-a97d-d965ccfc6d4b" outcome="Passed" testListId="8c84fa94-04c1-424b-9868-57a2d4851a1d" relativeResultsDirectory="aa6dd2a3-c5e9-4775-ba1b-a9d0b78334c5" dataRowInfo="4" resultType="DataDrivenDataRow" />
        <UnitTestResult executionId="19d2c0e7-af20-4ec8-b853-d0b5d298dcf4" parentExecutionId="aa6dd2a3-c5e9-4775-ba1b-a9d0b78334c5" testId="1d63c318-78a9-9011-f5c0-0b01884a2881" testName="interrogative_sentences_do" computerName="ARPAN-LAP" duration="00:00:00.0324070" startTime="2014-06-29T11:55:07.7372862+05:30" endTime="2014-06-29T11:55:07.7692880+05:30" testType="13cdc9d9-ddb5-4fa4-a97d-d965ccfc6d4b" outcome="Passed" testListId="8c84fa94-04c1-424b-9868-57a2d4851a1d" relativeResultsDirectory="aa6dd2a3-c5e9-4775-ba1b-a9d0b78334c5" dataRowInfo="5" resultType="DataDrivenDataRow" />
        <UnitTestResult executionId="66f28f7e-bb16-4dac-8186-cfd5979e6197" parentExecutionId="aa6dd2a3-c5e9-4775-ba1b-a9d0b78334c5" testId="1d63c318-78a9-9011-f5c0-0b01884a2881" testName="interrogative_sentences_do" computerName="ARPAN-LAP" duration="00:00:00.0306213" startTime="2014-06-29T11:55:07.7692880+05:30" endTime="2014-06-29T11:55:07.8002898+05:30" testType="13cdc9d9-ddb5-4fa4-a97d-d965ccfc6d4b" outcome="Passed" testListId="8c84fa94-04c1-424b-9868-57a2d4851a1d" relativeResultsDirectory="aa6dd2a3-c5e9-4775-ba1b-a9d0b78334c5" dataRowInfo="6" resultType="DataDrivenDataRow" />
        <UnitTestResult executionId="105a986e-f41e-4ce5-83f4-64ee16852a5f" parentExecutionId="aa6dd2a3-c5e9-4775-ba1b-a9d0b78334c5" testId="1d63c318-78a9-9011-f5c0-0b01884a2881" testName="interrogative_sentences_do" computerName="ARPAN-LAP" duration="00:00:00.0292021" startTime="2014-06-29T11:55:07.8002898+05:30" endTime="2014-06-29T11:55:07.8292915+05:30" testType="13cdc9d9-ddb5-4fa4-a97d-d965ccfc6d4b" outcome="Passed" testListId="8c84fa94-04c1-424b-9868-57a2d4851a1d" relativeResultsDirectory="aa6dd2a3-c5e9-4775-ba1b-a9d0b78334c5" dataRowInfo="7" resultType="DataDrivenDataRow" />
        <UnitTestResult executionId="9e6b7e0c-6bfd-4030-96d6-4bcca41c933c" parentExecutionId="aa6dd2a3-c5e9-4775-ba1b-a9d0b78334c5" testId="1d63c318-78a9-9011-f5c0-0b01884a2881" testName="interrogative_sentences_do" computerName="ARPAN-LAP" duration="00:00:00.0299335" startTime="2014-06-29T11:55:07.8292915+05:30" endTime="2014-06-29T11:55:07.8592932+05:30" testType="13cdc9d9-ddb5-4fa4-a97d-d965ccfc6d4b" outcome="Passed" testListId="8c84fa94-04c1-424b-9868-57a2d4851a1d" relativeResultsDirectory="aa6dd2a3-c5e9-4775-ba1b-a9d0b78334c5" dataRowInfo="8" resultType="DataDrivenDataRow" />
      </InnerResults>
    </UnitTestResult>
    <UnitTestResult executionId="0f343bf5-1265-49ff-8232-6a5739cbac49" testId="227f20ae-8e76-eb71-39b2-4ada3ce6aba8" testName="interrogative_sentences_how" computerName="ARPAN-LAP" duration="00:00:00.7810998" startTime="2014-06-29T11:55:07.8972953+05:30" endTime="2014-06-29T11:55:08.7353433+05:30" testType="13cdc9d9-ddb5-4fa4-a97d-d965ccfc6d4b" outcome="Failed" testListId="8c84fa94-04c1-424b-9868-57a2d4851a1d" relativeResultsDirectory="0f343bf5-1265-49ff-8232-6a5739cbac49" resultType="DataDrivenTest">
      <Counters error="0" failed="3" timeout="0" aborted="0" inconclusive="0" passedButRunAborted="0" notRunnable="0" notExecuted="0" disconnected="0" warning="0" passed="15" completed="0" inProgress="0" pending="0" />
      <InnerResults>
        <UnitTestResult executionId="75d963b9-720b-4573-9144-030bbd66fc59" parentExecutionId="0f343bf5-1265-49ff-8232-6a5739cbac49" testId="227f20ae-8e76-eb71-39b2-4ada3ce6aba8" testName="interrogative_sentences_how" computerName="ARPAN-LAP" duration="00:00:00.0348563" startTime="2014-06-29T11:55:08.0353032+05:30" endTime="2014-06-29T11:55:08.0693052+05:30" testType="13cdc9d9-ddb5-4fa4-a97d-d965ccfc6d4b" outcome="Passed" testListId="8c84fa94-04c1-424b-9868-57a2d4851a1d" relativeResultsDirectory="0f343bf5-1265-49ff-8232-6a5739cbac49" dataRowInfo="0" resultType="DataDrivenDataRow" />
        <UnitTestResult executionId="bf37e0b4-a27e-40d9-b29e-8a30ee9572e3" parentExecutionId="0f343bf5-1265-49ff-8232-6a5739cbac49" testId="227f20ae-8e76-eb71-39b2-4ada3ce6aba8" testName="interrogative_sentences_how" computerName="ARPAN-LAP" duration="00:00:00.0234776" startTime="2014-06-29T11:55:08.0693052+05:30" endTime="2014-06-29T11:55:08.0933066+05:30" testType="13cdc9d9-ddb5-4fa4-a97d-d965ccfc6d4b" outcome="Failed" testListId="8c84fa94-04c1-424b-9868-57a2d4851a1d" relativeResultsDirectory="0f343bf5-1265-49ff-8232-6a5739cbac49" dataRowInfo="1" resultType="DataDrivenDataRow">
          <Output>
            <ErrorInfo>
              <Message>Assert.AreEqual failed. Expected:&lt;আপনি কেমন ছিলেন ?&gt;. Actual:&lt;ছিলেন আপনি কেমন ?&gt;. How were you?</Message>
              <StackTrace>   at UnitTest.BnlpTest.interrogative_sentences_how() in D:\software\Project\BNLP\UnitTest\BnlpTest.cs:line 274
</StackTrace>
            </ErrorInfo>
          </Output>
        </UnitTestResult>
        <UnitTestResult executionId="6b256088-67ea-4d6c-a210-e31324ae183e" parentExecutionId="0f343bf5-1265-49ff-8232-6a5739cbac49" testId="227f20ae-8e76-eb71-39b2-4ada3ce6aba8" testName="interrogative_sentences_how" computerName="ARPAN-LAP" duration="00:00:00.0320929" startTime="2014-06-29T11:55:08.0933066+05:30" endTime="2014-06-29T11:55:08.1253084+05:30" testType="13cdc9d9-ddb5-4fa4-a97d-d965ccfc6d4b" outcome="Failed" testListId="8c84fa94-04c1-424b-9868-57a2d4851a1d" relativeResultsDirectory="0f343bf5-1265-49ff-8232-6a5739cbac49" dataRowInfo="2" resultType="DataDrivenDataRow">
          <Output>
            <ErrorInfo>
              <Message>Assert.AreEqual failed. Expected:&lt;এই মেশিন কাজটি কিভাবে করে ?&gt;. Actual:&lt;করে এই মেশিনটি কিভাবে কাজ ?&gt;. How does this machine work?</Message>
              <StackTrace>   at UnitTest.BnlpTest.interrogative_sentences_how() in D:\software\Project\BNLP\UnitTest\BnlpTest.cs:line 274
</StackTrace>
            </ErrorInfo>
          </Output>
        </UnitTestResult>
        <UnitTestResult executionId="c0374c2c-3bc2-4ba0-9cad-12a578411d02" parentExecutionId="0f343bf5-1265-49ff-8232-6a5739cbac49" testId="227f20ae-8e76-eb71-39b2-4ada3ce6aba8" testName="interrogative_sentences_how" computerName="ARPAN-LAP" duration="00:00:00.0583771" startTime="2014-06-29T11:55:08.1253084+05:30" endTime="2014-06-29T11:55:08.1833117+05:30" testType="13cdc9d9-ddb5-4fa4-a97d-d965ccfc6d4b" outcome="Passed" testListId="8c84fa94-04c1-424b-9868-57a2d4851a1d" relativeResultsDirectory="0f343bf5-1265-49ff-8232-6a5739cbac49" dataRowInfo="3" resultType="DataDrivenDataRow" />
        <UnitTestResult executionId="4a465b20-0a4d-4c95-9eae-98270fc0bd47" parentExecutionId="0f343bf5-1265-49ff-8232-6a5739cbac49" testId="227f20ae-8e76-eb71-39b2-4ada3ce6aba8" testName="interrogative_sentences_how" computerName="ARPAN-LAP" duration="00:00:00.0472755" startTime="2014-06-29T11:55:08.1843118+05:30" endTime="2014-06-29T11:55:08.2313145+05:30" testType="13cdc9d9-ddb5-4fa4-a97d-d965ccfc6d4b" outcome="Passed" testListId="8c84fa94-04c1-424b-9868-57a2d4851a1d" relativeResultsDirectory="0f343bf5-1265-49ff-8232-6a5739cbac49" dataRowInfo="4" resultType="DataDrivenDataRow" />
        <UnitTestResult executionId="364db1ca-7726-41c0-bb84-6ff6af76017d" parentExecutionId="0f343bf5-1265-49ff-8232-6a5739cbac49" testId="227f20ae-8e76-eb71-39b2-4ada3ce6aba8" testName="interrogative_sentences_how" computerName="ARPAN-LAP" duration="00:00:00.0265372" startTime="2014-06-29T11:55:08.2313145+05:30" endTime="2014-06-29T11:55:08.2573159+05:30" testType="13cdc9d9-ddb5-4fa4-a97d-d965ccfc6d4b" outcome="Passed" testListId="8c84fa94-04c1-424b-9868-57a2d4851a1d" relativeResultsDirectory="0f343bf5-1265-49ff-8232-6a5739cbac49" dataRowInfo="5" resultType="DataDrivenDataRow" />
        <UnitTestResult executionId="0bcb5d12-266f-4327-ac14-477a46daabdc" parentExecutionId="0f343bf5-1265-49ff-8232-6a5739cbac49" testId="227f20ae-8e76-eb71-39b2-4ada3ce6aba8" testName="interrogative_sentences_how" computerName="ARPAN-LAP" duration="00:00:00.0430215" startTime="2014-06-29T11:55:08.2573159+05:30" endTime="2014-06-29T11:55:08.3003184+05:30" testType="13cdc9d9-ddb5-4fa4-a97d-d965ccfc6d4b" outcome="Passed" testListId="8c84fa94-04c1-424b-9868-57a2d4851a1d" relativeResultsDirectory="0f343bf5-1265-49ff-8232-6a5739cbac49" dataRowInfo="6" resultType="DataDrivenDataRow" />
        <UnitTestResult executionId="0a37e71c-6c7a-4012-9473-2b1d5b31814e" parentExecutionId="0f343bf5-1265-49ff-8232-6a5739cbac49" testId="227f20ae-8e76-eb71-39b2-4ada3ce6aba8" testName="interrogative_sentences_how" computerName="ARPAN-LAP" duration="00:00:00.0292252" startTime="2014-06-29T11:55:08.3003184+05:30" endTime="2014-06-29T11:55:08.3303201+05:30" testType="13cdc9d9-ddb5-4fa4-a97d-d965ccfc6d4b" outcome="Passed" testListId="8c84fa94-04c1-424b-9868-57a2d4851a1d" relativeResultsDirectory="0f343bf5-1265-49ff-8232-6a5739cbac49" dataRowInfo="7" resultType="DataDrivenDataRow" />
        <UnitTestResult executionId="1eb0213a-de22-4c7c-8b36-4b258bbf8b65" parentExecutionId="0f343bf5-1265-49ff-8232-6a5739cbac49" testId="227f20ae-8e76-eb71-39b2-4ada3ce6aba8" testName="interrogative_sentences_how" computerName="ARPAN-LAP" duration="00:00:00.0331697" startTime="2014-06-29T11:55:08.3303201+05:30" endTime="2014-06-29T11:55:08.3633220+05:30" testType="13cdc9d9-ddb5-4fa4-a97d-d965ccfc6d4b" outcome="Passed" testListId="8c84fa94-04c1-424b-9868-57a2d4851a1d" relativeResultsDirectory="0f343bf5-1265-49ff-8232-6a5739cbac49" dataRowInfo="8" resultType="DataDrivenDataRow" />
        <UnitTestResult executionId="05290008-bac8-43e1-b708-09572f6c457f" parentExecutionId="0f343bf5-1265-49ff-8232-6a5739cbac49" testId="227f20ae-8e76-eb71-39b2-4ada3ce6aba8" testName="interrogative_sentences_how" computerName="ARPAN-LAP" duration="00:00:00.0322458" startTime="2014-06-29T11:55:08.3633220+05:30" endTime="2014-06-29T11:55:08.3953238+05:30" testType="13cdc9d9-ddb5-4fa4-a97d-d965ccfc6d4b" outcome="Passed" testListId="8c84fa94-04c1-424b-9868-57a2d4851a1d" relativeResultsDirectory="0f343bf5-1265-49ff-8232-6a5739cbac49" dataRowInfo="9" resultType="DataDrivenDataRow" />
        <UnitTestResult executionId="5324a038-fe93-4931-9552-32547e1a42fe" parentExecutionId="0f343bf5-1265-49ff-8232-6a5739cbac49" testId="227f20ae-8e76-eb71-39b2-4ada3ce6aba8" testName="interrogative_sentences_how" computerName="ARPAN-LAP" duration="00:00:00.0404972" startTime="2014-06-29T11:55:08.3953238+05:30" endTime="2014-06-29T11:55:08.4363262+05:30" testType="13cdc9d9-ddb5-4fa4-a97d-d965ccfc6d4b" outcome="Passed" testListId="8c84fa94-04c1-424b-9868-57a2d4851a1d" relativeResultsDirectory="0f343bf5-1265-49ff-8232-6a5739cbac49" dataRowInfo="10" resultType="DataDrivenDataRow" />
        <UnitTestResult executionId="4b1660fe-a976-43d1-92c5-ef5584d6b516" parentExecutionId="0f343bf5-1265-49ff-8232-6a5739cbac49" testId="227f20ae-8e76-eb71-39b2-4ada3ce6aba8" testName="interrogative_sentences_how" computerName="ARPAN-LAP" duration="00:00:00.0307748" startTime="2014-06-29T11:55:08.4363262+05:30" endTime="2014-06-29T11:55:08.4673279+05:30" testType="13cdc9d9-ddb5-4fa4-a97d-d965ccfc6d4b" outcome="Passed" testListId="8c84fa94-04c1-424b-9868-57a2d4851a1d" relativeResultsDirectory="0f343bf5-1265-49ff-8232-6a5739cbac49" dataRowInfo="11" resultType="DataDrivenDataRow" />
        <UnitTestResult executionId="79964c08-c368-43de-953f-7ecf55e40b01" parentExecutionId="0f343bf5-1265-49ff-8232-6a5739cbac49" testId="227f20ae-8e76-eb71-39b2-4ada3ce6aba8" testName="interrogative_sentences_how" computerName="ARPAN-LAP" duration="00:00:00.0270582" startTime="2014-06-29T11:55:08.4673279+05:30" endTime="2014-06-29T11:55:08.4943295+05:30" testType="13cdc9d9-ddb5-4fa4-a97d-d965ccfc6d4b" outcome="Passed" testListId="8c84fa94-04c1-424b-9868-57a2d4851a1d" relativeResultsDirectory="0f343bf5-1265-49ff-8232-6a5739cbac49" dataRowInfo="12" resultType="DataDrivenDataRow" />
        <UnitTestResult executionId="d7fb341d-2e3c-4d37-b86e-7fd596b3845b" parentExecutionId="0f343bf5-1265-49ff-8232-6a5739cbac49" testId="227f20ae-8e76-eb71-39b2-4ada3ce6aba8" testName="interrogative_sentences_how" computerName="ARPAN-LAP" duration="00:00:00.0356257" startTime="2014-06-29T11:55:08.4943295+05:30" endTime="2014-06-29T11:55:08.5293315+05:30" testType="13cdc9d9-ddb5-4fa4-a97d-d965ccfc6d4b" outcome="Passed" testListId="8c84fa94-04c1-424b-9868-57a2d4851a1d" relativeResultsDirectory="0f343bf5-1265-49ff-8232-6a5739cbac49" dataRowInfo="13" resultType="DataDrivenDataRow" />
        <UnitTestResult executionId="6747760a-3b05-47a2-98a1-e67420faf29f" parentExecutionId="0f343bf5-1265-49ff-8232-6a5739cbac49" testId="227f20ae-8e76-eb71-39b2-4ada3ce6aba8" testName="interrogative_sentences_how" computerName="ARPAN-LAP" duration="00:00:00.0358100" startTime="2014-06-29T11:55:08.5293315+05:30" endTime="2014-06-29T11:55:08.5653336+05:30" testType="13cdc9d9-ddb5-4fa4-a97d-d965ccfc6d4b" outcome="Passed" testListId="8c84fa94-04c1-424b-9868-57a2d4851a1d" relativeResultsDirectory="0f343bf5-1265-49ff-8232-6a5739cbac49" dataRowInfo="14" resultType="DataDrivenDataRow" />
        <UnitTestResult executionId="341c4d33-f904-4dab-8066-7f1db6e5c7fa" parentExecutionId="0f343bf5-1265-49ff-8232-6a5739cbac49" testId="227f20ae-8e76-eb71-39b2-4ada3ce6aba8" testName="interrogative_sentences_how" computerName="ARPAN-LAP" duration="00:00:00.0390231" startTime="2014-06-29T11:55:08.5653336+05:30" endTime="2014-06-29T11:55:08.6043358+05:30" testType="13cdc9d9-ddb5-4fa4-a97d-d965ccfc6d4b" outcome="Failed" testListId="8c84fa94-04c1-424b-9868-57a2d4851a1d" relativeResultsDirectory="0f343bf5-1265-49ff-8232-6a5739cbac49" dataRowInfo="15" resultType="DataDrivenDataRow">
          <Output>
            <ErrorInfo>
              <Message>Assert.AreEqual failed. Expected:&lt;একটি ভাল ছাত্র হতে হয় কিভাবে ?&gt;. Actual:&lt;হয় কিভাবে একটি ভাল ছাত্র ?&gt;. How to be a good student?</Message>
              <StackTrace>   at UnitTest.BnlpTest.interrogative_sentences_how() in D:\software\Project\BNLP\UnitTest\BnlpTest.cs:line 274
</StackTrace>
            </ErrorInfo>
          </Output>
        </UnitTestResult>
        <UnitTestResult executionId="81b17dfe-26c6-45eb-838c-97b515f60a7a" parentExecutionId="0f343bf5-1265-49ff-8232-6a5739cbac49" testId="227f20ae-8e76-eb71-39b2-4ada3ce6aba8" testName="interrogative_sentences_how" computerName="ARPAN-LAP" duration="00:00:00.0350154" startTime="2014-06-29T11:55:08.6043358+05:30" endTime="2014-06-29T11:55:08.6393378+05:30" testType="13cdc9d9-ddb5-4fa4-a97d-d965ccfc6d4b" outcome="Passed" testListId="8c84fa94-04c1-424b-9868-57a2d4851a1d" relativeResultsDirectory="0f343bf5-1265-49ff-8232-6a5739cbac49" dataRowInfo="16" resultType="DataDrivenDataRow" />
        <UnitTestResult executionId="1e2d3850-97c2-4aee-828f-cf097f56f38d" parentExecutionId="0f343bf5-1265-49ff-8232-6a5739cbac49" testId="227f20ae-8e76-eb71-39b2-4ada3ce6aba8" testName="interrogative_sentences_how" computerName="ARPAN-LAP" duration="00:00:00.0422603" startTime="2014-06-29T11:55:08.6393378+05:30" endTime="2014-06-29T11:55:08.6823402+05:30" testType="13cdc9d9-ddb5-4fa4-a97d-d965ccfc6d4b" outcome="Passed" testListId="8c84fa94-04c1-424b-9868-57a2d4851a1d" relativeResultsDirectory="0f343bf5-1265-49ff-8232-6a5739cbac49" dataRowInfo="17" resultType="DataDrivenDataRow" />
      </InnerResults>
    </UnitTestResult>
    <UnitTestResult executionId="4b40392e-c2ca-401e-9200-46c3ac189a2c" testId="30ab3285-6a8c-14d2-9725-bd60892ccd90" testName="second_person_tenses_active" computerName="ARPAN-LAP" duration="00:00:00.3908527" startTime="2014-06-29T11:55:08.7453439+05:30" endTime="2014-06-29T11:55:09.1713682+05:30" testType="13cdc9d9-ddb5-4fa4-a97d-d965ccfc6d4b" outcome="Passed" testListId="8c84fa94-04c1-424b-9868-57a2d4851a1d" relativeResultsDirectory="4b40392e-c2ca-401e-9200-46c3ac189a2c" resultType="DataDrivenTest">
      <Counters error="0" failed="0" timeout="0" aborted="0" inconclusive="0" passedButRunAborted="0" notRunnable="0" notExecuted="0" disconnected="0" warning="0" passed="10" completed="0" inProgress="0" pending="0" />
      <InnerResults>
        <UnitTestResult executionId="115e366e-9ad9-49bd-ae62-b3e4569f93a7" parentExecutionId="4b40392e-c2ca-401e-9200-46c3ac189a2c" testId="30ab3285-6a8c-14d2-9725-bd60892ccd90" testName="second_person_tenses_active" computerName="ARPAN-LAP" duration="00:00:00.0272486" startTime="2014-06-29T11:55:08.8823517+05:30" endTime="2014-06-29T11:55:08.9093532+05:30" testType="13cdc9d9-ddb5-4fa4-a97d-d965ccfc6d4b" outcome="Passed" testListId="8c84fa94-04c1-424b-9868-57a2d4851a1d" relativeResultsDirectory="4b40392e-c2ca-401e-9200-46c3ac189a2c" dataRowInfo="0" resultType="DataDrivenDataRow" />
        <UnitTestResult executionId="0be2652f-3a34-4198-ab3b-2f404ebd2e17" parentExecutionId="4b40392e-c2ca-401e-9200-46c3ac189a2c" testId="30ab3285-6a8c-14d2-9725-bd60892ccd90" testName="second_person_tenses_active" computerName="ARPAN-LAP" duration="00:00:00.0256189" startTime="2014-06-29T11:55:08.9103533+05:30" endTime="2014-06-29T11:55:08.9353547+05:30" testType="13cdc9d9-ddb5-4fa4-a97d-d965ccfc6d4b" outcome="Passed" testListId="8c84fa94-04c1-424b-9868-57a2d4851a1d" relativeResultsDirectory="4b40392e-c2ca-401e-9200-46c3ac189a2c" dataRowInfo="1" resultType="DataDrivenDataRow" />
        <UnitTestResult executionId="d8e58af0-2002-4706-b737-4f2e58fda530" parentExecutionId="4b40392e-c2ca-401e-9200-46c3ac189a2c" testId="30ab3285-6a8c-14d2-9725-bd60892ccd90" testName="second_person_tenses_active" computerName="ARPAN-LAP" duration="00:00:00.0206951" startTime="2014-06-29T11:55:08.9353547+05:30" endTime="2014-06-29T11:55:08.9563559+05:30" testType="13cdc9d9-ddb5-4fa4-a97d-d965ccfc6d4b" outcome="Passed" testListId="8c84fa94-04c1-424b-9868-57a2d4851a1d" relativeResultsDirectory="4b40392e-c2ca-401e-9200-46c3ac189a2c" dataRowInfo="2" resultType="DataDrivenDataRow" />
        <UnitTestResult executionId="d1dce1f5-22b7-404d-bd16-17d3351f7b7b" parentExecutionId="4b40392e-c2ca-401e-9200-46c3ac189a2c" testId="30ab3285-6a8c-14d2-9725-bd60892ccd90" testName="second_person_tenses_active" computerName="ARPAN-LAP" duration="00:00:00.0290158" startTime="2014-06-29T11:55:08.9563559+05:30" endTime="2014-06-29T11:55:08.9853576+05:30" testType="13cdc9d9-ddb5-4fa4-a97d-d965ccfc6d4b" outcome="Passed" testListId="8c84fa94-04c1-424b-9868-57a2d4851a1d" relativeResultsDirectory="4b40392e-c2ca-401e-9200-46c3ac189a2c" dataRowInfo="3" resultType="DataDrivenDataRow" />
        <UnitTestResult executionId="129f69ea-5d54-4d2d-b546-af74785ea655" parentExecutionId="4b40392e-c2ca-401e-9200-46c3ac189a2c" testId="30ab3285-6a8c-14d2-9725-bd60892ccd90" testName="second_person_tenses_active" computerName="ARPAN-LAP" duration="00:00:00.0170211" startTime="2014-06-29T11:55:08.9853576+05:30" endTime="2014-06-29T11:55:09.0023586+05:30" testType="13cdc9d9-ddb5-4fa4-a97d-d965ccfc6d4b" outcome="Passed" testListId="8c84fa94-04c1-424b-9868-57a2d4851a1d" relativeResultsDirectory="4b40392e-c2ca-401e-9200-46c3ac189a2c" dataRowInfo="4" resultType="DataDrivenDataRow" />
        <UnitTestResult executionId="33207f1f-466c-4df4-83a1-28247ad003d8" parentExecutionId="4b40392e-c2ca-401e-9200-46c3ac189a2c" testId="30ab3285-6a8c-14d2-9725-bd60892ccd90" testName="second_person_tenses_active" computerName="ARPAN-LAP" duration="00:00:00.0273117" startTime="2014-06-29T11:55:09.0023586+05:30" endTime="2014-06-29T11:55:09.0293601+05:30" testType="13cdc9d9-ddb5-4fa4-a97d-d965ccfc6d4b" outcome="Passed" testListId="8c84fa94-04c1-424b-9868-57a2d4851a1d" relativeResultsDirectory="4b40392e-c2ca-401e-9200-46c3ac189a2c" dataRowInfo="5" resultType="DataDrivenDataRow" />
        <UnitTestResult executionId="c9929914-470f-43d4-8ade-c989bbfedfd8" parentExecutionId="4b40392e-c2ca-401e-9200-46c3ac189a2c" testId="30ab3285-6a8c-14d2-9725-bd60892ccd90" testName="second_person_tenses_active" computerName="ARPAN-LAP" duration="00:00:00.0285482" startTime="2014-06-29T11:55:09.0293601+05:30" endTime="2014-06-29T11:55:09.0583618+05:30" testType="13cdc9d9-ddb5-4fa4-a97d-d965ccfc6d4b" outcome="Passed" testListId="8c84fa94-04c1-424b-9868-57a2d4851a1d" relativeResultsDirectory="4b40392e-c2ca-401e-9200-46c3ac189a2c" dataRowInfo="6" resultType="DataDrivenDataRow" />
        <UnitTestResult executionId="7c8f95d7-ba18-448c-b899-9436735af416" parentExecutionId="4b40392e-c2ca-401e-9200-46c3ac189a2c" testId="30ab3285-6a8c-14d2-9725-bd60892ccd90" testName="second_person_tenses_active" computerName="ARPAN-LAP" duration="00:00:00.0339150" startTime="2014-06-29T11:55:09.0583618+05:30" endTime="2014-06-29T11:55:09.0923637+05:30" testType="13cdc9d9-ddb5-4fa4-a97d-d965ccfc6d4b" outcome="Passed" testListId="8c84fa94-04c1-424b-9868-57a2d4851a1d" relativeResultsDirectory="4b40392e-c2ca-401e-9200-46c3ac189a2c" dataRowInfo="7" resultType="DataDrivenDataRow" />
        <UnitTestResult executionId="ed0c1fc1-de4b-4192-8b40-4e3ab0f210a3" parentExecutionId="4b40392e-c2ca-401e-9200-46c3ac189a2c" testId="30ab3285-6a8c-14d2-9725-bd60892ccd90" testName="second_person_tenses_active" computerName="ARPAN-LAP" duration="00:00:00.0211201" startTime="2014-06-29T11:55:09.0923637+05:30" endTime="2014-06-29T11:55:09.1133649+05:30" testType="13cdc9d9-ddb5-4fa4-a97d-d965ccfc6d4b" outcome="Passed" testListId="8c84fa94-04c1-424b-9868-57a2d4851a1d" relativeResultsDirectory="4b40392e-c2ca-401e-9200-46c3ac189a2c" dataRowInfo="8" resultType="DataDrivenDataRow" />
        <UnitTestResult executionId="0b662ea5-745d-4d40-a93d-4f1eff98ad4c" parentExecutionId="4b40392e-c2ca-401e-9200-46c3ac189a2c" testId="30ab3285-6a8c-14d2-9725-bd60892ccd90" testName="second_person_tenses_active" computerName="ARPAN-LAP" duration="00:00:00.0267384" startTime="2014-06-29T11:55:09.1133649+05:30" endTime="2014-06-29T11:55:09.1403664+05:30" testType="13cdc9d9-ddb5-4fa4-a97d-d965ccfc6d4b" outcome="Passed" testListId="8c84fa94-04c1-424b-9868-57a2d4851a1d" relativeResultsDirectory="4b40392e-c2ca-401e-9200-46c3ac189a2c" dataRowInfo="9" resultType="DataDrivenDataRow" />
      </InnerResults>
    </UnitTestResult>
    <UnitTestResult executionId="21743e8d-018e-40aa-93f3-f4a0098271b5" testId="32b5d279-0d23-e5ad-0301-234c8788f740" testName="interrogative_sentences_who" computerName="ARPAN-LAP" duration="00:00:00.1210662" startTime="2014-06-29T11:55:09.1903693+05:30" endTime="2014-06-29T11:55:09.3313774+05:30" testType="13cdc9d9-ddb5-4fa4-a97d-d965ccfc6d4b" outcome="Passed" testListId="8c84fa94-04c1-424b-9868-57a2d4851a1d" relativeResultsDirectory="21743e8d-018e-40aa-93f3-f4a0098271b5" resultType="DataDrivenTest">
      <Counters error="0" failed="0" timeout="0" aborted="0" inconclusive="0" passedButRunAborted="0" notRunnable="0" notExecuted="0" disconnected="0" warning="0" passed="4" completed="0" inProgress="0" pending="0" />
      <InnerResults>
        <UnitTestResult executionId="a30cd395-8b60-43af-ad07-87339930f62e" parentExecutionId="21743e8d-018e-40aa-93f3-f4a0098271b5" testId="32b5d279-0d23-e5ad-0301-234c8788f740" testName="interrogative_sentences_who" computerName="ARPAN-LAP" duration="00:00:00.0206926" startTime="2014-06-29T11:55:09.2123706+05:30" endTime="2014-06-29T11:55:09.2323717+05:30" testType="13cdc9d9-ddb5-4fa4-a97d-d965ccfc6d4b" outcome="Passed" testListId="8c84fa94-04c1-424b-9868-57a2d4851a1d" relativeResultsDirectory="21743e8d-018e-40aa-93f3-f4a0098271b5" dataRowInfo="0" resultType="DataDrivenDataRow" />
        <UnitTestResult executionId="bebaf399-024d-43b0-b4f5-534480774682" parentExecutionId="21743e8d-018e-40aa-93f3-f4a0098271b5" testId="32b5d279-0d23-e5ad-0301-234c8788f740" testName="interrogative_sentences_who" computerName="ARPAN-LAP" duration="00:00:00.0186138" startTime="2014-06-29T11:55:09.2323717+05:30" endTime="2014-06-29T11:55:09.2513728+05:30" testType="13cdc9d9-ddb5-4fa4-a97d-d965ccfc6d4b" outcome="Passed" testListId="8c84fa94-04c1-424b-9868-57a2d4851a1d" relativeResultsDirectory="21743e8d-018e-40aa-93f3-f4a0098271b5" dataRowInfo="1" resultType="DataDrivenDataRow" />
        <UnitTestResult executionId="26b38eb6-ac22-4315-9140-3abca79165d7" parentExecutionId="21743e8d-018e-40aa-93f3-f4a0098271b5" testId="32b5d279-0d23-e5ad-0301-234c8788f740" testName="interrogative_sentences_who" computerName="ARPAN-LAP" duration="00:00:00.0266604" startTime="2014-06-29T11:55:09.2513728+05:30" endTime="2014-06-29T11:55:09.2783743+05:30" testType="13cdc9d9-ddb5-4fa4-a97d-d965ccfc6d4b" outcome="Passed" testListId="8c84fa94-04c1-424b-9868-57a2d4851a1d" relativeResultsDirectory="21743e8d-018e-40aa-93f3-f4a0098271b5" dataRowInfo="2" resultType="DataDrivenDataRow" />
        <UnitTestResult executionId="8bdd1841-d9ae-4082-8a48-e5ca279a4b8d" parentExecutionId="21743e8d-018e-40aa-93f3-f4a0098271b5" testId="32b5d279-0d23-e5ad-0301-234c8788f740" testName="interrogative_sentences_who" computerName="ARPAN-LAP" duration="00:00:00.0370064" startTime="2014-06-29T11:55:09.2783743+05:30" endTime="2014-06-29T11:55:09.3153765+05:30" testType="13cdc9d9-ddb5-4fa4-a97d-d965ccfc6d4b" outcome="Passed" testListId="8c84fa94-04c1-424b-9868-57a2d4851a1d" relativeResultsDirectory="21743e8d-018e-40aa-93f3-f4a0098271b5" dataRowInfo="3" resultType="DataDrivenDataRow" />
      </InnerResults>
    </UnitTestResult>
    <UnitTestResult executionId="dacda2b2-5ae9-4914-adda-89ee371d1232" testId="39dcb97e-c73f-c645-a77c-64d9eba0a3a3" testName="interrogative_sentences_aux" computerName="ARPAN-LAP" duration="00:00:00.5385239" startTime="2014-06-29T11:55:09.3393778+05:30" endTime="2014-06-29T11:55:09.9394121+05:30" testType="13cdc9d9-ddb5-4fa4-a97d-d965ccfc6d4b" outcome="Passed" testListId="8c84fa94-04c1-424b-9868-57a2d4851a1d" relativeResultsDirectory="dacda2b2-5ae9-4914-adda-89ee371d1232" resultType="DataDrivenTest">
      <Counters error="0" failed="0" timeout="0" aborted="0" inconclusive="0" passedButRunAborted="0" notRunnable="0" notExecuted="0" disconnected="0" warning="0" passed="20" completed="0" inProgress="0" pending="0" />
      <InnerResults>
        <UnitTestResult executionId="d3b2916c-be56-4172-b379-963e5c19d359" parentExecutionId="dacda2b2-5ae9-4914-adda-89ee371d1232" testId="39dcb97e-c73f-c645-a77c-64d9eba0a3a3" testName="interrogative_sentences_aux" computerName="ARPAN-LAP" duration="00:00:00.0229653" startTime="2014-06-29T11:55:09.3723797+05:30" endTime="2014-06-29T11:55:09.3953810+05:30" testType="13cdc9d9-ddb5-4fa4-a97d-d965ccfc6d4b" outcome="Passed" testListId="8c84fa94-04c1-424b-9868-57a2d4851a1d" relativeResultsDirectory="dacda2b2-5ae9-4914-adda-89ee371d1232" dataRowInfo="0" resultType="DataDrivenDataRow" />
        <UnitTestResult executionId="cbd4c110-aeea-4b13-ae76-205ec8eb5ed0" parentExecutionId="dacda2b2-5ae9-4914-adda-89ee371d1232" testId="39dcb97e-c73f-c645-a77c-64d9eba0a3a3" testName="interrogative_sentences_aux" computerName="ARPAN-LAP" duration="00:00:00.0257401" startTime="2014-06-29T11:55:09.3953810+05:30" endTime="2014-06-29T11:55:09.4213825+05:30" testType="13cdc9d9-ddb5-4fa4-a97d-d965ccfc6d4b" outcome="Passed" testListId="8c84fa94-04c1-424b-9868-57a2d4851a1d" relativeResultsDirectory="dacda2b2-5ae9-4914-adda-89ee371d1232" dataRowInfo="1" resultType="DataDrivenDataRow" />
        <UnitTestResult executionId="fdde12bf-850b-4caf-baea-8f3478dd482a" parentExecutionId="dacda2b2-5ae9-4914-adda-89ee371d1232" testId="39dcb97e-c73f-c645-a77c-64d9eba0a3a3" testName="interrogative_sentences_aux" computerName="ARPAN-LAP" duration="00:00:00.0223140" startTime="2014-06-29T11:55:09.4213825+05:30" endTime="2014-06-29T11:55:09.4433838+05:30" testType="13cdc9d9-ddb5-4fa4-a97d-d965ccfc6d4b" outcome="Passed" testListId="8c84fa94-04c1-424b-9868-57a2d4851a1d" relativeResultsDirectory="dacda2b2-5ae9-4914-adda-89ee371d1232" dataRowInfo="2" resultType="DataDrivenDataRow" />
        <UnitTestResult executionId="df5267ca-c9b1-4734-9c2b-916802694acf" parentExecutionId="dacda2b2-5ae9-4914-adda-89ee371d1232" testId="39dcb97e-c73f-c645-a77c-64d9eba0a3a3" testName="interrogative_sentences_aux" computerName="ARPAN-LAP" duration="00:00:00.0373139" startTime="2014-06-29T11:55:09.4433838+05:30" endTime="2014-06-29T11:55:09.4803859+05:30" testType="13cdc9d9-ddb5-4fa4-a97d-d965ccfc6d4b" outcome="Passed" testListId="8c84fa94-04c1-424b-9868-57a2d4851a1d" relativeResultsDirectory="dacda2b2-5ae9-4914-adda-89ee371d1232" dataRowInfo="3" resultType="DataDrivenDataRow" />
        <UnitTestResult executionId="a7fc3890-d16a-4779-84ca-aaec7da091f7" parentExecutionId="dacda2b2-5ae9-4914-adda-89ee371d1232" testId="39dcb97e-c73f-c645-a77c-64d9eba0a3a3" testName="interrogative_sentences_aux" computerName="ARPAN-LAP" duration="00:00:00.0423270" startTime="2014-06-29T11:55:09.4803859+05:30" endTime="2014-06-29T11:55:09.5233884+05:30" testType="13cdc9d9-ddb5-4fa4-a97d-d965ccfc6d4b" outcome="Passed" testListId="8c84fa94-04c1-424b-9868-57a2d4851a1d" relativeResultsDirectory="dacda2b2-5ae9-4914-adda-89ee371d1232" dataRowInfo="4" resultType="DataDrivenDataRow" />
        <UnitTestResult executionId="62d330f3-016c-4193-90f4-240f2aed2951" parentExecutionId="dacda2b2-5ae9-4914-adda-89ee371d1232" testId="39dcb97e-c73f-c645-a77c-64d9eba0a3a3" testName="interrogative_sentences_aux" computerName="ARPAN-LAP" duration="00:00:00.0284522" startTime="2014-06-29T11:55:09.5233884+05:30" endTime="2014-06-29T11:55:09.5513900+05:30" testType="13cdc9d9-ddb5-4fa4-a97d-d965ccfc6d4b" outcome="Passed" testListId="8c84fa94-04c1-424b-9868-57a2d4851a1d" relativeResultsDirectory="dacda2b2-5ae9-4914-adda-89ee371d1232" dataRowInfo="5" resultType="DataDrivenDataRow" />
        <UnitTestResult executionId="f9aaa952-ca75-4c8d-ab1c-9404af366226" parentExecutionId="dacda2b2-5ae9-4914-adda-89ee371d1232" testId="39dcb97e-c73f-c645-a77c-64d9eba0a3a3" testName="interrogative_sentences_aux" computerName="ARPAN-LAP" duration="00:00:00.0217863" startTime="2014-06-29T11:55:09.5513900+05:30" endTime="2014-06-29T11:55:09.5733912+05:30" testType="13cdc9d9-ddb5-4fa4-a97d-d965ccfc6d4b" outcome="Passed" testListId="8c84fa94-04c1-424b-9868-57a2d4851a1d" relativeResultsDirectory="dacda2b2-5ae9-4914-adda-89ee371d1232" dataRowInfo="6" resultType="DataDrivenDataRow" />
        <UnitTestResult executionId="9f3c0703-128e-4d74-b9bc-8eff2204f56d" parentExecutionId="dacda2b2-5ae9-4914-adda-89ee371d1232" testId="39dcb97e-c73f-c645-a77c-64d9eba0a3a3" testName="interrogative_sentences_aux" computerName="ARPAN-LAP" duration="00:00:00.0367513" startTime="2014-06-29T11:55:09.5733912+05:30" endTime="2014-06-29T11:55:09.6103933+05:30" testType="13cdc9d9-ddb5-4fa4-a97d-d965ccfc6d4b" outcome="Passed" testListId="8c84fa94-04c1-424b-9868-57a2d4851a1d" relativeResultsDirectory="dacda2b2-5ae9-4914-adda-89ee371d1232" dataRowInfo="7" resultType="DataDrivenDataRow" />
        <UnitTestResult executionId="054d6282-0041-48d2-802b-5db5976e89f4" parentExecutionId="dacda2b2-5ae9-4914-adda-89ee371d1232" testId="39dcb97e-c73f-c645-a77c-64d9eba0a3a3" testName="interrogative_sentences_aux" computerName="ARPAN-LAP" duration="00:00:00.0243024" startTime="2014-06-29T11:55:09.6103933+05:30" endTime="2014-06-29T11:55:09.6343947+05:30" testType="13cdc9d9-ddb5-4fa4-a97d-d965ccfc6d4b" outcome="Passed" testListId="8c84fa94-04c1-424b-9868-57a2d4851a1d" relativeResultsDirectory="dacda2b2-5ae9-4914-adda-89ee371d1232" dataRowInfo="8" resultType="DataDrivenDataRow" />
        <UnitTestResult executionId="84c3bcec-6a14-4a86-8118-f80cb6bc4336" parentExecutionId="dacda2b2-5ae9-4914-adda-89ee371d1232" testId="39dcb97e-c73f-c645-a77c-64d9eba0a3a3" testName="interrogative_sentences_aux" computerName="ARPAN-LAP" duration="00:00:00.0288125" startTime="2014-06-29T11:55:09.6343947+05:30" endTime="2014-06-29T11:55:09.6633964+05:30" testType="13cdc9d9-ddb5-4fa4-a97d-d965ccfc6d4b" outcome="Passed" testListId="8c84fa94-04c1-424b-9868-57a2d4851a1d" relativeResultsDirectory="dacda2b2-5ae9-4914-adda-89ee371d1232" dataRowInfo="9" resultType="DataDrivenDataRow" />
        <UnitTestResult executionId="399f97c0-543d-4de3-8144-b79de7598272" parentExecutionId="dacda2b2-5ae9-4914-adda-89ee371d1232" testId="39dcb97e-c73f-c645-a77c-64d9eba0a3a3" testName="interrogative_sentences_aux" computerName="ARPAN-LAP" duration="00:00:00.0216216" startTime="2014-06-29T11:55:09.6633964+05:30" endTime="2014-06-29T11:55:09.6853976+05:30" testType="13cdc9d9-ddb5-4fa4-a97d-d965ccfc6d4b" outcome="Passed" testListId="8c84fa94-04c1-424b-9868-57a2d4851a1d" relativeResultsDirectory="dacda2b2-5ae9-4914-adda-89ee371d1232" dataRowInfo="10" resultType="DataDrivenDataRow" />
        <UnitTestResult executionId="bdae79a9-c013-4f8a-b641-378206f5058d" parentExecutionId="dacda2b2-5ae9-4914-adda-89ee371d1232" testId="39dcb97e-c73f-c645-a77c-64d9eba0a3a3" testName="interrogative_sentences_aux" computerName="ARPAN-LAP" duration="00:00:00.0201957" startTime="2014-06-29T11:55:09.6853976+05:30" endTime="2014-06-29T11:55:09.7053988+05:30" testType="13cdc9d9-ddb5-4fa4-a97d-d965ccfc6d4b" outcome="Passed" testListId="8c84fa94-04c1-424b-9868-57a2d4851a1d" relativeResultsDirectory="dacda2b2-5ae9-4914-adda-89ee371d1232" dataRowInfo="11" resultType="DataDrivenDataRow" />
        <UnitTestResult executionId="ff7efdca-c4f0-49c6-8555-0fef24db63d9" parentExecutionId="dacda2b2-5ae9-4914-adda-89ee371d1232" testId="39dcb97e-c73f-c645-a77c-64d9eba0a3a3" testName="interrogative_sentences_aux" computerName="ARPAN-LAP" duration="00:00:00.0197266" startTime="2014-06-29T11:55:09.7053988+05:30" endTime="2014-06-29T11:55:09.7253999+05:30" testType="13cdc9d9-ddb5-4fa4-a97d-d965ccfc6d4b" outcome="Passed" testListId="8c84fa94-04c1-424b-9868-57a2d4851a1d" relativeResultsDirectory="dacda2b2-5ae9-4914-adda-89ee371d1232" dataRowInfo="12" resultType="DataDrivenDataRow" />
        <UnitTestResult executionId="a06d78d0-ac38-4f87-bf29-87e26b863760" parentExecutionId="dacda2b2-5ae9-4914-adda-89ee371d1232" testId="39dcb97e-c73f-c645-a77c-64d9eba0a3a3" testName="interrogative_sentences_aux" computerName="ARPAN-LAP" duration="00:00:00.0250333" startTime="2014-06-29T11:55:09.7253999+05:30" endTime="2014-06-29T11:55:09.7504013+05:30" testType="13cdc9d9-ddb5-4fa4-a97d-d965ccfc6d4b" outcome="Passed" testListId="8c84fa94-04c1-424b-9868-57a2d4851a1d" relativeResultsDirectory="dacda2b2-5ae9-4914-adda-89ee371d1232" dataRowInfo="13" resultType="DataDrivenDataRow" />
        <UnitTestResult executionId="54165de1-c582-4729-b96d-1afee8489a29" parentExecutionId="dacda2b2-5ae9-4914-adda-89ee371d1232" testId="39dcb97e-c73f-c645-a77c-64d9eba0a3a3" testName="interrogative_sentences_aux" computerName="ARPAN-LAP" duration="00:00:00.0190634" startTime="2014-06-29T11:55:09.7504013+05:30" endTime="2014-06-29T11:55:09.7694024+05:30" testType="13cdc9d9-ddb5-4fa4-a97d-d965ccfc6d4b" outcome="Passed" testListId="8c84fa94-04c1-424b-9868-57a2d4851a1d" relativeResultsDirectory="dacda2b2-5ae9-4914-adda-89ee371d1232" dataRowInfo="14" resultType="DataDrivenDataRow" />
        <UnitTestResult executionId="b007be7b-132e-482b-9e44-77eb898ead6a" parentExecutionId="dacda2b2-5ae9-4914-adda-89ee371d1232" testId="39dcb97e-c73f-c645-a77c-64d9eba0a3a3" testName="interrogative_sentences_aux" computerName="ARPAN-LAP" duration="00:00:00.0214045" startTime="2014-06-29T11:55:09.7694024+05:30" endTime="2014-06-29T11:55:09.7904036+05:30" testType="13cdc9d9-ddb5-4fa4-a97d-d965ccfc6d4b" outcome="Passed" testListId="8c84fa94-04c1-424b-9868-57a2d4851a1d" relativeResultsDirectory="dacda2b2-5ae9-4914-adda-89ee371d1232" dataRowInfo="15" resultType="DataDrivenDataRow" />
        <UnitTestResult executionId="959ef768-5602-46ad-ac88-ac458e37e995" parentExecutionId="dacda2b2-5ae9-4914-adda-89ee371d1232" testId="39dcb97e-c73f-c645-a77c-64d9eba0a3a3" testName="interrogative_sentences_aux" computerName="ARPAN-LAP" duration="00:00:00.0193031" startTime="2014-06-29T11:55:09.7904036+05:30" endTime="2014-06-29T11:55:09.8104048+05:30" testType="13cdc9d9-ddb5-4fa4-a97d-d965ccfc6d4b" outcome="Passed" testListId="8c84fa94-04c1-424b-9868-57a2d4851a1d" relativeResultsDirectory="dacda2b2-5ae9-4914-adda-89ee371d1232" dataRowInfo="16" resultType="DataDrivenDataRow" />
        <UnitTestResult executionId="78459d8a-5580-490e-b2eb-a8638c6e724a" parentExecutionId="dacda2b2-5ae9-4914-adda-89ee371d1232" testId="39dcb97e-c73f-c645-a77c-64d9eba0a3a3" testName="interrogative_sentences_aux" computerName="ARPAN-LAP" duration="00:00:00.0281894" startTime="2014-06-29T11:55:09.8104048+05:30" endTime="2014-06-29T11:55:09.8384064+05:30" testType="13cdc9d9-ddb5-4fa4-a97d-d965ccfc6d4b" outcome="Passed" testListId="8c84fa94-04c1-424b-9868-57a2d4851a1d" relativeResultsDirectory="dacda2b2-5ae9-4914-adda-89ee371d1232" dataRowInfo="17" resultType="DataDrivenDataRow" />
        <UnitTestResult executionId="17356d7b-864f-4bf0-ab6f-05d7d5618584" parentExecutionId="dacda2b2-5ae9-4914-adda-89ee371d1232" testId="39dcb97e-c73f-c645-a77c-64d9eba0a3a3" testName="interrogative_sentences_aux" computerName="ARPAN-LAP" duration="00:00:00.0187416" startTime="2014-06-29T11:55:09.8384064+05:30" endTime="2014-06-29T11:55:09.8574075+05:30" testType="13cdc9d9-ddb5-4fa4-a97d-d965ccfc6d4b" outcome="Passed" testListId="8c84fa94-04c1-424b-9868-57a2d4851a1d" relativeResultsDirectory="dacda2b2-5ae9-4914-adda-89ee371d1232" dataRowInfo="18" resultType="DataDrivenDataRow" />
        <UnitTestResult executionId="d79cb009-aa3b-48bf-9b19-44091298bdf3" parentExecutionId="dacda2b2-5ae9-4914-adda-89ee371d1232" testId="39dcb97e-c73f-c645-a77c-64d9eba0a3a3" testName="interrogative_sentences_aux" computerName="ARPAN-LAP" duration="00:00:00.0242916" startTime="2014-06-29T11:55:09.8574075+05:30" endTime="2014-06-29T11:55:09.8814088+05:30" testType="13cdc9d9-ddb5-4fa4-a97d-d965ccfc6d4b" outcome="Passed" testListId="8c84fa94-04c1-424b-9868-57a2d4851a1d" relativeResultsDirectory="dacda2b2-5ae9-4914-adda-89ee371d1232" dataRowInfo="19" resultType="DataDrivenDataRow" />
      </InnerResults>
    </UnitTestResult>
    <UnitTestResult executionId="10be798d-4ef4-4f69-b1b0-f32ad988929b" testId="4e91a3b9-9eae-ebff-0b97-303f00578a78" testName="interrogative_sentences_whom" computerName="ARPAN-LAP" duration="00:00:00.0640107" startTime="2014-06-29T11:55:09.9484127+05:30" endTime="2014-06-29T11:55:10.0244170+05:30" testType="13cdc9d9-ddb5-4fa4-a97d-d965ccfc6d4b" outcome="Passed" testListId="8c84fa94-04c1-424b-9868-57a2d4851a1d" relativeResultsDirectory="10be798d-4ef4-4f69-b1b0-f32ad988929b" resultType="DataDrivenTest">
      <Counters error="0" failed="0" timeout="0" aborted="0" inconclusive="0" passedButRunAborted="0" notRunnable="0" notExecuted="0" disconnected="0" warning="0" passed="2" completed="0" inProgress="0" pending="0" />
      <InnerResults>
        <UnitTestResult executionId="678b5e28-b333-49e9-83aa-db3f509485d9" parentExecutionId="10be798d-4ef4-4f69-b1b0-f32ad988929b" testId="4e91a3b9-9eae-ebff-0b97-303f00578a78" testName="interrogative_sentences_whom" computerName="ARPAN-LAP" duration="00:00:00.0354887" startTime="2014-06-29T11:55:09.9534129+05:30" endTime="2014-06-29T11:55:09.9884150+05:30" testType="13cdc9d9-ddb5-4fa4-a97d-d965ccfc6d4b" outcome="Passed" testListId="8c84fa94-04c1-424b-9868-57a2d4851a1d" relativeResultsDirectory="10be798d-4ef4-4f69-b1b0-f32ad988929b" dataRowInfo="0" resultType="DataDrivenDataRow" />
        <UnitTestResult executionId="06a577fd-b50c-4161-b8c7-5379e852ff58" parentExecutionId="10be798d-4ef4-4f69-b1b0-f32ad988929b" testId="4e91a3b9-9eae-ebff-0b97-303f00578a78" testName="interrogative_sentences_whom" computerName="ARPAN-LAP" duration="00:00:00.0264340" startTime="2014-06-29T11:55:09.9894150+05:30" endTime="2014-06-29T11:55:10.0154165+05:30" testType="13cdc9d9-ddb5-4fa4-a97d-d965ccfc6d4b" outcome="Passed" testListId="8c84fa94-04c1-424b-9868-57a2d4851a1d" relativeResultsDirectory="10be798d-4ef4-4f69-b1b0-f32ad988929b" dataRowInfo="1" resultType="DataDrivenDataRow" />
      </InnerResults>
    </UnitTestResult>
    <UnitTestResult executionId="b994a75e-8f41-46c3-974d-6c5fa76f6a8b" testId="533e7939-123c-ce84-5c5c-d5a21d1d95b9" testName="special_handling_do_verb" computerName="ARPAN-LAP" duration="00:00:00.4342823" startTime="2014-06-29T11:55:10.0284172+05:30" endTime="2014-06-29T11:55:10.5064446+05:30" testType="13cdc9d9-ddb5-4fa4-a97d-d965ccfc6d4b" outcome="Passed" testListId="8c84fa94-04c1-424b-9868-57a2d4851a1d" relativeResultsDirectory="b994a75e-8f41-46c3-974d-6c5fa76f6a8b" resultType="DataDrivenTest">
      <Counters error="0" failed="0" timeout="0" aborted="0" inconclusive="0" passedButRunAborted="0" notRunnable="0" notExecuted="0" disconnected="0" warning="0" passed="13" completed="0" inProgress="0" pending="0" />
      <InnerResults>
        <UnitTestResult executionId="a8bb1a8e-134f-410c-ab07-f17560aa336d" parentExecutionId="b994a75e-8f41-46c3-974d-6c5fa76f6a8b" testId="533e7939-123c-ce84-5c5c-d5a21d1d95b9" testName="special_handling_do_verb" computerName="ARPAN-LAP" duration="00:00:00.0224479" startTime="2014-06-29T11:55:10.0614191+05:30" endTime="2014-06-29T11:55:10.0844204+05:30" testType="13cdc9d9-ddb5-4fa4-a97d-d965ccfc6d4b" outcome="Passed" testListId="8c84fa94-04c1-424b-9868-57a2d4851a1d" relativeResultsDirectory="b994a75e-8f41-46c3-974d-6c5fa76f6a8b" dataRowInfo="0" resultType="DataDrivenDataRow" />
        <UnitTestResult executionId="92dbbedf-4c9d-44c9-bd61-edc70d12c93f" parentExecutionId="b994a75e-8f41-46c3-974d-6c5fa76f6a8b" testId="533e7939-123c-ce84-5c5c-d5a21d1d95b9" testName="special_handling_do_verb" computerName="ARPAN-LAP" duration="00:00:00.0265700" startTime="2014-06-29T11:55:10.0844204+05:30" endTime="2014-06-29T11:55:10.1104219+05:30" testType="13cdc9d9-ddb5-4fa4-a97d-d965ccfc6d4b" outcome="Passed" testListId="8c84fa94-04c1-424b-9868-57a2d4851a1d" relativeResultsDirectory="b994a75e-8f41-46c3-974d-6c5fa76f6a8b" dataRowInfo="1" resultType="DataDrivenDataRow" />
        <UnitTestResult executionId="95e4af99-3e42-4090-a167-9e6844228673" parentExecutionId="b994a75e-8f41-46c3-974d-6c5fa76f6a8b" testId="533e7939-123c-ce84-5c5c-d5a21d1d95b9" testName="special_handling_do_verb" computerName="ARPAN-LAP" duration="00:00:00.0280308" startTime="2014-06-29T11:55:10.1104219+05:30" endTime="2014-06-29T11:55:10.1394236+05:30" testType="13cdc9d9-ddb5-4fa4-a97d-d965ccfc6d4b" outcome="Passed" testListId="8c84fa94-04c1-424b-9868-57a2d4851a1d" relativeResultsDirectory="b994a75e-8f41-46c3-974d-6c5fa76f6a8b" dataRowInfo="2" resultType="DataDrivenDataRow" />
        <UnitTestResult executionId="1d73f3db-0e69-48d6-94d8-d4f979788a0d" parentExecutionId="b994a75e-8f41-46c3-974d-6c5fa76f6a8b" testId="533e7939-123c-ce84-5c5c-d5a21d1d95b9" testName="special_handling_do_verb" computerName="ARPAN-LAP" duration="00:00:00.0357166" startTime="2014-06-29T11:55:10.1394236+05:30" endTime="2014-06-29T11:55:10.1744256+05:30" testType="13cdc9d9-ddb5-4fa4-a97d-d965ccfc6d4b" outcome="Passed" testListId="8c84fa94-04c1-424b-9868-57a2d4851a1d" relativeResultsDirectory="b994a75e-8f41-46c3-974d-6c5fa76f6a8b" dataRowInfo="3" resultType="DataDrivenDataRow" />
        <UnitTestResult executionId="6916a8cd-56b5-46f1-b738-f9df51f2bb2f" parentExecutionId="b994a75e-8f41-46c3-974d-6c5fa76f6a8b" testId="533e7939-123c-ce84-5c5c-d5a21d1d95b9" testName="special_handling_do_verb" computerName="ARPAN-LAP" duration="00:00:00.0247669" startTime="2014-06-29T11:55:10.1744256+05:30" endTime="2014-06-29T11:55:10.1994270+05:30" testType="13cdc9d9-ddb5-4fa4-a97d-d965ccfc6d4b" outcome="Passed" testListId="8c84fa94-04c1-424b-9868-57a2d4851a1d" relativeResultsDirectory="b994a75e-8f41-46c3-974d-6c5fa76f6a8b" dataRowInfo="4" resultType="DataDrivenDataRow" />
        <UnitTestResult executionId="b7ae6a57-643c-4f09-9b80-6487a360a774" parentExecutionId="b994a75e-8f41-46c3-974d-6c5fa76f6a8b" testId="533e7939-123c-ce84-5c5c-d5a21d1d95b9" testName="special_handling_do_verb" computerName="ARPAN-LAP" duration="00:00:00.0368812" startTime="2014-06-29T11:55:10.1994270+05:30" endTime="2014-06-29T11:55:10.2364291+05:30" testType="13cdc9d9-ddb5-4fa4-a97d-d965ccfc6d4b" outcome="Passed" testListId="8c84fa94-04c1-424b-9868-57a2d4851a1d" relativeResultsDirectory="b994a75e-8f41-46c3-974d-6c5fa76f6a8b" dataRowInfo="5" resultType="DataDrivenDataRow" />
        <UnitTestResult executionId="5ee1af0a-9500-4f36-aa55-2c5e158edad5" parentExecutionId="b994a75e-8f41-46c3-974d-6c5fa76f6a8b" testId="533e7939-123c-ce84-5c5c-d5a21d1d95b9" testName="special_handling_do_verb" computerName="ARPAN-LAP" duration="00:00:00.0522681" startTime="2014-06-29T11:55:10.2364291+05:30" endTime="2014-06-29T11:55:10.2884321+05:30" testType="13cdc9d9-ddb5-4fa4-a97d-d965ccfc6d4b" outcome="Passed" testListId="8c84fa94-04c1-424b-9868-57a2d4851a1d" relativeResultsDirectory="b994a75e-8f41-46c3-974d-6c5fa76f6a8b" dataRowInfo="6" resultType="DataDrivenDataRow" />
        <UnitTestResult executionId="499ace06-b962-4384-9511-3535593104b7" parentExecutionId="b994a75e-8f41-46c3-974d-6c5fa76f6a8b" testId="533e7939-123c-ce84-5c5c-d5a21d1d95b9" testName="special_handling_do_verb" computerName="ARPAN-LAP" duration="00:00:00.0301183" startTime="2014-06-29T11:55:10.2884321+05:30" endTime="2014-06-29T11:55:10.3194339+05:30" testType="13cdc9d9-ddb5-4fa4-a97d-d965ccfc6d4b" outcome="Passed" testListId="8c84fa94-04c1-424b-9868-57a2d4851a1d" relativeResultsDirectory="b994a75e-8f41-46c3-974d-6c5fa76f6a8b" dataRowInfo="7" resultType="DataDrivenDataRow" />
        <UnitTestResult executionId="40ca97b9-26c9-4102-9e59-f88a6bcdf385" parentExecutionId="b994a75e-8f41-46c3-974d-6c5fa76f6a8b" testId="533e7939-123c-ce84-5c5c-d5a21d1d95b9" testName="special_handling_do_verb" computerName="ARPAN-LAP" duration="00:00:00.0243922" startTime="2014-06-29T11:55:10.3194339+05:30" endTime="2014-06-29T11:55:10.3434353+05:30" testType="13cdc9d9-ddb5-4fa4-a97d-d965ccfc6d4b" outcome="Passed" testListId="8c84fa94-04c1-424b-9868-57a2d4851a1d" relativeResultsDirectory="b994a75e-8f41-46c3-974d-6c5fa76f6a8b" dataRowInfo="8" resultType="DataDrivenDataRow" />
        <UnitTestResult executionId="a2523a65-49f8-41b8-b408-28974c1bdbdb" parentExecutionId="b994a75e-8f41-46c3-974d-6c5fa76f6a8b" testId="533e7939-123c-ce84-5c5c-d5a21d1d95b9" testName="special_handling_do_verb" computerName="ARPAN-LAP" duration="00:00:00.0356940" startTime="2014-06-29T11:55:10.3434353+05:30" endTime="2014-06-29T11:55:10.3794373+05:30" testType="13cdc9d9-ddb5-4fa4-a97d-d965ccfc6d4b" outcome="Passed" testListId="8c84fa94-04c1-424b-9868-57a2d4851a1d" relativeResultsDirectory="b994a75e-8f41-46c3-974d-6c5fa76f6a8b" dataRowInfo="9" resultType="DataDrivenDataRow" />
        <UnitTestResult executionId="8d3b3624-5cbe-4789-9487-1d6feb5572c9" parentExecutionId="b994a75e-8f41-46c3-974d-6c5fa76f6a8b" testId="533e7939-123c-ce84-5c5c-d5a21d1d95b9" testName="special_handling_do_verb" computerName="ARPAN-LAP" duration="00:00:00.0266034" startTime="2014-06-29T11:55:10.3794373+05:30" endTime="2014-06-29T11:55:10.4054388+05:30" testType="13cdc9d9-ddb5-4fa4-a97d-d965ccfc6d4b" outcome="Passed" testListId="8c84fa94-04c1-424b-9868-57a2d4851a1d" relativeResultsDirectory="b994a75e-8f41-46c3-974d-6c5fa76f6a8b" dataRowInfo="10" resultType="DataDrivenDataRow" />
        <UnitTestResult executionId="dec92a07-2902-4d6a-b6c0-1fdfc6e730ad" parentExecutionId="b994a75e-8f41-46c3-974d-6c5fa76f6a8b" testId="533e7939-123c-ce84-5c5c-d5a21d1d95b9" testName="special_handling_do_verb" computerName="ARPAN-LAP" duration="00:00:00.0302317" startTime="2014-06-29T11:55:10.4054388+05:30" endTime="2014-06-29T11:55:10.4364406+05:30" testType="13cdc9d9-ddb5-4fa4-a97d-d965ccfc6d4b" outcome="Passed" testListId="8c84fa94-04c1-424b-9868-57a2d4851a1d" relativeResultsDirectory="b994a75e-8f41-46c3-974d-6c5fa76f6a8b" dataRowInfo="11" resultType="DataDrivenDataRow" />
        <UnitTestResult executionId="edf4b8f4-af5b-469c-b4e1-e8067696b4df" parentExecutionId="b994a75e-8f41-46c3-974d-6c5fa76f6a8b" testId="533e7939-123c-ce84-5c5c-d5a21d1d95b9" testName="special_handling_do_verb" computerName="ARPAN-LAP" duration="00:00:00.0301219" startTime="2014-06-29T11:55:10.4364406+05:30" endTime="2014-06-29T11:55:10.4664423+05:30" testType="13cdc9d9-ddb5-4fa4-a97d-d965ccfc6d4b" outcome="Passed" testListId="8c84fa94-04c1-424b-9868-57a2d4851a1d" relativeResultsDirectory="b994a75e-8f41-46c3-974d-6c5fa76f6a8b" dataRowInfo="12" resultType="DataDrivenDataRow" />
      </InnerResults>
    </UnitTestResult>
    <UnitTestResult executionId="aaed353f-8565-48f0-b944-156eac33c8c6" testId="642ce34f-0ed4-f995-637b-09297c832f2a" testName="RandomWord" computerName="ARPAN-LAP" duration="00:00:00.1536184" startTime="2014-06-29T11:55:10.5164452+05:30" endTime="2014-06-29T11:55:10.6814546+05:30" testType="13cdc9d9-ddb5-4fa4-a97d-d965ccfc6d4b" outcome="Failed" testListId="8c84fa94-04c1-424b-9868-57a2d4851a1d" relativeResultsDirectory="aaed353f-8565-48f0-b944-156eac33c8c6" resultType="DataDrivenTest">
      <Counters error="0" failed="1" timeout="0" aborted="0" inconclusive="0" passedButRunAborted="0" notRunnable="0" notExecuted="0" disconnected="0" warning="0" passed="0" completed="0" inProgress="0" pending="0" />
      <InnerResults>
        <UnitTestResult executionId="2496ec62-b2a9-4e37-94d9-a533a307b037" parentExecutionId="aaed353f-8565-48f0-b944-156eac33c8c6" testId="642ce34f-0ed4-f995-637b-09297c832f2a" testName="RandomWord" computerName="ARPAN-LAP" duration="00:00:00.1267876" startTime="2014-06-29T11:55:10.5484470+05:30" endTime="2014-06-29T11:55:10.6754542+05:30" testType="13cdc9d9-ddb5-4fa4-a97d-d965ccfc6d4b" outcome="Failed" testListId="8c84fa94-04c1-424b-9868-57a2d4851a1d" relativeResultsDirectory="aaed353f-8565-48f0-b944-156eac33c8c6" dataRowInfo="0" resultType="DataDrivenDataRow">
          <Output>
            <ErrorInfo>
              <Message>Assert.AreEqual failed. Expected:&lt;পূর্ব সলোমন এর নৌ যুদ্ধ ২৪–২৫ অগষ্ট ১৯৪২ য়ে স্থান গ্রহণ করেছিল , এবং দ্বিতীয় বিশ্ব যুদ্ধ এর প্রশান্ত মহাসাগর সংগঠিত প্রচারকার্য এর তৃতীয় যুদ্ধ বাহক ।&gt;. Actual:&lt;পূর্ব সলোমন এর নৌ যুদ্ধ ২৪–২৫ অগষ্ট ১৯৪২ য়ে স্থান গ্রহণ করেছিল , এবং দ্বিতীয় বিশ্ব যুদ্ধ এর pacific:NP সংগঠিত প্রচারকার্য এর তৃতীয় যুদ্ধ বাহক ।&gt;. The naval Battle of the Eastern Solomons took place on 24–25 August 1942, and was the third carrier battle of the Pacific campaign of second World War.</Message>
              <StackTrace>   at UnitTest.BnlpTest.RandomWord() in D:\software\Project\BNLP\UnitTest\BnlpTest.cs:line 526
</StackTrace>
            </ErrorInfo>
          </Output>
        </UnitTestResult>
      </InnerResults>
    </UnitTestResult>
    <UnitTestResult executionId="a855549f-f369-4544-84ef-ec54f8297e0e" testId="783915fe-114a-e353-78dd-56e92a60f942" testName="all_persons_modal_should" computerName="ARPAN-LAP" duration="00:00:00.5174253" startTime="2014-06-29T11:55:10.6844548+05:30" endTime="2014-06-29T11:55:11.2604877+05:30" testType="13cdc9d9-ddb5-4fa4-a97d-d965ccfc6d4b" outcome="Passed" testListId="8c84fa94-04c1-424b-9868-57a2d4851a1d" relativeResultsDirectory="a855549f-f369-4544-84ef-ec54f8297e0e" resultType="DataDrivenTest">
      <Counters error="0" failed="0" timeout="0" aborted="0" inconclusive="0" passedButRunAborted="0" notRunnable="0" notExecuted="0" disconnected="0" warning="0" passed="17" completed="0" inProgress="0" pending="0" />
      <InnerResults>
        <UnitTestResult executionId="201d969e-d6dc-4ba4-a9ab-c09c999de33a" parentExecutionId="a855549f-f369-4544-84ef-ec54f8297e0e" testId="783915fe-114a-e353-78dd-56e92a60f942" testName="all_persons_modal_should" computerName="ARPAN-LAP" duration="00:00:00.0265634" startTime="2014-06-29T11:55:10.7094562+05:30" endTime="2014-06-29T11:55:10.7354577+05:30" testType="13cdc9d9-ddb5-4fa4-a97d-d965ccfc6d4b" outcome="Passed" testListId="8c84fa94-04c1-424b-9868-57a2d4851a1d" relativeResultsDirectory="a855549f-f369-4544-84ef-ec54f8297e0e" dataRowInfo="0" resultType="DataDrivenDataRow" />
        <UnitTestResult executionId="af28537c-dd25-40d2-8a17-20495444b344" parentExecutionId="a855549f-f369-4544-84ef-ec54f8297e0e" testId="783915fe-114a-e353-78dd-56e92a60f942" testName="all_persons_modal_should" computerName="ARPAN-LAP" duration="00:00:00.0298950" startTime="2014-06-29T11:55:10.7354577+05:30" endTime="2014-06-29T11:55:10.7654594+05:30" testType="13cdc9d9-ddb5-4fa4-a97d-d965ccfc6d4b" outcome="Passed" testListId="8c84fa94-04c1-424b-9868-57a2d4851a1d" relativeResultsDirectory="a855549f-f369-4544-84ef-ec54f8297e0e" dataRowInfo="1" resultType="DataDrivenDataRow" />
        <UnitTestResult executionId="a1677e56-51c0-4fa1-9d5d-66b94c0046f3" parentExecutionId="a855549f-f369-4544-84ef-ec54f8297e0e" testId="783915fe-114a-e353-78dd-56e92a60f942" testName="all_persons_modal_should" computerName="ARPAN-LAP" duration="00:00:00.0460133" startTime="2014-06-29T11:55:10.7654594+05:30" endTime="2014-06-29T11:55:10.8114620+05:30" testType="13cdc9d9-ddb5-4fa4-a97d-d965ccfc6d4b" outcome="Passed" testListId="8c84fa94-04c1-424b-9868-57a2d4851a1d" relativeResultsDirectory="a855549f-f369-4544-84ef-ec54f8297e0e" dataRowInfo="2" resultType="DataDrivenDataRow" />
        <UnitTestResult executionId="0d9a829c-111e-4a2f-8e1e-cd92866b9b10" parentExecutionId="a855549f-f369-4544-84ef-ec54f8297e0e" testId="783915fe-114a-e353-78dd-56e92a60f942" testName="all_persons_modal_should" computerName="ARPAN-LAP" duration="00:00:00.0483934" startTime="2014-06-29T11:55:10.8114620+05:30" endTime="2014-06-29T11:55:10.8604648+05:30" testType="13cdc9d9-ddb5-4fa4-a97d-d965ccfc6d4b" outcome="Passed" testListId="8c84fa94-04c1-424b-9868-57a2d4851a1d" relativeResultsDirectory="a855549f-f369-4544-84ef-ec54f8297e0e" dataRowInfo="3" resultType="DataDrivenDataRow" />
        <UnitTestResult executionId="77df6a06-4f9e-4a90-80b7-6c0c91e6e446" parentExecutionId="a855549f-f369-4544-84ef-ec54f8297e0e" testId="783915fe-114a-e353-78dd-56e92a60f942" testName="all_persons_modal_should" computerName="ARPAN-LAP" duration="00:00:00.0218818" startTime="2014-06-29T11:55:10.8604648+05:30" endTime="2014-06-29T11:55:10.8824661+05:30" testType="13cdc9d9-ddb5-4fa4-a97d-d965ccfc6d4b" outcome="Passed" testListId="8c84fa94-04c1-424b-9868-57a2d4851a1d" relativeResultsDirectory="a855549f-f369-4544-84ef-ec54f8297e0e" dataRowInfo="4" resultType="DataDrivenDataRow" />
        <UnitTestResult executionId="8f4f8566-5200-4b36-bcd5-6fede0e3b56c" parentExecutionId="a855549f-f369-4544-84ef-ec54f8297e0e" testId="783915fe-114a-e353-78dd-56e92a60f942" testName="all_persons_modal_should" computerName="ARPAN-LAP" duration="00:00:00.0234134" startTime="2014-06-29T11:55:10.8824661+05:30" endTime="2014-06-29T11:55:10.9054674+05:30" testType="13cdc9d9-ddb5-4fa4-a97d-d965ccfc6d4b" outcome="Passed" testListId="8c84fa94-04c1-424b-9868-57a2d4851a1d" relativeResultsDirectory="a855549f-f369-4544-84ef-ec54f8297e0e" dataRowInfo="5" resultType="DataDrivenDataRow" />
        <UnitTestResult executionId="5deb40aa-51c6-482a-863f-9d50e3257d2d" parentExecutionId="a855549f-f369-4544-84ef-ec54f8297e0e" testId="783915fe-114a-e353-78dd-56e92a60f942" testName="all_persons_modal_should" computerName="ARPAN-LAP" duration="00:00:00.0270915" startTime="2014-06-29T11:55:10.9054674+05:30" endTime="2014-06-29T11:55:10.9324689+05:30" testType="13cdc9d9-ddb5-4fa4-a97d-d965ccfc6d4b" outcome="Passed" testListId="8c84fa94-04c1-424b-9868-57a2d4851a1d" relativeResultsDirectory="a855549f-f369-4544-84ef-ec54f8297e0e" dataRowInfo="6" resultType="DataDrivenDataRow" />
        <UnitTestResult executionId="15dfa5eb-0166-4eae-8df1-180131fcc83c" parentExecutionId="a855549f-f369-4544-84ef-ec54f8297e0e" testId="783915fe-114a-e353-78dd-56e92a60f942" testName="all_persons_modal_should" computerName="ARPAN-LAP" duration="00:00:00.0308056" startTime="2014-06-29T11:55:10.9324689+05:30" endTime="2014-06-29T11:55:10.9634707+05:30" testType="13cdc9d9-ddb5-4fa4-a97d-d965ccfc6d4b" outcome="Passed" testListId="8c84fa94-04c1-424b-9868-57a2d4851a1d" relativeResultsDirectory="a855549f-f369-4544-84ef-ec54f8297e0e" dataRowInfo="7" resultType="DataDrivenDataRow" />
        <UnitTestResult executionId="bad2e340-d2f7-4e54-bc35-750dcfd3d242" parentExecutionId="a855549f-f369-4544-84ef-ec54f8297e0e" testId="783915fe-114a-e353-78dd-56e92a60f942" testName="all_persons_modal_should" computerName="ARPAN-LAP" duration="00:00:00.0186867" startTime="2014-06-29T11:55:10.9634707+05:30" endTime="2014-06-29T11:55:10.9824718+05:30" testType="13cdc9d9-ddb5-4fa4-a97d-d965ccfc6d4b" outcome="Passed" testListId="8c84fa94-04c1-424b-9868-57a2d4851a1d" relativeResultsDirectory="a855549f-f369-4544-84ef-ec54f8297e0e" dataRowInfo="8" resultType="DataDrivenDataRow" />
        <UnitTestResult executionId="85583692-cc83-41f0-8abc-de45838cfc0e" parentExecutionId="a855549f-f369-4544-84ef-ec54f8297e0e" testId="783915fe-114a-e353-78dd-56e92a60f942" testName="all_persons_modal_should" computerName="ARPAN-LAP" duration="00:00:00.0258140" startTime="2014-06-29T11:55:10.9824718+05:30" endTime="2014-06-29T11:55:11.0084733+05:30" testType="13cdc9d9-ddb5-4fa4-a97d-d965ccfc6d4b" outcome="Passed" testListId="8c84fa94-04c1-424b-9868-57a2d4851a1d" relativeResultsDirectory="a855549f-f369-4544-84ef-ec54f8297e0e" dataRowInfo="9" resultType="DataDrivenDataRow" />
        <UnitTestResult executionId="dd6c1657-ad1f-419a-99b3-3725d7f44393" parentExecutionId="a855549f-f369-4544-84ef-ec54f8297e0e" testId="783915fe-114a-e353-78dd-56e92a60f942" testName="all_persons_modal_should" computerName="ARPAN-LAP" duration="00:00:00.0252966" startTime="2014-06-29T11:55:11.0084733+05:30" endTime="2014-06-29T11:55:11.0334747+05:30" testType="13cdc9d9-ddb5-4fa4-a97d-d965ccfc6d4b" outcome="Passed" testListId="8c84fa94-04c1-424b-9868-57a2d4851a1d" relativeResultsDirectory="a855549f-f369-4544-84ef-ec54f8297e0e" dataRowInfo="10" resultType="DataDrivenDataRow" />
        <UnitTestResult executionId="1ea4b388-3beb-46ea-8890-9217af7c0d95" parentExecutionId="a855549f-f369-4544-84ef-ec54f8297e0e" testId="783915fe-114a-e353-78dd-56e92a60f942" testName="all_persons_modal_should" computerName="ARPAN-LAP" duration="00:00:00.0313989" startTime="2014-06-29T11:55:11.0334747+05:30" endTime="2014-06-29T11:55:11.0644765+05:30" testType="13cdc9d9-ddb5-4fa4-a97d-d965ccfc6d4b" outcome="Passed" testListId="8c84fa94-04c1-424b-9868-57a2d4851a1d" relativeResultsDirectory="a855549f-f369-4544-84ef-ec54f8297e0e" dataRowInfo="11" resultType="DataDrivenDataRow" />
        <UnitTestResult executionId="30d5671e-d07a-42b1-a8f1-ac217b97d10d" parentExecutionId="a855549f-f369-4544-84ef-ec54f8297e0e" testId="783915fe-114a-e353-78dd-56e92a60f942" testName="all_persons_modal_should" computerName="ARPAN-LAP" duration="00:00:00.0266588" startTime="2014-06-29T11:55:11.0644765+05:30" endTime="2014-06-29T11:55:11.0914780+05:30" testType="13cdc9d9-ddb5-4fa4-a97d-d965ccfc6d4b" outcome="Passed" testListId="8c84fa94-04c1-424b-9868-57a2d4851a1d" relativeResultsDirectory="a855549f-f369-4544-84ef-ec54f8297e0e" dataRowInfo="12" resultType="DataDrivenDataRow" />
        <UnitTestResult executionId="99954111-a57c-4e80-85fa-d002a3caa85f" parentExecutionId="a855549f-f369-4544-84ef-ec54f8297e0e" testId="783915fe-114a-e353-78dd-56e92a60f942" testName="all_persons_modal_should" computerName="ARPAN-LAP" duration="00:00:00.0303595" startTime="2014-06-29T11:55:11.0914780+05:30" endTime="2014-06-29T11:55:11.1224798+05:30" testType="13cdc9d9-ddb5-4fa4-a97d-d965ccfc6d4b" outcome="Passed" testListId="8c84fa94-04c1-424b-9868-57a2d4851a1d" relativeResultsDirectory="a855549f-f369-4544-84ef-ec54f8297e0e" dataRowInfo="13" resultType="DataDrivenDataRow" />
        <UnitTestResult executionId="28b88754-9f89-46fa-b961-34d93f231d7e" parentExecutionId="a855549f-f369-4544-84ef-ec54f8297e0e" testId="783915fe-114a-e353-78dd-56e92a60f942" testName="all_persons_modal_should" computerName="ARPAN-LAP" duration="00:00:00.0297405" startTime="2014-06-29T11:55:11.1224798+05:30" endTime="2014-06-29T11:55:11.1514815+05:30" testType="13cdc9d9-ddb5-4fa4-a97d-d965ccfc6d4b" outcome="Passed" testListId="8c84fa94-04c1-424b-9868-57a2d4851a1d" relativeResultsDirectory="a855549f-f369-4544-84ef-ec54f8297e0e" dataRowInfo="14" resultType="DataDrivenDataRow" />
        <UnitTestResult executionId="f438b277-627d-4e47-8338-624e2113669b" parentExecutionId="a855549f-f369-4544-84ef-ec54f8297e0e" testId="783915fe-114a-e353-78dd-56e92a60f942" testName="all_persons_modal_should" computerName="ARPAN-LAP" duration="00:00:00.0230526" startTime="2014-06-29T11:55:11.1514815+05:30" endTime="2014-06-29T11:55:11.1744828+05:30" testType="13cdc9d9-ddb5-4fa4-a97d-d965ccfc6d4b" outcome="Passed" testListId="8c84fa94-04c1-424b-9868-57a2d4851a1d" relativeResultsDirectory="a855549f-f369-4544-84ef-ec54f8297e0e" dataRowInfo="15" resultType="DataDrivenDataRow" />
        <UnitTestResult executionId="c2d17845-7b81-4eca-b27d-ef726cda761e" parentExecutionId="a855549f-f369-4544-84ef-ec54f8297e0e" testId="783915fe-114a-e353-78dd-56e92a60f942" testName="all_persons_modal_should" computerName="ARPAN-LAP" duration="00:00:00.0321986" startTime="2014-06-29T11:55:11.1744828+05:30" endTime="2014-06-29T11:55:11.2074847+05:30" testType="13cdc9d9-ddb5-4fa4-a97d-d965ccfc6d4b" outcome="Passed" testListId="8c84fa94-04c1-424b-9868-57a2d4851a1d" relativeResultsDirectory="a855549f-f369-4544-84ef-ec54f8297e0e" dataRowInfo="16" resultType="DataDrivenDataRow" />
      </InnerResults>
    </UnitTestResult>
    <UnitTestResult executionId="9d76afee-e1c6-42e8-99f7-9e543a67df49" testId="7f7910d1-dc89-39b4-b4cf-d9e6d7af9420" testName="interrogative_sentences_what" computerName="ARPAN-LAP" duration="00:00:00.2708397" startTime="2014-06-29T11:55:11.2694882+05:30" endTime="2014-06-29T11:55:11.5905066+05:30" testType="13cdc9d9-ddb5-4fa4-a97d-d965ccfc6d4b" outcome="Passed" testListId="8c84fa94-04c1-424b-9868-57a2d4851a1d" relativeResultsDirectory="9d76afee-e1c6-42e8-99f7-9e543a67df49" resultType="DataDrivenTest">
      <Counters error="0" failed="0" timeout="0" aborted="0" inconclusive="0" passedButRunAborted="0" notRunnable="0" notExecuted="0" disconnected="0" warning="0" passed="9" completed="0" inProgress="0" pending="0" />
      <InnerResults>
        <UnitTestResult executionId="ce4fa527-0b1d-4397-82f9-aa54a1ab8587" parentExecutionId="9d76afee-e1c6-42e8-99f7-9e543a67df49" testId="7f7910d1-dc89-39b4-b4cf-d9e6d7af9420" testName="interrogative_sentences_what" computerName="ARPAN-LAP" duration="00:00:00.0248028" startTime="2014-06-29T11:55:11.3054903+05:30" endTime="2014-06-29T11:55:11.3304917+05:30" testType="13cdc9d9-ddb5-4fa4-a97d-d965ccfc6d4b" outcome="Passed" testListId="8c84fa94-04c1-424b-9868-57a2d4851a1d" relativeResultsDirectory="9d76afee-e1c6-42e8-99f7-9e543a67df49" dataRowInfo="0" resultType="DataDrivenDataRow" />
        <UnitTestResult executionId="6d3e4da6-c58a-4e12-8cf9-f0a8028cdbb6" parentExecutionId="9d76afee-e1c6-42e8-99f7-9e543a67df49" testId="7f7910d1-dc89-39b4-b4cf-d9e6d7af9420" testName="interrogative_sentences_what" computerName="ARPAN-LAP" duration="00:00:00.0234925" startTime="2014-06-29T11:55:11.3304917+05:30" endTime="2014-06-29T11:55:11.3544931+05:30" testType="13cdc9d9-ddb5-4fa4-a97d-d965ccfc6d4b" outcome="Passed" testListId="8c84fa94-04c1-424b-9868-57a2d4851a1d" relativeResultsDirectory="9d76afee-e1c6-42e8-99f7-9e543a67df49" dataRowInfo="1" resultType="DataDrivenDataRow" />
        <UnitTestResult executionId="a8d03fdc-5de1-41c1-b7e6-695fca9a8e0b" parentExecutionId="9d76afee-e1c6-42e8-99f7-9e543a67df49" testId="7f7910d1-dc89-39b4-b4cf-d9e6d7af9420" testName="interrogative_sentences_what" computerName="ARPAN-LAP" duration="00:00:00.0308487" startTime="2014-06-29T11:55:11.3544931+05:30" endTime="2014-06-29T11:55:11.3854949+05:30" testType="13cdc9d9-ddb5-4fa4-a97d-d965ccfc6d4b" outcome="Passed" testListId="8c84fa94-04c1-424b-9868-57a2d4851a1d" relativeResultsDirectory="9d76afee-e1c6-42e8-99f7-9e543a67df49" dataRowInfo="2" resultType="DataDrivenDataRow" />
        <UnitTestResult executionId="b98e1ac6-2c7b-4e3a-8d44-23c64434805a" parentExecutionId="9d76afee-e1c6-42e8-99f7-9e543a67df49" testId="7f7910d1-dc89-39b4-b4cf-d9e6d7af9420" testName="interrogative_sentences_what" computerName="ARPAN-LAP" duration="00:00:00.0246509" startTime="2014-06-29T11:55:11.3854949+05:30" endTime="2014-06-29T11:55:11.4094962+05:30" testType="13cdc9d9-ddb5-4fa4-a97d-d965ccfc6d4b" outcome="Passed" testListId="8c84fa94-04c1-424b-9868-57a2d4851a1d" relativeResultsDirectory="9d76afee-e1c6-42e8-99f7-9e543a67df49" dataRowInfo="3" resultType="DataDrivenDataRow" />
        <UnitTestResult executionId="79d11a58-42c7-40bc-a1d4-518261271978" parentExecutionId="9d76afee-e1c6-42e8-99f7-9e543a67df49" testId="7f7910d1-dc89-39b4-b4cf-d9e6d7af9420" testName="interrogative_sentences_what" computerName="ARPAN-LAP" duration="00:00:00.0224177" startTime="2014-06-29T11:55:11.4094962+05:30" endTime="2014-06-29T11:55:11.4324975+05:30" testType="13cdc9d9-ddb5-4fa4-a97d-d965ccfc6d4b" outcome="Passed" testListId="8c84fa94-04c1-424b-9868-57a2d4851a1d" relativeResultsDirectory="9d76afee-e1c6-42e8-99f7-9e543a67df49" dataRowInfo="4" resultType="DataDrivenDataRow" />
        <UnitTestResult executionId="d9ad1826-160e-4cde-a0c4-a890a8c968e6" parentExecutionId="9d76afee-e1c6-42e8-99f7-9e543a67df49" testId="7f7910d1-dc89-39b4-b4cf-d9e6d7af9420" testName="interrogative_sentences_what" computerName="ARPAN-LAP" duration="00:00:00.0285123" startTime="2014-06-29T11:55:11.4324975+05:30" endTime="2014-06-29T11:55:11.4604991+05:30" testType="13cdc9d9-ddb5-4fa4-a97d-d965ccfc6d4b" outcome="Passed" testListId="8c84fa94-04c1-424b-9868-57a2d4851a1d" relativeResultsDirectory="9d76afee-e1c6-42e8-99f7-9e543a67df49" dataRowInfo="5" resultType="DataDrivenDataRow" />
        <UnitTestResult executionId="b80a1e73-522e-4692-a1d3-eae199d2a514" parentExecutionId="9d76afee-e1c6-42e8-99f7-9e543a67df49" testId="7f7910d1-dc89-39b4-b4cf-d9e6d7af9420" testName="interrogative_sentences_what" computerName="ARPAN-LAP" duration="00:00:00.0258787" startTime="2014-06-29T11:55:11.4604991+05:30" endTime="2014-06-29T11:55:11.4865006+05:30" testType="13cdc9d9-ddb5-4fa4-a97d-d965ccfc6d4b" outcome="Passed" testListId="8c84fa94-04c1-424b-9868-57a2d4851a1d" relativeResultsDirectory="9d76afee-e1c6-42e8-99f7-9e543a67df49" dataRowInfo="6" resultType="DataDrivenDataRow" />
        <UnitTestResult executionId="4e754ea5-3381-49b8-a976-0d4f1cc90b27" parentExecutionId="9d76afee-e1c6-42e8-99f7-9e543a67df49" testId="7f7910d1-dc89-39b4-b4cf-d9e6d7af9420" testName="interrogative_sentences_what" computerName="ARPAN-LAP" duration="00:00:00.0258864" startTime="2014-06-29T11:55:11.4865006+05:30" endTime="2014-06-29T11:55:11.5125021+05:30" testType="13cdc9d9-ddb5-4fa4-a97d-d965ccfc6d4b" outcome="Passed" testListId="8c84fa94-04c1-424b-9868-57a2d4851a1d" relativeResultsDirectory="9d76afee-e1c6-42e8-99f7-9e543a67df49" dataRowInfo="7" resultType="DataDrivenDataRow" />
        <UnitTestResult executionId="a4317a7e-6f70-4ed5-9cf8-1ab7e2cb85e3" parentExecutionId="9d76afee-e1c6-42e8-99f7-9e543a67df49" testId="7f7910d1-dc89-39b4-b4cf-d9e6d7af9420" testName="interrogative_sentences_what" computerName="ARPAN-LAP" duration="00:00:00.0369962" startTime="2014-06-29T11:55:11.5125021+05:30" endTime="2014-06-29T11:55:11.5495042+05:30" testType="13cdc9d9-ddb5-4fa4-a97d-d965ccfc6d4b" outcome="Passed" testListId="8c84fa94-04c1-424b-9868-57a2d4851a1d" relativeResultsDirectory="9d76afee-e1c6-42e8-99f7-9e543a67df49" dataRowInfo="8" resultType="DataDrivenDataRow" />
      </InnerResults>
    </UnitTestResult>
    <UnitTestResult executionId="a0f7eb9b-2706-45a6-8e80-312bf65c745c" testId="83c68223-dcaa-51dd-423f-434210a59f77" testName="second_person_tenses_active_negation" computerName="ARPAN-LAP" duration="00:00:00.2778849" startTime="2014-06-29T11:55:11.5995071+05:30" endTime="2014-06-29T11:55:11.9315261+05:30" testType="13cdc9d9-ddb5-4fa4-a97d-d965ccfc6d4b" outcome="Passed" testListId="8c84fa94-04c1-424b-9868-57a2d4851a1d" relativeResultsDirectory="a0f7eb9b-2706-45a6-8e80-312bf65c745c" resultType="DataDrivenTest">
      <Counters error="0" failed="0" timeout="0" aborted="0" inconclusive="0" passedButRunAborted="0" notRunnable="0" notExecuted="0" disconnected="0" warning="0" passed="10" completed="0" inProgress="0" pending="0" />
      <InnerResults>
        <UnitTestResult executionId="689c7fdc-1229-460e-9745-fed5a6cb7faa" parentExecutionId="a0f7eb9b-2706-45a6-8e80-312bf65c745c" testId="83c68223-dcaa-51dd-423f-434210a59f77" testName="second_person_tenses_active_negation" computerName="ARPAN-LAP" duration="00:00:00.0238846" startTime="2014-06-29T11:55:11.6295088+05:30" endTime="2014-06-29T11:55:11.6535102+05:30" testType="13cdc9d9-ddb5-4fa4-a97d-d965ccfc6d4b" outcome="Passed" testListId="8c84fa94-04c1-424b-9868-57a2d4851a1d" relativeResultsDirectory="a0f7eb9b-2706-45a6-8e80-312bf65c745c" dataRowInfo="0" resultType="DataDrivenDataRow" />
        <UnitTestResult executionId="c7605044-acb6-4bf3-b00c-d824619d7cff" parentExecutionId="a0f7eb9b-2706-45a6-8e80-312bf65c745c" testId="83c68223-dcaa-51dd-423f-434210a59f77" testName="second_person_tenses_active_negation" computerName="ARPAN-LAP" duration="00:00:00.0230238" startTime="2014-06-29T11:55:11.6535102+05:30" endTime="2014-06-29T11:55:11.6765115+05:30" testType="13cdc9d9-ddb5-4fa4-a97d-d965ccfc6d4b" outcome="Passed" testListId="8c84fa94-04c1-424b-9868-57a2d4851a1d" relativeResultsDirectory="a0f7eb9b-2706-45a6-8e80-312bf65c745c" dataRowInfo="1" resultType="DataDrivenDataRow" />
        <UnitTestResult executionId="8af95652-f922-4db1-a219-7aa39e182ffc" parentExecutionId="a0f7eb9b-2706-45a6-8e80-312bf65c745c" testId="83c68223-dcaa-51dd-423f-434210a59f77" testName="second_person_tenses_active_negation" computerName="ARPAN-LAP" duration="00:00:00.0220507" startTime="2014-06-29T11:55:11.6765115+05:30" endTime="2014-06-29T11:55:11.6985128+05:30" testType="13cdc9d9-ddb5-4fa4-a97d-d965ccfc6d4b" outcome="Passed" testListId="8c84fa94-04c1-424b-9868-57a2d4851a1d" relativeResultsDirectory="a0f7eb9b-2706-45a6-8e80-312bf65c745c" dataRowInfo="2" resultType="DataDrivenDataRow" />
        <UnitTestResult executionId="3b340014-951c-4ef2-abec-be58329b271c" parentExecutionId="a0f7eb9b-2706-45a6-8e80-312bf65c745c" testId="83c68223-dcaa-51dd-423f-434210a59f77" testName="second_person_tenses_active_negation" computerName="ARPAN-LAP" duration="00:00:00.0323921" startTime="2014-06-29T11:55:11.6985128+05:30" endTime="2014-06-29T11:55:11.7305146+05:30" testType="13cdc9d9-ddb5-4fa4-a97d-d965ccfc6d4b" outcome="Passed" testListId="8c84fa94-04c1-424b-9868-57a2d4851a1d" relativeResultsDirectory="a0f7eb9b-2706-45a6-8e80-312bf65c745c" dataRowInfo="3" resultType="DataDrivenDataRow" />
        <UnitTestResult executionId="5c13cae4-5ed7-4682-b738-51390bcf0f65" parentExecutionId="a0f7eb9b-2706-45a6-8e80-312bf65c745c" testId="83c68223-dcaa-51dd-423f-434210a59f77" testName="second_person_tenses_active_negation" computerName="ARPAN-LAP" duration="00:00:00.0228976" startTime="2014-06-29T11:55:11.7305146+05:30" endTime="2014-06-29T11:55:11.7535159+05:30" testType="13cdc9d9-ddb5-4fa4-a97d-d965ccfc6d4b" outcome="Passed" testListId="8c84fa94-04c1-424b-9868-57a2d4851a1d" relativeResultsDirectory="a0f7eb9b-2706-45a6-8e80-312bf65c745c" dataRowInfo="4" resultType="DataDrivenDataRow" />
        <UnitTestResult executionId="1819a13b-20ce-429e-8e91-762403c666f4" parentExecutionId="a0f7eb9b-2706-45a6-8e80-312bf65c745c" testId="83c68223-dcaa-51dd-423f-434210a59f77" testName="second_person_tenses_active_negation" computerName="ARPAN-LAP" duration="00:00:00.0210554" startTime="2014-06-29T11:55:11.7535159+05:30" endTime="2014-06-29T11:55:11.7745171+05:30" testType="13cdc9d9-ddb5-4fa4-a97d-d965ccfc6d4b" outcome="Passed" testListId="8c84fa94-04c1-424b-9868-57a2d4851a1d" relativeResultsDirectory="a0f7eb9b-2706-45a6-8e80-312bf65c745c" dataRowInfo="5" resultType="DataDrivenDataRow" />
        <UnitTestResult executionId="9913758e-5b58-4edc-b35c-f05923d90895" parentExecutionId="a0f7eb9b-2706-45a6-8e80-312bf65c745c" testId="83c68223-dcaa-51dd-423f-434210a59f77" testName="second_person_tenses_active_negation" computerName="ARPAN-LAP" duration="00:00:00.0227718" startTime="2014-06-29T11:55:11.7745171+05:30" endTime="2014-06-29T11:55:11.7975184+05:30" testType="13cdc9d9-ddb5-4fa4-a97d-d965ccfc6d4b" outcome="Passed" testListId="8c84fa94-04c1-424b-9868-57a2d4851a1d" relativeResultsDirectory="a0f7eb9b-2706-45a6-8e80-312bf65c745c" dataRowInfo="6" resultType="DataDrivenDataRow" />
        <UnitTestResult executionId="eabd6cbe-6952-4f4a-a1cf-9c34a1b2cb31" parentExecutionId="a0f7eb9b-2706-45a6-8e80-312bf65c745c" testId="83c68223-dcaa-51dd-423f-434210a59f77" testName="second_person_tenses_active_negation" computerName="ARPAN-LAP" duration="00:00:00.0285585" startTime="2014-06-29T11:55:11.7975184+05:30" endTime="2014-06-29T11:55:11.8265201+05:30" testType="13cdc9d9-ddb5-4fa4-a97d-d965ccfc6d4b" outcome="Passed" testListId="8c84fa94-04c1-424b-9868-57a2d4851a1d" relativeResultsDirectory="a0f7eb9b-2706-45a6-8e80-312bf65c745c" dataRowInfo="7" resultType="DataDrivenDataRow" />
        <UnitTestResult executionId="007a8926-b859-4a4d-ae54-da7e583fd12a" parentExecutionId="a0f7eb9b-2706-45a6-8e80-312bf65c745c" testId="83c68223-dcaa-51dd-423f-434210a59f77" testName="second_person_tenses_active_negation" computerName="ARPAN-LAP" duration="00:00:00.0236834" startTime="2014-06-29T11:55:11.8265201+05:30" endTime="2014-06-29T11:55:11.8505215+05:30" testType="13cdc9d9-ddb5-4fa4-a97d-d965ccfc6d4b" outcome="Passed" testListId="8c84fa94-04c1-424b-9868-57a2d4851a1d" relativeResultsDirectory="a0f7eb9b-2706-45a6-8e80-312bf65c745c" dataRowInfo="8" resultType="DataDrivenDataRow" />
        <UnitTestResult executionId="96b9e5ff-4ba8-4cf2-b1a5-30f83252a05d" parentExecutionId="a0f7eb9b-2706-45a6-8e80-312bf65c745c" testId="83c68223-dcaa-51dd-423f-434210a59f77" testName="second_person_tenses_active_negation" computerName="ARPAN-LAP" duration="00:00:00.0409540" startTime="2014-06-29T11:55:11.8505215+05:30" endTime="2014-06-29T11:55:11.8915238+05:30" testType="13cdc9d9-ddb5-4fa4-a97d-d965ccfc6d4b" outcome="Passed" testListId="8c84fa94-04c1-424b-9868-57a2d4851a1d" relativeResultsDirectory="a0f7eb9b-2706-45a6-8e80-312bf65c745c" dataRowInfo="9" resultType="DataDrivenDataRow" />
      </InnerResults>
    </UnitTestResult>
    <UnitTestResult executionId="d55cac20-69a2-485e-acbd-c6b7ee255395" testId="8fe5ccb3-a3f4-0f61-ad21-e94ef029e900" testName="all_persons_modal_can_may" computerName="ARPAN-LAP" duration="00:00:00.8089192" startTime="2014-06-29T11:55:11.9565275+05:30" endTime="2014-06-29T11:55:12.8565790+05:30" testType="13cdc9d9-ddb5-4fa4-a97d-d965ccfc6d4b" outcome="Passed" testListId="8c84fa94-04c1-424b-9868-57a2d4851a1d" relativeResultsDirectory="d55cac20-69a2-485e-acbd-c6b7ee255395" resultType="DataDrivenTest">
      <Counters error="0" failed="0" timeout="0" aborted="0" inconclusive="0" passedButRunAborted="0" notRunnable="0" notExecuted="0" disconnected="0" warning="0" passed="29" completed="0" inProgress="0" pending="0" />
      <InnerResults>
        <UnitTestResult executionId="633238da-0486-49e9-b193-dee514d256cf" parentExecutionId="d55cac20-69a2-485e-acbd-c6b7ee255395" testId="8fe5ccb3-a3f4-0f61-ad21-e94ef029e900" testName="all_persons_modal_can_may" computerName="ARPAN-LAP" duration="00:00:00.0284384" startTime="2014-06-29T11:55:11.9775287+05:30" endTime="2014-06-29T11:55:12.0055303+05:30" testType="13cdc9d9-ddb5-4fa4-a97d-d965ccfc6d4b" outcome="Passed" testListId="8c84fa94-04c1-424b-9868-57a2d4851a1d" relativeResultsDirectory="d55cac20-69a2-485e-acbd-c6b7ee255395" dataRowInfo="0" resultType="DataDrivenDataRow" />
        <UnitTestResult executionId="f6d1acc0-1946-4481-bd20-5b97befad370" parentExecutionId="d55cac20-69a2-485e-acbd-c6b7ee255395" testId="8fe5ccb3-a3f4-0f61-ad21-e94ef029e900" testName="all_persons_modal_can_may" computerName="ARPAN-LAP" duration="00:00:00.0235027" startTime="2014-06-29T11:55:12.0055303+05:30" endTime="2014-06-29T11:55:12.0295317+05:30" testType="13cdc9d9-ddb5-4fa4-a97d-d965ccfc6d4b" outcome="Passed" testListId="8c84fa94-04c1-424b-9868-57a2d4851a1d" relativeResultsDirectory="d55cac20-69a2-485e-acbd-c6b7ee255395" dataRowInfo="1" resultType="DataDrivenDataRow" />
        <UnitTestResult executionId="1f8fd184-6f58-46b5-bbe0-ba206e8715b2" parentExecutionId="d55cac20-69a2-485e-acbd-c6b7ee255395" testId="8fe5ccb3-a3f4-0f61-ad21-e94ef029e900" testName="all_persons_modal_can_may" computerName="ARPAN-LAP" duration="00:00:00.0285333" startTime="2014-06-29T11:55:12.0295317+05:30" endTime="2014-06-29T11:55:12.0575333+05:30" testType="13cdc9d9-ddb5-4fa4-a97d-d965ccfc6d4b" outcome="Passed" testListId="8c84fa94-04c1-424b-9868-57a2d4851a1d" relativeResultsDirectory="d55cac20-69a2-485e-acbd-c6b7ee255395" dataRowInfo="2" resultType="DataDrivenDataRow" />
        <UnitTestResult executionId="612a94b5-960a-40e6-9ff2-66cd1ff7621d" parentExecutionId="d55cac20-69a2-485e-acbd-c6b7ee255395" testId="8fe5ccb3-a3f4-0f61-ad21-e94ef029e900" testName="all_persons_modal_can_may" computerName="ARPAN-LAP" duration="00:00:00.0273045" startTime="2014-06-29T11:55:12.0575333+05:30" endTime="2014-06-29T11:55:12.0855349+05:30" testType="13cdc9d9-ddb5-4fa4-a97d-d965ccfc6d4b" outcome="Passed" testListId="8c84fa94-04c1-424b-9868-57a2d4851a1d" relativeResultsDirectory="d55cac20-69a2-485e-acbd-c6b7ee255395" dataRowInfo="3" resultType="DataDrivenDataRow" />
        <UnitTestResult executionId="ef89b1ed-7715-498d-86a9-3f52a58e2292" parentExecutionId="d55cac20-69a2-485e-acbd-c6b7ee255395" testId="8fe5ccb3-a3f4-0f61-ad21-e94ef029e900" testName="all_persons_modal_can_may" computerName="ARPAN-LAP" duration="00:00:00.0282151" startTime="2014-06-29T11:55:12.0855349+05:30" endTime="2014-06-29T11:55:12.1135365+05:30" testType="13cdc9d9-ddb5-4fa4-a97d-d965ccfc6d4b" outcome="Passed" testListId="8c84fa94-04c1-424b-9868-57a2d4851a1d" relativeResultsDirectory="d55cac20-69a2-485e-acbd-c6b7ee255395" dataRowInfo="4" resultType="DataDrivenDataRow" />
        <UnitTestResult executionId="100cc14f-567e-4868-8de4-705a9ed56bb3" parentExecutionId="d55cac20-69a2-485e-acbd-c6b7ee255395" testId="8fe5ccb3-a3f4-0f61-ad21-e94ef029e900" testName="all_persons_modal_can_may" computerName="ARPAN-LAP" duration="00:00:00.0311602" startTime="2014-06-29T11:55:12.1135365+05:30" endTime="2014-06-29T11:55:12.1445383+05:30" testType="13cdc9d9-ddb5-4fa4-a97d-d965ccfc6d4b" outcome="Passed" testListId="8c84fa94-04c1-424b-9868-57a2d4851a1d" relativeResultsDirectory="d55cac20-69a2-485e-acbd-c6b7ee255395" dataRowInfo="5" resultType="DataDrivenDataRow" />
        <UnitTestResult executionId="5bb65ba5-14c4-47fe-a17a-19ee7361cbcf" parentExecutionId="d55cac20-69a2-485e-acbd-c6b7ee255395" testId="8fe5ccb3-a3f4-0f61-ad21-e94ef029e900" testName="all_persons_modal_can_may" computerName="ARPAN-LAP" duration="00:00:00.0364254" startTime="2014-06-29T11:55:12.1445383+05:30" endTime="2014-06-29T11:55:12.1815404+05:30" testType="13cdc9d9-ddb5-4fa4-a97d-d965ccfc6d4b" outcome="Passed" testListId="8c84fa94-04c1-424b-9868-57a2d4851a1d" relativeResultsDirectory="d55cac20-69a2-485e-acbd-c6b7ee255395" dataRowInfo="6" resultType="DataDrivenDataRow" />
        <UnitTestResult executionId="bfa6fbd8-c4c3-4af7-b8be-e3412b5d8136" parentExecutionId="d55cac20-69a2-485e-acbd-c6b7ee255395" testId="8fe5ccb3-a3f4-0f61-ad21-e94ef029e900" testName="all_persons_modal_can_may" computerName="ARPAN-LAP" duration="00:00:00.0613597" startTime="2014-06-29T11:55:12.1815404+05:30" endTime="2014-06-29T11:55:12.2425439+05:30" testType="13cdc9d9-ddb5-4fa4-a97d-d965ccfc6d4b" outcome="Passed" testListId="8c84fa94-04c1-424b-9868-57a2d4851a1d" relativeResultsDirectory="d55cac20-69a2-485e-acbd-c6b7ee255395" dataRowInfo="7" resultType="DataDrivenDataRow" />
        <UnitTestResult executionId="e683b6de-2a66-48da-bff5-5dd78eb22132" parentExecutionId="d55cac20-69a2-485e-acbd-c6b7ee255395" testId="8fe5ccb3-a3f4-0f61-ad21-e94ef029e900" testName="all_persons_modal_can_may" computerName="ARPAN-LAP" duration="00:00:00.0375869" startTime="2014-06-29T11:55:12.2425439+05:30" endTime="2014-06-29T11:55:12.2805461+05:30" testType="13cdc9d9-ddb5-4fa4-a97d-d965ccfc6d4b" outcome="Passed" testListId="8c84fa94-04c1-424b-9868-57a2d4851a1d" relativeResultsDirectory="d55cac20-69a2-485e-acbd-c6b7ee255395" dataRowInfo="8" resultType="DataDrivenDataRow" />
        <UnitTestResult executionId="cf446310-932d-4a24-ae96-1472d78d417d" parentExecutionId="d55cac20-69a2-485e-acbd-c6b7ee255395" testId="8fe5ccb3-a3f4-0f61-ad21-e94ef029e900" testName="all_persons_modal_can_may" computerName="ARPAN-LAP" duration="00:00:00.0196388" startTime="2014-06-29T11:55:12.2805461+05:30" endTime="2014-06-29T11:55:12.3005472+05:30" testType="13cdc9d9-ddb5-4fa4-a97d-d965ccfc6d4b" outcome="Passed" testListId="8c84fa94-04c1-424b-9868-57a2d4851a1d" relativeResultsDirectory="d55cac20-69a2-485e-acbd-c6b7ee255395" dataRowInfo="9" resultType="DataDrivenDataRow" />
        <UnitTestResult executionId="a086a343-6581-4a94-9b32-d068fe5f908c" parentExecutionId="d55cac20-69a2-485e-acbd-c6b7ee255395" testId="8fe5ccb3-a3f4-0f61-ad21-e94ef029e900" testName="all_persons_modal_can_may" computerName="ARPAN-LAP" duration="00:00:00.0194987" startTime="2014-06-29T11:55:12.3005472+05:30" endTime="2014-06-29T11:55:12.3195483+05:30" testType="13cdc9d9-ddb5-4fa4-a97d-d965ccfc6d4b" outcome="Passed" testListId="8c84fa94-04c1-424b-9868-57a2d4851a1d" relativeResultsDirectory="d55cac20-69a2-485e-acbd-c6b7ee255395" dataRowInfo="10" resultType="DataDrivenDataRow" />
        <UnitTestResult executionId="c453455e-4d4a-4656-bbd8-f6d1eea9889e" parentExecutionId="d55cac20-69a2-485e-acbd-c6b7ee255395" testId="8fe5ccb3-a3f4-0f61-ad21-e94ef029e900" testName="all_persons_modal_can_may" computerName="ARPAN-LAP" duration="00:00:00.0225527" startTime="2014-06-29T11:55:12.3195483+05:30" endTime="2014-06-29T11:55:12.3425496+05:30" testType="13cdc9d9-ddb5-4fa4-a97d-d965ccfc6d4b" outcome="Passed" testListId="8c84fa94-04c1-424b-9868-57a2d4851a1d" relativeResultsDirectory="d55cac20-69a2-485e-acbd-c6b7ee255395" dataRowInfo="11" resultType="DataDrivenDataRow" />
        <UnitTestResult executionId="f588192a-9642-4cd1-95a3-4e27067881e2" parentExecutionId="d55cac20-69a2-485e-acbd-c6b7ee255395" testId="8fe5ccb3-a3f4-0f61-ad21-e94ef029e900" testName="all_persons_modal_can_may" computerName="ARPAN-LAP" duration="00:00:00.0246483" startTime="2014-06-29T11:55:12.3425496+05:30" endTime="2014-06-29T11:55:12.3665510+05:30" testType="13cdc9d9-ddb5-4fa4-a97d-d965ccfc6d4b" outcome="Passed" testListId="8c84fa94-04c1-424b-9868-57a2d4851a1d" relativeResultsDirectory="d55cac20-69a2-485e-acbd-c6b7ee255395" dataRowInfo="12" resultType="DataDrivenDataRow" />
        <UnitTestResult executionId="552758ac-805b-49fd-83a0-f43d13163a39" parentExecutionId="d55cac20-69a2-485e-acbd-c6b7ee255395" testId="8fe5ccb3-a3f4-0f61-ad21-e94ef029e900" testName="all_persons_modal_can_may" computerName="ARPAN-LAP" duration="00:00:00.0243060" startTime="2014-06-29T11:55:12.3665510+05:30" endTime="2014-06-29T11:55:12.3915524+05:30" testType="13cdc9d9-ddb5-4fa4-a97d-d965ccfc6d4b" outcome="Passed" testListId="8c84fa94-04c1-424b-9868-57a2d4851a1d" relativeResultsDirectory="d55cac20-69a2-485e-acbd-c6b7ee255395" dataRowInfo="13" resultType="DataDrivenDataRow" />
        <UnitTestResult executionId="e8ef8718-0d14-4aeb-8767-436b0ead3dfd" parentExecutionId="d55cac20-69a2-485e-acbd-c6b7ee255395" testId="8fe5ccb3-a3f4-0f61-ad21-e94ef029e900" testName="all_persons_modal_can_may" computerName="ARPAN-LAP" duration="00:00:00.0273764" startTime="2014-06-29T11:55:12.3915524+05:30" endTime="2014-06-29T11:55:12.4185539+05:30" testType="13cdc9d9-ddb5-4fa4-a97d-d965ccfc6d4b" outcome="Passed" testListId="8c84fa94-04c1-424b-9868-57a2d4851a1d" relativeResultsDirectory="d55cac20-69a2-485e-acbd-c6b7ee255395" dataRowInfo="14" resultType="DataDrivenDataRow" />
        <UnitTestResult executionId="ef145a6f-d93d-4dfe-8729-f8d43296c03e" parentExecutionId="d55cac20-69a2-485e-acbd-c6b7ee255395" testId="8fe5ccb3-a3f4-0f61-ad21-e94ef029e900" testName="all_persons_modal_can_may" computerName="ARPAN-LAP" duration="00:00:00.0268051" startTime="2014-06-29T11:55:12.4185539+05:30" endTime="2014-06-29T11:55:12.4455555+05:30" testType="13cdc9d9-ddb5-4fa4-a97d-d965ccfc6d4b" outcome="Passed" testListId="8c84fa94-04c1-424b-9868-57a2d4851a1d" relativeResultsDirectory="d55cac20-69a2-485e-acbd-c6b7ee255395" dataRowInfo="15" resultType="DataDrivenDataRow" />
        <UnitTestResult executionId="927ecb27-9123-4f6d-ba5a-a5876bb411ac" parentExecutionId="d55cac20-69a2-485e-acbd-c6b7ee255395" testId="8fe5ccb3-a3f4-0f61-ad21-e94ef029e900" testName="all_persons_modal_can_may" computerName="ARPAN-LAP" duration="00:00:00.0194869" startTime="2014-06-29T11:55:12.4455555+05:30" endTime="2014-06-29T11:55:12.4655566+05:30" testType="13cdc9d9-ddb5-4fa4-a97d-d965ccfc6d4b" outcome="Passed" testListId="8c84fa94-04c1-424b-9868-57a2d4851a1d" relativeResultsDirectory="d55cac20-69a2-485e-acbd-c6b7ee255395" dataRowInfo="16" resultType="DataDrivenDataRow" />
        <UnitTestResult executionId="611c3c2c-2e5c-4b86-b1f7-a646fc1b7466" parentExecutionId="d55cac20-69a2-485e-acbd-c6b7ee255395" testId="8fe5ccb3-a3f4-0f61-ad21-e94ef029e900" testName="all_persons_modal_can_may" computerName="ARPAN-LAP" duration="00:00:00.0211622" startTime="2014-06-29T11:55:12.4655566+05:30" endTime="2014-06-29T11:55:12.4865578+05:30" testType="13cdc9d9-ddb5-4fa4-a97d-d965ccfc6d4b" outcome="Passed" testListId="8c84fa94-04c1-424b-9868-57a2d4851a1d" relativeResultsDirectory="d55cac20-69a2-485e-acbd-c6b7ee255395" dataRowInfo="17" resultType="DataDrivenDataRow" />
        <UnitTestResult executionId="36ebea1e-e602-4a12-aee6-b3353e6e269f" parentExecutionId="d55cac20-69a2-485e-acbd-c6b7ee255395" testId="8fe5ccb3-a3f4-0f61-ad21-e94ef029e900" testName="all_persons_modal_can_may" computerName="ARPAN-LAP" duration="00:00:00.0216739" startTime="2014-06-29T11:55:12.4865578+05:30" endTime="2014-06-29T11:55:12.5085591+05:30" testType="13cdc9d9-ddb5-4fa4-a97d-d965ccfc6d4b" outcome="Passed" testListId="8c84fa94-04c1-424b-9868-57a2d4851a1d" relativeResultsDirectory="d55cac20-69a2-485e-acbd-c6b7ee255395" dataRowInfo="18" resultType="DataDrivenDataRow" />
        <UnitTestResult executionId="9ff9968a-299c-43f1-a15a-9e504291867e" parentExecutionId="d55cac20-69a2-485e-acbd-c6b7ee255395" testId="8fe5ccb3-a3f4-0f61-ad21-e94ef029e900" testName="all_persons_modal_can_may" computerName="ARPAN-LAP" duration="00:00:00.0227533" startTime="2014-06-29T11:55:12.5085591+05:30" endTime="2014-06-29T11:55:12.5305604+05:30" testType="13cdc9d9-ddb5-4fa4-a97d-d965ccfc6d4b" outcome="Passed" testListId="8c84fa94-04c1-424b-9868-57a2d4851a1d" relativeResultsDirectory="d55cac20-69a2-485e-acbd-c6b7ee255395" dataRowInfo="19" resultType="DataDrivenDataRow" />
        <UnitTestResult executionId="bcc04807-1da6-4dbc-b695-053313fad24f" parentExecutionId="d55cac20-69a2-485e-acbd-c6b7ee255395" testId="8fe5ccb3-a3f4-0f61-ad21-e94ef029e900" testName="all_persons_modal_can_may" computerName="ARPAN-LAP" duration="00:00:00.0243794" startTime="2014-06-29T11:55:12.5305604+05:30" endTime="2014-06-29T11:55:12.5555618+05:30" testType="13cdc9d9-ddb5-4fa4-a97d-d965ccfc6d4b" outcome="Passed" testListId="8c84fa94-04c1-424b-9868-57a2d4851a1d" relativeResultsDirectory="d55cac20-69a2-485e-acbd-c6b7ee255395" dataRowInfo="20" resultType="DataDrivenDataRow" />
        <UnitTestResult executionId="194eddbb-62ff-48db-8c40-dd806fb8170f" parentExecutionId="d55cac20-69a2-485e-acbd-c6b7ee255395" testId="8fe5ccb3-a3f4-0f61-ad21-e94ef029e900" testName="all_persons_modal_can_may" computerName="ARPAN-LAP" duration="00:00:00.0256657" startTime="2014-06-29T11:55:12.5555618+05:30" endTime="2014-06-29T11:55:12.5815633+05:30" testType="13cdc9d9-ddb5-4fa4-a97d-d965ccfc6d4b" outcome="Passed" testListId="8c84fa94-04c1-424b-9868-57a2d4851a1d" relativeResultsDirectory="d55cac20-69a2-485e-acbd-c6b7ee255395" dataRowInfo="21" resultType="DataDrivenDataRow" />
        <UnitTestResult executionId="69b70776-bf83-435b-a9ef-86af6cd3b380" parentExecutionId="d55cac20-69a2-485e-acbd-c6b7ee255395" testId="8fe5ccb3-a3f4-0f61-ad21-e94ef029e900" testName="all_persons_modal_can_may" computerName="ARPAN-LAP" duration="00:00:00.0269940" startTime="2014-06-29T11:55:12.5815633+05:30" endTime="2014-06-29T11:55:12.6085648+05:30" testType="13cdc9d9-ddb5-4fa4-a97d-d965ccfc6d4b" outcome="Passed" testListId="8c84fa94-04c1-424b-9868-57a2d4851a1d" relativeResultsDirectory="d55cac20-69a2-485e-acbd-c6b7ee255395" dataRowInfo="22" resultType="DataDrivenDataRow" />
        <UnitTestResult executionId="2e903fe9-139d-4159-b46c-bf0bc478a072" parentExecutionId="d55cac20-69a2-485e-acbd-c6b7ee255395" testId="8fe5ccb3-a3f4-0f61-ad21-e94ef029e900" testName="all_persons_modal_can_may" computerName="ARPAN-LAP" duration="00:00:00.0241346" startTime="2014-06-29T11:55:12.6085648+05:30" endTime="2014-06-29T11:55:12.6325662+05:30" testType="13cdc9d9-ddb5-4fa4-a97d-d965ccfc6d4b" outcome="Passed" testListId="8c84fa94-04c1-424b-9868-57a2d4851a1d" relativeResultsDirectory="d55cac20-69a2-485e-acbd-c6b7ee255395" dataRowInfo="23" resultType="DataDrivenDataRow" />
        <UnitTestResult executionId="42f29108-5427-4e93-8060-d5cc6d5f4335" parentExecutionId="d55cac20-69a2-485e-acbd-c6b7ee255395" testId="8fe5ccb3-a3f4-0f61-ad21-e94ef029e900" testName="all_persons_modal_can_may" computerName="ARPAN-LAP" duration="00:00:00.0231208" startTime="2014-06-29T11:55:12.6325662+05:30" endTime="2014-06-29T11:55:12.6555675+05:30" testType="13cdc9d9-ddb5-4fa4-a97d-d965ccfc6d4b" outcome="Passed" testListId="8c84fa94-04c1-424b-9868-57a2d4851a1d" relativeResultsDirectory="d55cac20-69a2-485e-acbd-c6b7ee255395" dataRowInfo="24" resultType="DataDrivenDataRow" />
        <UnitTestResult executionId="fd5eec21-abba-4dc7-a4ec-597e5b048154" parentExecutionId="d55cac20-69a2-485e-acbd-c6b7ee255395" testId="8fe5ccb3-a3f4-0f61-ad21-e94ef029e900" testName="all_persons_modal_can_may" computerName="ARPAN-LAP" duration="00:00:00.0248978" startTime="2014-06-29T11:55:12.6555675+05:30" endTime="2014-06-29T11:55:12.6805689+05:30" testType="13cdc9d9-ddb5-4fa4-a97d-d965ccfc6d4b" outcome="Passed" testListId="8c84fa94-04c1-424b-9868-57a2d4851a1d" relativeResultsDirectory="d55cac20-69a2-485e-acbd-c6b7ee255395" dataRowInfo="25" resultType="DataDrivenDataRow" />
        <UnitTestResult executionId="407d37d8-375d-4f80-8dee-dca786dc5a68" parentExecutionId="d55cac20-69a2-485e-acbd-c6b7ee255395" testId="8fe5ccb3-a3f4-0f61-ad21-e94ef029e900" testName="all_persons_modal_can_may" computerName="ARPAN-LAP" duration="00:00:00.0248306" startTime="2014-06-29T11:55:12.6805689+05:30" endTime="2014-06-29T11:55:12.7055704+05:30" testType="13cdc9d9-ddb5-4fa4-a97d-d965ccfc6d4b" outcome="Passed" testListId="8c84fa94-04c1-424b-9868-57a2d4851a1d" relativeResultsDirectory="d55cac20-69a2-485e-acbd-c6b7ee255395" dataRowInfo="26" resultType="DataDrivenDataRow" />
        <UnitTestResult executionId="c031a7aa-4b66-456e-bdbc-bde5039850ef" parentExecutionId="d55cac20-69a2-485e-acbd-c6b7ee255395" testId="8fe5ccb3-a3f4-0f61-ad21-e94ef029e900" testName="all_persons_modal_can_may" computerName="ARPAN-LAP" duration="00:00:00.0297185" startTime="2014-06-29T11:55:12.7055704+05:30" endTime="2014-06-29T11:55:12.7355721+05:30" testType="13cdc9d9-ddb5-4fa4-a97d-d965ccfc6d4b" outcome="Passed" testListId="8c84fa94-04c1-424b-9868-57a2d4851a1d" relativeResultsDirectory="d55cac20-69a2-485e-acbd-c6b7ee255395" dataRowInfo="27" resultType="DataDrivenDataRow" />
        <UnitTestResult executionId="c2660c18-3cea-4770-bfd9-fabf573232b7" parentExecutionId="d55cac20-69a2-485e-acbd-c6b7ee255395" testId="8fe5ccb3-a3f4-0f61-ad21-e94ef029e900" testName="all_persons_modal_can_may" computerName="ARPAN-LAP" duration="00:00:00.0347131" startTime="2014-06-29T11:55:12.7355721+05:30" endTime="2014-06-29T11:55:12.7695740+05:30" testType="13cdc9d9-ddb5-4fa4-a97d-d965ccfc6d4b" outcome="Passed" testListId="8c84fa94-04c1-424b-9868-57a2d4851a1d" relativeResultsDirectory="d55cac20-69a2-485e-acbd-c6b7ee255395" dataRowInfo="28" resultType="DataDrivenDataRow" />
      </InnerResults>
    </UnitTestResult>
    <UnitTestResult executionId="ab38bd24-1bac-46b8-872a-d89ed89ed91e" testId="921e6ab0-d7c2-6005-e523-6fd2d5e1a723" testName="first_person_tenses_active" computerName="ARPAN-LAP" duration="00:00:00.3501630" startTime="2014-06-29T11:55:12.8835805+05:30" endTime="2014-06-29T11:55:13.2766030+05:30" testType="13cdc9d9-ddb5-4fa4-a97d-d965ccfc6d4b" outcome="Passed" testListId="8c84fa94-04c1-424b-9868-57a2d4851a1d" relativeResultsDirectory="ab38bd24-1bac-46b8-872a-d89ed89ed91e" resultType="DataDrivenTest">
      <Counters error="0" failed="0" timeout="0" aborted="0" inconclusive="0" passedButRunAborted="0" notRunnable="0" notExecuted="0" disconnected="0" warning="0" passed="10" completed="0" inProgress="0" pending="0" />
      <InnerResults>
        <UnitTestResult executionId="f614a3f8-a40d-4564-8f72-cb1d371eeeac" parentExecutionId="ab38bd24-1bac-46b8-872a-d89ed89ed91e" testId="921e6ab0-d7c2-6005-e523-6fd2d5e1a723" testName="first_person_tenses_active" computerName="ARPAN-LAP" duration="00:00:00.0214974" startTime="2014-06-29T11:55:12.9165824+05:30" endTime="2014-06-29T11:55:12.9375836+05:30" testType="13cdc9d9-ddb5-4fa4-a97d-d965ccfc6d4b" outcome="Passed" testListId="8c84fa94-04c1-424b-9868-57a2d4851a1d" relativeResultsDirectory="ab38bd24-1bac-46b8-872a-d89ed89ed91e" dataRowInfo="0" resultType="DataDrivenDataRow" />
        <UnitTestResult executionId="98dbec1e-696c-4b2f-9cc4-e74878cba6f4" parentExecutionId="ab38bd24-1bac-46b8-872a-d89ed89ed91e" testId="921e6ab0-d7c2-6005-e523-6fd2d5e1a723" testName="first_person_tenses_active" computerName="ARPAN-LAP" duration="00:00:00.0248383" startTime="2014-06-29T11:55:12.9375836+05:30" endTime="2014-06-29T11:55:12.9625851+05:30" testType="13cdc9d9-ddb5-4fa4-a97d-d965ccfc6d4b" outcome="Passed" testListId="8c84fa94-04c1-424b-9868-57a2d4851a1d" relativeResultsDirectory="ab38bd24-1bac-46b8-872a-d89ed89ed91e" dataRowInfo="1" resultType="DataDrivenDataRow" />
        <UnitTestResult executionId="ae7d04cb-c579-4b04-88cb-25362c083b87" parentExecutionId="ab38bd24-1bac-46b8-872a-d89ed89ed91e" testId="921e6ab0-d7c2-6005-e523-6fd2d5e1a723" testName="first_person_tenses_active" computerName="ARPAN-LAP" duration="00:00:00.0258140" startTime="2014-06-29T11:55:12.9625851+05:30" endTime="2014-06-29T11:55:12.9885866+05:30" testType="13cdc9d9-ddb5-4fa4-a97d-d965ccfc6d4b" outcome="Passed" testListId="8c84fa94-04c1-424b-9868-57a2d4851a1d" relativeResultsDirectory="ab38bd24-1bac-46b8-872a-d89ed89ed91e" dataRowInfo="2" resultType="DataDrivenDataRow" />
        <UnitTestResult executionId="b6a54f6a-73a5-42e9-a89e-b2c0ee5ac3e1" parentExecutionId="ab38bd24-1bac-46b8-872a-d89ed89ed91e" testId="921e6ab0-d7c2-6005-e523-6fd2d5e1a723" testName="first_person_tenses_active" computerName="ARPAN-LAP" duration="00:00:00.0306239" startTime="2014-06-29T11:55:12.9885866+05:30" endTime="2014-06-29T11:55:13.0195883+05:30" testType="13cdc9d9-ddb5-4fa4-a97d-d965ccfc6d4b" outcome="Passed" testListId="8c84fa94-04c1-424b-9868-57a2d4851a1d" relativeResultsDirectory="ab38bd24-1bac-46b8-872a-d89ed89ed91e" dataRowInfo="3" resultType="DataDrivenDataRow" />
        <UnitTestResult executionId="7a0b6cce-d4ae-409a-a942-e05699ebd511" parentExecutionId="ab38bd24-1bac-46b8-872a-d89ed89ed91e" testId="921e6ab0-d7c2-6005-e523-6fd2d5e1a723" testName="first_person_tenses_active" computerName="ARPAN-LAP" duration="00:00:00.0223391" startTime="2014-06-29T11:55:13.0195883+05:30" endTime="2014-06-29T11:55:13.0415896+05:30" testType="13cdc9d9-ddb5-4fa4-a97d-d965ccfc6d4b" outcome="Passed" testListId="8c84fa94-04c1-424b-9868-57a2d4851a1d" relativeResultsDirectory="ab38bd24-1bac-46b8-872a-d89ed89ed91e" dataRowInfo="4" resultType="DataDrivenDataRow" />
        <UnitTestResult executionId="3181ede8-ba5d-410f-b0c7-23e14f52aa69" parentExecutionId="ab38bd24-1bac-46b8-872a-d89ed89ed91e" testId="921e6ab0-d7c2-6005-e523-6fd2d5e1a723" testName="first_person_tenses_active" computerName="ARPAN-LAP" duration="00:00:00.0541749" startTime="2014-06-29T11:55:13.0415896+05:30" endTime="2014-06-29T11:55:13.0955927+05:30" testType="13cdc9d9-ddb5-4fa4-a97d-d965ccfc6d4b" outcome="Passed" testListId="8c84fa94-04c1-424b-9868-57a2d4851a1d" relativeResultsDirectory="ab38bd24-1bac-46b8-872a-d89ed89ed91e" dataRowInfo="5" resultType="DataDrivenDataRow" />
        <UnitTestResult executionId="71ffa3a9-33a4-4221-b372-ae30d592e38d" parentExecutionId="ab38bd24-1bac-46b8-872a-d89ed89ed91e" testId="921e6ab0-d7c2-6005-e523-6fd2d5e1a723" testName="first_person_tenses_active" computerName="ARPAN-LAP" duration="00:00:00.0254875" startTime="2014-06-29T11:55:13.0955927+05:30" endTime="2014-06-29T11:55:13.1215942+05:30" testType="13cdc9d9-ddb5-4fa4-a97d-d965ccfc6d4b" outcome="Passed" testListId="8c84fa94-04c1-424b-9868-57a2d4851a1d" relativeResultsDirectory="ab38bd24-1bac-46b8-872a-d89ed89ed91e" dataRowInfo="6" resultType="DataDrivenDataRow" />
        <UnitTestResult executionId="037c65d7-c70e-4a3d-beb4-5664fe521dcd" parentExecutionId="ab38bd24-1bac-46b8-872a-d89ed89ed91e" testId="921e6ab0-d7c2-6005-e523-6fd2d5e1a723" testName="first_person_tenses_active" computerName="ARPAN-LAP" duration="00:00:00.0416818" startTime="2014-06-29T11:55:13.1215942+05:30" endTime="2014-06-29T11:55:13.1635966+05:30" testType="13cdc9d9-ddb5-4fa4-a97d-d965ccfc6d4b" outcome="Passed" testListId="8c84fa94-04c1-424b-9868-57a2d4851a1d" relativeResultsDirectory="ab38bd24-1bac-46b8-872a-d89ed89ed91e" dataRowInfo="7" resultType="DataDrivenDataRow" />
        <UnitTestResult executionId="df69af8a-89cc-4345-849c-8a5432f84588" parentExecutionId="ab38bd24-1bac-46b8-872a-d89ed89ed91e" testId="921e6ab0-d7c2-6005-e523-6fd2d5e1a723" testName="first_person_tenses_active" computerName="ARPAN-LAP" duration="00:00:00.0424954" startTime="2014-06-29T11:55:13.1635966+05:30" endTime="2014-06-29T11:55:13.2055990+05:30" testType="13cdc9d9-ddb5-4fa4-a97d-d965ccfc6d4b" outcome="Passed" testListId="8c84fa94-04c1-424b-9868-57a2d4851a1d" relativeResultsDirectory="ab38bd24-1bac-46b8-872a-d89ed89ed91e" dataRowInfo="8" resultType="DataDrivenDataRow" />
        <UnitTestResult executionId="bb72966d-ccad-4ef1-bea7-73ad19362a1a" parentExecutionId="ab38bd24-1bac-46b8-872a-d89ed89ed91e" testId="921e6ab0-d7c2-6005-e523-6fd2d5e1a723" testName="first_person_tenses_active" computerName="ARPAN-LAP" duration="00:00:00.0386268" startTime="2014-06-29T11:55:13.2055990+05:30" endTime="2014-06-29T11:55:13.2446012+05:30" testType="13cdc9d9-ddb5-4fa4-a97d-d965ccfc6d4b" outcome="Passed" testListId="8c84fa94-04c1-424b-9868-57a2d4851a1d" relativeResultsDirectory="ab38bd24-1bac-46b8-872a-d89ed89ed91e" dataRowInfo="9" resultType="DataDrivenDataRow" />
      </InnerResults>
    </UnitTestResult>
    <UnitTestResult executionId="792b5d1c-df34-4b9a-aeeb-3085656dada5" testId="9319d01e-de3e-d310-c76e-cae8dce4c924" testName="all_persons_modal_should_negation" computerName="ARPAN-LAP" duration="00:00:00.5666615" startTime="2014-06-29T11:55:13.2886037+05:30" endTime="2014-06-29T11:55:13.9076391+05:30" testType="13cdc9d9-ddb5-4fa4-a97d-d965ccfc6d4b" outcome="Passed" testListId="8c84fa94-04c1-424b-9868-57a2d4851a1d" relativeResultsDirectory="792b5d1c-df34-4b9a-aeeb-3085656dada5" resultType="DataDrivenTest">
      <Counters error="0" failed="0" timeout="0" aborted="0" inconclusive="0" passedButRunAborted="0" notRunnable="0" notExecuted="0" disconnected="0" warning="0" passed="17" completed="0" inProgress="0" pending="0" />
      <InnerResults>
        <UnitTestResult executionId="53426f13-ff2e-4283-b3c9-ab80fdbf984c" parentExecutionId="792b5d1c-df34-4b9a-aeeb-3085656dada5" testId="9319d01e-de3e-d310-c76e-cae8dce4c924" testName="all_persons_modal_should_negation" computerName="ARPAN-LAP" duration="00:00:00.0279964" startTime="2014-06-29T11:55:13.3056047+05:30" endTime="2014-06-29T11:55:13.3336063+05:30" testType="13cdc9d9-ddb5-4fa4-a97d-d965ccfc6d4b" outcome="Passed" testListId="8c84fa94-04c1-424b-9868-57a2d4851a1d" relativeResultsDirectory="792b5d1c-df34-4b9a-aeeb-3085656dada5" dataRowInfo="0" resultType="DataDrivenDataRow" />
        <UnitTestResult executionId="ace6427a-92f9-46d8-a9e7-f4ddca9b517d" parentExecutionId="792b5d1c-df34-4b9a-aeeb-3085656dada5" testId="9319d01e-de3e-d310-c76e-cae8dce4c924" testName="all_persons_modal_should_negation" computerName="ARPAN-LAP" duration="00:00:00.0343595" startTime="2014-06-29T11:55:13.3336063+05:30" endTime="2014-06-29T11:55:13.3676082+05:30" testType="13cdc9d9-ddb5-4fa4-a97d-d965ccfc6d4b" outcome="Passed" testListId="8c84fa94-04c1-424b-9868-57a2d4851a1d" relativeResultsDirectory="792b5d1c-df34-4b9a-aeeb-3085656dada5" dataRowInfo="1" resultType="DataDrivenDataRow" />
        <UnitTestResult executionId="99c4bb9f-bb67-4c83-a039-5ab37f680a1f" parentExecutionId="792b5d1c-df34-4b9a-aeeb-3085656dada5" testId="9319d01e-de3e-d310-c76e-cae8dce4c924" testName="all_persons_modal_should_negation" computerName="ARPAN-LAP" duration="00:00:00.0314759" startTime="2014-06-29T11:55:13.3676082+05:30" endTime="2014-06-29T11:55:13.3996101+05:30" testType="13cdc9d9-ddb5-4fa4-a97d-d965ccfc6d4b" outcome="Passed" testListId="8c84fa94-04c1-424b-9868-57a2d4851a1d" relativeResultsDirectory="792b5d1c-df34-4b9a-aeeb-3085656dada5" dataRowInfo="2" resultType="DataDrivenDataRow" />
        <UnitTestResult executionId="68ac2e73-bd53-4ac1-9141-6bc00af0be9d" parentExecutionId="792b5d1c-df34-4b9a-aeeb-3085656dada5" testId="9319d01e-de3e-d310-c76e-cae8dce4c924" testName="all_persons_modal_should_negation" computerName="ARPAN-LAP" duration="00:00:00.0384102" startTime="2014-06-29T11:55:13.3996101+05:30" endTime="2014-06-29T11:55:13.4376122+05:30" testType="13cdc9d9-ddb5-4fa4-a97d-d965ccfc6d4b" outcome="Passed" testListId="8c84fa94-04c1-424b-9868-57a2d4851a1d" relativeResultsDirectory="792b5d1c-df34-4b9a-aeeb-3085656dada5" dataRowInfo="3" resultType="DataDrivenDataRow" />
        <UnitTestResult executionId="4238a476-2a85-4519-a282-0ddee2a3851b" parentExecutionId="792b5d1c-df34-4b9a-aeeb-3085656dada5" testId="9319d01e-de3e-d310-c76e-cae8dce4c924" testName="all_persons_modal_should_negation" computerName="ARPAN-LAP" duration="00:00:00.0229797" startTime="2014-06-29T11:55:13.4376122+05:30" endTime="2014-06-29T11:55:13.4606135+05:30" testType="13cdc9d9-ddb5-4fa4-a97d-d965ccfc6d4b" outcome="Passed" testListId="8c84fa94-04c1-424b-9868-57a2d4851a1d" relativeResultsDirectory="792b5d1c-df34-4b9a-aeeb-3085656dada5" dataRowInfo="4" resultType="DataDrivenDataRow" />
        <UnitTestResult executionId="601715b0-7096-42d5-80a2-ce43faf64fb9" parentExecutionId="792b5d1c-df34-4b9a-aeeb-3085656dada5" testId="9319d01e-de3e-d310-c76e-cae8dce4c924" testName="all_persons_modal_should_negation" computerName="ARPAN-LAP" duration="00:00:00.0265706" startTime="2014-06-29T11:55:13.4606135+05:30" endTime="2014-06-29T11:55:13.4876151+05:30" testType="13cdc9d9-ddb5-4fa4-a97d-d965ccfc6d4b" outcome="Passed" testListId="8c84fa94-04c1-424b-9868-57a2d4851a1d" relativeResultsDirectory="792b5d1c-df34-4b9a-aeeb-3085656dada5" dataRowInfo="5" resultType="DataDrivenDataRow" />
        <UnitTestResult executionId="6dfc5d54-6263-4caa-808d-cf5bce3e2f51" parentExecutionId="792b5d1c-df34-4b9a-aeeb-3085656dada5" testId="9319d01e-de3e-d310-c76e-cae8dce4c924" testName="all_persons_modal_should_negation" computerName="ARPAN-LAP" duration="00:00:00.0309698" startTime="2014-06-29T11:55:13.4876151+05:30" endTime="2014-06-29T11:55:13.5186169+05:30" testType="13cdc9d9-ddb5-4fa4-a97d-d965ccfc6d4b" outcome="Passed" testListId="8c84fa94-04c1-424b-9868-57a2d4851a1d" relativeResultsDirectory="792b5d1c-df34-4b9a-aeeb-3085656dada5" dataRowInfo="6" resultType="DataDrivenDataRow" />
        <UnitTestResult executionId="7cdb35c5-537f-4d84-84ba-eb292717e67c" parentExecutionId="792b5d1c-df34-4b9a-aeeb-3085656dada5" testId="9319d01e-de3e-d310-c76e-cae8dce4c924" testName="all_persons_modal_should_negation" computerName="ARPAN-LAP" duration="00:00:00.0351622" startTime="2014-06-29T11:55:13.5186169+05:30" endTime="2014-06-29T11:55:13.5536189+05:30" testType="13cdc9d9-ddb5-4fa4-a97d-d965ccfc6d4b" outcome="Passed" testListId="8c84fa94-04c1-424b-9868-57a2d4851a1d" relativeResultsDirectory="792b5d1c-df34-4b9a-aeeb-3085656dada5" dataRowInfo="7" resultType="DataDrivenDataRow" />
        <UnitTestResult executionId="36c71646-967e-4758-824b-51dec1000122" parentExecutionId="792b5d1c-df34-4b9a-aeeb-3085656dada5" testId="9319d01e-de3e-d310-c76e-cae8dce4c924" testName="all_persons_modal_should_negation" computerName="ARPAN-LAP" duration="00:00:00.0371506" startTime="2014-06-29T11:55:13.5536189+05:30" endTime="2014-06-29T11:55:13.5906210+05:30" testType="13cdc9d9-ddb5-4fa4-a97d-d965ccfc6d4b" outcome="Passed" testListId="8c84fa94-04c1-424b-9868-57a2d4851a1d" relativeResultsDirectory="792b5d1c-df34-4b9a-aeeb-3085656dada5" dataRowInfo="8" resultType="DataDrivenDataRow" />
        <UnitTestResult executionId="ee44952f-fa5b-45ec-b237-44f086513918" parentExecutionId="792b5d1c-df34-4b9a-aeeb-3085656dada5" testId="9319d01e-de3e-d310-c76e-cae8dce4c924" testName="all_persons_modal_should_negation" computerName="ARPAN-LAP" duration="00:00:00.0423871" startTime="2014-06-29T11:55:13.5906210+05:30" endTime="2014-06-29T11:55:13.6336234+05:30" testType="13cdc9d9-ddb5-4fa4-a97d-d965ccfc6d4b" outcome="Passed" testListId="8c84fa94-04c1-424b-9868-57a2d4851a1d" relativeResultsDirectory="792b5d1c-df34-4b9a-aeeb-3085656dada5" dataRowInfo="9" resultType="DataDrivenDataRow" />
        <UnitTestResult executionId="3a275bf8-f02f-4952-8873-fea23c8c6f6e" parentExecutionId="792b5d1c-df34-4b9a-aeeb-3085656dada5" testId="9319d01e-de3e-d310-c76e-cae8dce4c924" testName="all_persons_modal_should_negation" computerName="ARPAN-LAP" duration="00:00:00.0332924" startTime="2014-06-29T11:55:13.6336234+05:30" endTime="2014-06-29T11:55:13.6666253+05:30" testType="13cdc9d9-ddb5-4fa4-a97d-d965ccfc6d4b" outcome="Passed" testListId="8c84fa94-04c1-424b-9868-57a2d4851a1d" relativeResultsDirectory="792b5d1c-df34-4b9a-aeeb-3085656dada5" dataRowInfo="10" resultType="DataDrivenDataRow" />
        <UnitTestResult executionId="62e7a8d3-2e18-41e5-a3bd-7adf43eb37b2" parentExecutionId="792b5d1c-df34-4b9a-aeeb-3085656dada5" testId="9319d01e-de3e-d310-c76e-cae8dce4c924" testName="all_persons_modal_should_negation" computerName="ARPAN-LAP" duration="00:00:00.0341536" startTime="2014-06-29T11:55:13.6666253+05:30" endTime="2014-06-29T11:55:13.7006273+05:30" testType="13cdc9d9-ddb5-4fa4-a97d-d965ccfc6d4b" outcome="Passed" testListId="8c84fa94-04c1-424b-9868-57a2d4851a1d" relativeResultsDirectory="792b5d1c-df34-4b9a-aeeb-3085656dada5" dataRowInfo="11" resultType="DataDrivenDataRow" />
        <UnitTestResult executionId="f0eb6e3c-62c1-49c2-b7be-e49c852cec30" parentExecutionId="792b5d1c-df34-4b9a-aeeb-3085656dada5" testId="9319d01e-de3e-d310-c76e-cae8dce4c924" testName="all_persons_modal_should_negation" computerName="ARPAN-LAP" duration="00:00:00.0314923" startTime="2014-06-29T11:55:13.7006273+05:30" endTime="2014-06-29T11:55:13.7326291+05:30" testType="13cdc9d9-ddb5-4fa4-a97d-d965ccfc6d4b" outcome="Passed" testListId="8c84fa94-04c1-424b-9868-57a2d4851a1d" relativeResultsDirectory="792b5d1c-df34-4b9a-aeeb-3085656dada5" dataRowInfo="12" resultType="DataDrivenDataRow" />
        <UnitTestResult executionId="9bf36532-6c16-463e-a3d6-e07b44de1945" parentExecutionId="792b5d1c-df34-4b9a-aeeb-3085656dada5" testId="9319d01e-de3e-d310-c76e-cae8dce4c924" testName="all_persons_modal_should_negation" computerName="ARPAN-LAP" duration="00:00:00.0325353" startTime="2014-06-29T11:55:13.7326291+05:30" endTime="2014-06-29T11:55:13.7646309+05:30" testType="13cdc9d9-ddb5-4fa4-a97d-d965ccfc6d4b" outcome="Passed" testListId="8c84fa94-04c1-424b-9868-57a2d4851a1d" relativeResultsDirectory="792b5d1c-df34-4b9a-aeeb-3085656dada5" dataRowInfo="13" resultType="DataDrivenDataRow" />
        <UnitTestResult executionId="af83f9ad-7fb6-4eba-883a-6a88f1d00042" parentExecutionId="792b5d1c-df34-4b9a-aeeb-3085656dada5" testId="9319d01e-de3e-d310-c76e-cae8dce4c924" testName="all_persons_modal_should_negation" computerName="ARPAN-LAP" duration="00:00:00.0305243" startTime="2014-06-29T11:55:13.7656310+05:30" endTime="2014-06-29T11:55:13.7956327+05:30" testType="13cdc9d9-ddb5-4fa4-a97d-d965ccfc6d4b" outcome="Passed" testListId="8c84fa94-04c1-424b-9868-57a2d4851a1d" relativeResultsDirectory="792b5d1c-df34-4b9a-aeeb-3085656dada5" dataRowInfo="14" resultType="DataDrivenDataRow" />
        <UnitTestResult executionId="321388ff-3120-48f4-ae74-e531436cee84" parentExecutionId="792b5d1c-df34-4b9a-aeeb-3085656dada5" testId="9319d01e-de3e-d310-c76e-cae8dce4c924" testName="all_persons_modal_should_negation" computerName="ARPAN-LAP" duration="00:00:00.0267327" startTime="2014-06-29T11:55:13.7956327+05:30" endTime="2014-06-29T11:55:13.8226343+05:30" testType="13cdc9d9-ddb5-4fa4-a97d-d965ccfc6d4b" outcome="Passed" testListId="8c84fa94-04c1-424b-9868-57a2d4851a1d" relativeResultsDirectory="792b5d1c-df34-4b9a-aeeb-3085656dada5" dataRowInfo="15" resultType="DataDrivenDataRow" />
        <UnitTestResult executionId="f6a5e5aa-2149-4a7b-9658-49c56733982e" parentExecutionId="792b5d1c-df34-4b9a-aeeb-3085656dada5" testId="9319d01e-de3e-d310-c76e-cae8dce4c924" testName="all_persons_modal_should_negation" computerName="ARPAN-LAP" duration="00:00:00.0350858" startTime="2014-06-29T11:55:13.8226343+05:30" endTime="2014-06-29T11:55:13.8576363+05:30" testType="13cdc9d9-ddb5-4fa4-a97d-d965ccfc6d4b" outcome="Passed" testListId="8c84fa94-04c1-424b-9868-57a2d4851a1d" relativeResultsDirectory="792b5d1c-df34-4b9a-aeeb-3085656dada5" dataRowInfo="16" resultType="DataDrivenDataRow" />
      </InnerResults>
    </UnitTestResult>
    <UnitTestResult executionId="449b314d-4c39-4c45-a769-a3faadf144d8" testId="97a1371f-e8e6-db3e-323e-49ffeef32df1" testName="interrogative_sentences_which" computerName="ARPAN-LAP" duration="00:00:00.0571334" startTime="2014-06-29T11:55:13.9166396+05:30" endTime="2014-06-29T11:55:13.9856436+05:30" testType="13cdc9d9-ddb5-4fa4-a97d-d965ccfc6d4b" outcome="Passed" testListId="8c84fa94-04c1-424b-9868-57a2d4851a1d" relativeResultsDirectory="449b314d-4c39-4c45-a769-a3faadf144d8" resultType="DataDrivenTest">
      <Counters error="0" failed="0" timeout="0" aborted="0" inconclusive="0" passedButRunAborted="0" notRunnable="0" notExecuted="0" disconnected="0" warning="0" passed="2" completed="0" inProgress="0" pending="0" />
      <InnerResults>
        <UnitTestResult executionId="edf13c3d-d778-48c1-a503-41aefdd15bd0" parentExecutionId="449b314d-4c39-4c45-a769-a3faadf144d8" testId="97a1371f-e8e6-db3e-323e-49ffeef32df1" testName="interrogative_sentences_which" computerName="ARPAN-LAP" duration="00:00:00.0271906" startTime="2014-06-29T11:55:13.9216399+05:30" endTime="2014-06-29T11:55:13.9486415+05:30" testType="13cdc9d9-ddb5-4fa4-a97d-d965ccfc6d4b" outcome="Passed" testListId="8c84fa94-04c1-424b-9868-57a2d4851a1d" relativeResultsDirectory="449b314d-4c39-4c45-a769-a3faadf144d8" dataRowInfo="0" resultType="DataDrivenDataRow" />
        <UnitTestResult executionId="be9f7a79-9185-4fd5-ba7e-c19817896d55" parentExecutionId="449b314d-4c39-4c45-a769-a3faadf144d8" testId="97a1371f-e8e6-db3e-323e-49ffeef32df1" testName="interrogative_sentences_which" computerName="ARPAN-LAP" duration="00:00:00.0271916" startTime="2014-06-29T11:55:13.9486415+05:30" endTime="2014-06-29T11:55:13.9766431+05:30" testType="13cdc9d9-ddb5-4fa4-a97d-d965ccfc6d4b" outcome="Passed" testListId="8c84fa94-04c1-424b-9868-57a2d4851a1d" relativeResultsDirectory="449b314d-4c39-4c45-a769-a3faadf144d8" dataRowInfo="1" resultType="DataDrivenDataRow" />
      </InnerResults>
    </UnitTestResult>
    <UnitTestResult executionId="bc3eaa4a-2763-4dab-a2e6-a025f00ed897" testId="b9261b51-b0a2-10e2-9308-22bb2624de8b" testName="interrogative_sentences_where" computerName="ARPAN-LAP" duration="00:00:00.1283711" startTime="2014-06-29T11:55:13.9946441+05:30" endTime="2014-06-29T11:55:14.1406524+05:30" testType="13cdc9d9-ddb5-4fa4-a97d-d965ccfc6d4b" outcome="Failed" testListId="8c84fa94-04c1-424b-9868-57a2d4851a1d" relativeResultsDirectory="bc3eaa4a-2763-4dab-a2e6-a025f00ed897" resultType="DataDrivenTest">
      <Counters error="0" failed="1" timeout="0" aborted="0" inconclusive="0" passedButRunAborted="0" notRunnable="0" notExecuted="0" disconnected="0" warning="0" passed="2" completed="0" inProgress="0" pending="0" />
      <InnerResults>
        <UnitTestResult executionId="6e15543b-ce8b-4563-b99b-8832222fcf92" parentExecutionId="bc3eaa4a-2763-4dab-a2e6-a025f00ed897" testId="b9261b51-b0a2-10e2-9308-22bb2624de8b" testName="interrogative_sentences_where" computerName="ARPAN-LAP" duration="00:00:00.0283475" startTime="2014-06-29T11:55:14.0376466+05:30" endTime="2014-06-29T11:55:14.0656482+05:30" testType="13cdc9d9-ddb5-4fa4-a97d-d965ccfc6d4b" outcome="Failed" testListId="8c84fa94-04c1-424b-9868-57a2d4851a1d" relativeResultsDirectory="bc3eaa4a-2763-4dab-a2e6-a025f00ed897" dataRowInfo="0" resultType="DataDrivenDataRow">
          <Output>
            <ErrorInfo>
              <Message>Assert.AreEqual failed. Expected:&lt;আজ আপনি কোথায় ?&gt;. Actual:&lt;আপনি আজ কোথায় ?&gt;. Where are you today?</Message>
              <StackTrace>   at UnitTest.BnlpTest.interrogative_sentences_where() in D:\software\Project\BNLP\UnitTest\BnlpTest.cs:line 310
</StackTrace>
            </ErrorInfo>
          </Output>
        </UnitTestResult>
        <UnitTestResult executionId="7b594c2d-d078-440d-900b-b16e25e6ad56" parentExecutionId="bc3eaa4a-2763-4dab-a2e6-a025f00ed897" testId="b9261b51-b0a2-10e2-9308-22bb2624de8b" testName="interrogative_sentences_where" computerName="ARPAN-LAP" duration="00:00:00.0304950" startTime="2014-06-29T11:55:14.0656482+05:30" endTime="2014-06-29T11:55:14.0966499+05:30" testType="13cdc9d9-ddb5-4fa4-a97d-d965ccfc6d4b" outcome="Passed" testListId="8c84fa94-04c1-424b-9868-57a2d4851a1d" relativeResultsDirectory="bc3eaa4a-2763-4dab-a2e6-a025f00ed897" dataRowInfo="1" resultType="DataDrivenDataRow" />
        <UnitTestResult executionId="e9f62234-ea5c-49a6-b421-55a96cd6525b" parentExecutionId="bc3eaa4a-2763-4dab-a2e6-a025f00ed897" testId="b9261b51-b0a2-10e2-9308-22bb2624de8b" testName="interrogative_sentences_where" computerName="ARPAN-LAP" duration="00:00:00.0325343" startTime="2014-06-29T11:55:14.0966499+05:30" endTime="2014-06-29T11:55:14.1286518+05:30" testType="13cdc9d9-ddb5-4fa4-a97d-d965ccfc6d4b" outcome="Passed" testListId="8c84fa94-04c1-424b-9868-57a2d4851a1d" relativeResultsDirectory="bc3eaa4a-2763-4dab-a2e6-a025f00ed897" dataRowInfo="2" resultType="DataDrivenDataRow" />
      </InnerResults>
    </UnitTestResult>
    <UnitTestResult executionId="13430afe-e241-4dfa-a8ba-0a1ddfdd0e29" testId="bdfe92b2-f4ac-73a5-f13d-5c1ea13721b4" testName="all_persons_tenses_passive_negation" computerName="ARPAN-LAP" duration="00:00:00.3998227" startTime="2014-06-29T11:55:14.1556533+05:30" endTime="2014-06-29T11:55:14.5886781+05:30" testType="13cdc9d9-ddb5-4fa4-a97d-d965ccfc6d4b" outcome="Passed" testListId="8c84fa94-04c1-424b-9868-57a2d4851a1d" relativeResultsDirectory="13430afe-e241-4dfa-a8ba-0a1ddfdd0e29" resultType="DataDrivenTest">
      <Counters error="0" failed="0" timeout="0" aborted="0" inconclusive="0" passedButRunAborted="0" notRunnable="0" notExecuted="0" disconnected="0" warning="0" passed="10" completed="0" inProgress="0" pending="0" />
      <InnerResults>
        <UnitTestResult executionId="219f0772-8d04-4551-add3-f93424ef5bd5" parentExecutionId="13430afe-e241-4dfa-a8ba-0a1ddfdd0e29" testId="bdfe92b2-f4ac-73a5-f13d-5c1ea13721b4" testName="all_persons_tenses_passive_negation" computerName="ARPAN-LAP" duration="00:00:00.0268672" startTime="2014-06-29T11:55:14.1916554+05:30" endTime="2014-06-29T11:55:14.2186569+05:30" testType="13cdc9d9-ddb5-4fa4-a97d-d965ccfc6d4b" outcome="Passed" testListId="8c84fa94-04c1-424b-9868-57a2d4851a1d" relativeResultsDirectory="13430afe-e241-4dfa-a8ba-0a1ddfdd0e29" dataRowInfo="0" resultType="DataDrivenDataRow" />
        <UnitTestResult executionId="f8e1054c-fa01-4a2c-ad2c-8916f8213ae3" parentExecutionId="13430afe-e241-4dfa-a8ba-0a1ddfdd0e29" testId="bdfe92b2-f4ac-73a5-f13d-5c1ea13721b4" testName="all_persons_tenses_passive_negation" computerName="ARPAN-LAP" duration="00:00:00.0487527" startTime="2014-06-29T11:55:14.2186569+05:30" endTime="2014-06-29T11:55:14.2676597+05:30" testType="13cdc9d9-ddb5-4fa4-a97d-d965ccfc6d4b" outcome="Passed" testListId="8c84fa94-04c1-424b-9868-57a2d4851a1d" relativeResultsDirectory="13430afe-e241-4dfa-a8ba-0a1ddfdd0e29" dataRowInfo="1" resultType="DataDrivenDataRow" />
        <UnitTestResult executionId="20425039-8822-4cba-9345-20c50d5a1655" parentExecutionId="13430afe-e241-4dfa-a8ba-0a1ddfdd0e29" testId="bdfe92b2-f4ac-73a5-f13d-5c1ea13721b4" testName="all_persons_tenses_passive_negation" computerName="ARPAN-LAP" duration="00:00:00.0540769" startTime="2014-06-29T11:55:14.2676597+05:30" endTime="2014-06-29T11:55:14.3216628+05:30" testType="13cdc9d9-ddb5-4fa4-a97d-d965ccfc6d4b" outcome="Passed" testListId="8c84fa94-04c1-424b-9868-57a2d4851a1d" relativeResultsDirectory="13430afe-e241-4dfa-a8ba-0a1ddfdd0e29" dataRowInfo="2" resultType="DataDrivenDataRow" />
        <UnitTestResult executionId="50ea118c-e58d-49e3-b84d-fc03b0cd9023" parentExecutionId="13430afe-e241-4dfa-a8ba-0a1ddfdd0e29" testId="bdfe92b2-f4ac-73a5-f13d-5c1ea13721b4" testName="all_persons_tenses_passive_negation" computerName="ARPAN-LAP" duration="00:00:00.0391016" startTime="2014-06-29T11:55:14.3216628+05:30" endTime="2014-06-29T11:55:14.3606650+05:30" testType="13cdc9d9-ddb5-4fa4-a97d-d965ccfc6d4b" outcome="Passed" testListId="8c84fa94-04c1-424b-9868-57a2d4851a1d" relativeResultsDirectory="13430afe-e241-4dfa-a8ba-0a1ddfdd0e29" dataRowInfo="3" resultType="DataDrivenDataRow" />
        <UnitTestResult executionId="36af738e-d3a4-4818-a139-ee15e03f4209" parentExecutionId="13430afe-e241-4dfa-a8ba-0a1ddfdd0e29" testId="bdfe92b2-f4ac-73a5-f13d-5c1ea13721b4" testName="all_persons_tenses_passive_negation" computerName="ARPAN-LAP" duration="00:00:00.0248295" startTime="2014-06-29T11:55:14.3606650+05:30" endTime="2014-06-29T11:55:14.3856665+05:30" testType="13cdc9d9-ddb5-4fa4-a97d-d965ccfc6d4b" outcome="Passed" testListId="8c84fa94-04c1-424b-9868-57a2d4851a1d" relativeResultsDirectory="13430afe-e241-4dfa-a8ba-0a1ddfdd0e29" dataRowInfo="4" resultType="DataDrivenDataRow" />
        <UnitTestResult executionId="a59077e3-ca38-4bf6-a062-b09b12e8297b" parentExecutionId="13430afe-e241-4dfa-a8ba-0a1ddfdd0e29" testId="bdfe92b2-f4ac-73a5-f13d-5c1ea13721b4" testName="all_persons_tenses_passive_negation" computerName="ARPAN-LAP" duration="00:00:00.0294983" startTime="2014-06-29T11:55:14.3856665+05:30" endTime="2014-06-29T11:55:14.4156682+05:30" testType="13cdc9d9-ddb5-4fa4-a97d-d965ccfc6d4b" outcome="Passed" testListId="8c84fa94-04c1-424b-9868-57a2d4851a1d" relativeResultsDirectory="13430afe-e241-4dfa-a8ba-0a1ddfdd0e29" dataRowInfo="5" resultType="DataDrivenDataRow" />
        <UnitTestResult executionId="c25d200a-3350-47cd-9911-8f9ed72753dd" parentExecutionId="13430afe-e241-4dfa-a8ba-0a1ddfdd0e29" testId="bdfe92b2-f4ac-73a5-f13d-5c1ea13721b4" testName="all_persons_tenses_passive_negation" computerName="ARPAN-LAP" duration="00:00:00.0308754" startTime="2014-06-29T11:55:14.4156682+05:30" endTime="2014-06-29T11:55:14.4466699+05:30" testType="13cdc9d9-ddb5-4fa4-a97d-d965ccfc6d4b" outcome="Passed" testListId="8c84fa94-04c1-424b-9868-57a2d4851a1d" relativeResultsDirectory="13430afe-e241-4dfa-a8ba-0a1ddfdd0e29" dataRowInfo="6" resultType="DataDrivenDataRow" />
        <UnitTestResult executionId="2250dbd9-ebe9-4aea-a9bc-3b61ad296557" parentExecutionId="13430afe-e241-4dfa-a8ba-0a1ddfdd0e29" testId="bdfe92b2-f4ac-73a5-f13d-5c1ea13721b4" testName="all_persons_tenses_passive_negation" computerName="ARPAN-LAP" duration="00:00:00.0373631" startTime="2014-06-29T11:55:14.4466699+05:30" endTime="2014-06-29T11:55:14.4836721+05:30" testType="13cdc9d9-ddb5-4fa4-a97d-d965ccfc6d4b" outcome="Passed" testListId="8c84fa94-04c1-424b-9868-57a2d4851a1d" relativeResultsDirectory="13430afe-e241-4dfa-a8ba-0a1ddfdd0e29" dataRowInfo="7" resultType="DataDrivenDataRow" />
        <UnitTestResult executionId="a896f101-a8d2-485e-9ab2-706ae8210365" parentExecutionId="13430afe-e241-4dfa-a8ba-0a1ddfdd0e29" testId="bdfe92b2-f4ac-73a5-f13d-5c1ea13721b4" testName="all_persons_tenses_passive_negation" computerName="ARPAN-LAP" duration="00:00:00.0355867" startTime="2014-06-29T11:55:14.4836721+05:30" endTime="2014-06-29T11:55:14.5196741+05:30" testType="13cdc9d9-ddb5-4fa4-a97d-d965ccfc6d4b" outcome="Passed" testListId="8c84fa94-04c1-424b-9868-57a2d4851a1d" relativeResultsDirectory="13430afe-e241-4dfa-a8ba-0a1ddfdd0e29" dataRowInfo="8" resultType="DataDrivenDataRow" />
        <UnitTestResult executionId="e3133655-e86a-4d9f-af44-0327d0b418e6" parentExecutionId="13430afe-e241-4dfa-a8ba-0a1ddfdd0e29" testId="bdfe92b2-f4ac-73a5-f13d-5c1ea13721b4" testName="all_persons_tenses_passive_negation" computerName="ARPAN-LAP" duration="00:00:00.0385868" startTime="2014-06-29T11:55:14.5196741+05:30" endTime="2014-06-29T11:55:14.5576763+05:30" testType="13cdc9d9-ddb5-4fa4-a97d-d965ccfc6d4b" outcome="Passed" testListId="8c84fa94-04c1-424b-9868-57a2d4851a1d" relativeResultsDirectory="13430afe-e241-4dfa-a8ba-0a1ddfdd0e29" dataRowInfo="9" resultType="DataDrivenDataRow" />
      </InnerResults>
    </UnitTestResult>
    <UnitTestResult executionId="51c4fc2a-5bdb-4dac-a76e-da11590b36b3" testId="c79146bc-2376-961a-5de9-441b5dfc7188" testName="auxiliary_verbs_as_main_verbs" computerName="ARPAN-LAP" duration="00:00:00.7897397" startTime="2014-06-29T11:55:14.5956785+05:30" endTime="2014-06-29T11:55:15.4627281+05:30" testType="13cdc9d9-ddb5-4fa4-a97d-d965ccfc6d4b" outcome="Passed" testListId="8c84fa94-04c1-424b-9868-57a2d4851a1d" relativeResultsDirectory="51c4fc2a-5bdb-4dac-a76e-da11590b36b3" resultType="DataDrivenTest">
      <Counters error="0" failed="0" timeout="0" aborted="0" inconclusive="0" passedButRunAborted="0" notRunnable="0" notExecuted="0" disconnected="0" warning="0" passed="25" completed="0" inProgress="0" pending="0" />
      <InnerResults>
        <UnitTestResult executionId="88484654-a31d-4d47-b705-a06641e5c55e" parentExecutionId="51c4fc2a-5bdb-4dac-a76e-da11590b36b3" testId="c79146bc-2376-961a-5de9-441b5dfc7188" testName="auxiliary_verbs_as_main_verbs" computerName="ARPAN-LAP" duration="00:00:00.0320266" startTime="2014-06-29T11:55:14.6306805+05:30" endTime="2014-06-29T11:55:14.6626823+05:30" testType="13cdc9d9-ddb5-4fa4-a97d-d965ccfc6d4b" outcome="Passed" testListId="8c84fa94-04c1-424b-9868-57a2d4851a1d" relativeResultsDirectory="51c4fc2a-5bdb-4dac-a76e-da11590b36b3" dataRowInfo="0" resultType="DataDrivenDataRow" />
        <UnitTestResult executionId="89ef5da7-8365-4694-90c3-a3b96012f8e6" parentExecutionId="51c4fc2a-5bdb-4dac-a76e-da11590b36b3" testId="c79146bc-2376-961a-5de9-441b5dfc7188" testName="auxiliary_verbs_as_main_verbs" computerName="ARPAN-LAP" duration="00:00:00.0295342" startTime="2014-06-29T11:55:14.6626823+05:30" endTime="2014-06-29T11:55:14.6926840+05:30" testType="13cdc9d9-ddb5-4fa4-a97d-d965ccfc6d4b" outcome="Passed" testListId="8c84fa94-04c1-424b-9868-57a2d4851a1d" relativeResultsDirectory="51c4fc2a-5bdb-4dac-a76e-da11590b36b3" dataRowInfo="1" resultType="DataDrivenDataRow" />
        <UnitTestResult executionId="5b50fb26-9261-4c13-8e2c-650484e70aaa" parentExecutionId="51c4fc2a-5bdb-4dac-a76e-da11590b36b3" testId="c79146bc-2376-961a-5de9-441b5dfc7188" testName="auxiliary_verbs_as_main_verbs" computerName="ARPAN-LAP" duration="00:00:00.0364916" startTime="2014-06-29T11:55:14.6926840+05:30" endTime="2014-06-29T11:55:14.7296861+05:30" testType="13cdc9d9-ddb5-4fa4-a97d-d965ccfc6d4b" outcome="Passed" testListId="8c84fa94-04c1-424b-9868-57a2d4851a1d" relativeResultsDirectory="51c4fc2a-5bdb-4dac-a76e-da11590b36b3" dataRowInfo="2" resultType="DataDrivenDataRow" />
        <UnitTestResult executionId="f0920504-01f3-4c31-b924-f523590e8e18" parentExecutionId="51c4fc2a-5bdb-4dac-a76e-da11590b36b3" testId="c79146bc-2376-961a-5de9-441b5dfc7188" testName="auxiliary_verbs_as_main_verbs" computerName="ARPAN-LAP" duration="00:00:00.0401466" startTime="2014-06-29T11:55:14.7296861+05:30" endTime="2014-06-29T11:55:14.7696884+05:30" testType="13cdc9d9-ddb5-4fa4-a97d-d965ccfc6d4b" outcome="Passed" testListId="8c84fa94-04c1-424b-9868-57a2d4851a1d" relativeResultsDirectory="51c4fc2a-5bdb-4dac-a76e-da11590b36b3" dataRowInfo="3" resultType="DataDrivenDataRow" />
        <UnitTestResult executionId="75078a6d-3ca2-4364-a428-a6bf04c1e434" parentExecutionId="51c4fc2a-5bdb-4dac-a76e-da11590b36b3" testId="c79146bc-2376-961a-5de9-441b5dfc7188" testName="auxiliary_verbs_as_main_verbs" computerName="ARPAN-LAP" duration="00:00:00.0372446" startTime="2014-06-29T11:55:14.7696884+05:30" endTime="2014-06-29T11:55:14.8066905+05:30" testType="13cdc9d9-ddb5-4fa4-a97d-d965ccfc6d4b" outcome="Passed" testListId="8c84fa94-04c1-424b-9868-57a2d4851a1d" relativeResultsDirectory="51c4fc2a-5bdb-4dac-a76e-da11590b36b3" dataRowInfo="4" resultType="DataDrivenDataRow" />
        <UnitTestResult executionId="b83ce155-854e-4d3e-93ac-cbc95b9426f3" parentExecutionId="51c4fc2a-5bdb-4dac-a76e-da11590b36b3" testId="c79146bc-2376-961a-5de9-441b5dfc7188" testName="auxiliary_verbs_as_main_verbs" computerName="ARPAN-LAP" duration="00:00:00.0292124" startTime="2014-06-29T11:55:14.8066905+05:30" endTime="2014-06-29T11:55:14.8356922+05:30" testType="13cdc9d9-ddb5-4fa4-a97d-d965ccfc6d4b" outcome="Passed" testListId="8c84fa94-04c1-424b-9868-57a2d4851a1d" relativeResultsDirectory="51c4fc2a-5bdb-4dac-a76e-da11590b36b3" dataRowInfo="5" resultType="DataDrivenDataRow" />
        <UnitTestResult executionId="b29d358f-61bb-4999-aa5c-a05e9e5f7789" parentExecutionId="51c4fc2a-5bdb-4dac-a76e-da11590b36b3" testId="c79146bc-2376-961a-5de9-441b5dfc7188" testName="auxiliary_verbs_as_main_verbs" computerName="ARPAN-LAP" duration="00:00:00.0356242" startTime="2014-06-29T11:55:14.8356922+05:30" endTime="2014-06-29T11:55:14.8716943+05:30" testType="13cdc9d9-ddb5-4fa4-a97d-d965ccfc6d4b" outcome="Passed" testListId="8c84fa94-04c1-424b-9868-57a2d4851a1d" relativeResultsDirectory="51c4fc2a-5bdb-4dac-a76e-da11590b36b3" dataRowInfo="6" resultType="DataDrivenDataRow" />
        <UnitTestResult executionId="87daa35d-04e9-45af-97b3-9e14fd122292" parentExecutionId="51c4fc2a-5bdb-4dac-a76e-da11590b36b3" testId="c79146bc-2376-961a-5de9-441b5dfc7188" testName="auxiliary_verbs_as_main_verbs" computerName="ARPAN-LAP" duration="00:00:00.0447676" startTime="2014-06-29T11:55:14.8716943+05:30" endTime="2014-06-29T11:55:14.9166968+05:30" testType="13cdc9d9-ddb5-4fa4-a97d-d965ccfc6d4b" outcome="Passed" testListId="8c84fa94-04c1-424b-9868-57a2d4851a1d" relativeResultsDirectory="51c4fc2a-5bdb-4dac-a76e-da11590b36b3" dataRowInfo="7" resultType="DataDrivenDataRow" />
        <UnitTestResult executionId="cb175c00-27bb-4d66-b296-83a51294c07a" parentExecutionId="51c4fc2a-5bdb-4dac-a76e-da11590b36b3" testId="c79146bc-2376-961a-5de9-441b5dfc7188" testName="auxiliary_verbs_as_main_verbs" computerName="ARPAN-LAP" duration="00:00:00.0559575" startTime="2014-06-29T11:55:14.9166968+05:30" endTime="2014-06-29T11:55:14.9727000+05:30" testType="13cdc9d9-ddb5-4fa4-a97d-d965ccfc6d4b" outcome="Passed" testListId="8c84fa94-04c1-424b-9868-57a2d4851a1d" relativeResultsDirectory="51c4fc2a-5bdb-4dac-a76e-da11590b36b3" dataRowInfo="8" resultType="DataDrivenDataRow" />
        <UnitTestResult executionId="470d8073-842a-4b4a-b7c3-f92f8c2ce7dc" parentExecutionId="51c4fc2a-5bdb-4dac-a76e-da11590b36b3" testId="c79146bc-2376-961a-5de9-441b5dfc7188" testName="auxiliary_verbs_as_main_verbs" computerName="ARPAN-LAP" duration="00:00:00.0219270" startTime="2014-06-29T11:55:14.9727000+05:30" endTime="2014-06-29T11:55:14.9947013+05:30" testType="13cdc9d9-ddb5-4fa4-a97d-d965ccfc6d4b" outcome="Passed" testListId="8c84fa94-04c1-424b-9868-57a2d4851a1d" relativeResultsDirectory="51c4fc2a-5bdb-4dac-a76e-da11590b36b3" dataRowInfo="9" resultType="DataDrivenDataRow" />
        <UnitTestResult executionId="98c2c2d5-cfcc-4eab-ad3d-d33efd4d744b" parentExecutionId="51c4fc2a-5bdb-4dac-a76e-da11590b36b3" testId="c79146bc-2376-961a-5de9-441b5dfc7188" testName="auxiliary_verbs_as_main_verbs" computerName="ARPAN-LAP" duration="00:00:00.0203748" startTime="2014-06-29T11:55:14.9947013+05:30" endTime="2014-06-29T11:55:15.0147024+05:30" testType="13cdc9d9-ddb5-4fa4-a97d-d965ccfc6d4b" outcome="Passed" testListId="8c84fa94-04c1-424b-9868-57a2d4851a1d" relativeResultsDirectory="51c4fc2a-5bdb-4dac-a76e-da11590b36b3" dataRowInfo="10" resultType="DataDrivenDataRow" />
        <UnitTestResult executionId="5b90c5d7-b0cd-407f-bffc-1f3a8797bdfc" parentExecutionId="51c4fc2a-5bdb-4dac-a76e-da11590b36b3" testId="c79146bc-2376-961a-5de9-441b5dfc7188" testName="auxiliary_verbs_as_main_verbs" computerName="ARPAN-LAP" duration="00:00:00.0286893" startTime="2014-06-29T11:55:15.0147024+05:30" endTime="2014-06-29T11:55:15.0437041+05:30" testType="13cdc9d9-ddb5-4fa4-a97d-d965ccfc6d4b" outcome="Passed" testListId="8c84fa94-04c1-424b-9868-57a2d4851a1d" relativeResultsDirectory="51c4fc2a-5bdb-4dac-a76e-da11590b36b3" dataRowInfo="11" resultType="DataDrivenDataRow" />
        <UnitTestResult executionId="1b45bed5-4935-4e24-9f24-74f43cd3e312" parentExecutionId="51c4fc2a-5bdb-4dac-a76e-da11590b36b3" testId="c79146bc-2376-961a-5de9-441b5dfc7188" testName="auxiliary_verbs_as_main_verbs" computerName="ARPAN-LAP" duration="00:00:00.0290661" startTime="2014-06-29T11:55:15.0437041+05:30" endTime="2014-06-29T11:55:15.0727058+05:30" testType="13cdc9d9-ddb5-4fa4-a97d-d965ccfc6d4b" outcome="Passed" testListId="8c84fa94-04c1-424b-9868-57a2d4851a1d" relativeResultsDirectory="51c4fc2a-5bdb-4dac-a76e-da11590b36b3" dataRowInfo="12" resultType="DataDrivenDataRow" />
        <UnitTestResult executionId="be149b41-31a1-4e4b-b36a-1f873e262905" parentExecutionId="51c4fc2a-5bdb-4dac-a76e-da11590b36b3" testId="c79146bc-2376-961a-5de9-441b5dfc7188" testName="auxiliary_verbs_as_main_verbs" computerName="ARPAN-LAP" duration="00:00:00.0290322" startTime="2014-06-29T11:55:15.0727058+05:30" endTime="2014-06-29T11:55:15.1017074+05:30" testType="13cdc9d9-ddb5-4fa4-a97d-d965ccfc6d4b" outcome="Passed" testListId="8c84fa94-04c1-424b-9868-57a2d4851a1d" relativeResultsDirectory="51c4fc2a-5bdb-4dac-a76e-da11590b36b3" dataRowInfo="13" resultType="DataDrivenDataRow" />
        <UnitTestResult executionId="83221506-553e-4b72-9e42-87e6998a4d47" parentExecutionId="51c4fc2a-5bdb-4dac-a76e-da11590b36b3" testId="c79146bc-2376-961a-5de9-441b5dfc7188" testName="auxiliary_verbs_as_main_verbs" computerName="ARPAN-LAP" duration="00:00:00.0221123" startTime="2014-06-29T11:55:15.1017074+05:30" endTime="2014-06-29T11:55:15.1237087+05:30" testType="13cdc9d9-ddb5-4fa4-a97d-d965ccfc6d4b" outcome="Passed" testListId="8c84fa94-04c1-424b-9868-57a2d4851a1d" relativeResultsDirectory="51c4fc2a-5bdb-4dac-a76e-da11590b36b3" dataRowInfo="14" resultType="DataDrivenDataRow" />
        <UnitTestResult executionId="70fefeca-27cf-49b4-b93b-12211ad2b561" parentExecutionId="51c4fc2a-5bdb-4dac-a76e-da11590b36b3" testId="c79146bc-2376-961a-5de9-441b5dfc7188" testName="auxiliary_verbs_as_main_verbs" computerName="ARPAN-LAP" duration="00:00:00.0249219" startTime="2014-06-29T11:55:15.1237087+05:30" endTime="2014-06-29T11:55:15.1487101+05:30" testType="13cdc9d9-ddb5-4fa4-a97d-d965ccfc6d4b" outcome="Passed" testListId="8c84fa94-04c1-424b-9868-57a2d4851a1d" relativeResultsDirectory="51c4fc2a-5bdb-4dac-a76e-da11590b36b3" dataRowInfo="15" resultType="DataDrivenDataRow" />
        <UnitTestResult executionId="806acf33-5512-4eb4-bf6e-4c663f1e3f29" parentExecutionId="51c4fc2a-5bdb-4dac-a76e-da11590b36b3" testId="c79146bc-2376-961a-5de9-441b5dfc7188" testName="auxiliary_verbs_as_main_verbs" computerName="ARPAN-LAP" duration="00:00:00.0306701" startTime="2014-06-29T11:55:15.1487101+05:30" endTime="2014-06-29T11:55:15.1797119+05:30" testType="13cdc9d9-ddb5-4fa4-a97d-d965ccfc6d4b" outcome="Passed" testListId="8c84fa94-04c1-424b-9868-57a2d4851a1d" relativeResultsDirectory="51c4fc2a-5bdb-4dac-a76e-da11590b36b3" dataRowInfo="16" resultType="DataDrivenDataRow" />
        <UnitTestResult executionId="e4fc047b-02ea-4809-820a-8a1b52e85c36" parentExecutionId="51c4fc2a-5bdb-4dac-a76e-da11590b36b3" testId="c79146bc-2376-961a-5de9-441b5dfc7188" testName="auxiliary_verbs_as_main_verbs" computerName="ARPAN-LAP" duration="00:00:00.0210960" startTime="2014-06-29T11:55:15.1797119+05:30" endTime="2014-06-29T11:55:15.2007131+05:30" testType="13cdc9d9-ddb5-4fa4-a97d-d965ccfc6d4b" outcome="Passed" testListId="8c84fa94-04c1-424b-9868-57a2d4851a1d" relativeResultsDirectory="51c4fc2a-5bdb-4dac-a76e-da11590b36b3" dataRowInfo="17" resultType="DataDrivenDataRow" />
        <UnitTestResult executionId="80bae8e4-c2db-43b1-a15a-d1852e135aae" parentExecutionId="51c4fc2a-5bdb-4dac-a76e-da11590b36b3" testId="c79146bc-2376-961a-5de9-441b5dfc7188" testName="auxiliary_verbs_as_main_verbs" computerName="ARPAN-LAP" duration="00:00:00.0215579" startTime="2014-06-29T11:55:15.2007131+05:30" endTime="2014-06-29T11:55:15.2227143+05:30" testType="13cdc9d9-ddb5-4fa4-a97d-d965ccfc6d4b" outcome="Passed" testListId="8c84fa94-04c1-424b-9868-57a2d4851a1d" relativeResultsDirectory="51c4fc2a-5bdb-4dac-a76e-da11590b36b3" dataRowInfo="18" resultType="DataDrivenDataRow" />
        <UnitTestResult executionId="8a4755dd-d788-4c9a-9a52-3193743c2d90" parentExecutionId="51c4fc2a-5bdb-4dac-a76e-da11590b36b3" testId="c79146bc-2376-961a-5de9-441b5dfc7188" testName="auxiliary_verbs_as_main_verbs" computerName="ARPAN-LAP" duration="00:00:00.0289388" startTime="2014-06-29T11:55:15.2227143+05:30" endTime="2014-06-29T11:55:15.2517160+05:30" testType="13cdc9d9-ddb5-4fa4-a97d-d965ccfc6d4b" outcome="Passed" testListId="8c84fa94-04c1-424b-9868-57a2d4851a1d" relativeResultsDirectory="51c4fc2a-5bdb-4dac-a76e-da11590b36b3" dataRowInfo="19" resultType="DataDrivenDataRow" />
        <UnitTestResult executionId="b6073a87-0d2a-4e36-80f0-a22e8d4f8b2f" parentExecutionId="51c4fc2a-5bdb-4dac-a76e-da11590b36b3" testId="c79146bc-2376-961a-5de9-441b5dfc7188" testName="auxiliary_verbs_as_main_verbs" computerName="ARPAN-LAP" duration="00:00:00.0375900" startTime="2014-06-29T11:55:15.2517160+05:30" endTime="2014-06-29T11:55:15.2887181+05:30" testType="13cdc9d9-ddb5-4fa4-a97d-d965ccfc6d4b" outcome="Passed" testListId="8c84fa94-04c1-424b-9868-57a2d4851a1d" relativeResultsDirectory="51c4fc2a-5bdb-4dac-a76e-da11590b36b3" dataRowInfo="20" resultType="DataDrivenDataRow" />
        <UnitTestResult executionId="9367d376-d659-41eb-98c9-10312c28229a" parentExecutionId="51c4fc2a-5bdb-4dac-a76e-da11590b36b3" testId="c79146bc-2376-961a-5de9-441b5dfc7188" testName="auxiliary_verbs_as_main_verbs" computerName="ARPAN-LAP" duration="00:00:00.0282161" startTime="2014-06-29T11:55:15.2887181+05:30" endTime="2014-06-29T11:55:15.3177198+05:30" testType="13cdc9d9-ddb5-4fa4-a97d-d965ccfc6d4b" outcome="Passed" testListId="8c84fa94-04c1-424b-9868-57a2d4851a1d" relativeResultsDirectory="51c4fc2a-5bdb-4dac-a76e-da11590b36b3" dataRowInfo="21" resultType="DataDrivenDataRow" />
        <UnitTestResult executionId="6b02f33f-421f-4bc8-b83f-182876ab9517" parentExecutionId="51c4fc2a-5bdb-4dac-a76e-da11590b36b3" testId="c79146bc-2376-961a-5de9-441b5dfc7188" testName="auxiliary_verbs_as_main_verbs" computerName="ARPAN-LAP" duration="00:00:00.0205109" startTime="2014-06-29T11:55:15.3177198+05:30" endTime="2014-06-29T11:55:15.3377209+05:30" testType="13cdc9d9-ddb5-4fa4-a97d-d965ccfc6d4b" outcome="Passed" testListId="8c84fa94-04c1-424b-9868-57a2d4851a1d" relativeResultsDirectory="51c4fc2a-5bdb-4dac-a76e-da11590b36b3" dataRowInfo="22" resultType="DataDrivenDataRow" />
        <UnitTestResult executionId="c911f6bd-3483-4210-ac7e-63492500a5d6" parentExecutionId="51c4fc2a-5bdb-4dac-a76e-da11590b36b3" testId="c79146bc-2376-961a-5de9-441b5dfc7188" testName="auxiliary_verbs_as_main_verbs" computerName="ARPAN-LAP" duration="00:00:00.0233292" startTime="2014-06-29T11:55:15.3377209+05:30" endTime="2014-06-29T11:55:15.3617223+05:30" testType="13cdc9d9-ddb5-4fa4-a97d-d965ccfc6d4b" outcome="Passed" testListId="8c84fa94-04c1-424b-9868-57a2d4851a1d" relativeResultsDirectory="51c4fc2a-5bdb-4dac-a76e-da11590b36b3" dataRowInfo="23" resultType="DataDrivenDataRow" />
        <UnitTestResult executionId="98ca6017-fd97-4f3f-a600-59a8f14759a1" parentExecutionId="51c4fc2a-5bdb-4dac-a76e-da11590b36b3" testId="c79146bc-2376-961a-5de9-441b5dfc7188" testName="auxiliary_verbs_as_main_verbs" computerName="ARPAN-LAP" duration="00:00:00.0297477" startTime="2014-06-29T11:55:15.3617223+05:30" endTime="2014-06-29T11:55:15.3907239+05:30" testType="13cdc9d9-ddb5-4fa4-a97d-d965ccfc6d4b" outcome="Passed" testListId="8c84fa94-04c1-424b-9868-57a2d4851a1d" relativeResultsDirectory="51c4fc2a-5bdb-4dac-a76e-da11590b36b3" dataRowInfo="24" resultType="DataDrivenDataRow" />
      </InnerResults>
    </UnitTestResult>
    <UnitTestResult executionId="e3fa3329-29f2-4c28-8b93-3ce055740944" testId="d03eb628-bf1f-c27d-aeef-e708d613d686" testName="all_persons_modal_can_may_negation" computerName="ARPAN-LAP" duration="00:00:00.7296134" startTime="2014-06-29T11:55:15.4747288+05:30" endTime="2014-06-29T11:55:16.2817749+05:30" testType="13cdc9d9-ddb5-4fa4-a97d-d965ccfc6d4b" outcome="Passed" testListId="8c84fa94-04c1-424b-9868-57a2d4851a1d" relativeResultsDirectory="e3fa3329-29f2-4c28-8b93-3ce055740944" resultType="DataDrivenTest">
      <Counters error="0" failed="0" timeout="0" aborted="0" inconclusive="0" passedButRunAborted="0" notRunnable="0" notExecuted="0" disconnected="0" warning="0" passed="24" completed="0" inProgress="0" pending="0" />
      <InnerResults>
        <UnitTestResult executionId="49e2a783-f55f-4354-aabe-63b84db9de9e" parentExecutionId="e3fa3329-29f2-4c28-8b93-3ce055740944" testId="d03eb628-bf1f-c27d-aeef-e708d613d686" testName="all_persons_modal_can_may_negation" computerName="ARPAN-LAP" duration="00:00:00.0265182" startTime="2014-06-29T11:55:15.5187313+05:30" endTime="2014-06-29T11:55:15.5457328+05:30" testType="13cdc9d9-ddb5-4fa4-a97d-d965ccfc6d4b" outcome="Passed" testListId="8c84fa94-04c1-424b-9868-57a2d4851a1d" relativeResultsDirectory="e3fa3329-29f2-4c28-8b93-3ce055740944" dataRowInfo="0" resultType="DataDrivenDataRow" />
        <UnitTestResult executionId="5883f89a-d0d7-424d-9d7f-11d2d2b676f8" parentExecutionId="e3fa3329-29f2-4c28-8b93-3ce055740944" testId="d03eb628-bf1f-c27d-aeef-e708d613d686" testName="all_persons_modal_can_may_negation" computerName="ARPAN-LAP" duration="00:00:00.0262492" startTime="2014-06-29T11:55:15.5457328+05:30" endTime="2014-06-29T11:55:15.5717343+05:30" testType="13cdc9d9-ddb5-4fa4-a97d-d965ccfc6d4b" outcome="Passed" testListId="8c84fa94-04c1-424b-9868-57a2d4851a1d" relativeResultsDirectory="e3fa3329-29f2-4c28-8b93-3ce055740944" dataRowInfo="1" resultType="DataDrivenDataRow" />
        <UnitTestResult executionId="2d560512-a780-4462-a2f2-7f6b195c2589" parentExecutionId="e3fa3329-29f2-4c28-8b93-3ce055740944" testId="d03eb628-bf1f-c27d-aeef-e708d613d686" testName="all_persons_modal_can_may_negation" computerName="ARPAN-LAP" duration="00:00:00.0278414" startTime="2014-06-29T11:55:15.5717343+05:30" endTime="2014-06-29T11:55:15.5997359+05:30" testType="13cdc9d9-ddb5-4fa4-a97d-d965ccfc6d4b" outcome="Passed" testListId="8c84fa94-04c1-424b-9868-57a2d4851a1d" relativeResultsDirectory="e3fa3329-29f2-4c28-8b93-3ce055740944" dataRowInfo="2" resultType="DataDrivenDataRow" />
        <UnitTestResult executionId="0542dd59-78f6-41b1-945f-2148146a2eef" parentExecutionId="e3fa3329-29f2-4c28-8b93-3ce055740944" testId="d03eb628-bf1f-c27d-aeef-e708d613d686" testName="all_persons_modal_can_may_negation" computerName="ARPAN-LAP" duration="00:00:00.0262374" startTime="2014-06-29T11:55:15.5997359+05:30" endTime="2014-06-29T11:55:15.6257374+05:30" testType="13cdc9d9-ddb5-4fa4-a97d-d965ccfc6d4b" outcome="Passed" testListId="8c84fa94-04c1-424b-9868-57a2d4851a1d" relativeResultsDirectory="e3fa3329-29f2-4c28-8b93-3ce055740944" dataRowInfo="3" resultType="DataDrivenDataRow" />
        <UnitTestResult executionId="827042f4-c151-4b8a-92e3-dcdddc357c1d" parentExecutionId="e3fa3329-29f2-4c28-8b93-3ce055740944" testId="d03eb628-bf1f-c27d-aeef-e708d613d686" testName="all_persons_modal_can_may_negation" computerName="ARPAN-LAP" duration="00:00:00.0338801" startTime="2014-06-29T11:55:15.6257374+05:30" endTime="2014-06-29T11:55:15.6597393+05:30" testType="13cdc9d9-ddb5-4fa4-a97d-d965ccfc6d4b" outcome="Passed" testListId="8c84fa94-04c1-424b-9868-57a2d4851a1d" relativeResultsDirectory="e3fa3329-29f2-4c28-8b93-3ce055740944" dataRowInfo="4" resultType="DataDrivenDataRow" />
        <UnitTestResult executionId="111e2518-122c-49be-b78f-46cc26dee015" parentExecutionId="e3fa3329-29f2-4c28-8b93-3ce055740944" testId="d03eb628-bf1f-c27d-aeef-e708d613d686" testName="all_persons_modal_can_may_negation" computerName="ARPAN-LAP" duration="00:00:00.0331851" startTime="2014-06-29T11:55:15.6597393+05:30" endTime="2014-06-29T11:55:15.6937413+05:30" testType="13cdc9d9-ddb5-4fa4-a97d-d965ccfc6d4b" outcome="Passed" testListId="8c84fa94-04c1-424b-9868-57a2d4851a1d" relativeResultsDirectory="e3fa3329-29f2-4c28-8b93-3ce055740944" dataRowInfo="5" resultType="DataDrivenDataRow" />
        <UnitTestResult executionId="fdffb158-476c-435c-8eae-fe5759f3ec52" parentExecutionId="e3fa3329-29f2-4c28-8b93-3ce055740944" testId="d03eb628-bf1f-c27d-aeef-e708d613d686" testName="all_persons_modal_can_may_negation" computerName="ARPAN-LAP" duration="00:00:00.0358695" startTime="2014-06-29T11:55:15.6937413+05:30" endTime="2014-06-29T11:55:15.7287433+05:30" testType="13cdc9d9-ddb5-4fa4-a97d-d965ccfc6d4b" outcome="Passed" testListId="8c84fa94-04c1-424b-9868-57a2d4851a1d" relativeResultsDirectory="e3fa3329-29f2-4c28-8b93-3ce055740944" dataRowInfo="6" resultType="DataDrivenDataRow" />
        <UnitTestResult executionId="a3083284-3b9f-4acb-b37a-5f439d761c59" parentExecutionId="e3fa3329-29f2-4c28-8b93-3ce055740944" testId="d03eb628-bf1f-c27d-aeef-e708d613d686" testName="all_persons_modal_can_may_negation" computerName="ARPAN-LAP" duration="00:00:00.0533726" startTime="2014-06-29T11:55:15.7287433+05:30" endTime="2014-06-29T11:55:15.7827464+05:30" testType="13cdc9d9-ddb5-4fa4-a97d-d965ccfc6d4b" outcome="Passed" testListId="8c84fa94-04c1-424b-9868-57a2d4851a1d" relativeResultsDirectory="e3fa3329-29f2-4c28-8b93-3ce055740944" dataRowInfo="7" resultType="DataDrivenDataRow" />
        <UnitTestResult executionId="8a4f50b6-bed8-4643-abc4-5974e71503a7" parentExecutionId="e3fa3329-29f2-4c28-8b93-3ce055740944" testId="d03eb628-bf1f-c27d-aeef-e708d613d686" testName="all_persons_modal_can_may_negation" computerName="ARPAN-LAP" duration="00:00:00.0352136" startTime="2014-06-29T11:55:15.7827464+05:30" endTime="2014-06-29T11:55:15.8177484+05:30" testType="13cdc9d9-ddb5-4fa4-a97d-d965ccfc6d4b" outcome="Passed" testListId="8c84fa94-04c1-424b-9868-57a2d4851a1d" relativeResultsDirectory="e3fa3329-29f2-4c28-8b93-3ce055740944" dataRowInfo="8" resultType="DataDrivenDataRow" />
        <UnitTestResult executionId="23df9c57-bc0c-46cc-842a-49b8dc46e775" parentExecutionId="e3fa3329-29f2-4c28-8b93-3ce055740944" testId="d03eb628-bf1f-c27d-aeef-e708d613d686" testName="all_persons_modal_can_may_negation" computerName="ARPAN-LAP" duration="00:00:00.0206782" startTime="2014-06-29T11:55:15.8177484+05:30" endTime="2014-06-29T11:55:15.8387496+05:30" testType="13cdc9d9-ddb5-4fa4-a97d-d965ccfc6d4b" outcome="Passed" testListId="8c84fa94-04c1-424b-9868-57a2d4851a1d" relativeResultsDirectory="e3fa3329-29f2-4c28-8b93-3ce055740944" dataRowInfo="9" resultType="DataDrivenDataRow" />
        <UnitTestResult executionId="0c33bc94-e89e-4f33-b50c-f57499d5c8ae" parentExecutionId="e3fa3329-29f2-4c28-8b93-3ce055740944" testId="d03eb628-bf1f-c27d-aeef-e708d613d686" testName="all_persons_modal_can_may_negation" computerName="ARPAN-LAP" duration="00:00:00.0222226" startTime="2014-06-29T11:55:15.8387496+05:30" endTime="2014-06-29T11:55:15.8607508+05:30" testType="13cdc9d9-ddb5-4fa4-a97d-d965ccfc6d4b" outcome="Passed" testListId="8c84fa94-04c1-424b-9868-57a2d4851a1d" relativeResultsDirectory="e3fa3329-29f2-4c28-8b93-3ce055740944" dataRowInfo="10" resultType="DataDrivenDataRow" />
        <UnitTestResult executionId="bd5d306f-4938-4225-a88e-9f907bc1e44a" parentExecutionId="e3fa3329-29f2-4c28-8b93-3ce055740944" testId="d03eb628-bf1f-c27d-aeef-e708d613d686" testName="all_persons_modal_can_may_negation" computerName="ARPAN-LAP" duration="00:00:00.0220045" startTime="2014-06-29T11:55:15.8607508+05:30" endTime="2014-06-29T11:55:15.8827521+05:30" testType="13cdc9d9-ddb5-4fa4-a97d-d965ccfc6d4b" outcome="Passed" testListId="8c84fa94-04c1-424b-9868-57a2d4851a1d" relativeResultsDirectory="e3fa3329-29f2-4c28-8b93-3ce055740944" dataRowInfo="11" resultType="DataDrivenDataRow" />
        <UnitTestResult executionId="ed949d00-f4cf-4c23-b7e9-c104dede209f" parentExecutionId="e3fa3329-29f2-4c28-8b93-3ce055740944" testId="d03eb628-bf1f-c27d-aeef-e708d613d686" testName="all_persons_modal_can_may_negation" computerName="ARPAN-LAP" duration="00:00:00.0293592" startTime="2014-06-29T11:55:15.8827521+05:30" endTime="2014-06-29T11:55:15.9127538+05:30" testType="13cdc9d9-ddb5-4fa4-a97d-d965ccfc6d4b" outcome="Passed" testListId="8c84fa94-04c1-424b-9868-57a2d4851a1d" relativeResultsDirectory="e3fa3329-29f2-4c28-8b93-3ce055740944" dataRowInfo="12" resultType="DataDrivenDataRow" />
        <UnitTestResult executionId="1780a3c4-0879-4201-b5f4-e57df0d55c50" parentExecutionId="e3fa3329-29f2-4c28-8b93-3ce055740944" testId="d03eb628-bf1f-c27d-aeef-e708d613d686" testName="all_persons_modal_can_may_negation" computerName="ARPAN-LAP" duration="00:00:00.0297241" startTime="2014-06-29T11:55:15.9127538+05:30" endTime="2014-06-29T11:55:15.9417555+05:30" testType="13cdc9d9-ddb5-4fa4-a97d-d965ccfc6d4b" outcome="Passed" testListId="8c84fa94-04c1-424b-9868-57a2d4851a1d" relativeResultsDirectory="e3fa3329-29f2-4c28-8b93-3ce055740944" dataRowInfo="13" resultType="DataDrivenDataRow" />
        <UnitTestResult executionId="8a0096ce-0aca-4121-8b5e-7a3c472c1615" parentExecutionId="e3fa3329-29f2-4c28-8b93-3ce055740944" testId="d03eb628-bf1f-c27d-aeef-e708d613d686" testName="all_persons_modal_can_may_negation" computerName="ARPAN-LAP" duration="00:00:00.0282592" startTime="2014-06-29T11:55:15.9417555+05:30" endTime="2014-06-29T11:55:15.9707571+05:30" testType="13cdc9d9-ddb5-4fa4-a97d-d965ccfc6d4b" outcome="Passed" testListId="8c84fa94-04c1-424b-9868-57a2d4851a1d" relativeResultsDirectory="e3fa3329-29f2-4c28-8b93-3ce055740944" dataRowInfo="14" resultType="DataDrivenDataRow" />
        <UnitTestResult executionId="5508abfd-59b7-4df3-a4e3-d4178924e6f8" parentExecutionId="e3fa3329-29f2-4c28-8b93-3ce055740944" testId="d03eb628-bf1f-c27d-aeef-e708d613d686" testName="all_persons_modal_can_may_negation" computerName="ARPAN-LAP" duration="00:00:00.0327247" startTime="2014-06-29T11:55:15.9707571+05:30" endTime="2014-06-29T11:55:16.0027590+05:30" testType="13cdc9d9-ddb5-4fa4-a97d-d965ccfc6d4b" outcome="Passed" testListId="8c84fa94-04c1-424b-9868-57a2d4851a1d" relativeResultsDirectory="e3fa3329-29f2-4c28-8b93-3ce055740944" dataRowInfo="15" resultType="DataDrivenDataRow" />
        <UnitTestResult executionId="39da6c67-d852-4999-87f2-82fbe7baea1b" parentExecutionId="e3fa3329-29f2-4c28-8b93-3ce055740944" testId="d03eb628-bf1f-c27d-aeef-e708d613d686" testName="all_persons_modal_can_may_negation" computerName="ARPAN-LAP" duration="00:00:00.0217042" startTime="2014-06-29T11:55:16.0027590+05:30" endTime="2014-06-29T11:55:16.0247602+05:30" testType="13cdc9d9-ddb5-4fa4-a97d-d965ccfc6d4b" outcome="Passed" testListId="8c84fa94-04c1-424b-9868-57a2d4851a1d" relativeResultsDirectory="e3fa3329-29f2-4c28-8b93-3ce055740944" dataRowInfo="16" resultType="DataDrivenDataRow" />
        <UnitTestResult executionId="83952d81-28b5-4655-99fc-8375c3ba344d" parentExecutionId="e3fa3329-29f2-4c28-8b93-3ce055740944" testId="d03eb628-bf1f-c27d-aeef-e708d613d686" testName="all_persons_modal_can_may_negation" computerName="ARPAN-LAP" duration="00:00:00.0215702" startTime="2014-06-29T11:55:16.0247602+05:30" endTime="2014-06-29T11:55:16.0467615+05:30" testType="13cdc9d9-ddb5-4fa4-a97d-d965ccfc6d4b" outcome="Passed" testListId="8c84fa94-04c1-424b-9868-57a2d4851a1d" relativeResultsDirectory="e3fa3329-29f2-4c28-8b93-3ce055740944" dataRowInfo="17" resultType="DataDrivenDataRow" />
        <UnitTestResult executionId="679944f0-9912-4b65-b4e5-404501c20f33" parentExecutionId="e3fa3329-29f2-4c28-8b93-3ce055740944" testId="d03eb628-bf1f-c27d-aeef-e708d613d686" testName="all_persons_modal_can_may_negation" computerName="ARPAN-LAP" duration="00:00:00.0238723" startTime="2014-06-29T11:55:16.0467615+05:30" endTime="2014-06-29T11:55:16.0707628+05:30" testType="13cdc9d9-ddb5-4fa4-a97d-d965ccfc6d4b" outcome="Passed" testListId="8c84fa94-04c1-424b-9868-57a2d4851a1d" relativeResultsDirectory="e3fa3329-29f2-4c28-8b93-3ce055740944" dataRowInfo="18" resultType="DataDrivenDataRow" />
        <UnitTestResult executionId="f893179e-0c37-4a4b-8ee5-cc459518abee" parentExecutionId="e3fa3329-29f2-4c28-8b93-3ce055740944" testId="d03eb628-bf1f-c27d-aeef-e708d613d686" testName="all_persons_modal_can_may_negation" computerName="ARPAN-LAP" duration="00:00:00.0210688" startTime="2014-06-29T11:55:16.0707628+05:30" endTime="2014-06-29T11:55:16.0917640+05:30" testType="13cdc9d9-ddb5-4fa4-a97d-d965ccfc6d4b" outcome="Passed" testListId="8c84fa94-04c1-424b-9868-57a2d4851a1d" relativeResultsDirectory="e3fa3329-29f2-4c28-8b93-3ce055740944" dataRowInfo="19" resultType="DataDrivenDataRow" />
        <UnitTestResult executionId="2d5fdff9-0b7f-4c5f-b104-373e2032fb29" parentExecutionId="e3fa3329-29f2-4c28-8b93-3ce055740944" testId="d03eb628-bf1f-c27d-aeef-e708d613d686" testName="all_persons_modal_can_may_negation" computerName="ARPAN-LAP" duration="00:00:00.0244466" startTime="2014-06-29T11:55:16.0917640+05:30" endTime="2014-06-29T11:55:16.1157654+05:30" testType="13cdc9d9-ddb5-4fa4-a97d-d965ccfc6d4b" outcome="Passed" testListId="8c84fa94-04c1-424b-9868-57a2d4851a1d" relativeResultsDirectory="e3fa3329-29f2-4c28-8b93-3ce055740944" dataRowInfo="20" resultType="DataDrivenDataRow" />
        <UnitTestResult executionId="262d9f68-4451-49df-9975-bb54cb9218a6" parentExecutionId="e3fa3329-29f2-4c28-8b93-3ce055740944" testId="d03eb628-bf1f-c27d-aeef-e708d613d686" testName="all_persons_modal_can_may_negation" computerName="ARPAN-LAP" duration="00:00:00.0304170" startTime="2014-06-29T11:55:16.1157654+05:30" endTime="2014-06-29T11:55:16.1467672+05:30" testType="13cdc9d9-ddb5-4fa4-a97d-d965ccfc6d4b" outcome="Passed" testListId="8c84fa94-04c1-424b-9868-57a2d4851a1d" relativeResultsDirectory="e3fa3329-29f2-4c28-8b93-3ce055740944" dataRowInfo="21" resultType="DataDrivenDataRow" />
        <UnitTestResult executionId="8816f033-2931-457d-821c-f8c74c9200f3" parentExecutionId="e3fa3329-29f2-4c28-8b93-3ce055740944" testId="d03eb628-bf1f-c27d-aeef-e708d613d686" testName="all_persons_modal_can_may_negation" computerName="ARPAN-LAP" duration="00:00:00.0328381" startTime="2014-06-29T11:55:16.1467672+05:30" endTime="2014-06-29T11:55:16.1797691+05:30" testType="13cdc9d9-ddb5-4fa4-a97d-d965ccfc6d4b" outcome="Passed" testListId="8c84fa94-04c1-424b-9868-57a2d4851a1d" relativeResultsDirectory="e3fa3329-29f2-4c28-8b93-3ce055740944" dataRowInfo="22" resultType="DataDrivenDataRow" />
        <UnitTestResult executionId="fcad6d23-eb2d-40f7-8f8c-7d2070c45e98" parentExecutionId="e3fa3329-29f2-4c28-8b93-3ce055740944" testId="d03eb628-bf1f-c27d-aeef-e708d613d686" testName="all_persons_modal_can_may_negation" computerName="ARPAN-LAP" duration="00:00:00.0268672" startTime="2014-06-29T11:55:16.1797691+05:30" endTime="2014-06-29T11:55:16.2067706+05:30" testType="13cdc9d9-ddb5-4fa4-a97d-d965ccfc6d4b" outcome="Passed" testListId="8c84fa94-04c1-424b-9868-57a2d4851a1d" relativeResultsDirectory="e3fa3329-29f2-4c28-8b93-3ce055740944" dataRowInfo="23" resultType="DataDrivenDataRow" />
      </InnerResults>
    </UnitTestResult>
    <UnitTestResult executionId="e75275e4-75ea-4ff3-b0ad-20d8f546df91" testId="d766a059-d96c-7b47-e6a6-34931760df96" testName="all_persons_tenses_passive" computerName="ARPAN-LAP" duration="00:00:00.3489512" startTime="2014-06-29T11:55:16.2917755+05:30" endTime="2014-06-29T11:55:16.6867981+05:30" testType="13cdc9d9-ddb5-4fa4-a97d-d965ccfc6d4b" outcome="Passed" testListId="8c84fa94-04c1-424b-9868-57a2d4851a1d" relativeResultsDirectory="e75275e4-75ea-4ff3-b0ad-20d8f546df91" resultType="DataDrivenTest">
      <Counters error="0" failed="0" timeout="0" aborted="0" inconclusive="0" passedButRunAborted="0" notRunnable="0" notExecuted="0" disconnected="0" warning="0" passed="10" completed="0" inProgress="0" pending="0" />
      <InnerResults>
        <UnitTestResult executionId="b0f20e29-624f-465b-a106-d4fc7dee773d" parentExecutionId="e75275e4-75ea-4ff3-b0ad-20d8f546df91" testId="d766a059-d96c-7b47-e6a6-34931760df96" testName="all_persons_tenses_passive" computerName="ARPAN-LAP" duration="00:00:00.0218705" startTime="2014-06-29T11:55:16.3267775+05:30" endTime="2014-06-29T11:55:16.3487787+05:30" testType="13cdc9d9-ddb5-4fa4-a97d-d965ccfc6d4b" outcome="Passed" testListId="8c84fa94-04c1-424b-9868-57a2d4851a1d" relativeResultsDirectory="e75275e4-75ea-4ff3-b0ad-20d8f546df91" dataRowInfo="0" resultType="DataDrivenDataRow" />
        <UnitTestResult executionId="f1c50426-225f-4133-a0d1-b76c1da950ab" parentExecutionId="e75275e4-75ea-4ff3-b0ad-20d8f546df91" testId="d766a059-d96c-7b47-e6a6-34931760df96" testName="all_persons_tenses_passive" computerName="ARPAN-LAP" duration="00:00:00.0276279" startTime="2014-06-29T11:55:16.3487787+05:30" endTime="2014-06-29T11:55:16.3757803+05:30" testType="13cdc9d9-ddb5-4fa4-a97d-d965ccfc6d4b" outcome="Passed" testListId="8c84fa94-04c1-424b-9868-57a2d4851a1d" relativeResultsDirectory="e75275e4-75ea-4ff3-b0ad-20d8f546df91" dataRowInfo="1" resultType="DataDrivenDataRow" />
        <UnitTestResult executionId="e07aa5e7-fc9d-44e5-8c09-2006cec67f86" parentExecutionId="e75275e4-75ea-4ff3-b0ad-20d8f546df91" testId="d766a059-d96c-7b47-e6a6-34931760df96" testName="all_persons_tenses_passive" computerName="ARPAN-LAP" duration="00:00:00.0331748" startTime="2014-06-29T11:55:16.3757803+05:30" endTime="2014-06-29T11:55:16.4087822+05:30" testType="13cdc9d9-ddb5-4fa4-a97d-d965ccfc6d4b" outcome="Passed" testListId="8c84fa94-04c1-424b-9868-57a2d4851a1d" relativeResultsDirectory="e75275e4-75ea-4ff3-b0ad-20d8f546df91" dataRowInfo="2" resultType="DataDrivenDataRow" />
        <UnitTestResult executionId="e6fe5eea-7c4b-4278-ab41-e1c7e282ac29" parentExecutionId="e75275e4-75ea-4ff3-b0ad-20d8f546df91" testId="d766a059-d96c-7b47-e6a6-34931760df96" testName="all_persons_tenses_passive" computerName="ARPAN-LAP" duration="00:00:00.0327047" startTime="2014-06-29T11:55:16.4097822+05:30" endTime="2014-06-29T11:55:16.4417841+05:30" testType="13cdc9d9-ddb5-4fa4-a97d-d965ccfc6d4b" outcome="Passed" testListId="8c84fa94-04c1-424b-9868-57a2d4851a1d" relativeResultsDirectory="e75275e4-75ea-4ff3-b0ad-20d8f546df91" dataRowInfo="3" resultType="DataDrivenDataRow" />
        <UnitTestResult executionId="7483a8fe-8333-41a2-a49e-56d87ea16eaf" parentExecutionId="e75275e4-75ea-4ff3-b0ad-20d8f546df91" testId="d766a059-d96c-7b47-e6a6-34931760df96" testName="all_persons_tenses_passive" computerName="ARPAN-LAP" duration="00:00:00.0217612" startTime="2014-06-29T11:55:16.4417841+05:30" endTime="2014-06-29T11:55:16.4637853+05:30" testType="13cdc9d9-ddb5-4fa4-a97d-d965ccfc6d4b" outcome="Passed" testListId="8c84fa94-04c1-424b-9868-57a2d4851a1d" relativeResultsDirectory="e75275e4-75ea-4ff3-b0ad-20d8f546df91" dataRowInfo="4" resultType="DataDrivenDataRow" />
        <UnitTestResult executionId="d0893bfa-0149-4add-818a-011431e3a68a" parentExecutionId="e75275e4-75ea-4ff3-b0ad-20d8f546df91" testId="d766a059-d96c-7b47-e6a6-34931760df96" testName="all_persons_tenses_passive" computerName="ARPAN-LAP" duration="00:00:00.0275037" startTime="2014-06-29T11:55:16.4637853+05:30" endTime="2014-06-29T11:55:16.4917869+05:30" testType="13cdc9d9-ddb5-4fa4-a97d-d965ccfc6d4b" outcome="Passed" testListId="8c84fa94-04c1-424b-9868-57a2d4851a1d" relativeResultsDirectory="e75275e4-75ea-4ff3-b0ad-20d8f546df91" dataRowInfo="5" resultType="DataDrivenDataRow" />
        <UnitTestResult executionId="ec268b54-dd6b-415c-be03-f7167aba0508" parentExecutionId="e75275e4-75ea-4ff3-b0ad-20d8f546df91" testId="d766a059-d96c-7b47-e6a6-34931760df96" testName="all_persons_tenses_passive" computerName="ARPAN-LAP" duration="00:00:00.0290461" startTime="2014-06-29T11:55:16.4917869+05:30" endTime="2014-06-29T11:55:16.5207886+05:30" testType="13cdc9d9-ddb5-4fa4-a97d-d965ccfc6d4b" outcome="Passed" testListId="8c84fa94-04c1-424b-9868-57a2d4851a1d" relativeResultsDirectory="e75275e4-75ea-4ff3-b0ad-20d8f546df91" dataRowInfo="6" resultType="DataDrivenDataRow" />
        <UnitTestResult executionId="a4d7bb1f-cec4-443e-9873-79276b043758" parentExecutionId="e75275e4-75ea-4ff3-b0ad-20d8f546df91" testId="d766a059-d96c-7b47-e6a6-34931760df96" testName="all_persons_tenses_passive" computerName="ARPAN-LAP" duration="00:00:00.0333314" startTime="2014-06-29T11:55:16.5207886+05:30" endTime="2014-06-29T11:55:16.5537905+05:30" testType="13cdc9d9-ddb5-4fa4-a97d-d965ccfc6d4b" outcome="Passed" testListId="8c84fa94-04c1-424b-9868-57a2d4851a1d" relativeResultsDirectory="e75275e4-75ea-4ff3-b0ad-20d8f546df91" dataRowInfo="7" resultType="DataDrivenDataRow" />
        <UnitTestResult executionId="a9aead93-19c6-4a92-ac0d-d21a24e90e46" parentExecutionId="e75275e4-75ea-4ff3-b0ad-20d8f546df91" testId="d766a059-d96c-7b47-e6a6-34931760df96" testName="all_persons_tenses_passive" computerName="ARPAN-LAP" duration="00:00:00.0511060" startTime="2014-06-29T11:55:16.5537905+05:30" endTime="2014-06-29T11:55:16.6047934+05:30" testType="13cdc9d9-ddb5-4fa4-a97d-d965ccfc6d4b" outcome="Passed" testListId="8c84fa94-04c1-424b-9868-57a2d4851a1d" relativeResultsDirectory="e75275e4-75ea-4ff3-b0ad-20d8f546df91" dataRowInfo="8" resultType="DataDrivenDataRow" />
        <UnitTestResult executionId="6641e10f-9d20-4a71-9f01-ba7d5e25b16c" parentExecutionId="e75275e4-75ea-4ff3-b0ad-20d8f546df91" testId="d766a059-d96c-7b47-e6a6-34931760df96" testName="all_persons_tenses_passive" computerName="ARPAN-LAP" duration="00:00:00.0477241" startTime="2014-06-29T11:55:16.6047934+05:30" endTime="2014-06-29T11:55:16.6527961+05:30" testType="13cdc9d9-ddb5-4fa4-a97d-d965ccfc6d4b" outcome="Passed" testListId="8c84fa94-04c1-424b-9868-57a2d4851a1d" relativeResultsDirectory="e75275e4-75ea-4ff3-b0ad-20d8f546df91" dataRowInfo="9" resultType="DataDrivenDataRow" />
      </InnerResults>
    </UnitTestResult>
    <UnitTestResult executionId="ecfce502-f7d4-438e-8451-58fb050baa46" testId="fe3e63ab-391c-e168-48d0-431b85a7b898" testName="third_person_tenses_active_negation" computerName="ARPAN-LAP" duration="00:00:00.5119831" startTime="2014-06-29T11:55:16.6957986+05:30" endTime="2014-06-29T11:55:17.2428299+05:30" testType="13cdc9d9-ddb5-4fa4-a97d-d965ccfc6d4b" outcome="Passed" testListId="8c84fa94-04c1-424b-9868-57a2d4851a1d" relativeResultsDirectory="ecfce502-f7d4-438e-8451-58fb050baa46" resultType="DataDrivenTest">
      <Counters error="0" failed="0" timeout="0" aborted="0" inconclusive="0" passedButRunAborted="0" notRunnable="0" notExecuted="0" disconnected="0" warning="0" passed="10" completed="0" inProgress="0" pending="0" />
      <InnerResults>
        <UnitTestResult executionId="64972c6f-bf4b-4980-954f-21a70ba31b8b" parentExecutionId="ecfce502-f7d4-438e-8451-58fb050baa46" testId="fe3e63ab-391c-e168-48d0-431b85a7b898" testName="third_person_tenses_active_negation" computerName="ARPAN-LAP" duration="00:00:00.0248696" startTime="2014-06-29T11:55:16.7268004+05:30" endTime="2014-06-29T11:55:16.7518018+05:30" testType="13cdc9d9-ddb5-4fa4-a97d-d965ccfc6d4b" outcome="Passed" testListId="8c84fa94-04c1-424b-9868-57a2d4851a1d" relativeResultsDirectory="ecfce502-f7d4-438e-8451-58fb050baa46" dataRowInfo="0" resultType="DataDrivenDataRow" />
        <UnitTestResult executionId="6fa2bbdf-b24c-40c3-91c0-717f6f6994a4" parentExecutionId="ecfce502-f7d4-438e-8451-58fb050baa46" testId="fe3e63ab-391c-e168-48d0-431b85a7b898" testName="third_person_tenses_active_negation" computerName="ARPAN-LAP" duration="00:00:00.0235515" startTime="2014-06-29T11:55:16.7518018+05:30" endTime="2014-06-29T11:55:16.7758032+05:30" testType="13cdc9d9-ddb5-4fa4-a97d-d965ccfc6d4b" outcome="Passed" testListId="8c84fa94-04c1-424b-9868-57a2d4851a1d" relativeResultsDirectory="ecfce502-f7d4-438e-8451-58fb050baa46" dataRowInfo="1" resultType="DataDrivenDataRow" />
        <UnitTestResult executionId="2988f9eb-f4db-4b2b-bbec-48adc6d97b00" parentExecutionId="ecfce502-f7d4-438e-8451-58fb050baa46" testId="fe3e63ab-391c-e168-48d0-431b85a7b898" testName="third_person_tenses_active_negation" computerName="ARPAN-LAP" duration="00:00:00.0260152" startTime="2014-06-29T11:55:16.7758032+05:30" endTime="2014-06-29T11:55:16.8018047+05:30" testType="13cdc9d9-ddb5-4fa4-a97d-d965ccfc6d4b" outcome="Passed" testListId="8c84fa94-04c1-424b-9868-57a2d4851a1d" relativeResultsDirectory="ecfce502-f7d4-438e-8451-58fb050baa46" dataRowInfo="2" resultType="DataDrivenDataRow" />
        <UnitTestResult executionId="40736776-9428-48fb-8b5a-70dfedc333be" parentExecutionId="ecfce502-f7d4-438e-8451-58fb050baa46" testId="fe3e63ab-391c-e168-48d0-431b85a7b898" testName="third_person_tenses_active_negation" computerName="ARPAN-LAP" duration="00:00:00.0290055" startTime="2014-06-29T11:55:16.8018047+05:30" endTime="2014-06-29T11:55:16.8308063+05:30" testType="13cdc9d9-ddb5-4fa4-a97d-d965ccfc6d4b" outcome="Passed" testListId="8c84fa94-04c1-424b-9868-57a2d4851a1d" relativeResultsDirectory="ecfce502-f7d4-438e-8451-58fb050baa46" dataRowInfo="3" resultType="DataDrivenDataRow" />
        <UnitTestResult executionId="cab07aa2-0bc0-4c6d-9f74-93525e9fd3cd" parentExecutionId="ecfce502-f7d4-438e-8451-58fb050baa46" testId="fe3e63ab-391c-e168-48d0-431b85a7b898" testName="third_person_tenses_active_negation" computerName="ARPAN-LAP" duration="00:00:00.0252653" startTime="2014-06-29T11:55:16.8308063+05:30" endTime="2014-06-29T11:55:16.8558077+05:30" testType="13cdc9d9-ddb5-4fa4-a97d-d965ccfc6d4b" outcome="Passed" testListId="8c84fa94-04c1-424b-9868-57a2d4851a1d" relativeResultsDirectory="ecfce502-f7d4-438e-8451-58fb050baa46" dataRowInfo="4" resultType="DataDrivenDataRow" />
        <UnitTestResult executionId="0f761d38-cb3b-4884-be05-02069bfde06b" parentExecutionId="ecfce502-f7d4-438e-8451-58fb050baa46" testId="fe3e63ab-391c-e168-48d0-431b85a7b898" testName="third_person_tenses_active_negation" computerName="ARPAN-LAP" duration="00:00:00.0484072" startTime="2014-06-29T11:55:16.8558077+05:30" endTime="2014-06-29T11:55:16.9038105+05:30" testType="13cdc9d9-ddb5-4fa4-a97d-d965ccfc6d4b" outcome="Passed" testListId="8c84fa94-04c1-424b-9868-57a2d4851a1d" relativeResultsDirectory="ecfce502-f7d4-438e-8451-58fb050baa46" dataRowInfo="5" resultType="DataDrivenDataRow" />
        <UnitTestResult executionId="e245a57d-4198-4c38-9c4f-3a9db401cee7" parentExecutionId="ecfce502-f7d4-438e-8451-58fb050baa46" testId="fe3e63ab-391c-e168-48d0-431b85a7b898" testName="third_person_tenses_active_negation" computerName="ARPAN-LAP" duration="00:00:00.0351864" startTime="2014-06-29T11:55:16.9038105+05:30" endTime="2014-06-29T11:55:16.9398125+05:30" testType="13cdc9d9-ddb5-4fa4-a97d-d965ccfc6d4b" outcome="Passed" testListId="8c84fa94-04c1-424b-9868-57a2d4851a1d" relativeResultsDirectory="ecfce502-f7d4-438e-8451-58fb050baa46" dataRowInfo="6" resultType="DataDrivenDataRow" />
        <UnitTestResult executionId="ed4e4fdb-230f-45df-81ce-c53d09b411cb" parentExecutionId="ecfce502-f7d4-438e-8451-58fb050baa46" testId="fe3e63ab-391c-e168-48d0-431b85a7b898" testName="third_person_tenses_active_negation" computerName="ARPAN-LAP" duration="00:00:00.2181476" startTime="2014-06-29T11:55:16.9398125+05:30" endTime="2014-06-29T11:55:17.1578250+05:30" testType="13cdc9d9-ddb5-4fa4-a97d-d965ccfc6d4b" outcome="Passed" testListId="8c84fa94-04c1-424b-9868-57a2d4851a1d" relativeResultsDirectory="ecfce502-f7d4-438e-8451-58fb050baa46" dataRowInfo="7" resultType="DataDrivenDataRow" />
        <UnitTestResult executionId="2d3a2efb-8f09-467e-b338-66048a50301b" parentExecutionId="ecfce502-f7d4-438e-8451-58fb050baa46" testId="fe3e63ab-391c-e168-48d0-431b85a7b898" testName="third_person_tenses_active_negation" computerName="ARPAN-LAP" duration="00:00:00.0234201" startTime="2014-06-29T11:55:17.1578250+05:30" endTime="2014-06-29T11:55:17.1808263+05:30" testType="13cdc9d9-ddb5-4fa4-a97d-d965ccfc6d4b" outcome="Passed" testListId="8c84fa94-04c1-424b-9868-57a2d4851a1d" relativeResultsDirectory="ecfce502-f7d4-438e-8451-58fb050baa46" dataRowInfo="8" resultType="DataDrivenDataRow" />
        <UnitTestResult executionId="2ce415c7-246e-4e53-900a-ef718204b301" parentExecutionId="ecfce502-f7d4-438e-8451-58fb050baa46" testId="fe3e63ab-391c-e168-48d0-431b85a7b898" testName="third_person_tenses_active_negation" computerName="ARPAN-LAP" duration="00:00:00.0297190" startTime="2014-06-29T11:55:17.1808263+05:30" endTime="2014-06-29T11:55:17.2108280+05:30" testType="13cdc9d9-ddb5-4fa4-a97d-d965ccfc6d4b" outcome="Passed" testListId="8c84fa94-04c1-424b-9868-57a2d4851a1d" relativeResultsDirectory="ecfce502-f7d4-438e-8451-58fb050baa46" dataRowInfo="9" resultType="DataDrivenDataRow" />
      </InnerResults>
    </UnitTestResult>
  </Results>
</TestRun>