<?xml version="1.0" encoding="UTF-8"?>
<TestRun id="fd747650-c8c2-4c66-a680-319940816d28" name="Arghya@ARPAN-LAP 2014-06-29 11:53:29" runUser="ARPAN-LAP\Arghya" xmlns="http://microsoft.com/schemas/VisualStudio/TeamTest/2010">
  <TestSettings name="Default Test Settings" id="eb931e69-5edd-4094-bc29-75a32c6a0c30">
    <Execution>
      <TestTypeSpecific />
      <AgentRule name="Execution Agents">
      </AgentRule>
    </Execution>
    <Deployment runDeploymentRoot="Arghya_ARPAN-LAP 2014-06-29 11_53_29" />
  </TestSettings>
  <Times creation="2014-06-29T11:53:29.0006388+05:30" queuing="2014-06-29T11:53:29.4886667+05:30" start="2014-06-29T11:53:29.5196685+05:30" finish="2014-06-29T11:53:46.5836445+05:30" />
  <ResultSummary outcome="Failed">
    <Counters total="309" executed="309" passed="299" error="0" failed="10" timeout="0" aborted="0" inconclusive="0" passedButRunAborted="0" notRunnable="0" notExecuted="0" disconnected="0" warning="0" completed="0" inProgress="0" pending="0" />
    <RunInfos>
      <RunInfo computerName="ARPAN-LAP" outcome="Warning" timestamp="2014-06-29T11:53:29.3866609+05:30">
        <Text>Warning: Test Run deployment issue: Failed to get the file for deployment item '..\UnitTest\TestCases\wikipedia.xml' specified by the test 'UnitTest.BnlpTest.RandomWord': System.IO.DirectoryNotFoundException: Could not find a part of the path 'D:\software\Project\UnitTest\TestCases\wikipedia.xml'.</Text>
        <Exception>System.IO.DirectoryNotFoundException: Could not find a part of the path 'D:\software\Project\UnitTest\TestCases\wikipedia.xml'.
   at System.IO.__Error.WinIOError(Int32 errorCode, String maybeFullPath)
   at System.IO.File.GetAttributes(String path)
   at Microsoft.VisualStudio.TestTools.Common.SingleFileProvider.GetFilePaths()
   at Microsoft.VisualStudio.TestTools.TestManagement.DeploymentCoverageItem.GetFiles(TestRunConfiguration runConfig)
   at Microsoft.VisualStudio.TestTools.TestManagement.DeploymentManager.DoDeployment(TestRun run, FileCopyService fileCopyService)</Exception>
      </RunInfo>
      <RunInfo computerName="ARPAN-LAP" outcome="Warning" timestamp="2014-06-29T11:53:29.3876609+05:30">
        <Text>Warning: Test Run deployment issue: Failed to get the file for deployment item '..\UnitTest\TestCases\interrogative_sentences_who.xml' specified by the test 'UnitTest.BnlpTest.interrogative_sentences_who': System.IO.DirectoryNotFoundException: Could not find a part of the path 'D:\software\Project\UnitTest\TestCases\interrogative_sentences_who.xml'.</Text>
        <Exception>System.IO.DirectoryNotFoundException: Could not find a part of the path 'D:\software\Project\UnitTest\TestCases\interrogative_sentences_who.xml'.
   at System.IO.__Error.WinIOError(Int32 errorCode, String maybeFullPath)
   at System.IO.File.GetAttributes(String path)
   at Microsoft.VisualStudio.TestTools.Common.SingleFileProvider.GetFilePaths()
   at Microsoft.VisualStudio.TestTools.TestManagement.DeploymentCoverageItem.GetFiles(TestRunConfiguration runConfig)
   at Microsoft.VisualStudio.TestTools.TestManagement.DeploymentManager.DoDeployment(TestRun run, FileCopyService fileCopyService)</Exception>
      </RunInfo>
      <RunInfo computerName="ARPAN-LAP" outcome="Warning" timestamp="2014-06-29T11:53:29.3886610+05:30">
        <Text>Warning: Test Run deployment issue: Failed to get the file for deployment item '..\UnitTest\TestCases\special_handling_do_verb.xml' specified by the test 'UnitTest.BnlpTest.special_handling_do_verb': System.IO.DirectoryNotFoundException: Could not find a part of the path 'D:\software\Project\UnitTest\TestCases\special_handling_do_verb.xml'.</Text>
        <Exception>System.IO.DirectoryNotFoundException: Could not find a part of the path 'D:\software\Project\UnitTest\TestCases\special_handling_do_verb.xml'.
   at System.IO.__Error.WinIOError(Int32 errorCode, String maybeFullPath)
   at System.IO.File.GetAttributes(String path)
   at Microsoft.VisualStudio.TestTools.Common.SingleFileProvider.GetFilePaths()
   at Microsoft.VisualStudio.TestTools.TestManagement.DeploymentCoverageItem.GetFiles(TestRunConfiguration runConfig)
   at Microsoft.VisualStudio.TestTools.TestManagement.DeploymentManager.DoDeployment(TestRun run, FileCopyService fileCopyService)</Exception>
      </RunInfo>
      <RunInfo computerName="ARPAN-LAP" outcome="Warning" timestamp="2014-06-29T11:53:29.3896610+05:30">
        <Text>Warning: Test Run deployment issue: Failed to get the file for deployment item '..\UnitTest\TestCases\interrogative_sentences_which.xml' specified by the test 'UnitTest.BnlpTest.interrogative_sentences_which': System.IO.DirectoryNotFoundException: Could not find a part of the path 'D:\software\Project\UnitTest\TestCases\interrogative_sentences_which.xml'.</Text>
        <Exception>System.IO.DirectoryNotFoundException: Could not find a part of the path 'D:\software\Project\UnitTest\TestCases\interrogative_sentences_which.xml'.
   at System.IO.__Error.WinIOError(Int32 errorCode, String maybeFullPath)
   at System.IO.File.GetAttributes(String path)
   at Microsoft.VisualStudio.TestTools.Common.SingleFileProvider.GetFilePaths()
   at Microsoft.VisualStudio.TestTools.TestManagement.DeploymentCoverageItem.GetFiles(TestRunConfiguration runConfig)
   at Microsoft.VisualStudio.TestTools.TestManagement.DeploymentManager.DoDeployment(TestRun run, FileCopyService fileCopyService)</Exception>
      </RunInfo>
      <RunInfo computerName="ARPAN-LAP" outcome="Warning" timestamp="2014-06-29T11:53:29.3896610+05:30">
        <Text>Warning: Test Run deployment issue: Failed to get the file for deployment item '..\UnitTest\TestCases\all_persons_modal_should.xml' specified by the test 'UnitTest.BnlpTest.all_persons_modal_should': System.IO.DirectoryNotFoundException: Could not find a part of the path 'D:\software\Project\UnitTest\TestCases\all_persons_modal_should.xml'.</Text>
        <Exception>System.IO.DirectoryNotFoundException: Could not find a part of the path 'D:\software\Project\UnitTest\TestCases\all_persons_modal_should.xml'.
   at System.IO.__Error.WinIOError(Int32 errorCode, String maybeFullPath)
   at System.IO.File.GetAttributes(String path)
   at Microsoft.VisualStudio.TestTools.Common.SingleFileProvider.GetFilePaths()
   at Microsoft.VisualStudio.TestTools.TestManagement.DeploymentCoverageItem.GetFiles(TestRunConfiguration runConfig)
   at Microsoft.VisualStudio.TestTools.TestManagement.DeploymentManager.DoDeployment(TestRun run, FileCopyService fileCopyService)</Exception>
      </RunInfo>
      <RunInfo computerName="ARPAN-LAP" outcome="Warning" timestamp="2014-06-29T11:53:29.3906611+05:30">
        <Text>Warning: Test Run deployment issue: Failed to get the file for deployment item '..\UnitTest\TestCases\third_person_tenses_active.xml' specified by the test 'UnitTest.BnlpTest.third_person_tenses_active': System.IO.DirectoryNotFoundException: Could not find a part of the path 'D:\software\Project\UnitTest\TestCases\third_person_tenses_active.xml'.</Text>
        <Exception>System.IO.DirectoryNotFoundException: Could not find a part of the path 'D:\software\Project\UnitTest\TestCases\third_person_tenses_active.xml'.
   at System.IO.__Error.WinIOError(Int32 errorCode, String maybeFullPath)
   at System.IO.File.GetAttributes(String path)
   at Microsoft.VisualStudio.TestTools.Common.SingleFileProvider.GetFilePaths()
   at Microsoft.VisualStudio.TestTools.TestManagement.DeploymentCoverageItem.GetFiles(TestRunConfiguration runConfig)
   at Microsoft.VisualStudio.TestTools.TestManagement.DeploymentManager.DoDeployment(TestRun run, FileCopyService fileCopyService)</Exception>
      </RunInfo>
      <RunInfo computerName="ARPAN-LAP" outcome="Warning" timestamp="2014-06-29T11:53:29.3916611+05:30">
        <Text>Warning: Test Run deployment issue: Failed to get the file for deployment item '..\UnitTest\TestCases\all_persons_tenses_passive.xml' specified by the test 'UnitTest.BnlpTest.all_persons_tenses_passive': System.IO.DirectoryNotFoundException: Could not find a part of the path 'D:\software\Project\UnitTest\TestCases\all_persons_tenses_passive.xml'.</Text>
        <Exception>System.IO.DirectoryNotFoundException: Could not find a part of the path 'D:\software\Project\UnitTest\TestCases\all_persons_tenses_passive.xml'.
   at System.IO.__Error.WinIOError(Int32 errorCode, String maybeFullPath)
   at System.IO.File.GetAttributes(String path)
   at Microsoft.VisualStudio.TestTools.Common.SingleFileProvider.GetFilePaths()
   at Microsoft.VisualStudio.TestTools.TestManagement.DeploymentCoverageItem.GetFiles(TestRunConfiguration runConfig)
   at Microsoft.VisualStudio.TestTools.TestManagement.DeploymentManager.DoDeployment(TestRun run, FileCopyService fileCopyService)</Exception>
      </RunInfo>
      <RunInfo computerName="ARPAN-LAP" outcome="Warning" timestamp="2014-06-29T11:53:29.3926612+05:30">
        <Text>Warning: Test Run deployment issue: Failed to get the file for deployment item '..\UnitTest\TestCases\interrogative_sentences_aux.xml' specified by the test 'UnitTest.BnlpTest.interrogative_sentences_aux': System.IO.DirectoryNotFoundException: Could not find a part of the path 'D:\software\Project\UnitTest\TestCases\interrogative_sentences_aux.xml'.</Text>
        <Exception>System.IO.DirectoryNotFoundException: Could not find a part of the path 'D:\software\Project\UnitTest\TestCases\interrogative_sentences_aux.xml'.
   at System.IO.__Error.WinIOError(Int32 errorCode, String maybeFullPath)
   at System.IO.File.GetAttributes(String path)
   at Microsoft.VisualStudio.TestTools.Common.SingleFileProvider.GetFilePaths()
   at Microsoft.VisualStudio.TestTools.TestManagement.DeploymentCoverageItem.GetFiles(TestRunConfiguration runConfig)
   at Microsoft.VisualStudio.TestTools.TestManagement.DeploymentManager.DoDeployment(TestRun run, FileCopyService fileCopyService)</Exception>
      </RunInfo>
      <RunInfo computerName="ARPAN-LAP" outcome="Warning" timestamp="2014-06-29T11:53:29.3936613+05:30">
        <Text>Warning: Test Run deployment issue: Failed to get the file for deployment item '..\UnitTest\TestCases\second_person_tenses_active_negation.xml' specified by the test 'UnitTest.BnlpTest.second_person_tenses_active_negation': System.IO.DirectoryNotFoundException: Could not find a part of the path 'D:\software\Project\UnitTest\TestCases\second_person_tenses_active_negation.xml'.</Text>
        <Exception>System.IO.DirectoryNotFoundException: Could not find a part of the path 'D:\software\Project\UnitTest\TestCases\second_person_tenses_active_negation.xml'.
   at System.IO.__Error.WinIOError(Int32 errorCode, String maybeFullPath)
   at System.IO.File.GetAttributes(String path)
   at Microsoft.VisualStudio.TestTools.Common.SingleFileProvider.GetFilePaths()
   at Microsoft.VisualStudio.TestTools.TestManagement.DeploymentCoverageItem.GetFiles(TestRunConfiguration runConfig)
   at Microsoft.VisualStudio.TestTools.TestManagement.DeploymentManager.DoDeployment(TestRun run, FileCopyService fileCopyService)</Exception>
      </RunInfo>
      <RunInfo computerName="ARPAN-LAP" outcome="Warning" timestamp="2014-06-29T11:53:29.3946613+05:30">
        <Text>Warning: Test Run deployment issue: Failed to get the file for deployment item '..\UnitTest\TestCases\interrogative_sentences_where.xml' specified by the test 'UnitTest.BnlpTest.interrogative_sentences_where': System.IO.DirectoryNotFoundException: Could not find a part of the path 'D:\software\Project\UnitTest\TestCases\interrogative_sentences_where.xml'.</Text>
        <Exception>System.IO.DirectoryNotFoundException: Could not find a part of the path 'D:\software\Project\UnitTest\TestCases\interrogative_sentences_where.xml'.
   at System.IO.__Error.WinIOError(Int32 errorCode, String maybeFullPath)
   at System.IO.File.GetAttributes(String path)
   at Microsoft.VisualStudio.TestTools.Common.SingleFileProvider.GetFilePaths()
   at Microsoft.VisualStudio.TestTools.TestManagement.DeploymentCoverageItem.GetFiles(TestRunConfiguration runConfig)
   at Microsoft.VisualStudio.TestTools.TestManagement.DeploymentManager.DoDeployment(TestRun run, FileCopyService fileCopyService)</Exception>
      </RunInfo>
      <RunInfo computerName="ARPAN-LAP" outcome="Warning" timestamp="2014-06-29T11:53:29.3956614+05:30">
        <Text>Warning: Test Run deployment issue: Failed to get the file for deployment item '..\UnitTest\TestCases\prepositions_made_with_three_words.xml' specified by the test 'UnitTest.BnlpTest.prepositions_made_with_three_words': System.IO.DirectoryNotFoundException: Could not find a part of the path 'D:\software\Project\UnitTest\TestCases\prepositions_made_with_three_words.xml'.</Text>
        <Exception>System.IO.DirectoryNotFoundException: Could not find a part of the path 'D:\software\Project\UnitTest\TestCases\prepositions_made_with_three_words.xml'.
   at System.IO.__Error.WinIOError(Int32 errorCode, String maybeFullPath)
   at System.IO.File.GetAttributes(String path)
   at Microsoft.VisualStudio.TestTools.Common.SingleFileProvider.GetFilePaths()
   at Microsoft.VisualStudio.TestTools.TestManagement.DeploymentCoverageItem.GetFiles(TestRunConfiguration runConfig)
   at Microsoft.VisualStudio.TestTools.TestManagement.DeploymentManager.DoDeployment(TestRun run, FileCopyService fileCopyService)</Exception>
      </RunInfo>
      <RunInfo computerName="ARPAN-LAP" outcome="Warning" timestamp="2014-06-29T11:53:29.3966614+05:30">
        <Text>Warning: Test Run deployment issue: Failed to get the file for deployment item '..\UnitTest\TestCases\interrogative_sentences_what.xml' specified by the test 'UnitTest.BnlpTest.interrogative_sentences_what': System.IO.DirectoryNotFoundException: Could not find a part of the path 'D:\software\Project\UnitTest\TestCases\interrogative_sentences_what.xml'.</Text>
        <Exception>System.IO.DirectoryNotFoundException: Could not find a part of the path 'D:\software\Project\UnitTest\TestCases\interrogative_sentences_what.xml'.
   at System.IO.__Error.WinIOError(Int32 errorCode, String maybeFullPath)
   at System.IO.File.GetAttributes(String path)
   at Microsoft.VisualStudio.TestTools.Common.SingleFileProvider.GetFilePaths()
   at Microsoft.VisualStudio.TestTools.TestManagement.DeploymentCoverageItem.GetFiles(TestRunConfiguration runConfig)
   at Microsoft.VisualStudio.TestTools.TestManagement.DeploymentManager.DoDeployment(TestRun run, FileCopyService fileCopyService)</Exception>
      </RunInfo>
      <RunInfo computerName="ARPAN-LAP" outcome="Warning" timestamp="2014-06-29T11:53:29.3966614+05:30">
        <Text>Warning: Test Run deployment issue: Failed to get the file for deployment item '..\UnitTest\TestCases\interrogative_sentences_how.xml' specified by the test 'UnitTest.BnlpTest.interrogative_sentences_how': System.IO.DirectoryNotFoundException: Could not find a part of the path 'D:\software\Project\UnitTest\TestCases\interrogative_sentences_how.xml'.</Text>
        <Exception>System.IO.DirectoryNotFoundException: Could not find a part of the path 'D:\software\Project\UnitTest\TestCases\interrogative_sentences_how.xml'.
   at System.IO.__Error.WinIOError(Int32 errorCode, String maybeFullPath)
   at System.IO.File.GetAttributes(String path)
   at Microsoft.VisualStudio.TestTools.Common.SingleFileProvider.GetFilePaths()
   at Microsoft.VisualStudio.TestTools.TestManagement.DeploymentCoverageItem.GetFiles(TestRunConfiguration runConfig)
   at Microsoft.VisualStudio.TestTools.TestManagement.DeploymentManager.DoDeployment(TestRun run, FileCopyService fileCopyService)</Exception>
      </RunInfo>
      <RunInfo computerName="ARPAN-LAP" outcome="Warning" timestamp="2014-06-29T11:53:29.3976615+05:30">
        <Text>Warning: Test Run deployment issue: Failed to get the file for deployment item '..\UnitTest\TestCases\interrogative_sentences_whom.xml' specified by the test 'UnitTest.BnlpTest.interrogative_sentences_whom': System.IO.DirectoryNotFoundException: Could not find a part of the path 'D:\software\Project\UnitTest\TestCases\interrogative_sentences_whom.xml'.</Text>
        <Exception>System.IO.DirectoryNotFoundException: Could not find a part of the path 'D:\software\Project\UnitTest\TestCases\interrogative_sentences_whom.xml'.
   at System.IO.__Error.WinIOError(Int32 errorCode, String maybeFullPath)
   at System.IO.File.GetAttributes(String path)
   at Microsoft.VisualStudio.TestTools.Common.SingleFileProvider.GetFilePaths()
   at Microsoft.VisualStudio.TestTools.TestManagement.DeploymentCoverageItem.GetFiles(TestRunConfiguration runConfig)
   at Microsoft.VisualStudio.TestTools.TestManagement.DeploymentManager.DoDeployment(TestRun run, FileCopyService fileCopyService)</Exception>
      </RunInfo>
      <RunInfo computerName="ARPAN-LAP" outcome="Warning" timestamp="2014-06-29T11:53:29.3986615+05:30">
        <Text>Warning: Test Run deployment issue: Failed to get the file for deployment item '..\UnitTest\TestCases\second_person_tenses_active.xml' specified by the test 'UnitTest.BnlpTest.second_person_tenses_active': System.IO.DirectoryNotFoundException: Could not find a part of the path 'D:\software\Project\UnitTest\TestCases\second_person_tenses_active.xml'.</Text>
        <Exception>System.IO.DirectoryNotFoundException: Could not find a part of the path 'D:\software\Project\UnitTest\TestCases\second_person_tenses_active.xml'.
   at System.IO.__Error.WinIOError(Int32 errorCode, String maybeFullPath)
   at System.IO.File.GetAttributes(String path)
   at Microsoft.VisualStudio.TestTools.Common.SingleFileProvider.GetFilePaths()
   at Microsoft.VisualStudio.TestTools.TestManagement.DeploymentCoverageItem.GetFiles(TestRunConfiguration runConfig)
   at Microsoft.VisualStudio.TestTools.TestManagement.DeploymentManager.DoDeployment(TestRun run, FileCopyService fileCopyService)</Exception>
      </RunInfo>
      <RunInfo computerName="ARPAN-LAP" outcome="Warning" timestamp="2014-06-29T11:53:29.3996616+05:30">
        <Text>Warning: Test Run deployment issue: Failed to get the file for deployment item '..\UnitTest\TestCases\all_persons_modal_should_negation.xml' specified by the test 'UnitTest.BnlpTest.all_persons_modal_should_negation': System.IO.DirectoryNotFoundException: Could not find a part of the path 'D:\software\Project\UnitTest\TestCases\all_persons_modal_should_negation.xml'.</Text>
        <Exception>System.IO.DirectoryNotFoundException: Could not find a part of the path 'D:\software\Project\UnitTest\TestCases\all_persons_modal_should_negation.xml'.
   at System.IO.__Error.WinIOError(Int32 errorCode, String maybeFullPath)
   at System.IO.File.GetAttributes(String path)
   at Microsoft.VisualStudio.TestTools.Common.SingleFileProvider.GetFilePaths()
   at Microsoft.VisualStudio.TestTools.TestManagement.DeploymentCoverageItem.GetFiles(TestRunConfiguration runConfig)
   at Microsoft.VisualStudio.TestTools.TestManagement.DeploymentManager.DoDeployment(TestRun run, FileCopyService fileCopyService)</Exception>
      </RunInfo>
      <RunInfo computerName="ARPAN-LAP" outcome="Warning" timestamp="2014-06-29T11:53:29.4006617+05:30">
        <Text>Warning: Test Run deployment issue: Failed to get the file for deployment item '..\UnitTest\TestCases\first_person_tenses_active_negation.xml' specified by the test 'UnitTest.BnlpTest.first_person_tenses_active_negation': System.IO.DirectoryNotFoundException: Could not find a part of the path 'D:\software\Project\UnitTest\TestCases\first_person_tenses_active_negation.xml'.</Text>
        <Exception>System.IO.DirectoryNotFoundException: Could not find a part of the path 'D:\software\Project\UnitTest\TestCases\first_person_tenses_active_negation.xml'.
   at System.IO.__Error.WinIOError(Int32 errorCode, String maybeFullPath)
   at System.IO.File.GetAttributes(String path)
   at Microsoft.VisualStudio.TestTools.Common.SingleFileProvider.GetFilePaths()
   at Microsoft.VisualStudio.TestTools.TestManagement.DeploymentCoverageItem.GetFiles(TestRunConfiguration runConfig)
   at Microsoft.VisualStudio.TestTools.TestManagement.DeploymentManager.DoDeployment(TestRun run, FileCopyService fileCopyService)</Exception>
      </RunInfo>
      <RunInfo computerName="ARPAN-LAP" outcome="Warning" timestamp="2014-06-29T11:53:29.4016617+05:30">
        <Text>Warning: Test Run deployment issue: Failed to get the file for deployment item '..\UnitTest\TestCases\all_persons_modal_can_may_negation.xml' specified by the test 'UnitTest.BnlpTest.all_persons_modal_can_may_negation': System.IO.DirectoryNotFoundException: Could not find a part of the path 'D:\software\Project\UnitTest\TestCases\all_persons_modal_can_may_negation.xml'.</Text>
        <Exception>System.IO.DirectoryNotFoundException: Could not find a part of the path 'D:\software\Project\UnitTest\TestCases\all_persons_modal_can_may_negation.xml'.
   at System.IO.__Error.WinIOError(Int32 errorCode, String maybeFullPath)
   at System.IO.File.GetAttributes(String path)
   at Microsoft.VisualStudio.TestTools.Common.SingleFileProvider.GetFilePaths()
   at Microsoft.VisualStudio.TestTools.TestManagement.DeploymentCoverageItem.GetFiles(TestRunConfiguration runConfig)
   at Microsoft.VisualStudio.TestTools.TestManagement.DeploymentManager.DoDeployment(TestRun run, FileCopyService fileCopyService)</Exception>
      </RunInfo>
      <RunInfo computerName="ARPAN-LAP" outcome="Warning" timestamp="2014-06-29T11:53:29.4026618+05:30">
        <Text>Warning: Test Run deployment issue: Failed to get the file for deployment item '..\UnitTest\TestCases\third_person_tenses_active_negation.xml' specified by the test 'UnitTest.BnlpTest.third_person_tenses_active_negation': System.IO.DirectoryNotFoundException: Could not find a part of the path 'D:\software\Project\UnitTest\TestCases\third_person_tenses_active_negation.xml'.</Text>
        <Exception>System.IO.DirectoryNotFoundException: Could not find a part of the path 'D:\software\Project\UnitTest\TestCases\third_person_tenses_active_negation.xml'.
   at System.IO.__Error.WinIOError(Int32 errorCode, String maybeFullPath)
   at System.IO.File.GetAttributes(String path)
   at Microsoft.VisualStudio.TestTools.Common.SingleFileProvider.GetFilePaths()
   at Microsoft.VisualStudio.TestTools.TestManagement.DeploymentCoverageItem.GetFiles(TestRunConfiguration runConfig)
   at Microsoft.VisualStudio.TestTools.TestManagement.DeploymentManager.DoDeployment(TestRun run, FileCopyService fileCopyService)</Exception>
      </RunInfo>
      <RunInfo computerName="ARPAN-LAP" outcome="Warning" timestamp="2014-06-29T11:53:29.4026618+05:30">
        <Text>Warning: Test Run deployment issue: Failed to get the file for deployment item '..\UnitTest\TestCases\interrogative_sentences_do.xml' specified by the test 'UnitTest.BnlpTest.interrogative_sentences_do': System.IO.DirectoryNotFoundException: Could not find a part of the path 'D:\software\Project\UnitTest\TestCases\interrogative_sentences_do.xml'.</Text>
        <Exception>System.IO.DirectoryNotFoundException: Could not find a part of the path 'D:\software\Project\UnitTest\TestCases\interrogative_sentences_do.xml'.
   at System.IO.__Error.WinIOError(Int32 errorCode, String maybeFullPath)
   at System.IO.File.GetAttributes(String path)
   at Microsoft.VisualStudio.TestTools.Common.SingleFileProvider.GetFilePaths()
   at Microsoft.VisualStudio.TestTools.TestManagement.DeploymentCoverageItem.GetFiles(TestRunConfiguration runConfig)
   at Microsoft.VisualStudio.TestTools.TestManagement.DeploymentManager.DoDeployment(TestRun run, FileCopyService fileCopyService)</Exception>
      </RunInfo>
      <RunInfo computerName="ARPAN-LAP" outcome="Warning" timestamp="2014-06-29T11:53:29.4036618+05:30">
        <Text>Warning: Test Run deployment issue: Failed to get the file for deployment item '..\UnitTest\TestCases\auxiliary_verbs_as_main_verbs.xml' specified by the test 'UnitTest.BnlpTest.auxiliary_verbs_as_main_verbs': System.IO.DirectoryNotFoundException: Could not find a part of the path 'D:\software\Project\UnitTest\TestCases\auxiliary_verbs_as_main_verbs.xml'.</Text>
        <Exception>System.IO.DirectoryNotFoundException: Could not find a part of the path 'D:\software\Project\UnitTest\TestCases\auxiliary_verbs_as_main_verbs.xml'.
   at System.IO.__Error.WinIOError(Int32 errorCode, String maybeFullPath)
   at System.IO.File.GetAttributes(String path)
   at Microsoft.VisualStudio.TestTools.Common.SingleFileProvider.GetFilePaths()
   at Microsoft.VisualStudio.TestTools.TestManagement.DeploymentCoverageItem.GetFiles(TestRunConfiguration runConfig)
   at Microsoft.VisualStudio.TestTools.TestManagement.DeploymentManager.DoDeployment(TestRun run, FileCopyService fileCopyService)</Exception>
      </RunInfo>
      <RunInfo computerName="ARPAN-LAP" outcome="Warning" timestamp="2014-06-29T11:53:29.4846665+05:30">
        <Text>Warning: Test Run deployment issue: Failed to get the file for deployment item '..\UnitTest\TestCases\all_persons_tenses_passive_negation.xml' specified by the test 'UnitTest.BnlpTest.all_persons_tenses_passive_negation': System.IO.DirectoryNotFoundException: Could not find a part of the path 'D:\software\Project\UnitTest\TestCases\all_persons_tenses_passive_negation.xml'.</Text>
        <Exception>System.IO.DirectoryNotFoundException: Could not find a part of the path 'D:\software\Project\UnitTest\TestCases\all_persons_tenses_passive_negation.xml'.
   at System.IO.__Error.WinIOError(Int32 errorCode, String maybeFullPath)
   at System.IO.File.GetAttributes(String path)
   at Microsoft.VisualStudio.TestTools.Common.SingleFileProvider.GetFilePaths()
   at Microsoft.VisualStudio.TestTools.TestManagement.DeploymentCoverageItem.GetFiles(TestRunConfiguration runConfig)
   at Microsoft.VisualStudio.TestTools.TestManagement.DeploymentManager.DoDeployment(TestRun run, FileCopyService fileCopyService)</Exception>
      </RunInfo>
      <RunInfo computerName="ARPAN-LAP" outcome="Warning" timestamp="2014-06-29T11:53:29.4856665+05:30">
        <Text>Warning: Test Run deployment issue: Failed to get the file for deployment item '..\UnitTest\TestCases\prepositions_made_with_two_words.xml' specified by the test 'UnitTest.BnlpTest.prepositions_made_with_two_words': System.IO.DirectoryNotFoundException: Could not find a part of the path 'D:\software\Project\UnitTest\TestCases\prepositions_made_with_two_words.xml'.</Text>
        <Exception>System.IO.DirectoryNotFoundException: Could not find a part of the path 'D:\software\Project\UnitTest\TestCases\prepositions_made_with_two_words.xml'.
   at System.IO.__Error.WinIOError(Int32 errorCode, String maybeFullPath)
   at System.IO.File.GetAttributes(String path)
   at Microsoft.VisualStudio.TestTools.Common.SingleFileProvider.GetFilePaths()
   at Microsoft.VisualStudio.TestTools.TestManagement.DeploymentCoverageItem.GetFiles(TestRunConfiguration runConfig)
   at Microsoft.VisualStudio.TestTools.TestManagement.DeploymentManager.DoDeployment(TestRun run, FileCopyService fileCopyService)</Exception>
      </RunInfo>
      <RunInfo computerName="ARPAN-LAP" outcome="Warning" timestamp="2014-06-29T11:53:29.4866666+05:30">
        <Text>Warning: Test Run deployment issue: Failed to get the file for deployment item '..\UnitTest\TestCases\first_person_tenses_active.xml' specified by the test 'UnitTest.BnlpTest.first_person_tenses_active': System.IO.DirectoryNotFoundException: Could not find a part of the path 'D:\software\Project\UnitTest\TestCases\first_person_tenses_active.xml'.</Text>
        <Exception>System.IO.DirectoryNotFoundException: Could not find a part of the path 'D:\software\Project\UnitTest\TestCases\first_person_tenses_active.xml'.
   at System.IO.__Error.WinIOError(Int32 errorCode, String maybeFullPath)
   at System.IO.File.GetAttributes(String path)
   at Microsoft.VisualStudio.TestTools.Common.SingleFileProvider.GetFilePaths()
   at Microsoft.VisualStudio.TestTools.TestManagement.DeploymentCoverageItem.GetFiles(TestRunConfiguration runConfig)
   at Microsoft.VisualStudio.TestTools.TestManagement.DeploymentManager.DoDeployment(TestRun run, FileCopyService fileCopyService)</Exception>
      </RunInfo>
      <RunInfo computerName="ARPAN-LAP" outcome="Warning" timestamp="2014-06-29T11:53:29.4876666+05:30">
        <Text>Warning: Test Run deployment issue: Failed to get the file for deployment item '..\UnitTest\TestCases\interrogative_sentences_why.xml' specified by the test 'UnitTest.BnlpTest.interrogative_sentences_why': System.IO.DirectoryNotFoundException: Could not find a part of the path 'D:\software\Project\UnitTest\TestCases\interrogative_sentences_why.xml'.</Text>
        <Exception>System.IO.DirectoryNotFoundException: Could not find a part of the path 'D:\software\Project\UnitTest\TestCases\interrogative_sentences_why.xml'.
   at System.IO.__Error.WinIOError(Int32 errorCode, String maybeFullPath)
   at System.IO.File.GetAttributes(String path)
   at Microsoft.VisualStudio.TestTools.Common.SingleFileProvider.GetFilePaths()
   at Microsoft.VisualStudio.TestTools.TestManagement.DeploymentCoverageItem.GetFiles(TestRunConfiguration runConfig)
   at Microsoft.VisualStudio.TestTools.TestManagement.DeploymentManager.DoDeployment(TestRun run, FileCopyService fileCopyService)</Exception>
      </RunInfo>
      <RunInfo computerName="ARPAN-LAP" outcome="Warning" timestamp="2014-06-29T11:53:29.4876666+05:30">
        <Text>Warning: Test Run deployment issue: Failed to get the file for deployment item '..\UnitTest\TestCases\all_persons_modal_can_may.xml' specified by the test 'UnitTest.BnlpTest.all_persons_modal_can_may': System.IO.DirectoryNotFoundException: Could not find a part of the path 'D:\software\Project\UnitTest\TestCases\all_persons_modal_can_may.xml'.</Text>
        <Exception>System.IO.DirectoryNotFoundException: Could not find a part of the path 'D:\software\Project\UnitTest\TestCases\all_persons_modal_can_may.xml'.
   at System.IO.__Error.WinIOError(Int32 errorCode, String maybeFullPath)
   at System.IO.File.GetAttributes(String path)
   at Microsoft.VisualStudio.TestTools.Common.SingleFileProvider.GetFilePaths()
   at Microsoft.VisualStudio.TestTools.TestManagement.DeploymentCoverageItem.GetFiles(TestRunConfiguration runConfig)
   at Microsoft.VisualStudio.TestTools.TestManagement.DeploymentManager.DoDeployment(TestRun run, FileCopyService fileCopyService)</Exception>
      </RunInfo>
    </RunInfos>
  </ResultSummary>
  <TestDefinitions>
    <UnitTest name="prepositions_made_with_three_words" storage="d:\software\project\bnlp\unittest\bin\debug\unittest.dll" id="0f33848d-a900-d644-7498-2526887b5425">
      <DeploymentItems>
        <DeploymentItem filename="..\UnitTest\TestCases\prepositions_made_with_three_words.xml" />
      </DeploymentItems>
      <Execution id="0d68baa4-76b6-4367-86d3-cf7852378c33" />
      <TestMethod codeBase="D:/software/Project/BNLP/UnitTest/bin/Debug/UnitTest.DLL" adapterTypeName="Microsoft.VisualStudio.TestTools.TestTypes.Unit.UnitTestAdapter, Microsoft.VisualStudio.QualityTools.Tips.UnitTest.Adapter, Version=10.0.0.0, Culture=neutral, PublicKeyToken=b03f5f7f11d50a3a" className="UnitTest.BnlpTest, UnitTest, Version=1.0.0.0, Culture=neutral, PublicKeyToken=null" name="prepositions_made_with_three_words" />
      <DataSource connectionString="|DataDirectory|\TestCases\prepositions_made_with_three_words.xml" providerInvariantName="Microsoft.VisualStudio.TestTools.DataSource.XML" tableName="sentence" />
    </UnitTest>
    <UnitTest name="first_person_tenses_active" storage="d:\software\project\bnlp\unittest\bin\debug\unittest.dll" id="921e6ab0-d7c2-6005-e523-6fd2d5e1a723">
      <DeploymentItems>
        <DeploymentItem filename="..\UnitTest\TestCases\first_person_tenses_active.xml" />
      </DeploymentItems>
      <Execution id="19f08e82-97b5-4097-9c42-a75f7fc1e362" />
      <TestMethod codeBase="D:/software/Project/BNLP/UnitTest/bin/Debug/UnitTest.DLL" adapterTypeName="Microsoft.VisualStudio.TestTools.TestTypes.Unit.UnitTestAdapter, Microsoft.VisualStudio.QualityTools.Tips.UnitTest.Adapter, Version=10.0.0.0, Culture=neutral, PublicKeyToken=b03f5f7f11d50a3a" className="UnitTest.BnlpTest, UnitTest, Version=1.0.0.0, Culture=neutral, PublicKeyToken=null" name="first_person_tenses_active" />
      <DataSource connectionString="|DataDirectory|\TestCases\first_person_tenses_active.xml" providerInvariantName="Microsoft.VisualStudio.TestTools.DataSource.XML" tableName="sentence" />
    </UnitTest>
    <UnitTest name="interrogative_sentences_what" storage="d:\software\project\bnlp\unittest\bin\debug\unittest.dll" id="7f7910d1-dc89-39b4-b4cf-d9e6d7af9420">
      <DeploymentItems>
        <DeploymentItem filename="..\UnitTest\TestCases\interrogative_sentences_what.xml" />
      </DeploymentItems>
      <Execution id="71dd271f-1581-4c7b-bc08-ff94ea21538c" />
      <TestMethod codeBase="D:/software/Project/BNLP/UnitTest/bin/Debug/UnitTest.DLL" adapterTypeName="Microsoft.VisualStudio.TestTools.TestTypes.Unit.UnitTestAdapter, Microsoft.VisualStudio.QualityTools.Tips.UnitTest.Adapter, Version=10.0.0.0, Culture=neutral, PublicKeyToken=b03f5f7f11d50a3a" className="UnitTest.BnlpTest, UnitTest, Version=1.0.0.0, Culture=neutral, PublicKeyToken=null" name="interrogative_sentences_what" />
      <DataSource connectionString="|DataDirectory|\TestCases\interrogative_sentences_what.xml" providerInvariantName="Microsoft.VisualStudio.TestTools.DataSource.XML" tableName="sentence" />
    </UnitTest>
    <UnitTest name="all_persons_modal_should_negation" storage="d:\software\project\bnlp\unittest\bin\debug\unittest.dll" id="9319d01e-de3e-d310-c76e-cae8dce4c924">
      <DeploymentItems>
        <DeploymentItem filename="..\UnitTest\TestCases\all_persons_modal_should_negation.xml" />
      </DeploymentItems>
      <Execution id="240526cd-b630-41a2-affe-e4a9e082757e" />
      <TestMethod codeBase="D:/software/Project/BNLP/UnitTest/bin/Debug/UnitTest.DLL" adapterTypeName="Microsoft.VisualStudio.TestTools.TestTypes.Unit.UnitTestAdapter, Microsoft.VisualStudio.QualityTools.Tips.UnitTest.Adapter, Version=10.0.0.0, Culture=neutral, PublicKeyToken=b03f5f7f11d50a3a" className="UnitTest.BnlpTest, UnitTest, Version=1.0.0.0, Culture=neutral, PublicKeyToken=null" name="all_persons_modal_should_negation" />
      <DataSource connectionString="|DataDirectory|\TestCases\all_persons_modal_should_negation.xml" providerInvariantName="Microsoft.VisualStudio.TestTools.DataSource.XML" tableName="sentence" />
    </UnitTest>
    <UnitTest name="prepositions_made_with_two_words" storage="d:\software\project\bnlp\unittest\bin\debug\unittest.dll" id="0f337a75-1a2d-d9c3-6c5f-23ed2604b69d">
      <DeploymentItems>
        <DeploymentItem filename="..\UnitTest\TestCases\prepositions_made_with_two_words.xml" />
      </DeploymentItems>
      <Execution id="2db97b0b-cb4a-4620-b31c-2666b60fb993" />
      <TestMethod codeBase="D:/software/Project/BNLP/UnitTest/bin/Debug/UnitTest.DLL" adapterTypeName="Microsoft.VisualStudio.TestTools.TestTypes.Unit.UnitTestAdapter, Microsoft.VisualStudio.QualityTools.Tips.UnitTest.Adapter, Version=10.0.0.0, Culture=neutral, PublicKeyToken=b03f5f7f11d50a3a" className="UnitTest.BnlpTest, UnitTest, Version=1.0.0.0, Culture=neutral, PublicKeyToken=null" name="prepositions_made_with_two_words" />
      <DataSource connectionString="|DataDirectory|\TestCases\prepositions_made_with_two_words.xml" providerInvariantName="Microsoft.VisualStudio.TestTools.DataSource.XML" tableName="sentence" />
    </UnitTest>
    <UnitTest name="interrogative_sentences_do" storage="d:\software\project\bnlp\unittest\bin\debug\unittest.dll" id="1d63c318-78a9-9011-f5c0-0b01884a2881">
      <DeploymentItems>
        <DeploymentItem filename="..\UnitTest\TestCases\interrogative_sentences_do.xml" />
      </DeploymentItems>
      <Execution id="a188c84c-8861-421d-998c-68893562477d" />
      <TestMethod codeBase="D:/software/Project/BNLP/UnitTest/bin/Debug/UnitTest.DLL" adapterTypeName="Microsoft.VisualStudio.TestTools.TestTypes.Unit.UnitTestAdapter, Microsoft.VisualStudio.QualityTools.Tips.UnitTest.Adapter, Version=10.0.0.0, Culture=neutral, PublicKeyToken=b03f5f7f11d50a3a" className="UnitTest.BnlpTest, UnitTest, Version=1.0.0.0, Culture=neutral, PublicKeyToken=null" name="interrogative_sentences_do" />
      <DataSource connectionString="|DataDirectory|\TestCases\interrogative_sentences_do.xml" providerInvariantName="Microsoft.VisualStudio.TestTools.DataSource.XML" tableName="sentence" />
    </UnitTest>
    <UnitTest name="all_persons_tenses_passive_negation" storage="d:\software\project\bnlp\unittest\bin\debug\unittest.dll" id="bdfe92b2-f4ac-73a5-f13d-5c1ea13721b4">
      <DeploymentItems>
        <DeploymentItem filename="..\UnitTest\TestCases\all_persons_tenses_passive_negation.xml" />
      </DeploymentItems>
      <Execution id="0722ca07-e927-43c8-a3d5-6c67521b7f67" />
      <TestMethod codeBase="D:/software/Project/BNLP/UnitTest/bin/Debug/UnitTest.DLL" adapterTypeName="Microsoft.VisualStudio.TestTools.TestTypes.Unit.UnitTestAdapter, Microsoft.VisualStudio.QualityTools.Tips.UnitTest.Adapter, Version=10.0.0.0, Culture=neutral, PublicKeyToken=b03f5f7f11d50a3a" className="UnitTest.BnlpTest, UnitTest, Version=1.0.0.0, Culture=neutral, PublicKeyToken=null" name="all_persons_tenses_passive_negation" />
      <DataSource connectionString="|DataDirectory|\TestCases\all_persons_tenses_passive_negation.xml" providerInvariantName="Microsoft.VisualStudio.TestTools.DataSource.XML" tableName="sentence" />
    </UnitTest>
    <UnitTest name="third_person_tenses_active_negation" storage="d:\software\project\bnlp\unittest\bin\debug\unittest.dll" id="fe3e63ab-391c-e168-48d0-431b85a7b898">
      <DeploymentItems>
        <DeploymentItem filename="..\UnitTest\TestCases\third_person_tenses_active_negation.xml" />
      </DeploymentItems>
      <Execution id="43f07fad-d389-49ed-97cb-bf5267217a7c" />
      <TestMethod codeBase="D:/software/Project/BNLP/UnitTest/bin/Debug/UnitTest.DLL" adapterTypeName="Microsoft.VisualStudio.TestTools.TestTypes.Unit.UnitTestAdapter, Microsoft.VisualStudio.QualityTools.Tips.UnitTest.Adapter, Version=10.0.0.0, Culture=neutral, PublicKeyToken=b03f5f7f11d50a3a" className="UnitTest.BnlpTest, UnitTest, Version=1.0.0.0, Culture=neutral, PublicKeyToken=null" name="third_person_tenses_active_negation" />
      <DataSource connectionString="|DataDirectory|\TestCases\third_person_tenses_active_negation.xml" providerInvariantName="Microsoft.VisualStudio.TestTools.DataSource.XML" tableName="sentence" />
    </UnitTest>
    <UnitTest name="all_persons_modal_should" storage="d:\software\project\bnlp\unittest\bin\debug\unittest.dll" id="783915fe-114a-e353-78dd-56e92a60f942">
      <DeploymentItems>
        <DeploymentItem filename="..\UnitTest\TestCases\all_persons_modal_should.xml" />
      </DeploymentItems>
      <Execution id="619a352f-381b-4b9a-b6a5-c279c73b8822" />
      <TestMethod codeBase="D:/software/Project/BNLP/UnitTest/bin/Debug/UnitTest.DLL" adapterTypeName="Microsoft.VisualStudio.TestTools.TestTypes.Unit.UnitTestAdapter, Microsoft.VisualStudio.QualityTools.Tips.UnitTest.Adapter, Version=10.0.0.0, Culture=neutral, PublicKeyToken=b03f5f7f11d50a3a" className="UnitTest.BnlpTest, UnitTest, Version=1.0.0.0, Culture=neutral, PublicKeyToken=null" name="all_persons_modal_should" />
      <DataSource connectionString="|DataDirectory|\TestCases\all_persons_modal_should.xml" providerInvariantName="Microsoft.VisualStudio.TestTools.DataSource.XML" tableName="sentence" />
    </UnitTest>
    <UnitTest name="second_person_tenses_active" storage="d:\software\project\bnlp\unittest\bin\debug\unittest.dll" id="30ab3285-6a8c-14d2-9725-bd60892ccd90">
      <DeploymentItems>
        <DeploymentItem filename="..\UnitTest\TestCases\second_person_tenses_active.xml" />
      </DeploymentItems>
      <Execution id="f58aa6fc-d525-4459-87fc-de741daefa89" />
      <TestMethod codeBase="D:/software/Project/BNLP/UnitTest/bin/Debug/UnitTest.DLL" adapterTypeName="Microsoft.VisualStudio.TestTools.TestTypes.Unit.UnitTestAdapter, Microsoft.VisualStudio.QualityTools.Tips.UnitTest.Adapter, Version=10.0.0.0, Culture=neutral, PublicKeyToken=b03f5f7f11d50a3a" className="UnitTest.BnlpTest, UnitTest, Version=1.0.0.0, Culture=neutral, PublicKeyToken=null" name="second_person_tenses_active" />
      <DataSource connectionString="|DataDirectory|\TestCases\second_person_tenses_active.xml" providerInvariantName="Microsoft.VisualStudio.TestTools.DataSource.XML" tableName="sentence" />
    </UnitTest>
    <UnitTest name="interrogative_sentences_who" storage="d:\software\project\bnlp\unittest\bin\debug\unittest.dll" id="32b5d279-0d23-e5ad-0301-234c8788f740">
      <DeploymentItems>
        <DeploymentItem filename="..\UnitTest\TestCases\interrogative_sentences_who.xml" />
      </DeploymentItems>
      <Execution id="a7d9dce2-c5e7-426b-bb42-b817f53dde87" />
      <TestMethod codeBase="D:/software/Project/BNLP/UnitTest/bin/Debug/UnitTest.DLL" adapterTypeName="Microsoft.VisualStudio.TestTools.TestTypes.Unit.UnitTestAdapter, Microsoft.VisualStudio.QualityTools.Tips.UnitTest.Adapter, Version=10.0.0.0, Culture=neutral, PublicKeyToken=b03f5f7f11d50a3a" className="UnitTest.BnlpTest, UnitTest, Version=1.0.0.0, Culture=neutral, PublicKeyToken=null" name="interrogative_sentences_who" />
      <DataSource connectionString="|DataDirectory|\TestCases\interrogative_sentences_who.xml" providerInvariantName="Microsoft.VisualStudio.TestTools.DataSource.XML" tableName="sentence" />
    </UnitTest>
    <UnitTest name="all_persons_modal_can_may" storage="d:\software\project\bnlp\unittest\bin\debug\unittest.dll" id="8fe5ccb3-a3f4-0f61-ad21-e94ef029e900">
      <DeploymentItems>
        <DeploymentItem filename="..\UnitTest\TestCases\all_persons_modal_can_may.xml" />
      </DeploymentItems>
      <Execution id="82f858cc-c769-4b0e-b3d3-867cac83f380" />
      <TestMethod codeBase="D:/software/Project/BNLP/UnitTest/bin/Debug/UnitTest.DLL" adapterTypeName="Microsoft.VisualStudio.TestTools.TestTypes.Unit.UnitTestAdapter, Microsoft.VisualStudio.QualityTools.Tips.UnitTest.Adapter, Version=10.0.0.0, Culture=neutral, PublicKeyToken=b03f5f7f11d50a3a" className="UnitTest.BnlpTest, UnitTest, Version=1.0.0.0, Culture=neutral, PublicKeyToken=null" name="all_persons_modal_can_may" />
      <DataSource connectionString="|DataDirectory|\TestCases\all_persons_modal_can_may.xml" providerInvariantName="Microsoft.VisualStudio.TestTools.DataSource.XML" tableName="sentence" />
    </UnitTest>
    <UnitTest name="interrogative_sentences_how" storage="d:\software\project\bnlp\unittest\bin\debug\unittest.dll" id="227f20ae-8e76-eb71-39b2-4ada3ce6aba8">
      <DeploymentItems>
        <DeploymentItem filename="..\UnitTest\TestCases\interrogative_sentences_how.xml" />
      </DeploymentItems>
      <Execution id="89aac053-755b-44e0-8c59-4a9cc534c225" />
      <TestMethod codeBase="D:/software/Project/BNLP/UnitTest/bin/Debug/UnitTest.DLL" adapterTypeName="Microsoft.VisualStudio.TestTools.TestTypes.Unit.UnitTestAdapter, Microsoft.VisualStudio.QualityTools.Tips.UnitTest.Adapter, Version=10.0.0.0, Culture=neutral, PublicKeyToken=b03f5f7f11d50a3a" className="UnitTest.BnlpTest, UnitTest, Version=1.0.0.0, Culture=neutral, PublicKeyToken=null" name="interrogative_sentences_how" />
      <DataSource connectionString="|DataDirectory|\TestCases\interrogative_sentences_how.xml" providerInvariantName="Microsoft.VisualStudio.TestTools.DataSource.XML" tableName="sentence" />
    </UnitTest>
    <UnitTest name="all_persons_modal_can_may_negation" storage="d:\software\project\bnlp\unittest\bin\debug\unittest.dll" id="d03eb628-bf1f-c27d-aeef-e708d613d686">
      <DeploymentItems>
        <DeploymentItem filename="..\UnitTest\TestCases\all_persons_modal_can_may_negation.xml" />
      </DeploymentItems>
      <Execution id="418f0a19-d8ca-4854-8fe3-b3aa44f1a5fe" />
      <TestMethod codeBase="D:/software/Project/BNLP/UnitTest/bin/Debug/UnitTest.DLL" adapterTypeName="Microsoft.VisualStudio.TestTools.TestTypes.Unit.UnitTestAdapter, Microsoft.VisualStudio.QualityTools.Tips.UnitTest.Adapter, Version=10.0.0.0, Culture=neutral, PublicKeyToken=b03f5f7f11d50a3a" className="UnitTest.BnlpTest, UnitTest, Version=1.0.0.0, Culture=neutral, PublicKeyToken=null" name="all_persons_modal_can_may_negation" />
      <DataSource connectionString="|DataDirectory|\TestCases\all_persons_modal_can_may_negation.xml" providerInvariantName="Microsoft.VisualStudio.TestTools.DataSource.XML" tableName="sentence" />
    </UnitTest>
    <UnitTest name="RandomWord" storage="d:\software\project\bnlp\unittest\bin\debug\unittest.dll" id="642ce34f-0ed4-f995-637b-09297c832f2a">
      <DeploymentItems>
        <DeploymentItem filename="..\UnitTest\TestCases\wikipedia.xml" />
      </DeploymentItems>
      <Execution id="f82292a9-61a7-4eac-a9f2-ab4092f7775f" />
      <TestMethod codeBase="D:/software/Project/BNLP/UnitTest/bin/Debug/UnitTest.DLL" adapterTypeName="Microsoft.VisualStudio.TestTools.TestTypes.Unit.UnitTestAdapter, Microsoft.VisualStudio.QualityTools.Tips.UnitTest.Adapter, Version=10.0.0.0, Culture=neutral, PublicKeyToken=b03f5f7f11d50a3a" className="UnitTest.BnlpTest, UnitTest, Version=1.0.0.0, Culture=neutral, PublicKeyToken=null" name="RandomWord" />
      <DataSource connectionString="|DataDirectory|\TestCases\wikipedia.xml" providerInvariantName="Microsoft.VisualStudio.TestTools.DataSource.XML" tableName="sentence" />
    </UnitTest>
    <UnitTest name="second_person_tenses_active_negation" storage="d:\software\project\bnlp\unittest\bin\debug\unittest.dll" id="83c68223-dcaa-51dd-423f-434210a59f77">
      <DeploymentItems>
        <DeploymentItem filename="..\UnitTest\TestCases\second_person_tenses_active_negation.xml" />
      </DeploymentItems>
      <Execution id="55e46c27-7959-4666-8523-6d1cfb916bc2" />
      <TestMethod codeBase="D:/software/Project/BNLP/UnitTest/bin/Debug/UnitTest.DLL" adapterTypeName="Microsoft.VisualStudio.TestTools.TestTypes.Unit.UnitTestAdapter, Microsoft.VisualStudio.QualityTools.Tips.UnitTest.Adapter, Version=10.0.0.0, Culture=neutral, PublicKeyToken=b03f5f7f11d50a3a" className="UnitTest.BnlpTest, UnitTest, Version=1.0.0.0, Culture=neutral, PublicKeyToken=null" name="second_person_tenses_active_negation" />
      <DataSource connectionString="|DataDirectory|\TestCases\second_person_tenses_active_negation.xml" providerInvariantName="Microsoft.VisualStudio.TestTools.DataSource.XML" tableName="sentence" />
    </UnitTest>
    <UnitTest name="interrogative_sentences_why" storage="d:\software\project\bnlp\unittest\bin\debug\unittest.dll" id="1b04a6d6-5350-792c-8eba-a46a0eb28949">
      <DeploymentItems>
        <DeploymentItem filename="..\UnitTest\TestCases\interrogative_sentences_why.xml" />
      </DeploymentItems>
      <Execution id="9d19d35b-0fa2-408c-8a5b-65cd30a8735f" />
      <TestMethod codeBase="D:/software/Project/BNLP/UnitTest/bin/Debug/UnitTest.DLL" adapterTypeName="Microsoft.VisualStudio.TestTools.TestTypes.Unit.UnitTestAdapter, Microsoft.VisualStudio.QualityTools.Tips.UnitTest.Adapter, Version=10.0.0.0, Culture=neutral, PublicKeyToken=b03f5f7f11d50a3a" className="UnitTest.BnlpTest, UnitTest, Version=1.0.0.0, Culture=neutral, PublicKeyToken=null" name="interrogative_sentences_why" />
      <DataSource connectionString="|DataDirectory|\TestCases\interrogative_sentences_why.xml" providerInvariantName="Microsoft.VisualStudio.TestTools.DataSource.XML" tableName="sentence" />
    </UnitTest>
    <UnitTest name="interrogative_sentences_which" storage="d:\software\project\bnlp\unittest\bin\debug\unittest.dll" id="97a1371f-e8e6-db3e-323e-49ffeef32df1">
      <DeploymentItems>
        <DeploymentItem filename="..\UnitTest\TestCases\interrogative_sentences_which.xml" />
      </DeploymentItems>
      <Execution id="241dd9d9-5287-4bab-a0f8-6ff45326898c" />
      <TestMethod codeBase="D:/software/Project/BNLP/UnitTest/bin/Debug/UnitTest.DLL" adapterTypeName="Microsoft.VisualStudio.TestTools.TestTypes.Unit.UnitTestAdapter, Microsoft.VisualStudio.QualityTools.Tips.UnitTest.Adapter, Version=10.0.0.0, Culture=neutral, PublicKeyToken=b03f5f7f11d50a3a" className="UnitTest.BnlpTest, UnitTest, Version=1.0.0.0, Culture=neutral, PublicKeyToken=null" name="interrogative_sentences_which" />
      <DataSource connectionString="|DataDirectory|\TestCases\interrogative_sentences_which.xml" providerInvariantName="Microsoft.VisualStudio.TestTools.DataSource.XML" tableName="sentence" />
    </UnitTest>
    <UnitTest name="third_person_tenses_active" storage="d:\software\project\bnlp\unittest\bin\debug\unittest.dll" id="0bc2f98c-98f5-f190-c78c-c00d94c547a1">
      <DeploymentItems>
        <DeploymentItem filename="..\UnitTest\TestCases\third_person_tenses_active.xml" />
      </DeploymentItems>
      <Execution id="b1c984e2-49c0-49e7-ba08-fc8b75bb7115" />
      <TestMethod codeBase="D:/software/Project/BNLP/UnitTest/bin/Debug/UnitTest.DLL" adapterTypeName="Microsoft.VisualStudio.TestTools.TestTypes.Unit.UnitTestAdapter, Microsoft.VisualStudio.QualityTools.Tips.UnitTest.Adapter, Version=10.0.0.0, Culture=neutral, PublicKeyToken=b03f5f7f11d50a3a" className="UnitTest.BnlpTest, UnitTest, Version=1.0.0.0, Culture=neutral, PublicKeyToken=null" name="third_person_tenses_active" />
      <DataSource connectionString="|DataDirectory|\TestCases\third_person_tenses_active.xml" providerInvariantName="Microsoft.VisualStudio.TestTools.DataSource.XML" tableName="sentence" />
    </UnitTest>
    <UnitTest name="auxiliary_verbs_as_main_verbs" storage="d:\software\project\bnlp\unittest\bin\debug\unittest.dll" id="c79146bc-2376-961a-5de9-441b5dfc7188">
      <DeploymentItems>
        <DeploymentItem filename="..\UnitTest\TestCases\auxiliary_verbs_as_main_verbs.xml" />
      </DeploymentItems>
      <Execution id="5c14be31-ea03-4ded-9e8d-e2436333b7a2" />
      <TestMethod codeBase="D:/software/Project/BNLP/UnitTest/bin/Debug/UnitTest.DLL" adapterTypeName="Microsoft.VisualStudio.TestTools.TestTypes.Unit.UnitTestAdapter, Microsoft.VisualStudio.QualityTools.Tips.UnitTest.Adapter, Version=10.0.0.0, Culture=neutral, PublicKeyToken=b03f5f7f11d50a3a" className="UnitTest.BnlpTest, UnitTest, Version=1.0.0.0, Culture=neutral, PublicKeyToken=null" name="auxiliary_verbs_as_main_verbs" />
      <DataSource connectionString="|DataDirectory|\TestCases\auxiliary_verbs_as_main_verbs.xml" providerInvariantName="Microsoft.VisualStudio.TestTools.DataSource.XML" tableName="sentence" />
    </UnitTest>
    <UnitTest name="special_handling_do_verb" storage="d:\software\project\bnlp\unittest\bin\debug\unittest.dll" id="533e7939-123c-ce84-5c5c-d5a21d1d95b9">
      <DeploymentItems>
        <DeploymentItem filename="..\UnitTest\TestCases\special_handling_do_verb.xml" />
      </DeploymentItems>
      <Execution id="bc6c7085-5d2f-4884-845a-639fcbddaf8b" />
      <TestMethod codeBase="D:/software/Project/BNLP/UnitTest/bin/Debug/UnitTest.DLL" adapterTypeName="Microsoft.VisualStudio.TestTools.TestTypes.Unit.UnitTestAdapter, Microsoft.VisualStudio.QualityTools.Tips.UnitTest.Adapter, Version=10.0.0.0, Culture=neutral, PublicKeyToken=b03f5f7f11d50a3a" className="UnitTest.BnlpTest, UnitTest, Version=1.0.0.0, Culture=neutral, PublicKeyToken=null" name="special_handling_do_verb" />
      <DataSource connectionString="|DataDirectory|\TestCases\special_handling_do_verb.xml" providerInvariantName="Microsoft.VisualStudio.TestTools.DataSource.XML" tableName="sentence" />
    </UnitTest>
    <UnitTest name="interrogative_sentences_whom" storage="d:\software\project\bnlp\unittest\bin\debug\unittest.dll" id="4e91a3b9-9eae-ebff-0b97-303f00578a78">
      <DeploymentItems>
        <DeploymentItem filename="..\UnitTest\TestCases\interrogative_sentences_whom.xml" />
      </DeploymentItems>
      <Execution id="e94d755b-8524-4527-9a06-120561910771" />
      <TestMethod codeBase="D:/software/Project/BNLP/UnitTest/bin/Debug/UnitTest.DLL" adapterTypeName="Microsoft.VisualStudio.TestTools.TestTypes.Unit.UnitTestAdapter, Microsoft.VisualStudio.QualityTools.Tips.UnitTest.Adapter, Version=10.0.0.0, Culture=neutral, PublicKeyToken=b03f5f7f11d50a3a" className="UnitTest.BnlpTest, UnitTest, Version=1.0.0.0, Culture=neutral, PublicKeyToken=null" name="interrogative_sentences_whom" />
      <DataSource connectionString="|DataDirectory|\TestCases\interrogative_sentences_whom.xml" providerInvariantName="Microsoft.VisualStudio.TestTools.DataSource.XML" tableName="sentence" />
    </UnitTest>
    <UnitTest name="interrogative_sentences_where" storage="d:\software\project\bnlp\unittest\bin\debug\unittest.dll" id="b9261b51-b0a2-10e2-9308-22bb2624de8b">
      <DeploymentItems>
        <DeploymentItem filename="..\UnitTest\TestCases\interrogative_sentences_where.xml" />
      </DeploymentItems>
      <Execution id="ca858206-dba1-4f4c-9acc-fc20bdcb7f05" />
      <TestMethod codeBase="D:/software/Project/BNLP/UnitTest/bin/Debug/UnitTest.DLL" adapterTypeName="Microsoft.VisualStudio.TestTools.TestTypes.Unit.UnitTestAdapter, Microsoft.VisualStudio.QualityTools.Tips.UnitTest.Adapter, Version=10.0.0.0, Culture=neutral, PublicKeyToken=b03f5f7f11d50a3a" className="UnitTest.BnlpTest, UnitTest, Version=1.0.0.0, Culture=neutral, PublicKeyToken=null" name="interrogative_sentences_where" />
      <DataSource connectionString="|DataDirectory|\TestCases\interrogative_sentences_where.xml" providerInvariantName="Microsoft.VisualStudio.TestTools.DataSource.XML" tableName="sentence" />
    </UnitTest>
    <UnitTest name="interrogative_sentences_aux" storage="d:\software\project\bnlp\unittest\bin\debug\unittest.dll" id="39dcb97e-c73f-c645-a77c-64d9eba0a3a3">
      <DeploymentItems>
        <DeploymentItem filename="..\UnitTest\TestCases\interrogative_sentences_aux.xml" />
      </DeploymentItems>
      <Execution id="65ecb9e8-a237-4582-b994-f1119c914f32" />
      <TestMethod codeBase="D:/software/Project/BNLP/UnitTest/bin/Debug/UnitTest.DLL" adapterTypeName="Microsoft.VisualStudio.TestTools.TestTypes.Unit.UnitTestAdapter, Microsoft.VisualStudio.QualityTools.Tips.UnitTest.Adapter, Version=10.0.0.0, Culture=neutral, PublicKeyToken=b03f5f7f11d50a3a" className="UnitTest.BnlpTest, UnitTest, Version=1.0.0.0, Culture=neutral, PublicKeyToken=null" name="interrogative_sentences_aux" />
      <DataSource connectionString="|DataDirectory|\TestCases\interrogative_sentences_aux.xml" providerInvariantName="Microsoft.VisualStudio.TestTools.DataSource.XML" tableName="sentence" />
    </UnitTest>
    <UnitTest name="all_persons_tenses_passive" storage="d:\software\project\bnlp\unittest\bin\debug\unittest.dll" id="d766a059-d96c-7b47-e6a6-34931760df96">
      <DeploymentItems>
        <DeploymentItem filename="..\UnitTest\TestCases\all_persons_tenses_passive.xml" />
      </DeploymentItems>
      <Execution id="8bd6af48-a975-459b-9400-e2e897160fe3" />
      <TestMethod codeBase="D:/software/Project/BNLP/UnitTest/bin/Debug/UnitTest.DLL" adapterTypeName="Microsoft.VisualStudio.TestTools.TestTypes.Unit.UnitTestAdapter, Microsoft.VisualStudio.QualityTools.Tips.UnitTest.Adapter, Version=10.0.0.0, Culture=neutral, PublicKeyToken=b03f5f7f11d50a3a" className="UnitTest.BnlpTest, UnitTest, Version=1.0.0.0, Culture=neutral, PublicKeyToken=null" name="all_persons_tenses_passive" />
      <DataSource connectionString="|DataDirectory|\TestCases\all_persons_tenses_passive.xml" providerInvariantName="Microsoft.VisualStudio.TestTools.DataSource.XML" tableName="sentence" />
    </UnitTest>
    <UnitTest name="first_person_tenses_active_negation" storage="d:\software\project\bnlp\unittest\bin\debug\unittest.dll" id="15fe5bf6-5078-81a8-0356-385549390bb7">
      <DeploymentItems>
        <DeploymentItem filename="..\UnitTest\TestCases\first_person_tenses_active_negation.xml" />
      </DeploymentItems>
      <Execution id="f133d14b-3a53-4bfb-a8bc-918050ca6966" />
      <TestMethod codeBase="D:/software/Project/BNLP/UnitTest/bin/Debug/UnitTest.DLL" adapterTypeName="Microsoft.VisualStudio.TestTools.TestTypes.Unit.UnitTestAdapter, Microsoft.VisualStudio.QualityTools.Tips.UnitTest.Adapter, Version=10.0.0.0, Culture=neutral, PublicKeyToken=b03f5f7f11d50a3a" className="UnitTest.BnlpTest, UnitTest, Version=1.0.0.0, Culture=neutral, PublicKeyToken=null" name="first_person_tenses_active_negation" />
      <DataSource connectionString="|DataDirectory|\TestCases\first_person_tenses_active_negation.xml" providerInvariantName="Microsoft.VisualStudio.TestTools.DataSource.XML" tableName="sentence" />
    </UnitTest>
  </TestDefinitions>
  <TestLists>
    <TestList name="Results Not in a List" id="8c84fa94-04c1-424b-9868-57a2d4851a1d" />
    <TestList name="All Loaded Results" id="19431567-8539-422a-85d7-44ee4e166bda" />
  </TestLists>
  <TestEntries>
    <TestEntry testId="0bc2f98c-98f5-f190-c78c-c00d94c547a1" executionId="b1c984e2-49c0-49e7-ba08-fc8b75bb7115" testListId="8c84fa94-04c1-424b-9868-57a2d4851a1d" />
    <TestEntry testId="0f337a75-1a2d-d9c3-6c5f-23ed2604b69d" executionId="2db97b0b-cb4a-4620-b31c-2666b60fb993" testListId="8c84fa94-04c1-424b-9868-57a2d4851a1d" />
    <TestEntry testId="0f33848d-a900-d644-7498-2526887b5425" executionId="0d68baa4-76b6-4367-86d3-cf7852378c33" testListId="8c84fa94-04c1-424b-9868-57a2d4851a1d" />
    <TestEntry testId="15fe5bf6-5078-81a8-0356-385549390bb7" executionId="f133d14b-3a53-4bfb-a8bc-918050ca6966" testListId="8c84fa94-04c1-424b-9868-57a2d4851a1d" />
    <TestEntry testId="1b04a6d6-5350-792c-8eba-a46a0eb28949" executionId="9d19d35b-0fa2-408c-8a5b-65cd30a8735f" testListId="8c84fa94-04c1-424b-9868-57a2d4851a1d" />
    <TestEntry testId="1d63c318-78a9-9011-f5c0-0b01884a2881" executionId="a188c84c-8861-421d-998c-68893562477d" testListId="8c84fa94-04c1-424b-9868-57a2d4851a1d" />
    <TestEntry testId="227f20ae-8e76-eb71-39b2-4ada3ce6aba8" executionId="89aac053-755b-44e0-8c59-4a9cc534c225" testListId="8c84fa94-04c1-424b-9868-57a2d4851a1d" />
    <TestEntry testId="30ab3285-6a8c-14d2-9725-bd60892ccd90" executionId="f58aa6fc-d525-4459-87fc-de741daefa89" testListId="8c84fa94-04c1-424b-9868-57a2d4851a1d" />
    <TestEntry testId="32b5d279-0d23-e5ad-0301-234c8788f740" executionId="a7d9dce2-c5e7-426b-bb42-b817f53dde87" testListId="8c84fa94-04c1-424b-9868-57a2d4851a1d" />
    <TestEntry testId="39dcb97e-c73f-c645-a77c-64d9eba0a3a3" executionId="65ecb9e8-a237-4582-b994-f1119c914f32" testListId="8c84fa94-04c1-424b-9868-57a2d4851a1d" />
    <TestEntry testId="4e91a3b9-9eae-ebff-0b97-303f00578a78" executionId="e94d755b-8524-4527-9a06-120561910771" testListId="8c84fa94-04c1-424b-9868-57a2d4851a1d" />
    <TestEntry testId="533e7939-123c-ce84-5c5c-d5a21d1d95b9" executionId="bc6c7085-5d2f-4884-845a-639fcbddaf8b" testListId="8c84fa94-04c1-424b-9868-57a2d4851a1d" />
    <TestEntry testId="642ce34f-0ed4-f995-637b-09297c832f2a" executionId="f82292a9-61a7-4eac-a9f2-ab4092f7775f" testListId="8c84fa94-04c1-424b-9868-57a2d4851a1d" />
    <TestEntry testId="783915fe-114a-e353-78dd-56e92a60f942" executionId="619a352f-381b-4b9a-b6a5-c279c73b8822" testListId="8c84fa94-04c1-424b-9868-57a2d4851a1d" />
    <TestEntry testId="7f7910d1-dc89-39b4-b4cf-d9e6d7af9420" executionId="71dd271f-1581-4c7b-bc08-ff94ea21538c" testListId="8c84fa94-04c1-424b-9868-57a2d4851a1d" />
    <TestEntry testId="83c68223-dcaa-51dd-423f-434210a59f77" executionId="55e46c27-7959-4666-8523-6d1cfb916bc2" testListId="8c84fa94-04c1-424b-9868-57a2d4851a1d" />
    <TestEntry testId="8fe5ccb3-a3f4-0f61-ad21-e94ef029e900" executionId="82f858cc-c769-4b0e-b3d3-867cac83f380" testListId="8c84fa94-04c1-424b-9868-57a2d4851a1d" />
    <TestEntry testId="921e6ab0-d7c2-6005-e523-6fd2d5e1a723" executionId="19f08e82-97b5-4097-9c42-a75f7fc1e362" testListId="8c84fa94-04c1-424b-9868-57a2d4851a1d" />
    <TestEntry testId="9319d01e-de3e-d310-c76e-cae8dce4c924" executionId="240526cd-b630-41a2-affe-e4a9e082757e" testListId="8c84fa94-04c1-424b-9868-57a2d4851a1d" />
    <TestEntry testId="97a1371f-e8e6-db3e-323e-49ffeef32df1" executionId="241dd9d9-5287-4bab-a0f8-6ff45326898c" testListId="8c84fa94-04c1-424b-9868-57a2d4851a1d" />
    <TestEntry testId="b9261b51-b0a2-10e2-9308-22bb2624de8b" executionId="ca858206-dba1-4f4c-9acc-fc20bdcb7f05" testListId="8c84fa94-04c1-424b-9868-57a2d4851a1d" />
    <TestEntry testId="bdfe92b2-f4ac-73a5-f13d-5c1ea13721b4" executionId="0722ca07-e927-43c8-a3d5-6c67521b7f67" testListId="8c84fa94-04c1-424b-9868-57a2d4851a1d" />
    <TestEntry testId="c79146bc-2376-961a-5de9-441b5dfc7188" executionId="5c14be31-ea03-4ded-9e8d-e2436333b7a2" testListId="8c84fa94-04c1-424b-9868-57a2d4851a1d" />
    <TestEntry testId="d03eb628-bf1f-c27d-aeef-e708d613d686" executionId="418f0a19-d8ca-4854-8fe3-b3aa44f1a5fe" testListId="8c84fa94-04c1-424b-9868-57a2d4851a1d" />
    <TestEntry testId="d766a059-d96c-7b47-e6a6-34931760df96" executionId="8bd6af48-a975-459b-9400-e2e897160fe3" testListId="8c84fa94-04c1-424b-9868-57a2d4851a1d" />
    <TestEntry testId="fe3e63ab-391c-e168-48d0-431b85a7b898" executionId="43f07fad-d389-49ed-97cb-bf5267217a7c" testListId="8c84fa94-04c1-424b-9868-57a2d4851a1d" />
  </TestEntries>
  <Results>
    <UnitTestResult executionId="b1c984e2-49c0-49e7-ba08-fc8b75bb7115" testId="0bc2f98c-98f5-f190-c78c-c00d94c547a1" testName="third_person_tenses_active" computerName="ARPAN-LAP" duration="00:00:02.5471371" startTime="2014-06-29T11:53:29.6576764+05:30" endTime="2014-06-29T11:53:32.9548649+05:30" testType="13cdc9d9-ddb5-4fa4-a97d-d965ccfc6d4b" outcome="Passed" testListId="8c84fa94-04c1-424b-9868-57a2d4851a1d" relativeResultsDirectory="b1c984e2-49c0-49e7-ba08-fc8b75bb7115" resultType="DataDrivenTest">
      <Counters error="0" failed="0" timeout="0" aborted="0" inconclusive="0" passedButRunAborted="0" notRunnable="0" notExecuted="0" disconnected="0" warning="0" passed="10" completed="0" inProgress="0" pending="0" />
      <InnerResults>
        <UnitTestResult executionId="1edb02f9-06e1-466e-931e-13b90f353c45" parentExecutionId="b1c984e2-49c0-49e7-ba08-fc8b75bb7115" testId="0bc2f98c-98f5-f190-c78c-c00d94c547a1" testName="third_person_tenses_active" computerName="ARPAN-LAP" duration="00:00:02.2362575" startTime="2014-06-29T11:53:30.2877124+05:30" endTime="2014-06-29T11:53:32.5298406+05:30" testType="13cdc9d9-ddb5-4fa4-a97d-d965ccfc6d4b" outcome="Passed" testListId="8c84fa94-04c1-424b-9868-57a2d4851a1d" relativeResultsDirectory="b1c984e2-49c0-49e7-ba08-fc8b75bb7115" dataRowInfo="0" resultType="DataDrivenDataRow" />
        <UnitTestResult executionId="9ce55a9f-a328-4daf-ab1c-7041b4766bad" parentExecutionId="b1c984e2-49c0-49e7-ba08-fc8b75bb7115" testId="0bc2f98c-98f5-f190-c78c-c00d94c547a1" testName="third_person_tenses_active" computerName="ARPAN-LAP" duration="00:00:00.0611261" startTime="2014-06-29T11:53:32.5298406+05:30" endTime="2014-06-29T11:53:32.5908441+05:30" testType="13cdc9d9-ddb5-4fa4-a97d-d965ccfc6d4b" outcome="Passed" testListId="8c84fa94-04c1-424b-9868-57a2d4851a1d" relativeResultsDirectory="b1c984e2-49c0-49e7-ba08-fc8b75bb7115" dataRowInfo="1" resultType="DataDrivenDataRow" />
        <UnitTestResult executionId="d137fdba-4a71-4334-87d2-4200d1c9b589" parentExecutionId="b1c984e2-49c0-49e7-ba08-fc8b75bb7115" testId="0bc2f98c-98f5-f190-c78c-c00d94c547a1" testName="third_person_tenses_active" computerName="ARPAN-LAP" duration="00:00:00.0420462" startTime="2014-06-29T11:53:32.5908441+05:30" endTime="2014-06-29T11:53:32.6328465+05:30" testType="13cdc9d9-ddb5-4fa4-a97d-d965ccfc6d4b" outcome="Passed" testListId="8c84fa94-04c1-424b-9868-57a2d4851a1d" relativeResultsDirectory="b1c984e2-49c0-49e7-ba08-fc8b75bb7115" dataRowInfo="2" resultType="DataDrivenDataRow" />
        <UnitTestResult executionId="f49c614b-91e6-4164-af23-dfc6c1f6d3b5" parentExecutionId="b1c984e2-49c0-49e7-ba08-fc8b75bb7115" testId="0bc2f98c-98f5-f190-c78c-c00d94c547a1" testName="third_person_tenses_active" computerName="ARPAN-LAP" duration="00:00:00.0394116" startTime="2014-06-29T11:53:32.6328465+05:30" endTime="2014-06-29T11:53:32.6728488+05:30" testType="13cdc9d9-ddb5-4fa4-a97d-d965ccfc6d4b" outcome="Passed" testListId="8c84fa94-04c1-424b-9868-57a2d4851a1d" relativeResultsDirectory="b1c984e2-49c0-49e7-ba08-fc8b75bb7115" dataRowInfo="3" resultType="DataDrivenDataRow" />
        <UnitTestResult executionId="860ce263-c9fb-488a-8725-aa41304fb9b8" parentExecutionId="b1c984e2-49c0-49e7-ba08-fc8b75bb7115" testId="0bc2f98c-98f5-f190-c78c-c00d94c547a1" testName="third_person_tenses_active" computerName="ARPAN-LAP" duration="00:00:00.0192035" startTime="2014-06-29T11:53:32.6728488+05:30" endTime="2014-06-29T11:53:32.6918499+05:30" testType="13cdc9d9-ddb5-4fa4-a97d-d965ccfc6d4b" outcome="Passed" testListId="8c84fa94-04c1-424b-9868-57a2d4851a1d" relativeResultsDirectory="b1c984e2-49c0-49e7-ba08-fc8b75bb7115" dataRowInfo="4" resultType="DataDrivenDataRow" />
        <UnitTestResult executionId="00630ded-ba92-4826-864a-9e9988ed2ffd" parentExecutionId="b1c984e2-49c0-49e7-ba08-fc8b75bb7115" testId="0bc2f98c-98f5-f190-c78c-c00d94c547a1" testName="third_person_tenses_active" computerName="ARPAN-LAP" duration="00:00:00.0251123" startTime="2014-06-29T11:53:32.6918499+05:30" endTime="2014-06-29T11:53:32.7168513+05:30" testType="13cdc9d9-ddb5-4fa4-a97d-d965ccfc6d4b" outcome="Passed" testListId="8c84fa94-04c1-424b-9868-57a2d4851a1d" relativeResultsDirectory="b1c984e2-49c0-49e7-ba08-fc8b75bb7115" dataRowInfo="5" resultType="DataDrivenDataRow" />
        <UnitTestResult executionId="92427510-2d28-45f6-b097-141f36d61465" parentExecutionId="b1c984e2-49c0-49e7-ba08-fc8b75bb7115" testId="0bc2f98c-98f5-f190-c78c-c00d94c547a1" testName="third_person_tenses_active" computerName="ARPAN-LAP" duration="00:00:00.0243383" startTime="2014-06-29T11:53:32.7168513+05:30" endTime="2014-06-29T11:53:32.7418528+05:30" testType="13cdc9d9-ddb5-4fa4-a97d-d965ccfc6d4b" outcome="Passed" testListId="8c84fa94-04c1-424b-9868-57a2d4851a1d" relativeResultsDirectory="b1c984e2-49c0-49e7-ba08-fc8b75bb7115" dataRowInfo="6" resultType="DataDrivenDataRow" />
        <UnitTestResult executionId="b282a0b6-78c8-4120-9805-db97157e6745" parentExecutionId="b1c984e2-49c0-49e7-ba08-fc8b75bb7115" testId="0bc2f98c-98f5-f190-c78c-c00d94c547a1" testName="third_person_tenses_active" computerName="ARPAN-LAP" duration="00:00:00.0273923" startTime="2014-06-29T11:53:32.7418528+05:30" endTime="2014-06-29T11:53:32.7688543+05:30" testType="13cdc9d9-ddb5-4fa4-a97d-d965ccfc6d4b" outcome="Passed" testListId="8c84fa94-04c1-424b-9868-57a2d4851a1d" relativeResultsDirectory="b1c984e2-49c0-49e7-ba08-fc8b75bb7115" dataRowInfo="7" resultType="DataDrivenDataRow" />
        <UnitTestResult executionId="28e50743-f7c6-4927-965a-b85952eeaeec" parentExecutionId="b1c984e2-49c0-49e7-ba08-fc8b75bb7115" testId="0bc2f98c-98f5-f190-c78c-c00d94c547a1" testName="third_person_tenses_active" computerName="ARPAN-LAP" duration="00:00:00.0212782" startTime="2014-06-29T11:53:32.7688543+05:30" endTime="2014-06-29T11:53:32.7898555+05:30" testType="13cdc9d9-ddb5-4fa4-a97d-d965ccfc6d4b" outcome="Passed" testListId="8c84fa94-04c1-424b-9868-57a2d4851a1d" relativeResultsDirectory="b1c984e2-49c0-49e7-ba08-fc8b75bb7115" dataRowInfo="8" resultType="DataDrivenDataRow" />
        <UnitTestResult executionId="03521463-2898-480c-86d3-a08bbfb69f2b" parentExecutionId="b1c984e2-49c0-49e7-ba08-fc8b75bb7115" testId="0bc2f98c-98f5-f190-c78c-c00d94c547a1" testName="third_person_tenses_active" computerName="ARPAN-LAP" duration="00:00:00.0315329" startTime="2014-06-29T11:53:32.7898555+05:30" endTime="2014-06-29T11:53:32.8218573+05:30" testType="13cdc9d9-ddb5-4fa4-a97d-d965ccfc6d4b" outcome="Passed" testListId="8c84fa94-04c1-424b-9868-57a2d4851a1d" relativeResultsDirectory="b1c984e2-49c0-49e7-ba08-fc8b75bb7115" dataRowInfo="9" resultType="DataDrivenDataRow" />
      </InnerResults>
    </UnitTestResult>
    <UnitTestResult executionId="2db97b0b-cb4a-4620-b31c-2666b60fb993" testId="0f337a75-1a2d-d9c3-6c5f-23ed2604b69d" testName="prepositions_made_with_two_words" computerName="ARPAN-LAP" duration="00:00:00.4109658" startTime="2014-06-29T11:53:33.0238689+05:30" endTime="2014-06-29T11:53:33.6589052+05:30" testType="13cdc9d9-ddb5-4fa4-a97d-d965ccfc6d4b" outcome="Passed" testListId="8c84fa94-04c1-424b-9868-57a2d4851a1d" relativeResultsDirectory="2db97b0b-cb4a-4620-b31c-2666b60fb993" resultType="DataDrivenTest">
      <Counters error="0" failed="0" timeout="0" aborted="0" inconclusive="0" passedButRunAborted="0" notRunnable="0" notExecuted="0" disconnected="0" warning="0" passed="3" completed="0" inProgress="0" pending="0" />
      <InnerResults>
        <UnitTestResult executionId="634640ba-5044-406c-8d5e-766723f1baeb" parentExecutionId="2db97b0b-cb4a-4620-b31c-2666b60fb993" testId="0f337a75-1a2d-d9c3-6c5f-23ed2604b69d" testName="prepositions_made_with_two_words" computerName="ARPAN-LAP" duration="00:00:00.0547415" startTime="2014-06-29T11:53:33.3248861+05:30" endTime="2014-06-29T11:53:33.3798893+05:30" testType="13cdc9d9-ddb5-4fa4-a97d-d965ccfc6d4b" outcome="Passed" testListId="8c84fa94-04c1-424b-9868-57a2d4851a1d" relativeResultsDirectory="2db97b0b-cb4a-4620-b31c-2666b60fb993" dataRowInfo="0" resultType="DataDrivenDataRow" />
        <UnitTestResult executionId="2f914b0a-ff23-4567-beda-99ead4e62ea5" parentExecutionId="2db97b0b-cb4a-4620-b31c-2666b60fb993" testId="0f337a75-1a2d-d9c3-6c5f-23ed2604b69d" testName="prepositions_made_with_two_words" computerName="ARPAN-LAP" duration="00:00:00.1167742" startTime="2014-06-29T11:53:33.3798893+05:30" endTime="2014-06-29T11:53:33.4958959+05:30" testType="13cdc9d9-ddb5-4fa4-a97d-d965ccfc6d4b" outcome="Passed" testListId="8c84fa94-04c1-424b-9868-57a2d4851a1d" relativeResultsDirectory="2db97b0b-cb4a-4620-b31c-2666b60fb993" dataRowInfo="1" resultType="DataDrivenDataRow" />
        <UnitTestResult executionId="33abb3fb-32b5-4148-88e1-441dd8a7a8df" parentExecutionId="2db97b0b-cb4a-4620-b31c-2666b60fb993" testId="0f337a75-1a2d-d9c3-6c5f-23ed2604b69d" testName="prepositions_made_with_two_words" computerName="ARPAN-LAP" duration="00:00:00.0775447" startTime="2014-06-29T11:53:33.4958959+05:30" endTime="2014-06-29T11:53:33.5879012+05:30" testType="13cdc9d9-ddb5-4fa4-a97d-d965ccfc6d4b" outcome="Passed" testListId="8c84fa94-04c1-424b-9868-57a2d4851a1d" relativeResultsDirectory="2db97b0b-cb4a-4620-b31c-2666b60fb993" dataRowInfo="2" resultType="DataDrivenDataRow" />
      </InnerResults>
    </UnitTestResult>
    <UnitTestResult executionId="0d68baa4-76b6-4367-86d3-cf7852378c33" testId="0f33848d-a900-d644-7498-2526887b5425" testName="prepositions_made_with_three_words" computerName="ARPAN-LAP" duration="00:00:00.2728795" startTime="2014-06-29T11:53:33.6939072+05:30" endTime="2014-06-29T11:53:34.0879298+05:30" testType="13cdc9d9-ddb5-4fa4-a97d-d965ccfc6d4b" outcome="Passed" testListId="8c84fa94-04c1-424b-9868-57a2d4851a1d" relativeResultsDirectory="0d68baa4-76b6-4367-86d3-cf7852378c33" resultType="DataDrivenTest">
      <Counters error="0" failed="0" timeout="0" aborted="0" inconclusive="0" passedButRunAborted="0" notRunnable="0" notExecuted="0" disconnected="0" warning="0" passed="4" completed="0" inProgress="0" pending="0" />
      <InnerResults>
        <UnitTestResult executionId="9feb1653-e24a-4b31-8815-b5508f5dec38" parentExecutionId="0d68baa4-76b6-4367-86d3-cf7852378c33" testId="0f33848d-a900-d644-7498-2526887b5425" testName="prepositions_made_with_three_words" computerName="ARPAN-LAP" duration="00:00:00.0414770" startTime="2014-06-29T11:53:33.8279149+05:30" endTime="2014-06-29T11:53:33.8699173+05:30" testType="13cdc9d9-ddb5-4fa4-a97d-d965ccfc6d4b" outcome="Passed" testListId="8c84fa94-04c1-424b-9868-57a2d4851a1d" relativeResultsDirectory="0d68baa4-76b6-4367-86d3-cf7852378c33" dataRowInfo="0" resultType="DataDrivenDataRow" />
        <UnitTestResult executionId="e4cb76d6-26b9-47b1-b3ab-7dcd03e3e916" parentExecutionId="0d68baa4-76b6-4367-86d3-cf7852378c33" testId="0f33848d-a900-d644-7498-2526887b5425" testName="prepositions_made_with_three_words" computerName="ARPAN-LAP" duration="00:00:00.0476106" startTime="2014-06-29T11:53:33.8699173+05:30" endTime="2014-06-29T11:53:33.9169200+05:30" testType="13cdc9d9-ddb5-4fa4-a97d-d965ccfc6d4b" outcome="Passed" testListId="8c84fa94-04c1-424b-9868-57a2d4851a1d" relativeResultsDirectory="0d68baa4-76b6-4367-86d3-cf7852378c33" dataRowInfo="1" resultType="DataDrivenDataRow" />
        <UnitTestResult executionId="15bbc322-7ed6-4c98-9e75-38226c5788f2" parentExecutionId="0d68baa4-76b6-4367-86d3-cf7852378c33" testId="0f33848d-a900-d644-7498-2526887b5425" testName="prepositions_made_with_three_words" computerName="ARPAN-LAP" duration="00:00:00.0749101" startTime="2014-06-29T11:53:33.9169200+05:30" endTime="2014-06-29T11:53:33.9919243+05:30" testType="13cdc9d9-ddb5-4fa4-a97d-d965ccfc6d4b" outcome="Passed" testListId="8c84fa94-04c1-424b-9868-57a2d4851a1d" relativeResultsDirectory="0d68baa4-76b6-4367-86d3-cf7852378c33" dataRowInfo="2" resultType="DataDrivenDataRow" />
        <UnitTestResult executionId="8118dca7-4564-4c8f-9a93-89c75f74b6d7" parentExecutionId="0d68baa4-76b6-4367-86d3-cf7852378c33" testId="0f33848d-a900-d644-7498-2526887b5425" testName="prepositions_made_with_three_words" computerName="ARPAN-LAP" duration="00:00:00.0727892" startTime="2014-06-29T11:53:33.9919243+05:30" endTime="2014-06-29T11:53:34.0649284+05:30" testType="13cdc9d9-ddb5-4fa4-a97d-d965ccfc6d4b" outcome="Passed" testListId="8c84fa94-04c1-424b-9868-57a2d4851a1d" relativeResultsDirectory="0d68baa4-76b6-4367-86d3-cf7852378c33" dataRowInfo="3" resultType="DataDrivenDataRow" />
      </InnerResults>
    </UnitTestResult>
    <UnitTestResult executionId="f133d14b-3a53-4bfb-a8bc-918050ca6966" testId="15fe5bf6-5078-81a8-0356-385549390bb7" testName="first_person_tenses_active_negation" computerName="ARPAN-LAP" duration="00:00:00.4812432" startTime="2014-06-29T11:53:34.1099310+05:30" endTime="2014-06-29T11:53:34.7359668+05:30" testType="13cdc9d9-ddb5-4fa4-a97d-d965ccfc6d4b" outcome="Passed" testListId="8c84fa94-04c1-424b-9868-57a2d4851a1d" relativeResultsDirectory="f133d14b-3a53-4bfb-a8bc-918050ca6966" resultType="DataDrivenTest">
      <Counters error="0" failed="0" timeout="0" aborted="0" inconclusive="0" passedButRunAborted="0" notRunnable="0" notExecuted="0" disconnected="0" warning="0" passed="10" completed="0" inProgress="0" pending="0" />
      <InnerResults>
        <UnitTestResult executionId="8e0d6b9f-2f9f-447b-a4d1-af634f95c9e3" parentExecutionId="f133d14b-3a53-4bfb-a8bc-918050ca6966" testId="15fe5bf6-5078-81a8-0356-385549390bb7" testName="first_person_tenses_active_negation" computerName="ARPAN-LAP" duration="00:00:00.0404602" startTime="2014-06-29T11:53:34.2559394+05:30" endTime="2014-06-29T11:53:34.2959417+05:30" testType="13cdc9d9-ddb5-4fa4-a97d-d965ccfc6d4b" outcome="Passed" testListId="8c84fa94-04c1-424b-9868-57a2d4851a1d" relativeResultsDirectory="f133d14b-3a53-4bfb-a8bc-918050ca6966" dataRowInfo="0" resultType="DataDrivenDataRow" />
        <UnitTestResult executionId="cb9efaee-ee16-488b-9462-73050c6a4559" parentExecutionId="f133d14b-3a53-4bfb-a8bc-918050ca6966" testId="15fe5bf6-5078-81a8-0356-385549390bb7" testName="first_person_tenses_active_negation" computerName="ARPAN-LAP" duration="00:00:00.0540132" startTime="2014-06-29T11:53:34.2959417+05:30" endTime="2014-06-29T11:53:34.3499447+05:30" testType="13cdc9d9-ddb5-4fa4-a97d-d965ccfc6d4b" outcome="Passed" testListId="8c84fa94-04c1-424b-9868-57a2d4851a1d" relativeResultsDirectory="f133d14b-3a53-4bfb-a8bc-918050ca6966" dataRowInfo="1" resultType="DataDrivenDataRow" />
        <UnitTestResult executionId="3ba39fe0-698d-4869-9ce0-24741f80b535" parentExecutionId="f133d14b-3a53-4bfb-a8bc-918050ca6966" testId="15fe5bf6-5078-81a8-0356-385549390bb7" testName="first_person_tenses_active_negation" computerName="ARPAN-LAP" duration="00:00:00.0324244" startTime="2014-06-29T11:53:34.3499447+05:30" endTime="2014-06-29T11:53:34.3829466+05:30" testType="13cdc9d9-ddb5-4fa4-a97d-d965ccfc6d4b" outcome="Passed" testListId="8c84fa94-04c1-424b-9868-57a2d4851a1d" relativeResultsDirectory="f133d14b-3a53-4bfb-a8bc-918050ca6966" dataRowInfo="2" resultType="DataDrivenDataRow" />
        <UnitTestResult executionId="7f30310a-034b-447c-b8cf-06fc616cb4fa" parentExecutionId="f133d14b-3a53-4bfb-a8bc-918050ca6966" testId="15fe5bf6-5078-81a8-0356-385549390bb7" testName="first_person_tenses_active_negation" computerName="ARPAN-LAP" duration="00:00:00.0407210" startTime="2014-06-29T11:53:34.3829466+05:30" endTime="2014-06-29T11:53:34.4239490+05:30" testType="13cdc9d9-ddb5-4fa4-a97d-d965ccfc6d4b" outcome="Passed" testListId="8c84fa94-04c1-424b-9868-57a2d4851a1d" relativeResultsDirectory="f133d14b-3a53-4bfb-a8bc-918050ca6966" dataRowInfo="3" resultType="DataDrivenDataRow" />
        <UnitTestResult executionId="f38b6b1c-0740-4d14-9c1a-d43a5c0a2c85" parentExecutionId="f133d14b-3a53-4bfb-a8bc-918050ca6966" testId="15fe5bf6-5078-81a8-0356-385549390bb7" testName="first_person_tenses_active_negation" computerName="ARPAN-LAP" duration="00:00:00.0555238" startTime="2014-06-29T11:53:34.4239490+05:30" endTime="2014-06-29T11:53:34.4789521+05:30" testType="13cdc9d9-ddb5-4fa4-a97d-d965ccfc6d4b" outcome="Passed" testListId="8c84fa94-04c1-424b-9868-57a2d4851a1d" relativeResultsDirectory="f133d14b-3a53-4bfb-a8bc-918050ca6966" dataRowInfo="4" resultType="DataDrivenDataRow" />
        <UnitTestResult executionId="04d2a60e-13fd-43d9-8496-012a2b67c7aa" parentExecutionId="f133d14b-3a53-4bfb-a8bc-918050ca6966" testId="15fe5bf6-5078-81a8-0356-385549390bb7" testName="first_person_tenses_active_negation" computerName="ARPAN-LAP" duration="00:00:00.0289732" startTime="2014-06-29T11:53:34.4789521+05:30" endTime="2014-06-29T11:53:34.5079538+05:30" testType="13cdc9d9-ddb5-4fa4-a97d-d965ccfc6d4b" outcome="Passed" testListId="8c84fa94-04c1-424b-9868-57a2d4851a1d" relativeResultsDirectory="f133d14b-3a53-4bfb-a8bc-918050ca6966" dataRowInfo="5" resultType="DataDrivenDataRow" />
        <UnitTestResult executionId="98cf2720-dea5-4ac4-8977-569b10549a73" parentExecutionId="f133d14b-3a53-4bfb-a8bc-918050ca6966" testId="15fe5bf6-5078-81a8-0356-385549390bb7" testName="first_person_tenses_active_negation" computerName="ARPAN-LAP" duration="00:00:00.0517661" startTime="2014-06-29T11:53:34.5079538+05:30" endTime="2014-06-29T11:53:34.5599568+05:30" testType="13cdc9d9-ddb5-4fa4-a97d-d965ccfc6d4b" outcome="Passed" testListId="8c84fa94-04c1-424b-9868-57a2d4851a1d" relativeResultsDirectory="f133d14b-3a53-4bfb-a8bc-918050ca6966" dataRowInfo="6" resultType="DataDrivenDataRow" />
        <UnitTestResult executionId="c0d795d0-4596-45f8-9b2c-e40b5d083feb" parentExecutionId="f133d14b-3a53-4bfb-a8bc-918050ca6966" testId="15fe5bf6-5078-81a8-0356-385549390bb7" testName="first_person_tenses_active_negation" computerName="ARPAN-LAP" duration="00:00:00.0347270" startTime="2014-06-29T11:53:34.5599568+05:30" endTime="2014-06-29T11:53:34.5949588+05:30" testType="13cdc9d9-ddb5-4fa4-a97d-d965ccfc6d4b" outcome="Passed" testListId="8c84fa94-04c1-424b-9868-57a2d4851a1d" relativeResultsDirectory="f133d14b-3a53-4bfb-a8bc-918050ca6966" dataRowInfo="7" resultType="DataDrivenDataRow" />
        <UnitTestResult executionId="efa79870-eef7-4890-85af-1c58fc862bc9" parentExecutionId="f133d14b-3a53-4bfb-a8bc-918050ca6966" testId="15fe5bf6-5078-81a8-0356-385549390bb7" testName="first_person_tenses_active_negation" computerName="ARPAN-LAP" duration="00:00:00.0249851" startTime="2014-06-29T11:53:34.5949588+05:30" endTime="2014-06-29T11:53:34.6199602+05:30" testType="13cdc9d9-ddb5-4fa4-a97d-d965ccfc6d4b" outcome="Passed" testListId="8c84fa94-04c1-424b-9868-57a2d4851a1d" relativeResultsDirectory="f133d14b-3a53-4bfb-a8bc-918050ca6966" dataRowInfo="8" resultType="DataDrivenDataRow" />
        <UnitTestResult executionId="ce79d366-94d8-44b5-97a8-59ee06571aee" parentExecutionId="f133d14b-3a53-4bfb-a8bc-918050ca6966" testId="15fe5bf6-5078-81a8-0356-385549390bb7" testName="first_person_tenses_active_negation" computerName="ARPAN-LAP" duration="00:00:00.0402719" startTime="2014-06-29T11:53:34.6199602+05:30" endTime="2014-06-29T11:53:34.6599625+05:30" testType="13cdc9d9-ddb5-4fa4-a97d-d965ccfc6d4b" outcome="Passed" testListId="8c84fa94-04c1-424b-9868-57a2d4851a1d" relativeResultsDirectory="f133d14b-3a53-4bfb-a8bc-918050ca6966" dataRowInfo="9" resultType="DataDrivenDataRow" />
      </InnerResults>
    </UnitTestResult>
    <UnitTestResult executionId="9d19d35b-0fa2-408c-8a5b-65cd30a8735f" testId="1b04a6d6-5350-792c-8eba-a46a0eb28949" testName="interrogative_sentences_why" computerName="ARPAN-LAP" duration="00:00:00.7374536" startTime="2014-06-29T11:53:34.7649685+05:30" endTime="2014-06-29T11:53:35.5920158+05:30" testType="13cdc9d9-ddb5-4fa4-a97d-d965ccfc6d4b" outcome="Failed" testListId="8c84fa94-04c1-424b-9868-57a2d4851a1d" relativeResultsDirectory="9d19d35b-0fa2-408c-8a5b-65cd30a8735f" resultType="DataDrivenTest">
      <Counters error="0" failed="1" timeout="0" aborted="0" inconclusive="0" passedButRunAborted="0" notRunnable="0" notExecuted="0" disconnected="0" warning="0" passed="2" completed="0" inProgress="0" pending="0" />
      <InnerResults>
        <UnitTestResult executionId="6f5874c4-5afc-4c0b-a7ff-e43d8a9da664" parentExecutionId="9d19d35b-0fa2-408c-8a5b-65cd30a8735f" testId="1b04a6d6-5350-792c-8eba-a46a0eb28949" testName="interrogative_sentences_why" computerName="ARPAN-LAP" duration="00:00:00.6069206" startTime="2014-06-29T11:53:34.8629741+05:30" endTime="2014-06-29T11:53:35.4700088+05:30" testType="13cdc9d9-ddb5-4fa4-a97d-d965ccfc6d4b" outcome="Failed" testListId="8c84fa94-04c1-424b-9868-57a2d4851a1d" relativeResultsDirectory="9d19d35b-0fa2-408c-8a5b-65cd30a8735f" dataRowInfo="0" resultType="DataDrivenDataRow">
          <Output>
            <ErrorInfo>
              <Message>Assert.AreEqual failed. Expected:&lt;কেন আপনি দেরিতে আজ ?&gt;. Actual:&lt;আপনি দেরিতে আজ কেন ?&gt;. Why are you late today?</Message>
              <StackTrace>   at UnitTest.BnlpTest.interrogative_sentences_why() in D:\software\Project\BNLP\UnitTest\BnlpTest.cs:line 382
</StackTrace>
            </ErrorInfo>
          </Output>
        </UnitTestResult>
        <UnitTestResult executionId="2f86354d-6cfd-4128-b9ea-8bb0ffefae6e" parentExecutionId="9d19d35b-0fa2-408c-8a5b-65cd30a8735f" testId="1b04a6d6-5350-792c-8eba-a46a0eb28949" testName="interrogative_sentences_why" computerName="ARPAN-LAP" duration="00:00:00.0622610" startTime="2014-06-29T11:53:35.4700088+05:30" endTime="2014-06-29T11:53:35.5320124+05:30" testType="13cdc9d9-ddb5-4fa4-a97d-d965ccfc6d4b" outcome="Passed" testListId="8c84fa94-04c1-424b-9868-57a2d4851a1d" relativeResultsDirectory="9d19d35b-0fa2-408c-8a5b-65cd30a8735f" dataRowInfo="1" resultType="DataDrivenDataRow" />
        <UnitTestResult executionId="dc55f7e8-0a68-4e2b-9569-56b5a83dd292" parentExecutionId="9d19d35b-0fa2-408c-8a5b-65cd30a8735f" testId="1b04a6d6-5350-792c-8eba-a46a0eb28949" testName="interrogative_sentences_why" computerName="ARPAN-LAP" duration="00:00:00.0450299" startTime="2014-06-29T11:53:35.5320124+05:30" endTime="2014-06-29T11:53:35.5770149+05:30" testType="13cdc9d9-ddb5-4fa4-a97d-d965ccfc6d4b" outcome="Passed" testListId="8c84fa94-04c1-424b-9868-57a2d4851a1d" relativeResultsDirectory="9d19d35b-0fa2-408c-8a5b-65cd30a8735f" dataRowInfo="2" resultType="DataDrivenDataRow" />
      </InnerResults>
    </UnitTestResult>
    <UnitTestResult executionId="a188c84c-8861-421d-998c-68893562477d" testId="1d63c318-78a9-9011-f5c0-0b01884a2881" testName="interrogative_sentences_do" computerName="ARPAN-LAP" duration="00:00:00.3921220" startTime="2014-06-29T11:53:35.6080167+05:30" endTime="2014-06-29T11:53:36.0510420+05:30" testType="13cdc9d9-ddb5-4fa4-a97d-d965ccfc6d4b" outcome="Passed" testListId="8c84fa94-04c1-424b-9868-57a2d4851a1d" relativeResultsDirectory="a188c84c-8861-421d-998c-68893562477d" resultType="DataDrivenTest">
      <Counters error="0" failed="0" timeout="0" aborted="0" inconclusive="0" passedButRunAborted="0" notRunnable="0" notExecuted="0" disconnected="0" warning="0" passed="9" completed="0" inProgress="0" pending="0" />
      <InnerResults>
        <UnitTestResult executionId="a4ca9d72-ed28-4de8-b288-55fad291f84e" parentExecutionId="a188c84c-8861-421d-998c-68893562477d" testId="1d63c318-78a9-9011-f5c0-0b01884a2881" testName="interrogative_sentences_do" computerName="ARPAN-LAP" duration="00:00:00.0298519" startTime="2014-06-29T11:53:35.6320181+05:30" endTime="2014-06-29T11:53:35.6610197+05:30" testType="13cdc9d9-ddb5-4fa4-a97d-d965ccfc6d4b" outcome="Passed" testListId="8c84fa94-04c1-424b-9868-57a2d4851a1d" relativeResultsDirectory="a188c84c-8861-421d-998c-68893562477d" dataRowInfo="0" resultType="DataDrivenDataRow" />
        <UnitTestResult executionId="b0b7695c-dbf1-4334-993b-26b98583c35d" parentExecutionId="a188c84c-8861-421d-998c-68893562477d" testId="1d63c318-78a9-9011-f5c0-0b01884a2881" testName="interrogative_sentences_do" computerName="ARPAN-LAP" duration="00:00:00.0289316" startTime="2014-06-29T11:53:35.6610197+05:30" endTime="2014-06-29T11:53:35.6900214+05:30" testType="13cdc9d9-ddb5-4fa4-a97d-d965ccfc6d4b" outcome="Passed" testListId="8c84fa94-04c1-424b-9868-57a2d4851a1d" relativeResultsDirectory="a188c84c-8861-421d-998c-68893562477d" dataRowInfo="1" resultType="DataDrivenDataRow" />
        <UnitTestResult executionId="ef4bab48-a15d-461c-a7cc-e077d2e0bb61" parentExecutionId="a188c84c-8861-421d-998c-68893562477d" testId="1d63c318-78a9-9011-f5c0-0b01884a2881" testName="interrogative_sentences_do" computerName="ARPAN-LAP" duration="00:00:00.0279995" startTime="2014-06-29T11:53:35.6900214+05:30" endTime="2014-06-29T11:53:35.7180230+05:30" testType="13cdc9d9-ddb5-4fa4-a97d-d965ccfc6d4b" outcome="Passed" testListId="8c84fa94-04c1-424b-9868-57a2d4851a1d" relativeResultsDirectory="a188c84c-8861-421d-998c-68893562477d" dataRowInfo="2" resultType="DataDrivenDataRow" />
        <UnitTestResult executionId="964bf251-45e5-40b0-a0a1-821727da1432" parentExecutionId="a188c84c-8861-421d-998c-68893562477d" testId="1d63c318-78a9-9011-f5c0-0b01884a2881" testName="interrogative_sentences_do" computerName="ARPAN-LAP" duration="00:00:00.0254727" startTime="2014-06-29T11:53:35.7190231+05:30" endTime="2014-06-29T11:53:35.7440245+05:30" testType="13cdc9d9-ddb5-4fa4-a97d-d965ccfc6d4b" outcome="Passed" testListId="8c84fa94-04c1-424b-9868-57a2d4851a1d" relativeResultsDirectory="a188c84c-8861-421d-998c-68893562477d" dataRowInfo="3" resultType="DataDrivenDataRow" />
        <UnitTestResult executionId="a5b60529-267b-48ec-b43f-21e055d5ebac" parentExecutionId="a188c84c-8861-421d-998c-68893562477d" testId="1d63c318-78a9-9011-f5c0-0b01884a2881" testName="interrogative_sentences_do" computerName="ARPAN-LAP" duration="00:00:00.0251919" startTime="2014-06-29T11:53:35.7440245+05:30" endTime="2014-06-29T11:53:35.7690259+05:30" testType="13cdc9d9-ddb5-4fa4-a97d-d965ccfc6d4b" outcome="Passed" testListId="8c84fa94-04c1-424b-9868-57a2d4851a1d" relativeResultsDirectory="a188c84c-8861-421d-998c-68893562477d" dataRowInfo="4" resultType="DataDrivenDataRow" />
        <UnitTestResult executionId="956f7837-4298-415e-a58f-788aa41576a0" parentExecutionId="a188c84c-8861-421d-998c-68893562477d" testId="1d63c318-78a9-9011-f5c0-0b01884a2881" testName="interrogative_sentences_do" computerName="ARPAN-LAP" duration="00:00:00.1065837" startTime="2014-06-29T11:53:35.7690259+05:30" endTime="2014-06-29T11:53:35.8760320+05:30" testType="13cdc9d9-ddb5-4fa4-a97d-d965ccfc6d4b" outcome="Passed" testListId="8c84fa94-04c1-424b-9868-57a2d4851a1d" relativeResultsDirectory="a188c84c-8861-421d-998c-68893562477d" dataRowInfo="5" resultType="DataDrivenDataRow" />
        <UnitTestResult executionId="357ce5a3-9763-44ce-bfed-6af188da02e4" parentExecutionId="a188c84c-8861-421d-998c-68893562477d" testId="1d63c318-78a9-9011-f5c0-0b01884a2881" testName="interrogative_sentences_do" computerName="ARPAN-LAP" duration="00:00:00.0479612" startTime="2014-06-29T11:53:35.8760320+05:30" endTime="2014-06-29T11:53:35.9240348+05:30" testType="13cdc9d9-ddb5-4fa4-a97d-d965ccfc6d4b" outcome="Passed" testListId="8c84fa94-04c1-424b-9868-57a2d4851a1d" relativeResultsDirectory="a188c84c-8861-421d-998c-68893562477d" dataRowInfo="6" resultType="DataDrivenDataRow" />
        <UnitTestResult executionId="b5f4ecf0-ec9c-44de-8b3f-ae979025913b" parentExecutionId="a188c84c-8861-421d-998c-68893562477d" testId="1d63c318-78a9-9011-f5c0-0b01884a2881" testName="interrogative_sentences_do" computerName="ARPAN-LAP" duration="00:00:00.0444283" startTime="2014-06-29T11:53:35.9240348+05:30" endTime="2014-06-29T11:53:35.9680373+05:30" testType="13cdc9d9-ddb5-4fa4-a97d-d965ccfc6d4b" outcome="Passed" testListId="8c84fa94-04c1-424b-9868-57a2d4851a1d" relativeResultsDirectory="a188c84c-8861-421d-998c-68893562477d" dataRowInfo="7" resultType="DataDrivenDataRow" />
        <UnitTestResult executionId="9fd39319-ae58-41a8-8e87-0a12c0593b2d" parentExecutionId="a188c84c-8861-421d-998c-68893562477d" testId="1d63c318-78a9-9011-f5c0-0b01884a2881" testName="interrogative_sentences_do" computerName="ARPAN-LAP" duration="00:00:00.0380196" startTime="2014-06-29T11:53:35.9680373+05:30" endTime="2014-06-29T11:53:36.0070395+05:30" testType="13cdc9d9-ddb5-4fa4-a97d-d965ccfc6d4b" outcome="Passed" testListId="8c84fa94-04c1-424b-9868-57a2d4851a1d" relativeResultsDirectory="a188c84c-8861-421d-998c-68893562477d" dataRowInfo="8" resultType="DataDrivenDataRow" />
      </InnerResults>
    </UnitTestResult>
    <UnitTestResult executionId="89aac053-755b-44e0-8c59-4a9cc534c225" testId="227f20ae-8e76-eb71-39b2-4ada3ce6aba8" testName="interrogative_sentences_how" computerName="ARPAN-LAP" duration="00:00:01.1637197" startTime="2014-06-29T11:53:36.0520421+05:30" endTime="2014-06-29T11:53:37.3541166+05:30" testType="13cdc9d9-ddb5-4fa4-a97d-d965ccfc6d4b" outcome="Failed" testListId="8c84fa94-04c1-424b-9868-57a2d4851a1d" relativeResultsDirectory="89aac053-755b-44e0-8c59-4a9cc534c225" resultType="DataDrivenTest">
      <Counters error="0" failed="3" timeout="0" aborted="0" inconclusive="0" passedButRunAborted="0" notRunnable="0" notExecuted="0" disconnected="0" warning="0" passed="15" completed="0" inProgress="0" pending="0" />
      <InnerResults>
        <UnitTestResult executionId="6288a0ba-de43-40cc-b1da-5909319b9f26" parentExecutionId="89aac053-755b-44e0-8c59-4a9cc534c225" testId="227f20ae-8e76-eb71-39b2-4ada3ce6aba8" testName="interrogative_sentences_how" computerName="ARPAN-LAP" duration="00:00:00.0367482" startTime="2014-06-29T11:53:36.1870498+05:30" endTime="2014-06-29T11:53:36.2240519+05:30" testType="13cdc9d9-ddb5-4fa4-a97d-d965ccfc6d4b" outcome="Passed" testListId="8c84fa94-04c1-424b-9868-57a2d4851a1d" relativeResultsDirectory="89aac053-755b-44e0-8c59-4a9cc534c225" dataRowInfo="0" resultType="DataDrivenDataRow" />
        <UnitTestResult executionId="ec5a63b6-808f-4632-8e3e-602c859c07fb" parentExecutionId="89aac053-755b-44e0-8c59-4a9cc534c225" testId="227f20ae-8e76-eb71-39b2-4ada3ce6aba8" testName="interrogative_sentences_how" computerName="ARPAN-LAP" duration="00:00:00.0686364" startTime="2014-06-29T11:53:36.2240519+05:30" endTime="2014-06-29T11:53:36.2930559+05:30" testType="13cdc9d9-ddb5-4fa4-a97d-d965ccfc6d4b" outcome="Failed" testListId="8c84fa94-04c1-424b-9868-57a2d4851a1d" relativeResultsDirectory="89aac053-755b-44e0-8c59-4a9cc534c225" dataRowInfo="1" resultType="DataDrivenDataRow">
          <Output>
            <ErrorInfo>
              <Message>Assert.AreEqual failed. Expected:&lt;আপনি কেমন ছিলেন ?&gt;. Actual:&lt;ছিলেন আপনি কেমন ?&gt;. How were you?</Message>
              <StackTrace>   at UnitTest.BnlpTest.interrogative_sentences_how() in D:\software\Project\BNLP\UnitTest\BnlpTest.cs:line 274
</StackTrace>
            </ErrorInfo>
          </Output>
        </UnitTestResult>
        <UnitTestResult executionId="3e9b53a7-49c2-4587-9d8f-87cc5ecd8ea9" parentExecutionId="89aac053-755b-44e0-8c59-4a9cc534c225" testId="227f20ae-8e76-eb71-39b2-4ada3ce6aba8" testName="interrogative_sentences_how" computerName="ARPAN-LAP" duration="00:00:00.0825676" startTime="2014-06-29T11:53:36.2930559+05:30" endTime="2014-06-29T11:53:36.3750606+05:30" testType="13cdc9d9-ddb5-4fa4-a97d-d965ccfc6d4b" outcome="Failed" testListId="8c84fa94-04c1-424b-9868-57a2d4851a1d" relativeResultsDirectory="89aac053-755b-44e0-8c59-4a9cc534c225" dataRowInfo="2" resultType="DataDrivenDataRow">
          <Output>
            <ErrorInfo>
              <Message>Assert.AreEqual failed. Expected:&lt;এই মেশিন কাজটি কিভাবে করে ?&gt;. Actual:&lt;করে এই মেশিনটি কিভাবে কাজ ?&gt;. How does this machine work?</Message>
              <StackTrace>   at UnitTest.BnlpTest.interrogative_sentences_how() in D:\software\Project\BNLP\UnitTest\BnlpTest.cs:line 274
</StackTrace>
            </ErrorInfo>
          </Output>
        </UnitTestResult>
        <UnitTestResult executionId="1fee272b-0d95-4819-a16d-a1309d04de7f" parentExecutionId="89aac053-755b-44e0-8c59-4a9cc534c225" testId="227f20ae-8e76-eb71-39b2-4ada3ce6aba8" testName="interrogative_sentences_how" computerName="ARPAN-LAP" duration="00:00:00.0573674" startTime="2014-06-29T11:53:36.3750606+05:30" endTime="2014-06-29T11:53:36.4330639+05:30" testType="13cdc9d9-ddb5-4fa4-a97d-d965ccfc6d4b" outcome="Passed" testListId="8c84fa94-04c1-424b-9868-57a2d4851a1d" relativeResultsDirectory="89aac053-755b-44e0-8c59-4a9cc534c225" dataRowInfo="3" resultType="DataDrivenDataRow" />
        <UnitTestResult executionId="208e90ce-82dd-4ccb-a87d-cdbe8f4dc796" parentExecutionId="89aac053-755b-44e0-8c59-4a9cc534c225" testId="227f20ae-8e76-eb71-39b2-4ada3ce6aba8" testName="interrogative_sentences_how" computerName="ARPAN-LAP" duration="00:00:00.0367349" startTime="2014-06-29T11:53:36.4330639+05:30" endTime="2014-06-29T11:53:36.4700660+05:30" testType="13cdc9d9-ddb5-4fa4-a97d-d965ccfc6d4b" outcome="Passed" testListId="8c84fa94-04c1-424b-9868-57a2d4851a1d" relativeResultsDirectory="89aac053-755b-44e0-8c59-4a9cc534c225" dataRowInfo="4" resultType="DataDrivenDataRow" />
        <UnitTestResult executionId="2ebefc3c-144a-4469-85ed-d7240717f230" parentExecutionId="89aac053-755b-44e0-8c59-4a9cc534c225" testId="227f20ae-8e76-eb71-39b2-4ada3ce6aba8" testName="interrogative_sentences_how" computerName="ARPAN-LAP" duration="00:00:00.0816057" startTime="2014-06-29T11:53:36.4700660+05:30" endTime="2014-06-29T11:53:36.5510706+05:30" testType="13cdc9d9-ddb5-4fa4-a97d-d965ccfc6d4b" outcome="Passed" testListId="8c84fa94-04c1-424b-9868-57a2d4851a1d" relativeResultsDirectory="89aac053-755b-44e0-8c59-4a9cc534c225" dataRowInfo="5" resultType="DataDrivenDataRow" />
        <UnitTestResult executionId="aa693fb3-e95a-41e2-9ccc-61a2031d4bc0" parentExecutionId="89aac053-755b-44e0-8c59-4a9cc534c225" testId="227f20ae-8e76-eb71-39b2-4ada3ce6aba8" testName="interrogative_sentences_how" computerName="ARPAN-LAP" duration="00:00:00.0679424" startTime="2014-06-29T11:53:36.5510706+05:30" endTime="2014-06-29T11:53:36.6190745+05:30" testType="13cdc9d9-ddb5-4fa4-a97d-d965ccfc6d4b" outcome="Passed" testListId="8c84fa94-04c1-424b-9868-57a2d4851a1d" relativeResultsDirectory="89aac053-755b-44e0-8c59-4a9cc534c225" dataRowInfo="6" resultType="DataDrivenDataRow" />
        <UnitTestResult executionId="b4069fc9-c9f3-4133-a03e-18661705c58e" parentExecutionId="89aac053-755b-44e0-8c59-4a9cc534c225" testId="227f20ae-8e76-eb71-39b2-4ada3ce6aba8" testName="interrogative_sentences_how" computerName="ARPAN-LAP" duration="00:00:00.0357551" startTime="2014-06-29T11:53:36.6190745+05:30" endTime="2014-06-29T11:53:36.6550766+05:30" testType="13cdc9d9-ddb5-4fa4-a97d-d965ccfc6d4b" outcome="Passed" testListId="8c84fa94-04c1-424b-9868-57a2d4851a1d" relativeResultsDirectory="89aac053-755b-44e0-8c59-4a9cc534c225" dataRowInfo="7" resultType="DataDrivenDataRow" />
        <UnitTestResult executionId="8945a6f3-ec65-4ef9-a23b-a3803805ee3d" parentExecutionId="89aac053-755b-44e0-8c59-4a9cc534c225" testId="227f20ae-8e76-eb71-39b2-4ada3ce6aba8" testName="interrogative_sentences_how" computerName="ARPAN-LAP" duration="00:00:00.0356729" startTime="2014-06-29T11:53:36.6550766+05:30" endTime="2014-06-29T11:53:36.6910786+05:30" testType="13cdc9d9-ddb5-4fa4-a97d-d965ccfc6d4b" outcome="Passed" testListId="8c84fa94-04c1-424b-9868-57a2d4851a1d" relativeResultsDirectory="89aac053-755b-44e0-8c59-4a9cc534c225" dataRowInfo="8" resultType="DataDrivenDataRow" />
        <UnitTestResult executionId="1b3f06d7-7093-4fff-9e6a-302f1d7c8f1f" parentExecutionId="89aac053-755b-44e0-8c59-4a9cc534c225" testId="227f20ae-8e76-eb71-39b2-4ada3ce6aba8" testName="interrogative_sentences_how" computerName="ARPAN-LAP" duration="00:00:00.0335952" startTime="2014-06-29T11:53:36.6910786+05:30" endTime="2014-06-29T11:53:36.7240805+05:30" testType="13cdc9d9-ddb5-4fa4-a97d-d965ccfc6d4b" outcome="Passed" testListId="8c84fa94-04c1-424b-9868-57a2d4851a1d" relativeResultsDirectory="89aac053-755b-44e0-8c59-4a9cc534c225" dataRowInfo="9" resultType="DataDrivenDataRow" />
        <UnitTestResult executionId="a8f68806-7aae-49b9-8dcf-2dca66c2e45e" parentExecutionId="89aac053-755b-44e0-8c59-4a9cc534c225" testId="227f20ae-8e76-eb71-39b2-4ada3ce6aba8" testName="interrogative_sentences_how" computerName="ARPAN-LAP" duration="00:00:00.0549925" startTime="2014-06-29T11:53:36.7250806+05:30" endTime="2014-06-29T11:53:36.7800837+05:30" testType="13cdc9d9-ddb5-4fa4-a97d-d965ccfc6d4b" outcome="Passed" testListId="8c84fa94-04c1-424b-9868-57a2d4851a1d" relativeResultsDirectory="89aac053-755b-44e0-8c59-4a9cc534c225" dataRowInfo="10" resultType="DataDrivenDataRow" />
        <UnitTestResult executionId="36b38444-30d6-4d10-bcff-4c05d8e66283" parentExecutionId="89aac053-755b-44e0-8c59-4a9cc534c225" testId="227f20ae-8e76-eb71-39b2-4ada3ce6aba8" testName="interrogative_sentences_how" computerName="ARPAN-LAP" duration="00:00:00.0314810" startTime="2014-06-29T11:53:36.7800837+05:30" endTime="2014-06-29T11:53:36.8110855+05:30" testType="13cdc9d9-ddb5-4fa4-a97d-d965ccfc6d4b" outcome="Passed" testListId="8c84fa94-04c1-424b-9868-57a2d4851a1d" relativeResultsDirectory="89aac053-755b-44e0-8c59-4a9cc534c225" dataRowInfo="11" resultType="DataDrivenDataRow" />
        <UnitTestResult executionId="f94e5884-c192-492c-b3e4-5bbd14e48eb4" parentExecutionId="89aac053-755b-44e0-8c59-4a9cc534c225" testId="227f20ae-8e76-eb71-39b2-4ada3ce6aba8" testName="interrogative_sentences_how" computerName="ARPAN-LAP" duration="00:00:00.0279436" startTime="2014-06-29T11:53:36.8110855+05:30" endTime="2014-06-29T11:53:36.8390871+05:30" testType="13cdc9d9-ddb5-4fa4-a97d-d965ccfc6d4b" outcome="Passed" testListId="8c84fa94-04c1-424b-9868-57a2d4851a1d" relativeResultsDirectory="89aac053-755b-44e0-8c59-4a9cc534c225" dataRowInfo="12" resultType="DataDrivenDataRow" />
        <UnitTestResult executionId="d0fe1617-8569-4680-886e-e28e53ed5483" parentExecutionId="89aac053-755b-44e0-8c59-4a9cc534c225" testId="227f20ae-8e76-eb71-39b2-4ada3ce6aba8" testName="interrogative_sentences_how" computerName="ARPAN-LAP" duration="00:00:00.0652729" startTime="2014-06-29T11:53:36.8390871+05:30" endTime="2014-06-29T11:53:36.9040908+05:30" testType="13cdc9d9-ddb5-4fa4-a97d-d965ccfc6d4b" outcome="Passed" testListId="8c84fa94-04c1-424b-9868-57a2d4851a1d" relativeResultsDirectory="89aac053-755b-44e0-8c59-4a9cc534c225" dataRowInfo="13" resultType="DataDrivenDataRow" />
        <UnitTestResult executionId="bc2a8ee2-02bc-4285-8f65-4231503caada" parentExecutionId="89aac053-755b-44e0-8c59-4a9cc534c225" testId="227f20ae-8e76-eb71-39b2-4ada3ce6aba8" testName="interrogative_sentences_how" computerName="ARPAN-LAP" duration="00:00:00.0449360" startTime="2014-06-29T11:53:36.9040908+05:30" endTime="2014-06-29T11:53:36.9490934+05:30" testType="13cdc9d9-ddb5-4fa4-a97d-d965ccfc6d4b" outcome="Passed" testListId="8c84fa94-04c1-424b-9868-57a2d4851a1d" relativeResultsDirectory="89aac053-755b-44e0-8c59-4a9cc534c225" dataRowInfo="14" resultType="DataDrivenDataRow" />
        <UnitTestResult executionId="138cfb2f-084e-49b0-8334-1712a6e2ff7c" parentExecutionId="89aac053-755b-44e0-8c59-4a9cc534c225" testId="227f20ae-8e76-eb71-39b2-4ada3ce6aba8" testName="interrogative_sentences_how" computerName="ARPAN-LAP" duration="00:00:00.2090981" startTime="2014-06-29T11:53:36.9490934+05:30" endTime="2014-06-29T11:53:37.1581054+05:30" testType="13cdc9d9-ddb5-4fa4-a97d-d965ccfc6d4b" outcome="Failed" testListId="8c84fa94-04c1-424b-9868-57a2d4851a1d" relativeResultsDirectory="89aac053-755b-44e0-8c59-4a9cc534c225" dataRowInfo="15" resultType="DataDrivenDataRow">
          <Output>
            <ErrorInfo>
              <Message>Assert.AreEqual failed. Expected:&lt;একটি ভাল ছাত্র হতে হয় কিভাবে ?&gt;. Actual:&lt;হয় কিভাবে একটি ভাল ছাত্র ?&gt;. How to be a good student?</Message>
              <StackTrace>   at UnitTest.BnlpTest.interrogative_sentences_how() in D:\software\Project\BNLP\UnitTest\BnlpTest.cs:line 274
</StackTrace>
            </ErrorInfo>
          </Output>
        </UnitTestResult>
        <UnitTestResult executionId="4db7352a-cb15-467d-a9bd-63a9d40a2af2" parentExecutionId="89aac053-755b-44e0-8c59-4a9cc534c225" testId="227f20ae-8e76-eb71-39b2-4ada3ce6aba8" testName="interrogative_sentences_how" computerName="ARPAN-LAP" duration="00:00:00.0372579" startTime="2014-06-29T11:53:37.1581054+05:30" endTime="2014-06-29T11:53:37.1961075+05:30" testType="13cdc9d9-ddb5-4fa4-a97d-d965ccfc6d4b" outcome="Passed" testListId="8c84fa94-04c1-424b-9868-57a2d4851a1d" relativeResultsDirectory="89aac053-755b-44e0-8c59-4a9cc534c225" dataRowInfo="16" resultType="DataDrivenDataRow" />
        <UnitTestResult executionId="eb53cd34-37bf-4e3e-a67e-b12a7f28bb25" parentExecutionId="89aac053-755b-44e0-8c59-4a9cc534c225" testId="227f20ae-8e76-eb71-39b2-4ada3ce6aba8" testName="interrogative_sentences_how" computerName="ARPAN-LAP" duration="00:00:00.0688273" startTime="2014-06-29T11:53:37.1961075+05:30" endTime="2014-06-29T11:53:37.2651115+05:30" testType="13cdc9d9-ddb5-4fa4-a97d-d965ccfc6d4b" outcome="Passed" testListId="8c84fa94-04c1-424b-9868-57a2d4851a1d" relativeResultsDirectory="89aac053-755b-44e0-8c59-4a9cc534c225" dataRowInfo="17" resultType="DataDrivenDataRow" />
      </InnerResults>
    </UnitTestResult>
    <UnitTestResult executionId="f58aa6fc-d525-4459-87fc-de741daefa89" testId="30ab3285-6a8c-14d2-9725-bd60892ccd90" testName="second_person_tenses_active" computerName="ARPAN-LAP" duration="00:00:00.4539273" startTime="2014-06-29T11:53:37.3841183+05:30" endTime="2014-06-29T11:53:37.8901472+05:30" testType="13cdc9d9-ddb5-4fa4-a97d-d965ccfc6d4b" outcome="Passed" testListId="8c84fa94-04c1-424b-9868-57a2d4851a1d" relativeResultsDirectory="f58aa6fc-d525-4459-87fc-de741daefa89" resultType="DataDrivenTest">
      <Counters error="0" failed="0" timeout="0" aborted="0" inconclusive="0" passedButRunAborted="0" notRunnable="0" notExecuted="0" disconnected="0" warning="0" passed="10" completed="0" inProgress="0" pending="0" />
      <InnerResults>
        <UnitTestResult executionId="a55f6bd0-83b4-43ee-a810-c370cd369d76" parentExecutionId="f58aa6fc-d525-4459-87fc-de741daefa89" testId="30ab3285-6a8c-14d2-9725-bd60892ccd90" testName="second_person_tenses_active" computerName="ARPAN-LAP" duration="00:00:00.0256205" startTime="2014-06-29T11:53:37.5111256+05:30" endTime="2014-06-29T11:53:37.5371270+05:30" testType="13cdc9d9-ddb5-4fa4-a97d-d965ccfc6d4b" outcome="Passed" testListId="8c84fa94-04c1-424b-9868-57a2d4851a1d" relativeResultsDirectory="f58aa6fc-d525-4459-87fc-de741daefa89" dataRowInfo="0" resultType="DataDrivenDataRow" />
        <UnitTestResult executionId="48862e53-2689-4984-a565-e711ac737270" parentExecutionId="f58aa6fc-d525-4459-87fc-de741daefa89" testId="30ab3285-6a8c-14d2-9725-bd60892ccd90" testName="second_person_tenses_active" computerName="ARPAN-LAP" duration="00:00:00.0221872" startTime="2014-06-29T11:53:37.5371270+05:30" endTime="2014-06-29T11:53:37.5591283+05:30" testType="13cdc9d9-ddb5-4fa4-a97d-d965ccfc6d4b" outcome="Passed" testListId="8c84fa94-04c1-424b-9868-57a2d4851a1d" relativeResultsDirectory="f58aa6fc-d525-4459-87fc-de741daefa89" dataRowInfo="1" resultType="DataDrivenDataRow" />
        <UnitTestResult executionId="43668020-28af-4186-8fbf-a06477bac41d" parentExecutionId="f58aa6fc-d525-4459-87fc-de741daefa89" testId="30ab3285-6a8c-14d2-9725-bd60892ccd90" testName="second_person_tenses_active" computerName="ARPAN-LAP" duration="00:00:00.0225834" startTime="2014-06-29T11:53:37.5591283+05:30" endTime="2014-06-29T11:53:37.5811296+05:30" testType="13cdc9d9-ddb5-4fa4-a97d-d965ccfc6d4b" outcome="Passed" testListId="8c84fa94-04c1-424b-9868-57a2d4851a1d" relativeResultsDirectory="f58aa6fc-d525-4459-87fc-de741daefa89" dataRowInfo="2" resultType="DataDrivenDataRow" />
        <UnitTestResult executionId="84548bdd-5d28-4bb2-a03a-178cefc9dfaa" parentExecutionId="f58aa6fc-d525-4459-87fc-de741daefa89" testId="30ab3285-6a8c-14d2-9725-bd60892ccd90" testName="second_person_tenses_active" computerName="ARPAN-LAP" duration="00:00:00.0362596" startTime="2014-06-29T11:53:37.5821296+05:30" endTime="2014-06-29T11:53:37.6261321+05:30" testType="13cdc9d9-ddb5-4fa4-a97d-d965ccfc6d4b" outcome="Passed" testListId="8c84fa94-04c1-424b-9868-57a2d4851a1d" relativeResultsDirectory="f58aa6fc-d525-4459-87fc-de741daefa89" dataRowInfo="3" resultType="DataDrivenDataRow" />
        <UnitTestResult executionId="656e1c35-d417-4c51-b857-c661cc77d275" parentExecutionId="f58aa6fc-d525-4459-87fc-de741daefa89" testId="30ab3285-6a8c-14d2-9725-bd60892ccd90" testName="second_person_tenses_active" computerName="ARPAN-LAP" duration="00:00:00.0175185" startTime="2014-06-29T11:53:37.6261321+05:30" endTime="2014-06-29T11:53:37.6431331+05:30" testType="13cdc9d9-ddb5-4fa4-a97d-d965ccfc6d4b" outcome="Passed" testListId="8c84fa94-04c1-424b-9868-57a2d4851a1d" relativeResultsDirectory="f58aa6fc-d525-4459-87fc-de741daefa89" dataRowInfo="4" resultType="DataDrivenDataRow" />
        <UnitTestResult executionId="a9c99d69-1bbe-49b4-8a3f-0036ca8bb971" parentExecutionId="f58aa6fc-d525-4459-87fc-de741daefa89" testId="30ab3285-6a8c-14d2-9725-bd60892ccd90" testName="second_person_tenses_active" computerName="ARPAN-LAP" duration="00:00:00.0318393" startTime="2014-06-29T11:53:37.6431331+05:30" endTime="2014-06-29T11:53:37.6751349+05:30" testType="13cdc9d9-ddb5-4fa4-a97d-d965ccfc6d4b" outcome="Passed" testListId="8c84fa94-04c1-424b-9868-57a2d4851a1d" relativeResultsDirectory="f58aa6fc-d525-4459-87fc-de741daefa89" dataRowInfo="5" resultType="DataDrivenDataRow" />
        <UnitTestResult executionId="29dd745c-2dc1-494d-8876-4b211805f453" parentExecutionId="f58aa6fc-d525-4459-87fc-de741daefa89" testId="30ab3285-6a8c-14d2-9725-bd60892ccd90" testName="second_person_tenses_active" computerName="ARPAN-LAP" duration="00:00:00.0430856" startTime="2014-06-29T11:53:37.6751349+05:30" endTime="2014-06-29T11:53:37.7181374+05:30" testType="13cdc9d9-ddb5-4fa4-a97d-d965ccfc6d4b" outcome="Passed" testListId="8c84fa94-04c1-424b-9868-57a2d4851a1d" relativeResultsDirectory="f58aa6fc-d525-4459-87fc-de741daefa89" dataRowInfo="6" resultType="DataDrivenDataRow" />
        <UnitTestResult executionId="fb593fa9-b2fc-413c-8fc1-0a6d92c88b4e" parentExecutionId="f58aa6fc-d525-4459-87fc-de741daefa89" testId="30ab3285-6a8c-14d2-9725-bd60892ccd90" testName="second_person_tenses_active" computerName="ARPAN-LAP" duration="00:00:00.0571934" startTime="2014-06-29T11:53:37.7181374+05:30" endTime="2014-06-29T11:53:37.7761407+05:30" testType="13cdc9d9-ddb5-4fa4-a97d-d965ccfc6d4b" outcome="Passed" testListId="8c84fa94-04c1-424b-9868-57a2d4851a1d" relativeResultsDirectory="f58aa6fc-d525-4459-87fc-de741daefa89" dataRowInfo="7" resultType="DataDrivenDataRow" />
        <UnitTestResult executionId="76582523-da69-45ac-b5c3-aacb1d8ae78d" parentExecutionId="f58aa6fc-d525-4459-87fc-de741daefa89" testId="30ab3285-6a8c-14d2-9725-bd60892ccd90" testName="second_person_tenses_active" computerName="ARPAN-LAP" duration="00:00:00.0296394" startTime="2014-06-29T11:53:37.7761407+05:30" endTime="2014-06-29T11:53:37.8051424+05:30" testType="13cdc9d9-ddb5-4fa4-a97d-d965ccfc6d4b" outcome="Passed" testListId="8c84fa94-04c1-424b-9868-57a2d4851a1d" relativeResultsDirectory="f58aa6fc-d525-4459-87fc-de741daefa89" dataRowInfo="8" resultType="DataDrivenDataRow" />
        <UnitTestResult executionId="29709279-ff39-48f5-8736-7c26e309440a" parentExecutionId="f58aa6fc-d525-4459-87fc-de741daefa89" testId="30ab3285-6a8c-14d2-9725-bd60892ccd90" testName="second_person_tenses_active" computerName="ARPAN-LAP" duration="00:00:00.0406096" startTime="2014-06-29T11:53:37.8051424+05:30" endTime="2014-06-29T11:53:37.8461447+05:30" testType="13cdc9d9-ddb5-4fa4-a97d-d965ccfc6d4b" outcome="Passed" testListId="8c84fa94-04c1-424b-9868-57a2d4851a1d" relativeResultsDirectory="f58aa6fc-d525-4459-87fc-de741daefa89" dataRowInfo="9" resultType="DataDrivenDataRow" />
      </InnerResults>
    </UnitTestResult>
    <UnitTestResult executionId="a7d9dce2-c5e7-426b-bb42-b817f53dde87" testId="32b5d279-0d23-e5ad-0301-234c8788f740" testName="interrogative_sentences_who" computerName="ARPAN-LAP" duration="00:00:00.1831183" startTime="2014-06-29T11:53:37.8921473+05:30" endTime="2014-06-29T11:53:38.1331611+05:30" testType="13cdc9d9-ddb5-4fa4-a97d-d965ccfc6d4b" outcome="Passed" testListId="8c84fa94-04c1-424b-9868-57a2d4851a1d" relativeResultsDirectory="a7d9dce2-c5e7-426b-bb42-b817f53dde87" resultType="DataDrivenTest">
      <Counters error="0" failed="0" timeout="0" aborted="0" inconclusive="0" passedButRunAborted="0" notRunnable="0" notExecuted="0" disconnected="0" warning="0" passed="4" completed="0" inProgress="0" pending="0" />
      <InnerResults>
        <UnitTestResult executionId="a3de37eb-ede0-4503-83f1-005fa3223407" parentExecutionId="a7d9dce2-c5e7-426b-bb42-b817f53dde87" testId="32b5d279-0d23-e5ad-0301-234c8788f740" testName="interrogative_sentences_who" computerName="ARPAN-LAP" duration="00:00:00.0213080" startTime="2014-06-29T11:53:37.9941532+05:30" endTime="2014-06-29T11:53:38.0161544+05:30" testType="13cdc9d9-ddb5-4fa4-a97d-d965ccfc6d4b" outcome="Passed" testListId="8c84fa94-04c1-424b-9868-57a2d4851a1d" relativeResultsDirectory="a7d9dce2-c5e7-426b-bb42-b817f53dde87" dataRowInfo="0" resultType="DataDrivenDataRow" />
        <UnitTestResult executionId="111abfc6-bdb0-49e2-b170-040389d36fb5" parentExecutionId="a7d9dce2-c5e7-426b-bb42-b817f53dde87" testId="32b5d279-0d23-e5ad-0301-234c8788f740" testName="interrogative_sentences_who" computerName="ARPAN-LAP" duration="00:00:00.0202075" startTime="2014-06-29T11:53:38.0161544+05:30" endTime="2014-06-29T11:53:38.0361556+05:30" testType="13cdc9d9-ddb5-4fa4-a97d-d965ccfc6d4b" outcome="Passed" testListId="8c84fa94-04c1-424b-9868-57a2d4851a1d" relativeResultsDirectory="a7d9dce2-c5e7-426b-bb42-b817f53dde87" dataRowInfo="1" resultType="DataDrivenDataRow" />
        <UnitTestResult executionId="6b8c480e-80ba-4242-9482-b5ee8636bc89" parentExecutionId="a7d9dce2-c5e7-426b-bb42-b817f53dde87" testId="32b5d279-0d23-e5ad-0301-234c8788f740" testName="interrogative_sentences_who" computerName="ARPAN-LAP" duration="00:00:00.0319153" startTime="2014-06-29T11:53:38.0361556+05:30" endTime="2014-06-29T11:53:38.0681574+05:30" testType="13cdc9d9-ddb5-4fa4-a97d-d965ccfc6d4b" outcome="Passed" testListId="8c84fa94-04c1-424b-9868-57a2d4851a1d" relativeResultsDirectory="a7d9dce2-c5e7-426b-bb42-b817f53dde87" dataRowInfo="2" resultType="DataDrivenDataRow" />
        <UnitTestResult executionId="ac9f5b09-8f45-4216-9d33-13ffca1846b3" parentExecutionId="a7d9dce2-c5e7-426b-bb42-b817f53dde87" testId="32b5d279-0d23-e5ad-0301-234c8788f740" testName="interrogative_sentences_who" computerName="ARPAN-LAP" duration="00:00:00.0449888" startTime="2014-06-29T11:53:38.0681574+05:30" endTime="2014-06-29T11:53:38.1131600+05:30" testType="13cdc9d9-ddb5-4fa4-a97d-d965ccfc6d4b" outcome="Passed" testListId="8c84fa94-04c1-424b-9868-57a2d4851a1d" relativeResultsDirectory="a7d9dce2-c5e7-426b-bb42-b817f53dde87" dataRowInfo="3" resultType="DataDrivenDataRow" />
      </InnerResults>
    </UnitTestResult>
    <UnitTestResult executionId="65ecb9e8-a237-4582-b994-f1119c914f32" testId="39dcb97e-c73f-c645-a77c-64d9eba0a3a3" testName="interrogative_sentences_aux" computerName="ARPAN-LAP" duration="00:00:00.6245639" startTime="2014-06-29T11:53:38.1351612+05:30" endTime="2014-06-29T11:53:38.8592027+05:30" testType="13cdc9d9-ddb5-4fa4-a97d-d965ccfc6d4b" outcome="Passed" testListId="8c84fa94-04c1-424b-9868-57a2d4851a1d" relativeResultsDirectory="65ecb9e8-a237-4582-b994-f1119c914f32" resultType="DataDrivenTest">
      <Counters error="0" failed="0" timeout="0" aborted="0" inconclusive="0" passedButRunAborted="0" notRunnable="0" notExecuted="0" disconnected="0" warning="0" passed="20" completed="0" inProgress="0" pending="0" />
      <InnerResults>
        <UnitTestResult executionId="20c2cd02-b804-4f6a-aff9-31b3a25a85a5" parentExecutionId="65ecb9e8-a237-4582-b994-f1119c914f32" testId="39dcb97e-c73f-c645-a77c-64d9eba0a3a3" testName="interrogative_sentences_aux" computerName="ARPAN-LAP" duration="00:00:00.0337589" startTime="2014-06-29T11:53:38.1991649+05:30" endTime="2014-06-29T11:53:38.2331669+05:30" testType="13cdc9d9-ddb5-4fa4-a97d-d965ccfc6d4b" outcome="Passed" testListId="8c84fa94-04c1-424b-9868-57a2d4851a1d" relativeResultsDirectory="65ecb9e8-a237-4582-b994-f1119c914f32" dataRowInfo="0" resultType="DataDrivenDataRow" />
        <UnitTestResult executionId="b05dac76-a0f3-4f31-ac06-f3c579b7c4f8" parentExecutionId="65ecb9e8-a237-4582-b994-f1119c914f32" testId="39dcb97e-c73f-c645-a77c-64d9eba0a3a3" testName="interrogative_sentences_aux" computerName="ARPAN-LAP" duration="00:00:00.0487445" startTime="2014-06-29T11:53:38.2331669+05:30" endTime="2014-06-29T11:53:38.2821697+05:30" testType="13cdc9d9-ddb5-4fa4-a97d-d965ccfc6d4b" outcome="Passed" testListId="8c84fa94-04c1-424b-9868-57a2d4851a1d" relativeResultsDirectory="65ecb9e8-a237-4582-b994-f1119c914f32" dataRowInfo="1" resultType="DataDrivenDataRow" />
        <UnitTestResult executionId="446fe6b5-3fe0-4de1-a058-bf37f133c11f" parentExecutionId="65ecb9e8-a237-4582-b994-f1119c914f32" testId="39dcb97e-c73f-c645-a77c-64d9eba0a3a3" testName="interrogative_sentences_aux" computerName="ARPAN-LAP" duration="00:00:00.0227451" startTime="2014-06-29T11:53:38.2821697+05:30" endTime="2014-06-29T11:53:38.3051710+05:30" testType="13cdc9d9-ddb5-4fa4-a97d-d965ccfc6d4b" outcome="Passed" testListId="8c84fa94-04c1-424b-9868-57a2d4851a1d" relativeResultsDirectory="65ecb9e8-a237-4582-b994-f1119c914f32" dataRowInfo="2" resultType="DataDrivenDataRow" />
        <UnitTestResult executionId="8ebe91f4-17ac-49de-8efc-5b83599f4b6e" parentExecutionId="65ecb9e8-a237-4582-b994-f1119c914f32" testId="39dcb97e-c73f-c645-a77c-64d9eba0a3a3" testName="interrogative_sentences_aux" computerName="ARPAN-LAP" duration="00:00:00.1016927" startTime="2014-06-29T11:53:38.3051710+05:30" endTime="2014-06-29T11:53:38.4071768+05:30" testType="13cdc9d9-ddb5-4fa4-a97d-d965ccfc6d4b" outcome="Passed" testListId="8c84fa94-04c1-424b-9868-57a2d4851a1d" relativeResultsDirectory="65ecb9e8-a237-4582-b994-f1119c914f32" dataRowInfo="3" resultType="DataDrivenDataRow" />
        <UnitTestResult executionId="97f5ba69-7fb5-43fb-87ce-ab18a6d79efa" parentExecutionId="65ecb9e8-a237-4582-b994-f1119c914f32" testId="39dcb97e-c73f-c645-a77c-64d9eba0a3a3" testName="interrogative_sentences_aux" computerName="ARPAN-LAP" duration="00:00:00.0232281" startTime="2014-06-29T11:53:38.4071768+05:30" endTime="2014-06-29T11:53:38.4301781+05:30" testType="13cdc9d9-ddb5-4fa4-a97d-d965ccfc6d4b" outcome="Passed" testListId="8c84fa94-04c1-424b-9868-57a2d4851a1d" relativeResultsDirectory="65ecb9e8-a237-4582-b994-f1119c914f32" dataRowInfo="4" resultType="DataDrivenDataRow" />
        <UnitTestResult executionId="aeb60e6f-0bc5-4e5e-84f8-b0a7c4190af9" parentExecutionId="65ecb9e8-a237-4582-b994-f1119c914f32" testId="39dcb97e-c73f-c645-a77c-64d9eba0a3a3" testName="interrogative_sentences_aux" computerName="ARPAN-LAP" duration="00:00:00.0222021" startTime="2014-06-29T11:53:38.4301781+05:30" endTime="2014-06-29T11:53:38.4521794+05:30" testType="13cdc9d9-ddb5-4fa4-a97d-d965ccfc6d4b" outcome="Passed" testListId="8c84fa94-04c1-424b-9868-57a2d4851a1d" relativeResultsDirectory="65ecb9e8-a237-4582-b994-f1119c914f32" dataRowInfo="5" resultType="DataDrivenDataRow" />
        <UnitTestResult executionId="875ab1fd-db05-4c69-adf3-cfbc94f6fd57" parentExecutionId="65ecb9e8-a237-4582-b994-f1119c914f32" testId="39dcb97e-c73f-c645-a77c-64d9eba0a3a3" testName="interrogative_sentences_aux" computerName="ARPAN-LAP" duration="00:00:00.0210909" startTime="2014-06-29T11:53:38.4521794+05:30" endTime="2014-06-29T11:53:38.4731806+05:30" testType="13cdc9d9-ddb5-4fa4-a97d-d965ccfc6d4b" outcome="Passed" testListId="8c84fa94-04c1-424b-9868-57a2d4851a1d" relativeResultsDirectory="65ecb9e8-a237-4582-b994-f1119c914f32" dataRowInfo="6" resultType="DataDrivenDataRow" />
        <UnitTestResult executionId="b19180b2-807c-4663-a282-464767c44087" parentExecutionId="65ecb9e8-a237-4582-b994-f1119c914f32" testId="39dcb97e-c73f-c645-a77c-64d9eba0a3a3" testName="interrogative_sentences_aux" computerName="ARPAN-LAP" duration="00:00:00.0400019" startTime="2014-06-29T11:53:38.4731806+05:30" endTime="2014-06-29T11:53:38.5131829+05:30" testType="13cdc9d9-ddb5-4fa4-a97d-d965ccfc6d4b" outcome="Passed" testListId="8c84fa94-04c1-424b-9868-57a2d4851a1d" relativeResultsDirectory="65ecb9e8-a237-4582-b994-f1119c914f32" dataRowInfo="7" resultType="DataDrivenDataRow" />
        <UnitTestResult executionId="10c170f2-e2d3-4c19-b042-6151332a94ed" parentExecutionId="65ecb9e8-a237-4582-b994-f1119c914f32" testId="39dcb97e-c73f-c645-a77c-64d9eba0a3a3" testName="interrogative_sentences_aux" computerName="ARPAN-LAP" duration="00:00:00.0223540" startTime="2014-06-29T11:53:38.5131829+05:30" endTime="2014-06-29T11:53:38.5361842+05:30" testType="13cdc9d9-ddb5-4fa4-a97d-d965ccfc6d4b" outcome="Passed" testListId="8c84fa94-04c1-424b-9868-57a2d4851a1d" relativeResultsDirectory="65ecb9e8-a237-4582-b994-f1119c914f32" dataRowInfo="8" resultType="DataDrivenDataRow" />
        <UnitTestResult executionId="57709446-40ee-435a-be66-f972d335e7a5" parentExecutionId="65ecb9e8-a237-4582-b994-f1119c914f32" testId="39dcb97e-c73f-c645-a77c-64d9eba0a3a3" testName="interrogative_sentences_aux" computerName="ARPAN-LAP" duration="00:00:00.0318331" startTime="2014-06-29T11:53:38.5361842+05:30" endTime="2014-06-29T11:53:38.5681860+05:30" testType="13cdc9d9-ddb5-4fa4-a97d-d965ccfc6d4b" outcome="Passed" testListId="8c84fa94-04c1-424b-9868-57a2d4851a1d" relativeResultsDirectory="65ecb9e8-a237-4582-b994-f1119c914f32" dataRowInfo="9" resultType="DataDrivenDataRow" />
        <UnitTestResult executionId="df4c92eb-aaa6-4384-9be4-7b609be21506" parentExecutionId="65ecb9e8-a237-4582-b994-f1119c914f32" testId="39dcb97e-c73f-c645-a77c-64d9eba0a3a3" testName="interrogative_sentences_aux" computerName="ARPAN-LAP" duration="00:00:00.0206253" startTime="2014-06-29T11:53:38.5681860+05:30" endTime="2014-06-29T11:53:38.5881872+05:30" testType="13cdc9d9-ddb5-4fa4-a97d-d965ccfc6d4b" outcome="Passed" testListId="8c84fa94-04c1-424b-9868-57a2d4851a1d" relativeResultsDirectory="65ecb9e8-a237-4582-b994-f1119c914f32" dataRowInfo="10" resultType="DataDrivenDataRow" />
        <UnitTestResult executionId="4e9069b7-6336-4abe-a150-58ad828d81d6" parentExecutionId="65ecb9e8-a237-4582-b994-f1119c914f32" testId="39dcb97e-c73f-c645-a77c-64d9eba0a3a3" testName="interrogative_sentences_aux" computerName="ARPAN-LAP" duration="00:00:00.0207577" startTime="2014-06-29T11:53:38.5881872+05:30" endTime="2014-06-29T11:53:38.6091884+05:30" testType="13cdc9d9-ddb5-4fa4-a97d-d965ccfc6d4b" outcome="Passed" testListId="8c84fa94-04c1-424b-9868-57a2d4851a1d" relativeResultsDirectory="65ecb9e8-a237-4582-b994-f1119c914f32" dataRowInfo="11" resultType="DataDrivenDataRow" />
        <UnitTestResult executionId="bbf91f0b-321f-4f68-8c18-0fb1f8751915" parentExecutionId="65ecb9e8-a237-4582-b994-f1119c914f32" testId="39dcb97e-c73f-c645-a77c-64d9eba0a3a3" testName="interrogative_sentences_aux" computerName="ARPAN-LAP" duration="00:00:00.0189100" startTime="2014-06-29T11:53:38.6091884+05:30" endTime="2014-06-29T11:53:38.6281894+05:30" testType="13cdc9d9-ddb5-4fa4-a97d-d965ccfc6d4b" outcome="Passed" testListId="8c84fa94-04c1-424b-9868-57a2d4851a1d" relativeResultsDirectory="65ecb9e8-a237-4582-b994-f1119c914f32" dataRowInfo="12" resultType="DataDrivenDataRow" />
        <UnitTestResult executionId="03fb48f1-41c2-4c92-bf77-586c5e1bbdcf" parentExecutionId="65ecb9e8-a237-4582-b994-f1119c914f32" testId="39dcb97e-c73f-c645-a77c-64d9eba0a3a3" testName="interrogative_sentences_aux" computerName="ARPAN-LAP" duration="00:00:00.0267979" startTime="2014-06-29T11:53:38.6281894+05:30" endTime="2014-06-29T11:53:38.6551910+05:30" testType="13cdc9d9-ddb5-4fa4-a97d-d965ccfc6d4b" outcome="Passed" testListId="8c84fa94-04c1-424b-9868-57a2d4851a1d" relativeResultsDirectory="65ecb9e8-a237-4582-b994-f1119c914f32" dataRowInfo="13" resultType="DataDrivenDataRow" />
        <UnitTestResult executionId="a1b2e7b5-6830-4b76-a008-48247c1a5ee3" parentExecutionId="65ecb9e8-a237-4582-b994-f1119c914f32" testId="39dcb97e-c73f-c645-a77c-64d9eba0a3a3" testName="interrogative_sentences_aux" computerName="ARPAN-LAP" duration="00:00:00.0236013" startTime="2014-06-29T11:53:38.6551910+05:30" endTime="2014-06-29T11:53:38.6791924+05:30" testType="13cdc9d9-ddb5-4fa4-a97d-d965ccfc6d4b" outcome="Passed" testListId="8c84fa94-04c1-424b-9868-57a2d4851a1d" relativeResultsDirectory="65ecb9e8-a237-4582-b994-f1119c914f32" dataRowInfo="14" resultType="DataDrivenDataRow" />
        <UnitTestResult executionId="4b14b5f1-1bea-4fa0-bbf6-efa65c547c9f" parentExecutionId="65ecb9e8-a237-4582-b994-f1119c914f32" testId="39dcb97e-c73f-c645-a77c-64d9eba0a3a3" testName="interrogative_sentences_aux" computerName="ARPAN-LAP" duration="00:00:00.0209076" startTime="2014-06-29T11:53:38.6791924+05:30" endTime="2014-06-29T11:53:38.7001936+05:30" testType="13cdc9d9-ddb5-4fa4-a97d-d965ccfc6d4b" outcome="Passed" testListId="8c84fa94-04c1-424b-9868-57a2d4851a1d" relativeResultsDirectory="65ecb9e8-a237-4582-b994-f1119c914f32" dataRowInfo="15" resultType="DataDrivenDataRow" />
        <UnitTestResult executionId="b0833d79-4975-40e8-977d-ef27379981fb" parentExecutionId="65ecb9e8-a237-4582-b994-f1119c914f32" testId="39dcb97e-c73f-c645-a77c-64d9eba0a3a3" testName="interrogative_sentences_aux" computerName="ARPAN-LAP" duration="00:00:00.0205894" startTime="2014-06-29T11:53:38.7001936+05:30" endTime="2014-06-29T11:53:38.7201947+05:30" testType="13cdc9d9-ddb5-4fa4-a97d-d965ccfc6d4b" outcome="Passed" testListId="8c84fa94-04c1-424b-9868-57a2d4851a1d" relativeResultsDirectory="65ecb9e8-a237-4582-b994-f1119c914f32" dataRowInfo="16" resultType="DataDrivenDataRow" />
        <UnitTestResult executionId="7201721f-6cfc-4dd2-88c8-0fd56d2f4687" parentExecutionId="65ecb9e8-a237-4582-b994-f1119c914f32" testId="39dcb97e-c73f-c645-a77c-64d9eba0a3a3" testName="interrogative_sentences_aux" computerName="ARPAN-LAP" duration="00:00:00.0277177" startTime="2014-06-29T11:53:38.7201947+05:30" endTime="2014-06-29T11:53:38.7481963+05:30" testType="13cdc9d9-ddb5-4fa4-a97d-d965ccfc6d4b" outcome="Passed" testListId="8c84fa94-04c1-424b-9868-57a2d4851a1d" relativeResultsDirectory="65ecb9e8-a237-4582-b994-f1119c914f32" dataRowInfo="17" resultType="DataDrivenDataRow" />
        <UnitTestResult executionId="393eb9f0-6fc0-4722-8c1b-f00ee3f4082f" parentExecutionId="65ecb9e8-a237-4582-b994-f1119c914f32" testId="39dcb97e-c73f-c645-a77c-64d9eba0a3a3" testName="interrogative_sentences_aux" computerName="ARPAN-LAP" duration="00:00:00.0239785" startTime="2014-06-29T11:53:38.7481963+05:30" endTime="2014-06-29T11:53:38.7721977+05:30" testType="13cdc9d9-ddb5-4fa4-a97d-d965ccfc6d4b" outcome="Passed" testListId="8c84fa94-04c1-424b-9868-57a2d4851a1d" relativeResultsDirectory="65ecb9e8-a237-4582-b994-f1119c914f32" dataRowInfo="18" resultType="DataDrivenDataRow" />
        <UnitTestResult executionId="6865907c-af7a-4b52-8203-e010f742612c" parentExecutionId="65ecb9e8-a237-4582-b994-f1119c914f32" testId="39dcb97e-c73f-c645-a77c-64d9eba0a3a3" testName="interrogative_sentences_aux" computerName="ARPAN-LAP" duration="00:00:00.0244430" startTime="2014-06-29T11:53:38.7721977+05:30" endTime="2014-06-29T11:53:38.7961991+05:30" testType="13cdc9d9-ddb5-4fa4-a97d-d965ccfc6d4b" outcome="Passed" testListId="8c84fa94-04c1-424b-9868-57a2d4851a1d" relativeResultsDirectory="65ecb9e8-a237-4582-b994-f1119c914f32" dataRowInfo="19" resultType="DataDrivenDataRow" />
      </InnerResults>
    </UnitTestResult>
    <UnitTestResult executionId="e94d755b-8524-4527-9a06-120561910771" testId="4e91a3b9-9eae-ebff-0b97-303f00578a78" testName="interrogative_sentences_whom" computerName="ARPAN-LAP" duration="00:00:00.0668112" startTime="2014-06-29T11:53:38.8602027+05:30" endTime="2014-06-29T11:53:38.9472077+05:30" testType="13cdc9d9-ddb5-4fa4-a97d-d965ccfc6d4b" outcome="Passed" testListId="8c84fa94-04c1-424b-9868-57a2d4851a1d" relativeResultsDirectory="e94d755b-8524-4527-9a06-120561910771" resultType="DataDrivenTest">
      <Counters error="0" failed="0" timeout="0" aborted="0" inconclusive="0" passedButRunAborted="0" notRunnable="0" notExecuted="0" disconnected="0" warning="0" passed="2" completed="0" inProgress="0" pending="0" />
      <InnerResults>
        <UnitTestResult executionId="2dbda9f4-c712-4a1e-a998-c3f73f37f6e9" parentExecutionId="e94d755b-8524-4527-9a06-120561910771" testId="4e91a3b9-9eae-ebff-0b97-303f00578a78" testName="interrogative_sentences_whom" computerName="ARPAN-LAP" duration="00:00:00.0372908" startTime="2014-06-29T11:53:38.8722034+05:30" endTime="2014-06-29T11:53:38.9102056+05:30" testType="13cdc9d9-ddb5-4fa4-a97d-d965ccfc6d4b" outcome="Passed" testListId="8c84fa94-04c1-424b-9868-57a2d4851a1d" relativeResultsDirectory="e94d755b-8524-4527-9a06-120561910771" dataRowInfo="0" resultType="DataDrivenDataRow" />
        <UnitTestResult executionId="331c9596-1bb8-4d34-a878-60ef0eb535ea" parentExecutionId="e94d755b-8524-4527-9a06-120561910771" testId="4e91a3b9-9eae-ebff-0b97-303f00578a78" testName="interrogative_sentences_whom" computerName="ARPAN-LAP" duration="00:00:00.0273887" startTime="2014-06-29T11:53:38.9102056+05:30" endTime="2014-06-29T11:53:38.9372071+05:30" testType="13cdc9d9-ddb5-4fa4-a97d-d965ccfc6d4b" outcome="Passed" testListId="8c84fa94-04c1-424b-9868-57a2d4851a1d" relativeResultsDirectory="e94d755b-8524-4527-9a06-120561910771" dataRowInfo="1" resultType="DataDrivenDataRow" />
      </InnerResults>
    </UnitTestResult>
    <UnitTestResult executionId="bc6c7085-5d2f-4884-845a-639fcbddaf8b" testId="533e7939-123c-ce84-5c5c-d5a21d1d95b9" testName="special_handling_do_verb" computerName="ARPAN-LAP" duration="00:00:00.4240548" startTime="2014-06-29T11:53:38.9492078+05:30" endTime="2014-06-29T11:53:39.4242350+05:30" testType="13cdc9d9-ddb5-4fa4-a97d-d965ccfc6d4b" outcome="Passed" testListId="8c84fa94-04c1-424b-9868-57a2d4851a1d" relativeResultsDirectory="bc6c7085-5d2f-4884-845a-639fcbddaf8b" resultType="DataDrivenTest">
      <Counters error="0" failed="0" timeout="0" aborted="0" inconclusive="0" passedButRunAborted="0" notRunnable="0" notExecuted="0" disconnected="0" warning="0" passed="13" completed="0" inProgress="0" pending="0" />
      <InnerResults>
        <UnitTestResult executionId="dad5bcf1-7a2b-4ec0-96de-cdbf613d581b" parentExecutionId="bc6c7085-5d2f-4884-845a-639fcbddaf8b" testId="533e7939-123c-ce84-5c5c-d5a21d1d95b9" testName="special_handling_do_verb" computerName="ARPAN-LAP" duration="00:00:00.0239308" startTime="2014-06-29T11:53:38.9752093+05:30" endTime="2014-06-29T11:53:38.9992107+05:30" testType="13cdc9d9-ddb5-4fa4-a97d-d965ccfc6d4b" outcome="Passed" testListId="8c84fa94-04c1-424b-9868-57a2d4851a1d" relativeResultsDirectory="bc6c7085-5d2f-4884-845a-639fcbddaf8b" dataRowInfo="0" resultType="DataDrivenDataRow" />
        <UnitTestResult executionId="4f9d6e65-cc71-4170-8ecb-95bbb599f628" parentExecutionId="bc6c7085-5d2f-4884-845a-639fcbddaf8b" testId="533e7939-123c-ce84-5c5c-d5a21d1d95b9" testName="special_handling_do_verb" computerName="ARPAN-LAP" duration="00:00:00.0245462" startTime="2014-06-29T11:53:38.9992107+05:30" endTime="2014-06-29T11:53:39.0242121+05:30" testType="13cdc9d9-ddb5-4fa4-a97d-d965ccfc6d4b" outcome="Passed" testListId="8c84fa94-04c1-424b-9868-57a2d4851a1d" relativeResultsDirectory="bc6c7085-5d2f-4884-845a-639fcbddaf8b" dataRowInfo="1" resultType="DataDrivenDataRow" />
        <UnitTestResult executionId="f5126d1e-eb1e-493b-a36a-125326c02320" parentExecutionId="bc6c7085-5d2f-4884-845a-639fcbddaf8b" testId="533e7939-123c-ce84-5c5c-d5a21d1d95b9" testName="special_handling_do_verb" computerName="ARPAN-LAP" duration="00:00:00.0287417" startTime="2014-06-29T11:53:39.0242121+05:30" endTime="2014-06-29T11:53:39.0532138+05:30" testType="13cdc9d9-ddb5-4fa4-a97d-d965ccfc6d4b" outcome="Passed" testListId="8c84fa94-04c1-424b-9868-57a2d4851a1d" relativeResultsDirectory="bc6c7085-5d2f-4884-845a-639fcbddaf8b" dataRowInfo="2" resultType="DataDrivenDataRow" />
        <UnitTestResult executionId="7c9db620-8592-43fa-8f89-69311eccddf7" parentExecutionId="bc6c7085-5d2f-4884-845a-639fcbddaf8b" testId="533e7939-123c-ce84-5c5c-d5a21d1d95b9" testName="special_handling_do_verb" computerName="ARPAN-LAP" duration="00:00:00.0347265" startTime="2014-06-29T11:53:39.0532138+05:30" endTime="2014-06-29T11:53:39.0872157+05:30" testType="13cdc9d9-ddb5-4fa4-a97d-d965ccfc6d4b" outcome="Passed" testListId="8c84fa94-04c1-424b-9868-57a2d4851a1d" relativeResultsDirectory="bc6c7085-5d2f-4884-845a-639fcbddaf8b" dataRowInfo="3" resultType="DataDrivenDataRow" />
        <UnitTestResult executionId="7a48795e-8ac4-4082-9e28-0626d61eef7a" parentExecutionId="bc6c7085-5d2f-4884-845a-639fcbddaf8b" testId="533e7939-123c-ce84-5c5c-d5a21d1d95b9" testName="special_handling_do_verb" computerName="ARPAN-LAP" duration="00:00:00.0221934" startTime="2014-06-29T11:53:39.0872157+05:30" endTime="2014-06-29T11:53:39.1102170+05:30" testType="13cdc9d9-ddb5-4fa4-a97d-d965ccfc6d4b" outcome="Passed" testListId="8c84fa94-04c1-424b-9868-57a2d4851a1d" relativeResultsDirectory="bc6c7085-5d2f-4884-845a-639fcbddaf8b" dataRowInfo="4" resultType="DataDrivenDataRow" />
        <UnitTestResult executionId="75689b13-f223-4306-be23-8bb56e444eb6" parentExecutionId="bc6c7085-5d2f-4884-845a-639fcbddaf8b" testId="533e7939-123c-ce84-5c5c-d5a21d1d95b9" testName="special_handling_do_verb" computerName="ARPAN-LAP" duration="00:00:00.0257770" startTime="2014-06-29T11:53:39.1102170+05:30" endTime="2014-06-29T11:53:39.1352184+05:30" testType="13cdc9d9-ddb5-4fa4-a97d-d965ccfc6d4b" outcome="Passed" testListId="8c84fa94-04c1-424b-9868-57a2d4851a1d" relativeResultsDirectory="bc6c7085-5d2f-4884-845a-639fcbddaf8b" dataRowInfo="5" resultType="DataDrivenDataRow" />
        <UnitTestResult executionId="f7798e1c-f701-4980-a218-73417cd0ca9d" parentExecutionId="bc6c7085-5d2f-4884-845a-639fcbddaf8b" testId="533e7939-123c-ce84-5c5c-d5a21d1d95b9" testName="special_handling_do_verb" computerName="ARPAN-LAP" duration="00:00:00.0406501" startTime="2014-06-29T11:53:39.1352184+05:30" endTime="2014-06-29T11:53:39.1762208+05:30" testType="13cdc9d9-ddb5-4fa4-a97d-d965ccfc6d4b" outcome="Passed" testListId="8c84fa94-04c1-424b-9868-57a2d4851a1d" relativeResultsDirectory="bc6c7085-5d2f-4884-845a-639fcbddaf8b" dataRowInfo="6" resultType="DataDrivenDataRow" />
        <UnitTestResult executionId="5ce61a7f-4c92-43e1-aa05-18d097540956" parentExecutionId="bc6c7085-5d2f-4884-845a-639fcbddaf8b" testId="533e7939-123c-ce84-5c5c-d5a21d1d95b9" testName="special_handling_do_verb" computerName="ARPAN-LAP" duration="00:00:00.0538192" startTime="2014-06-29T11:53:39.1762208+05:30" endTime="2014-06-29T11:53:39.2302239+05:30" testType="13cdc9d9-ddb5-4fa4-a97d-d965ccfc6d4b" outcome="Passed" testListId="8c84fa94-04c1-424b-9868-57a2d4851a1d" relativeResultsDirectory="bc6c7085-5d2f-4884-845a-639fcbddaf8b" dataRowInfo="7" resultType="DataDrivenDataRow" />
        <UnitTestResult executionId="97d8468f-7a38-433c-b1c2-28904c8b8aba" parentExecutionId="bc6c7085-5d2f-4884-845a-639fcbddaf8b" testId="533e7939-123c-ce84-5c5c-d5a21d1d95b9" testName="special_handling_do_verb" computerName="ARPAN-LAP" duration="00:00:00.0235787" startTime="2014-06-29T11:53:39.2302239+05:30" endTime="2014-06-29T11:53:39.2542253+05:30" testType="13cdc9d9-ddb5-4fa4-a97d-d965ccfc6d4b" outcome="Passed" testListId="8c84fa94-04c1-424b-9868-57a2d4851a1d" relativeResultsDirectory="bc6c7085-5d2f-4884-845a-639fcbddaf8b" dataRowInfo="8" resultType="DataDrivenDataRow" />
        <UnitTestResult executionId="3f25f798-e2d1-4410-9741-bd007e5b4644" parentExecutionId="bc6c7085-5d2f-4884-845a-639fcbddaf8b" testId="533e7939-123c-ce84-5c5c-d5a21d1d95b9" testName="special_handling_do_verb" computerName="ARPAN-LAP" duration="00:00:00.0383902" startTime="2014-06-29T11:53:39.2542253+05:30" endTime="2014-06-29T11:53:39.2922274+05:30" testType="13cdc9d9-ddb5-4fa4-a97d-d965ccfc6d4b" outcome="Passed" testListId="8c84fa94-04c1-424b-9868-57a2d4851a1d" relativeResultsDirectory="bc6c7085-5d2f-4884-845a-639fcbddaf8b" dataRowInfo="9" resultType="DataDrivenDataRow" />
        <UnitTestResult executionId="c530884b-8a83-4826-b1fc-48e325dc386b" parentExecutionId="bc6c7085-5d2f-4884-845a-639fcbddaf8b" testId="533e7939-123c-ce84-5c5c-d5a21d1d95b9" testName="special_handling_do_verb" computerName="ARPAN-LAP" duration="00:00:00.0247289" startTime="2014-06-29T11:53:39.2922274+05:30" endTime="2014-06-29T11:53:39.3172289+05:30" testType="13cdc9d9-ddb5-4fa4-a97d-d965ccfc6d4b" outcome="Passed" testListId="8c84fa94-04c1-424b-9868-57a2d4851a1d" relativeResultsDirectory="bc6c7085-5d2f-4884-845a-639fcbddaf8b" dataRowInfo="10" resultType="DataDrivenDataRow" />
        <UnitTestResult executionId="e819f623-4edf-4087-b172-dde134409772" parentExecutionId="bc6c7085-5d2f-4884-845a-639fcbddaf8b" testId="533e7939-123c-ce84-5c5c-d5a21d1d95b9" testName="special_handling_do_verb" computerName="ARPAN-LAP" duration="00:00:00.0314867" startTime="2014-06-29T11:53:39.3172289+05:30" endTime="2014-06-29T11:53:39.3482306+05:30" testType="13cdc9d9-ddb5-4fa4-a97d-d965ccfc6d4b" outcome="Passed" testListId="8c84fa94-04c1-424b-9868-57a2d4851a1d" relativeResultsDirectory="bc6c7085-5d2f-4884-845a-639fcbddaf8b" dataRowInfo="11" resultType="DataDrivenDataRow" />
        <UnitTestResult executionId="2118a5da-2ad8-45ef-8104-092de37f1395" parentExecutionId="bc6c7085-5d2f-4884-845a-639fcbddaf8b" testId="533e7939-123c-ce84-5c5c-d5a21d1d95b9" testName="special_handling_do_verb" computerName="ARPAN-LAP" duration="00:00:00.0301496" startTime="2014-06-29T11:53:39.3482306+05:30" endTime="2014-06-29T11:53:39.3792324+05:30" testType="13cdc9d9-ddb5-4fa4-a97d-d965ccfc6d4b" outcome="Passed" testListId="8c84fa94-04c1-424b-9868-57a2d4851a1d" relativeResultsDirectory="bc6c7085-5d2f-4884-845a-639fcbddaf8b" dataRowInfo="12" resultType="DataDrivenDataRow" />
      </InnerResults>
    </UnitTestResult>
    <UnitTestResult executionId="f82292a9-61a7-4eac-a9f2-ab4092f7775f" testId="642ce34f-0ed4-f995-637b-09297c832f2a" testName="RandomWord" computerName="ARPAN-LAP" duration="00:00:00.2545782" startTime="2014-06-29T11:53:39.4252350+05:30" endTime="2014-06-29T11:53:39.6902502+05:30" testType="13cdc9d9-ddb5-4fa4-a97d-d965ccfc6d4b" outcome="Failed" testListId="8c84fa94-04c1-424b-9868-57a2d4851a1d" relativeResultsDirectory="f82292a9-61a7-4eac-a9f2-ab4092f7775f" resultType="DataDrivenTest">
      <Counters error="0" failed="1" timeout="0" aborted="0" inconclusive="0" passedButRunAborted="0" notRunnable="0" notExecuted="0" disconnected="0" warning="0" passed="0" completed="0" inProgress="0" pending="0" />
      <InnerResults>
        <UnitTestResult executionId="7a4d46e9-e16e-42e2-b9aa-79f526682f4a" parentExecutionId="f82292a9-61a7-4eac-a9f2-ab4092f7775f" testId="642ce34f-0ed4-f995-637b-09297c832f2a" testName="RandomWord" computerName="ARPAN-LAP" duration="00:00:00.1562438" startTime="2014-06-29T11:53:39.5262408+05:30" endTime="2014-06-29T11:53:39.6822497+05:30" testType="13cdc9d9-ddb5-4fa4-a97d-d965ccfc6d4b" outcome="Failed" testListId="8c84fa94-04c1-424b-9868-57a2d4851a1d" relativeResultsDirectory="f82292a9-61a7-4eac-a9f2-ab4092f7775f" dataRowInfo="0" resultType="DataDrivenDataRow">
          <Output>
            <ErrorInfo>
              <Message>Assert.AreEqual failed. Expected:&lt;পূর্ব সলোমন এর নৌ যুদ্ধ ২৪–২৫ অগষ্ট ১৯৪২ য়ে স্থান গ্রহণ করেছিল , এবং দ্বিতীয় বিশ্ব যুদ্ধ এর প্রশান্ত মহাসাগর সংগঠিত প্রচারকার্য এর তৃতীয় যুদ্ধ বাহক ।&gt;. Actual:&lt;পূর্ব সলোমন এর নৌ যুদ্ধ ২৪–২৫ অগষ্ট ১৯৪২ য়ে স্থান গ্রহণ করেছিল , এবং দ্বিতীয় বিশ্ব যুদ্ধ এর pacific:NP সংগঠিত প্রচারকার্য এর তৃতীয় যুদ্ধ বাহক ।&gt;. The naval Battle of the Eastern Solomons took place on 24–25 August 1942, and was the third carrier battle of the Pacific campaign of second World War.</Message>
              <StackTrace>   at UnitTest.BnlpTest.RandomWord() in D:\software\Project\BNLP\UnitTest\BnlpTest.cs:line 526
</StackTrace>
            </ErrorInfo>
          </Output>
        </UnitTestResult>
      </InnerResults>
    </UnitTestResult>
    <UnitTestResult executionId="619a352f-381b-4b9a-b6a5-c279c73b8822" testId="783915fe-114a-e353-78dd-56e92a60f942" testName="all_persons_modal_should" computerName="ARPAN-LAP" duration="00:00:00.5668550" startTime="2014-06-29T11:53:39.6912502+05:30" endTime="2014-06-29T11:53:40.3332870+05:30" testType="13cdc9d9-ddb5-4fa4-a97d-d965ccfc6d4b" outcome="Passed" testListId="8c84fa94-04c1-424b-9868-57a2d4851a1d" relativeResultsDirectory="619a352f-381b-4b9a-b6a5-c279c73b8822" resultType="DataDrivenTest">
      <Counters error="0" failed="0" timeout="0" aborted="0" inconclusive="0" passedButRunAborted="0" notRunnable="0" notExecuted="0" disconnected="0" warning="0" passed="17" completed="0" inProgress="0" pending="0" />
      <InnerResults>
        <UnitTestResult executionId="8850102e-0780-49a4-835d-571fd945b3cf" parentExecutionId="619a352f-381b-4b9a-b6a5-c279c73b8822" testId="783915fe-114a-e353-78dd-56e92a60f942" testName="all_persons_modal_should" computerName="ARPAN-LAP" duration="00:00:00.0360163" startTime="2014-06-29T11:53:39.7212520+05:30" endTime="2014-06-29T11:53:39.7572540+05:30" testType="13cdc9d9-ddb5-4fa4-a97d-d965ccfc6d4b" outcome="Passed" testListId="8c84fa94-04c1-424b-9868-57a2d4851a1d" relativeResultsDirectory="619a352f-381b-4b9a-b6a5-c279c73b8822" dataRowInfo="0" resultType="DataDrivenDataRow" />
        <UnitTestResult executionId="574750f1-8fdb-41cb-bb04-6e42b9706608" parentExecutionId="619a352f-381b-4b9a-b6a5-c279c73b8822" testId="783915fe-114a-e353-78dd-56e92a60f942" testName="all_persons_modal_should" computerName="ARPAN-LAP" duration="00:00:00.0661454" startTime="2014-06-29T11:53:39.7572540+05:30" endTime="2014-06-29T11:53:39.8232578+05:30" testType="13cdc9d9-ddb5-4fa4-a97d-d965ccfc6d4b" outcome="Passed" testListId="8c84fa94-04c1-424b-9868-57a2d4851a1d" relativeResultsDirectory="619a352f-381b-4b9a-b6a5-c279c73b8822" dataRowInfo="1" resultType="DataDrivenDataRow" />
        <UnitTestResult executionId="e3b9c8a9-88b2-415f-b47a-1294dd06ef62" parentExecutionId="619a352f-381b-4b9a-b6a5-c279c73b8822" testId="783915fe-114a-e353-78dd-56e92a60f942" testName="all_persons_modal_should" computerName="ARPAN-LAP" duration="00:00:00.0349682" startTime="2014-06-29T11:53:39.8232578+05:30" endTime="2014-06-29T11:53:39.8582598+05:30" testType="13cdc9d9-ddb5-4fa4-a97d-d965ccfc6d4b" outcome="Passed" testListId="8c84fa94-04c1-424b-9868-57a2d4851a1d" relativeResultsDirectory="619a352f-381b-4b9a-b6a5-c279c73b8822" dataRowInfo="2" resultType="DataDrivenDataRow" />
        <UnitTestResult executionId="9a2d60b8-c6b4-4ce2-8989-80ac1052df64" parentExecutionId="619a352f-381b-4b9a-b6a5-c279c73b8822" testId="783915fe-114a-e353-78dd-56e92a60f942" testName="all_persons_modal_should" computerName="ARPAN-LAP" duration="00:00:00.0524595" startTime="2014-06-29T11:53:39.8582598+05:30" endTime="2014-06-29T11:53:39.9112628+05:30" testType="13cdc9d9-ddb5-4fa4-a97d-d965ccfc6d4b" outcome="Passed" testListId="8c84fa94-04c1-424b-9868-57a2d4851a1d" relativeResultsDirectory="619a352f-381b-4b9a-b6a5-c279c73b8822" dataRowInfo="3" resultType="DataDrivenDataRow" />
        <UnitTestResult executionId="ec242ed4-3fcc-4937-84d6-e1b6c66fc859" parentExecutionId="619a352f-381b-4b9a-b6a5-c279c73b8822" testId="783915fe-114a-e353-78dd-56e92a60f942" testName="all_persons_modal_should" computerName="ARPAN-LAP" duration="00:00:00.0245611" startTime="2014-06-29T11:53:39.9112628+05:30" endTime="2014-06-29T11:53:39.9352642+05:30" testType="13cdc9d9-ddb5-4fa4-a97d-d965ccfc6d4b" outcome="Passed" testListId="8c84fa94-04c1-424b-9868-57a2d4851a1d" relativeResultsDirectory="619a352f-381b-4b9a-b6a5-c279c73b8822" dataRowInfo="4" resultType="DataDrivenDataRow" />
        <UnitTestResult executionId="7e29c426-477c-42b0-8ea2-99e1f7217205" parentExecutionId="619a352f-381b-4b9a-b6a5-c279c73b8822" testId="783915fe-114a-e353-78dd-56e92a60f942" testName="all_persons_modal_should" computerName="ARPAN-LAP" duration="00:00:00.0255009" startTime="2014-06-29T11:53:39.9362643+05:30" endTime="2014-06-29T11:53:39.9612657+05:30" testType="13cdc9d9-ddb5-4fa4-a97d-d965ccfc6d4b" outcome="Passed" testListId="8c84fa94-04c1-424b-9868-57a2d4851a1d" relativeResultsDirectory="619a352f-381b-4b9a-b6a5-c279c73b8822" dataRowInfo="5" resultType="DataDrivenDataRow" />
        <UnitTestResult executionId="39ac256b-9f35-4307-aa40-e1a88bfcf542" parentExecutionId="619a352f-381b-4b9a-b6a5-c279c73b8822" testId="783915fe-114a-e353-78dd-56e92a60f942" testName="all_persons_modal_should" computerName="ARPAN-LAP" duration="00:00:00.0323218" startTime="2014-06-29T11:53:39.9612657+05:30" endTime="2014-06-29T11:53:39.9932675+05:30" testType="13cdc9d9-ddb5-4fa4-a97d-d965ccfc6d4b" outcome="Passed" testListId="8c84fa94-04c1-424b-9868-57a2d4851a1d" relativeResultsDirectory="619a352f-381b-4b9a-b6a5-c279c73b8822" dataRowInfo="6" resultType="DataDrivenDataRow" />
        <UnitTestResult executionId="98a187e4-ba2f-4610-964c-c19260b6f970" parentExecutionId="619a352f-381b-4b9a-b6a5-c279c73b8822" testId="783915fe-114a-e353-78dd-56e92a60f942" testName="all_persons_modal_should" computerName="ARPAN-LAP" duration="00:00:00.0306962" startTime="2014-06-29T11:53:39.9932675+05:30" endTime="2014-06-29T11:53:40.0242693+05:30" testType="13cdc9d9-ddb5-4fa4-a97d-d965ccfc6d4b" outcome="Passed" testListId="8c84fa94-04c1-424b-9868-57a2d4851a1d" relativeResultsDirectory="619a352f-381b-4b9a-b6a5-c279c73b8822" dataRowInfo="7" resultType="DataDrivenDataRow" />
        <UnitTestResult executionId="23a7e169-8e31-4eca-b5f0-9a0d19294e62" parentExecutionId="619a352f-381b-4b9a-b6a5-c279c73b8822" testId="783915fe-114a-e353-78dd-56e92a60f942" testName="all_persons_modal_should" computerName="ARPAN-LAP" duration="00:00:00.0192636" startTime="2014-06-29T11:53:40.0242693+05:30" endTime="2014-06-29T11:53:40.0432704+05:30" testType="13cdc9d9-ddb5-4fa4-a97d-d965ccfc6d4b" outcome="Passed" testListId="8c84fa94-04c1-424b-9868-57a2d4851a1d" relativeResultsDirectory="619a352f-381b-4b9a-b6a5-c279c73b8822" dataRowInfo="8" resultType="DataDrivenDataRow" />
        <UnitTestResult executionId="dc11a511-64fc-4790-9070-44a30587669a" parentExecutionId="619a352f-381b-4b9a-b6a5-c279c73b8822" testId="783915fe-114a-e353-78dd-56e92a60f942" testName="all_persons_modal_should" computerName="ARPAN-LAP" duration="00:00:00.0248624" startTime="2014-06-29T11:53:40.0442704+05:30" endTime="2014-06-29T11:53:40.0682718+05:30" testType="13cdc9d9-ddb5-4fa4-a97d-d965ccfc6d4b" outcome="Passed" testListId="8c84fa94-04c1-424b-9868-57a2d4851a1d" relativeResultsDirectory="619a352f-381b-4b9a-b6a5-c279c73b8822" dataRowInfo="9" resultType="DataDrivenDataRow" />
        <UnitTestResult executionId="11f5e4e3-fd8f-4c03-a067-3be53d71b6fe" parentExecutionId="619a352f-381b-4b9a-b6a5-c279c73b8822" testId="783915fe-114a-e353-78dd-56e92a60f942" testName="all_persons_modal_should" computerName="ARPAN-LAP" duration="00:00:00.0252294" startTime="2014-06-29T11:53:40.0692719+05:30" endTime="2014-06-29T11:53:40.0942733+05:30" testType="13cdc9d9-ddb5-4fa4-a97d-d965ccfc6d4b" outcome="Passed" testListId="8c84fa94-04c1-424b-9868-57a2d4851a1d" relativeResultsDirectory="619a352f-381b-4b9a-b6a5-c279c73b8822" dataRowInfo="10" resultType="DataDrivenDataRow" />
        <UnitTestResult executionId="45473572-1333-4801-8a37-e6d796ebd852" parentExecutionId="619a352f-381b-4b9a-b6a5-c279c73b8822" testId="783915fe-114a-e353-78dd-56e92a60f942" testName="all_persons_modal_should" computerName="ARPAN-LAP" duration="00:00:00.0327704" startTime="2014-06-29T11:53:40.0942733+05:30" endTime="2014-06-29T11:53:40.1272752+05:30" testType="13cdc9d9-ddb5-4fa4-a97d-d965ccfc6d4b" outcome="Passed" testListId="8c84fa94-04c1-424b-9868-57a2d4851a1d" relativeResultsDirectory="619a352f-381b-4b9a-b6a5-c279c73b8822" dataRowInfo="11" resultType="DataDrivenDataRow" />
        <UnitTestResult executionId="368dda5a-d0fa-4b7c-bd3b-874e47d7016d" parentExecutionId="619a352f-381b-4b9a-b6a5-c279c73b8822" testId="783915fe-114a-e353-78dd-56e92a60f942" testName="all_persons_modal_should" computerName="ARPAN-LAP" duration="00:00:00.0297595" startTime="2014-06-29T11:53:40.1272752+05:30" endTime="2014-06-29T11:53:40.1562768+05:30" testType="13cdc9d9-ddb5-4fa4-a97d-d965ccfc6d4b" outcome="Passed" testListId="8c84fa94-04c1-424b-9868-57a2d4851a1d" relativeResultsDirectory="619a352f-381b-4b9a-b6a5-c279c73b8822" dataRowInfo="12" resultType="DataDrivenDataRow" />
        <UnitTestResult executionId="6941d41d-b235-4cb0-9ab7-46c1745350f1" parentExecutionId="619a352f-381b-4b9a-b6a5-c279c73b8822" testId="783915fe-114a-e353-78dd-56e92a60f942" testName="all_persons_modal_should" computerName="ARPAN-LAP" duration="00:00:00.0281848" startTime="2014-06-29T11:53:40.1562768+05:30" endTime="2014-06-29T11:53:40.1852785+05:30" testType="13cdc9d9-ddb5-4fa4-a97d-d965ccfc6d4b" outcome="Passed" testListId="8c84fa94-04c1-424b-9868-57a2d4851a1d" relativeResultsDirectory="619a352f-381b-4b9a-b6a5-c279c73b8822" dataRowInfo="13" resultType="DataDrivenDataRow" />
        <UnitTestResult executionId="d9e1a50a-5882-4f61-97fa-9d7ce0a0fe13" parentExecutionId="619a352f-381b-4b9a-b6a5-c279c73b8822" testId="783915fe-114a-e353-78dd-56e92a60f942" testName="all_persons_modal_should" computerName="ARPAN-LAP" duration="00:00:00.0296184" startTime="2014-06-29T11:53:40.1852785+05:30" endTime="2014-06-29T11:53:40.2142802+05:30" testType="13cdc9d9-ddb5-4fa4-a97d-d965ccfc6d4b" outcome="Passed" testListId="8c84fa94-04c1-424b-9868-57a2d4851a1d" relativeResultsDirectory="619a352f-381b-4b9a-b6a5-c279c73b8822" dataRowInfo="14" resultType="DataDrivenDataRow" />
        <UnitTestResult executionId="eeb7b135-620a-473e-b8cf-871ab893866a" parentExecutionId="619a352f-381b-4b9a-b6a5-c279c73b8822" testId="783915fe-114a-e353-78dd-56e92a60f942" testName="all_persons_modal_should" computerName="ARPAN-LAP" duration="00:00:00.0248034" startTime="2014-06-29T11:53:40.2142802+05:30" endTime="2014-06-29T11:53:40.2392816+05:30" testType="13cdc9d9-ddb5-4fa4-a97d-d965ccfc6d4b" outcome="Passed" testListId="8c84fa94-04c1-424b-9868-57a2d4851a1d" relativeResultsDirectory="619a352f-381b-4b9a-b6a5-c279c73b8822" dataRowInfo="15" resultType="DataDrivenDataRow" />
        <UnitTestResult executionId="49d5b4b4-89ca-414d-a8f5-b9d963fb7d3d" parentExecutionId="619a352f-381b-4b9a-b6a5-c279c73b8822" testId="783915fe-114a-e353-78dd-56e92a60f942" testName="all_persons_modal_should" computerName="ARPAN-LAP" duration="00:00:00.0308220" startTime="2014-06-29T11:53:40.2392816+05:30" endTime="2014-06-29T11:53:40.2702834+05:30" testType="13cdc9d9-ddb5-4fa4-a97d-d965ccfc6d4b" outcome="Passed" testListId="8c84fa94-04c1-424b-9868-57a2d4851a1d" relativeResultsDirectory="619a352f-381b-4b9a-b6a5-c279c73b8822" dataRowInfo="16" resultType="DataDrivenDataRow" />
      </InnerResults>
    </UnitTestResult>
    <UnitTestResult executionId="71dd271f-1581-4c7b-bc08-ff94ea21538c" testId="7f7910d1-dc89-39b4-b4cf-d9e6d7af9420" testName="interrogative_sentences_what" computerName="ARPAN-LAP" duration="00:00:00.2792107" startTime="2014-06-29T11:53:40.3502879+05:30" endTime="2014-06-29T11:53:40.6903074+05:30" testType="13cdc9d9-ddb5-4fa4-a97d-d965ccfc6d4b" outcome="Passed" testListId="8c84fa94-04c1-424b-9868-57a2d4851a1d" relativeResultsDirectory="71dd271f-1581-4c7b-bc08-ff94ea21538c" resultType="DataDrivenTest">
      <Counters error="0" failed="0" timeout="0" aborted="0" inconclusive="0" passedButRunAborted="0" notRunnable="0" notExecuted="0" disconnected="0" warning="0" passed="9" completed="0" inProgress="0" pending="0" />
      <InnerResults>
        <UnitTestResult executionId="a3123c74-9b56-4d80-93a9-340590842d7b" parentExecutionId="71dd271f-1581-4c7b-bc08-ff94ea21538c" testId="7f7910d1-dc89-39b4-b4cf-d9e6d7af9420" testName="interrogative_sentences_what" computerName="ARPAN-LAP" duration="00:00:00.0257940" startTime="2014-06-29T11:53:40.3842899+05:30" endTime="2014-06-29T11:53:40.4102914+05:30" testType="13cdc9d9-ddb5-4fa4-a97d-d965ccfc6d4b" outcome="Passed" testListId="8c84fa94-04c1-424b-9868-57a2d4851a1d" relativeResultsDirectory="71dd271f-1581-4c7b-bc08-ff94ea21538c" dataRowInfo="0" resultType="DataDrivenDataRow" />
        <UnitTestResult executionId="59a9586d-8e67-4798-bf2e-2b7f3eb89114" parentExecutionId="71dd271f-1581-4c7b-bc08-ff94ea21538c" testId="7f7910d1-dc89-39b4-b4cf-d9e6d7af9420" testName="interrogative_sentences_what" computerName="ARPAN-LAP" duration="00:00:00.0224813" startTime="2014-06-29T11:53:40.4102914+05:30" endTime="2014-06-29T11:53:40.4322926+05:30" testType="13cdc9d9-ddb5-4fa4-a97d-d965ccfc6d4b" outcome="Passed" testListId="8c84fa94-04c1-424b-9868-57a2d4851a1d" relativeResultsDirectory="71dd271f-1581-4c7b-bc08-ff94ea21538c" dataRowInfo="1" resultType="DataDrivenDataRow" />
        <UnitTestResult executionId="0df56c19-b500-4eac-b45b-0a9bc342da88" parentExecutionId="71dd271f-1581-4c7b-bc08-ff94ea21538c" testId="7f7910d1-dc89-39b4-b4cf-d9e6d7af9420" testName="interrogative_sentences_what" computerName="ARPAN-LAP" duration="00:00:00.0286231" startTime="2014-06-29T11:53:40.4322926+05:30" endTime="2014-06-29T11:53:40.4612943+05:30" testType="13cdc9d9-ddb5-4fa4-a97d-d965ccfc6d4b" outcome="Passed" testListId="8c84fa94-04c1-424b-9868-57a2d4851a1d" relativeResultsDirectory="71dd271f-1581-4c7b-bc08-ff94ea21538c" dataRowInfo="2" resultType="DataDrivenDataRow" />
        <UnitTestResult executionId="21df109e-83a2-4daf-b02a-eaccb203ff89" parentExecutionId="71dd271f-1581-4c7b-bc08-ff94ea21538c" testId="7f7910d1-dc89-39b4-b4cf-d9e6d7af9420" testName="interrogative_sentences_what" computerName="ARPAN-LAP" duration="00:00:00.0242275" startTime="2014-06-29T11:53:40.4612943+05:30" endTime="2014-06-29T11:53:40.4852957+05:30" testType="13cdc9d9-ddb5-4fa4-a97d-d965ccfc6d4b" outcome="Passed" testListId="8c84fa94-04c1-424b-9868-57a2d4851a1d" relativeResultsDirectory="71dd271f-1581-4c7b-bc08-ff94ea21538c" dataRowInfo="3" resultType="DataDrivenDataRow" />
        <UnitTestResult executionId="a79a0ca5-f194-4f64-ad8f-d16e0969973b" parentExecutionId="71dd271f-1581-4c7b-bc08-ff94ea21538c" testId="7f7910d1-dc89-39b4-b4cf-d9e6d7af9420" testName="interrogative_sentences_what" computerName="ARPAN-LAP" duration="00:00:00.0232717" startTime="2014-06-29T11:53:40.4852957+05:30" endTime="2014-06-29T11:53:40.5092970+05:30" testType="13cdc9d9-ddb5-4fa4-a97d-d965ccfc6d4b" outcome="Passed" testListId="8c84fa94-04c1-424b-9868-57a2d4851a1d" relativeResultsDirectory="71dd271f-1581-4c7b-bc08-ff94ea21538c" dataRowInfo="4" resultType="DataDrivenDataRow" />
        <UnitTestResult executionId="a1f1f1ec-a3dc-491e-a891-21c6768afe69" parentExecutionId="71dd271f-1581-4c7b-bc08-ff94ea21538c" testId="7f7910d1-dc89-39b4-b4cf-d9e6d7af9420" testName="interrogative_sentences_what" computerName="ARPAN-LAP" duration="00:00:00.0288567" startTime="2014-06-29T11:53:40.5092970+05:30" endTime="2014-06-29T11:53:40.5382987+05:30" testType="13cdc9d9-ddb5-4fa4-a97d-d965ccfc6d4b" outcome="Passed" testListId="8c84fa94-04c1-424b-9868-57a2d4851a1d" relativeResultsDirectory="71dd271f-1581-4c7b-bc08-ff94ea21538c" dataRowInfo="5" resultType="DataDrivenDataRow" />
        <UnitTestResult executionId="cc780c5b-da45-49e6-8b0b-5706ad4a70a9" parentExecutionId="71dd271f-1581-4c7b-bc08-ff94ea21538c" testId="7f7910d1-dc89-39b4-b4cf-d9e6d7af9420" testName="interrogative_sentences_what" computerName="ARPAN-LAP" duration="00:00:00.0276551" startTime="2014-06-29T11:53:40.5382987+05:30" endTime="2014-06-29T11:53:40.5653002+05:30" testType="13cdc9d9-ddb5-4fa4-a97d-d965ccfc6d4b" outcome="Passed" testListId="8c84fa94-04c1-424b-9868-57a2d4851a1d" relativeResultsDirectory="71dd271f-1581-4c7b-bc08-ff94ea21538c" dataRowInfo="6" resultType="DataDrivenDataRow" />
        <UnitTestResult executionId="c0919255-6d57-42f8-b4b0-5a784e60e37a" parentExecutionId="71dd271f-1581-4c7b-bc08-ff94ea21538c" testId="7f7910d1-dc89-39b4-b4cf-d9e6d7af9420" testName="interrogative_sentences_what" computerName="ARPAN-LAP" duration="00:00:00.0244446" startTime="2014-06-29T11:53:40.5653002+05:30" endTime="2014-06-29T11:53:40.5903017+05:30" testType="13cdc9d9-ddb5-4fa4-a97d-d965ccfc6d4b" outcome="Passed" testListId="8c84fa94-04c1-424b-9868-57a2d4851a1d" relativeResultsDirectory="71dd271f-1581-4c7b-bc08-ff94ea21538c" dataRowInfo="7" resultType="DataDrivenDataRow" />
        <UnitTestResult executionId="ab7db5eb-25f4-4359-8891-501d99964886" parentExecutionId="71dd271f-1581-4c7b-bc08-ff94ea21538c" testId="7f7910d1-dc89-39b4-b4cf-d9e6d7af9420" testName="interrogative_sentences_what" computerName="ARPAN-LAP" duration="00:00:00.0470147" startTime="2014-06-29T11:53:40.5903017+05:30" endTime="2014-06-29T11:53:40.6373044+05:30" testType="13cdc9d9-ddb5-4fa4-a97d-d965ccfc6d4b" outcome="Passed" testListId="8c84fa94-04c1-424b-9868-57a2d4851a1d" relativeResultsDirectory="71dd271f-1581-4c7b-bc08-ff94ea21538c" dataRowInfo="8" resultType="DataDrivenDataRow" />
      </InnerResults>
    </UnitTestResult>
    <UnitTestResult executionId="55e46c27-7959-4666-8523-6d1cfb916bc2" testId="83c68223-dcaa-51dd-423f-434210a59f77" testName="second_person_tenses_active_negation" computerName="ARPAN-LAP" duration="00:00:00.3090652" startTime="2014-06-29T11:53:40.6923075+05:30" endTime="2014-06-29T11:53:41.0573284+05:30" testType="13cdc9d9-ddb5-4fa4-a97d-d965ccfc6d4b" outcome="Passed" testListId="8c84fa94-04c1-424b-9868-57a2d4851a1d" relativeResultsDirectory="55e46c27-7959-4666-8523-6d1cfb916bc2" resultType="DataDrivenTest">
      <Counters error="0" failed="0" timeout="0" aborted="0" inconclusive="0" passedButRunAborted="0" notRunnable="0" notExecuted="0" disconnected="0" warning="0" passed="10" completed="0" inProgress="0" pending="0" />
      <InnerResults>
        <UnitTestResult executionId="4d6cb543-1767-4817-8c06-75761284822d" parentExecutionId="55e46c27-7959-4666-8523-6d1cfb916bc2" testId="83c68223-dcaa-51dd-423f-434210a59f77" testName="second_person_tenses_active_negation" computerName="ARPAN-LAP" duration="00:00:00.0243989" startTime="2014-06-29T11:53:40.7413103+05:30" endTime="2014-06-29T11:53:40.7653117+05:30" testType="13cdc9d9-ddb5-4fa4-a97d-d965ccfc6d4b" outcome="Passed" testListId="8c84fa94-04c1-424b-9868-57a2d4851a1d" relativeResultsDirectory="55e46c27-7959-4666-8523-6d1cfb916bc2" dataRowInfo="0" resultType="DataDrivenDataRow" />
        <UnitTestResult executionId="6bf0607e-a2fe-47a2-b655-742cfacb1221" parentExecutionId="55e46c27-7959-4666-8523-6d1cfb916bc2" testId="83c68223-dcaa-51dd-423f-434210a59f77" testName="second_person_tenses_active_negation" computerName="ARPAN-LAP" duration="00:00:00.0225922" startTime="2014-06-29T11:53:40.7653117+05:30" endTime="2014-06-29T11:53:40.7883130+05:30" testType="13cdc9d9-ddb5-4fa4-a97d-d965ccfc6d4b" outcome="Passed" testListId="8c84fa94-04c1-424b-9868-57a2d4851a1d" relativeResultsDirectory="55e46c27-7959-4666-8523-6d1cfb916bc2" dataRowInfo="1" resultType="DataDrivenDataRow" />
        <UnitTestResult executionId="a836ae07-8e28-4f5a-9272-e80cc3bd6d75" parentExecutionId="55e46c27-7959-4666-8523-6d1cfb916bc2" testId="83c68223-dcaa-51dd-423f-434210a59f77" testName="second_person_tenses_active_negation" computerName="ARPAN-LAP" duration="00:00:00.0259705" startTime="2014-06-29T11:53:40.7883130+05:30" endTime="2014-06-29T11:53:40.8143145+05:30" testType="13cdc9d9-ddb5-4fa4-a97d-d965ccfc6d4b" outcome="Passed" testListId="8c84fa94-04c1-424b-9868-57a2d4851a1d" relativeResultsDirectory="55e46c27-7959-4666-8523-6d1cfb916bc2" dataRowInfo="2" resultType="DataDrivenDataRow" />
        <UnitTestResult executionId="696004ef-7973-4856-8bac-65b04d87c8e7" parentExecutionId="55e46c27-7959-4666-8523-6d1cfb916bc2" testId="83c68223-dcaa-51dd-423f-434210a59f77" testName="second_person_tenses_active_negation" computerName="ARPAN-LAP" duration="00:00:00.0308810" startTime="2014-06-29T11:53:40.8143145+05:30" endTime="2014-06-29T11:53:40.8453163+05:30" testType="13cdc9d9-ddb5-4fa4-a97d-d965ccfc6d4b" outcome="Passed" testListId="8c84fa94-04c1-424b-9868-57a2d4851a1d" relativeResultsDirectory="55e46c27-7959-4666-8523-6d1cfb916bc2" dataRowInfo="3" resultType="DataDrivenDataRow" />
        <UnitTestResult executionId="e2079075-fc5c-401b-85e9-d83be4d56f12" parentExecutionId="55e46c27-7959-4666-8523-6d1cfb916bc2" testId="83c68223-dcaa-51dd-423f-434210a59f77" testName="second_person_tenses_active_negation" computerName="ARPAN-LAP" duration="00:00:00.0212351" startTime="2014-06-29T11:53:40.8453163+05:30" endTime="2014-06-29T11:53:40.8663175+05:30" testType="13cdc9d9-ddb5-4fa4-a97d-d965ccfc6d4b" outcome="Passed" testListId="8c84fa94-04c1-424b-9868-57a2d4851a1d" relativeResultsDirectory="55e46c27-7959-4666-8523-6d1cfb916bc2" dataRowInfo="4" resultType="DataDrivenDataRow" />
        <UnitTestResult executionId="1ad1030e-c951-4eea-ba80-f01f778485b3" parentExecutionId="55e46c27-7959-4666-8523-6d1cfb916bc2" testId="83c68223-dcaa-51dd-423f-434210a59f77" testName="second_person_tenses_active_negation" computerName="ARPAN-LAP" duration="00:00:00.0213778" startTime="2014-06-29T11:53:40.8663175+05:30" endTime="2014-06-29T11:53:40.8873187+05:30" testType="13cdc9d9-ddb5-4fa4-a97d-d965ccfc6d4b" outcome="Passed" testListId="8c84fa94-04c1-424b-9868-57a2d4851a1d" relativeResultsDirectory="55e46c27-7959-4666-8523-6d1cfb916bc2" dataRowInfo="5" resultType="DataDrivenDataRow" />
        <UnitTestResult executionId="80967c61-0a2c-4669-b664-948206a228cc" parentExecutionId="55e46c27-7959-4666-8523-6d1cfb916bc2" testId="83c68223-dcaa-51dd-423f-434210a59f77" testName="second_person_tenses_active_negation" computerName="ARPAN-LAP" duration="00:00:00.0218371" startTime="2014-06-29T11:53:40.8873187+05:30" endTime="2014-06-29T11:53:40.9093199+05:30" testType="13cdc9d9-ddb5-4fa4-a97d-d965ccfc6d4b" outcome="Passed" testListId="8c84fa94-04c1-424b-9868-57a2d4851a1d" relativeResultsDirectory="55e46c27-7959-4666-8523-6d1cfb916bc2" dataRowInfo="6" resultType="DataDrivenDataRow" />
        <UnitTestResult executionId="38c5375e-cff9-49df-9562-4d6990cc36b6" parentExecutionId="55e46c27-7959-4666-8523-6d1cfb916bc2" testId="83c68223-dcaa-51dd-423f-434210a59f77" testName="second_person_tenses_active_negation" computerName="ARPAN-LAP" duration="00:00:00.0304134" startTime="2014-06-29T11:53:40.9093199+05:30" endTime="2014-06-29T11:53:40.9403217+05:30" testType="13cdc9d9-ddb5-4fa4-a97d-d965ccfc6d4b" outcome="Passed" testListId="8c84fa94-04c1-424b-9868-57a2d4851a1d" relativeResultsDirectory="55e46c27-7959-4666-8523-6d1cfb916bc2" dataRowInfo="7" resultType="DataDrivenDataRow" />
        <UnitTestResult executionId="8758d8ab-4b83-4e8c-b946-4b34798772bc" parentExecutionId="55e46c27-7959-4666-8523-6d1cfb916bc2" testId="83c68223-dcaa-51dd-423f-434210a59f77" testName="second_person_tenses_active_negation" computerName="ARPAN-LAP" duration="00:00:00.0249040" startTime="2014-06-29T11:53:40.9403217+05:30" endTime="2014-06-29T11:53:40.9653231+05:30" testType="13cdc9d9-ddb5-4fa4-a97d-d965ccfc6d4b" outcome="Passed" testListId="8c84fa94-04c1-424b-9868-57a2d4851a1d" relativeResultsDirectory="55e46c27-7959-4666-8523-6d1cfb916bc2" dataRowInfo="8" resultType="DataDrivenDataRow" />
        <UnitTestResult executionId="a2e6b3b3-182a-4b7a-8481-23df288aa62e" parentExecutionId="55e46c27-7959-4666-8523-6d1cfb916bc2" testId="83c68223-dcaa-51dd-423f-434210a59f77" testName="second_person_tenses_active_negation" computerName="ARPAN-LAP" duration="00:00:00.0479499" startTime="2014-06-29T11:53:40.9653231+05:30" endTime="2014-06-29T11:53:41.0133259+05:30" testType="13cdc9d9-ddb5-4fa4-a97d-d965ccfc6d4b" outcome="Passed" testListId="8c84fa94-04c1-424b-9868-57a2d4851a1d" relativeResultsDirectory="55e46c27-7959-4666-8523-6d1cfb916bc2" dataRowInfo="9" resultType="DataDrivenDataRow" />
      </InnerResults>
    </UnitTestResult>
    <UnitTestResult executionId="82f858cc-c769-4b0e-b3d3-867cac83f380" testId="8fe5ccb3-a3f4-0f61-ad21-e94ef029e900" testName="all_persons_modal_can_may" computerName="ARPAN-LAP" duration="00:00:00.8311506" startTime="2014-06-29T11:53:41.0733293+05:30" endTime="2014-06-29T11:53:42.0023824+05:30" testType="13cdc9d9-ddb5-4fa4-a97d-d965ccfc6d4b" outcome="Passed" testListId="8c84fa94-04c1-424b-9868-57a2d4851a1d" relativeResultsDirectory="82f858cc-c769-4b0e-b3d3-867cac83f380" resultType="DataDrivenTest">
      <Counters error="0" failed="0" timeout="0" aborted="0" inconclusive="0" passedButRunAborted="0" notRunnable="0" notExecuted="0" disconnected="0" warning="0" passed="29" completed="0" inProgress="0" pending="0" />
      <InnerResults>
        <UnitTestResult executionId="b062195c-13da-47b8-8adb-e4df1332988e" parentExecutionId="82f858cc-c769-4b0e-b3d3-867cac83f380" testId="8fe5ccb3-a3f4-0f61-ad21-e94ef029e900" testName="all_persons_modal_can_may" computerName="ARPAN-LAP" duration="00:00:00.0290666" startTime="2014-06-29T11:53:41.0993308+05:30" endTime="2014-06-29T11:53:41.1293325+05:30" testType="13cdc9d9-ddb5-4fa4-a97d-d965ccfc6d4b" outcome="Passed" testListId="8c84fa94-04c1-424b-9868-57a2d4851a1d" relativeResultsDirectory="82f858cc-c769-4b0e-b3d3-867cac83f380" dataRowInfo="0" resultType="DataDrivenDataRow" />
        <UnitTestResult executionId="a3920d21-0132-4e37-b065-bce04b482ae2" parentExecutionId="82f858cc-c769-4b0e-b3d3-867cac83f380" testId="8fe5ccb3-a3f4-0f61-ad21-e94ef029e900" testName="all_persons_modal_can_may" computerName="ARPAN-LAP" duration="00:00:00.0247767" startTime="2014-06-29T11:53:41.1293325+05:30" endTime="2014-06-29T11:53:41.1533339+05:30" testType="13cdc9d9-ddb5-4fa4-a97d-d965ccfc6d4b" outcome="Passed" testListId="8c84fa94-04c1-424b-9868-57a2d4851a1d" relativeResultsDirectory="82f858cc-c769-4b0e-b3d3-867cac83f380" dataRowInfo="1" resultType="DataDrivenDataRow" />
        <UnitTestResult executionId="7f700118-9457-40a5-9ebc-f2407c07ce59" parentExecutionId="82f858cc-c769-4b0e-b3d3-867cac83f380" testId="8fe5ccb3-a3f4-0f61-ad21-e94ef029e900" testName="all_persons_modal_can_may" computerName="ARPAN-LAP" duration="00:00:00.0294880" startTime="2014-06-29T11:53:41.1533339+05:30" endTime="2014-06-29T11:53:41.1833356+05:30" testType="13cdc9d9-ddb5-4fa4-a97d-d965ccfc6d4b" outcome="Passed" testListId="8c84fa94-04c1-424b-9868-57a2d4851a1d" relativeResultsDirectory="82f858cc-c769-4b0e-b3d3-867cac83f380" dataRowInfo="2" resultType="DataDrivenDataRow" />
        <UnitTestResult executionId="6493c5f2-f995-49f7-940a-4718edffe5c7" parentExecutionId="82f858cc-c769-4b0e-b3d3-867cac83f380" testId="8fe5ccb3-a3f4-0f61-ad21-e94ef029e900" testName="all_persons_modal_can_may" computerName="ARPAN-LAP" duration="00:00:00.0287869" startTime="2014-06-29T11:53:41.1833356+05:30" endTime="2014-06-29T11:53:41.2123372+05:30" testType="13cdc9d9-ddb5-4fa4-a97d-d965ccfc6d4b" outcome="Passed" testListId="8c84fa94-04c1-424b-9868-57a2d4851a1d" relativeResultsDirectory="82f858cc-c769-4b0e-b3d3-867cac83f380" dataRowInfo="3" resultType="DataDrivenDataRow" />
        <UnitTestResult executionId="fd25ea6c-9209-4eb4-a0f6-ac7f8f781bcc" parentExecutionId="82f858cc-c769-4b0e-b3d3-867cac83f380" testId="8fe5ccb3-a3f4-0f61-ad21-e94ef029e900" testName="all_persons_modal_can_may" computerName="ARPAN-LAP" duration="00:00:00.0290805" startTime="2014-06-29T11:53:41.2123372+05:30" endTime="2014-06-29T11:53:41.2413389+05:30" testType="13cdc9d9-ddb5-4fa4-a97d-d965ccfc6d4b" outcome="Passed" testListId="8c84fa94-04c1-424b-9868-57a2d4851a1d" relativeResultsDirectory="82f858cc-c769-4b0e-b3d3-867cac83f380" dataRowInfo="4" resultType="DataDrivenDataRow" />
        <UnitTestResult executionId="53016aa2-0735-4d09-9bf2-870072aee565" parentExecutionId="82f858cc-c769-4b0e-b3d3-867cac83f380" testId="8fe5ccb3-a3f4-0f61-ad21-e94ef029e900" testName="all_persons_modal_can_may" computerName="ARPAN-LAP" duration="00:00:00.0293330" startTime="2014-06-29T11:53:41.2413389+05:30" endTime="2014-06-29T11:53:41.2703406+05:30" testType="13cdc9d9-ddb5-4fa4-a97d-d965ccfc6d4b" outcome="Passed" testListId="8c84fa94-04c1-424b-9868-57a2d4851a1d" relativeResultsDirectory="82f858cc-c769-4b0e-b3d3-867cac83f380" dataRowInfo="5" resultType="DataDrivenDataRow" />
        <UnitTestResult executionId="40a76f82-d3a6-4b75-ad7d-6b2c1490b8b3" parentExecutionId="82f858cc-c769-4b0e-b3d3-867cac83f380" testId="8fe5ccb3-a3f4-0f61-ad21-e94ef029e900" testName="all_persons_modal_can_may" computerName="ARPAN-LAP" duration="00:00:00.0421484" startTime="2014-06-29T11:53:41.2703406+05:30" endTime="2014-06-29T11:53:41.3123430+05:30" testType="13cdc9d9-ddb5-4fa4-a97d-d965ccfc6d4b" outcome="Passed" testListId="8c84fa94-04c1-424b-9868-57a2d4851a1d" relativeResultsDirectory="82f858cc-c769-4b0e-b3d3-867cac83f380" dataRowInfo="6" resultType="DataDrivenDataRow" />
        <UnitTestResult executionId="2c7b2dde-3595-487a-9254-0974f1586604" parentExecutionId="82f858cc-c769-4b0e-b3d3-867cac83f380" testId="8fe5ccb3-a3f4-0f61-ad21-e94ef029e900" testName="all_persons_modal_can_may" computerName="ARPAN-LAP" duration="00:00:00.0507308" startTime="2014-06-29T11:53:41.3123430+05:30" endTime="2014-06-29T11:53:41.3633459+05:30" testType="13cdc9d9-ddb5-4fa4-a97d-d965ccfc6d4b" outcome="Passed" testListId="8c84fa94-04c1-424b-9868-57a2d4851a1d" relativeResultsDirectory="82f858cc-c769-4b0e-b3d3-867cac83f380" dataRowInfo="7" resultType="DataDrivenDataRow" />
        <UnitTestResult executionId="668f4597-aa49-46b9-b02e-2092c99ecb00" parentExecutionId="82f858cc-c769-4b0e-b3d3-867cac83f380" testId="8fe5ccb3-a3f4-0f61-ad21-e94ef029e900" testName="all_persons_modal_can_may" computerName="ARPAN-LAP" duration="00:00:00.0306957" startTime="2014-06-29T11:53:41.3633459+05:30" endTime="2014-06-29T11:53:41.3943477+05:30" testType="13cdc9d9-ddb5-4fa4-a97d-d965ccfc6d4b" outcome="Passed" testListId="8c84fa94-04c1-424b-9868-57a2d4851a1d" relativeResultsDirectory="82f858cc-c769-4b0e-b3d3-867cac83f380" dataRowInfo="8" resultType="DataDrivenDataRow" />
        <UnitTestResult executionId="3a1d7545-dd1f-43e5-a4a0-340db60d34ea" parentExecutionId="82f858cc-c769-4b0e-b3d3-867cac83f380" testId="8fe5ccb3-a3f4-0f61-ad21-e94ef029e900" testName="all_persons_modal_can_may" computerName="ARPAN-LAP" duration="00:00:00.0240694" startTime="2014-06-29T11:53:41.3943477+05:30" endTime="2014-06-29T11:53:41.4183490+05:30" testType="13cdc9d9-ddb5-4fa4-a97d-d965ccfc6d4b" outcome="Passed" testListId="8c84fa94-04c1-424b-9868-57a2d4851a1d" relativeResultsDirectory="82f858cc-c769-4b0e-b3d3-867cac83f380" dataRowInfo="9" resultType="DataDrivenDataRow" />
        <UnitTestResult executionId="73955149-89d8-41fa-b553-dd10b42f6c03" parentExecutionId="82f858cc-c769-4b0e-b3d3-867cac83f380" testId="8fe5ccb3-a3f4-0f61-ad21-e94ef029e900" testName="all_persons_modal_can_may" computerName="ARPAN-LAP" duration="00:00:00.0202886" startTime="2014-06-29T11:53:41.4183490+05:30" endTime="2014-06-29T11:53:41.4393502+05:30" testType="13cdc9d9-ddb5-4fa4-a97d-d965ccfc6d4b" outcome="Passed" testListId="8c84fa94-04c1-424b-9868-57a2d4851a1d" relativeResultsDirectory="82f858cc-c769-4b0e-b3d3-867cac83f380" dataRowInfo="10" resultType="DataDrivenDataRow" />
        <UnitTestResult executionId="6a4f0300-24b3-483d-903c-c6cd8b9e3b42" parentExecutionId="82f858cc-c769-4b0e-b3d3-867cac83f380" testId="8fe5ccb3-a3f4-0f61-ad21-e94ef029e900" testName="all_persons_modal_can_may" computerName="ARPAN-LAP" duration="00:00:00.0220887" startTime="2014-06-29T11:53:41.4393502+05:30" endTime="2014-06-29T11:53:41.4613515+05:30" testType="13cdc9d9-ddb5-4fa4-a97d-d965ccfc6d4b" outcome="Passed" testListId="8c84fa94-04c1-424b-9868-57a2d4851a1d" relativeResultsDirectory="82f858cc-c769-4b0e-b3d3-867cac83f380" dataRowInfo="11" resultType="DataDrivenDataRow" />
        <UnitTestResult executionId="8d08aac9-978b-4eb8-80c5-6127bcfc3f15" parentExecutionId="82f858cc-c769-4b0e-b3d3-867cac83f380" testId="8fe5ccb3-a3f4-0f61-ad21-e94ef029e900" testName="all_persons_modal_can_may" computerName="ARPAN-LAP" duration="00:00:00.0245123" startTime="2014-06-29T11:53:41.4613515+05:30" endTime="2014-06-29T11:53:41.4853529+05:30" testType="13cdc9d9-ddb5-4fa4-a97d-d965ccfc6d4b" outcome="Passed" testListId="8c84fa94-04c1-424b-9868-57a2d4851a1d" relativeResultsDirectory="82f858cc-c769-4b0e-b3d3-867cac83f380" dataRowInfo="12" resultType="DataDrivenDataRow" />
        <UnitTestResult executionId="1ab4d0bc-98f4-4740-8b55-de4e0cacb9de" parentExecutionId="82f858cc-c769-4b0e-b3d3-867cac83f380" testId="8fe5ccb3-a3f4-0f61-ad21-e94ef029e900" testName="all_persons_modal_can_may" computerName="ARPAN-LAP" duration="00:00:00.0252915" startTime="2014-06-29T11:53:41.4853529+05:30" endTime="2014-06-29T11:53:41.5113544+05:30" testType="13cdc9d9-ddb5-4fa4-a97d-d965ccfc6d4b" outcome="Passed" testListId="8c84fa94-04c1-424b-9868-57a2d4851a1d" relativeResultsDirectory="82f858cc-c769-4b0e-b3d3-867cac83f380" dataRowInfo="13" resultType="DataDrivenDataRow" />
        <UnitTestResult executionId="6362b81f-f5e1-4414-bc77-ca71838d4b73" parentExecutionId="82f858cc-c769-4b0e-b3d3-867cac83f380" testId="8fe5ccb3-a3f4-0f61-ad21-e94ef029e900" testName="all_persons_modal_can_may" computerName="ARPAN-LAP" duration="00:00:00.0283290" startTime="2014-06-29T11:53:41.5113544+05:30" endTime="2014-06-29T11:53:41.5393560+05:30" testType="13cdc9d9-ddb5-4fa4-a97d-d965ccfc6d4b" outcome="Passed" testListId="8c84fa94-04c1-424b-9868-57a2d4851a1d" relativeResultsDirectory="82f858cc-c769-4b0e-b3d3-867cac83f380" dataRowInfo="14" resultType="DataDrivenDataRow" />
        <UnitTestResult executionId="96c8e15e-30e1-46b1-a851-e79a1658081b" parentExecutionId="82f858cc-c769-4b0e-b3d3-867cac83f380" testId="8fe5ccb3-a3f4-0f61-ad21-e94ef029e900" testName="all_persons_modal_can_may" computerName="ARPAN-LAP" duration="00:00:00.0278250" startTime="2014-06-29T11:53:41.5393560+05:30" endTime="2014-06-29T11:53:41.5673576+05:30" testType="13cdc9d9-ddb5-4fa4-a97d-d965ccfc6d4b" outcome="Passed" testListId="8c84fa94-04c1-424b-9868-57a2d4851a1d" relativeResultsDirectory="82f858cc-c769-4b0e-b3d3-867cac83f380" dataRowInfo="15" resultType="DataDrivenDataRow" />
        <UnitTestResult executionId="453c4a08-9887-4f0a-a80b-60048092d8ed" parentExecutionId="82f858cc-c769-4b0e-b3d3-867cac83f380" testId="8fe5ccb3-a3f4-0f61-ad21-e94ef029e900" testName="all_persons_modal_can_may" computerName="ARPAN-LAP" duration="00:00:00.0198821" startTime="2014-06-29T11:53:41.5673576+05:30" endTime="2014-06-29T11:53:41.5873587+05:30" testType="13cdc9d9-ddb5-4fa4-a97d-d965ccfc6d4b" outcome="Passed" testListId="8c84fa94-04c1-424b-9868-57a2d4851a1d" relativeResultsDirectory="82f858cc-c769-4b0e-b3d3-867cac83f380" dataRowInfo="16" resultType="DataDrivenDataRow" />
        <UnitTestResult executionId="290b5bb2-bf2f-4e41-ba62-9d8a7c150b6b" parentExecutionId="82f858cc-c769-4b0e-b3d3-867cac83f380" testId="8fe5ccb3-a3f4-0f61-ad21-e94ef029e900" testName="all_persons_modal_can_may" computerName="ARPAN-LAP" duration="00:00:00.0209466" startTime="2014-06-29T11:53:41.5873587+05:30" endTime="2014-06-29T11:53:41.6083599+05:30" testType="13cdc9d9-ddb5-4fa4-a97d-d965ccfc6d4b" outcome="Passed" testListId="8c84fa94-04c1-424b-9868-57a2d4851a1d" relativeResultsDirectory="82f858cc-c769-4b0e-b3d3-867cac83f380" dataRowInfo="17" resultType="DataDrivenDataRow" />
        <UnitTestResult executionId="7f6b4adf-7306-4637-811e-5eeeb89d7b32" parentExecutionId="82f858cc-c769-4b0e-b3d3-867cac83f380" testId="8fe5ccb3-a3f4-0f61-ad21-e94ef029e900" testName="all_persons_modal_can_may" computerName="ARPAN-LAP" duration="00:00:00.0198097" startTime="2014-06-29T11:53:41.6083599+05:30" endTime="2014-06-29T11:53:41.6283610+05:30" testType="13cdc9d9-ddb5-4fa4-a97d-d965ccfc6d4b" outcome="Passed" testListId="8c84fa94-04c1-424b-9868-57a2d4851a1d" relativeResultsDirectory="82f858cc-c769-4b0e-b3d3-867cac83f380" dataRowInfo="18" resultType="DataDrivenDataRow" />
        <UnitTestResult executionId="bb11148f-f05d-492d-a79e-9d03695a44e9" parentExecutionId="82f858cc-c769-4b0e-b3d3-867cac83f380" testId="8fe5ccb3-a3f4-0f61-ad21-e94ef029e900" testName="all_persons_modal_can_may" computerName="ARPAN-LAP" duration="00:00:00.0210441" startTime="2014-06-29T11:53:41.6283610+05:30" endTime="2014-06-29T11:53:41.6493622+05:30" testType="13cdc9d9-ddb5-4fa4-a97d-d965ccfc6d4b" outcome="Passed" testListId="8c84fa94-04c1-424b-9868-57a2d4851a1d" relativeResultsDirectory="82f858cc-c769-4b0e-b3d3-867cac83f380" dataRowInfo="19" resultType="DataDrivenDataRow" />
        <UnitTestResult executionId="1ea4f870-68ce-4304-95d3-6743562f3e38" parentExecutionId="82f858cc-c769-4b0e-b3d3-867cac83f380" testId="8fe5ccb3-a3f4-0f61-ad21-e94ef029e900" testName="all_persons_modal_can_may" computerName="ARPAN-LAP" duration="00:00:00.0265131" startTime="2014-06-29T11:53:41.6493622+05:30" endTime="2014-06-29T11:53:41.6753637+05:30" testType="13cdc9d9-ddb5-4fa4-a97d-d965ccfc6d4b" outcome="Passed" testListId="8c84fa94-04c1-424b-9868-57a2d4851a1d" relativeResultsDirectory="82f858cc-c769-4b0e-b3d3-867cac83f380" dataRowInfo="20" resultType="DataDrivenDataRow" />
        <UnitTestResult executionId="8f1eb5ae-c457-47a1-b400-5d743db0894c" parentExecutionId="82f858cc-c769-4b0e-b3d3-867cac83f380" testId="8fe5ccb3-a3f4-0f61-ad21-e94ef029e900" testName="all_persons_modal_can_may" computerName="ARPAN-LAP" duration="00:00:00.0289804" startTime="2014-06-29T11:53:41.6753637+05:30" endTime="2014-06-29T11:53:41.7043654+05:30" testType="13cdc9d9-ddb5-4fa4-a97d-d965ccfc6d4b" outcome="Passed" testListId="8c84fa94-04c1-424b-9868-57a2d4851a1d" relativeResultsDirectory="82f858cc-c769-4b0e-b3d3-867cac83f380" dataRowInfo="21" resultType="DataDrivenDataRow" />
        <UnitTestResult executionId="15f5961d-c4f9-4cec-90c4-fe835a4d5a8d" parentExecutionId="82f858cc-c769-4b0e-b3d3-867cac83f380" testId="8fe5ccb3-a3f4-0f61-ad21-e94ef029e900" testName="all_persons_modal_can_may" computerName="ARPAN-LAP" duration="00:00:00.0273261" startTime="2014-06-29T11:53:41.7043654+05:30" endTime="2014-06-29T11:53:41.7323670+05:30" testType="13cdc9d9-ddb5-4fa4-a97d-d965ccfc6d4b" outcome="Passed" testListId="8c84fa94-04c1-424b-9868-57a2d4851a1d" relativeResultsDirectory="82f858cc-c769-4b0e-b3d3-867cac83f380" dataRowInfo="22" resultType="DataDrivenDataRow" />
        <UnitTestResult executionId="949f134b-b20d-4022-bb37-c499c043de99" parentExecutionId="82f858cc-c769-4b0e-b3d3-867cac83f380" testId="8fe5ccb3-a3f4-0f61-ad21-e94ef029e900" testName="all_persons_modal_can_may" computerName="ARPAN-LAP" duration="00:00:00.0243922" startTime="2014-06-29T11:53:41.7323670+05:30" endTime="2014-06-29T11:53:41.7563684+05:30" testType="13cdc9d9-ddb5-4fa4-a97d-d965ccfc6d4b" outcome="Passed" testListId="8c84fa94-04c1-424b-9868-57a2d4851a1d" relativeResultsDirectory="82f858cc-c769-4b0e-b3d3-867cac83f380" dataRowInfo="23" resultType="DataDrivenDataRow" />
        <UnitTestResult executionId="5ace4231-3af3-45d9-b99d-8fc05dedb8f9" parentExecutionId="82f858cc-c769-4b0e-b3d3-867cac83f380" testId="8fe5ccb3-a3f4-0f61-ad21-e94ef029e900" testName="all_persons_modal_can_may" computerName="ARPAN-LAP" duration="00:00:00.0385406" startTime="2014-06-29T11:53:41.7563684+05:30" endTime="2014-06-29T11:53:41.7953706+05:30" testType="13cdc9d9-ddb5-4fa4-a97d-d965ccfc6d4b" outcome="Passed" testListId="8c84fa94-04c1-424b-9868-57a2d4851a1d" relativeResultsDirectory="82f858cc-c769-4b0e-b3d3-867cac83f380" dataRowInfo="24" resultType="DataDrivenDataRow" />
        <UnitTestResult executionId="fed7682a-7dfa-4275-bb75-3b4c9a3be3b5" parentExecutionId="82f858cc-c769-4b0e-b3d3-867cac83f380" testId="8fe5ccb3-a3f4-0f61-ad21-e94ef029e900" testName="all_persons_modal_can_may" computerName="ARPAN-LAP" duration="00:00:00.0244210" startTime="2014-06-29T11:53:41.7953706+05:30" endTime="2014-06-29T11:53:41.8193720+05:30" testType="13cdc9d9-ddb5-4fa4-a97d-d965ccfc6d4b" outcome="Passed" testListId="8c84fa94-04c1-424b-9868-57a2d4851a1d" relativeResultsDirectory="82f858cc-c769-4b0e-b3d3-867cac83f380" dataRowInfo="25" resultType="DataDrivenDataRow" />
        <UnitTestResult executionId="b7d50e6c-a789-4e8b-ab97-4769b497ff62" parentExecutionId="82f858cc-c769-4b0e-b3d3-867cac83f380" testId="8fe5ccb3-a3f4-0f61-ad21-e94ef029e900" testName="all_persons_modal_can_may" computerName="ARPAN-LAP" duration="00:00:00.0236141" startTime="2014-06-29T11:53:41.8193720+05:30" endTime="2014-06-29T11:53:41.8433733+05:30" testType="13cdc9d9-ddb5-4fa4-a97d-d965ccfc6d4b" outcome="Passed" testListId="8c84fa94-04c1-424b-9868-57a2d4851a1d" relativeResultsDirectory="82f858cc-c769-4b0e-b3d3-867cac83f380" dataRowInfo="26" resultType="DataDrivenDataRow" />
        <UnitTestResult executionId="dc21ccaa-c5e2-4e67-a1f4-2150b57c8227" parentExecutionId="82f858cc-c769-4b0e-b3d3-867cac83f380" testId="8fe5ccb3-a3f4-0f61-ad21-e94ef029e900" testName="all_persons_modal_can_may" computerName="ARPAN-LAP" duration="00:00:00.0311803" startTime="2014-06-29T11:53:41.8433733+05:30" endTime="2014-06-29T11:53:41.8743751+05:30" testType="13cdc9d9-ddb5-4fa4-a97d-d965ccfc6d4b" outcome="Passed" testListId="8c84fa94-04c1-424b-9868-57a2d4851a1d" relativeResultsDirectory="82f858cc-c769-4b0e-b3d3-867cac83f380" dataRowInfo="27" resultType="DataDrivenDataRow" />
        <UnitTestResult executionId="c75f1d6c-c052-437f-b1d2-195b04c8f4ee" parentExecutionId="82f858cc-c769-4b0e-b3d3-867cac83f380" testId="8fe5ccb3-a3f4-0f61-ad21-e94ef029e900" testName="all_persons_modal_can_may" computerName="ARPAN-LAP" duration="00:00:00.0349677" startTime="2014-06-29T11:53:41.8743751+05:30" endTime="2014-06-29T11:53:41.9093771+05:30" testType="13cdc9d9-ddb5-4fa4-a97d-d965ccfc6d4b" outcome="Passed" testListId="8c84fa94-04c1-424b-9868-57a2d4851a1d" relativeResultsDirectory="82f858cc-c769-4b0e-b3d3-867cac83f380" dataRowInfo="28" resultType="DataDrivenDataRow" />
      </InnerResults>
    </UnitTestResult>
    <UnitTestResult executionId="19f08e82-97b5-4097-9c42-a75f7fc1e362" testId="921e6ab0-d7c2-6005-e523-6fd2d5e1a723" testName="first_person_tenses_active" computerName="ARPAN-LAP" duration="00:00:00.3280106" startTime="2014-06-29T11:53:42.0123830+05:30" endTime="2014-06-29T11:53:42.4084057+05:30" testType="13cdc9d9-ddb5-4fa4-a97d-d965ccfc6d4b" outcome="Passed" testListId="8c84fa94-04c1-424b-9868-57a2d4851a1d" relativeResultsDirectory="19f08e82-97b5-4097-9c42-a75f7fc1e362" resultType="DataDrivenTest">
      <Counters error="0" failed="0" timeout="0" aborted="0" inconclusive="0" passedButRunAborted="0" notRunnable="0" notExecuted="0" disconnected="0" warning="0" passed="10" completed="0" inProgress="0" pending="0" />
      <InnerResults>
        <UnitTestResult executionId="87224acc-a43d-4c43-a042-61bf85652d76" parentExecutionId="19f08e82-97b5-4097-9c42-a75f7fc1e362" testId="921e6ab0-d7c2-6005-e523-6fd2d5e1a723" testName="first_person_tenses_active" computerName="ARPAN-LAP" duration="00:00:00.0207336" startTime="2014-06-29T11:53:42.0613858+05:30" endTime="2014-06-29T11:53:42.0823870+05:30" testType="13cdc9d9-ddb5-4fa4-a97d-d965ccfc6d4b" outcome="Passed" testListId="8c84fa94-04c1-424b-9868-57a2d4851a1d" relativeResultsDirectory="19f08e82-97b5-4097-9c42-a75f7fc1e362" dataRowInfo="0" resultType="DataDrivenDataRow" />
        <UnitTestResult executionId="686f3553-44f3-4da4-a6cd-eec912c31261" parentExecutionId="19f08e82-97b5-4097-9c42-a75f7fc1e362" testId="921e6ab0-d7c2-6005-e523-6fd2d5e1a723" testName="first_person_tenses_active" computerName="ARPAN-LAP" duration="00:00:00.0259048" startTime="2014-06-29T11:53:42.0823870+05:30" endTime="2014-06-29T11:53:42.1073884+05:30" testType="13cdc9d9-ddb5-4fa4-a97d-d965ccfc6d4b" outcome="Passed" testListId="8c84fa94-04c1-424b-9868-57a2d4851a1d" relativeResultsDirectory="19f08e82-97b5-4097-9c42-a75f7fc1e362" dataRowInfo="1" resultType="DataDrivenDataRow" />
        <UnitTestResult executionId="f09c63e3-2f7f-4d27-8654-243380df2bdc" parentExecutionId="19f08e82-97b5-4097-9c42-a75f7fc1e362" testId="921e6ab0-d7c2-6005-e523-6fd2d5e1a723" testName="first_person_tenses_active" computerName="ARPAN-LAP" duration="00:00:00.0272799" startTime="2014-06-29T11:53:42.1083885+05:30" endTime="2014-06-29T11:53:42.1353900+05:30" testType="13cdc9d9-ddb5-4fa4-a97d-d965ccfc6d4b" outcome="Passed" testListId="8c84fa94-04c1-424b-9868-57a2d4851a1d" relativeResultsDirectory="19f08e82-97b5-4097-9c42-a75f7fc1e362" dataRowInfo="2" resultType="DataDrivenDataRow" />
        <UnitTestResult executionId="953dcbbc-0b72-4c8a-bc62-8e6579b0baf0" parentExecutionId="19f08e82-97b5-4097-9c42-a75f7fc1e362" testId="921e6ab0-d7c2-6005-e523-6fd2d5e1a723" testName="first_person_tenses_active" computerName="ARPAN-LAP" duration="00:00:00.0302897" startTime="2014-06-29T11:53:42.1353900+05:30" endTime="2014-06-29T11:53:42.1653918+05:30" testType="13cdc9d9-ddb5-4fa4-a97d-d965ccfc6d4b" outcome="Passed" testListId="8c84fa94-04c1-424b-9868-57a2d4851a1d" relativeResultsDirectory="19f08e82-97b5-4097-9c42-a75f7fc1e362" dataRowInfo="3" resultType="DataDrivenDataRow" />
        <UnitTestResult executionId="2d26cb0b-8e83-4b24-b566-6b575bff98e0" parentExecutionId="19f08e82-97b5-4097-9c42-a75f7fc1e362" testId="921e6ab0-d7c2-6005-e523-6fd2d5e1a723" testName="first_person_tenses_active" computerName="ARPAN-LAP" duration="00:00:00.0226086" startTime="2014-06-29T11:53:42.1653918+05:30" endTime="2014-06-29T11:53:42.1883931+05:30" testType="13cdc9d9-ddb5-4fa4-a97d-d965ccfc6d4b" outcome="Passed" testListId="8c84fa94-04c1-424b-9868-57a2d4851a1d" relativeResultsDirectory="19f08e82-97b5-4097-9c42-a75f7fc1e362" dataRowInfo="4" resultType="DataDrivenDataRow" />
        <UnitTestResult executionId="04b7002b-4183-4bdb-849f-316500153738" parentExecutionId="19f08e82-97b5-4097-9c42-a75f7fc1e362" testId="921e6ab0-d7c2-6005-e523-6fd2d5e1a723" testName="first_person_tenses_active" computerName="ARPAN-LAP" duration="00:00:00.0280780" startTime="2014-06-29T11:53:42.1883931+05:30" endTime="2014-06-29T11:53:42.2163947+05:30" testType="13cdc9d9-ddb5-4fa4-a97d-d965ccfc6d4b" outcome="Passed" testListId="8c84fa94-04c1-424b-9868-57a2d4851a1d" relativeResultsDirectory="19f08e82-97b5-4097-9c42-a75f7fc1e362" dataRowInfo="5" resultType="DataDrivenDataRow" />
        <UnitTestResult executionId="cff21b75-27d0-44de-b291-75d4073e125a" parentExecutionId="19f08e82-97b5-4097-9c42-a75f7fc1e362" testId="921e6ab0-d7c2-6005-e523-6fd2d5e1a723" testName="first_person_tenses_active" computerName="ARPAN-LAP" duration="00:00:00.0266686" startTime="2014-06-29T11:53:42.2163947+05:30" endTime="2014-06-29T11:53:42.2433962+05:30" testType="13cdc9d9-ddb5-4fa4-a97d-d965ccfc6d4b" outcome="Passed" testListId="8c84fa94-04c1-424b-9868-57a2d4851a1d" relativeResultsDirectory="19f08e82-97b5-4097-9c42-a75f7fc1e362" dataRowInfo="6" resultType="DataDrivenDataRow" />
        <UnitTestResult executionId="fd5bb7a3-0fe0-4867-9e83-289fb8fdd8ff" parentExecutionId="19f08e82-97b5-4097-9c42-a75f7fc1e362" testId="921e6ab0-d7c2-6005-e523-6fd2d5e1a723" testName="first_person_tenses_active" computerName="ARPAN-LAP" duration="00:00:00.0322289" startTime="2014-06-29T11:53:42.2433962+05:30" endTime="2014-06-29T11:53:42.2753981+05:30" testType="13cdc9d9-ddb5-4fa4-a97d-d965ccfc6d4b" outcome="Passed" testListId="8c84fa94-04c1-424b-9868-57a2d4851a1d" relativeResultsDirectory="19f08e82-97b5-4097-9c42-a75f7fc1e362" dataRowInfo="7" resultType="DataDrivenDataRow" />
        <UnitTestResult executionId="b29ebb92-a6e0-479d-9340-9e193b4df380" parentExecutionId="19f08e82-97b5-4097-9c42-a75f7fc1e362" testId="921e6ab0-d7c2-6005-e523-6fd2d5e1a723" testName="first_person_tenses_active" computerName="ARPAN-LAP" duration="00:00:00.0510901" startTime="2014-06-29T11:53:42.2753981+05:30" endTime="2014-06-29T11:53:42.3264010+05:30" testType="13cdc9d9-ddb5-4fa4-a97d-d965ccfc6d4b" outcome="Passed" testListId="8c84fa94-04c1-424b-9868-57a2d4851a1d" relativeResultsDirectory="19f08e82-97b5-4097-9c42-a75f7fc1e362" dataRowInfo="8" resultType="DataDrivenDataRow" />
        <UnitTestResult executionId="3f770f3e-34de-41ad-abd7-38ec056ab4a5" parentExecutionId="19f08e82-97b5-4097-9c42-a75f7fc1e362" testId="921e6ab0-d7c2-6005-e523-6fd2d5e1a723" testName="first_person_tenses_active" computerName="ARPAN-LAP" duration="00:00:00.0440280" startTime="2014-06-29T11:53:42.3264010+05:30" endTime="2014-06-29T11:53:42.3704035+05:30" testType="13cdc9d9-ddb5-4fa4-a97d-d965ccfc6d4b" outcome="Passed" testListId="8c84fa94-04c1-424b-9868-57a2d4851a1d" relativeResultsDirectory="19f08e82-97b5-4097-9c42-a75f7fc1e362" dataRowInfo="9" resultType="DataDrivenDataRow" />
      </InnerResults>
    </UnitTestResult>
    <UnitTestResult executionId="240526cd-b630-41a2-affe-e4a9e082757e" testId="9319d01e-de3e-d310-c76e-cae8dce4c924" testName="all_persons_modal_should_negation" computerName="ARPAN-LAP" duration="00:00:00.6510929" startTime="2014-06-29T11:53:42.4104058+05:30" endTime="2014-06-29T11:53:43.1914504+05:30" testType="13cdc9d9-ddb5-4fa4-a97d-d965ccfc6d4b" outcome="Passed" testListId="8c84fa94-04c1-424b-9868-57a2d4851a1d" relativeResultsDirectory="240526cd-b630-41a2-affe-e4a9e082757e" resultType="DataDrivenTest">
      <Counters error="0" failed="0" timeout="0" aborted="0" inconclusive="0" passedButRunAborted="0" notRunnable="0" notExecuted="0" disconnected="0" warning="0" passed="17" completed="0" inProgress="0" pending="0" />
      <InnerResults>
        <UnitTestResult executionId="222c3d3a-69db-4900-b096-671f3d2acf1a" parentExecutionId="240526cd-b630-41a2-affe-e4a9e082757e" testId="9319d01e-de3e-d310-c76e-cae8dce4c924" testName="all_persons_modal_should_negation" computerName="ARPAN-LAP" duration="00:00:00.0277054" startTime="2014-06-29T11:53:42.4614087+05:30" endTime="2014-06-29T11:53:42.4894103+05:30" testType="13cdc9d9-ddb5-4fa4-a97d-d965ccfc6d4b" outcome="Passed" testListId="8c84fa94-04c1-424b-9868-57a2d4851a1d" relativeResultsDirectory="240526cd-b630-41a2-affe-e4a9e082757e" dataRowInfo="0" resultType="DataDrivenDataRow" />
        <UnitTestResult executionId="3d88c5ca-5f9f-43bf-b41c-44bf2385ca55" parentExecutionId="240526cd-b630-41a2-affe-e4a9e082757e" testId="9319d01e-de3e-d310-c76e-cae8dce4c924" testName="all_persons_modal_should_negation" computerName="ARPAN-LAP" duration="00:00:00.0359373" startTime="2014-06-29T11:53:42.4894103+05:30" endTime="2014-06-29T11:53:42.5254124+05:30" testType="13cdc9d9-ddb5-4fa4-a97d-d965ccfc6d4b" outcome="Passed" testListId="8c84fa94-04c1-424b-9868-57a2d4851a1d" relativeResultsDirectory="240526cd-b630-41a2-affe-e4a9e082757e" dataRowInfo="1" resultType="DataDrivenDataRow" />
        <UnitTestResult executionId="c115864f-1cce-439f-9902-09165c717805" parentExecutionId="240526cd-b630-41a2-affe-e4a9e082757e" testId="9319d01e-de3e-d310-c76e-cae8dce4c924" testName="all_persons_modal_should_negation" computerName="ARPAN-LAP" duration="00:00:00.0318301" startTime="2014-06-29T11:53:42.5254124+05:30" endTime="2014-06-29T11:53:42.5574142+05:30" testType="13cdc9d9-ddb5-4fa4-a97d-d965ccfc6d4b" outcome="Passed" testListId="8c84fa94-04c1-424b-9868-57a2d4851a1d" relativeResultsDirectory="240526cd-b630-41a2-affe-e4a9e082757e" dataRowInfo="2" resultType="DataDrivenDataRow" />
        <UnitTestResult executionId="0f9166b3-2f4c-4fd3-a297-2a6e5be3e09e" parentExecutionId="240526cd-b630-41a2-affe-e4a9e082757e" testId="9319d01e-de3e-d310-c76e-cae8dce4c924" testName="all_persons_modal_should_negation" computerName="ARPAN-LAP" duration="00:00:00.0357299" startTime="2014-06-29T11:53:42.5574142+05:30" endTime="2014-06-29T11:53:42.5934162+05:30" testType="13cdc9d9-ddb5-4fa4-a97d-d965ccfc6d4b" outcome="Passed" testListId="8c84fa94-04c1-424b-9868-57a2d4851a1d" relativeResultsDirectory="240526cd-b630-41a2-affe-e4a9e082757e" dataRowInfo="3" resultType="DataDrivenDataRow" />
        <UnitTestResult executionId="90f86870-ce49-48db-80bd-66de0b12d90b" parentExecutionId="240526cd-b630-41a2-affe-e4a9e082757e" testId="9319d01e-de3e-d310-c76e-cae8dce4c924" testName="all_persons_modal_should_negation" computerName="ARPAN-LAP" duration="00:00:00.0373128" startTime="2014-06-29T11:53:42.5934162+05:30" endTime="2014-06-29T11:53:42.6304184+05:30" testType="13cdc9d9-ddb5-4fa4-a97d-d965ccfc6d4b" outcome="Passed" testListId="8c84fa94-04c1-424b-9868-57a2d4851a1d" relativeResultsDirectory="240526cd-b630-41a2-affe-e4a9e082757e" dataRowInfo="4" resultType="DataDrivenDataRow" />
        <UnitTestResult executionId="2ab84ae1-f8ee-45a2-a1b1-ea1e920e8b5f" parentExecutionId="240526cd-b630-41a2-affe-e4a9e082757e" testId="9319d01e-de3e-d310-c76e-cae8dce4c924" testName="all_persons_modal_should_negation" computerName="ARPAN-LAP" duration="00:00:00.0295039" startTime="2014-06-29T11:53:42.6304184+05:30" endTime="2014-06-29T11:53:42.6604201+05:30" testType="13cdc9d9-ddb5-4fa4-a97d-d965ccfc6d4b" outcome="Passed" testListId="8c84fa94-04c1-424b-9868-57a2d4851a1d" relativeResultsDirectory="240526cd-b630-41a2-affe-e4a9e082757e" dataRowInfo="5" resultType="DataDrivenDataRow" />
        <UnitTestResult executionId="8273cc83-eb2b-4b0d-b78d-ca47ac3cc34e" parentExecutionId="240526cd-b630-41a2-affe-e4a9e082757e" testId="9319d01e-de3e-d310-c76e-cae8dce4c924" testName="all_persons_modal_should_negation" computerName="ARPAN-LAP" duration="00:00:00.0296281" startTime="2014-06-29T11:53:42.6604201+05:30" endTime="2014-06-29T11:53:42.6894217+05:30" testType="13cdc9d9-ddb5-4fa4-a97d-d965ccfc6d4b" outcome="Passed" testListId="8c84fa94-04c1-424b-9868-57a2d4851a1d" relativeResultsDirectory="240526cd-b630-41a2-affe-e4a9e082757e" dataRowInfo="6" resultType="DataDrivenDataRow" />
        <UnitTestResult executionId="4bd454af-2e27-43b2-9266-1cd662fe8f07" parentExecutionId="240526cd-b630-41a2-affe-e4a9e082757e" testId="9319d01e-de3e-d310-c76e-cae8dce4c924" testName="all_persons_modal_should_negation" computerName="ARPAN-LAP" duration="00:00:00.0486454" startTime="2014-06-29T11:53:42.6894217+05:30" endTime="2014-06-29T11:53:42.7384245+05:30" testType="13cdc9d9-ddb5-4fa4-a97d-d965ccfc6d4b" outcome="Passed" testListId="8c84fa94-04c1-424b-9868-57a2d4851a1d" relativeResultsDirectory="240526cd-b630-41a2-affe-e4a9e082757e" dataRowInfo="7" resultType="DataDrivenDataRow" />
        <UnitTestResult executionId="26312608-8875-4192-9d20-04d748fec146" parentExecutionId="240526cd-b630-41a2-affe-e4a9e082757e" testId="9319d01e-de3e-d310-c76e-cae8dce4c924" testName="all_persons_modal_should_negation" computerName="ARPAN-LAP" duration="00:00:00.0343323" startTime="2014-06-29T11:53:42.7384245+05:30" endTime="2014-06-29T11:53:42.7724265+05:30" testType="13cdc9d9-ddb5-4fa4-a97d-d965ccfc6d4b" outcome="Passed" testListId="8c84fa94-04c1-424b-9868-57a2d4851a1d" relativeResultsDirectory="240526cd-b630-41a2-affe-e4a9e082757e" dataRowInfo="8" resultType="DataDrivenDataRow" />
        <UnitTestResult executionId="3946e99d-bd32-48ae-acf8-934ccb42dc11" parentExecutionId="240526cd-b630-41a2-affe-e4a9e082757e" testId="9319d01e-de3e-d310-c76e-cae8dce4c924" testName="all_persons_modal_should_negation" computerName="ARPAN-LAP" duration="00:00:00.0273641" startTime="2014-06-29T11:53:42.7724265+05:30" endTime="2014-06-29T11:53:42.8004281+05:30" testType="13cdc9d9-ddb5-4fa4-a97d-d965ccfc6d4b" outcome="Passed" testListId="8c84fa94-04c1-424b-9868-57a2d4851a1d" relativeResultsDirectory="240526cd-b630-41a2-affe-e4a9e082757e" dataRowInfo="9" resultType="DataDrivenDataRow" />
        <UnitTestResult executionId="11cf5985-7ba1-4408-9282-6faee2879982" parentExecutionId="240526cd-b630-41a2-affe-e4a9e082757e" testId="9319d01e-de3e-d310-c76e-cae8dce4c924" testName="all_persons_modal_should_negation" computerName="ARPAN-LAP" duration="00:00:00.0470039" startTime="2014-06-29T11:53:42.8004281+05:30" endTime="2014-06-29T11:53:42.8474308+05:30" testType="13cdc9d9-ddb5-4fa4-a97d-d965ccfc6d4b" outcome="Passed" testListId="8c84fa94-04c1-424b-9868-57a2d4851a1d" relativeResultsDirectory="240526cd-b630-41a2-affe-e4a9e082757e" dataRowInfo="10" resultType="DataDrivenDataRow" />
        <UnitTestResult executionId="1939b86e-7499-4235-8ea7-cc3e9b605a08" parentExecutionId="240526cd-b630-41a2-affe-e4a9e082757e" testId="9319d01e-de3e-d310-c76e-cae8dce4c924" testName="all_persons_modal_should_negation" computerName="ARPAN-LAP" duration="00:00:00.0324850" startTime="2014-06-29T11:53:42.8474308+05:30" endTime="2014-06-29T11:53:42.8794326+05:30" testType="13cdc9d9-ddb5-4fa4-a97d-d965ccfc6d4b" outcome="Passed" testListId="8c84fa94-04c1-424b-9868-57a2d4851a1d" relativeResultsDirectory="240526cd-b630-41a2-affe-e4a9e082757e" dataRowInfo="11" resultType="DataDrivenDataRow" />
        <UnitTestResult executionId="fa50657f-fa1b-417f-90b4-aa51f38d4a61" parentExecutionId="240526cd-b630-41a2-affe-e4a9e082757e" testId="9319d01e-de3e-d310-c76e-cae8dce4c924" testName="all_persons_modal_should_negation" computerName="ARPAN-LAP" duration="00:00:00.0600164" startTime="2014-06-29T11:53:42.8794326+05:30" endTime="2014-06-29T11:53:42.9394360+05:30" testType="13cdc9d9-ddb5-4fa4-a97d-d965ccfc6d4b" outcome="Passed" testListId="8c84fa94-04c1-424b-9868-57a2d4851a1d" relativeResultsDirectory="240526cd-b630-41a2-affe-e4a9e082757e" dataRowInfo="12" resultType="DataDrivenDataRow" />
        <UnitTestResult executionId="857803dd-1f72-46b9-b4f3-ccfd9f4b63d5" parentExecutionId="240526cd-b630-41a2-affe-e4a9e082757e" testId="9319d01e-de3e-d310-c76e-cae8dce4c924" testName="all_persons_modal_should_negation" computerName="ARPAN-LAP" duration="00:00:00.0559421" startTime="2014-06-29T11:53:42.9394360+05:30" endTime="2014-06-29T11:53:42.9954392+05:30" testType="13cdc9d9-ddb5-4fa4-a97d-d965ccfc6d4b" outcome="Passed" testListId="8c84fa94-04c1-424b-9868-57a2d4851a1d" relativeResultsDirectory="240526cd-b630-41a2-affe-e4a9e082757e" dataRowInfo="13" resultType="DataDrivenDataRow" />
        <UnitTestResult executionId="f2ea1f76-1cbd-4b78-a690-836e3fc3c8c1" parentExecutionId="240526cd-b630-41a2-affe-e4a9e082757e" testId="9319d01e-de3e-d310-c76e-cae8dce4c924" testName="all_persons_modal_should_negation" computerName="ARPAN-LAP" duration="00:00:00.0312254" startTime="2014-06-29T11:53:42.9954392+05:30" endTime="2014-06-29T11:53:43.0274411+05:30" testType="13cdc9d9-ddb5-4fa4-a97d-d965ccfc6d4b" outcome="Passed" testListId="8c84fa94-04c1-424b-9868-57a2d4851a1d" relativeResultsDirectory="240526cd-b630-41a2-affe-e4a9e082757e" dataRowInfo="14" resultType="DataDrivenDataRow" />
        <UnitTestResult executionId="ae9fca75-7a78-4d45-9fba-6aa39493d606" parentExecutionId="240526cd-b630-41a2-affe-e4a9e082757e" testId="9319d01e-de3e-d310-c76e-cae8dce4c924" testName="all_persons_modal_should_negation" computerName="ARPAN-LAP" duration="00:00:00.0279918" startTime="2014-06-29T11:53:43.0274411+05:30" endTime="2014-06-29T11:53:43.0554427+05:30" testType="13cdc9d9-ddb5-4fa4-a97d-d965ccfc6d4b" outcome="Passed" testListId="8c84fa94-04c1-424b-9868-57a2d4851a1d" relativeResultsDirectory="240526cd-b630-41a2-affe-e4a9e082757e" dataRowInfo="15" resultType="DataDrivenDataRow" />
        <UnitTestResult executionId="9421b82d-d230-46cf-96a7-3afd7bd3f6d1" parentExecutionId="240526cd-b630-41a2-affe-e4a9e082757e" testId="9319d01e-de3e-d310-c76e-cae8dce4c924" testName="all_persons_modal_should_negation" computerName="ARPAN-LAP" duration="00:00:00.0490817" startTime="2014-06-29T11:53:43.0554427+05:30" endTime="2014-06-29T11:53:43.1044455+05:30" testType="13cdc9d9-ddb5-4fa4-a97d-d965ccfc6d4b" outcome="Passed" testListId="8c84fa94-04c1-424b-9868-57a2d4851a1d" relativeResultsDirectory="240526cd-b630-41a2-affe-e4a9e082757e" dataRowInfo="16" resultType="DataDrivenDataRow" />
      </InnerResults>
    </UnitTestResult>
    <UnitTestResult executionId="241dd9d9-5287-4bab-a0f8-6ff45326898c" testId="97a1371f-e8e6-db3e-323e-49ffeef32df1" testName="interrogative_sentences_which" computerName="ARPAN-LAP" duration="00:00:00.0550177" startTime="2014-06-29T11:53:43.2054512+05:30" endTime="2014-06-29T11:53:43.2764553+05:30" testType="13cdc9d9-ddb5-4fa4-a97d-d965ccfc6d4b" outcome="Passed" testListId="8c84fa94-04c1-424b-9868-57a2d4851a1d" relativeResultsDirectory="241dd9d9-5287-4bab-a0f8-6ff45326898c" resultType="DataDrivenTest">
      <Counters error="0" failed="0" timeout="0" aborted="0" inconclusive="0" passedButRunAborted="0" notRunnable="0" notExecuted="0" disconnected="0" warning="0" passed="2" completed="0" inProgress="0" pending="0" />
      <InnerResults>
        <UnitTestResult executionId="5c6240cc-5ba5-468d-a3d1-949229acc5e3" parentExecutionId="241dd9d9-5287-4bab-a0f8-6ff45326898c" testId="97a1371f-e8e6-db3e-323e-49ffeef32df1" testName="interrogative_sentences_which" computerName="ARPAN-LAP" duration="00:00:00.0252201" startTime="2014-06-29T11:53:43.2124516+05:30" endTime="2014-06-29T11:53:43.2384531+05:30" testType="13cdc9d9-ddb5-4fa4-a97d-d965ccfc6d4b" outcome="Passed" testListId="8c84fa94-04c1-424b-9868-57a2d4851a1d" relativeResultsDirectory="241dd9d9-5287-4bab-a0f8-6ff45326898c" dataRowInfo="0" resultType="DataDrivenDataRow" />
        <UnitTestResult executionId="32d79902-6b93-47f4-82ee-badd39a451a8" parentExecutionId="241dd9d9-5287-4bab-a0f8-6ff45326898c" testId="97a1371f-e8e6-db3e-323e-49ffeef32df1" testName="interrogative_sentences_which" computerName="ARPAN-LAP" duration="00:00:00.0279276" startTime="2014-06-29T11:53:43.2384531+05:30" endTime="2014-06-29T11:53:43.2654547+05:30" testType="13cdc9d9-ddb5-4fa4-a97d-d965ccfc6d4b" outcome="Passed" testListId="8c84fa94-04c1-424b-9868-57a2d4851a1d" relativeResultsDirectory="241dd9d9-5287-4bab-a0f8-6ff45326898c" dataRowInfo="1" resultType="DataDrivenDataRow" />
      </InnerResults>
    </UnitTestResult>
    <UnitTestResult executionId="ca858206-dba1-4f4c-9acc-fc20bdcb7f05" testId="b9261b51-b0a2-10e2-9308-22bb2624de8b" testName="interrogative_sentences_where" computerName="ARPAN-LAP" duration="00:00:00.1209568" startTime="2014-06-29T11:53:43.2774554+05:30" endTime="2014-06-29T11:53:43.4214636+05:30" testType="13cdc9d9-ddb5-4fa4-a97d-d965ccfc6d4b" outcome="Failed" testListId="8c84fa94-04c1-424b-9868-57a2d4851a1d" relativeResultsDirectory="ca858206-dba1-4f4c-9acc-fc20bdcb7f05" resultType="DataDrivenTest">
      <Counters error="0" failed="1" timeout="0" aborted="0" inconclusive="0" passedButRunAborted="0" notRunnable="0" notExecuted="0" disconnected="0" warning="0" passed="2" completed="0" inProgress="0" pending="0" />
      <InnerResults>
        <UnitTestResult executionId="98fb8013-946e-477f-853c-5e03f7f81a31" parentExecutionId="ca858206-dba1-4f4c-9acc-fc20bdcb7f05" testId="b9261b51-b0a2-10e2-9308-22bb2624de8b" testName="interrogative_sentences_where" computerName="ARPAN-LAP" duration="00:00:00.0303934" startTime="2014-06-29T11:53:43.3144575+05:30" endTime="2014-06-29T11:53:43.3454593+05:30" testType="13cdc9d9-ddb5-4fa4-a97d-d965ccfc6d4b" outcome="Failed" testListId="8c84fa94-04c1-424b-9868-57a2d4851a1d" relativeResultsDirectory="ca858206-dba1-4f4c-9acc-fc20bdcb7f05" dataRowInfo="0" resultType="DataDrivenDataRow">
          <Output>
            <ErrorInfo>
              <Message>Assert.AreEqual failed. Expected:&lt;আজ আপনি কোথায় ?&gt;. Actual:&lt;আপনি আজ কোথায় ?&gt;. Where are you today?</Message>
              <StackTrace>   at UnitTest.BnlpTest.interrogative_sentences_where() in D:\software\Project\BNLP\UnitTest\BnlpTest.cs:line 310
</StackTrace>
            </ErrorInfo>
          </Output>
        </UnitTestResult>
        <UnitTestResult executionId="bd0ae3da-47ce-4df2-a018-f823d2601be1" parentExecutionId="ca858206-dba1-4f4c-9acc-fc20bdcb7f05" testId="b9261b51-b0a2-10e2-9308-22bb2624de8b" testName="interrogative_sentences_where" computerName="ARPAN-LAP" duration="00:00:00.0285420" startTime="2014-06-29T11:53:43.3454593+05:30" endTime="2014-06-29T11:53:43.3734609+05:30" testType="13cdc9d9-ddb5-4fa4-a97d-d965ccfc6d4b" outcome="Passed" testListId="8c84fa94-04c1-424b-9868-57a2d4851a1d" relativeResultsDirectory="ca858206-dba1-4f4c-9acc-fc20bdcb7f05" dataRowInfo="1" resultType="DataDrivenDataRow" />
        <UnitTestResult executionId="2c06aa2d-0ce7-4d37-b889-becc812866d2" parentExecutionId="ca858206-dba1-4f4c-9acc-fc20bdcb7f05" testId="b9261b51-b0a2-10e2-9308-22bb2624de8b" testName="interrogative_sentences_where" computerName="ARPAN-LAP" duration="00:00:00.0329490" startTime="2014-06-29T11:53:43.3734609+05:30" endTime="2014-06-29T11:53:43.4064627+05:30" testType="13cdc9d9-ddb5-4fa4-a97d-d965ccfc6d4b" outcome="Passed" testListId="8c84fa94-04c1-424b-9868-57a2d4851a1d" relativeResultsDirectory="ca858206-dba1-4f4c-9acc-fc20bdcb7f05" dataRowInfo="2" resultType="DataDrivenDataRow" />
      </InnerResults>
    </UnitTestResult>
    <UnitTestResult executionId="0722ca07-e927-43c8-a3d5-6c67521b7f67" testId="bdfe92b2-f4ac-73a5-f13d-5c1ea13721b4" testName="all_persons_tenses_passive_negation" computerName="ARPAN-LAP" duration="00:00:00.4023259" startTime="2014-06-29T11:53:43.4224637+05:30" endTime="2014-06-29T11:53:43.8644889+05:30" testType="13cdc9d9-ddb5-4fa4-a97d-d965ccfc6d4b" outcome="Passed" testListId="8c84fa94-04c1-424b-9868-57a2d4851a1d" relativeResultsDirectory="0722ca07-e927-43c8-a3d5-6c67521b7f67" resultType="DataDrivenTest">
      <Counters error="0" failed="0" timeout="0" aborted="0" inconclusive="0" passedButRunAborted="0" notRunnable="0" notExecuted="0" disconnected="0" warning="0" passed="10" completed="0" inProgress="0" pending="0" />
      <InnerResults>
        <UnitTestResult executionId="1dff8bc1-064c-4500-9d29-b14cb372633f" parentExecutionId="0722ca07-e927-43c8-a3d5-6c67521b7f67" testId="bdfe92b2-f4ac-73a5-f13d-5c1ea13721b4" testName="all_persons_tenses_passive_negation" computerName="ARPAN-LAP" duration="00:00:00.0595447" startTime="2014-06-29T11:53:43.4624659+05:30" endTime="2014-06-29T11:53:43.5214693+05:30" testType="13cdc9d9-ddb5-4fa4-a97d-d965ccfc6d4b" outcome="Passed" testListId="8c84fa94-04c1-424b-9868-57a2d4851a1d" relativeResultsDirectory="0722ca07-e927-43c8-a3d5-6c67521b7f67" dataRowInfo="0" resultType="DataDrivenDataRow" />
        <UnitTestResult executionId="1d432091-36dc-495a-8859-90ce104014fd" parentExecutionId="0722ca07-e927-43c8-a3d5-6c67521b7f67" testId="bdfe92b2-f4ac-73a5-f13d-5c1ea13721b4" testName="all_persons_tenses_passive_negation" computerName="ARPAN-LAP" duration="00:00:00.0329023" startTime="2014-06-29T11:53:43.5224694+05:30" endTime="2014-06-29T11:53:43.5554713+05:30" testType="13cdc9d9-ddb5-4fa4-a97d-d965ccfc6d4b" outcome="Passed" testListId="8c84fa94-04c1-424b-9868-57a2d4851a1d" relativeResultsDirectory="0722ca07-e927-43c8-a3d5-6c67521b7f67" dataRowInfo="1" resultType="DataDrivenDataRow" />
        <UnitTestResult executionId="49339929-9d32-4440-8e19-efc8ce1ce2c3" parentExecutionId="0722ca07-e927-43c8-a3d5-6c67521b7f67" testId="bdfe92b2-f4ac-73a5-f13d-5c1ea13721b4" testName="all_persons_tenses_passive_negation" computerName="ARPAN-LAP" duration="00:00:00.0344257" startTime="2014-06-29T11:53:43.5554713+05:30" endTime="2014-06-29T11:53:43.5894732+05:30" testType="13cdc9d9-ddb5-4fa4-a97d-d965ccfc6d4b" outcome="Passed" testListId="8c84fa94-04c1-424b-9868-57a2d4851a1d" relativeResultsDirectory="0722ca07-e927-43c8-a3d5-6c67521b7f67" dataRowInfo="2" resultType="DataDrivenDataRow" />
        <UnitTestResult executionId="d811c6ef-17f6-494f-99e7-3589c3745e45" parentExecutionId="0722ca07-e927-43c8-a3d5-6c67521b7f67" testId="bdfe92b2-f4ac-73a5-f13d-5c1ea13721b4" testName="all_persons_tenses_passive_negation" computerName="ARPAN-LAP" duration="00:00:00.0387413" startTime="2014-06-29T11:53:43.5894732+05:30" endTime="2014-06-29T11:53:43.6284754+05:30" testType="13cdc9d9-ddb5-4fa4-a97d-d965ccfc6d4b" outcome="Passed" testListId="8c84fa94-04c1-424b-9868-57a2d4851a1d" relativeResultsDirectory="0722ca07-e927-43c8-a3d5-6c67521b7f67" dataRowInfo="3" resultType="DataDrivenDataRow" />
        <UnitTestResult executionId="82ad6cd8-d29f-4972-8af7-cb9449024119" parentExecutionId="0722ca07-e927-43c8-a3d5-6c67521b7f67" testId="bdfe92b2-f4ac-73a5-f13d-5c1ea13721b4" testName="all_persons_tenses_passive_negation" computerName="ARPAN-LAP" duration="00:00:00.0246309" startTime="2014-06-29T11:53:43.6284754+05:30" endTime="2014-06-29T11:53:43.6524768+05:30" testType="13cdc9d9-ddb5-4fa4-a97d-d965ccfc6d4b" outcome="Passed" testListId="8c84fa94-04c1-424b-9868-57a2d4851a1d" relativeResultsDirectory="0722ca07-e927-43c8-a3d5-6c67521b7f67" dataRowInfo="4" resultType="DataDrivenDataRow" />
        <UnitTestResult executionId="a091e39f-ff3d-4e93-a57c-951ad12e569d" parentExecutionId="0722ca07-e927-43c8-a3d5-6c67521b7f67" testId="bdfe92b2-f4ac-73a5-f13d-5c1ea13721b4" testName="all_persons_tenses_passive_negation" computerName="ARPAN-LAP" duration="00:00:00.0311002" startTime="2014-06-29T11:53:43.6534769+05:30" endTime="2014-06-29T11:53:43.6844786+05:30" testType="13cdc9d9-ddb5-4fa4-a97d-d965ccfc6d4b" outcome="Passed" testListId="8c84fa94-04c1-424b-9868-57a2d4851a1d" relativeResultsDirectory="0722ca07-e927-43c8-a3d5-6c67521b7f67" dataRowInfo="5" resultType="DataDrivenDataRow" />
        <UnitTestResult executionId="44d37943-3014-4af6-b638-4794219bab7c" parentExecutionId="0722ca07-e927-43c8-a3d5-6c67521b7f67" testId="bdfe92b2-f4ac-73a5-f13d-5c1ea13721b4" testName="all_persons_tenses_passive_negation" computerName="ARPAN-LAP" duration="00:00:00.0302769" startTime="2014-06-29T11:53:43.6844786+05:30" endTime="2014-06-29T11:53:43.7144804+05:30" testType="13cdc9d9-ddb5-4fa4-a97d-d965ccfc6d4b" outcome="Passed" testListId="8c84fa94-04c1-424b-9868-57a2d4851a1d" relativeResultsDirectory="0722ca07-e927-43c8-a3d5-6c67521b7f67" dataRowInfo="6" resultType="DataDrivenDataRow" />
        <UnitTestResult executionId="3cfab914-595e-4e0b-8dd8-55e50dd52c0e" parentExecutionId="0722ca07-e927-43c8-a3d5-6c67521b7f67" testId="bdfe92b2-f4ac-73a5-f13d-5c1ea13721b4" testName="all_persons_tenses_passive_negation" computerName="ARPAN-LAP" duration="00:00:00.0388460" startTime="2014-06-29T11:53:43.7144804+05:30" endTime="2014-06-29T11:53:43.7534826+05:30" testType="13cdc9d9-ddb5-4fa4-a97d-d965ccfc6d4b" outcome="Passed" testListId="8c84fa94-04c1-424b-9868-57a2d4851a1d" relativeResultsDirectory="0722ca07-e927-43c8-a3d5-6c67521b7f67" dataRowInfo="7" resultType="DataDrivenDataRow" />
        <UnitTestResult executionId="11666da9-03e0-4772-99c5-79a98b228bbd" parentExecutionId="0722ca07-e927-43c8-a3d5-6c67521b7f67" testId="bdfe92b2-f4ac-73a5-f13d-5c1ea13721b4" testName="all_persons_tenses_passive_negation" computerName="ARPAN-LAP" duration="00:00:00.0363032" startTime="2014-06-29T11:53:43.7534826+05:30" endTime="2014-06-29T11:53:43.7894847+05:30" testType="13cdc9d9-ddb5-4fa4-a97d-d965ccfc6d4b" outcome="Passed" testListId="8c84fa94-04c1-424b-9868-57a2d4851a1d" relativeResultsDirectory="0722ca07-e927-43c8-a3d5-6c67521b7f67" dataRowInfo="8" resultType="DataDrivenDataRow" />
        <UnitTestResult executionId="8b7005ae-65dc-4a5e-bb3e-6e7b3d59fc1d" parentExecutionId="0722ca07-e927-43c8-a3d5-6c67521b7f67" testId="bdfe92b2-f4ac-73a5-f13d-5c1ea13721b4" testName="all_persons_tenses_passive_negation" computerName="ARPAN-LAP" duration="00:00:00.0379662" startTime="2014-06-29T11:53:43.7894847+05:30" endTime="2014-06-29T11:53:43.8274868+05:30" testType="13cdc9d9-ddb5-4fa4-a97d-d965ccfc6d4b" outcome="Passed" testListId="8c84fa94-04c1-424b-9868-57a2d4851a1d" relativeResultsDirectory="0722ca07-e927-43c8-a3d5-6c67521b7f67" dataRowInfo="9" resultType="DataDrivenDataRow" />
      </InnerResults>
    </UnitTestResult>
    <UnitTestResult executionId="5c14be31-ea03-4ded-9e8d-e2436333b7a2" testId="c79146bc-2376-961a-5de9-441b5dfc7188" testName="auxiliary_verbs_as_main_verbs" computerName="ARPAN-LAP" duration="00:00:00.7957132" startTime="2014-06-29T11:53:43.8714893+05:30" endTime="2014-06-29T11:53:44.7495396+05:30" testType="13cdc9d9-ddb5-4fa4-a97d-d965ccfc6d4b" outcome="Passed" testListId="8c84fa94-04c1-424b-9868-57a2d4851a1d" relativeResultsDirectory="5c14be31-ea03-4ded-9e8d-e2436333b7a2" resultType="DataDrivenTest">
      <Counters error="0" failed="0" timeout="0" aborted="0" inconclusive="0" passedButRunAborted="0" notRunnable="0" notExecuted="0" disconnected="0" warning="0" passed="25" completed="0" inProgress="0" pending="0" />
      <InnerResults>
        <UnitTestResult executionId="9a90a68e-7a85-4db9-a495-d90f16e68f7f" parentExecutionId="5c14be31-ea03-4ded-9e8d-e2436333b7a2" testId="c79146bc-2376-961a-5de9-441b5dfc7188" testName="auxiliary_verbs_as_main_verbs" computerName="ARPAN-LAP" duration="00:00:00.0319851" startTime="2014-06-29T11:53:43.9184920+05:30" endTime="2014-06-29T11:53:43.9504939+05:30" testType="13cdc9d9-ddb5-4fa4-a97d-d965ccfc6d4b" outcome="Passed" testListId="8c84fa94-04c1-424b-9868-57a2d4851a1d" relativeResultsDirectory="5c14be31-ea03-4ded-9e8d-e2436333b7a2" dataRowInfo="0" resultType="DataDrivenDataRow" />
        <UnitTestResult executionId="170094af-fb58-4d67-b52e-994ee042a559" parentExecutionId="5c14be31-ea03-4ded-9e8d-e2436333b7a2" testId="c79146bc-2376-961a-5de9-441b5dfc7188" testName="auxiliary_verbs_as_main_verbs" computerName="ARPAN-LAP" duration="00:00:00.0319651" startTime="2014-06-29T11:53:43.9504939+05:30" endTime="2014-06-29T11:53:43.9824957+05:30" testType="13cdc9d9-ddb5-4fa4-a97d-d965ccfc6d4b" outcome="Passed" testListId="8c84fa94-04c1-424b-9868-57a2d4851a1d" relativeResultsDirectory="5c14be31-ea03-4ded-9e8d-e2436333b7a2" dataRowInfo="1" resultType="DataDrivenDataRow" />
        <UnitTestResult executionId="4ea5a52e-e090-4ef5-80fc-21032b22354e" parentExecutionId="5c14be31-ea03-4ded-9e8d-e2436333b7a2" testId="c79146bc-2376-961a-5de9-441b5dfc7188" testName="auxiliary_verbs_as_main_verbs" computerName="ARPAN-LAP" duration="00:00:00.0379709" startTime="2014-06-29T11:53:43.9824957+05:30" endTime="2014-06-29T11:53:44.0204979+05:30" testType="13cdc9d9-ddb5-4fa4-a97d-d965ccfc6d4b" outcome="Passed" testListId="8c84fa94-04c1-424b-9868-57a2d4851a1d" relativeResultsDirectory="5c14be31-ea03-4ded-9e8d-e2436333b7a2" dataRowInfo="2" resultType="DataDrivenDataRow" />
        <UnitTestResult executionId="28314a72-53b5-477e-9091-739d9efe5f10" parentExecutionId="5c14be31-ea03-4ded-9e8d-e2436333b7a2" testId="c79146bc-2376-961a-5de9-441b5dfc7188" testName="auxiliary_verbs_as_main_verbs" computerName="ARPAN-LAP" duration="00:00:00.0371019" startTime="2014-06-29T11:53:44.0204979+05:30" endTime="2014-06-29T11:53:44.0575000+05:30" testType="13cdc9d9-ddb5-4fa4-a97d-d965ccfc6d4b" outcome="Passed" testListId="8c84fa94-04c1-424b-9868-57a2d4851a1d" relativeResultsDirectory="5c14be31-ea03-4ded-9e8d-e2436333b7a2" dataRowInfo="3" resultType="DataDrivenDataRow" />
        <UnitTestResult executionId="588aa21d-b346-4eb1-b44a-53b88fbcdfd2" parentExecutionId="5c14be31-ea03-4ded-9e8d-e2436333b7a2" testId="c79146bc-2376-961a-5de9-441b5dfc7188" testName="auxiliary_verbs_as_main_verbs" computerName="ARPAN-LAP" duration="00:00:00.0369274" startTime="2014-06-29T11:53:44.0575000+05:30" endTime="2014-06-29T11:53:44.0945021+05:30" testType="13cdc9d9-ddb5-4fa4-a97d-d965ccfc6d4b" outcome="Passed" testListId="8c84fa94-04c1-424b-9868-57a2d4851a1d" relativeResultsDirectory="5c14be31-ea03-4ded-9e8d-e2436333b7a2" dataRowInfo="4" resultType="DataDrivenDataRow" />
        <UnitTestResult executionId="da56da19-8949-490b-9d67-43698a9dc648" parentExecutionId="5c14be31-ea03-4ded-9e8d-e2436333b7a2" testId="c79146bc-2376-961a-5de9-441b5dfc7188" testName="auxiliary_verbs_as_main_verbs" computerName="ARPAN-LAP" duration="00:00:00.0325656" startTime="2014-06-29T11:53:44.0945021+05:30" endTime="2014-06-29T11:53:44.1275040+05:30" testType="13cdc9d9-ddb5-4fa4-a97d-d965ccfc6d4b" outcome="Passed" testListId="8c84fa94-04c1-424b-9868-57a2d4851a1d" relativeResultsDirectory="5c14be31-ea03-4ded-9e8d-e2436333b7a2" dataRowInfo="5" resultType="DataDrivenDataRow" />
        <UnitTestResult executionId="df6fe8ea-eb39-435d-9a61-ece15045083f" parentExecutionId="5c14be31-ea03-4ded-9e8d-e2436333b7a2" testId="c79146bc-2376-961a-5de9-441b5dfc7188" testName="auxiliary_verbs_as_main_verbs" computerName="ARPAN-LAP" duration="00:00:00.0432360" startTime="2014-06-29T11:53:44.1275040+05:30" endTime="2014-06-29T11:53:44.1705064+05:30" testType="13cdc9d9-ddb5-4fa4-a97d-d965ccfc6d4b" outcome="Passed" testListId="8c84fa94-04c1-424b-9868-57a2d4851a1d" relativeResultsDirectory="5c14be31-ea03-4ded-9e8d-e2436333b7a2" dataRowInfo="6" resultType="DataDrivenDataRow" />
        <UnitTestResult executionId="5737e31f-3549-480d-85aa-ff16ca0e2b61" parentExecutionId="5c14be31-ea03-4ded-9e8d-e2436333b7a2" testId="c79146bc-2376-961a-5de9-441b5dfc7188" testName="auxiliary_verbs_as_main_verbs" computerName="ARPAN-LAP" duration="00:00:00.0447045" startTime="2014-06-29T11:53:44.1705064+05:30" endTime="2014-06-29T11:53:44.2155090+05:30" testType="13cdc9d9-ddb5-4fa4-a97d-d965ccfc6d4b" outcome="Passed" testListId="8c84fa94-04c1-424b-9868-57a2d4851a1d" relativeResultsDirectory="5c14be31-ea03-4ded-9e8d-e2436333b7a2" dataRowInfo="7" resultType="DataDrivenDataRow" />
        <UnitTestResult executionId="ecc36029-e9f4-4f0b-8090-741d445011bf" parentExecutionId="5c14be31-ea03-4ded-9e8d-e2436333b7a2" testId="c79146bc-2376-961a-5de9-441b5dfc7188" testName="auxiliary_verbs_as_main_verbs" computerName="ARPAN-LAP" duration="00:00:00.0495683" startTime="2014-06-29T11:53:44.2155090+05:30" endTime="2014-06-29T11:53:44.2645118+05:30" testType="13cdc9d9-ddb5-4fa4-a97d-d965ccfc6d4b" outcome="Passed" testListId="8c84fa94-04c1-424b-9868-57a2d4851a1d" relativeResultsDirectory="5c14be31-ea03-4ded-9e8d-e2436333b7a2" dataRowInfo="8" resultType="DataDrivenDataRow" />
        <UnitTestResult executionId="cf340d18-48a3-470a-96b7-3d2d27fc653c" parentExecutionId="5c14be31-ea03-4ded-9e8d-e2436333b7a2" testId="c79146bc-2376-961a-5de9-441b5dfc7188" testName="auxiliary_verbs_as_main_verbs" computerName="ARPAN-LAP" duration="00:00:00.0230716" startTime="2014-06-29T11:53:44.2645118+05:30" endTime="2014-06-29T11:53:44.2875131+05:30" testType="13cdc9d9-ddb5-4fa4-a97d-d965ccfc6d4b" outcome="Passed" testListId="8c84fa94-04c1-424b-9868-57a2d4851a1d" relativeResultsDirectory="5c14be31-ea03-4ded-9e8d-e2436333b7a2" dataRowInfo="9" resultType="DataDrivenDataRow" />
        <UnitTestResult executionId="388c4a73-e23c-40dc-b452-929ad6c35ea8" parentExecutionId="5c14be31-ea03-4ded-9e8d-e2436333b7a2" testId="c79146bc-2376-961a-5de9-441b5dfc7188" testName="auxiliary_verbs_as_main_verbs" computerName="ARPAN-LAP" duration="00:00:00.0205540" startTime="2014-06-29T11:53:44.2875131+05:30" endTime="2014-06-29T11:53:44.3085143+05:30" testType="13cdc9d9-ddb5-4fa4-a97d-d965ccfc6d4b" outcome="Passed" testListId="8c84fa94-04c1-424b-9868-57a2d4851a1d" relativeResultsDirectory="5c14be31-ea03-4ded-9e8d-e2436333b7a2" dataRowInfo="10" resultType="DataDrivenDataRow" />
        <UnitTestResult executionId="10f76fd9-f8bb-425c-8cae-534aa271c323" parentExecutionId="5c14be31-ea03-4ded-9e8d-e2436333b7a2" testId="c79146bc-2376-961a-5de9-441b5dfc7188" testName="auxiliary_verbs_as_main_verbs" computerName="ARPAN-LAP" duration="00:00:00.0286026" startTime="2014-06-29T11:53:44.3085143+05:30" endTime="2014-06-29T11:53:44.3375160+05:30" testType="13cdc9d9-ddb5-4fa4-a97d-d965ccfc6d4b" outcome="Passed" testListId="8c84fa94-04c1-424b-9868-57a2d4851a1d" relativeResultsDirectory="5c14be31-ea03-4ded-9e8d-e2436333b7a2" dataRowInfo="11" resultType="DataDrivenDataRow" />
        <UnitTestResult executionId="65160185-3b39-4a69-8b63-68b05dcec78c" parentExecutionId="5c14be31-ea03-4ded-9e8d-e2436333b7a2" testId="c79146bc-2376-961a-5de9-441b5dfc7188" testName="auxiliary_verbs_as_main_verbs" computerName="ARPAN-LAP" duration="00:00:00.0322022" startTime="2014-06-29T11:53:44.3375160+05:30" endTime="2014-06-29T11:53:44.3695178+05:30" testType="13cdc9d9-ddb5-4fa4-a97d-d965ccfc6d4b" outcome="Passed" testListId="8c84fa94-04c1-424b-9868-57a2d4851a1d" relativeResultsDirectory="5c14be31-ea03-4ded-9e8d-e2436333b7a2" dataRowInfo="12" resultType="DataDrivenDataRow" />
        <UnitTestResult executionId="17f35bce-a4ba-438d-b426-5a3f13ddb9ef" parentExecutionId="5c14be31-ea03-4ded-9e8d-e2436333b7a2" testId="c79146bc-2376-961a-5de9-441b5dfc7188" testName="auxiliary_verbs_as_main_verbs" computerName="ARPAN-LAP" duration="00:00:00.0306716" startTime="2014-06-29T11:53:44.3695178+05:30" endTime="2014-06-29T11:53:44.4005196+05:30" testType="13cdc9d9-ddb5-4fa4-a97d-d965ccfc6d4b" outcome="Passed" testListId="8c84fa94-04c1-424b-9868-57a2d4851a1d" relativeResultsDirectory="5c14be31-ea03-4ded-9e8d-e2436333b7a2" dataRowInfo="13" resultType="DataDrivenDataRow" />
        <UnitTestResult executionId="b58bd7ed-3225-42b6-9945-5724dd22e7e8" parentExecutionId="5c14be31-ea03-4ded-9e8d-e2436333b7a2" testId="c79146bc-2376-961a-5de9-441b5dfc7188" testName="auxiliary_verbs_as_main_verbs" computerName="ARPAN-LAP" duration="00:00:00.0226035" startTime="2014-06-29T11:53:44.4005196+05:30" endTime="2014-06-29T11:53:44.4225209+05:30" testType="13cdc9d9-ddb5-4fa4-a97d-d965ccfc6d4b" outcome="Passed" testListId="8c84fa94-04c1-424b-9868-57a2d4851a1d" relativeResultsDirectory="5c14be31-ea03-4ded-9e8d-e2436333b7a2" dataRowInfo="14" resultType="DataDrivenDataRow" />
        <UnitTestResult executionId="9a3e66d3-5565-4831-bb6b-c91189eccec2" parentExecutionId="5c14be31-ea03-4ded-9e8d-e2436333b7a2" testId="c79146bc-2376-961a-5de9-441b5dfc7188" testName="auxiliary_verbs_as_main_verbs" computerName="ARPAN-LAP" duration="00:00:00.0232363" startTime="2014-06-29T11:53:44.4225209+05:30" endTime="2014-06-29T11:53:44.4465222+05:30" testType="13cdc9d9-ddb5-4fa4-a97d-d965ccfc6d4b" outcome="Passed" testListId="8c84fa94-04c1-424b-9868-57a2d4851a1d" relativeResultsDirectory="5c14be31-ea03-4ded-9e8d-e2436333b7a2" dataRowInfo="15" resultType="DataDrivenDataRow" />
        <UnitTestResult executionId="16f84aca-9b11-4d81-ad9e-5f9dac812d37" parentExecutionId="5c14be31-ea03-4ded-9e8d-e2436333b7a2" testId="c79146bc-2376-961a-5de9-441b5dfc7188" testName="auxiliary_verbs_as_main_verbs" computerName="ARPAN-LAP" duration="00:00:00.0292699" startTime="2014-06-29T11:53:44.4465222+05:30" endTime="2014-06-29T11:53:44.4755239+05:30" testType="13cdc9d9-ddb5-4fa4-a97d-d965ccfc6d4b" outcome="Passed" testListId="8c84fa94-04c1-424b-9868-57a2d4851a1d" relativeResultsDirectory="5c14be31-ea03-4ded-9e8d-e2436333b7a2" dataRowInfo="16" resultType="DataDrivenDataRow" />
        <UnitTestResult executionId="b8af2a90-6982-40da-be3d-703f1009d2cf" parentExecutionId="5c14be31-ea03-4ded-9e8d-e2436333b7a2" testId="c79146bc-2376-961a-5de9-441b5dfc7188" testName="auxiliary_verbs_as_main_verbs" computerName="ARPAN-LAP" duration="00:00:00.0205699" startTime="2014-06-29T11:53:44.4755239+05:30" endTime="2014-06-29T11:53:44.4965251+05:30" testType="13cdc9d9-ddb5-4fa4-a97d-d965ccfc6d4b" outcome="Passed" testListId="8c84fa94-04c1-424b-9868-57a2d4851a1d" relativeResultsDirectory="5c14be31-ea03-4ded-9e8d-e2436333b7a2" dataRowInfo="17" resultType="DataDrivenDataRow" />
        <UnitTestResult executionId="75b70017-7440-44a0-a92f-33e61e9e7078" parentExecutionId="5c14be31-ea03-4ded-9e8d-e2436333b7a2" testId="c79146bc-2376-961a-5de9-441b5dfc7188" testName="auxiliary_verbs_as_main_verbs" computerName="ARPAN-LAP" duration="00:00:00.0220348" startTime="2014-06-29T11:53:44.4965251+05:30" endTime="2014-06-29T11:53:44.5185264+05:30" testType="13cdc9d9-ddb5-4fa4-a97d-d965ccfc6d4b" outcome="Passed" testListId="8c84fa94-04c1-424b-9868-57a2d4851a1d" relativeResultsDirectory="5c14be31-ea03-4ded-9e8d-e2436333b7a2" dataRowInfo="18" resultType="DataDrivenDataRow" />
        <UnitTestResult executionId="aa5c6f2a-9251-4d23-b6a2-1f667751774b" parentExecutionId="5c14be31-ea03-4ded-9e8d-e2436333b7a2" testId="c79146bc-2376-961a-5de9-441b5dfc7188" testName="auxiliary_verbs_as_main_verbs" computerName="ARPAN-LAP" duration="00:00:00.0274883" startTime="2014-06-29T11:53:44.5185264+05:30" endTime="2014-06-29T11:53:44.5455279+05:30" testType="13cdc9d9-ddb5-4fa4-a97d-d965ccfc6d4b" outcome="Passed" testListId="8c84fa94-04c1-424b-9868-57a2d4851a1d" relativeResultsDirectory="5c14be31-ea03-4ded-9e8d-e2436333b7a2" dataRowInfo="19" resultType="DataDrivenDataRow" />
        <UnitTestResult executionId="3aed1cc3-14d8-4f2d-9f85-ecc8cffc2821" parentExecutionId="5c14be31-ea03-4ded-9e8d-e2436333b7a2" testId="c79146bc-2376-961a-5de9-441b5dfc7188" testName="auxiliary_verbs_as_main_verbs" computerName="ARPAN-LAP" duration="00:00:00.0274857" startTime="2014-06-29T11:53:44.5455279+05:30" endTime="2014-06-29T11:53:44.5735295+05:30" testType="13cdc9d9-ddb5-4fa4-a97d-d965ccfc6d4b" outcome="Passed" testListId="8c84fa94-04c1-424b-9868-57a2d4851a1d" relativeResultsDirectory="5c14be31-ea03-4ded-9e8d-e2436333b7a2" dataRowInfo="20" resultType="DataDrivenDataRow" />
        <UnitTestResult executionId="aaeb1663-7345-4af7-bbca-e159ebe6f9a1" parentExecutionId="5c14be31-ea03-4ded-9e8d-e2436333b7a2" testId="c79146bc-2376-961a-5de9-441b5dfc7188" testName="auxiliary_verbs_as_main_verbs" computerName="ARPAN-LAP" duration="00:00:00.0288023" startTime="2014-06-29T11:53:44.5735295+05:30" endTime="2014-06-29T11:53:44.6025312+05:30" testType="13cdc9d9-ddb5-4fa4-a97d-d965ccfc6d4b" outcome="Passed" testListId="8c84fa94-04c1-424b-9868-57a2d4851a1d" relativeResultsDirectory="5c14be31-ea03-4ded-9e8d-e2436333b7a2" dataRowInfo="21" resultType="DataDrivenDataRow" />
        <UnitTestResult executionId="00c562bf-837a-4775-980f-bd51b0a8f642" parentExecutionId="5c14be31-ea03-4ded-9e8d-e2436333b7a2" testId="c79146bc-2376-961a-5de9-441b5dfc7188" testName="auxiliary_verbs_as_main_verbs" computerName="ARPAN-LAP" duration="00:00:00.0185707" startTime="2014-06-29T11:53:44.6025312+05:30" endTime="2014-06-29T11:53:44.6205322+05:30" testType="13cdc9d9-ddb5-4fa4-a97d-d965ccfc6d4b" outcome="Passed" testListId="8c84fa94-04c1-424b-9868-57a2d4851a1d" relativeResultsDirectory="5c14be31-ea03-4ded-9e8d-e2436333b7a2" dataRowInfo="22" resultType="DataDrivenDataRow" />
        <UnitTestResult executionId="d1600592-2f26-4bc2-9d30-64b3298d7568" parentExecutionId="5c14be31-ea03-4ded-9e8d-e2436333b7a2" testId="c79146bc-2376-961a-5de9-441b5dfc7188" testName="auxiliary_verbs_as_main_verbs" computerName="ARPAN-LAP" duration="00:00:00.0200361" startTime="2014-06-29T11:53:44.6205322+05:30" endTime="2014-06-29T11:53:44.6405333+05:30" testType="13cdc9d9-ddb5-4fa4-a97d-d965ccfc6d4b" outcome="Passed" testListId="8c84fa94-04c1-424b-9868-57a2d4851a1d" relativeResultsDirectory="5c14be31-ea03-4ded-9e8d-e2436333b7a2" dataRowInfo="23" resultType="DataDrivenDataRow" />
        <UnitTestResult executionId="4ad75e7d-f9bf-44e8-99ec-b5b8b9d5d6de" parentExecutionId="5c14be31-ea03-4ded-9e8d-e2436333b7a2" testId="c79146bc-2376-961a-5de9-441b5dfc7188" testName="auxiliary_verbs_as_main_verbs" computerName="ARPAN-LAP" duration="00:00:00.0294418" startTime="2014-06-29T11:53:44.6405333+05:30" endTime="2014-06-29T11:53:44.6705350+05:30" testType="13cdc9d9-ddb5-4fa4-a97d-d965ccfc6d4b" outcome="Passed" testListId="8c84fa94-04c1-424b-9868-57a2d4851a1d" relativeResultsDirectory="5c14be31-ea03-4ded-9e8d-e2436333b7a2" dataRowInfo="24" resultType="DataDrivenDataRow" />
      </InnerResults>
    </UnitTestResult>
    <UnitTestResult executionId="418f0a19-d8ca-4854-8fe3-b3aa44f1a5fe" testId="d03eb628-bf1f-c27d-aeef-e708d613d686" testName="all_persons_modal_can_may_negation" computerName="ARPAN-LAP" duration="00:00:00.9011015" startTime="2014-06-29T11:53:44.7535398+05:30" endTime="2014-06-29T11:53:45.7945993+05:30" testType="13cdc9d9-ddb5-4fa4-a97d-d965ccfc6d4b" outcome="Passed" testListId="8c84fa94-04c1-424b-9868-57a2d4851a1d" relativeResultsDirectory="418f0a19-d8ca-4854-8fe3-b3aa44f1a5fe" resultType="DataDrivenTest">
      <Counters error="0" failed="0" timeout="0" aborted="0" inconclusive="0" passedButRunAborted="0" notRunnable="0" notExecuted="0" disconnected="0" warning="0" passed="24" completed="0" inProgress="0" pending="0" />
      <InnerResults>
        <UnitTestResult executionId="b9ee9af2-b99f-4b2c-ae4e-aa7fd91f2139" parentExecutionId="418f0a19-d8ca-4854-8fe3-b3aa44f1a5fe" testId="d03eb628-bf1f-c27d-aeef-e708d613d686" testName="all_persons_modal_can_may_negation" computerName="ARPAN-LAP" duration="00:00:00.0442841" startTime="2014-06-29T11:53:44.8305442+05:30" endTime="2014-06-29T11:53:44.8755468+05:30" testType="13cdc9d9-ddb5-4fa4-a97d-d965ccfc6d4b" outcome="Passed" testListId="8c84fa94-04c1-424b-9868-57a2d4851a1d" relativeResultsDirectory="418f0a19-d8ca-4854-8fe3-b3aa44f1a5fe" dataRowInfo="0" resultType="DataDrivenDataRow" />
        <UnitTestResult executionId="c578eaec-3bf8-401a-9df7-a4a310e3d0fc" parentExecutionId="418f0a19-d8ca-4854-8fe3-b3aa44f1a5fe" testId="d03eb628-bf1f-c27d-aeef-e708d613d686" testName="all_persons_modal_can_may_negation" computerName="ARPAN-LAP" duration="00:00:00.0244908" startTime="2014-06-29T11:53:44.8755468+05:30" endTime="2014-06-29T11:53:44.8995481+05:30" testType="13cdc9d9-ddb5-4fa4-a97d-d965ccfc6d4b" outcome="Passed" testListId="8c84fa94-04c1-424b-9868-57a2d4851a1d" relativeResultsDirectory="418f0a19-d8ca-4854-8fe3-b3aa44f1a5fe" dataRowInfo="1" resultType="DataDrivenDataRow" />
        <UnitTestResult executionId="6a2fc969-d0ba-4da4-b4ed-62a216821da9" parentExecutionId="418f0a19-d8ca-4854-8fe3-b3aa44f1a5fe" testId="d03eb628-bf1f-c27d-aeef-e708d613d686" testName="all_persons_modal_can_may_negation" computerName="ARPAN-LAP" duration="00:00:00.0298139" startTime="2014-06-29T11:53:44.8995481+05:30" endTime="2014-06-29T11:53:44.9295499+05:30" testType="13cdc9d9-ddb5-4fa4-a97d-d965ccfc6d4b" outcome="Passed" testListId="8c84fa94-04c1-424b-9868-57a2d4851a1d" relativeResultsDirectory="418f0a19-d8ca-4854-8fe3-b3aa44f1a5fe" dataRowInfo="2" resultType="DataDrivenDataRow" />
        <UnitTestResult executionId="0420fa64-a563-400c-a527-3b9731bc5569" parentExecutionId="418f0a19-d8ca-4854-8fe3-b3aa44f1a5fe" testId="d03eb628-bf1f-c27d-aeef-e708d613d686" testName="all_persons_modal_can_may_negation" computerName="ARPAN-LAP" duration="00:00:00.0251093" startTime="2014-06-29T11:53:44.9295499+05:30" endTime="2014-06-29T11:53:44.9545513+05:30" testType="13cdc9d9-ddb5-4fa4-a97d-d965ccfc6d4b" outcome="Passed" testListId="8c84fa94-04c1-424b-9868-57a2d4851a1d" relativeResultsDirectory="418f0a19-d8ca-4854-8fe3-b3aa44f1a5fe" dataRowInfo="3" resultType="DataDrivenDataRow" />
        <UnitTestResult executionId="3557c11f-84dc-4604-b8c3-f54069695368" parentExecutionId="418f0a19-d8ca-4854-8fe3-b3aa44f1a5fe" testId="d03eb628-bf1f-c27d-aeef-e708d613d686" testName="all_persons_modal_can_may_negation" computerName="ARPAN-LAP" duration="00:00:00.0345971" startTime="2014-06-29T11:53:44.9545513+05:30" endTime="2014-06-29T11:53:44.9905534+05:30" testType="13cdc9d9-ddb5-4fa4-a97d-d965ccfc6d4b" outcome="Passed" testListId="8c84fa94-04c1-424b-9868-57a2d4851a1d" relativeResultsDirectory="418f0a19-d8ca-4854-8fe3-b3aa44f1a5fe" dataRowInfo="4" resultType="DataDrivenDataRow" />
        <UnitTestResult executionId="2d9fd932-f189-461b-bd02-b6aa7eb01eea" parentExecutionId="418f0a19-d8ca-4854-8fe3-b3aa44f1a5fe" testId="d03eb628-bf1f-c27d-aeef-e708d613d686" testName="all_persons_modal_can_may_negation" computerName="ARPAN-LAP" duration="00:00:00.0405572" startTime="2014-06-29T11:53:44.9905534+05:30" endTime="2014-06-29T11:53:45.0305556+05:30" testType="13cdc9d9-ddb5-4fa4-a97d-d965ccfc6d4b" outcome="Passed" testListId="8c84fa94-04c1-424b-9868-57a2d4851a1d" relativeResultsDirectory="418f0a19-d8ca-4854-8fe3-b3aa44f1a5fe" dataRowInfo="5" resultType="DataDrivenDataRow" />
        <UnitTestResult executionId="cfe5360c-4181-4c97-9689-22b58f39ef58" parentExecutionId="418f0a19-d8ca-4854-8fe3-b3aa44f1a5fe" testId="d03eb628-bf1f-c27d-aeef-e708d613d686" testName="all_persons_modal_can_may_negation" computerName="ARPAN-LAP" duration="00:00:00.0570117" startTime="2014-06-29T11:53:45.0305556+05:30" endTime="2014-06-29T11:53:45.0875589+05:30" testType="13cdc9d9-ddb5-4fa4-a97d-d965ccfc6d4b" outcome="Passed" testListId="8c84fa94-04c1-424b-9868-57a2d4851a1d" relativeResultsDirectory="418f0a19-d8ca-4854-8fe3-b3aa44f1a5fe" dataRowInfo="6" resultType="DataDrivenDataRow" />
        <UnitTestResult executionId="da5ed337-3d6d-4589-b122-24832d43607b" parentExecutionId="418f0a19-d8ca-4854-8fe3-b3aa44f1a5fe" testId="d03eb628-bf1f-c27d-aeef-e708d613d686" testName="all_persons_modal_can_may_negation" computerName="ARPAN-LAP" duration="00:00:00.0537622" startTime="2014-06-29T11:53:45.0875589+05:30" endTime="2014-06-29T11:53:45.1415620+05:30" testType="13cdc9d9-ddb5-4fa4-a97d-d965ccfc6d4b" outcome="Passed" testListId="8c84fa94-04c1-424b-9868-57a2d4851a1d" relativeResultsDirectory="418f0a19-d8ca-4854-8fe3-b3aa44f1a5fe" dataRowInfo="7" resultType="DataDrivenDataRow" />
        <UnitTestResult executionId="8b5718c0-7807-4085-9758-6ebaf0c51ce1" parentExecutionId="418f0a19-d8ca-4854-8fe3-b3aa44f1a5fe" testId="d03eb628-bf1f-c27d-aeef-e708d613d686" testName="all_persons_modal_can_may_negation" computerName="ARPAN-LAP" duration="00:00:00.0405229" startTime="2014-06-29T11:53:45.1415620+05:30" endTime="2014-06-29T11:53:45.1825643+05:30" testType="13cdc9d9-ddb5-4fa4-a97d-d965ccfc6d4b" outcome="Passed" testListId="8c84fa94-04c1-424b-9868-57a2d4851a1d" relativeResultsDirectory="418f0a19-d8ca-4854-8fe3-b3aa44f1a5fe" dataRowInfo="8" resultType="DataDrivenDataRow" />
        <UnitTestResult executionId="7a74040a-308e-42d7-9a67-7b7eb2a3b5a1" parentExecutionId="418f0a19-d8ca-4854-8fe3-b3aa44f1a5fe" testId="d03eb628-bf1f-c27d-aeef-e708d613d686" testName="all_persons_modal_can_may_negation" computerName="ARPAN-LAP" duration="00:00:00.0226635" startTime="2014-06-29T11:53:45.1825643+05:30" endTime="2014-06-29T11:53:45.2045656+05:30" testType="13cdc9d9-ddb5-4fa4-a97d-d965ccfc6d4b" outcome="Passed" testListId="8c84fa94-04c1-424b-9868-57a2d4851a1d" relativeResultsDirectory="418f0a19-d8ca-4854-8fe3-b3aa44f1a5fe" dataRowInfo="9" resultType="DataDrivenDataRow" />
        <UnitTestResult executionId="1c0ab89e-ed21-4a06-98a5-3666d7cf0634" parentExecutionId="418f0a19-d8ca-4854-8fe3-b3aa44f1a5fe" testId="d03eb628-bf1f-c27d-aeef-e708d613d686" testName="all_persons_modal_can_may_negation" computerName="ARPAN-LAP" duration="00:00:00.0360589" startTime="2014-06-29T11:53:45.2045656+05:30" endTime="2014-06-29T11:53:45.2405677+05:30" testType="13cdc9d9-ddb5-4fa4-a97d-d965ccfc6d4b" outcome="Passed" testListId="8c84fa94-04c1-424b-9868-57a2d4851a1d" relativeResultsDirectory="418f0a19-d8ca-4854-8fe3-b3aa44f1a5fe" dataRowInfo="10" resultType="DataDrivenDataRow" />
        <UnitTestResult executionId="f1480919-86f5-42ab-9a14-69204b2f94bc" parentExecutionId="418f0a19-d8ca-4854-8fe3-b3aa44f1a5fe" testId="d03eb628-bf1f-c27d-aeef-e708d613d686" testName="all_persons_modal_can_may_negation" computerName="ARPAN-LAP" duration="00:00:00.0326790" startTime="2014-06-29T11:53:45.2415677+05:30" endTime="2014-06-29T11:53:45.2735695+05:30" testType="13cdc9d9-ddb5-4fa4-a97d-d965ccfc6d4b" outcome="Passed" testListId="8c84fa94-04c1-424b-9868-57a2d4851a1d" relativeResultsDirectory="418f0a19-d8ca-4854-8fe3-b3aa44f1a5fe" dataRowInfo="11" resultType="DataDrivenDataRow" />
        <UnitTestResult executionId="91304aba-fdc5-4dea-98c4-7426efa16191" parentExecutionId="418f0a19-d8ca-4854-8fe3-b3aa44f1a5fe" testId="d03eb628-bf1f-c27d-aeef-e708d613d686" testName="all_persons_modal_can_may_negation" computerName="ARPAN-LAP" duration="00:00:00.0615763" startTime="2014-06-29T11:53:45.2735695+05:30" endTime="2014-06-29T11:53:45.3355731+05:30" testType="13cdc9d9-ddb5-4fa4-a97d-d965ccfc6d4b" outcome="Passed" testListId="8c84fa94-04c1-424b-9868-57a2d4851a1d" relativeResultsDirectory="418f0a19-d8ca-4854-8fe3-b3aa44f1a5fe" dataRowInfo="12" resultType="DataDrivenDataRow" />
        <UnitTestResult executionId="0b47aafc-a5fb-4f63-82af-3f17076acbe0" parentExecutionId="418f0a19-d8ca-4854-8fe3-b3aa44f1a5fe" testId="d03eb628-bf1f-c27d-aeef-e708d613d686" testName="all_persons_modal_can_may_negation" computerName="ARPAN-LAP" duration="00:00:00.0321986" startTime="2014-06-29T11:53:45.3355731+05:30" endTime="2014-06-29T11:53:45.3685750+05:30" testType="13cdc9d9-ddb5-4fa4-a97d-d965ccfc6d4b" outcome="Passed" testListId="8c84fa94-04c1-424b-9868-57a2d4851a1d" relativeResultsDirectory="418f0a19-d8ca-4854-8fe3-b3aa44f1a5fe" dataRowInfo="13" resultType="DataDrivenDataRow" />
        <UnitTestResult executionId="39aa018e-6eae-45ae-84e2-f7b573ed1732" parentExecutionId="418f0a19-d8ca-4854-8fe3-b3aa44f1a5fe" testId="d03eb628-bf1f-c27d-aeef-e708d613d686" testName="all_persons_modal_can_may_negation" computerName="ARPAN-LAP" duration="00:00:00.0761091" startTime="2014-06-29T11:53:45.3685750+05:30" endTime="2014-06-29T11:53:45.4445793+05:30" testType="13cdc9d9-ddb5-4fa4-a97d-d965ccfc6d4b" outcome="Passed" testListId="8c84fa94-04c1-424b-9868-57a2d4851a1d" relativeResultsDirectory="418f0a19-d8ca-4854-8fe3-b3aa44f1a5fe" dataRowInfo="14" resultType="DataDrivenDataRow" />
        <UnitTestResult executionId="cf63eedf-72fa-4be5-9715-42aa510b01c2" parentExecutionId="418f0a19-d8ca-4854-8fe3-b3aa44f1a5fe" testId="d03eb628-bf1f-c27d-aeef-e708d613d686" testName="all_persons_modal_can_may_negation" computerName="ARPAN-LAP" duration="00:00:00.0274262" startTime="2014-06-29T11:53:45.4445793+05:30" endTime="2014-06-29T11:53:45.5085830+05:30" testType="13cdc9d9-ddb5-4fa4-a97d-d965ccfc6d4b" outcome="Passed" testListId="8c84fa94-04c1-424b-9868-57a2d4851a1d" relativeResultsDirectory="418f0a19-d8ca-4854-8fe3-b3aa44f1a5fe" dataRowInfo="15" resultType="DataDrivenDataRow" />
        <UnitTestResult executionId="8a6c6aa5-fdd2-4007-a7f5-4099299fbd84" parentExecutionId="418f0a19-d8ca-4854-8fe3-b3aa44f1a5fe" testId="d03eb628-bf1f-c27d-aeef-e708d613d686" testName="all_persons_modal_can_may_negation" computerName="ARPAN-LAP" duration="00:00:00.0239323" startTime="2014-06-29T11:53:45.5085830+05:30" endTime="2014-06-29T11:53:45.5325844+05:30" testType="13cdc9d9-ddb5-4fa4-a97d-d965ccfc6d4b" outcome="Passed" testListId="8c84fa94-04c1-424b-9868-57a2d4851a1d" relativeResultsDirectory="418f0a19-d8ca-4854-8fe3-b3aa44f1a5fe" dataRowInfo="16" resultType="DataDrivenDataRow" />
        <UnitTestResult executionId="8ee9412e-eed6-494d-8d5f-e2c624c2a396" parentExecutionId="418f0a19-d8ca-4854-8fe3-b3aa44f1a5fe" testId="d03eb628-bf1f-c27d-aeef-e708d613d686" testName="all_persons_modal_can_may_negation" computerName="ARPAN-LAP" duration="00:00:00.0216329" startTime="2014-06-29T11:53:45.5325844+05:30" endTime="2014-06-29T11:53:45.5545856+05:30" testType="13cdc9d9-ddb5-4fa4-a97d-d965ccfc6d4b" outcome="Passed" testListId="8c84fa94-04c1-424b-9868-57a2d4851a1d" relativeResultsDirectory="418f0a19-d8ca-4854-8fe3-b3aa44f1a5fe" dataRowInfo="17" resultType="DataDrivenDataRow" />
        <UnitTestResult executionId="8da0cd2a-8fdf-4a1d-a974-9a30de8b3782" parentExecutionId="418f0a19-d8ca-4854-8fe3-b3aa44f1a5fe" testId="d03eb628-bf1f-c27d-aeef-e708d613d686" testName="all_persons_modal_can_may_negation" computerName="ARPAN-LAP" duration="00:00:00.0234683" startTime="2014-06-29T11:53:45.5545856+05:30" endTime="2014-06-29T11:53:45.5785870+05:30" testType="13cdc9d9-ddb5-4fa4-a97d-d965ccfc6d4b" outcome="Passed" testListId="8c84fa94-04c1-424b-9868-57a2d4851a1d" relativeResultsDirectory="418f0a19-d8ca-4854-8fe3-b3aa44f1a5fe" dataRowInfo="18" resultType="DataDrivenDataRow" />
        <UnitTestResult executionId="33fe3319-49d4-4ed8-9993-f787d534ab9a" parentExecutionId="418f0a19-d8ca-4854-8fe3-b3aa44f1a5fe" testId="d03eb628-bf1f-c27d-aeef-e708d613d686" testName="all_persons_modal_can_may_negation" computerName="ARPAN-LAP" duration="00:00:00.0222837" startTime="2014-06-29T11:53:45.5785870+05:30" endTime="2014-06-29T11:53:45.6005882+05:30" testType="13cdc9d9-ddb5-4fa4-a97d-d965ccfc6d4b" outcome="Passed" testListId="8c84fa94-04c1-424b-9868-57a2d4851a1d" relativeResultsDirectory="418f0a19-d8ca-4854-8fe3-b3aa44f1a5fe" dataRowInfo="19" resultType="DataDrivenDataRow" />
        <UnitTestResult executionId="f51e4db1-b82f-4717-b4fa-cdd3bf96088f" parentExecutionId="418f0a19-d8ca-4854-8fe3-b3aa44f1a5fe" testId="d03eb628-bf1f-c27d-aeef-e708d613d686" testName="all_persons_modal_can_may_negation" computerName="ARPAN-LAP" duration="00:00:00.0259136" startTime="2014-06-29T11:53:45.6005882+05:30" endTime="2014-06-29T11:53:45.6265897+05:30" testType="13cdc9d9-ddb5-4fa4-a97d-d965ccfc6d4b" outcome="Passed" testListId="8c84fa94-04c1-424b-9868-57a2d4851a1d" relativeResultsDirectory="418f0a19-d8ca-4854-8fe3-b3aa44f1a5fe" dataRowInfo="20" resultType="DataDrivenDataRow" />
        <UnitTestResult executionId="a3daca3c-4fe0-41c4-9a3d-41c275c900d3" parentExecutionId="418f0a19-d8ca-4854-8fe3-b3aa44f1a5fe" testId="d03eb628-bf1f-c27d-aeef-e708d613d686" testName="all_persons_modal_can_may_negation" computerName="ARPAN-LAP" duration="00:00:00.0310483" startTime="2014-06-29T11:53:45.6265897+05:30" endTime="2014-06-29T11:53:45.6575915+05:30" testType="13cdc9d9-ddb5-4fa4-a97d-d965ccfc6d4b" outcome="Passed" testListId="8c84fa94-04c1-424b-9868-57a2d4851a1d" relativeResultsDirectory="418f0a19-d8ca-4854-8fe3-b3aa44f1a5fe" dataRowInfo="21" resultType="DataDrivenDataRow" />
        <UnitTestResult executionId="3a9ec76d-9284-4546-8b97-b4295479f055" parentExecutionId="418f0a19-d8ca-4854-8fe3-b3aa44f1a5fe" testId="d03eb628-bf1f-c27d-aeef-e708d613d686" testName="all_persons_modal_can_may_negation" computerName="ARPAN-LAP" duration="00:00:00.0331584" startTime="2014-06-29T11:53:45.6575915+05:30" endTime="2014-06-29T11:53:45.6905934+05:30" testType="13cdc9d9-ddb5-4fa4-a97d-d965ccfc6d4b" outcome="Passed" testListId="8c84fa94-04c1-424b-9868-57a2d4851a1d" relativeResultsDirectory="418f0a19-d8ca-4854-8fe3-b3aa44f1a5fe" dataRowInfo="22" resultType="DataDrivenDataRow" />
        <UnitTestResult executionId="c9b72852-a471-4b30-88e6-2767bd91f5fe" parentExecutionId="418f0a19-d8ca-4854-8fe3-b3aa44f1a5fe" testId="d03eb628-bf1f-c27d-aeef-e708d613d686" testName="all_persons_modal_can_may_negation" computerName="ARPAN-LAP" duration="00:00:00.0262518" startTime="2014-06-29T11:53:45.6905934+05:30" endTime="2014-06-29T11:53:45.7165949+05:30" testType="13cdc9d9-ddb5-4fa4-a97d-d965ccfc6d4b" outcome="Passed" testListId="8c84fa94-04c1-424b-9868-57a2d4851a1d" relativeResultsDirectory="418f0a19-d8ca-4854-8fe3-b3aa44f1a5fe" dataRowInfo="23" resultType="DataDrivenDataRow" />
      </InnerResults>
    </UnitTestResult>
    <UnitTestResult executionId="8bd6af48-a975-459b-9400-e2e897160fe3" testId="d766a059-d96c-7b47-e6a6-34931760df96" testName="all_persons_tenses_passive" computerName="ARPAN-LAP" duration="00:00:00.3310554" startTime="2014-06-29T11:53:45.8056000+05:30" endTime="2014-06-29T11:53:46.1906220+05:30" testType="13cdc9d9-ddb5-4fa4-a97d-d965ccfc6d4b" outcome="Passed" testListId="8c84fa94-04c1-424b-9868-57a2d4851a1d" relativeResultsDirectory="8bd6af48-a975-459b-9400-e2e897160fe3" resultType="DataDrivenTest">
      <Counters error="0" failed="0" timeout="0" aborted="0" inconclusive="0" passedButRunAborted="0" notRunnable="0" notExecuted="0" disconnected="0" warning="0" passed="10" completed="0" inProgress="0" pending="0" />
      <InnerResults>
        <UnitTestResult executionId="5b5951e9-8d63-45aa-bed2-eba883d1949e" parentExecutionId="8bd6af48-a975-459b-9400-e2e897160fe3" testId="d766a059-d96c-7b47-e6a6-34931760df96" testName="all_persons_tenses_passive" computerName="ARPAN-LAP" duration="00:00:00.0235002" startTime="2014-06-29T11:53:45.8236010+05:30" endTime="2014-06-29T11:53:45.8466023+05:30" testType="13cdc9d9-ddb5-4fa4-a97d-d965ccfc6d4b" outcome="Passed" testListId="8c84fa94-04c1-424b-9868-57a2d4851a1d" relativeResultsDirectory="8bd6af48-a975-459b-9400-e2e897160fe3" dataRowInfo="0" resultType="DataDrivenDataRow" />
        <UnitTestResult executionId="b7f350dc-228e-4a81-910d-2b5d5e319768" parentExecutionId="8bd6af48-a975-459b-9400-e2e897160fe3" testId="d766a059-d96c-7b47-e6a6-34931760df96" testName="all_persons_tenses_passive" computerName="ARPAN-LAP" duration="00:00:00.0293628" startTime="2014-06-29T11:53:45.8466023+05:30" endTime="2014-06-29T11:53:45.8766040+05:30" testType="13cdc9d9-ddb5-4fa4-a97d-d965ccfc6d4b" outcome="Passed" testListId="8c84fa94-04c1-424b-9868-57a2d4851a1d" relativeResultsDirectory="8bd6af48-a975-459b-9400-e2e897160fe3" dataRowInfo="1" resultType="DataDrivenDataRow" />
        <UnitTestResult executionId="6bedf9ad-d799-4bc0-9e51-357f4d40c113" parentExecutionId="8bd6af48-a975-459b-9400-e2e897160fe3" testId="d766a059-d96c-7b47-e6a6-34931760df96" testName="all_persons_tenses_passive" computerName="ARPAN-LAP" duration="00:00:00.0326000" startTime="2014-06-29T11:53:45.8766040+05:30" endTime="2014-06-29T11:53:45.9086059+05:30" testType="13cdc9d9-ddb5-4fa4-a97d-d965ccfc6d4b" outcome="Passed" testListId="8c84fa94-04c1-424b-9868-57a2d4851a1d" relativeResultsDirectory="8bd6af48-a975-459b-9400-e2e897160fe3" dataRowInfo="2" resultType="DataDrivenDataRow" />
        <UnitTestResult executionId="94f40300-c8c3-4a7e-968f-4e6f10976a5d" parentExecutionId="8bd6af48-a975-459b-9400-e2e897160fe3" testId="d766a059-d96c-7b47-e6a6-34931760df96" testName="all_persons_tenses_passive" computerName="ARPAN-LAP" duration="00:00:00.0318126" startTime="2014-06-29T11:53:45.9086059+05:30" endTime="2014-06-29T11:53:45.9406077+05:30" testType="13cdc9d9-ddb5-4fa4-a97d-d965ccfc6d4b" outcome="Passed" testListId="8c84fa94-04c1-424b-9868-57a2d4851a1d" relativeResultsDirectory="8bd6af48-a975-459b-9400-e2e897160fe3" dataRowInfo="3" resultType="DataDrivenDataRow" />
        <UnitTestResult executionId="d0da5d3b-cf85-4087-8cbd-5156b4472dde" parentExecutionId="8bd6af48-a975-459b-9400-e2e897160fe3" testId="d766a059-d96c-7b47-e6a6-34931760df96" testName="all_persons_tenses_passive" computerName="ARPAN-LAP" duration="00:00:00.0216457" startTime="2014-06-29T11:53:45.9406077+05:30" endTime="2014-06-29T11:53:45.9626089+05:30" testType="13cdc9d9-ddb5-4fa4-a97d-d965ccfc6d4b" outcome="Passed" testListId="8c84fa94-04c1-424b-9868-57a2d4851a1d" relativeResultsDirectory="8bd6af48-a975-459b-9400-e2e897160fe3" dataRowInfo="4" resultType="DataDrivenDataRow" />
        <UnitTestResult executionId="1534bade-964d-4437-8f49-7022fbd26888" parentExecutionId="8bd6af48-a975-459b-9400-e2e897160fe3" testId="d766a059-d96c-7b47-e6a6-34931760df96" testName="all_persons_tenses_passive" computerName="ARPAN-LAP" duration="00:00:00.0274883" startTime="2014-06-29T11:53:45.9626089+05:30" endTime="2014-06-29T11:53:45.9896105+05:30" testType="13cdc9d9-ddb5-4fa4-a97d-d965ccfc6d4b" outcome="Passed" testListId="8c84fa94-04c1-424b-9868-57a2d4851a1d" relativeResultsDirectory="8bd6af48-a975-459b-9400-e2e897160fe3" dataRowInfo="5" resultType="DataDrivenDataRow" />
        <UnitTestResult executionId="ed2130f0-c6f4-4223-b5b4-4ac48f653e1b" parentExecutionId="8bd6af48-a975-459b-9400-e2e897160fe3" testId="d766a059-d96c-7b47-e6a6-34931760df96" testName="all_persons_tenses_passive" computerName="ARPAN-LAP" duration="00:00:00.0299587" startTime="2014-06-29T11:53:45.9896105+05:30" endTime="2014-06-29T11:53:46.0196122+05:30" testType="13cdc9d9-ddb5-4fa4-a97d-d965ccfc6d4b" outcome="Passed" testListId="8c84fa94-04c1-424b-9868-57a2d4851a1d" relativeResultsDirectory="8bd6af48-a975-459b-9400-e2e897160fe3" dataRowInfo="6" resultType="DataDrivenDataRow" />
        <UnitTestResult executionId="94b4e6af-8d56-45bf-816f-6c511bc54c3c" parentExecutionId="8bd6af48-a975-459b-9400-e2e897160fe3" testId="d766a059-d96c-7b47-e6a6-34931760df96" testName="all_persons_tenses_passive" computerName="ARPAN-LAP" duration="00:00:00.0321057" startTime="2014-06-29T11:53:46.0196122+05:30" endTime="2014-06-29T11:53:46.0526141+05:30" testType="13cdc9d9-ddb5-4fa4-a97d-d965ccfc6d4b" outcome="Passed" testListId="8c84fa94-04c1-424b-9868-57a2d4851a1d" relativeResultsDirectory="8bd6af48-a975-459b-9400-e2e897160fe3" dataRowInfo="7" resultType="DataDrivenDataRow" />
        <UnitTestResult executionId="7515638f-d54b-42e9-8c32-88dd17ebf363" parentExecutionId="8bd6af48-a975-459b-9400-e2e897160fe3" testId="d766a059-d96c-7b47-e6a6-34931760df96" testName="all_persons_tenses_passive" computerName="ARPAN-LAP" duration="00:00:00.0479535" startTime="2014-06-29T11:53:46.0526141+05:30" endTime="2014-06-29T11:53:46.1006168+05:30" testType="13cdc9d9-ddb5-4fa4-a97d-d965ccfc6d4b" outcome="Passed" testListId="8c84fa94-04c1-424b-9868-57a2d4851a1d" relativeResultsDirectory="8bd6af48-a975-459b-9400-e2e897160fe3" dataRowInfo="8" resultType="DataDrivenDataRow" />
        <UnitTestResult executionId="aa0cc2b9-b429-4ecb-bf71-5c260537d375" parentExecutionId="8bd6af48-a975-459b-9400-e2e897160fe3" testId="d766a059-d96c-7b47-e6a6-34931760df96" testName="all_persons_tenses_passive" computerName="ARPAN-LAP" duration="00:00:00.0389656" startTime="2014-06-29T11:53:46.1006168+05:30" endTime="2014-06-29T11:53:46.1396191+05:30" testType="13cdc9d9-ddb5-4fa4-a97d-d965ccfc6d4b" outcome="Passed" testListId="8c84fa94-04c1-424b-9868-57a2d4851a1d" relativeResultsDirectory="8bd6af48-a975-459b-9400-e2e897160fe3" dataRowInfo="9" resultType="DataDrivenDataRow" />
      </InnerResults>
    </UnitTestResult>
    <UnitTestResult executionId="43f07fad-d389-49ed-97cb-bf5267217a7c" testId="fe3e63ab-391c-e168-48d0-431b85a7b898" testName="third_person_tenses_active_negation" computerName="ARPAN-LAP" duration="00:00:00.2849727" startTime="2014-06-29T11:53:46.1916220+05:30" endTime="2014-06-29T11:53:46.5376418+05:30" testType="13cdc9d9-ddb5-4fa4-a97d-d965ccfc6d4b" outcome="Passed" testListId="8c84fa94-04c1-424b-9868-57a2d4851a1d" relativeResultsDirectory="43f07fad-d389-49ed-97cb-bf5267217a7c" resultType="DataDrivenTest">
      <Counters error="0" failed="0" timeout="0" aborted="0" inconclusive="0" passedButRunAborted="0" notRunnable="0" notExecuted="0" disconnected="0" warning="0" passed="10" completed="0" inProgress="0" pending="0" />
      <InnerResults>
        <UnitTestResult executionId="6f0a7ba9-91d6-4181-958d-e0dfc7ec5f7a" parentExecutionId="43f07fad-d389-49ed-97cb-bf5267217a7c" testId="fe3e63ab-391c-e168-48d0-431b85a7b898" testName="third_person_tenses_active_negation" computerName="ARPAN-LAP" duration="00:00:00.0221821" startTime="2014-06-29T11:53:46.2126232+05:30" endTime="2014-06-29T11:53:46.2346245+05:30" testType="13cdc9d9-ddb5-4fa4-a97d-d965ccfc6d4b" outcome="Passed" testListId="8c84fa94-04c1-424b-9868-57a2d4851a1d" relativeResultsDirectory="43f07fad-d389-49ed-97cb-bf5267217a7c" dataRowInfo="0" resultType="DataDrivenDataRow" />
        <UnitTestResult executionId="56eb1b58-be2f-4441-a075-1e01299bbe9b" parentExecutionId="43f07fad-d389-49ed-97cb-bf5267217a7c" testId="fe3e63ab-391c-e168-48d0-431b85a7b898" testName="third_person_tenses_active_negation" computerName="ARPAN-LAP" duration="00:00:00.0235792" startTime="2014-06-29T11:53:46.2346245+05:30" endTime="2014-06-29T11:53:46.2586259+05:30" testType="13cdc9d9-ddb5-4fa4-a97d-d965ccfc6d4b" outcome="Passed" testListId="8c84fa94-04c1-424b-9868-57a2d4851a1d" relativeResultsDirectory="43f07fad-d389-49ed-97cb-bf5267217a7c" dataRowInfo="1" resultType="DataDrivenDataRow" />
        <UnitTestResult executionId="84217654-9ac1-4070-9a9d-b8db64981b7a" parentExecutionId="43f07fad-d389-49ed-97cb-bf5267217a7c" testId="fe3e63ab-391c-e168-48d0-431b85a7b898" testName="third_person_tenses_active_negation" computerName="ARPAN-LAP" duration="00:00:00.0236767" startTime="2014-06-29T11:53:46.2586259+05:30" endTime="2014-06-29T11:53:46.2826273+05:30" testType="13cdc9d9-ddb5-4fa4-a97d-d965ccfc6d4b" outcome="Passed" testListId="8c84fa94-04c1-424b-9868-57a2d4851a1d" relativeResultsDirectory="43f07fad-d389-49ed-97cb-bf5267217a7c" dataRowInfo="2" resultType="DataDrivenDataRow" />
        <UnitTestResult executionId="d711c1cc-6bb8-47ac-9014-0981056b4453" parentExecutionId="43f07fad-d389-49ed-97cb-bf5267217a7c" testId="fe3e63ab-391c-e168-48d0-431b85a7b898" testName="third_person_tenses_active_negation" computerName="ARPAN-LAP" duration="00:00:00.0289008" startTime="2014-06-29T11:53:46.2826273+05:30" endTime="2014-06-29T11:53:46.3116289+05:30" testType="13cdc9d9-ddb5-4fa4-a97d-d965ccfc6d4b" outcome="Passed" testListId="8c84fa94-04c1-424b-9868-57a2d4851a1d" relativeResultsDirectory="43f07fad-d389-49ed-97cb-bf5267217a7c" dataRowInfo="3" resultType="DataDrivenDataRow" />
        <UnitTestResult executionId="699b12a3-1eac-47cc-a348-e55c9387ea99" parentExecutionId="43f07fad-d389-49ed-97cb-bf5267217a7c" testId="fe3e63ab-391c-e168-48d0-431b85a7b898" testName="third_person_tenses_active_negation" computerName="ARPAN-LAP" duration="00:00:00.0209985" startTime="2014-06-29T11:53:46.3116289+05:30" endTime="2014-06-29T11:53:46.3326301+05:30" testType="13cdc9d9-ddb5-4fa4-a97d-d965ccfc6d4b" outcome="Passed" testListId="8c84fa94-04c1-424b-9868-57a2d4851a1d" relativeResultsDirectory="43f07fad-d389-49ed-97cb-bf5267217a7c" dataRowInfo="4" resultType="DataDrivenDataRow" />
        <UnitTestResult executionId="96e34165-24e6-44d4-9045-271437d76783" parentExecutionId="43f07fad-d389-49ed-97cb-bf5267217a7c" testId="fe3e63ab-391c-e168-48d0-431b85a7b898" testName="third_person_tenses_active_negation" computerName="ARPAN-LAP" duration="00:00:00.0279261" startTime="2014-06-29T11:53:46.3326301+05:30" endTime="2014-06-29T11:53:46.3606317+05:30" testType="13cdc9d9-ddb5-4fa4-a97d-d965ccfc6d4b" outcome="Passed" testListId="8c84fa94-04c1-424b-9868-57a2d4851a1d" relativeResultsDirectory="43f07fad-d389-49ed-97cb-bf5267217a7c" dataRowInfo="5" resultType="DataDrivenDataRow" />
        <UnitTestResult executionId="9b9b78bd-3017-4f6b-8f1a-e6fcb729dd77" parentExecutionId="43f07fad-d389-49ed-97cb-bf5267217a7c" testId="fe3e63ab-391c-e168-48d0-431b85a7b898" testName="third_person_tenses_active_negation" computerName="ARPAN-LAP" duration="00:00:00.0244507" startTime="2014-06-29T11:53:46.3606317+05:30" endTime="2014-06-29T11:53:46.3846331+05:30" testType="13cdc9d9-ddb5-4fa4-a97d-d965ccfc6d4b" outcome="Passed" testListId="8c84fa94-04c1-424b-9868-57a2d4851a1d" relativeResultsDirectory="43f07fad-d389-49ed-97cb-bf5267217a7c" dataRowInfo="6" resultType="DataDrivenDataRow" />
        <UnitTestResult executionId="39f018e9-25d2-4949-b6ff-ff18cd31f756" parentExecutionId="43f07fad-d389-49ed-97cb-bf5267217a7c" testId="fe3e63ab-391c-e168-48d0-431b85a7b898" testName="third_person_tenses_active_negation" computerName="ARPAN-LAP" duration="00:00:00.0284794" startTime="2014-06-29T11:53:46.3846331+05:30" endTime="2014-06-29T11:53:46.4136347+05:30" testType="13cdc9d9-ddb5-4fa4-a97d-d965ccfc6d4b" outcome="Passed" testListId="8c84fa94-04c1-424b-9868-57a2d4851a1d" relativeResultsDirectory="43f07fad-d389-49ed-97cb-bf5267217a7c" dataRowInfo="7" resultType="DataDrivenDataRow" />
        <UnitTestResult executionId="223840f0-6a93-4940-a2fc-3bb022ae6823" parentExecutionId="43f07fad-d389-49ed-97cb-bf5267217a7c" testId="fe3e63ab-391c-e168-48d0-431b85a7b898" testName="third_person_tenses_active_negation" computerName="ARPAN-LAP" duration="00:00:00.0228673" startTime="2014-06-29T11:53:46.4136347+05:30" endTime="2014-06-29T11:53:46.4366361+05:30" testType="13cdc9d9-ddb5-4fa4-a97d-d965ccfc6d4b" outcome="Passed" testListId="8c84fa94-04c1-424b-9868-57a2d4851a1d" relativeResultsDirectory="43f07fad-d389-49ed-97cb-bf5267217a7c" dataRowInfo="8" resultType="DataDrivenDataRow" />
        <UnitTestResult executionId="c7413fd9-7a2e-4f07-bf5d-acb9050060d9" parentExecutionId="43f07fad-d389-49ed-97cb-bf5267217a7c" testId="fe3e63ab-391c-e168-48d0-431b85a7b898" testName="third_person_tenses_active_negation" computerName="ARPAN-LAP" duration="00:00:00.0430507" startTime="2014-06-29T11:53:46.4366361+05:30" endTime="2014-06-29T11:53:46.4796385+05:30" testType="13cdc9d9-ddb5-4fa4-a97d-d965ccfc6d4b" outcome="Passed" testListId="8c84fa94-04c1-424b-9868-57a2d4851a1d" relativeResultsDirectory="43f07fad-d389-49ed-97cb-bf5267217a7c" dataRowInfo="9" resultType="DataDrivenDataRow" />
      </InnerResults>
    </UnitTestResult>
  </Results>
</TestRun>