<?xml version="1.0" encoding="UTF-8"?>
<TestRun id="fdcfbaaa-40ce-4c02-ad47-613fe0d3fc97" name="Arghya@ARPAN-LAP 2014-06-29 12:35:58" runUser="ARPAN-LAP\Arghya" xmlns="http://microsoft.com/schemas/VisualStudio/TeamTest/2010">
  <TestSettings name="Default Test Settings" id="2dc2a54e-bc38-4e93-b7ea-b394b0f33b7e">
    <Deployment userDeploymentRoot="D:\software\Project\BNLP\TestResults" useDefaultDeploymentRoot="false" runDeploymentRoot="Arghya_ARPAN-LAP 2014-06-29 12_35_58" />
    <Execution>
      <TestTypeSpecific />
      <AgentRule name="Execution Agents">
      </AgentRule>
    </Execution>
  </TestSettings>
  <Times creation="2014-06-29T12:35:58.2444472+05:30" queuing="2014-06-29T12:35:58.6224688+05:30" start="2014-06-29T12:35:58.6754718+05:30" finish="2014-06-29T12:36:15.8354533+05:30" />
  <ResultSummary outcome="Failed">
    <Counters total="309" executed="309" passed="253" error="0" failed="56" timeout="0" aborted="0" inconclusive="0" passedButRunAborted="0" notRunnable="0" notExecuted="0" disconnected="0" warning="0" completed="0" inProgress="0" pending="0" />
    <RunInfos>
      <RunInfo computerName="ARPAN-LAP" outcome="Warning" timestamp="2014-06-29T12:35:58.5974674+05:30">
        <Text>Warning: Test Run deployment issue: Failed to get the file for deployment item '..\UnitTest\TestCases\wikipedia.xml' specified by the test 'UnitTest.BnlpTest.RandomWord': System.IO.DirectoryNotFoundException: Could not find a part of the path 'D:\software\Project\UnitTest\TestCases\wikipedia.xml'.</Text>
        <Exception>System.IO.DirectoryNotFoundException: Could not find a part of the path 'D:\software\Project\UnitTest\TestCases\wikipedia.xml'.
   at System.IO.__Error.WinIOError(Int32 errorCode, String maybeFullPath)
   at System.IO.File.GetAttributes(String path)
   at Microsoft.VisualStudio.TestTools.Common.SingleFileProvider.GetFilePaths()
   at Microsoft.VisualStudio.TestTools.TestManagement.DeploymentCoverageItem.GetFiles(TestRunConfiguration runConfig)
   at Microsoft.VisualStudio.TestTools.TestManagement.DeploymentManager.DoDeployment(TestRun run, FileCopyService fileCopyService)</Exception>
      </RunInfo>
      <RunInfo computerName="ARPAN-LAP" outcome="Warning" timestamp="2014-06-29T12:35:58.5984674+05:30">
        <Text>Warning: Test Run deployment issue: Failed to get the file for deployment item '..\UnitTest\TestCases\interrogative_sentences_who.xml' specified by the test 'UnitTest.BnlpTest.interrogative_sentences_who': System.IO.DirectoryNotFoundException: Could not find a part of the path 'D:\software\Project\UnitTest\TestCases\interrogative_sentences_who.xml'.</Text>
        <Exception>System.IO.DirectoryNotFoundException: Could not find a part of the path 'D:\software\Project\UnitTest\TestCases\interrogative_sentences_who.xml'.
   at System.IO.__Error.WinIOError(Int32 errorCode, String maybeFullPath)
   at System.IO.File.GetAttributes(String path)
   at Microsoft.VisualStudio.TestTools.Common.SingleFileProvider.GetFilePaths()
   at Microsoft.VisualStudio.TestTools.TestManagement.DeploymentCoverageItem.GetFiles(TestRunConfiguration runConfig)
   at Microsoft.VisualStudio.TestTools.TestManagement.DeploymentManager.DoDeployment(TestRun run, FileCopyService fileCopyService)</Exception>
      </RunInfo>
      <RunInfo computerName="ARPAN-LAP" outcome="Warning" timestamp="2014-06-29T12:35:58.6004675+05:30">
        <Text>Warning: Test Run deployment issue: Failed to get the file for deployment item '..\UnitTest\TestCases\special_handling_do_verb.xml' specified by the test 'UnitTest.BnlpTest.special_handling_do_verb': System.IO.DirectoryNotFoundException: Could not find a part of the path 'D:\software\Project\UnitTest\TestCases\special_handling_do_verb.xml'.</Text>
        <Exception>System.IO.DirectoryNotFoundException: Could not find a part of the path 'D:\software\Project\UnitTest\TestCases\special_handling_do_verb.xml'.
   at System.IO.__Error.WinIOError(Int32 errorCode, String maybeFullPath)
   at System.IO.File.GetAttributes(String path)
   at Microsoft.VisualStudio.TestTools.Common.SingleFileProvider.GetFilePaths()
   at Microsoft.VisualStudio.TestTools.TestManagement.DeploymentCoverageItem.GetFiles(TestRunConfiguration runConfig)
   at Microsoft.VisualStudio.TestTools.TestManagement.DeploymentManager.DoDeployment(TestRun run, FileCopyService fileCopyService)</Exception>
      </RunInfo>
      <RunInfo computerName="ARPAN-LAP" outcome="Warning" timestamp="2014-06-29T12:35:58.6014676+05:30">
        <Text>Warning: Test Run deployment issue: Failed to get the file for deployment item '..\UnitTest\TestCases\interrogative_sentences_which.xml' specified by the test 'UnitTest.BnlpTest.interrogative_sentences_which': System.IO.DirectoryNotFoundException: Could not find a part of the path 'D:\software\Project\UnitTest\TestCases\interrogative_sentences_which.xml'.</Text>
        <Exception>System.IO.DirectoryNotFoundException: Could not find a part of the path 'D:\software\Project\UnitTest\TestCases\interrogative_sentences_which.xml'.
   at System.IO.__Error.WinIOError(Int32 errorCode, String maybeFullPath)
   at System.IO.File.GetAttributes(String path)
   at Microsoft.VisualStudio.TestTools.Common.SingleFileProvider.GetFilePaths()
   at Microsoft.VisualStudio.TestTools.TestManagement.DeploymentCoverageItem.GetFiles(TestRunConfiguration runConfig)
   at Microsoft.VisualStudio.TestTools.TestManagement.DeploymentManager.DoDeployment(TestRun run, FileCopyService fileCopyService)</Exception>
      </RunInfo>
      <RunInfo computerName="ARPAN-LAP" outcome="Warning" timestamp="2014-06-29T12:35:58.6024677+05:30">
        <Text>Warning: Test Run deployment issue: Failed to get the file for deployment item '..\UnitTest\TestCases\all_persons_modal_should.xml' specified by the test 'UnitTest.BnlpTest.all_persons_modal_should': System.IO.DirectoryNotFoundException: Could not find a part of the path 'D:\software\Project\UnitTest\TestCases\all_persons_modal_should.xml'.</Text>
        <Exception>System.IO.DirectoryNotFoundException: Could not find a part of the path 'D:\software\Project\UnitTest\TestCases\all_persons_modal_should.xml'.
   at System.IO.__Error.WinIOError(Int32 errorCode, String maybeFullPath)
   at System.IO.File.GetAttributes(String path)
   at Microsoft.VisualStudio.TestTools.Common.SingleFileProvider.GetFilePaths()
   at Microsoft.VisualStudio.TestTools.TestManagement.DeploymentCoverageItem.GetFiles(TestRunConfiguration runConfig)
   at Microsoft.VisualStudio.TestTools.TestManagement.DeploymentManager.DoDeployment(TestRun run, FileCopyService fileCopyService)</Exception>
      </RunInfo>
      <RunInfo computerName="ARPAN-LAP" outcome="Warning" timestamp="2014-06-29T12:35:58.6034677+05:30">
        <Text>Warning: Test Run deployment issue: Failed to get the file for deployment item '..\UnitTest\TestCases\third_person_tenses_active.xml' specified by the test 'UnitTest.BnlpTest.third_person_tenses_active': System.IO.DirectoryNotFoundException: Could not find a part of the path 'D:\software\Project\UnitTest\TestCases\third_person_tenses_active.xml'.</Text>
        <Exception>System.IO.DirectoryNotFoundException: Could not find a part of the path 'D:\software\Project\UnitTest\TestCases\third_person_tenses_active.xml'.
   at System.IO.__Error.WinIOError(Int32 errorCode, String maybeFullPath)
   at System.IO.File.GetAttributes(String path)
   at Microsoft.VisualStudio.TestTools.Common.SingleFileProvider.GetFilePaths()
   at Microsoft.VisualStudio.TestTools.TestManagement.DeploymentCoverageItem.GetFiles(TestRunConfiguration runConfig)
   at Microsoft.VisualStudio.TestTools.TestManagement.DeploymentManager.DoDeployment(TestRun run, FileCopyService fileCopyService)</Exception>
      </RunInfo>
      <RunInfo computerName="ARPAN-LAP" outcome="Warning" timestamp="2014-06-29T12:35:58.6044678+05:30">
        <Text>Warning: Test Run deployment issue: Failed to get the file for deployment item '..\UnitTest\TestCases\all_persons_tenses_passive.xml' specified by the test 'UnitTest.BnlpTest.all_persons_tenses_passive': System.IO.DirectoryNotFoundException: Could not find a part of the path 'D:\software\Project\UnitTest\TestCases\all_persons_tenses_passive.xml'.</Text>
        <Exception>System.IO.DirectoryNotFoundException: Could not find a part of the path 'D:\software\Project\UnitTest\TestCases\all_persons_tenses_passive.xml'.
   at System.IO.__Error.WinIOError(Int32 errorCode, String maybeFullPath)
   at System.IO.File.GetAttributes(String path)
   at Microsoft.VisualStudio.TestTools.Common.SingleFileProvider.GetFilePaths()
   at Microsoft.VisualStudio.TestTools.TestManagement.DeploymentCoverageItem.GetFiles(TestRunConfiguration runConfig)
   at Microsoft.VisualStudio.TestTools.TestManagement.DeploymentManager.DoDeployment(TestRun run, FileCopyService fileCopyService)</Exception>
      </RunInfo>
      <RunInfo computerName="ARPAN-LAP" outcome="Warning" timestamp="2014-06-29T12:35:58.6054678+05:30">
        <Text>Warning: Test Run deployment issue: Failed to get the file for deployment item '..\UnitTest\TestCases\interrogative_sentences_aux.xml' specified by the test 'UnitTest.BnlpTest.interrogative_sentences_aux': System.IO.DirectoryNotFoundException: Could not find a part of the path 'D:\software\Project\UnitTest\TestCases\interrogative_sentences_aux.xml'.</Text>
        <Exception>System.IO.DirectoryNotFoundException: Could not find a part of the path 'D:\software\Project\UnitTest\TestCases\interrogative_sentences_aux.xml'.
   at System.IO.__Error.WinIOError(Int32 errorCode, String maybeFullPath)
   at System.IO.File.GetAttributes(String path)
   at Microsoft.VisualStudio.TestTools.Common.SingleFileProvider.GetFilePaths()
   at Microsoft.VisualStudio.TestTools.TestManagement.DeploymentCoverageItem.GetFiles(TestRunConfiguration runConfig)
   at Microsoft.VisualStudio.TestTools.TestManagement.DeploymentManager.DoDeployment(TestRun run, FileCopyService fileCopyService)</Exception>
      </RunInfo>
      <RunInfo computerName="ARPAN-LAP" outcome="Warning" timestamp="2014-06-29T12:35:58.6074679+05:30">
        <Text>Warning: Test Run deployment issue: Failed to get the file for deployment item '..\UnitTest\TestCases\second_person_tenses_active_negation.xml' specified by the test 'UnitTest.BnlpTest.second_person_tenses_active_negation': System.IO.DirectoryNotFoundException: Could not find a part of the path 'D:\software\Project\UnitTest\TestCases\second_person_tenses_active_negation.xml'.</Text>
        <Exception>System.IO.DirectoryNotFoundException: Could not find a part of the path 'D:\software\Project\UnitTest\TestCases\second_person_tenses_active_negation.xml'.
   at System.IO.__Error.WinIOError(Int32 errorCode, String maybeFullPath)
   at System.IO.File.GetAttributes(String path)
   at Microsoft.VisualStudio.TestTools.Common.SingleFileProvider.GetFilePaths()
   at Microsoft.VisualStudio.TestTools.TestManagement.DeploymentCoverageItem.GetFiles(TestRunConfiguration runConfig)
   at Microsoft.VisualStudio.TestTools.TestManagement.DeploymentManager.DoDeployment(TestRun run, FileCopyService fileCopyService)</Exception>
      </RunInfo>
      <RunInfo computerName="ARPAN-LAP" outcome="Warning" timestamp="2014-06-29T12:35:58.6084680+05:30">
        <Text>Warning: Test Run deployment issue: Failed to get the file for deployment item '..\UnitTest\TestCases\interrogative_sentences_where.xml' specified by the test 'UnitTest.BnlpTest.interrogative_sentences_where': System.IO.DirectoryNotFoundException: Could not find a part of the path 'D:\software\Project\UnitTest\TestCases\interrogative_sentences_where.xml'.</Text>
        <Exception>System.IO.DirectoryNotFoundException: Could not find a part of the path 'D:\software\Project\UnitTest\TestCases\interrogative_sentences_where.xml'.
   at System.IO.__Error.WinIOError(Int32 errorCode, String maybeFullPath)
   at System.IO.File.GetAttributes(String path)
   at Microsoft.VisualStudio.TestTools.Common.SingleFileProvider.GetFilePaths()
   at Microsoft.VisualStudio.TestTools.TestManagement.DeploymentCoverageItem.GetFiles(TestRunConfiguration runConfig)
   at Microsoft.VisualStudio.TestTools.TestManagement.DeploymentManager.DoDeployment(TestRun run, FileCopyService fileCopyService)</Exception>
      </RunInfo>
      <RunInfo computerName="ARPAN-LAP" outcome="Warning" timestamp="2014-06-29T12:35:58.6094681+05:30">
        <Text>Warning: Test Run deployment issue: Failed to get the file for deployment item '..\UnitTest\TestCases\prepositions_made_with_three_words.xml' specified by the test 'UnitTest.BnlpTest.prepositions_made_with_three_words': System.IO.DirectoryNotFoundException: Could not find a part of the path 'D:\software\Project\UnitTest\TestCases\prepositions_made_with_three_words.xml'.</Text>
        <Exception>System.IO.DirectoryNotFoundException: Could not find a part of the path 'D:\software\Project\UnitTest\TestCases\prepositions_made_with_three_words.xml'.
   at System.IO.__Error.WinIOError(Int32 errorCode, String maybeFullPath)
   at System.IO.File.GetAttributes(String path)
   at Microsoft.VisualStudio.TestTools.Common.SingleFileProvider.GetFilePaths()
   at Microsoft.VisualStudio.TestTools.TestManagement.DeploymentCoverageItem.GetFiles(TestRunConfiguration runConfig)
   at Microsoft.VisualStudio.TestTools.TestManagement.DeploymentManager.DoDeployment(TestRun run, FileCopyService fileCopyService)</Exception>
      </RunInfo>
      <RunInfo computerName="ARPAN-LAP" outcome="Warning" timestamp="2014-06-29T12:35:58.6104681+05:30">
        <Text>Warning: Test Run deployment issue: Failed to get the file for deployment item '..\UnitTest\TestCases\interrogative_sentences_what.xml' specified by the test 'UnitTest.BnlpTest.interrogative_sentences_what': System.IO.DirectoryNotFoundException: Could not find a part of the path 'D:\software\Project\UnitTest\TestCases\interrogative_sentences_what.xml'.</Text>
        <Exception>System.IO.DirectoryNotFoundException: Could not find a part of the path 'D:\software\Project\UnitTest\TestCases\interrogative_sentences_what.xml'.
   at System.IO.__Error.WinIOError(Int32 errorCode, String maybeFullPath)
   at System.IO.File.GetAttributes(String path)
   at Microsoft.VisualStudio.TestTools.Common.SingleFileProvider.GetFilePaths()
   at Microsoft.VisualStudio.TestTools.TestManagement.DeploymentCoverageItem.GetFiles(TestRunConfiguration runConfig)
   at Microsoft.VisualStudio.TestTools.TestManagement.DeploymentManager.DoDeployment(TestRun run, FileCopyService fileCopyService)</Exception>
      </RunInfo>
      <RunInfo computerName="ARPAN-LAP" outcome="Warning" timestamp="2014-06-29T12:35:58.6114682+05:30">
        <Text>Warning: Test Run deployment issue: Failed to get the file for deployment item '..\UnitTest\TestCases\interrogative_sentences_how.xml' specified by the test 'UnitTest.BnlpTest.interrogative_sentences_how': System.IO.DirectoryNotFoundException: Could not find a part of the path 'D:\software\Project\UnitTest\TestCases\interrogative_sentences_how.xml'.</Text>
        <Exception>System.IO.DirectoryNotFoundException: Could not find a part of the path 'D:\software\Project\UnitTest\TestCases\interrogative_sentences_how.xml'.
   at System.IO.__Error.WinIOError(Int32 errorCode, String maybeFullPath)
   at System.IO.File.GetAttributes(String path)
   at Microsoft.VisualStudio.TestTools.Common.SingleFileProvider.GetFilePaths()
   at Microsoft.VisualStudio.TestTools.TestManagement.DeploymentCoverageItem.GetFiles(TestRunConfiguration runConfig)
   at Microsoft.VisualStudio.TestTools.TestManagement.DeploymentManager.DoDeployment(TestRun run, FileCopyService fileCopyService)</Exception>
      </RunInfo>
      <RunInfo computerName="ARPAN-LAP" outcome="Warning" timestamp="2014-06-29T12:35:58.6124682+05:30">
        <Text>Warning: Test Run deployment issue: Failed to get the file for deployment item '..\UnitTest\TestCases\interrogative_sentences_whom.xml' specified by the test 'UnitTest.BnlpTest.interrogative_sentences_whom': System.IO.DirectoryNotFoundException: Could not find a part of the path 'D:\software\Project\UnitTest\TestCases\interrogative_sentences_whom.xml'.</Text>
        <Exception>System.IO.DirectoryNotFoundException: Could not find a part of the path 'D:\software\Project\UnitTest\TestCases\interrogative_sentences_whom.xml'.
   at System.IO.__Error.WinIOError(Int32 errorCode, String maybeFullPath)
   at System.IO.File.GetAttributes(String path)
   at Microsoft.VisualStudio.TestTools.Common.SingleFileProvider.GetFilePaths()
   at Microsoft.VisualStudio.TestTools.TestManagement.DeploymentCoverageItem.GetFiles(TestRunConfiguration runConfig)
   at Microsoft.VisualStudio.TestTools.TestManagement.DeploymentManager.DoDeployment(TestRun run, FileCopyService fileCopyService)</Exception>
      </RunInfo>
      <RunInfo computerName="ARPAN-LAP" outcome="Warning" timestamp="2014-06-29T12:35:58.6124682+05:30">
        <Text>Warning: Test Run deployment issue: Failed to get the file for deployment item '..\UnitTest\TestCases\second_person_tenses_active.xml' specified by the test 'UnitTest.BnlpTest.second_person_tenses_active': System.IO.DirectoryNotFoundException: Could not find a part of the path 'D:\software\Project\UnitTest\TestCases\second_person_tenses_active.xml'.</Text>
        <Exception>System.IO.DirectoryNotFoundException: Could not find a part of the path 'D:\software\Project\UnitTest\TestCases\second_person_tenses_active.xml'.
   at System.IO.__Error.WinIOError(Int32 errorCode, String maybeFullPath)
   at System.IO.File.GetAttributes(String path)
   at Microsoft.VisualStudio.TestTools.Common.SingleFileProvider.GetFilePaths()
   at Microsoft.VisualStudio.TestTools.TestManagement.DeploymentCoverageItem.GetFiles(TestRunConfiguration runConfig)
   at Microsoft.VisualStudio.TestTools.TestManagement.DeploymentManager.DoDeployment(TestRun run, FileCopyService fileCopyService)</Exception>
      </RunInfo>
      <RunInfo computerName="ARPAN-LAP" outcome="Warning" timestamp="2014-06-29T12:35:58.6134683+05:30">
        <Text>Warning: Test Run deployment issue: Failed to get the file for deployment item '..\UnitTest\TestCases\all_persons_modal_should_negation.xml' specified by the test 'UnitTest.BnlpTest.all_persons_modal_should_negation': System.IO.DirectoryNotFoundException: Could not find a part of the path 'D:\software\Project\UnitTest\TestCases\all_persons_modal_should_negation.xml'.</Text>
        <Exception>System.IO.DirectoryNotFoundException: Could not find a part of the path 'D:\software\Project\UnitTest\TestCases\all_persons_modal_should_negation.xml'.
   at System.IO.__Error.WinIOError(Int32 errorCode, String maybeFullPath)
   at System.IO.File.GetAttributes(String path)
   at Microsoft.VisualStudio.TestTools.Common.SingleFileProvider.GetFilePaths()
   at Microsoft.VisualStudio.TestTools.TestManagement.DeploymentCoverageItem.GetFiles(TestRunConfiguration runConfig)
   at Microsoft.VisualStudio.TestTools.TestManagement.DeploymentManager.DoDeployment(TestRun run, FileCopyService fileCopyService)</Exception>
      </RunInfo>
      <RunInfo computerName="ARPAN-LAP" outcome="Warning" timestamp="2014-06-29T12:35:58.6144684+05:30">
        <Text>Warning: Test Run deployment issue: Failed to get the file for deployment item '..\UnitTest\TestCases\first_person_tenses_active_negation.xml' specified by the test 'UnitTest.BnlpTest.first_person_tenses_active_negation': System.IO.DirectoryNotFoundException: Could not find a part of the path 'D:\software\Project\UnitTest\TestCases\first_person_tenses_active_negation.xml'.</Text>
        <Exception>System.IO.DirectoryNotFoundException: Could not find a part of the path 'D:\software\Project\UnitTest\TestCases\first_person_tenses_active_negation.xml'.
   at System.IO.__Error.WinIOError(Int32 errorCode, String maybeFullPath)
   at System.IO.File.GetAttributes(String path)
   at Microsoft.VisualStudio.TestTools.Common.SingleFileProvider.GetFilePaths()
   at Microsoft.VisualStudio.TestTools.TestManagement.DeploymentCoverageItem.GetFiles(TestRunConfiguration runConfig)
   at Microsoft.VisualStudio.TestTools.TestManagement.DeploymentManager.DoDeployment(TestRun run, FileCopyService fileCopyService)</Exception>
      </RunInfo>
      <RunInfo computerName="ARPAN-LAP" outcome="Warning" timestamp="2014-06-29T12:35:58.6154684+05:30">
        <Text>Warning: Test Run deployment issue: Failed to get the file for deployment item '..\UnitTest\TestCases\all_persons_modal_can_may_negation.xml' specified by the test 'UnitTest.BnlpTest.all_persons_modal_can_may_negation': System.IO.DirectoryNotFoundException: Could not find a part of the path 'D:\software\Project\UnitTest\TestCases\all_persons_modal_can_may_negation.xml'.</Text>
        <Exception>System.IO.DirectoryNotFoundException: Could not find a part of the path 'D:\software\Project\UnitTest\TestCases\all_persons_modal_can_may_negation.xml'.
   at System.IO.__Error.WinIOError(Int32 errorCode, String maybeFullPath)
   at System.IO.File.GetAttributes(String path)
   at Microsoft.VisualStudio.TestTools.Common.SingleFileProvider.GetFilePaths()
   at Microsoft.VisualStudio.TestTools.TestManagement.DeploymentCoverageItem.GetFiles(TestRunConfiguration runConfig)
   at Microsoft.VisualStudio.TestTools.TestManagement.DeploymentManager.DoDeployment(TestRun run, FileCopyService fileCopyService)</Exception>
      </RunInfo>
      <RunInfo computerName="ARPAN-LAP" outcome="Warning" timestamp="2014-06-29T12:35:58.6164685+05:30">
        <Text>Warning: Test Run deployment issue: Failed to get the file for deployment item '..\UnitTest\TestCases\third_person_tenses_active_negation.xml' specified by the test 'UnitTest.BnlpTest.third_person_tenses_active_negation': System.IO.DirectoryNotFoundException: Could not find a part of the path 'D:\software\Project\UnitTest\TestCases\third_person_tenses_active_negation.xml'.</Text>
        <Exception>System.IO.DirectoryNotFoundException: Could not find a part of the path 'D:\software\Project\UnitTest\TestCases\third_person_tenses_active_negation.xml'.
   at System.IO.__Error.WinIOError(Int32 errorCode, String maybeFullPath)
   at System.IO.File.GetAttributes(String path)
   at Microsoft.VisualStudio.TestTools.Common.SingleFileProvider.GetFilePaths()
   at Microsoft.VisualStudio.TestTools.TestManagement.DeploymentCoverageItem.GetFiles(TestRunConfiguration runConfig)
   at Microsoft.VisualStudio.TestTools.TestManagement.DeploymentManager.DoDeployment(TestRun run, FileCopyService fileCopyService)</Exception>
      </RunInfo>
      <RunInfo computerName="ARPAN-LAP" outcome="Warning" timestamp="2014-06-29T12:35:58.6174685+05:30">
        <Text>Warning: Test Run deployment issue: Failed to get the file for deployment item '..\UnitTest\TestCases\interrogative_sentences_do.xml' specified by the test 'UnitTest.BnlpTest.interrogative_sentences_do': System.IO.DirectoryNotFoundException: Could not find a part of the path 'D:\software\Project\UnitTest\TestCases\interrogative_sentences_do.xml'.</Text>
        <Exception>System.IO.DirectoryNotFoundException: Could not find a part of the path 'D:\software\Project\UnitTest\TestCases\interrogative_sentences_do.xml'.
   at System.IO.__Error.WinIOError(Int32 errorCode, String maybeFullPath)
   at System.IO.File.GetAttributes(String path)
   at Microsoft.VisualStudio.TestTools.Common.SingleFileProvider.GetFilePaths()
   at Microsoft.VisualStudio.TestTools.TestManagement.DeploymentCoverageItem.GetFiles(TestRunConfiguration runConfig)
   at Microsoft.VisualStudio.TestTools.TestManagement.DeploymentManager.DoDeployment(TestRun run, FileCopyService fileCopyService)</Exception>
      </RunInfo>
      <RunInfo computerName="ARPAN-LAP" outcome="Warning" timestamp="2014-06-29T12:35:58.6184686+05:30">
        <Text>Warning: Test Run deployment issue: Failed to get the file for deployment item '..\UnitTest\TestCases\auxiliary_verbs_as_main_verbs.xml' specified by the test 'UnitTest.BnlpTest.auxiliary_verbs_as_main_verbs': System.IO.DirectoryNotFoundException: Could not find a part of the path 'D:\software\Project\UnitTest\TestCases\auxiliary_verbs_as_main_verbs.xml'.</Text>
        <Exception>System.IO.DirectoryNotFoundException: Could not find a part of the path 'D:\software\Project\UnitTest\TestCases\auxiliary_verbs_as_main_verbs.xml'.
   at System.IO.__Error.WinIOError(Int32 errorCode, String maybeFullPath)
   at System.IO.File.GetAttributes(String path)
   at Microsoft.VisualStudio.TestTools.Common.SingleFileProvider.GetFilePaths()
   at Microsoft.VisualStudio.TestTools.TestManagement.DeploymentCoverageItem.GetFiles(TestRunConfiguration runConfig)
   at Microsoft.VisualStudio.TestTools.TestManagement.DeploymentManager.DoDeployment(TestRun run, FileCopyService fileCopyService)</Exception>
      </RunInfo>
      <RunInfo computerName="ARPAN-LAP" outcome="Warning" timestamp="2014-06-29T12:35:58.6194686+05:30">
        <Text>Warning: Test Run deployment issue: Failed to get the file for deployment item '..\UnitTest\TestCases\all_persons_tenses_passive_negation.xml' specified by the test 'UnitTest.BnlpTest.all_persons_tenses_passive_negation': System.IO.DirectoryNotFoundException: Could not find a part of the path 'D:\software\Project\UnitTest\TestCases\all_persons_tenses_passive_negation.xml'.</Text>
        <Exception>System.IO.DirectoryNotFoundException: Could not find a part of the path 'D:\software\Project\UnitTest\TestCases\all_persons_tenses_passive_negation.xml'.
   at System.IO.__Error.WinIOError(Int32 errorCode, String maybeFullPath)
   at System.IO.File.GetAttributes(String path)
   at Microsoft.VisualStudio.TestTools.Common.SingleFileProvider.GetFilePaths()
   at Microsoft.VisualStudio.TestTools.TestManagement.DeploymentCoverageItem.GetFiles(TestRunConfiguration runConfig)
   at Microsoft.VisualStudio.TestTools.TestManagement.DeploymentManager.DoDeployment(TestRun run, FileCopyService fileCopyService)</Exception>
      </RunInfo>
      <RunInfo computerName="ARPAN-LAP" outcome="Warning" timestamp="2014-06-29T12:35:58.6194686+05:30">
        <Text>Warning: Test Run deployment issue: Failed to get the file for deployment item '..\UnitTest\TestCases\prepositions_made_with_two_words.xml' specified by the test 'UnitTest.BnlpTest.prepositions_made_with_two_words': System.IO.DirectoryNotFoundException: Could not find a part of the path 'D:\software\Project\UnitTest\TestCases\prepositions_made_with_two_words.xml'.</Text>
        <Exception>System.IO.DirectoryNotFoundException: Could not find a part of the path 'D:\software\Project\UnitTest\TestCases\prepositions_made_with_two_words.xml'.
   at System.IO.__Error.WinIOError(Int32 errorCode, String maybeFullPath)
   at System.IO.File.GetAttributes(String path)
   at Microsoft.VisualStudio.TestTools.Common.SingleFileProvider.GetFilePaths()
   at Microsoft.VisualStudio.TestTools.TestManagement.DeploymentCoverageItem.GetFiles(TestRunConfiguration runConfig)
   at Microsoft.VisualStudio.TestTools.TestManagement.DeploymentManager.DoDeployment(TestRun run, FileCopyService fileCopyService)</Exception>
      </RunInfo>
      <RunInfo computerName="ARPAN-LAP" outcome="Warning" timestamp="2014-06-29T12:35:58.6204687+05:30">
        <Text>Warning: Test Run deployment issue: Failed to get the file for deployment item '..\UnitTest\TestCases\first_person_tenses_active.xml' specified by the test 'UnitTest.BnlpTest.first_person_tenses_active': System.IO.DirectoryNotFoundException: Could not find a part of the path 'D:\software\Project\UnitTest\TestCases\first_person_tenses_active.xml'.</Text>
        <Exception>System.IO.DirectoryNotFoundException: Could not find a part of the path 'D:\software\Project\UnitTest\TestCases\first_person_tenses_active.xml'.
   at System.IO.__Error.WinIOError(Int32 errorCode, String maybeFullPath)
   at System.IO.File.GetAttributes(String path)
   at Microsoft.VisualStudio.TestTools.Common.SingleFileProvider.GetFilePaths()
   at Microsoft.VisualStudio.TestTools.TestManagement.DeploymentCoverageItem.GetFiles(TestRunConfiguration runConfig)
   at Microsoft.VisualStudio.TestTools.TestManagement.DeploymentManager.DoDeployment(TestRun run, FileCopyService fileCopyService)</Exception>
      </RunInfo>
      <RunInfo computerName="ARPAN-LAP" outcome="Warning" timestamp="2014-06-29T12:35:58.6214688+05:30">
        <Text>Warning: Test Run deployment issue: Failed to get the file for deployment item '..\UnitTest\TestCases\interrogative_sentences_why.xml' specified by the test 'UnitTest.BnlpTest.interrogative_sentences_why': System.IO.DirectoryNotFoundException: Could not find a part of the path 'D:\software\Project\UnitTest\TestCases\interrogative_sentences_why.xml'.</Text>
        <Exception>System.IO.DirectoryNotFoundException: Could not find a part of the path 'D:\software\Project\UnitTest\TestCases\interrogative_sentences_why.xml'.
   at System.IO.__Error.WinIOError(Int32 errorCode, String maybeFullPath)
   at System.IO.File.GetAttributes(String path)
   at Microsoft.VisualStudio.TestTools.Common.SingleFileProvider.GetFilePaths()
   at Microsoft.VisualStudio.TestTools.TestManagement.DeploymentCoverageItem.GetFiles(TestRunConfiguration runConfig)
   at Microsoft.VisualStudio.TestTools.TestManagement.DeploymentManager.DoDeployment(TestRun run, FileCopyService fileCopyService)</Exception>
      </RunInfo>
      <RunInfo computerName="ARPAN-LAP" outcome="Warning" timestamp="2014-06-29T12:35:58.6224688+05:30">
        <Text>Warning: Test Run deployment issue: Failed to get the file for deployment item '..\UnitTest\TestCases\all_persons_modal_can_may.xml' specified by the test 'UnitTest.BnlpTest.all_persons_modal_can_may': System.IO.DirectoryNotFoundException: Could not find a part of the path 'D:\software\Project\UnitTest\TestCases\all_persons_modal_can_may.xml'.</Text>
        <Exception>System.IO.DirectoryNotFoundException: Could not find a part of the path 'D:\software\Project\UnitTest\TestCases\all_persons_modal_can_may.xml'.
   at System.IO.__Error.WinIOError(Int32 errorCode, String maybeFullPath)
   at System.IO.File.GetAttributes(String path)
   at Microsoft.VisualStudio.TestTools.Common.SingleFileProvider.GetFilePaths()
   at Microsoft.VisualStudio.TestTools.TestManagement.DeploymentCoverageItem.GetFiles(TestRunConfiguration runConfig)
   at Microsoft.VisualStudio.TestTools.TestManagement.DeploymentManager.DoDeployment(TestRun run, FileCopyService fileCopyService)</Exception>
      </RunInfo>
    </RunInfos>
  </ResultSummary>
  <TestDefinitions>
    <UnitTest name="prepositions_made_with_three_words" storage="d:\software\project\bnlp\unittest\bin\debug\unittest.dll" id="0f33848d-a900-d644-7498-2526887b5425">
      <DeploymentItems>
        <DeploymentItem filename="..\UnitTest\TestCases\prepositions_made_with_three_words.xml" />
      </DeploymentItems>
      <Execution id="8a8d8ddc-4400-40bc-abf6-13e0d8e87986" />
      <TestMethod codeBase="D:/software/Project/BNLP/UnitTest/bin/Debug/UnitTest.DLL" adapterTypeName="Microsoft.VisualStudio.TestTools.TestTypes.Unit.UnitTestAdapter, Microsoft.VisualStudio.QualityTools.Tips.UnitTest.Adapter, Version=10.0.0.0, Culture=neutral, PublicKeyToken=b03f5f7f11d50a3a" className="UnitTest.BnlpTest, UnitTest, Version=1.0.0.0, Culture=neutral, PublicKeyToken=null" name="prepositions_made_with_three_words" />
      <DataSource connectionString="|DataDirectory|\TestCases\prepositions_made_with_three_words.xml" providerInvariantName="Microsoft.VisualStudio.TestTools.DataSource.XML" tableName="sentence" />
    </UnitTest>
    <UnitTest name="first_person_tenses_active" storage="d:\software\project\bnlp\unittest\bin\debug\unittest.dll" id="921e6ab0-d7c2-6005-e523-6fd2d5e1a723">
      <DeploymentItems>
        <DeploymentItem filename="..\UnitTest\TestCases\first_person_tenses_active.xml" />
      </DeploymentItems>
      <Execution id="a8f74b98-b55d-49c8-ba5e-cb1c0a434804" />
      <TestMethod codeBase="D:/software/Project/BNLP/UnitTest/bin/Debug/UnitTest.DLL" adapterTypeName="Microsoft.VisualStudio.TestTools.TestTypes.Unit.UnitTestAdapter, Microsoft.VisualStudio.QualityTools.Tips.UnitTest.Adapter, Version=10.0.0.0, Culture=neutral, PublicKeyToken=b03f5f7f11d50a3a" className="UnitTest.BnlpTest, UnitTest, Version=1.0.0.0, Culture=neutral, PublicKeyToken=null" name="first_person_tenses_active" />
      <DataSource connectionString="|DataDirectory|\TestCases\first_person_tenses_active.xml" providerInvariantName="Microsoft.VisualStudio.TestTools.DataSource.XML" tableName="sentence" />
    </UnitTest>
    <UnitTest name="interrogative_sentences_what" storage="d:\software\project\bnlp\unittest\bin\debug\unittest.dll" id="7f7910d1-dc89-39b4-b4cf-d9e6d7af9420">
      <DeploymentItems>
        <DeploymentItem filename="..\UnitTest\TestCases\interrogative_sentences_what.xml" />
      </DeploymentItems>
      <Execution id="8e4e576a-b7f3-4831-86f3-7d1ce69bbd74" />
      <TestMethod codeBase="D:/software/Project/BNLP/UnitTest/bin/Debug/UnitTest.DLL" adapterTypeName="Microsoft.VisualStudio.TestTools.TestTypes.Unit.UnitTestAdapter, Microsoft.VisualStudio.QualityTools.Tips.UnitTest.Adapter, Version=10.0.0.0, Culture=neutral, PublicKeyToken=b03f5f7f11d50a3a" className="UnitTest.BnlpTest, UnitTest, Version=1.0.0.0, Culture=neutral, PublicKeyToken=null" name="interrogative_sentences_what" />
      <DataSource connectionString="|DataDirectory|\TestCases\interrogative_sentences_what.xml" providerInvariantName="Microsoft.VisualStudio.TestTools.DataSource.XML" tableName="sentence" />
    </UnitTest>
    <UnitTest name="all_persons_modal_should_negation" storage="d:\software\project\bnlp\unittest\bin\debug\unittest.dll" id="9319d01e-de3e-d310-c76e-cae8dce4c924">
      <DeploymentItems>
        <DeploymentItem filename="..\UnitTest\TestCases\all_persons_modal_should_negation.xml" />
      </DeploymentItems>
      <Execution id="b1a05748-45cc-4244-8e13-c0c4f487aba9" />
      <TestMethod codeBase="D:/software/Project/BNLP/UnitTest/bin/Debug/UnitTest.DLL" adapterTypeName="Microsoft.VisualStudio.TestTools.TestTypes.Unit.UnitTestAdapter, Microsoft.VisualStudio.QualityTools.Tips.UnitTest.Adapter, Version=10.0.0.0, Culture=neutral, PublicKeyToken=b03f5f7f11d50a3a" className="UnitTest.BnlpTest, UnitTest, Version=1.0.0.0, Culture=neutral, PublicKeyToken=null" name="all_persons_modal_should_negation" />
      <DataSource connectionString="|DataDirectory|\TestCases\all_persons_modal_should_negation.xml" providerInvariantName="Microsoft.VisualStudio.TestTools.DataSource.XML" tableName="sentence" />
    </UnitTest>
    <UnitTest name="prepositions_made_with_two_words" storage="d:\software\project\bnlp\unittest\bin\debug\unittest.dll" id="0f337a75-1a2d-d9c3-6c5f-23ed2604b69d">
      <DeploymentItems>
        <DeploymentItem filename="..\UnitTest\TestCases\prepositions_made_with_two_words.xml" />
      </DeploymentItems>
      <Execution id="0d20c948-361c-4475-8ebc-df984187971d" />
      <TestMethod codeBase="D:/software/Project/BNLP/UnitTest/bin/Debug/UnitTest.DLL" adapterTypeName="Microsoft.VisualStudio.TestTools.TestTypes.Unit.UnitTestAdapter, Microsoft.VisualStudio.QualityTools.Tips.UnitTest.Adapter, Version=10.0.0.0, Culture=neutral, PublicKeyToken=b03f5f7f11d50a3a" className="UnitTest.BnlpTest, UnitTest, Version=1.0.0.0, Culture=neutral, PublicKeyToken=null" name="prepositions_made_with_two_words" />
      <DataSource connectionString="|DataDirectory|\TestCases\prepositions_made_with_two_words.xml" providerInvariantName="Microsoft.VisualStudio.TestTools.DataSource.XML" tableName="sentence" />
    </UnitTest>
    <UnitTest name="interrogative_sentences_do" storage="d:\software\project\bnlp\unittest\bin\debug\unittest.dll" id="1d63c318-78a9-9011-f5c0-0b01884a2881">
      <DeploymentItems>
        <DeploymentItem filename="..\UnitTest\TestCases\interrogative_sentences_do.xml" />
      </DeploymentItems>
      <Execution id="119d6d19-633e-4008-b5df-3c650a99017b" />
      <TestMethod codeBase="D:/software/Project/BNLP/UnitTest/bin/Debug/UnitTest.DLL" adapterTypeName="Microsoft.VisualStudio.TestTools.TestTypes.Unit.UnitTestAdapter, Microsoft.VisualStudio.QualityTools.Tips.UnitTest.Adapter, Version=10.0.0.0, Culture=neutral, PublicKeyToken=b03f5f7f11d50a3a" className="UnitTest.BnlpTest, UnitTest, Version=1.0.0.0, Culture=neutral, PublicKeyToken=null" name="interrogative_sentences_do" />
      <DataSource connectionString="|DataDirectory|\TestCases\interrogative_sentences_do.xml" providerInvariantName="Microsoft.VisualStudio.TestTools.DataSource.XML" tableName="sentence" />
    </UnitTest>
    <UnitTest name="all_persons_tenses_passive_negation" storage="d:\software\project\bnlp\unittest\bin\debug\unittest.dll" id="bdfe92b2-f4ac-73a5-f13d-5c1ea13721b4">
      <DeploymentItems>
        <DeploymentItem filename="..\UnitTest\TestCases\all_persons_tenses_passive_negation.xml" />
      </DeploymentItems>
      <Execution id="5061cf49-5120-4ac6-b021-a35650b2c892" />
      <TestMethod codeBase="D:/software/Project/BNLP/UnitTest/bin/Debug/UnitTest.DLL" adapterTypeName="Microsoft.VisualStudio.TestTools.TestTypes.Unit.UnitTestAdapter, Microsoft.VisualStudio.QualityTools.Tips.UnitTest.Adapter, Version=10.0.0.0, Culture=neutral, PublicKeyToken=b03f5f7f11d50a3a" className="UnitTest.BnlpTest, UnitTest, Version=1.0.0.0, Culture=neutral, PublicKeyToken=null" name="all_persons_tenses_passive_negation" />
      <DataSource connectionString="|DataDirectory|\TestCases\all_persons_tenses_passive_negation.xml" providerInvariantName="Microsoft.VisualStudio.TestTools.DataSource.XML" tableName="sentence" />
    </UnitTest>
    <UnitTest name="third_person_tenses_active_negation" storage="d:\software\project\bnlp\unittest\bin\debug\unittest.dll" id="fe3e63ab-391c-e168-48d0-431b85a7b898">
      <DeploymentItems>
        <DeploymentItem filename="..\UnitTest\TestCases\third_person_tenses_active_negation.xml" />
      </DeploymentItems>
      <Execution id="019564cd-8ae2-4220-86dc-547171def4f4" />
      <TestMethod codeBase="D:/software/Project/BNLP/UnitTest/bin/Debug/UnitTest.DLL" adapterTypeName="Microsoft.VisualStudio.TestTools.TestTypes.Unit.UnitTestAdapter, Microsoft.VisualStudio.QualityTools.Tips.UnitTest.Adapter, Version=10.0.0.0, Culture=neutral, PublicKeyToken=b03f5f7f11d50a3a" className="UnitTest.BnlpTest, UnitTest, Version=1.0.0.0, Culture=neutral, PublicKeyToken=null" name="third_person_tenses_active_negation" />
      <DataSource connectionString="|DataDirectory|\TestCases\third_person_tenses_active_negation.xml" providerInvariantName="Microsoft.VisualStudio.TestTools.DataSource.XML" tableName="sentence" />
    </UnitTest>
    <UnitTest name="all_persons_modal_should" storage="d:\software\project\bnlp\unittest\bin\debug\unittest.dll" id="783915fe-114a-e353-78dd-56e92a60f942">
      <DeploymentItems>
        <DeploymentItem filename="..\UnitTest\TestCases\all_persons_modal_should.xml" />
      </DeploymentItems>
      <Execution id="e33c44d1-571e-4456-abd9-e21b02fc052b" />
      <TestMethod codeBase="D:/software/Project/BNLP/UnitTest/bin/Debug/UnitTest.DLL" adapterTypeName="Microsoft.VisualStudio.TestTools.TestTypes.Unit.UnitTestAdapter, Microsoft.VisualStudio.QualityTools.Tips.UnitTest.Adapter, Version=10.0.0.0, Culture=neutral, PublicKeyToken=b03f5f7f11d50a3a" className="UnitTest.BnlpTest, UnitTest, Version=1.0.0.0, Culture=neutral, PublicKeyToken=null" name="all_persons_modal_should" />
      <DataSource connectionString="|DataDirectory|\TestCases\all_persons_modal_should.xml" providerInvariantName="Microsoft.VisualStudio.TestTools.DataSource.XML" tableName="sentence" />
    </UnitTest>
    <UnitTest name="second_person_tenses_active" storage="d:\software\project\bnlp\unittest\bin\debug\unittest.dll" id="30ab3285-6a8c-14d2-9725-bd60892ccd90">
      <DeploymentItems>
        <DeploymentItem filename="..\UnitTest\TestCases\second_person_tenses_active.xml" />
      </DeploymentItems>
      <Execution id="acd8a40a-5af1-496f-b58e-3ba4b73ebbdb" />
      <TestMethod codeBase="D:/software/Project/BNLP/UnitTest/bin/Debug/UnitTest.DLL" adapterTypeName="Microsoft.VisualStudio.TestTools.TestTypes.Unit.UnitTestAdapter, Microsoft.VisualStudio.QualityTools.Tips.UnitTest.Adapter, Version=10.0.0.0, Culture=neutral, PublicKeyToken=b03f5f7f11d50a3a" className="UnitTest.BnlpTest, UnitTest, Version=1.0.0.0, Culture=neutral, PublicKeyToken=null" name="second_person_tenses_active" />
      <DataSource connectionString="|DataDirectory|\TestCases\second_person_tenses_active.xml" providerInvariantName="Microsoft.VisualStudio.TestTools.DataSource.XML" tableName="sentence" />
    </UnitTest>
    <UnitTest name="interrogative_sentences_who" storage="d:\software\project\bnlp\unittest\bin\debug\unittest.dll" id="32b5d279-0d23-e5ad-0301-234c8788f740">
      <DeploymentItems>
        <DeploymentItem filename="..\UnitTest\TestCases\interrogative_sentences_who.xml" />
      </DeploymentItems>
      <Execution id="1d915d72-8373-4db3-b4a4-876174b33dee" />
      <TestMethod codeBase="D:/software/Project/BNLP/UnitTest/bin/Debug/UnitTest.DLL" adapterTypeName="Microsoft.VisualStudio.TestTools.TestTypes.Unit.UnitTestAdapter, Microsoft.VisualStudio.QualityTools.Tips.UnitTest.Adapter, Version=10.0.0.0, Culture=neutral, PublicKeyToken=b03f5f7f11d50a3a" className="UnitTest.BnlpTest, UnitTest, Version=1.0.0.0, Culture=neutral, PublicKeyToken=null" name="interrogative_sentences_who" />
      <DataSource connectionString="|DataDirectory|\TestCases\interrogative_sentences_who.xml" providerInvariantName="Microsoft.VisualStudio.TestTools.DataSource.XML" tableName="sentence" />
    </UnitTest>
    <UnitTest name="all_persons_modal_can_may" storage="d:\software\project\bnlp\unittest\bin\debug\unittest.dll" id="8fe5ccb3-a3f4-0f61-ad21-e94ef029e900">
      <DeploymentItems>
        <DeploymentItem filename="..\UnitTest\TestCases\all_persons_modal_can_may.xml" />
      </DeploymentItems>
      <Execution id="f81d3953-fbfc-42cd-8afb-b8a211bbfa52" />
      <TestMethod codeBase="D:/software/Project/BNLP/UnitTest/bin/Debug/UnitTest.DLL" adapterTypeName="Microsoft.VisualStudio.TestTools.TestTypes.Unit.UnitTestAdapter, Microsoft.VisualStudio.QualityTools.Tips.UnitTest.Adapter, Version=10.0.0.0, Culture=neutral, PublicKeyToken=b03f5f7f11d50a3a" className="UnitTest.BnlpTest, UnitTest, Version=1.0.0.0, Culture=neutral, PublicKeyToken=null" name="all_persons_modal_can_may" />
      <DataSource connectionString="|DataDirectory|\TestCases\all_persons_modal_can_may.xml" providerInvariantName="Microsoft.VisualStudio.TestTools.DataSource.XML" tableName="sentence" />
    </UnitTest>
    <UnitTest name="interrogative_sentences_how" storage="d:\software\project\bnlp\unittest\bin\debug\unittest.dll" id="227f20ae-8e76-eb71-39b2-4ada3ce6aba8">
      <DeploymentItems>
        <DeploymentItem filename="..\UnitTest\TestCases\interrogative_sentences_how.xml" />
      </DeploymentItems>
      <Execution id="006d743c-7038-420a-9e2f-9e80946ab2ab" />
      <TestMethod codeBase="D:/software/Project/BNLP/UnitTest/bin/Debug/UnitTest.DLL" adapterTypeName="Microsoft.VisualStudio.TestTools.TestTypes.Unit.UnitTestAdapter, Microsoft.VisualStudio.QualityTools.Tips.UnitTest.Adapter, Version=10.0.0.0, Culture=neutral, PublicKeyToken=b03f5f7f11d50a3a" className="UnitTest.BnlpTest, UnitTest, Version=1.0.0.0, Culture=neutral, PublicKeyToken=null" name="interrogative_sentences_how" />
      <DataSource connectionString="|DataDirectory|\TestCases\interrogative_sentences_how.xml" providerInvariantName="Microsoft.VisualStudio.TestTools.DataSource.XML" tableName="sentence" />
    </UnitTest>
    <UnitTest name="all_persons_modal_can_may_negation" storage="d:\software\project\bnlp\unittest\bin\debug\unittest.dll" id="d03eb628-bf1f-c27d-aeef-e708d613d686">
      <DeploymentItems>
        <DeploymentItem filename="..\UnitTest\TestCases\all_persons_modal_can_may_negation.xml" />
      </DeploymentItems>
      <Execution id="10491aa0-7c7e-43d0-be92-c5f25044f9e7" />
      <TestMethod codeBase="D:/software/Project/BNLP/UnitTest/bin/Debug/UnitTest.DLL" adapterTypeName="Microsoft.VisualStudio.TestTools.TestTypes.Unit.UnitTestAdapter, Microsoft.VisualStudio.QualityTools.Tips.UnitTest.Adapter, Version=10.0.0.0, Culture=neutral, PublicKeyToken=b03f5f7f11d50a3a" className="UnitTest.BnlpTest, UnitTest, Version=1.0.0.0, Culture=neutral, PublicKeyToken=null" name="all_persons_modal_can_may_negation" />
      <DataSource connectionString="|DataDirectory|\TestCases\all_persons_modal_can_may_negation.xml" providerInvariantName="Microsoft.VisualStudio.TestTools.DataSource.XML" tableName="sentence" />
    </UnitTest>
    <UnitTest name="RandomWord" storage="d:\software\project\bnlp\unittest\bin\debug\unittest.dll" id="642ce34f-0ed4-f995-637b-09297c832f2a">
      <DeploymentItems>
        <DeploymentItem filename="..\UnitTest\TestCases\wikipedia.xml" />
      </DeploymentItems>
      <Execution id="b53d2c99-1ff1-484b-b899-38b8a4aba275" />
      <TestMethod codeBase="D:/software/Project/BNLP/UnitTest/bin/Debug/UnitTest.DLL" adapterTypeName="Microsoft.VisualStudio.TestTools.TestTypes.Unit.UnitTestAdapter, Microsoft.VisualStudio.QualityTools.Tips.UnitTest.Adapter, Version=10.0.0.0, Culture=neutral, PublicKeyToken=b03f5f7f11d50a3a" className="UnitTest.BnlpTest, UnitTest, Version=1.0.0.0, Culture=neutral, PublicKeyToken=null" name="RandomWord" />
      <DataSource connectionString="|DataDirectory|\TestCases\wikipedia.xml" providerInvariantName="Microsoft.VisualStudio.TestTools.DataSource.XML" tableName="sentence" />
    </UnitTest>
    <UnitTest name="second_person_tenses_active_negation" storage="d:\software\project\bnlp\unittest\bin\debug\unittest.dll" id="83c68223-dcaa-51dd-423f-434210a59f77">
      <DeploymentItems>
        <DeploymentItem filename="..\UnitTest\TestCases\second_person_tenses_active_negation.xml" />
      </DeploymentItems>
      <Execution id="09a45eee-1815-45a8-808c-2ef087a7779a" />
      <TestMethod codeBase="D:/software/Project/BNLP/UnitTest/bin/Debug/UnitTest.DLL" adapterTypeName="Microsoft.VisualStudio.TestTools.TestTypes.Unit.UnitTestAdapter, Microsoft.VisualStudio.QualityTools.Tips.UnitTest.Adapter, Version=10.0.0.0, Culture=neutral, PublicKeyToken=b03f5f7f11d50a3a" className="UnitTest.BnlpTest, UnitTest, Version=1.0.0.0, Culture=neutral, PublicKeyToken=null" name="second_person_tenses_active_negation" />
      <DataSource connectionString="|DataDirectory|\TestCases\second_person_tenses_active_negation.xml" providerInvariantName="Microsoft.VisualStudio.TestTools.DataSource.XML" tableName="sentence" />
    </UnitTest>
    <UnitTest name="interrogative_sentences_why" storage="d:\software\project\bnlp\unittest\bin\debug\unittest.dll" id="1b04a6d6-5350-792c-8eba-a46a0eb28949">
      <DeploymentItems>
        <DeploymentItem filename="..\UnitTest\TestCases\interrogative_sentences_why.xml" />
      </DeploymentItems>
      <Execution id="4fe30292-2523-4e8b-a0e5-71f57ed4de18" />
      <TestMethod codeBase="D:/software/Project/BNLP/UnitTest/bin/Debug/UnitTest.DLL" adapterTypeName="Microsoft.VisualStudio.TestTools.TestTypes.Unit.UnitTestAdapter, Microsoft.VisualStudio.QualityTools.Tips.UnitTest.Adapter, Version=10.0.0.0, Culture=neutral, PublicKeyToken=b03f5f7f11d50a3a" className="UnitTest.BnlpTest, UnitTest, Version=1.0.0.0, Culture=neutral, PublicKeyToken=null" name="interrogative_sentences_why" />
      <DataSource connectionString="|DataDirectory|\TestCases\interrogative_sentences_why.xml" providerInvariantName="Microsoft.VisualStudio.TestTools.DataSource.XML" tableName="sentence" />
    </UnitTest>
    <UnitTest name="interrogative_sentences_which" storage="d:\software\project\bnlp\unittest\bin\debug\unittest.dll" id="97a1371f-e8e6-db3e-323e-49ffeef32df1">
      <DeploymentItems>
        <DeploymentItem filename="..\UnitTest\TestCases\interrogative_sentences_which.xml" />
      </DeploymentItems>
      <Execution id="fc84dd13-c8d6-4c84-9dce-a454cfa1b628" />
      <TestMethod codeBase="D:/software/Project/BNLP/UnitTest/bin/Debug/UnitTest.DLL" adapterTypeName="Microsoft.VisualStudio.TestTools.TestTypes.Unit.UnitTestAdapter, Microsoft.VisualStudio.QualityTools.Tips.UnitTest.Adapter, Version=10.0.0.0, Culture=neutral, PublicKeyToken=b03f5f7f11d50a3a" className="UnitTest.BnlpTest, UnitTest, Version=1.0.0.0, Culture=neutral, PublicKeyToken=null" name="interrogative_sentences_which" />
      <DataSource connectionString="|DataDirectory|\TestCases\interrogative_sentences_which.xml" providerInvariantName="Microsoft.VisualStudio.TestTools.DataSource.XML" tableName="sentence" />
    </UnitTest>
    <UnitTest name="third_person_tenses_active" storage="d:\software\project\bnlp\unittest\bin\debug\unittest.dll" id="0bc2f98c-98f5-f190-c78c-c00d94c547a1">
      <DeploymentItems>
        <DeploymentItem filename="..\UnitTest\TestCases\third_person_tenses_active.xml" />
      </DeploymentItems>
      <Execution id="f6a9a975-db25-4477-a5dc-4e47a3e223d0" />
      <TestMethod codeBase="D:/software/Project/BNLP/UnitTest/bin/Debug/UnitTest.DLL" adapterTypeName="Microsoft.VisualStudio.TestTools.TestTypes.Unit.UnitTestAdapter, Microsoft.VisualStudio.QualityTools.Tips.UnitTest.Adapter, Version=10.0.0.0, Culture=neutral, PublicKeyToken=b03f5f7f11d50a3a" className="UnitTest.BnlpTest, UnitTest, Version=1.0.0.0, Culture=neutral, PublicKeyToken=null" name="third_person_tenses_active" />
      <DataSource connectionString="|DataDirectory|\TestCases\third_person_tenses_active.xml" providerInvariantName="Microsoft.VisualStudio.TestTools.DataSource.XML" tableName="sentence" />
    </UnitTest>
    <UnitTest name="auxiliary_verbs_as_main_verbs" storage="d:\software\project\bnlp\unittest\bin\debug\unittest.dll" id="c79146bc-2376-961a-5de9-441b5dfc7188">
      <DeploymentItems>
        <DeploymentItem filename="..\UnitTest\TestCases\auxiliary_verbs_as_main_verbs.xml" />
      </DeploymentItems>
      <Execution id="b53cafd2-3732-4e44-be26-8d56f0befb39" />
      <TestMethod codeBase="D:/software/Project/BNLP/UnitTest/bin/Debug/UnitTest.DLL" adapterTypeName="Microsoft.VisualStudio.TestTools.TestTypes.Unit.UnitTestAdapter, Microsoft.VisualStudio.QualityTools.Tips.UnitTest.Adapter, Version=10.0.0.0, Culture=neutral, PublicKeyToken=b03f5f7f11d50a3a" className="UnitTest.BnlpTest, UnitTest, Version=1.0.0.0, Culture=neutral, PublicKeyToken=null" name="auxiliary_verbs_as_main_verbs" />
      <DataSource connectionString="|DataDirectory|\TestCases\auxiliary_verbs_as_main_verbs.xml" providerInvariantName="Microsoft.VisualStudio.TestTools.DataSource.XML" tableName="sentence" />
    </UnitTest>
    <UnitTest name="special_handling_do_verb" storage="d:\software\project\bnlp\unittest\bin\debug\unittest.dll" id="533e7939-123c-ce84-5c5c-d5a21d1d95b9">
      <DeploymentItems>
        <DeploymentItem filename="..\UnitTest\TestCases\special_handling_do_verb.xml" />
      </DeploymentItems>
      <Execution id="de371277-47ab-4eb2-aee3-e87a95943bd4" />
      <TestMethod codeBase="D:/software/Project/BNLP/UnitTest/bin/Debug/UnitTest.DLL" adapterTypeName="Microsoft.VisualStudio.TestTools.TestTypes.Unit.UnitTestAdapter, Microsoft.VisualStudio.QualityTools.Tips.UnitTest.Adapter, Version=10.0.0.0, Culture=neutral, PublicKeyToken=b03f5f7f11d50a3a" className="UnitTest.BnlpTest, UnitTest, Version=1.0.0.0, Culture=neutral, PublicKeyToken=null" name="special_handling_do_verb" />
      <DataSource connectionString="|DataDirectory|\TestCases\special_handling_do_verb.xml" providerInvariantName="Microsoft.VisualStudio.TestTools.DataSource.XML" tableName="sentence" />
    </UnitTest>
    <UnitTest name="interrogative_sentences_whom" storage="d:\software\project\bnlp\unittest\bin\debug\unittest.dll" id="4e91a3b9-9eae-ebff-0b97-303f00578a78">
      <DeploymentItems>
        <DeploymentItem filename="..\UnitTest\TestCases\interrogative_sentences_whom.xml" />
      </DeploymentItems>
      <Execution id="5ca130d4-2a09-476c-a08b-3659f978deb0" />
      <TestMethod codeBase="D:/software/Project/BNLP/UnitTest/bin/Debug/UnitTest.DLL" adapterTypeName="Microsoft.VisualStudio.TestTools.TestTypes.Unit.UnitTestAdapter, Microsoft.VisualStudio.QualityTools.Tips.UnitTest.Adapter, Version=10.0.0.0, Culture=neutral, PublicKeyToken=b03f5f7f11d50a3a" className="UnitTest.BnlpTest, UnitTest, Version=1.0.0.0, Culture=neutral, PublicKeyToken=null" name="interrogative_sentences_whom" />
      <DataSource connectionString="|DataDirectory|\TestCases\interrogative_sentences_whom.xml" providerInvariantName="Microsoft.VisualStudio.TestTools.DataSource.XML" tableName="sentence" />
    </UnitTest>
    <UnitTest name="interrogative_sentences_where" storage="d:\software\project\bnlp\unittest\bin\debug\unittest.dll" id="b9261b51-b0a2-10e2-9308-22bb2624de8b">
      <DeploymentItems>
        <DeploymentItem filename="..\UnitTest\TestCases\interrogative_sentences_where.xml" />
      </DeploymentItems>
      <Execution id="3766b09c-bfae-41b7-a7b1-e0726a8dd712" />
      <TestMethod codeBase="D:/software/Project/BNLP/UnitTest/bin/Debug/UnitTest.DLL" adapterTypeName="Microsoft.VisualStudio.TestTools.TestTypes.Unit.UnitTestAdapter, Microsoft.VisualStudio.QualityTools.Tips.UnitTest.Adapter, Version=10.0.0.0, Culture=neutral, PublicKeyToken=b03f5f7f11d50a3a" className="UnitTest.BnlpTest, UnitTest, Version=1.0.0.0, Culture=neutral, PublicKeyToken=null" name="interrogative_sentences_where" />
      <DataSource connectionString="|DataDirectory|\TestCases\interrogative_sentences_where.xml" providerInvariantName="Microsoft.VisualStudio.TestTools.DataSource.XML" tableName="sentence" />
    </UnitTest>
    <UnitTest name="interrogative_sentences_aux" storage="d:\software\project\bnlp\unittest\bin\debug\unittest.dll" id="39dcb97e-c73f-c645-a77c-64d9eba0a3a3">
      <DeploymentItems>
        <DeploymentItem filename="..\UnitTest\TestCases\interrogative_sentences_aux.xml" />
      </DeploymentItems>
      <Execution id="411515f2-11c7-42c0-9537-a7c5e9c0a819" />
      <TestMethod codeBase="D:/software/Project/BNLP/UnitTest/bin/Debug/UnitTest.DLL" adapterTypeName="Microsoft.VisualStudio.TestTools.TestTypes.Unit.UnitTestAdapter, Microsoft.VisualStudio.QualityTools.Tips.UnitTest.Adapter, Version=10.0.0.0, Culture=neutral, PublicKeyToken=b03f5f7f11d50a3a" className="UnitTest.BnlpTest, UnitTest, Version=1.0.0.0, Culture=neutral, PublicKeyToken=null" name="interrogative_sentences_aux" />
      <DataSource connectionString="|DataDirectory|\TestCases\interrogative_sentences_aux.xml" providerInvariantName="Microsoft.VisualStudio.TestTools.DataSource.XML" tableName="sentence" />
    </UnitTest>
    <UnitTest name="all_persons_tenses_passive" storage="d:\software\project\bnlp\unittest\bin\debug\unittest.dll" id="d766a059-d96c-7b47-e6a6-34931760df96">
      <DeploymentItems>
        <DeploymentItem filename="..\UnitTest\TestCases\all_persons_tenses_passive.xml" />
      </DeploymentItems>
      <Execution id="9c3c241b-a8cd-4200-8ac2-2917e8daccb8" />
      <TestMethod codeBase="D:/software/Project/BNLP/UnitTest/bin/Debug/UnitTest.DLL" adapterTypeName="Microsoft.VisualStudio.TestTools.TestTypes.Unit.UnitTestAdapter, Microsoft.VisualStudio.QualityTools.Tips.UnitTest.Adapter, Version=10.0.0.0, Culture=neutral, PublicKeyToken=b03f5f7f11d50a3a" className="UnitTest.BnlpTest, UnitTest, Version=1.0.0.0, Culture=neutral, PublicKeyToken=null" name="all_persons_tenses_passive" />
      <DataSource connectionString="|DataDirectory|\TestCases\all_persons_tenses_passive.xml" providerInvariantName="Microsoft.VisualStudio.TestTools.DataSource.XML" tableName="sentence" />
    </UnitTest>
    <UnitTest name="first_person_tenses_active_negation" storage="d:\software\project\bnlp\unittest\bin\debug\unittest.dll" id="15fe5bf6-5078-81a8-0356-385549390bb7">
      <DeploymentItems>
        <DeploymentItem filename="..\UnitTest\TestCases\first_person_tenses_active_negation.xml" />
      </DeploymentItems>
      <Execution id="97d53e7e-d32b-4c6b-8af9-e92876bd8cd8" />
      <TestMethod codeBase="D:/software/Project/BNLP/UnitTest/bin/Debug/UnitTest.DLL" adapterTypeName="Microsoft.VisualStudio.TestTools.TestTypes.Unit.UnitTestAdapter, Microsoft.VisualStudio.QualityTools.Tips.UnitTest.Adapter, Version=10.0.0.0, Culture=neutral, PublicKeyToken=b03f5f7f11d50a3a" className="UnitTest.BnlpTest, UnitTest, Version=1.0.0.0, Culture=neutral, PublicKeyToken=null" name="first_person_tenses_active_negation" />
      <DataSource connectionString="|DataDirectory|\TestCases\first_person_tenses_active_negation.xml" providerInvariantName="Microsoft.VisualStudio.TestTools.DataSource.XML" tableName="sentence" />
    </UnitTest>
  </TestDefinitions>
  <TestLists>
    <TestList name="Results Not in a List" id="8c84fa94-04c1-424b-9868-57a2d4851a1d" />
    <TestList name="All Loaded Results" id="19431567-8539-422a-85d7-44ee4e166bda" />
  </TestLists>
  <TestEntries>
    <TestEntry testId="0bc2f98c-98f5-f190-c78c-c00d94c547a1" executionId="f6a9a975-db25-4477-a5dc-4e47a3e223d0" testListId="8c84fa94-04c1-424b-9868-57a2d4851a1d" />
    <TestEntry testId="0f337a75-1a2d-d9c3-6c5f-23ed2604b69d" executionId="0d20c948-361c-4475-8ebc-df984187971d" testListId="8c84fa94-04c1-424b-9868-57a2d4851a1d" />
    <TestEntry testId="0f33848d-a900-d644-7498-2526887b5425" executionId="8a8d8ddc-4400-40bc-abf6-13e0d8e87986" testListId="8c84fa94-04c1-424b-9868-57a2d4851a1d" />
    <TestEntry testId="15fe5bf6-5078-81a8-0356-385549390bb7" executionId="97d53e7e-d32b-4c6b-8af9-e92876bd8cd8" testListId="8c84fa94-04c1-424b-9868-57a2d4851a1d" />
    <TestEntry testId="1b04a6d6-5350-792c-8eba-a46a0eb28949" executionId="4fe30292-2523-4e8b-a0e5-71f57ed4de18" testListId="8c84fa94-04c1-424b-9868-57a2d4851a1d" />
    <TestEntry testId="1d63c318-78a9-9011-f5c0-0b01884a2881" executionId="119d6d19-633e-4008-b5df-3c650a99017b" testListId="8c84fa94-04c1-424b-9868-57a2d4851a1d" />
    <TestEntry testId="227f20ae-8e76-eb71-39b2-4ada3ce6aba8" executionId="006d743c-7038-420a-9e2f-9e80946ab2ab" testListId="8c84fa94-04c1-424b-9868-57a2d4851a1d" />
    <TestEntry testId="30ab3285-6a8c-14d2-9725-bd60892ccd90" executionId="acd8a40a-5af1-496f-b58e-3ba4b73ebbdb" testListId="8c84fa94-04c1-424b-9868-57a2d4851a1d" />
    <TestEntry testId="32b5d279-0d23-e5ad-0301-234c8788f740" executionId="1d915d72-8373-4db3-b4a4-876174b33dee" testListId="8c84fa94-04c1-424b-9868-57a2d4851a1d" />
    <TestEntry testId="39dcb97e-c73f-c645-a77c-64d9eba0a3a3" executionId="411515f2-11c7-42c0-9537-a7c5e9c0a819" testListId="8c84fa94-04c1-424b-9868-57a2d4851a1d" />
    <TestEntry testId="4e91a3b9-9eae-ebff-0b97-303f00578a78" executionId="5ca130d4-2a09-476c-a08b-3659f978deb0" testListId="8c84fa94-04c1-424b-9868-57a2d4851a1d" />
    <TestEntry testId="533e7939-123c-ce84-5c5c-d5a21d1d95b9" executionId="de371277-47ab-4eb2-aee3-e87a95943bd4" testListId="8c84fa94-04c1-424b-9868-57a2d4851a1d" />
    <TestEntry testId="642ce34f-0ed4-f995-637b-09297c832f2a" executionId="b53d2c99-1ff1-484b-b899-38b8a4aba275" testListId="8c84fa94-04c1-424b-9868-57a2d4851a1d" />
    <TestEntry testId="783915fe-114a-e353-78dd-56e92a60f942" executionId="e33c44d1-571e-4456-abd9-e21b02fc052b" testListId="8c84fa94-04c1-424b-9868-57a2d4851a1d" />
    <TestEntry testId="7f7910d1-dc89-39b4-b4cf-d9e6d7af9420" executionId="8e4e576a-b7f3-4831-86f3-7d1ce69bbd74" testListId="8c84fa94-04c1-424b-9868-57a2d4851a1d" />
    <TestEntry testId="83c68223-dcaa-51dd-423f-434210a59f77" executionId="09a45eee-1815-45a8-808c-2ef087a7779a" testListId="8c84fa94-04c1-424b-9868-57a2d4851a1d" />
    <TestEntry testId="8fe5ccb3-a3f4-0f61-ad21-e94ef029e900" executionId="f81d3953-fbfc-42cd-8afb-b8a211bbfa52" testListId="8c84fa94-04c1-424b-9868-57a2d4851a1d" />
    <TestEntry testId="921e6ab0-d7c2-6005-e523-6fd2d5e1a723" executionId="a8f74b98-b55d-49c8-ba5e-cb1c0a434804" testListId="8c84fa94-04c1-424b-9868-57a2d4851a1d" />
    <TestEntry testId="9319d01e-de3e-d310-c76e-cae8dce4c924" executionId="b1a05748-45cc-4244-8e13-c0c4f487aba9" testListId="8c84fa94-04c1-424b-9868-57a2d4851a1d" />
    <TestEntry testId="97a1371f-e8e6-db3e-323e-49ffeef32df1" executionId="fc84dd13-c8d6-4c84-9dce-a454cfa1b628" testListId="8c84fa94-04c1-424b-9868-57a2d4851a1d" />
    <TestEntry testId="b9261b51-b0a2-10e2-9308-22bb2624de8b" executionId="3766b09c-bfae-41b7-a7b1-e0726a8dd712" testListId="8c84fa94-04c1-424b-9868-57a2d4851a1d" />
    <TestEntry testId="bdfe92b2-f4ac-73a5-f13d-5c1ea13721b4" executionId="5061cf49-5120-4ac6-b021-a35650b2c892" testListId="8c84fa94-04c1-424b-9868-57a2d4851a1d" />
    <TestEntry testId="c79146bc-2376-961a-5de9-441b5dfc7188" executionId="b53cafd2-3732-4e44-be26-8d56f0befb39" testListId="8c84fa94-04c1-424b-9868-57a2d4851a1d" />
    <TestEntry testId="d03eb628-bf1f-c27d-aeef-e708d613d686" executionId="10491aa0-7c7e-43d0-be92-c5f25044f9e7" testListId="8c84fa94-04c1-424b-9868-57a2d4851a1d" />
    <TestEntry testId="d766a059-d96c-7b47-e6a6-34931760df96" executionId="9c3c241b-a8cd-4200-8ac2-2917e8daccb8" testListId="8c84fa94-04c1-424b-9868-57a2d4851a1d" />
    <TestEntry testId="fe3e63ab-391c-e168-48d0-431b85a7b898" executionId="019564cd-8ae2-4220-86dc-547171def4f4" testListId="8c84fa94-04c1-424b-9868-57a2d4851a1d" />
  </TestEntries>
  <Results>
    <UnitTestResult executionId="f6a9a975-db25-4477-a5dc-4e47a3e223d0" testId="0bc2f98c-98f5-f190-c78c-c00d94c547a1" testName="third_person_tenses_active" computerName="ARPAN-LAP" duration="00:00:07.5792239" startTime="2014-06-29T12:35:58.6764719+05:30" endTime="2014-06-29T12:36:06.5989250+05:30" testType="13cdc9d9-ddb5-4fa4-a97d-d965ccfc6d4b" outcome="Passed" testListId="8c84fa94-04c1-424b-9868-57a2d4851a1d" relativeResultsDirectory="f6a9a975-db25-4477-a5dc-4e47a3e223d0" resultType="DataDrivenTest">
      <Counters error="0" failed="0" timeout="0" aborted="0" inconclusive="0" passedButRunAborted="0" notRunnable="0" notExecuted="0" disconnected="0" warning="0" passed="10" completed="0" inProgress="0" pending="0" />
      <InnerResults>
        <UnitTestResult executionId="55be2ac6-d413-4fc0-8fc6-d88d4357a8be" parentExecutionId="f6a9a975-db25-4477-a5dc-4e47a3e223d0" testId="0bc2f98c-98f5-f190-c78c-c00d94c547a1" testName="third_person_tenses_active" computerName="ARPAN-LAP" duration="00:00:07.2774389" startTime="2014-06-29T12:35:58.9864896+05:30" endTime="2014-06-29T12:36:06.2699062+05:30" testType="13cdc9d9-ddb5-4fa4-a97d-d965ccfc6d4b" outcome="Passed" testListId="8c84fa94-04c1-424b-9868-57a2d4851a1d" relativeResultsDirectory="f6a9a975-db25-4477-a5dc-4e47a3e223d0" dataRowInfo="0" resultType="DataDrivenDataRow" />
        <UnitTestResult executionId="3d519674-9cd6-41ec-a37a-7e41acca5460" parentExecutionId="f6a9a975-db25-4477-a5dc-4e47a3e223d0" testId="0bc2f98c-98f5-f190-c78c-c00d94c547a1" testName="third_person_tenses_active" computerName="ARPAN-LAP" duration="00:00:00.0607550" startTime="2014-06-29T12:36:06.2699062+05:30" endTime="2014-06-29T12:36:06.3309097+05:30" testType="13cdc9d9-ddb5-4fa4-a97d-d965ccfc6d4b" outcome="Passed" testListId="8c84fa94-04c1-424b-9868-57a2d4851a1d" relativeResultsDirectory="f6a9a975-db25-4477-a5dc-4e47a3e223d0" dataRowInfo="1" resultType="DataDrivenDataRow" />
        <UnitTestResult executionId="8bfa69d2-8c97-4f92-a5d9-ce0c450feba6" parentExecutionId="f6a9a975-db25-4477-a5dc-4e47a3e223d0" testId="0bc2f98c-98f5-f190-c78c-c00d94c547a1" testName="third_person_tenses_active" computerName="ARPAN-LAP" duration="00:00:00.0399223" startTime="2014-06-29T12:36:06.3309097+05:30" endTime="2014-06-29T12:36:06.3709120+05:30" testType="13cdc9d9-ddb5-4fa4-a97d-d965ccfc6d4b" outcome="Passed" testListId="8c84fa94-04c1-424b-9868-57a2d4851a1d" relativeResultsDirectory="f6a9a975-db25-4477-a5dc-4e47a3e223d0" dataRowInfo="2" resultType="DataDrivenDataRow" />
        <UnitTestResult executionId="f75222de-bb49-4ee2-a35e-7f8e34ca1f69" parentExecutionId="f6a9a975-db25-4477-a5dc-4e47a3e223d0" testId="0bc2f98c-98f5-f190-c78c-c00d94c547a1" testName="third_person_tenses_active" computerName="ARPAN-LAP" duration="00:00:00.0638424" startTime="2014-06-29T12:36:06.3709120+05:30" endTime="2014-06-29T12:36:06.4339156+05:30" testType="13cdc9d9-ddb5-4fa4-a97d-d965ccfc6d4b" outcome="Passed" testListId="8c84fa94-04c1-424b-9868-57a2d4851a1d" relativeResultsDirectory="f6a9a975-db25-4477-a5dc-4e47a3e223d0" dataRowInfo="3" resultType="DataDrivenDataRow" />
        <UnitTestResult executionId="86fae9ea-ec3b-4448-adb1-76086fe6a678" parentExecutionId="f6a9a975-db25-4477-a5dc-4e47a3e223d0" testId="0bc2f98c-98f5-f190-c78c-c00d94c547a1" testName="third_person_tenses_active" computerName="ARPAN-LAP" duration="00:00:00.0169467" startTime="2014-06-29T12:36:06.4339156+05:30" endTime="2014-06-29T12:36:06.4509166+05:30" testType="13cdc9d9-ddb5-4fa4-a97d-d965ccfc6d4b" outcome="Passed" testListId="8c84fa94-04c1-424b-9868-57a2d4851a1d" relativeResultsDirectory="f6a9a975-db25-4477-a5dc-4e47a3e223d0" dataRowInfo="4" resultType="DataDrivenDataRow" />
        <UnitTestResult executionId="d1ec4fc5-8fbc-4b57-989c-e29c26ba0c01" parentExecutionId="f6a9a975-db25-4477-a5dc-4e47a3e223d0" testId="0bc2f98c-98f5-f190-c78c-c00d94c547a1" testName="third_person_tenses_active" computerName="ARPAN-LAP" duration="00:00:00.0188273" startTime="2014-06-29T12:36:06.4509166+05:30" endTime="2014-06-29T12:36:06.4699177+05:30" testType="13cdc9d9-ddb5-4fa4-a97d-d965ccfc6d4b" outcome="Passed" testListId="8c84fa94-04c1-424b-9868-57a2d4851a1d" relativeResultsDirectory="f6a9a975-db25-4477-a5dc-4e47a3e223d0" dataRowInfo="5" resultType="DataDrivenDataRow" />
        <UnitTestResult executionId="27b3dd36-8216-4b26-b5cd-81cfbe54deda" parentExecutionId="f6a9a975-db25-4477-a5dc-4e47a3e223d0" testId="0bc2f98c-98f5-f190-c78c-c00d94c547a1" testName="third_person_tenses_active" computerName="ARPAN-LAP" duration="00:00:00.0174594" startTime="2014-06-29T12:36:06.4699177+05:30" endTime="2014-06-29T12:36:06.4879187+05:30" testType="13cdc9d9-ddb5-4fa4-a97d-d965ccfc6d4b" outcome="Passed" testListId="8c84fa94-04c1-424b-9868-57a2d4851a1d" relativeResultsDirectory="f6a9a975-db25-4477-a5dc-4e47a3e223d0" dataRowInfo="6" resultType="DataDrivenDataRow" />
        <UnitTestResult executionId="77ea427b-912e-4392-a2cd-c05dbfa56c29" parentExecutionId="f6a9a975-db25-4477-a5dc-4e47a3e223d0" testId="0bc2f98c-98f5-f190-c78c-c00d94c547a1" testName="third_person_tenses_active" computerName="ARPAN-LAP" duration="00:00:00.0240499" startTime="2014-06-29T12:36:06.4879187+05:30" endTime="2014-06-29T12:36:06.5119201+05:30" testType="13cdc9d9-ddb5-4fa4-a97d-d965ccfc6d4b" outcome="Passed" testListId="8c84fa94-04c1-424b-9868-57a2d4851a1d" relativeResultsDirectory="f6a9a975-db25-4477-a5dc-4e47a3e223d0" dataRowInfo="7" resultType="DataDrivenDataRow" />
        <UnitTestResult executionId="59778fe3-e8bd-4226-8b1c-afa68024b8d8" parentExecutionId="f6a9a975-db25-4477-a5dc-4e47a3e223d0" testId="0bc2f98c-98f5-f190-c78c-c00d94c547a1" testName="third_person_tenses_active" computerName="ARPAN-LAP" duration="00:00:00.0192456" startTime="2014-06-29T12:36:06.5119201+05:30" endTime="2014-06-29T12:36:06.5309211+05:30" testType="13cdc9d9-ddb5-4fa4-a97d-d965ccfc6d4b" outcome="Passed" testListId="8c84fa94-04c1-424b-9868-57a2d4851a1d" relativeResultsDirectory="f6a9a975-db25-4477-a5dc-4e47a3e223d0" dataRowInfo="8" resultType="DataDrivenDataRow" />
        <UnitTestResult executionId="d1f36a1d-fac6-487c-8bec-06a99cb68413" parentExecutionId="f6a9a975-db25-4477-a5dc-4e47a3e223d0" testId="0bc2f98c-98f5-f190-c78c-c00d94c547a1" testName="third_person_tenses_active" computerName="ARPAN-LAP" duration="00:00:00.0223822" startTime="2014-06-29T12:36:06.5309211+05:30" endTime="2014-06-29T12:36:06.5539225+05:30" testType="13cdc9d9-ddb5-4fa4-a97d-d965ccfc6d4b" outcome="Passed" testListId="8c84fa94-04c1-424b-9868-57a2d4851a1d" relativeResultsDirectory="f6a9a975-db25-4477-a5dc-4e47a3e223d0" dataRowInfo="9" resultType="DataDrivenDataRow" />
      </InnerResults>
    </UnitTestResult>
    <UnitTestResult executionId="0d20c948-361c-4475-8ebc-df984187971d" testId="0f337a75-1a2d-d9c3-6c5f-23ed2604b69d" testName="prepositions_made_with_two_words" computerName="ARPAN-LAP" duration="00:00:00.1364515" startTime="2014-06-29T12:36:06.6009251+05:30" endTime="2014-06-29T12:36:06.7599342+05:30" testType="13cdc9d9-ddb5-4fa4-a97d-d965ccfc6d4b" outcome="Passed" testListId="8c84fa94-04c1-424b-9868-57a2d4851a1d" relativeResultsDirectory="0d20c948-361c-4475-8ebc-df984187971d" resultType="DataDrivenTest">
      <Counters error="0" failed="0" timeout="0" aborted="0" inconclusive="0" passedButRunAborted="0" notRunnable="0" notExecuted="0" disconnected="0" warning="0" passed="3" completed="0" inProgress="0" pending="0" />
      <InnerResults>
        <UnitTestResult executionId="05e9a595-c5b2-4daf-a942-af54c1e93549" parentExecutionId="0d20c948-361c-4475-8ebc-df984187971d" testId="0f337a75-1a2d-d9c3-6c5f-23ed2604b69d" testName="prepositions_made_with_two_words" computerName="ARPAN-LAP" duration="00:00:00.0391083" startTime="2014-06-29T12:36:06.6139259+05:30" endTime="2014-06-29T12:36:06.6539282+05:30" testType="13cdc9d9-ddb5-4fa4-a97d-d965ccfc6d4b" outcome="Passed" testListId="8c84fa94-04c1-424b-9868-57a2d4851a1d" relativeResultsDirectory="0d20c948-361c-4475-8ebc-df984187971d" dataRowInfo="0" resultType="DataDrivenDataRow" />
        <UnitTestResult executionId="edfc9e91-cf71-46ce-8e82-6d0a1cfc6aea" parentExecutionId="0d20c948-361c-4475-8ebc-df984187971d" testId="0f337a75-1a2d-d9c3-6c5f-23ed2604b69d" testName="prepositions_made_with_two_words" computerName="ARPAN-LAP" duration="00:00:00.0455806" startTime="2014-06-29T12:36:06.6539282+05:30" endTime="2014-06-29T12:36:06.6989308+05:30" testType="13cdc9d9-ddb5-4fa4-a97d-d965ccfc6d4b" outcome="Passed" testListId="8c84fa94-04c1-424b-9868-57a2d4851a1d" relativeResultsDirectory="0d20c948-361c-4475-8ebc-df984187971d" dataRowInfo="1" resultType="DataDrivenDataRow" />
        <UnitTestResult executionId="9e1b8e53-8778-412a-abd4-52b30b5caae5" parentExecutionId="0d20c948-361c-4475-8ebc-df984187971d" testId="0f337a75-1a2d-d9c3-6c5f-23ed2604b69d" testName="prepositions_made_with_two_words" computerName="ARPAN-LAP" duration="00:00:00.0483405" startTime="2014-06-29T12:36:06.6989308+05:30" endTime="2014-06-29T12:36:06.7479336+05:30" testType="13cdc9d9-ddb5-4fa4-a97d-d965ccfc6d4b" outcome="Passed" testListId="8c84fa94-04c1-424b-9868-57a2d4851a1d" relativeResultsDirectory="0d20c948-361c-4475-8ebc-df984187971d" dataRowInfo="2" resultType="DataDrivenDataRow" />
      </InnerResults>
    </UnitTestResult>
    <UnitTestResult executionId="8a8d8ddc-4400-40bc-abf6-13e0d8e87986" testId="0f33848d-a900-d644-7498-2526887b5425" testName="prepositions_made_with_three_words" computerName="ARPAN-LAP" duration="00:00:00.1934351" startTime="2014-06-29T12:36:06.7619344+05:30" endTime="2014-06-29T12:36:06.9749465+05:30" testType="13cdc9d9-ddb5-4fa4-a97d-d965ccfc6d4b" outcome="Passed" testListId="8c84fa94-04c1-424b-9868-57a2d4851a1d" relativeResultsDirectory="8a8d8ddc-4400-40bc-abf6-13e0d8e87986" resultType="DataDrivenTest">
      <Counters error="0" failed="0" timeout="0" aborted="0" inconclusive="0" passedButRunAborted="0" notRunnable="0" notExecuted="0" disconnected="0" warning="0" passed="4" completed="0" inProgress="0" pending="0" />
      <InnerResults>
        <UnitTestResult executionId="b5202235-1062-4748-9399-7a91521beae3" parentExecutionId="8a8d8ddc-4400-40bc-abf6-13e0d8e87986" testId="0f33848d-a900-d644-7498-2526887b5425" testName="prepositions_made_with_three_words" computerName="ARPAN-LAP" duration="00:00:00.0364742" startTime="2014-06-29T12:36:06.7689348+05:30" endTime="2014-06-29T12:36:06.8049368+05:30" testType="13cdc9d9-ddb5-4fa4-a97d-d965ccfc6d4b" outcome="Passed" testListId="8c84fa94-04c1-424b-9868-57a2d4851a1d" relativeResultsDirectory="8a8d8ddc-4400-40bc-abf6-13e0d8e87986" dataRowInfo="0" resultType="DataDrivenDataRow" />
        <UnitTestResult executionId="c5e2d0a8-3579-46a1-810b-f872ab3b4c26" parentExecutionId="8a8d8ddc-4400-40bc-abf6-13e0d8e87986" testId="0f33848d-a900-d644-7498-2526887b5425" testName="prepositions_made_with_three_words" computerName="ARPAN-LAP" duration="00:00:00.0416310" startTime="2014-06-29T12:36:06.8049368+05:30" endTime="2014-06-29T12:36:06.8469392+05:30" testType="13cdc9d9-ddb5-4fa4-a97d-d965ccfc6d4b" outcome="Passed" testListId="8c84fa94-04c1-424b-9868-57a2d4851a1d" relativeResultsDirectory="8a8d8ddc-4400-40bc-abf6-13e0d8e87986" dataRowInfo="1" resultType="DataDrivenDataRow" />
        <UnitTestResult executionId="76cea1bb-6e1e-4e60-a3ee-c65419913809" parentExecutionId="8a8d8ddc-4400-40bc-abf6-13e0d8e87986" testId="0f33848d-a900-d644-7498-2526887b5425" testName="prepositions_made_with_three_words" computerName="ARPAN-LAP" duration="00:00:00.0597141" startTime="2014-06-29T12:36:06.8469392+05:30" endTime="2014-06-29T12:36:06.9069427+05:30" testType="13cdc9d9-ddb5-4fa4-a97d-d965ccfc6d4b" outcome="Passed" testListId="8c84fa94-04c1-424b-9868-57a2d4851a1d" relativeResultsDirectory="8a8d8ddc-4400-40bc-abf6-13e0d8e87986" dataRowInfo="2" resultType="DataDrivenDataRow" />
        <UnitTestResult executionId="182ba3c8-726a-4b82-bb71-c12a1ab99367" parentExecutionId="8a8d8ddc-4400-40bc-abf6-13e0d8e87986" testId="0f33848d-a900-d644-7498-2526887b5425" testName="prepositions_made_with_three_words" computerName="ARPAN-LAP" duration="00:00:00.0538243" startTime="2014-06-29T12:36:06.9069427+05:30" endTime="2014-06-29T12:36:06.9609457+05:30" testType="13cdc9d9-ddb5-4fa4-a97d-d965ccfc6d4b" outcome="Passed" testListId="8c84fa94-04c1-424b-9868-57a2d4851a1d" relativeResultsDirectory="8a8d8ddc-4400-40bc-abf6-13e0d8e87986" dataRowInfo="3" resultType="DataDrivenDataRow" />
      </InnerResults>
    </UnitTestResult>
    <UnitTestResult executionId="97d53e7e-d32b-4c6b-8af9-e92876bd8cd8" testId="15fe5bf6-5078-81a8-0356-385549390bb7" testName="first_person_tenses_active_negation" computerName="ARPAN-LAP" duration="00:00:00.2698337" startTime="2014-06-29T12:36:06.9769467+05:30" endTime="2014-06-29T12:36:07.2989651+05:30" testType="13cdc9d9-ddb5-4fa4-a97d-d965ccfc6d4b" outcome="Passed" testListId="8c84fa94-04c1-424b-9868-57a2d4851a1d" relativeResultsDirectory="97d53e7e-d32b-4c6b-8af9-e92876bd8cd8" resultType="DataDrivenTest">
      <Counters error="0" failed="0" timeout="0" aborted="0" inconclusive="0" passedButRunAborted="0" notRunnable="0" notExecuted="0" disconnected="0" warning="0" passed="10" completed="0" inProgress="0" pending="0" />
      <InnerResults>
        <UnitTestResult executionId="541f96e6-2b49-408b-bc3b-095cf0b005a7" parentExecutionId="97d53e7e-d32b-4c6b-8af9-e92876bd8cd8" testId="15fe5bf6-5078-81a8-0356-385549390bb7" testName="first_person_tenses_active_negation" computerName="ARPAN-LAP" duration="00:00:00.0241217" startTime="2014-06-29T12:36:06.9859472+05:30" endTime="2014-06-29T12:36:07.0099485+05:30" testType="13cdc9d9-ddb5-4fa4-a97d-d965ccfc6d4b" outcome="Passed" testListId="8c84fa94-04c1-424b-9868-57a2d4851a1d" relativeResultsDirectory="97d53e7e-d32b-4c6b-8af9-e92876bd8cd8" dataRowInfo="0" resultType="DataDrivenDataRow" />
        <UnitTestResult executionId="daf22d9a-f3db-457c-8ef4-80846eceb006" parentExecutionId="97d53e7e-d32b-4c6b-8af9-e92876bd8cd8" testId="15fe5bf6-5078-81a8-0356-385549390bb7" testName="first_person_tenses_active_negation" computerName="ARPAN-LAP" duration="00:00:00.0248988" startTime="2014-06-29T12:36:07.0099485+05:30" endTime="2014-06-29T12:36:07.0349500+05:30" testType="13cdc9d9-ddb5-4fa4-a97d-d965ccfc6d4b" outcome="Passed" testListId="8c84fa94-04c1-424b-9868-57a2d4851a1d" relativeResultsDirectory="97d53e7e-d32b-4c6b-8af9-e92876bd8cd8" dataRowInfo="1" resultType="DataDrivenDataRow" />
        <UnitTestResult executionId="076ba8da-05db-4188-90fb-1186a5f5d56c" parentExecutionId="97d53e7e-d32b-4c6b-8af9-e92876bd8cd8" testId="15fe5bf6-5078-81a8-0356-385549390bb7" testName="first_person_tenses_active_negation" computerName="ARPAN-LAP" duration="00:00:00.0275175" startTime="2014-06-29T12:36:07.0349500+05:30" endTime="2014-06-29T12:36:07.0629516+05:30" testType="13cdc9d9-ddb5-4fa4-a97d-d965ccfc6d4b" outcome="Passed" testListId="8c84fa94-04c1-424b-9868-57a2d4851a1d" relativeResultsDirectory="97d53e7e-d32b-4c6b-8af9-e92876bd8cd8" dataRowInfo="2" resultType="DataDrivenDataRow" />
        <UnitTestResult executionId="dd161348-b130-42e3-accf-abc452ef92ac" parentExecutionId="97d53e7e-d32b-4c6b-8af9-e92876bd8cd8" testId="15fe5bf6-5078-81a8-0356-385549390bb7" testName="first_person_tenses_active_negation" computerName="ARPAN-LAP" duration="00:00:00.0299325" startTime="2014-06-29T12:36:07.0629516+05:30" endTime="2014-06-29T12:36:07.0929533+05:30" testType="13cdc9d9-ddb5-4fa4-a97d-d965ccfc6d4b" outcome="Passed" testListId="8c84fa94-04c1-424b-9868-57a2d4851a1d" relativeResultsDirectory="97d53e7e-d32b-4c6b-8af9-e92876bd8cd8" dataRowInfo="3" resultType="DataDrivenDataRow" />
        <UnitTestResult executionId="abf4977c-32c1-4cbd-b7e6-ed2d086e4e71" parentExecutionId="97d53e7e-d32b-4c6b-8af9-e92876bd8cd8" testId="15fe5bf6-5078-81a8-0356-385549390bb7" testName="first_person_tenses_active_negation" computerName="ARPAN-LAP" duration="00:00:00.0240653" startTime="2014-06-29T12:36:07.0929533+05:30" endTime="2014-06-29T12:36:07.1169547+05:30" testType="13cdc9d9-ddb5-4fa4-a97d-d965ccfc6d4b" outcome="Passed" testListId="8c84fa94-04c1-424b-9868-57a2d4851a1d" relativeResultsDirectory="97d53e7e-d32b-4c6b-8af9-e92876bd8cd8" dataRowInfo="4" resultType="DataDrivenDataRow" />
        <UnitTestResult executionId="aaed365c-c517-4435-ba7e-6f48b5f3ca59" parentExecutionId="97d53e7e-d32b-4c6b-8af9-e92876bd8cd8" testId="15fe5bf6-5078-81a8-0356-385549390bb7" testName="first_person_tenses_active_negation" computerName="ARPAN-LAP" duration="00:00:00.0232800" startTime="2014-06-29T12:36:07.1169547+05:30" endTime="2014-06-29T12:36:07.1399560+05:30" testType="13cdc9d9-ddb5-4fa4-a97d-d965ccfc6d4b" outcome="Passed" testListId="8c84fa94-04c1-424b-9868-57a2d4851a1d" relativeResultsDirectory="97d53e7e-d32b-4c6b-8af9-e92876bd8cd8" dataRowInfo="5" resultType="DataDrivenDataRow" />
        <UnitTestResult executionId="23f74f5b-ab29-4f7c-b7f9-738df9e2942a" parentExecutionId="97d53e7e-d32b-4c6b-8af9-e92876bd8cd8" testId="15fe5bf6-5078-81a8-0356-385549390bb7" testName="first_person_tenses_active_negation" computerName="ARPAN-LAP" duration="00:00:00.0266080" startTime="2014-06-29T12:36:07.1399560+05:30" endTime="2014-06-29T12:36:07.1669575+05:30" testType="13cdc9d9-ddb5-4fa4-a97d-d965ccfc6d4b" outcome="Passed" testListId="8c84fa94-04c1-424b-9868-57a2d4851a1d" relativeResultsDirectory="97d53e7e-d32b-4c6b-8af9-e92876bd8cd8" dataRowInfo="6" resultType="DataDrivenDataRow" />
        <UnitTestResult executionId="5e2f16be-6e62-4e14-bd82-58df7b06d1b6" parentExecutionId="97d53e7e-d32b-4c6b-8af9-e92876bd8cd8" testId="15fe5bf6-5078-81a8-0356-385549390bb7" testName="first_person_tenses_active_negation" computerName="ARPAN-LAP" duration="00:00:00.0296204" startTime="2014-06-29T12:36:07.1669575+05:30" endTime="2014-06-29T12:36:07.1969592+05:30" testType="13cdc9d9-ddb5-4fa4-a97d-d965ccfc6d4b" outcome="Passed" testListId="8c84fa94-04c1-424b-9868-57a2d4851a1d" relativeResultsDirectory="97d53e7e-d32b-4c6b-8af9-e92876bd8cd8" dataRowInfo="7" resultType="DataDrivenDataRow" />
        <UnitTestResult executionId="16dd79f6-b1a7-4b19-bd5b-1d46cbb71aaa" parentExecutionId="97d53e7e-d32b-4c6b-8af9-e92876bd8cd8" testId="15fe5bf6-5078-81a8-0356-385549390bb7" testName="first_person_tenses_active_negation" computerName="ARPAN-LAP" duration="00:00:00.0245765" startTime="2014-06-29T12:36:07.1969592+05:30" endTime="2014-06-29T12:36:07.2209606+05:30" testType="13cdc9d9-ddb5-4fa4-a97d-d965ccfc6d4b" outcome="Passed" testListId="8c84fa94-04c1-424b-9868-57a2d4851a1d" relativeResultsDirectory="97d53e7e-d32b-4c6b-8af9-e92876bd8cd8" dataRowInfo="8" resultType="DataDrivenDataRow" />
        <UnitTestResult executionId="262508c0-2cd4-4818-893d-1944750afe12" parentExecutionId="97d53e7e-d32b-4c6b-8af9-e92876bd8cd8" testId="15fe5bf6-5078-81a8-0356-385549390bb7" testName="first_person_tenses_active_negation" computerName="ARPAN-LAP" duration="00:00:00.0330547" startTime="2014-06-29T12:36:07.2209606+05:30" endTime="2014-06-29T12:36:07.2539625+05:30" testType="13cdc9d9-ddb5-4fa4-a97d-d965ccfc6d4b" outcome="Passed" testListId="8c84fa94-04c1-424b-9868-57a2d4851a1d" relativeResultsDirectory="97d53e7e-d32b-4c6b-8af9-e92876bd8cd8" dataRowInfo="9" resultType="DataDrivenDataRow" />
      </InnerResults>
    </UnitTestResult>
    <UnitTestResult executionId="4fe30292-2523-4e8b-a0e5-71f57ed4de18" testId="1b04a6d6-5350-792c-8eba-a46a0eb28949" testName="interrogative_sentences_why" computerName="ARPAN-LAP" duration="00:00:00.1079048" startTime="2014-06-29T12:36:07.3109658+05:30" endTime="2014-06-29T12:36:07.4409732+05:30" testType="13cdc9d9-ddb5-4fa4-a97d-d965ccfc6d4b" outcome="Failed" testListId="8c84fa94-04c1-424b-9868-57a2d4851a1d" relativeResultsDirectory="4fe30292-2523-4e8b-a0e5-71f57ed4de18" resultType="DataDrivenTest">
      <Counters error="0" failed="3" timeout="0" aborted="0" inconclusive="0" passedButRunAborted="0" notRunnable="0" notExecuted="0" disconnected="0" warning="0" passed="0" completed="0" inProgress="0" pending="0" />
      <InnerResults>
        <UnitTestResult executionId="13a40e50-c093-4759-b942-ba301ed2d608" parentExecutionId="4fe30292-2523-4e8b-a0e5-71f57ed4de18" testId="1b04a6d6-5350-792c-8eba-a46a0eb28949" testName="interrogative_sentences_why" computerName="ARPAN-LAP" duration="00:00:00.0415802" startTime="2014-06-29T12:36:07.3239665+05:30" endTime="2014-06-29T12:36:07.3649689+05:30" testType="13cdc9d9-ddb5-4fa4-a97d-d965ccfc6d4b" outcome="Failed" testListId="8c84fa94-04c1-424b-9868-57a2d4851a1d" relativeResultsDirectory="4fe30292-2523-4e8b-a0e5-71f57ed4de18" dataRowInfo="0" resultType="DataDrivenDataRow">
          <Output>
            <ErrorInfo>
              <Message>Assert.AreEqual failed. Expected:&lt;আপনি আজ দেরিতে কেন ?&gt;. Actual:&lt;দেরিতে আজ আপনি কেন ?&gt;. Why are you late today?</Message>
              <StackTrace>   at UnitTest.BnlpTest.interrogative_sentences_why() in D:\software\Project\BNLP\UnitTest\BnlpTest.cs:line 382
</StackTrace>
            </ErrorInfo>
          </Output>
        </UnitTestResult>
        <UnitTestResult executionId="797a5e2b-b87d-4a3d-9243-5a39bd1c24e0" parentExecutionId="4fe30292-2523-4e8b-a0e5-71f57ed4de18" testId="1b04a6d6-5350-792c-8eba-a46a0eb28949" testName="interrogative_sentences_why" computerName="ARPAN-LAP" duration="00:00:00.0351982" startTime="2014-06-29T12:36:07.3649689+05:30" endTime="2014-06-29T12:36:07.3999709+05:30" testType="13cdc9d9-ddb5-4fa4-a97d-d965ccfc6d4b" outcome="Failed" testListId="8c84fa94-04c1-424b-9868-57a2d4851a1d" relativeResultsDirectory="4fe30292-2523-4e8b-a0e5-71f57ed4de18" dataRowInfo="1" resultType="DataDrivenDataRow">
          <Output>
            <ErrorInfo>
              <Message>Assert.AreEqual failed. Expected:&lt;সে খাবার কেন রান্না করছে ?&gt;. Actual:&lt;খাবার কেন রান্না করছে সে ?&gt;. Why is she cooking food?</Message>
              <StackTrace>   at UnitTest.BnlpTest.interrogative_sentences_why() in D:\software\Project\BNLP\UnitTest\BnlpTest.cs:line 382
</StackTrace>
            </ErrorInfo>
          </Output>
        </UnitTestResult>
        <UnitTestResult executionId="d222d487-ea95-4aa8-a96a-17cbdce21c1b" parentExecutionId="4fe30292-2523-4e8b-a0e5-71f57ed4de18" testId="1b04a6d6-5350-792c-8eba-a46a0eb28949" testName="interrogative_sentences_why" computerName="ARPAN-LAP" duration="00:00:00.0281889" startTime="2014-06-29T12:36:07.3999709+05:30" endTime="2014-06-29T12:36:07.4289725+05:30" testType="13cdc9d9-ddb5-4fa4-a97d-d965ccfc6d4b" outcome="Failed" testListId="8c84fa94-04c1-424b-9868-57a2d4851a1d" relativeResultsDirectory="4fe30292-2523-4e8b-a0e5-71f57ed4de18" dataRowInfo="2" resultType="DataDrivenDataRow">
          <Output>
            <ErrorInfo>
              <Message>Assert.AreEqual failed. Expected:&lt;সে কেন কাজ করবে ?&gt;. Actual:&lt;কেন কাজ করবে সে ?&gt;. Why will she work?</Message>
              <StackTrace>   at UnitTest.BnlpTest.interrogative_sentences_why() in D:\software\Project\BNLP\UnitTest\BnlpTest.cs:line 382
</StackTrace>
            </ErrorInfo>
          </Output>
        </UnitTestResult>
      </InnerResults>
    </UnitTestResult>
    <UnitTestResult executionId="119d6d19-633e-4008-b5df-3c650a99017b" testId="1d63c318-78a9-9011-f5c0-0b01884a2881" testName="interrogative_sentences_do" computerName="ARPAN-LAP" duration="00:00:00.2726100" startTime="2014-06-29T12:36:07.4419733+05:30" endTime="2014-06-29T12:36:07.7499909+05:30" testType="13cdc9d9-ddb5-4fa4-a97d-d965ccfc6d4b" outcome="Failed" testListId="8c84fa94-04c1-424b-9868-57a2d4851a1d" relativeResultsDirectory="119d6d19-633e-4008-b5df-3c650a99017b" resultType="DataDrivenTest">
      <Counters error="0" failed="9" timeout="0" aborted="0" inconclusive="0" passedButRunAborted="0" notRunnable="0" notExecuted="0" disconnected="0" warning="0" passed="0" completed="0" inProgress="0" pending="0" />
      <InnerResults>
        <UnitTestResult executionId="8a7ec7f9-d465-49ea-821a-f2199cfd1e9d" parentExecutionId="119d6d19-633e-4008-b5df-3c650a99017b" testId="1d63c318-78a9-9011-f5c0-0b01884a2881" testName="interrogative_sentences_do" computerName="ARPAN-LAP" duration="00:00:00.0296702" startTime="2014-06-29T12:36:07.4519738+05:30" endTime="2014-06-29T12:36:07.4819755+05:30" testType="13cdc9d9-ddb5-4fa4-a97d-d965ccfc6d4b" outcome="Failed" testListId="8c84fa94-04c1-424b-9868-57a2d4851a1d" relativeResultsDirectory="119d6d19-633e-4008-b5df-3c650a99017b" dataRowInfo="0" resultType="DataDrivenDataRow">
          <Output>
            <ErrorInfo>
              <Message>Assert.AreEqual failed. Expected:&lt;আমি কি আপনাকে জানি ?&gt;. Actual:&lt;আপনাকে জানি আমি কি ?&gt;. Do I know you?</Message>
              <StackTrace>   at UnitTest.BnlpTest.interrogative_sentences_do() in D:\software\Project\BNLP\UnitTest\BnlpTest.cs:line 256
</StackTrace>
            </ErrorInfo>
          </Output>
        </UnitTestResult>
        <UnitTestResult executionId="9a93e733-87b0-45b9-9259-7f89c9c994c8" parentExecutionId="119d6d19-633e-4008-b5df-3c650a99017b" testId="1d63c318-78a9-9011-f5c0-0b01884a2881" testName="interrogative_sentences_do" computerName="ARPAN-LAP" duration="00:00:00.0277649" startTime="2014-06-29T12:36:07.4819755+05:30" endTime="2014-06-29T12:36:07.5089771+05:30" testType="13cdc9d9-ddb5-4fa4-a97d-d965ccfc6d4b" outcome="Failed" testListId="8c84fa94-04c1-424b-9868-57a2d4851a1d" relativeResultsDirectory="119d6d19-633e-4008-b5df-3c650a99017b" dataRowInfo="1" resultType="DataDrivenDataRow">
          <Output>
            <ErrorInfo>
              <Message>Assert.AreEqual failed. Expected:&lt;আমি কি আপনাকে বলেছিলাম ?&gt;. Actual:&lt;আপনাকে বলেছিলাম আমি কি ?&gt;. Did I tell you?</Message>
              <StackTrace>   at UnitTest.BnlpTest.interrogative_sentences_do() in D:\software\Project\BNLP\UnitTest\BnlpTest.cs:line 256
</StackTrace>
            </ErrorInfo>
          </Output>
        </UnitTestResult>
        <UnitTestResult executionId="98a6d0f6-3e36-4371-938e-7a18558cca65" parentExecutionId="119d6d19-633e-4008-b5df-3c650a99017b" testId="1d63c318-78a9-9011-f5c0-0b01884a2881" testName="interrogative_sentences_do" computerName="ARPAN-LAP" duration="00:00:00.0248413" startTime="2014-06-29T12:36:07.5089771+05:30" endTime="2014-06-29T12:36:07.5339785+05:30" testType="13cdc9d9-ddb5-4fa4-a97d-d965ccfc6d4b" outcome="Failed" testListId="8c84fa94-04c1-424b-9868-57a2d4851a1d" relativeResultsDirectory="119d6d19-633e-4008-b5df-3c650a99017b" dataRowInfo="2" resultType="DataDrivenDataRow">
          <Output>
            <ErrorInfo>
              <Message>Assert.AreEqual failed. Expected:&lt;আপনি কি আমাকে জানেন ?&gt;. Actual:&lt;আমাকে জানেন আপনি কি ?&gt;. Do you know me?</Message>
              <StackTrace>   at UnitTest.BnlpTest.interrogative_sentences_do() in D:\software\Project\BNLP\UnitTest\BnlpTest.cs:line 256
</StackTrace>
            </ErrorInfo>
          </Output>
        </UnitTestResult>
        <UnitTestResult executionId="27b257fb-e4f6-4ef2-a346-693e3242fb67" parentExecutionId="119d6d19-633e-4008-b5df-3c650a99017b" testId="1d63c318-78a9-9011-f5c0-0b01884a2881" testName="interrogative_sentences_do" computerName="ARPAN-LAP" duration="00:00:00.0243855" startTime="2014-06-29T12:36:07.5339785+05:30" endTime="2014-06-29T12:36:07.5589799+05:30" testType="13cdc9d9-ddb5-4fa4-a97d-d965ccfc6d4b" outcome="Failed" testListId="8c84fa94-04c1-424b-9868-57a2d4851a1d" relativeResultsDirectory="119d6d19-633e-4008-b5df-3c650a99017b" dataRowInfo="3" resultType="DataDrivenDataRow">
          <Output>
            <ErrorInfo>
              <Message>Assert.AreEqual failed. Expected:&lt;আপনি কি আমাকে বলেছিলেন ?&gt;. Actual:&lt;আমাকে বলেছিলেন আপনি কি ?&gt;. Did you tell me?</Message>
              <StackTrace>   at UnitTest.BnlpTest.interrogative_sentences_do() in D:\software\Project\BNLP\UnitTest\BnlpTest.cs:line 256
</StackTrace>
            </ErrorInfo>
          </Output>
        </UnitTestResult>
        <UnitTestResult executionId="3cbe69e2-a64a-42a5-90c0-48e8c6aee313" parentExecutionId="119d6d19-633e-4008-b5df-3c650a99017b" testId="1d63c318-78a9-9011-f5c0-0b01884a2881" testName="interrogative_sentences_do" computerName="ARPAN-LAP" duration="00:00:00.0323284" startTime="2014-06-29T12:36:07.5589799+05:30" endTime="2014-06-29T12:36:07.5909818+05:30" testType="13cdc9d9-ddb5-4fa4-a97d-d965ccfc6d4b" outcome="Failed" testListId="8c84fa94-04c1-424b-9868-57a2d4851a1d" relativeResultsDirectory="119d6d19-633e-4008-b5df-3c650a99017b" dataRowInfo="4" resultType="DataDrivenDataRow">
          <Output>
            <ErrorInfo>
              <Message>Assert.AreEqual failed. Expected:&lt;সে কি আমাকে জানে ?&gt;. Actual:&lt;আমাকে জানে সে কি ?&gt;. Does she know me?</Message>
              <StackTrace>   at UnitTest.BnlpTest.interrogative_sentences_do() in D:\software\Project\BNLP\UnitTest\BnlpTest.cs:line 256
</StackTrace>
            </ErrorInfo>
          </Output>
        </UnitTestResult>
        <UnitTestResult executionId="94070b20-a4a5-430a-b109-cca070a99db4" parentExecutionId="119d6d19-633e-4008-b5df-3c650a99017b" testId="1d63c318-78a9-9011-f5c0-0b01884a2881" testName="interrogative_sentences_do" computerName="ARPAN-LAP" duration="00:00:00.0444976" startTime="2014-06-29T12:36:07.5909818+05:30" endTime="2014-06-29T12:36:07.6359844+05:30" testType="13cdc9d9-ddb5-4fa4-a97d-d965ccfc6d4b" outcome="Failed" testListId="8c84fa94-04c1-424b-9868-57a2d4851a1d" relativeResultsDirectory="119d6d19-633e-4008-b5df-3c650a99017b" dataRowInfo="5" resultType="DataDrivenDataRow">
          <Output>
            <ErrorInfo>
              <Message>Assert.AreEqual failed. Expected:&lt;আপনি কি এই রুটিটি খান ?&gt;. Actual:&lt;এই রুটিটি খান আপনি কি ?&gt;. Do you eat this bread?</Message>
              <StackTrace>   at UnitTest.BnlpTest.interrogative_sentences_do() in D:\software\Project\BNLP\UnitTest\BnlpTest.cs:line 256
</StackTrace>
            </ErrorInfo>
          </Output>
        </UnitTestResult>
        <UnitTestResult executionId="d168ceb0-b480-4f62-9eab-00b0ecdbd139" parentExecutionId="119d6d19-633e-4008-b5df-3c650a99017b" testId="1d63c318-78a9-9011-f5c0-0b01884a2881" testName="interrogative_sentences_do" computerName="ARPAN-LAP" duration="00:00:00.0283927" startTime="2014-06-29T12:36:07.6359844+05:30" endTime="2014-06-29T12:36:07.6639860+05:30" testType="13cdc9d9-ddb5-4fa4-a97d-d965ccfc6d4b" outcome="Failed" testListId="8c84fa94-04c1-424b-9868-57a2d4851a1d" relativeResultsDirectory="119d6d19-633e-4008-b5df-3c650a99017b" dataRowInfo="6" resultType="DataDrivenDataRow">
          <Output>
            <ErrorInfo>
              <Message>Assert.AreEqual failed. Expected:&lt;আপনি কি এই রুটিটি খেয়েছিলেন ?&gt;. Actual:&lt;এই রুটিটি খেয়েছিলেন আপনি কি ?&gt;. Did you eat this bread?</Message>
              <StackTrace>   at UnitTest.BnlpTest.interrogative_sentences_do() in D:\software\Project\BNLP\UnitTest\BnlpTest.cs:line 256
</StackTrace>
            </ErrorInfo>
          </Output>
        </UnitTestResult>
        <UnitTestResult executionId="beafdc1b-5fab-4939-8c25-13257b29ec10" parentExecutionId="119d6d19-633e-4008-b5df-3c650a99017b" testId="1d63c318-78a9-9011-f5c0-0b01884a2881" testName="interrogative_sentences_do" computerName="ARPAN-LAP" duration="00:00:00.0286113" startTime="2014-06-29T12:36:07.6639860+05:30" endTime="2014-06-29T12:36:07.6929876+05:30" testType="13cdc9d9-ddb5-4fa4-a97d-d965ccfc6d4b" outcome="Failed" testListId="8c84fa94-04c1-424b-9868-57a2d4851a1d" relativeResultsDirectory="119d6d19-633e-4008-b5df-3c650a99017b" dataRowInfo="7" resultType="DataDrivenDataRow">
          <Output>
            <ErrorInfo>
              <Message>Assert.AreEqual failed. Expected:&lt;সে কি এই রুটিটি খায় ?&gt;. Actual:&lt;এই রুটিটি খায় সে কি ?&gt;. Does she eat this bread?</Message>
              <StackTrace>   at UnitTest.BnlpTest.interrogative_sentences_do() in D:\software\Project\BNLP\UnitTest\BnlpTest.cs:line 256
</StackTrace>
            </ErrorInfo>
          </Output>
        </UnitTestResult>
        <UnitTestResult executionId="5590242f-91db-4e5c-8cb8-8425352f13cb" parentExecutionId="119d6d19-633e-4008-b5df-3c650a99017b" testId="1d63c318-78a9-9011-f5c0-0b01884a2881" testName="interrogative_sentences_do" computerName="ARPAN-LAP" duration="00:00:00.0301198" startTime="2014-06-29T12:36:07.6929876+05:30" endTime="2014-06-29T12:36:07.7229893+05:30" testType="13cdc9d9-ddb5-4fa4-a97d-d965ccfc6d4b" outcome="Failed" testListId="8c84fa94-04c1-424b-9868-57a2d4851a1d" relativeResultsDirectory="119d6d19-633e-4008-b5df-3c650a99017b" dataRowInfo="8" resultType="DataDrivenDataRow">
          <Output>
            <ErrorInfo>
              <Message>Assert.AreEqual failed. Expected:&lt;সে কি এই রুটিটি খেয়েছিল ?&gt;. Actual:&lt;এই রুটিটি খেয়েছিল সে কি ?&gt;. Did she eat this bread?</Message>
              <StackTrace>   at UnitTest.BnlpTest.interrogative_sentences_do() in D:\software\Project\BNLP\UnitTest\BnlpTest.cs:line 256
</StackTrace>
            </ErrorInfo>
          </Output>
        </UnitTestResult>
      </InnerResults>
    </UnitTestResult>
    <UnitTestResult executionId="006d743c-7038-420a-9e2f-9e80946ab2ab" testId="227f20ae-8e76-eb71-39b2-4ada3ce6aba8" testName="interrogative_sentences_how" computerName="ARPAN-LAP" duration="00:00:00.5794400" startTime="2014-06-29T12:36:07.7519910+05:30" endTime="2014-06-29T12:36:08.3960278+05:30" testType="13cdc9d9-ddb5-4fa4-a97d-d965ccfc6d4b" outcome="Failed" testListId="8c84fa94-04c1-424b-9868-57a2d4851a1d" relativeResultsDirectory="006d743c-7038-420a-9e2f-9e80946ab2ab" resultType="DataDrivenTest">
      <Counters error="0" failed="10" timeout="0" aborted="0" inconclusive="0" passedButRunAborted="0" notRunnable="0" notExecuted="0" disconnected="0" warning="0" passed="8" completed="0" inProgress="0" pending="0" />
      <InnerResults>
        <UnitTestResult executionId="4fa032a0-d35e-4fe3-b285-8ffbb4c595dd" parentExecutionId="006d743c-7038-420a-9e2f-9e80946ab2ab" testId="227f20ae-8e76-eb71-39b2-4ada3ce6aba8" testName="interrogative_sentences_how" computerName="ARPAN-LAP" duration="00:00:00.0217889" startTime="2014-06-29T12:36:07.7679919+05:30" endTime="2014-06-29T12:36:07.7899932+05:30" testType="13cdc9d9-ddb5-4fa4-a97d-d965ccfc6d4b" outcome="Passed" testListId="8c84fa94-04c1-424b-9868-57a2d4851a1d" relativeResultsDirectory="006d743c-7038-420a-9e2f-9e80946ab2ab" dataRowInfo="0" resultType="DataDrivenDataRow" />
        <UnitTestResult executionId="7afcb622-4d82-4cdf-a0fd-60b3be9f737e" parentExecutionId="006d743c-7038-420a-9e2f-9e80946ab2ab" testId="227f20ae-8e76-eb71-39b2-4ada3ce6aba8" testName="interrogative_sentences_how" computerName="ARPAN-LAP" duration="00:00:00.0208665" startTime="2014-06-29T12:36:07.7899932+05:30" endTime="2014-06-29T12:36:07.8109944+05:30" testType="13cdc9d9-ddb5-4fa4-a97d-d965ccfc6d4b" outcome="Failed" testListId="8c84fa94-04c1-424b-9868-57a2d4851a1d" relativeResultsDirectory="006d743c-7038-420a-9e2f-9e80946ab2ab" dataRowInfo="1" resultType="DataDrivenDataRow">
          <Output>
            <ErrorInfo>
              <Message>Assert.AreEqual failed. Expected:&lt;আপনি কেমন ছিলেন ?&gt;. Actual:&lt;আপনি ছিলেন কেমন ?&gt;. How were you?</Message>
              <StackTrace>   at UnitTest.BnlpTest.interrogative_sentences_how() in D:\software\Project\BNLP\UnitTest\BnlpTest.cs:line 274
</StackTrace>
            </ErrorInfo>
          </Output>
        </UnitTestResult>
        <UnitTestResult executionId="d993d9b3-8f3c-4fc0-8afe-e23a8f6400ed" parentExecutionId="006d743c-7038-420a-9e2f-9e80946ab2ab" testId="227f20ae-8e76-eb71-39b2-4ada3ce6aba8" testName="interrogative_sentences_how" computerName="ARPAN-LAP" duration="00:00:00.0262970" startTime="2014-06-29T12:36:07.8109944+05:30" endTime="2014-06-29T12:36:07.8369958+05:30" testType="13cdc9d9-ddb5-4fa4-a97d-d965ccfc6d4b" outcome="Failed" testListId="8c84fa94-04c1-424b-9868-57a2d4851a1d" relativeResultsDirectory="006d743c-7038-420a-9e2f-9e80946ab2ab" dataRowInfo="2" resultType="DataDrivenDataRow">
          <Output>
            <ErrorInfo>
              <Message>Assert.AreEqual failed. Expected:&lt;এই মেশিন কাজটি কিভাবে করে ?&gt;. Actual:&lt;কিভাবে কাজ এই মেশিনটি করে ?&gt;. How does this machine work?</Message>
              <StackTrace>   at UnitTest.BnlpTest.interrogative_sentences_how() in D:\software\Project\BNLP\UnitTest\BnlpTest.cs:line 274
</StackTrace>
            </ErrorInfo>
          </Output>
        </UnitTestResult>
        <UnitTestResult executionId="5a343124-9928-4bc4-b0a2-aa7a7204e9ff" parentExecutionId="006d743c-7038-420a-9e2f-9e80946ab2ab" testId="227f20ae-8e76-eb71-39b2-4ada3ce6aba8" testName="interrogative_sentences_how" computerName="ARPAN-LAP" duration="00:00:00.0412866" startTime="2014-06-29T12:36:07.8369958+05:30" endTime="2014-06-29T12:36:07.8789983+05:30" testType="13cdc9d9-ddb5-4fa4-a97d-d965ccfc6d4b" outcome="Failed" testListId="8c84fa94-04c1-424b-9868-57a2d4851a1d" relativeResultsDirectory="006d743c-7038-420a-9e2f-9e80946ab2ab" dataRowInfo="3" resultType="DataDrivenDataRow">
          <Output>
            <ErrorInfo>
              <Message>Assert.AreEqual failed. Expected:&lt;আপনি তাদের সম্বন্ধে কিভাবে জানেন ?&gt;. Actual:&lt;তাদের সম্বন্ধে কিভাবে জানেন আপনি ?&gt;. How do you know about them?</Message>
              <StackTrace>   at UnitTest.BnlpTest.interrogative_sentences_how() in D:\software\Project\BNLP\UnitTest\BnlpTest.cs:line 274
</StackTrace>
            </ErrorInfo>
          </Output>
        </UnitTestResult>
        <UnitTestResult executionId="1bf9bfbf-fe3d-48c4-85ff-6aa1d054e65b" parentExecutionId="006d743c-7038-420a-9e2f-9e80946ab2ab" testId="227f20ae-8e76-eb71-39b2-4ada3ce6aba8" testName="interrogative_sentences_how" computerName="ARPAN-LAP" duration="00:00:00.0363130" startTime="2014-06-29T12:36:07.8789983+05:30" endTime="2014-06-29T12:36:07.9150003+05:30" testType="13cdc9d9-ddb5-4fa4-a97d-d965ccfc6d4b" outcome="Failed" testListId="8c84fa94-04c1-424b-9868-57a2d4851a1d" relativeResultsDirectory="006d743c-7038-420a-9e2f-9e80946ab2ab" dataRowInfo="4" resultType="DataDrivenDataRow">
          <Output>
            <ErrorInfo>
              <Message>Assert.AreEqual failed. Expected:&lt;আপনি এই রাজ্যটি কিভাবে নিয়ন্ত্রণ করবেন ?&gt;. Actual:&lt;এই রাজ্যটি কিভাবে নিয়ন্ত্রণ করবেন আপনি ?&gt;. How will you control this kingdom?</Message>
              <StackTrace>   at UnitTest.BnlpTest.interrogative_sentences_how() in D:\software\Project\BNLP\UnitTest\BnlpTest.cs:line 274
</StackTrace>
            </ErrorInfo>
          </Output>
        </UnitTestResult>
        <UnitTestResult executionId="aed81b64-d04e-4e25-8d80-3d6e2bf05a64" parentExecutionId="006d743c-7038-420a-9e2f-9e80946ab2ab" testId="227f20ae-8e76-eb71-39b2-4ada3ce6aba8" testName="interrogative_sentences_how" computerName="ARPAN-LAP" duration="00:00:00.0267420" startTime="2014-06-29T12:36:07.9150003+05:30" endTime="2014-06-29T12:36:07.9420019+05:30" testType="13cdc9d9-ddb5-4fa4-a97d-d965ccfc6d4b" outcome="Failed" testListId="8c84fa94-04c1-424b-9868-57a2d4851a1d" relativeResultsDirectory="006d743c-7038-420a-9e2f-9e80946ab2ab" dataRowInfo="5" resultType="DataDrivenDataRow">
          <Output>
            <ErrorInfo>
              <Message>Assert.AreEqual failed. Expected:&lt;মেশিন তৈরি করা হয় কিভাবে ?&gt;. Actual:&lt;তৈরি করা হয় কিভাবে মেশিন ?&gt;. How machines are made?</Message>
              <StackTrace>   at UnitTest.BnlpTest.interrogative_sentences_how() in D:\software\Project\BNLP\UnitTest\BnlpTest.cs:line 274
</StackTrace>
            </ErrorInfo>
          </Output>
        </UnitTestResult>
        <UnitTestResult executionId="75169cf5-9d42-4064-994c-74694dfc5a1c" parentExecutionId="006d743c-7038-420a-9e2f-9e80946ab2ab" testId="227f20ae-8e76-eb71-39b2-4ada3ce6aba8" testName="interrogative_sentences_how" computerName="ARPAN-LAP" duration="00:00:00.0402570" startTime="2014-06-29T12:36:07.9420019+05:30" endTime="2014-06-29T12:36:07.9820041+05:30" testType="13cdc9d9-ddb5-4fa4-a97d-d965ccfc6d4b" outcome="Failed" testListId="8c84fa94-04c1-424b-9868-57a2d4851a1d" relativeResultsDirectory="006d743c-7038-420a-9e2f-9e80946ab2ab" dataRowInfo="6" resultType="DataDrivenDataRow">
          <Output>
            <ErrorInfo>
              <Message>Assert.AreEqual failed. Expected:&lt;শিশু ইন্টারনেট কিভাবে ব্রাউজ করে ?&gt;. Actual:&lt;ইন্টারনেট কিভাবে ব্রাউজ করে শিশু ?&gt;. How do children browse the internet?</Message>
              <StackTrace>   at UnitTest.BnlpTest.interrogative_sentences_how() in D:\software\Project\BNLP\UnitTest\BnlpTest.cs:line 274
</StackTrace>
            </ErrorInfo>
          </Output>
        </UnitTestResult>
        <UnitTestResult executionId="7ff9d672-970d-4216-b44e-97178a603220" parentExecutionId="006d743c-7038-420a-9e2f-9e80946ab2ab" testId="227f20ae-8e76-eb71-39b2-4ada3ce6aba8" testName="interrogative_sentences_how" computerName="ARPAN-LAP" duration="00:00:00.0297590" startTime="2014-06-29T12:36:07.9820041+05:30" endTime="2014-06-29T12:36:08.0120059+05:30" testType="13cdc9d9-ddb5-4fa4-a97d-d965ccfc6d4b" outcome="Failed" testListId="8c84fa94-04c1-424b-9868-57a2d4851a1d" relativeResultsDirectory="006d743c-7038-420a-9e2f-9e80946ab2ab" dataRowInfo="7" resultType="DataDrivenDataRow">
          <Output>
            <ErrorInfo>
              <Message>Assert.AreEqual failed. Expected:&lt;এইটি কত সময় গ্রহণ করে ?&gt;. Actual:&lt;কত সময় গ্রহণ করে এইটি ?&gt;. How long does it take?</Message>
              <StackTrace>   at UnitTest.BnlpTest.interrogative_sentences_how() in D:\software\Project\BNLP\UnitTest\BnlpTest.cs:line 274
</StackTrace>
            </ErrorInfo>
          </Output>
        </UnitTestResult>
        <UnitTestResult executionId="b64248a6-7134-4812-b950-942ae87d59ba" parentExecutionId="006d743c-7038-420a-9e2f-9e80946ab2ab" testId="227f20ae-8e76-eb71-39b2-4ada3ce6aba8" testName="interrogative_sentences_how" computerName="ARPAN-LAP" duration="00:00:00.0358095" startTime="2014-06-29T12:36:08.0120059+05:30" endTime="2014-06-29T12:36:08.0480079+05:30" testType="13cdc9d9-ddb5-4fa4-a97d-d965ccfc6d4b" outcome="Passed" testListId="8c84fa94-04c1-424b-9868-57a2d4851a1d" relativeResultsDirectory="006d743c-7038-420a-9e2f-9e80946ab2ab" dataRowInfo="8" resultType="DataDrivenDataRow" />
        <UnitTestResult executionId="110a65b7-3ed8-480d-9375-9a64f66e9699" parentExecutionId="006d743c-7038-420a-9e2f-9e80946ab2ab" testId="227f20ae-8e76-eb71-39b2-4ada3ce6aba8" testName="interrogative_sentences_how" computerName="ARPAN-LAP" duration="00:00:00.0413307" startTime="2014-06-29T12:36:08.0480079+05:30" endTime="2014-06-29T12:36:08.0890103+05:30" testType="13cdc9d9-ddb5-4fa4-a97d-d965ccfc6d4b" outcome="Failed" testListId="8c84fa94-04c1-424b-9868-57a2d4851a1d" relativeResultsDirectory="006d743c-7038-420a-9e2f-9e80946ab2ab" dataRowInfo="9" resultType="DataDrivenDataRow">
          <Output>
            <ErrorInfo>
              <Message>Assert.AreEqual failed. Expected:&lt;কতগুলি পাখি সেখানে ছিল ?&gt;. Actual:&lt;সেখানে ছিল কতগুলি পাখি ?&gt;. How many birds were there?</Message>
              <StackTrace>   at UnitTest.BnlpTest.interrogative_sentences_how() in D:\software\Project\BNLP\UnitTest\BnlpTest.cs:line 274
</StackTrace>
            </ErrorInfo>
          </Output>
        </UnitTestResult>
        <UnitTestResult executionId="18a3276b-6218-4658-9ffb-a2decca84ea6" parentExecutionId="006d743c-7038-420a-9e2f-9e80946ab2ab" testId="227f20ae-8e76-eb71-39b2-4ada3ce6aba8" testName="interrogative_sentences_how" computerName="ARPAN-LAP" duration="00:00:00.0395954" startTime="2014-06-29T12:36:08.0890103+05:30" endTime="2014-06-29T12:36:08.1290126+05:30" testType="13cdc9d9-ddb5-4fa4-a97d-d965ccfc6d4b" outcome="Failed" testListId="8c84fa94-04c1-424b-9868-57a2d4851a1d" relativeResultsDirectory="006d743c-7038-420a-9e2f-9e80946ab2ab" dataRowInfo="10" resultType="DataDrivenDataRow">
          <Output>
            <ErrorInfo>
              <Message>Assert.AreEqual failed. Expected:&lt;আপনার কত টাকা রয়েছে ?&gt;. Actual:&lt;কত টাকা রয়েছে আপনার ?&gt;. How much money do you have?</Message>
              <StackTrace>   at UnitTest.BnlpTest.interrogative_sentences_how() in D:\software\Project\BNLP\UnitTest\BnlpTest.cs:line 274
</StackTrace>
            </ErrorInfo>
          </Output>
        </UnitTestResult>
        <UnitTestResult executionId="4c3af143-f186-4116-9c22-317565d13834" parentExecutionId="006d743c-7038-420a-9e2f-9e80946ab2ab" testId="227f20ae-8e76-eb71-39b2-4ada3ce6aba8" testName="interrogative_sentences_how" computerName="ARPAN-LAP" duration="00:00:00.0267117" startTime="2014-06-29T12:36:08.1290126+05:30" endTime="2014-06-29T12:36:08.1550140+05:30" testType="13cdc9d9-ddb5-4fa4-a97d-d965ccfc6d4b" outcome="Passed" testListId="8c84fa94-04c1-424b-9868-57a2d4851a1d" relativeResultsDirectory="006d743c-7038-420a-9e2f-9e80946ab2ab" dataRowInfo="11" resultType="DataDrivenDataRow" />
        <UnitTestResult executionId="ab77007e-259c-4a72-bde5-83f08876dbc0" parentExecutionId="006d743c-7038-420a-9e2f-9e80946ab2ab" testId="227f20ae-8e76-eb71-39b2-4ada3ce6aba8" testName="interrogative_sentences_how" computerName="ARPAN-LAP" duration="00:00:00.0233036" startTime="2014-06-29T12:36:08.1560141+05:30" endTime="2014-06-29T12:36:08.1790154+05:30" testType="13cdc9d9-ddb5-4fa4-a97d-d965ccfc6d4b" outcome="Passed" testListId="8c84fa94-04c1-424b-9868-57a2d4851a1d" relativeResultsDirectory="006d743c-7038-420a-9e2f-9e80946ab2ab" dataRowInfo="12" resultType="DataDrivenDataRow" />
        <UnitTestResult executionId="767a4802-57b9-49e0-bdd4-b7300a830625" parentExecutionId="006d743c-7038-420a-9e2f-9e80946ab2ab" testId="227f20ae-8e76-eb71-39b2-4ada3ce6aba8" testName="interrogative_sentences_how" computerName="ARPAN-LAP" duration="00:00:00.0315272" startTime="2014-06-29T12:36:08.1790154+05:30" endTime="2014-06-29T12:36:08.2100172+05:30" testType="13cdc9d9-ddb5-4fa4-a97d-d965ccfc6d4b" outcome="Passed" testListId="8c84fa94-04c1-424b-9868-57a2d4851a1d" relativeResultsDirectory="006d743c-7038-420a-9e2f-9e80946ab2ab" dataRowInfo="13" resultType="DataDrivenDataRow" />
        <UnitTestResult executionId="5502e91e-cf7b-446e-8c63-317595bd8656" parentExecutionId="006d743c-7038-420a-9e2f-9e80946ab2ab" testId="227f20ae-8e76-eb71-39b2-4ada3ce6aba8" testName="interrogative_sentences_how" computerName="ARPAN-LAP" duration="00:00:00.0340299" startTime="2014-06-29T12:36:08.2100172+05:30" endTime="2014-06-29T12:36:08.2450192+05:30" testType="13cdc9d9-ddb5-4fa4-a97d-d965ccfc6d4b" outcome="Passed" testListId="8c84fa94-04c1-424b-9868-57a2d4851a1d" relativeResultsDirectory="006d743c-7038-420a-9e2f-9e80946ab2ab" dataRowInfo="14" resultType="DataDrivenDataRow" />
        <UnitTestResult executionId="af2f6900-9831-4936-957c-deba612e5f36" parentExecutionId="006d743c-7038-420a-9e2f-9e80946ab2ab" testId="227f20ae-8e76-eb71-39b2-4ada3ce6aba8" testName="interrogative_sentences_how" computerName="ARPAN-LAP" duration="00:00:00.0336393" startTime="2014-06-29T12:36:08.2450192+05:30" endTime="2014-06-29T12:36:08.2780211+05:30" testType="13cdc9d9-ddb5-4fa4-a97d-d965ccfc6d4b" outcome="Failed" testListId="8c84fa94-04c1-424b-9868-57a2d4851a1d" relativeResultsDirectory="006d743c-7038-420a-9e2f-9e80946ab2ab" dataRowInfo="15" resultType="DataDrivenDataRow">
          <Output>
            <ErrorInfo>
              <Message>Assert.AreEqual failed. Expected:&lt;একটি ভাল ছাত্র হতে হয় কিভাবে ?&gt;. Actual:&lt;একটি ভাল ছাত্র হয় কিভাবে ?&gt;. How to be a good student?</Message>
              <StackTrace>   at UnitTest.BnlpTest.interrogative_sentences_how() in D:\software\Project\BNLP\UnitTest\BnlpTest.cs:line 274
</StackTrace>
            </ErrorInfo>
          </Output>
        </UnitTestResult>
        <UnitTestResult executionId="6d3f83a0-c319-4acf-9d3d-77fe90920fdd" parentExecutionId="006d743c-7038-420a-9e2f-9e80946ab2ab" testId="227f20ae-8e76-eb71-39b2-4ada3ce6aba8" testName="interrogative_sentences_how" computerName="ARPAN-LAP" duration="00:00:00.0309426" startTime="2014-06-29T12:36:08.2780211+05:30" endTime="2014-06-29T12:36:08.3090228+05:30" testType="13cdc9d9-ddb5-4fa4-a97d-d965ccfc6d4b" outcome="Passed" testListId="8c84fa94-04c1-424b-9868-57a2d4851a1d" relativeResultsDirectory="006d743c-7038-420a-9e2f-9e80946ab2ab" dataRowInfo="16" resultType="DataDrivenDataRow" />
        <UnitTestResult executionId="1608a3df-3e8d-427b-b416-12c67ef3af65" parentExecutionId="006d743c-7038-420a-9e2f-9e80946ab2ab" testId="227f20ae-8e76-eb71-39b2-4ada3ce6aba8" testName="interrogative_sentences_how" computerName="ARPAN-LAP" duration="00:00:00.0354835" startTime="2014-06-29T12:36:08.3090228+05:30" endTime="2014-06-29T12:36:08.3450249+05:30" testType="13cdc9d9-ddb5-4fa4-a97d-d965ccfc6d4b" outcome="Passed" testListId="8c84fa94-04c1-424b-9868-57a2d4851a1d" relativeResultsDirectory="006d743c-7038-420a-9e2f-9e80946ab2ab" dataRowInfo="17" resultType="DataDrivenDataRow" />
      </InnerResults>
    </UnitTestResult>
    <UnitTestResult executionId="acd8a40a-5af1-496f-b58e-3ba4b73ebbdb" testId="30ab3285-6a8c-14d2-9725-bd60892ccd90" testName="second_person_tenses_active" computerName="ARPAN-LAP" duration="00:00:00.2818156" startTime="2014-06-29T12:36:08.4040283+05:30" endTime="2014-06-29T12:36:08.7430477+05:30" testType="13cdc9d9-ddb5-4fa4-a97d-d965ccfc6d4b" outcome="Passed" testListId="8c84fa94-04c1-424b-9868-57a2d4851a1d" relativeResultsDirectory="acd8a40a-5af1-496f-b58e-3ba4b73ebbdb" resultType="DataDrivenTest">
      <Counters error="0" failed="0" timeout="0" aborted="0" inconclusive="0" passedButRunAborted="0" notRunnable="0" notExecuted="0" disconnected="0" warning="0" passed="10" completed="0" inProgress="0" pending="0" />
      <InnerResults>
        <UnitTestResult executionId="7e75b3a9-36bc-4868-918e-dea94d73c5c0" parentExecutionId="acd8a40a-5af1-496f-b58e-3ba4b73ebbdb" testId="30ab3285-6a8c-14d2-9725-bd60892ccd90" testName="second_person_tenses_active" computerName="ARPAN-LAP" duration="00:00:00.0154433" startTime="2014-06-29T12:36:08.4200292+05:30" endTime="2014-06-29T12:36:08.4360301+05:30" testType="13cdc9d9-ddb5-4fa4-a97d-d965ccfc6d4b" outcome="Passed" testListId="8c84fa94-04c1-424b-9868-57a2d4851a1d" relativeResultsDirectory="acd8a40a-5af1-496f-b58e-3ba4b73ebbdb" dataRowInfo="0" resultType="DataDrivenDataRow" />
        <UnitTestResult executionId="e6977946-0a49-4b46-b0f3-1f5449060174" parentExecutionId="acd8a40a-5af1-496f-b58e-3ba4b73ebbdb" testId="30ab3285-6a8c-14d2-9725-bd60892ccd90" testName="second_person_tenses_active" computerName="ARPAN-LAP" duration="00:00:00.0189500" startTime="2014-06-29T12:36:08.4360301+05:30" endTime="2014-06-29T12:36:08.4550312+05:30" testType="13cdc9d9-ddb5-4fa4-a97d-d965ccfc6d4b" outcome="Passed" testListId="8c84fa94-04c1-424b-9868-57a2d4851a1d" relativeResultsDirectory="acd8a40a-5af1-496f-b58e-3ba4b73ebbdb" dataRowInfo="1" resultType="DataDrivenDataRow" />
        <UnitTestResult executionId="ff116c28-4bb3-4285-9f7f-2256428c6231" parentExecutionId="acd8a40a-5af1-496f-b58e-3ba4b73ebbdb" testId="30ab3285-6a8c-14d2-9725-bd60892ccd90" testName="second_person_tenses_active" computerName="ARPAN-LAP" duration="00:00:00.0189946" startTime="2014-06-29T12:36:08.4550312+05:30" endTime="2014-06-29T12:36:08.4740323+05:30" testType="13cdc9d9-ddb5-4fa4-a97d-d965ccfc6d4b" outcome="Passed" testListId="8c84fa94-04c1-424b-9868-57a2d4851a1d" relativeResultsDirectory="acd8a40a-5af1-496f-b58e-3ba4b73ebbdb" dataRowInfo="2" resultType="DataDrivenDataRow" />
        <UnitTestResult executionId="56103360-e532-4a0d-a482-b5255000d409" parentExecutionId="acd8a40a-5af1-496f-b58e-3ba4b73ebbdb" testId="30ab3285-6a8c-14d2-9725-bd60892ccd90" testName="second_person_tenses_active" computerName="ARPAN-LAP" duration="00:00:00.0259095" startTime="2014-06-29T12:36:08.4740323+05:30" endTime="2014-06-29T12:36:08.5000338+05:30" testType="13cdc9d9-ddb5-4fa4-a97d-d965ccfc6d4b" outcome="Passed" testListId="8c84fa94-04c1-424b-9868-57a2d4851a1d" relativeResultsDirectory="acd8a40a-5af1-496f-b58e-3ba4b73ebbdb" dataRowInfo="3" resultType="DataDrivenDataRow" />
        <UnitTestResult executionId="f8233bbb-d0b7-495b-a3a9-bfb2da363fa8" parentExecutionId="acd8a40a-5af1-496f-b58e-3ba4b73ebbdb" testId="30ab3285-6a8c-14d2-9725-bd60892ccd90" testName="second_person_tenses_active" computerName="ARPAN-LAP" duration="00:00:00.0160223" startTime="2014-06-29T12:36:08.5000338+05:30" endTime="2014-06-29T12:36:08.5160347+05:30" testType="13cdc9d9-ddb5-4fa4-a97d-d965ccfc6d4b" outcome="Passed" testListId="8c84fa94-04c1-424b-9868-57a2d4851a1d" relativeResultsDirectory="acd8a40a-5af1-496f-b58e-3ba4b73ebbdb" dataRowInfo="4" resultType="DataDrivenDataRow" />
        <UnitTestResult executionId="f00d2d4d-167d-4e4d-83df-7aca0905bede" parentExecutionId="acd8a40a-5af1-496f-b58e-3ba4b73ebbdb" testId="30ab3285-6a8c-14d2-9725-bd60892ccd90" testName="second_person_tenses_active" computerName="ARPAN-LAP" duration="00:00:00.0204405" startTime="2014-06-29T12:36:08.5160347+05:30" endTime="2014-06-29T12:36:08.5370359+05:30" testType="13cdc9d9-ddb5-4fa4-a97d-d965ccfc6d4b" outcome="Passed" testListId="8c84fa94-04c1-424b-9868-57a2d4851a1d" relativeResultsDirectory="acd8a40a-5af1-496f-b58e-3ba4b73ebbdb" dataRowInfo="5" resultType="DataDrivenDataRow" />
        <UnitTestResult executionId="e1829aa1-d388-4cd0-b1c5-bc06ec9833cd" parentExecutionId="acd8a40a-5af1-496f-b58e-3ba4b73ebbdb" testId="30ab3285-6a8c-14d2-9725-bd60892ccd90" testName="second_person_tenses_active" computerName="ARPAN-LAP" duration="00:00:00.0187390" startTime="2014-06-29T12:36:08.5370359+05:30" endTime="2014-06-29T12:36:08.5550369+05:30" testType="13cdc9d9-ddb5-4fa4-a97d-d965ccfc6d4b" outcome="Passed" testListId="8c84fa94-04c1-424b-9868-57a2d4851a1d" relativeResultsDirectory="acd8a40a-5af1-496f-b58e-3ba4b73ebbdb" dataRowInfo="6" resultType="DataDrivenDataRow" />
        <UnitTestResult executionId="229555a6-10bf-477f-85a8-2df5b688a6a8" parentExecutionId="acd8a40a-5af1-496f-b58e-3ba4b73ebbdb" testId="30ab3285-6a8c-14d2-9725-bd60892ccd90" testName="second_person_tenses_active" computerName="ARPAN-LAP" duration="00:00:00.0235946" startTime="2014-06-29T12:36:08.5550369+05:30" endTime="2014-06-29T12:36:08.5790383+05:30" testType="13cdc9d9-ddb5-4fa4-a97d-d965ccfc6d4b" outcome="Passed" testListId="8c84fa94-04c1-424b-9868-57a2d4851a1d" relativeResultsDirectory="acd8a40a-5af1-496f-b58e-3ba4b73ebbdb" dataRowInfo="7" resultType="DataDrivenDataRow" />
        <UnitTestResult executionId="0daa1289-250b-4ea0-8a03-f5860edc6458" parentExecutionId="acd8a40a-5af1-496f-b58e-3ba4b73ebbdb" testId="30ab3285-6a8c-14d2-9725-bd60892ccd90" testName="second_person_tenses_active" computerName="ARPAN-LAP" duration="00:00:00.0895024" startTime="2014-06-29T12:36:08.5790383+05:30" endTime="2014-06-29T12:36:08.6680434+05:30" testType="13cdc9d9-ddb5-4fa4-a97d-d965ccfc6d4b" outcome="Passed" testListId="8c84fa94-04c1-424b-9868-57a2d4851a1d" relativeResultsDirectory="acd8a40a-5af1-496f-b58e-3ba4b73ebbdb" dataRowInfo="8" resultType="DataDrivenDataRow" />
        <UnitTestResult executionId="b47d6d5a-bbd5-45ea-be46-b6077abb9b4f" parentExecutionId="acd8a40a-5af1-496f-b58e-3ba4b73ebbdb" testId="30ab3285-6a8c-14d2-9725-bd60892ccd90" testName="second_person_tenses_active" computerName="ARPAN-LAP" duration="00:00:00.0303236" startTime="2014-06-29T12:36:08.6690434+05:30" endTime="2014-06-29T12:36:08.6990452+05:30" testType="13cdc9d9-ddb5-4fa4-a97d-d965ccfc6d4b" outcome="Passed" testListId="8c84fa94-04c1-424b-9868-57a2d4851a1d" relativeResultsDirectory="acd8a40a-5af1-496f-b58e-3ba4b73ebbdb" dataRowInfo="9" resultType="DataDrivenDataRow" />
      </InnerResults>
    </UnitTestResult>
    <UnitTestResult executionId="1d915d72-8373-4db3-b4a4-876174b33dee" testId="32b5d279-0d23-e5ad-0301-234c8788f740" testName="interrogative_sentences_who" computerName="ARPAN-LAP" duration="00:00:00.0919728" startTime="2014-06-29T12:36:08.7550484+05:30" endTime="2014-06-29T12:36:08.8700549+05:30" testType="13cdc9d9-ddb5-4fa4-a97d-d965ccfc6d4b" outcome="Passed" testListId="8c84fa94-04c1-424b-9868-57a2d4851a1d" relativeResultsDirectory="1d915d72-8373-4db3-b4a4-876174b33dee" resultType="DataDrivenTest">
      <Counters error="0" failed="0" timeout="0" aborted="0" inconclusive="0" passedButRunAborted="0" notRunnable="0" notExecuted="0" disconnected="0" warning="0" passed="4" completed="0" inProgress="0" pending="0" />
      <InnerResults>
        <UnitTestResult executionId="3bafa771-16f1-4e98-9c2d-1332c91d45bd" parentExecutionId="1d915d72-8373-4db3-b4a4-876174b33dee" testId="32b5d279-0d23-e5ad-0301-234c8788f740" testName="interrogative_sentences_who" computerName="ARPAN-LAP" duration="00:00:00.0192390" startTime="2014-06-29T12:36:08.7650489+05:30" endTime="2014-06-29T12:36:08.7850501+05:30" testType="13cdc9d9-ddb5-4fa4-a97d-d965ccfc6d4b" outcome="Passed" testListId="8c84fa94-04c1-424b-9868-57a2d4851a1d" relativeResultsDirectory="1d915d72-8373-4db3-b4a4-876174b33dee" dataRowInfo="0" resultType="DataDrivenDataRow" />
        <UnitTestResult executionId="d56bf4f1-3264-46b1-a1cb-97f9f69d100a" parentExecutionId="1d915d72-8373-4db3-b4a4-876174b33dee" testId="32b5d279-0d23-e5ad-0301-234c8788f740" testName="interrogative_sentences_who" computerName="ARPAN-LAP" duration="00:00:00.0170442" startTime="2014-06-29T12:36:08.7850501+05:30" endTime="2014-06-29T12:36:08.8020510+05:30" testType="13cdc9d9-ddb5-4fa4-a97d-d965ccfc6d4b" outcome="Passed" testListId="8c84fa94-04c1-424b-9868-57a2d4851a1d" relativeResultsDirectory="1d915d72-8373-4db3-b4a4-876174b33dee" dataRowInfo="1" resultType="DataDrivenDataRow" />
        <UnitTestResult executionId="bac360e5-24d2-466b-81dc-5ee08b105c35" parentExecutionId="1d915d72-8373-4db3-b4a4-876174b33dee" testId="32b5d279-0d23-e5ad-0301-234c8788f740" testName="interrogative_sentences_who" computerName="ARPAN-LAP" duration="00:00:00.0239020" startTime="2014-06-29T12:36:08.8020510+05:30" endTime="2014-06-29T12:36:08.8260524+05:30" testType="13cdc9d9-ddb5-4fa4-a97d-d965ccfc6d4b" outcome="Passed" testListId="8c84fa94-04c1-424b-9868-57a2d4851a1d" relativeResultsDirectory="1d915d72-8373-4db3-b4a4-876174b33dee" dataRowInfo="2" resultType="DataDrivenDataRow" />
        <UnitTestResult executionId="7f21c221-1526-4f03-9784-51b8d42dc65d" parentExecutionId="1d915d72-8373-4db3-b4a4-876174b33dee" testId="32b5d279-0d23-e5ad-0301-234c8788f740" testName="interrogative_sentences_who" computerName="ARPAN-LAP" duration="00:00:00.0300772" startTime="2014-06-29T12:36:08.8260524+05:30" endTime="2014-06-29T12:36:08.8560541+05:30" testType="13cdc9d9-ddb5-4fa4-a97d-d965ccfc6d4b" outcome="Passed" testListId="8c84fa94-04c1-424b-9868-57a2d4851a1d" relativeResultsDirectory="1d915d72-8373-4db3-b4a4-876174b33dee" dataRowInfo="3" resultType="DataDrivenDataRow" />
      </InnerResults>
    </UnitTestResult>
    <UnitTestResult executionId="411515f2-11c7-42c0-9537-a7c5e9c0a819" testId="39dcb97e-c73f-c645-a77c-64d9eba0a3a3" testName="interrogative_sentences_aux" computerName="ARPAN-LAP" duration="00:00:00.4835632" startTime="2014-06-29T12:36:08.8740552+05:30" endTime="2014-06-29T12:36:09.4210865+05:30" testType="13cdc9d9-ddb5-4fa4-a97d-d965ccfc6d4b" outcome="Failed" testListId="8c84fa94-04c1-424b-9868-57a2d4851a1d" relativeResultsDirectory="411515f2-11c7-42c0-9537-a7c5e9c0a819" resultType="DataDrivenTest">
      <Counters error="0" failed="19" timeout="0" aborted="0" inconclusive="0" passedButRunAborted="0" notRunnable="0" notExecuted="0" disconnected="0" warning="0" passed="1" completed="0" inProgress="0" pending="0" />
      <InnerResults>
        <UnitTestResult executionId="c6efac43-6680-477e-ab6c-6d60a4049413" parentExecutionId="411515f2-11c7-42c0-9537-a7c5e9c0a819" testId="39dcb97e-c73f-c645-a77c-64d9eba0a3a3" testName="interrogative_sentences_aux" computerName="ARPAN-LAP" duration="00:00:00.0235279" startTime="2014-06-29T12:36:08.8820556+05:30" endTime="2014-06-29T12:36:08.9050569+05:30" testType="13cdc9d9-ddb5-4fa4-a97d-d965ccfc6d4b" outcome="Failed" testListId="8c84fa94-04c1-424b-9868-57a2d4851a1d" relativeResultsDirectory="411515f2-11c7-42c0-9537-a7c5e9c0a819" dataRowInfo="0" resultType="DataDrivenDataRow">
          <Output>
            <ErrorInfo>
              <Message>Assert.AreEqual failed. Expected:&lt;আমি কি কাজ করি ?&gt;. Actual:&lt;কাজ করি আমি কি ?&gt;. Do I work?</Message>
              <StackTrace>   at UnitTest.BnlpTest.interrogative_sentences_aux() in D:\software\Project\BNLP\UnitTest\BnlpTest.cs:line 238
</StackTrace>
            </ErrorInfo>
          </Output>
        </UnitTestResult>
        <UnitTestResult executionId="d99a2f8d-1ec2-44f0-b338-f576778c7bc6" parentExecutionId="411515f2-11c7-42c0-9537-a7c5e9c0a819" testId="39dcb97e-c73f-c645-a77c-64d9eba0a3a3" testName="interrogative_sentences_aux" computerName="ARPAN-LAP" duration="00:00:00.0241530" startTime="2014-06-29T12:36:08.9050569+05:30" endTime="2014-06-29T12:36:08.9300584+05:30" testType="13cdc9d9-ddb5-4fa4-a97d-d965ccfc6d4b" outcome="Failed" testListId="8c84fa94-04c1-424b-9868-57a2d4851a1d" relativeResultsDirectory="411515f2-11c7-42c0-9537-a7c5e9c0a819" dataRowInfo="1" resultType="DataDrivenDataRow">
          <Output>
            <ErrorInfo>
              <Message>Assert.AreEqual failed. Expected:&lt;আমি কি কাজ করছি ?&gt;. Actual:&lt;কাজ করছি আমি কি ?&gt;. Am I working?</Message>
              <StackTrace>   at UnitTest.BnlpTest.interrogative_sentences_aux() in D:\software\Project\BNLP\UnitTest\BnlpTest.cs:line 238
</StackTrace>
            </ErrorInfo>
          </Output>
        </UnitTestResult>
        <UnitTestResult executionId="af9e48f2-9615-4135-b4d6-9f53436b9111" parentExecutionId="411515f2-11c7-42c0-9537-a7c5e9c0a819" testId="39dcb97e-c73f-c645-a77c-64d9eba0a3a3" testName="interrogative_sentences_aux" computerName="ARPAN-LAP" duration="00:00:00.0220548" startTime="2014-06-29T12:36:08.9300584+05:30" endTime="2014-06-29T12:36:08.9520596+05:30" testType="13cdc9d9-ddb5-4fa4-a97d-d965ccfc6d4b" outcome="Failed" testListId="8c84fa94-04c1-424b-9868-57a2d4851a1d" relativeResultsDirectory="411515f2-11c7-42c0-9537-a7c5e9c0a819" dataRowInfo="2" resultType="DataDrivenDataRow">
          <Output>
            <ErrorInfo>
              <Message>Assert.AreEqual failed. Expected:&lt;আমি কি কাজ করেছি ?&gt;. Actual:&lt;কাজ করেছি আমি কি ?&gt;. Have I worked?</Message>
              <StackTrace>   at UnitTest.BnlpTest.interrogative_sentences_aux() in D:\software\Project\BNLP\UnitTest\BnlpTest.cs:line 238
</StackTrace>
            </ErrorInfo>
          </Output>
        </UnitTestResult>
        <UnitTestResult executionId="77dcae4a-f924-448a-bb08-66187704d35b" parentExecutionId="411515f2-11c7-42c0-9537-a7c5e9c0a819" testId="39dcb97e-c73f-c645-a77c-64d9eba0a3a3" testName="interrogative_sentences_aux" computerName="ARPAN-LAP" duration="00:00:00.0263165" startTime="2014-06-29T12:36:08.9520596+05:30" endTime="2014-06-29T12:36:08.9780611+05:30" testType="13cdc9d9-ddb5-4fa4-a97d-d965ccfc6d4b" outcome="Failed" testListId="8c84fa94-04c1-424b-9868-57a2d4851a1d" relativeResultsDirectory="411515f2-11c7-42c0-9537-a7c5e9c0a819" dataRowInfo="3" resultType="DataDrivenDataRow">
          <Output>
            <ErrorInfo>
              <Message>Assert.AreEqual failed. Expected:&lt;আমি কি কাজ করছি ?&gt;. Actual:&lt;কাজ করছি আমি কি ?&gt;. Have I been working?</Message>
              <StackTrace>   at UnitTest.BnlpTest.interrogative_sentences_aux() in D:\software\Project\BNLP\UnitTest\BnlpTest.cs:line 238
</StackTrace>
            </ErrorInfo>
          </Output>
        </UnitTestResult>
        <UnitTestResult executionId="588e61d9-ddc5-498b-b49a-bef0af96ef6b" parentExecutionId="411515f2-11c7-42c0-9537-a7c5e9c0a819" testId="39dcb97e-c73f-c645-a77c-64d9eba0a3a3" testName="interrogative_sentences_aux" computerName="ARPAN-LAP" duration="00:00:00.0233416" startTime="2014-06-29T12:36:08.9780611+05:30" endTime="2014-06-29T12:36:09.0010624+05:30" testType="13cdc9d9-ddb5-4fa4-a97d-d965ccfc6d4b" outcome="Failed" testListId="8c84fa94-04c1-424b-9868-57a2d4851a1d" relativeResultsDirectory="411515f2-11c7-42c0-9537-a7c5e9c0a819" dataRowInfo="4" resultType="DataDrivenDataRow">
          <Output>
            <ErrorInfo>
              <Message>Assert.AreEqual failed. Expected:&lt;আমি কি কাজ করেছিলাম ?&gt;. Actual:&lt;কাজ করেছিলাম আমি কি ?&gt;. Did I work?</Message>
              <StackTrace>   at UnitTest.BnlpTest.interrogative_sentences_aux() in D:\software\Project\BNLP\UnitTest\BnlpTest.cs:line 238
</StackTrace>
            </ErrorInfo>
          </Output>
        </UnitTestResult>
        <UnitTestResult executionId="dda9cef4-53ed-4719-aa16-2d65f5f46e9f" parentExecutionId="411515f2-11c7-42c0-9537-a7c5e9c0a819" testId="39dcb97e-c73f-c645-a77c-64d9eba0a3a3" testName="interrogative_sentences_aux" computerName="ARPAN-LAP" duration="00:00:00.0273122" startTime="2014-06-29T12:36:09.0010624+05:30" endTime="2014-06-29T12:36:09.0290640+05:30" testType="13cdc9d9-ddb5-4fa4-a97d-d965ccfc6d4b" outcome="Failed" testListId="8c84fa94-04c1-424b-9868-57a2d4851a1d" relativeResultsDirectory="411515f2-11c7-42c0-9537-a7c5e9c0a819" dataRowInfo="5" resultType="DataDrivenDataRow">
          <Output>
            <ErrorInfo>
              <Message>Assert.AreEqual failed. Expected:&lt;আমি কি কাজ করছিলাম ?&gt;. Actual:&lt;কাজ করছিলাম আমি কি ?&gt;. Was I working?</Message>
              <StackTrace>   at UnitTest.BnlpTest.interrogative_sentences_aux() in D:\software\Project\BNLP\UnitTest\BnlpTest.cs:line 238
</StackTrace>
            </ErrorInfo>
          </Output>
        </UnitTestResult>
        <UnitTestResult executionId="d6bdf66d-173d-477a-9601-6fb587a04f39" parentExecutionId="411515f2-11c7-42c0-9537-a7c5e9c0a819" testId="39dcb97e-c73f-c645-a77c-64d9eba0a3a3" testName="interrogative_sentences_aux" computerName="ARPAN-LAP" duration="00:00:00.0222950" startTime="2014-06-29T12:36:09.0290640+05:30" endTime="2014-06-29T12:36:09.0510653+05:30" testType="13cdc9d9-ddb5-4fa4-a97d-d965ccfc6d4b" outcome="Failed" testListId="8c84fa94-04c1-424b-9868-57a2d4851a1d" relativeResultsDirectory="411515f2-11c7-42c0-9537-a7c5e9c0a819" dataRowInfo="6" resultType="DataDrivenDataRow">
          <Output>
            <ErrorInfo>
              <Message>Assert.AreEqual failed. Expected:&lt;আমি কি কাজ করেছিলাম ?&gt;. Actual:&lt;কাজ করেছিলাম আমি কি ?&gt;. Had I worked?</Message>
              <StackTrace>   at UnitTest.BnlpTest.interrogative_sentences_aux() in D:\software\Project\BNLP\UnitTest\BnlpTest.cs:line 238
</StackTrace>
            </ErrorInfo>
          </Output>
        </UnitTestResult>
        <UnitTestResult executionId="dabe388b-ca0b-40b4-9f1c-255e610f0892" parentExecutionId="411515f2-11c7-42c0-9537-a7c5e9c0a819" testId="39dcb97e-c73f-c645-a77c-64d9eba0a3a3" testName="interrogative_sentences_aux" computerName="ARPAN-LAP" duration="00:00:00.0336127" startTime="2014-06-29T12:36:09.0510653+05:30" endTime="2014-06-29T12:36:09.0850672+05:30" testType="13cdc9d9-ddb5-4fa4-a97d-d965ccfc6d4b" outcome="Passed" testListId="8c84fa94-04c1-424b-9868-57a2d4851a1d" relativeResultsDirectory="411515f2-11c7-42c0-9537-a7c5e9c0a819" dataRowInfo="7" resultType="DataDrivenDataRow" />
        <UnitTestResult executionId="30c2e268-8101-435e-a7f6-d92cdddecd6f" parentExecutionId="411515f2-11c7-42c0-9537-a7c5e9c0a819" testId="39dcb97e-c73f-c645-a77c-64d9eba0a3a3" testName="interrogative_sentences_aux" computerName="ARPAN-LAP" duration="00:00:00.0264674" startTime="2014-06-29T12:36:09.0850672+05:30" endTime="2014-06-29T12:36:09.1110687+05:30" testType="13cdc9d9-ddb5-4fa4-a97d-d965ccfc6d4b" outcome="Failed" testListId="8c84fa94-04c1-424b-9868-57a2d4851a1d" relativeResultsDirectory="411515f2-11c7-42c0-9537-a7c5e9c0a819" dataRowInfo="8" resultType="DataDrivenDataRow">
          <Output>
            <ErrorInfo>
              <Message>Assert.AreEqual failed. Expected:&lt;আমি কি কাজ করব ?&gt;. Actual:&lt;কাজ করব আমি কি ?&gt;. Will I work?</Message>
              <StackTrace>   at UnitTest.BnlpTest.interrogative_sentences_aux() in D:\software\Project\BNLP\UnitTest\BnlpTest.cs:line 238
</StackTrace>
            </ErrorInfo>
          </Output>
        </UnitTestResult>
        <UnitTestResult executionId="9cd9ca92-6521-4b8a-8372-a8124b6b9eaa" parentExecutionId="411515f2-11c7-42c0-9537-a7c5e9c0a819" testId="39dcb97e-c73f-c645-a77c-64d9eba0a3a3" testName="interrogative_sentences_aux" computerName="ARPAN-LAP" duration="00:00:00.0361190" startTime="2014-06-29T12:36:09.1110687+05:30" endTime="2014-06-29T12:36:09.1470708+05:30" testType="13cdc9d9-ddb5-4fa4-a97d-d965ccfc6d4b" outcome="Failed" testListId="8c84fa94-04c1-424b-9868-57a2d4851a1d" relativeResultsDirectory="411515f2-11c7-42c0-9537-a7c5e9c0a819" dataRowInfo="9" resultType="DataDrivenDataRow">
          <Output>
            <ErrorInfo>
              <Message>Assert.AreEqual failed. Expected:&lt;আমি কি কাজ করব ?&gt;. Actual:&lt;কাজ করব আমি কি ?&gt;. Will I be working?</Message>
              <StackTrace>   at UnitTest.BnlpTest.interrogative_sentences_aux() in D:\software\Project\BNLP\UnitTest\BnlpTest.cs:line 238
</StackTrace>
            </ErrorInfo>
          </Output>
        </UnitTestResult>
        <UnitTestResult executionId="a57736f2-3ec2-4171-b434-d27616d057ac" parentExecutionId="411515f2-11c7-42c0-9537-a7c5e9c0a819" testId="39dcb97e-c73f-c645-a77c-64d9eba0a3a3" testName="interrogative_sentences_aux" computerName="ARPAN-LAP" duration="00:00:00.0219013" startTime="2014-06-29T12:36:09.1470708+05:30" endTime="2014-06-29T12:36:09.1690720+05:30" testType="13cdc9d9-ddb5-4fa4-a97d-d965ccfc6d4b" outcome="Failed" testListId="8c84fa94-04c1-424b-9868-57a2d4851a1d" relativeResultsDirectory="411515f2-11c7-42c0-9537-a7c5e9c0a819" dataRowInfo="10" resultType="DataDrivenDataRow">
          <Output>
            <ErrorInfo>
              <Message>Assert.AreEqual failed. Expected:&lt;আপনি কি কাজ করেন ?&gt;. Actual:&lt;কাজ করেন আপনি কি ?&gt;. Do you work?</Message>
              <StackTrace>   at UnitTest.BnlpTest.interrogative_sentences_aux() in D:\software\Project\BNLP\UnitTest\BnlpTest.cs:line 238
</StackTrace>
            </ErrorInfo>
          </Output>
        </UnitTestResult>
        <UnitTestResult executionId="b9f3a370-e1c4-42ee-8478-eb30c35a3a76" parentExecutionId="411515f2-11c7-42c0-9537-a7c5e9c0a819" testId="39dcb97e-c73f-c645-a77c-64d9eba0a3a3" testName="interrogative_sentences_aux" computerName="ARPAN-LAP" duration="00:00:00.0192749" startTime="2014-06-29T12:36:09.1690720+05:30" endTime="2014-06-29T12:36:09.1890732+05:30" testType="13cdc9d9-ddb5-4fa4-a97d-d965ccfc6d4b" outcome="Failed" testListId="8c84fa94-04c1-424b-9868-57a2d4851a1d" relativeResultsDirectory="411515f2-11c7-42c0-9537-a7c5e9c0a819" dataRowInfo="11" resultType="DataDrivenDataRow">
          <Output>
            <ErrorInfo>
              <Message>Assert.AreEqual failed. Expected:&lt;আপনি কি কাজ করছেন ?&gt;. Actual:&lt;কাজ করছেন আপনি কি ?&gt;. Are you working?</Message>
              <StackTrace>   at UnitTest.BnlpTest.interrogative_sentences_aux() in D:\software\Project\BNLP\UnitTest\BnlpTest.cs:line 238
</StackTrace>
            </ErrorInfo>
          </Output>
        </UnitTestResult>
        <UnitTestResult executionId="7f93ebdc-5741-4764-a89a-f6cc3b379465" parentExecutionId="411515f2-11c7-42c0-9537-a7c5e9c0a819" testId="39dcb97e-c73f-c645-a77c-64d9eba0a3a3" testName="interrogative_sentences_aux" computerName="ARPAN-LAP" duration="00:00:00.0189510" startTime="2014-06-29T12:36:09.1890732+05:30" endTime="2014-06-29T12:36:09.2080743+05:30" testType="13cdc9d9-ddb5-4fa4-a97d-d965ccfc6d4b" outcome="Failed" testListId="8c84fa94-04c1-424b-9868-57a2d4851a1d" relativeResultsDirectory="411515f2-11c7-42c0-9537-a7c5e9c0a819" dataRowInfo="12" resultType="DataDrivenDataRow">
          <Output>
            <ErrorInfo>
              <Message>Assert.AreEqual failed. Expected:&lt;আপনি কি কাজ করেছেন ?&gt;. Actual:&lt;কাজ করেছেন আপনি কি ?&gt;. Have you worked?</Message>
              <StackTrace>   at UnitTest.BnlpTest.interrogative_sentences_aux() in D:\software\Project\BNLP\UnitTest\BnlpTest.cs:line 238
</StackTrace>
            </ErrorInfo>
          </Output>
        </UnitTestResult>
        <UnitTestResult executionId="0d1700f4-e3c7-4645-b92b-400561cf5bf2" parentExecutionId="411515f2-11c7-42c0-9537-a7c5e9c0a819" testId="39dcb97e-c73f-c645-a77c-64d9eba0a3a3" testName="interrogative_sentences_aux" computerName="ARPAN-LAP" duration="00:00:00.0253885" startTime="2014-06-29T12:36:09.2080743+05:30" endTime="2014-06-29T12:36:09.2330757+05:30" testType="13cdc9d9-ddb5-4fa4-a97d-d965ccfc6d4b" outcome="Failed" testListId="8c84fa94-04c1-424b-9868-57a2d4851a1d" relativeResultsDirectory="411515f2-11c7-42c0-9537-a7c5e9c0a819" dataRowInfo="13" resultType="DataDrivenDataRow">
          <Output>
            <ErrorInfo>
              <Message>Assert.AreEqual failed. Expected:&lt;আপনি কি কাজ করছেন ?&gt;. Actual:&lt;কাজ করছেন আপনি কি ?&gt;. Have you been working?</Message>
              <StackTrace>   at UnitTest.BnlpTest.interrogative_sentences_aux() in D:\software\Project\BNLP\UnitTest\BnlpTest.cs:line 238
</StackTrace>
            </ErrorInfo>
          </Output>
        </UnitTestResult>
        <UnitTestResult executionId="93cb9a9b-a2ca-41aa-9abb-e1bd1cd74176" parentExecutionId="411515f2-11c7-42c0-9537-a7c5e9c0a819" testId="39dcb97e-c73f-c645-a77c-64d9eba0a3a3" testName="interrogative_sentences_aux" computerName="ARPAN-LAP" duration="00:00:00.0195941" startTime="2014-06-29T12:36:09.2330757+05:30" endTime="2014-06-29T12:36:09.2530768+05:30" testType="13cdc9d9-ddb5-4fa4-a97d-d965ccfc6d4b" outcome="Failed" testListId="8c84fa94-04c1-424b-9868-57a2d4851a1d" relativeResultsDirectory="411515f2-11c7-42c0-9537-a7c5e9c0a819" dataRowInfo="14" resultType="DataDrivenDataRow">
          <Output>
            <ErrorInfo>
              <Message>Assert.AreEqual failed. Expected:&lt;আপনি কি কাজ করেছিলেন ?&gt;. Actual:&lt;কাজ করেছিলেন আপনি কি ?&gt;. Did you work?</Message>
              <StackTrace>   at UnitTest.BnlpTest.interrogative_sentences_aux() in D:\software\Project\BNLP\UnitTest\BnlpTest.cs:line 238
</StackTrace>
            </ErrorInfo>
          </Output>
        </UnitTestResult>
        <UnitTestResult executionId="15870ed4-6ea1-493e-b81b-ad4f3df9e277" parentExecutionId="411515f2-11c7-42c0-9537-a7c5e9c0a819" testId="39dcb97e-c73f-c645-a77c-64d9eba0a3a3" testName="interrogative_sentences_aux" computerName="ARPAN-LAP" duration="00:00:00.0210698" startTime="2014-06-29T12:36:09.2530768+05:30" endTime="2014-06-29T12:36:09.2740780+05:30" testType="13cdc9d9-ddb5-4fa4-a97d-d965ccfc6d4b" outcome="Failed" testListId="8c84fa94-04c1-424b-9868-57a2d4851a1d" relativeResultsDirectory="411515f2-11c7-42c0-9537-a7c5e9c0a819" dataRowInfo="15" resultType="DataDrivenDataRow">
          <Output>
            <ErrorInfo>
              <Message>Assert.AreEqual failed. Expected:&lt;আপনি কি কাজ করছিলেন ?&gt;. Actual:&lt;কাজ করছিলেন আপনি কি ?&gt;. Were you working?</Message>
              <StackTrace>   at UnitTest.BnlpTest.interrogative_sentences_aux() in D:\software\Project\BNLP\UnitTest\BnlpTest.cs:line 238
</StackTrace>
            </ErrorInfo>
          </Output>
        </UnitTestResult>
        <UnitTestResult executionId="cb2fb5f8-b495-4a17-b74d-217ccebbcef1" parentExecutionId="411515f2-11c7-42c0-9537-a7c5e9c0a819" testId="39dcb97e-c73f-c645-a77c-64d9eba0a3a3" testName="interrogative_sentences_aux" computerName="ARPAN-LAP" duration="00:00:00.0198575" startTime="2014-06-29T12:36:09.2740780+05:30" endTime="2014-06-29T12:36:09.2940792+05:30" testType="13cdc9d9-ddb5-4fa4-a97d-d965ccfc6d4b" outcome="Failed" testListId="8c84fa94-04c1-424b-9868-57a2d4851a1d" relativeResultsDirectory="411515f2-11c7-42c0-9537-a7c5e9c0a819" dataRowInfo="16" resultType="DataDrivenDataRow">
          <Output>
            <ErrorInfo>
              <Message>Assert.AreEqual failed. Expected:&lt;আপনি কি কাজ করেছিলেন ?&gt;. Actual:&lt;কাজ করেছিলেন আপনি কি ?&gt;. Had you worked?</Message>
              <StackTrace>   at UnitTest.BnlpTest.interrogative_sentences_aux() in D:\software\Project\BNLP\UnitTest\BnlpTest.cs:line 238
</StackTrace>
            </ErrorInfo>
          </Output>
        </UnitTestResult>
        <UnitTestResult executionId="a84ee03a-abc7-4d1f-adcb-037d1f0b244a" parentExecutionId="411515f2-11c7-42c0-9537-a7c5e9c0a819" testId="39dcb97e-c73f-c645-a77c-64d9eba0a3a3" testName="interrogative_sentences_aux" computerName="ARPAN-LAP" duration="00:00:00.0275129" startTime="2014-06-29T12:36:09.2940792+05:30" endTime="2014-06-29T12:36:09.3210807+05:30" testType="13cdc9d9-ddb5-4fa4-a97d-d965ccfc6d4b" outcome="Failed" testListId="8c84fa94-04c1-424b-9868-57a2d4851a1d" relativeResultsDirectory="411515f2-11c7-42c0-9537-a7c5e9c0a819" dataRowInfo="17" resultType="DataDrivenDataRow">
          <Output>
            <ErrorInfo>
              <Message>Assert.AreEqual failed. Expected:&lt;আপনি কি কাজ করছিলেন ?&gt;. Actual:&lt;কাজ করছিলেন আপনি কি ?&gt;. Had you been working?</Message>
              <StackTrace>   at UnitTest.BnlpTest.interrogative_sentences_aux() in D:\software\Project\BNLP\UnitTest\BnlpTest.cs:line 238
</StackTrace>
            </ErrorInfo>
          </Output>
        </UnitTestResult>
        <UnitTestResult executionId="fbe8033d-45aa-4d63-b025-cb1a6f31289c" parentExecutionId="411515f2-11c7-42c0-9537-a7c5e9c0a819" testId="39dcb97e-c73f-c645-a77c-64d9eba0a3a3" testName="interrogative_sentences_aux" computerName="ARPAN-LAP" duration="00:00:00.0182360" startTime="2014-06-29T12:36:09.3210807+05:30" endTime="2014-06-29T12:36:09.3400818+05:30" testType="13cdc9d9-ddb5-4fa4-a97d-d965ccfc6d4b" outcome="Failed" testListId="8c84fa94-04c1-424b-9868-57a2d4851a1d" relativeResultsDirectory="411515f2-11c7-42c0-9537-a7c5e9c0a819" dataRowInfo="18" resultType="DataDrivenDataRow">
          <Output>
            <ErrorInfo>
              <Message>Assert.AreEqual failed. Expected:&lt;আপনি কি কাজ করবেন ?&gt;. Actual:&lt;কাজ করবেন আপনি কি ?&gt;. Will you work?</Message>
              <StackTrace>   at UnitTest.BnlpTest.interrogative_sentences_aux() in D:\software\Project\BNLP\UnitTest\BnlpTest.cs:line 238
</StackTrace>
            </ErrorInfo>
          </Output>
        </UnitTestResult>
        <UnitTestResult executionId="08127b9c-c819-48f0-bed5-2f471a625b66" parentExecutionId="411515f2-11c7-42c0-9537-a7c5e9c0a819" testId="39dcb97e-c73f-c645-a77c-64d9eba0a3a3" testName="interrogative_sentences_aux" computerName="ARPAN-LAP" duration="00:00:00.0238990" startTime="2014-06-29T12:36:09.3400818+05:30" endTime="2014-06-29T12:36:09.3640832+05:30" testType="13cdc9d9-ddb5-4fa4-a97d-d965ccfc6d4b" outcome="Failed" testListId="8c84fa94-04c1-424b-9868-57a2d4851a1d" relativeResultsDirectory="411515f2-11c7-42c0-9537-a7c5e9c0a819" dataRowInfo="19" resultType="DataDrivenDataRow">
          <Output>
            <ErrorInfo>
              <Message>Assert.AreEqual failed. Expected:&lt;আপনি কি কাজ করবেন ?&gt;. Actual:&lt;কাজ করবেন আপনি কি ?&gt;. Will you be working?</Message>
              <StackTrace>   at UnitTest.BnlpTest.interrogative_sentences_aux() in D:\software\Project\BNLP\UnitTest\BnlpTest.cs:line 238
</StackTrace>
            </ErrorInfo>
          </Output>
        </UnitTestResult>
      </InnerResults>
    </UnitTestResult>
    <UnitTestResult executionId="5ca130d4-2a09-476c-a08b-3659f978deb0" testId="4e91a3b9-9eae-ebff-0b97-303f00578a78" testName="interrogative_sentences_whom" computerName="ARPAN-LAP" duration="00:00:00.0601910" startTime="2014-06-29T12:36:09.4290869+05:30" endTime="2014-06-29T12:36:09.5120917+05:30" testType="13cdc9d9-ddb5-4fa4-a97d-d965ccfc6d4b" outcome="Failed" testListId="8c84fa94-04c1-424b-9868-57a2d4851a1d" relativeResultsDirectory="5ca130d4-2a09-476c-a08b-3659f978deb0" resultType="DataDrivenTest">
      <Counters error="0" failed="2" timeout="0" aborted="0" inconclusive="0" passedButRunAborted="0" notRunnable="0" notExecuted="0" disconnected="0" warning="0" passed="0" completed="0" inProgress="0" pending="0" />
      <InnerResults>
        <UnitTestResult executionId="c5f5d31d-1d3d-4126-b4fe-67f21143136f" parentExecutionId="5ca130d4-2a09-476c-a08b-3659f978deb0" testId="4e91a3b9-9eae-ebff-0b97-303f00578a78" testName="interrogative_sentences_whom" computerName="ARPAN-LAP" duration="00:00:00.0321401" startTime="2014-06-29T12:36:09.4440878+05:30" endTime="2014-06-29T12:36:09.4760896+05:30" testType="13cdc9d9-ddb5-4fa4-a97d-d965ccfc6d4b" outcome="Failed" testListId="8c84fa94-04c1-424b-9868-57a2d4851a1d" relativeResultsDirectory="5ca130d4-2a09-476c-a08b-3659f978deb0" dataRowInfo="0" resultType="DataDrivenDataRow">
          <Output>
            <ErrorInfo>
              <Message>Assert.AreEqual failed. Expected:&lt;আপনি কাকে চান ?&gt;. Actual:&lt;কাকে চান আপনি ?&gt;. Whom do you want?</Message>
              <StackTrace>   at UnitTest.BnlpTest.interrogative_sentences_whom() in D:\software\Project\BNLP\UnitTest\BnlpTest.cs:line 364
</StackTrace>
            </ErrorInfo>
          </Output>
        </UnitTestResult>
        <UnitTestResult executionId="9f9360fc-5d29-4848-ba3a-4eb7dbea82d1" parentExecutionId="5ca130d4-2a09-476c-a08b-3659f978deb0" testId="4e91a3b9-9eae-ebff-0b97-303f00578a78" testName="interrogative_sentences_whom" computerName="ARPAN-LAP" duration="00:00:00.0262734" startTime="2014-06-29T12:36:09.4760896+05:30" endTime="2014-06-29T12:36:09.5030911+05:30" testType="13cdc9d9-ddb5-4fa4-a97d-d965ccfc6d4b" outcome="Failed" testListId="8c84fa94-04c1-424b-9868-57a2d4851a1d" relativeResultsDirectory="5ca130d4-2a09-476c-a08b-3659f978deb0" dataRowInfo="1" resultType="DataDrivenDataRow">
          <Output>
            <ErrorInfo>
              <Message>Assert.AreEqual failed. Expected:&lt;সে গল্প কাকে বলেছিল ?&gt;. Actual:&lt;গল্প কাকে বলেছিল সে ?&gt;. To whom did he tell the story?</Message>
              <StackTrace>   at UnitTest.BnlpTest.interrogative_sentences_whom() in D:\software\Project\BNLP\UnitTest\BnlpTest.cs:line 364
</StackTrace>
            </ErrorInfo>
          </Output>
        </UnitTestResult>
      </InnerResults>
    </UnitTestResult>
    <UnitTestResult executionId="de371277-47ab-4eb2-aee3-e87a95943bd4" testId="533e7939-123c-ce84-5c5c-d5a21d1d95b9" testName="special_handling_do_verb" computerName="ARPAN-LAP" duration="00:00:00.3486658" startTime="2014-06-29T12:36:09.5150918+05:30" endTime="2014-06-29T12:36:09.9091144+05:30" testType="13cdc9d9-ddb5-4fa4-a97d-d965ccfc6d4b" outcome="Passed" testListId="8c84fa94-04c1-424b-9868-57a2d4851a1d" relativeResultsDirectory="de371277-47ab-4eb2-aee3-e87a95943bd4" resultType="DataDrivenTest">
      <Counters error="0" failed="0" timeout="0" aborted="0" inconclusive="0" passedButRunAborted="0" notRunnable="0" notExecuted="0" disconnected="0" warning="0" passed="13" completed="0" inProgress="0" pending="0" />
      <InnerResults>
        <UnitTestResult executionId="12b5f25a-1712-4ca6-8710-f95605dda727" parentExecutionId="de371277-47ab-4eb2-aee3-e87a95943bd4" testId="533e7939-123c-ce84-5c5c-d5a21d1d95b9" testName="special_handling_do_verb" computerName="ARPAN-LAP" duration="00:00:00.0206207" startTime="2014-06-29T12:36:09.5230923+05:30" endTime="2014-06-29T12:36:09.5440935+05:30" testType="13cdc9d9-ddb5-4fa4-a97d-d965ccfc6d4b" outcome="Passed" testListId="8c84fa94-04c1-424b-9868-57a2d4851a1d" relativeResultsDirectory="de371277-47ab-4eb2-aee3-e87a95943bd4" dataRowInfo="0" resultType="DataDrivenDataRow" />
        <UnitTestResult executionId="9782b3ec-7577-45b3-adc9-3ab1474f5f5e" parentExecutionId="de371277-47ab-4eb2-aee3-e87a95943bd4" testId="533e7939-123c-ce84-5c5c-d5a21d1d95b9" testName="special_handling_do_verb" computerName="ARPAN-LAP" duration="00:00:00.0223479" startTime="2014-06-29T12:36:09.5440935+05:30" endTime="2014-06-29T12:36:09.5660947+05:30" testType="13cdc9d9-ddb5-4fa4-a97d-d965ccfc6d4b" outcome="Passed" testListId="8c84fa94-04c1-424b-9868-57a2d4851a1d" relativeResultsDirectory="de371277-47ab-4eb2-aee3-e87a95943bd4" dataRowInfo="1" resultType="DataDrivenDataRow" />
        <UnitTestResult executionId="6c88b76a-24ac-4d84-aa30-13865627f329" parentExecutionId="de371277-47ab-4eb2-aee3-e87a95943bd4" testId="533e7939-123c-ce84-5c5c-d5a21d1d95b9" testName="special_handling_do_verb" computerName="ARPAN-LAP" duration="00:00:00.0263072" startTime="2014-06-29T12:36:09.5660947+05:30" endTime="2014-06-29T12:36:09.5930963+05:30" testType="13cdc9d9-ddb5-4fa4-a97d-d965ccfc6d4b" outcome="Passed" testListId="8c84fa94-04c1-424b-9868-57a2d4851a1d" relativeResultsDirectory="de371277-47ab-4eb2-aee3-e87a95943bd4" dataRowInfo="2" resultType="DataDrivenDataRow" />
        <UnitTestResult executionId="010b19be-1260-4e07-84d0-41f7d787c8f1" parentExecutionId="de371277-47ab-4eb2-aee3-e87a95943bd4" testId="533e7939-123c-ce84-5c5c-d5a21d1d95b9" testName="special_handling_do_verb" computerName="ARPAN-LAP" duration="00:00:00.0315940" startTime="2014-06-29T12:36:09.5930963+05:30" endTime="2014-06-29T12:36:09.6240981+05:30" testType="13cdc9d9-ddb5-4fa4-a97d-d965ccfc6d4b" outcome="Passed" testListId="8c84fa94-04c1-424b-9868-57a2d4851a1d" relativeResultsDirectory="de371277-47ab-4eb2-aee3-e87a95943bd4" dataRowInfo="3" resultType="DataDrivenDataRow" />
        <UnitTestResult executionId="9d8b032f-7529-4cfd-bd37-a2872aaa6ed9" parentExecutionId="de371277-47ab-4eb2-aee3-e87a95943bd4" testId="533e7939-123c-ce84-5c5c-d5a21d1d95b9" testName="special_handling_do_verb" computerName="ARPAN-LAP" duration="00:00:00.0192544" startTime="2014-06-29T12:36:09.6240981+05:30" endTime="2014-06-29T12:36:09.6430992+05:30" testType="13cdc9d9-ddb5-4fa4-a97d-d965ccfc6d4b" outcome="Passed" testListId="8c84fa94-04c1-424b-9868-57a2d4851a1d" relativeResultsDirectory="de371277-47ab-4eb2-aee3-e87a95943bd4" dataRowInfo="4" resultType="DataDrivenDataRow" />
        <UnitTestResult executionId="2602ac9f-bb3f-4662-85dc-df402d432e2c" parentExecutionId="de371277-47ab-4eb2-aee3-e87a95943bd4" testId="533e7939-123c-ce84-5c5c-d5a21d1d95b9" testName="special_handling_do_verb" computerName="ARPAN-LAP" duration="00:00:00.0241151" startTime="2014-06-29T12:36:09.6430992+05:30" endTime="2014-06-29T12:36:09.6681006+05:30" testType="13cdc9d9-ddb5-4fa4-a97d-d965ccfc6d4b" outcome="Passed" testListId="8c84fa94-04c1-424b-9868-57a2d4851a1d" relativeResultsDirectory="de371277-47ab-4eb2-aee3-e87a95943bd4" dataRowInfo="5" resultType="DataDrivenDataRow" />
        <UnitTestResult executionId="96bd0c22-ef94-4d91-a9bb-78b1773da1ba" parentExecutionId="de371277-47ab-4eb2-aee3-e87a95943bd4" testId="533e7939-123c-ce84-5c5c-d5a21d1d95b9" testName="special_handling_do_verb" computerName="ARPAN-LAP" duration="00:00:00.0243168" startTime="2014-06-29T12:36:09.6681006+05:30" endTime="2014-06-29T12:36:09.6921020+05:30" testType="13cdc9d9-ddb5-4fa4-a97d-d965ccfc6d4b" outcome="Passed" testListId="8c84fa94-04c1-424b-9868-57a2d4851a1d" relativeResultsDirectory="de371277-47ab-4eb2-aee3-e87a95943bd4" dataRowInfo="6" resultType="DataDrivenDataRow" />
        <UnitTestResult executionId="13433939-e665-4617-adca-10d2c8410b29" parentExecutionId="de371277-47ab-4eb2-aee3-e87a95943bd4" testId="533e7939-123c-ce84-5c5c-d5a21d1d95b9" testName="special_handling_do_verb" computerName="ARPAN-LAP" duration="00:00:00.0373436" startTime="2014-06-29T12:36:09.6921020+05:30" endTime="2014-06-29T12:36:09.7291041+05:30" testType="13cdc9d9-ddb5-4fa4-a97d-d965ccfc6d4b" outcome="Passed" testListId="8c84fa94-04c1-424b-9868-57a2d4851a1d" relativeResultsDirectory="de371277-47ab-4eb2-aee3-e87a95943bd4" dataRowInfo="7" resultType="DataDrivenDataRow" />
        <UnitTestResult executionId="ba321e89-1de2-4f62-af92-fc02620a4923" parentExecutionId="de371277-47ab-4eb2-aee3-e87a95943bd4" testId="533e7939-123c-ce84-5c5c-d5a21d1d95b9" testName="special_handling_do_verb" computerName="ARPAN-LAP" duration="00:00:00.0296553" startTime="2014-06-29T12:36:09.7291041+05:30" endTime="2014-06-29T12:36:09.7591058+05:30" testType="13cdc9d9-ddb5-4fa4-a97d-d965ccfc6d4b" outcome="Passed" testListId="8c84fa94-04c1-424b-9868-57a2d4851a1d" relativeResultsDirectory="de371277-47ab-4eb2-aee3-e87a95943bd4" dataRowInfo="8" resultType="DataDrivenDataRow" />
        <UnitTestResult executionId="b17a0974-8492-4f65-b7f6-c14399ac6fb6" parentExecutionId="de371277-47ab-4eb2-aee3-e87a95943bd4" testId="533e7939-123c-ce84-5c5c-d5a21d1d95b9" testName="special_handling_do_verb" computerName="ARPAN-LAP" duration="00:00:00.0331825" startTime="2014-06-29T12:36:09.7591058+05:30" endTime="2014-06-29T12:36:09.7921077+05:30" testType="13cdc9d9-ddb5-4fa4-a97d-d965ccfc6d4b" outcome="Passed" testListId="8c84fa94-04c1-424b-9868-57a2d4851a1d" relativeResultsDirectory="de371277-47ab-4eb2-aee3-e87a95943bd4" dataRowInfo="9" resultType="DataDrivenDataRow" />
        <UnitTestResult executionId="dae1e2ad-d33d-45c9-a195-0bee560b5988" parentExecutionId="de371277-47ab-4eb2-aee3-e87a95943bd4" testId="533e7939-123c-ce84-5c5c-d5a21d1d95b9" testName="special_handling_do_verb" computerName="ARPAN-LAP" duration="00:00:00.0219675" startTime="2014-06-29T12:36:09.7921077+05:30" endTime="2014-06-29T12:36:09.8141089+05:30" testType="13cdc9d9-ddb5-4fa4-a97d-d965ccfc6d4b" outcome="Passed" testListId="8c84fa94-04c1-424b-9868-57a2d4851a1d" relativeResultsDirectory="de371277-47ab-4eb2-aee3-e87a95943bd4" dataRowInfo="10" resultType="DataDrivenDataRow" />
        <UnitTestResult executionId="c72f6349-49ae-42cb-bef9-2790d9976d65" parentExecutionId="de371277-47ab-4eb2-aee3-e87a95943bd4" testId="533e7939-123c-ce84-5c5c-d5a21d1d95b9" testName="special_handling_do_verb" computerName="ARPAN-LAP" duration="00:00:00.0275535" startTime="2014-06-29T12:36:09.8141089+05:30" endTime="2014-06-29T12:36:09.8421105+05:30" testType="13cdc9d9-ddb5-4fa4-a97d-d965ccfc6d4b" outcome="Passed" testListId="8c84fa94-04c1-424b-9868-57a2d4851a1d" relativeResultsDirectory="de371277-47ab-4eb2-aee3-e87a95943bd4" dataRowInfo="11" resultType="DataDrivenDataRow" />
        <UnitTestResult executionId="3fa83c04-8340-4ad5-9f88-8277a08568b5" parentExecutionId="de371277-47ab-4eb2-aee3-e87a95943bd4" testId="533e7939-123c-ce84-5c5c-d5a21d1d95b9" testName="special_handling_do_verb" computerName="ARPAN-LAP" duration="00:00:00.0279318" startTime="2014-06-29T12:36:09.8421105+05:30" endTime="2014-06-29T12:36:09.8701121+05:30" testType="13cdc9d9-ddb5-4fa4-a97d-d965ccfc6d4b" outcome="Passed" testListId="8c84fa94-04c1-424b-9868-57a2d4851a1d" relativeResultsDirectory="de371277-47ab-4eb2-aee3-e87a95943bd4" dataRowInfo="12" resultType="DataDrivenDataRow" />
      </InnerResults>
    </UnitTestResult>
    <UnitTestResult executionId="b53d2c99-1ff1-484b-b899-38b8a4aba275" testId="642ce34f-0ed4-f995-637b-09297c832f2a" testName="RandomWord" computerName="ARPAN-LAP" duration="00:00:00.1108987" startTime="2014-06-29T12:36:09.9101144+05:30" endTime="2014-06-29T12:36:10.0381217+05:30" testType="13cdc9d9-ddb5-4fa4-a97d-d965ccfc6d4b" outcome="Failed" testListId="8c84fa94-04c1-424b-9868-57a2d4851a1d" relativeResultsDirectory="b53d2c99-1ff1-484b-b899-38b8a4aba275" resultType="DataDrivenTest">
      <Counters error="0" failed="1" timeout="0" aborted="0" inconclusive="0" passedButRunAborted="0" notRunnable="0" notExecuted="0" disconnected="0" warning="0" passed="0" completed="0" inProgress="0" pending="0" />
      <InnerResults>
        <UnitTestResult executionId="0308c18b-eb0c-4650-8336-aaae945f10c2" parentExecutionId="b53d2c99-1ff1-484b-b899-38b8a4aba275" testId="642ce34f-0ed4-f995-637b-09297c832f2a" testName="RandomWord" computerName="ARPAN-LAP" duration="00:00:00.1089565" startTime="2014-06-29T12:36:09.9221151+05:30" endTime="2014-06-29T12:36:10.0311213+05:30" testType="13cdc9d9-ddb5-4fa4-a97d-d965ccfc6d4b" outcome="Failed" testListId="8c84fa94-04c1-424b-9868-57a2d4851a1d" relativeResultsDirectory="b53d2c99-1ff1-484b-b899-38b8a4aba275" dataRowInfo="0" resultType="DataDrivenDataRow">
          <Output>
            <ErrorInfo>
              <Message>Assert.AreEqual failed. Expected:&lt;পূর্ব সলোমন এর নৌ যুদ্ধ ২৪–২৫ অগষ্ট ১৯৪২ য়ে স্থান গ্রহণ করেছিল , এবং দ্বিতীয় বিশ্ব যুদ্ধ এর প্রশান্ত মহাসাগর সংগঠিত প্রচারকার্য এর তৃতীয় যুদ্ধ বাহক ।&gt;. Actual:&lt;পূর্ব সলোমন এর নৌ যুদ্ধ ২৪–২৫ অগষ্ট ১৯৪২ য়ে স্থান গ্রহণ করেছিল , এবং দ্বিতীয় বিশ্ব যুদ্ধ এর pacific:NP সংগঠিত প্রচারকার্য এর তৃতীয় যুদ্ধ বাহক ।&gt;. The naval Battle of the Eastern Solomons took place on 24–25 August 1942, and was the third carrier battle of the Pacific campaign of second World War.</Message>
              <StackTrace>   at UnitTest.BnlpTest.RandomWord() in D:\software\Project\BNLP\UnitTest\BnlpTest.cs:line 526
</StackTrace>
            </ErrorInfo>
          </Output>
        </UnitTestResult>
      </InnerResults>
    </UnitTestResult>
    <UnitTestResult executionId="e33c44d1-571e-4456-abd9-e21b02fc052b" testId="783915fe-114a-e353-78dd-56e92a60f942" testName="all_persons_modal_should" computerName="ARPAN-LAP" duration="00:00:00.4463488" startTime="2014-06-29T12:36:10.0401219+05:30" endTime="2014-06-29T12:36:10.5441507+05:30" testType="13cdc9d9-ddb5-4fa4-a97d-d965ccfc6d4b" outcome="Passed" testListId="8c84fa94-04c1-424b-9868-57a2d4851a1d" relativeResultsDirectory="e33c44d1-571e-4456-abd9-e21b02fc052b" resultType="DataDrivenTest">
      <Counters error="0" failed="0" timeout="0" aborted="0" inconclusive="0" passedButRunAborted="0" notRunnable="0" notExecuted="0" disconnected="0" warning="0" passed="17" completed="0" inProgress="0" pending="0" />
      <InnerResults>
        <UnitTestResult executionId="67aa1919-2af8-4ddd-a52a-c748b4734633" parentExecutionId="e33c44d1-571e-4456-abd9-e21b02fc052b" testId="783915fe-114a-e353-78dd-56e92a60f942" testName="all_persons_modal_should" computerName="ARPAN-LAP" duration="00:00:00.0227441" startTime="2014-06-29T12:36:10.0481223+05:30" endTime="2014-06-29T12:36:10.0711236+05:30" testType="13cdc9d9-ddb5-4fa4-a97d-d965ccfc6d4b" outcome="Passed" testListId="8c84fa94-04c1-424b-9868-57a2d4851a1d" relativeResultsDirectory="e33c44d1-571e-4456-abd9-e21b02fc052b" dataRowInfo="0" resultType="DataDrivenDataRow" />
        <UnitTestResult executionId="4eda9315-f455-4fa5-8eba-95040952c755" parentExecutionId="e33c44d1-571e-4456-abd9-e21b02fc052b" testId="783915fe-114a-e353-78dd-56e92a60f942" testName="all_persons_modal_should" computerName="ARPAN-LAP" duration="00:00:00.0273723" startTime="2014-06-29T12:36:10.0711236+05:30" endTime="2014-06-29T12:36:10.0981252+05:30" testType="13cdc9d9-ddb5-4fa4-a97d-d965ccfc6d4b" outcome="Passed" testListId="8c84fa94-04c1-424b-9868-57a2d4851a1d" relativeResultsDirectory="e33c44d1-571e-4456-abd9-e21b02fc052b" dataRowInfo="1" resultType="DataDrivenDataRow" />
        <UnitTestResult executionId="ba2823c2-0655-4cbb-86be-eee91aee81ed" parentExecutionId="e33c44d1-571e-4456-abd9-e21b02fc052b" testId="783915fe-114a-e353-78dd-56e92a60f942" testName="all_persons_modal_should" computerName="ARPAN-LAP" duration="00:00:00.0276607" startTime="2014-06-29T12:36:10.0981252+05:30" endTime="2014-06-29T12:36:10.1261268+05:30" testType="13cdc9d9-ddb5-4fa4-a97d-d965ccfc6d4b" outcome="Passed" testListId="8c84fa94-04c1-424b-9868-57a2d4851a1d" relativeResultsDirectory="e33c44d1-571e-4456-abd9-e21b02fc052b" dataRowInfo="2" resultType="DataDrivenDataRow" />
        <UnitTestResult executionId="05b220b0-e536-4ebd-b290-97b1e9e803da" parentExecutionId="e33c44d1-571e-4456-abd9-e21b02fc052b" testId="783915fe-114a-e353-78dd-56e92a60f942" testName="all_persons_modal_should" computerName="ARPAN-LAP" duration="00:00:00.0334356" startTime="2014-06-29T12:36:10.1261268+05:30" endTime="2014-06-29T12:36:10.1591287+05:30" testType="13cdc9d9-ddb5-4fa4-a97d-d965ccfc6d4b" outcome="Passed" testListId="8c84fa94-04c1-424b-9868-57a2d4851a1d" relativeResultsDirectory="e33c44d1-571e-4456-abd9-e21b02fc052b" dataRowInfo="3" resultType="DataDrivenDataRow" />
        <UnitTestResult executionId="c61e0def-c7a8-48e9-aebe-a158258e79b2" parentExecutionId="e33c44d1-571e-4456-abd9-e21b02fc052b" testId="783915fe-114a-e353-78dd-56e92a60f942" testName="all_persons_modal_should" computerName="ARPAN-LAP" duration="00:00:00.0231054" startTime="2014-06-29T12:36:10.1591287+05:30" endTime="2014-06-29T12:36:10.1821300+05:30" testType="13cdc9d9-ddb5-4fa4-a97d-d965ccfc6d4b" outcome="Passed" testListId="8c84fa94-04c1-424b-9868-57a2d4851a1d" relativeResultsDirectory="e33c44d1-571e-4456-abd9-e21b02fc052b" dataRowInfo="4" resultType="DataDrivenDataRow" />
        <UnitTestResult executionId="6a00e65e-4810-403c-8ed9-23d461846f47" parentExecutionId="e33c44d1-571e-4456-abd9-e21b02fc052b" testId="783915fe-114a-e353-78dd-56e92a60f942" testName="all_persons_modal_should" computerName="ARPAN-LAP" duration="00:00:00.0299120" startTime="2014-06-29T12:36:10.1821300+05:30" endTime="2014-06-29T12:36:10.2121317+05:30" testType="13cdc9d9-ddb5-4fa4-a97d-d965ccfc6d4b" outcome="Passed" testListId="8c84fa94-04c1-424b-9868-57a2d4851a1d" relativeResultsDirectory="e33c44d1-571e-4456-abd9-e21b02fc052b" dataRowInfo="5" resultType="DataDrivenDataRow" />
        <UnitTestResult executionId="164c150c-51be-4418-9e3b-ddf63a8de1ac" parentExecutionId="e33c44d1-571e-4456-abd9-e21b02fc052b" testId="783915fe-114a-e353-78dd-56e92a60f942" testName="all_persons_modal_should" computerName="ARPAN-LAP" duration="00:00:00.0287212" startTime="2014-06-29T12:36:10.2121317+05:30" endTime="2014-06-29T12:36:10.2411334+05:30" testType="13cdc9d9-ddb5-4fa4-a97d-d965ccfc6d4b" outcome="Passed" testListId="8c84fa94-04c1-424b-9868-57a2d4851a1d" relativeResultsDirectory="e33c44d1-571e-4456-abd9-e21b02fc052b" dataRowInfo="6" resultType="DataDrivenDataRow" />
        <UnitTestResult executionId="0fb8bf3c-1923-4cf8-b9a2-62931b64caa2" parentExecutionId="e33c44d1-571e-4456-abd9-e21b02fc052b" testId="783915fe-114a-e353-78dd-56e92a60f942" testName="all_persons_modal_should" computerName="ARPAN-LAP" duration="00:00:00.0286642" startTime="2014-06-29T12:36:10.2411334+05:30" endTime="2014-06-29T12:36:10.2701350+05:30" testType="13cdc9d9-ddb5-4fa4-a97d-d965ccfc6d4b" outcome="Passed" testListId="8c84fa94-04c1-424b-9868-57a2d4851a1d" relativeResultsDirectory="e33c44d1-571e-4456-abd9-e21b02fc052b" dataRowInfo="7" resultType="DataDrivenDataRow" />
        <UnitTestResult executionId="e899f842-63e7-4f20-9dad-e38248cbd92a" parentExecutionId="e33c44d1-571e-4456-abd9-e21b02fc052b" testId="783915fe-114a-e353-78dd-56e92a60f942" testName="all_persons_modal_should" computerName="ARPAN-LAP" duration="00:00:00.0187093" startTime="2014-06-29T12:36:10.2701350+05:30" endTime="2014-06-29T12:36:10.2891361+05:30" testType="13cdc9d9-ddb5-4fa4-a97d-d965ccfc6d4b" outcome="Passed" testListId="8c84fa94-04c1-424b-9868-57a2d4851a1d" relativeResultsDirectory="e33c44d1-571e-4456-abd9-e21b02fc052b" dataRowInfo="8" resultType="DataDrivenDataRow" />
        <UnitTestResult executionId="8f03a2d3-02c3-4982-8acb-b58562521c36" parentExecutionId="e33c44d1-571e-4456-abd9-e21b02fc052b" testId="783915fe-114a-e353-78dd-56e92a60f942" testName="all_persons_modal_should" computerName="ARPAN-LAP" duration="00:00:00.0214655" startTime="2014-06-29T12:36:10.2891361+05:30" endTime="2014-06-29T12:36:10.3101373+05:30" testType="13cdc9d9-ddb5-4fa4-a97d-d965ccfc6d4b" outcome="Passed" testListId="8c84fa94-04c1-424b-9868-57a2d4851a1d" relativeResultsDirectory="e33c44d1-571e-4456-abd9-e21b02fc052b" dataRowInfo="9" resultType="DataDrivenDataRow" />
        <UnitTestResult executionId="63b5ce45-24be-497a-a636-c044fa63beef" parentExecutionId="e33c44d1-571e-4456-abd9-e21b02fc052b" testId="783915fe-114a-e353-78dd-56e92a60f942" testName="all_persons_modal_should" computerName="ARPAN-LAP" duration="00:00:00.0237332" startTime="2014-06-29T12:36:10.3101373+05:30" endTime="2014-06-29T12:36:10.3341387+05:30" testType="13cdc9d9-ddb5-4fa4-a97d-d965ccfc6d4b" outcome="Passed" testListId="8c84fa94-04c1-424b-9868-57a2d4851a1d" relativeResultsDirectory="e33c44d1-571e-4456-abd9-e21b02fc052b" dataRowInfo="10" resultType="DataDrivenDataRow" />
        <UnitTestResult executionId="f52d482f-3552-4238-9551-f82307ea4534" parentExecutionId="e33c44d1-571e-4456-abd9-e21b02fc052b" testId="783915fe-114a-e353-78dd-56e92a60f942" testName="all_persons_modal_should" computerName="ARPAN-LAP" duration="00:00:00.0303323" startTime="2014-06-29T12:36:10.3341387+05:30" endTime="2014-06-29T12:36:10.3641404+05:30" testType="13cdc9d9-ddb5-4fa4-a97d-d965ccfc6d4b" outcome="Passed" testListId="8c84fa94-04c1-424b-9868-57a2d4851a1d" relativeResultsDirectory="e33c44d1-571e-4456-abd9-e21b02fc052b" dataRowInfo="11" resultType="DataDrivenDataRow" />
        <UnitTestResult executionId="91ba2662-fa67-4e05-b3d5-242971461bee" parentExecutionId="e33c44d1-571e-4456-abd9-e21b02fc052b" testId="783915fe-114a-e353-78dd-56e92a60f942" testName="all_persons_modal_should" computerName="ARPAN-LAP" duration="00:00:00.0236577" startTime="2014-06-29T12:36:10.3641404+05:30" endTime="2014-06-29T12:36:10.3881418+05:30" testType="13cdc9d9-ddb5-4fa4-a97d-d965ccfc6d4b" outcome="Passed" testListId="8c84fa94-04c1-424b-9868-57a2d4851a1d" relativeResultsDirectory="e33c44d1-571e-4456-abd9-e21b02fc052b" dataRowInfo="12" resultType="DataDrivenDataRow" />
        <UnitTestResult executionId="f14f5e04-eb4e-45b7-820b-aeeaf2135854" parentExecutionId="e33c44d1-571e-4456-abd9-e21b02fc052b" testId="783915fe-114a-e353-78dd-56e92a60f942" testName="all_persons_modal_should" computerName="ARPAN-LAP" duration="00:00:00.0257858" startTime="2014-06-29T12:36:10.3881418+05:30" endTime="2014-06-29T12:36:10.4141433+05:30" testType="13cdc9d9-ddb5-4fa4-a97d-d965ccfc6d4b" outcome="Passed" testListId="8c84fa94-04c1-424b-9868-57a2d4851a1d" relativeResultsDirectory="e33c44d1-571e-4456-abd9-e21b02fc052b" dataRowInfo="13" resultType="DataDrivenDataRow" />
        <UnitTestResult executionId="7e10f855-6fa7-4743-8d3f-f723bfc76f56" parentExecutionId="e33c44d1-571e-4456-abd9-e21b02fc052b" testId="783915fe-114a-e353-78dd-56e92a60f942" testName="all_persons_modal_should" computerName="ARPAN-LAP" duration="00:00:00.0263540" startTime="2014-06-29T12:36:10.4141433+05:30" endTime="2014-06-29T12:36:10.4401447+05:30" testType="13cdc9d9-ddb5-4fa4-a97d-d965ccfc6d4b" outcome="Passed" testListId="8c84fa94-04c1-424b-9868-57a2d4851a1d" relativeResultsDirectory="e33c44d1-571e-4456-abd9-e21b02fc052b" dataRowInfo="14" resultType="DataDrivenDataRow" />
        <UnitTestResult executionId="599b4b9b-74b7-4fd7-81a6-115922908aaf" parentExecutionId="e33c44d1-571e-4456-abd9-e21b02fc052b" testId="783915fe-114a-e353-78dd-56e92a60f942" testName="all_persons_modal_should" computerName="ARPAN-LAP" duration="00:00:00.0233811" startTime="2014-06-29T12:36:10.4401447+05:30" endTime="2014-06-29T12:36:10.4641461+05:30" testType="13cdc9d9-ddb5-4fa4-a97d-d965ccfc6d4b" outcome="Passed" testListId="8c84fa94-04c1-424b-9868-57a2d4851a1d" relativeResultsDirectory="e33c44d1-571e-4456-abd9-e21b02fc052b" dataRowInfo="15" resultType="DataDrivenDataRow" />
        <UnitTestResult executionId="1f54bdde-9aeb-4419-8c2a-b31cd45589e8" parentExecutionId="e33c44d1-571e-4456-abd9-e21b02fc052b" testId="783915fe-114a-e353-78dd-56e92a60f942" testName="all_persons_modal_should" computerName="ARPAN-LAP" duration="00:00:00.0284461" startTime="2014-06-29T12:36:10.4641461+05:30" endTime="2014-06-29T12:36:10.4921477+05:30" testType="13cdc9d9-ddb5-4fa4-a97d-d965ccfc6d4b" outcome="Passed" testListId="8c84fa94-04c1-424b-9868-57a2d4851a1d" relativeResultsDirectory="e33c44d1-571e-4456-abd9-e21b02fc052b" dataRowInfo="16" resultType="DataDrivenDataRow" />
      </InnerResults>
    </UnitTestResult>
    <UnitTestResult executionId="8e4e576a-b7f3-4831-86f3-7d1ce69bbd74" testId="7f7910d1-dc89-39b4-b4cf-d9e6d7af9420" testName="interrogative_sentences_what" computerName="ARPAN-LAP" duration="00:00:00.2133798" startTime="2014-06-29T12:36:10.5671520+05:30" endTime="2014-06-29T12:36:10.8221666+05:30" testType="13cdc9d9-ddb5-4fa4-a97d-d965ccfc6d4b" outcome="Passed" testListId="8c84fa94-04c1-424b-9868-57a2d4851a1d" relativeResultsDirectory="8e4e576a-b7f3-4831-86f3-7d1ce69bbd74" resultType="DataDrivenTest">
      <Counters error="0" failed="0" timeout="0" aborted="0" inconclusive="0" passedButRunAborted="0" notRunnable="0" notExecuted="0" disconnected="0" warning="0" passed="9" completed="0" inProgress="0" pending="0" />
      <InnerResults>
        <UnitTestResult executionId="3dc954b9-c13f-4790-894c-abef9db38f89" parentExecutionId="8e4e576a-b7f3-4831-86f3-7d1ce69bbd74" testId="7f7910d1-dc89-39b4-b4cf-d9e6d7af9420" testName="interrogative_sentences_what" computerName="ARPAN-LAP" duration="00:00:00.0221287" startTime="2014-06-29T12:36:10.5771526+05:30" endTime="2014-06-29T12:36:10.5991538+05:30" testType="13cdc9d9-ddb5-4fa4-a97d-d965ccfc6d4b" outcome="Passed" testListId="8c84fa94-04c1-424b-9868-57a2d4851a1d" relativeResultsDirectory="8e4e576a-b7f3-4831-86f3-7d1ce69bbd74" dataRowInfo="0" resultType="DataDrivenDataRow" />
        <UnitTestResult executionId="5130a56c-8ed4-4f18-b9c5-5f2344c99536" parentExecutionId="8e4e576a-b7f3-4831-86f3-7d1ce69bbd74" testId="7f7910d1-dc89-39b4-b4cf-d9e6d7af9420" testName="interrogative_sentences_what" computerName="ARPAN-LAP" duration="00:00:00.0215862" startTime="2014-06-29T12:36:10.5991538+05:30" endTime="2014-06-29T12:36:10.6211551+05:30" testType="13cdc9d9-ddb5-4fa4-a97d-d965ccfc6d4b" outcome="Passed" testListId="8c84fa94-04c1-424b-9868-57a2d4851a1d" relativeResultsDirectory="8e4e576a-b7f3-4831-86f3-7d1ce69bbd74" dataRowInfo="1" resultType="DataDrivenDataRow" />
        <UnitTestResult executionId="e8c9b87c-cce0-49a6-a2ad-7be07074cc23" parentExecutionId="8e4e576a-b7f3-4831-86f3-7d1ce69bbd74" testId="7f7910d1-dc89-39b4-b4cf-d9e6d7af9420" testName="interrogative_sentences_what" computerName="ARPAN-LAP" duration="00:00:00.0252689" startTime="2014-06-29T12:36:10.6211551+05:30" endTime="2014-06-29T12:36:10.6461565+05:30" testType="13cdc9d9-ddb5-4fa4-a97d-d965ccfc6d4b" outcome="Passed" testListId="8c84fa94-04c1-424b-9868-57a2d4851a1d" relativeResultsDirectory="8e4e576a-b7f3-4831-86f3-7d1ce69bbd74" dataRowInfo="2" resultType="DataDrivenDataRow" />
        <UnitTestResult executionId="d2e72541-2281-4d4a-b9f2-09c841ce8324" parentExecutionId="8e4e576a-b7f3-4831-86f3-7d1ce69bbd74" testId="7f7910d1-dc89-39b4-b4cf-d9e6d7af9420" testName="interrogative_sentences_what" computerName="ARPAN-LAP" duration="00:00:00.0213295" startTime="2014-06-29T12:36:10.6461565+05:30" endTime="2014-06-29T12:36:10.6671577+05:30" testType="13cdc9d9-ddb5-4fa4-a97d-d965ccfc6d4b" outcome="Passed" testListId="8c84fa94-04c1-424b-9868-57a2d4851a1d" relativeResultsDirectory="8e4e576a-b7f3-4831-86f3-7d1ce69bbd74" dataRowInfo="3" resultType="DataDrivenDataRow" />
        <UnitTestResult executionId="d5ba57fb-e35c-4e52-9fdb-b5b8a652a80c" parentExecutionId="8e4e576a-b7f3-4831-86f3-7d1ce69bbd74" testId="7f7910d1-dc89-39b4-b4cf-d9e6d7af9420" testName="interrogative_sentences_what" computerName="ARPAN-LAP" duration="00:00:00.0203882" startTime="2014-06-29T12:36:10.6671577+05:30" endTime="2014-06-29T12:36:10.6881589+05:30" testType="13cdc9d9-ddb5-4fa4-a97d-d965ccfc6d4b" outcome="Passed" testListId="8c84fa94-04c1-424b-9868-57a2d4851a1d" relativeResultsDirectory="8e4e576a-b7f3-4831-86f3-7d1ce69bbd74" dataRowInfo="4" resultType="DataDrivenDataRow" />
        <UnitTestResult executionId="13fe3468-fb3d-42ba-a48b-793908c6f533" parentExecutionId="8e4e576a-b7f3-4831-86f3-7d1ce69bbd74" testId="7f7910d1-dc89-39b4-b4cf-d9e6d7af9420" testName="interrogative_sentences_what" computerName="ARPAN-LAP" duration="00:00:00.0273369" startTime="2014-06-29T12:36:10.6881589+05:30" endTime="2014-06-29T12:36:10.7151605+05:30" testType="13cdc9d9-ddb5-4fa4-a97d-d965ccfc6d4b" outcome="Passed" testListId="8c84fa94-04c1-424b-9868-57a2d4851a1d" relativeResultsDirectory="8e4e576a-b7f3-4831-86f3-7d1ce69bbd74" dataRowInfo="5" resultType="DataDrivenDataRow" />
        <UnitTestResult executionId="f88a77f8-b7ee-437e-8d1e-b675e8689e95" parentExecutionId="8e4e576a-b7f3-4831-86f3-7d1ce69bbd74" testId="7f7910d1-dc89-39b4-b4cf-d9e6d7af9420" testName="interrogative_sentences_what" computerName="ARPAN-LAP" duration="00:00:00.0229417" startTime="2014-06-29T12:36:10.7151605+05:30" endTime="2014-06-29T12:36:10.7381618+05:30" testType="13cdc9d9-ddb5-4fa4-a97d-d965ccfc6d4b" outcome="Passed" testListId="8c84fa94-04c1-424b-9868-57a2d4851a1d" relativeResultsDirectory="8e4e576a-b7f3-4831-86f3-7d1ce69bbd74" dataRowInfo="6" resultType="DataDrivenDataRow" />
        <UnitTestResult executionId="e2ed6e45-34e8-4daf-bfa5-88490c8d546b" parentExecutionId="8e4e576a-b7f3-4831-86f3-7d1ce69bbd74" testId="7f7910d1-dc89-39b4-b4cf-d9e6d7af9420" testName="interrogative_sentences_what" computerName="ARPAN-LAP" duration="00:00:00.0231912" startTime="2014-06-29T12:36:10.7381618+05:30" endTime="2014-06-29T12:36:10.7611631+05:30" testType="13cdc9d9-ddb5-4fa4-a97d-d965ccfc6d4b" outcome="Passed" testListId="8c84fa94-04c1-424b-9868-57a2d4851a1d" relativeResultsDirectory="8e4e576a-b7f3-4831-86f3-7d1ce69bbd74" dataRowInfo="7" resultType="DataDrivenDataRow" />
        <UnitTestResult executionId="ee769527-5155-46ce-b591-a2ffb94d471a" parentExecutionId="8e4e576a-b7f3-4831-86f3-7d1ce69bbd74" testId="7f7910d1-dc89-39b4-b4cf-d9e6d7af9420" testName="interrogative_sentences_what" computerName="ARPAN-LAP" duration="00:00:00.0264900" startTime="2014-06-29T12:36:10.7611631+05:30" endTime="2014-06-29T12:36:10.7881646+05:30" testType="13cdc9d9-ddb5-4fa4-a97d-d965ccfc6d4b" outcome="Passed" testListId="8c84fa94-04c1-424b-9868-57a2d4851a1d" relativeResultsDirectory="8e4e576a-b7f3-4831-86f3-7d1ce69bbd74" dataRowInfo="8" resultType="DataDrivenDataRow" />
      </InnerResults>
    </UnitTestResult>
    <UnitTestResult executionId="09a45eee-1815-45a8-808c-2ef087a7779a" testId="83c68223-dcaa-51dd-423f-434210a59f77" testName="second_person_tenses_active_negation" computerName="ARPAN-LAP" duration="00:00:00.2375411" startTime="2014-06-29T12:36:10.8351673+05:30" endTime="2014-06-29T12:36:11.1151834+05:30" testType="13cdc9d9-ddb5-4fa4-a97d-d965ccfc6d4b" outcome="Passed" testListId="8c84fa94-04c1-424b-9868-57a2d4851a1d" relativeResultsDirectory="09a45eee-1815-45a8-808c-2ef087a7779a" resultType="DataDrivenTest">
      <Counters error="0" failed="0" timeout="0" aborted="0" inconclusive="0" passedButRunAborted="0" notRunnable="0" notExecuted="0" disconnected="0" warning="0" passed="10" completed="0" inProgress="0" pending="0" />
      <InnerResults>
        <UnitTestResult executionId="945c97aa-77dd-4e81-b5a7-891777d3e5db" parentExecutionId="09a45eee-1815-45a8-808c-2ef087a7779a" testId="83c68223-dcaa-51dd-423f-434210a59f77" testName="second_person_tenses_active_negation" computerName="ARPAN-LAP" duration="00:00:00.0287155" startTime="2014-06-29T12:36:10.8491681+05:30" endTime="2014-06-29T12:36:10.8781698+05:30" testType="13cdc9d9-ddb5-4fa4-a97d-d965ccfc6d4b" outcome="Passed" testListId="8c84fa94-04c1-424b-9868-57a2d4851a1d" relativeResultsDirectory="09a45eee-1815-45a8-808c-2ef087a7779a" dataRowInfo="0" resultType="DataDrivenDataRow" />
        <UnitTestResult executionId="8a8b7123-bb47-47d8-bc66-fdc7435431aa" parentExecutionId="09a45eee-1815-45a8-808c-2ef087a7779a" testId="83c68223-dcaa-51dd-423f-434210a59f77" testName="second_person_tenses_active_negation" computerName="ARPAN-LAP" duration="00:00:00.0232245" startTime="2014-06-29T12:36:10.8781698+05:30" endTime="2014-06-29T12:36:10.9011711+05:30" testType="13cdc9d9-ddb5-4fa4-a97d-d965ccfc6d4b" outcome="Passed" testListId="8c84fa94-04c1-424b-9868-57a2d4851a1d" relativeResultsDirectory="09a45eee-1815-45a8-808c-2ef087a7779a" dataRowInfo="1" resultType="DataDrivenDataRow" />
        <UnitTestResult executionId="ce3a6bfc-7992-4aea-8ba8-919815d5c565" parentExecutionId="09a45eee-1815-45a8-808c-2ef087a7779a" testId="83c68223-dcaa-51dd-423f-434210a59f77" testName="second_person_tenses_active_negation" computerName="ARPAN-LAP" duration="00:00:00.0212838" startTime="2014-06-29T12:36:10.9011711+05:30" endTime="2014-06-29T12:36:10.9231724+05:30" testType="13cdc9d9-ddb5-4fa4-a97d-d965ccfc6d4b" outcome="Passed" testListId="8c84fa94-04c1-424b-9868-57a2d4851a1d" relativeResultsDirectory="09a45eee-1815-45a8-808c-2ef087a7779a" dataRowInfo="2" resultType="DataDrivenDataRow" />
        <UnitTestResult executionId="a4259900-e69f-447d-9c46-2efebe7182d5" parentExecutionId="09a45eee-1815-45a8-808c-2ef087a7779a" testId="83c68223-dcaa-51dd-423f-434210a59f77" testName="second_person_tenses_active_negation" computerName="ARPAN-LAP" duration="00:00:00.0282130" startTime="2014-06-29T12:36:10.9231724+05:30" endTime="2014-06-29T12:36:10.9511740+05:30" testType="13cdc9d9-ddb5-4fa4-a97d-d965ccfc6d4b" outcome="Passed" testListId="8c84fa94-04c1-424b-9868-57a2d4851a1d" relativeResultsDirectory="09a45eee-1815-45a8-808c-2ef087a7779a" dataRowInfo="3" resultType="DataDrivenDataRow" />
        <UnitTestResult executionId="5b60ed48-651f-44e6-9d97-9e2807860a86" parentExecutionId="09a45eee-1815-45a8-808c-2ef087a7779a" testId="83c68223-dcaa-51dd-423f-434210a59f77" testName="second_person_tenses_active_negation" computerName="ARPAN-LAP" duration="00:00:00.0192923" startTime="2014-06-29T12:36:10.9511740+05:30" endTime="2014-06-29T12:36:10.9701751+05:30" testType="13cdc9d9-ddb5-4fa4-a97d-d965ccfc6d4b" outcome="Passed" testListId="8c84fa94-04c1-424b-9868-57a2d4851a1d" relativeResultsDirectory="09a45eee-1815-45a8-808c-2ef087a7779a" dataRowInfo="4" resultType="DataDrivenDataRow" />
        <UnitTestResult executionId="51b657f5-9226-4dc5-b03e-51d088944467" parentExecutionId="09a45eee-1815-45a8-808c-2ef087a7779a" testId="83c68223-dcaa-51dd-423f-434210a59f77" testName="second_person_tenses_active_negation" computerName="ARPAN-LAP" duration="00:00:00.0201264" startTime="2014-06-29T12:36:10.9701751+05:30" endTime="2014-06-29T12:36:10.9901762+05:30" testType="13cdc9d9-ddb5-4fa4-a97d-d965ccfc6d4b" outcome="Passed" testListId="8c84fa94-04c1-424b-9868-57a2d4851a1d" relativeResultsDirectory="09a45eee-1815-45a8-808c-2ef087a7779a" dataRowInfo="5" resultType="DataDrivenDataRow" />
        <UnitTestResult executionId="6e6a5fbf-1f60-438b-87f8-6aafb42a23b1" parentExecutionId="09a45eee-1815-45a8-808c-2ef087a7779a" testId="83c68223-dcaa-51dd-423f-434210a59f77" testName="second_person_tenses_active_negation" computerName="ARPAN-LAP" duration="00:00:00.0216467" startTime="2014-06-29T12:36:10.9901762+05:30" endTime="2014-06-29T12:36:11.0121775+05:30" testType="13cdc9d9-ddb5-4fa4-a97d-d965ccfc6d4b" outcome="Passed" testListId="8c84fa94-04c1-424b-9868-57a2d4851a1d" relativeResultsDirectory="09a45eee-1815-45a8-808c-2ef087a7779a" dataRowInfo="6" resultType="DataDrivenDataRow" />
        <UnitTestResult executionId="1c87a91a-c0a3-48f0-b2c3-33e34d2c2477" parentExecutionId="09a45eee-1815-45a8-808c-2ef087a7779a" testId="83c68223-dcaa-51dd-423f-434210a59f77" testName="second_person_tenses_active_negation" computerName="ARPAN-LAP" duration="00:00:00.0260085" startTime="2014-06-29T12:36:11.0121775+05:30" endTime="2014-06-29T12:36:11.0381789+05:30" testType="13cdc9d9-ddb5-4fa4-a97d-d965ccfc6d4b" outcome="Passed" testListId="8c84fa94-04c1-424b-9868-57a2d4851a1d" relativeResultsDirectory="09a45eee-1815-45a8-808c-2ef087a7779a" dataRowInfo="7" resultType="DataDrivenDataRow" />
        <UnitTestResult executionId="e22be073-e626-4214-89b8-1460517180ce" parentExecutionId="09a45eee-1815-45a8-808c-2ef087a7779a" testId="83c68223-dcaa-51dd-423f-434210a59f77" testName="second_person_tenses_active_negation" computerName="ARPAN-LAP" duration="00:00:00.0196480" startTime="2014-06-29T12:36:11.0381789+05:30" endTime="2014-06-29T12:36:11.0581801+05:30" testType="13cdc9d9-ddb5-4fa4-a97d-d965ccfc6d4b" outcome="Passed" testListId="8c84fa94-04c1-424b-9868-57a2d4851a1d" relativeResultsDirectory="09a45eee-1815-45a8-808c-2ef087a7779a" dataRowInfo="8" resultType="DataDrivenDataRow" />
        <UnitTestResult executionId="c874864a-664e-4489-8835-cccc3ce2e91b" parentExecutionId="09a45eee-1815-45a8-808c-2ef087a7779a" testId="83c68223-dcaa-51dd-423f-434210a59f77" testName="second_person_tenses_active_negation" computerName="ARPAN-LAP" duration="00:00:00.0265341" startTime="2014-06-29T12:36:11.0581801+05:30" endTime="2014-06-29T12:36:11.0841816+05:30" testType="13cdc9d9-ddb5-4fa4-a97d-d965ccfc6d4b" outcome="Passed" testListId="8c84fa94-04c1-424b-9868-57a2d4851a1d" relativeResultsDirectory="09a45eee-1815-45a8-808c-2ef087a7779a" dataRowInfo="9" resultType="DataDrivenDataRow" />
      </InnerResults>
    </UnitTestResult>
    <UnitTestResult executionId="f81d3953-fbfc-42cd-8afb-b8a211bbfa52" testId="8fe5ccb3-a3f4-0f61-ad21-e94ef029e900" testName="all_persons_modal_can_may" computerName="ARPAN-LAP" duration="00:00:00.7059977" startTime="2014-06-29T12:36:11.1211837+05:30" endTime="2014-06-29T12:36:11.9162292+05:30" testType="13cdc9d9-ddb5-4fa4-a97d-d965ccfc6d4b" outcome="Passed" testListId="8c84fa94-04c1-424b-9868-57a2d4851a1d" relativeResultsDirectory="f81d3953-fbfc-42cd-8afb-b8a211bbfa52" resultType="DataDrivenTest">
      <Counters error="0" failed="0" timeout="0" aborted="0" inconclusive="0" passedButRunAborted="0" notRunnable="0" notExecuted="0" disconnected="0" warning="0" passed="29" completed="0" inProgress="0" pending="0" />
      <InnerResults>
        <UnitTestResult executionId="5b7deb4b-14fe-4c73-b301-5bbf9fdc87ad" parentExecutionId="f81d3953-fbfc-42cd-8afb-b8a211bbfa52" testId="8fe5ccb3-a3f4-0f61-ad21-e94ef029e900" testName="all_persons_modal_can_may" computerName="ARPAN-LAP" duration="00:00:00.0313229" startTime="2014-06-29T12:36:11.1291842+05:30" endTime="2014-06-29T12:36:11.1601859+05:30" testType="13cdc9d9-ddb5-4fa4-a97d-d965ccfc6d4b" outcome="Passed" testListId="8c84fa94-04c1-424b-9868-57a2d4851a1d" relativeResultsDirectory="f81d3953-fbfc-42cd-8afb-b8a211bbfa52" dataRowInfo="0" resultType="DataDrivenDataRow" />
        <UnitTestResult executionId="dd0ee7b7-160c-4555-8ce8-aca8a85b17ce" parentExecutionId="f81d3953-fbfc-42cd-8afb-b8a211bbfa52" testId="8fe5ccb3-a3f4-0f61-ad21-e94ef029e900" testName="all_persons_modal_can_may" computerName="ARPAN-LAP" duration="00:00:00.0287761" startTime="2014-06-29T12:36:11.1601859+05:30" endTime="2014-06-29T12:36:11.1891876+05:30" testType="13cdc9d9-ddb5-4fa4-a97d-d965ccfc6d4b" outcome="Passed" testListId="8c84fa94-04c1-424b-9868-57a2d4851a1d" relativeResultsDirectory="f81d3953-fbfc-42cd-8afb-b8a211bbfa52" dataRowInfo="1" resultType="DataDrivenDataRow" />
        <UnitTestResult executionId="5537cea1-dec1-4996-83c4-01a0ffce594d" parentExecutionId="f81d3953-fbfc-42cd-8afb-b8a211bbfa52" testId="8fe5ccb3-a3f4-0f61-ad21-e94ef029e900" testName="all_persons_modal_can_may" computerName="ARPAN-LAP" duration="00:00:00.0322545" startTime="2014-06-29T12:36:11.1891876+05:30" endTime="2014-06-29T12:36:11.2221895+05:30" testType="13cdc9d9-ddb5-4fa4-a97d-d965ccfc6d4b" outcome="Passed" testListId="8c84fa94-04c1-424b-9868-57a2d4851a1d" relativeResultsDirectory="f81d3953-fbfc-42cd-8afb-b8a211bbfa52" dataRowInfo="2" resultType="DataDrivenDataRow" />
        <UnitTestResult executionId="6dc5cfb0-2948-4784-a5cc-456fa94a02f3" parentExecutionId="f81d3953-fbfc-42cd-8afb-b8a211bbfa52" testId="8fe5ccb3-a3f4-0f61-ad21-e94ef029e900" testName="all_persons_modal_can_may" computerName="ARPAN-LAP" duration="00:00:00.0275335" startTime="2014-06-29T12:36:11.2221895+05:30" endTime="2014-06-29T12:36:11.2491910+05:30" testType="13cdc9d9-ddb5-4fa4-a97d-d965ccfc6d4b" outcome="Passed" testListId="8c84fa94-04c1-424b-9868-57a2d4851a1d" relativeResultsDirectory="f81d3953-fbfc-42cd-8afb-b8a211bbfa52" dataRowInfo="3" resultType="DataDrivenDataRow" />
        <UnitTestResult executionId="2ae6cc9d-7a69-41a3-b4a3-1415608e2ad1" parentExecutionId="f81d3953-fbfc-42cd-8afb-b8a211bbfa52" testId="8fe5ccb3-a3f4-0f61-ad21-e94ef029e900" testName="all_persons_modal_can_may" computerName="ARPAN-LAP" duration="00:00:00.0268801" startTime="2014-06-29T12:36:11.2491910+05:30" endTime="2014-06-29T12:36:11.2761926+05:30" testType="13cdc9d9-ddb5-4fa4-a97d-d965ccfc6d4b" outcome="Passed" testListId="8c84fa94-04c1-424b-9868-57a2d4851a1d" relativeResultsDirectory="f81d3953-fbfc-42cd-8afb-b8a211bbfa52" dataRowInfo="4" resultType="DataDrivenDataRow" />
        <UnitTestResult executionId="8d656000-bc1c-4ffd-86bb-17dc6ab7b349" parentExecutionId="f81d3953-fbfc-42cd-8afb-b8a211bbfa52" testId="8fe5ccb3-a3f4-0f61-ad21-e94ef029e900" testName="all_persons_modal_can_may" computerName="ARPAN-LAP" duration="00:00:00.0252802" startTime="2014-06-29T12:36:11.2761926+05:30" endTime="2014-06-29T12:36:11.3011940+05:30" testType="13cdc9d9-ddb5-4fa4-a97d-d965ccfc6d4b" outcome="Passed" testListId="8c84fa94-04c1-424b-9868-57a2d4851a1d" relativeResultsDirectory="f81d3953-fbfc-42cd-8afb-b8a211bbfa52" dataRowInfo="5" resultType="DataDrivenDataRow" />
        <UnitTestResult executionId="492bec1f-783d-4d8b-bcda-a35ede42f6f4" parentExecutionId="f81d3953-fbfc-42cd-8afb-b8a211bbfa52" testId="8fe5ccb3-a3f4-0f61-ad21-e94ef029e900" testName="all_persons_modal_can_may" computerName="ARPAN-LAP" duration="00:00:00.0311115" startTime="2014-06-29T12:36:11.3011940+05:30" endTime="2014-06-29T12:36:11.3331958+05:30" testType="13cdc9d9-ddb5-4fa4-a97d-d965ccfc6d4b" outcome="Passed" testListId="8c84fa94-04c1-424b-9868-57a2d4851a1d" relativeResultsDirectory="f81d3953-fbfc-42cd-8afb-b8a211bbfa52" dataRowInfo="6" resultType="DataDrivenDataRow" />
        <UnitTestResult executionId="d43292c1-38ce-431b-ba8b-dc50b3cb8a8b" parentExecutionId="f81d3953-fbfc-42cd-8afb-b8a211bbfa52" testId="8fe5ccb3-a3f4-0f61-ad21-e94ef029e900" testName="all_persons_modal_can_may" computerName="ARPAN-LAP" duration="00:00:00.0335444" startTime="2014-06-29T12:36:11.3331958+05:30" endTime="2014-06-29T12:36:11.3661977+05:30" testType="13cdc9d9-ddb5-4fa4-a97d-d965ccfc6d4b" outcome="Passed" testListId="8c84fa94-04c1-424b-9868-57a2d4851a1d" relativeResultsDirectory="f81d3953-fbfc-42cd-8afb-b8a211bbfa52" dataRowInfo="7" resultType="DataDrivenDataRow" />
        <UnitTestResult executionId="d4a39320-3f18-4fe2-a75b-cd65090f3f18" parentExecutionId="f81d3953-fbfc-42cd-8afb-b8a211bbfa52" testId="8fe5ccb3-a3f4-0f61-ad21-e94ef029e900" testName="all_persons_modal_can_may" computerName="ARPAN-LAP" duration="00:00:00.0185866" startTime="2014-06-29T12:36:11.3661977+05:30" endTime="2014-06-29T12:36:11.3851988+05:30" testType="13cdc9d9-ddb5-4fa4-a97d-d965ccfc6d4b" outcome="Passed" testListId="8c84fa94-04c1-424b-9868-57a2d4851a1d" relativeResultsDirectory="f81d3953-fbfc-42cd-8afb-b8a211bbfa52" dataRowInfo="8" resultType="DataDrivenDataRow" />
        <UnitTestResult executionId="385d36b4-117d-45b1-a6a9-53036d883168" parentExecutionId="f81d3953-fbfc-42cd-8afb-b8a211bbfa52" testId="8fe5ccb3-a3f4-0f61-ad21-e94ef029e900" testName="all_persons_modal_can_may" computerName="ARPAN-LAP" duration="00:00:00.0186343" startTime="2014-06-29T12:36:11.3851988+05:30" endTime="2014-06-29T12:36:11.4031998+05:30" testType="13cdc9d9-ddb5-4fa4-a97d-d965ccfc6d4b" outcome="Passed" testListId="8c84fa94-04c1-424b-9868-57a2d4851a1d" relativeResultsDirectory="f81d3953-fbfc-42cd-8afb-b8a211bbfa52" dataRowInfo="9" resultType="DataDrivenDataRow" />
        <UnitTestResult executionId="11d0f1fb-e54b-4957-9f3b-3a2d4d1affba" parentExecutionId="f81d3953-fbfc-42cd-8afb-b8a211bbfa52" testId="8fe5ccb3-a3f4-0f61-ad21-e94ef029e900" testName="all_persons_modal_can_may" computerName="ARPAN-LAP" duration="00:00:00.0181051" startTime="2014-06-29T12:36:11.4041999+05:30" endTime="2014-06-29T12:36:11.4222009+05:30" testType="13cdc9d9-ddb5-4fa4-a97d-d965ccfc6d4b" outcome="Passed" testListId="8c84fa94-04c1-424b-9868-57a2d4851a1d" relativeResultsDirectory="f81d3953-fbfc-42cd-8afb-b8a211bbfa52" dataRowInfo="10" resultType="DataDrivenDataRow" />
        <UnitTestResult executionId="6ed99d8a-dc7d-416a-a948-ee75e896ec1f" parentExecutionId="f81d3953-fbfc-42cd-8afb-b8a211bbfa52" testId="8fe5ccb3-a3f4-0f61-ad21-e94ef029e900" testName="all_persons_modal_can_may" computerName="ARPAN-LAP" duration="00:00:00.0207659" startTime="2014-06-29T12:36:11.4222009+05:30" endTime="2014-06-29T12:36:11.4422021+05:30" testType="13cdc9d9-ddb5-4fa4-a97d-d965ccfc6d4b" outcome="Passed" testListId="8c84fa94-04c1-424b-9868-57a2d4851a1d" relativeResultsDirectory="f81d3953-fbfc-42cd-8afb-b8a211bbfa52" dataRowInfo="11" resultType="DataDrivenDataRow" />
        <UnitTestResult executionId="a56c0b12-a427-4c50-9201-e89ef70211c2" parentExecutionId="f81d3953-fbfc-42cd-8afb-b8a211bbfa52" testId="8fe5ccb3-a3f4-0f61-ad21-e94ef029e900" testName="all_persons_modal_can_may" computerName="ARPAN-LAP" duration="00:00:00.0230865" startTime="2014-06-29T12:36:11.4422021+05:30" endTime="2014-06-29T12:36:11.4662034+05:30" testType="13cdc9d9-ddb5-4fa4-a97d-d965ccfc6d4b" outcome="Passed" testListId="8c84fa94-04c1-424b-9868-57a2d4851a1d" relativeResultsDirectory="f81d3953-fbfc-42cd-8afb-b8a211bbfa52" dataRowInfo="12" resultType="DataDrivenDataRow" />
        <UnitTestResult executionId="18c8380f-2c28-475f-b35d-7835dadcdc05" parentExecutionId="f81d3953-fbfc-42cd-8afb-b8a211bbfa52" testId="8fe5ccb3-a3f4-0f61-ad21-e94ef029e900" testName="all_persons_modal_can_may" computerName="ARPAN-LAP" duration="00:00:00.0230454" startTime="2014-06-29T12:36:11.4662034+05:30" endTime="2014-06-29T12:36:11.4892047+05:30" testType="13cdc9d9-ddb5-4fa4-a97d-d965ccfc6d4b" outcome="Passed" testListId="8c84fa94-04c1-424b-9868-57a2d4851a1d" relativeResultsDirectory="f81d3953-fbfc-42cd-8afb-b8a211bbfa52" dataRowInfo="13" resultType="DataDrivenDataRow" />
        <UnitTestResult executionId="5b887cce-6daf-4776-9877-86fe2dae911d" parentExecutionId="f81d3953-fbfc-42cd-8afb-b8a211bbfa52" testId="8fe5ccb3-a3f4-0f61-ad21-e94ef029e900" testName="all_persons_modal_can_may" computerName="ARPAN-LAP" duration="00:00:00.0247053" startTime="2014-06-29T12:36:11.4892047+05:30" endTime="2014-06-29T12:36:11.5132061+05:30" testType="13cdc9d9-ddb5-4fa4-a97d-d965ccfc6d4b" outcome="Passed" testListId="8c84fa94-04c1-424b-9868-57a2d4851a1d" relativeResultsDirectory="f81d3953-fbfc-42cd-8afb-b8a211bbfa52" dataRowInfo="14" resultType="DataDrivenDataRow" />
        <UnitTestResult executionId="5c41f91c-6c3e-4977-8895-89d7cd1917db" parentExecutionId="f81d3953-fbfc-42cd-8afb-b8a211bbfa52" testId="8fe5ccb3-a3f4-0f61-ad21-e94ef029e900" testName="all_persons_modal_can_may" computerName="ARPAN-LAP" duration="00:00:00.0236480" startTime="2014-06-29T12:36:11.5132061+05:30" endTime="2014-06-29T12:36:11.5372075+05:30" testType="13cdc9d9-ddb5-4fa4-a97d-d965ccfc6d4b" outcome="Passed" testListId="8c84fa94-04c1-424b-9868-57a2d4851a1d" relativeResultsDirectory="f81d3953-fbfc-42cd-8afb-b8a211bbfa52" dataRowInfo="15" resultType="DataDrivenDataRow" />
        <UnitTestResult executionId="30eb331f-9c9d-4fc6-999e-14e5c7c9e2f2" parentExecutionId="f81d3953-fbfc-42cd-8afb-b8a211bbfa52" testId="8fe5ccb3-a3f4-0f61-ad21-e94ef029e900" testName="all_persons_modal_can_may" computerName="ARPAN-LAP" duration="00:00:00.0179984" startTime="2014-06-29T12:36:11.5372075+05:30" endTime="2014-06-29T12:36:11.5552085+05:30" testType="13cdc9d9-ddb5-4fa4-a97d-d965ccfc6d4b" outcome="Passed" testListId="8c84fa94-04c1-424b-9868-57a2d4851a1d" relativeResultsDirectory="f81d3953-fbfc-42cd-8afb-b8a211bbfa52" dataRowInfo="16" resultType="DataDrivenDataRow" />
        <UnitTestResult executionId="29489219-24ba-40da-af61-4071b39c31fc" parentExecutionId="f81d3953-fbfc-42cd-8afb-b8a211bbfa52" testId="8fe5ccb3-a3f4-0f61-ad21-e94ef029e900" testName="all_persons_modal_can_may" computerName="ARPAN-LAP" duration="00:00:00.0197209" startTime="2014-06-29T12:36:11.5552085+05:30" endTime="2014-06-29T12:36:11.5752097+05:30" testType="13cdc9d9-ddb5-4fa4-a97d-d965ccfc6d4b" outcome="Passed" testListId="8c84fa94-04c1-424b-9868-57a2d4851a1d" relativeResultsDirectory="f81d3953-fbfc-42cd-8afb-b8a211bbfa52" dataRowInfo="17" resultType="DataDrivenDataRow" />
        <UnitTestResult executionId="acc6006c-5d0c-4562-9ddb-97b999e3b05d" parentExecutionId="f81d3953-fbfc-42cd-8afb-b8a211bbfa52" testId="8fe5ccb3-a3f4-0f61-ad21-e94ef029e900" testName="all_persons_modal_can_may" computerName="ARPAN-LAP" duration="00:00:00.0179460" startTime="2014-06-29T12:36:11.5752097+05:30" endTime="2014-06-29T12:36:11.5932107+05:30" testType="13cdc9d9-ddb5-4fa4-a97d-d965ccfc6d4b" outcome="Passed" testListId="8c84fa94-04c1-424b-9868-57a2d4851a1d" relativeResultsDirectory="f81d3953-fbfc-42cd-8afb-b8a211bbfa52" dataRowInfo="18" resultType="DataDrivenDataRow" />
        <UnitTestResult executionId="04c50cb0-8137-4b19-b7b4-a01c6ec35df1" parentExecutionId="f81d3953-fbfc-42cd-8afb-b8a211bbfa52" testId="8fe5ccb3-a3f4-0f61-ad21-e94ef029e900" testName="all_persons_modal_can_may" computerName="ARPAN-LAP" duration="00:00:00.0193242" startTime="2014-06-29T12:36:11.5932107+05:30" endTime="2014-06-29T12:36:11.6122118+05:30" testType="13cdc9d9-ddb5-4fa4-a97d-d965ccfc6d4b" outcome="Passed" testListId="8c84fa94-04c1-424b-9868-57a2d4851a1d" relativeResultsDirectory="f81d3953-fbfc-42cd-8afb-b8a211bbfa52" dataRowInfo="19" resultType="DataDrivenDataRow" />
        <UnitTestResult executionId="fe99a995-2b3c-4bc2-a1cd-1acffb12c515" parentExecutionId="f81d3953-fbfc-42cd-8afb-b8a211bbfa52" testId="8fe5ccb3-a3f4-0f61-ad21-e94ef029e900" testName="all_persons_modal_can_may" computerName="ARPAN-LAP" duration="00:00:00.0227821" startTime="2014-06-29T12:36:11.6122118+05:30" endTime="2014-06-29T12:36:11.6352131+05:30" testType="13cdc9d9-ddb5-4fa4-a97d-d965ccfc6d4b" outcome="Passed" testListId="8c84fa94-04c1-424b-9868-57a2d4851a1d" relativeResultsDirectory="f81d3953-fbfc-42cd-8afb-b8a211bbfa52" dataRowInfo="20" resultType="DataDrivenDataRow" />
        <UnitTestResult executionId="9df44baa-ef21-4b44-9d9c-cdc5c71f8867" parentExecutionId="f81d3953-fbfc-42cd-8afb-b8a211bbfa52" testId="8fe5ccb3-a3f4-0f61-ad21-e94ef029e900" testName="all_persons_modal_can_may" computerName="ARPAN-LAP" duration="00:00:00.0252622" startTime="2014-06-29T12:36:11.6352131+05:30" endTime="2014-06-29T12:36:11.6602145+05:30" testType="13cdc9d9-ddb5-4fa4-a97d-d965ccfc6d4b" outcome="Passed" testListId="8c84fa94-04c1-424b-9868-57a2d4851a1d" relativeResultsDirectory="f81d3953-fbfc-42cd-8afb-b8a211bbfa52" dataRowInfo="21" resultType="DataDrivenDataRow" />
        <UnitTestResult executionId="6e7fd068-e414-497f-96a7-90b12be43349" parentExecutionId="f81d3953-fbfc-42cd-8afb-b8a211bbfa52" testId="8fe5ccb3-a3f4-0f61-ad21-e94ef029e900" testName="all_persons_modal_can_may" computerName="ARPAN-LAP" duration="00:00:00.0239775" startTime="2014-06-29T12:36:11.6602145+05:30" endTime="2014-06-29T12:36:11.6842159+05:30" testType="13cdc9d9-ddb5-4fa4-a97d-d965ccfc6d4b" outcome="Passed" testListId="8c84fa94-04c1-424b-9868-57a2d4851a1d" relativeResultsDirectory="f81d3953-fbfc-42cd-8afb-b8a211bbfa52" dataRowInfo="22" resultType="DataDrivenDataRow" />
        <UnitTestResult executionId="ad5e4240-2017-4587-ba52-2a64aee0b98d" parentExecutionId="f81d3953-fbfc-42cd-8afb-b8a211bbfa52" testId="8fe5ccb3-a3f4-0f61-ad21-e94ef029e900" testName="all_persons_modal_can_may" computerName="ARPAN-LAP" duration="00:00:00.0221461" startTime="2014-06-29T12:36:11.6852160+05:30" endTime="2014-06-29T12:36:11.7072172+05:30" testType="13cdc9d9-ddb5-4fa4-a97d-d965ccfc6d4b" outcome="Passed" testListId="8c84fa94-04c1-424b-9868-57a2d4851a1d" relativeResultsDirectory="f81d3953-fbfc-42cd-8afb-b8a211bbfa52" dataRowInfo="23" resultType="DataDrivenDataRow" />
        <UnitTestResult executionId="38faad9c-1aed-441b-a90f-c3c5f42f1458" parentExecutionId="f81d3953-fbfc-42cd-8afb-b8a211bbfa52" testId="8fe5ccb3-a3f4-0f61-ad21-e94ef029e900" testName="all_persons_modal_can_may" computerName="ARPAN-LAP" duration="00:00:00.0210585" startTime="2014-06-29T12:36:11.7072172+05:30" endTime="2014-06-29T12:36:11.7282184+05:30" testType="13cdc9d9-ddb5-4fa4-a97d-d965ccfc6d4b" outcome="Passed" testListId="8c84fa94-04c1-424b-9868-57a2d4851a1d" relativeResultsDirectory="f81d3953-fbfc-42cd-8afb-b8a211bbfa52" dataRowInfo="24" resultType="DataDrivenDataRow" />
        <UnitTestResult executionId="743e45f7-3f0f-483f-80d4-533c17e9a2eb" parentExecutionId="f81d3953-fbfc-42cd-8afb-b8a211bbfa52" testId="8fe5ccb3-a3f4-0f61-ad21-e94ef029e900" testName="all_persons_modal_can_may" computerName="ARPAN-LAP" duration="00:00:00.0213259" startTime="2014-06-29T12:36:11.7282184+05:30" endTime="2014-06-29T12:36:11.7492196+05:30" testType="13cdc9d9-ddb5-4fa4-a97d-d965ccfc6d4b" outcome="Passed" testListId="8c84fa94-04c1-424b-9868-57a2d4851a1d" relativeResultsDirectory="f81d3953-fbfc-42cd-8afb-b8a211bbfa52" dataRowInfo="25" resultType="DataDrivenDataRow" />
        <UnitTestResult executionId="f9d1b63c-e77a-4dda-a33f-14a91f0c489a" parentExecutionId="f81d3953-fbfc-42cd-8afb-b8a211bbfa52" testId="8fe5ccb3-a3f4-0f61-ad21-e94ef029e900" testName="all_persons_modal_can_may" computerName="ARPAN-LAP" duration="00:00:00.0230700" startTime="2014-06-29T12:36:11.7492196+05:30" endTime="2014-06-29T12:36:11.7722209+05:30" testType="13cdc9d9-ddb5-4fa4-a97d-d965ccfc6d4b" outcome="Passed" testListId="8c84fa94-04c1-424b-9868-57a2d4851a1d" relativeResultsDirectory="f81d3953-fbfc-42cd-8afb-b8a211bbfa52" dataRowInfo="26" resultType="DataDrivenDataRow" />
        <UnitTestResult executionId="cfc8a6ab-29b0-44b4-920c-1088661126f7" parentExecutionId="f81d3953-fbfc-42cd-8afb-b8a211bbfa52" testId="8fe5ccb3-a3f4-0f61-ad21-e94ef029e900" testName="all_persons_modal_can_may" computerName="ARPAN-LAP" duration="00:00:00.0310714" startTime="2014-06-29T12:36:11.7722209+05:30" endTime="2014-06-29T12:36:11.8032227+05:30" testType="13cdc9d9-ddb5-4fa4-a97d-d965ccfc6d4b" outcome="Passed" testListId="8c84fa94-04c1-424b-9868-57a2d4851a1d" relativeResultsDirectory="f81d3953-fbfc-42cd-8afb-b8a211bbfa52" dataRowInfo="27" resultType="DataDrivenDataRow" />
        <UnitTestResult executionId="23b6606d-d4cb-4b85-8ce0-5b28892c42ff" parentExecutionId="f81d3953-fbfc-42cd-8afb-b8a211bbfa52" testId="8fe5ccb3-a3f4-0f61-ad21-e94ef029e900" testName="all_persons_modal_can_may" computerName="ARPAN-LAP" duration="00:00:00.0295845" startTime="2014-06-29T12:36:11.8032227+05:30" endTime="2014-06-29T12:36:11.8332244+05:30" testType="13cdc9d9-ddb5-4fa4-a97d-d965ccfc6d4b" outcome="Passed" testListId="8c84fa94-04c1-424b-9868-57a2d4851a1d" relativeResultsDirectory="f81d3953-fbfc-42cd-8afb-b8a211bbfa52" dataRowInfo="28" resultType="DataDrivenDataRow" />
      </InnerResults>
    </UnitTestResult>
    <UnitTestResult executionId="a8f74b98-b55d-49c8-ba5e-cb1c0a434804" testId="921e6ab0-d7c2-6005-e523-6fd2d5e1a723" testName="first_person_tenses_active" computerName="ARPAN-LAP" duration="00:00:00.2886570" startTime="2014-06-29T12:36:11.9252297+05:30" endTime="2014-06-29T12:36:12.4602603+05:30" testType="13cdc9d9-ddb5-4fa4-a97d-d965ccfc6d4b" outcome="Passed" testListId="8c84fa94-04c1-424b-9868-57a2d4851a1d" relativeResultsDirectory="a8f74b98-b55d-49c8-ba5e-cb1c0a434804" resultType="DataDrivenTest">
      <Counters error="0" failed="0" timeout="0" aborted="0" inconclusive="0" passedButRunAborted="0" notRunnable="0" notExecuted="0" disconnected="0" warning="0" passed="10" completed="0" inProgress="0" pending="0" />
      <InnerResults>
        <UnitTestResult executionId="848e7ff3-d0fd-4283-99bc-986b3a0b99e3" parentExecutionId="a8f74b98-b55d-49c8-ba5e-cb1c0a434804" testId="921e6ab0-d7c2-6005-e523-6fd2d5e1a723" testName="first_person_tenses_active" computerName="ARPAN-LAP" duration="00:00:00.0317680" startTime="2014-06-29T12:36:12.1442422+05:30" endTime="2014-06-29T12:36:12.1762440+05:30" testType="13cdc9d9-ddb5-4fa4-a97d-d965ccfc6d4b" outcome="Passed" testListId="8c84fa94-04c1-424b-9868-57a2d4851a1d" relativeResultsDirectory="a8f74b98-b55d-49c8-ba5e-cb1c0a434804" dataRowInfo="0" resultType="DataDrivenDataRow" />
        <UnitTestResult executionId="51eff71c-9971-4f7e-bec3-b3e7162149d6" parentExecutionId="a8f74b98-b55d-49c8-ba5e-cb1c0a434804" testId="921e6ab0-d7c2-6005-e523-6fd2d5e1a723" testName="first_person_tenses_active" computerName="ARPAN-LAP" duration="00:00:00.0281776" startTime="2014-06-29T12:36:12.1762440+05:30" endTime="2014-06-29T12:36:12.2042456+05:30" testType="13cdc9d9-ddb5-4fa4-a97d-d965ccfc6d4b" outcome="Passed" testListId="8c84fa94-04c1-424b-9868-57a2d4851a1d" relativeResultsDirectory="a8f74b98-b55d-49c8-ba5e-cb1c0a434804" dataRowInfo="1" resultType="DataDrivenDataRow" />
        <UnitTestResult executionId="bffd6bc5-2888-49dd-9454-22875bcc1750" parentExecutionId="a8f74b98-b55d-49c8-ba5e-cb1c0a434804" testId="921e6ab0-d7c2-6005-e523-6fd2d5e1a723" testName="first_person_tenses_active" computerName="ARPAN-LAP" duration="00:00:00.0319301" startTime="2014-06-29T12:36:12.2052457+05:30" endTime="2014-06-29T12:36:12.2362475+05:30" testType="13cdc9d9-ddb5-4fa4-a97d-d965ccfc6d4b" outcome="Passed" testListId="8c84fa94-04c1-424b-9868-57a2d4851a1d" relativeResultsDirectory="a8f74b98-b55d-49c8-ba5e-cb1c0a434804" dataRowInfo="2" resultType="DataDrivenDataRow" />
        <UnitTestResult executionId="1903ca44-72cf-4c85-97a6-f601b900b397" parentExecutionId="a8f74b98-b55d-49c8-ba5e-cb1c0a434804" testId="921e6ab0-d7c2-6005-e523-6fd2d5e1a723" testName="first_person_tenses_active" computerName="ARPAN-LAP" duration="00:00:00.0354373" startTime="2014-06-29T12:36:12.2362475+05:30" endTime="2014-06-29T12:36:12.2722495+05:30" testType="13cdc9d9-ddb5-4fa4-a97d-d965ccfc6d4b" outcome="Passed" testListId="8c84fa94-04c1-424b-9868-57a2d4851a1d" relativeResultsDirectory="a8f74b98-b55d-49c8-ba5e-cb1c0a434804" dataRowInfo="3" resultType="DataDrivenDataRow" />
        <UnitTestResult executionId="0fe33a88-6f60-4498-b2d4-1b9690bce711" parentExecutionId="a8f74b98-b55d-49c8-ba5e-cb1c0a434804" testId="921e6ab0-d7c2-6005-e523-6fd2d5e1a723" testName="first_person_tenses_active" computerName="ARPAN-LAP" duration="00:00:00.0198164" startTime="2014-06-29T12:36:12.2722495+05:30" endTime="2014-06-29T12:36:12.2922507+05:30" testType="13cdc9d9-ddb5-4fa4-a97d-d965ccfc6d4b" outcome="Passed" testListId="8c84fa94-04c1-424b-9868-57a2d4851a1d" relativeResultsDirectory="a8f74b98-b55d-49c8-ba5e-cb1c0a434804" dataRowInfo="4" resultType="DataDrivenDataRow" />
        <UnitTestResult executionId="d37fef3c-bb1d-4b1c-82c5-eb32ef783d61" parentExecutionId="a8f74b98-b55d-49c8-ba5e-cb1c0a434804" testId="921e6ab0-d7c2-6005-e523-6fd2d5e1a723" testName="first_person_tenses_active" computerName="ARPAN-LAP" duration="00:00:00.0331384" startTime="2014-06-29T12:36:12.2922507+05:30" endTime="2014-06-29T12:36:12.3252526+05:30" testType="13cdc9d9-ddb5-4fa4-a97d-d965ccfc6d4b" outcome="Passed" testListId="8c84fa94-04c1-424b-9868-57a2d4851a1d" relativeResultsDirectory="a8f74b98-b55d-49c8-ba5e-cb1c0a434804" dataRowInfo="5" resultType="DataDrivenDataRow" />
        <UnitTestResult executionId="21e00232-5c82-49ae-949a-dd9e493e92d4" parentExecutionId="a8f74b98-b55d-49c8-ba5e-cb1c0a434804" testId="921e6ab0-d7c2-6005-e523-6fd2d5e1a723" testName="first_person_tenses_active" computerName="ARPAN-LAP" duration="00:00:00.0232348" startTime="2014-06-29T12:36:12.3252526+05:30" endTime="2014-06-29T12:36:12.3482539+05:30" testType="13cdc9d9-ddb5-4fa4-a97d-d965ccfc6d4b" outcome="Passed" testListId="8c84fa94-04c1-424b-9868-57a2d4851a1d" relativeResultsDirectory="a8f74b98-b55d-49c8-ba5e-cb1c0a434804" dataRowInfo="6" resultType="DataDrivenDataRow" />
        <UnitTestResult executionId="654d3a26-6b22-433f-abb2-357babe148ca" parentExecutionId="a8f74b98-b55d-49c8-ba5e-cb1c0a434804" testId="921e6ab0-d7c2-6005-e523-6fd2d5e1a723" testName="first_person_tenses_active" computerName="ARPAN-LAP" duration="00:00:00.0289244" startTime="2014-06-29T12:36:12.3482539+05:30" endTime="2014-06-29T12:36:12.3772555+05:30" testType="13cdc9d9-ddb5-4fa4-a97d-d965ccfc6d4b" outcome="Passed" testListId="8c84fa94-04c1-424b-9868-57a2d4851a1d" relativeResultsDirectory="a8f74b98-b55d-49c8-ba5e-cb1c0a434804" dataRowInfo="7" resultType="DataDrivenDataRow" />
        <UnitTestResult executionId="c194c14a-64b1-4768-86b9-8d2d9bd0ce97" parentExecutionId="a8f74b98-b55d-49c8-ba5e-cb1c0a434804" testId="921e6ab0-d7c2-6005-e523-6fd2d5e1a723" testName="first_person_tenses_active" computerName="ARPAN-LAP" duration="00:00:00.0247176" startTime="2014-06-29T12:36:12.3772555+05:30" endTime="2014-06-29T12:36:12.4022570+05:30" testType="13cdc9d9-ddb5-4fa4-a97d-d965ccfc6d4b" outcome="Passed" testListId="8c84fa94-04c1-424b-9868-57a2d4851a1d" relativeResultsDirectory="a8f74b98-b55d-49c8-ba5e-cb1c0a434804" dataRowInfo="8" resultType="DataDrivenDataRow" />
        <UnitTestResult executionId="277fa36d-fb1f-42b3-9892-cdb472adada9" parentExecutionId="a8f74b98-b55d-49c8-ba5e-cb1c0a434804" testId="921e6ab0-d7c2-6005-e523-6fd2d5e1a723" testName="first_person_tenses_active" computerName="ARPAN-LAP" duration="00:00:00.0266799" startTime="2014-06-29T12:36:12.4022570+05:30" endTime="2014-06-29T12:36:12.4292585+05:30" testType="13cdc9d9-ddb5-4fa4-a97d-d965ccfc6d4b" outcome="Passed" testListId="8c84fa94-04c1-424b-9868-57a2d4851a1d" relativeResultsDirectory="a8f74b98-b55d-49c8-ba5e-cb1c0a434804" dataRowInfo="9" resultType="DataDrivenDataRow" />
      </InnerResults>
    </UnitTestResult>
    <UnitTestResult executionId="b1a05748-45cc-4244-8e13-c0c4f487aba9" testId="9319d01e-de3e-d310-c76e-cae8dce4c924" testName="all_persons_modal_should_negation" computerName="ARPAN-LAP" duration="00:00:00.4917221" startTime="2014-06-29T12:36:12.4612603+05:30" endTime="2014-06-29T12:36:13.0072916+05:30" testType="13cdc9d9-ddb5-4fa4-a97d-d965ccfc6d4b" outcome="Passed" testListId="8c84fa94-04c1-424b-9868-57a2d4851a1d" relativeResultsDirectory="b1a05748-45cc-4244-8e13-c0c4f487aba9" resultType="DataDrivenTest">
      <Counters error="0" failed="0" timeout="0" aborted="0" inconclusive="0" passedButRunAborted="0" notRunnable="0" notExecuted="0" disconnected="0" warning="0" passed="17" completed="0" inProgress="0" pending="0" />
      <InnerResults>
        <UnitTestResult executionId="2e44b3f4-91ed-42a4-aac9-a977f6fbd8f5" parentExecutionId="b1a05748-45cc-4244-8e13-c0c4f487aba9" testId="9319d01e-de3e-d310-c76e-cae8dce4c924" testName="all_persons_modal_should_negation" computerName="ARPAN-LAP" duration="00:00:00.0256816" startTime="2014-06-29T12:36:12.4692608+05:30" endTime="2014-06-29T12:36:12.4952623+05:30" testType="13cdc9d9-ddb5-4fa4-a97d-d965ccfc6d4b" outcome="Passed" testListId="8c84fa94-04c1-424b-9868-57a2d4851a1d" relativeResultsDirectory="b1a05748-45cc-4244-8e13-c0c4f487aba9" dataRowInfo="0" resultType="DataDrivenDataRow" />
        <UnitTestResult executionId="5d31963b-f2b3-45d5-9dec-625cc50314fb" parentExecutionId="b1a05748-45cc-4244-8e13-c0c4f487aba9" testId="9319d01e-de3e-d310-c76e-cae8dce4c924" testName="all_persons_modal_should_negation" computerName="ARPAN-LAP" duration="00:00:00.0305915" startTime="2014-06-29T12:36:12.4952623+05:30" endTime="2014-06-29T12:36:12.5252640+05:30" testType="13cdc9d9-ddb5-4fa4-a97d-d965ccfc6d4b" outcome="Passed" testListId="8c84fa94-04c1-424b-9868-57a2d4851a1d" relativeResultsDirectory="b1a05748-45cc-4244-8e13-c0c4f487aba9" dataRowInfo="1" resultType="DataDrivenDataRow" />
        <UnitTestResult executionId="2d83e182-7c25-4723-adef-9afddb5d5248" parentExecutionId="b1a05748-45cc-4244-8e13-c0c4f487aba9" testId="9319d01e-de3e-d310-c76e-cae8dce4c924" testName="all_persons_modal_should_negation" computerName="ARPAN-LAP" duration="00:00:00.0299479" startTime="2014-06-29T12:36:12.5252640+05:30" endTime="2014-06-29T12:36:12.5552657+05:30" testType="13cdc9d9-ddb5-4fa4-a97d-d965ccfc6d4b" outcome="Passed" testListId="8c84fa94-04c1-424b-9868-57a2d4851a1d" relativeResultsDirectory="b1a05748-45cc-4244-8e13-c0c4f487aba9" dataRowInfo="2" resultType="DataDrivenDataRow" />
        <UnitTestResult executionId="68694c09-9683-442a-a564-cd12614fcb4c" parentExecutionId="b1a05748-45cc-4244-8e13-c0c4f487aba9" testId="9319d01e-de3e-d310-c76e-cae8dce4c924" testName="all_persons_modal_should_negation" computerName="ARPAN-LAP" duration="00:00:00.0335275" startTime="2014-06-29T12:36:12.5552657+05:30" endTime="2014-06-29T12:36:12.5892677+05:30" testType="13cdc9d9-ddb5-4fa4-a97d-d965ccfc6d4b" outcome="Passed" testListId="8c84fa94-04c1-424b-9868-57a2d4851a1d" relativeResultsDirectory="b1a05748-45cc-4244-8e13-c0c4f487aba9" dataRowInfo="3" resultType="DataDrivenDataRow" />
        <UnitTestResult executionId="74893912-bc4a-462a-a0d7-6372b06d0bc2" parentExecutionId="b1a05748-45cc-4244-8e13-c0c4f487aba9" testId="9319d01e-de3e-d310-c76e-cae8dce4c924" testName="all_persons_modal_should_negation" computerName="ARPAN-LAP" duration="00:00:00.0201936" startTime="2014-06-29T12:36:12.5892677+05:30" endTime="2014-06-29T12:36:12.6092688+05:30" testType="13cdc9d9-ddb5-4fa4-a97d-d965ccfc6d4b" outcome="Passed" testListId="8c84fa94-04c1-424b-9868-57a2d4851a1d" relativeResultsDirectory="b1a05748-45cc-4244-8e13-c0c4f487aba9" dataRowInfo="4" resultType="DataDrivenDataRow" />
        <UnitTestResult executionId="a50d587d-7608-4280-8b38-5e3b9d76210b" parentExecutionId="b1a05748-45cc-4244-8e13-c0c4f487aba9" testId="9319d01e-de3e-d310-c76e-cae8dce4c924" testName="all_persons_modal_should_negation" computerName="ARPAN-LAP" duration="00:00:00.0247726" startTime="2014-06-29T12:36:12.6092688+05:30" endTime="2014-06-29T12:36:12.6342702+05:30" testType="13cdc9d9-ddb5-4fa4-a97d-d965ccfc6d4b" outcome="Passed" testListId="8c84fa94-04c1-424b-9868-57a2d4851a1d" relativeResultsDirectory="b1a05748-45cc-4244-8e13-c0c4f487aba9" dataRowInfo="5" resultType="DataDrivenDataRow" />
        <UnitTestResult executionId="e5bd8163-80c5-4676-9a0c-a4b919e8c560" parentExecutionId="b1a05748-45cc-4244-8e13-c0c4f487aba9" testId="9319d01e-de3e-d310-c76e-cae8dce4c924" testName="all_persons_modal_should_negation" computerName="ARPAN-LAP" duration="00:00:00.0276561" startTime="2014-06-29T12:36:12.6342702+05:30" endTime="2014-06-29T12:36:12.6622718+05:30" testType="13cdc9d9-ddb5-4fa4-a97d-d965ccfc6d4b" outcome="Passed" testListId="8c84fa94-04c1-424b-9868-57a2d4851a1d" relativeResultsDirectory="b1a05748-45cc-4244-8e13-c0c4f487aba9" dataRowInfo="6" resultType="DataDrivenDataRow" />
        <UnitTestResult executionId="44d39a33-b421-4bbe-a96a-e5d8edb56c31" parentExecutionId="b1a05748-45cc-4244-8e13-c0c4f487aba9" testId="9319d01e-de3e-d310-c76e-cae8dce4c924" testName="all_persons_modal_should_negation" computerName="ARPAN-LAP" duration="00:00:00.0317366" startTime="2014-06-29T12:36:12.6622718+05:30" endTime="2014-06-29T12:36:12.6932736+05:30" testType="13cdc9d9-ddb5-4fa4-a97d-d965ccfc6d4b" outcome="Passed" testListId="8c84fa94-04c1-424b-9868-57a2d4851a1d" relativeResultsDirectory="b1a05748-45cc-4244-8e13-c0c4f487aba9" dataRowInfo="7" resultType="DataDrivenDataRow" />
        <UnitTestResult executionId="dcefd8ef-babf-476a-a1e1-e5b396141f1c" parentExecutionId="b1a05748-45cc-4244-8e13-c0c4f487aba9" testId="9319d01e-de3e-d310-c76e-cae8dce4c924" testName="all_persons_modal_should_negation" computerName="ARPAN-LAP" duration="00:00:00.0215436" startTime="2014-06-29T12:36:12.6942737+05:30" endTime="2014-06-29T12:36:12.7152749+05:30" testType="13cdc9d9-ddb5-4fa4-a97d-d965ccfc6d4b" outcome="Passed" testListId="8c84fa94-04c1-424b-9868-57a2d4851a1d" relativeResultsDirectory="b1a05748-45cc-4244-8e13-c0c4f487aba9" dataRowInfo="8" resultType="DataDrivenDataRow" />
        <UnitTestResult executionId="f876dc59-bb64-4a1a-9065-f644619b0f09" parentExecutionId="b1a05748-45cc-4244-8e13-c0c4f487aba9" testId="9319d01e-de3e-d310-c76e-cae8dce4c924" testName="all_persons_modal_should_negation" computerName="ARPAN-LAP" duration="00:00:00.0283691" startTime="2014-06-29T12:36:12.7152749+05:30" endTime="2014-06-29T12:36:12.7442765+05:30" testType="13cdc9d9-ddb5-4fa4-a97d-d965ccfc6d4b" outcome="Passed" testListId="8c84fa94-04c1-424b-9868-57a2d4851a1d" relativeResultsDirectory="b1a05748-45cc-4244-8e13-c0c4f487aba9" dataRowInfo="9" resultType="DataDrivenDataRow" />
        <UnitTestResult executionId="8994568c-9c65-44ea-83c1-5c61ab5e56bb" parentExecutionId="b1a05748-45cc-4244-8e13-c0c4f487aba9" testId="9319d01e-de3e-d310-c76e-cae8dce4c924" testName="all_persons_modal_should_negation" computerName="ARPAN-LAP" duration="00:00:00.0342373" startTime="2014-06-29T12:36:12.7442765+05:30" endTime="2014-06-29T12:36:12.7782785+05:30" testType="13cdc9d9-ddb5-4fa4-a97d-d965ccfc6d4b" outcome="Passed" testListId="8c84fa94-04c1-424b-9868-57a2d4851a1d" relativeResultsDirectory="b1a05748-45cc-4244-8e13-c0c4f487aba9" dataRowInfo="10" resultType="DataDrivenDataRow" />
        <UnitTestResult executionId="317324e5-614a-4aa2-bbc9-b686b77867cd" parentExecutionId="b1a05748-45cc-4244-8e13-c0c4f487aba9" testId="9319d01e-de3e-d310-c76e-cae8dce4c924" testName="all_persons_modal_should_negation" computerName="ARPAN-LAP" duration="00:00:00.0379011" startTime="2014-06-29T12:36:12.7782785+05:30" endTime="2014-06-29T12:36:12.8162806+05:30" testType="13cdc9d9-ddb5-4fa4-a97d-d965ccfc6d4b" outcome="Passed" testListId="8c84fa94-04c1-424b-9868-57a2d4851a1d" relativeResultsDirectory="b1a05748-45cc-4244-8e13-c0c4f487aba9" dataRowInfo="11" resultType="DataDrivenDataRow" />
        <UnitTestResult executionId="b28bad1b-22ad-44e0-8539-fc8e83568357" parentExecutionId="b1a05748-45cc-4244-8e13-c0c4f487aba9" testId="9319d01e-de3e-d310-c76e-cae8dce4c924" testName="all_persons_modal_should_negation" computerName="ARPAN-LAP" duration="00:00:00.0281412" startTime="2014-06-29T12:36:12.8162806+05:30" endTime="2014-06-29T12:36:12.8442822+05:30" testType="13cdc9d9-ddb5-4fa4-a97d-d965ccfc6d4b" outcome="Passed" testListId="8c84fa94-04c1-424b-9868-57a2d4851a1d" relativeResultsDirectory="b1a05748-45cc-4244-8e13-c0c4f487aba9" dataRowInfo="12" resultType="DataDrivenDataRow" />
        <UnitTestResult executionId="f2ad61a3-b561-4c2d-9342-b8769fe03a0f" parentExecutionId="b1a05748-45cc-4244-8e13-c0c4f487aba9" testId="9319d01e-de3e-d310-c76e-cae8dce4c924" testName="all_persons_modal_should_negation" computerName="ARPAN-LAP" duration="00:00:00.0278835" startTime="2014-06-29T12:36:12.8442822+05:30" endTime="2014-06-29T12:36:12.8722839+05:30" testType="13cdc9d9-ddb5-4fa4-a97d-d965ccfc6d4b" outcome="Passed" testListId="8c84fa94-04c1-424b-9868-57a2d4851a1d" relativeResultsDirectory="b1a05748-45cc-4244-8e13-c0c4f487aba9" dataRowInfo="13" resultType="DataDrivenDataRow" />
        <UnitTestResult executionId="91b61d7a-3c55-4368-b0a7-f82d2e236f0f" parentExecutionId="b1a05748-45cc-4244-8e13-c0c4f487aba9" testId="9319d01e-de3e-d310-c76e-cae8dce4c924" testName="all_persons_modal_should_negation" computerName="ARPAN-LAP" duration="00:00:00.0289373" startTime="2014-06-29T12:36:12.8722839+05:30" endTime="2014-06-29T12:36:12.9012855+05:30" testType="13cdc9d9-ddb5-4fa4-a97d-d965ccfc6d4b" outcome="Passed" testListId="8c84fa94-04c1-424b-9868-57a2d4851a1d" relativeResultsDirectory="b1a05748-45cc-4244-8e13-c0c4f487aba9" dataRowInfo="14" resultType="DataDrivenDataRow" />
        <UnitTestResult executionId="2246a196-88a0-4aef-9ed1-c9462891643e" parentExecutionId="b1a05748-45cc-4244-8e13-c0c4f487aba9" testId="9319d01e-de3e-d310-c76e-cae8dce4c924" testName="all_persons_modal_should_negation" computerName="ARPAN-LAP" duration="00:00:00.0250338" startTime="2014-06-29T12:36:12.9012855+05:30" endTime="2014-06-29T12:36:12.9262869+05:30" testType="13cdc9d9-ddb5-4fa4-a97d-d965ccfc6d4b" outcome="Passed" testListId="8c84fa94-04c1-424b-9868-57a2d4851a1d" relativeResultsDirectory="b1a05748-45cc-4244-8e13-c0c4f487aba9" dataRowInfo="15" resultType="DataDrivenDataRow" />
        <UnitTestResult executionId="4ec27610-2a58-477b-b583-5074a8f1eb75" parentExecutionId="b1a05748-45cc-4244-8e13-c0c4f487aba9" testId="9319d01e-de3e-d310-c76e-cae8dce4c924" testName="all_persons_modal_should_negation" computerName="ARPAN-LAP" duration="00:00:00.0320682" startTime="2014-06-29T12:36:12.9262869+05:30" endTime="2014-06-29T12:36:12.9582888+05:30" testType="13cdc9d9-ddb5-4fa4-a97d-d965ccfc6d4b" outcome="Passed" testListId="8c84fa94-04c1-424b-9868-57a2d4851a1d" relativeResultsDirectory="b1a05748-45cc-4244-8e13-c0c4f487aba9" dataRowInfo="16" resultType="DataDrivenDataRow" />
      </InnerResults>
    </UnitTestResult>
    <UnitTestResult executionId="fc84dd13-c8d6-4c84-9dce-a454cfa1b628" testId="97a1371f-e8e6-db3e-323e-49ffeef32df1" testName="interrogative_sentences_which" computerName="ARPAN-LAP" duration="00:00:00.0543017" startTime="2014-06-29T12:36:13.0142920+05:30" endTime="2014-06-29T12:36:13.0852960+05:30" testType="13cdc9d9-ddb5-4fa4-a97d-d965ccfc6d4b" outcome="Failed" testListId="8c84fa94-04c1-424b-9868-57a2d4851a1d" relativeResultsDirectory="fc84dd13-c8d6-4c84-9dce-a454cfa1b628" resultType="DataDrivenTest">
      <Counters error="0" failed="2" timeout="0" aborted="0" inconclusive="0" passedButRunAborted="0" notRunnable="0" notExecuted="0" disconnected="0" warning="0" passed="0" completed="0" inProgress="0" pending="0" />
      <InnerResults>
        <UnitTestResult executionId="4e87024e-ce28-4a8c-9ba2-e43a9f6dfed5" parentExecutionId="fc84dd13-c8d6-4c84-9dce-a454cfa1b628" testId="97a1371f-e8e6-db3e-323e-49ffeef32df1" testName="interrogative_sentences_which" computerName="ARPAN-LAP" duration="00:00:00.0240396" startTime="2014-06-29T12:36:13.0232925+05:30" endTime="2014-06-29T12:36:13.0472939+05:30" testType="13cdc9d9-ddb5-4fa4-a97d-d965ccfc6d4b" outcome="Failed" testListId="8c84fa94-04c1-424b-9868-57a2d4851a1d" relativeResultsDirectory="fc84dd13-c8d6-4c84-9dce-a454cfa1b628" dataRowInfo="0" resultType="DataDrivenDataRow">
          <Output>
            <ErrorInfo>
              <Message>Assert.AreEqual failed. Expected:&lt;কোন বই সর্বোত্তম ?&gt;. Actual:&lt;সর্বোত্তম কোন বই ?&gt;. Which book is the best?</Message>
              <StackTrace>   at UnitTest.BnlpTest.interrogative_sentences_which() in D:\software\Project\BNLP\UnitTest\BnlpTest.cs:line 328
</StackTrace>
            </ErrorInfo>
          </Output>
        </UnitTestResult>
        <UnitTestResult executionId="6844f82b-2fa2-494b-900e-4be73f2ffbd6" parentExecutionId="fc84dd13-c8d6-4c84-9dce-a454cfa1b628" testId="97a1371f-e8e6-db3e-323e-49ffeef32df1" testName="interrogative_sentences_which" computerName="ARPAN-LAP" duration="00:00:00.0285975" startTime="2014-06-29T12:36:13.0472939+05:30" endTime="2014-06-29T12:36:13.0752955+05:30" testType="13cdc9d9-ddb5-4fa4-a97d-d965ccfc6d4b" outcome="Failed" testListId="8c84fa94-04c1-424b-9868-57a2d4851a1d" relativeResultsDirectory="fc84dd13-c8d6-4c84-9dce-a454cfa1b628" dataRowInfo="1" resultType="DataDrivenDataRow">
          <Output>
            <ErrorInfo>
              <Message>Assert.AreEqual failed. Expected:&lt;আপনি কোন খাবার পছন্দ করেন ?&gt;. Actual:&lt;কোন খাবার পছন্দ করেন আপনি ?&gt;. Which food do you like?</Message>
              <StackTrace>   at UnitTest.BnlpTest.interrogative_sentences_which() in D:\software\Project\BNLP\UnitTest\BnlpTest.cs:line 328
</StackTrace>
            </ErrorInfo>
          </Output>
        </UnitTestResult>
      </InnerResults>
    </UnitTestResult>
    <UnitTestResult executionId="3766b09c-bfae-41b7-a7b1-e0726a8dd712" testId="b9261b51-b0a2-10e2-9308-22bb2624de8b" testName="interrogative_sentences_where" computerName="ARPAN-LAP" duration="00:00:00.0860579" startTime="2014-06-29T12:36:13.0872961+05:30" endTime="2014-06-29T12:36:13.1913021+05:30" testType="13cdc9d9-ddb5-4fa4-a97d-d965ccfc6d4b" outcome="Failed" testListId="8c84fa94-04c1-424b-9868-57a2d4851a1d" relativeResultsDirectory="3766b09c-bfae-41b7-a7b1-e0726a8dd712" resultType="DataDrivenTest">
      <Counters error="0" failed="2" timeout="0" aborted="0" inconclusive="0" passedButRunAborted="0" notRunnable="0" notExecuted="0" disconnected="0" warning="0" passed="1" completed="0" inProgress="0" pending="0" />
      <InnerResults>
        <UnitTestResult executionId="d09b48fc-9660-421f-9e87-e17eb764f61d" parentExecutionId="3766b09c-bfae-41b7-a7b1-e0726a8dd712" testId="b9261b51-b0a2-10e2-9308-22bb2624de8b" testName="interrogative_sentences_where" computerName="ARPAN-LAP" duration="00:00:00.0244913" startTime="2014-06-29T12:36:13.0952966+05:30" endTime="2014-06-29T12:36:13.1202980+05:30" testType="13cdc9d9-ddb5-4fa4-a97d-d965ccfc6d4b" outcome="Passed" testListId="8c84fa94-04c1-424b-9868-57a2d4851a1d" relativeResultsDirectory="3766b09c-bfae-41b7-a7b1-e0726a8dd712" dataRowInfo="0" resultType="DataDrivenDataRow" />
        <UnitTestResult executionId="500e0df6-ddaf-4cdc-8f5e-edef5a542d82" parentExecutionId="3766b09c-bfae-41b7-a7b1-e0726a8dd712" testId="b9261b51-b0a2-10e2-9308-22bb2624de8b" testName="interrogative_sentences_where" computerName="ARPAN-LAP" duration="00:00:00.0270900" startTime="2014-06-29T12:36:13.1202980+05:30" endTime="2014-06-29T12:36:13.1472996+05:30" testType="13cdc9d9-ddb5-4fa4-a97d-d965ccfc6d4b" outcome="Failed" testListId="8c84fa94-04c1-424b-9868-57a2d4851a1d" relativeResultsDirectory="3766b09c-bfae-41b7-a7b1-e0726a8dd712" dataRowInfo="1" resultType="DataDrivenDataRow">
          <Output>
            <ErrorInfo>
              <Message>Assert.AreEqual failed. Expected:&lt;সে কোথায় বসবাস করে ?&gt;. Actual:&lt;কোথায় বসবাস করে সে ?&gt;. Where does she live?</Message>
              <StackTrace>   at UnitTest.BnlpTest.interrogative_sentences_where() in D:\software\Project\BNLP\UnitTest\BnlpTest.cs:line 310
</StackTrace>
            </ErrorInfo>
          </Output>
        </UnitTestResult>
        <UnitTestResult executionId="3507997e-9421-4f59-a4dc-5fc6194f5d86" parentExecutionId="3766b09c-bfae-41b7-a7b1-e0726a8dd712" testId="b9261b51-b0a2-10e2-9308-22bb2624de8b" testName="interrogative_sentences_where" computerName="ARPAN-LAP" duration="00:00:00.0323844" startTime="2014-06-29T12:36:13.1472996+05:30" endTime="2014-06-29T12:36:13.1793014+05:30" testType="13cdc9d9-ddb5-4fa4-a97d-d965ccfc6d4b" outcome="Failed" testListId="8c84fa94-04c1-424b-9868-57a2d4851a1d" relativeResultsDirectory="3766b09c-bfae-41b7-a7b1-e0726a8dd712" dataRowInfo="2" resultType="DataDrivenDataRow">
          <Output>
            <ErrorInfo>
              <Message>Assert.AreEqual failed. Expected:&lt;আপনি আগামী কাল কোথায় যাবেন ?&gt;. Actual:&lt;আগামী কাল কোথায় যাবেন আপনি ?&gt;. Where will you go tomorrow?</Message>
              <StackTrace>   at UnitTest.BnlpTest.interrogative_sentences_where() in D:\software\Project\BNLP\UnitTest\BnlpTest.cs:line 310
</StackTrace>
            </ErrorInfo>
          </Output>
        </UnitTestResult>
      </InnerResults>
    </UnitTestResult>
    <UnitTestResult executionId="5061cf49-5120-4ac6-b021-a35650b2c892" testId="bdfe92b2-f4ac-73a5-f13d-5c1ea13721b4" testName="all_persons_tenses_passive_negation" computerName="ARPAN-LAP" duration="00:00:00.3228399" startTime="2014-06-29T12:36:13.1943023+05:30" endTime="2014-06-29T12:36:13.5513227+05:30" testType="13cdc9d9-ddb5-4fa4-a97d-d965ccfc6d4b" outcome="Passed" testListId="8c84fa94-04c1-424b-9868-57a2d4851a1d" relativeResultsDirectory="5061cf49-5120-4ac6-b021-a35650b2c892" resultType="DataDrivenTest">
      <Counters error="0" failed="0" timeout="0" aborted="0" inconclusive="0" passedButRunAborted="0" notRunnable="0" notExecuted="0" disconnected="0" warning="0" passed="10" completed="0" inProgress="0" pending="0" />
      <InnerResults>
        <UnitTestResult executionId="f02b2673-2945-437b-8e0c-7eeb2af338d8" parentExecutionId="5061cf49-5120-4ac6-b021-a35650b2c892" testId="bdfe92b2-f4ac-73a5-f13d-5c1ea13721b4" testName="all_persons_tenses_passive_negation" computerName="ARPAN-LAP" duration="00:00:00.0279215" startTime="2014-06-29T12:36:13.2003026+05:30" endTime="2014-06-29T12:36:13.2283042+05:30" testType="13cdc9d9-ddb5-4fa4-a97d-d965ccfc6d4b" outcome="Passed" testListId="8c84fa94-04c1-424b-9868-57a2d4851a1d" relativeResultsDirectory="5061cf49-5120-4ac6-b021-a35650b2c892" dataRowInfo="0" resultType="DataDrivenDataRow" />
        <UnitTestResult executionId="d845f365-9254-43b2-b813-f4653d79d93b" parentExecutionId="5061cf49-5120-4ac6-b021-a35650b2c892" testId="bdfe92b2-f4ac-73a5-f13d-5c1ea13721b4" testName="all_persons_tenses_passive_negation" computerName="ARPAN-LAP" duration="00:00:00.0288762" startTime="2014-06-29T12:36:13.2283042+05:30" endTime="2014-06-29T12:36:13.2573059+05:30" testType="13cdc9d9-ddb5-4fa4-a97d-d965ccfc6d4b" outcome="Passed" testListId="8c84fa94-04c1-424b-9868-57a2d4851a1d" relativeResultsDirectory="5061cf49-5120-4ac6-b021-a35650b2c892" dataRowInfo="1" resultType="DataDrivenDataRow" />
        <UnitTestResult executionId="45e6d094-8175-4484-8a93-b03104a4cd30" parentExecutionId="5061cf49-5120-4ac6-b021-a35650b2c892" testId="bdfe92b2-f4ac-73a5-f13d-5c1ea13721b4" testName="all_persons_tenses_passive_negation" computerName="ARPAN-LAP" duration="00:00:00.0334186" startTime="2014-06-29T12:36:13.2573059+05:30" endTime="2014-06-29T12:36:13.2903078+05:30" testType="13cdc9d9-ddb5-4fa4-a97d-d965ccfc6d4b" outcome="Passed" testListId="8c84fa94-04c1-424b-9868-57a2d4851a1d" relativeResultsDirectory="5061cf49-5120-4ac6-b021-a35650b2c892" dataRowInfo="2" resultType="DataDrivenDataRow" />
        <UnitTestResult executionId="ee748d66-dc70-45bc-8a05-22575956ba10" parentExecutionId="5061cf49-5120-4ac6-b021-a35650b2c892" testId="bdfe92b2-f4ac-73a5-f13d-5c1ea13721b4" testName="all_persons_tenses_passive_negation" computerName="ARPAN-LAP" duration="00:00:00.0468638" startTime="2014-06-29T12:36:13.2903078+05:30" endTime="2014-06-29T12:36:13.3373104+05:30" testType="13cdc9d9-ddb5-4fa4-a97d-d965ccfc6d4b" outcome="Passed" testListId="8c84fa94-04c1-424b-9868-57a2d4851a1d" relativeResultsDirectory="5061cf49-5120-4ac6-b021-a35650b2c892" dataRowInfo="3" resultType="DataDrivenDataRow" />
        <UnitTestResult executionId="305548fc-ca39-45c1-b380-da9456ce5727" parentExecutionId="5061cf49-5120-4ac6-b021-a35650b2c892" testId="bdfe92b2-f4ac-73a5-f13d-5c1ea13721b4" testName="all_persons_tenses_passive_negation" computerName="ARPAN-LAP" duration="00:00:00.0278029" startTime="2014-06-29T12:36:13.3373104+05:30" endTime="2014-06-29T12:36:13.3653121+05:30" testType="13cdc9d9-ddb5-4fa4-a97d-d965ccfc6d4b" outcome="Passed" testListId="8c84fa94-04c1-424b-9868-57a2d4851a1d" relativeResultsDirectory="5061cf49-5120-4ac6-b021-a35650b2c892" dataRowInfo="4" resultType="DataDrivenDataRow" />
        <UnitTestResult executionId="ac914c02-5098-419d-85db-61a319c2d969" parentExecutionId="5061cf49-5120-4ac6-b021-a35650b2c892" testId="bdfe92b2-f4ac-73a5-f13d-5c1ea13721b4" testName="all_persons_tenses_passive_negation" computerName="ARPAN-LAP" duration="00:00:00.0265187" startTime="2014-06-29T12:36:13.3653121+05:30" endTime="2014-06-29T12:36:13.3923136+05:30" testType="13cdc9d9-ddb5-4fa4-a97d-d965ccfc6d4b" outcome="Passed" testListId="8c84fa94-04c1-424b-9868-57a2d4851a1d" relativeResultsDirectory="5061cf49-5120-4ac6-b021-a35650b2c892" dataRowInfo="5" resultType="DataDrivenDataRow" />
        <UnitTestResult executionId="c7a239d1-cb2a-45b5-8f3f-bfee716e63dc" parentExecutionId="5061cf49-5120-4ac6-b021-a35650b2c892" testId="bdfe92b2-f4ac-73a5-f13d-5c1ea13721b4" testName="all_persons_tenses_passive_negation" computerName="ARPAN-LAP" duration="00:00:00.0273076" startTime="2014-06-29T12:36:13.3923136+05:30" endTime="2014-06-29T12:36:13.4193151+05:30" testType="13cdc9d9-ddb5-4fa4-a97d-d965ccfc6d4b" outcome="Passed" testListId="8c84fa94-04c1-424b-9868-57a2d4851a1d" relativeResultsDirectory="5061cf49-5120-4ac6-b021-a35650b2c892" dataRowInfo="6" resultType="DataDrivenDataRow" />
        <UnitTestResult executionId="09614754-0a9c-48f3-8442-96e1299811fb" parentExecutionId="5061cf49-5120-4ac6-b021-a35650b2c892" testId="bdfe92b2-f4ac-73a5-f13d-5c1ea13721b4" testName="all_persons_tenses_passive_negation" computerName="ARPAN-LAP" duration="00:00:00.0334417" startTime="2014-06-29T12:36:13.4193151+05:30" endTime="2014-06-29T12:36:13.4523170+05:30" testType="13cdc9d9-ddb5-4fa4-a97d-d965ccfc6d4b" outcome="Passed" testListId="8c84fa94-04c1-424b-9868-57a2d4851a1d" relativeResultsDirectory="5061cf49-5120-4ac6-b021-a35650b2c892" dataRowInfo="7" resultType="DataDrivenDataRow" />
        <UnitTestResult executionId="0db2ee7a-774c-4349-9b70-3bbabdd05835" parentExecutionId="5061cf49-5120-4ac6-b021-a35650b2c892" testId="bdfe92b2-f4ac-73a5-f13d-5c1ea13721b4" testName="all_persons_tenses_passive_negation" computerName="ARPAN-LAP" duration="00:00:00.0341737" startTime="2014-06-29T12:36:13.4523170+05:30" endTime="2014-06-29T12:36:13.4873190+05:30" testType="13cdc9d9-ddb5-4fa4-a97d-d965ccfc6d4b" outcome="Passed" testListId="8c84fa94-04c1-424b-9868-57a2d4851a1d" relativeResultsDirectory="5061cf49-5120-4ac6-b021-a35650b2c892" dataRowInfo="8" resultType="DataDrivenDataRow" />
        <UnitTestResult executionId="b3d832e5-cdba-4794-a620-164ddaaaea40" parentExecutionId="5061cf49-5120-4ac6-b021-a35650b2c892" testId="bdfe92b2-f4ac-73a5-f13d-5c1ea13721b4" testName="all_persons_tenses_passive_negation" computerName="ARPAN-LAP" duration="00:00:00.0340443" startTime="2014-06-29T12:36:13.4873190+05:30" endTime="2014-06-29T12:36:13.5213210+05:30" testType="13cdc9d9-ddb5-4fa4-a97d-d965ccfc6d4b" outcome="Passed" testListId="8c84fa94-04c1-424b-9868-57a2d4851a1d" relativeResultsDirectory="5061cf49-5120-4ac6-b021-a35650b2c892" dataRowInfo="9" resultType="DataDrivenDataRow" />
      </InnerResults>
    </UnitTestResult>
    <UnitTestResult executionId="b53cafd2-3732-4e44-be26-8d56f0befb39" testId="c79146bc-2376-961a-5de9-441b5dfc7188" testName="auxiliary_verbs_as_main_verbs" computerName="ARPAN-LAP" duration="00:00:00.7918436" startTime="2014-06-29T12:36:13.5563230+05:30" endTime="2014-06-29T12:36:14.4273728+05:30" testType="13cdc9d9-ddb5-4fa4-a97d-d965ccfc6d4b" outcome="Passed" testListId="8c84fa94-04c1-424b-9868-57a2d4851a1d" relativeResultsDirectory="b53cafd2-3732-4e44-be26-8d56f0befb39" resultType="DataDrivenTest">
      <Counters error="0" failed="0" timeout="0" aborted="0" inconclusive="0" passedButRunAborted="0" notRunnable="0" notExecuted="0" disconnected="0" warning="0" passed="25" completed="0" inProgress="0" pending="0" />
      <InnerResults>
        <UnitTestResult executionId="2673b1c6-9663-44f7-9906-0154f6719ac9" parentExecutionId="b53cafd2-3732-4e44-be26-8d56f0befb39" testId="c79146bc-2376-961a-5de9-441b5dfc7188" testName="auxiliary_verbs_as_main_verbs" computerName="ARPAN-LAP" duration="00:00:00.0278938" startTime="2014-06-29T12:36:13.5643234+05:30" endTime="2014-06-29T12:36:13.5923250+05:30" testType="13cdc9d9-ddb5-4fa4-a97d-d965ccfc6d4b" outcome="Passed" testListId="8c84fa94-04c1-424b-9868-57a2d4851a1d" relativeResultsDirectory="b53cafd2-3732-4e44-be26-8d56f0befb39" dataRowInfo="0" resultType="DataDrivenDataRow" />
        <UnitTestResult executionId="4dfb7942-0d4a-4104-8470-251bd7792b96" parentExecutionId="b53cafd2-3732-4e44-be26-8d56f0befb39" testId="c79146bc-2376-961a-5de9-441b5dfc7188" testName="auxiliary_verbs_as_main_verbs" computerName="ARPAN-LAP" duration="00:00:00.0276187" startTime="2014-06-29T12:36:13.5923250+05:30" endTime="2014-06-29T12:36:13.6203266+05:30" testType="13cdc9d9-ddb5-4fa4-a97d-d965ccfc6d4b" outcome="Passed" testListId="8c84fa94-04c1-424b-9868-57a2d4851a1d" relativeResultsDirectory="b53cafd2-3732-4e44-be26-8d56f0befb39" dataRowInfo="1" resultType="DataDrivenDataRow" />
        <UnitTestResult executionId="b66961d7-3d0b-48a7-bff1-b54dfce0cb7c" parentExecutionId="b53cafd2-3732-4e44-be26-8d56f0befb39" testId="c79146bc-2376-961a-5de9-441b5dfc7188" testName="auxiliary_verbs_as_main_verbs" computerName="ARPAN-LAP" duration="00:00:00.0333427" startTime="2014-06-29T12:36:13.6203266+05:30" endTime="2014-06-29T12:36:13.6533285+05:30" testType="13cdc9d9-ddb5-4fa4-a97d-d965ccfc6d4b" outcome="Passed" testListId="8c84fa94-04c1-424b-9868-57a2d4851a1d" relativeResultsDirectory="b53cafd2-3732-4e44-be26-8d56f0befb39" dataRowInfo="2" resultType="DataDrivenDataRow" />
        <UnitTestResult executionId="6fbb69d5-01b5-4d2a-8cec-506ac12eb2e6" parentExecutionId="b53cafd2-3732-4e44-be26-8d56f0befb39" testId="c79146bc-2376-961a-5de9-441b5dfc7188" testName="auxiliary_verbs_as_main_verbs" computerName="ARPAN-LAP" duration="00:00:00.0367221" startTime="2014-06-29T12:36:13.6533285+05:30" endTime="2014-06-29T12:36:13.6903306+05:30" testType="13cdc9d9-ddb5-4fa4-a97d-d965ccfc6d4b" outcome="Passed" testListId="8c84fa94-04c1-424b-9868-57a2d4851a1d" relativeResultsDirectory="b53cafd2-3732-4e44-be26-8d56f0befb39" dataRowInfo="3" resultType="DataDrivenDataRow" />
        <UnitTestResult executionId="914ebd5e-dff3-454f-8952-a8866fd7609b" parentExecutionId="b53cafd2-3732-4e44-be26-8d56f0befb39" testId="c79146bc-2376-961a-5de9-441b5dfc7188" testName="auxiliary_verbs_as_main_verbs" computerName="ARPAN-LAP" duration="00:00:00.1264314" startTime="2014-06-29T12:36:13.6903306+05:30" endTime="2014-06-29T12:36:13.8173379+05:30" testType="13cdc9d9-ddb5-4fa4-a97d-d965ccfc6d4b" outcome="Passed" testListId="8c84fa94-04c1-424b-9868-57a2d4851a1d" relativeResultsDirectory="b53cafd2-3732-4e44-be26-8d56f0befb39" dataRowInfo="4" resultType="DataDrivenDataRow" />
        <UnitTestResult executionId="07a5199f-5bec-4510-be45-d5cab85bf07f" parentExecutionId="b53cafd2-3732-4e44-be26-8d56f0befb39" testId="c79146bc-2376-961a-5de9-441b5dfc7188" testName="auxiliary_verbs_as_main_verbs" computerName="ARPAN-LAP" duration="00:00:00.0499537" startTime="2014-06-29T12:36:13.8173379+05:30" endTime="2014-06-29T12:36:13.8673408+05:30" testType="13cdc9d9-ddb5-4fa4-a97d-d965ccfc6d4b" outcome="Passed" testListId="8c84fa94-04c1-424b-9868-57a2d4851a1d" relativeResultsDirectory="b53cafd2-3732-4e44-be26-8d56f0befb39" dataRowInfo="5" resultType="DataDrivenDataRow" />
        <UnitTestResult executionId="5b1aeb47-f684-4b22-bdb3-f10ab11f7c1e" parentExecutionId="b53cafd2-3732-4e44-be26-8d56f0befb39" testId="c79146bc-2376-961a-5de9-441b5dfc7188" testName="auxiliary_verbs_as_main_verbs" computerName="ARPAN-LAP" duration="00:00:00.0395943" startTime="2014-06-29T12:36:13.8673408+05:30" endTime="2014-06-29T12:36:13.9063430+05:30" testType="13cdc9d9-ddb5-4fa4-a97d-d965ccfc6d4b" outcome="Passed" testListId="8c84fa94-04c1-424b-9868-57a2d4851a1d" relativeResultsDirectory="b53cafd2-3732-4e44-be26-8d56f0befb39" dataRowInfo="6" resultType="DataDrivenDataRow" />
        <UnitTestResult executionId="6e9b1baf-b571-435d-ac41-9be9982e67b1" parentExecutionId="b53cafd2-3732-4e44-be26-8d56f0befb39" testId="c79146bc-2376-961a-5de9-441b5dfc7188" testName="auxiliary_verbs_as_main_verbs" computerName="ARPAN-LAP" duration="00:00:00.0344580" startTime="2014-06-29T12:36:13.9063430+05:30" endTime="2014-06-29T12:36:13.9413450+05:30" testType="13cdc9d9-ddb5-4fa4-a97d-d965ccfc6d4b" outcome="Passed" testListId="8c84fa94-04c1-424b-9868-57a2d4851a1d" relativeResultsDirectory="b53cafd2-3732-4e44-be26-8d56f0befb39" dataRowInfo="7" resultType="DataDrivenDataRow" />
        <UnitTestResult executionId="665063c2-a5ef-4e77-839b-651e39f1d109" parentExecutionId="b53cafd2-3732-4e44-be26-8d56f0befb39" testId="c79146bc-2376-961a-5de9-441b5dfc7188" testName="auxiliary_verbs_as_main_verbs" computerName="ARPAN-LAP" duration="00:00:00.0452922" startTime="2014-06-29T12:36:13.9413450+05:30" endTime="2014-06-29T12:36:13.9863476+05:30" testType="13cdc9d9-ddb5-4fa4-a97d-d965ccfc6d4b" outcome="Passed" testListId="8c84fa94-04c1-424b-9868-57a2d4851a1d" relativeResultsDirectory="b53cafd2-3732-4e44-be26-8d56f0befb39" dataRowInfo="8" resultType="DataDrivenDataRow" />
        <UnitTestResult executionId="8f950e8a-0f57-47ca-9b70-400b038bb7e5" parentExecutionId="b53cafd2-3732-4e44-be26-8d56f0befb39" testId="c79146bc-2376-961a-5de9-441b5dfc7188" testName="auxiliary_verbs_as_main_verbs" computerName="ARPAN-LAP" duration="00:00:00.0198359" startTime="2014-06-29T12:36:13.9863476+05:30" endTime="2014-06-29T12:36:14.0063487+05:30" testType="13cdc9d9-ddb5-4fa4-a97d-d965ccfc6d4b" outcome="Passed" testListId="8c84fa94-04c1-424b-9868-57a2d4851a1d" relativeResultsDirectory="b53cafd2-3732-4e44-be26-8d56f0befb39" dataRowInfo="9" resultType="DataDrivenDataRow" />
        <UnitTestResult executionId="2616ec59-fdc4-42e0-9723-a1b387e3b7e7" parentExecutionId="b53cafd2-3732-4e44-be26-8d56f0befb39" testId="c79146bc-2376-961a-5de9-441b5dfc7188" testName="auxiliary_verbs_as_main_verbs" computerName="ARPAN-LAP" duration="00:00:00.0192610" startTime="2014-06-29T12:36:14.0063487+05:30" endTime="2014-06-29T12:36:14.0253498+05:30" testType="13cdc9d9-ddb5-4fa4-a97d-d965ccfc6d4b" outcome="Passed" testListId="8c84fa94-04c1-424b-9868-57a2d4851a1d" relativeResultsDirectory="b53cafd2-3732-4e44-be26-8d56f0befb39" dataRowInfo="10" resultType="DataDrivenDataRow" />
        <UnitTestResult executionId="e6c29678-624b-4fec-97b4-522eb3e7b12b" parentExecutionId="b53cafd2-3732-4e44-be26-8d56f0befb39" testId="c79146bc-2376-961a-5de9-441b5dfc7188" testName="auxiliary_verbs_as_main_verbs" computerName="ARPAN-LAP" duration="00:00:00.0254234" startTime="2014-06-29T12:36:14.0253498+05:30" endTime="2014-06-29T12:36:14.0513513+05:30" testType="13cdc9d9-ddb5-4fa4-a97d-d965ccfc6d4b" outcome="Passed" testListId="8c84fa94-04c1-424b-9868-57a2d4851a1d" relativeResultsDirectory="b53cafd2-3732-4e44-be26-8d56f0befb39" dataRowInfo="11" resultType="DataDrivenDataRow" />
        <UnitTestResult executionId="8af8a947-ce5f-4daa-872d-fdc496a7af99" parentExecutionId="b53cafd2-3732-4e44-be26-8d56f0befb39" testId="c79146bc-2376-961a-5de9-441b5dfc7188" testName="auxiliary_verbs_as_main_verbs" computerName="ARPAN-LAP" duration="00:00:00.0283167" startTime="2014-06-29T12:36:14.0513513+05:30" endTime="2014-06-29T12:36:14.0793529+05:30" testType="13cdc9d9-ddb5-4fa4-a97d-d965ccfc6d4b" outcome="Passed" testListId="8c84fa94-04c1-424b-9868-57a2d4851a1d" relativeResultsDirectory="b53cafd2-3732-4e44-be26-8d56f0befb39" dataRowInfo="12" resultType="DataDrivenDataRow" />
        <UnitTestResult executionId="a934ce98-a19a-4528-b393-6f44a2b64cdc" parentExecutionId="b53cafd2-3732-4e44-be26-8d56f0befb39" testId="c79146bc-2376-961a-5de9-441b5dfc7188" testName="auxiliary_verbs_as_main_verbs" computerName="ARPAN-LAP" duration="00:00:00.0273974" startTime="2014-06-29T12:36:14.0793529+05:30" endTime="2014-06-29T12:36:14.1073545+05:30" testType="13cdc9d9-ddb5-4fa4-a97d-d965ccfc6d4b" outcome="Passed" testListId="8c84fa94-04c1-424b-9868-57a2d4851a1d" relativeResultsDirectory="b53cafd2-3732-4e44-be26-8d56f0befb39" dataRowInfo="13" resultType="DataDrivenDataRow" />
        <UnitTestResult executionId="1c5d9a86-1c01-4fe3-b65f-14f473b9afe3" parentExecutionId="b53cafd2-3732-4e44-be26-8d56f0befb39" testId="c79146bc-2376-961a-5de9-441b5dfc7188" testName="auxiliary_verbs_as_main_verbs" computerName="ARPAN-LAP" duration="00:00:00.0199206" startTime="2014-06-29T12:36:14.1073545+05:30" endTime="2014-06-29T12:36:14.1273556+05:30" testType="13cdc9d9-ddb5-4fa4-a97d-d965ccfc6d4b" outcome="Passed" testListId="8c84fa94-04c1-424b-9868-57a2d4851a1d" relativeResultsDirectory="b53cafd2-3732-4e44-be26-8d56f0befb39" dataRowInfo="14" resultType="DataDrivenDataRow" />
        <UnitTestResult executionId="50abcb47-9347-4b48-9830-a8d6b13e5dda" parentExecutionId="b53cafd2-3732-4e44-be26-8d56f0befb39" testId="c79146bc-2376-961a-5de9-441b5dfc7188" testName="auxiliary_verbs_as_main_verbs" computerName="ARPAN-LAP" duration="00:00:00.0189171" startTime="2014-06-29T12:36:14.1273556+05:30" endTime="2014-06-29T12:36:14.1463567+05:30" testType="13cdc9d9-ddb5-4fa4-a97d-d965ccfc6d4b" outcome="Passed" testListId="8c84fa94-04c1-424b-9868-57a2d4851a1d" relativeResultsDirectory="b53cafd2-3732-4e44-be26-8d56f0befb39" dataRowInfo="15" resultType="DataDrivenDataRow" />
        <UnitTestResult executionId="87f7970c-d4c2-42ed-a9db-91b84686df96" parentExecutionId="b53cafd2-3732-4e44-be26-8d56f0befb39" testId="c79146bc-2376-961a-5de9-441b5dfc7188" testName="auxiliary_verbs_as_main_verbs" computerName="ARPAN-LAP" duration="00:00:00.0257955" startTime="2014-06-29T12:36:14.1463567+05:30" endTime="2014-06-29T12:36:14.1713582+05:30" testType="13cdc9d9-ddb5-4fa4-a97d-d965ccfc6d4b" outcome="Passed" testListId="8c84fa94-04c1-424b-9868-57a2d4851a1d" relativeResultsDirectory="b53cafd2-3732-4e44-be26-8d56f0befb39" dataRowInfo="16" resultType="DataDrivenDataRow" />
        <UnitTestResult executionId="8ac01c64-80c6-408d-83ff-1cf8deec1911" parentExecutionId="b53cafd2-3732-4e44-be26-8d56f0befb39" testId="c79146bc-2376-961a-5de9-441b5dfc7188" testName="auxiliary_verbs_as_main_verbs" computerName="ARPAN-LAP" duration="00:00:00.0194946" startTime="2014-06-29T12:36:14.1713582+05:30" endTime="2014-06-29T12:36:14.1913593+05:30" testType="13cdc9d9-ddb5-4fa4-a97d-d965ccfc6d4b" outcome="Passed" testListId="8c84fa94-04c1-424b-9868-57a2d4851a1d" relativeResultsDirectory="b53cafd2-3732-4e44-be26-8d56f0befb39" dataRowInfo="17" resultType="DataDrivenDataRow" />
        <UnitTestResult executionId="b2f662d3-b794-4959-b02a-1428171c54e5" parentExecutionId="b53cafd2-3732-4e44-be26-8d56f0befb39" testId="c79146bc-2376-961a-5de9-441b5dfc7188" testName="auxiliary_verbs_as_main_verbs" computerName="ARPAN-LAP" duration="00:00:00.0197681" startTime="2014-06-29T12:36:14.1913593+05:30" endTime="2014-06-29T12:36:14.2113604+05:30" testType="13cdc9d9-ddb5-4fa4-a97d-d965ccfc6d4b" outcome="Passed" testListId="8c84fa94-04c1-424b-9868-57a2d4851a1d" relativeResultsDirectory="b53cafd2-3732-4e44-be26-8d56f0befb39" dataRowInfo="18" resultType="DataDrivenDataRow" />
        <UnitTestResult executionId="62de1f79-d9bc-4be4-80b4-9df64f756ccd" parentExecutionId="b53cafd2-3732-4e44-be26-8d56f0befb39" testId="c79146bc-2376-961a-5de9-441b5dfc7188" testName="auxiliary_verbs_as_main_verbs" computerName="ARPAN-LAP" duration="00:00:00.0255861" startTime="2014-06-29T12:36:14.2113604+05:30" endTime="2014-06-29T12:36:14.2363619+05:30" testType="13cdc9d9-ddb5-4fa4-a97d-d965ccfc6d4b" outcome="Passed" testListId="8c84fa94-04c1-424b-9868-57a2d4851a1d" relativeResultsDirectory="b53cafd2-3732-4e44-be26-8d56f0befb39" dataRowInfo="19" resultType="DataDrivenDataRow" />
        <UnitTestResult executionId="3008beee-f12e-4d9b-8efe-747c1417d411" parentExecutionId="b53cafd2-3732-4e44-be26-8d56f0befb39" testId="c79146bc-2376-961a-5de9-441b5dfc7188" testName="auxiliary_verbs_as_main_verbs" computerName="ARPAN-LAP" duration="00:00:00.0260424" startTime="2014-06-29T12:36:14.2363619+05:30" endTime="2014-06-29T12:36:14.2623634+05:30" testType="13cdc9d9-ddb5-4fa4-a97d-d965ccfc6d4b" outcome="Passed" testListId="8c84fa94-04c1-424b-9868-57a2d4851a1d" relativeResultsDirectory="b53cafd2-3732-4e44-be26-8d56f0befb39" dataRowInfo="20" resultType="DataDrivenDataRow" />
        <UnitTestResult executionId="1bf71842-a1b2-4b9c-919c-3413c36ffc85" parentExecutionId="b53cafd2-3732-4e44-be26-8d56f0befb39" testId="c79146bc-2376-961a-5de9-441b5dfc7188" testName="auxiliary_verbs_as_main_verbs" computerName="ARPAN-LAP" duration="00:00:00.0264227" startTime="2014-06-29T12:36:14.2623634+05:30" endTime="2014-06-29T12:36:14.2893649+05:30" testType="13cdc9d9-ddb5-4fa4-a97d-d965ccfc6d4b" outcome="Passed" testListId="8c84fa94-04c1-424b-9868-57a2d4851a1d" relativeResultsDirectory="b53cafd2-3732-4e44-be26-8d56f0befb39" dataRowInfo="21" resultType="DataDrivenDataRow" />
        <UnitTestResult executionId="3fcf47d5-a943-40f0-beab-bf9797fbf05f" parentExecutionId="b53cafd2-3732-4e44-be26-8d56f0befb39" testId="c79146bc-2376-961a-5de9-441b5dfc7188" testName="auxiliary_verbs_as_main_verbs" computerName="ARPAN-LAP" duration="00:00:00.0179707" startTime="2014-06-29T12:36:14.2893649+05:30" endTime="2014-06-29T12:36:14.3073659+05:30" testType="13cdc9d9-ddb5-4fa4-a97d-d965ccfc6d4b" outcome="Passed" testListId="8c84fa94-04c1-424b-9868-57a2d4851a1d" relativeResultsDirectory="b53cafd2-3732-4e44-be26-8d56f0befb39" dataRowInfo="22" resultType="DataDrivenDataRow" />
        <UnitTestResult executionId="7a0ca67b-465a-4f82-bb75-95ca85df1fb1" parentExecutionId="b53cafd2-3732-4e44-be26-8d56f0befb39" testId="c79146bc-2376-961a-5de9-441b5dfc7188" testName="auxiliary_verbs_as_main_verbs" computerName="ARPAN-LAP" duration="00:00:00.0192025" startTime="2014-06-29T12:36:14.3073659+05:30" endTime="2014-06-29T12:36:14.3263670+05:30" testType="13cdc9d9-ddb5-4fa4-a97d-d965ccfc6d4b" outcome="Passed" testListId="8c84fa94-04c1-424b-9868-57a2d4851a1d" relativeResultsDirectory="b53cafd2-3732-4e44-be26-8d56f0befb39" dataRowInfo="23" resultType="DataDrivenDataRow" />
        <UnitTestResult executionId="dd540d21-b468-4ae9-a5f4-2b6a9fe01dc8" parentExecutionId="b53cafd2-3732-4e44-be26-8d56f0befb39" testId="c79146bc-2376-961a-5de9-441b5dfc7188" testName="auxiliary_verbs_as_main_verbs" computerName="ARPAN-LAP" duration="00:00:00.0279677" startTime="2014-06-29T12:36:14.3263670+05:30" endTime="2014-06-29T12:36:14.3543686+05:30" testType="13cdc9d9-ddb5-4fa4-a97d-d965ccfc6d4b" outcome="Passed" testListId="8c84fa94-04c1-424b-9868-57a2d4851a1d" relativeResultsDirectory="b53cafd2-3732-4e44-be26-8d56f0befb39" dataRowInfo="24" resultType="DataDrivenDataRow" />
      </InnerResults>
    </UnitTestResult>
    <UnitTestResult executionId="10491aa0-7c7e-43d0-be92-c5f25044f9e7" testId="d03eb628-bf1f-c27d-aeef-e708d613d686" testName="all_persons_modal_can_may_negation" computerName="ARPAN-LAP" duration="00:00:00.6401653" startTime="2014-06-29T12:36:14.4283729+05:30" endTime="2014-06-29T12:36:15.1484140+05:30" testType="13cdc9d9-ddb5-4fa4-a97d-d965ccfc6d4b" outcome="Passed" testListId="8c84fa94-04c1-424b-9868-57a2d4851a1d" relativeResultsDirectory="10491aa0-7c7e-43d0-be92-c5f25044f9e7" resultType="DataDrivenTest">
      <Counters error="0" failed="0" timeout="0" aborted="0" inconclusive="0" passedButRunAborted="0" notRunnable="0" notExecuted="0" disconnected="0" warning="0" passed="24" completed="0" inProgress="0" pending="0" />
      <InnerResults>
        <UnitTestResult executionId="aeb02af9-9a87-481a-9329-8afb6e3e8fba" parentExecutionId="10491aa0-7c7e-43d0-be92-c5f25044f9e7" testId="d03eb628-bf1f-c27d-aeef-e708d613d686" testName="all_persons_modal_can_may_negation" computerName="ARPAN-LAP" duration="00:00:00.0294890" startTime="2014-06-29T12:36:14.4413736+05:30" endTime="2014-06-29T12:36:14.4713753+05:30" testType="13cdc9d9-ddb5-4fa4-a97d-d965ccfc6d4b" outcome="Passed" testListId="8c84fa94-04c1-424b-9868-57a2d4851a1d" relativeResultsDirectory="10491aa0-7c7e-43d0-be92-c5f25044f9e7" dataRowInfo="0" resultType="DataDrivenDataRow" />
        <UnitTestResult executionId="8ebd3e81-76c1-49b6-a5db-b176514d9fe0" parentExecutionId="10491aa0-7c7e-43d0-be92-c5f25044f9e7" testId="d03eb628-bf1f-c27d-aeef-e708d613d686" testName="all_persons_modal_can_may_negation" computerName="ARPAN-LAP" duration="00:00:00.0238056" startTime="2014-06-29T12:36:14.4713753+05:30" endTime="2014-06-29T12:36:14.4953767+05:30" testType="13cdc9d9-ddb5-4fa4-a97d-d965ccfc6d4b" outcome="Passed" testListId="8c84fa94-04c1-424b-9868-57a2d4851a1d" relativeResultsDirectory="10491aa0-7c7e-43d0-be92-c5f25044f9e7" dataRowInfo="1" resultType="DataDrivenDataRow" />
        <UnitTestResult executionId="53273f1c-7f21-4057-ba2d-c050d6c70e59" parentExecutionId="10491aa0-7c7e-43d0-be92-c5f25044f9e7" testId="d03eb628-bf1f-c27d-aeef-e708d613d686" testName="all_persons_modal_can_may_negation" computerName="ARPAN-LAP" duration="00:00:00.0261220" startTime="2014-06-29T12:36:14.4953767+05:30" endTime="2014-06-29T12:36:14.5213782+05:30" testType="13cdc9d9-ddb5-4fa4-a97d-d965ccfc6d4b" outcome="Passed" testListId="8c84fa94-04c1-424b-9868-57a2d4851a1d" relativeResultsDirectory="10491aa0-7c7e-43d0-be92-c5f25044f9e7" dataRowInfo="2" resultType="DataDrivenDataRow" />
        <UnitTestResult executionId="44873102-943c-4062-bdb5-7ab1099a551b" parentExecutionId="10491aa0-7c7e-43d0-be92-c5f25044f9e7" testId="d03eb628-bf1f-c27d-aeef-e708d613d686" testName="all_persons_modal_can_may_negation" computerName="ARPAN-LAP" duration="00:00:00.0243712" startTime="2014-06-29T12:36:14.5213782+05:30" endTime="2014-06-29T12:36:14.5453795+05:30" testType="13cdc9d9-ddb5-4fa4-a97d-d965ccfc6d4b" outcome="Passed" testListId="8c84fa94-04c1-424b-9868-57a2d4851a1d" relativeResultsDirectory="10491aa0-7c7e-43d0-be92-c5f25044f9e7" dataRowInfo="3" resultType="DataDrivenDataRow" />
        <UnitTestResult executionId="2737b7ca-01ca-425a-bf63-6dc1c529383f" parentExecutionId="10491aa0-7c7e-43d0-be92-c5f25044f9e7" testId="d03eb628-bf1f-c27d-aeef-e708d613d686" testName="all_persons_modal_can_may_negation" computerName="ARPAN-LAP" duration="00:00:00.0312675" startTime="2014-06-29T12:36:14.5453795+05:30" endTime="2014-06-29T12:36:14.5763813+05:30" testType="13cdc9d9-ddb5-4fa4-a97d-d965ccfc6d4b" outcome="Passed" testListId="8c84fa94-04c1-424b-9868-57a2d4851a1d" relativeResultsDirectory="10491aa0-7c7e-43d0-be92-c5f25044f9e7" dataRowInfo="4" resultType="DataDrivenDataRow" />
        <UnitTestResult executionId="fa799102-84ce-4b08-9978-9b2325978f83" parentExecutionId="10491aa0-7c7e-43d0-be92-c5f25044f9e7" testId="d03eb628-bf1f-c27d-aeef-e708d613d686" testName="all_persons_modal_can_may_negation" computerName="ARPAN-LAP" duration="00:00:00.0314123" startTime="2014-06-29T12:36:14.5773814+05:30" endTime="2014-06-29T12:36:14.6083831+05:30" testType="13cdc9d9-ddb5-4fa4-a97d-d965ccfc6d4b" outcome="Passed" testListId="8c84fa94-04c1-424b-9868-57a2d4851a1d" relativeResultsDirectory="10491aa0-7c7e-43d0-be92-c5f25044f9e7" dataRowInfo="5" resultType="DataDrivenDataRow" />
        <UnitTestResult executionId="7aa41e4f-500a-4505-a037-55d7a2da039b" parentExecutionId="10491aa0-7c7e-43d0-be92-c5f25044f9e7" testId="d03eb628-bf1f-c27d-aeef-e708d613d686" testName="all_persons_modal_can_may_negation" computerName="ARPAN-LAP" duration="00:00:00.0333057" startTime="2014-06-29T12:36:14.6083831+05:30" endTime="2014-06-29T12:36:14.6413850+05:30" testType="13cdc9d9-ddb5-4fa4-a97d-d965ccfc6d4b" outcome="Passed" testListId="8c84fa94-04c1-424b-9868-57a2d4851a1d" relativeResultsDirectory="10491aa0-7c7e-43d0-be92-c5f25044f9e7" dataRowInfo="6" resultType="DataDrivenDataRow" />
        <UnitTestResult executionId="ec1df96d-88b1-4551-b00b-510d5eb15c6b" parentExecutionId="10491aa0-7c7e-43d0-be92-c5f25044f9e7" testId="d03eb628-bf1f-c27d-aeef-e708d613d686" testName="all_persons_modal_can_may_negation" computerName="ARPAN-LAP" duration="00:00:00.0345632" startTime="2014-06-29T12:36:14.6413850+05:30" endTime="2014-06-29T12:36:14.6763870+05:30" testType="13cdc9d9-ddb5-4fa4-a97d-d965ccfc6d4b" outcome="Passed" testListId="8c84fa94-04c1-424b-9868-57a2d4851a1d" relativeResultsDirectory="10491aa0-7c7e-43d0-be92-c5f25044f9e7" dataRowInfo="7" resultType="DataDrivenDataRow" />
        <UnitTestResult executionId="5a991753-8a51-4e63-ab1b-4cb0cef20b6c" parentExecutionId="10491aa0-7c7e-43d0-be92-c5f25044f9e7" testId="d03eb628-bf1f-c27d-aeef-e708d613d686" testName="all_persons_modal_can_may_negation" computerName="ARPAN-LAP" duration="00:00:00.0219927" startTime="2014-06-29T12:36:14.6763870+05:30" endTime="2014-06-29T12:36:14.6983883+05:30" testType="13cdc9d9-ddb5-4fa4-a97d-d965ccfc6d4b" outcome="Passed" testListId="8c84fa94-04c1-424b-9868-57a2d4851a1d" relativeResultsDirectory="10491aa0-7c7e-43d0-be92-c5f25044f9e7" dataRowInfo="8" resultType="DataDrivenDataRow" />
        <UnitTestResult executionId="4b18cad3-be0b-46d2-9fe0-3343701803ef" parentExecutionId="10491aa0-7c7e-43d0-be92-c5f25044f9e7" testId="d03eb628-bf1f-c27d-aeef-e708d613d686" testName="all_persons_modal_can_may_negation" computerName="ARPAN-LAP" duration="00:00:00.0258864" startTime="2014-06-29T12:36:14.6983883+05:30" endTime="2014-06-29T12:36:14.7243898+05:30" testType="13cdc9d9-ddb5-4fa4-a97d-d965ccfc6d4b" outcome="Passed" testListId="8c84fa94-04c1-424b-9868-57a2d4851a1d" relativeResultsDirectory="10491aa0-7c7e-43d0-be92-c5f25044f9e7" dataRowInfo="9" resultType="DataDrivenDataRow" />
        <UnitTestResult executionId="596ab787-95e8-4b2d-b083-9c659cd6ce5b" parentExecutionId="10491aa0-7c7e-43d0-be92-c5f25044f9e7" testId="d03eb628-bf1f-c27d-aeef-e708d613d686" testName="all_persons_modal_can_may_negation" computerName="ARPAN-LAP" duration="00:00:00.0282146" startTime="2014-06-29T12:36:14.7243898+05:30" endTime="2014-06-29T12:36:14.7523914+05:30" testType="13cdc9d9-ddb5-4fa4-a97d-d965ccfc6d4b" outcome="Passed" testListId="8c84fa94-04c1-424b-9868-57a2d4851a1d" relativeResultsDirectory="10491aa0-7c7e-43d0-be92-c5f25044f9e7" dataRowInfo="10" resultType="DataDrivenDataRow" />
        <UnitTestResult executionId="b43a3cf0-e7ea-4131-a32f-521978d52cda" parentExecutionId="10491aa0-7c7e-43d0-be92-c5f25044f9e7" testId="d03eb628-bf1f-c27d-aeef-e708d613d686" testName="all_persons_modal_can_may_negation" computerName="ARPAN-LAP" duration="00:00:00.0234103" startTime="2014-06-29T12:36:14.7523914+05:30" endTime="2014-06-29T12:36:14.7763928+05:30" testType="13cdc9d9-ddb5-4fa4-a97d-d965ccfc6d4b" outcome="Passed" testListId="8c84fa94-04c1-424b-9868-57a2d4851a1d" relativeResultsDirectory="10491aa0-7c7e-43d0-be92-c5f25044f9e7" dataRowInfo="11" resultType="DataDrivenDataRow" />
        <UnitTestResult executionId="745f6113-6516-4fc7-ac85-d6aad3ee110d" parentExecutionId="10491aa0-7c7e-43d0-be92-c5f25044f9e7" testId="d03eb628-bf1f-c27d-aeef-e708d613d686" testName="all_persons_modal_can_may_negation" computerName="ARPAN-LAP" duration="00:00:00.0290127" startTime="2014-06-29T12:36:14.7763928+05:30" endTime="2014-06-29T12:36:14.8053944+05:30" testType="13cdc9d9-ddb5-4fa4-a97d-d965ccfc6d4b" outcome="Passed" testListId="8c84fa94-04c1-424b-9868-57a2d4851a1d" relativeResultsDirectory="10491aa0-7c7e-43d0-be92-c5f25044f9e7" dataRowInfo="12" resultType="DataDrivenDataRow" />
        <UnitTestResult executionId="38596bb0-2603-4625-b9d4-20ce25aa803a" parentExecutionId="10491aa0-7c7e-43d0-be92-c5f25044f9e7" testId="d03eb628-bf1f-c27d-aeef-e708d613d686" testName="all_persons_modal_can_may_negation" computerName="ARPAN-LAP" duration="00:00:00.0285241" startTime="2014-06-29T12:36:14.8053944+05:30" endTime="2014-06-29T12:36:14.8333960+05:30" testType="13cdc9d9-ddb5-4fa4-a97d-d965ccfc6d4b" outcome="Passed" testListId="8c84fa94-04c1-424b-9868-57a2d4851a1d" relativeResultsDirectory="10491aa0-7c7e-43d0-be92-c5f25044f9e7" dataRowInfo="13" resultType="DataDrivenDataRow" />
        <UnitTestResult executionId="984f03ff-312b-4e1a-a48a-0b98cb6b2858" parentExecutionId="10491aa0-7c7e-43d0-be92-c5f25044f9e7" testId="d03eb628-bf1f-c27d-aeef-e708d613d686" testName="all_persons_modal_can_may_negation" computerName="ARPAN-LAP" duration="00:00:00.0257909" startTime="2014-06-29T12:36:14.8333960+05:30" endTime="2014-06-29T12:36:14.8593975+05:30" testType="13cdc9d9-ddb5-4fa4-a97d-d965ccfc6d4b" outcome="Passed" testListId="8c84fa94-04c1-424b-9868-57a2d4851a1d" relativeResultsDirectory="10491aa0-7c7e-43d0-be92-c5f25044f9e7" dataRowInfo="14" resultType="DataDrivenDataRow" />
        <UnitTestResult executionId="dc1960bd-d678-4449-8674-46900a7ffbd0" parentExecutionId="10491aa0-7c7e-43d0-be92-c5f25044f9e7" testId="d03eb628-bf1f-c27d-aeef-e708d613d686" testName="all_persons_modal_can_may_negation" computerName="ARPAN-LAP" duration="00:00:00.0262636" startTime="2014-06-29T12:36:14.8593975+05:30" endTime="2014-06-29T12:36:14.8853990+05:30" testType="13cdc9d9-ddb5-4fa4-a97d-d965ccfc6d4b" outcome="Passed" testListId="8c84fa94-04c1-424b-9868-57a2d4851a1d" relativeResultsDirectory="10491aa0-7c7e-43d0-be92-c5f25044f9e7" dataRowInfo="15" resultType="DataDrivenDataRow" />
        <UnitTestResult executionId="9f833f5f-10c5-498b-b10b-19118ed8badb" parentExecutionId="10491aa0-7c7e-43d0-be92-c5f25044f9e7" testId="d03eb628-bf1f-c27d-aeef-e708d613d686" testName="all_persons_modal_can_may_negation" computerName="ARPAN-LAP" duration="00:00:00.0211201" startTime="2014-06-29T12:36:14.8853990+05:30" endTime="2014-06-29T12:36:14.9074003+05:30" testType="13cdc9d9-ddb5-4fa4-a97d-d965ccfc6d4b" outcome="Passed" testListId="8c84fa94-04c1-424b-9868-57a2d4851a1d" relativeResultsDirectory="10491aa0-7c7e-43d0-be92-c5f25044f9e7" dataRowInfo="16" resultType="DataDrivenDataRow" />
        <UnitTestResult executionId="ec917cda-fd1e-46f5-8d84-0f9d2a973dfd" parentExecutionId="10491aa0-7c7e-43d0-be92-c5f25044f9e7" testId="d03eb628-bf1f-c27d-aeef-e708d613d686" testName="all_persons_modal_can_may_negation" computerName="ARPAN-LAP" duration="00:00:00.0207803" startTime="2014-06-29T12:36:14.9074003+05:30" endTime="2014-06-29T12:36:14.9274014+05:30" testType="13cdc9d9-ddb5-4fa4-a97d-d965ccfc6d4b" outcome="Passed" testListId="8c84fa94-04c1-424b-9868-57a2d4851a1d" relativeResultsDirectory="10491aa0-7c7e-43d0-be92-c5f25044f9e7" dataRowInfo="17" resultType="DataDrivenDataRow" />
        <UnitTestResult executionId="3a9ffbcb-9ae0-4a72-9761-5572ed3611d7" parentExecutionId="10491aa0-7c7e-43d0-be92-c5f25044f9e7" testId="d03eb628-bf1f-c27d-aeef-e708d613d686" testName="all_persons_modal_can_may_negation" computerName="ARPAN-LAP" duration="00:00:00.0239662" startTime="2014-06-29T12:36:14.9274014+05:30" endTime="2014-06-29T12:36:14.9514028+05:30" testType="13cdc9d9-ddb5-4fa4-a97d-d965ccfc6d4b" outcome="Passed" testListId="8c84fa94-04c1-424b-9868-57a2d4851a1d" relativeResultsDirectory="10491aa0-7c7e-43d0-be92-c5f25044f9e7" dataRowInfo="18" resultType="DataDrivenDataRow" />
        <UnitTestResult executionId="78677444-6fe3-4ca8-a4d6-ee055ad76a36" parentExecutionId="10491aa0-7c7e-43d0-be92-c5f25044f9e7" testId="d03eb628-bf1f-c27d-aeef-e708d613d686" testName="all_persons_modal_can_may_negation" computerName="ARPAN-LAP" duration="00:00:00.0217879" startTime="2014-06-29T12:36:14.9514028+05:30" endTime="2014-06-29T12:36:14.9734040+05:30" testType="13cdc9d9-ddb5-4fa4-a97d-d965ccfc6d4b" outcome="Passed" testListId="8c84fa94-04c1-424b-9868-57a2d4851a1d" relativeResultsDirectory="10491aa0-7c7e-43d0-be92-c5f25044f9e7" dataRowInfo="19" resultType="DataDrivenDataRow" />
        <UnitTestResult executionId="38fc153d-5fdb-40d9-8216-804d4f6aaf4e" parentExecutionId="10491aa0-7c7e-43d0-be92-c5f25044f9e7" testId="d03eb628-bf1f-c27d-aeef-e708d613d686" testName="all_persons_modal_can_may_negation" computerName="ARPAN-LAP" duration="00:00:00.0225511" startTime="2014-06-29T12:36:14.9734040+05:30" endTime="2014-06-29T12:36:14.9964053+05:30" testType="13cdc9d9-ddb5-4fa4-a97d-d965ccfc6d4b" outcome="Passed" testListId="8c84fa94-04c1-424b-9868-57a2d4851a1d" relativeResultsDirectory="10491aa0-7c7e-43d0-be92-c5f25044f9e7" dataRowInfo="20" resultType="DataDrivenDataRow" />
        <UnitTestResult executionId="5786740a-ffa8-40ca-bca5-4d453bea4d8a" parentExecutionId="10491aa0-7c7e-43d0-be92-c5f25044f9e7" testId="d03eb628-bf1f-c27d-aeef-e708d613d686" testName="all_persons_modal_can_may_negation" computerName="ARPAN-LAP" duration="00:00:00.0288141" startTime="2014-06-29T12:36:14.9964053+05:30" endTime="2014-06-29T12:36:15.0254070+05:30" testType="13cdc9d9-ddb5-4fa4-a97d-d965ccfc6d4b" outcome="Passed" testListId="8c84fa94-04c1-424b-9868-57a2d4851a1d" relativeResultsDirectory="10491aa0-7c7e-43d0-be92-c5f25044f9e7" dataRowInfo="21" resultType="DataDrivenDataRow" />
        <UnitTestResult executionId="cbf3511e-2217-4e3e-9a52-c54a691aba88" parentExecutionId="10491aa0-7c7e-43d0-be92-c5f25044f9e7" testId="d03eb628-bf1f-c27d-aeef-e708d613d686" testName="all_persons_modal_can_may_negation" computerName="ARPAN-LAP" duration="00:00:00.0297400" startTime="2014-06-29T12:36:15.0254070+05:30" endTime="2014-06-29T12:36:15.0554087+05:30" testType="13cdc9d9-ddb5-4fa4-a97d-d965ccfc6d4b" outcome="Passed" testListId="8c84fa94-04c1-424b-9868-57a2d4851a1d" relativeResultsDirectory="10491aa0-7c7e-43d0-be92-c5f25044f9e7" dataRowInfo="22" resultType="DataDrivenDataRow" />
        <UnitTestResult executionId="1cead51d-55fc-4b00-bb42-00c04854bade" parentExecutionId="10491aa0-7c7e-43d0-be92-c5f25044f9e7" testId="d03eb628-bf1f-c27d-aeef-e708d613d686" testName="all_persons_modal_can_may_negation" computerName="ARPAN-LAP" duration="00:00:00.0242921" startTime="2014-06-29T12:36:15.0554087+05:30" endTime="2014-06-29T12:36:15.0794101+05:30" testType="13cdc9d9-ddb5-4fa4-a97d-d965ccfc6d4b" outcome="Passed" testListId="8c84fa94-04c1-424b-9868-57a2d4851a1d" relativeResultsDirectory="10491aa0-7c7e-43d0-be92-c5f25044f9e7" dataRowInfo="23" resultType="DataDrivenDataRow" />
      </InnerResults>
    </UnitTestResult>
    <UnitTestResult executionId="9c3c241b-a8cd-4200-8ac2-2917e8daccb8" testId="d766a059-d96c-7b47-e6a6-34931760df96" testName="all_persons_tenses_passive" computerName="ARPAN-LAP" duration="00:00:00.2982382" startTime="2014-06-29T12:36:15.1634149+05:30" endTime="2014-06-29T12:36:15.5074346+05:30" testType="13cdc9d9-ddb5-4fa4-a97d-d965ccfc6d4b" outcome="Passed" testListId="8c84fa94-04c1-424b-9868-57a2d4851a1d" relativeResultsDirectory="9c3c241b-a8cd-4200-8ac2-2917e8daccb8" resultType="DataDrivenTest">
      <Counters error="0" failed="0" timeout="0" aborted="0" inconclusive="0" passedButRunAborted="0" notRunnable="0" notExecuted="0" disconnected="0" warning="0" passed="10" completed="0" inProgress="0" pending="0" />
      <InnerResults>
        <UnitTestResult executionId="bbd2b6ed-15d8-4e57-8486-9d54ab4ace11" parentExecutionId="9c3c241b-a8cd-4200-8ac2-2917e8daccb8" testId="d766a059-d96c-7b47-e6a6-34931760df96" testName="all_persons_tenses_passive" computerName="ARPAN-LAP" duration="00:00:00.0207064" startTime="2014-06-29T12:36:15.1804159+05:30" endTime="2014-06-29T12:36:15.2004170+05:30" testType="13cdc9d9-ddb5-4fa4-a97d-d965ccfc6d4b" outcome="Passed" testListId="8c84fa94-04c1-424b-9868-57a2d4851a1d" relativeResultsDirectory="9c3c241b-a8cd-4200-8ac2-2917e8daccb8" dataRowInfo="0" resultType="DataDrivenDataRow" />
        <UnitTestResult executionId="fb14785d-e5ef-46ad-b67d-3d9aae9ef854" parentExecutionId="9c3c241b-a8cd-4200-8ac2-2917e8daccb8" testId="d766a059-d96c-7b47-e6a6-34931760df96" testName="all_persons_tenses_passive" computerName="ARPAN-LAP" duration="00:00:00.0273153" startTime="2014-06-29T12:36:15.2014171+05:30" endTime="2014-06-29T12:36:15.2284186+05:30" testType="13cdc9d9-ddb5-4fa4-a97d-d965ccfc6d4b" outcome="Passed" testListId="8c84fa94-04c1-424b-9868-57a2d4851a1d" relativeResultsDirectory="9c3c241b-a8cd-4200-8ac2-2917e8daccb8" dataRowInfo="1" resultType="DataDrivenDataRow" />
        <UnitTestResult executionId="47cf2dea-cc7c-4288-84b3-b6439c00071e" parentExecutionId="9c3c241b-a8cd-4200-8ac2-2917e8daccb8" testId="d766a059-d96c-7b47-e6a6-34931760df96" testName="all_persons_tenses_passive" computerName="ARPAN-LAP" duration="00:00:00.0296030" startTime="2014-06-29T12:36:15.2284186+05:30" endTime="2014-06-29T12:36:15.2574203+05:30" testType="13cdc9d9-ddb5-4fa4-a97d-d965ccfc6d4b" outcome="Passed" testListId="8c84fa94-04c1-424b-9868-57a2d4851a1d" relativeResultsDirectory="9c3c241b-a8cd-4200-8ac2-2917e8daccb8" dataRowInfo="2" resultType="DataDrivenDataRow" />
        <UnitTestResult executionId="ccf506d2-70a1-44a9-96f4-43fac55dec4f" parentExecutionId="9c3c241b-a8cd-4200-8ac2-2917e8daccb8" testId="d766a059-d96c-7b47-e6a6-34931760df96" testName="all_persons_tenses_passive" computerName="ARPAN-LAP" duration="00:00:00.0324547" startTime="2014-06-29T12:36:15.2584203+05:30" endTime="2014-06-29T12:36:15.2904222+05:30" testType="13cdc9d9-ddb5-4fa4-a97d-d965ccfc6d4b" outcome="Passed" testListId="8c84fa94-04c1-424b-9868-57a2d4851a1d" relativeResultsDirectory="9c3c241b-a8cd-4200-8ac2-2917e8daccb8" dataRowInfo="3" resultType="DataDrivenDataRow" />
        <UnitTestResult executionId="6b15c15b-3f8c-422d-9181-2ddb03b6f388" parentExecutionId="9c3c241b-a8cd-4200-8ac2-2917e8daccb8" testId="d766a059-d96c-7b47-e6a6-34931760df96" testName="all_persons_tenses_passive" computerName="ARPAN-LAP" duration="00:00:00.0204436" startTime="2014-06-29T12:36:15.2904222+05:30" endTime="2014-06-29T12:36:15.3114234+05:30" testType="13cdc9d9-ddb5-4fa4-a97d-d965ccfc6d4b" outcome="Passed" testListId="8c84fa94-04c1-424b-9868-57a2d4851a1d" relativeResultsDirectory="9c3c241b-a8cd-4200-8ac2-2917e8daccb8" dataRowInfo="4" resultType="DataDrivenDataRow" />
        <UnitTestResult executionId="1893f41d-ef27-4f08-b2d8-65127537247e" parentExecutionId="9c3c241b-a8cd-4200-8ac2-2917e8daccb8" testId="d766a059-d96c-7b47-e6a6-34931760df96" testName="all_persons_tenses_passive" computerName="ARPAN-LAP" duration="00:00:00.0255420" startTime="2014-06-29T12:36:15.3114234+05:30" endTime="2014-06-29T12:36:15.3364248+05:30" testType="13cdc9d9-ddb5-4fa4-a97d-d965ccfc6d4b" outcome="Passed" testListId="8c84fa94-04c1-424b-9868-57a2d4851a1d" relativeResultsDirectory="9c3c241b-a8cd-4200-8ac2-2917e8daccb8" dataRowInfo="5" resultType="DataDrivenDataRow" />
        <UnitTestResult executionId="e60ba620-d04c-4100-a2a5-68c9023359c8" parentExecutionId="9c3c241b-a8cd-4200-8ac2-2917e8daccb8" testId="d766a059-d96c-7b47-e6a6-34931760df96" testName="all_persons_tenses_passive" computerName="ARPAN-LAP" duration="00:00:00.0272034" startTime="2014-06-29T12:36:15.3364248+05:30" endTime="2014-06-29T12:36:15.3634263+05:30" testType="13cdc9d9-ddb5-4fa4-a97d-d965ccfc6d4b" outcome="Passed" testListId="8c84fa94-04c1-424b-9868-57a2d4851a1d" relativeResultsDirectory="9c3c241b-a8cd-4200-8ac2-2917e8daccb8" dataRowInfo="6" resultType="DataDrivenDataRow" />
        <UnitTestResult executionId="434d49b1-cb0d-4b12-b086-de8607cc1da5" parentExecutionId="9c3c241b-a8cd-4200-8ac2-2917e8daccb8" testId="d766a059-d96c-7b47-e6a6-34931760df96" testName="all_persons_tenses_passive" computerName="ARPAN-LAP" duration="00:00:00.0304370" startTime="2014-06-29T12:36:15.3634263+05:30" endTime="2014-06-29T12:36:15.3944281+05:30" testType="13cdc9d9-ddb5-4fa4-a97d-d965ccfc6d4b" outcome="Passed" testListId="8c84fa94-04c1-424b-9868-57a2d4851a1d" relativeResultsDirectory="9c3c241b-a8cd-4200-8ac2-2917e8daccb8" dataRowInfo="7" resultType="DataDrivenDataRow" />
        <UnitTestResult executionId="6cdfd826-8cf0-400f-906f-abcf03d52e7d" parentExecutionId="9c3c241b-a8cd-4200-8ac2-2917e8daccb8" testId="d766a059-d96c-7b47-e6a6-34931760df96" testName="all_persons_tenses_passive" computerName="ARPAN-LAP" duration="00:00:00.0402729" startTime="2014-06-29T12:36:15.3944281+05:30" endTime="2014-06-29T12:36:15.4344304+05:30" testType="13cdc9d9-ddb5-4fa4-a97d-d965ccfc6d4b" outcome="Passed" testListId="8c84fa94-04c1-424b-9868-57a2d4851a1d" relativeResultsDirectory="9c3c241b-a8cd-4200-8ac2-2917e8daccb8" dataRowInfo="8" resultType="DataDrivenDataRow" />
        <UnitTestResult executionId="7c3c9146-e703-476b-b20c-0c41aa7c83a6" parentExecutionId="9c3c241b-a8cd-4200-8ac2-2917e8daccb8" testId="d766a059-d96c-7b47-e6a6-34931760df96" testName="all_persons_tenses_passive" computerName="ARPAN-LAP" duration="00:00:00.0415925" startTime="2014-06-29T12:36:15.4344304+05:30" endTime="2014-06-29T12:36:15.4764328+05:30" testType="13cdc9d9-ddb5-4fa4-a97d-d965ccfc6d4b" outcome="Passed" testListId="8c84fa94-04c1-424b-9868-57a2d4851a1d" relativeResultsDirectory="9c3c241b-a8cd-4200-8ac2-2917e8daccb8" dataRowInfo="9" resultType="DataDrivenDataRow" />
      </InnerResults>
    </UnitTestResult>
    <UnitTestResult executionId="019564cd-8ae2-4220-86dc-547171def4f4" testId="fe3e63ab-391c-e168-48d0-431b85a7b898" testName="third_person_tenses_active_negation" computerName="ARPAN-LAP" duration="00:00:00.2465742" startTime="2014-06-29T12:36:15.5094347+05:30" endTime="2014-06-29T12:36:15.7954510+05:30" testType="13cdc9d9-ddb5-4fa4-a97d-d965ccfc6d4b" outcome="Passed" testListId="8c84fa94-04c1-424b-9868-57a2d4851a1d" relativeResultsDirectory="019564cd-8ae2-4220-86dc-547171def4f4" resultType="DataDrivenTest">
      <Counters error="0" failed="0" timeout="0" aborted="0" inconclusive="0" passedButRunAborted="0" notRunnable="0" notExecuted="0" disconnected="0" warning="0" passed="10" completed="0" inProgress="0" pending="0" />
      <InnerResults>
        <UnitTestResult executionId="e4bf5f00-ad08-4048-b0f9-e60e23971050" parentExecutionId="019564cd-8ae2-4220-86dc-547171def4f4" testId="fe3e63ab-391c-e168-48d0-431b85a7b898" testName="third_person_tenses_active_negation" computerName="ARPAN-LAP" duration="00:00:00.0250446" startTime="2014-06-29T12:36:15.5144350+05:30" endTime="2014-06-29T12:36:15.5394364+05:30" testType="13cdc9d9-ddb5-4fa4-a97d-d965ccfc6d4b" outcome="Passed" testListId="8c84fa94-04c1-424b-9868-57a2d4851a1d" relativeResultsDirectory="019564cd-8ae2-4220-86dc-547171def4f4" dataRowInfo="0" resultType="DataDrivenDataRow" />
        <UnitTestResult executionId="f6a9ac82-8026-47f9-9dfe-9c72de0d347b" parentExecutionId="019564cd-8ae2-4220-86dc-547171def4f4" testId="fe3e63ab-391c-e168-48d0-431b85a7b898" testName="third_person_tenses_active_negation" computerName="ARPAN-LAP" duration="00:00:00.0209697" startTime="2014-06-29T12:36:15.5394364+05:30" endTime="2014-06-29T12:36:15.5604376+05:30" testType="13cdc9d9-ddb5-4fa4-a97d-d965ccfc6d4b" outcome="Passed" testListId="8c84fa94-04c1-424b-9868-57a2d4851a1d" relativeResultsDirectory="019564cd-8ae2-4220-86dc-547171def4f4" dataRowInfo="1" resultType="DataDrivenDataRow" />
        <UnitTestResult executionId="76c8c775-0ebb-452c-838a-f8e97650fc8b" parentExecutionId="019564cd-8ae2-4220-86dc-547171def4f4" testId="fe3e63ab-391c-e168-48d0-431b85a7b898" testName="third_person_tenses_active_negation" computerName="ARPAN-LAP" duration="00:00:00.0226712" startTime="2014-06-29T12:36:15.5604376+05:30" endTime="2014-06-29T12:36:15.5834389+05:30" testType="13cdc9d9-ddb5-4fa4-a97d-d965ccfc6d4b" outcome="Passed" testListId="8c84fa94-04c1-424b-9868-57a2d4851a1d" relativeResultsDirectory="019564cd-8ae2-4220-86dc-547171def4f4" dataRowInfo="2" resultType="DataDrivenDataRow" />
        <UnitTestResult executionId="3718853b-ecc7-437d-af35-7733328ecd4b" parentExecutionId="019564cd-8ae2-4220-86dc-547171def4f4" testId="fe3e63ab-391c-e168-48d0-431b85a7b898" testName="third_person_tenses_active_negation" computerName="ARPAN-LAP" duration="00:00:00.0293679" startTime="2014-06-29T12:36:15.5834389+05:30" endTime="2014-06-29T12:36:15.6124406+05:30" testType="13cdc9d9-ddb5-4fa4-a97d-d965ccfc6d4b" outcome="Passed" testListId="8c84fa94-04c1-424b-9868-57a2d4851a1d" relativeResultsDirectory="019564cd-8ae2-4220-86dc-547171def4f4" dataRowInfo="3" resultType="DataDrivenDataRow" />
        <UnitTestResult executionId="ee075762-6779-4673-b773-6d7e2895a53a" parentExecutionId="019564cd-8ae2-4220-86dc-547171def4f4" testId="fe3e63ab-391c-e168-48d0-431b85a7b898" testName="third_person_tenses_active_negation" computerName="ARPAN-LAP" duration="00:00:00.0213449" startTime="2014-06-29T12:36:15.6134406+05:30" endTime="2014-06-29T12:36:15.6344418+05:30" testType="13cdc9d9-ddb5-4fa4-a97d-d965ccfc6d4b" outcome="Passed" testListId="8c84fa94-04c1-424b-9868-57a2d4851a1d" relativeResultsDirectory="019564cd-8ae2-4220-86dc-547171def4f4" dataRowInfo="4" resultType="DataDrivenDataRow" />
        <UnitTestResult executionId="071e8943-0749-42cb-b3df-da2a0e5cc821" parentExecutionId="019564cd-8ae2-4220-86dc-547171def4f4" testId="fe3e63ab-391c-e168-48d0-431b85a7b898" testName="third_person_tenses_active_negation" computerName="ARPAN-LAP" duration="00:00:00.0227503" startTime="2014-06-29T12:36:15.6344418+05:30" endTime="2014-06-29T12:36:15.6574432+05:30" testType="13cdc9d9-ddb5-4fa4-a97d-d965ccfc6d4b" outcome="Passed" testListId="8c84fa94-04c1-424b-9868-57a2d4851a1d" relativeResultsDirectory="019564cd-8ae2-4220-86dc-547171def4f4" dataRowInfo="5" resultType="DataDrivenDataRow" />
        <UnitTestResult executionId="76afef53-12b7-452d-83f1-f85f6b6ae120" parentExecutionId="019564cd-8ae2-4220-86dc-547171def4f4" testId="fe3e63ab-391c-e168-48d0-431b85a7b898" testName="third_person_tenses_active_negation" computerName="ARPAN-LAP" duration="00:00:00.0251898" startTime="2014-06-29T12:36:15.6574432+05:30" endTime="2014-06-29T12:36:15.6824446+05:30" testType="13cdc9d9-ddb5-4fa4-a97d-d965ccfc6d4b" outcome="Passed" testListId="8c84fa94-04c1-424b-9868-57a2d4851a1d" relativeResultsDirectory="019564cd-8ae2-4220-86dc-547171def4f4" dataRowInfo="6" resultType="DataDrivenDataRow" />
        <UnitTestResult executionId="4d55d3b8-3a67-4ace-91de-75e215809d9e" parentExecutionId="019564cd-8ae2-4220-86dc-547171def4f4" testId="fe3e63ab-391c-e168-48d0-431b85a7b898" testName="third_person_tenses_active_negation" computerName="ARPAN-LAP" duration="00:00:00.0284594" startTime="2014-06-29T12:36:15.6824446+05:30" endTime="2014-06-29T12:36:15.7104462+05:30" testType="13cdc9d9-ddb5-4fa4-a97d-d965ccfc6d4b" outcome="Passed" testListId="8c84fa94-04c1-424b-9868-57a2d4851a1d" relativeResultsDirectory="019564cd-8ae2-4220-86dc-547171def4f4" dataRowInfo="7" resultType="DataDrivenDataRow" />
        <UnitTestResult executionId="97eb0f9d-0ee9-4546-a719-adf3720279ad" parentExecutionId="019564cd-8ae2-4220-86dc-547171def4f4" testId="fe3e63ab-391c-e168-48d0-431b85a7b898" testName="third_person_tenses_active_negation" computerName="ARPAN-LAP" duration="00:00:00.0209646" startTime="2014-06-29T12:36:15.7104462+05:30" endTime="2014-06-29T12:36:15.7314474+05:30" testType="13cdc9d9-ddb5-4fa4-a97d-d965ccfc6d4b" outcome="Passed" testListId="8c84fa94-04c1-424b-9868-57a2d4851a1d" relativeResultsDirectory="019564cd-8ae2-4220-86dc-547171def4f4" dataRowInfo="8" resultType="DataDrivenDataRow" />
        <UnitTestResult executionId="649bd163-b47f-4743-9fd2-d3ed80a986b2" parentExecutionId="019564cd-8ae2-4220-86dc-547171def4f4" testId="fe3e63ab-391c-e168-48d0-431b85a7b898" testName="third_person_tenses_active_negation" computerName="ARPAN-LAP" duration="00:00:00.0267055" startTime="2014-06-29T12:36:15.7314474+05:30" endTime="2014-06-29T12:36:15.7584489+05:30" testType="13cdc9d9-ddb5-4fa4-a97d-d965ccfc6d4b" outcome="Passed" testListId="8c84fa94-04c1-424b-9868-57a2d4851a1d" relativeResultsDirectory="019564cd-8ae2-4220-86dc-547171def4f4" dataRowInfo="9" resultType="DataDrivenDataRow" />
      </InnerResults>
    </UnitTestResult>
  </Results>
</TestRun>