<?xml version="1.0" encoding="UTF-8"?>
<TestRun id="ea3d5582-41c1-4e87-b423-6c819111cdea" name="Arghya@ARPAN-LAP 2014-06-29 12:10:29" runUser="ARPAN-LAP\Arghya" xmlns="http://microsoft.com/schemas/VisualStudio/TeamTest/2010">
  <TestSettings name="Default Test Settings" id="2dc2a54e-bc38-4e93-b7ea-b394b0f33b7e">
    <Deployment userDeploymentRoot="D:\software\Project\BNLP\TestResults" useDefaultDeploymentRoot="false" runDeploymentRoot="Arghya_ARPAN-LAP 2014-06-29 12_10_29" />
    <Execution>
      <TestTypeSpecific />
      <AgentRule name="Execution Agents">
      </AgentRule>
    </Execution>
  </TestSettings>
  <Times creation="2014-06-29T12:10:29.8930305+05:30" queuing="2014-06-29T12:10:40.1636179+05:30" start="2014-06-29T12:10:40.2976256+05:30" finish="2014-06-29T12:11:01.0328116+05:30" />
  <ResultSummary outcome="Failed">
    <Counters total="309" executed="309" passed="299" error="0" failed="10" timeout="0" aborted="0" inconclusive="0" passedButRunAborted="0" notRunnable="0" notExecuted="0" disconnected="0" warning="0" completed="0" inProgress="0" pending="0" />
    <RunInfos>
      <RunInfo computerName="ARPAN-LAP" outcome="Warning" timestamp="2014-06-29T12:10:40.1376164+05:30">
        <Text>Warning: Test Run deployment issue: Failed to get the file for deployment item '..\UnitTest\TestCases\wikipedia.xml' specified by the test 'UnitTest.BnlpTest.RandomWord': System.IO.DirectoryNotFoundException: Could not find a part of the path 'D:\software\Project\UnitTest\TestCases\wikipedia.xml'.</Text>
        <Exception>System.IO.DirectoryNotFoundException: Could not find a part of the path 'D:\software\Project\UnitTest\TestCases\wikipedia.xml'.
   at System.IO.__Error.WinIOError(Int32 errorCode, String maybeFullPath)
   at System.IO.File.GetAttributes(String path)
   at Microsoft.VisualStudio.TestTools.Common.SingleFileProvider.GetFilePaths()
   at Microsoft.VisualStudio.TestTools.TestManagement.DeploymentCoverageItem.GetFiles(TestRunConfiguration runConfig)
   at Microsoft.VisualStudio.TestTools.TestManagement.DeploymentManager.DoDeployment(TestRun run, FileCopyService fileCopyService)</Exception>
      </RunInfo>
      <RunInfo computerName="ARPAN-LAP" outcome="Warning" timestamp="2014-06-29T12:10:40.1386165+05:30">
        <Text>Warning: Test Run deployment issue: Failed to get the file for deployment item '..\UnitTest\TestCases\interrogative_sentences_who.xml' specified by the test 'UnitTest.BnlpTest.interrogative_sentences_who': System.IO.DirectoryNotFoundException: Could not find a part of the path 'D:\software\Project\UnitTest\TestCases\interrogative_sentences_who.xml'.</Text>
        <Exception>System.IO.DirectoryNotFoundException: Could not find a part of the path 'D:\software\Project\UnitTest\TestCases\interrogative_sentences_who.xml'.
   at System.IO.__Error.WinIOError(Int32 errorCode, String maybeFullPath)
   at System.IO.File.GetAttributes(String path)
   at Microsoft.VisualStudio.TestTools.Common.SingleFileProvider.GetFilePaths()
   at Microsoft.VisualStudio.TestTools.TestManagement.DeploymentCoverageItem.GetFiles(TestRunConfiguration runConfig)
   at Microsoft.VisualStudio.TestTools.TestManagement.DeploymentManager.DoDeployment(TestRun run, FileCopyService fileCopyService)</Exception>
      </RunInfo>
      <RunInfo computerName="ARPAN-LAP" outcome="Warning" timestamp="2014-06-29T12:10:40.1396166+05:30">
        <Text>Warning: Test Run deployment issue: Failed to get the file for deployment item '..\UnitTest\TestCases\special_handling_do_verb.xml' specified by the test 'UnitTest.BnlpTest.special_handling_do_verb': System.IO.DirectoryNotFoundException: Could not find a part of the path 'D:\software\Project\UnitTest\TestCases\special_handling_do_verb.xml'.</Text>
        <Exception>System.IO.DirectoryNotFoundException: Could not find a part of the path 'D:\software\Project\UnitTest\TestCases\special_handling_do_verb.xml'.
   at System.IO.__Error.WinIOError(Int32 errorCode, String maybeFullPath)
   at System.IO.File.GetAttributes(String path)
   at Microsoft.VisualStudio.TestTools.Common.SingleFileProvider.GetFilePaths()
   at Microsoft.VisualStudio.TestTools.TestManagement.DeploymentCoverageItem.GetFiles(TestRunConfiguration runConfig)
   at Microsoft.VisualStudio.TestTools.TestManagement.DeploymentManager.DoDeployment(TestRun run, FileCopyService fileCopyService)</Exception>
      </RunInfo>
      <RunInfo computerName="ARPAN-LAP" outcome="Warning" timestamp="2014-06-29T12:10:40.1406166+05:30">
        <Text>Warning: Test Run deployment issue: Failed to get the file for deployment item '..\UnitTest\TestCases\interrogative_sentences_which.xml' specified by the test 'UnitTest.BnlpTest.interrogative_sentences_which': System.IO.DirectoryNotFoundException: Could not find a part of the path 'D:\software\Project\UnitTest\TestCases\interrogative_sentences_which.xml'.</Text>
        <Exception>System.IO.DirectoryNotFoundException: Could not find a part of the path 'D:\software\Project\UnitTest\TestCases\interrogative_sentences_which.xml'.
   at System.IO.__Error.WinIOError(Int32 errorCode, String maybeFullPath)
   at System.IO.File.GetAttributes(String path)
   at Microsoft.VisualStudio.TestTools.Common.SingleFileProvider.GetFilePaths()
   at Microsoft.VisualStudio.TestTools.TestManagement.DeploymentCoverageItem.GetFiles(TestRunConfiguration runConfig)
   at Microsoft.VisualStudio.TestTools.TestManagement.DeploymentManager.DoDeployment(TestRun run, FileCopyService fileCopyService)</Exception>
      </RunInfo>
      <RunInfo computerName="ARPAN-LAP" outcome="Warning" timestamp="2014-06-29T12:10:40.1416167+05:30">
        <Text>Warning: Test Run deployment issue: Failed to get the file for deployment item '..\UnitTest\TestCases\all_persons_modal_should.xml' specified by the test 'UnitTest.BnlpTest.all_persons_modal_should': System.IO.DirectoryNotFoundException: Could not find a part of the path 'D:\software\Project\UnitTest\TestCases\all_persons_modal_should.xml'.</Text>
        <Exception>System.IO.DirectoryNotFoundException: Could not find a part of the path 'D:\software\Project\UnitTest\TestCases\all_persons_modal_should.xml'.
   at System.IO.__Error.WinIOError(Int32 errorCode, String maybeFullPath)
   at System.IO.File.GetAttributes(String path)
   at Microsoft.VisualStudio.TestTools.Common.SingleFileProvider.GetFilePaths()
   at Microsoft.VisualStudio.TestTools.TestManagement.DeploymentCoverageItem.GetFiles(TestRunConfiguration runConfig)
   at Microsoft.VisualStudio.TestTools.TestManagement.DeploymentManager.DoDeployment(TestRun run, FileCopyService fileCopyService)</Exception>
      </RunInfo>
      <RunInfo computerName="ARPAN-LAP" outcome="Warning" timestamp="2014-06-29T12:10:40.1426167+05:30">
        <Text>Warning: Test Run deployment issue: Failed to get the file for deployment item '..\UnitTest\TestCases\third_person_tenses_active.xml' specified by the test 'UnitTest.BnlpTest.third_person_tenses_active': System.IO.DirectoryNotFoundException: Could not find a part of the path 'D:\software\Project\UnitTest\TestCases\third_person_tenses_active.xml'.</Text>
        <Exception>System.IO.DirectoryNotFoundException: Could not find a part of the path 'D:\software\Project\UnitTest\TestCases\third_person_tenses_active.xml'.
   at System.IO.__Error.WinIOError(Int32 errorCode, String maybeFullPath)
   at System.IO.File.GetAttributes(String path)
   at Microsoft.VisualStudio.TestTools.Common.SingleFileProvider.GetFilePaths()
   at Microsoft.VisualStudio.TestTools.TestManagement.DeploymentCoverageItem.GetFiles(TestRunConfiguration runConfig)
   at Microsoft.VisualStudio.TestTools.TestManagement.DeploymentManager.DoDeployment(TestRun run, FileCopyService fileCopyService)</Exception>
      </RunInfo>
      <RunInfo computerName="ARPAN-LAP" outcome="Warning" timestamp="2014-06-29T12:10:40.1436168+05:30">
        <Text>Warning: Test Run deployment issue: Failed to get the file for deployment item '..\UnitTest\TestCases\all_persons_tenses_passive.xml' specified by the test 'UnitTest.BnlpTest.all_persons_tenses_passive': System.IO.DirectoryNotFoundException: Could not find a part of the path 'D:\software\Project\UnitTest\TestCases\all_persons_tenses_passive.xml'.</Text>
        <Exception>System.IO.DirectoryNotFoundException: Could not find a part of the path 'D:\software\Project\UnitTest\TestCases\all_persons_tenses_passive.xml'.
   at System.IO.__Error.WinIOError(Int32 errorCode, String maybeFullPath)
   at System.IO.File.GetAttributes(String path)
   at Microsoft.VisualStudio.TestTools.Common.SingleFileProvider.GetFilePaths()
   at Microsoft.VisualStudio.TestTools.TestManagement.DeploymentCoverageItem.GetFiles(TestRunConfiguration runConfig)
   at Microsoft.VisualStudio.TestTools.TestManagement.DeploymentManager.DoDeployment(TestRun run, FileCopyService fileCopyService)</Exception>
      </RunInfo>
      <RunInfo computerName="ARPAN-LAP" outcome="Warning" timestamp="2014-06-29T12:10:40.1446168+05:30">
        <Text>Warning: Test Run deployment issue: Failed to get the file for deployment item '..\UnitTest\TestCases\interrogative_sentences_aux.xml' specified by the test 'UnitTest.BnlpTest.interrogative_sentences_aux': System.IO.DirectoryNotFoundException: Could not find a part of the path 'D:\software\Project\UnitTest\TestCases\interrogative_sentences_aux.xml'.</Text>
        <Exception>System.IO.DirectoryNotFoundException: Could not find a part of the path 'D:\software\Project\UnitTest\TestCases\interrogative_sentences_aux.xml'.
   at System.IO.__Error.WinIOError(Int32 errorCode, String maybeFullPath)
   at System.IO.File.GetAttributes(String path)
   at Microsoft.VisualStudio.TestTools.Common.SingleFileProvider.GetFilePaths()
   at Microsoft.VisualStudio.TestTools.TestManagement.DeploymentCoverageItem.GetFiles(TestRunConfiguration runConfig)
   at Microsoft.VisualStudio.TestTools.TestManagement.DeploymentManager.DoDeployment(TestRun run, FileCopyService fileCopyService)</Exception>
      </RunInfo>
      <RunInfo computerName="ARPAN-LAP" outcome="Warning" timestamp="2014-06-29T12:10:40.1456169+05:30">
        <Text>Warning: Test Run deployment issue: Failed to get the file for deployment item '..\UnitTest\TestCases\second_person_tenses_active_negation.xml' specified by the test 'UnitTest.BnlpTest.second_person_tenses_active_negation': System.IO.DirectoryNotFoundException: Could not find a part of the path 'D:\software\Project\UnitTest\TestCases\second_person_tenses_active_negation.xml'.</Text>
        <Exception>System.IO.DirectoryNotFoundException: Could not find a part of the path 'D:\software\Project\UnitTest\TestCases\second_person_tenses_active_negation.xml'.
   at System.IO.__Error.WinIOError(Int32 errorCode, String maybeFullPath)
   at System.IO.File.GetAttributes(String path)
   at Microsoft.VisualStudio.TestTools.Common.SingleFileProvider.GetFilePaths()
   at Microsoft.VisualStudio.TestTools.TestManagement.DeploymentCoverageItem.GetFiles(TestRunConfiguration runConfig)
   at Microsoft.VisualStudio.TestTools.TestManagement.DeploymentManager.DoDeployment(TestRun run, FileCopyService fileCopyService)</Exception>
      </RunInfo>
      <RunInfo computerName="ARPAN-LAP" outcome="Warning" timestamp="2014-06-29T12:10:40.1466170+05:30">
        <Text>Warning: Test Run deployment issue: Failed to get the file for deployment item '..\UnitTest\TestCases\interrogative_sentences_where.xml' specified by the test 'UnitTest.BnlpTest.interrogative_sentences_where': System.IO.DirectoryNotFoundException: Could not find a part of the path 'D:\software\Project\UnitTest\TestCases\interrogative_sentences_where.xml'.</Text>
        <Exception>System.IO.DirectoryNotFoundException: Could not find a part of the path 'D:\software\Project\UnitTest\TestCases\interrogative_sentences_where.xml'.
   at System.IO.__Error.WinIOError(Int32 errorCode, String maybeFullPath)
   at System.IO.File.GetAttributes(String path)
   at Microsoft.VisualStudio.TestTools.Common.SingleFileProvider.GetFilePaths()
   at Microsoft.VisualStudio.TestTools.TestManagement.DeploymentCoverageItem.GetFiles(TestRunConfiguration runConfig)
   at Microsoft.VisualStudio.TestTools.TestManagement.DeploymentManager.DoDeployment(TestRun run, FileCopyService fileCopyService)</Exception>
      </RunInfo>
      <RunInfo computerName="ARPAN-LAP" outcome="Warning" timestamp="2014-06-29T12:10:40.1476170+05:30">
        <Text>Warning: Test Run deployment issue: Failed to get the file for deployment item '..\UnitTest\TestCases\prepositions_made_with_three_words.xml' specified by the test 'UnitTest.BnlpTest.prepositions_made_with_three_words': System.IO.DirectoryNotFoundException: Could not find a part of the path 'D:\software\Project\UnitTest\TestCases\prepositions_made_with_three_words.xml'.</Text>
        <Exception>System.IO.DirectoryNotFoundException: Could not find a part of the path 'D:\software\Project\UnitTest\TestCases\prepositions_made_with_three_words.xml'.
   at System.IO.__Error.WinIOError(Int32 errorCode, String maybeFullPath)
   at System.IO.File.GetAttributes(String path)
   at Microsoft.VisualStudio.TestTools.Common.SingleFileProvider.GetFilePaths()
   at Microsoft.VisualStudio.TestTools.TestManagement.DeploymentCoverageItem.GetFiles(TestRunConfiguration runConfig)
   at Microsoft.VisualStudio.TestTools.TestManagement.DeploymentManager.DoDeployment(TestRun run, FileCopyService fileCopyService)</Exception>
      </RunInfo>
      <RunInfo computerName="ARPAN-LAP" outcome="Warning" timestamp="2014-06-29T12:10:40.1486171+05:30">
        <Text>Warning: Test Run deployment issue: Failed to get the file for deployment item '..\UnitTest\TestCases\interrogative_sentences_what.xml' specified by the test 'UnitTest.BnlpTest.interrogative_sentences_what': System.IO.DirectoryNotFoundException: Could not find a part of the path 'D:\software\Project\UnitTest\TestCases\interrogative_sentences_what.xml'.</Text>
        <Exception>System.IO.DirectoryNotFoundException: Could not find a part of the path 'D:\software\Project\UnitTest\TestCases\interrogative_sentences_what.xml'.
   at System.IO.__Error.WinIOError(Int32 errorCode, String maybeFullPath)
   at System.IO.File.GetAttributes(String path)
   at Microsoft.VisualStudio.TestTools.Common.SingleFileProvider.GetFilePaths()
   at Microsoft.VisualStudio.TestTools.TestManagement.DeploymentCoverageItem.GetFiles(TestRunConfiguration runConfig)
   at Microsoft.VisualStudio.TestTools.TestManagement.DeploymentManager.DoDeployment(TestRun run, FileCopyService fileCopyService)</Exception>
      </RunInfo>
      <RunInfo computerName="ARPAN-LAP" outcome="Warning" timestamp="2014-06-29T12:10:40.1496171+05:30">
        <Text>Warning: Test Run deployment issue: Failed to get the file for deployment item '..\UnitTest\TestCases\interrogative_sentences_how.xml' specified by the test 'UnitTest.BnlpTest.interrogative_sentences_how': System.IO.DirectoryNotFoundException: Could not find a part of the path 'D:\software\Project\UnitTest\TestCases\interrogative_sentences_how.xml'.</Text>
        <Exception>System.IO.DirectoryNotFoundException: Could not find a part of the path 'D:\software\Project\UnitTest\TestCases\interrogative_sentences_how.xml'.
   at System.IO.__Error.WinIOError(Int32 errorCode, String maybeFullPath)
   at System.IO.File.GetAttributes(String path)
   at Microsoft.VisualStudio.TestTools.Common.SingleFileProvider.GetFilePaths()
   at Microsoft.VisualStudio.TestTools.TestManagement.DeploymentCoverageItem.GetFiles(TestRunConfiguration runConfig)
   at Microsoft.VisualStudio.TestTools.TestManagement.DeploymentManager.DoDeployment(TestRun run, FileCopyService fileCopyService)</Exception>
      </RunInfo>
      <RunInfo computerName="ARPAN-LAP" outcome="Warning" timestamp="2014-06-29T12:10:40.1506172+05:30">
        <Text>Warning: Test Run deployment issue: Failed to get the file for deployment item '..\UnitTest\TestCases\interrogative_sentences_whom.xml' specified by the test 'UnitTest.BnlpTest.interrogative_sentences_whom': System.IO.DirectoryNotFoundException: Could not find a part of the path 'D:\software\Project\UnitTest\TestCases\interrogative_sentences_whom.xml'.</Text>
        <Exception>System.IO.DirectoryNotFoundException: Could not find a part of the path 'D:\software\Project\UnitTest\TestCases\interrogative_sentences_whom.xml'.
   at System.IO.__Error.WinIOError(Int32 errorCode, String maybeFullPath)
   at System.IO.File.GetAttributes(String path)
   at Microsoft.VisualStudio.TestTools.Common.SingleFileProvider.GetFilePaths()
   at Microsoft.VisualStudio.TestTools.TestManagement.DeploymentCoverageItem.GetFiles(TestRunConfiguration runConfig)
   at Microsoft.VisualStudio.TestTools.TestManagement.DeploymentManager.DoDeployment(TestRun run, FileCopyService fileCopyService)</Exception>
      </RunInfo>
      <RunInfo computerName="ARPAN-LAP" outcome="Warning" timestamp="2014-06-29T12:10:40.1526173+05:30">
        <Text>Warning: Test Run deployment issue: Failed to get the file for deployment item '..\UnitTest\TestCases\second_person_tenses_active.xml' specified by the test 'UnitTest.BnlpTest.second_person_tenses_active': System.IO.DirectoryNotFoundException: Could not find a part of the path 'D:\software\Project\UnitTest\TestCases\second_person_tenses_active.xml'.</Text>
        <Exception>System.IO.DirectoryNotFoundException: Could not find a part of the path 'D:\software\Project\UnitTest\TestCases\second_person_tenses_active.xml'.
   at System.IO.__Error.WinIOError(Int32 errorCode, String maybeFullPath)
   at System.IO.File.GetAttributes(String path)
   at Microsoft.VisualStudio.TestTools.Common.SingleFileProvider.GetFilePaths()
   at Microsoft.VisualStudio.TestTools.TestManagement.DeploymentCoverageItem.GetFiles(TestRunConfiguration runConfig)
   at Microsoft.VisualStudio.TestTools.TestManagement.DeploymentManager.DoDeployment(TestRun run, FileCopyService fileCopyService)</Exception>
      </RunInfo>
      <RunInfo computerName="ARPAN-LAP" outcome="Warning" timestamp="2014-06-29T12:10:40.1536174+05:30">
        <Text>Warning: Test Run deployment issue: Failed to get the file for deployment item '..\UnitTest\TestCases\all_persons_modal_should_negation.xml' specified by the test 'UnitTest.BnlpTest.all_persons_modal_should_negation': System.IO.DirectoryNotFoundException: Could not find a part of the path 'D:\software\Project\UnitTest\TestCases\all_persons_modal_should_negation.xml'.</Text>
        <Exception>System.IO.DirectoryNotFoundException: Could not find a part of the path 'D:\software\Project\UnitTest\TestCases\all_persons_modal_should_negation.xml'.
   at System.IO.__Error.WinIOError(Int32 errorCode, String maybeFullPath)
   at System.IO.File.GetAttributes(String path)
   at Microsoft.VisualStudio.TestTools.Common.SingleFileProvider.GetFilePaths()
   at Microsoft.VisualStudio.TestTools.TestManagement.DeploymentCoverageItem.GetFiles(TestRunConfiguration runConfig)
   at Microsoft.VisualStudio.TestTools.TestManagement.DeploymentManager.DoDeployment(TestRun run, FileCopyService fileCopyService)</Exception>
      </RunInfo>
      <RunInfo computerName="ARPAN-LAP" outcome="Warning" timestamp="2014-06-29T12:10:40.1546174+05:30">
        <Text>Warning: Test Run deployment issue: Failed to get the file for deployment item '..\UnitTest\TestCases\first_person_tenses_active_negation.xml' specified by the test 'UnitTest.BnlpTest.first_person_tenses_active_negation': System.IO.DirectoryNotFoundException: Could not find a part of the path 'D:\software\Project\UnitTest\TestCases\first_person_tenses_active_negation.xml'.</Text>
        <Exception>System.IO.DirectoryNotFoundException: Could not find a part of the path 'D:\software\Project\UnitTest\TestCases\first_person_tenses_active_negation.xml'.
   at System.IO.__Error.WinIOError(Int32 errorCode, String maybeFullPath)
   at System.IO.File.GetAttributes(String path)
   at Microsoft.VisualStudio.TestTools.Common.SingleFileProvider.GetFilePaths()
   at Microsoft.VisualStudio.TestTools.TestManagement.DeploymentCoverageItem.GetFiles(TestRunConfiguration runConfig)
   at Microsoft.VisualStudio.TestTools.TestManagement.DeploymentManager.DoDeployment(TestRun run, FileCopyService fileCopyService)</Exception>
      </RunInfo>
      <RunInfo computerName="ARPAN-LAP" outcome="Warning" timestamp="2014-06-29T12:10:40.1556175+05:30">
        <Text>Warning: Test Run deployment issue: Failed to get the file for deployment item '..\UnitTest\TestCases\all_persons_modal_can_may_negation.xml' specified by the test 'UnitTest.BnlpTest.all_persons_modal_can_may_negation': System.IO.DirectoryNotFoundException: Could not find a part of the path 'D:\software\Project\UnitTest\TestCases\all_persons_modal_can_may_negation.xml'.</Text>
        <Exception>System.IO.DirectoryNotFoundException: Could not find a part of the path 'D:\software\Project\UnitTest\TestCases\all_persons_modal_can_may_negation.xml'.
   at System.IO.__Error.WinIOError(Int32 errorCode, String maybeFullPath)
   at System.IO.File.GetAttributes(String path)
   at Microsoft.VisualStudio.TestTools.Common.SingleFileProvider.GetFilePaths()
   at Microsoft.VisualStudio.TestTools.TestManagement.DeploymentCoverageItem.GetFiles(TestRunConfiguration runConfig)
   at Microsoft.VisualStudio.TestTools.TestManagement.DeploymentManager.DoDeployment(TestRun run, FileCopyService fileCopyService)</Exception>
      </RunInfo>
      <RunInfo computerName="ARPAN-LAP" outcome="Warning" timestamp="2014-06-29T12:10:40.1566175+05:30">
        <Text>Warning: Test Run deployment issue: Failed to get the file for deployment item '..\UnitTest\TestCases\third_person_tenses_active_negation.xml' specified by the test 'UnitTest.BnlpTest.third_person_tenses_active_negation': System.IO.DirectoryNotFoundException: Could not find a part of the path 'D:\software\Project\UnitTest\TestCases\third_person_tenses_active_negation.xml'.</Text>
        <Exception>System.IO.DirectoryNotFoundException: Could not find a part of the path 'D:\software\Project\UnitTest\TestCases\third_person_tenses_active_negation.xml'.
   at System.IO.__Error.WinIOError(Int32 errorCode, String maybeFullPath)
   at System.IO.File.GetAttributes(String path)
   at Microsoft.VisualStudio.TestTools.Common.SingleFileProvider.GetFilePaths()
   at Microsoft.VisualStudio.TestTools.TestManagement.DeploymentCoverageItem.GetFiles(TestRunConfiguration runConfig)
   at Microsoft.VisualStudio.TestTools.TestManagement.DeploymentManager.DoDeployment(TestRun run, FileCopyService fileCopyService)</Exception>
      </RunInfo>
      <RunInfo computerName="ARPAN-LAP" outcome="Warning" timestamp="2014-06-29T12:10:40.1576176+05:30">
        <Text>Warning: Test Run deployment issue: Failed to get the file for deployment item '..\UnitTest\TestCases\interrogative_sentences_do.xml' specified by the test 'UnitTest.BnlpTest.interrogative_sentences_do': System.IO.DirectoryNotFoundException: Could not find a part of the path 'D:\software\Project\UnitTest\TestCases\interrogative_sentences_do.xml'.</Text>
        <Exception>System.IO.DirectoryNotFoundException: Could not find a part of the path 'D:\software\Project\UnitTest\TestCases\interrogative_sentences_do.xml'.
   at System.IO.__Error.WinIOError(Int32 errorCode, String maybeFullPath)
   at System.IO.File.GetAttributes(String path)
   at Microsoft.VisualStudio.TestTools.Common.SingleFileProvider.GetFilePaths()
   at Microsoft.VisualStudio.TestTools.TestManagement.DeploymentCoverageItem.GetFiles(TestRunConfiguration runConfig)
   at Microsoft.VisualStudio.TestTools.TestManagement.DeploymentManager.DoDeployment(TestRun run, FileCopyService fileCopyService)</Exception>
      </RunInfo>
      <RunInfo computerName="ARPAN-LAP" outcome="Warning" timestamp="2014-06-29T12:10:40.1586176+05:30">
        <Text>Warning: Test Run deployment issue: Failed to get the file for deployment item '..\UnitTest\TestCases\auxiliary_verbs_as_main_verbs.xml' specified by the test 'UnitTest.BnlpTest.auxiliary_verbs_as_main_verbs': System.IO.DirectoryNotFoundException: Could not find a part of the path 'D:\software\Project\UnitTest\TestCases\auxiliary_verbs_as_main_verbs.xml'.</Text>
        <Exception>System.IO.DirectoryNotFoundException: Could not find a part of the path 'D:\software\Project\UnitTest\TestCases\auxiliary_verbs_as_main_verbs.xml'.
   at System.IO.__Error.WinIOError(Int32 errorCode, String maybeFullPath)
   at System.IO.File.GetAttributes(String path)
   at Microsoft.VisualStudio.TestTools.Common.SingleFileProvider.GetFilePaths()
   at Microsoft.VisualStudio.TestTools.TestManagement.DeploymentCoverageItem.GetFiles(TestRunConfiguration runConfig)
   at Microsoft.VisualStudio.TestTools.TestManagement.DeploymentManager.DoDeployment(TestRun run, FileCopyService fileCopyService)</Exception>
      </RunInfo>
      <RunInfo computerName="ARPAN-LAP" outcome="Warning" timestamp="2014-06-29T12:10:40.1596177+05:30">
        <Text>Warning: Test Run deployment issue: Failed to get the file for deployment item '..\UnitTest\TestCases\all_persons_tenses_passive_negation.xml' specified by the test 'UnitTest.BnlpTest.all_persons_tenses_passive_negation': System.IO.DirectoryNotFoundException: Could not find a part of the path 'D:\software\Project\UnitTest\TestCases\all_persons_tenses_passive_negation.xml'.</Text>
        <Exception>System.IO.DirectoryNotFoundException: Could not find a part of the path 'D:\software\Project\UnitTest\TestCases\all_persons_tenses_passive_negation.xml'.
   at System.IO.__Error.WinIOError(Int32 errorCode, String maybeFullPath)
   at System.IO.File.GetAttributes(String path)
   at Microsoft.VisualStudio.TestTools.Common.SingleFileProvider.GetFilePaths()
   at Microsoft.VisualStudio.TestTools.TestManagement.DeploymentCoverageItem.GetFiles(TestRunConfiguration runConfig)
   at Microsoft.VisualStudio.TestTools.TestManagement.DeploymentManager.DoDeployment(TestRun run, FileCopyService fileCopyService)</Exception>
      </RunInfo>
      <RunInfo computerName="ARPAN-LAP" outcome="Warning" timestamp="2014-06-29T12:10:40.1606178+05:30">
        <Text>Warning: Test Run deployment issue: Failed to get the file for deployment item '..\UnitTest\TestCases\prepositions_made_with_two_words.xml' specified by the test 'UnitTest.BnlpTest.prepositions_made_with_two_words': System.IO.DirectoryNotFoundException: Could not find a part of the path 'D:\software\Project\UnitTest\TestCases\prepositions_made_with_two_words.xml'.</Text>
        <Exception>System.IO.DirectoryNotFoundException: Could not find a part of the path 'D:\software\Project\UnitTest\TestCases\prepositions_made_with_two_words.xml'.
   at System.IO.__Error.WinIOError(Int32 errorCode, String maybeFullPath)
   at System.IO.File.GetAttributes(String path)
   at Microsoft.VisualStudio.TestTools.Common.SingleFileProvider.GetFilePaths()
   at Microsoft.VisualStudio.TestTools.TestManagement.DeploymentCoverageItem.GetFiles(TestRunConfiguration runConfig)
   at Microsoft.VisualStudio.TestTools.TestManagement.DeploymentManager.DoDeployment(TestRun run, FileCopyService fileCopyService)</Exception>
      </RunInfo>
      <RunInfo computerName="ARPAN-LAP" outcome="Warning" timestamp="2014-06-29T12:10:40.1616178+05:30">
        <Text>Warning: Test Run deployment issue: Failed to get the file for deployment item '..\UnitTest\TestCases\first_person_tenses_active.xml' specified by the test 'UnitTest.BnlpTest.first_person_tenses_active': System.IO.DirectoryNotFoundException: Could not find a part of the path 'D:\software\Project\UnitTest\TestCases\first_person_tenses_active.xml'.</Text>
        <Exception>System.IO.DirectoryNotFoundException: Could not find a part of the path 'D:\software\Project\UnitTest\TestCases\first_person_tenses_active.xml'.
   at System.IO.__Error.WinIOError(Int32 errorCode, String maybeFullPath)
   at System.IO.File.GetAttributes(String path)
   at Microsoft.VisualStudio.TestTools.Common.SingleFileProvider.GetFilePaths()
   at Microsoft.VisualStudio.TestTools.TestManagement.DeploymentCoverageItem.GetFiles(TestRunConfiguration runConfig)
   at Microsoft.VisualStudio.TestTools.TestManagement.DeploymentManager.DoDeployment(TestRun run, FileCopyService fileCopyService)</Exception>
      </RunInfo>
      <RunInfo computerName="ARPAN-LAP" outcome="Warning" timestamp="2014-06-29T12:10:40.1626179+05:30">
        <Text>Warning: Test Run deployment issue: Failed to get the file for deployment item '..\UnitTest\TestCases\interrogative_sentences_why.xml' specified by the test 'UnitTest.BnlpTest.interrogative_sentences_why': System.IO.DirectoryNotFoundException: Could not find a part of the path 'D:\software\Project\UnitTest\TestCases\interrogative_sentences_why.xml'.</Text>
        <Exception>System.IO.DirectoryNotFoundException: Could not find a part of the path 'D:\software\Project\UnitTest\TestCases\interrogative_sentences_why.xml'.
   at System.IO.__Error.WinIOError(Int32 errorCode, String maybeFullPath)
   at System.IO.File.GetAttributes(String path)
   at Microsoft.VisualStudio.TestTools.Common.SingleFileProvider.GetFilePaths()
   at Microsoft.VisualStudio.TestTools.TestManagement.DeploymentCoverageItem.GetFiles(TestRunConfiguration runConfig)
   at Microsoft.VisualStudio.TestTools.TestManagement.DeploymentManager.DoDeployment(TestRun run, FileCopyService fileCopyService)</Exception>
      </RunInfo>
      <RunInfo computerName="ARPAN-LAP" outcome="Warning" timestamp="2014-06-29T12:10:40.1636179+05:30">
        <Text>Warning: Test Run deployment issue: Failed to get the file for deployment item '..\UnitTest\TestCases\all_persons_modal_can_may.xml' specified by the test 'UnitTest.BnlpTest.all_persons_modal_can_may': System.IO.DirectoryNotFoundException: Could not find a part of the path 'D:\software\Project\UnitTest\TestCases\all_persons_modal_can_may.xml'.</Text>
        <Exception>System.IO.DirectoryNotFoundException: Could not find a part of the path 'D:\software\Project\UnitTest\TestCases\all_persons_modal_can_may.xml'.
   at System.IO.__Error.WinIOError(Int32 errorCode, String maybeFullPath)
   at System.IO.File.GetAttributes(String path)
   at Microsoft.VisualStudio.TestTools.Common.SingleFileProvider.GetFilePaths()
   at Microsoft.VisualStudio.TestTools.TestManagement.DeploymentCoverageItem.GetFiles(TestRunConfiguration runConfig)
   at Microsoft.VisualStudio.TestTools.TestManagement.DeploymentManager.DoDeployment(TestRun run, FileCopyService fileCopyService)</Exception>
      </RunInfo>
    </RunInfos>
  </ResultSummary>
  <TestDefinitions>
    <UnitTest name="prepositions_made_with_three_words" storage="d:\software\project\bnlp\unittest\bin\debug\unittest.dll" id="0f33848d-a900-d644-7498-2526887b5425">
      <DeploymentItems>
        <DeploymentItem filename="..\UnitTest\TestCases\prepositions_made_with_three_words.xml" />
      </DeploymentItems>
      <Execution id="51d2f52d-ef08-47f6-84f9-a63e51f91489" />
      <TestMethod codeBase="D:/software/Project/BNLP/UnitTest/bin/Debug/UnitTest.DLL" adapterTypeName="Microsoft.VisualStudio.TestTools.TestTypes.Unit.UnitTestAdapter, Microsoft.VisualStudio.QualityTools.Tips.UnitTest.Adapter, Version=10.0.0.0, Culture=neutral, PublicKeyToken=b03f5f7f11d50a3a" className="UnitTest.BnlpTest, UnitTest, Version=1.0.0.0, Culture=neutral, PublicKeyToken=null" name="prepositions_made_with_three_words" />
      <DataSource connectionString="|DataDirectory|\TestCases\prepositions_made_with_three_words.xml" providerInvariantName="Microsoft.VisualStudio.TestTools.DataSource.XML" tableName="sentence" />
    </UnitTest>
    <UnitTest name="first_person_tenses_active" storage="d:\software\project\bnlp\unittest\bin\debug\unittest.dll" id="921e6ab0-d7c2-6005-e523-6fd2d5e1a723">
      <DeploymentItems>
        <DeploymentItem filename="..\UnitTest\TestCases\first_person_tenses_active.xml" />
      </DeploymentItems>
      <Execution id="841ffec6-dd23-4665-95e5-9bd6edd979f3" />
      <TestMethod codeBase="D:/software/Project/BNLP/UnitTest/bin/Debug/UnitTest.DLL" adapterTypeName="Microsoft.VisualStudio.TestTools.TestTypes.Unit.UnitTestAdapter, Microsoft.VisualStudio.QualityTools.Tips.UnitTest.Adapter, Version=10.0.0.0, Culture=neutral, PublicKeyToken=b03f5f7f11d50a3a" className="UnitTest.BnlpTest, UnitTest, Version=1.0.0.0, Culture=neutral, PublicKeyToken=null" name="first_person_tenses_active" />
      <DataSource connectionString="|DataDirectory|\TestCases\first_person_tenses_active.xml" providerInvariantName="Microsoft.VisualStudio.TestTools.DataSource.XML" tableName="sentence" />
    </UnitTest>
    <UnitTest name="interrogative_sentences_what" storage="d:\software\project\bnlp\unittest\bin\debug\unittest.dll" id="7f7910d1-dc89-39b4-b4cf-d9e6d7af9420">
      <DeploymentItems>
        <DeploymentItem filename="..\UnitTest\TestCases\interrogative_sentences_what.xml" />
      </DeploymentItems>
      <Execution id="86d8f504-ec8a-4155-9891-8d76f93a4cf5" />
      <TestMethod codeBase="D:/software/Project/BNLP/UnitTest/bin/Debug/UnitTest.DLL" adapterTypeName="Microsoft.VisualStudio.TestTools.TestTypes.Unit.UnitTestAdapter, Microsoft.VisualStudio.QualityTools.Tips.UnitTest.Adapter, Version=10.0.0.0, Culture=neutral, PublicKeyToken=b03f5f7f11d50a3a" className="UnitTest.BnlpTest, UnitTest, Version=1.0.0.0, Culture=neutral, PublicKeyToken=null" name="interrogative_sentences_what" />
      <DataSource connectionString="|DataDirectory|\TestCases\interrogative_sentences_what.xml" providerInvariantName="Microsoft.VisualStudio.TestTools.DataSource.XML" tableName="sentence" />
    </UnitTest>
    <UnitTest name="all_persons_modal_should_negation" storage="d:\software\project\bnlp\unittest\bin\debug\unittest.dll" id="9319d01e-de3e-d310-c76e-cae8dce4c924">
      <DeploymentItems>
        <DeploymentItem filename="..\UnitTest\TestCases\all_persons_modal_should_negation.xml" />
      </DeploymentItems>
      <Execution id="e2c37182-24c8-4678-9db9-0f9270fb97e6" />
      <TestMethod codeBase="D:/software/Project/BNLP/UnitTest/bin/Debug/UnitTest.DLL" adapterTypeName="Microsoft.VisualStudio.TestTools.TestTypes.Unit.UnitTestAdapter, Microsoft.VisualStudio.QualityTools.Tips.UnitTest.Adapter, Version=10.0.0.0, Culture=neutral, PublicKeyToken=b03f5f7f11d50a3a" className="UnitTest.BnlpTest, UnitTest, Version=1.0.0.0, Culture=neutral, PublicKeyToken=null" name="all_persons_modal_should_negation" />
      <DataSource connectionString="|DataDirectory|\TestCases\all_persons_modal_should_negation.xml" providerInvariantName="Microsoft.VisualStudio.TestTools.DataSource.XML" tableName="sentence" />
    </UnitTest>
    <UnitTest name="prepositions_made_with_two_words" storage="d:\software\project\bnlp\unittest\bin\debug\unittest.dll" id="0f337a75-1a2d-d9c3-6c5f-23ed2604b69d">
      <DeploymentItems>
        <DeploymentItem filename="..\UnitTest\TestCases\prepositions_made_with_two_words.xml" />
      </DeploymentItems>
      <Execution id="b00564fd-4ac8-4530-882c-3eada7459070" />
      <TestMethod codeBase="D:/software/Project/BNLP/UnitTest/bin/Debug/UnitTest.DLL" adapterTypeName="Microsoft.VisualStudio.TestTools.TestTypes.Unit.UnitTestAdapter, Microsoft.VisualStudio.QualityTools.Tips.UnitTest.Adapter, Version=10.0.0.0, Culture=neutral, PublicKeyToken=b03f5f7f11d50a3a" className="UnitTest.BnlpTest, UnitTest, Version=1.0.0.0, Culture=neutral, PublicKeyToken=null" name="prepositions_made_with_two_words" />
      <DataSource connectionString="|DataDirectory|\TestCases\prepositions_made_with_two_words.xml" providerInvariantName="Microsoft.VisualStudio.TestTools.DataSource.XML" tableName="sentence" />
    </UnitTest>
    <UnitTest name="interrogative_sentences_do" storage="d:\software\project\bnlp\unittest\bin\debug\unittest.dll" id="1d63c318-78a9-9011-f5c0-0b01884a2881">
      <DeploymentItems>
        <DeploymentItem filename="..\UnitTest\TestCases\interrogative_sentences_do.xml" />
      </DeploymentItems>
      <Execution id="0ed7eb37-7e23-48cc-988a-ccfbf26e80c8" />
      <TestMethod codeBase="D:/software/Project/BNLP/UnitTest/bin/Debug/UnitTest.DLL" adapterTypeName="Microsoft.VisualStudio.TestTools.TestTypes.Unit.UnitTestAdapter, Microsoft.VisualStudio.QualityTools.Tips.UnitTest.Adapter, Version=10.0.0.0, Culture=neutral, PublicKeyToken=b03f5f7f11d50a3a" className="UnitTest.BnlpTest, UnitTest, Version=1.0.0.0, Culture=neutral, PublicKeyToken=null" name="interrogative_sentences_do" />
      <DataSource connectionString="|DataDirectory|\TestCases\interrogative_sentences_do.xml" providerInvariantName="Microsoft.VisualStudio.TestTools.DataSource.XML" tableName="sentence" />
    </UnitTest>
    <UnitTest name="all_persons_tenses_passive_negation" storage="d:\software\project\bnlp\unittest\bin\debug\unittest.dll" id="bdfe92b2-f4ac-73a5-f13d-5c1ea13721b4">
      <DeploymentItems>
        <DeploymentItem filename="..\UnitTest\TestCases\all_persons_tenses_passive_negation.xml" />
      </DeploymentItems>
      <Execution id="b92c9529-f568-410e-9821-3811fe354d91" />
      <TestMethod codeBase="D:/software/Project/BNLP/UnitTest/bin/Debug/UnitTest.DLL" adapterTypeName="Microsoft.VisualStudio.TestTools.TestTypes.Unit.UnitTestAdapter, Microsoft.VisualStudio.QualityTools.Tips.UnitTest.Adapter, Version=10.0.0.0, Culture=neutral, PublicKeyToken=b03f5f7f11d50a3a" className="UnitTest.BnlpTest, UnitTest, Version=1.0.0.0, Culture=neutral, PublicKeyToken=null" name="all_persons_tenses_passive_negation" />
      <DataSource connectionString="|DataDirectory|\TestCases\all_persons_tenses_passive_negation.xml" providerInvariantName="Microsoft.VisualStudio.TestTools.DataSource.XML" tableName="sentence" />
    </UnitTest>
    <UnitTest name="third_person_tenses_active_negation" storage="d:\software\project\bnlp\unittest\bin\debug\unittest.dll" id="fe3e63ab-391c-e168-48d0-431b85a7b898">
      <DeploymentItems>
        <DeploymentItem filename="..\UnitTest\TestCases\third_person_tenses_active_negation.xml" />
      </DeploymentItems>
      <Execution id="e07e2524-1d02-461f-b60f-81151cf7dae1" />
      <TestMethod codeBase="D:/software/Project/BNLP/UnitTest/bin/Debug/UnitTest.DLL" adapterTypeName="Microsoft.VisualStudio.TestTools.TestTypes.Unit.UnitTestAdapter, Microsoft.VisualStudio.QualityTools.Tips.UnitTest.Adapter, Version=10.0.0.0, Culture=neutral, PublicKeyToken=b03f5f7f11d50a3a" className="UnitTest.BnlpTest, UnitTest, Version=1.0.0.0, Culture=neutral, PublicKeyToken=null" name="third_person_tenses_active_negation" />
      <DataSource connectionString="|DataDirectory|\TestCases\third_person_tenses_active_negation.xml" providerInvariantName="Microsoft.VisualStudio.TestTools.DataSource.XML" tableName="sentence" />
    </UnitTest>
    <UnitTest name="all_persons_modal_should" storage="d:\software\project\bnlp\unittest\bin\debug\unittest.dll" id="783915fe-114a-e353-78dd-56e92a60f942">
      <DeploymentItems>
        <DeploymentItem filename="..\UnitTest\TestCases\all_persons_modal_should.xml" />
      </DeploymentItems>
      <Execution id="c412ac62-86a0-4e10-a452-1c50acf8a194" />
      <TestMethod codeBase="D:/software/Project/BNLP/UnitTest/bin/Debug/UnitTest.DLL" adapterTypeName="Microsoft.VisualStudio.TestTools.TestTypes.Unit.UnitTestAdapter, Microsoft.VisualStudio.QualityTools.Tips.UnitTest.Adapter, Version=10.0.0.0, Culture=neutral, PublicKeyToken=b03f5f7f11d50a3a" className="UnitTest.BnlpTest, UnitTest, Version=1.0.0.0, Culture=neutral, PublicKeyToken=null" name="all_persons_modal_should" />
      <DataSource connectionString="|DataDirectory|\TestCases\all_persons_modal_should.xml" providerInvariantName="Microsoft.VisualStudio.TestTools.DataSource.XML" tableName="sentence" />
    </UnitTest>
    <UnitTest name="second_person_tenses_active" storage="d:\software\project\bnlp\unittest\bin\debug\unittest.dll" id="30ab3285-6a8c-14d2-9725-bd60892ccd90">
      <DeploymentItems>
        <DeploymentItem filename="..\UnitTest\TestCases\second_person_tenses_active.xml" />
      </DeploymentItems>
      <Execution id="274b47a0-ab51-4cd1-82a1-36b856ee8d84" />
      <TestMethod codeBase="D:/software/Project/BNLP/UnitTest/bin/Debug/UnitTest.DLL" adapterTypeName="Microsoft.VisualStudio.TestTools.TestTypes.Unit.UnitTestAdapter, Microsoft.VisualStudio.QualityTools.Tips.UnitTest.Adapter, Version=10.0.0.0, Culture=neutral, PublicKeyToken=b03f5f7f11d50a3a" className="UnitTest.BnlpTest, UnitTest, Version=1.0.0.0, Culture=neutral, PublicKeyToken=null" name="second_person_tenses_active" />
      <DataSource connectionString="|DataDirectory|\TestCases\second_person_tenses_active.xml" providerInvariantName="Microsoft.VisualStudio.TestTools.DataSource.XML" tableName="sentence" />
    </UnitTest>
    <UnitTest name="interrogative_sentences_who" storage="d:\software\project\bnlp\unittest\bin\debug\unittest.dll" id="32b5d279-0d23-e5ad-0301-234c8788f740">
      <DeploymentItems>
        <DeploymentItem filename="..\UnitTest\TestCases\interrogative_sentences_who.xml" />
      </DeploymentItems>
      <Execution id="656609c9-e82a-4ee6-845d-d2bc59f338e6" />
      <TestMethod codeBase="D:/software/Project/BNLP/UnitTest/bin/Debug/UnitTest.DLL" adapterTypeName="Microsoft.VisualStudio.TestTools.TestTypes.Unit.UnitTestAdapter, Microsoft.VisualStudio.QualityTools.Tips.UnitTest.Adapter, Version=10.0.0.0, Culture=neutral, PublicKeyToken=b03f5f7f11d50a3a" className="UnitTest.BnlpTest, UnitTest, Version=1.0.0.0, Culture=neutral, PublicKeyToken=null" name="interrogative_sentences_who" />
      <DataSource connectionString="|DataDirectory|\TestCases\interrogative_sentences_who.xml" providerInvariantName="Microsoft.VisualStudio.TestTools.DataSource.XML" tableName="sentence" />
    </UnitTest>
    <UnitTest name="all_persons_modal_can_may" storage="d:\software\project\bnlp\unittest\bin\debug\unittest.dll" id="8fe5ccb3-a3f4-0f61-ad21-e94ef029e900">
      <DeploymentItems>
        <DeploymentItem filename="..\UnitTest\TestCases\all_persons_modal_can_may.xml" />
      </DeploymentItems>
      <Execution id="239920b9-0f24-4b2e-862d-3ebc1be6bd5e" />
      <TestMethod codeBase="D:/software/Project/BNLP/UnitTest/bin/Debug/UnitTest.DLL" adapterTypeName="Microsoft.VisualStudio.TestTools.TestTypes.Unit.UnitTestAdapter, Microsoft.VisualStudio.QualityTools.Tips.UnitTest.Adapter, Version=10.0.0.0, Culture=neutral, PublicKeyToken=b03f5f7f11d50a3a" className="UnitTest.BnlpTest, UnitTest, Version=1.0.0.0, Culture=neutral, PublicKeyToken=null" name="all_persons_modal_can_may" />
      <DataSource connectionString="|DataDirectory|\TestCases\all_persons_modal_can_may.xml" providerInvariantName="Microsoft.VisualStudio.TestTools.DataSource.XML" tableName="sentence" />
    </UnitTest>
    <UnitTest name="interrogative_sentences_how" storage="d:\software\project\bnlp\unittest\bin\debug\unittest.dll" id="227f20ae-8e76-eb71-39b2-4ada3ce6aba8">
      <DeploymentItems>
        <DeploymentItem filename="..\UnitTest\TestCases\interrogative_sentences_how.xml" />
      </DeploymentItems>
      <Execution id="48e110c9-006c-4544-ab56-f5fe1c45a167" />
      <TestMethod codeBase="D:/software/Project/BNLP/UnitTest/bin/Debug/UnitTest.DLL" adapterTypeName="Microsoft.VisualStudio.TestTools.TestTypes.Unit.UnitTestAdapter, Microsoft.VisualStudio.QualityTools.Tips.UnitTest.Adapter, Version=10.0.0.0, Culture=neutral, PublicKeyToken=b03f5f7f11d50a3a" className="UnitTest.BnlpTest, UnitTest, Version=1.0.0.0, Culture=neutral, PublicKeyToken=null" name="interrogative_sentences_how" />
      <DataSource connectionString="|DataDirectory|\TestCases\interrogative_sentences_how.xml" providerInvariantName="Microsoft.VisualStudio.TestTools.DataSource.XML" tableName="sentence" />
    </UnitTest>
    <UnitTest name="all_persons_modal_can_may_negation" storage="d:\software\project\bnlp\unittest\bin\debug\unittest.dll" id="d03eb628-bf1f-c27d-aeef-e708d613d686">
      <DeploymentItems>
        <DeploymentItem filename="..\UnitTest\TestCases\all_persons_modal_can_may_negation.xml" />
      </DeploymentItems>
      <Execution id="284ef403-5aba-40d0-a47b-3b8e5a9f9948" />
      <TestMethod codeBase="D:/software/Project/BNLP/UnitTest/bin/Debug/UnitTest.DLL" adapterTypeName="Microsoft.VisualStudio.TestTools.TestTypes.Unit.UnitTestAdapter, Microsoft.VisualStudio.QualityTools.Tips.UnitTest.Adapter, Version=10.0.0.0, Culture=neutral, PublicKeyToken=b03f5f7f11d50a3a" className="UnitTest.BnlpTest, UnitTest, Version=1.0.0.0, Culture=neutral, PublicKeyToken=null" name="all_persons_modal_can_may_negation" />
      <DataSource connectionString="|DataDirectory|\TestCases\all_persons_modal_can_may_negation.xml" providerInvariantName="Microsoft.VisualStudio.TestTools.DataSource.XML" tableName="sentence" />
    </UnitTest>
    <UnitTest name="RandomWord" storage="d:\software\project\bnlp\unittest\bin\debug\unittest.dll" id="642ce34f-0ed4-f995-637b-09297c832f2a">
      <DeploymentItems>
        <DeploymentItem filename="..\UnitTest\TestCases\wikipedia.xml" />
      </DeploymentItems>
      <Execution id="c3e46f29-e7fb-42a2-b675-2fe75146a87a" />
      <TestMethod codeBase="D:/software/Project/BNLP/UnitTest/bin/Debug/UnitTest.DLL" adapterTypeName="Microsoft.VisualStudio.TestTools.TestTypes.Unit.UnitTestAdapter, Microsoft.VisualStudio.QualityTools.Tips.UnitTest.Adapter, Version=10.0.0.0, Culture=neutral, PublicKeyToken=b03f5f7f11d50a3a" className="UnitTest.BnlpTest, UnitTest, Version=1.0.0.0, Culture=neutral, PublicKeyToken=null" name="RandomWord" />
      <DataSource connectionString="|DataDirectory|\TestCases\wikipedia.xml" providerInvariantName="Microsoft.VisualStudio.TestTools.DataSource.XML" tableName="sentence" />
    </UnitTest>
    <UnitTest name="second_person_tenses_active_negation" storage="d:\software\project\bnlp\unittest\bin\debug\unittest.dll" id="83c68223-dcaa-51dd-423f-434210a59f77">
      <DeploymentItems>
        <DeploymentItem filename="..\UnitTest\TestCases\second_person_tenses_active_negation.xml" />
      </DeploymentItems>
      <Execution id="3a0fdace-0e0b-4750-a485-42e37955a04f" />
      <TestMethod codeBase="D:/software/Project/BNLP/UnitTest/bin/Debug/UnitTest.DLL" adapterTypeName="Microsoft.VisualStudio.TestTools.TestTypes.Unit.UnitTestAdapter, Microsoft.VisualStudio.QualityTools.Tips.UnitTest.Adapter, Version=10.0.0.0, Culture=neutral, PublicKeyToken=b03f5f7f11d50a3a" className="UnitTest.BnlpTest, UnitTest, Version=1.0.0.0, Culture=neutral, PublicKeyToken=null" name="second_person_tenses_active_negation" />
      <DataSource connectionString="|DataDirectory|\TestCases\second_person_tenses_active_negation.xml" providerInvariantName="Microsoft.VisualStudio.TestTools.DataSource.XML" tableName="sentence" />
    </UnitTest>
    <UnitTest name="interrogative_sentences_why" storage="d:\software\project\bnlp\unittest\bin\debug\unittest.dll" id="1b04a6d6-5350-792c-8eba-a46a0eb28949">
      <DeploymentItems>
        <DeploymentItem filename="..\UnitTest\TestCases\interrogative_sentences_why.xml" />
      </DeploymentItems>
      <Execution id="1a56c46f-da66-40e0-99cd-9eebefcde45b" />
      <TestMethod codeBase="D:/software/Project/BNLP/UnitTest/bin/Debug/UnitTest.DLL" adapterTypeName="Microsoft.VisualStudio.TestTools.TestTypes.Unit.UnitTestAdapter, Microsoft.VisualStudio.QualityTools.Tips.UnitTest.Adapter, Version=10.0.0.0, Culture=neutral, PublicKeyToken=b03f5f7f11d50a3a" className="UnitTest.BnlpTest, UnitTest, Version=1.0.0.0, Culture=neutral, PublicKeyToken=null" name="interrogative_sentences_why" />
      <DataSource connectionString="|DataDirectory|\TestCases\interrogative_sentences_why.xml" providerInvariantName="Microsoft.VisualStudio.TestTools.DataSource.XML" tableName="sentence" />
    </UnitTest>
    <UnitTest name="interrogative_sentences_which" storage="d:\software\project\bnlp\unittest\bin\debug\unittest.dll" id="97a1371f-e8e6-db3e-323e-49ffeef32df1">
      <DeploymentItems>
        <DeploymentItem filename="..\UnitTest\TestCases\interrogative_sentences_which.xml" />
      </DeploymentItems>
      <Execution id="c49e0999-1235-4f84-ab10-045549aa8397" />
      <TestMethod codeBase="D:/software/Project/BNLP/UnitTest/bin/Debug/UnitTest.DLL" adapterTypeName="Microsoft.VisualStudio.TestTools.TestTypes.Unit.UnitTestAdapter, Microsoft.VisualStudio.QualityTools.Tips.UnitTest.Adapter, Version=10.0.0.0, Culture=neutral, PublicKeyToken=b03f5f7f11d50a3a" className="UnitTest.BnlpTest, UnitTest, Version=1.0.0.0, Culture=neutral, PublicKeyToken=null" name="interrogative_sentences_which" />
      <DataSource connectionString="|DataDirectory|\TestCases\interrogative_sentences_which.xml" providerInvariantName="Microsoft.VisualStudio.TestTools.DataSource.XML" tableName="sentence" />
    </UnitTest>
    <UnitTest name="third_person_tenses_active" storage="d:\software\project\bnlp\unittest\bin\debug\unittest.dll" id="0bc2f98c-98f5-f190-c78c-c00d94c547a1">
      <DeploymentItems>
        <DeploymentItem filename="..\UnitTest\TestCases\third_person_tenses_active.xml" />
      </DeploymentItems>
      <Execution id="2d2944d8-4039-4098-bb5c-4fe8f1ee97e2" />
      <TestMethod codeBase="D:/software/Project/BNLP/UnitTest/bin/Debug/UnitTest.DLL" adapterTypeName="Microsoft.VisualStudio.TestTools.TestTypes.Unit.UnitTestAdapter, Microsoft.VisualStudio.QualityTools.Tips.UnitTest.Adapter, Version=10.0.0.0, Culture=neutral, PublicKeyToken=b03f5f7f11d50a3a" className="UnitTest.BnlpTest, UnitTest, Version=1.0.0.0, Culture=neutral, PublicKeyToken=null" name="third_person_tenses_active" />
      <DataSource connectionString="|DataDirectory|\TestCases\third_person_tenses_active.xml" providerInvariantName="Microsoft.VisualStudio.TestTools.DataSource.XML" tableName="sentence" />
    </UnitTest>
    <UnitTest name="auxiliary_verbs_as_main_verbs" storage="d:\software\project\bnlp\unittest\bin\debug\unittest.dll" id="c79146bc-2376-961a-5de9-441b5dfc7188">
      <DeploymentItems>
        <DeploymentItem filename="..\UnitTest\TestCases\auxiliary_verbs_as_main_verbs.xml" />
      </DeploymentItems>
      <Execution id="0d697187-e27d-47d1-940a-f1918855941d" />
      <TestMethod codeBase="D:/software/Project/BNLP/UnitTest/bin/Debug/UnitTest.DLL" adapterTypeName="Microsoft.VisualStudio.TestTools.TestTypes.Unit.UnitTestAdapter, Microsoft.VisualStudio.QualityTools.Tips.UnitTest.Adapter, Version=10.0.0.0, Culture=neutral, PublicKeyToken=b03f5f7f11d50a3a" className="UnitTest.BnlpTest, UnitTest, Version=1.0.0.0, Culture=neutral, PublicKeyToken=null" name="auxiliary_verbs_as_main_verbs" />
      <DataSource connectionString="|DataDirectory|\TestCases\auxiliary_verbs_as_main_verbs.xml" providerInvariantName="Microsoft.VisualStudio.TestTools.DataSource.XML" tableName="sentence" />
    </UnitTest>
    <UnitTest name="special_handling_do_verb" storage="d:\software\project\bnlp\unittest\bin\debug\unittest.dll" id="533e7939-123c-ce84-5c5c-d5a21d1d95b9">
      <DeploymentItems>
        <DeploymentItem filename="..\UnitTest\TestCases\special_handling_do_verb.xml" />
      </DeploymentItems>
      <Execution id="98cbdd25-f62c-4dde-8e22-c5a59701b010" />
      <TestMethod codeBase="D:/software/Project/BNLP/UnitTest/bin/Debug/UnitTest.DLL" adapterTypeName="Microsoft.VisualStudio.TestTools.TestTypes.Unit.UnitTestAdapter, Microsoft.VisualStudio.QualityTools.Tips.UnitTest.Adapter, Version=10.0.0.0, Culture=neutral, PublicKeyToken=b03f5f7f11d50a3a" className="UnitTest.BnlpTest, UnitTest, Version=1.0.0.0, Culture=neutral, PublicKeyToken=null" name="special_handling_do_verb" />
      <DataSource connectionString="|DataDirectory|\TestCases\special_handling_do_verb.xml" providerInvariantName="Microsoft.VisualStudio.TestTools.DataSource.XML" tableName="sentence" />
    </UnitTest>
    <UnitTest name="interrogative_sentences_whom" storage="d:\software\project\bnlp\unittest\bin\debug\unittest.dll" id="4e91a3b9-9eae-ebff-0b97-303f00578a78">
      <DeploymentItems>
        <DeploymentItem filename="..\UnitTest\TestCases\interrogative_sentences_whom.xml" />
      </DeploymentItems>
      <Execution id="c7ad4fa6-bb88-4e68-9829-0b93238b1e8e" />
      <TestMethod codeBase="D:/software/Project/BNLP/UnitTest/bin/Debug/UnitTest.DLL" adapterTypeName="Microsoft.VisualStudio.TestTools.TestTypes.Unit.UnitTestAdapter, Microsoft.VisualStudio.QualityTools.Tips.UnitTest.Adapter, Version=10.0.0.0, Culture=neutral, PublicKeyToken=b03f5f7f11d50a3a" className="UnitTest.BnlpTest, UnitTest, Version=1.0.0.0, Culture=neutral, PublicKeyToken=null" name="interrogative_sentences_whom" />
      <DataSource connectionString="|DataDirectory|\TestCases\interrogative_sentences_whom.xml" providerInvariantName="Microsoft.VisualStudio.TestTools.DataSource.XML" tableName="sentence" />
    </UnitTest>
    <UnitTest name="interrogative_sentences_where" storage="d:\software\project\bnlp\unittest\bin\debug\unittest.dll" id="b9261b51-b0a2-10e2-9308-22bb2624de8b">
      <DeploymentItems>
        <DeploymentItem filename="..\UnitTest\TestCases\interrogative_sentences_where.xml" />
      </DeploymentItems>
      <Execution id="a30d6617-5900-4121-a80f-aafaeb9152dc" />
      <TestMethod codeBase="D:/software/Project/BNLP/UnitTest/bin/Debug/UnitTest.DLL" adapterTypeName="Microsoft.VisualStudio.TestTools.TestTypes.Unit.UnitTestAdapter, Microsoft.VisualStudio.QualityTools.Tips.UnitTest.Adapter, Version=10.0.0.0, Culture=neutral, PublicKeyToken=b03f5f7f11d50a3a" className="UnitTest.BnlpTest, UnitTest, Version=1.0.0.0, Culture=neutral, PublicKeyToken=null" name="interrogative_sentences_where" />
      <DataSource connectionString="|DataDirectory|\TestCases\interrogative_sentences_where.xml" providerInvariantName="Microsoft.VisualStudio.TestTools.DataSource.XML" tableName="sentence" />
    </UnitTest>
    <UnitTest name="interrogative_sentences_aux" storage="d:\software\project\bnlp\unittest\bin\debug\unittest.dll" id="39dcb97e-c73f-c645-a77c-64d9eba0a3a3">
      <DeploymentItems>
        <DeploymentItem filename="..\UnitTest\TestCases\interrogative_sentences_aux.xml" />
      </DeploymentItems>
      <Execution id="a633943c-0589-47a6-b468-f3ac6f3fd431" />
      <TestMethod codeBase="D:/software/Project/BNLP/UnitTest/bin/Debug/UnitTest.DLL" adapterTypeName="Microsoft.VisualStudio.TestTools.TestTypes.Unit.UnitTestAdapter, Microsoft.VisualStudio.QualityTools.Tips.UnitTest.Adapter, Version=10.0.0.0, Culture=neutral, PublicKeyToken=b03f5f7f11d50a3a" className="UnitTest.BnlpTest, UnitTest, Version=1.0.0.0, Culture=neutral, PublicKeyToken=null" name="interrogative_sentences_aux" />
      <DataSource connectionString="|DataDirectory|\TestCases\interrogative_sentences_aux.xml" providerInvariantName="Microsoft.VisualStudio.TestTools.DataSource.XML" tableName="sentence" />
    </UnitTest>
    <UnitTest name="all_persons_tenses_passive" storage="d:\software\project\bnlp\unittest\bin\debug\unittest.dll" id="d766a059-d96c-7b47-e6a6-34931760df96">
      <DeploymentItems>
        <DeploymentItem filename="..\UnitTest\TestCases\all_persons_tenses_passive.xml" />
      </DeploymentItems>
      <Execution id="cb3c88cf-eb7c-423f-adc4-532c3f1d1718" />
      <TestMethod codeBase="D:/software/Project/BNLP/UnitTest/bin/Debug/UnitTest.DLL" adapterTypeName="Microsoft.VisualStudio.TestTools.TestTypes.Unit.UnitTestAdapter, Microsoft.VisualStudio.QualityTools.Tips.UnitTest.Adapter, Version=10.0.0.0, Culture=neutral, PublicKeyToken=b03f5f7f11d50a3a" className="UnitTest.BnlpTest, UnitTest, Version=1.0.0.0, Culture=neutral, PublicKeyToken=null" name="all_persons_tenses_passive" />
      <DataSource connectionString="|DataDirectory|\TestCases\all_persons_tenses_passive.xml" providerInvariantName="Microsoft.VisualStudio.TestTools.DataSource.XML" tableName="sentence" />
    </UnitTest>
    <UnitTest name="first_person_tenses_active_negation" storage="d:\software\project\bnlp\unittest\bin\debug\unittest.dll" id="15fe5bf6-5078-81a8-0356-385549390bb7">
      <DeploymentItems>
        <DeploymentItem filename="..\UnitTest\TestCases\first_person_tenses_active_negation.xml" />
      </DeploymentItems>
      <Execution id="93d9b8a8-5e0d-4147-8ee9-18b1b5cd7628" />
      <TestMethod codeBase="D:/software/Project/BNLP/UnitTest/bin/Debug/UnitTest.DLL" adapterTypeName="Microsoft.VisualStudio.TestTools.TestTypes.Unit.UnitTestAdapter, Microsoft.VisualStudio.QualityTools.Tips.UnitTest.Adapter, Version=10.0.0.0, Culture=neutral, PublicKeyToken=b03f5f7f11d50a3a" className="UnitTest.BnlpTest, UnitTest, Version=1.0.0.0, Culture=neutral, PublicKeyToken=null" name="first_person_tenses_active_negation" />
      <DataSource connectionString="|DataDirectory|\TestCases\first_person_tenses_active_negation.xml" providerInvariantName="Microsoft.VisualStudio.TestTools.DataSource.XML" tableName="sentence" />
    </UnitTest>
  </TestDefinitions>
  <TestLists>
    <TestList name="Results Not in a List" id="8c84fa94-04c1-424b-9868-57a2d4851a1d" />
    <TestList name="All Loaded Results" id="19431567-8539-422a-85d7-44ee4e166bda" />
  </TestLists>
  <TestEntries>
    <TestEntry testId="0bc2f98c-98f5-f190-c78c-c00d94c547a1" executionId="2d2944d8-4039-4098-bb5c-4fe8f1ee97e2" testListId="8c84fa94-04c1-424b-9868-57a2d4851a1d" />
    <TestEntry testId="0f337a75-1a2d-d9c3-6c5f-23ed2604b69d" executionId="b00564fd-4ac8-4530-882c-3eada7459070" testListId="8c84fa94-04c1-424b-9868-57a2d4851a1d" />
    <TestEntry testId="0f33848d-a900-d644-7498-2526887b5425" executionId="51d2f52d-ef08-47f6-84f9-a63e51f91489" testListId="8c84fa94-04c1-424b-9868-57a2d4851a1d" />
    <TestEntry testId="15fe5bf6-5078-81a8-0356-385549390bb7" executionId="93d9b8a8-5e0d-4147-8ee9-18b1b5cd7628" testListId="8c84fa94-04c1-424b-9868-57a2d4851a1d" />
    <TestEntry testId="1b04a6d6-5350-792c-8eba-a46a0eb28949" executionId="1a56c46f-da66-40e0-99cd-9eebefcde45b" testListId="8c84fa94-04c1-424b-9868-57a2d4851a1d" />
    <TestEntry testId="1d63c318-78a9-9011-f5c0-0b01884a2881" executionId="0ed7eb37-7e23-48cc-988a-ccfbf26e80c8" testListId="8c84fa94-04c1-424b-9868-57a2d4851a1d" />
    <TestEntry testId="227f20ae-8e76-eb71-39b2-4ada3ce6aba8" executionId="48e110c9-006c-4544-ab56-f5fe1c45a167" testListId="8c84fa94-04c1-424b-9868-57a2d4851a1d" />
    <TestEntry testId="30ab3285-6a8c-14d2-9725-bd60892ccd90" executionId="274b47a0-ab51-4cd1-82a1-36b856ee8d84" testListId="8c84fa94-04c1-424b-9868-57a2d4851a1d" />
    <TestEntry testId="32b5d279-0d23-e5ad-0301-234c8788f740" executionId="656609c9-e82a-4ee6-845d-d2bc59f338e6" testListId="8c84fa94-04c1-424b-9868-57a2d4851a1d" />
    <TestEntry testId="39dcb97e-c73f-c645-a77c-64d9eba0a3a3" executionId="a633943c-0589-47a6-b468-f3ac6f3fd431" testListId="8c84fa94-04c1-424b-9868-57a2d4851a1d" />
    <TestEntry testId="4e91a3b9-9eae-ebff-0b97-303f00578a78" executionId="c7ad4fa6-bb88-4e68-9829-0b93238b1e8e" testListId="8c84fa94-04c1-424b-9868-57a2d4851a1d" />
    <TestEntry testId="533e7939-123c-ce84-5c5c-d5a21d1d95b9" executionId="98cbdd25-f62c-4dde-8e22-c5a59701b010" testListId="8c84fa94-04c1-424b-9868-57a2d4851a1d" />
    <TestEntry testId="642ce34f-0ed4-f995-637b-09297c832f2a" executionId="c3e46f29-e7fb-42a2-b675-2fe75146a87a" testListId="8c84fa94-04c1-424b-9868-57a2d4851a1d" />
    <TestEntry testId="783915fe-114a-e353-78dd-56e92a60f942" executionId="c412ac62-86a0-4e10-a452-1c50acf8a194" testListId="8c84fa94-04c1-424b-9868-57a2d4851a1d" />
    <TestEntry testId="7f7910d1-dc89-39b4-b4cf-d9e6d7af9420" executionId="86d8f504-ec8a-4155-9891-8d76f93a4cf5" testListId="8c84fa94-04c1-424b-9868-57a2d4851a1d" />
    <TestEntry testId="83c68223-dcaa-51dd-423f-434210a59f77" executionId="3a0fdace-0e0b-4750-a485-42e37955a04f" testListId="8c84fa94-04c1-424b-9868-57a2d4851a1d" />
    <TestEntry testId="8fe5ccb3-a3f4-0f61-ad21-e94ef029e900" executionId="239920b9-0f24-4b2e-862d-3ebc1be6bd5e" testListId="8c84fa94-04c1-424b-9868-57a2d4851a1d" />
    <TestEntry testId="921e6ab0-d7c2-6005-e523-6fd2d5e1a723" executionId="841ffec6-dd23-4665-95e5-9bd6edd979f3" testListId="8c84fa94-04c1-424b-9868-57a2d4851a1d" />
    <TestEntry testId="9319d01e-de3e-d310-c76e-cae8dce4c924" executionId="e2c37182-24c8-4678-9db9-0f9270fb97e6" testListId="8c84fa94-04c1-424b-9868-57a2d4851a1d" />
    <TestEntry testId="97a1371f-e8e6-db3e-323e-49ffeef32df1" executionId="c49e0999-1235-4f84-ab10-045549aa8397" testListId="8c84fa94-04c1-424b-9868-57a2d4851a1d" />
    <TestEntry testId="b9261b51-b0a2-10e2-9308-22bb2624de8b" executionId="a30d6617-5900-4121-a80f-aafaeb9152dc" testListId="8c84fa94-04c1-424b-9868-57a2d4851a1d" />
    <TestEntry testId="bdfe92b2-f4ac-73a5-f13d-5c1ea13721b4" executionId="b92c9529-f568-410e-9821-3811fe354d91" testListId="8c84fa94-04c1-424b-9868-57a2d4851a1d" />
    <TestEntry testId="c79146bc-2376-961a-5de9-441b5dfc7188" executionId="0d697187-e27d-47d1-940a-f1918855941d" testListId="8c84fa94-04c1-424b-9868-57a2d4851a1d" />
    <TestEntry testId="d03eb628-bf1f-c27d-aeef-e708d613d686" executionId="284ef403-5aba-40d0-a47b-3b8e5a9f9948" testListId="8c84fa94-04c1-424b-9868-57a2d4851a1d" />
    <TestEntry testId="d766a059-d96c-7b47-e6a6-34931760df96" executionId="cb3c88cf-eb7c-423f-adc4-532c3f1d1718" testListId="8c84fa94-04c1-424b-9868-57a2d4851a1d" />
    <TestEntry testId="fe3e63ab-391c-e168-48d0-431b85a7b898" executionId="e07e2524-1d02-461f-b60f-81151cf7dae1" testListId="8c84fa94-04c1-424b-9868-57a2d4851a1d" />
  </TestEntries>
  <Results>
    <UnitTestResult executionId="2d2944d8-4039-4098-bb5c-4fe8f1ee97e2" testId="0bc2f98c-98f5-f190-c78c-c00d94c547a1" testName="third_person_tenses_active" computerName="ARPAN-LAP" duration="00:00:10.1454785" startTime="2014-06-29T12:10:40.3206269+05:30" endTime="2014-06-29T12:10:50.9032322+05:30" testType="13cdc9d9-ddb5-4fa4-a97d-d965ccfc6d4b" outcome="Passed" testListId="8c84fa94-04c1-424b-9868-57a2d4851a1d" relativeResultsDirectory="2d2944d8-4039-4098-bb5c-4fe8f1ee97e2" resultType="DataDrivenTest">
      <Counters error="0" failed="0" timeout="0" aborted="0" inconclusive="0" passedButRunAborted="0" notRunnable="0" notExecuted="0" disconnected="0" warning="0" passed="10" completed="0" inProgress="0" pending="0" />
      <InnerResults>
        <UnitTestResult executionId="6e0f9d8d-fc3f-4843-b829-cc953054af9e" parentExecutionId="2d2944d8-4039-4098-bb5c-4fe8f1ee97e2" testId="0bc2f98c-98f5-f190-c78c-c00d94c547a1" testName="third_person_tenses_active" computerName="ARPAN-LAP" duration="00:00:09.8516610" startTime="2014-06-29T12:10:40.7416510+05:30" endTime="2014-06-29T12:10:50.6002149+05:30" testType="13cdc9d9-ddb5-4fa4-a97d-d965ccfc6d4b" outcome="Passed" testListId="8c84fa94-04c1-424b-9868-57a2d4851a1d" relativeResultsDirectory="2d2944d8-4039-4098-bb5c-4fe8f1ee97e2" dataRowInfo="0" resultType="DataDrivenDataRow" />
        <UnitTestResult executionId="2101fef1-10c1-4b9a-8e76-71e1568290d1" parentExecutionId="2d2944d8-4039-4098-bb5c-4fe8f1ee97e2" testId="0bc2f98c-98f5-f190-c78c-c00d94c547a1" testName="third_person_tenses_active" computerName="ARPAN-LAP" duration="00:00:00.0183674" startTime="2014-06-29T12:10:50.6002149+05:30" endTime="2014-06-29T12:10:50.6192160+05:30" testType="13cdc9d9-ddb5-4fa4-a97d-d965ccfc6d4b" outcome="Passed" testListId="8c84fa94-04c1-424b-9868-57a2d4851a1d" relativeResultsDirectory="2d2944d8-4039-4098-bb5c-4fe8f1ee97e2" dataRowInfo="1" resultType="DataDrivenDataRow" />
        <UnitTestResult executionId="d76d8efb-9868-4ea7-a817-1d439e74a6b9" parentExecutionId="2d2944d8-4039-4098-bb5c-4fe8f1ee97e2" testId="0bc2f98c-98f5-f190-c78c-c00d94c547a1" testName="third_person_tenses_active" computerName="ARPAN-LAP" duration="00:00:00.0202209" startTime="2014-06-29T12:10:50.6192160+05:30" endTime="2014-06-29T12:10:50.6392171+05:30" testType="13cdc9d9-ddb5-4fa4-a97d-d965ccfc6d4b" outcome="Passed" testListId="8c84fa94-04c1-424b-9868-57a2d4851a1d" relativeResultsDirectory="2d2944d8-4039-4098-bb5c-4fe8f1ee97e2" dataRowInfo="2" resultType="DataDrivenDataRow" />
        <UnitTestResult executionId="6a574176-d370-4c22-b49c-0c616dcc028c" parentExecutionId="2d2944d8-4039-4098-bb5c-4fe8f1ee97e2" testId="0bc2f98c-98f5-f190-c78c-c00d94c547a1" testName="third_person_tenses_active" computerName="ARPAN-LAP" duration="00:00:00.0254491" startTime="2014-06-29T12:10:50.6392171+05:30" endTime="2014-06-29T12:10:50.6652186+05:30" testType="13cdc9d9-ddb5-4fa4-a97d-d965ccfc6d4b" outcome="Passed" testListId="8c84fa94-04c1-424b-9868-57a2d4851a1d" relativeResultsDirectory="2d2944d8-4039-4098-bb5c-4fe8f1ee97e2" dataRowInfo="3" resultType="DataDrivenDataRow" />
        <UnitTestResult executionId="d068e0d9-df8f-4c48-966b-2ded9bce53f6" parentExecutionId="2d2944d8-4039-4098-bb5c-4fe8f1ee97e2" testId="0bc2f98c-98f5-f190-c78c-c00d94c547a1" testName="third_person_tenses_active" computerName="ARPAN-LAP" duration="00:00:00.0167424" startTime="2014-06-29T12:10:50.6652186+05:30" endTime="2014-06-29T12:10:50.6812195+05:30" testType="13cdc9d9-ddb5-4fa4-a97d-d965ccfc6d4b" outcome="Passed" testListId="8c84fa94-04c1-424b-9868-57a2d4851a1d" relativeResultsDirectory="2d2944d8-4039-4098-bb5c-4fe8f1ee97e2" dataRowInfo="4" resultType="DataDrivenDataRow" />
        <UnitTestResult executionId="aa8aa67c-737f-483b-80b1-c5e0e2a7df19" parentExecutionId="2d2944d8-4039-4098-bb5c-4fe8f1ee97e2" testId="0bc2f98c-98f5-f190-c78c-c00d94c547a1" testName="third_person_tenses_active" computerName="ARPAN-LAP" duration="00:00:00.0199868" startTime="2014-06-29T12:10:50.6812195+05:30" endTime="2014-06-29T12:10:50.7012206+05:30" testType="13cdc9d9-ddb5-4fa4-a97d-d965ccfc6d4b" outcome="Passed" testListId="8c84fa94-04c1-424b-9868-57a2d4851a1d" relativeResultsDirectory="2d2944d8-4039-4098-bb5c-4fe8f1ee97e2" dataRowInfo="5" resultType="DataDrivenDataRow" />
        <UnitTestResult executionId="0dada088-65a9-438d-a775-9caf4b5f5264" parentExecutionId="2d2944d8-4039-4098-bb5c-4fe8f1ee97e2" testId="0bc2f98c-98f5-f190-c78c-c00d94c547a1" testName="third_person_tenses_active" computerName="ARPAN-LAP" duration="00:00:00.0189182" startTime="2014-06-29T12:10:50.7012206+05:30" endTime="2014-06-29T12:10:50.7202217+05:30" testType="13cdc9d9-ddb5-4fa4-a97d-d965ccfc6d4b" outcome="Passed" testListId="8c84fa94-04c1-424b-9868-57a2d4851a1d" relativeResultsDirectory="2d2944d8-4039-4098-bb5c-4fe8f1ee97e2" dataRowInfo="6" resultType="DataDrivenDataRow" />
        <UnitTestResult executionId="cecf1685-7c88-4234-a75f-9e8bb1d116b3" parentExecutionId="2d2944d8-4039-4098-bb5c-4fe8f1ee97e2" testId="0bc2f98c-98f5-f190-c78c-c00d94c547a1" testName="third_person_tenses_active" computerName="ARPAN-LAP" duration="00:00:00.0254485" startTime="2014-06-29T12:10:50.7202217+05:30" endTime="2014-06-29T12:10:50.7462232+05:30" testType="13cdc9d9-ddb5-4fa4-a97d-d965ccfc6d4b" outcome="Passed" testListId="8c84fa94-04c1-424b-9868-57a2d4851a1d" relativeResultsDirectory="2d2944d8-4039-4098-bb5c-4fe8f1ee97e2" dataRowInfo="7" resultType="DataDrivenDataRow" />
        <UnitTestResult executionId="412a7370-a666-4027-bc6b-bbeec9aea2f4" parentExecutionId="2d2944d8-4039-4098-bb5c-4fe8f1ee97e2" testId="0bc2f98c-98f5-f190-c78c-c00d94c547a1" testName="third_person_tenses_active" computerName="ARPAN-LAP" duration="00:00:00.0218721" startTime="2014-06-29T12:10:50.7462232+05:30" endTime="2014-06-29T12:10:50.7682245+05:30" testType="13cdc9d9-ddb5-4fa4-a97d-d965ccfc6d4b" outcome="Passed" testListId="8c84fa94-04c1-424b-9868-57a2d4851a1d" relativeResultsDirectory="2d2944d8-4039-4098-bb5c-4fe8f1ee97e2" dataRowInfo="8" resultType="DataDrivenDataRow" />
        <UnitTestResult executionId="5648f2ce-3cc5-487e-8333-e296d98a9af3" parentExecutionId="2d2944d8-4039-4098-bb5c-4fe8f1ee97e2" testId="0bc2f98c-98f5-f190-c78c-c00d94c547a1" testName="third_person_tenses_active" computerName="ARPAN-LAP" duration="00:00:00.0234473" startTime="2014-06-29T12:10:50.7682245+05:30" endTime="2014-06-29T12:10:50.7912258+05:30" testType="13cdc9d9-ddb5-4fa4-a97d-d965ccfc6d4b" outcome="Passed" testListId="8c84fa94-04c1-424b-9868-57a2d4851a1d" relativeResultsDirectory="2d2944d8-4039-4098-bb5c-4fe8f1ee97e2" dataRowInfo="9" resultType="DataDrivenDataRow" />
      </InnerResults>
    </UnitTestResult>
    <UnitTestResult executionId="b00564fd-4ac8-4530-882c-3eada7459070" testId="0f337a75-1a2d-d9c3-6c5f-23ed2604b69d" testName="prepositions_made_with_two_words" computerName="ARPAN-LAP" duration="00:00:00.1615629" startTime="2014-06-29T12:10:50.9052323+05:30" endTime="2014-06-29T12:10:51.0852426+05:30" testType="13cdc9d9-ddb5-4fa4-a97d-d965ccfc6d4b" outcome="Passed" testListId="8c84fa94-04c1-424b-9868-57a2d4851a1d" relativeResultsDirectory="b00564fd-4ac8-4530-882c-3eada7459070" resultType="DataDrivenTest">
      <Counters error="0" failed="0" timeout="0" aborted="0" inconclusive="0" passedButRunAborted="0" notRunnable="0" notExecuted="0" disconnected="0" warning="0" passed="3" completed="0" inProgress="0" pending="0" />
      <InnerResults>
        <UnitTestResult executionId="4c416a95-a8ce-4c51-a988-0198c5c177b1" parentExecutionId="b00564fd-4ac8-4530-882c-3eada7459070" testId="0f337a75-1a2d-d9c3-6c5f-23ed2604b69d" testName="prepositions_made_with_two_words" computerName="ARPAN-LAP" duration="00:00:00.0400855" startTime="2014-06-29T12:10:50.9322339+05:30" endTime="2014-06-29T12:10:50.9722361+05:30" testType="13cdc9d9-ddb5-4fa4-a97d-d965ccfc6d4b" outcome="Passed" testListId="8c84fa94-04c1-424b-9868-57a2d4851a1d" relativeResultsDirectory="b00564fd-4ac8-4530-882c-3eada7459070" dataRowInfo="0" resultType="DataDrivenDataRow" />
        <UnitTestResult executionId="6a083080-9166-4761-9a40-02016d2dd8d5" parentExecutionId="b00564fd-4ac8-4530-882c-3eada7459070" testId="0f337a75-1a2d-d9c3-6c5f-23ed2604b69d" testName="prepositions_made_with_two_words" computerName="ARPAN-LAP" duration="00:00:00.0483421" startTime="2014-06-29T12:10:50.9722361+05:30" endTime="2014-06-29T12:10:51.0212389+05:30" testType="13cdc9d9-ddb5-4fa4-a97d-d965ccfc6d4b" outcome="Passed" testListId="8c84fa94-04c1-424b-9868-57a2d4851a1d" relativeResultsDirectory="b00564fd-4ac8-4530-882c-3eada7459070" dataRowInfo="1" resultType="DataDrivenDataRow" />
        <UnitTestResult executionId="8f2592e5-1578-4c0f-99c0-5fd638ec7227" parentExecutionId="b00564fd-4ac8-4530-882c-3eada7459070" testId="0f337a75-1a2d-d9c3-6c5f-23ed2604b69d" testName="prepositions_made_with_two_words" computerName="ARPAN-LAP" duration="00:00:00.0518898" startTime="2014-06-29T12:10:51.0212389+05:30" endTime="2014-06-29T12:10:51.0732419+05:30" testType="13cdc9d9-ddb5-4fa4-a97d-d965ccfc6d4b" outcome="Passed" testListId="8c84fa94-04c1-424b-9868-57a2d4851a1d" relativeResultsDirectory="b00564fd-4ac8-4530-882c-3eada7459070" dataRowInfo="2" resultType="DataDrivenDataRow" />
      </InnerResults>
    </UnitTestResult>
    <UnitTestResult executionId="51d2f52d-ef08-47f6-84f9-a63e51f91489" testId="0f33848d-a900-d644-7498-2526887b5425" testName="prepositions_made_with_three_words" computerName="ARPAN-LAP" duration="00:00:00.2224073" startTime="2014-06-29T12:10:51.0862427+05:30" endTime="2014-06-29T12:10:51.3272565+05:30" testType="13cdc9d9-ddb5-4fa4-a97d-d965ccfc6d4b" outcome="Passed" testListId="8c84fa94-04c1-424b-9868-57a2d4851a1d" relativeResultsDirectory="51d2f52d-ef08-47f6-84f9-a63e51f91489" resultType="DataDrivenTest">
      <Counters error="0" failed="0" timeout="0" aborted="0" inconclusive="0" passedButRunAborted="0" notRunnable="0" notExecuted="0" disconnected="0" warning="0" passed="4" completed="0" inProgress="0" pending="0" />
      <InnerResults>
        <UnitTestResult executionId="14d0ef1d-e068-4529-93db-d4dc5472f12a" parentExecutionId="51d2f52d-ef08-47f6-84f9-a63e51f91489" testId="0f33848d-a900-d644-7498-2526887b5425" testName="prepositions_made_with_three_words" computerName="ARPAN-LAP" duration="00:00:00.0364659" startTime="2014-06-29T12:10:51.1052438+05:30" endTime="2014-06-29T12:10:51.1422459+05:30" testType="13cdc9d9-ddb5-4fa4-a97d-d965ccfc6d4b" outcome="Passed" testListId="8c84fa94-04c1-424b-9868-57a2d4851a1d" relativeResultsDirectory="51d2f52d-ef08-47f6-84f9-a63e51f91489" dataRowInfo="0" resultType="DataDrivenDataRow" />
        <UnitTestResult executionId="66041fb2-a58d-49ee-8d76-6d3dea0b2784" parentExecutionId="51d2f52d-ef08-47f6-84f9-a63e51f91489" testId="0f33848d-a900-d644-7498-2526887b5425" testName="prepositions_made_with_three_words" computerName="ARPAN-LAP" duration="00:00:00.0569245" startTime="2014-06-29T12:10:51.1422459+05:30" endTime="2014-06-29T12:10:51.1992491+05:30" testType="13cdc9d9-ddb5-4fa4-a97d-d965ccfc6d4b" outcome="Passed" testListId="8c84fa94-04c1-424b-9868-57a2d4851a1d" relativeResultsDirectory="51d2f52d-ef08-47f6-84f9-a63e51f91489" dataRowInfo="1" resultType="DataDrivenDataRow" />
        <UnitTestResult executionId="411f656e-05a7-4d78-9bc0-526ff9d92179" parentExecutionId="51d2f52d-ef08-47f6-84f9-a63e51f91489" testId="0f33848d-a900-d644-7498-2526887b5425" testName="prepositions_made_with_three_words" computerName="ARPAN-LAP" duration="00:00:00.0668106" startTime="2014-06-29T12:10:51.1992491+05:30" endTime="2014-06-29T12:10:51.2652529+05:30" testType="13cdc9d9-ddb5-4fa4-a97d-d965ccfc6d4b" outcome="Passed" testListId="8c84fa94-04c1-424b-9868-57a2d4851a1d" relativeResultsDirectory="51d2f52d-ef08-47f6-84f9-a63e51f91489" dataRowInfo="2" resultType="DataDrivenDataRow" />
        <UnitTestResult executionId="42129435-be64-42bd-a83b-b34dd3cc11ea" parentExecutionId="51d2f52d-ef08-47f6-84f9-a63e51f91489" testId="0f33848d-a900-d644-7498-2526887b5425" testName="prepositions_made_with_three_words" computerName="ARPAN-LAP" duration="00:00:00.0468962" startTime="2014-06-29T12:10:51.2652529+05:30" endTime="2014-06-29T12:10:51.3122556+05:30" testType="13cdc9d9-ddb5-4fa4-a97d-d965ccfc6d4b" outcome="Passed" testListId="8c84fa94-04c1-424b-9868-57a2d4851a1d" relativeResultsDirectory="51d2f52d-ef08-47f6-84f9-a63e51f91489" dataRowInfo="3" resultType="DataDrivenDataRow" />
      </InnerResults>
    </UnitTestResult>
    <UnitTestResult executionId="93d9b8a8-5e0d-4147-8ee9-18b1b5cd7628" testId="15fe5bf6-5078-81a8-0356-385549390bb7" testName="first_person_tenses_active_negation" computerName="ARPAN-LAP" duration="00:00:00.3936470" startTime="2014-06-29T12:10:51.3382571+05:30" endTime="2014-06-29T12:10:51.7642814+05:30" testType="13cdc9d9-ddb5-4fa4-a97d-d965ccfc6d4b" outcome="Passed" testListId="8c84fa94-04c1-424b-9868-57a2d4851a1d" relativeResultsDirectory="93d9b8a8-5e0d-4147-8ee9-18b1b5cd7628" resultType="DataDrivenTest">
      <Counters error="0" failed="0" timeout="0" aborted="0" inconclusive="0" passedButRunAborted="0" notRunnable="0" notExecuted="0" disconnected="0" warning="0" passed="10" completed="0" inProgress="0" pending="0" />
      <InnerResults>
        <UnitTestResult executionId="20ece235-5fe6-4ebd-9c5e-953621c3ad46" parentExecutionId="93d9b8a8-5e0d-4147-8ee9-18b1b5cd7628" testId="15fe5bf6-5078-81a8-0356-385549390bb7" testName="first_person_tenses_active_negation" computerName="ARPAN-LAP" duration="00:00:00.0398530" startTime="2014-06-29T12:10:51.4092611+05:30" endTime="2014-06-29T12:10:51.4482634+05:30" testType="13cdc9d9-ddb5-4fa4-a97d-d965ccfc6d4b" outcome="Passed" testListId="8c84fa94-04c1-424b-9868-57a2d4851a1d" relativeResultsDirectory="93d9b8a8-5e0d-4147-8ee9-18b1b5cd7628" dataRowInfo="0" resultType="DataDrivenDataRow" />
        <UnitTestResult executionId="f0d6d84a-d5c0-4376-9f16-3adf90610498" parentExecutionId="93d9b8a8-5e0d-4147-8ee9-18b1b5cd7628" testId="15fe5bf6-5078-81a8-0356-385549390bb7" testName="first_person_tenses_active_negation" computerName="ARPAN-LAP" duration="00:00:00.0278850" startTime="2014-06-29T12:10:51.4482634+05:30" endTime="2014-06-29T12:10:51.4762650+05:30" testType="13cdc9d9-ddb5-4fa4-a97d-d965ccfc6d4b" outcome="Passed" testListId="8c84fa94-04c1-424b-9868-57a2d4851a1d" relativeResultsDirectory="93d9b8a8-5e0d-4147-8ee9-18b1b5cd7628" dataRowInfo="1" resultType="DataDrivenDataRow" />
        <UnitTestResult executionId="7187741e-2f6c-4921-915e-d9cf648f36ed" parentExecutionId="93d9b8a8-5e0d-4147-8ee9-18b1b5cd7628" testId="15fe5bf6-5078-81a8-0356-385549390bb7" testName="first_person_tenses_active_negation" computerName="ARPAN-LAP" duration="00:00:00.0294233" startTime="2014-06-29T12:10:51.4762650+05:30" endTime="2014-06-29T12:10:51.5062667+05:30" testType="13cdc9d9-ddb5-4fa4-a97d-d965ccfc6d4b" outcome="Passed" testListId="8c84fa94-04c1-424b-9868-57a2d4851a1d" relativeResultsDirectory="93d9b8a8-5e0d-4147-8ee9-18b1b5cd7628" dataRowInfo="2" resultType="DataDrivenDataRow" />
        <UnitTestResult executionId="ca70736a-dd04-432f-bb74-4dd4e68ea545" parentExecutionId="93d9b8a8-5e0d-4147-8ee9-18b1b5cd7628" testId="15fe5bf6-5078-81a8-0356-385549390bb7" testName="first_person_tenses_active_negation" computerName="ARPAN-LAP" duration="00:00:00.0318331" startTime="2014-06-29T12:10:51.5062667+05:30" endTime="2014-06-29T12:10:51.5382685+05:30" testType="13cdc9d9-ddb5-4fa4-a97d-d965ccfc6d4b" outcome="Passed" testListId="8c84fa94-04c1-424b-9868-57a2d4851a1d" relativeResultsDirectory="93d9b8a8-5e0d-4147-8ee9-18b1b5cd7628" dataRowInfo="3" resultType="DataDrivenDataRow" />
        <UnitTestResult executionId="000a77a1-98b8-4df1-863a-ed2f7af8e412" parentExecutionId="93d9b8a8-5e0d-4147-8ee9-18b1b5cd7628" testId="15fe5bf6-5078-81a8-0356-385549390bb7" testName="first_person_tenses_active_negation" computerName="ARPAN-LAP" duration="00:00:00.0253695" startTime="2014-06-29T12:10:51.5382685+05:30" endTime="2014-06-29T12:10:51.5632700+05:30" testType="13cdc9d9-ddb5-4fa4-a97d-d965ccfc6d4b" outcome="Passed" testListId="8c84fa94-04c1-424b-9868-57a2d4851a1d" relativeResultsDirectory="93d9b8a8-5e0d-4147-8ee9-18b1b5cd7628" dataRowInfo="4" resultType="DataDrivenDataRow" />
        <UnitTestResult executionId="26b166c8-409b-4a18-bcd1-53b69a483a2b" parentExecutionId="93d9b8a8-5e0d-4147-8ee9-18b1b5cd7628" testId="15fe5bf6-5078-81a8-0356-385549390bb7" testName="first_person_tenses_active_negation" computerName="ARPAN-LAP" duration="00:00:00.0260008" startTime="2014-06-29T12:10:51.5632700+05:30" endTime="2014-06-29T12:10:51.5892714+05:30" testType="13cdc9d9-ddb5-4fa4-a97d-d965ccfc6d4b" outcome="Passed" testListId="8c84fa94-04c1-424b-9868-57a2d4851a1d" relativeResultsDirectory="93d9b8a8-5e0d-4147-8ee9-18b1b5cd7628" dataRowInfo="5" resultType="DataDrivenDataRow" />
        <UnitTestResult executionId="91b003f9-8091-450f-ac3d-aeda6fde852b" parentExecutionId="93d9b8a8-5e0d-4147-8ee9-18b1b5cd7628" testId="15fe5bf6-5078-81a8-0356-385549390bb7" testName="first_person_tenses_active_negation" computerName="ARPAN-LAP" duration="00:00:00.0386078" startTime="2014-06-29T12:10:51.5892714+05:30" endTime="2014-06-29T12:10:51.6282737+05:30" testType="13cdc9d9-ddb5-4fa4-a97d-d965ccfc6d4b" outcome="Passed" testListId="8c84fa94-04c1-424b-9868-57a2d4851a1d" relativeResultsDirectory="93d9b8a8-5e0d-4147-8ee9-18b1b5cd7628" dataRowInfo="6" resultType="DataDrivenDataRow" />
        <UnitTestResult executionId="a91667e7-1e0c-4b84-a075-931f9c8fddf4" parentExecutionId="93d9b8a8-5e0d-4147-8ee9-18b1b5cd7628" testId="15fe5bf6-5078-81a8-0356-385549390bb7" testName="first_person_tenses_active_negation" computerName="ARPAN-LAP" duration="00:00:00.0537201" startTime="2014-06-29T12:10:51.6282737+05:30" endTime="2014-06-29T12:10:51.6822768+05:30" testType="13cdc9d9-ddb5-4fa4-a97d-d965ccfc6d4b" outcome="Passed" testListId="8c84fa94-04c1-424b-9868-57a2d4851a1d" relativeResultsDirectory="93d9b8a8-5e0d-4147-8ee9-18b1b5cd7628" dataRowInfo="7" resultType="DataDrivenDataRow" />
        <UnitTestResult executionId="079de8a2-1a26-4cf0-b648-04894dc96c4b" parentExecutionId="93d9b8a8-5e0d-4147-8ee9-18b1b5cd7628" testId="15fe5bf6-5078-81a8-0356-385549390bb7" testName="first_person_tenses_active_negation" computerName="ARPAN-LAP" duration="00:00:00.0236454" startTime="2014-06-29T12:10:51.6822768+05:30" endTime="2014-06-29T12:10:51.7052781+05:30" testType="13cdc9d9-ddb5-4fa4-a97d-d965ccfc6d4b" outcome="Passed" testListId="8c84fa94-04c1-424b-9868-57a2d4851a1d" relativeResultsDirectory="93d9b8a8-5e0d-4147-8ee9-18b1b5cd7628" dataRowInfo="8" resultType="DataDrivenDataRow" />
        <UnitTestResult executionId="4795c4ef-7c98-45b2-b206-c3b2d4809a67" parentExecutionId="93d9b8a8-5e0d-4147-8ee9-18b1b5cd7628" testId="15fe5bf6-5078-81a8-0356-385549390bb7" testName="first_person_tenses_active_negation" computerName="ARPAN-LAP" duration="00:00:00.0293946" startTime="2014-06-29T12:10:51.7052781+05:30" endTime="2014-06-29T12:10:51.7352798+05:30" testType="13cdc9d9-ddb5-4fa4-a97d-d965ccfc6d4b" outcome="Passed" testListId="8c84fa94-04c1-424b-9868-57a2d4851a1d" relativeResultsDirectory="93d9b8a8-5e0d-4147-8ee9-18b1b5cd7628" dataRowInfo="9" resultType="DataDrivenDataRow" />
      </InnerResults>
    </UnitTestResult>
    <UnitTestResult executionId="1a56c46f-da66-40e0-99cd-9eebefcde45b" testId="1b04a6d6-5350-792c-8eba-a46a0eb28949" testName="interrogative_sentences_why" computerName="ARPAN-LAP" duration="00:00:00.2082173" startTime="2014-06-29T12:10:51.7672816+05:30" endTime="2014-06-29T12:10:51.9942946+05:30" testType="13cdc9d9-ddb5-4fa4-a97d-d965ccfc6d4b" outcome="Failed" testListId="8c84fa94-04c1-424b-9868-57a2d4851a1d" relativeResultsDirectory="1a56c46f-da66-40e0-99cd-9eebefcde45b" resultType="DataDrivenTest">
      <Counters error="0" failed="1" timeout="0" aborted="0" inconclusive="0" passedButRunAborted="0" notRunnable="0" notExecuted="0" disconnected="0" warning="0" passed="2" completed="0" inProgress="0" pending="0" />
      <InnerResults>
        <UnitTestResult executionId="060df029-c6b1-4d1a-a09f-25fcead489c5" parentExecutionId="1a56c46f-da66-40e0-99cd-9eebefcde45b" testId="1b04a6d6-5350-792c-8eba-a46a0eb28949" testName="interrogative_sentences_why" computerName="ARPAN-LAP" duration="00:00:00.0953019" startTime="2014-06-29T12:10:51.8222848+05:30" endTime="2014-06-29T12:10:51.9172902+05:30" testType="13cdc9d9-ddb5-4fa4-a97d-d965ccfc6d4b" outcome="Failed" testListId="8c84fa94-04c1-424b-9868-57a2d4851a1d" relativeResultsDirectory="1a56c46f-da66-40e0-99cd-9eebefcde45b" dataRowInfo="0" resultType="DataDrivenDataRow">
          <Output>
            <ErrorInfo>
              <Message>Assert.AreEqual failed. Expected:&lt;আপনি আজ দেরিতে কেন ?&gt;. Actual:&lt;দেরিতে আজ আপনি কেন ?&gt;. Why are you late today?</Message>
              <StackTrace>   at UnitTest.BnlpTest.interrogative_sentences_why() in D:\software\Project\BNLP\UnitTest\BnlpTest.cs:line 382
</StackTrace>
            </ErrorInfo>
          </Output>
        </UnitTestResult>
        <UnitTestResult executionId="40d25b5e-2529-4428-8ae5-0a6ed5954cbd" parentExecutionId="1a56c46f-da66-40e0-99cd-9eebefcde45b" testId="1b04a6d6-5350-792c-8eba-a46a0eb28949" testName="interrogative_sentences_why" computerName="ARPAN-LAP" duration="00:00:00.0344868" startTime="2014-06-29T12:10:51.9172902+05:30" endTime="2014-06-29T12:10:51.9522922+05:30" testType="13cdc9d9-ddb5-4fa4-a97d-d965ccfc6d4b" outcome="Passed" testListId="8c84fa94-04c1-424b-9868-57a2d4851a1d" relativeResultsDirectory="1a56c46f-da66-40e0-99cd-9eebefcde45b" dataRowInfo="1" resultType="DataDrivenDataRow" />
        <UnitTestResult executionId="a8d06c74-7d5f-4b7e-845b-ef5035f0e31d" parentExecutionId="1a56c46f-da66-40e0-99cd-9eebefcde45b" testId="1b04a6d6-5350-792c-8eba-a46a0eb28949" testName="interrogative_sentences_why" computerName="ARPAN-LAP" duration="00:00:00.0293186" startTime="2014-06-29T12:10:51.9522922+05:30" endTime="2014-06-29T12:10:51.9812939+05:30" testType="13cdc9d9-ddb5-4fa4-a97d-d965ccfc6d4b" outcome="Passed" testListId="8c84fa94-04c1-424b-9868-57a2d4851a1d" relativeResultsDirectory="1a56c46f-da66-40e0-99cd-9eebefcde45b" dataRowInfo="2" resultType="DataDrivenDataRow" />
      </InnerResults>
    </UnitTestResult>
    <UnitTestResult executionId="0ed7eb37-7e23-48cc-988a-ccfbf26e80c8" testId="1d63c318-78a9-9011-f5c0-0b01884a2881" testName="interrogative_sentences_do" computerName="ARPAN-LAP" duration="00:00:00.2790275" startTime="2014-06-29T12:10:52.0082954+05:30" endTime="2014-06-29T12:10:52.3303138+05:30" testType="13cdc9d9-ddb5-4fa4-a97d-d965ccfc6d4b" outcome="Passed" testListId="8c84fa94-04c1-424b-9868-57a2d4851a1d" relativeResultsDirectory="0ed7eb37-7e23-48cc-988a-ccfbf26e80c8" resultType="DataDrivenTest">
      <Counters error="0" failed="0" timeout="0" aborted="0" inconclusive="0" passedButRunAborted="0" notRunnable="0" notExecuted="0" disconnected="0" warning="0" passed="9" completed="0" inProgress="0" pending="0" />
      <InnerResults>
        <UnitTestResult executionId="49b6b15a-1a1e-4f6b-a8d4-4f9284ff6a82" parentExecutionId="0ed7eb37-7e23-48cc-988a-ccfbf26e80c8" testId="1d63c318-78a9-9011-f5c0-0b01884a2881" testName="interrogative_sentences_do" computerName="ARPAN-LAP" duration="00:00:00.0355107" startTime="2014-06-29T12:10:52.0372971+05:30" endTime="2014-06-29T12:10:52.0732991+05:30" testType="13cdc9d9-ddb5-4fa4-a97d-d965ccfc6d4b" outcome="Passed" testListId="8c84fa94-04c1-424b-9868-57a2d4851a1d" relativeResultsDirectory="0ed7eb37-7e23-48cc-988a-ccfbf26e80c8" dataRowInfo="0" resultType="DataDrivenDataRow" />
        <UnitTestResult executionId="3ea05e9e-eef5-437c-b915-c23ff1136e76" parentExecutionId="0ed7eb37-7e23-48cc-988a-ccfbf26e80c8" testId="1d63c318-78a9-9011-f5c0-0b01884a2881" testName="interrogative_sentences_do" computerName="ARPAN-LAP" duration="00:00:00.0343235" startTime="2014-06-29T12:10:52.0732991+05:30" endTime="2014-06-29T12:10:52.1073011+05:30" testType="13cdc9d9-ddb5-4fa4-a97d-d965ccfc6d4b" outcome="Passed" testListId="8c84fa94-04c1-424b-9868-57a2d4851a1d" relativeResultsDirectory="0ed7eb37-7e23-48cc-988a-ccfbf26e80c8" dataRowInfo="1" resultType="DataDrivenDataRow" />
        <UnitTestResult executionId="fd0bacf2-ff66-49df-bd3a-c6e27a119347" parentExecutionId="0ed7eb37-7e23-48cc-988a-ccfbf26e80c8" testId="1d63c318-78a9-9011-f5c0-0b01884a2881" testName="interrogative_sentences_do" computerName="ARPAN-LAP" duration="00:00:00.0245878" startTime="2014-06-29T12:10:52.1073011+05:30" endTime="2014-06-29T12:10:52.1323025+05:30" testType="13cdc9d9-ddb5-4fa4-a97d-d965ccfc6d4b" outcome="Passed" testListId="8c84fa94-04c1-424b-9868-57a2d4851a1d" relativeResultsDirectory="0ed7eb37-7e23-48cc-988a-ccfbf26e80c8" dataRowInfo="2" resultType="DataDrivenDataRow" />
        <UnitTestResult executionId="e1ebe384-e11d-4500-b5cd-832baeae425e" parentExecutionId="0ed7eb37-7e23-48cc-988a-ccfbf26e80c8" testId="1d63c318-78a9-9011-f5c0-0b01884a2881" testName="interrogative_sentences_do" computerName="ARPAN-LAP" duration="00:00:00.0223684" startTime="2014-06-29T12:10:52.1323025+05:30" endTime="2014-06-29T12:10:52.1543038+05:30" testType="13cdc9d9-ddb5-4fa4-a97d-d965ccfc6d4b" outcome="Passed" testListId="8c84fa94-04c1-424b-9868-57a2d4851a1d" relativeResultsDirectory="0ed7eb37-7e23-48cc-988a-ccfbf26e80c8" dataRowInfo="3" resultType="DataDrivenDataRow" />
        <UnitTestResult executionId="2221cdaf-38bc-4f7b-87a3-9f735acb5b1f" parentExecutionId="0ed7eb37-7e23-48cc-988a-ccfbf26e80c8" testId="1d63c318-78a9-9011-f5c0-0b01884a2881" testName="interrogative_sentences_do" computerName="ARPAN-LAP" duration="00:00:00.0224336" startTime="2014-06-29T12:10:52.1543038+05:30" endTime="2014-06-29T12:10:52.1773051+05:30" testType="13cdc9d9-ddb5-4fa4-a97d-d965ccfc6d4b" outcome="Passed" testListId="8c84fa94-04c1-424b-9868-57a2d4851a1d" relativeResultsDirectory="0ed7eb37-7e23-48cc-988a-ccfbf26e80c8" dataRowInfo="4" resultType="DataDrivenDataRow" />
        <UnitTestResult executionId="79bd369c-d3fd-4eec-96c8-12272fa1a56b" parentExecutionId="0ed7eb37-7e23-48cc-988a-ccfbf26e80c8" testId="1d63c318-78a9-9011-f5c0-0b01884a2881" testName="interrogative_sentences_do" computerName="ARPAN-LAP" duration="00:00:00.0336686" startTime="2014-06-29T12:10:52.1773051+05:30" endTime="2014-06-29T12:10:52.2113070+05:30" testType="13cdc9d9-ddb5-4fa4-a97d-d965ccfc6d4b" outcome="Passed" testListId="8c84fa94-04c1-424b-9868-57a2d4851a1d" relativeResultsDirectory="0ed7eb37-7e23-48cc-988a-ccfbf26e80c8" dataRowInfo="5" resultType="DataDrivenDataRow" />
        <UnitTestResult executionId="5b4c16d0-9ce2-4366-9d55-4dda11884343" parentExecutionId="0ed7eb37-7e23-48cc-988a-ccfbf26e80c8" testId="1d63c318-78a9-9011-f5c0-0b01884a2881" testName="interrogative_sentences_do" computerName="ARPAN-LAP" duration="00:00:00.0268790" startTime="2014-06-29T12:10:52.2113070+05:30" endTime="2014-06-29T12:10:52.2373085+05:30" testType="13cdc9d9-ddb5-4fa4-a97d-d965ccfc6d4b" outcome="Passed" testListId="8c84fa94-04c1-424b-9868-57a2d4851a1d" relativeResultsDirectory="0ed7eb37-7e23-48cc-988a-ccfbf26e80c8" dataRowInfo="6" resultType="DataDrivenDataRow" />
        <UnitTestResult executionId="78fada5b-98ce-4e25-b25c-9b8661ab6146" parentExecutionId="0ed7eb37-7e23-48cc-988a-ccfbf26e80c8" testId="1d63c318-78a9-9011-f5c0-0b01884a2881" testName="interrogative_sentences_do" computerName="ARPAN-LAP" duration="00:00:00.0305212" startTime="2014-06-29T12:10:52.2383086+05:30" endTime="2014-06-29T12:10:52.2683103+05:30" testType="13cdc9d9-ddb5-4fa4-a97d-d965ccfc6d4b" outcome="Passed" testListId="8c84fa94-04c1-424b-9868-57a2d4851a1d" relativeResultsDirectory="0ed7eb37-7e23-48cc-988a-ccfbf26e80c8" dataRowInfo="7" resultType="DataDrivenDataRow" />
        <UnitTestResult executionId="2121cc82-1988-4ead-acdf-7dea1bdf868e" parentExecutionId="0ed7eb37-7e23-48cc-988a-ccfbf26e80c8" testId="1d63c318-78a9-9011-f5c0-0b01884a2881" testName="interrogative_sentences_do" computerName="ARPAN-LAP" duration="00:00:00.0301511" startTime="2014-06-29T12:10:52.2683103+05:30" endTime="2014-06-29T12:10:52.2983120+05:30" testType="13cdc9d9-ddb5-4fa4-a97d-d965ccfc6d4b" outcome="Passed" testListId="8c84fa94-04c1-424b-9868-57a2d4851a1d" relativeResultsDirectory="0ed7eb37-7e23-48cc-988a-ccfbf26e80c8" dataRowInfo="8" resultType="DataDrivenDataRow" />
      </InnerResults>
    </UnitTestResult>
    <UnitTestResult executionId="48e110c9-006c-4544-ab56-f5fe1c45a167" testId="227f20ae-8e76-eb71-39b2-4ada3ce6aba8" testName="interrogative_sentences_how" computerName="ARPAN-LAP" duration="00:00:00.6516272" startTime="2014-06-29T12:10:52.3423145+05:30" endTime="2014-06-29T12:10:53.0493550+05:30" testType="13cdc9d9-ddb5-4fa4-a97d-d965ccfc6d4b" outcome="Failed" testListId="8c84fa94-04c1-424b-9868-57a2d4851a1d" relativeResultsDirectory="48e110c9-006c-4544-ab56-f5fe1c45a167" resultType="DataDrivenTest">
      <Counters error="0" failed="3" timeout="0" aborted="0" inconclusive="0" passedButRunAborted="0" notRunnable="0" notExecuted="0" disconnected="0" warning="0" passed="15" completed="0" inProgress="0" pending="0" />
      <InnerResults>
        <UnitTestResult executionId="9f7708c2-e8f7-48e5-b36b-754629cd713e" parentExecutionId="48e110c9-006c-4544-ab56-f5fe1c45a167" testId="227f20ae-8e76-eb71-39b2-4ada3ce6aba8" testName="interrogative_sentences_how" computerName="ARPAN-LAP" duration="00:00:00.0234955" startTime="2014-06-29T12:10:52.3923174+05:30" endTime="2014-06-29T12:10:52.4153187+05:30" testType="13cdc9d9-ddb5-4fa4-a97d-d965ccfc6d4b" outcome="Passed" testListId="8c84fa94-04c1-424b-9868-57a2d4851a1d" relativeResultsDirectory="48e110c9-006c-4544-ab56-f5fe1c45a167" dataRowInfo="0" resultType="DataDrivenDataRow" />
        <UnitTestResult executionId="f37448c6-6231-4729-bb26-66223214ca92" parentExecutionId="48e110c9-006c-4544-ab56-f5fe1c45a167" testId="227f20ae-8e76-eb71-39b2-4ada3ce6aba8" testName="interrogative_sentences_how" computerName="ARPAN-LAP" duration="00:00:00.0246186" startTime="2014-06-29T12:10:52.4153187+05:30" endTime="2014-06-29T12:10:52.4403201+05:30" testType="13cdc9d9-ddb5-4fa4-a97d-d965ccfc6d4b" outcome="Failed" testListId="8c84fa94-04c1-424b-9868-57a2d4851a1d" relativeResultsDirectory="48e110c9-006c-4544-ab56-f5fe1c45a167" dataRowInfo="1" resultType="DataDrivenDataRow">
          <Output>
            <ErrorInfo>
              <Message>Assert.AreEqual failed. Expected:&lt;আপনি কেমন ছিলেন ?&gt;. Actual:&lt;আপনি ছিলেন কেমন ?&gt;. How were you?</Message>
              <StackTrace>   at UnitTest.BnlpTest.interrogative_sentences_how() in D:\software\Project\BNLP\UnitTest\BnlpTest.cs:line 274
</StackTrace>
            </ErrorInfo>
          </Output>
        </UnitTestResult>
        <UnitTestResult executionId="fc0fca6e-3bee-4767-99f0-f7ff8cd37479" parentExecutionId="48e110c9-006c-4544-ab56-f5fe1c45a167" testId="227f20ae-8e76-eb71-39b2-4ada3ce6aba8" testName="interrogative_sentences_how" computerName="ARPAN-LAP" duration="00:00:00.0298848" startTime="2014-06-29T12:10:52.4403201+05:30" endTime="2014-06-29T12:10:52.4703218+05:30" testType="13cdc9d9-ddb5-4fa4-a97d-d965ccfc6d4b" outcome="Failed" testListId="8c84fa94-04c1-424b-9868-57a2d4851a1d" relativeResultsDirectory="48e110c9-006c-4544-ab56-f5fe1c45a167" dataRowInfo="2" resultType="DataDrivenDataRow">
          <Output>
            <ErrorInfo>
              <Message>Assert.AreEqual failed. Expected:&lt;এই মেশিন কাজটি কিভাবে করে ?&gt;. Actual:&lt;এই মেশিনটি করে কিভাবে কাজ ?&gt;. How does this machine work?</Message>
              <StackTrace>   at UnitTest.BnlpTest.interrogative_sentences_how() in D:\software\Project\BNLP\UnitTest\BnlpTest.cs:line 274
</StackTrace>
            </ErrorInfo>
          </Output>
        </UnitTestResult>
        <UnitTestResult executionId="2bb49380-00fe-49fe-9d8e-1855f0344450" parentExecutionId="48e110c9-006c-4544-ab56-f5fe1c45a167" testId="227f20ae-8e76-eb71-39b2-4ada3ce6aba8" testName="interrogative_sentences_how" computerName="ARPAN-LAP" duration="00:00:00.0387546" startTime="2014-06-29T12:10:52.4703218+05:30" endTime="2014-06-29T12:10:52.5093241+05:30" testType="13cdc9d9-ddb5-4fa4-a97d-d965ccfc6d4b" outcome="Passed" testListId="8c84fa94-04c1-424b-9868-57a2d4851a1d" relativeResultsDirectory="48e110c9-006c-4544-ab56-f5fe1c45a167" dataRowInfo="3" resultType="DataDrivenDataRow" />
        <UnitTestResult executionId="f713667d-f955-421d-8a64-b44f2e905e56" parentExecutionId="48e110c9-006c-4544-ab56-f5fe1c45a167" testId="227f20ae-8e76-eb71-39b2-4ada3ce6aba8" testName="interrogative_sentences_how" computerName="ARPAN-LAP" duration="00:00:00.0359686" startTime="2014-06-29T12:10:52.5093241+05:30" endTime="2014-06-29T12:10:52.5453261+05:30" testType="13cdc9d9-ddb5-4fa4-a97d-d965ccfc6d4b" outcome="Passed" testListId="8c84fa94-04c1-424b-9868-57a2d4851a1d" relativeResultsDirectory="48e110c9-006c-4544-ab56-f5fe1c45a167" dataRowInfo="4" resultType="DataDrivenDataRow" />
        <UnitTestResult executionId="fd88aba7-4b58-413b-a48c-ea91f59a1f8f" parentExecutionId="48e110c9-006c-4544-ab56-f5fe1c45a167" testId="227f20ae-8e76-eb71-39b2-4ada3ce6aba8" testName="interrogative_sentences_how" computerName="ARPAN-LAP" duration="00:00:00.0276264" startTime="2014-06-29T12:10:52.5453261+05:30" endTime="2014-06-29T12:10:52.5723277+05:30" testType="13cdc9d9-ddb5-4fa4-a97d-d965ccfc6d4b" outcome="Passed" testListId="8c84fa94-04c1-424b-9868-57a2d4851a1d" relativeResultsDirectory="48e110c9-006c-4544-ab56-f5fe1c45a167" dataRowInfo="5" resultType="DataDrivenDataRow" />
        <UnitTestResult executionId="bde23bf7-e481-4a6a-bae4-3fe77011e957" parentExecutionId="48e110c9-006c-4544-ab56-f5fe1c45a167" testId="227f20ae-8e76-eb71-39b2-4ada3ce6aba8" testName="interrogative_sentences_how" computerName="ARPAN-LAP" duration="00:00:00.0466801" startTime="2014-06-29T12:10:52.5733277+05:30" endTime="2014-06-29T12:10:52.6193304+05:30" testType="13cdc9d9-ddb5-4fa4-a97d-d965ccfc6d4b" outcome="Passed" testListId="8c84fa94-04c1-424b-9868-57a2d4851a1d" relativeResultsDirectory="48e110c9-006c-4544-ab56-f5fe1c45a167" dataRowInfo="6" resultType="DataDrivenDataRow" />
        <UnitTestResult executionId="2ab9ac7a-d459-401d-826e-f01161727a62" parentExecutionId="48e110c9-006c-4544-ab56-f5fe1c45a167" testId="227f20ae-8e76-eb71-39b2-4ada3ce6aba8" testName="interrogative_sentences_how" computerName="ARPAN-LAP" duration="00:00:00.0423814" startTime="2014-06-29T12:10:52.6193304+05:30" endTime="2014-06-29T12:10:52.6623328+05:30" testType="13cdc9d9-ddb5-4fa4-a97d-d965ccfc6d4b" outcome="Passed" testListId="8c84fa94-04c1-424b-9868-57a2d4851a1d" relativeResultsDirectory="48e110c9-006c-4544-ab56-f5fe1c45a167" dataRowInfo="7" resultType="DataDrivenDataRow" />
        <UnitTestResult executionId="451933eb-3fb0-4495-bae2-99802a3d776b" parentExecutionId="48e110c9-006c-4544-ab56-f5fe1c45a167" testId="227f20ae-8e76-eb71-39b2-4ada3ce6aba8" testName="interrogative_sentences_how" computerName="ARPAN-LAP" duration="00:00:00.0450355" startTime="2014-06-29T12:10:52.6623328+05:30" endTime="2014-06-29T12:10:52.7073354+05:30" testType="13cdc9d9-ddb5-4fa4-a97d-d965ccfc6d4b" outcome="Passed" testListId="8c84fa94-04c1-424b-9868-57a2d4851a1d" relativeResultsDirectory="48e110c9-006c-4544-ab56-f5fe1c45a167" dataRowInfo="8" resultType="DataDrivenDataRow" />
        <UnitTestResult executionId="a9442af3-cdc4-40f1-be5f-53a138d2a721" parentExecutionId="48e110c9-006c-4544-ab56-f5fe1c45a167" testId="227f20ae-8e76-eb71-39b2-4ada3ce6aba8" testName="interrogative_sentences_how" computerName="ARPAN-LAP" duration="00:00:00.0299705" startTime="2014-06-29T12:10:52.7073354+05:30" endTime="2014-06-29T12:10:52.7373371+05:30" testType="13cdc9d9-ddb5-4fa4-a97d-d965ccfc6d4b" outcome="Passed" testListId="8c84fa94-04c1-424b-9868-57a2d4851a1d" relativeResultsDirectory="48e110c9-006c-4544-ab56-f5fe1c45a167" dataRowInfo="9" resultType="DataDrivenDataRow" />
        <UnitTestResult executionId="2c84c094-4357-4417-8879-3eda0cf54152" parentExecutionId="48e110c9-006c-4544-ab56-f5fe1c45a167" testId="227f20ae-8e76-eb71-39b2-4ada3ce6aba8" testName="interrogative_sentences_how" computerName="ARPAN-LAP" duration="00:00:00.0371337" startTime="2014-06-29T12:10:52.7373371+05:30" endTime="2014-06-29T12:10:52.7743392+05:30" testType="13cdc9d9-ddb5-4fa4-a97d-d965ccfc6d4b" outcome="Passed" testListId="8c84fa94-04c1-424b-9868-57a2d4851a1d" relativeResultsDirectory="48e110c9-006c-4544-ab56-f5fe1c45a167" dataRowInfo="10" resultType="DataDrivenDataRow" />
        <UnitTestResult executionId="7044f400-9b60-4eab-8ab0-a7fbebd0380d" parentExecutionId="48e110c9-006c-4544-ab56-f5fe1c45a167" testId="227f20ae-8e76-eb71-39b2-4ada3ce6aba8" testName="interrogative_sentences_how" computerName="ARPAN-LAP" duration="00:00:00.0267902" startTime="2014-06-29T12:10:52.7743392+05:30" endTime="2014-06-29T12:10:52.8013408+05:30" testType="13cdc9d9-ddb5-4fa4-a97d-d965ccfc6d4b" outcome="Passed" testListId="8c84fa94-04c1-424b-9868-57a2d4851a1d" relativeResultsDirectory="48e110c9-006c-4544-ab56-f5fe1c45a167" dataRowInfo="11" resultType="DataDrivenDataRow" />
        <UnitTestResult executionId="af911084-76b2-44d8-929a-30aaf8302de0" parentExecutionId="48e110c9-006c-4544-ab56-f5fe1c45a167" testId="227f20ae-8e76-eb71-39b2-4ada3ce6aba8" testName="interrogative_sentences_how" computerName="ARPAN-LAP" duration="00:00:00.0255425" startTime="2014-06-29T12:10:52.8013408+05:30" endTime="2014-06-29T12:10:52.8263422+05:30" testType="13cdc9d9-ddb5-4fa4-a97d-d965ccfc6d4b" outcome="Passed" testListId="8c84fa94-04c1-424b-9868-57a2d4851a1d" relativeResultsDirectory="48e110c9-006c-4544-ab56-f5fe1c45a167" dataRowInfo="12" resultType="DataDrivenDataRow" />
        <UnitTestResult executionId="48da721e-de0e-4781-aec4-a8d6430e91db" parentExecutionId="48e110c9-006c-4544-ab56-f5fe1c45a167" testId="227f20ae-8e76-eb71-39b2-4ada3ce6aba8" testName="interrogative_sentences_how" computerName="ARPAN-LAP" duration="00:00:00.0320513" startTime="2014-06-29T12:10:52.8263422+05:30" endTime="2014-06-29T12:10:52.8583440+05:30" testType="13cdc9d9-ddb5-4fa4-a97d-d965ccfc6d4b" outcome="Passed" testListId="8c84fa94-04c1-424b-9868-57a2d4851a1d" relativeResultsDirectory="48e110c9-006c-4544-ab56-f5fe1c45a167" dataRowInfo="13" resultType="DataDrivenDataRow" />
        <UnitTestResult executionId="1fd9f1ad-93a1-4db6-bd1a-fc49ce880078" parentExecutionId="48e110c9-006c-4544-ab56-f5fe1c45a167" testId="227f20ae-8e76-eb71-39b2-4ada3ce6aba8" testName="interrogative_sentences_how" computerName="ARPAN-LAP" duration="00:00:00.0326534" startTime="2014-06-29T12:10:52.8583440+05:30" endTime="2014-06-29T12:10:52.8913459+05:30" testType="13cdc9d9-ddb5-4fa4-a97d-d965ccfc6d4b" outcome="Passed" testListId="8c84fa94-04c1-424b-9868-57a2d4851a1d" relativeResultsDirectory="48e110c9-006c-4544-ab56-f5fe1c45a167" dataRowInfo="14" resultType="DataDrivenDataRow" />
        <UnitTestResult executionId="7c488775-2235-46f9-a889-ebc8b691bb5c" parentExecutionId="48e110c9-006c-4544-ab56-f5fe1c45a167" testId="227f20ae-8e76-eb71-39b2-4ada3ce6aba8" testName="interrogative_sentences_how" computerName="ARPAN-LAP" duration="00:00:00.0357802" startTime="2014-06-29T12:10:52.8913459+05:30" endTime="2014-06-29T12:10:52.9273480+05:30" testType="13cdc9d9-ddb5-4fa4-a97d-d965ccfc6d4b" outcome="Failed" testListId="8c84fa94-04c1-424b-9868-57a2d4851a1d" relativeResultsDirectory="48e110c9-006c-4544-ab56-f5fe1c45a167" dataRowInfo="15" resultType="DataDrivenDataRow">
          <Output>
            <ErrorInfo>
              <Message>Assert.AreEqual failed. Expected:&lt;একটি ভাল ছাত্র হতে হয় কিভাবে ?&gt;. Actual:&lt;হয় কিভাবে একটি ভাল ছাত্র ?&gt;. How to be a good student?</Message>
              <StackTrace>   at UnitTest.BnlpTest.interrogative_sentences_how() in D:\software\Project\BNLP\UnitTest\BnlpTest.cs:line 274
</StackTrace>
            </ErrorInfo>
          </Output>
        </UnitTestResult>
        <UnitTestResult executionId="922738a4-a3d6-41d8-aa6a-09cca8a1d5c1" parentExecutionId="48e110c9-006c-4544-ab56-f5fe1c45a167" testId="227f20ae-8e76-eb71-39b2-4ada3ce6aba8" testName="interrogative_sentences_how" computerName="ARPAN-LAP" duration="00:00:00.0325214" startTime="2014-06-29T12:10:52.9273480+05:30" endTime="2014-06-29T12:10:52.9603499+05:30" testType="13cdc9d9-ddb5-4fa4-a97d-d965ccfc6d4b" outcome="Passed" testListId="8c84fa94-04c1-424b-9868-57a2d4851a1d" relativeResultsDirectory="48e110c9-006c-4544-ab56-f5fe1c45a167" dataRowInfo="16" resultType="DataDrivenDataRow" />
        <UnitTestResult executionId="61fe3875-ae82-45fa-92cd-1d55b158b40d" parentExecutionId="48e110c9-006c-4544-ab56-f5fe1c45a167" testId="227f20ae-8e76-eb71-39b2-4ada3ce6aba8" testName="interrogative_sentences_how" computerName="ARPAN-LAP" duration="00:00:00.0387408" startTime="2014-06-29T12:10:52.9603499+05:30" endTime="2014-06-29T12:10:52.9983520+05:30" testType="13cdc9d9-ddb5-4fa4-a97d-d965ccfc6d4b" outcome="Passed" testListId="8c84fa94-04c1-424b-9868-57a2d4851a1d" relativeResultsDirectory="48e110c9-006c-4544-ab56-f5fe1c45a167" dataRowInfo="17" resultType="DataDrivenDataRow" />
      </InnerResults>
    </UnitTestResult>
    <UnitTestResult executionId="274b47a0-ab51-4cd1-82a1-36b856ee8d84" testId="30ab3285-6a8c-14d2-9725-bd60892ccd90" testName="second_person_tenses_active" computerName="ARPAN-LAP" duration="00:00:00.2297055" startTime="2014-06-29T12:10:53.0633558+05:30" endTime="2014-06-29T12:10:53.3373714+05:30" testType="13cdc9d9-ddb5-4fa4-a97d-d965ccfc6d4b" outcome="Passed" testListId="8c84fa94-04c1-424b-9868-57a2d4851a1d" relativeResultsDirectory="274b47a0-ab51-4cd1-82a1-36b856ee8d84" resultType="DataDrivenTest">
      <Counters error="0" failed="0" timeout="0" aborted="0" inconclusive="0" passedButRunAborted="0" notRunnable="0" notExecuted="0" disconnected="0" warning="0" passed="10" completed="0" inProgress="0" pending="0" />
      <InnerResults>
        <UnitTestResult executionId="378a21d4-27a3-47c0-9205-e934f20c0926" parentExecutionId="274b47a0-ab51-4cd1-82a1-36b856ee8d84" testId="30ab3285-6a8c-14d2-9725-bd60892ccd90" testName="second_person_tenses_active" computerName="ARPAN-LAP" duration="00:00:00.0144419" startTime="2014-06-29T12:10:53.0893572+05:30" endTime="2014-06-29T12:10:53.1043581+05:30" testType="13cdc9d9-ddb5-4fa4-a97d-d965ccfc6d4b" outcome="Passed" testListId="8c84fa94-04c1-424b-9868-57a2d4851a1d" relativeResultsDirectory="274b47a0-ab51-4cd1-82a1-36b856ee8d84" dataRowInfo="0" resultType="DataDrivenDataRow" />
        <UnitTestResult executionId="4a7f3541-ea11-4207-aae0-84f82b1b4132" parentExecutionId="274b47a0-ab51-4cd1-82a1-36b856ee8d84" testId="30ab3285-6a8c-14d2-9725-bd60892ccd90" testName="second_person_tenses_active" computerName="ARPAN-LAP" duration="00:00:00.0197769" startTime="2014-06-29T12:10:53.1043581+05:30" endTime="2014-06-29T12:10:53.1233592+05:30" testType="13cdc9d9-ddb5-4fa4-a97d-d965ccfc6d4b" outcome="Passed" testListId="8c84fa94-04c1-424b-9868-57a2d4851a1d" relativeResultsDirectory="274b47a0-ab51-4cd1-82a1-36b856ee8d84" dataRowInfo="1" resultType="DataDrivenDataRow" />
        <UnitTestResult executionId="dd913011-e9f6-4151-95e0-ef474df1a70f" parentExecutionId="274b47a0-ab51-4cd1-82a1-36b856ee8d84" testId="30ab3285-6a8c-14d2-9725-bd60892ccd90" testName="second_person_tenses_active" computerName="ARPAN-LAP" duration="00:00:00.0201639" startTime="2014-06-29T12:10:53.1243592+05:30" endTime="2014-06-29T12:10:53.1443604+05:30" testType="13cdc9d9-ddb5-4fa4-a97d-d965ccfc6d4b" outcome="Passed" testListId="8c84fa94-04c1-424b-9868-57a2d4851a1d" relativeResultsDirectory="274b47a0-ab51-4cd1-82a1-36b856ee8d84" dataRowInfo="2" resultType="DataDrivenDataRow" />
        <UnitTestResult executionId="e39c7a2e-126e-425f-bb7d-6fab1effb37e" parentExecutionId="274b47a0-ab51-4cd1-82a1-36b856ee8d84" testId="30ab3285-6a8c-14d2-9725-bd60892ccd90" testName="second_person_tenses_active" computerName="ARPAN-LAP" duration="00:00:00.0254609" startTime="2014-06-29T12:10:53.1443604+05:30" endTime="2014-06-29T12:10:53.1693618+05:30" testType="13cdc9d9-ddb5-4fa4-a97d-d965ccfc6d4b" outcome="Passed" testListId="8c84fa94-04c1-424b-9868-57a2d4851a1d" relativeResultsDirectory="274b47a0-ab51-4cd1-82a1-36b856ee8d84" dataRowInfo="3" resultType="DataDrivenDataRow" />
        <UnitTestResult executionId="e63f4108-d0cf-4f6d-83f4-bf7a395c1aed" parentExecutionId="274b47a0-ab51-4cd1-82a1-36b856ee8d84" testId="30ab3285-6a8c-14d2-9725-bd60892ccd90" testName="second_person_tenses_active" computerName="ARPAN-LAP" duration="00:00:00.0152780" startTime="2014-06-29T12:10:53.1693618+05:30" endTime="2014-06-29T12:10:53.1853627+05:30" testType="13cdc9d9-ddb5-4fa4-a97d-d965ccfc6d4b" outcome="Passed" testListId="8c84fa94-04c1-424b-9868-57a2d4851a1d" relativeResultsDirectory="274b47a0-ab51-4cd1-82a1-36b856ee8d84" dataRowInfo="4" resultType="DataDrivenDataRow" />
        <UnitTestResult executionId="4f74fa27-d4ab-4012-8730-01b317474e94" parentExecutionId="274b47a0-ab51-4cd1-82a1-36b856ee8d84" testId="30ab3285-6a8c-14d2-9725-bd60892ccd90" testName="second_person_tenses_active" computerName="ARPAN-LAP" duration="00:00:00.0216960" startTime="2014-06-29T12:10:53.1853627+05:30" endTime="2014-06-29T12:10:53.2063639+05:30" testType="13cdc9d9-ddb5-4fa4-a97d-d965ccfc6d4b" outcome="Passed" testListId="8c84fa94-04c1-424b-9868-57a2d4851a1d" relativeResultsDirectory="274b47a0-ab51-4cd1-82a1-36b856ee8d84" dataRowInfo="5" resultType="DataDrivenDataRow" />
        <UnitTestResult executionId="89137a06-d8bb-4ec9-9315-26fad259bf06" parentExecutionId="274b47a0-ab51-4cd1-82a1-36b856ee8d84" testId="30ab3285-6a8c-14d2-9725-bd60892ccd90" testName="second_person_tenses_active" computerName="ARPAN-LAP" duration="00:00:00.0190768" startTime="2014-06-29T12:10:53.2063639+05:30" endTime="2014-06-29T12:10:53.2253650+05:30" testType="13cdc9d9-ddb5-4fa4-a97d-d965ccfc6d4b" outcome="Passed" testListId="8c84fa94-04c1-424b-9868-57a2d4851a1d" relativeResultsDirectory="274b47a0-ab51-4cd1-82a1-36b856ee8d84" dataRowInfo="6" resultType="DataDrivenDataRow" />
        <UnitTestResult executionId="b542b615-d84c-4f02-a9e0-3abf32ee7bb0" parentExecutionId="274b47a0-ab51-4cd1-82a1-36b856ee8d84" testId="30ab3285-6a8c-14d2-9725-bd60892ccd90" testName="second_person_tenses_active" computerName="ARPAN-LAP" duration="00:00:00.0247012" startTime="2014-06-29T12:10:53.2253650+05:30" endTime="2014-06-29T12:10:53.2503664+05:30" testType="13cdc9d9-ddb5-4fa4-a97d-d965ccfc6d4b" outcome="Passed" testListId="8c84fa94-04c1-424b-9868-57a2d4851a1d" relativeResultsDirectory="274b47a0-ab51-4cd1-82a1-36b856ee8d84" dataRowInfo="7" resultType="DataDrivenDataRow" />
        <UnitTestResult executionId="813cc9f3-db8c-4763-a2e4-912f22fd9557" parentExecutionId="274b47a0-ab51-4cd1-82a1-36b856ee8d84" testId="30ab3285-6a8c-14d2-9725-bd60892ccd90" testName="second_person_tenses_active" computerName="ARPAN-LAP" duration="00:00:00.0227133" startTime="2014-06-29T12:10:53.2503664+05:30" endTime="2014-06-29T12:10:53.2733678+05:30" testType="13cdc9d9-ddb5-4fa4-a97d-d965ccfc6d4b" outcome="Passed" testListId="8c84fa94-04c1-424b-9868-57a2d4851a1d" relativeResultsDirectory="274b47a0-ab51-4cd1-82a1-36b856ee8d84" dataRowInfo="8" resultType="DataDrivenDataRow" />
        <UnitTestResult executionId="5a05ab86-96cb-4eec-a505-aa50b28a7e88" parentExecutionId="274b47a0-ab51-4cd1-82a1-36b856ee8d84" testId="30ab3285-6a8c-14d2-9725-bd60892ccd90" testName="second_person_tenses_active" computerName="ARPAN-LAP" duration="00:00:00.0230454" startTime="2014-06-29T12:10:53.2733678+05:30" endTime="2014-06-29T12:10:53.2963691+05:30" testType="13cdc9d9-ddb5-4fa4-a97d-d965ccfc6d4b" outcome="Passed" testListId="8c84fa94-04c1-424b-9868-57a2d4851a1d" relativeResultsDirectory="274b47a0-ab51-4cd1-82a1-36b856ee8d84" dataRowInfo="9" resultType="DataDrivenDataRow" />
      </InnerResults>
    </UnitTestResult>
    <UnitTestResult executionId="656609c9-e82a-4ee6-845d-d2bc59f338e6" testId="32b5d279-0d23-e5ad-0301-234c8788f740" testName="interrogative_sentences_who" computerName="ARPAN-LAP" duration="00:00:00.1138439" startTime="2014-06-29T12:10:53.3543724+05:30" endTime="2014-06-29T12:10:53.4903802+05:30" testType="13cdc9d9-ddb5-4fa4-a97d-d965ccfc6d4b" outcome="Passed" testListId="8c84fa94-04c1-424b-9868-57a2d4851a1d" relativeResultsDirectory="656609c9-e82a-4ee6-845d-d2bc59f338e6" resultType="DataDrivenTest">
      <Counters error="0" failed="0" timeout="0" aborted="0" inconclusive="0" passedButRunAborted="0" notRunnable="0" notExecuted="0" disconnected="0" warning="0" passed="4" completed="0" inProgress="0" pending="0" />
      <InnerResults>
        <UnitTestResult executionId="394402dd-495d-438e-a84a-97c6db006f09" parentExecutionId="656609c9-e82a-4ee6-845d-d2bc59f338e6" testId="32b5d279-0d23-e5ad-0301-234c8788f740" testName="interrogative_sentences_who" computerName="ARPAN-LAP" duration="00:00:00.0216708" startTime="2014-06-29T12:10:53.3803739+05:30" endTime="2014-06-29T12:10:53.4023751+05:30" testType="13cdc9d9-ddb5-4fa4-a97d-d965ccfc6d4b" outcome="Passed" testListId="8c84fa94-04c1-424b-9868-57a2d4851a1d" relativeResultsDirectory="656609c9-e82a-4ee6-845d-d2bc59f338e6" dataRowInfo="0" resultType="DataDrivenDataRow" />
        <UnitTestResult executionId="9f749025-0616-477a-af8c-e3a84f5a7d39" parentExecutionId="656609c9-e82a-4ee6-845d-d2bc59f338e6" testId="32b5d279-0d23-e5ad-0301-234c8788f740" testName="interrogative_sentences_who" computerName="ARPAN-LAP" duration="00:00:00.0178223" startTime="2014-06-29T12:10:53.4023751+05:30" endTime="2014-06-29T12:10:53.4203762+05:30" testType="13cdc9d9-ddb5-4fa4-a97d-d965ccfc6d4b" outcome="Passed" testListId="8c84fa94-04c1-424b-9868-57a2d4851a1d" relativeResultsDirectory="656609c9-e82a-4ee6-845d-d2bc59f338e6" dataRowInfo="1" resultType="DataDrivenDataRow" />
        <UnitTestResult executionId="c64ee281-484f-41b3-a111-19b30815af8b" parentExecutionId="656609c9-e82a-4ee6-845d-d2bc59f338e6" testId="32b5d279-0d23-e5ad-0301-234c8788f740" testName="interrogative_sentences_who" computerName="ARPAN-LAP" duration="00:00:00.0244985" startTime="2014-06-29T12:10:53.4203762+05:30" endTime="2014-06-29T12:10:53.4443775+05:30" testType="13cdc9d9-ddb5-4fa4-a97d-d965ccfc6d4b" outcome="Passed" testListId="8c84fa94-04c1-424b-9868-57a2d4851a1d" relativeResultsDirectory="656609c9-e82a-4ee6-845d-d2bc59f338e6" dataRowInfo="2" resultType="DataDrivenDataRow" />
        <UnitTestResult executionId="a15e92e7-4c06-4a7e-9cec-c83bf671b7ca" parentExecutionId="656609c9-e82a-4ee6-845d-d2bc59f338e6" testId="32b5d279-0d23-e5ad-0301-234c8788f740" testName="interrogative_sentences_who" computerName="ARPAN-LAP" duration="00:00:00.0302394" startTime="2014-06-29T12:10:53.4443775+05:30" endTime="2014-06-29T12:10:53.4753793+05:30" testType="13cdc9d9-ddb5-4fa4-a97d-d965ccfc6d4b" outcome="Passed" testListId="8c84fa94-04c1-424b-9868-57a2d4851a1d" relativeResultsDirectory="656609c9-e82a-4ee6-845d-d2bc59f338e6" dataRowInfo="3" resultType="DataDrivenDataRow" />
      </InnerResults>
    </UnitTestResult>
    <UnitTestResult executionId="a633943c-0589-47a6-b468-f3ac6f3fd431" testId="39dcb97e-c73f-c645-a77c-64d9eba0a3a3" testName="interrogative_sentences_aux" computerName="ARPAN-LAP" duration="00:00:00.5198166" startTime="2014-06-29T12:10:53.4913802+05:30" endTime="2014-06-29T12:10:54.0734135+05:30" testType="13cdc9d9-ddb5-4fa4-a97d-d965ccfc6d4b" outcome="Passed" testListId="8c84fa94-04c1-424b-9868-57a2d4851a1d" relativeResultsDirectory="a633943c-0589-47a6-b468-f3ac6f3fd431" resultType="DataDrivenTest">
      <Counters error="0" failed="0" timeout="0" aborted="0" inconclusive="0" passedButRunAborted="0" notRunnable="0" notExecuted="0" disconnected="0" warning="0" passed="20" completed="0" inProgress="0" pending="0" />
      <InnerResults>
        <UnitTestResult executionId="c3b96893-6ec0-454c-a0ac-807f05abfc07" parentExecutionId="a633943c-0589-47a6-b468-f3ac6f3fd431" testId="39dcb97e-c73f-c645-a77c-64d9eba0a3a3" testName="interrogative_sentences_aux" computerName="ARPAN-LAP" duration="00:00:00.0219999" startTime="2014-06-29T12:10:53.5203819+05:30" endTime="2014-06-29T12:10:53.5423832+05:30" testType="13cdc9d9-ddb5-4fa4-a97d-d965ccfc6d4b" outcome="Passed" testListId="8c84fa94-04c1-424b-9868-57a2d4851a1d" relativeResultsDirectory="a633943c-0589-47a6-b468-f3ac6f3fd431" dataRowInfo="0" resultType="DataDrivenDataRow" />
        <UnitTestResult executionId="abf72971-dbcd-450f-b5a5-3f59eb1736f4" parentExecutionId="a633943c-0589-47a6-b468-f3ac6f3fd431" testId="39dcb97e-c73f-c645-a77c-64d9eba0a3a3" testName="interrogative_sentences_aux" computerName="ARPAN-LAP" duration="00:00:00.0236639" startTime="2014-06-29T12:10:53.5423832+05:30" endTime="2014-06-29T12:10:53.5663845+05:30" testType="13cdc9d9-ddb5-4fa4-a97d-d965ccfc6d4b" outcome="Passed" testListId="8c84fa94-04c1-424b-9868-57a2d4851a1d" relativeResultsDirectory="a633943c-0589-47a6-b468-f3ac6f3fd431" dataRowInfo="1" resultType="DataDrivenDataRow" />
        <UnitTestResult executionId="d6d1e344-b9ac-4afb-a324-a1456ccd8d28" parentExecutionId="a633943c-0589-47a6-b468-f3ac6f3fd431" testId="39dcb97e-c73f-c645-a77c-64d9eba0a3a3" testName="interrogative_sentences_aux" computerName="ARPAN-LAP" duration="00:00:00.0210570" startTime="2014-06-29T12:10:53.5663845+05:30" endTime="2014-06-29T12:10:53.5873857+05:30" testType="13cdc9d9-ddb5-4fa4-a97d-d965ccfc6d4b" outcome="Passed" testListId="8c84fa94-04c1-424b-9868-57a2d4851a1d" relativeResultsDirectory="a633943c-0589-47a6-b468-f3ac6f3fd431" dataRowInfo="2" resultType="DataDrivenDataRow" />
        <UnitTestResult executionId="58f64224-58e7-47dd-a087-f5c2a297a69f" parentExecutionId="a633943c-0589-47a6-b468-f3ac6f3fd431" testId="39dcb97e-c73f-c645-a77c-64d9eba0a3a3" testName="interrogative_sentences_aux" computerName="ARPAN-LAP" duration="00:00:00.0283167" startTime="2014-06-29T12:10:53.5873857+05:30" endTime="2014-06-29T12:10:53.6153873+05:30" testType="13cdc9d9-ddb5-4fa4-a97d-d965ccfc6d4b" outcome="Passed" testListId="8c84fa94-04c1-424b-9868-57a2d4851a1d" relativeResultsDirectory="a633943c-0589-47a6-b468-f3ac6f3fd431" dataRowInfo="3" resultType="DataDrivenDataRow" />
        <UnitTestResult executionId="b42a11d9-7d7d-4b1e-99ad-99d6b0829329" parentExecutionId="a633943c-0589-47a6-b468-f3ac6f3fd431" testId="39dcb97e-c73f-c645-a77c-64d9eba0a3a3" testName="interrogative_sentences_aux" computerName="ARPAN-LAP" duration="00:00:00.0198847" startTime="2014-06-29T12:10:53.6153873+05:30" endTime="2014-06-29T12:10:53.6353885+05:30" testType="13cdc9d9-ddb5-4fa4-a97d-d965ccfc6d4b" outcome="Passed" testListId="8c84fa94-04c1-424b-9868-57a2d4851a1d" relativeResultsDirectory="a633943c-0589-47a6-b468-f3ac6f3fd431" dataRowInfo="4" resultType="DataDrivenDataRow" />
        <UnitTestResult executionId="4a0dbd03-55fc-4931-b42b-9383b66c45c4" parentExecutionId="a633943c-0589-47a6-b468-f3ac6f3fd431" testId="39dcb97e-c73f-c645-a77c-64d9eba0a3a3" testName="interrogative_sentences_aux" computerName="ARPAN-LAP" duration="00:00:00.0304334" startTime="2014-06-29T12:10:53.6353885+05:30" endTime="2014-06-29T12:10:53.6653902+05:30" testType="13cdc9d9-ddb5-4fa4-a97d-d965ccfc6d4b" outcome="Passed" testListId="8c84fa94-04c1-424b-9868-57a2d4851a1d" relativeResultsDirectory="a633943c-0589-47a6-b468-f3ac6f3fd431" dataRowInfo="5" resultType="DataDrivenDataRow" />
        <UnitTestResult executionId="74bd30ad-0c34-4d7f-979c-69a6b38a9b42" parentExecutionId="a633943c-0589-47a6-b468-f3ac6f3fd431" testId="39dcb97e-c73f-c645-a77c-64d9eba0a3a3" testName="interrogative_sentences_aux" computerName="ARPAN-LAP" duration="00:00:00.0514094" startTime="2014-06-29T12:10:53.6653902+05:30" endTime="2014-06-29T12:10:53.7173932+05:30" testType="13cdc9d9-ddb5-4fa4-a97d-d965ccfc6d4b" outcome="Passed" testListId="8c84fa94-04c1-424b-9868-57a2d4851a1d" relativeResultsDirectory="a633943c-0589-47a6-b468-f3ac6f3fd431" dataRowInfo="6" resultType="DataDrivenDataRow" />
        <UnitTestResult executionId="134dacf5-1859-415e-a68e-8ab11ee3640a" parentExecutionId="a633943c-0589-47a6-b468-f3ac6f3fd431" testId="39dcb97e-c73f-c645-a77c-64d9eba0a3a3" testName="interrogative_sentences_aux" computerName="ARPAN-LAP" duration="00:00:00.0422398" startTime="2014-06-29T12:10:53.7173932+05:30" endTime="2014-06-29T12:10:53.7593956+05:30" testType="13cdc9d9-ddb5-4fa4-a97d-d965ccfc6d4b" outcome="Passed" testListId="8c84fa94-04c1-424b-9868-57a2d4851a1d" relativeResultsDirectory="a633943c-0589-47a6-b468-f3ac6f3fd431" dataRowInfo="7" resultType="DataDrivenDataRow" />
        <UnitTestResult executionId="adddcc2a-47bb-4514-a65c-48d5faed5fa0" parentExecutionId="a633943c-0589-47a6-b468-f3ac6f3fd431" testId="39dcb97e-c73f-c645-a77c-64d9eba0a3a3" testName="interrogative_sentences_aux" computerName="ARPAN-LAP" duration="00:00:00.0210098" startTime="2014-06-29T12:10:53.7593956+05:30" endTime="2014-06-29T12:10:53.7803968+05:30" testType="13cdc9d9-ddb5-4fa4-a97d-d965ccfc6d4b" outcome="Passed" testListId="8c84fa94-04c1-424b-9868-57a2d4851a1d" relativeResultsDirectory="a633943c-0589-47a6-b468-f3ac6f3fd431" dataRowInfo="8" resultType="DataDrivenDataRow" />
        <UnitTestResult executionId="fb324b9d-2d2f-4dd9-b8f7-b73346f57365" parentExecutionId="a633943c-0589-47a6-b468-f3ac6f3fd431" testId="39dcb97e-c73f-c645-a77c-64d9eba0a3a3" testName="interrogative_sentences_aux" computerName="ARPAN-LAP" duration="00:00:00.0268031" startTime="2014-06-29T12:10:53.7803968+05:30" endTime="2014-06-29T12:10:53.8073983+05:30" testType="13cdc9d9-ddb5-4fa4-a97d-d965ccfc6d4b" outcome="Passed" testListId="8c84fa94-04c1-424b-9868-57a2d4851a1d" relativeResultsDirectory="a633943c-0589-47a6-b468-f3ac6f3fd431" dataRowInfo="9" resultType="DataDrivenDataRow" />
        <UnitTestResult executionId="49f4a620-3766-409b-afea-dd268e1ea0ae" parentExecutionId="a633943c-0589-47a6-b468-f3ac6f3fd431" testId="39dcb97e-c73f-c645-a77c-64d9eba0a3a3" testName="interrogative_sentences_aux" computerName="ARPAN-LAP" duration="00:00:00.0194371" startTime="2014-06-29T12:10:53.8073983+05:30" endTime="2014-06-29T12:10:53.8273995+05:30" testType="13cdc9d9-ddb5-4fa4-a97d-d965ccfc6d4b" outcome="Passed" testListId="8c84fa94-04c1-424b-9868-57a2d4851a1d" relativeResultsDirectory="a633943c-0589-47a6-b468-f3ac6f3fd431" dataRowInfo="10" resultType="DataDrivenDataRow" />
        <UnitTestResult executionId="a9b43198-6f21-45fb-96a4-b0d299492d8f" parentExecutionId="a633943c-0589-47a6-b468-f3ac6f3fd431" testId="39dcb97e-c73f-c645-a77c-64d9eba0a3a3" testName="interrogative_sentences_aux" computerName="ARPAN-LAP" duration="00:00:00.0192410" startTime="2014-06-29T12:10:53.8273995+05:30" endTime="2014-06-29T12:10:53.8464005+05:30" testType="13cdc9d9-ddb5-4fa4-a97d-d965ccfc6d4b" outcome="Passed" testListId="8c84fa94-04c1-424b-9868-57a2d4851a1d" relativeResultsDirectory="a633943c-0589-47a6-b468-f3ac6f3fd431" dataRowInfo="11" resultType="DataDrivenDataRow" />
        <UnitTestResult executionId="ed14c8af-15c4-4f82-af8b-f14dcb296ba8" parentExecutionId="a633943c-0589-47a6-b468-f3ac6f3fd431" testId="39dcb97e-c73f-c645-a77c-64d9eba0a3a3" testName="interrogative_sentences_aux" computerName="ARPAN-LAP" duration="00:00:00.0178429" startTime="2014-06-29T12:10:53.8464005+05:30" endTime="2014-06-29T12:10:53.8644016+05:30" testType="13cdc9d9-ddb5-4fa4-a97d-d965ccfc6d4b" outcome="Passed" testListId="8c84fa94-04c1-424b-9868-57a2d4851a1d" relativeResultsDirectory="a633943c-0589-47a6-b468-f3ac6f3fd431" dataRowInfo="12" resultType="DataDrivenDataRow" />
        <UnitTestResult executionId="c19dcc30-7c2a-4f88-b496-ef6ae0b03420" parentExecutionId="a633943c-0589-47a6-b468-f3ac6f3fd431" testId="39dcb97e-c73f-c645-a77c-64d9eba0a3a3" testName="interrogative_sentences_aux" computerName="ARPAN-LAP" duration="00:00:00.0226651" startTime="2014-06-29T12:10:53.8644016+05:30" endTime="2014-06-29T12:10:53.8874029+05:30" testType="13cdc9d9-ddb5-4fa4-a97d-d965ccfc6d4b" outcome="Passed" testListId="8c84fa94-04c1-424b-9868-57a2d4851a1d" relativeResultsDirectory="a633943c-0589-47a6-b468-f3ac6f3fd431" dataRowInfo="13" resultType="DataDrivenDataRow" />
        <UnitTestResult executionId="4248934b-f8f7-439f-b60d-b461b0a1a3fd" parentExecutionId="a633943c-0589-47a6-b468-f3ac6f3fd431" testId="39dcb97e-c73f-c645-a77c-64d9eba0a3a3" testName="interrogative_sentences_aux" computerName="ARPAN-LAP" duration="00:00:00.0185661" startTime="2014-06-29T12:10:53.8874029+05:30" endTime="2014-06-29T12:10:53.9054039+05:30" testType="13cdc9d9-ddb5-4fa4-a97d-d965ccfc6d4b" outcome="Passed" testListId="8c84fa94-04c1-424b-9868-57a2d4851a1d" relativeResultsDirectory="a633943c-0589-47a6-b468-f3ac6f3fd431" dataRowInfo="14" resultType="DataDrivenDataRow" />
        <UnitTestResult executionId="14578cb3-5da6-42a4-8768-926a07931496" parentExecutionId="a633943c-0589-47a6-b468-f3ac6f3fd431" testId="39dcb97e-c73f-c645-a77c-64d9eba0a3a3" testName="interrogative_sentences_aux" computerName="ARPAN-LAP" duration="00:00:00.0217437" startTime="2014-06-29T12:10:53.9054039+05:30" endTime="2014-06-29T12:10:53.9274052+05:30" testType="13cdc9d9-ddb5-4fa4-a97d-d965ccfc6d4b" outcome="Passed" testListId="8c84fa94-04c1-424b-9868-57a2d4851a1d" relativeResultsDirectory="a633943c-0589-47a6-b468-f3ac6f3fd431" dataRowInfo="15" resultType="DataDrivenDataRow" />
        <UnitTestResult executionId="5bcddcc7-7d88-4e3b-a299-a57065068743" parentExecutionId="a633943c-0589-47a6-b468-f3ac6f3fd431" testId="39dcb97e-c73f-c645-a77c-64d9eba0a3a3" testName="interrogative_sentences_aux" computerName="ARPAN-LAP" duration="00:00:00.0208363" startTime="2014-06-29T12:10:53.9274052+05:30" endTime="2014-06-29T12:10:53.9484064+05:30" testType="13cdc9d9-ddb5-4fa4-a97d-d965ccfc6d4b" outcome="Passed" testListId="8c84fa94-04c1-424b-9868-57a2d4851a1d" relativeResultsDirectory="a633943c-0589-47a6-b468-f3ac6f3fd431" dataRowInfo="16" resultType="DataDrivenDataRow" />
        <UnitTestResult executionId="cb18acf3-46ef-4e70-b98a-eca7b243c640" parentExecutionId="a633943c-0589-47a6-b468-f3ac6f3fd431" testId="39dcb97e-c73f-c645-a77c-64d9eba0a3a3" testName="interrogative_sentences_aux" computerName="ARPAN-LAP" duration="00:00:00.0249373" startTime="2014-06-29T12:10:53.9484064+05:30" endTime="2014-06-29T12:10:53.9734078+05:30" testType="13cdc9d9-ddb5-4fa4-a97d-d965ccfc6d4b" outcome="Passed" testListId="8c84fa94-04c1-424b-9868-57a2d4851a1d" relativeResultsDirectory="a633943c-0589-47a6-b468-f3ac6f3fd431" dataRowInfo="17" resultType="DataDrivenDataRow" />
        <UnitTestResult executionId="1160a2b7-56ca-4d21-93ce-a4896f1c42de" parentExecutionId="a633943c-0589-47a6-b468-f3ac6f3fd431" testId="39dcb97e-c73f-c645-a77c-64d9eba0a3a3" testName="interrogative_sentences_aux" computerName="ARPAN-LAP" duration="00:00:00.0178891" startTime="2014-06-29T12:10:53.9734078+05:30" endTime="2014-06-29T12:10:53.9914088+05:30" testType="13cdc9d9-ddb5-4fa4-a97d-d965ccfc6d4b" outcome="Passed" testListId="8c84fa94-04c1-424b-9868-57a2d4851a1d" relativeResultsDirectory="a633943c-0589-47a6-b468-f3ac6f3fd431" dataRowInfo="18" resultType="DataDrivenDataRow" />
        <UnitTestResult executionId="4ceb5f65-6bb3-403b-920a-8b871cf20cef" parentExecutionId="a633943c-0589-47a6-b468-f3ac6f3fd431" testId="39dcb97e-c73f-c645-a77c-64d9eba0a3a3" testName="interrogative_sentences_aux" computerName="ARPAN-LAP" duration="00:00:00.0226399" startTime="2014-06-29T12:10:53.9914088+05:30" endTime="2014-06-29T12:10:54.0134101+05:30" testType="13cdc9d9-ddb5-4fa4-a97d-d965ccfc6d4b" outcome="Passed" testListId="8c84fa94-04c1-424b-9868-57a2d4851a1d" relativeResultsDirectory="a633943c-0589-47a6-b468-f3ac6f3fd431" dataRowInfo="19" resultType="DataDrivenDataRow" />
      </InnerResults>
    </UnitTestResult>
    <UnitTestResult executionId="c7ad4fa6-bb88-4e68-9829-0b93238b1e8e" testId="4e91a3b9-9eae-ebff-0b97-303f00578a78" testName="interrogative_sentences_whom" computerName="ARPAN-LAP" duration="00:00:00.0560201" startTime="2014-06-29T12:10:54.0824140+05:30" endTime="2014-06-29T12:10:54.1504179+05:30" testType="13cdc9d9-ddb5-4fa4-a97d-d965ccfc6d4b" outcome="Passed" testListId="8c84fa94-04c1-424b-9868-57a2d4851a1d" relativeResultsDirectory="c7ad4fa6-bb88-4e68-9829-0b93238b1e8e" resultType="DataDrivenTest">
      <Counters error="0" failed="0" timeout="0" aborted="0" inconclusive="0" passedButRunAborted="0" notRunnable="0" notExecuted="0" disconnected="0" warning="0" passed="2" completed="0" inProgress="0" pending="0" />
      <InnerResults>
        <UnitTestResult executionId="b8b687d4-4ca5-4d8d-8e45-5b1d0cb45e66" parentExecutionId="c7ad4fa6-bb88-4e68-9829-0b93238b1e8e" testId="4e91a3b9-9eae-ebff-0b97-303f00578a78" testName="interrogative_sentences_whom" computerName="ARPAN-LAP" duration="00:00:00.0294644" startTime="2014-06-29T12:10:54.0874143+05:30" endTime="2014-06-29T12:10:54.1164160+05:30" testType="13cdc9d9-ddb5-4fa4-a97d-d965ccfc6d4b" outcome="Passed" testListId="8c84fa94-04c1-424b-9868-57a2d4851a1d" relativeResultsDirectory="c7ad4fa6-bb88-4e68-9829-0b93238b1e8e" dataRowInfo="0" resultType="DataDrivenDataRow" />
        <UnitTestResult executionId="05fb460b-1d5b-45de-8c50-2600180ab7f2" parentExecutionId="c7ad4fa6-bb88-4e68-9829-0b93238b1e8e" testId="4e91a3b9-9eae-ebff-0b97-303f00578a78" testName="interrogative_sentences_whom" computerName="ARPAN-LAP" duration="00:00:00.0245241" startTime="2014-06-29T12:10:54.1164160+05:30" endTime="2014-06-29T12:10:54.1414174+05:30" testType="13cdc9d9-ddb5-4fa4-a97d-d965ccfc6d4b" outcome="Passed" testListId="8c84fa94-04c1-424b-9868-57a2d4851a1d" relativeResultsDirectory="c7ad4fa6-bb88-4e68-9829-0b93238b1e8e" dataRowInfo="1" resultType="DataDrivenDataRow" />
      </InnerResults>
    </UnitTestResult>
    <UnitTestResult executionId="98cbdd25-f62c-4dde-8e22-c5a59701b010" testId="533e7939-123c-ce84-5c5c-d5a21d1d95b9" testName="special_handling_do_verb" computerName="ARPAN-LAP" duration="00:00:00.3937352" startTime="2014-06-29T12:10:54.1564183+05:30" endTime="2014-06-29T12:10:54.5904431+05:30" testType="13cdc9d9-ddb5-4fa4-a97d-d965ccfc6d4b" outcome="Passed" testListId="8c84fa94-04c1-424b-9868-57a2d4851a1d" relativeResultsDirectory="98cbdd25-f62c-4dde-8e22-c5a59701b010" resultType="DataDrivenTest">
      <Counters error="0" failed="0" timeout="0" aborted="0" inconclusive="0" passedButRunAborted="0" notRunnable="0" notExecuted="0" disconnected="0" warning="0" passed="13" completed="0" inProgress="0" pending="0" />
      <InnerResults>
        <UnitTestResult executionId="9c090026-7047-4248-9de6-9ff53550f33f" parentExecutionId="98cbdd25-f62c-4dde-8e22-c5a59701b010" testId="533e7939-123c-ce84-5c5c-d5a21d1d95b9" testName="special_handling_do_verb" computerName="ARPAN-LAP" duration="00:00:00.0218238" startTime="2014-06-29T12:10:54.1854199+05:30" endTime="2014-06-29T12:10:54.2074212+05:30" testType="13cdc9d9-ddb5-4fa4-a97d-d965ccfc6d4b" outcome="Passed" testListId="8c84fa94-04c1-424b-9868-57a2d4851a1d" relativeResultsDirectory="98cbdd25-f62c-4dde-8e22-c5a59701b010" dataRowInfo="0" resultType="DataDrivenDataRow" />
        <UnitTestResult executionId="466378cd-35ea-4e7e-b6f7-7284b332da2a" parentExecutionId="98cbdd25-f62c-4dde-8e22-c5a59701b010" testId="533e7939-123c-ce84-5c5c-d5a21d1d95b9" testName="special_handling_do_verb" computerName="ARPAN-LAP" duration="00:00:00.0240381" startTime="2014-06-29T12:10:54.2074212+05:30" endTime="2014-06-29T12:10:54.2314226+05:30" testType="13cdc9d9-ddb5-4fa4-a97d-d965ccfc6d4b" outcome="Passed" testListId="8c84fa94-04c1-424b-9868-57a2d4851a1d" relativeResultsDirectory="98cbdd25-f62c-4dde-8e22-c5a59701b010" dataRowInfo="1" resultType="DataDrivenDataRow" />
        <UnitTestResult executionId="966741e1-da81-4f09-ba8a-87592ec310ca" parentExecutionId="98cbdd25-f62c-4dde-8e22-c5a59701b010" testId="533e7939-123c-ce84-5c5c-d5a21d1d95b9" testName="special_handling_do_verb" computerName="ARPAN-LAP" duration="00:00:00.0251642" startTime="2014-06-29T12:10:54.2314226+05:30" endTime="2014-06-29T12:10:54.2564240+05:30" testType="13cdc9d9-ddb5-4fa4-a97d-d965ccfc6d4b" outcome="Passed" testListId="8c84fa94-04c1-424b-9868-57a2d4851a1d" relativeResultsDirectory="98cbdd25-f62c-4dde-8e22-c5a59701b010" dataRowInfo="2" resultType="DataDrivenDataRow" />
        <UnitTestResult executionId="134b0a9b-8854-4187-ab32-0408d76d2eb9" parentExecutionId="98cbdd25-f62c-4dde-8e22-c5a59701b010" testId="533e7939-123c-ce84-5c5c-d5a21d1d95b9" testName="special_handling_do_verb" computerName="ARPAN-LAP" duration="00:00:00.0308913" startTime="2014-06-29T12:10:54.2564240+05:30" endTime="2014-06-29T12:10:54.2874258+05:30" testType="13cdc9d9-ddb5-4fa4-a97d-d965ccfc6d4b" outcome="Passed" testListId="8c84fa94-04c1-424b-9868-57a2d4851a1d" relativeResultsDirectory="98cbdd25-f62c-4dde-8e22-c5a59701b010" dataRowInfo="3" resultType="DataDrivenDataRow" />
        <UnitTestResult executionId="c307a90e-6f7f-416d-8586-cef1f562566f" parentExecutionId="98cbdd25-f62c-4dde-8e22-c5a59701b010" testId="533e7939-123c-ce84-5c5c-d5a21d1d95b9" testName="special_handling_do_verb" computerName="ARPAN-LAP" duration="00:00:00.0210585" startTime="2014-06-29T12:10:54.2874258+05:30" endTime="2014-06-29T12:10:54.3084270+05:30" testType="13cdc9d9-ddb5-4fa4-a97d-d965ccfc6d4b" outcome="Passed" testListId="8c84fa94-04c1-424b-9868-57a2d4851a1d" relativeResultsDirectory="98cbdd25-f62c-4dde-8e22-c5a59701b010" dataRowInfo="4" resultType="DataDrivenDataRow" />
        <UnitTestResult executionId="cbba7df8-7ec8-46fd-a11a-1cc1143c7c77" parentExecutionId="98cbdd25-f62c-4dde-8e22-c5a59701b010" testId="533e7939-123c-ce84-5c5c-d5a21d1d95b9" testName="special_handling_do_verb" computerName="ARPAN-LAP" duration="00:00:00.0248593" startTime="2014-06-29T12:10:54.3084270+05:30" endTime="2014-06-29T12:10:54.3334284+05:30" testType="13cdc9d9-ddb5-4fa4-a97d-d965ccfc6d4b" outcome="Passed" testListId="8c84fa94-04c1-424b-9868-57a2d4851a1d" relativeResultsDirectory="98cbdd25-f62c-4dde-8e22-c5a59701b010" dataRowInfo="5" resultType="DataDrivenDataRow" />
        <UnitTestResult executionId="0f99ba94-f6d5-4b60-83af-e5403480819c" parentExecutionId="98cbdd25-f62c-4dde-8e22-c5a59701b010" testId="533e7939-123c-ce84-5c5c-d5a21d1d95b9" testName="special_handling_do_verb" computerName="ARPAN-LAP" duration="00:00:00.0330912" startTime="2014-06-29T12:10:54.3334284+05:30" endTime="2014-06-29T12:10:54.3664303+05:30" testType="13cdc9d9-ddb5-4fa4-a97d-d965ccfc6d4b" outcome="Passed" testListId="8c84fa94-04c1-424b-9868-57a2d4851a1d" relativeResultsDirectory="98cbdd25-f62c-4dde-8e22-c5a59701b010" dataRowInfo="6" resultType="DataDrivenDataRow" />
        <UnitTestResult executionId="f7a36190-604e-4d9b-8921-049957f02589" parentExecutionId="98cbdd25-f62c-4dde-8e22-c5a59701b010" testId="533e7939-123c-ce84-5c5c-d5a21d1d95b9" testName="special_handling_do_verb" computerName="ARPAN-LAP" duration="00:00:00.0519314" startTime="2014-06-29T12:10:54.3664303+05:30" endTime="2014-06-29T12:10:54.4184333+05:30" testType="13cdc9d9-ddb5-4fa4-a97d-d965ccfc6d4b" outcome="Passed" testListId="8c84fa94-04c1-424b-9868-57a2d4851a1d" relativeResultsDirectory="98cbdd25-f62c-4dde-8e22-c5a59701b010" dataRowInfo="7" resultType="DataDrivenDataRow" />
        <UnitTestResult executionId="df94e776-8dda-4f6d-bcb0-f28c4c91d3c7" parentExecutionId="98cbdd25-f62c-4dde-8e22-c5a59701b010" testId="533e7939-123c-ce84-5c5c-d5a21d1d95b9" testName="special_handling_do_verb" computerName="ARPAN-LAP" duration="00:00:00.0232004" startTime="2014-06-29T12:10:54.4184333+05:30" endTime="2014-06-29T12:10:54.4414346+05:30" testType="13cdc9d9-ddb5-4fa4-a97d-d965ccfc6d4b" outcome="Passed" testListId="8c84fa94-04c1-424b-9868-57a2d4851a1d" relativeResultsDirectory="98cbdd25-f62c-4dde-8e22-c5a59701b010" dataRowInfo="8" resultType="DataDrivenDataRow" />
        <UnitTestResult executionId="015774e7-af3f-435e-8550-dce681100eeb" parentExecutionId="98cbdd25-f62c-4dde-8e22-c5a59701b010" testId="533e7939-123c-ce84-5c5c-d5a21d1d95b9" testName="special_handling_do_verb" computerName="ARPAN-LAP" duration="00:00:00.0328648" startTime="2014-06-29T12:10:54.4414346+05:30" endTime="2014-06-29T12:10:54.4744365+05:30" testType="13cdc9d9-ddb5-4fa4-a97d-d965ccfc6d4b" outcome="Passed" testListId="8c84fa94-04c1-424b-9868-57a2d4851a1d" relativeResultsDirectory="98cbdd25-f62c-4dde-8e22-c5a59701b010" dataRowInfo="9" resultType="DataDrivenDataRow" />
        <UnitTestResult executionId="576ad85f-031e-470a-a364-36a16bb30f9b" parentExecutionId="98cbdd25-f62c-4dde-8e22-c5a59701b010" testId="533e7939-123c-ce84-5c5c-d5a21d1d95b9" testName="special_handling_do_verb" computerName="ARPAN-LAP" duration="00:00:00.0221241" startTime="2014-06-29T12:10:54.4744365+05:30" endTime="2014-06-29T12:10:54.4964377+05:30" testType="13cdc9d9-ddb5-4fa4-a97d-d965ccfc6d4b" outcome="Passed" testListId="8c84fa94-04c1-424b-9868-57a2d4851a1d" relativeResultsDirectory="98cbdd25-f62c-4dde-8e22-c5a59701b010" dataRowInfo="10" resultType="DataDrivenDataRow" />
        <UnitTestResult executionId="9f0dd864-4927-4151-9c4c-d0040e3d77d0" parentExecutionId="98cbdd25-f62c-4dde-8e22-c5a59701b010" testId="533e7939-123c-ce84-5c5c-d5a21d1d95b9" testName="special_handling_do_verb" computerName="ARPAN-LAP" duration="00:00:00.0297482" startTime="2014-06-29T12:10:54.4964377+05:30" endTime="2014-06-29T12:10:54.5264394+05:30" testType="13cdc9d9-ddb5-4fa4-a97d-d965ccfc6d4b" outcome="Passed" testListId="8c84fa94-04c1-424b-9868-57a2d4851a1d" relativeResultsDirectory="98cbdd25-f62c-4dde-8e22-c5a59701b010" dataRowInfo="11" resultType="DataDrivenDataRow" />
        <UnitTestResult executionId="3da33529-37ea-4279-8fac-a8bcdf52b70a" parentExecutionId="98cbdd25-f62c-4dde-8e22-c5a59701b010" testId="533e7939-123c-ce84-5c5c-d5a21d1d95b9" testName="special_handling_do_verb" computerName="ARPAN-LAP" duration="00:00:00.0264664" startTime="2014-06-29T12:10:54.5264394+05:30" endTime="2014-06-29T12:10:54.5534410+05:30" testType="13cdc9d9-ddb5-4fa4-a97d-d965ccfc6d4b" outcome="Passed" testListId="8c84fa94-04c1-424b-9868-57a2d4851a1d" relativeResultsDirectory="98cbdd25-f62c-4dde-8e22-c5a59701b010" dataRowInfo="12" resultType="DataDrivenDataRow" />
      </InnerResults>
    </UnitTestResult>
    <UnitTestResult executionId="c3e46f29-e7fb-42a2-b675-2fe75146a87a" testId="642ce34f-0ed4-f995-637b-09297c832f2a" testName="RandomWord" computerName="ARPAN-LAP" duration="00:00:00.1431764" startTime="2014-06-29T12:10:54.6024438+05:30" endTime="2014-06-29T12:10:54.7564526+05:30" testType="13cdc9d9-ddb5-4fa4-a97d-d965ccfc6d4b" outcome="Failed" testListId="8c84fa94-04c1-424b-9868-57a2d4851a1d" relativeResultsDirectory="c3e46f29-e7fb-42a2-b675-2fe75146a87a" resultType="DataDrivenTest">
      <Counters error="0" failed="1" timeout="0" aborted="0" inconclusive="0" passedButRunAborted="0" notRunnable="0" notExecuted="0" disconnected="0" warning="0" passed="0" completed="0" inProgress="0" pending="0" />
      <InnerResults>
        <UnitTestResult executionId="e2dc70fb-6eb5-4897-9ad3-1045a957896f" parentExecutionId="c3e46f29-e7fb-42a2-b675-2fe75146a87a" testId="642ce34f-0ed4-f995-637b-09297c832f2a" testName="RandomWord" computerName="ARPAN-LAP" duration="00:00:00.1157168" startTime="2014-06-29T12:10:54.6334456+05:30" endTime="2014-06-29T12:10:54.7494522+05:30" testType="13cdc9d9-ddb5-4fa4-a97d-d965ccfc6d4b" outcome="Failed" testListId="8c84fa94-04c1-424b-9868-57a2d4851a1d" relativeResultsDirectory="c3e46f29-e7fb-42a2-b675-2fe75146a87a" dataRowInfo="0" resultType="DataDrivenDataRow">
          <Output>
            <ErrorInfo>
              <Message>Assert.AreEqual failed. Expected:&lt;পূর্ব সলোমন এর নৌ যুদ্ধ ২৪–২৫ অগষ্ট ১৯৪২ য়ে স্থান গ্রহণ করেছিল , এবং দ্বিতীয় বিশ্ব যুদ্ধ এর প্রশান্ত মহাসাগর সংগঠিত প্রচারকার্য এর তৃতীয় যুদ্ধ বাহক ।&gt;. Actual:&lt;পূর্ব সলোমন এর নৌ যুদ্ধ ২৪–২৫ অগষ্ট ১৯৪২ য়ে স্থান গ্রহণ করেছিল , এবং দ্বিতীয় বিশ্ব যুদ্ধ এর pacific:NP সংগঠিত প্রচারকার্য এর তৃতীয় যুদ্ধ বাহক ।&gt;. The naval Battle of the Eastern Solomons took place on 24–25 August 1942, and was the third carrier battle of the Pacific campaign of second World War.</Message>
              <StackTrace>   at UnitTest.BnlpTest.RandomWord() in D:\software\Project\BNLP\UnitTest\BnlpTest.cs:line 526
</StackTrace>
            </ErrorInfo>
          </Output>
        </UnitTestResult>
      </InnerResults>
    </UnitTestResult>
    <UnitTestResult executionId="c412ac62-86a0-4e10-a452-1c50acf8a194" testId="783915fe-114a-e353-78dd-56e92a60f942" testName="all_persons_modal_should" computerName="ARPAN-LAP" duration="00:00:00.4921235" startTime="2014-06-29T12:10:54.7804540+05:30" endTime="2014-06-29T12:10:55.3284853+05:30" testType="13cdc9d9-ddb5-4fa4-a97d-d965ccfc6d4b" outcome="Passed" testListId="8c84fa94-04c1-424b-9868-57a2d4851a1d" relativeResultsDirectory="c412ac62-86a0-4e10-a452-1c50acf8a194" resultType="DataDrivenTest">
      <Counters error="0" failed="0" timeout="0" aborted="0" inconclusive="0" passedButRunAborted="0" notRunnable="0" notExecuted="0" disconnected="0" warning="0" passed="17" completed="0" inProgress="0" pending="0" />
      <InnerResults>
        <UnitTestResult executionId="1be51a4c-7aa9-4182-97ab-2eca45f1c9e1" parentExecutionId="c412ac62-86a0-4e10-a452-1c50acf8a194" testId="783915fe-114a-e353-78dd-56e92a60f942" testName="all_persons_modal_should" computerName="ARPAN-LAP" duration="00:00:00.0244790" startTime="2014-06-29T12:10:54.8104557+05:30" endTime="2014-06-29T12:10:54.8344571+05:30" testType="13cdc9d9-ddb5-4fa4-a97d-d965ccfc6d4b" outcome="Passed" testListId="8c84fa94-04c1-424b-9868-57a2d4851a1d" relativeResultsDirectory="c412ac62-86a0-4e10-a452-1c50acf8a194" dataRowInfo="0" resultType="DataDrivenDataRow" />
        <UnitTestResult executionId="9401ea64-5c09-47d5-a22c-8d2203f9e0b8" parentExecutionId="c412ac62-86a0-4e10-a452-1c50acf8a194" testId="783915fe-114a-e353-78dd-56e92a60f942" testName="all_persons_modal_should" computerName="ARPAN-LAP" duration="00:00:00.0280601" startTime="2014-06-29T12:10:54.8344571+05:30" endTime="2014-06-29T12:10:54.8624587+05:30" testType="13cdc9d9-ddb5-4fa4-a97d-d965ccfc6d4b" outcome="Passed" testListId="8c84fa94-04c1-424b-9868-57a2d4851a1d" relativeResultsDirectory="c412ac62-86a0-4e10-a452-1c50acf8a194" dataRowInfo="1" resultType="DataDrivenDataRow" />
        <UnitTestResult executionId="86c577c7-aa2e-4ec8-924a-fc4ce3b77ff5" parentExecutionId="c412ac62-86a0-4e10-a452-1c50acf8a194" testId="783915fe-114a-e353-78dd-56e92a60f942" testName="all_persons_modal_should" computerName="ARPAN-LAP" duration="00:00:00.0427628" startTime="2014-06-29T12:10:54.8624587+05:30" endTime="2014-06-29T12:10:54.9054611+05:30" testType="13cdc9d9-ddb5-4fa4-a97d-d965ccfc6d4b" outcome="Passed" testListId="8c84fa94-04c1-424b-9868-57a2d4851a1d" relativeResultsDirectory="c412ac62-86a0-4e10-a452-1c50acf8a194" dataRowInfo="2" resultType="DataDrivenDataRow" />
        <UnitTestResult executionId="3d9e8d14-2799-4775-ae2a-63aaf214d7a5" parentExecutionId="c412ac62-86a0-4e10-a452-1c50acf8a194" testId="783915fe-114a-e353-78dd-56e92a60f942" testName="all_persons_modal_should" computerName="ARPAN-LAP" duration="00:00:00.0423814" startTime="2014-06-29T12:10:54.9054611+05:30" endTime="2014-06-29T12:10:54.9474635+05:30" testType="13cdc9d9-ddb5-4fa4-a97d-d965ccfc6d4b" outcome="Passed" testListId="8c84fa94-04c1-424b-9868-57a2d4851a1d" relativeResultsDirectory="c412ac62-86a0-4e10-a452-1c50acf8a194" dataRowInfo="3" resultType="DataDrivenDataRow" />
        <UnitTestResult executionId="8b03d4f1-a837-46bc-aa70-7191385f449a" parentExecutionId="c412ac62-86a0-4e10-a452-1c50acf8a194" testId="783915fe-114a-e353-78dd-56e92a60f942" testName="all_persons_modal_should" computerName="ARPAN-LAP" duration="00:00:00.0181390" startTime="2014-06-29T12:10:54.9474635+05:30" endTime="2014-06-29T12:10:54.9664646+05:30" testType="13cdc9d9-ddb5-4fa4-a97d-d965ccfc6d4b" outcome="Passed" testListId="8c84fa94-04c1-424b-9868-57a2d4851a1d" relativeResultsDirectory="c412ac62-86a0-4e10-a452-1c50acf8a194" dataRowInfo="4" resultType="DataDrivenDataRow" />
        <UnitTestResult executionId="1f67be3a-67f9-4fd6-a222-ba4b9048e294" parentExecutionId="c412ac62-86a0-4e10-a452-1c50acf8a194" testId="783915fe-114a-e353-78dd-56e92a60f942" testName="all_persons_modal_should" computerName="ARPAN-LAP" duration="00:00:00.0224084" startTime="2014-06-29T12:10:54.9664646+05:30" endTime="2014-06-29T12:10:54.9884659+05:30" testType="13cdc9d9-ddb5-4fa4-a97d-d965ccfc6d4b" outcome="Passed" testListId="8c84fa94-04c1-424b-9868-57a2d4851a1d" relativeResultsDirectory="c412ac62-86a0-4e10-a452-1c50acf8a194" dataRowInfo="5" resultType="DataDrivenDataRow" />
        <UnitTestResult executionId="c530e798-e130-42e6-9d5f-ee0e5cc3d081" parentExecutionId="c412ac62-86a0-4e10-a452-1c50acf8a194" testId="783915fe-114a-e353-78dd-56e92a60f942" testName="all_persons_modal_should" computerName="ARPAN-LAP" duration="00:00:00.0254403" startTime="2014-06-29T12:10:54.9884659+05:30" endTime="2014-06-29T12:10:55.0144673+05:30" testType="13cdc9d9-ddb5-4fa4-a97d-d965ccfc6d4b" outcome="Passed" testListId="8c84fa94-04c1-424b-9868-57a2d4851a1d" relativeResultsDirectory="c412ac62-86a0-4e10-a452-1c50acf8a194" dataRowInfo="6" resultType="DataDrivenDataRow" />
        <UnitTestResult executionId="e0b49205-e3c0-4aea-90d7-cf620fe63fd3" parentExecutionId="c412ac62-86a0-4e10-a452-1c50acf8a194" testId="783915fe-114a-e353-78dd-56e92a60f942" testName="all_persons_modal_should" computerName="ARPAN-LAP" duration="00:00:00.0308533" startTime="2014-06-29T12:10:55.0144673+05:30" endTime="2014-06-29T12:10:55.0444691+05:30" testType="13cdc9d9-ddb5-4fa4-a97d-d965ccfc6d4b" outcome="Passed" testListId="8c84fa94-04c1-424b-9868-57a2d4851a1d" relativeResultsDirectory="c412ac62-86a0-4e10-a452-1c50acf8a194" dataRowInfo="7" resultType="DataDrivenDataRow" />
        <UnitTestResult executionId="ec9555a2-9f28-45e1-9b7a-855b2812ad91" parentExecutionId="c412ac62-86a0-4e10-a452-1c50acf8a194" testId="783915fe-114a-e353-78dd-56e92a60f942" testName="all_persons_modal_should" computerName="ARPAN-LAP" duration="00:00:00.0178074" startTime="2014-06-29T12:10:55.0444691+05:30" endTime="2014-06-29T12:10:55.0624701+05:30" testType="13cdc9d9-ddb5-4fa4-a97d-d965ccfc6d4b" outcome="Passed" testListId="8c84fa94-04c1-424b-9868-57a2d4851a1d" relativeResultsDirectory="c412ac62-86a0-4e10-a452-1c50acf8a194" dataRowInfo="8" resultType="DataDrivenDataRow" />
        <UnitTestResult executionId="dfabddb4-02c2-492d-9245-f47f38eaa41b" parentExecutionId="c412ac62-86a0-4e10-a452-1c50acf8a194" testId="783915fe-114a-e353-78dd-56e92a60f942" testName="all_persons_modal_should" computerName="ARPAN-LAP" duration="00:00:00.0270371" startTime="2014-06-29T12:10:55.0624701+05:30" endTime="2014-06-29T12:10:55.0894716+05:30" testType="13cdc9d9-ddb5-4fa4-a97d-d965ccfc6d4b" outcome="Passed" testListId="8c84fa94-04c1-424b-9868-57a2d4851a1d" relativeResultsDirectory="c412ac62-86a0-4e10-a452-1c50acf8a194" dataRowInfo="9" resultType="DataDrivenDataRow" />
        <UnitTestResult executionId="e14e8684-3557-4b99-95bc-b0245e59be0c" parentExecutionId="c412ac62-86a0-4e10-a452-1c50acf8a194" testId="783915fe-114a-e353-78dd-56e92a60f942" testName="all_persons_modal_should" computerName="ARPAN-LAP" duration="00:00:00.0231409" startTime="2014-06-29T12:10:55.0894716+05:30" endTime="2014-06-29T12:10:55.1134730+05:30" testType="13cdc9d9-ddb5-4fa4-a97d-d965ccfc6d4b" outcome="Passed" testListId="8c84fa94-04c1-424b-9868-57a2d4851a1d" relativeResultsDirectory="c412ac62-86a0-4e10-a452-1c50acf8a194" dataRowInfo="10" resultType="DataDrivenDataRow" />
        <UnitTestResult executionId="df3fd82e-8f25-49fb-a40f-bcd5e697a7de" parentExecutionId="c412ac62-86a0-4e10-a452-1c50acf8a194" testId="783915fe-114a-e353-78dd-56e92a60f942" testName="all_persons_modal_should" computerName="ARPAN-LAP" duration="00:00:00.0296379" startTime="2014-06-29T12:10:55.1134730+05:30" endTime="2014-06-29T12:10:55.1424747+05:30" testType="13cdc9d9-ddb5-4fa4-a97d-d965ccfc6d4b" outcome="Passed" testListId="8c84fa94-04c1-424b-9868-57a2d4851a1d" relativeResultsDirectory="c412ac62-86a0-4e10-a452-1c50acf8a194" dataRowInfo="11" resultType="DataDrivenDataRow" />
        <UnitTestResult executionId="aec15653-04e6-4c4f-8ec4-a83af472fa2e" parentExecutionId="c412ac62-86a0-4e10-a452-1c50acf8a194" testId="783915fe-114a-e353-78dd-56e92a60f942" testName="all_persons_modal_should" computerName="ARPAN-LAP" duration="00:00:00.0245554" startTime="2014-06-29T12:10:55.1424747+05:30" endTime="2014-06-29T12:10:55.1674761+05:30" testType="13cdc9d9-ddb5-4fa4-a97d-d965ccfc6d4b" outcome="Passed" testListId="8c84fa94-04c1-424b-9868-57a2d4851a1d" relativeResultsDirectory="c412ac62-86a0-4e10-a452-1c50acf8a194" dataRowInfo="12" resultType="DataDrivenDataRow" />
        <UnitTestResult executionId="59e605f2-9611-4384-9121-e0e7f3c775a9" parentExecutionId="c412ac62-86a0-4e10-a452-1c50acf8a194" testId="783915fe-114a-e353-78dd-56e92a60f942" testName="all_persons_modal_should" computerName="ARPAN-LAP" duration="00:00:00.0273502" startTime="2014-06-29T12:10:55.1674761+05:30" endTime="2014-06-29T12:10:55.1944776+05:30" testType="13cdc9d9-ddb5-4fa4-a97d-d965ccfc6d4b" outcome="Passed" testListId="8c84fa94-04c1-424b-9868-57a2d4851a1d" relativeResultsDirectory="c412ac62-86a0-4e10-a452-1c50acf8a194" dataRowInfo="13" resultType="DataDrivenDataRow" />
        <UnitTestResult executionId="8e93e8af-dc80-4a68-ae7d-b2f318cd1c1e" parentExecutionId="c412ac62-86a0-4e10-a452-1c50acf8a194" testId="783915fe-114a-e353-78dd-56e92a60f942" testName="all_persons_modal_should" computerName="ARPAN-LAP" duration="00:00:00.0285713" startTime="2014-06-29T12:10:55.1944776+05:30" endTime="2014-06-29T12:10:55.2234793+05:30" testType="13cdc9d9-ddb5-4fa4-a97d-d965ccfc6d4b" outcome="Passed" testListId="8c84fa94-04c1-424b-9868-57a2d4851a1d" relativeResultsDirectory="c412ac62-86a0-4e10-a452-1c50acf8a194" dataRowInfo="14" resultType="DataDrivenDataRow" />
        <UnitTestResult executionId="c5c20fac-c3c2-4bd5-bd75-e905e2d28dc3" parentExecutionId="c412ac62-86a0-4e10-a452-1c50acf8a194" testId="783915fe-114a-e353-78dd-56e92a60f942" testName="all_persons_modal_should" computerName="ARPAN-LAP" duration="00:00:00.0247454" startTime="2014-06-29T12:10:55.2234793+05:30" endTime="2014-06-29T12:10:55.2484807+05:30" testType="13cdc9d9-ddb5-4fa4-a97d-d965ccfc6d4b" outcome="Passed" testListId="8c84fa94-04c1-424b-9868-57a2d4851a1d" relativeResultsDirectory="c412ac62-86a0-4e10-a452-1c50acf8a194" dataRowInfo="15" resultType="DataDrivenDataRow" />
        <UnitTestResult executionId="a231fa0e-351b-47f2-b6c9-bdfe1e02710f" parentExecutionId="c412ac62-86a0-4e10-a452-1c50acf8a194" testId="783915fe-114a-e353-78dd-56e92a60f942" testName="all_persons_modal_should" computerName="ARPAN-LAP" duration="00:00:00.0271290" startTime="2014-06-29T12:10:55.2484807+05:30" endTime="2014-06-29T12:10:55.2754823+05:30" testType="13cdc9d9-ddb5-4fa4-a97d-d965ccfc6d4b" outcome="Passed" testListId="8c84fa94-04c1-424b-9868-57a2d4851a1d" relativeResultsDirectory="c412ac62-86a0-4e10-a452-1c50acf8a194" dataRowInfo="16" resultType="DataDrivenDataRow" />
      </InnerResults>
    </UnitTestResult>
    <UnitTestResult executionId="86d8f504-ec8a-4155-9891-8d76f93a4cf5" testId="7f7910d1-dc89-39b4-b4cf-d9e6d7af9420" testName="interrogative_sentences_what" computerName="ARPAN-LAP" duration="00:00:00.2619627" startTime="2014-06-29T12:10:55.3294854+05:30" endTime="2014-06-29T12:10:55.6675047+05:30" testType="13cdc9d9-ddb5-4fa4-a97d-d965ccfc6d4b" outcome="Passed" testListId="8c84fa94-04c1-424b-9868-57a2d4851a1d" relativeResultsDirectory="86d8f504-ec8a-4155-9891-8d76f93a4cf5" resultType="DataDrivenTest">
      <Counters error="0" failed="0" timeout="0" aborted="0" inconclusive="0" passedButRunAborted="0" notRunnable="0" notExecuted="0" disconnected="0" warning="0" passed="9" completed="0" inProgress="0" pending="0" />
      <InnerResults>
        <UnitTestResult executionId="941cd211-b955-471b-8773-e566c3a9cabd" parentExecutionId="86d8f504-ec8a-4155-9891-8d76f93a4cf5" testId="7f7910d1-dc89-39b4-b4cf-d9e6d7af9420" testName="interrogative_sentences_what" computerName="ARPAN-LAP" duration="00:00:00.0239544" startTime="2014-06-29T12:10:55.3694877+05:30" endTime="2014-06-29T12:10:55.3934890+05:30" testType="13cdc9d9-ddb5-4fa4-a97d-d965ccfc6d4b" outcome="Passed" testListId="8c84fa94-04c1-424b-9868-57a2d4851a1d" relativeResultsDirectory="86d8f504-ec8a-4155-9891-8d76f93a4cf5" dataRowInfo="0" resultType="DataDrivenDataRow" />
        <UnitTestResult executionId="b0fb296c-745f-4f7e-9079-daaf88cb8e3c" parentExecutionId="86d8f504-ec8a-4155-9891-8d76f93a4cf5" testId="7f7910d1-dc89-39b4-b4cf-d9e6d7af9420" testName="interrogative_sentences_what" computerName="ARPAN-LAP" duration="00:00:00.0216010" startTime="2014-06-29T12:10:55.3934890+05:30" endTime="2014-06-29T12:10:55.4154903+05:30" testType="13cdc9d9-ddb5-4fa4-a97d-d965ccfc6d4b" outcome="Passed" testListId="8c84fa94-04c1-424b-9868-57a2d4851a1d" relativeResultsDirectory="86d8f504-ec8a-4155-9891-8d76f93a4cf5" dataRowInfo="1" resultType="DataDrivenDataRow" />
        <UnitTestResult executionId="123d2e30-ab53-4043-91f9-3ca50a4d3c7c" parentExecutionId="86d8f504-ec8a-4155-9891-8d76f93a4cf5" testId="7f7910d1-dc89-39b4-b4cf-d9e6d7af9420" testName="interrogative_sentences_what" computerName="ARPAN-LAP" duration="00:00:00.0265854" startTime="2014-06-29T12:10:55.4154903+05:30" endTime="2014-06-29T12:10:55.4414918+05:30" testType="13cdc9d9-ddb5-4fa4-a97d-d965ccfc6d4b" outcome="Passed" testListId="8c84fa94-04c1-424b-9868-57a2d4851a1d" relativeResultsDirectory="86d8f504-ec8a-4155-9891-8d76f93a4cf5" dataRowInfo="2" resultType="DataDrivenDataRow" />
        <UnitTestResult executionId="9f240cb0-8eac-4e12-b029-28aa9eed51e3" parentExecutionId="86d8f504-ec8a-4155-9891-8d76f93a4cf5" testId="7f7910d1-dc89-39b4-b4cf-d9e6d7af9420" testName="interrogative_sentences_what" computerName="ARPAN-LAP" duration="00:00:00.0218741" startTime="2014-06-29T12:10:55.4414918+05:30" endTime="2014-06-29T12:10:55.4634930+05:30" testType="13cdc9d9-ddb5-4fa4-a97d-d965ccfc6d4b" outcome="Passed" testListId="8c84fa94-04c1-424b-9868-57a2d4851a1d" relativeResultsDirectory="86d8f504-ec8a-4155-9891-8d76f93a4cf5" dataRowInfo="3" resultType="DataDrivenDataRow" />
        <UnitTestResult executionId="bd9fc82d-11f1-4211-8101-4fd6635ca225" parentExecutionId="86d8f504-ec8a-4155-9891-8d76f93a4cf5" testId="7f7910d1-dc89-39b4-b4cf-d9e6d7af9420" testName="interrogative_sentences_what" computerName="ARPAN-LAP" duration="00:00:00.0239072" startTime="2014-06-29T12:10:55.4634930+05:30" endTime="2014-06-29T12:10:55.4874944+05:30" testType="13cdc9d9-ddb5-4fa4-a97d-d965ccfc6d4b" outcome="Passed" testListId="8c84fa94-04c1-424b-9868-57a2d4851a1d" relativeResultsDirectory="86d8f504-ec8a-4155-9891-8d76f93a4cf5" dataRowInfo="4" resultType="DataDrivenDataRow" />
        <UnitTestResult executionId="6e96f3fb-525f-47c3-b918-940b4ec3908c" parentExecutionId="86d8f504-ec8a-4155-9891-8d76f93a4cf5" testId="7f7910d1-dc89-39b4-b4cf-d9e6d7af9420" testName="interrogative_sentences_what" computerName="ARPAN-LAP" duration="00:00:00.0267050" startTime="2014-06-29T12:10:55.4874944+05:30" endTime="2014-06-29T12:10:55.5144959+05:30" testType="13cdc9d9-ddb5-4fa4-a97d-d965ccfc6d4b" outcome="Passed" testListId="8c84fa94-04c1-424b-9868-57a2d4851a1d" relativeResultsDirectory="86d8f504-ec8a-4155-9891-8d76f93a4cf5" dataRowInfo="5" resultType="DataDrivenDataRow" />
        <UnitTestResult executionId="69eb492c-ccd5-4324-bd3f-fcfa613a7e3a" parentExecutionId="86d8f504-ec8a-4155-9891-8d76f93a4cf5" testId="7f7910d1-dc89-39b4-b4cf-d9e6d7af9420" testName="interrogative_sentences_what" computerName="ARPAN-LAP" duration="00:00:00.0255876" startTime="2014-06-29T12:10:55.5144959+05:30" endTime="2014-06-29T12:10:55.5404974+05:30" testType="13cdc9d9-ddb5-4fa4-a97d-d965ccfc6d4b" outcome="Passed" testListId="8c84fa94-04c1-424b-9868-57a2d4851a1d" relativeResultsDirectory="86d8f504-ec8a-4155-9891-8d76f93a4cf5" dataRowInfo="6" resultType="DataDrivenDataRow" />
        <UnitTestResult executionId="9fbd0912-acda-463e-ac0f-440fedd8dba3" parentExecutionId="86d8f504-ec8a-4155-9891-8d76f93a4cf5" testId="7f7910d1-dc89-39b4-b4cf-d9e6d7af9420" testName="interrogative_sentences_what" computerName="ARPAN-LAP" duration="00:00:00.0252833" startTime="2014-06-29T12:10:55.5404974+05:30" endTime="2014-06-29T12:10:55.5654989+05:30" testType="13cdc9d9-ddb5-4fa4-a97d-d965ccfc6d4b" outcome="Passed" testListId="8c84fa94-04c1-424b-9868-57a2d4851a1d" relativeResultsDirectory="86d8f504-ec8a-4155-9891-8d76f93a4cf5" dataRowInfo="7" resultType="DataDrivenDataRow" />
        <UnitTestResult executionId="9855464b-eda5-4f35-b053-339a1d2e8768" parentExecutionId="86d8f504-ec8a-4155-9891-8d76f93a4cf5" testId="7f7910d1-dc89-39b4-b4cf-d9e6d7af9420" testName="interrogative_sentences_what" computerName="ARPAN-LAP" duration="00:00:00.0425544" startTime="2014-06-29T12:10:55.5654989+05:30" endTime="2014-06-29T12:10:55.6085013+05:30" testType="13cdc9d9-ddb5-4fa4-a97d-d965ccfc6d4b" outcome="Passed" testListId="8c84fa94-04c1-424b-9868-57a2d4851a1d" relativeResultsDirectory="86d8f504-ec8a-4155-9891-8d76f93a4cf5" dataRowInfo="8" resultType="DataDrivenDataRow" />
      </InnerResults>
    </UnitTestResult>
    <UnitTestResult executionId="3a0fdace-0e0b-4750-a485-42e37955a04f" testId="83c68223-dcaa-51dd-423f-434210a59f77" testName="second_person_tenses_active_negation" computerName="ARPAN-LAP" duration="00:00:00.3129820" startTime="2014-06-29T12:10:55.6745051+05:30" endTime="2014-06-29T12:10:56.0665275+05:30" testType="13cdc9d9-ddb5-4fa4-a97d-d965ccfc6d4b" outcome="Passed" testListId="8c84fa94-04c1-424b-9868-57a2d4851a1d" relativeResultsDirectory="3a0fdace-0e0b-4750-a485-42e37955a04f" resultType="DataDrivenTest">
      <Counters error="0" failed="0" timeout="0" aborted="0" inconclusive="0" passedButRunAborted="0" notRunnable="0" notExecuted="0" disconnected="0" warning="0" passed="10" completed="0" inProgress="0" pending="0" />
      <InnerResults>
        <UnitTestResult executionId="bc58ade6-fd05-47a7-9553-9af907b05163" parentExecutionId="3a0fdace-0e0b-4750-a485-42e37955a04f" testId="83c68223-dcaa-51dd-423f-434210a59f77" testName="second_person_tenses_active_negation" computerName="ARPAN-LAP" duration="00:00:00.0384302" startTime="2014-06-29T12:10:55.7555097+05:30" endTime="2014-06-29T12:10:55.7935119+05:30" testType="13cdc9d9-ddb5-4fa4-a97d-d965ccfc6d4b" outcome="Passed" testListId="8c84fa94-04c1-424b-9868-57a2d4851a1d" relativeResultsDirectory="3a0fdace-0e0b-4750-a485-42e37955a04f" dataRowInfo="0" resultType="DataDrivenDataRow" />
        <UnitTestResult executionId="66a27bca-bdb8-4a57-9e1f-0cd7dfc88841" parentExecutionId="3a0fdace-0e0b-4750-a485-42e37955a04f" testId="83c68223-dcaa-51dd-423f-434210a59f77" testName="second_person_tenses_active_negation" computerName="ARPAN-LAP" duration="00:00:00.0217894" startTime="2014-06-29T12:10:55.7935119+05:30" endTime="2014-06-29T12:10:55.8155132+05:30" testType="13cdc9d9-ddb5-4fa4-a97d-d965ccfc6d4b" outcome="Passed" testListId="8c84fa94-04c1-424b-9868-57a2d4851a1d" relativeResultsDirectory="3a0fdace-0e0b-4750-a485-42e37955a04f" dataRowInfo="1" resultType="DataDrivenDataRow" />
        <UnitTestResult executionId="cb1cc563-ee53-4598-91b4-310ad465f6b9" parentExecutionId="3a0fdace-0e0b-4750-a485-42e37955a04f" testId="83c68223-dcaa-51dd-423f-434210a59f77" testName="second_person_tenses_active_negation" computerName="ARPAN-LAP" duration="00:00:00.0214276" startTime="2014-06-29T12:10:55.8155132+05:30" endTime="2014-06-29T12:10:55.8375144+05:30" testType="13cdc9d9-ddb5-4fa4-a97d-d965ccfc6d4b" outcome="Passed" testListId="8c84fa94-04c1-424b-9868-57a2d4851a1d" relativeResultsDirectory="3a0fdace-0e0b-4750-a485-42e37955a04f" dataRowInfo="2" resultType="DataDrivenDataRow" />
        <UnitTestResult executionId="1465cca2-5161-45d2-8c82-51b3f9966c80" parentExecutionId="3a0fdace-0e0b-4750-a485-42e37955a04f" testId="83c68223-dcaa-51dd-423f-434210a59f77" testName="second_person_tenses_active_negation" computerName="ARPAN-LAP" duration="00:00:00.0306275" startTime="2014-06-29T12:10:55.8375144+05:30" endTime="2014-06-29T12:10:55.8675161+05:30" testType="13cdc9d9-ddb5-4fa4-a97d-d965ccfc6d4b" outcome="Passed" testListId="8c84fa94-04c1-424b-9868-57a2d4851a1d" relativeResultsDirectory="3a0fdace-0e0b-4750-a485-42e37955a04f" dataRowInfo="3" resultType="DataDrivenDataRow" />
        <UnitTestResult executionId="28100e6a-8a45-477b-bf20-7f575ae9d52e" parentExecutionId="3a0fdace-0e0b-4750-a485-42e37955a04f" testId="83c68223-dcaa-51dd-423f-434210a59f77" testName="second_person_tenses_active_negation" computerName="ARPAN-LAP" duration="00:00:00.0203723" startTime="2014-06-29T12:10:55.8675161+05:30" endTime="2014-06-29T12:10:55.8885173+05:30" testType="13cdc9d9-ddb5-4fa4-a97d-d965ccfc6d4b" outcome="Passed" testListId="8c84fa94-04c1-424b-9868-57a2d4851a1d" relativeResultsDirectory="3a0fdace-0e0b-4750-a485-42e37955a04f" dataRowInfo="4" resultType="DataDrivenDataRow" />
        <UnitTestResult executionId="91fa3953-c265-473e-9a03-659657e6b2ac" parentExecutionId="3a0fdace-0e0b-4750-a485-42e37955a04f" testId="83c68223-dcaa-51dd-423f-434210a59f77" testName="second_person_tenses_active_negation" computerName="ARPAN-LAP" duration="00:00:00.0199339" startTime="2014-06-29T12:10:55.8885173+05:30" endTime="2014-06-29T12:10:55.9085185+05:30" testType="13cdc9d9-ddb5-4fa4-a97d-d965ccfc6d4b" outcome="Passed" testListId="8c84fa94-04c1-424b-9868-57a2d4851a1d" relativeResultsDirectory="3a0fdace-0e0b-4750-a485-42e37955a04f" dataRowInfo="5" resultType="DataDrivenDataRow" />
        <UnitTestResult executionId="d8192e21-d1e7-401d-92f2-92fb8a2ca2e7" parentExecutionId="3a0fdace-0e0b-4750-a485-42e37955a04f" testId="83c68223-dcaa-51dd-423f-434210a59f77" testName="second_person_tenses_active_negation" computerName="ARPAN-LAP" duration="00:00:00.0219721" startTime="2014-06-29T12:10:55.9085185+05:30" endTime="2014-06-29T12:10:55.9305197+05:30" testType="13cdc9d9-ddb5-4fa4-a97d-d965ccfc6d4b" outcome="Passed" testListId="8c84fa94-04c1-424b-9868-57a2d4851a1d" relativeResultsDirectory="3a0fdace-0e0b-4750-a485-42e37955a04f" dataRowInfo="6" resultType="DataDrivenDataRow" />
        <UnitTestResult executionId="285580da-df0b-46e5-bb64-e7f2f7c82c62" parentExecutionId="3a0fdace-0e0b-4750-a485-42e37955a04f" testId="83c68223-dcaa-51dd-423f-434210a59f77" testName="second_person_tenses_active_negation" computerName="ARPAN-LAP" duration="00:00:00.0296733" startTime="2014-06-29T12:10:55.9305197+05:30" endTime="2014-06-29T12:10:55.9605215+05:30" testType="13cdc9d9-ddb5-4fa4-a97d-d965ccfc6d4b" outcome="Passed" testListId="8c84fa94-04c1-424b-9868-57a2d4851a1d" relativeResultsDirectory="3a0fdace-0e0b-4750-a485-42e37955a04f" dataRowInfo="7" resultType="DataDrivenDataRow" />
        <UnitTestResult executionId="f5fb4ca9-0c5f-4b9e-9168-59f46b529f53" parentExecutionId="3a0fdace-0e0b-4750-a485-42e37955a04f" testId="83c68223-dcaa-51dd-423f-434210a59f77" testName="second_person_tenses_active_negation" computerName="ARPAN-LAP" duration="00:00:00.0365250" startTime="2014-06-29T12:10:55.9605215+05:30" endTime="2014-06-29T12:10:55.9965235+05:30" testType="13cdc9d9-ddb5-4fa4-a97d-d965ccfc6d4b" outcome="Passed" testListId="8c84fa94-04c1-424b-9868-57a2d4851a1d" relativeResultsDirectory="3a0fdace-0e0b-4750-a485-42e37955a04f" dataRowInfo="8" resultType="DataDrivenDataRow" />
        <UnitTestResult executionId="d47678ff-de43-4045-80c7-2ac3c2a87b14" parentExecutionId="3a0fdace-0e0b-4750-a485-42e37955a04f" testId="83c68223-dcaa-51dd-423f-434210a59f77" testName="second_person_tenses_active_negation" computerName="ARPAN-LAP" duration="00:00:00.0384764" startTime="2014-06-29T12:10:55.9965235+05:30" endTime="2014-06-29T12:10:56.0355258+05:30" testType="13cdc9d9-ddb5-4fa4-a97d-d965ccfc6d4b" outcome="Passed" testListId="8c84fa94-04c1-424b-9868-57a2d4851a1d" relativeResultsDirectory="3a0fdace-0e0b-4750-a485-42e37955a04f" dataRowInfo="9" resultType="DataDrivenDataRow" />
      </InnerResults>
    </UnitTestResult>
    <UnitTestResult executionId="239920b9-0f24-4b2e-862d-3ebc1be6bd5e" testId="8fe5ccb3-a3f4-0f61-ad21-e94ef029e900" testName="all_persons_modal_can_may" computerName="ARPAN-LAP" duration="00:00:00.7728736" startTime="2014-06-29T12:10:56.0715278+05:30" endTime="2014-06-29T12:10:56.9375773+05:30" testType="13cdc9d9-ddb5-4fa4-a97d-d965ccfc6d4b" outcome="Passed" testListId="8c84fa94-04c1-424b-9868-57a2d4851a1d" relativeResultsDirectory="239920b9-0f24-4b2e-862d-3ebc1be6bd5e" resultType="DataDrivenTest">
      <Counters error="0" failed="0" timeout="0" aborted="0" inconclusive="0" passedButRunAborted="0" notRunnable="0" notExecuted="0" disconnected="0" warning="0" passed="29" completed="0" inProgress="0" pending="0" />
      <InnerResults>
        <UnitTestResult executionId="bb8c4717-a070-4474-8e25-f50b1f9d8ff3" parentExecutionId="239920b9-0f24-4b2e-862d-3ebc1be6bd5e" testId="8fe5ccb3-a3f4-0f61-ad21-e94ef029e900" testName="all_persons_modal_can_may" computerName="ARPAN-LAP" duration="00:00:00.0281448" startTime="2014-06-29T12:10:56.1115301+05:30" endTime="2014-06-29T12:10:56.1395317+05:30" testType="13cdc9d9-ddb5-4fa4-a97d-d965ccfc6d4b" outcome="Passed" testListId="8c84fa94-04c1-424b-9868-57a2d4851a1d" relativeResultsDirectory="239920b9-0f24-4b2e-862d-3ebc1be6bd5e" dataRowInfo="0" resultType="DataDrivenDataRow" />
        <UnitTestResult executionId="0037ee44-38e3-4d9d-a82a-0aa4177c06a7" parentExecutionId="239920b9-0f24-4b2e-862d-3ebc1be6bd5e" testId="8fe5ccb3-a3f4-0f61-ad21-e94ef029e900" testName="all_persons_modal_can_may" computerName="ARPAN-LAP" duration="00:00:00.0230043" startTime="2014-06-29T12:10:56.1395317+05:30" endTime="2014-06-29T12:10:56.1625330+05:30" testType="13cdc9d9-ddb5-4fa4-a97d-d965ccfc6d4b" outcome="Passed" testListId="8c84fa94-04c1-424b-9868-57a2d4851a1d" relativeResultsDirectory="239920b9-0f24-4b2e-862d-3ebc1be6bd5e" dataRowInfo="1" resultType="DataDrivenDataRow" />
        <UnitTestResult executionId="32a4500b-8ca0-4c7a-987f-628fa75b7058" parentExecutionId="239920b9-0f24-4b2e-862d-3ebc1be6bd5e" testId="8fe5ccb3-a3f4-0f61-ad21-e94ef029e900" testName="all_persons_modal_can_may" computerName="ARPAN-LAP" duration="00:00:00.0261178" startTime="2014-06-29T12:10:56.1625330+05:30" endTime="2014-06-29T12:10:56.1885345+05:30" testType="13cdc9d9-ddb5-4fa4-a97d-d965ccfc6d4b" outcome="Passed" testListId="8c84fa94-04c1-424b-9868-57a2d4851a1d" relativeResultsDirectory="239920b9-0f24-4b2e-862d-3ebc1be6bd5e" dataRowInfo="2" resultType="DataDrivenDataRow" />
        <UnitTestResult executionId="2bdabfac-1ebb-414a-a656-56b20697b772" parentExecutionId="239920b9-0f24-4b2e-862d-3ebc1be6bd5e" testId="8fe5ccb3-a3f4-0f61-ad21-e94ef029e900" testName="all_persons_modal_can_may" computerName="ARPAN-LAP" duration="00:00:00.0271141" startTime="2014-06-29T12:10:56.1885345+05:30" endTime="2014-06-29T12:10:56.2155360+05:30" testType="13cdc9d9-ddb5-4fa4-a97d-d965ccfc6d4b" outcome="Passed" testListId="8c84fa94-04c1-424b-9868-57a2d4851a1d" relativeResultsDirectory="239920b9-0f24-4b2e-862d-3ebc1be6bd5e" dataRowInfo="3" resultType="DataDrivenDataRow" />
        <UnitTestResult executionId="d7728a06-31f8-4d2e-8dac-a62a5f4dc6b2" parentExecutionId="239920b9-0f24-4b2e-862d-3ebc1be6bd5e" testId="8fe5ccb3-a3f4-0f61-ad21-e94ef029e900" testName="all_persons_modal_can_may" computerName="ARPAN-LAP" duration="00:00:00.0294711" startTime="2014-06-29T12:10:56.2155360+05:30" endTime="2014-06-29T12:10:56.2455378+05:30" testType="13cdc9d9-ddb5-4fa4-a97d-d965ccfc6d4b" outcome="Passed" testListId="8c84fa94-04c1-424b-9868-57a2d4851a1d" relativeResultsDirectory="239920b9-0f24-4b2e-862d-3ebc1be6bd5e" dataRowInfo="4" resultType="DataDrivenDataRow" />
        <UnitTestResult executionId="ec8754c9-ed0b-44e3-8699-cbfa91848477" parentExecutionId="239920b9-0f24-4b2e-862d-3ebc1be6bd5e" testId="8fe5ccb3-a3f4-0f61-ad21-e94ef029e900" testName="all_persons_modal_can_may" computerName="ARPAN-LAP" duration="00:00:00.0280031" startTime="2014-06-29T12:10:56.2455378+05:30" endTime="2014-06-29T12:10:56.2735394+05:30" testType="13cdc9d9-ddb5-4fa4-a97d-d965ccfc6d4b" outcome="Passed" testListId="8c84fa94-04c1-424b-9868-57a2d4851a1d" relativeResultsDirectory="239920b9-0f24-4b2e-862d-3ebc1be6bd5e" dataRowInfo="5" resultType="DataDrivenDataRow" />
        <UnitTestResult executionId="ebc02ae0-604d-4d4a-b857-3da5cb1ab217" parentExecutionId="239920b9-0f24-4b2e-862d-3ebc1be6bd5e" testId="8fe5ccb3-a3f4-0f61-ad21-e94ef029e900" testName="all_persons_modal_can_may" computerName="ARPAN-LAP" duration="00:00:00.0320472" startTime="2014-06-29T12:10:56.2735394+05:30" endTime="2014-06-29T12:10:56.3055412+05:30" testType="13cdc9d9-ddb5-4fa4-a97d-d965ccfc6d4b" outcome="Passed" testListId="8c84fa94-04c1-424b-9868-57a2d4851a1d" relativeResultsDirectory="239920b9-0f24-4b2e-862d-3ebc1be6bd5e" dataRowInfo="6" resultType="DataDrivenDataRow" />
        <UnitTestResult executionId="49336c54-9d7a-4cc8-864a-16c7232e5c44" parentExecutionId="239920b9-0f24-4b2e-862d-3ebc1be6bd5e" testId="8fe5ccb3-a3f4-0f61-ad21-e94ef029e900" testName="all_persons_modal_can_may" computerName="ARPAN-LAP" duration="00:00:00.0428639" startTime="2014-06-29T12:10:56.3055412+05:30" endTime="2014-06-29T12:10:56.3485437+05:30" testType="13cdc9d9-ddb5-4fa4-a97d-d965ccfc6d4b" outcome="Passed" testListId="8c84fa94-04c1-424b-9868-57a2d4851a1d" relativeResultsDirectory="239920b9-0f24-4b2e-862d-3ebc1be6bd5e" dataRowInfo="7" resultType="DataDrivenDataRow" />
        <UnitTestResult executionId="cd1a125d-9ec9-4bc6-ba71-14d07732189a" parentExecutionId="239920b9-0f24-4b2e-862d-3ebc1be6bd5e" testId="8fe5ccb3-a3f4-0f61-ad21-e94ef029e900" testName="all_persons_modal_can_may" computerName="ARPAN-LAP" duration="00:00:00.0398633" startTime="2014-06-29T12:10:56.3485437+05:30" endTime="2014-06-29T12:10:56.3885459+05:30" testType="13cdc9d9-ddb5-4fa4-a97d-d965ccfc6d4b" outcome="Passed" testListId="8c84fa94-04c1-424b-9868-57a2d4851a1d" relativeResultsDirectory="239920b9-0f24-4b2e-862d-3ebc1be6bd5e" dataRowInfo="8" resultType="DataDrivenDataRow" />
        <UnitTestResult executionId="0a4af377-1fa7-430d-b407-17345dd9127d" parentExecutionId="239920b9-0f24-4b2e-862d-3ebc1be6bd5e" testId="8fe5ccb3-a3f4-0f61-ad21-e94ef029e900" testName="all_persons_modal_can_may" computerName="ARPAN-LAP" duration="00:00:00.0240873" startTime="2014-06-29T12:10:56.3885459+05:30" endTime="2014-06-29T12:10:56.4125473+05:30" testType="13cdc9d9-ddb5-4fa4-a97d-d965ccfc6d4b" outcome="Passed" testListId="8c84fa94-04c1-424b-9868-57a2d4851a1d" relativeResultsDirectory="239920b9-0f24-4b2e-862d-3ebc1be6bd5e" dataRowInfo="9" resultType="DataDrivenDataRow" />
        <UnitTestResult executionId="ea885c22-0e00-4bbf-b333-dfe4e2558636" parentExecutionId="239920b9-0f24-4b2e-862d-3ebc1be6bd5e" testId="8fe5ccb3-a3f4-0f61-ad21-e94ef029e900" testName="all_persons_modal_can_may" computerName="ARPAN-LAP" duration="00:00:00.0202229" startTime="2014-06-29T12:10:56.4125473+05:30" endTime="2014-06-29T12:10:56.4335485+05:30" testType="13cdc9d9-ddb5-4fa4-a97d-d965ccfc6d4b" outcome="Passed" testListId="8c84fa94-04c1-424b-9868-57a2d4851a1d" relativeResultsDirectory="239920b9-0f24-4b2e-862d-3ebc1be6bd5e" dataRowInfo="10" resultType="DataDrivenDataRow" />
        <UnitTestResult executionId="d7156dd9-371c-4646-aabd-6d905f592919" parentExecutionId="239920b9-0f24-4b2e-862d-3ebc1be6bd5e" testId="8fe5ccb3-a3f4-0f61-ad21-e94ef029e900" testName="all_persons_modal_can_may" computerName="ARPAN-LAP" duration="00:00:00.0200273" startTime="2014-06-29T12:10:56.4335485+05:30" endTime="2014-06-29T12:10:56.4535497+05:30" testType="13cdc9d9-ddb5-4fa4-a97d-d965ccfc6d4b" outcome="Passed" testListId="8c84fa94-04c1-424b-9868-57a2d4851a1d" relativeResultsDirectory="239920b9-0f24-4b2e-862d-3ebc1be6bd5e" dataRowInfo="11" resultType="DataDrivenDataRow" />
        <UnitTestResult executionId="5e766f6f-34ee-47d0-954e-de2bc372ee02" parentExecutionId="239920b9-0f24-4b2e-862d-3ebc1be6bd5e" testId="8fe5ccb3-a3f4-0f61-ad21-e94ef029e900" testName="all_persons_modal_can_may" computerName="ARPAN-LAP" duration="00:00:00.0241125" startTime="2014-06-29T12:10:56.4535497+05:30" endTime="2014-06-29T12:10:56.4775510+05:30" testType="13cdc9d9-ddb5-4fa4-a97d-d965ccfc6d4b" outcome="Passed" testListId="8c84fa94-04c1-424b-9868-57a2d4851a1d" relativeResultsDirectory="239920b9-0f24-4b2e-862d-3ebc1be6bd5e" dataRowInfo="12" resultType="DataDrivenDataRow" />
        <UnitTestResult executionId="8de87147-4042-41ba-8be2-7ead99ac7133" parentExecutionId="239920b9-0f24-4b2e-862d-3ebc1be6bd5e" testId="8fe5ccb3-a3f4-0f61-ad21-e94ef029e900" testName="all_persons_modal_can_may" computerName="ARPAN-LAP" duration="00:00:00.0232692" startTime="2014-06-29T12:10:56.4775510+05:30" endTime="2014-06-29T12:10:56.5005523+05:30" testType="13cdc9d9-ddb5-4fa4-a97d-d965ccfc6d4b" outcome="Passed" testListId="8c84fa94-04c1-424b-9868-57a2d4851a1d" relativeResultsDirectory="239920b9-0f24-4b2e-862d-3ebc1be6bd5e" dataRowInfo="13" resultType="DataDrivenDataRow" />
        <UnitTestResult executionId="18f4cc74-ee36-43b8-9905-d3efd44fef70" parentExecutionId="239920b9-0f24-4b2e-862d-3ebc1be6bd5e" testId="8fe5ccb3-a3f4-0f61-ad21-e94ef029e900" testName="all_persons_modal_can_may" computerName="ARPAN-LAP" duration="00:00:00.0254896" startTime="2014-06-29T12:10:56.5005523+05:30" endTime="2014-06-29T12:10:56.5265538+05:30" testType="13cdc9d9-ddb5-4fa4-a97d-d965ccfc6d4b" outcome="Passed" testListId="8c84fa94-04c1-424b-9868-57a2d4851a1d" relativeResultsDirectory="239920b9-0f24-4b2e-862d-3ebc1be6bd5e" dataRowInfo="14" resultType="DataDrivenDataRow" />
        <UnitTestResult executionId="e167aa93-ad4d-406c-8a47-77585c85d386" parentExecutionId="239920b9-0f24-4b2e-862d-3ebc1be6bd5e" testId="8fe5ccb3-a3f4-0f61-ad21-e94ef029e900" testName="all_persons_modal_can_may" computerName="ARPAN-LAP" duration="00:00:00.0243142" startTime="2014-06-29T12:10:56.5265538+05:30" endTime="2014-06-29T12:10:56.5505552+05:30" testType="13cdc9d9-ddb5-4fa4-a97d-d965ccfc6d4b" outcome="Passed" testListId="8c84fa94-04c1-424b-9868-57a2d4851a1d" relativeResultsDirectory="239920b9-0f24-4b2e-862d-3ebc1be6bd5e" dataRowInfo="15" resultType="DataDrivenDataRow" />
        <UnitTestResult executionId="9450c512-4aa6-4e3c-bc74-ae0245880217" parentExecutionId="239920b9-0f24-4b2e-862d-3ebc1be6bd5e" testId="8fe5ccb3-a3f4-0f61-ad21-e94ef029e900" testName="all_persons_modal_can_may" computerName="ARPAN-LAP" duration="00:00:00.0192451" startTime="2014-06-29T12:10:56.5505552+05:30" endTime="2014-06-29T12:10:56.5695563+05:30" testType="13cdc9d9-ddb5-4fa4-a97d-d965ccfc6d4b" outcome="Passed" testListId="8c84fa94-04c1-424b-9868-57a2d4851a1d" relativeResultsDirectory="239920b9-0f24-4b2e-862d-3ebc1be6bd5e" dataRowInfo="16" resultType="DataDrivenDataRow" />
        <UnitTestResult executionId="628c914c-dbaf-488e-87cd-094c18e9177d" parentExecutionId="239920b9-0f24-4b2e-862d-3ebc1be6bd5e" testId="8fe5ccb3-a3f4-0f61-ad21-e94ef029e900" testName="all_persons_modal_can_may" computerName="ARPAN-LAP" duration="00:00:00.0183105" startTime="2014-06-29T12:10:56.5695563+05:30" endTime="2014-06-29T12:10:56.5885574+05:30" testType="13cdc9d9-ddb5-4fa4-a97d-d965ccfc6d4b" outcome="Passed" testListId="8c84fa94-04c1-424b-9868-57a2d4851a1d" relativeResultsDirectory="239920b9-0f24-4b2e-862d-3ebc1be6bd5e" dataRowInfo="17" resultType="DataDrivenDataRow" />
        <UnitTestResult executionId="06d26108-82c5-424d-8129-793f4047f806" parentExecutionId="239920b9-0f24-4b2e-862d-3ebc1be6bd5e" testId="8fe5ccb3-a3f4-0f61-ad21-e94ef029e900" testName="all_persons_modal_can_may" computerName="ARPAN-LAP" duration="00:00:00.0180205" startTime="2014-06-29T12:10:56.5885574+05:30" endTime="2014-06-29T12:10:56.6065584+05:30" testType="13cdc9d9-ddb5-4fa4-a97d-d965ccfc6d4b" outcome="Passed" testListId="8c84fa94-04c1-424b-9868-57a2d4851a1d" relativeResultsDirectory="239920b9-0f24-4b2e-862d-3ebc1be6bd5e" dataRowInfo="18" resultType="DataDrivenDataRow" />
        <UnitTestResult executionId="52987ef7-50c6-4460-9cd9-6a927d095c76" parentExecutionId="239920b9-0f24-4b2e-862d-3ebc1be6bd5e" testId="8fe5ccb3-a3f4-0f61-ad21-e94ef029e900" testName="all_persons_modal_can_may" computerName="ARPAN-LAP" duration="00:00:00.0209595" startTime="2014-06-29T12:10:56.6065584+05:30" endTime="2014-06-29T12:10:56.6275596+05:30" testType="13cdc9d9-ddb5-4fa4-a97d-d965ccfc6d4b" outcome="Passed" testListId="8c84fa94-04c1-424b-9868-57a2d4851a1d" relativeResultsDirectory="239920b9-0f24-4b2e-862d-3ebc1be6bd5e" dataRowInfo="19" resultType="DataDrivenDataRow" />
        <UnitTestResult executionId="58fe6aec-a3f1-42ac-9f59-b011318cb67b" parentExecutionId="239920b9-0f24-4b2e-862d-3ebc1be6bd5e" testId="8fe5ccb3-a3f4-0f61-ad21-e94ef029e900" testName="all_persons_modal_can_may" computerName="ARPAN-LAP" duration="00:00:00.0235428" startTime="2014-06-29T12:10:56.6275596+05:30" endTime="2014-06-29T12:10:56.6505609+05:30" testType="13cdc9d9-ddb5-4fa4-a97d-d965ccfc6d4b" outcome="Passed" testListId="8c84fa94-04c1-424b-9868-57a2d4851a1d" relativeResultsDirectory="239920b9-0f24-4b2e-862d-3ebc1be6bd5e" dataRowInfo="20" resultType="DataDrivenDataRow" />
        <UnitTestResult executionId="3303d736-8ff5-471f-8775-4cbd07819564" parentExecutionId="239920b9-0f24-4b2e-862d-3ebc1be6bd5e" testId="8fe5ccb3-a3f4-0f61-ad21-e94ef029e900" testName="all_persons_modal_can_may" computerName="ARPAN-LAP" duration="00:00:00.0256302" startTime="2014-06-29T12:10:56.6505609+05:30" endTime="2014-06-29T12:10:56.6765624+05:30" testType="13cdc9d9-ddb5-4fa4-a97d-d965ccfc6d4b" outcome="Passed" testListId="8c84fa94-04c1-424b-9868-57a2d4851a1d" relativeResultsDirectory="239920b9-0f24-4b2e-862d-3ebc1be6bd5e" dataRowInfo="21" resultType="DataDrivenDataRow" />
        <UnitTestResult executionId="85fbbabd-e56c-407a-9365-f244e1cb2e9c" parentExecutionId="239920b9-0f24-4b2e-862d-3ebc1be6bd5e" testId="8fe5ccb3-a3f4-0f61-ad21-e94ef029e900" testName="all_persons_modal_can_may" computerName="ARPAN-LAP" duration="00:00:00.0232204" startTime="2014-06-29T12:10:56.6765624+05:30" endTime="2014-06-29T12:10:56.6995637+05:30" testType="13cdc9d9-ddb5-4fa4-a97d-d965ccfc6d4b" outcome="Passed" testListId="8c84fa94-04c1-424b-9868-57a2d4851a1d" relativeResultsDirectory="239920b9-0f24-4b2e-862d-3ebc1be6bd5e" dataRowInfo="22" resultType="DataDrivenDataRow" />
        <UnitTestResult executionId="51f6aedd-5ef7-4b1b-9390-2cb5732c35a9" parentExecutionId="239920b9-0f24-4b2e-862d-3ebc1be6bd5e" testId="8fe5ccb3-a3f4-0f61-ad21-e94ef029e900" testName="all_persons_modal_can_may" computerName="ARPAN-LAP" duration="00:00:00.0225947" startTime="2014-06-29T12:10:56.6995637+05:30" endTime="2014-06-29T12:10:56.7225650+05:30" testType="13cdc9d9-ddb5-4fa4-a97d-d965ccfc6d4b" outcome="Passed" testListId="8c84fa94-04c1-424b-9868-57a2d4851a1d" relativeResultsDirectory="239920b9-0f24-4b2e-862d-3ebc1be6bd5e" dataRowInfo="23" resultType="DataDrivenDataRow" />
        <UnitTestResult executionId="43aafaf6-4835-4803-ad42-40bbd17fd3a5" parentExecutionId="239920b9-0f24-4b2e-862d-3ebc1be6bd5e" testId="8fe5ccb3-a3f4-0f61-ad21-e94ef029e900" testName="all_persons_modal_can_may" computerName="ARPAN-LAP" duration="00:00:00.0247669" startTime="2014-06-29T12:10:56.7225650+05:30" endTime="2014-06-29T12:10:56.7475665+05:30" testType="13cdc9d9-ddb5-4fa4-a97d-d965ccfc6d4b" outcome="Passed" testListId="8c84fa94-04c1-424b-9868-57a2d4851a1d" relativeResultsDirectory="239920b9-0f24-4b2e-862d-3ebc1be6bd5e" dataRowInfo="24" resultType="DataDrivenDataRow" />
        <UnitTestResult executionId="7043de30-307e-459f-a6c6-b9e9377351b0" parentExecutionId="239920b9-0f24-4b2e-862d-3ebc1be6bd5e" testId="8fe5ccb3-a3f4-0f61-ad21-e94ef029e900" testName="all_persons_modal_can_may" computerName="ARPAN-LAP" duration="00:00:00.0216134" startTime="2014-06-29T12:10:56.7475665+05:30" endTime="2014-06-29T12:10:56.7685677+05:30" testType="13cdc9d9-ddb5-4fa4-a97d-d965ccfc6d4b" outcome="Passed" testListId="8c84fa94-04c1-424b-9868-57a2d4851a1d" relativeResultsDirectory="239920b9-0f24-4b2e-862d-3ebc1be6bd5e" dataRowInfo="25" resultType="DataDrivenDataRow" />
        <UnitTestResult executionId="f0b8e041-db5d-495d-ae1d-96a067034730" parentExecutionId="239920b9-0f24-4b2e-862d-3ebc1be6bd5e" testId="8fe5ccb3-a3f4-0f61-ad21-e94ef029e900" testName="all_persons_modal_can_may" computerName="ARPAN-LAP" duration="00:00:00.0219147" startTime="2014-06-29T12:10:56.7685677+05:30" endTime="2014-06-29T12:10:56.7905689+05:30" testType="13cdc9d9-ddb5-4fa4-a97d-d965ccfc6d4b" outcome="Passed" testListId="8c84fa94-04c1-424b-9868-57a2d4851a1d" relativeResultsDirectory="239920b9-0f24-4b2e-862d-3ebc1be6bd5e" dataRowInfo="26" resultType="DataDrivenDataRow" />
        <UnitTestResult executionId="65e49284-955a-4982-8874-7b5f30392f3e" parentExecutionId="239920b9-0f24-4b2e-862d-3ebc1be6bd5e" testId="8fe5ccb3-a3f4-0f61-ad21-e94ef029e900" testName="all_persons_modal_can_may" computerName="ARPAN-LAP" duration="00:00:00.0278270" startTime="2014-06-29T12:10:56.7905689+05:30" endTime="2014-06-29T12:10:56.8185705+05:30" testType="13cdc9d9-ddb5-4fa4-a97d-d965ccfc6d4b" outcome="Passed" testListId="8c84fa94-04c1-424b-9868-57a2d4851a1d" relativeResultsDirectory="239920b9-0f24-4b2e-862d-3ebc1be6bd5e" dataRowInfo="27" resultType="DataDrivenDataRow" />
        <UnitTestResult executionId="50733f15-f43d-47a5-b33d-fd1576572cc0" parentExecutionId="239920b9-0f24-4b2e-862d-3ebc1be6bd5e" testId="8fe5ccb3-a3f4-0f61-ad21-e94ef029e900" testName="all_persons_modal_can_may" computerName="ARPAN-LAP" duration="00:00:00.0306033" startTime="2014-06-29T12:10:56.8185705+05:30" endTime="2014-06-29T12:10:56.8495723+05:30" testType="13cdc9d9-ddb5-4fa4-a97d-d965ccfc6d4b" outcome="Passed" testListId="8c84fa94-04c1-424b-9868-57a2d4851a1d" relativeResultsDirectory="239920b9-0f24-4b2e-862d-3ebc1be6bd5e" dataRowInfo="28" resultType="DataDrivenDataRow" />
      </InnerResults>
    </UnitTestResult>
    <UnitTestResult executionId="841ffec6-dd23-4665-95e5-9bd6edd979f3" testId="921e6ab0-d7c2-6005-e523-6fd2d5e1a723" testName="first_person_tenses_active" computerName="ARPAN-LAP" duration="00:00:00.2988393" startTime="2014-06-29T12:10:56.9485780+05:30" endTime="2014-06-29T12:10:57.3005981+05:30" testType="13cdc9d9-ddb5-4fa4-a97d-d965ccfc6d4b" outcome="Passed" testListId="8c84fa94-04c1-424b-9868-57a2d4851a1d" relativeResultsDirectory="841ffec6-dd23-4665-95e5-9bd6edd979f3" resultType="DataDrivenTest">
      <Counters error="0" failed="0" timeout="0" aborted="0" inconclusive="0" passedButRunAborted="0" notRunnable="0" notExecuted="0" disconnected="0" warning="0" passed="10" completed="0" inProgress="0" pending="0" />
      <InnerResults>
        <UnitTestResult executionId="fd7ef9e9-36e2-4a40-86b9-6ce8719038a1" parentExecutionId="841ffec6-dd23-4665-95e5-9bd6edd979f3" testId="921e6ab0-d7c2-6005-e523-6fd2d5e1a723" testName="first_person_tenses_active" computerName="ARPAN-LAP" duration="00:00:00.0215713" startTime="2014-06-29T12:10:56.9965807+05:30" endTime="2014-06-29T12:10:57.0175819+05:30" testType="13cdc9d9-ddb5-4fa4-a97d-d965ccfc6d4b" outcome="Passed" testListId="8c84fa94-04c1-424b-9868-57a2d4851a1d" relativeResultsDirectory="841ffec6-dd23-4665-95e5-9bd6edd979f3" dataRowInfo="0" resultType="DataDrivenDataRow" />
        <UnitTestResult executionId="814cf246-4cf4-47d0-a22a-d9929c47a170" parentExecutionId="841ffec6-dd23-4665-95e5-9bd6edd979f3" testId="921e6ab0-d7c2-6005-e523-6fd2d5e1a723" testName="first_person_tenses_active" computerName="ARPAN-LAP" duration="00:00:00.0231681" startTime="2014-06-29T12:10:57.0175819+05:30" endTime="2014-06-29T12:10:57.0415833+05:30" testType="13cdc9d9-ddb5-4fa4-a97d-d965ccfc6d4b" outcome="Passed" testListId="8c84fa94-04c1-424b-9868-57a2d4851a1d" relativeResultsDirectory="841ffec6-dd23-4665-95e5-9bd6edd979f3" dataRowInfo="1" resultType="DataDrivenDataRow" />
        <UnitTestResult executionId="9b84a22d-2224-4122-b581-ffea9af4341e" parentExecutionId="841ffec6-dd23-4665-95e5-9bd6edd979f3" testId="921e6ab0-d7c2-6005-e523-6fd2d5e1a723" testName="first_person_tenses_active" computerName="ARPAN-LAP" duration="00:00:00.0229073" startTime="2014-06-29T12:10:57.0415833+05:30" endTime="2014-06-29T12:10:57.0645846+05:30" testType="13cdc9d9-ddb5-4fa4-a97d-d965ccfc6d4b" outcome="Passed" testListId="8c84fa94-04c1-424b-9868-57a2d4851a1d" relativeResultsDirectory="841ffec6-dd23-4665-95e5-9bd6edd979f3" dataRowInfo="2" resultType="DataDrivenDataRow" />
        <UnitTestResult executionId="108e52bc-3a33-4cf8-aa77-6d1896f2b8c3" parentExecutionId="841ffec6-dd23-4665-95e5-9bd6edd979f3" testId="921e6ab0-d7c2-6005-e523-6fd2d5e1a723" testName="first_person_tenses_active" computerName="ARPAN-LAP" duration="00:00:00.0289116" startTime="2014-06-29T12:10:57.0645846+05:30" endTime="2014-06-29T12:10:57.0935863+05:30" testType="13cdc9d9-ddb5-4fa4-a97d-d965ccfc6d4b" outcome="Passed" testListId="8c84fa94-04c1-424b-9868-57a2d4851a1d" relativeResultsDirectory="841ffec6-dd23-4665-95e5-9bd6edd979f3" dataRowInfo="3" resultType="DataDrivenDataRow" />
        <UnitTestResult executionId="263291d4-3eaa-45be-9333-a56e9f64b3e8" parentExecutionId="841ffec6-dd23-4665-95e5-9bd6edd979f3" testId="921e6ab0-d7c2-6005-e523-6fd2d5e1a723" testName="first_person_tenses_active" computerName="ARPAN-LAP" duration="00:00:00.0205334" startTime="2014-06-29T12:10:57.0935863+05:30" endTime="2014-06-29T12:10:57.1135874+05:30" testType="13cdc9d9-ddb5-4fa4-a97d-d965ccfc6d4b" outcome="Passed" testListId="8c84fa94-04c1-424b-9868-57a2d4851a1d" relativeResultsDirectory="841ffec6-dd23-4665-95e5-9bd6edd979f3" dataRowInfo="4" resultType="DataDrivenDataRow" />
        <UnitTestResult executionId="31b4f06a-4e11-4fa2-aa48-9cf0455c16c9" parentExecutionId="841ffec6-dd23-4665-95e5-9bd6edd979f3" testId="921e6ab0-d7c2-6005-e523-6fd2d5e1a723" testName="first_person_tenses_active" computerName="ARPAN-LAP" duration="00:00:00.0248367" startTime="2014-06-29T12:10:57.1135874+05:30" endTime="2014-06-29T12:10:57.1385888+05:30" testType="13cdc9d9-ddb5-4fa4-a97d-d965ccfc6d4b" outcome="Passed" testListId="8c84fa94-04c1-424b-9868-57a2d4851a1d" relativeResultsDirectory="841ffec6-dd23-4665-95e5-9bd6edd979f3" dataRowInfo="5" resultType="DataDrivenDataRow" />
        <UnitTestResult executionId="41266e16-0b30-4347-93fe-3764886cff79" parentExecutionId="841ffec6-dd23-4665-95e5-9bd6edd979f3" testId="921e6ab0-d7c2-6005-e523-6fd2d5e1a723" testName="first_person_tenses_active" computerName="ARPAN-LAP" duration="00:00:00.0233174" startTime="2014-06-29T12:10:57.1385888+05:30" endTime="2014-06-29T12:10:57.1615902+05:30" testType="13cdc9d9-ddb5-4fa4-a97d-d965ccfc6d4b" outcome="Passed" testListId="8c84fa94-04c1-424b-9868-57a2d4851a1d" relativeResultsDirectory="841ffec6-dd23-4665-95e5-9bd6edd979f3" dataRowInfo="6" resultType="DataDrivenDataRow" />
        <UnitTestResult executionId="15e4e958-0425-4a9d-9f4b-f5f5a3a42788" parentExecutionId="841ffec6-dd23-4665-95e5-9bd6edd979f3" testId="921e6ab0-d7c2-6005-e523-6fd2d5e1a723" testName="first_person_tenses_active" computerName="ARPAN-LAP" duration="00:00:00.0299623" startTime="2014-06-29T12:10:57.1615902+05:30" endTime="2014-06-29T12:10:57.1915919+05:30" testType="13cdc9d9-ddb5-4fa4-a97d-d965ccfc6d4b" outcome="Passed" testListId="8c84fa94-04c1-424b-9868-57a2d4851a1d" relativeResultsDirectory="841ffec6-dd23-4665-95e5-9bd6edd979f3" dataRowInfo="7" resultType="DataDrivenDataRow" />
        <UnitTestResult executionId="54004114-916b-4826-bc85-6b2554bb8f73" parentExecutionId="841ffec6-dd23-4665-95e5-9bd6edd979f3" testId="921e6ab0-d7c2-6005-e523-6fd2d5e1a723" testName="first_person_tenses_active" computerName="ARPAN-LAP" duration="00:00:00.0244143" startTime="2014-06-29T12:10:57.1915919+05:30" endTime="2014-06-29T12:10:57.2165933+05:30" testType="13cdc9d9-ddb5-4fa4-a97d-d965ccfc6d4b" outcome="Passed" testListId="8c84fa94-04c1-424b-9868-57a2d4851a1d" relativeResultsDirectory="841ffec6-dd23-4665-95e5-9bd6edd979f3" dataRowInfo="8" resultType="DataDrivenDataRow" />
        <UnitTestResult executionId="6b264306-214c-48a7-8d35-695cceab4c07" parentExecutionId="841ffec6-dd23-4665-95e5-9bd6edd979f3" testId="921e6ab0-d7c2-6005-e523-6fd2d5e1a723" testName="first_person_tenses_active" computerName="ARPAN-LAP" duration="00:00:00.0360810" startTime="2014-06-29T12:10:57.2165933+05:30" endTime="2014-06-29T12:10:57.2525954+05:30" testType="13cdc9d9-ddb5-4fa4-a97d-d965ccfc6d4b" outcome="Passed" testListId="8c84fa94-04c1-424b-9868-57a2d4851a1d" relativeResultsDirectory="841ffec6-dd23-4665-95e5-9bd6edd979f3" dataRowInfo="9" resultType="DataDrivenDataRow" />
      </InnerResults>
    </UnitTestResult>
    <UnitTestResult executionId="e2c37182-24c8-4678-9db9-0f9270fb97e6" testId="9319d01e-de3e-d310-c76e-cae8dce4c924" testName="all_persons_modal_should_negation" computerName="ARPAN-LAP" duration="00:00:00.6036685" startTime="2014-06-29T12:10:57.3125988+05:30" endTime="2014-06-29T12:10:57.9696364+05:30" testType="13cdc9d9-ddb5-4fa4-a97d-d965ccfc6d4b" outcome="Passed" testListId="8c84fa94-04c1-424b-9868-57a2d4851a1d" relativeResultsDirectory="e2c37182-24c8-4678-9db9-0f9270fb97e6" resultType="DataDrivenTest">
      <Counters error="0" failed="0" timeout="0" aborted="0" inconclusive="0" passedButRunAborted="0" notRunnable="0" notExecuted="0" disconnected="0" warning="0" passed="17" completed="0" inProgress="0" pending="0" />
      <InnerResults>
        <UnitTestResult executionId="d9af5d82-19d5-4b84-8748-0c2728ad01b5" parentExecutionId="e2c37182-24c8-4678-9db9-0f9270fb97e6" testId="9319d01e-de3e-d310-c76e-cae8dce4c924" testName="all_persons_modal_should_negation" computerName="ARPAN-LAP" duration="00:00:00.0385637" startTime="2014-06-29T12:10:57.3876031+05:30" endTime="2014-06-29T12:10:57.4266053+05:30" testType="13cdc9d9-ddb5-4fa4-a97d-d965ccfc6d4b" outcome="Passed" testListId="8c84fa94-04c1-424b-9868-57a2d4851a1d" relativeResultsDirectory="e2c37182-24c8-4678-9db9-0f9270fb97e6" dataRowInfo="0" resultType="DataDrivenDataRow" />
        <UnitTestResult executionId="867bb44e-25f7-4566-ab37-2b4d15788207" parentExecutionId="e2c37182-24c8-4678-9db9-0f9270fb97e6" testId="9319d01e-de3e-d310-c76e-cae8dce4c924" testName="all_persons_modal_should_negation" computerName="ARPAN-LAP" duration="00:00:00.0329962" startTime="2014-06-29T12:10:57.4266053+05:30" endTime="2014-06-29T12:10:57.4596072+05:30" testType="13cdc9d9-ddb5-4fa4-a97d-d965ccfc6d4b" outcome="Passed" testListId="8c84fa94-04c1-424b-9868-57a2d4851a1d" relativeResultsDirectory="e2c37182-24c8-4678-9db9-0f9270fb97e6" dataRowInfo="1" resultType="DataDrivenDataRow" />
        <UnitTestResult executionId="a42c587f-243e-4664-8364-8aa7e4744937" parentExecutionId="e2c37182-24c8-4678-9db9-0f9270fb97e6" testId="9319d01e-de3e-d310-c76e-cae8dce4c924" testName="all_persons_modal_should_negation" computerName="ARPAN-LAP" duration="00:00:00.0294264" startTime="2014-06-29T12:10:57.4596072+05:30" endTime="2014-06-29T12:10:57.4886089+05:30" testType="13cdc9d9-ddb5-4fa4-a97d-d965ccfc6d4b" outcome="Passed" testListId="8c84fa94-04c1-424b-9868-57a2d4851a1d" relativeResultsDirectory="e2c37182-24c8-4678-9db9-0f9270fb97e6" dataRowInfo="2" resultType="DataDrivenDataRow" />
        <UnitTestResult executionId="8eee8ba3-47ea-4d9a-9632-fc1782d6a732" parentExecutionId="e2c37182-24c8-4678-9db9-0f9270fb97e6" testId="9319d01e-de3e-d310-c76e-cae8dce4c924" testName="all_persons_modal_should_negation" computerName="ARPAN-LAP" duration="00:00:00.0340618" startTime="2014-06-29T12:10:57.4886089+05:30" endTime="2014-06-29T12:10:57.5226108+05:30" testType="13cdc9d9-ddb5-4fa4-a97d-d965ccfc6d4b" outcome="Passed" testListId="8c84fa94-04c1-424b-9868-57a2d4851a1d" relativeResultsDirectory="e2c37182-24c8-4678-9db9-0f9270fb97e6" dataRowInfo="3" resultType="DataDrivenDataRow" />
        <UnitTestResult executionId="826601e6-48ea-40cd-9229-27d9c5ccb82c" parentExecutionId="e2c37182-24c8-4678-9db9-0f9270fb97e6" testId="9319d01e-de3e-d310-c76e-cae8dce4c924" testName="all_persons_modal_should_negation" computerName="ARPAN-LAP" duration="00:00:00.0221523" startTime="2014-06-29T12:10:57.5226108+05:30" endTime="2014-06-29T12:10:57.5456121+05:30" testType="13cdc9d9-ddb5-4fa4-a97d-d965ccfc6d4b" outcome="Passed" testListId="8c84fa94-04c1-424b-9868-57a2d4851a1d" relativeResultsDirectory="e2c37182-24c8-4678-9db9-0f9270fb97e6" dataRowInfo="4" resultType="DataDrivenDataRow" />
        <UnitTestResult executionId="bd613255-ceaa-4313-809b-78299b8966ce" parentExecutionId="e2c37182-24c8-4678-9db9-0f9270fb97e6" testId="9319d01e-de3e-d310-c76e-cae8dce4c924" testName="all_persons_modal_should_negation" computerName="ARPAN-LAP" duration="00:00:00.0309672" startTime="2014-06-29T12:10:57.5456121+05:30" endTime="2014-06-29T12:10:57.5766139+05:30" testType="13cdc9d9-ddb5-4fa4-a97d-d965ccfc6d4b" outcome="Passed" testListId="8c84fa94-04c1-424b-9868-57a2d4851a1d" relativeResultsDirectory="e2c37182-24c8-4678-9db9-0f9270fb97e6" dataRowInfo="5" resultType="DataDrivenDataRow" />
        <UnitTestResult executionId="2c89c210-cb89-4a3a-9232-bb2ce76871a7" parentExecutionId="e2c37182-24c8-4678-9db9-0f9270fb97e6" testId="9319d01e-de3e-d310-c76e-cae8dce4c924" testName="all_persons_modal_should_negation" computerName="ARPAN-LAP" duration="00:00:00.0447317" startTime="2014-06-29T12:10:57.5766139+05:30" endTime="2014-06-29T12:10:57.6206164+05:30" testType="13cdc9d9-ddb5-4fa4-a97d-d965ccfc6d4b" outcome="Passed" testListId="8c84fa94-04c1-424b-9868-57a2d4851a1d" relativeResultsDirectory="e2c37182-24c8-4678-9db9-0f9270fb97e6" dataRowInfo="6" resultType="DataDrivenDataRow" />
        <UnitTestResult executionId="ed60ce64-7a21-4f66-937b-a264121fcd49" parentExecutionId="e2c37182-24c8-4678-9db9-0f9270fb97e6" testId="9319d01e-de3e-d310-c76e-cae8dce4c924" testName="all_persons_modal_should_negation" computerName="ARPAN-LAP" duration="00:00:00.0423183" startTime="2014-06-29T12:10:57.6206164+05:30" endTime="2014-06-29T12:10:57.6636189+05:30" testType="13cdc9d9-ddb5-4fa4-a97d-d965ccfc6d4b" outcome="Passed" testListId="8c84fa94-04c1-424b-9868-57a2d4851a1d" relativeResultsDirectory="e2c37182-24c8-4678-9db9-0f9270fb97e6" dataRowInfo="7" resultType="DataDrivenDataRow" />
        <UnitTestResult executionId="84b5110f-1eb5-4b95-805c-b9a740b8586d" parentExecutionId="e2c37182-24c8-4678-9db9-0f9270fb97e6" testId="9319d01e-de3e-d310-c76e-cae8dce4c924" testName="all_persons_modal_should_negation" computerName="ARPAN-LAP" duration="00:00:00.0218515" startTime="2014-06-29T12:10:57.6636189+05:30" endTime="2014-06-29T12:10:57.6856201+05:30" testType="13cdc9d9-ddb5-4fa4-a97d-d965ccfc6d4b" outcome="Passed" testListId="8c84fa94-04c1-424b-9868-57a2d4851a1d" relativeResultsDirectory="e2c37182-24c8-4678-9db9-0f9270fb97e6" dataRowInfo="8" resultType="DataDrivenDataRow" />
        <UnitTestResult executionId="ed164e59-7a98-44ab-8257-21eb7c5bb49a" parentExecutionId="e2c37182-24c8-4678-9db9-0f9270fb97e6" testId="9319d01e-de3e-d310-c76e-cae8dce4c924" testName="all_persons_modal_should_negation" computerName="ARPAN-LAP" duration="00:00:00.0246175" startTime="2014-06-29T12:10:57.6856201+05:30" endTime="2014-06-29T12:10:57.7096215+05:30" testType="13cdc9d9-ddb5-4fa4-a97d-d965ccfc6d4b" outcome="Passed" testListId="8c84fa94-04c1-424b-9868-57a2d4851a1d" relativeResultsDirectory="e2c37182-24c8-4678-9db9-0f9270fb97e6" dataRowInfo="9" resultType="DataDrivenDataRow" />
        <UnitTestResult executionId="5b64ab1f-6959-44a5-ab3c-474e4a4977d2" parentExecutionId="e2c37182-24c8-4678-9db9-0f9270fb97e6" testId="9319d01e-de3e-d310-c76e-cae8dce4c924" testName="all_persons_modal_should_negation" computerName="ARPAN-LAP" duration="00:00:00.0277110" startTime="2014-06-29T12:10:57.7096215+05:30" endTime="2014-06-29T12:10:57.7376231+05:30" testType="13cdc9d9-ddb5-4fa4-a97d-d965ccfc6d4b" outcome="Passed" testListId="8c84fa94-04c1-424b-9868-57a2d4851a1d" relativeResultsDirectory="e2c37182-24c8-4678-9db9-0f9270fb97e6" dataRowInfo="10" resultType="DataDrivenDataRow" />
        <UnitTestResult executionId="d7f32142-76a3-4a5b-aa2c-81143d45e49d" parentExecutionId="e2c37182-24c8-4678-9db9-0f9270fb97e6" testId="9319d01e-de3e-d310-c76e-cae8dce4c924" testName="all_persons_modal_should_negation" computerName="ARPAN-LAP" duration="00:00:00.0345011" startTime="2014-06-29T12:10:57.7376231+05:30" endTime="2014-06-29T12:10:57.7726251+05:30" testType="13cdc9d9-ddb5-4fa4-a97d-d965ccfc6d4b" outcome="Passed" testListId="8c84fa94-04c1-424b-9868-57a2d4851a1d" relativeResultsDirectory="e2c37182-24c8-4678-9db9-0f9270fb97e6" dataRowInfo="11" resultType="DataDrivenDataRow" />
        <UnitTestResult executionId="2770128a-e42e-4059-9220-d632e1ea4cb1" parentExecutionId="e2c37182-24c8-4678-9db9-0f9270fb97e6" testId="9319d01e-de3e-d310-c76e-cae8dce4c924" testName="all_persons_modal_should_negation" computerName="ARPAN-LAP" duration="00:00:00.0286585" startTime="2014-06-29T12:10:57.7726251+05:30" endTime="2014-06-29T12:10:57.8006267+05:30" testType="13cdc9d9-ddb5-4fa4-a97d-d965ccfc6d4b" outcome="Passed" testListId="8c84fa94-04c1-424b-9868-57a2d4851a1d" relativeResultsDirectory="e2c37182-24c8-4678-9db9-0f9270fb97e6" dataRowInfo="12" resultType="DataDrivenDataRow" />
        <UnitTestResult executionId="e52d243f-f3c0-4205-9f58-665e4c9a323f" parentExecutionId="e2c37182-24c8-4678-9db9-0f9270fb97e6" testId="9319d01e-de3e-d310-c76e-cae8dce4c924" testName="all_persons_modal_should_negation" computerName="ARPAN-LAP" duration="00:00:00.0291903" startTime="2014-06-29T12:10:57.8006267+05:30" endTime="2014-06-29T12:10:57.8306284+05:30" testType="13cdc9d9-ddb5-4fa4-a97d-d965ccfc6d4b" outcome="Passed" testListId="8c84fa94-04c1-424b-9868-57a2d4851a1d" relativeResultsDirectory="e2c37182-24c8-4678-9db9-0f9270fb97e6" dataRowInfo="13" resultType="DataDrivenDataRow" />
        <UnitTestResult executionId="77c8f67d-2052-4e57-b4c9-9dd1431317bc" parentExecutionId="e2c37182-24c8-4678-9db9-0f9270fb97e6" testId="9319d01e-de3e-d310-c76e-cae8dce4c924" testName="all_persons_modal_should_negation" computerName="ARPAN-LAP" duration="00:00:00.0291944" startTime="2014-06-29T12:10:57.8306284+05:30" endTime="2014-06-29T12:10:57.8596301+05:30" testType="13cdc9d9-ddb5-4fa4-a97d-d965ccfc6d4b" outcome="Passed" testListId="8c84fa94-04c1-424b-9868-57a2d4851a1d" relativeResultsDirectory="e2c37182-24c8-4678-9db9-0f9270fb97e6" dataRowInfo="14" resultType="DataDrivenDataRow" />
        <UnitTestResult executionId="b385355f-f121-47d9-bb52-ceca5e469fcc" parentExecutionId="e2c37182-24c8-4678-9db9-0f9270fb97e6" testId="9319d01e-de3e-d310-c76e-cae8dce4c924" testName="all_persons_modal_should_negation" computerName="ARPAN-LAP" duration="00:00:00.0270417" startTime="2014-06-29T12:10:57.8596301+05:30" endTime="2014-06-29T12:10:57.8866316+05:30" testType="13cdc9d9-ddb5-4fa4-a97d-d965ccfc6d4b" outcome="Passed" testListId="8c84fa94-04c1-424b-9868-57a2d4851a1d" relativeResultsDirectory="e2c37182-24c8-4678-9db9-0f9270fb97e6" dataRowInfo="15" resultType="DataDrivenDataRow" />
        <UnitTestResult executionId="68062568-420c-4697-ab71-85823881a1e3" parentExecutionId="e2c37182-24c8-4678-9db9-0f9270fb97e6" testId="9319d01e-de3e-d310-c76e-cae8dce4c924" testName="all_persons_modal_should_negation" computerName="ARPAN-LAP" duration="00:00:00.0334659" startTime="2014-06-29T12:10:57.8866316+05:30" endTime="2014-06-29T12:10:57.9196335+05:30" testType="13cdc9d9-ddb5-4fa4-a97d-d965ccfc6d4b" outcome="Passed" testListId="8c84fa94-04c1-424b-9868-57a2d4851a1d" relativeResultsDirectory="e2c37182-24c8-4678-9db9-0f9270fb97e6" dataRowInfo="16" resultType="DataDrivenDataRow" />
      </InnerResults>
    </UnitTestResult>
    <UnitTestResult executionId="c49e0999-1235-4f84-ab10-045549aa8397" testId="97a1371f-e8e6-db3e-323e-49ffeef32df1" testName="interrogative_sentences_which" computerName="ARPAN-LAP" duration="00:00:00.0507016" startTime="2014-06-29T12:10:57.9786369+05:30" endTime="2014-06-29T12:10:58.0456407+05:30" testType="13cdc9d9-ddb5-4fa4-a97d-d965ccfc6d4b" outcome="Passed" testListId="8c84fa94-04c1-424b-9868-57a2d4851a1d" relativeResultsDirectory="c49e0999-1235-4f84-ab10-045549aa8397" resultType="DataDrivenTest">
      <Counters error="0" failed="0" timeout="0" aborted="0" inconclusive="0" passedButRunAborted="0" notRunnable="0" notExecuted="0" disconnected="0" warning="0" passed="2" completed="0" inProgress="0" pending="0" />
      <InnerResults>
        <UnitTestResult executionId="4bf52c57-cf8b-4f2d-88d6-5cbf50c615e2" parentExecutionId="c49e0999-1235-4f84-ab10-045549aa8397" testId="97a1371f-e8e6-db3e-323e-49ffeef32df1" testName="interrogative_sentences_which" computerName="ARPAN-LAP" duration="00:00:00.0232712" startTime="2014-06-29T12:10:57.9886375+05:30" endTime="2014-06-29T12:10:58.0116388+05:30" testType="13cdc9d9-ddb5-4fa4-a97d-d965ccfc6d4b" outcome="Passed" testListId="8c84fa94-04c1-424b-9868-57a2d4851a1d" relativeResultsDirectory="c49e0999-1235-4f84-ab10-045549aa8397" dataRowInfo="0" resultType="DataDrivenDataRow" />
        <UnitTestResult executionId="f8aa8450-2864-4118-9775-b71b06845858" parentExecutionId="c49e0999-1235-4f84-ab10-045549aa8397" testId="97a1371f-e8e6-db3e-323e-49ffeef32df1" testName="interrogative_sentences_which" computerName="ARPAN-LAP" duration="00:00:00.0254265" startTime="2014-06-29T12:10:58.0116388+05:30" endTime="2014-06-29T12:10:58.0376403+05:30" testType="13cdc9d9-ddb5-4fa4-a97d-d965ccfc6d4b" outcome="Passed" testListId="8c84fa94-04c1-424b-9868-57a2d4851a1d" relativeResultsDirectory="c49e0999-1235-4f84-ab10-045549aa8397" dataRowInfo="1" resultType="DataDrivenDataRow" />
      </InnerResults>
    </UnitTestResult>
    <UnitTestResult executionId="a30d6617-5900-4121-a80f-aafaeb9152dc" testId="b9261b51-b0a2-10e2-9308-22bb2624de8b" testName="interrogative_sentences_where" computerName="ARPAN-LAP" duration="00:00:00.0978195" startTime="2014-06-29T12:10:58.0496410+05:30" endTime="2014-06-29T12:10:58.1636475+05:30" testType="13cdc9d9-ddb5-4fa4-a97d-d965ccfc6d4b" outcome="Failed" testListId="8c84fa94-04c1-424b-9868-57a2d4851a1d" relativeResultsDirectory="a30d6617-5900-4121-a80f-aafaeb9152dc" resultType="DataDrivenTest">
      <Counters error="0" failed="1" timeout="0" aborted="0" inconclusive="0" passedButRunAborted="0" notRunnable="0" notExecuted="0" disconnected="0" warning="0" passed="2" completed="0" inProgress="0" pending="0" />
      <InnerResults>
        <UnitTestResult executionId="129b4945-29be-4563-962e-7db70e205d1a" parentExecutionId="a30d6617-5900-4121-a80f-aafaeb9152dc" testId="b9261b51-b0a2-10e2-9308-22bb2624de8b" testName="interrogative_sentences_where" computerName="ARPAN-LAP" duration="00:00:00.0259659" startTime="2014-06-29T12:10:58.0696421+05:30" endTime="2014-06-29T12:10:58.0956436+05:30" testType="13cdc9d9-ddb5-4fa4-a97d-d965ccfc6d4b" outcome="Failed" testListId="8c84fa94-04c1-424b-9868-57a2d4851a1d" relativeResultsDirectory="a30d6617-5900-4121-a80f-aafaeb9152dc" dataRowInfo="0" resultType="DataDrivenDataRow">
          <Output>
            <ErrorInfo>
              <Message>Assert.AreEqual failed. Expected:&lt;আপনি আজ কোথায় ?&gt;. Actual:&lt;আজ আপনি কোথায় ?&gt;. Where are you today?</Message>
              <StackTrace>   at UnitTest.BnlpTest.interrogative_sentences_where() in D:\software\Project\BNLP\UnitTest\BnlpTest.cs:line 310
</StackTrace>
            </ErrorInfo>
          </Output>
        </UnitTestResult>
        <UnitTestResult executionId="5e8c35ec-c8f1-4935-942d-7ad1b009b680" parentExecutionId="a30d6617-5900-4121-a80f-aafaeb9152dc" testId="b9261b51-b0a2-10e2-9308-22bb2624de8b" testName="interrogative_sentences_where" computerName="ARPAN-LAP" duration="00:00:00.0263847" startTime="2014-06-29T12:10:58.0956436+05:30" endTime="2014-06-29T12:10:58.1226451+05:30" testType="13cdc9d9-ddb5-4fa4-a97d-d965ccfc6d4b" outcome="Passed" testListId="8c84fa94-04c1-424b-9868-57a2d4851a1d" relativeResultsDirectory="a30d6617-5900-4121-a80f-aafaeb9152dc" dataRowInfo="1" resultType="DataDrivenDataRow" />
        <UnitTestResult executionId="db9bf274-6845-4e53-add8-20e7080babfe" parentExecutionId="a30d6617-5900-4121-a80f-aafaeb9152dc" testId="b9261b51-b0a2-10e2-9308-22bb2624de8b" testName="interrogative_sentences_where" computerName="ARPAN-LAP" duration="00:00:00.0292791" startTime="2014-06-29T12:10:58.1226451+05:30" endTime="2014-06-29T12:10:58.1516468+05:30" testType="13cdc9d9-ddb5-4fa4-a97d-d965ccfc6d4b" outcome="Passed" testListId="8c84fa94-04c1-424b-9868-57a2d4851a1d" relativeResultsDirectory="a30d6617-5900-4121-a80f-aafaeb9152dc" dataRowInfo="2" resultType="DataDrivenDataRow" />
      </InnerResults>
    </UnitTestResult>
    <UnitTestResult executionId="b92c9529-f568-410e-9821-3811fe354d91" testId="bdfe92b2-f4ac-73a5-f13d-5c1ea13721b4" testName="all_persons_tenses_passive_negation" computerName="ARPAN-LAP" duration="00:00:00.3479949" startTime="2014-06-29T12:10:58.1646475+05:30" endTime="2014-06-29T12:10:58.5486695+05:30" testType="13cdc9d9-ddb5-4fa4-a97d-d965ccfc6d4b" outcome="Passed" testListId="8c84fa94-04c1-424b-9868-57a2d4851a1d" relativeResultsDirectory="b92c9529-f568-410e-9821-3811fe354d91" resultType="DataDrivenTest">
      <Counters error="0" failed="0" timeout="0" aborted="0" inconclusive="0" passedButRunAborted="0" notRunnable="0" notExecuted="0" disconnected="0" warning="0" passed="10" completed="0" inProgress="0" pending="0" />
      <InnerResults>
        <UnitTestResult executionId="cd9f3d0f-b1dc-4893-97e3-56bc3e0bc24b" parentExecutionId="b92c9529-f568-410e-9821-3811fe354d91" testId="bdfe92b2-f4ac-73a5-f13d-5c1ea13721b4" testName="all_persons_tenses_passive_negation" computerName="ARPAN-LAP" duration="00:00:00.0245390" startTime="2014-06-29T12:10:58.1906490+05:30" endTime="2014-06-29T12:10:58.2156504+05:30" testType="13cdc9d9-ddb5-4fa4-a97d-d965ccfc6d4b" outcome="Passed" testListId="8c84fa94-04c1-424b-9868-57a2d4851a1d" relativeResultsDirectory="b92c9529-f568-410e-9821-3811fe354d91" dataRowInfo="0" resultType="DataDrivenDataRow" />
        <UnitTestResult executionId="49f58f10-dda2-40ca-969e-e1210ea90775" parentExecutionId="b92c9529-f568-410e-9821-3811fe354d91" testId="bdfe92b2-f4ac-73a5-f13d-5c1ea13721b4" testName="all_persons_tenses_passive_negation" computerName="ARPAN-LAP" duration="00:00:00.0375695" startTime="2014-06-29T12:10:58.2156504+05:30" endTime="2014-06-29T12:10:58.2526526+05:30" testType="13cdc9d9-ddb5-4fa4-a97d-d965ccfc6d4b" outcome="Passed" testListId="8c84fa94-04c1-424b-9868-57a2d4851a1d" relativeResultsDirectory="b92c9529-f568-410e-9821-3811fe354d91" dataRowInfo="1" resultType="DataDrivenDataRow" />
        <UnitTestResult executionId="03d2af5b-eb98-4efd-a3f3-e8786f5d7d1f" parentExecutionId="b92c9529-f568-410e-9821-3811fe354d91" testId="bdfe92b2-f4ac-73a5-f13d-5c1ea13721b4" testName="all_persons_tenses_passive_negation" computerName="ARPAN-LAP" duration="00:00:00.0416053" startTime="2014-06-29T12:10:58.2526526+05:30" endTime="2014-06-29T12:10:58.2946550+05:30" testType="13cdc9d9-ddb5-4fa4-a97d-d965ccfc6d4b" outcome="Passed" testListId="8c84fa94-04c1-424b-9868-57a2d4851a1d" relativeResultsDirectory="b92c9529-f568-410e-9821-3811fe354d91" dataRowInfo="2" resultType="DataDrivenDataRow" />
        <UnitTestResult executionId="dcdb2d7a-1523-46cf-b707-aed07eaab70d" parentExecutionId="b92c9529-f568-410e-9821-3811fe354d91" testId="bdfe92b2-f4ac-73a5-f13d-5c1ea13721b4" testName="all_persons_tenses_passive_negation" computerName="ARPAN-LAP" duration="00:00:00.0387182" startTime="2014-06-29T12:10:58.2946550+05:30" endTime="2014-06-29T12:10:58.3336572+05:30" testType="13cdc9d9-ddb5-4fa4-a97d-d965ccfc6d4b" outcome="Passed" testListId="8c84fa94-04c1-424b-9868-57a2d4851a1d" relativeResultsDirectory="b92c9529-f568-410e-9821-3811fe354d91" dataRowInfo="3" resultType="DataDrivenDataRow" />
        <UnitTestResult executionId="dce5cb09-c9eb-4623-82a8-c073ba6f6e70" parentExecutionId="b92c9529-f568-410e-9821-3811fe354d91" testId="bdfe92b2-f4ac-73a5-f13d-5c1ea13721b4" testName="all_persons_tenses_passive_negation" computerName="ARPAN-LAP" duration="00:00:00.0235977" startTime="2014-06-29T12:10:58.3336572+05:30" endTime="2014-06-29T12:10:58.3566585+05:30" testType="13cdc9d9-ddb5-4fa4-a97d-d965ccfc6d4b" outcome="Passed" testListId="8c84fa94-04c1-424b-9868-57a2d4851a1d" relativeResultsDirectory="b92c9529-f568-410e-9821-3811fe354d91" dataRowInfo="4" resultType="DataDrivenDataRow" />
        <UnitTestResult executionId="5b515ca3-c0e0-40bc-866b-2f263f9c6839" parentExecutionId="b92c9529-f568-410e-9821-3811fe354d91" testId="bdfe92b2-f4ac-73a5-f13d-5c1ea13721b4" testName="all_persons_tenses_passive_negation" computerName="ARPAN-LAP" duration="00:00:00.0292139" startTime="2014-06-29T12:10:58.3566585+05:30" endTime="2014-06-29T12:10:58.3866602+05:30" testType="13cdc9d9-ddb5-4fa4-a97d-d965ccfc6d4b" outcome="Passed" testListId="8c84fa94-04c1-424b-9868-57a2d4851a1d" relativeResultsDirectory="b92c9529-f568-410e-9821-3811fe354d91" dataRowInfo="5" resultType="DataDrivenDataRow" />
        <UnitTestResult executionId="3094430a-e60b-4da4-a6ff-985b38c295b9" parentExecutionId="b92c9529-f568-410e-9821-3811fe354d91" testId="bdfe92b2-f4ac-73a5-f13d-5c1ea13721b4" testName="all_persons_tenses_passive_negation" computerName="ARPAN-LAP" duration="00:00:00.0308158" startTime="2014-06-29T12:10:58.3866602+05:30" endTime="2014-06-29T12:10:58.4176620+05:30" testType="13cdc9d9-ddb5-4fa4-a97d-d965ccfc6d4b" outcome="Passed" testListId="8c84fa94-04c1-424b-9868-57a2d4851a1d" relativeResultsDirectory="b92c9529-f568-410e-9821-3811fe354d91" dataRowInfo="6" resultType="DataDrivenDataRow" />
        <UnitTestResult executionId="102873e0-854b-4660-a307-f7bb988ddec7" parentExecutionId="b92c9529-f568-410e-9821-3811fe354d91" testId="bdfe92b2-f4ac-73a5-f13d-5c1ea13721b4" testName="all_persons_tenses_passive_negation" computerName="ARPAN-LAP" duration="00:00:00.0346392" startTime="2014-06-29T12:10:58.4176620+05:30" endTime="2014-06-29T12:10:58.4516639+05:30" testType="13cdc9d9-ddb5-4fa4-a97d-d965ccfc6d4b" outcome="Passed" testListId="8c84fa94-04c1-424b-9868-57a2d4851a1d" relativeResultsDirectory="b92c9529-f568-410e-9821-3811fe354d91" dataRowInfo="7" resultType="DataDrivenDataRow" />
        <UnitTestResult executionId="65bf2b64-ed0e-4e3c-a6f6-7825a50001f7" parentExecutionId="b92c9529-f568-410e-9821-3811fe354d91" testId="bdfe92b2-f4ac-73a5-f13d-5c1ea13721b4" testName="all_persons_tenses_passive_negation" computerName="ARPAN-LAP" duration="00:00:00.0321134" startTime="2014-06-29T12:10:58.4516639+05:30" endTime="2014-06-29T12:10:58.4836658+05:30" testType="13cdc9d9-ddb5-4fa4-a97d-d965ccfc6d4b" outcome="Passed" testListId="8c84fa94-04c1-424b-9868-57a2d4851a1d" relativeResultsDirectory="b92c9529-f568-410e-9821-3811fe354d91" dataRowInfo="8" resultType="DataDrivenDataRow" />
        <UnitTestResult executionId="2179e35a-5a3f-4c33-9148-4743e907b196" parentExecutionId="b92c9529-f568-410e-9821-3811fe354d91" testId="bdfe92b2-f4ac-73a5-f13d-5c1ea13721b4" testName="all_persons_tenses_passive_negation" computerName="ARPAN-LAP" duration="00:00:00.0342542" startTime="2014-06-29T12:10:58.4836658+05:30" endTime="2014-06-29T12:10:58.5186678+05:30" testType="13cdc9d9-ddb5-4fa4-a97d-d965ccfc6d4b" outcome="Passed" testListId="8c84fa94-04c1-424b-9868-57a2d4851a1d" relativeResultsDirectory="b92c9529-f568-410e-9821-3811fe354d91" dataRowInfo="9" resultType="DataDrivenDataRow" />
      </InnerResults>
    </UnitTestResult>
    <UnitTestResult executionId="0d697187-e27d-47d1-940a-f1918855941d" testId="c79146bc-2376-961a-5de9-441b5dfc7188" testName="auxiliary_verbs_as_main_verbs" computerName="ARPAN-LAP" duration="00:00:00.8042304" startTime="2014-06-29T12:10:58.5536698+05:30" endTime="2014-06-29T12:10:59.4297199+05:30" testType="13cdc9d9-ddb5-4fa4-a97d-d965ccfc6d4b" outcome="Passed" testListId="8c84fa94-04c1-424b-9868-57a2d4851a1d" relativeResultsDirectory="0d697187-e27d-47d1-940a-f1918855941d" resultType="DataDrivenTest">
      <Counters error="0" failed="0" timeout="0" aborted="0" inconclusive="0" passedButRunAborted="0" notRunnable="0" notExecuted="0" disconnected="0" warning="0" passed="25" completed="0" inProgress="0" pending="0" />
      <InnerResults>
        <UnitTestResult executionId="7e89be99-b523-4672-8408-47a80cdc6228" parentExecutionId="0d697187-e27d-47d1-940a-f1918855941d" testId="c79146bc-2376-961a-5de9-441b5dfc7188" testName="auxiliary_verbs_as_main_verbs" computerName="ARPAN-LAP" duration="00:00:00.0561063" startTime="2014-06-29T12:10:58.6476752+05:30" endTime="2014-06-29T12:10:58.7036784+05:30" testType="13cdc9d9-ddb5-4fa4-a97d-d965ccfc6d4b" outcome="Passed" testListId="8c84fa94-04c1-424b-9868-57a2d4851a1d" relativeResultsDirectory="0d697187-e27d-47d1-940a-f1918855941d" dataRowInfo="0" resultType="DataDrivenDataRow" />
        <UnitTestResult executionId="3a4bf41a-f8b0-42e3-80e4-4405c40d7943" parentExecutionId="0d697187-e27d-47d1-940a-f1918855941d" testId="c79146bc-2376-961a-5de9-441b5dfc7188" testName="auxiliary_verbs_as_main_verbs" computerName="ARPAN-LAP" duration="00:00:00.0308297" startTime="2014-06-29T12:10:58.7036784+05:30" endTime="2014-06-29T12:10:58.7346801+05:30" testType="13cdc9d9-ddb5-4fa4-a97d-d965ccfc6d4b" outcome="Passed" testListId="8c84fa94-04c1-424b-9868-57a2d4851a1d" relativeResultsDirectory="0d697187-e27d-47d1-940a-f1918855941d" dataRowInfo="1" resultType="DataDrivenDataRow" />
        <UnitTestResult executionId="c7deb00e-6882-4d6c-95a4-296aa656fb85" parentExecutionId="0d697187-e27d-47d1-940a-f1918855941d" testId="c79146bc-2376-961a-5de9-441b5dfc7188" testName="auxiliary_verbs_as_main_verbs" computerName="ARPAN-LAP" duration="00:00:00.0345797" startTime="2014-06-29T12:10:58.7346801+05:30" endTime="2014-06-29T12:10:58.7686821+05:30" testType="13cdc9d9-ddb5-4fa4-a97d-d965ccfc6d4b" outcome="Passed" testListId="8c84fa94-04c1-424b-9868-57a2d4851a1d" relativeResultsDirectory="0d697187-e27d-47d1-940a-f1918855941d" dataRowInfo="2" resultType="DataDrivenDataRow" />
        <UnitTestResult executionId="17a57695-bd9e-4378-a6f1-bd73b40b6914" parentExecutionId="0d697187-e27d-47d1-940a-f1918855941d" testId="c79146bc-2376-961a-5de9-441b5dfc7188" testName="auxiliary_verbs_as_main_verbs" computerName="ARPAN-LAP" duration="00:00:00.0359942" startTime="2014-06-29T12:10:58.7686821+05:30" endTime="2014-06-29T12:10:58.8046841+05:30" testType="13cdc9d9-ddb5-4fa4-a97d-d965ccfc6d4b" outcome="Passed" testListId="8c84fa94-04c1-424b-9868-57a2d4851a1d" relativeResultsDirectory="0d697187-e27d-47d1-940a-f1918855941d" dataRowInfo="3" resultType="DataDrivenDataRow" />
        <UnitTestResult executionId="5f90899f-f5f2-431e-9f43-d1032ed5c629" parentExecutionId="0d697187-e27d-47d1-940a-f1918855941d" testId="c79146bc-2376-961a-5de9-441b5dfc7188" testName="auxiliary_verbs_as_main_verbs" computerName="ARPAN-LAP" duration="00:00:00.0442040" startTime="2014-06-29T12:10:58.8046841+05:30" endTime="2014-06-29T12:10:58.8486867+05:30" testType="13cdc9d9-ddb5-4fa4-a97d-d965ccfc6d4b" outcome="Passed" testListId="8c84fa94-04c1-424b-9868-57a2d4851a1d" relativeResultsDirectory="0d697187-e27d-47d1-940a-f1918855941d" dataRowInfo="4" resultType="DataDrivenDataRow" />
        <UnitTestResult executionId="d8bfe08c-c266-4cf8-8056-25471d149f80" parentExecutionId="0d697187-e27d-47d1-940a-f1918855941d" testId="c79146bc-2376-961a-5de9-441b5dfc7188" testName="auxiliary_verbs_as_main_verbs" computerName="ARPAN-LAP" duration="00:00:00.0373062" startTime="2014-06-29T12:10:58.8496867+05:30" endTime="2014-06-29T12:10:58.8866888+05:30" testType="13cdc9d9-ddb5-4fa4-a97d-d965ccfc6d4b" outcome="Passed" testListId="8c84fa94-04c1-424b-9868-57a2d4851a1d" relativeResultsDirectory="0d697187-e27d-47d1-940a-f1918855941d" dataRowInfo="5" resultType="DataDrivenDataRow" />
        <UnitTestResult executionId="ad4b8eb5-1219-4056-9a9b-05d18cdd50be" parentExecutionId="0d697187-e27d-47d1-940a-f1918855941d" testId="c79146bc-2376-961a-5de9-441b5dfc7188" testName="auxiliary_verbs_as_main_verbs" computerName="ARPAN-LAP" duration="00:00:00.0295711" startTime="2014-06-29T12:10:58.8866888+05:30" endTime="2014-06-29T12:10:58.9156905+05:30" testType="13cdc9d9-ddb5-4fa4-a97d-d965ccfc6d4b" outcome="Passed" testListId="8c84fa94-04c1-424b-9868-57a2d4851a1d" relativeResultsDirectory="0d697187-e27d-47d1-940a-f1918855941d" dataRowInfo="6" resultType="DataDrivenDataRow" />
        <UnitTestResult executionId="b2d0a9e8-ec3d-47c8-8962-3af7ac6cab96" parentExecutionId="0d697187-e27d-47d1-940a-f1918855941d" testId="c79146bc-2376-961a-5de9-441b5dfc7188" testName="auxiliary_verbs_as_main_verbs" computerName="ARPAN-LAP" duration="00:00:00.0322869" startTime="2014-06-29T12:10:58.9166905+05:30" endTime="2014-06-29T12:10:58.9486924+05:30" testType="13cdc9d9-ddb5-4fa4-a97d-d965ccfc6d4b" outcome="Passed" testListId="8c84fa94-04c1-424b-9868-57a2d4851a1d" relativeResultsDirectory="0d697187-e27d-47d1-940a-f1918855941d" dataRowInfo="7" resultType="DataDrivenDataRow" />
        <UnitTestResult executionId="fdbd6f40-46b0-4b42-9777-11724c84b99e" parentExecutionId="0d697187-e27d-47d1-940a-f1918855941d" testId="c79146bc-2376-961a-5de9-441b5dfc7188" testName="auxiliary_verbs_as_main_verbs" computerName="ARPAN-LAP" duration="00:00:00.0466021" startTime="2014-06-29T12:10:58.9486924+05:30" endTime="2014-06-29T12:10:58.9946950+05:30" testType="13cdc9d9-ddb5-4fa4-a97d-d965ccfc6d4b" outcome="Passed" testListId="8c84fa94-04c1-424b-9868-57a2d4851a1d" relativeResultsDirectory="0d697187-e27d-47d1-940a-f1918855941d" dataRowInfo="8" resultType="DataDrivenDataRow" />
        <UnitTestResult executionId="95128ce0-6643-4e25-9233-658c16a66f4c" parentExecutionId="0d697187-e27d-47d1-940a-f1918855941d" testId="c79146bc-2376-961a-5de9-441b5dfc7188" testName="auxiliary_verbs_as_main_verbs" computerName="ARPAN-LAP" duration="00:00:00.0198328" startTime="2014-06-29T12:10:58.9946950+05:30" endTime="2014-06-29T12:10:59.0146961+05:30" testType="13cdc9d9-ddb5-4fa4-a97d-d965ccfc6d4b" outcome="Passed" testListId="8c84fa94-04c1-424b-9868-57a2d4851a1d" relativeResultsDirectory="0d697187-e27d-47d1-940a-f1918855941d" dataRowInfo="9" resultType="DataDrivenDataRow" />
        <UnitTestResult executionId="311193aa-3d30-4ab7-ae07-c7153dae0d56" parentExecutionId="0d697187-e27d-47d1-940a-f1918855941d" testId="c79146bc-2376-961a-5de9-441b5dfc7188" testName="auxiliary_verbs_as_main_verbs" computerName="ARPAN-LAP" duration="00:00:00.0191178" startTime="2014-06-29T12:10:59.0146961+05:30" endTime="2014-06-29T12:10:59.0346973+05:30" testType="13cdc9d9-ddb5-4fa4-a97d-d965ccfc6d4b" outcome="Passed" testListId="8c84fa94-04c1-424b-9868-57a2d4851a1d" relativeResultsDirectory="0d697187-e27d-47d1-940a-f1918855941d" dataRowInfo="10" resultType="DataDrivenDataRow" />
        <UnitTestResult executionId="b8a476f6-c080-405e-bc60-078a8697a01a" parentExecutionId="0d697187-e27d-47d1-940a-f1918855941d" testId="c79146bc-2376-961a-5de9-441b5dfc7188" testName="auxiliary_verbs_as_main_verbs" computerName="ARPAN-LAP" duration="00:00:00.0251134" startTime="2014-06-29T12:10:59.0346973+05:30" endTime="2014-06-29T12:10:59.0596987+05:30" testType="13cdc9d9-ddb5-4fa4-a97d-d965ccfc6d4b" outcome="Passed" testListId="8c84fa94-04c1-424b-9868-57a2d4851a1d" relativeResultsDirectory="0d697187-e27d-47d1-940a-f1918855941d" dataRowInfo="11" resultType="DataDrivenDataRow" />
        <UnitTestResult executionId="cca16b5c-de35-4481-9c38-684c03dfc9b3" parentExecutionId="0d697187-e27d-47d1-940a-f1918855941d" testId="c79146bc-2376-961a-5de9-441b5dfc7188" testName="auxiliary_verbs_as_main_verbs" computerName="ARPAN-LAP" duration="00:00:00.0282382" startTime="2014-06-29T12:10:59.0596987+05:30" endTime="2014-06-29T12:10:59.0877003+05:30" testType="13cdc9d9-ddb5-4fa4-a97d-d965ccfc6d4b" outcome="Passed" testListId="8c84fa94-04c1-424b-9868-57a2d4851a1d" relativeResultsDirectory="0d697187-e27d-47d1-940a-f1918855941d" dataRowInfo="12" resultType="DataDrivenDataRow" />
        <UnitTestResult executionId="9aedd04c-1862-42cc-9a18-e7e0f090b02a" parentExecutionId="0d697187-e27d-47d1-940a-f1918855941d" testId="c79146bc-2376-961a-5de9-441b5dfc7188" testName="auxiliary_verbs_as_main_verbs" computerName="ARPAN-LAP" duration="00:00:00.0260752" startTime="2014-06-29T12:10:59.0877003+05:30" endTime="2014-06-29T12:10:59.1137018+05:30" testType="13cdc9d9-ddb5-4fa4-a97d-d965ccfc6d4b" outcome="Passed" testListId="8c84fa94-04c1-424b-9868-57a2d4851a1d" relativeResultsDirectory="0d697187-e27d-47d1-940a-f1918855941d" dataRowInfo="13" resultType="DataDrivenDataRow" />
        <UnitTestResult executionId="599d7d39-72ce-4e3b-b575-6ac1f31f9a53" parentExecutionId="0d697187-e27d-47d1-940a-f1918855941d" testId="c79146bc-2376-961a-5de9-441b5dfc7188" testName="auxiliary_verbs_as_main_verbs" computerName="ARPAN-LAP" duration="00:00:00.0217052" startTime="2014-06-29T12:10:59.1137018+05:30" endTime="2014-06-29T12:10:59.1357031+05:30" testType="13cdc9d9-ddb5-4fa4-a97d-d965ccfc6d4b" outcome="Passed" testListId="8c84fa94-04c1-424b-9868-57a2d4851a1d" relativeResultsDirectory="0d697187-e27d-47d1-940a-f1918855941d" dataRowInfo="14" resultType="DataDrivenDataRow" />
        <UnitTestResult executionId="50fdae50-0cc0-4108-9e8e-5727cd5fc08d" parentExecutionId="0d697187-e27d-47d1-940a-f1918855941d" testId="c79146bc-2376-961a-5de9-441b5dfc7188" testName="auxiliary_verbs_as_main_verbs" computerName="ARPAN-LAP" duration="00:00:00.0188222" startTime="2014-06-29T12:10:59.1357031+05:30" endTime="2014-06-29T12:10:59.1547042+05:30" testType="13cdc9d9-ddb5-4fa4-a97d-d965ccfc6d4b" outcome="Passed" testListId="8c84fa94-04c1-424b-9868-57a2d4851a1d" relativeResultsDirectory="0d697187-e27d-47d1-940a-f1918855941d" dataRowInfo="15" resultType="DataDrivenDataRow" />
        <UnitTestResult executionId="5e2bba60-3545-408a-9753-18929e470137" parentExecutionId="0d697187-e27d-47d1-940a-f1918855941d" testId="c79146bc-2376-961a-5de9-441b5dfc7188" testName="auxiliary_verbs_as_main_verbs" computerName="ARPAN-LAP" duration="00:00:00.0262072" startTime="2014-06-29T12:10:59.1547042+05:30" endTime="2014-06-29T12:10:59.1807056+05:30" testType="13cdc9d9-ddb5-4fa4-a97d-d965ccfc6d4b" outcome="Passed" testListId="8c84fa94-04c1-424b-9868-57a2d4851a1d" relativeResultsDirectory="0d697187-e27d-47d1-940a-f1918855941d" dataRowInfo="16" resultType="DataDrivenDataRow" />
        <UnitTestResult executionId="7ba25aba-4316-4545-83d8-5ec71029aea2" parentExecutionId="0d697187-e27d-47d1-940a-f1918855941d" testId="c79146bc-2376-961a-5de9-441b5dfc7188" testName="auxiliary_verbs_as_main_verbs" computerName="ARPAN-LAP" duration="00:00:00.0195967" startTime="2014-06-29T12:10:59.1807056+05:30" endTime="2014-06-29T12:10:59.2007068+05:30" testType="13cdc9d9-ddb5-4fa4-a97d-d965ccfc6d4b" outcome="Passed" testListId="8c84fa94-04c1-424b-9868-57a2d4851a1d" relativeResultsDirectory="0d697187-e27d-47d1-940a-f1918855941d" dataRowInfo="17" resultType="DataDrivenDataRow" />
        <UnitTestResult executionId="a2517ea7-add4-45d9-b4b1-4d240c31221f" parentExecutionId="0d697187-e27d-47d1-940a-f1918855941d" testId="c79146bc-2376-961a-5de9-441b5dfc7188" testName="auxiliary_verbs_as_main_verbs" computerName="ARPAN-LAP" duration="00:00:00.0190870" startTime="2014-06-29T12:10:59.2007068+05:30" endTime="2014-06-29T12:10:59.2197079+05:30" testType="13cdc9d9-ddb5-4fa4-a97d-d965ccfc6d4b" outcome="Passed" testListId="8c84fa94-04c1-424b-9868-57a2d4851a1d" relativeResultsDirectory="0d697187-e27d-47d1-940a-f1918855941d" dataRowInfo="18" resultType="DataDrivenDataRow" />
        <UnitTestResult executionId="027742c0-56a7-4dd9-9569-8977dbb46271" parentExecutionId="0d697187-e27d-47d1-940a-f1918855941d" testId="c79146bc-2376-961a-5de9-441b5dfc7188" testName="auxiliary_verbs_as_main_verbs" computerName="ARPAN-LAP" duration="00:00:00.0259161" startTime="2014-06-29T12:10:59.2197079+05:30" endTime="2014-06-29T12:10:59.2457094+05:30" testType="13cdc9d9-ddb5-4fa4-a97d-d965ccfc6d4b" outcome="Passed" testListId="8c84fa94-04c1-424b-9868-57a2d4851a1d" relativeResultsDirectory="0d697187-e27d-47d1-940a-f1918855941d" dataRowInfo="19" resultType="DataDrivenDataRow" />
        <UnitTestResult executionId="36c9c4b7-5541-405b-87fe-ff1bba390b98" parentExecutionId="0d697187-e27d-47d1-940a-f1918855941d" testId="c79146bc-2376-961a-5de9-441b5dfc7188" testName="auxiliary_verbs_as_main_verbs" computerName="ARPAN-LAP" duration="00:00:00.0251524" startTime="2014-06-29T12:10:59.2457094+05:30" endTime="2014-06-29T12:10:59.2707108+05:30" testType="13cdc9d9-ddb5-4fa4-a97d-d965ccfc6d4b" outcome="Passed" testListId="8c84fa94-04c1-424b-9868-57a2d4851a1d" relativeResultsDirectory="0d697187-e27d-47d1-940a-f1918855941d" dataRowInfo="20" resultType="DataDrivenDataRow" />
        <UnitTestResult executionId="bc0ce40c-97fa-4beb-8c33-f179019d34cd" parentExecutionId="0d697187-e27d-47d1-940a-f1918855941d" testId="c79146bc-2376-961a-5de9-441b5dfc7188" testName="auxiliary_verbs_as_main_verbs" computerName="ARPAN-LAP" duration="00:00:00.0275437" startTime="2014-06-29T12:10:59.2707108+05:30" endTime="2014-06-29T12:10:59.2977123+05:30" testType="13cdc9d9-ddb5-4fa4-a97d-d965ccfc6d4b" outcome="Passed" testListId="8c84fa94-04c1-424b-9868-57a2d4851a1d" relativeResultsDirectory="0d697187-e27d-47d1-940a-f1918855941d" dataRowInfo="21" resultType="DataDrivenDataRow" />
        <UnitTestResult executionId="7227400c-38d4-4877-b99f-0c90e1eaa90d" parentExecutionId="0d697187-e27d-47d1-940a-f1918855941d" testId="c79146bc-2376-961a-5de9-441b5dfc7188" testName="auxiliary_verbs_as_main_verbs" computerName="ARPAN-LAP" duration="00:00:00.0166634" startTime="2014-06-29T12:10:59.2987124+05:30" endTime="2014-06-29T12:10:59.3147133+05:30" testType="13cdc9d9-ddb5-4fa4-a97d-d965ccfc6d4b" outcome="Passed" testListId="8c84fa94-04c1-424b-9868-57a2d4851a1d" relativeResultsDirectory="0d697187-e27d-47d1-940a-f1918855941d" dataRowInfo="22" resultType="DataDrivenDataRow" />
        <UnitTestResult executionId="644dc513-3d94-4a1e-8d10-fe9592cb2c61" parentExecutionId="0d697187-e27d-47d1-940a-f1918855941d" testId="c79146bc-2376-961a-5de9-441b5dfc7188" testName="auxiliary_verbs_as_main_verbs" computerName="ARPAN-LAP" duration="00:00:00.0191697" startTime="2014-06-29T12:10:59.3147133+05:30" endTime="2014-06-29T12:10:59.3337144+05:30" testType="13cdc9d9-ddb5-4fa4-a97d-d965ccfc6d4b" outcome="Passed" testListId="8c84fa94-04c1-424b-9868-57a2d4851a1d" relativeResultsDirectory="0d697187-e27d-47d1-940a-f1918855941d" dataRowInfo="23" resultType="DataDrivenDataRow" />
        <UnitTestResult executionId="7db3b2aa-d064-4f55-b126-ed60169af995" parentExecutionId="0d697187-e27d-47d1-940a-f1918855941d" testId="c79146bc-2376-961a-5de9-441b5dfc7188" testName="auxiliary_verbs_as_main_verbs" computerName="ARPAN-LAP" duration="00:00:00.0264684" startTime="2014-06-29T12:10:59.3337144+05:30" endTime="2014-06-29T12:10:59.3607159+05:30" testType="13cdc9d9-ddb5-4fa4-a97d-d965ccfc6d4b" outcome="Passed" testListId="8c84fa94-04c1-424b-9868-57a2d4851a1d" relativeResultsDirectory="0d697187-e27d-47d1-940a-f1918855941d" dataRowInfo="24" resultType="DataDrivenDataRow" />
      </InnerResults>
    </UnitTestResult>
    <UnitTestResult executionId="284ef403-5aba-40d0-a47b-3b8e5a9f9948" testId="d03eb628-bf1f-c27d-aeef-e708d613d686" testName="all_persons_modal_can_may_negation" computerName="ARPAN-LAP" duration="00:00:00.6761966" startTime="2014-06-29T12:10:59.4417206+05:30" endTime="2014-06-29T12:11:00.1987639+05:30" testType="13cdc9d9-ddb5-4fa4-a97d-d965ccfc6d4b" outcome="Passed" testListId="8c84fa94-04c1-424b-9868-57a2d4851a1d" relativeResultsDirectory="284ef403-5aba-40d0-a47b-3b8e5a9f9948" resultType="DataDrivenTest">
      <Counters error="0" failed="0" timeout="0" aborted="0" inconclusive="0" passedButRunAborted="0" notRunnable="0" notExecuted="0" disconnected="0" warning="0" passed="24" completed="0" inProgress="0" pending="0" />
      <InnerResults>
        <UnitTestResult executionId="727f9662-6a4d-4336-be39-54a0126aa2fd" parentExecutionId="284ef403-5aba-40d0-a47b-3b8e5a9f9948" testId="d03eb628-bf1f-c27d-aeef-e708d613d686" testName="all_persons_modal_can_may_negation" computerName="ARPAN-LAP" duration="00:00:00.0265649" startTime="2014-06-29T12:10:59.4977238+05:30" endTime="2014-06-29T12:10:59.5237253+05:30" testType="13cdc9d9-ddb5-4fa4-a97d-d965ccfc6d4b" outcome="Passed" testListId="8c84fa94-04c1-424b-9868-57a2d4851a1d" relativeResultsDirectory="284ef403-5aba-40d0-a47b-3b8e5a9f9948" dataRowInfo="0" resultType="DataDrivenDataRow" />
        <UnitTestResult executionId="4d2b173e-847f-44ed-9cea-a4c89b04c9e6" parentExecutionId="284ef403-5aba-40d0-a47b-3b8e5a9f9948" testId="d03eb628-bf1f-c27d-aeef-e708d613d686" testName="all_persons_modal_can_may_negation" computerName="ARPAN-LAP" duration="00:00:00.0244240" startTime="2014-06-29T12:10:59.5237253+05:30" endTime="2014-06-29T12:10:59.5487267+05:30" testType="13cdc9d9-ddb5-4fa4-a97d-d965ccfc6d4b" outcome="Passed" testListId="8c84fa94-04c1-424b-9868-57a2d4851a1d" relativeResultsDirectory="284ef403-5aba-40d0-a47b-3b8e5a9f9948" dataRowInfo="1" resultType="DataDrivenDataRow" />
        <UnitTestResult executionId="20ba362f-04f4-46a6-b65d-9c6d1bc73ffe" parentExecutionId="284ef403-5aba-40d0-a47b-3b8e5a9f9948" testId="d03eb628-bf1f-c27d-aeef-e708d613d686" testName="all_persons_modal_can_may_negation" computerName="ARPAN-LAP" duration="00:00:00.0267902" startTime="2014-06-29T12:10:59.5487267+05:30" endTime="2014-06-29T12:10:59.5757282+05:30" testType="13cdc9d9-ddb5-4fa4-a97d-d965ccfc6d4b" outcome="Passed" testListId="8c84fa94-04c1-424b-9868-57a2d4851a1d" relativeResultsDirectory="284ef403-5aba-40d0-a47b-3b8e5a9f9948" dataRowInfo="2" resultType="DataDrivenDataRow" />
        <UnitTestResult executionId="559270b1-634b-4ee7-b891-425829112dbb" parentExecutionId="284ef403-5aba-40d0-a47b-3b8e5a9f9948" testId="d03eb628-bf1f-c27d-aeef-e708d613d686" testName="all_persons_modal_can_may_negation" computerName="ARPAN-LAP" duration="00:00:00.0235679" startTime="2014-06-29T12:10:59.5757282+05:30" endTime="2014-06-29T12:10:59.5987296+05:30" testType="13cdc9d9-ddb5-4fa4-a97d-d965ccfc6d4b" outcome="Passed" testListId="8c84fa94-04c1-424b-9868-57a2d4851a1d" relativeResultsDirectory="284ef403-5aba-40d0-a47b-3b8e5a9f9948" dataRowInfo="3" resultType="DataDrivenDataRow" />
        <UnitTestResult executionId="0e44d15a-6435-4e98-8a2c-1736cd53f6da" parentExecutionId="284ef403-5aba-40d0-a47b-3b8e5a9f9948" testId="d03eb628-bf1f-c27d-aeef-e708d613d686" testName="all_persons_modal_can_may_negation" computerName="ARPAN-LAP" duration="00:00:00.0309046" startTime="2014-06-29T12:10:59.5987296+05:30" endTime="2014-06-29T12:10:59.6297313+05:30" testType="13cdc9d9-ddb5-4fa4-a97d-d965ccfc6d4b" outcome="Passed" testListId="8c84fa94-04c1-424b-9868-57a2d4851a1d" relativeResultsDirectory="284ef403-5aba-40d0-a47b-3b8e5a9f9948" dataRowInfo="4" resultType="DataDrivenDataRow" />
        <UnitTestResult executionId="25482ea7-874a-4fe6-871d-ee140741ee46" parentExecutionId="284ef403-5aba-40d0-a47b-3b8e5a9f9948" testId="d03eb628-bf1f-c27d-aeef-e708d613d686" testName="all_persons_modal_can_may_negation" computerName="ARPAN-LAP" duration="00:00:00.0311428" startTime="2014-06-29T12:10:59.6297313+05:30" endTime="2014-06-29T12:10:59.6607331+05:30" testType="13cdc9d9-ddb5-4fa4-a97d-d965ccfc6d4b" outcome="Passed" testListId="8c84fa94-04c1-424b-9868-57a2d4851a1d" relativeResultsDirectory="284ef403-5aba-40d0-a47b-3b8e5a9f9948" dataRowInfo="5" resultType="DataDrivenDataRow" />
        <UnitTestResult executionId="c09c640d-1daa-4f04-9542-6bd47369b0bf" parentExecutionId="284ef403-5aba-40d0-a47b-3b8e5a9f9948" testId="d03eb628-bf1f-c27d-aeef-e708d613d686" testName="all_persons_modal_can_may_negation" computerName="ARPAN-LAP" duration="00:00:00.0330445" startTime="2014-06-29T12:10:59.6607331+05:30" endTime="2014-06-29T12:10:59.6937350+05:30" testType="13cdc9d9-ddb5-4fa4-a97d-d965ccfc6d4b" outcome="Passed" testListId="8c84fa94-04c1-424b-9868-57a2d4851a1d" relativeResultsDirectory="284ef403-5aba-40d0-a47b-3b8e5a9f9948" dataRowInfo="6" resultType="DataDrivenDataRow" />
        <UnitTestResult executionId="533e0b9b-ea9f-496c-b251-a3b5a7a3720d" parentExecutionId="284ef403-5aba-40d0-a47b-3b8e5a9f9948" testId="d03eb628-bf1f-c27d-aeef-e708d613d686" testName="all_persons_modal_can_may_negation" computerName="ARPAN-LAP" duration="00:00:00.0454220" startTime="2014-06-29T12:10:59.6937350+05:30" endTime="2014-06-29T12:10:59.7397376+05:30" testType="13cdc9d9-ddb5-4fa4-a97d-d965ccfc6d4b" outcome="Passed" testListId="8c84fa94-04c1-424b-9868-57a2d4851a1d" relativeResultsDirectory="284ef403-5aba-40d0-a47b-3b8e5a9f9948" dataRowInfo="7" resultType="DataDrivenDataRow" />
        <UnitTestResult executionId="6e5637e9-1ca0-4a83-94aa-3e0c2e4480d4" parentExecutionId="284ef403-5aba-40d0-a47b-3b8e5a9f9948" testId="d03eb628-bf1f-c27d-aeef-e708d613d686" testName="all_persons_modal_can_may_negation" computerName="ARPAN-LAP" duration="00:00:00.0283393" startTime="2014-06-29T12:10:59.7397376+05:30" endTime="2014-06-29T12:10:59.7677392+05:30" testType="13cdc9d9-ddb5-4fa4-a97d-d965ccfc6d4b" outcome="Passed" testListId="8c84fa94-04c1-424b-9868-57a2d4851a1d" relativeResultsDirectory="284ef403-5aba-40d0-a47b-3b8e5a9f9948" dataRowInfo="8" resultType="DataDrivenDataRow" />
        <UnitTestResult executionId="c19ae8c1-c1b7-478c-a80a-8db207eee769" parentExecutionId="284ef403-5aba-40d0-a47b-3b8e5a9f9948" testId="d03eb628-bf1f-c27d-aeef-e708d613d686" testName="all_persons_modal_can_may_negation" computerName="ARPAN-LAP" duration="00:00:00.0212638" startTime="2014-06-29T12:10:59.7677392+05:30" endTime="2014-06-29T12:10:59.7897405+05:30" testType="13cdc9d9-ddb5-4fa4-a97d-d965ccfc6d4b" outcome="Passed" testListId="8c84fa94-04c1-424b-9868-57a2d4851a1d" relativeResultsDirectory="284ef403-5aba-40d0-a47b-3b8e5a9f9948" dataRowInfo="9" resultType="DataDrivenDataRow" />
        <UnitTestResult executionId="3a088d23-f90c-41a3-aaf3-6f6b4e8f7eea" parentExecutionId="284ef403-5aba-40d0-a47b-3b8e5a9f9948" testId="d03eb628-bf1f-c27d-aeef-e708d613d686" testName="all_persons_modal_can_may_negation" computerName="ARPAN-LAP" duration="00:00:00.0224069" startTime="2014-06-29T12:10:59.7897405+05:30" endTime="2014-06-29T12:10:59.8117417+05:30" testType="13cdc9d9-ddb5-4fa4-a97d-d965ccfc6d4b" outcome="Passed" testListId="8c84fa94-04c1-424b-9868-57a2d4851a1d" relativeResultsDirectory="284ef403-5aba-40d0-a47b-3b8e5a9f9948" dataRowInfo="10" resultType="DataDrivenDataRow" />
        <UnitTestResult executionId="73e3c1de-ab76-42db-a573-d69ab7b0b4a9" parentExecutionId="284ef403-5aba-40d0-a47b-3b8e5a9f9948" testId="d03eb628-bf1f-c27d-aeef-e708d613d686" testName="all_persons_modal_can_may_negation" computerName="ARPAN-LAP" duration="00:00:00.0196316" startTime="2014-06-29T12:10:59.8117417+05:30" endTime="2014-06-29T12:10:59.8317429+05:30" testType="13cdc9d9-ddb5-4fa4-a97d-d965ccfc6d4b" outcome="Passed" testListId="8c84fa94-04c1-424b-9868-57a2d4851a1d" relativeResultsDirectory="284ef403-5aba-40d0-a47b-3b8e5a9f9948" dataRowInfo="11" resultType="DataDrivenDataRow" />
        <UnitTestResult executionId="58a05b83-7098-454f-973c-479249793025" parentExecutionId="284ef403-5aba-40d0-a47b-3b8e5a9f9948" testId="d03eb628-bf1f-c27d-aeef-e708d613d686" testName="all_persons_modal_can_may_negation" computerName="ARPAN-LAP" duration="00:00:00.0277906" startTime="2014-06-29T12:10:59.8317429+05:30" endTime="2014-06-29T12:10:59.8597445+05:30" testType="13cdc9d9-ddb5-4fa4-a97d-d965ccfc6d4b" outcome="Passed" testListId="8c84fa94-04c1-424b-9868-57a2d4851a1d" relativeResultsDirectory="284ef403-5aba-40d0-a47b-3b8e5a9f9948" dataRowInfo="12" resultType="DataDrivenDataRow" />
        <UnitTestResult executionId="06e67620-54ce-4187-a2e4-c0b5f7c3165e" parentExecutionId="284ef403-5aba-40d0-a47b-3b8e5a9f9948" testId="d03eb628-bf1f-c27d-aeef-e708d613d686" testName="all_persons_modal_can_may_negation" computerName="ARPAN-LAP" duration="00:00:00.0276423" startTime="2014-06-29T12:10:59.8597445+05:30" endTime="2014-06-29T12:10:59.8867460+05:30" testType="13cdc9d9-ddb5-4fa4-a97d-d965ccfc6d4b" outcome="Passed" testListId="8c84fa94-04c1-424b-9868-57a2d4851a1d" relativeResultsDirectory="284ef403-5aba-40d0-a47b-3b8e5a9f9948" dataRowInfo="13" resultType="DataDrivenDataRow" />
        <UnitTestResult executionId="477c2252-73c8-4aee-b47f-15c199a17e94" parentExecutionId="284ef403-5aba-40d0-a47b-3b8e5a9f9948" testId="d03eb628-bf1f-c27d-aeef-e708d613d686" testName="all_persons_modal_can_may_negation" computerName="ARPAN-LAP" duration="00:00:00.0256318" startTime="2014-06-29T12:10:59.8867460+05:30" endTime="2014-06-29T12:10:59.9127475+05:30" testType="13cdc9d9-ddb5-4fa4-a97d-d965ccfc6d4b" outcome="Passed" testListId="8c84fa94-04c1-424b-9868-57a2d4851a1d" relativeResultsDirectory="284ef403-5aba-40d0-a47b-3b8e5a9f9948" dataRowInfo="14" resultType="DataDrivenDataRow" />
        <UnitTestResult executionId="b3232bd2-ceec-4137-a2ac-da403a3f241e" parentExecutionId="284ef403-5aba-40d0-a47b-3b8e5a9f9948" testId="d03eb628-bf1f-c27d-aeef-e708d613d686" testName="all_persons_modal_can_may_negation" computerName="ARPAN-LAP" duration="00:00:00.0246345" startTime="2014-06-29T12:10:59.9127475+05:30" endTime="2014-06-29T12:10:59.9377489+05:30" testType="13cdc9d9-ddb5-4fa4-a97d-d965ccfc6d4b" outcome="Passed" testListId="8c84fa94-04c1-424b-9868-57a2d4851a1d" relativeResultsDirectory="284ef403-5aba-40d0-a47b-3b8e5a9f9948" dataRowInfo="15" resultType="DataDrivenDataRow" />
        <UnitTestResult executionId="80c221ce-bef6-4ee6-b279-ab03e1adf746" parentExecutionId="284ef403-5aba-40d0-a47b-3b8e5a9f9948" testId="d03eb628-bf1f-c27d-aeef-e708d613d686" testName="all_persons_modal_can_may_negation" computerName="ARPAN-LAP" duration="00:00:00.0199160" startTime="2014-06-29T12:10:59.9377489+05:30" endTime="2014-06-29T12:10:59.9577501+05:30" testType="13cdc9d9-ddb5-4fa4-a97d-d965ccfc6d4b" outcome="Passed" testListId="8c84fa94-04c1-424b-9868-57a2d4851a1d" relativeResultsDirectory="284ef403-5aba-40d0-a47b-3b8e5a9f9948" dataRowInfo="16" resultType="DataDrivenDataRow" />
        <UnitTestResult executionId="e08872ab-b1bd-4f1b-97cc-e47440fdfef4" parentExecutionId="284ef403-5aba-40d0-a47b-3b8e5a9f9948" testId="d03eb628-bf1f-c27d-aeef-e708d613d686" testName="all_persons_modal_can_may_negation" computerName="ARPAN-LAP" duration="00:00:00.0218926" startTime="2014-06-29T12:10:59.9577501+05:30" endTime="2014-06-29T12:10:59.9797513+05:30" testType="13cdc9d9-ddb5-4fa4-a97d-d965ccfc6d4b" outcome="Passed" testListId="8c84fa94-04c1-424b-9868-57a2d4851a1d" relativeResultsDirectory="284ef403-5aba-40d0-a47b-3b8e5a9f9948" dataRowInfo="17" resultType="DataDrivenDataRow" />
        <UnitTestResult executionId="ea900a1e-2f1c-46db-98d3-d5ef7b0ceb2c" parentExecutionId="284ef403-5aba-40d0-a47b-3b8e5a9f9948" testId="d03eb628-bf1f-c27d-aeef-e708d613d686" testName="all_persons_modal_can_may_negation" computerName="ARPAN-LAP" duration="00:00:00.0217612" startTime="2014-06-29T12:10:59.9797513+05:30" endTime="2014-06-29T12:11:00.0007525+05:30" testType="13cdc9d9-ddb5-4fa4-a97d-d965ccfc6d4b" outcome="Passed" testListId="8c84fa94-04c1-424b-9868-57a2d4851a1d" relativeResultsDirectory="284ef403-5aba-40d0-a47b-3b8e5a9f9948" dataRowInfo="18" resultType="DataDrivenDataRow" />
        <UnitTestResult executionId="4865811e-c084-4775-b076-c398667749b8" parentExecutionId="284ef403-5aba-40d0-a47b-3b8e5a9f9948" testId="d03eb628-bf1f-c27d-aeef-e708d613d686" testName="all_persons_modal_can_may_negation" computerName="ARPAN-LAP" duration="00:00:00.0205581" startTime="2014-06-29T12:11:00.0007525+05:30" endTime="2014-06-29T12:11:00.0217537+05:30" testType="13cdc9d9-ddb5-4fa4-a97d-d965ccfc6d4b" outcome="Passed" testListId="8c84fa94-04c1-424b-9868-57a2d4851a1d" relativeResultsDirectory="284ef403-5aba-40d0-a47b-3b8e5a9f9948" dataRowInfo="19" resultType="DataDrivenDataRow" />
        <UnitTestResult executionId="0e9cc1d0-96ce-4a60-9090-5077335480ee" parentExecutionId="284ef403-5aba-40d0-a47b-3b8e5a9f9948" testId="d03eb628-bf1f-c27d-aeef-e708d613d686" testName="all_persons_modal_can_may_negation" computerName="ARPAN-LAP" duration="00:00:00.0248988" startTime="2014-06-29T12:11:00.0217537+05:30" endTime="2014-06-29T12:11:00.0467552+05:30" testType="13cdc9d9-ddb5-4fa4-a97d-d965ccfc6d4b" outcome="Passed" testListId="8c84fa94-04c1-424b-9868-57a2d4851a1d" relativeResultsDirectory="284ef403-5aba-40d0-a47b-3b8e5a9f9948" dataRowInfo="20" resultType="DataDrivenDataRow" />
        <UnitTestResult executionId="f0ef1e18-bb31-49b9-9b88-39a59cc206db" parentExecutionId="284ef403-5aba-40d0-a47b-3b8e5a9f9948" testId="d03eb628-bf1f-c27d-aeef-e708d613d686" testName="all_persons_modal_can_may_negation" computerName="ARPAN-LAP" duration="00:00:00.0271767" startTime="2014-06-29T12:11:00.0467552+05:30" endTime="2014-06-29T12:11:00.0737567+05:30" testType="13cdc9d9-ddb5-4fa4-a97d-d965ccfc6d4b" outcome="Passed" testListId="8c84fa94-04c1-424b-9868-57a2d4851a1d" relativeResultsDirectory="284ef403-5aba-40d0-a47b-3b8e5a9f9948" dataRowInfo="21" resultType="DataDrivenDataRow" />
        <UnitTestResult executionId="386fdf66-f59e-43ed-abb1-22c6608c2f7e" parentExecutionId="284ef403-5aba-40d0-a47b-3b8e5a9f9948" testId="d03eb628-bf1f-c27d-aeef-e708d613d686" testName="all_persons_modal_can_may_negation" computerName="ARPAN-LAP" duration="00:00:00.0302697" startTime="2014-06-29T12:11:00.0737567+05:30" endTime="2014-06-29T12:11:00.1037584+05:30" testType="13cdc9d9-ddb5-4fa4-a97d-d965ccfc6d4b" outcome="Passed" testListId="8c84fa94-04c1-424b-9868-57a2d4851a1d" relativeResultsDirectory="284ef403-5aba-40d0-a47b-3b8e5a9f9948" dataRowInfo="22" resultType="DataDrivenDataRow" />
        <UnitTestResult executionId="1c5c2161-a1cb-48c8-aebe-ba1260b374fd" parentExecutionId="284ef403-5aba-40d0-a47b-3b8e5a9f9948" testId="d03eb628-bf1f-c27d-aeef-e708d613d686" testName="all_persons_modal_can_may_negation" computerName="ARPAN-LAP" duration="00:00:00.0248295" startTime="2014-06-29T12:11:00.1037584+05:30" endTime="2014-06-29T12:11:00.1287599+05:30" testType="13cdc9d9-ddb5-4fa4-a97d-d965ccfc6d4b" outcome="Passed" testListId="8c84fa94-04c1-424b-9868-57a2d4851a1d" relativeResultsDirectory="284ef403-5aba-40d0-a47b-3b8e5a9f9948" dataRowInfo="23" resultType="DataDrivenDataRow" />
      </InnerResults>
    </UnitTestResult>
    <UnitTestResult executionId="cb3c88cf-eb7c-423f-adc4-532c3f1d1718" testId="d766a059-d96c-7b47-e6a6-34931760df96" testName="all_persons_tenses_passive" computerName="ARPAN-LAP" duration="00:00:00.3135651" startTime="2014-06-29T12:11:00.2107646+05:30" endTime="2014-06-29T12:11:00.5687850+05:30" testType="13cdc9d9-ddb5-4fa4-a97d-d965ccfc6d4b" outcome="Passed" testListId="8c84fa94-04c1-424b-9868-57a2d4851a1d" relativeResultsDirectory="cb3c88cf-eb7c-423f-adc4-532c3f1d1718" resultType="DataDrivenTest">
      <Counters error="0" failed="0" timeout="0" aborted="0" inconclusive="0" passedButRunAborted="0" notRunnable="0" notExecuted="0" disconnected="0" warning="0" passed="10" completed="0" inProgress="0" pending="0" />
      <InnerResults>
        <UnitTestResult executionId="e5f4aed9-c5c3-4eaf-9362-092dbe669a79" parentExecutionId="cb3c88cf-eb7c-423f-adc4-532c3f1d1718" testId="d766a059-d96c-7b47-e6a6-34931760df96" testName="all_persons_tenses_passive" computerName="ARPAN-LAP" duration="00:00:00.0220368" startTime="2014-06-29T12:11:00.2367660+05:30" endTime="2014-06-29T12:11:00.2587673+05:30" testType="13cdc9d9-ddb5-4fa4-a97d-d965ccfc6d4b" outcome="Passed" testListId="8c84fa94-04c1-424b-9868-57a2d4851a1d" relativeResultsDirectory="cb3c88cf-eb7c-423f-adc4-532c3f1d1718" dataRowInfo="0" resultType="DataDrivenDataRow" />
        <UnitTestResult executionId="1bd93202-b289-41e5-8ca0-09f01ece2a0d" parentExecutionId="cb3c88cf-eb7c-423f-adc4-532c3f1d1718" testId="d766a059-d96c-7b47-e6a6-34931760df96" testName="all_persons_tenses_passive" computerName="ARPAN-LAP" duration="00:00:00.0251354" startTime="2014-06-29T12:11:00.2587673+05:30" endTime="2014-06-29T12:11:00.2847688+05:30" testType="13cdc9d9-ddb5-4fa4-a97d-d965ccfc6d4b" outcome="Passed" testListId="8c84fa94-04c1-424b-9868-57a2d4851a1d" relativeResultsDirectory="cb3c88cf-eb7c-423f-adc4-532c3f1d1718" dataRowInfo="1" resultType="DataDrivenDataRow" />
        <UnitTestResult executionId="7cafda48-16b2-4868-8df5-ec3409896897" parentExecutionId="cb3c88cf-eb7c-423f-adc4-532c3f1d1718" testId="d766a059-d96c-7b47-e6a6-34931760df96" testName="all_persons_tenses_passive" computerName="ARPAN-LAP" duration="00:00:00.0300439" startTime="2014-06-29T12:11:00.2847688+05:30" endTime="2014-06-29T12:11:00.3147705+05:30" testType="13cdc9d9-ddb5-4fa4-a97d-d965ccfc6d4b" outcome="Passed" testListId="8c84fa94-04c1-424b-9868-57a2d4851a1d" relativeResultsDirectory="cb3c88cf-eb7c-423f-adc4-532c3f1d1718" dataRowInfo="2" resultType="DataDrivenDataRow" />
        <UnitTestResult executionId="68058a5b-0747-4833-afa3-d6945189bb7e" parentExecutionId="cb3c88cf-eb7c-423f-adc4-532c3f1d1718" testId="d766a059-d96c-7b47-e6a6-34931760df96" testName="all_persons_tenses_passive" computerName="ARPAN-LAP" duration="00:00:00.0298617" startTime="2014-06-29T12:11:00.3147705+05:30" endTime="2014-06-29T12:11:00.3447722+05:30" testType="13cdc9d9-ddb5-4fa4-a97d-d965ccfc6d4b" outcome="Passed" testListId="8c84fa94-04c1-424b-9868-57a2d4851a1d" relativeResultsDirectory="cb3c88cf-eb7c-423f-adc4-532c3f1d1718" dataRowInfo="3" resultType="DataDrivenDataRow" />
        <UnitTestResult executionId="c8f3cd67-27eb-49b9-891e-42010392a6c9" parentExecutionId="cb3c88cf-eb7c-423f-adc4-532c3f1d1718" testId="d766a059-d96c-7b47-e6a6-34931760df96" testName="all_persons_tenses_passive" computerName="ARPAN-LAP" duration="00:00:00.0212197" startTime="2014-06-29T12:11:00.3447722+05:30" endTime="2014-06-29T12:11:00.3657734+05:30" testType="13cdc9d9-ddb5-4fa4-a97d-d965ccfc6d4b" outcome="Passed" testListId="8c84fa94-04c1-424b-9868-57a2d4851a1d" relativeResultsDirectory="cb3c88cf-eb7c-423f-adc4-532c3f1d1718" dataRowInfo="4" resultType="DataDrivenDataRow" />
        <UnitTestResult executionId="59ee5662-2296-41fb-ac48-b03085df0984" parentExecutionId="cb3c88cf-eb7c-423f-adc4-532c3f1d1718" testId="d766a059-d96c-7b47-e6a6-34931760df96" testName="all_persons_tenses_passive" computerName="ARPAN-LAP" duration="00:00:00.0283834" startTime="2014-06-29T12:11:00.3657734+05:30" endTime="2014-06-29T12:11:00.3937750+05:30" testType="13cdc9d9-ddb5-4fa4-a97d-d965ccfc6d4b" outcome="Passed" testListId="8c84fa94-04c1-424b-9868-57a2d4851a1d" relativeResultsDirectory="cb3c88cf-eb7c-423f-adc4-532c3f1d1718" dataRowInfo="5" resultType="DataDrivenDataRow" />
        <UnitTestResult executionId="a4a8fb1d-edbf-4dc6-a59f-d9ffe968402e" parentExecutionId="cb3c88cf-eb7c-423f-adc4-532c3f1d1718" testId="d766a059-d96c-7b47-e6a6-34931760df96" testName="all_persons_tenses_passive" computerName="ARPAN-LAP" duration="00:00:00.0277670" startTime="2014-06-29T12:11:00.3937750+05:30" endTime="2014-06-29T12:11:00.4217766+05:30" testType="13cdc9d9-ddb5-4fa4-a97d-d965ccfc6d4b" outcome="Passed" testListId="8c84fa94-04c1-424b-9868-57a2d4851a1d" relativeResultsDirectory="cb3c88cf-eb7c-423f-adc4-532c3f1d1718" dataRowInfo="6" resultType="DataDrivenDataRow" />
        <UnitTestResult executionId="c9805260-a491-4876-8d3b-41ece59df691" parentExecutionId="cb3c88cf-eb7c-423f-adc4-532c3f1d1718" testId="d766a059-d96c-7b47-e6a6-34931760df96" testName="all_persons_tenses_passive" computerName="ARPAN-LAP" duration="00:00:00.0294346" startTime="2014-06-29T12:11:00.4217766+05:30" endTime="2014-06-29T12:11:00.4517783+05:30" testType="13cdc9d9-ddb5-4fa4-a97d-d965ccfc6d4b" outcome="Passed" testListId="8c84fa94-04c1-424b-9868-57a2d4851a1d" relativeResultsDirectory="cb3c88cf-eb7c-423f-adc4-532c3f1d1718" dataRowInfo="7" resultType="DataDrivenDataRow" />
        <UnitTestResult executionId="291ae940-41da-4b99-9438-95b6ef48bbe5" parentExecutionId="cb3c88cf-eb7c-423f-adc4-532c3f1d1718" testId="d766a059-d96c-7b47-e6a6-34931760df96" testName="all_persons_tenses_passive" computerName="ARPAN-LAP" duration="00:00:00.0348676" startTime="2014-06-29T12:11:00.4517783+05:30" endTime="2014-06-29T12:11:00.4867803+05:30" testType="13cdc9d9-ddb5-4fa4-a97d-d965ccfc6d4b" outcome="Passed" testListId="8c84fa94-04c1-424b-9868-57a2d4851a1d" relativeResultsDirectory="cb3c88cf-eb7c-423f-adc4-532c3f1d1718" dataRowInfo="8" resultType="DataDrivenDataRow" />
        <UnitTestResult executionId="042e3ea2-d023-4821-b78c-c3ef49eec58b" parentExecutionId="cb3c88cf-eb7c-423f-adc4-532c3f1d1718" testId="d766a059-d96c-7b47-e6a6-34931760df96" testName="all_persons_tenses_passive" computerName="ARPAN-LAP" duration="00:00:00.0431996" startTime="2014-06-29T12:11:00.4867803+05:30" endTime="2014-06-29T12:11:00.5297828+05:30" testType="13cdc9d9-ddb5-4fa4-a97d-d965ccfc6d4b" outcome="Passed" testListId="8c84fa94-04c1-424b-9868-57a2d4851a1d" relativeResultsDirectory="cb3c88cf-eb7c-423f-adc4-532c3f1d1718" dataRowInfo="9" resultType="DataDrivenDataRow" />
      </InnerResults>
    </UnitTestResult>
    <UnitTestResult executionId="e07e2524-1d02-461f-b60f-81151cf7dae1" testId="fe3e63ab-391c-e168-48d0-431b85a7b898" testName="third_person_tenses_active_negation" computerName="ARPAN-LAP" duration="00:00:00.3383423" startTime="2014-06-29T12:11:00.5737853+05:30" endTime="2014-06-29T12:11:00.9478067+05:30" testType="13cdc9d9-ddb5-4fa4-a97d-d965ccfc6d4b" outcome="Passed" testListId="8c84fa94-04c1-424b-9868-57a2d4851a1d" relativeResultsDirectory="e07e2524-1d02-461f-b60f-81151cf7dae1" resultType="DataDrivenTest">
      <Counters error="0" failed="0" timeout="0" aborted="0" inconclusive="0" passedButRunAborted="0" notRunnable="0" notExecuted="0" disconnected="0" warning="0" passed="10" completed="0" inProgress="0" pending="0" />
      <InnerResults>
        <UnitTestResult executionId="546287b3-95ef-47be-a4f6-cb4049c633ea" parentExecutionId="e07e2524-1d02-461f-b60f-81151cf7dae1" testId="fe3e63ab-391c-e168-48d0-431b85a7b898" testName="third_person_tenses_active_negation" computerName="ARPAN-LAP" duration="00:00:00.0359753" startTime="2014-06-29T12:11:00.6247882+05:30" endTime="2014-06-29T12:11:00.6607903+05:30" testType="13cdc9d9-ddb5-4fa4-a97d-d965ccfc6d4b" outcome="Passed" testListId="8c84fa94-04c1-424b-9868-57a2d4851a1d" relativeResultsDirectory="e07e2524-1d02-461f-b60f-81151cf7dae1" dataRowInfo="0" resultType="DataDrivenDataRow" />
        <UnitTestResult executionId="ba33516e-0194-42d5-9c64-26f8b5fb8caa" parentExecutionId="e07e2524-1d02-461f-b60f-81151cf7dae1" testId="fe3e63ab-391c-e168-48d0-431b85a7b898" testName="third_person_tenses_active_negation" computerName="ARPAN-LAP" duration="00:00:00.0259218" startTime="2014-06-29T12:11:00.6607903+05:30" endTime="2014-06-29T12:11:00.6867918+05:30" testType="13cdc9d9-ddb5-4fa4-a97d-d965ccfc6d4b" outcome="Passed" testListId="8c84fa94-04c1-424b-9868-57a2d4851a1d" relativeResultsDirectory="e07e2524-1d02-461f-b60f-81151cf7dae1" dataRowInfo="1" resultType="DataDrivenDataRow" />
        <UnitTestResult executionId="ff2fcf43-a314-44d7-8f19-2fb27fab0c0a" parentExecutionId="e07e2524-1d02-461f-b60f-81151cf7dae1" testId="fe3e63ab-391c-e168-48d0-431b85a7b898" testName="third_person_tenses_active_negation" computerName="ARPAN-LAP" duration="00:00:00.0245077" startTime="2014-06-29T12:11:00.6867918+05:30" endTime="2014-06-29T12:11:00.7117932+05:30" testType="13cdc9d9-ddb5-4fa4-a97d-d965ccfc6d4b" outcome="Passed" testListId="8c84fa94-04c1-424b-9868-57a2d4851a1d" relativeResultsDirectory="e07e2524-1d02-461f-b60f-81151cf7dae1" dataRowInfo="2" resultType="DataDrivenDataRow" />
        <UnitTestResult executionId="7e06c166-cc52-410b-8e0a-6258ea23da80" parentExecutionId="e07e2524-1d02-461f-b60f-81151cf7dae1" testId="fe3e63ab-391c-e168-48d0-431b85a7b898" testName="third_person_tenses_active_negation" computerName="ARPAN-LAP" duration="00:00:00.0264017" startTime="2014-06-29T12:11:00.7117932+05:30" endTime="2014-06-29T12:11:00.7377947+05:30" testType="13cdc9d9-ddb5-4fa4-a97d-d965ccfc6d4b" outcome="Passed" testListId="8c84fa94-04c1-424b-9868-57a2d4851a1d" relativeResultsDirectory="e07e2524-1d02-461f-b60f-81151cf7dae1" dataRowInfo="3" resultType="DataDrivenDataRow" />
        <UnitTestResult executionId="796b68ec-3f8f-4fd4-8f9c-aa292201d723" parentExecutionId="e07e2524-1d02-461f-b60f-81151cf7dae1" testId="fe3e63ab-391c-e168-48d0-431b85a7b898" testName="third_person_tenses_active_negation" computerName="ARPAN-LAP" duration="00:00:00.0221687" startTime="2014-06-29T12:11:00.7377947+05:30" endTime="2014-06-29T12:11:00.7607960+05:30" testType="13cdc9d9-ddb5-4fa4-a97d-d965ccfc6d4b" outcome="Passed" testListId="8c84fa94-04c1-424b-9868-57a2d4851a1d" relativeResultsDirectory="e07e2524-1d02-461f-b60f-81151cf7dae1" dataRowInfo="4" resultType="DataDrivenDataRow" />
        <UnitTestResult executionId="bd1381af-fac2-4471-8924-6f20468fc9cd" parentExecutionId="e07e2524-1d02-461f-b60f-81151cf7dae1" testId="fe3e63ab-391c-e168-48d0-431b85a7b898" testName="third_person_tenses_active_negation" computerName="ARPAN-LAP" duration="00:00:00.0259084" startTime="2014-06-29T12:11:00.7607960+05:30" endTime="2014-06-29T12:11:00.7867975+05:30" testType="13cdc9d9-ddb5-4fa4-a97d-d965ccfc6d4b" outcome="Passed" testListId="8c84fa94-04c1-424b-9868-57a2d4851a1d" relativeResultsDirectory="e07e2524-1d02-461f-b60f-81151cf7dae1" dataRowInfo="5" resultType="DataDrivenDataRow" />
        <UnitTestResult executionId="8e3d476d-eac3-49ce-83d5-3126ca668325" parentExecutionId="e07e2524-1d02-461f-b60f-81151cf7dae1" testId="fe3e63ab-391c-e168-48d0-431b85a7b898" testName="third_person_tenses_active_negation" computerName="ARPAN-LAP" duration="00:00:00.0240648" startTime="2014-06-29T12:11:00.7867975+05:30" endTime="2014-06-29T12:11:00.8107989+05:30" testType="13cdc9d9-ddb5-4fa4-a97d-d965ccfc6d4b" outcome="Passed" testListId="8c84fa94-04c1-424b-9868-57a2d4851a1d" relativeResultsDirectory="e07e2524-1d02-461f-b60f-81151cf7dae1" dataRowInfo="6" resultType="DataDrivenDataRow" />
        <UnitTestResult executionId="6389e76d-d4b6-4df6-a420-d8966ef16881" parentExecutionId="e07e2524-1d02-461f-b60f-81151cf7dae1" testId="fe3e63ab-391c-e168-48d0-431b85a7b898" testName="third_person_tenses_active_negation" computerName="ARPAN-LAP" duration="00:00:00.0331292" startTime="2014-06-29T12:11:00.8107989+05:30" endTime="2014-06-29T12:11:00.8438008+05:30" testType="13cdc9d9-ddb5-4fa4-a97d-d965ccfc6d4b" outcome="Passed" testListId="8c84fa94-04c1-424b-9868-57a2d4851a1d" relativeResultsDirectory="e07e2524-1d02-461f-b60f-81151cf7dae1" dataRowInfo="7" resultType="DataDrivenDataRow" />
        <UnitTestResult executionId="96585238-4563-493b-8649-99c3c2207f75" parentExecutionId="e07e2524-1d02-461f-b60f-81151cf7dae1" testId="fe3e63ab-391c-e168-48d0-431b85a7b898" testName="third_person_tenses_active_negation" computerName="ARPAN-LAP" duration="00:00:00.0406260" startTime="2014-06-29T12:11:00.8438008+05:30" endTime="2014-06-29T12:11:00.8848031+05:30" testType="13cdc9d9-ddb5-4fa4-a97d-d965ccfc6d4b" outcome="Passed" testListId="8c84fa94-04c1-424b-9868-57a2d4851a1d" relativeResultsDirectory="e07e2524-1d02-461f-b60f-81151cf7dae1" dataRowInfo="8" resultType="DataDrivenDataRow" />
        <UnitTestResult executionId="8f778bf2-1086-415b-95c1-f8d7437994bf" parentExecutionId="e07e2524-1d02-461f-b60f-81151cf7dae1" testId="fe3e63ab-391c-e168-48d0-431b85a7b898" testName="third_person_tenses_active_negation" computerName="ARPAN-LAP" duration="00:00:00.0324465" startTime="2014-06-29T12:11:00.8848031+05:30" endTime="2014-06-29T12:11:00.9168049+05:30" testType="13cdc9d9-ddb5-4fa4-a97d-d965ccfc6d4b" outcome="Passed" testListId="8c84fa94-04c1-424b-9868-57a2d4851a1d" relativeResultsDirectory="e07e2524-1d02-461f-b60f-81151cf7dae1" dataRowInfo="9" resultType="DataDrivenDataRow" />
      </InnerResults>
    </UnitTestResult>
  </Results>
</TestRun>