<?xml version="1.0" encoding="UTF-8"?>
<TestRun id="c12da626-8d19-4f65-af3c-2b6a3c7068f9" name="Arghya@ARPAN-LAP 2014-06-29 12:37:10" runUser="ARPAN-LAP\Arghya" xmlns="http://microsoft.com/schemas/VisualStudio/TeamTest/2010">
  <TestSettings name="Default Test Settings" id="2dc2a54e-bc38-4e93-b7ea-b394b0f33b7e">
    <Deployment userDeploymentRoot="D:\software\Project\BNLP\TestResults" useDefaultDeploymentRoot="false" runDeploymentRoot="Arghya_ARPAN-LAP 2014-06-29 12_37_10" />
    <Execution>
      <TestTypeSpecific />
      <AgentRule name="Execution Agents">
      </AgentRule>
    </Execution>
  </TestSettings>
  <Times creation="2014-06-29T12:37:10.9156037+05:30" queuing="2014-06-29T12:37:11.2296217+05:30" start="2014-06-29T12:37:11.2516230+05:30" finish="2014-06-29T12:37:27.9055755+05:30" />
  <ResultSummary outcome="Failed">
    <Counters total="309" executed="309" passed="301" error="0" failed="8" timeout="0" aborted="0" inconclusive="0" passedButRunAborted="0" notRunnable="0" notExecuted="0" disconnected="0" warning="0" completed="0" inProgress="0" pending="0" />
    <RunInfos>
      <RunInfo computerName="ARPAN-LAP" outcome="Warning" timestamp="2014-06-29T12:37:11.2026202+05:30">
        <Text>Warning: Test Run deployment issue: Failed to get the file for deployment item '..\UnitTest\TestCases\wikipedia.xml' specified by the test 'UnitTest.BnlpTest.RandomWord': System.IO.DirectoryNotFoundException: Could not find a part of the path 'D:\software\Project\UnitTest\TestCases\wikipedia.xml'.</Text>
        <Exception>System.IO.DirectoryNotFoundException: Could not find a part of the path 'D:\software\Project\UnitTest\TestCases\wikipedia.xml'.
   at System.IO.__Error.WinIOError(Int32 errorCode, String maybeFullPath)
   at System.IO.File.GetAttributes(String path)
   at Microsoft.VisualStudio.TestTools.Common.SingleFileProvider.GetFilePaths()
   at Microsoft.VisualStudio.TestTools.TestManagement.DeploymentCoverageItem.GetFiles(TestRunConfiguration runConfig)
   at Microsoft.VisualStudio.TestTools.TestManagement.DeploymentManager.DoDeployment(TestRun run, FileCopyService fileCopyService)</Exception>
      </RunInfo>
      <RunInfo computerName="ARPAN-LAP" outcome="Warning" timestamp="2014-06-29T12:37:11.2046203+05:30">
        <Text>Warning: Test Run deployment issue: Failed to get the file for deployment item '..\UnitTest\TestCases\interrogative_sentences_who.xml' specified by the test 'UnitTest.BnlpTest.interrogative_sentences_who': System.IO.DirectoryNotFoundException: Could not find a part of the path 'D:\software\Project\UnitTest\TestCases\interrogative_sentences_who.xml'.</Text>
        <Exception>System.IO.DirectoryNotFoundException: Could not find a part of the path 'D:\software\Project\UnitTest\TestCases\interrogative_sentences_who.xml'.
   at System.IO.__Error.WinIOError(Int32 errorCode, String maybeFullPath)
   at System.IO.File.GetAttributes(String path)
   at Microsoft.VisualStudio.TestTools.Common.SingleFileProvider.GetFilePaths()
   at Microsoft.VisualStudio.TestTools.TestManagement.DeploymentCoverageItem.GetFiles(TestRunConfiguration runConfig)
   at Microsoft.VisualStudio.TestTools.TestManagement.DeploymentManager.DoDeployment(TestRun run, FileCopyService fileCopyService)</Exception>
      </RunInfo>
      <RunInfo computerName="ARPAN-LAP" outcome="Warning" timestamp="2014-06-29T12:37:11.2056203+05:30">
        <Text>Warning: Test Run deployment issue: Failed to get the file for deployment item '..\UnitTest\TestCases\special_handling_do_verb.xml' specified by the test 'UnitTest.BnlpTest.special_handling_do_verb': System.IO.DirectoryNotFoundException: Could not find a part of the path 'D:\software\Project\UnitTest\TestCases\special_handling_do_verb.xml'.</Text>
        <Exception>System.IO.DirectoryNotFoundException: Could not find a part of the path 'D:\software\Project\UnitTest\TestCases\special_handling_do_verb.xml'.
   at System.IO.__Error.WinIOError(Int32 errorCode, String maybeFullPath)
   at System.IO.File.GetAttributes(String path)
   at Microsoft.VisualStudio.TestTools.Common.SingleFileProvider.GetFilePaths()
   at Microsoft.VisualStudio.TestTools.TestManagement.DeploymentCoverageItem.GetFiles(TestRunConfiguration runConfig)
   at Microsoft.VisualStudio.TestTools.TestManagement.DeploymentManager.DoDeployment(TestRun run, FileCopyService fileCopyService)</Exception>
      </RunInfo>
      <RunInfo computerName="ARPAN-LAP" outcome="Warning" timestamp="2014-06-29T12:37:11.2066204+05:30">
        <Text>Warning: Test Run deployment issue: Failed to get the file for deployment item '..\UnitTest\TestCases\interrogative_sentences_which.xml' specified by the test 'UnitTest.BnlpTest.interrogative_sentences_which': System.IO.DirectoryNotFoundException: Could not find a part of the path 'D:\software\Project\UnitTest\TestCases\interrogative_sentences_which.xml'.</Text>
        <Exception>System.IO.DirectoryNotFoundException: Could not find a part of the path 'D:\software\Project\UnitTest\TestCases\interrogative_sentences_which.xml'.
   at System.IO.__Error.WinIOError(Int32 errorCode, String maybeFullPath)
   at System.IO.File.GetAttributes(String path)
   at Microsoft.VisualStudio.TestTools.Common.SingleFileProvider.GetFilePaths()
   at Microsoft.VisualStudio.TestTools.TestManagement.DeploymentCoverageItem.GetFiles(TestRunConfiguration runConfig)
   at Microsoft.VisualStudio.TestTools.TestManagement.DeploymentManager.DoDeployment(TestRun run, FileCopyService fileCopyService)</Exception>
      </RunInfo>
      <RunInfo computerName="ARPAN-LAP" outcome="Warning" timestamp="2014-06-29T12:37:11.2076204+05:30">
        <Text>Warning: Test Run deployment issue: Failed to get the file for deployment item '..\UnitTest\TestCases\all_persons_modal_should.xml' specified by the test 'UnitTest.BnlpTest.all_persons_modal_should': System.IO.DirectoryNotFoundException: Could not find a part of the path 'D:\software\Project\UnitTest\TestCases\all_persons_modal_should.xml'.</Text>
        <Exception>System.IO.DirectoryNotFoundException: Could not find a part of the path 'D:\software\Project\UnitTest\TestCases\all_persons_modal_should.xml'.
   at System.IO.__Error.WinIOError(Int32 errorCode, String maybeFullPath)
   at System.IO.File.GetAttributes(String path)
   at Microsoft.VisualStudio.TestTools.Common.SingleFileProvider.GetFilePaths()
   at Microsoft.VisualStudio.TestTools.TestManagement.DeploymentCoverageItem.GetFiles(TestRunConfiguration runConfig)
   at Microsoft.VisualStudio.TestTools.TestManagement.DeploymentManager.DoDeployment(TestRun run, FileCopyService fileCopyService)</Exception>
      </RunInfo>
      <RunInfo computerName="ARPAN-LAP" outcome="Warning" timestamp="2014-06-29T12:37:11.2086205+05:30">
        <Text>Warning: Test Run deployment issue: Failed to get the file for deployment item '..\UnitTest\TestCases\third_person_tenses_active.xml' specified by the test 'UnitTest.BnlpTest.third_person_tenses_active': System.IO.DirectoryNotFoundException: Could not find a part of the path 'D:\software\Project\UnitTest\TestCases\third_person_tenses_active.xml'.</Text>
        <Exception>System.IO.DirectoryNotFoundException: Could not find a part of the path 'D:\software\Project\UnitTest\TestCases\third_person_tenses_active.xml'.
   at System.IO.__Error.WinIOError(Int32 errorCode, String maybeFullPath)
   at System.IO.File.GetAttributes(String path)
   at Microsoft.VisualStudio.TestTools.Common.SingleFileProvider.GetFilePaths()
   at Microsoft.VisualStudio.TestTools.TestManagement.DeploymentCoverageItem.GetFiles(TestRunConfiguration runConfig)
   at Microsoft.VisualStudio.TestTools.TestManagement.DeploymentManager.DoDeployment(TestRun run, FileCopyService fileCopyService)</Exception>
      </RunInfo>
      <RunInfo computerName="ARPAN-LAP" outcome="Warning" timestamp="2014-06-29T12:37:11.2096206+05:30">
        <Text>Warning: Test Run deployment issue: Failed to get the file for deployment item '..\UnitTest\TestCases\all_persons_tenses_passive.xml' specified by the test 'UnitTest.BnlpTest.all_persons_tenses_passive': System.IO.DirectoryNotFoundException: Could not find a part of the path 'D:\software\Project\UnitTest\TestCases\all_persons_tenses_passive.xml'.</Text>
        <Exception>System.IO.DirectoryNotFoundException: Could not find a part of the path 'D:\software\Project\UnitTest\TestCases\all_persons_tenses_passive.xml'.
   at System.IO.__Error.WinIOError(Int32 errorCode, String maybeFullPath)
   at System.IO.File.GetAttributes(String path)
   at Microsoft.VisualStudio.TestTools.Common.SingleFileProvider.GetFilePaths()
   at Microsoft.VisualStudio.TestTools.TestManagement.DeploymentCoverageItem.GetFiles(TestRunConfiguration runConfig)
   at Microsoft.VisualStudio.TestTools.TestManagement.DeploymentManager.DoDeployment(TestRun run, FileCopyService fileCopyService)</Exception>
      </RunInfo>
      <RunInfo computerName="ARPAN-LAP" outcome="Warning" timestamp="2014-06-29T12:37:11.2106206+05:30">
        <Text>Warning: Test Run deployment issue: Failed to get the file for deployment item '..\UnitTest\TestCases\interrogative_sentences_aux.xml' specified by the test 'UnitTest.BnlpTest.interrogative_sentences_aux': System.IO.DirectoryNotFoundException: Could not find a part of the path 'D:\software\Project\UnitTest\TestCases\interrogative_sentences_aux.xml'.</Text>
        <Exception>System.IO.DirectoryNotFoundException: Could not find a part of the path 'D:\software\Project\UnitTest\TestCases\interrogative_sentences_aux.xml'.
   at System.IO.__Error.WinIOError(Int32 errorCode, String maybeFullPath)
   at System.IO.File.GetAttributes(String path)
   at Microsoft.VisualStudio.TestTools.Common.SingleFileProvider.GetFilePaths()
   at Microsoft.VisualStudio.TestTools.TestManagement.DeploymentCoverageItem.GetFiles(TestRunConfiguration runConfig)
   at Microsoft.VisualStudio.TestTools.TestManagement.DeploymentManager.DoDeployment(TestRun run, FileCopyService fileCopyService)</Exception>
      </RunInfo>
      <RunInfo computerName="ARPAN-LAP" outcome="Warning" timestamp="2014-06-29T12:37:11.2116207+05:30">
        <Text>Warning: Test Run deployment issue: Failed to get the file for deployment item '..\UnitTest\TestCases\second_person_tenses_active_negation.xml' specified by the test 'UnitTest.BnlpTest.second_person_tenses_active_negation': System.IO.DirectoryNotFoundException: Could not find a part of the path 'D:\software\Project\UnitTest\TestCases\second_person_tenses_active_negation.xml'.</Text>
        <Exception>System.IO.DirectoryNotFoundException: Could not find a part of the path 'D:\software\Project\UnitTest\TestCases\second_person_tenses_active_negation.xml'.
   at System.IO.__Error.WinIOError(Int32 errorCode, String maybeFullPath)
   at System.IO.File.GetAttributes(String path)
   at Microsoft.VisualStudio.TestTools.Common.SingleFileProvider.GetFilePaths()
   at Microsoft.VisualStudio.TestTools.TestManagement.DeploymentCoverageItem.GetFiles(TestRunConfiguration runConfig)
   at Microsoft.VisualStudio.TestTools.TestManagement.DeploymentManager.DoDeployment(TestRun run, FileCopyService fileCopyService)</Exception>
      </RunInfo>
      <RunInfo computerName="ARPAN-LAP" outcome="Warning" timestamp="2014-06-29T12:37:11.2126207+05:30">
        <Text>Warning: Test Run deployment issue: Failed to get the file for deployment item '..\UnitTest\TestCases\interrogative_sentences_where.xml' specified by the test 'UnitTest.BnlpTest.interrogative_sentences_where': System.IO.DirectoryNotFoundException: Could not find a part of the path 'D:\software\Project\UnitTest\TestCases\interrogative_sentences_where.xml'.</Text>
        <Exception>System.IO.DirectoryNotFoundException: Could not find a part of the path 'D:\software\Project\UnitTest\TestCases\interrogative_sentences_where.xml'.
   at System.IO.__Error.WinIOError(Int32 errorCode, String maybeFullPath)
   at System.IO.File.GetAttributes(String path)
   at Microsoft.VisualStudio.TestTools.Common.SingleFileProvider.GetFilePaths()
   at Microsoft.VisualStudio.TestTools.TestManagement.DeploymentCoverageItem.GetFiles(TestRunConfiguration runConfig)
   at Microsoft.VisualStudio.TestTools.TestManagement.DeploymentManager.DoDeployment(TestRun run, FileCopyService fileCopyService)</Exception>
      </RunInfo>
      <RunInfo computerName="ARPAN-LAP" outcome="Warning" timestamp="2014-06-29T12:37:11.2146208+05:30">
        <Text>Warning: Test Run deployment issue: Failed to get the file for deployment item '..\UnitTest\TestCases\prepositions_made_with_three_words.xml' specified by the test 'UnitTest.BnlpTest.prepositions_made_with_three_words': System.IO.DirectoryNotFoundException: Could not find a part of the path 'D:\software\Project\UnitTest\TestCases\prepositions_made_with_three_words.xml'.</Text>
        <Exception>System.IO.DirectoryNotFoundException: Could not find a part of the path 'D:\software\Project\UnitTest\TestCases\prepositions_made_with_three_words.xml'.
   at System.IO.__Error.WinIOError(Int32 errorCode, String maybeFullPath)
   at System.IO.File.GetAttributes(String path)
   at Microsoft.VisualStudio.TestTools.Common.SingleFileProvider.GetFilePaths()
   at Microsoft.VisualStudio.TestTools.TestManagement.DeploymentCoverageItem.GetFiles(TestRunConfiguration runConfig)
   at Microsoft.VisualStudio.TestTools.TestManagement.DeploymentManager.DoDeployment(TestRun run, FileCopyService fileCopyService)</Exception>
      </RunInfo>
      <RunInfo computerName="ARPAN-LAP" outcome="Warning" timestamp="2014-06-29T12:37:11.2146208+05:30">
        <Text>Warning: Test Run deployment issue: Failed to get the file for deployment item '..\UnitTest\TestCases\interrogative_sentences_what.xml' specified by the test 'UnitTest.BnlpTest.interrogative_sentences_what': System.IO.DirectoryNotFoundException: Could not find a part of the path 'D:\software\Project\UnitTest\TestCases\interrogative_sentences_what.xml'.</Text>
        <Exception>System.IO.DirectoryNotFoundException: Could not find a part of the path 'D:\software\Project\UnitTest\TestCases\interrogative_sentences_what.xml'.
   at System.IO.__Error.WinIOError(Int32 errorCode, String maybeFullPath)
   at System.IO.File.GetAttributes(String path)
   at Microsoft.VisualStudio.TestTools.Common.SingleFileProvider.GetFilePaths()
   at Microsoft.VisualStudio.TestTools.TestManagement.DeploymentCoverageItem.GetFiles(TestRunConfiguration runConfig)
   at Microsoft.VisualStudio.TestTools.TestManagement.DeploymentManager.DoDeployment(TestRun run, FileCopyService fileCopyService)</Exception>
      </RunInfo>
      <RunInfo computerName="ARPAN-LAP" outcome="Warning" timestamp="2014-06-29T12:37:11.2166210+05:30">
        <Text>Warning: Test Run deployment issue: Failed to get the file for deployment item '..\UnitTest\TestCases\interrogative_sentences_how.xml' specified by the test 'UnitTest.BnlpTest.interrogative_sentences_how': System.IO.DirectoryNotFoundException: Could not find a part of the path 'D:\software\Project\UnitTest\TestCases\interrogative_sentences_how.xml'.</Text>
        <Exception>System.IO.DirectoryNotFoundException: Could not find a part of the path 'D:\software\Project\UnitTest\TestCases\interrogative_sentences_how.xml'.
   at System.IO.__Error.WinIOError(Int32 errorCode, String maybeFullPath)
   at System.IO.File.GetAttributes(String path)
   at Microsoft.VisualStudio.TestTools.Common.SingleFileProvider.GetFilePaths()
   at Microsoft.VisualStudio.TestTools.TestManagement.DeploymentCoverageItem.GetFiles(TestRunConfiguration runConfig)
   at Microsoft.VisualStudio.TestTools.TestManagement.DeploymentManager.DoDeployment(TestRun run, FileCopyService fileCopyService)</Exception>
      </RunInfo>
      <RunInfo computerName="ARPAN-LAP" outcome="Warning" timestamp="2014-06-29T12:37:11.2176210+05:30">
        <Text>Warning: Test Run deployment issue: Failed to get the file for deployment item '..\UnitTest\TestCases\interrogative_sentences_whom.xml' specified by the test 'UnitTest.BnlpTest.interrogative_sentences_whom': System.IO.DirectoryNotFoundException: Could not find a part of the path 'D:\software\Project\UnitTest\TestCases\interrogative_sentences_whom.xml'.</Text>
        <Exception>System.IO.DirectoryNotFoundException: Could not find a part of the path 'D:\software\Project\UnitTest\TestCases\interrogative_sentences_whom.xml'.
   at System.IO.__Error.WinIOError(Int32 errorCode, String maybeFullPath)
   at System.IO.File.GetAttributes(String path)
   at Microsoft.VisualStudio.TestTools.Common.SingleFileProvider.GetFilePaths()
   at Microsoft.VisualStudio.TestTools.TestManagement.DeploymentCoverageItem.GetFiles(TestRunConfiguration runConfig)
   at Microsoft.VisualStudio.TestTools.TestManagement.DeploymentManager.DoDeployment(TestRun run, FileCopyService fileCopyService)</Exception>
      </RunInfo>
      <RunInfo computerName="ARPAN-LAP" outcome="Warning" timestamp="2014-06-29T12:37:11.2186211+05:30">
        <Text>Warning: Test Run deployment issue: Failed to get the file for deployment item '..\UnitTest\TestCases\second_person_tenses_active.xml' specified by the test 'UnitTest.BnlpTest.second_person_tenses_active': System.IO.DirectoryNotFoundException: Could not find a part of the path 'D:\software\Project\UnitTest\TestCases\second_person_tenses_active.xml'.</Text>
        <Exception>System.IO.DirectoryNotFoundException: Could not find a part of the path 'D:\software\Project\UnitTest\TestCases\second_person_tenses_active.xml'.
   at System.IO.__Error.WinIOError(Int32 errorCode, String maybeFullPath)
   at System.IO.File.GetAttributes(String path)
   at Microsoft.VisualStudio.TestTools.Common.SingleFileProvider.GetFilePaths()
   at Microsoft.VisualStudio.TestTools.TestManagement.DeploymentCoverageItem.GetFiles(TestRunConfiguration runConfig)
   at Microsoft.VisualStudio.TestTools.TestManagement.DeploymentManager.DoDeployment(TestRun run, FileCopyService fileCopyService)</Exception>
      </RunInfo>
      <RunInfo computerName="ARPAN-LAP" outcome="Warning" timestamp="2014-06-29T12:37:11.2196211+05:30">
        <Text>Warning: Test Run deployment issue: Failed to get the file for deployment item '..\UnitTest\TestCases\all_persons_modal_should_negation.xml' specified by the test 'UnitTest.BnlpTest.all_persons_modal_should_negation': System.IO.DirectoryNotFoundException: Could not find a part of the path 'D:\software\Project\UnitTest\TestCases\all_persons_modal_should_negation.xml'.</Text>
        <Exception>System.IO.DirectoryNotFoundException: Could not find a part of the path 'D:\software\Project\UnitTest\TestCases\all_persons_modal_should_negation.xml'.
   at System.IO.__Error.WinIOError(Int32 errorCode, String maybeFullPath)
   at System.IO.File.GetAttributes(String path)
   at Microsoft.VisualStudio.TestTools.Common.SingleFileProvider.GetFilePaths()
   at Microsoft.VisualStudio.TestTools.TestManagement.DeploymentCoverageItem.GetFiles(TestRunConfiguration runConfig)
   at Microsoft.VisualStudio.TestTools.TestManagement.DeploymentManager.DoDeployment(TestRun run, FileCopyService fileCopyService)</Exception>
      </RunInfo>
      <RunInfo computerName="ARPAN-LAP" outcome="Warning" timestamp="2014-06-29T12:37:11.2206212+05:30">
        <Text>Warning: Test Run deployment issue: Failed to get the file for deployment item '..\UnitTest\TestCases\first_person_tenses_active_negation.xml' specified by the test 'UnitTest.BnlpTest.first_person_tenses_active_negation': System.IO.DirectoryNotFoundException: Could not find a part of the path 'D:\software\Project\UnitTest\TestCases\first_person_tenses_active_negation.xml'.</Text>
        <Exception>System.IO.DirectoryNotFoundException: Could not find a part of the path 'D:\software\Project\UnitTest\TestCases\first_person_tenses_active_negation.xml'.
   at System.IO.__Error.WinIOError(Int32 errorCode, String maybeFullPath)
   at System.IO.File.GetAttributes(String path)
   at Microsoft.VisualStudio.TestTools.Common.SingleFileProvider.GetFilePaths()
   at Microsoft.VisualStudio.TestTools.TestManagement.DeploymentCoverageItem.GetFiles(TestRunConfiguration runConfig)
   at Microsoft.VisualStudio.TestTools.TestManagement.DeploymentManager.DoDeployment(TestRun run, FileCopyService fileCopyService)</Exception>
      </RunInfo>
      <RunInfo computerName="ARPAN-LAP" outcome="Warning" timestamp="2014-06-29T12:37:11.2206212+05:30">
        <Text>Warning: Test Run deployment issue: Failed to get the file for deployment item '..\UnitTest\TestCases\all_persons_modal_can_may_negation.xml' specified by the test 'UnitTest.BnlpTest.all_persons_modal_can_may_negation': System.IO.DirectoryNotFoundException: Could not find a part of the path 'D:\software\Project\UnitTest\TestCases\all_persons_modal_can_may_negation.xml'.</Text>
        <Exception>System.IO.DirectoryNotFoundException: Could not find a part of the path 'D:\software\Project\UnitTest\TestCases\all_persons_modal_can_may_negation.xml'.
   at System.IO.__Error.WinIOError(Int32 errorCode, String maybeFullPath)
   at System.IO.File.GetAttributes(String path)
   at Microsoft.VisualStudio.TestTools.Common.SingleFileProvider.GetFilePaths()
   at Microsoft.VisualStudio.TestTools.TestManagement.DeploymentCoverageItem.GetFiles(TestRunConfiguration runConfig)
   at Microsoft.VisualStudio.TestTools.TestManagement.DeploymentManager.DoDeployment(TestRun run, FileCopyService fileCopyService)</Exception>
      </RunInfo>
      <RunInfo computerName="ARPAN-LAP" outcome="Warning" timestamp="2014-06-29T12:37:11.2216212+05:30">
        <Text>Warning: Test Run deployment issue: Failed to get the file for deployment item '..\UnitTest\TestCases\third_person_tenses_active_negation.xml' specified by the test 'UnitTest.BnlpTest.third_person_tenses_active_negation': System.IO.DirectoryNotFoundException: Could not find a part of the path 'D:\software\Project\UnitTest\TestCases\third_person_tenses_active_negation.xml'.</Text>
        <Exception>System.IO.DirectoryNotFoundException: Could not find a part of the path 'D:\software\Project\UnitTest\TestCases\third_person_tenses_active_negation.xml'.
   at System.IO.__Error.WinIOError(Int32 errorCode, String maybeFullPath)
   at System.IO.File.GetAttributes(String path)
   at Microsoft.VisualStudio.TestTools.Common.SingleFileProvider.GetFilePaths()
   at Microsoft.VisualStudio.TestTools.TestManagement.DeploymentCoverageItem.GetFiles(TestRunConfiguration runConfig)
   at Microsoft.VisualStudio.TestTools.TestManagement.DeploymentManager.DoDeployment(TestRun run, FileCopyService fileCopyService)</Exception>
      </RunInfo>
      <RunInfo computerName="ARPAN-LAP" outcome="Warning" timestamp="2014-06-29T12:37:11.2226213+05:30">
        <Text>Warning: Test Run deployment issue: Failed to get the file for deployment item '..\UnitTest\TestCases\interrogative_sentences_do.xml' specified by the test 'UnitTest.BnlpTest.interrogative_sentences_do': System.IO.DirectoryNotFoundException: Could not find a part of the path 'D:\software\Project\UnitTest\TestCases\interrogative_sentences_do.xml'.</Text>
        <Exception>System.IO.DirectoryNotFoundException: Could not find a part of the path 'D:\software\Project\UnitTest\TestCases\interrogative_sentences_do.xml'.
   at System.IO.__Error.WinIOError(Int32 errorCode, String maybeFullPath)
   at System.IO.File.GetAttributes(String path)
   at Microsoft.VisualStudio.TestTools.Common.SingleFileProvider.GetFilePaths()
   at Microsoft.VisualStudio.TestTools.TestManagement.DeploymentCoverageItem.GetFiles(TestRunConfiguration runConfig)
   at Microsoft.VisualStudio.TestTools.TestManagement.DeploymentManager.DoDeployment(TestRun run, FileCopyService fileCopyService)</Exception>
      </RunInfo>
      <RunInfo computerName="ARPAN-LAP" outcome="Warning" timestamp="2014-06-29T12:37:11.2246214+05:30">
        <Text>Warning: Test Run deployment issue: Failed to get the file for deployment item '..\UnitTest\TestCases\auxiliary_verbs_as_main_verbs.xml' specified by the test 'UnitTest.BnlpTest.auxiliary_verbs_as_main_verbs': System.IO.DirectoryNotFoundException: Could not find a part of the path 'D:\software\Project\UnitTest\TestCases\auxiliary_verbs_as_main_verbs.xml'.</Text>
        <Exception>System.IO.DirectoryNotFoundException: Could not find a part of the path 'D:\software\Project\UnitTest\TestCases\auxiliary_verbs_as_main_verbs.xml'.
   at System.IO.__Error.WinIOError(Int32 errorCode, String maybeFullPath)
   at System.IO.File.GetAttributes(String path)
   at Microsoft.VisualStudio.TestTools.Common.SingleFileProvider.GetFilePaths()
   at Microsoft.VisualStudio.TestTools.TestManagement.DeploymentCoverageItem.GetFiles(TestRunConfiguration runConfig)
   at Microsoft.VisualStudio.TestTools.TestManagement.DeploymentManager.DoDeployment(TestRun run, FileCopyService fileCopyService)</Exception>
      </RunInfo>
      <RunInfo computerName="ARPAN-LAP" outcome="Warning" timestamp="2014-06-29T12:37:11.2256215+05:30">
        <Text>Warning: Test Run deployment issue: Failed to get the file for deployment item '..\UnitTest\TestCases\all_persons_tenses_passive_negation.xml' specified by the test 'UnitTest.BnlpTest.all_persons_tenses_passive_negation': System.IO.DirectoryNotFoundException: Could not find a part of the path 'D:\software\Project\UnitTest\TestCases\all_persons_tenses_passive_negation.xml'.</Text>
        <Exception>System.IO.DirectoryNotFoundException: Could not find a part of the path 'D:\software\Project\UnitTest\TestCases\all_persons_tenses_passive_negation.xml'.
   at System.IO.__Error.WinIOError(Int32 errorCode, String maybeFullPath)
   at System.IO.File.GetAttributes(String path)
   at Microsoft.VisualStudio.TestTools.Common.SingleFileProvider.GetFilePaths()
   at Microsoft.VisualStudio.TestTools.TestManagement.DeploymentCoverageItem.GetFiles(TestRunConfiguration runConfig)
   at Microsoft.VisualStudio.TestTools.TestManagement.DeploymentManager.DoDeployment(TestRun run, FileCopyService fileCopyService)</Exception>
      </RunInfo>
      <RunInfo computerName="ARPAN-LAP" outcome="Warning" timestamp="2014-06-29T12:37:11.2266215+05:30">
        <Text>Warning: Test Run deployment issue: Failed to get the file for deployment item '..\UnitTest\TestCases\prepositions_made_with_two_words.xml' specified by the test 'UnitTest.BnlpTest.prepositions_made_with_two_words': System.IO.DirectoryNotFoundException: Could not find a part of the path 'D:\software\Project\UnitTest\TestCases\prepositions_made_with_two_words.xml'.</Text>
        <Exception>System.IO.DirectoryNotFoundException: Could not find a part of the path 'D:\software\Project\UnitTest\TestCases\prepositions_made_with_two_words.xml'.
   at System.IO.__Error.WinIOError(Int32 errorCode, String maybeFullPath)
   at System.IO.File.GetAttributes(String path)
   at Microsoft.VisualStudio.TestTools.Common.SingleFileProvider.GetFilePaths()
   at Microsoft.VisualStudio.TestTools.TestManagement.DeploymentCoverageItem.GetFiles(TestRunConfiguration runConfig)
   at Microsoft.VisualStudio.TestTools.TestManagement.DeploymentManager.DoDeployment(TestRun run, FileCopyService fileCopyService)</Exception>
      </RunInfo>
      <RunInfo computerName="ARPAN-LAP" outcome="Warning" timestamp="2014-06-29T12:37:11.2276216+05:30">
        <Text>Warning: Test Run deployment issue: Failed to get the file for deployment item '..\UnitTest\TestCases\first_person_tenses_active.xml' specified by the test 'UnitTest.BnlpTest.first_person_tenses_active': System.IO.DirectoryNotFoundException: Could not find a part of the path 'D:\software\Project\UnitTest\TestCases\first_person_tenses_active.xml'.</Text>
        <Exception>System.IO.DirectoryNotFoundException: Could not find a part of the path 'D:\software\Project\UnitTest\TestCases\first_person_tenses_active.xml'.
   at System.IO.__Error.WinIOError(Int32 errorCode, String maybeFullPath)
   at System.IO.File.GetAttributes(String path)
   at Microsoft.VisualStudio.TestTools.Common.SingleFileProvider.GetFilePaths()
   at Microsoft.VisualStudio.TestTools.TestManagement.DeploymentCoverageItem.GetFiles(TestRunConfiguration runConfig)
   at Microsoft.VisualStudio.TestTools.TestManagement.DeploymentManager.DoDeployment(TestRun run, FileCopyService fileCopyService)</Exception>
      </RunInfo>
      <RunInfo computerName="ARPAN-LAP" outcome="Warning" timestamp="2014-06-29T12:37:11.2286216+05:30">
        <Text>Warning: Test Run deployment issue: Failed to get the file for deployment item '..\UnitTest\TestCases\interrogative_sentences_why.xml' specified by the test 'UnitTest.BnlpTest.interrogative_sentences_why': System.IO.DirectoryNotFoundException: Could not find a part of the path 'D:\software\Project\UnitTest\TestCases\interrogative_sentences_why.xml'.</Text>
        <Exception>System.IO.DirectoryNotFoundException: Could not find a part of the path 'D:\software\Project\UnitTest\TestCases\interrogative_sentences_why.xml'.
   at System.IO.__Error.WinIOError(Int32 errorCode, String maybeFullPath)
   at System.IO.File.GetAttributes(String path)
   at Microsoft.VisualStudio.TestTools.Common.SingleFileProvider.GetFilePaths()
   at Microsoft.VisualStudio.TestTools.TestManagement.DeploymentCoverageItem.GetFiles(TestRunConfiguration runConfig)
   at Microsoft.VisualStudio.TestTools.TestManagement.DeploymentManager.DoDeployment(TestRun run, FileCopyService fileCopyService)</Exception>
      </RunInfo>
      <RunInfo computerName="ARPAN-LAP" outcome="Warning" timestamp="2014-06-29T12:37:11.2286216+05:30">
        <Text>Warning: Test Run deployment issue: Failed to get the file for deployment item '..\UnitTest\TestCases\all_persons_modal_can_may.xml' specified by the test 'UnitTest.BnlpTest.all_persons_modal_can_may': System.IO.DirectoryNotFoundException: Could not find a part of the path 'D:\software\Project\UnitTest\TestCases\all_persons_modal_can_may.xml'.</Text>
        <Exception>System.IO.DirectoryNotFoundException: Could not find a part of the path 'D:\software\Project\UnitTest\TestCases\all_persons_modal_can_may.xml'.
   at System.IO.__Error.WinIOError(Int32 errorCode, String maybeFullPath)
   at System.IO.File.GetAttributes(String path)
   at Microsoft.VisualStudio.TestTools.Common.SingleFileProvider.GetFilePaths()
   at Microsoft.VisualStudio.TestTools.TestManagement.DeploymentCoverageItem.GetFiles(TestRunConfiguration runConfig)
   at Microsoft.VisualStudio.TestTools.TestManagement.DeploymentManager.DoDeployment(TestRun run, FileCopyService fileCopyService)</Exception>
      </RunInfo>
    </RunInfos>
  </ResultSummary>
  <TestDefinitions>
    <UnitTest name="prepositions_made_with_three_words" storage="d:\software\project\bnlp\unittest\bin\debug\unittest.dll" id="0f33848d-a900-d644-7498-2526887b5425">
      <DeploymentItems>
        <DeploymentItem filename="..\UnitTest\TestCases\prepositions_made_with_three_words.xml" />
      </DeploymentItems>
      <Execution id="0ce1241c-71e9-47e8-8944-17caee4ed2ef" />
      <TestMethod codeBase="D:/software/Project/BNLP/UnitTest/bin/Debug/UnitTest.DLL" adapterTypeName="Microsoft.VisualStudio.TestTools.TestTypes.Unit.UnitTestAdapter, Microsoft.VisualStudio.QualityTools.Tips.UnitTest.Adapter, Version=10.0.0.0, Culture=neutral, PublicKeyToken=b03f5f7f11d50a3a" className="UnitTest.BnlpTest, UnitTest, Version=1.0.0.0, Culture=neutral, PublicKeyToken=null" name="prepositions_made_with_three_words" />
      <DataSource connectionString="|DataDirectory|\TestCases\prepositions_made_with_three_words.xml" providerInvariantName="Microsoft.VisualStudio.TestTools.DataSource.XML" tableName="sentence" />
    </UnitTest>
    <UnitTest name="first_person_tenses_active" storage="d:\software\project\bnlp\unittest\bin\debug\unittest.dll" id="921e6ab0-d7c2-6005-e523-6fd2d5e1a723">
      <DeploymentItems>
        <DeploymentItem filename="..\UnitTest\TestCases\first_person_tenses_active.xml" />
      </DeploymentItems>
      <Execution id="28ab52d8-e9b9-4940-b9b5-9b1a911aeaba" />
      <TestMethod codeBase="D:/software/Project/BNLP/UnitTest/bin/Debug/UnitTest.DLL" adapterTypeName="Microsoft.VisualStudio.TestTools.TestTypes.Unit.UnitTestAdapter, Microsoft.VisualStudio.QualityTools.Tips.UnitTest.Adapter, Version=10.0.0.0, Culture=neutral, PublicKeyToken=b03f5f7f11d50a3a" className="UnitTest.BnlpTest, UnitTest, Version=1.0.0.0, Culture=neutral, PublicKeyToken=null" name="first_person_tenses_active" />
      <DataSource connectionString="|DataDirectory|\TestCases\first_person_tenses_active.xml" providerInvariantName="Microsoft.VisualStudio.TestTools.DataSource.XML" tableName="sentence" />
    </UnitTest>
    <UnitTest name="interrogative_sentences_what" storage="d:\software\project\bnlp\unittest\bin\debug\unittest.dll" id="7f7910d1-dc89-39b4-b4cf-d9e6d7af9420">
      <DeploymentItems>
        <DeploymentItem filename="..\UnitTest\TestCases\interrogative_sentences_what.xml" />
      </DeploymentItems>
      <Execution id="9d66379a-36de-4bdf-a1d7-d85a952c40b1" />
      <TestMethod codeBase="D:/software/Project/BNLP/UnitTest/bin/Debug/UnitTest.DLL" adapterTypeName="Microsoft.VisualStudio.TestTools.TestTypes.Unit.UnitTestAdapter, Microsoft.VisualStudio.QualityTools.Tips.UnitTest.Adapter, Version=10.0.0.0, Culture=neutral, PublicKeyToken=b03f5f7f11d50a3a" className="UnitTest.BnlpTest, UnitTest, Version=1.0.0.0, Culture=neutral, PublicKeyToken=null" name="interrogative_sentences_what" />
      <DataSource connectionString="|DataDirectory|\TestCases\interrogative_sentences_what.xml" providerInvariantName="Microsoft.VisualStudio.TestTools.DataSource.XML" tableName="sentence" />
    </UnitTest>
    <UnitTest name="all_persons_modal_should_negation" storage="d:\software\project\bnlp\unittest\bin\debug\unittest.dll" id="9319d01e-de3e-d310-c76e-cae8dce4c924">
      <DeploymentItems>
        <DeploymentItem filename="..\UnitTest\TestCases\all_persons_modal_should_negation.xml" />
      </DeploymentItems>
      <Execution id="0ee9110f-cfb1-4a21-a4ed-5fe926d14258" />
      <TestMethod codeBase="D:/software/Project/BNLP/UnitTest/bin/Debug/UnitTest.DLL" adapterTypeName="Microsoft.VisualStudio.TestTools.TestTypes.Unit.UnitTestAdapter, Microsoft.VisualStudio.QualityTools.Tips.UnitTest.Adapter, Version=10.0.0.0, Culture=neutral, PublicKeyToken=b03f5f7f11d50a3a" className="UnitTest.BnlpTest, UnitTest, Version=1.0.0.0, Culture=neutral, PublicKeyToken=null" name="all_persons_modal_should_negation" />
      <DataSource connectionString="|DataDirectory|\TestCases\all_persons_modal_should_negation.xml" providerInvariantName="Microsoft.VisualStudio.TestTools.DataSource.XML" tableName="sentence" />
    </UnitTest>
    <UnitTest name="prepositions_made_with_two_words" storage="d:\software\project\bnlp\unittest\bin\debug\unittest.dll" id="0f337a75-1a2d-d9c3-6c5f-23ed2604b69d">
      <DeploymentItems>
        <DeploymentItem filename="..\UnitTest\TestCases\prepositions_made_with_two_words.xml" />
      </DeploymentItems>
      <Execution id="76f19f82-8403-4419-8c88-42914574aec1" />
      <TestMethod codeBase="D:/software/Project/BNLP/UnitTest/bin/Debug/UnitTest.DLL" adapterTypeName="Microsoft.VisualStudio.TestTools.TestTypes.Unit.UnitTestAdapter, Microsoft.VisualStudio.QualityTools.Tips.UnitTest.Adapter, Version=10.0.0.0, Culture=neutral, PublicKeyToken=b03f5f7f11d50a3a" className="UnitTest.BnlpTest, UnitTest, Version=1.0.0.0, Culture=neutral, PublicKeyToken=null" name="prepositions_made_with_two_words" />
      <DataSource connectionString="|DataDirectory|\TestCases\prepositions_made_with_two_words.xml" providerInvariantName="Microsoft.VisualStudio.TestTools.DataSource.XML" tableName="sentence" />
    </UnitTest>
    <UnitTest name="interrogative_sentences_do" storage="d:\software\project\bnlp\unittest\bin\debug\unittest.dll" id="1d63c318-78a9-9011-f5c0-0b01884a2881">
      <DeploymentItems>
        <DeploymentItem filename="..\UnitTest\TestCases\interrogative_sentences_do.xml" />
      </DeploymentItems>
      <Execution id="c27a78df-4175-4823-a5ef-f099f1933660" />
      <TestMethod codeBase="D:/software/Project/BNLP/UnitTest/bin/Debug/UnitTest.DLL" adapterTypeName="Microsoft.VisualStudio.TestTools.TestTypes.Unit.UnitTestAdapter, Microsoft.VisualStudio.QualityTools.Tips.UnitTest.Adapter, Version=10.0.0.0, Culture=neutral, PublicKeyToken=b03f5f7f11d50a3a" className="UnitTest.BnlpTest, UnitTest, Version=1.0.0.0, Culture=neutral, PublicKeyToken=null" name="interrogative_sentences_do" />
      <DataSource connectionString="|DataDirectory|\TestCases\interrogative_sentences_do.xml" providerInvariantName="Microsoft.VisualStudio.TestTools.DataSource.XML" tableName="sentence" />
    </UnitTest>
    <UnitTest name="all_persons_tenses_passive_negation" storage="d:\software\project\bnlp\unittest\bin\debug\unittest.dll" id="bdfe92b2-f4ac-73a5-f13d-5c1ea13721b4">
      <DeploymentItems>
        <DeploymentItem filename="..\UnitTest\TestCases\all_persons_tenses_passive_negation.xml" />
      </DeploymentItems>
      <Execution id="1ac91524-c0e8-4914-8813-7de4e94afe48" />
      <TestMethod codeBase="D:/software/Project/BNLP/UnitTest/bin/Debug/UnitTest.DLL" adapterTypeName="Microsoft.VisualStudio.TestTools.TestTypes.Unit.UnitTestAdapter, Microsoft.VisualStudio.QualityTools.Tips.UnitTest.Adapter, Version=10.0.0.0, Culture=neutral, PublicKeyToken=b03f5f7f11d50a3a" className="UnitTest.BnlpTest, UnitTest, Version=1.0.0.0, Culture=neutral, PublicKeyToken=null" name="all_persons_tenses_passive_negation" />
      <DataSource connectionString="|DataDirectory|\TestCases\all_persons_tenses_passive_negation.xml" providerInvariantName="Microsoft.VisualStudio.TestTools.DataSource.XML" tableName="sentence" />
    </UnitTest>
    <UnitTest name="third_person_tenses_active_negation" storage="d:\software\project\bnlp\unittest\bin\debug\unittest.dll" id="fe3e63ab-391c-e168-48d0-431b85a7b898">
      <DeploymentItems>
        <DeploymentItem filename="..\UnitTest\TestCases\third_person_tenses_active_negation.xml" />
      </DeploymentItems>
      <Execution id="0618591d-bbf5-4ed4-b0e8-fd372e8418f3" />
      <TestMethod codeBase="D:/software/Project/BNLP/UnitTest/bin/Debug/UnitTest.DLL" adapterTypeName="Microsoft.VisualStudio.TestTools.TestTypes.Unit.UnitTestAdapter, Microsoft.VisualStudio.QualityTools.Tips.UnitTest.Adapter, Version=10.0.0.0, Culture=neutral, PublicKeyToken=b03f5f7f11d50a3a" className="UnitTest.BnlpTest, UnitTest, Version=1.0.0.0, Culture=neutral, PublicKeyToken=null" name="third_person_tenses_active_negation" />
      <DataSource connectionString="|DataDirectory|\TestCases\third_person_tenses_active_negation.xml" providerInvariantName="Microsoft.VisualStudio.TestTools.DataSource.XML" tableName="sentence" />
    </UnitTest>
    <UnitTest name="all_persons_modal_should" storage="d:\software\project\bnlp\unittest\bin\debug\unittest.dll" id="783915fe-114a-e353-78dd-56e92a60f942">
      <DeploymentItems>
        <DeploymentItem filename="..\UnitTest\TestCases\all_persons_modal_should.xml" />
      </DeploymentItems>
      <Execution id="d69b973f-ba5d-4629-a568-65b441061e46" />
      <TestMethod codeBase="D:/software/Project/BNLP/UnitTest/bin/Debug/UnitTest.DLL" adapterTypeName="Microsoft.VisualStudio.TestTools.TestTypes.Unit.UnitTestAdapter, Microsoft.VisualStudio.QualityTools.Tips.UnitTest.Adapter, Version=10.0.0.0, Culture=neutral, PublicKeyToken=b03f5f7f11d50a3a" className="UnitTest.BnlpTest, UnitTest, Version=1.0.0.0, Culture=neutral, PublicKeyToken=null" name="all_persons_modal_should" />
      <DataSource connectionString="|DataDirectory|\TestCases\all_persons_modal_should.xml" providerInvariantName="Microsoft.VisualStudio.TestTools.DataSource.XML" tableName="sentence" />
    </UnitTest>
    <UnitTest name="second_person_tenses_active" storage="d:\software\project\bnlp\unittest\bin\debug\unittest.dll" id="30ab3285-6a8c-14d2-9725-bd60892ccd90">
      <DeploymentItems>
        <DeploymentItem filename="..\UnitTest\TestCases\second_person_tenses_active.xml" />
      </DeploymentItems>
      <Execution id="18615237-fa7a-46c0-999e-0206a04fb666" />
      <TestMethod codeBase="D:/software/Project/BNLP/UnitTest/bin/Debug/UnitTest.DLL" adapterTypeName="Microsoft.VisualStudio.TestTools.TestTypes.Unit.UnitTestAdapter, Microsoft.VisualStudio.QualityTools.Tips.UnitTest.Adapter, Version=10.0.0.0, Culture=neutral, PublicKeyToken=b03f5f7f11d50a3a" className="UnitTest.BnlpTest, UnitTest, Version=1.0.0.0, Culture=neutral, PublicKeyToken=null" name="second_person_tenses_active" />
      <DataSource connectionString="|DataDirectory|\TestCases\second_person_tenses_active.xml" providerInvariantName="Microsoft.VisualStudio.TestTools.DataSource.XML" tableName="sentence" />
    </UnitTest>
    <UnitTest name="interrogative_sentences_who" storage="d:\software\project\bnlp\unittest\bin\debug\unittest.dll" id="32b5d279-0d23-e5ad-0301-234c8788f740">
      <DeploymentItems>
        <DeploymentItem filename="..\UnitTest\TestCases\interrogative_sentences_who.xml" />
      </DeploymentItems>
      <Execution id="6a85e2ce-3889-4bf8-bf96-bacdf9c55f0b" />
      <TestMethod codeBase="D:/software/Project/BNLP/UnitTest/bin/Debug/UnitTest.DLL" adapterTypeName="Microsoft.VisualStudio.TestTools.TestTypes.Unit.UnitTestAdapter, Microsoft.VisualStudio.QualityTools.Tips.UnitTest.Adapter, Version=10.0.0.0, Culture=neutral, PublicKeyToken=b03f5f7f11d50a3a" className="UnitTest.BnlpTest, UnitTest, Version=1.0.0.0, Culture=neutral, PublicKeyToken=null" name="interrogative_sentences_who" />
      <DataSource connectionString="|DataDirectory|\TestCases\interrogative_sentences_who.xml" providerInvariantName="Microsoft.VisualStudio.TestTools.DataSource.XML" tableName="sentence" />
    </UnitTest>
    <UnitTest name="all_persons_modal_can_may" storage="d:\software\project\bnlp\unittest\bin\debug\unittest.dll" id="8fe5ccb3-a3f4-0f61-ad21-e94ef029e900">
      <DeploymentItems>
        <DeploymentItem filename="..\UnitTest\TestCases\all_persons_modal_can_may.xml" />
      </DeploymentItems>
      <Execution id="666bd328-7b8e-4dc0-ab48-d909c940d69f" />
      <TestMethod codeBase="D:/software/Project/BNLP/UnitTest/bin/Debug/UnitTest.DLL" adapterTypeName="Microsoft.VisualStudio.TestTools.TestTypes.Unit.UnitTestAdapter, Microsoft.VisualStudio.QualityTools.Tips.UnitTest.Adapter, Version=10.0.0.0, Culture=neutral, PublicKeyToken=b03f5f7f11d50a3a" className="UnitTest.BnlpTest, UnitTest, Version=1.0.0.0, Culture=neutral, PublicKeyToken=null" name="all_persons_modal_can_may" />
      <DataSource connectionString="|DataDirectory|\TestCases\all_persons_modal_can_may.xml" providerInvariantName="Microsoft.VisualStudio.TestTools.DataSource.XML" tableName="sentence" />
    </UnitTest>
    <UnitTest name="interrogative_sentences_how" storage="d:\software\project\bnlp\unittest\bin\debug\unittest.dll" id="227f20ae-8e76-eb71-39b2-4ada3ce6aba8">
      <DeploymentItems>
        <DeploymentItem filename="..\UnitTest\TestCases\interrogative_sentences_how.xml" />
      </DeploymentItems>
      <Execution id="9fde3381-33e5-4989-9993-bf4e03a585c2" />
      <TestMethod codeBase="D:/software/Project/BNLP/UnitTest/bin/Debug/UnitTest.DLL" adapterTypeName="Microsoft.VisualStudio.TestTools.TestTypes.Unit.UnitTestAdapter, Microsoft.VisualStudio.QualityTools.Tips.UnitTest.Adapter, Version=10.0.0.0, Culture=neutral, PublicKeyToken=b03f5f7f11d50a3a" className="UnitTest.BnlpTest, UnitTest, Version=1.0.0.0, Culture=neutral, PublicKeyToken=null" name="interrogative_sentences_how" />
      <DataSource connectionString="|DataDirectory|\TestCases\interrogative_sentences_how.xml" providerInvariantName="Microsoft.VisualStudio.TestTools.DataSource.XML" tableName="sentence" />
    </UnitTest>
    <UnitTest name="all_persons_modal_can_may_negation" storage="d:\software\project\bnlp\unittest\bin\debug\unittest.dll" id="d03eb628-bf1f-c27d-aeef-e708d613d686">
      <DeploymentItems>
        <DeploymentItem filename="..\UnitTest\TestCases\all_persons_modal_can_may_negation.xml" />
      </DeploymentItems>
      <Execution id="fdead025-86b6-4511-927b-f7d82c5a68c8" />
      <TestMethod codeBase="D:/software/Project/BNLP/UnitTest/bin/Debug/UnitTest.DLL" adapterTypeName="Microsoft.VisualStudio.TestTools.TestTypes.Unit.UnitTestAdapter, Microsoft.VisualStudio.QualityTools.Tips.UnitTest.Adapter, Version=10.0.0.0, Culture=neutral, PublicKeyToken=b03f5f7f11d50a3a" className="UnitTest.BnlpTest, UnitTest, Version=1.0.0.0, Culture=neutral, PublicKeyToken=null" name="all_persons_modal_can_may_negation" />
      <DataSource connectionString="|DataDirectory|\TestCases\all_persons_modal_can_may_negation.xml" providerInvariantName="Microsoft.VisualStudio.TestTools.DataSource.XML" tableName="sentence" />
    </UnitTest>
    <UnitTest name="RandomWord" storage="d:\software\project\bnlp\unittest\bin\debug\unittest.dll" id="642ce34f-0ed4-f995-637b-09297c832f2a">
      <DeploymentItems>
        <DeploymentItem filename="..\UnitTest\TestCases\wikipedia.xml" />
      </DeploymentItems>
      <Execution id="c1742aa0-8e64-4239-b8f4-6cc4182d0e2e" />
      <TestMethod codeBase="D:/software/Project/BNLP/UnitTest/bin/Debug/UnitTest.DLL" adapterTypeName="Microsoft.VisualStudio.TestTools.TestTypes.Unit.UnitTestAdapter, Microsoft.VisualStudio.QualityTools.Tips.UnitTest.Adapter, Version=10.0.0.0, Culture=neutral, PublicKeyToken=b03f5f7f11d50a3a" className="UnitTest.BnlpTest, UnitTest, Version=1.0.0.0, Culture=neutral, PublicKeyToken=null" name="RandomWord" />
      <DataSource connectionString="|DataDirectory|\TestCases\wikipedia.xml" providerInvariantName="Microsoft.VisualStudio.TestTools.DataSource.XML" tableName="sentence" />
    </UnitTest>
    <UnitTest name="second_person_tenses_active_negation" storage="d:\software\project\bnlp\unittest\bin\debug\unittest.dll" id="83c68223-dcaa-51dd-423f-434210a59f77">
      <DeploymentItems>
        <DeploymentItem filename="..\UnitTest\TestCases\second_person_tenses_active_negation.xml" />
      </DeploymentItems>
      <Execution id="65232d49-1445-47f5-a612-1ae5ffe7693e" />
      <TestMethod codeBase="D:/software/Project/BNLP/UnitTest/bin/Debug/UnitTest.DLL" adapterTypeName="Microsoft.VisualStudio.TestTools.TestTypes.Unit.UnitTestAdapter, Microsoft.VisualStudio.QualityTools.Tips.UnitTest.Adapter, Version=10.0.0.0, Culture=neutral, PublicKeyToken=b03f5f7f11d50a3a" className="UnitTest.BnlpTest, UnitTest, Version=1.0.0.0, Culture=neutral, PublicKeyToken=null" name="second_person_tenses_active_negation" />
      <DataSource connectionString="|DataDirectory|\TestCases\second_person_tenses_active_negation.xml" providerInvariantName="Microsoft.VisualStudio.TestTools.DataSource.XML" tableName="sentence" />
    </UnitTest>
    <UnitTest name="interrogative_sentences_why" storage="d:\software\project\bnlp\unittest\bin\debug\unittest.dll" id="1b04a6d6-5350-792c-8eba-a46a0eb28949">
      <DeploymentItems>
        <DeploymentItem filename="..\UnitTest\TestCases\interrogative_sentences_why.xml" />
      </DeploymentItems>
      <Execution id="141f79be-a8e4-4b5c-b45b-8871c4499ebf" />
      <TestMethod codeBase="D:/software/Project/BNLP/UnitTest/bin/Debug/UnitTest.DLL" adapterTypeName="Microsoft.VisualStudio.TestTools.TestTypes.Unit.UnitTestAdapter, Microsoft.VisualStudio.QualityTools.Tips.UnitTest.Adapter, Version=10.0.0.0, Culture=neutral, PublicKeyToken=b03f5f7f11d50a3a" className="UnitTest.BnlpTest, UnitTest, Version=1.0.0.0, Culture=neutral, PublicKeyToken=null" name="interrogative_sentences_why" />
      <DataSource connectionString="|DataDirectory|\TestCases\interrogative_sentences_why.xml" providerInvariantName="Microsoft.VisualStudio.TestTools.DataSource.XML" tableName="sentence" />
    </UnitTest>
    <UnitTest name="interrogative_sentences_which" storage="d:\software\project\bnlp\unittest\bin\debug\unittest.dll" id="97a1371f-e8e6-db3e-323e-49ffeef32df1">
      <DeploymentItems>
        <DeploymentItem filename="..\UnitTest\TestCases\interrogative_sentences_which.xml" />
      </DeploymentItems>
      <Execution id="209c72cb-6abd-4be5-b360-b1604ad32c15" />
      <TestMethod codeBase="D:/software/Project/BNLP/UnitTest/bin/Debug/UnitTest.DLL" adapterTypeName="Microsoft.VisualStudio.TestTools.TestTypes.Unit.UnitTestAdapter, Microsoft.VisualStudio.QualityTools.Tips.UnitTest.Adapter, Version=10.0.0.0, Culture=neutral, PublicKeyToken=b03f5f7f11d50a3a" className="UnitTest.BnlpTest, UnitTest, Version=1.0.0.0, Culture=neutral, PublicKeyToken=null" name="interrogative_sentences_which" />
      <DataSource connectionString="|DataDirectory|\TestCases\interrogative_sentences_which.xml" providerInvariantName="Microsoft.VisualStudio.TestTools.DataSource.XML" tableName="sentence" />
    </UnitTest>
    <UnitTest name="third_person_tenses_active" storage="d:\software\project\bnlp\unittest\bin\debug\unittest.dll" id="0bc2f98c-98f5-f190-c78c-c00d94c547a1">
      <DeploymentItems>
        <DeploymentItem filename="..\UnitTest\TestCases\third_person_tenses_active.xml" />
      </DeploymentItems>
      <Execution id="7699fefe-bb77-453f-9483-dda55d0aa11a" />
      <TestMethod codeBase="D:/software/Project/BNLP/UnitTest/bin/Debug/UnitTest.DLL" adapterTypeName="Microsoft.VisualStudio.TestTools.TestTypes.Unit.UnitTestAdapter, Microsoft.VisualStudio.QualityTools.Tips.UnitTest.Adapter, Version=10.0.0.0, Culture=neutral, PublicKeyToken=b03f5f7f11d50a3a" className="UnitTest.BnlpTest, UnitTest, Version=1.0.0.0, Culture=neutral, PublicKeyToken=null" name="third_person_tenses_active" />
      <DataSource connectionString="|DataDirectory|\TestCases\third_person_tenses_active.xml" providerInvariantName="Microsoft.VisualStudio.TestTools.DataSource.XML" tableName="sentence" />
    </UnitTest>
    <UnitTest name="auxiliary_verbs_as_main_verbs" storage="d:\software\project\bnlp\unittest\bin\debug\unittest.dll" id="c79146bc-2376-961a-5de9-441b5dfc7188">
      <DeploymentItems>
        <DeploymentItem filename="..\UnitTest\TestCases\auxiliary_verbs_as_main_verbs.xml" />
      </DeploymentItems>
      <Execution id="dcdadffe-737b-4b9f-a4d2-c5a4a6cb8251" />
      <TestMethod codeBase="D:/software/Project/BNLP/UnitTest/bin/Debug/UnitTest.DLL" adapterTypeName="Microsoft.VisualStudio.TestTools.TestTypes.Unit.UnitTestAdapter, Microsoft.VisualStudio.QualityTools.Tips.UnitTest.Adapter, Version=10.0.0.0, Culture=neutral, PublicKeyToken=b03f5f7f11d50a3a" className="UnitTest.BnlpTest, UnitTest, Version=1.0.0.0, Culture=neutral, PublicKeyToken=null" name="auxiliary_verbs_as_main_verbs" />
      <DataSource connectionString="|DataDirectory|\TestCases\auxiliary_verbs_as_main_verbs.xml" providerInvariantName="Microsoft.VisualStudio.TestTools.DataSource.XML" tableName="sentence" />
    </UnitTest>
    <UnitTest name="special_handling_do_verb" storage="d:\software\project\bnlp\unittest\bin\debug\unittest.dll" id="533e7939-123c-ce84-5c5c-d5a21d1d95b9">
      <DeploymentItems>
        <DeploymentItem filename="..\UnitTest\TestCases\special_handling_do_verb.xml" />
      </DeploymentItems>
      <Execution id="1576b579-eefb-4739-9a18-fe79d4f8e618" />
      <TestMethod codeBase="D:/software/Project/BNLP/UnitTest/bin/Debug/UnitTest.DLL" adapterTypeName="Microsoft.VisualStudio.TestTools.TestTypes.Unit.UnitTestAdapter, Microsoft.VisualStudio.QualityTools.Tips.UnitTest.Adapter, Version=10.0.0.0, Culture=neutral, PublicKeyToken=b03f5f7f11d50a3a" className="UnitTest.BnlpTest, UnitTest, Version=1.0.0.0, Culture=neutral, PublicKeyToken=null" name="special_handling_do_verb" />
      <DataSource connectionString="|DataDirectory|\TestCases\special_handling_do_verb.xml" providerInvariantName="Microsoft.VisualStudio.TestTools.DataSource.XML" tableName="sentence" />
    </UnitTest>
    <UnitTest name="interrogative_sentences_whom" storage="d:\software\project\bnlp\unittest\bin\debug\unittest.dll" id="4e91a3b9-9eae-ebff-0b97-303f00578a78">
      <DeploymentItems>
        <DeploymentItem filename="..\UnitTest\TestCases\interrogative_sentences_whom.xml" />
      </DeploymentItems>
      <Execution id="c3fd52ff-45ee-4f06-b63a-e57b036152ce" />
      <TestMethod codeBase="D:/software/Project/BNLP/UnitTest/bin/Debug/UnitTest.DLL" adapterTypeName="Microsoft.VisualStudio.TestTools.TestTypes.Unit.UnitTestAdapter, Microsoft.VisualStudio.QualityTools.Tips.UnitTest.Adapter, Version=10.0.0.0, Culture=neutral, PublicKeyToken=b03f5f7f11d50a3a" className="UnitTest.BnlpTest, UnitTest, Version=1.0.0.0, Culture=neutral, PublicKeyToken=null" name="interrogative_sentences_whom" />
      <DataSource connectionString="|DataDirectory|\TestCases\interrogative_sentences_whom.xml" providerInvariantName="Microsoft.VisualStudio.TestTools.DataSource.XML" tableName="sentence" />
    </UnitTest>
    <UnitTest name="interrogative_sentences_where" storage="d:\software\project\bnlp\unittest\bin\debug\unittest.dll" id="b9261b51-b0a2-10e2-9308-22bb2624de8b">
      <DeploymentItems>
        <DeploymentItem filename="..\UnitTest\TestCases\interrogative_sentences_where.xml" />
      </DeploymentItems>
      <Execution id="a1c6b735-95c8-401e-ad1d-4eb8954b014c" />
      <TestMethod codeBase="D:/software/Project/BNLP/UnitTest/bin/Debug/UnitTest.DLL" adapterTypeName="Microsoft.VisualStudio.TestTools.TestTypes.Unit.UnitTestAdapter, Microsoft.VisualStudio.QualityTools.Tips.UnitTest.Adapter, Version=10.0.0.0, Culture=neutral, PublicKeyToken=b03f5f7f11d50a3a" className="UnitTest.BnlpTest, UnitTest, Version=1.0.0.0, Culture=neutral, PublicKeyToken=null" name="interrogative_sentences_where" />
      <DataSource connectionString="|DataDirectory|\TestCases\interrogative_sentences_where.xml" providerInvariantName="Microsoft.VisualStudio.TestTools.DataSource.XML" tableName="sentence" />
    </UnitTest>
    <UnitTest name="interrogative_sentences_aux" storage="d:\software\project\bnlp\unittest\bin\debug\unittest.dll" id="39dcb97e-c73f-c645-a77c-64d9eba0a3a3">
      <DeploymentItems>
        <DeploymentItem filename="..\UnitTest\TestCases\interrogative_sentences_aux.xml" />
      </DeploymentItems>
      <Execution id="e6c5c1a3-0886-405b-8d42-6a094a5e1968" />
      <TestMethod codeBase="D:/software/Project/BNLP/UnitTest/bin/Debug/UnitTest.DLL" adapterTypeName="Microsoft.VisualStudio.TestTools.TestTypes.Unit.UnitTestAdapter, Microsoft.VisualStudio.QualityTools.Tips.UnitTest.Adapter, Version=10.0.0.0, Culture=neutral, PublicKeyToken=b03f5f7f11d50a3a" className="UnitTest.BnlpTest, UnitTest, Version=1.0.0.0, Culture=neutral, PublicKeyToken=null" name="interrogative_sentences_aux" />
      <DataSource connectionString="|DataDirectory|\TestCases\interrogative_sentences_aux.xml" providerInvariantName="Microsoft.VisualStudio.TestTools.DataSource.XML" tableName="sentence" />
    </UnitTest>
    <UnitTest name="all_persons_tenses_passive" storage="d:\software\project\bnlp\unittest\bin\debug\unittest.dll" id="d766a059-d96c-7b47-e6a6-34931760df96">
      <DeploymentItems>
        <DeploymentItem filename="..\UnitTest\TestCases\all_persons_tenses_passive.xml" />
      </DeploymentItems>
      <Execution id="146543c0-2fe2-4b9a-a090-01631657bb56" />
      <TestMethod codeBase="D:/software/Project/BNLP/UnitTest/bin/Debug/UnitTest.DLL" adapterTypeName="Microsoft.VisualStudio.TestTools.TestTypes.Unit.UnitTestAdapter, Microsoft.VisualStudio.QualityTools.Tips.UnitTest.Adapter, Version=10.0.0.0, Culture=neutral, PublicKeyToken=b03f5f7f11d50a3a" className="UnitTest.BnlpTest, UnitTest, Version=1.0.0.0, Culture=neutral, PublicKeyToken=null" name="all_persons_tenses_passive" />
      <DataSource connectionString="|DataDirectory|\TestCases\all_persons_tenses_passive.xml" providerInvariantName="Microsoft.VisualStudio.TestTools.DataSource.XML" tableName="sentence" />
    </UnitTest>
    <UnitTest name="first_person_tenses_active_negation" storage="d:\software\project\bnlp\unittest\bin\debug\unittest.dll" id="15fe5bf6-5078-81a8-0356-385549390bb7">
      <DeploymentItems>
        <DeploymentItem filename="..\UnitTest\TestCases\first_person_tenses_active_negation.xml" />
      </DeploymentItems>
      <Execution id="70e1f4fc-bc24-4a06-b568-beecec2e24c5" />
      <TestMethod codeBase="D:/software/Project/BNLP/UnitTest/bin/Debug/UnitTest.DLL" adapterTypeName="Microsoft.VisualStudio.TestTools.TestTypes.Unit.UnitTestAdapter, Microsoft.VisualStudio.QualityTools.Tips.UnitTest.Adapter, Version=10.0.0.0, Culture=neutral, PublicKeyToken=b03f5f7f11d50a3a" className="UnitTest.BnlpTest, UnitTest, Version=1.0.0.0, Culture=neutral, PublicKeyToken=null" name="first_person_tenses_active_negation" />
      <DataSource connectionString="|DataDirectory|\TestCases\first_person_tenses_active_negation.xml" providerInvariantName="Microsoft.VisualStudio.TestTools.DataSource.XML" tableName="sentence" />
    </UnitTest>
  </TestDefinitions>
  <TestLists>
    <TestList name="Results Not in a List" id="8c84fa94-04c1-424b-9868-57a2d4851a1d" />
    <TestList name="All Loaded Results" id="19431567-8539-422a-85d7-44ee4e166bda" />
  </TestLists>
  <TestEntries>
    <TestEntry testId="0bc2f98c-98f5-f190-c78c-c00d94c547a1" executionId="7699fefe-bb77-453f-9483-dda55d0aa11a" testListId="8c84fa94-04c1-424b-9868-57a2d4851a1d" />
    <TestEntry testId="0f337a75-1a2d-d9c3-6c5f-23ed2604b69d" executionId="76f19f82-8403-4419-8c88-42914574aec1" testListId="8c84fa94-04c1-424b-9868-57a2d4851a1d" />
    <TestEntry testId="0f33848d-a900-d644-7498-2526887b5425" executionId="0ce1241c-71e9-47e8-8944-17caee4ed2ef" testListId="8c84fa94-04c1-424b-9868-57a2d4851a1d" />
    <TestEntry testId="15fe5bf6-5078-81a8-0356-385549390bb7" executionId="70e1f4fc-bc24-4a06-b568-beecec2e24c5" testListId="8c84fa94-04c1-424b-9868-57a2d4851a1d" />
    <TestEntry testId="1b04a6d6-5350-792c-8eba-a46a0eb28949" executionId="141f79be-a8e4-4b5c-b45b-8871c4499ebf" testListId="8c84fa94-04c1-424b-9868-57a2d4851a1d" />
    <TestEntry testId="1d63c318-78a9-9011-f5c0-0b01884a2881" executionId="c27a78df-4175-4823-a5ef-f099f1933660" testListId="8c84fa94-04c1-424b-9868-57a2d4851a1d" />
    <TestEntry testId="227f20ae-8e76-eb71-39b2-4ada3ce6aba8" executionId="9fde3381-33e5-4989-9993-bf4e03a585c2" testListId="8c84fa94-04c1-424b-9868-57a2d4851a1d" />
    <TestEntry testId="30ab3285-6a8c-14d2-9725-bd60892ccd90" executionId="18615237-fa7a-46c0-999e-0206a04fb666" testListId="8c84fa94-04c1-424b-9868-57a2d4851a1d" />
    <TestEntry testId="32b5d279-0d23-e5ad-0301-234c8788f740" executionId="6a85e2ce-3889-4bf8-bf96-bacdf9c55f0b" testListId="8c84fa94-04c1-424b-9868-57a2d4851a1d" />
    <TestEntry testId="39dcb97e-c73f-c645-a77c-64d9eba0a3a3" executionId="e6c5c1a3-0886-405b-8d42-6a094a5e1968" testListId="8c84fa94-04c1-424b-9868-57a2d4851a1d" />
    <TestEntry testId="4e91a3b9-9eae-ebff-0b97-303f00578a78" executionId="c3fd52ff-45ee-4f06-b63a-e57b036152ce" testListId="8c84fa94-04c1-424b-9868-57a2d4851a1d" />
    <TestEntry testId="533e7939-123c-ce84-5c5c-d5a21d1d95b9" executionId="1576b579-eefb-4739-9a18-fe79d4f8e618" testListId="8c84fa94-04c1-424b-9868-57a2d4851a1d" />
    <TestEntry testId="642ce34f-0ed4-f995-637b-09297c832f2a" executionId="c1742aa0-8e64-4239-b8f4-6cc4182d0e2e" testListId="8c84fa94-04c1-424b-9868-57a2d4851a1d" />
    <TestEntry testId="783915fe-114a-e353-78dd-56e92a60f942" executionId="d69b973f-ba5d-4629-a568-65b441061e46" testListId="8c84fa94-04c1-424b-9868-57a2d4851a1d" />
    <TestEntry testId="7f7910d1-dc89-39b4-b4cf-d9e6d7af9420" executionId="9d66379a-36de-4bdf-a1d7-d85a952c40b1" testListId="8c84fa94-04c1-424b-9868-57a2d4851a1d" />
    <TestEntry testId="83c68223-dcaa-51dd-423f-434210a59f77" executionId="65232d49-1445-47f5-a612-1ae5ffe7693e" testListId="8c84fa94-04c1-424b-9868-57a2d4851a1d" />
    <TestEntry testId="8fe5ccb3-a3f4-0f61-ad21-e94ef029e900" executionId="666bd328-7b8e-4dc0-ab48-d909c940d69f" testListId="8c84fa94-04c1-424b-9868-57a2d4851a1d" />
    <TestEntry testId="921e6ab0-d7c2-6005-e523-6fd2d5e1a723" executionId="28ab52d8-e9b9-4940-b9b5-9b1a911aeaba" testListId="8c84fa94-04c1-424b-9868-57a2d4851a1d" />
    <TestEntry testId="9319d01e-de3e-d310-c76e-cae8dce4c924" executionId="0ee9110f-cfb1-4a21-a4ed-5fe926d14258" testListId="8c84fa94-04c1-424b-9868-57a2d4851a1d" />
    <TestEntry testId="97a1371f-e8e6-db3e-323e-49ffeef32df1" executionId="209c72cb-6abd-4be5-b360-b1604ad32c15" testListId="8c84fa94-04c1-424b-9868-57a2d4851a1d" />
    <TestEntry testId="b9261b51-b0a2-10e2-9308-22bb2624de8b" executionId="a1c6b735-95c8-401e-ad1d-4eb8954b014c" testListId="8c84fa94-04c1-424b-9868-57a2d4851a1d" />
    <TestEntry testId="bdfe92b2-f4ac-73a5-f13d-5c1ea13721b4" executionId="1ac91524-c0e8-4914-8813-7de4e94afe48" testListId="8c84fa94-04c1-424b-9868-57a2d4851a1d" />
    <TestEntry testId="c79146bc-2376-961a-5de9-441b5dfc7188" executionId="dcdadffe-737b-4b9f-a4d2-c5a4a6cb8251" testListId="8c84fa94-04c1-424b-9868-57a2d4851a1d" />
    <TestEntry testId="d03eb628-bf1f-c27d-aeef-e708d613d686" executionId="fdead025-86b6-4511-927b-f7d82c5a68c8" testListId="8c84fa94-04c1-424b-9868-57a2d4851a1d" />
    <TestEntry testId="d766a059-d96c-7b47-e6a6-34931760df96" executionId="146543c0-2fe2-4b9a-a090-01631657bb56" testListId="8c84fa94-04c1-424b-9868-57a2d4851a1d" />
    <TestEntry testId="fe3e63ab-391c-e168-48d0-431b85a7b898" executionId="0618591d-bbf5-4ed4-b0e8-fd372e8418f3" testListId="8c84fa94-04c1-424b-9868-57a2d4851a1d" />
  </TestEntries>
  <Results>
    <UnitTestResult executionId="7699fefe-bb77-453f-9483-dda55d0aa11a" testId="0bc2f98c-98f5-f190-c78c-c00d94c547a1" testName="third_person_tenses_active" computerName="ARPAN-LAP" duration="00:00:07.3017372" startTime="2014-06-29T12:37:11.2706240+05:30" endTime="2014-06-29T12:37:19.0040664+05:30" testType="13cdc9d9-ddb5-4fa4-a97d-d965ccfc6d4b" outcome="Passed" testListId="8c84fa94-04c1-424b-9868-57a2d4851a1d" relativeResultsDirectory="7699fefe-bb77-453f-9483-dda55d0aa11a" resultType="DataDrivenTest">
      <Counters error="0" failed="0" timeout="0" aborted="0" inconclusive="0" passedButRunAborted="0" notRunnable="0" notExecuted="0" disconnected="0" warning="0" passed="10" completed="0" inProgress="0" pending="0" />
      <InnerResults>
        <UnitTestResult executionId="fc327b48-abe9-4650-9932-469785601b9c" parentExecutionId="7699fefe-bb77-453f-9483-dda55d0aa11a" testId="0bc2f98c-98f5-f190-c78c-c00d94c547a1" testName="third_person_tenses_active" computerName="ARPAN-LAP" duration="00:00:07.0304129" startTime="2014-06-29T12:37:11.6676468+05:30" endTime="2014-06-29T12:37:18.7040492+05:30" testType="13cdc9d9-ddb5-4fa4-a97d-d965ccfc6d4b" outcome="Passed" testListId="8c84fa94-04c1-424b-9868-57a2d4851a1d" relativeResultsDirectory="7699fefe-bb77-453f-9483-dda55d0aa11a" dataRowInfo="0" resultType="DataDrivenDataRow" />
        <UnitTestResult executionId="c9c9f79e-737e-453a-8492-2f76ce43128f" parentExecutionId="7699fefe-bb77-453f-9483-dda55d0aa11a" testId="0bc2f98c-98f5-f190-c78c-c00d94c547a1" testName="third_person_tenses_active" computerName="ARPAN-LAP" duration="00:00:00.0195249" startTime="2014-06-29T12:37:18.7040492+05:30" endTime="2014-06-29T12:37:18.7240504+05:30" testType="13cdc9d9-ddb5-4fa4-a97d-d965ccfc6d4b" outcome="Passed" testListId="8c84fa94-04c1-424b-9868-57a2d4851a1d" relativeResultsDirectory="7699fefe-bb77-453f-9483-dda55d0aa11a" dataRowInfo="1" resultType="DataDrivenDataRow" />
        <UnitTestResult executionId="c8fe6fc6-909c-44a7-9129-1ec132f0fc96" parentExecutionId="7699fefe-bb77-453f-9483-dda55d0aa11a" testId="0bc2f98c-98f5-f190-c78c-c00d94c547a1" testName="third_person_tenses_active" computerName="ARPAN-LAP" duration="00:00:00.0676098" startTime="2014-06-29T12:37:18.7240504+05:30" endTime="2014-06-29T12:37:18.7910542+05:30" testType="13cdc9d9-ddb5-4fa4-a97d-d965ccfc6d4b" outcome="Passed" testListId="8c84fa94-04c1-424b-9868-57a2d4851a1d" relativeResultsDirectory="7699fefe-bb77-453f-9483-dda55d0aa11a" dataRowInfo="2" resultType="DataDrivenDataRow" />
        <UnitTestResult executionId="5fdcd176-c356-4202-a01d-b7eec7e8fd4f" parentExecutionId="7699fefe-bb77-453f-9483-dda55d0aa11a" testId="0bc2f98c-98f5-f190-c78c-c00d94c547a1" testName="third_person_tenses_active" computerName="ARPAN-LAP" duration="00:00:00.0480053" startTime="2014-06-29T12:37:18.7910542+05:30" endTime="2014-06-29T12:37:18.8390569+05:30" testType="13cdc9d9-ddb5-4fa4-a97d-d965ccfc6d4b" outcome="Passed" testListId="8c84fa94-04c1-424b-9868-57a2d4851a1d" relativeResultsDirectory="7699fefe-bb77-453f-9483-dda55d0aa11a" dataRowInfo="3" resultType="DataDrivenDataRow" />
        <UnitTestResult executionId="b02c1a22-161f-4e2f-a3ca-3b06d0e0211d" parentExecutionId="7699fefe-bb77-453f-9483-dda55d0aa11a" testId="0bc2f98c-98f5-f190-c78c-c00d94c547a1" testName="third_person_tenses_active" computerName="ARPAN-LAP" duration="00:00:00.0139471" startTime="2014-06-29T12:37:18.8390569+05:30" endTime="2014-06-29T12:37:18.8530577+05:30" testType="13cdc9d9-ddb5-4fa4-a97d-d965ccfc6d4b" outcome="Passed" testListId="8c84fa94-04c1-424b-9868-57a2d4851a1d" relativeResultsDirectory="7699fefe-bb77-453f-9483-dda55d0aa11a" dataRowInfo="4" resultType="DataDrivenDataRow" />
        <UnitTestResult executionId="60269113-1b73-4f6c-9213-ffeb2dd32ba6" parentExecutionId="7699fefe-bb77-453f-9483-dda55d0aa11a" testId="0bc2f98c-98f5-f190-c78c-c00d94c547a1" testName="third_person_tenses_active" computerName="ARPAN-LAP" duration="00:00:00.0193647" startTime="2014-06-29T12:37:18.8530577+05:30" endTime="2014-06-29T12:37:18.8730589+05:30" testType="13cdc9d9-ddb5-4fa4-a97d-d965ccfc6d4b" outcome="Passed" testListId="8c84fa94-04c1-424b-9868-57a2d4851a1d" relativeResultsDirectory="7699fefe-bb77-453f-9483-dda55d0aa11a" dataRowInfo="5" resultType="DataDrivenDataRow" />
        <UnitTestResult executionId="d5d0e53d-15a2-45e7-8db9-0d85fdf9037a" parentExecutionId="7699fefe-bb77-453f-9483-dda55d0aa11a" testId="0bc2f98c-98f5-f190-c78c-c00d94c547a1" testName="third_person_tenses_active" computerName="ARPAN-LAP" duration="00:00:00.0172742" startTime="2014-06-29T12:37:18.8730589+05:30" endTime="2014-06-29T12:37:18.8900599+05:30" testType="13cdc9d9-ddb5-4fa4-a97d-d965ccfc6d4b" outcome="Passed" testListId="8c84fa94-04c1-424b-9868-57a2d4851a1d" relativeResultsDirectory="7699fefe-bb77-453f-9483-dda55d0aa11a" dataRowInfo="6" resultType="DataDrivenDataRow" />
        <UnitTestResult executionId="a6b47dde-dc65-4b30-8e3e-1ffddead93d5" parentExecutionId="7699fefe-bb77-453f-9483-dda55d0aa11a" testId="0bc2f98c-98f5-f190-c78c-c00d94c547a1" testName="third_person_tenses_active" computerName="ARPAN-LAP" duration="00:00:00.0237578" startTime="2014-06-29T12:37:18.8900599+05:30" endTime="2014-06-29T12:37:18.9140612+05:30" testType="13cdc9d9-ddb5-4fa4-a97d-d965ccfc6d4b" outcome="Passed" testListId="8c84fa94-04c1-424b-9868-57a2d4851a1d" relativeResultsDirectory="7699fefe-bb77-453f-9483-dda55d0aa11a" dataRowInfo="7" resultType="DataDrivenDataRow" />
        <UnitTestResult executionId="126b8229-dc14-4958-b299-124f0ba05138" parentExecutionId="7699fefe-bb77-453f-9483-dda55d0aa11a" testId="0bc2f98c-98f5-f190-c78c-c00d94c547a1" testName="third_person_tenses_active" computerName="ARPAN-LAP" duration="00:00:00.0193406" startTime="2014-06-29T12:37:18.9140612+05:30" endTime="2014-06-29T12:37:18.9330623+05:30" testType="13cdc9d9-ddb5-4fa4-a97d-d965ccfc6d4b" outcome="Passed" testListId="8c84fa94-04c1-424b-9868-57a2d4851a1d" relativeResultsDirectory="7699fefe-bb77-453f-9483-dda55d0aa11a" dataRowInfo="8" resultType="DataDrivenDataRow" />
        <UnitTestResult executionId="4e7171d8-1d47-4efe-9ed9-defeb5e8921e" parentExecutionId="7699fefe-bb77-453f-9483-dda55d0aa11a" testId="0bc2f98c-98f5-f190-c78c-c00d94c547a1" testName="third_person_tenses_active" computerName="ARPAN-LAP" duration="00:00:00.0234663" startTime="2014-06-29T12:37:18.9330623+05:30" endTime="2014-06-29T12:37:18.9570637+05:30" testType="13cdc9d9-ddb5-4fa4-a97d-d965ccfc6d4b" outcome="Passed" testListId="8c84fa94-04c1-424b-9868-57a2d4851a1d" relativeResultsDirectory="7699fefe-bb77-453f-9483-dda55d0aa11a" dataRowInfo="9" resultType="DataDrivenDataRow" />
      </InnerResults>
    </UnitTestResult>
    <UnitTestResult executionId="76f19f82-8403-4419-8c88-42914574aec1" testId="0f337a75-1a2d-d9c3-6c5f-23ed2604b69d" testName="prepositions_made_with_two_words" computerName="ARPAN-LAP" duration="00:00:00.1321395" startTime="2014-06-29T12:37:19.0110668+05:30" endTime="2014-06-29T12:37:19.1590752+05:30" testType="13cdc9d9-ddb5-4fa4-a97d-d965ccfc6d4b" outcome="Passed" testListId="8c84fa94-04c1-424b-9868-57a2d4851a1d" relativeResultsDirectory="76f19f82-8403-4419-8c88-42914574aec1" resultType="DataDrivenTest">
      <Counters error="0" failed="0" timeout="0" aborted="0" inconclusive="0" passedButRunAborted="0" notRunnable="0" notExecuted="0" disconnected="0" warning="0" passed="3" completed="0" inProgress="0" pending="0" />
      <InnerResults>
        <UnitTestResult executionId="6c9d4667-dec3-4a55-a6f7-d9b761cde6a7" parentExecutionId="76f19f82-8403-4419-8c88-42914574aec1" testId="0f337a75-1a2d-d9c3-6c5f-23ed2604b69d" testName="prepositions_made_with_two_words" computerName="ARPAN-LAP" duration="00:00:00.0381064" startTime="2014-06-29T12:37:19.0170671+05:30" endTime="2014-06-29T12:37:19.0550693+05:30" testType="13cdc9d9-ddb5-4fa4-a97d-d965ccfc6d4b" outcome="Passed" testListId="8c84fa94-04c1-424b-9868-57a2d4851a1d" relativeResultsDirectory="76f19f82-8403-4419-8c88-42914574aec1" dataRowInfo="0" resultType="DataDrivenDataRow" />
        <UnitTestResult executionId="a2db5749-0787-4bf6-92d2-726601359473" parentExecutionId="76f19f82-8403-4419-8c88-42914574aec1" testId="0f337a75-1a2d-d9c3-6c5f-23ed2604b69d" testName="prepositions_made_with_two_words" computerName="ARPAN-LAP" duration="00:00:00.0443632" startTime="2014-06-29T12:37:19.0550693+05:30" endTime="2014-06-29T12:37:19.1000719+05:30" testType="13cdc9d9-ddb5-4fa4-a97d-d965ccfc6d4b" outcome="Passed" testListId="8c84fa94-04c1-424b-9868-57a2d4851a1d" relativeResultsDirectory="76f19f82-8403-4419-8c88-42914574aec1" dataRowInfo="1" resultType="DataDrivenDataRow" />
        <UnitTestResult executionId="fc256251-b2bd-4ae3-b672-0ee2c25434d6" parentExecutionId="76f19f82-8403-4419-8c88-42914574aec1" testId="0f337a75-1a2d-d9c3-6c5f-23ed2604b69d" testName="prepositions_made_with_two_words" computerName="ARPAN-LAP" duration="00:00:00.0476584" startTime="2014-06-29T12:37:19.1000719+05:30" endTime="2014-06-29T12:37:19.1480746+05:30" testType="13cdc9d9-ddb5-4fa4-a97d-d965ccfc6d4b" outcome="Passed" testListId="8c84fa94-04c1-424b-9868-57a2d4851a1d" relativeResultsDirectory="76f19f82-8403-4419-8c88-42914574aec1" dataRowInfo="2" resultType="DataDrivenDataRow" />
      </InnerResults>
    </UnitTestResult>
    <UnitTestResult executionId="0ce1241c-71e9-47e8-8944-17caee4ed2ef" testId="0f33848d-a900-d644-7498-2526887b5425" testName="prepositions_made_with_three_words" computerName="ARPAN-LAP" duration="00:00:00.1919933" startTime="2014-06-29T12:37:19.1620754+05:30" endTime="2014-06-29T12:37:19.3720874+05:30" testType="13cdc9d9-ddb5-4fa4-a97d-d965ccfc6d4b" outcome="Passed" testListId="8c84fa94-04c1-424b-9868-57a2d4851a1d" relativeResultsDirectory="0ce1241c-71e9-47e8-8944-17caee4ed2ef" resultType="DataDrivenTest">
      <Counters error="0" failed="0" timeout="0" aborted="0" inconclusive="0" passedButRunAborted="0" notRunnable="0" notExecuted="0" disconnected="0" warning="0" passed="4" completed="0" inProgress="0" pending="0" />
      <InnerResults>
        <UnitTestResult executionId="d1521c26-a21a-4c34-82d3-d9b7705c6671" parentExecutionId="0ce1241c-71e9-47e8-8944-17caee4ed2ef" testId="0f33848d-a900-d644-7498-2526887b5425" testName="prepositions_made_with_three_words" computerName="ARPAN-LAP" duration="00:00:00.0373334" startTime="2014-06-29T12:37:19.1680758+05:30" endTime="2014-06-29T12:37:19.2050779+05:30" testType="13cdc9d9-ddb5-4fa4-a97d-d965ccfc6d4b" outcome="Passed" testListId="8c84fa94-04c1-424b-9868-57a2d4851a1d" relativeResultsDirectory="0ce1241c-71e9-47e8-8944-17caee4ed2ef" dataRowInfo="0" resultType="DataDrivenDataRow" />
        <UnitTestResult executionId="6f2bdac9-6e28-4770-b111-9bdff1c4eb45" parentExecutionId="0ce1241c-71e9-47e8-8944-17caee4ed2ef" testId="0f33848d-a900-d644-7498-2526887b5425" testName="prepositions_made_with_three_words" computerName="ARPAN-LAP" duration="00:00:00.0422454" startTime="2014-06-29T12:37:19.2050779+05:30" endTime="2014-06-29T12:37:19.2470803+05:30" testType="13cdc9d9-ddb5-4fa4-a97d-d965ccfc6d4b" outcome="Passed" testListId="8c84fa94-04c1-424b-9868-57a2d4851a1d" relativeResultsDirectory="0ce1241c-71e9-47e8-8944-17caee4ed2ef" dataRowInfo="1" resultType="DataDrivenDataRow" />
        <UnitTestResult executionId="15510aab-6b75-4baa-bd77-fd5e24e78ff3" parentExecutionId="0ce1241c-71e9-47e8-8944-17caee4ed2ef" testId="0f33848d-a900-d644-7498-2526887b5425" testName="prepositions_made_with_three_words" computerName="ARPAN-LAP" duration="00:00:00.0600401" startTime="2014-06-29T12:37:19.2470803+05:30" endTime="2014-06-29T12:37:19.3070837+05:30" testType="13cdc9d9-ddb5-4fa4-a97d-d965ccfc6d4b" outcome="Passed" testListId="8c84fa94-04c1-424b-9868-57a2d4851a1d" relativeResultsDirectory="0ce1241c-71e9-47e8-8944-17caee4ed2ef" dataRowInfo="2" resultType="DataDrivenDataRow" />
        <UnitTestResult executionId="11a0190f-d84c-4d31-8997-8533b3023da4" parentExecutionId="0ce1241c-71e9-47e8-8944-17caee4ed2ef" testId="0f33848d-a900-d644-7498-2526887b5425" testName="prepositions_made_with_three_words" computerName="ARPAN-LAP" duration="00:00:00.0501519" startTime="2014-06-29T12:37:19.3070837+05:30" endTime="2014-06-29T12:37:19.3580866+05:30" testType="13cdc9d9-ddb5-4fa4-a97d-d965ccfc6d4b" outcome="Passed" testListId="8c84fa94-04c1-424b-9868-57a2d4851a1d" relativeResultsDirectory="0ce1241c-71e9-47e8-8944-17caee4ed2ef" dataRowInfo="3" resultType="DataDrivenDataRow" />
      </InnerResults>
    </UnitTestResult>
    <UnitTestResult executionId="70e1f4fc-bc24-4a06-b568-beecec2e24c5" testId="15fe5bf6-5078-81a8-0356-385549390bb7" testName="first_person_tenses_active_negation" computerName="ARPAN-LAP" duration="00:00:00.2777248" startTime="2014-06-29T12:37:19.3740875+05:30" endTime="2014-06-29T12:37:19.7001062+05:30" testType="13cdc9d9-ddb5-4fa4-a97d-d965ccfc6d4b" outcome="Passed" testListId="8c84fa94-04c1-424b-9868-57a2d4851a1d" relativeResultsDirectory="70e1f4fc-bc24-4a06-b568-beecec2e24c5" resultType="DataDrivenTest">
      <Counters error="0" failed="0" timeout="0" aborted="0" inconclusive="0" passedButRunAborted="0" notRunnable="0" notExecuted="0" disconnected="0" warning="0" passed="10" completed="0" inProgress="0" pending="0" />
      <InnerResults>
        <UnitTestResult executionId="8b50c963-978a-4cd8-9f49-7856b4041b57" parentExecutionId="70e1f4fc-bc24-4a06-b568-beecec2e24c5" testId="15fe5bf6-5078-81a8-0356-385549390bb7" testName="first_person_tenses_active_negation" computerName="ARPAN-LAP" duration="00:00:00.0250261" startTime="2014-06-29T12:37:19.3800879+05:30" endTime="2014-06-29T12:37:19.4050893+05:30" testType="13cdc9d9-ddb5-4fa4-a97d-d965ccfc6d4b" outcome="Passed" testListId="8c84fa94-04c1-424b-9868-57a2d4851a1d" relativeResultsDirectory="70e1f4fc-bc24-4a06-b568-beecec2e24c5" dataRowInfo="0" resultType="DataDrivenDataRow" />
        <UnitTestResult executionId="98adf78a-29f9-4284-b82d-1e9bd1cd865c" parentExecutionId="70e1f4fc-bc24-4a06-b568-beecec2e24c5" testId="15fe5bf6-5078-81a8-0356-385549390bb7" testName="first_person_tenses_active_negation" computerName="ARPAN-LAP" duration="00:00:00.0275663" startTime="2014-06-29T12:37:19.4050893+05:30" endTime="2014-06-29T12:37:19.4330909+05:30" testType="13cdc9d9-ddb5-4fa4-a97d-d965ccfc6d4b" outcome="Passed" testListId="8c84fa94-04c1-424b-9868-57a2d4851a1d" relativeResultsDirectory="70e1f4fc-bc24-4a06-b568-beecec2e24c5" dataRowInfo="1" resultType="DataDrivenDataRow" />
        <UnitTestResult executionId="081ee032-a080-4090-b021-108712c981a4" parentExecutionId="70e1f4fc-bc24-4a06-b568-beecec2e24c5" testId="15fe5bf6-5078-81a8-0356-385549390bb7" testName="first_person_tenses_active_negation" computerName="ARPAN-LAP" duration="00:00:00.0272650" startTime="2014-06-29T12:37:19.4330909+05:30" endTime="2014-06-29T12:37:19.4600925+05:30" testType="13cdc9d9-ddb5-4fa4-a97d-d965ccfc6d4b" outcome="Passed" testListId="8c84fa94-04c1-424b-9868-57a2d4851a1d" relativeResultsDirectory="70e1f4fc-bc24-4a06-b568-beecec2e24c5" dataRowInfo="2" resultType="DataDrivenDataRow" />
        <UnitTestResult executionId="d7f7e524-a3eb-4d09-bb3f-3418222a3909" parentExecutionId="70e1f4fc-bc24-4a06-b568-beecec2e24c5" testId="15fe5bf6-5078-81a8-0356-385549390bb7" testName="first_person_tenses_active_negation" computerName="ARPAN-LAP" duration="00:00:00.0308512" startTime="2014-06-29T12:37:19.4600925+05:30" endTime="2014-06-29T12:37:19.4910942+05:30" testType="13cdc9d9-ddb5-4fa4-a97d-d965ccfc6d4b" outcome="Passed" testListId="8c84fa94-04c1-424b-9868-57a2d4851a1d" relativeResultsDirectory="70e1f4fc-bc24-4a06-b568-beecec2e24c5" dataRowInfo="3" resultType="DataDrivenDataRow" />
        <UnitTestResult executionId="f8a3179f-fdfb-4a93-b004-d8a0ad06e931" parentExecutionId="70e1f4fc-bc24-4a06-b568-beecec2e24c5" testId="15fe5bf6-5078-81a8-0356-385549390bb7" testName="first_person_tenses_active_negation" computerName="ARPAN-LAP" duration="00:00:00.0247007" startTime="2014-06-29T12:37:19.4910942+05:30" endTime="2014-06-29T12:37:19.5150956+05:30" testType="13cdc9d9-ddb5-4fa4-a97d-d965ccfc6d4b" outcome="Passed" testListId="8c84fa94-04c1-424b-9868-57a2d4851a1d" relativeResultsDirectory="70e1f4fc-bc24-4a06-b568-beecec2e24c5" dataRowInfo="4" resultType="DataDrivenDataRow" />
        <UnitTestResult executionId="12fd3672-58b2-4ec1-8e01-eb2267a45479" parentExecutionId="70e1f4fc-bc24-4a06-b568-beecec2e24c5" testId="15fe5bf6-5078-81a8-0356-385549390bb7" testName="first_person_tenses_active_negation" computerName="ARPAN-LAP" duration="00:00:00.0229417" startTime="2014-06-29T12:37:19.5150956+05:30" endTime="2014-06-29T12:37:19.5380969+05:30" testType="13cdc9d9-ddb5-4fa4-a97d-d965ccfc6d4b" outcome="Passed" testListId="8c84fa94-04c1-424b-9868-57a2d4851a1d" relativeResultsDirectory="70e1f4fc-bc24-4a06-b568-beecec2e24c5" dataRowInfo="5" resultType="DataDrivenDataRow" />
        <UnitTestResult executionId="5cd5d53c-8688-45c5-9ebb-11363d62ec07" parentExecutionId="70e1f4fc-bc24-4a06-b568-beecec2e24c5" testId="15fe5bf6-5078-81a8-0356-385549390bb7" testName="first_person_tenses_active_negation" computerName="ARPAN-LAP" duration="00:00:00.0258474" startTime="2014-06-29T12:37:19.5380969+05:30" endTime="2014-06-29T12:37:19.5640984+05:30" testType="13cdc9d9-ddb5-4fa4-a97d-d965ccfc6d4b" outcome="Passed" testListId="8c84fa94-04c1-424b-9868-57a2d4851a1d" relativeResultsDirectory="70e1f4fc-bc24-4a06-b568-beecec2e24c5" dataRowInfo="6" resultType="DataDrivenDataRow" />
        <UnitTestResult executionId="3a5343ee-d21a-4992-b907-b3ff33aa6104" parentExecutionId="70e1f4fc-bc24-4a06-b568-beecec2e24c5" testId="15fe5bf6-5078-81a8-0356-385549390bb7" testName="first_person_tenses_active_negation" computerName="ARPAN-LAP" duration="00:00:00.0314107" startTime="2014-06-29T12:37:19.5640984+05:30" endTime="2014-06-29T12:37:19.5961002+05:30" testType="13cdc9d9-ddb5-4fa4-a97d-d965ccfc6d4b" outcome="Passed" testListId="8c84fa94-04c1-424b-9868-57a2d4851a1d" relativeResultsDirectory="70e1f4fc-bc24-4a06-b568-beecec2e24c5" dataRowInfo="7" resultType="DataDrivenDataRow" />
        <UnitTestResult executionId="a5b2bf59-afa5-4f5c-8022-4c1298db0990" parentExecutionId="70e1f4fc-bc24-4a06-b568-beecec2e24c5" testId="15fe5bf6-5078-81a8-0356-385549390bb7" testName="first_person_tenses_active_negation" computerName="ARPAN-LAP" duration="00:00:00.0251375" startTime="2014-06-29T12:37:19.5961002+05:30" endTime="2014-06-29T12:37:19.6211017+05:30" testType="13cdc9d9-ddb5-4fa4-a97d-d965ccfc6d4b" outcome="Passed" testListId="8c84fa94-04c1-424b-9868-57a2d4851a1d" relativeResultsDirectory="70e1f4fc-bc24-4a06-b568-beecec2e24c5" dataRowInfo="8" resultType="DataDrivenDataRow" />
        <UnitTestResult executionId="76d1839f-1071-41a7-b0ed-48f0c81efaae" parentExecutionId="70e1f4fc-bc24-4a06-b568-beecec2e24c5" testId="15fe5bf6-5078-81a8-0356-385549390bb7" testName="first_person_tenses_active_negation" computerName="ARPAN-LAP" duration="00:00:00.0343117" startTime="2014-06-29T12:37:19.6211017+05:30" endTime="2014-06-29T12:37:19.6551036+05:30" testType="13cdc9d9-ddb5-4fa4-a97d-d965ccfc6d4b" outcome="Passed" testListId="8c84fa94-04c1-424b-9868-57a2d4851a1d" relativeResultsDirectory="70e1f4fc-bc24-4a06-b568-beecec2e24c5" dataRowInfo="9" resultType="DataDrivenDataRow" />
      </InnerResults>
    </UnitTestResult>
    <UnitTestResult executionId="141f79be-a8e4-4b5c-b45b-8871c4499ebf" testId="1b04a6d6-5350-792c-8eba-a46a0eb28949" testName="interrogative_sentences_why" computerName="ARPAN-LAP" duration="00:00:00.1102782" startTime="2014-06-29T12:37:19.7111068+05:30" endTime="2014-06-29T12:37:19.8401142+05:30" testType="13cdc9d9-ddb5-4fa4-a97d-d965ccfc6d4b" outcome="Failed" testListId="8c84fa94-04c1-424b-9868-57a2d4851a1d" relativeResultsDirectory="141f79be-a8e4-4b5c-b45b-8871c4499ebf" resultType="DataDrivenTest">
      <Counters error="0" failed="1" timeout="0" aborted="0" inconclusive="0" passedButRunAborted="0" notRunnable="0" notExecuted="0" disconnected="0" warning="0" passed="2" completed="0" inProgress="0" pending="0" />
      <InnerResults>
        <UnitTestResult executionId="6f9d755c-46e6-4d32-b649-03835923c04e" parentExecutionId="141f79be-a8e4-4b5c-b45b-8871c4499ebf" testId="1b04a6d6-5350-792c-8eba-a46a0eb28949" testName="interrogative_sentences_why" computerName="ARPAN-LAP" duration="00:00:00.0463485" startTime="2014-06-29T12:37:19.7201073+05:30" endTime="2014-06-29T12:37:19.7661100+05:30" testType="13cdc9d9-ddb5-4fa4-a97d-d965ccfc6d4b" outcome="Failed" testListId="8c84fa94-04c1-424b-9868-57a2d4851a1d" relativeResultsDirectory="141f79be-a8e4-4b5c-b45b-8871c4499ebf" dataRowInfo="0" resultType="DataDrivenDataRow">
          <Output>
            <ErrorInfo>
              <Message>Assert.AreEqual failed. Expected:&lt;আপনি আজ দেরিতে কেন ?&gt;. Actual:&lt;দেরিতে আজ আপনি কেন ?&gt;. Why are you late today?</Message>
              <StackTrace>   at UnitTest.BnlpTest.interrogative_sentences_why() in D:\software\Project\BNLP\UnitTest\BnlpTest.cs:line 382
</StackTrace>
            </ErrorInfo>
          </Output>
        </UnitTestResult>
        <UnitTestResult executionId="6e3a0c38-5140-4081-a4f5-f957763e85ba" parentExecutionId="141f79be-a8e4-4b5c-b45b-8871c4499ebf" testId="1b04a6d6-5350-792c-8eba-a46a0eb28949" testName="interrogative_sentences_why" computerName="ARPAN-LAP" duration="00:00:00.0335434" startTime="2014-06-29T12:37:19.7661100+05:30" endTime="2014-06-29T12:37:19.8001119+05:30" testType="13cdc9d9-ddb5-4fa4-a97d-d965ccfc6d4b" outcome="Passed" testListId="8c84fa94-04c1-424b-9868-57a2d4851a1d" relativeResultsDirectory="141f79be-a8e4-4b5c-b45b-8871c4499ebf" dataRowInfo="1" resultType="DataDrivenDataRow" />
        <UnitTestResult executionId="2e00540f-c507-4960-ab55-f51ad02aaae6" parentExecutionId="141f79be-a8e4-4b5c-b45b-8871c4499ebf" testId="1b04a6d6-5350-792c-8eba-a46a0eb28949" testName="interrogative_sentences_why" computerName="ARPAN-LAP" duration="00:00:00.0280010" startTime="2014-06-29T12:37:19.8001119+05:30" endTime="2014-06-29T12:37:19.8281135+05:30" testType="13cdc9d9-ddb5-4fa4-a97d-d965ccfc6d4b" outcome="Passed" testListId="8c84fa94-04c1-424b-9868-57a2d4851a1d" relativeResultsDirectory="141f79be-a8e4-4b5c-b45b-8871c4499ebf" dataRowInfo="2" resultType="DataDrivenDataRow" />
      </InnerResults>
    </UnitTestResult>
    <UnitTestResult executionId="c27a78df-4175-4823-a5ef-f099f1933660" testId="1d63c318-78a9-9011-f5c0-0b01884a2881" testName="interrogative_sentences_do" computerName="ARPAN-LAP" duration="00:00:00.2690150" startTime="2014-06-29T12:37:19.8441144+05:30" endTime="2014-06-29T12:37:20.1461317+05:30" testType="13cdc9d9-ddb5-4fa4-a97d-d965ccfc6d4b" outcome="Passed" testListId="8c84fa94-04c1-424b-9868-57a2d4851a1d" relativeResultsDirectory="c27a78df-4175-4823-a5ef-f099f1933660" resultType="DataDrivenTest">
      <Counters error="0" failed="0" timeout="0" aborted="0" inconclusive="0" passedButRunAborted="0" notRunnable="0" notExecuted="0" disconnected="0" warning="0" passed="9" completed="0" inProgress="0" pending="0" />
      <InnerResults>
        <UnitTestResult executionId="34db719f-fdd7-4549-a488-56580c1ca825" parentExecutionId="c27a78df-4175-4823-a5ef-f099f1933660" testId="1d63c318-78a9-9011-f5c0-0b01884a2881" testName="interrogative_sentences_do" computerName="ARPAN-LAP" duration="00:00:00.0407892" startTime="2014-06-29T12:37:19.8511148+05:30" endTime="2014-06-29T12:37:19.8921172+05:30" testType="13cdc9d9-ddb5-4fa4-a97d-d965ccfc6d4b" outcome="Passed" testListId="8c84fa94-04c1-424b-9868-57a2d4851a1d" relativeResultsDirectory="c27a78df-4175-4823-a5ef-f099f1933660" dataRowInfo="0" resultType="DataDrivenDataRow" />
        <UnitTestResult executionId="7f989f9e-2d86-4344-bb33-180f943ee073" parentExecutionId="c27a78df-4175-4823-a5ef-f099f1933660" testId="1d63c318-78a9-9011-f5c0-0b01884a2881" testName="interrogative_sentences_do" computerName="ARPAN-LAP" duration="00:00:00.0258730" startTime="2014-06-29T12:37:19.8921172+05:30" endTime="2014-06-29T12:37:19.9171186+05:30" testType="13cdc9d9-ddb5-4fa4-a97d-d965ccfc6d4b" outcome="Passed" testListId="8c84fa94-04c1-424b-9868-57a2d4851a1d" relativeResultsDirectory="c27a78df-4175-4823-a5ef-f099f1933660" dataRowInfo="1" resultType="DataDrivenDataRow" />
        <UnitTestResult executionId="595343ee-3a86-4238-8b87-7379fc4ed327" parentExecutionId="c27a78df-4175-4823-a5ef-f099f1933660" testId="1d63c318-78a9-9011-f5c0-0b01884a2881" testName="interrogative_sentences_do" computerName="ARPAN-LAP" duration="00:00:00.0234945" startTime="2014-06-29T12:37:19.9171186+05:30" endTime="2014-06-29T12:37:19.9411200+05:30" testType="13cdc9d9-ddb5-4fa4-a97d-d965ccfc6d4b" outcome="Passed" testListId="8c84fa94-04c1-424b-9868-57a2d4851a1d" relativeResultsDirectory="c27a78df-4175-4823-a5ef-f099f1933660" dataRowInfo="2" resultType="DataDrivenDataRow" />
        <UnitTestResult executionId="14147827-6c36-4176-9853-e85e0f4a19f6" parentExecutionId="c27a78df-4175-4823-a5ef-f099f1933660" testId="1d63c318-78a9-9011-f5c0-0b01884a2881" testName="interrogative_sentences_do" computerName="ARPAN-LAP" duration="00:00:00.0237029" startTime="2014-06-29T12:37:19.9411200+05:30" endTime="2014-06-29T12:37:19.9651213+05:30" testType="13cdc9d9-ddb5-4fa4-a97d-d965ccfc6d4b" outcome="Passed" testListId="8c84fa94-04c1-424b-9868-57a2d4851a1d" relativeResultsDirectory="c27a78df-4175-4823-a5ef-f099f1933660" dataRowInfo="3" resultType="DataDrivenDataRow" />
        <UnitTestResult executionId="0f69be54-afcf-47b0-88eb-9356cd6e144f" parentExecutionId="c27a78df-4175-4823-a5ef-f099f1933660" testId="1d63c318-78a9-9011-f5c0-0b01884a2881" testName="interrogative_sentences_do" computerName="ARPAN-LAP" duration="00:00:00.0229663" startTime="2014-06-29T12:37:19.9651213+05:30" endTime="2014-06-29T12:37:19.9881227+05:30" testType="13cdc9d9-ddb5-4fa4-a97d-d965ccfc6d4b" outcome="Passed" testListId="8c84fa94-04c1-424b-9868-57a2d4851a1d" relativeResultsDirectory="c27a78df-4175-4823-a5ef-f099f1933660" dataRowInfo="4" resultType="DataDrivenDataRow" />
        <UnitTestResult executionId="64e1191f-c7f1-4e5c-bb8f-4fbd220966fc" parentExecutionId="c27a78df-4175-4823-a5ef-f099f1933660" testId="1d63c318-78a9-9011-f5c0-0b01884a2881" testName="interrogative_sentences_do" computerName="ARPAN-LAP" duration="00:00:00.0421448" startTime="2014-06-29T12:37:19.9881227+05:30" endTime="2014-06-29T12:37:20.0301251+05:30" testType="13cdc9d9-ddb5-4fa4-a97d-d965ccfc6d4b" outcome="Passed" testListId="8c84fa94-04c1-424b-9868-57a2d4851a1d" relativeResultsDirectory="c27a78df-4175-4823-a5ef-f099f1933660" dataRowInfo="5" resultType="DataDrivenDataRow" />
        <UnitTestResult executionId="710fdf75-ddae-438e-b43e-3c32c767fb02" parentExecutionId="c27a78df-4175-4823-a5ef-f099f1933660" testId="1d63c318-78a9-9011-f5c0-0b01884a2881" testName="interrogative_sentences_do" computerName="ARPAN-LAP" duration="00:00:00.0332970" startTime="2014-06-29T12:37:20.0301251+05:30" endTime="2014-06-29T12:37:20.0631269+05:30" testType="13cdc9d9-ddb5-4fa4-a97d-d965ccfc6d4b" outcome="Passed" testListId="8c84fa94-04c1-424b-9868-57a2d4851a1d" relativeResultsDirectory="c27a78df-4175-4823-a5ef-f099f1933660" dataRowInfo="6" resultType="DataDrivenDataRow" />
        <UnitTestResult executionId="f1a7e1c7-5e1c-4907-a600-cf7cbb6c5eda" parentExecutionId="c27a78df-4175-4823-a5ef-f099f1933660" testId="1d63c318-78a9-9011-f5c0-0b01884a2881" testName="interrogative_sentences_do" computerName="ARPAN-LAP" duration="00:00:00.0273656" startTime="2014-06-29T12:37:20.0631269+05:30" endTime="2014-06-29T12:37:20.0911285+05:30" testType="13cdc9d9-ddb5-4fa4-a97d-d965ccfc6d4b" outcome="Passed" testListId="8c84fa94-04c1-424b-9868-57a2d4851a1d" relativeResultsDirectory="c27a78df-4175-4823-a5ef-f099f1933660" dataRowInfo="7" resultType="DataDrivenDataRow" />
        <UnitTestResult executionId="3228d195-1d28-43a3-b84b-845e16b526bf" parentExecutionId="c27a78df-4175-4823-a5ef-f099f1933660" testId="1d63c318-78a9-9011-f5c0-0b01884a2881" testName="interrogative_sentences_do" computerName="ARPAN-LAP" duration="00:00:00.0263267" startTime="2014-06-29T12:37:20.0911285+05:30" endTime="2014-06-29T12:37:20.1171300+05:30" testType="13cdc9d9-ddb5-4fa4-a97d-d965ccfc6d4b" outcome="Passed" testListId="8c84fa94-04c1-424b-9868-57a2d4851a1d" relativeResultsDirectory="c27a78df-4175-4823-a5ef-f099f1933660" dataRowInfo="8" resultType="DataDrivenDataRow" />
      </InnerResults>
    </UnitTestResult>
    <UnitTestResult executionId="9fde3381-33e5-4989-9993-bf4e03a585c2" testId="227f20ae-8e76-eb71-39b2-4ada3ce6aba8" testName="interrogative_sentences_how" computerName="ARPAN-LAP" duration="00:00:00.5710064" startTime="2014-06-29T12:37:20.1531321+05:30" endTime="2014-06-29T12:37:20.7841682+05:30" testType="13cdc9d9-ddb5-4fa4-a97d-d965ccfc6d4b" outcome="Failed" testListId="8c84fa94-04c1-424b-9868-57a2d4851a1d" relativeResultsDirectory="9fde3381-33e5-4989-9993-bf4e03a585c2" resultType="DataDrivenTest">
      <Counters error="0" failed="3" timeout="0" aborted="0" inconclusive="0" passedButRunAborted="0" notRunnable="0" notExecuted="0" disconnected="0" warning="0" passed="15" completed="0" inProgress="0" pending="0" />
      <InnerResults>
        <UnitTestResult executionId="2f94c2b2-c236-4e98-8976-01f03fe544b4" parentExecutionId="9fde3381-33e5-4989-9993-bf4e03a585c2" testId="227f20ae-8e76-eb71-39b2-4ada3ce6aba8" testName="interrogative_sentences_how" computerName="ARPAN-LAP" duration="00:00:00.0213249" startTime="2014-06-29T12:37:20.1601325+05:30" endTime="2014-06-29T12:37:20.1811337+05:30" testType="13cdc9d9-ddb5-4fa4-a97d-d965ccfc6d4b" outcome="Passed" testListId="8c84fa94-04c1-424b-9868-57a2d4851a1d" relativeResultsDirectory="9fde3381-33e5-4989-9993-bf4e03a585c2" dataRowInfo="0" resultType="DataDrivenDataRow" />
        <UnitTestResult executionId="9e8865a4-fb8d-4de2-97bd-9627c258b6db" parentExecutionId="9fde3381-33e5-4989-9993-bf4e03a585c2" testId="227f20ae-8e76-eb71-39b2-4ada3ce6aba8" testName="interrogative_sentences_how" computerName="ARPAN-LAP" duration="00:00:00.0220142" startTime="2014-06-29T12:37:20.1811337+05:30" endTime="2014-06-29T12:37:20.2031350+05:30" testType="13cdc9d9-ddb5-4fa4-a97d-d965ccfc6d4b" outcome="Failed" testListId="8c84fa94-04c1-424b-9868-57a2d4851a1d" relativeResultsDirectory="9fde3381-33e5-4989-9993-bf4e03a585c2" dataRowInfo="1" resultType="DataDrivenDataRow">
          <Output>
            <ErrorInfo>
              <Message>Assert.AreEqual failed. Expected:&lt;আপনি কেমন ছিলেন ?&gt;. Actual:&lt;আপনি ছিলেন কেমন ?&gt;. How were you?</Message>
              <StackTrace>   at UnitTest.BnlpTest.interrogative_sentences_how() in D:\software\Project\BNLP\UnitTest\BnlpTest.cs:line 274
</StackTrace>
            </ErrorInfo>
          </Output>
        </UnitTestResult>
        <UnitTestResult executionId="a4773a5c-11d3-48c2-94ae-2023f9fc0baf" parentExecutionId="9fde3381-33e5-4989-9993-bf4e03a585c2" testId="227f20ae-8e76-eb71-39b2-4ada3ce6aba8" testName="interrogative_sentences_how" computerName="ARPAN-LAP" duration="00:00:00.0282448" startTime="2014-06-29T12:37:20.2031350+05:30" endTime="2014-06-29T12:37:20.2321366+05:30" testType="13cdc9d9-ddb5-4fa4-a97d-d965ccfc6d4b" outcome="Failed" testListId="8c84fa94-04c1-424b-9868-57a2d4851a1d" relativeResultsDirectory="9fde3381-33e5-4989-9993-bf4e03a585c2" dataRowInfo="2" resultType="DataDrivenDataRow">
          <Output>
            <ErrorInfo>
              <Message>Assert.AreEqual failed. Expected:&lt;এই মেশিন কাজটি কিভাবে করে ?&gt;. Actual:&lt;এই মেশিনটি করে কিভাবে কাজ ?&gt;. How does this machine work?</Message>
              <StackTrace>   at UnitTest.BnlpTest.interrogative_sentences_how() in D:\software\Project\BNLP\UnitTest\BnlpTest.cs:line 274
</StackTrace>
            </ErrorInfo>
          </Output>
        </UnitTestResult>
        <UnitTestResult executionId="f820f6cf-885c-44bb-9c96-4457423759c6" parentExecutionId="9fde3381-33e5-4989-9993-bf4e03a585c2" testId="227f20ae-8e76-eb71-39b2-4ada3ce6aba8" testName="interrogative_sentences_how" computerName="ARPAN-LAP" duration="00:00:00.0386715" startTime="2014-06-29T12:37:20.2321366+05:30" endTime="2014-06-29T12:37:20.2701388+05:30" testType="13cdc9d9-ddb5-4fa4-a97d-d965ccfc6d4b" outcome="Passed" testListId="8c84fa94-04c1-424b-9868-57a2d4851a1d" relativeResultsDirectory="9fde3381-33e5-4989-9993-bf4e03a585c2" dataRowInfo="3" resultType="DataDrivenDataRow" />
        <UnitTestResult executionId="83c754eb-6489-4426-90d2-cb007ca0e670" parentExecutionId="9fde3381-33e5-4989-9993-bf4e03a585c2" testId="227f20ae-8e76-eb71-39b2-4ada3ce6aba8" testName="interrogative_sentences_how" computerName="ARPAN-LAP" duration="00:00:00.0351068" startTime="2014-06-29T12:37:20.2701388+05:30" endTime="2014-06-29T12:37:20.3061408+05:30" testType="13cdc9d9-ddb5-4fa4-a97d-d965ccfc6d4b" outcome="Passed" testListId="8c84fa94-04c1-424b-9868-57a2d4851a1d" relativeResultsDirectory="9fde3381-33e5-4989-9993-bf4e03a585c2" dataRowInfo="4" resultType="DataDrivenDataRow" />
        <UnitTestResult executionId="5afdc89a-4d9e-4cda-b79c-e196fe2ebe46" parentExecutionId="9fde3381-33e5-4989-9993-bf4e03a585c2" testId="227f20ae-8e76-eb71-39b2-4ada3ce6aba8" testName="interrogative_sentences_how" computerName="ARPAN-LAP" duration="00:00:00.0250980" startTime="2014-06-29T12:37:20.3061408+05:30" endTime="2014-06-29T12:37:20.3311423+05:30" testType="13cdc9d9-ddb5-4fa4-a97d-d965ccfc6d4b" outcome="Passed" testListId="8c84fa94-04c1-424b-9868-57a2d4851a1d" relativeResultsDirectory="9fde3381-33e5-4989-9993-bf4e03a585c2" dataRowInfo="5" resultType="DataDrivenDataRow" />
        <UnitTestResult executionId="f9ccb073-e109-4d41-83bc-d5d420e20f66" parentExecutionId="9fde3381-33e5-4989-9993-bf4e03a585c2" testId="227f20ae-8e76-eb71-39b2-4ada3ce6aba8" testName="interrogative_sentences_how" computerName="ARPAN-LAP" duration="00:00:00.0385755" startTime="2014-06-29T12:37:20.3311423+05:30" endTime="2014-06-29T12:37:20.3691445+05:30" testType="13cdc9d9-ddb5-4fa4-a97d-d965ccfc6d4b" outcome="Passed" testListId="8c84fa94-04c1-424b-9868-57a2d4851a1d" relativeResultsDirectory="9fde3381-33e5-4989-9993-bf4e03a585c2" dataRowInfo="6" resultType="DataDrivenDataRow" />
        <UnitTestResult executionId="baf45d52-2ac0-4800-a61d-b02712499dbd" parentExecutionId="9fde3381-33e5-4989-9993-bf4e03a585c2" testId="227f20ae-8e76-eb71-39b2-4ada3ce6aba8" testName="interrogative_sentences_how" computerName="ARPAN-LAP" duration="00:00:00.0278994" startTime="2014-06-29T12:37:20.3691445+05:30" endTime="2014-06-29T12:37:20.3971461+05:30" testType="13cdc9d9-ddb5-4fa4-a97d-d965ccfc6d4b" outcome="Passed" testListId="8c84fa94-04c1-424b-9868-57a2d4851a1d" relativeResultsDirectory="9fde3381-33e5-4989-9993-bf4e03a585c2" dataRowInfo="7" resultType="DataDrivenDataRow" />
        <UnitTestResult executionId="b733e1a4-0d38-4edd-bdbb-13d8d1fb9bbb" parentExecutionId="9fde3381-33e5-4989-9993-bf4e03a585c2" testId="227f20ae-8e76-eb71-39b2-4ada3ce6aba8" testName="interrogative_sentences_how" computerName="ARPAN-LAP" duration="00:00:00.0409781" startTime="2014-06-29T12:37:20.3971461+05:30" endTime="2014-06-29T12:37:20.4381484+05:30" testType="13cdc9d9-ddb5-4fa4-a97d-d965ccfc6d4b" outcome="Passed" testListId="8c84fa94-04c1-424b-9868-57a2d4851a1d" relativeResultsDirectory="9fde3381-33e5-4989-9993-bf4e03a585c2" dataRowInfo="8" resultType="DataDrivenDataRow" />
        <UnitTestResult executionId="b67abddb-f556-4888-8c7f-9f41d99d96ad" parentExecutionId="9fde3381-33e5-4989-9993-bf4e03a585c2" testId="227f20ae-8e76-eb71-39b2-4ada3ce6aba8" testName="interrogative_sentences_how" computerName="ARPAN-LAP" duration="00:00:00.0379052" startTime="2014-06-29T12:37:20.4381484+05:30" endTime="2014-06-29T12:37:20.4761506+05:30" testType="13cdc9d9-ddb5-4fa4-a97d-d965ccfc6d4b" outcome="Passed" testListId="8c84fa94-04c1-424b-9868-57a2d4851a1d" relativeResultsDirectory="9fde3381-33e5-4989-9993-bf4e03a585c2" dataRowInfo="9" resultType="DataDrivenDataRow" />
        <UnitTestResult executionId="20a8c5cd-ab5a-4db0-8cfc-ae6953addeeb" parentExecutionId="9fde3381-33e5-4989-9993-bf4e03a585c2" testId="227f20ae-8e76-eb71-39b2-4ada3ce6aba8" testName="interrogative_sentences_how" computerName="ARPAN-LAP" duration="00:00:00.0360184" startTime="2014-06-29T12:37:20.4761506+05:30" endTime="2014-06-29T12:37:20.5121526+05:30" testType="13cdc9d9-ddb5-4fa4-a97d-d965ccfc6d4b" outcome="Passed" testListId="8c84fa94-04c1-424b-9868-57a2d4851a1d" relativeResultsDirectory="9fde3381-33e5-4989-9993-bf4e03a585c2" dataRowInfo="10" resultType="DataDrivenDataRow" />
        <UnitTestResult executionId="4c761f05-bd61-4863-b50f-9cc97a1816fd" parentExecutionId="9fde3381-33e5-4989-9993-bf4e03a585c2" testId="227f20ae-8e76-eb71-39b2-4ada3ce6aba8" testName="interrogative_sentences_how" computerName="ARPAN-LAP" duration="00:00:00.0256164" startTime="2014-06-29T12:37:20.5121526+05:30" endTime="2014-06-29T12:37:20.5381541+05:30" testType="13cdc9d9-ddb5-4fa4-a97d-d965ccfc6d4b" outcome="Passed" testListId="8c84fa94-04c1-424b-9868-57a2d4851a1d" relativeResultsDirectory="9fde3381-33e5-4989-9993-bf4e03a585c2" dataRowInfo="11" resultType="DataDrivenDataRow" />
        <UnitTestResult executionId="8ecb4a64-ecc9-4999-bbc3-031c39c56a8d" parentExecutionId="9fde3381-33e5-4989-9993-bf4e03a585c2" testId="227f20ae-8e76-eb71-39b2-4ada3ce6aba8" testName="interrogative_sentences_how" computerName="ARPAN-LAP" duration="00:00:00.0231311" startTime="2014-06-29T12:37:20.5381541+05:30" endTime="2014-06-29T12:37:20.5611554+05:30" testType="13cdc9d9-ddb5-4fa4-a97d-d965ccfc6d4b" outcome="Passed" testListId="8c84fa94-04c1-424b-9868-57a2d4851a1d" relativeResultsDirectory="9fde3381-33e5-4989-9993-bf4e03a585c2" dataRowInfo="12" resultType="DataDrivenDataRow" />
        <UnitTestResult executionId="8f344d2d-11fc-4271-87a1-ffdb56159aa7" parentExecutionId="9fde3381-33e5-4989-9993-bf4e03a585c2" testId="227f20ae-8e76-eb71-39b2-4ada3ce6aba8" testName="interrogative_sentences_how" computerName="ARPAN-LAP" duration="00:00:00.0330850" startTime="2014-06-29T12:37:20.5611554+05:30" endTime="2014-06-29T12:37:20.5941573+05:30" testType="13cdc9d9-ddb5-4fa4-a97d-d965ccfc6d4b" outcome="Passed" testListId="8c84fa94-04c1-424b-9868-57a2d4851a1d" relativeResultsDirectory="9fde3381-33e5-4989-9993-bf4e03a585c2" dataRowInfo="13" resultType="DataDrivenDataRow" />
        <UnitTestResult executionId="e38c6d15-1922-4261-bb01-945a8c6aaccc" parentExecutionId="9fde3381-33e5-4989-9993-bf4e03a585c2" testId="227f20ae-8e76-eb71-39b2-4ada3ce6aba8" testName="interrogative_sentences_how" computerName="ARPAN-LAP" duration="00:00:00.0320405" startTime="2014-06-29T12:37:20.5941573+05:30" endTime="2014-06-29T12:37:20.6261592+05:30" testType="13cdc9d9-ddb5-4fa4-a97d-d965ccfc6d4b" outcome="Passed" testListId="8c84fa94-04c1-424b-9868-57a2d4851a1d" relativeResultsDirectory="9fde3381-33e5-4989-9993-bf4e03a585c2" dataRowInfo="14" resultType="DataDrivenDataRow" />
        <UnitTestResult executionId="2ef3a9e8-7e6f-4e22-a9f3-c0ee829c5408" parentExecutionId="9fde3381-33e5-4989-9993-bf4e03a585c2" testId="227f20ae-8e76-eb71-39b2-4ada3ce6aba8" testName="interrogative_sentences_how" computerName="ARPAN-LAP" duration="00:00:00.0357176" startTime="2014-06-29T12:37:20.6261592+05:30" endTime="2014-06-29T12:37:20.6621612+05:30" testType="13cdc9d9-ddb5-4fa4-a97d-d965ccfc6d4b" outcome="Failed" testListId="8c84fa94-04c1-424b-9868-57a2d4851a1d" relativeResultsDirectory="9fde3381-33e5-4989-9993-bf4e03a585c2" dataRowInfo="15" resultType="DataDrivenDataRow">
          <Output>
            <ErrorInfo>
              <Message>Assert.AreEqual failed. Expected:&lt;একটি ভাল ছাত্র হতে হয় কিভাবে ?&gt;. Actual:&lt;হয় কিভাবে একটি ভাল ছাত্র ?&gt;. How to be a good student?</Message>
              <StackTrace>   at UnitTest.BnlpTest.interrogative_sentences_how() in D:\software\Project\BNLP\UnitTest\BnlpTest.cs:line 274
</StackTrace>
            </ErrorInfo>
          </Output>
        </UnitTestResult>
        <UnitTestResult executionId="1468d821-c09d-4948-a0a5-f5151ab7276c" parentExecutionId="9fde3381-33e5-4989-9993-bf4e03a585c2" testId="227f20ae-8e76-eb71-39b2-4ada3ce6aba8" testName="interrogative_sentences_how" computerName="ARPAN-LAP" duration="00:00:00.0295090" startTime="2014-06-29T12:37:20.6621612+05:30" endTime="2014-06-29T12:37:20.6921629+05:30" testType="13cdc9d9-ddb5-4fa4-a97d-d965ccfc6d4b" outcome="Passed" testListId="8c84fa94-04c1-424b-9868-57a2d4851a1d" relativeResultsDirectory="9fde3381-33e5-4989-9993-bf4e03a585c2" dataRowInfo="16" resultType="DataDrivenDataRow" />
        <UnitTestResult executionId="ba3592e4-7f07-4afe-9a1d-520a52834a66" parentExecutionId="9fde3381-33e5-4989-9993-bf4e03a585c2" testId="227f20ae-8e76-eb71-39b2-4ada3ce6aba8" testName="interrogative_sentences_how" computerName="ARPAN-LAP" duration="00:00:00.0370880" startTime="2014-06-29T12:37:20.6921629+05:30" endTime="2014-06-29T12:37:20.7291650+05:30" testType="13cdc9d9-ddb5-4fa4-a97d-d965ccfc6d4b" outcome="Passed" testListId="8c84fa94-04c1-424b-9868-57a2d4851a1d" relativeResultsDirectory="9fde3381-33e5-4989-9993-bf4e03a585c2" dataRowInfo="17" resultType="DataDrivenDataRow" />
      </InnerResults>
    </UnitTestResult>
    <UnitTestResult executionId="18615237-fa7a-46c0-999e-0206a04fb666" testId="30ab3285-6a8c-14d2-9725-bd60892ccd90" testName="second_person_tenses_active" computerName="ARPAN-LAP" duration="00:00:00.2080716" startTime="2014-06-29T12:37:20.7911686+05:30" endTime="2014-06-29T12:37:21.0321824+05:30" testType="13cdc9d9-ddb5-4fa4-a97d-d965ccfc6d4b" outcome="Passed" testListId="8c84fa94-04c1-424b-9868-57a2d4851a1d" relativeResultsDirectory="18615237-fa7a-46c0-999e-0206a04fb666" resultType="DataDrivenTest">
      <Counters error="0" failed="0" timeout="0" aborted="0" inconclusive="0" passedButRunAborted="0" notRunnable="0" notExecuted="0" disconnected="0" warning="0" passed="10" completed="0" inProgress="0" pending="0" />
      <InnerResults>
        <UnitTestResult executionId="78b96372-e552-492d-8b43-4e0b40251935" parentExecutionId="18615237-fa7a-46c0-999e-0206a04fb666" testId="30ab3285-6a8c-14d2-9725-bd60892ccd90" testName="second_person_tenses_active" computerName="ARPAN-LAP" duration="00:00:00.0156640" startTime="2014-06-29T12:37:20.7981690+05:30" endTime="2014-06-29T12:37:20.8141699+05:30" testType="13cdc9d9-ddb5-4fa4-a97d-d965ccfc6d4b" outcome="Passed" testListId="8c84fa94-04c1-424b-9868-57a2d4851a1d" relativeResultsDirectory="18615237-fa7a-46c0-999e-0206a04fb666" dataRowInfo="0" resultType="DataDrivenDataRow" />
        <UnitTestResult executionId="c1747dbd-e319-4b7a-81e0-454b0e21aeb3" parentExecutionId="18615237-fa7a-46c0-999e-0206a04fb666" testId="30ab3285-6a8c-14d2-9725-bd60892ccd90" testName="second_person_tenses_active" computerName="ARPAN-LAP" duration="00:00:00.0192051" startTime="2014-06-29T12:37:20.8141699+05:30" endTime="2014-06-29T12:37:20.8331710+05:30" testType="13cdc9d9-ddb5-4fa4-a97d-d965ccfc6d4b" outcome="Passed" testListId="8c84fa94-04c1-424b-9868-57a2d4851a1d" relativeResultsDirectory="18615237-fa7a-46c0-999e-0206a04fb666" dataRowInfo="1" resultType="DataDrivenDataRow" />
        <UnitTestResult executionId="ab35054d-ae75-40e4-8957-1fdb35797952" parentExecutionId="18615237-fa7a-46c0-999e-0206a04fb666" testId="30ab3285-6a8c-14d2-9725-bd60892ccd90" testName="second_person_tenses_active" computerName="ARPAN-LAP" duration="00:00:00.0211889" startTime="2014-06-29T12:37:20.8331710+05:30" endTime="2014-06-29T12:37:20.8541722+05:30" testType="13cdc9d9-ddb5-4fa4-a97d-d965ccfc6d4b" outcome="Passed" testListId="8c84fa94-04c1-424b-9868-57a2d4851a1d" relativeResultsDirectory="18615237-fa7a-46c0-999e-0206a04fb666" dataRowInfo="2" resultType="DataDrivenDataRow" />
        <UnitTestResult executionId="cca25f18-e9fc-4e1b-bbab-f9b91b82ee7f" parentExecutionId="18615237-fa7a-46c0-999e-0206a04fb666" testId="30ab3285-6a8c-14d2-9725-bd60892ccd90" testName="second_person_tenses_active" computerName="ARPAN-LAP" duration="00:00:00.0258817" startTime="2014-06-29T12:37:20.8541722+05:30" endTime="2014-06-29T12:37:20.8801737+05:30" testType="13cdc9d9-ddb5-4fa4-a97d-d965ccfc6d4b" outcome="Passed" testListId="8c84fa94-04c1-424b-9868-57a2d4851a1d" relativeResultsDirectory="18615237-fa7a-46c0-999e-0206a04fb666" dataRowInfo="3" resultType="DataDrivenDataRow" />
        <UnitTestResult executionId="30aa1ba9-30d8-44ab-b670-dfaa1d102346" parentExecutionId="18615237-fa7a-46c0-999e-0206a04fb666" testId="30ab3285-6a8c-14d2-9725-bd60892ccd90" testName="second_person_tenses_active" computerName="ARPAN-LAP" duration="00:00:00.0158488" startTime="2014-06-29T12:37:20.8801737+05:30" endTime="2014-06-29T12:37:20.8961746+05:30" testType="13cdc9d9-ddb5-4fa4-a97d-d965ccfc6d4b" outcome="Passed" testListId="8c84fa94-04c1-424b-9868-57a2d4851a1d" relativeResultsDirectory="18615237-fa7a-46c0-999e-0206a04fb666" dataRowInfo="4" resultType="DataDrivenDataRow" />
        <UnitTestResult executionId="65b6f50d-2537-47eb-babe-ffdf6a858b3b" parentExecutionId="18615237-fa7a-46c0-999e-0206a04fb666" testId="30ab3285-6a8c-14d2-9725-bd60892ccd90" testName="second_person_tenses_active" computerName="ARPAN-LAP" duration="00:00:00.0186939" startTime="2014-06-29T12:37:20.8961746+05:30" endTime="2014-06-29T12:37:20.9151757+05:30" testType="13cdc9d9-ddb5-4fa4-a97d-d965ccfc6d4b" outcome="Passed" testListId="8c84fa94-04c1-424b-9868-57a2d4851a1d" relativeResultsDirectory="18615237-fa7a-46c0-999e-0206a04fb666" dataRowInfo="5" resultType="DataDrivenDataRow" />
        <UnitTestResult executionId="0e83a866-38d5-4448-8820-7c6bf37fd4ee" parentExecutionId="18615237-fa7a-46c0-999e-0206a04fb666" testId="30ab3285-6a8c-14d2-9725-bd60892ccd90" testName="second_person_tenses_active" computerName="ARPAN-LAP" duration="00:00:00.0190455" startTime="2014-06-29T12:37:20.9151757+05:30" endTime="2014-06-29T12:37:20.9341768+05:30" testType="13cdc9d9-ddb5-4fa4-a97d-d965ccfc6d4b" outcome="Passed" testListId="8c84fa94-04c1-424b-9868-57a2d4851a1d" relativeResultsDirectory="18615237-fa7a-46c0-999e-0206a04fb666" dataRowInfo="6" resultType="DataDrivenDataRow" />
        <UnitTestResult executionId="61f4d3f1-0896-4705-a3df-2384d8443ff8" parentExecutionId="18615237-fa7a-46c0-999e-0206a04fb666" testId="30ab3285-6a8c-14d2-9725-bd60892ccd90" testName="second_person_tenses_active" computerName="ARPAN-LAP" duration="00:00:00.0259177" startTime="2014-06-29T12:37:20.9341768+05:30" endTime="2014-06-29T12:37:20.9601783+05:30" testType="13cdc9d9-ddb5-4fa4-a97d-d965ccfc6d4b" outcome="Passed" testListId="8c84fa94-04c1-424b-9868-57a2d4851a1d" relativeResultsDirectory="18615237-fa7a-46c0-999e-0206a04fb666" dataRowInfo="7" resultType="DataDrivenDataRow" />
        <UnitTestResult executionId="7c9a9a63-db46-4022-a962-fec941286ea0" parentExecutionId="18615237-fa7a-46c0-999e-0206a04fb666" testId="30ab3285-6a8c-14d2-9725-bd60892ccd90" testName="second_person_tenses_active" computerName="ARPAN-LAP" duration="00:00:00.0191517" startTime="2014-06-29T12:37:20.9601783+05:30" endTime="2014-06-29T12:37:20.9791793+05:30" testType="13cdc9d9-ddb5-4fa4-a97d-d965ccfc6d4b" outcome="Passed" testListId="8c84fa94-04c1-424b-9868-57a2d4851a1d" relativeResultsDirectory="18615237-fa7a-46c0-999e-0206a04fb666" dataRowInfo="8" resultType="DataDrivenDataRow" />
        <UnitTestResult executionId="7a74185a-bf6a-43ad-99b3-63d46b0ddcff" parentExecutionId="18615237-fa7a-46c0-999e-0206a04fb666" testId="30ab3285-6a8c-14d2-9725-bd60892ccd90" testName="second_person_tenses_active" computerName="ARPAN-LAP" duration="00:00:00.0224531" startTime="2014-06-29T12:37:20.9791793+05:30" endTime="2014-06-29T12:37:21.0021807+05:30" testType="13cdc9d9-ddb5-4fa4-a97d-d965ccfc6d4b" outcome="Passed" testListId="8c84fa94-04c1-424b-9868-57a2d4851a1d" relativeResultsDirectory="18615237-fa7a-46c0-999e-0206a04fb666" dataRowInfo="9" resultType="DataDrivenDataRow" />
      </InnerResults>
    </UnitTestResult>
    <UnitTestResult executionId="6a85e2ce-3889-4bf8-bf96-bacdf9c55f0b" testId="32b5d279-0d23-e5ad-0301-234c8788f740" testName="interrogative_sentences_who" computerName="ARPAN-LAP" duration="00:00:00.1101714" startTime="2014-06-29T12:37:21.0401828+05:30" endTime="2014-06-29T12:37:21.1701903+05:30" testType="13cdc9d9-ddb5-4fa4-a97d-d965ccfc6d4b" outcome="Passed" testListId="8c84fa94-04c1-424b-9868-57a2d4851a1d" relativeResultsDirectory="6a85e2ce-3889-4bf8-bf96-bacdf9c55f0b" resultType="DataDrivenTest">
      <Counters error="0" failed="0" timeout="0" aborted="0" inconclusive="0" passedButRunAborted="0" notRunnable="0" notExecuted="0" disconnected="0" warning="0" passed="4" completed="0" inProgress="0" pending="0" />
      <InnerResults>
        <UnitTestResult executionId="821d7754-5767-4524-83bc-470800176f43" parentExecutionId="6a85e2ce-3889-4bf8-bf96-bacdf9c55f0b" testId="32b5d279-0d23-e5ad-0301-234c8788f740" testName="interrogative_sentences_who" computerName="ARPAN-LAP" duration="00:00:00.0228355" startTime="2014-06-29T12:37:21.0461832+05:30" endTime="2014-06-29T12:37:21.0691845+05:30" testType="13cdc9d9-ddb5-4fa4-a97d-d965ccfc6d4b" outcome="Passed" testListId="8c84fa94-04c1-424b-9868-57a2d4851a1d" relativeResultsDirectory="6a85e2ce-3889-4bf8-bf96-bacdf9c55f0b" dataRowInfo="0" resultType="DataDrivenDataRow" />
        <UnitTestResult executionId="bb000d82-07a4-4837-a657-29c73a54bae0" parentExecutionId="6a85e2ce-3889-4bf8-bf96-bacdf9c55f0b" testId="32b5d279-0d23-e5ad-0301-234c8788f740" testName="interrogative_sentences_who" computerName="ARPAN-LAP" duration="00:00:00.0227831" startTime="2014-06-29T12:37:21.0691845+05:30" endTime="2014-06-29T12:37:21.0921858+05:30" testType="13cdc9d9-ddb5-4fa4-a97d-d965ccfc6d4b" outcome="Passed" testListId="8c84fa94-04c1-424b-9868-57a2d4851a1d" relativeResultsDirectory="6a85e2ce-3889-4bf8-bf96-bacdf9c55f0b" dataRowInfo="1" resultType="DataDrivenDataRow" />
        <UnitTestResult executionId="c7c1ed41-797a-44c1-89f8-d0b3391363bb" parentExecutionId="6a85e2ce-3889-4bf8-bf96-bacdf9c55f0b" testId="32b5d279-0d23-e5ad-0301-234c8788f740" testName="interrogative_sentences_who" computerName="ARPAN-LAP" duration="00:00:00.0328299" startTime="2014-06-29T12:37:21.0921858+05:30" endTime="2014-06-29T12:37:21.1251877+05:30" testType="13cdc9d9-ddb5-4fa4-a97d-d965ccfc6d4b" outcome="Passed" testListId="8c84fa94-04c1-424b-9868-57a2d4851a1d" relativeResultsDirectory="6a85e2ce-3889-4bf8-bf96-bacdf9c55f0b" dataRowInfo="2" resultType="DataDrivenDataRow" />
        <UnitTestResult executionId="366b25e8-8989-4952-83fa-e1592278c02e" parentExecutionId="6a85e2ce-3889-4bf8-bf96-bacdf9c55f0b" testId="32b5d279-0d23-e5ad-0301-234c8788f740" testName="interrogative_sentences_who" computerName="ARPAN-LAP" duration="00:00:00.0299633" startTime="2014-06-29T12:37:21.1251877+05:30" endTime="2014-06-29T12:37:21.1551894+05:30" testType="13cdc9d9-ddb5-4fa4-a97d-d965ccfc6d4b" outcome="Passed" testListId="8c84fa94-04c1-424b-9868-57a2d4851a1d" relativeResultsDirectory="6a85e2ce-3889-4bf8-bf96-bacdf9c55f0b" dataRowInfo="3" resultType="DataDrivenDataRow" />
      </InnerResults>
    </UnitTestResult>
    <UnitTestResult executionId="e6c5c1a3-0886-405b-8d42-6a094a5e1968" testId="39dcb97e-c73f-c645-a77c-64d9eba0a3a3" testName="interrogative_sentences_aux" computerName="ARPAN-LAP" duration="00:00:00.4605742" startTime="2014-06-29T12:37:21.1721904+05:30" endTime="2014-06-29T12:37:21.6942202+05:30" testType="13cdc9d9-ddb5-4fa4-a97d-d965ccfc6d4b" outcome="Passed" testListId="8c84fa94-04c1-424b-9868-57a2d4851a1d" relativeResultsDirectory="e6c5c1a3-0886-405b-8d42-6a094a5e1968" resultType="DataDrivenTest">
      <Counters error="0" failed="0" timeout="0" aborted="0" inconclusive="0" passedButRunAborted="0" notRunnable="0" notExecuted="0" disconnected="0" warning="0" passed="20" completed="0" inProgress="0" pending="0" />
      <InnerResults>
        <UnitTestResult executionId="0bc40737-ec3b-4e9c-9d35-cc13a8a0dbc5" parentExecutionId="e6c5c1a3-0886-405b-8d42-6a094a5e1968" testId="39dcb97e-c73f-c645-a77c-64d9eba0a3a3" testName="interrogative_sentences_aux" computerName="ARPAN-LAP" duration="00:00:00.0237768" startTime="2014-06-29T12:37:21.1791908+05:30" endTime="2014-06-29T12:37:21.2031922+05:30" testType="13cdc9d9-ddb5-4fa4-a97d-d965ccfc6d4b" outcome="Passed" testListId="8c84fa94-04c1-424b-9868-57a2d4851a1d" relativeResultsDirectory="e6c5c1a3-0886-405b-8d42-6a094a5e1968" dataRowInfo="0" resultType="DataDrivenDataRow" />
        <UnitTestResult executionId="d882e2c5-dd95-4b30-8b3e-6291aa385e60" parentExecutionId="e6c5c1a3-0886-405b-8d42-6a094a5e1968" testId="39dcb97e-c73f-c645-a77c-64d9eba0a3a3" testName="interrogative_sentences_aux" computerName="ARPAN-LAP" duration="00:00:00.0216236" startTime="2014-06-29T12:37:21.2031922+05:30" endTime="2014-06-29T12:37:21.2241934+05:30" testType="13cdc9d9-ddb5-4fa4-a97d-d965ccfc6d4b" outcome="Passed" testListId="8c84fa94-04c1-424b-9868-57a2d4851a1d" relativeResultsDirectory="e6c5c1a3-0886-405b-8d42-6a094a5e1968" dataRowInfo="1" resultType="DataDrivenDataRow" />
        <UnitTestResult executionId="d3911a21-3468-4e71-bf52-f695e0bd7a97" parentExecutionId="e6c5c1a3-0886-405b-8d42-6a094a5e1968" testId="39dcb97e-c73f-c645-a77c-64d9eba0a3a3" testName="interrogative_sentences_aux" computerName="ARPAN-LAP" duration="00:00:00.0205411" startTime="2014-06-29T12:37:21.2241934+05:30" endTime="2014-06-29T12:37:21.2451946+05:30" testType="13cdc9d9-ddb5-4fa4-a97d-d965ccfc6d4b" outcome="Passed" testListId="8c84fa94-04c1-424b-9868-57a2d4851a1d" relativeResultsDirectory="e6c5c1a3-0886-405b-8d42-6a094a5e1968" dataRowInfo="2" resultType="DataDrivenDataRow" />
        <UnitTestResult executionId="d02841d6-3f3d-482b-afa1-fcb7e1956d97" parentExecutionId="e6c5c1a3-0886-405b-8d42-6a094a5e1968" testId="39dcb97e-c73f-c645-a77c-64d9eba0a3a3" testName="interrogative_sentences_aux" computerName="ARPAN-LAP" duration="00:00:00.0271321" startTime="2014-06-29T12:37:21.2451946+05:30" endTime="2014-06-29T12:37:21.2721961+05:30" testType="13cdc9d9-ddb5-4fa4-a97d-d965ccfc6d4b" outcome="Passed" testListId="8c84fa94-04c1-424b-9868-57a2d4851a1d" relativeResultsDirectory="e6c5c1a3-0886-405b-8d42-6a094a5e1968" dataRowInfo="3" resultType="DataDrivenDataRow" />
        <UnitTestResult executionId="9adaaca7-8485-4b15-8871-d0786e1ad69d" parentExecutionId="e6c5c1a3-0886-405b-8d42-6a094a5e1968" testId="39dcb97e-c73f-c645-a77c-64d9eba0a3a3" testName="interrogative_sentences_aux" computerName="ARPAN-LAP" duration="00:00:00.0211519" startTime="2014-06-29T12:37:21.2721961+05:30" endTime="2014-06-29T12:37:21.2931973+05:30" testType="13cdc9d9-ddb5-4fa4-a97d-d965ccfc6d4b" outcome="Passed" testListId="8c84fa94-04c1-424b-9868-57a2d4851a1d" relativeResultsDirectory="e6c5c1a3-0886-405b-8d42-6a094a5e1968" dataRowInfo="4" resultType="DataDrivenDataRow" />
        <UnitTestResult executionId="d149a43d-0bac-42b6-b87e-8f54213c6c10" parentExecutionId="e6c5c1a3-0886-405b-8d42-6a094a5e1968" testId="39dcb97e-c73f-c645-a77c-64d9eba0a3a3" testName="interrogative_sentences_aux" computerName="ARPAN-LAP" duration="00:00:00.0212356" startTime="2014-06-29T12:37:21.2931973+05:30" endTime="2014-06-29T12:37:21.3151986+05:30" testType="13cdc9d9-ddb5-4fa4-a97d-d965ccfc6d4b" outcome="Passed" testListId="8c84fa94-04c1-424b-9868-57a2d4851a1d" relativeResultsDirectory="e6c5c1a3-0886-405b-8d42-6a094a5e1968" dataRowInfo="5" resultType="DataDrivenDataRow" />
        <UnitTestResult executionId="4442b902-50f3-46bd-9cc4-bdf29bc1ec70" parentExecutionId="e6c5c1a3-0886-405b-8d42-6a094a5e1968" testId="39dcb97e-c73f-c645-a77c-64d9eba0a3a3" testName="interrogative_sentences_aux" computerName="ARPAN-LAP" duration="00:00:00.0207038" startTime="2014-06-29T12:37:21.3151986+05:30" endTime="2014-06-29T12:37:21.3351997+05:30" testType="13cdc9d9-ddb5-4fa4-a97d-d965ccfc6d4b" outcome="Passed" testListId="8c84fa94-04c1-424b-9868-57a2d4851a1d" relativeResultsDirectory="e6c5c1a3-0886-405b-8d42-6a094a5e1968" dataRowInfo="6" resultType="DataDrivenDataRow" />
        <UnitTestResult executionId="83ec365f-0a05-4040-b3e1-f4ba5ba8fe86" parentExecutionId="e6c5c1a3-0886-405b-8d42-6a094a5e1968" testId="39dcb97e-c73f-c645-a77c-64d9eba0a3a3" testName="interrogative_sentences_aux" computerName="ARPAN-LAP" duration="00:00:00.0355015" startTime="2014-06-29T12:37:21.3351997+05:30" endTime="2014-06-29T12:37:21.3712018+05:30" testType="13cdc9d9-ddb5-4fa4-a97d-d965ccfc6d4b" outcome="Passed" testListId="8c84fa94-04c1-424b-9868-57a2d4851a1d" relativeResultsDirectory="e6c5c1a3-0886-405b-8d42-6a094a5e1968" dataRowInfo="7" resultType="DataDrivenDataRow" />
        <UnitTestResult executionId="7367754d-9596-46ab-acae-614dd18c4604" parentExecutionId="e6c5c1a3-0886-405b-8d42-6a094a5e1968" testId="39dcb97e-c73f-c645-a77c-64d9eba0a3a3" testName="interrogative_sentences_aux" computerName="ARPAN-LAP" duration="00:00:00.0206207" startTime="2014-06-29T12:37:21.3712018+05:30" endTime="2014-06-29T12:37:21.3922030+05:30" testType="13cdc9d9-ddb5-4fa4-a97d-d965ccfc6d4b" outcome="Passed" testListId="8c84fa94-04c1-424b-9868-57a2d4851a1d" relativeResultsDirectory="e6c5c1a3-0886-405b-8d42-6a094a5e1968" dataRowInfo="8" resultType="DataDrivenDataRow" />
        <UnitTestResult executionId="f9c4c527-1ca6-43f8-8bed-a6ca0f380605" parentExecutionId="e6c5c1a3-0886-405b-8d42-6a094a5e1968" testId="39dcb97e-c73f-c645-a77c-64d9eba0a3a3" testName="interrogative_sentences_aux" computerName="ARPAN-LAP" duration="00:00:00.0277213" startTime="2014-06-29T12:37:21.3922030+05:30" endTime="2014-06-29T12:37:21.4192045+05:30" testType="13cdc9d9-ddb5-4fa4-a97d-d965ccfc6d4b" outcome="Passed" testListId="8c84fa94-04c1-424b-9868-57a2d4851a1d" relativeResultsDirectory="e6c5c1a3-0886-405b-8d42-6a094a5e1968" dataRowInfo="9" resultType="DataDrivenDataRow" />
        <UnitTestResult executionId="76c38850-61ef-41ff-b31e-9054ebb9b9aa" parentExecutionId="e6c5c1a3-0886-405b-8d42-6a094a5e1968" testId="39dcb97e-c73f-c645-a77c-64d9eba0a3a3" testName="interrogative_sentences_aux" computerName="ARPAN-LAP" duration="00:00:00.0213418" startTime="2014-06-29T12:37:21.4192045+05:30" endTime="2014-06-29T12:37:21.4412058+05:30" testType="13cdc9d9-ddb5-4fa4-a97d-d965ccfc6d4b" outcome="Passed" testListId="8c84fa94-04c1-424b-9868-57a2d4851a1d" relativeResultsDirectory="e6c5c1a3-0886-405b-8d42-6a094a5e1968" dataRowInfo="10" resultType="DataDrivenDataRow" />
        <UnitTestResult executionId="5226650d-d93f-446e-b6be-e1f2e94c390f" parentExecutionId="e6c5c1a3-0886-405b-8d42-6a094a5e1968" testId="39dcb97e-c73f-c645-a77c-64d9eba0a3a3" testName="interrogative_sentences_aux" computerName="ARPAN-LAP" duration="00:00:00.0229222" startTime="2014-06-29T12:37:21.4412058+05:30" endTime="2014-06-29T12:37:21.4642071+05:30" testType="13cdc9d9-ddb5-4fa4-a97d-d965ccfc6d4b" outcome="Passed" testListId="8c84fa94-04c1-424b-9868-57a2d4851a1d" relativeResultsDirectory="e6c5c1a3-0886-405b-8d42-6a094a5e1968" dataRowInfo="11" resultType="DataDrivenDataRow" />
        <UnitTestResult executionId="d4de4bc8-f631-4a37-8f7d-64016e109dbe" parentExecutionId="e6c5c1a3-0886-405b-8d42-6a094a5e1968" testId="39dcb97e-c73f-c645-a77c-64d9eba0a3a3" testName="interrogative_sentences_aux" computerName="ARPAN-LAP" duration="00:00:00.0238641" startTime="2014-06-29T12:37:21.4642071+05:30" endTime="2014-06-29T12:37:21.4882085+05:30" testType="13cdc9d9-ddb5-4fa4-a97d-d965ccfc6d4b" outcome="Passed" testListId="8c84fa94-04c1-424b-9868-57a2d4851a1d" relativeResultsDirectory="e6c5c1a3-0886-405b-8d42-6a094a5e1968" dataRowInfo="12" resultType="DataDrivenDataRow" />
        <UnitTestResult executionId="e967f1ff-8fbc-428e-9068-f56d4eb55914" parentExecutionId="e6c5c1a3-0886-405b-8d42-6a094a5e1968" testId="39dcb97e-c73f-c645-a77c-64d9eba0a3a3" testName="interrogative_sentences_aux" computerName="ARPAN-LAP" duration="00:00:00.0291379" startTime="2014-06-29T12:37:21.4882085+05:30" endTime="2014-06-29T12:37:21.5172101+05:30" testType="13cdc9d9-ddb5-4fa4-a97d-d965ccfc6d4b" outcome="Passed" testListId="8c84fa94-04c1-424b-9868-57a2d4851a1d" relativeResultsDirectory="e6c5c1a3-0886-405b-8d42-6a094a5e1968" dataRowInfo="13" resultType="DataDrivenDataRow" />
        <UnitTestResult executionId="ff724701-10cc-44bc-8b07-0f7a269a7d43" parentExecutionId="e6c5c1a3-0886-405b-8d42-6a094a5e1968" testId="39dcb97e-c73f-c645-a77c-64d9eba0a3a3" testName="interrogative_sentences_aux" computerName="ARPAN-LAP" duration="00:00:00.0182119" startTime="2014-06-29T12:37:21.5172101+05:30" endTime="2014-06-29T12:37:21.5352111+05:30" testType="13cdc9d9-ddb5-4fa4-a97d-d965ccfc6d4b" outcome="Passed" testListId="8c84fa94-04c1-424b-9868-57a2d4851a1d" relativeResultsDirectory="e6c5c1a3-0886-405b-8d42-6a094a5e1968" dataRowInfo="14" resultType="DataDrivenDataRow" />
        <UnitTestResult executionId="9f70c47b-c93f-4430-9afb-01065d11f3a0" parentExecutionId="e6c5c1a3-0886-405b-8d42-6a094a5e1968" testId="39dcb97e-c73f-c645-a77c-64d9eba0a3a3" testName="interrogative_sentences_aux" computerName="ARPAN-LAP" duration="00:00:00.0188576" startTime="2014-06-29T12:37:21.5352111+05:30" endTime="2014-06-29T12:37:21.5542122+05:30" testType="13cdc9d9-ddb5-4fa4-a97d-d965ccfc6d4b" outcome="Passed" testListId="8c84fa94-04c1-424b-9868-57a2d4851a1d" relativeResultsDirectory="e6c5c1a3-0886-405b-8d42-6a094a5e1968" dataRowInfo="15" resultType="DataDrivenDataRow" />
        <UnitTestResult executionId="09eafad3-851b-4fad-b39a-d7ba31f11fa6" parentExecutionId="e6c5c1a3-0886-405b-8d42-6a094a5e1968" testId="39dcb97e-c73f-c645-a77c-64d9eba0a3a3" testName="interrogative_sentences_aux" computerName="ARPAN-LAP" duration="00:00:00.0192954" startTime="2014-06-29T12:37:21.5542122+05:30" endTime="2014-06-29T12:37:21.5732133+05:30" testType="13cdc9d9-ddb5-4fa4-a97d-d965ccfc6d4b" outcome="Passed" testListId="8c84fa94-04c1-424b-9868-57a2d4851a1d" relativeResultsDirectory="e6c5c1a3-0886-405b-8d42-6a094a5e1968" dataRowInfo="16" resultType="DataDrivenDataRow" />
        <UnitTestResult executionId="cf029bb3-fb8a-4f82-a992-a8b108ac607c" parentExecutionId="e6c5c1a3-0886-405b-8d42-6a094a5e1968" testId="39dcb97e-c73f-c645-a77c-64d9eba0a3a3" testName="interrogative_sentences_aux" computerName="ARPAN-LAP" duration="00:00:00.0241869" startTime="2014-06-29T12:37:21.5732133+05:30" endTime="2014-06-29T12:37:21.5982147+05:30" testType="13cdc9d9-ddb5-4fa4-a97d-d965ccfc6d4b" outcome="Passed" testListId="8c84fa94-04c1-424b-9868-57a2d4851a1d" relativeResultsDirectory="e6c5c1a3-0886-405b-8d42-6a094a5e1968" dataRowInfo="17" resultType="DataDrivenDataRow" />
        <UnitTestResult executionId="bb5cefad-e255-4454-8d2a-fa44defac887" parentExecutionId="e6c5c1a3-0886-405b-8d42-6a094a5e1968" testId="39dcb97e-c73f-c645-a77c-64d9eba0a3a3" testName="interrogative_sentences_aux" computerName="ARPAN-LAP" duration="00:00:00.0162969" startTime="2014-06-29T12:37:21.5982147+05:30" endTime="2014-06-29T12:37:21.6142157+05:30" testType="13cdc9d9-ddb5-4fa4-a97d-d965ccfc6d4b" outcome="Passed" testListId="8c84fa94-04c1-424b-9868-57a2d4851a1d" relativeResultsDirectory="e6c5c1a3-0886-405b-8d42-6a094a5e1968" dataRowInfo="18" resultType="DataDrivenDataRow" />
        <UnitTestResult executionId="5d8e58cf-d8d2-44dc-a5a4-e81648943627" parentExecutionId="e6c5c1a3-0886-405b-8d42-6a094a5e1968" testId="39dcb97e-c73f-c645-a77c-64d9eba0a3a3" testName="interrogative_sentences_aux" computerName="ARPAN-LAP" duration="00:00:00.0224007" startTime="2014-06-29T12:37:21.6142157+05:30" endTime="2014-06-29T12:37:21.6362169+05:30" testType="13cdc9d9-ddb5-4fa4-a97d-d965ccfc6d4b" outcome="Passed" testListId="8c84fa94-04c1-424b-9868-57a2d4851a1d" relativeResultsDirectory="e6c5c1a3-0886-405b-8d42-6a094a5e1968" dataRowInfo="19" resultType="DataDrivenDataRow" />
      </InnerResults>
    </UnitTestResult>
    <UnitTestResult executionId="c3fd52ff-45ee-4f06-b63a-e57b036152ce" testId="4e91a3b9-9eae-ebff-0b97-303f00578a78" testName="interrogative_sentences_whom" computerName="ARPAN-LAP" duration="00:00:00.0569712" startTime="2014-06-29T12:37:21.7032208+05:30" endTime="2014-06-29T12:37:21.7752249+05:30" testType="13cdc9d9-ddb5-4fa4-a97d-d965ccfc6d4b" outcome="Passed" testListId="8c84fa94-04c1-424b-9868-57a2d4851a1d" relativeResultsDirectory="c3fd52ff-45ee-4f06-b63a-e57b036152ce" resultType="DataDrivenTest">
      <Counters error="0" failed="0" timeout="0" aborted="0" inconclusive="0" passedButRunAborted="0" notRunnable="0" notExecuted="0" disconnected="0" warning="0" passed="2" completed="0" inProgress="0" pending="0" />
      <InnerResults>
        <UnitTestResult executionId="8aa12f17-35ad-40a3-8e98-2f960ba34535" parentExecutionId="c3fd52ff-45ee-4f06-b63a-e57b036152ce" testId="4e91a3b9-9eae-ebff-0b97-303f00578a78" testName="interrogative_sentences_whom" computerName="ARPAN-LAP" duration="00:00:00.0300772" startTime="2014-06-29T12:37:21.7102212+05:30" endTime="2014-06-29T12:37:21.7412229+05:30" testType="13cdc9d9-ddb5-4fa4-a97d-d965ccfc6d4b" outcome="Passed" testListId="8c84fa94-04c1-424b-9868-57a2d4851a1d" relativeResultsDirectory="c3fd52ff-45ee-4f06-b63a-e57b036152ce" dataRowInfo="0" resultType="DataDrivenDataRow" />
        <UnitTestResult executionId="2f684cfd-94e3-45b3-863e-cd1397cab8a3" parentExecutionId="c3fd52ff-45ee-4f06-b63a-e57b036152ce" testId="4e91a3b9-9eae-ebff-0b97-303f00578a78" testName="interrogative_sentences_whom" computerName="ARPAN-LAP" duration="00:00:00.0249815" startTime="2014-06-29T12:37:21.7412229+05:30" endTime="2014-06-29T12:37:21.7662244+05:30" testType="13cdc9d9-ddb5-4fa4-a97d-d965ccfc6d4b" outcome="Passed" testListId="8c84fa94-04c1-424b-9868-57a2d4851a1d" relativeResultsDirectory="c3fd52ff-45ee-4f06-b63a-e57b036152ce" dataRowInfo="1" resultType="DataDrivenDataRow" />
      </InnerResults>
    </UnitTestResult>
    <UnitTestResult executionId="1576b579-eefb-4739-9a18-fe79d4f8e618" testId="533e7939-123c-ce84-5c5c-d5a21d1d95b9" testName="special_handling_do_verb" computerName="ARPAN-LAP" duration="00:00:00.3580843" startTime="2014-06-29T12:37:21.7782250+05:30" endTime="2014-06-29T12:37:22.1812481+05:30" testType="13cdc9d9-ddb5-4fa4-a97d-d965ccfc6d4b" outcome="Passed" testListId="8c84fa94-04c1-424b-9868-57a2d4851a1d" relativeResultsDirectory="1576b579-eefb-4739-9a18-fe79d4f8e618" resultType="DataDrivenTest">
      <Counters error="0" failed="0" timeout="0" aborted="0" inconclusive="0" passedButRunAborted="0" notRunnable="0" notExecuted="0" disconnected="0" warning="0" passed="13" completed="0" inProgress="0" pending="0" />
      <InnerResults>
        <UnitTestResult executionId="28ed5696-ea11-40ed-8286-a008eb5fff28" parentExecutionId="1576b579-eefb-4739-9a18-fe79d4f8e618" testId="533e7939-123c-ce84-5c5c-d5a21d1d95b9" testName="special_handling_do_verb" computerName="ARPAN-LAP" duration="00:00:00.0214758" startTime="2014-06-29T12:37:21.7842254+05:30" endTime="2014-06-29T12:37:21.8062266+05:30" testType="13cdc9d9-ddb5-4fa4-a97d-d965ccfc6d4b" outcome="Passed" testListId="8c84fa94-04c1-424b-9868-57a2d4851a1d" relativeResultsDirectory="1576b579-eefb-4739-9a18-fe79d4f8e618" dataRowInfo="0" resultType="DataDrivenDataRow" />
        <UnitTestResult executionId="1f14f05e-d0f9-423b-a78a-dee917791c01" parentExecutionId="1576b579-eefb-4739-9a18-fe79d4f8e618" testId="533e7939-123c-ce84-5c5c-d5a21d1d95b9" testName="special_handling_do_verb" computerName="ARPAN-LAP" duration="00:00:00.0233980" startTime="2014-06-29T12:37:21.8062266+05:30" endTime="2014-06-29T12:37:21.8292280+05:30" testType="13cdc9d9-ddb5-4fa4-a97d-d965ccfc6d4b" outcome="Passed" testListId="8c84fa94-04c1-424b-9868-57a2d4851a1d" relativeResultsDirectory="1576b579-eefb-4739-9a18-fe79d4f8e618" dataRowInfo="1" resultType="DataDrivenDataRow" />
        <UnitTestResult executionId="2112f6d3-db39-4a8d-8140-6319b6cae958" parentExecutionId="1576b579-eefb-4739-9a18-fe79d4f8e618" testId="533e7939-123c-ce84-5c5c-d5a21d1d95b9" testName="special_handling_do_verb" computerName="ARPAN-LAP" duration="00:00:00.0286550" startTime="2014-06-29T12:37:21.8292280+05:30" endTime="2014-06-29T12:37:21.8582296+05:30" testType="13cdc9d9-ddb5-4fa4-a97d-d965ccfc6d4b" outcome="Passed" testListId="8c84fa94-04c1-424b-9868-57a2d4851a1d" relativeResultsDirectory="1576b579-eefb-4739-9a18-fe79d4f8e618" dataRowInfo="2" resultType="DataDrivenDataRow" />
        <UnitTestResult executionId="52a2150e-b74b-4aa8-b835-6051a39f58ad" parentExecutionId="1576b579-eefb-4739-9a18-fe79d4f8e618" testId="533e7939-123c-ce84-5c5c-d5a21d1d95b9" testName="special_handling_do_verb" computerName="ARPAN-LAP" duration="00:00:00.0317623" startTime="2014-06-29T12:37:21.8582296+05:30" endTime="2014-06-29T12:37:21.8902315+05:30" testType="13cdc9d9-ddb5-4fa4-a97d-d965ccfc6d4b" outcome="Passed" testListId="8c84fa94-04c1-424b-9868-57a2d4851a1d" relativeResultsDirectory="1576b579-eefb-4739-9a18-fe79d4f8e618" dataRowInfo="3" resultType="DataDrivenDataRow" />
        <UnitTestResult executionId="03e3d733-9aef-4ffc-b10f-e8792deead02" parentExecutionId="1576b579-eefb-4739-9a18-fe79d4f8e618" testId="533e7939-123c-ce84-5c5c-d5a21d1d95b9" testName="special_handling_do_verb" computerName="ARPAN-LAP" duration="00:00:00.0200771" startTime="2014-06-29T12:37:21.8902315+05:30" endTime="2014-06-29T12:37:21.9102326+05:30" testType="13cdc9d9-ddb5-4fa4-a97d-d965ccfc6d4b" outcome="Passed" testListId="8c84fa94-04c1-424b-9868-57a2d4851a1d" relativeResultsDirectory="1576b579-eefb-4739-9a18-fe79d4f8e618" dataRowInfo="4" resultType="DataDrivenDataRow" />
        <UnitTestResult executionId="dcb4fbfe-7894-48e5-897a-9b482f16c05b" parentExecutionId="1576b579-eefb-4739-9a18-fe79d4f8e618" testId="533e7939-123c-ce84-5c5c-d5a21d1d95b9" testName="special_handling_do_verb" computerName="ARPAN-LAP" duration="00:00:00.0256482" startTime="2014-06-29T12:37:21.9102326+05:30" endTime="2014-06-29T12:37:21.9362341+05:30" testType="13cdc9d9-ddb5-4fa4-a97d-d965ccfc6d4b" outcome="Passed" testListId="8c84fa94-04c1-424b-9868-57a2d4851a1d" relativeResultsDirectory="1576b579-eefb-4739-9a18-fe79d4f8e618" dataRowInfo="5" resultType="DataDrivenDataRow" />
        <UnitTestResult executionId="3f9b3009-0d03-4fa8-8090-c2c2b9ccfa84" parentExecutionId="1576b579-eefb-4739-9a18-fe79d4f8e618" testId="533e7939-123c-ce84-5c5c-d5a21d1d95b9" testName="special_handling_do_verb" computerName="ARPAN-LAP" duration="00:00:00.0267461" startTime="2014-06-29T12:37:21.9362341+05:30" endTime="2014-06-29T12:37:21.9632356+05:30" testType="13cdc9d9-ddb5-4fa4-a97d-d965ccfc6d4b" outcome="Passed" testListId="8c84fa94-04c1-424b-9868-57a2d4851a1d" relativeResultsDirectory="1576b579-eefb-4739-9a18-fe79d4f8e618" dataRowInfo="6" resultType="DataDrivenDataRow" />
        <UnitTestResult executionId="13897a31-bc7e-40bd-9f16-54c97f0ac5fb" parentExecutionId="1576b579-eefb-4739-9a18-fe79d4f8e618" testId="533e7939-123c-ce84-5c5c-d5a21d1d95b9" testName="special_handling_do_verb" computerName="ARPAN-LAP" duration="00:00:00.0369130" startTime="2014-06-29T12:37:21.9632356+05:30" endTime="2014-06-29T12:37:22.0002377+05:30" testType="13cdc9d9-ddb5-4fa4-a97d-d965ccfc6d4b" outcome="Passed" testListId="8c84fa94-04c1-424b-9868-57a2d4851a1d" relativeResultsDirectory="1576b579-eefb-4739-9a18-fe79d4f8e618" dataRowInfo="7" resultType="DataDrivenDataRow" />
        <UnitTestResult executionId="5aa02751-0ae2-46f9-bca5-6add32c3205d" parentExecutionId="1576b579-eefb-4739-9a18-fe79d4f8e618" testId="533e7939-123c-ce84-5c5c-d5a21d1d95b9" testName="special_handling_do_verb" computerName="ARPAN-LAP" duration="00:00:00.0301937" startTime="2014-06-29T12:37:22.0002377+05:30" endTime="2014-06-29T12:37:22.0302395+05:30" testType="13cdc9d9-ddb5-4fa4-a97d-d965ccfc6d4b" outcome="Passed" testListId="8c84fa94-04c1-424b-9868-57a2d4851a1d" relativeResultsDirectory="1576b579-eefb-4739-9a18-fe79d4f8e618" dataRowInfo="8" resultType="DataDrivenDataRow" />
        <UnitTestResult executionId="4ed826ec-1e54-4044-906f-293234d21f06" parentExecutionId="1576b579-eefb-4739-9a18-fe79d4f8e618" testId="533e7939-123c-ce84-5c5c-d5a21d1d95b9" testName="special_handling_do_verb" computerName="ARPAN-LAP" duration="00:00:00.0330881" startTime="2014-06-29T12:37:22.0302395+05:30" endTime="2014-06-29T12:37:22.0632413+05:30" testType="13cdc9d9-ddb5-4fa4-a97d-d965ccfc6d4b" outcome="Passed" testListId="8c84fa94-04c1-424b-9868-57a2d4851a1d" relativeResultsDirectory="1576b579-eefb-4739-9a18-fe79d4f8e618" dataRowInfo="9" resultType="DataDrivenDataRow" />
        <UnitTestResult executionId="cdcb1a25-1124-45c0-9560-4e9792c6680f" parentExecutionId="1576b579-eefb-4739-9a18-fe79d4f8e618" testId="533e7939-123c-ce84-5c5c-d5a21d1d95b9" testName="special_handling_do_verb" computerName="ARPAN-LAP" duration="00:00:00.0207844" startTime="2014-06-29T12:37:22.0632413+05:30" endTime="2014-06-29T12:37:22.0842425+05:30" testType="13cdc9d9-ddb5-4fa4-a97d-d965ccfc6d4b" outcome="Passed" testListId="8c84fa94-04c1-424b-9868-57a2d4851a1d" relativeResultsDirectory="1576b579-eefb-4739-9a18-fe79d4f8e618" dataRowInfo="10" resultType="DataDrivenDataRow" />
        <UnitTestResult executionId="05d90a2f-f883-41d8-9338-8811b02e6a7b" parentExecutionId="1576b579-eefb-4739-9a18-fe79d4f8e618" testId="533e7939-123c-ce84-5c5c-d5a21d1d95b9" testName="special_handling_do_verb" computerName="ARPAN-LAP" duration="00:00:00.0301696" startTime="2014-06-29T12:37:22.0842425+05:30" endTime="2014-06-29T12:37:22.1142443+05:30" testType="13cdc9d9-ddb5-4fa4-a97d-d965ccfc6d4b" outcome="Passed" testListId="8c84fa94-04c1-424b-9868-57a2d4851a1d" relativeResultsDirectory="1576b579-eefb-4739-9a18-fe79d4f8e618" dataRowInfo="11" resultType="DataDrivenDataRow" />
        <UnitTestResult executionId="6e40eea3-01ea-43ce-9da8-04b7e502b7f6" parentExecutionId="1576b579-eefb-4739-9a18-fe79d4f8e618" testId="533e7939-123c-ce84-5c5c-d5a21d1d95b9" testName="special_handling_do_verb" computerName="ARPAN-LAP" duration="00:00:00.0267943" startTime="2014-06-29T12:37:22.1142443+05:30" endTime="2014-06-29T12:37:22.1412458+05:30" testType="13cdc9d9-ddb5-4fa4-a97d-d965ccfc6d4b" outcome="Passed" testListId="8c84fa94-04c1-424b-9868-57a2d4851a1d" relativeResultsDirectory="1576b579-eefb-4739-9a18-fe79d4f8e618" dataRowInfo="12" resultType="DataDrivenDataRow" />
      </InnerResults>
    </UnitTestResult>
    <UnitTestResult executionId="c1742aa0-8e64-4239-b8f4-6cc4182d0e2e" testId="642ce34f-0ed4-f995-637b-09297c832f2a" testName="RandomWord" computerName="ARPAN-LAP" duration="00:00:00.1198538" startTime="2014-06-29T12:37:22.1942488+05:30" endTime="2014-06-29T12:37:22.3242563+05:30" testType="13cdc9d9-ddb5-4fa4-a97d-d965ccfc6d4b" outcome="Failed" testListId="8c84fa94-04c1-424b-9868-57a2d4851a1d" relativeResultsDirectory="c1742aa0-8e64-4239-b8f4-6cc4182d0e2e" resultType="DataDrivenTest">
      <Counters error="0" failed="1" timeout="0" aborted="0" inconclusive="0" passedButRunAborted="0" notRunnable="0" notExecuted="0" disconnected="0" warning="0" passed="0" completed="0" inProgress="0" pending="0" />
      <InnerResults>
        <UnitTestResult executionId="91678694-c2fd-42d2-8d16-390fce9f4ed1" parentExecutionId="c1742aa0-8e64-4239-b8f4-6cc4182d0e2e" testId="642ce34f-0ed4-f995-637b-09297c832f2a" testName="RandomWord" computerName="ARPAN-LAP" duration="00:00:00.1168866" startTime="2014-06-29T12:37:22.2002492+05:30" endTime="2014-06-29T12:37:22.3172559+05:30" testType="13cdc9d9-ddb5-4fa4-a97d-d965ccfc6d4b" outcome="Failed" testListId="8c84fa94-04c1-424b-9868-57a2d4851a1d" relativeResultsDirectory="c1742aa0-8e64-4239-b8f4-6cc4182d0e2e" dataRowInfo="0" resultType="DataDrivenDataRow">
          <Output>
            <ErrorInfo>
              <Message>Assert.AreEqual failed. Expected:&lt;পূর্ব সলোমন এর নৌ যুদ্ধ ২৪–২৫ অগষ্ট ১৯৪২ য়ে স্থান গ্রহণ করেছিল , এবং দ্বিতীয় বিশ্ব যুদ্ধ এর প্রশান্ত মহাসাগর সংগঠিত প্রচারকার্য এর তৃতীয় যুদ্ধ বাহক ।&gt;. Actual:&lt;পূর্ব সলোমন এর নৌ যুদ্ধ ২৪–২৫ অগষ্ট ১৯৪২ য়ে স্থান গ্রহণ করেছিল , এবং দ্বিতীয় বিশ্ব যুদ্ধ এর pacific:NP সংগঠিত প্রচারকার্য এর তৃতীয় যুদ্ধ বাহক ।&gt;. The naval Battle of the Eastern Solomons took place on 24–25 August 1942, and was the third carrier battle of the Pacific campaign of second World War.</Message>
              <StackTrace>   at UnitTest.BnlpTest.RandomWord() in D:\software\Project\BNLP\UnitTest\BnlpTest.cs:line 526
</StackTrace>
            </ErrorInfo>
          </Output>
        </UnitTestResult>
      </InnerResults>
    </UnitTestResult>
    <UnitTestResult executionId="d69b973f-ba5d-4629-a568-65b441061e46" testId="783915fe-114a-e353-78dd-56e92a60f942" testName="all_persons_modal_should" computerName="ARPAN-LAP" duration="00:00:00.4707277" startTime="2014-06-29T12:37:22.3272564+05:30" endTime="2014-06-29T12:37:22.8622870+05:30" testType="13cdc9d9-ddb5-4fa4-a97d-d965ccfc6d4b" outcome="Passed" testListId="8c84fa94-04c1-424b-9868-57a2d4851a1d" relativeResultsDirectory="d69b973f-ba5d-4629-a568-65b441061e46" resultType="DataDrivenTest">
      <Counters error="0" failed="0" timeout="0" aborted="0" inconclusive="0" passedButRunAborted="0" notRunnable="0" notExecuted="0" disconnected="0" warning="0" passed="17" completed="0" inProgress="0" pending="0" />
      <InnerResults>
        <UnitTestResult executionId="5334944f-b6b3-4d0a-be45-907400a317f1" parentExecutionId="d69b973f-ba5d-4629-a568-65b441061e46" testId="783915fe-114a-e353-78dd-56e92a60f942" testName="all_persons_modal_should" computerName="ARPAN-LAP" duration="00:00:00.0244205" startTime="2014-06-29T12:37:22.3522579+05:30" endTime="2014-06-29T12:37:22.3772593+05:30" testType="13cdc9d9-ddb5-4fa4-a97d-d965ccfc6d4b" outcome="Passed" testListId="8c84fa94-04c1-424b-9868-57a2d4851a1d" relativeResultsDirectory="d69b973f-ba5d-4629-a568-65b441061e46" dataRowInfo="0" resultType="DataDrivenDataRow" />
        <UnitTestResult executionId="22e3aec5-df6e-4aa8-9d15-4e077cc624aa" parentExecutionId="d69b973f-ba5d-4629-a568-65b441061e46" testId="783915fe-114a-e353-78dd-56e92a60f942" testName="all_persons_modal_should" computerName="ARPAN-LAP" duration="00:00:00.0285431" startTime="2014-06-29T12:37:22.3772593+05:30" endTime="2014-06-29T12:37:22.4052609+05:30" testType="13cdc9d9-ddb5-4fa4-a97d-d965ccfc6d4b" outcome="Passed" testListId="8c84fa94-04c1-424b-9868-57a2d4851a1d" relativeResultsDirectory="d69b973f-ba5d-4629-a568-65b441061e46" dataRowInfo="1" resultType="DataDrivenDataRow" />
        <UnitTestResult executionId="9dc4d0ef-7a1a-4a94-8ac9-b39311cac54b" parentExecutionId="d69b973f-ba5d-4629-a568-65b441061e46" testId="783915fe-114a-e353-78dd-56e92a60f942" testName="all_persons_modal_should" computerName="ARPAN-LAP" duration="00:00:00.0301840" startTime="2014-06-29T12:37:22.4052609+05:30" endTime="2014-06-29T12:37:22.4352626+05:30" testType="13cdc9d9-ddb5-4fa4-a97d-d965ccfc6d4b" outcome="Passed" testListId="8c84fa94-04c1-424b-9868-57a2d4851a1d" relativeResultsDirectory="d69b973f-ba5d-4629-a568-65b441061e46" dataRowInfo="2" resultType="DataDrivenDataRow" />
        <UnitTestResult executionId="3826f7ba-c876-404d-bf79-c16c7d09a968" parentExecutionId="d69b973f-ba5d-4629-a568-65b441061e46" testId="783915fe-114a-e353-78dd-56e92a60f942" testName="all_persons_modal_should" computerName="ARPAN-LAP" duration="00:00:00.0415499" startTime="2014-06-29T12:37:22.4352626+05:30" endTime="2014-06-29T12:37:22.4772650+05:30" testType="13cdc9d9-ddb5-4fa4-a97d-d965ccfc6d4b" outcome="Passed" testListId="8c84fa94-04c1-424b-9868-57a2d4851a1d" relativeResultsDirectory="d69b973f-ba5d-4629-a568-65b441061e46" dataRowInfo="3" resultType="DataDrivenDataRow" />
        <UnitTestResult executionId="1be21710-e4b4-461b-a6df-9f6cbfc5539e" parentExecutionId="d69b973f-ba5d-4629-a568-65b441061e46" testId="783915fe-114a-e353-78dd-56e92a60f942" testName="all_persons_modal_should" computerName="ARPAN-LAP" duration="00:00:00.0252196" startTime="2014-06-29T12:37:22.4772650+05:30" endTime="2014-06-29T12:37:22.5022665+05:30" testType="13cdc9d9-ddb5-4fa4-a97d-d965ccfc6d4b" outcome="Passed" testListId="8c84fa94-04c1-424b-9868-57a2d4851a1d" relativeResultsDirectory="d69b973f-ba5d-4629-a568-65b441061e46" dataRowInfo="4" resultType="DataDrivenDataRow" />
        <UnitTestResult executionId="632c0fe9-f05d-4f42-9835-43551202bc2f" parentExecutionId="d69b973f-ba5d-4629-a568-65b441061e46" testId="783915fe-114a-e353-78dd-56e92a60f942" testName="all_persons_modal_should" computerName="ARPAN-LAP" duration="00:00:00.0280929" startTime="2014-06-29T12:37:22.5022665+05:30" endTime="2014-06-29T12:37:22.5312681+05:30" testType="13cdc9d9-ddb5-4fa4-a97d-d965ccfc6d4b" outcome="Passed" testListId="8c84fa94-04c1-424b-9868-57a2d4851a1d" relativeResultsDirectory="d69b973f-ba5d-4629-a568-65b441061e46" dataRowInfo="5" resultType="DataDrivenDataRow" />
        <UnitTestResult executionId="91a0c06c-021b-49ed-94ff-f48c3f65b489" parentExecutionId="d69b973f-ba5d-4629-a568-65b441061e46" testId="783915fe-114a-e353-78dd-56e92a60f942" testName="all_persons_modal_should" computerName="ARPAN-LAP" duration="00:00:00.0244631" startTime="2014-06-29T12:37:22.5312681+05:30" endTime="2014-06-29T12:37:22.5552695+05:30" testType="13cdc9d9-ddb5-4fa4-a97d-d965ccfc6d4b" outcome="Passed" testListId="8c84fa94-04c1-424b-9868-57a2d4851a1d" relativeResultsDirectory="d69b973f-ba5d-4629-a568-65b441061e46" dataRowInfo="6" resultType="DataDrivenDataRow" />
        <UnitTestResult executionId="b7b4cb9a-c5c2-4973-9cf6-8e45b0597bda" parentExecutionId="d69b973f-ba5d-4629-a568-65b441061e46" testId="783915fe-114a-e353-78dd-56e92a60f942" testName="all_persons_modal_should" computerName="ARPAN-LAP" duration="00:00:00.0275417" startTime="2014-06-29T12:37:22.5552695+05:30" endTime="2014-06-29T12:37:22.5832711+05:30" testType="13cdc9d9-ddb5-4fa4-a97d-d965ccfc6d4b" outcome="Passed" testListId="8c84fa94-04c1-424b-9868-57a2d4851a1d" relativeResultsDirectory="d69b973f-ba5d-4629-a568-65b441061e46" dataRowInfo="7" resultType="DataDrivenDataRow" />
        <UnitTestResult executionId="98c0e644-122b-4005-bac0-8b82608aae3f" parentExecutionId="d69b973f-ba5d-4629-a568-65b441061e46" testId="783915fe-114a-e353-78dd-56e92a60f942" testName="all_persons_modal_should" computerName="ARPAN-LAP" duration="00:00:00.0173799" startTime="2014-06-29T12:37:22.5832711+05:30" endTime="2014-06-29T12:37:22.6002721+05:30" testType="13cdc9d9-ddb5-4fa4-a97d-d965ccfc6d4b" outcome="Passed" testListId="8c84fa94-04c1-424b-9868-57a2d4851a1d" relativeResultsDirectory="d69b973f-ba5d-4629-a568-65b441061e46" dataRowInfo="8" resultType="DataDrivenDataRow" />
        <UnitTestResult executionId="94ee65e5-d9bc-4006-8509-691eee48f058" parentExecutionId="d69b973f-ba5d-4629-a568-65b441061e46" testId="783915fe-114a-e353-78dd-56e92a60f942" testName="all_persons_modal_should" computerName="ARPAN-LAP" duration="00:00:00.0250708" startTime="2014-06-29T12:37:22.6002721+05:30" endTime="2014-06-29T12:37:22.6252735+05:30" testType="13cdc9d9-ddb5-4fa4-a97d-d965ccfc6d4b" outcome="Passed" testListId="8c84fa94-04c1-424b-9868-57a2d4851a1d" relativeResultsDirectory="d69b973f-ba5d-4629-a568-65b441061e46" dataRowInfo="9" resultType="DataDrivenDataRow" />
        <UnitTestResult executionId="930b775d-ce77-4c5a-b052-90155db0e2c9" parentExecutionId="d69b973f-ba5d-4629-a568-65b441061e46" testId="783915fe-114a-e353-78dd-56e92a60f942" testName="all_persons_modal_should" computerName="ARPAN-LAP" duration="00:00:00.0241751" startTime="2014-06-29T12:37:22.6252735+05:30" endTime="2014-06-29T12:37:22.6492749+05:30" testType="13cdc9d9-ddb5-4fa4-a97d-d965ccfc6d4b" outcome="Passed" testListId="8c84fa94-04c1-424b-9868-57a2d4851a1d" relativeResultsDirectory="d69b973f-ba5d-4629-a568-65b441061e46" dataRowInfo="10" resultType="DataDrivenDataRow" />
        <UnitTestResult executionId="f3ecee1d-5bc6-47f4-bc5f-6edeca864f03" parentExecutionId="d69b973f-ba5d-4629-a568-65b441061e46" testId="783915fe-114a-e353-78dd-56e92a60f942" testName="all_persons_modal_should" computerName="ARPAN-LAP" duration="00:00:00.0303231" startTime="2014-06-29T12:37:22.6492749+05:30" endTime="2014-06-29T12:37:22.6802766+05:30" testType="13cdc9d9-ddb5-4fa4-a97d-d965ccfc6d4b" outcome="Passed" testListId="8c84fa94-04c1-424b-9868-57a2d4851a1d" relativeResultsDirectory="d69b973f-ba5d-4629-a568-65b441061e46" dataRowInfo="11" resultType="DataDrivenDataRow" />
        <UnitTestResult executionId="c0681db6-a48c-45f5-bf61-f42a99230363" parentExecutionId="d69b973f-ba5d-4629-a568-65b441061e46" testId="783915fe-114a-e353-78dd-56e92a60f942" testName="all_persons_modal_should" computerName="ARPAN-LAP" duration="00:00:00.0246011" startTime="2014-06-29T12:37:22.6802766+05:30" endTime="2014-06-29T12:37:22.7042780+05:30" testType="13cdc9d9-ddb5-4fa4-a97d-d965ccfc6d4b" outcome="Passed" testListId="8c84fa94-04c1-424b-9868-57a2d4851a1d" relativeResultsDirectory="d69b973f-ba5d-4629-a568-65b441061e46" dataRowInfo="12" resultType="DataDrivenDataRow" />
        <UnitTestResult executionId="4bf16959-6a00-4b3e-be8f-09724e2f0557" parentExecutionId="d69b973f-ba5d-4629-a568-65b441061e46" testId="783915fe-114a-e353-78dd-56e92a60f942" testName="all_persons_modal_should" computerName="ARPAN-LAP" duration="00:00:00.0263909" startTime="2014-06-29T12:37:22.7042780+05:30" endTime="2014-06-29T12:37:22.7312796+05:30" testType="13cdc9d9-ddb5-4fa4-a97d-d965ccfc6d4b" outcome="Passed" testListId="8c84fa94-04c1-424b-9868-57a2d4851a1d" relativeResultsDirectory="d69b973f-ba5d-4629-a568-65b441061e46" dataRowInfo="13" resultType="DataDrivenDataRow" />
        <UnitTestResult executionId="dc1a2886-2d72-487e-a1dd-22ea6f689e05" parentExecutionId="d69b973f-ba5d-4629-a568-65b441061e46" testId="783915fe-114a-e353-78dd-56e92a60f942" testName="all_persons_modal_should" computerName="ARPAN-LAP" duration="00:00:00.0293848" startTime="2014-06-29T12:37:22.7312796+05:30" endTime="2014-06-29T12:37:22.7602812+05:30" testType="13cdc9d9-ddb5-4fa4-a97d-d965ccfc6d4b" outcome="Passed" testListId="8c84fa94-04c1-424b-9868-57a2d4851a1d" relativeResultsDirectory="d69b973f-ba5d-4629-a568-65b441061e46" dataRowInfo="14" resultType="DataDrivenDataRow" />
        <UnitTestResult executionId="71f435f9-1486-406b-928e-620d0e1f7b1e" parentExecutionId="d69b973f-ba5d-4629-a568-65b441061e46" testId="783915fe-114a-e353-78dd-56e92a60f942" testName="all_persons_modal_should" computerName="ARPAN-LAP" duration="00:00:00.0224777" startTime="2014-06-29T12:37:22.7602812+05:30" endTime="2014-06-29T12:37:22.7832825+05:30" testType="13cdc9d9-ddb5-4fa4-a97d-d965ccfc6d4b" outcome="Passed" testListId="8c84fa94-04c1-424b-9868-57a2d4851a1d" relativeResultsDirectory="d69b973f-ba5d-4629-a568-65b441061e46" dataRowInfo="15" resultType="DataDrivenDataRow" />
        <UnitTestResult executionId="46501602-c69d-4e35-be99-6cc0462da0f4" parentExecutionId="d69b973f-ba5d-4629-a568-65b441061e46" testId="783915fe-114a-e353-78dd-56e92a60f942" testName="all_persons_modal_should" computerName="ARPAN-LAP" duration="00:00:00.0273702" startTime="2014-06-29T12:37:22.7832825+05:30" endTime="2014-06-29T12:37:22.8102841+05:30" testType="13cdc9d9-ddb5-4fa4-a97d-d965ccfc6d4b" outcome="Passed" testListId="8c84fa94-04c1-424b-9868-57a2d4851a1d" relativeResultsDirectory="d69b973f-ba5d-4629-a568-65b441061e46" dataRowInfo="16" resultType="DataDrivenDataRow" />
      </InnerResults>
    </UnitTestResult>
    <UnitTestResult executionId="9d66379a-36de-4bdf-a1d7-d85a952c40b1" testId="7f7910d1-dc89-39b4-b4cf-d9e6d7af9420" testName="interrogative_sentences_what" computerName="ARPAN-LAP" duration="00:00:00.2234985" startTime="2014-06-29T12:37:22.8642872+05:30" endTime="2014-06-29T12:37:23.1243020+05:30" testType="13cdc9d9-ddb5-4fa4-a97d-d965ccfc6d4b" outcome="Passed" testListId="8c84fa94-04c1-424b-9868-57a2d4851a1d" relativeResultsDirectory="9d66379a-36de-4bdf-a1d7-d85a952c40b1" resultType="DataDrivenTest">
      <Counters error="0" failed="0" timeout="0" aborted="0" inconclusive="0" passedButRunAborted="0" notRunnable="0" notExecuted="0" disconnected="0" warning="0" passed="9" completed="0" inProgress="0" pending="0" />
      <InnerResults>
        <UnitTestResult executionId="b8742386-4acf-408a-a142-19f80293c31e" parentExecutionId="9d66379a-36de-4bdf-a1d7-d85a952c40b1" testId="7f7910d1-dc89-39b4-b4cf-d9e6d7af9420" testName="interrogative_sentences_what" computerName="ARPAN-LAP" duration="00:00:00.0265536" startTime="2014-06-29T12:37:22.8752878+05:30" endTime="2014-06-29T12:37:22.9012893+05:30" testType="13cdc9d9-ddb5-4fa4-a97d-d965ccfc6d4b" outcome="Passed" testListId="8c84fa94-04c1-424b-9868-57a2d4851a1d" relativeResultsDirectory="9d66379a-36de-4bdf-a1d7-d85a952c40b1" dataRowInfo="0" resultType="DataDrivenDataRow" />
        <UnitTestResult executionId="c9399133-5f8f-4c4b-8757-86c65bf08899" parentExecutionId="9d66379a-36de-4bdf-a1d7-d85a952c40b1" testId="7f7910d1-dc89-39b4-b4cf-d9e6d7af9420" testName="interrogative_sentences_what" computerName="ARPAN-LAP" duration="00:00:00.0216939" startTime="2014-06-29T12:37:22.9012893+05:30" endTime="2014-06-29T12:37:22.9232905+05:30" testType="13cdc9d9-ddb5-4fa4-a97d-d965ccfc6d4b" outcome="Passed" testListId="8c84fa94-04c1-424b-9868-57a2d4851a1d" relativeResultsDirectory="9d66379a-36de-4bdf-a1d7-d85a952c40b1" dataRowInfo="1" resultType="DataDrivenDataRow" />
        <UnitTestResult executionId="0df45522-d8d3-4dd2-82a1-6c6634e5312a" parentExecutionId="9d66379a-36de-4bdf-a1d7-d85a952c40b1" testId="7f7910d1-dc89-39b4-b4cf-d9e6d7af9420" testName="interrogative_sentences_what" computerName="ARPAN-LAP" duration="00:00:00.0264007" startTime="2014-06-29T12:37:22.9232905+05:30" endTime="2014-06-29T12:37:22.9492920+05:30" testType="13cdc9d9-ddb5-4fa4-a97d-d965ccfc6d4b" outcome="Passed" testListId="8c84fa94-04c1-424b-9868-57a2d4851a1d" relativeResultsDirectory="9d66379a-36de-4bdf-a1d7-d85a952c40b1" dataRowInfo="2" resultType="DataDrivenDataRow" />
        <UnitTestResult executionId="319c22dc-d403-4482-83ed-1e6e27192f91" parentExecutionId="9d66379a-36de-4bdf-a1d7-d85a952c40b1" testId="7f7910d1-dc89-39b4-b4cf-d9e6d7af9420" testName="interrogative_sentences_what" computerName="ARPAN-LAP" duration="00:00:00.0236793" startTime="2014-06-29T12:37:22.9492920+05:30" endTime="2014-06-29T12:37:22.9732934+05:30" testType="13cdc9d9-ddb5-4fa4-a97d-d965ccfc6d4b" outcome="Passed" testListId="8c84fa94-04c1-424b-9868-57a2d4851a1d" relativeResultsDirectory="9d66379a-36de-4bdf-a1d7-d85a952c40b1" dataRowInfo="3" resultType="DataDrivenDataRow" />
        <UnitTestResult executionId="cf4d5cfa-c2ec-4735-ac99-bddbae49afc2" parentExecutionId="9d66379a-36de-4bdf-a1d7-d85a952c40b1" testId="7f7910d1-dc89-39b4-b4cf-d9e6d7af9420" testName="interrogative_sentences_what" computerName="ARPAN-LAP" duration="00:00:00.0204888" startTime="2014-06-29T12:37:22.9732934+05:30" endTime="2014-06-29T12:37:22.9942946+05:30" testType="13cdc9d9-ddb5-4fa4-a97d-d965ccfc6d4b" outcome="Passed" testListId="8c84fa94-04c1-424b-9868-57a2d4851a1d" relativeResultsDirectory="9d66379a-36de-4bdf-a1d7-d85a952c40b1" dataRowInfo="4" resultType="DataDrivenDataRow" />
        <UnitTestResult executionId="8fdaa813-3f87-4402-8930-4a29c3d1b8cc" parentExecutionId="9d66379a-36de-4bdf-a1d7-d85a952c40b1" testId="7f7910d1-dc89-39b4-b4cf-d9e6d7af9420" testName="interrogative_sentences_what" computerName="ARPAN-LAP" duration="00:00:00.0260060" startTime="2014-06-29T12:37:22.9942946+05:30" endTime="2014-06-29T12:37:23.0202961+05:30" testType="13cdc9d9-ddb5-4fa4-a97d-d965ccfc6d4b" outcome="Passed" testListId="8c84fa94-04c1-424b-9868-57a2d4851a1d" relativeResultsDirectory="9d66379a-36de-4bdf-a1d7-d85a952c40b1" dataRowInfo="5" resultType="DataDrivenDataRow" />
        <UnitTestResult executionId="23b2d742-b559-4dac-b46b-9fdbf95bb319" parentExecutionId="9d66379a-36de-4bdf-a1d7-d85a952c40b1" testId="7f7910d1-dc89-39b4-b4cf-d9e6d7af9420" testName="interrogative_sentences_what" computerName="ARPAN-LAP" duration="00:00:00.0248644" startTime="2014-06-29T12:37:23.0202961+05:30" endTime="2014-06-29T12:37:23.0452975+05:30" testType="13cdc9d9-ddb5-4fa4-a97d-d965ccfc6d4b" outcome="Passed" testListId="8c84fa94-04c1-424b-9868-57a2d4851a1d" relativeResultsDirectory="9d66379a-36de-4bdf-a1d7-d85a952c40b1" dataRowInfo="6" resultType="DataDrivenDataRow" />
        <UnitTestResult executionId="bfe82aaf-a58f-4336-b4ca-02cae997c2f8" parentExecutionId="9d66379a-36de-4bdf-a1d7-d85a952c40b1" testId="7f7910d1-dc89-39b4-b4cf-d9e6d7af9420" testName="interrogative_sentences_what" computerName="ARPAN-LAP" duration="00:00:00.0224490" startTime="2014-06-29T12:37:23.0452975+05:30" endTime="2014-06-29T12:37:23.0672988+05:30" testType="13cdc9d9-ddb5-4fa4-a97d-d965ccfc6d4b" outcome="Passed" testListId="8c84fa94-04c1-424b-9868-57a2d4851a1d" relativeResultsDirectory="9d66379a-36de-4bdf-a1d7-d85a952c40b1" dataRowInfo="7" resultType="DataDrivenDataRow" />
        <UnitTestResult executionId="47df404d-165d-4c60-8ffe-ead9681b2e4b" parentExecutionId="9d66379a-36de-4bdf-a1d7-d85a952c40b1" testId="7f7910d1-dc89-39b4-b4cf-d9e6d7af9420" testName="interrogative_sentences_what" computerName="ARPAN-LAP" duration="00:00:00.0281365" startTime="2014-06-29T12:37:23.0672988+05:30" endTime="2014-06-29T12:37:23.0953004+05:30" testType="13cdc9d9-ddb5-4fa4-a97d-d965ccfc6d4b" outcome="Passed" testListId="8c84fa94-04c1-424b-9868-57a2d4851a1d" relativeResultsDirectory="9d66379a-36de-4bdf-a1d7-d85a952c40b1" dataRowInfo="8" resultType="DataDrivenDataRow" />
      </InnerResults>
    </UnitTestResult>
    <UnitTestResult executionId="65232d49-1445-47f5-a612-1ae5ffe7693e" testId="83c68223-dcaa-51dd-423f-434210a59f77" testName="second_person_tenses_active_negation" computerName="ARPAN-LAP" duration="00:00:00.2567042" startTime="2014-06-29T12:37:23.1253021+05:30" endTime="2014-06-29T12:37:23.4223191+05:30" testType="13cdc9d9-ddb5-4fa4-a97d-d965ccfc6d4b" outcome="Passed" testListId="8c84fa94-04c1-424b-9868-57a2d4851a1d" relativeResultsDirectory="65232d49-1445-47f5-a612-1ae5ffe7693e" resultType="DataDrivenTest">
      <Counters error="0" failed="0" timeout="0" aborted="0" inconclusive="0" passedButRunAborted="0" notRunnable="0" notExecuted="0" disconnected="0" warning="0" passed="10" completed="0" inProgress="0" pending="0" />
      <InnerResults>
        <UnitTestResult executionId="ee10b171-2557-45dd-be4a-1457440d8007" parentExecutionId="65232d49-1445-47f5-a612-1ae5ffe7693e" testId="83c68223-dcaa-51dd-423f-434210a59f77" testName="second_person_tenses_active_negation" computerName="ARPAN-LAP" duration="00:00:00.0266670" startTime="2014-06-29T12:37:23.1363027+05:30" endTime="2014-06-29T12:37:23.1633043+05:30" testType="13cdc9d9-ddb5-4fa4-a97d-d965ccfc6d4b" outcome="Passed" testListId="8c84fa94-04c1-424b-9868-57a2d4851a1d" relativeResultsDirectory="65232d49-1445-47f5-a612-1ae5ffe7693e" dataRowInfo="0" resultType="DataDrivenDataRow" />
        <UnitTestResult executionId="5ecd7d3b-4b7d-41a5-a07c-f0f69dc503cb" parentExecutionId="65232d49-1445-47f5-a612-1ae5ffe7693e" testId="83c68223-dcaa-51dd-423f-434210a59f77" testName="second_person_tenses_active_negation" computerName="ARPAN-LAP" duration="00:00:00.0287658" startTime="2014-06-29T12:37:23.1633043+05:30" endTime="2014-06-29T12:37:23.1923059+05:30" testType="13cdc9d9-ddb5-4fa4-a97d-d965ccfc6d4b" outcome="Passed" testListId="8c84fa94-04c1-424b-9868-57a2d4851a1d" relativeResultsDirectory="65232d49-1445-47f5-a612-1ae5ffe7693e" dataRowInfo="1" resultType="DataDrivenDataRow" />
        <UnitTestResult executionId="3f4bc6b7-c676-49c6-a723-bbe0e922cf4a" parentExecutionId="65232d49-1445-47f5-a612-1ae5ffe7693e" testId="83c68223-dcaa-51dd-423f-434210a59f77" testName="second_person_tenses_active_negation" computerName="ARPAN-LAP" duration="00:00:00.0289485" startTime="2014-06-29T12:37:23.1923059+05:30" endTime="2014-06-29T12:37:23.2213076+05:30" testType="13cdc9d9-ddb5-4fa4-a97d-d965ccfc6d4b" outcome="Passed" testListId="8c84fa94-04c1-424b-9868-57a2d4851a1d" relativeResultsDirectory="65232d49-1445-47f5-a612-1ae5ffe7693e" dataRowInfo="2" resultType="DataDrivenDataRow" />
        <UnitTestResult executionId="7268ed26-315f-4bb8-a127-929c46e66a56" parentExecutionId="65232d49-1445-47f5-a612-1ae5ffe7693e" testId="83c68223-dcaa-51dd-423f-434210a59f77" testName="second_person_tenses_active_negation" computerName="ARPAN-LAP" duration="00:00:00.0313943" startTime="2014-06-29T12:37:23.2213076+05:30" endTime="2014-06-29T12:37:23.2523094+05:30" testType="13cdc9d9-ddb5-4fa4-a97d-d965ccfc6d4b" outcome="Passed" testListId="8c84fa94-04c1-424b-9868-57a2d4851a1d" relativeResultsDirectory="65232d49-1445-47f5-a612-1ae5ffe7693e" dataRowInfo="3" resultType="DataDrivenDataRow" />
        <UnitTestResult executionId="b4a9c8e1-e52e-426f-a484-24f895ec7896" parentExecutionId="65232d49-1445-47f5-a612-1ae5ffe7693e" testId="83c68223-dcaa-51dd-423f-434210a59f77" testName="second_person_tenses_active_negation" computerName="ARPAN-LAP" duration="00:00:00.0202491" startTime="2014-06-29T12:37:23.2523094+05:30" endTime="2014-06-29T12:37:23.2723105+05:30" testType="13cdc9d9-ddb5-4fa4-a97d-d965ccfc6d4b" outcome="Passed" testListId="8c84fa94-04c1-424b-9868-57a2d4851a1d" relativeResultsDirectory="65232d49-1445-47f5-a612-1ae5ffe7693e" dataRowInfo="4" resultType="DataDrivenDataRow" />
        <UnitTestResult executionId="1a7a0f89-fbfc-4752-87c5-c83bf888235b" parentExecutionId="65232d49-1445-47f5-a612-1ae5ffe7693e" testId="83c68223-dcaa-51dd-423f-434210a59f77" testName="second_person_tenses_active_negation" computerName="ARPAN-LAP" duration="00:00:00.0215672" startTime="2014-06-29T12:37:23.2723105+05:30" endTime="2014-06-29T12:37:23.2943118+05:30" testType="13cdc9d9-ddb5-4fa4-a97d-d965ccfc6d4b" outcome="Passed" testListId="8c84fa94-04c1-424b-9868-57a2d4851a1d" relativeResultsDirectory="65232d49-1445-47f5-a612-1ae5ffe7693e" dataRowInfo="5" resultType="DataDrivenDataRow" />
        <UnitTestResult executionId="3a52ccd7-e2bc-4922-8c11-1fe404e66ac5" parentExecutionId="65232d49-1445-47f5-a612-1ae5ffe7693e" testId="83c68223-dcaa-51dd-423f-434210a59f77" testName="second_person_tenses_active_negation" computerName="ARPAN-LAP" duration="00:00:00.0215702" startTime="2014-06-29T12:37:23.2943118+05:30" endTime="2014-06-29T12:37:23.3163130+05:30" testType="13cdc9d9-ddb5-4fa4-a97d-d965ccfc6d4b" outcome="Passed" testListId="8c84fa94-04c1-424b-9868-57a2d4851a1d" relativeResultsDirectory="65232d49-1445-47f5-a612-1ae5ffe7693e" dataRowInfo="6" resultType="DataDrivenDataRow" />
        <UnitTestResult executionId="17b8721f-6e95-4a2d-ba82-2bd454ebd432" parentExecutionId="65232d49-1445-47f5-a612-1ae5ffe7693e" testId="83c68223-dcaa-51dd-423f-434210a59f77" testName="second_person_tenses_active_negation" computerName="ARPAN-LAP" duration="00:00:00.0267456" startTime="2014-06-29T12:37:23.3163130+05:30" endTime="2014-06-29T12:37:23.3423145+05:30" testType="13cdc9d9-ddb5-4fa4-a97d-d965ccfc6d4b" outcome="Passed" testListId="8c84fa94-04c1-424b-9868-57a2d4851a1d" relativeResultsDirectory="65232d49-1445-47f5-a612-1ae5ffe7693e" dataRowInfo="7" resultType="DataDrivenDataRow" />
        <UnitTestResult executionId="f452107c-96d4-4f34-8bb4-8dbc937a303d" parentExecutionId="65232d49-1445-47f5-a612-1ae5ffe7693e" testId="83c68223-dcaa-51dd-423f-434210a59f77" testName="second_person_tenses_active_negation" computerName="ARPAN-LAP" duration="00:00:00.0204092" startTime="2014-06-29T12:37:23.3423145+05:30" endTime="2014-06-29T12:37:23.3633157+05:30" testType="13cdc9d9-ddb5-4fa4-a97d-d965ccfc6d4b" outcome="Passed" testListId="8c84fa94-04c1-424b-9868-57a2d4851a1d" relativeResultsDirectory="65232d49-1445-47f5-a612-1ae5ffe7693e" dataRowInfo="8" resultType="DataDrivenDataRow" />
        <UnitTestResult executionId="a92ebdf1-7ce4-4e49-a3d4-8213c7a159a8" parentExecutionId="65232d49-1445-47f5-a612-1ae5ffe7693e" testId="83c68223-dcaa-51dd-423f-434210a59f77" testName="second_person_tenses_active_negation" computerName="ARPAN-LAP" duration="00:00:00.0280955" startTime="2014-06-29T12:37:23.3633157+05:30" endTime="2014-06-29T12:37:23.3913173+05:30" testType="13cdc9d9-ddb5-4fa4-a97d-d965ccfc6d4b" outcome="Passed" testListId="8c84fa94-04c1-424b-9868-57a2d4851a1d" relativeResultsDirectory="65232d49-1445-47f5-a612-1ae5ffe7693e" dataRowInfo="9" resultType="DataDrivenDataRow" />
      </InnerResults>
    </UnitTestResult>
    <UnitTestResult executionId="666bd328-7b8e-4dc0-ab48-d909c940d69f" testId="8fe5ccb3-a3f4-0f61-ad21-e94ef029e900" testName="all_persons_modal_can_may" computerName="ARPAN-LAP" duration="00:00:00.7126656" startTime="2014-06-29T12:37:23.4333197+05:30" endTime="2014-06-29T12:37:24.2333655+05:30" testType="13cdc9d9-ddb5-4fa4-a97d-d965ccfc6d4b" outcome="Passed" testListId="8c84fa94-04c1-424b-9868-57a2d4851a1d" relativeResultsDirectory="666bd328-7b8e-4dc0-ab48-d909c940d69f" resultType="DataDrivenTest">
      <Counters error="0" failed="0" timeout="0" aborted="0" inconclusive="0" passedButRunAborted="0" notRunnable="0" notExecuted="0" disconnected="0" warning="0" passed="29" completed="0" inProgress="0" pending="0" />
      <InnerResults>
        <UnitTestResult executionId="f9822ffe-c121-4130-bd4e-07d22e86701b" parentExecutionId="666bd328-7b8e-4dc0-ab48-d909c940d69f" testId="8fe5ccb3-a3f4-0f61-ad21-e94ef029e900" testName="all_persons_modal_can_may" computerName="ARPAN-LAP" duration="00:00:00.0263658" startTime="2014-06-29T12:37:23.4403201+05:30" endTime="2014-06-29T12:37:23.4663216+05:30" testType="13cdc9d9-ddb5-4fa4-a97d-d965ccfc6d4b" outcome="Passed" testListId="8c84fa94-04c1-424b-9868-57a2d4851a1d" relativeResultsDirectory="666bd328-7b8e-4dc0-ab48-d909c940d69f" dataRowInfo="0" resultType="DataDrivenDataRow" />
        <UnitTestResult executionId="8cc303da-933e-40b8-a0aa-75e54faf8ad5" parentExecutionId="666bd328-7b8e-4dc0-ab48-d909c940d69f" testId="8fe5ccb3-a3f4-0f61-ad21-e94ef029e900" testName="all_persons_modal_can_may" computerName="ARPAN-LAP" duration="00:00:00.0225629" startTime="2014-06-29T12:37:23.4663216+05:30" endTime="2014-06-29T12:37:23.4893229+05:30" testType="13cdc9d9-ddb5-4fa4-a97d-d965ccfc6d4b" outcome="Passed" testListId="8c84fa94-04c1-424b-9868-57a2d4851a1d" relativeResultsDirectory="666bd328-7b8e-4dc0-ab48-d909c940d69f" dataRowInfo="1" resultType="DataDrivenDataRow" />
        <UnitTestResult executionId="4b65d78b-908c-4556-8890-68036e60580f" parentExecutionId="666bd328-7b8e-4dc0-ab48-d909c940d69f" testId="8fe5ccb3-a3f4-0f61-ad21-e94ef029e900" testName="all_persons_modal_can_may" computerName="ARPAN-LAP" duration="00:00:00.0268606" startTime="2014-06-29T12:37:23.4893229+05:30" endTime="2014-06-29T12:37:23.5163245+05:30" testType="13cdc9d9-ddb5-4fa4-a97d-d965ccfc6d4b" outcome="Passed" testListId="8c84fa94-04c1-424b-9868-57a2d4851a1d" relativeResultsDirectory="666bd328-7b8e-4dc0-ab48-d909c940d69f" dataRowInfo="2" resultType="DataDrivenDataRow" />
        <UnitTestResult executionId="67fd1da4-59f7-41f5-88dd-b496a5966ea5" parentExecutionId="666bd328-7b8e-4dc0-ab48-d909c940d69f" testId="8fe5ccb3-a3f4-0f61-ad21-e94ef029e900" testName="all_persons_modal_can_may" computerName="ARPAN-LAP" duration="00:00:00.0257462" startTime="2014-06-29T12:37:23.5163245+05:30" endTime="2014-06-29T12:37:23.5423259+05:30" testType="13cdc9d9-ddb5-4fa4-a97d-d965ccfc6d4b" outcome="Passed" testListId="8c84fa94-04c1-424b-9868-57a2d4851a1d" relativeResultsDirectory="666bd328-7b8e-4dc0-ab48-d909c940d69f" dataRowInfo="3" resultType="DataDrivenDataRow" />
        <UnitTestResult executionId="9e1de8d3-19ed-4e13-bfc3-4e2c968865d3" parentExecutionId="666bd328-7b8e-4dc0-ab48-d909c940d69f" testId="8fe5ccb3-a3f4-0f61-ad21-e94ef029e900" testName="all_persons_modal_can_may" computerName="ARPAN-LAP" duration="00:00:00.0262487" startTime="2014-06-29T12:37:23.5423259+05:30" endTime="2014-06-29T12:37:23.5683274+05:30" testType="13cdc9d9-ddb5-4fa4-a97d-d965ccfc6d4b" outcome="Passed" testListId="8c84fa94-04c1-424b-9868-57a2d4851a1d" relativeResultsDirectory="666bd328-7b8e-4dc0-ab48-d909c940d69f" dataRowInfo="4" resultType="DataDrivenDataRow" />
        <UnitTestResult executionId="f7459e72-3e1a-4d5e-b8dc-b719126daeb5" parentExecutionId="666bd328-7b8e-4dc0-ab48-d909c940d69f" testId="8fe5ccb3-a3f4-0f61-ad21-e94ef029e900" testName="all_persons_modal_can_may" computerName="ARPAN-LAP" duration="00:00:00.0257539" startTime="2014-06-29T12:37:23.5683274+05:30" endTime="2014-06-29T12:37:23.5943289+05:30" testType="13cdc9d9-ddb5-4fa4-a97d-d965ccfc6d4b" outcome="Passed" testListId="8c84fa94-04c1-424b-9868-57a2d4851a1d" relativeResultsDirectory="666bd328-7b8e-4dc0-ab48-d909c940d69f" dataRowInfo="5" resultType="DataDrivenDataRow" />
        <UnitTestResult executionId="cfc4a096-d7f9-4252-bd1a-f457d3b0544f" parentExecutionId="666bd328-7b8e-4dc0-ab48-d909c940d69f" testId="8fe5ccb3-a3f4-0f61-ad21-e94ef029e900" testName="all_persons_modal_can_may" computerName="ARPAN-LAP" duration="00:00:00.0324717" startTime="2014-06-29T12:37:23.5943289+05:30" endTime="2014-06-29T12:37:23.6263308+05:30" testType="13cdc9d9-ddb5-4fa4-a97d-d965ccfc6d4b" outcome="Passed" testListId="8c84fa94-04c1-424b-9868-57a2d4851a1d" relativeResultsDirectory="666bd328-7b8e-4dc0-ab48-d909c940d69f" dataRowInfo="6" resultType="DataDrivenDataRow" />
        <UnitTestResult executionId="58322866-e51e-4abd-ac08-7c018ba981f4" parentExecutionId="666bd328-7b8e-4dc0-ab48-d909c940d69f" testId="8fe5ccb3-a3f4-0f61-ad21-e94ef029e900" testName="all_persons_modal_can_may" computerName="ARPAN-LAP" duration="00:00:00.0347270" startTime="2014-06-29T12:37:23.6263308+05:30" endTime="2014-06-29T12:37:23.6613328+05:30" testType="13cdc9d9-ddb5-4fa4-a97d-d965ccfc6d4b" outcome="Passed" testListId="8c84fa94-04c1-424b-9868-57a2d4851a1d" relativeResultsDirectory="666bd328-7b8e-4dc0-ab48-d909c940d69f" dataRowInfo="7" resultType="DataDrivenDataRow" />
        <UnitTestResult executionId="1ac4a14f-f171-4502-825a-4fd64af7cef6" parentExecutionId="666bd328-7b8e-4dc0-ab48-d909c940d69f" testId="8fe5ccb3-a3f4-0f61-ad21-e94ef029e900" testName="all_persons_modal_can_may" computerName="ARPAN-LAP" duration="00:00:00.0187914" startTime="2014-06-29T12:37:23.6613328+05:30" endTime="2014-06-29T12:37:23.6803338+05:30" testType="13cdc9d9-ddb5-4fa4-a97d-d965ccfc6d4b" outcome="Passed" testListId="8c84fa94-04c1-424b-9868-57a2d4851a1d" relativeResultsDirectory="666bd328-7b8e-4dc0-ab48-d909c940d69f" dataRowInfo="8" resultType="DataDrivenDataRow" />
        <UnitTestResult executionId="e389e0e6-c756-40a2-9c78-60cd5b8a5432" parentExecutionId="666bd328-7b8e-4dc0-ab48-d909c940d69f" testId="8fe5ccb3-a3f4-0f61-ad21-e94ef029e900" testName="all_persons_modal_can_may" computerName="ARPAN-LAP" duration="00:00:00.0186795" startTime="2014-06-29T12:37:23.6803338+05:30" endTime="2014-06-29T12:37:23.6993349+05:30" testType="13cdc9d9-ddb5-4fa4-a97d-d965ccfc6d4b" outcome="Passed" testListId="8c84fa94-04c1-424b-9868-57a2d4851a1d" relativeResultsDirectory="666bd328-7b8e-4dc0-ab48-d909c940d69f" dataRowInfo="9" resultType="DataDrivenDataRow" />
        <UnitTestResult executionId="bc6029c3-91b1-4fe0-8615-4a3f8a672a20" parentExecutionId="666bd328-7b8e-4dc0-ab48-d909c940d69f" testId="8fe5ccb3-a3f4-0f61-ad21-e94ef029e900" testName="all_persons_modal_can_may" computerName="ARPAN-LAP" duration="00:00:00.0245801" startTime="2014-06-29T12:37:23.6993349+05:30" endTime="2014-06-29T12:37:23.7233363+05:30" testType="13cdc9d9-ddb5-4fa4-a97d-d965ccfc6d4b" outcome="Passed" testListId="8c84fa94-04c1-424b-9868-57a2d4851a1d" relativeResultsDirectory="666bd328-7b8e-4dc0-ab48-d909c940d69f" dataRowInfo="10" resultType="DataDrivenDataRow" />
        <UnitTestResult executionId="c83156be-b2ec-4b80-9418-c04eb5b6d589" parentExecutionId="666bd328-7b8e-4dc0-ab48-d909c940d69f" testId="8fe5ccb3-a3f4-0f61-ad21-e94ef029e900" testName="all_persons_modal_can_may" computerName="ARPAN-LAP" duration="00:00:00.0281227" startTime="2014-06-29T12:37:23.7233363+05:30" endTime="2014-06-29T12:37:23.7523380+05:30" testType="13cdc9d9-ddb5-4fa4-a97d-d965ccfc6d4b" outcome="Passed" testListId="8c84fa94-04c1-424b-9868-57a2d4851a1d" relativeResultsDirectory="666bd328-7b8e-4dc0-ab48-d909c940d69f" dataRowInfo="11" resultType="DataDrivenDataRow" />
        <UnitTestResult executionId="6d9fd0ac-22e8-4a36-b852-3298b35b3d46" parentExecutionId="666bd328-7b8e-4dc0-ab48-d909c940d69f" testId="8fe5ccb3-a3f4-0f61-ad21-e94ef029e900" testName="all_persons_modal_can_may" computerName="ARPAN-LAP" duration="00:00:00.0280657" startTime="2014-06-29T12:37:23.7523380+05:30" endTime="2014-06-29T12:37:23.7803396+05:30" testType="13cdc9d9-ddb5-4fa4-a97d-d965ccfc6d4b" outcome="Passed" testListId="8c84fa94-04c1-424b-9868-57a2d4851a1d" relativeResultsDirectory="666bd328-7b8e-4dc0-ab48-d909c940d69f" dataRowInfo="12" resultType="DataDrivenDataRow" />
        <UnitTestResult executionId="b5985022-58c7-41e8-9a5a-f536dc9dd85b" parentExecutionId="666bd328-7b8e-4dc0-ab48-d909c940d69f" testId="8fe5ccb3-a3f4-0f61-ad21-e94ef029e900" testName="all_persons_modal_can_may" computerName="ARPAN-LAP" duration="00:00:00.0244877" startTime="2014-06-29T12:37:23.7803396+05:30" endTime="2014-06-29T12:37:23.8043409+05:30" testType="13cdc9d9-ddb5-4fa4-a97d-d965ccfc6d4b" outcome="Passed" testListId="8c84fa94-04c1-424b-9868-57a2d4851a1d" relativeResultsDirectory="666bd328-7b8e-4dc0-ab48-d909c940d69f" dataRowInfo="13" resultType="DataDrivenDataRow" />
        <UnitTestResult executionId="2ee8aba6-115b-4a11-a48e-574cbeec7717" parentExecutionId="666bd328-7b8e-4dc0-ab48-d909c940d69f" testId="8fe5ccb3-a3f4-0f61-ad21-e94ef029e900" testName="all_persons_modal_can_may" computerName="ARPAN-LAP" duration="00:00:00.0242382" startTime="2014-06-29T12:37:23.8043409+05:30" endTime="2014-06-29T12:37:23.8283423+05:30" testType="13cdc9d9-ddb5-4fa4-a97d-d965ccfc6d4b" outcome="Passed" testListId="8c84fa94-04c1-424b-9868-57a2d4851a1d" relativeResultsDirectory="666bd328-7b8e-4dc0-ab48-d909c940d69f" dataRowInfo="14" resultType="DataDrivenDataRow" />
        <UnitTestResult executionId="f663bd96-8b43-4118-9ac3-0554cd0441fb" parentExecutionId="666bd328-7b8e-4dc0-ab48-d909c940d69f" testId="8fe5ccb3-a3f4-0f61-ad21-e94ef029e900" testName="all_persons_modal_can_may" computerName="ARPAN-LAP" duration="00:00:00.0245934" startTime="2014-06-29T12:37:23.8283423+05:30" endTime="2014-06-29T12:37:23.8533437+05:30" testType="13cdc9d9-ddb5-4fa4-a97d-d965ccfc6d4b" outcome="Passed" testListId="8c84fa94-04c1-424b-9868-57a2d4851a1d" relativeResultsDirectory="666bd328-7b8e-4dc0-ab48-d909c940d69f" dataRowInfo="15" resultType="DataDrivenDataRow" />
        <UnitTestResult executionId="b4f71cf2-04b4-4990-bd55-3710aaa4cc68" parentExecutionId="666bd328-7b8e-4dc0-ab48-d909c940d69f" testId="8fe5ccb3-a3f4-0f61-ad21-e94ef029e900" testName="all_persons_modal_can_may" computerName="ARPAN-LAP" duration="00:00:00.0211237" startTime="2014-06-29T12:37:23.8533437+05:30" endTime="2014-06-29T12:37:23.8743449+05:30" testType="13cdc9d9-ddb5-4fa4-a97d-d965ccfc6d4b" outcome="Passed" testListId="8c84fa94-04c1-424b-9868-57a2d4851a1d" relativeResultsDirectory="666bd328-7b8e-4dc0-ab48-d909c940d69f" dataRowInfo="16" resultType="DataDrivenDataRow" />
        <UnitTestResult executionId="3198df42-5953-4c28-8270-32ae0e6f4f65" parentExecutionId="666bd328-7b8e-4dc0-ab48-d909c940d69f" testId="8fe5ccb3-a3f4-0f61-ad21-e94ef029e900" testName="all_persons_modal_can_may" computerName="ARPAN-LAP" duration="00:00:00.0175672" startTime="2014-06-29T12:37:23.8743449+05:30" endTime="2014-06-29T12:37:23.8923460+05:30" testType="13cdc9d9-ddb5-4fa4-a97d-d965ccfc6d4b" outcome="Passed" testListId="8c84fa94-04c1-424b-9868-57a2d4851a1d" relativeResultsDirectory="666bd328-7b8e-4dc0-ab48-d909c940d69f" dataRowInfo="17" resultType="DataDrivenDataRow" />
        <UnitTestResult executionId="d79ab844-b549-4f15-a69a-399520897d19" parentExecutionId="666bd328-7b8e-4dc0-ab48-d909c940d69f" testId="8fe5ccb3-a3f4-0f61-ad21-e94ef029e900" testName="all_persons_modal_can_may" computerName="ARPAN-LAP" duration="00:00:00.0177340" startTime="2014-06-29T12:37:23.8923460+05:30" endTime="2014-06-29T12:37:23.9103470+05:30" testType="13cdc9d9-ddb5-4fa4-a97d-d965ccfc6d4b" outcome="Passed" testListId="8c84fa94-04c1-424b-9868-57a2d4851a1d" relativeResultsDirectory="666bd328-7b8e-4dc0-ab48-d909c940d69f" dataRowInfo="18" resultType="DataDrivenDataRow" />
        <UnitTestResult executionId="26481076-d655-4a90-b8ae-c7836ec06203" parentExecutionId="666bd328-7b8e-4dc0-ab48-d909c940d69f" testId="8fe5ccb3-a3f4-0f61-ad21-e94ef029e900" testName="all_persons_modal_can_may" computerName="ARPAN-LAP" duration="00:00:00.0197635" startTime="2014-06-29T12:37:23.9103470+05:30" endTime="2014-06-29T12:37:23.9293481+05:30" testType="13cdc9d9-ddb5-4fa4-a97d-d965ccfc6d4b" outcome="Passed" testListId="8c84fa94-04c1-424b-9868-57a2d4851a1d" relativeResultsDirectory="666bd328-7b8e-4dc0-ab48-d909c940d69f" dataRowInfo="19" resultType="DataDrivenDataRow" />
        <UnitTestResult executionId="4449c0be-4f5c-45eb-b73c-28a5809cd730" parentExecutionId="666bd328-7b8e-4dc0-ab48-d909c940d69f" testId="8fe5ccb3-a3f4-0f61-ad21-e94ef029e900" testName="all_persons_modal_can_may" computerName="ARPAN-LAP" duration="00:00:00.0250908" startTime="2014-06-29T12:37:23.9293481+05:30" endTime="2014-06-29T12:37:23.9553496+05:30" testType="13cdc9d9-ddb5-4fa4-a97d-d965ccfc6d4b" outcome="Passed" testListId="8c84fa94-04c1-424b-9868-57a2d4851a1d" relativeResultsDirectory="666bd328-7b8e-4dc0-ab48-d909c940d69f" dataRowInfo="20" resultType="DataDrivenDataRow" />
        <UnitTestResult executionId="e00418bb-ae54-4d1e-97ed-60c38566bba7" parentExecutionId="666bd328-7b8e-4dc0-ab48-d909c940d69f" testId="8fe5ccb3-a3f4-0f61-ad21-e94ef029e900" testName="all_persons_modal_can_may" computerName="ARPAN-LAP" duration="00:00:00.0241222" startTime="2014-06-29T12:37:23.9553496+05:30" endTime="2014-06-29T12:37:23.9793509+05:30" testType="13cdc9d9-ddb5-4fa4-a97d-d965ccfc6d4b" outcome="Passed" testListId="8c84fa94-04c1-424b-9868-57a2d4851a1d" relativeResultsDirectory="666bd328-7b8e-4dc0-ab48-d909c940d69f" dataRowInfo="21" resultType="DataDrivenDataRow" />
        <UnitTestResult executionId="c30e10fb-d47b-429c-bc63-887cf3ccfa8b" parentExecutionId="666bd328-7b8e-4dc0-ab48-d909c940d69f" testId="8fe5ccb3-a3f4-0f61-ad21-e94ef029e900" testName="all_persons_modal_can_may" computerName="ARPAN-LAP" duration="00:00:00.0234781" startTime="2014-06-29T12:37:23.9793509+05:30" endTime="2014-06-29T12:37:24.0023523+05:30" testType="13cdc9d9-ddb5-4fa4-a97d-d965ccfc6d4b" outcome="Passed" testListId="8c84fa94-04c1-424b-9868-57a2d4851a1d" relativeResultsDirectory="666bd328-7b8e-4dc0-ab48-d909c940d69f" dataRowInfo="22" resultType="DataDrivenDataRow" />
        <UnitTestResult executionId="53d4456b-54d7-44e2-a421-e4d189d551c1" parentExecutionId="666bd328-7b8e-4dc0-ab48-d909c940d69f" testId="8fe5ccb3-a3f4-0f61-ad21-e94ef029e900" testName="all_persons_modal_can_may" computerName="ARPAN-LAP" duration="00:00:00.0230100" startTime="2014-06-29T12:37:24.0023523+05:30" endTime="2014-06-29T12:37:24.0253536+05:30" testType="13cdc9d9-ddb5-4fa4-a97d-d965ccfc6d4b" outcome="Passed" testListId="8c84fa94-04c1-424b-9868-57a2d4851a1d" relativeResultsDirectory="666bd328-7b8e-4dc0-ab48-d909c940d69f" dataRowInfo="23" resultType="DataDrivenDataRow" />
        <UnitTestResult executionId="710d3ebf-6cf2-4bfe-bc34-0285b6d89d06" parentExecutionId="666bd328-7b8e-4dc0-ab48-d909c940d69f" testId="8fe5ccb3-a3f4-0f61-ad21-e94ef029e900" testName="all_persons_modal_can_may" computerName="ARPAN-LAP" duration="00:00:00.0224115" startTime="2014-06-29T12:37:24.0253536+05:30" endTime="2014-06-29T12:37:24.0483549+05:30" testType="13cdc9d9-ddb5-4fa4-a97d-d965ccfc6d4b" outcome="Passed" testListId="8c84fa94-04c1-424b-9868-57a2d4851a1d" relativeResultsDirectory="666bd328-7b8e-4dc0-ab48-d909c940d69f" dataRowInfo="24" resultType="DataDrivenDataRow" />
        <UnitTestResult executionId="565384dc-33d6-4b90-8174-6775e6c6c20a" parentExecutionId="666bd328-7b8e-4dc0-ab48-d909c940d69f" testId="8fe5ccb3-a3f4-0f61-ad21-e94ef029e900" testName="all_persons_modal_can_may" computerName="ARPAN-LAP" duration="00:00:00.0224315" startTime="2014-06-29T12:37:24.0483549+05:30" endTime="2014-06-29T12:37:24.0703561+05:30" testType="13cdc9d9-ddb5-4fa4-a97d-d965ccfc6d4b" outcome="Passed" testListId="8c84fa94-04c1-424b-9868-57a2d4851a1d" relativeResultsDirectory="666bd328-7b8e-4dc0-ab48-d909c940d69f" dataRowInfo="25" resultType="DataDrivenDataRow" />
        <UnitTestResult executionId="911740ee-1b55-46c3-aa66-1c06815c12bb" parentExecutionId="666bd328-7b8e-4dc0-ab48-d909c940d69f" testId="8fe5ccb3-a3f4-0f61-ad21-e94ef029e900" testName="all_persons_modal_can_may" computerName="ARPAN-LAP" duration="00:00:00.0229474" startTime="2014-06-29T12:37:24.0703561+05:30" endTime="2014-06-29T12:37:24.0933575+05:30" testType="13cdc9d9-ddb5-4fa4-a97d-d965ccfc6d4b" outcome="Passed" testListId="8c84fa94-04c1-424b-9868-57a2d4851a1d" relativeResultsDirectory="666bd328-7b8e-4dc0-ab48-d909c940d69f" dataRowInfo="26" resultType="DataDrivenDataRow" />
        <UnitTestResult executionId="6c4f7297-86b8-49c4-a103-da601a31d504" parentExecutionId="666bd328-7b8e-4dc0-ab48-d909c940d69f" testId="8fe5ccb3-a3f4-0f61-ad21-e94ef029e900" testName="all_persons_modal_can_may" computerName="ARPAN-LAP" duration="00:00:00.0268754" startTime="2014-06-29T12:37:24.0933575+05:30" endTime="2014-06-29T12:37:24.1203590+05:30" testType="13cdc9d9-ddb5-4fa4-a97d-d965ccfc6d4b" outcome="Passed" testListId="8c84fa94-04c1-424b-9868-57a2d4851a1d" relativeResultsDirectory="666bd328-7b8e-4dc0-ab48-d909c940d69f" dataRowInfo="27" resultType="DataDrivenDataRow" />
        <UnitTestResult executionId="d7b6daf6-a817-496a-8af0-f76177f00681" parentExecutionId="666bd328-7b8e-4dc0-ab48-d909c940d69f" testId="8fe5ccb3-a3f4-0f61-ad21-e94ef029e900" testName="all_persons_modal_can_may" computerName="ARPAN-LAP" duration="00:00:00.0304796" startTime="2014-06-29T12:37:24.1203590+05:30" endTime="2014-06-29T12:37:24.1513608+05:30" testType="13cdc9d9-ddb5-4fa4-a97d-d965ccfc6d4b" outcome="Passed" testListId="8c84fa94-04c1-424b-9868-57a2d4851a1d" relativeResultsDirectory="666bd328-7b8e-4dc0-ab48-d909c940d69f" dataRowInfo="28" resultType="DataDrivenDataRow" />
      </InnerResults>
    </UnitTestResult>
    <UnitTestResult executionId="28ab52d8-e9b9-4940-b9b5-9b1a911aeaba" testId="921e6ab0-d7c2-6005-e523-6fd2d5e1a723" testName="first_person_tenses_active" computerName="ARPAN-LAP" duration="00:00:00.2513549" startTime="2014-06-29T12:37:24.2433660+05:30" endTime="2014-06-29T12:37:24.5893858+05:30" testType="13cdc9d9-ddb5-4fa4-a97d-d965ccfc6d4b" outcome="Passed" testListId="8c84fa94-04c1-424b-9868-57a2d4851a1d" relativeResultsDirectory="28ab52d8-e9b9-4940-b9b5-9b1a911aeaba" resultType="DataDrivenTest">
      <Counters error="0" failed="0" timeout="0" aborted="0" inconclusive="0" passedButRunAborted="0" notRunnable="0" notExecuted="0" disconnected="0" warning="0" passed="10" completed="0" inProgress="0" pending="0" />
      <InnerResults>
        <UnitTestResult executionId="07a04d09-839b-418a-939e-1db606769c19" parentExecutionId="28ab52d8-e9b9-4940-b9b5-9b1a911aeaba" testId="921e6ab0-d7c2-6005-e523-6fd2d5e1a723" testName="first_person_tenses_active" computerName="ARPAN-LAP" duration="00:00:00.0236228" startTime="2014-06-29T12:37:24.2473663+05:30" endTime="2014-06-29T12:37:24.2713676+05:30" testType="13cdc9d9-ddb5-4fa4-a97d-d965ccfc6d4b" outcome="Passed" testListId="8c84fa94-04c1-424b-9868-57a2d4851a1d" relativeResultsDirectory="28ab52d8-e9b9-4940-b9b5-9b1a911aeaba" dataRowInfo="0" resultType="DataDrivenDataRow" />
        <UnitTestResult executionId="a530180e-8908-415f-8eee-cc55c75de41a" parentExecutionId="28ab52d8-e9b9-4940-b9b5-9b1a911aeaba" testId="921e6ab0-d7c2-6005-e523-6fd2d5e1a723" testName="first_person_tenses_active" computerName="ARPAN-LAP" duration="00:00:00.0224161" startTime="2014-06-29T12:37:24.2713676+05:30" endTime="2014-06-29T12:37:24.2933689+05:30" testType="13cdc9d9-ddb5-4fa4-a97d-d965ccfc6d4b" outcome="Passed" testListId="8c84fa94-04c1-424b-9868-57a2d4851a1d" relativeResultsDirectory="28ab52d8-e9b9-4940-b9b5-9b1a911aeaba" dataRowInfo="1" resultType="DataDrivenDataRow" />
        <UnitTestResult executionId="15cdba23-fc9a-42a5-93b6-ce7b937b1fd2" parentExecutionId="28ab52d8-e9b9-4940-b9b5-9b1a911aeaba" testId="921e6ab0-d7c2-6005-e523-6fd2d5e1a723" testName="first_person_tenses_active" computerName="ARPAN-LAP" duration="00:00:00.0234463" startTime="2014-06-29T12:37:24.2933689+05:30" endTime="2014-06-29T12:37:24.3173703+05:30" testType="13cdc9d9-ddb5-4fa4-a97d-d965ccfc6d4b" outcome="Passed" testListId="8c84fa94-04c1-424b-9868-57a2d4851a1d" relativeResultsDirectory="28ab52d8-e9b9-4940-b9b5-9b1a911aeaba" dataRowInfo="2" resultType="DataDrivenDataRow" />
        <UnitTestResult executionId="b7c3828c-57e6-497d-9bb5-1f8ce9f73f04" parentExecutionId="28ab52d8-e9b9-4940-b9b5-9b1a911aeaba" testId="921e6ab0-d7c2-6005-e523-6fd2d5e1a723" testName="first_person_tenses_active" computerName="ARPAN-LAP" duration="00:00:00.0278584" startTime="2014-06-29T12:37:24.3173703+05:30" endTime="2014-06-29T12:37:24.3453719+05:30" testType="13cdc9d9-ddb5-4fa4-a97d-d965ccfc6d4b" outcome="Passed" testListId="8c84fa94-04c1-424b-9868-57a2d4851a1d" relativeResultsDirectory="28ab52d8-e9b9-4940-b9b5-9b1a911aeaba" dataRowInfo="3" resultType="DataDrivenDataRow" />
        <UnitTestResult executionId="53144d06-e565-4ec2-a9c2-1efce991ac83" parentExecutionId="28ab52d8-e9b9-4940-b9b5-9b1a911aeaba" testId="921e6ab0-d7c2-6005-e523-6fd2d5e1a723" testName="first_person_tenses_active" computerName="ARPAN-LAP" duration="00:00:00.0200422" startTime="2014-06-29T12:37:24.3453719+05:30" endTime="2014-06-29T12:37:24.3653730+05:30" testType="13cdc9d9-ddb5-4fa4-a97d-d965ccfc6d4b" outcome="Passed" testListId="8c84fa94-04c1-424b-9868-57a2d4851a1d" relativeResultsDirectory="28ab52d8-e9b9-4940-b9b5-9b1a911aeaba" dataRowInfo="4" resultType="DataDrivenDataRow" />
        <UnitTestResult executionId="2f40b171-ff05-4b25-ad29-1cb516396c92" parentExecutionId="28ab52d8-e9b9-4940-b9b5-9b1a911aeaba" testId="921e6ab0-d7c2-6005-e523-6fd2d5e1a723" testName="first_person_tenses_active" computerName="ARPAN-LAP" duration="00:00:00.0251303" startTime="2014-06-29T12:37:24.3653730+05:30" endTime="2014-06-29T12:37:24.3903745+05:30" testType="13cdc9d9-ddb5-4fa4-a97d-d965ccfc6d4b" outcome="Passed" testListId="8c84fa94-04c1-424b-9868-57a2d4851a1d" relativeResultsDirectory="28ab52d8-e9b9-4940-b9b5-9b1a911aeaba" dataRowInfo="5" resultType="DataDrivenDataRow" />
        <UnitTestResult executionId="ed7b477e-48b7-4750-b09d-b3499622c5c6" parentExecutionId="28ab52d8-e9b9-4940-b9b5-9b1a911aeaba" testId="921e6ab0-d7c2-6005-e523-6fd2d5e1a723" testName="first_person_tenses_active" computerName="ARPAN-LAP" duration="00:00:00.0238148" startTime="2014-06-29T12:37:24.3903745+05:30" endTime="2014-06-29T12:37:24.4143758+05:30" testType="13cdc9d9-ddb5-4fa4-a97d-d965ccfc6d4b" outcome="Passed" testListId="8c84fa94-04c1-424b-9868-57a2d4851a1d" relativeResultsDirectory="28ab52d8-e9b9-4940-b9b5-9b1a911aeaba" dataRowInfo="6" resultType="DataDrivenDataRow" />
        <UnitTestResult executionId="2a0c90bc-83b6-433e-ab37-59b1906777ea" parentExecutionId="28ab52d8-e9b9-4940-b9b5-9b1a911aeaba" testId="921e6ab0-d7c2-6005-e523-6fd2d5e1a723" testName="first_person_tenses_active" computerName="ARPAN-LAP" duration="00:00:00.0292627" startTime="2014-06-29T12:37:24.4143758+05:30" endTime="2014-06-29T12:37:24.4433775+05:30" testType="13cdc9d9-ddb5-4fa4-a97d-d965ccfc6d4b" outcome="Passed" testListId="8c84fa94-04c1-424b-9868-57a2d4851a1d" relativeResultsDirectory="28ab52d8-e9b9-4940-b9b5-9b1a911aeaba" dataRowInfo="7" resultType="DataDrivenDataRow" />
        <UnitTestResult executionId="24129933-ca28-425f-af60-eb99bb11a3db" parentExecutionId="28ab52d8-e9b9-4940-b9b5-9b1a911aeaba" testId="921e6ab0-d7c2-6005-e523-6fd2d5e1a723" testName="first_person_tenses_active" computerName="ARPAN-LAP" duration="00:00:00.0261964" startTime="2014-06-29T12:37:24.4433775+05:30" endTime="2014-06-29T12:37:24.4703790+05:30" testType="13cdc9d9-ddb5-4fa4-a97d-d965ccfc6d4b" outcome="Passed" testListId="8c84fa94-04c1-424b-9868-57a2d4851a1d" relativeResultsDirectory="28ab52d8-e9b9-4940-b9b5-9b1a911aeaba" dataRowInfo="8" resultType="DataDrivenDataRow" />
        <UnitTestResult executionId="18f88e1f-8007-44ab-a665-115a2b01deee" parentExecutionId="28ab52d8-e9b9-4940-b9b5-9b1a911aeaba" testId="921e6ab0-d7c2-6005-e523-6fd2d5e1a723" testName="first_person_tenses_active" computerName="ARPAN-LAP" duration="00:00:00.0270602" startTime="2014-06-29T12:37:24.4703790+05:30" endTime="2014-06-29T12:37:24.4973806+05:30" testType="13cdc9d9-ddb5-4fa4-a97d-d965ccfc6d4b" outcome="Passed" testListId="8c84fa94-04c1-424b-9868-57a2d4851a1d" relativeResultsDirectory="28ab52d8-e9b9-4940-b9b5-9b1a911aeaba" dataRowInfo="9" resultType="DataDrivenDataRow" />
      </InnerResults>
    </UnitTestResult>
    <UnitTestResult executionId="0ee9110f-cfb1-4a21-a4ed-5fe926d14258" testId="9319d01e-de3e-d310-c76e-cae8dce4c924" testName="all_persons_modal_should_negation" computerName="ARPAN-LAP" duration="00:00:00.4935135" startTime="2014-06-29T12:37:24.6043867+05:30" endTime="2014-06-29T12:37:25.1524180+05:30" testType="13cdc9d9-ddb5-4fa4-a97d-d965ccfc6d4b" outcome="Passed" testListId="8c84fa94-04c1-424b-9868-57a2d4851a1d" relativeResultsDirectory="0ee9110f-cfb1-4a21-a4ed-5fe926d14258" resultType="DataDrivenTest">
      <Counters error="0" failed="0" timeout="0" aborted="0" inconclusive="0" passedButRunAborted="0" notRunnable="0" notExecuted="0" disconnected="0" warning="0" passed="17" completed="0" inProgress="0" pending="0" />
      <InnerResults>
        <UnitTestResult executionId="33395aa4-a2f8-4ab0-b38e-bd614bb8c242" parentExecutionId="0ee9110f-cfb1-4a21-a4ed-5fe926d14258" testId="9319d01e-de3e-d310-c76e-cae8dce4c924" testName="all_persons_modal_should_negation" computerName="ARPAN-LAP" duration="00:00:00.0238559" startTime="2014-06-29T12:37:24.6103870+05:30" endTime="2014-06-29T12:37:24.6343884+05:30" testType="13cdc9d9-ddb5-4fa4-a97d-d965ccfc6d4b" outcome="Passed" testListId="8c84fa94-04c1-424b-9868-57a2d4851a1d" relativeResultsDirectory="0ee9110f-cfb1-4a21-a4ed-5fe926d14258" dataRowInfo="0" resultType="DataDrivenDataRow" />
        <UnitTestResult executionId="c7c511e8-6381-4521-aa5c-1024a0414fea" parentExecutionId="0ee9110f-cfb1-4a21-a4ed-5fe926d14258" testId="9319d01e-de3e-d310-c76e-cae8dce4c924" testName="all_persons_modal_should_negation" computerName="ARPAN-LAP" duration="00:00:00.0306572" startTime="2014-06-29T12:37:24.6343884+05:30" endTime="2014-06-29T12:37:24.6643901+05:30" testType="13cdc9d9-ddb5-4fa4-a97d-d965ccfc6d4b" outcome="Passed" testListId="8c84fa94-04c1-424b-9868-57a2d4851a1d" relativeResultsDirectory="0ee9110f-cfb1-4a21-a4ed-5fe926d14258" dataRowInfo="1" resultType="DataDrivenDataRow" />
        <UnitTestResult executionId="8de2fa48-e8d4-4c83-aa39-c67e96ab04d7" parentExecutionId="0ee9110f-cfb1-4a21-a4ed-5fe926d14258" testId="9319d01e-de3e-d310-c76e-cae8dce4c924" testName="all_persons_modal_should_negation" computerName="ARPAN-LAP" duration="00:00:00.0301255" startTime="2014-06-29T12:37:24.6643901+05:30" endTime="2014-06-29T12:37:24.6953919+05:30" testType="13cdc9d9-ddb5-4fa4-a97d-d965ccfc6d4b" outcome="Passed" testListId="8c84fa94-04c1-424b-9868-57a2d4851a1d" relativeResultsDirectory="0ee9110f-cfb1-4a21-a4ed-5fe926d14258" dataRowInfo="2" resultType="DataDrivenDataRow" />
        <UnitTestResult executionId="a2cb07a6-0447-4f23-987a-c31391992824" parentExecutionId="0ee9110f-cfb1-4a21-a4ed-5fe926d14258" testId="9319d01e-de3e-d310-c76e-cae8dce4c924" testName="all_persons_modal_should_negation" computerName="ARPAN-LAP" duration="00:00:00.0343513" startTime="2014-06-29T12:37:24.6953919+05:30" endTime="2014-06-29T12:37:24.7293938+05:30" testType="13cdc9d9-ddb5-4fa4-a97d-d965ccfc6d4b" outcome="Passed" testListId="8c84fa94-04c1-424b-9868-57a2d4851a1d" relativeResultsDirectory="0ee9110f-cfb1-4a21-a4ed-5fe926d14258" dataRowInfo="3" resultType="DataDrivenDataRow" />
        <UnitTestResult executionId="714336b9-415d-46ab-be12-60c8e347a0ee" parentExecutionId="0ee9110f-cfb1-4a21-a4ed-5fe926d14258" testId="9319d01e-de3e-d310-c76e-cae8dce4c924" testName="all_persons_modal_should_negation" computerName="ARPAN-LAP" duration="00:00:00.0202886" startTime="2014-06-29T12:37:24.7293938+05:30" endTime="2014-06-29T12:37:24.7493950+05:30" testType="13cdc9d9-ddb5-4fa4-a97d-d965ccfc6d4b" outcome="Passed" testListId="8c84fa94-04c1-424b-9868-57a2d4851a1d" relativeResultsDirectory="0ee9110f-cfb1-4a21-a4ed-5fe926d14258" dataRowInfo="4" resultType="DataDrivenDataRow" />
        <UnitTestResult executionId="1ac93dae-7936-44b0-bfbe-f9932a946b2b" parentExecutionId="0ee9110f-cfb1-4a21-a4ed-5fe926d14258" testId="9319d01e-de3e-d310-c76e-cae8dce4c924" testName="all_persons_modal_should_negation" computerName="ARPAN-LAP" duration="00:00:00.0248208" startTime="2014-06-29T12:37:24.7493950+05:30" endTime="2014-06-29T12:37:24.7743964+05:30" testType="13cdc9d9-ddb5-4fa4-a97d-d965ccfc6d4b" outcome="Passed" testListId="8c84fa94-04c1-424b-9868-57a2d4851a1d" relativeResultsDirectory="0ee9110f-cfb1-4a21-a4ed-5fe926d14258" dataRowInfo="5" resultType="DataDrivenDataRow" />
        <UnitTestResult executionId="3d0958cd-0a2d-4e72-b648-c12133d86b49" parentExecutionId="0ee9110f-cfb1-4a21-a4ed-5fe926d14258" testId="9319d01e-de3e-d310-c76e-cae8dce4c924" testName="all_persons_modal_should_negation" computerName="ARPAN-LAP" duration="00:00:00.0277439" startTime="2014-06-29T12:37:24.7743964+05:30" endTime="2014-06-29T12:37:24.8023980+05:30" testType="13cdc9d9-ddb5-4fa4-a97d-d965ccfc6d4b" outcome="Passed" testListId="8c84fa94-04c1-424b-9868-57a2d4851a1d" relativeResultsDirectory="0ee9110f-cfb1-4a21-a4ed-5fe926d14258" dataRowInfo="6" resultType="DataDrivenDataRow" />
        <UnitTestResult executionId="6f92f66b-9568-4162-9c3a-8e7afb10f51d" parentExecutionId="0ee9110f-cfb1-4a21-a4ed-5fe926d14258" testId="9319d01e-de3e-d310-c76e-cae8dce4c924" testName="all_persons_modal_should_negation" computerName="ARPAN-LAP" duration="00:00:00.0325266" startTime="2014-06-29T12:37:24.8023980+05:30" endTime="2014-06-29T12:37:24.8353999+05:30" testType="13cdc9d9-ddb5-4fa4-a97d-d965ccfc6d4b" outcome="Passed" testListId="8c84fa94-04c1-424b-9868-57a2d4851a1d" relativeResultsDirectory="0ee9110f-cfb1-4a21-a4ed-5fe926d14258" dataRowInfo="7" resultType="DataDrivenDataRow" />
        <UnitTestResult executionId="13b097d0-2bed-42bb-9d8c-83c7bd2dee84" parentExecutionId="0ee9110f-cfb1-4a21-a4ed-5fe926d14258" testId="9319d01e-de3e-d310-c76e-cae8dce4c924" testName="all_persons_modal_should_negation" computerName="ARPAN-LAP" duration="00:00:00.0263971" startTime="2014-06-29T12:37:24.8353999+05:30" endTime="2014-06-29T12:37:24.8614014+05:30" testType="13cdc9d9-ddb5-4fa4-a97d-d965ccfc6d4b" outcome="Passed" testListId="8c84fa94-04c1-424b-9868-57a2d4851a1d" relativeResultsDirectory="0ee9110f-cfb1-4a21-a4ed-5fe926d14258" dataRowInfo="8" resultType="DataDrivenDataRow" />
        <UnitTestResult executionId="b04c516c-55e1-4cc5-84ee-9356bc9bbf0a" parentExecutionId="0ee9110f-cfb1-4a21-a4ed-5fe926d14258" testId="9319d01e-de3e-d310-c76e-cae8dce4c924" testName="all_persons_modal_should_negation" computerName="ARPAN-LAP" duration="00:00:00.0351186" startTime="2014-06-29T12:37:24.8614014+05:30" endTime="2014-06-29T12:37:24.8964034+05:30" testType="13cdc9d9-ddb5-4fa4-a97d-d965ccfc6d4b" outcome="Passed" testListId="8c84fa94-04c1-424b-9868-57a2d4851a1d" relativeResultsDirectory="0ee9110f-cfb1-4a21-a4ed-5fe926d14258" dataRowInfo="9" resultType="DataDrivenDataRow" />
        <UnitTestResult executionId="17cb2ae0-568a-4629-b7df-e95b53b59b8f" parentExecutionId="0ee9110f-cfb1-4a21-a4ed-5fe926d14258" testId="9319d01e-de3e-d310-c76e-cae8dce4c924" testName="all_persons_modal_should_negation" computerName="ARPAN-LAP" duration="00:00:00.0313938" startTime="2014-06-29T12:37:24.8964034+05:30" endTime="2014-06-29T12:37:24.9284052+05:30" testType="13cdc9d9-ddb5-4fa4-a97d-d965ccfc6d4b" outcome="Passed" testListId="8c84fa94-04c1-424b-9868-57a2d4851a1d" relativeResultsDirectory="0ee9110f-cfb1-4a21-a4ed-5fe926d14258" dataRowInfo="10" resultType="DataDrivenDataRow" />
        <UnitTestResult executionId="170921a0-62a2-4657-85ba-77f83c7ab28c" parentExecutionId="0ee9110f-cfb1-4a21-a4ed-5fe926d14258" testId="9319d01e-de3e-d310-c76e-cae8dce4c924" testName="all_persons_modal_should_negation" computerName="ARPAN-LAP" duration="00:00:00.0309344" startTime="2014-06-29T12:37:24.9284052+05:30" endTime="2014-06-29T12:37:24.9594070+05:30" testType="13cdc9d9-ddb5-4fa4-a97d-d965ccfc6d4b" outcome="Passed" testListId="8c84fa94-04c1-424b-9868-57a2d4851a1d" relativeResultsDirectory="0ee9110f-cfb1-4a21-a4ed-5fe926d14258" dataRowInfo="11" resultType="DataDrivenDataRow" />
        <UnitTestResult executionId="222c25d4-16fa-40b2-9f0d-35abddfdefad" parentExecutionId="0ee9110f-cfb1-4a21-a4ed-5fe926d14258" testId="9319d01e-de3e-d310-c76e-cae8dce4c924" testName="all_persons_modal_should_negation" computerName="ARPAN-LAP" duration="00:00:00.0285662" startTime="2014-06-29T12:37:24.9594070+05:30" endTime="2014-06-29T12:37:24.9874086+05:30" testType="13cdc9d9-ddb5-4fa4-a97d-d965ccfc6d4b" outcome="Passed" testListId="8c84fa94-04c1-424b-9868-57a2d4851a1d" relativeResultsDirectory="0ee9110f-cfb1-4a21-a4ed-5fe926d14258" dataRowInfo="12" resultType="DataDrivenDataRow" />
        <UnitTestResult executionId="5a999396-a22e-4dc4-88c3-e2afd4df325f" parentExecutionId="0ee9110f-cfb1-4a21-a4ed-5fe926d14258" testId="9319d01e-de3e-d310-c76e-cae8dce4c924" testName="all_persons_modal_should_negation" computerName="ARPAN-LAP" duration="00:00:00.0270761" startTime="2014-06-29T12:37:24.9874086+05:30" endTime="2014-06-29T12:37:25.0144101+05:30" testType="13cdc9d9-ddb5-4fa4-a97d-d965ccfc6d4b" outcome="Passed" testListId="8c84fa94-04c1-424b-9868-57a2d4851a1d" relativeResultsDirectory="0ee9110f-cfb1-4a21-a4ed-5fe926d14258" dataRowInfo="13" resultType="DataDrivenDataRow" />
        <UnitTestResult executionId="c8939c6f-dc42-4240-a69f-db6f73aca1b7" parentExecutionId="0ee9110f-cfb1-4a21-a4ed-5fe926d14258" testId="9319d01e-de3e-d310-c76e-cae8dce4c924" testName="all_persons_modal_should_negation" computerName="ARPAN-LAP" duration="00:00:00.0290209" startTime="2014-06-29T12:37:25.0144101+05:30" endTime="2014-06-29T12:37:25.0444119+05:30" testType="13cdc9d9-ddb5-4fa4-a97d-d965ccfc6d4b" outcome="Passed" testListId="8c84fa94-04c1-424b-9868-57a2d4851a1d" relativeResultsDirectory="0ee9110f-cfb1-4a21-a4ed-5fe926d14258" dataRowInfo="14" resultType="DataDrivenDataRow" />
        <UnitTestResult executionId="3b5d374d-9578-40d0-a841-17ebefa305d5" parentExecutionId="0ee9110f-cfb1-4a21-a4ed-5fe926d14258" testId="9319d01e-de3e-d310-c76e-cae8dce4c924" testName="all_persons_modal_should_negation" computerName="ARPAN-LAP" duration="00:00:00.0256682" startTime="2014-06-29T12:37:25.0444119+05:30" endTime="2014-06-29T12:37:25.0694133+05:30" testType="13cdc9d9-ddb5-4fa4-a97d-d965ccfc6d4b" outcome="Passed" testListId="8c84fa94-04c1-424b-9868-57a2d4851a1d" relativeResultsDirectory="0ee9110f-cfb1-4a21-a4ed-5fe926d14258" dataRowInfo="15" resultType="DataDrivenDataRow" />
        <UnitTestResult executionId="37a30c05-976e-404a-9ef0-fdba140260ec" parentExecutionId="0ee9110f-cfb1-4a21-a4ed-5fe926d14258" testId="9319d01e-de3e-d310-c76e-cae8dce4c924" testName="all_persons_modal_should_negation" computerName="ARPAN-LAP" duration="00:00:00.0321349" startTime="2014-06-29T12:37:25.0694133+05:30" endTime="2014-06-29T12:37:25.1014151+05:30" testType="13cdc9d9-ddb5-4fa4-a97d-d965ccfc6d4b" outcome="Passed" testListId="8c84fa94-04c1-424b-9868-57a2d4851a1d" relativeResultsDirectory="0ee9110f-cfb1-4a21-a4ed-5fe926d14258" dataRowInfo="16" resultType="DataDrivenDataRow" />
      </InnerResults>
    </UnitTestResult>
    <UnitTestResult executionId="209c72cb-6abd-4be5-b360-b1604ad32c15" testId="97a1371f-e8e6-db3e-323e-49ffeef32df1" testName="interrogative_sentences_which" computerName="ARPAN-LAP" duration="00:00:00.0538243" startTime="2014-06-29T12:37:25.1584184+05:30" endTime="2014-06-29T12:37:25.2254222+05:30" testType="13cdc9d9-ddb5-4fa4-a97d-d965ccfc6d4b" outcome="Passed" testListId="8c84fa94-04c1-424b-9868-57a2d4851a1d" relativeResultsDirectory="209c72cb-6abd-4be5-b360-b1604ad32c15" resultType="DataDrivenTest">
      <Counters error="0" failed="0" timeout="0" aborted="0" inconclusive="0" passedButRunAborted="0" notRunnable="0" notExecuted="0" disconnected="0" warning="0" passed="2" completed="0" inProgress="0" pending="0" />
      <InnerResults>
        <UnitTestResult executionId="41dc8e8d-d91e-4281-8150-f52db25412d2" parentExecutionId="209c72cb-6abd-4be5-b360-b1604ad32c15" testId="97a1371f-e8e6-db3e-323e-49ffeef32df1" testName="interrogative_sentences_which" computerName="ARPAN-LAP" duration="00:00:00.0238938" startTime="2014-06-29T12:37:25.1644187+05:30" endTime="2014-06-29T12:37:25.1884201+05:30" testType="13cdc9d9-ddb5-4fa4-a97d-d965ccfc6d4b" outcome="Passed" testListId="8c84fa94-04c1-424b-9868-57a2d4851a1d" relativeResultsDirectory="209c72cb-6abd-4be5-b360-b1604ad32c15" dataRowInfo="0" resultType="DataDrivenDataRow" />
        <UnitTestResult executionId="1b33d39a-18cf-47df-a3e6-c270d732eb9b" parentExecutionId="209c72cb-6abd-4be5-b360-b1604ad32c15" testId="97a1371f-e8e6-db3e-323e-49ffeef32df1" testName="interrogative_sentences_which" computerName="ARPAN-LAP" duration="00:00:00.0268806" startTime="2014-06-29T12:37:25.1884201+05:30" endTime="2014-06-29T12:37:25.2154216+05:30" testType="13cdc9d9-ddb5-4fa4-a97d-d965ccfc6d4b" outcome="Passed" testListId="8c84fa94-04c1-424b-9868-57a2d4851a1d" relativeResultsDirectory="209c72cb-6abd-4be5-b360-b1604ad32c15" dataRowInfo="1" resultType="DataDrivenDataRow" />
      </InnerResults>
    </UnitTestResult>
    <UnitTestResult executionId="a1c6b735-95c8-401e-ad1d-4eb8954b014c" testId="b9261b51-b0a2-10e2-9308-22bb2624de8b" testName="interrogative_sentences_where" computerName="ARPAN-LAP" duration="00:00:00.0844369" startTime="2014-06-29T12:37:25.2264223+05:30" endTime="2014-06-29T12:37:25.3254279+05:30" testType="13cdc9d9-ddb5-4fa4-a97d-d965ccfc6d4b" outcome="Passed" testListId="8c84fa94-04c1-424b-9868-57a2d4851a1d" relativeResultsDirectory="a1c6b735-95c8-401e-ad1d-4eb8954b014c" resultType="DataDrivenTest">
      <Counters error="0" failed="0" timeout="0" aborted="0" inconclusive="0" passedButRunAborted="0" notRunnable="0" notExecuted="0" disconnected="0" warning="0" passed="3" completed="0" inProgress="0" pending="0" />
      <InnerResults>
        <UnitTestResult executionId="93f18731-cf90-4727-b2d0-e8ad009b7571" parentExecutionId="a1c6b735-95c8-401e-ad1d-4eb8954b014c" testId="b9261b51-b0a2-10e2-9308-22bb2624de8b" testName="interrogative_sentences_where" computerName="ARPAN-LAP" duration="00:00:00.0261137" startTime="2014-06-29T12:37:25.2304225+05:30" endTime="2014-06-29T12:37:25.2574240+05:30" testType="13cdc9d9-ddb5-4fa4-a97d-d965ccfc6d4b" outcome="Passed" testListId="8c84fa94-04c1-424b-9868-57a2d4851a1d" relativeResultsDirectory="a1c6b735-95c8-401e-ad1d-4eb8954b014c" dataRowInfo="0" resultType="DataDrivenDataRow" />
        <UnitTestResult executionId="4abc3496-346e-4402-8312-ace75a0f319c" parentExecutionId="a1c6b735-95c8-401e-ad1d-4eb8954b014c" testId="b9261b51-b0a2-10e2-9308-22bb2624de8b" testName="interrogative_sentences_where" computerName="ARPAN-LAP" duration="00:00:00.0272958" startTime="2014-06-29T12:37:25.2574240+05:30" endTime="2014-06-29T12:37:25.2844256+05:30" testType="13cdc9d9-ddb5-4fa4-a97d-d965ccfc6d4b" outcome="Passed" testListId="8c84fa94-04c1-424b-9868-57a2d4851a1d" relativeResultsDirectory="a1c6b735-95c8-401e-ad1d-4eb8954b014c" dataRowInfo="1" resultType="DataDrivenDataRow" />
        <UnitTestResult executionId="73bb0d2f-a57b-40eb-bfa8-c5f92c42d898" parentExecutionId="a1c6b735-95c8-401e-ad1d-4eb8954b014c" testId="b9261b51-b0a2-10e2-9308-22bb2624de8b" testName="interrogative_sentences_where" computerName="ARPAN-LAP" duration="00:00:00.0293258" startTime="2014-06-29T12:37:25.2844256+05:30" endTime="2014-06-29T12:37:25.3134272+05:30" testType="13cdc9d9-ddb5-4fa4-a97d-d965ccfc6d4b" outcome="Passed" testListId="8c84fa94-04c1-424b-9868-57a2d4851a1d" relativeResultsDirectory="a1c6b735-95c8-401e-ad1d-4eb8954b014c" dataRowInfo="2" resultType="DataDrivenDataRow" />
      </InnerResults>
    </UnitTestResult>
    <UnitTestResult executionId="1ac91524-c0e8-4914-8813-7de4e94afe48" testId="bdfe92b2-f4ac-73a5-f13d-5c1ea13721b4" testName="all_persons_tenses_passive_negation" computerName="ARPAN-LAP" duration="00:00:00.3172986" startTime="2014-06-29T12:37:25.3294282+05:30" endTime="2014-06-29T12:37:25.6884487+05:30" testType="13cdc9d9-ddb5-4fa4-a97d-d965ccfc6d4b" outcome="Passed" testListId="8c84fa94-04c1-424b-9868-57a2d4851a1d" relativeResultsDirectory="1ac91524-c0e8-4914-8813-7de4e94afe48" resultType="DataDrivenTest">
      <Counters error="0" failed="0" timeout="0" aborted="0" inconclusive="0" passedButRunAborted="0" notRunnable="0" notExecuted="0" disconnected="0" warning="0" passed="10" completed="0" inProgress="0" pending="0" />
      <InnerResults>
        <UnitTestResult executionId="f0959fb3-b4af-429c-9327-e7e9e0300a71" parentExecutionId="1ac91524-c0e8-4914-8813-7de4e94afe48" testId="bdfe92b2-f4ac-73a5-f13d-5c1ea13721b4" testName="all_persons_tenses_passive_negation" computerName="ARPAN-LAP" duration="00:00:00.0240026" startTime="2014-06-29T12:37:25.3404288+05:30" endTime="2014-06-29T12:37:25.3644302+05:30" testType="13cdc9d9-ddb5-4fa4-a97d-d965ccfc6d4b" outcome="Passed" testListId="8c84fa94-04c1-424b-9868-57a2d4851a1d" relativeResultsDirectory="1ac91524-c0e8-4914-8813-7de4e94afe48" dataRowInfo="0" resultType="DataDrivenDataRow" />
        <UnitTestResult executionId="49701192-507f-4b69-a580-4fdac3f7559d" parentExecutionId="1ac91524-c0e8-4914-8813-7de4e94afe48" testId="bdfe92b2-f4ac-73a5-f13d-5c1ea13721b4" testName="all_persons_tenses_passive_negation" computerName="ARPAN-LAP" duration="00:00:00.0284183" startTime="2014-06-29T12:37:25.3644302+05:30" endTime="2014-06-29T12:37:25.3934318+05:30" testType="13cdc9d9-ddb5-4fa4-a97d-d965ccfc6d4b" outcome="Passed" testListId="8c84fa94-04c1-424b-9868-57a2d4851a1d" relativeResultsDirectory="1ac91524-c0e8-4914-8813-7de4e94afe48" dataRowInfo="1" resultType="DataDrivenDataRow" />
        <UnitTestResult executionId="b076e528-f96f-408d-a845-163aa4936ecd" parentExecutionId="1ac91524-c0e8-4914-8813-7de4e94afe48" testId="bdfe92b2-f4ac-73a5-f13d-5c1ea13721b4" testName="all_persons_tenses_passive_negation" computerName="ARPAN-LAP" duration="00:00:00.0329002" startTime="2014-06-29T12:37:25.3934318+05:30" endTime="2014-06-29T12:37:25.4264337+05:30" testType="13cdc9d9-ddb5-4fa4-a97d-d965ccfc6d4b" outcome="Passed" testListId="8c84fa94-04c1-424b-9868-57a2d4851a1d" relativeResultsDirectory="1ac91524-c0e8-4914-8813-7de4e94afe48" dataRowInfo="2" resultType="DataDrivenDataRow" />
        <UnitTestResult executionId="bab7593d-17c8-449b-943b-d39a8a38d2d4" parentExecutionId="1ac91524-c0e8-4914-8813-7de4e94afe48" testId="bdfe92b2-f4ac-73a5-f13d-5c1ea13721b4" testName="all_persons_tenses_passive_negation" computerName="ARPAN-LAP" duration="00:00:00.0475362" startTime="2014-06-29T12:37:25.4264337+05:30" endTime="2014-06-29T12:37:25.4734364+05:30" testType="13cdc9d9-ddb5-4fa4-a97d-d965ccfc6d4b" outcome="Passed" testListId="8c84fa94-04c1-424b-9868-57a2d4851a1d" relativeResultsDirectory="1ac91524-c0e8-4914-8813-7de4e94afe48" dataRowInfo="3" resultType="DataDrivenDataRow" />
        <UnitTestResult executionId="0fd7395c-c7be-4eec-8c10-1de9ee46c1c0" parentExecutionId="1ac91524-c0e8-4914-8813-7de4e94afe48" testId="bdfe92b2-f4ac-73a5-f13d-5c1ea13721b4" testName="all_persons_tenses_passive_negation" computerName="ARPAN-LAP" duration="00:00:00.0259377" startTime="2014-06-29T12:37:25.4734364+05:30" endTime="2014-06-29T12:37:25.4994379+05:30" testType="13cdc9d9-ddb5-4fa4-a97d-d965ccfc6d4b" outcome="Passed" testListId="8c84fa94-04c1-424b-9868-57a2d4851a1d" relativeResultsDirectory="1ac91524-c0e8-4914-8813-7de4e94afe48" dataRowInfo="4" resultType="DataDrivenDataRow" />
        <UnitTestResult executionId="b7f4b925-a971-4dda-b437-805619191d8b" parentExecutionId="1ac91524-c0e8-4914-8813-7de4e94afe48" testId="bdfe92b2-f4ac-73a5-f13d-5c1ea13721b4" testName="all_persons_tenses_passive_negation" computerName="ARPAN-LAP" duration="00:00:00.0275340" startTime="2014-06-29T12:37:25.4994379+05:30" endTime="2014-06-29T12:37:25.5274395+05:30" testType="13cdc9d9-ddb5-4fa4-a97d-d965ccfc6d4b" outcome="Passed" testListId="8c84fa94-04c1-424b-9868-57a2d4851a1d" relativeResultsDirectory="1ac91524-c0e8-4914-8813-7de4e94afe48" dataRowInfo="5" resultType="DataDrivenDataRow" />
        <UnitTestResult executionId="991136de-2a65-4a1b-950a-671a32736d3b" parentExecutionId="1ac91524-c0e8-4914-8813-7de4e94afe48" testId="bdfe92b2-f4ac-73a5-f13d-5c1ea13721b4" testName="all_persons_tenses_passive_negation" computerName="ARPAN-LAP" duration="00:00:00.0277516" startTime="2014-06-29T12:37:25.5274395+05:30" endTime="2014-06-29T12:37:25.5554411+05:30" testType="13cdc9d9-ddb5-4fa4-a97d-d965ccfc6d4b" outcome="Passed" testListId="8c84fa94-04c1-424b-9868-57a2d4851a1d" relativeResultsDirectory="1ac91524-c0e8-4914-8813-7de4e94afe48" dataRowInfo="6" resultType="DataDrivenDataRow" />
        <UnitTestResult executionId="a44f90e6-c59f-471c-9898-a592030785c3" parentExecutionId="1ac91524-c0e8-4914-8813-7de4e94afe48" testId="bdfe92b2-f4ac-73a5-f13d-5c1ea13721b4" testName="all_persons_tenses_passive_negation" computerName="ARPAN-LAP" duration="00:00:00.0335336" startTime="2014-06-29T12:37:25.5554411+05:30" endTime="2014-06-29T12:37:25.5884430+05:30" testType="13cdc9d9-ddb5-4fa4-a97d-d965ccfc6d4b" outcome="Passed" testListId="8c84fa94-04c1-424b-9868-57a2d4851a1d" relativeResultsDirectory="1ac91524-c0e8-4914-8813-7de4e94afe48" dataRowInfo="7" resultType="DataDrivenDataRow" />
        <UnitTestResult executionId="89f76c31-5845-4206-92a0-9338072ef910" parentExecutionId="1ac91524-c0e8-4914-8813-7de4e94afe48" testId="bdfe92b2-f4ac-73a5-f13d-5c1ea13721b4" testName="all_persons_tenses_passive_negation" computerName="ARPAN-LAP" duration="00:00:00.0331230" startTime="2014-06-29T12:37:25.5884430+05:30" endTime="2014-06-29T12:37:25.6224449+05:30" testType="13cdc9d9-ddb5-4fa4-a97d-d965ccfc6d4b" outcome="Passed" testListId="8c84fa94-04c1-424b-9868-57a2d4851a1d" relativeResultsDirectory="1ac91524-c0e8-4914-8813-7de4e94afe48" dataRowInfo="8" resultType="DataDrivenDataRow" />
        <UnitTestResult executionId="a46bdd60-2006-41fa-878f-6d238c5de770" parentExecutionId="1ac91524-c0e8-4914-8813-7de4e94afe48" testId="bdfe92b2-f4ac-73a5-f13d-5c1ea13721b4" testName="all_persons_tenses_passive_negation" computerName="ARPAN-LAP" duration="00:00:00.0343538" startTime="2014-06-29T12:37:25.6224449+05:30" endTime="2014-06-29T12:37:25.6564469+05:30" testType="13cdc9d9-ddb5-4fa4-a97d-d965ccfc6d4b" outcome="Passed" testListId="8c84fa94-04c1-424b-9868-57a2d4851a1d" relativeResultsDirectory="1ac91524-c0e8-4914-8813-7de4e94afe48" dataRowInfo="9" resultType="DataDrivenDataRow" />
      </InnerResults>
    </UnitTestResult>
    <UnitTestResult executionId="dcdadffe-737b-4b9f-a4d2-c5a4a6cb8251" testId="c79146bc-2376-961a-5de9-441b5dfc7188" testName="auxiliary_verbs_as_main_verbs" computerName="ARPAN-LAP" duration="00:00:00.6837273" startTime="2014-06-29T12:37:25.7034496+05:30" endTime="2014-06-29T12:37:26.4874944+05:30" testType="13cdc9d9-ddb5-4fa4-a97d-d965ccfc6d4b" outcome="Passed" testListId="8c84fa94-04c1-424b-9868-57a2d4851a1d" relativeResultsDirectory="dcdadffe-737b-4b9f-a4d2-c5a4a6cb8251" resultType="DataDrivenTest">
      <Counters error="0" failed="0" timeout="0" aborted="0" inconclusive="0" passedButRunAborted="0" notRunnable="0" notExecuted="0" disconnected="0" warning="0" passed="25" completed="0" inProgress="0" pending="0" />
      <InnerResults>
        <UnitTestResult executionId="2a6c8afe-284b-428c-adb2-bbd36567139a" parentExecutionId="dcdadffe-737b-4b9f-a4d2-c5a4a6cb8251" testId="c79146bc-2376-961a-5de9-441b5dfc7188" testName="auxiliary_verbs_as_main_verbs" computerName="ARPAN-LAP" duration="00:00:00.0273061" startTime="2014-06-29T12:37:25.7214506+05:30" endTime="2014-06-29T12:37:25.7494522+05:30" testType="13cdc9d9-ddb5-4fa4-a97d-d965ccfc6d4b" outcome="Passed" testListId="8c84fa94-04c1-424b-9868-57a2d4851a1d" relativeResultsDirectory="dcdadffe-737b-4b9f-a4d2-c5a4a6cb8251" dataRowInfo="0" resultType="DataDrivenDataRow" />
        <UnitTestResult executionId="f5be801d-e013-463d-95cc-5054305cf970" parentExecutionId="dcdadffe-737b-4b9f-a4d2-c5a4a6cb8251" testId="c79146bc-2376-961a-5de9-441b5dfc7188" testName="auxiliary_verbs_as_main_verbs" computerName="ARPAN-LAP" duration="00:00:00.0271449" startTime="2014-06-29T12:37:25.7494522+05:30" endTime="2014-06-29T12:37:25.7764537+05:30" testType="13cdc9d9-ddb5-4fa4-a97d-d965ccfc6d4b" outcome="Passed" testListId="8c84fa94-04c1-424b-9868-57a2d4851a1d" relativeResultsDirectory="dcdadffe-737b-4b9f-a4d2-c5a4a6cb8251" dataRowInfo="1" resultType="DataDrivenDataRow" />
        <UnitTestResult executionId="7ec7dbce-bca2-4860-a2a5-1d2e9a893df1" parentExecutionId="dcdadffe-737b-4b9f-a4d2-c5a4a6cb8251" testId="c79146bc-2376-961a-5de9-441b5dfc7188" testName="auxiliary_verbs_as_main_verbs" computerName="ARPAN-LAP" duration="00:00:00.0324450" startTime="2014-06-29T12:37:25.7764537+05:30" endTime="2014-06-29T12:37:25.8084556+05:30" testType="13cdc9d9-ddb5-4fa4-a97d-d965ccfc6d4b" outcome="Passed" testListId="8c84fa94-04c1-424b-9868-57a2d4851a1d" relativeResultsDirectory="dcdadffe-737b-4b9f-a4d2-c5a4a6cb8251" dataRowInfo="2" resultType="DataDrivenDataRow" />
        <UnitTestResult executionId="6f5ee81b-aad4-436a-a841-231314752d5a" parentExecutionId="dcdadffe-737b-4b9f-a4d2-c5a4a6cb8251" testId="c79146bc-2376-961a-5de9-441b5dfc7188" testName="auxiliary_verbs_as_main_verbs" computerName="ARPAN-LAP" duration="00:00:00.0340941" startTime="2014-06-29T12:37:25.8084556+05:30" endTime="2014-06-29T12:37:25.8434576+05:30" testType="13cdc9d9-ddb5-4fa4-a97d-d965ccfc6d4b" outcome="Passed" testListId="8c84fa94-04c1-424b-9868-57a2d4851a1d" relativeResultsDirectory="dcdadffe-737b-4b9f-a4d2-c5a4a6cb8251" dataRowInfo="3" resultType="DataDrivenDataRow" />
        <UnitTestResult executionId="b86d002a-6373-4a33-887d-86ee2f7cbb49" parentExecutionId="dcdadffe-737b-4b9f-a4d2-c5a4a6cb8251" testId="c79146bc-2376-961a-5de9-441b5dfc7188" testName="auxiliary_verbs_as_main_verbs" computerName="ARPAN-LAP" duration="00:00:00.0327837" startTime="2014-06-29T12:37:25.8434576+05:30" endTime="2014-06-29T12:37:25.8754594+05:30" testType="13cdc9d9-ddb5-4fa4-a97d-d965ccfc6d4b" outcome="Passed" testListId="8c84fa94-04c1-424b-9868-57a2d4851a1d" relativeResultsDirectory="dcdadffe-737b-4b9f-a4d2-c5a4a6cb8251" dataRowInfo="4" resultType="DataDrivenDataRow" />
        <UnitTestResult executionId="3cf451b1-4698-4780-ae30-f07e6ca2d948" parentExecutionId="dcdadffe-737b-4b9f-a4d2-c5a4a6cb8251" testId="c79146bc-2376-961a-5de9-441b5dfc7188" testName="auxiliary_verbs_as_main_verbs" computerName="ARPAN-LAP" duration="00:00:00.0271495" startTime="2014-06-29T12:37:25.8754594+05:30" endTime="2014-06-29T12:37:25.9034610+05:30" testType="13cdc9d9-ddb5-4fa4-a97d-d965ccfc6d4b" outcome="Passed" testListId="8c84fa94-04c1-424b-9868-57a2d4851a1d" relativeResultsDirectory="dcdadffe-737b-4b9f-a4d2-c5a4a6cb8251" dataRowInfo="5" resultType="DataDrivenDataRow" />
        <UnitTestResult executionId="5934b2d3-ec85-4036-a37c-62c2dcca3aa6" parentExecutionId="dcdadffe-737b-4b9f-a4d2-c5a4a6cb8251" testId="c79146bc-2376-961a-5de9-441b5dfc7188" testName="auxiliary_verbs_as_main_verbs" computerName="ARPAN-LAP" duration="00:00:00.0295727" startTime="2014-06-29T12:37:25.9034610+05:30" endTime="2014-06-29T12:37:25.9324627+05:30" testType="13cdc9d9-ddb5-4fa4-a97d-d965ccfc6d4b" outcome="Passed" testListId="8c84fa94-04c1-424b-9868-57a2d4851a1d" relativeResultsDirectory="dcdadffe-737b-4b9f-a4d2-c5a4a6cb8251" dataRowInfo="6" resultType="DataDrivenDataRow" />
        <UnitTestResult executionId="c008e091-19e4-45d7-a7ae-ed97b2cd9d30" parentExecutionId="dcdadffe-737b-4b9f-a4d2-c5a4a6cb8251" testId="c79146bc-2376-961a-5de9-441b5dfc7188" testName="auxiliary_verbs_as_main_verbs" computerName="ARPAN-LAP" duration="00:00:00.0312803" startTime="2014-06-29T12:37:25.9324627+05:30" endTime="2014-06-29T12:37:25.9644645+05:30" testType="13cdc9d9-ddb5-4fa4-a97d-d965ccfc6d4b" outcome="Passed" testListId="8c84fa94-04c1-424b-9868-57a2d4851a1d" relativeResultsDirectory="dcdadffe-737b-4b9f-a4d2-c5a4a6cb8251" dataRowInfo="7" resultType="DataDrivenDataRow" />
        <UnitTestResult executionId="d30f0b63-c7e7-464f-bbaf-9bd14a404214" parentExecutionId="dcdadffe-737b-4b9f-a4d2-c5a4a6cb8251" testId="c79146bc-2376-961a-5de9-441b5dfc7188" testName="auxiliary_verbs_as_main_verbs" computerName="ARPAN-LAP" duration="00:00:00.0615214" startTime="2014-06-29T12:37:25.9644645+05:30" endTime="2014-06-29T12:37:26.0254680+05:30" testType="13cdc9d9-ddb5-4fa4-a97d-d965ccfc6d4b" outcome="Passed" testListId="8c84fa94-04c1-424b-9868-57a2d4851a1d" relativeResultsDirectory="dcdadffe-737b-4b9f-a4d2-c5a4a6cb8251" dataRowInfo="8" resultType="DataDrivenDataRow" />
        <UnitTestResult executionId="1bf2410b-6788-4ab5-9baa-318de845374e" parentExecutionId="dcdadffe-737b-4b9f-a4d2-c5a4a6cb8251" testId="c79146bc-2376-961a-5de9-441b5dfc7188" testName="auxiliary_verbs_as_main_verbs" computerName="ARPAN-LAP" duration="00:00:00.0229925" startTime="2014-06-29T12:37:26.0254680+05:30" endTime="2014-06-29T12:37:26.0484693+05:30" testType="13cdc9d9-ddb5-4fa4-a97d-d965ccfc6d4b" outcome="Passed" testListId="8c84fa94-04c1-424b-9868-57a2d4851a1d" relativeResultsDirectory="dcdadffe-737b-4b9f-a4d2-c5a4a6cb8251" dataRowInfo="9" resultType="DataDrivenDataRow" />
        <UnitTestResult executionId="01f3d6ff-c79f-4ded-b01e-692f3d5a1a6f" parentExecutionId="dcdadffe-737b-4b9f-a4d2-c5a4a6cb8251" testId="c79146bc-2376-961a-5de9-441b5dfc7188" testName="auxiliary_verbs_as_main_verbs" computerName="ARPAN-LAP" duration="00:00:00.0189649" startTime="2014-06-29T12:37:26.0484693+05:30" endTime="2014-06-29T12:37:26.0674704+05:30" testType="13cdc9d9-ddb5-4fa4-a97d-d965ccfc6d4b" outcome="Passed" testListId="8c84fa94-04c1-424b-9868-57a2d4851a1d" relativeResultsDirectory="dcdadffe-737b-4b9f-a4d2-c5a4a6cb8251" dataRowInfo="10" resultType="DataDrivenDataRow" />
        <UnitTestResult executionId="1d88234a-014f-4ca4-ba47-59dff22fd567" parentExecutionId="dcdadffe-737b-4b9f-a4d2-c5a4a6cb8251" testId="c79146bc-2376-961a-5de9-441b5dfc7188" testName="auxiliary_verbs_as_main_verbs" computerName="ARPAN-LAP" duration="00:00:00.0263309" startTime="2014-06-29T12:37:26.0674704+05:30" endTime="2014-06-29T12:37:26.0944719+05:30" testType="13cdc9d9-ddb5-4fa4-a97d-d965ccfc6d4b" outcome="Passed" testListId="8c84fa94-04c1-424b-9868-57a2d4851a1d" relativeResultsDirectory="dcdadffe-737b-4b9f-a4d2-c5a4a6cb8251" dataRowInfo="11" resultType="DataDrivenDataRow" />
        <UnitTestResult executionId="f4d8860f-1ed9-4460-b254-6ef056bf8d32" parentExecutionId="dcdadffe-737b-4b9f-a4d2-c5a4a6cb8251" testId="c79146bc-2376-961a-5de9-441b5dfc7188" testName="auxiliary_verbs_as_main_verbs" computerName="ARPAN-LAP" duration="00:00:00.0274847" startTime="2014-06-29T12:37:26.0944719+05:30" endTime="2014-06-29T12:37:26.1214735+05:30" testType="13cdc9d9-ddb5-4fa4-a97d-d965ccfc6d4b" outcome="Passed" testListId="8c84fa94-04c1-424b-9868-57a2d4851a1d" relativeResultsDirectory="dcdadffe-737b-4b9f-a4d2-c5a4a6cb8251" dataRowInfo="12" resultType="DataDrivenDataRow" />
        <UnitTestResult executionId="5c81968e-0f8b-48e1-a7a3-20db59840430" parentExecutionId="dcdadffe-737b-4b9f-a4d2-c5a4a6cb8251" testId="c79146bc-2376-961a-5de9-441b5dfc7188" testName="auxiliary_verbs_as_main_verbs" computerName="ARPAN-LAP" duration="00:00:00.0270695" startTime="2014-06-29T12:37:26.1214735+05:30" endTime="2014-06-29T12:37:26.1484750+05:30" testType="13cdc9d9-ddb5-4fa4-a97d-d965ccfc6d4b" outcome="Passed" testListId="8c84fa94-04c1-424b-9868-57a2d4851a1d" relativeResultsDirectory="dcdadffe-737b-4b9f-a4d2-c5a4a6cb8251" dataRowInfo="13" resultType="DataDrivenDataRow" />
        <UnitTestResult executionId="79075ee3-b170-4eb8-830a-2676cf61c677" parentExecutionId="dcdadffe-737b-4b9f-a4d2-c5a4a6cb8251" testId="c79146bc-2376-961a-5de9-441b5dfc7188" testName="auxiliary_verbs_as_main_verbs" computerName="ARPAN-LAP" duration="00:00:00.0216934" startTime="2014-06-29T12:37:26.1484750+05:30" endTime="2014-06-29T12:37:26.1704763+05:30" testType="13cdc9d9-ddb5-4fa4-a97d-d965ccfc6d4b" outcome="Passed" testListId="8c84fa94-04c1-424b-9868-57a2d4851a1d" relativeResultsDirectory="dcdadffe-737b-4b9f-a4d2-c5a4a6cb8251" dataRowInfo="14" resultType="DataDrivenDataRow" />
        <UnitTestResult executionId="ce40918b-1211-4282-9f3f-cee1a6237972" parentExecutionId="dcdadffe-737b-4b9f-a4d2-c5a4a6cb8251" testId="c79146bc-2376-961a-5de9-441b5dfc7188" testName="auxiliary_verbs_as_main_verbs" computerName="ARPAN-LAP" duration="00:00:00.0191933" startTime="2014-06-29T12:37:26.1704763+05:30" endTime="2014-06-29T12:37:26.1894774+05:30" testType="13cdc9d9-ddb5-4fa4-a97d-d965ccfc6d4b" outcome="Passed" testListId="8c84fa94-04c1-424b-9868-57a2d4851a1d" relativeResultsDirectory="dcdadffe-737b-4b9f-a4d2-c5a4a6cb8251" dataRowInfo="15" resultType="DataDrivenDataRow" />
        <UnitTestResult executionId="aa9e206a-d355-43f4-b619-232fc39a1705" parentExecutionId="dcdadffe-737b-4b9f-a4d2-c5a4a6cb8251" testId="c79146bc-2376-961a-5de9-441b5dfc7188" testName="auxiliary_verbs_as_main_verbs" computerName="ARPAN-LAP" duration="00:00:00.0277054" startTime="2014-06-29T12:37:26.1894774+05:30" endTime="2014-06-29T12:37:26.2174790+05:30" testType="13cdc9d9-ddb5-4fa4-a97d-d965ccfc6d4b" outcome="Passed" testListId="8c84fa94-04c1-424b-9868-57a2d4851a1d" relativeResultsDirectory="dcdadffe-737b-4b9f-a4d2-c5a4a6cb8251" dataRowInfo="16" resultType="DataDrivenDataRow" />
        <UnitTestResult executionId="a9d5acaa-fc4f-49ea-bd43-08b2f8da1d65" parentExecutionId="dcdadffe-737b-4b9f-a4d2-c5a4a6cb8251" testId="c79146bc-2376-961a-5de9-441b5dfc7188" testName="auxiliary_verbs_as_main_verbs" computerName="ARPAN-LAP" duration="00:00:00.0197137" startTime="2014-06-29T12:37:26.2174790+05:30" endTime="2014-06-29T12:37:26.2374801+05:30" testType="13cdc9d9-ddb5-4fa4-a97d-d965ccfc6d4b" outcome="Passed" testListId="8c84fa94-04c1-424b-9868-57a2d4851a1d" relativeResultsDirectory="dcdadffe-737b-4b9f-a4d2-c5a4a6cb8251" dataRowInfo="17" resultType="DataDrivenDataRow" />
        <UnitTestResult executionId="c755313a-7137-4153-b3b5-1a96f466e642" parentExecutionId="dcdadffe-737b-4b9f-a4d2-c5a4a6cb8251" testId="c79146bc-2376-961a-5de9-441b5dfc7188" testName="auxiliary_verbs_as_main_verbs" computerName="ARPAN-LAP" duration="00:00:00.0195418" startTime="2014-06-29T12:37:26.2374801+05:30" endTime="2014-06-29T12:37:26.2564812+05:30" testType="13cdc9d9-ddb5-4fa4-a97d-d965ccfc6d4b" outcome="Passed" testListId="8c84fa94-04c1-424b-9868-57a2d4851a1d" relativeResultsDirectory="dcdadffe-737b-4b9f-a4d2-c5a4a6cb8251" dataRowInfo="18" resultType="DataDrivenDataRow" />
        <UnitTestResult executionId="0ca39dfc-63ac-48e6-aa86-d4d3a7808adb" parentExecutionId="dcdadffe-737b-4b9f-a4d2-c5a4a6cb8251" testId="c79146bc-2376-961a-5de9-441b5dfc7188" testName="auxiliary_verbs_as_main_verbs" computerName="ARPAN-LAP" duration="00:00:00.0266034" startTime="2014-06-29T12:37:26.2564812+05:30" endTime="2014-06-29T12:37:26.2834827+05:30" testType="13cdc9d9-ddb5-4fa4-a97d-d965ccfc6d4b" outcome="Passed" testListId="8c84fa94-04c1-424b-9868-57a2d4851a1d" relativeResultsDirectory="dcdadffe-737b-4b9f-a4d2-c5a4a6cb8251" dataRowInfo="19" resultType="DataDrivenDataRow" />
        <UnitTestResult executionId="2e69688c-dd92-4d7d-8aac-58eaa37e5827" parentExecutionId="dcdadffe-737b-4b9f-a4d2-c5a4a6cb8251" testId="c79146bc-2376-961a-5de9-441b5dfc7188" testName="auxiliary_verbs_as_main_verbs" computerName="ARPAN-LAP" duration="00:00:00.0266645" startTime="2014-06-29T12:37:26.2834827+05:30" endTime="2014-06-29T12:37:26.3104843+05:30" testType="13cdc9d9-ddb5-4fa4-a97d-d965ccfc6d4b" outcome="Passed" testListId="8c84fa94-04c1-424b-9868-57a2d4851a1d" relativeResultsDirectory="dcdadffe-737b-4b9f-a4d2-c5a4a6cb8251" dataRowInfo="20" resultType="DataDrivenDataRow" />
        <UnitTestResult executionId="ad6d1bb8-52d0-4707-ae1e-b9c96a15b4de" parentExecutionId="dcdadffe-737b-4b9f-a4d2-c5a4a6cb8251" testId="c79146bc-2376-961a-5de9-441b5dfc7188" testName="auxiliary_verbs_as_main_verbs" computerName="ARPAN-LAP" duration="00:00:00.0264499" startTime="2014-06-29T12:37:26.3104843+05:30" endTime="2014-06-29T12:37:26.3364858+05:30" testType="13cdc9d9-ddb5-4fa4-a97d-d965ccfc6d4b" outcome="Passed" testListId="8c84fa94-04c1-424b-9868-57a2d4851a1d" relativeResultsDirectory="dcdadffe-737b-4b9f-a4d2-c5a4a6cb8251" dataRowInfo="21" resultType="DataDrivenDataRow" />
        <UnitTestResult executionId="92b0e645-ecc4-4c39-aa90-bd4e24f28580" parentExecutionId="dcdadffe-737b-4b9f-a4d2-c5a4a6cb8251" testId="c79146bc-2376-961a-5de9-441b5dfc7188" testName="auxiliary_verbs_as_main_verbs" computerName="ARPAN-LAP" duration="00:00:00.0168184" startTime="2014-06-29T12:37:26.3364858+05:30" endTime="2014-06-29T12:37:26.3534867+05:30" testType="13cdc9d9-ddb5-4fa4-a97d-d965ccfc6d4b" outcome="Passed" testListId="8c84fa94-04c1-424b-9868-57a2d4851a1d" relativeResultsDirectory="dcdadffe-737b-4b9f-a4d2-c5a4a6cb8251" dataRowInfo="22" resultType="DataDrivenDataRow" />
        <UnitTestResult executionId="974f9216-3192-404c-8823-70c78d598d1d" parentExecutionId="dcdadffe-737b-4b9f-a4d2-c5a4a6cb8251" testId="c79146bc-2376-961a-5de9-441b5dfc7188" testName="auxiliary_verbs_as_main_verbs" computerName="ARPAN-LAP" duration="00:00:00.0201659" startTime="2014-06-29T12:37:26.3534867+05:30" endTime="2014-06-29T12:37:26.3734879+05:30" testType="13cdc9d9-ddb5-4fa4-a97d-d965ccfc6d4b" outcome="Passed" testListId="8c84fa94-04c1-424b-9868-57a2d4851a1d" relativeResultsDirectory="dcdadffe-737b-4b9f-a4d2-c5a4a6cb8251" dataRowInfo="23" resultType="DataDrivenDataRow" />
        <UnitTestResult executionId="5dcc1d05-0957-4c91-972b-d3c6031c20d4" parentExecutionId="dcdadffe-737b-4b9f-a4d2-c5a4a6cb8251" testId="c79146bc-2376-961a-5de9-441b5dfc7188" testName="auxiliary_verbs_as_main_verbs" computerName="ARPAN-LAP" duration="00:00:00.0275268" startTime="2014-06-29T12:37:26.3734879+05:30" endTime="2014-06-29T12:37:26.4014895+05:30" testType="13cdc9d9-ddb5-4fa4-a97d-d965ccfc6d4b" outcome="Passed" testListId="8c84fa94-04c1-424b-9868-57a2d4851a1d" relativeResultsDirectory="dcdadffe-737b-4b9f-a4d2-c5a4a6cb8251" dataRowInfo="24" resultType="DataDrivenDataRow" />
      </InnerResults>
    </UnitTestResult>
    <UnitTestResult executionId="fdead025-86b6-4511-927b-f7d82c5a68c8" testId="d03eb628-bf1f-c27d-aeef-e708d613d686" testName="all_persons_modal_can_may_negation" computerName="ARPAN-LAP" duration="00:00:00.6524187" startTime="2014-06-29T12:37:26.4964949+05:30" endTime="2014-06-29T12:37:27.2275367+05:30" testType="13cdc9d9-ddb5-4fa4-a97d-d965ccfc6d4b" outcome="Passed" testListId="8c84fa94-04c1-424b-9868-57a2d4851a1d" relativeResultsDirectory="fdead025-86b6-4511-927b-f7d82c5a68c8" resultType="DataDrivenTest">
      <Counters error="0" failed="0" timeout="0" aborted="0" inconclusive="0" passedButRunAborted="0" notRunnable="0" notExecuted="0" disconnected="0" warning="0" passed="24" completed="0" inProgress="0" pending="0" />
      <InnerResults>
        <UnitTestResult executionId="73b9a0c1-1090-4684-8834-a1a0ee7c78af" parentExecutionId="fdead025-86b6-4511-927b-f7d82c5a68c8" testId="d03eb628-bf1f-c27d-aeef-e708d613d686" testName="all_persons_modal_can_may_negation" computerName="ARPAN-LAP" duration="00:00:00.0264073" startTime="2014-06-29T12:37:26.5064955+05:30" endTime="2014-06-29T12:37:26.5334970+05:30" testType="13cdc9d9-ddb5-4fa4-a97d-d965ccfc6d4b" outcome="Passed" testListId="8c84fa94-04c1-424b-9868-57a2d4851a1d" relativeResultsDirectory="fdead025-86b6-4511-927b-f7d82c5a68c8" dataRowInfo="0" resultType="DataDrivenDataRow" />
        <UnitTestResult executionId="eb91ae85-4ff7-42ad-9460-fc873ae86bc4" parentExecutionId="fdead025-86b6-4511-927b-f7d82c5a68c8" testId="d03eb628-bf1f-c27d-aeef-e708d613d686" testName="all_persons_modal_can_may_negation" computerName="ARPAN-LAP" duration="00:00:00.0234098" startTime="2014-06-29T12:37:26.5334970+05:30" endTime="2014-06-29T12:37:26.5564983+05:30" testType="13cdc9d9-ddb5-4fa4-a97d-d965ccfc6d4b" outcome="Passed" testListId="8c84fa94-04c1-424b-9868-57a2d4851a1d" relativeResultsDirectory="fdead025-86b6-4511-927b-f7d82c5a68c8" dataRowInfo="1" resultType="DataDrivenDataRow" />
        <UnitTestResult executionId="eb4db782-bc1f-4664-a7e0-ab5bca2068a1" parentExecutionId="fdead025-86b6-4511-927b-f7d82c5a68c8" testId="d03eb628-bf1f-c27d-aeef-e708d613d686" testName="all_persons_modal_can_may_negation" computerName="ARPAN-LAP" duration="00:00:00.0249727" startTime="2014-06-29T12:37:26.5564983+05:30" endTime="2014-06-29T12:37:26.5814998+05:30" testType="13cdc9d9-ddb5-4fa4-a97d-d965ccfc6d4b" outcome="Passed" testListId="8c84fa94-04c1-424b-9868-57a2d4851a1d" relativeResultsDirectory="fdead025-86b6-4511-927b-f7d82c5a68c8" dataRowInfo="2" resultType="DataDrivenDataRow" />
        <UnitTestResult executionId="e1a3e30a-318b-42c9-91e8-8aba43c2d4f4" parentExecutionId="fdead025-86b6-4511-927b-f7d82c5a68c8" testId="d03eb628-bf1f-c27d-aeef-e708d613d686" testName="all_persons_modal_can_may_negation" computerName="ARPAN-LAP" duration="00:00:00.0235725" startTime="2014-06-29T12:37:26.5814998+05:30" endTime="2014-06-29T12:37:26.6055011+05:30" testType="13cdc9d9-ddb5-4fa4-a97d-d965ccfc6d4b" outcome="Passed" testListId="8c84fa94-04c1-424b-9868-57a2d4851a1d" relativeResultsDirectory="fdead025-86b6-4511-927b-f7d82c5a68c8" dataRowInfo="3" resultType="DataDrivenDataRow" />
        <UnitTestResult executionId="918a5dd8-bc25-4263-baaf-7c8d6872ac2d" parentExecutionId="fdead025-86b6-4511-927b-f7d82c5a68c8" testId="d03eb628-bf1f-c27d-aeef-e708d613d686" testName="all_persons_modal_can_may_negation" computerName="ARPAN-LAP" duration="00:00:00.0310817" startTime="2014-06-29T12:37:26.6055011+05:30" endTime="2014-06-29T12:37:26.6365029+05:30" testType="13cdc9d9-ddb5-4fa4-a97d-d965ccfc6d4b" outcome="Passed" testListId="8c84fa94-04c1-424b-9868-57a2d4851a1d" relativeResultsDirectory="fdead025-86b6-4511-927b-f7d82c5a68c8" dataRowInfo="4" resultType="DataDrivenDataRow" />
        <UnitTestResult executionId="18dcd6d4-3f0b-4209-914b-6676990f7453" parentExecutionId="fdead025-86b6-4511-927b-f7d82c5a68c8" testId="d03eb628-bf1f-c27d-aeef-e708d613d686" testName="all_persons_modal_can_may_negation" computerName="ARPAN-LAP" duration="00:00:00.0320030" startTime="2014-06-29T12:37:26.6365029+05:30" endTime="2014-06-29T12:37:26.6685048+05:30" testType="13cdc9d9-ddb5-4fa4-a97d-d965ccfc6d4b" outcome="Passed" testListId="8c84fa94-04c1-424b-9868-57a2d4851a1d" relativeResultsDirectory="fdead025-86b6-4511-927b-f7d82c5a68c8" dataRowInfo="5" resultType="DataDrivenDataRow" />
        <UnitTestResult executionId="b6a15620-27e0-456e-a5d6-3dde8642894c" parentExecutionId="fdead025-86b6-4511-927b-f7d82c5a68c8" testId="d03eb628-bf1f-c27d-aeef-e708d613d686" testName="all_persons_modal_can_may_negation" computerName="ARPAN-LAP" duration="00:00:00.0349461" startTime="2014-06-29T12:37:26.6685048+05:30" endTime="2014-06-29T12:37:26.7035068+05:30" testType="13cdc9d9-ddb5-4fa4-a97d-d965ccfc6d4b" outcome="Passed" testListId="8c84fa94-04c1-424b-9868-57a2d4851a1d" relativeResultsDirectory="fdead025-86b6-4511-927b-f7d82c5a68c8" dataRowInfo="6" resultType="DataDrivenDataRow" />
        <UnitTestResult executionId="1e1b4132-2156-4999-9422-13f08d2e999b" parentExecutionId="fdead025-86b6-4511-927b-f7d82c5a68c8" testId="d03eb628-bf1f-c27d-aeef-e708d613d686" testName="all_persons_modal_can_may_negation" computerName="ARPAN-LAP" duration="00:00:00.0347757" startTime="2014-06-29T12:37:26.7035068+05:30" endTime="2014-06-29T12:37:26.7385088+05:30" testType="13cdc9d9-ddb5-4fa4-a97d-d965ccfc6d4b" outcome="Passed" testListId="8c84fa94-04c1-424b-9868-57a2d4851a1d" relativeResultsDirectory="fdead025-86b6-4511-927b-f7d82c5a68c8" dataRowInfo="7" resultType="DataDrivenDataRow" />
        <UnitTestResult executionId="3df4e958-3d3b-4248-8e54-60125b3d5125" parentExecutionId="fdead025-86b6-4511-927b-f7d82c5a68c8" testId="d03eb628-bf1f-c27d-aeef-e708d613d686" testName="all_persons_modal_can_may_negation" computerName="ARPAN-LAP" duration="00:00:00.0243178" startTime="2014-06-29T12:37:26.7385088+05:30" endTime="2014-06-29T12:37:26.7625101+05:30" testType="13cdc9d9-ddb5-4fa4-a97d-d965ccfc6d4b" outcome="Passed" testListId="8c84fa94-04c1-424b-9868-57a2d4851a1d" relativeResultsDirectory="fdead025-86b6-4511-927b-f7d82c5a68c8" dataRowInfo="8" resultType="DataDrivenDataRow" />
        <UnitTestResult executionId="c08dbb12-61bb-4cd6-a1be-2c29c6ef9442" parentExecutionId="fdead025-86b6-4511-927b-f7d82c5a68c8" testId="d03eb628-bf1f-c27d-aeef-e708d613d686" testName="all_persons_modal_can_may_negation" computerName="ARPAN-LAP" duration="00:00:00.0261394" startTime="2014-06-29T12:37:26.7625101+05:30" endTime="2014-06-29T12:37:26.7895117+05:30" testType="13cdc9d9-ddb5-4fa4-a97d-d965ccfc6d4b" outcome="Passed" testListId="8c84fa94-04c1-424b-9868-57a2d4851a1d" relativeResultsDirectory="fdead025-86b6-4511-927b-f7d82c5a68c8" dataRowInfo="9" resultType="DataDrivenDataRow" />
        <UnitTestResult executionId="98511469-e120-45ce-91cb-7c3eda5d2ac5" parentExecutionId="fdead025-86b6-4511-927b-f7d82c5a68c8" testId="d03eb628-bf1f-c27d-aeef-e708d613d686" testName="all_persons_modal_can_may_negation" computerName="ARPAN-LAP" duration="00:00:00.0468772" startTime="2014-06-29T12:37:26.7895117+05:30" endTime="2014-06-29T12:37:26.8355143+05:30" testType="13cdc9d9-ddb5-4fa4-a97d-d965ccfc6d4b" outcome="Passed" testListId="8c84fa94-04c1-424b-9868-57a2d4851a1d" relativeResultsDirectory="fdead025-86b6-4511-927b-f7d82c5a68c8" dataRowInfo="10" resultType="DataDrivenDataRow" />
        <UnitTestResult executionId="b2c977c6-29ea-46f8-9daa-c9624e9ca023" parentExecutionId="fdead025-86b6-4511-927b-f7d82c5a68c8" testId="d03eb628-bf1f-c27d-aeef-e708d613d686" testName="all_persons_modal_can_may_negation" computerName="ARPAN-LAP" duration="00:00:00.0230644" startTime="2014-06-29T12:37:26.8365144+05:30" endTime="2014-06-29T12:37:26.8595157+05:30" testType="13cdc9d9-ddb5-4fa4-a97d-d965ccfc6d4b" outcome="Passed" testListId="8c84fa94-04c1-424b-9868-57a2d4851a1d" relativeResultsDirectory="fdead025-86b6-4511-927b-f7d82c5a68c8" dataRowInfo="11" resultType="DataDrivenDataRow" />
        <UnitTestResult executionId="93e9fc7d-3d8c-424e-933f-065a4299fd98" parentExecutionId="fdead025-86b6-4511-927b-f7d82c5a68c8" testId="d03eb628-bf1f-c27d-aeef-e708d613d686" testName="all_persons_modal_can_may_negation" computerName="ARPAN-LAP" duration="00:00:00.0296230" startTime="2014-06-29T12:37:26.8595157+05:30" endTime="2014-06-29T12:37:26.8885173+05:30" testType="13cdc9d9-ddb5-4fa4-a97d-d965ccfc6d4b" outcome="Passed" testListId="8c84fa94-04c1-424b-9868-57a2d4851a1d" relativeResultsDirectory="fdead025-86b6-4511-927b-f7d82c5a68c8" dataRowInfo="12" resultType="DataDrivenDataRow" />
        <UnitTestResult executionId="1cc3162d-c211-4286-ab73-1301919d0b2c" parentExecutionId="fdead025-86b6-4511-927b-f7d82c5a68c8" testId="d03eb628-bf1f-c27d-aeef-e708d613d686" testName="all_persons_modal_can_may_negation" computerName="ARPAN-LAP" duration="00:00:00.0290266" startTime="2014-06-29T12:37:26.8885173+05:30" endTime="2014-06-29T12:37:26.9175190+05:30" testType="13cdc9d9-ddb5-4fa4-a97d-d965ccfc6d4b" outcome="Passed" testListId="8c84fa94-04c1-424b-9868-57a2d4851a1d" relativeResultsDirectory="fdead025-86b6-4511-927b-f7d82c5a68c8" dataRowInfo="13" resultType="DataDrivenDataRow" />
        <UnitTestResult executionId="6efe221e-be99-4161-9aa6-5be5dbc625aa" parentExecutionId="fdead025-86b6-4511-927b-f7d82c5a68c8" testId="d03eb628-bf1f-c27d-aeef-e708d613d686" testName="all_persons_modal_can_may_negation" computerName="ARPAN-LAP" duration="00:00:00.0276464" startTime="2014-06-29T12:37:26.9175190+05:30" endTime="2014-06-29T12:37:26.9455206+05:30" testType="13cdc9d9-ddb5-4fa4-a97d-d965ccfc6d4b" outcome="Passed" testListId="8c84fa94-04c1-424b-9868-57a2d4851a1d" relativeResultsDirectory="fdead025-86b6-4511-927b-f7d82c5a68c8" dataRowInfo="14" resultType="DataDrivenDataRow" />
        <UnitTestResult executionId="f7749e80-4cd3-433e-9268-7acd7a0a97ac" parentExecutionId="fdead025-86b6-4511-927b-f7d82c5a68c8" testId="d03eb628-bf1f-c27d-aeef-e708d613d686" testName="all_persons_modal_can_may_negation" computerName="ARPAN-LAP" duration="00:00:00.0240529" startTime="2014-06-29T12:37:26.9455206+05:30" endTime="2014-06-29T12:37:26.9695220+05:30" testType="13cdc9d9-ddb5-4fa4-a97d-d965ccfc6d4b" outcome="Passed" testListId="8c84fa94-04c1-424b-9868-57a2d4851a1d" relativeResultsDirectory="fdead025-86b6-4511-927b-f7d82c5a68c8" dataRowInfo="15" resultType="DataDrivenDataRow" />
        <UnitTestResult executionId="bd19fbe1-16e7-43d5-9d09-d3137706ae67" parentExecutionId="fdead025-86b6-4511-927b-f7d82c5a68c8" testId="d03eb628-bf1f-c27d-aeef-e708d613d686" testName="all_persons_modal_can_may_negation" computerName="ARPAN-LAP" duration="00:00:00.0197687" startTime="2014-06-29T12:37:26.9695220+05:30" endTime="2014-06-29T12:37:26.9895231+05:30" testType="13cdc9d9-ddb5-4fa4-a97d-d965ccfc6d4b" outcome="Passed" testListId="8c84fa94-04c1-424b-9868-57a2d4851a1d" relativeResultsDirectory="fdead025-86b6-4511-927b-f7d82c5a68c8" dataRowInfo="16" resultType="DataDrivenDataRow" />
        <UnitTestResult executionId="55a4890b-558f-441d-914f-54e8b4bafac7" parentExecutionId="fdead025-86b6-4511-927b-f7d82c5a68c8" testId="d03eb628-bf1f-c27d-aeef-e708d613d686" testName="all_persons_modal_can_may_negation" computerName="ARPAN-LAP" duration="00:00:00.0210652" startTime="2014-06-29T12:37:26.9895231+05:30" endTime="2014-06-29T12:37:27.0105243+05:30" testType="13cdc9d9-ddb5-4fa4-a97d-d965ccfc6d4b" outcome="Passed" testListId="8c84fa94-04c1-424b-9868-57a2d4851a1d" relativeResultsDirectory="fdead025-86b6-4511-927b-f7d82c5a68c8" dataRowInfo="17" resultType="DataDrivenDataRow" />
        <UnitTestResult executionId="a6064946-354e-46ec-802d-67f788d37fc7" parentExecutionId="fdead025-86b6-4511-927b-f7d82c5a68c8" testId="d03eb628-bf1f-c27d-aeef-e708d613d686" testName="all_persons_modal_can_may_negation" computerName="ARPAN-LAP" duration="00:00:00.0214717" startTime="2014-06-29T12:37:27.0105243+05:30" endTime="2014-06-29T12:37:27.0325256+05:30" testType="13cdc9d9-ddb5-4fa4-a97d-d965ccfc6d4b" outcome="Passed" testListId="8c84fa94-04c1-424b-9868-57a2d4851a1d" relativeResultsDirectory="fdead025-86b6-4511-927b-f7d82c5a68c8" dataRowInfo="18" resultType="DataDrivenDataRow" />
        <UnitTestResult executionId="ea9c96ad-3f6b-4bb5-a732-b5d0a162b770" parentExecutionId="fdead025-86b6-4511-927b-f7d82c5a68c8" testId="d03eb628-bf1f-c27d-aeef-e708d613d686" testName="all_persons_modal_can_may_negation" computerName="ARPAN-LAP" duration="00:00:00.0202111" startTime="2014-06-29T12:37:27.0325256+05:30" endTime="2014-06-29T12:37:27.0525267+05:30" testType="13cdc9d9-ddb5-4fa4-a97d-d965ccfc6d4b" outcome="Passed" testListId="8c84fa94-04c1-424b-9868-57a2d4851a1d" relativeResultsDirectory="fdead025-86b6-4511-927b-f7d82c5a68c8" dataRowInfo="19" resultType="DataDrivenDataRow" />
        <UnitTestResult executionId="a6c44fb7-af0a-415b-ac60-931072370779" parentExecutionId="fdead025-86b6-4511-927b-f7d82c5a68c8" testId="d03eb628-bf1f-c27d-aeef-e708d613d686" testName="all_persons_modal_can_may_negation" computerName="ARPAN-LAP" duration="00:00:00.0236018" startTime="2014-06-29T12:37:27.0525267+05:30" endTime="2014-06-29T12:37:27.0765281+05:30" testType="13cdc9d9-ddb5-4fa4-a97d-d965ccfc6d4b" outcome="Passed" testListId="8c84fa94-04c1-424b-9868-57a2d4851a1d" relativeResultsDirectory="fdead025-86b6-4511-927b-f7d82c5a68c8" dataRowInfo="20" resultType="DataDrivenDataRow" />
        <UnitTestResult executionId="be20b42c-f934-4ad6-8a3a-fde5b8e50315" parentExecutionId="fdead025-86b6-4511-927b-f7d82c5a68c8" testId="d03eb628-bf1f-c27d-aeef-e708d613d686" testName="all_persons_modal_can_may_negation" computerName="ARPAN-LAP" duration="00:00:00.0266132" startTime="2014-06-29T12:37:27.0765281+05:30" endTime="2014-06-29T12:37:27.1025296+05:30" testType="13cdc9d9-ddb5-4fa4-a97d-d965ccfc6d4b" outcome="Passed" testListId="8c84fa94-04c1-424b-9868-57a2d4851a1d" relativeResultsDirectory="fdead025-86b6-4511-927b-f7d82c5a68c8" dataRowInfo="21" resultType="DataDrivenDataRow" />
        <UnitTestResult executionId="8615dce6-2ce1-4df4-b872-656f517ad5ff" parentExecutionId="fdead025-86b6-4511-927b-f7d82c5a68c8" testId="d03eb628-bf1f-c27d-aeef-e708d613d686" testName="all_persons_modal_can_may_negation" computerName="ARPAN-LAP" duration="00:00:00.0295691" startTime="2014-06-29T12:37:27.1025296+05:30" endTime="2014-06-29T12:37:27.1325313+05:30" testType="13cdc9d9-ddb5-4fa4-a97d-d965ccfc6d4b" outcome="Passed" testListId="8c84fa94-04c1-424b-9868-57a2d4851a1d" relativeResultsDirectory="fdead025-86b6-4511-927b-f7d82c5a68c8" dataRowInfo="22" resultType="DataDrivenDataRow" />
        <UnitTestResult executionId="9d2163f6-e2ce-4b90-bcea-5158194e907e" parentExecutionId="fdead025-86b6-4511-927b-f7d82c5a68c8" testId="d03eb628-bf1f-c27d-aeef-e708d613d686" testName="all_persons_modal_can_may_negation" computerName="ARPAN-LAP" duration="00:00:00.0243275" startTime="2014-06-29T12:37:27.1325313+05:30" endTime="2014-06-29T12:37:27.1565327+05:30" testType="13cdc9d9-ddb5-4fa4-a97d-d965ccfc6d4b" outcome="Passed" testListId="8c84fa94-04c1-424b-9868-57a2d4851a1d" relativeResultsDirectory="fdead025-86b6-4511-927b-f7d82c5a68c8" dataRowInfo="23" resultType="DataDrivenDataRow" />
      </InnerResults>
    </UnitTestResult>
    <UnitTestResult executionId="146543c0-2fe2-4b9a-a090-01631657bb56" testId="d766a059-d96c-7b47-e6a6-34931760df96" testName="all_persons_tenses_passive" computerName="ARPAN-LAP" duration="00:00:00.3100676" startTime="2014-06-29T12:37:27.2295368+05:30" endTime="2014-06-29T12:37:27.5855572+05:30" testType="13cdc9d9-ddb5-4fa4-a97d-d965ccfc6d4b" outcome="Passed" testListId="8c84fa94-04c1-424b-9868-57a2d4851a1d" relativeResultsDirectory="146543c0-2fe2-4b9a-a090-01631657bb56" resultType="DataDrivenTest">
      <Counters error="0" failed="0" timeout="0" aborted="0" inconclusive="0" passedButRunAborted="0" notRunnable="0" notExecuted="0" disconnected="0" warning="0" passed="10" completed="0" inProgress="0" pending="0" />
      <InnerResults>
        <UnitTestResult executionId="24eb74a0-17de-4be3-baa6-5fb20a4d22db" parentExecutionId="146543c0-2fe2-4b9a-a090-01631657bb56" testId="d766a059-d96c-7b47-e6a6-34931760df96" testName="all_persons_tenses_passive" computerName="ARPAN-LAP" duration="00:00:00.0281576" startTime="2014-06-29T12:37:27.2425376+05:30" endTime="2014-06-29T12:37:27.2705392+05:30" testType="13cdc9d9-ddb5-4fa4-a97d-d965ccfc6d4b" outcome="Passed" testListId="8c84fa94-04c1-424b-9868-57a2d4851a1d" relativeResultsDirectory="146543c0-2fe2-4b9a-a090-01631657bb56" dataRowInfo="0" resultType="DataDrivenDataRow" />
        <UnitTestResult executionId="1782a503-fc19-4a12-b01a-ee4fe21717d9" parentExecutionId="146543c0-2fe2-4b9a-a090-01631657bb56" testId="d766a059-d96c-7b47-e6a6-34931760df96" testName="all_persons_tenses_passive" computerName="ARPAN-LAP" duration="00:00:00.0261871" startTime="2014-06-29T12:37:27.2705392+05:30" endTime="2014-06-29T12:37:27.2975407+05:30" testType="13cdc9d9-ddb5-4fa4-a97d-d965ccfc6d4b" outcome="Passed" testListId="8c84fa94-04c1-424b-9868-57a2d4851a1d" relativeResultsDirectory="146543c0-2fe2-4b9a-a090-01631657bb56" dataRowInfo="1" resultType="DataDrivenDataRow" />
        <UnitTestResult executionId="314a2470-95d6-4edf-98ce-6e643d5ee32b" parentExecutionId="146543c0-2fe2-4b9a-a090-01631657bb56" testId="d766a059-d96c-7b47-e6a6-34931760df96" testName="all_persons_tenses_passive" computerName="ARPAN-LAP" duration="00:00:00.0303616" startTime="2014-06-29T12:37:27.2975407+05:30" endTime="2014-06-29T12:37:27.3275424+05:30" testType="13cdc9d9-ddb5-4fa4-a97d-d965ccfc6d4b" outcome="Passed" testListId="8c84fa94-04c1-424b-9868-57a2d4851a1d" relativeResultsDirectory="146543c0-2fe2-4b9a-a090-01631657bb56" dataRowInfo="2" resultType="DataDrivenDataRow" />
        <UnitTestResult executionId="c6852b2d-5215-4d8c-af1d-70f44de50f53" parentExecutionId="146543c0-2fe2-4b9a-a090-01631657bb56" testId="d766a059-d96c-7b47-e6a6-34931760df96" testName="all_persons_tenses_passive" computerName="ARPAN-LAP" duration="00:00:00.0302353" startTime="2014-06-29T12:37:27.3275424+05:30" endTime="2014-06-29T12:37:27.3575442+05:30" testType="13cdc9d9-ddb5-4fa4-a97d-d965ccfc6d4b" outcome="Passed" testListId="8c84fa94-04c1-424b-9868-57a2d4851a1d" relativeResultsDirectory="146543c0-2fe2-4b9a-a090-01631657bb56" dataRowInfo="3" resultType="DataDrivenDataRow" />
        <UnitTestResult executionId="cb0697b0-67ba-411d-a851-1e2b58e33333" parentExecutionId="146543c0-2fe2-4b9a-a090-01631657bb56" testId="d766a059-d96c-7b47-e6a6-34931760df96" testName="all_persons_tenses_passive" computerName="ARPAN-LAP" duration="00:00:00.0222452" startTime="2014-06-29T12:37:27.3575442+05:30" endTime="2014-06-29T12:37:27.3805455+05:30" testType="13cdc9d9-ddb5-4fa4-a97d-d965ccfc6d4b" outcome="Passed" testListId="8c84fa94-04c1-424b-9868-57a2d4851a1d" relativeResultsDirectory="146543c0-2fe2-4b9a-a090-01631657bb56" dataRowInfo="4" resultType="DataDrivenDataRow" />
        <UnitTestResult executionId="9b08a2aa-3553-4c64-8a4d-820e1612d8b0" parentExecutionId="146543c0-2fe2-4b9a-a090-01631657bb56" testId="d766a059-d96c-7b47-e6a6-34931760df96" testName="all_persons_tenses_passive" computerName="ARPAN-LAP" duration="00:00:00.0267589" startTime="2014-06-29T12:37:27.3805455+05:30" endTime="2014-06-29T12:37:27.4065470+05:30" testType="13cdc9d9-ddb5-4fa4-a97d-d965ccfc6d4b" outcome="Passed" testListId="8c84fa94-04c1-424b-9868-57a2d4851a1d" relativeResultsDirectory="146543c0-2fe2-4b9a-a090-01631657bb56" dataRowInfo="5" resultType="DataDrivenDataRow" />
        <UnitTestResult executionId="9bf0cfcb-88c2-4b80-92e0-f61c949767c6" parentExecutionId="146543c0-2fe2-4b9a-a090-01631657bb56" testId="d766a059-d96c-7b47-e6a6-34931760df96" testName="all_persons_tenses_passive" computerName="ARPAN-LAP" duration="00:00:00.0293325" startTime="2014-06-29T12:37:27.4065470+05:30" endTime="2014-06-29T12:37:27.4365487+05:30" testType="13cdc9d9-ddb5-4fa4-a97d-d965ccfc6d4b" outcome="Passed" testListId="8c84fa94-04c1-424b-9868-57a2d4851a1d" relativeResultsDirectory="146543c0-2fe2-4b9a-a090-01631657bb56" dataRowInfo="6" resultType="DataDrivenDataRow" />
        <UnitTestResult executionId="bcc88658-e131-4a9c-a9a7-f58e4ab44176" parentExecutionId="146543c0-2fe2-4b9a-a090-01631657bb56" testId="d766a059-d96c-7b47-e6a6-34931760df96" testName="all_persons_tenses_passive" computerName="ARPAN-LAP" duration="00:00:00.0325723" startTime="2014-06-29T12:37:27.4365487+05:30" endTime="2014-06-29T12:37:27.4685505+05:30" testType="13cdc9d9-ddb5-4fa4-a97d-d965ccfc6d4b" outcome="Passed" testListId="8c84fa94-04c1-424b-9868-57a2d4851a1d" relativeResultsDirectory="146543c0-2fe2-4b9a-a090-01631657bb56" dataRowInfo="7" resultType="DataDrivenDataRow" />
        <UnitTestResult executionId="bf0cf7b9-837a-44c3-9f55-db86b377bf0d" parentExecutionId="146543c0-2fe2-4b9a-a090-01631657bb56" testId="d766a059-d96c-7b47-e6a6-34931760df96" testName="all_persons_tenses_passive" computerName="ARPAN-LAP" duration="00:00:00.0417788" startTime="2014-06-29T12:37:27.4685505+05:30" endTime="2014-06-29T12:37:27.5105529+05:30" testType="13cdc9d9-ddb5-4fa4-a97d-d965ccfc6d4b" outcome="Passed" testListId="8c84fa94-04c1-424b-9868-57a2d4851a1d" relativeResultsDirectory="146543c0-2fe2-4b9a-a090-01631657bb56" dataRowInfo="8" resultType="DataDrivenDataRow" />
        <UnitTestResult executionId="f0b46231-0c93-4be0-9b02-a7f67e10f5c4" parentExecutionId="146543c0-2fe2-4b9a-a090-01631657bb56" testId="d766a059-d96c-7b47-e6a6-34931760df96" testName="all_persons_tenses_passive" computerName="ARPAN-LAP" duration="00:00:00.0401266" startTime="2014-06-29T12:37:27.5105529+05:30" endTime="2014-06-29T12:37:27.5505552+05:30" testType="13cdc9d9-ddb5-4fa4-a97d-d965ccfc6d4b" outcome="Passed" testListId="8c84fa94-04c1-424b-9868-57a2d4851a1d" relativeResultsDirectory="146543c0-2fe2-4b9a-a090-01631657bb56" dataRowInfo="9" resultType="DataDrivenDataRow" />
      </InnerResults>
    </UnitTestResult>
    <UnitTestResult executionId="0618591d-bbf5-4ed4-b0e8-fd372e8418f3" testId="fe3e63ab-391c-e168-48d0-431b85a7b898" testName="third_person_tenses_active_negation" computerName="ARPAN-LAP" duration="00:00:00.2262758" startTime="2014-06-29T12:37:27.5905575+05:30" endTime="2014-06-29T12:37:27.8615730+05:30" testType="13cdc9d9-ddb5-4fa4-a97d-d965ccfc6d4b" outcome="Passed" testListId="8c84fa94-04c1-424b-9868-57a2d4851a1d" relativeResultsDirectory="0618591d-bbf5-4ed4-b0e8-fd372e8418f3" resultType="DataDrivenTest">
      <Counters error="0" failed="0" timeout="0" aborted="0" inconclusive="0" passedButRunAborted="0" notRunnable="0" notExecuted="0" disconnected="0" warning="0" passed="10" completed="0" inProgress="0" pending="0" />
      <InnerResults>
        <UnitTestResult executionId="8b3e6e19-34f2-4193-874d-52e0cce73ee2" parentExecutionId="0618591d-bbf5-4ed4-b0e8-fd372e8418f3" testId="fe3e63ab-391c-e168-48d0-431b85a7b898" testName="third_person_tenses_active_negation" computerName="ARPAN-LAP" duration="00:00:00.0204980" startTime="2014-06-29T12:37:27.5975579+05:30" endTime="2014-06-29T12:37:27.6175590+05:30" testType="13cdc9d9-ddb5-4fa4-a97d-d965ccfc6d4b" outcome="Passed" testListId="8c84fa94-04c1-424b-9868-57a2d4851a1d" relativeResultsDirectory="0618591d-bbf5-4ed4-b0e8-fd372e8418f3" dataRowInfo="0" resultType="DataDrivenDataRow" />
        <UnitTestResult executionId="1c2bbf85-81b6-4388-b09b-09419082c46a" parentExecutionId="0618591d-bbf5-4ed4-b0e8-fd372e8418f3" testId="fe3e63ab-391c-e168-48d0-431b85a7b898" testName="third_person_tenses_active_negation" computerName="ARPAN-LAP" duration="00:00:00.0205483" startTime="2014-06-29T12:37:27.6175590+05:30" endTime="2014-06-29T12:37:27.6385602+05:30" testType="13cdc9d9-ddb5-4fa4-a97d-d965ccfc6d4b" outcome="Passed" testListId="8c84fa94-04c1-424b-9868-57a2d4851a1d" relativeResultsDirectory="0618591d-bbf5-4ed4-b0e8-fd372e8418f3" dataRowInfo="1" resultType="DataDrivenDataRow" />
        <UnitTestResult executionId="3a126cb7-a3a7-4075-820d-874236c1a759" parentExecutionId="0618591d-bbf5-4ed4-b0e8-fd372e8418f3" testId="fe3e63ab-391c-e168-48d0-431b85a7b898" testName="third_person_tenses_active_negation" computerName="ARPAN-LAP" duration="00:00:00.0227349" startTime="2014-06-29T12:37:27.6385602+05:30" endTime="2014-06-29T12:37:27.6615616+05:30" testType="13cdc9d9-ddb5-4fa4-a97d-d965ccfc6d4b" outcome="Passed" testListId="8c84fa94-04c1-424b-9868-57a2d4851a1d" relativeResultsDirectory="0618591d-bbf5-4ed4-b0e8-fd372e8418f3" dataRowInfo="2" resultType="DataDrivenDataRow" />
        <UnitTestResult executionId="db45d8f0-1220-4de6-8b33-e35b81ff662e" parentExecutionId="0618591d-bbf5-4ed4-b0e8-fd372e8418f3" testId="fe3e63ab-391c-e168-48d0-431b85a7b898" testName="third_person_tenses_active_negation" computerName="ARPAN-LAP" duration="00:00:00.0253320" startTime="2014-06-29T12:37:27.6615616+05:30" endTime="2014-06-29T12:37:27.6865630+05:30" testType="13cdc9d9-ddb5-4fa4-a97d-d965ccfc6d4b" outcome="Passed" testListId="8c84fa94-04c1-424b-9868-57a2d4851a1d" relativeResultsDirectory="0618591d-bbf5-4ed4-b0e8-fd372e8418f3" dataRowInfo="3" resultType="DataDrivenDataRow" />
        <UnitTestResult executionId="71adbe6a-fe71-4b8f-b773-39af3da0e9a9" parentExecutionId="0618591d-bbf5-4ed4-b0e8-fd372e8418f3" testId="fe3e63ab-391c-e168-48d0-431b85a7b898" testName="third_person_tenses_active_negation" computerName="ARPAN-LAP" duration="00:00:00.0197615" startTime="2014-06-29T12:37:27.6865630+05:30" endTime="2014-06-29T12:37:27.7065641+05:30" testType="13cdc9d9-ddb5-4fa4-a97d-d965ccfc6d4b" outcome="Passed" testListId="8c84fa94-04c1-424b-9868-57a2d4851a1d" relativeResultsDirectory="0618591d-bbf5-4ed4-b0e8-fd372e8418f3" dataRowInfo="4" resultType="DataDrivenDataRow" />
        <UnitTestResult executionId="905de211-9eb6-47fc-93ca-0f0f2e36dcef" parentExecutionId="0618591d-bbf5-4ed4-b0e8-fd372e8418f3" testId="fe3e63ab-391c-e168-48d0-431b85a7b898" testName="third_person_tenses_active_negation" computerName="ARPAN-LAP" duration="00:00:00.0217976" startTime="2014-06-29T12:37:27.7065641+05:30" endTime="2014-06-29T12:37:27.7285654+05:30" testType="13cdc9d9-ddb5-4fa4-a97d-d965ccfc6d4b" outcome="Passed" testListId="8c84fa94-04c1-424b-9868-57a2d4851a1d" relativeResultsDirectory="0618591d-bbf5-4ed4-b0e8-fd372e8418f3" dataRowInfo="5" resultType="DataDrivenDataRow" />
        <UnitTestResult executionId="d92ef998-6cad-4b9c-9d06-3f4c28b8ae02" parentExecutionId="0618591d-bbf5-4ed4-b0e8-fd372e8418f3" testId="fe3e63ab-391c-e168-48d0-431b85a7b898" testName="third_person_tenses_active_negation" computerName="ARPAN-LAP" duration="00:00:00.0208096" startTime="2014-06-29T12:37:27.7285654+05:30" endTime="2014-06-29T12:37:27.7495666+05:30" testType="13cdc9d9-ddb5-4fa4-a97d-d965ccfc6d4b" outcome="Passed" testListId="8c84fa94-04c1-424b-9868-57a2d4851a1d" relativeResultsDirectory="0618591d-bbf5-4ed4-b0e8-fd372e8418f3" dataRowInfo="6" resultType="DataDrivenDataRow" />
        <UnitTestResult executionId="a5f330d2-b8bc-4da5-895f-9f1b58c0c979" parentExecutionId="0618591d-bbf5-4ed4-b0e8-fd372e8418f3" testId="fe3e63ab-391c-e168-48d0-431b85a7b898" testName="third_person_tenses_active_negation" computerName="ARPAN-LAP" duration="00:00:00.0248819" startTime="2014-06-29T12:37:27.7495666+05:30" endTime="2014-06-29T12:37:27.7745680+05:30" testType="13cdc9d9-ddb5-4fa4-a97d-d965ccfc6d4b" outcome="Passed" testListId="8c84fa94-04c1-424b-9868-57a2d4851a1d" relativeResultsDirectory="0618591d-bbf5-4ed4-b0e8-fd372e8418f3" dataRowInfo="7" resultType="DataDrivenDataRow" />
        <UnitTestResult executionId="0f1d181e-b636-4526-bbe5-af816e12873c" parentExecutionId="0618591d-bbf5-4ed4-b0e8-fd372e8418f3" testId="fe3e63ab-391c-e168-48d0-431b85a7b898" testName="third_person_tenses_active_negation" computerName="ARPAN-LAP" duration="00:00:00.0217509" startTime="2014-06-29T12:37:27.7745680+05:30" endTime="2014-06-29T12:37:27.7955692+05:30" testType="13cdc9d9-ddb5-4fa4-a97d-d965ccfc6d4b" outcome="Passed" testListId="8c84fa94-04c1-424b-9868-57a2d4851a1d" relativeResultsDirectory="0618591d-bbf5-4ed4-b0e8-fd372e8418f3" dataRowInfo="8" resultType="DataDrivenDataRow" />
        <UnitTestResult executionId="ac7e86be-687a-44ce-93dc-39a40e178f38" parentExecutionId="0618591d-bbf5-4ed4-b0e8-fd372e8418f3" testId="fe3e63ab-391c-e168-48d0-431b85a7b898" testName="third_person_tenses_active_negation" computerName="ARPAN-LAP" duration="00:00:00.0258858" startTime="2014-06-29T12:37:27.7955692+05:30" endTime="2014-06-29T12:37:27.8215707+05:30" testType="13cdc9d9-ddb5-4fa4-a97d-d965ccfc6d4b" outcome="Passed" testListId="8c84fa94-04c1-424b-9868-57a2d4851a1d" relativeResultsDirectory="0618591d-bbf5-4ed4-b0e8-fd372e8418f3" dataRowInfo="9" resultType="DataDrivenDataRow" />
      </InnerResults>
    </UnitTestResult>
  </Results>
</TestRun>