<?xml version="1.0" encoding="UTF-8"?>
<TestRun id="6e383027-1d58-46e5-8338-e49f6c49891e" name="Arghya@ARPAN-LAP 2014-06-25 20:32:04" runUser="ARPAN-LAP\Arghya" xmlns="http://microsoft.com/schemas/VisualStudio/TeamTest/2010">
  <TestSettings name="Default Test Settings" id="1be11f9f-4ff6-49d9-baee-f8e074820666">
    <Deployment userDeploymentRoot="D:\software\Project\BNLP\TestResults" useDefaultDeploymentRoot="false" runDeploymentRoot="Arghya_ARPAN-LAP 2014-06-25 20_32_04" />
    <Execution>
      <TestTypeSpecific />
      <AgentRule name="Execution Agents">
      </AgentRule>
    </Execution>
  </TestSettings>
  <Times creation="2014-06-25T20:32:04.9094990+05:30" queuing="2014-06-25T20:32:05.3205225+05:30" start="2014-06-25T20:32:05.5075332+05:30" finish="2014-06-25T20:32:23.8415818+05:30" />
  <ResultSummary outcome="Failed">
    <Counters total="309" executed="309" passed="302" error="0" failed="7" timeout="0" aborted="0" inconclusive="0" passedButRunAborted="0" notRunnable="0" notExecuted="0" disconnected="0" warning="0" completed="0" inProgress="0" pending="0" />
    <RunInfos>
      <RunInfo computerName="ARPAN-LAP" outcome="Warning" timestamp="2014-06-25T20:32:05.2925209+05:30">
        <Text>Warning: Test Run deployment issue: Failed to get the file for deployment item '..\UnitTest\TestCases\wikipedia.xml' specified by the test 'UnitTest.BnlpTest.RandomWord': System.IO.DirectoryNotFoundException: Could not find a part of the path 'D:\software\Project\UnitTest\TestCases\wikipedia.xml'.</Text>
        <Exception>System.IO.DirectoryNotFoundException: Could not find a part of the path 'D:\software\Project\UnitTest\TestCases\wikipedia.xml'.
   at System.IO.__Error.WinIOError(Int32 errorCode, String maybeFullPath)
   at System.IO.File.GetAttributes(String path)
   at Microsoft.VisualStudio.TestTools.Common.SingleFileProvider.GetFilePaths()
   at Microsoft.VisualStudio.TestTools.TestManagement.DeploymentCoverageItem.GetFiles(TestRunConfiguration runConfig)
   at Microsoft.VisualStudio.TestTools.TestManagement.DeploymentManager.DoDeployment(TestRun run, FileCopyService fileCopyService)</Exception>
      </RunInfo>
      <RunInfo computerName="ARPAN-LAP" outcome="Warning" timestamp="2014-06-25T20:32:05.2925209+05:30">
        <Text>Warning: Test Run deployment issue: Failed to get the file for deployment item '..\UnitTest\TestCases\interrogative_sentences_who.xml' specified by the test 'UnitTest.BnlpTest.interrogative_sentences_who': System.IO.DirectoryNotFoundException: Could not find a part of the path 'D:\software\Project\UnitTest\TestCases\interrogative_sentences_who.xml'.</Text>
        <Exception>System.IO.DirectoryNotFoundException: Could not find a part of the path 'D:\software\Project\UnitTest\TestCases\interrogative_sentences_who.xml'.
   at System.IO.__Error.WinIOError(Int32 errorCode, String maybeFullPath)
   at System.IO.File.GetAttributes(String path)
   at Microsoft.VisualStudio.TestTools.Common.SingleFileProvider.GetFilePaths()
   at Microsoft.VisualStudio.TestTools.TestManagement.DeploymentCoverageItem.GetFiles(TestRunConfiguration runConfig)
   at Microsoft.VisualStudio.TestTools.TestManagement.DeploymentManager.DoDeployment(TestRun run, FileCopyService fileCopyService)</Exception>
      </RunInfo>
      <RunInfo computerName="ARPAN-LAP" outcome="Warning" timestamp="2014-06-25T20:32:05.2965211+05:30">
        <Text>Warning: Test Run deployment issue: Failed to get the file for deployment item '..\UnitTest\TestCases\special_handling_do_verb.xml' specified by the test 'UnitTest.BnlpTest.special_handling_do_verb': System.IO.DirectoryNotFoundException: Could not find a part of the path 'D:\software\Project\UnitTest\TestCases\special_handling_do_verb.xml'.</Text>
        <Exception>System.IO.DirectoryNotFoundException: Could not find a part of the path 'D:\software\Project\UnitTest\TestCases\special_handling_do_verb.xml'.
   at System.IO.__Error.WinIOError(Int32 errorCode, String maybeFullPath)
   at System.IO.File.GetAttributes(String path)
   at Microsoft.VisualStudio.TestTools.Common.SingleFileProvider.GetFilePaths()
   at Microsoft.VisualStudio.TestTools.TestManagement.DeploymentCoverageItem.GetFiles(TestRunConfiguration runConfig)
   at Microsoft.VisualStudio.TestTools.TestManagement.DeploymentManager.DoDeployment(TestRun run, FileCopyService fileCopyService)</Exception>
      </RunInfo>
      <RunInfo computerName="ARPAN-LAP" outcome="Warning" timestamp="2014-06-25T20:32:05.2975212+05:30">
        <Text>Warning: Test Run deployment issue: Failed to get the file for deployment item '..\UnitTest\TestCases\interrogative_sentences_which.xml' specified by the test 'UnitTest.BnlpTest.interrogative_sentences_which': System.IO.DirectoryNotFoundException: Could not find a part of the path 'D:\software\Project\UnitTest\TestCases\interrogative_sentences_which.xml'.</Text>
        <Exception>System.IO.DirectoryNotFoundException: Could not find a part of the path 'D:\software\Project\UnitTest\TestCases\interrogative_sentences_which.xml'.
   at System.IO.__Error.WinIOError(Int32 errorCode, String maybeFullPath)
   at System.IO.File.GetAttributes(String path)
   at Microsoft.VisualStudio.TestTools.Common.SingleFileProvider.GetFilePaths()
   at Microsoft.VisualStudio.TestTools.TestManagement.DeploymentCoverageItem.GetFiles(TestRunConfiguration runConfig)
   at Microsoft.VisualStudio.TestTools.TestManagement.DeploymentManager.DoDeployment(TestRun run, FileCopyService fileCopyService)</Exception>
      </RunInfo>
      <RunInfo computerName="ARPAN-LAP" outcome="Warning" timestamp="2014-06-25T20:32:05.3005214+05:30">
        <Text>Warning: Test Run deployment issue: Failed to get the file for deployment item '..\UnitTest\TestCases\all_persons_modal_should.xml' specified by the test 'UnitTest.BnlpTest.all_persons_modal_should': System.IO.DirectoryNotFoundException: Could not find a part of the path 'D:\software\Project\UnitTest\TestCases\all_persons_modal_should.xml'.</Text>
        <Exception>System.IO.DirectoryNotFoundException: Could not find a part of the path 'D:\software\Project\UnitTest\TestCases\all_persons_modal_should.xml'.
   at System.IO.__Error.WinIOError(Int32 errorCode, String maybeFullPath)
   at System.IO.File.GetAttributes(String path)
   at Microsoft.VisualStudio.TestTools.Common.SingleFileProvider.GetFilePaths()
   at Microsoft.VisualStudio.TestTools.TestManagement.DeploymentCoverageItem.GetFiles(TestRunConfiguration runConfig)
   at Microsoft.VisualStudio.TestTools.TestManagement.DeploymentManager.DoDeployment(TestRun run, FileCopyService fileCopyService)</Exception>
      </RunInfo>
      <RunInfo computerName="ARPAN-LAP" outcome="Warning" timestamp="2014-06-25T20:32:05.3025215+05:30">
        <Text>Warning: Test Run deployment issue: Failed to get the file for deployment item '..\UnitTest\TestCases\third_person_tenses_active.xml' specified by the test 'UnitTest.BnlpTest.third_person_tenses_active': System.IO.DirectoryNotFoundException: Could not find a part of the path 'D:\software\Project\UnitTest\TestCases\third_person_tenses_active.xml'.</Text>
        <Exception>System.IO.DirectoryNotFoundException: Could not find a part of the path 'D:\software\Project\UnitTest\TestCases\third_person_tenses_active.xml'.
   at System.IO.__Error.WinIOError(Int32 errorCode, String maybeFullPath)
   at System.IO.File.GetAttributes(String path)
   at Microsoft.VisualStudio.TestTools.Common.SingleFileProvider.GetFilePaths()
   at Microsoft.VisualStudio.TestTools.TestManagement.DeploymentCoverageItem.GetFiles(TestRunConfiguration runConfig)
   at Microsoft.VisualStudio.TestTools.TestManagement.DeploymentManager.DoDeployment(TestRun run, FileCopyService fileCopyService)</Exception>
      </RunInfo>
      <RunInfo computerName="ARPAN-LAP" outcome="Warning" timestamp="2014-06-25T20:32:05.3035215+05:30">
        <Text>Warning: Test Run deployment issue: Failed to get the file for deployment item '..\UnitTest\TestCases\all_persons_tenses_passive.xml' specified by the test 'UnitTest.BnlpTest.all_persons_tenses_passive': System.IO.DirectoryNotFoundException: Could not find a part of the path 'D:\software\Project\UnitTest\TestCases\all_persons_tenses_passive.xml'.</Text>
        <Exception>System.IO.DirectoryNotFoundException: Could not find a part of the path 'D:\software\Project\UnitTest\TestCases\all_persons_tenses_passive.xml'.
   at System.IO.__Error.WinIOError(Int32 errorCode, String maybeFullPath)
   at System.IO.File.GetAttributes(String path)
   at Microsoft.VisualStudio.TestTools.Common.SingleFileProvider.GetFilePaths()
   at Microsoft.VisualStudio.TestTools.TestManagement.DeploymentCoverageItem.GetFiles(TestRunConfiguration runConfig)
   at Microsoft.VisualStudio.TestTools.TestManagement.DeploymentManager.DoDeployment(TestRun run, FileCopyService fileCopyService)</Exception>
      </RunInfo>
      <RunInfo computerName="ARPAN-LAP" outcome="Warning" timestamp="2014-06-25T20:32:05.3045216+05:30">
        <Text>Warning: Test Run deployment issue: Failed to get the file for deployment item '..\UnitTest\TestCases\interrogative_sentences_aux.xml' specified by the test 'UnitTest.BnlpTest.interrogative_sentences_aux': System.IO.DirectoryNotFoundException: Could not find a part of the path 'D:\software\Project\UnitTest\TestCases\interrogative_sentences_aux.xml'.</Text>
        <Exception>System.IO.DirectoryNotFoundException: Could not find a part of the path 'D:\software\Project\UnitTest\TestCases\interrogative_sentences_aux.xml'.
   at System.IO.__Error.WinIOError(Int32 errorCode, String maybeFullPath)
   at System.IO.File.GetAttributes(String path)
   at Microsoft.VisualStudio.TestTools.Common.SingleFileProvider.GetFilePaths()
   at Microsoft.VisualStudio.TestTools.TestManagement.DeploymentCoverageItem.GetFiles(TestRunConfiguration runConfig)
   at Microsoft.VisualStudio.TestTools.TestManagement.DeploymentManager.DoDeployment(TestRun run, FileCopyService fileCopyService)</Exception>
      </RunInfo>
      <RunInfo computerName="ARPAN-LAP" outcome="Warning" timestamp="2014-06-25T20:32:05.3045216+05:30">
        <Text>Warning: Test Run deployment issue: Failed to get the file for deployment item '..\UnitTest\TestCases\second_person_tenses_active_negation.xml' specified by the test 'UnitTest.BnlpTest.second_person_tenses_active_negation': System.IO.DirectoryNotFoundException: Could not find a part of the path 'D:\software\Project\UnitTest\TestCases\second_person_tenses_active_negation.xml'.</Text>
        <Exception>System.IO.DirectoryNotFoundException: Could not find a part of the path 'D:\software\Project\UnitTest\TestCases\second_person_tenses_active_negation.xml'.
   at System.IO.__Error.WinIOError(Int32 errorCode, String maybeFullPath)
   at System.IO.File.GetAttributes(String path)
   at Microsoft.VisualStudio.TestTools.Common.SingleFileProvider.GetFilePaths()
   at Microsoft.VisualStudio.TestTools.TestManagement.DeploymentCoverageItem.GetFiles(TestRunConfiguration runConfig)
   at Microsoft.VisualStudio.TestTools.TestManagement.DeploymentManager.DoDeployment(TestRun run, FileCopyService fileCopyService)</Exception>
      </RunInfo>
      <RunInfo computerName="ARPAN-LAP" outcome="Warning" timestamp="2014-06-25T20:32:05.3055216+05:30">
        <Text>Warning: Test Run deployment issue: Failed to get the file for deployment item '..\UnitTest\TestCases\interrogative_sentences_where.xml' specified by the test 'UnitTest.BnlpTest.interrogative_sentences_where': System.IO.DirectoryNotFoundException: Could not find a part of the path 'D:\software\Project\UnitTest\TestCases\interrogative_sentences_where.xml'.</Text>
        <Exception>System.IO.DirectoryNotFoundException: Could not find a part of the path 'D:\software\Project\UnitTest\TestCases\interrogative_sentences_where.xml'.
   at System.IO.__Error.WinIOError(Int32 errorCode, String maybeFullPath)
   at System.IO.File.GetAttributes(String path)
   at Microsoft.VisualStudio.TestTools.Common.SingleFileProvider.GetFilePaths()
   at Microsoft.VisualStudio.TestTools.TestManagement.DeploymentCoverageItem.GetFiles(TestRunConfiguration runConfig)
   at Microsoft.VisualStudio.TestTools.TestManagement.DeploymentManager.DoDeployment(TestRun run, FileCopyService fileCopyService)</Exception>
      </RunInfo>
      <RunInfo computerName="ARPAN-LAP" outcome="Warning" timestamp="2014-06-25T20:32:05.3065217+05:30">
        <Text>Warning: Test Run deployment issue: Failed to get the file for deployment item '..\UnitTest\TestCases\prepositions_made_with_three_words.xml' specified by the test 'UnitTest.BnlpTest.prepositions_made_with_three_words': System.IO.DirectoryNotFoundException: Could not find a part of the path 'D:\software\Project\UnitTest\TestCases\prepositions_made_with_three_words.xml'.</Text>
        <Exception>System.IO.DirectoryNotFoundException: Could not find a part of the path 'D:\software\Project\UnitTest\TestCases\prepositions_made_with_three_words.xml'.
   at System.IO.__Error.WinIOError(Int32 errorCode, String maybeFullPath)
   at System.IO.File.GetAttributes(String path)
   at Microsoft.VisualStudio.TestTools.Common.SingleFileProvider.GetFilePaths()
   at Microsoft.VisualStudio.TestTools.TestManagement.DeploymentCoverageItem.GetFiles(TestRunConfiguration runConfig)
   at Microsoft.VisualStudio.TestTools.TestManagement.DeploymentManager.DoDeployment(TestRun run, FileCopyService fileCopyService)</Exception>
      </RunInfo>
      <RunInfo computerName="ARPAN-LAP" outcome="Warning" timestamp="2014-06-25T20:32:05.3075218+05:30">
        <Text>Warning: Test Run deployment issue: Failed to get the file for deployment item '..\UnitTest\TestCases\interrogative_sentences_what.xml' specified by the test 'UnitTest.BnlpTest.interrogative_sentences_what': System.IO.DirectoryNotFoundException: Could not find a part of the path 'D:\software\Project\UnitTest\TestCases\interrogative_sentences_what.xml'.</Text>
        <Exception>System.IO.DirectoryNotFoundException: Could not find a part of the path 'D:\software\Project\UnitTest\TestCases\interrogative_sentences_what.xml'.
   at System.IO.__Error.WinIOError(Int32 errorCode, String maybeFullPath)
   at System.IO.File.GetAttributes(String path)
   at Microsoft.VisualStudio.TestTools.Common.SingleFileProvider.GetFilePaths()
   at Microsoft.VisualStudio.TestTools.TestManagement.DeploymentCoverageItem.GetFiles(TestRunConfiguration runConfig)
   at Microsoft.VisualStudio.TestTools.TestManagement.DeploymentManager.DoDeployment(TestRun run, FileCopyService fileCopyService)</Exception>
      </RunInfo>
      <RunInfo computerName="ARPAN-LAP" outcome="Warning" timestamp="2014-06-25T20:32:05.3085218+05:30">
        <Text>Warning: Test Run deployment issue: Failed to get the file for deployment item '..\UnitTest\TestCases\interrogative_sentences_how.xml' specified by the test 'UnitTest.BnlpTest.interrogative_sentences_how': System.IO.DirectoryNotFoundException: Could not find a part of the path 'D:\software\Project\UnitTest\TestCases\interrogative_sentences_how.xml'.</Text>
        <Exception>System.IO.DirectoryNotFoundException: Could not find a part of the path 'D:\software\Project\UnitTest\TestCases\interrogative_sentences_how.xml'.
   at System.IO.__Error.WinIOError(Int32 errorCode, String maybeFullPath)
   at System.IO.File.GetAttributes(String path)
   at Microsoft.VisualStudio.TestTools.Common.SingleFileProvider.GetFilePaths()
   at Microsoft.VisualStudio.TestTools.TestManagement.DeploymentCoverageItem.GetFiles(TestRunConfiguration runConfig)
   at Microsoft.VisualStudio.TestTools.TestManagement.DeploymentManager.DoDeployment(TestRun run, FileCopyService fileCopyService)</Exception>
      </RunInfo>
      <RunInfo computerName="ARPAN-LAP" outcome="Warning" timestamp="2014-06-25T20:32:05.3095219+05:30">
        <Text>Warning: Test Run deployment issue: Failed to get the file for deployment item '..\UnitTest\TestCases\interrogative_sentences_whom.xml' specified by the test 'UnitTest.BnlpTest.interrogative_sentences_whom': System.IO.DirectoryNotFoundException: Could not find a part of the path 'D:\software\Project\UnitTest\TestCases\interrogative_sentences_whom.xml'.</Text>
        <Exception>System.IO.DirectoryNotFoundException: Could not find a part of the path 'D:\software\Project\UnitTest\TestCases\interrogative_sentences_whom.xml'.
   at System.IO.__Error.WinIOError(Int32 errorCode, String maybeFullPath)
   at System.IO.File.GetAttributes(String path)
   at Microsoft.VisualStudio.TestTools.Common.SingleFileProvider.GetFilePaths()
   at Microsoft.VisualStudio.TestTools.TestManagement.DeploymentCoverageItem.GetFiles(TestRunConfiguration runConfig)
   at Microsoft.VisualStudio.TestTools.TestManagement.DeploymentManager.DoDeployment(TestRun run, FileCopyService fileCopyService)</Exception>
      </RunInfo>
      <RunInfo computerName="ARPAN-LAP" outcome="Warning" timestamp="2014-06-25T20:32:05.3105219+05:30">
        <Text>Warning: Test Run deployment issue: Failed to get the file for deployment item '..\UnitTest\TestCases\second_person_tenses_active.xml' specified by the test 'UnitTest.BnlpTest.second_person_tenses_active': System.IO.DirectoryNotFoundException: Could not find a part of the path 'D:\software\Project\UnitTest\TestCases\second_person_tenses_active.xml'.</Text>
        <Exception>System.IO.DirectoryNotFoundException: Could not find a part of the path 'D:\software\Project\UnitTest\TestCases\second_person_tenses_active.xml'.
   at System.IO.__Error.WinIOError(Int32 errorCode, String maybeFullPath)
   at System.IO.File.GetAttributes(String path)
   at Microsoft.VisualStudio.TestTools.Common.SingleFileProvider.GetFilePaths()
   at Microsoft.VisualStudio.TestTools.TestManagement.DeploymentCoverageItem.GetFiles(TestRunConfiguration runConfig)
   at Microsoft.VisualStudio.TestTools.TestManagement.DeploymentManager.DoDeployment(TestRun run, FileCopyService fileCopyService)</Exception>
      </RunInfo>
      <RunInfo computerName="ARPAN-LAP" outcome="Warning" timestamp="2014-06-25T20:32:05.3105219+05:30">
        <Text>Warning: Test Run deployment issue: Failed to get the file for deployment item '..\UnitTest\TestCases\all_persons_modal_should_negation.xml' specified by the test 'UnitTest.BnlpTest.all_persons_modal_should_negation': System.IO.DirectoryNotFoundException: Could not find a part of the path 'D:\software\Project\UnitTest\TestCases\all_persons_modal_should_negation.xml'.</Text>
        <Exception>System.IO.DirectoryNotFoundException: Could not find a part of the path 'D:\software\Project\UnitTest\TestCases\all_persons_modal_should_negation.xml'.
   at System.IO.__Error.WinIOError(Int32 errorCode, String maybeFullPath)
   at System.IO.File.GetAttributes(String path)
   at Microsoft.VisualStudio.TestTools.Common.SingleFileProvider.GetFilePaths()
   at Microsoft.VisualStudio.TestTools.TestManagement.DeploymentCoverageItem.GetFiles(TestRunConfiguration runConfig)
   at Microsoft.VisualStudio.TestTools.TestManagement.DeploymentManager.DoDeployment(TestRun run, FileCopyService fileCopyService)</Exception>
      </RunInfo>
      <RunInfo computerName="ARPAN-LAP" outcome="Warning" timestamp="2014-06-25T20:32:05.3115220+05:30">
        <Text>Warning: Test Run deployment issue: Failed to get the file for deployment item '..\UnitTest\TestCases\first_person_tenses_active_negation.xml' specified by the test 'UnitTest.BnlpTest.first_person_tenses_active_negation': System.IO.DirectoryNotFoundException: Could not find a part of the path 'D:\software\Project\UnitTest\TestCases\first_person_tenses_active_negation.xml'.</Text>
        <Exception>System.IO.DirectoryNotFoundException: Could not find a part of the path 'D:\software\Project\UnitTest\TestCases\first_person_tenses_active_negation.xml'.
   at System.IO.__Error.WinIOError(Int32 errorCode, String maybeFullPath)
   at System.IO.File.GetAttributes(String path)
   at Microsoft.VisualStudio.TestTools.Common.SingleFileProvider.GetFilePaths()
   at Microsoft.VisualStudio.TestTools.TestManagement.DeploymentCoverageItem.GetFiles(TestRunConfiguration runConfig)
   at Microsoft.VisualStudio.TestTools.TestManagement.DeploymentManager.DoDeployment(TestRun run, FileCopyService fileCopyService)</Exception>
      </RunInfo>
      <RunInfo computerName="ARPAN-LAP" outcome="Warning" timestamp="2014-06-25T20:32:05.3125220+05:30">
        <Text>Warning: Test Run deployment issue: Failed to get the file for deployment item '..\UnitTest\TestCases\all_persons_modal_can_may_negation.xml' specified by the test 'UnitTest.BnlpTest.all_persons_modal_can_may_negation': System.IO.DirectoryNotFoundException: Could not find a part of the path 'D:\software\Project\UnitTest\TestCases\all_persons_modal_can_may_negation.xml'.</Text>
        <Exception>System.IO.DirectoryNotFoundException: Could not find a part of the path 'D:\software\Project\UnitTest\TestCases\all_persons_modal_can_may_negation.xml'.
   at System.IO.__Error.WinIOError(Int32 errorCode, String maybeFullPath)
   at System.IO.File.GetAttributes(String path)
   at Microsoft.VisualStudio.TestTools.Common.SingleFileProvider.GetFilePaths()
   at Microsoft.VisualStudio.TestTools.TestManagement.DeploymentCoverageItem.GetFiles(TestRunConfiguration runConfig)
   at Microsoft.VisualStudio.TestTools.TestManagement.DeploymentManager.DoDeployment(TestRun run, FileCopyService fileCopyService)</Exception>
      </RunInfo>
      <RunInfo computerName="ARPAN-LAP" outcome="Warning" timestamp="2014-06-25T20:32:05.3135221+05:30">
        <Text>Warning: Test Run deployment issue: Failed to get the file for deployment item '..\UnitTest\TestCases\third_person_tenses_active_negation.xml' specified by the test 'UnitTest.BnlpTest.third_person_tenses_active_negation': System.IO.DirectoryNotFoundException: Could not find a part of the path 'D:\software\Project\UnitTest\TestCases\third_person_tenses_active_negation.xml'.</Text>
        <Exception>System.IO.DirectoryNotFoundException: Could not find a part of the path 'D:\software\Project\UnitTest\TestCases\third_person_tenses_active_negation.xml'.
   at System.IO.__Error.WinIOError(Int32 errorCode, String maybeFullPath)
   at System.IO.File.GetAttributes(String path)
   at Microsoft.VisualStudio.TestTools.Common.SingleFileProvider.GetFilePaths()
   at Microsoft.VisualStudio.TestTools.TestManagement.DeploymentCoverageItem.GetFiles(TestRunConfiguration runConfig)
   at Microsoft.VisualStudio.TestTools.TestManagement.DeploymentManager.DoDeployment(TestRun run, FileCopyService fileCopyService)</Exception>
      </RunInfo>
      <RunInfo computerName="ARPAN-LAP" outcome="Warning" timestamp="2014-06-25T20:32:05.3145222+05:30">
        <Text>Warning: Test Run deployment issue: Failed to get the file for deployment item '..\UnitTest\TestCases\interrogative_sentences_do.xml' specified by the test 'UnitTest.BnlpTest.interrogative_sentences_do': System.IO.DirectoryNotFoundException: Could not find a part of the path 'D:\software\Project\UnitTest\TestCases\interrogative_sentences_do.xml'.</Text>
        <Exception>System.IO.DirectoryNotFoundException: Could not find a part of the path 'D:\software\Project\UnitTest\TestCases\interrogative_sentences_do.xml'.
   at System.IO.__Error.WinIOError(Int32 errorCode, String maybeFullPath)
   at System.IO.File.GetAttributes(String path)
   at Microsoft.VisualStudio.TestTools.Common.SingleFileProvider.GetFilePaths()
   at Microsoft.VisualStudio.TestTools.TestManagement.DeploymentCoverageItem.GetFiles(TestRunConfiguration runConfig)
   at Microsoft.VisualStudio.TestTools.TestManagement.DeploymentManager.DoDeployment(TestRun run, FileCopyService fileCopyService)</Exception>
      </RunInfo>
      <RunInfo computerName="ARPAN-LAP" outcome="Warning" timestamp="2014-06-25T20:32:05.3155222+05:30">
        <Text>Warning: Test Run deployment issue: Failed to get the file for deployment item '..\UnitTest\TestCases\auxiliary_verbs_as_main_verbs.xml' specified by the test 'UnitTest.BnlpTest.auxiliary_verbs_as_main_verbs': System.IO.DirectoryNotFoundException: Could not find a part of the path 'D:\software\Project\UnitTest\TestCases\auxiliary_verbs_as_main_verbs.xml'.</Text>
        <Exception>System.IO.DirectoryNotFoundException: Could not find a part of the path 'D:\software\Project\UnitTest\TestCases\auxiliary_verbs_as_main_verbs.xml'.
   at System.IO.__Error.WinIOError(Int32 errorCode, String maybeFullPath)
   at System.IO.File.GetAttributes(String path)
   at Microsoft.VisualStudio.TestTools.Common.SingleFileProvider.GetFilePaths()
   at Microsoft.VisualStudio.TestTools.TestManagement.DeploymentCoverageItem.GetFiles(TestRunConfiguration runConfig)
   at Microsoft.VisualStudio.TestTools.TestManagement.DeploymentManager.DoDeployment(TestRun run, FileCopyService fileCopyService)</Exception>
      </RunInfo>
      <RunInfo computerName="ARPAN-LAP" outcome="Warning" timestamp="2014-06-25T20:32:05.3155222+05:30">
        <Text>Warning: Test Run deployment issue: Failed to get the file for deployment item '..\UnitTest\TestCases\all_persons_tenses_passive_negation.xml' specified by the test 'UnitTest.BnlpTest.all_persons_tenses_passive_negation': System.IO.DirectoryNotFoundException: Could not find a part of the path 'D:\software\Project\UnitTest\TestCases\all_persons_tenses_passive_negation.xml'.</Text>
        <Exception>System.IO.DirectoryNotFoundException: Could not find a part of the path 'D:\software\Project\UnitTest\TestCases\all_persons_tenses_passive_negation.xml'.
   at System.IO.__Error.WinIOError(Int32 errorCode, String maybeFullPath)
   at System.IO.File.GetAttributes(String path)
   at Microsoft.VisualStudio.TestTools.Common.SingleFileProvider.GetFilePaths()
   at Microsoft.VisualStudio.TestTools.TestManagement.DeploymentCoverageItem.GetFiles(TestRunConfiguration runConfig)
   at Microsoft.VisualStudio.TestTools.TestManagement.DeploymentManager.DoDeployment(TestRun run, FileCopyService fileCopyService)</Exception>
      </RunInfo>
      <RunInfo computerName="ARPAN-LAP" outcome="Warning" timestamp="2014-06-25T20:32:05.3165223+05:30">
        <Text>Warning: Test Run deployment issue: Failed to get the file for deployment item '..\UnitTest\TestCases\prepositions_made_with_two_words.xml' specified by the test 'UnitTest.BnlpTest.prepositions_made_with_two_words': System.IO.DirectoryNotFoundException: Could not find a part of the path 'D:\software\Project\UnitTest\TestCases\prepositions_made_with_two_words.xml'.</Text>
        <Exception>System.IO.DirectoryNotFoundException: Could not find a part of the path 'D:\software\Project\UnitTest\TestCases\prepositions_made_with_two_words.xml'.
   at System.IO.__Error.WinIOError(Int32 errorCode, String maybeFullPath)
   at System.IO.File.GetAttributes(String path)
   at Microsoft.VisualStudio.TestTools.Common.SingleFileProvider.GetFilePaths()
   at Microsoft.VisualStudio.TestTools.TestManagement.DeploymentCoverageItem.GetFiles(TestRunConfiguration runConfig)
   at Microsoft.VisualStudio.TestTools.TestManagement.DeploymentManager.DoDeployment(TestRun run, FileCopyService fileCopyService)</Exception>
      </RunInfo>
      <RunInfo computerName="ARPAN-LAP" outcome="Warning" timestamp="2014-06-25T20:32:05.3175223+05:30">
        <Text>Warning: Test Run deployment issue: Failed to get the file for deployment item '..\UnitTest\TestCases\first_person_tenses_active.xml' specified by the test 'UnitTest.BnlpTest.first_person_tenses_active': System.IO.DirectoryNotFoundException: Could not find a part of the path 'D:\software\Project\UnitTest\TestCases\first_person_tenses_active.xml'.</Text>
        <Exception>System.IO.DirectoryNotFoundException: Could not find a part of the path 'D:\software\Project\UnitTest\TestCases\first_person_tenses_active.xml'.
   at System.IO.__Error.WinIOError(Int32 errorCode, String maybeFullPath)
   at System.IO.File.GetAttributes(String path)
   at Microsoft.VisualStudio.TestTools.Common.SingleFileProvider.GetFilePaths()
   at Microsoft.VisualStudio.TestTools.TestManagement.DeploymentCoverageItem.GetFiles(TestRunConfiguration runConfig)
   at Microsoft.VisualStudio.TestTools.TestManagement.DeploymentManager.DoDeployment(TestRun run, FileCopyService fileCopyService)</Exception>
      </RunInfo>
      <RunInfo computerName="ARPAN-LAP" outcome="Warning" timestamp="2014-06-25T20:32:05.3185224+05:30">
        <Text>Warning: Test Run deployment issue: Failed to get the file for deployment item '..\UnitTest\TestCases\interrogative_sentences_why.xml' specified by the test 'UnitTest.BnlpTest.interrogative_sentences_why': System.IO.DirectoryNotFoundException: Could not find a part of the path 'D:\software\Project\UnitTest\TestCases\interrogative_sentences_why.xml'.</Text>
        <Exception>System.IO.DirectoryNotFoundException: Could not find a part of the path 'D:\software\Project\UnitTest\TestCases\interrogative_sentences_why.xml'.
   at System.IO.__Error.WinIOError(Int32 errorCode, String maybeFullPath)
   at System.IO.File.GetAttributes(String path)
   at Microsoft.VisualStudio.TestTools.Common.SingleFileProvider.GetFilePaths()
   at Microsoft.VisualStudio.TestTools.TestManagement.DeploymentCoverageItem.GetFiles(TestRunConfiguration runConfig)
   at Microsoft.VisualStudio.TestTools.TestManagement.DeploymentManager.DoDeployment(TestRun run, FileCopyService fileCopyService)</Exception>
      </RunInfo>
      <RunInfo computerName="ARPAN-LAP" outcome="Warning" timestamp="2014-06-25T20:32:05.3195224+05:30">
        <Text>Warning: Test Run deployment issue: Failed to get the file for deployment item '..\UnitTest\TestCases\all_persons_modal_can_may.xml' specified by the test 'UnitTest.BnlpTest.all_persons_modal_can_may': System.IO.DirectoryNotFoundException: Could not find a part of the path 'D:\software\Project\UnitTest\TestCases\all_persons_modal_can_may.xml'.</Text>
        <Exception>System.IO.DirectoryNotFoundException: Could not find a part of the path 'D:\software\Project\UnitTest\TestCases\all_persons_modal_can_may.xml'.
   at System.IO.__Error.WinIOError(Int32 errorCode, String maybeFullPath)
   at System.IO.File.GetAttributes(String path)
   at Microsoft.VisualStudio.TestTools.Common.SingleFileProvider.GetFilePaths()
   at Microsoft.VisualStudio.TestTools.TestManagement.DeploymentCoverageItem.GetFiles(TestRunConfiguration runConfig)
   at Microsoft.VisualStudio.TestTools.TestManagement.DeploymentManager.DoDeployment(TestRun run, FileCopyService fileCopyService)</Exception>
      </RunInfo>
    </RunInfos>
  </ResultSummary>
  <TestDefinitions>
    <UnitTest name="prepositions_made_with_three_words" storage="d:\software\project\bnlp\unittest\bin\debug\unittest.dll" id="0f33848d-a900-d644-7498-2526887b5425">
      <DeploymentItems>
        <DeploymentItem filename="..\UnitTest\TestCases\prepositions_made_with_three_words.xml" />
      </DeploymentItems>
      <Execution id="71532c43-aed9-4483-a98c-3c098efb5a69" />
      <TestMethod codeBase="D:/software/Project/BNLP/UnitTest/bin/Debug/UnitTest.DLL" adapterTypeName="Microsoft.VisualStudio.TestTools.TestTypes.Unit.UnitTestAdapter, Microsoft.VisualStudio.QualityTools.Tips.UnitTest.Adapter, Version=10.0.0.0, Culture=neutral, PublicKeyToken=b03f5f7f11d50a3a" className="UnitTest.BnlpTest, UnitTest, Version=1.0.0.0, Culture=neutral, PublicKeyToken=null" name="prepositions_made_with_three_words" />
      <DataSource connectionString="|DataDirectory|\TestCases\prepositions_made_with_three_words.xml" providerInvariantName="Microsoft.VisualStudio.TestTools.DataSource.XML" tableName="sentence" />
    </UnitTest>
    <UnitTest name="first_person_tenses_active" storage="d:\software\project\bnlp\unittest\bin\debug\unittest.dll" id="921e6ab0-d7c2-6005-e523-6fd2d5e1a723">
      <DeploymentItems>
        <DeploymentItem filename="..\UnitTest\TestCases\first_person_tenses_active.xml" />
      </DeploymentItems>
      <Execution id="977978cf-3ae0-4463-8fe2-39e6c9b9da2c" />
      <TestMethod codeBase="D:/software/Project/BNLP/UnitTest/bin/Debug/UnitTest.DLL" adapterTypeName="Microsoft.VisualStudio.TestTools.TestTypes.Unit.UnitTestAdapter, Microsoft.VisualStudio.QualityTools.Tips.UnitTest.Adapter, Version=10.0.0.0, Culture=neutral, PublicKeyToken=b03f5f7f11d50a3a" className="UnitTest.BnlpTest, UnitTest, Version=1.0.0.0, Culture=neutral, PublicKeyToken=null" name="first_person_tenses_active" />
      <DataSource connectionString="|DataDirectory|\TestCases\first_person_tenses_active.xml" providerInvariantName="Microsoft.VisualStudio.TestTools.DataSource.XML" tableName="sentence" />
    </UnitTest>
    <UnitTest name="interrogative_sentences_what" storage="d:\software\project\bnlp\unittest\bin\debug\unittest.dll" id="7f7910d1-dc89-39b4-b4cf-d9e6d7af9420">
      <DeploymentItems>
        <DeploymentItem filename="..\UnitTest\TestCases\interrogative_sentences_what.xml" />
      </DeploymentItems>
      <Execution id="a5835324-1f1a-4e46-afa6-34d50ba4f302" />
      <TestMethod codeBase="D:/software/Project/BNLP/UnitTest/bin/Debug/UnitTest.DLL" adapterTypeName="Microsoft.VisualStudio.TestTools.TestTypes.Unit.UnitTestAdapter, Microsoft.VisualStudio.QualityTools.Tips.UnitTest.Adapter, Version=10.0.0.0, Culture=neutral, PublicKeyToken=b03f5f7f11d50a3a" className="UnitTest.BnlpTest, UnitTest, Version=1.0.0.0, Culture=neutral, PublicKeyToken=null" name="interrogative_sentences_what" />
      <DataSource connectionString="|DataDirectory|\TestCases\interrogative_sentences_what.xml" providerInvariantName="Microsoft.VisualStudio.TestTools.DataSource.XML" tableName="sentence" />
    </UnitTest>
    <UnitTest name="all_persons_modal_should_negation" storage="d:\software\project\bnlp\unittest\bin\debug\unittest.dll" id="9319d01e-de3e-d310-c76e-cae8dce4c924">
      <DeploymentItems>
        <DeploymentItem filename="..\UnitTest\TestCases\all_persons_modal_should_negation.xml" />
      </DeploymentItems>
      <Execution id="d1f4d8da-fd56-45fd-bcca-774c68919a12" />
      <TestMethod codeBase="D:/software/Project/BNLP/UnitTest/bin/Debug/UnitTest.DLL" adapterTypeName="Microsoft.VisualStudio.TestTools.TestTypes.Unit.UnitTestAdapter, Microsoft.VisualStudio.QualityTools.Tips.UnitTest.Adapter, Version=10.0.0.0, Culture=neutral, PublicKeyToken=b03f5f7f11d50a3a" className="UnitTest.BnlpTest, UnitTest, Version=1.0.0.0, Culture=neutral, PublicKeyToken=null" name="all_persons_modal_should_negation" />
      <DataSource connectionString="|DataDirectory|\TestCases\all_persons_modal_should_negation.xml" providerInvariantName="Microsoft.VisualStudio.TestTools.DataSource.XML" tableName="sentence" />
    </UnitTest>
    <UnitTest name="prepositions_made_with_two_words" storage="d:\software\project\bnlp\unittest\bin\debug\unittest.dll" id="0f337a75-1a2d-d9c3-6c5f-23ed2604b69d">
      <DeploymentItems>
        <DeploymentItem filename="..\UnitTest\TestCases\prepositions_made_with_two_words.xml" />
      </DeploymentItems>
      <Execution id="69a3e3e4-4977-4c3b-81be-42f6e0b9f02c" />
      <TestMethod codeBase="D:/software/Project/BNLP/UnitTest/bin/Debug/UnitTest.DLL" adapterTypeName="Microsoft.VisualStudio.TestTools.TestTypes.Unit.UnitTestAdapter, Microsoft.VisualStudio.QualityTools.Tips.UnitTest.Adapter, Version=10.0.0.0, Culture=neutral, PublicKeyToken=b03f5f7f11d50a3a" className="UnitTest.BnlpTest, UnitTest, Version=1.0.0.0, Culture=neutral, PublicKeyToken=null" name="prepositions_made_with_two_words" />
      <DataSource connectionString="|DataDirectory|\TestCases\prepositions_made_with_two_words.xml" providerInvariantName="Microsoft.VisualStudio.TestTools.DataSource.XML" tableName="sentence" />
    </UnitTest>
    <UnitTest name="interrogative_sentences_do" storage="d:\software\project\bnlp\unittest\bin\debug\unittest.dll" id="1d63c318-78a9-9011-f5c0-0b01884a2881">
      <DeploymentItems>
        <DeploymentItem filename="..\UnitTest\TestCases\interrogative_sentences_do.xml" />
      </DeploymentItems>
      <Execution id="9506ed93-6d9f-4fdc-9c9d-9160a6d3061f" />
      <TestMethod codeBase="D:/software/Project/BNLP/UnitTest/bin/Debug/UnitTest.DLL" adapterTypeName="Microsoft.VisualStudio.TestTools.TestTypes.Unit.UnitTestAdapter, Microsoft.VisualStudio.QualityTools.Tips.UnitTest.Adapter, Version=10.0.0.0, Culture=neutral, PublicKeyToken=b03f5f7f11d50a3a" className="UnitTest.BnlpTest, UnitTest, Version=1.0.0.0, Culture=neutral, PublicKeyToken=null" name="interrogative_sentences_do" />
      <DataSource connectionString="|DataDirectory|\TestCases\interrogative_sentences_do.xml" providerInvariantName="Microsoft.VisualStudio.TestTools.DataSource.XML" tableName="sentence" />
    </UnitTest>
    <UnitTest name="all_persons_tenses_passive_negation" storage="d:\software\project\bnlp\unittest\bin\debug\unittest.dll" id="bdfe92b2-f4ac-73a5-f13d-5c1ea13721b4">
      <DeploymentItems>
        <DeploymentItem filename="..\UnitTest\TestCases\all_persons_tenses_passive_negation.xml" />
      </DeploymentItems>
      <Execution id="5058dc1d-9bed-4e41-b37b-f30f44e5f72e" />
      <TestMethod codeBase="D:/software/Project/BNLP/UnitTest/bin/Debug/UnitTest.DLL" adapterTypeName="Microsoft.VisualStudio.TestTools.TestTypes.Unit.UnitTestAdapter, Microsoft.VisualStudio.QualityTools.Tips.UnitTest.Adapter, Version=10.0.0.0, Culture=neutral, PublicKeyToken=b03f5f7f11d50a3a" className="UnitTest.BnlpTest, UnitTest, Version=1.0.0.0, Culture=neutral, PublicKeyToken=null" name="all_persons_tenses_passive_negation" />
      <DataSource connectionString="|DataDirectory|\TestCases\all_persons_tenses_passive_negation.xml" providerInvariantName="Microsoft.VisualStudio.TestTools.DataSource.XML" tableName="sentence" />
    </UnitTest>
    <UnitTest name="third_person_tenses_active_negation" storage="d:\software\project\bnlp\unittest\bin\debug\unittest.dll" id="fe3e63ab-391c-e168-48d0-431b85a7b898">
      <DeploymentItems>
        <DeploymentItem filename="..\UnitTest\TestCases\third_person_tenses_active_negation.xml" />
      </DeploymentItems>
      <Execution id="209dc8fe-007e-4a5b-a76d-62c3e641416e" />
      <TestMethod codeBase="D:/software/Project/BNLP/UnitTest/bin/Debug/UnitTest.DLL" adapterTypeName="Microsoft.VisualStudio.TestTools.TestTypes.Unit.UnitTestAdapter, Microsoft.VisualStudio.QualityTools.Tips.UnitTest.Adapter, Version=10.0.0.0, Culture=neutral, PublicKeyToken=b03f5f7f11d50a3a" className="UnitTest.BnlpTest, UnitTest, Version=1.0.0.0, Culture=neutral, PublicKeyToken=null" name="third_person_tenses_active_negation" />
      <DataSource connectionString="|DataDirectory|\TestCases\third_person_tenses_active_negation.xml" providerInvariantName="Microsoft.VisualStudio.TestTools.DataSource.XML" tableName="sentence" />
    </UnitTest>
    <UnitTest name="all_persons_modal_should" storage="d:\software\project\bnlp\unittest\bin\debug\unittest.dll" id="783915fe-114a-e353-78dd-56e92a60f942">
      <DeploymentItems>
        <DeploymentItem filename="..\UnitTest\TestCases\all_persons_modal_should.xml" />
      </DeploymentItems>
      <Execution id="38632ea4-a72a-4cfd-8a61-1516df309412" />
      <TestMethod codeBase="D:/software/Project/BNLP/UnitTest/bin/Debug/UnitTest.DLL" adapterTypeName="Microsoft.VisualStudio.TestTools.TestTypes.Unit.UnitTestAdapter, Microsoft.VisualStudio.QualityTools.Tips.UnitTest.Adapter, Version=10.0.0.0, Culture=neutral, PublicKeyToken=b03f5f7f11d50a3a" className="UnitTest.BnlpTest, UnitTest, Version=1.0.0.0, Culture=neutral, PublicKeyToken=null" name="all_persons_modal_should" />
      <DataSource connectionString="|DataDirectory|\TestCases\all_persons_modal_should.xml" providerInvariantName="Microsoft.VisualStudio.TestTools.DataSource.XML" tableName="sentence" />
    </UnitTest>
    <UnitTest name="second_person_tenses_active" storage="d:\software\project\bnlp\unittest\bin\debug\unittest.dll" id="30ab3285-6a8c-14d2-9725-bd60892ccd90">
      <DeploymentItems>
        <DeploymentItem filename="..\UnitTest\TestCases\second_person_tenses_active.xml" />
      </DeploymentItems>
      <Execution id="42f941b3-0b56-4188-bee4-00b2e3e60d9c" />
      <TestMethod codeBase="D:/software/Project/BNLP/UnitTest/bin/Debug/UnitTest.DLL" adapterTypeName="Microsoft.VisualStudio.TestTools.TestTypes.Unit.UnitTestAdapter, Microsoft.VisualStudio.QualityTools.Tips.UnitTest.Adapter, Version=10.0.0.0, Culture=neutral, PublicKeyToken=b03f5f7f11d50a3a" className="UnitTest.BnlpTest, UnitTest, Version=1.0.0.0, Culture=neutral, PublicKeyToken=null" name="second_person_tenses_active" />
      <DataSource connectionString="|DataDirectory|\TestCases\second_person_tenses_active.xml" providerInvariantName="Microsoft.VisualStudio.TestTools.DataSource.XML" tableName="sentence" />
    </UnitTest>
    <UnitTest name="interrogative_sentences_who" storage="d:\software\project\bnlp\unittest\bin\debug\unittest.dll" id="32b5d279-0d23-e5ad-0301-234c8788f740">
      <DeploymentItems>
        <DeploymentItem filename="..\UnitTest\TestCases\interrogative_sentences_who.xml" />
      </DeploymentItems>
      <Execution id="6cbf1ebf-7d09-457a-b8d6-99f266af1c54" />
      <TestMethod codeBase="D:/software/Project/BNLP/UnitTest/bin/Debug/UnitTest.DLL" adapterTypeName="Microsoft.VisualStudio.TestTools.TestTypes.Unit.UnitTestAdapter, Microsoft.VisualStudio.QualityTools.Tips.UnitTest.Adapter, Version=10.0.0.0, Culture=neutral, PublicKeyToken=b03f5f7f11d50a3a" className="UnitTest.BnlpTest, UnitTest, Version=1.0.0.0, Culture=neutral, PublicKeyToken=null" name="interrogative_sentences_who" />
      <DataSource connectionString="|DataDirectory|\TestCases\interrogative_sentences_who.xml" providerInvariantName="Microsoft.VisualStudio.TestTools.DataSource.XML" tableName="sentence" />
    </UnitTest>
    <UnitTest name="all_persons_modal_can_may" storage="d:\software\project\bnlp\unittest\bin\debug\unittest.dll" id="8fe5ccb3-a3f4-0f61-ad21-e94ef029e900">
      <DeploymentItems>
        <DeploymentItem filename="..\UnitTest\TestCases\all_persons_modal_can_may.xml" />
      </DeploymentItems>
      <Execution id="5c34f7aa-9174-4725-a704-d279f0866dea" />
      <TestMethod codeBase="D:/software/Project/BNLP/UnitTest/bin/Debug/UnitTest.DLL" adapterTypeName="Microsoft.VisualStudio.TestTools.TestTypes.Unit.UnitTestAdapter, Microsoft.VisualStudio.QualityTools.Tips.UnitTest.Adapter, Version=10.0.0.0, Culture=neutral, PublicKeyToken=b03f5f7f11d50a3a" className="UnitTest.BnlpTest, UnitTest, Version=1.0.0.0, Culture=neutral, PublicKeyToken=null" name="all_persons_modal_can_may" />
      <DataSource connectionString="|DataDirectory|\TestCases\all_persons_modal_can_may.xml" providerInvariantName="Microsoft.VisualStudio.TestTools.DataSource.XML" tableName="sentence" />
    </UnitTest>
    <UnitTest name="interrogative_sentences_how" storage="d:\software\project\bnlp\unittest\bin\debug\unittest.dll" id="227f20ae-8e76-eb71-39b2-4ada3ce6aba8">
      <DeploymentItems>
        <DeploymentItem filename="..\UnitTest\TestCases\interrogative_sentences_how.xml" />
      </DeploymentItems>
      <Execution id="a4cda411-14a6-4ae4-ada2-2609524216da" />
      <TestMethod codeBase="D:/software/Project/BNLP/UnitTest/bin/Debug/UnitTest.DLL" adapterTypeName="Microsoft.VisualStudio.TestTools.TestTypes.Unit.UnitTestAdapter, Microsoft.VisualStudio.QualityTools.Tips.UnitTest.Adapter, Version=10.0.0.0, Culture=neutral, PublicKeyToken=b03f5f7f11d50a3a" className="UnitTest.BnlpTest, UnitTest, Version=1.0.0.0, Culture=neutral, PublicKeyToken=null" name="interrogative_sentences_how" />
      <DataSource connectionString="|DataDirectory|\TestCases\interrogative_sentences_how.xml" providerInvariantName="Microsoft.VisualStudio.TestTools.DataSource.XML" tableName="sentence" />
    </UnitTest>
    <UnitTest name="all_persons_modal_can_may_negation" storage="d:\software\project\bnlp\unittest\bin\debug\unittest.dll" id="d03eb628-bf1f-c27d-aeef-e708d613d686">
      <DeploymentItems>
        <DeploymentItem filename="..\UnitTest\TestCases\all_persons_modal_can_may_negation.xml" />
      </DeploymentItems>
      <Execution id="56ebd88f-09fb-4a02-b21f-152062cb407a" />
      <TestMethod codeBase="D:/software/Project/BNLP/UnitTest/bin/Debug/UnitTest.DLL" adapterTypeName="Microsoft.VisualStudio.TestTools.TestTypes.Unit.UnitTestAdapter, Microsoft.VisualStudio.QualityTools.Tips.UnitTest.Adapter, Version=10.0.0.0, Culture=neutral, PublicKeyToken=b03f5f7f11d50a3a" className="UnitTest.BnlpTest, UnitTest, Version=1.0.0.0, Culture=neutral, PublicKeyToken=null" name="all_persons_modal_can_may_negation" />
      <DataSource connectionString="|DataDirectory|\TestCases\all_persons_modal_can_may_negation.xml" providerInvariantName="Microsoft.VisualStudio.TestTools.DataSource.XML" tableName="sentence" />
    </UnitTest>
    <UnitTest name="RandomWord" storage="d:\software\project\bnlp\unittest\bin\debug\unittest.dll" id="642ce34f-0ed4-f995-637b-09297c832f2a">
      <DeploymentItems>
        <DeploymentItem filename="..\UnitTest\TestCases\wikipedia.xml" />
      </DeploymentItems>
      <Execution id="603d5eb0-d4e5-488b-977a-83d8afe68379" />
      <TestMethod codeBase="D:/software/Project/BNLP/UnitTest/bin/Debug/UnitTest.DLL" adapterTypeName="Microsoft.VisualStudio.TestTools.TestTypes.Unit.UnitTestAdapter, Microsoft.VisualStudio.QualityTools.Tips.UnitTest.Adapter, Version=10.0.0.0, Culture=neutral, PublicKeyToken=b03f5f7f11d50a3a" className="UnitTest.BnlpTest, UnitTest, Version=1.0.0.0, Culture=neutral, PublicKeyToken=null" name="RandomWord" />
      <DataSource connectionString="|DataDirectory|\TestCases\wikipedia.xml" providerInvariantName="Microsoft.VisualStudio.TestTools.DataSource.XML" tableName="sentence" />
    </UnitTest>
    <UnitTest name="second_person_tenses_active_negation" storage="d:\software\project\bnlp\unittest\bin\debug\unittest.dll" id="83c68223-dcaa-51dd-423f-434210a59f77">
      <DeploymentItems>
        <DeploymentItem filename="..\UnitTest\TestCases\second_person_tenses_active_negation.xml" />
      </DeploymentItems>
      <Execution id="28ad2507-74fa-4814-8d4f-480f63971bf3" />
      <TestMethod codeBase="D:/software/Project/BNLP/UnitTest/bin/Debug/UnitTest.DLL" adapterTypeName="Microsoft.VisualStudio.TestTools.TestTypes.Unit.UnitTestAdapter, Microsoft.VisualStudio.QualityTools.Tips.UnitTest.Adapter, Version=10.0.0.0, Culture=neutral, PublicKeyToken=b03f5f7f11d50a3a" className="UnitTest.BnlpTest, UnitTest, Version=1.0.0.0, Culture=neutral, PublicKeyToken=null" name="second_person_tenses_active_negation" />
      <DataSource connectionString="|DataDirectory|\TestCases\second_person_tenses_active_negation.xml" providerInvariantName="Microsoft.VisualStudio.TestTools.DataSource.XML" tableName="sentence" />
    </UnitTest>
    <UnitTest name="interrogative_sentences_why" storage="d:\software\project\bnlp\unittest\bin\debug\unittest.dll" id="1b04a6d6-5350-792c-8eba-a46a0eb28949">
      <DeploymentItems>
        <DeploymentItem filename="..\UnitTest\TestCases\interrogative_sentences_why.xml" />
      </DeploymentItems>
      <Execution id="1013fac7-e3ba-47c6-b91a-da75b2d865a1" />
      <TestMethod codeBase="D:/software/Project/BNLP/UnitTest/bin/Debug/UnitTest.DLL" adapterTypeName="Microsoft.VisualStudio.TestTools.TestTypes.Unit.UnitTestAdapter, Microsoft.VisualStudio.QualityTools.Tips.UnitTest.Adapter, Version=10.0.0.0, Culture=neutral, PublicKeyToken=b03f5f7f11d50a3a" className="UnitTest.BnlpTest, UnitTest, Version=1.0.0.0, Culture=neutral, PublicKeyToken=null" name="interrogative_sentences_why" />
      <DataSource connectionString="|DataDirectory|\TestCases\interrogative_sentences_why.xml" providerInvariantName="Microsoft.VisualStudio.TestTools.DataSource.XML" tableName="sentence" />
    </UnitTest>
    <UnitTest name="interrogative_sentences_which" storage="d:\software\project\bnlp\unittest\bin\debug\unittest.dll" id="97a1371f-e8e6-db3e-323e-49ffeef32df1">
      <DeploymentItems>
        <DeploymentItem filename="..\UnitTest\TestCases\interrogative_sentences_which.xml" />
      </DeploymentItems>
      <Execution id="a6cc5bc8-bb62-4e9c-ada9-22d4442b3891" />
      <TestMethod codeBase="D:/software/Project/BNLP/UnitTest/bin/Debug/UnitTest.DLL" adapterTypeName="Microsoft.VisualStudio.TestTools.TestTypes.Unit.UnitTestAdapter, Microsoft.VisualStudio.QualityTools.Tips.UnitTest.Adapter, Version=10.0.0.0, Culture=neutral, PublicKeyToken=b03f5f7f11d50a3a" className="UnitTest.BnlpTest, UnitTest, Version=1.0.0.0, Culture=neutral, PublicKeyToken=null" name="interrogative_sentences_which" />
      <DataSource connectionString="|DataDirectory|\TestCases\interrogative_sentences_which.xml" providerInvariantName="Microsoft.VisualStudio.TestTools.DataSource.XML" tableName="sentence" />
    </UnitTest>
    <UnitTest name="third_person_tenses_active" storage="d:\software\project\bnlp\unittest\bin\debug\unittest.dll" id="0bc2f98c-98f5-f190-c78c-c00d94c547a1">
      <DeploymentItems>
        <DeploymentItem filename="..\UnitTest\TestCases\third_person_tenses_active.xml" />
      </DeploymentItems>
      <Execution id="b9d5f6dc-2826-4cbf-aec5-8297a573611b" />
      <TestMethod codeBase="D:/software/Project/BNLP/UnitTest/bin/Debug/UnitTest.DLL" adapterTypeName="Microsoft.VisualStudio.TestTools.TestTypes.Unit.UnitTestAdapter, Microsoft.VisualStudio.QualityTools.Tips.UnitTest.Adapter, Version=10.0.0.0, Culture=neutral, PublicKeyToken=b03f5f7f11d50a3a" className="UnitTest.BnlpTest, UnitTest, Version=1.0.0.0, Culture=neutral, PublicKeyToken=null" name="third_person_tenses_active" />
      <DataSource connectionString="|DataDirectory|\TestCases\third_person_tenses_active.xml" providerInvariantName="Microsoft.VisualStudio.TestTools.DataSource.XML" tableName="sentence" />
    </UnitTest>
    <UnitTest name="auxiliary_verbs_as_main_verbs" storage="d:\software\project\bnlp\unittest\bin\debug\unittest.dll" id="c79146bc-2376-961a-5de9-441b5dfc7188">
      <DeploymentItems>
        <DeploymentItem filename="..\UnitTest\TestCases\auxiliary_verbs_as_main_verbs.xml" />
      </DeploymentItems>
      <Execution id="c17ab0bc-bf5e-4ce4-9fbb-f7ddfa714c71" />
      <TestMethod codeBase="D:/software/Project/BNLP/UnitTest/bin/Debug/UnitTest.DLL" adapterTypeName="Microsoft.VisualStudio.TestTools.TestTypes.Unit.UnitTestAdapter, Microsoft.VisualStudio.QualityTools.Tips.UnitTest.Adapter, Version=10.0.0.0, Culture=neutral, PublicKeyToken=b03f5f7f11d50a3a" className="UnitTest.BnlpTest, UnitTest, Version=1.0.0.0, Culture=neutral, PublicKeyToken=null" name="auxiliary_verbs_as_main_verbs" />
      <DataSource connectionString="|DataDirectory|\TestCases\auxiliary_verbs_as_main_verbs.xml" providerInvariantName="Microsoft.VisualStudio.TestTools.DataSource.XML" tableName="sentence" />
    </UnitTest>
    <UnitTest name="special_handling_do_verb" storage="d:\software\project\bnlp\unittest\bin\debug\unittest.dll" id="533e7939-123c-ce84-5c5c-d5a21d1d95b9">
      <DeploymentItems>
        <DeploymentItem filename="..\UnitTest\TestCases\special_handling_do_verb.xml" />
      </DeploymentItems>
      <Execution id="aa4f7bf9-b227-42fd-870a-c5c36a66f410" />
      <TestMethod codeBase="D:/software/Project/BNLP/UnitTest/bin/Debug/UnitTest.DLL" adapterTypeName="Microsoft.VisualStudio.TestTools.TestTypes.Unit.UnitTestAdapter, Microsoft.VisualStudio.QualityTools.Tips.UnitTest.Adapter, Version=10.0.0.0, Culture=neutral, PublicKeyToken=b03f5f7f11d50a3a" className="UnitTest.BnlpTest, UnitTest, Version=1.0.0.0, Culture=neutral, PublicKeyToken=null" name="special_handling_do_verb" />
      <DataSource connectionString="|DataDirectory|\TestCases\special_handling_do_verb.xml" providerInvariantName="Microsoft.VisualStudio.TestTools.DataSource.XML" tableName="sentence" />
    </UnitTest>
    <UnitTest name="interrogative_sentences_whom" storage="d:\software\project\bnlp\unittest\bin\debug\unittest.dll" id="4e91a3b9-9eae-ebff-0b97-303f00578a78">
      <DeploymentItems>
        <DeploymentItem filename="..\UnitTest\TestCases\interrogative_sentences_whom.xml" />
      </DeploymentItems>
      <Execution id="564534a1-246c-4447-b7d5-0b163b8d377c" />
      <TestMethod codeBase="D:/software/Project/BNLP/UnitTest/bin/Debug/UnitTest.DLL" adapterTypeName="Microsoft.VisualStudio.TestTools.TestTypes.Unit.UnitTestAdapter, Microsoft.VisualStudio.QualityTools.Tips.UnitTest.Adapter, Version=10.0.0.0, Culture=neutral, PublicKeyToken=b03f5f7f11d50a3a" className="UnitTest.BnlpTest, UnitTest, Version=1.0.0.0, Culture=neutral, PublicKeyToken=null" name="interrogative_sentences_whom" />
      <DataSource connectionString="|DataDirectory|\TestCases\interrogative_sentences_whom.xml" providerInvariantName="Microsoft.VisualStudio.TestTools.DataSource.XML" tableName="sentence" />
    </UnitTest>
    <UnitTest name="interrogative_sentences_where" storage="d:\software\project\bnlp\unittest\bin\debug\unittest.dll" id="b9261b51-b0a2-10e2-9308-22bb2624de8b">
      <DeploymentItems>
        <DeploymentItem filename="..\UnitTest\TestCases\interrogative_sentences_where.xml" />
      </DeploymentItems>
      <Execution id="5cc15729-c45b-48dd-8a80-127b6380e0a2" />
      <TestMethod codeBase="D:/software/Project/BNLP/UnitTest/bin/Debug/UnitTest.DLL" adapterTypeName="Microsoft.VisualStudio.TestTools.TestTypes.Unit.UnitTestAdapter, Microsoft.VisualStudio.QualityTools.Tips.UnitTest.Adapter, Version=10.0.0.0, Culture=neutral, PublicKeyToken=b03f5f7f11d50a3a" className="UnitTest.BnlpTest, UnitTest, Version=1.0.0.0, Culture=neutral, PublicKeyToken=null" name="interrogative_sentences_where" />
      <DataSource connectionString="|DataDirectory|\TestCases\interrogative_sentences_where.xml" providerInvariantName="Microsoft.VisualStudio.TestTools.DataSource.XML" tableName="sentence" />
    </UnitTest>
    <UnitTest name="interrogative_sentences_aux" storage="d:\software\project\bnlp\unittest\bin\debug\unittest.dll" id="39dcb97e-c73f-c645-a77c-64d9eba0a3a3">
      <DeploymentItems>
        <DeploymentItem filename="..\UnitTest\TestCases\interrogative_sentences_aux.xml" />
      </DeploymentItems>
      <Execution id="23f3ee5e-ea0e-458d-b3cc-dc2fc4d14243" />
      <TestMethod codeBase="D:/software/Project/BNLP/UnitTest/bin/Debug/UnitTest.DLL" adapterTypeName="Microsoft.VisualStudio.TestTools.TestTypes.Unit.UnitTestAdapter, Microsoft.VisualStudio.QualityTools.Tips.UnitTest.Adapter, Version=10.0.0.0, Culture=neutral, PublicKeyToken=b03f5f7f11d50a3a" className="UnitTest.BnlpTest, UnitTest, Version=1.0.0.0, Culture=neutral, PublicKeyToken=null" name="interrogative_sentences_aux" />
      <DataSource connectionString="|DataDirectory|\TestCases\interrogative_sentences_aux.xml" providerInvariantName="Microsoft.VisualStudio.TestTools.DataSource.XML" tableName="sentence" />
    </UnitTest>
    <UnitTest name="all_persons_tenses_passive" storage="d:\software\project\bnlp\unittest\bin\debug\unittest.dll" id="d766a059-d96c-7b47-e6a6-34931760df96">
      <DeploymentItems>
        <DeploymentItem filename="..\UnitTest\TestCases\all_persons_tenses_passive.xml" />
      </DeploymentItems>
      <Execution id="2e0d1e5c-23c6-4c2b-bef4-753a32703905" />
      <TestMethod codeBase="D:/software/Project/BNLP/UnitTest/bin/Debug/UnitTest.DLL" adapterTypeName="Microsoft.VisualStudio.TestTools.TestTypes.Unit.UnitTestAdapter, Microsoft.VisualStudio.QualityTools.Tips.UnitTest.Adapter, Version=10.0.0.0, Culture=neutral, PublicKeyToken=b03f5f7f11d50a3a" className="UnitTest.BnlpTest, UnitTest, Version=1.0.0.0, Culture=neutral, PublicKeyToken=null" name="all_persons_tenses_passive" />
      <DataSource connectionString="|DataDirectory|\TestCases\all_persons_tenses_passive.xml" providerInvariantName="Microsoft.VisualStudio.TestTools.DataSource.XML" tableName="sentence" />
    </UnitTest>
    <UnitTest name="first_person_tenses_active_negation" storage="d:\software\project\bnlp\unittest\bin\debug\unittest.dll" id="15fe5bf6-5078-81a8-0356-385549390bb7">
      <DeploymentItems>
        <DeploymentItem filename="..\UnitTest\TestCases\first_person_tenses_active_negation.xml" />
      </DeploymentItems>
      <Execution id="67e7bbc0-0d9b-4c19-9d85-c87149622da1" />
      <TestMethod codeBase="D:/software/Project/BNLP/UnitTest/bin/Debug/UnitTest.DLL" adapterTypeName="Microsoft.VisualStudio.TestTools.TestTypes.Unit.UnitTestAdapter, Microsoft.VisualStudio.QualityTools.Tips.UnitTest.Adapter, Version=10.0.0.0, Culture=neutral, PublicKeyToken=b03f5f7f11d50a3a" className="UnitTest.BnlpTest, UnitTest, Version=1.0.0.0, Culture=neutral, PublicKeyToken=null" name="first_person_tenses_active_negation" />
      <DataSource connectionString="|DataDirectory|\TestCases\first_person_tenses_active_negation.xml" providerInvariantName="Microsoft.VisualStudio.TestTools.DataSource.XML" tableName="sentence" />
    </UnitTest>
  </TestDefinitions>
  <TestLists>
    <TestList name="Results Not in a List" id="8c84fa94-04c1-424b-9868-57a2d4851a1d" />
    <TestList name="All Loaded Results" id="19431567-8539-422a-85d7-44ee4e166bda" />
  </TestLists>
  <TestEntries>
    <TestEntry testId="0bc2f98c-98f5-f190-c78c-c00d94c547a1" executionId="b9d5f6dc-2826-4cbf-aec5-8297a573611b" testListId="8c84fa94-04c1-424b-9868-57a2d4851a1d" />
    <TestEntry testId="0f337a75-1a2d-d9c3-6c5f-23ed2604b69d" executionId="69a3e3e4-4977-4c3b-81be-42f6e0b9f02c" testListId="8c84fa94-04c1-424b-9868-57a2d4851a1d" />
    <TestEntry testId="0f33848d-a900-d644-7498-2526887b5425" executionId="71532c43-aed9-4483-a98c-3c098efb5a69" testListId="8c84fa94-04c1-424b-9868-57a2d4851a1d" />
    <TestEntry testId="15fe5bf6-5078-81a8-0356-385549390bb7" executionId="67e7bbc0-0d9b-4c19-9d85-c87149622da1" testListId="8c84fa94-04c1-424b-9868-57a2d4851a1d" />
    <TestEntry testId="1b04a6d6-5350-792c-8eba-a46a0eb28949" executionId="1013fac7-e3ba-47c6-b91a-da75b2d865a1" testListId="8c84fa94-04c1-424b-9868-57a2d4851a1d" />
    <TestEntry testId="1d63c318-78a9-9011-f5c0-0b01884a2881" executionId="9506ed93-6d9f-4fdc-9c9d-9160a6d3061f" testListId="8c84fa94-04c1-424b-9868-57a2d4851a1d" />
    <TestEntry testId="227f20ae-8e76-eb71-39b2-4ada3ce6aba8" executionId="a4cda411-14a6-4ae4-ada2-2609524216da" testListId="8c84fa94-04c1-424b-9868-57a2d4851a1d" />
    <TestEntry testId="30ab3285-6a8c-14d2-9725-bd60892ccd90" executionId="42f941b3-0b56-4188-bee4-00b2e3e60d9c" testListId="8c84fa94-04c1-424b-9868-57a2d4851a1d" />
    <TestEntry testId="32b5d279-0d23-e5ad-0301-234c8788f740" executionId="6cbf1ebf-7d09-457a-b8d6-99f266af1c54" testListId="8c84fa94-04c1-424b-9868-57a2d4851a1d" />
    <TestEntry testId="39dcb97e-c73f-c645-a77c-64d9eba0a3a3" executionId="23f3ee5e-ea0e-458d-b3cc-dc2fc4d14243" testListId="8c84fa94-04c1-424b-9868-57a2d4851a1d" />
    <TestEntry testId="4e91a3b9-9eae-ebff-0b97-303f00578a78" executionId="564534a1-246c-4447-b7d5-0b163b8d377c" testListId="8c84fa94-04c1-424b-9868-57a2d4851a1d" />
    <TestEntry testId="533e7939-123c-ce84-5c5c-d5a21d1d95b9" executionId="aa4f7bf9-b227-42fd-870a-c5c36a66f410" testListId="8c84fa94-04c1-424b-9868-57a2d4851a1d" />
    <TestEntry testId="642ce34f-0ed4-f995-637b-09297c832f2a" executionId="603d5eb0-d4e5-488b-977a-83d8afe68379" testListId="8c84fa94-04c1-424b-9868-57a2d4851a1d" />
    <TestEntry testId="783915fe-114a-e353-78dd-56e92a60f942" executionId="38632ea4-a72a-4cfd-8a61-1516df309412" testListId="8c84fa94-04c1-424b-9868-57a2d4851a1d" />
    <TestEntry testId="7f7910d1-dc89-39b4-b4cf-d9e6d7af9420" executionId="a5835324-1f1a-4e46-afa6-34d50ba4f302" testListId="8c84fa94-04c1-424b-9868-57a2d4851a1d" />
    <TestEntry testId="83c68223-dcaa-51dd-423f-434210a59f77" executionId="28ad2507-74fa-4814-8d4f-480f63971bf3" testListId="8c84fa94-04c1-424b-9868-57a2d4851a1d" />
    <TestEntry testId="8fe5ccb3-a3f4-0f61-ad21-e94ef029e900" executionId="5c34f7aa-9174-4725-a704-d279f0866dea" testListId="8c84fa94-04c1-424b-9868-57a2d4851a1d" />
    <TestEntry testId="921e6ab0-d7c2-6005-e523-6fd2d5e1a723" executionId="977978cf-3ae0-4463-8fe2-39e6c9b9da2c" testListId="8c84fa94-04c1-424b-9868-57a2d4851a1d" />
    <TestEntry testId="9319d01e-de3e-d310-c76e-cae8dce4c924" executionId="d1f4d8da-fd56-45fd-bcca-774c68919a12" testListId="8c84fa94-04c1-424b-9868-57a2d4851a1d" />
    <TestEntry testId="97a1371f-e8e6-db3e-323e-49ffeef32df1" executionId="a6cc5bc8-bb62-4e9c-ada9-22d4442b3891" testListId="8c84fa94-04c1-424b-9868-57a2d4851a1d" />
    <TestEntry testId="b9261b51-b0a2-10e2-9308-22bb2624de8b" executionId="5cc15729-c45b-48dd-8a80-127b6380e0a2" testListId="8c84fa94-04c1-424b-9868-57a2d4851a1d" />
    <TestEntry testId="bdfe92b2-f4ac-73a5-f13d-5c1ea13721b4" executionId="5058dc1d-9bed-4e41-b37b-f30f44e5f72e" testListId="8c84fa94-04c1-424b-9868-57a2d4851a1d" />
    <TestEntry testId="c79146bc-2376-961a-5de9-441b5dfc7188" executionId="c17ab0bc-bf5e-4ce4-9fbb-f7ddfa714c71" testListId="8c84fa94-04c1-424b-9868-57a2d4851a1d" />
    <TestEntry testId="d03eb628-bf1f-c27d-aeef-e708d613d686" executionId="56ebd88f-09fb-4a02-b21f-152062cb407a" testListId="8c84fa94-04c1-424b-9868-57a2d4851a1d" />
    <TestEntry testId="d766a059-d96c-7b47-e6a6-34931760df96" executionId="2e0d1e5c-23c6-4c2b-bef4-753a32703905" testListId="8c84fa94-04c1-424b-9868-57a2d4851a1d" />
    <TestEntry testId="fe3e63ab-391c-e168-48d0-431b85a7b898" executionId="209dc8fe-007e-4a5b-a76d-62c3e641416e" testListId="8c84fa94-04c1-424b-9868-57a2d4851a1d" />
  </TestEntries>
  <Results>
    <UnitTestResult executionId="b9d5f6dc-2826-4cbf-aec5-8297a573611b" testId="0bc2f98c-98f5-f190-c78c-c00d94c547a1" testName="third_person_tenses_active" computerName="ARPAN-LAP" duration="00:00:09.0792983" startTime="2014-06-25T20:32:05.5575361+05:30" endTime="2014-06-25T20:32:14.9880754+05:30" testType="13cdc9d9-ddb5-4fa4-a97d-d965ccfc6d4b" outcome="Passed" testListId="8c84fa94-04c1-424b-9868-57a2d4851a1d" relativeResultsDirectory="b9d5f6dc-2826-4cbf-aec5-8297a573611b" resultType="DataDrivenTest">
      <Counters error="0" failed="0" timeout="0" aborted="0" inconclusive="0" passedButRunAborted="0" notRunnable="0" notExecuted="0" disconnected="0" warning="0" passed="10" completed="0" inProgress="0" pending="0" />
      <InnerResults>
        <UnitTestResult executionId="2c982765-ee53-4b5a-bdf1-31dc3fa5cf59" parentExecutionId="b9d5f6dc-2826-4cbf-aec5-8297a573611b" testId="0bc2f98c-98f5-f190-c78c-c00d94c547a1" testName="third_person_tenses_active" computerName="ARPAN-LAP" duration="00:00:08.8503048" startTime="2014-06-25T20:32:05.8625535+05:30" endTime="2014-06-25T20:32:14.7190601+05:30" testType="13cdc9d9-ddb5-4fa4-a97d-d965ccfc6d4b" outcome="Passed" testListId="8c84fa94-04c1-424b-9868-57a2d4851a1d" relativeResultsDirectory="b9d5f6dc-2826-4cbf-aec5-8297a573611b" dataRowInfo="0" resultType="DataDrivenDataRow" />
        <UnitTestResult executionId="4f11091b-20a9-467d-95a8-f9c1b3ffeccf" parentExecutionId="b9d5f6dc-2826-4cbf-aec5-8297a573611b" testId="0bc2f98c-98f5-f190-c78c-c00d94c547a1" testName="third_person_tenses_active" computerName="ARPAN-LAP" duration="00:00:00.0180624" startTime="2014-06-25T20:32:14.7190601+05:30" endTime="2014-06-25T20:32:14.7370611+05:30" testType="13cdc9d9-ddb5-4fa4-a97d-d965ccfc6d4b" outcome="Passed" testListId="8c84fa94-04c1-424b-9868-57a2d4851a1d" relativeResultsDirectory="b9d5f6dc-2826-4cbf-aec5-8297a573611b" dataRowInfo="1" resultType="DataDrivenDataRow" />
        <UnitTestResult executionId="60aba060-c180-419a-925f-0007a738fe97" parentExecutionId="b9d5f6dc-2826-4cbf-aec5-8297a573611b" testId="0bc2f98c-98f5-f190-c78c-c00d94c547a1" testName="third_person_tenses_active" computerName="ARPAN-LAP" duration="00:00:00.0167746" startTime="2014-06-25T20:32:14.7370611+05:30" endTime="2014-06-25T20:32:14.7540621+05:30" testType="13cdc9d9-ddb5-4fa4-a97d-d965ccfc6d4b" outcome="Passed" testListId="8c84fa94-04c1-424b-9868-57a2d4851a1d" relativeResultsDirectory="b9d5f6dc-2826-4cbf-aec5-8297a573611b" dataRowInfo="2" resultType="DataDrivenDataRow" />
        <UnitTestResult executionId="79e7d792-7228-4a76-b60c-95aa2e2cd735" parentExecutionId="b9d5f6dc-2826-4cbf-aec5-8297a573611b" testId="0bc2f98c-98f5-f190-c78c-c00d94c547a1" testName="third_person_tenses_active" computerName="ARPAN-LAP" duration="00:00:00.0566078" startTime="2014-06-25T20:32:14.7540621+05:30" endTime="2014-06-25T20:32:14.8110653+05:30" testType="13cdc9d9-ddb5-4fa4-a97d-d965ccfc6d4b" outcome="Passed" testListId="8c84fa94-04c1-424b-9868-57a2d4851a1d" relativeResultsDirectory="b9d5f6dc-2826-4cbf-aec5-8297a573611b" dataRowInfo="3" resultType="DataDrivenDataRow" />
        <UnitTestResult executionId="85070be9-153d-4443-939f-5f65218584ec" parentExecutionId="b9d5f6dc-2826-4cbf-aec5-8297a573611b" testId="0bc2f98c-98f5-f190-c78c-c00d94c547a1" testName="third_person_tenses_active" computerName="ARPAN-LAP" duration="00:00:00.0158594" startTime="2014-06-25T20:32:14.8110653+05:30" endTime="2014-06-25T20:32:14.8270662+05:30" testType="13cdc9d9-ddb5-4fa4-a97d-d965ccfc6d4b" outcome="Passed" testListId="8c84fa94-04c1-424b-9868-57a2d4851a1d" relativeResultsDirectory="b9d5f6dc-2826-4cbf-aec5-8297a573611b" dataRowInfo="4" resultType="DataDrivenDataRow" />
        <UnitTestResult executionId="b6a5a528-643c-4f12-b169-2468a34354ce" parentExecutionId="b9d5f6dc-2826-4cbf-aec5-8297a573611b" testId="0bc2f98c-98f5-f190-c78c-c00d94c547a1" testName="third_person_tenses_active" computerName="ARPAN-LAP" duration="00:00:00.0189673" startTime="2014-06-25T20:32:14.8270662+05:30" endTime="2014-06-25T20:32:14.8460673+05:30" testType="13cdc9d9-ddb5-4fa4-a97d-d965ccfc6d4b" outcome="Passed" testListId="8c84fa94-04c1-424b-9868-57a2d4851a1d" relativeResultsDirectory="b9d5f6dc-2826-4cbf-aec5-8297a573611b" dataRowInfo="5" resultType="DataDrivenDataRow" />
        <UnitTestResult executionId="a0d6fa59-9b34-4e25-b602-c034a6d9518d" parentExecutionId="b9d5f6dc-2826-4cbf-aec5-8297a573611b" testId="0bc2f98c-98f5-f190-c78c-c00d94c547a1" testName="third_person_tenses_active" computerName="ARPAN-LAP" duration="00:00:00.0172262" startTime="2014-06-25T20:32:14.8460673+05:30" endTime="2014-06-25T20:32:14.8630683+05:30" testType="13cdc9d9-ddb5-4fa4-a97d-d965ccfc6d4b" outcome="Passed" testListId="8c84fa94-04c1-424b-9868-57a2d4851a1d" relativeResultsDirectory="b9d5f6dc-2826-4cbf-aec5-8297a573611b" dataRowInfo="6" resultType="DataDrivenDataRow" />
        <UnitTestResult executionId="4fa007e9-c14b-473c-91e0-04971bd3451e" parentExecutionId="b9d5f6dc-2826-4cbf-aec5-8297a573611b" testId="0bc2f98c-98f5-f190-c78c-c00d94c547a1" testName="third_person_tenses_active" computerName="ARPAN-LAP" duration="00:00:00.0240794" startTime="2014-06-25T20:32:14.8630683+05:30" endTime="2014-06-25T20:32:14.8870697+05:30" testType="13cdc9d9-ddb5-4fa4-a97d-d965ccfc6d4b" outcome="Passed" testListId="8c84fa94-04c1-424b-9868-57a2d4851a1d" relativeResultsDirectory="b9d5f6dc-2826-4cbf-aec5-8297a573611b" dataRowInfo="7" resultType="DataDrivenDataRow" />
        <UnitTestResult executionId="5f246a77-e0c6-4c49-a52e-4ceceec5c05f" parentExecutionId="b9d5f6dc-2826-4cbf-aec5-8297a573611b" testId="0bc2f98c-98f5-f190-c78c-c00d94c547a1" testName="third_person_tenses_active" computerName="ARPAN-LAP" duration="00:00:00.0194990" startTime="2014-06-25T20:32:14.8870697+05:30" endTime="2014-06-25T20:32:14.9070708+05:30" testType="13cdc9d9-ddb5-4fa4-a97d-d965ccfc6d4b" outcome="Passed" testListId="8c84fa94-04c1-424b-9868-57a2d4851a1d" relativeResultsDirectory="b9d5f6dc-2826-4cbf-aec5-8297a573611b" dataRowInfo="8" resultType="DataDrivenDataRow" />
        <UnitTestResult executionId="fd93b073-be56-4648-bf0b-2dc2f43b43a0" parentExecutionId="b9d5f6dc-2826-4cbf-aec5-8297a573611b" testId="0bc2f98c-98f5-f190-c78c-c00d94c547a1" testName="third_person_tenses_active" computerName="ARPAN-LAP" duration="00:00:00.0223841" startTime="2014-06-25T20:32:14.9070708+05:30" endTime="2014-06-25T20:32:14.9290721+05:30" testType="13cdc9d9-ddb5-4fa4-a97d-d965ccfc6d4b" outcome="Passed" testListId="8c84fa94-04c1-424b-9868-57a2d4851a1d" relativeResultsDirectory="b9d5f6dc-2826-4cbf-aec5-8297a573611b" dataRowInfo="9" resultType="DataDrivenDataRow" />
      </InnerResults>
    </UnitTestResult>
    <UnitTestResult executionId="69a3e3e4-4977-4c3b-81be-42f6e0b9f02c" testId="0f337a75-1a2d-d9c3-6c5f-23ed2604b69d" testName="prepositions_made_with_two_words" computerName="ARPAN-LAP" duration="00:00:00.1330210" startTime="2014-06-25T20:32:14.9900756+05:30" endTime="2014-06-25T20:32:15.1410842+05:30" testType="13cdc9d9-ddb5-4fa4-a97d-d965ccfc6d4b" outcome="Passed" testListId="8c84fa94-04c1-424b-9868-57a2d4851a1d" relativeResultsDirectory="69a3e3e4-4977-4c3b-81be-42f6e0b9f02c" resultType="DataDrivenTest">
      <Counters error="0" failed="0" timeout="0" aborted="0" inconclusive="0" passedButRunAborted="0" notRunnable="0" notExecuted="0" disconnected="0" warning="0" passed="3" completed="0" inProgress="0" pending="0" />
      <InnerResults>
        <UnitTestResult executionId="7f48142f-4919-4f76-8cb6-e4c08bf00455" parentExecutionId="69a3e3e4-4977-4c3b-81be-42f6e0b9f02c" testId="0f337a75-1a2d-d9c3-6c5f-23ed2604b69d" testName="prepositions_made_with_two_words" computerName="ARPAN-LAP" duration="00:00:00.0385469" startTime="2014-06-25T20:32:15.0000761+05:30" endTime="2014-06-25T20:32:15.0380783+05:30" testType="13cdc9d9-ddb5-4fa4-a97d-d965ccfc6d4b" outcome="Passed" testListId="8c84fa94-04c1-424b-9868-57a2d4851a1d" relativeResultsDirectory="69a3e3e4-4977-4c3b-81be-42f6e0b9f02c" dataRowInfo="0" resultType="DataDrivenDataRow" />
        <UnitTestResult executionId="07469bb1-230b-4f0b-844b-c49c4b604e4f" parentExecutionId="69a3e3e4-4977-4c3b-81be-42f6e0b9f02c" testId="0f337a75-1a2d-d9c3-6c5f-23ed2604b69d" testName="prepositions_made_with_two_words" computerName="ARPAN-LAP" duration="00:00:00.0460293" startTime="2014-06-25T20:32:15.0380783+05:30" endTime="2014-06-25T20:32:15.0840809+05:30" testType="13cdc9d9-ddb5-4fa4-a97d-d965ccfc6d4b" outcome="Passed" testListId="8c84fa94-04c1-424b-9868-57a2d4851a1d" relativeResultsDirectory="69a3e3e4-4977-4c3b-81be-42f6e0b9f02c" dataRowInfo="1" resultType="DataDrivenDataRow" />
        <UnitTestResult executionId="db560b78-7215-4840-b8d0-b6e0b44414ee" parentExecutionId="69a3e3e4-4977-4c3b-81be-42f6e0b9f02c" testId="0f337a75-1a2d-d9c3-6c5f-23ed2604b69d" testName="prepositions_made_with_two_words" computerName="ARPAN-LAP" duration="00:00:00.0450479" startTime="2014-06-25T20:32:15.0840809+05:30" endTime="2014-06-25T20:32:15.1290835+05:30" testType="13cdc9d9-ddb5-4fa4-a97d-d965ccfc6d4b" outcome="Passed" testListId="8c84fa94-04c1-424b-9868-57a2d4851a1d" relativeResultsDirectory="69a3e3e4-4977-4c3b-81be-42f6e0b9f02c" dataRowInfo="2" resultType="DataDrivenDataRow" />
      </InnerResults>
    </UnitTestResult>
    <UnitTestResult executionId="71532c43-aed9-4483-a98c-3c098efb5a69" testId="0f33848d-a900-d644-7498-2526887b5425" testName="prepositions_made_with_three_words" computerName="ARPAN-LAP" duration="00:00:00.1964153" startTime="2014-06-25T20:32:15.1450844+05:30" endTime="2014-06-25T20:32:15.3620968+05:30" testType="13cdc9d9-ddb5-4fa4-a97d-d965ccfc6d4b" outcome="Passed" testListId="8c84fa94-04c1-424b-9868-57a2d4851a1d" relativeResultsDirectory="71532c43-aed9-4483-a98c-3c098efb5a69" resultType="DataDrivenTest">
      <Counters error="0" failed="0" timeout="0" aborted="0" inconclusive="0" passedButRunAborted="0" notRunnable="0" notExecuted="0" disconnected="0" warning="0" passed="4" completed="0" inProgress="0" pending="0" />
      <InnerResults>
        <UnitTestResult executionId="a224de26-155a-402d-946f-68b1a03bfcf4" parentExecutionId="71532c43-aed9-4483-a98c-3c098efb5a69" testId="0f33848d-a900-d644-7498-2526887b5425" testName="prepositions_made_with_three_words" computerName="ARPAN-LAP" duration="00:00:00.0361191" startTime="2014-06-25T20:32:15.1520848+05:30" endTime="2014-06-25T20:32:15.1890869+05:30" testType="13cdc9d9-ddb5-4fa4-a97d-d965ccfc6d4b" outcome="Passed" testListId="8c84fa94-04c1-424b-9868-57a2d4851a1d" relativeResultsDirectory="71532c43-aed9-4483-a98c-3c098efb5a69" dataRowInfo="0" resultType="DataDrivenDataRow" />
        <UnitTestResult executionId="63bfea3b-7bd9-46a0-aeef-775b3f957250" parentExecutionId="71532c43-aed9-4483-a98c-3c098efb5a69" testId="0f33848d-a900-d644-7498-2526887b5425" testName="prepositions_made_with_three_words" computerName="ARPAN-LAP" duration="00:00:00.0416624" startTime="2014-06-25T20:32:15.1890869+05:30" endTime="2014-06-25T20:32:15.2300893+05:30" testType="13cdc9d9-ddb5-4fa4-a97d-d965ccfc6d4b" outcome="Passed" testListId="8c84fa94-04c1-424b-9868-57a2d4851a1d" relativeResultsDirectory="71532c43-aed9-4483-a98c-3c098efb5a69" dataRowInfo="1" resultType="DataDrivenDataRow" />
        <UnitTestResult executionId="7e00dfa6-cc4f-4d7d-bad1-ea0b09ddb7dc" parentExecutionId="71532c43-aed9-4483-a98c-3c098efb5a69" testId="0f33848d-a900-d644-7498-2526887b5425" testName="prepositions_made_with_three_words" computerName="ARPAN-LAP" duration="00:00:00.0651937" startTime="2014-06-25T20:32:15.2300893+05:30" endTime="2014-06-25T20:32:15.2960931+05:30" testType="13cdc9d9-ddb5-4fa4-a97d-d965ccfc6d4b" outcome="Passed" testListId="8c84fa94-04c1-424b-9868-57a2d4851a1d" relativeResultsDirectory="71532c43-aed9-4483-a98c-3c098efb5a69" dataRowInfo="2" resultType="DataDrivenDataRow" />
        <UnitTestResult executionId="02806a1e-8623-4526-a2f8-9d1d44ee29a5" parentExecutionId="71532c43-aed9-4483-a98c-3c098efb5a69" testId="0f33848d-a900-d644-7498-2526887b5425" testName="prepositions_made_with_three_words" computerName="ARPAN-LAP" duration="00:00:00.0515269" startTime="2014-06-25T20:32:15.2960931+05:30" endTime="2014-06-25T20:32:15.3470960+05:30" testType="13cdc9d9-ddb5-4fa4-a97d-d965ccfc6d4b" outcome="Passed" testListId="8c84fa94-04c1-424b-9868-57a2d4851a1d" relativeResultsDirectory="71532c43-aed9-4483-a98c-3c098efb5a69" dataRowInfo="3" resultType="DataDrivenDataRow" />
      </InnerResults>
    </UnitTestResult>
    <UnitTestResult executionId="67e7bbc0-0d9b-4c19-9d85-c87149622da1" testId="15fe5bf6-5078-81a8-0356-385549390bb7" testName="first_person_tenses_active_negation" computerName="ARPAN-LAP" duration="00:00:00.2810424" startTime="2014-06-25T20:32:15.3660971+05:30" endTime="2014-06-25T20:32:15.6961159+05:30" testType="13cdc9d9-ddb5-4fa4-a97d-d965ccfc6d4b" outcome="Passed" testListId="8c84fa94-04c1-424b-9868-57a2d4851a1d" relativeResultsDirectory="67e7bbc0-0d9b-4c19-9d85-c87149622da1" resultType="DataDrivenTest">
      <Counters error="0" failed="0" timeout="0" aborted="0" inconclusive="0" passedButRunAborted="0" notRunnable="0" notExecuted="0" disconnected="0" warning="0" passed="10" completed="0" inProgress="0" pending="0" />
      <InnerResults>
        <UnitTestResult executionId="00deef13-ae4d-4765-ae88-97d614abf7e7" parentExecutionId="67e7bbc0-0d9b-4c19-9d85-c87149622da1" testId="15fe5bf6-5078-81a8-0356-385549390bb7" testName="first_person_tenses_active_negation" computerName="ARPAN-LAP" duration="00:00:00.0256741" startTime="2014-06-25T20:32:15.3720974+05:30" endTime="2014-06-25T20:32:15.3980989+05:30" testType="13cdc9d9-ddb5-4fa4-a97d-d965ccfc6d4b" outcome="Passed" testListId="8c84fa94-04c1-424b-9868-57a2d4851a1d" relativeResultsDirectory="67e7bbc0-0d9b-4c19-9d85-c87149622da1" dataRowInfo="0" resultType="DataDrivenDataRow" />
        <UnitTestResult executionId="5481143a-8e02-4872-9cda-13004cf10613" parentExecutionId="67e7bbc0-0d9b-4c19-9d85-c87149622da1" testId="15fe5bf6-5078-81a8-0356-385549390bb7" testName="first_person_tenses_active_negation" computerName="ARPAN-LAP" duration="00:00:00.0253041" startTime="2014-06-25T20:32:15.3980989+05:30" endTime="2014-06-25T20:32:15.4231003+05:30" testType="13cdc9d9-ddb5-4fa4-a97d-d965ccfc6d4b" outcome="Passed" testListId="8c84fa94-04c1-424b-9868-57a2d4851a1d" relativeResultsDirectory="67e7bbc0-0d9b-4c19-9d85-c87149622da1" dataRowInfo="1" resultType="DataDrivenDataRow" />
        <UnitTestResult executionId="a0c90b58-7856-404d-90df-6b4c93ce4a94" parentExecutionId="67e7bbc0-0d9b-4c19-9d85-c87149622da1" testId="15fe5bf6-5078-81a8-0356-385549390bb7" testName="first_person_tenses_active_negation" computerName="ARPAN-LAP" duration="00:00:00.0271867" startTime="2014-06-25T20:32:15.4231003+05:30" endTime="2014-06-25T20:32:15.4501019+05:30" testType="13cdc9d9-ddb5-4fa4-a97d-d965ccfc6d4b" outcome="Passed" testListId="8c84fa94-04c1-424b-9868-57a2d4851a1d" relativeResultsDirectory="67e7bbc0-0d9b-4c19-9d85-c87149622da1" dataRowInfo="2" resultType="DataDrivenDataRow" />
        <UnitTestResult executionId="a8b229ef-e120-4933-87da-2a9c349e7625" parentExecutionId="67e7bbc0-0d9b-4c19-9d85-c87149622da1" testId="15fe5bf6-5078-81a8-0356-385549390bb7" testName="first_person_tenses_active_negation" computerName="ARPAN-LAP" duration="00:00:00.0312133" startTime="2014-06-25T20:32:15.4501019+05:30" endTime="2014-06-25T20:32:15.4821037+05:30" testType="13cdc9d9-ddb5-4fa4-a97d-d965ccfc6d4b" outcome="Passed" testListId="8c84fa94-04c1-424b-9868-57a2d4851a1d" relativeResultsDirectory="67e7bbc0-0d9b-4c19-9d85-c87149622da1" dataRowInfo="3" resultType="DataDrivenDataRow" />
        <UnitTestResult executionId="9ad6a605-9158-463b-8831-5c47141c0d25" parentExecutionId="67e7bbc0-0d9b-4c19-9d85-c87149622da1" testId="15fe5bf6-5078-81a8-0356-385549390bb7" testName="first_person_tenses_active_negation" computerName="ARPAN-LAP" duration="00:00:00.0232690" startTime="2014-06-25T20:32:15.4821037+05:30" endTime="2014-06-25T20:32:15.5051050+05:30" testType="13cdc9d9-ddb5-4fa4-a97d-d965ccfc6d4b" outcome="Passed" testListId="8c84fa94-04c1-424b-9868-57a2d4851a1d" relativeResultsDirectory="67e7bbc0-0d9b-4c19-9d85-c87149622da1" dataRowInfo="4" resultType="DataDrivenDataRow" />
        <UnitTestResult executionId="11a5fc9f-6b69-4cf6-b984-c35ffd24837e" parentExecutionId="67e7bbc0-0d9b-4c19-9d85-c87149622da1" testId="15fe5bf6-5078-81a8-0356-385549390bb7" testName="first_person_tenses_active_negation" computerName="ARPAN-LAP" duration="00:00:00.0226125" startTime="2014-06-25T20:32:15.5051050+05:30" endTime="2014-06-25T20:32:15.5281063+05:30" testType="13cdc9d9-ddb5-4fa4-a97d-d965ccfc6d4b" outcome="Passed" testListId="8c84fa94-04c1-424b-9868-57a2d4851a1d" relativeResultsDirectory="67e7bbc0-0d9b-4c19-9d85-c87149622da1" dataRowInfo="5" resultType="DataDrivenDataRow" />
        <UnitTestResult executionId="edf98082-8d34-4dd4-8d2d-d77df65282a8" parentExecutionId="67e7bbc0-0d9b-4c19-9d85-c87149622da1" testId="15fe5bf6-5078-81a8-0356-385549390bb7" testName="first_person_tenses_active_negation" computerName="ARPAN-LAP" duration="00:00:00.0269604" startTime="2014-06-25T20:32:15.5281063+05:30" endTime="2014-06-25T20:32:15.5551079+05:30" testType="13cdc9d9-ddb5-4fa4-a97d-d965ccfc6d4b" outcome="Passed" testListId="8c84fa94-04c1-424b-9868-57a2d4851a1d" relativeResultsDirectory="67e7bbc0-0d9b-4c19-9d85-c87149622da1" dataRowInfo="6" resultType="DataDrivenDataRow" />
        <UnitTestResult executionId="23f5ece7-9766-4723-bdd1-bd67a9f0125a" parentExecutionId="67e7bbc0-0d9b-4c19-9d85-c87149622da1" testId="15fe5bf6-5078-81a8-0356-385549390bb7" testName="first_person_tenses_active_negation" computerName="ARPAN-LAP" duration="00:00:00.0306744" startTime="2014-06-25T20:32:15.5551079+05:30" endTime="2014-06-25T20:32:15.5851096+05:30" testType="13cdc9d9-ddb5-4fa4-a97d-d965ccfc6d4b" outcome="Passed" testListId="8c84fa94-04c1-424b-9868-57a2d4851a1d" relativeResultsDirectory="67e7bbc0-0d9b-4c19-9d85-c87149622da1" dataRowInfo="7" resultType="DataDrivenDataRow" />
        <UnitTestResult executionId="33455f48-2ec4-4354-b516-00aede716e9f" parentExecutionId="67e7bbc0-0d9b-4c19-9d85-c87149622da1" testId="15fe5bf6-5078-81a8-0356-385549390bb7" testName="first_person_tenses_active_negation" computerName="ARPAN-LAP" duration="00:00:00.0223333" startTime="2014-06-25T20:32:15.5851096+05:30" endTime="2014-06-25T20:32:15.6081109+05:30" testType="13cdc9d9-ddb5-4fa4-a97d-d965ccfc6d4b" outcome="Passed" testListId="8c84fa94-04c1-424b-9868-57a2d4851a1d" relativeResultsDirectory="67e7bbc0-0d9b-4c19-9d85-c87149622da1" dataRowInfo="8" resultType="DataDrivenDataRow" />
        <UnitTestResult executionId="f51076c2-d316-462c-a186-70c960882284" parentExecutionId="67e7bbc0-0d9b-4c19-9d85-c87149622da1" testId="15fe5bf6-5078-81a8-0356-385549390bb7" testName="first_person_tenses_active_negation" computerName="ARPAN-LAP" duration="00:00:00.0432997" startTime="2014-06-25T20:32:15.6081109+05:30" endTime="2014-06-25T20:32:15.6511134+05:30" testType="13cdc9d9-ddb5-4fa4-a97d-d965ccfc6d4b" outcome="Passed" testListId="8c84fa94-04c1-424b-9868-57a2d4851a1d" relativeResultsDirectory="67e7bbc0-0d9b-4c19-9d85-c87149622da1" dataRowInfo="9" resultType="DataDrivenDataRow" />
      </InnerResults>
    </UnitTestResult>
    <UnitTestResult executionId="1013fac7-e3ba-47c6-b91a-da75b2d865a1" testId="1b04a6d6-5350-792c-8eba-a46a0eb28949" testName="interrogative_sentences_why" computerName="ARPAN-LAP" duration="00:00:00.1222440" startTime="2014-06-25T20:32:15.7041164+05:30" endTime="2014-06-25T20:32:15.8461245+05:30" testType="13cdc9d9-ddb5-4fa4-a97d-d965ccfc6d4b" outcome="Failed" testListId="8c84fa94-04c1-424b-9868-57a2d4851a1d" relativeResultsDirectory="1013fac7-e3ba-47c6-b91a-da75b2d865a1" resultType="DataDrivenTest">
      <Counters error="0" failed="1" timeout="0" aborted="0" inconclusive="0" passedButRunAborted="0" notRunnable="0" notExecuted="0" disconnected="0" warning="0" passed="2" completed="0" inProgress="0" pending="0" />
      <InnerResults>
        <UnitTestResult executionId="e116e192-8278-497e-a1b1-735df7fc145c" parentExecutionId="1013fac7-e3ba-47c6-b91a-da75b2d865a1" testId="1b04a6d6-5350-792c-8eba-a46a0eb28949" testName="interrogative_sentences_why" computerName="ARPAN-LAP" duration="00:00:00.0591946" startTime="2014-06-25T20:32:15.7131169+05:30" endTime="2014-06-25T20:32:15.7721203+05:30" testType="13cdc9d9-ddb5-4fa4-a97d-d965ccfc6d4b" outcome="Failed" testListId="8c84fa94-04c1-424b-9868-57a2d4851a1d" relativeResultsDirectory="1013fac7-e3ba-47c6-b91a-da75b2d865a1" dataRowInfo="0" resultType="DataDrivenDataRow">
          <Output>
            <ErrorInfo>
              <Message>Assert.AreEqual failed. Expected:&lt;কেন আপনি দেরিতে আজ ?&gt;. Actual:&lt;দেরিতে আজ আপনি কেন ?&gt;. Why are you late today?</Message>
              <StackTrace>   at UnitTest.BnlpTest.interrogative_sentences_why() in D:\software\Project\BNLP\UnitTest\BnlpTest.cs:line 382
</StackTrace>
            </ErrorInfo>
          </Output>
        </UnitTestResult>
        <UnitTestResult executionId="383cdf60-48b2-4ea1-98f6-1d867853ca4e" parentExecutionId="1013fac7-e3ba-47c6-b91a-da75b2d865a1" testId="1b04a6d6-5350-792c-8eba-a46a0eb28949" testName="interrogative_sentences_why" computerName="ARPAN-LAP" duration="00:00:00.0337442" startTime="2014-06-25T20:32:15.7721203+05:30" endTime="2014-06-25T20:32:15.8061222+05:30" testType="13cdc9d9-ddb5-4fa4-a97d-d965ccfc6d4b" outcome="Passed" testListId="8c84fa94-04c1-424b-9868-57a2d4851a1d" relativeResultsDirectory="1013fac7-e3ba-47c6-b91a-da75b2d865a1" dataRowInfo="1" resultType="DataDrivenDataRow" />
        <UnitTestResult executionId="436e70d0-58ca-4ce9-bfe0-354facb7ed76" parentExecutionId="1013fac7-e3ba-47c6-b91a-da75b2d865a1" testId="1b04a6d6-5350-792c-8eba-a46a0eb28949" testName="interrogative_sentences_why" computerName="ARPAN-LAP" duration="00:00:00.0275399" startTime="2014-06-25T20:32:15.8061222+05:30" endTime="2014-06-25T20:32:15.8341238+05:30" testType="13cdc9d9-ddb5-4fa4-a97d-d965ccfc6d4b" outcome="Passed" testListId="8c84fa94-04c1-424b-9868-57a2d4851a1d" relativeResultsDirectory="1013fac7-e3ba-47c6-b91a-da75b2d865a1" dataRowInfo="2" resultType="DataDrivenDataRow" />
      </InnerResults>
    </UnitTestResult>
    <UnitTestResult executionId="9506ed93-6d9f-4fdc-9c9d-9160a6d3061f" testId="1d63c318-78a9-9011-f5c0-0b01884a2881" testName="interrogative_sentences_do" computerName="ARPAN-LAP" duration="00:00:00.2622542" startTime="2014-06-25T20:32:15.8491247+05:30" endTime="2014-06-25T20:32:16.1451416+05:30" testType="13cdc9d9-ddb5-4fa4-a97d-d965ccfc6d4b" outcome="Passed" testListId="8c84fa94-04c1-424b-9868-57a2d4851a1d" relativeResultsDirectory="9506ed93-6d9f-4fdc-9c9d-9160a6d3061f" resultType="DataDrivenTest">
      <Counters error="0" failed="0" timeout="0" aborted="0" inconclusive="0" passedButRunAborted="0" notRunnable="0" notExecuted="0" disconnected="0" warning="0" passed="9" completed="0" inProgress="0" pending="0" />
      <InnerResults>
        <UnitTestResult executionId="65ac4532-5846-4f2f-9c50-da144317e063" parentExecutionId="9506ed93-6d9f-4fdc-9c9d-9160a6d3061f" testId="1d63c318-78a9-9011-f5c0-0b01884a2881" testName="interrogative_sentences_do" computerName="ARPAN-LAP" duration="00:00:00.0261612" startTime="2014-06-25T20:32:15.8611254+05:30" endTime="2014-06-25T20:32:15.8871269+05:30" testType="13cdc9d9-ddb5-4fa4-a97d-d965ccfc6d4b" outcome="Passed" testListId="8c84fa94-04c1-424b-9868-57a2d4851a1d" relativeResultsDirectory="9506ed93-6d9f-4fdc-9c9d-9160a6d3061f" dataRowInfo="0" resultType="DataDrivenDataRow" />
        <UnitTestResult executionId="b95f173f-5b40-40a7-b694-0f0df5aad147" parentExecutionId="9506ed93-6d9f-4fdc-9c9d-9160a6d3061f" testId="1d63c318-78a9-9011-f5c0-0b01884a2881" testName="interrogative_sentences_do" computerName="ARPAN-LAP" duration="00:00:00.0259841" startTime="2014-06-25T20:32:15.8871269+05:30" endTime="2014-06-25T20:32:15.9131284+05:30" testType="13cdc9d9-ddb5-4fa4-a97d-d965ccfc6d4b" outcome="Passed" testListId="8c84fa94-04c1-424b-9868-57a2d4851a1d" relativeResultsDirectory="9506ed93-6d9f-4fdc-9c9d-9160a6d3061f" dataRowInfo="1" resultType="DataDrivenDataRow" />
        <UnitTestResult executionId="9ecd4745-30e2-482a-9ab4-4be0d7712470" parentExecutionId="9506ed93-6d9f-4fdc-9c9d-9160a6d3061f" testId="1d63c318-78a9-9011-f5c0-0b01884a2881" testName="interrogative_sentences_do" computerName="ARPAN-LAP" duration="00:00:00.0225689" startTime="2014-06-25T20:32:15.9131284+05:30" endTime="2014-06-25T20:32:15.9361297+05:30" testType="13cdc9d9-ddb5-4fa4-a97d-d965ccfc6d4b" outcome="Passed" testListId="8c84fa94-04c1-424b-9868-57a2d4851a1d" relativeResultsDirectory="9506ed93-6d9f-4fdc-9c9d-9160a6d3061f" dataRowInfo="2" resultType="DataDrivenDataRow" />
        <UnitTestResult executionId="117176eb-2328-4693-bf71-4f708e2b6987" parentExecutionId="9506ed93-6d9f-4fdc-9c9d-9160a6d3061f" testId="1d63c318-78a9-9011-f5c0-0b01884a2881" testName="interrogative_sentences_do" computerName="ARPAN-LAP" duration="00:00:00.0207929" startTime="2014-06-25T20:32:15.9361297+05:30" endTime="2014-06-25T20:32:15.9571309+05:30" testType="13cdc9d9-ddb5-4fa4-a97d-d965ccfc6d4b" outcome="Passed" testListId="8c84fa94-04c1-424b-9868-57a2d4851a1d" relativeResultsDirectory="9506ed93-6d9f-4fdc-9c9d-9160a6d3061f" dataRowInfo="3" resultType="DataDrivenDataRow" />
        <UnitTestResult executionId="94972d87-b204-42ca-8fb2-911a48ac7180" parentExecutionId="9506ed93-6d9f-4fdc-9c9d-9160a6d3061f" testId="1d63c318-78a9-9011-f5c0-0b01884a2881" testName="interrogative_sentences_do" computerName="ARPAN-LAP" duration="00:00:00.0280906" startTime="2014-06-25T20:32:15.9571309+05:30" endTime="2014-06-25T20:32:15.9851325+05:30" testType="13cdc9d9-ddb5-4fa4-a97d-d965ccfc6d4b" outcome="Passed" testListId="8c84fa94-04c1-424b-9868-57a2d4851a1d" relativeResultsDirectory="9506ed93-6d9f-4fdc-9c9d-9160a6d3061f" dataRowInfo="4" resultType="DataDrivenDataRow" />
        <UnitTestResult executionId="be4702f6-b8fd-466a-af06-4c35c0439b41" parentExecutionId="9506ed93-6d9f-4fdc-9c9d-9160a6d3061f" testId="1d63c318-78a9-9011-f5c0-0b01884a2881" testName="interrogative_sentences_do" computerName="ARPAN-LAP" duration="00:00:00.0457922" startTime="2014-06-25T20:32:15.9851325+05:30" endTime="2014-06-25T20:32:16.0311351+05:30" testType="13cdc9d9-ddb5-4fa4-a97d-d965ccfc6d4b" outcome="Passed" testListId="8c84fa94-04c1-424b-9868-57a2d4851a1d" relativeResultsDirectory="9506ed93-6d9f-4fdc-9c9d-9160a6d3061f" dataRowInfo="5" resultType="DataDrivenDataRow" />
        <UnitTestResult executionId="ff39930f-4bea-4b03-aa02-1bb1b93966f7" parentExecutionId="9506ed93-6d9f-4fdc-9c9d-9160a6d3061f" testId="1d63c318-78a9-9011-f5c0-0b01884a2881" testName="interrogative_sentences_do" computerName="ARPAN-LAP" duration="00:00:00.0309716" startTime="2014-06-25T20:32:16.0311351+05:30" endTime="2014-06-25T20:32:16.0621369+05:30" testType="13cdc9d9-ddb5-4fa4-a97d-d965ccfc6d4b" outcome="Passed" testListId="8c84fa94-04c1-424b-9868-57a2d4851a1d" relativeResultsDirectory="9506ed93-6d9f-4fdc-9c9d-9160a6d3061f" dataRowInfo="6" resultType="DataDrivenDataRow" />
        <UnitTestResult executionId="122c785c-dd6b-45d8-9038-282d20663c69" parentExecutionId="9506ed93-6d9f-4fdc-9c9d-9160a6d3061f" testId="1d63c318-78a9-9011-f5c0-0b01884a2881" testName="interrogative_sentences_do" computerName="ARPAN-LAP" duration="00:00:00.0259734" startTime="2014-06-25T20:32:16.0621369+05:30" endTime="2014-06-25T20:32:16.0881384+05:30" testType="13cdc9d9-ddb5-4fa4-a97d-d965ccfc6d4b" outcome="Passed" testListId="8c84fa94-04c1-424b-9868-57a2d4851a1d" relativeResultsDirectory="9506ed93-6d9f-4fdc-9c9d-9160a6d3061f" dataRowInfo="7" resultType="DataDrivenDataRow" />
        <UnitTestResult executionId="7ebcff61-35f7-45e4-a6fe-bbb645704430" parentExecutionId="9506ed93-6d9f-4fdc-9c9d-9160a6d3061f" testId="1d63c318-78a9-9011-f5c0-0b01884a2881" testName="interrogative_sentences_do" computerName="ARPAN-LAP" duration="00:00:00.0280921" startTime="2014-06-25T20:32:16.0881384+05:30" endTime="2014-06-25T20:32:16.1161400+05:30" testType="13cdc9d9-ddb5-4fa4-a97d-d965ccfc6d4b" outcome="Passed" testListId="8c84fa94-04c1-424b-9868-57a2d4851a1d" relativeResultsDirectory="9506ed93-6d9f-4fdc-9c9d-9160a6d3061f" dataRowInfo="8" resultType="DataDrivenDataRow" />
      </InnerResults>
    </UnitTestResult>
    <UnitTestResult executionId="a4cda411-14a6-4ae4-ada2-2609524216da" testId="227f20ae-8e76-eb71-39b2-4ada3ce6aba8" testName="interrogative_sentences_how" computerName="ARPAN-LAP" duration="00:00:00.5767694" startTime="2014-06-25T20:32:16.1471417+05:30" endTime="2014-06-25T20:32:16.7801780+05:30" testType="13cdc9d9-ddb5-4fa4-a97d-d965ccfc6d4b" outcome="Failed" testListId="8c84fa94-04c1-424b-9868-57a2d4851a1d" relativeResultsDirectory="a4cda411-14a6-4ae4-ada2-2609524216da" resultType="DataDrivenTest">
      <Counters error="0" failed="2" timeout="0" aborted="0" inconclusive="0" passedButRunAborted="0" notRunnable="0" notExecuted="0" disconnected="0" warning="0" passed="16" completed="0" inProgress="0" pending="0" />
      <InnerResults>
        <UnitTestResult executionId="93fafe11-ae89-47d7-ac81-82a166b34af4" parentExecutionId="a4cda411-14a6-4ae4-ada2-2609524216da" testId="227f20ae-8e76-eb71-39b2-4ada3ce6aba8" testName="interrogative_sentences_how" computerName="ARPAN-LAP" duration="00:00:00.0248611" startTime="2014-06-25T20:32:16.1541421+05:30" endTime="2014-06-25T20:32:16.1791436+05:30" testType="13cdc9d9-ddb5-4fa4-a97d-d965ccfc6d4b" outcome="Passed" testListId="8c84fa94-04c1-424b-9868-57a2d4851a1d" relativeResultsDirectory="a4cda411-14a6-4ae4-ada2-2609524216da" dataRowInfo="0" resultType="DataDrivenDataRow" />
        <UnitTestResult executionId="6447a793-5274-4584-8e01-3f012dd10b07" parentExecutionId="a4cda411-14a6-4ae4-ada2-2609524216da" testId="227f20ae-8e76-eb71-39b2-4ada3ce6aba8" testName="interrogative_sentences_how" computerName="ARPAN-LAP" duration="00:00:00.0194076" startTime="2014-06-25T20:32:16.1791436+05:30" endTime="2014-06-25T20:32:16.1991447+05:30" testType="13cdc9d9-ddb5-4fa4-a97d-d965ccfc6d4b" outcome="Passed" testListId="8c84fa94-04c1-424b-9868-57a2d4851a1d" relativeResultsDirectory="a4cda411-14a6-4ae4-ada2-2609524216da" dataRowInfo="1" resultType="DataDrivenDataRow" />
        <UnitTestResult executionId="ca850152-019f-4727-a474-30585e0720ad" parentExecutionId="a4cda411-14a6-4ae4-ada2-2609524216da" testId="227f20ae-8e76-eb71-39b2-4ada3ce6aba8" testName="interrogative_sentences_how" computerName="ARPAN-LAP" duration="00:00:00.0273597" startTime="2014-06-25T20:32:16.1991447+05:30" endTime="2014-06-25T20:32:16.2261463+05:30" testType="13cdc9d9-ddb5-4fa4-a97d-d965ccfc6d4b" outcome="Failed" testListId="8c84fa94-04c1-424b-9868-57a2d4851a1d" relativeResultsDirectory="a4cda411-14a6-4ae4-ada2-2609524216da" dataRowInfo="2" resultType="DataDrivenDataRow">
          <Output>
            <ErrorInfo>
              <Message>Assert.AreEqual failed. Expected:&lt;এই মেশিন কাজটি কিভাবে করে ?&gt;. Actual:&lt;এই মেশিনটি করে কিভাবে কাজ ?&gt;. How does this machine work?</Message>
              <StackTrace>   at UnitTest.BnlpTest.interrogative_sentences_how() in D:\software\Project\BNLP\UnitTest\BnlpTest.cs:line 274
</StackTrace>
            </ErrorInfo>
          </Output>
        </UnitTestResult>
        <UnitTestResult executionId="a75af9dc-b3b5-44e6-8c17-6e95af68d76a" parentExecutionId="a4cda411-14a6-4ae4-ada2-2609524216da" testId="227f20ae-8e76-eb71-39b2-4ada3ce6aba8" testName="interrogative_sentences_how" computerName="ARPAN-LAP" duration="00:00:00.0382533" startTime="2014-06-25T20:32:16.2261463+05:30" endTime="2014-06-25T20:32:16.2641484+05:30" testType="13cdc9d9-ddb5-4fa4-a97d-d965ccfc6d4b" outcome="Passed" testListId="8c84fa94-04c1-424b-9868-57a2d4851a1d" relativeResultsDirectory="a4cda411-14a6-4ae4-ada2-2609524216da" dataRowInfo="3" resultType="DataDrivenDataRow" />
        <UnitTestResult executionId="4c0049c0-f2fd-42b2-864b-684d43720da6" parentExecutionId="a4cda411-14a6-4ae4-ada2-2609524216da" testId="227f20ae-8e76-eb71-39b2-4ada3ce6aba8" testName="interrogative_sentences_how" computerName="ARPAN-LAP" duration="00:00:00.0340281" startTime="2014-06-25T20:32:16.2641484+05:30" endTime="2014-06-25T20:32:16.2981504+05:30" testType="13cdc9d9-ddb5-4fa4-a97d-d965ccfc6d4b" outcome="Passed" testListId="8c84fa94-04c1-424b-9868-57a2d4851a1d" relativeResultsDirectory="a4cda411-14a6-4ae4-ada2-2609524216da" dataRowInfo="4" resultType="DataDrivenDataRow" />
        <UnitTestResult executionId="714a9f46-bd15-4621-b872-a3cfd39cd965" parentExecutionId="a4cda411-14a6-4ae4-ada2-2609524216da" testId="227f20ae-8e76-eb71-39b2-4ada3ce6aba8" testName="interrogative_sentences_how" computerName="ARPAN-LAP" duration="00:00:00.0281876" startTime="2014-06-25T20:32:16.2981504+05:30" endTime="2014-06-25T20:32:16.3271520+05:30" testType="13cdc9d9-ddb5-4fa4-a97d-d965ccfc6d4b" outcome="Passed" testListId="8c84fa94-04c1-424b-9868-57a2d4851a1d" relativeResultsDirectory="a4cda411-14a6-4ae4-ada2-2609524216da" dataRowInfo="5" resultType="DataDrivenDataRow" />
        <UnitTestResult executionId="ee35036d-c030-4813-a5a7-58fa0a4f9ee4" parentExecutionId="a4cda411-14a6-4ae4-ada2-2609524216da" testId="227f20ae-8e76-eb71-39b2-4ada3ce6aba8" testName="interrogative_sentences_how" computerName="ARPAN-LAP" duration="00:00:00.0376492" startTime="2014-06-25T20:32:16.3271520+05:30" endTime="2014-06-25T20:32:16.3641542+05:30" testType="13cdc9d9-ddb5-4fa4-a97d-d965ccfc6d4b" outcome="Passed" testListId="8c84fa94-04c1-424b-9868-57a2d4851a1d" relativeResultsDirectory="a4cda411-14a6-4ae4-ada2-2609524216da" dataRowInfo="6" resultType="DataDrivenDataRow" />
        <UnitTestResult executionId="6b67fa16-8909-4bed-8131-b3c4b2aa59a1" parentExecutionId="a4cda411-14a6-4ae4-ada2-2609524216da" testId="227f20ae-8e76-eb71-39b2-4ada3ce6aba8" testName="interrogative_sentences_how" computerName="ARPAN-LAP" duration="00:00:00.0272175" startTime="2014-06-25T20:32:16.3641542+05:30" endTime="2014-06-25T20:32:16.3921558+05:30" testType="13cdc9d9-ddb5-4fa4-a97d-d965ccfc6d4b" outcome="Passed" testListId="8c84fa94-04c1-424b-9868-57a2d4851a1d" relativeResultsDirectory="a4cda411-14a6-4ae4-ada2-2609524216da" dataRowInfo="7" resultType="DataDrivenDataRow" />
        <UnitTestResult executionId="14a6f16b-d33d-4928-9d31-62088cbe3536" parentExecutionId="a4cda411-14a6-4ae4-ada2-2609524216da" testId="227f20ae-8e76-eb71-39b2-4ada3ce6aba8" testName="interrogative_sentences_how" computerName="ARPAN-LAP" duration="00:00:00.0382246" startTime="2014-06-25T20:32:16.3921558+05:30" endTime="2014-06-25T20:32:16.4301579+05:30" testType="13cdc9d9-ddb5-4fa4-a97d-d965ccfc6d4b" outcome="Passed" testListId="8c84fa94-04c1-424b-9868-57a2d4851a1d" relativeResultsDirectory="a4cda411-14a6-4ae4-ada2-2609524216da" dataRowInfo="8" resultType="DataDrivenDataRow" />
        <UnitTestResult executionId="f05465a5-e928-4fb8-b396-a3600d3cef2d" parentExecutionId="a4cda411-14a6-4ae4-ada2-2609524216da" testId="227f20ae-8e76-eb71-39b2-4ada3ce6aba8" testName="interrogative_sentences_how" computerName="ARPAN-LAP" duration="00:00:00.0395904" startTime="2014-06-25T20:32:16.4301579+05:30" endTime="2014-06-25T20:32:16.4691602+05:30" testType="13cdc9d9-ddb5-4fa4-a97d-d965ccfc6d4b" outcome="Passed" testListId="8c84fa94-04c1-424b-9868-57a2d4851a1d" relativeResultsDirectory="a4cda411-14a6-4ae4-ada2-2609524216da" dataRowInfo="9" resultType="DataDrivenDataRow" />
        <UnitTestResult executionId="1b370ea4-824c-411d-8ccb-e18366e45663" parentExecutionId="a4cda411-14a6-4ae4-ada2-2609524216da" testId="227f20ae-8e76-eb71-39b2-4ada3ce6aba8" testName="interrogative_sentences_how" computerName="ARPAN-LAP" duration="00:00:00.0428912" startTime="2014-06-25T20:32:16.4701602+05:30" endTime="2014-06-25T20:32:16.5121626+05:30" testType="13cdc9d9-ddb5-4fa4-a97d-d965ccfc6d4b" outcome="Passed" testListId="8c84fa94-04c1-424b-9868-57a2d4851a1d" relativeResultsDirectory="a4cda411-14a6-4ae4-ada2-2609524216da" dataRowInfo="10" resultType="DataDrivenDataRow" />
        <UnitTestResult executionId="afefdaf9-5d2f-4119-8524-92c29fca1b0e" parentExecutionId="a4cda411-14a6-4ae4-ada2-2609524216da" testId="227f20ae-8e76-eb71-39b2-4ada3ce6aba8" testName="interrogative_sentences_how" computerName="ARPAN-LAP" duration="00:00:00.0271801" startTime="2014-06-25T20:32:16.5121626+05:30" endTime="2014-06-25T20:32:16.5401642+05:30" testType="13cdc9d9-ddb5-4fa4-a97d-d965ccfc6d4b" outcome="Passed" testListId="8c84fa94-04c1-424b-9868-57a2d4851a1d" relativeResultsDirectory="a4cda411-14a6-4ae4-ada2-2609524216da" dataRowInfo="11" resultType="DataDrivenDataRow" />
        <UnitTestResult executionId="77fb0060-d027-4c22-b44f-d3673e497e83" parentExecutionId="a4cda411-14a6-4ae4-ada2-2609524216da" testId="227f20ae-8e76-eb71-39b2-4ada3ce6aba8" testName="interrogative_sentences_how" computerName="ARPAN-LAP" duration="00:00:00.0232176" startTime="2014-06-25T20:32:16.5401642+05:30" endTime="2014-06-25T20:32:16.5631655+05:30" testType="13cdc9d9-ddb5-4fa4-a97d-d965ccfc6d4b" outcome="Passed" testListId="8c84fa94-04c1-424b-9868-57a2d4851a1d" relativeResultsDirectory="a4cda411-14a6-4ae4-ada2-2609524216da" dataRowInfo="12" resultType="DataDrivenDataRow" />
        <UnitTestResult executionId="7de9c8be-5537-49c9-916d-fc23e8d7b145" parentExecutionId="a4cda411-14a6-4ae4-ada2-2609524216da" testId="227f20ae-8e76-eb71-39b2-4ada3ce6aba8" testName="interrogative_sentences_how" computerName="ARPAN-LAP" duration="00:00:00.0315854" startTime="2014-06-25T20:32:16.5631655+05:30" endTime="2014-06-25T20:32:16.5951674+05:30" testType="13cdc9d9-ddb5-4fa4-a97d-d965ccfc6d4b" outcome="Passed" testListId="8c84fa94-04c1-424b-9868-57a2d4851a1d" relativeResultsDirectory="a4cda411-14a6-4ae4-ada2-2609524216da" dataRowInfo="13" resultType="DataDrivenDataRow" />
        <UnitTestResult executionId="6f2f9d78-bb25-4d55-bbb2-1d537e3f8835" parentExecutionId="a4cda411-14a6-4ae4-ada2-2609524216da" testId="227f20ae-8e76-eb71-39b2-4ada3ce6aba8" testName="interrogative_sentences_how" computerName="ARPAN-LAP" duration="00:00:00.0317974" startTime="2014-06-25T20:32:16.5951674+05:30" endTime="2014-06-25T20:32:16.6261691+05:30" testType="13cdc9d9-ddb5-4fa4-a97d-d965ccfc6d4b" outcome="Passed" testListId="8c84fa94-04c1-424b-9868-57a2d4851a1d" relativeResultsDirectory="a4cda411-14a6-4ae4-ada2-2609524216da" dataRowInfo="14" resultType="DataDrivenDataRow" />
        <UnitTestResult executionId="53e533d3-ec25-41b2-8b1b-af6c458fbc0d" parentExecutionId="a4cda411-14a6-4ae4-ada2-2609524216da" testId="227f20ae-8e76-eb71-39b2-4ada3ce6aba8" testName="interrogative_sentences_how" computerName="ARPAN-LAP" duration="00:00:00.0338182" startTime="2014-06-25T20:32:16.6261691+05:30" endTime="2014-06-25T20:32:16.6601711+05:30" testType="13cdc9d9-ddb5-4fa4-a97d-d965ccfc6d4b" outcome="Failed" testListId="8c84fa94-04c1-424b-9868-57a2d4851a1d" relativeResultsDirectory="a4cda411-14a6-4ae4-ada2-2609524216da" dataRowInfo="15" resultType="DataDrivenDataRow">
          <Output>
            <ErrorInfo>
              <Message>Assert.AreEqual failed. Expected:&lt;একটি ভাল ছাত্র হতে হয় কিভাবে ?&gt;. Actual:&lt;হয় কিভাবে একটি ভাল ছাত্র ?&gt;. How to be a good student?</Message>
              <StackTrace>   at UnitTest.BnlpTest.interrogative_sentences_how() in D:\software\Project\BNLP\UnitTest\BnlpTest.cs:line 274
</StackTrace>
            </ErrorInfo>
          </Output>
        </UnitTestResult>
        <UnitTestResult executionId="4fc9cdac-5f32-4891-ad37-fc6e6783863e" parentExecutionId="a4cda411-14a6-4ae4-ada2-2609524216da" testId="227f20ae-8e76-eb71-39b2-4ada3ce6aba8" testName="interrogative_sentences_how" computerName="ARPAN-LAP" duration="00:00:00.0299964" startTime="2014-06-25T20:32:16.6601711+05:30" endTime="2014-06-25T20:32:16.6901728+05:30" testType="13cdc9d9-ddb5-4fa4-a97d-d965ccfc6d4b" outcome="Passed" testListId="8c84fa94-04c1-424b-9868-57a2d4851a1d" relativeResultsDirectory="a4cda411-14a6-4ae4-ada2-2609524216da" dataRowInfo="16" resultType="DataDrivenDataRow" />
        <UnitTestResult executionId="e5b89a5b-d4ad-4602-956e-76f606aba904" parentExecutionId="a4cda411-14a6-4ae4-ada2-2609524216da" testId="227f20ae-8e76-eb71-39b2-4ada3ce6aba8" testName="interrogative_sentences_how" computerName="ARPAN-LAP" duration="00:00:00.0381429" startTime="2014-06-25T20:32:16.6901728+05:30" endTime="2014-06-25T20:32:16.7291750+05:30" testType="13cdc9d9-ddb5-4fa4-a97d-d965ccfc6d4b" outcome="Passed" testListId="8c84fa94-04c1-424b-9868-57a2d4851a1d" relativeResultsDirectory="a4cda411-14a6-4ae4-ada2-2609524216da" dataRowInfo="17" resultType="DataDrivenDataRow" />
      </InnerResults>
    </UnitTestResult>
    <UnitTestResult executionId="42f941b3-0b56-4188-bee4-00b2e3e60d9c" testId="30ab3285-6a8c-14d2-9725-bd60892ccd90" testName="second_person_tenses_active" computerName="ARPAN-LAP" duration="00:00:00.2057142" startTime="2014-06-25T20:32:16.7871784+05:30" endTime="2014-06-25T20:32:17.0251920+05:30" testType="13cdc9d9-ddb5-4fa4-a97d-d965ccfc6d4b" outcome="Passed" testListId="8c84fa94-04c1-424b-9868-57a2d4851a1d" relativeResultsDirectory="42f941b3-0b56-4188-bee4-00b2e3e60d9c" resultType="DataDrivenTest">
      <Counters error="0" failed="0" timeout="0" aborted="0" inconclusive="0" passedButRunAborted="0" notRunnable="0" notExecuted="0" disconnected="0" warning="0" passed="10" completed="0" inProgress="0" pending="0" />
      <InnerResults>
        <UnitTestResult executionId="74c4e34d-e0fc-48c2-a906-b90a78d48e3d" parentExecutionId="42f941b3-0b56-4188-bee4-00b2e3e60d9c" testId="30ab3285-6a8c-14d2-9725-bd60892ccd90" testName="second_person_tenses_active" computerName="ARPAN-LAP" duration="00:00:00.0172627" startTime="2014-06-25T20:32:16.7951788+05:30" endTime="2014-06-25T20:32:16.8121798+05:30" testType="13cdc9d9-ddb5-4fa4-a97d-d965ccfc6d4b" outcome="Passed" testListId="8c84fa94-04c1-424b-9868-57a2d4851a1d" relativeResultsDirectory="42f941b3-0b56-4188-bee4-00b2e3e60d9c" dataRowInfo="0" resultType="DataDrivenDataRow" />
        <UnitTestResult executionId="5c467637-d1f8-4d61-9d6e-8314d146dffa" parentExecutionId="42f941b3-0b56-4188-bee4-00b2e3e60d9c" testId="30ab3285-6a8c-14d2-9725-bd60892ccd90" testName="second_person_tenses_active" computerName="ARPAN-LAP" duration="00:00:00.0198650" startTime="2014-06-25T20:32:16.8121798+05:30" endTime="2014-06-25T20:32:16.8321809+05:30" testType="13cdc9d9-ddb5-4fa4-a97d-d965ccfc6d4b" outcome="Passed" testListId="8c84fa94-04c1-424b-9868-57a2d4851a1d" relativeResultsDirectory="42f941b3-0b56-4188-bee4-00b2e3e60d9c" dataRowInfo="1" resultType="DataDrivenDataRow" />
        <UnitTestResult executionId="acfd9e2a-c94a-4042-80bc-0e5604f45d53" parentExecutionId="42f941b3-0b56-4188-bee4-00b2e3e60d9c" testId="30ab3285-6a8c-14d2-9725-bd60892ccd90" testName="second_person_tenses_active" computerName="ARPAN-LAP" duration="00:00:00.0203803" startTime="2014-06-25T20:32:16.8321809+05:30" endTime="2014-06-25T20:32:16.8521821+05:30" testType="13cdc9d9-ddb5-4fa4-a97d-d965ccfc6d4b" outcome="Passed" testListId="8c84fa94-04c1-424b-9868-57a2d4851a1d" relativeResultsDirectory="42f941b3-0b56-4188-bee4-00b2e3e60d9c" dataRowInfo="2" resultType="DataDrivenDataRow" />
        <UnitTestResult executionId="0a2c0151-a2c2-417c-abd8-953d8dc4f9d9" parentExecutionId="42f941b3-0b56-4188-bee4-00b2e3e60d9c" testId="30ab3285-6a8c-14d2-9725-bd60892ccd90" testName="second_person_tenses_active" computerName="ARPAN-LAP" duration="00:00:00.0248498" startTime="2014-06-25T20:32:16.8521821+05:30" endTime="2014-06-25T20:32:16.8771835+05:30" testType="13cdc9d9-ddb5-4fa4-a97d-d965ccfc6d4b" outcome="Passed" testListId="8c84fa94-04c1-424b-9868-57a2d4851a1d" relativeResultsDirectory="42f941b3-0b56-4188-bee4-00b2e3e60d9c" dataRowInfo="3" resultType="DataDrivenDataRow" />
        <UnitTestResult executionId="22d6480c-2091-42f0-a1d5-ee781d00ce09" parentExecutionId="42f941b3-0b56-4188-bee4-00b2e3e60d9c" testId="30ab3285-6a8c-14d2-9725-bd60892ccd90" testName="second_person_tenses_active" computerName="ARPAN-LAP" duration="00:00:00.0151855" startTime="2014-06-25T20:32:16.8771835+05:30" endTime="2014-06-25T20:32:16.8921844+05:30" testType="13cdc9d9-ddb5-4fa4-a97d-d965ccfc6d4b" outcome="Passed" testListId="8c84fa94-04c1-424b-9868-57a2d4851a1d" relativeResultsDirectory="42f941b3-0b56-4188-bee4-00b2e3e60d9c" dataRowInfo="4" resultType="DataDrivenDataRow" />
        <UnitTestResult executionId="cde4daa0-b035-4c0d-b6f6-ef55cbc30c24" parentExecutionId="42f941b3-0b56-4188-bee4-00b2e3e60d9c" testId="30ab3285-6a8c-14d2-9725-bd60892ccd90" testName="second_person_tenses_active" computerName="ARPAN-LAP" duration="00:00:00.0182887" startTime="2014-06-25T20:32:16.8921844+05:30" endTime="2014-06-25T20:32:16.9111854+05:30" testType="13cdc9d9-ddb5-4fa4-a97d-d965ccfc6d4b" outcome="Passed" testListId="8c84fa94-04c1-424b-9868-57a2d4851a1d" relativeResultsDirectory="42f941b3-0b56-4188-bee4-00b2e3e60d9c" dataRowInfo="5" resultType="DataDrivenDataRow" />
        <UnitTestResult executionId="9f370248-2db2-4633-af13-97b030bb8e08" parentExecutionId="42f941b3-0b56-4188-bee4-00b2e3e60d9c" testId="30ab3285-6a8c-14d2-9725-bd60892ccd90" testName="second_person_tenses_active" computerName="ARPAN-LAP" duration="00:00:00.0181291" startTime="2014-06-25T20:32:16.9111854+05:30" endTime="2014-06-25T20:32:16.9291865+05:30" testType="13cdc9d9-ddb5-4fa4-a97d-d965ccfc6d4b" outcome="Passed" testListId="8c84fa94-04c1-424b-9868-57a2d4851a1d" relativeResultsDirectory="42f941b3-0b56-4188-bee4-00b2e3e60d9c" dataRowInfo="6" resultType="DataDrivenDataRow" />
        <UnitTestResult executionId="05a43ff1-109f-4bbc-8d3d-401db233e5db" parentExecutionId="42f941b3-0b56-4188-bee4-00b2e3e60d9c" testId="30ab3285-6a8c-14d2-9725-bd60892ccd90" testName="second_person_tenses_active" computerName="ARPAN-LAP" duration="00:00:00.0247908" startTime="2014-06-25T20:32:16.9291865+05:30" endTime="2014-06-25T20:32:16.9541879+05:30" testType="13cdc9d9-ddb5-4fa4-a97d-d965ccfc6d4b" outcome="Passed" testListId="8c84fa94-04c1-424b-9868-57a2d4851a1d" relativeResultsDirectory="42f941b3-0b56-4188-bee4-00b2e3e60d9c" dataRowInfo="7" resultType="DataDrivenDataRow" />
        <UnitTestResult executionId="0033ca96-1faf-4065-8f47-965b509d9e5c" parentExecutionId="42f941b3-0b56-4188-bee4-00b2e3e60d9c" testId="30ab3285-6a8c-14d2-9725-bd60892ccd90" testName="second_person_tenses_active" computerName="ARPAN-LAP" duration="00:00:00.0193496" startTime="2014-06-25T20:32:16.9541879+05:30" endTime="2014-06-25T20:32:16.9731890+05:30" testType="13cdc9d9-ddb5-4fa4-a97d-d965ccfc6d4b" outcome="Passed" testListId="8c84fa94-04c1-424b-9868-57a2d4851a1d" relativeResultsDirectory="42f941b3-0b56-4188-bee4-00b2e3e60d9c" dataRowInfo="8" resultType="DataDrivenDataRow" />
        <UnitTestResult executionId="4b6102af-3ca3-41d7-b3ce-5987c80024dc" parentExecutionId="42f941b3-0b56-4188-bee4-00b2e3e60d9c" testId="30ab3285-6a8c-14d2-9725-bd60892ccd90" testName="second_person_tenses_active" computerName="ARPAN-LAP" duration="00:00:00.0221218" startTime="2014-06-25T20:32:16.9731890+05:30" endTime="2014-06-25T20:32:16.9951902+05:30" testType="13cdc9d9-ddb5-4fa4-a97d-d965ccfc6d4b" outcome="Passed" testListId="8c84fa94-04c1-424b-9868-57a2d4851a1d" relativeResultsDirectory="42f941b3-0b56-4188-bee4-00b2e3e60d9c" dataRowInfo="9" resultType="DataDrivenDataRow" />
      </InnerResults>
    </UnitTestResult>
    <UnitTestResult executionId="6cbf1ebf-7d09-457a-b8d6-99f266af1c54" testId="32b5d279-0d23-e5ad-0301-234c8788f740" testName="interrogative_sentences_who" computerName="ARPAN-LAP" duration="00:00:00.1212528" startTime="2014-06-25T20:32:17.0311923+05:30" endTime="2014-06-25T20:32:17.1802008+05:30" testType="13cdc9d9-ddb5-4fa4-a97d-d965ccfc6d4b" outcome="Passed" testListId="8c84fa94-04c1-424b-9868-57a2d4851a1d" relativeResultsDirectory="6cbf1ebf-7d09-457a-b8d6-99f266af1c54" resultType="DataDrivenTest">
      <Counters error="0" failed="0" timeout="0" aborted="0" inconclusive="0" passedButRunAborted="0" notRunnable="0" notExecuted="0" disconnected="0" warning="0" passed="4" completed="0" inProgress="0" pending="0" />
      <InnerResults>
        <UnitTestResult executionId="bda17bf0-4c75-41e9-8897-54b9bac98752" parentExecutionId="6cbf1ebf-7d09-457a-b8d6-99f266af1c54" testId="32b5d279-0d23-e5ad-0301-234c8788f740" testName="interrogative_sentences_who" computerName="ARPAN-LAP" duration="00:00:00.0196704" startTime="2014-06-25T20:32:17.0371927+05:30" endTime="2014-06-25T20:32:17.0571938+05:30" testType="13cdc9d9-ddb5-4fa4-a97d-d965ccfc6d4b" outcome="Passed" testListId="8c84fa94-04c1-424b-9868-57a2d4851a1d" relativeResultsDirectory="6cbf1ebf-7d09-457a-b8d6-99f266af1c54" dataRowInfo="0" resultType="DataDrivenDataRow" />
        <UnitTestResult executionId="faaa2531-e566-40fd-bf7c-ae247a318902" parentExecutionId="6cbf1ebf-7d09-457a-b8d6-99f266af1c54" testId="32b5d279-0d23-e5ad-0301-234c8788f740" testName="interrogative_sentences_who" computerName="ARPAN-LAP" duration="00:00:00.0237704" startTime="2014-06-25T20:32:17.0571938+05:30" endTime="2014-06-25T20:32:17.0811952+05:30" testType="13cdc9d9-ddb5-4fa4-a97d-d965ccfc6d4b" outcome="Passed" testListId="8c84fa94-04c1-424b-9868-57a2d4851a1d" relativeResultsDirectory="6cbf1ebf-7d09-457a-b8d6-99f266af1c54" dataRowInfo="1" resultType="DataDrivenDataRow" />
        <UnitTestResult executionId="b21c5045-a9ac-42c6-9cb5-d42eedc6a54a" parentExecutionId="6cbf1ebf-7d09-457a-b8d6-99f266af1c54" testId="32b5d279-0d23-e5ad-0301-234c8788f740" testName="interrogative_sentences_who" computerName="ARPAN-LAP" duration="00:00:00.0344351" startTime="2014-06-25T20:32:17.0811952+05:30" endTime="2014-06-25T20:32:17.1151971+05:30" testType="13cdc9d9-ddb5-4fa4-a97d-d965ccfc6d4b" outcome="Passed" testListId="8c84fa94-04c1-424b-9868-57a2d4851a1d" relativeResultsDirectory="6cbf1ebf-7d09-457a-b8d6-99f266af1c54" dataRowInfo="2" resultType="DataDrivenDataRow" />
        <UnitTestResult executionId="d4e854df-bedf-4dad-8b77-82166d88ce5c" parentExecutionId="6cbf1ebf-7d09-457a-b8d6-99f266af1c54" testId="32b5d279-0d23-e5ad-0301-234c8788f740" testName="interrogative_sentences_who" computerName="ARPAN-LAP" duration="00:00:00.0414869" startTime="2014-06-25T20:32:17.1151971+05:30" endTime="2014-06-25T20:32:17.1571995+05:30" testType="13cdc9d9-ddb5-4fa4-a97d-d965ccfc6d4b" outcome="Passed" testListId="8c84fa94-04c1-424b-9868-57a2d4851a1d" relativeResultsDirectory="6cbf1ebf-7d09-457a-b8d6-99f266af1c54" dataRowInfo="3" resultType="DataDrivenDataRow" />
      </InnerResults>
    </UnitTestResult>
    <UnitTestResult executionId="23f3ee5e-ea0e-458d-b3cc-dc2fc4d14243" testId="39dcb97e-c73f-c645-a77c-64d9eba0a3a3" testName="interrogative_sentences_aux" computerName="ARPAN-LAP" duration="00:00:00.4483667" startTime="2014-06-25T20:32:17.1822009+05:30" endTime="2014-06-25T20:32:17.6932302+05:30" testType="13cdc9d9-ddb5-4fa4-a97d-d965ccfc6d4b" outcome="Passed" testListId="8c84fa94-04c1-424b-9868-57a2d4851a1d" relativeResultsDirectory="23f3ee5e-ea0e-458d-b3cc-dc2fc4d14243" resultType="DataDrivenTest">
      <Counters error="0" failed="0" timeout="0" aborted="0" inconclusive="0" passedButRunAborted="0" notRunnable="0" notExecuted="0" disconnected="0" warning="0" passed="20" completed="0" inProgress="0" pending="0" />
      <InnerResults>
        <UnitTestResult executionId="5b12619e-dd7a-4895-9c09-b956d2a1aa6b" parentExecutionId="23f3ee5e-ea0e-458d-b3cc-dc2fc4d14243" testId="39dcb97e-c73f-c645-a77c-64d9eba0a3a3" testName="interrogative_sentences_aux" computerName="ARPAN-LAP" duration="00:00:00.0207586" startTime="2014-06-25T20:32:17.1892013+05:30" endTime="2014-06-25T20:32:17.2102025+05:30" testType="13cdc9d9-ddb5-4fa4-a97d-d965ccfc6d4b" outcome="Passed" testListId="8c84fa94-04c1-424b-9868-57a2d4851a1d" relativeResultsDirectory="23f3ee5e-ea0e-458d-b3cc-dc2fc4d14243" dataRowInfo="0" resultType="DataDrivenDataRow" />
        <UnitTestResult executionId="d2babf7f-c36b-4cb1-8410-70aac8f39c00" parentExecutionId="23f3ee5e-ea0e-458d-b3cc-dc2fc4d14243" testId="39dcb97e-c73f-c645-a77c-64d9eba0a3a3" testName="interrogative_sentences_aux" computerName="ARPAN-LAP" duration="00:00:00.0215202" startTime="2014-06-25T20:32:17.2102025+05:30" endTime="2014-06-25T20:32:17.2322038+05:30" testType="13cdc9d9-ddb5-4fa4-a97d-d965ccfc6d4b" outcome="Passed" testListId="8c84fa94-04c1-424b-9868-57a2d4851a1d" relativeResultsDirectory="23f3ee5e-ea0e-458d-b3cc-dc2fc4d14243" dataRowInfo="1" resultType="DataDrivenDataRow" />
        <UnitTestResult executionId="ce7c3c67-01c1-41dd-b1e5-4f11f07bcd24" parentExecutionId="23f3ee5e-ea0e-458d-b3cc-dc2fc4d14243" testId="39dcb97e-c73f-c645-a77c-64d9eba0a3a3" testName="interrogative_sentences_aux" computerName="ARPAN-LAP" duration="00:00:00.0205019" startTime="2014-06-25T20:32:17.2322038+05:30" endTime="2014-06-25T20:32:17.2522049+05:30" testType="13cdc9d9-ddb5-4fa4-a97d-d965ccfc6d4b" outcome="Passed" testListId="8c84fa94-04c1-424b-9868-57a2d4851a1d" relativeResultsDirectory="23f3ee5e-ea0e-458d-b3cc-dc2fc4d14243" dataRowInfo="2" resultType="DataDrivenDataRow" />
        <UnitTestResult executionId="19ec9ef9-a097-4ee4-add4-5509492c55a1" parentExecutionId="23f3ee5e-ea0e-458d-b3cc-dc2fc4d14243" testId="39dcb97e-c73f-c645-a77c-64d9eba0a3a3" testName="interrogative_sentences_aux" computerName="ARPAN-LAP" duration="00:00:00.0254719" startTime="2014-06-25T20:32:17.2522049+05:30" endTime="2014-06-25T20:32:17.2782064+05:30" testType="13cdc9d9-ddb5-4fa4-a97d-d965ccfc6d4b" outcome="Passed" testListId="8c84fa94-04c1-424b-9868-57a2d4851a1d" relativeResultsDirectory="23f3ee5e-ea0e-458d-b3cc-dc2fc4d14243" dataRowInfo="3" resultType="DataDrivenDataRow" />
        <UnitTestResult executionId="55696517-2558-4ea6-8a82-cab9026d7abe" parentExecutionId="23f3ee5e-ea0e-458d-b3cc-dc2fc4d14243" testId="39dcb97e-c73f-c645-a77c-64d9eba0a3a3" testName="interrogative_sentences_aux" computerName="ARPAN-LAP" duration="00:00:00.0201950" startTime="2014-06-25T20:32:17.2782064+05:30" endTime="2014-06-25T20:32:17.2982076+05:30" testType="13cdc9d9-ddb5-4fa4-a97d-d965ccfc6d4b" outcome="Passed" testListId="8c84fa94-04c1-424b-9868-57a2d4851a1d" relativeResultsDirectory="23f3ee5e-ea0e-458d-b3cc-dc2fc4d14243" dataRowInfo="4" resultType="DataDrivenDataRow" />
        <UnitTestResult executionId="ab5669f1-0d9a-44df-bb7e-88b596eaabe9" parentExecutionId="23f3ee5e-ea0e-458d-b3cc-dc2fc4d14243" testId="39dcb97e-c73f-c645-a77c-64d9eba0a3a3" testName="interrogative_sentences_aux" computerName="ARPAN-LAP" duration="00:00:00.0201929" startTime="2014-06-25T20:32:17.2982076+05:30" endTime="2014-06-25T20:32:17.3182087+05:30" testType="13cdc9d9-ddb5-4fa4-a97d-d965ccfc6d4b" outcome="Passed" testListId="8c84fa94-04c1-424b-9868-57a2d4851a1d" relativeResultsDirectory="23f3ee5e-ea0e-458d-b3cc-dc2fc4d14243" dataRowInfo="5" resultType="DataDrivenDataRow" />
        <UnitTestResult executionId="949d33dc-729d-4d74-8846-9f425ca43b3a" parentExecutionId="23f3ee5e-ea0e-458d-b3cc-dc2fc4d14243" testId="39dcb97e-c73f-c645-a77c-64d9eba0a3a3" testName="interrogative_sentences_aux" computerName="ARPAN-LAP" duration="00:00:00.0194656" startTime="2014-06-25T20:32:17.3182087+05:30" endTime="2014-06-25T20:32:17.3382099+05:30" testType="13cdc9d9-ddb5-4fa4-a97d-d965ccfc6d4b" outcome="Passed" testListId="8c84fa94-04c1-424b-9868-57a2d4851a1d" relativeResultsDirectory="23f3ee5e-ea0e-458d-b3cc-dc2fc4d14243" dataRowInfo="6" resultType="DataDrivenDataRow" />
        <UnitTestResult executionId="104f11d7-61b5-41ae-a980-f0197bfb6582" parentExecutionId="23f3ee5e-ea0e-458d-b3cc-dc2fc4d14243" testId="39dcb97e-c73f-c645-a77c-64d9eba0a3a3" testName="interrogative_sentences_aux" computerName="ARPAN-LAP" duration="00:00:00.0341549" startTime="2014-06-25T20:32:17.3382099+05:30" endTime="2014-06-25T20:32:17.3722118+05:30" testType="13cdc9d9-ddb5-4fa4-a97d-d965ccfc6d4b" outcome="Passed" testListId="8c84fa94-04c1-424b-9868-57a2d4851a1d" relativeResultsDirectory="23f3ee5e-ea0e-458d-b3cc-dc2fc4d14243" dataRowInfo="7" resultType="DataDrivenDataRow" />
        <UnitTestResult executionId="193d6aca-fa1d-49c2-9e32-e0d6f17b9a00" parentExecutionId="23f3ee5e-ea0e-458d-b3cc-dc2fc4d14243" testId="39dcb97e-c73f-c645-a77c-64d9eba0a3a3" testName="interrogative_sentences_aux" computerName="ARPAN-LAP" duration="00:00:00.0197012" startTime="2014-06-25T20:32:17.3722118+05:30" endTime="2014-06-25T20:32:17.3922130+05:30" testType="13cdc9d9-ddb5-4fa4-a97d-d965ccfc6d4b" outcome="Passed" testListId="8c84fa94-04c1-424b-9868-57a2d4851a1d" relativeResultsDirectory="23f3ee5e-ea0e-458d-b3cc-dc2fc4d14243" dataRowInfo="8" resultType="DataDrivenDataRow" />
        <UnitTestResult executionId="6ae74636-1ca5-451f-8b0f-95348bb6a88e" parentExecutionId="23f3ee5e-ea0e-458d-b3cc-dc2fc4d14243" testId="39dcb97e-c73f-c645-a77c-64d9eba0a3a3" testName="interrogative_sentences_aux" computerName="ARPAN-LAP" duration="00:00:00.0271169" startTime="2014-06-25T20:32:17.3922130+05:30" endTime="2014-06-25T20:32:17.4192145+05:30" testType="13cdc9d9-ddb5-4fa4-a97d-d965ccfc6d4b" outcome="Passed" testListId="8c84fa94-04c1-424b-9868-57a2d4851a1d" relativeResultsDirectory="23f3ee5e-ea0e-458d-b3cc-dc2fc4d14243" dataRowInfo="9" resultType="DataDrivenDataRow" />
        <UnitTestResult executionId="ba4dadd6-59fb-4746-b040-a9187dc4dbc6" parentExecutionId="23f3ee5e-ea0e-458d-b3cc-dc2fc4d14243" testId="39dcb97e-c73f-c645-a77c-64d9eba0a3a3" testName="interrogative_sentences_aux" computerName="ARPAN-LAP" duration="00:00:00.0185885" startTime="2014-06-25T20:32:17.4192145+05:30" endTime="2014-06-25T20:32:17.4382156+05:30" testType="13cdc9d9-ddb5-4fa4-a97d-d965ccfc6d4b" outcome="Passed" testListId="8c84fa94-04c1-424b-9868-57a2d4851a1d" relativeResultsDirectory="23f3ee5e-ea0e-458d-b3cc-dc2fc4d14243" dataRowInfo="10" resultType="DataDrivenDataRow" />
        <UnitTestResult executionId="692c0f67-2bec-41b6-adfe-ac020265f865" parentExecutionId="23f3ee5e-ea0e-458d-b3cc-dc2fc4d14243" testId="39dcb97e-c73f-c645-a77c-64d9eba0a3a3" testName="interrogative_sentences_aux" computerName="ARPAN-LAP" duration="00:00:00.0211255" startTime="2014-06-25T20:32:17.4382156+05:30" endTime="2014-06-25T20:32:17.4592168+05:30" testType="13cdc9d9-ddb5-4fa4-a97d-d965ccfc6d4b" outcome="Passed" testListId="8c84fa94-04c1-424b-9868-57a2d4851a1d" relativeResultsDirectory="23f3ee5e-ea0e-458d-b3cc-dc2fc4d14243" dataRowInfo="11" resultType="DataDrivenDataRow" />
        <UnitTestResult executionId="87bd788f-4415-49d7-8184-5397ac60e95c" parentExecutionId="23f3ee5e-ea0e-458d-b3cc-dc2fc4d14243" testId="39dcb97e-c73f-c645-a77c-64d9eba0a3a3" testName="interrogative_sentences_aux" computerName="ARPAN-LAP" duration="00:00:00.0241287" startTime="2014-06-25T20:32:17.4592168+05:30" endTime="2014-06-25T20:32:17.4832182+05:30" testType="13cdc9d9-ddb5-4fa4-a97d-d965ccfc6d4b" outcome="Passed" testListId="8c84fa94-04c1-424b-9868-57a2d4851a1d" relativeResultsDirectory="23f3ee5e-ea0e-458d-b3cc-dc2fc4d14243" dataRowInfo="12" resultType="DataDrivenDataRow" />
        <UnitTestResult executionId="55d4a9ac-3a7f-4bf2-866d-a94e2aabb6f6" parentExecutionId="23f3ee5e-ea0e-458d-b3cc-dc2fc4d14243" testId="39dcb97e-c73f-c645-a77c-64d9eba0a3a3" testName="interrogative_sentences_aux" computerName="ARPAN-LAP" duration="00:00:00.0312113" startTime="2014-06-25T20:32:17.4832182+05:30" endTime="2014-06-25T20:32:17.5142199+05:30" testType="13cdc9d9-ddb5-4fa4-a97d-d965ccfc6d4b" outcome="Passed" testListId="8c84fa94-04c1-424b-9868-57a2d4851a1d" relativeResultsDirectory="23f3ee5e-ea0e-458d-b3cc-dc2fc4d14243" dataRowInfo="13" resultType="DataDrivenDataRow" />
        <UnitTestResult executionId="f404d619-d1f0-4b8c-babd-afd5d91a6bbc" parentExecutionId="23f3ee5e-ea0e-458d-b3cc-dc2fc4d14243" testId="39dcb97e-c73f-c645-a77c-64d9eba0a3a3" testName="interrogative_sentences_aux" computerName="ARPAN-LAP" duration="00:00:00.0217979" startTime="2014-06-25T20:32:17.5142199+05:30" endTime="2014-06-25T20:32:17.5362212+05:30" testType="13cdc9d9-ddb5-4fa4-a97d-d965ccfc6d4b" outcome="Passed" testListId="8c84fa94-04c1-424b-9868-57a2d4851a1d" relativeResultsDirectory="23f3ee5e-ea0e-458d-b3cc-dc2fc4d14243" dataRowInfo="14" resultType="DataDrivenDataRow" />
        <UnitTestResult executionId="9458ed91-1903-4b75-a2e8-9aa3705c4e40" parentExecutionId="23f3ee5e-ea0e-458d-b3cc-dc2fc4d14243" testId="39dcb97e-c73f-c645-a77c-64d9eba0a3a3" testName="interrogative_sentences_aux" computerName="ARPAN-LAP" duration="00:00:00.0196971" startTime="2014-06-25T20:32:17.5362212+05:30" endTime="2014-06-25T20:32:17.5562223+05:30" testType="13cdc9d9-ddb5-4fa4-a97d-d965ccfc6d4b" outcome="Passed" testListId="8c84fa94-04c1-424b-9868-57a2d4851a1d" relativeResultsDirectory="23f3ee5e-ea0e-458d-b3cc-dc2fc4d14243" dataRowInfo="15" resultType="DataDrivenDataRow" />
        <UnitTestResult executionId="fb667e20-8ca9-4116-a982-8dfdff0e6d0b" parentExecutionId="23f3ee5e-ea0e-458d-b3cc-dc2fc4d14243" testId="39dcb97e-c73f-c645-a77c-64d9eba0a3a3" testName="interrogative_sentences_aux" computerName="ARPAN-LAP" duration="00:00:00.0178257" startTime="2014-06-25T20:32:17.5562223+05:30" endTime="2014-06-25T20:32:17.5742234+05:30" testType="13cdc9d9-ddb5-4fa4-a97d-d965ccfc6d4b" outcome="Passed" testListId="8c84fa94-04c1-424b-9868-57a2d4851a1d" relativeResultsDirectory="23f3ee5e-ea0e-458d-b3cc-dc2fc4d14243" dataRowInfo="16" resultType="DataDrivenDataRow" />
        <UnitTestResult executionId="2b35a51b-824a-4b8b-a1e4-dbad867036f0" parentExecutionId="23f3ee5e-ea0e-458d-b3cc-dc2fc4d14243" testId="39dcb97e-c73f-c645-a77c-64d9eba0a3a3" testName="interrogative_sentences_aux" computerName="ARPAN-LAP" duration="00:00:00.0242914" startTime="2014-06-25T20:32:17.5742234+05:30" endTime="2014-06-25T20:32:17.5982247+05:30" testType="13cdc9d9-ddb5-4fa4-a97d-d965ccfc6d4b" outcome="Passed" testListId="8c84fa94-04c1-424b-9868-57a2d4851a1d" relativeResultsDirectory="23f3ee5e-ea0e-458d-b3cc-dc2fc4d14243" dataRowInfo="17" resultType="DataDrivenDataRow" />
        <UnitTestResult executionId="57105345-3e81-4a25-a299-9a17d54a625e" parentExecutionId="23f3ee5e-ea0e-458d-b3cc-dc2fc4d14243" testId="39dcb97e-c73f-c645-a77c-64d9eba0a3a3" testName="interrogative_sentences_aux" computerName="ARPAN-LAP" duration="00:00:00.0161417" startTime="2014-06-25T20:32:17.5982247+05:30" endTime="2014-06-25T20:32:17.6142257+05:30" testType="13cdc9d9-ddb5-4fa4-a97d-d965ccfc6d4b" outcome="Passed" testListId="8c84fa94-04c1-424b-9868-57a2d4851a1d" relativeResultsDirectory="23f3ee5e-ea0e-458d-b3cc-dc2fc4d14243" dataRowInfo="18" resultType="DataDrivenDataRow" />
        <UnitTestResult executionId="1a806649-531e-4e34-92d7-08415dd81438" parentExecutionId="23f3ee5e-ea0e-458d-b3cc-dc2fc4d14243" testId="39dcb97e-c73f-c645-a77c-64d9eba0a3a3" testName="interrogative_sentences_aux" computerName="ARPAN-LAP" duration="00:00:00.0215726" startTime="2014-06-25T20:32:17.6142257+05:30" endTime="2014-06-25T20:32:17.6362269+05:30" testType="13cdc9d9-ddb5-4fa4-a97d-d965ccfc6d4b" outcome="Passed" testListId="8c84fa94-04c1-424b-9868-57a2d4851a1d" relativeResultsDirectory="23f3ee5e-ea0e-458d-b3cc-dc2fc4d14243" dataRowInfo="19" resultType="DataDrivenDataRow" />
      </InnerResults>
    </UnitTestResult>
    <UnitTestResult executionId="564534a1-246c-4447-b7d5-0b163b8d377c" testId="4e91a3b9-9eae-ebff-0b97-303f00578a78" testName="interrogative_sentences_whom" computerName="ARPAN-LAP" duration="00:00:00.0594728" startTime="2014-06-25T20:32:17.7012306+05:30" endTime="2014-06-25T20:32:17.7722347+05:30" testType="13cdc9d9-ddb5-4fa4-a97d-d965ccfc6d4b" outcome="Passed" testListId="8c84fa94-04c1-424b-9868-57a2d4851a1d" relativeResultsDirectory="564534a1-246c-4447-b7d5-0b163b8d377c" resultType="DataDrivenTest">
      <Counters error="0" failed="0" timeout="0" aborted="0" inconclusive="0" passedButRunAborted="0" notRunnable="0" notExecuted="0" disconnected="0" warning="0" passed="2" completed="0" inProgress="0" pending="0" />
      <InnerResults>
        <UnitTestResult executionId="02154c9d-9803-4554-9b28-ffc049e79383" parentExecutionId="564534a1-246c-4447-b7d5-0b163b8d377c" testId="4e91a3b9-9eae-ebff-0b97-303f00578a78" testName="interrogative_sentences_whom" computerName="ARPAN-LAP" duration="00:00:00.0331340" startTime="2014-06-25T20:32:17.7062309+05:30" endTime="2014-06-25T20:32:17.7392328+05:30" testType="13cdc9d9-ddb5-4fa4-a97d-d965ccfc6d4b" outcome="Passed" testListId="8c84fa94-04c1-424b-9868-57a2d4851a1d" relativeResultsDirectory="564534a1-246c-4447-b7d5-0b163b8d377c" dataRowInfo="0" resultType="DataDrivenDataRow" />
        <UnitTestResult executionId="cd8c2ec9-37c6-4507-b6db-e674c07fd736" parentExecutionId="564534a1-246c-4447-b7d5-0b163b8d377c" testId="4e91a3b9-9eae-ebff-0b97-303f00578a78" testName="interrogative_sentences_whom" computerName="ARPAN-LAP" duration="00:00:00.0244197" startTime="2014-06-25T20:32:17.7392328+05:30" endTime="2014-06-25T20:32:17.7632342+05:30" testType="13cdc9d9-ddb5-4fa4-a97d-d965ccfc6d4b" outcome="Passed" testListId="8c84fa94-04c1-424b-9868-57a2d4851a1d" relativeResultsDirectory="564534a1-246c-4447-b7d5-0b163b8d377c" dataRowInfo="1" resultType="DataDrivenDataRow" />
      </InnerResults>
    </UnitTestResult>
    <UnitTestResult executionId="aa4f7bf9-b227-42fd-870a-c5c36a66f410" testId="533e7939-123c-ce84-5c5c-d5a21d1d95b9" testName="special_handling_do_verb" computerName="ARPAN-LAP" duration="00:00:00.3622825" startTime="2014-06-25T20:32:17.7742348+05:30" endTime="2014-06-25T20:32:18.1782579+05:30" testType="13cdc9d9-ddb5-4fa4-a97d-d965ccfc6d4b" outcome="Passed" testListId="8c84fa94-04c1-424b-9868-57a2d4851a1d" relativeResultsDirectory="aa4f7bf9-b227-42fd-870a-c5c36a66f410" resultType="DataDrivenTest">
      <Counters error="0" failed="0" timeout="0" aborted="0" inconclusive="0" passedButRunAborted="0" notRunnable="0" notExecuted="0" disconnected="0" warning="0" passed="13" completed="0" inProgress="0" pending="0" />
      <InnerResults>
        <UnitTestResult executionId="472366d3-65e7-4c1f-aa38-918f358117c3" parentExecutionId="aa4f7bf9-b227-42fd-870a-c5c36a66f410" testId="533e7939-123c-ce84-5c5c-d5a21d1d95b9" testName="special_handling_do_verb" computerName="ARPAN-LAP" duration="00:00:00.0222594" startTime="2014-06-25T20:32:17.7802352+05:30" endTime="2014-06-25T20:32:17.8032365+05:30" testType="13cdc9d9-ddb5-4fa4-a97d-d965ccfc6d4b" outcome="Passed" testListId="8c84fa94-04c1-424b-9868-57a2d4851a1d" relativeResultsDirectory="aa4f7bf9-b227-42fd-870a-c5c36a66f410" dataRowInfo="0" resultType="DataDrivenDataRow" />
        <UnitTestResult executionId="7472d531-bad2-481d-9ff5-d84d064c4e60" parentExecutionId="aa4f7bf9-b227-42fd-870a-c5c36a66f410" testId="533e7939-123c-ce84-5c5c-d5a21d1d95b9" testName="special_handling_do_verb" computerName="ARPAN-LAP" duration="00:00:00.0226074" startTime="2014-06-25T20:32:17.8032365+05:30" endTime="2014-06-25T20:32:17.8252377+05:30" testType="13cdc9d9-ddb5-4fa4-a97d-d965ccfc6d4b" outcome="Passed" testListId="8c84fa94-04c1-424b-9868-57a2d4851a1d" relativeResultsDirectory="aa4f7bf9-b227-42fd-870a-c5c36a66f410" dataRowInfo="1" resultType="DataDrivenDataRow" />
        <UnitTestResult executionId="bef856ff-03c3-4b18-b092-cefc50f27366" parentExecutionId="aa4f7bf9-b227-42fd-870a-c5c36a66f410" testId="533e7939-123c-ce84-5c5c-d5a21d1d95b9" testName="special_handling_do_verb" computerName="ARPAN-LAP" duration="00:00:00.0258722" startTime="2014-06-25T20:32:17.8252377+05:30" endTime="2014-06-25T20:32:17.8512392+05:30" testType="13cdc9d9-ddb5-4fa4-a97d-d965ccfc6d4b" outcome="Passed" testListId="8c84fa94-04c1-424b-9868-57a2d4851a1d" relativeResultsDirectory="aa4f7bf9-b227-42fd-870a-c5c36a66f410" dataRowInfo="2" resultType="DataDrivenDataRow" />
        <UnitTestResult executionId="1efaa58f-5f80-475a-abcc-ee3b3d7a4096" parentExecutionId="aa4f7bf9-b227-42fd-870a-c5c36a66f410" testId="533e7939-123c-ce84-5c5c-d5a21d1d95b9" testName="special_handling_do_verb" computerName="ARPAN-LAP" duration="00:00:00.0345018" startTime="2014-06-25T20:32:17.8512392+05:30" endTime="2014-06-25T20:32:17.8862412+05:30" testType="13cdc9d9-ddb5-4fa4-a97d-d965ccfc6d4b" outcome="Passed" testListId="8c84fa94-04c1-424b-9868-57a2d4851a1d" relativeResultsDirectory="aa4f7bf9-b227-42fd-870a-c5c36a66f410" dataRowInfo="3" resultType="DataDrivenDataRow" />
        <UnitTestResult executionId="e317ce0f-1db7-440d-945f-91dd93be2e97" parentExecutionId="aa4f7bf9-b227-42fd-870a-c5c36a66f410" testId="533e7939-123c-ce84-5c5c-d5a21d1d95b9" testName="special_handling_do_verb" computerName="ARPAN-LAP" duration="00:00:00.0220068" startTime="2014-06-25T20:32:17.8862412+05:30" endTime="2014-06-25T20:32:17.9082425+05:30" testType="13cdc9d9-ddb5-4fa4-a97d-d965ccfc6d4b" outcome="Passed" testListId="8c84fa94-04c1-424b-9868-57a2d4851a1d" relativeResultsDirectory="aa4f7bf9-b227-42fd-870a-c5c36a66f410" dataRowInfo="4" resultType="DataDrivenDataRow" />
        <UnitTestResult executionId="9a5f85c3-e161-4027-8081-00950cea329a" parentExecutionId="aa4f7bf9-b227-42fd-870a-c5c36a66f410" testId="533e7939-123c-ce84-5c5c-d5a21d1d95b9" testName="special_handling_do_verb" computerName="ARPAN-LAP" duration="00:00:00.0262654" startTime="2014-06-25T20:32:17.9082425+05:30" endTime="2014-06-25T20:32:17.9342440+05:30" testType="13cdc9d9-ddb5-4fa4-a97d-d965ccfc6d4b" outcome="Passed" testListId="8c84fa94-04c1-424b-9868-57a2d4851a1d" relativeResultsDirectory="aa4f7bf9-b227-42fd-870a-c5c36a66f410" dataRowInfo="5" resultType="DataDrivenDataRow" />
        <UnitTestResult executionId="4a0abf43-4394-454d-92eb-dd3c870f4c74" parentExecutionId="aa4f7bf9-b227-42fd-870a-c5c36a66f410" testId="533e7939-123c-ce84-5c5c-d5a21d1d95b9" testName="special_handling_do_verb" computerName="ARPAN-LAP" duration="00:00:00.0270733" startTime="2014-06-25T20:32:17.9342440+05:30" endTime="2014-06-25T20:32:17.9612455+05:30" testType="13cdc9d9-ddb5-4fa4-a97d-d965ccfc6d4b" outcome="Passed" testListId="8c84fa94-04c1-424b-9868-57a2d4851a1d" relativeResultsDirectory="aa4f7bf9-b227-42fd-870a-c5c36a66f410" dataRowInfo="6" resultType="DataDrivenDataRow" />
        <UnitTestResult executionId="c92d4914-0d23-48fc-a233-83814df2f008" parentExecutionId="aa4f7bf9-b227-42fd-870a-c5c36a66f410" testId="533e7939-123c-ce84-5c5c-d5a21d1d95b9" testName="special_handling_do_verb" computerName="ARPAN-LAP" duration="00:00:00.0384576" startTime="2014-06-25T20:32:17.9612455+05:30" endTime="2014-06-25T20:32:18.0002477+05:30" testType="13cdc9d9-ddb5-4fa4-a97d-d965ccfc6d4b" outcome="Passed" testListId="8c84fa94-04c1-424b-9868-57a2d4851a1d" relativeResultsDirectory="aa4f7bf9-b227-42fd-870a-c5c36a66f410" dataRowInfo="7" resultType="DataDrivenDataRow" />
        <UnitTestResult executionId="2aa241e2-eb47-41bf-a4bb-4aa08073f2cc" parentExecutionId="aa4f7bf9-b227-42fd-870a-c5c36a66f410" testId="533e7939-123c-ce84-5c5c-d5a21d1d95b9" testName="special_handling_do_verb" computerName="ARPAN-LAP" duration="00:00:00.0299363" startTime="2014-06-25T20:32:18.0002477+05:30" endTime="2014-06-25T20:32:18.0302495+05:30" testType="13cdc9d9-ddb5-4fa4-a97d-d965ccfc6d4b" outcome="Passed" testListId="8c84fa94-04c1-424b-9868-57a2d4851a1d" relativeResultsDirectory="aa4f7bf9-b227-42fd-870a-c5c36a66f410" dataRowInfo="8" resultType="DataDrivenDataRow" />
        <UnitTestResult executionId="8d62cbf0-774b-4a79-83e1-1bd2c00c70fd" parentExecutionId="aa4f7bf9-b227-42fd-870a-c5c36a66f410" testId="533e7939-123c-ce84-5c5c-d5a21d1d95b9" testName="special_handling_do_verb" computerName="ARPAN-LAP" duration="00:00:00.0337591" startTime="2014-06-25T20:32:18.0302495+05:30" endTime="2014-06-25T20:32:18.0632513+05:30" testType="13cdc9d9-ddb5-4fa4-a97d-d965ccfc6d4b" outcome="Passed" testListId="8c84fa94-04c1-424b-9868-57a2d4851a1d" relativeResultsDirectory="aa4f7bf9-b227-42fd-870a-c5c36a66f410" dataRowInfo="9" resultType="DataDrivenDataRow" />
        <UnitTestResult executionId="7c8d75fa-302a-4799-8b0d-f35c44ef70e4" parentExecutionId="aa4f7bf9-b227-42fd-870a-c5c36a66f410" testId="533e7939-123c-ce84-5c5c-d5a21d1d95b9" testName="special_handling_do_verb" computerName="ARPAN-LAP" duration="00:00:00.0205173" startTime="2014-06-25T20:32:18.0632513+05:30" endTime="2014-06-25T20:32:18.0842525+05:30" testType="13cdc9d9-ddb5-4fa4-a97d-d965ccfc6d4b" outcome="Passed" testListId="8c84fa94-04c1-424b-9868-57a2d4851a1d" relativeResultsDirectory="aa4f7bf9-b227-42fd-870a-c5c36a66f410" dataRowInfo="10" resultType="DataDrivenDataRow" />
        <UnitTestResult executionId="79a4c767-b25b-48cb-8af7-ed6ca8f2894e" parentExecutionId="aa4f7bf9-b227-42fd-870a-c5c36a66f410" testId="533e7939-123c-ce84-5c5c-d5a21d1d95b9" testName="special_handling_do_verb" computerName="ARPAN-LAP" duration="00:00:00.0286952" startTime="2014-06-25T20:32:18.0842525+05:30" endTime="2014-06-25T20:32:18.1132542+05:30" testType="13cdc9d9-ddb5-4fa4-a97d-d965ccfc6d4b" outcome="Passed" testListId="8c84fa94-04c1-424b-9868-57a2d4851a1d" relativeResultsDirectory="aa4f7bf9-b227-42fd-870a-c5c36a66f410" dataRowInfo="11" resultType="DataDrivenDataRow" />
        <UnitTestResult executionId="9835af86-5594-4021-964a-cc98b5e1ecc0" parentExecutionId="aa4f7bf9-b227-42fd-870a-c5c36a66f410" testId="533e7939-123c-ce84-5c5c-d5a21d1d95b9" testName="special_handling_do_verb" computerName="ARPAN-LAP" duration="00:00:00.0264984" startTime="2014-06-25T20:32:18.1132542+05:30" endTime="2014-06-25T20:32:18.1392557+05:30" testType="13cdc9d9-ddb5-4fa4-a97d-d965ccfc6d4b" outcome="Passed" testListId="8c84fa94-04c1-424b-9868-57a2d4851a1d" relativeResultsDirectory="aa4f7bf9-b227-42fd-870a-c5c36a66f410" dataRowInfo="12" resultType="DataDrivenDataRow" />
      </InnerResults>
    </UnitTestResult>
    <UnitTestResult executionId="603d5eb0-d4e5-488b-977a-83d8afe68379" testId="642ce34f-0ed4-f995-637b-09297c832f2a" testName="RandomWord" computerName="ARPAN-LAP" duration="00:00:00.1109726" startTime="2014-06-25T20:32:18.1792580+05:30" endTime="2014-06-25T20:32:18.3052652+05:30" testType="13cdc9d9-ddb5-4fa4-a97d-d965ccfc6d4b" outcome="Failed" testListId="8c84fa94-04c1-424b-9868-57a2d4851a1d" relativeResultsDirectory="603d5eb0-d4e5-488b-977a-83d8afe68379" resultType="DataDrivenTest">
      <Counters error="0" failed="1" timeout="0" aborted="0" inconclusive="0" passedButRunAborted="0" notRunnable="0" notExecuted="0" disconnected="0" warning="0" passed="0" completed="0" inProgress="0" pending="0" />
      <InnerResults>
        <UnitTestResult executionId="551b6551-163a-46ad-a693-617e03ca395c" parentExecutionId="603d5eb0-d4e5-488b-977a-83d8afe68379" testId="642ce34f-0ed4-f995-637b-09297c832f2a" testName="RandomWord" computerName="ARPAN-LAP" duration="00:00:00.1091495" startTime="2014-06-25T20:32:18.1892585+05:30" endTime="2014-06-25T20:32:18.2992648+05:30" testType="13cdc9d9-ddb5-4fa4-a97d-d965ccfc6d4b" outcome="Failed" testListId="8c84fa94-04c1-424b-9868-57a2d4851a1d" relativeResultsDirectory="603d5eb0-d4e5-488b-977a-83d8afe68379" dataRowInfo="0" resultType="DataDrivenDataRow">
          <Output>
            <ErrorInfo>
              <Message>Assert.AreEqual failed. Expected:&lt;পূর্ব সলোমন এর নৌ যুদ্ধ ২৪–২৫ অগষ্ট ১৯৪২ য়ে স্থান গ্রহণ করেছিল , এবং দ্বিতীয় বিশ্ব যুদ্ধ এর প্রশান্ত মহাসাগর সংগঠিত প্রচারকার্য এর তৃতীয় যুদ্ধ বাহক ।&gt;. Actual:&lt;পূর্ব সলোমন এর নৌ যুদ্ধ ২৪–২৫ অগষ্ট ১৯৪২ য়ে স্থান গ্রহণ করেছিল , এবং দ্বিতীয় বিশ্ব যুদ্ধ এর pacific:NP সংগঠিত প্রচারকার্য এর তৃতীয় যুদ্ধ বাহক ।&gt;. The naval Battle of the Eastern Solomons took place on 24–25 August 1942, and was the third carrier battle of the Pacific campaign of second World War.</Message>
              <StackTrace>   at UnitTest.BnlpTest.RandomWord() in D:\software\Project\BNLP\UnitTest\BnlpTest.cs:line 526
</StackTrace>
            </ErrorInfo>
          </Output>
        </UnitTestResult>
      </InnerResults>
    </UnitTestResult>
    <UnitTestResult executionId="38632ea4-a72a-4cfd-8a61-1516df309412" testId="783915fe-114a-e353-78dd-56e92a60f942" testName="all_persons_modal_should" computerName="ARPAN-LAP" duration="00:00:00.4525822" startTime="2014-06-25T20:32:18.3062652+05:30" endTime="2014-06-25T20:32:18.8312953+05:30" testType="13cdc9d9-ddb5-4fa4-a97d-d965ccfc6d4b" outcome="Passed" testListId="8c84fa94-04c1-424b-9868-57a2d4851a1d" relativeResultsDirectory="38632ea4-a72a-4cfd-8a61-1516df309412" resultType="DataDrivenTest">
      <Counters error="0" failed="0" timeout="0" aborted="0" inconclusive="0" passedButRunAborted="0" notRunnable="0" notExecuted="0" disconnected="0" warning="0" passed="17" completed="0" inProgress="0" pending="0" />
      <InnerResults>
        <UnitTestResult executionId="0e169f79-babe-47b3-ad09-aca9624a1fab" parentExecutionId="38632ea4-a72a-4cfd-8a61-1516df309412" testId="783915fe-114a-e353-78dd-56e92a60f942" testName="all_persons_modal_should" computerName="ARPAN-LAP" duration="00:00:00.0239624" startTime="2014-06-25T20:32:18.3152658+05:30" endTime="2014-06-25T20:32:18.3392671+05:30" testType="13cdc9d9-ddb5-4fa4-a97d-d965ccfc6d4b" outcome="Passed" testListId="8c84fa94-04c1-424b-9868-57a2d4851a1d" relativeResultsDirectory="38632ea4-a72a-4cfd-8a61-1516df309412" dataRowInfo="0" resultType="DataDrivenDataRow" />
        <UnitTestResult executionId="6d0d8330-32fa-4851-8b6e-f3aa6e06dfd4" parentExecutionId="38632ea4-a72a-4cfd-8a61-1516df309412" testId="783915fe-114a-e353-78dd-56e92a60f942" testName="all_persons_modal_should" computerName="ARPAN-LAP" duration="00:00:00.0276764" startTime="2014-06-25T20:32:18.3392671+05:30" endTime="2014-06-25T20:32:18.3672687+05:30" testType="13cdc9d9-ddb5-4fa4-a97d-d965ccfc6d4b" outcome="Passed" testListId="8c84fa94-04c1-424b-9868-57a2d4851a1d" relativeResultsDirectory="38632ea4-a72a-4cfd-8a61-1516df309412" dataRowInfo="1" resultType="DataDrivenDataRow" />
        <UnitTestResult executionId="c8c4b98e-9cae-46c5-a41c-3bbfb04fa119" parentExecutionId="38632ea4-a72a-4cfd-8a61-1516df309412" testId="783915fe-114a-e353-78dd-56e92a60f942" testName="all_persons_modal_should" computerName="ARPAN-LAP" duration="00:00:00.0288045" startTime="2014-06-25T20:32:18.3672687+05:30" endTime="2014-06-25T20:32:18.3952703+05:30" testType="13cdc9d9-ddb5-4fa4-a97d-d965ccfc6d4b" outcome="Passed" testListId="8c84fa94-04c1-424b-9868-57a2d4851a1d" relativeResultsDirectory="38632ea4-a72a-4cfd-8a61-1516df309412" dataRowInfo="2" resultType="DataDrivenDataRow" />
        <UnitTestResult executionId="91797d91-d657-43ae-9784-759a379afde0" parentExecutionId="38632ea4-a72a-4cfd-8a61-1516df309412" testId="783915fe-114a-e353-78dd-56e92a60f942" testName="all_persons_modal_should" computerName="ARPAN-LAP" duration="00:00:00.0328835" startTime="2014-06-25T20:32:18.3962704+05:30" endTime="2014-06-25T20:32:18.4282722+05:30" testType="13cdc9d9-ddb5-4fa4-a97d-d965ccfc6d4b" outcome="Passed" testListId="8c84fa94-04c1-424b-9868-57a2d4851a1d" relativeResultsDirectory="38632ea4-a72a-4cfd-8a61-1516df309412" dataRowInfo="3" resultType="DataDrivenDataRow" />
        <UnitTestResult executionId="b0672c1b-9e2d-4bb4-8107-be42c60245f7" parentExecutionId="38632ea4-a72a-4cfd-8a61-1516df309412" testId="783915fe-114a-e353-78dd-56e92a60f942" testName="all_persons_modal_should" computerName="ARPAN-LAP" duration="00:00:00.0216270" startTime="2014-06-25T20:32:18.4282722+05:30" endTime="2014-06-25T20:32:18.4502735+05:30" testType="13cdc9d9-ddb5-4fa4-a97d-d965ccfc6d4b" outcome="Passed" testListId="8c84fa94-04c1-424b-9868-57a2d4851a1d" relativeResultsDirectory="38632ea4-a72a-4cfd-8a61-1516df309412" dataRowInfo="4" resultType="DataDrivenDataRow" />
        <UnitTestResult executionId="89d8a158-cdc7-46b1-ab70-42728df28e18" parentExecutionId="38632ea4-a72a-4cfd-8a61-1516df309412" testId="783915fe-114a-e353-78dd-56e92a60f942" testName="all_persons_modal_should" computerName="ARPAN-LAP" duration="00:00:00.0299989" startTime="2014-06-25T20:32:18.4502735+05:30" endTime="2014-06-25T20:32:18.4802752+05:30" testType="13cdc9d9-ddb5-4fa4-a97d-d965ccfc6d4b" outcome="Passed" testListId="8c84fa94-04c1-424b-9868-57a2d4851a1d" relativeResultsDirectory="38632ea4-a72a-4cfd-8a61-1516df309412" dataRowInfo="5" resultType="DataDrivenDataRow" />
        <UnitTestResult executionId="00bd84bd-5a2e-40bc-bd4f-9aa391c7e170" parentExecutionId="38632ea4-a72a-4cfd-8a61-1516df309412" testId="783915fe-114a-e353-78dd-56e92a60f942" testName="all_persons_modal_should" computerName="ARPAN-LAP" duration="00:00:00.0340014" startTime="2014-06-25T20:32:18.4802752+05:30" endTime="2014-06-25T20:32:18.5142771+05:30" testType="13cdc9d9-ddb5-4fa4-a97d-d965ccfc6d4b" outcome="Passed" testListId="8c84fa94-04c1-424b-9868-57a2d4851a1d" relativeResultsDirectory="38632ea4-a72a-4cfd-8a61-1516df309412" dataRowInfo="6" resultType="DataDrivenDataRow" />
        <UnitTestResult executionId="0abeff8a-5535-43fc-87df-717c1d9dda65" parentExecutionId="38632ea4-a72a-4cfd-8a61-1516df309412" testId="783915fe-114a-e353-78dd-56e92a60f942" testName="all_persons_modal_should" computerName="ARPAN-LAP" duration="00:00:00.0294133" startTime="2014-06-25T20:32:18.5142771+05:30" endTime="2014-06-25T20:32:18.5442789+05:30" testType="13cdc9d9-ddb5-4fa4-a97d-d965ccfc6d4b" outcome="Passed" testListId="8c84fa94-04c1-424b-9868-57a2d4851a1d" relativeResultsDirectory="38632ea4-a72a-4cfd-8a61-1516df309412" dataRowInfo="7" resultType="DataDrivenDataRow" />
        <UnitTestResult executionId="fd29dc37-2873-47d9-845c-d8fdb76a2ca2" parentExecutionId="38632ea4-a72a-4cfd-8a61-1516df309412" testId="783915fe-114a-e353-78dd-56e92a60f942" testName="all_persons_modal_should" computerName="ARPAN-LAP" duration="00:00:00.0175547" startTime="2014-06-25T20:32:18.5442789+05:30" endTime="2014-06-25T20:32:18.5612798+05:30" testType="13cdc9d9-ddb5-4fa4-a97d-d965ccfc6d4b" outcome="Passed" testListId="8c84fa94-04c1-424b-9868-57a2d4851a1d" relativeResultsDirectory="38632ea4-a72a-4cfd-8a61-1516df309412" dataRowInfo="8" resultType="DataDrivenDataRow" />
        <UnitTestResult executionId="098c6697-5722-4abf-bb7a-fdca3ea882a9" parentExecutionId="38632ea4-a72a-4cfd-8a61-1516df309412" testId="783915fe-114a-e353-78dd-56e92a60f942" testName="all_persons_modal_should" computerName="ARPAN-LAP" duration="00:00:00.0241205" startTime="2014-06-25T20:32:18.5612798+05:30" endTime="2014-06-25T20:32:18.5852812+05:30" testType="13cdc9d9-ddb5-4fa4-a97d-d965ccfc6d4b" outcome="Passed" testListId="8c84fa94-04c1-424b-9868-57a2d4851a1d" relativeResultsDirectory="38632ea4-a72a-4cfd-8a61-1516df309412" dataRowInfo="9" resultType="DataDrivenDataRow" />
        <UnitTestResult executionId="4f14dd60-9c94-4496-a348-78018c1c0008" parentExecutionId="38632ea4-a72a-4cfd-8a61-1516df309412" testId="783915fe-114a-e353-78dd-56e92a60f942" testName="all_persons_modal_should" computerName="ARPAN-LAP" duration="00:00:00.0230683" startTime="2014-06-25T20:32:18.5852812+05:30" endTime="2014-06-25T20:32:18.6092826+05:30" testType="13cdc9d9-ddb5-4fa4-a97d-d965ccfc6d4b" outcome="Passed" testListId="8c84fa94-04c1-424b-9868-57a2d4851a1d" relativeResultsDirectory="38632ea4-a72a-4cfd-8a61-1516df309412" dataRowInfo="10" resultType="DataDrivenDataRow" />
        <UnitTestResult executionId="a1a96ab2-4278-4c22-a037-13673f7e52c5" parentExecutionId="38632ea4-a72a-4cfd-8a61-1516df309412" testId="783915fe-114a-e353-78dd-56e92a60f942" testName="all_persons_modal_should" computerName="ARPAN-LAP" duration="00:00:00.0292075" startTime="2014-06-25T20:32:18.6092826+05:30" endTime="2014-06-25T20:32:18.6382842+05:30" testType="13cdc9d9-ddb5-4fa4-a97d-d965ccfc6d4b" outcome="Passed" testListId="8c84fa94-04c1-424b-9868-57a2d4851a1d" relativeResultsDirectory="38632ea4-a72a-4cfd-8a61-1516df309412" dataRowInfo="11" resultType="DataDrivenDataRow" />
        <UnitTestResult executionId="87fa8b46-c92e-4ca9-bf4d-74f9c77164af" parentExecutionId="38632ea4-a72a-4cfd-8a61-1516df309412" testId="783915fe-114a-e353-78dd-56e92a60f942" testName="all_persons_modal_should" computerName="ARPAN-LAP" duration="00:00:00.0242827" startTime="2014-06-25T20:32:18.6382842+05:30" endTime="2014-06-25T20:32:18.6622856+05:30" testType="13cdc9d9-ddb5-4fa4-a97d-d965ccfc6d4b" outcome="Passed" testListId="8c84fa94-04c1-424b-9868-57a2d4851a1d" relativeResultsDirectory="38632ea4-a72a-4cfd-8a61-1516df309412" dataRowInfo="12" resultType="DataDrivenDataRow" />
        <UnitTestResult executionId="50c20d7f-9313-4b75-a2d3-6ff8a1ebd870" parentExecutionId="38632ea4-a72a-4cfd-8a61-1516df309412" testId="783915fe-114a-e353-78dd-56e92a60f942" testName="all_persons_modal_should" computerName="ARPAN-LAP" duration="00:00:00.0253775" startTime="2014-06-25T20:32:18.6622856+05:30" endTime="2014-06-25T20:32:18.6882871+05:30" testType="13cdc9d9-ddb5-4fa4-a97d-d965ccfc6d4b" outcome="Passed" testListId="8c84fa94-04c1-424b-9868-57a2d4851a1d" relativeResultsDirectory="38632ea4-a72a-4cfd-8a61-1516df309412" dataRowInfo="13" resultType="DataDrivenDataRow" />
        <UnitTestResult executionId="86125ec5-7a50-4000-b7bb-61b877bb1b46" parentExecutionId="38632ea4-a72a-4cfd-8a61-1516df309412" testId="783915fe-114a-e353-78dd-56e92a60f942" testName="all_persons_modal_should" computerName="ARPAN-LAP" duration="00:00:00.0280167" startTime="2014-06-25T20:32:18.6882871+05:30" endTime="2014-06-25T20:32:18.7162887+05:30" testType="13cdc9d9-ddb5-4fa4-a97d-d965ccfc6d4b" outcome="Passed" testListId="8c84fa94-04c1-424b-9868-57a2d4851a1d" relativeResultsDirectory="38632ea4-a72a-4cfd-8a61-1516df309412" dataRowInfo="14" resultType="DataDrivenDataRow" />
        <UnitTestResult executionId="36373daa-24ac-4af2-be47-f542f11eef53" parentExecutionId="38632ea4-a72a-4cfd-8a61-1516df309412" testId="783915fe-114a-e353-78dd-56e92a60f942" testName="all_persons_modal_should" computerName="ARPAN-LAP" duration="00:00:00.0214438" startTime="2014-06-25T20:32:18.7162887+05:30" endTime="2014-06-25T20:32:18.7372899+05:30" testType="13cdc9d9-ddb5-4fa4-a97d-d965ccfc6d4b" outcome="Passed" testListId="8c84fa94-04c1-424b-9868-57a2d4851a1d" relativeResultsDirectory="38632ea4-a72a-4cfd-8a61-1516df309412" dataRowInfo="15" resultType="DataDrivenDataRow" />
        <UnitTestResult executionId="dbc7bfb0-0638-4ffc-8cc4-5bd56cda92f2" parentExecutionId="38632ea4-a72a-4cfd-8a61-1516df309412" testId="783915fe-114a-e353-78dd-56e92a60f942" testName="all_persons_modal_should" computerName="ARPAN-LAP" duration="00:00:00.0279797" startTime="2014-06-25T20:32:18.7372899+05:30" endTime="2014-06-25T20:32:18.7652915+05:30" testType="13cdc9d9-ddb5-4fa4-a97d-d965ccfc6d4b" outcome="Passed" testListId="8c84fa94-04c1-424b-9868-57a2d4851a1d" relativeResultsDirectory="38632ea4-a72a-4cfd-8a61-1516df309412" dataRowInfo="16" resultType="DataDrivenDataRow" />
      </InnerResults>
    </UnitTestResult>
    <UnitTestResult executionId="a5835324-1f1a-4e46-afa6-34d50ba4f302" testId="7f7910d1-dc89-39b4-b4cf-d9e6d7af9420" testName="interrogative_sentences_what" computerName="ARPAN-LAP" duration="00:00:00.2302540" startTime="2014-06-25T20:32:18.8392957+05:30" endTime="2014-06-25T20:32:19.1033108+05:30" testType="13cdc9d9-ddb5-4fa4-a97d-d965ccfc6d4b" outcome="Passed" testListId="8c84fa94-04c1-424b-9868-57a2d4851a1d" relativeResultsDirectory="a5835324-1f1a-4e46-afa6-34d50ba4f302" resultType="DataDrivenTest">
      <Counters error="0" failed="0" timeout="0" aborted="0" inconclusive="0" passedButRunAborted="0" notRunnable="0" notExecuted="0" disconnected="0" warning="0" passed="9" completed="0" inProgress="0" pending="0" />
      <InnerResults>
        <UnitTestResult executionId="3028fc78-1e19-489b-9187-b6129fdfdb17" parentExecutionId="a5835324-1f1a-4e46-afa6-34d50ba4f302" testId="7f7910d1-dc89-39b4-b4cf-d9e6d7af9420" testName="interrogative_sentences_what" computerName="ARPAN-LAP" duration="00:00:00.0246722" startTime="2014-06-25T20:32:18.8472962+05:30" endTime="2014-06-25T20:32:18.8722976+05:30" testType="13cdc9d9-ddb5-4fa4-a97d-d965ccfc6d4b" outcome="Passed" testListId="8c84fa94-04c1-424b-9868-57a2d4851a1d" relativeResultsDirectory="a5835324-1f1a-4e46-afa6-34d50ba4f302" dataRowInfo="0" resultType="DataDrivenDataRow" />
        <UnitTestResult executionId="4e5f267d-184e-4043-a35c-87445156144a" parentExecutionId="a5835324-1f1a-4e46-afa6-34d50ba4f302" testId="7f7910d1-dc89-39b4-b4cf-d9e6d7af9420" testName="interrogative_sentences_what" computerName="ARPAN-LAP" duration="00:00:00.0216224" startTime="2014-06-25T20:32:18.8722976+05:30" endTime="2014-06-25T20:32:18.8942989+05:30" testType="13cdc9d9-ddb5-4fa4-a97d-d965ccfc6d4b" outcome="Passed" testListId="8c84fa94-04c1-424b-9868-57a2d4851a1d" relativeResultsDirectory="a5835324-1f1a-4e46-afa6-34d50ba4f302" dataRowInfo="1" resultType="DataDrivenDataRow" />
        <UnitTestResult executionId="b3317d6f-a0dd-4c82-b2b5-6c735f5e5265" parentExecutionId="a5835324-1f1a-4e46-afa6-34d50ba4f302" testId="7f7910d1-dc89-39b4-b4cf-d9e6d7af9420" testName="interrogative_sentences_what" computerName="ARPAN-LAP" duration="00:00:00.0267961" startTime="2014-06-25T20:32:18.8942989+05:30" endTime="2014-06-25T20:32:18.9213004+05:30" testType="13cdc9d9-ddb5-4fa4-a97d-d965ccfc6d4b" outcome="Passed" testListId="8c84fa94-04c1-424b-9868-57a2d4851a1d" relativeResultsDirectory="a5835324-1f1a-4e46-afa6-34d50ba4f302" dataRowInfo="2" resultType="DataDrivenDataRow" />
        <UnitTestResult executionId="d86b438e-cf7e-41c8-bdc3-5601c343ea92" parentExecutionId="a5835324-1f1a-4e46-afa6-34d50ba4f302" testId="7f7910d1-dc89-39b4-b4cf-d9e6d7af9420" testName="interrogative_sentences_what" computerName="ARPAN-LAP" duration="00:00:00.0232279" startTime="2014-06-25T20:32:18.9213004+05:30" endTime="2014-06-25T20:32:18.9443017+05:30" testType="13cdc9d9-ddb5-4fa4-a97d-d965ccfc6d4b" outcome="Passed" testListId="8c84fa94-04c1-424b-9868-57a2d4851a1d" relativeResultsDirectory="a5835324-1f1a-4e46-afa6-34d50ba4f302" dataRowInfo="3" resultType="DataDrivenDataRow" />
        <UnitTestResult executionId="8d319b82-8ab7-489a-bfbd-20fc08cf02dd" parentExecutionId="a5835324-1f1a-4e46-afa6-34d50ba4f302" testId="7f7910d1-dc89-39b4-b4cf-d9e6d7af9420" testName="interrogative_sentences_what" computerName="ARPAN-LAP" duration="00:00:00.0222322" startTime="2014-06-25T20:32:18.9443017+05:30" endTime="2014-06-25T20:32:18.9663030+05:30" testType="13cdc9d9-ddb5-4fa4-a97d-d965ccfc6d4b" outcome="Passed" testListId="8c84fa94-04c1-424b-9868-57a2d4851a1d" relativeResultsDirectory="a5835324-1f1a-4e46-afa6-34d50ba4f302" dataRowInfo="4" resultType="DataDrivenDataRow" />
        <UnitTestResult executionId="149bea3f-bf6b-47d1-a8e4-cea2c66409a8" parentExecutionId="a5835324-1f1a-4e46-afa6-34d50ba4f302" testId="7f7910d1-dc89-39b4-b4cf-d9e6d7af9420" testName="interrogative_sentences_what" computerName="ARPAN-LAP" duration="00:00:00.0274382" startTime="2014-06-25T20:32:18.9663030+05:30" endTime="2014-06-25T20:32:18.9943046+05:30" testType="13cdc9d9-ddb5-4fa4-a97d-d965ccfc6d4b" outcome="Passed" testListId="8c84fa94-04c1-424b-9868-57a2d4851a1d" relativeResultsDirectory="a5835324-1f1a-4e46-afa6-34d50ba4f302" dataRowInfo="5" resultType="DataDrivenDataRow" />
        <UnitTestResult executionId="f31d5168-a6ec-442f-90f7-1259dbd1861c" parentExecutionId="a5835324-1f1a-4e46-afa6-34d50ba4f302" testId="7f7910d1-dc89-39b4-b4cf-d9e6d7af9420" testName="interrogative_sentences_what" computerName="ARPAN-LAP" duration="00:00:00.0252625" startTime="2014-06-25T20:32:18.9943046+05:30" endTime="2014-06-25T20:32:19.0193060+05:30" testType="13cdc9d9-ddb5-4fa4-a97d-d965ccfc6d4b" outcome="Passed" testListId="8c84fa94-04c1-424b-9868-57a2d4851a1d" relativeResultsDirectory="a5835324-1f1a-4e46-afa6-34d50ba4f302" dataRowInfo="6" resultType="DataDrivenDataRow" />
        <UnitTestResult executionId="1692a4d4-6fcc-400e-9bed-8e5f1a75b858" parentExecutionId="a5835324-1f1a-4e46-afa6-34d50ba4f302" testId="7f7910d1-dc89-39b4-b4cf-d9e6d7af9420" testName="interrogative_sentences_what" computerName="ARPAN-LAP" duration="00:00:00.0237294" startTime="2014-06-25T20:32:19.0193060+05:30" endTime="2014-06-25T20:32:19.0433074+05:30" testType="13cdc9d9-ddb5-4fa4-a97d-d965ccfc6d4b" outcome="Passed" testListId="8c84fa94-04c1-424b-9868-57a2d4851a1d" relativeResultsDirectory="a5835324-1f1a-4e46-afa6-34d50ba4f302" dataRowInfo="7" resultType="DataDrivenDataRow" />
        <UnitTestResult executionId="079dbd95-adf8-4991-8308-2941a833cee7" parentExecutionId="a5835324-1f1a-4e46-afa6-34d50ba4f302" testId="7f7910d1-dc89-39b4-b4cf-d9e6d7af9420" testName="interrogative_sentences_what" computerName="ARPAN-LAP" duration="00:00:00.0290848" startTime="2014-06-25T20:32:19.0433074+05:30" endTime="2014-06-25T20:32:19.0723091+05:30" testType="13cdc9d9-ddb5-4fa4-a97d-d965ccfc6d4b" outcome="Passed" testListId="8c84fa94-04c1-424b-9868-57a2d4851a1d" relativeResultsDirectory="a5835324-1f1a-4e46-afa6-34d50ba4f302" dataRowInfo="8" resultType="DataDrivenDataRow" />
      </InnerResults>
    </UnitTestResult>
    <UnitTestResult executionId="28ad2507-74fa-4814-8d4f-480f63971bf3" testId="83c68223-dcaa-51dd-423f-434210a59f77" testName="second_person_tenses_active_negation" computerName="ARPAN-LAP" duration="00:00:00.2431458" startTime="2014-06-25T20:32:19.1153115+05:30" endTime="2014-06-25T20:32:19.3983277+05:30" testType="13cdc9d9-ddb5-4fa4-a97d-d965ccfc6d4b" outcome="Passed" testListId="8c84fa94-04c1-424b-9868-57a2d4851a1d" relativeResultsDirectory="28ad2507-74fa-4814-8d4f-480f63971bf3" resultType="DataDrivenTest">
      <Counters error="0" failed="0" timeout="0" aborted="0" inconclusive="0" passedButRunAborted="0" notRunnable="0" notExecuted="0" disconnected="0" warning="0" passed="10" completed="0" inProgress="0" pending="0" />
      <InnerResults>
        <UnitTestResult executionId="dabdbd56-caa4-4397-83fa-e74234f6ffb6" parentExecutionId="28ad2507-74fa-4814-8d4f-480f63971bf3" testId="83c68223-dcaa-51dd-423f-434210a59f77" testName="second_person_tenses_active_negation" computerName="ARPAN-LAP" duration="00:00:00.0307375" startTime="2014-06-25T20:32:19.1263121+05:30" endTime="2014-06-25T20:32:19.1573139+05:30" testType="13cdc9d9-ddb5-4fa4-a97d-d965ccfc6d4b" outcome="Passed" testListId="8c84fa94-04c1-424b-9868-57a2d4851a1d" relativeResultsDirectory="28ad2507-74fa-4814-8d4f-480f63971bf3" dataRowInfo="0" resultType="DataDrivenDataRow" />
        <UnitTestResult executionId="85f1ed0e-e1ad-4796-abfe-e247eb4f0037" parentExecutionId="28ad2507-74fa-4814-8d4f-480f63971bf3" testId="83c68223-dcaa-51dd-423f-434210a59f77" testName="second_person_tenses_active_negation" computerName="ARPAN-LAP" duration="00:00:00.0260206" startTime="2014-06-25T20:32:19.1573139+05:30" endTime="2014-06-25T20:32:19.1833154+05:30" testType="13cdc9d9-ddb5-4fa4-a97d-d965ccfc6d4b" outcome="Passed" testListId="8c84fa94-04c1-424b-9868-57a2d4851a1d" relativeResultsDirectory="28ad2507-74fa-4814-8d4f-480f63971bf3" dataRowInfo="1" resultType="DataDrivenDataRow" />
        <UnitTestResult executionId="01b24579-6876-410c-b0a5-a8881a680b1b" parentExecutionId="28ad2507-74fa-4814-8d4f-480f63971bf3" testId="83c68223-dcaa-51dd-423f-434210a59f77" testName="second_person_tenses_active_negation" computerName="ARPAN-LAP" duration="00:00:00.0212046" startTime="2014-06-25T20:32:19.1833154+05:30" endTime="2014-06-25T20:32:19.2043166+05:30" testType="13cdc9d9-ddb5-4fa4-a97d-d965ccfc6d4b" outcome="Passed" testListId="8c84fa94-04c1-424b-9868-57a2d4851a1d" relativeResultsDirectory="28ad2507-74fa-4814-8d4f-480f63971bf3" dataRowInfo="2" resultType="DataDrivenDataRow" />
        <UnitTestResult executionId="d75009b0-9ed9-488c-b818-35f79aee198f" parentExecutionId="28ad2507-74fa-4814-8d4f-480f63971bf3" testId="83c68223-dcaa-51dd-423f-434210a59f77" testName="second_person_tenses_active_negation" computerName="ARPAN-LAP" duration="00:00:00.0283344" startTime="2014-06-25T20:32:19.2043166+05:30" endTime="2014-06-25T20:32:19.2333183+05:30" testType="13cdc9d9-ddb5-4fa4-a97d-d965ccfc6d4b" outcome="Passed" testListId="8c84fa94-04c1-424b-9868-57a2d4851a1d" relativeResultsDirectory="28ad2507-74fa-4814-8d4f-480f63971bf3" dataRowInfo="3" resultType="DataDrivenDataRow" />
        <UnitTestResult executionId="a2b9fe72-9e0c-43cf-933d-ae31995a0e9e" parentExecutionId="28ad2507-74fa-4814-8d4f-480f63971bf3" testId="83c68223-dcaa-51dd-423f-434210a59f77" testName="second_person_tenses_active_negation" computerName="ARPAN-LAP" duration="00:00:00.0199810" startTime="2014-06-25T20:32:19.2333183+05:30" endTime="2014-06-25T20:32:19.2533194+05:30" testType="13cdc9d9-ddb5-4fa4-a97d-d965ccfc6d4b" outcome="Passed" testListId="8c84fa94-04c1-424b-9868-57a2d4851a1d" relativeResultsDirectory="28ad2507-74fa-4814-8d4f-480f63971bf3" dataRowInfo="4" resultType="DataDrivenDataRow" />
        <UnitTestResult executionId="cde1e016-5c8b-4370-9a67-8cfcf3875ff1" parentExecutionId="28ad2507-74fa-4814-8d4f-480f63971bf3" testId="83c68223-dcaa-51dd-423f-434210a59f77" testName="second_person_tenses_active_negation" computerName="ARPAN-LAP" duration="00:00:00.0194815" startTime="2014-06-25T20:32:19.2533194+05:30" endTime="2014-06-25T20:32:19.2723205+05:30" testType="13cdc9d9-ddb5-4fa4-a97d-d965ccfc6d4b" outcome="Passed" testListId="8c84fa94-04c1-424b-9868-57a2d4851a1d" relativeResultsDirectory="28ad2507-74fa-4814-8d4f-480f63971bf3" dataRowInfo="5" resultType="DataDrivenDataRow" />
        <UnitTestResult executionId="54aec8ea-cc13-4fc2-94bc-72cea2f758c1" parentExecutionId="28ad2507-74fa-4814-8d4f-480f63971bf3" testId="83c68223-dcaa-51dd-423f-434210a59f77" testName="second_person_tenses_active_negation" computerName="ARPAN-LAP" duration="00:00:00.0220238" startTime="2014-06-25T20:32:19.2723205+05:30" endTime="2014-06-25T20:32:19.2943218+05:30" testType="13cdc9d9-ddb5-4fa4-a97d-d965ccfc6d4b" outcome="Passed" testListId="8c84fa94-04c1-424b-9868-57a2d4851a1d" relativeResultsDirectory="28ad2507-74fa-4814-8d4f-480f63971bf3" dataRowInfo="6" resultType="DataDrivenDataRow" />
        <UnitTestResult executionId="df7387d0-2935-40b4-bb53-386b3ca3c105" parentExecutionId="28ad2507-74fa-4814-8d4f-480f63971bf3" testId="83c68223-dcaa-51dd-423f-434210a59f77" testName="second_person_tenses_active_negation" computerName="ARPAN-LAP" duration="00:00:00.0249987" startTime="2014-06-25T20:32:19.2953218+05:30" endTime="2014-06-25T20:32:19.3203232+05:30" testType="13cdc9d9-ddb5-4fa4-a97d-d965ccfc6d4b" outcome="Passed" testListId="8c84fa94-04c1-424b-9868-57a2d4851a1d" relativeResultsDirectory="28ad2507-74fa-4814-8d4f-480f63971bf3" dataRowInfo="7" resultType="DataDrivenDataRow" />
        <UnitTestResult executionId="d95357b8-9c86-4163-830e-8736ba417ad6" parentExecutionId="28ad2507-74fa-4814-8d4f-480f63971bf3" testId="83c68223-dcaa-51dd-423f-434210a59f77" testName="second_person_tenses_active_negation" computerName="ARPAN-LAP" duration="00:00:00.0209505" startTime="2014-06-25T20:32:19.3203232+05:30" endTime="2014-06-25T20:32:19.3413244+05:30" testType="13cdc9d9-ddb5-4fa4-a97d-d965ccfc6d4b" outcome="Passed" testListId="8c84fa94-04c1-424b-9868-57a2d4851a1d" relativeResultsDirectory="28ad2507-74fa-4814-8d4f-480f63971bf3" dataRowInfo="8" resultType="DataDrivenDataRow" />
        <UnitTestResult executionId="52c2fd68-c74a-43f6-a14c-96583c43a2d0" parentExecutionId="28ad2507-74fa-4814-8d4f-480f63971bf3" testId="83c68223-dcaa-51dd-423f-434210a59f77" testName="second_person_tenses_active_negation" computerName="ARPAN-LAP" duration="00:00:00.0266776" startTime="2014-06-25T20:32:19.3413244+05:30" endTime="2014-06-25T20:32:19.3673259+05:30" testType="13cdc9d9-ddb5-4fa4-a97d-d965ccfc6d4b" outcome="Passed" testListId="8c84fa94-04c1-424b-9868-57a2d4851a1d" relativeResultsDirectory="28ad2507-74fa-4814-8d4f-480f63971bf3" dataRowInfo="9" resultType="DataDrivenDataRow" />
      </InnerResults>
    </UnitTestResult>
    <UnitTestResult executionId="5c34f7aa-9174-4725-a704-d279f0866dea" testId="8fe5ccb3-a3f4-0f61-ad21-e94ef029e900" testName="all_persons_modal_can_may" computerName="ARPAN-LAP" duration="00:00:00.7792080" startTime="2014-06-25T20:32:19.4033280+05:30" endTime="2014-06-25T20:32:20.2693775+05:30" testType="13cdc9d9-ddb5-4fa4-a97d-d965ccfc6d4b" outcome="Passed" testListId="8c84fa94-04c1-424b-9868-57a2d4851a1d" relativeResultsDirectory="5c34f7aa-9174-4725-a704-d279f0866dea" resultType="DataDrivenTest">
      <Counters error="0" failed="0" timeout="0" aborted="0" inconclusive="0" passedButRunAborted="0" notRunnable="0" notExecuted="0" disconnected="0" warning="0" passed="29" completed="0" inProgress="0" pending="0" />
      <InnerResults>
        <UnitTestResult executionId="3491cd74-32b7-4704-89f5-d64a47c267bc" parentExecutionId="5c34f7aa-9174-4725-a704-d279f0866dea" testId="8fe5ccb3-a3f4-0f61-ad21-e94ef029e900" testName="all_persons_modal_can_may" computerName="ARPAN-LAP" duration="00:00:00.0302432" startTime="2014-06-25T20:32:19.4123285+05:30" endTime="2014-06-25T20:32:19.4423302+05:30" testType="13cdc9d9-ddb5-4fa4-a97d-d965ccfc6d4b" outcome="Passed" testListId="8c84fa94-04c1-424b-9868-57a2d4851a1d" relativeResultsDirectory="5c34f7aa-9174-4725-a704-d279f0866dea" dataRowInfo="0" resultType="DataDrivenDataRow" />
        <UnitTestResult executionId="958c7693-e536-4fc8-82ca-c68d909c9f98" parentExecutionId="5c34f7aa-9174-4725-a704-d279f0866dea" testId="8fe5ccb3-a3f4-0f61-ad21-e94ef029e900" testName="all_persons_modal_can_may" computerName="ARPAN-LAP" duration="00:00:00.0376774" startTime="2014-06-25T20:32:19.4423302+05:30" endTime="2014-06-25T20:32:19.4803324+05:30" testType="13cdc9d9-ddb5-4fa4-a97d-d965ccfc6d4b" outcome="Passed" testListId="8c84fa94-04c1-424b-9868-57a2d4851a1d" relativeResultsDirectory="5c34f7aa-9174-4725-a704-d279f0866dea" dataRowInfo="1" resultType="DataDrivenDataRow" />
        <UnitTestResult executionId="520519fa-edd8-4ce9-875f-3349f7806fcc" parentExecutionId="5c34f7aa-9174-4725-a704-d279f0866dea" testId="8fe5ccb3-a3f4-0f61-ad21-e94ef029e900" testName="all_persons_modal_can_may" computerName="ARPAN-LAP" duration="00:00:00.0349781" startTime="2014-06-25T20:32:19.4803324+05:30" endTime="2014-06-25T20:32:19.5153344+05:30" testType="13cdc9d9-ddb5-4fa4-a97d-d965ccfc6d4b" outcome="Passed" testListId="8c84fa94-04c1-424b-9868-57a2d4851a1d" relativeResultsDirectory="5c34f7aa-9174-4725-a704-d279f0866dea" dataRowInfo="2" resultType="DataDrivenDataRow" />
        <UnitTestResult executionId="ace5a6b1-17db-445b-961f-3f6ea09b5310" parentExecutionId="5c34f7aa-9174-4725-a704-d279f0866dea" testId="8fe5ccb3-a3f4-0f61-ad21-e94ef029e900" testName="all_persons_modal_can_may" computerName="ARPAN-LAP" duration="00:00:00.0262428" startTime="2014-06-25T20:32:19.5153344+05:30" endTime="2014-06-25T20:32:19.5413359+05:30" testType="13cdc9d9-ddb5-4fa4-a97d-d965ccfc6d4b" outcome="Passed" testListId="8c84fa94-04c1-424b-9868-57a2d4851a1d" relativeResultsDirectory="5c34f7aa-9174-4725-a704-d279f0866dea" dataRowInfo="3" resultType="DataDrivenDataRow" />
        <UnitTestResult executionId="9e8ff130-154b-414f-ab3b-765281fc50d4" parentExecutionId="5c34f7aa-9174-4725-a704-d279f0866dea" testId="8fe5ccb3-a3f4-0f61-ad21-e94ef029e900" testName="all_persons_modal_can_may" computerName="ARPAN-LAP" duration="00:00:00.0251362" startTime="2014-06-25T20:32:19.5413359+05:30" endTime="2014-06-25T20:32:19.5663373+05:30" testType="13cdc9d9-ddb5-4fa4-a97d-d965ccfc6d4b" outcome="Passed" testListId="8c84fa94-04c1-424b-9868-57a2d4851a1d" relativeResultsDirectory="5c34f7aa-9174-4725-a704-d279f0866dea" dataRowInfo="4" resultType="DataDrivenDataRow" />
        <UnitTestResult executionId="7fed3df5-2ef9-49b4-9a86-a22f4f112a6c" parentExecutionId="5c34f7aa-9174-4725-a704-d279f0866dea" testId="8fe5ccb3-a3f4-0f61-ad21-e94ef029e900" testName="all_persons_modal_can_may" computerName="ARPAN-LAP" duration="00:00:00.0262356" startTime="2014-06-25T20:32:19.5663373+05:30" endTime="2014-06-25T20:32:19.5933389+05:30" testType="13cdc9d9-ddb5-4fa4-a97d-d965ccfc6d4b" outcome="Passed" testListId="8c84fa94-04c1-424b-9868-57a2d4851a1d" relativeResultsDirectory="5c34f7aa-9174-4725-a704-d279f0866dea" dataRowInfo="5" resultType="DataDrivenDataRow" />
        <UnitTestResult executionId="bdfeb26a-7714-4165-b01a-fc6109a3ff19" parentExecutionId="5c34f7aa-9174-4725-a704-d279f0866dea" testId="8fe5ccb3-a3f4-0f61-ad21-e94ef029e900" testName="all_persons_modal_can_may" computerName="ARPAN-LAP" duration="00:00:00.0316712" startTime="2014-06-25T20:32:19.5933389+05:30" endTime="2014-06-25T20:32:19.6243406+05:30" testType="13cdc9d9-ddb5-4fa4-a97d-d965ccfc6d4b" outcome="Passed" testListId="8c84fa94-04c1-424b-9868-57a2d4851a1d" relativeResultsDirectory="5c34f7aa-9174-4725-a704-d279f0866dea" dataRowInfo="6" resultType="DataDrivenDataRow" />
        <UnitTestResult executionId="2bd945bd-a50d-4bb2-a068-060a3bd771a0" parentExecutionId="5c34f7aa-9174-4725-a704-d279f0866dea" testId="8fe5ccb3-a3f4-0f61-ad21-e94ef029e900" testName="all_persons_modal_can_may" computerName="ARPAN-LAP" duration="00:00:00.0328224" startTime="2014-06-25T20:32:19.6243406+05:30" endTime="2014-06-25T20:32:19.6573425+05:30" testType="13cdc9d9-ddb5-4fa4-a97d-d965ccfc6d4b" outcome="Passed" testListId="8c84fa94-04c1-424b-9868-57a2d4851a1d" relativeResultsDirectory="5c34f7aa-9174-4725-a704-d279f0866dea" dataRowInfo="7" resultType="DataDrivenDataRow" />
        <UnitTestResult executionId="3c710790-571c-4a20-95bc-6dae282a4e5e" parentExecutionId="5c34f7aa-9174-4725-a704-d279f0866dea" testId="8fe5ccb3-a3f4-0f61-ad21-e94ef029e900" testName="all_persons_modal_can_may" computerName="ARPAN-LAP" duration="00:00:00.0186721" startTime="2014-06-25T20:32:19.6573425+05:30" endTime="2014-06-25T20:32:19.6763436+05:30" testType="13cdc9d9-ddb5-4fa4-a97d-d965ccfc6d4b" outcome="Passed" testListId="8c84fa94-04c1-424b-9868-57a2d4851a1d" relativeResultsDirectory="5c34f7aa-9174-4725-a704-d279f0866dea" dataRowInfo="8" resultType="DataDrivenDataRow" />
        <UnitTestResult executionId="de8418ae-22bb-4805-b0bd-237459dc3e90" parentExecutionId="5c34f7aa-9174-4725-a704-d279f0866dea" testId="8fe5ccb3-a3f4-0f61-ad21-e94ef029e900" testName="all_persons_modal_can_may" computerName="ARPAN-LAP" duration="00:00:00.0180480" startTime="2014-06-25T20:32:19.6763436+05:30" endTime="2014-06-25T20:32:19.6943446+05:30" testType="13cdc9d9-ddb5-4fa4-a97d-d965ccfc6d4b" outcome="Passed" testListId="8c84fa94-04c1-424b-9868-57a2d4851a1d" relativeResultsDirectory="5c34f7aa-9174-4725-a704-d279f0866dea" dataRowInfo="9" resultType="DataDrivenDataRow" />
        <UnitTestResult executionId="a880f42d-7db4-46e5-b1aa-e87ec1263403" parentExecutionId="5c34f7aa-9174-4725-a704-d279f0866dea" testId="8fe5ccb3-a3f4-0f61-ad21-e94ef029e900" testName="all_persons_modal_can_may" computerName="ARPAN-LAP" duration="00:00:00.0188661" startTime="2014-06-25T20:32:19.6943446+05:30" endTime="2014-06-25T20:32:19.7133457+05:30" testType="13cdc9d9-ddb5-4fa4-a97d-d965ccfc6d4b" outcome="Passed" testListId="8c84fa94-04c1-424b-9868-57a2d4851a1d" relativeResultsDirectory="5c34f7aa-9174-4725-a704-d279f0866dea" dataRowInfo="10" resultType="DataDrivenDataRow" />
        <UnitTestResult executionId="bfe6e6a9-db49-459f-8eed-b43b94beb6b4" parentExecutionId="5c34f7aa-9174-4725-a704-d279f0866dea" testId="8fe5ccb3-a3f4-0f61-ad21-e94ef029e900" testName="all_persons_modal_can_may" computerName="ARPAN-LAP" duration="00:00:00.0196314" startTime="2014-06-25T20:32:19.7133457+05:30" endTime="2014-06-25T20:32:19.7333469+05:30" testType="13cdc9d9-ddb5-4fa4-a97d-d965ccfc6d4b" outcome="Passed" testListId="8c84fa94-04c1-424b-9868-57a2d4851a1d" relativeResultsDirectory="5c34f7aa-9174-4725-a704-d279f0866dea" dataRowInfo="11" resultType="DataDrivenDataRow" />
        <UnitTestResult executionId="6fff453f-9da5-4d51-a007-125ab411954f" parentExecutionId="5c34f7aa-9174-4725-a704-d279f0866dea" testId="8fe5ccb3-a3f4-0f61-ad21-e94ef029e900" testName="all_persons_modal_can_may" computerName="ARPAN-LAP" duration="00:00:00.0235677" startTime="2014-06-25T20:32:19.7333469+05:30" endTime="2014-06-25T20:32:19.7563482+05:30" testType="13cdc9d9-ddb5-4fa4-a97d-d965ccfc6d4b" outcome="Passed" testListId="8c84fa94-04c1-424b-9868-57a2d4851a1d" relativeResultsDirectory="5c34f7aa-9174-4725-a704-d279f0866dea" dataRowInfo="12" resultType="DataDrivenDataRow" />
        <UnitTestResult executionId="b4f8cd66-9535-42a2-9c32-1040d7adc805" parentExecutionId="5c34f7aa-9174-4725-a704-d279f0866dea" testId="8fe5ccb3-a3f4-0f61-ad21-e94ef029e900" testName="all_persons_modal_can_may" computerName="ARPAN-LAP" duration="00:00:00.0232207" startTime="2014-06-25T20:32:19.7563482+05:30" endTime="2014-06-25T20:32:19.7793495+05:30" testType="13cdc9d9-ddb5-4fa4-a97d-d965ccfc6d4b" outcome="Passed" testListId="8c84fa94-04c1-424b-9868-57a2d4851a1d" relativeResultsDirectory="5c34f7aa-9174-4725-a704-d279f0866dea" dataRowInfo="13" resultType="DataDrivenDataRow" />
        <UnitTestResult executionId="2515f60b-98b2-4780-97e6-2ad3384a23a6" parentExecutionId="5c34f7aa-9174-4725-a704-d279f0866dea" testId="8fe5ccb3-a3f4-0f61-ad21-e94ef029e900" testName="all_persons_modal_can_may" computerName="ARPAN-LAP" duration="00:00:00.0249776" startTime="2014-06-25T20:32:19.7793495+05:30" endTime="2014-06-25T20:32:19.8043509+05:30" testType="13cdc9d9-ddb5-4fa4-a97d-d965ccfc6d4b" outcome="Passed" testListId="8c84fa94-04c1-424b-9868-57a2d4851a1d" relativeResultsDirectory="5c34f7aa-9174-4725-a704-d279f0866dea" dataRowInfo="14" resultType="DataDrivenDataRow" />
        <UnitTestResult executionId="aeda822a-4a2a-43e8-9918-5ced61c1ede4" parentExecutionId="5c34f7aa-9174-4725-a704-d279f0866dea" testId="8fe5ccb3-a3f4-0f61-ad21-e94ef029e900" testName="all_persons_modal_can_may" computerName="ARPAN-LAP" duration="00:00:00.0236139" startTime="2014-06-25T20:32:19.8043509+05:30" endTime="2014-06-25T20:32:19.8283523+05:30" testType="13cdc9d9-ddb5-4fa4-a97d-d965ccfc6d4b" outcome="Passed" testListId="8c84fa94-04c1-424b-9868-57a2d4851a1d" relativeResultsDirectory="5c34f7aa-9174-4725-a704-d279f0866dea" dataRowInfo="15" resultType="DataDrivenDataRow" />
        <UnitTestResult executionId="1b6fd59d-a739-4f44-8fb0-cbf9735c5e0d" parentExecutionId="5c34f7aa-9174-4725-a704-d279f0866dea" testId="8fe5ccb3-a3f4-0f61-ad21-e94ef029e900" testName="all_persons_modal_can_may" computerName="ARPAN-LAP" duration="00:00:00.0182369" startTime="2014-06-25T20:32:19.8283523+05:30" endTime="2014-06-25T20:32:19.8463533+05:30" testType="13cdc9d9-ddb5-4fa4-a97d-d965ccfc6d4b" outcome="Passed" testListId="8c84fa94-04c1-424b-9868-57a2d4851a1d" relativeResultsDirectory="5c34f7aa-9174-4725-a704-d279f0866dea" dataRowInfo="16" resultType="DataDrivenDataRow" />
        <UnitTestResult executionId="fb72fa88-868f-444e-9fd9-14c931a4d08e" parentExecutionId="5c34f7aa-9174-4725-a704-d279f0866dea" testId="8fe5ccb3-a3f4-0f61-ad21-e94ef029e900" testName="all_persons_modal_can_may" computerName="ARPAN-LAP" duration="00:00:00.0178345" startTime="2014-06-25T20:32:19.8463533+05:30" endTime="2014-06-25T20:32:19.8643544+05:30" testType="13cdc9d9-ddb5-4fa4-a97d-d965ccfc6d4b" outcome="Passed" testListId="8c84fa94-04c1-424b-9868-57a2d4851a1d" relativeResultsDirectory="5c34f7aa-9174-4725-a704-d279f0866dea" dataRowInfo="17" resultType="DataDrivenDataRow" />
        <UnitTestResult executionId="bb2bd0c3-b6e0-485a-98cc-e50f7ea87661" parentExecutionId="5c34f7aa-9174-4725-a704-d279f0866dea" testId="8fe5ccb3-a3f4-0f61-ad21-e94ef029e900" testName="all_persons_modal_can_may" computerName="ARPAN-LAP" duration="00:00:00.0175681" startTime="2014-06-25T20:32:19.8643544+05:30" endTime="2014-06-25T20:32:19.8823554+05:30" testType="13cdc9d9-ddb5-4fa4-a97d-d965ccfc6d4b" outcome="Passed" testListId="8c84fa94-04c1-424b-9868-57a2d4851a1d" relativeResultsDirectory="5c34f7aa-9174-4725-a704-d279f0866dea" dataRowInfo="18" resultType="DataDrivenDataRow" />
        <UnitTestResult executionId="91860021-7e6c-4449-a993-246a82fd73a0" parentExecutionId="5c34f7aa-9174-4725-a704-d279f0866dea" testId="8fe5ccb3-a3f4-0f61-ad21-e94ef029e900" testName="all_persons_modal_can_may" computerName="ARPAN-LAP" duration="00:00:00.0204706" startTime="2014-06-25T20:32:19.8823554+05:30" endTime="2014-06-25T20:32:19.9023565+05:30" testType="13cdc9d9-ddb5-4fa4-a97d-d965ccfc6d4b" outcome="Passed" testListId="8c84fa94-04c1-424b-9868-57a2d4851a1d" relativeResultsDirectory="5c34f7aa-9174-4725-a704-d279f0866dea" dataRowInfo="19" resultType="DataDrivenDataRow" />
        <UnitTestResult executionId="db000037-3897-4e58-9869-452c3e945d1c" parentExecutionId="5c34f7aa-9174-4725-a704-d279f0866dea" testId="8fe5ccb3-a3f4-0f61-ad21-e94ef029e900" testName="all_persons_modal_can_may" computerName="ARPAN-LAP" duration="00:00:00.0226279" startTime="2014-06-25T20:32:19.9023565+05:30" endTime="2014-06-25T20:32:19.9253578+05:30" testType="13cdc9d9-ddb5-4fa4-a97d-d965ccfc6d4b" outcome="Passed" testListId="8c84fa94-04c1-424b-9868-57a2d4851a1d" relativeResultsDirectory="5c34f7aa-9174-4725-a704-d279f0866dea" dataRowInfo="20" resultType="DataDrivenDataRow" />
        <UnitTestResult executionId="2e261686-853a-4dc3-8651-b3ddd2049da8" parentExecutionId="5c34f7aa-9174-4725-a704-d279f0866dea" testId="8fe5ccb3-a3f4-0f61-ad21-e94ef029e900" testName="all_persons_modal_can_may" computerName="ARPAN-LAP" duration="00:00:00.0245383" startTime="2014-06-25T20:32:19.9253578+05:30" endTime="2014-06-25T20:32:19.9503593+05:30" testType="13cdc9d9-ddb5-4fa4-a97d-d965ccfc6d4b" outcome="Passed" testListId="8c84fa94-04c1-424b-9868-57a2d4851a1d" relativeResultsDirectory="5c34f7aa-9174-4725-a704-d279f0866dea" dataRowInfo="21" resultType="DataDrivenDataRow" />
        <UnitTestResult executionId="2e7676d2-3ef4-4206-b684-4698662209ea" parentExecutionId="5c34f7aa-9174-4725-a704-d279f0866dea" testId="8fe5ccb3-a3f4-0f61-ad21-e94ef029e900" testName="all_persons_modal_can_may" computerName="ARPAN-LAP" duration="00:00:00.0235728" startTime="2014-06-25T20:32:19.9503593+05:30" endTime="2014-06-25T20:32:19.9733606+05:30" testType="13cdc9d9-ddb5-4fa4-a97d-d965ccfc6d4b" outcome="Passed" testListId="8c84fa94-04c1-424b-9868-57a2d4851a1d" relativeResultsDirectory="5c34f7aa-9174-4725-a704-d279f0866dea" dataRowInfo="22" resultType="DataDrivenDataRow" />
        <UnitTestResult executionId="a9473628-a54a-4fde-a1ab-d0839d69c4de" parentExecutionId="5c34f7aa-9174-4725-a704-d279f0866dea" testId="8fe5ccb3-a3f4-0f61-ad21-e94ef029e900" testName="all_persons_modal_can_may" computerName="ARPAN-LAP" duration="00:00:00.0212390" startTime="2014-06-25T20:32:19.9733606+05:30" endTime="2014-06-25T20:32:19.9953618+05:30" testType="13cdc9d9-ddb5-4fa4-a97d-d965ccfc6d4b" outcome="Passed" testListId="8c84fa94-04c1-424b-9868-57a2d4851a1d" relativeResultsDirectory="5c34f7aa-9174-4725-a704-d279f0866dea" dataRowInfo="23" resultType="DataDrivenDataRow" />
        <UnitTestResult executionId="8561b1d9-2f67-4623-8712-e70d5f35055a" parentExecutionId="5c34f7aa-9174-4725-a704-d279f0866dea" testId="8fe5ccb3-a3f4-0f61-ad21-e94ef029e900" testName="all_persons_modal_can_may" computerName="ARPAN-LAP" duration="00:00:00.0224857" startTime="2014-06-25T20:32:19.9953618+05:30" endTime="2014-06-25T20:32:20.0173631+05:30" testType="13cdc9d9-ddb5-4fa4-a97d-d965ccfc6d4b" outcome="Passed" testListId="8c84fa94-04c1-424b-9868-57a2d4851a1d" relativeResultsDirectory="5c34f7aa-9174-4725-a704-d279f0866dea" dataRowInfo="24" resultType="DataDrivenDataRow" />
        <UnitTestResult executionId="b9b7d01d-171b-454e-924d-5e0a04c3d314" parentExecutionId="5c34f7aa-9174-4725-a704-d279f0866dea" testId="8fe5ccb3-a3f4-0f61-ad21-e94ef029e900" testName="all_persons_modal_can_may" computerName="ARPAN-LAP" duration="00:00:00.0223194" startTime="2014-06-25T20:32:20.0173631+05:30" endTime="2014-06-25T20:32:20.0403644+05:30" testType="13cdc9d9-ddb5-4fa4-a97d-d965ccfc6d4b" outcome="Passed" testListId="8c84fa94-04c1-424b-9868-57a2d4851a1d" relativeResultsDirectory="5c34f7aa-9174-4725-a704-d279f0866dea" dataRowInfo="25" resultType="DataDrivenDataRow" />
        <UnitTestResult executionId="577cbd48-b12d-49f5-8b3c-9be346c72676" parentExecutionId="5c34f7aa-9174-4725-a704-d279f0866dea" testId="8fe5ccb3-a3f4-0f61-ad21-e94ef029e900" testName="all_persons_modal_can_may" computerName="ARPAN-LAP" duration="00:00:00.0235112" startTime="2014-06-25T20:32:20.0403644+05:30" endTime="2014-06-25T20:32:20.0633657+05:30" testType="13cdc9d9-ddb5-4fa4-a97d-d965ccfc6d4b" outcome="Passed" testListId="8c84fa94-04c1-424b-9868-57a2d4851a1d" relativeResultsDirectory="5c34f7aa-9174-4725-a704-d279f0866dea" dataRowInfo="26" resultType="DataDrivenDataRow" />
        <UnitTestResult executionId="b481765b-88fb-4e53-b70d-7b488aa671d7" parentExecutionId="5c34f7aa-9174-4725-a704-d279f0866dea" testId="8fe5ccb3-a3f4-0f61-ad21-e94ef029e900" testName="all_persons_modal_can_may" computerName="ARPAN-LAP" duration="00:00:00.0302668" startTime="2014-06-25T20:32:20.0633657+05:30" endTime="2014-06-25T20:32:20.0933675+05:30" testType="13cdc9d9-ddb5-4fa4-a97d-d965ccfc6d4b" outcome="Passed" testListId="8c84fa94-04c1-424b-9868-57a2d4851a1d" relativeResultsDirectory="5c34f7aa-9174-4725-a704-d279f0866dea" dataRowInfo="27" resultType="DataDrivenDataRow" />
        <UnitTestResult executionId="25f1678f-2b28-421f-b9f2-d575f0632836" parentExecutionId="5c34f7aa-9174-4725-a704-d279f0866dea" testId="8fe5ccb3-a3f4-0f61-ad21-e94ef029e900" testName="all_persons_modal_can_may" computerName="ARPAN-LAP" duration="00:00:00.0952435" startTime="2014-06-25T20:32:20.0933675+05:30" endTime="2014-06-25T20:32:20.1893729+05:30" testType="13cdc9d9-ddb5-4fa4-a97d-d965ccfc6d4b" outcome="Passed" testListId="8c84fa94-04c1-424b-9868-57a2d4851a1d" relativeResultsDirectory="5c34f7aa-9174-4725-a704-d279f0866dea" dataRowInfo="28" resultType="DataDrivenDataRow" />
      </InnerResults>
    </UnitTestResult>
    <UnitTestResult executionId="977978cf-3ae0-4463-8fe2-39e6c9b9da2c" testId="921e6ab0-d7c2-6005-e523-6fd2d5e1a723" testName="first_person_tenses_active" computerName="ARPAN-LAP" duration="00:00:00.2445814" startTime="2014-06-25T20:32:20.2793781+05:30" endTime="2014-06-25T20:32:20.5663945+05:30" testType="13cdc9d9-ddb5-4fa4-a97d-d965ccfc6d4b" outcome="Passed" testListId="8c84fa94-04c1-424b-9868-57a2d4851a1d" relativeResultsDirectory="977978cf-3ae0-4463-8fe2-39e6c9b9da2c" resultType="DataDrivenTest">
      <Counters error="0" failed="0" timeout="0" aborted="0" inconclusive="0" passedButRunAborted="0" notRunnable="0" notExecuted="0" disconnected="0" warning="0" passed="10" completed="0" inProgress="0" pending="0" />
      <InnerResults>
        <UnitTestResult executionId="7b4e1a52-feca-4cb9-ab72-412cf27229a5" parentExecutionId="977978cf-3ae0-4463-8fe2-39e6c9b9da2c" testId="921e6ab0-d7c2-6005-e523-6fd2d5e1a723" testName="first_person_tenses_active" computerName="ARPAN-LAP" duration="00:00:00.0215331" startTime="2014-06-25T20:32:20.2843784+05:30" endTime="2014-06-25T20:32:20.3053796+05:30" testType="13cdc9d9-ddb5-4fa4-a97d-d965ccfc6d4b" outcome="Passed" testListId="8c84fa94-04c1-424b-9868-57a2d4851a1d" relativeResultsDirectory="977978cf-3ae0-4463-8fe2-39e6c9b9da2c" dataRowInfo="0" resultType="DataDrivenDataRow" />
        <UnitTestResult executionId="2dce2ed3-5c74-4576-84fe-6b7a2541ee12" parentExecutionId="977978cf-3ae0-4463-8fe2-39e6c9b9da2c" testId="921e6ab0-d7c2-6005-e523-6fd2d5e1a723" testName="first_person_tenses_active" computerName="ARPAN-LAP" duration="00:00:00.0224200" startTime="2014-06-25T20:32:20.3053796+05:30" endTime="2014-06-25T20:32:20.3283809+05:30" testType="13cdc9d9-ddb5-4fa4-a97d-d965ccfc6d4b" outcome="Passed" testListId="8c84fa94-04c1-424b-9868-57a2d4851a1d" relativeResultsDirectory="977978cf-3ae0-4463-8fe2-39e6c9b9da2c" dataRowInfo="1" resultType="DataDrivenDataRow" />
        <UnitTestResult executionId="bb4678f5-0953-45d0-a13c-027e367225bd" parentExecutionId="977978cf-3ae0-4463-8fe2-39e6c9b9da2c" testId="921e6ab0-d7c2-6005-e523-6fd2d5e1a723" testName="first_person_tenses_active" computerName="ARPAN-LAP" duration="00:00:00.0221264" startTime="2014-06-25T20:32:20.3283809+05:30" endTime="2014-06-25T20:32:20.3503822+05:30" testType="13cdc9d9-ddb5-4fa4-a97d-d965ccfc6d4b" outcome="Passed" testListId="8c84fa94-04c1-424b-9868-57a2d4851a1d" relativeResultsDirectory="977978cf-3ae0-4463-8fe2-39e6c9b9da2c" dataRowInfo="2" resultType="DataDrivenDataRow" />
        <UnitTestResult executionId="497704c8-2bbd-403c-ac92-40e7fdf89974" parentExecutionId="977978cf-3ae0-4463-8fe2-39e6c9b9da2c" testId="921e6ab0-d7c2-6005-e523-6fd2d5e1a723" testName="first_person_tenses_active" computerName="ARPAN-LAP" duration="00:00:00.0285074" startTime="2014-06-25T20:32:20.3503822+05:30" endTime="2014-06-25T20:32:20.3783838+05:30" testType="13cdc9d9-ddb5-4fa4-a97d-d965ccfc6d4b" outcome="Passed" testListId="8c84fa94-04c1-424b-9868-57a2d4851a1d" relativeResultsDirectory="977978cf-3ae0-4463-8fe2-39e6c9b9da2c" dataRowInfo="3" resultType="DataDrivenDataRow" />
        <UnitTestResult executionId="078bcdb0-f840-4547-bbcd-95ed3b780aab" parentExecutionId="977978cf-3ae0-4463-8fe2-39e6c9b9da2c" testId="921e6ab0-d7c2-6005-e523-6fd2d5e1a723" testName="first_person_tenses_active" computerName="ARPAN-LAP" duration="00:00:00.0208474" startTime="2014-06-25T20:32:20.3783838+05:30" endTime="2014-06-25T20:32:20.3993850+05:30" testType="13cdc9d9-ddb5-4fa4-a97d-d965ccfc6d4b" outcome="Passed" testListId="8c84fa94-04c1-424b-9868-57a2d4851a1d" relativeResultsDirectory="977978cf-3ae0-4463-8fe2-39e6c9b9da2c" dataRowInfo="4" resultType="DataDrivenDataRow" />
        <UnitTestResult executionId="0bc71476-72e1-46b0-9136-732011ad7f66" parentExecutionId="977978cf-3ae0-4463-8fe2-39e6c9b9da2c" testId="921e6ab0-d7c2-6005-e523-6fd2d5e1a723" testName="first_person_tenses_active" computerName="ARPAN-LAP" duration="00:00:00.0244823" startTime="2014-06-25T20:32:20.3993850+05:30" endTime="2014-06-25T20:32:20.4243864+05:30" testType="13cdc9d9-ddb5-4fa4-a97d-d965ccfc6d4b" outcome="Passed" testListId="8c84fa94-04c1-424b-9868-57a2d4851a1d" relativeResultsDirectory="977978cf-3ae0-4463-8fe2-39e6c9b9da2c" dataRowInfo="5" resultType="DataDrivenDataRow" />
        <UnitTestResult executionId="037f9a19-a67a-4132-8abf-d378c3128d21" parentExecutionId="977978cf-3ae0-4463-8fe2-39e6c9b9da2c" testId="921e6ab0-d7c2-6005-e523-6fd2d5e1a723" testName="first_person_tenses_active" computerName="ARPAN-LAP" duration="00:00:00.0231376" startTime="2014-06-25T20:32:20.4243864+05:30" endTime="2014-06-25T20:32:20.4473877+05:30" testType="13cdc9d9-ddb5-4fa4-a97d-d965ccfc6d4b" outcome="Passed" testListId="8c84fa94-04c1-424b-9868-57a2d4851a1d" relativeResultsDirectory="977978cf-3ae0-4463-8fe2-39e6c9b9da2c" dataRowInfo="6" resultType="DataDrivenDataRow" />
        <UnitTestResult executionId="a03d779e-cd9e-4ecc-b75a-e57b11f925e7" parentExecutionId="977978cf-3ae0-4463-8fe2-39e6c9b9da2c" testId="921e6ab0-d7c2-6005-e523-6fd2d5e1a723" testName="first_person_tenses_active" computerName="ARPAN-LAP" duration="00:00:00.0285438" startTime="2014-06-25T20:32:20.4473877+05:30" endTime="2014-06-25T20:32:20.4763894+05:30" testType="13cdc9d9-ddb5-4fa4-a97d-d965ccfc6d4b" outcome="Passed" testListId="8c84fa94-04c1-424b-9868-57a2d4851a1d" relativeResultsDirectory="977978cf-3ae0-4463-8fe2-39e6c9b9da2c" dataRowInfo="7" resultType="DataDrivenDataRow" />
        <UnitTestResult executionId="fdaa5fbd-8675-4d87-9fea-da67897488ee" parentExecutionId="977978cf-3ae0-4463-8fe2-39e6c9b9da2c" testId="921e6ab0-d7c2-6005-e523-6fd2d5e1a723" testName="first_person_tenses_active" computerName="ARPAN-LAP" duration="00:00:00.0243068" startTime="2014-06-25T20:32:20.4763894+05:30" endTime="2014-06-25T20:32:20.5003907+05:30" testType="13cdc9d9-ddb5-4fa4-a97d-d965ccfc6d4b" outcome="Passed" testListId="8c84fa94-04c1-424b-9868-57a2d4851a1d" relativeResultsDirectory="977978cf-3ae0-4463-8fe2-39e6c9b9da2c" dataRowInfo="8" resultType="DataDrivenDataRow" />
        <UnitTestResult executionId="7e1dc1d3-7acd-4cf4-ac0e-fcda3b832d9d" parentExecutionId="977978cf-3ae0-4463-8fe2-39e6c9b9da2c" testId="921e6ab0-d7c2-6005-e523-6fd2d5e1a723" testName="first_person_tenses_active" computerName="ARPAN-LAP" duration="00:00:00.0263316" startTime="2014-06-25T20:32:20.5003907+05:30" endTime="2014-06-25T20:32:20.5263922+05:30" testType="13cdc9d9-ddb5-4fa4-a97d-d965ccfc6d4b" outcome="Passed" testListId="8c84fa94-04c1-424b-9868-57a2d4851a1d" relativeResultsDirectory="977978cf-3ae0-4463-8fe2-39e6c9b9da2c" dataRowInfo="9" resultType="DataDrivenDataRow" />
      </InnerResults>
    </UnitTestResult>
    <UnitTestResult executionId="d1f4d8da-fd56-45fd-bcca-774c68919a12" testId="9319d01e-de3e-d310-c76e-cae8dce4c924" testName="all_persons_modal_should_negation" computerName="ARPAN-LAP" duration="00:00:00.5002017" startTime="2014-06-25T20:32:20.5803953+05:30" endTime="2014-06-25T20:32:21.1384272+05:30" testType="13cdc9d9-ddb5-4fa4-a97d-d965ccfc6d4b" outcome="Passed" testListId="8c84fa94-04c1-424b-9868-57a2d4851a1d" relativeResultsDirectory="d1f4d8da-fd56-45fd-bcca-774c68919a12" resultType="DataDrivenTest">
      <Counters error="0" failed="0" timeout="0" aborted="0" inconclusive="0" passedButRunAborted="0" notRunnable="0" notExecuted="0" disconnected="0" warning="0" passed="17" completed="0" inProgress="0" pending="0" />
      <InnerResults>
        <UnitTestResult executionId="7d0f8244-cac6-4adb-88da-30dc690e117c" parentExecutionId="d1f4d8da-fd56-45fd-bcca-774c68919a12" testId="9319d01e-de3e-d310-c76e-cae8dce4c924" testName="all_persons_modal_should_negation" computerName="ARPAN-LAP" duration="00:00:00.0298526" startTime="2014-06-25T20:32:20.5923960+05:30" endTime="2014-06-25T20:32:20.6223977+05:30" testType="13cdc9d9-ddb5-4fa4-a97d-d965ccfc6d4b" outcome="Passed" testListId="8c84fa94-04c1-424b-9868-57a2d4851a1d" relativeResultsDirectory="d1f4d8da-fd56-45fd-bcca-774c68919a12" dataRowInfo="0" resultType="DataDrivenDataRow" />
        <UnitTestResult executionId="a83442d3-67da-42d9-bcea-a70a9fe5f782" parentExecutionId="d1f4d8da-fd56-45fd-bcca-774c68919a12" testId="9319d01e-de3e-d310-c76e-cae8dce4c924" testName="all_persons_modal_should_negation" computerName="ARPAN-LAP" duration="00:00:00.0301221" startTime="2014-06-25T20:32:20.6223977+05:30" endTime="2014-06-25T20:32:20.6523994+05:30" testType="13cdc9d9-ddb5-4fa4-a97d-d965ccfc6d4b" outcome="Passed" testListId="8c84fa94-04c1-424b-9868-57a2d4851a1d" relativeResultsDirectory="d1f4d8da-fd56-45fd-bcca-774c68919a12" dataRowInfo="1" resultType="DataDrivenDataRow" />
        <UnitTestResult executionId="0e78f133-606f-4463-b1c0-050df6a9c4a1" parentExecutionId="d1f4d8da-fd56-45fd-bcca-774c68919a12" testId="9319d01e-de3e-d310-c76e-cae8dce4c924" testName="all_persons_modal_should_negation" computerName="ARPAN-LAP" duration="00:00:00.0286937" startTime="2014-06-25T20:32:20.6523994+05:30" endTime="2014-06-25T20:32:20.6814011+05:30" testType="13cdc9d9-ddb5-4fa4-a97d-d965ccfc6d4b" outcome="Passed" testListId="8c84fa94-04c1-424b-9868-57a2d4851a1d" relativeResultsDirectory="d1f4d8da-fd56-45fd-bcca-774c68919a12" dataRowInfo="2" resultType="DataDrivenDataRow" />
        <UnitTestResult executionId="3b34a1ff-0837-4065-8ab7-7b6b40050910" parentExecutionId="d1f4d8da-fd56-45fd-bcca-774c68919a12" testId="9319d01e-de3e-d310-c76e-cae8dce4c924" testName="all_persons_modal_should_negation" computerName="ARPAN-LAP" duration="00:00:00.0334507" startTime="2014-06-25T20:32:20.6814011+05:30" endTime="2014-06-25T20:32:20.7144030+05:30" testType="13cdc9d9-ddb5-4fa4-a97d-d965ccfc6d4b" outcome="Passed" testListId="8c84fa94-04c1-424b-9868-57a2d4851a1d" relativeResultsDirectory="d1f4d8da-fd56-45fd-bcca-774c68919a12" dataRowInfo="3" resultType="DataDrivenDataRow" />
        <UnitTestResult executionId="42f48f14-c828-4a20-a033-8675e545dcb2" parentExecutionId="d1f4d8da-fd56-45fd-bcca-774c68919a12" testId="9319d01e-de3e-d310-c76e-cae8dce4c924" testName="all_persons_modal_should_negation" computerName="ARPAN-LAP" duration="00:00:00.0216019" startTime="2014-06-25T20:32:20.7144030+05:30" endTime="2014-06-25T20:32:20.7364042+05:30" testType="13cdc9d9-ddb5-4fa4-a97d-d965ccfc6d4b" outcome="Passed" testListId="8c84fa94-04c1-424b-9868-57a2d4851a1d" relativeResultsDirectory="d1f4d8da-fd56-45fd-bcca-774c68919a12" dataRowInfo="4" resultType="DataDrivenDataRow" />
        <UnitTestResult executionId="05e08998-b95b-4672-9eb7-d21fa5830a8d" parentExecutionId="d1f4d8da-fd56-45fd-bcca-774c68919a12" testId="9319d01e-de3e-d310-c76e-cae8dce4c924" testName="all_persons_modal_should_negation" computerName="ARPAN-LAP" duration="00:00:00.0246147" startTime="2014-06-25T20:32:20.7364042+05:30" endTime="2014-06-25T20:32:20.7614057+05:30" testType="13cdc9d9-ddb5-4fa4-a97d-d965ccfc6d4b" outcome="Passed" testListId="8c84fa94-04c1-424b-9868-57a2d4851a1d" relativeResultsDirectory="d1f4d8da-fd56-45fd-bcca-774c68919a12" dataRowInfo="5" resultType="DataDrivenDataRow" />
        <UnitTestResult executionId="b5e14138-f8e2-4e84-b633-5624fa4f4477" parentExecutionId="d1f4d8da-fd56-45fd-bcca-774c68919a12" testId="9319d01e-de3e-d310-c76e-cae8dce4c924" testName="all_persons_modal_should_negation" computerName="ARPAN-LAP" duration="00:00:00.0274778" startTime="2014-06-25T20:32:20.7614057+05:30" endTime="2014-06-25T20:32:20.7884072+05:30" testType="13cdc9d9-ddb5-4fa4-a97d-d965ccfc6d4b" outcome="Passed" testListId="8c84fa94-04c1-424b-9868-57a2d4851a1d" relativeResultsDirectory="d1f4d8da-fd56-45fd-bcca-774c68919a12" dataRowInfo="6" resultType="DataDrivenDataRow" />
        <UnitTestResult executionId="d071d43b-8b2d-45f3-a029-7e5334cca5ea" parentExecutionId="d1f4d8da-fd56-45fd-bcca-774c68919a12" testId="9319d01e-de3e-d310-c76e-cae8dce4c924" testName="all_persons_modal_should_negation" computerName="ARPAN-LAP" duration="00:00:00.0313827" startTime="2014-06-25T20:32:20.7884072+05:30" endTime="2014-06-25T20:32:20.8204090+05:30" testType="13cdc9d9-ddb5-4fa4-a97d-d965ccfc6d4b" outcome="Passed" testListId="8c84fa94-04c1-424b-9868-57a2d4851a1d" relativeResultsDirectory="d1f4d8da-fd56-45fd-bcca-774c68919a12" dataRowInfo="7" resultType="DataDrivenDataRow" />
        <UnitTestResult executionId="250a8a2b-b243-4da2-a12f-2fe1c298fd9d" parentExecutionId="d1f4d8da-fd56-45fd-bcca-774c68919a12" testId="9319d01e-de3e-d310-c76e-cae8dce4c924" testName="all_persons_modal_should_negation" computerName="ARPAN-LAP" duration="00:00:00.0214889" startTime="2014-06-25T20:32:20.8204090+05:30" endTime="2014-06-25T20:32:20.8414102+05:30" testType="13cdc9d9-ddb5-4fa4-a97d-d965ccfc6d4b" outcome="Passed" testListId="8c84fa94-04c1-424b-9868-57a2d4851a1d" relativeResultsDirectory="d1f4d8da-fd56-45fd-bcca-774c68919a12" dataRowInfo="8" resultType="DataDrivenDataRow" />
        <UnitTestResult executionId="a8dba7b2-4ea6-4fd5-b340-c5b16e63c72e" parentExecutionId="d1f4d8da-fd56-45fd-bcca-774c68919a12" testId="9319d01e-de3e-d310-c76e-cae8dce4c924" testName="all_persons_modal_should_negation" computerName="ARPAN-LAP" duration="00:00:00.0347800" startTime="2014-06-25T20:32:20.8414102+05:30" endTime="2014-06-25T20:32:20.8764122+05:30" testType="13cdc9d9-ddb5-4fa4-a97d-d965ccfc6d4b" outcome="Passed" testListId="8c84fa94-04c1-424b-9868-57a2d4851a1d" relativeResultsDirectory="d1f4d8da-fd56-45fd-bcca-774c68919a12" dataRowInfo="9" resultType="DataDrivenDataRow" />
        <UnitTestResult executionId="29a2780e-42a4-426f-94d5-2e6d07457d85" parentExecutionId="d1f4d8da-fd56-45fd-bcca-774c68919a12" testId="9319d01e-de3e-d310-c76e-cae8dce4c924" testName="all_persons_modal_should_negation" computerName="ARPAN-LAP" duration="00:00:00.0364769" startTime="2014-06-25T20:32:20.8764122+05:30" endTime="2014-06-25T20:32:20.9134144+05:30" testType="13cdc9d9-ddb5-4fa4-a97d-d965ccfc6d4b" outcome="Passed" testListId="8c84fa94-04c1-424b-9868-57a2d4851a1d" relativeResultsDirectory="d1f4d8da-fd56-45fd-bcca-774c68919a12" dataRowInfo="10" resultType="DataDrivenDataRow" />
        <UnitTestResult executionId="06199f2b-3edc-4a5c-8581-620192970ff2" parentExecutionId="d1f4d8da-fd56-45fd-bcca-774c68919a12" testId="9319d01e-de3e-d310-c76e-cae8dce4c924" testName="all_persons_modal_should_negation" computerName="ARPAN-LAP" duration="00:00:00.0363403" startTime="2014-06-25T20:32:20.9134144+05:30" endTime="2014-06-25T20:32:20.9494164+05:30" testType="13cdc9d9-ddb5-4fa4-a97d-d965ccfc6d4b" outcome="Passed" testListId="8c84fa94-04c1-424b-9868-57a2d4851a1d" relativeResultsDirectory="d1f4d8da-fd56-45fd-bcca-774c68919a12" dataRowInfo="11" resultType="DataDrivenDataRow" />
        <UnitTestResult executionId="73462e97-385a-49c1-b053-bd51018fd156" parentExecutionId="d1f4d8da-fd56-45fd-bcca-774c68919a12" testId="9319d01e-de3e-d310-c76e-cae8dce4c924" testName="all_persons_modal_should_negation" computerName="ARPAN-LAP" duration="00:00:00.0284524" startTime="2014-06-25T20:32:20.9494164+05:30" endTime="2014-06-25T20:32:20.9774180+05:30" testType="13cdc9d9-ddb5-4fa4-a97d-d965ccfc6d4b" outcome="Passed" testListId="8c84fa94-04c1-424b-9868-57a2d4851a1d" relativeResultsDirectory="d1f4d8da-fd56-45fd-bcca-774c68919a12" dataRowInfo="12" resultType="DataDrivenDataRow" />
        <UnitTestResult executionId="508dab67-b82f-432a-9bf1-337f75289830" parentExecutionId="d1f4d8da-fd56-45fd-bcca-774c68919a12" testId="9319d01e-de3e-d310-c76e-cae8dce4c924" testName="all_persons_modal_should_negation" computerName="ARPAN-LAP" duration="00:00:00.0268654" startTime="2014-06-25T20:32:20.9774180+05:30" endTime="2014-06-25T20:32:21.0044196+05:30" testType="13cdc9d9-ddb5-4fa4-a97d-d965ccfc6d4b" outcome="Passed" testListId="8c84fa94-04c1-424b-9868-57a2d4851a1d" relativeResultsDirectory="d1f4d8da-fd56-45fd-bcca-774c68919a12" dataRowInfo="13" resultType="DataDrivenDataRow" />
        <UnitTestResult executionId="0adf0ef0-83d7-4ca4-8b6a-f71f9ed7cc47" parentExecutionId="d1f4d8da-fd56-45fd-bcca-774c68919a12" testId="9319d01e-de3e-d310-c76e-cae8dce4c924" testName="all_persons_modal_should_negation" computerName="ARPAN-LAP" duration="00:00:00.0277739" startTime="2014-06-25T20:32:21.0044196+05:30" endTime="2014-06-25T20:32:21.0324212+05:30" testType="13cdc9d9-ddb5-4fa4-a97d-d965ccfc6d4b" outcome="Passed" testListId="8c84fa94-04c1-424b-9868-57a2d4851a1d" relativeResultsDirectory="d1f4d8da-fd56-45fd-bcca-774c68919a12" dataRowInfo="14" resultType="DataDrivenDataRow" />
        <UnitTestResult executionId="06af026e-e5c8-4dab-a25a-642e4a1e254d" parentExecutionId="d1f4d8da-fd56-45fd-bcca-774c68919a12" testId="9319d01e-de3e-d310-c76e-cae8dce4c924" testName="all_persons_modal_should_negation" computerName="ARPAN-LAP" duration="00:00:00.0262962" startTime="2014-06-25T20:32:21.0324212+05:30" endTime="2014-06-25T20:32:21.0594227+05:30" testType="13cdc9d9-ddb5-4fa4-a97d-d965ccfc6d4b" outcome="Passed" testListId="8c84fa94-04c1-424b-9868-57a2d4851a1d" relativeResultsDirectory="d1f4d8da-fd56-45fd-bcca-774c68919a12" dataRowInfo="15" resultType="DataDrivenDataRow" />
        <UnitTestResult executionId="dfac57bd-bac4-4d0f-ac23-5993f0d7e7a4" parentExecutionId="d1f4d8da-fd56-45fd-bcca-774c68919a12" testId="9319d01e-de3e-d310-c76e-cae8dce4c924" testName="all_persons_modal_should_negation" computerName="ARPAN-LAP" duration="00:00:00.0305553" startTime="2014-06-25T20:32:21.0594227+05:30" endTime="2014-06-25T20:32:21.0894244+05:30" testType="13cdc9d9-ddb5-4fa4-a97d-d965ccfc6d4b" outcome="Passed" testListId="8c84fa94-04c1-424b-9868-57a2d4851a1d" relativeResultsDirectory="d1f4d8da-fd56-45fd-bcca-774c68919a12" dataRowInfo="16" resultType="DataDrivenDataRow" />
      </InnerResults>
    </UnitTestResult>
    <UnitTestResult executionId="a6cc5bc8-bb62-4e9c-ada9-22d4442b3891" testId="97a1371f-e8e6-db3e-323e-49ffeef32df1" testName="interrogative_sentences_which" computerName="ARPAN-LAP" duration="00:00:00.0531129" startTime="2014-06-25T20:32:21.1464277+05:30" endTime="2014-06-25T20:32:21.2164317+05:30" testType="13cdc9d9-ddb5-4fa4-a97d-d965ccfc6d4b" outcome="Passed" testListId="8c84fa94-04c1-424b-9868-57a2d4851a1d" relativeResultsDirectory="a6cc5bc8-bb62-4e9c-ada9-22d4442b3891" resultType="DataDrivenTest">
      <Counters error="0" failed="0" timeout="0" aborted="0" inconclusive="0" passedButRunAborted="0" notRunnable="0" notExecuted="0" disconnected="0" warning="0" passed="2" completed="0" inProgress="0" pending="0" />
      <InnerResults>
        <UnitTestResult executionId="2c60e08d-e9ca-4d27-8953-883bb65b0010" parentExecutionId="a6cc5bc8-bb62-4e9c-ada9-22d4442b3891" testId="97a1371f-e8e6-db3e-323e-49ffeef32df1" testName="interrogative_sentences_which" computerName="ARPAN-LAP" duration="00:00:00.0232022" startTime="2014-06-25T20:32:21.1564283+05:30" endTime="2014-06-25T20:32:21.1794296+05:30" testType="13cdc9d9-ddb5-4fa4-a97d-d965ccfc6d4b" outcome="Passed" testListId="8c84fa94-04c1-424b-9868-57a2d4851a1d" relativeResultsDirectory="a6cc5bc8-bb62-4e9c-ada9-22d4442b3891" dataRowInfo="0" resultType="DataDrivenDataRow" />
        <UnitTestResult executionId="b5fe7815-ae36-4e3c-9108-53827276bb5c" parentExecutionId="a6cc5bc8-bb62-4e9c-ada9-22d4442b3891" testId="97a1371f-e8e6-db3e-323e-49ffeef32df1" testName="interrogative_sentences_which" computerName="ARPAN-LAP" duration="00:00:00.0277534" startTime="2014-06-25T20:32:21.1794296+05:30" endTime="2014-06-25T20:32:21.2074312+05:30" testType="13cdc9d9-ddb5-4fa4-a97d-d965ccfc6d4b" outcome="Passed" testListId="8c84fa94-04c1-424b-9868-57a2d4851a1d" relativeResultsDirectory="a6cc5bc8-bb62-4e9c-ada9-22d4442b3891" dataRowInfo="1" resultType="DataDrivenDataRow" />
      </InnerResults>
    </UnitTestResult>
    <UnitTestResult executionId="5cc15729-c45b-48dd-8a80-127b6380e0a2" testId="b9261b51-b0a2-10e2-9308-22bb2624de8b" testName="interrogative_sentences_where" computerName="ARPAN-LAP" duration="00:00:00.0897274" startTime="2014-06-25T20:32:21.2284324+05:30" endTime="2014-06-25T20:32:21.3444390+05:30" testType="13cdc9d9-ddb5-4fa4-a97d-d965ccfc6d4b" outcome="Passed" testListId="8c84fa94-04c1-424b-9868-57a2d4851a1d" relativeResultsDirectory="5cc15729-c45b-48dd-8a80-127b6380e0a2" resultType="DataDrivenTest">
      <Counters error="0" failed="0" timeout="0" aborted="0" inconclusive="0" passedButRunAborted="0" notRunnable="0" notExecuted="0" disconnected="0" warning="0" passed="3" completed="0" inProgress="0" pending="0" />
      <InnerResults>
        <UnitTestResult executionId="49f7c5e6-e454-4ef3-a977-f5479241ad87" parentExecutionId="5cc15729-c45b-48dd-8a80-127b6380e0a2" testId="b9261b51-b0a2-10e2-9308-22bb2624de8b" testName="interrogative_sentences_where" computerName="ARPAN-LAP" duration="00:00:00.0252958" startTime="2014-06-25T20:32:21.2444333+05:30" endTime="2014-06-25T20:32:21.2694347+05:30" testType="13cdc9d9-ddb5-4fa4-a97d-d965ccfc6d4b" outcome="Passed" testListId="8c84fa94-04c1-424b-9868-57a2d4851a1d" relativeResultsDirectory="5cc15729-c45b-48dd-8a80-127b6380e0a2" dataRowInfo="0" resultType="DataDrivenDataRow" />
        <UnitTestResult executionId="3e064701-5f36-42dc-b3f3-1eb80f8327da" parentExecutionId="5cc15729-c45b-48dd-8a80-127b6380e0a2" testId="b9261b51-b0a2-10e2-9308-22bb2624de8b" testName="interrogative_sentences_where" computerName="ARPAN-LAP" duration="00:00:00.0289544" startTime="2014-06-25T20:32:21.2694347+05:30" endTime="2014-06-25T20:32:21.2984364+05:30" testType="13cdc9d9-ddb5-4fa4-a97d-d965ccfc6d4b" outcome="Passed" testListId="8c84fa94-04c1-424b-9868-57a2d4851a1d" relativeResultsDirectory="5cc15729-c45b-48dd-8a80-127b6380e0a2" dataRowInfo="1" resultType="DataDrivenDataRow" />
        <UnitTestResult executionId="9c24da97-d857-4ebb-bed3-98f2d92d5b7e" parentExecutionId="5cc15729-c45b-48dd-8a80-127b6380e0a2" testId="b9261b51-b0a2-10e2-9308-22bb2624de8b" testName="interrogative_sentences_where" computerName="ARPAN-LAP" duration="00:00:00.0336359" startTime="2014-06-25T20:32:21.2984364+05:30" endTime="2014-06-25T20:32:21.3324383+05:30" testType="13cdc9d9-ddb5-4fa4-a97d-d965ccfc6d4b" outcome="Passed" testListId="8c84fa94-04c1-424b-9868-57a2d4851a1d" relativeResultsDirectory="5cc15729-c45b-48dd-8a80-127b6380e0a2" dataRowInfo="2" resultType="DataDrivenDataRow" />
      </InnerResults>
    </UnitTestResult>
    <UnitTestResult executionId="5058dc1d-9bed-4e41-b37b-f30f44e5f72e" testId="bdfe92b2-f4ac-73a5-f13d-5c1ea13721b4" testName="all_persons_tenses_passive_negation" computerName="ARPAN-LAP" duration="00:00:00.3195575" startTime="2014-06-25T20:32:21.3484392+05:30" endTime="2014-06-25T20:32:21.7044596+05:30" testType="13cdc9d9-ddb5-4fa4-a97d-d965ccfc6d4b" outcome="Passed" testListId="8c84fa94-04c1-424b-9868-57a2d4851a1d" relativeResultsDirectory="5058dc1d-9bed-4e41-b37b-f30f44e5f72e" resultType="DataDrivenTest">
      <Counters error="0" failed="0" timeout="0" aborted="0" inconclusive="0" passedButRunAborted="0" notRunnable="0" notExecuted="0" disconnected="0" warning="0" passed="10" completed="0" inProgress="0" pending="0" />
      <InnerResults>
        <UnitTestResult executionId="4d46bdb9-5bb7-416b-b16c-0aef4ba79597" parentExecutionId="5058dc1d-9bed-4e41-b37b-f30f44e5f72e" testId="bdfe92b2-f4ac-73a5-f13d-5c1ea13721b4" testName="all_persons_tenses_passive_negation" computerName="ARPAN-LAP" duration="00:00:00.0236909" startTime="2014-06-25T20:32:21.3554396+05:30" endTime="2014-06-25T20:32:21.3794410+05:30" testType="13cdc9d9-ddb5-4fa4-a97d-d965ccfc6d4b" outcome="Passed" testListId="8c84fa94-04c1-424b-9868-57a2d4851a1d" relativeResultsDirectory="5058dc1d-9bed-4e41-b37b-f30f44e5f72e" dataRowInfo="0" resultType="DataDrivenDataRow" />
        <UnitTestResult executionId="d8dc3235-7b67-43d0-a839-fff516490bdf" parentExecutionId="5058dc1d-9bed-4e41-b37b-f30f44e5f72e" testId="bdfe92b2-f4ac-73a5-f13d-5c1ea13721b4" testName="all_persons_tenses_passive_negation" computerName="ARPAN-LAP" duration="00:00:00.0335482" startTime="2014-06-25T20:32:21.3794410+05:30" endTime="2014-06-25T20:32:21.4124429+05:30" testType="13cdc9d9-ddb5-4fa4-a97d-d965ccfc6d4b" outcome="Passed" testListId="8c84fa94-04c1-424b-9868-57a2d4851a1d" relativeResultsDirectory="5058dc1d-9bed-4e41-b37b-f30f44e5f72e" dataRowInfo="1" resultType="DataDrivenDataRow" />
        <UnitTestResult executionId="94046842-31dc-4fab-8104-191be81316ff" parentExecutionId="5058dc1d-9bed-4e41-b37b-f30f44e5f72e" testId="bdfe92b2-f4ac-73a5-f13d-5c1ea13721b4" testName="all_persons_tenses_passive_negation" computerName="ARPAN-LAP" duration="00:00:00.0415285" startTime="2014-06-25T20:32:21.4124429+05:30" endTime="2014-06-25T20:32:21.4544453+05:30" testType="13cdc9d9-ddb5-4fa4-a97d-d965ccfc6d4b" outcome="Passed" testListId="8c84fa94-04c1-424b-9868-57a2d4851a1d" relativeResultsDirectory="5058dc1d-9bed-4e41-b37b-f30f44e5f72e" dataRowInfo="2" resultType="DataDrivenDataRow" />
        <UnitTestResult executionId="72c79741-d9fc-4220-a3c0-6a0de70d8fed" parentExecutionId="5058dc1d-9bed-4e41-b37b-f30f44e5f72e" testId="bdfe92b2-f4ac-73a5-f13d-5c1ea13721b4" testName="all_persons_tenses_passive_negation" computerName="ARPAN-LAP" duration="00:00:00.0421213" startTime="2014-06-25T20:32:21.4544453+05:30" endTime="2014-06-25T20:32:21.4964477+05:30" testType="13cdc9d9-ddb5-4fa4-a97d-d965ccfc6d4b" outcome="Passed" testListId="8c84fa94-04c1-424b-9868-57a2d4851a1d" relativeResultsDirectory="5058dc1d-9bed-4e41-b37b-f30f44e5f72e" dataRowInfo="3" resultType="DataDrivenDataRow" />
        <UnitTestResult executionId="9f05671d-5d59-4b30-a2f8-5c11cfbf7d89" parentExecutionId="5058dc1d-9bed-4e41-b37b-f30f44e5f72e" testId="bdfe92b2-f4ac-73a5-f13d-5c1ea13721b4" testName="all_persons_tenses_passive_negation" computerName="ARPAN-LAP" duration="00:00:00.0235805" startTime="2014-06-25T20:32:21.4964477+05:30" endTime="2014-06-25T20:32:21.5204491+05:30" testType="13cdc9d9-ddb5-4fa4-a97d-d965ccfc6d4b" outcome="Passed" testListId="8c84fa94-04c1-424b-9868-57a2d4851a1d" relativeResultsDirectory="5058dc1d-9bed-4e41-b37b-f30f44e5f72e" dataRowInfo="4" resultType="DataDrivenDataRow" />
        <UnitTestResult executionId="0fbe4820-6ff6-47c8-bc9e-ca9bce6b53b6" parentExecutionId="5058dc1d-9bed-4e41-b37b-f30f44e5f72e" testId="bdfe92b2-f4ac-73a5-f13d-5c1ea13721b4" testName="all_persons_tenses_passive_negation" computerName="ARPAN-LAP" duration="00:00:00.0263819" startTime="2014-06-25T20:32:21.5204491+05:30" endTime="2014-06-25T20:32:21.5464506+05:30" testType="13cdc9d9-ddb5-4fa4-a97d-d965ccfc6d4b" outcome="Passed" testListId="8c84fa94-04c1-424b-9868-57a2d4851a1d" relativeResultsDirectory="5058dc1d-9bed-4e41-b37b-f30f44e5f72e" dataRowInfo="5" resultType="DataDrivenDataRow" />
        <UnitTestResult executionId="d4327ad1-7bda-4dfe-9054-654957819ef0" parentExecutionId="5058dc1d-9bed-4e41-b37b-f30f44e5f72e" testId="bdfe92b2-f4ac-73a5-f13d-5c1ea13721b4" testName="all_persons_tenses_passive_negation" computerName="ARPAN-LAP" duration="00:00:00.0282256" startTime="2014-06-25T20:32:21.5464506+05:30" endTime="2014-06-25T20:32:21.5744522+05:30" testType="13cdc9d9-ddb5-4fa4-a97d-d965ccfc6d4b" outcome="Passed" testListId="8c84fa94-04c1-424b-9868-57a2d4851a1d" relativeResultsDirectory="5058dc1d-9bed-4e41-b37b-f30f44e5f72e" dataRowInfo="6" resultType="DataDrivenDataRow" />
        <UnitTestResult executionId="96f83048-abf1-4cc5-86b7-62b02f27fc4a" parentExecutionId="5058dc1d-9bed-4e41-b37b-f30f44e5f72e" testId="bdfe92b2-f4ac-73a5-f13d-5c1ea13721b4" testName="all_persons_tenses_passive_negation" computerName="ARPAN-LAP" duration="00:00:00.0329143" startTime="2014-06-25T20:32:21.5744522+05:30" endTime="2014-06-25T20:32:21.6074541+05:30" testType="13cdc9d9-ddb5-4fa4-a97d-d965ccfc6d4b" outcome="Passed" testListId="8c84fa94-04c1-424b-9868-57a2d4851a1d" relativeResultsDirectory="5058dc1d-9bed-4e41-b37b-f30f44e5f72e" dataRowInfo="7" resultType="DataDrivenDataRow" />
        <UnitTestResult executionId="14c37d84-7c3c-4308-9b8d-cf47b3765675" parentExecutionId="5058dc1d-9bed-4e41-b37b-f30f44e5f72e" testId="bdfe92b2-f4ac-73a5-f13d-5c1ea13721b4" testName="all_persons_tenses_passive_negation" computerName="ARPAN-LAP" duration="00:00:00.0318919" startTime="2014-06-25T20:32:21.6074541+05:30" endTime="2014-06-25T20:32:21.6394559+05:30" testType="13cdc9d9-ddb5-4fa4-a97d-d965ccfc6d4b" outcome="Passed" testListId="8c84fa94-04c1-424b-9868-57a2d4851a1d" relativeResultsDirectory="5058dc1d-9bed-4e41-b37b-f30f44e5f72e" dataRowInfo="8" resultType="DataDrivenDataRow" />
        <UnitTestResult executionId="d1813c16-2fa7-4fbf-b9cb-cd97cc39a8c8" parentExecutionId="5058dc1d-9bed-4e41-b37b-f30f44e5f72e" testId="bdfe92b2-f4ac-73a5-f13d-5c1ea13721b4" testName="all_persons_tenses_passive_negation" computerName="ARPAN-LAP" duration="00:00:00.0334394" startTime="2014-06-25T20:32:21.6394559+05:30" endTime="2014-06-25T20:32:21.6734578+05:30" testType="13cdc9d9-ddb5-4fa4-a97d-d965ccfc6d4b" outcome="Passed" testListId="8c84fa94-04c1-424b-9868-57a2d4851a1d" relativeResultsDirectory="5058dc1d-9bed-4e41-b37b-f30f44e5f72e" dataRowInfo="9" resultType="DataDrivenDataRow" />
      </InnerResults>
    </UnitTestResult>
    <UnitTestResult executionId="c17ab0bc-bf5e-4ce4-9fbb-f7ddfa714c71" testId="c79146bc-2376-961a-5de9-441b5dfc7188" testName="auxiliary_verbs_as_main_verbs" computerName="ARPAN-LAP" duration="00:00:00.6778427" startTime="2014-06-25T20:32:21.7084598+05:30" endTime="2014-06-25T20:32:22.4695034+05:30" testType="13cdc9d9-ddb5-4fa4-a97d-d965ccfc6d4b" outcome="Passed" testListId="8c84fa94-04c1-424b-9868-57a2d4851a1d" relativeResultsDirectory="c17ab0bc-bf5e-4ce4-9fbb-f7ddfa714c71" resultType="DataDrivenTest">
      <Counters error="0" failed="0" timeout="0" aborted="0" inconclusive="0" passedButRunAborted="0" notRunnable="0" notExecuted="0" disconnected="0" warning="0" passed="25" completed="0" inProgress="0" pending="0" />
      <InnerResults>
        <UnitTestResult executionId="abca9359-829b-4ba6-8a6d-b77a2cdbe465" parentExecutionId="c17ab0bc-bf5e-4ce4-9fbb-f7ddfa714c71" testId="c79146bc-2376-961a-5de9-441b5dfc7188" testName="auxiliary_verbs_as_main_verbs" computerName="ARPAN-LAP" duration="00:00:00.0277216" startTime="2014-06-25T20:32:21.7164603+05:30" endTime="2014-06-25T20:32:21.7434618+05:30" testType="13cdc9d9-ddb5-4fa4-a97d-d965ccfc6d4b" outcome="Passed" testListId="8c84fa94-04c1-424b-9868-57a2d4851a1d" relativeResultsDirectory="c17ab0bc-bf5e-4ce4-9fbb-f7ddfa714c71" dataRowInfo="0" resultType="DataDrivenDataRow" />
        <UnitTestResult executionId="90d12df7-443f-46c5-966e-f55a0620e87f" parentExecutionId="c17ab0bc-bf5e-4ce4-9fbb-f7ddfa714c71" testId="c79146bc-2376-961a-5de9-441b5dfc7188" testName="auxiliary_verbs_as_main_verbs" computerName="ARPAN-LAP" duration="00:00:00.0269850" startTime="2014-06-25T20:32:21.7434618+05:30" endTime="2014-06-25T20:32:21.7704634+05:30" testType="13cdc9d9-ddb5-4fa4-a97d-d965ccfc6d4b" outcome="Passed" testListId="8c84fa94-04c1-424b-9868-57a2d4851a1d" relativeResultsDirectory="c17ab0bc-bf5e-4ce4-9fbb-f7ddfa714c71" dataRowInfo="1" resultType="DataDrivenDataRow" />
        <UnitTestResult executionId="c9251c2f-1d4d-4076-ad1b-3a716c45ea73" parentExecutionId="c17ab0bc-bf5e-4ce4-9fbb-f7ddfa714c71" testId="c79146bc-2376-961a-5de9-441b5dfc7188" testName="auxiliary_verbs_as_main_verbs" computerName="ARPAN-LAP" duration="00:00:00.0323410" startTime="2014-06-25T20:32:21.7704634+05:30" endTime="2014-06-25T20:32:21.8034653+05:30" testType="13cdc9d9-ddb5-4fa4-a97d-d965ccfc6d4b" outcome="Passed" testListId="8c84fa94-04c1-424b-9868-57a2d4851a1d" relativeResultsDirectory="c17ab0bc-bf5e-4ce4-9fbb-f7ddfa714c71" dataRowInfo="2" resultType="DataDrivenDataRow" />
        <UnitTestResult executionId="98997977-4ab6-4d63-85d3-ccd73346e153" parentExecutionId="c17ab0bc-bf5e-4ce4-9fbb-f7ddfa714c71" testId="c79146bc-2376-961a-5de9-441b5dfc7188" testName="auxiliary_verbs_as_main_verbs" computerName="ARPAN-LAP" duration="00:00:00.0333382" startTime="2014-06-25T20:32:21.8034653+05:30" endTime="2014-06-25T20:32:21.8364672+05:30" testType="13cdc9d9-ddb5-4fa4-a97d-d965ccfc6d4b" outcome="Passed" testListId="8c84fa94-04c1-424b-9868-57a2d4851a1d" relativeResultsDirectory="c17ab0bc-bf5e-4ce4-9fbb-f7ddfa714c71" dataRowInfo="3" resultType="DataDrivenDataRow" />
        <UnitTestResult executionId="fccad72f-f373-44b1-aaa4-002fcde4b48f" parentExecutionId="c17ab0bc-bf5e-4ce4-9fbb-f7ddfa714c71" testId="c79146bc-2376-961a-5de9-441b5dfc7188" testName="auxiliary_verbs_as_main_verbs" computerName="ARPAN-LAP" duration="00:00:00.0329204" startTime="2014-06-25T20:32:21.8364672+05:30" endTime="2014-06-25T20:32:21.8694690+05:30" testType="13cdc9d9-ddb5-4fa4-a97d-d965ccfc6d4b" outcome="Passed" testListId="8c84fa94-04c1-424b-9868-57a2d4851a1d" relativeResultsDirectory="c17ab0bc-bf5e-4ce4-9fbb-f7ddfa714c71" dataRowInfo="4" resultType="DataDrivenDataRow" />
        <UnitTestResult executionId="a65ca14d-e830-4123-81be-344adea22c30" parentExecutionId="c17ab0bc-bf5e-4ce4-9fbb-f7ddfa714c71" testId="c79146bc-2376-961a-5de9-441b5dfc7188" testName="auxiliary_verbs_as_main_verbs" computerName="ARPAN-LAP" duration="00:00:00.0273920" startTime="2014-06-25T20:32:21.8694690+05:30" endTime="2014-06-25T20:32:21.8974706+05:30" testType="13cdc9d9-ddb5-4fa4-a97d-d965ccfc6d4b" outcome="Passed" testListId="8c84fa94-04c1-424b-9868-57a2d4851a1d" relativeResultsDirectory="c17ab0bc-bf5e-4ce4-9fbb-f7ddfa714c71" dataRowInfo="5" resultType="DataDrivenDataRow" />
        <UnitTestResult executionId="798e4575-0545-49d3-be5a-72b00b4011a9" parentExecutionId="c17ab0bc-bf5e-4ce4-9fbb-f7ddfa714c71" testId="c79146bc-2376-961a-5de9-441b5dfc7188" testName="auxiliary_verbs_as_main_verbs" computerName="ARPAN-LAP" duration="00:00:00.0275352" startTime="2014-06-25T20:32:21.8974706+05:30" endTime="2014-06-25T20:32:21.9244722+05:30" testType="13cdc9d9-ddb5-4fa4-a97d-d965ccfc6d4b" outcome="Passed" testListId="8c84fa94-04c1-424b-9868-57a2d4851a1d" relativeResultsDirectory="c17ab0bc-bf5e-4ce4-9fbb-f7ddfa714c71" dataRowInfo="6" resultType="DataDrivenDataRow" />
        <UnitTestResult executionId="ea85f8f1-0dbf-47fd-94ec-746cbc56e5ac" parentExecutionId="c17ab0bc-bf5e-4ce4-9fbb-f7ddfa714c71" testId="c79146bc-2376-961a-5de9-441b5dfc7188" testName="auxiliary_verbs_as_main_verbs" computerName="ARPAN-LAP" duration="00:00:00.0312657" startTime="2014-06-25T20:32:21.9244722+05:30" endTime="2014-06-25T20:32:21.9554740+05:30" testType="13cdc9d9-ddb5-4fa4-a97d-d965ccfc6d4b" outcome="Passed" testListId="8c84fa94-04c1-424b-9868-57a2d4851a1d" relativeResultsDirectory="c17ab0bc-bf5e-4ce4-9fbb-f7ddfa714c71" dataRowInfo="7" resultType="DataDrivenDataRow" />
        <UnitTestResult executionId="e15a8877-3629-4c82-8bc1-a3da7897b0d8" parentExecutionId="c17ab0bc-bf5e-4ce4-9fbb-f7ddfa714c71" testId="c79146bc-2376-961a-5de9-441b5dfc7188" testName="auxiliary_verbs_as_main_verbs" computerName="ARPAN-LAP" duration="00:00:00.0593907" startTime="2014-06-25T20:32:21.9564740+05:30" endTime="2014-06-25T20:32:22.0154774+05:30" testType="13cdc9d9-ddb5-4fa4-a97d-d965ccfc6d4b" outcome="Passed" testListId="8c84fa94-04c1-424b-9868-57a2d4851a1d" relativeResultsDirectory="c17ab0bc-bf5e-4ce4-9fbb-f7ddfa714c71" dataRowInfo="8" resultType="DataDrivenDataRow" />
        <UnitTestResult executionId="9b822216-afd9-4c8e-94fd-e17ef2f8fd11" parentExecutionId="c17ab0bc-bf5e-4ce4-9fbb-f7ddfa714c71" testId="c79146bc-2376-961a-5de9-441b5dfc7188" testName="auxiliary_verbs_as_main_verbs" computerName="ARPAN-LAP" duration="00:00:00.0275902" startTime="2014-06-25T20:32:22.0154774+05:30" endTime="2014-06-25T20:32:22.0434790+05:30" testType="13cdc9d9-ddb5-4fa4-a97d-d965ccfc6d4b" outcome="Passed" testListId="8c84fa94-04c1-424b-9868-57a2d4851a1d" relativeResultsDirectory="c17ab0bc-bf5e-4ce4-9fbb-f7ddfa714c71" dataRowInfo="9" resultType="DataDrivenDataRow" />
        <UnitTestResult executionId="a137a4b2-5df3-4752-a2e8-baa5e460baa3" parentExecutionId="c17ab0bc-bf5e-4ce4-9fbb-f7ddfa714c71" testId="c79146bc-2376-961a-5de9-441b5dfc7188" testName="auxiliary_verbs_as_main_verbs" computerName="ARPAN-LAP" duration="00:00:00.0226500" startTime="2014-06-25T20:32:22.0434790+05:30" endTime="2014-06-25T20:32:22.0654803+05:30" testType="13cdc9d9-ddb5-4fa4-a97d-d965ccfc6d4b" outcome="Passed" testListId="8c84fa94-04c1-424b-9868-57a2d4851a1d" relativeResultsDirectory="c17ab0bc-bf5e-4ce4-9fbb-f7ddfa714c71" dataRowInfo="10" resultType="DataDrivenDataRow" />
        <UnitTestResult executionId="9cd25bfe-d776-44fb-ac80-ad3b4f3abeef" parentExecutionId="c17ab0bc-bf5e-4ce4-9fbb-f7ddfa714c71" testId="c79146bc-2376-961a-5de9-441b5dfc7188" testName="auxiliary_verbs_as_main_verbs" computerName="ARPAN-LAP" duration="00:00:00.0250336" startTime="2014-06-25T20:32:22.0654803+05:30" endTime="2014-06-25T20:32:22.0904817+05:30" testType="13cdc9d9-ddb5-4fa4-a97d-d965ccfc6d4b" outcome="Passed" testListId="8c84fa94-04c1-424b-9868-57a2d4851a1d" relativeResultsDirectory="c17ab0bc-bf5e-4ce4-9fbb-f7ddfa714c71" dataRowInfo="11" resultType="DataDrivenDataRow" />
        <UnitTestResult executionId="7631d2ed-e43c-4d7f-82dd-7a790ad16bb9" parentExecutionId="c17ab0bc-bf5e-4ce4-9fbb-f7ddfa714c71" testId="c79146bc-2376-961a-5de9-441b5dfc7188" testName="auxiliary_verbs_as_main_verbs" computerName="ARPAN-LAP" duration="00:00:00.0275116" startTime="2014-06-25T20:32:22.0904817+05:30" endTime="2014-06-25T20:32:22.1184833+05:30" testType="13cdc9d9-ddb5-4fa4-a97d-d965ccfc6d4b" outcome="Passed" testListId="8c84fa94-04c1-424b-9868-57a2d4851a1d" relativeResultsDirectory="c17ab0bc-bf5e-4ce4-9fbb-f7ddfa714c71" dataRowInfo="12" resultType="DataDrivenDataRow" />
        <UnitTestResult executionId="735c3a2b-3702-429f-b71c-e152d4f2d1ff" parentExecutionId="c17ab0bc-bf5e-4ce4-9fbb-f7ddfa714c71" testId="c79146bc-2376-961a-5de9-441b5dfc7188" testName="auxiliary_verbs_as_main_verbs" computerName="ARPAN-LAP" duration="00:00:00.0274726" startTime="2014-06-25T20:32:22.1184833+05:30" endTime="2014-06-25T20:32:22.1454848+05:30" testType="13cdc9d9-ddb5-4fa4-a97d-d965ccfc6d4b" outcome="Passed" testListId="8c84fa94-04c1-424b-9868-57a2d4851a1d" relativeResultsDirectory="c17ab0bc-bf5e-4ce4-9fbb-f7ddfa714c71" dataRowInfo="13" resultType="DataDrivenDataRow" />
        <UnitTestResult executionId="bef56078-c7c2-4aa1-97f0-93a4fdf093b6" parentExecutionId="c17ab0bc-bf5e-4ce4-9fbb-f7ddfa714c71" testId="c79146bc-2376-961a-5de9-441b5dfc7188" testName="auxiliary_verbs_as_main_verbs" computerName="ARPAN-LAP" duration="00:00:00.0197623" startTime="2014-06-25T20:32:22.1454848+05:30" endTime="2014-06-25T20:32:22.1654860+05:30" testType="13cdc9d9-ddb5-4fa4-a97d-d965ccfc6d4b" outcome="Passed" testListId="8c84fa94-04c1-424b-9868-57a2d4851a1d" relativeResultsDirectory="c17ab0bc-bf5e-4ce4-9fbb-f7ddfa714c71" dataRowInfo="14" resultType="DataDrivenDataRow" />
        <UnitTestResult executionId="2d37f93c-e7a6-4307-b487-e2e48902ca9c" parentExecutionId="c17ab0bc-bf5e-4ce4-9fbb-f7ddfa714c71" testId="c79146bc-2376-961a-5de9-441b5dfc7188" testName="auxiliary_verbs_as_main_verbs" computerName="ARPAN-LAP" duration="00:00:00.0190858" startTime="2014-06-25T20:32:22.1654860+05:30" endTime="2014-06-25T20:32:22.1844871+05:30" testType="13cdc9d9-ddb5-4fa4-a97d-d965ccfc6d4b" outcome="Passed" testListId="8c84fa94-04c1-424b-9868-57a2d4851a1d" relativeResultsDirectory="c17ab0bc-bf5e-4ce4-9fbb-f7ddfa714c71" dataRowInfo="15" resultType="DataDrivenDataRow" />
        <UnitTestResult executionId="3b8c02bd-521e-4e33-b67f-fe5ed492e282" parentExecutionId="c17ab0bc-bf5e-4ce4-9fbb-f7ddfa714c71" testId="c79146bc-2376-961a-5de9-441b5dfc7188" testName="auxiliary_verbs_as_main_verbs" computerName="ARPAN-LAP" duration="00:00:00.0252491" startTime="2014-06-25T20:32:22.1844871+05:30" endTime="2014-06-25T20:32:22.2104885+05:30" testType="13cdc9d9-ddb5-4fa4-a97d-d965ccfc6d4b" outcome="Passed" testListId="8c84fa94-04c1-424b-9868-57a2d4851a1d" relativeResultsDirectory="c17ab0bc-bf5e-4ce4-9fbb-f7ddfa714c71" dataRowInfo="16" resultType="DataDrivenDataRow" />
        <UnitTestResult executionId="7de54a02-35fb-462f-bad4-0f9d55789075" parentExecutionId="c17ab0bc-bf5e-4ce4-9fbb-f7ddfa714c71" testId="c79146bc-2376-961a-5de9-441b5dfc7188" testName="auxiliary_verbs_as_main_verbs" computerName="ARPAN-LAP" duration="00:00:00.0189493" startTime="2014-06-25T20:32:22.2104885+05:30" endTime="2014-06-25T20:32:22.2294896+05:30" testType="13cdc9d9-ddb5-4fa4-a97d-d965ccfc6d4b" outcome="Passed" testListId="8c84fa94-04c1-424b-9868-57a2d4851a1d" relativeResultsDirectory="c17ab0bc-bf5e-4ce4-9fbb-f7ddfa714c71" dataRowInfo="17" resultType="DataDrivenDataRow" />
        <UnitTestResult executionId="36d3d1bf-b183-4ec6-99bf-1abe355bb274" parentExecutionId="c17ab0bc-bf5e-4ce4-9fbb-f7ddfa714c71" testId="c79146bc-2376-961a-5de9-441b5dfc7188" testName="auxiliary_verbs_as_main_verbs" computerName="ARPAN-LAP" duration="00:00:00.0201226" startTime="2014-06-25T20:32:22.2294896+05:30" endTime="2014-06-25T20:32:22.2494908+05:30" testType="13cdc9d9-ddb5-4fa4-a97d-d965ccfc6d4b" outcome="Passed" testListId="8c84fa94-04c1-424b-9868-57a2d4851a1d" relativeResultsDirectory="c17ab0bc-bf5e-4ce4-9fbb-f7ddfa714c71" dataRowInfo="18" resultType="DataDrivenDataRow" />
        <UnitTestResult executionId="99656022-9300-4b2f-8278-e632d5291105" parentExecutionId="c17ab0bc-bf5e-4ce4-9fbb-f7ddfa714c71" testId="c79146bc-2376-961a-5de9-441b5dfc7188" testName="auxiliary_verbs_as_main_verbs" computerName="ARPAN-LAP" duration="00:00:00.0250207" startTime="2014-06-25T20:32:22.2494908+05:30" endTime="2014-06-25T20:32:22.2744922+05:30" testType="13cdc9d9-ddb5-4fa4-a97d-d965ccfc6d4b" outcome="Passed" testListId="8c84fa94-04c1-424b-9868-57a2d4851a1d" relativeResultsDirectory="c17ab0bc-bf5e-4ce4-9fbb-f7ddfa714c71" dataRowInfo="19" resultType="DataDrivenDataRow" />
        <UnitTestResult executionId="f314f1fe-8ff8-459c-acb3-d958c735c9a5" parentExecutionId="c17ab0bc-bf5e-4ce4-9fbb-f7ddfa714c71" testId="c79146bc-2376-961a-5de9-441b5dfc7188" testName="auxiliary_verbs_as_main_verbs" computerName="ARPAN-LAP" duration="00:00:00.0259333" startTime="2014-06-25T20:32:22.2744922+05:30" endTime="2014-06-25T20:32:22.3004937+05:30" testType="13cdc9d9-ddb5-4fa4-a97d-d965ccfc6d4b" outcome="Passed" testListId="8c84fa94-04c1-424b-9868-57a2d4851a1d" relativeResultsDirectory="c17ab0bc-bf5e-4ce4-9fbb-f7ddfa714c71" dataRowInfo="20" resultType="DataDrivenDataRow" />
        <UnitTestResult executionId="b854a123-e77b-4c60-afd8-4729aa278cf9" parentExecutionId="c17ab0bc-bf5e-4ce4-9fbb-f7ddfa714c71" testId="c79146bc-2376-961a-5de9-441b5dfc7188" testName="auxiliary_verbs_as_main_verbs" computerName="ARPAN-LAP" duration="00:00:00.0271036" startTime="2014-06-25T20:32:22.3004937+05:30" endTime="2014-06-25T20:32:22.3274952+05:30" testType="13cdc9d9-ddb5-4fa4-a97d-d965ccfc6d4b" outcome="Passed" testListId="8c84fa94-04c1-424b-9868-57a2d4851a1d" relativeResultsDirectory="c17ab0bc-bf5e-4ce4-9fbb-f7ddfa714c71" dataRowInfo="21" resultType="DataDrivenDataRow" />
        <UnitTestResult executionId="1881aae2-b296-425b-9718-212c229827dd" parentExecutionId="c17ab0bc-bf5e-4ce4-9fbb-f7ddfa714c71" testId="c79146bc-2376-961a-5de9-441b5dfc7188" testName="auxiliary_verbs_as_main_verbs" computerName="ARPAN-LAP" duration="00:00:00.0166134" startTime="2014-06-25T20:32:22.3274952+05:30" endTime="2014-06-25T20:32:22.3444962+05:30" testType="13cdc9d9-ddb5-4fa4-a97d-d965ccfc6d4b" outcome="Passed" testListId="8c84fa94-04c1-424b-9868-57a2d4851a1d" relativeResultsDirectory="c17ab0bc-bf5e-4ce4-9fbb-f7ddfa714c71" dataRowInfo="22" resultType="DataDrivenDataRow" />
        <UnitTestResult executionId="53d06325-a0cc-4b2e-abec-f927964fc084" parentExecutionId="c17ab0bc-bf5e-4ce4-9fbb-f7ddfa714c71" testId="c79146bc-2376-961a-5de9-441b5dfc7188" testName="auxiliary_verbs_as_main_verbs" computerName="ARPAN-LAP" duration="00:00:00.0191664" startTime="2014-06-25T20:32:22.3444962+05:30" endTime="2014-06-25T20:32:22.3634973+05:30" testType="13cdc9d9-ddb5-4fa4-a97d-d965ccfc6d4b" outcome="Passed" testListId="8c84fa94-04c1-424b-9868-57a2d4851a1d" relativeResultsDirectory="c17ab0bc-bf5e-4ce4-9fbb-f7ddfa714c71" dataRowInfo="23" resultType="DataDrivenDataRow" />
        <UnitTestResult executionId="bcf9304d-d0ba-4829-9264-f4ab717e3b50" parentExecutionId="c17ab0bc-bf5e-4ce4-9fbb-f7ddfa714c71" testId="c79146bc-2376-961a-5de9-441b5dfc7188" testName="auxiliary_verbs_as_main_verbs" computerName="ARPAN-LAP" duration="00:00:00.0284468" startTime="2014-06-25T20:32:22.3634973+05:30" endTime="2014-06-25T20:32:22.3914989+05:30" testType="13cdc9d9-ddb5-4fa4-a97d-d965ccfc6d4b" outcome="Passed" testListId="8c84fa94-04c1-424b-9868-57a2d4851a1d" relativeResultsDirectory="c17ab0bc-bf5e-4ce4-9fbb-f7ddfa714c71" dataRowInfo="24" resultType="DataDrivenDataRow" />
      </InnerResults>
    </UnitTestResult>
    <UnitTestResult executionId="56ebd88f-09fb-4a02-b21f-152062cb407a" testId="d03eb628-bf1f-c27d-aeef-e708d613d686" testName="all_persons_modal_can_may_negation" computerName="ARPAN-LAP" duration="00:00:00.6266406" startTime="2014-06-25T20:32:22.4835042+05:30" endTime="2014-06-25T20:32:23.1855443+05:30" testType="13cdc9d9-ddb5-4fa4-a97d-d965ccfc6d4b" outcome="Passed" testListId="8c84fa94-04c1-424b-9868-57a2d4851a1d" relativeResultsDirectory="56ebd88f-09fb-4a02-b21f-152062cb407a" resultType="DataDrivenTest">
      <Counters error="0" failed="0" timeout="0" aborted="0" inconclusive="0" passedButRunAborted="0" notRunnable="0" notExecuted="0" disconnected="0" warning="0" passed="24" completed="0" inProgress="0" pending="0" />
      <InnerResults>
        <UnitTestResult executionId="826682b1-6e66-4344-91f3-fb47d36996cc" parentExecutionId="56ebd88f-09fb-4a02-b21f-152062cb407a" testId="d03eb628-bf1f-c27d-aeef-e708d613d686" testName="all_persons_modal_can_may_negation" computerName="ARPAN-LAP" duration="00:00:00.0244141" startTime="2014-06-25T20:32:22.4965049+05:30" endTime="2014-06-25T20:32:22.5205063+05:30" testType="13cdc9d9-ddb5-4fa4-a97d-d965ccfc6d4b" outcome="Passed" testListId="8c84fa94-04c1-424b-9868-57a2d4851a1d" relativeResultsDirectory="56ebd88f-09fb-4a02-b21f-152062cb407a" dataRowInfo="0" resultType="DataDrivenDataRow" />
        <UnitTestResult executionId="1e2207bc-192d-4dcf-a2ee-09fd87b0d519" parentExecutionId="56ebd88f-09fb-4a02-b21f-152062cb407a" testId="d03eb628-bf1f-c27d-aeef-e708d613d686" testName="all_persons_modal_can_may_negation" computerName="ARPAN-LAP" duration="00:00:00.0220248" startTime="2014-06-25T20:32:22.5205063+05:30" endTime="2014-06-25T20:32:22.5425075+05:30" testType="13cdc9d9-ddb5-4fa4-a97d-d965ccfc6d4b" outcome="Passed" testListId="8c84fa94-04c1-424b-9868-57a2d4851a1d" relativeResultsDirectory="56ebd88f-09fb-4a02-b21f-152062cb407a" dataRowInfo="1" resultType="DataDrivenDataRow" />
        <UnitTestResult executionId="d33a3925-49c9-42c6-b86e-e2550cd08e7c" parentExecutionId="56ebd88f-09fb-4a02-b21f-152062cb407a" testId="d03eb628-bf1f-c27d-aeef-e708d613d686" testName="all_persons_modal_can_may_negation" computerName="ARPAN-LAP" duration="00:00:00.0253328" startTime="2014-06-25T20:32:22.5435076+05:30" endTime="2014-06-25T20:32:22.5685090+05:30" testType="13cdc9d9-ddb5-4fa4-a97d-d965ccfc6d4b" outcome="Passed" testListId="8c84fa94-04c1-424b-9868-57a2d4851a1d" relativeResultsDirectory="56ebd88f-09fb-4a02-b21f-152062cb407a" dataRowInfo="2" resultType="DataDrivenDataRow" />
        <UnitTestResult executionId="9a4396a5-9fc8-432f-8be8-1737b761d372" parentExecutionId="56ebd88f-09fb-4a02-b21f-152062cb407a" testId="d03eb628-bf1f-c27d-aeef-e708d613d686" testName="all_persons_modal_can_may_negation" computerName="ARPAN-LAP" duration="00:00:00.0228891" startTime="2014-06-25T20:32:22.5685090+05:30" endTime="2014-06-25T20:32:22.5915103+05:30" testType="13cdc9d9-ddb5-4fa4-a97d-d965ccfc6d4b" outcome="Passed" testListId="8c84fa94-04c1-424b-9868-57a2d4851a1d" relativeResultsDirectory="56ebd88f-09fb-4a02-b21f-152062cb407a" dataRowInfo="3" resultType="DataDrivenDataRow" />
        <UnitTestResult executionId="e0954995-96aa-49e8-9b96-04324b4cfec9" parentExecutionId="56ebd88f-09fb-4a02-b21f-152062cb407a" testId="d03eb628-bf1f-c27d-aeef-e708d613d686" testName="all_persons_modal_can_may_negation" computerName="ARPAN-LAP" duration="00:00:00.0313078" startTime="2014-06-25T20:32:22.5915103+05:30" endTime="2014-06-25T20:32:22.6225121+05:30" testType="13cdc9d9-ddb5-4fa4-a97d-d965ccfc6d4b" outcome="Passed" testListId="8c84fa94-04c1-424b-9868-57a2d4851a1d" relativeResultsDirectory="56ebd88f-09fb-4a02-b21f-152062cb407a" dataRowInfo="4" resultType="DataDrivenDataRow" />
        <UnitTestResult executionId="2fa1f2a3-48b3-4215-a2c6-05be43c7f7b9" parentExecutionId="56ebd88f-09fb-4a02-b21f-152062cb407a" testId="d03eb628-bf1f-c27d-aeef-e708d613d686" testName="all_persons_modal_can_may_negation" computerName="ARPAN-LAP" duration="00:00:00.0302042" startTime="2014-06-25T20:32:22.6225121+05:30" endTime="2014-06-25T20:32:22.6525138+05:30" testType="13cdc9d9-ddb5-4fa4-a97d-d965ccfc6d4b" outcome="Passed" testListId="8c84fa94-04c1-424b-9868-57a2d4851a1d" relativeResultsDirectory="56ebd88f-09fb-4a02-b21f-152062cb407a" dataRowInfo="5" resultType="DataDrivenDataRow" />
        <UnitTestResult executionId="04bb4d0f-53b5-47bd-ab2d-3f7cc1179f31" parentExecutionId="56ebd88f-09fb-4a02-b21f-152062cb407a" testId="d03eb628-bf1f-c27d-aeef-e708d613d686" testName="all_persons_modal_can_may_negation" computerName="ARPAN-LAP" duration="00:00:00.0324975" startTime="2014-06-25T20:32:22.6525138+05:30" endTime="2014-06-25T20:32:22.6855157+05:30" testType="13cdc9d9-ddb5-4fa4-a97d-d965ccfc6d4b" outcome="Passed" testListId="8c84fa94-04c1-424b-9868-57a2d4851a1d" relativeResultsDirectory="56ebd88f-09fb-4a02-b21f-152062cb407a" dataRowInfo="6" resultType="DataDrivenDataRow" />
        <UnitTestResult executionId="f137e881-80d1-480b-b624-af934c1016f5" parentExecutionId="56ebd88f-09fb-4a02-b21f-152062cb407a" testId="d03eb628-bf1f-c27d-aeef-e708d613d686" testName="all_persons_modal_can_may_negation" computerName="ARPAN-LAP" duration="00:00:00.0353523" startTime="2014-06-25T20:32:22.6855157+05:30" endTime="2014-06-25T20:32:22.7205177+05:30" testType="13cdc9d9-ddb5-4fa4-a97d-d965ccfc6d4b" outcome="Passed" testListId="8c84fa94-04c1-424b-9868-57a2d4851a1d" relativeResultsDirectory="56ebd88f-09fb-4a02-b21f-152062cb407a" dataRowInfo="7" resultType="DataDrivenDataRow" />
        <UnitTestResult executionId="e3ab36d5-7a77-4e25-b3c3-78c8b33c3ac5" parentExecutionId="56ebd88f-09fb-4a02-b21f-152062cb407a" testId="d03eb628-bf1f-c27d-aeef-e708d613d686" testName="all_persons_modal_can_may_negation" computerName="ARPAN-LAP" duration="00:00:00.0194728" startTime="2014-06-25T20:32:22.7205177+05:30" endTime="2014-06-25T20:32:22.7405189+05:30" testType="13cdc9d9-ddb5-4fa4-a97d-d965ccfc6d4b" outcome="Passed" testListId="8c84fa94-04c1-424b-9868-57a2d4851a1d" relativeResultsDirectory="56ebd88f-09fb-4a02-b21f-152062cb407a" dataRowInfo="8" resultType="DataDrivenDataRow" />
        <UnitTestResult executionId="65b9899d-53c3-4fea-9810-4f055627b7d3" parentExecutionId="56ebd88f-09fb-4a02-b21f-152062cb407a" testId="d03eb628-bf1f-c27d-aeef-e708d613d686" testName="all_persons_modal_can_may_negation" computerName="ARPAN-LAP" duration="00:00:00.0237032" startTime="2014-06-25T20:32:22.7405189+05:30" endTime="2014-06-25T20:32:22.7645202+05:30" testType="13cdc9d9-ddb5-4fa4-a97d-d965ccfc6d4b" outcome="Passed" testListId="8c84fa94-04c1-424b-9868-57a2d4851a1d" relativeResultsDirectory="56ebd88f-09fb-4a02-b21f-152062cb407a" dataRowInfo="9" resultType="DataDrivenDataRow" />
        <UnitTestResult executionId="24661a5d-5378-48e1-80b2-8ffdb574e015" parentExecutionId="56ebd88f-09fb-4a02-b21f-152062cb407a" testId="d03eb628-bf1f-c27d-aeef-e708d613d686" testName="all_persons_modal_can_may_negation" computerName="ARPAN-LAP" duration="00:00:00.0285043" startTime="2014-06-25T20:32:22.7645202+05:30" endTime="2014-06-25T20:32:22.7925218+05:30" testType="13cdc9d9-ddb5-4fa4-a97d-d965ccfc6d4b" outcome="Passed" testListId="8c84fa94-04c1-424b-9868-57a2d4851a1d" relativeResultsDirectory="56ebd88f-09fb-4a02-b21f-152062cb407a" dataRowInfo="10" resultType="DataDrivenDataRow" />
        <UnitTestResult executionId="b445b7f8-fe36-4035-b5cd-f74293c24906" parentExecutionId="56ebd88f-09fb-4a02-b21f-152062cb407a" testId="d03eb628-bf1f-c27d-aeef-e708d613d686" testName="all_persons_modal_can_may_negation" computerName="ARPAN-LAP" duration="00:00:00.0278519" startTime="2014-06-25T20:32:22.7925218+05:30" endTime="2014-06-25T20:32:22.8205234+05:30" testType="13cdc9d9-ddb5-4fa4-a97d-d965ccfc6d4b" outcome="Passed" testListId="8c84fa94-04c1-424b-9868-57a2d4851a1d" relativeResultsDirectory="56ebd88f-09fb-4a02-b21f-152062cb407a" dataRowInfo="11" resultType="DataDrivenDataRow" />
        <UnitTestResult executionId="0f13d7bf-f307-47a7-898f-befc73ba602a" parentExecutionId="56ebd88f-09fb-4a02-b21f-152062cb407a" testId="d03eb628-bf1f-c27d-aeef-e708d613d686" testName="all_persons_modal_can_may_negation" computerName="ARPAN-LAP" duration="00:00:00.0347713" startTime="2014-06-25T20:32:22.8205234+05:30" endTime="2014-06-25T20:32:22.8555254+05:30" testType="13cdc9d9-ddb5-4fa4-a97d-d965ccfc6d4b" outcome="Passed" testListId="8c84fa94-04c1-424b-9868-57a2d4851a1d" relativeResultsDirectory="56ebd88f-09fb-4a02-b21f-152062cb407a" dataRowInfo="12" resultType="DataDrivenDataRow" />
        <UnitTestResult executionId="40fde5b4-be94-4dc7-9f79-069eff50ac1f" parentExecutionId="56ebd88f-09fb-4a02-b21f-152062cb407a" testId="d03eb628-bf1f-c27d-aeef-e708d613d686" testName="all_persons_modal_can_may_negation" computerName="ARPAN-LAP" duration="00:00:00.0279335" startTime="2014-06-25T20:32:22.8555254+05:30" endTime="2014-06-25T20:32:22.8835270+05:30" testType="13cdc9d9-ddb5-4fa4-a97d-d965ccfc6d4b" outcome="Passed" testListId="8c84fa94-04c1-424b-9868-57a2d4851a1d" relativeResultsDirectory="56ebd88f-09fb-4a02-b21f-152062cb407a" dataRowInfo="13" resultType="DataDrivenDataRow" />
        <UnitTestResult executionId="1357f925-7fed-44bf-9f8c-6928e45b8719" parentExecutionId="56ebd88f-09fb-4a02-b21f-152062cb407a" testId="d03eb628-bf1f-c27d-aeef-e708d613d686" testName="all_persons_modal_can_may_negation" computerName="ARPAN-LAP" duration="00:00:00.0243961" startTime="2014-06-25T20:32:22.8835270+05:30" endTime="2014-06-25T20:32:22.9075284+05:30" testType="13cdc9d9-ddb5-4fa4-a97d-d965ccfc6d4b" outcome="Passed" testListId="8c84fa94-04c1-424b-9868-57a2d4851a1d" relativeResultsDirectory="56ebd88f-09fb-4a02-b21f-152062cb407a" dataRowInfo="14" resultType="DataDrivenDataRow" />
        <UnitTestResult executionId="77c9d49c-114d-4e29-bf21-5e3be9e62870" parentExecutionId="56ebd88f-09fb-4a02-b21f-152062cb407a" testId="d03eb628-bf1f-c27d-aeef-e708d613d686" testName="all_persons_modal_can_may_negation" computerName="ARPAN-LAP" duration="00:00:00.0235441" startTime="2014-06-25T20:32:22.9075284+05:30" endTime="2014-06-25T20:32:22.9315298+05:30" testType="13cdc9d9-ddb5-4fa4-a97d-d965ccfc6d4b" outcome="Passed" testListId="8c84fa94-04c1-424b-9868-57a2d4851a1d" relativeResultsDirectory="56ebd88f-09fb-4a02-b21f-152062cb407a" dataRowInfo="15" resultType="DataDrivenDataRow" />
        <UnitTestResult executionId="83f667b4-e073-4ac9-a5ae-5e96f2726d91" parentExecutionId="56ebd88f-09fb-4a02-b21f-152062cb407a" testId="d03eb628-bf1f-c27d-aeef-e708d613d686" testName="all_persons_modal_can_may_negation" computerName="ARPAN-LAP" duration="00:00:00.0195365" startTime="2014-06-25T20:32:22.9315298+05:30" endTime="2014-06-25T20:32:22.9515309+05:30" testType="13cdc9d9-ddb5-4fa4-a97d-d965ccfc6d4b" outcome="Passed" testListId="8c84fa94-04c1-424b-9868-57a2d4851a1d" relativeResultsDirectory="56ebd88f-09fb-4a02-b21f-152062cb407a" dataRowInfo="16" resultType="DataDrivenDataRow" />
        <UnitTestResult executionId="7673c10c-a743-4282-9c61-13c90817f772" parentExecutionId="56ebd88f-09fb-4a02-b21f-152062cb407a" testId="d03eb628-bf1f-c27d-aeef-e708d613d686" testName="all_persons_modal_can_may_negation" computerName="ARPAN-LAP" duration="00:00:00.0203341" startTime="2014-06-25T20:32:22.9515309+05:30" endTime="2014-06-25T20:32:22.9715321+05:30" testType="13cdc9d9-ddb5-4fa4-a97d-d965ccfc6d4b" outcome="Passed" testListId="8c84fa94-04c1-424b-9868-57a2d4851a1d" relativeResultsDirectory="56ebd88f-09fb-4a02-b21f-152062cb407a" dataRowInfo="17" resultType="DataDrivenDataRow" />
        <UnitTestResult executionId="d5cda2cb-cdc0-499e-bccd-74fc78833870" parentExecutionId="56ebd88f-09fb-4a02-b21f-152062cb407a" testId="d03eb628-bf1f-c27d-aeef-e708d613d686" testName="all_persons_modal_can_may_negation" computerName="ARPAN-LAP" duration="00:00:00.0228275" startTime="2014-06-25T20:32:22.9715321+05:30" endTime="2014-06-25T20:32:22.9945334+05:30" testType="13cdc9d9-ddb5-4fa4-a97d-d965ccfc6d4b" outcome="Passed" testListId="8c84fa94-04c1-424b-9868-57a2d4851a1d" relativeResultsDirectory="56ebd88f-09fb-4a02-b21f-152062cb407a" dataRowInfo="18" resultType="DataDrivenDataRow" />
        <UnitTestResult executionId="2d9beaf6-4be3-494d-b94d-6a5ce1cd9995" parentExecutionId="56ebd88f-09fb-4a02-b21f-152062cb407a" testId="d03eb628-bf1f-c27d-aeef-e708d613d686" testName="all_persons_modal_can_may_negation" computerName="ARPAN-LAP" duration="00:00:00.0193840" startTime="2014-06-25T20:32:22.9945334+05:30" endTime="2014-06-25T20:32:23.0135345+05:30" testType="13cdc9d9-ddb5-4fa4-a97d-d965ccfc6d4b" outcome="Passed" testListId="8c84fa94-04c1-424b-9868-57a2d4851a1d" relativeResultsDirectory="56ebd88f-09fb-4a02-b21f-152062cb407a" dataRowInfo="19" resultType="DataDrivenDataRow" />
        <UnitTestResult executionId="126c27fa-08a2-4ea1-bb27-e30286a4631d" parentExecutionId="56ebd88f-09fb-4a02-b21f-152062cb407a" testId="d03eb628-bf1f-c27d-aeef-e708d613d686" testName="all_persons_modal_can_may_negation" computerName="ARPAN-LAP" duration="00:00:00.0213355" startTime="2014-06-25T20:32:23.0135345+05:30" endTime="2014-06-25T20:32:23.0355357+05:30" testType="13cdc9d9-ddb5-4fa4-a97d-d965ccfc6d4b" outcome="Passed" testListId="8c84fa94-04c1-424b-9868-57a2d4851a1d" relativeResultsDirectory="56ebd88f-09fb-4a02-b21f-152062cb407a" dataRowInfo="20" resultType="DataDrivenDataRow" />
        <UnitTestResult executionId="2f2b815c-5604-488b-8328-cfd7e1baf1e4" parentExecutionId="56ebd88f-09fb-4a02-b21f-152062cb407a" testId="d03eb628-bf1f-c27d-aeef-e708d613d686" testName="all_persons_modal_can_may_negation" computerName="ARPAN-LAP" duration="00:00:00.0272509" startTime="2014-06-25T20:32:23.0355357+05:30" endTime="2014-06-25T20:32:23.0625373+05:30" testType="13cdc9d9-ddb5-4fa4-a97d-d965ccfc6d4b" outcome="Passed" testListId="8c84fa94-04c1-424b-9868-57a2d4851a1d" relativeResultsDirectory="56ebd88f-09fb-4a02-b21f-152062cb407a" dataRowInfo="21" resultType="DataDrivenDataRow" />
        <UnitTestResult executionId="ec912a15-6e3f-43e4-8b7c-9962b4f31929" parentExecutionId="56ebd88f-09fb-4a02-b21f-152062cb407a" testId="d03eb628-bf1f-c27d-aeef-e708d613d686" testName="all_persons_modal_can_may_negation" computerName="ARPAN-LAP" duration="00:00:00.0292629" startTime="2014-06-25T20:32:23.0625373+05:30" endTime="2014-06-25T20:32:23.0915389+05:30" testType="13cdc9d9-ddb5-4fa4-a97d-d965ccfc6d4b" outcome="Passed" testListId="8c84fa94-04c1-424b-9868-57a2d4851a1d" relativeResultsDirectory="56ebd88f-09fb-4a02-b21f-152062cb407a" dataRowInfo="22" resultType="DataDrivenDataRow" />
        <UnitTestResult executionId="98c1fc36-ae69-4464-9c80-26be98e096b8" parentExecutionId="56ebd88f-09fb-4a02-b21f-152062cb407a" testId="d03eb628-bf1f-c27d-aeef-e708d613d686" testName="all_persons_modal_can_may_negation" computerName="ARPAN-LAP" duration="00:00:00.0244967" startTime="2014-06-25T20:32:23.0915389+05:30" endTime="2014-06-25T20:32:23.1165404+05:30" testType="13cdc9d9-ddb5-4fa4-a97d-d965ccfc6d4b" outcome="Passed" testListId="8c84fa94-04c1-424b-9868-57a2d4851a1d" relativeResultsDirectory="56ebd88f-09fb-4a02-b21f-152062cb407a" dataRowInfo="23" resultType="DataDrivenDataRow" />
      </InnerResults>
    </UnitTestResult>
    <UnitTestResult executionId="2e0d1e5c-23c6-4c2b-bef4-753a32703905" testId="d766a059-d96c-7b47-e6a6-34931760df96" testName="all_persons_tenses_passive" computerName="ARPAN-LAP" duration="00:00:00.2752178" startTime="2014-06-25T20:32:23.1875444+05:30" endTime="2014-06-25T20:32:23.5135631+05:30" testType="13cdc9d9-ddb5-4fa4-a97d-d965ccfc6d4b" outcome="Passed" testListId="8c84fa94-04c1-424b-9868-57a2d4851a1d" relativeResultsDirectory="2e0d1e5c-23c6-4c2b-bef4-753a32703905" resultType="DataDrivenTest">
      <Counters error="0" failed="0" timeout="0" aborted="0" inconclusive="0" passedButRunAborted="0" notRunnable="0" notExecuted="0" disconnected="0" warning="0" passed="10" completed="0" inProgress="0" pending="0" />
      <InnerResults>
        <UnitTestResult executionId="08c7b559-4aba-4c94-aeb7-4af84421c2f7" parentExecutionId="2e0d1e5c-23c6-4c2b-bef4-753a32703905" testId="d766a059-d96c-7b47-e6a6-34931760df96" testName="all_persons_tenses_passive" computerName="ARPAN-LAP" duration="00:00:00.0237519" startTime="2014-06-25T20:32:23.1925447+05:30" endTime="2014-06-25T20:32:23.2165461+05:30" testType="13cdc9d9-ddb5-4fa4-a97d-d965ccfc6d4b" outcome="Passed" testListId="8c84fa94-04c1-424b-9868-57a2d4851a1d" relativeResultsDirectory="2e0d1e5c-23c6-4c2b-bef4-753a32703905" dataRowInfo="0" resultType="DataDrivenDataRow" />
        <UnitTestResult executionId="4be35cfd-6fde-4d3d-9aef-56c57ffab2cb" parentExecutionId="2e0d1e5c-23c6-4c2b-bef4-753a32703905" testId="d766a059-d96c-7b47-e6a6-34931760df96" testName="all_persons_tenses_passive" computerName="ARPAN-LAP" duration="00:00:00.0248252" startTime="2014-06-25T20:32:23.2165461+05:30" endTime="2014-06-25T20:32:23.2405475+05:30" testType="13cdc9d9-ddb5-4fa4-a97d-d965ccfc6d4b" outcome="Passed" testListId="8c84fa94-04c1-424b-9868-57a2d4851a1d" relativeResultsDirectory="2e0d1e5c-23c6-4c2b-bef4-753a32703905" dataRowInfo="1" resultType="DataDrivenDataRow" />
        <UnitTestResult executionId="13056215-a273-48b1-899e-d232fb9db9ae" parentExecutionId="2e0d1e5c-23c6-4c2b-bef4-753a32703905" testId="d766a059-d96c-7b47-e6a6-34931760df96" testName="all_persons_tenses_passive" computerName="ARPAN-LAP" duration="00:00:00.0285987" startTime="2014-06-25T20:32:23.2405475+05:30" endTime="2014-06-25T20:32:23.2695491+05:30" testType="13cdc9d9-ddb5-4fa4-a97d-d965ccfc6d4b" outcome="Passed" testListId="8c84fa94-04c1-424b-9868-57a2d4851a1d" relativeResultsDirectory="2e0d1e5c-23c6-4c2b-bef4-753a32703905" dataRowInfo="2" resultType="DataDrivenDataRow" />
        <UnitTestResult executionId="750c5bf6-0e8d-4d91-a4b4-d8e881040c07" parentExecutionId="2e0d1e5c-23c6-4c2b-bef4-753a32703905" testId="d766a059-d96c-7b47-e6a6-34931760df96" testName="all_persons_tenses_passive" computerName="ARPAN-LAP" duration="00:00:00.0309346" startTime="2014-06-25T20:32:23.2695491+05:30" endTime="2014-06-25T20:32:23.3005509+05:30" testType="13cdc9d9-ddb5-4fa4-a97d-d965ccfc6d4b" outcome="Passed" testListId="8c84fa94-04c1-424b-9868-57a2d4851a1d" relativeResultsDirectory="2e0d1e5c-23c6-4c2b-bef4-753a32703905" dataRowInfo="3" resultType="DataDrivenDataRow" />
        <UnitTestResult executionId="a192576e-fd23-416c-bb8a-3b2f08bfd778" parentExecutionId="2e0d1e5c-23c6-4c2b-bef4-753a32703905" testId="d766a059-d96c-7b47-e6a6-34931760df96" testName="all_persons_tenses_passive" computerName="ARPAN-LAP" duration="00:00:00.0199035" startTime="2014-06-25T20:32:23.3005509+05:30" endTime="2014-06-25T20:32:23.3205520+05:30" testType="13cdc9d9-ddb5-4fa4-a97d-d965ccfc6d4b" outcome="Passed" testListId="8c84fa94-04c1-424b-9868-57a2d4851a1d" relativeResultsDirectory="2e0d1e5c-23c6-4c2b-bef4-753a32703905" dataRowInfo="4" resultType="DataDrivenDataRow" />
        <UnitTestResult executionId="3be17a32-db6c-48df-9df7-0864313fdd74" parentExecutionId="2e0d1e5c-23c6-4c2b-bef4-753a32703905" testId="d766a059-d96c-7b47-e6a6-34931760df96" testName="all_persons_tenses_passive" computerName="ARPAN-LAP" duration="00:00:00.0237032" startTime="2014-06-25T20:32:23.3205520+05:30" endTime="2014-06-25T20:32:23.3445534+05:30" testType="13cdc9d9-ddb5-4fa4-a97d-d965ccfc6d4b" outcome="Passed" testListId="8c84fa94-04c1-424b-9868-57a2d4851a1d" relativeResultsDirectory="2e0d1e5c-23c6-4c2b-bef4-753a32703905" dataRowInfo="5" resultType="DataDrivenDataRow" />
        <UnitTestResult executionId="63fb9ed7-74a9-4265-80d1-3e3ed2f4c296" parentExecutionId="2e0d1e5c-23c6-4c2b-bef4-753a32703905" testId="d766a059-d96c-7b47-e6a6-34931760df96" testName="all_persons_tenses_passive" computerName="ARPAN-LAP" duration="00:00:00.0268100" startTime="2014-06-25T20:32:23.3445534+05:30" endTime="2014-06-25T20:32:23.3715550+05:30" testType="13cdc9d9-ddb5-4fa4-a97d-d965ccfc6d4b" outcome="Passed" testListId="8c84fa94-04c1-424b-9868-57a2d4851a1d" relativeResultsDirectory="2e0d1e5c-23c6-4c2b-bef4-753a32703905" dataRowInfo="6" resultType="DataDrivenDataRow" />
        <UnitTestResult executionId="69dbf541-3dc4-4feb-bb43-0f5c2061db54" parentExecutionId="2e0d1e5c-23c6-4c2b-bef4-753a32703905" testId="d766a059-d96c-7b47-e6a6-34931760df96" testName="all_persons_tenses_passive" computerName="ARPAN-LAP" duration="00:00:00.0298326" startTime="2014-06-25T20:32:23.3715550+05:30" endTime="2014-06-25T20:32:23.4005566+05:30" testType="13cdc9d9-ddb5-4fa4-a97d-d965ccfc6d4b" outcome="Passed" testListId="8c84fa94-04c1-424b-9868-57a2d4851a1d" relativeResultsDirectory="2e0d1e5c-23c6-4c2b-bef4-753a32703905" dataRowInfo="7" resultType="DataDrivenDataRow" />
        <UnitTestResult executionId="1ae9fe14-7ad7-4300-bca4-14ecf3392677" parentExecutionId="2e0d1e5c-23c6-4c2b-bef4-753a32703905" testId="d766a059-d96c-7b47-e6a6-34931760df96" testName="all_persons_tenses_passive" computerName="ARPAN-LAP" duration="00:00:00.0311943" startTime="2014-06-25T20:32:23.4005566+05:30" endTime="2014-06-25T20:32:23.4325584+05:30" testType="13cdc9d9-ddb5-4fa4-a97d-d965ccfc6d4b" outcome="Passed" testListId="8c84fa94-04c1-424b-9868-57a2d4851a1d" relativeResultsDirectory="2e0d1e5c-23c6-4c2b-bef4-753a32703905" dataRowInfo="8" resultType="DataDrivenDataRow" />
        <UnitTestResult executionId="7cd443bb-ee0e-458b-86d3-0a1f54c15439" parentExecutionId="2e0d1e5c-23c6-4c2b-bef4-753a32703905" testId="d766a059-d96c-7b47-e6a6-34931760df96" testName="all_persons_tenses_passive" computerName="ARPAN-LAP" duration="00:00:00.0329394" startTime="2014-06-25T20:32:23.4325584+05:30" endTime="2014-06-25T20:32:23.4655603+05:30" testType="13cdc9d9-ddb5-4fa4-a97d-d965ccfc6d4b" outcome="Passed" testListId="8c84fa94-04c1-424b-9868-57a2d4851a1d" relativeResultsDirectory="2e0d1e5c-23c6-4c2b-bef4-753a32703905" dataRowInfo="9" resultType="DataDrivenDataRow" />
      </InnerResults>
    </UnitTestResult>
    <UnitTestResult executionId="209dc8fe-007e-4a5b-a76d-62c3e641416e" testId="fe3e63ab-391c-e168-48d0-431b85a7b898" testName="third_person_tenses_active_negation" computerName="ARPAN-LAP" duration="00:00:00.2253816" startTime="2014-06-25T20:32:23.5365644+05:30" endTime="2014-06-25T20:32:23.8105801+05:30" testType="13cdc9d9-ddb5-4fa4-a97d-d965ccfc6d4b" outcome="Passed" testListId="8c84fa94-04c1-424b-9868-57a2d4851a1d" relativeResultsDirectory="209dc8fe-007e-4a5b-a76d-62c3e641416e" resultType="DataDrivenTest">
      <Counters error="0" failed="0" timeout="0" aborted="0" inconclusive="0" passedButRunAborted="0" notRunnable="0" notExecuted="0" disconnected="0" warning="0" passed="10" completed="0" inProgress="0" pending="0" />
      <InnerResults>
        <UnitTestResult executionId="fa94a146-e979-4d3c-bbd4-38a39eb7070b" parentExecutionId="209dc8fe-007e-4a5b-a76d-62c3e641416e" testId="fe3e63ab-391c-e168-48d0-431b85a7b898" testName="third_person_tenses_active_negation" computerName="ARPAN-LAP" duration="00:00:00.0212405" startTime="2014-06-25T20:32:23.5425647+05:30" endTime="2014-06-25T20:32:23.5645660+05:30" testType="13cdc9d9-ddb5-4fa4-a97d-d965ccfc6d4b" outcome="Passed" testListId="8c84fa94-04c1-424b-9868-57a2d4851a1d" relativeResultsDirectory="209dc8fe-007e-4a5b-a76d-62c3e641416e" dataRowInfo="0" resultType="DataDrivenDataRow" />
        <UnitTestResult executionId="9f4521e6-a661-41c0-b831-ff24f1add3d9" parentExecutionId="209dc8fe-007e-4a5b-a76d-62c3e641416e" testId="fe3e63ab-391c-e168-48d0-431b85a7b898" testName="third_person_tenses_active_negation" computerName="ARPAN-LAP" duration="00:00:00.0210583" startTime="2014-06-25T20:32:23.5645660+05:30" endTime="2014-06-25T20:32:23.5855672+05:30" testType="13cdc9d9-ddb5-4fa4-a97d-d965ccfc6d4b" outcome="Passed" testListId="8c84fa94-04c1-424b-9868-57a2d4851a1d" relativeResultsDirectory="209dc8fe-007e-4a5b-a76d-62c3e641416e" dataRowInfo="1" resultType="DataDrivenDataRow" />
        <UnitTestResult executionId="354f9c46-9b41-42bc-a3eb-d37929808f7c" parentExecutionId="209dc8fe-007e-4a5b-a76d-62c3e641416e" testId="fe3e63ab-391c-e168-48d0-431b85a7b898" testName="third_person_tenses_active_negation" computerName="ARPAN-LAP" duration="00:00:00.0225180" startTime="2014-06-25T20:32:23.5855672+05:30" endTime="2014-06-25T20:32:23.6075685+05:30" testType="13cdc9d9-ddb5-4fa4-a97d-d965ccfc6d4b" outcome="Passed" testListId="8c84fa94-04c1-424b-9868-57a2d4851a1d" relativeResultsDirectory="209dc8fe-007e-4a5b-a76d-62c3e641416e" dataRowInfo="2" resultType="DataDrivenDataRow" />
        <UnitTestResult executionId="9502f78d-7a2c-4834-af2c-1fb9060e335c" parentExecutionId="209dc8fe-007e-4a5b-a76d-62c3e641416e" testId="fe3e63ab-391c-e168-48d0-431b85a7b898" testName="third_person_tenses_active_negation" computerName="ARPAN-LAP" duration="00:00:00.0248914" startTime="2014-06-25T20:32:23.6075685+05:30" endTime="2014-06-25T20:32:23.6325699+05:30" testType="13cdc9d9-ddb5-4fa4-a97d-d965ccfc6d4b" outcome="Passed" testListId="8c84fa94-04c1-424b-9868-57a2d4851a1d" relativeResultsDirectory="209dc8fe-007e-4a5b-a76d-62c3e641416e" dataRowInfo="3" resultType="DataDrivenDataRow" />
        <UnitTestResult executionId="ab378161-dbb6-4bd2-a647-a35ba0dee0d7" parentExecutionId="209dc8fe-007e-4a5b-a76d-62c3e641416e" testId="fe3e63ab-391c-e168-48d0-431b85a7b898" testName="third_person_tenses_active_negation" computerName="ARPAN-LAP" duration="00:00:00.0199825" startTime="2014-06-25T20:32:23.6325699+05:30" endTime="2014-06-25T20:32:23.6525710+05:30" testType="13cdc9d9-ddb5-4fa4-a97d-d965ccfc6d4b" outcome="Passed" testListId="8c84fa94-04c1-424b-9868-57a2d4851a1d" relativeResultsDirectory="209dc8fe-007e-4a5b-a76d-62c3e641416e" dataRowInfo="4" resultType="DataDrivenDataRow" />
        <UnitTestResult executionId="48da9cad-aaab-4d38-9639-ebab371971a5" parentExecutionId="209dc8fe-007e-4a5b-a76d-62c3e641416e" testId="fe3e63ab-391c-e168-48d0-431b85a7b898" testName="third_person_tenses_active_negation" computerName="ARPAN-LAP" duration="00:00:00.0203110" startTime="2014-06-25T20:32:23.6525710+05:30" endTime="2014-06-25T20:32:23.6735722+05:30" testType="13cdc9d9-ddb5-4fa4-a97d-d965ccfc6d4b" outcome="Passed" testListId="8c84fa94-04c1-424b-9868-57a2d4851a1d" relativeResultsDirectory="209dc8fe-007e-4a5b-a76d-62c3e641416e" dataRowInfo="5" resultType="DataDrivenDataRow" />
        <UnitTestResult executionId="51f050ce-e4fa-48cf-be3e-c3048a619e89" parentExecutionId="209dc8fe-007e-4a5b-a76d-62c3e641416e" testId="fe3e63ab-391c-e168-48d0-431b85a7b898" testName="third_person_tenses_active_negation" computerName="ARPAN-LAP" duration="00:00:00.0209659" startTime="2014-06-25T20:32:23.6735722+05:30" endTime="2014-06-25T20:32:23.6945734+05:30" testType="13cdc9d9-ddb5-4fa4-a97d-d965ccfc6d4b" outcome="Passed" testListId="8c84fa94-04c1-424b-9868-57a2d4851a1d" relativeResultsDirectory="209dc8fe-007e-4a5b-a76d-62c3e641416e" dataRowInfo="6" resultType="DataDrivenDataRow" />
        <UnitTestResult executionId="d8ace1b7-4f70-46c4-81e3-9d9dd82ec6f9" parentExecutionId="209dc8fe-007e-4a5b-a76d-62c3e641416e" testId="fe3e63ab-391c-e168-48d0-431b85a7b898" testName="third_person_tenses_active_negation" computerName="ARPAN-LAP" duration="00:00:00.0262208" startTime="2014-06-25T20:32:23.6945734+05:30" endTime="2014-06-25T20:32:23.7205749+05:30" testType="13cdc9d9-ddb5-4fa4-a97d-d965ccfc6d4b" outcome="Passed" testListId="8c84fa94-04c1-424b-9868-57a2d4851a1d" relativeResultsDirectory="209dc8fe-007e-4a5b-a76d-62c3e641416e" dataRowInfo="7" resultType="DataDrivenDataRow" />
        <UnitTestResult executionId="30b4a845-c3c9-4e44-8ad5-47f1066ec8d3" parentExecutionId="209dc8fe-007e-4a5b-a76d-62c3e641416e" testId="fe3e63ab-391c-e168-48d0-431b85a7b898" testName="third_person_tenses_active_negation" computerName="ARPAN-LAP" duration="00:00:00.0202966" startTime="2014-06-25T20:32:23.7205749+05:30" endTime="2014-06-25T20:32:23.7405761+05:30" testType="13cdc9d9-ddb5-4fa4-a97d-d965ccfc6d4b" outcome="Passed" testListId="8c84fa94-04c1-424b-9868-57a2d4851a1d" relativeResultsDirectory="209dc8fe-007e-4a5b-a76d-62c3e641416e" dataRowInfo="8" resultType="DataDrivenDataRow" />
        <UnitTestResult executionId="ecfcccca-53ed-4978-a1cd-8eaf1114cb05" parentExecutionId="209dc8fe-007e-4a5b-a76d-62c3e641416e" testId="fe3e63ab-391c-e168-48d0-431b85a7b898" testName="third_person_tenses_active_negation" computerName="ARPAN-LAP" duration="00:00:00.0256480" startTime="2014-06-25T20:32:23.7405761+05:30" endTime="2014-06-25T20:32:23.7665776+05:30" testType="13cdc9d9-ddb5-4fa4-a97d-d965ccfc6d4b" outcome="Passed" testListId="8c84fa94-04c1-424b-9868-57a2d4851a1d" relativeResultsDirectory="209dc8fe-007e-4a5b-a76d-62c3e641416e" dataRowInfo="9" resultType="DataDrivenDataRow" />
      </InnerResults>
    </UnitTestResult>
  </Results>
</TestRun>