<?xml version="1.0" encoding="UTF-8"?>
<TestRun id="751147a7-570e-442e-b030-87c967107820" name="Arghya@ARPAN-LAP 2014-06-25 20:05:38" runUser="ARPAN-LAP\Arghya" xmlns="http://microsoft.com/schemas/VisualStudio/TeamTest/2010">
  <TestSettings name="Default Test Settings" id="1be11f9f-4ff6-49d9-baee-f8e074820666">
    <Deployment userDeploymentRoot="D:\software\Project\BNLP\TestResults" useDefaultDeploymentRoot="false" runDeploymentRoot="Arghya_ARPAN-LAP 2014-06-25 20_05_38" />
    <Execution>
      <TestTypeSpecific />
      <AgentRule name="Execution Agents">
      </AgentRule>
    </Execution>
  </TestSettings>
  <Times creation="2014-06-25T20:05:38.9087849+05:30" queuing="2014-06-25T20:05:39.1898010+05:30" start="2014-06-25T20:05:39.2218028+05:30" finish="2014-06-25T20:05:58.5029057+05:30" />
  <ResultSummary outcome="Failed">
    <Counters total="309" executed="309" passed="301" error="0" failed="8" timeout="0" aborted="0" inconclusive="0" passedButRunAborted="0" notRunnable="0" notExecuted="0" disconnected="0" warning="0" completed="0" inProgress="0" pending="0" />
    <RunInfos>
      <RunInfo computerName="ARPAN-LAP" outcome="Warning" timestamp="2014-06-25T20:05:39.1637995+05:30">
        <Text>Warning: Test Run deployment issue: Failed to get the file for deployment item '..\UnitTest\TestCases\wikipedia.xml' specified by the test 'UnitTest.BnlpTest.RandomWord': System.IO.DirectoryNotFoundException: Could not find a part of the path 'D:\software\Project\UnitTest\TestCases\wikipedia.xml'.</Text>
        <Exception>System.IO.DirectoryNotFoundException: Could not find a part of the path 'D:\software\Project\UnitTest\TestCases\wikipedia.xml'.
   at System.IO.__Error.WinIOError(Int32 errorCode, String maybeFullPath)
   at System.IO.File.GetAttributes(String path)
   at Microsoft.VisualStudio.TestTools.Common.SingleFileProvider.GetFilePaths()
   at Microsoft.VisualStudio.TestTools.TestManagement.DeploymentCoverageItem.GetFiles(TestRunConfiguration runConfig)
   at Microsoft.VisualStudio.TestTools.TestManagement.DeploymentManager.DoDeployment(TestRun run, FileCopyService fileCopyService)</Exception>
      </RunInfo>
      <RunInfo computerName="ARPAN-LAP" outcome="Warning" timestamp="2014-06-25T20:05:39.1647996+05:30">
        <Text>Warning: Test Run deployment issue: Failed to get the file for deployment item '..\UnitTest\TestCases\interrogative_sentences_who.xml' specified by the test 'UnitTest.BnlpTest.interrogative_sentences_who': System.IO.DirectoryNotFoundException: Could not find a part of the path 'D:\software\Project\UnitTest\TestCases\interrogative_sentences_who.xml'.</Text>
        <Exception>System.IO.DirectoryNotFoundException: Could not find a part of the path 'D:\software\Project\UnitTest\TestCases\interrogative_sentences_who.xml'.
   at System.IO.__Error.WinIOError(Int32 errorCode, String maybeFullPath)
   at System.IO.File.GetAttributes(String path)
   at Microsoft.VisualStudio.TestTools.Common.SingleFileProvider.GetFilePaths()
   at Microsoft.VisualStudio.TestTools.TestManagement.DeploymentCoverageItem.GetFiles(TestRunConfiguration runConfig)
   at Microsoft.VisualStudio.TestTools.TestManagement.DeploymentManager.DoDeployment(TestRun run, FileCopyService fileCopyService)</Exception>
      </RunInfo>
      <RunInfo computerName="ARPAN-LAP" outcome="Warning" timestamp="2014-06-25T20:05:39.1657996+05:30">
        <Text>Warning: Test Run deployment issue: Failed to get the file for deployment item '..\UnitTest\TestCases\special_handling_do_verb.xml' specified by the test 'UnitTest.BnlpTest.special_handling_do_verb': System.IO.DirectoryNotFoundException: Could not find a part of the path 'D:\software\Project\UnitTest\TestCases\special_handling_do_verb.xml'.</Text>
        <Exception>System.IO.DirectoryNotFoundException: Could not find a part of the path 'D:\software\Project\UnitTest\TestCases\special_handling_do_verb.xml'.
   at System.IO.__Error.WinIOError(Int32 errorCode, String maybeFullPath)
   at System.IO.File.GetAttributes(String path)
   at Microsoft.VisualStudio.TestTools.Common.SingleFileProvider.GetFilePaths()
   at Microsoft.VisualStudio.TestTools.TestManagement.DeploymentCoverageItem.GetFiles(TestRunConfiguration runConfig)
   at Microsoft.VisualStudio.TestTools.TestManagement.DeploymentManager.DoDeployment(TestRun run, FileCopyService fileCopyService)</Exception>
      </RunInfo>
      <RunInfo computerName="ARPAN-LAP" outcome="Warning" timestamp="2014-06-25T20:05:39.1667997+05:30">
        <Text>Warning: Test Run deployment issue: Failed to get the file for deployment item '..\UnitTest\TestCases\interrogative_sentences_which.xml' specified by the test 'UnitTest.BnlpTest.interrogative_sentences_which': System.IO.DirectoryNotFoundException: Could not find a part of the path 'D:\software\Project\UnitTest\TestCases\interrogative_sentences_which.xml'.</Text>
        <Exception>System.IO.DirectoryNotFoundException: Could not find a part of the path 'D:\software\Project\UnitTest\TestCases\interrogative_sentences_which.xml'.
   at System.IO.__Error.WinIOError(Int32 errorCode, String maybeFullPath)
   at System.IO.File.GetAttributes(String path)
   at Microsoft.VisualStudio.TestTools.Common.SingleFileProvider.GetFilePaths()
   at Microsoft.VisualStudio.TestTools.TestManagement.DeploymentCoverageItem.GetFiles(TestRunConfiguration runConfig)
   at Microsoft.VisualStudio.TestTools.TestManagement.DeploymentManager.DoDeployment(TestRun run, FileCopyService fileCopyService)</Exception>
      </RunInfo>
      <RunInfo computerName="ARPAN-LAP" outcome="Warning" timestamp="2014-06-25T20:05:39.1687998+05:30">
        <Text>Warning: Test Run deployment issue: Failed to get the file for deployment item '..\UnitTest\TestCases\all_persons_modal_should.xml' specified by the test 'UnitTest.BnlpTest.all_persons_modal_should': System.IO.DirectoryNotFoundException: Could not find a part of the path 'D:\software\Project\UnitTest\TestCases\all_persons_modal_should.xml'.</Text>
        <Exception>System.IO.DirectoryNotFoundException: Could not find a part of the path 'D:\software\Project\UnitTest\TestCases\all_persons_modal_should.xml'.
   at System.IO.__Error.WinIOError(Int32 errorCode, String maybeFullPath)
   at System.IO.File.GetAttributes(String path)
   at Microsoft.VisualStudio.TestTools.Common.SingleFileProvider.GetFilePaths()
   at Microsoft.VisualStudio.TestTools.TestManagement.DeploymentCoverageItem.GetFiles(TestRunConfiguration runConfig)
   at Microsoft.VisualStudio.TestTools.TestManagement.DeploymentManager.DoDeployment(TestRun run, FileCopyService fileCopyService)</Exception>
      </RunInfo>
      <RunInfo computerName="ARPAN-LAP" outcome="Warning" timestamp="2014-06-25T20:05:39.1697999+05:30">
        <Text>Warning: Test Run deployment issue: Failed to get the file for deployment item '..\UnitTest\TestCases\third_person_tenses_active.xml' specified by the test 'UnitTest.BnlpTest.third_person_tenses_active': System.IO.DirectoryNotFoundException: Could not find a part of the path 'D:\software\Project\UnitTest\TestCases\third_person_tenses_active.xml'.</Text>
        <Exception>System.IO.DirectoryNotFoundException: Could not find a part of the path 'D:\software\Project\UnitTest\TestCases\third_person_tenses_active.xml'.
   at System.IO.__Error.WinIOError(Int32 errorCode, String maybeFullPath)
   at System.IO.File.GetAttributes(String path)
   at Microsoft.VisualStudio.TestTools.Common.SingleFileProvider.GetFilePaths()
   at Microsoft.VisualStudio.TestTools.TestManagement.DeploymentCoverageItem.GetFiles(TestRunConfiguration runConfig)
   at Microsoft.VisualStudio.TestTools.TestManagement.DeploymentManager.DoDeployment(TestRun run, FileCopyService fileCopyService)</Exception>
      </RunInfo>
      <RunInfo computerName="ARPAN-LAP" outcome="Warning" timestamp="2014-06-25T20:05:39.1707999+05:30">
        <Text>Warning: Test Run deployment issue: Failed to get the file for deployment item '..\UnitTest\TestCases\all_persons_tenses_passive.xml' specified by the test 'UnitTest.BnlpTest.all_persons_tenses_passive': System.IO.DirectoryNotFoundException: Could not find a part of the path 'D:\software\Project\UnitTest\TestCases\all_persons_tenses_passive.xml'.</Text>
        <Exception>System.IO.DirectoryNotFoundException: Could not find a part of the path 'D:\software\Project\UnitTest\TestCases\all_persons_tenses_passive.xml'.
   at System.IO.__Error.WinIOError(Int32 errorCode, String maybeFullPath)
   at System.IO.File.GetAttributes(String path)
   at Microsoft.VisualStudio.TestTools.Common.SingleFileProvider.GetFilePaths()
   at Microsoft.VisualStudio.TestTools.TestManagement.DeploymentCoverageItem.GetFiles(TestRunConfiguration runConfig)
   at Microsoft.VisualStudio.TestTools.TestManagement.DeploymentManager.DoDeployment(TestRun run, FileCopyService fileCopyService)</Exception>
      </RunInfo>
      <RunInfo computerName="ARPAN-LAP" outcome="Warning" timestamp="2014-06-25T20:05:39.1718000+05:30">
        <Text>Warning: Test Run deployment issue: Failed to get the file for deployment item '..\UnitTest\TestCases\interrogative_sentences_aux.xml' specified by the test 'UnitTest.BnlpTest.interrogative_sentences_aux': System.IO.DirectoryNotFoundException: Could not find a part of the path 'D:\software\Project\UnitTest\TestCases\interrogative_sentences_aux.xml'.</Text>
        <Exception>System.IO.DirectoryNotFoundException: Could not find a part of the path 'D:\software\Project\UnitTest\TestCases\interrogative_sentences_aux.xml'.
   at System.IO.__Error.WinIOError(Int32 errorCode, String maybeFullPath)
   at System.IO.File.GetAttributes(String path)
   at Microsoft.VisualStudio.TestTools.Common.SingleFileProvider.GetFilePaths()
   at Microsoft.VisualStudio.TestTools.TestManagement.DeploymentCoverageItem.GetFiles(TestRunConfiguration runConfig)
   at Microsoft.VisualStudio.TestTools.TestManagement.DeploymentManager.DoDeployment(TestRun run, FileCopyService fileCopyService)</Exception>
      </RunInfo>
      <RunInfo computerName="ARPAN-LAP" outcome="Warning" timestamp="2014-06-25T20:05:39.1728000+05:30">
        <Text>Warning: Test Run deployment issue: Failed to get the file for deployment item '..\UnitTest\TestCases\second_person_tenses_active_negation.xml' specified by the test 'UnitTest.BnlpTest.second_person_tenses_active_negation': System.IO.DirectoryNotFoundException: Could not find a part of the path 'D:\software\Project\UnitTest\TestCases\second_person_tenses_active_negation.xml'.</Text>
        <Exception>System.IO.DirectoryNotFoundException: Could not find a part of the path 'D:\software\Project\UnitTest\TestCases\second_person_tenses_active_negation.xml'.
   at System.IO.__Error.WinIOError(Int32 errorCode, String maybeFullPath)
   at System.IO.File.GetAttributes(String path)
   at Microsoft.VisualStudio.TestTools.Common.SingleFileProvider.GetFilePaths()
   at Microsoft.VisualStudio.TestTools.TestManagement.DeploymentCoverageItem.GetFiles(TestRunConfiguration runConfig)
   at Microsoft.VisualStudio.TestTools.TestManagement.DeploymentManager.DoDeployment(TestRun run, FileCopyService fileCopyService)</Exception>
      </RunInfo>
      <RunInfo computerName="ARPAN-LAP" outcome="Warning" timestamp="2014-06-25T20:05:39.1738001+05:30">
        <Text>Warning: Test Run deployment issue: Failed to get the file for deployment item '..\UnitTest\TestCases\interrogative_sentences_where.xml' specified by the test 'UnitTest.BnlpTest.interrogative_sentences_where': System.IO.DirectoryNotFoundException: Could not find a part of the path 'D:\software\Project\UnitTest\TestCases\interrogative_sentences_where.xml'.</Text>
        <Exception>System.IO.DirectoryNotFoundException: Could not find a part of the path 'D:\software\Project\UnitTest\TestCases\interrogative_sentences_where.xml'.
   at System.IO.__Error.WinIOError(Int32 errorCode, String maybeFullPath)
   at System.IO.File.GetAttributes(String path)
   at Microsoft.VisualStudio.TestTools.Common.SingleFileProvider.GetFilePaths()
   at Microsoft.VisualStudio.TestTools.TestManagement.DeploymentCoverageItem.GetFiles(TestRunConfiguration runConfig)
   at Microsoft.VisualStudio.TestTools.TestManagement.DeploymentManager.DoDeployment(TestRun run, FileCopyService fileCopyService)</Exception>
      </RunInfo>
      <RunInfo computerName="ARPAN-LAP" outcome="Warning" timestamp="2014-06-25T20:05:39.1758002+05:30">
        <Text>Warning: Test Run deployment issue: Failed to get the file for deployment item '..\UnitTest\TestCases\prepositions_made_with_three_words.xml' specified by the test 'UnitTest.BnlpTest.prepositions_made_with_three_words': System.IO.DirectoryNotFoundException: Could not find a part of the path 'D:\software\Project\UnitTest\TestCases\prepositions_made_with_three_words.xml'.</Text>
        <Exception>System.IO.DirectoryNotFoundException: Could not find a part of the path 'D:\software\Project\UnitTest\TestCases\prepositions_made_with_three_words.xml'.
   at System.IO.__Error.WinIOError(Int32 errorCode, String maybeFullPath)
   at System.IO.File.GetAttributes(String path)
   at Microsoft.VisualStudio.TestTools.Common.SingleFileProvider.GetFilePaths()
   at Microsoft.VisualStudio.TestTools.TestManagement.DeploymentCoverageItem.GetFiles(TestRunConfiguration runConfig)
   at Microsoft.VisualStudio.TestTools.TestManagement.DeploymentManager.DoDeployment(TestRun run, FileCopyService fileCopyService)</Exception>
      </RunInfo>
      <RunInfo computerName="ARPAN-LAP" outcome="Warning" timestamp="2014-06-25T20:05:39.1768003+05:30">
        <Text>Warning: Test Run deployment issue: Failed to get the file for deployment item '..\UnitTest\TestCases\interrogative_sentences_what.xml' specified by the test 'UnitTest.BnlpTest.interrogative_sentences_what': System.IO.DirectoryNotFoundException: Could not find a part of the path 'D:\software\Project\UnitTest\TestCases\interrogative_sentences_what.xml'.</Text>
        <Exception>System.IO.DirectoryNotFoundException: Could not find a part of the path 'D:\software\Project\UnitTest\TestCases\interrogative_sentences_what.xml'.
   at System.IO.__Error.WinIOError(Int32 errorCode, String maybeFullPath)
   at System.IO.File.GetAttributes(String path)
   at Microsoft.VisualStudio.TestTools.Common.SingleFileProvider.GetFilePaths()
   at Microsoft.VisualStudio.TestTools.TestManagement.DeploymentCoverageItem.GetFiles(TestRunConfiguration runConfig)
   at Microsoft.VisualStudio.TestTools.TestManagement.DeploymentManager.DoDeployment(TestRun run, FileCopyService fileCopyService)</Exception>
      </RunInfo>
      <RunInfo computerName="ARPAN-LAP" outcome="Warning" timestamp="2014-06-25T20:05:39.1768003+05:30">
        <Text>Warning: Test Run deployment issue: Failed to get the file for deployment item '..\UnitTest\TestCases\interrogative_sentences_how.xml' specified by the test 'UnitTest.BnlpTest.interrogative_sentences_how': System.IO.DirectoryNotFoundException: Could not find a part of the path 'D:\software\Project\UnitTest\TestCases\interrogative_sentences_how.xml'.</Text>
        <Exception>System.IO.DirectoryNotFoundException: Could not find a part of the path 'D:\software\Project\UnitTest\TestCases\interrogative_sentences_how.xml'.
   at System.IO.__Error.WinIOError(Int32 errorCode, String maybeFullPath)
   at System.IO.File.GetAttributes(String path)
   at Microsoft.VisualStudio.TestTools.Common.SingleFileProvider.GetFilePaths()
   at Microsoft.VisualStudio.TestTools.TestManagement.DeploymentCoverageItem.GetFiles(TestRunConfiguration runConfig)
   at Microsoft.VisualStudio.TestTools.TestManagement.DeploymentManager.DoDeployment(TestRun run, FileCopyService fileCopyService)</Exception>
      </RunInfo>
      <RunInfo computerName="ARPAN-LAP" outcome="Warning" timestamp="2014-06-25T20:05:39.1778003+05:30">
        <Text>Warning: Test Run deployment issue: Failed to get the file for deployment item '..\UnitTest\TestCases\interrogative_sentences_whom.xml' specified by the test 'UnitTest.BnlpTest.interrogative_sentences_whom': System.IO.DirectoryNotFoundException: Could not find a part of the path 'D:\software\Project\UnitTest\TestCases\interrogative_sentences_whom.xml'.</Text>
        <Exception>System.IO.DirectoryNotFoundException: Could not find a part of the path 'D:\software\Project\UnitTest\TestCases\interrogative_sentences_whom.xml'.
   at System.IO.__Error.WinIOError(Int32 errorCode, String maybeFullPath)
   at System.IO.File.GetAttributes(String path)
   at Microsoft.VisualStudio.TestTools.Common.SingleFileProvider.GetFilePaths()
   at Microsoft.VisualStudio.TestTools.TestManagement.DeploymentCoverageItem.GetFiles(TestRunConfiguration runConfig)
   at Microsoft.VisualStudio.TestTools.TestManagement.DeploymentManager.DoDeployment(TestRun run, FileCopyService fileCopyService)</Exception>
      </RunInfo>
      <RunInfo computerName="ARPAN-LAP" outcome="Warning" timestamp="2014-06-25T20:05:39.1788004+05:30">
        <Text>Warning: Test Run deployment issue: Failed to get the file for deployment item '..\UnitTest\TestCases\second_person_tenses_active.xml' specified by the test 'UnitTest.BnlpTest.second_person_tenses_active': System.IO.DirectoryNotFoundException: Could not find a part of the path 'D:\software\Project\UnitTest\TestCases\second_person_tenses_active.xml'.</Text>
        <Exception>System.IO.DirectoryNotFoundException: Could not find a part of the path 'D:\software\Project\UnitTest\TestCases\second_person_tenses_active.xml'.
   at System.IO.__Error.WinIOError(Int32 errorCode, String maybeFullPath)
   at System.IO.File.GetAttributes(String path)
   at Microsoft.VisualStudio.TestTools.Common.SingleFileProvider.GetFilePaths()
   at Microsoft.VisualStudio.TestTools.TestManagement.DeploymentCoverageItem.GetFiles(TestRunConfiguration runConfig)
   at Microsoft.VisualStudio.TestTools.TestManagement.DeploymentManager.DoDeployment(TestRun run, FileCopyService fileCopyService)</Exception>
      </RunInfo>
      <RunInfo computerName="ARPAN-LAP" outcome="Warning" timestamp="2014-06-25T20:05:39.1798004+05:30">
        <Text>Warning: Test Run deployment issue: Failed to get the file for deployment item '..\UnitTest\TestCases\all_persons_modal_should_negation.xml' specified by the test 'UnitTest.BnlpTest.all_persons_modal_should_negation': System.IO.DirectoryNotFoundException: Could not find a part of the path 'D:\software\Project\UnitTest\TestCases\all_persons_modal_should_negation.xml'.</Text>
        <Exception>System.IO.DirectoryNotFoundException: Could not find a part of the path 'D:\software\Project\UnitTest\TestCases\all_persons_modal_should_negation.xml'.
   at System.IO.__Error.WinIOError(Int32 errorCode, String maybeFullPath)
   at System.IO.File.GetAttributes(String path)
   at Microsoft.VisualStudio.TestTools.Common.SingleFileProvider.GetFilePaths()
   at Microsoft.VisualStudio.TestTools.TestManagement.DeploymentCoverageItem.GetFiles(TestRunConfiguration runConfig)
   at Microsoft.VisualStudio.TestTools.TestManagement.DeploymentManager.DoDeployment(TestRun run, FileCopyService fileCopyService)</Exception>
      </RunInfo>
      <RunInfo computerName="ARPAN-LAP" outcome="Warning" timestamp="2014-06-25T20:05:39.1808005+05:30">
        <Text>Warning: Test Run deployment issue: Failed to get the file for deployment item '..\UnitTest\TestCases\first_person_tenses_active_negation.xml' specified by the test 'UnitTest.BnlpTest.first_person_tenses_active_negation': System.IO.DirectoryNotFoundException: Could not find a part of the path 'D:\software\Project\UnitTest\TestCases\first_person_tenses_active_negation.xml'.</Text>
        <Exception>System.IO.DirectoryNotFoundException: Could not find a part of the path 'D:\software\Project\UnitTest\TestCases\first_person_tenses_active_negation.xml'.
   at System.IO.__Error.WinIOError(Int32 errorCode, String maybeFullPath)
   at System.IO.File.GetAttributes(String path)
   at Microsoft.VisualStudio.TestTools.Common.SingleFileProvider.GetFilePaths()
   at Microsoft.VisualStudio.TestTools.TestManagement.DeploymentCoverageItem.GetFiles(TestRunConfiguration runConfig)
   at Microsoft.VisualStudio.TestTools.TestManagement.DeploymentManager.DoDeployment(TestRun run, FileCopyService fileCopyService)</Exception>
      </RunInfo>
      <RunInfo computerName="ARPAN-LAP" outcome="Warning" timestamp="2014-06-25T20:05:39.1818006+05:30">
        <Text>Warning: Test Run deployment issue: Failed to get the file for deployment item '..\UnitTest\TestCases\all_persons_modal_can_may_negation.xml' specified by the test 'UnitTest.BnlpTest.all_persons_modal_can_may_negation': System.IO.DirectoryNotFoundException: Could not find a part of the path 'D:\software\Project\UnitTest\TestCases\all_persons_modal_can_may_negation.xml'.</Text>
        <Exception>System.IO.DirectoryNotFoundException: Could not find a part of the path 'D:\software\Project\UnitTest\TestCases\all_persons_modal_can_may_negation.xml'.
   at System.IO.__Error.WinIOError(Int32 errorCode, String maybeFullPath)
   at System.IO.File.GetAttributes(String path)
   at Microsoft.VisualStudio.TestTools.Common.SingleFileProvider.GetFilePaths()
   at Microsoft.VisualStudio.TestTools.TestManagement.DeploymentCoverageItem.GetFiles(TestRunConfiguration runConfig)
   at Microsoft.VisualStudio.TestTools.TestManagement.DeploymentManager.DoDeployment(TestRun run, FileCopyService fileCopyService)</Exception>
      </RunInfo>
      <RunInfo computerName="ARPAN-LAP" outcome="Warning" timestamp="2014-06-25T20:05:39.1828006+05:30">
        <Text>Warning: Test Run deployment issue: Failed to get the file for deployment item '..\UnitTest\TestCases\third_person_tenses_active_negation.xml' specified by the test 'UnitTest.BnlpTest.third_person_tenses_active_negation': System.IO.DirectoryNotFoundException: Could not find a part of the path 'D:\software\Project\UnitTest\TestCases\third_person_tenses_active_negation.xml'.</Text>
        <Exception>System.IO.DirectoryNotFoundException: Could not find a part of the path 'D:\software\Project\UnitTest\TestCases\third_person_tenses_active_negation.xml'.
   at System.IO.__Error.WinIOError(Int32 errorCode, String maybeFullPath)
   at System.IO.File.GetAttributes(String path)
   at Microsoft.VisualStudio.TestTools.Common.SingleFileProvider.GetFilePaths()
   at Microsoft.VisualStudio.TestTools.TestManagement.DeploymentCoverageItem.GetFiles(TestRunConfiguration runConfig)
   at Microsoft.VisualStudio.TestTools.TestManagement.DeploymentManager.DoDeployment(TestRun run, FileCopyService fileCopyService)</Exception>
      </RunInfo>
      <RunInfo computerName="ARPAN-LAP" outcome="Warning" timestamp="2014-06-25T20:05:39.1838007+05:30">
        <Text>Warning: Test Run deployment issue: Failed to get the file for deployment item '..\UnitTest\TestCases\interrogative_sentences_do.xml' specified by the test 'UnitTest.BnlpTest.interrogative_sentences_do': System.IO.DirectoryNotFoundException: Could not find a part of the path 'D:\software\Project\UnitTest\TestCases\interrogative_sentences_do.xml'.</Text>
        <Exception>System.IO.DirectoryNotFoundException: Could not find a part of the path 'D:\software\Project\UnitTest\TestCases\interrogative_sentences_do.xml'.
   at System.IO.__Error.WinIOError(Int32 errorCode, String maybeFullPath)
   at System.IO.File.GetAttributes(String path)
   at Microsoft.VisualStudio.TestTools.Common.SingleFileProvider.GetFilePaths()
   at Microsoft.VisualStudio.TestTools.TestManagement.DeploymentCoverageItem.GetFiles(TestRunConfiguration runConfig)
   at Microsoft.VisualStudio.TestTools.TestManagement.DeploymentManager.DoDeployment(TestRun run, FileCopyService fileCopyService)</Exception>
      </RunInfo>
      <RunInfo computerName="ARPAN-LAP" outcome="Warning" timestamp="2014-06-25T20:05:39.1848007+05:30">
        <Text>Warning: Test Run deployment issue: Failed to get the file for deployment item '..\UnitTest\TestCases\auxiliary_verbs_as_main_verbs.xml' specified by the test 'UnitTest.BnlpTest.auxiliary_verbs_as_main_verbs': System.IO.DirectoryNotFoundException: Could not find a part of the path 'D:\software\Project\UnitTest\TestCases\auxiliary_verbs_as_main_verbs.xml'.</Text>
        <Exception>System.IO.DirectoryNotFoundException: Could not find a part of the path 'D:\software\Project\UnitTest\TestCases\auxiliary_verbs_as_main_verbs.xml'.
   at System.IO.__Error.WinIOError(Int32 errorCode, String maybeFullPath)
   at System.IO.File.GetAttributes(String path)
   at Microsoft.VisualStudio.TestTools.Common.SingleFileProvider.GetFilePaths()
   at Microsoft.VisualStudio.TestTools.TestManagement.DeploymentCoverageItem.GetFiles(TestRunConfiguration runConfig)
   at Microsoft.VisualStudio.TestTools.TestManagement.DeploymentManager.DoDeployment(TestRun run, FileCopyService fileCopyService)</Exception>
      </RunInfo>
      <RunInfo computerName="ARPAN-LAP" outcome="Warning" timestamp="2014-06-25T20:05:39.1858008+05:30">
        <Text>Warning: Test Run deployment issue: Failed to get the file for deployment item '..\UnitTest\TestCases\all_persons_tenses_passive_negation.xml' specified by the test 'UnitTest.BnlpTest.all_persons_tenses_passive_negation': System.IO.DirectoryNotFoundException: Could not find a part of the path 'D:\software\Project\UnitTest\TestCases\all_persons_tenses_passive_negation.xml'.</Text>
        <Exception>System.IO.DirectoryNotFoundException: Could not find a part of the path 'D:\software\Project\UnitTest\TestCases\all_persons_tenses_passive_negation.xml'.
   at System.IO.__Error.WinIOError(Int32 errorCode, String maybeFullPath)
   at System.IO.File.GetAttributes(String path)
   at Microsoft.VisualStudio.TestTools.Common.SingleFileProvider.GetFilePaths()
   at Microsoft.VisualStudio.TestTools.TestManagement.DeploymentCoverageItem.GetFiles(TestRunConfiguration runConfig)
   at Microsoft.VisualStudio.TestTools.TestManagement.DeploymentManager.DoDeployment(TestRun run, FileCopyService fileCopyService)</Exception>
      </RunInfo>
      <RunInfo computerName="ARPAN-LAP" outcome="Warning" timestamp="2014-06-25T20:05:39.1868008+05:30">
        <Text>Warning: Test Run deployment issue: Failed to get the file for deployment item '..\UnitTest\TestCases\prepositions_made_with_two_words.xml' specified by the test 'UnitTest.BnlpTest.prepositions_made_with_two_words': System.IO.DirectoryNotFoundException: Could not find a part of the path 'D:\software\Project\UnitTest\TestCases\prepositions_made_with_two_words.xml'.</Text>
        <Exception>System.IO.DirectoryNotFoundException: Could not find a part of the path 'D:\software\Project\UnitTest\TestCases\prepositions_made_with_two_words.xml'.
   at System.IO.__Error.WinIOError(Int32 errorCode, String maybeFullPath)
   at System.IO.File.GetAttributes(String path)
   at Microsoft.VisualStudio.TestTools.Common.SingleFileProvider.GetFilePaths()
   at Microsoft.VisualStudio.TestTools.TestManagement.DeploymentCoverageItem.GetFiles(TestRunConfiguration runConfig)
   at Microsoft.VisualStudio.TestTools.TestManagement.DeploymentManager.DoDeployment(TestRun run, FileCopyService fileCopyService)</Exception>
      </RunInfo>
      <RunInfo computerName="ARPAN-LAP" outcome="Warning" timestamp="2014-06-25T20:05:39.1878009+05:30">
        <Text>Warning: Test Run deployment issue: Failed to get the file for deployment item '..\UnitTest\TestCases\first_person_tenses_active.xml' specified by the test 'UnitTest.BnlpTest.first_person_tenses_active': System.IO.DirectoryNotFoundException: Could not find a part of the path 'D:\software\Project\UnitTest\TestCases\first_person_tenses_active.xml'.</Text>
        <Exception>System.IO.DirectoryNotFoundException: Could not find a part of the path 'D:\software\Project\UnitTest\TestCases\first_person_tenses_active.xml'.
   at System.IO.__Error.WinIOError(Int32 errorCode, String maybeFullPath)
   at System.IO.File.GetAttributes(String path)
   at Microsoft.VisualStudio.TestTools.Common.SingleFileProvider.GetFilePaths()
   at Microsoft.VisualStudio.TestTools.TestManagement.DeploymentCoverageItem.GetFiles(TestRunConfiguration runConfig)
   at Microsoft.VisualStudio.TestTools.TestManagement.DeploymentManager.DoDeployment(TestRun run, FileCopyService fileCopyService)</Exception>
      </RunInfo>
      <RunInfo computerName="ARPAN-LAP" outcome="Warning" timestamp="2014-06-25T20:05:39.1878009+05:30">
        <Text>Warning: Test Run deployment issue: Failed to get the file for deployment item '..\UnitTest\TestCases\interrogative_sentences_why.xml' specified by the test 'UnitTest.BnlpTest.interrogative_sentences_why': System.IO.DirectoryNotFoundException: Could not find a part of the path 'D:\software\Project\UnitTest\TestCases\interrogative_sentences_why.xml'.</Text>
        <Exception>System.IO.DirectoryNotFoundException: Could not find a part of the path 'D:\software\Project\UnitTest\TestCases\interrogative_sentences_why.xml'.
   at System.IO.__Error.WinIOError(Int32 errorCode, String maybeFullPath)
   at System.IO.File.GetAttributes(String path)
   at Microsoft.VisualStudio.TestTools.Common.SingleFileProvider.GetFilePaths()
   at Microsoft.VisualStudio.TestTools.TestManagement.DeploymentCoverageItem.GetFiles(TestRunConfiguration runConfig)
   at Microsoft.VisualStudio.TestTools.TestManagement.DeploymentManager.DoDeployment(TestRun run, FileCopyService fileCopyService)</Exception>
      </RunInfo>
      <RunInfo computerName="ARPAN-LAP" outcome="Warning" timestamp="2014-06-25T20:05:39.1888010+05:30">
        <Text>Warning: Test Run deployment issue: Failed to get the file for deployment item '..\UnitTest\TestCases\all_persons_modal_can_may.xml' specified by the test 'UnitTest.BnlpTest.all_persons_modal_can_may': System.IO.DirectoryNotFoundException: Could not find a part of the path 'D:\software\Project\UnitTest\TestCases\all_persons_modal_can_may.xml'.</Text>
        <Exception>System.IO.DirectoryNotFoundException: Could not find a part of the path 'D:\software\Project\UnitTest\TestCases\all_persons_modal_can_may.xml'.
   at System.IO.__Error.WinIOError(Int32 errorCode, String maybeFullPath)
   at System.IO.File.GetAttributes(String path)
   at Microsoft.VisualStudio.TestTools.Common.SingleFileProvider.GetFilePaths()
   at Microsoft.VisualStudio.TestTools.TestManagement.DeploymentCoverageItem.GetFiles(TestRunConfiguration runConfig)
   at Microsoft.VisualStudio.TestTools.TestManagement.DeploymentManager.DoDeployment(TestRun run, FileCopyService fileCopyService)</Exception>
      </RunInfo>
    </RunInfos>
  </ResultSummary>
  <TestDefinitions>
    <UnitTest name="prepositions_made_with_three_words" storage="d:\software\project\bnlp\unittest\bin\debug\unittest.dll" id="0f33848d-a900-d644-7498-2526887b5425">
      <DeploymentItems>
        <DeploymentItem filename="..\UnitTest\TestCases\prepositions_made_with_three_words.xml" />
      </DeploymentItems>
      <Execution id="87797624-ba52-4c34-81ae-bb431437f60a" />
      <TestMethod codeBase="D:/software/Project/BNLP/UnitTest/bin/Debug/UnitTest.DLL" adapterTypeName="Microsoft.VisualStudio.TestTools.TestTypes.Unit.UnitTestAdapter, Microsoft.VisualStudio.QualityTools.Tips.UnitTest.Adapter, Version=10.0.0.0, Culture=neutral, PublicKeyToken=b03f5f7f11d50a3a" className="UnitTest.BnlpTest, UnitTest, Version=1.0.0.0, Culture=neutral, PublicKeyToken=null" name="prepositions_made_with_three_words" />
      <DataSource connectionString="|DataDirectory|\TestCases\prepositions_made_with_three_words.xml" providerInvariantName="Microsoft.VisualStudio.TestTools.DataSource.XML" tableName="sentence" />
    </UnitTest>
    <UnitTest name="first_person_tenses_active" storage="d:\software\project\bnlp\unittest\bin\debug\unittest.dll" id="921e6ab0-d7c2-6005-e523-6fd2d5e1a723">
      <DeploymentItems>
        <DeploymentItem filename="..\UnitTest\TestCases\first_person_tenses_active.xml" />
      </DeploymentItems>
      <Execution id="5450b3f5-d66c-4289-8fbd-58a248d02978" />
      <TestMethod codeBase="D:/software/Project/BNLP/UnitTest/bin/Debug/UnitTest.DLL" adapterTypeName="Microsoft.VisualStudio.TestTools.TestTypes.Unit.UnitTestAdapter, Microsoft.VisualStudio.QualityTools.Tips.UnitTest.Adapter, Version=10.0.0.0, Culture=neutral, PublicKeyToken=b03f5f7f11d50a3a" className="UnitTest.BnlpTest, UnitTest, Version=1.0.0.0, Culture=neutral, PublicKeyToken=null" name="first_person_tenses_active" />
      <DataSource connectionString="|DataDirectory|\TestCases\first_person_tenses_active.xml" providerInvariantName="Microsoft.VisualStudio.TestTools.DataSource.XML" tableName="sentence" />
    </UnitTest>
    <UnitTest name="interrogative_sentences_what" storage="d:\software\project\bnlp\unittest\bin\debug\unittest.dll" id="7f7910d1-dc89-39b4-b4cf-d9e6d7af9420">
      <DeploymentItems>
        <DeploymentItem filename="..\UnitTest\TestCases\interrogative_sentences_what.xml" />
      </DeploymentItems>
      <Execution id="b54e4090-0f46-450b-9bd7-6ae12d8ec202" />
      <TestMethod codeBase="D:/software/Project/BNLP/UnitTest/bin/Debug/UnitTest.DLL" adapterTypeName="Microsoft.VisualStudio.TestTools.TestTypes.Unit.UnitTestAdapter, Microsoft.VisualStudio.QualityTools.Tips.UnitTest.Adapter, Version=10.0.0.0, Culture=neutral, PublicKeyToken=b03f5f7f11d50a3a" className="UnitTest.BnlpTest, UnitTest, Version=1.0.0.0, Culture=neutral, PublicKeyToken=null" name="interrogative_sentences_what" />
      <DataSource connectionString="|DataDirectory|\TestCases\interrogative_sentences_what.xml" providerInvariantName="Microsoft.VisualStudio.TestTools.DataSource.XML" tableName="sentence" />
    </UnitTest>
    <UnitTest name="all_persons_modal_should_negation" storage="d:\software\project\bnlp\unittest\bin\debug\unittest.dll" id="9319d01e-de3e-d310-c76e-cae8dce4c924">
      <DeploymentItems>
        <DeploymentItem filename="..\UnitTest\TestCases\all_persons_modal_should_negation.xml" />
      </DeploymentItems>
      <Execution id="8ab6e2ed-964d-45c0-902a-87e722d2eff8" />
      <TestMethod codeBase="D:/software/Project/BNLP/UnitTest/bin/Debug/UnitTest.DLL" adapterTypeName="Microsoft.VisualStudio.TestTools.TestTypes.Unit.UnitTestAdapter, Microsoft.VisualStudio.QualityTools.Tips.UnitTest.Adapter, Version=10.0.0.0, Culture=neutral, PublicKeyToken=b03f5f7f11d50a3a" className="UnitTest.BnlpTest, UnitTest, Version=1.0.0.0, Culture=neutral, PublicKeyToken=null" name="all_persons_modal_should_negation" />
      <DataSource connectionString="|DataDirectory|\TestCases\all_persons_modal_should_negation.xml" providerInvariantName="Microsoft.VisualStudio.TestTools.DataSource.XML" tableName="sentence" />
    </UnitTest>
    <UnitTest name="prepositions_made_with_two_words" storage="d:\software\project\bnlp\unittest\bin\debug\unittest.dll" id="0f337a75-1a2d-d9c3-6c5f-23ed2604b69d">
      <DeploymentItems>
        <DeploymentItem filename="..\UnitTest\TestCases\prepositions_made_with_two_words.xml" />
      </DeploymentItems>
      <Execution id="f89e4267-6881-45a3-8293-64bd605ff0a6" />
      <TestMethod codeBase="D:/software/Project/BNLP/UnitTest/bin/Debug/UnitTest.DLL" adapterTypeName="Microsoft.VisualStudio.TestTools.TestTypes.Unit.UnitTestAdapter, Microsoft.VisualStudio.QualityTools.Tips.UnitTest.Adapter, Version=10.0.0.0, Culture=neutral, PublicKeyToken=b03f5f7f11d50a3a" className="UnitTest.BnlpTest, UnitTest, Version=1.0.0.0, Culture=neutral, PublicKeyToken=null" name="prepositions_made_with_two_words" />
      <DataSource connectionString="|DataDirectory|\TestCases\prepositions_made_with_two_words.xml" providerInvariantName="Microsoft.VisualStudio.TestTools.DataSource.XML" tableName="sentence" />
    </UnitTest>
    <UnitTest name="interrogative_sentences_do" storage="d:\software\project\bnlp\unittest\bin\debug\unittest.dll" id="1d63c318-78a9-9011-f5c0-0b01884a2881">
      <DeploymentItems>
        <DeploymentItem filename="..\UnitTest\TestCases\interrogative_sentences_do.xml" />
      </DeploymentItems>
      <Execution id="318200e2-3d1c-4dd3-9156-c323684754dc" />
      <TestMethod codeBase="D:/software/Project/BNLP/UnitTest/bin/Debug/UnitTest.DLL" adapterTypeName="Microsoft.VisualStudio.TestTools.TestTypes.Unit.UnitTestAdapter, Microsoft.VisualStudio.QualityTools.Tips.UnitTest.Adapter, Version=10.0.0.0, Culture=neutral, PublicKeyToken=b03f5f7f11d50a3a" className="UnitTest.BnlpTest, UnitTest, Version=1.0.0.0, Culture=neutral, PublicKeyToken=null" name="interrogative_sentences_do" />
      <DataSource connectionString="|DataDirectory|\TestCases\interrogative_sentences_do.xml" providerInvariantName="Microsoft.VisualStudio.TestTools.DataSource.XML" tableName="sentence" />
    </UnitTest>
    <UnitTest name="all_persons_tenses_passive_negation" storage="d:\software\project\bnlp\unittest\bin\debug\unittest.dll" id="bdfe92b2-f4ac-73a5-f13d-5c1ea13721b4">
      <DeploymentItems>
        <DeploymentItem filename="..\UnitTest\TestCases\all_persons_tenses_passive_negation.xml" />
      </DeploymentItems>
      <Execution id="b109f711-dcbf-42fa-96af-6188ef589fc8" />
      <TestMethod codeBase="D:/software/Project/BNLP/UnitTest/bin/Debug/UnitTest.DLL" adapterTypeName="Microsoft.VisualStudio.TestTools.TestTypes.Unit.UnitTestAdapter, Microsoft.VisualStudio.QualityTools.Tips.UnitTest.Adapter, Version=10.0.0.0, Culture=neutral, PublicKeyToken=b03f5f7f11d50a3a" className="UnitTest.BnlpTest, UnitTest, Version=1.0.0.0, Culture=neutral, PublicKeyToken=null" name="all_persons_tenses_passive_negation" />
      <DataSource connectionString="|DataDirectory|\TestCases\all_persons_tenses_passive_negation.xml" providerInvariantName="Microsoft.VisualStudio.TestTools.DataSource.XML" tableName="sentence" />
    </UnitTest>
    <UnitTest name="third_person_tenses_active_negation" storage="d:\software\project\bnlp\unittest\bin\debug\unittest.dll" id="fe3e63ab-391c-e168-48d0-431b85a7b898">
      <DeploymentItems>
        <DeploymentItem filename="..\UnitTest\TestCases\third_person_tenses_active_negation.xml" />
      </DeploymentItems>
      <Execution id="79460ff5-2cc3-4200-8f0e-15991da33e5e" />
      <TestMethod codeBase="D:/software/Project/BNLP/UnitTest/bin/Debug/UnitTest.DLL" adapterTypeName="Microsoft.VisualStudio.TestTools.TestTypes.Unit.UnitTestAdapter, Microsoft.VisualStudio.QualityTools.Tips.UnitTest.Adapter, Version=10.0.0.0, Culture=neutral, PublicKeyToken=b03f5f7f11d50a3a" className="UnitTest.BnlpTest, UnitTest, Version=1.0.0.0, Culture=neutral, PublicKeyToken=null" name="third_person_tenses_active_negation" />
      <DataSource connectionString="|DataDirectory|\TestCases\third_person_tenses_active_negation.xml" providerInvariantName="Microsoft.VisualStudio.TestTools.DataSource.XML" tableName="sentence" />
    </UnitTest>
    <UnitTest name="all_persons_modal_should" storage="d:\software\project\bnlp\unittest\bin\debug\unittest.dll" id="783915fe-114a-e353-78dd-56e92a60f942">
      <DeploymentItems>
        <DeploymentItem filename="..\UnitTest\TestCases\all_persons_modal_should.xml" />
      </DeploymentItems>
      <Execution id="c9576807-9fdc-42f8-8d04-d04f14148289" />
      <TestMethod codeBase="D:/software/Project/BNLP/UnitTest/bin/Debug/UnitTest.DLL" adapterTypeName="Microsoft.VisualStudio.TestTools.TestTypes.Unit.UnitTestAdapter, Microsoft.VisualStudio.QualityTools.Tips.UnitTest.Adapter, Version=10.0.0.0, Culture=neutral, PublicKeyToken=b03f5f7f11d50a3a" className="UnitTest.BnlpTest, UnitTest, Version=1.0.0.0, Culture=neutral, PublicKeyToken=null" name="all_persons_modal_should" />
      <DataSource connectionString="|DataDirectory|\TestCases\all_persons_modal_should.xml" providerInvariantName="Microsoft.VisualStudio.TestTools.DataSource.XML" tableName="sentence" />
    </UnitTest>
    <UnitTest name="second_person_tenses_active" storage="d:\software\project\bnlp\unittest\bin\debug\unittest.dll" id="30ab3285-6a8c-14d2-9725-bd60892ccd90">
      <DeploymentItems>
        <DeploymentItem filename="..\UnitTest\TestCases\second_person_tenses_active.xml" />
      </DeploymentItems>
      <Execution id="8c48afec-6803-41f2-be4b-daf8bc8220c0" />
      <TestMethod codeBase="D:/software/Project/BNLP/UnitTest/bin/Debug/UnitTest.DLL" adapterTypeName="Microsoft.VisualStudio.TestTools.TestTypes.Unit.UnitTestAdapter, Microsoft.VisualStudio.QualityTools.Tips.UnitTest.Adapter, Version=10.0.0.0, Culture=neutral, PublicKeyToken=b03f5f7f11d50a3a" className="UnitTest.BnlpTest, UnitTest, Version=1.0.0.0, Culture=neutral, PublicKeyToken=null" name="second_person_tenses_active" />
      <DataSource connectionString="|DataDirectory|\TestCases\second_person_tenses_active.xml" providerInvariantName="Microsoft.VisualStudio.TestTools.DataSource.XML" tableName="sentence" />
    </UnitTest>
    <UnitTest name="interrogative_sentences_who" storage="d:\software\project\bnlp\unittest\bin\debug\unittest.dll" id="32b5d279-0d23-e5ad-0301-234c8788f740">
      <DeploymentItems>
        <DeploymentItem filename="..\UnitTest\TestCases\interrogative_sentences_who.xml" />
      </DeploymentItems>
      <Execution id="2649cb84-3968-4146-b8c4-923718cfc362" />
      <TestMethod codeBase="D:/software/Project/BNLP/UnitTest/bin/Debug/UnitTest.DLL" adapterTypeName="Microsoft.VisualStudio.TestTools.TestTypes.Unit.UnitTestAdapter, Microsoft.VisualStudio.QualityTools.Tips.UnitTest.Adapter, Version=10.0.0.0, Culture=neutral, PublicKeyToken=b03f5f7f11d50a3a" className="UnitTest.BnlpTest, UnitTest, Version=1.0.0.0, Culture=neutral, PublicKeyToken=null" name="interrogative_sentences_who" />
      <DataSource connectionString="|DataDirectory|\TestCases\interrogative_sentences_who.xml" providerInvariantName="Microsoft.VisualStudio.TestTools.DataSource.XML" tableName="sentence" />
    </UnitTest>
    <UnitTest name="all_persons_modal_can_may" storage="d:\software\project\bnlp\unittest\bin\debug\unittest.dll" id="8fe5ccb3-a3f4-0f61-ad21-e94ef029e900">
      <DeploymentItems>
        <DeploymentItem filename="..\UnitTest\TestCases\all_persons_modal_can_may.xml" />
      </DeploymentItems>
      <Execution id="4a0b34a5-b340-4f79-b04f-1c26aada6408" />
      <TestMethod codeBase="D:/software/Project/BNLP/UnitTest/bin/Debug/UnitTest.DLL" adapterTypeName="Microsoft.VisualStudio.TestTools.TestTypes.Unit.UnitTestAdapter, Microsoft.VisualStudio.QualityTools.Tips.UnitTest.Adapter, Version=10.0.0.0, Culture=neutral, PublicKeyToken=b03f5f7f11d50a3a" className="UnitTest.BnlpTest, UnitTest, Version=1.0.0.0, Culture=neutral, PublicKeyToken=null" name="all_persons_modal_can_may" />
      <DataSource connectionString="|DataDirectory|\TestCases\all_persons_modal_can_may.xml" providerInvariantName="Microsoft.VisualStudio.TestTools.DataSource.XML" tableName="sentence" />
    </UnitTest>
    <UnitTest name="interrogative_sentences_how" storage="d:\software\project\bnlp\unittest\bin\debug\unittest.dll" id="227f20ae-8e76-eb71-39b2-4ada3ce6aba8">
      <DeploymentItems>
        <DeploymentItem filename="..\UnitTest\TestCases\interrogative_sentences_how.xml" />
      </DeploymentItems>
      <Execution id="1079be95-ac97-4735-8f96-a0c5fadcdf28" />
      <TestMethod codeBase="D:/software/Project/BNLP/UnitTest/bin/Debug/UnitTest.DLL" adapterTypeName="Microsoft.VisualStudio.TestTools.TestTypes.Unit.UnitTestAdapter, Microsoft.VisualStudio.QualityTools.Tips.UnitTest.Adapter, Version=10.0.0.0, Culture=neutral, PublicKeyToken=b03f5f7f11d50a3a" className="UnitTest.BnlpTest, UnitTest, Version=1.0.0.0, Culture=neutral, PublicKeyToken=null" name="interrogative_sentences_how" />
      <DataSource connectionString="|DataDirectory|\TestCases\interrogative_sentences_how.xml" providerInvariantName="Microsoft.VisualStudio.TestTools.DataSource.XML" tableName="sentence" />
    </UnitTest>
    <UnitTest name="all_persons_modal_can_may_negation" storage="d:\software\project\bnlp\unittest\bin\debug\unittest.dll" id="d03eb628-bf1f-c27d-aeef-e708d613d686">
      <DeploymentItems>
        <DeploymentItem filename="..\UnitTest\TestCases\all_persons_modal_can_may_negation.xml" />
      </DeploymentItems>
      <Execution id="c9329cd7-4d26-424c-8f94-5f93a9ffcf56" />
      <TestMethod codeBase="D:/software/Project/BNLP/UnitTest/bin/Debug/UnitTest.DLL" adapterTypeName="Microsoft.VisualStudio.TestTools.TestTypes.Unit.UnitTestAdapter, Microsoft.VisualStudio.QualityTools.Tips.UnitTest.Adapter, Version=10.0.0.0, Culture=neutral, PublicKeyToken=b03f5f7f11d50a3a" className="UnitTest.BnlpTest, UnitTest, Version=1.0.0.0, Culture=neutral, PublicKeyToken=null" name="all_persons_modal_can_may_negation" />
      <DataSource connectionString="|DataDirectory|\TestCases\all_persons_modal_can_may_negation.xml" providerInvariantName="Microsoft.VisualStudio.TestTools.DataSource.XML" tableName="sentence" />
    </UnitTest>
    <UnitTest name="RandomWord" storage="d:\software\project\bnlp\unittest\bin\debug\unittest.dll" id="642ce34f-0ed4-f995-637b-09297c832f2a">
      <DeploymentItems>
        <DeploymentItem filename="..\UnitTest\TestCases\wikipedia.xml" />
      </DeploymentItems>
      <Execution id="9899b4f0-e4ed-4a5c-be6c-c11f2b80e2c6" />
      <TestMethod codeBase="D:/software/Project/BNLP/UnitTest/bin/Debug/UnitTest.DLL" adapterTypeName="Microsoft.VisualStudio.TestTools.TestTypes.Unit.UnitTestAdapter, Microsoft.VisualStudio.QualityTools.Tips.UnitTest.Adapter, Version=10.0.0.0, Culture=neutral, PublicKeyToken=b03f5f7f11d50a3a" className="UnitTest.BnlpTest, UnitTest, Version=1.0.0.0, Culture=neutral, PublicKeyToken=null" name="RandomWord" />
      <DataSource connectionString="|DataDirectory|\TestCases\wikipedia.xml" providerInvariantName="Microsoft.VisualStudio.TestTools.DataSource.XML" tableName="sentence" />
    </UnitTest>
    <UnitTest name="second_person_tenses_active_negation" storage="d:\software\project\bnlp\unittest\bin\debug\unittest.dll" id="83c68223-dcaa-51dd-423f-434210a59f77">
      <DeploymentItems>
        <DeploymentItem filename="..\UnitTest\TestCases\second_person_tenses_active_negation.xml" />
      </DeploymentItems>
      <Execution id="9dd334ed-3bcb-4bd7-b983-eba5d1c91287" />
      <TestMethod codeBase="D:/software/Project/BNLP/UnitTest/bin/Debug/UnitTest.DLL" adapterTypeName="Microsoft.VisualStudio.TestTools.TestTypes.Unit.UnitTestAdapter, Microsoft.VisualStudio.QualityTools.Tips.UnitTest.Adapter, Version=10.0.0.0, Culture=neutral, PublicKeyToken=b03f5f7f11d50a3a" className="UnitTest.BnlpTest, UnitTest, Version=1.0.0.0, Culture=neutral, PublicKeyToken=null" name="second_person_tenses_active_negation" />
      <DataSource connectionString="|DataDirectory|\TestCases\second_person_tenses_active_negation.xml" providerInvariantName="Microsoft.VisualStudio.TestTools.DataSource.XML" tableName="sentence" />
    </UnitTest>
    <UnitTest name="interrogative_sentences_why" storage="d:\software\project\bnlp\unittest\bin\debug\unittest.dll" id="1b04a6d6-5350-792c-8eba-a46a0eb28949">
      <DeploymentItems>
        <DeploymentItem filename="..\UnitTest\TestCases\interrogative_sentences_why.xml" />
      </DeploymentItems>
      <Execution id="2b7e2de5-6193-4816-944e-a30c9257cda6" />
      <TestMethod codeBase="D:/software/Project/BNLP/UnitTest/bin/Debug/UnitTest.DLL" adapterTypeName="Microsoft.VisualStudio.TestTools.TestTypes.Unit.UnitTestAdapter, Microsoft.VisualStudio.QualityTools.Tips.UnitTest.Adapter, Version=10.0.0.0, Culture=neutral, PublicKeyToken=b03f5f7f11d50a3a" className="UnitTest.BnlpTest, UnitTest, Version=1.0.0.0, Culture=neutral, PublicKeyToken=null" name="interrogative_sentences_why" />
      <DataSource connectionString="|DataDirectory|\TestCases\interrogative_sentences_why.xml" providerInvariantName="Microsoft.VisualStudio.TestTools.DataSource.XML" tableName="sentence" />
    </UnitTest>
    <UnitTest name="interrogative_sentences_which" storage="d:\software\project\bnlp\unittest\bin\debug\unittest.dll" id="97a1371f-e8e6-db3e-323e-49ffeef32df1">
      <DeploymentItems>
        <DeploymentItem filename="..\UnitTest\TestCases\interrogative_sentences_which.xml" />
      </DeploymentItems>
      <Execution id="e000ea1c-28db-417f-93b5-94b64da180c4" />
      <TestMethod codeBase="D:/software/Project/BNLP/UnitTest/bin/Debug/UnitTest.DLL" adapterTypeName="Microsoft.VisualStudio.TestTools.TestTypes.Unit.UnitTestAdapter, Microsoft.VisualStudio.QualityTools.Tips.UnitTest.Adapter, Version=10.0.0.0, Culture=neutral, PublicKeyToken=b03f5f7f11d50a3a" className="UnitTest.BnlpTest, UnitTest, Version=1.0.0.0, Culture=neutral, PublicKeyToken=null" name="interrogative_sentences_which" />
      <DataSource connectionString="|DataDirectory|\TestCases\interrogative_sentences_which.xml" providerInvariantName="Microsoft.VisualStudio.TestTools.DataSource.XML" tableName="sentence" />
    </UnitTest>
    <UnitTest name="third_person_tenses_active" storage="d:\software\project\bnlp\unittest\bin\debug\unittest.dll" id="0bc2f98c-98f5-f190-c78c-c00d94c547a1">
      <DeploymentItems>
        <DeploymentItem filename="..\UnitTest\TestCases\third_person_tenses_active.xml" />
      </DeploymentItems>
      <Execution id="cfef2f6a-0f1d-45fb-9935-a508934fad3f" />
      <TestMethod codeBase="D:/software/Project/BNLP/UnitTest/bin/Debug/UnitTest.DLL" adapterTypeName="Microsoft.VisualStudio.TestTools.TestTypes.Unit.UnitTestAdapter, Microsoft.VisualStudio.QualityTools.Tips.UnitTest.Adapter, Version=10.0.0.0, Culture=neutral, PublicKeyToken=b03f5f7f11d50a3a" className="UnitTest.BnlpTest, UnitTest, Version=1.0.0.0, Culture=neutral, PublicKeyToken=null" name="third_person_tenses_active" />
      <DataSource connectionString="|DataDirectory|\TestCases\third_person_tenses_active.xml" providerInvariantName="Microsoft.VisualStudio.TestTools.DataSource.XML" tableName="sentence" />
    </UnitTest>
    <UnitTest name="auxiliary_verbs_as_main_verbs" storage="d:\software\project\bnlp\unittest\bin\debug\unittest.dll" id="c79146bc-2376-961a-5de9-441b5dfc7188">
      <DeploymentItems>
        <DeploymentItem filename="..\UnitTest\TestCases\auxiliary_verbs_as_main_verbs.xml" />
      </DeploymentItems>
      <Execution id="ea5cf718-52bd-4100-92b3-177c2c61787e" />
      <TestMethod codeBase="D:/software/Project/BNLP/UnitTest/bin/Debug/UnitTest.DLL" adapterTypeName="Microsoft.VisualStudio.TestTools.TestTypes.Unit.UnitTestAdapter, Microsoft.VisualStudio.QualityTools.Tips.UnitTest.Adapter, Version=10.0.0.0, Culture=neutral, PublicKeyToken=b03f5f7f11d50a3a" className="UnitTest.BnlpTest, UnitTest, Version=1.0.0.0, Culture=neutral, PublicKeyToken=null" name="auxiliary_verbs_as_main_verbs" />
      <DataSource connectionString="|DataDirectory|\TestCases\auxiliary_verbs_as_main_verbs.xml" providerInvariantName="Microsoft.VisualStudio.TestTools.DataSource.XML" tableName="sentence" />
    </UnitTest>
    <UnitTest name="special_handling_do_verb" storage="d:\software\project\bnlp\unittest\bin\debug\unittest.dll" id="533e7939-123c-ce84-5c5c-d5a21d1d95b9">
      <DeploymentItems>
        <DeploymentItem filename="..\UnitTest\TestCases\special_handling_do_verb.xml" />
      </DeploymentItems>
      <Execution id="7c4c5f51-0d25-4757-852c-0f538840df89" />
      <TestMethod codeBase="D:/software/Project/BNLP/UnitTest/bin/Debug/UnitTest.DLL" adapterTypeName="Microsoft.VisualStudio.TestTools.TestTypes.Unit.UnitTestAdapter, Microsoft.VisualStudio.QualityTools.Tips.UnitTest.Adapter, Version=10.0.0.0, Culture=neutral, PublicKeyToken=b03f5f7f11d50a3a" className="UnitTest.BnlpTest, UnitTest, Version=1.0.0.0, Culture=neutral, PublicKeyToken=null" name="special_handling_do_verb" />
      <DataSource connectionString="|DataDirectory|\TestCases\special_handling_do_verb.xml" providerInvariantName="Microsoft.VisualStudio.TestTools.DataSource.XML" tableName="sentence" />
    </UnitTest>
    <UnitTest name="interrogative_sentences_whom" storage="d:\software\project\bnlp\unittest\bin\debug\unittest.dll" id="4e91a3b9-9eae-ebff-0b97-303f00578a78">
      <DeploymentItems>
        <DeploymentItem filename="..\UnitTest\TestCases\interrogative_sentences_whom.xml" />
      </DeploymentItems>
      <Execution id="d59fb0af-77a6-48bd-97f6-27a824ae2c2a" />
      <TestMethod codeBase="D:/software/Project/BNLP/UnitTest/bin/Debug/UnitTest.DLL" adapterTypeName="Microsoft.VisualStudio.TestTools.TestTypes.Unit.UnitTestAdapter, Microsoft.VisualStudio.QualityTools.Tips.UnitTest.Adapter, Version=10.0.0.0, Culture=neutral, PublicKeyToken=b03f5f7f11d50a3a" className="UnitTest.BnlpTest, UnitTest, Version=1.0.0.0, Culture=neutral, PublicKeyToken=null" name="interrogative_sentences_whom" />
      <DataSource connectionString="|DataDirectory|\TestCases\interrogative_sentences_whom.xml" providerInvariantName="Microsoft.VisualStudio.TestTools.DataSource.XML" tableName="sentence" />
    </UnitTest>
    <UnitTest name="interrogative_sentences_where" storage="d:\software\project\bnlp\unittest\bin\debug\unittest.dll" id="b9261b51-b0a2-10e2-9308-22bb2624de8b">
      <DeploymentItems>
        <DeploymentItem filename="..\UnitTest\TestCases\interrogative_sentences_where.xml" />
      </DeploymentItems>
      <Execution id="fba2dfaf-ac33-4da6-b86e-ea4fe776b296" />
      <TestMethod codeBase="D:/software/Project/BNLP/UnitTest/bin/Debug/UnitTest.DLL" adapterTypeName="Microsoft.VisualStudio.TestTools.TestTypes.Unit.UnitTestAdapter, Microsoft.VisualStudio.QualityTools.Tips.UnitTest.Adapter, Version=10.0.0.0, Culture=neutral, PublicKeyToken=b03f5f7f11d50a3a" className="UnitTest.BnlpTest, UnitTest, Version=1.0.0.0, Culture=neutral, PublicKeyToken=null" name="interrogative_sentences_where" />
      <DataSource connectionString="|DataDirectory|\TestCases\interrogative_sentences_where.xml" providerInvariantName="Microsoft.VisualStudio.TestTools.DataSource.XML" tableName="sentence" />
    </UnitTest>
    <UnitTest name="interrogative_sentences_aux" storage="d:\software\project\bnlp\unittest\bin\debug\unittest.dll" id="39dcb97e-c73f-c645-a77c-64d9eba0a3a3">
      <DeploymentItems>
        <DeploymentItem filename="..\UnitTest\TestCases\interrogative_sentences_aux.xml" />
      </DeploymentItems>
      <Execution id="ed45c139-a864-4198-9191-73fd5c7603d3" />
      <TestMethod codeBase="D:/software/Project/BNLP/UnitTest/bin/Debug/UnitTest.DLL" adapterTypeName="Microsoft.VisualStudio.TestTools.TestTypes.Unit.UnitTestAdapter, Microsoft.VisualStudio.QualityTools.Tips.UnitTest.Adapter, Version=10.0.0.0, Culture=neutral, PublicKeyToken=b03f5f7f11d50a3a" className="UnitTest.BnlpTest, UnitTest, Version=1.0.0.0, Culture=neutral, PublicKeyToken=null" name="interrogative_sentences_aux" />
      <DataSource connectionString="|DataDirectory|\TestCases\interrogative_sentences_aux.xml" providerInvariantName="Microsoft.VisualStudio.TestTools.DataSource.XML" tableName="sentence" />
    </UnitTest>
    <UnitTest name="all_persons_tenses_passive" storage="d:\software\project\bnlp\unittest\bin\debug\unittest.dll" id="d766a059-d96c-7b47-e6a6-34931760df96">
      <DeploymentItems>
        <DeploymentItem filename="..\UnitTest\TestCases\all_persons_tenses_passive.xml" />
      </DeploymentItems>
      <Execution id="e1916715-9867-49f8-955d-f712161cf2b0" />
      <TestMethod codeBase="D:/software/Project/BNLP/UnitTest/bin/Debug/UnitTest.DLL" adapterTypeName="Microsoft.VisualStudio.TestTools.TestTypes.Unit.UnitTestAdapter, Microsoft.VisualStudio.QualityTools.Tips.UnitTest.Adapter, Version=10.0.0.0, Culture=neutral, PublicKeyToken=b03f5f7f11d50a3a" className="UnitTest.BnlpTest, UnitTest, Version=1.0.0.0, Culture=neutral, PublicKeyToken=null" name="all_persons_tenses_passive" />
      <DataSource connectionString="|DataDirectory|\TestCases\all_persons_tenses_passive.xml" providerInvariantName="Microsoft.VisualStudio.TestTools.DataSource.XML" tableName="sentence" />
    </UnitTest>
    <UnitTest name="first_person_tenses_active_negation" storage="d:\software\project\bnlp\unittest\bin\debug\unittest.dll" id="15fe5bf6-5078-81a8-0356-385549390bb7">
      <DeploymentItems>
        <DeploymentItem filename="..\UnitTest\TestCases\first_person_tenses_active_negation.xml" />
      </DeploymentItems>
      <Execution id="d6a05912-fe6b-4913-9c8c-1d8435a4837d" />
      <TestMethod codeBase="D:/software/Project/BNLP/UnitTest/bin/Debug/UnitTest.DLL" adapterTypeName="Microsoft.VisualStudio.TestTools.TestTypes.Unit.UnitTestAdapter, Microsoft.VisualStudio.QualityTools.Tips.UnitTest.Adapter, Version=10.0.0.0, Culture=neutral, PublicKeyToken=b03f5f7f11d50a3a" className="UnitTest.BnlpTest, UnitTest, Version=1.0.0.0, Culture=neutral, PublicKeyToken=null" name="first_person_tenses_active_negation" />
      <DataSource connectionString="|DataDirectory|\TestCases\first_person_tenses_active_negation.xml" providerInvariantName="Microsoft.VisualStudio.TestTools.DataSource.XML" tableName="sentence" />
    </UnitTest>
  </TestDefinitions>
  <TestLists>
    <TestList name="Results Not in a List" id="8c84fa94-04c1-424b-9868-57a2d4851a1d" />
    <TestList name="All Loaded Results" id="19431567-8539-422a-85d7-44ee4e166bda" />
  </TestLists>
  <TestEntries>
    <TestEntry testId="0bc2f98c-98f5-f190-c78c-c00d94c547a1" executionId="cfef2f6a-0f1d-45fb-9935-a508934fad3f" testListId="8c84fa94-04c1-424b-9868-57a2d4851a1d" />
    <TestEntry testId="0f337a75-1a2d-d9c3-6c5f-23ed2604b69d" executionId="f89e4267-6881-45a3-8293-64bd605ff0a6" testListId="8c84fa94-04c1-424b-9868-57a2d4851a1d" />
    <TestEntry testId="0f33848d-a900-d644-7498-2526887b5425" executionId="87797624-ba52-4c34-81ae-bb431437f60a" testListId="8c84fa94-04c1-424b-9868-57a2d4851a1d" />
    <TestEntry testId="15fe5bf6-5078-81a8-0356-385549390bb7" executionId="d6a05912-fe6b-4913-9c8c-1d8435a4837d" testListId="8c84fa94-04c1-424b-9868-57a2d4851a1d" />
    <TestEntry testId="1b04a6d6-5350-792c-8eba-a46a0eb28949" executionId="2b7e2de5-6193-4816-944e-a30c9257cda6" testListId="8c84fa94-04c1-424b-9868-57a2d4851a1d" />
    <TestEntry testId="1d63c318-78a9-9011-f5c0-0b01884a2881" executionId="318200e2-3d1c-4dd3-9156-c323684754dc" testListId="8c84fa94-04c1-424b-9868-57a2d4851a1d" />
    <TestEntry testId="227f20ae-8e76-eb71-39b2-4ada3ce6aba8" executionId="1079be95-ac97-4735-8f96-a0c5fadcdf28" testListId="8c84fa94-04c1-424b-9868-57a2d4851a1d" />
    <TestEntry testId="30ab3285-6a8c-14d2-9725-bd60892ccd90" executionId="8c48afec-6803-41f2-be4b-daf8bc8220c0" testListId="8c84fa94-04c1-424b-9868-57a2d4851a1d" />
    <TestEntry testId="32b5d279-0d23-e5ad-0301-234c8788f740" executionId="2649cb84-3968-4146-b8c4-923718cfc362" testListId="8c84fa94-04c1-424b-9868-57a2d4851a1d" />
    <TestEntry testId="39dcb97e-c73f-c645-a77c-64d9eba0a3a3" executionId="ed45c139-a864-4198-9191-73fd5c7603d3" testListId="8c84fa94-04c1-424b-9868-57a2d4851a1d" />
    <TestEntry testId="4e91a3b9-9eae-ebff-0b97-303f00578a78" executionId="d59fb0af-77a6-48bd-97f6-27a824ae2c2a" testListId="8c84fa94-04c1-424b-9868-57a2d4851a1d" />
    <TestEntry testId="533e7939-123c-ce84-5c5c-d5a21d1d95b9" executionId="7c4c5f51-0d25-4757-852c-0f538840df89" testListId="8c84fa94-04c1-424b-9868-57a2d4851a1d" />
    <TestEntry testId="642ce34f-0ed4-f995-637b-09297c832f2a" executionId="9899b4f0-e4ed-4a5c-be6c-c11f2b80e2c6" testListId="8c84fa94-04c1-424b-9868-57a2d4851a1d" />
    <TestEntry testId="783915fe-114a-e353-78dd-56e92a60f942" executionId="c9576807-9fdc-42f8-8d04-d04f14148289" testListId="8c84fa94-04c1-424b-9868-57a2d4851a1d" />
    <TestEntry testId="7f7910d1-dc89-39b4-b4cf-d9e6d7af9420" executionId="b54e4090-0f46-450b-9bd7-6ae12d8ec202" testListId="8c84fa94-04c1-424b-9868-57a2d4851a1d" />
    <TestEntry testId="83c68223-dcaa-51dd-423f-434210a59f77" executionId="9dd334ed-3bcb-4bd7-b983-eba5d1c91287" testListId="8c84fa94-04c1-424b-9868-57a2d4851a1d" />
    <TestEntry testId="8fe5ccb3-a3f4-0f61-ad21-e94ef029e900" executionId="4a0b34a5-b340-4f79-b04f-1c26aada6408" testListId="8c84fa94-04c1-424b-9868-57a2d4851a1d" />
    <TestEntry testId="921e6ab0-d7c2-6005-e523-6fd2d5e1a723" executionId="5450b3f5-d66c-4289-8fbd-58a248d02978" testListId="8c84fa94-04c1-424b-9868-57a2d4851a1d" />
    <TestEntry testId="9319d01e-de3e-d310-c76e-cae8dce4c924" executionId="8ab6e2ed-964d-45c0-902a-87e722d2eff8" testListId="8c84fa94-04c1-424b-9868-57a2d4851a1d" />
    <TestEntry testId="97a1371f-e8e6-db3e-323e-49ffeef32df1" executionId="e000ea1c-28db-417f-93b5-94b64da180c4" testListId="8c84fa94-04c1-424b-9868-57a2d4851a1d" />
    <TestEntry testId="b9261b51-b0a2-10e2-9308-22bb2624de8b" executionId="fba2dfaf-ac33-4da6-b86e-ea4fe776b296" testListId="8c84fa94-04c1-424b-9868-57a2d4851a1d" />
    <TestEntry testId="bdfe92b2-f4ac-73a5-f13d-5c1ea13721b4" executionId="b109f711-dcbf-42fa-96af-6188ef589fc8" testListId="8c84fa94-04c1-424b-9868-57a2d4851a1d" />
    <TestEntry testId="c79146bc-2376-961a-5de9-441b5dfc7188" executionId="ea5cf718-52bd-4100-92b3-177c2c61787e" testListId="8c84fa94-04c1-424b-9868-57a2d4851a1d" />
    <TestEntry testId="d03eb628-bf1f-c27d-aeef-e708d613d686" executionId="c9329cd7-4d26-424c-8f94-5f93a9ffcf56" testListId="8c84fa94-04c1-424b-9868-57a2d4851a1d" />
    <TestEntry testId="d766a059-d96c-7b47-e6a6-34931760df96" executionId="e1916715-9867-49f8-955d-f712161cf2b0" testListId="8c84fa94-04c1-424b-9868-57a2d4851a1d" />
    <TestEntry testId="fe3e63ab-391c-e168-48d0-431b85a7b898" executionId="79460ff5-2cc3-4200-8f0e-15991da33e5e" testListId="8c84fa94-04c1-424b-9868-57a2d4851a1d" />
  </TestEntries>
  <Results>
    <UnitTestResult executionId="cfef2f6a-0f1d-45fb-9935-a508934fad3f" testId="0bc2f98c-98f5-f190-c78c-c00d94c547a1" testName="third_person_tenses_active" computerName="ARPAN-LAP" duration="00:00:09.7795893" startTime="2014-06-25T20:05:39.2418040+05:30" endTime="2014-06-25T20:05:49.4483878+05:30" testType="13cdc9d9-ddb5-4fa4-a97d-d965ccfc6d4b" outcome="Passed" testListId="8c84fa94-04c1-424b-9868-57a2d4851a1d" relativeResultsDirectory="cfef2f6a-0f1d-45fb-9935-a508934fad3f" resultType="DataDrivenTest">
      <Counters error="0" failed="0" timeout="0" aborted="0" inconclusive="0" passedButRunAborted="0" notRunnable="0" notExecuted="0" disconnected="0" warning="0" passed="10" completed="0" inProgress="0" pending="0" />
      <InnerResults>
        <UnitTestResult executionId="c17a3db8-96b6-45c4-ae27-4e1f3e034f24" parentExecutionId="cfef2f6a-0f1d-45fb-9935-a508934fad3f" testId="0bc2f98c-98f5-f190-c78c-c00d94c547a1" testName="third_person_tenses_active" computerName="ARPAN-LAP" duration="00:00:09.5145814" startTime="2014-06-25T20:05:39.6378266+05:30" endTime="2014-06-25T20:05:49.1583712+05:30" testType="13cdc9d9-ddb5-4fa4-a97d-d965ccfc6d4b" outcome="Passed" testListId="8c84fa94-04c1-424b-9868-57a2d4851a1d" relativeResultsDirectory="cfef2f6a-0f1d-45fb-9935-a508934fad3f" dataRowInfo="0" resultType="DataDrivenDataRow" />
        <UnitTestResult executionId="758c5196-b4f9-4276-9124-ffa702ec11e8" parentExecutionId="cfef2f6a-0f1d-45fb-9935-a508934fad3f" testId="0bc2f98c-98f5-f190-c78c-c00d94c547a1" testName="third_person_tenses_active" computerName="ARPAN-LAP" duration="00:00:00.0177339" startTime="2014-06-25T20:05:49.1583712+05:30" endTime="2014-06-25T20:05:49.1763722+05:30" testType="13cdc9d9-ddb5-4fa4-a97d-d965ccfc6d4b" outcome="Passed" testListId="8c84fa94-04c1-424b-9868-57a2d4851a1d" relativeResultsDirectory="cfef2f6a-0f1d-45fb-9935-a508934fad3f" dataRowInfo="1" resultType="DataDrivenDataRow" />
        <UnitTestResult executionId="5e841050-60f2-4b1f-ad54-40a0c57707d5" parentExecutionId="cfef2f6a-0f1d-45fb-9935-a508934fad3f" testId="0bc2f98c-98f5-f190-c78c-c00d94c547a1" testName="third_person_tenses_active" computerName="ARPAN-LAP" duration="00:00:00.0638659" startTime="2014-06-25T20:05:49.1763722+05:30" endTime="2014-06-25T20:05:49.2403759+05:30" testType="13cdc9d9-ddb5-4fa4-a97d-d965ccfc6d4b" outcome="Passed" testListId="8c84fa94-04c1-424b-9868-57a2d4851a1d" relativeResultsDirectory="cfef2f6a-0f1d-45fb-9935-a508934fad3f" dataRowInfo="2" resultType="DataDrivenDataRow" />
        <UnitTestResult executionId="b2bf8238-1628-49b2-bf68-e1a82bfa7299" parentExecutionId="cfef2f6a-0f1d-45fb-9935-a508934fad3f" testId="0bc2f98c-98f5-f190-c78c-c00d94c547a1" testName="third_person_tenses_active" computerName="ARPAN-LAP" duration="00:00:00.0446671" startTime="2014-06-25T20:05:49.2403759+05:30" endTime="2014-06-25T20:05:49.2853784+05:30" testType="13cdc9d9-ddb5-4fa4-a97d-d965ccfc6d4b" outcome="Passed" testListId="8c84fa94-04c1-424b-9868-57a2d4851a1d" relativeResultsDirectory="cfef2f6a-0f1d-45fb-9935-a508934fad3f" dataRowInfo="3" resultType="DataDrivenDataRow" />
        <UnitTestResult executionId="7791ab63-aa9f-4a23-aaca-0ca82828532f" parentExecutionId="cfef2f6a-0f1d-45fb-9935-a508934fad3f" testId="0bc2f98c-98f5-f190-c78c-c00d94c547a1" testName="third_person_tenses_active" computerName="ARPAN-LAP" duration="00:00:00.0160591" startTime="2014-06-25T20:05:49.2853784+05:30" endTime="2014-06-25T20:05:49.3013794+05:30" testType="13cdc9d9-ddb5-4fa4-a97d-d965ccfc6d4b" outcome="Passed" testListId="8c84fa94-04c1-424b-9868-57a2d4851a1d" relativeResultsDirectory="cfef2f6a-0f1d-45fb-9935-a508934fad3f" dataRowInfo="4" resultType="DataDrivenDataRow" />
        <UnitTestResult executionId="4838387d-71b0-41c5-9e33-d9df35ad35f6" parentExecutionId="cfef2f6a-0f1d-45fb-9935-a508934fad3f" testId="0bc2f98c-98f5-f190-c78c-c00d94c547a1" testName="third_person_tenses_active" computerName="ARPAN-LAP" duration="00:00:00.0192603" startTime="2014-06-25T20:05:49.3013794+05:30" endTime="2014-06-25T20:05:49.3203804+05:30" testType="13cdc9d9-ddb5-4fa4-a97d-d965ccfc6d4b" outcome="Passed" testListId="8c84fa94-04c1-424b-9868-57a2d4851a1d" relativeResultsDirectory="cfef2f6a-0f1d-45fb-9935-a508934fad3f" dataRowInfo="5" resultType="DataDrivenDataRow" />
        <UnitTestResult executionId="b5b11dfa-1b37-4662-815e-1c0b867348c0" parentExecutionId="cfef2f6a-0f1d-45fb-9935-a508934fad3f" testId="0bc2f98c-98f5-f190-c78c-c00d94c547a1" testName="third_person_tenses_active" computerName="ARPAN-LAP" duration="00:00:00.0169783" startTime="2014-06-25T20:05:49.3203804+05:30" endTime="2014-06-25T20:05:49.3373814+05:30" testType="13cdc9d9-ddb5-4fa4-a97d-d965ccfc6d4b" outcome="Passed" testListId="8c84fa94-04c1-424b-9868-57a2d4851a1d" relativeResultsDirectory="cfef2f6a-0f1d-45fb-9935-a508934fad3f" dataRowInfo="6" resultType="DataDrivenDataRow" />
        <UnitTestResult executionId="a78321ba-5518-415e-9a98-e129d09a36e8" parentExecutionId="cfef2f6a-0f1d-45fb-9935-a508934fad3f" testId="0bc2f98c-98f5-f190-c78c-c00d94c547a1" testName="third_person_tenses_active" computerName="ARPAN-LAP" duration="00:00:00.0240055" startTime="2014-06-25T20:05:49.3373814+05:30" endTime="2014-06-25T20:05:49.3613828+05:30" testType="13cdc9d9-ddb5-4fa4-a97d-d965ccfc6d4b" outcome="Passed" testListId="8c84fa94-04c1-424b-9868-57a2d4851a1d" relativeResultsDirectory="cfef2f6a-0f1d-45fb-9935-a508934fad3f" dataRowInfo="7" resultType="DataDrivenDataRow" />
        <UnitTestResult executionId="6dda71a7-b7eb-4c4b-a552-ae025c8172a3" parentExecutionId="cfef2f6a-0f1d-45fb-9935-a508934fad3f" testId="0bc2f98c-98f5-f190-c78c-c00d94c547a1" testName="third_person_tenses_active" computerName="ARPAN-LAP" duration="00:00:00.0192860" startTime="2014-06-25T20:05:49.3613828+05:30" endTime="2014-06-25T20:05:49.3813839+05:30" testType="13cdc9d9-ddb5-4fa4-a97d-d965ccfc6d4b" outcome="Passed" testListId="8c84fa94-04c1-424b-9868-57a2d4851a1d" relativeResultsDirectory="cfef2f6a-0f1d-45fb-9935-a508934fad3f" dataRowInfo="8" resultType="DataDrivenDataRow" />
        <UnitTestResult executionId="68fb3a56-4426-4137-a149-3f48b4534d06" parentExecutionId="cfef2f6a-0f1d-45fb-9935-a508934fad3f" testId="0bc2f98c-98f5-f190-c78c-c00d94c547a1" testName="third_person_tenses_active" computerName="ARPAN-LAP" duration="00:00:00.0222902" startTime="2014-06-25T20:05:49.3813839+05:30" endTime="2014-06-25T20:05:49.4033852+05:30" testType="13cdc9d9-ddb5-4fa4-a97d-d965ccfc6d4b" outcome="Passed" testListId="8c84fa94-04c1-424b-9868-57a2d4851a1d" relativeResultsDirectory="cfef2f6a-0f1d-45fb-9935-a508934fad3f" dataRowInfo="9" resultType="DataDrivenDataRow" />
      </InnerResults>
    </UnitTestResult>
    <UnitTestResult executionId="f89e4267-6881-45a3-8293-64bd605ff0a6" testId="0f337a75-1a2d-d9c3-6c5f-23ed2604b69d" testName="prepositions_made_with_two_words" computerName="ARPAN-LAP" duration="00:00:00.1321038" startTime="2014-06-25T20:05:49.4493878+05:30" endTime="2014-06-25T20:05:49.6003965+05:30" testType="13cdc9d9-ddb5-4fa4-a97d-d965ccfc6d4b" outcome="Passed" testListId="8c84fa94-04c1-424b-9868-57a2d4851a1d" relativeResultsDirectory="f89e4267-6881-45a3-8293-64bd605ff0a6" resultType="DataDrivenTest">
      <Counters error="0" failed="0" timeout="0" aborted="0" inconclusive="0" passedButRunAborted="0" notRunnable="0" notExecuted="0" disconnected="0" warning="0" passed="3" completed="0" inProgress="0" pending="0" />
      <InnerResults>
        <UnitTestResult executionId="98433782-6016-4d33-ae70-a3ea59bdc9da" parentExecutionId="f89e4267-6881-45a3-8293-64bd605ff0a6" testId="0f337a75-1a2d-d9c3-6c5f-23ed2604b69d" testName="prepositions_made_with_two_words" computerName="ARPAN-LAP" duration="00:00:00.0392336" startTime="2014-06-25T20:05:49.4573883+05:30" endTime="2014-06-25T20:05:49.4963905+05:30" testType="13cdc9d9-ddb5-4fa4-a97d-d965ccfc6d4b" outcome="Passed" testListId="8c84fa94-04c1-424b-9868-57a2d4851a1d" relativeResultsDirectory="f89e4267-6881-45a3-8293-64bd605ff0a6" dataRowInfo="0" resultType="DataDrivenDataRow" />
        <UnitTestResult executionId="95f84cc3-e6dd-4fa2-9609-4da2192f0858" parentExecutionId="f89e4267-6881-45a3-8293-64bd605ff0a6" testId="0f337a75-1a2d-d9c3-6c5f-23ed2604b69d" testName="prepositions_made_with_two_words" computerName="ARPAN-LAP" duration="00:00:00.0457609" startTime="2014-06-25T20:05:49.4973906+05:30" endTime="2014-06-25T20:05:49.5423931+05:30" testType="13cdc9d9-ddb5-4fa4-a97d-d965ccfc6d4b" outcome="Passed" testListId="8c84fa94-04c1-424b-9868-57a2d4851a1d" relativeResultsDirectory="f89e4267-6881-45a3-8293-64bd605ff0a6" dataRowInfo="1" resultType="DataDrivenDataRow" />
        <UnitTestResult executionId="d12bab86-1118-4cce-8634-3715158060a2" parentExecutionId="f89e4267-6881-45a3-8293-64bd605ff0a6" testId="0f337a75-1a2d-d9c3-6c5f-23ed2604b69d" testName="prepositions_made_with_two_words" computerName="ARPAN-LAP" duration="00:00:00.0451506" startTime="2014-06-25T20:05:49.5423931+05:30" endTime="2014-06-25T20:05:49.5873957+05:30" testType="13cdc9d9-ddb5-4fa4-a97d-d965ccfc6d4b" outcome="Passed" testListId="8c84fa94-04c1-424b-9868-57a2d4851a1d" relativeResultsDirectory="f89e4267-6881-45a3-8293-64bd605ff0a6" dataRowInfo="2" resultType="DataDrivenDataRow" />
      </InnerResults>
    </UnitTestResult>
    <UnitTestResult executionId="87797624-ba52-4c34-81ae-bb431437f60a" testId="0f33848d-a900-d644-7498-2526887b5425" testName="prepositions_made_with_three_words" computerName="ARPAN-LAP" duration="00:00:00.1954539" startTime="2014-06-25T20:05:49.6073969+05:30" endTime="2014-06-25T20:05:49.8214091+05:30" testType="13cdc9d9-ddb5-4fa4-a97d-d965ccfc6d4b" outcome="Passed" testListId="8c84fa94-04c1-424b-9868-57a2d4851a1d" relativeResultsDirectory="87797624-ba52-4c34-81ae-bb431437f60a" resultType="DataDrivenTest">
      <Counters error="0" failed="0" timeout="0" aborted="0" inconclusive="0" passedButRunAborted="0" notRunnable="0" notExecuted="0" disconnected="0" warning="0" passed="4" completed="0" inProgress="0" pending="0" />
      <InnerResults>
        <UnitTestResult executionId="37559e3e-618c-4ae7-a36e-2af7be2eb8ec" parentExecutionId="87797624-ba52-4c34-81ae-bb431437f60a" testId="0f33848d-a900-d644-7498-2526887b5425" testName="prepositions_made_with_three_words" computerName="ARPAN-LAP" duration="00:00:00.0363773" startTime="2014-06-25T20:05:49.6123971+05:30" endTime="2014-06-25T20:05:49.6483992+05:30" testType="13cdc9d9-ddb5-4fa4-a97d-d965ccfc6d4b" outcome="Passed" testListId="8c84fa94-04c1-424b-9868-57a2d4851a1d" relativeResultsDirectory="87797624-ba52-4c34-81ae-bb431437f60a" dataRowInfo="0" resultType="DataDrivenDataRow" />
        <UnitTestResult executionId="73772912-40e2-4f72-8195-907a40da698b" parentExecutionId="87797624-ba52-4c34-81ae-bb431437f60a" testId="0f33848d-a900-d644-7498-2526887b5425" testName="prepositions_made_with_three_words" computerName="ARPAN-LAP" duration="00:00:00.0420268" startTime="2014-06-25T20:05:49.6483992+05:30" endTime="2014-06-25T20:05:49.6904016+05:30" testType="13cdc9d9-ddb5-4fa4-a97d-d965ccfc6d4b" outcome="Passed" testListId="8c84fa94-04c1-424b-9868-57a2d4851a1d" relativeResultsDirectory="87797624-ba52-4c34-81ae-bb431437f60a" dataRowInfo="1" resultType="DataDrivenDataRow" />
        <UnitTestResult executionId="c714fa6b-c703-4eb4-8eef-8e03fc6207a0" parentExecutionId="87797624-ba52-4c34-81ae-bb431437f60a" testId="0f33848d-a900-d644-7498-2526887b5425" testName="prepositions_made_with_three_words" computerName="ARPAN-LAP" duration="00:00:00.0583662" startTime="2014-06-25T20:05:49.6904016+05:30" endTime="2014-06-25T20:05:49.7494050+05:30" testType="13cdc9d9-ddb5-4fa4-a97d-d965ccfc6d4b" outcome="Passed" testListId="8c84fa94-04c1-424b-9868-57a2d4851a1d" relativeResultsDirectory="87797624-ba52-4c34-81ae-bb431437f60a" dataRowInfo="2" resultType="DataDrivenDataRow" />
        <UnitTestResult executionId="982cb318-1f14-429a-b794-bdbfb6bc4d1c" parentExecutionId="87797624-ba52-4c34-81ae-bb431437f60a" testId="0f33848d-a900-d644-7498-2526887b5425" testName="prepositions_made_with_three_words" computerName="ARPAN-LAP" duration="00:00:00.0569327" startTime="2014-06-25T20:05:49.7494050+05:30" endTime="2014-06-25T20:05:49.8064082+05:30" testType="13cdc9d9-ddb5-4fa4-a97d-d965ccfc6d4b" outcome="Passed" testListId="8c84fa94-04c1-424b-9868-57a2d4851a1d" relativeResultsDirectory="87797624-ba52-4c34-81ae-bb431437f60a" dataRowInfo="3" resultType="DataDrivenDataRow" />
      </InnerResults>
    </UnitTestResult>
    <UnitTestResult executionId="d6a05912-fe6b-4913-9c8c-1d8435a4837d" testId="15fe5bf6-5078-81a8-0356-385549390bb7" testName="first_person_tenses_active_negation" computerName="ARPAN-LAP" duration="00:00:00.2650993" startTime="2014-06-25T20:05:49.8284095+05:30" endTime="2014-06-25T20:05:50.1414274+05:30" testType="13cdc9d9-ddb5-4fa4-a97d-d965ccfc6d4b" outcome="Passed" testListId="8c84fa94-04c1-424b-9868-57a2d4851a1d" relativeResultsDirectory="d6a05912-fe6b-4913-9c8c-1d8435a4837d" resultType="DataDrivenTest">
      <Counters error="0" failed="0" timeout="0" aborted="0" inconclusive="0" passedButRunAborted="0" notRunnable="0" notExecuted="0" disconnected="0" warning="0" passed="10" completed="0" inProgress="0" pending="0" />
      <InnerResults>
        <UnitTestResult executionId="0e6ca06b-ed0d-474a-b393-d6481e2a024f" parentExecutionId="d6a05912-fe6b-4913-9c8c-1d8435a4837d" testId="15fe5bf6-5078-81a8-0356-385549390bb7" testName="first_person_tenses_active_negation" computerName="ARPAN-LAP" duration="00:00:00.0247836" startTime="2014-06-25T20:05:49.8324097+05:30" endTime="2014-06-25T20:05:49.8574112+05:30" testType="13cdc9d9-ddb5-4fa4-a97d-d965ccfc6d4b" outcome="Passed" testListId="8c84fa94-04c1-424b-9868-57a2d4851a1d" relativeResultsDirectory="d6a05912-fe6b-4913-9c8c-1d8435a4837d" dataRowInfo="0" resultType="DataDrivenDataRow" />
        <UnitTestResult executionId="8f85ea49-0a45-46b5-a78e-8e79e8f3d933" parentExecutionId="d6a05912-fe6b-4913-9c8c-1d8435a4837d" testId="15fe5bf6-5078-81a8-0356-385549390bb7" testName="first_person_tenses_active_negation" computerName="ARPAN-LAP" duration="00:00:00.0259652" startTime="2014-06-25T20:05:49.8574112+05:30" endTime="2014-06-25T20:05:49.8834126+05:30" testType="13cdc9d9-ddb5-4fa4-a97d-d965ccfc6d4b" outcome="Passed" testListId="8c84fa94-04c1-424b-9868-57a2d4851a1d" relativeResultsDirectory="d6a05912-fe6b-4913-9c8c-1d8435a4837d" dataRowInfo="1" resultType="DataDrivenDataRow" />
        <UnitTestResult executionId="2339e65f-80f0-43dd-8765-20349e3aa406" parentExecutionId="d6a05912-fe6b-4913-9c8c-1d8435a4837d" testId="15fe5bf6-5078-81a8-0356-385549390bb7" testName="first_person_tenses_active_negation" computerName="ARPAN-LAP" duration="00:00:00.0266144" startTime="2014-06-25T20:05:49.8834126+05:30" endTime="2014-06-25T20:05:49.9104142+05:30" testType="13cdc9d9-ddb5-4fa4-a97d-d965ccfc6d4b" outcome="Passed" testListId="8c84fa94-04c1-424b-9868-57a2d4851a1d" relativeResultsDirectory="d6a05912-fe6b-4913-9c8c-1d8435a4837d" dataRowInfo="2" resultType="DataDrivenDataRow" />
        <UnitTestResult executionId="5719b2b0-74e3-475e-afa5-788d5a256b5f" parentExecutionId="d6a05912-fe6b-4913-9c8c-1d8435a4837d" testId="15fe5bf6-5078-81a8-0356-385549390bb7" testName="first_person_tenses_active_negation" computerName="ARPAN-LAP" duration="00:00:00.0308628" startTime="2014-06-25T20:05:49.9104142+05:30" endTime="2014-06-25T20:05:49.9414160+05:30" testType="13cdc9d9-ddb5-4fa4-a97d-d965ccfc6d4b" outcome="Passed" testListId="8c84fa94-04c1-424b-9868-57a2d4851a1d" relativeResultsDirectory="d6a05912-fe6b-4913-9c8c-1d8435a4837d" dataRowInfo="3" resultType="DataDrivenDataRow" />
        <UnitTestResult executionId="1d62c85d-8d69-4220-85ae-2bad809064d0" parentExecutionId="d6a05912-fe6b-4913-9c8c-1d8435a4837d" testId="15fe5bf6-5078-81a8-0356-385549390bb7" testName="first_person_tenses_active_negation" computerName="ARPAN-LAP" duration="00:00:00.0227059" startTime="2014-06-25T20:05:49.9414160+05:30" endTime="2014-06-25T20:05:49.9644173+05:30" testType="13cdc9d9-ddb5-4fa4-a97d-d965ccfc6d4b" outcome="Passed" testListId="8c84fa94-04c1-424b-9868-57a2d4851a1d" relativeResultsDirectory="d6a05912-fe6b-4913-9c8c-1d8435a4837d" dataRowInfo="4" resultType="DataDrivenDataRow" />
        <UnitTestResult executionId="2d15f345-fa22-4a8d-b63d-23943c2fedf9" parentExecutionId="d6a05912-fe6b-4913-9c8c-1d8435a4837d" testId="15fe5bf6-5078-81a8-0356-385549390bb7" testName="first_person_tenses_active_negation" computerName="ARPAN-LAP" duration="00:00:00.0237663" startTime="2014-06-25T20:05:49.9644173+05:30" endTime="2014-06-25T20:05:49.9874186+05:30" testType="13cdc9d9-ddb5-4fa4-a97d-d965ccfc6d4b" outcome="Passed" testListId="8c84fa94-04c1-424b-9868-57a2d4851a1d" relativeResultsDirectory="d6a05912-fe6b-4913-9c8c-1d8435a4837d" dataRowInfo="5" resultType="DataDrivenDataRow" />
        <UnitTestResult executionId="69884dd6-98de-4751-91ed-df97f68450dc" parentExecutionId="d6a05912-fe6b-4913-9c8c-1d8435a4837d" testId="15fe5bf6-5078-81a8-0356-385549390bb7" testName="first_person_tenses_active_negation" computerName="ARPAN-LAP" duration="00:00:00.0257275" startTime="2014-06-25T20:05:49.9874186+05:30" endTime="2014-06-25T20:05:50.0134201+05:30" testType="13cdc9d9-ddb5-4fa4-a97d-d965ccfc6d4b" outcome="Passed" testListId="8c84fa94-04c1-424b-9868-57a2d4851a1d" relativeResultsDirectory="d6a05912-fe6b-4913-9c8c-1d8435a4837d" dataRowInfo="6" resultType="DataDrivenDataRow" />
        <UnitTestResult executionId="9244049d-ce7a-4964-bdc1-48f899225d9e" parentExecutionId="d6a05912-fe6b-4913-9c8c-1d8435a4837d" testId="15fe5bf6-5078-81a8-0356-385549390bb7" testName="first_person_tenses_active_negation" computerName="ARPAN-LAP" duration="00:00:00.0298070" startTime="2014-06-25T20:05:50.0134201+05:30" endTime="2014-06-25T20:05:50.0434218+05:30" testType="13cdc9d9-ddb5-4fa4-a97d-d965ccfc6d4b" outcome="Passed" testListId="8c84fa94-04c1-424b-9868-57a2d4851a1d" relativeResultsDirectory="d6a05912-fe6b-4913-9c8c-1d8435a4837d" dataRowInfo="7" resultType="DataDrivenDataRow" />
        <UnitTestResult executionId="00393495-b891-4af9-8e9a-77b0be288cea" parentExecutionId="d6a05912-fe6b-4913-9c8c-1d8435a4837d" testId="15fe5bf6-5078-81a8-0356-385549390bb7" testName="first_person_tenses_active_negation" computerName="ARPAN-LAP" duration="00:00:00.0218770" startTime="2014-06-25T20:05:50.0434218+05:30" endTime="2014-06-25T20:05:50.0654231+05:30" testType="13cdc9d9-ddb5-4fa4-a97d-d965ccfc6d4b" outcome="Passed" testListId="8c84fa94-04c1-424b-9868-57a2d4851a1d" relativeResultsDirectory="d6a05912-fe6b-4913-9c8c-1d8435a4837d" dataRowInfo="8" resultType="DataDrivenDataRow" />
        <UnitTestResult executionId="ee26ec67-8d19-4b34-b408-272a5af066a8" parentExecutionId="d6a05912-fe6b-4913-9c8c-1d8435a4837d" testId="15fe5bf6-5078-81a8-0356-385549390bb7" testName="first_person_tenses_active_negation" computerName="ARPAN-LAP" duration="00:00:00.0307555" startTime="2014-06-25T20:05:50.0654231+05:30" endTime="2014-06-25T20:05:50.0964248+05:30" testType="13cdc9d9-ddb5-4fa4-a97d-d965ccfc6d4b" outcome="Passed" testListId="8c84fa94-04c1-424b-9868-57a2d4851a1d" relativeResultsDirectory="d6a05912-fe6b-4913-9c8c-1d8435a4837d" dataRowInfo="9" resultType="DataDrivenDataRow" />
      </InnerResults>
    </UnitTestResult>
    <UnitTestResult executionId="2b7e2de5-6193-4816-944e-a30c9257cda6" testId="1b04a6d6-5350-792c-8eba-a46a0eb28949" testName="interrogative_sentences_why" computerName="ARPAN-LAP" duration="00:00:00.1323866" startTime="2014-06-25T20:05:50.1604285+05:30" endTime="2014-06-25T20:05:50.3084370+05:30" testType="13cdc9d9-ddb5-4fa4-a97d-d965ccfc6d4b" outcome="Failed" testListId="8c84fa94-04c1-424b-9868-57a2d4851a1d" relativeResultsDirectory="2b7e2de5-6193-4816-944e-a30c9257cda6" resultType="DataDrivenTest">
      <Counters error="0" failed="1" timeout="0" aborted="0" inconclusive="0" passedButRunAborted="0" notRunnable="0" notExecuted="0" disconnected="0" warning="0" passed="2" completed="0" inProgress="0" pending="0" />
      <InnerResults>
        <UnitTestResult executionId="4fa3381d-0240-48f2-b094-820d5a4d777c" parentExecutionId="2b7e2de5-6193-4816-944e-a30c9257cda6" testId="1b04a6d6-5350-792c-8eba-a46a0eb28949" testName="interrogative_sentences_why" computerName="ARPAN-LAP" duration="00:00:00.0699507" startTime="2014-06-25T20:05:50.1674289+05:30" endTime="2014-06-25T20:05:50.2374329+05:30" testType="13cdc9d9-ddb5-4fa4-a97d-d965ccfc6d4b" outcome="Failed" testListId="8c84fa94-04c1-424b-9868-57a2d4851a1d" relativeResultsDirectory="2b7e2de5-6193-4816-944e-a30c9257cda6" dataRowInfo="0" resultType="DataDrivenDataRow">
          <Output>
            <ErrorInfo>
              <Message>Assert.AreEqual failed. Expected:&lt;কেন আপনি দেরিতে আজ ?&gt;. Actual:&lt;দেরিতে আজ আপনি কেন ?&gt;. Why are you late today?</Message>
              <StackTrace>   at UnitTest.BnlpTest.interrogative_sentences_why() in D:\software\Project\BNLP\UnitTest\BnlpTest.cs:line 382
</StackTrace>
            </ErrorInfo>
          </Output>
        </UnitTestResult>
        <UnitTestResult executionId="1877efdd-2ecb-44af-89db-f863e2c04126" parentExecutionId="2b7e2de5-6193-4816-944e-a30c9257cda6" testId="1b04a6d6-5350-792c-8eba-a46a0eb28949" testName="interrogative_sentences_why" computerName="ARPAN-LAP" duration="00:00:00.0329774" startTime="2014-06-25T20:05:50.2374329+05:30" endTime="2014-06-25T20:05:50.2704348+05:30" testType="13cdc9d9-ddb5-4fa4-a97d-d965ccfc6d4b" outcome="Passed" testListId="8c84fa94-04c1-424b-9868-57a2d4851a1d" relativeResultsDirectory="2b7e2de5-6193-4816-944e-a30c9257cda6" dataRowInfo="1" resultType="DataDrivenDataRow" />
        <UnitTestResult executionId="110e1058-0352-4be0-b8fa-f7f28505e151" parentExecutionId="2b7e2de5-6193-4816-944e-a30c9257cda6" testId="1b04a6d6-5350-792c-8eba-a46a0eb28949" testName="interrogative_sentences_why" computerName="ARPAN-LAP" duration="00:00:00.0262911" startTime="2014-06-25T20:05:50.2704348+05:30" endTime="2014-06-25T20:05:50.2964363+05:30" testType="13cdc9d9-ddb5-4fa4-a97d-d965ccfc6d4b" outcome="Passed" testListId="8c84fa94-04c1-424b-9868-57a2d4851a1d" relativeResultsDirectory="2b7e2de5-6193-4816-944e-a30c9257cda6" dataRowInfo="2" resultType="DataDrivenDataRow" />
      </InnerResults>
    </UnitTestResult>
    <UnitTestResult executionId="318200e2-3d1c-4dd3-9156-c323684754dc" testId="1d63c318-78a9-9011-f5c0-0b01884a2881" testName="interrogative_sentences_do" computerName="ARPAN-LAP" duration="00:00:00.2512636" startTime="2014-06-25T20:05:50.3194376+05:30" endTime="2014-06-25T20:05:50.6074541+05:30" testType="13cdc9d9-ddb5-4fa4-a97d-d965ccfc6d4b" outcome="Passed" testListId="8c84fa94-04c1-424b-9868-57a2d4851a1d" relativeResultsDirectory="318200e2-3d1c-4dd3-9156-c323684754dc" resultType="DataDrivenTest">
      <Counters error="0" failed="0" timeout="0" aborted="0" inconclusive="0" passedButRunAborted="0" notRunnable="0" notExecuted="0" disconnected="0" warning="0" passed="9" completed="0" inProgress="0" pending="0" />
      <InnerResults>
        <UnitTestResult executionId="1f367c12-89a6-4ffd-b2d1-d20c82cb03b8" parentExecutionId="318200e2-3d1c-4dd3-9156-c323684754dc" testId="1d63c318-78a9-9011-f5c0-0b01884a2881" testName="interrogative_sentences_do" computerName="ARPAN-LAP" duration="00:00:00.0259200" startTime="2014-06-25T20:05:50.3304382+05:30" endTime="2014-06-25T20:05:50.3564397+05:30" testType="13cdc9d9-ddb5-4fa4-a97d-d965ccfc6d4b" outcome="Passed" testListId="8c84fa94-04c1-424b-9868-57a2d4851a1d" relativeResultsDirectory="318200e2-3d1c-4dd3-9156-c323684754dc" dataRowInfo="0" resultType="DataDrivenDataRow" />
        <UnitTestResult executionId="802a91e6-c5b3-40e6-b06a-ff3517ff4588" parentExecutionId="318200e2-3d1c-4dd3-9156-c323684754dc" testId="1d63c318-78a9-9011-f5c0-0b01884a2881" testName="interrogative_sentences_do" computerName="ARPAN-LAP" duration="00:00:00.0253395" startTime="2014-06-25T20:05:50.3564397+05:30" endTime="2014-06-25T20:05:50.3814411+05:30" testType="13cdc9d9-ddb5-4fa4-a97d-d965ccfc6d4b" outcome="Passed" testListId="8c84fa94-04c1-424b-9868-57a2d4851a1d" relativeResultsDirectory="318200e2-3d1c-4dd3-9156-c323684754dc" dataRowInfo="1" resultType="DataDrivenDataRow" />
        <UnitTestResult executionId="51a7da66-7e1d-4bfa-a3e3-bff2719e6c42" parentExecutionId="318200e2-3d1c-4dd3-9156-c323684754dc" testId="1d63c318-78a9-9011-f5c0-0b01884a2881" testName="interrogative_sentences_do" computerName="ARPAN-LAP" duration="00:00:00.0226910" startTime="2014-06-25T20:05:50.3814411+05:30" endTime="2014-06-25T20:05:50.4044424+05:30" testType="13cdc9d9-ddb5-4fa4-a97d-d965ccfc6d4b" outcome="Passed" testListId="8c84fa94-04c1-424b-9868-57a2d4851a1d" relativeResultsDirectory="318200e2-3d1c-4dd3-9156-c323684754dc" dataRowInfo="2" resultType="DataDrivenDataRow" />
        <UnitTestResult executionId="95a6d176-13bf-4ee8-a054-1c63377cd7ef" parentExecutionId="318200e2-3d1c-4dd3-9156-c323684754dc" testId="1d63c318-78a9-9011-f5c0-0b01884a2881" testName="interrogative_sentences_do" computerName="ARPAN-LAP" duration="00:00:00.0268649" startTime="2014-06-25T20:05:50.4044424+05:30" endTime="2014-06-25T20:05:50.4314440+05:30" testType="13cdc9d9-ddb5-4fa4-a97d-d965ccfc6d4b" outcome="Passed" testListId="8c84fa94-04c1-424b-9868-57a2d4851a1d" relativeResultsDirectory="318200e2-3d1c-4dd3-9156-c323684754dc" dataRowInfo="3" resultType="DataDrivenDataRow" />
        <UnitTestResult executionId="4c28732e-1b75-49e9-aec5-aff05bc8f7d3" parentExecutionId="318200e2-3d1c-4dd3-9156-c323684754dc" testId="1d63c318-78a9-9011-f5c0-0b01884a2881" testName="interrogative_sentences_do" computerName="ARPAN-LAP" duration="00:00:00.0302217" startTime="2014-06-25T20:05:50.4314440+05:30" endTime="2014-06-25T20:05:50.4614457+05:30" testType="13cdc9d9-ddb5-4fa4-a97d-d965ccfc6d4b" outcome="Passed" testListId="8c84fa94-04c1-424b-9868-57a2d4851a1d" relativeResultsDirectory="318200e2-3d1c-4dd3-9156-c323684754dc" dataRowInfo="4" resultType="DataDrivenDataRow" />
        <UnitTestResult executionId="bee145d0-4538-4b82-a61a-d1c89860dcfc" parentExecutionId="318200e2-3d1c-4dd3-9156-c323684754dc" testId="1d63c318-78a9-9011-f5c0-0b01884a2881" testName="interrogative_sentences_do" computerName="ARPAN-LAP" duration="00:00:00.0391079" startTime="2014-06-25T20:05:50.4614457+05:30" endTime="2014-06-25T20:05:50.5004479+05:30" testType="13cdc9d9-ddb5-4fa4-a97d-d965ccfc6d4b" outcome="Passed" testListId="8c84fa94-04c1-424b-9868-57a2d4851a1d" relativeResultsDirectory="318200e2-3d1c-4dd3-9156-c323684754dc" dataRowInfo="5" resultType="DataDrivenDataRow" />
        <UnitTestResult executionId="366d1dfd-fca6-4ef6-ac90-d2facbbd6890" parentExecutionId="318200e2-3d1c-4dd3-9156-c323684754dc" testId="1d63c318-78a9-9011-f5c0-0b01884a2881" testName="interrogative_sentences_do" computerName="ARPAN-LAP" duration="00:00:00.0265790" startTime="2014-06-25T20:05:50.5004479+05:30" endTime="2014-06-25T20:05:50.5274495+05:30" testType="13cdc9d9-ddb5-4fa4-a97d-d965ccfc6d4b" outcome="Passed" testListId="8c84fa94-04c1-424b-9868-57a2d4851a1d" relativeResultsDirectory="318200e2-3d1c-4dd3-9156-c323684754dc" dataRowInfo="6" resultType="DataDrivenDataRow" />
        <UnitTestResult executionId="a24b0d38-cde1-407f-a0b9-b9e9ad57823b" parentExecutionId="318200e2-3d1c-4dd3-9156-c323684754dc" testId="1d63c318-78a9-9011-f5c0-0b01884a2881" testName="interrogative_sentences_do" computerName="ARPAN-LAP" duration="00:00:00.0256906" startTime="2014-06-25T20:05:50.5274495+05:30" endTime="2014-06-25T20:05:50.5524509+05:30" testType="13cdc9d9-ddb5-4fa4-a97d-d965ccfc6d4b" outcome="Passed" testListId="8c84fa94-04c1-424b-9868-57a2d4851a1d" relativeResultsDirectory="318200e2-3d1c-4dd3-9156-c323684754dc" dataRowInfo="7" resultType="DataDrivenDataRow" />
        <UnitTestResult executionId="732f5055-971b-43bb-bc89-cf452b5af1f9" parentExecutionId="318200e2-3d1c-4dd3-9156-c323684754dc" testId="1d63c318-78a9-9011-f5c0-0b01884a2881" testName="interrogative_sentences_do" computerName="ARPAN-LAP" duration="00:00:00.0266504" startTime="2014-06-25T20:05:50.5524509+05:30" endTime="2014-06-25T20:05:50.5794525+05:30" testType="13cdc9d9-ddb5-4fa4-a97d-d965ccfc6d4b" outcome="Passed" testListId="8c84fa94-04c1-424b-9868-57a2d4851a1d" relativeResultsDirectory="318200e2-3d1c-4dd3-9156-c323684754dc" dataRowInfo="8" resultType="DataDrivenDataRow" />
      </InnerResults>
    </UnitTestResult>
    <UnitTestResult executionId="1079be95-ac97-4735-8f96-a0c5fadcdf28" testId="227f20ae-8e76-eb71-39b2-4ada3ce6aba8" testName="interrogative_sentences_how" computerName="ARPAN-LAP" duration="00:00:00.5803618" startTime="2014-06-25T20:05:50.6174546+05:30" endTime="2014-06-25T20:05:51.2524910+05:30" testType="13cdc9d9-ddb5-4fa4-a97d-d965ccfc6d4b" outcome="Failed" testListId="8c84fa94-04c1-424b-9868-57a2d4851a1d" relativeResultsDirectory="1079be95-ac97-4735-8f96-a0c5fadcdf28" resultType="DataDrivenTest">
      <Counters error="0" failed="3" timeout="0" aborted="0" inconclusive="0" passedButRunAborted="0" notRunnable="0" notExecuted="0" disconnected="0" warning="0" passed="15" completed="0" inProgress="0" pending="0" />
      <InnerResults>
        <UnitTestResult executionId="d054e892-497d-409f-a5d3-cf690ca54237" parentExecutionId="1079be95-ac97-4735-8f96-a0c5fadcdf28" testId="227f20ae-8e76-eb71-39b2-4ada3ce6aba8" testName="interrogative_sentences_how" computerName="ARPAN-LAP" duration="00:00:00.0207339" startTime="2014-06-25T20:05:50.6224549+05:30" endTime="2014-06-25T20:05:50.6434561+05:30" testType="13cdc9d9-ddb5-4fa4-a97d-d965ccfc6d4b" outcome="Passed" testListId="8c84fa94-04c1-424b-9868-57a2d4851a1d" relativeResultsDirectory="1079be95-ac97-4735-8f96-a0c5fadcdf28" dataRowInfo="0" resultType="DataDrivenDataRow" />
        <UnitTestResult executionId="641a0f80-42a3-4345-a56d-bec784590e6f" parentExecutionId="1079be95-ac97-4735-8f96-a0c5fadcdf28" testId="227f20ae-8e76-eb71-39b2-4ada3ce6aba8" testName="interrogative_sentences_how" computerName="ARPAN-LAP" duration="00:00:00.0193548" startTime="2014-06-25T20:05:50.6434561+05:30" endTime="2014-06-25T20:05:50.6624572+05:30" testType="13cdc9d9-ddb5-4fa4-a97d-d965ccfc6d4b" outcome="Passed" testListId="8c84fa94-04c1-424b-9868-57a2d4851a1d" relativeResultsDirectory="1079be95-ac97-4735-8f96-a0c5fadcdf28" dataRowInfo="1" resultType="DataDrivenDataRow" />
        <UnitTestResult executionId="6938f5ac-8401-4060-a0ca-459b85df5cc7" parentExecutionId="1079be95-ac97-4735-8f96-a0c5fadcdf28" testId="227f20ae-8e76-eb71-39b2-4ada3ce6aba8" testName="interrogative_sentences_how" computerName="ARPAN-LAP" duration="00:00:00.0274798" startTime="2014-06-25T20:05:50.6624572+05:30" endTime="2014-06-25T20:05:50.6904588+05:30" testType="13cdc9d9-ddb5-4fa4-a97d-d965ccfc6d4b" outcome="Failed" testListId="8c84fa94-04c1-424b-9868-57a2d4851a1d" relativeResultsDirectory="1079be95-ac97-4735-8f96-a0c5fadcdf28" dataRowInfo="2" resultType="DataDrivenDataRow">
          <Output>
            <ErrorInfo>
              <Message>Assert.AreEqual failed. Expected:&lt;এই মেশিন কাজটি কিভাবে করে ?&gt;. Actual:&lt;এই মেশিনটি করে কিভাবে কাজ ?&gt;. How does this machine work?</Message>
              <StackTrace>   at UnitTest.BnlpTest.interrogative_sentences_how() in D:\software\Project\BNLP\UnitTest\BnlpTest.cs:line 274
</StackTrace>
            </ErrorInfo>
          </Output>
        </UnitTestResult>
        <UnitTestResult executionId="bdc2962a-dbdf-4ee0-bfdc-6f1e5ba4a9cb" parentExecutionId="1079be95-ac97-4735-8f96-a0c5fadcdf28" testId="227f20ae-8e76-eb71-39b2-4ada3ce6aba8" testName="interrogative_sentences_how" computerName="ARPAN-LAP" duration="00:00:00.0494159" startTime="2014-06-25T20:05:50.6904588+05:30" endTime="2014-06-25T20:05:50.7394616+05:30" testType="13cdc9d9-ddb5-4fa4-a97d-d965ccfc6d4b" outcome="Passed" testListId="8c84fa94-04c1-424b-9868-57a2d4851a1d" relativeResultsDirectory="1079be95-ac97-4735-8f96-a0c5fadcdf28" dataRowInfo="3" resultType="DataDrivenDataRow" />
        <UnitTestResult executionId="4b8deff8-5b34-4aa6-8746-4251f50ca515" parentExecutionId="1079be95-ac97-4735-8f96-a0c5fadcdf28" testId="227f20ae-8e76-eb71-39b2-4ada3ce6aba8" testName="interrogative_sentences_how" computerName="ARPAN-LAP" duration="00:00:00.0357147" startTime="2014-06-25T20:05:50.7394616+05:30" endTime="2014-06-25T20:05:50.7754637+05:30" testType="13cdc9d9-ddb5-4fa4-a97d-d965ccfc6d4b" outcome="Passed" testListId="8c84fa94-04c1-424b-9868-57a2d4851a1d" relativeResultsDirectory="1079be95-ac97-4735-8f96-a0c5fadcdf28" dataRowInfo="4" resultType="DataDrivenDataRow" />
        <UnitTestResult executionId="0167c0da-8f5f-45b8-afa4-622cc5336228" parentExecutionId="1079be95-ac97-4735-8f96-a0c5fadcdf28" testId="227f20ae-8e76-eb71-39b2-4ada3ce6aba8" testName="interrogative_sentences_how" computerName="ARPAN-LAP" duration="00:00:00.0284170" startTime="2014-06-25T20:05:50.7754637+05:30" endTime="2014-06-25T20:05:50.8034653+05:30" testType="13cdc9d9-ddb5-4fa4-a97d-d965ccfc6d4b" outcome="Passed" testListId="8c84fa94-04c1-424b-9868-57a2d4851a1d" relativeResultsDirectory="1079be95-ac97-4735-8f96-a0c5fadcdf28" dataRowInfo="5" resultType="DataDrivenDataRow" />
        <UnitTestResult executionId="351583c6-1bdd-45fe-85a2-c2cee22f08ab" parentExecutionId="1079be95-ac97-4735-8f96-a0c5fadcdf28" testId="227f20ae-8e76-eb71-39b2-4ada3ce6aba8" testName="interrogative_sentences_how" computerName="ARPAN-LAP" duration="00:00:00.0366935" startTime="2014-06-25T20:05:50.8034653+05:30" endTime="2014-06-25T20:05:50.8404674+05:30" testType="13cdc9d9-ddb5-4fa4-a97d-d965ccfc6d4b" outcome="Passed" testListId="8c84fa94-04c1-424b-9868-57a2d4851a1d" relativeResultsDirectory="1079be95-ac97-4735-8f96-a0c5fadcdf28" dataRowInfo="6" resultType="DataDrivenDataRow" />
        <UnitTestResult executionId="1c42ae4a-fe8d-4009-bb22-78f1780dc00f" parentExecutionId="1079be95-ac97-4735-8f96-a0c5fadcdf28" testId="227f20ae-8e76-eb71-39b2-4ada3ce6aba8" testName="interrogative_sentences_how" computerName="ARPAN-LAP" duration="00:00:00.0276476" startTime="2014-06-25T20:05:50.8404674+05:30" endTime="2014-06-25T20:05:50.8684690+05:30" testType="13cdc9d9-ddb5-4fa4-a97d-d965ccfc6d4b" outcome="Passed" testListId="8c84fa94-04c1-424b-9868-57a2d4851a1d" relativeResultsDirectory="1079be95-ac97-4735-8f96-a0c5fadcdf28" dataRowInfo="7" resultType="DataDrivenDataRow" />
        <UnitTestResult executionId="ee2e15b6-b0c3-4a3d-b392-f1a761547740" parentExecutionId="1079be95-ac97-4735-8f96-a0c5fadcdf28" testId="227f20ae-8e76-eb71-39b2-4ada3ce6aba8" testName="interrogative_sentences_how" computerName="ARPAN-LAP" duration="00:00:00.0393974" startTime="2014-06-25T20:05:50.8684690+05:30" endTime="2014-06-25T20:05:50.9074712+05:30" testType="13cdc9d9-ddb5-4fa4-a97d-d965ccfc6d4b" outcome="Passed" testListId="8c84fa94-04c1-424b-9868-57a2d4851a1d" relativeResultsDirectory="1079be95-ac97-4735-8f96-a0c5fadcdf28" dataRowInfo="8" resultType="DataDrivenDataRow" />
        <UnitTestResult executionId="5905ea61-ef66-403e-a6ae-8e4001528d1b" parentExecutionId="1079be95-ac97-4735-8f96-a0c5fadcdf28" testId="227f20ae-8e76-eb71-39b2-4ada3ce6aba8" testName="interrogative_sentences_how" computerName="ARPAN-LAP" duration="00:00:00.0406610" startTime="2014-06-25T20:05:50.9074712+05:30" endTime="2014-06-25T20:05:50.9484736+05:30" testType="13cdc9d9-ddb5-4fa4-a97d-d965ccfc6d4b" outcome="Passed" testListId="8c84fa94-04c1-424b-9868-57a2d4851a1d" relativeResultsDirectory="1079be95-ac97-4735-8f96-a0c5fadcdf28" dataRowInfo="9" resultType="DataDrivenDataRow" />
        <UnitTestResult executionId="b6e6fc89-ba9a-4342-aa8c-76f8f9c25024" parentExecutionId="1079be95-ac97-4735-8f96-a0c5fadcdf28" testId="227f20ae-8e76-eb71-39b2-4ada3ce6aba8" testName="interrogative_sentences_how" computerName="ARPAN-LAP" duration="00:00:00.0375588" startTime="2014-06-25T20:05:50.9484736+05:30" endTime="2014-06-25T20:05:50.9864757+05:30" testType="13cdc9d9-ddb5-4fa4-a97d-d965ccfc6d4b" outcome="Passed" testListId="8c84fa94-04c1-424b-9868-57a2d4851a1d" relativeResultsDirectory="1079be95-ac97-4735-8f96-a0c5fadcdf28" dataRowInfo="10" resultType="DataDrivenDataRow" />
        <UnitTestResult executionId="f68b59fa-ec1b-4ce1-b955-01b791b61161" parentExecutionId="1079be95-ac97-4735-8f96-a0c5fadcdf28" testId="227f20ae-8e76-eb71-39b2-4ada3ce6aba8" testName="interrogative_sentences_how" computerName="ARPAN-LAP" duration="00:00:00.0265600" startTime="2014-06-25T20:05:50.9864757+05:30" endTime="2014-06-25T20:05:51.0124772+05:30" testType="13cdc9d9-ddb5-4fa4-a97d-d965ccfc6d4b" outcome="Passed" testListId="8c84fa94-04c1-424b-9868-57a2d4851a1d" relativeResultsDirectory="1079be95-ac97-4735-8f96-a0c5fadcdf28" dataRowInfo="11" resultType="DataDrivenDataRow" />
        <UnitTestResult executionId="24078656-8fa5-491e-ad2f-3641d3c0d91a" parentExecutionId="1079be95-ac97-4735-8f96-a0c5fadcdf28" testId="227f20ae-8e76-eb71-39b2-4ada3ce6aba8" testName="interrogative_sentences_how" computerName="ARPAN-LAP" duration="00:00:00.0249643" startTime="2014-06-25T20:05:51.0124772+05:30" endTime="2014-06-25T20:05:51.0374787+05:30" testType="13cdc9d9-ddb5-4fa4-a97d-d965ccfc6d4b" outcome="Failed" testListId="8c84fa94-04c1-424b-9868-57a2d4851a1d" relativeResultsDirectory="1079be95-ac97-4735-8f96-a0c5fadcdf28" dataRowInfo="12" resultType="DataDrivenDataRow">
          <Output>
            <ErrorInfo>
              <Message>Assert.AreEqual failed. Expected:&lt;এই শহরটি কত বড় ?&gt;. Actual:&lt;কত বড় এই শহরটি ?&gt;. How big is this city?</Message>
              <StackTrace>   at UnitTest.BnlpTest.interrogative_sentences_how() in D:\software\Project\BNLP\UnitTest\BnlpTest.cs:line 274
</StackTrace>
            </ErrorInfo>
          </Output>
        </UnitTestResult>
        <UnitTestResult executionId="62d210da-bdf6-4cf5-a609-721dafe49df1" parentExecutionId="1079be95-ac97-4735-8f96-a0c5fadcdf28" testId="227f20ae-8e76-eb71-39b2-4ada3ce6aba8" testName="interrogative_sentences_how" computerName="ARPAN-LAP" duration="00:00:00.0327690" startTime="2014-06-25T20:05:51.0374787+05:30" endTime="2014-06-25T20:05:51.0704805+05:30" testType="13cdc9d9-ddb5-4fa4-a97d-d965ccfc6d4b" outcome="Passed" testListId="8c84fa94-04c1-424b-9868-57a2d4851a1d" relativeResultsDirectory="1079be95-ac97-4735-8f96-a0c5fadcdf28" dataRowInfo="13" resultType="DataDrivenDataRow" />
        <UnitTestResult executionId="01da63b8-5026-41ec-aea7-19730df23e13" parentExecutionId="1079be95-ac97-4735-8f96-a0c5fadcdf28" testId="227f20ae-8e76-eb71-39b2-4ada3ce6aba8" testName="interrogative_sentences_how" computerName="ARPAN-LAP" duration="00:00:00.0311019" startTime="2014-06-25T20:05:51.0704805+05:30" endTime="2014-06-25T20:05:51.1014823+05:30" testType="13cdc9d9-ddb5-4fa4-a97d-d965ccfc6d4b" outcome="Passed" testListId="8c84fa94-04c1-424b-9868-57a2d4851a1d" relativeResultsDirectory="1079be95-ac97-4735-8f96-a0c5fadcdf28" dataRowInfo="14" resultType="DataDrivenDataRow" />
        <UnitTestResult executionId="a73cb30e-55c2-4dd9-8a23-464074c56f35" parentExecutionId="1079be95-ac97-4735-8f96-a0c5fadcdf28" testId="227f20ae-8e76-eb71-39b2-4ada3ce6aba8" testName="interrogative_sentences_how" computerName="ARPAN-LAP" duration="00:00:00.0332279" startTime="2014-06-25T20:05:51.1014823+05:30" endTime="2014-06-25T20:05:51.1344842+05:30" testType="13cdc9d9-ddb5-4fa4-a97d-d965ccfc6d4b" outcome="Failed" testListId="8c84fa94-04c1-424b-9868-57a2d4851a1d" relativeResultsDirectory="1079be95-ac97-4735-8f96-a0c5fadcdf28" dataRowInfo="15" resultType="DataDrivenDataRow">
          <Output>
            <ErrorInfo>
              <Message>Assert.AreEqual failed. Expected:&lt;একটি ভাল ছাত্র হতে হয় কিভাবে ?&gt;. Actual:&lt;হয় কিভাবে একটি ভাল ছাত্র ?&gt;. How to be a good student?</Message>
              <StackTrace>   at UnitTest.BnlpTest.interrogative_sentences_how() in D:\software\Project\BNLP\UnitTest\BnlpTest.cs:line 274
</StackTrace>
            </ErrorInfo>
          </Output>
        </UnitTestResult>
        <UnitTestResult executionId="53fbc6f0-e047-40a1-8247-69597f095742" parentExecutionId="1079be95-ac97-4735-8f96-a0c5fadcdf28" testId="227f20ae-8e76-eb71-39b2-4ada3ce6aba8" testName="interrogative_sentences_how" computerName="ARPAN-LAP" duration="00:00:00.0304891" startTime="2014-06-25T20:05:51.1344842+05:30" endTime="2014-06-25T20:05:51.1654860+05:30" testType="13cdc9d9-ddb5-4fa4-a97d-d965ccfc6d4b" outcome="Passed" testListId="8c84fa94-04c1-424b-9868-57a2d4851a1d" relativeResultsDirectory="1079be95-ac97-4735-8f96-a0c5fadcdf28" dataRowInfo="16" resultType="DataDrivenDataRow" />
        <UnitTestResult executionId="4a475810-0f70-442b-90ef-707c7ffc8c8e" parentExecutionId="1079be95-ac97-4735-8f96-a0c5fadcdf28" testId="227f20ae-8e76-eb71-39b2-4ada3ce6aba8" testName="interrogative_sentences_how" computerName="ARPAN-LAP" duration="00:00:00.0353677" startTime="2014-06-25T20:05:51.1654860+05:30" endTime="2014-06-25T20:05:51.2004880+05:30" testType="13cdc9d9-ddb5-4fa4-a97d-d965ccfc6d4b" outcome="Passed" testListId="8c84fa94-04c1-424b-9868-57a2d4851a1d" relativeResultsDirectory="1079be95-ac97-4735-8f96-a0c5fadcdf28" dataRowInfo="17" resultType="DataDrivenDataRow" />
      </InnerResults>
    </UnitTestResult>
    <UnitTestResult executionId="8c48afec-6803-41f2-be4b-daf8bc8220c0" testId="30ab3285-6a8c-14d2-9725-bd60892ccd90" testName="second_person_tenses_active" computerName="ARPAN-LAP" duration="00:00:00.1997300" startTime="2014-06-25T20:05:51.2614915+05:30" endTime="2014-06-25T20:05:51.4955049+05:30" testType="13cdc9d9-ddb5-4fa4-a97d-d965ccfc6d4b" outcome="Passed" testListId="8c84fa94-04c1-424b-9868-57a2d4851a1d" relativeResultsDirectory="8c48afec-6803-41f2-be4b-daf8bc8220c0" resultType="DataDrivenTest">
      <Counters error="0" failed="0" timeout="0" aborted="0" inconclusive="0" passedButRunAborted="0" notRunnable="0" notExecuted="0" disconnected="0" warning="0" passed="10" completed="0" inProgress="0" pending="0" />
      <InnerResults>
        <UnitTestResult executionId="1f181012-d767-4ea0-966a-8deef96f7820" parentExecutionId="8c48afec-6803-41f2-be4b-daf8bc8220c0" testId="30ab3285-6a8c-14d2-9725-bd60892ccd90" testName="second_person_tenses_active" computerName="ARPAN-LAP" duration="00:00:00.0165842" startTime="2014-06-25T20:05:51.2664918+05:30" endTime="2014-06-25T20:05:51.2834927+05:30" testType="13cdc9d9-ddb5-4fa4-a97d-d965ccfc6d4b" outcome="Passed" testListId="8c84fa94-04c1-424b-9868-57a2d4851a1d" relativeResultsDirectory="8c48afec-6803-41f2-be4b-daf8bc8220c0" dataRowInfo="0" resultType="DataDrivenDataRow" />
        <UnitTestResult executionId="8a02cbb8-adaf-4065-95b5-57d4a3ad5c4e" parentExecutionId="8c48afec-6803-41f2-be4b-daf8bc8220c0" testId="30ab3285-6a8c-14d2-9725-bd60892ccd90" testName="second_person_tenses_active" computerName="ARPAN-LAP" duration="00:00:00.0187974" startTime="2014-06-25T20:05:51.2834927+05:30" endTime="2014-06-25T20:05:51.3024938+05:30" testType="13cdc9d9-ddb5-4fa4-a97d-d965ccfc6d4b" outcome="Passed" testListId="8c84fa94-04c1-424b-9868-57a2d4851a1d" relativeResultsDirectory="8c48afec-6803-41f2-be4b-daf8bc8220c0" dataRowInfo="1" resultType="DataDrivenDataRow" />
        <UnitTestResult executionId="c4bcc8a0-8cc2-46da-8e49-544942596a64" parentExecutionId="8c48afec-6803-41f2-be4b-daf8bc8220c0" testId="30ab3285-6a8c-14d2-9725-bd60892ccd90" testName="second_person_tenses_active" computerName="ARPAN-LAP" duration="00:00:00.0198198" startTime="2014-06-25T20:05:51.3024938+05:30" endTime="2014-06-25T20:05:51.3214949+05:30" testType="13cdc9d9-ddb5-4fa4-a97d-d965ccfc6d4b" outcome="Passed" testListId="8c84fa94-04c1-424b-9868-57a2d4851a1d" relativeResultsDirectory="8c48afec-6803-41f2-be4b-daf8bc8220c0" dataRowInfo="2" resultType="DataDrivenDataRow" />
        <UnitTestResult executionId="91cf53d2-947a-4e45-ab28-91883de9a2eb" parentExecutionId="8c48afec-6803-41f2-be4b-daf8bc8220c0" testId="30ab3285-6a8c-14d2-9725-bd60892ccd90" testName="second_person_tenses_active" computerName="ARPAN-LAP" duration="00:00:00.0245398" startTime="2014-06-25T20:05:51.3214949+05:30" endTime="2014-06-25T20:05:51.3464963+05:30" testType="13cdc9d9-ddb5-4fa4-a97d-d965ccfc6d4b" outcome="Passed" testListId="8c84fa94-04c1-424b-9868-57a2d4851a1d" relativeResultsDirectory="8c48afec-6803-41f2-be4b-daf8bc8220c0" dataRowInfo="3" resultType="DataDrivenDataRow" />
        <UnitTestResult executionId="b0d157c3-2844-476d-92c6-d6f67e90e481" parentExecutionId="8c48afec-6803-41f2-be4b-daf8bc8220c0" testId="30ab3285-6a8c-14d2-9725-bd60892ccd90" testName="second_person_tenses_active" computerName="ARPAN-LAP" duration="00:00:00.0154365" startTime="2014-06-25T20:05:51.3464963+05:30" endTime="2014-06-25T20:05:51.3614972+05:30" testType="13cdc9d9-ddb5-4fa4-a97d-d965ccfc6d4b" outcome="Passed" testListId="8c84fa94-04c1-424b-9868-57a2d4851a1d" relativeResultsDirectory="8c48afec-6803-41f2-be4b-daf8bc8220c0" dataRowInfo="4" resultType="DataDrivenDataRow" />
        <UnitTestResult executionId="adafe4f4-8a55-4688-9a4b-7849f6c57cca" parentExecutionId="8c48afec-6803-41f2-be4b-daf8bc8220c0" testId="30ab3285-6a8c-14d2-9725-bd60892ccd90" testName="second_person_tenses_active" computerName="ARPAN-LAP" duration="00:00:00.0182256" startTime="2014-06-25T20:05:51.3614972+05:30" endTime="2014-06-25T20:05:51.3804983+05:30" testType="13cdc9d9-ddb5-4fa4-a97d-d965ccfc6d4b" outcome="Passed" testListId="8c84fa94-04c1-424b-9868-57a2d4851a1d" relativeResultsDirectory="8c48afec-6803-41f2-be4b-daf8bc8220c0" dataRowInfo="5" resultType="DataDrivenDataRow" />
        <UnitTestResult executionId="3dea4580-0b9d-48b3-9ab7-c6ecb99ca08d" parentExecutionId="8c48afec-6803-41f2-be4b-daf8bc8220c0" testId="30ab3285-6a8c-14d2-9725-bd60892ccd90" testName="second_person_tenses_active" computerName="ARPAN-LAP" duration="00:00:00.0180973" startTime="2014-06-25T20:05:51.3804983+05:30" endTime="2014-06-25T20:05:51.3984993+05:30" testType="13cdc9d9-ddb5-4fa4-a97d-d965ccfc6d4b" outcome="Passed" testListId="8c84fa94-04c1-424b-9868-57a2d4851a1d" relativeResultsDirectory="8c48afec-6803-41f2-be4b-daf8bc8220c0" dataRowInfo="6" resultType="DataDrivenDataRow" />
        <UnitTestResult executionId="1f1e1b44-18f4-43db-bd01-e0336ca288f9" parentExecutionId="8c48afec-6803-41f2-be4b-daf8bc8220c0" testId="30ab3285-6a8c-14d2-9725-bd60892ccd90" testName="second_person_tenses_active" computerName="ARPAN-LAP" duration="00:00:00.0247944" startTime="2014-06-25T20:05:51.3984993+05:30" endTime="2014-06-25T20:05:51.4235007+05:30" testType="13cdc9d9-ddb5-4fa4-a97d-d965ccfc6d4b" outcome="Passed" testListId="8c84fa94-04c1-424b-9868-57a2d4851a1d" relativeResultsDirectory="8c48afec-6803-41f2-be4b-daf8bc8220c0" dataRowInfo="7" resultType="DataDrivenDataRow" />
        <UnitTestResult executionId="a60f2e98-d5fc-4eb8-a0fd-88a5dde326a3" parentExecutionId="8c48afec-6803-41f2-be4b-daf8bc8220c0" testId="30ab3285-6a8c-14d2-9725-bd60892ccd90" testName="second_person_tenses_active" computerName="ARPAN-LAP" duration="00:00:00.0190124" startTime="2014-06-25T20:05:51.4235007+05:30" endTime="2014-06-25T20:05:51.4425018+05:30" testType="13cdc9d9-ddb5-4fa4-a97d-d965ccfc6d4b" outcome="Passed" testListId="8c84fa94-04c1-424b-9868-57a2d4851a1d" relativeResultsDirectory="8c48afec-6803-41f2-be4b-daf8bc8220c0" dataRowInfo="8" resultType="DataDrivenDataRow" />
        <UnitTestResult executionId="00d615da-3f6d-4619-a392-a11f28620b08" parentExecutionId="8c48afec-6803-41f2-be4b-daf8bc8220c0" testId="30ab3285-6a8c-14d2-9725-bd60892ccd90" testName="second_person_tenses_active" computerName="ARPAN-LAP" duration="00:00:00.0219724" startTime="2014-06-25T20:05:51.4425018+05:30" endTime="2014-06-25T20:05:51.4645031+05:30" testType="13cdc9d9-ddb5-4fa4-a97d-d965ccfc6d4b" outcome="Passed" testListId="8c84fa94-04c1-424b-9868-57a2d4851a1d" relativeResultsDirectory="8c48afec-6803-41f2-be4b-daf8bc8220c0" dataRowInfo="9" resultType="DataDrivenDataRow" />
      </InnerResults>
    </UnitTestResult>
    <UnitTestResult executionId="2649cb84-3968-4146-b8c4-923718cfc362" testId="32b5d279-0d23-e5ad-0301-234c8788f740" testName="interrogative_sentences_who" computerName="ARPAN-LAP" duration="00:00:00.1158615" startTime="2014-06-25T20:05:51.5045054+05:30" endTime="2014-06-25T20:05:51.6385130+05:30" testType="13cdc9d9-ddb5-4fa4-a97d-d965ccfc6d4b" outcome="Passed" testListId="8c84fa94-04c1-424b-9868-57a2d4851a1d" relativeResultsDirectory="2649cb84-3968-4146-b8c4-923718cfc362" resultType="DataDrivenTest">
      <Counters error="0" failed="0" timeout="0" aborted="0" inconclusive="0" passedButRunAborted="0" notRunnable="0" notExecuted="0" disconnected="0" warning="0" passed="4" completed="0" inProgress="0" pending="0" />
      <InnerResults>
        <UnitTestResult executionId="8b8e29bb-f05f-4c4c-82d5-88d23746e8de" parentExecutionId="2649cb84-3968-4146-b8c4-923718cfc362" testId="32b5d279-0d23-e5ad-0301-234c8788f740" testName="interrogative_sentences_who" computerName="ARPAN-LAP" duration="00:00:00.0241112" startTime="2014-06-25T20:05:51.5105057+05:30" endTime="2014-06-25T20:05:51.5345071+05:30" testType="13cdc9d9-ddb5-4fa4-a97d-d965ccfc6d4b" outcome="Passed" testListId="8c84fa94-04c1-424b-9868-57a2d4851a1d" relativeResultsDirectory="2649cb84-3968-4146-b8c4-923718cfc362" dataRowInfo="0" resultType="DataDrivenDataRow" />
        <UnitTestResult executionId="f118d929-b351-4b5c-ae62-8431103c96b9" parentExecutionId="2649cb84-3968-4146-b8c4-923718cfc362" testId="32b5d279-0d23-e5ad-0301-234c8788f740" testName="interrogative_sentences_who" computerName="ARPAN-LAP" duration="00:00:00.0249196" startTime="2014-06-25T20:05:51.5345071+05:30" endTime="2014-06-25T20:05:51.5595085+05:30" testType="13cdc9d9-ddb5-4fa4-a97d-d965ccfc6d4b" outcome="Passed" testListId="8c84fa94-04c1-424b-9868-57a2d4851a1d" relativeResultsDirectory="2649cb84-3968-4146-b8c4-923718cfc362" dataRowInfo="1" resultType="DataDrivenDataRow" />
        <UnitTestResult executionId="4bb0fb7d-ebdb-48bd-bd67-c66c7d31aa83" parentExecutionId="2649cb84-3968-4146-b8c4-923718cfc362" testId="32b5d279-0d23-e5ad-0301-234c8788f740" testName="interrogative_sentences_who" computerName="ARPAN-LAP" duration="00:00:00.0326926" startTime="2014-06-25T20:05:51.5595085+05:30" endTime="2014-06-25T20:05:51.5915103+05:30" testType="13cdc9d9-ddb5-4fa4-a97d-d965ccfc6d4b" outcome="Passed" testListId="8c84fa94-04c1-424b-9868-57a2d4851a1d" relativeResultsDirectory="2649cb84-3968-4146-b8c4-923718cfc362" dataRowInfo="2" resultType="DataDrivenDataRow" />
        <UnitTestResult executionId="de98a977-36a3-4215-8858-8708ace6374e" parentExecutionId="2649cb84-3968-4146-b8c4-923718cfc362" testId="32b5d279-0d23-e5ad-0301-234c8788f740" testName="interrogative_sentences_who" computerName="ARPAN-LAP" duration="00:00:00.0323553" startTime="2014-06-25T20:05:51.5915103+05:30" endTime="2014-06-25T20:05:51.6245122+05:30" testType="13cdc9d9-ddb5-4fa4-a97d-d965ccfc6d4b" outcome="Passed" testListId="8c84fa94-04c1-424b-9868-57a2d4851a1d" relativeResultsDirectory="2649cb84-3968-4146-b8c4-923718cfc362" dataRowInfo="3" resultType="DataDrivenDataRow" />
      </InnerResults>
    </UnitTestResult>
    <UnitTestResult executionId="ed45c139-a864-4198-9191-73fd5c7603d3" testId="39dcb97e-c73f-c645-a77c-64d9eba0a3a3" testName="interrogative_sentences_aux" computerName="ARPAN-LAP" duration="00:00:00.4492547" startTime="2014-06-25T20:05:51.6405131+05:30" endTime="2014-06-25T20:05:52.1495423+05:30" testType="13cdc9d9-ddb5-4fa4-a97d-d965ccfc6d4b" outcome="Passed" testListId="8c84fa94-04c1-424b-9868-57a2d4851a1d" relativeResultsDirectory="ed45c139-a864-4198-9191-73fd5c7603d3" resultType="DataDrivenTest">
      <Counters error="0" failed="0" timeout="0" aborted="0" inconclusive="0" passedButRunAborted="0" notRunnable="0" notExecuted="0" disconnected="0" warning="0" passed="20" completed="0" inProgress="0" pending="0" />
      <InnerResults>
        <UnitTestResult executionId="3febf8c8-3307-49ef-bb21-a7b50dc14414" parentExecutionId="ed45c139-a864-4198-9191-73fd5c7603d3" testId="39dcb97e-c73f-c645-a77c-64d9eba0a3a3" testName="interrogative_sentences_aux" computerName="ARPAN-LAP" duration="00:00:00.0216542" startTime="2014-06-25T20:05:51.6455134+05:30" endTime="2014-06-25T20:05:51.6675147+05:30" testType="13cdc9d9-ddb5-4fa4-a97d-d965ccfc6d4b" outcome="Passed" testListId="8c84fa94-04c1-424b-9868-57a2d4851a1d" relativeResultsDirectory="ed45c139-a864-4198-9191-73fd5c7603d3" dataRowInfo="0" resultType="DataDrivenDataRow" />
        <UnitTestResult executionId="7082ebd6-d0d4-4ab1-bd91-664d424bb17e" parentExecutionId="ed45c139-a864-4198-9191-73fd5c7603d3" testId="39dcb97e-c73f-c645-a77c-64d9eba0a3a3" testName="interrogative_sentences_aux" computerName="ARPAN-LAP" duration="00:00:00.0230216" startTime="2014-06-25T20:05:51.6675147+05:30" endTime="2014-06-25T20:05:51.6905160+05:30" testType="13cdc9d9-ddb5-4fa4-a97d-d965ccfc6d4b" outcome="Passed" testListId="8c84fa94-04c1-424b-9868-57a2d4851a1d" relativeResultsDirectory="ed45c139-a864-4198-9191-73fd5c7603d3" dataRowInfo="1" resultType="DataDrivenDataRow" />
        <UnitTestResult executionId="e8d27c75-b1bf-426d-9f4a-d3d12600a6fd" parentExecutionId="ed45c139-a864-4198-9191-73fd5c7603d3" testId="39dcb97e-c73f-c645-a77c-64d9eba0a3a3" testName="interrogative_sentences_aux" computerName="ARPAN-LAP" duration="00:00:00.0196874" startTime="2014-06-25T20:05:51.6905160+05:30" endTime="2014-06-25T20:05:51.7095171+05:30" testType="13cdc9d9-ddb5-4fa4-a97d-d965ccfc6d4b" outcome="Passed" testListId="8c84fa94-04c1-424b-9868-57a2d4851a1d" relativeResultsDirectory="ed45c139-a864-4198-9191-73fd5c7603d3" dataRowInfo="2" resultType="DataDrivenDataRow" />
        <UnitTestResult executionId="5654f8bc-c701-45ce-9a80-1f91d0cf0d63" parentExecutionId="ed45c139-a864-4198-9191-73fd5c7603d3" testId="39dcb97e-c73f-c645-a77c-64d9eba0a3a3" testName="interrogative_sentences_aux" computerName="ARPAN-LAP" duration="00:00:00.0251198" startTime="2014-06-25T20:05:51.7105172+05:30" endTime="2014-06-25T20:05:51.7355186+05:30" testType="13cdc9d9-ddb5-4fa4-a97d-d965ccfc6d4b" outcome="Passed" testListId="8c84fa94-04c1-424b-9868-57a2d4851a1d" relativeResultsDirectory="ed45c139-a864-4198-9191-73fd5c7603d3" dataRowInfo="3" resultType="DataDrivenDataRow" />
        <UnitTestResult executionId="0233dfa7-6f9f-4d52-b13d-9747aa586c96" parentExecutionId="ed45c139-a864-4198-9191-73fd5c7603d3" testId="39dcb97e-c73f-c645-a77c-64d9eba0a3a3" testName="interrogative_sentences_aux" computerName="ARPAN-LAP" duration="00:00:00.0209700" startTime="2014-06-25T20:05:51.7355186+05:30" endTime="2014-06-25T20:05:51.7565198+05:30" testType="13cdc9d9-ddb5-4fa4-a97d-d965ccfc6d4b" outcome="Passed" testListId="8c84fa94-04c1-424b-9868-57a2d4851a1d" relativeResultsDirectory="ed45c139-a864-4198-9191-73fd5c7603d3" dataRowInfo="4" resultType="DataDrivenDataRow" />
        <UnitTestResult executionId="3189f81d-8508-443d-94d5-2d614f7a04c6" parentExecutionId="ed45c139-a864-4198-9191-73fd5c7603d3" testId="39dcb97e-c73f-c645-a77c-64d9eba0a3a3" testName="interrogative_sentences_aux" computerName="ARPAN-LAP" duration="00:00:00.0200379" startTime="2014-06-25T20:05:51.7565198+05:30" endTime="2014-06-25T20:05:51.7765209+05:30" testType="13cdc9d9-ddb5-4fa4-a97d-d965ccfc6d4b" outcome="Passed" testListId="8c84fa94-04c1-424b-9868-57a2d4851a1d" relativeResultsDirectory="ed45c139-a864-4198-9191-73fd5c7603d3" dataRowInfo="5" resultType="DataDrivenDataRow" />
        <UnitTestResult executionId="c2692b5c-5216-4899-b36b-41c17b039eae" parentExecutionId="ed45c139-a864-4198-9191-73fd5c7603d3" testId="39dcb97e-c73f-c645-a77c-64d9eba0a3a3" testName="interrogative_sentences_aux" computerName="ARPAN-LAP" duration="00:00:00.0190761" startTime="2014-06-25T20:05:51.7765209+05:30" endTime="2014-06-25T20:05:51.7955220+05:30" testType="13cdc9d9-ddb5-4fa4-a97d-d965ccfc6d4b" outcome="Passed" testListId="8c84fa94-04c1-424b-9868-57a2d4851a1d" relativeResultsDirectory="ed45c139-a864-4198-9191-73fd5c7603d3" dataRowInfo="6" resultType="DataDrivenDataRow" />
        <UnitTestResult executionId="b2a13460-d25e-4b54-b949-dc8dcceac26f" parentExecutionId="ed45c139-a864-4198-9191-73fd5c7603d3" testId="39dcb97e-c73f-c645-a77c-64d9eba0a3a3" testName="interrogative_sentences_aux" computerName="ARPAN-LAP" duration="00:00:00.0330375" startTime="2014-06-25T20:05:51.7955220+05:30" endTime="2014-06-25T20:05:51.8285239+05:30" testType="13cdc9d9-ddb5-4fa4-a97d-d965ccfc6d4b" outcome="Passed" testListId="8c84fa94-04c1-424b-9868-57a2d4851a1d" relativeResultsDirectory="ed45c139-a864-4198-9191-73fd5c7603d3" dataRowInfo="7" resultType="DataDrivenDataRow" />
        <UnitTestResult executionId="ef63cd05-a938-4420-a791-914d4cb35248" parentExecutionId="ed45c139-a864-4198-9191-73fd5c7603d3" testId="39dcb97e-c73f-c645-a77c-64d9eba0a3a3" testName="interrogative_sentences_aux" computerName="ARPAN-LAP" duration="00:00:00.0185146" startTime="2014-06-25T20:05:51.8285239+05:30" endTime="2014-06-25T20:05:51.8475250+05:30" testType="13cdc9d9-ddb5-4fa4-a97d-d965ccfc6d4b" outcome="Passed" testListId="8c84fa94-04c1-424b-9868-57a2d4851a1d" relativeResultsDirectory="ed45c139-a864-4198-9191-73fd5c7603d3" dataRowInfo="8" resultType="DataDrivenDataRow" />
        <UnitTestResult executionId="70a239b8-f752-4997-a83e-9af42ce1d062" parentExecutionId="ed45c139-a864-4198-9191-73fd5c7603d3" testId="39dcb97e-c73f-c645-a77c-64d9eba0a3a3" testName="interrogative_sentences_aux" computerName="ARPAN-LAP" duration="00:00:00.0252881" startTime="2014-06-25T20:05:51.8475250+05:30" endTime="2014-06-25T20:05:51.8725264+05:30" testType="13cdc9d9-ddb5-4fa4-a97d-d965ccfc6d4b" outcome="Passed" testListId="8c84fa94-04c1-424b-9868-57a2d4851a1d" relativeResultsDirectory="ed45c139-a864-4198-9191-73fd5c7603d3" dataRowInfo="9" resultType="DataDrivenDataRow" />
        <UnitTestResult executionId="c0d23715-6d95-45a9-b48f-cc2e9564c7c1" parentExecutionId="ed45c139-a864-4198-9191-73fd5c7603d3" testId="39dcb97e-c73f-c645-a77c-64d9eba0a3a3" testName="interrogative_sentences_aux" computerName="ARPAN-LAP" duration="00:00:00.0203870" startTime="2014-06-25T20:05:51.8725264+05:30" endTime="2014-06-25T20:05:51.8925276+05:30" testType="13cdc9d9-ddb5-4fa4-a97d-d965ccfc6d4b" outcome="Passed" testListId="8c84fa94-04c1-424b-9868-57a2d4851a1d" relativeResultsDirectory="ed45c139-a864-4198-9191-73fd5c7603d3" dataRowInfo="10" resultType="DataDrivenDataRow" />
        <UnitTestResult executionId="0537bfc3-d483-46b2-a847-266abb55cfbe" parentExecutionId="ed45c139-a864-4198-9191-73fd5c7603d3" testId="39dcb97e-c73f-c645-a77c-64d9eba0a3a3" testName="interrogative_sentences_aux" computerName="ARPAN-LAP" duration="00:00:00.0249838" startTime="2014-06-25T20:05:51.8925276+05:30" endTime="2014-06-25T20:05:51.9175290+05:30" testType="13cdc9d9-ddb5-4fa4-a97d-d965ccfc6d4b" outcome="Passed" testListId="8c84fa94-04c1-424b-9868-57a2d4851a1d" relativeResultsDirectory="ed45c139-a864-4198-9191-73fd5c7603d3" dataRowInfo="11" resultType="DataDrivenDataRow" />
        <UnitTestResult executionId="f1a4d4d7-51d0-451b-a685-c57d79e54c03" parentExecutionId="ed45c139-a864-4198-9191-73fd5c7603d3" testId="39dcb97e-c73f-c645-a77c-64d9eba0a3a3" testName="interrogative_sentences_aux" computerName="ARPAN-LAP" duration="00:00:00.0242211" startTime="2014-06-25T20:05:51.9175290+05:30" endTime="2014-06-25T20:05:51.9425304+05:30" testType="13cdc9d9-ddb5-4fa4-a97d-d965ccfc6d4b" outcome="Passed" testListId="8c84fa94-04c1-424b-9868-57a2d4851a1d" relativeResultsDirectory="ed45c139-a864-4198-9191-73fd5c7603d3" dataRowInfo="12" resultType="DataDrivenDataRow" />
        <UnitTestResult executionId="609c5b9a-592a-4dcd-9055-49e744e07a47" parentExecutionId="ed45c139-a864-4198-9191-73fd5c7603d3" testId="39dcb97e-c73f-c645-a77c-64d9eba0a3a3" testName="interrogative_sentences_aux" computerName="ARPAN-LAP" duration="00:00:00.0307596" startTime="2014-06-25T20:05:51.9425304+05:30" endTime="2014-06-25T20:05:51.9725321+05:30" testType="13cdc9d9-ddb5-4fa4-a97d-d965ccfc6d4b" outcome="Passed" testListId="8c84fa94-04c1-424b-9868-57a2d4851a1d" relativeResultsDirectory="ed45c139-a864-4198-9191-73fd5c7603d3" dataRowInfo="13" resultType="DataDrivenDataRow" />
        <UnitTestResult executionId="7dc4a300-6720-4408-a408-2a30dc8af9c8" parentExecutionId="ed45c139-a864-4198-9191-73fd5c7603d3" testId="39dcb97e-c73f-c645-a77c-64d9eba0a3a3" testName="interrogative_sentences_aux" computerName="ARPAN-LAP" duration="00:00:00.0194066" startTime="2014-06-25T20:05:51.9725321+05:30" endTime="2014-06-25T20:05:51.9925333+05:30" testType="13cdc9d9-ddb5-4fa4-a97d-d965ccfc6d4b" outcome="Passed" testListId="8c84fa94-04c1-424b-9868-57a2d4851a1d" relativeResultsDirectory="ed45c139-a864-4198-9191-73fd5c7603d3" dataRowInfo="14" resultType="DataDrivenDataRow" />
        <UnitTestResult executionId="6c62a169-66bd-4a79-af28-b9f3cf4f3bb7" parentExecutionId="ed45c139-a864-4198-9191-73fd5c7603d3" testId="39dcb97e-c73f-c645-a77c-64d9eba0a3a3" testName="interrogative_sentences_aux" computerName="ARPAN-LAP" duration="00:00:00.0191510" startTime="2014-06-25T20:05:51.9925333+05:30" endTime="2014-06-25T20:05:52.0115344+05:30" testType="13cdc9d9-ddb5-4fa4-a97d-d965ccfc6d4b" outcome="Passed" testListId="8c84fa94-04c1-424b-9868-57a2d4851a1d" relativeResultsDirectory="ed45c139-a864-4198-9191-73fd5c7603d3" dataRowInfo="15" resultType="DataDrivenDataRow" />
        <UnitTestResult executionId="0503adae-d9e6-46bf-ad88-4586c606e031" parentExecutionId="ed45c139-a864-4198-9191-73fd5c7603d3" testId="39dcb97e-c73f-c645-a77c-64d9eba0a3a3" testName="interrogative_sentences_aux" computerName="ARPAN-LAP" duration="00:00:00.0178068" startTime="2014-06-25T20:05:52.0115344+05:30" endTime="2014-06-25T20:05:52.0295354+05:30" testType="13cdc9d9-ddb5-4fa4-a97d-d965ccfc6d4b" outcome="Passed" testListId="8c84fa94-04c1-424b-9868-57a2d4851a1d" relativeResultsDirectory="ed45c139-a864-4198-9191-73fd5c7603d3" dataRowInfo="16" resultType="DataDrivenDataRow" />
        <UnitTestResult executionId="7d97d49a-e098-45b0-83a6-39db6f332d50" parentExecutionId="ed45c139-a864-4198-9191-73fd5c7603d3" testId="39dcb97e-c73f-c645-a77c-64d9eba0a3a3" testName="interrogative_sentences_aux" computerName="ARPAN-LAP" duration="00:00:00.0248277" startTime="2014-06-25T20:05:52.0295354+05:30" endTime="2014-06-25T20:05:52.0545368+05:30" testType="13cdc9d9-ddb5-4fa4-a97d-d965ccfc6d4b" outcome="Passed" testListId="8c84fa94-04c1-424b-9868-57a2d4851a1d" relativeResultsDirectory="ed45c139-a864-4198-9191-73fd5c7603d3" dataRowInfo="17" resultType="DataDrivenDataRow" />
        <UnitTestResult executionId="2e728674-fdde-42a4-a725-2f99c7275aa7" parentExecutionId="ed45c139-a864-4198-9191-73fd5c7603d3" testId="39dcb97e-c73f-c645-a77c-64d9eba0a3a3" testName="interrogative_sentences_aux" computerName="ARPAN-LAP" duration="00:00:00.0160288" startTime="2014-06-25T20:05:52.0545368+05:30" endTime="2014-06-25T20:05:52.0705377+05:30" testType="13cdc9d9-ddb5-4fa4-a97d-d965ccfc6d4b" outcome="Passed" testListId="8c84fa94-04c1-424b-9868-57a2d4851a1d" relativeResultsDirectory="ed45c139-a864-4198-9191-73fd5c7603d3" dataRowInfo="18" resultType="DataDrivenDataRow" />
        <UnitTestResult executionId="00bf1c49-4e3b-4590-afc3-b775d4e92fe5" parentExecutionId="ed45c139-a864-4198-9191-73fd5c7603d3" testId="39dcb97e-c73f-c645-a77c-64d9eba0a3a3" testName="interrogative_sentences_aux" computerName="ARPAN-LAP" duration="00:00:00.0219298" startTime="2014-06-25T20:05:52.0705377+05:30" endTime="2014-06-25T20:05:52.0925390+05:30" testType="13cdc9d9-ddb5-4fa4-a97d-d965ccfc6d4b" outcome="Passed" testListId="8c84fa94-04c1-424b-9868-57a2d4851a1d" relativeResultsDirectory="ed45c139-a864-4198-9191-73fd5c7603d3" dataRowInfo="19" resultType="DataDrivenDataRow" />
      </InnerResults>
    </UnitTestResult>
    <UnitTestResult executionId="d59fb0af-77a6-48bd-97f6-27a824ae2c2a" testId="4e91a3b9-9eae-ebff-0b97-303f00578a78" testName="interrogative_sentences_whom" computerName="ARPAN-LAP" duration="00:00:00.0560011" startTime="2014-06-25T20:05:52.1655432+05:30" endTime="2014-06-25T20:05:52.2345471+05:30" testType="13cdc9d9-ddb5-4fa4-a97d-d965ccfc6d4b" outcome="Passed" testListId="8c84fa94-04c1-424b-9868-57a2d4851a1d" relativeResultsDirectory="d59fb0af-77a6-48bd-97f6-27a824ae2c2a" resultType="DataDrivenTest">
      <Counters error="0" failed="0" timeout="0" aborted="0" inconclusive="0" passedButRunAborted="0" notRunnable="0" notExecuted="0" disconnected="0" warning="0" passed="2" completed="0" inProgress="0" pending="0" />
      <InnerResults>
        <UnitTestResult executionId="6525928a-e1bf-4b70-a074-b68a775e5af7" parentExecutionId="d59fb0af-77a6-48bd-97f6-27a824ae2c2a" testId="4e91a3b9-9eae-ebff-0b97-303f00578a78" testName="interrogative_sentences_whom" computerName="ARPAN-LAP" duration="00:00:00.0291736" startTime="2014-06-25T20:05:52.1715435+05:30" endTime="2014-06-25T20:05:52.2005452+05:30" testType="13cdc9d9-ddb5-4fa4-a97d-d965ccfc6d4b" outcome="Passed" testListId="8c84fa94-04c1-424b-9868-57a2d4851a1d" relativeResultsDirectory="d59fb0af-77a6-48bd-97f6-27a824ae2c2a" dataRowInfo="0" resultType="DataDrivenDataRow" />
        <UnitTestResult executionId="3c9eac5c-b291-453d-b416-8042ce835d71" parentExecutionId="d59fb0af-77a6-48bd-97f6-27a824ae2c2a" testId="4e91a3b9-9eae-ebff-0b97-303f00578a78" testName="interrogative_sentences_whom" computerName="ARPAN-LAP" duration="00:00:00.0241302" startTime="2014-06-25T20:05:52.2005452+05:30" endTime="2014-06-25T20:05:52.2245466+05:30" testType="13cdc9d9-ddb5-4fa4-a97d-d965ccfc6d4b" outcome="Passed" testListId="8c84fa94-04c1-424b-9868-57a2d4851a1d" relativeResultsDirectory="d59fb0af-77a6-48bd-97f6-27a824ae2c2a" dataRowInfo="1" resultType="DataDrivenDataRow" />
      </InnerResults>
    </UnitTestResult>
    <UnitTestResult executionId="7c4c5f51-0d25-4757-852c-0f538840df89" testId="533e7939-123c-ce84-5c5c-d5a21d1d95b9" testName="special_handling_do_verb" computerName="ARPAN-LAP" duration="00:00:00.5158497" startTime="2014-06-25T20:05:52.2365472+05:30" endTime="2014-06-25T20:05:52.8215807+05:30" testType="13cdc9d9-ddb5-4fa4-a97d-d965ccfc6d4b" outcome="Passed" testListId="8c84fa94-04c1-424b-9868-57a2d4851a1d" relativeResultsDirectory="7c4c5f51-0d25-4757-852c-0f538840df89" resultType="DataDrivenTest">
      <Counters error="0" failed="0" timeout="0" aborted="0" inconclusive="0" passedButRunAborted="0" notRunnable="0" notExecuted="0" disconnected="0" warning="0" passed="13" completed="0" inProgress="0" pending="0" />
      <InnerResults>
        <UnitTestResult executionId="1cab7a5e-d515-4d80-9b4f-4112aefc9291" parentExecutionId="7c4c5f51-0d25-4757-852c-0f538840df89" testId="533e7939-123c-ce84-5c5c-d5a21d1d95b9" testName="special_handling_do_verb" computerName="ARPAN-LAP" duration="00:00:00.0203541" startTime="2014-06-25T20:05:52.2425476+05:30" endTime="2014-06-25T20:05:52.2635488+05:30" testType="13cdc9d9-ddb5-4fa4-a97d-d965ccfc6d4b" outcome="Passed" testListId="8c84fa94-04c1-424b-9868-57a2d4851a1d" relativeResultsDirectory="7c4c5f51-0d25-4757-852c-0f538840df89" dataRowInfo="0" resultType="DataDrivenDataRow" />
        <UnitTestResult executionId="5281b4db-14ea-425b-841e-5f42f6cf53c6" parentExecutionId="7c4c5f51-0d25-4757-852c-0f538840df89" testId="533e7939-123c-ce84-5c5c-d5a21d1d95b9" testName="special_handling_do_verb" computerName="ARPAN-LAP" duration="00:00:00.0232207" startTime="2014-06-25T20:05:52.2635488+05:30" endTime="2014-06-25T20:05:52.2865501+05:30" testType="13cdc9d9-ddb5-4fa4-a97d-d965ccfc6d4b" outcome="Passed" testListId="8c84fa94-04c1-424b-9868-57a2d4851a1d" relativeResultsDirectory="7c4c5f51-0d25-4757-852c-0f538840df89" dataRowInfo="1" resultType="DataDrivenDataRow" />
        <UnitTestResult executionId="555a6d5e-f87b-420b-b2ad-a33b79bb6aba" parentExecutionId="7c4c5f51-0d25-4757-852c-0f538840df89" testId="533e7939-123c-ce84-5c5c-d5a21d1d95b9" testName="special_handling_do_verb" computerName="ARPAN-LAP" duration="00:00:00.0253821" startTime="2014-06-25T20:05:52.2865501+05:30" endTime="2014-06-25T20:05:52.3125516+05:30" testType="13cdc9d9-ddb5-4fa4-a97d-d965ccfc6d4b" outcome="Passed" testListId="8c84fa94-04c1-424b-9868-57a2d4851a1d" relativeResultsDirectory="7c4c5f51-0d25-4757-852c-0f538840df89" dataRowInfo="2" resultType="DataDrivenDataRow" />
        <UnitTestResult executionId="39b66bf2-f316-4075-bb29-c29aa122327e" parentExecutionId="7c4c5f51-0d25-4757-852c-0f538840df89" testId="533e7939-123c-ce84-5c5c-d5a21d1d95b9" testName="special_handling_do_verb" computerName="ARPAN-LAP" duration="00:00:00.0304172" startTime="2014-06-25T20:05:52.3125516+05:30" endTime="2014-06-25T20:05:52.3425533+05:30" testType="13cdc9d9-ddb5-4fa4-a97d-d965ccfc6d4b" outcome="Passed" testListId="8c84fa94-04c1-424b-9868-57a2d4851a1d" relativeResultsDirectory="7c4c5f51-0d25-4757-852c-0f538840df89" dataRowInfo="3" resultType="DataDrivenDataRow" />
        <UnitTestResult executionId="f4d33a3f-5109-4d2a-a9bf-475f30ee7dd3" parentExecutionId="7c4c5f51-0d25-4757-852c-0f538840df89" testId="533e7939-123c-ce84-5c5c-d5a21d1d95b9" testName="special_handling_do_verb" computerName="ARPAN-LAP" duration="00:00:00.0197228" startTime="2014-06-25T20:05:52.3425533+05:30" endTime="2014-06-25T20:05:52.3625544+05:30" testType="13cdc9d9-ddb5-4fa4-a97d-d965ccfc6d4b" outcome="Passed" testListId="8c84fa94-04c1-424b-9868-57a2d4851a1d" relativeResultsDirectory="7c4c5f51-0d25-4757-852c-0f538840df89" dataRowInfo="4" resultType="DataDrivenDataRow" />
        <UnitTestResult executionId="1fe890b5-13c5-442b-ae8a-c9ce8c33f3f4" parentExecutionId="7c4c5f51-0d25-4757-852c-0f538840df89" testId="533e7939-123c-ce84-5c5c-d5a21d1d95b9" testName="special_handling_do_verb" computerName="ARPAN-LAP" duration="00:00:00.0225899" startTime="2014-06-25T20:05:52.3625544+05:30" endTime="2014-06-25T20:05:52.3845557+05:30" testType="13cdc9d9-ddb5-4fa4-a97d-d965ccfc6d4b" outcome="Passed" testListId="8c84fa94-04c1-424b-9868-57a2d4851a1d" relativeResultsDirectory="7c4c5f51-0d25-4757-852c-0f538840df89" dataRowInfo="5" resultType="DataDrivenDataRow" />
        <UnitTestResult executionId="e23f99dc-7224-4cec-a252-8459862a785e" parentExecutionId="7c4c5f51-0d25-4757-852c-0f538840df89" testId="533e7939-123c-ce84-5c5c-d5a21d1d95b9" testName="special_handling_do_verb" computerName="ARPAN-LAP" duration="00:00:00.0240301" startTime="2014-06-25T20:05:52.3845557+05:30" endTime="2014-06-25T20:05:52.4095571+05:30" testType="13cdc9d9-ddb5-4fa4-a97d-d965ccfc6d4b" outcome="Passed" testListId="8c84fa94-04c1-424b-9868-57a2d4851a1d" relativeResultsDirectory="7c4c5f51-0d25-4757-852c-0f538840df89" dataRowInfo="6" resultType="DataDrivenDataRow" />
        <UnitTestResult executionId="4f81ca93-a2d0-4acf-b176-eb7112f9f86f" parentExecutionId="7c4c5f51-0d25-4757-852c-0f538840df89" testId="533e7939-123c-ce84-5c5c-d5a21d1d95b9" testName="special_handling_do_verb" computerName="ARPAN-LAP" duration="00:00:00.0280808" startTime="2014-06-25T20:05:52.4095571+05:30" endTime="2014-06-25T20:05:52.4375587+05:30" testType="13cdc9d9-ddb5-4fa4-a97d-d965ccfc6d4b" outcome="Passed" testListId="8c84fa94-04c1-424b-9868-57a2d4851a1d" relativeResultsDirectory="7c4c5f51-0d25-4757-852c-0f538840df89" dataRowInfo="7" resultType="DataDrivenDataRow" />
        <UnitTestResult executionId="bcb10335-ca89-4714-9ef8-1b7dde30da95" parentExecutionId="7c4c5f51-0d25-4757-852c-0f538840df89" testId="533e7939-123c-ce84-5c5c-d5a21d1d95b9" testName="special_handling_do_verb" computerName="ARPAN-LAP" duration="00:00:00.0299769" startTime="2014-06-25T20:05:52.4375587+05:30" endTime="2014-06-25T20:05:52.4675605+05:30" testType="13cdc9d9-ddb5-4fa4-a97d-d965ccfc6d4b" outcome="Passed" testListId="8c84fa94-04c1-424b-9868-57a2d4851a1d" relativeResultsDirectory="7c4c5f51-0d25-4757-852c-0f538840df89" dataRowInfo="8" resultType="DataDrivenDataRow" />
        <UnitTestResult executionId="1b5e3235-e709-417b-afa3-4a934459c85c" parentExecutionId="7c4c5f51-0d25-4757-852c-0f538840df89" testId="533e7939-123c-ce84-5c5c-d5a21d1d95b9" testName="special_handling_do_verb" computerName="ARPAN-LAP" duration="00:00:00.0434440" startTime="2014-06-25T20:05:52.4675605+05:30" endTime="2014-06-25T20:05:52.5105629+05:30" testType="13cdc9d9-ddb5-4fa4-a97d-d965ccfc6d4b" outcome="Passed" testListId="8c84fa94-04c1-424b-9868-57a2d4851a1d" relativeResultsDirectory="7c4c5f51-0d25-4757-852c-0f538840df89" dataRowInfo="9" resultType="DataDrivenDataRow" />
        <UnitTestResult executionId="a56c8e1f-e20a-4d57-b377-fbc4e07b5880" parentExecutionId="7c4c5f51-0d25-4757-852c-0f538840df89" testId="533e7939-123c-ce84-5c5c-d5a21d1d95b9" testName="special_handling_do_verb" computerName="ARPAN-LAP" duration="00:00:00.0232330" startTime="2014-06-25T20:05:52.5105629+05:30" endTime="2014-06-25T20:05:52.5335642+05:30" testType="13cdc9d9-ddb5-4fa4-a97d-d965ccfc6d4b" outcome="Passed" testListId="8c84fa94-04c1-424b-9868-57a2d4851a1d" relativeResultsDirectory="7c4c5f51-0d25-4757-852c-0f538840df89" dataRowInfo="10" resultType="DataDrivenDataRow" />
        <UnitTestResult executionId="74437c8b-7b93-4563-97ec-58d23ed64736" parentExecutionId="7c4c5f51-0d25-4757-852c-0f538840df89" testId="533e7939-123c-ce84-5c5c-d5a21d1d95b9" testName="special_handling_do_verb" computerName="ARPAN-LAP" duration="00:00:00.0290714" startTime="2014-06-25T20:05:52.5345643+05:30" endTime="2014-06-25T20:05:52.5635659+05:30" testType="13cdc9d9-ddb5-4fa4-a97d-d965ccfc6d4b" outcome="Passed" testListId="8c84fa94-04c1-424b-9868-57a2d4851a1d" relativeResultsDirectory="7c4c5f51-0d25-4757-852c-0f538840df89" dataRowInfo="11" resultType="DataDrivenDataRow" />
        <UnitTestResult executionId="fcb7606f-96dc-4f3b-9927-2ff9bf3a65dd" parentExecutionId="7c4c5f51-0d25-4757-852c-0f538840df89" testId="533e7939-123c-ce84-5c5c-d5a21d1d95b9" testName="special_handling_do_verb" computerName="ARPAN-LAP" duration="00:00:00.1938885" startTime="2014-06-25T20:05:52.5635659+05:30" endTime="2014-06-25T20:05:52.7575770+05:30" testType="13cdc9d9-ddb5-4fa4-a97d-d965ccfc6d4b" outcome="Passed" testListId="8c84fa94-04c1-424b-9868-57a2d4851a1d" relativeResultsDirectory="7c4c5f51-0d25-4757-852c-0f538840df89" dataRowInfo="12" resultType="DataDrivenDataRow" />
      </InnerResults>
    </UnitTestResult>
    <UnitTestResult executionId="9899b4f0-e4ed-4a5c-be6c-c11f2b80e2c6" testId="642ce34f-0ed4-f995-637b-09297c832f2a" testName="RandomWord" computerName="ARPAN-LAP" duration="00:00:00.1104552" startTime="2014-06-25T20:05:52.8245809+05:30" endTime="2014-06-25T20:05:52.9455878+05:30" testType="13cdc9d9-ddb5-4fa4-a97d-d965ccfc6d4b" outcome="Failed" testListId="8c84fa94-04c1-424b-9868-57a2d4851a1d" relativeResultsDirectory="9899b4f0-e4ed-4a5c-be6c-c11f2b80e2c6" resultType="DataDrivenTest">
      <Counters error="0" failed="1" timeout="0" aborted="0" inconclusive="0" passedButRunAborted="0" notRunnable="0" notExecuted="0" disconnected="0" warning="0" passed="0" completed="0" inProgress="0" pending="0" />
      <InnerResults>
        <UnitTestResult executionId="f8e40687-21de-41e6-894e-c2e4825f67d4" parentExecutionId="9899b4f0-e4ed-4a5c-be6c-c11f2b80e2c6" testId="642ce34f-0ed4-f995-637b-09297c832f2a" testName="RandomWord" computerName="ARPAN-LAP" duration="00:00:00.1083000" startTime="2014-06-25T20:05:52.8305812+05:30" endTime="2014-06-25T20:05:52.9385874+05:30" testType="13cdc9d9-ddb5-4fa4-a97d-d965ccfc6d4b" outcome="Failed" testListId="8c84fa94-04c1-424b-9868-57a2d4851a1d" relativeResultsDirectory="9899b4f0-e4ed-4a5c-be6c-c11f2b80e2c6" dataRowInfo="0" resultType="DataDrivenDataRow">
          <Output>
            <ErrorInfo>
              <Message>Assert.AreEqual failed. Expected:&lt;পূর্ব সলোমন এর নৌ যুদ্ধ ২৪–২৫ অগষ্ট ১৯৪২ য়ে স্থান গ্রহণ করেছিল , এবং দ্বিতীয় বিশ্ব যুদ্ধ এর প্রশান্ত মহাসাগর সংগঠিত প্রচারকার্য এর তৃতীয় যুদ্ধ বাহক ।&gt;. Actual:&lt;পূর্ব সলোমন এর নৌ যুদ্ধ ২৪–২৫ অগষ্ট ১৯৪২ য়ে স্থান গ্রহণ করেছিল , এবং দ্বিতীয় বিশ্ব যুদ্ধ এর pacific:NP সংগঠিত প্রচারকার্য এর তৃতীয় যুদ্ধ বাহক ।&gt;. The naval Battle of the Eastern Solomons took place on 24–25 August 1942, and was the third carrier battle of the Pacific campaign of second World War.</Message>
              <StackTrace>   at UnitTest.BnlpTest.RandomWord() in D:\software\Project\BNLP\UnitTest\BnlpTest.cs:line 526
</StackTrace>
            </ErrorInfo>
          </Output>
        </UnitTestResult>
      </InnerResults>
    </UnitTestResult>
    <UnitTestResult executionId="c9576807-9fdc-42f8-8d04-d04f14148289" testId="783915fe-114a-e353-78dd-56e92a60f942" testName="all_persons_modal_should" computerName="ARPAN-LAP" duration="00:00:00.4491782" startTime="2014-06-25T20:05:52.9555884+05:30" endTime="2014-06-25T20:05:53.4566170+05:30" testType="13cdc9d9-ddb5-4fa4-a97d-d965ccfc6d4b" outcome="Passed" testListId="8c84fa94-04c1-424b-9868-57a2d4851a1d" relativeResultsDirectory="c9576807-9fdc-42f8-8d04-d04f14148289" resultType="DataDrivenTest">
      <Counters error="0" failed="0" timeout="0" aborted="0" inconclusive="0" passedButRunAborted="0" notRunnable="0" notExecuted="0" disconnected="0" warning="0" passed="17" completed="0" inProgress="0" pending="0" />
      <InnerResults>
        <UnitTestResult executionId="3f0e3846-216a-445d-bbb8-d1aaaa24140a" parentExecutionId="c9576807-9fdc-42f8-8d04-d04f14148289" testId="783915fe-114a-e353-78dd-56e92a60f942" testName="all_persons_modal_should" computerName="ARPAN-LAP" duration="00:00:00.0228157" startTime="2014-06-25T20:05:52.9605887+05:30" endTime="2014-06-25T20:05:52.9835900+05:30" testType="13cdc9d9-ddb5-4fa4-a97d-d965ccfc6d4b" outcome="Passed" testListId="8c84fa94-04c1-424b-9868-57a2d4851a1d" relativeResultsDirectory="c9576807-9fdc-42f8-8d04-d04f14148289" dataRowInfo="0" resultType="DataDrivenDataRow" />
        <UnitTestResult executionId="659a3c9e-089c-418d-afb7-720498a11f5e" parentExecutionId="c9576807-9fdc-42f8-8d04-d04f14148289" testId="783915fe-114a-e353-78dd-56e92a60f942" testName="all_persons_modal_should" computerName="ARPAN-LAP" duration="00:00:00.0267700" startTime="2014-06-25T20:05:52.9835900+05:30" endTime="2014-06-25T20:05:53.0105915+05:30" testType="13cdc9d9-ddb5-4fa4-a97d-d965ccfc6d4b" outcome="Passed" testListId="8c84fa94-04c1-424b-9868-57a2d4851a1d" relativeResultsDirectory="c9576807-9fdc-42f8-8d04-d04f14148289" dataRowInfo="1" resultType="DataDrivenDataRow" />
        <UnitTestResult executionId="f72e0c44-e6c5-402b-99b6-bfd888ed048d" parentExecutionId="c9576807-9fdc-42f8-8d04-d04f14148289" testId="783915fe-114a-e353-78dd-56e92a60f942" testName="all_persons_modal_should" computerName="ARPAN-LAP" duration="00:00:00.0286023" startTime="2014-06-25T20:05:53.0105915+05:30" endTime="2014-06-25T20:05:53.0385931+05:30" testType="13cdc9d9-ddb5-4fa4-a97d-d965ccfc6d4b" outcome="Passed" testListId="8c84fa94-04c1-424b-9868-57a2d4851a1d" relativeResultsDirectory="c9576807-9fdc-42f8-8d04-d04f14148289" dataRowInfo="2" resultType="DataDrivenDataRow" />
        <UnitTestResult executionId="65ffd1bc-46ae-4084-9c41-af485763a613" parentExecutionId="c9576807-9fdc-42f8-8d04-d04f14148289" testId="783915fe-114a-e353-78dd-56e92a60f942" testName="all_persons_modal_should" computerName="ARPAN-LAP" duration="00:00:00.0333182" startTime="2014-06-25T20:05:53.0385931+05:30" endTime="2014-06-25T20:05:53.0725951+05:30" testType="13cdc9d9-ddb5-4fa4-a97d-d965ccfc6d4b" outcome="Passed" testListId="8c84fa94-04c1-424b-9868-57a2d4851a1d" relativeResultsDirectory="c9576807-9fdc-42f8-8d04-d04f14148289" dataRowInfo="3" resultType="DataDrivenDataRow" />
        <UnitTestResult executionId="34aea148-c1f0-4305-9e97-f82a9aa48a95" parentExecutionId="c9576807-9fdc-42f8-8d04-d04f14148289" testId="783915fe-114a-e353-78dd-56e92a60f942" testName="all_persons_modal_should" computerName="ARPAN-LAP" duration="00:00:00.0236313" startTime="2014-06-25T20:05:53.0725951+05:30" endTime="2014-06-25T20:05:53.0955964+05:30" testType="13cdc9d9-ddb5-4fa4-a97d-d965ccfc6d4b" outcome="Passed" testListId="8c84fa94-04c1-424b-9868-57a2d4851a1d" relativeResultsDirectory="c9576807-9fdc-42f8-8d04-d04f14148289" dataRowInfo="4" resultType="DataDrivenDataRow" />
        <UnitTestResult executionId="df53317b-a2e4-4133-9841-d74cae9d8a27" parentExecutionId="c9576807-9fdc-42f8-8d04-d04f14148289" testId="783915fe-114a-e353-78dd-56e92a60f942" testName="all_persons_modal_should" computerName="ARPAN-LAP" duration="00:00:00.0313144" startTime="2014-06-25T20:05:53.0955964+05:30" endTime="2014-06-25T20:05:53.1275982+05:30" testType="13cdc9d9-ddb5-4fa4-a97d-d965ccfc6d4b" outcome="Passed" testListId="8c84fa94-04c1-424b-9868-57a2d4851a1d" relativeResultsDirectory="c9576807-9fdc-42f8-8d04-d04f14148289" dataRowInfo="5" resultType="DataDrivenDataRow" />
        <UnitTestResult executionId="9be68a2f-e436-4540-9b9a-c18843b3b183" parentExecutionId="c9576807-9fdc-42f8-8d04-d04f14148289" testId="783915fe-114a-e353-78dd-56e92a60f942" testName="all_persons_modal_should" computerName="ARPAN-LAP" duration="00:00:00.0333110" startTime="2014-06-25T20:05:53.1275982+05:30" endTime="2014-06-25T20:05:53.1606001+05:30" testType="13cdc9d9-ddb5-4fa4-a97d-d965ccfc6d4b" outcome="Passed" testListId="8c84fa94-04c1-424b-9868-57a2d4851a1d" relativeResultsDirectory="c9576807-9fdc-42f8-8d04-d04f14148289" dataRowInfo="6" resultType="DataDrivenDataRow" />
        <UnitTestResult executionId="212edd11-84b3-47cb-8817-d9875f7ad3f5" parentExecutionId="c9576807-9fdc-42f8-8d04-d04f14148289" testId="783915fe-114a-e353-78dd-56e92a60f942" testName="all_persons_modal_should" computerName="ARPAN-LAP" duration="00:00:00.0276769" startTime="2014-06-25T20:05:53.1606001+05:30" endTime="2014-06-25T20:05:53.1886017+05:30" testType="13cdc9d9-ddb5-4fa4-a97d-d965ccfc6d4b" outcome="Passed" testListId="8c84fa94-04c1-424b-9868-57a2d4851a1d" relativeResultsDirectory="c9576807-9fdc-42f8-8d04-d04f14148289" dataRowInfo="7" resultType="DataDrivenDataRow" />
        <UnitTestResult executionId="080e5690-1b88-4ebd-b9e6-e27aad1749c0" parentExecutionId="c9576807-9fdc-42f8-8d04-d04f14148289" testId="783915fe-114a-e353-78dd-56e92a60f942" testName="all_persons_modal_should" computerName="ARPAN-LAP" duration="00:00:00.0174890" startTime="2014-06-25T20:05:53.1886017+05:30" endTime="2014-06-25T20:05:53.2056027+05:30" testType="13cdc9d9-ddb5-4fa4-a97d-d965ccfc6d4b" outcome="Passed" testListId="8c84fa94-04c1-424b-9868-57a2d4851a1d" relativeResultsDirectory="c9576807-9fdc-42f8-8d04-d04f14148289" dataRowInfo="8" resultType="DataDrivenDataRow" />
        <UnitTestResult executionId="7696b8ef-e4da-46d5-9ce6-0b9c783e1ada" parentExecutionId="c9576807-9fdc-42f8-8d04-d04f14148289" testId="783915fe-114a-e353-78dd-56e92a60f942" testName="all_persons_modal_should" computerName="ARPAN-LAP" duration="00:00:00.0230503" startTime="2014-06-25T20:05:53.2056027+05:30" endTime="2014-06-25T20:05:53.2286040+05:30" testType="13cdc9d9-ddb5-4fa4-a97d-d965ccfc6d4b" outcome="Passed" testListId="8c84fa94-04c1-424b-9868-57a2d4851a1d" relativeResultsDirectory="c9576807-9fdc-42f8-8d04-d04f14148289" dataRowInfo="9" resultType="DataDrivenDataRow" />
        <UnitTestResult executionId="f2ccff5a-9248-4b83-aaac-6d4fa56527f2" parentExecutionId="c9576807-9fdc-42f8-8d04-d04f14148289" testId="783915fe-114a-e353-78dd-56e92a60f942" testName="all_persons_modal_should" computerName="ARPAN-LAP" duration="00:00:00.0229502" startTime="2014-06-25T20:05:53.2296040+05:30" endTime="2014-06-25T20:05:53.2516053+05:30" testType="13cdc9d9-ddb5-4fa4-a97d-d965ccfc6d4b" outcome="Passed" testListId="8c84fa94-04c1-424b-9868-57a2d4851a1d" relativeResultsDirectory="c9576807-9fdc-42f8-8d04-d04f14148289" dataRowInfo="10" resultType="DataDrivenDataRow" />
        <UnitTestResult executionId="4fd34281-7bfd-48d3-8a42-9df8952ffd9e" parentExecutionId="c9576807-9fdc-42f8-8d04-d04f14148289" testId="783915fe-114a-e353-78dd-56e92a60f942" testName="all_persons_modal_should" computerName="ARPAN-LAP" duration="00:00:00.0289221" startTime="2014-06-25T20:05:53.2526054+05:30" endTime="2014-06-25T20:05:53.2806070+05:30" testType="13cdc9d9-ddb5-4fa4-a97d-d965ccfc6d4b" outcome="Passed" testListId="8c84fa94-04c1-424b-9868-57a2d4851a1d" relativeResultsDirectory="c9576807-9fdc-42f8-8d04-d04f14148289" dataRowInfo="11" resultType="DataDrivenDataRow" />
        <UnitTestResult executionId="d34cecd8-854c-456c-b8b1-36c51a6e75c2" parentExecutionId="c9576807-9fdc-42f8-8d04-d04f14148289" testId="783915fe-114a-e353-78dd-56e92a60f942" testName="all_persons_modal_should" computerName="ARPAN-LAP" duration="00:00:00.0241241" startTime="2014-06-25T20:05:53.2806070+05:30" endTime="2014-06-25T20:05:53.3056084+05:30" testType="13cdc9d9-ddb5-4fa4-a97d-d965ccfc6d4b" outcome="Passed" testListId="8c84fa94-04c1-424b-9868-57a2d4851a1d" relativeResultsDirectory="c9576807-9fdc-42f8-8d04-d04f14148289" dataRowInfo="12" resultType="DataDrivenDataRow" />
        <UnitTestResult executionId="637af636-ddeb-4780-a678-628a3e7e80e1" parentExecutionId="c9576807-9fdc-42f8-8d04-d04f14148289" testId="783915fe-114a-e353-78dd-56e92a60f942" testName="all_persons_modal_should" computerName="ARPAN-LAP" duration="00:00:00.0259831" startTime="2014-06-25T20:05:53.3056084+05:30" endTime="2014-06-25T20:05:53.3316099+05:30" testType="13cdc9d9-ddb5-4fa4-a97d-d965ccfc6d4b" outcome="Passed" testListId="8c84fa94-04c1-424b-9868-57a2d4851a1d" relativeResultsDirectory="c9576807-9fdc-42f8-8d04-d04f14148289" dataRowInfo="13" resultType="DataDrivenDataRow" />
        <UnitTestResult executionId="3114bc42-92ef-4314-b51e-efe9ffc33f03" parentExecutionId="c9576807-9fdc-42f8-8d04-d04f14148289" testId="783915fe-114a-e353-78dd-56e92a60f942" testName="all_persons_modal_should" computerName="ARPAN-LAP" duration="00:00:00.0273464" startTime="2014-06-25T20:05:53.3316099+05:30" endTime="2014-06-25T20:05:53.3586114+05:30" testType="13cdc9d9-ddb5-4fa4-a97d-d965ccfc6d4b" outcome="Passed" testListId="8c84fa94-04c1-424b-9868-57a2d4851a1d" relativeResultsDirectory="c9576807-9fdc-42f8-8d04-d04f14148289" dataRowInfo="14" resultType="DataDrivenDataRow" />
        <UnitTestResult executionId="0ea25a0f-e7c3-4009-8c5b-59b5bf7be271" parentExecutionId="c9576807-9fdc-42f8-8d04-d04f14148289" testId="783915fe-114a-e353-78dd-56e92a60f942" testName="all_persons_modal_should" computerName="ARPAN-LAP" duration="00:00:00.0215197" startTime="2014-06-25T20:05:53.3586114+05:30" endTime="2014-06-25T20:05:53.3806127+05:30" testType="13cdc9d9-ddb5-4fa4-a97d-d965ccfc6d4b" outcome="Passed" testListId="8c84fa94-04c1-424b-9868-57a2d4851a1d" relativeResultsDirectory="c9576807-9fdc-42f8-8d04-d04f14148289" dataRowInfo="15" resultType="DataDrivenDataRow" />
        <UnitTestResult executionId="afd149ee-7154-4f47-a747-407bab9b99ac" parentExecutionId="c9576807-9fdc-42f8-8d04-d04f14148289" testId="783915fe-114a-e353-78dd-56e92a60f942" testName="all_persons_modal_should" computerName="ARPAN-LAP" duration="00:00:00.0277103" startTime="2014-06-25T20:05:53.3806127+05:30" endTime="2014-06-25T20:05:53.4076142+05:30" testType="13cdc9d9-ddb5-4fa4-a97d-d965ccfc6d4b" outcome="Passed" testListId="8c84fa94-04c1-424b-9868-57a2d4851a1d" relativeResultsDirectory="c9576807-9fdc-42f8-8d04-d04f14148289" dataRowInfo="16" resultType="DataDrivenDataRow" />
      </InnerResults>
    </UnitTestResult>
    <UnitTestResult executionId="b54e4090-0f46-450b-9bd7-6ae12d8ec202" testId="7f7910d1-dc89-39b4-b4cf-d9e6d7af9420" testName="interrogative_sentences_what" computerName="ARPAN-LAP" duration="00:00:00.2141466" startTime="2014-06-25T20:05:53.4576171+05:30" endTime="2014-06-25T20:05:53.7086314+05:30" testType="13cdc9d9-ddb5-4fa4-a97d-d965ccfc6d4b" outcome="Passed" testListId="8c84fa94-04c1-424b-9868-57a2d4851a1d" relativeResultsDirectory="b54e4090-0f46-450b-9bd7-6ae12d8ec202" resultType="DataDrivenTest">
      <Counters error="0" failed="0" timeout="0" aborted="0" inconclusive="0" passedButRunAborted="0" notRunnable="0" notExecuted="0" disconnected="0" warning="0" passed="9" completed="0" inProgress="0" pending="0" />
      <InnerResults>
        <UnitTestResult executionId="c9dc2fd0-7f40-4cfb-98ae-0fc23b485601" parentExecutionId="b54e4090-0f46-450b-9bd7-6ae12d8ec202" testId="7f7910d1-dc89-39b4-b4cf-d9e6d7af9420" testName="interrogative_sentences_what" computerName="ARPAN-LAP" duration="00:00:00.0228553" startTime="2014-06-25T20:05:53.4706178+05:30" endTime="2014-06-25T20:05:53.4936191+05:30" testType="13cdc9d9-ddb5-4fa4-a97d-d965ccfc6d4b" outcome="Passed" testListId="8c84fa94-04c1-424b-9868-57a2d4851a1d" relativeResultsDirectory="b54e4090-0f46-450b-9bd7-6ae12d8ec202" dataRowInfo="0" resultType="DataDrivenDataRow" />
        <UnitTestResult executionId="f94de503-262f-4a4d-be22-498df4ce4ff8" parentExecutionId="b54e4090-0f46-450b-9bd7-6ae12d8ec202" testId="7f7910d1-dc89-39b4-b4cf-d9e6d7af9420" testName="interrogative_sentences_what" computerName="ARPAN-LAP" duration="00:00:00.0209834" startTime="2014-06-25T20:05:53.4936191+05:30" endTime="2014-06-25T20:05:53.5146203+05:30" testType="13cdc9d9-ddb5-4fa4-a97d-d965ccfc6d4b" outcome="Passed" testListId="8c84fa94-04c1-424b-9868-57a2d4851a1d" relativeResultsDirectory="b54e4090-0f46-450b-9bd7-6ae12d8ec202" dataRowInfo="1" resultType="DataDrivenDataRow" />
        <UnitTestResult executionId="1ecfc6bf-b950-4685-9a70-a0b7d71bfe01" parentExecutionId="b54e4090-0f46-450b-9bd7-6ae12d8ec202" testId="7f7910d1-dc89-39b4-b4cf-d9e6d7af9420" testName="interrogative_sentences_what" computerName="ARPAN-LAP" duration="00:00:00.0261756" startTime="2014-06-25T20:05:53.5146203+05:30" endTime="2014-06-25T20:05:53.5406218+05:30" testType="13cdc9d9-ddb5-4fa4-a97d-d965ccfc6d4b" outcome="Passed" testListId="8c84fa94-04c1-424b-9868-57a2d4851a1d" relativeResultsDirectory="b54e4090-0f46-450b-9bd7-6ae12d8ec202" dataRowInfo="2" resultType="DataDrivenDataRow" />
        <UnitTestResult executionId="71890572-fa7f-4a39-811c-5842e75562e8" parentExecutionId="b54e4090-0f46-450b-9bd7-6ae12d8ec202" testId="7f7910d1-dc89-39b4-b4cf-d9e6d7af9420" testName="interrogative_sentences_what" computerName="ARPAN-LAP" duration="00:00:00.0204850" startTime="2014-06-25T20:05:53.5406218+05:30" endTime="2014-06-25T20:05:53.5606230+05:30" testType="13cdc9d9-ddb5-4fa4-a97d-d965ccfc6d4b" outcome="Passed" testListId="8c84fa94-04c1-424b-9868-57a2d4851a1d" relativeResultsDirectory="b54e4090-0f46-450b-9bd7-6ae12d8ec202" dataRowInfo="3" resultType="DataDrivenDataRow" />
        <UnitTestResult executionId="6086ca75-4519-41e0-99be-d7fc4ba68ece" parentExecutionId="b54e4090-0f46-450b-9bd7-6ae12d8ec202" testId="7f7910d1-dc89-39b4-b4cf-d9e6d7af9420" testName="interrogative_sentences_what" computerName="ARPAN-LAP" duration="00:00:00.0202581" startTime="2014-06-25T20:05:53.5606230+05:30" endTime="2014-06-25T20:05:53.5816242+05:30" testType="13cdc9d9-ddb5-4fa4-a97d-d965ccfc6d4b" outcome="Passed" testListId="8c84fa94-04c1-424b-9868-57a2d4851a1d" relativeResultsDirectory="b54e4090-0f46-450b-9bd7-6ae12d8ec202" dataRowInfo="4" resultType="DataDrivenDataRow" />
        <UnitTestResult executionId="78bf66a8-2a3f-481e-a12b-b6fbee2c2821" parentExecutionId="b54e4090-0f46-450b-9bd7-6ae12d8ec202" testId="7f7910d1-dc89-39b4-b4cf-d9e6d7af9420" testName="interrogative_sentences_what" computerName="ARPAN-LAP" duration="00:00:00.0254929" startTime="2014-06-25T20:05:53.5816242+05:30" endTime="2014-06-25T20:05:53.6066256+05:30" testType="13cdc9d9-ddb5-4fa4-a97d-d965ccfc6d4b" outcome="Passed" testListId="8c84fa94-04c1-424b-9868-57a2d4851a1d" relativeResultsDirectory="b54e4090-0f46-450b-9bd7-6ae12d8ec202" dataRowInfo="5" resultType="DataDrivenDataRow" />
        <UnitTestResult executionId="84dedeb8-f711-46c7-b1d7-88d68c51ea03" parentExecutionId="b54e4090-0f46-450b-9bd7-6ae12d8ec202" testId="7f7910d1-dc89-39b4-b4cf-d9e6d7af9420" testName="interrogative_sentences_what" computerName="ARPAN-LAP" duration="00:00:00.0243525" startTime="2014-06-25T20:05:53.6066256+05:30" endTime="2014-06-25T20:05:53.6316270+05:30" testType="13cdc9d9-ddb5-4fa4-a97d-d965ccfc6d4b" outcome="Passed" testListId="8c84fa94-04c1-424b-9868-57a2d4851a1d" relativeResultsDirectory="b54e4090-0f46-450b-9bd7-6ae12d8ec202" dataRowInfo="6" resultType="DataDrivenDataRow" />
        <UnitTestResult executionId="e4d33dbe-8351-4379-a81a-50ef114fc3e6" parentExecutionId="b54e4090-0f46-450b-9bd7-6ae12d8ec202" testId="7f7910d1-dc89-39b4-b4cf-d9e6d7af9420" testName="interrogative_sentences_what" computerName="ARPAN-LAP" duration="00:00:00.0222198" startTime="2014-06-25T20:05:53.6316270+05:30" endTime="2014-06-25T20:05:53.6536283+05:30" testType="13cdc9d9-ddb5-4fa4-a97d-d965ccfc6d4b" outcome="Passed" testListId="8c84fa94-04c1-424b-9868-57a2d4851a1d" relativeResultsDirectory="b54e4090-0f46-450b-9bd7-6ae12d8ec202" dataRowInfo="7" resultType="DataDrivenDataRow" />
        <UnitTestResult executionId="f7464526-1cb3-4ab0-a0c9-1132382bf087" parentExecutionId="b54e4090-0f46-450b-9bd7-6ae12d8ec202" testId="7f7910d1-dc89-39b4-b4cf-d9e6d7af9420" testName="interrogative_sentences_what" computerName="ARPAN-LAP" duration="00:00:00.0275522" startTime="2014-06-25T20:05:53.6536283+05:30" endTime="2014-06-25T20:05:53.6816299+05:30" testType="13cdc9d9-ddb5-4fa4-a97d-d965ccfc6d4b" outcome="Passed" testListId="8c84fa94-04c1-424b-9868-57a2d4851a1d" relativeResultsDirectory="b54e4090-0f46-450b-9bd7-6ae12d8ec202" dataRowInfo="8" resultType="DataDrivenDataRow" />
      </InnerResults>
    </UnitTestResult>
    <UnitTestResult executionId="9dd334ed-3bcb-4bd7-b983-eba5d1c91287" testId="83c68223-dcaa-51dd-423f-434210a59f77" testName="second_person_tenses_active_negation" computerName="ARPAN-LAP" duration="00:00:00.2504285" startTime="2014-06-25T20:05:53.7176320+05:30" endTime="2014-06-25T20:05:54.0006481+05:30" testType="13cdc9d9-ddb5-4fa4-a97d-d965ccfc6d4b" outcome="Passed" testListId="8c84fa94-04c1-424b-9868-57a2d4851a1d" relativeResultsDirectory="9dd334ed-3bcb-4bd7-b983-eba5d1c91287" resultType="DataDrivenTest">
      <Counters error="0" failed="0" timeout="0" aborted="0" inconclusive="0" passedButRunAborted="0" notRunnable="0" notExecuted="0" disconnected="0" warning="0" passed="10" completed="0" inProgress="0" pending="0" />
      <InnerResults>
        <UnitTestResult executionId="cda0ad12-d3f9-472c-b7ba-cf158a5b68a2" parentExecutionId="9dd334ed-3bcb-4bd7-b983-eba5d1c91287" testId="83c68223-dcaa-51dd-423f-434210a59f77" testName="second_person_tenses_active_negation" computerName="ARPAN-LAP" duration="00:00:00.0288482" startTime="2014-06-25T20:05:53.7216322+05:30" endTime="2014-06-25T20:05:53.7506338+05:30" testType="13cdc9d9-ddb5-4fa4-a97d-d965ccfc6d4b" outcome="Passed" testListId="8c84fa94-04c1-424b-9868-57a2d4851a1d" relativeResultsDirectory="9dd334ed-3bcb-4bd7-b983-eba5d1c91287" dataRowInfo="0" resultType="DataDrivenDataRow" />
        <UnitTestResult executionId="26650f76-fd32-4914-a319-5bca569edca2" parentExecutionId="9dd334ed-3bcb-4bd7-b983-eba5d1c91287" testId="83c68223-dcaa-51dd-423f-434210a59f77" testName="second_person_tenses_active_negation" computerName="ARPAN-LAP" duration="00:00:00.0287163" startTime="2014-06-25T20:05:53.7506338+05:30" endTime="2014-06-25T20:05:53.7796355+05:30" testType="13cdc9d9-ddb5-4fa4-a97d-d965ccfc6d4b" outcome="Passed" testListId="8c84fa94-04c1-424b-9868-57a2d4851a1d" relativeResultsDirectory="9dd334ed-3bcb-4bd7-b983-eba5d1c91287" dataRowInfo="1" resultType="DataDrivenDataRow" />
        <UnitTestResult executionId="f055f9e3-cfb0-4838-88df-9620496d2e64" parentExecutionId="9dd334ed-3bcb-4bd7-b983-eba5d1c91287" testId="83c68223-dcaa-51dd-423f-434210a59f77" testName="second_person_tenses_active_negation" computerName="ARPAN-LAP" duration="00:00:00.0286213" startTime="2014-06-25T20:05:53.7796355+05:30" endTime="2014-06-25T20:05:53.8086372+05:30" testType="13cdc9d9-ddb5-4fa4-a97d-d965ccfc6d4b" outcome="Passed" testListId="8c84fa94-04c1-424b-9868-57a2d4851a1d" relativeResultsDirectory="9dd334ed-3bcb-4bd7-b983-eba5d1c91287" dataRowInfo="2" resultType="DataDrivenDataRow" />
        <UnitTestResult executionId="5cb7200a-3a96-4a8f-a06b-eea41ff90668" parentExecutionId="9dd334ed-3bcb-4bd7-b983-eba5d1c91287" testId="83c68223-dcaa-51dd-423f-434210a59f77" testName="second_person_tenses_active_negation" computerName="ARPAN-LAP" duration="00:00:00.0309243" startTime="2014-06-25T20:05:53.8086372+05:30" endTime="2014-06-25T20:05:53.8396389+05:30" testType="13cdc9d9-ddb5-4fa4-a97d-d965ccfc6d4b" outcome="Passed" testListId="8c84fa94-04c1-424b-9868-57a2d4851a1d" relativeResultsDirectory="9dd334ed-3bcb-4bd7-b983-eba5d1c91287" dataRowInfo="3" resultType="DataDrivenDataRow" />
        <UnitTestResult executionId="05b78629-a9ee-4687-a83b-bb0a912dc098" parentExecutionId="9dd334ed-3bcb-4bd7-b983-eba5d1c91287" testId="83c68223-dcaa-51dd-423f-434210a59f77" testName="second_person_tenses_active_negation" computerName="ARPAN-LAP" duration="00:00:00.0199317" startTime="2014-06-25T20:05:53.8396389+05:30" endTime="2014-06-25T20:05:53.8596401+05:30" testType="13cdc9d9-ddb5-4fa4-a97d-d965ccfc6d4b" outcome="Passed" testListId="8c84fa94-04c1-424b-9868-57a2d4851a1d" relativeResultsDirectory="9dd334ed-3bcb-4bd7-b983-eba5d1c91287" dataRowInfo="4" resultType="DataDrivenDataRow" />
        <UnitTestResult executionId="594c4733-a554-4639-8d52-740a56a14d41" parentExecutionId="9dd334ed-3bcb-4bd7-b983-eba5d1c91287" testId="83c68223-dcaa-51dd-423f-434210a59f77" testName="second_person_tenses_active_negation" computerName="ARPAN-LAP" duration="00:00:00.0196607" startTime="2014-06-25T20:05:53.8596401+05:30" endTime="2014-06-25T20:05:53.8786412+05:30" testType="13cdc9d9-ddb5-4fa4-a97d-d965ccfc6d4b" outcome="Passed" testListId="8c84fa94-04c1-424b-9868-57a2d4851a1d" relativeResultsDirectory="9dd334ed-3bcb-4bd7-b983-eba5d1c91287" dataRowInfo="5" resultType="DataDrivenDataRow" />
        <UnitTestResult executionId="c98256a7-b3aa-42df-9cd2-d745287df45d" parentExecutionId="9dd334ed-3bcb-4bd7-b983-eba5d1c91287" testId="83c68223-dcaa-51dd-423f-434210a59f77" testName="second_person_tenses_active_negation" computerName="ARPAN-LAP" duration="00:00:00.0214253" startTime="2014-06-25T20:05:53.8786412+05:30" endTime="2014-06-25T20:05:53.9006424+05:30" testType="13cdc9d9-ddb5-4fa4-a97d-d965ccfc6d4b" outcome="Passed" testListId="8c84fa94-04c1-424b-9868-57a2d4851a1d" relativeResultsDirectory="9dd334ed-3bcb-4bd7-b983-eba5d1c91287" dataRowInfo="6" resultType="DataDrivenDataRow" />
        <UnitTestResult executionId="2d6c27b1-725f-4d7d-8583-165797855cc4" parentExecutionId="9dd334ed-3bcb-4bd7-b983-eba5d1c91287" testId="83c68223-dcaa-51dd-423f-434210a59f77" testName="second_person_tenses_active_negation" computerName="ARPAN-LAP" duration="00:00:00.0247354" startTime="2014-06-25T20:05:53.9006424+05:30" endTime="2014-06-25T20:05:53.9256439+05:30" testType="13cdc9d9-ddb5-4fa4-a97d-d965ccfc6d4b" outcome="Passed" testListId="8c84fa94-04c1-424b-9868-57a2d4851a1d" relativeResultsDirectory="9dd334ed-3bcb-4bd7-b983-eba5d1c91287" dataRowInfo="7" resultType="DataDrivenDataRow" />
        <UnitTestResult executionId="266fbcea-8419-4231-a0b5-cef316e85d4a" parentExecutionId="9dd334ed-3bcb-4bd7-b983-eba5d1c91287" testId="83c68223-dcaa-51dd-423f-434210a59f77" testName="second_person_tenses_active_negation" computerName="ARPAN-LAP" duration="00:00:00.0190648" startTime="2014-06-25T20:05:53.9256439+05:30" endTime="2014-06-25T20:05:53.9446449+05:30" testType="13cdc9d9-ddb5-4fa4-a97d-d965ccfc6d4b" outcome="Passed" testListId="8c84fa94-04c1-424b-9868-57a2d4851a1d" relativeResultsDirectory="9dd334ed-3bcb-4bd7-b983-eba5d1c91287" dataRowInfo="8" resultType="DataDrivenDataRow" />
        <UnitTestResult executionId="5d6801c7-2336-41b2-b12b-ebb7bad1dc57" parentExecutionId="9dd334ed-3bcb-4bd7-b983-eba5d1c91287" testId="83c68223-dcaa-51dd-423f-434210a59f77" testName="second_person_tenses_active_negation" computerName="ARPAN-LAP" duration="00:00:00.0262870" startTime="2014-06-25T20:05:53.9446449+05:30" endTime="2014-06-25T20:05:53.9706464+05:30" testType="13cdc9d9-ddb5-4fa4-a97d-d965ccfc6d4b" outcome="Passed" testListId="8c84fa94-04c1-424b-9868-57a2d4851a1d" relativeResultsDirectory="9dd334ed-3bcb-4bd7-b983-eba5d1c91287" dataRowInfo="9" resultType="DataDrivenDataRow" />
      </InnerResults>
    </UnitTestResult>
    <UnitTestResult executionId="4a0b34a5-b340-4f79-b04f-1c26aada6408" testId="8fe5ccb3-a3f4-0f61-ad21-e94ef029e900" testName="all_persons_modal_can_may" computerName="ARPAN-LAP" duration="00:00:00.6957090" startTime="2014-06-25T20:05:54.0106487+05:30" endTime="2014-06-25T20:05:54.7896933+05:30" testType="13cdc9d9-ddb5-4fa4-a97d-d965ccfc6d4b" outcome="Passed" testListId="8c84fa94-04c1-424b-9868-57a2d4851a1d" relativeResultsDirectory="4a0b34a5-b340-4f79-b04f-1c26aada6408" resultType="DataDrivenTest">
      <Counters error="0" failed="0" timeout="0" aborted="0" inconclusive="0" passedButRunAborted="0" notRunnable="0" notExecuted="0" disconnected="0" warning="0" passed="29" completed="0" inProgress="0" pending="0" />
      <InnerResults>
        <UnitTestResult executionId="cdd556e5-094a-4f96-974b-20edab6591d7" parentExecutionId="4a0b34a5-b340-4f79-b04f-1c26aada6408" testId="8fe5ccb3-a3f4-0f61-ad21-e94ef029e900" testName="all_persons_modal_can_may" computerName="ARPAN-LAP" duration="00:00:00.0265410" startTime="2014-06-25T20:05:54.0156490+05:30" endTime="2014-06-25T20:05:54.0426505+05:30" testType="13cdc9d9-ddb5-4fa4-a97d-d965ccfc6d4b" outcome="Passed" testListId="8c84fa94-04c1-424b-9868-57a2d4851a1d" relativeResultsDirectory="4a0b34a5-b340-4f79-b04f-1c26aada6408" dataRowInfo="0" resultType="DataDrivenDataRow" />
        <UnitTestResult executionId="3a43715e-a730-43ea-a235-5611fd46e9d0" parentExecutionId="4a0b34a5-b340-4f79-b04f-1c26aada6408" testId="8fe5ccb3-a3f4-0f61-ad21-e94ef029e900" testName="all_persons_modal_can_may" computerName="ARPAN-LAP" duration="00:00:00.0232027" startTime="2014-06-25T20:05:54.0426505+05:30" endTime="2014-06-25T20:05:54.0656519+05:30" testType="13cdc9d9-ddb5-4fa4-a97d-d965ccfc6d4b" outcome="Passed" testListId="8c84fa94-04c1-424b-9868-57a2d4851a1d" relativeResultsDirectory="4a0b34a5-b340-4f79-b04f-1c26aada6408" dataRowInfo="1" resultType="DataDrivenDataRow" />
        <UnitTestResult executionId="d3121d8c-cca2-4f86-a1a4-2a4254ecdb4c" parentExecutionId="4a0b34a5-b340-4f79-b04f-1c26aada6408" testId="8fe5ccb3-a3f4-0f61-ad21-e94ef029e900" testName="all_persons_modal_can_may" computerName="ARPAN-LAP" duration="00:00:00.0241123" startTime="2014-06-25T20:05:54.0656519+05:30" endTime="2014-06-25T20:05:54.0896532+05:30" testType="13cdc9d9-ddb5-4fa4-a97d-d965ccfc6d4b" outcome="Passed" testListId="8c84fa94-04c1-424b-9868-57a2d4851a1d" relativeResultsDirectory="4a0b34a5-b340-4f79-b04f-1c26aada6408" dataRowInfo="2" resultType="DataDrivenDataRow" />
        <UnitTestResult executionId="557ce1a8-d0d9-46e4-b73a-2595eb76e707" parentExecutionId="4a0b34a5-b340-4f79-b04f-1c26aada6408" testId="8fe5ccb3-a3f4-0f61-ad21-e94ef029e900" testName="all_persons_modal_can_may" computerName="ARPAN-LAP" duration="00:00:00.0268444" startTime="2014-06-25T20:05:54.0896532+05:30" endTime="2014-06-25T20:05:54.1166548+05:30" testType="13cdc9d9-ddb5-4fa4-a97d-d965ccfc6d4b" outcome="Passed" testListId="8c84fa94-04c1-424b-9868-57a2d4851a1d" relativeResultsDirectory="4a0b34a5-b340-4f79-b04f-1c26aada6408" dataRowInfo="3" resultType="DataDrivenDataRow" />
        <UnitTestResult executionId="16496a50-9461-4d24-be13-dfeca2ca1fec" parentExecutionId="4a0b34a5-b340-4f79-b04f-1c26aada6408" testId="8fe5ccb3-a3f4-0f61-ad21-e94ef029e900" testName="all_persons_modal_can_may" computerName="ARPAN-LAP" duration="00:00:00.0249658" startTime="2014-06-25T20:05:54.1166548+05:30" endTime="2014-06-25T20:05:54.1416562+05:30" testType="13cdc9d9-ddb5-4fa4-a97d-d965ccfc6d4b" outcome="Passed" testListId="8c84fa94-04c1-424b-9868-57a2d4851a1d" relativeResultsDirectory="4a0b34a5-b340-4f79-b04f-1c26aada6408" dataRowInfo="4" resultType="DataDrivenDataRow" />
        <UnitTestResult executionId="318cc7d0-46eb-460b-a861-30d1c7e2297e" parentExecutionId="4a0b34a5-b340-4f79-b04f-1c26aada6408" testId="8fe5ccb3-a3f4-0f61-ad21-e94ef029e900" testName="all_persons_modal_can_may" computerName="ARPAN-LAP" duration="00:00:00.0253123" startTime="2014-06-25T20:05:54.1416562+05:30" endTime="2014-06-25T20:05:54.1666576+05:30" testType="13cdc9d9-ddb5-4fa4-a97d-d965ccfc6d4b" outcome="Passed" testListId="8c84fa94-04c1-424b-9868-57a2d4851a1d" relativeResultsDirectory="4a0b34a5-b340-4f79-b04f-1c26aada6408" dataRowInfo="5" resultType="DataDrivenDataRow" />
        <UnitTestResult executionId="bc5d3957-646f-40a1-a9be-48ba99a11def" parentExecutionId="4a0b34a5-b340-4f79-b04f-1c26aada6408" testId="8fe5ccb3-a3f4-0f61-ad21-e94ef029e900" testName="all_persons_modal_can_may" computerName="ARPAN-LAP" duration="00:00:00.0305579" startTime="2014-06-25T20:05:54.1666576+05:30" endTime="2014-06-25T20:05:54.1976594+05:30" testType="13cdc9d9-ddb5-4fa4-a97d-d965ccfc6d4b" outcome="Passed" testListId="8c84fa94-04c1-424b-9868-57a2d4851a1d" relativeResultsDirectory="4a0b34a5-b340-4f79-b04f-1c26aada6408" dataRowInfo="6" resultType="DataDrivenDataRow" />
        <UnitTestResult executionId="5d112eee-6880-49df-ba1f-956798db9e51" parentExecutionId="4a0b34a5-b340-4f79-b04f-1c26aada6408" testId="8fe5ccb3-a3f4-0f61-ad21-e94ef029e900" testName="all_persons_modal_can_may" computerName="ARPAN-LAP" duration="00:00:00.0327059" startTime="2014-06-25T20:05:54.1976594+05:30" endTime="2014-06-25T20:05:54.2306613+05:30" testType="13cdc9d9-ddb5-4fa4-a97d-d965ccfc6d4b" outcome="Passed" testListId="8c84fa94-04c1-424b-9868-57a2d4851a1d" relativeResultsDirectory="4a0b34a5-b340-4f79-b04f-1c26aada6408" dataRowInfo="7" resultType="DataDrivenDataRow" />
        <UnitTestResult executionId="591ce218-91a8-4db3-b5ae-d7749e58a5cf" parentExecutionId="4a0b34a5-b340-4f79-b04f-1c26aada6408" testId="8fe5ccb3-a3f4-0f61-ad21-e94ef029e900" testName="all_persons_modal_can_may" computerName="ARPAN-LAP" duration="00:00:00.0183821" startTime="2014-06-25T20:05:54.2306613+05:30" endTime="2014-06-25T20:05:54.2486623+05:30" testType="13cdc9d9-ddb5-4fa4-a97d-d965ccfc6d4b" outcome="Passed" testListId="8c84fa94-04c1-424b-9868-57a2d4851a1d" relativeResultsDirectory="4a0b34a5-b340-4f79-b04f-1c26aada6408" dataRowInfo="8" resultType="DataDrivenDataRow" />
        <UnitTestResult executionId="3542a573-be33-48a5-a9c1-3b3f64860b7b" parentExecutionId="4a0b34a5-b340-4f79-b04f-1c26aada6408" testId="8fe5ccb3-a3f4-0f61-ad21-e94ef029e900" testName="all_persons_modal_can_may" computerName="ARPAN-LAP" duration="00:00:00.0189436" startTime="2014-06-25T20:05:54.2486623+05:30" endTime="2014-06-25T20:05:54.2676634+05:30" testType="13cdc9d9-ddb5-4fa4-a97d-d965ccfc6d4b" outcome="Passed" testListId="8c84fa94-04c1-424b-9868-57a2d4851a1d" relativeResultsDirectory="4a0b34a5-b340-4f79-b04f-1c26aada6408" dataRowInfo="9" resultType="DataDrivenDataRow" />
        <UnitTestResult executionId="e6215421-10d3-467a-8505-90485608809d" parentExecutionId="4a0b34a5-b340-4f79-b04f-1c26aada6408" testId="8fe5ccb3-a3f4-0f61-ad21-e94ef029e900" testName="all_persons_modal_can_may" computerName="ARPAN-LAP" duration="00:00:00.0223127" startTime="2014-06-25T20:05:54.2676634+05:30" endTime="2014-06-25T20:05:54.2896647+05:30" testType="13cdc9d9-ddb5-4fa4-a97d-d965ccfc6d4b" outcome="Passed" testListId="8c84fa94-04c1-424b-9868-57a2d4851a1d" relativeResultsDirectory="4a0b34a5-b340-4f79-b04f-1c26aada6408" dataRowInfo="10" resultType="DataDrivenDataRow" />
        <UnitTestResult executionId="bb618c2b-0c4b-4ea7-a6d9-845676d07816" parentExecutionId="4a0b34a5-b340-4f79-b04f-1c26aada6408" testId="8fe5ccb3-a3f4-0f61-ad21-e94ef029e900" testName="all_persons_modal_can_may" computerName="ARPAN-LAP" duration="00:00:00.0263583" startTime="2014-06-25T20:05:54.2896647+05:30" endTime="2014-06-25T20:05:54.3166662+05:30" testType="13cdc9d9-ddb5-4fa4-a97d-d965ccfc6d4b" outcome="Passed" testListId="8c84fa94-04c1-424b-9868-57a2d4851a1d" relativeResultsDirectory="4a0b34a5-b340-4f79-b04f-1c26aada6408" dataRowInfo="11" resultType="DataDrivenDataRow" />
        <UnitTestResult executionId="c093910c-190f-4bcf-b15c-e150eb6594d0" parentExecutionId="4a0b34a5-b340-4f79-b04f-1c26aada6408" testId="8fe5ccb3-a3f4-0f61-ad21-e94ef029e900" testName="all_persons_modal_can_may" computerName="ARPAN-LAP" duration="00:00:00.0333670" startTime="2014-06-25T20:05:54.3166662+05:30" endTime="2014-06-25T20:05:54.3496681+05:30" testType="13cdc9d9-ddb5-4fa4-a97d-d965ccfc6d4b" outcome="Passed" testListId="8c84fa94-04c1-424b-9868-57a2d4851a1d" relativeResultsDirectory="4a0b34a5-b340-4f79-b04f-1c26aada6408" dataRowInfo="12" resultType="DataDrivenDataRow" />
        <UnitTestResult executionId="cdaabcc5-ee39-4147-843f-fd3eb02fbb26" parentExecutionId="4a0b34a5-b340-4f79-b04f-1c26aada6408" testId="8fe5ccb3-a3f4-0f61-ad21-e94ef029e900" testName="all_persons_modal_can_may" computerName="ARPAN-LAP" duration="00:00:00.0261279" startTime="2014-06-25T20:05:54.3496681+05:30" endTime="2014-06-25T20:05:54.3756696+05:30" testType="13cdc9d9-ddb5-4fa4-a97d-d965ccfc6d4b" outcome="Passed" testListId="8c84fa94-04c1-424b-9868-57a2d4851a1d" relativeResultsDirectory="4a0b34a5-b340-4f79-b04f-1c26aada6408" dataRowInfo="13" resultType="DataDrivenDataRow" />
        <UnitTestResult executionId="45c67b76-6d24-4bd8-a7ee-828604f60443" parentExecutionId="4a0b34a5-b340-4f79-b04f-1c26aada6408" testId="8fe5ccb3-a3f4-0f61-ad21-e94ef029e900" testName="all_persons_modal_can_may" computerName="ARPAN-LAP" duration="00:00:00.0235995" startTime="2014-06-25T20:05:54.3756696+05:30" endTime="2014-06-25T20:05:54.3996710+05:30" testType="13cdc9d9-ddb5-4fa4-a97d-d965ccfc6d4b" outcome="Passed" testListId="8c84fa94-04c1-424b-9868-57a2d4851a1d" relativeResultsDirectory="4a0b34a5-b340-4f79-b04f-1c26aada6408" dataRowInfo="14" resultType="DataDrivenDataRow" />
        <UnitTestResult executionId="457331df-e331-4521-b4f5-c3c3b2908c3b" parentExecutionId="4a0b34a5-b340-4f79-b04f-1c26aada6408" testId="8fe5ccb3-a3f4-0f61-ad21-e94ef029e900" testName="all_persons_modal_can_may" computerName="ARPAN-LAP" duration="00:00:00.0243591" startTime="2014-06-25T20:05:54.3996710+05:30" endTime="2014-06-25T20:05:54.4236723+05:30" testType="13cdc9d9-ddb5-4fa4-a97d-d965ccfc6d4b" outcome="Passed" testListId="8c84fa94-04c1-424b-9868-57a2d4851a1d" relativeResultsDirectory="4a0b34a5-b340-4f79-b04f-1c26aada6408" dataRowInfo="15" resultType="DataDrivenDataRow" />
        <UnitTestResult executionId="1ef44a47-e84d-4cdc-b856-78e267aec713" parentExecutionId="4a0b34a5-b340-4f79-b04f-1c26aada6408" testId="8fe5ccb3-a3f4-0f61-ad21-e94ef029e900" testName="all_persons_modal_can_may" computerName="ARPAN-LAP" duration="00:00:00.0177549" startTime="2014-06-25T20:05:54.4236723+05:30" endTime="2014-06-25T20:05:54.4416734+05:30" testType="13cdc9d9-ddb5-4fa4-a97d-d965ccfc6d4b" outcome="Passed" testListId="8c84fa94-04c1-424b-9868-57a2d4851a1d" relativeResultsDirectory="4a0b34a5-b340-4f79-b04f-1c26aada6408" dataRowInfo="16" resultType="DataDrivenDataRow" />
        <UnitTestResult executionId="5e4f936d-3429-4a8c-9a99-feefc780dae6" parentExecutionId="4a0b34a5-b340-4f79-b04f-1c26aada6408" testId="8fe5ccb3-a3f4-0f61-ad21-e94ef029e900" testName="all_persons_modal_can_may" computerName="ARPAN-LAP" duration="00:00:00.0172037" startTime="2014-06-25T20:05:54.4416734+05:30" endTime="2014-06-25T20:05:54.4596744+05:30" testType="13cdc9d9-ddb5-4fa4-a97d-d965ccfc6d4b" outcome="Passed" testListId="8c84fa94-04c1-424b-9868-57a2d4851a1d" relativeResultsDirectory="4a0b34a5-b340-4f79-b04f-1c26aada6408" dataRowInfo="17" resultType="DataDrivenDataRow" />
        <UnitTestResult executionId="c3652c4e-1c5e-4065-af8c-e8f118061bfe" parentExecutionId="4a0b34a5-b340-4f79-b04f-1c26aada6408" testId="8fe5ccb3-a3f4-0f61-ad21-e94ef029e900" testName="all_persons_modal_can_may" computerName="ARPAN-LAP" duration="00:00:00.0178180" startTime="2014-06-25T20:05:54.4596744+05:30" endTime="2014-06-25T20:05:54.4766754+05:30" testType="13cdc9d9-ddb5-4fa4-a97d-d965ccfc6d4b" outcome="Passed" testListId="8c84fa94-04c1-424b-9868-57a2d4851a1d" relativeResultsDirectory="4a0b34a5-b340-4f79-b04f-1c26aada6408" dataRowInfo="18" resultType="DataDrivenDataRow" />
        <UnitTestResult executionId="75a924b1-0c9a-4132-b375-29172185983b" parentExecutionId="4a0b34a5-b340-4f79-b04f-1c26aada6408" testId="8fe5ccb3-a3f4-0f61-ad21-e94ef029e900" testName="all_persons_modal_can_may" computerName="ARPAN-LAP" duration="00:00:00.0190355" startTime="2014-06-25T20:05:54.4766754+05:30" endTime="2014-06-25T20:05:54.4956765+05:30" testType="13cdc9d9-ddb5-4fa4-a97d-d965ccfc6d4b" outcome="Passed" testListId="8c84fa94-04c1-424b-9868-57a2d4851a1d" relativeResultsDirectory="4a0b34a5-b340-4f79-b04f-1c26aada6408" dataRowInfo="19" resultType="DataDrivenDataRow" />
        <UnitTestResult executionId="29a3b423-43ee-4090-a0bb-3bcf574a6690" parentExecutionId="4a0b34a5-b340-4f79-b04f-1c26aada6408" testId="8fe5ccb3-a3f4-0f61-ad21-e94ef029e900" testName="all_persons_modal_can_may" computerName="ARPAN-LAP" duration="00:00:00.0236277" startTime="2014-06-25T20:05:54.4956765+05:30" endTime="2014-06-25T20:05:54.5196778+05:30" testType="13cdc9d9-ddb5-4fa4-a97d-d965ccfc6d4b" outcome="Passed" testListId="8c84fa94-04c1-424b-9868-57a2d4851a1d" relativeResultsDirectory="4a0b34a5-b340-4f79-b04f-1c26aada6408" dataRowInfo="20" resultType="DataDrivenDataRow" />
        <UnitTestResult executionId="af35bc25-ee09-4de3-9b82-5f1e27e18237" parentExecutionId="4a0b34a5-b340-4f79-b04f-1c26aada6408" testId="8fe5ccb3-a3f4-0f61-ad21-e94ef029e900" testName="all_persons_modal_can_may" computerName="ARPAN-LAP" duration="00:00:00.0236077" startTime="2014-06-25T20:05:54.5196778+05:30" endTime="2014-06-25T20:05:54.5436792+05:30" testType="13cdc9d9-ddb5-4fa4-a97d-d965ccfc6d4b" outcome="Passed" testListId="8c84fa94-04c1-424b-9868-57a2d4851a1d" relativeResultsDirectory="4a0b34a5-b340-4f79-b04f-1c26aada6408" dataRowInfo="21" resultType="DataDrivenDataRow" />
        <UnitTestResult executionId="dd50cdd6-7d2c-4ce6-803a-e28ea6d3f20a" parentExecutionId="4a0b34a5-b340-4f79-b04f-1c26aada6408" testId="8fe5ccb3-a3f4-0f61-ad21-e94ef029e900" testName="all_persons_modal_can_may" computerName="ARPAN-LAP" duration="00:00:00.0234789" startTime="2014-06-25T20:05:54.5436792+05:30" endTime="2014-06-25T20:05:54.5666805+05:30" testType="13cdc9d9-ddb5-4fa4-a97d-d965ccfc6d4b" outcome="Passed" testListId="8c84fa94-04c1-424b-9868-57a2d4851a1d" relativeResultsDirectory="4a0b34a5-b340-4f79-b04f-1c26aada6408" dataRowInfo="22" resultType="DataDrivenDataRow" />
        <UnitTestResult executionId="1b8cbf9a-08d8-4fe4-ba36-b6fbde491efb" parentExecutionId="4a0b34a5-b340-4f79-b04f-1c26aada6408" testId="8fe5ccb3-a3f4-0f61-ad21-e94ef029e900" testName="all_persons_modal_can_may" computerName="ARPAN-LAP" duration="00:00:00.0209474" startTime="2014-06-25T20:05:54.5666805+05:30" endTime="2014-06-25T20:05:54.5876817+05:30" testType="13cdc9d9-ddb5-4fa4-a97d-d965ccfc6d4b" outcome="Passed" testListId="8c84fa94-04c1-424b-9868-57a2d4851a1d" relativeResultsDirectory="4a0b34a5-b340-4f79-b04f-1c26aada6408" dataRowInfo="23" resultType="DataDrivenDataRow" />
        <UnitTestResult executionId="f3411657-3c3f-48db-98c4-4744ce724deb" parentExecutionId="4a0b34a5-b340-4f79-b04f-1c26aada6408" testId="8fe5ccb3-a3f4-0f61-ad21-e94ef029e900" testName="all_persons_modal_can_may" computerName="ARPAN-LAP" duration="00:00:00.0210316" startTime="2014-06-25T20:05:54.5876817+05:30" endTime="2014-06-25T20:05:54.6086829+05:30" testType="13cdc9d9-ddb5-4fa4-a97d-d965ccfc6d4b" outcome="Passed" testListId="8c84fa94-04c1-424b-9868-57a2d4851a1d" relativeResultsDirectory="4a0b34a5-b340-4f79-b04f-1c26aada6408" dataRowInfo="24" resultType="DataDrivenDataRow" />
        <UnitTestResult executionId="5d32d1e1-4167-497e-bb1e-79ddd900243c" parentExecutionId="4a0b34a5-b340-4f79-b04f-1c26aada6408" testId="8fe5ccb3-a3f4-0f61-ad21-e94ef029e900" testName="all_persons_modal_can_may" computerName="ARPAN-LAP" duration="00:00:00.0217897" startTime="2014-06-25T20:05:54.6086829+05:30" endTime="2014-06-25T20:05:54.6306842+05:30" testType="13cdc9d9-ddb5-4fa4-a97d-d965ccfc6d4b" outcome="Passed" testListId="8c84fa94-04c1-424b-9868-57a2d4851a1d" relativeResultsDirectory="4a0b34a5-b340-4f79-b04f-1c26aada6408" dataRowInfo="25" resultType="DataDrivenDataRow" />
        <UnitTestResult executionId="cb06f62d-755b-40af-9ca1-e152a6f0ef45" parentExecutionId="4a0b34a5-b340-4f79-b04f-1c26aada6408" testId="8fe5ccb3-a3f4-0f61-ad21-e94ef029e900" testName="all_persons_modal_can_may" computerName="ARPAN-LAP" duration="00:00:00.0227387" startTime="2014-06-25T20:05:54.6306842+05:30" endTime="2014-06-25T20:05:54.6536855+05:30" testType="13cdc9d9-ddb5-4fa4-a97d-d965ccfc6d4b" outcome="Passed" testListId="8c84fa94-04c1-424b-9868-57a2d4851a1d" relativeResultsDirectory="4a0b34a5-b340-4f79-b04f-1c26aada6408" dataRowInfo="26" resultType="DataDrivenDataRow" />
        <UnitTestResult executionId="6f210032-1107-44bb-8ea6-424582f6b009" parentExecutionId="4a0b34a5-b340-4f79-b04f-1c26aada6408" testId="8fe5ccb3-a3f4-0f61-ad21-e94ef029e900" testName="all_persons_modal_can_may" computerName="ARPAN-LAP" duration="00:00:00.0277277" startTime="2014-06-25T20:05:54.6536855+05:30" endTime="2014-06-25T20:05:54.6816871+05:30" testType="13cdc9d9-ddb5-4fa4-a97d-d965ccfc6d4b" outcome="Passed" testListId="8c84fa94-04c1-424b-9868-57a2d4851a1d" relativeResultsDirectory="4a0b34a5-b340-4f79-b04f-1c26aada6408" dataRowInfo="27" resultType="DataDrivenDataRow" />
        <UnitTestResult executionId="4522cefa-a1ab-4f44-bbb3-8b264ff7489d" parentExecutionId="4a0b34a5-b340-4f79-b04f-1c26aada6408" testId="8fe5ccb3-a3f4-0f61-ad21-e94ef029e900" testName="all_persons_modal_can_may" computerName="ARPAN-LAP" duration="00:00:00.0278252" startTime="2014-06-25T20:05:54.6816871+05:30" endTime="2014-06-25T20:05:54.7096887+05:30" testType="13cdc9d9-ddb5-4fa4-a97d-d965ccfc6d4b" outcome="Passed" testListId="8c84fa94-04c1-424b-9868-57a2d4851a1d" relativeResultsDirectory="4a0b34a5-b340-4f79-b04f-1c26aada6408" dataRowInfo="28" resultType="DataDrivenDataRow" />
      </InnerResults>
    </UnitTestResult>
    <UnitTestResult executionId="5450b3f5-d66c-4289-8fbd-58a248d02978" testId="921e6ab0-d7c2-6005-e523-6fd2d5e1a723" testName="first_person_tenses_active" computerName="ARPAN-LAP" duration="00:00:00.2390940" startTime="2014-06-25T20:05:54.7996938+05:30" endTime="2014-06-25T20:05:55.0907105+05:30" testType="13cdc9d9-ddb5-4fa4-a97d-d965ccfc6d4b" outcome="Passed" testListId="8c84fa94-04c1-424b-9868-57a2d4851a1d" relativeResultsDirectory="5450b3f5-d66c-4289-8fbd-58a248d02978" resultType="DataDrivenTest">
      <Counters error="0" failed="0" timeout="0" aborted="0" inconclusive="0" passedButRunAborted="0" notRunnable="0" notExecuted="0" disconnected="0" warning="0" passed="10" completed="0" inProgress="0" pending="0" />
      <InnerResults>
        <UnitTestResult executionId="12a1bd3a-deb4-478c-90c7-9f1f276a8f43" parentExecutionId="5450b3f5-d66c-4289-8fbd-58a248d02978" testId="921e6ab0-d7c2-6005-e523-6fd2d5e1a723" testName="first_person_tenses_active" computerName="ARPAN-LAP" duration="00:00:00.0189467" startTime="2014-06-25T20:05:54.8126946+05:30" endTime="2014-06-25T20:05:54.8316957+05:30" testType="13cdc9d9-ddb5-4fa4-a97d-d965ccfc6d4b" outcome="Passed" testListId="8c84fa94-04c1-424b-9868-57a2d4851a1d" relativeResultsDirectory="5450b3f5-d66c-4289-8fbd-58a248d02978" dataRowInfo="0" resultType="DataDrivenDataRow" />
        <UnitTestResult executionId="e2f809ef-6ff6-49dc-99df-3476d18a7ba9" parentExecutionId="5450b3f5-d66c-4289-8fbd-58a248d02978" testId="921e6ab0-d7c2-6005-e523-6fd2d5e1a723" testName="first_person_tenses_active" computerName="ARPAN-LAP" duration="00:00:00.0237155" startTime="2014-06-25T20:05:54.8316957+05:30" endTime="2014-06-25T20:05:54.8556970+05:30" testType="13cdc9d9-ddb5-4fa4-a97d-d965ccfc6d4b" outcome="Passed" testListId="8c84fa94-04c1-424b-9868-57a2d4851a1d" relativeResultsDirectory="5450b3f5-d66c-4289-8fbd-58a248d02978" dataRowInfo="1" resultType="DataDrivenDataRow" />
        <UnitTestResult executionId="69fe60aa-799b-4a96-abc9-43af7fc5ee39" parentExecutionId="5450b3f5-d66c-4289-8fbd-58a248d02978" testId="921e6ab0-d7c2-6005-e523-6fd2d5e1a723" testName="first_person_tenses_active" computerName="ARPAN-LAP" duration="00:00:00.0220340" startTime="2014-06-25T20:05:54.8556970+05:30" endTime="2014-06-25T20:05:54.8776983+05:30" testType="13cdc9d9-ddb5-4fa4-a97d-d965ccfc6d4b" outcome="Passed" testListId="8c84fa94-04c1-424b-9868-57a2d4851a1d" relativeResultsDirectory="5450b3f5-d66c-4289-8fbd-58a248d02978" dataRowInfo="2" resultType="DataDrivenDataRow" />
        <UnitTestResult executionId="74a9141b-6a54-4ae3-b7cf-af23d71efe26" parentExecutionId="5450b3f5-d66c-4289-8fbd-58a248d02978" testId="921e6ab0-d7c2-6005-e523-6fd2d5e1a723" testName="first_person_tenses_active" computerName="ARPAN-LAP" duration="00:00:00.0283252" startTime="2014-06-25T20:05:54.8776983+05:30" endTime="2014-06-25T20:05:54.9056999+05:30" testType="13cdc9d9-ddb5-4fa4-a97d-d965ccfc6d4b" outcome="Passed" testListId="8c84fa94-04c1-424b-9868-57a2d4851a1d" relativeResultsDirectory="5450b3f5-d66c-4289-8fbd-58a248d02978" dataRowInfo="3" resultType="DataDrivenDataRow" />
        <UnitTestResult executionId="f0741c0d-ec19-4ee2-b95d-2392fc79c2ea" parentExecutionId="5450b3f5-d66c-4289-8fbd-58a248d02978" testId="921e6ab0-d7c2-6005-e523-6fd2d5e1a723" testName="first_person_tenses_active" computerName="ARPAN-LAP" duration="00:00:00.0191895" startTime="2014-06-25T20:05:54.9056999+05:30" endTime="2014-06-25T20:05:54.9247010+05:30" testType="13cdc9d9-ddb5-4fa4-a97d-d965ccfc6d4b" outcome="Passed" testListId="8c84fa94-04c1-424b-9868-57a2d4851a1d" relativeResultsDirectory="5450b3f5-d66c-4289-8fbd-58a248d02978" dataRowInfo="4" resultType="DataDrivenDataRow" />
        <UnitTestResult executionId="0226f73a-0c5c-49af-b33c-8e828512abce" parentExecutionId="5450b3f5-d66c-4289-8fbd-58a248d02978" testId="921e6ab0-d7c2-6005-e523-6fd2d5e1a723" testName="first_person_tenses_active" computerName="ARPAN-LAP" duration="00:00:00.0234902" startTime="2014-06-25T20:05:54.9257011+05:30" endTime="2014-06-25T20:05:54.9487024+05:30" testType="13cdc9d9-ddb5-4fa4-a97d-d965ccfc6d4b" outcome="Passed" testListId="8c84fa94-04c1-424b-9868-57a2d4851a1d" relativeResultsDirectory="5450b3f5-d66c-4289-8fbd-58a248d02978" dataRowInfo="5" resultType="DataDrivenDataRow" />
        <UnitTestResult executionId="7a13e5c7-1b39-453a-a76a-f7ed80743283" parentExecutionId="5450b3f5-d66c-4289-8fbd-58a248d02978" testId="921e6ab0-d7c2-6005-e523-6fd2d5e1a723" testName="first_person_tenses_active" computerName="ARPAN-LAP" duration="00:00:00.0236672" startTime="2014-06-25T20:05:54.9487024+05:30" endTime="2014-06-25T20:05:54.9727037+05:30" testType="13cdc9d9-ddb5-4fa4-a97d-d965ccfc6d4b" outcome="Passed" testListId="8c84fa94-04c1-424b-9868-57a2d4851a1d" relativeResultsDirectory="5450b3f5-d66c-4289-8fbd-58a248d02978" dataRowInfo="6" resultType="DataDrivenDataRow" />
        <UnitTestResult executionId="bd4b0708-3caa-46ab-b46e-794b77b23129" parentExecutionId="5450b3f5-d66c-4289-8fbd-58a248d02978" testId="921e6ab0-d7c2-6005-e523-6fd2d5e1a723" testName="first_person_tenses_active" computerName="ARPAN-LAP" duration="00:00:00.0273828" startTime="2014-06-25T20:05:54.9727037+05:30" endTime="2014-06-25T20:05:54.9997053+05:30" testType="13cdc9d9-ddb5-4fa4-a97d-d965ccfc6d4b" outcome="Passed" testListId="8c84fa94-04c1-424b-9868-57a2d4851a1d" relativeResultsDirectory="5450b3f5-d66c-4289-8fbd-58a248d02978" dataRowInfo="7" resultType="DataDrivenDataRow" />
        <UnitTestResult executionId="47830ce6-babf-44ac-b215-1174816d71be" parentExecutionId="5450b3f5-d66c-4289-8fbd-58a248d02978" testId="921e6ab0-d7c2-6005-e523-6fd2d5e1a723" testName="first_person_tenses_active" computerName="ARPAN-LAP" duration="00:00:00.0246045" startTime="2014-06-25T20:05:54.9997053+05:30" endTime="2014-06-25T20:05:55.0247067+05:30" testType="13cdc9d9-ddb5-4fa4-a97d-d965ccfc6d4b" outcome="Passed" testListId="8c84fa94-04c1-424b-9868-57a2d4851a1d" relativeResultsDirectory="5450b3f5-d66c-4289-8fbd-58a248d02978" dataRowInfo="8" resultType="DataDrivenDataRow" />
        <UnitTestResult executionId="806f79f9-3370-4a07-a97b-7c12da77c426" parentExecutionId="5450b3f5-d66c-4289-8fbd-58a248d02978" testId="921e6ab0-d7c2-6005-e523-6fd2d5e1a723" testName="first_person_tenses_active" computerName="ARPAN-LAP" duration="00:00:00.0253995" startTime="2014-06-25T20:05:55.0247067+05:30" endTime="2014-06-25T20:05:55.0497081+05:30" testType="13cdc9d9-ddb5-4fa4-a97d-d965ccfc6d4b" outcome="Passed" testListId="8c84fa94-04c1-424b-9868-57a2d4851a1d" relativeResultsDirectory="5450b3f5-d66c-4289-8fbd-58a248d02978" dataRowInfo="9" resultType="DataDrivenDataRow" />
      </InnerResults>
    </UnitTestResult>
    <UnitTestResult executionId="8ab6e2ed-964d-45c0-902a-87e722d2eff8" testId="9319d01e-de3e-d310-c76e-cae8dce4c924" testName="all_persons_modal_should_negation" computerName="ARPAN-LAP" duration="00:00:00.4974988" startTime="2014-06-25T20:05:55.0947107+05:30" endTime="2014-06-25T20:05:55.6577429+05:30" testType="13cdc9d9-ddb5-4fa4-a97d-d965ccfc6d4b" outcome="Passed" testListId="8c84fa94-04c1-424b-9868-57a2d4851a1d" relativeResultsDirectory="8ab6e2ed-964d-45c0-902a-87e722d2eff8" resultType="DataDrivenTest">
      <Counters error="0" failed="0" timeout="0" aborted="0" inconclusive="0" passedButRunAborted="0" notRunnable="0" notExecuted="0" disconnected="0" warning="0" passed="17" completed="0" inProgress="0" pending="0" />
      <InnerResults>
        <UnitTestResult executionId="a749cbbf-379d-478c-9919-ed5f33c5f172" parentExecutionId="8ab6e2ed-964d-45c0-902a-87e722d2eff8" testId="9319d01e-de3e-d310-c76e-cae8dce4c924" testName="all_persons_modal_should_negation" computerName="ARPAN-LAP" duration="00:00:00.0325565" startTime="2014-06-25T20:05:55.1147119+05:30" endTime="2014-06-25T20:05:55.1467137+05:30" testType="13cdc9d9-ddb5-4fa4-a97d-d965ccfc6d4b" outcome="Passed" testListId="8c84fa94-04c1-424b-9868-57a2d4851a1d" relativeResultsDirectory="8ab6e2ed-964d-45c0-902a-87e722d2eff8" dataRowInfo="0" resultType="DataDrivenDataRow" />
        <UnitTestResult executionId="13dfcd76-afb7-45c0-9cbc-8ff6e763182c" parentExecutionId="8ab6e2ed-964d-45c0-902a-87e722d2eff8" testId="9319d01e-de3e-d310-c76e-cae8dce4c924" testName="all_persons_modal_should_negation" computerName="ARPAN-LAP" duration="00:00:00.0290350" startTime="2014-06-25T20:05:55.1467137+05:30" endTime="2014-06-25T20:05:55.1757154+05:30" testType="13cdc9d9-ddb5-4fa4-a97d-d965ccfc6d4b" outcome="Passed" testListId="8c84fa94-04c1-424b-9868-57a2d4851a1d" relativeResultsDirectory="8ab6e2ed-964d-45c0-902a-87e722d2eff8" dataRowInfo="1" resultType="DataDrivenDataRow" />
        <UnitTestResult executionId="277fd24b-ea8d-42f6-ba0b-2213ce7a67ad" parentExecutionId="8ab6e2ed-964d-45c0-902a-87e722d2eff8" testId="9319d01e-de3e-d310-c76e-cae8dce4c924" testName="all_persons_modal_should_negation" computerName="ARPAN-LAP" duration="00:00:00.0304075" startTime="2014-06-25T20:05:55.1757154+05:30" endTime="2014-06-25T20:05:55.2067171+05:30" testType="13cdc9d9-ddb5-4fa4-a97d-d965ccfc6d4b" outcome="Passed" testListId="8c84fa94-04c1-424b-9868-57a2d4851a1d" relativeResultsDirectory="8ab6e2ed-964d-45c0-902a-87e722d2eff8" dataRowInfo="2" resultType="DataDrivenDataRow" />
        <UnitTestResult executionId="f1d1e6a6-2598-4e7f-a859-b713b6efdbf0" parentExecutionId="8ab6e2ed-964d-45c0-902a-87e722d2eff8" testId="9319d01e-de3e-d310-c76e-cae8dce4c924" testName="all_persons_modal_should_negation" computerName="ARPAN-LAP" duration="00:00:00.0332104" startTime="2014-06-25T20:05:55.2067171+05:30" endTime="2014-06-25T20:05:55.2397190+05:30" testType="13cdc9d9-ddb5-4fa4-a97d-d965ccfc6d4b" outcome="Passed" testListId="8c84fa94-04c1-424b-9868-57a2d4851a1d" relativeResultsDirectory="8ab6e2ed-964d-45c0-902a-87e722d2eff8" dataRowInfo="3" resultType="DataDrivenDataRow" />
        <UnitTestResult executionId="3b6724dd-50e4-4299-a8d3-861a9f03e8fa" parentExecutionId="8ab6e2ed-964d-45c0-902a-87e722d2eff8" testId="9319d01e-de3e-d310-c76e-cae8dce4c924" testName="all_persons_modal_should_negation" computerName="ARPAN-LAP" duration="00:00:00.0199769" startTime="2014-06-25T20:05:55.2397190+05:30" endTime="2014-06-25T20:05:55.2597202+05:30" testType="13cdc9d9-ddb5-4fa4-a97d-d965ccfc6d4b" outcome="Passed" testListId="8c84fa94-04c1-424b-9868-57a2d4851a1d" relativeResultsDirectory="8ab6e2ed-964d-45c0-902a-87e722d2eff8" dataRowInfo="4" resultType="DataDrivenDataRow" />
        <UnitTestResult executionId="7ed94e36-73b8-4e81-a0d8-9a18fd5636c4" parentExecutionId="8ab6e2ed-964d-45c0-902a-87e722d2eff8" testId="9319d01e-de3e-d310-c76e-cae8dce4c924" testName="all_persons_modal_should_negation" computerName="ARPAN-LAP" duration="00:00:00.0247646" startTime="2014-06-25T20:05:55.2597202+05:30" endTime="2014-06-25T20:05:55.2847216+05:30" testType="13cdc9d9-ddb5-4fa4-a97d-d965ccfc6d4b" outcome="Passed" testListId="8c84fa94-04c1-424b-9868-57a2d4851a1d" relativeResultsDirectory="8ab6e2ed-964d-45c0-902a-87e722d2eff8" dataRowInfo="5" resultType="DataDrivenDataRow" />
        <UnitTestResult executionId="9a57a489-fa02-469e-be0e-dc47318953ed" parentExecutionId="8ab6e2ed-964d-45c0-902a-87e722d2eff8" testId="9319d01e-de3e-d310-c76e-cae8dce4c924" testName="all_persons_modal_should_negation" computerName="ARPAN-LAP" duration="00:00:00.0269953" startTime="2014-06-25T20:05:55.2847216+05:30" endTime="2014-06-25T20:05:55.3117231+05:30" testType="13cdc9d9-ddb5-4fa4-a97d-d965ccfc6d4b" outcome="Passed" testListId="8c84fa94-04c1-424b-9868-57a2d4851a1d" relativeResultsDirectory="8ab6e2ed-964d-45c0-902a-87e722d2eff8" dataRowInfo="6" resultType="DataDrivenDataRow" />
        <UnitTestResult executionId="003f36b6-011e-4375-ac1b-00c270f86c43" parentExecutionId="8ab6e2ed-964d-45c0-902a-87e722d2eff8" testId="9319d01e-de3e-d310-c76e-cae8dce4c924" testName="all_persons_modal_should_negation" computerName="ARPAN-LAP" duration="00:00:00.0303485" startTime="2014-06-25T20:05:55.3117231+05:30" endTime="2014-06-25T20:05:55.3417248+05:30" testType="13cdc9d9-ddb5-4fa4-a97d-d965ccfc6d4b" outcome="Passed" testListId="8c84fa94-04c1-424b-9868-57a2d4851a1d" relativeResultsDirectory="8ab6e2ed-964d-45c0-902a-87e722d2eff8" dataRowInfo="7" resultType="DataDrivenDataRow" />
        <UnitTestResult executionId="840923fb-96f1-4600-99e6-8157207102ed" parentExecutionId="8ab6e2ed-964d-45c0-902a-87e722d2eff8" testId="9319d01e-de3e-d310-c76e-cae8dce4c924" testName="all_persons_modal_should_negation" computerName="ARPAN-LAP" duration="00:00:00.0210665" startTime="2014-06-25T20:05:55.3417248+05:30" endTime="2014-06-25T20:05:55.3627260+05:30" testType="13cdc9d9-ddb5-4fa4-a97d-d965ccfc6d4b" outcome="Passed" testListId="8c84fa94-04c1-424b-9868-57a2d4851a1d" relativeResultsDirectory="8ab6e2ed-964d-45c0-902a-87e722d2eff8" dataRowInfo="8" resultType="DataDrivenDataRow" />
        <UnitTestResult executionId="6aac05dd-4174-4117-b254-c084482b267a" parentExecutionId="8ab6e2ed-964d-45c0-902a-87e722d2eff8" testId="9319d01e-de3e-d310-c76e-cae8dce4c924" testName="all_persons_modal_should_negation" computerName="ARPAN-LAP" duration="00:00:00.0254257" startTime="2014-06-25T20:05:55.3627260+05:30" endTime="2014-06-25T20:05:55.3887275+05:30" testType="13cdc9d9-ddb5-4fa4-a97d-d965ccfc6d4b" outcome="Passed" testListId="8c84fa94-04c1-424b-9868-57a2d4851a1d" relativeResultsDirectory="8ab6e2ed-964d-45c0-902a-87e722d2eff8" dataRowInfo="9" resultType="DataDrivenDataRow" />
        <UnitTestResult executionId="10f4cf38-f183-4338-9508-e79c90111a00" parentExecutionId="8ab6e2ed-964d-45c0-902a-87e722d2eff8" testId="9319d01e-de3e-d310-c76e-cae8dce4c924" testName="all_persons_modal_should_negation" computerName="ARPAN-LAP" duration="00:00:00.0336354" startTime="2014-06-25T20:05:55.3887275+05:30" endTime="2014-06-25T20:05:55.4227295+05:30" testType="13cdc9d9-ddb5-4fa4-a97d-d965ccfc6d4b" outcome="Passed" testListId="8c84fa94-04c1-424b-9868-57a2d4851a1d" relativeResultsDirectory="8ab6e2ed-964d-45c0-902a-87e722d2eff8" dataRowInfo="10" resultType="DataDrivenDataRow" />
        <UnitTestResult executionId="a43f3857-5c06-49ff-a95a-156de2535ba8" parentExecutionId="8ab6e2ed-964d-45c0-902a-87e722d2eff8" testId="9319d01e-de3e-d310-c76e-cae8dce4c924" testName="all_persons_modal_should_negation" computerName="ARPAN-LAP" duration="00:00:00.0426736" startTime="2014-06-25T20:05:55.4227295+05:30" endTime="2014-06-25T20:05:55.4647319+05:30" testType="13cdc9d9-ddb5-4fa4-a97d-d965ccfc6d4b" outcome="Passed" testListId="8c84fa94-04c1-424b-9868-57a2d4851a1d" relativeResultsDirectory="8ab6e2ed-964d-45c0-902a-87e722d2eff8" dataRowInfo="11" resultType="DataDrivenDataRow" />
        <UnitTestResult executionId="7e85d7d1-1426-47bd-a49c-bb9c3ac185bf" parentExecutionId="8ab6e2ed-964d-45c0-902a-87e722d2eff8" testId="9319d01e-de3e-d310-c76e-cae8dce4c924" testName="all_persons_modal_should_negation" computerName="ARPAN-LAP" duration="00:00:00.0323789" startTime="2014-06-25T20:05:55.4647319+05:30" endTime="2014-06-25T20:05:55.4977338+05:30" testType="13cdc9d9-ddb5-4fa4-a97d-d965ccfc6d4b" outcome="Passed" testListId="8c84fa94-04c1-424b-9868-57a2d4851a1d" relativeResultsDirectory="8ab6e2ed-964d-45c0-902a-87e722d2eff8" dataRowInfo="12" resultType="DataDrivenDataRow" />
        <UnitTestResult executionId="9ab72644-eabe-4965-a475-614d10d7541d" parentExecutionId="8ab6e2ed-964d-45c0-902a-87e722d2eff8" testId="9319d01e-de3e-d310-c76e-cae8dce4c924" testName="all_persons_modal_should_negation" computerName="ARPAN-LAP" duration="00:00:00.0278812" startTime="2014-06-25T20:05:55.4977338+05:30" endTime="2014-06-25T20:05:55.5257354+05:30" testType="13cdc9d9-ddb5-4fa4-a97d-d965ccfc6d4b" outcome="Passed" testListId="8c84fa94-04c1-424b-9868-57a2d4851a1d" relativeResultsDirectory="8ab6e2ed-964d-45c0-902a-87e722d2eff8" dataRowInfo="13" resultType="DataDrivenDataRow" />
        <UnitTestResult executionId="ce454ae2-cd05-4d12-b849-3127b2e9abf1" parentExecutionId="8ab6e2ed-964d-45c0-902a-87e722d2eff8" testId="9319d01e-de3e-d310-c76e-cae8dce4c924" testName="all_persons_modal_should_negation" computerName="ARPAN-LAP" duration="00:00:00.0265477" startTime="2014-06-25T20:05:55.5257354+05:30" endTime="2014-06-25T20:05:55.5517369+05:30" testType="13cdc9d9-ddb5-4fa4-a97d-d965ccfc6d4b" outcome="Passed" testListId="8c84fa94-04c1-424b-9868-57a2d4851a1d" relativeResultsDirectory="8ab6e2ed-964d-45c0-902a-87e722d2eff8" dataRowInfo="14" resultType="DataDrivenDataRow" />
        <UnitTestResult executionId="65c0ecce-49ea-4c4e-9dc8-039f9518d9d8" parentExecutionId="8ab6e2ed-964d-45c0-902a-87e722d2eff8" testId="9319d01e-de3e-d310-c76e-cae8dce4c924" testName="all_persons_modal_should_negation" computerName="ARPAN-LAP" duration="00:00:00.0253723" startTime="2014-06-25T20:05:55.5517369+05:30" endTime="2014-06-25T20:05:55.5777383+05:30" testType="13cdc9d9-ddb5-4fa4-a97d-d965ccfc6d4b" outcome="Passed" testListId="8c84fa94-04c1-424b-9868-57a2d4851a1d" relativeResultsDirectory="8ab6e2ed-964d-45c0-902a-87e722d2eff8" dataRowInfo="15" resultType="DataDrivenDataRow" />
        <UnitTestResult executionId="b316ea7d-0ffc-42bb-9c09-8b00bd37f3d2" parentExecutionId="8ab6e2ed-964d-45c0-902a-87e722d2eff8" testId="9319d01e-de3e-d310-c76e-cae8dce4c924" testName="all_persons_modal_should_negation" computerName="ARPAN-LAP" duration="00:00:00.0311435" startTime="2014-06-25T20:05:55.5777383+05:30" endTime="2014-06-25T20:05:55.6087401+05:30" testType="13cdc9d9-ddb5-4fa4-a97d-d965ccfc6d4b" outcome="Passed" testListId="8c84fa94-04c1-424b-9868-57a2d4851a1d" relativeResultsDirectory="8ab6e2ed-964d-45c0-902a-87e722d2eff8" dataRowInfo="16" resultType="DataDrivenDataRow" />
      </InnerResults>
    </UnitTestResult>
    <UnitTestResult executionId="e000ea1c-28db-417f-93b5-94b64da180c4" testId="97a1371f-e8e6-db3e-323e-49ffeef32df1" testName="interrogative_sentences_which" computerName="ARPAN-LAP" duration="00:00:00.0486660" startTime="2014-06-25T20:05:55.6687435+05:30" endTime="2014-06-25T20:05:55.7327472+05:30" testType="13cdc9d9-ddb5-4fa4-a97d-d965ccfc6d4b" outcome="Passed" testListId="8c84fa94-04c1-424b-9868-57a2d4851a1d" relativeResultsDirectory="e000ea1c-28db-417f-93b5-94b64da180c4" resultType="DataDrivenTest">
      <Counters error="0" failed="0" timeout="0" aborted="0" inconclusive="0" passedButRunAborted="0" notRunnable="0" notExecuted="0" disconnected="0" warning="0" passed="2" completed="0" inProgress="0" pending="0" />
      <InnerResults>
        <UnitTestResult executionId="cd2bc58a-19ab-4c91-804b-fddbc05674d7" parentExecutionId="e000ea1c-28db-417f-93b5-94b64da180c4" testId="97a1371f-e8e6-db3e-323e-49ffeef32df1" testName="interrogative_sentences_which" computerName="ARPAN-LAP" duration="00:00:00.0220977" startTime="2014-06-25T20:05:55.6757440+05:30" endTime="2014-06-25T20:05:55.6987453+05:30" testType="13cdc9d9-ddb5-4fa4-a97d-d965ccfc6d4b" outcome="Passed" testListId="8c84fa94-04c1-424b-9868-57a2d4851a1d" relativeResultsDirectory="e000ea1c-28db-417f-93b5-94b64da180c4" dataRowInfo="0" resultType="DataDrivenDataRow" />
        <UnitTestResult executionId="03acc44c-905c-4c90-b295-07e3d30b3c75" parentExecutionId="e000ea1c-28db-417f-93b5-94b64da180c4" testId="97a1371f-e8e6-db3e-323e-49ffeef32df1" testName="interrogative_sentences_which" computerName="ARPAN-LAP" duration="00:00:00.0249817" startTime="2014-06-25T20:05:55.6987453+05:30" endTime="2014-06-25T20:05:55.7237467+05:30" testType="13cdc9d9-ddb5-4fa4-a97d-d965ccfc6d4b" outcome="Passed" testListId="8c84fa94-04c1-424b-9868-57a2d4851a1d" relativeResultsDirectory="e000ea1c-28db-417f-93b5-94b64da180c4" dataRowInfo="1" resultType="DataDrivenDataRow" />
      </InnerResults>
    </UnitTestResult>
    <UnitTestResult executionId="fba2dfaf-ac33-4da6-b86e-ea4fe776b296" testId="b9261b51-b0a2-10e2-9308-22bb2624de8b" testName="interrogative_sentences_where" computerName="ARPAN-LAP" duration="00:00:00.0824133" startTime="2014-06-25T20:05:55.7377475+05:30" endTime="2014-06-25T20:05:55.8377532+05:30" testType="13cdc9d9-ddb5-4fa4-a97d-d965ccfc6d4b" outcome="Passed" testListId="8c84fa94-04c1-424b-9868-57a2d4851a1d" relativeResultsDirectory="fba2dfaf-ac33-4da6-b86e-ea4fe776b296" resultType="DataDrivenTest">
      <Counters error="0" failed="0" timeout="0" aborted="0" inconclusive="0" passedButRunAborted="0" notRunnable="0" notExecuted="0" disconnected="0" warning="0" passed="3" completed="0" inProgress="0" pending="0" />
      <InnerResults>
        <UnitTestResult executionId="c7b173a5-a89f-48d5-87e4-d953b6562f49" parentExecutionId="fba2dfaf-ac33-4da6-b86e-ea4fe776b296" testId="b9261b51-b0a2-10e2-9308-22bb2624de8b" testName="interrogative_sentences_where" computerName="ARPAN-LAP" duration="00:00:00.0241410" startTime="2014-06-25T20:05:55.7437478+05:30" endTime="2014-06-25T20:05:55.7687493+05:30" testType="13cdc9d9-ddb5-4fa4-a97d-d965ccfc6d4b" outcome="Passed" testListId="8c84fa94-04c1-424b-9868-57a2d4851a1d" relativeResultsDirectory="fba2dfaf-ac33-4da6-b86e-ea4fe776b296" dataRowInfo="0" resultType="DataDrivenDataRow" />
        <UnitTestResult executionId="42a6570c-1071-49dd-857b-d5a94ec67644" parentExecutionId="fba2dfaf-ac33-4da6-b86e-ea4fe776b296" testId="b9261b51-b0a2-10e2-9308-22bb2624de8b" testName="interrogative_sentences_where" computerName="ARPAN-LAP" duration="00:00:00.0245932" startTime="2014-06-25T20:05:55.7687493+05:30" endTime="2014-06-25T20:05:55.7927506+05:30" testType="13cdc9d9-ddb5-4fa4-a97d-d965ccfc6d4b" outcome="Passed" testListId="8c84fa94-04c1-424b-9868-57a2d4851a1d" relativeResultsDirectory="fba2dfaf-ac33-4da6-b86e-ea4fe776b296" dataRowInfo="1" resultType="DataDrivenDataRow" />
        <UnitTestResult executionId="e5dea136-fbb6-4739-bd47-13d2162846df" parentExecutionId="fba2dfaf-ac33-4da6-b86e-ea4fe776b296" testId="b9261b51-b0a2-10e2-9308-22bb2624de8b" testName="interrogative_sentences_where" computerName="ARPAN-LAP" duration="00:00:00.0319709" startTime="2014-06-25T20:05:55.7927506+05:30" endTime="2014-06-25T20:05:55.8247525+05:30" testType="13cdc9d9-ddb5-4fa4-a97d-d965ccfc6d4b" outcome="Passed" testListId="8c84fa94-04c1-424b-9868-57a2d4851a1d" relativeResultsDirectory="fba2dfaf-ac33-4da6-b86e-ea4fe776b296" dataRowInfo="2" resultType="DataDrivenDataRow" />
      </InnerResults>
    </UnitTestResult>
    <UnitTestResult executionId="b109f711-dcbf-42fa-96af-6188ef589fc8" testId="bdfe92b2-f4ac-73a5-f13d-5c1ea13721b4" testName="all_persons_tenses_passive_negation" computerName="ARPAN-LAP" duration="00:00:00.3851634" startTime="2014-06-25T20:05:55.8437536+05:30" endTime="2014-06-25T20:05:56.2827787+05:30" testType="13cdc9d9-ddb5-4fa4-a97d-d965ccfc6d4b" outcome="Passed" testListId="8c84fa94-04c1-424b-9868-57a2d4851a1d" relativeResultsDirectory="b109f711-dcbf-42fa-96af-6188ef589fc8" resultType="DataDrivenTest">
      <Counters error="0" failed="0" timeout="0" aborted="0" inconclusive="0" passedButRunAborted="0" notRunnable="0" notExecuted="0" disconnected="0" warning="0" passed="10" completed="0" inProgress="0" pending="0" />
      <InnerResults>
        <UnitTestResult executionId="b77688d9-5d6b-441a-8338-387fbd7f15eb" parentExecutionId="b109f711-dcbf-42fa-96af-6188ef589fc8" testId="bdfe92b2-f4ac-73a5-f13d-5c1ea13721b4" testName="all_persons_tenses_passive_negation" computerName="ARPAN-LAP" duration="00:00:00.0293794" startTime="2014-06-25T20:05:55.8687550+05:30" endTime="2014-06-25T20:05:55.8977566+05:30" testType="13cdc9d9-ddb5-4fa4-a97d-d965ccfc6d4b" outcome="Passed" testListId="8c84fa94-04c1-424b-9868-57a2d4851a1d" relativeResultsDirectory="b109f711-dcbf-42fa-96af-6188ef589fc8" dataRowInfo="0" resultType="DataDrivenDataRow" />
        <UnitTestResult executionId="7cd8c4c6-7a96-4fac-a37f-66230feb2f1e" parentExecutionId="b109f711-dcbf-42fa-96af-6188ef589fc8" testId="bdfe92b2-f4ac-73a5-f13d-5c1ea13721b4" testName="all_persons_tenses_passive_negation" computerName="ARPAN-LAP" duration="00:00:00.0780080" startTime="2014-06-25T20:05:55.8977566+05:30" endTime="2014-06-25T20:05:55.9757611+05:30" testType="13cdc9d9-ddb5-4fa4-a97d-d965ccfc6d4b" outcome="Passed" testListId="8c84fa94-04c1-424b-9868-57a2d4851a1d" relativeResultsDirectory="b109f711-dcbf-42fa-96af-6188ef589fc8" dataRowInfo="1" resultType="DataDrivenDataRow" />
        <UnitTestResult executionId="c0a6bce9-45d4-4573-8500-536371395a04" parentExecutionId="b109f711-dcbf-42fa-96af-6188ef589fc8" testId="bdfe92b2-f4ac-73a5-f13d-5c1ea13721b4" testName="all_persons_tenses_passive_negation" computerName="ARPAN-LAP" duration="00:00:00.0494020" startTime="2014-06-25T20:05:55.9767612+05:30" endTime="2014-06-25T20:05:56.0267640+05:30" testType="13cdc9d9-ddb5-4fa4-a97d-d965ccfc6d4b" outcome="Passed" testListId="8c84fa94-04c1-424b-9868-57a2d4851a1d" relativeResultsDirectory="b109f711-dcbf-42fa-96af-6188ef589fc8" dataRowInfo="2" resultType="DataDrivenDataRow" />
        <UnitTestResult executionId="da7f32dd-21c5-4087-b17d-36612c620a9c" parentExecutionId="b109f711-dcbf-42fa-96af-6188ef589fc8" testId="bdfe92b2-f4ac-73a5-f13d-5c1ea13721b4" testName="all_persons_tenses_passive_negation" computerName="ARPAN-LAP" duration="00:00:00.0371785" startTime="2014-06-25T20:05:56.0267640+05:30" endTime="2014-06-25T20:05:56.0637661+05:30" testType="13cdc9d9-ddb5-4fa4-a97d-d965ccfc6d4b" outcome="Passed" testListId="8c84fa94-04c1-424b-9868-57a2d4851a1d" relativeResultsDirectory="b109f711-dcbf-42fa-96af-6188ef589fc8" dataRowInfo="3" resultType="DataDrivenDataRow" />
        <UnitTestResult executionId="ac98c811-c46c-46af-8b2e-34b1649adfe4" parentExecutionId="b109f711-dcbf-42fa-96af-6188ef589fc8" testId="bdfe92b2-f4ac-73a5-f13d-5c1ea13721b4" testName="all_persons_tenses_passive_negation" computerName="ARPAN-LAP" duration="00:00:00.0234163" startTime="2014-06-25T20:05:56.0637661+05:30" endTime="2014-06-25T20:05:56.0867675+05:30" testType="13cdc9d9-ddb5-4fa4-a97d-d965ccfc6d4b" outcome="Passed" testListId="8c84fa94-04c1-424b-9868-57a2d4851a1d" relativeResultsDirectory="b109f711-dcbf-42fa-96af-6188ef589fc8" dataRowInfo="4" resultType="DataDrivenDataRow" />
        <UnitTestResult executionId="b283e289-4199-419b-9a02-9691b3e83006" parentExecutionId="b109f711-dcbf-42fa-96af-6188ef589fc8" testId="bdfe92b2-f4ac-73a5-f13d-5c1ea13721b4" testName="all_persons_tenses_passive_negation" computerName="ARPAN-LAP" duration="00:00:00.0285330" startTime="2014-06-25T20:05:56.0867675+05:30" endTime="2014-06-25T20:05:56.1157691+05:30" testType="13cdc9d9-ddb5-4fa4-a97d-d965ccfc6d4b" outcome="Passed" testListId="8c84fa94-04c1-424b-9868-57a2d4851a1d" relativeResultsDirectory="b109f711-dcbf-42fa-96af-6188ef589fc8" dataRowInfo="5" resultType="DataDrivenDataRow" />
        <UnitTestResult executionId="539fe48b-bf81-46d1-92cb-abcf84172795" parentExecutionId="b109f711-dcbf-42fa-96af-6188ef589fc8" testId="bdfe92b2-f4ac-73a5-f13d-5c1ea13721b4" testName="all_persons_tenses_passive_negation" computerName="ARPAN-LAP" duration="00:00:00.0313093" startTime="2014-06-25T20:05:56.1157691+05:30" endTime="2014-06-25T20:05:56.1467709+05:30" testType="13cdc9d9-ddb5-4fa4-a97d-d965ccfc6d4b" outcome="Passed" testListId="8c84fa94-04c1-424b-9868-57a2d4851a1d" relativeResultsDirectory="b109f711-dcbf-42fa-96af-6188ef589fc8" dataRowInfo="6" resultType="DataDrivenDataRow" />
        <UnitTestResult executionId="746db9e4-8ef7-4816-98b7-d977ad69e93b" parentExecutionId="b109f711-dcbf-42fa-96af-6188ef589fc8" testId="bdfe92b2-f4ac-73a5-f13d-5c1ea13721b4" testName="all_persons_tenses_passive_negation" computerName="ARPAN-LAP" duration="00:00:00.0342955" startTime="2014-06-25T20:05:56.1467709+05:30" endTime="2014-06-25T20:05:56.1817729+05:30" testType="13cdc9d9-ddb5-4fa4-a97d-d965ccfc6d4b" outcome="Passed" testListId="8c84fa94-04c1-424b-9868-57a2d4851a1d" relativeResultsDirectory="b109f711-dcbf-42fa-96af-6188ef589fc8" dataRowInfo="7" resultType="DataDrivenDataRow" />
        <UnitTestResult executionId="19ee3d18-6749-406d-b6ad-11f395e8a0d3" parentExecutionId="b109f711-dcbf-42fa-96af-6188ef589fc8" testId="bdfe92b2-f4ac-73a5-f13d-5c1ea13721b4" testName="all_persons_tenses_passive_negation" computerName="ARPAN-LAP" duration="00:00:00.0318559" startTime="2014-06-25T20:05:56.1817729+05:30" endTime="2014-06-25T20:05:56.2127747+05:30" testType="13cdc9d9-ddb5-4fa4-a97d-d965ccfc6d4b" outcome="Passed" testListId="8c84fa94-04c1-424b-9868-57a2d4851a1d" relativeResultsDirectory="b109f711-dcbf-42fa-96af-6188ef589fc8" dataRowInfo="8" resultType="DataDrivenDataRow" />
        <UnitTestResult executionId="b58c18e4-6cc1-4fc4-ae9f-bc1f103c1699" parentExecutionId="b109f711-dcbf-42fa-96af-6188ef589fc8" testId="bdfe92b2-f4ac-73a5-f13d-5c1ea13721b4" testName="all_persons_tenses_passive_negation" computerName="ARPAN-LAP" duration="00:00:00.0366842" startTime="2014-06-25T20:05:56.2127747+05:30" endTime="2014-06-25T20:05:56.2497768+05:30" testType="13cdc9d9-ddb5-4fa4-a97d-d965ccfc6d4b" outcome="Passed" testListId="8c84fa94-04c1-424b-9868-57a2d4851a1d" relativeResultsDirectory="b109f711-dcbf-42fa-96af-6188ef589fc8" dataRowInfo="9" resultType="DataDrivenDataRow" />
      </InnerResults>
    </UnitTestResult>
    <UnitTestResult executionId="ea5cf718-52bd-4100-92b3-177c2c61787e" testId="c79146bc-2376-961a-5de9-441b5dfc7188" testName="auxiliary_verbs_as_main_verbs" computerName="ARPAN-LAP" duration="00:00:00.6899871" startTime="2014-06-25T20:05:56.2947794+05:30" endTime="2014-06-25T20:05:57.0568229+05:30" testType="13cdc9d9-ddb5-4fa4-a97d-d965ccfc6d4b" outcome="Passed" testListId="8c84fa94-04c1-424b-9868-57a2d4851a1d" relativeResultsDirectory="ea5cf718-52bd-4100-92b3-177c2c61787e" resultType="DataDrivenTest">
      <Counters error="0" failed="0" timeout="0" aborted="0" inconclusive="0" passedButRunAborted="0" notRunnable="0" notExecuted="0" disconnected="0" warning="0" passed="25" completed="0" inProgress="0" pending="0" />
      <InnerResults>
        <UnitTestResult executionId="b6833723-16d8-4379-adea-56424b3d6016" parentExecutionId="ea5cf718-52bd-4100-92b3-177c2c61787e" testId="c79146bc-2376-961a-5de9-441b5dfc7188" testName="auxiliary_verbs_as_main_verbs" computerName="ARPAN-LAP" duration="00:00:00.0299748" startTime="2014-06-25T20:05:56.3017798+05:30" endTime="2014-06-25T20:05:56.3317815+05:30" testType="13cdc9d9-ddb5-4fa4-a97d-d965ccfc6d4b" outcome="Passed" testListId="8c84fa94-04c1-424b-9868-57a2d4851a1d" relativeResultsDirectory="ea5cf718-52bd-4100-92b3-177c2c61787e" dataRowInfo="0" resultType="DataDrivenDataRow" />
        <UnitTestResult executionId="f932ca5b-95ff-4db0-bff8-3b74ec3f7ae8" parentExecutionId="ea5cf718-52bd-4100-92b3-177c2c61787e" testId="c79146bc-2376-961a-5de9-441b5dfc7188" testName="auxiliary_verbs_as_main_verbs" computerName="ARPAN-LAP" duration="00:00:00.0266724" startTime="2014-06-25T20:05:56.3317815+05:30" endTime="2014-06-25T20:05:56.3587830+05:30" testType="13cdc9d9-ddb5-4fa4-a97d-d965ccfc6d4b" outcome="Passed" testListId="8c84fa94-04c1-424b-9868-57a2d4851a1d" relativeResultsDirectory="ea5cf718-52bd-4100-92b3-177c2c61787e" dataRowInfo="1" resultType="DataDrivenDataRow" />
        <UnitTestResult executionId="d814db0f-f396-4b58-b796-5ff4670445f4" parentExecutionId="ea5cf718-52bd-4100-92b3-177c2c61787e" testId="c79146bc-2376-961a-5de9-441b5dfc7188" testName="auxiliary_verbs_as_main_verbs" computerName="ARPAN-LAP" duration="00:00:00.0323251" startTime="2014-06-25T20:05:56.3587830+05:30" endTime="2014-06-25T20:05:56.3907848+05:30" testType="13cdc9d9-ddb5-4fa4-a97d-d965ccfc6d4b" outcome="Passed" testListId="8c84fa94-04c1-424b-9868-57a2d4851a1d" relativeResultsDirectory="ea5cf718-52bd-4100-92b3-177c2c61787e" dataRowInfo="2" resultType="DataDrivenDataRow" />
        <UnitTestResult executionId="fdeb710b-35b4-4e17-b971-1b7d9aa09004" parentExecutionId="ea5cf718-52bd-4100-92b3-177c2c61787e" testId="c79146bc-2376-961a-5de9-441b5dfc7188" testName="auxiliary_verbs_as_main_verbs" computerName="ARPAN-LAP" duration="00:00:00.0348360" startTime="2014-06-25T20:05:56.3907848+05:30" endTime="2014-06-25T20:05:56.4257869+05:30" testType="13cdc9d9-ddb5-4fa4-a97d-d965ccfc6d4b" outcome="Passed" testListId="8c84fa94-04c1-424b-9868-57a2d4851a1d" relativeResultsDirectory="ea5cf718-52bd-4100-92b3-177c2c61787e" dataRowInfo="3" resultType="DataDrivenDataRow" />
        <UnitTestResult executionId="d3dad67b-9d56-47b3-90e5-d1d9706cc2ac" parentExecutionId="ea5cf718-52bd-4100-92b3-177c2c61787e" testId="c79146bc-2376-961a-5de9-441b5dfc7188" testName="auxiliary_verbs_as_main_verbs" computerName="ARPAN-LAP" duration="00:00:00.0339937" startTime="2014-06-25T20:05:56.4257869+05:30" endTime="2014-06-25T20:05:56.4597888+05:30" testType="13cdc9d9-ddb5-4fa4-a97d-d965ccfc6d4b" outcome="Passed" testListId="8c84fa94-04c1-424b-9868-57a2d4851a1d" relativeResultsDirectory="ea5cf718-52bd-4100-92b3-177c2c61787e" dataRowInfo="4" resultType="DataDrivenDataRow" />
        <UnitTestResult executionId="883b4203-18d4-4456-88db-3fc7bdd4e7f4" parentExecutionId="ea5cf718-52bd-4100-92b3-177c2c61787e" testId="c79146bc-2376-961a-5de9-441b5dfc7188" testName="auxiliary_verbs_as_main_verbs" computerName="ARPAN-LAP" duration="00:00:00.0276913" startTime="2014-06-25T20:05:56.4597888+05:30" endTime="2014-06-25T20:05:56.4877904+05:30" testType="13cdc9d9-ddb5-4fa4-a97d-d965ccfc6d4b" outcome="Passed" testListId="8c84fa94-04c1-424b-9868-57a2d4851a1d" relativeResultsDirectory="ea5cf718-52bd-4100-92b3-177c2c61787e" dataRowInfo="5" resultType="DataDrivenDataRow" />
        <UnitTestResult executionId="3b73fd03-19c4-44e9-a0a0-e4c3328f2362" parentExecutionId="ea5cf718-52bd-4100-92b3-177c2c61787e" testId="c79146bc-2376-961a-5de9-441b5dfc7188" testName="auxiliary_verbs_as_main_verbs" computerName="ARPAN-LAP" duration="00:00:00.0293573" startTime="2014-06-25T20:05:56.4877904+05:30" endTime="2014-06-25T20:05:56.5167921+05:30" testType="13cdc9d9-ddb5-4fa4-a97d-d965ccfc6d4b" outcome="Passed" testListId="8c84fa94-04c1-424b-9868-57a2d4851a1d" relativeResultsDirectory="ea5cf718-52bd-4100-92b3-177c2c61787e" dataRowInfo="6" resultType="DataDrivenDataRow" />
        <UnitTestResult executionId="da4d66d8-9cad-4bf3-9914-29b6b990e1d4" parentExecutionId="ea5cf718-52bd-4100-92b3-177c2c61787e" testId="c79146bc-2376-961a-5de9-441b5dfc7188" testName="auxiliary_verbs_as_main_verbs" computerName="ARPAN-LAP" duration="00:00:00.0391243" startTime="2014-06-25T20:05:56.5167921+05:30" endTime="2014-06-25T20:05:56.5557943+05:30" testType="13cdc9d9-ddb5-4fa4-a97d-d965ccfc6d4b" outcome="Passed" testListId="8c84fa94-04c1-424b-9868-57a2d4851a1d" relativeResultsDirectory="ea5cf718-52bd-4100-92b3-177c2c61787e" dataRowInfo="7" resultType="DataDrivenDataRow" />
        <UnitTestResult executionId="e2d7a1fc-a358-4a23-807a-08a8de676a68" parentExecutionId="ea5cf718-52bd-4100-92b3-177c2c61787e" testId="c79146bc-2376-961a-5de9-441b5dfc7188" testName="auxiliary_verbs_as_main_verbs" computerName="ARPAN-LAP" duration="00:00:00.0740840" startTime="2014-06-25T20:05:56.5557943+05:30" endTime="2014-06-25T20:05:56.6297985+05:30" testType="13cdc9d9-ddb5-4fa4-a97d-d965ccfc6d4b" outcome="Passed" testListId="8c84fa94-04c1-424b-9868-57a2d4851a1d" relativeResultsDirectory="ea5cf718-52bd-4100-92b3-177c2c61787e" dataRowInfo="8" resultType="DataDrivenDataRow" />
        <UnitTestResult executionId="8500a17e-4b16-4ad2-8cdc-311be53463c7" parentExecutionId="ea5cf718-52bd-4100-92b3-177c2c61787e" testId="c79146bc-2376-961a-5de9-441b5dfc7188" testName="auxiliary_verbs_as_main_verbs" computerName="ARPAN-LAP" duration="00:00:00.0199599" startTime="2014-06-25T20:05:56.6297985+05:30" endTime="2014-06-25T20:05:56.6497997+05:30" testType="13cdc9d9-ddb5-4fa4-a97d-d965ccfc6d4b" outcome="Passed" testListId="8c84fa94-04c1-424b-9868-57a2d4851a1d" relativeResultsDirectory="ea5cf718-52bd-4100-92b3-177c2c61787e" dataRowInfo="9" resultType="DataDrivenDataRow" />
        <UnitTestResult executionId="4635520c-0619-4039-9d7f-d377fd8f3ad6" parentExecutionId="ea5cf718-52bd-4100-92b3-177c2c61787e" testId="c79146bc-2376-961a-5de9-441b5dfc7188" testName="auxiliary_verbs_as_main_verbs" computerName="ARPAN-LAP" duration="00:00:00.0200621" startTime="2014-06-25T20:05:56.6497997+05:30" endTime="2014-06-25T20:05:56.6708009+05:30" testType="13cdc9d9-ddb5-4fa4-a97d-d965ccfc6d4b" outcome="Passed" testListId="8c84fa94-04c1-424b-9868-57a2d4851a1d" relativeResultsDirectory="ea5cf718-52bd-4100-92b3-177c2c61787e" dataRowInfo="10" resultType="DataDrivenDataRow" />
        <UnitTestResult executionId="623c5af4-92d1-4b64-81e1-bd05171421c8" parentExecutionId="ea5cf718-52bd-4100-92b3-177c2c61787e" testId="c79146bc-2376-961a-5de9-441b5dfc7188" testName="auxiliary_verbs_as_main_verbs" computerName="ARPAN-LAP" duration="00:00:00.0244618" startTime="2014-06-25T20:05:56.6708009+05:30" endTime="2014-06-25T20:05:56.6948022+05:30" testType="13cdc9d9-ddb5-4fa4-a97d-d965ccfc6d4b" outcome="Passed" testListId="8c84fa94-04c1-424b-9868-57a2d4851a1d" relativeResultsDirectory="ea5cf718-52bd-4100-92b3-177c2c61787e" dataRowInfo="11" resultType="DataDrivenDataRow" />
        <UnitTestResult executionId="12e130b7-3190-4845-a206-06cd2a211be5" parentExecutionId="ea5cf718-52bd-4100-92b3-177c2c61787e" testId="c79146bc-2376-961a-5de9-441b5dfc7188" testName="auxiliary_verbs_as_main_verbs" computerName="ARPAN-LAP" duration="00:00:00.0275075" startTime="2014-06-25T20:05:56.6948022+05:30" endTime="2014-06-25T20:05:56.7228038+05:30" testType="13cdc9d9-ddb5-4fa4-a97d-d965ccfc6d4b" outcome="Passed" testListId="8c84fa94-04c1-424b-9868-57a2d4851a1d" relativeResultsDirectory="ea5cf718-52bd-4100-92b3-177c2c61787e" dataRowInfo="12" resultType="DataDrivenDataRow" />
        <UnitTestResult executionId="7a360e4b-8726-4a6f-b8d6-bd82f5551bfc" parentExecutionId="ea5cf718-52bd-4100-92b3-177c2c61787e" testId="c79146bc-2376-961a-5de9-441b5dfc7188" testName="auxiliary_verbs_as_main_verbs" computerName="ARPAN-LAP" duration="00:00:00.0262464" startTime="2014-06-25T20:05:56.7228038+05:30" endTime="2014-06-25T20:05:56.7488053+05:30" testType="13cdc9d9-ddb5-4fa4-a97d-d965ccfc6d4b" outcome="Passed" testListId="8c84fa94-04c1-424b-9868-57a2d4851a1d" relativeResultsDirectory="ea5cf718-52bd-4100-92b3-177c2c61787e" dataRowInfo="13" resultType="DataDrivenDataRow" />
        <UnitTestResult executionId="da1762b7-d689-463f-a4db-8e110bf0fd58" parentExecutionId="ea5cf718-52bd-4100-92b3-177c2c61787e" testId="c79146bc-2376-961a-5de9-441b5dfc7188" testName="auxiliary_verbs_as_main_verbs" computerName="ARPAN-LAP" duration="00:00:00.0199625" startTime="2014-06-25T20:05:56.7488053+05:30" endTime="2014-06-25T20:05:56.7688065+05:30" testType="13cdc9d9-ddb5-4fa4-a97d-d965ccfc6d4b" outcome="Passed" testListId="8c84fa94-04c1-424b-9868-57a2d4851a1d" relativeResultsDirectory="ea5cf718-52bd-4100-92b3-177c2c61787e" dataRowInfo="14" resultType="DataDrivenDataRow" />
        <UnitTestResult executionId="798b9f7a-59af-447f-83e0-3254858a7a69" parentExecutionId="ea5cf718-52bd-4100-92b3-177c2c61787e" testId="c79146bc-2376-961a-5de9-441b5dfc7188" testName="auxiliary_verbs_as_main_verbs" computerName="ARPAN-LAP" duration="00:00:00.0182117" startTime="2014-06-25T20:05:56.7688065+05:30" endTime="2014-06-25T20:05:56.7868075+05:30" testType="13cdc9d9-ddb5-4fa4-a97d-d965ccfc6d4b" outcome="Passed" testListId="8c84fa94-04c1-424b-9868-57a2d4851a1d" relativeResultsDirectory="ea5cf718-52bd-4100-92b3-177c2c61787e" dataRowInfo="15" resultType="DataDrivenDataRow" />
        <UnitTestResult executionId="0d6e718e-52f3-4b42-8856-5b27d3cf13d8" parentExecutionId="ea5cf718-52bd-4100-92b3-177c2c61787e" testId="c79146bc-2376-961a-5de9-441b5dfc7188" testName="auxiliary_verbs_as_main_verbs" computerName="ARPAN-LAP" duration="00:00:00.0263516" startTime="2014-06-25T20:05:56.7868075+05:30" endTime="2014-06-25T20:05:56.8138090+05:30" testType="13cdc9d9-ddb5-4fa4-a97d-d965ccfc6d4b" outcome="Passed" testListId="8c84fa94-04c1-424b-9868-57a2d4851a1d" relativeResultsDirectory="ea5cf718-52bd-4100-92b3-177c2c61787e" dataRowInfo="16" resultType="DataDrivenDataRow" />
        <UnitTestResult executionId="59a25dfb-0d89-4fba-9043-1c776336b9f2" parentExecutionId="ea5cf718-52bd-4100-92b3-177c2c61787e" testId="c79146bc-2376-961a-5de9-441b5dfc7188" testName="auxiliary_verbs_as_main_verbs" computerName="ARPAN-LAP" duration="00:00:00.0193573" startTime="2014-06-25T20:05:56.8138090+05:30" endTime="2014-06-25T20:05:56.8328101+05:30" testType="13cdc9d9-ddb5-4fa4-a97d-d965ccfc6d4b" outcome="Passed" testListId="8c84fa94-04c1-424b-9868-57a2d4851a1d" relativeResultsDirectory="ea5cf718-52bd-4100-92b3-177c2c61787e" dataRowInfo="17" resultType="DataDrivenDataRow" />
        <UnitTestResult executionId="c81eb036-0c3e-437c-b63e-79cfda3bdc32" parentExecutionId="ea5cf718-52bd-4100-92b3-177c2c61787e" testId="c79146bc-2376-961a-5de9-441b5dfc7188" testName="auxiliary_verbs_as_main_verbs" computerName="ARPAN-LAP" duration="00:00:00.0187974" startTime="2014-06-25T20:05:56.8328101+05:30" endTime="2014-06-25T20:05:56.8518112+05:30" testType="13cdc9d9-ddb5-4fa4-a97d-d965ccfc6d4b" outcome="Passed" testListId="8c84fa94-04c1-424b-9868-57a2d4851a1d" relativeResultsDirectory="ea5cf718-52bd-4100-92b3-177c2c61787e" dataRowInfo="18" resultType="DataDrivenDataRow" />
        <UnitTestResult executionId="fab373d7-bbfb-4c23-9d55-69ef82139057" parentExecutionId="ea5cf718-52bd-4100-92b3-177c2c61787e" testId="c79146bc-2376-961a-5de9-441b5dfc7188" testName="auxiliary_verbs_as_main_verbs" computerName="ARPAN-LAP" duration="00:00:00.0257142" startTime="2014-06-25T20:05:56.8518112+05:30" endTime="2014-06-25T20:05:56.8778127+05:30" testType="13cdc9d9-ddb5-4fa4-a97d-d965ccfc6d4b" outcome="Passed" testListId="8c84fa94-04c1-424b-9868-57a2d4851a1d" relativeResultsDirectory="ea5cf718-52bd-4100-92b3-177c2c61787e" dataRowInfo="19" resultType="DataDrivenDataRow" />
        <UnitTestResult executionId="7bd09393-cc86-4440-adc9-57117d3d9fd8" parentExecutionId="ea5cf718-52bd-4100-92b3-177c2c61787e" testId="c79146bc-2376-961a-5de9-441b5dfc7188" testName="auxiliary_verbs_as_main_verbs" computerName="ARPAN-LAP" duration="00:00:00.0242565" startTime="2014-06-25T20:05:56.8778127+05:30" endTime="2014-06-25T20:05:56.9018141+05:30" testType="13cdc9d9-ddb5-4fa4-a97d-d965ccfc6d4b" outcome="Passed" testListId="8c84fa94-04c1-424b-9868-57a2d4851a1d" relativeResultsDirectory="ea5cf718-52bd-4100-92b3-177c2c61787e" dataRowInfo="20" resultType="DataDrivenDataRow" />
        <UnitTestResult executionId="4c59dc08-45c3-49da-a37f-29ad046fe51e" parentExecutionId="ea5cf718-52bd-4100-92b3-177c2c61787e" testId="c79146bc-2376-961a-5de9-441b5dfc7188" testName="auxiliary_verbs_as_main_verbs" computerName="ARPAN-LAP" duration="00:00:00.0262839" startTime="2014-06-25T20:05:56.9018141+05:30" endTime="2014-06-25T20:05:56.9278156+05:30" testType="13cdc9d9-ddb5-4fa4-a97d-d965ccfc6d4b" outcome="Passed" testListId="8c84fa94-04c1-424b-9868-57a2d4851a1d" relativeResultsDirectory="ea5cf718-52bd-4100-92b3-177c2c61787e" dataRowInfo="21" resultType="DataDrivenDataRow" />
        <UnitTestResult executionId="79d5fd55-0bf9-4bcd-ae1e-062aaeb9decd" parentExecutionId="ea5cf718-52bd-4100-92b3-177c2c61787e" testId="c79146bc-2376-961a-5de9-441b5dfc7188" testName="auxiliary_verbs_as_main_verbs" computerName="ARPAN-LAP" duration="00:00:00.0159944" startTime="2014-06-25T20:05:56.9278156+05:30" endTime="2014-06-25T20:05:56.9438165+05:30" testType="13cdc9d9-ddb5-4fa4-a97d-d965ccfc6d4b" outcome="Passed" testListId="8c84fa94-04c1-424b-9868-57a2d4851a1d" relativeResultsDirectory="ea5cf718-52bd-4100-92b3-177c2c61787e" dataRowInfo="22" resultType="DataDrivenDataRow" />
        <UnitTestResult executionId="012ec79a-3ecf-4144-8744-26a2e5767ae7" parentExecutionId="ea5cf718-52bd-4100-92b3-177c2c61787e" testId="c79146bc-2376-961a-5de9-441b5dfc7188" testName="auxiliary_verbs_as_main_verbs" computerName="ARPAN-LAP" duration="00:00:00.0182004" startTime="2014-06-25T20:05:56.9438165+05:30" endTime="2014-06-25T20:05:56.9628176+05:30" testType="13cdc9d9-ddb5-4fa4-a97d-d965ccfc6d4b" outcome="Passed" testListId="8c84fa94-04c1-424b-9868-57a2d4851a1d" relativeResultsDirectory="ea5cf718-52bd-4100-92b3-177c2c61787e" dataRowInfo="23" resultType="DataDrivenDataRow" />
        <UnitTestResult executionId="1ec737a2-85c4-47ea-91b6-64b0b4318961" parentExecutionId="ea5cf718-52bd-4100-92b3-177c2c61787e" testId="c79146bc-2376-961a-5de9-441b5dfc7188" testName="auxiliary_verbs_as_main_verbs" computerName="ARPAN-LAP" duration="00:00:00.0251865" startTime="2014-06-25T20:05:56.9628176+05:30" endTime="2014-06-25T20:05:56.9878190+05:30" testType="13cdc9d9-ddb5-4fa4-a97d-d965ccfc6d4b" outcome="Passed" testListId="8c84fa94-04c1-424b-9868-57a2d4851a1d" relativeResultsDirectory="ea5cf718-52bd-4100-92b3-177c2c61787e" dataRowInfo="24" resultType="DataDrivenDataRow" />
      </InnerResults>
    </UnitTestResult>
    <UnitTestResult executionId="c9329cd7-4d26-424c-8f94-5f93a9ffcf56" testId="d03eb628-bf1f-c27d-aeef-e708d613d686" testName="all_persons_modal_can_may_negation" computerName="ARPAN-LAP" duration="00:00:00.6109741" startTime="2014-06-25T20:05:57.0668235+05:30" endTime="2014-06-25T20:05:57.7558629+05:30" testType="13cdc9d9-ddb5-4fa4-a97d-d965ccfc6d4b" outcome="Passed" testListId="8c84fa94-04c1-424b-9868-57a2d4851a1d" relativeResultsDirectory="c9329cd7-4d26-424c-8f94-5f93a9ffcf56" resultType="DataDrivenTest">
      <Counters error="0" failed="0" timeout="0" aborted="0" inconclusive="0" passedButRunAborted="0" notRunnable="0" notExecuted="0" disconnected="0" warning="0" passed="24" completed="0" inProgress="0" pending="0" />
      <InnerResults>
        <UnitTestResult executionId="6be882a6-038a-445b-a555-120cda9fc352" parentExecutionId="c9329cd7-4d26-424c-8f94-5f93a9ffcf56" testId="d03eb628-bf1f-c27d-aeef-e708d613d686" testName="all_persons_modal_can_may_negation" computerName="ARPAN-LAP" duration="00:00:00.0243165" startTime="2014-06-25T20:05:57.0798243+05:30" endTime="2014-06-25T20:05:57.1038256+05:30" testType="13cdc9d9-ddb5-4fa4-a97d-d965ccfc6d4b" outcome="Passed" testListId="8c84fa94-04c1-424b-9868-57a2d4851a1d" relativeResultsDirectory="c9329cd7-4d26-424c-8f94-5f93a9ffcf56" dataRowInfo="0" resultType="DataDrivenDataRow" />
        <UnitTestResult executionId="05788b23-d0be-4f76-adc0-0f430ffba150" parentExecutionId="c9329cd7-4d26-424c-8f94-5f93a9ffcf56" testId="d03eb628-bf1f-c27d-aeef-e708d613d686" testName="all_persons_modal_can_may_negation" computerName="ARPAN-LAP" duration="00:00:00.0217584" startTime="2014-06-25T20:05:57.1038256+05:30" endTime="2014-06-25T20:05:57.1258269+05:30" testType="13cdc9d9-ddb5-4fa4-a97d-d965ccfc6d4b" outcome="Passed" testListId="8c84fa94-04c1-424b-9868-57a2d4851a1d" relativeResultsDirectory="c9329cd7-4d26-424c-8f94-5f93a9ffcf56" dataRowInfo="1" resultType="DataDrivenDataRow" />
        <UnitTestResult executionId="8d2c64d2-bae1-4aaf-bb57-2afe22cb99db" parentExecutionId="c9329cd7-4d26-424c-8f94-5f93a9ffcf56" testId="d03eb628-bf1f-c27d-aeef-e708d613d686" testName="all_persons_modal_can_may_negation" computerName="ARPAN-LAP" duration="00:00:00.0241251" startTime="2014-06-25T20:05:57.1258269+05:30" endTime="2014-06-25T20:05:57.1498283+05:30" testType="13cdc9d9-ddb5-4fa4-a97d-d965ccfc6d4b" outcome="Passed" testListId="8c84fa94-04c1-424b-9868-57a2d4851a1d" relativeResultsDirectory="c9329cd7-4d26-424c-8f94-5f93a9ffcf56" dataRowInfo="2" resultType="DataDrivenDataRow" />
        <UnitTestResult executionId="0ea28976-fe8f-4935-a159-2b902e50f462" parentExecutionId="c9329cd7-4d26-424c-8f94-5f93a9ffcf56" testId="d03eb628-bf1f-c27d-aeef-e708d613d686" testName="all_persons_modal_can_may_negation" computerName="ARPAN-LAP" duration="00:00:00.0238874" startTime="2014-06-25T20:05:57.1498283+05:30" endTime="2014-06-25T20:05:57.1738296+05:30" testType="13cdc9d9-ddb5-4fa4-a97d-d965ccfc6d4b" outcome="Passed" testListId="8c84fa94-04c1-424b-9868-57a2d4851a1d" relativeResultsDirectory="c9329cd7-4d26-424c-8f94-5f93a9ffcf56" dataRowInfo="3" resultType="DataDrivenDataRow" />
        <UnitTestResult executionId="ec66265c-c819-4a6c-b2cf-3bd041c3c0fb" parentExecutionId="c9329cd7-4d26-424c-8f94-5f93a9ffcf56" testId="d03eb628-bf1f-c27d-aeef-e708d613d686" testName="all_persons_modal_can_may_negation" computerName="ARPAN-LAP" duration="00:00:00.0304244" startTime="2014-06-25T20:05:57.1738296+05:30" endTime="2014-06-25T20:05:57.2038314+05:30" testType="13cdc9d9-ddb5-4fa4-a97d-d965ccfc6d4b" outcome="Passed" testListId="8c84fa94-04c1-424b-9868-57a2d4851a1d" relativeResultsDirectory="c9329cd7-4d26-424c-8f94-5f93a9ffcf56" dataRowInfo="4" resultType="DataDrivenDataRow" />
        <UnitTestResult executionId="a635931d-88a0-49d8-8326-6a30eb9f4057" parentExecutionId="c9329cd7-4d26-424c-8f94-5f93a9ffcf56" testId="d03eb628-bf1f-c27d-aeef-e708d613d686" testName="all_persons_modal_can_may_negation" computerName="ARPAN-LAP" duration="00:00:00.0285418" startTime="2014-06-25T20:05:57.2038314+05:30" endTime="2014-06-25T20:05:57.2328330+05:30" testType="13cdc9d9-ddb5-4fa4-a97d-d965ccfc6d4b" outcome="Passed" testListId="8c84fa94-04c1-424b-9868-57a2d4851a1d" relativeResultsDirectory="c9329cd7-4d26-424c-8f94-5f93a9ffcf56" dataRowInfo="5" resultType="DataDrivenDataRow" />
        <UnitTestResult executionId="707c119d-b6f3-4bcd-af82-453bbbc4882f" parentExecutionId="c9329cd7-4d26-424c-8f94-5f93a9ffcf56" testId="d03eb628-bf1f-c27d-aeef-e708d613d686" testName="all_persons_modal_can_may_negation" computerName="ARPAN-LAP" duration="00:00:00.0322696" startTime="2014-06-25T20:05:57.2328330+05:30" endTime="2014-06-25T20:05:57.2648348+05:30" testType="13cdc9d9-ddb5-4fa4-a97d-d965ccfc6d4b" outcome="Passed" testListId="8c84fa94-04c1-424b-9868-57a2d4851a1d" relativeResultsDirectory="c9329cd7-4d26-424c-8f94-5f93a9ffcf56" dataRowInfo="6" resultType="DataDrivenDataRow" />
        <UnitTestResult executionId="eeb397d7-6b74-4240-bc3d-ed5676d5832b" parentExecutionId="c9329cd7-4d26-424c-8f94-5f93a9ffcf56" testId="d03eb628-bf1f-c27d-aeef-e708d613d686" testName="all_persons_modal_can_may_negation" computerName="ARPAN-LAP" duration="00:00:00.0345388" startTime="2014-06-25T20:05:57.2648348+05:30" endTime="2014-06-25T20:05:57.2998368+05:30" testType="13cdc9d9-ddb5-4fa4-a97d-d965ccfc6d4b" outcome="Passed" testListId="8c84fa94-04c1-424b-9868-57a2d4851a1d" relativeResultsDirectory="c9329cd7-4d26-424c-8f94-5f93a9ffcf56" dataRowInfo="7" resultType="DataDrivenDataRow" />
        <UnitTestResult executionId="531b3669-911c-4662-a8e8-833c710d291c" parentExecutionId="c9329cd7-4d26-424c-8f94-5f93a9ffcf56" testId="d03eb628-bf1f-c27d-aeef-e708d613d686" testName="all_persons_modal_can_may_negation" computerName="ARPAN-LAP" duration="00:00:00.0197182" startTime="2014-06-25T20:05:57.2998368+05:30" endTime="2014-06-25T20:05:57.3198380+05:30" testType="13cdc9d9-ddb5-4fa4-a97d-d965ccfc6d4b" outcome="Passed" testListId="8c84fa94-04c1-424b-9868-57a2d4851a1d" relativeResultsDirectory="c9329cd7-4d26-424c-8f94-5f93a9ffcf56" dataRowInfo="8" resultType="DataDrivenDataRow" />
        <UnitTestResult executionId="f4914f67-95ac-45a8-9953-0c402376a619" parentExecutionId="c9329cd7-4d26-424c-8f94-5f93a9ffcf56" testId="d03eb628-bf1f-c27d-aeef-e708d613d686" testName="all_persons_modal_can_may_negation" computerName="ARPAN-LAP" duration="00:00:00.0284632" startTime="2014-06-25T20:05:57.3198380+05:30" endTime="2014-06-25T20:05:57.3478396+05:30" testType="13cdc9d9-ddb5-4fa4-a97d-d965ccfc6d4b" outcome="Passed" testListId="8c84fa94-04c1-424b-9868-57a2d4851a1d" relativeResultsDirectory="c9329cd7-4d26-424c-8f94-5f93a9ffcf56" dataRowInfo="9" resultType="DataDrivenDataRow" />
        <UnitTestResult executionId="bca26185-41c3-4d70-bb2b-a69f8471905b" parentExecutionId="c9329cd7-4d26-424c-8f94-5f93a9ffcf56" testId="d03eb628-bf1f-c27d-aeef-e708d613d686" testName="all_persons_modal_can_may_negation" computerName="ARPAN-LAP" duration="00:00:00.0285587" startTime="2014-06-25T20:05:57.3478396+05:30" endTime="2014-06-25T20:05:57.3768412+05:30" testType="13cdc9d9-ddb5-4fa4-a97d-d965ccfc6d4b" outcome="Passed" testListId="8c84fa94-04c1-424b-9868-57a2d4851a1d" relativeResultsDirectory="c9329cd7-4d26-424c-8f94-5f93a9ffcf56" dataRowInfo="10" resultType="DataDrivenDataRow" />
        <UnitTestResult executionId="050d86ba-04fe-4cd6-b554-1b59759ab00f" parentExecutionId="c9329cd7-4d26-424c-8f94-5f93a9ffcf56" testId="d03eb628-bf1f-c27d-aeef-e708d613d686" testName="all_persons_modal_can_may_negation" computerName="ARPAN-LAP" duration="00:00:00.0279274" startTime="2014-06-25T20:05:57.3768412+05:30" endTime="2014-06-25T20:05:57.4048428+05:30" testType="13cdc9d9-ddb5-4fa4-a97d-d965ccfc6d4b" outcome="Passed" testListId="8c84fa94-04c1-424b-9868-57a2d4851a1d" relativeResultsDirectory="c9329cd7-4d26-424c-8f94-5f93a9ffcf56" dataRowInfo="11" resultType="DataDrivenDataRow" />
        <UnitTestResult executionId="f8932499-f73a-4943-841a-dc9fba990a3f" parentExecutionId="c9329cd7-4d26-424c-8f94-5f93a9ffcf56" testId="d03eb628-bf1f-c27d-aeef-e708d613d686" testName="all_persons_modal_can_may_negation" computerName="ARPAN-LAP" duration="00:00:00.0276302" startTime="2014-06-25T20:05:57.4048428+05:30" endTime="2014-06-25T20:05:57.4318444+05:30" testType="13cdc9d9-ddb5-4fa4-a97d-d965ccfc6d4b" outcome="Passed" testListId="8c84fa94-04c1-424b-9868-57a2d4851a1d" relativeResultsDirectory="c9329cd7-4d26-424c-8f94-5f93a9ffcf56" dataRowInfo="12" resultType="DataDrivenDataRow" />
        <UnitTestResult executionId="632cc479-7255-4465-8d83-864b9f2a8935" parentExecutionId="c9329cd7-4d26-424c-8f94-5f93a9ffcf56" testId="d03eb628-bf1f-c27d-aeef-e708d613d686" testName="all_persons_modal_can_may_negation" computerName="ARPAN-LAP" duration="00:00:00.0274536" startTime="2014-06-25T20:05:57.4328445+05:30" endTime="2014-06-25T20:05:57.4598460+05:30" testType="13cdc9d9-ddb5-4fa4-a97d-d965ccfc6d4b" outcome="Passed" testListId="8c84fa94-04c1-424b-9868-57a2d4851a1d" relativeResultsDirectory="c9329cd7-4d26-424c-8f94-5f93a9ffcf56" dataRowInfo="13" resultType="DataDrivenDataRow" />
        <UnitTestResult executionId="1847996d-04f8-48f2-a892-e7f255bf63fa" parentExecutionId="c9329cd7-4d26-424c-8f94-5f93a9ffcf56" testId="d03eb628-bf1f-c27d-aeef-e708d613d686" testName="all_persons_modal_can_may_negation" computerName="ARPAN-LAP" duration="00:00:00.0235995" startTime="2014-06-25T20:05:57.4598460+05:30" endTime="2014-06-25T20:05:57.4838474+05:30" testType="13cdc9d9-ddb5-4fa4-a97d-d965ccfc6d4b" outcome="Passed" testListId="8c84fa94-04c1-424b-9868-57a2d4851a1d" relativeResultsDirectory="c9329cd7-4d26-424c-8f94-5f93a9ffcf56" dataRowInfo="14" resultType="DataDrivenDataRow" />
        <UnitTestResult executionId="d020fba8-553e-497b-b99e-f96f1670de7f" parentExecutionId="c9329cd7-4d26-424c-8f94-5f93a9ffcf56" testId="d03eb628-bf1f-c27d-aeef-e708d613d686" testName="all_persons_modal_can_may_negation" computerName="ARPAN-LAP" duration="00:00:00.0236749" startTime="2014-06-25T20:05:57.4838474+05:30" endTime="2014-06-25T20:05:57.5068487+05:30" testType="13cdc9d9-ddb5-4fa4-a97d-d965ccfc6d4b" outcome="Passed" testListId="8c84fa94-04c1-424b-9868-57a2d4851a1d" relativeResultsDirectory="c9329cd7-4d26-424c-8f94-5f93a9ffcf56" dataRowInfo="15" resultType="DataDrivenDataRow" />
        <UnitTestResult executionId="b4b334ed-3f23-43d8-90ae-54677c718275" parentExecutionId="c9329cd7-4d26-424c-8f94-5f93a9ffcf56" testId="d03eb628-bf1f-c27d-aeef-e708d613d686" testName="all_persons_modal_can_may_negation" computerName="ARPAN-LAP" duration="00:00:00.0211866" startTime="2014-06-25T20:05:57.5068487+05:30" endTime="2014-06-25T20:05:57.5288499+05:30" testType="13cdc9d9-ddb5-4fa4-a97d-d965ccfc6d4b" outcome="Passed" testListId="8c84fa94-04c1-424b-9868-57a2d4851a1d" relativeResultsDirectory="c9329cd7-4d26-424c-8f94-5f93a9ffcf56" dataRowInfo="16" resultType="DataDrivenDataRow" />
        <UnitTestResult executionId="ddb649cf-9a36-4ee5-9b07-cff9a552e5cc" parentExecutionId="c9329cd7-4d26-424c-8f94-5f93a9ffcf56" testId="d03eb628-bf1f-c27d-aeef-e708d613d686" testName="all_persons_modal_can_may_negation" computerName="ARPAN-LAP" duration="00:00:00.0191982" startTime="2014-06-25T20:05:57.5288499+05:30" endTime="2014-06-25T20:05:57.5478510+05:30" testType="13cdc9d9-ddb5-4fa4-a97d-d965ccfc6d4b" outcome="Passed" testListId="8c84fa94-04c1-424b-9868-57a2d4851a1d" relativeResultsDirectory="c9329cd7-4d26-424c-8f94-5f93a9ffcf56" dataRowInfo="17" resultType="DataDrivenDataRow" />
        <UnitTestResult executionId="ae709613-64a1-4129-bef8-1b6e9d8666a5" parentExecutionId="c9329cd7-4d26-424c-8f94-5f93a9ffcf56" testId="d03eb628-bf1f-c27d-aeef-e708d613d686" testName="all_persons_modal_can_may_negation" computerName="ARPAN-LAP" duration="00:00:00.0207391" startTime="2014-06-25T20:05:57.5478510+05:30" endTime="2014-06-25T20:05:57.5688522+05:30" testType="13cdc9d9-ddb5-4fa4-a97d-d965ccfc6d4b" outcome="Passed" testListId="8c84fa94-04c1-424b-9868-57a2d4851a1d" relativeResultsDirectory="c9329cd7-4d26-424c-8f94-5f93a9ffcf56" dataRowInfo="18" resultType="DataDrivenDataRow" />
        <UnitTestResult executionId="e855a78c-1d8f-4801-b189-726c440efe84" parentExecutionId="c9329cd7-4d26-424c-8f94-5f93a9ffcf56" testId="d03eb628-bf1f-c27d-aeef-e708d613d686" testName="all_persons_modal_can_may_negation" computerName="ARPAN-LAP" duration="00:00:00.0191171" startTime="2014-06-25T20:05:57.5688522+05:30" endTime="2014-06-25T20:05:57.5878533+05:30" testType="13cdc9d9-ddb5-4fa4-a97d-d965ccfc6d4b" outcome="Passed" testListId="8c84fa94-04c1-424b-9868-57a2d4851a1d" relativeResultsDirectory="c9329cd7-4d26-424c-8f94-5f93a9ffcf56" dataRowInfo="19" resultType="DataDrivenDataRow" />
        <UnitTestResult executionId="40e1dfe9-9f29-4dbe-b686-c004de334dc8" parentExecutionId="c9329cd7-4d26-424c-8f94-5f93a9ffcf56" testId="d03eb628-bf1f-c27d-aeef-e708d613d686" testName="all_persons_modal_can_may_negation" computerName="ARPAN-LAP" duration="00:00:00.0217184" startTime="2014-06-25T20:05:57.5878533+05:30" endTime="2014-06-25T20:05:57.6098546+05:30" testType="13cdc9d9-ddb5-4fa4-a97d-d965ccfc6d4b" outcome="Passed" testListId="8c84fa94-04c1-424b-9868-57a2d4851a1d" relativeResultsDirectory="c9329cd7-4d26-424c-8f94-5f93a9ffcf56" dataRowInfo="20" resultType="DataDrivenDataRow" />
        <UnitTestResult executionId="a4033365-0204-44fb-b82c-471f490e360b" parentExecutionId="c9329cd7-4d26-424c-8f94-5f93a9ffcf56" testId="d03eb628-bf1f-c27d-aeef-e708d613d686" testName="all_persons_modal_can_may_negation" computerName="ARPAN-LAP" duration="00:00:00.0268639" startTime="2014-06-25T20:05:57.6098546+05:30" endTime="2014-06-25T20:05:57.6368561+05:30" testType="13cdc9d9-ddb5-4fa4-a97d-d965ccfc6d4b" outcome="Passed" testListId="8c84fa94-04c1-424b-9868-57a2d4851a1d" relativeResultsDirectory="c9329cd7-4d26-424c-8f94-5f93a9ffcf56" dataRowInfo="21" resultType="DataDrivenDataRow" />
        <UnitTestResult executionId="ce17f6fd-0e02-4dd9-b385-1b525fcb3a6d" parentExecutionId="c9329cd7-4d26-424c-8f94-5f93a9ffcf56" testId="d03eb628-bf1f-c27d-aeef-e708d613d686" testName="all_persons_modal_can_may_negation" computerName="ARPAN-LAP" duration="00:00:00.0274208" startTime="2014-06-25T20:05:57.6368561+05:30" endTime="2014-06-25T20:05:57.6638577+05:30" testType="13cdc9d9-ddb5-4fa4-a97d-d965ccfc6d4b" outcome="Passed" testListId="8c84fa94-04c1-424b-9868-57a2d4851a1d" relativeResultsDirectory="c9329cd7-4d26-424c-8f94-5f93a9ffcf56" dataRowInfo="22" resultType="DataDrivenDataRow" />
        <UnitTestResult executionId="5a549071-f72d-4230-9683-ab7b2db3c78e" parentExecutionId="c9329cd7-4d26-424c-8f94-5f93a9ffcf56" testId="d03eb628-bf1f-c27d-aeef-e708d613d686" testName="all_persons_modal_can_may_negation" computerName="ARPAN-LAP" duration="00:00:00.0247456" startTime="2014-06-25T20:05:57.6638577+05:30" endTime="2014-06-25T20:05:57.6888591+05:30" testType="13cdc9d9-ddb5-4fa4-a97d-d965ccfc6d4b" outcome="Passed" testListId="8c84fa94-04c1-424b-9868-57a2d4851a1d" relativeResultsDirectory="c9329cd7-4d26-424c-8f94-5f93a9ffcf56" dataRowInfo="23" resultType="DataDrivenDataRow" />
      </InnerResults>
    </UnitTestResult>
    <UnitTestResult executionId="e1916715-9867-49f8-955d-f712161cf2b0" testId="d766a059-d96c-7b47-e6a6-34931760df96" testName="all_persons_tenses_passive" computerName="ARPAN-LAP" duration="00:00:00.2706077" startTime="2014-06-25T20:05:57.7578630+05:30" endTime="2014-06-25T20:05:58.0818816+05:30" testType="13cdc9d9-ddb5-4fa4-a97d-d965ccfc6d4b" outcome="Passed" testListId="8c84fa94-04c1-424b-9868-57a2d4851a1d" relativeResultsDirectory="e1916715-9867-49f8-955d-f712161cf2b0" resultType="DataDrivenTest">
      <Counters error="0" failed="0" timeout="0" aborted="0" inconclusive="0" passedButRunAborted="0" notRunnable="0" notExecuted="0" disconnected="0" warning="0" passed="10" completed="0" inProgress="0" pending="0" />
      <InnerResults>
        <UnitTestResult executionId="e28a5937-4cac-42fc-aafc-812067a79df2" parentExecutionId="e1916715-9867-49f8-955d-f712161cf2b0" testId="d766a059-d96c-7b47-e6a6-34931760df96" testName="all_persons_tenses_passive" computerName="ARPAN-LAP" duration="00:00:00.0212729" startTime="2014-06-25T20:05:57.7698637+05:30" endTime="2014-06-25T20:05:57.7908649+05:30" testType="13cdc9d9-ddb5-4fa4-a97d-d965ccfc6d4b" outcome="Passed" testListId="8c84fa94-04c1-424b-9868-57a2d4851a1d" relativeResultsDirectory="e1916715-9867-49f8-955d-f712161cf2b0" dataRowInfo="0" resultType="DataDrivenDataRow" />
        <UnitTestResult executionId="81bf6639-081e-4a96-a79f-8bfc0fcdf5c3" parentExecutionId="e1916715-9867-49f8-955d-f712161cf2b0" testId="d766a059-d96c-7b47-e6a6-34931760df96" testName="all_persons_tenses_passive" computerName="ARPAN-LAP" duration="00:00:00.0240933" startTime="2014-06-25T20:05:57.7908649+05:30" endTime="2014-06-25T20:05:57.8158664+05:30" testType="13cdc9d9-ddb5-4fa4-a97d-d965ccfc6d4b" outcome="Passed" testListId="8c84fa94-04c1-424b-9868-57a2d4851a1d" relativeResultsDirectory="e1916715-9867-49f8-955d-f712161cf2b0" dataRowInfo="1" resultType="DataDrivenDataRow" />
        <UnitTestResult executionId="a3cbbffc-9b87-41b2-a781-dfa3a8d8a773" parentExecutionId="e1916715-9867-49f8-955d-f712161cf2b0" testId="d766a059-d96c-7b47-e6a6-34931760df96" testName="all_persons_tenses_passive" computerName="ARPAN-LAP" duration="00:00:00.0291520" startTime="2014-06-25T20:05:57.8158664+05:30" endTime="2014-06-25T20:05:57.8448680+05:30" testType="13cdc9d9-ddb5-4fa4-a97d-d965ccfc6d4b" outcome="Passed" testListId="8c84fa94-04c1-424b-9868-57a2d4851a1d" relativeResultsDirectory="e1916715-9867-49f8-955d-f712161cf2b0" dataRowInfo="2" resultType="DataDrivenDataRow" />
        <UnitTestResult executionId="8be1fd45-1bdd-4609-8274-f12d361cea69" parentExecutionId="e1916715-9867-49f8-955d-f712161cf2b0" testId="d766a059-d96c-7b47-e6a6-34931760df96" testName="all_persons_tenses_passive" computerName="ARPAN-LAP" duration="00:00:00.0307652" startTime="2014-06-25T20:05:57.8448680+05:30" endTime="2014-06-25T20:05:57.8758698+05:30" testType="13cdc9d9-ddb5-4fa4-a97d-d965ccfc6d4b" outcome="Passed" testListId="8c84fa94-04c1-424b-9868-57a2d4851a1d" relativeResultsDirectory="e1916715-9867-49f8-955d-f712161cf2b0" dataRowInfo="3" resultType="DataDrivenDataRow" />
        <UnitTestResult executionId="d2e9dcde-7893-4e84-bf6f-2e4f0020becf" parentExecutionId="e1916715-9867-49f8-955d-f712161cf2b0" testId="d766a059-d96c-7b47-e6a6-34931760df96" testName="all_persons_tenses_passive" computerName="ARPAN-LAP" duration="00:00:00.0192362" startTime="2014-06-25T20:05:57.8758698+05:30" endTime="2014-06-25T20:05:57.8948709+05:30" testType="13cdc9d9-ddb5-4fa4-a97d-d965ccfc6d4b" outcome="Passed" testListId="8c84fa94-04c1-424b-9868-57a2d4851a1d" relativeResultsDirectory="e1916715-9867-49f8-955d-f712161cf2b0" dataRowInfo="4" resultType="DataDrivenDataRow" />
        <UnitTestResult executionId="e515d18c-54b7-4162-b857-174eddf2a332" parentExecutionId="e1916715-9867-49f8-955d-f712161cf2b0" testId="d766a059-d96c-7b47-e6a6-34931760df96" testName="all_persons_tenses_passive" computerName="ARPAN-LAP" duration="00:00:00.0237658" startTime="2014-06-25T20:05:57.8948709+05:30" endTime="2014-06-25T20:05:57.9188722+05:30" testType="13cdc9d9-ddb5-4fa4-a97d-d965ccfc6d4b" outcome="Passed" testListId="8c84fa94-04c1-424b-9868-57a2d4851a1d" relativeResultsDirectory="e1916715-9867-49f8-955d-f712161cf2b0" dataRowInfo="5" resultType="DataDrivenDataRow" />
        <UnitTestResult executionId="895b622f-2a7d-4a2f-a198-da25b36a1113" parentExecutionId="e1916715-9867-49f8-955d-f712161cf2b0" testId="d766a059-d96c-7b47-e6a6-34931760df96" testName="all_persons_tenses_passive" computerName="ARPAN-LAP" duration="00:00:00.0270523" startTime="2014-06-25T20:05:57.9188722+05:30" endTime="2014-06-25T20:05:57.9458738+05:30" testType="13cdc9d9-ddb5-4fa4-a97d-d965ccfc6d4b" outcome="Passed" testListId="8c84fa94-04c1-424b-9868-57a2d4851a1d" relativeResultsDirectory="e1916715-9867-49f8-955d-f712161cf2b0" dataRowInfo="6" resultType="DataDrivenDataRow" />
        <UnitTestResult executionId="9c3163e5-1476-493f-945a-9e87cbc70eac" parentExecutionId="e1916715-9867-49f8-955d-f712161cf2b0" testId="d766a059-d96c-7b47-e6a6-34931760df96" testName="all_persons_tenses_passive" computerName="ARPAN-LAP" duration="00:00:00.0294379" startTime="2014-06-25T20:05:57.9458738+05:30" endTime="2014-06-25T20:05:57.9748755+05:30" testType="13cdc9d9-ddb5-4fa4-a97d-d965ccfc6d4b" outcome="Passed" testListId="8c84fa94-04c1-424b-9868-57a2d4851a1d" relativeResultsDirectory="e1916715-9867-49f8-955d-f712161cf2b0" dataRowInfo="7" resultType="DataDrivenDataRow" />
        <UnitTestResult executionId="497de4bc-0b9d-4131-8ab0-240597d65e93" parentExecutionId="e1916715-9867-49f8-955d-f712161cf2b0" testId="d766a059-d96c-7b47-e6a6-34931760df96" testName="all_persons_tenses_passive" computerName="ARPAN-LAP" duration="00:00:00.0300159" startTime="2014-06-25T20:05:57.9748755+05:30" endTime="2014-06-25T20:05:58.0048772+05:30" testType="13cdc9d9-ddb5-4fa4-a97d-d965ccfc6d4b" outcome="Passed" testListId="8c84fa94-04c1-424b-9868-57a2d4851a1d" relativeResultsDirectory="e1916715-9867-49f8-955d-f712161cf2b0" dataRowInfo="8" resultType="DataDrivenDataRow" />
        <UnitTestResult executionId="dc32d3aa-3679-4fc1-acbf-7c96c5da1566" parentExecutionId="e1916715-9867-49f8-955d-f712161cf2b0" testId="d766a059-d96c-7b47-e6a6-34931760df96" testName="all_persons_tenses_passive" computerName="ARPAN-LAP" duration="00:00:00.0331463" startTime="2014-06-25T20:05:58.0048772+05:30" endTime="2014-06-25T20:05:58.0388791+05:30" testType="13cdc9d9-ddb5-4fa4-a97d-d965ccfc6d4b" outcome="Passed" testListId="8c84fa94-04c1-424b-9868-57a2d4851a1d" relativeResultsDirectory="e1916715-9867-49f8-955d-f712161cf2b0" dataRowInfo="9" resultType="DataDrivenDataRow" />
      </InnerResults>
    </UnitTestResult>
    <UnitTestResult executionId="79460ff5-2cc3-4200-8f0e-15991da33e5e" testId="fe3e63ab-391c-e168-48d0-431b85a7b898" testName="third_person_tenses_active_negation" computerName="ARPAN-LAP" duration="00:00:00.2244828" startTime="2014-06-25T20:05:58.0958824+05:30" endTime="2014-06-25T20:05:58.3658978+05:30" testType="13cdc9d9-ddb5-4fa4-a97d-d965ccfc6d4b" outcome="Passed" testListId="8c84fa94-04c1-424b-9868-57a2d4851a1d" relativeResultsDirectory="79460ff5-2cc3-4200-8f0e-15991da33e5e" resultType="DataDrivenTest">
      <Counters error="0" failed="0" timeout="0" aborted="0" inconclusive="0" passedButRunAborted="0" notRunnable="0" notExecuted="0" disconnected="0" warning="0" passed="10" completed="0" inProgress="0" pending="0" />
      <InnerResults>
        <UnitTestResult executionId="9d95bcf8-bae8-4bb6-875a-81f24580cc63" parentExecutionId="79460ff5-2cc3-4200-8f0e-15991da33e5e" testId="fe3e63ab-391c-e168-48d0-431b85a7b898" testName="third_person_tenses_active_negation" computerName="ARPAN-LAP" duration="00:00:00.0221654" startTime="2014-06-25T20:05:58.1118833+05:30" endTime="2014-06-25T20:05:58.1338845+05:30" testType="13cdc9d9-ddb5-4fa4-a97d-d965ccfc6d4b" outcome="Passed" testListId="8c84fa94-04c1-424b-9868-57a2d4851a1d" relativeResultsDirectory="79460ff5-2cc3-4200-8f0e-15991da33e5e" dataRowInfo="0" resultType="DataDrivenDataRow" />
        <UnitTestResult executionId="34228706-5da0-4110-be39-db812d40274d" parentExecutionId="79460ff5-2cc3-4200-8f0e-15991da33e5e" testId="fe3e63ab-391c-e168-48d0-431b85a7b898" testName="third_person_tenses_active_negation" computerName="ARPAN-LAP" duration="00:00:00.0207791" startTime="2014-06-25T20:05:58.1338845+05:30" endTime="2014-06-25T20:05:58.1548857+05:30" testType="13cdc9d9-ddb5-4fa4-a97d-d965ccfc6d4b" outcome="Passed" testListId="8c84fa94-04c1-424b-9868-57a2d4851a1d" relativeResultsDirectory="79460ff5-2cc3-4200-8f0e-15991da33e5e" dataRowInfo="1" resultType="DataDrivenDataRow" />
        <UnitTestResult executionId="f130f738-017c-405d-815d-ed715cf093a9" parentExecutionId="79460ff5-2cc3-4200-8f0e-15991da33e5e" testId="fe3e63ab-391c-e168-48d0-431b85a7b898" testName="third_person_tenses_active_negation" computerName="ARPAN-LAP" duration="00:00:00.0223738" startTime="2014-06-25T20:05:58.1548857+05:30" endTime="2014-06-25T20:05:58.1778871+05:30" testType="13cdc9d9-ddb5-4fa4-a97d-d965ccfc6d4b" outcome="Passed" testListId="8c84fa94-04c1-424b-9868-57a2d4851a1d" relativeResultsDirectory="79460ff5-2cc3-4200-8f0e-15991da33e5e" dataRowInfo="2" resultType="DataDrivenDataRow" />
        <UnitTestResult executionId="2a0169a9-9af8-4cfa-b8e3-e7f5d6adc847" parentExecutionId="79460ff5-2cc3-4200-8f0e-15991da33e5e" testId="fe3e63ab-391c-e168-48d0-431b85a7b898" testName="third_person_tenses_active_negation" computerName="ARPAN-LAP" duration="00:00:00.0245870" startTime="2014-06-25T20:05:58.1778871+05:30" endTime="2014-06-25T20:05:58.2018884+05:30" testType="13cdc9d9-ddb5-4fa4-a97d-d965ccfc6d4b" outcome="Passed" testListId="8c84fa94-04c1-424b-9868-57a2d4851a1d" relativeResultsDirectory="79460ff5-2cc3-4200-8f0e-15991da33e5e" dataRowInfo="3" resultType="DataDrivenDataRow" />
        <UnitTestResult executionId="3c443346-20d2-4038-b66d-8219a9a8f493" parentExecutionId="79460ff5-2cc3-4200-8f0e-15991da33e5e" testId="fe3e63ab-391c-e168-48d0-431b85a7b898" testName="third_person_tenses_active_negation" computerName="ARPAN-LAP" duration="00:00:00.0192711" startTime="2014-06-25T20:05:58.2018884+05:30" endTime="2014-06-25T20:05:58.2218896+05:30" testType="13cdc9d9-ddb5-4fa4-a97d-d965ccfc6d4b" outcome="Passed" testListId="8c84fa94-04c1-424b-9868-57a2d4851a1d" relativeResultsDirectory="79460ff5-2cc3-4200-8f0e-15991da33e5e" dataRowInfo="4" resultType="DataDrivenDataRow" />
        <UnitTestResult executionId="6ebc0148-cbd3-45da-bd5b-f969b301a948" parentExecutionId="79460ff5-2cc3-4200-8f0e-15991da33e5e" testId="fe3e63ab-391c-e168-48d0-431b85a7b898" testName="third_person_tenses_active_negation" computerName="ARPAN-LAP" duration="00:00:00.0205589" startTime="2014-06-25T20:05:58.2218896+05:30" endTime="2014-06-25T20:05:58.2418907+05:30" testType="13cdc9d9-ddb5-4fa4-a97d-d965ccfc6d4b" outcome="Passed" testListId="8c84fa94-04c1-424b-9868-57a2d4851a1d" relativeResultsDirectory="79460ff5-2cc3-4200-8f0e-15991da33e5e" dataRowInfo="5" resultType="DataDrivenDataRow" />
        <UnitTestResult executionId="e11e7232-331f-4e4b-a491-cd4a5727de1c" parentExecutionId="79460ff5-2cc3-4200-8f0e-15991da33e5e" testId="fe3e63ab-391c-e168-48d0-431b85a7b898" testName="third_person_tenses_active_negation" computerName="ARPAN-LAP" duration="00:00:00.0213616" startTime="2014-06-25T20:05:58.2418907+05:30" endTime="2014-06-25T20:05:58.2638920+05:30" testType="13cdc9d9-ddb5-4fa4-a97d-d965ccfc6d4b" outcome="Passed" testListId="8c84fa94-04c1-424b-9868-57a2d4851a1d" relativeResultsDirectory="79460ff5-2cc3-4200-8f0e-15991da33e5e" dataRowInfo="6" resultType="DataDrivenDataRow" />
        <UnitTestResult executionId="40db3ff7-7e1e-47a7-8cff-e8c7dca982c6" parentExecutionId="79460ff5-2cc3-4200-8f0e-15991da33e5e" testId="fe3e63ab-391c-e168-48d0-431b85a7b898" testName="third_person_tenses_active_negation" computerName="ARPAN-LAP" duration="00:00:00.0243016" startTime="2014-06-25T20:05:58.2638920+05:30" endTime="2014-06-25T20:05:58.2878934+05:30" testType="13cdc9d9-ddb5-4fa4-a97d-d965ccfc6d4b" outcome="Passed" testListId="8c84fa94-04c1-424b-9868-57a2d4851a1d" relativeResultsDirectory="79460ff5-2cc3-4200-8f0e-15991da33e5e" dataRowInfo="7" resultType="DataDrivenDataRow" />
        <UnitTestResult executionId="339f5d02-2551-488e-8b93-88dfb5094129" parentExecutionId="79460ff5-2cc3-4200-8f0e-15991da33e5e" testId="fe3e63ab-391c-e168-48d0-431b85a7b898" testName="third_person_tenses_active_negation" computerName="ARPAN-LAP" duration="00:00:00.0201247" startTime="2014-06-25T20:05:58.2878934+05:30" endTime="2014-06-25T20:05:58.3078945+05:30" testType="13cdc9d9-ddb5-4fa4-a97d-d965ccfc6d4b" outcome="Passed" testListId="8c84fa94-04c1-424b-9868-57a2d4851a1d" relativeResultsDirectory="79460ff5-2cc3-4200-8f0e-15991da33e5e" dataRowInfo="8" resultType="DataDrivenDataRow" />
        <UnitTestResult executionId="6f544353-abfd-4be9-8273-4e6b87c60a4d" parentExecutionId="79460ff5-2cc3-4200-8f0e-15991da33e5e" testId="fe3e63ab-391c-e168-48d0-431b85a7b898" testName="third_person_tenses_active_negation" computerName="ARPAN-LAP" duration="00:00:00.0262557" startTime="2014-06-25T20:05:58.3078945+05:30" endTime="2014-06-25T20:05:58.3348960+05:30" testType="13cdc9d9-ddb5-4fa4-a97d-d965ccfc6d4b" outcome="Passed" testListId="8c84fa94-04c1-424b-9868-57a2d4851a1d" relativeResultsDirectory="79460ff5-2cc3-4200-8f0e-15991da33e5e" dataRowInfo="9" resultType="DataDrivenDataRow" />
      </InnerResults>
    </UnitTestResult>
  </Results>
</TestRun>