<?xml version="1.0" encoding="UTF-8"?>
<TestRun id="ac022eb9-99f2-4c37-89bf-db8f88898088" name="Arghya@ARPAN-LAP 2014-06-29 12:31:27" runUser="ARPAN-LAP\Arghya" xmlns="http://microsoft.com/schemas/VisualStudio/TeamTest/2010">
  <TestSettings name="Default Test Settings" id="2dc2a54e-bc38-4e93-b7ea-b394b0f33b7e">
    <Deployment userDeploymentRoot="D:\software\Project\BNLP\TestResults" useDefaultDeploymentRoot="false" runDeploymentRoot="Arghya_ARPAN-LAP 2014-06-29 12_31_27" />
    <Execution>
      <TestTypeSpecific />
      <AgentRule name="Execution Agents">
      </AgentRule>
    </Execution>
  </TestSettings>
  <Times creation="2014-06-29T12:31:27.4349578+05:30" queuing="2014-06-29T12:31:27.7889780+05:30" start="2014-06-29T12:31:27.8199798+05:30" finish="2014-06-29T12:31:40.4267009+05:30" />
  <ResultSummary outcome="Failed">
    <Counters total="309" executed="309" passed="301" error="0" failed="8" timeout="0" aborted="0" inconclusive="0" passedButRunAborted="0" notRunnable="0" notExecuted="0" disconnected="0" warning="0" completed="0" inProgress="0" pending="0" />
    <RunInfos>
      <RunInfo computerName="ARPAN-LAP" outcome="Warning" timestamp="2014-06-29T12:31:27.7579762+05:30">
        <Text>Warning: Test Run deployment issue: Failed to get the file for deployment item '..\UnitTest\TestCases\wikipedia.xml' specified by the test 'UnitTest.BnlpTest.RandomWord': System.IO.DirectoryNotFoundException: Could not find a part of the path 'D:\software\Project\UnitTest\TestCases\wikipedia.xml'.</Text>
        <Exception>System.IO.DirectoryNotFoundException: Could not find a part of the path 'D:\software\Project\UnitTest\TestCases\wikipedia.xml'.
   at System.IO.__Error.WinIOError(Int32 errorCode, String maybeFullPath)
   at System.IO.File.GetAttributes(String path)
   at Microsoft.VisualStudio.TestTools.Common.SingleFileProvider.GetFilePaths()
   at Microsoft.VisualStudio.TestTools.TestManagement.DeploymentCoverageItem.GetFiles(TestRunConfiguration runConfig)
   at Microsoft.VisualStudio.TestTools.TestManagement.DeploymentManager.DoDeployment(TestRun run, FileCopyService fileCopyService)</Exception>
      </RunInfo>
      <RunInfo computerName="ARPAN-LAP" outcome="Warning" timestamp="2014-06-29T12:31:27.7599764+05:30">
        <Text>Warning: Test Run deployment issue: Failed to get the file for deployment item '..\UnitTest\TestCases\interrogative_sentences_who.xml' specified by the test 'UnitTest.BnlpTest.interrogative_sentences_who': System.IO.DirectoryNotFoundException: Could not find a part of the path 'D:\software\Project\UnitTest\TestCases\interrogative_sentences_who.xml'.</Text>
        <Exception>System.IO.DirectoryNotFoundException: Could not find a part of the path 'D:\software\Project\UnitTest\TestCases\interrogative_sentences_who.xml'.
   at System.IO.__Error.WinIOError(Int32 errorCode, String maybeFullPath)
   at System.IO.File.GetAttributes(String path)
   at Microsoft.VisualStudio.TestTools.Common.SingleFileProvider.GetFilePaths()
   at Microsoft.VisualStudio.TestTools.TestManagement.DeploymentCoverageItem.GetFiles(TestRunConfiguration runConfig)
   at Microsoft.VisualStudio.TestTools.TestManagement.DeploymentManager.DoDeployment(TestRun run, FileCopyService fileCopyService)</Exception>
      </RunInfo>
      <RunInfo computerName="ARPAN-LAP" outcome="Warning" timestamp="2014-06-29T12:31:27.7609764+05:30">
        <Text>Warning: Test Run deployment issue: Failed to get the file for deployment item '..\UnitTest\TestCases\special_handling_do_verb.xml' specified by the test 'UnitTest.BnlpTest.special_handling_do_verb': System.IO.DirectoryNotFoundException: Could not find a part of the path 'D:\software\Project\UnitTest\TestCases\special_handling_do_verb.xml'.</Text>
        <Exception>System.IO.DirectoryNotFoundException: Could not find a part of the path 'D:\software\Project\UnitTest\TestCases\special_handling_do_verb.xml'.
   at System.IO.__Error.WinIOError(Int32 errorCode, String maybeFullPath)
   at System.IO.File.GetAttributes(String path)
   at Microsoft.VisualStudio.TestTools.Common.SingleFileProvider.GetFilePaths()
   at Microsoft.VisualStudio.TestTools.TestManagement.DeploymentCoverageItem.GetFiles(TestRunConfiguration runConfig)
   at Microsoft.VisualStudio.TestTools.TestManagement.DeploymentManager.DoDeployment(TestRun run, FileCopyService fileCopyService)</Exception>
      </RunInfo>
      <RunInfo computerName="ARPAN-LAP" outcome="Warning" timestamp="2014-06-29T12:31:27.7629765+05:30">
        <Text>Warning: Test Run deployment issue: Failed to get the file for deployment item '..\UnitTest\TestCases\interrogative_sentences_which.xml' specified by the test 'UnitTest.BnlpTest.interrogative_sentences_which': System.IO.DirectoryNotFoundException: Could not find a part of the path 'D:\software\Project\UnitTest\TestCases\interrogative_sentences_which.xml'.</Text>
        <Exception>System.IO.DirectoryNotFoundException: Could not find a part of the path 'D:\software\Project\UnitTest\TestCases\interrogative_sentences_which.xml'.
   at System.IO.__Error.WinIOError(Int32 errorCode, String maybeFullPath)
   at System.IO.File.GetAttributes(String path)
   at Microsoft.VisualStudio.TestTools.Common.SingleFileProvider.GetFilePaths()
   at Microsoft.VisualStudio.TestTools.TestManagement.DeploymentCoverageItem.GetFiles(TestRunConfiguration runConfig)
   at Microsoft.VisualStudio.TestTools.TestManagement.DeploymentManager.DoDeployment(TestRun run, FileCopyService fileCopyService)</Exception>
      </RunInfo>
      <RunInfo computerName="ARPAN-LAP" outcome="Warning" timestamp="2014-06-29T12:31:27.7639766+05:30">
        <Text>Warning: Test Run deployment issue: Failed to get the file for deployment item '..\UnitTest\TestCases\all_persons_modal_should.xml' specified by the test 'UnitTest.BnlpTest.all_persons_modal_should': System.IO.DirectoryNotFoundException: Could not find a part of the path 'D:\software\Project\UnitTest\TestCases\all_persons_modal_should.xml'.</Text>
        <Exception>System.IO.DirectoryNotFoundException: Could not find a part of the path 'D:\software\Project\UnitTest\TestCases\all_persons_modal_should.xml'.
   at System.IO.__Error.WinIOError(Int32 errorCode, String maybeFullPath)
   at System.IO.File.GetAttributes(String path)
   at Microsoft.VisualStudio.TestTools.Common.SingleFileProvider.GetFilePaths()
   at Microsoft.VisualStudio.TestTools.TestManagement.DeploymentCoverageItem.GetFiles(TestRunConfiguration runConfig)
   at Microsoft.VisualStudio.TestTools.TestManagement.DeploymentManager.DoDeployment(TestRun run, FileCopyService fileCopyService)</Exception>
      </RunInfo>
      <RunInfo computerName="ARPAN-LAP" outcome="Warning" timestamp="2014-06-29T12:31:27.7649766+05:30">
        <Text>Warning: Test Run deployment issue: Failed to get the file for deployment item '..\UnitTest\TestCases\third_person_tenses_active.xml' specified by the test 'UnitTest.BnlpTest.third_person_tenses_active': System.IO.DirectoryNotFoundException: Could not find a part of the path 'D:\software\Project\UnitTest\TestCases\third_person_tenses_active.xml'.</Text>
        <Exception>System.IO.DirectoryNotFoundException: Could not find a part of the path 'D:\software\Project\UnitTest\TestCases\third_person_tenses_active.xml'.
   at System.IO.__Error.WinIOError(Int32 errorCode, String maybeFullPath)
   at System.IO.File.GetAttributes(String path)
   at Microsoft.VisualStudio.TestTools.Common.SingleFileProvider.GetFilePaths()
   at Microsoft.VisualStudio.TestTools.TestManagement.DeploymentCoverageItem.GetFiles(TestRunConfiguration runConfig)
   at Microsoft.VisualStudio.TestTools.TestManagement.DeploymentManager.DoDeployment(TestRun run, FileCopyService fileCopyService)</Exception>
      </RunInfo>
      <RunInfo computerName="ARPAN-LAP" outcome="Warning" timestamp="2014-06-29T12:31:27.7669768+05:30">
        <Text>Warning: Test Run deployment issue: Failed to get the file for deployment item '..\UnitTest\TestCases\all_persons_tenses_passive.xml' specified by the test 'UnitTest.BnlpTest.all_persons_tenses_passive': System.IO.DirectoryNotFoundException: Could not find a part of the path 'D:\software\Project\UnitTest\TestCases\all_persons_tenses_passive.xml'.</Text>
        <Exception>System.IO.DirectoryNotFoundException: Could not find a part of the path 'D:\software\Project\UnitTest\TestCases\all_persons_tenses_passive.xml'.
   at System.IO.__Error.WinIOError(Int32 errorCode, String maybeFullPath)
   at System.IO.File.GetAttributes(String path)
   at Microsoft.VisualStudio.TestTools.Common.SingleFileProvider.GetFilePaths()
   at Microsoft.VisualStudio.TestTools.TestManagement.DeploymentCoverageItem.GetFiles(TestRunConfiguration runConfig)
   at Microsoft.VisualStudio.TestTools.TestManagement.DeploymentManager.DoDeployment(TestRun run, FileCopyService fileCopyService)</Exception>
      </RunInfo>
      <RunInfo computerName="ARPAN-LAP" outcome="Warning" timestamp="2014-06-29T12:31:27.7679768+05:30">
        <Text>Warning: Test Run deployment issue: Failed to get the file for deployment item '..\UnitTest\TestCases\interrogative_sentences_aux.xml' specified by the test 'UnitTest.BnlpTest.interrogative_sentences_aux': System.IO.DirectoryNotFoundException: Could not find a part of the path 'D:\software\Project\UnitTest\TestCases\interrogative_sentences_aux.xml'.</Text>
        <Exception>System.IO.DirectoryNotFoundException: Could not find a part of the path 'D:\software\Project\UnitTest\TestCases\interrogative_sentences_aux.xml'.
   at System.IO.__Error.WinIOError(Int32 errorCode, String maybeFullPath)
   at System.IO.File.GetAttributes(String path)
   at Microsoft.VisualStudio.TestTools.Common.SingleFileProvider.GetFilePaths()
   at Microsoft.VisualStudio.TestTools.TestManagement.DeploymentCoverageItem.GetFiles(TestRunConfiguration runConfig)
   at Microsoft.VisualStudio.TestTools.TestManagement.DeploymentManager.DoDeployment(TestRun run, FileCopyService fileCopyService)</Exception>
      </RunInfo>
      <RunInfo computerName="ARPAN-LAP" outcome="Warning" timestamp="2014-06-29T12:31:27.7689769+05:30">
        <Text>Warning: Test Run deployment issue: Failed to get the file for deployment item '..\UnitTest\TestCases\second_person_tenses_active_negation.xml' specified by the test 'UnitTest.BnlpTest.second_person_tenses_active_negation': System.IO.DirectoryNotFoundException: Could not find a part of the path 'D:\software\Project\UnitTest\TestCases\second_person_tenses_active_negation.xml'.</Text>
        <Exception>System.IO.DirectoryNotFoundException: Could not find a part of the path 'D:\software\Project\UnitTest\TestCases\second_person_tenses_active_negation.xml'.
   at System.IO.__Error.WinIOError(Int32 errorCode, String maybeFullPath)
   at System.IO.File.GetAttributes(String path)
   at Microsoft.VisualStudio.TestTools.Common.SingleFileProvider.GetFilePaths()
   at Microsoft.VisualStudio.TestTools.TestManagement.DeploymentCoverageItem.GetFiles(TestRunConfiguration runConfig)
   at Microsoft.VisualStudio.TestTools.TestManagement.DeploymentManager.DoDeployment(TestRun run, FileCopyService fileCopyService)</Exception>
      </RunInfo>
      <RunInfo computerName="ARPAN-LAP" outcome="Warning" timestamp="2014-06-29T12:31:27.7699769+05:30">
        <Text>Warning: Test Run deployment issue: Failed to get the file for deployment item '..\UnitTest\TestCases\interrogative_sentences_where.xml' specified by the test 'UnitTest.BnlpTest.interrogative_sentences_where': System.IO.DirectoryNotFoundException: Could not find a part of the path 'D:\software\Project\UnitTest\TestCases\interrogative_sentences_where.xml'.</Text>
        <Exception>System.IO.DirectoryNotFoundException: Could not find a part of the path 'D:\software\Project\UnitTest\TestCases\interrogative_sentences_where.xml'.
   at System.IO.__Error.WinIOError(Int32 errorCode, String maybeFullPath)
   at System.IO.File.GetAttributes(String path)
   at Microsoft.VisualStudio.TestTools.Common.SingleFileProvider.GetFilePaths()
   at Microsoft.VisualStudio.TestTools.TestManagement.DeploymentCoverageItem.GetFiles(TestRunConfiguration runConfig)
   at Microsoft.VisualStudio.TestTools.TestManagement.DeploymentManager.DoDeployment(TestRun run, FileCopyService fileCopyService)</Exception>
      </RunInfo>
      <RunInfo computerName="ARPAN-LAP" outcome="Warning" timestamp="2014-06-29T12:31:27.7719770+05:30">
        <Text>Warning: Test Run deployment issue: Failed to get the file for deployment item '..\UnitTest\TestCases\prepositions_made_with_three_words.xml' specified by the test 'UnitTest.BnlpTest.prepositions_made_with_three_words': System.IO.DirectoryNotFoundException: Could not find a part of the path 'D:\software\Project\UnitTest\TestCases\prepositions_made_with_three_words.xml'.</Text>
        <Exception>System.IO.DirectoryNotFoundException: Could not find a part of the path 'D:\software\Project\UnitTest\TestCases\prepositions_made_with_three_words.xml'.
   at System.IO.__Error.WinIOError(Int32 errorCode, String maybeFullPath)
   at System.IO.File.GetAttributes(String path)
   at Microsoft.VisualStudio.TestTools.Common.SingleFileProvider.GetFilePaths()
   at Microsoft.VisualStudio.TestTools.TestManagement.DeploymentCoverageItem.GetFiles(TestRunConfiguration runConfig)
   at Microsoft.VisualStudio.TestTools.TestManagement.DeploymentManager.DoDeployment(TestRun run, FileCopyService fileCopyService)</Exception>
      </RunInfo>
      <RunInfo computerName="ARPAN-LAP" outcome="Warning" timestamp="2014-06-29T12:31:27.7729771+05:30">
        <Text>Warning: Test Run deployment issue: Failed to get the file for deployment item '..\UnitTest\TestCases\interrogative_sentences_what.xml' specified by the test 'UnitTest.BnlpTest.interrogative_sentences_what': System.IO.DirectoryNotFoundException: Could not find a part of the path 'D:\software\Project\UnitTest\TestCases\interrogative_sentences_what.xml'.</Text>
        <Exception>System.IO.DirectoryNotFoundException: Could not find a part of the path 'D:\software\Project\UnitTest\TestCases\interrogative_sentences_what.xml'.
   at System.IO.__Error.WinIOError(Int32 errorCode, String maybeFullPath)
   at System.IO.File.GetAttributes(String path)
   at Microsoft.VisualStudio.TestTools.Common.SingleFileProvider.GetFilePaths()
   at Microsoft.VisualStudio.TestTools.TestManagement.DeploymentCoverageItem.GetFiles(TestRunConfiguration runConfig)
   at Microsoft.VisualStudio.TestTools.TestManagement.DeploymentManager.DoDeployment(TestRun run, FileCopyService fileCopyService)</Exception>
      </RunInfo>
      <RunInfo computerName="ARPAN-LAP" outcome="Warning" timestamp="2014-06-29T12:31:27.7749772+05:30">
        <Text>Warning: Test Run deployment issue: Failed to get the file for deployment item '..\UnitTest\TestCases\interrogative_sentences_how.xml' specified by the test 'UnitTest.BnlpTest.interrogative_sentences_how': System.IO.DirectoryNotFoundException: Could not find a part of the path 'D:\software\Project\UnitTest\TestCases\interrogative_sentences_how.xml'.</Text>
        <Exception>System.IO.DirectoryNotFoundException: Could not find a part of the path 'D:\software\Project\UnitTest\TestCases\interrogative_sentences_how.xml'.
   at System.IO.__Error.WinIOError(Int32 errorCode, String maybeFullPath)
   at System.IO.File.GetAttributes(String path)
   at Microsoft.VisualStudio.TestTools.Common.SingleFileProvider.GetFilePaths()
   at Microsoft.VisualStudio.TestTools.TestManagement.DeploymentCoverageItem.GetFiles(TestRunConfiguration runConfig)
   at Microsoft.VisualStudio.TestTools.TestManagement.DeploymentManager.DoDeployment(TestRun run, FileCopyService fileCopyService)</Exception>
      </RunInfo>
      <RunInfo computerName="ARPAN-LAP" outcome="Warning" timestamp="2014-06-29T12:31:27.7759773+05:30">
        <Text>Warning: Test Run deployment issue: Failed to get the file for deployment item '..\UnitTest\TestCases\interrogative_sentences_whom.xml' specified by the test 'UnitTest.BnlpTest.interrogative_sentences_whom': System.IO.DirectoryNotFoundException: Could not find a part of the path 'D:\software\Project\UnitTest\TestCases\interrogative_sentences_whom.xml'.</Text>
        <Exception>System.IO.DirectoryNotFoundException: Could not find a part of the path 'D:\software\Project\UnitTest\TestCases\interrogative_sentences_whom.xml'.
   at System.IO.__Error.WinIOError(Int32 errorCode, String maybeFullPath)
   at System.IO.File.GetAttributes(String path)
   at Microsoft.VisualStudio.TestTools.Common.SingleFileProvider.GetFilePaths()
   at Microsoft.VisualStudio.TestTools.TestManagement.DeploymentCoverageItem.GetFiles(TestRunConfiguration runConfig)
   at Microsoft.VisualStudio.TestTools.TestManagement.DeploymentManager.DoDeployment(TestRun run, FileCopyService fileCopyService)</Exception>
      </RunInfo>
      <RunInfo computerName="ARPAN-LAP" outcome="Warning" timestamp="2014-06-29T12:31:27.7769773+05:30">
        <Text>Warning: Test Run deployment issue: Failed to get the file for deployment item '..\UnitTest\TestCases\second_person_tenses_active.xml' specified by the test 'UnitTest.BnlpTest.second_person_tenses_active': System.IO.DirectoryNotFoundException: Could not find a part of the path 'D:\software\Project\UnitTest\TestCases\second_person_tenses_active.xml'.</Text>
        <Exception>System.IO.DirectoryNotFoundException: Could not find a part of the path 'D:\software\Project\UnitTest\TestCases\second_person_tenses_active.xml'.
   at System.IO.__Error.WinIOError(Int32 errorCode, String maybeFullPath)
   at System.IO.File.GetAttributes(String path)
   at Microsoft.VisualStudio.TestTools.Common.SingleFileProvider.GetFilePaths()
   at Microsoft.VisualStudio.TestTools.TestManagement.DeploymentCoverageItem.GetFiles(TestRunConfiguration runConfig)
   at Microsoft.VisualStudio.TestTools.TestManagement.DeploymentManager.DoDeployment(TestRun run, FileCopyService fileCopyService)</Exception>
      </RunInfo>
      <RunInfo computerName="ARPAN-LAP" outcome="Warning" timestamp="2014-06-29T12:31:27.7779774+05:30">
        <Text>Warning: Test Run deployment issue: Failed to get the file for deployment item '..\UnitTest\TestCases\all_persons_modal_should_negation.xml' specified by the test 'UnitTest.BnlpTest.all_persons_modal_should_negation': System.IO.DirectoryNotFoundException: Could not find a part of the path 'D:\software\Project\UnitTest\TestCases\all_persons_modal_should_negation.xml'.</Text>
        <Exception>System.IO.DirectoryNotFoundException: Could not find a part of the path 'D:\software\Project\UnitTest\TestCases\all_persons_modal_should_negation.xml'.
   at System.IO.__Error.WinIOError(Int32 errorCode, String maybeFullPath)
   at System.IO.File.GetAttributes(String path)
   at Microsoft.VisualStudio.TestTools.Common.SingleFileProvider.GetFilePaths()
   at Microsoft.VisualStudio.TestTools.TestManagement.DeploymentCoverageItem.GetFiles(TestRunConfiguration runConfig)
   at Microsoft.VisualStudio.TestTools.TestManagement.DeploymentManager.DoDeployment(TestRun run, FileCopyService fileCopyService)</Exception>
      </RunInfo>
      <RunInfo computerName="ARPAN-LAP" outcome="Warning" timestamp="2014-06-29T12:31:27.7789774+05:30">
        <Text>Warning: Test Run deployment issue: Failed to get the file for deployment item '..\UnitTest\TestCases\first_person_tenses_active_negation.xml' specified by the test 'UnitTest.BnlpTest.first_person_tenses_active_negation': System.IO.DirectoryNotFoundException: Could not find a part of the path 'D:\software\Project\UnitTest\TestCases\first_person_tenses_active_negation.xml'.</Text>
        <Exception>System.IO.DirectoryNotFoundException: Could not find a part of the path 'D:\software\Project\UnitTest\TestCases\first_person_tenses_active_negation.xml'.
   at System.IO.__Error.WinIOError(Int32 errorCode, String maybeFullPath)
   at System.IO.File.GetAttributes(String path)
   at Microsoft.VisualStudio.TestTools.Common.SingleFileProvider.GetFilePaths()
   at Microsoft.VisualStudio.TestTools.TestManagement.DeploymentCoverageItem.GetFiles(TestRunConfiguration runConfig)
   at Microsoft.VisualStudio.TestTools.TestManagement.DeploymentManager.DoDeployment(TestRun run, FileCopyService fileCopyService)</Exception>
      </RunInfo>
      <RunInfo computerName="ARPAN-LAP" outcome="Warning" timestamp="2014-06-29T12:31:27.7799775+05:30">
        <Text>Warning: Test Run deployment issue: Failed to get the file for deployment item '..\UnitTest\TestCases\all_persons_modal_can_may_negation.xml' specified by the test 'UnitTest.BnlpTest.all_persons_modal_can_may_negation': System.IO.DirectoryNotFoundException: Could not find a part of the path 'D:\software\Project\UnitTest\TestCases\all_persons_modal_can_may_negation.xml'.</Text>
        <Exception>System.IO.DirectoryNotFoundException: Could not find a part of the path 'D:\software\Project\UnitTest\TestCases\all_persons_modal_can_may_negation.xml'.
   at System.IO.__Error.WinIOError(Int32 errorCode, String maybeFullPath)
   at System.IO.File.GetAttributes(String path)
   at Microsoft.VisualStudio.TestTools.Common.SingleFileProvider.GetFilePaths()
   at Microsoft.VisualStudio.TestTools.TestManagement.DeploymentCoverageItem.GetFiles(TestRunConfiguration runConfig)
   at Microsoft.VisualStudio.TestTools.TestManagement.DeploymentManager.DoDeployment(TestRun run, FileCopyService fileCopyService)</Exception>
      </RunInfo>
      <RunInfo computerName="ARPAN-LAP" outcome="Warning" timestamp="2014-06-29T12:31:27.7809776+05:30">
        <Text>Warning: Test Run deployment issue: Failed to get the file for deployment item '..\UnitTest\TestCases\third_person_tenses_active_negation.xml' specified by the test 'UnitTest.BnlpTest.third_person_tenses_active_negation': System.IO.DirectoryNotFoundException: Could not find a part of the path 'D:\software\Project\UnitTest\TestCases\third_person_tenses_active_negation.xml'.</Text>
        <Exception>System.IO.DirectoryNotFoundException: Could not find a part of the path 'D:\software\Project\UnitTest\TestCases\third_person_tenses_active_negation.xml'.
   at System.IO.__Error.WinIOError(Int32 errorCode, String maybeFullPath)
   at System.IO.File.GetAttributes(String path)
   at Microsoft.VisualStudio.TestTools.Common.SingleFileProvider.GetFilePaths()
   at Microsoft.VisualStudio.TestTools.TestManagement.DeploymentCoverageItem.GetFiles(TestRunConfiguration runConfig)
   at Microsoft.VisualStudio.TestTools.TestManagement.DeploymentManager.DoDeployment(TestRun run, FileCopyService fileCopyService)</Exception>
      </RunInfo>
      <RunInfo computerName="ARPAN-LAP" outcome="Warning" timestamp="2014-06-29T12:31:27.7829777+05:30">
        <Text>Warning: Test Run deployment issue: Failed to get the file for deployment item '..\UnitTest\TestCases\interrogative_sentences_do.xml' specified by the test 'UnitTest.BnlpTest.interrogative_sentences_do': System.IO.DirectoryNotFoundException: Could not find a part of the path 'D:\software\Project\UnitTest\TestCases\interrogative_sentences_do.xml'.</Text>
        <Exception>System.IO.DirectoryNotFoundException: Could not find a part of the path 'D:\software\Project\UnitTest\TestCases\interrogative_sentences_do.xml'.
   at System.IO.__Error.WinIOError(Int32 errorCode, String maybeFullPath)
   at System.IO.File.GetAttributes(String path)
   at Microsoft.VisualStudio.TestTools.Common.SingleFileProvider.GetFilePaths()
   at Microsoft.VisualStudio.TestTools.TestManagement.DeploymentCoverageItem.GetFiles(TestRunConfiguration runConfig)
   at Microsoft.VisualStudio.TestTools.TestManagement.DeploymentManager.DoDeployment(TestRun run, FileCopyService fileCopyService)</Exception>
      </RunInfo>
      <RunInfo computerName="ARPAN-LAP" outcome="Warning" timestamp="2014-06-29T12:31:27.7839777+05:30">
        <Text>Warning: Test Run deployment issue: Failed to get the file for deployment item '..\UnitTest\TestCases\auxiliary_verbs_as_main_verbs.xml' specified by the test 'UnitTest.BnlpTest.auxiliary_verbs_as_main_verbs': System.IO.DirectoryNotFoundException: Could not find a part of the path 'D:\software\Project\UnitTest\TestCases\auxiliary_verbs_as_main_verbs.xml'.</Text>
        <Exception>System.IO.DirectoryNotFoundException: Could not find a part of the path 'D:\software\Project\UnitTest\TestCases\auxiliary_verbs_as_main_verbs.xml'.
   at System.IO.__Error.WinIOError(Int32 errorCode, String maybeFullPath)
   at System.IO.File.GetAttributes(String path)
   at Microsoft.VisualStudio.TestTools.Common.SingleFileProvider.GetFilePaths()
   at Microsoft.VisualStudio.TestTools.TestManagement.DeploymentCoverageItem.GetFiles(TestRunConfiguration runConfig)
   at Microsoft.VisualStudio.TestTools.TestManagement.DeploymentManager.DoDeployment(TestRun run, FileCopyService fileCopyService)</Exception>
      </RunInfo>
      <RunInfo computerName="ARPAN-LAP" outcome="Warning" timestamp="2014-06-29T12:31:27.7849778+05:30">
        <Text>Warning: Test Run deployment issue: Failed to get the file for deployment item '..\UnitTest\TestCases\all_persons_tenses_passive_negation.xml' specified by the test 'UnitTest.BnlpTest.all_persons_tenses_passive_negation': System.IO.DirectoryNotFoundException: Could not find a part of the path 'D:\software\Project\UnitTest\TestCases\all_persons_tenses_passive_negation.xml'.</Text>
        <Exception>System.IO.DirectoryNotFoundException: Could not find a part of the path 'D:\software\Project\UnitTest\TestCases\all_persons_tenses_passive_negation.xml'.
   at System.IO.__Error.WinIOError(Int32 errorCode, String maybeFullPath)
   at System.IO.File.GetAttributes(String path)
   at Microsoft.VisualStudio.TestTools.Common.SingleFileProvider.GetFilePaths()
   at Microsoft.VisualStudio.TestTools.TestManagement.DeploymentCoverageItem.GetFiles(TestRunConfiguration runConfig)
   at Microsoft.VisualStudio.TestTools.TestManagement.DeploymentManager.DoDeployment(TestRun run, FileCopyService fileCopyService)</Exception>
      </RunInfo>
      <RunInfo computerName="ARPAN-LAP" outcome="Warning" timestamp="2014-06-29T12:31:27.7859778+05:30">
        <Text>Warning: Test Run deployment issue: Failed to get the file for deployment item '..\UnitTest\TestCases\prepositions_made_with_two_words.xml' specified by the test 'UnitTest.BnlpTest.prepositions_made_with_two_words': System.IO.DirectoryNotFoundException: Could not find a part of the path 'D:\software\Project\UnitTest\TestCases\prepositions_made_with_two_words.xml'.</Text>
        <Exception>System.IO.DirectoryNotFoundException: Could not find a part of the path 'D:\software\Project\UnitTest\TestCases\prepositions_made_with_two_words.xml'.
   at System.IO.__Error.WinIOError(Int32 errorCode, String maybeFullPath)
   at System.IO.File.GetAttributes(String path)
   at Microsoft.VisualStudio.TestTools.Common.SingleFileProvider.GetFilePaths()
   at Microsoft.VisualStudio.TestTools.TestManagement.DeploymentCoverageItem.GetFiles(TestRunConfiguration runConfig)
   at Microsoft.VisualStudio.TestTools.TestManagement.DeploymentManager.DoDeployment(TestRun run, FileCopyService fileCopyService)</Exception>
      </RunInfo>
      <RunInfo computerName="ARPAN-LAP" outcome="Warning" timestamp="2014-06-29T12:31:27.7869779+05:30">
        <Text>Warning: Test Run deployment issue: Failed to get the file for deployment item '..\UnitTest\TestCases\first_person_tenses_active.xml' specified by the test 'UnitTest.BnlpTest.first_person_tenses_active': System.IO.DirectoryNotFoundException: Could not find a part of the path 'D:\software\Project\UnitTest\TestCases\first_person_tenses_active.xml'.</Text>
        <Exception>System.IO.DirectoryNotFoundException: Could not find a part of the path 'D:\software\Project\UnitTest\TestCases\first_person_tenses_active.xml'.
   at System.IO.__Error.WinIOError(Int32 errorCode, String maybeFullPath)
   at System.IO.File.GetAttributes(String path)
   at Microsoft.VisualStudio.TestTools.Common.SingleFileProvider.GetFilePaths()
   at Microsoft.VisualStudio.TestTools.TestManagement.DeploymentCoverageItem.GetFiles(TestRunConfiguration runConfig)
   at Microsoft.VisualStudio.TestTools.TestManagement.DeploymentManager.DoDeployment(TestRun run, FileCopyService fileCopyService)</Exception>
      </RunInfo>
      <RunInfo computerName="ARPAN-LAP" outcome="Warning" timestamp="2014-06-29T12:31:27.7869779+05:30">
        <Text>Warning: Test Run deployment issue: Failed to get the file for deployment item '..\UnitTest\TestCases\interrogative_sentences_why.xml' specified by the test 'UnitTest.BnlpTest.interrogative_sentences_why': System.IO.DirectoryNotFoundException: Could not find a part of the path 'D:\software\Project\UnitTest\TestCases\interrogative_sentences_why.xml'.</Text>
        <Exception>System.IO.DirectoryNotFoundException: Could not find a part of the path 'D:\software\Project\UnitTest\TestCases\interrogative_sentences_why.xml'.
   at System.IO.__Error.WinIOError(Int32 errorCode, String maybeFullPath)
   at System.IO.File.GetAttributes(String path)
   at Microsoft.VisualStudio.TestTools.Common.SingleFileProvider.GetFilePaths()
   at Microsoft.VisualStudio.TestTools.TestManagement.DeploymentCoverageItem.GetFiles(TestRunConfiguration runConfig)
   at Microsoft.VisualStudio.TestTools.TestManagement.DeploymentManager.DoDeployment(TestRun run, FileCopyService fileCopyService)</Exception>
      </RunInfo>
      <RunInfo computerName="ARPAN-LAP" outcome="Warning" timestamp="2014-06-29T12:31:27.7879780+05:30">
        <Text>Warning: Test Run deployment issue: Failed to get the file for deployment item '..\UnitTest\TestCases\all_persons_modal_can_may.xml' specified by the test 'UnitTest.BnlpTest.all_persons_modal_can_may': System.IO.DirectoryNotFoundException: Could not find a part of the path 'D:\software\Project\UnitTest\TestCases\all_persons_modal_can_may.xml'.</Text>
        <Exception>System.IO.DirectoryNotFoundException: Could not find a part of the path 'D:\software\Project\UnitTest\TestCases\all_persons_modal_can_may.xml'.
   at System.IO.__Error.WinIOError(Int32 errorCode, String maybeFullPath)
   at System.IO.File.GetAttributes(String path)
   at Microsoft.VisualStudio.TestTools.Common.SingleFileProvider.GetFilePaths()
   at Microsoft.VisualStudio.TestTools.TestManagement.DeploymentCoverageItem.GetFiles(TestRunConfiguration runConfig)
   at Microsoft.VisualStudio.TestTools.TestManagement.DeploymentManager.DoDeployment(TestRun run, FileCopyService fileCopyService)</Exception>
      </RunInfo>
    </RunInfos>
  </ResultSummary>
  <TestDefinitions>
    <UnitTest name="prepositions_made_with_three_words" storage="d:\software\project\bnlp\unittest\bin\debug\unittest.dll" id="0f33848d-a900-d644-7498-2526887b5425">
      <DeploymentItems>
        <DeploymentItem filename="..\UnitTest\TestCases\prepositions_made_with_three_words.xml" />
      </DeploymentItems>
      <Execution id="ea076eaa-3896-4746-99b7-ccccf3e00540" />
      <TestMethod codeBase="D:/software/Project/BNLP/UnitTest/bin/Debug/UnitTest.DLL" adapterTypeName="Microsoft.VisualStudio.TestTools.TestTypes.Unit.UnitTestAdapter, Microsoft.VisualStudio.QualityTools.Tips.UnitTest.Adapter, Version=10.0.0.0, Culture=neutral, PublicKeyToken=b03f5f7f11d50a3a" className="UnitTest.BnlpTest, UnitTest, Version=1.0.0.0, Culture=neutral, PublicKeyToken=null" name="prepositions_made_with_three_words" />
      <DataSource connectionString="|DataDirectory|\TestCases\prepositions_made_with_three_words.xml" providerInvariantName="Microsoft.VisualStudio.TestTools.DataSource.XML" tableName="sentence" />
    </UnitTest>
    <UnitTest name="first_person_tenses_active" storage="d:\software\project\bnlp\unittest\bin\debug\unittest.dll" id="921e6ab0-d7c2-6005-e523-6fd2d5e1a723">
      <DeploymentItems>
        <DeploymentItem filename="..\UnitTest\TestCases\first_person_tenses_active.xml" />
      </DeploymentItems>
      <Execution id="211ef6a2-a0ea-47b2-87a2-f63ba30658df" />
      <TestMethod codeBase="D:/software/Project/BNLP/UnitTest/bin/Debug/UnitTest.DLL" adapterTypeName="Microsoft.VisualStudio.TestTools.TestTypes.Unit.UnitTestAdapter, Microsoft.VisualStudio.QualityTools.Tips.UnitTest.Adapter, Version=10.0.0.0, Culture=neutral, PublicKeyToken=b03f5f7f11d50a3a" className="UnitTest.BnlpTest, UnitTest, Version=1.0.0.0, Culture=neutral, PublicKeyToken=null" name="first_person_tenses_active" />
      <DataSource connectionString="|DataDirectory|\TestCases\first_person_tenses_active.xml" providerInvariantName="Microsoft.VisualStudio.TestTools.DataSource.XML" tableName="sentence" />
    </UnitTest>
    <UnitTest name="interrogative_sentences_what" storage="d:\software\project\bnlp\unittest\bin\debug\unittest.dll" id="7f7910d1-dc89-39b4-b4cf-d9e6d7af9420">
      <DeploymentItems>
        <DeploymentItem filename="..\UnitTest\TestCases\interrogative_sentences_what.xml" />
      </DeploymentItems>
      <Execution id="32630dfe-7db7-4432-9b6c-9e4c11891233" />
      <TestMethod codeBase="D:/software/Project/BNLP/UnitTest/bin/Debug/UnitTest.DLL" adapterTypeName="Microsoft.VisualStudio.TestTools.TestTypes.Unit.UnitTestAdapter, Microsoft.VisualStudio.QualityTools.Tips.UnitTest.Adapter, Version=10.0.0.0, Culture=neutral, PublicKeyToken=b03f5f7f11d50a3a" className="UnitTest.BnlpTest, UnitTest, Version=1.0.0.0, Culture=neutral, PublicKeyToken=null" name="interrogative_sentences_what" />
      <DataSource connectionString="|DataDirectory|\TestCases\interrogative_sentences_what.xml" providerInvariantName="Microsoft.VisualStudio.TestTools.DataSource.XML" tableName="sentence" />
    </UnitTest>
    <UnitTest name="all_persons_modal_should_negation" storage="d:\software\project\bnlp\unittest\bin\debug\unittest.dll" id="9319d01e-de3e-d310-c76e-cae8dce4c924">
      <DeploymentItems>
        <DeploymentItem filename="..\UnitTest\TestCases\all_persons_modal_should_negation.xml" />
      </DeploymentItems>
      <Execution id="99ee31bd-0045-4b48-a4da-6cbd8ba2f3b9" />
      <TestMethod codeBase="D:/software/Project/BNLP/UnitTest/bin/Debug/UnitTest.DLL" adapterTypeName="Microsoft.VisualStudio.TestTools.TestTypes.Unit.UnitTestAdapter, Microsoft.VisualStudio.QualityTools.Tips.UnitTest.Adapter, Version=10.0.0.0, Culture=neutral, PublicKeyToken=b03f5f7f11d50a3a" className="UnitTest.BnlpTest, UnitTest, Version=1.0.0.0, Culture=neutral, PublicKeyToken=null" name="all_persons_modal_should_negation" />
      <DataSource connectionString="|DataDirectory|\TestCases\all_persons_modal_should_negation.xml" providerInvariantName="Microsoft.VisualStudio.TestTools.DataSource.XML" tableName="sentence" />
    </UnitTest>
    <UnitTest name="prepositions_made_with_two_words" storage="d:\software\project\bnlp\unittest\bin\debug\unittest.dll" id="0f337a75-1a2d-d9c3-6c5f-23ed2604b69d">
      <DeploymentItems>
        <DeploymentItem filename="..\UnitTest\TestCases\prepositions_made_with_two_words.xml" />
      </DeploymentItems>
      <Execution id="5eeb2aaf-e63d-4241-83cf-9c616c2419d0" />
      <TestMethod codeBase="D:/software/Project/BNLP/UnitTest/bin/Debug/UnitTest.DLL" adapterTypeName="Microsoft.VisualStudio.TestTools.TestTypes.Unit.UnitTestAdapter, Microsoft.VisualStudio.QualityTools.Tips.UnitTest.Adapter, Version=10.0.0.0, Culture=neutral, PublicKeyToken=b03f5f7f11d50a3a" className="UnitTest.BnlpTest, UnitTest, Version=1.0.0.0, Culture=neutral, PublicKeyToken=null" name="prepositions_made_with_two_words" />
      <DataSource connectionString="|DataDirectory|\TestCases\prepositions_made_with_two_words.xml" providerInvariantName="Microsoft.VisualStudio.TestTools.DataSource.XML" tableName="sentence" />
    </UnitTest>
    <UnitTest name="interrogative_sentences_do" storage="d:\software\project\bnlp\unittest\bin\debug\unittest.dll" id="1d63c318-78a9-9011-f5c0-0b01884a2881">
      <DeploymentItems>
        <DeploymentItem filename="..\UnitTest\TestCases\interrogative_sentences_do.xml" />
      </DeploymentItems>
      <Execution id="ca8ac280-e55e-49b9-8f42-64a99649f37d" />
      <TestMethod codeBase="D:/software/Project/BNLP/UnitTest/bin/Debug/UnitTest.DLL" adapterTypeName="Microsoft.VisualStudio.TestTools.TestTypes.Unit.UnitTestAdapter, Microsoft.VisualStudio.QualityTools.Tips.UnitTest.Adapter, Version=10.0.0.0, Culture=neutral, PublicKeyToken=b03f5f7f11d50a3a" className="UnitTest.BnlpTest, UnitTest, Version=1.0.0.0, Culture=neutral, PublicKeyToken=null" name="interrogative_sentences_do" />
      <DataSource connectionString="|DataDirectory|\TestCases\interrogative_sentences_do.xml" providerInvariantName="Microsoft.VisualStudio.TestTools.DataSource.XML" tableName="sentence" />
    </UnitTest>
    <UnitTest name="all_persons_tenses_passive_negation" storage="d:\software\project\bnlp\unittest\bin\debug\unittest.dll" id="bdfe92b2-f4ac-73a5-f13d-5c1ea13721b4">
      <DeploymentItems>
        <DeploymentItem filename="..\UnitTest\TestCases\all_persons_tenses_passive_negation.xml" />
      </DeploymentItems>
      <Execution id="c9d310bc-fdb3-4966-a9bd-edded059f127" />
      <TestMethod codeBase="D:/software/Project/BNLP/UnitTest/bin/Debug/UnitTest.DLL" adapterTypeName="Microsoft.VisualStudio.TestTools.TestTypes.Unit.UnitTestAdapter, Microsoft.VisualStudio.QualityTools.Tips.UnitTest.Adapter, Version=10.0.0.0, Culture=neutral, PublicKeyToken=b03f5f7f11d50a3a" className="UnitTest.BnlpTest, UnitTest, Version=1.0.0.0, Culture=neutral, PublicKeyToken=null" name="all_persons_tenses_passive_negation" />
      <DataSource connectionString="|DataDirectory|\TestCases\all_persons_tenses_passive_negation.xml" providerInvariantName="Microsoft.VisualStudio.TestTools.DataSource.XML" tableName="sentence" />
    </UnitTest>
    <UnitTest name="third_person_tenses_active_negation" storage="d:\software\project\bnlp\unittest\bin\debug\unittest.dll" id="fe3e63ab-391c-e168-48d0-431b85a7b898">
      <DeploymentItems>
        <DeploymentItem filename="..\UnitTest\TestCases\third_person_tenses_active_negation.xml" />
      </DeploymentItems>
      <Execution id="394bb162-a47b-404b-88f1-2218384ae3c0" />
      <TestMethod codeBase="D:/software/Project/BNLP/UnitTest/bin/Debug/UnitTest.DLL" adapterTypeName="Microsoft.VisualStudio.TestTools.TestTypes.Unit.UnitTestAdapter, Microsoft.VisualStudio.QualityTools.Tips.UnitTest.Adapter, Version=10.0.0.0, Culture=neutral, PublicKeyToken=b03f5f7f11d50a3a" className="UnitTest.BnlpTest, UnitTest, Version=1.0.0.0, Culture=neutral, PublicKeyToken=null" name="third_person_tenses_active_negation" />
      <DataSource connectionString="|DataDirectory|\TestCases\third_person_tenses_active_negation.xml" providerInvariantName="Microsoft.VisualStudio.TestTools.DataSource.XML" tableName="sentence" />
    </UnitTest>
    <UnitTest name="all_persons_modal_should" storage="d:\software\project\bnlp\unittest\bin\debug\unittest.dll" id="783915fe-114a-e353-78dd-56e92a60f942">
      <DeploymentItems>
        <DeploymentItem filename="..\UnitTest\TestCases\all_persons_modal_should.xml" />
      </DeploymentItems>
      <Execution id="6abfe2a4-023d-4d83-b4ef-9ae57c735451" />
      <TestMethod codeBase="D:/software/Project/BNLP/UnitTest/bin/Debug/UnitTest.DLL" adapterTypeName="Microsoft.VisualStudio.TestTools.TestTypes.Unit.UnitTestAdapter, Microsoft.VisualStudio.QualityTools.Tips.UnitTest.Adapter, Version=10.0.0.0, Culture=neutral, PublicKeyToken=b03f5f7f11d50a3a" className="UnitTest.BnlpTest, UnitTest, Version=1.0.0.0, Culture=neutral, PublicKeyToken=null" name="all_persons_modal_should" />
      <DataSource connectionString="|DataDirectory|\TestCases\all_persons_modal_should.xml" providerInvariantName="Microsoft.VisualStudio.TestTools.DataSource.XML" tableName="sentence" />
    </UnitTest>
    <UnitTest name="second_person_tenses_active" storage="d:\software\project\bnlp\unittest\bin\debug\unittest.dll" id="30ab3285-6a8c-14d2-9725-bd60892ccd90">
      <DeploymentItems>
        <DeploymentItem filename="..\UnitTest\TestCases\second_person_tenses_active.xml" />
      </DeploymentItems>
      <Execution id="da059fd8-ddc9-4aa0-82b0-f3906039ee75" />
      <TestMethod codeBase="D:/software/Project/BNLP/UnitTest/bin/Debug/UnitTest.DLL" adapterTypeName="Microsoft.VisualStudio.TestTools.TestTypes.Unit.UnitTestAdapter, Microsoft.VisualStudio.QualityTools.Tips.UnitTest.Adapter, Version=10.0.0.0, Culture=neutral, PublicKeyToken=b03f5f7f11d50a3a" className="UnitTest.BnlpTest, UnitTest, Version=1.0.0.0, Culture=neutral, PublicKeyToken=null" name="second_person_tenses_active" />
      <DataSource connectionString="|DataDirectory|\TestCases\second_person_tenses_active.xml" providerInvariantName="Microsoft.VisualStudio.TestTools.DataSource.XML" tableName="sentence" />
    </UnitTest>
    <UnitTest name="interrogative_sentences_who" storage="d:\software\project\bnlp\unittest\bin\debug\unittest.dll" id="32b5d279-0d23-e5ad-0301-234c8788f740">
      <DeploymentItems>
        <DeploymentItem filename="..\UnitTest\TestCases\interrogative_sentences_who.xml" />
      </DeploymentItems>
      <Execution id="3bbb81d2-b87d-4245-8da8-d2395c549a23" />
      <TestMethod codeBase="D:/software/Project/BNLP/UnitTest/bin/Debug/UnitTest.DLL" adapterTypeName="Microsoft.VisualStudio.TestTools.TestTypes.Unit.UnitTestAdapter, Microsoft.VisualStudio.QualityTools.Tips.UnitTest.Adapter, Version=10.0.0.0, Culture=neutral, PublicKeyToken=b03f5f7f11d50a3a" className="UnitTest.BnlpTest, UnitTest, Version=1.0.0.0, Culture=neutral, PublicKeyToken=null" name="interrogative_sentences_who" />
      <DataSource connectionString="|DataDirectory|\TestCases\interrogative_sentences_who.xml" providerInvariantName="Microsoft.VisualStudio.TestTools.DataSource.XML" tableName="sentence" />
    </UnitTest>
    <UnitTest name="all_persons_modal_can_may" storage="d:\software\project\bnlp\unittest\bin\debug\unittest.dll" id="8fe5ccb3-a3f4-0f61-ad21-e94ef029e900">
      <DeploymentItems>
        <DeploymentItem filename="..\UnitTest\TestCases\all_persons_modal_can_may.xml" />
      </DeploymentItems>
      <Execution id="2d19abbf-ca27-4035-bb59-1148f129cc1b" />
      <TestMethod codeBase="D:/software/Project/BNLP/UnitTest/bin/Debug/UnitTest.DLL" adapterTypeName="Microsoft.VisualStudio.TestTools.TestTypes.Unit.UnitTestAdapter, Microsoft.VisualStudio.QualityTools.Tips.UnitTest.Adapter, Version=10.0.0.0, Culture=neutral, PublicKeyToken=b03f5f7f11d50a3a" className="UnitTest.BnlpTest, UnitTest, Version=1.0.0.0, Culture=neutral, PublicKeyToken=null" name="all_persons_modal_can_may" />
      <DataSource connectionString="|DataDirectory|\TestCases\all_persons_modal_can_may.xml" providerInvariantName="Microsoft.VisualStudio.TestTools.DataSource.XML" tableName="sentence" />
    </UnitTest>
    <UnitTest name="interrogative_sentences_how" storage="d:\software\project\bnlp\unittest\bin\debug\unittest.dll" id="227f20ae-8e76-eb71-39b2-4ada3ce6aba8">
      <DeploymentItems>
        <DeploymentItem filename="..\UnitTest\TestCases\interrogative_sentences_how.xml" />
      </DeploymentItems>
      <Execution id="a20c4990-8389-4123-b5ef-ec1becb53f8e" />
      <TestMethod codeBase="D:/software/Project/BNLP/UnitTest/bin/Debug/UnitTest.DLL" adapterTypeName="Microsoft.VisualStudio.TestTools.TestTypes.Unit.UnitTestAdapter, Microsoft.VisualStudio.QualityTools.Tips.UnitTest.Adapter, Version=10.0.0.0, Culture=neutral, PublicKeyToken=b03f5f7f11d50a3a" className="UnitTest.BnlpTest, UnitTest, Version=1.0.0.0, Culture=neutral, PublicKeyToken=null" name="interrogative_sentences_how" />
      <DataSource connectionString="|DataDirectory|\TestCases\interrogative_sentences_how.xml" providerInvariantName="Microsoft.VisualStudio.TestTools.DataSource.XML" tableName="sentence" />
    </UnitTest>
    <UnitTest name="all_persons_modal_can_may_negation" storage="d:\software\project\bnlp\unittest\bin\debug\unittest.dll" id="d03eb628-bf1f-c27d-aeef-e708d613d686">
      <DeploymentItems>
        <DeploymentItem filename="..\UnitTest\TestCases\all_persons_modal_can_may_negation.xml" />
      </DeploymentItems>
      <Execution id="3a29094d-5538-4d94-9946-573c629c1705" />
      <TestMethod codeBase="D:/software/Project/BNLP/UnitTest/bin/Debug/UnitTest.DLL" adapterTypeName="Microsoft.VisualStudio.TestTools.TestTypes.Unit.UnitTestAdapter, Microsoft.VisualStudio.QualityTools.Tips.UnitTest.Adapter, Version=10.0.0.0, Culture=neutral, PublicKeyToken=b03f5f7f11d50a3a" className="UnitTest.BnlpTest, UnitTest, Version=1.0.0.0, Culture=neutral, PublicKeyToken=null" name="all_persons_modal_can_may_negation" />
      <DataSource connectionString="|DataDirectory|\TestCases\all_persons_modal_can_may_negation.xml" providerInvariantName="Microsoft.VisualStudio.TestTools.DataSource.XML" tableName="sentence" />
    </UnitTest>
    <UnitTest name="RandomWord" storage="d:\software\project\bnlp\unittest\bin\debug\unittest.dll" id="642ce34f-0ed4-f995-637b-09297c832f2a">
      <DeploymentItems>
        <DeploymentItem filename="..\UnitTest\TestCases\wikipedia.xml" />
      </DeploymentItems>
      <Execution id="a44279c8-99f1-4890-ac94-b2434ee44e7c" />
      <TestMethod codeBase="D:/software/Project/BNLP/UnitTest/bin/Debug/UnitTest.DLL" adapterTypeName="Microsoft.VisualStudio.TestTools.TestTypes.Unit.UnitTestAdapter, Microsoft.VisualStudio.QualityTools.Tips.UnitTest.Adapter, Version=10.0.0.0, Culture=neutral, PublicKeyToken=b03f5f7f11d50a3a" className="UnitTest.BnlpTest, UnitTest, Version=1.0.0.0, Culture=neutral, PublicKeyToken=null" name="RandomWord" />
      <DataSource connectionString="|DataDirectory|\TestCases\wikipedia.xml" providerInvariantName="Microsoft.VisualStudio.TestTools.DataSource.XML" tableName="sentence" />
    </UnitTest>
    <UnitTest name="second_person_tenses_active_negation" storage="d:\software\project\bnlp\unittest\bin\debug\unittest.dll" id="83c68223-dcaa-51dd-423f-434210a59f77">
      <DeploymentItems>
        <DeploymentItem filename="..\UnitTest\TestCases\second_person_tenses_active_negation.xml" />
      </DeploymentItems>
      <Execution id="8e4e3382-4d53-4d8b-9e5e-4a6543b2552a" />
      <TestMethod codeBase="D:/software/Project/BNLP/UnitTest/bin/Debug/UnitTest.DLL" adapterTypeName="Microsoft.VisualStudio.TestTools.TestTypes.Unit.UnitTestAdapter, Microsoft.VisualStudio.QualityTools.Tips.UnitTest.Adapter, Version=10.0.0.0, Culture=neutral, PublicKeyToken=b03f5f7f11d50a3a" className="UnitTest.BnlpTest, UnitTest, Version=1.0.0.0, Culture=neutral, PublicKeyToken=null" name="second_person_tenses_active_negation" />
      <DataSource connectionString="|DataDirectory|\TestCases\second_person_tenses_active_negation.xml" providerInvariantName="Microsoft.VisualStudio.TestTools.DataSource.XML" tableName="sentence" />
    </UnitTest>
    <UnitTest name="interrogative_sentences_why" storage="d:\software\project\bnlp\unittest\bin\debug\unittest.dll" id="1b04a6d6-5350-792c-8eba-a46a0eb28949">
      <DeploymentItems>
        <DeploymentItem filename="..\UnitTest\TestCases\interrogative_sentences_why.xml" />
      </DeploymentItems>
      <Execution id="7123e2fe-787e-4b5c-9c48-039246254eaf" />
      <TestMethod codeBase="D:/software/Project/BNLP/UnitTest/bin/Debug/UnitTest.DLL" adapterTypeName="Microsoft.VisualStudio.TestTools.TestTypes.Unit.UnitTestAdapter, Microsoft.VisualStudio.QualityTools.Tips.UnitTest.Adapter, Version=10.0.0.0, Culture=neutral, PublicKeyToken=b03f5f7f11d50a3a" className="UnitTest.BnlpTest, UnitTest, Version=1.0.0.0, Culture=neutral, PublicKeyToken=null" name="interrogative_sentences_why" />
      <DataSource connectionString="|DataDirectory|\TestCases\interrogative_sentences_why.xml" providerInvariantName="Microsoft.VisualStudio.TestTools.DataSource.XML" tableName="sentence" />
    </UnitTest>
    <UnitTest name="interrogative_sentences_which" storage="d:\software\project\bnlp\unittest\bin\debug\unittest.dll" id="97a1371f-e8e6-db3e-323e-49ffeef32df1">
      <DeploymentItems>
        <DeploymentItem filename="..\UnitTest\TestCases\interrogative_sentences_which.xml" />
      </DeploymentItems>
      <Execution id="c854be62-99c2-4370-8d53-3e7f621a1a39" />
      <TestMethod codeBase="D:/software/Project/BNLP/UnitTest/bin/Debug/UnitTest.DLL" adapterTypeName="Microsoft.VisualStudio.TestTools.TestTypes.Unit.UnitTestAdapter, Microsoft.VisualStudio.QualityTools.Tips.UnitTest.Adapter, Version=10.0.0.0, Culture=neutral, PublicKeyToken=b03f5f7f11d50a3a" className="UnitTest.BnlpTest, UnitTest, Version=1.0.0.0, Culture=neutral, PublicKeyToken=null" name="interrogative_sentences_which" />
      <DataSource connectionString="|DataDirectory|\TestCases\interrogative_sentences_which.xml" providerInvariantName="Microsoft.VisualStudio.TestTools.DataSource.XML" tableName="sentence" />
    </UnitTest>
    <UnitTest name="third_person_tenses_active" storage="d:\software\project\bnlp\unittest\bin\debug\unittest.dll" id="0bc2f98c-98f5-f190-c78c-c00d94c547a1">
      <DeploymentItems>
        <DeploymentItem filename="..\UnitTest\TestCases\third_person_tenses_active.xml" />
      </DeploymentItems>
      <Execution id="e72ac253-41da-4f5b-82e7-1e734f1d4aa9" />
      <TestMethod codeBase="D:/software/Project/BNLP/UnitTest/bin/Debug/UnitTest.DLL" adapterTypeName="Microsoft.VisualStudio.TestTools.TestTypes.Unit.UnitTestAdapter, Microsoft.VisualStudio.QualityTools.Tips.UnitTest.Adapter, Version=10.0.0.0, Culture=neutral, PublicKeyToken=b03f5f7f11d50a3a" className="UnitTest.BnlpTest, UnitTest, Version=1.0.0.0, Culture=neutral, PublicKeyToken=null" name="third_person_tenses_active" />
      <DataSource connectionString="|DataDirectory|\TestCases\third_person_tenses_active.xml" providerInvariantName="Microsoft.VisualStudio.TestTools.DataSource.XML" tableName="sentence" />
    </UnitTest>
    <UnitTest name="auxiliary_verbs_as_main_verbs" storage="d:\software\project\bnlp\unittest\bin\debug\unittest.dll" id="c79146bc-2376-961a-5de9-441b5dfc7188">
      <DeploymentItems>
        <DeploymentItem filename="..\UnitTest\TestCases\auxiliary_verbs_as_main_verbs.xml" />
      </DeploymentItems>
      <Execution id="0420b637-ca92-4259-9200-6e31637ba9d1" />
      <TestMethod codeBase="D:/software/Project/BNLP/UnitTest/bin/Debug/UnitTest.DLL" adapterTypeName="Microsoft.VisualStudio.TestTools.TestTypes.Unit.UnitTestAdapter, Microsoft.VisualStudio.QualityTools.Tips.UnitTest.Adapter, Version=10.0.0.0, Culture=neutral, PublicKeyToken=b03f5f7f11d50a3a" className="UnitTest.BnlpTest, UnitTest, Version=1.0.0.0, Culture=neutral, PublicKeyToken=null" name="auxiliary_verbs_as_main_verbs" />
      <DataSource connectionString="|DataDirectory|\TestCases\auxiliary_verbs_as_main_verbs.xml" providerInvariantName="Microsoft.VisualStudio.TestTools.DataSource.XML" tableName="sentence" />
    </UnitTest>
    <UnitTest name="special_handling_do_verb" storage="d:\software\project\bnlp\unittest\bin\debug\unittest.dll" id="533e7939-123c-ce84-5c5c-d5a21d1d95b9">
      <DeploymentItems>
        <DeploymentItem filename="..\UnitTest\TestCases\special_handling_do_verb.xml" />
      </DeploymentItems>
      <Execution id="c8f19613-fca5-40b6-881a-b1c153f80541" />
      <TestMethod codeBase="D:/software/Project/BNLP/UnitTest/bin/Debug/UnitTest.DLL" adapterTypeName="Microsoft.VisualStudio.TestTools.TestTypes.Unit.UnitTestAdapter, Microsoft.VisualStudio.QualityTools.Tips.UnitTest.Adapter, Version=10.0.0.0, Culture=neutral, PublicKeyToken=b03f5f7f11d50a3a" className="UnitTest.BnlpTest, UnitTest, Version=1.0.0.0, Culture=neutral, PublicKeyToken=null" name="special_handling_do_verb" />
      <DataSource connectionString="|DataDirectory|\TestCases\special_handling_do_verb.xml" providerInvariantName="Microsoft.VisualStudio.TestTools.DataSource.XML" tableName="sentence" />
    </UnitTest>
    <UnitTest name="interrogative_sentences_whom" storage="d:\software\project\bnlp\unittest\bin\debug\unittest.dll" id="4e91a3b9-9eae-ebff-0b97-303f00578a78">
      <DeploymentItems>
        <DeploymentItem filename="..\UnitTest\TestCases\interrogative_sentences_whom.xml" />
      </DeploymentItems>
      <Execution id="3d2d4150-3770-4829-b545-f6f96f680120" />
      <TestMethod codeBase="D:/software/Project/BNLP/UnitTest/bin/Debug/UnitTest.DLL" adapterTypeName="Microsoft.VisualStudio.TestTools.TestTypes.Unit.UnitTestAdapter, Microsoft.VisualStudio.QualityTools.Tips.UnitTest.Adapter, Version=10.0.0.0, Culture=neutral, PublicKeyToken=b03f5f7f11d50a3a" className="UnitTest.BnlpTest, UnitTest, Version=1.0.0.0, Culture=neutral, PublicKeyToken=null" name="interrogative_sentences_whom" />
      <DataSource connectionString="|DataDirectory|\TestCases\interrogative_sentences_whom.xml" providerInvariantName="Microsoft.VisualStudio.TestTools.DataSource.XML" tableName="sentence" />
    </UnitTest>
    <UnitTest name="interrogative_sentences_where" storage="d:\software\project\bnlp\unittest\bin\debug\unittest.dll" id="b9261b51-b0a2-10e2-9308-22bb2624de8b">
      <DeploymentItems>
        <DeploymentItem filename="..\UnitTest\TestCases\interrogative_sentences_where.xml" />
      </DeploymentItems>
      <Execution id="195993c4-cb3f-40c3-ba8e-a788dfd08198" />
      <TestMethod codeBase="D:/software/Project/BNLP/UnitTest/bin/Debug/UnitTest.DLL" adapterTypeName="Microsoft.VisualStudio.TestTools.TestTypes.Unit.UnitTestAdapter, Microsoft.VisualStudio.QualityTools.Tips.UnitTest.Adapter, Version=10.0.0.0, Culture=neutral, PublicKeyToken=b03f5f7f11d50a3a" className="UnitTest.BnlpTest, UnitTest, Version=1.0.0.0, Culture=neutral, PublicKeyToken=null" name="interrogative_sentences_where" />
      <DataSource connectionString="|DataDirectory|\TestCases\interrogative_sentences_where.xml" providerInvariantName="Microsoft.VisualStudio.TestTools.DataSource.XML" tableName="sentence" />
    </UnitTest>
    <UnitTest name="interrogative_sentences_aux" storage="d:\software\project\bnlp\unittest\bin\debug\unittest.dll" id="39dcb97e-c73f-c645-a77c-64d9eba0a3a3">
      <DeploymentItems>
        <DeploymentItem filename="..\UnitTest\TestCases\interrogative_sentences_aux.xml" />
      </DeploymentItems>
      <Execution id="ac38a91c-115b-480d-8e5a-e90baa583759" />
      <TestMethod codeBase="D:/software/Project/BNLP/UnitTest/bin/Debug/UnitTest.DLL" adapterTypeName="Microsoft.VisualStudio.TestTools.TestTypes.Unit.UnitTestAdapter, Microsoft.VisualStudio.QualityTools.Tips.UnitTest.Adapter, Version=10.0.0.0, Culture=neutral, PublicKeyToken=b03f5f7f11d50a3a" className="UnitTest.BnlpTest, UnitTest, Version=1.0.0.0, Culture=neutral, PublicKeyToken=null" name="interrogative_sentences_aux" />
      <DataSource connectionString="|DataDirectory|\TestCases\interrogative_sentences_aux.xml" providerInvariantName="Microsoft.VisualStudio.TestTools.DataSource.XML" tableName="sentence" />
    </UnitTest>
    <UnitTest name="all_persons_tenses_passive" storage="d:\software\project\bnlp\unittest\bin\debug\unittest.dll" id="d766a059-d96c-7b47-e6a6-34931760df96">
      <DeploymentItems>
        <DeploymentItem filename="..\UnitTest\TestCases\all_persons_tenses_passive.xml" />
      </DeploymentItems>
      <Execution id="68e54caa-b96e-4a67-ad60-2a5a7dad35fd" />
      <TestMethod codeBase="D:/software/Project/BNLP/UnitTest/bin/Debug/UnitTest.DLL" adapterTypeName="Microsoft.VisualStudio.TestTools.TestTypes.Unit.UnitTestAdapter, Microsoft.VisualStudio.QualityTools.Tips.UnitTest.Adapter, Version=10.0.0.0, Culture=neutral, PublicKeyToken=b03f5f7f11d50a3a" className="UnitTest.BnlpTest, UnitTest, Version=1.0.0.0, Culture=neutral, PublicKeyToken=null" name="all_persons_tenses_passive" />
      <DataSource connectionString="|DataDirectory|\TestCases\all_persons_tenses_passive.xml" providerInvariantName="Microsoft.VisualStudio.TestTools.DataSource.XML" tableName="sentence" />
    </UnitTest>
    <UnitTest name="first_person_tenses_active_negation" storage="d:\software\project\bnlp\unittest\bin\debug\unittest.dll" id="15fe5bf6-5078-81a8-0356-385549390bb7">
      <DeploymentItems>
        <DeploymentItem filename="..\UnitTest\TestCases\first_person_tenses_active_negation.xml" />
      </DeploymentItems>
      <Execution id="e6423b03-a33f-4a2d-9f9d-030dd80ed8fe" />
      <TestMethod codeBase="D:/software/Project/BNLP/UnitTest/bin/Debug/UnitTest.DLL" adapterTypeName="Microsoft.VisualStudio.TestTools.TestTypes.Unit.UnitTestAdapter, Microsoft.VisualStudio.QualityTools.Tips.UnitTest.Adapter, Version=10.0.0.0, Culture=neutral, PublicKeyToken=b03f5f7f11d50a3a" className="UnitTest.BnlpTest, UnitTest, Version=1.0.0.0, Culture=neutral, PublicKeyToken=null" name="first_person_tenses_active_negation" />
      <DataSource connectionString="|DataDirectory|\TestCases\first_person_tenses_active_negation.xml" providerInvariantName="Microsoft.VisualStudio.TestTools.DataSource.XML" tableName="sentence" />
    </UnitTest>
  </TestDefinitions>
  <TestLists>
    <TestList name="Results Not in a List" id="8c84fa94-04c1-424b-9868-57a2d4851a1d" />
    <TestList name="All Loaded Results" id="19431567-8539-422a-85d7-44ee4e166bda" />
  </TestLists>
  <TestEntries>
    <TestEntry testId="0bc2f98c-98f5-f190-c78c-c00d94c547a1" executionId="e72ac253-41da-4f5b-82e7-1e734f1d4aa9" testListId="8c84fa94-04c1-424b-9868-57a2d4851a1d" />
    <TestEntry testId="0f337a75-1a2d-d9c3-6c5f-23ed2604b69d" executionId="5eeb2aaf-e63d-4241-83cf-9c616c2419d0" testListId="8c84fa94-04c1-424b-9868-57a2d4851a1d" />
    <TestEntry testId="0f33848d-a900-d644-7498-2526887b5425" executionId="ea076eaa-3896-4746-99b7-ccccf3e00540" testListId="8c84fa94-04c1-424b-9868-57a2d4851a1d" />
    <TestEntry testId="15fe5bf6-5078-81a8-0356-385549390bb7" executionId="e6423b03-a33f-4a2d-9f9d-030dd80ed8fe" testListId="8c84fa94-04c1-424b-9868-57a2d4851a1d" />
    <TestEntry testId="1b04a6d6-5350-792c-8eba-a46a0eb28949" executionId="7123e2fe-787e-4b5c-9c48-039246254eaf" testListId="8c84fa94-04c1-424b-9868-57a2d4851a1d" />
    <TestEntry testId="1d63c318-78a9-9011-f5c0-0b01884a2881" executionId="ca8ac280-e55e-49b9-8f42-64a99649f37d" testListId="8c84fa94-04c1-424b-9868-57a2d4851a1d" />
    <TestEntry testId="227f20ae-8e76-eb71-39b2-4ada3ce6aba8" executionId="a20c4990-8389-4123-b5ef-ec1becb53f8e" testListId="8c84fa94-04c1-424b-9868-57a2d4851a1d" />
    <TestEntry testId="30ab3285-6a8c-14d2-9725-bd60892ccd90" executionId="da059fd8-ddc9-4aa0-82b0-f3906039ee75" testListId="8c84fa94-04c1-424b-9868-57a2d4851a1d" />
    <TestEntry testId="32b5d279-0d23-e5ad-0301-234c8788f740" executionId="3bbb81d2-b87d-4245-8da8-d2395c549a23" testListId="8c84fa94-04c1-424b-9868-57a2d4851a1d" />
    <TestEntry testId="39dcb97e-c73f-c645-a77c-64d9eba0a3a3" executionId="ac38a91c-115b-480d-8e5a-e90baa583759" testListId="8c84fa94-04c1-424b-9868-57a2d4851a1d" />
    <TestEntry testId="4e91a3b9-9eae-ebff-0b97-303f00578a78" executionId="3d2d4150-3770-4829-b545-f6f96f680120" testListId="8c84fa94-04c1-424b-9868-57a2d4851a1d" />
    <TestEntry testId="533e7939-123c-ce84-5c5c-d5a21d1d95b9" executionId="c8f19613-fca5-40b6-881a-b1c153f80541" testListId="8c84fa94-04c1-424b-9868-57a2d4851a1d" />
    <TestEntry testId="642ce34f-0ed4-f995-637b-09297c832f2a" executionId="a44279c8-99f1-4890-ac94-b2434ee44e7c" testListId="8c84fa94-04c1-424b-9868-57a2d4851a1d" />
    <TestEntry testId="783915fe-114a-e353-78dd-56e92a60f942" executionId="6abfe2a4-023d-4d83-b4ef-9ae57c735451" testListId="8c84fa94-04c1-424b-9868-57a2d4851a1d" />
    <TestEntry testId="7f7910d1-dc89-39b4-b4cf-d9e6d7af9420" executionId="32630dfe-7db7-4432-9b6c-9e4c11891233" testListId="8c84fa94-04c1-424b-9868-57a2d4851a1d" />
    <TestEntry testId="83c68223-dcaa-51dd-423f-434210a59f77" executionId="8e4e3382-4d53-4d8b-9e5e-4a6543b2552a" testListId="8c84fa94-04c1-424b-9868-57a2d4851a1d" />
    <TestEntry testId="8fe5ccb3-a3f4-0f61-ad21-e94ef029e900" executionId="2d19abbf-ca27-4035-bb59-1148f129cc1b" testListId="8c84fa94-04c1-424b-9868-57a2d4851a1d" />
    <TestEntry testId="921e6ab0-d7c2-6005-e523-6fd2d5e1a723" executionId="211ef6a2-a0ea-47b2-87a2-f63ba30658df" testListId="8c84fa94-04c1-424b-9868-57a2d4851a1d" />
    <TestEntry testId="9319d01e-de3e-d310-c76e-cae8dce4c924" executionId="99ee31bd-0045-4b48-a4da-6cbd8ba2f3b9" testListId="8c84fa94-04c1-424b-9868-57a2d4851a1d" />
    <TestEntry testId="97a1371f-e8e6-db3e-323e-49ffeef32df1" executionId="c854be62-99c2-4370-8d53-3e7f621a1a39" testListId="8c84fa94-04c1-424b-9868-57a2d4851a1d" />
    <TestEntry testId="b9261b51-b0a2-10e2-9308-22bb2624de8b" executionId="195993c4-cb3f-40c3-ba8e-a788dfd08198" testListId="8c84fa94-04c1-424b-9868-57a2d4851a1d" />
    <TestEntry testId="bdfe92b2-f4ac-73a5-f13d-5c1ea13721b4" executionId="c9d310bc-fdb3-4966-a9bd-edded059f127" testListId="8c84fa94-04c1-424b-9868-57a2d4851a1d" />
    <TestEntry testId="c79146bc-2376-961a-5de9-441b5dfc7188" executionId="0420b637-ca92-4259-9200-6e31637ba9d1" testListId="8c84fa94-04c1-424b-9868-57a2d4851a1d" />
    <TestEntry testId="d03eb628-bf1f-c27d-aeef-e708d613d686" executionId="3a29094d-5538-4d94-9946-573c629c1705" testListId="8c84fa94-04c1-424b-9868-57a2d4851a1d" />
    <TestEntry testId="d766a059-d96c-7b47-e6a6-34931760df96" executionId="68e54caa-b96e-4a67-ad60-2a5a7dad35fd" testListId="8c84fa94-04c1-424b-9868-57a2d4851a1d" />
    <TestEntry testId="fe3e63ab-391c-e168-48d0-431b85a7b898" executionId="394bb162-a47b-404b-88f1-2218384ae3c0" testListId="8c84fa94-04c1-424b-9868-57a2d4851a1d" />
  </TestEntries>
  <Results>
    <UnitTestResult executionId="e72ac253-41da-4f5b-82e7-1e734f1d4aa9" testId="0bc2f98c-98f5-f190-c78c-c00d94c547a1" testName="third_person_tenses_active" computerName="ARPAN-LAP" duration="00:00:02.5536993" startTime="2014-06-29T12:31:27.8319805+05:30" endTime="2014-06-29T12:31:30.7501474+05:30" testType="13cdc9d9-ddb5-4fa4-a97d-d965ccfc6d4b" outcome="Passed" testListId="8c84fa94-04c1-424b-9868-57a2d4851a1d" relativeResultsDirectory="e72ac253-41da-4f5b-82e7-1e734f1d4aa9" resultType="DataDrivenTest">
      <Counters error="0" failed="0" timeout="0" aborted="0" inconclusive="0" passedButRunAborted="0" notRunnable="0" notExecuted="0" disconnected="0" warning="0" passed="10" completed="0" inProgress="0" pending="0" />
      <InnerResults>
        <UnitTestResult executionId="371d35bf-4c82-4bdf-9d2b-7264f7e99da7" parentExecutionId="e72ac253-41da-4f5b-82e7-1e734f1d4aa9" testId="0bc2f98c-98f5-f190-c78c-c00d94c547a1" testName="third_person_tenses_active" computerName="ARPAN-LAP" duration="00:00:02.3371602" startTime="2014-06-29T12:31:28.1599992+05:30" endTime="2014-06-29T12:31:30.5031333+05:30" testType="13cdc9d9-ddb5-4fa4-a97d-d965ccfc6d4b" outcome="Passed" testListId="8c84fa94-04c1-424b-9868-57a2d4851a1d" relativeResultsDirectory="e72ac253-41da-4f5b-82e7-1e734f1d4aa9" dataRowInfo="0" resultType="DataDrivenDataRow" />
        <UnitTestResult executionId="43650125-4daf-44de-a2b7-28c6a2ff42ab" parentExecutionId="e72ac253-41da-4f5b-82e7-1e734f1d4aa9" testId="0bc2f98c-98f5-f190-c78c-c00d94c547a1" testName="third_person_tenses_active" computerName="ARPAN-LAP" duration="00:00:00.0186980" startTime="2014-06-29T12:31:30.5031333+05:30" endTime="2014-06-29T12:31:30.5221343+05:30" testType="13cdc9d9-ddb5-4fa4-a97d-d965ccfc6d4b" outcome="Passed" testListId="8c84fa94-04c1-424b-9868-57a2d4851a1d" relativeResultsDirectory="e72ac253-41da-4f5b-82e7-1e734f1d4aa9" dataRowInfo="1" resultType="DataDrivenDataRow" />
        <UnitTestResult executionId="017a2d1a-d2e0-4eca-8e8e-6be53fdf3b52" parentExecutionId="e72ac253-41da-4f5b-82e7-1e734f1d4aa9" testId="0bc2f98c-98f5-f190-c78c-c00d94c547a1" testName="third_person_tenses_active" computerName="ARPAN-LAP" duration="00:00:00.0200161" startTime="2014-06-29T12:31:30.5221343+05:30" endTime="2014-06-29T12:31:30.5421355+05:30" testType="13cdc9d9-ddb5-4fa4-a97d-d965ccfc6d4b" outcome="Passed" testListId="8c84fa94-04c1-424b-9868-57a2d4851a1d" relativeResultsDirectory="e72ac253-41da-4f5b-82e7-1e734f1d4aa9" dataRowInfo="2" resultType="DataDrivenDataRow" />
        <UnitTestResult executionId="1b881039-6180-40bd-90ef-12c0edbd1717" parentExecutionId="e72ac253-41da-4f5b-82e7-1e734f1d4aa9" testId="0bc2f98c-98f5-f190-c78c-c00d94c547a1" testName="third_person_tenses_active" computerName="ARPAN-LAP" duration="00:00:00.0242588" startTime="2014-06-29T12:31:30.5421355+05:30" endTime="2014-06-29T12:31:30.5661369+05:30" testType="13cdc9d9-ddb5-4fa4-a97d-d965ccfc6d4b" outcome="Passed" testListId="8c84fa94-04c1-424b-9868-57a2d4851a1d" relativeResultsDirectory="e72ac253-41da-4f5b-82e7-1e734f1d4aa9" dataRowInfo="3" resultType="DataDrivenDataRow" />
        <UnitTestResult executionId="cfb3ecb8-1df4-4bd6-a63c-ec5ba52f8f24" parentExecutionId="e72ac253-41da-4f5b-82e7-1e734f1d4aa9" testId="0bc2f98c-98f5-f190-c78c-c00d94c547a1" testName="third_person_tenses_active" computerName="ARPAN-LAP" duration="00:00:00.0172588" startTime="2014-06-29T12:31:30.5661369+05:30" endTime="2014-06-29T12:31:30.5841379+05:30" testType="13cdc9d9-ddb5-4fa4-a97d-d965ccfc6d4b" outcome="Passed" testListId="8c84fa94-04c1-424b-9868-57a2d4851a1d" relativeResultsDirectory="e72ac253-41da-4f5b-82e7-1e734f1d4aa9" dataRowInfo="4" resultType="DataDrivenDataRow" />
        <UnitTestResult executionId="08b76100-70b5-4083-b636-b4f2d40db5ad" parentExecutionId="e72ac253-41da-4f5b-82e7-1e734f1d4aa9" testId="0bc2f98c-98f5-f190-c78c-c00d94c547a1" testName="third_person_tenses_active" computerName="ARPAN-LAP" duration="00:00:00.0231573" startTime="2014-06-29T12:31:30.5841379+05:30" endTime="2014-06-29T12:31:30.6071392+05:30" testType="13cdc9d9-ddb5-4fa4-a97d-d965ccfc6d4b" outcome="Passed" testListId="8c84fa94-04c1-424b-9868-57a2d4851a1d" relativeResultsDirectory="e72ac253-41da-4f5b-82e7-1e734f1d4aa9" dataRowInfo="5" resultType="DataDrivenDataRow" />
        <UnitTestResult executionId="aca93f87-5a29-47fd-8bb9-1ef4451c1590" parentExecutionId="e72ac253-41da-4f5b-82e7-1e734f1d4aa9" testId="0bc2f98c-98f5-f190-c78c-c00d94c547a1" testName="third_person_tenses_active" computerName="ARPAN-LAP" duration="00:00:00.0196660" startTime="2014-06-29T12:31:30.6071392+05:30" endTime="2014-06-29T12:31:30.6261403+05:30" testType="13cdc9d9-ddb5-4fa4-a97d-d965ccfc6d4b" outcome="Passed" testListId="8c84fa94-04c1-424b-9868-57a2d4851a1d" relativeResultsDirectory="e72ac253-41da-4f5b-82e7-1e734f1d4aa9" dataRowInfo="6" resultType="DataDrivenDataRow" />
        <UnitTestResult executionId="95f4176a-646d-4b2e-afc1-4160c85d9c12" parentExecutionId="e72ac253-41da-4f5b-82e7-1e734f1d4aa9" testId="0bc2f98c-98f5-f190-c78c-c00d94c547a1" testName="third_person_tenses_active" computerName="ARPAN-LAP" duration="00:00:00.0260034" startTime="2014-06-29T12:31:30.6261403+05:30" endTime="2014-06-29T12:31:30.6521418+05:30" testType="13cdc9d9-ddb5-4fa4-a97d-d965ccfc6d4b" outcome="Passed" testListId="8c84fa94-04c1-424b-9868-57a2d4851a1d" relativeResultsDirectory="e72ac253-41da-4f5b-82e7-1e734f1d4aa9" dataRowInfo="7" resultType="DataDrivenDataRow" />
        <UnitTestResult executionId="ab681f37-1767-4625-84d5-85bea927ac85" parentExecutionId="e72ac253-41da-4f5b-82e7-1e734f1d4aa9" testId="0bc2f98c-98f5-f190-c78c-c00d94c547a1" testName="third_person_tenses_active" computerName="ARPAN-LAP" duration="00:00:00.0221390" startTime="2014-06-29T12:31:30.6521418+05:30" endTime="2014-06-29T12:31:30.6751431+05:30" testType="13cdc9d9-ddb5-4fa4-a97d-d965ccfc6d4b" outcome="Passed" testListId="8c84fa94-04c1-424b-9868-57a2d4851a1d" relativeResultsDirectory="e72ac253-41da-4f5b-82e7-1e734f1d4aa9" dataRowInfo="8" resultType="DataDrivenDataRow" />
        <UnitTestResult executionId="f75d9404-2e1c-476d-b779-2331d1b658a8" parentExecutionId="e72ac253-41da-4f5b-82e7-1e734f1d4aa9" testId="0bc2f98c-98f5-f190-c78c-c00d94c547a1" testName="third_person_tenses_active" computerName="ARPAN-LAP" duration="00:00:00.0269073" startTime="2014-06-29T12:31:30.6751431+05:30" endTime="2014-06-29T12:31:30.7021446+05:30" testType="13cdc9d9-ddb5-4fa4-a97d-d965ccfc6d4b" outcome="Passed" testListId="8c84fa94-04c1-424b-9868-57a2d4851a1d" relativeResultsDirectory="e72ac253-41da-4f5b-82e7-1e734f1d4aa9" dataRowInfo="9" resultType="DataDrivenDataRow" />
      </InnerResults>
    </UnitTestResult>
    <UnitTestResult executionId="5eeb2aaf-e63d-4241-83cf-9c616c2419d0" testId="0f337a75-1a2d-d9c3-6c5f-23ed2604b69d" testName="prepositions_made_with_two_words" computerName="ARPAN-LAP" duration="00:00:00.1572473" startTime="2014-06-29T12:31:30.7511474+05:30" endTime="2014-06-29T12:31:30.9301577+05:30" testType="13cdc9d9-ddb5-4fa4-a97d-d965ccfc6d4b" outcome="Passed" testListId="8c84fa94-04c1-424b-9868-57a2d4851a1d" relativeResultsDirectory="5eeb2aaf-e63d-4241-83cf-9c616c2419d0" resultType="DataDrivenTest">
      <Counters error="0" failed="0" timeout="0" aborted="0" inconclusive="0" passedButRunAborted="0" notRunnable="0" notExecuted="0" disconnected="0" warning="0" passed="3" completed="0" inProgress="0" pending="0" />
      <InnerResults>
        <UnitTestResult executionId="0683a689-3c72-43d1-8a19-056892a0e45d" parentExecutionId="5eeb2aaf-e63d-4241-83cf-9c616c2419d0" testId="0f337a75-1a2d-d9c3-6c5f-23ed2604b69d" testName="prepositions_made_with_two_words" computerName="ARPAN-LAP" duration="00:00:00.0452152" startTime="2014-06-29T12:31:30.7641482+05:30" endTime="2014-06-29T12:31:30.8091508+05:30" testType="13cdc9d9-ddb5-4fa4-a97d-d965ccfc6d4b" outcome="Passed" testListId="8c84fa94-04c1-424b-9868-57a2d4851a1d" relativeResultsDirectory="5eeb2aaf-e63d-4241-83cf-9c616c2419d0" dataRowInfo="0" resultType="DataDrivenDataRow" />
        <UnitTestResult executionId="e6f5ae6e-da54-41ca-bed8-1f9b7d54a73b" parentExecutionId="5eeb2aaf-e63d-4241-83cf-9c616c2419d0" testId="0f337a75-1a2d-d9c3-6c5f-23ed2604b69d" testName="prepositions_made_with_two_words" computerName="ARPAN-LAP" duration="00:00:00.0537519" startTime="2014-06-29T12:31:30.8091508+05:30" endTime="2014-06-29T12:31:30.8631539+05:30" testType="13cdc9d9-ddb5-4fa4-a97d-d965ccfc6d4b" outcome="Passed" testListId="8c84fa94-04c1-424b-9868-57a2d4851a1d" relativeResultsDirectory="5eeb2aaf-e63d-4241-83cf-9c616c2419d0" dataRowInfo="1" resultType="DataDrivenDataRow" />
        <UnitTestResult executionId="0aea9c30-de44-47ba-b73a-80a83697f4d8" parentExecutionId="5eeb2aaf-e63d-4241-83cf-9c616c2419d0" testId="0f337a75-1a2d-d9c3-6c5f-23ed2604b69d" testName="prepositions_made_with_two_words" computerName="ARPAN-LAP" duration="00:00:00.0549042" startTime="2014-06-29T12:31:30.8631539+05:30" endTime="2014-06-29T12:31:30.9181570+05:30" testType="13cdc9d9-ddb5-4fa4-a97d-d965ccfc6d4b" outcome="Passed" testListId="8c84fa94-04c1-424b-9868-57a2d4851a1d" relativeResultsDirectory="5eeb2aaf-e63d-4241-83cf-9c616c2419d0" dataRowInfo="2" resultType="DataDrivenDataRow" />
      </InnerResults>
    </UnitTestResult>
    <UnitTestResult executionId="ea076eaa-3896-4746-99b7-ccccf3e00540" testId="0f33848d-a900-d644-7498-2526887b5425" testName="prepositions_made_with_three_words" computerName="ARPAN-LAP" duration="00:00:00.2016321" startTime="2014-06-29T12:31:30.9341579+05:30" endTime="2014-06-29T12:31:31.1621710+05:30" testType="13cdc9d9-ddb5-4fa4-a97d-d965ccfc6d4b" outcome="Passed" testListId="8c84fa94-04c1-424b-9868-57a2d4851a1d" relativeResultsDirectory="ea076eaa-3896-4746-99b7-ccccf3e00540" resultType="DataDrivenTest">
      <Counters error="0" failed="0" timeout="0" aborted="0" inconclusive="0" passedButRunAborted="0" notRunnable="0" notExecuted="0" disconnected="0" warning="0" passed="4" completed="0" inProgress="0" pending="0" />
      <InnerResults>
        <UnitTestResult executionId="94e0a486-676b-44d2-b98a-eb878fe53d06" parentExecutionId="ea076eaa-3896-4746-99b7-ccccf3e00540" testId="0f33848d-a900-d644-7498-2526887b5425" testName="prepositions_made_with_three_words" computerName="ARPAN-LAP" duration="00:00:00.0441553" startTime="2014-06-29T12:31:30.9461586+05:30" endTime="2014-06-29T12:31:30.9901611+05:30" testType="13cdc9d9-ddb5-4fa4-a97d-d965ccfc6d4b" outcome="Passed" testListId="8c84fa94-04c1-424b-9868-57a2d4851a1d" relativeResultsDirectory="ea076eaa-3896-4746-99b7-ccccf3e00540" dataRowInfo="0" resultType="DataDrivenDataRow" />
        <UnitTestResult executionId="2849f130-2dc0-4b68-aaed-a0f37807bf17" parentExecutionId="ea076eaa-3896-4746-99b7-ccccf3e00540" testId="0f33848d-a900-d644-7498-2526887b5425" testName="prepositions_made_with_three_words" computerName="ARPAN-LAP" duration="00:00:00.0509700" startTime="2014-06-29T12:31:30.9911612+05:30" endTime="2014-06-29T12:31:31.0421641+05:30" testType="13cdc9d9-ddb5-4fa4-a97d-d965ccfc6d4b" outcome="Passed" testListId="8c84fa94-04c1-424b-9868-57a2d4851a1d" relativeResultsDirectory="ea076eaa-3896-4746-99b7-ccccf3e00540" dataRowInfo="1" resultType="DataDrivenDataRow" />
        <UnitTestResult executionId="2144265d-3726-43e0-8fc9-7c8c7e1d9f3b" parentExecutionId="ea076eaa-3896-4746-99b7-ccccf3e00540" testId="0f33848d-a900-d644-7498-2526887b5425" testName="prepositions_made_with_three_words" computerName="ARPAN-LAP" duration="00:00:00.0567474" startTime="2014-06-29T12:31:31.0421641+05:30" endTime="2014-06-29T12:31:31.0981673+05:30" testType="13cdc9d9-ddb5-4fa4-a97d-d965ccfc6d4b" outcome="Passed" testListId="8c84fa94-04c1-424b-9868-57a2d4851a1d" relativeResultsDirectory="ea076eaa-3896-4746-99b7-ccccf3e00540" dataRowInfo="2" resultType="DataDrivenDataRow" />
        <UnitTestResult executionId="e5635c61-f2af-45d1-bfb7-38ebce07cf48" parentExecutionId="ea076eaa-3896-4746-99b7-ccccf3e00540" testId="0f33848d-a900-d644-7498-2526887b5425" testName="prepositions_made_with_three_words" computerName="ARPAN-LAP" duration="00:00:00.0478960" startTime="2014-06-29T12:31:31.0981673+05:30" endTime="2014-06-29T12:31:31.1461700+05:30" testType="13cdc9d9-ddb5-4fa4-a97d-d965ccfc6d4b" outcome="Passed" testListId="8c84fa94-04c1-424b-9868-57a2d4851a1d" relativeResultsDirectory="ea076eaa-3896-4746-99b7-ccccf3e00540" dataRowInfo="3" resultType="DataDrivenDataRow" />
      </InnerResults>
    </UnitTestResult>
    <UnitTestResult executionId="e6423b03-a33f-4a2d-9f9d-030dd80ed8fe" testId="15fe5bf6-5078-81a8-0356-385549390bb7" testName="first_person_tenses_active_negation" computerName="ARPAN-LAP" duration="00:00:00.3097479" startTime="2014-06-29T12:31:31.1641711+05:30" endTime="2014-06-29T12:31:31.5101909+05:30" testType="13cdc9d9-ddb5-4fa4-a97d-d965ccfc6d4b" outcome="Passed" testListId="8c84fa94-04c1-424b-9868-57a2d4851a1d" relativeResultsDirectory="e6423b03-a33f-4a2d-9f9d-030dd80ed8fe" resultType="DataDrivenTest">
      <Counters error="0" failed="0" timeout="0" aborted="0" inconclusive="0" passedButRunAborted="0" notRunnable="0" notExecuted="0" disconnected="0" warning="0" passed="10" completed="0" inProgress="0" pending="0" />
      <InnerResults>
        <UnitTestResult executionId="0b6b7208-5b16-45e7-b96a-f55ca226eadc" parentExecutionId="e6423b03-a33f-4a2d-9f9d-030dd80ed8fe" testId="15fe5bf6-5078-81a8-0356-385549390bb7" testName="first_person_tenses_active_negation" computerName="ARPAN-LAP" duration="00:00:00.0325399" startTime="2014-06-29T12:31:31.1731716+05:30" endTime="2014-06-29T12:31:31.2061735+05:30" testType="13cdc9d9-ddb5-4fa4-a97d-d965ccfc6d4b" outcome="Passed" testListId="8c84fa94-04c1-424b-9868-57a2d4851a1d" relativeResultsDirectory="e6423b03-a33f-4a2d-9f9d-030dd80ed8fe" dataRowInfo="0" resultType="DataDrivenDataRow" />
        <UnitTestResult executionId="e1684a2c-1f64-4fcd-a908-25880ac92e82" parentExecutionId="e6423b03-a33f-4a2d-9f9d-030dd80ed8fe" testId="15fe5bf6-5078-81a8-0356-385549390bb7" testName="first_person_tenses_active_negation" computerName="ARPAN-LAP" duration="00:00:00.0335218" startTime="2014-06-29T12:31:31.2061735+05:30" endTime="2014-06-29T12:31:31.2391754+05:30" testType="13cdc9d9-ddb5-4fa4-a97d-d965ccfc6d4b" outcome="Passed" testListId="8c84fa94-04c1-424b-9868-57a2d4851a1d" relativeResultsDirectory="e6423b03-a33f-4a2d-9f9d-030dd80ed8fe" dataRowInfo="1" resultType="DataDrivenDataRow" />
        <UnitTestResult executionId="1c10db9d-42d6-4022-a761-c0b473ca663c" parentExecutionId="e6423b03-a33f-4a2d-9f9d-030dd80ed8fe" testId="15fe5bf6-5078-81a8-0356-385549390bb7" testName="first_person_tenses_active_negation" computerName="ARPAN-LAP" duration="00:00:00.0314687" startTime="2014-06-29T12:31:31.2391754+05:30" endTime="2014-06-29T12:31:31.2711772+05:30" testType="13cdc9d9-ddb5-4fa4-a97d-d965ccfc6d4b" outcome="Passed" testListId="8c84fa94-04c1-424b-9868-57a2d4851a1d" relativeResultsDirectory="e6423b03-a33f-4a2d-9f9d-030dd80ed8fe" dataRowInfo="2" resultType="DataDrivenDataRow" />
        <UnitTestResult executionId="c489ca3b-2471-48f9-a213-794059712c6b" parentExecutionId="e6423b03-a33f-4a2d-9f9d-030dd80ed8fe" testId="15fe5bf6-5078-81a8-0356-385549390bb7" testName="first_person_tenses_active_negation" computerName="ARPAN-LAP" duration="00:00:00.0380340" startTime="2014-06-29T12:31:31.2711772+05:30" endTime="2014-06-29T12:31:31.3091794+05:30" testType="13cdc9d9-ddb5-4fa4-a97d-d965ccfc6d4b" outcome="Passed" testListId="8c84fa94-04c1-424b-9868-57a2d4851a1d" relativeResultsDirectory="e6423b03-a33f-4a2d-9f9d-030dd80ed8fe" dataRowInfo="3" resultType="DataDrivenDataRow" />
        <UnitTestResult executionId="541d573c-0423-49f9-bfde-38ed49f03f50" parentExecutionId="e6423b03-a33f-4a2d-9f9d-030dd80ed8fe" testId="15fe5bf6-5078-81a8-0356-385549390bb7" testName="first_person_tenses_active_negation" computerName="ARPAN-LAP" duration="00:00:00.0278127" startTime="2014-06-29T12:31:31.3091794+05:30" endTime="2014-06-29T12:31:31.3371810+05:30" testType="13cdc9d9-ddb5-4fa4-a97d-d965ccfc6d4b" outcome="Passed" testListId="8c84fa94-04c1-424b-9868-57a2d4851a1d" relativeResultsDirectory="e6423b03-a33f-4a2d-9f9d-030dd80ed8fe" dataRowInfo="4" resultType="DataDrivenDataRow" />
        <UnitTestResult executionId="04961894-fddf-4a40-8365-8e451c5b0bd6" parentExecutionId="e6423b03-a33f-4a2d-9f9d-030dd80ed8fe" testId="15fe5bf6-5078-81a8-0356-385549390bb7" testName="first_person_tenses_active_negation" computerName="ARPAN-LAP" duration="00:00:00.0255948" startTime="2014-06-29T12:31:31.3371810+05:30" endTime="2014-06-29T12:31:31.3621824+05:30" testType="13cdc9d9-ddb5-4fa4-a97d-d965ccfc6d4b" outcome="Passed" testListId="8c84fa94-04c1-424b-9868-57a2d4851a1d" relativeResultsDirectory="e6423b03-a33f-4a2d-9f9d-030dd80ed8fe" dataRowInfo="5" resultType="DataDrivenDataRow" />
        <UnitTestResult executionId="810a33c2-ff99-4f66-acb0-d8e5e987dfc7" parentExecutionId="e6423b03-a33f-4a2d-9f9d-030dd80ed8fe" testId="15fe5bf6-5078-81a8-0356-385549390bb7" testName="first_person_tenses_active_negation" computerName="ARPAN-LAP" duration="00:00:00.0292904" startTime="2014-06-29T12:31:31.3621824+05:30" endTime="2014-06-29T12:31:31.3921841+05:30" testType="13cdc9d9-ddb5-4fa4-a97d-d965ccfc6d4b" outcome="Passed" testListId="8c84fa94-04c1-424b-9868-57a2d4851a1d" relativeResultsDirectory="e6423b03-a33f-4a2d-9f9d-030dd80ed8fe" dataRowInfo="6" resultType="DataDrivenDataRow" />
        <UnitTestResult executionId="2864f9df-c849-4847-b2e5-b2cc519253ff" parentExecutionId="e6423b03-a33f-4a2d-9f9d-030dd80ed8fe" testId="15fe5bf6-5078-81a8-0356-385549390bb7" testName="first_person_tenses_active_negation" computerName="ARPAN-LAP" duration="00:00:00.0313727" startTime="2014-06-29T12:31:31.3921841+05:30" endTime="2014-06-29T12:31:31.4231859+05:30" testType="13cdc9d9-ddb5-4fa4-a97d-d965ccfc6d4b" outcome="Passed" testListId="8c84fa94-04c1-424b-9868-57a2d4851a1d" relativeResultsDirectory="e6423b03-a33f-4a2d-9f9d-030dd80ed8fe" dataRowInfo="7" resultType="DataDrivenDataRow" />
        <UnitTestResult executionId="783e3da8-37c3-4b1e-b3d5-ba6d28febb29" parentExecutionId="e6423b03-a33f-4a2d-9f9d-030dd80ed8fe" testId="15fe5bf6-5078-81a8-0356-385549390bb7" testName="first_person_tenses_active_negation" computerName="ARPAN-LAP" duration="00:00:00.0254470" startTime="2014-06-29T12:31:31.4231859+05:30" endTime="2014-06-29T12:31:31.4481873+05:30" testType="13cdc9d9-ddb5-4fa4-a97d-d965ccfc6d4b" outcome="Passed" testListId="8c84fa94-04c1-424b-9868-57a2d4851a1d" relativeResultsDirectory="e6423b03-a33f-4a2d-9f9d-030dd80ed8fe" dataRowInfo="8" resultType="DataDrivenDataRow" />
        <UnitTestResult executionId="3b60f807-9963-4c0e-b788-38086f3140f8" parentExecutionId="e6423b03-a33f-4a2d-9f9d-030dd80ed8fe" testId="15fe5bf6-5078-81a8-0356-385549390bb7" testName="first_person_tenses_active_negation" computerName="ARPAN-LAP" duration="00:00:00.0319917" startTime="2014-06-29T12:31:31.4491874+05:30" endTime="2014-06-29T12:31:31.4811892+05:30" testType="13cdc9d9-ddb5-4fa4-a97d-d965ccfc6d4b" outcome="Passed" testListId="8c84fa94-04c1-424b-9868-57a2d4851a1d" relativeResultsDirectory="e6423b03-a33f-4a2d-9f9d-030dd80ed8fe" dataRowInfo="9" resultType="DataDrivenDataRow" />
      </InnerResults>
    </UnitTestResult>
    <UnitTestResult executionId="7123e2fe-787e-4b5c-9c48-039246254eaf" testId="1b04a6d6-5350-792c-8eba-a46a0eb28949" testName="interrogative_sentences_why" computerName="ARPAN-LAP" duration="00:00:00.1192476" startTime="2014-06-29T12:31:31.5151911+05:30" endTime="2014-06-29T12:31:31.6511989+05:30" testType="13cdc9d9-ddb5-4fa4-a97d-d965ccfc6d4b" outcome="Failed" testListId="8c84fa94-04c1-424b-9868-57a2d4851a1d" relativeResultsDirectory="7123e2fe-787e-4b5c-9c48-039246254eaf" resultType="DataDrivenTest">
      <Counters error="0" failed="1" timeout="0" aborted="0" inconclusive="0" passedButRunAborted="0" notRunnable="0" notExecuted="0" disconnected="0" warning="0" passed="2" completed="0" inProgress="0" pending="0" />
      <InnerResults>
        <UnitTestResult executionId="18d37bfa-25c0-45d8-87ff-f740bcda06cc" parentExecutionId="7123e2fe-787e-4b5c-9c48-039246254eaf" testId="1b04a6d6-5350-792c-8eba-a46a0eb28949" testName="interrogative_sentences_why" computerName="ARPAN-LAP" duration="00:00:00.0470240" startTime="2014-06-29T12:31:31.5221915+05:30" endTime="2014-06-29T12:31:31.5691942+05:30" testType="13cdc9d9-ddb5-4fa4-a97d-d965ccfc6d4b" outcome="Failed" testListId="8c84fa94-04c1-424b-9868-57a2d4851a1d" relativeResultsDirectory="7123e2fe-787e-4b5c-9c48-039246254eaf" dataRowInfo="0" resultType="DataDrivenDataRow">
          <Output>
            <ErrorInfo>
              <Message>Assert.AreEqual failed. Expected:&lt;আপনি আজ দেরিতে কেন ?&gt;. Actual:&lt;দেরিতে আজ আপনি কেন ?&gt;. Why are you late today?</Message>
              <StackTrace>   at UnitTest.BnlpTest.interrogative_sentences_why() in D:\software\Project\BNLP\UnitTest\BnlpTest.cs:line 382
</StackTrace>
            </ErrorInfo>
          </Output>
        </UnitTestResult>
        <UnitTestResult executionId="7b3e8815-fb9b-4204-adae-3e8eb5f5fc9b" parentExecutionId="7123e2fe-787e-4b5c-9c48-039246254eaf" testId="1b04a6d6-5350-792c-8eba-a46a0eb28949" testName="interrogative_sentences_why" computerName="ARPAN-LAP" duration="00:00:00.0389214" startTime="2014-06-29T12:31:31.5691942+05:30" endTime="2014-06-29T12:31:31.6081965+05:30" testType="13cdc9d9-ddb5-4fa4-a97d-d965ccfc6d4b" outcome="Passed" testListId="8c84fa94-04c1-424b-9868-57a2d4851a1d" relativeResultsDirectory="7123e2fe-787e-4b5c-9c48-039246254eaf" dataRowInfo="1" resultType="DataDrivenDataRow" />
        <UnitTestResult executionId="da83625c-378e-40d7-ad0d-fef42f433ac6" parentExecutionId="7123e2fe-787e-4b5c-9c48-039246254eaf" testId="1b04a6d6-5350-792c-8eba-a46a0eb28949" testName="interrogative_sentences_why" computerName="ARPAN-LAP" duration="00:00:00.0313337" startTime="2014-06-29T12:31:31.6081965+05:30" endTime="2014-06-29T12:31:31.6401983+05:30" testType="13cdc9d9-ddb5-4fa4-a97d-d965ccfc6d4b" outcome="Passed" testListId="8c84fa94-04c1-424b-9868-57a2d4851a1d" relativeResultsDirectory="7123e2fe-787e-4b5c-9c48-039246254eaf" dataRowInfo="2" resultType="DataDrivenDataRow" />
      </InnerResults>
    </UnitTestResult>
    <UnitTestResult executionId="ca8ac280-e55e-49b9-8f42-64a99649f37d" testId="1d63c318-78a9-9011-f5c0-0b01884a2881" testName="interrogative_sentences_do" computerName="ARPAN-LAP" duration="00:00:00.2544401" startTime="2014-06-29T12:31:31.6561992+05:30" endTime="2014-06-29T12:31:31.9602166+05:30" testType="13cdc9d9-ddb5-4fa4-a97d-d965ccfc6d4b" outcome="Passed" testListId="8c84fa94-04c1-424b-9868-57a2d4851a1d" relativeResultsDirectory="ca8ac280-e55e-49b9-8f42-64a99649f37d" resultType="DataDrivenTest">
      <Counters error="0" failed="0" timeout="0" aborted="0" inconclusive="0" passedButRunAborted="0" notRunnable="0" notExecuted="0" disconnected="0" warning="0" passed="9" completed="0" inProgress="0" pending="0" />
      <InnerResults>
        <UnitTestResult executionId="4e6fdcb8-e34d-422b-ae60-5b634aa8e0d2" parentExecutionId="ca8ac280-e55e-49b9-8f42-64a99649f37d" testId="1d63c318-78a9-9011-f5c0-0b01884a2881" testName="interrogative_sentences_do" computerName="ARPAN-LAP" duration="00:00:00.0295347" startTime="2014-06-29T12:31:31.6712001+05:30" endTime="2014-06-29T12:31:31.7012018+05:30" testType="13cdc9d9-ddb5-4fa4-a97d-d965ccfc6d4b" outcome="Passed" testListId="8c84fa94-04c1-424b-9868-57a2d4851a1d" relativeResultsDirectory="ca8ac280-e55e-49b9-8f42-64a99649f37d" dataRowInfo="0" resultType="DataDrivenDataRow" />
        <UnitTestResult executionId="757b17c4-672d-4fde-887e-672cd9f1f2d1" parentExecutionId="ca8ac280-e55e-49b9-8f42-64a99649f37d" testId="1d63c318-78a9-9011-f5c0-0b01884a2881" testName="interrogative_sentences_do" computerName="ARPAN-LAP" duration="00:00:00.0275376" startTime="2014-06-29T12:31:31.7012018+05:30" endTime="2014-06-29T12:31:31.7282033+05:30" testType="13cdc9d9-ddb5-4fa4-a97d-d965ccfc6d4b" outcome="Passed" testListId="8c84fa94-04c1-424b-9868-57a2d4851a1d" relativeResultsDirectory="ca8ac280-e55e-49b9-8f42-64a99649f37d" dataRowInfo="1" resultType="DataDrivenDataRow" />
        <UnitTestResult executionId="a6c3ec83-571a-4536-add5-47d472915a4e" parentExecutionId="ca8ac280-e55e-49b9-8f42-64a99649f37d" testId="1d63c318-78a9-9011-f5c0-0b01884a2881" testName="interrogative_sentences_do" computerName="ARPAN-LAP" duration="00:00:00.0250600" startTime="2014-06-29T12:31:31.7282033+05:30" endTime="2014-06-29T12:31:31.7532048+05:30" testType="13cdc9d9-ddb5-4fa4-a97d-d965ccfc6d4b" outcome="Passed" testListId="8c84fa94-04c1-424b-9868-57a2d4851a1d" relativeResultsDirectory="ca8ac280-e55e-49b9-8f42-64a99649f37d" dataRowInfo="2" resultType="DataDrivenDataRow" />
        <UnitTestResult executionId="f4534d4e-cdc6-4f24-93a3-1c7588ad9987" parentExecutionId="ca8ac280-e55e-49b9-8f42-64a99649f37d" testId="1d63c318-78a9-9011-f5c0-0b01884a2881" testName="interrogative_sentences_do" computerName="ARPAN-LAP" duration="00:00:00.0242629" startTime="2014-06-29T12:31:31.7532048+05:30" endTime="2014-06-29T12:31:31.7782062+05:30" testType="13cdc9d9-ddb5-4fa4-a97d-d965ccfc6d4b" outcome="Passed" testListId="8c84fa94-04c1-424b-9868-57a2d4851a1d" relativeResultsDirectory="ca8ac280-e55e-49b9-8f42-64a99649f37d" dataRowInfo="3" resultType="DataDrivenDataRow" />
        <UnitTestResult executionId="59423482-9029-4bf0-a749-c8168ff3f287" parentExecutionId="ca8ac280-e55e-49b9-8f42-64a99649f37d" testId="1d63c318-78a9-9011-f5c0-0b01884a2881" testName="interrogative_sentences_do" computerName="ARPAN-LAP" duration="00:00:00.0240560" startTime="2014-06-29T12:31:31.7782062+05:30" endTime="2014-06-29T12:31:31.8022076+05:30" testType="13cdc9d9-ddb5-4fa4-a97d-d965ccfc6d4b" outcome="Passed" testListId="8c84fa94-04c1-424b-9868-57a2d4851a1d" relativeResultsDirectory="ca8ac280-e55e-49b9-8f42-64a99649f37d" dataRowInfo="4" resultType="DataDrivenDataRow" />
        <UnitTestResult executionId="0447e39b-7051-494f-afe9-68858e806e5a" parentExecutionId="ca8ac280-e55e-49b9-8f42-64a99649f37d" testId="1d63c318-78a9-9011-f5c0-0b01884a2881" testName="interrogative_sentences_do" computerName="ARPAN-LAP" duration="00:00:00.0322294" startTime="2014-06-29T12:31:31.8022076+05:30" endTime="2014-06-29T12:31:31.8342094+05:30" testType="13cdc9d9-ddb5-4fa4-a97d-d965ccfc6d4b" outcome="Passed" testListId="8c84fa94-04c1-424b-9868-57a2d4851a1d" relativeResultsDirectory="ca8ac280-e55e-49b9-8f42-64a99649f37d" dataRowInfo="5" resultType="DataDrivenDataRow" />
        <UnitTestResult executionId="cf859661-b269-4e8c-b060-c2dc8a58d292" parentExecutionId="ca8ac280-e55e-49b9-8f42-64a99649f37d" testId="1d63c318-78a9-9011-f5c0-0b01884a2881" testName="interrogative_sentences_do" computerName="ARPAN-LAP" duration="00:00:00.0290769" startTime="2014-06-29T12:31:31.8342094+05:30" endTime="2014-06-29T12:31:31.8632111+05:30" testType="13cdc9d9-ddb5-4fa4-a97d-d965ccfc6d4b" outcome="Passed" testListId="8c84fa94-04c1-424b-9868-57a2d4851a1d" relativeResultsDirectory="ca8ac280-e55e-49b9-8f42-64a99649f37d" dataRowInfo="6" resultType="DataDrivenDataRow" />
        <UnitTestResult executionId="01994cae-addd-4bf0-aa26-6487a8bd8e32" parentExecutionId="ca8ac280-e55e-49b9-8f42-64a99649f37d" testId="1d63c318-78a9-9011-f5c0-0b01884a2881" testName="interrogative_sentences_do" computerName="ARPAN-LAP" duration="00:00:00.0294531" startTime="2014-06-29T12:31:31.8632111+05:30" endTime="2014-06-29T12:31:31.8932128+05:30" testType="13cdc9d9-ddb5-4fa4-a97d-d965ccfc6d4b" outcome="Passed" testListId="8c84fa94-04c1-424b-9868-57a2d4851a1d" relativeResultsDirectory="ca8ac280-e55e-49b9-8f42-64a99649f37d" dataRowInfo="7" resultType="DataDrivenDataRow" />
        <UnitTestResult executionId="d615d0c1-7a15-47db-b77e-cca02304f6d8" parentExecutionId="ca8ac280-e55e-49b9-8f42-64a99649f37d" testId="1d63c318-78a9-9011-f5c0-0b01884a2881" testName="interrogative_sentences_do" computerName="ARPAN-LAP" duration="00:00:00.0310412" startTime="2014-06-29T12:31:31.8932128+05:30" endTime="2014-06-29T12:31:31.9242145+05:30" testType="13cdc9d9-ddb5-4fa4-a97d-d965ccfc6d4b" outcome="Passed" testListId="8c84fa94-04c1-424b-9868-57a2d4851a1d" relativeResultsDirectory="ca8ac280-e55e-49b9-8f42-64a99649f37d" dataRowInfo="8" resultType="DataDrivenDataRow" />
      </InnerResults>
    </UnitTestResult>
    <UnitTestResult executionId="a20c4990-8389-4123-b5ef-ec1becb53f8e" testId="227f20ae-8e76-eb71-39b2-4ada3ce6aba8" testName="interrogative_sentences_how" computerName="ARPAN-LAP" duration="00:00:00.8509111" startTime="2014-06-29T12:31:31.9612167+05:30" endTime="2014-06-29T12:31:32.8722688+05:30" testType="13cdc9d9-ddb5-4fa4-a97d-d965ccfc6d4b" outcome="Failed" testListId="8c84fa94-04c1-424b-9868-57a2d4851a1d" relativeResultsDirectory="a20c4990-8389-4123-b5ef-ec1becb53f8e" resultType="DataDrivenTest">
      <Counters error="0" failed="3" timeout="0" aborted="0" inconclusive="0" passedButRunAborted="0" notRunnable="0" notExecuted="0" disconnected="0" warning="0" passed="15" completed="0" inProgress="0" pending="0" />
      <InnerResults>
        <UnitTestResult executionId="59d73a03-e09e-42ce-88dd-94e593ba60d2" parentExecutionId="a20c4990-8389-4123-b5ef-ec1becb53f8e" testId="227f20ae-8e76-eb71-39b2-4ada3ce6aba8" testName="interrogative_sentences_how" computerName="ARPAN-LAP" duration="00:00:00.0229479" startTime="2014-06-29T12:31:31.9732173+05:30" endTime="2014-06-29T12:31:31.9962187+05:30" testType="13cdc9d9-ddb5-4fa4-a97d-d965ccfc6d4b" outcome="Passed" testListId="8c84fa94-04c1-424b-9868-57a2d4851a1d" relativeResultsDirectory="a20c4990-8389-4123-b5ef-ec1becb53f8e" dataRowInfo="0" resultType="DataDrivenDataRow" />
        <UnitTestResult executionId="1f438aff-54a2-46f0-bc3f-ca49536eb4fa" parentExecutionId="a20c4990-8389-4123-b5ef-ec1becb53f8e" testId="227f20ae-8e76-eb71-39b2-4ada3ce6aba8" testName="interrogative_sentences_how" computerName="ARPAN-LAP" duration="00:00:00.0220342" startTime="2014-06-29T12:31:31.9962187+05:30" endTime="2014-06-29T12:31:32.0182199+05:30" testType="13cdc9d9-ddb5-4fa4-a97d-d965ccfc6d4b" outcome="Failed" testListId="8c84fa94-04c1-424b-9868-57a2d4851a1d" relativeResultsDirectory="a20c4990-8389-4123-b5ef-ec1becb53f8e" dataRowInfo="1" resultType="DataDrivenDataRow">
          <Output>
            <ErrorInfo>
              <Message>Assert.AreEqual failed. Expected:&lt;আপনি কেমন ছিলেন ?&gt;. Actual:&lt;আপনি ছিলেন কেমন ?&gt;. How were you?</Message>
              <StackTrace>   at UnitTest.BnlpTest.interrogative_sentences_how() in D:\software\Project\BNLP\UnitTest\BnlpTest.cs:line 274
</StackTrace>
            </ErrorInfo>
          </Output>
        </UnitTestResult>
        <UnitTestResult executionId="05f6ac53-cede-4b76-8897-8ac74fd52722" parentExecutionId="a20c4990-8389-4123-b5ef-ec1becb53f8e" testId="227f20ae-8e76-eb71-39b2-4ada3ce6aba8" testName="interrogative_sentences_how" computerName="ARPAN-LAP" duration="00:00:00.0288921" startTime="2014-06-29T12:31:32.0182199+05:30" endTime="2014-06-29T12:31:32.0472216+05:30" testType="13cdc9d9-ddb5-4fa4-a97d-d965ccfc6d4b" outcome="Failed" testListId="8c84fa94-04c1-424b-9868-57a2d4851a1d" relativeResultsDirectory="a20c4990-8389-4123-b5ef-ec1becb53f8e" dataRowInfo="2" resultType="DataDrivenDataRow">
          <Output>
            <ErrorInfo>
              <Message>Assert.AreEqual failed. Expected:&lt;এই মেশিন কাজটি কিভাবে করে ?&gt;. Actual:&lt;এই মেশিনটি করে কিভাবে কাজ ?&gt;. How does this machine work?</Message>
              <StackTrace>   at UnitTest.BnlpTest.interrogative_sentences_how() in D:\software\Project\BNLP\UnitTest\BnlpTest.cs:line 274
</StackTrace>
            </ErrorInfo>
          </Output>
        </UnitTestResult>
        <UnitTestResult executionId="c6309ffd-a892-4f33-8776-71aafaf91708" parentExecutionId="a20c4990-8389-4123-b5ef-ec1becb53f8e" testId="227f20ae-8e76-eb71-39b2-4ada3ce6aba8" testName="interrogative_sentences_how" computerName="ARPAN-LAP" duration="00:00:00.0423681" startTime="2014-06-29T12:31:32.0472216+05:30" endTime="2014-06-29T12:31:32.0902240+05:30" testType="13cdc9d9-ddb5-4fa4-a97d-d965ccfc6d4b" outcome="Passed" testListId="8c84fa94-04c1-424b-9868-57a2d4851a1d" relativeResultsDirectory="a20c4990-8389-4123-b5ef-ec1becb53f8e" dataRowInfo="3" resultType="DataDrivenDataRow" />
        <UnitTestResult executionId="bda7d956-527c-450b-b3e9-587aabdf1a0e" parentExecutionId="a20c4990-8389-4123-b5ef-ec1becb53f8e" testId="227f20ae-8e76-eb71-39b2-4ada3ce6aba8" testName="interrogative_sentences_how" computerName="ARPAN-LAP" duration="00:00:00.0387182" startTime="2014-06-29T12:31:32.0902240+05:30" endTime="2014-06-29T12:31:32.1282262+05:30" testType="13cdc9d9-ddb5-4fa4-a97d-d965ccfc6d4b" outcome="Passed" testListId="8c84fa94-04c1-424b-9868-57a2d4851a1d" relativeResultsDirectory="a20c4990-8389-4123-b5ef-ec1becb53f8e" dataRowInfo="4" resultType="DataDrivenDataRow" />
        <UnitTestResult executionId="858e809e-f687-4ea2-8b86-43f8fd4c1131" parentExecutionId="a20c4990-8389-4123-b5ef-ec1becb53f8e" testId="227f20ae-8e76-eb71-39b2-4ada3ce6aba8" testName="interrogative_sentences_how" computerName="ARPAN-LAP" duration="00:00:00.0278270" startTime="2014-06-29T12:31:32.1282262+05:30" endTime="2014-06-29T12:31:32.1562278+05:30" testType="13cdc9d9-ddb5-4fa4-a97d-d965ccfc6d4b" outcome="Passed" testListId="8c84fa94-04c1-424b-9868-57a2d4851a1d" relativeResultsDirectory="a20c4990-8389-4123-b5ef-ec1becb53f8e" dataRowInfo="5" resultType="DataDrivenDataRow" />
        <UnitTestResult executionId="56fd8dac-9317-4dd4-814e-740191c2d5d1" parentExecutionId="a20c4990-8389-4123-b5ef-ec1becb53f8e" testId="227f20ae-8e76-eb71-39b2-4ada3ce6aba8" testName="interrogative_sentences_how" computerName="ARPAN-LAP" duration="00:00:00.0437749" startTime="2014-06-29T12:31:32.1562278+05:30" endTime="2014-06-29T12:31:32.2002303+05:30" testType="13cdc9d9-ddb5-4fa4-a97d-d965ccfc6d4b" outcome="Passed" testListId="8c84fa94-04c1-424b-9868-57a2d4851a1d" relativeResultsDirectory="a20c4990-8389-4123-b5ef-ec1becb53f8e" dataRowInfo="6" resultType="DataDrivenDataRow" />
        <UnitTestResult executionId="8e4dbc13-25fa-4d1b-a9de-b41ad86c256a" parentExecutionId="a20c4990-8389-4123-b5ef-ec1becb53f8e" testId="227f20ae-8e76-eb71-39b2-4ada3ce6aba8" testName="interrogative_sentences_how" computerName="ARPAN-LAP" duration="00:00:00.0307311" startTime="2014-06-29T12:31:32.2002303+05:30" endTime="2014-06-29T12:31:32.2312321+05:30" testType="13cdc9d9-ddb5-4fa4-a97d-d965ccfc6d4b" outcome="Passed" testListId="8c84fa94-04c1-424b-9868-57a2d4851a1d" relativeResultsDirectory="a20c4990-8389-4123-b5ef-ec1becb53f8e" dataRowInfo="7" resultType="DataDrivenDataRow" />
        <UnitTestResult executionId="26792eeb-0b6c-4bd3-9367-f3771543bbbb" parentExecutionId="a20c4990-8389-4123-b5ef-ec1becb53f8e" testId="227f20ae-8e76-eb71-39b2-4ada3ce6aba8" testName="interrogative_sentences_how" computerName="ARPAN-LAP" duration="00:00:00.0330840" startTime="2014-06-29T12:31:32.2312321+05:30" endTime="2014-06-29T12:31:32.2642340+05:30" testType="13cdc9d9-ddb5-4fa4-a97d-d965ccfc6d4b" outcome="Passed" testListId="8c84fa94-04c1-424b-9868-57a2d4851a1d" relativeResultsDirectory="a20c4990-8389-4123-b5ef-ec1becb53f8e" dataRowInfo="8" resultType="DataDrivenDataRow" />
        <UnitTestResult executionId="cb41d43d-cd71-4efc-9d31-dcf1148c2080" parentExecutionId="a20c4990-8389-4123-b5ef-ec1becb53f8e" testId="227f20ae-8e76-eb71-39b2-4ada3ce6aba8" testName="interrogative_sentences_how" computerName="ARPAN-LAP" duration="00:00:00.0325902" startTime="2014-06-29T12:31:32.2642340+05:30" endTime="2014-06-29T12:31:32.2972359+05:30" testType="13cdc9d9-ddb5-4fa4-a97d-d965ccfc6d4b" outcome="Passed" testListId="8c84fa94-04c1-424b-9868-57a2d4851a1d" relativeResultsDirectory="a20c4990-8389-4123-b5ef-ec1becb53f8e" dataRowInfo="9" resultType="DataDrivenDataRow" />
        <UnitTestResult executionId="23defa8c-5995-442b-9235-54d6136eb62b" parentExecutionId="a20c4990-8389-4123-b5ef-ec1becb53f8e" testId="227f20ae-8e76-eb71-39b2-4ada3ce6aba8" testName="interrogative_sentences_how" computerName="ARPAN-LAP" duration="00:00:00.0396564" startTime="2014-06-29T12:31:32.2972359+05:30" endTime="2014-06-29T12:31:32.3362381+05:30" testType="13cdc9d9-ddb5-4fa4-a97d-d965ccfc6d4b" outcome="Passed" testListId="8c84fa94-04c1-424b-9868-57a2d4851a1d" relativeResultsDirectory="a20c4990-8389-4123-b5ef-ec1becb53f8e" dataRowInfo="10" resultType="DataDrivenDataRow" />
        <UnitTestResult executionId="4358214c-3c0b-44bd-af84-916b44c7c661" parentExecutionId="a20c4990-8389-4123-b5ef-ec1becb53f8e" testId="227f20ae-8e76-eb71-39b2-4ada3ce6aba8" testName="interrogative_sentences_how" computerName="ARPAN-LAP" duration="00:00:00.0308512" startTime="2014-06-29T12:31:32.3362381+05:30" endTime="2014-06-29T12:31:32.3672399+05:30" testType="13cdc9d9-ddb5-4fa4-a97d-d965ccfc6d4b" outcome="Passed" testListId="8c84fa94-04c1-424b-9868-57a2d4851a1d" relativeResultsDirectory="a20c4990-8389-4123-b5ef-ec1becb53f8e" dataRowInfo="11" resultType="DataDrivenDataRow" />
        <UnitTestResult executionId="e9d17652-8afb-4450-8584-4ca58e69639d" parentExecutionId="a20c4990-8389-4123-b5ef-ec1becb53f8e" testId="227f20ae-8e76-eb71-39b2-4ada3ce6aba8" testName="interrogative_sentences_how" computerName="ARPAN-LAP" duration="00:00:00.0269940" startTime="2014-06-29T12:31:32.3672399+05:30" endTime="2014-06-29T12:31:32.3942414+05:30" testType="13cdc9d9-ddb5-4fa4-a97d-d965ccfc6d4b" outcome="Passed" testListId="8c84fa94-04c1-424b-9868-57a2d4851a1d" relativeResultsDirectory="a20c4990-8389-4123-b5ef-ec1becb53f8e" dataRowInfo="12" resultType="DataDrivenDataRow" />
        <UnitTestResult executionId="c8510ea8-19dc-474d-a875-714d7562fab5" parentExecutionId="a20c4990-8389-4123-b5ef-ec1becb53f8e" testId="227f20ae-8e76-eb71-39b2-4ada3ce6aba8" testName="interrogative_sentences_how" computerName="ARPAN-LAP" duration="00:00:00.0373041" startTime="2014-06-29T12:31:32.3942414+05:30" endTime="2014-06-29T12:31:32.4322436+05:30" testType="13cdc9d9-ddb5-4fa4-a97d-d965ccfc6d4b" outcome="Passed" testListId="8c84fa94-04c1-424b-9868-57a2d4851a1d" relativeResultsDirectory="a20c4990-8389-4123-b5ef-ec1becb53f8e" dataRowInfo="13" resultType="DataDrivenDataRow" />
        <UnitTestResult executionId="1962e375-e565-4e90-8117-fe0550067428" parentExecutionId="a20c4990-8389-4123-b5ef-ec1becb53f8e" testId="227f20ae-8e76-eb71-39b2-4ada3ce6aba8" testName="interrogative_sentences_how" computerName="ARPAN-LAP" duration="00:00:00.0380319" startTime="2014-06-29T12:31:32.4322436+05:30" endTime="2014-06-29T12:31:32.4702458+05:30" testType="13cdc9d9-ddb5-4fa4-a97d-d965ccfc6d4b" outcome="Passed" testListId="8c84fa94-04c1-424b-9868-57a2d4851a1d" relativeResultsDirectory="a20c4990-8389-4123-b5ef-ec1becb53f8e" dataRowInfo="14" resultType="DataDrivenDataRow" />
        <UnitTestResult executionId="cb08eb57-1c18-47ee-866b-560a69a1f539" parentExecutionId="a20c4990-8389-4123-b5ef-ec1becb53f8e" testId="227f20ae-8e76-eb71-39b2-4ada3ce6aba8" testName="interrogative_sentences_how" computerName="ARPAN-LAP" duration="00:00:00.2752975" startTime="2014-06-29T12:31:32.4702458+05:30" endTime="2014-06-29T12:31:32.7452615+05:30" testType="13cdc9d9-ddb5-4fa4-a97d-d965ccfc6d4b" outcome="Failed" testListId="8c84fa94-04c1-424b-9868-57a2d4851a1d" relativeResultsDirectory="a20c4990-8389-4123-b5ef-ec1becb53f8e" dataRowInfo="15" resultType="DataDrivenDataRow">
          <Output>
            <ErrorInfo>
              <Message>Assert.AreEqual failed. Expected:&lt;একটি ভাল ছাত্র হতে হয় কিভাবে ?&gt;. Actual:&lt;হয় কিভাবে একটি ভাল ছাত্র ?&gt;. How to be a good student?</Message>
              <StackTrace>   at UnitTest.BnlpTest.interrogative_sentences_how() in D:\software\Project\BNLP\UnitTest\BnlpTest.cs:line 274
</StackTrace>
            </ErrorInfo>
          </Output>
        </UnitTestResult>
        <UnitTestResult executionId="b144bec3-7ed8-4c72-a660-279a98f7e834" parentExecutionId="a20c4990-8389-4123-b5ef-ec1becb53f8e" testId="227f20ae-8e76-eb71-39b2-4ada3ce6aba8" testName="interrogative_sentences_how" computerName="ARPAN-LAP" duration="00:00:00.0358901" startTime="2014-06-29T12:31:32.7452615+05:30" endTime="2014-06-29T12:31:32.7812636+05:30" testType="13cdc9d9-ddb5-4fa4-a97d-d965ccfc6d4b" outcome="Passed" testListId="8c84fa94-04c1-424b-9868-57a2d4851a1d" relativeResultsDirectory="a20c4990-8389-4123-b5ef-ec1becb53f8e" dataRowInfo="16" resultType="DataDrivenDataRow" />
        <UnitTestResult executionId="c1a35d02-d1f7-413c-b314-c1449c2caf5d" parentExecutionId="a20c4990-8389-4123-b5ef-ec1becb53f8e" testId="227f20ae-8e76-eb71-39b2-4ada3ce6aba8" testName="interrogative_sentences_how" computerName="ARPAN-LAP" duration="00:00:00.0410644" startTime="2014-06-29T12:31:32.7812636+05:30" endTime="2014-06-29T12:31:32.8222659+05:30" testType="13cdc9d9-ddb5-4fa4-a97d-d965ccfc6d4b" outcome="Passed" testListId="8c84fa94-04c1-424b-9868-57a2d4851a1d" relativeResultsDirectory="a20c4990-8389-4123-b5ef-ec1becb53f8e" dataRowInfo="17" resultType="DataDrivenDataRow" />
      </InnerResults>
    </UnitTestResult>
    <UnitTestResult executionId="da059fd8-ddc9-4aa0-82b0-f3906039ee75" testId="30ab3285-6a8c-14d2-9725-bd60892ccd90" testName="second_person_tenses_active" computerName="ARPAN-LAP" duration="00:00:00.2188385" startTime="2014-06-29T12:31:32.8732688+05:30" endTime="2014-06-29T12:31:33.1232831+05:30" testType="13cdc9d9-ddb5-4fa4-a97d-d965ccfc6d4b" outcome="Passed" testListId="8c84fa94-04c1-424b-9868-57a2d4851a1d" relativeResultsDirectory="da059fd8-ddc9-4aa0-82b0-f3906039ee75" resultType="DataDrivenTest">
      <Counters error="0" failed="0" timeout="0" aborted="0" inconclusive="0" passedButRunAborted="0" notRunnable="0" notExecuted="0" disconnected="0" warning="0" passed="10" completed="0" inProgress="0" pending="0" />
      <InnerResults>
        <UnitTestResult executionId="94a9221d-bbf6-4e8d-b3d1-593131190f52" parentExecutionId="da059fd8-ddc9-4aa0-82b0-f3906039ee75" testId="30ab3285-6a8c-14d2-9725-bd60892ccd90" testName="second_person_tenses_active" computerName="ARPAN-LAP" duration="00:00:00.0188227" startTime="2014-06-29T12:31:32.8782691+05:30" endTime="2014-06-29T12:31:32.8972702+05:30" testType="13cdc9d9-ddb5-4fa4-a97d-d965ccfc6d4b" outcome="Passed" testListId="8c84fa94-04c1-424b-9868-57a2d4851a1d" relativeResultsDirectory="da059fd8-ddc9-4aa0-82b0-f3906039ee75" dataRowInfo="0" resultType="DataDrivenDataRow" />
        <UnitTestResult executionId="bcaeabd6-0564-4f61-8cf1-583069b29ee1" parentExecutionId="da059fd8-ddc9-4aa0-82b0-f3906039ee75" testId="30ab3285-6a8c-14d2-9725-bd60892ccd90" testName="second_person_tenses_active" computerName="ARPAN-LAP" duration="00:00:00.0216026" startTime="2014-06-29T12:31:32.8972702+05:30" endTime="2014-06-29T12:31:32.9182714+05:30" testType="13cdc9d9-ddb5-4fa4-a97d-d965ccfc6d4b" outcome="Passed" testListId="8c84fa94-04c1-424b-9868-57a2d4851a1d" relativeResultsDirectory="da059fd8-ddc9-4aa0-82b0-f3906039ee75" dataRowInfo="1" resultType="DataDrivenDataRow" />
        <UnitTestResult executionId="03c308c9-b32d-40d8-93b5-4303e6a356bf" parentExecutionId="da059fd8-ddc9-4aa0-82b0-f3906039ee75" testId="30ab3285-6a8c-14d2-9725-bd60892ccd90" testName="second_person_tenses_active" computerName="ARPAN-LAP" duration="00:00:00.0205976" startTime="2014-06-29T12:31:32.9182714+05:30" endTime="2014-06-29T12:31:32.9392726+05:30" testType="13cdc9d9-ddb5-4fa4-a97d-d965ccfc6d4b" outcome="Passed" testListId="8c84fa94-04c1-424b-9868-57a2d4851a1d" relativeResultsDirectory="da059fd8-ddc9-4aa0-82b0-f3906039ee75" dataRowInfo="2" resultType="DataDrivenDataRow" />
        <UnitTestResult executionId="0fd18a4b-c8d2-404e-a31b-f8be14a576b6" parentExecutionId="da059fd8-ddc9-4aa0-82b0-f3906039ee75" testId="30ab3285-6a8c-14d2-9725-bd60892ccd90" testName="second_person_tenses_active" computerName="ARPAN-LAP" duration="00:00:00.0289044" startTime="2014-06-29T12:31:32.9392726+05:30" endTime="2014-06-29T12:31:32.9682743+05:30" testType="13cdc9d9-ddb5-4fa4-a97d-d965ccfc6d4b" outcome="Passed" testListId="8c84fa94-04c1-424b-9868-57a2d4851a1d" relativeResultsDirectory="da059fd8-ddc9-4aa0-82b0-f3906039ee75" dataRowInfo="3" resultType="DataDrivenDataRow" />
        <UnitTestResult executionId="703a8d96-aa67-4d52-8737-0b288dcd1945" parentExecutionId="da059fd8-ddc9-4aa0-82b0-f3906039ee75" testId="30ab3285-6a8c-14d2-9725-bd60892ccd90" testName="second_person_tenses_active" computerName="ARPAN-LAP" duration="00:00:00.0163472" startTime="2014-06-29T12:31:32.9682743+05:30" endTime="2014-06-29T12:31:32.9842752+05:30" testType="13cdc9d9-ddb5-4fa4-a97d-d965ccfc6d4b" outcome="Passed" testListId="8c84fa94-04c1-424b-9868-57a2d4851a1d" relativeResultsDirectory="da059fd8-ddc9-4aa0-82b0-f3906039ee75" dataRowInfo="4" resultType="DataDrivenDataRow" />
        <UnitTestResult executionId="ea9c7232-d798-4b9c-8770-5ab528f5ca60" parentExecutionId="da059fd8-ddc9-4aa0-82b0-f3906039ee75" testId="30ab3285-6a8c-14d2-9725-bd60892ccd90" testName="second_person_tenses_active" computerName="ARPAN-LAP" duration="00:00:00.0191076" startTime="2014-06-29T12:31:32.9842752+05:30" endTime="2014-06-29T12:31:33.0042763+05:30" testType="13cdc9d9-ddb5-4fa4-a97d-d965ccfc6d4b" outcome="Passed" testListId="8c84fa94-04c1-424b-9868-57a2d4851a1d" relativeResultsDirectory="da059fd8-ddc9-4aa0-82b0-f3906039ee75" dataRowInfo="5" resultType="DataDrivenDataRow" />
        <UnitTestResult executionId="4fb48106-bd9d-4b35-8047-282f2465a07c" parentExecutionId="da059fd8-ddc9-4aa0-82b0-f3906039ee75" testId="30ab3285-6a8c-14d2-9725-bd60892ccd90" testName="second_person_tenses_active" computerName="ARPAN-LAP" duration="00:00:00.0190675" startTime="2014-06-29T12:31:33.0042763+05:30" endTime="2014-06-29T12:31:33.0232774+05:30" testType="13cdc9d9-ddb5-4fa4-a97d-d965ccfc6d4b" outcome="Passed" testListId="8c84fa94-04c1-424b-9868-57a2d4851a1d" relativeResultsDirectory="da059fd8-ddc9-4aa0-82b0-f3906039ee75" dataRowInfo="6" resultType="DataDrivenDataRow" />
        <UnitTestResult executionId="90730726-eb1d-48d9-ae49-dfa60ec3db7a" parentExecutionId="da059fd8-ddc9-4aa0-82b0-f3906039ee75" testId="30ab3285-6a8c-14d2-9725-bd60892ccd90" testName="second_person_tenses_active" computerName="ARPAN-LAP" duration="00:00:00.0259202" startTime="2014-06-29T12:31:33.0232774+05:30" endTime="2014-06-29T12:31:33.0492789+05:30" testType="13cdc9d9-ddb5-4fa4-a97d-d965ccfc6d4b" outcome="Passed" testListId="8c84fa94-04c1-424b-9868-57a2d4851a1d" relativeResultsDirectory="da059fd8-ddc9-4aa0-82b0-f3906039ee75" dataRowInfo="7" resultType="DataDrivenDataRow" />
        <UnitTestResult executionId="2f4f2a8d-fd40-4000-9934-bfa0433c0249" parentExecutionId="da059fd8-ddc9-4aa0-82b0-f3906039ee75" testId="30ab3285-6a8c-14d2-9725-bd60892ccd90" testName="second_person_tenses_active" computerName="ARPAN-LAP" duration="00:00:00.0216909" startTime="2014-06-29T12:31:33.0492789+05:30" endTime="2014-06-29T12:31:33.0702801+05:30" testType="13cdc9d9-ddb5-4fa4-a97d-d965ccfc6d4b" outcome="Passed" testListId="8c84fa94-04c1-424b-9868-57a2d4851a1d" relativeResultsDirectory="da059fd8-ddc9-4aa0-82b0-f3906039ee75" dataRowInfo="8" resultType="DataDrivenDataRow" />
        <UnitTestResult executionId="55c0fe61-4f8f-4d87-bdbd-00e35cba2c21" parentExecutionId="da059fd8-ddc9-4aa0-82b0-f3906039ee75" testId="30ab3285-6a8c-14d2-9725-bd60892ccd90" testName="second_person_tenses_active" computerName="ARPAN-LAP" duration="00:00:00.0243491" startTime="2014-06-29T12:31:33.0702801+05:30" endTime="2014-06-29T12:31:33.0952815+05:30" testType="13cdc9d9-ddb5-4fa4-a97d-d965ccfc6d4b" outcome="Passed" testListId="8c84fa94-04c1-424b-9868-57a2d4851a1d" relativeResultsDirectory="da059fd8-ddc9-4aa0-82b0-f3906039ee75" dataRowInfo="9" resultType="DataDrivenDataRow" />
      </InnerResults>
    </UnitTestResult>
    <UnitTestResult executionId="3bbb81d2-b87d-4245-8da8-d2395c549a23" testId="32b5d279-0d23-e5ad-0301-234c8788f740" testName="interrogative_sentences_who" computerName="ARPAN-LAP" duration="00:00:00.0991658" startTime="2014-06-29T12:31:33.1252832+05:30" endTime="2014-06-29T12:31:33.2462902+05:30" testType="13cdc9d9-ddb5-4fa4-a97d-d965ccfc6d4b" outcome="Passed" testListId="8c84fa94-04c1-424b-9868-57a2d4851a1d" relativeResultsDirectory="3bbb81d2-b87d-4245-8da8-d2395c549a23" resultType="DataDrivenTest">
      <Counters error="0" failed="0" timeout="0" aborted="0" inconclusive="0" passedButRunAborted="0" notRunnable="0" notExecuted="0" disconnected="0" warning="0" passed="4" completed="0" inProgress="0" pending="0" />
      <InnerResults>
        <UnitTestResult executionId="d67ded5a-6cb4-4e6c-8f6f-1ad72693adec" parentExecutionId="3bbb81d2-b87d-4245-8da8-d2395c549a23" testId="32b5d279-0d23-e5ad-0301-234c8788f740" testName="interrogative_sentences_who" computerName="ARPAN-LAP" duration="00:00:00.0213839" startTime="2014-06-29T12:31:33.1342838+05:30" endTime="2014-06-29T12:31:33.1562850+05:30" testType="13cdc9d9-ddb5-4fa4-a97d-d965ccfc6d4b" outcome="Passed" testListId="8c84fa94-04c1-424b-9868-57a2d4851a1d" relativeResultsDirectory="3bbb81d2-b87d-4245-8da8-d2395c549a23" dataRowInfo="0" resultType="DataDrivenDataRow" />
        <UnitTestResult executionId="db1e954b-501d-48c9-aba0-57e87b0f7d4f" parentExecutionId="3bbb81d2-b87d-4245-8da8-d2395c549a23" testId="32b5d279-0d23-e5ad-0301-234c8788f740" testName="interrogative_sentences_who" computerName="ARPAN-LAP" duration="00:00:00.0185958" startTime="2014-06-29T12:31:33.1562850+05:30" endTime="2014-06-29T12:31:33.1752861+05:30" testType="13cdc9d9-ddb5-4fa4-a97d-d965ccfc6d4b" outcome="Passed" testListId="8c84fa94-04c1-424b-9868-57a2d4851a1d" relativeResultsDirectory="3bbb81d2-b87d-4245-8da8-d2395c549a23" dataRowInfo="1" resultType="DataDrivenDataRow" />
        <UnitTestResult executionId="91d3009b-3f39-4973-a852-16fe0891eccd" parentExecutionId="3bbb81d2-b87d-4245-8da8-d2395c549a23" testId="32b5d279-0d23-e5ad-0301-234c8788f740" testName="interrogative_sentences_who" computerName="ARPAN-LAP" duration="00:00:00.0259515" startTime="2014-06-29T12:31:33.1752861+05:30" endTime="2014-06-29T12:31:33.2012876+05:30" testType="13cdc9d9-ddb5-4fa4-a97d-d965ccfc6d4b" outcome="Passed" testListId="8c84fa94-04c1-424b-9868-57a2d4851a1d" relativeResultsDirectory="3bbb81d2-b87d-4245-8da8-d2395c549a23" dataRowInfo="2" resultType="DataDrivenDataRow" />
        <UnitTestResult executionId="154e7d5f-a282-49f4-8f96-25c574a085a8" parentExecutionId="3bbb81d2-b87d-4245-8da8-d2395c549a23" testId="32b5d279-0d23-e5ad-0301-234c8788f740" testName="interrogative_sentences_who" computerName="ARPAN-LAP" duration="00:00:00.0313861" startTime="2014-06-29T12:31:33.2012876+05:30" endTime="2014-06-29T12:31:33.2322894+05:30" testType="13cdc9d9-ddb5-4fa4-a97d-d965ccfc6d4b" outcome="Passed" testListId="8c84fa94-04c1-424b-9868-57a2d4851a1d" relativeResultsDirectory="3bbb81d2-b87d-4245-8da8-d2395c549a23" dataRowInfo="3" resultType="DataDrivenDataRow" />
      </InnerResults>
    </UnitTestResult>
    <UnitTestResult executionId="ac38a91c-115b-480d-8e5a-e90baa583759" testId="39dcb97e-c73f-c645-a77c-64d9eba0a3a3" testName="interrogative_sentences_aux" computerName="ARPAN-LAP" duration="00:00:00.5154348" startTime="2014-06-29T12:31:33.2472902+05:30" endTime="2014-06-29T12:31:33.8203230+05:30" testType="13cdc9d9-ddb5-4fa4-a97d-d965ccfc6d4b" outcome="Passed" testListId="8c84fa94-04c1-424b-9868-57a2d4851a1d" relativeResultsDirectory="ac38a91c-115b-480d-8e5a-e90baa583759" resultType="DataDrivenTest">
      <Counters error="0" failed="0" timeout="0" aborted="0" inconclusive="0" passedButRunAborted="0" notRunnable="0" notExecuted="0" disconnected="0" warning="0" passed="20" completed="0" inProgress="0" pending="0" />
      <InnerResults>
        <UnitTestResult executionId="1c677ed1-8584-4690-8ed2-98e391ed6cc7" parentExecutionId="ac38a91c-115b-480d-8e5a-e90baa583759" testId="39dcb97e-c73f-c645-a77c-64d9eba0a3a3" testName="interrogative_sentences_aux" computerName="ARPAN-LAP" duration="00:00:00.0236731" startTime="2014-06-29T12:31:33.2542906+05:30" endTime="2014-06-29T12:31:33.2772919+05:30" testType="13cdc9d9-ddb5-4fa4-a97d-d965ccfc6d4b" outcome="Passed" testListId="8c84fa94-04c1-424b-9868-57a2d4851a1d" relativeResultsDirectory="ac38a91c-115b-480d-8e5a-e90baa583759" dataRowInfo="0" resultType="DataDrivenDataRow" />
        <UnitTestResult executionId="fcd7a04a-a94c-446f-af03-8edaa68f7ed2" parentExecutionId="ac38a91c-115b-480d-8e5a-e90baa583759" testId="39dcb97e-c73f-c645-a77c-64d9eba0a3a3" testName="interrogative_sentences_aux" computerName="ARPAN-LAP" duration="00:00:00.0242547" startTime="2014-06-29T12:31:33.2772919+05:30" endTime="2014-06-29T12:31:33.3022934+05:30" testType="13cdc9d9-ddb5-4fa4-a97d-d965ccfc6d4b" outcome="Passed" testListId="8c84fa94-04c1-424b-9868-57a2d4851a1d" relativeResultsDirectory="ac38a91c-115b-480d-8e5a-e90baa583759" dataRowInfo="1" resultType="DataDrivenDataRow" />
        <UnitTestResult executionId="f8a633ab-74ea-4ec1-bee4-559dc62277fc" parentExecutionId="ac38a91c-115b-480d-8e5a-e90baa583759" testId="39dcb97e-c73f-c645-a77c-64d9eba0a3a3" testName="interrogative_sentences_aux" computerName="ARPAN-LAP" duration="00:00:00.0250138" startTime="2014-06-29T12:31:33.3022934+05:30" endTime="2014-06-29T12:31:33.3272948+05:30" testType="13cdc9d9-ddb5-4fa4-a97d-d965ccfc6d4b" outcome="Passed" testListId="8c84fa94-04c1-424b-9868-57a2d4851a1d" relativeResultsDirectory="ac38a91c-115b-480d-8e5a-e90baa583759" dataRowInfo="2" resultType="DataDrivenDataRow" />
        <UnitTestResult executionId="dcca6318-a3aa-46fc-93e4-69e4b984646f" parentExecutionId="ac38a91c-115b-480d-8e5a-e90baa583759" testId="39dcb97e-c73f-c645-a77c-64d9eba0a3a3" testName="interrogative_sentences_aux" computerName="ARPAN-LAP" duration="00:00:00.0287299" startTime="2014-06-29T12:31:33.3272948+05:30" endTime="2014-06-29T12:31:33.3552964+05:30" testType="13cdc9d9-ddb5-4fa4-a97d-d965ccfc6d4b" outcome="Passed" testListId="8c84fa94-04c1-424b-9868-57a2d4851a1d" relativeResultsDirectory="ac38a91c-115b-480d-8e5a-e90baa583759" dataRowInfo="3" resultType="DataDrivenDataRow" />
        <UnitTestResult executionId="c8fd3971-263b-413f-a0e6-ac773071f5a7" parentExecutionId="ac38a91c-115b-480d-8e5a-e90baa583759" testId="39dcb97e-c73f-c645-a77c-64d9eba0a3a3" testName="interrogative_sentences_aux" computerName="ARPAN-LAP" duration="00:00:00.0225285" startTime="2014-06-29T12:31:33.3552964+05:30" endTime="2014-06-29T12:31:33.3782977+05:30" testType="13cdc9d9-ddb5-4fa4-a97d-d965ccfc6d4b" outcome="Passed" testListId="8c84fa94-04c1-424b-9868-57a2d4851a1d" relativeResultsDirectory="ac38a91c-115b-480d-8e5a-e90baa583759" dataRowInfo="4" resultType="DataDrivenDataRow" />
        <UnitTestResult executionId="ed2e7f91-d63d-4993-be88-249270bc4378" parentExecutionId="ac38a91c-115b-480d-8e5a-e90baa583759" testId="39dcb97e-c73f-c645-a77c-64d9eba0a3a3" testName="interrogative_sentences_aux" computerName="ARPAN-LAP" duration="00:00:00.0229237" startTime="2014-06-29T12:31:33.3782977+05:30" endTime="2014-06-29T12:31:33.4012990+05:30" testType="13cdc9d9-ddb5-4fa4-a97d-d965ccfc6d4b" outcome="Passed" testListId="8c84fa94-04c1-424b-9868-57a2d4851a1d" relativeResultsDirectory="ac38a91c-115b-480d-8e5a-e90baa583759" dataRowInfo="5" resultType="DataDrivenDataRow" />
        <UnitTestResult executionId="7c524917-46d4-4ebe-8f92-0fa323b97f6e" parentExecutionId="ac38a91c-115b-480d-8e5a-e90baa583759" testId="39dcb97e-c73f-c645-a77c-64d9eba0a3a3" testName="interrogative_sentences_aux" computerName="ARPAN-LAP" duration="00:00:00.0243861" startTime="2014-06-29T12:31:33.4012990+05:30" endTime="2014-06-29T12:31:33.4253004+05:30" testType="13cdc9d9-ddb5-4fa4-a97d-d965ccfc6d4b" outcome="Passed" testListId="8c84fa94-04c1-424b-9868-57a2d4851a1d" relativeResultsDirectory="ac38a91c-115b-480d-8e5a-e90baa583759" dataRowInfo="6" resultType="DataDrivenDataRow" />
        <UnitTestResult executionId="63c7d92e-8724-45a8-b808-bc50dc87eabb" parentExecutionId="ac38a91c-115b-480d-8e5a-e90baa583759" testId="39dcb97e-c73f-c645-a77c-64d9eba0a3a3" testName="interrogative_sentences_aux" computerName="ARPAN-LAP" duration="00:00:00.0407620" startTime="2014-06-29T12:31:33.4253004+05:30" endTime="2014-06-29T12:31:33.4663027+05:30" testType="13cdc9d9-ddb5-4fa4-a97d-d965ccfc6d4b" outcome="Passed" testListId="8c84fa94-04c1-424b-9868-57a2d4851a1d" relativeResultsDirectory="ac38a91c-115b-480d-8e5a-e90baa583759" dataRowInfo="7" resultType="DataDrivenDataRow" />
        <UnitTestResult executionId="b94bbf51-cbdb-4b5c-b978-f927780e7b58" parentExecutionId="ac38a91c-115b-480d-8e5a-e90baa583759" testId="39dcb97e-c73f-c645-a77c-64d9eba0a3a3" testName="interrogative_sentences_aux" computerName="ARPAN-LAP" duration="00:00:00.0237640" startTime="2014-06-29T12:31:33.4663027+05:30" endTime="2014-06-29T12:31:33.4903041+05:30" testType="13cdc9d9-ddb5-4fa4-a97d-d965ccfc6d4b" outcome="Passed" testListId="8c84fa94-04c1-424b-9868-57a2d4851a1d" relativeResultsDirectory="ac38a91c-115b-480d-8e5a-e90baa583759" dataRowInfo="8" resultType="DataDrivenDataRow" />
        <UnitTestResult executionId="b0774acf-7c27-49e8-8435-2a1c56a7cf10" parentExecutionId="ac38a91c-115b-480d-8e5a-e90baa583759" testId="39dcb97e-c73f-c645-a77c-64d9eba0a3a3" testName="interrogative_sentences_aux" computerName="ARPAN-LAP" duration="00:00:00.0606170" startTime="2014-06-29T12:31:33.4903041+05:30" endTime="2014-06-29T12:31:33.5513076+05:30" testType="13cdc9d9-ddb5-4fa4-a97d-d965ccfc6d4b" outcome="Passed" testListId="8c84fa94-04c1-424b-9868-57a2d4851a1d" relativeResultsDirectory="ac38a91c-115b-480d-8e5a-e90baa583759" dataRowInfo="9" resultType="DataDrivenDataRow" />
        <UnitTestResult executionId="dfb151ea-4043-4d9b-94fe-8fcfc7a68ba5" parentExecutionId="ac38a91c-115b-480d-8e5a-e90baa583759" testId="39dcb97e-c73f-c645-a77c-64d9eba0a3a3" testName="interrogative_sentences_aux" computerName="ARPAN-LAP" duration="00:00:00.0218531" startTime="2014-06-29T12:31:33.5513076+05:30" endTime="2014-06-29T12:31:33.5733089+05:30" testType="13cdc9d9-ddb5-4fa4-a97d-d965ccfc6d4b" outcome="Passed" testListId="8c84fa94-04c1-424b-9868-57a2d4851a1d" relativeResultsDirectory="ac38a91c-115b-480d-8e5a-e90baa583759" dataRowInfo="10" resultType="DataDrivenDataRow" />
        <UnitTestResult executionId="85c3f88c-bb25-46f7-a592-648ee37c0de1" parentExecutionId="ac38a91c-115b-480d-8e5a-e90baa583759" testId="39dcb97e-c73f-c645-a77c-64d9eba0a3a3" testName="interrogative_sentences_aux" computerName="ARPAN-LAP" duration="00:00:00.0190136" startTime="2014-06-29T12:31:33.5733089+05:30" endTime="2014-06-29T12:31:33.5923099+05:30" testType="13cdc9d9-ddb5-4fa4-a97d-d965ccfc6d4b" outcome="Passed" testListId="8c84fa94-04c1-424b-9868-57a2d4851a1d" relativeResultsDirectory="ac38a91c-115b-480d-8e5a-e90baa583759" dataRowInfo="11" resultType="DataDrivenDataRow" />
        <UnitTestResult executionId="14e64b7a-bff0-45de-a331-8ca050518ed7" parentExecutionId="ac38a91c-115b-480d-8e5a-e90baa583759" testId="39dcb97e-c73f-c645-a77c-64d9eba0a3a3" testName="interrogative_sentences_aux" computerName="ARPAN-LAP" duration="00:00:00.0183274" startTime="2014-06-29T12:31:33.5923099+05:30" endTime="2014-06-29T12:31:33.6103110+05:30" testType="13cdc9d9-ddb5-4fa4-a97d-d965ccfc6d4b" outcome="Passed" testListId="8c84fa94-04c1-424b-9868-57a2d4851a1d" relativeResultsDirectory="ac38a91c-115b-480d-8e5a-e90baa583759" dataRowInfo="12" resultType="DataDrivenDataRow" />
        <UnitTestResult executionId="3e2c9c2e-5f82-4013-a3c0-c3fee08f8436" parentExecutionId="ac38a91c-115b-480d-8e5a-e90baa583759" testId="39dcb97e-c73f-c645-a77c-64d9eba0a3a3" testName="interrogative_sentences_aux" computerName="ARPAN-LAP" duration="00:00:00.0257796" startTime="2014-06-29T12:31:33.6103110+05:30" endTime="2014-06-29T12:31:33.6363125+05:30" testType="13cdc9d9-ddb5-4fa4-a97d-d965ccfc6d4b" outcome="Passed" testListId="8c84fa94-04c1-424b-9868-57a2d4851a1d" relativeResultsDirectory="ac38a91c-115b-480d-8e5a-e90baa583759" dataRowInfo="13" resultType="DataDrivenDataRow" />
        <UnitTestResult executionId="e13fdd46-1a31-45eb-8813-acb1d3bba515" parentExecutionId="ac38a91c-115b-480d-8e5a-e90baa583759" testId="39dcb97e-c73f-c645-a77c-64d9eba0a3a3" testName="interrogative_sentences_aux" computerName="ARPAN-LAP" duration="00:00:00.0184244" startTime="2014-06-29T12:31:33.6363125+05:30" endTime="2014-06-29T12:31:33.6543135+05:30" testType="13cdc9d9-ddb5-4fa4-a97d-d965ccfc6d4b" outcome="Passed" testListId="8c84fa94-04c1-424b-9868-57a2d4851a1d" relativeResultsDirectory="ac38a91c-115b-480d-8e5a-e90baa583759" dataRowInfo="14" resultType="DataDrivenDataRow" />
        <UnitTestResult executionId="11293430-53f3-4b56-8a20-8ee18828bbba" parentExecutionId="ac38a91c-115b-480d-8e5a-e90baa583759" testId="39dcb97e-c73f-c645-a77c-64d9eba0a3a3" testName="interrogative_sentences_aux" computerName="ARPAN-LAP" duration="00:00:00.0225249" startTime="2014-06-29T12:31:33.6543135+05:30" endTime="2014-06-29T12:31:33.6773148+05:30" testType="13cdc9d9-ddb5-4fa4-a97d-d965ccfc6d4b" outcome="Passed" testListId="8c84fa94-04c1-424b-9868-57a2d4851a1d" relativeResultsDirectory="ac38a91c-115b-480d-8e5a-e90baa583759" dataRowInfo="15" resultType="DataDrivenDataRow" />
        <UnitTestResult executionId="d6d581a4-2587-4d1b-a049-4330001a36c3" parentExecutionId="ac38a91c-115b-480d-8e5a-e90baa583759" testId="39dcb97e-c73f-c645-a77c-64d9eba0a3a3" testName="interrogative_sentences_aux" computerName="ARPAN-LAP" duration="00:00:00.0193488" startTime="2014-06-29T12:31:33.6773148+05:30" endTime="2014-06-29T12:31:33.6963159+05:30" testType="13cdc9d9-ddb5-4fa4-a97d-d965ccfc6d4b" outcome="Passed" testListId="8c84fa94-04c1-424b-9868-57a2d4851a1d" relativeResultsDirectory="ac38a91c-115b-480d-8e5a-e90baa583759" dataRowInfo="16" resultType="DataDrivenDataRow" />
        <UnitTestResult executionId="cc36d72f-af76-4f0a-8858-86cfcfe1eb96" parentExecutionId="ac38a91c-115b-480d-8e5a-e90baa583759" testId="39dcb97e-c73f-c645-a77c-64d9eba0a3a3" testName="interrogative_sentences_aux" computerName="ARPAN-LAP" duration="00:00:00.0271634" startTime="2014-06-29T12:31:33.6963159+05:30" endTime="2014-06-29T12:31:33.7243175+05:30" testType="13cdc9d9-ddb5-4fa4-a97d-d965ccfc6d4b" outcome="Passed" testListId="8c84fa94-04c1-424b-9868-57a2d4851a1d" relativeResultsDirectory="ac38a91c-115b-480d-8e5a-e90baa583759" dataRowInfo="17" resultType="DataDrivenDataRow" />
        <UnitTestResult executionId="3b7efabe-0bbb-4764-ad78-14dc2628cd65" parentExecutionId="ac38a91c-115b-480d-8e5a-e90baa583759" testId="39dcb97e-c73f-c645-a77c-64d9eba0a3a3" testName="interrogative_sentences_aux" computerName="ARPAN-LAP" duration="00:00:00.0177027" startTime="2014-06-29T12:31:33.7243175+05:30" endTime="2014-06-29T12:31:33.7413185+05:30" testType="13cdc9d9-ddb5-4fa4-a97d-d965ccfc6d4b" outcome="Passed" testListId="8c84fa94-04c1-424b-9868-57a2d4851a1d" relativeResultsDirectory="ac38a91c-115b-480d-8e5a-e90baa583759" dataRowInfo="18" resultType="DataDrivenDataRow" />
        <UnitTestResult executionId="05bfdbce-6683-42ca-8d1e-d9027e6db64c" parentExecutionId="ac38a91c-115b-480d-8e5a-e90baa583759" testId="39dcb97e-c73f-c645-a77c-64d9eba0a3a3" testName="interrogative_sentences_aux" computerName="ARPAN-LAP" duration="00:00:00.0237691" startTime="2014-06-29T12:31:33.7413185+05:30" endTime="2014-06-29T12:31:33.7653198+05:30" testType="13cdc9d9-ddb5-4fa4-a97d-d965ccfc6d4b" outcome="Passed" testListId="8c84fa94-04c1-424b-9868-57a2d4851a1d" relativeResultsDirectory="ac38a91c-115b-480d-8e5a-e90baa583759" dataRowInfo="19" resultType="DataDrivenDataRow" />
      </InnerResults>
    </UnitTestResult>
    <UnitTestResult executionId="3d2d4150-3770-4829-b545-f6f96f680120" testId="4e91a3b9-9eae-ebff-0b97-303f00578a78" testName="interrogative_sentences_whom" computerName="ARPAN-LAP" duration="00:00:00.0630114" startTime="2014-06-29T12:31:33.8293235+05:30" endTime="2014-06-29T12:31:33.9113282+05:30" testType="13cdc9d9-ddb5-4fa4-a97d-d965ccfc6d4b" outcome="Passed" testListId="8c84fa94-04c1-424b-9868-57a2d4851a1d" relativeResultsDirectory="3d2d4150-3770-4829-b545-f6f96f680120" resultType="DataDrivenTest">
      <Counters error="0" failed="0" timeout="0" aborted="0" inconclusive="0" passedButRunAborted="0" notRunnable="0" notExecuted="0" disconnected="0" warning="0" passed="2" completed="0" inProgress="0" pending="0" />
      <InnerResults>
        <UnitTestResult executionId="57973d0c-d8a1-45c4-90da-2780997d5c14" parentExecutionId="3d2d4150-3770-4829-b545-f6f96f680120" testId="4e91a3b9-9eae-ebff-0b97-303f00578a78" testName="interrogative_sentences_whom" computerName="ARPAN-LAP" duration="00:00:00.0331538" startTime="2014-06-29T12:31:33.8403241+05:30" endTime="2014-06-29T12:31:33.8743261+05:30" testType="13cdc9d9-ddb5-4fa4-a97d-d965ccfc6d4b" outcome="Passed" testListId="8c84fa94-04c1-424b-9868-57a2d4851a1d" relativeResultsDirectory="3d2d4150-3770-4829-b545-f6f96f680120" dataRowInfo="0" resultType="DataDrivenDataRow" />
        <UnitTestResult executionId="af9af4c9-e647-4d67-9f80-0e5ac2553a08" parentExecutionId="3d2d4150-3770-4829-b545-f6f96f680120" testId="4e91a3b9-9eae-ebff-0b97-303f00578a78" testName="interrogative_sentences_whom" computerName="ARPAN-LAP" duration="00:00:00.0281288" startTime="2014-06-29T12:31:33.8743261+05:30" endTime="2014-06-29T12:31:33.9023277+05:30" testType="13cdc9d9-ddb5-4fa4-a97d-d965ccfc6d4b" outcome="Passed" testListId="8c84fa94-04c1-424b-9868-57a2d4851a1d" relativeResultsDirectory="3d2d4150-3770-4829-b545-f6f96f680120" dataRowInfo="1" resultType="DataDrivenDataRow" />
      </InnerResults>
    </UnitTestResult>
    <UnitTestResult executionId="c8f19613-fca5-40b6-881a-b1c153f80541" testId="533e7939-123c-ce84-5c5c-d5a21d1d95b9" testName="special_handling_do_verb" computerName="ARPAN-LAP" duration="00:00:00.3629892" startTime="2014-06-29T12:31:33.9123283+05:30" endTime="2014-06-29T12:31:34.3163514+05:30" testType="13cdc9d9-ddb5-4fa4-a97d-d965ccfc6d4b" outcome="Passed" testListId="8c84fa94-04c1-424b-9868-57a2d4851a1d" relativeResultsDirectory="c8f19613-fca5-40b6-881a-b1c153f80541" resultType="DataDrivenTest">
      <Counters error="0" failed="0" timeout="0" aborted="0" inconclusive="0" passedButRunAborted="0" notRunnable="0" notExecuted="0" disconnected="0" warning="0" passed="13" completed="0" inProgress="0" pending="0" />
      <InnerResults>
        <UnitTestResult executionId="13e14217-09e2-4435-b4ce-9c30f3aba6e4" parentExecutionId="c8f19613-fca5-40b6-881a-b1c153f80541" testId="533e7939-123c-ce84-5c5c-d5a21d1d95b9" testName="special_handling_do_verb" computerName="ARPAN-LAP" duration="00:00:00.0222981" startTime="2014-06-29T12:31:33.9183286+05:30" endTime="2014-06-29T12:31:33.9403299+05:30" testType="13cdc9d9-ddb5-4fa4-a97d-d965ccfc6d4b" outcome="Passed" testListId="8c84fa94-04c1-424b-9868-57a2d4851a1d" relativeResultsDirectory="c8f19613-fca5-40b6-881a-b1c153f80541" dataRowInfo="0" resultType="DataDrivenDataRow" />
        <UnitTestResult executionId="d4a9ee2d-c988-42e3-b145-70756fbc30f6" parentExecutionId="c8f19613-fca5-40b6-881a-b1c153f80541" testId="533e7939-123c-ce84-5c5c-d5a21d1d95b9" testName="special_handling_do_verb" computerName="ARPAN-LAP" duration="00:00:00.0246227" startTime="2014-06-29T12:31:33.9413299+05:30" endTime="2014-06-29T12:31:33.9653313+05:30" testType="13cdc9d9-ddb5-4fa4-a97d-d965ccfc6d4b" outcome="Passed" testListId="8c84fa94-04c1-424b-9868-57a2d4851a1d" relativeResultsDirectory="c8f19613-fca5-40b6-881a-b1c153f80541" dataRowInfo="1" resultType="DataDrivenDataRow" />
        <UnitTestResult executionId="8651376f-8402-44e3-a763-6140572215c7" parentExecutionId="c8f19613-fca5-40b6-881a-b1c153f80541" testId="533e7939-123c-ce84-5c5c-d5a21d1d95b9" testName="special_handling_do_verb" computerName="ARPAN-LAP" duration="00:00:00.0309837" startTime="2014-06-29T12:31:33.9653313+05:30" endTime="2014-06-29T12:31:33.9963331+05:30" testType="13cdc9d9-ddb5-4fa4-a97d-d965ccfc6d4b" outcome="Passed" testListId="8c84fa94-04c1-424b-9868-57a2d4851a1d" relativeResultsDirectory="c8f19613-fca5-40b6-881a-b1c153f80541" dataRowInfo="2" resultType="DataDrivenDataRow" />
        <UnitTestResult executionId="e93e3a65-9987-4a5e-9f0f-27b24a9b6153" parentExecutionId="c8f19613-fca5-40b6-881a-b1c153f80541" testId="533e7939-123c-ce84-5c5c-d5a21d1d95b9" testName="special_handling_do_verb" computerName="ARPAN-LAP" duration="00:00:00.0347265" startTime="2014-06-29T12:31:33.9963331+05:30" endTime="2014-06-29T12:31:34.0313351+05:30" testType="13cdc9d9-ddb5-4fa4-a97d-d965ccfc6d4b" outcome="Passed" testListId="8c84fa94-04c1-424b-9868-57a2d4851a1d" relativeResultsDirectory="c8f19613-fca5-40b6-881a-b1c153f80541" dataRowInfo="3" resultType="DataDrivenDataRow" />
        <UnitTestResult executionId="25a07025-7e87-416f-a178-38fd01488edb" parentExecutionId="c8f19613-fca5-40b6-881a-b1c153f80541" testId="533e7939-123c-ce84-5c5c-d5a21d1d95b9" testName="special_handling_do_verb" computerName="ARPAN-LAP" duration="00:00:00.0220825" startTime="2014-06-29T12:31:34.0313351+05:30" endTime="2014-06-29T12:31:34.0533363+05:30" testType="13cdc9d9-ddb5-4fa4-a97d-d965ccfc6d4b" outcome="Passed" testListId="8c84fa94-04c1-424b-9868-57a2d4851a1d" relativeResultsDirectory="c8f19613-fca5-40b6-881a-b1c153f80541" dataRowInfo="4" resultType="DataDrivenDataRow" />
        <UnitTestResult executionId="6aa1fb00-928c-4372-8b99-807ba37a3ba9" parentExecutionId="c8f19613-fca5-40b6-881a-b1c153f80541" testId="533e7939-123c-ce84-5c5c-d5a21d1d95b9" testName="special_handling_do_verb" computerName="ARPAN-LAP" duration="00:00:00.0262164" startTime="2014-06-29T12:31:34.0533363+05:30" endTime="2014-06-29T12:31:34.0793378+05:30" testType="13cdc9d9-ddb5-4fa4-a97d-d965ccfc6d4b" outcome="Passed" testListId="8c84fa94-04c1-424b-9868-57a2d4851a1d" relativeResultsDirectory="c8f19613-fca5-40b6-881a-b1c153f80541" dataRowInfo="5" resultType="DataDrivenDataRow" />
        <UnitTestResult executionId="fabe5c8b-dd92-435e-96e7-8633bf898981" parentExecutionId="c8f19613-fca5-40b6-881a-b1c153f80541" testId="533e7939-123c-ce84-5c5c-d5a21d1d95b9" testName="special_handling_do_verb" computerName="ARPAN-LAP" duration="00:00:00.0252612" startTime="2014-06-29T12:31:34.0793378+05:30" endTime="2014-06-29T12:31:34.1053393+05:30" testType="13cdc9d9-ddb5-4fa4-a97d-d965ccfc6d4b" outcome="Passed" testListId="8c84fa94-04c1-424b-9868-57a2d4851a1d" relativeResultsDirectory="c8f19613-fca5-40b6-881a-b1c153f80541" dataRowInfo="6" resultType="DataDrivenDataRow" />
        <UnitTestResult executionId="dd88028d-98ce-4384-ac6f-e7710f04e6b2" parentExecutionId="c8f19613-fca5-40b6-881a-b1c153f80541" testId="533e7939-123c-ce84-5c5c-d5a21d1d95b9" testName="special_handling_do_verb" computerName="ARPAN-LAP" duration="00:00:00.0292406" startTime="2014-06-29T12:31:34.1053393+05:30" endTime="2014-06-29T12:31:34.1343410+05:30" testType="13cdc9d9-ddb5-4fa4-a97d-d965ccfc6d4b" outcome="Passed" testListId="8c84fa94-04c1-424b-9868-57a2d4851a1d" relativeResultsDirectory="c8f19613-fca5-40b6-881a-b1c153f80541" dataRowInfo="7" resultType="DataDrivenDataRow" />
        <UnitTestResult executionId="40603571-e013-48b1-84c0-2778403da1d8" parentExecutionId="c8f19613-fca5-40b6-881a-b1c153f80541" testId="533e7939-123c-ce84-5c5c-d5a21d1d95b9" testName="special_handling_do_verb" computerName="ARPAN-LAP" duration="00:00:00.0230259" startTime="2014-06-29T12:31:34.1343410+05:30" endTime="2014-06-29T12:31:34.1573423+05:30" testType="13cdc9d9-ddb5-4fa4-a97d-d965ccfc6d4b" outcome="Passed" testListId="8c84fa94-04c1-424b-9868-57a2d4851a1d" relativeResultsDirectory="c8f19613-fca5-40b6-881a-b1c153f80541" dataRowInfo="8" resultType="DataDrivenDataRow" />
        <UnitTestResult executionId="c19e0a95-339f-461a-8072-930d36b293a1" parentExecutionId="c8f19613-fca5-40b6-881a-b1c153f80541" testId="533e7939-123c-ce84-5c5c-d5a21d1d95b9" testName="special_handling_do_verb" computerName="ARPAN-LAP" duration="00:00:00.0380971" startTime="2014-06-29T12:31:34.1573423+05:30" endTime="2014-06-29T12:31:34.1953444+05:30" testType="13cdc9d9-ddb5-4fa4-a97d-d965ccfc6d4b" outcome="Passed" testListId="8c84fa94-04c1-424b-9868-57a2d4851a1d" relativeResultsDirectory="c8f19613-fca5-40b6-881a-b1c153f80541" dataRowInfo="9" resultType="DataDrivenDataRow" />
        <UnitTestResult executionId="92448503-6508-46d2-b7c6-6c6d0d9dd983" parentExecutionId="c8f19613-fca5-40b6-881a-b1c153f80541" testId="533e7939-123c-ce84-5c5c-d5a21d1d95b9" testName="special_handling_do_verb" computerName="ARPAN-LAP" duration="00:00:00.0225876" startTime="2014-06-29T12:31:34.1953444+05:30" endTime="2014-06-29T12:31:34.2183458+05:30" testType="13cdc9d9-ddb5-4fa4-a97d-d965ccfc6d4b" outcome="Passed" testListId="8c84fa94-04c1-424b-9868-57a2d4851a1d" relativeResultsDirectory="c8f19613-fca5-40b6-881a-b1c153f80541" dataRowInfo="10" resultType="DataDrivenDataRow" />
        <UnitTestResult executionId="1f25c812-4237-431d-b478-005aa56c9057" parentExecutionId="c8f19613-fca5-40b6-881a-b1c153f80541" testId="533e7939-123c-ce84-5c5c-d5a21d1d95b9" testName="special_handling_do_verb" computerName="ARPAN-LAP" duration="00:00:00.0310786" startTime="2014-06-29T12:31:34.2183458+05:30" endTime="2014-06-29T12:31:34.2493475+05:30" testType="13cdc9d9-ddb5-4fa4-a97d-d965ccfc6d4b" outcome="Passed" testListId="8c84fa94-04c1-424b-9868-57a2d4851a1d" relativeResultsDirectory="c8f19613-fca5-40b6-881a-b1c153f80541" dataRowInfo="11" resultType="DataDrivenDataRow" />
        <UnitTestResult executionId="1509ab70-c733-44fa-bebf-0b0a7e753e96" parentExecutionId="c8f19613-fca5-40b6-881a-b1c153f80541" testId="533e7939-123c-ce84-5c5c-d5a21d1d95b9" testName="special_handling_do_verb" computerName="ARPAN-LAP" duration="00:00:00.0293489" startTime="2014-06-29T12:31:34.2493475+05:30" endTime="2014-06-29T12:31:34.2783492+05:30" testType="13cdc9d9-ddb5-4fa4-a97d-d965ccfc6d4b" outcome="Passed" testListId="8c84fa94-04c1-424b-9868-57a2d4851a1d" relativeResultsDirectory="c8f19613-fca5-40b6-881a-b1c153f80541" dataRowInfo="12" resultType="DataDrivenDataRow" />
      </InnerResults>
    </UnitTestResult>
    <UnitTestResult executionId="a44279c8-99f1-4890-ac94-b2434ee44e7c" testId="642ce34f-0ed4-f995-637b-09297c832f2a" testName="RandomWord" computerName="ARPAN-LAP" duration="00:00:00.2103012" startTime="2014-06-29T12:31:34.3173514+05:30" endTime="2014-06-29T12:31:34.5423643+05:30" testType="13cdc9d9-ddb5-4fa4-a97d-d965ccfc6d4b" outcome="Failed" testListId="8c84fa94-04c1-424b-9868-57a2d4851a1d" relativeResultsDirectory="a44279c8-99f1-4890-ac94-b2434ee44e7c" resultType="DataDrivenTest">
      <Counters error="0" failed="1" timeout="0" aborted="0" inconclusive="0" passedButRunAborted="0" notRunnable="0" notExecuted="0" disconnected="0" warning="0" passed="0" completed="0" inProgress="0" pending="0" />
      <InnerResults>
        <UnitTestResult executionId="f4881245-eb22-44ef-af30-b6912b95649c" parentExecutionId="a44279c8-99f1-4890-ac94-b2434ee44e7c" testId="642ce34f-0ed4-f995-637b-09297c832f2a" testName="RandomWord" computerName="ARPAN-LAP" duration="00:00:00.1447558" startTime="2014-06-29T12:31:34.3903556+05:30" endTime="2014-06-29T12:31:34.5353639+05:30" testType="13cdc9d9-ddb5-4fa4-a97d-d965ccfc6d4b" outcome="Failed" testListId="8c84fa94-04c1-424b-9868-57a2d4851a1d" relativeResultsDirectory="a44279c8-99f1-4890-ac94-b2434ee44e7c" dataRowInfo="0" resultType="DataDrivenDataRow">
          <Output>
            <ErrorInfo>
              <Message>Assert.AreEqual failed. Expected:&lt;পূর্ব সলোমন এর নৌ যুদ্ধ ২৪–২৫ অগষ্ট ১৯৪২ য়ে স্থান গ্রহণ করেছিল , এবং দ্বিতীয় বিশ্ব যুদ্ধ এর প্রশান্ত মহাসাগর সংগঠিত প্রচারকার্য এর তৃতীয় যুদ্ধ বাহক ।&gt;. Actual:&lt;পূর্ব সলোমন এর নৌ যুদ্ধ ২৪–২৫ অগষ্ট ১৯৪২ য়ে স্থান গ্রহণ করেছিল , এবং দ্বিতীয় বিশ্ব যুদ্ধ এর pacific:NP সংগঠিত প্রচারকার্য এর তৃতীয় যুদ্ধ বাহক ।&gt;. The naval Battle of the Eastern Solomons took place on 24–25 August 1942, and was the third carrier battle of the Pacific campaign of second World War.</Message>
              <StackTrace>   at UnitTest.BnlpTest.RandomWord() in D:\software\Project\BNLP\UnitTest\BnlpTest.cs:line 526
</StackTrace>
            </ErrorInfo>
          </Output>
        </UnitTestResult>
      </InnerResults>
    </UnitTestResult>
    <UnitTestResult executionId="6abfe2a4-023d-4d83-b4ef-9ae57c735451" testId="783915fe-114a-e353-78dd-56e92a60f942" testName="all_persons_modal_should" computerName="ARPAN-LAP" duration="00:00:00.4692937" startTime="2014-06-29T12:31:34.5433643+05:30" endTime="2014-06-29T12:31:35.0703945+05:30" testType="13cdc9d9-ddb5-4fa4-a97d-d965ccfc6d4b" outcome="Passed" testListId="8c84fa94-04c1-424b-9868-57a2d4851a1d" relativeResultsDirectory="6abfe2a4-023d-4d83-b4ef-9ae57c735451" resultType="DataDrivenTest">
      <Counters error="0" failed="0" timeout="0" aborted="0" inconclusive="0" passedButRunAborted="0" notRunnable="0" notExecuted="0" disconnected="0" warning="0" passed="17" completed="0" inProgress="0" pending="0" />
      <InnerResults>
        <UnitTestResult executionId="cab36e59-9920-4058-95aa-af4cab3b68b3" parentExecutionId="6abfe2a4-023d-4d83-b4ef-9ae57c735451" testId="783915fe-114a-e353-78dd-56e92a60f942" testName="all_persons_modal_should" computerName="ARPAN-LAP" duration="00:00:00.0263899" startTime="2014-06-29T12:31:34.5543650+05:30" endTime="2014-06-29T12:31:34.5803665+05:30" testType="13cdc9d9-ddb5-4fa4-a97d-d965ccfc6d4b" outcome="Passed" testListId="8c84fa94-04c1-424b-9868-57a2d4851a1d" relativeResultsDirectory="6abfe2a4-023d-4d83-b4ef-9ae57c735451" dataRowInfo="0" resultType="DataDrivenDataRow" />
        <UnitTestResult executionId="0d98387a-4324-410c-a6a8-7084414362e8" parentExecutionId="6abfe2a4-023d-4d83-b4ef-9ae57c735451" testId="783915fe-114a-e353-78dd-56e92a60f942" testName="all_persons_modal_should" computerName="ARPAN-LAP" duration="00:00:00.0290230" startTime="2014-06-29T12:31:34.5803665+05:30" endTime="2014-06-29T12:31:34.6093681+05:30" testType="13cdc9d9-ddb5-4fa4-a97d-d965ccfc6d4b" outcome="Passed" testListId="8c84fa94-04c1-424b-9868-57a2d4851a1d" relativeResultsDirectory="6abfe2a4-023d-4d83-b4ef-9ae57c735451" dataRowInfo="1" resultType="DataDrivenDataRow" />
        <UnitTestResult executionId="ad0a65a7-2bbd-49d1-b05f-e98487948931" parentExecutionId="6abfe2a4-023d-4d83-b4ef-9ae57c735451" testId="783915fe-114a-e353-78dd-56e92a60f942" testName="all_persons_modal_should" computerName="ARPAN-LAP" duration="00:00:00.0316047" startTime="2014-06-29T12:31:34.6093681+05:30" endTime="2014-06-29T12:31:34.6413700+05:30" testType="13cdc9d9-ddb5-4fa4-a97d-d965ccfc6d4b" outcome="Passed" testListId="8c84fa94-04c1-424b-9868-57a2d4851a1d" relativeResultsDirectory="6abfe2a4-023d-4d83-b4ef-9ae57c735451" dataRowInfo="2" resultType="DataDrivenDataRow" />
        <UnitTestResult executionId="be9e734b-547a-45bc-9e0b-b7c486648470" parentExecutionId="6abfe2a4-023d-4d83-b4ef-9ae57c735451" testId="783915fe-114a-e353-78dd-56e92a60f942" testName="all_persons_modal_should" computerName="ARPAN-LAP" duration="00:00:00.0361575" startTime="2014-06-29T12:31:34.6413700+05:30" endTime="2014-06-29T12:31:34.6773720+05:30" testType="13cdc9d9-ddb5-4fa4-a97d-d965ccfc6d4b" outcome="Passed" testListId="8c84fa94-04c1-424b-9868-57a2d4851a1d" relativeResultsDirectory="6abfe2a4-023d-4d83-b4ef-9ae57c735451" dataRowInfo="3" resultType="DataDrivenDataRow" />
        <UnitTestResult executionId="e4eb0897-ccf3-4948-867c-09b66f9ccc37" parentExecutionId="6abfe2a4-023d-4d83-b4ef-9ae57c735451" testId="783915fe-114a-e353-78dd-56e92a60f942" testName="all_persons_modal_should" computerName="ARPAN-LAP" duration="00:00:00.0202712" startTime="2014-06-29T12:31:34.6773720+05:30" endTime="2014-06-29T12:31:34.6973732+05:30" testType="13cdc9d9-ddb5-4fa4-a97d-d965ccfc6d4b" outcome="Passed" testListId="8c84fa94-04c1-424b-9868-57a2d4851a1d" relativeResultsDirectory="6abfe2a4-023d-4d83-b4ef-9ae57c735451" dataRowInfo="4" resultType="DataDrivenDataRow" />
        <UnitTestResult executionId="4c50927d-14b1-482a-b40d-16675a0aae12" parentExecutionId="6abfe2a4-023d-4d83-b4ef-9ae57c735451" testId="783915fe-114a-e353-78dd-56e92a60f942" testName="all_persons_modal_should" computerName="ARPAN-LAP" duration="00:00:00.0254295" startTime="2014-06-29T12:31:34.6973732+05:30" endTime="2014-06-29T12:31:34.7233746+05:30" testType="13cdc9d9-ddb5-4fa4-a97d-d965ccfc6d4b" outcome="Passed" testListId="8c84fa94-04c1-424b-9868-57a2d4851a1d" relativeResultsDirectory="6abfe2a4-023d-4d83-b4ef-9ae57c735451" dataRowInfo="5" resultType="DataDrivenDataRow" />
        <UnitTestResult executionId="0b897ccb-c883-4bf4-b68f-26d458467f8a" parentExecutionId="6abfe2a4-023d-4d83-b4ef-9ae57c735451" testId="783915fe-114a-e353-78dd-56e92a60f942" testName="all_persons_modal_should" computerName="ARPAN-LAP" duration="00:00:00.0259146" startTime="2014-06-29T12:31:34.7233746+05:30" endTime="2014-06-29T12:31:34.7493761+05:30" testType="13cdc9d9-ddb5-4fa4-a97d-d965ccfc6d4b" outcome="Passed" testListId="8c84fa94-04c1-424b-9868-57a2d4851a1d" relativeResultsDirectory="6abfe2a4-023d-4d83-b4ef-9ae57c735451" dataRowInfo="6" resultType="DataDrivenDataRow" />
        <UnitTestResult executionId="cb473956-bfb7-46e7-a4dc-03cec4db24f3" parentExecutionId="6abfe2a4-023d-4d83-b4ef-9ae57c735451" testId="783915fe-114a-e353-78dd-56e92a60f942" testName="all_persons_modal_should" computerName="ARPAN-LAP" duration="00:00:00.0312542" startTime="2014-06-29T12:31:34.7493761+05:30" endTime="2014-06-29T12:31:34.7803779+05:30" testType="13cdc9d9-ddb5-4fa4-a97d-d965ccfc6d4b" outcome="Passed" testListId="8c84fa94-04c1-424b-9868-57a2d4851a1d" relativeResultsDirectory="6abfe2a4-023d-4d83-b4ef-9ae57c735451" dataRowInfo="7" resultType="DataDrivenDataRow" />
        <UnitTestResult executionId="25a1ecf7-eae5-43c9-b4b3-54062317c811" parentExecutionId="6abfe2a4-023d-4d83-b4ef-9ae57c735451" testId="783915fe-114a-e353-78dd-56e92a60f942" testName="all_persons_modal_should" computerName="ARPAN-LAP" duration="00:00:00.0192364" startTime="2014-06-29T12:31:34.7803779+05:30" endTime="2014-06-29T12:31:34.7993790+05:30" testType="13cdc9d9-ddb5-4fa4-a97d-d965ccfc6d4b" outcome="Passed" testListId="8c84fa94-04c1-424b-9868-57a2d4851a1d" relativeResultsDirectory="6abfe2a4-023d-4d83-b4ef-9ae57c735451" dataRowInfo="8" resultType="DataDrivenDataRow" />
        <UnitTestResult executionId="74b7cdd4-d1d9-42a3-a348-c58e95fefa87" parentExecutionId="6abfe2a4-023d-4d83-b4ef-9ae57c735451" testId="783915fe-114a-e353-78dd-56e92a60f942" testName="all_persons_modal_should" computerName="ARPAN-LAP" duration="00:00:00.0235972" startTime="2014-06-29T12:31:34.8003790+05:30" endTime="2014-06-29T12:31:34.8233804+05:30" testType="13cdc9d9-ddb5-4fa4-a97d-d965ccfc6d4b" outcome="Passed" testListId="8c84fa94-04c1-424b-9868-57a2d4851a1d" relativeResultsDirectory="6abfe2a4-023d-4d83-b4ef-9ae57c735451" dataRowInfo="9" resultType="DataDrivenDataRow" />
        <UnitTestResult executionId="15cc5835-4a6e-476d-920f-712c8aeda9fc" parentExecutionId="6abfe2a4-023d-4d83-b4ef-9ae57c735451" testId="783915fe-114a-e353-78dd-56e92a60f942" testName="all_persons_modal_should" computerName="ARPAN-LAP" duration="00:00:00.0261717" startTime="2014-06-29T12:31:34.8233804+05:30" endTime="2014-06-29T12:31:34.8493819+05:30" testType="13cdc9d9-ddb5-4fa4-a97d-d965ccfc6d4b" outcome="Passed" testListId="8c84fa94-04c1-424b-9868-57a2d4851a1d" relativeResultsDirectory="6abfe2a4-023d-4d83-b4ef-9ae57c735451" dataRowInfo="10" resultType="DataDrivenDataRow" />
        <UnitTestResult executionId="e2e87ccf-ee91-4830-b96b-d66e915f40ac" parentExecutionId="6abfe2a4-023d-4d83-b4ef-9ae57c735451" testId="783915fe-114a-e353-78dd-56e92a60f942" testName="all_persons_modal_should" computerName="ARPAN-LAP" duration="00:00:00.0305926" startTime="2014-06-29T12:31:34.8493819+05:30" endTime="2014-06-29T12:31:34.8803836+05:30" testType="13cdc9d9-ddb5-4fa4-a97d-d965ccfc6d4b" outcome="Passed" testListId="8c84fa94-04c1-424b-9868-57a2d4851a1d" relativeResultsDirectory="6abfe2a4-023d-4d83-b4ef-9ae57c735451" dataRowInfo="11" resultType="DataDrivenDataRow" />
        <UnitTestResult executionId="31a4fad9-e9e1-4f55-8315-e71d3375c1ad" parentExecutionId="6abfe2a4-023d-4d83-b4ef-9ae57c735451" testId="783915fe-114a-e353-78dd-56e92a60f942" testName="all_persons_modal_should" computerName="ARPAN-LAP" duration="00:00:00.0277603" startTime="2014-06-29T12:31:34.8803836+05:30" endTime="2014-06-29T12:31:34.9083852+05:30" testType="13cdc9d9-ddb5-4fa4-a97d-d965ccfc6d4b" outcome="Passed" testListId="8c84fa94-04c1-424b-9868-57a2d4851a1d" relativeResultsDirectory="6abfe2a4-023d-4d83-b4ef-9ae57c735451" dataRowInfo="12" resultType="DataDrivenDataRow" />
        <UnitTestResult executionId="92842ac3-cb74-4b9f-9fe7-98cabf331862" parentExecutionId="6abfe2a4-023d-4d83-b4ef-9ae57c735451" testId="783915fe-114a-e353-78dd-56e92a60f942" testName="all_persons_modal_should" computerName="ARPAN-LAP" duration="00:00:00.0277367" startTime="2014-06-29T12:31:34.9083852+05:30" endTime="2014-06-29T12:31:34.9363868+05:30" testType="13cdc9d9-ddb5-4fa4-a97d-d965ccfc6d4b" outcome="Passed" testListId="8c84fa94-04c1-424b-9868-57a2d4851a1d" relativeResultsDirectory="6abfe2a4-023d-4d83-b4ef-9ae57c735451" dataRowInfo="13" resultType="DataDrivenDataRow" />
        <UnitTestResult executionId="95bcb7a5-3fa0-4f68-b687-375103ba0cf6" parentExecutionId="6abfe2a4-023d-4d83-b4ef-9ae57c735451" testId="783915fe-114a-e353-78dd-56e92a60f942" testName="all_persons_modal_should" computerName="ARPAN-LAP" duration="00:00:00.0301588" startTime="2014-06-29T12:31:34.9363868+05:30" endTime="2014-06-29T12:31:34.9663885+05:30" testType="13cdc9d9-ddb5-4fa4-a97d-d965ccfc6d4b" outcome="Passed" testListId="8c84fa94-04c1-424b-9868-57a2d4851a1d" relativeResultsDirectory="6abfe2a4-023d-4d83-b4ef-9ae57c735451" dataRowInfo="14" resultType="DataDrivenDataRow" />
        <UnitTestResult executionId="60d5c6e0-882e-45e8-b4d8-710a84b8f786" parentExecutionId="6abfe2a4-023d-4d83-b4ef-9ae57c735451" testId="783915fe-114a-e353-78dd-56e92a60f942" testName="all_persons_modal_should" computerName="ARPAN-LAP" duration="00:00:00.0242408" startTime="2014-06-29T12:31:34.9663885+05:30" endTime="2014-06-29T12:31:34.9903899+05:30" testType="13cdc9d9-ddb5-4fa4-a97d-d965ccfc6d4b" outcome="Passed" testListId="8c84fa94-04c1-424b-9868-57a2d4851a1d" relativeResultsDirectory="6abfe2a4-023d-4d83-b4ef-9ae57c735451" dataRowInfo="15" resultType="DataDrivenDataRow" />
        <UnitTestResult executionId="00fa833c-b228-4e4f-b812-85a3038ab88d" parentExecutionId="6abfe2a4-023d-4d83-b4ef-9ae57c735451" testId="783915fe-114a-e353-78dd-56e92a60f942" testName="all_persons_modal_should" computerName="ARPAN-LAP" duration="00:00:00.0304170" startTime="2014-06-29T12:31:34.9903899+05:30" endTime="2014-06-29T12:31:35.0213917+05:30" testType="13cdc9d9-ddb5-4fa4-a97d-d965ccfc6d4b" outcome="Passed" testListId="8c84fa94-04c1-424b-9868-57a2d4851a1d" relativeResultsDirectory="6abfe2a4-023d-4d83-b4ef-9ae57c735451" dataRowInfo="16" resultType="DataDrivenDataRow" />
      </InnerResults>
    </UnitTestResult>
    <UnitTestResult executionId="32630dfe-7db7-4432-9b6c-9e4c11891233" testId="7f7910d1-dc89-39b4-b4cf-d9e6d7af9420" testName="interrogative_sentences_what" computerName="ARPAN-LAP" duration="00:00:00.2537077" startTime="2014-06-29T12:31:35.0773949+05:30" endTime="2014-06-29T12:31:35.4364154+05:30" testType="13cdc9d9-ddb5-4fa4-a97d-d965ccfc6d4b" outcome="Passed" testListId="8c84fa94-04c1-424b-9868-57a2d4851a1d" relativeResultsDirectory="32630dfe-7db7-4432-9b6c-9e4c11891233" resultType="DataDrivenTest">
      <Counters error="0" failed="0" timeout="0" aborted="0" inconclusive="0" passedButRunAborted="0" notRunnable="0" notExecuted="0" disconnected="0" warning="0" passed="9" completed="0" inProgress="0" pending="0" />
      <InnerResults>
        <UnitTestResult executionId="2c666a66-c016-4296-b010-752caa7edb2d" parentExecutionId="32630dfe-7db7-4432-9b6c-9e4c11891233" testId="7f7910d1-dc89-39b4-b4cf-d9e6d7af9420" testName="interrogative_sentences_what" computerName="ARPAN-LAP" duration="00:00:00.0395584" startTime="2014-06-29T12:31:35.1563994+05:30" endTime="2014-06-29T12:31:35.1954016+05:30" testType="13cdc9d9-ddb5-4fa4-a97d-d965ccfc6d4b" outcome="Passed" testListId="8c84fa94-04c1-424b-9868-57a2d4851a1d" relativeResultsDirectory="32630dfe-7db7-4432-9b6c-9e4c11891233" dataRowInfo="0" resultType="DataDrivenDataRow" />
        <UnitTestResult executionId="8691171d-0832-4e3a-96f9-b3800668f0ad" parentExecutionId="32630dfe-7db7-4432-9b6c-9e4c11891233" testId="7f7910d1-dc89-39b4-b4cf-d9e6d7af9420" testName="interrogative_sentences_what" computerName="ARPAN-LAP" duration="00:00:00.0238348" startTime="2014-06-29T12:31:35.1954016+05:30" endTime="2014-06-29T12:31:35.2194030+05:30" testType="13cdc9d9-ddb5-4fa4-a97d-d965ccfc6d4b" outcome="Passed" testListId="8c84fa94-04c1-424b-9868-57a2d4851a1d" relativeResultsDirectory="32630dfe-7db7-4432-9b6c-9e4c11891233" dataRowInfo="1" resultType="DataDrivenDataRow" />
        <UnitTestResult executionId="8a700a69-f838-4385-89eb-5599a83a4976" parentExecutionId="32630dfe-7db7-4432-9b6c-9e4c11891233" testId="7f7910d1-dc89-39b4-b4cf-d9e6d7af9420" testName="interrogative_sentences_what" computerName="ARPAN-LAP" duration="00:00:00.0305792" startTime="2014-06-29T12:31:35.2194030+05:30" endTime="2014-06-29T12:31:35.2504048+05:30" testType="13cdc9d9-ddb5-4fa4-a97d-d965ccfc6d4b" outcome="Passed" testListId="8c84fa94-04c1-424b-9868-57a2d4851a1d" relativeResultsDirectory="32630dfe-7db7-4432-9b6c-9e4c11891233" dataRowInfo="2" resultType="DataDrivenDataRow" />
        <UnitTestResult executionId="88c80f47-be3b-410d-807d-9075b88c420b" parentExecutionId="32630dfe-7db7-4432-9b6c-9e4c11891233" testId="7f7910d1-dc89-39b4-b4cf-d9e6d7af9420" testName="interrogative_sentences_what" computerName="ARPAN-LAP" duration="00:00:00.0227436" startTime="2014-06-29T12:31:35.2504048+05:30" endTime="2014-06-29T12:31:35.2734061+05:30" testType="13cdc9d9-ddb5-4fa4-a97d-d965ccfc6d4b" outcome="Passed" testListId="8c84fa94-04c1-424b-9868-57a2d4851a1d" relativeResultsDirectory="32630dfe-7db7-4432-9b6c-9e4c11891233" dataRowInfo="3" resultType="DataDrivenDataRow" />
        <UnitTestResult executionId="5b883eca-27d2-4678-8938-9392ebe589ec" parentExecutionId="32630dfe-7db7-4432-9b6c-9e4c11891233" testId="7f7910d1-dc89-39b4-b4cf-d9e6d7af9420" testName="interrogative_sentences_what" computerName="ARPAN-LAP" duration="00:00:00.0223104" startTime="2014-06-29T12:31:35.2734061+05:30" endTime="2014-06-29T12:31:35.2954074+05:30" testType="13cdc9d9-ddb5-4fa4-a97d-d965ccfc6d4b" outcome="Passed" testListId="8c84fa94-04c1-424b-9868-57a2d4851a1d" relativeResultsDirectory="32630dfe-7db7-4432-9b6c-9e4c11891233" dataRowInfo="4" resultType="DataDrivenDataRow" />
        <UnitTestResult executionId="58c6d10d-40bb-4ed9-815d-b58f0027afd9" parentExecutionId="32630dfe-7db7-4432-9b6c-9e4c11891233" testId="7f7910d1-dc89-39b4-b4cf-d9e6d7af9420" testName="interrogative_sentences_what" computerName="ARPAN-LAP" duration="00:00:00.0285944" startTime="2014-06-29T12:31:35.2954074+05:30" endTime="2014-06-29T12:31:35.3244090+05:30" testType="13cdc9d9-ddb5-4fa4-a97d-d965ccfc6d4b" outcome="Passed" testListId="8c84fa94-04c1-424b-9868-57a2d4851a1d" relativeResultsDirectory="32630dfe-7db7-4432-9b6c-9e4c11891233" dataRowInfo="5" resultType="DataDrivenDataRow" />
        <UnitTestResult executionId="6c5c8ba3-cf42-4695-aaf7-e4aa36111a90" parentExecutionId="32630dfe-7db7-4432-9b6c-9e4c11891233" testId="7f7910d1-dc89-39b4-b4cf-d9e6d7af9420" testName="interrogative_sentences_what" computerName="ARPAN-LAP" duration="00:00:00.0270068" startTime="2014-06-29T12:31:35.3244090+05:30" endTime="2014-06-29T12:31:35.3514106+05:30" testType="13cdc9d9-ddb5-4fa4-a97d-d965ccfc6d4b" outcome="Passed" testListId="8c84fa94-04c1-424b-9868-57a2d4851a1d" relativeResultsDirectory="32630dfe-7db7-4432-9b6c-9e4c11891233" dataRowInfo="6" resultType="DataDrivenDataRow" />
        <UnitTestResult executionId="a54c001b-a439-4cd0-9db0-ecfebc44e247" parentExecutionId="32630dfe-7db7-4432-9b6c-9e4c11891233" testId="7f7910d1-dc89-39b4-b4cf-d9e6d7af9420" testName="interrogative_sentences_what" computerName="ARPAN-LAP" duration="00:00:00.0243809" startTime="2014-06-29T12:31:35.3514106+05:30" endTime="2014-06-29T12:31:35.3754119+05:30" testType="13cdc9d9-ddb5-4fa4-a97d-d965ccfc6d4b" outcome="Passed" testListId="8c84fa94-04c1-424b-9868-57a2d4851a1d" relativeResultsDirectory="32630dfe-7db7-4432-9b6c-9e4c11891233" dataRowInfo="7" resultType="DataDrivenDataRow" />
        <UnitTestResult executionId="566b2579-7189-4cfc-8d07-4c108ac923a5" parentExecutionId="32630dfe-7db7-4432-9b6c-9e4c11891233" testId="7f7910d1-dc89-39b4-b4cf-d9e6d7af9420" testName="interrogative_sentences_what" computerName="ARPAN-LAP" duration="00:00:00.0302276" startTime="2014-06-29T12:31:35.3754119+05:30" endTime="2014-06-29T12:31:35.4054137+05:30" testType="13cdc9d9-ddb5-4fa4-a97d-d965ccfc6d4b" outcome="Passed" testListId="8c84fa94-04c1-424b-9868-57a2d4851a1d" relativeResultsDirectory="32630dfe-7db7-4432-9b6c-9e4c11891233" dataRowInfo="8" resultType="DataDrivenDataRow" />
      </InnerResults>
    </UnitTestResult>
    <UnitTestResult executionId="8e4e3382-4d53-4d8b-9e5e-4a6543b2552a" testId="83c68223-dcaa-51dd-423f-434210a59f77" testName="second_person_tenses_active_negation" computerName="ARPAN-LAP" duration="00:00:00.2460214" startTime="2014-06-29T12:31:35.4384155+05:30" endTime="2014-06-29T12:31:35.7264320+05:30" testType="13cdc9d9-ddb5-4fa4-a97d-d965ccfc6d4b" outcome="Passed" testListId="8c84fa94-04c1-424b-9868-57a2d4851a1d" relativeResultsDirectory="8e4e3382-4d53-4d8b-9e5e-4a6543b2552a" resultType="DataDrivenTest">
      <Counters error="0" failed="0" timeout="0" aborted="0" inconclusive="0" passedButRunAborted="0" notRunnable="0" notExecuted="0" disconnected="0" warning="0" passed="10" completed="0" inProgress="0" pending="0" />
      <InnerResults>
        <UnitTestResult executionId="3d8f2488-f734-4c3c-82f5-ad8562e43b63" parentExecutionId="8e4e3382-4d53-4d8b-9e5e-4a6543b2552a" testId="83c68223-dcaa-51dd-423f-434210a59f77" testName="second_person_tenses_active_negation" computerName="ARPAN-LAP" duration="00:00:00.0226081" startTime="2014-06-29T12:31:35.4484161+05:30" endTime="2014-06-29T12:31:35.4714174+05:30" testType="13cdc9d9-ddb5-4fa4-a97d-d965ccfc6d4b" outcome="Passed" testListId="8c84fa94-04c1-424b-9868-57a2d4851a1d" relativeResultsDirectory="8e4e3382-4d53-4d8b-9e5e-4a6543b2552a" dataRowInfo="0" resultType="DataDrivenDataRow" />
        <UnitTestResult executionId="0ff65e0e-9a64-4bc6-8dbd-e2880cec0db4" parentExecutionId="8e4e3382-4d53-4d8b-9e5e-4a6543b2552a" testId="83c68223-dcaa-51dd-423f-434210a59f77" testName="second_person_tenses_active_negation" computerName="ARPAN-LAP" duration="00:00:00.0220861" startTime="2014-06-29T12:31:35.4714174+05:30" endTime="2014-06-29T12:31:35.4934187+05:30" testType="13cdc9d9-ddb5-4fa4-a97d-d965ccfc6d4b" outcome="Passed" testListId="8c84fa94-04c1-424b-9868-57a2d4851a1d" relativeResultsDirectory="8e4e3382-4d53-4d8b-9e5e-4a6543b2552a" dataRowInfo="1" resultType="DataDrivenDataRow" />
        <UnitTestResult executionId="2b2e8dee-91ad-4ba5-a73e-b01b7278d921" parentExecutionId="8e4e3382-4d53-4d8b-9e5e-4a6543b2552a" testId="83c68223-dcaa-51dd-423f-434210a59f77" testName="second_person_tenses_active_negation" computerName="ARPAN-LAP" duration="00:00:00.0219331" startTime="2014-06-29T12:31:35.4934187+05:30" endTime="2014-06-29T12:31:35.5154199+05:30" testType="13cdc9d9-ddb5-4fa4-a97d-d965ccfc6d4b" outcome="Passed" testListId="8c84fa94-04c1-424b-9868-57a2d4851a1d" relativeResultsDirectory="8e4e3382-4d53-4d8b-9e5e-4a6543b2552a" dataRowInfo="2" resultType="DataDrivenDataRow" />
        <UnitTestResult executionId="fea994dd-c404-4e62-99fc-f36508320450" parentExecutionId="8e4e3382-4d53-4d8b-9e5e-4a6543b2552a" testId="83c68223-dcaa-51dd-423f-434210a59f77" testName="second_person_tenses_active_negation" computerName="ARPAN-LAP" duration="00:00:00.0302353" startTime="2014-06-29T12:31:35.5164200+05:30" endTime="2014-06-29T12:31:35.5464217+05:30" testType="13cdc9d9-ddb5-4fa4-a97d-d965ccfc6d4b" outcome="Passed" testListId="8c84fa94-04c1-424b-9868-57a2d4851a1d" relativeResultsDirectory="8e4e3382-4d53-4d8b-9e5e-4a6543b2552a" dataRowInfo="3" resultType="DataDrivenDataRow" />
        <UnitTestResult executionId="6dbb75c6-dbb4-4787-98d8-9de74fabe9e0" parentExecutionId="8e4e3382-4d53-4d8b-9e5e-4a6543b2552a" testId="83c68223-dcaa-51dd-423f-434210a59f77" testName="second_person_tenses_active_negation" computerName="ARPAN-LAP" duration="00:00:00.0212772" startTime="2014-06-29T12:31:35.5464217+05:30" endTime="2014-06-29T12:31:35.5674229+05:30" testType="13cdc9d9-ddb5-4fa4-a97d-d965ccfc6d4b" outcome="Passed" testListId="8c84fa94-04c1-424b-9868-57a2d4851a1d" relativeResultsDirectory="8e4e3382-4d53-4d8b-9e5e-4a6543b2552a" dataRowInfo="4" resultType="DataDrivenDataRow" />
        <UnitTestResult executionId="ab7df33f-e1d1-4790-9c9f-945fb29ddb26" parentExecutionId="8e4e3382-4d53-4d8b-9e5e-4a6543b2552a" testId="83c68223-dcaa-51dd-423f-434210a59f77" testName="second_person_tenses_active_negation" computerName="ARPAN-LAP" duration="00:00:00.0211925" startTime="2014-06-29T12:31:35.5674229+05:30" endTime="2014-06-29T12:31:35.5894242+05:30" testType="13cdc9d9-ddb5-4fa4-a97d-d965ccfc6d4b" outcome="Passed" testListId="8c84fa94-04c1-424b-9868-57a2d4851a1d" relativeResultsDirectory="8e4e3382-4d53-4d8b-9e5e-4a6543b2552a" dataRowInfo="5" resultType="DataDrivenDataRow" />
        <UnitTestResult executionId="cd6b2423-da0c-4b99-95a0-1b810a02a678" parentExecutionId="8e4e3382-4d53-4d8b-9e5e-4a6543b2552a" testId="83c68223-dcaa-51dd-423f-434210a59f77" testName="second_person_tenses_active_negation" computerName="ARPAN-LAP" duration="00:00:00.0236777" startTime="2014-06-29T12:31:35.5894242+05:30" endTime="2014-06-29T12:31:35.6124255+05:30" testType="13cdc9d9-ddb5-4fa4-a97d-d965ccfc6d4b" outcome="Passed" testListId="8c84fa94-04c1-424b-9868-57a2d4851a1d" relativeResultsDirectory="8e4e3382-4d53-4d8b-9e5e-4a6543b2552a" dataRowInfo="6" resultType="DataDrivenDataRow" />
        <UnitTestResult executionId="d32407f0-b88d-4b20-9a21-b852384ad786" parentExecutionId="8e4e3382-4d53-4d8b-9e5e-4a6543b2552a" testId="83c68223-dcaa-51dd-423f-434210a59f77" testName="second_person_tenses_active_negation" computerName="ARPAN-LAP" duration="00:00:00.0270884" startTime="2014-06-29T12:31:35.6124255+05:30" endTime="2014-06-29T12:31:35.6394270+05:30" testType="13cdc9d9-ddb5-4fa4-a97d-d965ccfc6d4b" outcome="Passed" testListId="8c84fa94-04c1-424b-9868-57a2d4851a1d" relativeResultsDirectory="8e4e3382-4d53-4d8b-9e5e-4a6543b2552a" dataRowInfo="7" resultType="DataDrivenDataRow" />
        <UnitTestResult executionId="9c946e55-ab96-4c00-a13d-cdaed96ced42" parentExecutionId="8e4e3382-4d53-4d8b-9e5e-4a6543b2552a" testId="83c68223-dcaa-51dd-423f-434210a59f77" testName="second_person_tenses_active_negation" computerName="ARPAN-LAP" duration="00:00:00.0213495" startTime="2014-06-29T12:31:35.6394270+05:30" endTime="2014-06-29T12:31:35.6614283+05:30" testType="13cdc9d9-ddb5-4fa4-a97d-d965ccfc6d4b" outcome="Passed" testListId="8c84fa94-04c1-424b-9868-57a2d4851a1d" relativeResultsDirectory="8e4e3382-4d53-4d8b-9e5e-4a6543b2552a" dataRowInfo="8" resultType="DataDrivenDataRow" />
        <UnitTestResult executionId="7aa5bab2-6212-4d00-924c-6273f763637f" parentExecutionId="8e4e3382-4d53-4d8b-9e5e-4a6543b2552a" testId="83c68223-dcaa-51dd-423f-434210a59f77" testName="second_person_tenses_active_negation" computerName="ARPAN-LAP" duration="00:00:00.0291888" startTime="2014-06-29T12:31:35.6614283+05:30" endTime="2014-06-29T12:31:35.6914300+05:30" testType="13cdc9d9-ddb5-4fa4-a97d-d965ccfc6d4b" outcome="Passed" testListId="8c84fa94-04c1-424b-9868-57a2d4851a1d" relativeResultsDirectory="8e4e3382-4d53-4d8b-9e5e-4a6543b2552a" dataRowInfo="9" resultType="DataDrivenDataRow" />
      </InnerResults>
    </UnitTestResult>
    <UnitTestResult executionId="2d19abbf-ca27-4035-bb59-1148f129cc1b" testId="8fe5ccb3-a3f4-0f61-ad21-e94ef029e900" testName="all_persons_modal_can_may" computerName="ARPAN-LAP" duration="00:00:00.7909203" startTime="2014-06-29T12:31:35.7364326+05:30" endTime="2014-06-29T12:31:36.6194831+05:30" testType="13cdc9d9-ddb5-4fa4-a97d-d965ccfc6d4b" outcome="Passed" testListId="8c84fa94-04c1-424b-9868-57a2d4851a1d" relativeResultsDirectory="2d19abbf-ca27-4035-bb59-1148f129cc1b" resultType="DataDrivenTest">
      <Counters error="0" failed="0" timeout="0" aborted="0" inconclusive="0" passedButRunAborted="0" notRunnable="0" notExecuted="0" disconnected="0" warning="0" passed="29" completed="0" inProgress="0" pending="0" />
      <InnerResults>
        <UnitTestResult executionId="8d6a3afa-e471-4d50-a16b-0d99a64debab" parentExecutionId="2d19abbf-ca27-4035-bb59-1148f129cc1b" testId="8fe5ccb3-a3f4-0f61-ad21-e94ef029e900" testName="all_persons_modal_can_may" computerName="ARPAN-LAP" duration="00:00:00.0302076" startTime="2014-06-29T12:31:35.7544336+05:30" endTime="2014-06-29T12:31:35.7844353+05:30" testType="13cdc9d9-ddb5-4fa4-a97d-d965ccfc6d4b" outcome="Passed" testListId="8c84fa94-04c1-424b-9868-57a2d4851a1d" relativeResultsDirectory="2d19abbf-ca27-4035-bb59-1148f129cc1b" dataRowInfo="0" resultType="DataDrivenDataRow" />
        <UnitTestResult executionId="85f654fc-5377-4756-8137-c5195eb213c6" parentExecutionId="2d19abbf-ca27-4035-bb59-1148f129cc1b" testId="8fe5ccb3-a3f4-0f61-ad21-e94ef029e900" testName="all_persons_modal_can_may" computerName="ARPAN-LAP" duration="00:00:00.0233025" startTime="2014-06-29T12:31:35.7844353+05:30" endTime="2014-06-29T12:31:35.8084367+05:30" testType="13cdc9d9-ddb5-4fa4-a97d-d965ccfc6d4b" outcome="Passed" testListId="8c84fa94-04c1-424b-9868-57a2d4851a1d" relativeResultsDirectory="2d19abbf-ca27-4035-bb59-1148f129cc1b" dataRowInfo="1" resultType="DataDrivenDataRow" />
        <UnitTestResult executionId="9f57f851-7010-43cd-abb1-ab3b060be31f" parentExecutionId="2d19abbf-ca27-4035-bb59-1148f129cc1b" testId="8fe5ccb3-a3f4-0f61-ad21-e94ef029e900" testName="all_persons_modal_can_may" computerName="ARPAN-LAP" duration="00:00:00.0347665" startTime="2014-06-29T12:31:35.8084367+05:30" endTime="2014-06-29T12:31:35.8424386+05:30" testType="13cdc9d9-ddb5-4fa4-a97d-d965ccfc6d4b" outcome="Passed" testListId="8c84fa94-04c1-424b-9868-57a2d4851a1d" relativeResultsDirectory="2d19abbf-ca27-4035-bb59-1148f129cc1b" dataRowInfo="2" resultType="DataDrivenDataRow" />
        <UnitTestResult executionId="9ff43f0d-28bc-4b71-93ab-ef4ab5e0540b" parentExecutionId="2d19abbf-ca27-4035-bb59-1148f129cc1b" testId="8fe5ccb3-a3f4-0f61-ad21-e94ef029e900" testName="all_persons_modal_can_may" computerName="ARPAN-LAP" duration="00:00:00.0289855" startTime="2014-06-29T12:31:35.8424386+05:30" endTime="2014-06-29T12:31:35.8714403+05:30" testType="13cdc9d9-ddb5-4fa4-a97d-d965ccfc6d4b" outcome="Passed" testListId="8c84fa94-04c1-424b-9868-57a2d4851a1d" relativeResultsDirectory="2d19abbf-ca27-4035-bb59-1148f129cc1b" dataRowInfo="3" resultType="DataDrivenDataRow" />
        <UnitTestResult executionId="8ccb79e1-7fc4-41e1-8530-9834a40f117a" parentExecutionId="2d19abbf-ca27-4035-bb59-1148f129cc1b" testId="8fe5ccb3-a3f4-0f61-ad21-e94ef029e900" testName="all_persons_modal_can_may" computerName="ARPAN-LAP" duration="00:00:00.0344888" startTime="2014-06-29T12:31:35.8714403+05:30" endTime="2014-06-29T12:31:35.9064423+05:30" testType="13cdc9d9-ddb5-4fa4-a97d-d965ccfc6d4b" outcome="Passed" testListId="8c84fa94-04c1-424b-9868-57a2d4851a1d" relativeResultsDirectory="2d19abbf-ca27-4035-bb59-1148f129cc1b" dataRowInfo="4" resultType="DataDrivenDataRow" />
        <UnitTestResult executionId="29b90c18-4519-4b96-bbad-4280b6b506f2" parentExecutionId="2d19abbf-ca27-4035-bb59-1148f129cc1b" testId="8fe5ccb3-a3f4-0f61-ad21-e94ef029e900" testName="all_persons_modal_can_may" computerName="ARPAN-LAP" duration="00:00:00.0342989" startTime="2014-06-29T12:31:35.9064423+05:30" endTime="2014-06-29T12:31:35.9404443+05:30" testType="13cdc9d9-ddb5-4fa4-a97d-d965ccfc6d4b" outcome="Passed" testListId="8c84fa94-04c1-424b-9868-57a2d4851a1d" relativeResultsDirectory="2d19abbf-ca27-4035-bb59-1148f129cc1b" dataRowInfo="5" resultType="DataDrivenDataRow" />
        <UnitTestResult executionId="6b166b80-d91f-4963-aed1-67666abe95e6" parentExecutionId="2d19abbf-ca27-4035-bb59-1148f129cc1b" testId="8fe5ccb3-a3f4-0f61-ad21-e94ef029e900" testName="all_persons_modal_can_may" computerName="ARPAN-LAP" duration="00:00:00.0353850" startTime="2014-06-29T12:31:35.9404443+05:30" endTime="2014-06-29T12:31:35.9764463+05:30" testType="13cdc9d9-ddb5-4fa4-a97d-d965ccfc6d4b" outcome="Passed" testListId="8c84fa94-04c1-424b-9868-57a2d4851a1d" relativeResultsDirectory="2d19abbf-ca27-4035-bb59-1148f129cc1b" dataRowInfo="6" resultType="DataDrivenDataRow" />
        <UnitTestResult executionId="6fdee6c3-ecc9-4c5b-8c83-16d2dc404082" parentExecutionId="2d19abbf-ca27-4035-bb59-1148f129cc1b" testId="8fe5ccb3-a3f4-0f61-ad21-e94ef029e900" testName="all_persons_modal_can_may" computerName="ARPAN-LAP" duration="00:00:00.0354420" startTime="2014-06-29T12:31:35.9764463+05:30" endTime="2014-06-29T12:31:36.0114483+05:30" testType="13cdc9d9-ddb5-4fa4-a97d-d965ccfc6d4b" outcome="Passed" testListId="8c84fa94-04c1-424b-9868-57a2d4851a1d" relativeResultsDirectory="2d19abbf-ca27-4035-bb59-1148f129cc1b" dataRowInfo="7" resultType="DataDrivenDataRow" />
        <UnitTestResult executionId="be0e3349-f966-45ca-9082-ad8a02fdaecd" parentExecutionId="2d19abbf-ca27-4035-bb59-1148f129cc1b" testId="8fe5ccb3-a3f4-0f61-ad21-e94ef029e900" testName="all_persons_modal_can_may" computerName="ARPAN-LAP" duration="00:00:00.0204647" startTime="2014-06-29T12:31:36.0114483+05:30" endTime="2014-06-29T12:31:36.0324495+05:30" testType="13cdc9d9-ddb5-4fa4-a97d-d965ccfc6d4b" outcome="Passed" testListId="8c84fa94-04c1-424b-9868-57a2d4851a1d" relativeResultsDirectory="2d19abbf-ca27-4035-bb59-1148f129cc1b" dataRowInfo="8" resultType="DataDrivenDataRow" />
        <UnitTestResult executionId="eadaead2-cdbf-4662-bc58-ed7be2acc1da" parentExecutionId="2d19abbf-ca27-4035-bb59-1148f129cc1b" testId="8fe5ccb3-a3f4-0f61-ad21-e94ef029e900" testName="all_persons_modal_can_may" computerName="ARPAN-LAP" duration="00:00:00.0215323" startTime="2014-06-29T12:31:36.0324495+05:30" endTime="2014-06-29T12:31:36.0534507+05:30" testType="13cdc9d9-ddb5-4fa4-a97d-d965ccfc6d4b" outcome="Passed" testListId="8c84fa94-04c1-424b-9868-57a2d4851a1d" relativeResultsDirectory="2d19abbf-ca27-4035-bb59-1148f129cc1b" dataRowInfo="9" resultType="DataDrivenDataRow" />
        <UnitTestResult executionId="9ed62572-2e6e-4791-b87a-e042a3ecd654" parentExecutionId="2d19abbf-ca27-4035-bb59-1148f129cc1b" testId="8fe5ccb3-a3f4-0f61-ad21-e94ef029e900" testName="all_persons_modal_can_may" computerName="ARPAN-LAP" duration="00:00:00.0200140" startTime="2014-06-29T12:31:36.0534507+05:30" endTime="2014-06-29T12:31:36.0734519+05:30" testType="13cdc9d9-ddb5-4fa4-a97d-d965ccfc6d4b" outcome="Passed" testListId="8c84fa94-04c1-424b-9868-57a2d4851a1d" relativeResultsDirectory="2d19abbf-ca27-4035-bb59-1148f129cc1b" dataRowInfo="10" resultType="DataDrivenDataRow" />
        <UnitTestResult executionId="a983fe8b-e19b-4e7b-b4cb-21ed5d307703" parentExecutionId="2d19abbf-ca27-4035-bb59-1148f129cc1b" testId="8fe5ccb3-a3f4-0f61-ad21-e94ef029e900" testName="all_persons_modal_can_may" computerName="ARPAN-LAP" duration="00:00:00.0207439" startTime="2014-06-29T12:31:36.0734519+05:30" endTime="2014-06-29T12:31:36.0944531+05:30" testType="13cdc9d9-ddb5-4fa4-a97d-d965ccfc6d4b" outcome="Passed" testListId="8c84fa94-04c1-424b-9868-57a2d4851a1d" relativeResultsDirectory="2d19abbf-ca27-4035-bb59-1148f129cc1b" dataRowInfo="11" resultType="DataDrivenDataRow" />
        <UnitTestResult executionId="247c4fe0-e02f-4d85-98b2-d7c527befc4d" parentExecutionId="2d19abbf-ca27-4035-bb59-1148f129cc1b" testId="8fe5ccb3-a3f4-0f61-ad21-e94ef029e900" testName="all_persons_modal_can_may" computerName="ARPAN-LAP" duration="00:00:00.0246986" startTime="2014-06-29T12:31:36.0944531+05:30" endTime="2014-06-29T12:31:36.1194545+05:30" testType="13cdc9d9-ddb5-4fa4-a97d-d965ccfc6d4b" outcome="Passed" testListId="8c84fa94-04c1-424b-9868-57a2d4851a1d" relativeResultsDirectory="2d19abbf-ca27-4035-bb59-1148f129cc1b" dataRowInfo="12" resultType="DataDrivenDataRow" />
        <UnitTestResult executionId="8f88566a-d8e5-4475-8ec6-5fdea587ca63" parentExecutionId="2d19abbf-ca27-4035-bb59-1148f129cc1b" testId="8fe5ccb3-a3f4-0f61-ad21-e94ef029e900" testName="all_persons_modal_can_may" computerName="ARPAN-LAP" duration="00:00:00.0255199" startTime="2014-06-29T12:31:36.1194545+05:30" endTime="2014-06-29T12:31:36.1454560+05:30" testType="13cdc9d9-ddb5-4fa4-a97d-d965ccfc6d4b" outcome="Passed" testListId="8c84fa94-04c1-424b-9868-57a2d4851a1d" relativeResultsDirectory="2d19abbf-ca27-4035-bb59-1148f129cc1b" dataRowInfo="13" resultType="DataDrivenDataRow" />
        <UnitTestResult executionId="97d9fa39-d98e-4596-825a-88f7d98e7067" parentExecutionId="2d19abbf-ca27-4035-bb59-1148f129cc1b" testId="8fe5ccb3-a3f4-0f61-ad21-e94ef029e900" testName="all_persons_modal_can_may" computerName="ARPAN-LAP" duration="00:00:00.0258561" startTime="2014-06-29T12:31:36.1454560+05:30" endTime="2014-06-29T12:31:36.1704574+05:30" testType="13cdc9d9-ddb5-4fa4-a97d-d965ccfc6d4b" outcome="Passed" testListId="8c84fa94-04c1-424b-9868-57a2d4851a1d" relativeResultsDirectory="2d19abbf-ca27-4035-bb59-1148f129cc1b" dataRowInfo="14" resultType="DataDrivenDataRow" />
        <UnitTestResult executionId="3db0a2e0-d041-420c-88ee-e5eb0706468f" parentExecutionId="2d19abbf-ca27-4035-bb59-1148f129cc1b" testId="8fe5ccb3-a3f4-0f61-ad21-e94ef029e900" testName="all_persons_modal_can_may" computerName="ARPAN-LAP" duration="00:00:00.0331820" startTime="2014-06-29T12:31:36.1704574+05:30" endTime="2014-06-29T12:31:36.2044594+05:30" testType="13cdc9d9-ddb5-4fa4-a97d-d965ccfc6d4b" outcome="Passed" testListId="8c84fa94-04c1-424b-9868-57a2d4851a1d" relativeResultsDirectory="2d19abbf-ca27-4035-bb59-1148f129cc1b" dataRowInfo="15" resultType="DataDrivenDataRow" />
        <UnitTestResult executionId="d8fd14ec-81d5-4211-911b-1336116a0ec1" parentExecutionId="2d19abbf-ca27-4035-bb59-1148f129cc1b" testId="8fe5ccb3-a3f4-0f61-ad21-e94ef029e900" testName="all_persons_modal_can_may" computerName="ARPAN-LAP" duration="00:00:00.0203179" startTime="2014-06-29T12:31:36.2044594+05:30" endTime="2014-06-29T12:31:36.2244605+05:30" testType="13cdc9d9-ddb5-4fa4-a97d-d965ccfc6d4b" outcome="Passed" testListId="8c84fa94-04c1-424b-9868-57a2d4851a1d" relativeResultsDirectory="2d19abbf-ca27-4035-bb59-1148f129cc1b" dataRowInfo="16" resultType="DataDrivenDataRow" />
        <UnitTestResult executionId="953442b4-c20c-4d1a-a2f2-09c31066e419" parentExecutionId="2d19abbf-ca27-4035-bb59-1148f129cc1b" testId="8fe5ccb3-a3f4-0f61-ad21-e94ef029e900" testName="all_persons_modal_can_may" computerName="ARPAN-LAP" duration="00:00:00.0192272" startTime="2014-06-29T12:31:36.2244605+05:30" endTime="2014-06-29T12:31:36.2434616+05:30" testType="13cdc9d9-ddb5-4fa4-a97d-d965ccfc6d4b" outcome="Passed" testListId="8c84fa94-04c1-424b-9868-57a2d4851a1d" relativeResultsDirectory="2d19abbf-ca27-4035-bb59-1148f129cc1b" dataRowInfo="17" resultType="DataDrivenDataRow" />
        <UnitTestResult executionId="f861162b-6008-4548-8972-9de5117d1ec4" parentExecutionId="2d19abbf-ca27-4035-bb59-1148f129cc1b" testId="8fe5ccb3-a3f4-0f61-ad21-e94ef029e900" testName="all_persons_modal_can_may" computerName="ARPAN-LAP" duration="00:00:00.0200268" startTime="2014-06-29T12:31:36.2434616+05:30" endTime="2014-06-29T12:31:36.2634627+05:30" testType="13cdc9d9-ddb5-4fa4-a97d-d965ccfc6d4b" outcome="Passed" testListId="8c84fa94-04c1-424b-9868-57a2d4851a1d" relativeResultsDirectory="2d19abbf-ca27-4035-bb59-1148f129cc1b" dataRowInfo="18" resultType="DataDrivenDataRow" />
        <UnitTestResult executionId="939e66f3-0127-4c68-b504-e6f316e30380" parentExecutionId="2d19abbf-ca27-4035-bb59-1148f129cc1b" testId="8fe5ccb3-a3f4-0f61-ad21-e94ef029e900" testName="all_persons_modal_can_may" computerName="ARPAN-LAP" duration="00:00:00.0210015" startTime="2014-06-29T12:31:36.2634627+05:30" endTime="2014-06-29T12:31:36.2844639+05:30" testType="13cdc9d9-ddb5-4fa4-a97d-d965ccfc6d4b" outcome="Passed" testListId="8c84fa94-04c1-424b-9868-57a2d4851a1d" relativeResultsDirectory="2d19abbf-ca27-4035-bb59-1148f129cc1b" dataRowInfo="19" resultType="DataDrivenDataRow" />
        <UnitTestResult executionId="79915035-b291-44e2-a1d8-bd8cf5a56842" parentExecutionId="2d19abbf-ca27-4035-bb59-1148f129cc1b" testId="8fe5ccb3-a3f4-0f61-ad21-e94ef029e900" testName="all_persons_modal_can_may" computerName="ARPAN-LAP" duration="00:00:00.0264874" startTime="2014-06-29T12:31:36.2844639+05:30" endTime="2014-06-29T12:31:36.3114655+05:30" testType="13cdc9d9-ddb5-4fa4-a97d-d965ccfc6d4b" outcome="Passed" testListId="8c84fa94-04c1-424b-9868-57a2d4851a1d" relativeResultsDirectory="2d19abbf-ca27-4035-bb59-1148f129cc1b" dataRowInfo="20" resultType="DataDrivenDataRow" />
        <UnitTestResult executionId="dbd0a8a8-6edf-4700-8632-308e5e3240b7" parentExecutionId="2d19abbf-ca27-4035-bb59-1148f129cc1b" testId="8fe5ccb3-a3f4-0f61-ad21-e94ef029e900" testName="all_persons_modal_can_may" computerName="ARPAN-LAP" duration="00:00:00.0260270" startTime="2014-06-29T12:31:36.3114655+05:30" endTime="2014-06-29T12:31:36.3374670+05:30" testType="13cdc9d9-ddb5-4fa4-a97d-d965ccfc6d4b" outcome="Passed" testListId="8c84fa94-04c1-424b-9868-57a2d4851a1d" relativeResultsDirectory="2d19abbf-ca27-4035-bb59-1148f129cc1b" dataRowInfo="21" resultType="DataDrivenDataRow" />
        <UnitTestResult executionId="808e39e5-ccb3-4cce-88a5-3d36b20a6e29" parentExecutionId="2d19abbf-ca27-4035-bb59-1148f129cc1b" testId="8fe5ccb3-a3f4-0f61-ad21-e94ef029e900" testName="all_persons_modal_can_may" computerName="ARPAN-LAP" duration="00:00:00.0264977" startTime="2014-06-29T12:31:36.3374670+05:30" endTime="2014-06-29T12:31:36.3644685+05:30" testType="13cdc9d9-ddb5-4fa4-a97d-d965ccfc6d4b" outcome="Passed" testListId="8c84fa94-04c1-424b-9868-57a2d4851a1d" relativeResultsDirectory="2d19abbf-ca27-4035-bb59-1148f129cc1b" dataRowInfo="22" resultType="DataDrivenDataRow" />
        <UnitTestResult executionId="445cddc4-fe9f-499d-a2b3-52c404f5ea64" parentExecutionId="2d19abbf-ca27-4035-bb59-1148f129cc1b" testId="8fe5ccb3-a3f4-0f61-ad21-e94ef029e900" testName="all_persons_modal_can_may" computerName="ARPAN-LAP" duration="00:00:00.0239595" startTime="2014-06-29T12:31:36.3644685+05:30" endTime="2014-06-29T12:31:36.3884699+05:30" testType="13cdc9d9-ddb5-4fa4-a97d-d965ccfc6d4b" outcome="Passed" testListId="8c84fa94-04c1-424b-9868-57a2d4851a1d" relativeResultsDirectory="2d19abbf-ca27-4035-bb59-1148f129cc1b" dataRowInfo="23" resultType="DataDrivenDataRow" />
        <UnitTestResult executionId="b71d5cd1-147d-4268-a7ac-cc1883b6940f" parentExecutionId="2d19abbf-ca27-4035-bb59-1148f129cc1b" testId="8fe5ccb3-a3f4-0f61-ad21-e94ef029e900" testName="all_persons_modal_can_may" computerName="ARPAN-LAP" duration="00:00:00.0432571" startTime="2014-06-29T12:31:36.3884699+05:30" endTime="2014-06-29T12:31:36.4314723+05:30" testType="13cdc9d9-ddb5-4fa4-a97d-d965ccfc6d4b" outcome="Passed" testListId="8c84fa94-04c1-424b-9868-57a2d4851a1d" relativeResultsDirectory="2d19abbf-ca27-4035-bb59-1148f129cc1b" dataRowInfo="24" resultType="DataDrivenDataRow" />
        <UnitTestResult executionId="6af118ca-e1ba-45f0-b30b-6fcf236245c3" parentExecutionId="2d19abbf-ca27-4035-bb59-1148f129cc1b" testId="8fe5ccb3-a3f4-0f61-ad21-e94ef029e900" testName="all_persons_modal_can_may" computerName="ARPAN-LAP" duration="00:00:00.0243563" startTime="2014-06-29T12:31:36.4314723+05:30" endTime="2014-06-29T12:31:36.4554737+05:30" testType="13cdc9d9-ddb5-4fa4-a97d-d965ccfc6d4b" outcome="Passed" testListId="8c84fa94-04c1-424b-9868-57a2d4851a1d" relativeResultsDirectory="2d19abbf-ca27-4035-bb59-1148f129cc1b" dataRowInfo="25" resultType="DataDrivenDataRow" />
        <UnitTestResult executionId="e0ec0232-a417-4fa5-8c2f-a06726616b45" parentExecutionId="2d19abbf-ca27-4035-bb59-1148f129cc1b" testId="8fe5ccb3-a3f4-0f61-ad21-e94ef029e900" testName="all_persons_modal_can_may" computerName="ARPAN-LAP" duration="00:00:00.0239231" startTime="2014-06-29T12:31:36.4554737+05:30" endTime="2014-06-29T12:31:36.4794751+05:30" testType="13cdc9d9-ddb5-4fa4-a97d-d965ccfc6d4b" outcome="Passed" testListId="8c84fa94-04c1-424b-9868-57a2d4851a1d" relativeResultsDirectory="2d19abbf-ca27-4035-bb59-1148f129cc1b" dataRowInfo="26" resultType="DataDrivenDataRow" />
        <UnitTestResult executionId="56cb1a00-533d-4ec9-b12e-834f0ae3ff27" parentExecutionId="2d19abbf-ca27-4035-bb59-1148f129cc1b" testId="8fe5ccb3-a3f4-0f61-ad21-e94ef029e900" testName="all_persons_modal_can_may" computerName="ARPAN-LAP" duration="00:00:00.0304319" startTime="2014-06-29T12:31:36.4794751+05:30" endTime="2014-06-29T12:31:36.5104769+05:30" testType="13cdc9d9-ddb5-4fa4-a97d-d965ccfc6d4b" outcome="Passed" testListId="8c84fa94-04c1-424b-9868-57a2d4851a1d" relativeResultsDirectory="2d19abbf-ca27-4035-bb59-1148f129cc1b" dataRowInfo="27" resultType="DataDrivenDataRow" />
        <UnitTestResult executionId="d257b20a-4e66-4856-b44f-d87385e184dd" parentExecutionId="2d19abbf-ca27-4035-bb59-1148f129cc1b" testId="8fe5ccb3-a3f4-0f61-ad21-e94ef029e900" testName="all_persons_modal_can_may" computerName="ARPAN-LAP" duration="00:00:00.0310535" startTime="2014-06-29T12:31:36.5104769+05:30" endTime="2014-06-29T12:31:36.5414786+05:30" testType="13cdc9d9-ddb5-4fa4-a97d-d965ccfc6d4b" outcome="Passed" testListId="8c84fa94-04c1-424b-9868-57a2d4851a1d" relativeResultsDirectory="2d19abbf-ca27-4035-bb59-1148f129cc1b" dataRowInfo="28" resultType="DataDrivenDataRow" />
      </InnerResults>
    </UnitTestResult>
    <UnitTestResult executionId="211ef6a2-a0ea-47b2-87a2-f63ba30658df" testId="921e6ab0-d7c2-6005-e523-6fd2d5e1a723" testName="first_person_tenses_active" computerName="ARPAN-LAP" duration="00:00:00.2708064" startTime="2014-06-29T12:31:36.6294837+05:30" endTime="2014-06-29T12:31:36.9325010+05:30" testType="13cdc9d9-ddb5-4fa4-a97d-d965ccfc6d4b" outcome="Passed" testListId="8c84fa94-04c1-424b-9868-57a2d4851a1d" relativeResultsDirectory="211ef6a2-a0ea-47b2-87a2-f63ba30658df" resultType="DataDrivenTest">
      <Counters error="0" failed="0" timeout="0" aborted="0" inconclusive="0" passedButRunAborted="0" notRunnable="0" notExecuted="0" disconnected="0" warning="0" passed="10" completed="0" inProgress="0" pending="0" />
      <InnerResults>
        <UnitTestResult executionId="89a31e50-2e53-4fe4-a7dc-78bd1594bfd6" parentExecutionId="211ef6a2-a0ea-47b2-87a2-f63ba30658df" testId="921e6ab0-d7c2-6005-e523-6fd2d5e1a723" testName="first_person_tenses_active" computerName="ARPAN-LAP" duration="00:00:00.0241186" startTime="2014-06-29T12:31:36.6344840+05:30" endTime="2014-06-29T12:31:36.6584853+05:30" testType="13cdc9d9-ddb5-4fa4-a97d-d965ccfc6d4b" outcome="Passed" testListId="8c84fa94-04c1-424b-9868-57a2d4851a1d" relativeResultsDirectory="211ef6a2-a0ea-47b2-87a2-f63ba30658df" dataRowInfo="0" resultType="DataDrivenDataRow" />
        <UnitTestResult executionId="c7571c67-d09c-4e83-962a-edaa54fcee29" parentExecutionId="211ef6a2-a0ea-47b2-87a2-f63ba30658df" testId="921e6ab0-d7c2-6005-e523-6fd2d5e1a723" testName="first_person_tenses_active" computerName="ARPAN-LAP" duration="00:00:00.0306875" startTime="2014-06-29T12:31:36.6584853+05:30" endTime="2014-06-29T12:31:36.6894871+05:30" testType="13cdc9d9-ddb5-4fa4-a97d-d965ccfc6d4b" outcome="Passed" testListId="8c84fa94-04c1-424b-9868-57a2d4851a1d" relativeResultsDirectory="211ef6a2-a0ea-47b2-87a2-f63ba30658df" dataRowInfo="1" resultType="DataDrivenDataRow" />
        <UnitTestResult executionId="a23695d8-250c-4ca5-92fa-027e27eef54f" parentExecutionId="211ef6a2-a0ea-47b2-87a2-f63ba30658df" testId="921e6ab0-d7c2-6005-e523-6fd2d5e1a723" testName="first_person_tenses_active" computerName="ARPAN-LAP" duration="00:00:00.0237696" startTime="2014-06-29T12:31:36.6894871+05:30" endTime="2014-06-29T12:31:36.7134885+05:30" testType="13cdc9d9-ddb5-4fa4-a97d-d965ccfc6d4b" outcome="Passed" testListId="8c84fa94-04c1-424b-9868-57a2d4851a1d" relativeResultsDirectory="211ef6a2-a0ea-47b2-87a2-f63ba30658df" dataRowInfo="2" resultType="DataDrivenDataRow" />
        <UnitTestResult executionId="48bc0022-a529-466f-aa04-40ff4a4ffb79" parentExecutionId="211ef6a2-a0ea-47b2-87a2-f63ba30658df" testId="921e6ab0-d7c2-6005-e523-6fd2d5e1a723" testName="first_person_tenses_active" computerName="ARPAN-LAP" duration="00:00:00.0296866" startTime="2014-06-29T12:31:36.7134885+05:30" endTime="2014-06-29T12:31:36.7424901+05:30" testType="13cdc9d9-ddb5-4fa4-a97d-d965ccfc6d4b" outcome="Passed" testListId="8c84fa94-04c1-424b-9868-57a2d4851a1d" relativeResultsDirectory="211ef6a2-a0ea-47b2-87a2-f63ba30658df" dataRowInfo="3" resultType="DataDrivenDataRow" />
        <UnitTestResult executionId="7b54a742-7059-4032-b256-b1a5baf3135c" parentExecutionId="211ef6a2-a0ea-47b2-87a2-f63ba30658df" testId="921e6ab0-d7c2-6005-e523-6fd2d5e1a723" testName="first_person_tenses_active" computerName="ARPAN-LAP" duration="00:00:00.0226651" startTime="2014-06-29T12:31:36.7434902+05:30" endTime="2014-06-29T12:31:36.7654914+05:30" testType="13cdc9d9-ddb5-4fa4-a97d-d965ccfc6d4b" outcome="Passed" testListId="8c84fa94-04c1-424b-9868-57a2d4851a1d" relativeResultsDirectory="211ef6a2-a0ea-47b2-87a2-f63ba30658df" dataRowInfo="4" resultType="DataDrivenDataRow" />
        <UnitTestResult executionId="aad5550f-7ee7-4781-bb8d-c73760c22bf9" parentExecutionId="211ef6a2-a0ea-47b2-87a2-f63ba30658df" testId="921e6ab0-d7c2-6005-e523-6fd2d5e1a723" testName="first_person_tenses_active" computerName="ARPAN-LAP" duration="00:00:00.0255748" startTime="2014-06-29T12:31:36.7654914+05:30" endTime="2014-06-29T12:31:36.7914929+05:30" testType="13cdc9d9-ddb5-4fa4-a97d-d965ccfc6d4b" outcome="Passed" testListId="8c84fa94-04c1-424b-9868-57a2d4851a1d" relativeResultsDirectory="211ef6a2-a0ea-47b2-87a2-f63ba30658df" dataRowInfo="5" resultType="DataDrivenDataRow" />
        <UnitTestResult executionId="ca726fdb-9f3c-455b-b030-aea752744f0a" parentExecutionId="211ef6a2-a0ea-47b2-87a2-f63ba30658df" testId="921e6ab0-d7c2-6005-e523-6fd2d5e1a723" testName="first_person_tenses_active" computerName="ARPAN-LAP" duration="00:00:00.0249317" startTime="2014-06-29T12:31:36.7914929+05:30" endTime="2014-06-29T12:31:36.8164944+05:30" testType="13cdc9d9-ddb5-4fa4-a97d-d965ccfc6d4b" outcome="Passed" testListId="8c84fa94-04c1-424b-9868-57a2d4851a1d" relativeResultsDirectory="211ef6a2-a0ea-47b2-87a2-f63ba30658df" dataRowInfo="6" resultType="DataDrivenDataRow" />
        <UnitTestResult executionId="0c31e275-28ac-4d5c-8799-364179c218f3" parentExecutionId="211ef6a2-a0ea-47b2-87a2-f63ba30658df" testId="921e6ab0-d7c2-6005-e523-6fd2d5e1a723" testName="first_person_tenses_active" computerName="ARPAN-LAP" duration="00:00:00.0314302" startTime="2014-06-29T12:31:36.8164944+05:30" endTime="2014-06-29T12:31:36.8474961+05:30" testType="13cdc9d9-ddb5-4fa4-a97d-d965ccfc6d4b" outcome="Passed" testListId="8c84fa94-04c1-424b-9868-57a2d4851a1d" relativeResultsDirectory="211ef6a2-a0ea-47b2-87a2-f63ba30658df" dataRowInfo="7" resultType="DataDrivenDataRow" />
        <UnitTestResult executionId="d310c67e-8ae1-4970-b71e-80c3db912f2a" parentExecutionId="211ef6a2-a0ea-47b2-87a2-f63ba30658df" testId="921e6ab0-d7c2-6005-e523-6fd2d5e1a723" testName="first_person_tenses_active" computerName="ARPAN-LAP" duration="00:00:00.0266994" startTime="2014-06-29T12:31:36.8474961+05:30" endTime="2014-06-29T12:31:36.8744977+05:30" testType="13cdc9d9-ddb5-4fa4-a97d-d965ccfc6d4b" outcome="Passed" testListId="8c84fa94-04c1-424b-9868-57a2d4851a1d" relativeResultsDirectory="211ef6a2-a0ea-47b2-87a2-f63ba30658df" dataRowInfo="8" resultType="DataDrivenDataRow" />
        <UnitTestResult executionId="0ea426fd-e215-4f27-a336-bc6b9478df42" parentExecutionId="211ef6a2-a0ea-47b2-87a2-f63ba30658df" testId="921e6ab0-d7c2-6005-e523-6fd2d5e1a723" testName="first_person_tenses_active" computerName="ARPAN-LAP" duration="00:00:00.0290461" startTime="2014-06-29T12:31:36.8744977+05:30" endTime="2014-06-29T12:31:36.9034993+05:30" testType="13cdc9d9-ddb5-4fa4-a97d-d965ccfc6d4b" outcome="Passed" testListId="8c84fa94-04c1-424b-9868-57a2d4851a1d" relativeResultsDirectory="211ef6a2-a0ea-47b2-87a2-f63ba30658df" dataRowInfo="9" resultType="DataDrivenDataRow" />
      </InnerResults>
    </UnitTestResult>
    <UnitTestResult executionId="99ee31bd-0045-4b48-a4da-6cbd8ba2f3b9" testId="9319d01e-de3e-d310-c76e-cae8dce4c924" testName="all_persons_modal_should_negation" computerName="ARPAN-LAP" duration="00:00:00.5064228" startTime="2014-06-29T12:31:36.9335011+05:30" endTime="2014-06-29T12:31:37.5005335+05:30" testType="13cdc9d9-ddb5-4fa4-a97d-d965ccfc6d4b" outcome="Passed" testListId="8c84fa94-04c1-424b-9868-57a2d4851a1d" relativeResultsDirectory="99ee31bd-0045-4b48-a4da-6cbd8ba2f3b9" resultType="DataDrivenTest">
      <Counters error="0" failed="0" timeout="0" aborted="0" inconclusive="0" passedButRunAborted="0" notRunnable="0" notExecuted="0" disconnected="0" warning="0" passed="17" completed="0" inProgress="0" pending="0" />
      <InnerResults>
        <UnitTestResult executionId="c486958a-fd42-47e3-ab66-e66235f9dfdf" parentExecutionId="99ee31bd-0045-4b48-a4da-6cbd8ba2f3b9" testId="9319d01e-de3e-d310-c76e-cae8dce4c924" testName="all_persons_modal_should_negation" computerName="ARPAN-LAP" duration="00:00:00.0251883" startTime="2014-06-29T12:31:36.9475019+05:30" endTime="2014-06-29T12:31:36.9735033+05:30" testType="13cdc9d9-ddb5-4fa4-a97d-d965ccfc6d4b" outcome="Passed" testListId="8c84fa94-04c1-424b-9868-57a2d4851a1d" relativeResultsDirectory="99ee31bd-0045-4b48-a4da-6cbd8ba2f3b9" dataRowInfo="0" resultType="DataDrivenDataRow" />
        <UnitTestResult executionId="d19c126e-9476-4960-adfc-cfbd63354c0a" parentExecutionId="99ee31bd-0045-4b48-a4da-6cbd8ba2f3b9" testId="9319d01e-de3e-d310-c76e-cae8dce4c924" testName="all_persons_modal_should_negation" computerName="ARPAN-LAP" duration="00:00:00.0323310" startTime="2014-06-29T12:31:36.9735033+05:30" endTime="2014-06-29T12:31:37.0055052+05:30" testType="13cdc9d9-ddb5-4fa4-a97d-d965ccfc6d4b" outcome="Passed" testListId="8c84fa94-04c1-424b-9868-57a2d4851a1d" relativeResultsDirectory="99ee31bd-0045-4b48-a4da-6cbd8ba2f3b9" dataRowInfo="1" resultType="DataDrivenDataRow" />
        <UnitTestResult executionId="5b3b0f07-9c3a-461e-914b-0ea5cb293a3f" parentExecutionId="99ee31bd-0045-4b48-a4da-6cbd8ba2f3b9" testId="9319d01e-de3e-d310-c76e-cae8dce4c924" testName="all_persons_modal_should_negation" computerName="ARPAN-LAP" duration="00:00:00.0328905" startTime="2014-06-29T12:31:37.0055052+05:30" endTime="2014-06-29T12:31:37.0385071+05:30" testType="13cdc9d9-ddb5-4fa4-a97d-d965ccfc6d4b" outcome="Passed" testListId="8c84fa94-04c1-424b-9868-57a2d4851a1d" relativeResultsDirectory="99ee31bd-0045-4b48-a4da-6cbd8ba2f3b9" dataRowInfo="2" resultType="DataDrivenDataRow" />
        <UnitTestResult executionId="5e35abb0-ec92-4f8f-975e-7971ebcb7190" parentExecutionId="99ee31bd-0045-4b48-a4da-6cbd8ba2f3b9" testId="9319d01e-de3e-d310-c76e-cae8dce4c924" testName="all_persons_modal_should_negation" computerName="ARPAN-LAP" duration="00:00:00.0362668" startTime="2014-06-29T12:31:37.0385071+05:30" endTime="2014-06-29T12:31:37.0745091+05:30" testType="13cdc9d9-ddb5-4fa4-a97d-d965ccfc6d4b" outcome="Passed" testListId="8c84fa94-04c1-424b-9868-57a2d4851a1d" relativeResultsDirectory="99ee31bd-0045-4b48-a4da-6cbd8ba2f3b9" dataRowInfo="3" resultType="DataDrivenDataRow" />
        <UnitTestResult executionId="763932e0-4e0c-4703-b578-48463d905a75" parentExecutionId="99ee31bd-0045-4b48-a4da-6cbd8ba2f3b9" testId="9319d01e-de3e-d310-c76e-cae8dce4c924" testName="all_persons_modal_should_negation" computerName="ARPAN-LAP" duration="00:00:00.0215744" startTime="2014-06-29T12:31:37.0745091+05:30" endTime="2014-06-29T12:31:37.0965104+05:30" testType="13cdc9d9-ddb5-4fa4-a97d-d965ccfc6d4b" outcome="Passed" testListId="8c84fa94-04c1-424b-9868-57a2d4851a1d" relativeResultsDirectory="99ee31bd-0045-4b48-a4da-6cbd8ba2f3b9" dataRowInfo="4" resultType="DataDrivenDataRow" />
        <UnitTestResult executionId="013aac9d-9c82-4099-94a9-f44432b33f21" parentExecutionId="99ee31bd-0045-4b48-a4da-6cbd8ba2f3b9" testId="9319d01e-de3e-d310-c76e-cae8dce4c924" testName="all_persons_modal_should_negation" computerName="ARPAN-LAP" duration="00:00:00.0274616" startTime="2014-06-29T12:31:37.0965104+05:30" endTime="2014-06-29T12:31:37.1235119+05:30" testType="13cdc9d9-ddb5-4fa4-a97d-d965ccfc6d4b" outcome="Passed" testListId="8c84fa94-04c1-424b-9868-57a2d4851a1d" relativeResultsDirectory="99ee31bd-0045-4b48-a4da-6cbd8ba2f3b9" dataRowInfo="5" resultType="DataDrivenDataRow" />
        <UnitTestResult executionId="3d94822d-d25e-4177-84c2-001a205f684b" parentExecutionId="99ee31bd-0045-4b48-a4da-6cbd8ba2f3b9" testId="9319d01e-de3e-d310-c76e-cae8dce4c924" testName="all_persons_modal_should_negation" computerName="ARPAN-LAP" duration="00:00:00.0286339" startTime="2014-06-29T12:31:37.1235119+05:30" endTime="2014-06-29T12:31:37.1525136+05:30" testType="13cdc9d9-ddb5-4fa4-a97d-d965ccfc6d4b" outcome="Passed" testListId="8c84fa94-04c1-424b-9868-57a2d4851a1d" relativeResultsDirectory="99ee31bd-0045-4b48-a4da-6cbd8ba2f3b9" dataRowInfo="6" resultType="DataDrivenDataRow" />
        <UnitTestResult executionId="cbb0f982-47e0-406b-a0f4-eb6cecc36dae" parentExecutionId="99ee31bd-0045-4b48-a4da-6cbd8ba2f3b9" testId="9319d01e-de3e-d310-c76e-cae8dce4c924" testName="all_persons_modal_should_negation" computerName="ARPAN-LAP" duration="00:00:00.0340140" startTime="2014-06-29T12:31:37.1525136+05:30" endTime="2014-06-29T12:31:37.1865155+05:30" testType="13cdc9d9-ddb5-4fa4-a97d-d965ccfc6d4b" outcome="Passed" testListId="8c84fa94-04c1-424b-9868-57a2d4851a1d" relativeResultsDirectory="99ee31bd-0045-4b48-a4da-6cbd8ba2f3b9" dataRowInfo="7" resultType="DataDrivenDataRow" />
        <UnitTestResult executionId="2942de1d-ad81-4b43-b29c-8cef594f069d" parentExecutionId="99ee31bd-0045-4b48-a4da-6cbd8ba2f3b9" testId="9319d01e-de3e-d310-c76e-cae8dce4c924" testName="all_persons_modal_should_negation" computerName="ARPAN-LAP" duration="00:00:00.0230931" startTime="2014-06-29T12:31:37.1865155+05:30" endTime="2014-06-29T12:31:37.2095168+05:30" testType="13cdc9d9-ddb5-4fa4-a97d-d965ccfc6d4b" outcome="Passed" testListId="8c84fa94-04c1-424b-9868-57a2d4851a1d" relativeResultsDirectory="99ee31bd-0045-4b48-a4da-6cbd8ba2f3b9" dataRowInfo="8" resultType="DataDrivenDataRow" />
        <UnitTestResult executionId="ead6bfdf-543e-43a3-8a50-c7c50608603f" parentExecutionId="99ee31bd-0045-4b48-a4da-6cbd8ba2f3b9" testId="9319d01e-de3e-d310-c76e-cae8dce4c924" testName="all_persons_modal_should_negation" computerName="ARPAN-LAP" duration="00:00:00.0278353" startTime="2014-06-29T12:31:37.2095168+05:30" endTime="2014-06-29T12:31:37.2375184+05:30" testType="13cdc9d9-ddb5-4fa4-a97d-d965ccfc6d4b" outcome="Passed" testListId="8c84fa94-04c1-424b-9868-57a2d4851a1d" relativeResultsDirectory="99ee31bd-0045-4b48-a4da-6cbd8ba2f3b9" dataRowInfo="9" resultType="DataDrivenDataRow" />
        <UnitTestResult executionId="43ab5df0-6506-4619-80e6-822585e14cc0" parentExecutionId="99ee31bd-0045-4b48-a4da-6cbd8ba2f3b9" testId="9319d01e-de3e-d310-c76e-cae8dce4c924" testName="all_persons_modal_should_negation" computerName="ARPAN-LAP" duration="00:00:00.0283988" startTime="2014-06-29T12:31:37.2375184+05:30" endTime="2014-06-29T12:31:37.2665201+05:30" testType="13cdc9d9-ddb5-4fa4-a97d-d965ccfc6d4b" outcome="Passed" testListId="8c84fa94-04c1-424b-9868-57a2d4851a1d" relativeResultsDirectory="99ee31bd-0045-4b48-a4da-6cbd8ba2f3b9" dataRowInfo="10" resultType="DataDrivenDataRow" />
        <UnitTestResult executionId="3f31603e-8d67-4f34-ad64-cc837c34e0aa" parentExecutionId="99ee31bd-0045-4b48-a4da-6cbd8ba2f3b9" testId="9319d01e-de3e-d310-c76e-cae8dce4c924" testName="all_persons_modal_should_negation" computerName="ARPAN-LAP" duration="00:00:00.0329890" startTime="2014-06-29T12:31:37.2665201+05:30" endTime="2014-06-29T12:31:37.2995220+05:30" testType="13cdc9d9-ddb5-4fa4-a97d-d965ccfc6d4b" outcome="Passed" testListId="8c84fa94-04c1-424b-9868-57a2d4851a1d" relativeResultsDirectory="99ee31bd-0045-4b48-a4da-6cbd8ba2f3b9" dataRowInfo="11" resultType="DataDrivenDataRow" />
        <UnitTestResult executionId="d482202d-47ed-4803-8099-049d2fdde5f6" parentExecutionId="99ee31bd-0045-4b48-a4da-6cbd8ba2f3b9" testId="9319d01e-de3e-d310-c76e-cae8dce4c924" testName="all_persons_modal_should_negation" computerName="ARPAN-LAP" duration="00:00:00.0315190" startTime="2014-06-29T12:31:37.2995220+05:30" endTime="2014-06-29T12:31:37.3305238+05:30" testType="13cdc9d9-ddb5-4fa4-a97d-d965ccfc6d4b" outcome="Passed" testListId="8c84fa94-04c1-424b-9868-57a2d4851a1d" relativeResultsDirectory="99ee31bd-0045-4b48-a4da-6cbd8ba2f3b9" dataRowInfo="12" resultType="DataDrivenDataRow" />
        <UnitTestResult executionId="fcb55a96-6f4a-4e81-a803-c795f1294462" parentExecutionId="99ee31bd-0045-4b48-a4da-6cbd8ba2f3b9" testId="9319d01e-de3e-d310-c76e-cae8dce4c924" testName="all_persons_modal_should_negation" computerName="ARPAN-LAP" duration="00:00:00.0305443" startTime="2014-06-29T12:31:37.3305238+05:30" endTime="2014-06-29T12:31:37.3615255+05:30" testType="13cdc9d9-ddb5-4fa4-a97d-d965ccfc6d4b" outcome="Passed" testListId="8c84fa94-04c1-424b-9868-57a2d4851a1d" relativeResultsDirectory="99ee31bd-0045-4b48-a4da-6cbd8ba2f3b9" dataRowInfo="13" resultType="DataDrivenDataRow" />
        <UnitTestResult executionId="7cfa0cfd-f6e2-4d7a-a678-7a9f9c2aacf1" parentExecutionId="99ee31bd-0045-4b48-a4da-6cbd8ba2f3b9" testId="9319d01e-de3e-d310-c76e-cae8dce4c924" testName="all_persons_modal_should_negation" computerName="ARPAN-LAP" duration="00:00:00.0290630" startTime="2014-06-29T12:31:37.3615255+05:30" endTime="2014-06-29T12:31:37.3905272+05:30" testType="13cdc9d9-ddb5-4fa4-a97d-d965ccfc6d4b" outcome="Passed" testListId="8c84fa94-04c1-424b-9868-57a2d4851a1d" relativeResultsDirectory="99ee31bd-0045-4b48-a4da-6cbd8ba2f3b9" dataRowInfo="14" resultType="DataDrivenDataRow" />
        <UnitTestResult executionId="53936713-9b20-4c40-b06a-e7e31b6c7bef" parentExecutionId="99ee31bd-0045-4b48-a4da-6cbd8ba2f3b9" testId="9319d01e-de3e-d310-c76e-cae8dce4c924" testName="all_persons_modal_should_negation" computerName="ARPAN-LAP" duration="00:00:00.0278055" startTime="2014-06-29T12:31:37.3905272+05:30" endTime="2014-06-29T12:31:37.4185288+05:30" testType="13cdc9d9-ddb5-4fa4-a97d-d965ccfc6d4b" outcome="Passed" testListId="8c84fa94-04c1-424b-9868-57a2d4851a1d" relativeResultsDirectory="99ee31bd-0045-4b48-a4da-6cbd8ba2f3b9" dataRowInfo="15" resultType="DataDrivenDataRow" />
        <UnitTestResult executionId="dbb91b1c-04ee-4082-9cec-9f5cce57dbb8" parentExecutionId="99ee31bd-0045-4b48-a4da-6cbd8ba2f3b9" testId="9319d01e-de3e-d310-c76e-cae8dce4c924" testName="all_persons_modal_should_negation" computerName="ARPAN-LAP" duration="00:00:00.0341978" startTime="2014-06-29T12:31:37.4185288+05:30" endTime="2014-06-29T12:31:37.4525307+05:30" testType="13cdc9d9-ddb5-4fa4-a97d-d965ccfc6d4b" outcome="Passed" testListId="8c84fa94-04c1-424b-9868-57a2d4851a1d" relativeResultsDirectory="99ee31bd-0045-4b48-a4da-6cbd8ba2f3b9" dataRowInfo="16" resultType="DataDrivenDataRow" />
      </InnerResults>
    </UnitTestResult>
    <UnitTestResult executionId="c854be62-99c2-4370-8d53-3e7f621a1a39" testId="97a1371f-e8e6-db3e-323e-49ffeef32df1" testName="interrogative_sentences_which" computerName="ARPAN-LAP" duration="00:00:00.0532423" startTime="2014-06-29T12:31:37.5095340+05:30" endTime="2014-06-29T12:31:37.5765378+05:30" testType="13cdc9d9-ddb5-4fa4-a97d-d965ccfc6d4b" outcome="Passed" testListId="8c84fa94-04c1-424b-9868-57a2d4851a1d" relativeResultsDirectory="c854be62-99c2-4370-8d53-3e7f621a1a39" resultType="DataDrivenTest">
      <Counters error="0" failed="0" timeout="0" aborted="0" inconclusive="0" passedButRunAborted="0" notRunnable="0" notExecuted="0" disconnected="0" warning="0" passed="2" completed="0" inProgress="0" pending="0" />
      <InnerResults>
        <UnitTestResult executionId="4e551020-4ac9-4265-9903-5a6b619fb0c4" parentExecutionId="c854be62-99c2-4370-8d53-3e7f621a1a39" testId="97a1371f-e8e6-db3e-323e-49ffeef32df1" testName="interrogative_sentences_which" computerName="ARPAN-LAP" duration="00:00:00.0234473" startTime="2014-06-29T12:31:37.5165344+05:30" endTime="2014-06-29T12:31:37.5395357+05:30" testType="13cdc9d9-ddb5-4fa4-a97d-d965ccfc6d4b" outcome="Passed" testListId="8c84fa94-04c1-424b-9868-57a2d4851a1d" relativeResultsDirectory="c854be62-99c2-4370-8d53-3e7f621a1a39" dataRowInfo="0" resultType="DataDrivenDataRow" />
        <UnitTestResult executionId="fe12cdea-fa6a-473d-829c-4e72c6a2a961" parentExecutionId="c854be62-99c2-4370-8d53-3e7f621a1a39" testId="97a1371f-e8e6-db3e-323e-49ffeef32df1" testName="interrogative_sentences_which" computerName="ARPAN-LAP" duration="00:00:00.0280472" startTime="2014-06-29T12:31:37.5395357+05:30" endTime="2014-06-29T12:31:37.5675373+05:30" testType="13cdc9d9-ddb5-4fa4-a97d-d965ccfc6d4b" outcome="Passed" testListId="8c84fa94-04c1-424b-9868-57a2d4851a1d" relativeResultsDirectory="c854be62-99c2-4370-8d53-3e7f621a1a39" dataRowInfo="1" resultType="DataDrivenDataRow" />
      </InnerResults>
    </UnitTestResult>
    <UnitTestResult executionId="195993c4-cb3f-40c3-ba8e-a788dfd08198" testId="b9261b51-b0a2-10e2-9308-22bb2624de8b" testName="interrogative_sentences_where" computerName="ARPAN-LAP" duration="00:00:00.0895230" startTime="2014-06-29T12:31:37.5795380+05:30" endTime="2014-06-29T12:31:37.6845440+05:30" testType="13cdc9d9-ddb5-4fa4-a97d-d965ccfc6d4b" outcome="Passed" testListId="8c84fa94-04c1-424b-9868-57a2d4851a1d" relativeResultsDirectory="195993c4-cb3f-40c3-ba8e-a788dfd08198" resultType="DataDrivenTest">
      <Counters error="0" failed="0" timeout="0" aborted="0" inconclusive="0" passedButRunAborted="0" notRunnable="0" notExecuted="0" disconnected="0" warning="0" passed="3" completed="0" inProgress="0" pending="0" />
      <InnerResults>
        <UnitTestResult executionId="6f4a2731-4d56-4ae2-8665-beba9340979a" parentExecutionId="195993c4-cb3f-40c3-ba8e-a788dfd08198" testId="b9261b51-b0a2-10e2-9308-22bb2624de8b" testName="interrogative_sentences_where" computerName="ARPAN-LAP" duration="00:00:00.0273713" startTime="2014-06-29T12:31:37.5845383+05:30" endTime="2014-06-29T12:31:37.6115398+05:30" testType="13cdc9d9-ddb5-4fa4-a97d-d965ccfc6d4b" outcome="Passed" testListId="8c84fa94-04c1-424b-9868-57a2d4851a1d" relativeResultsDirectory="195993c4-cb3f-40c3-ba8e-a788dfd08198" dataRowInfo="0" resultType="DataDrivenDataRow" />
        <UnitTestResult executionId="e5ac5ef4-8440-4ba8-b112-16918a2bdb8f" parentExecutionId="195993c4-cb3f-40c3-ba8e-a788dfd08198" testId="b9261b51-b0a2-10e2-9308-22bb2624de8b" testName="interrogative_sentences_where" computerName="ARPAN-LAP" duration="00:00:00.0269801" startTime="2014-06-29T12:31:37.6115398+05:30" endTime="2014-06-29T12:31:37.6385414+05:30" testType="13cdc9d9-ddb5-4fa4-a97d-d965ccfc6d4b" outcome="Passed" testListId="8c84fa94-04c1-424b-9868-57a2d4851a1d" relativeResultsDirectory="195993c4-cb3f-40c3-ba8e-a788dfd08198" dataRowInfo="1" resultType="DataDrivenDataRow" />
        <UnitTestResult executionId="f86374d9-b9bb-4472-b55a-73c06caa02df" parentExecutionId="195993c4-cb3f-40c3-ba8e-a788dfd08198" testId="b9261b51-b0a2-10e2-9308-22bb2624de8b" testName="interrogative_sentences_where" computerName="ARPAN-LAP" duration="00:00:00.0332836" startTime="2014-06-29T12:31:37.6385414+05:30" endTime="2014-06-29T12:31:37.6725433+05:30" testType="13cdc9d9-ddb5-4fa4-a97d-d965ccfc6d4b" outcome="Passed" testListId="8c84fa94-04c1-424b-9868-57a2d4851a1d" relativeResultsDirectory="195993c4-cb3f-40c3-ba8e-a788dfd08198" dataRowInfo="2" resultType="DataDrivenDataRow" />
      </InnerResults>
    </UnitTestResult>
    <UnitTestResult executionId="c9d310bc-fdb3-4966-a9bd-edded059f127" testId="bdfe92b2-f4ac-73a5-f13d-5c1ea13721b4" testName="all_persons_tenses_passive_negation" computerName="ARPAN-LAP" duration="00:00:00.3283058" startTime="2014-06-29T12:31:37.6885442+05:30" endTime="2014-06-29T12:31:38.0805667+05:30" testType="13cdc9d9-ddb5-4fa4-a97d-d965ccfc6d4b" outcome="Passed" testListId="8c84fa94-04c1-424b-9868-57a2d4851a1d" relativeResultsDirectory="c9d310bc-fdb3-4966-a9bd-edded059f127" resultType="DataDrivenTest">
      <Counters error="0" failed="0" timeout="0" aborted="0" inconclusive="0" passedButRunAborted="0" notRunnable="0" notExecuted="0" disconnected="0" warning="0" passed="10" completed="0" inProgress="0" pending="0" />
      <InnerResults>
        <UnitTestResult executionId="a3313acf-85ba-424e-b274-eac0eb5a758a" parentExecutionId="c9d310bc-fdb3-4966-a9bd-edded059f127" testId="bdfe92b2-f4ac-73a5-f13d-5c1ea13721b4" testName="all_persons_tenses_passive_negation" computerName="ARPAN-LAP" duration="00:00:00.0274180" startTime="2014-06-29T12:31:37.7245463+05:30" endTime="2014-06-29T12:31:37.7515478+05:30" testType="13cdc9d9-ddb5-4fa4-a97d-d965ccfc6d4b" outcome="Passed" testListId="8c84fa94-04c1-424b-9868-57a2d4851a1d" relativeResultsDirectory="c9d310bc-fdb3-4966-a9bd-edded059f127" dataRowInfo="0" resultType="DataDrivenDataRow" />
        <UnitTestResult executionId="b3433322-34b9-4c04-956b-0c029679fd63" parentExecutionId="c9d310bc-fdb3-4966-a9bd-edded059f127" testId="bdfe92b2-f4ac-73a5-f13d-5c1ea13721b4" testName="all_persons_tenses_passive_negation" computerName="ARPAN-LAP" duration="00:00:00.0310586" startTime="2014-06-29T12:31:37.7515478+05:30" endTime="2014-06-29T12:31:37.7825496+05:30" testType="13cdc9d9-ddb5-4fa4-a97d-d965ccfc6d4b" outcome="Passed" testListId="8c84fa94-04c1-424b-9868-57a2d4851a1d" relativeResultsDirectory="c9d310bc-fdb3-4966-a9bd-edded059f127" dataRowInfo="1" resultType="DataDrivenDataRow" />
        <UnitTestResult executionId="dab7d186-cfe3-4e04-a034-2cd2187ea705" parentExecutionId="c9d310bc-fdb3-4966-a9bd-edded059f127" testId="bdfe92b2-f4ac-73a5-f13d-5c1ea13721b4" testName="all_persons_tenses_passive_negation" computerName="ARPAN-LAP" duration="00:00:00.0324799" startTime="2014-06-29T12:31:37.7825496+05:30" endTime="2014-06-29T12:31:37.8155515+05:30" testType="13cdc9d9-ddb5-4fa4-a97d-d965ccfc6d4b" outcome="Passed" testListId="8c84fa94-04c1-424b-9868-57a2d4851a1d" relativeResultsDirectory="c9d310bc-fdb3-4966-a9bd-edded059f127" dataRowInfo="2" resultType="DataDrivenDataRow" />
        <UnitTestResult executionId="d9b0b9d3-e750-40cd-8c4a-f9c02d4070d8" parentExecutionId="c9d310bc-fdb3-4966-a9bd-edded059f127" testId="bdfe92b2-f4ac-73a5-f13d-5c1ea13721b4" testName="all_persons_tenses_passive_negation" computerName="ARPAN-LAP" duration="00:00:00.0375228" startTime="2014-06-29T12:31:37.8155515+05:30" endTime="2014-06-29T12:31:37.8525536+05:30" testType="13cdc9d9-ddb5-4fa4-a97d-d965ccfc6d4b" outcome="Passed" testListId="8c84fa94-04c1-424b-9868-57a2d4851a1d" relativeResultsDirectory="c9d310bc-fdb3-4966-a9bd-edded059f127" dataRowInfo="3" resultType="DataDrivenDataRow" />
        <UnitTestResult executionId="b9fc45f8-d700-4b59-b223-800091935eb5" parentExecutionId="c9d310bc-fdb3-4966-a9bd-edded059f127" testId="bdfe92b2-f4ac-73a5-f13d-5c1ea13721b4" testName="all_persons_tenses_passive_negation" computerName="ARPAN-LAP" duration="00:00:00.0237234" startTime="2014-06-29T12:31:37.8535537+05:30" endTime="2014-06-29T12:31:37.8765550+05:30" testType="13cdc9d9-ddb5-4fa4-a97d-d965ccfc6d4b" outcome="Passed" testListId="8c84fa94-04c1-424b-9868-57a2d4851a1d" relativeResultsDirectory="c9d310bc-fdb3-4966-a9bd-edded059f127" dataRowInfo="4" resultType="DataDrivenDataRow" />
        <UnitTestResult executionId="5792a613-1c42-4907-aa97-ba6e5521b4b0" parentExecutionId="c9d310bc-fdb3-4966-a9bd-edded059f127" testId="bdfe92b2-f4ac-73a5-f13d-5c1ea13721b4" testName="all_persons_tenses_passive_negation" computerName="ARPAN-LAP" duration="00:00:00.0284758" startTime="2014-06-29T12:31:37.8765550+05:30" endTime="2014-06-29T12:31:37.9055567+05:30" testType="13cdc9d9-ddb5-4fa4-a97d-d965ccfc6d4b" outcome="Passed" testListId="8c84fa94-04c1-424b-9868-57a2d4851a1d" relativeResultsDirectory="c9d310bc-fdb3-4966-a9bd-edded059f127" dataRowInfo="5" resultType="DataDrivenDataRow" />
        <UnitTestResult executionId="0b9d2809-4580-4ac4-8d8c-33132538d79d" parentExecutionId="c9d310bc-fdb3-4966-a9bd-edded059f127" testId="bdfe92b2-f4ac-73a5-f13d-5c1ea13721b4" testName="all_persons_tenses_passive_negation" computerName="ARPAN-LAP" duration="00:00:00.0375505" startTime="2014-06-29T12:31:37.9055567+05:30" endTime="2014-06-29T12:31:37.9425588+05:30" testType="13cdc9d9-ddb5-4fa4-a97d-d965ccfc6d4b" outcome="Passed" testListId="8c84fa94-04c1-424b-9868-57a2d4851a1d" relativeResultsDirectory="c9d310bc-fdb3-4966-a9bd-edded059f127" dataRowInfo="6" resultType="DataDrivenDataRow" />
        <UnitTestResult executionId="09dade45-5010-4361-9e1f-796f94242ae7" parentExecutionId="c9d310bc-fdb3-4966-a9bd-edded059f127" testId="bdfe92b2-f4ac-73a5-f13d-5c1ea13721b4" testName="all_persons_tenses_passive_negation" computerName="ARPAN-LAP" duration="00:00:00.0361775" startTime="2014-06-29T12:31:37.9425588+05:30" endTime="2014-06-29T12:31:37.9795609+05:30" testType="13cdc9d9-ddb5-4fa4-a97d-d965ccfc6d4b" outcome="Passed" testListId="8c84fa94-04c1-424b-9868-57a2d4851a1d" relativeResultsDirectory="c9d310bc-fdb3-4966-a9bd-edded059f127" dataRowInfo="7" resultType="DataDrivenDataRow" />
        <UnitTestResult executionId="efdddb8d-760a-4866-a652-0e7183011130" parentExecutionId="c9d310bc-fdb3-4966-a9bd-edded059f127" testId="bdfe92b2-f4ac-73a5-f13d-5c1ea13721b4" testName="all_persons_tenses_passive_negation" computerName="ARPAN-LAP" duration="00:00:00.0348753" startTime="2014-06-29T12:31:37.9795609+05:30" endTime="2014-06-29T12:31:38.0145629+05:30" testType="13cdc9d9-ddb5-4fa4-a97d-d965ccfc6d4b" outcome="Passed" testListId="8c84fa94-04c1-424b-9868-57a2d4851a1d" relativeResultsDirectory="c9d310bc-fdb3-4966-a9bd-edded059f127" dataRowInfo="8" resultType="DataDrivenDataRow" />
        <UnitTestResult executionId="c8505834-465e-4f9f-8d7b-fa4e449a69c5" parentExecutionId="c9d310bc-fdb3-4966-a9bd-edded059f127" testId="bdfe92b2-f4ac-73a5-f13d-5c1ea13721b4" testName="all_persons_tenses_passive_negation" computerName="ARPAN-LAP" duration="00:00:00.0367467" startTime="2014-06-29T12:31:38.0145629+05:30" endTime="2014-06-29T12:31:38.0505649+05:30" testType="13cdc9d9-ddb5-4fa4-a97d-d965ccfc6d4b" outcome="Passed" testListId="8c84fa94-04c1-424b-9868-57a2d4851a1d" relativeResultsDirectory="c9d310bc-fdb3-4966-a9bd-edded059f127" dataRowInfo="9" resultType="DataDrivenDataRow" />
      </InnerResults>
    </UnitTestResult>
    <UnitTestResult executionId="0420b637-ca92-4259-9200-6e31637ba9d1" testId="c79146bc-2376-961a-5de9-441b5dfc7188" testName="auxiliary_verbs_as_main_verbs" computerName="ARPAN-LAP" duration="00:00:00.7270214" startTime="2014-06-29T12:31:38.0865670+05:30" endTime="2014-06-29T12:31:38.8866128+05:30" testType="13cdc9d9-ddb5-4fa4-a97d-d965ccfc6d4b" outcome="Passed" testListId="8c84fa94-04c1-424b-9868-57a2d4851a1d" relativeResultsDirectory="0420b637-ca92-4259-9200-6e31637ba9d1" resultType="DataDrivenTest">
      <Counters error="0" failed="0" timeout="0" aborted="0" inconclusive="0" passedButRunAborted="0" notRunnable="0" notExecuted="0" disconnected="0" warning="0" passed="25" completed="0" inProgress="0" pending="0" />
      <InnerResults>
        <UnitTestResult executionId="143fcedb-822e-4512-9c91-44893d2ddcb9" parentExecutionId="0420b637-ca92-4259-9200-6e31637ba9d1" testId="c79146bc-2376-961a-5de9-441b5dfc7188" testName="auxiliary_verbs_as_main_verbs" computerName="ARPAN-LAP" duration="00:00:00.0299720" startTime="2014-06-29T12:31:38.0935674+05:30" endTime="2014-06-29T12:31:38.1235691+05:30" testType="13cdc9d9-ddb5-4fa4-a97d-d965ccfc6d4b" outcome="Passed" testListId="8c84fa94-04c1-424b-9868-57a2d4851a1d" relativeResultsDirectory="0420b637-ca92-4259-9200-6e31637ba9d1" dataRowInfo="0" resultType="DataDrivenDataRow" />
        <UnitTestResult executionId="5d77d32b-d238-4c78-b5a7-247a54d2253a" parentExecutionId="0420b637-ca92-4259-9200-6e31637ba9d1" testId="c79146bc-2376-961a-5de9-441b5dfc7188" testName="auxiliary_verbs_as_main_verbs" computerName="ARPAN-LAP" duration="00:00:00.0293217" startTime="2014-06-29T12:31:38.1235691+05:30" endTime="2014-06-29T12:31:38.1525708+05:30" testType="13cdc9d9-ddb5-4fa4-a97d-d965ccfc6d4b" outcome="Passed" testListId="8c84fa94-04c1-424b-9868-57a2d4851a1d" relativeResultsDirectory="0420b637-ca92-4259-9200-6e31637ba9d1" dataRowInfo="1" resultType="DataDrivenDataRow" />
        <UnitTestResult executionId="7ab34f87-bc1f-4dbe-a755-cbd7849b05e1" parentExecutionId="0420b637-ca92-4259-9200-6e31637ba9d1" testId="c79146bc-2376-961a-5de9-441b5dfc7188" testName="auxiliary_verbs_as_main_verbs" computerName="ARPAN-LAP" duration="00:00:00.0359121" startTime="2014-06-29T12:31:38.1525708+05:30" endTime="2014-06-29T12:31:38.1885728+05:30" testType="13cdc9d9-ddb5-4fa4-a97d-d965ccfc6d4b" outcome="Passed" testListId="8c84fa94-04c1-424b-9868-57a2d4851a1d" relativeResultsDirectory="0420b637-ca92-4259-9200-6e31637ba9d1" dataRowInfo="2" resultType="DataDrivenDataRow" />
        <UnitTestResult executionId="8aef8038-9304-498d-b4b9-fe1066282889" parentExecutionId="0420b637-ca92-4259-9200-6e31637ba9d1" testId="c79146bc-2376-961a-5de9-441b5dfc7188" testName="auxiliary_verbs_as_main_verbs" computerName="ARPAN-LAP" duration="00:00:00.0369684" startTime="2014-06-29T12:31:38.1885728+05:30" endTime="2014-06-29T12:31:38.2255750+05:30" testType="13cdc9d9-ddb5-4fa4-a97d-d965ccfc6d4b" outcome="Passed" testListId="8c84fa94-04c1-424b-9868-57a2d4851a1d" relativeResultsDirectory="0420b637-ca92-4259-9200-6e31637ba9d1" dataRowInfo="3" resultType="DataDrivenDataRow" />
        <UnitTestResult executionId="d9f6b063-87a2-47db-a8e0-c0bfeb109648" parentExecutionId="0420b637-ca92-4259-9200-6e31637ba9d1" testId="c79146bc-2376-961a-5de9-441b5dfc7188" testName="auxiliary_verbs_as_main_verbs" computerName="ARPAN-LAP" duration="00:00:00.0342963" startTime="2014-06-29T12:31:38.2255750+05:30" endTime="2014-06-29T12:31:38.2605770+05:30" testType="13cdc9d9-ddb5-4fa4-a97d-d965ccfc6d4b" outcome="Passed" testListId="8c84fa94-04c1-424b-9868-57a2d4851a1d" relativeResultsDirectory="0420b637-ca92-4259-9200-6e31637ba9d1" dataRowInfo="4" resultType="DataDrivenDataRow" />
        <UnitTestResult executionId="60d533c9-5e8b-4811-b2a1-4645ded9b0d2" parentExecutionId="0420b637-ca92-4259-9200-6e31637ba9d1" testId="c79146bc-2376-961a-5de9-441b5dfc7188" testName="auxiliary_verbs_as_main_verbs" computerName="ARPAN-LAP" duration="00:00:00.0308184" startTime="2014-06-29T12:31:38.2605770+05:30" endTime="2014-06-29T12:31:38.2905787+05:30" testType="13cdc9d9-ddb5-4fa4-a97d-d965ccfc6d4b" outcome="Passed" testListId="8c84fa94-04c1-424b-9868-57a2d4851a1d" relativeResultsDirectory="0420b637-ca92-4259-9200-6e31637ba9d1" dataRowInfo="5" resultType="DataDrivenDataRow" />
        <UnitTestResult executionId="ee96dbd7-fb59-45de-bd9b-366168d9a705" parentExecutionId="0420b637-ca92-4259-9200-6e31637ba9d1" testId="c79146bc-2376-961a-5de9-441b5dfc7188" testName="auxiliary_verbs_as_main_verbs" computerName="ARPAN-LAP" duration="00:00:00.0317433" startTime="2014-06-29T12:31:38.2915787+05:30" endTime="2014-06-29T12:31:38.3225805+05:30" testType="13cdc9d9-ddb5-4fa4-a97d-d965ccfc6d4b" outcome="Passed" testListId="8c84fa94-04c1-424b-9868-57a2d4851a1d" relativeResultsDirectory="0420b637-ca92-4259-9200-6e31637ba9d1" dataRowInfo="6" resultType="DataDrivenDataRow" />
        <UnitTestResult executionId="5d17be9a-2b09-42db-aead-d71ddeeb03f2" parentExecutionId="0420b637-ca92-4259-9200-6e31637ba9d1" testId="c79146bc-2376-961a-5de9-441b5dfc7188" testName="auxiliary_verbs_as_main_verbs" computerName="ARPAN-LAP" duration="00:00:00.0329485" startTime="2014-06-29T12:31:38.3225805+05:30" endTime="2014-06-29T12:31:38.3555824+05:30" testType="13cdc9d9-ddb5-4fa4-a97d-d965ccfc6d4b" outcome="Passed" testListId="8c84fa94-04c1-424b-9868-57a2d4851a1d" relativeResultsDirectory="0420b637-ca92-4259-9200-6e31637ba9d1" dataRowInfo="7" resultType="DataDrivenDataRow" />
        <UnitTestResult executionId="dccc1beb-1eaf-4ddd-86be-02ec217be0df" parentExecutionId="0420b637-ca92-4259-9200-6e31637ba9d1" testId="c79146bc-2376-961a-5de9-441b5dfc7188" testName="auxiliary_verbs_as_main_verbs" computerName="ARPAN-LAP" duration="00:00:00.0485971" startTime="2014-06-29T12:31:38.3555824+05:30" endTime="2014-06-29T12:31:38.4045852+05:30" testType="13cdc9d9-ddb5-4fa4-a97d-d965ccfc6d4b" outcome="Passed" testListId="8c84fa94-04c1-424b-9868-57a2d4851a1d" relativeResultsDirectory="0420b637-ca92-4259-9200-6e31637ba9d1" dataRowInfo="8" resultType="DataDrivenDataRow" />
        <UnitTestResult executionId="43b3cece-6299-451c-bdbe-7e8d6b976aeb" parentExecutionId="0420b637-ca92-4259-9200-6e31637ba9d1" testId="c79146bc-2376-961a-5de9-441b5dfc7188" testName="auxiliary_verbs_as_main_verbs" computerName="ARPAN-LAP" duration="00:00:00.0209600" startTime="2014-06-29T12:31:38.4045852+05:30" endTime="2014-06-29T12:31:38.4255864+05:30" testType="13cdc9d9-ddb5-4fa4-a97d-d965ccfc6d4b" outcome="Passed" testListId="8c84fa94-04c1-424b-9868-57a2d4851a1d" relativeResultsDirectory="0420b637-ca92-4259-9200-6e31637ba9d1" dataRowInfo="9" resultType="DataDrivenDataRow" />
        <UnitTestResult executionId="eca245bd-e8e7-4a6a-8df8-6e8b4bfb5f08" parentExecutionId="0420b637-ca92-4259-9200-6e31637ba9d1" testId="c79146bc-2376-961a-5de9-441b5dfc7188" testName="auxiliary_verbs_as_main_verbs" computerName="ARPAN-LAP" duration="00:00:00.0199509" startTime="2014-06-29T12:31:38.4255864+05:30" endTime="2014-06-29T12:31:38.4455875+05:30" testType="13cdc9d9-ddb5-4fa4-a97d-d965ccfc6d4b" outcome="Passed" testListId="8c84fa94-04c1-424b-9868-57a2d4851a1d" relativeResultsDirectory="0420b637-ca92-4259-9200-6e31637ba9d1" dataRowInfo="10" resultType="DataDrivenDataRow" />
        <UnitTestResult executionId="26077e8b-ebc1-4978-b81f-e1df23802cd4" parentExecutionId="0420b637-ca92-4259-9200-6e31637ba9d1" testId="c79146bc-2376-961a-5de9-441b5dfc7188" testName="auxiliary_verbs_as_main_verbs" computerName="ARPAN-LAP" duration="00:00:00.0278491" startTime="2014-06-29T12:31:38.4455875+05:30" endTime="2014-06-29T12:31:38.4735891+05:30" testType="13cdc9d9-ddb5-4fa4-a97d-d965ccfc6d4b" outcome="Passed" testListId="8c84fa94-04c1-424b-9868-57a2d4851a1d" relativeResultsDirectory="0420b637-ca92-4259-9200-6e31637ba9d1" dataRowInfo="11" resultType="DataDrivenDataRow" />
        <UnitTestResult executionId="cce0bc4a-f0b7-4f1a-b923-a99f812e6c45" parentExecutionId="0420b637-ca92-4259-9200-6e31637ba9d1" testId="c79146bc-2376-961a-5de9-441b5dfc7188" testName="auxiliary_verbs_as_main_verbs" computerName="ARPAN-LAP" duration="00:00:00.0307024" startTime="2014-06-29T12:31:38.4735891+05:30" endTime="2014-06-29T12:31:38.5045909+05:30" testType="13cdc9d9-ddb5-4fa4-a97d-d965ccfc6d4b" outcome="Passed" testListId="8c84fa94-04c1-424b-9868-57a2d4851a1d" relativeResultsDirectory="0420b637-ca92-4259-9200-6e31637ba9d1" dataRowInfo="12" resultType="DataDrivenDataRow" />
        <UnitTestResult executionId="f4bbe306-1a12-45cf-b580-b9a612965556" parentExecutionId="0420b637-ca92-4259-9200-6e31637ba9d1" testId="c79146bc-2376-961a-5de9-441b5dfc7188" testName="auxiliary_verbs_as_main_verbs" computerName="ARPAN-LAP" duration="00:00:00.0293535" startTime="2014-06-29T12:31:38.5045909+05:30" endTime="2014-06-29T12:31:38.5335926+05:30" testType="13cdc9d9-ddb5-4fa4-a97d-d965ccfc6d4b" outcome="Passed" testListId="8c84fa94-04c1-424b-9868-57a2d4851a1d" relativeResultsDirectory="0420b637-ca92-4259-9200-6e31637ba9d1" dataRowInfo="13" resultType="DataDrivenDataRow" />
        <UnitTestResult executionId="21871557-55ce-4917-b29f-5b4312fb3300" parentExecutionId="0420b637-ca92-4259-9200-6e31637ba9d1" testId="c79146bc-2376-961a-5de9-441b5dfc7188" testName="auxiliary_verbs_as_main_verbs" computerName="ARPAN-LAP" duration="00:00:00.0219080" startTime="2014-06-29T12:31:38.5335926+05:30" endTime="2014-06-29T12:31:38.5555938+05:30" testType="13cdc9d9-ddb5-4fa4-a97d-d965ccfc6d4b" outcome="Passed" testListId="8c84fa94-04c1-424b-9868-57a2d4851a1d" relativeResultsDirectory="0420b637-ca92-4259-9200-6e31637ba9d1" dataRowInfo="14" resultType="DataDrivenDataRow" />
        <UnitTestResult executionId="40889642-8c55-453f-ae37-bf1421d5958e" parentExecutionId="0420b637-ca92-4259-9200-6e31637ba9d1" testId="c79146bc-2376-961a-5de9-441b5dfc7188" testName="auxiliary_verbs_as_main_verbs" computerName="ARPAN-LAP" duration="00:00:00.0214419" startTime="2014-06-29T12:31:38.5555938+05:30" endTime="2014-06-29T12:31:38.5765950+05:30" testType="13cdc9d9-ddb5-4fa4-a97d-d965ccfc6d4b" outcome="Passed" testListId="8c84fa94-04c1-424b-9868-57a2d4851a1d" relativeResultsDirectory="0420b637-ca92-4259-9200-6e31637ba9d1" dataRowInfo="15" resultType="DataDrivenDataRow" />
        <UnitTestResult executionId="707d6d73-ea6c-4d1b-af35-68b6c3ac4f2f" parentExecutionId="0420b637-ca92-4259-9200-6e31637ba9d1" testId="c79146bc-2376-961a-5de9-441b5dfc7188" testName="auxiliary_verbs_as_main_verbs" computerName="ARPAN-LAP" duration="00:00:00.0290250" startTime="2014-06-29T12:31:38.5765950+05:30" endTime="2014-06-29T12:31:38.6055967+05:30" testType="13cdc9d9-ddb5-4fa4-a97d-d965ccfc6d4b" outcome="Passed" testListId="8c84fa94-04c1-424b-9868-57a2d4851a1d" relativeResultsDirectory="0420b637-ca92-4259-9200-6e31637ba9d1" dataRowInfo="16" resultType="DataDrivenDataRow" />
        <UnitTestResult executionId="9638a172-3036-42d4-84fc-fc7136717740" parentExecutionId="0420b637-ca92-4259-9200-6e31637ba9d1" testId="c79146bc-2376-961a-5de9-441b5dfc7188" testName="auxiliary_verbs_as_main_verbs" computerName="ARPAN-LAP" duration="00:00:00.0352977" startTime="2014-06-29T12:31:38.6065968+05:30" endTime="2014-06-29T12:31:38.6415988+05:30" testType="13cdc9d9-ddb5-4fa4-a97d-d965ccfc6d4b" outcome="Passed" testListId="8c84fa94-04c1-424b-9868-57a2d4851a1d" relativeResultsDirectory="0420b637-ca92-4259-9200-6e31637ba9d1" dataRowInfo="17" resultType="DataDrivenDataRow" />
        <UnitTestResult executionId="8052fb8c-99f2-4f94-a4c6-4f96b5e98752" parentExecutionId="0420b637-ca92-4259-9200-6e31637ba9d1" testId="c79146bc-2376-961a-5de9-441b5dfc7188" testName="auxiliary_verbs_as_main_verbs" computerName="ARPAN-LAP" duration="00:00:00.0245657" startTime="2014-06-29T12:31:38.6415988+05:30" endTime="2014-06-29T12:31:38.6656001+05:30" testType="13cdc9d9-ddb5-4fa4-a97d-d965ccfc6d4b" outcome="Passed" testListId="8c84fa94-04c1-424b-9868-57a2d4851a1d" relativeResultsDirectory="0420b637-ca92-4259-9200-6e31637ba9d1" dataRowInfo="18" resultType="DataDrivenDataRow" />
        <UnitTestResult executionId="16700bee-3d9b-4d11-a987-ad412f982df5" parentExecutionId="0420b637-ca92-4259-9200-6e31637ba9d1" testId="c79146bc-2376-961a-5de9-441b5dfc7188" testName="auxiliary_verbs_as_main_verbs" computerName="ARPAN-LAP" duration="00:00:00.0297164" startTime="2014-06-29T12:31:38.6656001+05:30" endTime="2014-06-29T12:31:38.6956018+05:30" testType="13cdc9d9-ddb5-4fa4-a97d-d965ccfc6d4b" outcome="Passed" testListId="8c84fa94-04c1-424b-9868-57a2d4851a1d" relativeResultsDirectory="0420b637-ca92-4259-9200-6e31637ba9d1" dataRowInfo="19" resultType="DataDrivenDataRow" />
        <UnitTestResult executionId="32b9f487-77c7-4b2d-bdc7-8d5aa7495e5f" parentExecutionId="0420b637-ca92-4259-9200-6e31637ba9d1" testId="c79146bc-2376-961a-5de9-441b5dfc7188" testName="auxiliary_verbs_as_main_verbs" computerName="ARPAN-LAP" duration="00:00:00.0268996" startTime="2014-06-29T12:31:38.6956018+05:30" endTime="2014-06-29T12:31:38.7226034+05:30" testType="13cdc9d9-ddb5-4fa4-a97d-d965ccfc6d4b" outcome="Passed" testListId="8c84fa94-04c1-424b-9868-57a2d4851a1d" relativeResultsDirectory="0420b637-ca92-4259-9200-6e31637ba9d1" dataRowInfo="20" resultType="DataDrivenDataRow" />
        <UnitTestResult executionId="9221b585-e923-4505-9f39-05f9779282fc" parentExecutionId="0420b637-ca92-4259-9200-6e31637ba9d1" testId="c79146bc-2376-961a-5de9-441b5dfc7188" testName="auxiliary_verbs_as_main_verbs" computerName="ARPAN-LAP" duration="00:00:00.0274344" startTime="2014-06-29T12:31:38.7226034+05:30" endTime="2014-06-29T12:31:38.7506050+05:30" testType="13cdc9d9-ddb5-4fa4-a97d-d965ccfc6d4b" outcome="Passed" testListId="8c84fa94-04c1-424b-9868-57a2d4851a1d" relativeResultsDirectory="0420b637-ca92-4259-9200-6e31637ba9d1" dataRowInfo="21" resultType="DataDrivenDataRow" />
        <UnitTestResult executionId="5f86659f-b9c3-4304-842b-4c5c7d3952d4" parentExecutionId="0420b637-ca92-4259-9200-6e31637ba9d1" testId="c79146bc-2376-961a-5de9-441b5dfc7188" testName="auxiliary_verbs_as_main_verbs" computerName="ARPAN-LAP" duration="00:00:00.0185070" startTime="2014-06-29T12:31:38.7506050+05:30" endTime="2014-06-29T12:31:38.7686060+05:30" testType="13cdc9d9-ddb5-4fa4-a97d-d965ccfc6d4b" outcome="Passed" testListId="8c84fa94-04c1-424b-9868-57a2d4851a1d" relativeResultsDirectory="0420b637-ca92-4259-9200-6e31637ba9d1" dataRowInfo="22" resultType="DataDrivenDataRow" />
        <UnitTestResult executionId="bee5fdf8-602b-4a48-9baa-fc605cfa4214" parentExecutionId="0420b637-ca92-4259-9200-6e31637ba9d1" testId="c79146bc-2376-961a-5de9-441b5dfc7188" testName="auxiliary_verbs_as_main_verbs" computerName="ARPAN-LAP" duration="00:00:00.0201783" startTime="2014-06-29T12:31:38.7686060+05:30" endTime="2014-06-29T12:31:38.7886072+05:30" testType="13cdc9d9-ddb5-4fa4-a97d-d965ccfc6d4b" outcome="Passed" testListId="8c84fa94-04c1-424b-9868-57a2d4851a1d" relativeResultsDirectory="0420b637-ca92-4259-9200-6e31637ba9d1" dataRowInfo="23" resultType="DataDrivenDataRow" />
        <UnitTestResult executionId="818aa23d-8a7b-4f31-8c00-c5cf49d46a2d" parentExecutionId="0420b637-ca92-4259-9200-6e31637ba9d1" testId="c79146bc-2376-961a-5de9-441b5dfc7188" testName="auxiliary_verbs_as_main_verbs" computerName="ARPAN-LAP" duration="00:00:00.0291015" startTime="2014-06-29T12:31:38.7886072+05:30" endTime="2014-06-29T12:31:38.8186089+05:30" testType="13cdc9d9-ddb5-4fa4-a97d-d965ccfc6d4b" outcome="Passed" testListId="8c84fa94-04c1-424b-9868-57a2d4851a1d" relativeResultsDirectory="0420b637-ca92-4259-9200-6e31637ba9d1" dataRowInfo="24" resultType="DataDrivenDataRow" />
      </InnerResults>
    </UnitTestResult>
    <UnitTestResult executionId="3a29094d-5538-4d94-9946-573c629c1705" testId="d03eb628-bf1f-c27d-aeef-e708d613d686" testName="all_persons_modal_can_may_negation" computerName="ARPAN-LAP" duration="00:00:00.6490239" startTime="2014-06-29T12:31:38.8956133+05:30" endTime="2014-06-29T12:31:39.6136544+05:30" testType="13cdc9d9-ddb5-4fa4-a97d-d965ccfc6d4b" outcome="Passed" testListId="8c84fa94-04c1-424b-9868-57a2d4851a1d" relativeResultsDirectory="3a29094d-5538-4d94-9946-573c629c1705" resultType="DataDrivenTest">
      <Counters error="0" failed="0" timeout="0" aborted="0" inconclusive="0" passedButRunAborted="0" notRunnable="0" notExecuted="0" disconnected="0" warning="0" passed="24" completed="0" inProgress="0" pending="0" />
      <InnerResults>
        <UnitTestResult executionId="b2811910-17cf-4b9e-b27b-1ee7278cd3e6" parentExecutionId="3a29094d-5538-4d94-9946-573c629c1705" testId="d03eb628-bf1f-c27d-aeef-e708d613d686" testName="all_persons_modal_can_may_negation" computerName="ARPAN-LAP" duration="00:00:00.0251940" startTime="2014-06-29T12:31:38.9036137+05:30" endTime="2014-06-29T12:31:38.9286152+05:30" testType="13cdc9d9-ddb5-4fa4-a97d-d965ccfc6d4b" outcome="Passed" testListId="8c84fa94-04c1-424b-9868-57a2d4851a1d" relativeResultsDirectory="3a29094d-5538-4d94-9946-573c629c1705" dataRowInfo="0" resultType="DataDrivenDataRow" />
        <UnitTestResult executionId="16ce8d50-2d2d-4bf7-b83a-578d4ea36041" parentExecutionId="3a29094d-5538-4d94-9946-573c629c1705" testId="d03eb628-bf1f-c27d-aeef-e708d613d686" testName="all_persons_modal_can_may_negation" computerName="ARPAN-LAP" duration="00:00:00.0240653" startTime="2014-06-29T12:31:38.9286152+05:30" endTime="2014-06-29T12:31:38.9526165+05:30" testType="13cdc9d9-ddb5-4fa4-a97d-d965ccfc6d4b" outcome="Passed" testListId="8c84fa94-04c1-424b-9868-57a2d4851a1d" relativeResultsDirectory="3a29094d-5538-4d94-9946-573c629c1705" dataRowInfo="1" resultType="DataDrivenDataRow" />
        <UnitTestResult executionId="300343a9-397b-4a7c-b0a9-122133d83b8a" parentExecutionId="3a29094d-5538-4d94-9946-573c629c1705" testId="d03eb628-bf1f-c27d-aeef-e708d613d686" testName="all_persons_modal_can_may_negation" computerName="ARPAN-LAP" duration="00:00:00.0271865" startTime="2014-06-29T12:31:38.9526165+05:30" endTime="2014-06-29T12:31:38.9806181+05:30" testType="13cdc9d9-ddb5-4fa4-a97d-d965ccfc6d4b" outcome="Passed" testListId="8c84fa94-04c1-424b-9868-57a2d4851a1d" relativeResultsDirectory="3a29094d-5538-4d94-9946-573c629c1705" dataRowInfo="2" resultType="DataDrivenDataRow" />
        <UnitTestResult executionId="d0822b67-f546-453a-a868-831dd64c240b" parentExecutionId="3a29094d-5538-4d94-9946-573c629c1705" testId="d03eb628-bf1f-c27d-aeef-e708d613d686" testName="all_persons_modal_can_may_negation" computerName="ARPAN-LAP" duration="00:00:00.0246545" startTime="2014-06-29T12:31:38.9806181+05:30" endTime="2014-06-29T12:31:39.0046195+05:30" testType="13cdc9d9-ddb5-4fa4-a97d-d965ccfc6d4b" outcome="Passed" testListId="8c84fa94-04c1-424b-9868-57a2d4851a1d" relativeResultsDirectory="3a29094d-5538-4d94-9946-573c629c1705" dataRowInfo="3" resultType="DataDrivenDataRow" />
        <UnitTestResult executionId="4004c886-71d6-497c-9186-ecaea5f1529c" parentExecutionId="3a29094d-5538-4d94-9946-573c629c1705" testId="d03eb628-bf1f-c27d-aeef-e708d613d686" testName="all_persons_modal_can_may_negation" computerName="ARPAN-LAP" duration="00:00:00.0337004" startTime="2014-06-29T12:31:39.0046195+05:30" endTime="2014-06-29T12:31:39.0386215+05:30" testType="13cdc9d9-ddb5-4fa4-a97d-d965ccfc6d4b" outcome="Passed" testListId="8c84fa94-04c1-424b-9868-57a2d4851a1d" relativeResultsDirectory="3a29094d-5538-4d94-9946-573c629c1705" dataRowInfo="4" resultType="DataDrivenDataRow" />
        <UnitTestResult executionId="0f477f80-acfc-4bab-90f5-45c81d21f9c9" parentExecutionId="3a29094d-5538-4d94-9946-573c629c1705" testId="d03eb628-bf1f-c27d-aeef-e708d613d686" testName="all_persons_modal_can_may_negation" computerName="ARPAN-LAP" duration="00:00:00.0335495" startTime="2014-06-29T12:31:39.0386215+05:30" endTime="2014-06-29T12:31:39.0726234+05:30" testType="13cdc9d9-ddb5-4fa4-a97d-d965ccfc6d4b" outcome="Passed" testListId="8c84fa94-04c1-424b-9868-57a2d4851a1d" relativeResultsDirectory="3a29094d-5538-4d94-9946-573c629c1705" dataRowInfo="5" resultType="DataDrivenDataRow" />
        <UnitTestResult executionId="d0bcc478-ba6d-47ac-ae4c-12ca56d8299e" parentExecutionId="3a29094d-5538-4d94-9946-573c629c1705" testId="d03eb628-bf1f-c27d-aeef-e708d613d686" testName="all_persons_modal_can_may_negation" computerName="ARPAN-LAP" duration="00:00:00.0359794" startTime="2014-06-29T12:31:39.0726234+05:30" endTime="2014-06-29T12:31:39.1086255+05:30" testType="13cdc9d9-ddb5-4fa4-a97d-d965ccfc6d4b" outcome="Passed" testListId="8c84fa94-04c1-424b-9868-57a2d4851a1d" relativeResultsDirectory="3a29094d-5538-4d94-9946-573c629c1705" dataRowInfo="6" resultType="DataDrivenDataRow" />
        <UnitTestResult executionId="d10acea2-d485-4288-8ccf-484b114ab116" parentExecutionId="3a29094d-5538-4d94-9946-573c629c1705" testId="d03eb628-bf1f-c27d-aeef-e708d613d686" testName="all_persons_modal_can_may_negation" computerName="ARPAN-LAP" duration="00:00:00.0360728" startTime="2014-06-29T12:31:39.1086255+05:30" endTime="2014-06-29T12:31:39.1446275+05:30" testType="13cdc9d9-ddb5-4fa4-a97d-d965ccfc6d4b" outcome="Passed" testListId="8c84fa94-04c1-424b-9868-57a2d4851a1d" relativeResultsDirectory="3a29094d-5538-4d94-9946-573c629c1705" dataRowInfo="7" resultType="DataDrivenDataRow" />
        <UnitTestResult executionId="8e634939-9bda-4009-9d3d-2aa33ec051d9" parentExecutionId="3a29094d-5538-4d94-9946-573c629c1705" testId="d03eb628-bf1f-c27d-aeef-e708d613d686" testName="all_persons_modal_can_may_negation" computerName="ARPAN-LAP" duration="00:00:00.0208758" startTime="2014-06-29T12:31:39.1446275+05:30" endTime="2014-06-29T12:31:39.1656287+05:30" testType="13cdc9d9-ddb5-4fa4-a97d-d965ccfc6d4b" outcome="Passed" testListId="8c84fa94-04c1-424b-9868-57a2d4851a1d" relativeResultsDirectory="3a29094d-5538-4d94-9946-573c629c1705" dataRowInfo="8" resultType="DataDrivenDataRow" />
        <UnitTestResult executionId="46e9bf6b-76f3-4b94-91b4-7ccffc9d5cee" parentExecutionId="3a29094d-5538-4d94-9946-573c629c1705" testId="d03eb628-bf1f-c27d-aeef-e708d613d686" testName="all_persons_modal_can_may_negation" computerName="ARPAN-LAP" duration="00:00:00.0233877" startTime="2014-06-29T12:31:39.1656287+05:30" endTime="2014-06-29T12:31:39.1886300+05:30" testType="13cdc9d9-ddb5-4fa4-a97d-d965ccfc6d4b" outcome="Passed" testListId="8c84fa94-04c1-424b-9868-57a2d4851a1d" relativeResultsDirectory="3a29094d-5538-4d94-9946-573c629c1705" dataRowInfo="9" resultType="DataDrivenDataRow" />
        <UnitTestResult executionId="5a97fb0f-1a4a-4113-9625-0df2a487a723" parentExecutionId="3a29094d-5538-4d94-9946-573c629c1705" testId="d03eb628-bf1f-c27d-aeef-e708d613d686" testName="all_persons_modal_can_may_negation" computerName="ARPAN-LAP" duration="00:00:00.0240848" startTime="2014-06-29T12:31:39.1886300+05:30" endTime="2014-06-29T12:31:39.2126314+05:30" testType="13cdc9d9-ddb5-4fa4-a97d-d965ccfc6d4b" outcome="Passed" testListId="8c84fa94-04c1-424b-9868-57a2d4851a1d" relativeResultsDirectory="3a29094d-5538-4d94-9946-573c629c1705" dataRowInfo="10" resultType="DataDrivenDataRow" />
        <UnitTestResult executionId="3111da8b-d49a-4536-8828-432befe98d20" parentExecutionId="3a29094d-5538-4d94-9946-573c629c1705" testId="d03eb628-bf1f-c27d-aeef-e708d613d686" testName="all_persons_modal_can_may_negation" computerName="ARPAN-LAP" duration="00:00:00.0224798" startTime="2014-06-29T12:31:39.2126314+05:30" endTime="2014-06-29T12:31:39.2356327+05:30" testType="13cdc9d9-ddb5-4fa4-a97d-d965ccfc6d4b" outcome="Passed" testListId="8c84fa94-04c1-424b-9868-57a2d4851a1d" relativeResultsDirectory="3a29094d-5538-4d94-9946-573c629c1705" dataRowInfo="11" resultType="DataDrivenDataRow" />
        <UnitTestResult executionId="f434fcd1-2c7b-423b-85b3-41f41da4eef7" parentExecutionId="3a29094d-5538-4d94-9946-573c629c1705" testId="d03eb628-bf1f-c27d-aeef-e708d613d686" testName="all_persons_modal_can_may_negation" computerName="ARPAN-LAP" duration="00:00:00.0307306" startTime="2014-06-29T12:31:39.2356327+05:30" endTime="2014-06-29T12:31:39.2666345+05:30" testType="13cdc9d9-ddb5-4fa4-a97d-d965ccfc6d4b" outcome="Passed" testListId="8c84fa94-04c1-424b-9868-57a2d4851a1d" relativeResultsDirectory="3a29094d-5538-4d94-9946-573c629c1705" dataRowInfo="12" resultType="DataDrivenDataRow" />
        <UnitTestResult executionId="a5d8ba34-17b5-4659-a255-13162f7aee73" parentExecutionId="3a29094d-5538-4d94-9946-573c629c1705" testId="d03eb628-bf1f-c27d-aeef-e708d613d686" testName="all_persons_modal_can_may_negation" computerName="ARPAN-LAP" duration="00:00:00.0303518" startTime="2014-06-29T12:31:39.2666345+05:30" endTime="2014-06-29T12:31:39.2966362+05:30" testType="13cdc9d9-ddb5-4fa4-a97d-d965ccfc6d4b" outcome="Passed" testListId="8c84fa94-04c1-424b-9868-57a2d4851a1d" relativeResultsDirectory="3a29094d-5538-4d94-9946-573c629c1705" dataRowInfo="13" resultType="DataDrivenDataRow" />
        <UnitTestResult executionId="ed879acf-ebfa-456d-bde1-cb94926a3579" parentExecutionId="3a29094d-5538-4d94-9946-573c629c1705" testId="d03eb628-bf1f-c27d-aeef-e708d613d686" testName="all_persons_modal_can_may_negation" computerName="ARPAN-LAP" duration="00:00:00.0263652" startTime="2014-06-29T12:31:39.2966362+05:30" endTime="2014-06-29T12:31:39.3226377+05:30" testType="13cdc9d9-ddb5-4fa4-a97d-d965ccfc6d4b" outcome="Passed" testListId="8c84fa94-04c1-424b-9868-57a2d4851a1d" relativeResultsDirectory="3a29094d-5538-4d94-9946-573c629c1705" dataRowInfo="14" resultType="DataDrivenDataRow" />
        <UnitTestResult executionId="50b5ea92-66e8-4fe0-8719-4fa098f0a099" parentExecutionId="3a29094d-5538-4d94-9946-573c629c1705" testId="d03eb628-bf1f-c27d-aeef-e708d613d686" testName="all_persons_modal_can_may_negation" computerName="ARPAN-LAP" duration="00:00:00.0274826" startTime="2014-06-29T12:31:39.3226377+05:30" endTime="2014-06-29T12:31:39.3506393+05:30" testType="13cdc9d9-ddb5-4fa4-a97d-d965ccfc6d4b" outcome="Passed" testListId="8c84fa94-04c1-424b-9868-57a2d4851a1d" relativeResultsDirectory="3a29094d-5538-4d94-9946-573c629c1705" dataRowInfo="15" resultType="DataDrivenDataRow" />
        <UnitTestResult executionId="e94439ae-c6ac-43f2-af99-685bc3520912" parentExecutionId="3a29094d-5538-4d94-9946-573c629c1705" testId="d03eb628-bf1f-c27d-aeef-e708d613d686" testName="all_persons_modal_can_may_negation" computerName="ARPAN-LAP" duration="00:00:00.0211499" startTime="2014-06-29T12:31:39.3506393+05:30" endTime="2014-06-29T12:31:39.3716405+05:30" testType="13cdc9d9-ddb5-4fa4-a97d-d965ccfc6d4b" outcome="Passed" testListId="8c84fa94-04c1-424b-9868-57a2d4851a1d" relativeResultsDirectory="3a29094d-5538-4d94-9946-573c629c1705" dataRowInfo="16" resultType="DataDrivenDataRow" />
        <UnitTestResult executionId="c9057432-ce0f-414e-a6d6-9a9d84f79c50" parentExecutionId="3a29094d-5538-4d94-9946-573c629c1705" testId="d03eb628-bf1f-c27d-aeef-e708d613d686" testName="all_persons_modal_can_may_negation" computerName="ARPAN-LAP" duration="00:00:00.0209589" startTime="2014-06-29T12:31:39.3716405+05:30" endTime="2014-06-29T12:31:39.3926417+05:30" testType="13cdc9d9-ddb5-4fa4-a97d-d965ccfc6d4b" outcome="Passed" testListId="8c84fa94-04c1-424b-9868-57a2d4851a1d" relativeResultsDirectory="3a29094d-5538-4d94-9946-573c629c1705" dataRowInfo="17" resultType="DataDrivenDataRow" />
        <UnitTestResult executionId="a2e94b79-e9e5-4d9d-a317-efc515ff8a9f" parentExecutionId="3a29094d-5538-4d94-9946-573c629c1705" testId="d03eb628-bf1f-c27d-aeef-e708d613d686" testName="all_persons_modal_can_may_negation" computerName="ARPAN-LAP" duration="00:00:00.0225147" startTime="2014-06-29T12:31:39.3926417+05:30" endTime="2014-06-29T12:31:39.4156430+05:30" testType="13cdc9d9-ddb5-4fa4-a97d-d965ccfc6d4b" outcome="Passed" testListId="8c84fa94-04c1-424b-9868-57a2d4851a1d" relativeResultsDirectory="3a29094d-5538-4d94-9946-573c629c1705" dataRowInfo="18" resultType="DataDrivenDataRow" />
        <UnitTestResult executionId="755171c6-940f-4b36-b02e-934502c2516b" parentExecutionId="3a29094d-5538-4d94-9946-573c629c1705" testId="d03eb628-bf1f-c27d-aeef-e708d613d686" testName="all_persons_modal_can_may_negation" computerName="ARPAN-LAP" duration="00:00:00.0225444" startTime="2014-06-29T12:31:39.4156430+05:30" endTime="2014-06-29T12:31:39.4376443+05:30" testType="13cdc9d9-ddb5-4fa4-a97d-d965ccfc6d4b" outcome="Passed" testListId="8c84fa94-04c1-424b-9868-57a2d4851a1d" relativeResultsDirectory="3a29094d-5538-4d94-9946-573c629c1705" dataRowInfo="19" resultType="DataDrivenDataRow" />
        <UnitTestResult executionId="1b264a35-10c0-4860-b63d-350a2eaf34b2" parentExecutionId="3a29094d-5538-4d94-9946-573c629c1705" testId="d03eb628-bf1f-c27d-aeef-e708d613d686" testName="all_persons_modal_can_may_negation" computerName="ARPAN-LAP" duration="00:00:00.0228740" startTime="2014-06-29T12:31:39.4376443+05:30" endTime="2014-06-29T12:31:39.4606456+05:30" testType="13cdc9d9-ddb5-4fa4-a97d-d965ccfc6d4b" outcome="Passed" testListId="8c84fa94-04c1-424b-9868-57a2d4851a1d" relativeResultsDirectory="3a29094d-5538-4d94-9946-573c629c1705" dataRowInfo="20" resultType="DataDrivenDataRow" />
        <UnitTestResult executionId="7b1d8045-8dbb-468a-a1b2-efff49517d18" parentExecutionId="3a29094d-5538-4d94-9946-573c629c1705" testId="d03eb628-bf1f-c27d-aeef-e708d613d686" testName="all_persons_modal_can_may_negation" computerName="ARPAN-LAP" duration="00:00:00.0297179" startTime="2014-06-29T12:31:39.4606456+05:30" endTime="2014-06-29T12:31:39.4906473+05:30" testType="13cdc9d9-ddb5-4fa4-a97d-d965ccfc6d4b" outcome="Passed" testListId="8c84fa94-04c1-424b-9868-57a2d4851a1d" relativeResultsDirectory="3a29094d-5538-4d94-9946-573c629c1705" dataRowInfo="21" resultType="DataDrivenDataRow" />
        <UnitTestResult executionId="644eaede-1659-4a37-b256-156dcbc0c389" parentExecutionId="3a29094d-5538-4d94-9946-573c629c1705" testId="d03eb628-bf1f-c27d-aeef-e708d613d686" testName="all_persons_modal_can_may_negation" computerName="ARPAN-LAP" duration="00:00:00.0313019" startTime="2014-06-29T12:31:39.4906473+05:30" endTime="2014-06-29T12:31:39.5216491+05:30" testType="13cdc9d9-ddb5-4fa4-a97d-d965ccfc6d4b" outcome="Passed" testListId="8c84fa94-04c1-424b-9868-57a2d4851a1d" relativeResultsDirectory="3a29094d-5538-4d94-9946-573c629c1705" dataRowInfo="22" resultType="DataDrivenDataRow" />
        <UnitTestResult executionId="479fb379-eb0b-4c63-a820-d18dcd68904a" parentExecutionId="3a29094d-5538-4d94-9946-573c629c1705" testId="d03eb628-bf1f-c27d-aeef-e708d613d686" testName="all_persons_modal_can_may_negation" computerName="ARPAN-LAP" duration="00:00:00.0264474" startTime="2014-06-29T12:31:39.5216491+05:30" endTime="2014-06-29T12:31:39.5486506+05:30" testType="13cdc9d9-ddb5-4fa4-a97d-d965ccfc6d4b" outcome="Passed" testListId="8c84fa94-04c1-424b-9868-57a2d4851a1d" relativeResultsDirectory="3a29094d-5538-4d94-9946-573c629c1705" dataRowInfo="23" resultType="DataDrivenDataRow" />
      </InnerResults>
    </UnitTestResult>
    <UnitTestResult executionId="68e54caa-b96e-4a67-ad60-2a5a7dad35fd" testId="d766a059-d96c-7b47-e6a6-34931760df96" testName="all_persons_tenses_passive" computerName="ARPAN-LAP" duration="00:00:00.2965696" startTime="2014-06-29T12:31:39.6236549+05:30" endTime="2014-06-29T12:31:39.9566740+05:30" testType="13cdc9d9-ddb5-4fa4-a97d-d965ccfc6d4b" outcome="Passed" testListId="8c84fa94-04c1-424b-9868-57a2d4851a1d" relativeResultsDirectory="68e54caa-b96e-4a67-ad60-2a5a7dad35fd" resultType="DataDrivenTest">
      <Counters error="0" failed="0" timeout="0" aborted="0" inconclusive="0" passedButRunAborted="0" notRunnable="0" notExecuted="0" disconnected="0" warning="0" passed="10" completed="0" inProgress="0" pending="0" />
      <InnerResults>
        <UnitTestResult executionId="19921ce0-9ac5-44c1-8d96-cde208047687" parentExecutionId="68e54caa-b96e-4a67-ad60-2a5a7dad35fd" testId="d766a059-d96c-7b47-e6a6-34931760df96" testName="all_persons_tenses_passive" computerName="ARPAN-LAP" duration="00:00:00.0223484" startTime="2014-06-29T12:31:39.6326554+05:30" endTime="2014-06-29T12:31:39.6546567+05:30" testType="13cdc9d9-ddb5-4fa4-a97d-d965ccfc6d4b" outcome="Passed" testListId="8c84fa94-04c1-424b-9868-57a2d4851a1d" relativeResultsDirectory="68e54caa-b96e-4a67-ad60-2a5a7dad35fd" dataRowInfo="0" resultType="DataDrivenDataRow" />
        <UnitTestResult executionId="df20e316-8dd8-41d0-8653-92eccc6a7596" parentExecutionId="68e54caa-b96e-4a67-ad60-2a5a7dad35fd" testId="d766a059-d96c-7b47-e6a6-34931760df96" testName="all_persons_tenses_passive" computerName="ARPAN-LAP" duration="00:00:00.0264037" startTime="2014-06-29T12:31:39.6546567+05:30" endTime="2014-06-29T12:31:39.6816582+05:30" testType="13cdc9d9-ddb5-4fa4-a97d-d965ccfc6d4b" outcome="Passed" testListId="8c84fa94-04c1-424b-9868-57a2d4851a1d" relativeResultsDirectory="68e54caa-b96e-4a67-ad60-2a5a7dad35fd" dataRowInfo="1" resultType="DataDrivenDataRow" />
        <UnitTestResult executionId="441b2447-8f7a-460f-99ba-7d59071269a4" parentExecutionId="68e54caa-b96e-4a67-ad60-2a5a7dad35fd" testId="d766a059-d96c-7b47-e6a6-34931760df96" testName="all_persons_tenses_passive" computerName="ARPAN-LAP" duration="00:00:00.0323977" startTime="2014-06-29T12:31:39.6816582+05:30" endTime="2014-06-29T12:31:39.7136601+05:30" testType="13cdc9d9-ddb5-4fa4-a97d-d965ccfc6d4b" outcome="Passed" testListId="8c84fa94-04c1-424b-9868-57a2d4851a1d" relativeResultsDirectory="68e54caa-b96e-4a67-ad60-2a5a7dad35fd" dataRowInfo="2" resultType="DataDrivenDataRow" />
        <UnitTestResult executionId="6e93a636-122b-4229-adef-e86acd5ad9c8" parentExecutionId="68e54caa-b96e-4a67-ad60-2a5a7dad35fd" testId="d766a059-d96c-7b47-e6a6-34931760df96" testName="all_persons_tenses_passive" computerName="ARPAN-LAP" duration="00:00:00.0339915" startTime="2014-06-29T12:31:39.7136601+05:30" endTime="2014-06-29T12:31:39.7476620+05:30" testType="13cdc9d9-ddb5-4fa4-a97d-d965ccfc6d4b" outcome="Passed" testListId="8c84fa94-04c1-424b-9868-57a2d4851a1d" relativeResultsDirectory="68e54caa-b96e-4a67-ad60-2a5a7dad35fd" dataRowInfo="3" resultType="DataDrivenDataRow" />
        <UnitTestResult executionId="fa6fb99c-4268-47af-a18d-aeddf04485f3" parentExecutionId="68e54caa-b96e-4a67-ad60-2a5a7dad35fd" testId="d766a059-d96c-7b47-e6a6-34931760df96" testName="all_persons_tenses_passive" computerName="ARPAN-LAP" duration="00:00:00.0214122" startTime="2014-06-29T12:31:39.7476620+05:30" endTime="2014-06-29T12:31:39.7696633+05:30" testType="13cdc9d9-ddb5-4fa4-a97d-d965ccfc6d4b" outcome="Passed" testListId="8c84fa94-04c1-424b-9868-57a2d4851a1d" relativeResultsDirectory="68e54caa-b96e-4a67-ad60-2a5a7dad35fd" dataRowInfo="4" resultType="DataDrivenDataRow" />
        <UnitTestResult executionId="eb0f98c1-8fde-4583-b2bd-43206a151aa1" parentExecutionId="68e54caa-b96e-4a67-ad60-2a5a7dad35fd" testId="d766a059-d96c-7b47-e6a6-34931760df96" testName="all_persons_tenses_passive" computerName="ARPAN-LAP" duration="00:00:00.0258119" startTime="2014-06-29T12:31:39.7696633+05:30" endTime="2014-06-29T12:31:39.7956648+05:30" testType="13cdc9d9-ddb5-4fa4-a97d-d965ccfc6d4b" outcome="Passed" testListId="8c84fa94-04c1-424b-9868-57a2d4851a1d" relativeResultsDirectory="68e54caa-b96e-4a67-ad60-2a5a7dad35fd" dataRowInfo="5" resultType="DataDrivenDataRow" />
        <UnitTestResult executionId="b37387dd-cb1e-43b8-b36c-62da934a414a" parentExecutionId="68e54caa-b96e-4a67-ad60-2a5a7dad35fd" testId="d766a059-d96c-7b47-e6a6-34931760df96" testName="all_persons_tenses_passive" computerName="ARPAN-LAP" duration="00:00:00.0294018" startTime="2014-06-29T12:31:39.7956648+05:30" endTime="2014-06-29T12:31:39.8246664+05:30" testType="13cdc9d9-ddb5-4fa4-a97d-d965ccfc6d4b" outcome="Passed" testListId="8c84fa94-04c1-424b-9868-57a2d4851a1d" relativeResultsDirectory="68e54caa-b96e-4a67-ad60-2a5a7dad35fd" dataRowInfo="6" resultType="DataDrivenDataRow" />
        <UnitTestResult executionId="8cf0fc30-c053-4b04-a409-fd4f9212f7bd" parentExecutionId="68e54caa-b96e-4a67-ad60-2a5a7dad35fd" testId="d766a059-d96c-7b47-e6a6-34931760df96" testName="all_persons_tenses_passive" computerName="ARPAN-LAP" duration="00:00:00.0327401" startTime="2014-06-29T12:31:39.8246664+05:30" endTime="2014-06-29T12:31:39.8576683+05:30" testType="13cdc9d9-ddb5-4fa4-a97d-d965ccfc6d4b" outcome="Passed" testListId="8c84fa94-04c1-424b-9868-57a2d4851a1d" relativeResultsDirectory="68e54caa-b96e-4a67-ad60-2a5a7dad35fd" dataRowInfo="7" resultType="DataDrivenDataRow" />
        <UnitTestResult executionId="a790bda4-9442-4529-b5ce-9c35d3279505" parentExecutionId="68e54caa-b96e-4a67-ad60-2a5a7dad35fd" testId="d766a059-d96c-7b47-e6a6-34931760df96" testName="all_persons_tenses_passive" computerName="ARPAN-LAP" duration="00:00:00.0363499" startTime="2014-06-29T12:31:39.8576683+05:30" endTime="2014-06-29T12:31:39.8936704+05:30" testType="13cdc9d9-ddb5-4fa4-a97d-d965ccfc6d4b" outcome="Passed" testListId="8c84fa94-04c1-424b-9868-57a2d4851a1d" relativeResultsDirectory="68e54caa-b96e-4a67-ad60-2a5a7dad35fd" dataRowInfo="8" resultType="DataDrivenDataRow" />
        <UnitTestResult executionId="adc20b4a-17ca-488c-b887-8a4bee1bef4e" parentExecutionId="68e54caa-b96e-4a67-ad60-2a5a7dad35fd" testId="d766a059-d96c-7b47-e6a6-34931760df96" testName="all_persons_tenses_passive" computerName="ARPAN-LAP" duration="00:00:00.0334520" startTime="2014-06-29T12:31:39.8936704+05:30" endTime="2014-06-29T12:31:39.9276723+05:30" testType="13cdc9d9-ddb5-4fa4-a97d-d965ccfc6d4b" outcome="Passed" testListId="8c84fa94-04c1-424b-9868-57a2d4851a1d" relativeResultsDirectory="68e54caa-b96e-4a67-ad60-2a5a7dad35fd" dataRowInfo="9" resultType="DataDrivenDataRow" />
      </InnerResults>
    </UnitTestResult>
    <UnitTestResult executionId="394bb162-a47b-404b-88f1-2218384ae3c0" testId="fe3e63ab-391c-e168-48d0-431b85a7b898" testName="third_person_tenses_active_negation" computerName="ARPAN-LAP" duration="00:00:00.2528398" startTime="2014-06-29T12:31:39.9586741+05:30" endTime="2014-06-29T12:31:40.2506908+05:30" testType="13cdc9d9-ddb5-4fa4-a97d-d965ccfc6d4b" outcome="Passed" testListId="8c84fa94-04c1-424b-9868-57a2d4851a1d" relativeResultsDirectory="394bb162-a47b-404b-88f1-2218384ae3c0" resultType="DataDrivenTest">
      <Counters error="0" failed="0" timeout="0" aborted="0" inconclusive="0" passedButRunAborted="0" notRunnable="0" notExecuted="0" disconnected="0" warning="0" passed="10" completed="0" inProgress="0" pending="0" />
      <InnerResults>
        <UnitTestResult executionId="8b18a1f1-a9b1-4b11-8c23-793472bf3c29" parentExecutionId="394bb162-a47b-404b-88f1-2218384ae3c0" testId="fe3e63ab-391c-e168-48d0-431b85a7b898" testName="third_person_tenses_active_negation" computerName="ARPAN-LAP" duration="00:00:00.0228642" startTime="2014-06-29T12:31:39.9696747+05:30" endTime="2014-06-29T12:31:39.9926760+05:30" testType="13cdc9d9-ddb5-4fa4-a97d-d965ccfc6d4b" outcome="Passed" testListId="8c84fa94-04c1-424b-9868-57a2d4851a1d" relativeResultsDirectory="394bb162-a47b-404b-88f1-2218384ae3c0" dataRowInfo="0" resultType="DataDrivenDataRow" />
        <UnitTestResult executionId="7cbe3668-afcd-4efc-b9e7-f75fbcf47aa8" parentExecutionId="394bb162-a47b-404b-88f1-2218384ae3c0" testId="fe3e63ab-391c-e168-48d0-431b85a7b898" testName="third_person_tenses_active_negation" computerName="ARPAN-LAP" duration="00:00:00.0226194" startTime="2014-06-29T12:31:39.9926760+05:30" endTime="2014-06-29T12:31:40.0156773+05:30" testType="13cdc9d9-ddb5-4fa4-a97d-d965ccfc6d4b" outcome="Passed" testListId="8c84fa94-04c1-424b-9868-57a2d4851a1d" relativeResultsDirectory="394bb162-a47b-404b-88f1-2218384ae3c0" dataRowInfo="1" resultType="DataDrivenDataRow" />
        <UnitTestResult executionId="c14015da-2d2b-45b1-b4bf-6dcbe186dfe0" parentExecutionId="394bb162-a47b-404b-88f1-2218384ae3c0" testId="fe3e63ab-391c-e168-48d0-431b85a7b898" testName="third_person_tenses_active_negation" computerName="ARPAN-LAP" duration="00:00:00.0267476" startTime="2014-06-29T12:31:40.0156773+05:30" endTime="2014-06-29T12:31:40.0426789+05:30" testType="13cdc9d9-ddb5-4fa4-a97d-d965ccfc6d4b" outcome="Passed" testListId="8c84fa94-04c1-424b-9868-57a2d4851a1d" relativeResultsDirectory="394bb162-a47b-404b-88f1-2218384ae3c0" dataRowInfo="2" resultType="DataDrivenDataRow" />
        <UnitTestResult executionId="8af403be-510b-4f7d-9a45-39c49d7a77cb" parentExecutionId="394bb162-a47b-404b-88f1-2218384ae3c0" testId="fe3e63ab-391c-e168-48d0-431b85a7b898" testName="third_person_tenses_active_negation" computerName="ARPAN-LAP" duration="00:00:00.0308148" startTime="2014-06-29T12:31:40.0426789+05:30" endTime="2014-06-29T12:31:40.0736807+05:30" testType="13cdc9d9-ddb5-4fa4-a97d-d965ccfc6d4b" outcome="Passed" testListId="8c84fa94-04c1-424b-9868-57a2d4851a1d" relativeResultsDirectory="394bb162-a47b-404b-88f1-2218384ae3c0" dataRowInfo="3" resultType="DataDrivenDataRow" />
        <UnitTestResult executionId="d7c167d7-b588-436f-b143-71bc622c92c9" parentExecutionId="394bb162-a47b-404b-88f1-2218384ae3c0" testId="fe3e63ab-391c-e168-48d0-431b85a7b898" testName="third_person_tenses_active_negation" computerName="ARPAN-LAP" duration="00:00:00.0235910" startTime="2014-06-29T12:31:40.0736807+05:30" endTime="2014-06-29T12:31:40.0966820+05:30" testType="13cdc9d9-ddb5-4fa4-a97d-d965ccfc6d4b" outcome="Passed" testListId="8c84fa94-04c1-424b-9868-57a2d4851a1d" relativeResultsDirectory="394bb162-a47b-404b-88f1-2218384ae3c0" dataRowInfo="4" resultType="DataDrivenDataRow" />
        <UnitTestResult executionId="863b66e4-23fd-44c9-b6b5-66a8edaaf232" parentExecutionId="394bb162-a47b-404b-88f1-2218384ae3c0" testId="fe3e63ab-391c-e168-48d0-431b85a7b898" testName="third_person_tenses_active_negation" computerName="ARPAN-LAP" duration="00:00:00.0237363" startTime="2014-06-29T12:31:40.0966820+05:30" endTime="2014-06-29T12:31:40.1206834+05:30" testType="13cdc9d9-ddb5-4fa4-a97d-d965ccfc6d4b" outcome="Passed" testListId="8c84fa94-04c1-424b-9868-57a2d4851a1d" relativeResultsDirectory="394bb162-a47b-404b-88f1-2218384ae3c0" dataRowInfo="5" resultType="DataDrivenDataRow" />
        <UnitTestResult executionId="5e62d023-3bef-4d6c-92da-b1e9bb8e74fc" parentExecutionId="394bb162-a47b-404b-88f1-2218384ae3c0" testId="fe3e63ab-391c-e168-48d0-431b85a7b898" testName="third_person_tenses_active_negation" computerName="ARPAN-LAP" duration="00:00:00.0218325" startTime="2014-06-29T12:31:40.1206834+05:30" endTime="2014-06-29T12:31:40.1426846+05:30" testType="13cdc9d9-ddb5-4fa4-a97d-d965ccfc6d4b" outcome="Passed" testListId="8c84fa94-04c1-424b-9868-57a2d4851a1d" relativeResultsDirectory="394bb162-a47b-404b-88f1-2218384ae3c0" dataRowInfo="6" resultType="DataDrivenDataRow" />
        <UnitTestResult executionId="49efcbf6-a712-46a3-b323-52406ee3a86b" parentExecutionId="394bb162-a47b-404b-88f1-2218384ae3c0" testId="fe3e63ab-391c-e168-48d0-431b85a7b898" testName="third_person_tenses_active_negation" computerName="ARPAN-LAP" duration="00:00:00.0262652" startTime="2014-06-29T12:31:40.1426846+05:30" endTime="2014-06-29T12:31:40.1686861+05:30" testType="13cdc9d9-ddb5-4fa4-a97d-d965ccfc6d4b" outcome="Passed" testListId="8c84fa94-04c1-424b-9868-57a2d4851a1d" relativeResultsDirectory="394bb162-a47b-404b-88f1-2218384ae3c0" dataRowInfo="7" resultType="DataDrivenDataRow" />
        <UnitTestResult executionId="1109689a-9e28-4a3a-aeb4-11bd588dd86a" parentExecutionId="394bb162-a47b-404b-88f1-2218384ae3c0" testId="fe3e63ab-391c-e168-48d0-431b85a7b898" testName="third_person_tenses_active_negation" computerName="ARPAN-LAP" duration="00:00:00.0241905" startTime="2014-06-29T12:31:40.1686861+05:30" endTime="2014-06-29T12:31:40.1936875+05:30" testType="13cdc9d9-ddb5-4fa4-a97d-d965ccfc6d4b" outcome="Passed" testListId="8c84fa94-04c1-424b-9868-57a2d4851a1d" relativeResultsDirectory="394bb162-a47b-404b-88f1-2218384ae3c0" dataRowInfo="8" resultType="DataDrivenDataRow" />
        <UnitTestResult executionId="e1282c0a-8ba7-4db9-9637-c07193a6ce8c" parentExecutionId="394bb162-a47b-404b-88f1-2218384ae3c0" testId="fe3e63ab-391c-e168-48d0-431b85a7b898" testName="third_person_tenses_active_negation" computerName="ARPAN-LAP" duration="00:00:00.0279276" startTime="2014-06-29T12:31:40.1936875+05:30" endTime="2014-06-29T12:31:40.2206891+05:30" testType="13cdc9d9-ddb5-4fa4-a97d-d965ccfc6d4b" outcome="Passed" testListId="8c84fa94-04c1-424b-9868-57a2d4851a1d" relativeResultsDirectory="394bb162-a47b-404b-88f1-2218384ae3c0" dataRowInfo="9" resultType="DataDrivenDataRow" />
      </InnerResults>
    </UnitTestResult>
  </Results>
</TestRun>