<?xml version="1.0" encoding="UTF-8"?>
<TestRun id="b98c4000-b5e8-45a0-9537-5044a2187853" name="Arghya@ARPAN-LAP 2014-06-25 20:02:56" runUser="ARPAN-LAP\Arghya" xmlns="http://microsoft.com/schemas/VisualStudio/TeamTest/2010">
  <TestSettings name="Default Test Settings" id="1be11f9f-4ff6-49d9-baee-f8e074820666">
    <Execution>
      <TestTypeSpecific />
      <AgentRule name="Execution Agents">
      </AgentRule>
    </Execution>
    <Deployment runDeploymentRoot="Arghya_ARPAN-LAP 2014-06-25 20_02_56" />
  </TestSettings>
  <Times creation="2014-06-25T20:02:56.6065018+05:30" queuing="2014-06-25T20:03:04.2459387+05:30" start="2014-06-25T20:03:04.5759576+05:30" finish="2014-06-25T20:03:26.3932055+05:30" />
  <ResultSummary outcome="Failed">
    <Counters total="309" executed="309" passed="301" error="0" failed="8" timeout="0" aborted="0" inconclusive="0" passedButRunAborted="0" notRunnable="0" notExecuted="0" disconnected="0" warning="0" completed="0" inProgress="0" pending="0" />
    <RunInfos>
      <RunInfo computerName="ARPAN-LAP" outcome="Warning" timestamp="2014-06-25T20:03:00.6037304+05:30">
        <Text>Warning: Test Run deployment issue: Failed to get the file for deployment item '..\UnitTest\TestCases\wikipedia.xml' specified by the test 'UnitTest.BnlpTest.RandomWord': System.IO.DirectoryNotFoundException: Could not find a part of the path 'D:\software\Project\UnitTest\TestCases\wikipedia.xml'.</Text>
        <Exception>System.IO.DirectoryNotFoundException: Could not find a part of the path 'D:\software\Project\UnitTest\TestCases\wikipedia.xml'.
   at System.IO.__Error.WinIOError(Int32 errorCode, String maybeFullPath)
   at System.IO.File.GetAttributes(String path)
   at Microsoft.VisualStudio.TestTools.Common.SingleFileProvider.GetFilePaths()
   at Microsoft.VisualStudio.TestTools.TestManagement.DeploymentCoverageItem.GetFiles(TestRunConfiguration runConfig)
   at Microsoft.VisualStudio.TestTools.TestManagement.DeploymentManager.DoDeployment(TestRun run, FileCopyService fileCopyService)</Exception>
      </RunInfo>
      <RunInfo computerName="ARPAN-LAP" outcome="Warning" timestamp="2014-06-25T20:03:00.6087307+05:30">
        <Text>Warning: Test Run deployment issue: Failed to get the file for deployment item '..\UnitTest\TestCases\interrogative_sentences_who.xml' specified by the test 'UnitTest.BnlpTest.interrogative_sentences_who': System.IO.DirectoryNotFoundException: Could not find a part of the path 'D:\software\Project\UnitTest\TestCases\interrogative_sentences_who.xml'.</Text>
        <Exception>System.IO.DirectoryNotFoundException: Could not find a part of the path 'D:\software\Project\UnitTest\TestCases\interrogative_sentences_who.xml'.
   at System.IO.__Error.WinIOError(Int32 errorCode, String maybeFullPath)
   at System.IO.File.GetAttributes(String path)
   at Microsoft.VisualStudio.TestTools.Common.SingleFileProvider.GetFilePaths()
   at Microsoft.VisualStudio.TestTools.TestManagement.DeploymentCoverageItem.GetFiles(TestRunConfiguration runConfig)
   at Microsoft.VisualStudio.TestTools.TestManagement.DeploymentManager.DoDeployment(TestRun run, FileCopyService fileCopyService)</Exception>
      </RunInfo>
      <RunInfo computerName="ARPAN-LAP" outcome="Warning" timestamp="2014-06-25T20:03:00.6107308+05:30">
        <Text>Warning: Test Run deployment issue: Failed to get the file for deployment item '..\UnitTest\TestCases\special_handling_do_verb.xml' specified by the test 'UnitTest.BnlpTest.special_handling_do_verb': System.IO.DirectoryNotFoundException: Could not find a part of the path 'D:\software\Project\UnitTest\TestCases\special_handling_do_verb.xml'.</Text>
        <Exception>System.IO.DirectoryNotFoundException: Could not find a part of the path 'D:\software\Project\UnitTest\TestCases\special_handling_do_verb.xml'.
   at System.IO.__Error.WinIOError(Int32 errorCode, String maybeFullPath)
   at System.IO.File.GetAttributes(String path)
   at Microsoft.VisualStudio.TestTools.Common.SingleFileProvider.GetFilePaths()
   at Microsoft.VisualStudio.TestTools.TestManagement.DeploymentCoverageItem.GetFiles(TestRunConfiguration runConfig)
   at Microsoft.VisualStudio.TestTools.TestManagement.DeploymentManager.DoDeployment(TestRun run, FileCopyService fileCopyService)</Exception>
      </RunInfo>
      <RunInfo computerName="ARPAN-LAP" outcome="Warning" timestamp="2014-06-25T20:03:00.6117309+05:30">
        <Text>Warning: Test Run deployment issue: Failed to get the file for deployment item '..\UnitTest\TestCases\interrogative_sentences_which.xml' specified by the test 'UnitTest.BnlpTest.interrogative_sentences_which': System.IO.DirectoryNotFoundException: Could not find a part of the path 'D:\software\Project\UnitTest\TestCases\interrogative_sentences_which.xml'.</Text>
        <Exception>System.IO.DirectoryNotFoundException: Could not find a part of the path 'D:\software\Project\UnitTest\TestCases\interrogative_sentences_which.xml'.
   at System.IO.__Error.WinIOError(Int32 errorCode, String maybeFullPath)
   at System.IO.File.GetAttributes(String path)
   at Microsoft.VisualStudio.TestTools.Common.SingleFileProvider.GetFilePaths()
   at Microsoft.VisualStudio.TestTools.TestManagement.DeploymentCoverageItem.GetFiles(TestRunConfiguration runConfig)
   at Microsoft.VisualStudio.TestTools.TestManagement.DeploymentManager.DoDeployment(TestRun run, FileCopyService fileCopyService)</Exception>
      </RunInfo>
      <RunInfo computerName="ARPAN-LAP" outcome="Warning" timestamp="2014-06-25T20:03:00.6137310+05:30">
        <Text>Warning: Test Run deployment issue: Failed to get the file for deployment item '..\UnitTest\TestCases\all_persons_modal_should.xml' specified by the test 'UnitTest.BnlpTest.all_persons_modal_should': System.IO.DirectoryNotFoundException: Could not find a part of the path 'D:\software\Project\UnitTest\TestCases\all_persons_modal_should.xml'.</Text>
        <Exception>System.IO.DirectoryNotFoundException: Could not find a part of the path 'D:\software\Project\UnitTest\TestCases\all_persons_modal_should.xml'.
   at System.IO.__Error.WinIOError(Int32 errorCode, String maybeFullPath)
   at System.IO.File.GetAttributes(String path)
   at Microsoft.VisualStudio.TestTools.Common.SingleFileProvider.GetFilePaths()
   at Microsoft.VisualStudio.TestTools.TestManagement.DeploymentCoverageItem.GetFiles(TestRunConfiguration runConfig)
   at Microsoft.VisualStudio.TestTools.TestManagement.DeploymentManager.DoDeployment(TestRun run, FileCopyService fileCopyService)</Exception>
      </RunInfo>
      <RunInfo computerName="ARPAN-LAP" outcome="Warning" timestamp="2014-06-25T20:03:00.6157311+05:30">
        <Text>Warning: Test Run deployment issue: Failed to get the file for deployment item '..\UnitTest\TestCases\third_person_tenses_active.xml' specified by the test 'UnitTest.BnlpTest.third_person_tenses_active': System.IO.DirectoryNotFoundException: Could not find a part of the path 'D:\software\Project\UnitTest\TestCases\third_person_tenses_active.xml'.</Text>
        <Exception>System.IO.DirectoryNotFoundException: Could not find a part of the path 'D:\software\Project\UnitTest\TestCases\third_person_tenses_active.xml'.
   at System.IO.__Error.WinIOError(Int32 errorCode, String maybeFullPath)
   at System.IO.File.GetAttributes(String path)
   at Microsoft.VisualStudio.TestTools.Common.SingleFileProvider.GetFilePaths()
   at Microsoft.VisualStudio.TestTools.TestManagement.DeploymentCoverageItem.GetFiles(TestRunConfiguration runConfig)
   at Microsoft.VisualStudio.TestTools.TestManagement.DeploymentManager.DoDeployment(TestRun run, FileCopyService fileCopyService)</Exception>
      </RunInfo>
      <RunInfo computerName="ARPAN-LAP" outcome="Warning" timestamp="2014-06-25T20:03:00.6257317+05:30">
        <Text>Warning: Test Run deployment issue: Failed to get the file for deployment item '..\UnitTest\TestCases\all_persons_tenses_passive.xml' specified by the test 'UnitTest.BnlpTest.all_persons_tenses_passive': System.IO.DirectoryNotFoundException: Could not find a part of the path 'D:\software\Project\UnitTest\TestCases\all_persons_tenses_passive.xml'.</Text>
        <Exception>System.IO.DirectoryNotFoundException: Could not find a part of the path 'D:\software\Project\UnitTest\TestCases\all_persons_tenses_passive.xml'.
   at System.IO.__Error.WinIOError(Int32 errorCode, String maybeFullPath)
   at System.IO.File.GetAttributes(String path)
   at Microsoft.VisualStudio.TestTools.Common.SingleFileProvider.GetFilePaths()
   at Microsoft.VisualStudio.TestTools.TestManagement.DeploymentCoverageItem.GetFiles(TestRunConfiguration runConfig)
   at Microsoft.VisualStudio.TestTools.TestManagement.DeploymentManager.DoDeployment(TestRun run, FileCopyService fileCopyService)</Exception>
      </RunInfo>
      <RunInfo computerName="ARPAN-LAP" outcome="Warning" timestamp="2014-06-25T20:03:00.6277318+05:30">
        <Text>Warning: Test Run deployment issue: Failed to get the file for deployment item '..\UnitTest\TestCases\interrogative_sentences_aux.xml' specified by the test 'UnitTest.BnlpTest.interrogative_sentences_aux': System.IO.DirectoryNotFoundException: Could not find a part of the path 'D:\software\Project\UnitTest\TestCases\interrogative_sentences_aux.xml'.</Text>
        <Exception>System.IO.DirectoryNotFoundException: Could not find a part of the path 'D:\software\Project\UnitTest\TestCases\interrogative_sentences_aux.xml'.
   at System.IO.__Error.WinIOError(Int32 errorCode, String maybeFullPath)
   at System.IO.File.GetAttributes(String path)
   at Microsoft.VisualStudio.TestTools.Common.SingleFileProvider.GetFilePaths()
   at Microsoft.VisualStudio.TestTools.TestManagement.DeploymentCoverageItem.GetFiles(TestRunConfiguration runConfig)
   at Microsoft.VisualStudio.TestTools.TestManagement.DeploymentManager.DoDeployment(TestRun run, FileCopyService fileCopyService)</Exception>
      </RunInfo>
      <RunInfo computerName="ARPAN-LAP" outcome="Warning" timestamp="2014-06-25T20:03:00.6297319+05:30">
        <Text>Warning: Test Run deployment issue: Failed to get the file for deployment item '..\UnitTest\TestCases\second_person_tenses_active_negation.xml' specified by the test 'UnitTest.BnlpTest.second_person_tenses_active_negation': System.IO.DirectoryNotFoundException: Could not find a part of the path 'D:\software\Project\UnitTest\TestCases\second_person_tenses_active_negation.xml'.</Text>
        <Exception>System.IO.DirectoryNotFoundException: Could not find a part of the path 'D:\software\Project\UnitTest\TestCases\second_person_tenses_active_negation.xml'.
   at System.IO.__Error.WinIOError(Int32 errorCode, String maybeFullPath)
   at System.IO.File.GetAttributes(String path)
   at Microsoft.VisualStudio.TestTools.Common.SingleFileProvider.GetFilePaths()
   at Microsoft.VisualStudio.TestTools.TestManagement.DeploymentCoverageItem.GetFiles(TestRunConfiguration runConfig)
   at Microsoft.VisualStudio.TestTools.TestManagement.DeploymentManager.DoDeployment(TestRun run, FileCopyService fileCopyService)</Exception>
      </RunInfo>
      <RunInfo computerName="ARPAN-LAP" outcome="Warning" timestamp="2014-06-25T20:03:00.6317320+05:30">
        <Text>Warning: Test Run deployment issue: Failed to get the file for deployment item '..\UnitTest\TestCases\interrogative_sentences_where.xml' specified by the test 'UnitTest.BnlpTest.interrogative_sentences_where': System.IO.DirectoryNotFoundException: Could not find a part of the path 'D:\software\Project\UnitTest\TestCases\interrogative_sentences_where.xml'.</Text>
        <Exception>System.IO.DirectoryNotFoundException: Could not find a part of the path 'D:\software\Project\UnitTest\TestCases\interrogative_sentences_where.xml'.
   at System.IO.__Error.WinIOError(Int32 errorCode, String maybeFullPath)
   at System.IO.File.GetAttributes(String path)
   at Microsoft.VisualStudio.TestTools.Common.SingleFileProvider.GetFilePaths()
   at Microsoft.VisualStudio.TestTools.TestManagement.DeploymentCoverageItem.GetFiles(TestRunConfiguration runConfig)
   at Microsoft.VisualStudio.TestTools.TestManagement.DeploymentManager.DoDeployment(TestRun run, FileCopyService fileCopyService)</Exception>
      </RunInfo>
      <RunInfo computerName="ARPAN-LAP" outcome="Warning" timestamp="2014-06-25T20:03:00.6337321+05:30">
        <Text>Warning: Test Run deployment issue: Failed to get the file for deployment item '..\UnitTest\TestCases\prepositions_made_with_three_words.xml' specified by the test 'UnitTest.BnlpTest.prepositions_made_with_three_words': System.IO.DirectoryNotFoundException: Could not find a part of the path 'D:\software\Project\UnitTest\TestCases\prepositions_made_with_three_words.xml'.</Text>
        <Exception>System.IO.DirectoryNotFoundException: Could not find a part of the path 'D:\software\Project\UnitTest\TestCases\prepositions_made_with_three_words.xml'.
   at System.IO.__Error.WinIOError(Int32 errorCode, String maybeFullPath)
   at System.IO.File.GetAttributes(String path)
   at Microsoft.VisualStudio.TestTools.Common.SingleFileProvider.GetFilePaths()
   at Microsoft.VisualStudio.TestTools.TestManagement.DeploymentCoverageItem.GetFiles(TestRunConfiguration runConfig)
   at Microsoft.VisualStudio.TestTools.TestManagement.DeploymentManager.DoDeployment(TestRun run, FileCopyService fileCopyService)</Exception>
      </RunInfo>
      <RunInfo computerName="ARPAN-LAP" outcome="Warning" timestamp="2014-06-25T20:03:00.6357322+05:30">
        <Text>Warning: Test Run deployment issue: Failed to get the file for deployment item '..\UnitTest\TestCases\interrogative_sentences_what.xml' specified by the test 'UnitTest.BnlpTest.interrogative_sentences_what': System.IO.DirectoryNotFoundException: Could not find a part of the path 'D:\software\Project\UnitTest\TestCases\interrogative_sentences_what.xml'.</Text>
        <Exception>System.IO.DirectoryNotFoundException: Could not find a part of the path 'D:\software\Project\UnitTest\TestCases\interrogative_sentences_what.xml'.
   at System.IO.__Error.WinIOError(Int32 errorCode, String maybeFullPath)
   at System.IO.File.GetAttributes(String path)
   at Microsoft.VisualStudio.TestTools.Common.SingleFileProvider.GetFilePaths()
   at Microsoft.VisualStudio.TestTools.TestManagement.DeploymentCoverageItem.GetFiles(TestRunConfiguration runConfig)
   at Microsoft.VisualStudio.TestTools.TestManagement.DeploymentManager.DoDeployment(TestRun run, FileCopyService fileCopyService)</Exception>
      </RunInfo>
      <RunInfo computerName="ARPAN-LAP" outcome="Warning" timestamp="2014-06-25T20:03:00.6367323+05:30">
        <Text>Warning: Test Run deployment issue: Failed to get the file for deployment item '..\UnitTest\TestCases\interrogative_sentences_how.xml' specified by the test 'UnitTest.BnlpTest.interrogative_sentences_how': System.IO.DirectoryNotFoundException: Could not find a part of the path 'D:\software\Project\UnitTest\TestCases\interrogative_sentences_how.xml'.</Text>
        <Exception>System.IO.DirectoryNotFoundException: Could not find a part of the path 'D:\software\Project\UnitTest\TestCases\interrogative_sentences_how.xml'.
   at System.IO.__Error.WinIOError(Int32 errorCode, String maybeFullPath)
   at System.IO.File.GetAttributes(String path)
   at Microsoft.VisualStudio.TestTools.Common.SingleFileProvider.GetFilePaths()
   at Microsoft.VisualStudio.TestTools.TestManagement.DeploymentCoverageItem.GetFiles(TestRunConfiguration runConfig)
   at Microsoft.VisualStudio.TestTools.TestManagement.DeploymentManager.DoDeployment(TestRun run, FileCopyService fileCopyService)</Exception>
      </RunInfo>
      <RunInfo computerName="ARPAN-LAP" outcome="Warning" timestamp="2014-06-25T20:03:00.6387324+05:30">
        <Text>Warning: Test Run deployment issue: Failed to get the file for deployment item '..\UnitTest\TestCases\interrogative_sentences_whom.xml' specified by the test 'UnitTest.BnlpTest.interrogative_sentences_whom': System.IO.DirectoryNotFoundException: Could not find a part of the path 'D:\software\Project\UnitTest\TestCases\interrogative_sentences_whom.xml'.</Text>
        <Exception>System.IO.DirectoryNotFoundException: Could not find a part of the path 'D:\software\Project\UnitTest\TestCases\interrogative_sentences_whom.xml'.
   at System.IO.__Error.WinIOError(Int32 errorCode, String maybeFullPath)
   at System.IO.File.GetAttributes(String path)
   at Microsoft.VisualStudio.TestTools.Common.SingleFileProvider.GetFilePaths()
   at Microsoft.VisualStudio.TestTools.TestManagement.DeploymentCoverageItem.GetFiles(TestRunConfiguration runConfig)
   at Microsoft.VisualStudio.TestTools.TestManagement.DeploymentManager.DoDeployment(TestRun run, FileCopyService fileCopyService)</Exception>
      </RunInfo>
      <RunInfo computerName="ARPAN-LAP" outcome="Warning" timestamp="2014-06-25T20:03:00.6407325+05:30">
        <Text>Warning: Test Run deployment issue: Failed to get the file for deployment item '..\UnitTest\TestCases\second_person_tenses_active.xml' specified by the test 'UnitTest.BnlpTest.second_person_tenses_active': System.IO.DirectoryNotFoundException: Could not find a part of the path 'D:\software\Project\UnitTest\TestCases\second_person_tenses_active.xml'.</Text>
        <Exception>System.IO.DirectoryNotFoundException: Could not find a part of the path 'D:\software\Project\UnitTest\TestCases\second_person_tenses_active.xml'.
   at System.IO.__Error.WinIOError(Int32 errorCode, String maybeFullPath)
   at System.IO.File.GetAttributes(String path)
   at Microsoft.VisualStudio.TestTools.Common.SingleFileProvider.GetFilePaths()
   at Microsoft.VisualStudio.TestTools.TestManagement.DeploymentCoverageItem.GetFiles(TestRunConfiguration runConfig)
   at Microsoft.VisualStudio.TestTools.TestManagement.DeploymentManager.DoDeployment(TestRun run, FileCopyService fileCopyService)</Exception>
      </RunInfo>
      <RunInfo computerName="ARPAN-LAP" outcome="Warning" timestamp="2014-06-25T20:03:00.6427326+05:30">
        <Text>Warning: Test Run deployment issue: Failed to get the file for deployment item '..\UnitTest\TestCases\all_persons_modal_should_negation.xml' specified by the test 'UnitTest.BnlpTest.all_persons_modal_should_negation': System.IO.DirectoryNotFoundException: Could not find a part of the path 'D:\software\Project\UnitTest\TestCases\all_persons_modal_should_negation.xml'.</Text>
        <Exception>System.IO.DirectoryNotFoundException: Could not find a part of the path 'D:\software\Project\UnitTest\TestCases\all_persons_modal_should_negation.xml'.
   at System.IO.__Error.WinIOError(Int32 errorCode, String maybeFullPath)
   at System.IO.File.GetAttributes(String path)
   at Microsoft.VisualStudio.TestTools.Common.SingleFileProvider.GetFilePaths()
   at Microsoft.VisualStudio.TestTools.TestManagement.DeploymentCoverageItem.GetFiles(TestRunConfiguration runConfig)
   at Microsoft.VisualStudio.TestTools.TestManagement.DeploymentManager.DoDeployment(TestRun run, FileCopyService fileCopyService)</Exception>
      </RunInfo>
      <RunInfo computerName="ARPAN-LAP" outcome="Warning" timestamp="2014-06-25T20:03:00.6437327+05:30">
        <Text>Warning: Test Run deployment issue: Failed to get the file for deployment item '..\UnitTest\TestCases\first_person_tenses_active_negation.xml' specified by the test 'UnitTest.BnlpTest.first_person_tenses_active_negation': System.IO.DirectoryNotFoundException: Could not find a part of the path 'D:\software\Project\UnitTest\TestCases\first_person_tenses_active_negation.xml'.</Text>
        <Exception>System.IO.DirectoryNotFoundException: Could not find a part of the path 'D:\software\Project\UnitTest\TestCases\first_person_tenses_active_negation.xml'.
   at System.IO.__Error.WinIOError(Int32 errorCode, String maybeFullPath)
   at System.IO.File.GetAttributes(String path)
   at Microsoft.VisualStudio.TestTools.Common.SingleFileProvider.GetFilePaths()
   at Microsoft.VisualStudio.TestTools.TestManagement.DeploymentCoverageItem.GetFiles(TestRunConfiguration runConfig)
   at Microsoft.VisualStudio.TestTools.TestManagement.DeploymentManager.DoDeployment(TestRun run, FileCopyService fileCopyService)</Exception>
      </RunInfo>
      <RunInfo computerName="ARPAN-LAP" outcome="Warning" timestamp="2014-06-25T20:03:00.6457328+05:30">
        <Text>Warning: Test Run deployment issue: Failed to get the file for deployment item '..\UnitTest\TestCases\all_persons_modal_can_may_negation.xml' specified by the test 'UnitTest.BnlpTest.all_persons_modal_can_may_negation': System.IO.DirectoryNotFoundException: Could not find a part of the path 'D:\software\Project\UnitTest\TestCases\all_persons_modal_can_may_negation.xml'.</Text>
        <Exception>System.IO.DirectoryNotFoundException: Could not find a part of the path 'D:\software\Project\UnitTest\TestCases\all_persons_modal_can_may_negation.xml'.
   at System.IO.__Error.WinIOError(Int32 errorCode, String maybeFullPath)
   at System.IO.File.GetAttributes(String path)
   at Microsoft.VisualStudio.TestTools.Common.SingleFileProvider.GetFilePaths()
   at Microsoft.VisualStudio.TestTools.TestManagement.DeploymentCoverageItem.GetFiles(TestRunConfiguration runConfig)
   at Microsoft.VisualStudio.TestTools.TestManagement.DeploymentManager.DoDeployment(TestRun run, FileCopyService fileCopyService)</Exception>
      </RunInfo>
      <RunInfo computerName="ARPAN-LAP" outcome="Warning" timestamp="2014-06-25T20:03:00.6477329+05:30">
        <Text>Warning: Test Run deployment issue: Failed to get the file for deployment item '..\UnitTest\TestCases\third_person_tenses_active_negation.xml' specified by the test 'UnitTest.BnlpTest.third_person_tenses_active_negation': System.IO.DirectoryNotFoundException: Could not find a part of the path 'D:\software\Project\UnitTest\TestCases\third_person_tenses_active_negation.xml'.</Text>
        <Exception>System.IO.DirectoryNotFoundException: Could not find a part of the path 'D:\software\Project\UnitTest\TestCases\third_person_tenses_active_negation.xml'.
   at System.IO.__Error.WinIOError(Int32 errorCode, String maybeFullPath)
   at System.IO.File.GetAttributes(String path)
   at Microsoft.VisualStudio.TestTools.Common.SingleFileProvider.GetFilePaths()
   at Microsoft.VisualStudio.TestTools.TestManagement.DeploymentCoverageItem.GetFiles(TestRunConfiguration runConfig)
   at Microsoft.VisualStudio.TestTools.TestManagement.DeploymentManager.DoDeployment(TestRun run, FileCopyService fileCopyService)</Exception>
      </RunInfo>
      <RunInfo computerName="ARPAN-LAP" outcome="Warning" timestamp="2014-06-25T20:03:00.6497330+05:30">
        <Text>Warning: Test Run deployment issue: Failed to get the file for deployment item '..\UnitTest\TestCases\interrogative_sentences_do.xml' specified by the test 'UnitTest.BnlpTest.interrogative_sentences_do': System.IO.DirectoryNotFoundException: Could not find a part of the path 'D:\software\Project\UnitTest\TestCases\interrogative_sentences_do.xml'.</Text>
        <Exception>System.IO.DirectoryNotFoundException: Could not find a part of the path 'D:\software\Project\UnitTest\TestCases\interrogative_sentences_do.xml'.
   at System.IO.__Error.WinIOError(Int32 errorCode, String maybeFullPath)
   at System.IO.File.GetAttributes(String path)
   at Microsoft.VisualStudio.TestTools.Common.SingleFileProvider.GetFilePaths()
   at Microsoft.VisualStudio.TestTools.TestManagement.DeploymentCoverageItem.GetFiles(TestRunConfiguration runConfig)
   at Microsoft.VisualStudio.TestTools.TestManagement.DeploymentManager.DoDeployment(TestRun run, FileCopyService fileCopyService)</Exception>
      </RunInfo>
      <RunInfo computerName="ARPAN-LAP" outcome="Warning" timestamp="2014-06-25T20:03:00.6507331+05:30">
        <Text>Warning: Test Run deployment issue: Failed to get the file for deployment item '..\UnitTest\TestCases\auxiliary_verbs_as_main_verbs.xml' specified by the test 'UnitTest.BnlpTest.auxiliary_verbs_as_main_verbs': System.IO.DirectoryNotFoundException: Could not find a part of the path 'D:\software\Project\UnitTest\TestCases\auxiliary_verbs_as_main_verbs.xml'.</Text>
        <Exception>System.IO.DirectoryNotFoundException: Could not find a part of the path 'D:\software\Project\UnitTest\TestCases\auxiliary_verbs_as_main_verbs.xml'.
   at System.IO.__Error.WinIOError(Int32 errorCode, String maybeFullPath)
   at System.IO.File.GetAttributes(String path)
   at Microsoft.VisualStudio.TestTools.Common.SingleFileProvider.GetFilePaths()
   at Microsoft.VisualStudio.TestTools.TestManagement.DeploymentCoverageItem.GetFiles(TestRunConfiguration runConfig)
   at Microsoft.VisualStudio.TestTools.TestManagement.DeploymentManager.DoDeployment(TestRun run, FileCopyService fileCopyService)</Exception>
      </RunInfo>
      <RunInfo computerName="ARPAN-LAP" outcome="Warning" timestamp="2014-06-25T20:03:00.6527332+05:30">
        <Text>Warning: Test Run deployment issue: Failed to get the file for deployment item '..\UnitTest\TestCases\all_persons_tenses_passive_negation.xml' specified by the test 'UnitTest.BnlpTest.all_persons_tenses_passive_negation': System.IO.DirectoryNotFoundException: Could not find a part of the path 'D:\software\Project\UnitTest\TestCases\all_persons_tenses_passive_negation.xml'.</Text>
        <Exception>System.IO.DirectoryNotFoundException: Could not find a part of the path 'D:\software\Project\UnitTest\TestCases\all_persons_tenses_passive_negation.xml'.
   at System.IO.__Error.WinIOError(Int32 errorCode, String maybeFullPath)
   at System.IO.File.GetAttributes(String path)
   at Microsoft.VisualStudio.TestTools.Common.SingleFileProvider.GetFilePaths()
   at Microsoft.VisualStudio.TestTools.TestManagement.DeploymentCoverageItem.GetFiles(TestRunConfiguration runConfig)
   at Microsoft.VisualStudio.TestTools.TestManagement.DeploymentManager.DoDeployment(TestRun run, FileCopyService fileCopyService)</Exception>
      </RunInfo>
      <RunInfo computerName="ARPAN-LAP" outcome="Warning" timestamp="2014-06-25T20:03:00.6547333+05:30">
        <Text>Warning: Test Run deployment issue: Failed to get the file for deployment item '..\UnitTest\TestCases\prepositions_made_with_two_words.xml' specified by the test 'UnitTest.BnlpTest.prepositions_made_with_two_words': System.IO.DirectoryNotFoundException: Could not find a part of the path 'D:\software\Project\UnitTest\TestCases\prepositions_made_with_two_words.xml'.</Text>
        <Exception>System.IO.DirectoryNotFoundException: Could not find a part of the path 'D:\software\Project\UnitTest\TestCases\prepositions_made_with_two_words.xml'.
   at System.IO.__Error.WinIOError(Int32 errorCode, String maybeFullPath)
   at System.IO.File.GetAttributes(String path)
   at Microsoft.VisualStudio.TestTools.Common.SingleFileProvider.GetFilePaths()
   at Microsoft.VisualStudio.TestTools.TestManagement.DeploymentCoverageItem.GetFiles(TestRunConfiguration runConfig)
   at Microsoft.VisualStudio.TestTools.TestManagement.DeploymentManager.DoDeployment(TestRun run, FileCopyService fileCopyService)</Exception>
      </RunInfo>
      <RunInfo computerName="ARPAN-LAP" outcome="Warning" timestamp="2014-06-25T20:03:00.6567334+05:30">
        <Text>Warning: Test Run deployment issue: Failed to get the file for deployment item '..\UnitTest\TestCases\first_person_tenses_active.xml' specified by the test 'UnitTest.BnlpTest.first_person_tenses_active': System.IO.DirectoryNotFoundException: Could not find a part of the path 'D:\software\Project\UnitTest\TestCases\first_person_tenses_active.xml'.</Text>
        <Exception>System.IO.DirectoryNotFoundException: Could not find a part of the path 'D:\software\Project\UnitTest\TestCases\first_person_tenses_active.xml'.
   at System.IO.__Error.WinIOError(Int32 errorCode, String maybeFullPath)
   at System.IO.File.GetAttributes(String path)
   at Microsoft.VisualStudio.TestTools.Common.SingleFileProvider.GetFilePaths()
   at Microsoft.VisualStudio.TestTools.TestManagement.DeploymentCoverageItem.GetFiles(TestRunConfiguration runConfig)
   at Microsoft.VisualStudio.TestTools.TestManagement.DeploymentManager.DoDeployment(TestRun run, FileCopyService fileCopyService)</Exception>
      </RunInfo>
      <RunInfo computerName="ARPAN-LAP" outcome="Warning" timestamp="2014-06-25T20:03:00.6577335+05:30">
        <Text>Warning: Test Run deployment issue: Failed to get the file for deployment item '..\UnitTest\TestCases\interrogative_sentences_why.xml' specified by the test 'UnitTest.BnlpTest.interrogative_sentences_why': System.IO.DirectoryNotFoundException: Could not find a part of the path 'D:\software\Project\UnitTest\TestCases\interrogative_sentences_why.xml'.</Text>
        <Exception>System.IO.DirectoryNotFoundException: Could not find a part of the path 'D:\software\Project\UnitTest\TestCases\interrogative_sentences_why.xml'.
   at System.IO.__Error.WinIOError(Int32 errorCode, String maybeFullPath)
   at System.IO.File.GetAttributes(String path)
   at Microsoft.VisualStudio.TestTools.Common.SingleFileProvider.GetFilePaths()
   at Microsoft.VisualStudio.TestTools.TestManagement.DeploymentCoverageItem.GetFiles(TestRunConfiguration runConfig)
   at Microsoft.VisualStudio.TestTools.TestManagement.DeploymentManager.DoDeployment(TestRun run, FileCopyService fileCopyService)</Exception>
      </RunInfo>
      <RunInfo computerName="ARPAN-LAP" outcome="Warning" timestamp="2014-06-25T20:03:00.6597336+05:30">
        <Text>Warning: Test Run deployment issue: Failed to get the file for deployment item '..\UnitTest\TestCases\all_persons_modal_can_may.xml' specified by the test 'UnitTest.BnlpTest.all_persons_modal_can_may': System.IO.DirectoryNotFoundException: Could not find a part of the path 'D:\software\Project\UnitTest\TestCases\all_persons_modal_can_may.xml'.</Text>
        <Exception>System.IO.DirectoryNotFoundException: Could not find a part of the path 'D:\software\Project\UnitTest\TestCases\all_persons_modal_can_may.xml'.
   at System.IO.__Error.WinIOError(Int32 errorCode, String maybeFullPath)
   at System.IO.File.GetAttributes(String path)
   at Microsoft.VisualStudio.TestTools.Common.SingleFileProvider.GetFilePaths()
   at Microsoft.VisualStudio.TestTools.TestManagement.DeploymentCoverageItem.GetFiles(TestRunConfiguration runConfig)
   at Microsoft.VisualStudio.TestTools.TestManagement.DeploymentManager.DoDeployment(TestRun run, FileCopyService fileCopyService)</Exception>
      </RunInfo>
    </RunInfos>
  </ResultSummary>
  <TestDefinitions>
    <UnitTest name="prepositions_made_with_three_words" storage="d:\software\project\bnlp\unittest\bin\debug\unittest.dll" id="0f33848d-a900-d644-7498-2526887b5425">
      <DeploymentItems>
        <DeploymentItem filename="..\UnitTest\TestCases\prepositions_made_with_three_words.xml" />
      </DeploymentItems>
      <Execution id="6359ad45-769c-4209-9271-f05d102b73e4" />
      <TestMethod codeBase="D:/software/Project/BNLP/UnitTest/bin/Debug/UnitTest.DLL" adapterTypeName="Microsoft.VisualStudio.TestTools.TestTypes.Unit.UnitTestAdapter, Microsoft.VisualStudio.QualityTools.Tips.UnitTest.Adapter, Version=10.0.0.0, Culture=neutral, PublicKeyToken=b03f5f7f11d50a3a" className="UnitTest.BnlpTest, UnitTest, Version=1.0.0.0, Culture=neutral, PublicKeyToken=null" name="prepositions_made_with_three_words" />
      <DataSource connectionString="|DataDirectory|\TestCases\prepositions_made_with_three_words.xml" providerInvariantName="Microsoft.VisualStudio.TestTools.DataSource.XML" tableName="sentence" />
    </UnitTest>
    <UnitTest name="first_person_tenses_active" storage="d:\software\project\bnlp\unittest\bin\debug\unittest.dll" id="921e6ab0-d7c2-6005-e523-6fd2d5e1a723">
      <DeploymentItems>
        <DeploymentItem filename="..\UnitTest\TestCases\first_person_tenses_active.xml" />
      </DeploymentItems>
      <Execution id="a87e3c9c-9949-40d9-9331-cac213f437ae" />
      <TestMethod codeBase="D:/software/Project/BNLP/UnitTest/bin/Debug/UnitTest.DLL" adapterTypeName="Microsoft.VisualStudio.TestTools.TestTypes.Unit.UnitTestAdapter, Microsoft.VisualStudio.QualityTools.Tips.UnitTest.Adapter, Version=10.0.0.0, Culture=neutral, PublicKeyToken=b03f5f7f11d50a3a" className="UnitTest.BnlpTest, UnitTest, Version=1.0.0.0, Culture=neutral, PublicKeyToken=null" name="first_person_tenses_active" />
      <DataSource connectionString="|DataDirectory|\TestCases\first_person_tenses_active.xml" providerInvariantName="Microsoft.VisualStudio.TestTools.DataSource.XML" tableName="sentence" />
    </UnitTest>
    <UnitTest name="interrogative_sentences_what" storage="d:\software\project\bnlp\unittest\bin\debug\unittest.dll" id="7f7910d1-dc89-39b4-b4cf-d9e6d7af9420">
      <DeploymentItems>
        <DeploymentItem filename="..\UnitTest\TestCases\interrogative_sentences_what.xml" />
      </DeploymentItems>
      <Execution id="4bec3cdf-eae0-417d-acf5-ef431a4527ba" />
      <TestMethod codeBase="D:/software/Project/BNLP/UnitTest/bin/Debug/UnitTest.DLL" adapterTypeName="Microsoft.VisualStudio.TestTools.TestTypes.Unit.UnitTestAdapter, Microsoft.VisualStudio.QualityTools.Tips.UnitTest.Adapter, Version=10.0.0.0, Culture=neutral, PublicKeyToken=b03f5f7f11d50a3a" className="UnitTest.BnlpTest, UnitTest, Version=1.0.0.0, Culture=neutral, PublicKeyToken=null" name="interrogative_sentences_what" />
      <DataSource connectionString="|DataDirectory|\TestCases\interrogative_sentences_what.xml" providerInvariantName="Microsoft.VisualStudio.TestTools.DataSource.XML" tableName="sentence" />
    </UnitTest>
    <UnitTest name="all_persons_modal_should_negation" storage="d:\software\project\bnlp\unittest\bin\debug\unittest.dll" id="9319d01e-de3e-d310-c76e-cae8dce4c924">
      <DeploymentItems>
        <DeploymentItem filename="..\UnitTest\TestCases\all_persons_modal_should_negation.xml" />
      </DeploymentItems>
      <Execution id="f71452e9-c736-4cb6-9519-f7dcd6a8c8ed" />
      <TestMethod codeBase="D:/software/Project/BNLP/UnitTest/bin/Debug/UnitTest.DLL" adapterTypeName="Microsoft.VisualStudio.TestTools.TestTypes.Unit.UnitTestAdapter, Microsoft.VisualStudio.QualityTools.Tips.UnitTest.Adapter, Version=10.0.0.0, Culture=neutral, PublicKeyToken=b03f5f7f11d50a3a" className="UnitTest.BnlpTest, UnitTest, Version=1.0.0.0, Culture=neutral, PublicKeyToken=null" name="all_persons_modal_should_negation" />
      <DataSource connectionString="|DataDirectory|\TestCases\all_persons_modal_should_negation.xml" providerInvariantName="Microsoft.VisualStudio.TestTools.DataSource.XML" tableName="sentence" />
    </UnitTest>
    <UnitTest name="prepositions_made_with_two_words" storage="d:\software\project\bnlp\unittest\bin\debug\unittest.dll" id="0f337a75-1a2d-d9c3-6c5f-23ed2604b69d">
      <DeploymentItems>
        <DeploymentItem filename="..\UnitTest\TestCases\prepositions_made_with_two_words.xml" />
      </DeploymentItems>
      <Execution id="f84e79ae-43c5-4ffc-9c96-de6f98bff368" />
      <TestMethod codeBase="D:/software/Project/BNLP/UnitTest/bin/Debug/UnitTest.DLL" adapterTypeName="Microsoft.VisualStudio.TestTools.TestTypes.Unit.UnitTestAdapter, Microsoft.VisualStudio.QualityTools.Tips.UnitTest.Adapter, Version=10.0.0.0, Culture=neutral, PublicKeyToken=b03f5f7f11d50a3a" className="UnitTest.BnlpTest, UnitTest, Version=1.0.0.0, Culture=neutral, PublicKeyToken=null" name="prepositions_made_with_two_words" />
      <DataSource connectionString="|DataDirectory|\TestCases\prepositions_made_with_two_words.xml" providerInvariantName="Microsoft.VisualStudio.TestTools.DataSource.XML" tableName="sentence" />
    </UnitTest>
    <UnitTest name="interrogative_sentences_do" storage="d:\software\project\bnlp\unittest\bin\debug\unittest.dll" id="1d63c318-78a9-9011-f5c0-0b01884a2881">
      <DeploymentItems>
        <DeploymentItem filename="..\UnitTest\TestCases\interrogative_sentences_do.xml" />
      </DeploymentItems>
      <Execution id="c1c513cf-6098-48f9-9b9e-c61856e9ce6d" />
      <TestMethod codeBase="D:/software/Project/BNLP/UnitTest/bin/Debug/UnitTest.DLL" adapterTypeName="Microsoft.VisualStudio.TestTools.TestTypes.Unit.UnitTestAdapter, Microsoft.VisualStudio.QualityTools.Tips.UnitTest.Adapter, Version=10.0.0.0, Culture=neutral, PublicKeyToken=b03f5f7f11d50a3a" className="UnitTest.BnlpTest, UnitTest, Version=1.0.0.0, Culture=neutral, PublicKeyToken=null" name="interrogative_sentences_do" />
      <DataSource connectionString="|DataDirectory|\TestCases\interrogative_sentences_do.xml" providerInvariantName="Microsoft.VisualStudio.TestTools.DataSource.XML" tableName="sentence" />
    </UnitTest>
    <UnitTest name="all_persons_tenses_passive_negation" storage="d:\software\project\bnlp\unittest\bin\debug\unittest.dll" id="bdfe92b2-f4ac-73a5-f13d-5c1ea13721b4">
      <DeploymentItems>
        <DeploymentItem filename="..\UnitTest\TestCases\all_persons_tenses_passive_negation.xml" />
      </DeploymentItems>
      <Execution id="01b74426-ec88-417c-a4cb-b8c3d0866c96" />
      <TestMethod codeBase="D:/software/Project/BNLP/UnitTest/bin/Debug/UnitTest.DLL" adapterTypeName="Microsoft.VisualStudio.TestTools.TestTypes.Unit.UnitTestAdapter, Microsoft.VisualStudio.QualityTools.Tips.UnitTest.Adapter, Version=10.0.0.0, Culture=neutral, PublicKeyToken=b03f5f7f11d50a3a" className="UnitTest.BnlpTest, UnitTest, Version=1.0.0.0, Culture=neutral, PublicKeyToken=null" name="all_persons_tenses_passive_negation" />
      <DataSource connectionString="|DataDirectory|\TestCases\all_persons_tenses_passive_negation.xml" providerInvariantName="Microsoft.VisualStudio.TestTools.DataSource.XML" tableName="sentence" />
    </UnitTest>
    <UnitTest name="third_person_tenses_active_negation" storage="d:\software\project\bnlp\unittest\bin\debug\unittest.dll" id="fe3e63ab-391c-e168-48d0-431b85a7b898">
      <DeploymentItems>
        <DeploymentItem filename="..\UnitTest\TestCases\third_person_tenses_active_negation.xml" />
      </DeploymentItems>
      <Execution id="c1bac1e9-ab4e-42e0-a95b-05da77f9a801" />
      <TestMethod codeBase="D:/software/Project/BNLP/UnitTest/bin/Debug/UnitTest.DLL" adapterTypeName="Microsoft.VisualStudio.TestTools.TestTypes.Unit.UnitTestAdapter, Microsoft.VisualStudio.QualityTools.Tips.UnitTest.Adapter, Version=10.0.0.0, Culture=neutral, PublicKeyToken=b03f5f7f11d50a3a" className="UnitTest.BnlpTest, UnitTest, Version=1.0.0.0, Culture=neutral, PublicKeyToken=null" name="third_person_tenses_active_negation" />
      <DataSource connectionString="|DataDirectory|\TestCases\third_person_tenses_active_negation.xml" providerInvariantName="Microsoft.VisualStudio.TestTools.DataSource.XML" tableName="sentence" />
    </UnitTest>
    <UnitTest name="all_persons_modal_should" storage="d:\software\project\bnlp\unittest\bin\debug\unittest.dll" id="783915fe-114a-e353-78dd-56e92a60f942">
      <DeploymentItems>
        <DeploymentItem filename="..\UnitTest\TestCases\all_persons_modal_should.xml" />
      </DeploymentItems>
      <Execution id="a60bce6d-808c-4052-a67b-bdfd77945f49" />
      <TestMethod codeBase="D:/software/Project/BNLP/UnitTest/bin/Debug/UnitTest.DLL" adapterTypeName="Microsoft.VisualStudio.TestTools.TestTypes.Unit.UnitTestAdapter, Microsoft.VisualStudio.QualityTools.Tips.UnitTest.Adapter, Version=10.0.0.0, Culture=neutral, PublicKeyToken=b03f5f7f11d50a3a" className="UnitTest.BnlpTest, UnitTest, Version=1.0.0.0, Culture=neutral, PublicKeyToken=null" name="all_persons_modal_should" />
      <DataSource connectionString="|DataDirectory|\TestCases\all_persons_modal_should.xml" providerInvariantName="Microsoft.VisualStudio.TestTools.DataSource.XML" tableName="sentence" />
    </UnitTest>
    <UnitTest name="second_person_tenses_active" storage="d:\software\project\bnlp\unittest\bin\debug\unittest.dll" id="30ab3285-6a8c-14d2-9725-bd60892ccd90">
      <DeploymentItems>
        <DeploymentItem filename="..\UnitTest\TestCases\second_person_tenses_active.xml" />
      </DeploymentItems>
      <Execution id="2eb79164-0d27-4288-a59f-59935f7ab6f4" />
      <TestMethod codeBase="D:/software/Project/BNLP/UnitTest/bin/Debug/UnitTest.DLL" adapterTypeName="Microsoft.VisualStudio.TestTools.TestTypes.Unit.UnitTestAdapter, Microsoft.VisualStudio.QualityTools.Tips.UnitTest.Adapter, Version=10.0.0.0, Culture=neutral, PublicKeyToken=b03f5f7f11d50a3a" className="UnitTest.BnlpTest, UnitTest, Version=1.0.0.0, Culture=neutral, PublicKeyToken=null" name="second_person_tenses_active" />
      <DataSource connectionString="|DataDirectory|\TestCases\second_person_tenses_active.xml" providerInvariantName="Microsoft.VisualStudio.TestTools.DataSource.XML" tableName="sentence" />
    </UnitTest>
    <UnitTest name="interrogative_sentences_who" storage="d:\software\project\bnlp\unittest\bin\debug\unittest.dll" id="32b5d279-0d23-e5ad-0301-234c8788f740">
      <DeploymentItems>
        <DeploymentItem filename="..\UnitTest\TestCases\interrogative_sentences_who.xml" />
      </DeploymentItems>
      <Execution id="c723eeb3-68da-449c-a02d-66aa0f681924" />
      <TestMethod codeBase="D:/software/Project/BNLP/UnitTest/bin/Debug/UnitTest.DLL" adapterTypeName="Microsoft.VisualStudio.TestTools.TestTypes.Unit.UnitTestAdapter, Microsoft.VisualStudio.QualityTools.Tips.UnitTest.Adapter, Version=10.0.0.0, Culture=neutral, PublicKeyToken=b03f5f7f11d50a3a" className="UnitTest.BnlpTest, UnitTest, Version=1.0.0.0, Culture=neutral, PublicKeyToken=null" name="interrogative_sentences_who" />
      <DataSource connectionString="|DataDirectory|\TestCases\interrogative_sentences_who.xml" providerInvariantName="Microsoft.VisualStudio.TestTools.DataSource.XML" tableName="sentence" />
    </UnitTest>
    <UnitTest name="all_persons_modal_can_may" storage="d:\software\project\bnlp\unittest\bin\debug\unittest.dll" id="8fe5ccb3-a3f4-0f61-ad21-e94ef029e900">
      <DeploymentItems>
        <DeploymentItem filename="..\UnitTest\TestCases\all_persons_modal_can_may.xml" />
      </DeploymentItems>
      <Execution id="26155b79-7ef2-4a68-a4c0-4a4738f4acc8" />
      <TestMethod codeBase="D:/software/Project/BNLP/UnitTest/bin/Debug/UnitTest.DLL" adapterTypeName="Microsoft.VisualStudio.TestTools.TestTypes.Unit.UnitTestAdapter, Microsoft.VisualStudio.QualityTools.Tips.UnitTest.Adapter, Version=10.0.0.0, Culture=neutral, PublicKeyToken=b03f5f7f11d50a3a" className="UnitTest.BnlpTest, UnitTest, Version=1.0.0.0, Culture=neutral, PublicKeyToken=null" name="all_persons_modal_can_may" />
      <DataSource connectionString="|DataDirectory|\TestCases\all_persons_modal_can_may.xml" providerInvariantName="Microsoft.VisualStudio.TestTools.DataSource.XML" tableName="sentence" />
    </UnitTest>
    <UnitTest name="interrogative_sentences_how" storage="d:\software\project\bnlp\unittest\bin\debug\unittest.dll" id="227f20ae-8e76-eb71-39b2-4ada3ce6aba8">
      <DeploymentItems>
        <DeploymentItem filename="..\UnitTest\TestCases\interrogative_sentences_how.xml" />
      </DeploymentItems>
      <Execution id="f2f5e25c-5030-4980-859f-a39a61a11958" />
      <TestMethod codeBase="D:/software/Project/BNLP/UnitTest/bin/Debug/UnitTest.DLL" adapterTypeName="Microsoft.VisualStudio.TestTools.TestTypes.Unit.UnitTestAdapter, Microsoft.VisualStudio.QualityTools.Tips.UnitTest.Adapter, Version=10.0.0.0, Culture=neutral, PublicKeyToken=b03f5f7f11d50a3a" className="UnitTest.BnlpTest, UnitTest, Version=1.0.0.0, Culture=neutral, PublicKeyToken=null" name="interrogative_sentences_how" />
      <DataSource connectionString="|DataDirectory|\TestCases\interrogative_sentences_how.xml" providerInvariantName="Microsoft.VisualStudio.TestTools.DataSource.XML" tableName="sentence" />
    </UnitTest>
    <UnitTest name="all_persons_modal_can_may_negation" storage="d:\software\project\bnlp\unittest\bin\debug\unittest.dll" id="d03eb628-bf1f-c27d-aeef-e708d613d686">
      <DeploymentItems>
        <DeploymentItem filename="..\UnitTest\TestCases\all_persons_modal_can_may_negation.xml" />
      </DeploymentItems>
      <Execution id="da38a2e9-c8f9-4ca3-a9a9-d8217e33f955" />
      <TestMethod codeBase="D:/software/Project/BNLP/UnitTest/bin/Debug/UnitTest.DLL" adapterTypeName="Microsoft.VisualStudio.TestTools.TestTypes.Unit.UnitTestAdapter, Microsoft.VisualStudio.QualityTools.Tips.UnitTest.Adapter, Version=10.0.0.0, Culture=neutral, PublicKeyToken=b03f5f7f11d50a3a" className="UnitTest.BnlpTest, UnitTest, Version=1.0.0.0, Culture=neutral, PublicKeyToken=null" name="all_persons_modal_can_may_negation" />
      <DataSource connectionString="|DataDirectory|\TestCases\all_persons_modal_can_may_negation.xml" providerInvariantName="Microsoft.VisualStudio.TestTools.DataSource.XML" tableName="sentence" />
    </UnitTest>
    <UnitTest name="RandomWord" storage="d:\software\project\bnlp\unittest\bin\debug\unittest.dll" id="642ce34f-0ed4-f995-637b-09297c832f2a">
      <DeploymentItems>
        <DeploymentItem filename="..\UnitTest\TestCases\wikipedia.xml" />
      </DeploymentItems>
      <Execution id="7afc0ec5-77cd-41d0-9dd3-235607457929" />
      <TestMethod codeBase="D:/software/Project/BNLP/UnitTest/bin/Debug/UnitTest.DLL" adapterTypeName="Microsoft.VisualStudio.TestTools.TestTypes.Unit.UnitTestAdapter, Microsoft.VisualStudio.QualityTools.Tips.UnitTest.Adapter, Version=10.0.0.0, Culture=neutral, PublicKeyToken=b03f5f7f11d50a3a" className="UnitTest.BnlpTest, UnitTest, Version=1.0.0.0, Culture=neutral, PublicKeyToken=null" name="RandomWord" />
      <DataSource connectionString="|DataDirectory|\TestCases\wikipedia.xml" providerInvariantName="Microsoft.VisualStudio.TestTools.DataSource.XML" tableName="sentence" />
    </UnitTest>
    <UnitTest name="second_person_tenses_active_negation" storage="d:\software\project\bnlp\unittest\bin\debug\unittest.dll" id="83c68223-dcaa-51dd-423f-434210a59f77">
      <DeploymentItems>
        <DeploymentItem filename="..\UnitTest\TestCases\second_person_tenses_active_negation.xml" />
      </DeploymentItems>
      <Execution id="1c1d45dc-744d-443b-a1a7-6b40f5a53029" />
      <TestMethod codeBase="D:/software/Project/BNLP/UnitTest/bin/Debug/UnitTest.DLL" adapterTypeName="Microsoft.VisualStudio.TestTools.TestTypes.Unit.UnitTestAdapter, Microsoft.VisualStudio.QualityTools.Tips.UnitTest.Adapter, Version=10.0.0.0, Culture=neutral, PublicKeyToken=b03f5f7f11d50a3a" className="UnitTest.BnlpTest, UnitTest, Version=1.0.0.0, Culture=neutral, PublicKeyToken=null" name="second_person_tenses_active_negation" />
      <DataSource connectionString="|DataDirectory|\TestCases\second_person_tenses_active_negation.xml" providerInvariantName="Microsoft.VisualStudio.TestTools.DataSource.XML" tableName="sentence" />
    </UnitTest>
    <UnitTest name="interrogative_sentences_why" storage="d:\software\project\bnlp\unittest\bin\debug\unittest.dll" id="1b04a6d6-5350-792c-8eba-a46a0eb28949">
      <DeploymentItems>
        <DeploymentItem filename="..\UnitTest\TestCases\interrogative_sentences_why.xml" />
      </DeploymentItems>
      <Execution id="a86f95f6-7548-4580-ae8c-05e17a03a8f0" />
      <TestMethod codeBase="D:/software/Project/BNLP/UnitTest/bin/Debug/UnitTest.DLL" adapterTypeName="Microsoft.VisualStudio.TestTools.TestTypes.Unit.UnitTestAdapter, Microsoft.VisualStudio.QualityTools.Tips.UnitTest.Adapter, Version=10.0.0.0, Culture=neutral, PublicKeyToken=b03f5f7f11d50a3a" className="UnitTest.BnlpTest, UnitTest, Version=1.0.0.0, Culture=neutral, PublicKeyToken=null" name="interrogative_sentences_why" />
      <DataSource connectionString="|DataDirectory|\TestCases\interrogative_sentences_why.xml" providerInvariantName="Microsoft.VisualStudio.TestTools.DataSource.XML" tableName="sentence" />
    </UnitTest>
    <UnitTest name="interrogative_sentences_which" storage="d:\software\project\bnlp\unittest\bin\debug\unittest.dll" id="97a1371f-e8e6-db3e-323e-49ffeef32df1">
      <DeploymentItems>
        <DeploymentItem filename="..\UnitTest\TestCases\interrogative_sentences_which.xml" />
      </DeploymentItems>
      <Execution id="f075d703-20b3-45ad-a500-b0e5af876207" />
      <TestMethod codeBase="D:/software/Project/BNLP/UnitTest/bin/Debug/UnitTest.DLL" adapterTypeName="Microsoft.VisualStudio.TestTools.TestTypes.Unit.UnitTestAdapter, Microsoft.VisualStudio.QualityTools.Tips.UnitTest.Adapter, Version=10.0.0.0, Culture=neutral, PublicKeyToken=b03f5f7f11d50a3a" className="UnitTest.BnlpTest, UnitTest, Version=1.0.0.0, Culture=neutral, PublicKeyToken=null" name="interrogative_sentences_which" />
      <DataSource connectionString="|DataDirectory|\TestCases\interrogative_sentences_which.xml" providerInvariantName="Microsoft.VisualStudio.TestTools.DataSource.XML" tableName="sentence" />
    </UnitTest>
    <UnitTest name="third_person_tenses_active" storage="d:\software\project\bnlp\unittest\bin\debug\unittest.dll" id="0bc2f98c-98f5-f190-c78c-c00d94c547a1">
      <DeploymentItems>
        <DeploymentItem filename="..\UnitTest\TestCases\third_person_tenses_active.xml" />
      </DeploymentItems>
      <Execution id="26cfc4f1-81ac-4832-ab48-e3d4345ca8c3" />
      <TestMethod codeBase="D:/software/Project/BNLP/UnitTest/bin/Debug/UnitTest.DLL" adapterTypeName="Microsoft.VisualStudio.TestTools.TestTypes.Unit.UnitTestAdapter, Microsoft.VisualStudio.QualityTools.Tips.UnitTest.Adapter, Version=10.0.0.0, Culture=neutral, PublicKeyToken=b03f5f7f11d50a3a" className="UnitTest.BnlpTest, UnitTest, Version=1.0.0.0, Culture=neutral, PublicKeyToken=null" name="third_person_tenses_active" />
      <DataSource connectionString="|DataDirectory|\TestCases\third_person_tenses_active.xml" providerInvariantName="Microsoft.VisualStudio.TestTools.DataSource.XML" tableName="sentence" />
    </UnitTest>
    <UnitTest name="auxiliary_verbs_as_main_verbs" storage="d:\software\project\bnlp\unittest\bin\debug\unittest.dll" id="c79146bc-2376-961a-5de9-441b5dfc7188">
      <DeploymentItems>
        <DeploymentItem filename="..\UnitTest\TestCases\auxiliary_verbs_as_main_verbs.xml" />
      </DeploymentItems>
      <Execution id="df2c45ff-9075-47e2-8646-262c18efc2b5" />
      <TestMethod codeBase="D:/software/Project/BNLP/UnitTest/bin/Debug/UnitTest.DLL" adapterTypeName="Microsoft.VisualStudio.TestTools.TestTypes.Unit.UnitTestAdapter, Microsoft.VisualStudio.QualityTools.Tips.UnitTest.Adapter, Version=10.0.0.0, Culture=neutral, PublicKeyToken=b03f5f7f11d50a3a" className="UnitTest.BnlpTest, UnitTest, Version=1.0.0.0, Culture=neutral, PublicKeyToken=null" name="auxiliary_verbs_as_main_verbs" />
      <DataSource connectionString="|DataDirectory|\TestCases\auxiliary_verbs_as_main_verbs.xml" providerInvariantName="Microsoft.VisualStudio.TestTools.DataSource.XML" tableName="sentence" />
    </UnitTest>
    <UnitTest name="special_handling_do_verb" storage="d:\software\project\bnlp\unittest\bin\debug\unittest.dll" id="533e7939-123c-ce84-5c5c-d5a21d1d95b9">
      <DeploymentItems>
        <DeploymentItem filename="..\UnitTest\TestCases\special_handling_do_verb.xml" />
      </DeploymentItems>
      <Execution id="a178d00d-b129-4a80-842f-d62e32e47c92" />
      <TestMethod codeBase="D:/software/Project/BNLP/UnitTest/bin/Debug/UnitTest.DLL" adapterTypeName="Microsoft.VisualStudio.TestTools.TestTypes.Unit.UnitTestAdapter, Microsoft.VisualStudio.QualityTools.Tips.UnitTest.Adapter, Version=10.0.0.0, Culture=neutral, PublicKeyToken=b03f5f7f11d50a3a" className="UnitTest.BnlpTest, UnitTest, Version=1.0.0.0, Culture=neutral, PublicKeyToken=null" name="special_handling_do_verb" />
      <DataSource connectionString="|DataDirectory|\TestCases\special_handling_do_verb.xml" providerInvariantName="Microsoft.VisualStudio.TestTools.DataSource.XML" tableName="sentence" />
    </UnitTest>
    <UnitTest name="interrogative_sentences_whom" storage="d:\software\project\bnlp\unittest\bin\debug\unittest.dll" id="4e91a3b9-9eae-ebff-0b97-303f00578a78">
      <DeploymentItems>
        <DeploymentItem filename="..\UnitTest\TestCases\interrogative_sentences_whom.xml" />
      </DeploymentItems>
      <Execution id="7c584d9d-34f1-4f62-9b4a-a270850b8dfe" />
      <TestMethod codeBase="D:/software/Project/BNLP/UnitTest/bin/Debug/UnitTest.DLL" adapterTypeName="Microsoft.VisualStudio.TestTools.TestTypes.Unit.UnitTestAdapter, Microsoft.VisualStudio.QualityTools.Tips.UnitTest.Adapter, Version=10.0.0.0, Culture=neutral, PublicKeyToken=b03f5f7f11d50a3a" className="UnitTest.BnlpTest, UnitTest, Version=1.0.0.0, Culture=neutral, PublicKeyToken=null" name="interrogative_sentences_whom" />
      <DataSource connectionString="|DataDirectory|\TestCases\interrogative_sentences_whom.xml" providerInvariantName="Microsoft.VisualStudio.TestTools.DataSource.XML" tableName="sentence" />
    </UnitTest>
    <UnitTest name="interrogative_sentences_where" storage="d:\software\project\bnlp\unittest\bin\debug\unittest.dll" id="b9261b51-b0a2-10e2-9308-22bb2624de8b">
      <DeploymentItems>
        <DeploymentItem filename="..\UnitTest\TestCases\interrogative_sentences_where.xml" />
      </DeploymentItems>
      <Execution id="fac12a7a-1a60-4a6b-831a-340f53915a0d" />
      <TestMethod codeBase="D:/software/Project/BNLP/UnitTest/bin/Debug/UnitTest.DLL" adapterTypeName="Microsoft.VisualStudio.TestTools.TestTypes.Unit.UnitTestAdapter, Microsoft.VisualStudio.QualityTools.Tips.UnitTest.Adapter, Version=10.0.0.0, Culture=neutral, PublicKeyToken=b03f5f7f11d50a3a" className="UnitTest.BnlpTest, UnitTest, Version=1.0.0.0, Culture=neutral, PublicKeyToken=null" name="interrogative_sentences_where" />
      <DataSource connectionString="|DataDirectory|\TestCases\interrogative_sentences_where.xml" providerInvariantName="Microsoft.VisualStudio.TestTools.DataSource.XML" tableName="sentence" />
    </UnitTest>
    <UnitTest name="interrogative_sentences_aux" storage="d:\software\project\bnlp\unittest\bin\debug\unittest.dll" id="39dcb97e-c73f-c645-a77c-64d9eba0a3a3">
      <DeploymentItems>
        <DeploymentItem filename="..\UnitTest\TestCases\interrogative_sentences_aux.xml" />
      </DeploymentItems>
      <Execution id="d45944fd-0fe1-474a-ac07-d17f6e8a3b1b" />
      <TestMethod codeBase="D:/software/Project/BNLP/UnitTest/bin/Debug/UnitTest.DLL" adapterTypeName="Microsoft.VisualStudio.TestTools.TestTypes.Unit.UnitTestAdapter, Microsoft.VisualStudio.QualityTools.Tips.UnitTest.Adapter, Version=10.0.0.0, Culture=neutral, PublicKeyToken=b03f5f7f11d50a3a" className="UnitTest.BnlpTest, UnitTest, Version=1.0.0.0, Culture=neutral, PublicKeyToken=null" name="interrogative_sentences_aux" />
      <DataSource connectionString="|DataDirectory|\TestCases\interrogative_sentences_aux.xml" providerInvariantName="Microsoft.VisualStudio.TestTools.DataSource.XML" tableName="sentence" />
    </UnitTest>
    <UnitTest name="all_persons_tenses_passive" storage="d:\software\project\bnlp\unittest\bin\debug\unittest.dll" id="d766a059-d96c-7b47-e6a6-34931760df96">
      <DeploymentItems>
        <DeploymentItem filename="..\UnitTest\TestCases\all_persons_tenses_passive.xml" />
      </DeploymentItems>
      <Execution id="5b1dfc0e-36d7-48e4-a904-bf8621f67cdd" />
      <TestMethod codeBase="D:/software/Project/BNLP/UnitTest/bin/Debug/UnitTest.DLL" adapterTypeName="Microsoft.VisualStudio.TestTools.TestTypes.Unit.UnitTestAdapter, Microsoft.VisualStudio.QualityTools.Tips.UnitTest.Adapter, Version=10.0.0.0, Culture=neutral, PublicKeyToken=b03f5f7f11d50a3a" className="UnitTest.BnlpTest, UnitTest, Version=1.0.0.0, Culture=neutral, PublicKeyToken=null" name="all_persons_tenses_passive" />
      <DataSource connectionString="|DataDirectory|\TestCases\all_persons_tenses_passive.xml" providerInvariantName="Microsoft.VisualStudio.TestTools.DataSource.XML" tableName="sentence" />
    </UnitTest>
    <UnitTest name="first_person_tenses_active_negation" storage="d:\software\project\bnlp\unittest\bin\debug\unittest.dll" id="15fe5bf6-5078-81a8-0356-385549390bb7">
      <DeploymentItems>
        <DeploymentItem filename="..\UnitTest\TestCases\first_person_tenses_active_negation.xml" />
      </DeploymentItems>
      <Execution id="16a0ed11-03e2-47fb-9e5f-a1981d3e9f7c" />
      <TestMethod codeBase="D:/software/Project/BNLP/UnitTest/bin/Debug/UnitTest.DLL" adapterTypeName="Microsoft.VisualStudio.TestTools.TestTypes.Unit.UnitTestAdapter, Microsoft.VisualStudio.QualityTools.Tips.UnitTest.Adapter, Version=10.0.0.0, Culture=neutral, PublicKeyToken=b03f5f7f11d50a3a" className="UnitTest.BnlpTest, UnitTest, Version=1.0.0.0, Culture=neutral, PublicKeyToken=null" name="first_person_tenses_active_negation" />
      <DataSource connectionString="|DataDirectory|\TestCases\first_person_tenses_active_negation.xml" providerInvariantName="Microsoft.VisualStudio.TestTools.DataSource.XML" tableName="sentence" />
    </UnitTest>
  </TestDefinitions>
  <TestLists>
    <TestList name="Results Not in a List" id="8c84fa94-04c1-424b-9868-57a2d4851a1d" />
    <TestList name="All Loaded Results" id="19431567-8539-422a-85d7-44ee4e166bda" />
  </TestLists>
  <TestEntries>
    <TestEntry testId="0bc2f98c-98f5-f190-c78c-c00d94c547a1" executionId="26cfc4f1-81ac-4832-ab48-e3d4345ca8c3" testListId="8c84fa94-04c1-424b-9868-57a2d4851a1d" />
    <TestEntry testId="0f337a75-1a2d-d9c3-6c5f-23ed2604b69d" executionId="f84e79ae-43c5-4ffc-9c96-de6f98bff368" testListId="8c84fa94-04c1-424b-9868-57a2d4851a1d" />
    <TestEntry testId="0f33848d-a900-d644-7498-2526887b5425" executionId="6359ad45-769c-4209-9271-f05d102b73e4" testListId="8c84fa94-04c1-424b-9868-57a2d4851a1d" />
    <TestEntry testId="15fe5bf6-5078-81a8-0356-385549390bb7" executionId="16a0ed11-03e2-47fb-9e5f-a1981d3e9f7c" testListId="8c84fa94-04c1-424b-9868-57a2d4851a1d" />
    <TestEntry testId="1b04a6d6-5350-792c-8eba-a46a0eb28949" executionId="a86f95f6-7548-4580-ae8c-05e17a03a8f0" testListId="8c84fa94-04c1-424b-9868-57a2d4851a1d" />
    <TestEntry testId="1d63c318-78a9-9011-f5c0-0b01884a2881" executionId="c1c513cf-6098-48f9-9b9e-c61856e9ce6d" testListId="8c84fa94-04c1-424b-9868-57a2d4851a1d" />
    <TestEntry testId="227f20ae-8e76-eb71-39b2-4ada3ce6aba8" executionId="f2f5e25c-5030-4980-859f-a39a61a11958" testListId="8c84fa94-04c1-424b-9868-57a2d4851a1d" />
    <TestEntry testId="30ab3285-6a8c-14d2-9725-bd60892ccd90" executionId="2eb79164-0d27-4288-a59f-59935f7ab6f4" testListId="8c84fa94-04c1-424b-9868-57a2d4851a1d" />
    <TestEntry testId="32b5d279-0d23-e5ad-0301-234c8788f740" executionId="c723eeb3-68da-449c-a02d-66aa0f681924" testListId="8c84fa94-04c1-424b-9868-57a2d4851a1d" />
    <TestEntry testId="39dcb97e-c73f-c645-a77c-64d9eba0a3a3" executionId="d45944fd-0fe1-474a-ac07-d17f6e8a3b1b" testListId="8c84fa94-04c1-424b-9868-57a2d4851a1d" />
    <TestEntry testId="4e91a3b9-9eae-ebff-0b97-303f00578a78" executionId="7c584d9d-34f1-4f62-9b4a-a270850b8dfe" testListId="8c84fa94-04c1-424b-9868-57a2d4851a1d" />
    <TestEntry testId="533e7939-123c-ce84-5c5c-d5a21d1d95b9" executionId="a178d00d-b129-4a80-842f-d62e32e47c92" testListId="8c84fa94-04c1-424b-9868-57a2d4851a1d" />
    <TestEntry testId="642ce34f-0ed4-f995-637b-09297c832f2a" executionId="7afc0ec5-77cd-41d0-9dd3-235607457929" testListId="8c84fa94-04c1-424b-9868-57a2d4851a1d" />
    <TestEntry testId="783915fe-114a-e353-78dd-56e92a60f942" executionId="a60bce6d-808c-4052-a67b-bdfd77945f49" testListId="8c84fa94-04c1-424b-9868-57a2d4851a1d" />
    <TestEntry testId="7f7910d1-dc89-39b4-b4cf-d9e6d7af9420" executionId="4bec3cdf-eae0-417d-acf5-ef431a4527ba" testListId="8c84fa94-04c1-424b-9868-57a2d4851a1d" />
    <TestEntry testId="83c68223-dcaa-51dd-423f-434210a59f77" executionId="1c1d45dc-744d-443b-a1a7-6b40f5a53029" testListId="8c84fa94-04c1-424b-9868-57a2d4851a1d" />
    <TestEntry testId="8fe5ccb3-a3f4-0f61-ad21-e94ef029e900" executionId="26155b79-7ef2-4a68-a4c0-4a4738f4acc8" testListId="8c84fa94-04c1-424b-9868-57a2d4851a1d" />
    <TestEntry testId="921e6ab0-d7c2-6005-e523-6fd2d5e1a723" executionId="a87e3c9c-9949-40d9-9331-cac213f437ae" testListId="8c84fa94-04c1-424b-9868-57a2d4851a1d" />
    <TestEntry testId="9319d01e-de3e-d310-c76e-cae8dce4c924" executionId="f71452e9-c736-4cb6-9519-f7dcd6a8c8ed" testListId="8c84fa94-04c1-424b-9868-57a2d4851a1d" />
    <TestEntry testId="97a1371f-e8e6-db3e-323e-49ffeef32df1" executionId="f075d703-20b3-45ad-a500-b0e5af876207" testListId="8c84fa94-04c1-424b-9868-57a2d4851a1d" />
    <TestEntry testId="b9261b51-b0a2-10e2-9308-22bb2624de8b" executionId="fac12a7a-1a60-4a6b-831a-340f53915a0d" testListId="8c84fa94-04c1-424b-9868-57a2d4851a1d" />
    <TestEntry testId="bdfe92b2-f4ac-73a5-f13d-5c1ea13721b4" executionId="01b74426-ec88-417c-a4cb-b8c3d0866c96" testListId="8c84fa94-04c1-424b-9868-57a2d4851a1d" />
    <TestEntry testId="c79146bc-2376-961a-5de9-441b5dfc7188" executionId="df2c45ff-9075-47e2-8646-262c18efc2b5" testListId="8c84fa94-04c1-424b-9868-57a2d4851a1d" />
    <TestEntry testId="d03eb628-bf1f-c27d-aeef-e708d613d686" executionId="da38a2e9-c8f9-4ca3-a9a9-d8217e33f955" testListId="8c84fa94-04c1-424b-9868-57a2d4851a1d" />
    <TestEntry testId="d766a059-d96c-7b47-e6a6-34931760df96" executionId="5b1dfc0e-36d7-48e4-a904-bf8621f67cdd" testListId="8c84fa94-04c1-424b-9868-57a2d4851a1d" />
    <TestEntry testId="fe3e63ab-391c-e168-48d0-431b85a7b898" executionId="c1bac1e9-ab4e-42e0-a95b-05da77f9a801" testListId="8c84fa94-04c1-424b-9868-57a2d4851a1d" />
  </TestEntries>
  <Results>
    <UnitTestResult executionId="26cfc4f1-81ac-4832-ab48-e3d4345ca8c3" testId="0bc2f98c-98f5-f190-c78c-c00d94c547a1" testName="third_person_tenses_active" computerName="ARPAN-LAP" duration="00:00:09.4717707" startTime="2014-06-25T20:03:04.7069651+05:30" endTime="2014-06-25T20:03:16.0146119+05:30" testType="13cdc9d9-ddb5-4fa4-a97d-d965ccfc6d4b" outcome="Passed" testListId="8c84fa94-04c1-424b-9868-57a2d4851a1d" relativeResultsDirectory="26cfc4f1-81ac-4832-ab48-e3d4345ca8c3" resultType="DataDrivenTest">
      <Counters error="0" failed="0" timeout="0" aborted="0" inconclusive="0" passedButRunAborted="0" notRunnable="0" notExecuted="0" disconnected="0" warning="0" passed="10" completed="0" inProgress="0" pending="0" />
      <InnerResults>
        <UnitTestResult executionId="3ad7670d-bce3-40bc-9551-cd7e02cb2e3d" parentExecutionId="26cfc4f1-81ac-4832-ab48-e3d4345ca8c3" testId="0bc2f98c-98f5-f190-c78c-c00d94c547a1" testName="third_person_tenses_active" computerName="ARPAN-LAP" duration="00:00:09.1303274" startTime="2014-06-25T20:03:06.5680715+05:30" endTime="2014-06-25T20:03:15.7055942+05:30" testType="13cdc9d9-ddb5-4fa4-a97d-d965ccfc6d4b" outcome="Passed" testListId="8c84fa94-04c1-424b-9868-57a2d4851a1d" relativeResultsDirectory="26cfc4f1-81ac-4832-ab48-e3d4345ca8c3" dataRowInfo="0" resultType="DataDrivenDataRow" />
        <UnitTestResult executionId="27c9c1dc-b487-4281-b2d4-007daa37b70e" parentExecutionId="26cfc4f1-81ac-4832-ab48-e3d4345ca8c3" testId="0bc2f98c-98f5-f190-c78c-c00d94c547a1" testName="third_person_tenses_active" computerName="ARPAN-LAP" duration="00:00:00.0189508" startTime="2014-06-25T20:03:15.7055942+05:30" endTime="2014-06-25T20:03:15.7245953+05:30" testType="13cdc9d9-ddb5-4fa4-a97d-d965ccfc6d4b" outcome="Passed" testListId="8c84fa94-04c1-424b-9868-57a2d4851a1d" relativeResultsDirectory="26cfc4f1-81ac-4832-ab48-e3d4345ca8c3" dataRowInfo="1" resultType="DataDrivenDataRow" />
        <UnitTestResult executionId="186caec8-074e-4f84-a549-f0dfbc794ae0" parentExecutionId="26cfc4f1-81ac-4832-ab48-e3d4345ca8c3" testId="0bc2f98c-98f5-f190-c78c-c00d94c547a1" testName="third_person_tenses_active" computerName="ARPAN-LAP" duration="00:00:00.0456911" startTime="2014-06-25T20:03:15.7245953+05:30" endTime="2014-06-25T20:03:15.7705979+05:30" testType="13cdc9d9-ddb5-4fa4-a97d-d965ccfc6d4b" outcome="Passed" testListId="8c84fa94-04c1-424b-9868-57a2d4851a1d" relativeResultsDirectory="26cfc4f1-81ac-4832-ab48-e3d4345ca8c3" dataRowInfo="2" resultType="DataDrivenDataRow" />
        <UnitTestResult executionId="199b450e-cbf1-4452-a8cd-b1ca856b2e96" parentExecutionId="26cfc4f1-81ac-4832-ab48-e3d4345ca8c3" testId="0bc2f98c-98f5-f190-c78c-c00d94c547a1" testName="third_person_tenses_active" computerName="ARPAN-LAP" duration="00:00:00.0406385" startTime="2014-06-25T20:03:15.7705979+05:30" endTime="2014-06-25T20:03:15.8116002+05:30" testType="13cdc9d9-ddb5-4fa4-a97d-d965ccfc6d4b" outcome="Passed" testListId="8c84fa94-04c1-424b-9868-57a2d4851a1d" relativeResultsDirectory="26cfc4f1-81ac-4832-ab48-e3d4345ca8c3" dataRowInfo="3" resultType="DataDrivenDataRow" />
        <UnitTestResult executionId="a0a4edee-a9e2-4265-8a5d-ec22694d8b42" parentExecutionId="26cfc4f1-81ac-4832-ab48-e3d4345ca8c3" testId="0bc2f98c-98f5-f190-c78c-c00d94c547a1" testName="third_person_tenses_active" computerName="ARPAN-LAP" duration="00:00:00.0149432" startTime="2014-06-25T20:03:15.8116002+05:30" endTime="2014-06-25T20:03:15.8266011+05:30" testType="13cdc9d9-ddb5-4fa4-a97d-d965ccfc6d4b" outcome="Passed" testListId="8c84fa94-04c1-424b-9868-57a2d4851a1d" relativeResultsDirectory="26cfc4f1-81ac-4832-ab48-e3d4345ca8c3" dataRowInfo="4" resultType="DataDrivenDataRow" />
        <UnitTestResult executionId="58b0cdc5-b9a2-4369-9e67-739f38db1235" parentExecutionId="26cfc4f1-81ac-4832-ab48-e3d4345ca8c3" testId="0bc2f98c-98f5-f190-c78c-c00d94c547a1" testName="third_person_tenses_active" computerName="ARPAN-LAP" duration="00:00:00.0187039" startTime="2014-06-25T20:03:15.8266011+05:30" endTime="2014-06-25T20:03:15.8456022+05:30" testType="13cdc9d9-ddb5-4fa4-a97d-d965ccfc6d4b" outcome="Passed" testListId="8c84fa94-04c1-424b-9868-57a2d4851a1d" relativeResultsDirectory="26cfc4f1-81ac-4832-ab48-e3d4345ca8c3" dataRowInfo="5" resultType="DataDrivenDataRow" />
        <UnitTestResult executionId="4704df3c-4f5a-4a10-9c9b-825d111d49a1" parentExecutionId="26cfc4f1-81ac-4832-ab48-e3d4345ca8c3" testId="0bc2f98c-98f5-f190-c78c-c00d94c547a1" testName="third_person_tenses_active" computerName="ARPAN-LAP" duration="00:00:00.0176887" startTime="2014-06-25T20:03:15.8456022+05:30" endTime="2014-06-25T20:03:15.8626032+05:30" testType="13cdc9d9-ddb5-4fa4-a97d-d965ccfc6d4b" outcome="Passed" testListId="8c84fa94-04c1-424b-9868-57a2d4851a1d" relativeResultsDirectory="26cfc4f1-81ac-4832-ab48-e3d4345ca8c3" dataRowInfo="6" resultType="DataDrivenDataRow" />
        <UnitTestResult executionId="50a79f1d-3902-41d8-9669-11a1ea7efbff" parentExecutionId="26cfc4f1-81ac-4832-ab48-e3d4345ca8c3" testId="0bc2f98c-98f5-f190-c78c-c00d94c547a1" testName="third_person_tenses_active" computerName="ARPAN-LAP" duration="00:00:00.0244484" startTime="2014-06-25T20:03:15.8626032+05:30" endTime="2014-06-25T20:03:15.8876046+05:30" testType="13cdc9d9-ddb5-4fa4-a97d-d965ccfc6d4b" outcome="Passed" testListId="8c84fa94-04c1-424b-9868-57a2d4851a1d" relativeResultsDirectory="26cfc4f1-81ac-4832-ab48-e3d4345ca8c3" dataRowInfo="7" resultType="DataDrivenDataRow" />
        <UnitTestResult executionId="06b1ba0f-6059-4b1a-bbac-f57900f808e5" parentExecutionId="26cfc4f1-81ac-4832-ab48-e3d4345ca8c3" testId="0bc2f98c-98f5-f190-c78c-c00d94c547a1" testName="third_person_tenses_active" computerName="ARPAN-LAP" duration="00:00:00.0196001" startTime="2014-06-25T20:03:15.8876046+05:30" endTime="2014-06-25T20:03:15.9066057+05:30" testType="13cdc9d9-ddb5-4fa4-a97d-d965ccfc6d4b" outcome="Passed" testListId="8c84fa94-04c1-424b-9868-57a2d4851a1d" relativeResultsDirectory="26cfc4f1-81ac-4832-ab48-e3d4345ca8c3" dataRowInfo="8" resultType="DataDrivenDataRow" />
        <UnitTestResult executionId="eccf3a7e-132f-40f4-a05f-7d5f6bf31bea" parentExecutionId="26cfc4f1-81ac-4832-ab48-e3d4345ca8c3" testId="0bc2f98c-98f5-f190-c78c-c00d94c547a1" testName="third_person_tenses_active" computerName="ARPAN-LAP" duration="00:00:00.0224991" startTime="2014-06-25T20:03:15.9066057+05:30" endTime="2014-06-25T20:03:15.9296070+05:30" testType="13cdc9d9-ddb5-4fa4-a97d-d965ccfc6d4b" outcome="Passed" testListId="8c84fa94-04c1-424b-9868-57a2d4851a1d" relativeResultsDirectory="26cfc4f1-81ac-4832-ab48-e3d4345ca8c3" dataRowInfo="9" resultType="DataDrivenDataRow" />
      </InnerResults>
    </UnitTestResult>
    <UnitTestResult executionId="f84e79ae-43c5-4ffc-9c96-de6f98bff368" testId="0f337a75-1a2d-d9c3-6c5f-23ed2604b69d" testName="prepositions_made_with_two_words" computerName="ARPAN-LAP" duration="00:00:00.1520032" startTime="2014-06-25T20:03:16.0156119+05:30" endTime="2014-06-25T20:03:16.1996224+05:30" testType="13cdc9d9-ddb5-4fa4-a97d-d965ccfc6d4b" outcome="Passed" testListId="8c84fa94-04c1-424b-9868-57a2d4851a1d" relativeResultsDirectory="f84e79ae-43c5-4ffc-9c96-de6f98bff368" resultType="DataDrivenTest">
      <Counters error="0" failed="0" timeout="0" aborted="0" inconclusive="0" passedButRunAborted="0" notRunnable="0" notExecuted="0" disconnected="0" warning="0" passed="3" completed="0" inProgress="0" pending="0" />
      <InnerResults>
        <UnitTestResult executionId="c66e079d-7416-4d57-bd5d-334b7bf8c97c" parentExecutionId="f84e79ae-43c5-4ffc-9c96-de6f98bff368" testId="0f337a75-1a2d-d9c3-6c5f-23ed2604b69d" testName="prepositions_made_with_two_words" computerName="ARPAN-LAP" duration="00:00:00.0385453" startTime="2014-06-25T20:03:16.0556142+05:30" endTime="2014-06-25T20:03:16.0946164+05:30" testType="13cdc9d9-ddb5-4fa4-a97d-d965ccfc6d4b" outcome="Passed" testListId="8c84fa94-04c1-424b-9868-57a2d4851a1d" relativeResultsDirectory="f84e79ae-43c5-4ffc-9c96-de6f98bff368" dataRowInfo="0" resultType="DataDrivenDataRow" />
        <UnitTestResult executionId="56151645-3c69-4927-b40e-ca3ac574be45" parentExecutionId="f84e79ae-43c5-4ffc-9c96-de6f98bff368" testId="0f337a75-1a2d-d9c3-6c5f-23ed2604b69d" testName="prepositions_made_with_two_words" computerName="ARPAN-LAP" duration="00:00:00.0456392" startTime="2014-06-25T20:03:16.0946164+05:30" endTime="2014-06-25T20:03:16.1396190+05:30" testType="13cdc9d9-ddb5-4fa4-a97d-d965ccfc6d4b" outcome="Passed" testListId="8c84fa94-04c1-424b-9868-57a2d4851a1d" relativeResultsDirectory="f84e79ae-43c5-4ffc-9c96-de6f98bff368" dataRowInfo="1" resultType="DataDrivenDataRow" />
        <UnitTestResult executionId="267e51bb-0aa0-4a77-9ea6-bc31b0037b34" parentExecutionId="f84e79ae-43c5-4ffc-9c96-de6f98bff368" testId="0f337a75-1a2d-d9c3-6c5f-23ed2604b69d" testName="prepositions_made_with_two_words" computerName="ARPAN-LAP" duration="00:00:00.0477349" startTime="2014-06-25T20:03:16.1396190+05:30" endTime="2014-06-25T20:03:16.1876218+05:30" testType="13cdc9d9-ddb5-4fa4-a97d-d965ccfc6d4b" outcome="Passed" testListId="8c84fa94-04c1-424b-9868-57a2d4851a1d" relativeResultsDirectory="f84e79ae-43c5-4ffc-9c96-de6f98bff368" dataRowInfo="2" resultType="DataDrivenDataRow" />
      </InnerResults>
    </UnitTestResult>
    <UnitTestResult executionId="6359ad45-769c-4209-9271-f05d102b73e4" testId="0f33848d-a900-d644-7498-2526887b5425" testName="prepositions_made_with_three_words" computerName="ARPAN-LAP" duration="00:00:00.2250315" startTime="2014-06-25T20:03:16.2016226+05:30" endTime="2014-06-25T20:03:16.4486367+05:30" testType="13cdc9d9-ddb5-4fa4-a97d-d965ccfc6d4b" outcome="Passed" testListId="8c84fa94-04c1-424b-9868-57a2d4851a1d" relativeResultsDirectory="6359ad45-769c-4209-9271-f05d102b73e4" resultType="DataDrivenTest">
      <Counters error="0" failed="0" timeout="0" aborted="0" inconclusive="0" passedButRunAborted="0" notRunnable="0" notExecuted="0" disconnected="0" warning="0" passed="4" completed="0" inProgress="0" pending="0" />
      <InnerResults>
        <UnitTestResult executionId="24902f59-4668-40fd-9722-c4c741be8b14" parentExecutionId="6359ad45-769c-4209-9271-f05d102b73e4" testId="0f33848d-a900-d644-7498-2526887b5425" testName="prepositions_made_with_three_words" computerName="ARPAN-LAP" duration="00:00:00.0362818" startTime="2014-06-25T20:03:16.2256239+05:30" endTime="2014-06-25T20:03:16.2616260+05:30" testType="13cdc9d9-ddb5-4fa4-a97d-d965ccfc6d4b" outcome="Passed" testListId="8c84fa94-04c1-424b-9868-57a2d4851a1d" relativeResultsDirectory="6359ad45-769c-4209-9271-f05d102b73e4" dataRowInfo="0" resultType="DataDrivenDataRow" />
        <UnitTestResult executionId="198e813d-d845-4be8-872f-51554af7e34d" parentExecutionId="6359ad45-769c-4209-9271-f05d102b73e4" testId="0f33848d-a900-d644-7498-2526887b5425" testName="prepositions_made_with_three_words" computerName="ARPAN-LAP" duration="00:00:00.0443232" startTime="2014-06-25T20:03:16.2616260+05:30" endTime="2014-06-25T20:03:16.3056285+05:30" testType="13cdc9d9-ddb5-4fa4-a97d-d965ccfc6d4b" outcome="Passed" testListId="8c84fa94-04c1-424b-9868-57a2d4851a1d" relativeResultsDirectory="6359ad45-769c-4209-9271-f05d102b73e4" dataRowInfo="1" resultType="DataDrivenDataRow" />
        <UnitTestResult executionId="b39d60ca-4ef9-4932-b205-d3a5cb777750" parentExecutionId="6359ad45-769c-4209-9271-f05d102b73e4" testId="0f33848d-a900-d644-7498-2526887b5425" testName="prepositions_made_with_three_words" computerName="ARPAN-LAP" duration="00:00:00.0566088" startTime="2014-06-25T20:03:16.3056285+05:30" endTime="2014-06-25T20:03:16.3626318+05:30" testType="13cdc9d9-ddb5-4fa4-a97d-d965ccfc6d4b" outcome="Passed" testListId="8c84fa94-04c1-424b-9868-57a2d4851a1d" relativeResultsDirectory="6359ad45-769c-4209-9271-f05d102b73e4" dataRowInfo="2" resultType="DataDrivenDataRow" />
        <UnitTestResult executionId="f28e4248-a223-4e9a-836d-9c57c7d43c8e" parentExecutionId="6359ad45-769c-4209-9271-f05d102b73e4" testId="0f33848d-a900-d644-7498-2526887b5425" testName="prepositions_made_with_three_words" computerName="ARPAN-LAP" duration="00:00:00.0717266" startTime="2014-06-25T20:03:16.3626318+05:30" endTime="2014-06-25T20:03:16.4346359+05:30" testType="13cdc9d9-ddb5-4fa4-a97d-d965ccfc6d4b" outcome="Passed" testListId="8c84fa94-04c1-424b-9868-57a2d4851a1d" relativeResultsDirectory="6359ad45-769c-4209-9271-f05d102b73e4" dataRowInfo="3" resultType="DataDrivenDataRow" />
      </InnerResults>
    </UnitTestResult>
    <UnitTestResult executionId="16a0ed11-03e2-47fb-9e5f-a1981d3e9f7c" testId="15fe5bf6-5078-81a8-0356-385549390bb7" testName="first_person_tenses_active_negation" computerName="ARPAN-LAP" duration="00:00:00.3845331" startTime="2014-06-25T20:03:16.4556371+05:30" endTime="2014-06-25T20:03:16.8736610+05:30" testType="13cdc9d9-ddb5-4fa4-a97d-d965ccfc6d4b" outcome="Passed" testListId="8c84fa94-04c1-424b-9868-57a2d4851a1d" relativeResultsDirectory="16a0ed11-03e2-47fb-9e5f-a1981d3e9f7c" resultType="DataDrivenTest">
      <Counters error="0" failed="0" timeout="0" aborted="0" inconclusive="0" passedButRunAborted="0" notRunnable="0" notExecuted="0" disconnected="0" warning="0" passed="10" completed="0" inProgress="0" pending="0" />
      <InnerResults>
        <UnitTestResult executionId="ded029c9-7c01-4698-8c9a-d2c4105b785c" parentExecutionId="16a0ed11-03e2-47fb-9e5f-a1981d3e9f7c" testId="15fe5bf6-5078-81a8-0356-385549390bb7" testName="first_person_tenses_active_negation" computerName="ARPAN-LAP" duration="00:00:00.0525822" startTime="2014-06-25T20:03:16.5096402+05:30" endTime="2014-06-25T20:03:16.5626432+05:30" testType="13cdc9d9-ddb5-4fa4-a97d-d965ccfc6d4b" outcome="Passed" testListId="8c84fa94-04c1-424b-9868-57a2d4851a1d" relativeResultsDirectory="16a0ed11-03e2-47fb-9e5f-a1981d3e9f7c" dataRowInfo="0" resultType="DataDrivenDataRow" />
        <UnitTestResult executionId="5ad503a7-a59a-4ee7-b233-5a0371343c67" parentExecutionId="16a0ed11-03e2-47fb-9e5f-a1981d3e9f7c" testId="15fe5bf6-5078-81a8-0356-385549390bb7" testName="first_person_tenses_active_negation" computerName="ARPAN-LAP" duration="00:00:00.0314161" startTime="2014-06-25T20:03:16.5626432+05:30" endTime="2014-06-25T20:03:16.5936450+05:30" testType="13cdc9d9-ddb5-4fa4-a97d-d965ccfc6d4b" outcome="Passed" testListId="8c84fa94-04c1-424b-9868-57a2d4851a1d" relativeResultsDirectory="16a0ed11-03e2-47fb-9e5f-a1981d3e9f7c" dataRowInfo="1" resultType="DataDrivenDataRow" />
        <UnitTestResult executionId="209fd2a5-5d78-4deb-a774-8752320fbc07" parentExecutionId="16a0ed11-03e2-47fb-9e5f-a1981d3e9f7c" testId="15fe5bf6-5078-81a8-0356-385549390bb7" testName="first_person_tenses_active_negation" computerName="ARPAN-LAP" duration="00:00:00.0282394" startTime="2014-06-25T20:03:16.5936450+05:30" endTime="2014-06-25T20:03:16.6226466+05:30" testType="13cdc9d9-ddb5-4fa4-a97d-d965ccfc6d4b" outcome="Passed" testListId="8c84fa94-04c1-424b-9868-57a2d4851a1d" relativeResultsDirectory="16a0ed11-03e2-47fb-9e5f-a1981d3e9f7c" dataRowInfo="2" resultType="DataDrivenDataRow" />
        <UnitTestResult executionId="7b3eec05-97cd-402f-97e7-d683d3e73dcc" parentExecutionId="16a0ed11-03e2-47fb-9e5f-a1981d3e9f7c" testId="15fe5bf6-5078-81a8-0356-385549390bb7" testName="first_person_tenses_active_negation" computerName="ARPAN-LAP" duration="00:00:00.0315120" startTime="2014-06-25T20:03:16.6226466+05:30" endTime="2014-06-25T20:03:16.6536484+05:30" testType="13cdc9d9-ddb5-4fa4-a97d-d965ccfc6d4b" outcome="Passed" testListId="8c84fa94-04c1-424b-9868-57a2d4851a1d" relativeResultsDirectory="16a0ed11-03e2-47fb-9e5f-a1981d3e9f7c" dataRowInfo="3" resultType="DataDrivenDataRow" />
        <UnitTestResult executionId="b3d00e46-402e-406e-a8a8-a78004fa45e2" parentExecutionId="16a0ed11-03e2-47fb-9e5f-a1981d3e9f7c" testId="15fe5bf6-5078-81a8-0356-385549390bb7" testName="first_person_tenses_active_negation" computerName="ARPAN-LAP" duration="00:00:00.0251855" startTime="2014-06-25T20:03:16.6536484+05:30" endTime="2014-06-25T20:03:16.6786498+05:30" testType="13cdc9d9-ddb5-4fa4-a97d-d965ccfc6d4b" outcome="Passed" testListId="8c84fa94-04c1-424b-9868-57a2d4851a1d" relativeResultsDirectory="16a0ed11-03e2-47fb-9e5f-a1981d3e9f7c" dataRowInfo="4" resultType="DataDrivenDataRow" />
        <UnitTestResult executionId="e8269052-de92-482a-9fbd-e613094ef1c5" parentExecutionId="16a0ed11-03e2-47fb-9e5f-a1981d3e9f7c" testId="15fe5bf6-5078-81a8-0356-385549390bb7" testName="first_person_tenses_active_negation" computerName="ARPAN-LAP" duration="00:00:00.0237884" startTime="2014-06-25T20:03:16.6786498+05:30" endTime="2014-06-25T20:03:16.7026512+05:30" testType="13cdc9d9-ddb5-4fa4-a97d-d965ccfc6d4b" outcome="Passed" testListId="8c84fa94-04c1-424b-9868-57a2d4851a1d" relativeResultsDirectory="16a0ed11-03e2-47fb-9e5f-a1981d3e9f7c" dataRowInfo="5" resultType="DataDrivenDataRow" />
        <UnitTestResult executionId="2962eb7d-a6b2-49bf-b67f-6486e8ce363d" parentExecutionId="16a0ed11-03e2-47fb-9e5f-a1981d3e9f7c" testId="15fe5bf6-5078-81a8-0356-385549390bb7" testName="first_person_tenses_active_negation" computerName="ARPAN-LAP" duration="00:00:00.0344402" startTime="2014-06-25T20:03:16.7026512+05:30" endTime="2014-06-25T20:03:16.7376532+05:30" testType="13cdc9d9-ddb5-4fa4-a97d-d965ccfc6d4b" outcome="Passed" testListId="8c84fa94-04c1-424b-9868-57a2d4851a1d" relativeResultsDirectory="16a0ed11-03e2-47fb-9e5f-a1981d3e9f7c" dataRowInfo="6" resultType="DataDrivenDataRow" />
        <UnitTestResult executionId="12367cea-ccb5-4b0b-9383-0a0553b0e089" parentExecutionId="16a0ed11-03e2-47fb-9e5f-a1981d3e9f7c" testId="15fe5bf6-5078-81a8-0356-385549390bb7" testName="first_person_tenses_active_negation" computerName="ARPAN-LAP" duration="00:00:00.0416558" startTime="2014-06-25T20:03:16.7376532+05:30" endTime="2014-06-25T20:03:16.7786556+05:30" testType="13cdc9d9-ddb5-4fa4-a97d-d965ccfc6d4b" outcome="Passed" testListId="8c84fa94-04c1-424b-9868-57a2d4851a1d" relativeResultsDirectory="16a0ed11-03e2-47fb-9e5f-a1981d3e9f7c" dataRowInfo="7" resultType="DataDrivenDataRow" />
        <UnitTestResult executionId="899290bc-449a-42b3-8ac9-3b2f912d8d82" parentExecutionId="16a0ed11-03e2-47fb-9e5f-a1981d3e9f7c" testId="15fe5bf6-5078-81a8-0356-385549390bb7" testName="first_person_tenses_active_negation" computerName="ARPAN-LAP" duration="00:00:00.0332946" startTime="2014-06-25T20:03:16.7786556+05:30" endTime="2014-06-25T20:03:16.8126575+05:30" testType="13cdc9d9-ddb5-4fa4-a97d-d965ccfc6d4b" outcome="Passed" testListId="8c84fa94-04c1-424b-9868-57a2d4851a1d" relativeResultsDirectory="16a0ed11-03e2-47fb-9e5f-a1981d3e9f7c" dataRowInfo="8" resultType="DataDrivenDataRow" />
        <UnitTestResult executionId="61860706-d0b0-4956-b312-c8cb7d98a5ec" parentExecutionId="16a0ed11-03e2-47fb-9e5f-a1981d3e9f7c" testId="15fe5bf6-5078-81a8-0356-385549390bb7" testName="first_person_tenses_active_negation" computerName="ARPAN-LAP" duration="00:00:00.0316111" startTime="2014-06-25T20:03:16.8126575+05:30" endTime="2014-06-25T20:03:16.8436593+05:30" testType="13cdc9d9-ddb5-4fa4-a97d-d965ccfc6d4b" outcome="Passed" testListId="8c84fa94-04c1-424b-9868-57a2d4851a1d" relativeResultsDirectory="16a0ed11-03e2-47fb-9e5f-a1981d3e9f7c" dataRowInfo="9" resultType="DataDrivenDataRow" />
      </InnerResults>
    </UnitTestResult>
    <UnitTestResult executionId="a86f95f6-7548-4580-ae8c-05e17a03a8f0" testId="1b04a6d6-5350-792c-8eba-a46a0eb28949" testName="interrogative_sentences_why" computerName="ARPAN-LAP" duration="00:00:00.3126084" startTime="2014-06-25T20:03:16.8836616+05:30" endTime="2014-06-25T20:03:17.2186807+05:30" testType="13cdc9d9-ddb5-4fa4-a97d-d965ccfc6d4b" outcome="Failed" testListId="8c84fa94-04c1-424b-9868-57a2d4851a1d" relativeResultsDirectory="a86f95f6-7548-4580-ae8c-05e17a03a8f0" resultType="DataDrivenTest">
      <Counters error="0" failed="1" timeout="0" aborted="0" inconclusive="0" passedButRunAborted="0" notRunnable="0" notExecuted="0" disconnected="0" warning="0" passed="2" completed="0" inProgress="0" pending="0" />
      <InnerResults>
        <UnitTestResult executionId="97554fec-638a-4696-a16e-4f1d38ec23a0" parentExecutionId="a86f95f6-7548-4580-ae8c-05e17a03a8f0" testId="1b04a6d6-5350-792c-8eba-a46a0eb28949" testName="interrogative_sentences_why" computerName="ARPAN-LAP" duration="00:00:00.1672062" startTime="2014-06-25T20:03:16.9156634+05:30" endTime="2014-06-25T20:03:17.0826729+05:30" testType="13cdc9d9-ddb5-4fa4-a97d-d965ccfc6d4b" outcome="Failed" testListId="8c84fa94-04c1-424b-9868-57a2d4851a1d" relativeResultsDirectory="a86f95f6-7548-4580-ae8c-05e17a03a8f0" dataRowInfo="0" resultType="DataDrivenDataRow">
          <Output>
            <ErrorInfo>
              <Message>Assert.AreEqual failed. Expected:&lt;কেন আপনি দেরিতে আজ ?&gt;. Actual:&lt;দেরিতে আজ আপনি কেন ?&gt;. Why are you late today?</Message>
              <StackTrace>   at UnitTest.BnlpTest.interrogative_sentences_why() in D:\software\Project\BNLP\UnitTest\BnlpTest.cs:line 382
</StackTrace>
            </ErrorInfo>
          </Output>
        </UnitTestResult>
        <UnitTestResult executionId="f368b65e-2b27-4bed-a3a8-e907ac4b063d" parentExecutionId="a86f95f6-7548-4580-ae8c-05e17a03a8f0" testId="1b04a6d6-5350-792c-8eba-a46a0eb28949" testName="interrogative_sentences_why" computerName="ARPAN-LAP" duration="00:00:00.0647677" startTime="2014-06-25T20:03:17.0826729+05:30" endTime="2014-06-25T20:03:17.1476767+05:30" testType="13cdc9d9-ddb5-4fa4-a97d-d965ccfc6d4b" outcome="Passed" testListId="8c84fa94-04c1-424b-9868-57a2d4851a1d" relativeResultsDirectory="a86f95f6-7548-4580-ae8c-05e17a03a8f0" dataRowInfo="1" resultType="DataDrivenDataRow" />
        <UnitTestResult executionId="cb8490b7-0c87-49b6-924d-850516007795" parentExecutionId="a86f95f6-7548-4580-ae8c-05e17a03a8f0" testId="1b04a6d6-5350-792c-8eba-a46a0eb28949" testName="interrogative_sentences_why" computerName="ARPAN-LAP" duration="00:00:00.0532674" startTime="2014-06-25T20:03:17.1476767+05:30" endTime="2014-06-25T20:03:17.2006797+05:30" testType="13cdc9d9-ddb5-4fa4-a97d-d965ccfc6d4b" outcome="Passed" testListId="8c84fa94-04c1-424b-9868-57a2d4851a1d" relativeResultsDirectory="a86f95f6-7548-4580-ae8c-05e17a03a8f0" dataRowInfo="2" resultType="DataDrivenDataRow" />
      </InnerResults>
    </UnitTestResult>
    <UnitTestResult executionId="c1c513cf-6098-48f9-9b9e-c61856e9ce6d" testId="1d63c318-78a9-9011-f5c0-0b01884a2881" testName="interrogative_sentences_do" computerName="ARPAN-LAP" duration="00:00:00.2636703" startTime="2014-06-25T20:03:17.2306814+05:30" endTime="2014-06-25T20:03:17.5256983+05:30" testType="13cdc9d9-ddb5-4fa4-a97d-d965ccfc6d4b" outcome="Passed" testListId="8c84fa94-04c1-424b-9868-57a2d4851a1d" relativeResultsDirectory="c1c513cf-6098-48f9-9b9e-c61856e9ce6d" resultType="DataDrivenTest">
      <Counters error="0" failed="0" timeout="0" aborted="0" inconclusive="0" passedButRunAborted="0" notRunnable="0" notExecuted="0" disconnected="0" warning="0" passed="9" completed="0" inProgress="0" pending="0" />
      <InnerResults>
        <UnitTestResult executionId="ef434b95-4baa-4270-9ace-a3536db4041f" parentExecutionId="c1c513cf-6098-48f9-9b9e-c61856e9ce6d" testId="1d63c318-78a9-9011-f5c0-0b01884a2881" testName="interrogative_sentences_do" computerName="ARPAN-LAP" duration="00:00:00.0265939" startTime="2014-06-25T20:03:17.2636833+05:30" endTime="2014-06-25T20:03:17.2906848+05:30" testType="13cdc9d9-ddb5-4fa4-a97d-d965ccfc6d4b" outcome="Passed" testListId="8c84fa94-04c1-424b-9868-57a2d4851a1d" relativeResultsDirectory="c1c513cf-6098-48f9-9b9e-c61856e9ce6d" dataRowInfo="0" resultType="DataDrivenDataRow" />
        <UnitTestResult executionId="e0a11305-6029-468b-a92a-af5a20d82f4b" parentExecutionId="c1c513cf-6098-48f9-9b9e-c61856e9ce6d" testId="1d63c318-78a9-9011-f5c0-0b01884a2881" testName="interrogative_sentences_do" computerName="ARPAN-LAP" duration="00:00:00.0260534" startTime="2014-06-25T20:03:17.2906848+05:30" endTime="2014-06-25T20:03:17.3166863+05:30" testType="13cdc9d9-ddb5-4fa4-a97d-d965ccfc6d4b" outcome="Passed" testListId="8c84fa94-04c1-424b-9868-57a2d4851a1d" relativeResultsDirectory="c1c513cf-6098-48f9-9b9e-c61856e9ce6d" dataRowInfo="1" resultType="DataDrivenDataRow" />
        <UnitTestResult executionId="7e60483e-004f-4be2-bb30-fccd101c7c4a" parentExecutionId="c1c513cf-6098-48f9-9b9e-c61856e9ce6d" testId="1d63c318-78a9-9011-f5c0-0b01884a2881" testName="interrogative_sentences_do" computerName="ARPAN-LAP" duration="00:00:00.0235738" startTime="2014-06-25T20:03:17.3166863+05:30" endTime="2014-06-25T20:03:17.3406877+05:30" testType="13cdc9d9-ddb5-4fa4-a97d-d965ccfc6d4b" outcome="Passed" testListId="8c84fa94-04c1-424b-9868-57a2d4851a1d" relativeResultsDirectory="c1c513cf-6098-48f9-9b9e-c61856e9ce6d" dataRowInfo="2" resultType="DataDrivenDataRow" />
        <UnitTestResult executionId="93b03624-d188-4f95-9648-5fb7176342ad" parentExecutionId="c1c513cf-6098-48f9-9b9e-c61856e9ce6d" testId="1d63c318-78a9-9011-f5c0-0b01884a2881" testName="interrogative_sentences_do" computerName="ARPAN-LAP" duration="00:00:00.0207688" startTime="2014-06-25T20:03:17.3406877+05:30" endTime="2014-06-25T20:03:17.3606888+05:30" testType="13cdc9d9-ddb5-4fa4-a97d-d965ccfc6d4b" outcome="Passed" testListId="8c84fa94-04c1-424b-9868-57a2d4851a1d" relativeResultsDirectory="c1c513cf-6098-48f9-9b9e-c61856e9ce6d" dataRowInfo="3" resultType="DataDrivenDataRow" />
        <UnitTestResult executionId="1d947fbc-ac41-4141-a1e5-445944cb0770" parentExecutionId="c1c513cf-6098-48f9-9b9e-c61856e9ce6d" testId="1d63c318-78a9-9011-f5c0-0b01884a2881" testName="interrogative_sentences_do" computerName="ARPAN-LAP" duration="00:00:00.0230370" startTime="2014-06-25T20:03:17.3606888+05:30" endTime="2014-06-25T20:03:17.3836902+05:30" testType="13cdc9d9-ddb5-4fa4-a97d-d965ccfc6d4b" outcome="Passed" testListId="8c84fa94-04c1-424b-9868-57a2d4851a1d" relativeResultsDirectory="c1c513cf-6098-48f9-9b9e-c61856e9ce6d" dataRowInfo="4" resultType="DataDrivenDataRow" />
        <UnitTestResult executionId="1a48fb9f-18bb-4750-9a78-ee30e61f788b" parentExecutionId="c1c513cf-6098-48f9-9b9e-c61856e9ce6d" testId="1d63c318-78a9-9011-f5c0-0b01884a2881" testName="interrogative_sentences_do" computerName="ARPAN-LAP" duration="00:00:00.0309952" startTime="2014-06-25T20:03:17.3846902+05:30" endTime="2014-06-25T20:03:17.4156920+05:30" testType="13cdc9d9-ddb5-4fa4-a97d-d965ccfc6d4b" outcome="Passed" testListId="8c84fa94-04c1-424b-9868-57a2d4851a1d" relativeResultsDirectory="c1c513cf-6098-48f9-9b9e-c61856e9ce6d" dataRowInfo="5" resultType="DataDrivenDataRow" />
        <UnitTestResult executionId="4d552b19-b9b3-4285-9016-87c4e406dbd7" parentExecutionId="c1c513cf-6098-48f9-9b9e-c61856e9ce6d" testId="1d63c318-78a9-9011-f5c0-0b01884a2881" testName="interrogative_sentences_do" computerName="ARPAN-LAP" duration="00:00:00.0274690" startTime="2014-06-25T20:03:17.4156920+05:30" endTime="2014-06-25T20:03:17.4426935+05:30" testType="13cdc9d9-ddb5-4fa4-a97d-d965ccfc6d4b" outcome="Passed" testListId="8c84fa94-04c1-424b-9868-57a2d4851a1d" relativeResultsDirectory="c1c513cf-6098-48f9-9b9e-c61856e9ce6d" dataRowInfo="6" resultType="DataDrivenDataRow" />
        <UnitTestResult executionId="ab090b9d-7967-4398-a1b4-afb7d498f37d" parentExecutionId="c1c513cf-6098-48f9-9b9e-c61856e9ce6d" testId="1d63c318-78a9-9011-f5c0-0b01884a2881" testName="interrogative_sentences_do" computerName="ARPAN-LAP" duration="00:00:00.0272345" startTime="2014-06-25T20:03:17.4426935+05:30" endTime="2014-06-25T20:03:17.4696951+05:30" testType="13cdc9d9-ddb5-4fa4-a97d-d965ccfc6d4b" outcome="Passed" testListId="8c84fa94-04c1-424b-9868-57a2d4851a1d" relativeResultsDirectory="c1c513cf-6098-48f9-9b9e-c61856e9ce6d" dataRowInfo="7" resultType="DataDrivenDataRow" />
        <UnitTestResult executionId="d5cbc172-2b1c-4a73-bb55-3e782fc29f15" parentExecutionId="c1c513cf-6098-48f9-9b9e-c61856e9ce6d" testId="1d63c318-78a9-9011-f5c0-0b01884a2881" testName="interrogative_sentences_do" computerName="ARPAN-LAP" duration="00:00:00.0277128" startTime="2014-06-25T20:03:17.4696951+05:30" endTime="2014-06-25T20:03:17.4976967+05:30" testType="13cdc9d9-ddb5-4fa4-a97d-d965ccfc6d4b" outcome="Passed" testListId="8c84fa94-04c1-424b-9868-57a2d4851a1d" relativeResultsDirectory="c1c513cf-6098-48f9-9b9e-c61856e9ce6d" dataRowInfo="8" resultType="DataDrivenDataRow" />
      </InnerResults>
    </UnitTestResult>
    <UnitTestResult executionId="f2f5e25c-5030-4980-859f-a39a61a11958" testId="227f20ae-8e76-eb71-39b2-4ada3ce6aba8" testName="interrogative_sentences_how" computerName="ARPAN-LAP" duration="00:00:00.6575891" startTime="2014-06-25T20:03:17.5276984+05:30" endTime="2014-06-25T20:03:18.2527399+05:30" testType="13cdc9d9-ddb5-4fa4-a97d-d965ccfc6d4b" outcome="Failed" testListId="8c84fa94-04c1-424b-9868-57a2d4851a1d" relativeResultsDirectory="f2f5e25c-5030-4980-859f-a39a61a11958" resultType="DataDrivenTest">
      <Counters error="0" failed="3" timeout="0" aborted="0" inconclusive="0" passedButRunAborted="0" notRunnable="0" notExecuted="0" disconnected="0" warning="0" passed="15" completed="0" inProgress="0" pending="0" />
      <InnerResults>
        <UnitTestResult executionId="4ff03079-0b49-4e6f-beb8-c05cc97cc4f3" parentExecutionId="f2f5e25c-5030-4980-859f-a39a61a11958" testId="227f20ae-8e76-eb71-39b2-4ada3ce6aba8" testName="interrogative_sentences_how" computerName="ARPAN-LAP" duration="00:00:00.0284447" startTime="2014-06-25T20:03:17.5657006+05:30" endTime="2014-06-25T20:03:17.5937022+05:30" testType="13cdc9d9-ddb5-4fa4-a97d-d965ccfc6d4b" outcome="Passed" testListId="8c84fa94-04c1-424b-9868-57a2d4851a1d" relativeResultsDirectory="f2f5e25c-5030-4980-859f-a39a61a11958" dataRowInfo="0" resultType="DataDrivenDataRow" />
        <UnitTestResult executionId="820e68f2-fd99-47a7-850a-c2d3f977c8af" parentExecutionId="f2f5e25c-5030-4980-859f-a39a61a11958" testId="227f20ae-8e76-eb71-39b2-4ada3ce6aba8" testName="interrogative_sentences_how" computerName="ARPAN-LAP" duration="00:00:00.0252219" startTime="2014-06-25T20:03:17.5937022+05:30" endTime="2014-06-25T20:03:17.6187036+05:30" testType="13cdc9d9-ddb5-4fa4-a97d-d965ccfc6d4b" outcome="Passed" testListId="8c84fa94-04c1-424b-9868-57a2d4851a1d" relativeResultsDirectory="f2f5e25c-5030-4980-859f-a39a61a11958" dataRowInfo="1" resultType="DataDrivenDataRow" />
        <UnitTestResult executionId="0eece6bf-ad29-4909-a46f-c885207ef0e6" parentExecutionId="f2f5e25c-5030-4980-859f-a39a61a11958" testId="227f20ae-8e76-eb71-39b2-4ada3ce6aba8" testName="interrogative_sentences_how" computerName="ARPAN-LAP" duration="00:00:00.0455309" startTime="2014-06-25T20:03:17.6197037+05:30" endTime="2014-06-25T20:03:17.6647062+05:30" testType="13cdc9d9-ddb5-4fa4-a97d-d965ccfc6d4b" outcome="Failed" testListId="8c84fa94-04c1-424b-9868-57a2d4851a1d" relativeResultsDirectory="f2f5e25c-5030-4980-859f-a39a61a11958" dataRowInfo="2" resultType="DataDrivenDataRow">
          <Output>
            <ErrorInfo>
              <Message>Assert.AreEqual failed. Expected:&lt;এই মেশিন কাজটি কিভাবে করে ?&gt;. Actual:&lt;এই মেশিনটি করে কিভাবে কাজ ?&gt;. How does this machine work?</Message>
              <StackTrace>   at UnitTest.BnlpTest.interrogative_sentences_how() in D:\software\Project\BNLP\UnitTest\BnlpTest.cs:line 274
</StackTrace>
            </ErrorInfo>
          </Output>
        </UnitTestResult>
        <UnitTestResult executionId="0a768dab-4a24-4146-b4ed-50171b5a06b2" parentExecutionId="f2f5e25c-5030-4980-859f-a39a61a11958" testId="227f20ae-8e76-eb71-39b2-4ada3ce6aba8" testName="interrogative_sentences_how" computerName="ARPAN-LAP" duration="00:00:00.0383411" startTime="2014-06-25T20:03:17.6647062+05:30" endTime="2014-06-25T20:03:17.7027084+05:30" testType="13cdc9d9-ddb5-4fa4-a97d-d965ccfc6d4b" outcome="Passed" testListId="8c84fa94-04c1-424b-9868-57a2d4851a1d" relativeResultsDirectory="f2f5e25c-5030-4980-859f-a39a61a11958" dataRowInfo="3" resultType="DataDrivenDataRow" />
        <UnitTestResult executionId="7877dc09-2445-458e-abe9-793e119729fb" parentExecutionId="f2f5e25c-5030-4980-859f-a39a61a11958" testId="227f20ae-8e76-eb71-39b2-4ada3ce6aba8" testName="interrogative_sentences_how" computerName="ARPAN-LAP" duration="00:00:00.0344551" startTime="2014-06-25T20:03:17.7027084+05:30" endTime="2014-06-25T20:03:17.7377104+05:30" testType="13cdc9d9-ddb5-4fa4-a97d-d965ccfc6d4b" outcome="Passed" testListId="8c84fa94-04c1-424b-9868-57a2d4851a1d" relativeResultsDirectory="f2f5e25c-5030-4980-859f-a39a61a11958" dataRowInfo="4" resultType="DataDrivenDataRow" />
        <UnitTestResult executionId="0a510e75-4266-46bf-9d64-810fe8983b0b" parentExecutionId="f2f5e25c-5030-4980-859f-a39a61a11958" testId="227f20ae-8e76-eb71-39b2-4ada3ce6aba8" testName="interrogative_sentences_how" computerName="ARPAN-LAP" duration="00:00:00.0259569" startTime="2014-06-25T20:03:17.7377104+05:30" endTime="2014-06-25T20:03:17.7637119+05:30" testType="13cdc9d9-ddb5-4fa4-a97d-d965ccfc6d4b" outcome="Passed" testListId="8c84fa94-04c1-424b-9868-57a2d4851a1d" relativeResultsDirectory="f2f5e25c-5030-4980-859f-a39a61a11958" dataRowInfo="5" resultType="DataDrivenDataRow" />
        <UnitTestResult executionId="ff05f0c4-b420-4239-a419-9203001da952" parentExecutionId="f2f5e25c-5030-4980-859f-a39a61a11958" testId="227f20ae-8e76-eb71-39b2-4ada3ce6aba8" testName="interrogative_sentences_how" computerName="ARPAN-LAP" duration="00:00:00.0396581" startTime="2014-06-25T20:03:17.7637119+05:30" endTime="2014-06-25T20:03:17.8037142+05:30" testType="13cdc9d9-ddb5-4fa4-a97d-d965ccfc6d4b" outcome="Passed" testListId="8c84fa94-04c1-424b-9868-57a2d4851a1d" relativeResultsDirectory="f2f5e25c-5030-4980-859f-a39a61a11958" dataRowInfo="6" resultType="DataDrivenDataRow" />
        <UnitTestResult executionId="32cf967a-4094-430b-83f9-db071291b732" parentExecutionId="f2f5e25c-5030-4980-859f-a39a61a11958" testId="227f20ae-8e76-eb71-39b2-4ada3ce6aba8" testName="interrogative_sentences_how" computerName="ARPAN-LAP" duration="00:00:00.0282410" startTime="2014-06-25T20:03:17.8037142+05:30" endTime="2014-06-25T20:03:17.8317158+05:30" testType="13cdc9d9-ddb5-4fa4-a97d-d965ccfc6d4b" outcome="Passed" testListId="8c84fa94-04c1-424b-9868-57a2d4851a1d" relativeResultsDirectory="f2f5e25c-5030-4980-859f-a39a61a11958" dataRowInfo="7" resultType="DataDrivenDataRow" />
        <UnitTestResult executionId="9945fc85-53e6-47c1-9afb-d888c753c4bc" parentExecutionId="f2f5e25c-5030-4980-859f-a39a61a11958" testId="227f20ae-8e76-eb71-39b2-4ada3ce6aba8" testName="interrogative_sentences_how" computerName="ARPAN-LAP" duration="00:00:00.0306236" startTime="2014-06-25T20:03:17.8317158+05:30" endTime="2014-06-25T20:03:17.8627176+05:30" testType="13cdc9d9-ddb5-4fa4-a97d-d965ccfc6d4b" outcome="Passed" testListId="8c84fa94-04c1-424b-9868-57a2d4851a1d" relativeResultsDirectory="f2f5e25c-5030-4980-859f-a39a61a11958" dataRowInfo="8" resultType="DataDrivenDataRow" />
        <UnitTestResult executionId="ec33339a-7a98-4b17-ab8c-9c7e6f273937" parentExecutionId="f2f5e25c-5030-4980-859f-a39a61a11958" testId="227f20ae-8e76-eb71-39b2-4ada3ce6aba8" testName="interrogative_sentences_how" computerName="ARPAN-LAP" duration="00:00:00.0346029" startTime="2014-06-25T20:03:17.8627176+05:30" endTime="2014-06-25T20:03:17.8967195+05:30" testType="13cdc9d9-ddb5-4fa4-a97d-d965ccfc6d4b" outcome="Passed" testListId="8c84fa94-04c1-424b-9868-57a2d4851a1d" relativeResultsDirectory="f2f5e25c-5030-4980-859f-a39a61a11958" dataRowInfo="9" resultType="DataDrivenDataRow" />
        <UnitTestResult executionId="43f03773-0ccb-49b7-a1dd-fcd702e96366" parentExecutionId="f2f5e25c-5030-4980-859f-a39a61a11958" testId="227f20ae-8e76-eb71-39b2-4ada3ce6aba8" testName="interrogative_sentences_how" computerName="ARPAN-LAP" duration="00:00:00.0499923" startTime="2014-06-25T20:03:17.8967195+05:30" endTime="2014-06-25T20:03:17.9467224+05:30" testType="13cdc9d9-ddb5-4fa4-a97d-d965ccfc6d4b" outcome="Passed" testListId="8c84fa94-04c1-424b-9868-57a2d4851a1d" relativeResultsDirectory="f2f5e25c-5030-4980-859f-a39a61a11958" dataRowInfo="10" resultType="DataDrivenDataRow" />
        <UnitTestResult executionId="5b5bbc4e-b9d2-49d2-a253-0c54f7d58178" parentExecutionId="f2f5e25c-5030-4980-859f-a39a61a11958" testId="227f20ae-8e76-eb71-39b2-4ada3ce6aba8" testName="interrogative_sentences_how" computerName="ARPAN-LAP" duration="00:00:00.0333747" startTime="2014-06-25T20:03:17.9467224+05:30" endTime="2014-06-25T20:03:17.9807243+05:30" testType="13cdc9d9-ddb5-4fa4-a97d-d965ccfc6d4b" outcome="Passed" testListId="8c84fa94-04c1-424b-9868-57a2d4851a1d" relativeResultsDirectory="f2f5e25c-5030-4980-859f-a39a61a11958" dataRowInfo="11" resultType="DataDrivenDataRow" />
        <UnitTestResult executionId="ebd29f5d-da9d-40f1-be64-9180bd72067e" parentExecutionId="f2f5e25c-5030-4980-859f-a39a61a11958" testId="227f20ae-8e76-eb71-39b2-4ada3ce6aba8" testName="interrogative_sentences_how" computerName="ARPAN-LAP" duration="00:00:00.0523122" startTime="2014-06-25T20:03:17.9807243+05:30" endTime="2014-06-25T20:03:18.0327273+05:30" testType="13cdc9d9-ddb5-4fa4-a97d-d965ccfc6d4b" outcome="Failed" testListId="8c84fa94-04c1-424b-9868-57a2d4851a1d" relativeResultsDirectory="f2f5e25c-5030-4980-859f-a39a61a11958" dataRowInfo="12" resultType="DataDrivenDataRow">
          <Output>
            <ErrorInfo>
              <Message>Assert.AreEqual failed. Expected:&lt;এই শহরটি কত বড় ?&gt;. Actual:&lt;কত বড় এই শহরটি ?&gt;. How big is this city?</Message>
              <StackTrace>   at UnitTest.BnlpTest.interrogative_sentences_how() in D:\software\Project\BNLP\UnitTest\BnlpTest.cs:line 274
</StackTrace>
            </ErrorInfo>
          </Output>
        </UnitTestResult>
        <UnitTestResult executionId="2c41f74d-8ddb-441f-9e6c-1247c769ab23" parentExecutionId="f2f5e25c-5030-4980-859f-a39a61a11958" testId="227f20ae-8e76-eb71-39b2-4ada3ce6aba8" testName="interrogative_sentences_how" computerName="ARPAN-LAP" duration="00:00:00.0339665" startTime="2014-06-25T20:03:18.0327273+05:30" endTime="2014-06-25T20:03:18.0667292+05:30" testType="13cdc9d9-ddb5-4fa4-a97d-d965ccfc6d4b" outcome="Passed" testListId="8c84fa94-04c1-424b-9868-57a2d4851a1d" relativeResultsDirectory="f2f5e25c-5030-4980-859f-a39a61a11958" dataRowInfo="13" resultType="DataDrivenDataRow" />
        <UnitTestResult executionId="b285af4a-9e06-49d8-829f-47602ddcca2a" parentExecutionId="f2f5e25c-5030-4980-859f-a39a61a11958" testId="227f20ae-8e76-eb71-39b2-4ada3ce6aba8" testName="interrogative_sentences_how" computerName="ARPAN-LAP" duration="00:00:00.0318662" startTime="2014-06-25T20:03:18.0667292+05:30" endTime="2014-06-25T20:03:18.0987311+05:30" testType="13cdc9d9-ddb5-4fa4-a97d-d965ccfc6d4b" outcome="Passed" testListId="8c84fa94-04c1-424b-9868-57a2d4851a1d" relativeResultsDirectory="f2f5e25c-5030-4980-859f-a39a61a11958" dataRowInfo="14" resultType="DataDrivenDataRow" />
        <UnitTestResult executionId="7fa36199-606d-47bc-9e7a-e430febc0db5" parentExecutionId="f2f5e25c-5030-4980-859f-a39a61a11958" testId="227f20ae-8e76-eb71-39b2-4ada3ce6aba8" testName="interrogative_sentences_how" computerName="ARPAN-LAP" duration="00:00:00.0337617" startTime="2014-06-25T20:03:18.0987311+05:30" endTime="2014-06-25T20:03:18.1327330+05:30" testType="13cdc9d9-ddb5-4fa4-a97d-d965ccfc6d4b" outcome="Failed" testListId="8c84fa94-04c1-424b-9868-57a2d4851a1d" relativeResultsDirectory="f2f5e25c-5030-4980-859f-a39a61a11958" dataRowInfo="15" resultType="DataDrivenDataRow">
          <Output>
            <ErrorInfo>
              <Message>Assert.AreEqual failed. Expected:&lt;একটি ভাল ছাত্র হতে হয় কিভাবে ?&gt;. Actual:&lt;হয় কিভাবে একটি ভাল ছাত্র ?&gt;. How to be a good student?</Message>
              <StackTrace>   at UnitTest.BnlpTest.interrogative_sentences_how() in D:\software\Project\BNLP\UnitTest\BnlpTest.cs:line 274
</StackTrace>
            </ErrorInfo>
          </Output>
        </UnitTestResult>
        <UnitTestResult executionId="4151b60a-6e15-45af-9bce-4f3e070e41f9" parentExecutionId="f2f5e25c-5030-4980-859f-a39a61a11958" testId="227f20ae-8e76-eb71-39b2-4ada3ce6aba8" testName="interrogative_sentences_how" computerName="ARPAN-LAP" duration="00:00:00.0314828" startTime="2014-06-25T20:03:18.1327330+05:30" endTime="2014-06-25T20:03:18.1637348+05:30" testType="13cdc9d9-ddb5-4fa4-a97d-d965ccfc6d4b" outcome="Passed" testListId="8c84fa94-04c1-424b-9868-57a2d4851a1d" relativeResultsDirectory="f2f5e25c-5030-4980-859f-a39a61a11958" dataRowInfo="16" resultType="DataDrivenDataRow" />
        <UnitTestResult executionId="9cab874b-09cf-49ee-a8bd-aca748e531ec" parentExecutionId="f2f5e25c-5030-4980-859f-a39a61a11958" testId="227f20ae-8e76-eb71-39b2-4ada3ce6aba8" testName="interrogative_sentences_how" computerName="ARPAN-LAP" duration="00:00:00.0373058" startTime="2014-06-25T20:03:18.1637348+05:30" endTime="2014-06-25T20:03:18.2017370+05:30" testType="13cdc9d9-ddb5-4fa4-a97d-d965ccfc6d4b" outcome="Passed" testListId="8c84fa94-04c1-424b-9868-57a2d4851a1d" relativeResultsDirectory="f2f5e25c-5030-4980-859f-a39a61a11958" dataRowInfo="17" resultType="DataDrivenDataRow" />
      </InnerResults>
    </UnitTestResult>
    <UnitTestResult executionId="2eb79164-0d27-4288-a59f-59935f7ab6f4" testId="30ab3285-6a8c-14d2-9725-bd60892ccd90" testName="second_person_tenses_active" computerName="ARPAN-LAP" duration="00:00:00.2352974" startTime="2014-06-25T20:03:18.2627404+05:30" endTime="2014-06-25T20:03:18.5527570+05:30" testType="13cdc9d9-ddb5-4fa4-a97d-d965ccfc6d4b" outcome="Passed" testListId="8c84fa94-04c1-424b-9868-57a2d4851a1d" relativeResultsDirectory="2eb79164-0d27-4288-a59f-59935f7ab6f4" resultType="DataDrivenTest">
      <Counters error="0" failed="0" timeout="0" aborted="0" inconclusive="0" passedButRunAborted="0" notRunnable="0" notExecuted="0" disconnected="0" warning="0" passed="10" completed="0" inProgress="0" pending="0" />
      <InnerResults>
        <UnitTestResult executionId="fc5fdbe9-4682-42f9-8623-b2d03d33f25c" parentExecutionId="2eb79164-0d27-4288-a59f-59935f7ab6f4" testId="30ab3285-6a8c-14d2-9725-bd60892ccd90" testName="second_person_tenses_active" computerName="ARPAN-LAP" duration="00:00:00.0156521" startTime="2014-06-25T20:03:18.2957423+05:30" endTime="2014-06-25T20:03:18.3117432+05:30" testType="13cdc9d9-ddb5-4fa4-a97d-d965ccfc6d4b" outcome="Passed" testListId="8c84fa94-04c1-424b-9868-57a2d4851a1d" relativeResultsDirectory="2eb79164-0d27-4288-a59f-59935f7ab6f4" dataRowInfo="0" resultType="DataDrivenDataRow" />
        <UnitTestResult executionId="3fb3361b-9b28-43cf-9c2b-ab48dfbd31af" parentExecutionId="2eb79164-0d27-4288-a59f-59935f7ab6f4" testId="30ab3285-6a8c-14d2-9725-bd60892ccd90" testName="second_person_tenses_active" computerName="ARPAN-LAP" duration="00:00:00.0193871" startTime="2014-06-25T20:03:18.3117432+05:30" endTime="2014-06-25T20:03:18.3307443+05:30" testType="13cdc9d9-ddb5-4fa4-a97d-d965ccfc6d4b" outcome="Passed" testListId="8c84fa94-04c1-424b-9868-57a2d4851a1d" relativeResultsDirectory="2eb79164-0d27-4288-a59f-59935f7ab6f4" dataRowInfo="1" resultType="DataDrivenDataRow" />
        <UnitTestResult executionId="36c8217e-5ba9-4866-9c63-66ad5203384c" parentExecutionId="2eb79164-0d27-4288-a59f-59935f7ab6f4" testId="30ab3285-6a8c-14d2-9725-bd60892ccd90" testName="second_person_tenses_active" computerName="ARPAN-LAP" duration="00:00:00.0324842" startTime="2014-06-25T20:03:18.3307443+05:30" endTime="2014-06-25T20:03:18.3637462+05:30" testType="13cdc9d9-ddb5-4fa4-a97d-d965ccfc6d4b" outcome="Passed" testListId="8c84fa94-04c1-424b-9868-57a2d4851a1d" relativeResultsDirectory="2eb79164-0d27-4288-a59f-59935f7ab6f4" dataRowInfo="2" resultType="DataDrivenDataRow" />
        <UnitTestResult executionId="855a08c4-489a-4a98-bfaf-54ead6167836" parentExecutionId="2eb79164-0d27-4288-a59f-59935f7ab6f4" testId="30ab3285-6a8c-14d2-9725-bd60892ccd90" testName="second_person_tenses_active" computerName="ARPAN-LAP" duration="00:00:00.0249366" startTime="2014-06-25T20:03:18.3637462+05:30" endTime="2014-06-25T20:03:18.3887476+05:30" testType="13cdc9d9-ddb5-4fa4-a97d-d965ccfc6d4b" outcome="Passed" testListId="8c84fa94-04c1-424b-9868-57a2d4851a1d" relativeResultsDirectory="2eb79164-0d27-4288-a59f-59935f7ab6f4" dataRowInfo="3" resultType="DataDrivenDataRow" />
        <UnitTestResult executionId="1b2d7c88-ee30-43ed-9776-13eb001d0eae" parentExecutionId="2eb79164-0d27-4288-a59f-59935f7ab6f4" testId="30ab3285-6a8c-14d2-9725-bd60892ccd90" testName="second_person_tenses_active" computerName="ARPAN-LAP" duration="00:00:00.0152984" startTime="2014-06-25T20:03:18.3887476+05:30" endTime="2014-06-25T20:03:18.4037485+05:30" testType="13cdc9d9-ddb5-4fa4-a97d-d965ccfc6d4b" outcome="Passed" testListId="8c84fa94-04c1-424b-9868-57a2d4851a1d" relativeResultsDirectory="2eb79164-0d27-4288-a59f-59935f7ab6f4" dataRowInfo="4" resultType="DataDrivenDataRow" />
        <UnitTestResult executionId="1e16212c-5ec1-404e-9f3c-29ba14fba2ed" parentExecutionId="2eb79164-0d27-4288-a59f-59935f7ab6f4" testId="30ab3285-6a8c-14d2-9725-bd60892ccd90" testName="second_person_tenses_active" computerName="ARPAN-LAP" duration="00:00:00.0190181" startTime="2014-06-25T20:03:18.4037485+05:30" endTime="2014-06-25T20:03:18.4227496+05:30" testType="13cdc9d9-ddb5-4fa4-a97d-d965ccfc6d4b" outcome="Passed" testListId="8c84fa94-04c1-424b-9868-57a2d4851a1d" relativeResultsDirectory="2eb79164-0d27-4288-a59f-59935f7ab6f4" dataRowInfo="5" resultType="DataDrivenDataRow" />
        <UnitTestResult executionId="bc941a40-92c4-420b-ab5f-0bf6e0b60a7d" parentExecutionId="2eb79164-0d27-4288-a59f-59935f7ab6f4" testId="30ab3285-6a8c-14d2-9725-bd60892ccd90" testName="second_person_tenses_active" computerName="ARPAN-LAP" duration="00:00:00.0196961" startTime="2014-06-25T20:03:18.4227496+05:30" endTime="2014-06-25T20:03:18.4427507+05:30" testType="13cdc9d9-ddb5-4fa4-a97d-d965ccfc6d4b" outcome="Passed" testListId="8c84fa94-04c1-424b-9868-57a2d4851a1d" relativeResultsDirectory="2eb79164-0d27-4288-a59f-59935f7ab6f4" dataRowInfo="6" resultType="DataDrivenDataRow" />
        <UnitTestResult executionId="d2a12db2-a4d6-47a1-bd8f-4928ce671d65" parentExecutionId="2eb79164-0d27-4288-a59f-59935f7ab6f4" testId="30ab3285-6a8c-14d2-9725-bd60892ccd90" testName="second_person_tenses_active" computerName="ARPAN-LAP" duration="00:00:00.0236893" startTime="2014-06-25T20:03:18.4427507+05:30" endTime="2014-06-25T20:03:18.4667521+05:30" testType="13cdc9d9-ddb5-4fa4-a97d-d965ccfc6d4b" outcome="Passed" testListId="8c84fa94-04c1-424b-9868-57a2d4851a1d" relativeResultsDirectory="2eb79164-0d27-4288-a59f-59935f7ab6f4" dataRowInfo="7" resultType="DataDrivenDataRow" />
        <UnitTestResult executionId="935656ec-139e-480d-81cf-28bfca499afa" parentExecutionId="2eb79164-0d27-4288-a59f-59935f7ab6f4" testId="30ab3285-6a8c-14d2-9725-bd60892ccd90" testName="second_person_tenses_active" computerName="ARPAN-LAP" duration="00:00:00.0198660" startTime="2014-06-25T20:03:18.4667521+05:30" endTime="2014-06-25T20:03:18.4867533+05:30" testType="13cdc9d9-ddb5-4fa4-a97d-d965ccfc6d4b" outcome="Passed" testListId="8c84fa94-04c1-424b-9868-57a2d4851a1d" relativeResultsDirectory="2eb79164-0d27-4288-a59f-59935f7ab6f4" dataRowInfo="8" resultType="DataDrivenDataRow" />
        <UnitTestResult executionId="eb7f6717-c0cf-4961-b3e1-183bfa6b672b" parentExecutionId="2eb79164-0d27-4288-a59f-59935f7ab6f4" testId="30ab3285-6a8c-14d2-9725-bd60892ccd90" testName="second_person_tenses_active" computerName="ARPAN-LAP" duration="00:00:00.0231894" startTime="2014-06-25T20:03:18.4867533+05:30" endTime="2014-06-25T20:03:18.5097546+05:30" testType="13cdc9d9-ddb5-4fa4-a97d-d965ccfc6d4b" outcome="Passed" testListId="8c84fa94-04c1-424b-9868-57a2d4851a1d" relativeResultsDirectory="2eb79164-0d27-4288-a59f-59935f7ab6f4" dataRowInfo="9" resultType="DataDrivenDataRow" />
      </InnerResults>
    </UnitTestResult>
    <UnitTestResult executionId="c723eeb3-68da-449c-a02d-66aa0f681924" testId="32b5d279-0d23-e5ad-0301-234c8788f740" testName="interrogative_sentences_who" computerName="ARPAN-LAP" duration="00:00:00.1069660" startTime="2014-06-25T20:03:18.5637577+05:30" endTime="2014-06-25T20:03:18.6907649+05:30" testType="13cdc9d9-ddb5-4fa4-a97d-d965ccfc6d4b" outcome="Passed" testListId="8c84fa94-04c1-424b-9868-57a2d4851a1d" relativeResultsDirectory="c723eeb3-68da-449c-a02d-66aa0f681924" resultType="DataDrivenTest">
      <Counters error="0" failed="0" timeout="0" aborted="0" inconclusive="0" passedButRunAborted="0" notRunnable="0" notExecuted="0" disconnected="0" warning="0" passed="4" completed="0" inProgress="0" pending="0" />
      <InnerResults>
        <UnitTestResult executionId="d654822d-ec34-42f1-954d-440888714c5f" parentExecutionId="c723eeb3-68da-449c-a02d-66aa0f681924" testId="32b5d279-0d23-e5ad-0301-234c8788f740" testName="interrogative_sentences_who" computerName="ARPAN-LAP" duration="00:00:00.0229117" startTime="2014-06-25T20:03:18.5807586+05:30" endTime="2014-06-25T20:03:18.6037599+05:30" testType="13cdc9d9-ddb5-4fa4-a97d-d965ccfc6d4b" outcome="Passed" testListId="8c84fa94-04c1-424b-9868-57a2d4851a1d" relativeResultsDirectory="c723eeb3-68da-449c-a02d-66aa0f681924" dataRowInfo="0" resultType="DataDrivenDataRow" />
        <UnitTestResult executionId="56bf060d-8a4a-4ccd-bf3c-940be7e9f584" parentExecutionId="c723eeb3-68da-449c-a02d-66aa0f681924" testId="32b5d279-0d23-e5ad-0301-234c8788f740" testName="interrogative_sentences_who" computerName="ARPAN-LAP" duration="00:00:00.0175542" startTime="2014-06-25T20:03:18.6037599+05:30" endTime="2014-06-25T20:03:18.6207609+05:30" testType="13cdc9d9-ddb5-4fa4-a97d-d965ccfc6d4b" outcome="Passed" testListId="8c84fa94-04c1-424b-9868-57a2d4851a1d" relativeResultsDirectory="c723eeb3-68da-449c-a02d-66aa0f681924" dataRowInfo="1" resultType="DataDrivenDataRow" />
        <UnitTestResult executionId="10572f76-7130-4039-887b-5ce758e2e633" parentExecutionId="c723eeb3-68da-449c-a02d-66aa0f681924" testId="32b5d279-0d23-e5ad-0301-234c8788f740" testName="interrogative_sentences_who" computerName="ARPAN-LAP" duration="00:00:00.0253220" startTime="2014-06-25T20:03:18.6207609+05:30" endTime="2014-06-25T20:03:18.6467624+05:30" testType="13cdc9d9-ddb5-4fa4-a97d-d965ccfc6d4b" outcome="Passed" testListId="8c84fa94-04c1-424b-9868-57a2d4851a1d" relativeResultsDirectory="c723eeb3-68da-449c-a02d-66aa0f681924" dataRowInfo="2" resultType="DataDrivenDataRow" />
        <UnitTestResult executionId="42e88883-f54a-4bc1-8e49-7a19bd4a25ab" parentExecutionId="c723eeb3-68da-449c-a02d-66aa0f681924" testId="32b5d279-0d23-e5ad-0301-234c8788f740" testName="interrogative_sentences_who" computerName="ARPAN-LAP" duration="00:00:00.0302330" startTime="2014-06-25T20:03:18.6467624+05:30" endTime="2014-06-25T20:03:18.6767641+05:30" testType="13cdc9d9-ddb5-4fa4-a97d-d965ccfc6d4b" outcome="Passed" testListId="8c84fa94-04c1-424b-9868-57a2d4851a1d" relativeResultsDirectory="c723eeb3-68da-449c-a02d-66aa0f681924" dataRowInfo="3" resultType="DataDrivenDataRow" />
      </InnerResults>
    </UnitTestResult>
    <UnitTestResult executionId="d45944fd-0fe1-474a-ac07-d17f6e8a3b1b" testId="39dcb97e-c73f-c645-a77c-64d9eba0a3a3" testName="interrogative_sentences_aux" computerName="ARPAN-LAP" duration="00:00:00.4745901" startTime="2014-06-25T20:03:18.6957652+05:30" endTime="2014-06-25T20:03:19.2307958+05:30" testType="13cdc9d9-ddb5-4fa4-a97d-d965ccfc6d4b" outcome="Passed" testListId="8c84fa94-04c1-424b-9868-57a2d4851a1d" relativeResultsDirectory="d45944fd-0fe1-474a-ac07-d17f6e8a3b1b" resultType="DataDrivenTest">
      <Counters error="0" failed="0" timeout="0" aborted="0" inconclusive="0" passedButRunAborted="0" notRunnable="0" notExecuted="0" disconnected="0" warning="0" passed="20" completed="0" inProgress="0" pending="0" />
      <InnerResults>
        <UnitTestResult executionId="2a59c411-7eb5-4709-889f-06fbe8d67802" parentExecutionId="d45944fd-0fe1-474a-ac07-d17f6e8a3b1b" testId="39dcb97e-c73f-c645-a77c-64d9eba0a3a3" testName="interrogative_sentences_aux" computerName="ARPAN-LAP" duration="00:00:00.0209906" startTime="2014-06-25T20:03:18.7097660+05:30" endTime="2014-06-25T20:03:18.7307672+05:30" testType="13cdc9d9-ddb5-4fa4-a97d-d965ccfc6d4b" outcome="Passed" testListId="8c84fa94-04c1-424b-9868-57a2d4851a1d" relativeResultsDirectory="d45944fd-0fe1-474a-ac07-d17f6e8a3b1b" dataRowInfo="0" resultType="DataDrivenDataRow" />
        <UnitTestResult executionId="aff3de7b-bf74-4047-9548-033934768a63" parentExecutionId="d45944fd-0fe1-474a-ac07-d17f6e8a3b1b" testId="39dcb97e-c73f-c645-a77c-64d9eba0a3a3" testName="interrogative_sentences_aux" computerName="ARPAN-LAP" duration="00:00:00.0218960" startTime="2014-06-25T20:03:18.7307672+05:30" endTime="2014-06-25T20:03:18.7527685+05:30" testType="13cdc9d9-ddb5-4fa4-a97d-d965ccfc6d4b" outcome="Passed" testListId="8c84fa94-04c1-424b-9868-57a2d4851a1d" relativeResultsDirectory="d45944fd-0fe1-474a-ac07-d17f6e8a3b1b" dataRowInfo="1" resultType="DataDrivenDataRow" />
        <UnitTestResult executionId="f33aab3a-8eb8-438c-81e6-f12e6ce46c2b" parentExecutionId="d45944fd-0fe1-474a-ac07-d17f6e8a3b1b" testId="39dcb97e-c73f-c645-a77c-64d9eba0a3a3" testName="interrogative_sentences_aux" computerName="ARPAN-LAP" duration="00:00:00.0205861" startTime="2014-06-25T20:03:18.7527685+05:30" endTime="2014-06-25T20:03:18.7727696+05:30" testType="13cdc9d9-ddb5-4fa4-a97d-d965ccfc6d4b" outcome="Passed" testListId="8c84fa94-04c1-424b-9868-57a2d4851a1d" relativeResultsDirectory="d45944fd-0fe1-474a-ac07-d17f6e8a3b1b" dataRowInfo="2" resultType="DataDrivenDataRow" />
        <UnitTestResult executionId="1e3b0ba4-fc69-41f6-9032-294a79f22cdc" parentExecutionId="d45944fd-0fe1-474a-ac07-d17f6e8a3b1b" testId="39dcb97e-c73f-c645-a77c-64d9eba0a3a3" testName="interrogative_sentences_aux" computerName="ARPAN-LAP" duration="00:00:00.0267515" startTime="2014-06-25T20:03:18.7727696+05:30" endTime="2014-06-25T20:03:18.7997712+05:30" testType="13cdc9d9-ddb5-4fa4-a97d-d965ccfc6d4b" outcome="Passed" testListId="8c84fa94-04c1-424b-9868-57a2d4851a1d" relativeResultsDirectory="d45944fd-0fe1-474a-ac07-d17f6e8a3b1b" dataRowInfo="3" resultType="DataDrivenDataRow" />
        <UnitTestResult executionId="4b6b08b8-fec8-4aff-9afe-2842ea940ac2" parentExecutionId="d45944fd-0fe1-474a-ac07-d17f6e8a3b1b" testId="39dcb97e-c73f-c645-a77c-64d9eba0a3a3" testName="interrogative_sentences_aux" computerName="ARPAN-LAP" duration="00:00:00.0202627" startTime="2014-06-25T20:03:18.7997712+05:30" endTime="2014-06-25T20:03:18.8197723+05:30" testType="13cdc9d9-ddb5-4fa4-a97d-d965ccfc6d4b" outcome="Passed" testListId="8c84fa94-04c1-424b-9868-57a2d4851a1d" relativeResultsDirectory="d45944fd-0fe1-474a-ac07-d17f6e8a3b1b" dataRowInfo="4" resultType="DataDrivenDataRow" />
        <UnitTestResult executionId="ee7e62fc-3359-4d64-aba0-d402f9830bca" parentExecutionId="d45944fd-0fe1-474a-ac07-d17f6e8a3b1b" testId="39dcb97e-c73f-c645-a77c-64d9eba0a3a3" testName="interrogative_sentences_aux" computerName="ARPAN-LAP" duration="00:00:00.0211548" startTime="2014-06-25T20:03:18.8197723+05:30" endTime="2014-06-25T20:03:18.8417736+05:30" testType="13cdc9d9-ddb5-4fa4-a97d-d965ccfc6d4b" outcome="Passed" testListId="8c84fa94-04c1-424b-9868-57a2d4851a1d" relativeResultsDirectory="d45944fd-0fe1-474a-ac07-d17f6e8a3b1b" dataRowInfo="5" resultType="DataDrivenDataRow" />
        <UnitTestResult executionId="9c5d7b92-6029-4097-b244-ffdf0e3c45ca" parentExecutionId="d45944fd-0fe1-474a-ac07-d17f6e8a3b1b" testId="39dcb97e-c73f-c645-a77c-64d9eba0a3a3" testName="interrogative_sentences_aux" computerName="ARPAN-LAP" duration="00:00:00.0249165" startTime="2014-06-25T20:03:18.8417736+05:30" endTime="2014-06-25T20:03:18.8667750+05:30" testType="13cdc9d9-ddb5-4fa4-a97d-d965ccfc6d4b" outcome="Passed" testListId="8c84fa94-04c1-424b-9868-57a2d4851a1d" relativeResultsDirectory="d45944fd-0fe1-474a-ac07-d17f6e8a3b1b" dataRowInfo="6" resultType="DataDrivenDataRow" />
        <UnitTestResult executionId="d8ffc787-5811-4f03-9beb-f780c9865d6c" parentExecutionId="d45944fd-0fe1-474a-ac07-d17f6e8a3b1b" testId="39dcb97e-c73f-c645-a77c-64d9eba0a3a3" testName="interrogative_sentences_aux" computerName="ARPAN-LAP" duration="00:00:00.0466242" startTime="2014-06-25T20:03:18.8667750+05:30" endTime="2014-06-25T20:03:18.9127776+05:30" testType="13cdc9d9-ddb5-4fa4-a97d-d965ccfc6d4b" outcome="Passed" testListId="8c84fa94-04c1-424b-9868-57a2d4851a1d" relativeResultsDirectory="d45944fd-0fe1-474a-ac07-d17f6e8a3b1b" dataRowInfo="7" resultType="DataDrivenDataRow" />
        <UnitTestResult executionId="d55a30ff-37e8-4424-af86-b020e2b8f2e1" parentExecutionId="d45944fd-0fe1-474a-ac07-d17f6e8a3b1b" testId="39dcb97e-c73f-c645-a77c-64d9eba0a3a3" testName="interrogative_sentences_aux" computerName="ARPAN-LAP" duration="00:00:00.0236903" startTime="2014-06-25T20:03:18.9127776+05:30" endTime="2014-06-25T20:03:18.9367790+05:30" testType="13cdc9d9-ddb5-4fa4-a97d-d965ccfc6d4b" outcome="Passed" testListId="8c84fa94-04c1-424b-9868-57a2d4851a1d" relativeResultsDirectory="d45944fd-0fe1-474a-ac07-d17f6e8a3b1b" dataRowInfo="8" resultType="DataDrivenDataRow" />
        <UnitTestResult executionId="a87162d4-aed1-46f6-8a57-4669bec19fcb" parentExecutionId="d45944fd-0fe1-474a-ac07-d17f6e8a3b1b" testId="39dcb97e-c73f-c645-a77c-64d9eba0a3a3" testName="interrogative_sentences_aux" computerName="ARPAN-LAP" duration="00:00:00.0274562" startTime="2014-06-25T20:03:18.9367790+05:30" endTime="2014-06-25T20:03:18.9647806+05:30" testType="13cdc9d9-ddb5-4fa4-a97d-d965ccfc6d4b" outcome="Passed" testListId="8c84fa94-04c1-424b-9868-57a2d4851a1d" relativeResultsDirectory="d45944fd-0fe1-474a-ac07-d17f6e8a3b1b" dataRowInfo="9" resultType="DataDrivenDataRow" />
        <UnitTestResult executionId="a6c7bad0-a68f-4361-a956-807332b94fbc" parentExecutionId="d45944fd-0fe1-474a-ac07-d17f6e8a3b1b" testId="39dcb97e-c73f-c645-a77c-64d9eba0a3a3" testName="interrogative_sentences_aux" computerName="ARPAN-LAP" duration="00:00:00.0197105" startTime="2014-06-25T20:03:18.9647806+05:30" endTime="2014-06-25T20:03:18.9837817+05:30" testType="13cdc9d9-ddb5-4fa4-a97d-d965ccfc6d4b" outcome="Passed" testListId="8c84fa94-04c1-424b-9868-57a2d4851a1d" relativeResultsDirectory="d45944fd-0fe1-474a-ac07-d17f6e8a3b1b" dataRowInfo="10" resultType="DataDrivenDataRow" />
        <UnitTestResult executionId="879efa94-a6c5-49b5-9642-b74c02c69c3d" parentExecutionId="d45944fd-0fe1-474a-ac07-d17f6e8a3b1b" testId="39dcb97e-c73f-c645-a77c-64d9eba0a3a3" testName="interrogative_sentences_aux" computerName="ARPAN-LAP" duration="00:00:00.0181522" startTime="2014-06-25T20:03:18.9837817+05:30" endTime="2014-06-25T20:03:19.0027828+05:30" testType="13cdc9d9-ddb5-4fa4-a97d-d965ccfc6d4b" outcome="Passed" testListId="8c84fa94-04c1-424b-9868-57a2d4851a1d" relativeResultsDirectory="d45944fd-0fe1-474a-ac07-d17f6e8a3b1b" dataRowInfo="11" resultType="DataDrivenDataRow" />
        <UnitTestResult executionId="7847af11-91e6-452a-b101-2fa9f360cbec" parentExecutionId="d45944fd-0fe1-474a-ac07-d17f6e8a3b1b" testId="39dcb97e-c73f-c645-a77c-64d9eba0a3a3" testName="interrogative_sentences_aux" computerName="ARPAN-LAP" duration="00:00:00.0174629" startTime="2014-06-25T20:03:19.0027828+05:30" endTime="2014-06-25T20:03:19.0197837+05:30" testType="13cdc9d9-ddb5-4fa4-a97d-d965ccfc6d4b" outcome="Passed" testListId="8c84fa94-04c1-424b-9868-57a2d4851a1d" relativeResultsDirectory="d45944fd-0fe1-474a-ac07-d17f6e8a3b1b" dataRowInfo="12" resultType="DataDrivenDataRow" />
        <UnitTestResult executionId="d59d24a4-7587-49c0-8ba4-bd21ace4261e" parentExecutionId="d45944fd-0fe1-474a-ac07-d17f6e8a3b1b" testId="39dcb97e-c73f-c645-a77c-64d9eba0a3a3" testName="interrogative_sentences_aux" computerName="ARPAN-LAP" duration="00:00:00.0355022" startTime="2014-06-25T20:03:19.0197837+05:30" endTime="2014-06-25T20:03:19.0557858+05:30" testType="13cdc9d9-ddb5-4fa4-a97d-d965ccfc6d4b" outcome="Passed" testListId="8c84fa94-04c1-424b-9868-57a2d4851a1d" relativeResultsDirectory="d45944fd-0fe1-474a-ac07-d17f6e8a3b1b" dataRowInfo="13" resultType="DataDrivenDataRow" />
        <UnitTestResult executionId="e2beb71e-bc77-4647-a426-0fa7ecc6a40e" parentExecutionId="d45944fd-0fe1-474a-ac07-d17f6e8a3b1b" testId="39dcb97e-c73f-c645-a77c-64d9eba0a3a3" testName="interrogative_sentences_aux" computerName="ARPAN-LAP" duration="00:00:00.0169342" startTime="2014-06-25T20:03:19.0557858+05:30" endTime="2014-06-25T20:03:19.0727868+05:30" testType="13cdc9d9-ddb5-4fa4-a97d-d965ccfc6d4b" outcome="Passed" testListId="8c84fa94-04c1-424b-9868-57a2d4851a1d" relativeResultsDirectory="d45944fd-0fe1-474a-ac07-d17f6e8a3b1b" dataRowInfo="14" resultType="DataDrivenDataRow" />
        <UnitTestResult executionId="dd4eb616-ae31-41f8-be61-32d7db3a426f" parentExecutionId="d45944fd-0fe1-474a-ac07-d17f6e8a3b1b" testId="39dcb97e-c73f-c645-a77c-64d9eba0a3a3" testName="interrogative_sentences_aux" computerName="ARPAN-LAP" duration="00:00:00.0191859" startTime="2014-06-25T20:03:19.0727868+05:30" endTime="2014-06-25T20:03:19.0917879+05:30" testType="13cdc9d9-ddb5-4fa4-a97d-d965ccfc6d4b" outcome="Passed" testListId="8c84fa94-04c1-424b-9868-57a2d4851a1d" relativeResultsDirectory="d45944fd-0fe1-474a-ac07-d17f6e8a3b1b" dataRowInfo="15" resultType="DataDrivenDataRow" />
        <UnitTestResult executionId="bad8bb6d-6abe-476e-8149-93036f1d8ecb" parentExecutionId="d45944fd-0fe1-474a-ac07-d17f6e8a3b1b" testId="39dcb97e-c73f-c645-a77c-64d9eba0a3a3" testName="interrogative_sentences_aux" computerName="ARPAN-LAP" duration="00:00:00.0176487" startTime="2014-06-25T20:03:19.0917879+05:30" endTime="2014-06-25T20:03:19.1097889+05:30" testType="13cdc9d9-ddb5-4fa4-a97d-d965ccfc6d4b" outcome="Passed" testListId="8c84fa94-04c1-424b-9868-57a2d4851a1d" relativeResultsDirectory="d45944fd-0fe1-474a-ac07-d17f6e8a3b1b" dataRowInfo="16" resultType="DataDrivenDataRow" />
        <UnitTestResult executionId="2decf6fd-71b0-4fed-be3b-a24edfebeeb2" parentExecutionId="d45944fd-0fe1-474a-ac07-d17f6e8a3b1b" testId="39dcb97e-c73f-c645-a77c-64d9eba0a3a3" testName="interrogative_sentences_aux" computerName="ARPAN-LAP" duration="00:00:00.0249381" startTime="2014-06-25T20:03:19.1097889+05:30" endTime="2014-06-25T20:03:19.1347903+05:30" testType="13cdc9d9-ddb5-4fa4-a97d-d965ccfc6d4b" outcome="Passed" testListId="8c84fa94-04c1-424b-9868-57a2d4851a1d" relativeResultsDirectory="d45944fd-0fe1-474a-ac07-d17f6e8a3b1b" dataRowInfo="17" resultType="DataDrivenDataRow" />
        <UnitTestResult executionId="756aaee6-cbf3-4925-a6e5-4f25123f087b" parentExecutionId="d45944fd-0fe1-474a-ac07-d17f6e8a3b1b" testId="39dcb97e-c73f-c645-a77c-64d9eba0a3a3" testName="interrogative_sentences_aux" computerName="ARPAN-LAP" duration="00:00:00.0167037" startTime="2014-06-25T20:03:19.1347903+05:30" endTime="2014-06-25T20:03:19.1507912+05:30" testType="13cdc9d9-ddb5-4fa4-a97d-d965ccfc6d4b" outcome="Passed" testListId="8c84fa94-04c1-424b-9868-57a2d4851a1d" relativeResultsDirectory="d45944fd-0fe1-474a-ac07-d17f6e8a3b1b" dataRowInfo="18" resultType="DataDrivenDataRow" />
        <UnitTestResult executionId="a8a99ccf-73ad-4037-ad0a-cd487f411b8c" parentExecutionId="d45944fd-0fe1-474a-ac07-d17f6e8a3b1b" testId="39dcb97e-c73f-c645-a77c-64d9eba0a3a3" testName="interrogative_sentences_aux" computerName="ARPAN-LAP" duration="00:00:00.0237412" startTime="2014-06-25T20:03:19.1507912+05:30" endTime="2014-06-25T20:03:19.1747926+05:30" testType="13cdc9d9-ddb5-4fa4-a97d-d965ccfc6d4b" outcome="Passed" testListId="8c84fa94-04c1-424b-9868-57a2d4851a1d" relativeResultsDirectory="d45944fd-0fe1-474a-ac07-d17f6e8a3b1b" dataRowInfo="19" resultType="DataDrivenDataRow" />
      </InnerResults>
    </UnitTestResult>
    <UnitTestResult executionId="7c584d9d-34f1-4f62-9b4a-a270850b8dfe" testId="4e91a3b9-9eae-ebff-0b97-303f00578a78" testName="interrogative_sentences_whom" computerName="ARPAN-LAP" duration="00:00:00.0560226" startTime="2014-06-25T20:03:19.2407964+05:30" endTime="2014-06-25T20:03:19.3128005+05:30" testType="13cdc9d9-ddb5-4fa4-a97d-d965ccfc6d4b" outcome="Passed" testListId="8c84fa94-04c1-424b-9868-57a2d4851a1d" relativeResultsDirectory="7c584d9d-34f1-4f62-9b4a-a270850b8dfe" resultType="DataDrivenTest">
      <Counters error="0" failed="0" timeout="0" aborted="0" inconclusive="0" passedButRunAborted="0" notRunnable="0" notExecuted="0" disconnected="0" warning="0" passed="2" completed="0" inProgress="0" pending="0" />
      <InnerResults>
        <UnitTestResult executionId="780de51e-36a0-4857-a642-cd6ae2dd1964" parentExecutionId="7c584d9d-34f1-4f62-9b4a-a270850b8dfe" testId="4e91a3b9-9eae-ebff-0b97-303f00578a78" testName="interrogative_sentences_whom" computerName="ARPAN-LAP" duration="00:00:00.0281465" startTime="2014-06-25T20:03:19.2477968+05:30" endTime="2014-06-25T20:03:19.2757984+05:30" testType="13cdc9d9-ddb5-4fa4-a97d-d965ccfc6d4b" outcome="Passed" testListId="8c84fa94-04c1-424b-9868-57a2d4851a1d" relativeResultsDirectory="7c584d9d-34f1-4f62-9b4a-a270850b8dfe" dataRowInfo="0" resultType="DataDrivenDataRow" />
        <UnitTestResult executionId="5a9b10b1-7a34-4d0c-a5a4-941088080ff0" parentExecutionId="7c584d9d-34f1-4f62-9b4a-a270850b8dfe" testId="4e91a3b9-9eae-ebff-0b97-303f00578a78" testName="interrogative_sentences_whom" computerName="ARPAN-LAP" duration="00:00:00.0260781" startTime="2014-06-25T20:03:19.2757984+05:30" endTime="2014-06-25T20:03:19.3017999+05:30" testType="13cdc9d9-ddb5-4fa4-a97d-d965ccfc6d4b" outcome="Passed" testListId="8c84fa94-04c1-424b-9868-57a2d4851a1d" relativeResultsDirectory="7c584d9d-34f1-4f62-9b4a-a270850b8dfe" dataRowInfo="1" resultType="DataDrivenDataRow" />
      </InnerResults>
    </UnitTestResult>
    <UnitTestResult executionId="a178d00d-b129-4a80-842f-d62e32e47c92" testId="533e7939-123c-ce84-5c5c-d5a21d1d95b9" testName="special_handling_do_verb" computerName="ARPAN-LAP" duration="00:00:00.4268911" startTime="2014-06-25T20:03:19.3248012+05:30" endTime="2014-06-25T20:03:19.7918279+05:30" testType="13cdc9d9-ddb5-4fa4-a97d-d965ccfc6d4b" outcome="Passed" testListId="8c84fa94-04c1-424b-9868-57a2d4851a1d" relativeResultsDirectory="a178d00d-b129-4a80-842f-d62e32e47c92" resultType="DataDrivenTest">
      <Counters error="0" failed="0" timeout="0" aborted="0" inconclusive="0" passedButRunAborted="0" notRunnable="0" notExecuted="0" disconnected="0" warning="0" passed="13" completed="0" inProgress="0" pending="0" />
      <InnerResults>
        <UnitTestResult executionId="1b6c66ff-74cf-438a-9f58-72471979039d" parentExecutionId="a178d00d-b129-4a80-842f-d62e32e47c92" testId="533e7939-123c-ce84-5c5c-d5a21d1d95b9" testName="special_handling_do_verb" computerName="ARPAN-LAP" duration="00:00:00.0204927" startTime="2014-06-25T20:03:19.3438023+05:30" endTime="2014-06-25T20:03:19.3648035+05:30" testType="13cdc9d9-ddb5-4fa4-a97d-d965ccfc6d4b" outcome="Passed" testListId="8c84fa94-04c1-424b-9868-57a2d4851a1d" relativeResultsDirectory="a178d00d-b129-4a80-842f-d62e32e47c92" dataRowInfo="0" resultType="DataDrivenDataRow" />
        <UnitTestResult executionId="b5fe7c15-379c-4c2a-9611-c0ba6c75e4d4" parentExecutionId="a178d00d-b129-4a80-842f-d62e32e47c92" testId="533e7939-123c-ce84-5c5c-d5a21d1d95b9" testName="special_handling_do_verb" computerName="ARPAN-LAP" duration="00:00:00.0231160" startTime="2014-06-25T20:03:19.3648035+05:30" endTime="2014-06-25T20:03:19.3878048+05:30" testType="13cdc9d9-ddb5-4fa4-a97d-d965ccfc6d4b" outcome="Passed" testListId="8c84fa94-04c1-424b-9868-57a2d4851a1d" relativeResultsDirectory="a178d00d-b129-4a80-842f-d62e32e47c92" dataRowInfo="1" resultType="DataDrivenDataRow" />
        <UnitTestResult executionId="d37b437f-99bb-40a4-b8f4-7acd22d7f10c" parentExecutionId="a178d00d-b129-4a80-842f-d62e32e47c92" testId="533e7939-123c-ce84-5c5c-d5a21d1d95b9" testName="special_handling_do_verb" computerName="ARPAN-LAP" duration="00:00:00.0501180" startTime="2014-06-25T20:03:19.3878048+05:30" endTime="2014-06-25T20:03:19.4378077+05:30" testType="13cdc9d9-ddb5-4fa4-a97d-d965ccfc6d4b" outcome="Passed" testListId="8c84fa94-04c1-424b-9868-57a2d4851a1d" relativeResultsDirectory="a178d00d-b129-4a80-842f-d62e32e47c92" dataRowInfo="2" resultType="DataDrivenDataRow" />
        <UnitTestResult executionId="50be920e-5f3e-488d-8b2d-0e91f6361377" parentExecutionId="a178d00d-b129-4a80-842f-d62e32e47c92" testId="533e7939-123c-ce84-5c5c-d5a21d1d95b9" testName="special_handling_do_verb" computerName="ARPAN-LAP" duration="00:00:00.0338967" startTime="2014-06-25T20:03:19.4378077+05:30" endTime="2014-06-25T20:03:19.4718096+05:30" testType="13cdc9d9-ddb5-4fa4-a97d-d965ccfc6d4b" outcome="Passed" testListId="8c84fa94-04c1-424b-9868-57a2d4851a1d" relativeResultsDirectory="a178d00d-b129-4a80-842f-d62e32e47c92" dataRowInfo="3" resultType="DataDrivenDataRow" />
        <UnitTestResult executionId="956a96bb-fae2-4894-b86b-36211339e6ad" parentExecutionId="a178d00d-b129-4a80-842f-d62e32e47c92" testId="533e7939-123c-ce84-5c5c-d5a21d1d95b9" testName="special_handling_do_verb" computerName="ARPAN-LAP" duration="00:00:00.0250664" startTime="2014-06-25T20:03:19.4718096+05:30" endTime="2014-06-25T20:03:19.4968110+05:30" testType="13cdc9d9-ddb5-4fa4-a97d-d965ccfc6d4b" outcome="Passed" testListId="8c84fa94-04c1-424b-9868-57a2d4851a1d" relativeResultsDirectory="a178d00d-b129-4a80-842f-d62e32e47c92" dataRowInfo="4" resultType="DataDrivenDataRow" />
        <UnitTestResult executionId="64ad7889-587f-48e4-9b21-8f538f6ec575" parentExecutionId="a178d00d-b129-4a80-842f-d62e32e47c92" testId="533e7939-123c-ce84-5c5c-d5a21d1d95b9" testName="special_handling_do_verb" computerName="ARPAN-LAP" duration="00:00:00.0609567" startTime="2014-06-25T20:03:19.4968110+05:30" endTime="2014-06-25T20:03:19.5578145+05:30" testType="13cdc9d9-ddb5-4fa4-a97d-d965ccfc6d4b" outcome="Passed" testListId="8c84fa94-04c1-424b-9868-57a2d4851a1d" relativeResultsDirectory="a178d00d-b129-4a80-842f-d62e32e47c92" dataRowInfo="5" resultType="DataDrivenDataRow" />
        <UnitTestResult executionId="a474421a-68b6-4ca9-b13b-fc3c98e796e0" parentExecutionId="a178d00d-b129-4a80-842f-d62e32e47c92" testId="533e7939-123c-ce84-5c5c-d5a21d1d95b9" testName="special_handling_do_verb" computerName="ARPAN-LAP" duration="00:00:00.0317102" startTime="2014-06-25T20:03:19.5578145+05:30" endTime="2014-06-25T20:03:19.5898163+05:30" testType="13cdc9d9-ddb5-4fa4-a97d-d965ccfc6d4b" outcome="Passed" testListId="8c84fa94-04c1-424b-9868-57a2d4851a1d" relativeResultsDirectory="a178d00d-b129-4a80-842f-d62e32e47c92" dataRowInfo="6" resultType="DataDrivenDataRow" />
        <UnitTestResult executionId="8fef9c09-3cd3-4586-9ea4-9f0f3e58da60" parentExecutionId="a178d00d-b129-4a80-842f-d62e32e47c92" testId="533e7939-123c-ce84-5c5c-d5a21d1d95b9" testName="special_handling_do_verb" computerName="ARPAN-LAP" duration="00:00:00.0318580" startTime="2014-06-25T20:03:19.5898163+05:30" endTime="2014-06-25T20:03:19.6218182+05:30" testType="13cdc9d9-ddb5-4fa4-a97d-d965ccfc6d4b" outcome="Passed" testListId="8c84fa94-04c1-424b-9868-57a2d4851a1d" relativeResultsDirectory="a178d00d-b129-4a80-842f-d62e32e47c92" dataRowInfo="7" resultType="DataDrivenDataRow" />
        <UnitTestResult executionId="f5a49b58-bb32-4e1b-9c9c-b936b74cd593" parentExecutionId="a178d00d-b129-4a80-842f-d62e32e47c92" testId="533e7939-123c-ce84-5c5c-d5a21d1d95b9" testName="special_handling_do_verb" computerName="ARPAN-LAP" duration="00:00:00.0210829" startTime="2014-06-25T20:03:19.6218182+05:30" endTime="2014-06-25T20:03:19.6428194+05:30" testType="13cdc9d9-ddb5-4fa4-a97d-d965ccfc6d4b" outcome="Passed" testListId="8c84fa94-04c1-424b-9868-57a2d4851a1d" relativeResultsDirectory="a178d00d-b129-4a80-842f-d62e32e47c92" dataRowInfo="8" resultType="DataDrivenDataRow" />
        <UnitTestResult executionId="70e64def-425b-4811-b0a3-107af487420c" parentExecutionId="a178d00d-b129-4a80-842f-d62e32e47c92" testId="533e7939-123c-ce84-5c5c-d5a21d1d95b9" testName="special_handling_do_verb" computerName="ARPAN-LAP" duration="00:00:00.0336960" startTime="2014-06-25T20:03:19.6428194+05:30" endTime="2014-06-25T20:03:19.6768213+05:30" testType="13cdc9d9-ddb5-4fa4-a97d-d965ccfc6d4b" outcome="Passed" testListId="8c84fa94-04c1-424b-9868-57a2d4851a1d" relativeResultsDirectory="a178d00d-b129-4a80-842f-d62e32e47c92" dataRowInfo="9" resultType="DataDrivenDataRow" />
        <UnitTestResult executionId="64a76621-2a54-400b-a476-159ebedeb1f2" parentExecutionId="a178d00d-b129-4a80-842f-d62e32e47c92" testId="533e7939-123c-ce84-5c5c-d5a21d1d95b9" testName="special_handling_do_verb" computerName="ARPAN-LAP" duration="00:00:00.0206349" startTime="2014-06-25T20:03:19.6768213+05:30" endTime="2014-06-25T20:03:19.6978225+05:30" testType="13cdc9d9-ddb5-4fa4-a97d-d965ccfc6d4b" outcome="Passed" testListId="8c84fa94-04c1-424b-9868-57a2d4851a1d" relativeResultsDirectory="a178d00d-b129-4a80-842f-d62e32e47c92" dataRowInfo="10" resultType="DataDrivenDataRow" />
        <UnitTestResult executionId="b3afa8f9-0ba5-421d-afe4-e953c3193433" parentExecutionId="a178d00d-b129-4a80-842f-d62e32e47c92" testId="533e7939-123c-ce84-5c5c-d5a21d1d95b9" testName="special_handling_do_verb" computerName="ARPAN-LAP" duration="00:00:00.0287712" startTime="2014-06-25T20:03:19.6978225+05:30" endTime="2014-06-25T20:03:19.7258241+05:30" testType="13cdc9d9-ddb5-4fa4-a97d-d965ccfc6d4b" outcome="Passed" testListId="8c84fa94-04c1-424b-9868-57a2d4851a1d" relativeResultsDirectory="a178d00d-b129-4a80-842f-d62e32e47c92" dataRowInfo="11" resultType="DataDrivenDataRow" />
        <UnitTestResult executionId="e8957526-5f23-4cda-81de-e4fc60d9ab2c" parentExecutionId="a178d00d-b129-4a80-842f-d62e32e47c92" testId="533e7939-123c-ce84-5c5c-d5a21d1d95b9" testName="special_handling_do_verb" computerName="ARPAN-LAP" duration="00:00:00.0281568" startTime="2014-06-25T20:03:19.7258241+05:30" endTime="2014-06-25T20:03:19.7548258+05:30" testType="13cdc9d9-ddb5-4fa4-a97d-d965ccfc6d4b" outcome="Passed" testListId="8c84fa94-04c1-424b-9868-57a2d4851a1d" relativeResultsDirectory="a178d00d-b129-4a80-842f-d62e32e47c92" dataRowInfo="12" resultType="DataDrivenDataRow" />
      </InnerResults>
    </UnitTestResult>
    <UnitTestResult executionId="7afc0ec5-77cd-41d0-9dd3-235607457929" testId="642ce34f-0ed4-f995-637b-09297c832f2a" testName="RandomWord" computerName="ARPAN-LAP" duration="00:00:00.1480234" startTime="2014-06-25T20:03:19.8038286+05:30" endTime="2014-06-25T20:03:19.9628377+05:30" testType="13cdc9d9-ddb5-4fa4-a97d-d965ccfc6d4b" outcome="Failed" testListId="8c84fa94-04c1-424b-9868-57a2d4851a1d" relativeResultsDirectory="7afc0ec5-77cd-41d0-9dd3-235607457929" resultType="DataDrivenTest">
      <Counters error="0" failed="1" timeout="0" aborted="0" inconclusive="0" passedButRunAborted="0" notRunnable="0" notExecuted="0" disconnected="0" warning="0" passed="0" completed="0" inProgress="0" pending="0" />
      <InnerResults>
        <UnitTestResult executionId="6115c22f-0e59-4489-a0c7-3cd974f5a77d" parentExecutionId="7afc0ec5-77cd-41d0-9dd3-235607457929" testId="642ce34f-0ed4-f995-637b-09297c832f2a" testName="RandomWord" computerName="ARPAN-LAP" duration="00:00:00.1300836" startTime="2014-06-25T20:03:19.8258298+05:30" endTime="2014-06-25T20:03:19.9558373+05:30" testType="13cdc9d9-ddb5-4fa4-a97d-d965ccfc6d4b" outcome="Failed" testListId="8c84fa94-04c1-424b-9868-57a2d4851a1d" relativeResultsDirectory="7afc0ec5-77cd-41d0-9dd3-235607457929" dataRowInfo="0" resultType="DataDrivenDataRow">
          <Output>
            <ErrorInfo>
              <Message>Assert.AreEqual failed. Expected:&lt;পূর্ব সলোমন এর নৌ যুদ্ধ ২৪–২৫ অগষ্ট ১৯৪২ য়ে স্থান গ্রহণ করেছিল , এবং দ্বিতীয় বিশ্ব যুদ্ধ এর প্রশান্ত মহাসাগর সংগঠিত প্রচারকার্য এর তৃতীয় যুদ্ধ বাহক ।&gt;. Actual:&lt;পূর্ব সলোমন এর নৌ যুদ্ধ ২৪–২৫ অগষ্ট ১৯৪২ য়ে স্থান গ্রহণ করেছিল , এবং দ্বিতীয় বিশ্ব যুদ্ধ এর pacific:NP সংগঠিত প্রচারকার্য এর তৃতীয় যুদ্ধ বাহক ।&gt;. The naval Battle of the Eastern Solomons took place on 24–25 August 1942, and was the third carrier battle of the Pacific campaign of second World War.</Message>
              <StackTrace>   at UnitTest.BnlpTest.RandomWord() in D:\software\Project\BNLP\UnitTest\BnlpTest.cs:line 526
</StackTrace>
            </ErrorInfo>
          </Output>
        </UnitTestResult>
      </InnerResults>
    </UnitTestResult>
    <UnitTestResult executionId="a60bce6d-808c-4052-a67b-bdfd77945f49" testId="783915fe-114a-e353-78dd-56e92a60f942" testName="all_persons_modal_should" computerName="ARPAN-LAP" duration="00:00:00.5420694" startTime="2014-06-25T20:03:19.9738383+05:30" endTime="2014-06-25T20:03:20.5798730+05:30" testType="13cdc9d9-ddb5-4fa4-a97d-d965ccfc6d4b" outcome="Passed" testListId="8c84fa94-04c1-424b-9868-57a2d4851a1d" relativeResultsDirectory="a60bce6d-808c-4052-a67b-bdfd77945f49" resultType="DataDrivenTest">
      <Counters error="0" failed="0" timeout="0" aborted="0" inconclusive="0" passedButRunAborted="0" notRunnable="0" notExecuted="0" disconnected="0" warning="0" passed="17" completed="0" inProgress="0" pending="0" />
      <InnerResults>
        <UnitTestResult executionId="94ffebcf-b917-4adf-a136-97bcd45881d2" parentExecutionId="a60bce6d-808c-4052-a67b-bdfd77945f49" testId="783915fe-114a-e353-78dd-56e92a60f942" testName="all_persons_modal_should" computerName="ARPAN-LAP" duration="00:00:00.0265893" startTime="2014-06-25T20:03:20.0018399+05:30" endTime="2014-06-25T20:03:20.0288415+05:30" testType="13cdc9d9-ddb5-4fa4-a97d-d965ccfc6d4b" outcome="Passed" testListId="8c84fa94-04c1-424b-9868-57a2d4851a1d" relativeResultsDirectory="a60bce6d-808c-4052-a67b-bdfd77945f49" dataRowInfo="0" resultType="DataDrivenDataRow" />
        <UnitTestResult executionId="1363fa0f-8295-425e-863c-4fd0b830c5b6" parentExecutionId="a60bce6d-808c-4052-a67b-bdfd77945f49" testId="783915fe-114a-e353-78dd-56e92a60f942" testName="all_persons_modal_should" computerName="ARPAN-LAP" duration="00:00:00.0277375" startTime="2014-06-25T20:03:20.0288415+05:30" endTime="2014-06-25T20:03:20.0568431+05:30" testType="13cdc9d9-ddb5-4fa4-a97d-d965ccfc6d4b" outcome="Passed" testListId="8c84fa94-04c1-424b-9868-57a2d4851a1d" relativeResultsDirectory="a60bce6d-808c-4052-a67b-bdfd77945f49" dataRowInfo="1" resultType="DataDrivenDataRow" />
        <UnitTestResult executionId="7441769d-ea26-4f59-9787-0330bb71b90d" parentExecutionId="a60bce6d-808c-4052-a67b-bdfd77945f49" testId="783915fe-114a-e353-78dd-56e92a60f942" testName="all_persons_modal_should" computerName="ARPAN-LAP" duration="00:00:00.0355515" startTime="2014-06-25T20:03:20.0568431+05:30" endTime="2014-06-25T20:03:20.0918451+05:30" testType="13cdc9d9-ddb5-4fa4-a97d-d965ccfc6d4b" outcome="Passed" testListId="8c84fa94-04c1-424b-9868-57a2d4851a1d" relativeResultsDirectory="a60bce6d-808c-4052-a67b-bdfd77945f49" dataRowInfo="2" resultType="DataDrivenDataRow" />
        <UnitTestResult executionId="ef7df4d3-b08e-4362-a52c-799a78e87792" parentExecutionId="a60bce6d-808c-4052-a67b-bdfd77945f49" testId="783915fe-114a-e353-78dd-56e92a60f942" testName="all_persons_modal_should" computerName="ARPAN-LAP" duration="00:00:00.0643371" startTime="2014-06-25T20:03:20.0928451+05:30" endTime="2014-06-25T20:03:20.1568488+05:30" testType="13cdc9d9-ddb5-4fa4-a97d-d965ccfc6d4b" outcome="Passed" testListId="8c84fa94-04c1-424b-9868-57a2d4851a1d" relativeResultsDirectory="a60bce6d-808c-4052-a67b-bdfd77945f49" dataRowInfo="3" resultType="DataDrivenDataRow" />
        <UnitTestResult executionId="bdd64d8f-6405-4e88-a11f-1d23a387e97f" parentExecutionId="a60bce6d-808c-4052-a67b-bdfd77945f49" testId="783915fe-114a-e353-78dd-56e92a60f942" testName="all_persons_modal_should" computerName="ARPAN-LAP" duration="00:00:00.0487999" startTime="2014-06-25T20:03:20.1568488+05:30" endTime="2014-06-25T20:03:20.2058516+05:30" testType="13cdc9d9-ddb5-4fa4-a97d-d965ccfc6d4b" outcome="Passed" testListId="8c84fa94-04c1-424b-9868-57a2d4851a1d" relativeResultsDirectory="a60bce6d-808c-4052-a67b-bdfd77945f49" dataRowInfo="4" resultType="DataDrivenDataRow" />
        <UnitTestResult executionId="35730dea-cf05-485f-a08f-17464c7514d9" parentExecutionId="a60bce6d-808c-4052-a67b-bdfd77945f49" testId="783915fe-114a-e353-78dd-56e92a60f942" testName="all_persons_modal_should" computerName="ARPAN-LAP" duration="00:00:00.0249448" startTime="2014-06-25T20:03:20.2058516+05:30" endTime="2014-06-25T20:03:20.2308530+05:30" testType="13cdc9d9-ddb5-4fa4-a97d-d965ccfc6d4b" outcome="Passed" testListId="8c84fa94-04c1-424b-9868-57a2d4851a1d" relativeResultsDirectory="a60bce6d-808c-4052-a67b-bdfd77945f49" dataRowInfo="5" resultType="DataDrivenDataRow" />
        <UnitTestResult executionId="ccdb35e5-8c0d-4044-99c7-58c391b8b68b" parentExecutionId="a60bce6d-808c-4052-a67b-bdfd77945f49" testId="783915fe-114a-e353-78dd-56e92a60f942" testName="all_persons_modal_should" computerName="ARPAN-LAP" duration="00:00:00.0239408" startTime="2014-06-25T20:03:20.2308530+05:30" endTime="2014-06-25T20:03:20.2548544+05:30" testType="13cdc9d9-ddb5-4fa4-a97d-d965ccfc6d4b" outcome="Passed" testListId="8c84fa94-04c1-424b-9868-57a2d4851a1d" relativeResultsDirectory="a60bce6d-808c-4052-a67b-bdfd77945f49" dataRowInfo="6" resultType="DataDrivenDataRow" />
        <UnitTestResult executionId="9fcb502a-115c-454a-b028-319b5a183952" parentExecutionId="a60bce6d-808c-4052-a67b-bdfd77945f49" testId="783915fe-114a-e353-78dd-56e92a60f942" testName="all_persons_modal_should" computerName="ARPAN-LAP" duration="00:00:00.0299543" startTime="2014-06-25T20:03:20.2548544+05:30" endTime="2014-06-25T20:03:20.2848561+05:30" testType="13cdc9d9-ddb5-4fa4-a97d-d965ccfc6d4b" outcome="Passed" testListId="8c84fa94-04c1-424b-9868-57a2d4851a1d" relativeResultsDirectory="a60bce6d-808c-4052-a67b-bdfd77945f49" dataRowInfo="7" resultType="DataDrivenDataRow" />
        <UnitTestResult executionId="3d9d6239-818d-40dd-b1dc-89c072a37731" parentExecutionId="a60bce6d-808c-4052-a67b-bdfd77945f49" testId="783915fe-114a-e353-78dd-56e92a60f942" testName="all_persons_modal_should" computerName="ARPAN-LAP" duration="00:00:00.0176959" startTime="2014-06-25T20:03:20.2848561+05:30" endTime="2014-06-25T20:03:20.3028571+05:30" testType="13cdc9d9-ddb5-4fa4-a97d-d965ccfc6d4b" outcome="Passed" testListId="8c84fa94-04c1-424b-9868-57a2d4851a1d" relativeResultsDirectory="a60bce6d-808c-4052-a67b-bdfd77945f49" dataRowInfo="8" resultType="DataDrivenDataRow" />
        <UnitTestResult executionId="e58aaac9-03d8-41bd-bf63-12feac7be2b3" parentExecutionId="a60bce6d-808c-4052-a67b-bdfd77945f49" testId="783915fe-114a-e353-78dd-56e92a60f942" testName="all_persons_modal_should" computerName="ARPAN-LAP" duration="00:00:00.0217528" startTime="2014-06-25T20:03:20.3028571+05:30" endTime="2014-06-25T20:03:20.3238583+05:30" testType="13cdc9d9-ddb5-4fa4-a97d-d965ccfc6d4b" outcome="Passed" testListId="8c84fa94-04c1-424b-9868-57a2d4851a1d" relativeResultsDirectory="a60bce6d-808c-4052-a67b-bdfd77945f49" dataRowInfo="9" resultType="DataDrivenDataRow" />
        <UnitTestResult executionId="8befc45c-3ca9-46c6-90d9-be7ac713d7c6" parentExecutionId="a60bce6d-808c-4052-a67b-bdfd77945f49" testId="783915fe-114a-e353-78dd-56e92a60f942" testName="all_persons_modal_should" computerName="ARPAN-LAP" duration="00:00:00.0244341" startTime="2014-06-25T20:03:20.3238583+05:30" endTime="2014-06-25T20:03:20.3488598+05:30" testType="13cdc9d9-ddb5-4fa4-a97d-d965ccfc6d4b" outcome="Passed" testListId="8c84fa94-04c1-424b-9868-57a2d4851a1d" relativeResultsDirectory="a60bce6d-808c-4052-a67b-bdfd77945f49" dataRowInfo="10" resultType="DataDrivenDataRow" />
        <UnitTestResult executionId="63b279d8-eb0d-4740-9b3b-68cd6d9c8217" parentExecutionId="a60bce6d-808c-4052-a67b-bdfd77945f49" testId="783915fe-114a-e353-78dd-56e92a60f942" testName="all_persons_modal_should" computerName="ARPAN-LAP" duration="00:00:00.0284873" startTime="2014-06-25T20:03:20.3488598+05:30" endTime="2014-06-25T20:03:20.3768614+05:30" testType="13cdc9d9-ddb5-4fa4-a97d-d965ccfc6d4b" outcome="Passed" testListId="8c84fa94-04c1-424b-9868-57a2d4851a1d" relativeResultsDirectory="a60bce6d-808c-4052-a67b-bdfd77945f49" dataRowInfo="11" resultType="DataDrivenDataRow" />
        <UnitTestResult executionId="8ea32e10-de16-4096-b4a5-8b6fd9f030f7" parentExecutionId="a60bce6d-808c-4052-a67b-bdfd77945f49" testId="783915fe-114a-e353-78dd-56e92a60f942" testName="all_persons_modal_should" computerName="ARPAN-LAP" duration="00:00:00.0259323" startTime="2014-06-25T20:03:20.3768614+05:30" endTime="2014-06-25T20:03:20.4028628+05:30" testType="13cdc9d9-ddb5-4fa4-a97d-d965ccfc6d4b" outcome="Passed" testListId="8c84fa94-04c1-424b-9868-57a2d4851a1d" relativeResultsDirectory="a60bce6d-808c-4052-a67b-bdfd77945f49" dataRowInfo="12" resultType="DataDrivenDataRow" />
        <UnitTestResult executionId="0f9e6afe-ee1e-4944-bcd7-99b3e783c13e" parentExecutionId="a60bce6d-808c-4052-a67b-bdfd77945f49" testId="783915fe-114a-e353-78dd-56e92a60f942" testName="all_persons_modal_should" computerName="ARPAN-LAP" duration="00:00:00.0257388" startTime="2014-06-25T20:03:20.4028628+05:30" endTime="2014-06-25T20:03:20.4288643+05:30" testType="13cdc9d9-ddb5-4fa4-a97d-d965ccfc6d4b" outcome="Passed" testListId="8c84fa94-04c1-424b-9868-57a2d4851a1d" relativeResultsDirectory="a60bce6d-808c-4052-a67b-bdfd77945f49" dataRowInfo="13" resultType="DataDrivenDataRow" />
        <UnitTestResult executionId="8b01bbcc-12ca-44fe-a143-77f11d6f847b" parentExecutionId="a60bce6d-808c-4052-a67b-bdfd77945f49" testId="783915fe-114a-e353-78dd-56e92a60f942" testName="all_persons_modal_should" computerName="ARPAN-LAP" duration="00:00:00.0485797" startTime="2014-06-25T20:03:20.4288643+05:30" endTime="2014-06-25T20:03:20.4778671+05:30" testType="13cdc9d9-ddb5-4fa4-a97d-d965ccfc6d4b" outcome="Passed" testListId="8c84fa94-04c1-424b-9868-57a2d4851a1d" relativeResultsDirectory="a60bce6d-808c-4052-a67b-bdfd77945f49" dataRowInfo="14" resultType="DataDrivenDataRow" />
        <UnitTestResult executionId="42121162-1e82-4235-a32c-34659756a5b8" parentExecutionId="a60bce6d-808c-4052-a67b-bdfd77945f49" testId="783915fe-114a-e353-78dd-56e92a60f942" testName="all_persons_modal_should" computerName="ARPAN-LAP" duration="00:00:00.0229990" startTime="2014-06-25T20:03:20.4778671+05:30" endTime="2014-06-25T20:03:20.5008685+05:30" testType="13cdc9d9-ddb5-4fa4-a97d-d965ccfc6d4b" outcome="Passed" testListId="8c84fa94-04c1-424b-9868-57a2d4851a1d" relativeResultsDirectory="a60bce6d-808c-4052-a67b-bdfd77945f49" dataRowInfo="15" resultType="DataDrivenDataRow" />
        <UnitTestResult executionId="0ebcac4b-5513-4717-87a9-a2a196cb7a03" parentExecutionId="a60bce6d-808c-4052-a67b-bdfd77945f49" testId="783915fe-114a-e353-78dd-56e92a60f942" testName="all_persons_modal_should" computerName="ARPAN-LAP" duration="00:00:00.0287568" startTime="2014-06-25T20:03:20.5008685+05:30" endTime="2014-06-25T20:03:20.5298701+05:30" testType="13cdc9d9-ddb5-4fa4-a97d-d965ccfc6d4b" outcome="Passed" testListId="8c84fa94-04c1-424b-9868-57a2d4851a1d" relativeResultsDirectory="a60bce6d-808c-4052-a67b-bdfd77945f49" dataRowInfo="16" resultType="DataDrivenDataRow" />
      </InnerResults>
    </UnitTestResult>
    <UnitTestResult executionId="4bec3cdf-eae0-417d-acf5-ef431a4527ba" testId="7f7910d1-dc89-39b4-b4cf-d9e6d7af9420" testName="interrogative_sentences_what" computerName="ARPAN-LAP" duration="00:00:00.3495236" startTime="2014-06-25T20:03:20.5968739+05:30" endTime="2014-06-25T20:03:20.9878963+05:30" testType="13cdc9d9-ddb5-4fa4-a97d-d965ccfc6d4b" outcome="Passed" testListId="8c84fa94-04c1-424b-9868-57a2d4851a1d" relativeResultsDirectory="4bec3cdf-eae0-417d-acf5-ef431a4527ba" resultType="DataDrivenTest">
      <Counters error="0" failed="0" timeout="0" aborted="0" inconclusive="0" passedButRunAborted="0" notRunnable="0" notExecuted="0" disconnected="0" warning="0" passed="9" completed="0" inProgress="0" pending="0" />
      <InnerResults>
        <UnitTestResult executionId="7f404408-5481-40c5-9f32-8116b95c2ed4" parentExecutionId="4bec3cdf-eae0-417d-acf5-ef431a4527ba" testId="7f7910d1-dc89-39b4-b4cf-d9e6d7af9420" testName="interrogative_sentences_what" computerName="ARPAN-LAP" duration="00:00:00.0232484" startTime="2014-06-25T20:03:20.6328760+05:30" endTime="2014-06-25T20:03:20.6558773+05:30" testType="13cdc9d9-ddb5-4fa4-a97d-d965ccfc6d4b" outcome="Passed" testListId="8c84fa94-04c1-424b-9868-57a2d4851a1d" relativeResultsDirectory="4bec3cdf-eae0-417d-acf5-ef431a4527ba" dataRowInfo="0" resultType="DataDrivenDataRow" />
        <UnitTestResult executionId="968a6b7b-bc25-4b68-bb7c-dd028220b92d" parentExecutionId="4bec3cdf-eae0-417d-acf5-ef431a4527ba" testId="7f7910d1-dc89-39b4-b4cf-d9e6d7af9420" testName="interrogative_sentences_what" computerName="ARPAN-LAP" duration="00:00:00.0211928" startTime="2014-06-25T20:03:20.6558773+05:30" endTime="2014-06-25T20:03:20.6768785+05:30" testType="13cdc9d9-ddb5-4fa4-a97d-d965ccfc6d4b" outcome="Passed" testListId="8c84fa94-04c1-424b-9868-57a2d4851a1d" relativeResultsDirectory="4bec3cdf-eae0-417d-acf5-ef431a4527ba" dataRowInfo="1" resultType="DataDrivenDataRow" />
        <UnitTestResult executionId="6e0664a4-6ae4-4b9c-a86b-c0cf23b1e73f" parentExecutionId="4bec3cdf-eae0-417d-acf5-ef431a4527ba" testId="7f7910d1-dc89-39b4-b4cf-d9e6d7af9420" testName="interrogative_sentences_what" computerName="ARPAN-LAP" duration="00:00:00.0265539" startTime="2014-06-25T20:03:20.6768785+05:30" endTime="2014-06-25T20:03:20.7038801+05:30" testType="13cdc9d9-ddb5-4fa4-a97d-d965ccfc6d4b" outcome="Passed" testListId="8c84fa94-04c1-424b-9868-57a2d4851a1d" relativeResultsDirectory="4bec3cdf-eae0-417d-acf5-ef431a4527ba" dataRowInfo="2" resultType="DataDrivenDataRow" />
        <UnitTestResult executionId="8da245c9-e157-4db8-89e1-7060e1aa91c4" parentExecutionId="4bec3cdf-eae0-417d-acf5-ef431a4527ba" testId="7f7910d1-dc89-39b4-b4cf-d9e6d7af9420" testName="interrogative_sentences_what" computerName="ARPAN-LAP" duration="00:00:00.0219611" startTime="2014-06-25T20:03:20.7038801+05:30" endTime="2014-06-25T20:03:20.7258813+05:30" testType="13cdc9d9-ddb5-4fa4-a97d-d965ccfc6d4b" outcome="Passed" testListId="8c84fa94-04c1-424b-9868-57a2d4851a1d" relativeResultsDirectory="4bec3cdf-eae0-417d-acf5-ef431a4527ba" dataRowInfo="3" resultType="DataDrivenDataRow" />
        <UnitTestResult executionId="643f3ecc-f419-4602-b440-c5f36e50de53" parentExecutionId="4bec3cdf-eae0-417d-acf5-ef431a4527ba" testId="7f7910d1-dc89-39b4-b4cf-d9e6d7af9420" testName="interrogative_sentences_what" computerName="ARPAN-LAP" duration="00:00:00.0218662" startTime="2014-06-25T20:03:20.7258813+05:30" endTime="2014-06-25T20:03:20.7478826+05:30" testType="13cdc9d9-ddb5-4fa4-a97d-d965ccfc6d4b" outcome="Passed" testListId="8c84fa94-04c1-424b-9868-57a2d4851a1d" relativeResultsDirectory="4bec3cdf-eae0-417d-acf5-ef431a4527ba" dataRowInfo="4" resultType="DataDrivenDataRow" />
        <UnitTestResult executionId="1dbf66f5-2b26-449a-b417-002d1d9204ef" parentExecutionId="4bec3cdf-eae0-417d-acf5-ef431a4527ba" testId="7f7910d1-dc89-39b4-b4cf-d9e6d7af9420" testName="interrogative_sentences_what" computerName="ARPAN-LAP" duration="00:00:00.0300035" startTime="2014-06-25T20:03:20.7478826+05:30" endTime="2014-06-25T20:03:20.7778843+05:30" testType="13cdc9d9-ddb5-4fa4-a97d-d965ccfc6d4b" outcome="Passed" testListId="8c84fa94-04c1-424b-9868-57a2d4851a1d" relativeResultsDirectory="4bec3cdf-eae0-417d-acf5-ef431a4527ba" dataRowInfo="5" resultType="DataDrivenDataRow" />
        <UnitTestResult executionId="fb5b17e6-4dee-4fde-841d-e26ed93899f8" parentExecutionId="4bec3cdf-eae0-417d-acf5-ef431a4527ba" testId="7f7910d1-dc89-39b4-b4cf-d9e6d7af9420" testName="interrogative_sentences_what" computerName="ARPAN-LAP" duration="00:00:00.0241174" startTime="2014-06-25T20:03:20.7778843+05:30" endTime="2014-06-25T20:03:20.8028857+05:30" testType="13cdc9d9-ddb5-4fa4-a97d-d965ccfc6d4b" outcome="Passed" testListId="8c84fa94-04c1-424b-9868-57a2d4851a1d" relativeResultsDirectory="4bec3cdf-eae0-417d-acf5-ef431a4527ba" dataRowInfo="6" resultType="DataDrivenDataRow" />
        <UnitTestResult executionId="f70a5fba-9b42-4ae1-bab1-c56e73afb545" parentExecutionId="4bec3cdf-eae0-417d-acf5-ef431a4527ba" testId="7f7910d1-dc89-39b4-b4cf-d9e6d7af9420" testName="interrogative_sentences_what" computerName="ARPAN-LAP" duration="00:00:00.0393799" startTime="2014-06-25T20:03:20.8028857+05:30" endTime="2014-06-25T20:03:20.8418880+05:30" testType="13cdc9d9-ddb5-4fa4-a97d-d965ccfc6d4b" outcome="Passed" testListId="8c84fa94-04c1-424b-9868-57a2d4851a1d" relativeResultsDirectory="4bec3cdf-eae0-417d-acf5-ef431a4527ba" dataRowInfo="7" resultType="DataDrivenDataRow" />
        <UnitTestResult executionId="04d8a9f7-a035-460f-bf17-1345b2f4b29f" parentExecutionId="4bec3cdf-eae0-417d-acf5-ef431a4527ba" testId="7f7910d1-dc89-39b4-b4cf-d9e6d7af9420" testName="interrogative_sentences_what" computerName="ARPAN-LAP" duration="00:00:00.1189293" startTime="2014-06-25T20:03:20.8418880+05:30" endTime="2014-06-25T20:03:20.9608948+05:30" testType="13cdc9d9-ddb5-4fa4-a97d-d965ccfc6d4b" outcome="Passed" testListId="8c84fa94-04c1-424b-9868-57a2d4851a1d" relativeResultsDirectory="4bec3cdf-eae0-417d-acf5-ef431a4527ba" dataRowInfo="8" resultType="DataDrivenDataRow" />
      </InnerResults>
    </UnitTestResult>
    <UnitTestResult executionId="1c1d45dc-744d-443b-a1a7-6b40f5a53029" testId="83c68223-dcaa-51dd-423f-434210a59f77" testName="second_person_tenses_active_negation" computerName="ARPAN-LAP" duration="00:00:00.2382133" startTime="2014-06-25T20:03:20.9978969+05:30" endTime="2014-06-25T20:03:21.3109148+05:30" testType="13cdc9d9-ddb5-4fa4-a97d-d965ccfc6d4b" outcome="Passed" testListId="8c84fa94-04c1-424b-9868-57a2d4851a1d" relativeResultsDirectory="1c1d45dc-744d-443b-a1a7-6b40f5a53029" resultType="DataDrivenTest">
      <Counters error="0" failed="0" timeout="0" aborted="0" inconclusive="0" passedButRunAborted="0" notRunnable="0" notExecuted="0" disconnected="0" warning="0" passed="10" completed="0" inProgress="0" pending="0" />
      <InnerResults>
        <UnitTestResult executionId="37856e72-23bf-4aa9-8965-e843c681aaef" parentExecutionId="1c1d45dc-744d-443b-a1a7-6b40f5a53029" testId="83c68223-dcaa-51dd-423f-434210a59f77" testName="second_person_tenses_active_negation" computerName="ARPAN-LAP" duration="00:00:00.0219673" startTime="2014-06-25T20:03:21.0108976+05:30" endTime="2014-06-25T20:03:21.0328989+05:30" testType="13cdc9d9-ddb5-4fa4-a97d-d965ccfc6d4b" outcome="Passed" testListId="8c84fa94-04c1-424b-9868-57a2d4851a1d" relativeResultsDirectory="1c1d45dc-744d-443b-a1a7-6b40f5a53029" dataRowInfo="0" resultType="DataDrivenDataRow" />
        <UnitTestResult executionId="888207ba-06e1-4b71-b36b-ed17d03cca9d" parentExecutionId="1c1d45dc-744d-443b-a1a7-6b40f5a53029" testId="83c68223-dcaa-51dd-423f-434210a59f77" testName="second_person_tenses_active_negation" computerName="ARPAN-LAP" duration="00:00:00.0213057" startTime="2014-06-25T20:03:21.0328989+05:30" endTime="2014-06-25T20:03:21.0539001+05:30" testType="13cdc9d9-ddb5-4fa4-a97d-d965ccfc6d4b" outcome="Passed" testListId="8c84fa94-04c1-424b-9868-57a2d4851a1d" relativeResultsDirectory="1c1d45dc-744d-443b-a1a7-6b40f5a53029" dataRowInfo="1" resultType="DataDrivenDataRow" />
        <UnitTestResult executionId="221c0794-9925-4182-9c43-2d5d75a86b91" parentExecutionId="1c1d45dc-744d-443b-a1a7-6b40f5a53029" testId="83c68223-dcaa-51dd-423f-434210a59f77" testName="second_person_tenses_active_negation" computerName="ARPAN-LAP" duration="00:00:00.0211733" startTime="2014-06-25T20:03:21.0539001+05:30" endTime="2014-06-25T20:03:21.0749013+05:30" testType="13cdc9d9-ddb5-4fa4-a97d-d965ccfc6d4b" outcome="Passed" testListId="8c84fa94-04c1-424b-9868-57a2d4851a1d" relativeResultsDirectory="1c1d45dc-744d-443b-a1a7-6b40f5a53029" dataRowInfo="2" resultType="DataDrivenDataRow" />
        <UnitTestResult executionId="73a2f20e-d577-4b10-a9d3-d20bbff1227d" parentExecutionId="1c1d45dc-744d-443b-a1a7-6b40f5a53029" testId="83c68223-dcaa-51dd-423f-434210a59f77" testName="second_person_tenses_active_negation" computerName="ARPAN-LAP" duration="00:00:00.0289780" startTime="2014-06-25T20:03:21.0749013+05:30" endTime="2014-06-25T20:03:21.1039029+05:30" testType="13cdc9d9-ddb5-4fa4-a97d-d965ccfc6d4b" outcome="Passed" testListId="8c84fa94-04c1-424b-9868-57a2d4851a1d" relativeResultsDirectory="1c1d45dc-744d-443b-a1a7-6b40f5a53029" dataRowInfo="3" resultType="DataDrivenDataRow" />
        <UnitTestResult executionId="6e4f4dd0-6ff7-4623-9f44-506446cabc02" parentExecutionId="1c1d45dc-744d-443b-a1a7-6b40f5a53029" testId="83c68223-dcaa-51dd-423f-434210a59f77" testName="second_person_tenses_active_negation" computerName="ARPAN-LAP" duration="00:00:00.0198752" startTime="2014-06-25T20:03:21.1049030+05:30" endTime="2014-06-25T20:03:21.1239041+05:30" testType="13cdc9d9-ddb5-4fa4-a97d-d965ccfc6d4b" outcome="Passed" testListId="8c84fa94-04c1-424b-9868-57a2d4851a1d" relativeResultsDirectory="1c1d45dc-744d-443b-a1a7-6b40f5a53029" dataRowInfo="4" resultType="DataDrivenDataRow" />
        <UnitTestResult executionId="da71ed1e-231b-48ac-bba2-b6277f19d964" parentExecutionId="1c1d45dc-744d-443b-a1a7-6b40f5a53029" testId="83c68223-dcaa-51dd-423f-434210a59f77" testName="second_person_tenses_active_negation" computerName="ARPAN-LAP" duration="00:00:00.0215084" startTime="2014-06-25T20:03:21.1239041+05:30" endTime="2014-06-25T20:03:21.1459053+05:30" testType="13cdc9d9-ddb5-4fa4-a97d-d965ccfc6d4b" outcome="Passed" testListId="8c84fa94-04c1-424b-9868-57a2d4851a1d" relativeResultsDirectory="1c1d45dc-744d-443b-a1a7-6b40f5a53029" dataRowInfo="5" resultType="DataDrivenDataRow" />
        <UnitTestResult executionId="847dc1a4-3678-48fa-8f75-c2fde5adf2d7" parentExecutionId="1c1d45dc-744d-443b-a1a7-6b40f5a53029" testId="83c68223-dcaa-51dd-423f-434210a59f77" testName="second_person_tenses_active_negation" computerName="ARPAN-LAP" duration="00:00:00.0220592" startTime="2014-06-25T20:03:21.1459053+05:30" endTime="2014-06-25T20:03:21.1679066+05:30" testType="13cdc9d9-ddb5-4fa4-a97d-d965ccfc6d4b" outcome="Passed" testListId="8c84fa94-04c1-424b-9868-57a2d4851a1d" relativeResultsDirectory="1c1d45dc-744d-443b-a1a7-6b40f5a53029" dataRowInfo="6" resultType="DataDrivenDataRow" />
        <UnitTestResult executionId="8b08a45d-476c-4bcf-a114-41c2fc409fe5" parentExecutionId="1c1d45dc-744d-443b-a1a7-6b40f5a53029" testId="83c68223-dcaa-51dd-423f-434210a59f77" testName="second_person_tenses_active_negation" computerName="ARPAN-LAP" duration="00:00:00.0253030" startTime="2014-06-25T20:03:21.1679066+05:30" endTime="2014-06-25T20:03:21.1929080+05:30" testType="13cdc9d9-ddb5-4fa4-a97d-d965ccfc6d4b" outcome="Passed" testListId="8c84fa94-04c1-424b-9868-57a2d4851a1d" relativeResultsDirectory="1c1d45dc-744d-443b-a1a7-6b40f5a53029" dataRowInfo="7" resultType="DataDrivenDataRow" />
        <UnitTestResult executionId="ab4e4367-4466-4d4a-be3e-5e3b4d6e23dc" parentExecutionId="1c1d45dc-744d-443b-a1a7-6b40f5a53029" testId="83c68223-dcaa-51dd-423f-434210a59f77" testName="second_person_tenses_active_negation" computerName="ARPAN-LAP" duration="00:00:00.0194410" startTime="2014-06-25T20:03:21.1929080+05:30" endTime="2014-06-25T20:03:21.2129092+05:30" testType="13cdc9d9-ddb5-4fa4-a97d-d965ccfc6d4b" outcome="Passed" testListId="8c84fa94-04c1-424b-9868-57a2d4851a1d" relativeResultsDirectory="1c1d45dc-744d-443b-a1a7-6b40f5a53029" dataRowInfo="8" resultType="DataDrivenDataRow" />
        <UnitTestResult executionId="51e85338-c7c2-414a-9209-55c53087ff90" parentExecutionId="1c1d45dc-744d-443b-a1a7-6b40f5a53029" testId="83c68223-dcaa-51dd-423f-434210a59f77" testName="second_person_tenses_active_negation" computerName="ARPAN-LAP" duration="00:00:00.0260011" startTime="2014-06-25T20:03:21.2129092+05:30" endTime="2014-06-25T20:03:21.2389107+05:30" testType="13cdc9d9-ddb5-4fa4-a97d-d965ccfc6d4b" outcome="Passed" testListId="8c84fa94-04c1-424b-9868-57a2d4851a1d" relativeResultsDirectory="1c1d45dc-744d-443b-a1a7-6b40f5a53029" dataRowInfo="9" resultType="DataDrivenDataRow" />
      </InnerResults>
    </UnitTestResult>
    <UnitTestResult executionId="26155b79-7ef2-4a68-a4c0-4a4738f4acc8" testId="8fe5ccb3-a3f4-0f61-ad21-e94ef029e900" testName="all_persons_modal_can_may" computerName="ARPAN-LAP" duration="00:00:00.7523204" startTime="2014-06-25T20:03:21.3299159+05:30" endTime="2014-06-25T20:03:22.1769643+05:30" testType="13cdc9d9-ddb5-4fa4-a97d-d965ccfc6d4b" outcome="Passed" testListId="8c84fa94-04c1-424b-9868-57a2d4851a1d" relativeResultsDirectory="26155b79-7ef2-4a68-a4c0-4a4738f4acc8" resultType="DataDrivenTest">
      <Counters error="0" failed="0" timeout="0" aborted="0" inconclusive="0" passedButRunAborted="0" notRunnable="0" notExecuted="0" disconnected="0" warning="0" passed="29" completed="0" inProgress="0" pending="0" />
      <InnerResults>
        <UnitTestResult executionId="e100e650-44e3-4a36-8732-c8d1c8cf2fa2" parentExecutionId="26155b79-7ef2-4a68-a4c0-4a4738f4acc8" testId="8fe5ccb3-a3f4-0f61-ad21-e94ef029e900" testName="all_persons_modal_can_may" computerName="ARPAN-LAP" duration="00:00:00.0268331" startTime="2014-06-25T20:03:21.3589175+05:30" endTime="2014-06-25T20:03:21.3859191+05:30" testType="13cdc9d9-ddb5-4fa4-a97d-d965ccfc6d4b" outcome="Passed" testListId="8c84fa94-04c1-424b-9868-57a2d4851a1d" relativeResultsDirectory="26155b79-7ef2-4a68-a4c0-4a4738f4acc8" dataRowInfo="0" resultType="DataDrivenDataRow" />
        <UnitTestResult executionId="b3049bc0-c462-4bed-aa25-c230d9e5204f" parentExecutionId="26155b79-7ef2-4a68-a4c0-4a4738f4acc8" testId="8fe5ccb3-a3f4-0f61-ad21-e94ef029e900" testName="all_persons_modal_can_may" computerName="ARPAN-LAP" duration="00:00:00.0232967" startTime="2014-06-25T20:03:21.3859191+05:30" endTime="2014-06-25T20:03:21.4089204+05:30" testType="13cdc9d9-ddb5-4fa4-a97d-d965ccfc6d4b" outcome="Passed" testListId="8c84fa94-04c1-424b-9868-57a2d4851a1d" relativeResultsDirectory="26155b79-7ef2-4a68-a4c0-4a4738f4acc8" dataRowInfo="1" resultType="DataDrivenDataRow" />
        <UnitTestResult executionId="69cc68e5-381b-4110-a5a6-84187f9ac4f0" parentExecutionId="26155b79-7ef2-4a68-a4c0-4a4738f4acc8" testId="8fe5ccb3-a3f4-0f61-ad21-e94ef029e900" testName="all_persons_modal_can_may" computerName="ARPAN-LAP" duration="00:00:00.0244700" startTime="2014-06-25T20:03:21.4089204+05:30" endTime="2014-06-25T20:03:21.4339218+05:30" testType="13cdc9d9-ddb5-4fa4-a97d-d965ccfc6d4b" outcome="Passed" testListId="8c84fa94-04c1-424b-9868-57a2d4851a1d" relativeResultsDirectory="26155b79-7ef2-4a68-a4c0-4a4738f4acc8" dataRowInfo="2" resultType="DataDrivenDataRow" />
        <UnitTestResult executionId="99f1fab0-ee0e-4815-a342-c3cd6a72ca69" parentExecutionId="26155b79-7ef2-4a68-a4c0-4a4738f4acc8" testId="8fe5ccb3-a3f4-0f61-ad21-e94ef029e900" testName="all_persons_modal_can_may" computerName="ARPAN-LAP" duration="00:00:00.0260673" startTime="2014-06-25T20:03:21.4339218+05:30" endTime="2014-06-25T20:03:21.4599233+05:30" testType="13cdc9d9-ddb5-4fa4-a97d-d965ccfc6d4b" outcome="Passed" testListId="8c84fa94-04c1-424b-9868-57a2d4851a1d" relativeResultsDirectory="26155b79-7ef2-4a68-a4c0-4a4738f4acc8" dataRowInfo="3" resultType="DataDrivenDataRow" />
        <UnitTestResult executionId="eb352510-7897-4c49-afda-68a1c9d8e76d" parentExecutionId="26155b79-7ef2-4a68-a4c0-4a4738f4acc8" testId="8fe5ccb3-a3f4-0f61-ad21-e94ef029e900" testName="all_persons_modal_can_may" computerName="ARPAN-LAP" duration="00:00:00.0251824" startTime="2014-06-25T20:03:21.4599233+05:30" endTime="2014-06-25T20:03:21.4849247+05:30" testType="13cdc9d9-ddb5-4fa4-a97d-d965ccfc6d4b" outcome="Passed" testListId="8c84fa94-04c1-424b-9868-57a2d4851a1d" relativeResultsDirectory="26155b79-7ef2-4a68-a4c0-4a4738f4acc8" dataRowInfo="4" resultType="DataDrivenDataRow" />
        <UnitTestResult executionId="217fc390-d47b-4175-8a20-56e1aa5ddc39" parentExecutionId="26155b79-7ef2-4a68-a4c0-4a4738f4acc8" testId="8fe5ccb3-a3f4-0f61-ad21-e94ef029e900" testName="all_persons_modal_can_may" computerName="ARPAN-LAP" duration="00:00:00.0257080" startTime="2014-06-25T20:03:21.4849247+05:30" endTime="2014-06-25T20:03:21.5109262+05:30" testType="13cdc9d9-ddb5-4fa4-a97d-d965ccfc6d4b" outcome="Passed" testListId="8c84fa94-04c1-424b-9868-57a2d4851a1d" relativeResultsDirectory="26155b79-7ef2-4a68-a4c0-4a4738f4acc8" dataRowInfo="5" resultType="DataDrivenDataRow" />
        <UnitTestResult executionId="35fdc384-be62-49b2-bf54-8038ec01a051" parentExecutionId="26155b79-7ef2-4a68-a4c0-4a4738f4acc8" testId="8fe5ccb3-a3f4-0f61-ad21-e94ef029e900" testName="all_persons_modal_can_may" computerName="ARPAN-LAP" duration="00:00:00.0318621" startTime="2014-06-25T20:03:21.5109262+05:30" endTime="2014-06-25T20:03:21.5429281+05:30" testType="13cdc9d9-ddb5-4fa4-a97d-d965ccfc6d4b" outcome="Passed" testListId="8c84fa94-04c1-424b-9868-57a2d4851a1d" relativeResultsDirectory="26155b79-7ef2-4a68-a4c0-4a4738f4acc8" dataRowInfo="6" resultType="DataDrivenDataRow" />
        <UnitTestResult executionId="4475c105-a3a1-4228-be7e-bc682237bd00" parentExecutionId="26155b79-7ef2-4a68-a4c0-4a4738f4acc8" testId="8fe5ccb3-a3f4-0f61-ad21-e94ef029e900" testName="all_persons_modal_can_may" computerName="ARPAN-LAP" duration="00:00:00.0327983" startTime="2014-06-25T20:03:21.5429281+05:30" endTime="2014-06-25T20:03:21.5759299+05:30" testType="13cdc9d9-ddb5-4fa4-a97d-d965ccfc6d4b" outcome="Passed" testListId="8c84fa94-04c1-424b-9868-57a2d4851a1d" relativeResultsDirectory="26155b79-7ef2-4a68-a4c0-4a4738f4acc8" dataRowInfo="7" resultType="DataDrivenDataRow" />
        <UnitTestResult executionId="b0277d0a-ca23-4351-8a10-3b6f9eca9a0f" parentExecutionId="26155b79-7ef2-4a68-a4c0-4a4738f4acc8" testId="8fe5ccb3-a3f4-0f61-ad21-e94ef029e900" testName="all_persons_modal_can_may" computerName="ARPAN-LAP" duration="00:00:00.0534681" startTime="2014-06-25T20:03:21.5759299+05:30" endTime="2014-06-25T20:03:21.6289330+05:30" testType="13cdc9d9-ddb5-4fa4-a97d-d965ccfc6d4b" outcome="Passed" testListId="8c84fa94-04c1-424b-9868-57a2d4851a1d" relativeResultsDirectory="26155b79-7ef2-4a68-a4c0-4a4738f4acc8" dataRowInfo="8" resultType="DataDrivenDataRow" />
        <UnitTestResult executionId="9e7d407f-56ee-4673-bb3b-600cfe6e084e" parentExecutionId="26155b79-7ef2-4a68-a4c0-4a4738f4acc8" testId="8fe5ccb3-a3f4-0f61-ad21-e94ef029e900" testName="all_persons_modal_can_may" computerName="ARPAN-LAP" duration="00:00:00.0415228" startTime="2014-06-25T20:03:21.6289330+05:30" endTime="2014-06-25T20:03:21.6709354+05:30" testType="13cdc9d9-ddb5-4fa4-a97d-d965ccfc6d4b" outcome="Passed" testListId="8c84fa94-04c1-424b-9868-57a2d4851a1d" relativeResultsDirectory="26155b79-7ef2-4a68-a4c0-4a4738f4acc8" dataRowInfo="9" resultType="DataDrivenDataRow" />
        <UnitTestResult executionId="1bb55af8-bccc-4bec-aec0-a7c535fcd527" parentExecutionId="26155b79-7ef2-4a68-a4c0-4a4738f4acc8" testId="8fe5ccb3-a3f4-0f61-ad21-e94ef029e900" testName="all_persons_modal_can_may" computerName="ARPAN-LAP" duration="00:00:00.0191618" startTime="2014-06-25T20:03:21.6709354+05:30" endTime="2014-06-25T20:03:21.6899365+05:30" testType="13cdc9d9-ddb5-4fa4-a97d-d965ccfc6d4b" outcome="Passed" testListId="8c84fa94-04c1-424b-9868-57a2d4851a1d" relativeResultsDirectory="26155b79-7ef2-4a68-a4c0-4a4738f4acc8" dataRowInfo="10" resultType="DataDrivenDataRow" />
        <UnitTestResult executionId="16d51c4c-5c57-4650-84b0-168a490a7b1f" parentExecutionId="26155b79-7ef2-4a68-a4c0-4a4738f4acc8" testId="8fe5ccb3-a3f4-0f61-ad21-e94ef029e900" testName="all_persons_modal_can_may" computerName="ARPAN-LAP" duration="00:00:00.0198316" startTime="2014-06-25T20:03:21.6899365+05:30" endTime="2014-06-25T20:03:21.7099376+05:30" testType="13cdc9d9-ddb5-4fa4-a97d-d965ccfc6d4b" outcome="Passed" testListId="8c84fa94-04c1-424b-9868-57a2d4851a1d" relativeResultsDirectory="26155b79-7ef2-4a68-a4c0-4a4738f4acc8" dataRowInfo="11" resultType="DataDrivenDataRow" />
        <UnitTestResult executionId="372fcac0-dddd-424e-a42f-b1bed6cddc2d" parentExecutionId="26155b79-7ef2-4a68-a4c0-4a4738f4acc8" testId="8fe5ccb3-a3f4-0f61-ad21-e94ef029e900" testName="all_persons_modal_can_may" computerName="ARPAN-LAP" duration="00:00:00.0238428" startTime="2014-06-25T20:03:21.7099376+05:30" endTime="2014-06-25T20:03:21.7339390+05:30" testType="13cdc9d9-ddb5-4fa4-a97d-d965ccfc6d4b" outcome="Passed" testListId="8c84fa94-04c1-424b-9868-57a2d4851a1d" relativeResultsDirectory="26155b79-7ef2-4a68-a4c0-4a4738f4acc8" dataRowInfo="12" resultType="DataDrivenDataRow" />
        <UnitTestResult executionId="f3eb9c81-629c-4606-9b2f-02a96b410787" parentExecutionId="26155b79-7ef2-4a68-a4c0-4a4738f4acc8" testId="8fe5ccb3-a3f4-0f61-ad21-e94ef029e900" testName="all_persons_modal_can_may" computerName="ARPAN-LAP" duration="00:00:00.0226494" startTime="2014-06-25T20:03:21.7339390+05:30" endTime="2014-06-25T20:03:21.7559402+05:30" testType="13cdc9d9-ddb5-4fa4-a97d-d965ccfc6d4b" outcome="Passed" testListId="8c84fa94-04c1-424b-9868-57a2d4851a1d" relativeResultsDirectory="26155b79-7ef2-4a68-a4c0-4a4738f4acc8" dataRowInfo="13" resultType="DataDrivenDataRow" />
        <UnitTestResult executionId="bd1e2de3-f4bc-44d5-87db-d2631dd2fd34" parentExecutionId="26155b79-7ef2-4a68-a4c0-4a4738f4acc8" testId="8fe5ccb3-a3f4-0f61-ad21-e94ef029e900" testName="all_persons_modal_can_may" computerName="ARPAN-LAP" duration="00:00:00.0230467" startTime="2014-06-25T20:03:21.7559402+05:30" endTime="2014-06-25T20:03:21.7789416+05:30" testType="13cdc9d9-ddb5-4fa4-a97d-d965ccfc6d4b" outcome="Passed" testListId="8c84fa94-04c1-424b-9868-57a2d4851a1d" relativeResultsDirectory="26155b79-7ef2-4a68-a4c0-4a4738f4acc8" dataRowInfo="14" resultType="DataDrivenDataRow" />
        <UnitTestResult executionId="f335b3fd-2b75-4379-9c87-27c91460de11" parentExecutionId="26155b79-7ef2-4a68-a4c0-4a4738f4acc8" testId="8fe5ccb3-a3f4-0f61-ad21-e94ef029e900" testName="all_persons_modal_can_may" computerName="ARPAN-LAP" duration="00:00:00.0246892" startTime="2014-06-25T20:03:21.7799416+05:30" endTime="2014-06-25T20:03:21.8039430+05:30" testType="13cdc9d9-ddb5-4fa4-a97d-d965ccfc6d4b" outcome="Passed" testListId="8c84fa94-04c1-424b-9868-57a2d4851a1d" relativeResultsDirectory="26155b79-7ef2-4a68-a4c0-4a4738f4acc8" dataRowInfo="15" resultType="DataDrivenDataRow" />
        <UnitTestResult executionId="5c3d7a07-a06c-46db-b5ca-3239b86db39b" parentExecutionId="26155b79-7ef2-4a68-a4c0-4a4738f4acc8" testId="8fe5ccb3-a3f4-0f61-ad21-e94ef029e900" testName="all_persons_modal_can_may" computerName="ARPAN-LAP" duration="00:00:00.0178863" startTime="2014-06-25T20:03:21.8039430+05:30" endTime="2014-06-25T20:03:21.8219440+05:30" testType="13cdc9d9-ddb5-4fa4-a97d-d965ccfc6d4b" outcome="Passed" testListId="8c84fa94-04c1-424b-9868-57a2d4851a1d" relativeResultsDirectory="26155b79-7ef2-4a68-a4c0-4a4738f4acc8" dataRowInfo="16" resultType="DataDrivenDataRow" />
        <UnitTestResult executionId="87feda53-12f6-43d9-961b-c4841bfffaab" parentExecutionId="26155b79-7ef2-4a68-a4c0-4a4738f4acc8" testId="8fe5ccb3-a3f4-0f61-ad21-e94ef029e900" testName="all_persons_modal_can_may" computerName="ARPAN-LAP" duration="00:00:00.0175927" startTime="2014-06-25T20:03:21.8219440+05:30" endTime="2014-06-25T20:03:21.8399450+05:30" testType="13cdc9d9-ddb5-4fa4-a97d-d965ccfc6d4b" outcome="Passed" testListId="8c84fa94-04c1-424b-9868-57a2d4851a1d" relativeResultsDirectory="26155b79-7ef2-4a68-a4c0-4a4738f4acc8" dataRowInfo="17" resultType="DataDrivenDataRow" />
        <UnitTestResult executionId="96d83732-8b37-4e29-8bbe-99f8b9066205" parentExecutionId="26155b79-7ef2-4a68-a4c0-4a4738f4acc8" testId="8fe5ccb3-a3f4-0f61-ad21-e94ef029e900" testName="all_persons_modal_can_may" computerName="ARPAN-LAP" duration="00:00:00.0178776" startTime="2014-06-25T20:03:21.8399450+05:30" endTime="2014-06-25T20:03:21.8579461+05:30" testType="13cdc9d9-ddb5-4fa4-a97d-d965ccfc6d4b" outcome="Passed" testListId="8c84fa94-04c1-424b-9868-57a2d4851a1d" relativeResultsDirectory="26155b79-7ef2-4a68-a4c0-4a4738f4acc8" dataRowInfo="18" resultType="DataDrivenDataRow" />
        <UnitTestResult executionId="eb4052d8-b31d-4c4b-b3ec-e50d28178bf3" parentExecutionId="26155b79-7ef2-4a68-a4c0-4a4738f4acc8" testId="8fe5ccb3-a3f4-0f61-ad21-e94ef029e900" testName="all_persons_modal_can_may" computerName="ARPAN-LAP" duration="00:00:00.0209885" startTime="2014-06-25T20:03:21.8579461+05:30" endTime="2014-06-25T20:03:21.8789473+05:30" testType="13cdc9d9-ddb5-4fa4-a97d-d965ccfc6d4b" outcome="Passed" testListId="8c84fa94-04c1-424b-9868-57a2d4851a1d" relativeResultsDirectory="26155b79-7ef2-4a68-a4c0-4a4738f4acc8" dataRowInfo="19" resultType="DataDrivenDataRow" />
        <UnitTestResult executionId="71954c56-fa61-43e6-a631-0bb5023a5cb5" parentExecutionId="26155b79-7ef2-4a68-a4c0-4a4738f4acc8" testId="8fe5ccb3-a3f4-0f61-ad21-e94ef029e900" testName="all_persons_modal_can_may" computerName="ARPAN-LAP" duration="00:00:00.0234224" startTime="2014-06-25T20:03:21.8789473+05:30" endTime="2014-06-25T20:03:21.9019486+05:30" testType="13cdc9d9-ddb5-4fa4-a97d-d965ccfc6d4b" outcome="Passed" testListId="8c84fa94-04c1-424b-9868-57a2d4851a1d" relativeResultsDirectory="26155b79-7ef2-4a68-a4c0-4a4738f4acc8" dataRowInfo="20" resultType="DataDrivenDataRow" />
        <UnitTestResult executionId="805482dc-b92e-449e-808b-e9a2c697ada1" parentExecutionId="26155b79-7ef2-4a68-a4c0-4a4738f4acc8" testId="8fe5ccb3-a3f4-0f61-ad21-e94ef029e900" testName="all_persons_modal_can_may" computerName="ARPAN-LAP" duration="00:00:00.0237863" startTime="2014-06-25T20:03:21.9019486+05:30" endTime="2014-06-25T20:03:21.9259500+05:30" testType="13cdc9d9-ddb5-4fa4-a97d-d965ccfc6d4b" outcome="Passed" testListId="8c84fa94-04c1-424b-9868-57a2d4851a1d" relativeResultsDirectory="26155b79-7ef2-4a68-a4c0-4a4738f4acc8" dataRowInfo="21" resultType="DataDrivenDataRow" />
        <UnitTestResult executionId="09caa596-1ea0-4025-92e9-5448f28b6f93" parentExecutionId="26155b79-7ef2-4a68-a4c0-4a4738f4acc8" testId="8fe5ccb3-a3f4-0f61-ad21-e94ef029e900" testName="all_persons_modal_can_may" computerName="ARPAN-LAP" duration="00:00:00.0242529" startTime="2014-06-25T20:03:21.9259500+05:30" endTime="2014-06-25T20:03:21.9499513+05:30" testType="13cdc9d9-ddb5-4fa4-a97d-d965ccfc6d4b" outcome="Passed" testListId="8c84fa94-04c1-424b-9868-57a2d4851a1d" relativeResultsDirectory="26155b79-7ef2-4a68-a4c0-4a4738f4acc8" dataRowInfo="22" resultType="DataDrivenDataRow" />
        <UnitTestResult executionId="36878204-15c0-476c-827a-1adf8b791db9" parentExecutionId="26155b79-7ef2-4a68-a4c0-4a4738f4acc8" testId="8fe5ccb3-a3f4-0f61-ad21-e94ef029e900" testName="all_persons_modal_can_may" computerName="ARPAN-LAP" duration="00:00:00.0221531" startTime="2014-06-25T20:03:21.9499513+05:30" endTime="2014-06-25T20:03:21.9729527+05:30" testType="13cdc9d9-ddb5-4fa4-a97d-d965ccfc6d4b" outcome="Passed" testListId="8c84fa94-04c1-424b-9868-57a2d4851a1d" relativeResultsDirectory="26155b79-7ef2-4a68-a4c0-4a4738f4acc8" dataRowInfo="23" resultType="DataDrivenDataRow" />
        <UnitTestResult executionId="fd11df7a-f2dd-4e7a-b71d-89f87ce50b2c" parentExecutionId="26155b79-7ef2-4a68-a4c0-4a4738f4acc8" testId="8fe5ccb3-a3f4-0f61-ad21-e94ef029e900" testName="all_persons_modal_can_may" computerName="ARPAN-LAP" duration="00:00:00.0210906" startTime="2014-06-25T20:03:21.9729527+05:30" endTime="2014-06-25T20:03:21.9939539+05:30" testType="13cdc9d9-ddb5-4fa4-a97d-d965ccfc6d4b" outcome="Passed" testListId="8c84fa94-04c1-424b-9868-57a2d4851a1d" relativeResultsDirectory="26155b79-7ef2-4a68-a4c0-4a4738f4acc8" dataRowInfo="24" resultType="DataDrivenDataRow" />
        <UnitTestResult executionId="7fc9589e-cef2-4b38-953a-160c905a4ee4" parentExecutionId="26155b79-7ef2-4a68-a4c0-4a4738f4acc8" testId="8fe5ccb3-a3f4-0f61-ad21-e94ef029e900" testName="all_persons_modal_can_may" computerName="ARPAN-LAP" duration="00:00:00.0238469" startTime="2014-06-25T20:03:21.9939539+05:30" endTime="2014-06-25T20:03:22.0179552+05:30" testType="13cdc9d9-ddb5-4fa4-a97d-d965ccfc6d4b" outcome="Passed" testListId="8c84fa94-04c1-424b-9868-57a2d4851a1d" relativeResultsDirectory="26155b79-7ef2-4a68-a4c0-4a4738f4acc8" dataRowInfo="25" resultType="DataDrivenDataRow" />
        <UnitTestResult executionId="4ccd049a-8847-4fb3-b93c-6e7f44924c90" parentExecutionId="26155b79-7ef2-4a68-a4c0-4a4738f4acc8" testId="8fe5ccb3-a3f4-0f61-ad21-e94ef029e900" testName="all_persons_modal_can_may" computerName="ARPAN-LAP" duration="00:00:00.0218205" startTime="2014-06-25T20:03:22.0179552+05:30" endTime="2014-06-25T20:03:22.0399565+05:30" testType="13cdc9d9-ddb5-4fa4-a97d-d965ccfc6d4b" outcome="Passed" testListId="8c84fa94-04c1-424b-9868-57a2d4851a1d" relativeResultsDirectory="26155b79-7ef2-4a68-a4c0-4a4738f4acc8" dataRowInfo="26" resultType="DataDrivenDataRow" />
        <UnitTestResult executionId="6f9e136c-5987-4052-a3e3-b7be86d5f854" parentExecutionId="26155b79-7ef2-4a68-a4c0-4a4738f4acc8" testId="8fe5ccb3-a3f4-0f61-ad21-e94ef029e900" testName="all_persons_modal_can_may" computerName="ARPAN-LAP" duration="00:00:00.0273428" startTime="2014-06-25T20:03:22.0399565+05:30" endTime="2014-06-25T20:03:22.0669580+05:30" testType="13cdc9d9-ddb5-4fa4-a97d-d965ccfc6d4b" outcome="Passed" testListId="8c84fa94-04c1-424b-9868-57a2d4851a1d" relativeResultsDirectory="26155b79-7ef2-4a68-a4c0-4a4738f4acc8" dataRowInfo="27" resultType="DataDrivenDataRow" />
        <UnitTestResult executionId="656266e0-130e-49ab-a40d-7d59ebf5ee56" parentExecutionId="26155b79-7ef2-4a68-a4c0-4a4738f4acc8" testId="8fe5ccb3-a3f4-0f61-ad21-e94ef029e900" testName="all_persons_modal_can_may" computerName="ARPAN-LAP" duration="00:00:00.0280285" startTime="2014-06-25T20:03:22.0669580+05:30" endTime="2014-06-25T20:03:22.0949596+05:30" testType="13cdc9d9-ddb5-4fa4-a97d-d965ccfc6d4b" outcome="Passed" testListId="8c84fa94-04c1-424b-9868-57a2d4851a1d" relativeResultsDirectory="26155b79-7ef2-4a68-a4c0-4a4738f4acc8" dataRowInfo="28" resultType="DataDrivenDataRow" />
      </InnerResults>
    </UnitTestResult>
    <UnitTestResult executionId="a87e3c9c-9949-40d9-9331-cac213f437ae" testId="921e6ab0-d7c2-6005-e523-6fd2d5e1a723" testName="first_person_tenses_active" computerName="ARPAN-LAP" duration="00:00:00.3242904" startTime="2014-06-25T20:03:22.1969655+05:30" endTime="2014-06-25T20:03:22.5649865+05:30" testType="13cdc9d9-ddb5-4fa4-a97d-d965ccfc6d4b" outcome="Passed" testListId="8c84fa94-04c1-424b-9868-57a2d4851a1d" relativeResultsDirectory="a87e3c9c-9949-40d9-9331-cac213f437ae" resultType="DataDrivenTest">
      <Counters error="0" failed="0" timeout="0" aborted="0" inconclusive="0" passedButRunAborted="0" notRunnable="0" notExecuted="0" disconnected="0" warning="0" passed="10" completed="0" inProgress="0" pending="0" />
      <InnerResults>
        <UnitTestResult executionId="c8629fb6-2f0d-451d-a1b8-b07cd53db96e" parentExecutionId="a87e3c9c-9949-40d9-9331-cac213f437ae" testId="921e6ab0-d7c2-6005-e523-6fd2d5e1a723" testName="first_person_tenses_active" computerName="ARPAN-LAP" duration="00:00:00.0207462" startTime="2014-06-25T20:03:22.2319675+05:30" endTime="2014-06-25T20:03:22.2529687+05:30" testType="13cdc9d9-ddb5-4fa4-a97d-d965ccfc6d4b" outcome="Passed" testListId="8c84fa94-04c1-424b-9868-57a2d4851a1d" relativeResultsDirectory="a87e3c9c-9949-40d9-9331-cac213f437ae" dataRowInfo="0" resultType="DataDrivenDataRow" />
        <UnitTestResult executionId="db6c2c0b-9190-4fbe-b993-b623d0e4f97f" parentExecutionId="a87e3c9c-9949-40d9-9331-cac213f437ae" testId="921e6ab0-d7c2-6005-e523-6fd2d5e1a723" testName="first_person_tenses_active" computerName="ARPAN-LAP" duration="00:00:00.0224559" startTime="2014-06-25T20:03:22.2529687+05:30" endTime="2014-06-25T20:03:22.2749699+05:30" testType="13cdc9d9-ddb5-4fa4-a97d-d965ccfc6d4b" outcome="Passed" testListId="8c84fa94-04c1-424b-9868-57a2d4851a1d" relativeResultsDirectory="a87e3c9c-9949-40d9-9331-cac213f437ae" dataRowInfo="1" resultType="DataDrivenDataRow" />
        <UnitTestResult executionId="4778ed27-a355-43a9-a3fc-f07458749e82" parentExecutionId="a87e3c9c-9949-40d9-9331-cac213f437ae" testId="921e6ab0-d7c2-6005-e523-6fd2d5e1a723" testName="first_person_tenses_active" computerName="ARPAN-LAP" duration="00:00:00.0219078" startTime="2014-06-25T20:03:22.2749699+05:30" endTime="2014-06-25T20:03:22.2969712+05:30" testType="13cdc9d9-ddb5-4fa4-a97d-d965ccfc6d4b" outcome="Passed" testListId="8c84fa94-04c1-424b-9868-57a2d4851a1d" relativeResultsDirectory="a87e3c9c-9949-40d9-9331-cac213f437ae" dataRowInfo="2" resultType="DataDrivenDataRow" />
        <UnitTestResult executionId="f46b04f4-2431-4916-a783-761733812962" parentExecutionId="a87e3c9c-9949-40d9-9331-cac213f437ae" testId="921e6ab0-d7c2-6005-e523-6fd2d5e1a723" testName="first_person_tenses_active" computerName="ARPAN-LAP" duration="00:00:00.0294307" startTime="2014-06-25T20:03:22.2969712+05:30" endTime="2014-06-25T20:03:22.3269729+05:30" testType="13cdc9d9-ddb5-4fa4-a97d-d965ccfc6d4b" outcome="Passed" testListId="8c84fa94-04c1-424b-9868-57a2d4851a1d" relativeResultsDirectory="a87e3c9c-9949-40d9-9331-cac213f437ae" dataRowInfo="3" resultType="DataDrivenDataRow" />
        <UnitTestResult executionId="73688e1b-c9ec-4b1e-9620-38e15e8e1714" parentExecutionId="a87e3c9c-9949-40d9-9331-cac213f437ae" testId="921e6ab0-d7c2-6005-e523-6fd2d5e1a723" testName="first_person_tenses_active" computerName="ARPAN-LAP" duration="00:00:00.0201303" startTime="2014-06-25T20:03:22.3269729+05:30" endTime="2014-06-25T20:03:22.3469740+05:30" testType="13cdc9d9-ddb5-4fa4-a97d-d965ccfc6d4b" outcome="Passed" testListId="8c84fa94-04c1-424b-9868-57a2d4851a1d" relativeResultsDirectory="a87e3c9c-9949-40d9-9331-cac213f437ae" dataRowInfo="4" resultType="DataDrivenDataRow" />
        <UnitTestResult executionId="e4848bee-f787-452a-bfa5-7e6d08e6308d" parentExecutionId="a87e3c9c-9949-40d9-9331-cac213f437ae" testId="921e6ab0-d7c2-6005-e523-6fd2d5e1a723" testName="first_person_tenses_active" computerName="ARPAN-LAP" duration="00:00:00.0234070" startTime="2014-06-25T20:03:22.3469740+05:30" endTime="2014-06-25T20:03:22.3699754+05:30" testType="13cdc9d9-ddb5-4fa4-a97d-d965ccfc6d4b" outcome="Passed" testListId="8c84fa94-04c1-424b-9868-57a2d4851a1d" relativeResultsDirectory="a87e3c9c-9949-40d9-9331-cac213f437ae" dataRowInfo="5" resultType="DataDrivenDataRow" />
        <UnitTestResult executionId="21a6e51c-a16d-4626-94af-af38d2bda1f9" parentExecutionId="a87e3c9c-9949-40d9-9331-cac213f437ae" testId="921e6ab0-d7c2-6005-e523-6fd2d5e1a723" testName="first_person_tenses_active" computerName="ARPAN-LAP" duration="00:00:00.0245685" startTime="2014-06-25T20:03:22.3699754+05:30" endTime="2014-06-25T20:03:22.3949768+05:30" testType="13cdc9d9-ddb5-4fa4-a97d-d965ccfc6d4b" outcome="Passed" testListId="8c84fa94-04c1-424b-9868-57a2d4851a1d" relativeResultsDirectory="a87e3c9c-9949-40d9-9331-cac213f437ae" dataRowInfo="6" resultType="DataDrivenDataRow" />
        <UnitTestResult executionId="d1653d77-59a2-4097-a14e-6f9266888efc" parentExecutionId="a87e3c9c-9949-40d9-9331-cac213f437ae" testId="921e6ab0-d7c2-6005-e523-6fd2d5e1a723" testName="first_person_tenses_active" computerName="ARPAN-LAP" duration="00:00:00.0274993" startTime="2014-06-25T20:03:22.3949768+05:30" endTime="2014-06-25T20:03:22.4219783+05:30" testType="13cdc9d9-ddb5-4fa4-a97d-d965ccfc6d4b" outcome="Passed" testListId="8c84fa94-04c1-424b-9868-57a2d4851a1d" relativeResultsDirectory="a87e3c9c-9949-40d9-9331-cac213f437ae" dataRowInfo="7" resultType="DataDrivenDataRow" />
        <UnitTestResult executionId="946edcf0-f25e-4e1b-acbb-10e842608f18" parentExecutionId="a87e3c9c-9949-40d9-9331-cac213f437ae" testId="921e6ab0-d7c2-6005-e523-6fd2d5e1a723" testName="first_person_tenses_active" computerName="ARPAN-LAP" duration="00:00:00.0588990" startTime="2014-06-25T20:03:22.4219783+05:30" endTime="2014-06-25T20:03:22.4809817+05:30" testType="13cdc9d9-ddb5-4fa4-a97d-d965ccfc6d4b" outcome="Passed" testListId="8c84fa94-04c1-424b-9868-57a2d4851a1d" relativeResultsDirectory="a87e3c9c-9949-40d9-9331-cac213f437ae" dataRowInfo="8" resultType="DataDrivenDataRow" />
        <UnitTestResult executionId="d1fafd62-7657-4125-94cc-d8eb436ccd77" parentExecutionId="a87e3c9c-9949-40d9-9331-cac213f437ae" testId="921e6ab0-d7c2-6005-e523-6fd2d5e1a723" testName="first_person_tenses_active" computerName="ARPAN-LAP" duration="00:00:00.0525940" startTime="2014-06-25T20:03:22.4809817+05:30" endTime="2014-06-25T20:03:22.5339847+05:30" testType="13cdc9d9-ddb5-4fa4-a97d-d965ccfc6d4b" outcome="Passed" testListId="8c84fa94-04c1-424b-9868-57a2d4851a1d" relativeResultsDirectory="a87e3c9c-9949-40d9-9331-cac213f437ae" dataRowInfo="9" resultType="DataDrivenDataRow" />
      </InnerResults>
    </UnitTestResult>
    <UnitTestResult executionId="f71452e9-c736-4cb6-9519-f7dcd6a8c8ed" testId="9319d01e-de3e-d310-c76e-cae8dce4c924" testName="all_persons_modal_should_negation" computerName="ARPAN-LAP" duration="00:00:00.5523050" startTime="2014-06-25T20:03:22.5799874+05:30" endTime="2014-06-25T20:03:23.1920224+05:30" testType="13cdc9d9-ddb5-4fa4-a97d-d965ccfc6d4b" outcome="Passed" testListId="8c84fa94-04c1-424b-9868-57a2d4851a1d" relativeResultsDirectory="f71452e9-c736-4cb6-9519-f7dcd6a8c8ed" resultType="DataDrivenTest">
      <Counters error="0" failed="0" timeout="0" aborted="0" inconclusive="0" passedButRunAborted="0" notRunnable="0" notExecuted="0" disconnected="0" warning="0" passed="17" completed="0" inProgress="0" pending="0" />
      <InnerResults>
        <UnitTestResult executionId="a14da2f2-89a7-4ba1-9a3d-ba6aa3219d3e" parentExecutionId="f71452e9-c736-4cb6-9519-f7dcd6a8c8ed" testId="9319d01e-de3e-d310-c76e-cae8dce4c924" testName="all_persons_modal_should_negation" computerName="ARPAN-LAP" duration="00:00:00.0243237" startTime="2014-06-25T20:03:22.6099891+05:30" endTime="2014-06-25T20:03:22.6339905+05:30" testType="13cdc9d9-ddb5-4fa4-a97d-d965ccfc6d4b" outcome="Passed" testListId="8c84fa94-04c1-424b-9868-57a2d4851a1d" relativeResultsDirectory="f71452e9-c736-4cb6-9519-f7dcd6a8c8ed" dataRowInfo="0" resultType="DataDrivenDataRow" />
        <UnitTestResult executionId="e7afae4b-887f-447c-8946-a6cfd6cc9d6b" parentExecutionId="f71452e9-c736-4cb6-9519-f7dcd6a8c8ed" testId="9319d01e-de3e-d310-c76e-cae8dce4c924" testName="all_persons_modal_should_negation" computerName="ARPAN-LAP" duration="00:00:00.0287666" startTime="2014-06-25T20:03:22.6339905+05:30" endTime="2014-06-25T20:03:22.6629921+05:30" testType="13cdc9d9-ddb5-4fa4-a97d-d965ccfc6d4b" outcome="Passed" testListId="8c84fa94-04c1-424b-9868-57a2d4851a1d" relativeResultsDirectory="f71452e9-c736-4cb6-9519-f7dcd6a8c8ed" dataRowInfo="1" resultType="DataDrivenDataRow" />
        <UnitTestResult executionId="2f779b35-a0a5-43a6-962f-792ee13f3369" parentExecutionId="f71452e9-c736-4cb6-9519-f7dcd6a8c8ed" testId="9319d01e-de3e-d310-c76e-cae8dce4c924" testName="all_persons_modal_should_negation" computerName="ARPAN-LAP" duration="00:00:00.0297295" startTime="2014-06-25T20:03:22.6629921+05:30" endTime="2014-06-25T20:03:22.6929938+05:30" testType="13cdc9d9-ddb5-4fa4-a97d-d965ccfc6d4b" outcome="Passed" testListId="8c84fa94-04c1-424b-9868-57a2d4851a1d" relativeResultsDirectory="f71452e9-c736-4cb6-9519-f7dcd6a8c8ed" dataRowInfo="2" resultType="DataDrivenDataRow" />
        <UnitTestResult executionId="efad9212-bb22-4077-b757-2aee4af56b51" parentExecutionId="f71452e9-c736-4cb6-9519-f7dcd6a8c8ed" testId="9319d01e-de3e-d310-c76e-cae8dce4c924" testName="all_persons_modal_should_negation" computerName="ARPAN-LAP" duration="00:00:00.0495714" startTime="2014-06-25T20:03:22.6929938+05:30" endTime="2014-06-25T20:03:22.7419966+05:30" testType="13cdc9d9-ddb5-4fa4-a97d-d965ccfc6d4b" outcome="Passed" testListId="8c84fa94-04c1-424b-9868-57a2d4851a1d" relativeResultsDirectory="f71452e9-c736-4cb6-9519-f7dcd6a8c8ed" dataRowInfo="3" resultType="DataDrivenDataRow" />
        <UnitTestResult executionId="7a97cad3-ae7a-4c5d-9e4c-128027eae875" parentExecutionId="f71452e9-c736-4cb6-9519-f7dcd6a8c8ed" testId="9319d01e-de3e-d310-c76e-cae8dce4c924" testName="all_persons_modal_should_negation" computerName="ARPAN-LAP" duration="00:00:00.0210650" startTime="2014-06-25T20:03:22.7419966+05:30" endTime="2014-06-25T20:03:22.7629978+05:30" testType="13cdc9d9-ddb5-4fa4-a97d-d965ccfc6d4b" outcome="Passed" testListId="8c84fa94-04c1-424b-9868-57a2d4851a1d" relativeResultsDirectory="f71452e9-c736-4cb6-9519-f7dcd6a8c8ed" dataRowInfo="4" resultType="DataDrivenDataRow" />
        <UnitTestResult executionId="6cc64b5a-405d-4ab6-8861-35c962466763" parentExecutionId="f71452e9-c736-4cb6-9519-f7dcd6a8c8ed" testId="9319d01e-de3e-d310-c76e-cae8dce4c924" testName="all_persons_modal_should_negation" computerName="ARPAN-LAP" duration="00:00:00.0277955" startTime="2014-06-25T20:03:22.7629978+05:30" endTime="2014-06-25T20:03:22.7909994+05:30" testType="13cdc9d9-ddb5-4fa4-a97d-d965ccfc6d4b" outcome="Passed" testListId="8c84fa94-04c1-424b-9868-57a2d4851a1d" relativeResultsDirectory="f71452e9-c736-4cb6-9519-f7dcd6a8c8ed" dataRowInfo="5" resultType="DataDrivenDataRow" />
        <UnitTestResult executionId="6f0f213a-541d-4054-ad18-4b49110bf49e" parentExecutionId="f71452e9-c736-4cb6-9519-f7dcd6a8c8ed" testId="9319d01e-de3e-d310-c76e-cae8dce4c924" testName="all_persons_modal_should_negation" computerName="ARPAN-LAP" duration="00:00:00.0269121" startTime="2014-06-25T20:03:22.7909994+05:30" endTime="2014-06-25T20:03:22.8180010+05:30" testType="13cdc9d9-ddb5-4fa4-a97d-d965ccfc6d4b" outcome="Passed" testListId="8c84fa94-04c1-424b-9868-57a2d4851a1d" relativeResultsDirectory="f71452e9-c736-4cb6-9519-f7dcd6a8c8ed" dataRowInfo="6" resultType="DataDrivenDataRow" />
        <UnitTestResult executionId="ec0dbb55-04d1-4398-9633-88580439197c" parentExecutionId="f71452e9-c736-4cb6-9519-f7dcd6a8c8ed" testId="9319d01e-de3e-d310-c76e-cae8dce4c924" testName="all_persons_modal_should_negation" computerName="ARPAN-LAP" duration="00:00:00.0362757" startTime="2014-06-25T20:03:22.8180010+05:30" endTime="2014-06-25T20:03:22.8550031+05:30" testType="13cdc9d9-ddb5-4fa4-a97d-d965ccfc6d4b" outcome="Passed" testListId="8c84fa94-04c1-424b-9868-57a2d4851a1d" relativeResultsDirectory="f71452e9-c736-4cb6-9519-f7dcd6a8c8ed" dataRowInfo="7" resultType="DataDrivenDataRow" />
        <UnitTestResult executionId="37a03d67-437d-4e40-91a5-190d5a4db98e" parentExecutionId="f71452e9-c736-4cb6-9519-f7dcd6a8c8ed" testId="9319d01e-de3e-d310-c76e-cae8dce4c924" testName="all_persons_modal_should_negation" computerName="ARPAN-LAP" duration="00:00:00.0287691" startTime="2014-06-25T20:03:22.8550031+05:30" endTime="2014-06-25T20:03:22.8830047+05:30" testType="13cdc9d9-ddb5-4fa4-a97d-d965ccfc6d4b" outcome="Passed" testListId="8c84fa94-04c1-424b-9868-57a2d4851a1d" relativeResultsDirectory="f71452e9-c736-4cb6-9519-f7dcd6a8c8ed" dataRowInfo="8" resultType="DataDrivenDataRow" />
        <UnitTestResult executionId="b416332f-e6c1-401b-91b5-4887340cd557" parentExecutionId="f71452e9-c736-4cb6-9519-f7dcd6a8c8ed" testId="9319d01e-de3e-d310-c76e-cae8dce4c924" testName="all_persons_modal_should_negation" computerName="ARPAN-LAP" duration="00:00:00.0347923" startTime="2014-06-25T20:03:22.8830047+05:30" endTime="2014-06-25T20:03:22.9180067+05:30" testType="13cdc9d9-ddb5-4fa4-a97d-d965ccfc6d4b" outcome="Passed" testListId="8c84fa94-04c1-424b-9868-57a2d4851a1d" relativeResultsDirectory="f71452e9-c736-4cb6-9519-f7dcd6a8c8ed" dataRowInfo="9" resultType="DataDrivenDataRow" />
        <UnitTestResult executionId="377fe676-b37b-4c4a-afe5-aacf3e395c48" parentExecutionId="f71452e9-c736-4cb6-9519-f7dcd6a8c8ed" testId="9319d01e-de3e-d310-c76e-cae8dce4c924" testName="all_persons_modal_should_negation" computerName="ARPAN-LAP" duration="00:00:00.0267392" startTime="2014-06-25T20:03:22.9180067+05:30" endTime="2014-06-25T20:03:22.9450083+05:30" testType="13cdc9d9-ddb5-4fa4-a97d-d965ccfc6d4b" outcome="Passed" testListId="8c84fa94-04c1-424b-9868-57a2d4851a1d" relativeResultsDirectory="f71452e9-c736-4cb6-9519-f7dcd6a8c8ed" dataRowInfo="10" resultType="DataDrivenDataRow" />
        <UnitTestResult executionId="ac70a75b-a671-4f33-8396-ab5ad0c13a4e" parentExecutionId="f71452e9-c736-4cb6-9519-f7dcd6a8c8ed" testId="9319d01e-de3e-d310-c76e-cae8dce4c924" testName="all_persons_modal_should_negation" computerName="ARPAN-LAP" duration="00:00:00.0307714" startTime="2014-06-25T20:03:22.9450083+05:30" endTime="2014-06-25T20:03:22.9760100+05:30" testType="13cdc9d9-ddb5-4fa4-a97d-d965ccfc6d4b" outcome="Passed" testListId="8c84fa94-04c1-424b-9868-57a2d4851a1d" relativeResultsDirectory="f71452e9-c736-4cb6-9519-f7dcd6a8c8ed" dataRowInfo="11" resultType="DataDrivenDataRow" />
        <UnitTestResult executionId="2894222c-d926-47da-99d2-1df3c5b30f21" parentExecutionId="f71452e9-c736-4cb6-9519-f7dcd6a8c8ed" testId="9319d01e-de3e-d310-c76e-cae8dce4c924" testName="all_persons_modal_should_negation" computerName="ARPAN-LAP" duration="00:00:00.0286100" startTime="2014-06-25T20:03:22.9760100+05:30" endTime="2014-06-25T20:03:23.0040116+05:30" testType="13cdc9d9-ddb5-4fa4-a97d-d965ccfc6d4b" outcome="Passed" testListId="8c84fa94-04c1-424b-9868-57a2d4851a1d" relativeResultsDirectory="f71452e9-c736-4cb6-9519-f7dcd6a8c8ed" dataRowInfo="12" resultType="DataDrivenDataRow" />
        <UnitTestResult executionId="8e5aa413-f35a-48dd-a327-2edf1dda27b6" parentExecutionId="f71452e9-c736-4cb6-9519-f7dcd6a8c8ed" testId="9319d01e-de3e-d310-c76e-cae8dce4c924" testName="all_persons_modal_should_negation" computerName="ARPAN-LAP" duration="00:00:00.0290165" startTime="2014-06-25T20:03:23.0050117+05:30" endTime="2014-06-25T20:03:23.0340133+05:30" testType="13cdc9d9-ddb5-4fa4-a97d-d965ccfc6d4b" outcome="Passed" testListId="8c84fa94-04c1-424b-9868-57a2d4851a1d" relativeResultsDirectory="f71452e9-c736-4cb6-9519-f7dcd6a8c8ed" dataRowInfo="13" resultType="DataDrivenDataRow" />
        <UnitTestResult executionId="9c082c16-1308-4bb2-a051-4018d9928f1c" parentExecutionId="f71452e9-c736-4cb6-9519-f7dcd6a8c8ed" testId="9319d01e-de3e-d310-c76e-cae8dce4c924" testName="all_persons_modal_should_negation" computerName="ARPAN-LAP" duration="00:00:00.0360837" startTime="2014-06-25T20:03:23.0340133+05:30" endTime="2014-06-25T20:03:23.0700154+05:30" testType="13cdc9d9-ddb5-4fa4-a97d-d965ccfc6d4b" outcome="Passed" testListId="8c84fa94-04c1-424b-9868-57a2d4851a1d" relativeResultsDirectory="f71452e9-c736-4cb6-9519-f7dcd6a8c8ed" dataRowInfo="14" resultType="DataDrivenDataRow" />
        <UnitTestResult executionId="787b9904-75d9-4ee6-bf65-a5ce087bfafb" parentExecutionId="f71452e9-c736-4cb6-9519-f7dcd6a8c8ed" testId="9319d01e-de3e-d310-c76e-cae8dce4c924" testName="all_persons_modal_should_negation" computerName="ARPAN-LAP" duration="00:00:00.0424010" startTime="2014-06-25T20:03:23.0700154+05:30" endTime="2014-06-25T20:03:23.1120178+05:30" testType="13cdc9d9-ddb5-4fa4-a97d-d965ccfc6d4b" outcome="Passed" testListId="8c84fa94-04c1-424b-9868-57a2d4851a1d" relativeResultsDirectory="f71452e9-c736-4cb6-9519-f7dcd6a8c8ed" dataRowInfo="15" resultType="DataDrivenDataRow" />
        <UnitTestResult executionId="62799a46-3cbd-4aa0-a1c0-c3a5b1cb66e7" parentExecutionId="f71452e9-c736-4cb6-9519-f7dcd6a8c8ed" testId="9319d01e-de3e-d310-c76e-cae8dce4c924" testName="all_persons_modal_should_negation" computerName="ARPAN-LAP" duration="00:00:00.0317569" startTime="2014-06-25T20:03:23.1120178+05:30" endTime="2014-06-25T20:03:23.1440196+05:30" testType="13cdc9d9-ddb5-4fa4-a97d-d965ccfc6d4b" outcome="Passed" testListId="8c84fa94-04c1-424b-9868-57a2d4851a1d" relativeResultsDirectory="f71452e9-c736-4cb6-9519-f7dcd6a8c8ed" dataRowInfo="16" resultType="DataDrivenDataRow" />
      </InnerResults>
    </UnitTestResult>
    <UnitTestResult executionId="f075d703-20b3-45ad-a500-b0e5af876207" testId="97a1371f-e8e6-db3e-323e-49ffeef32df1" testName="interrogative_sentences_which" computerName="ARPAN-LAP" duration="00:00:00.0515849" startTime="2014-06-25T20:03:23.2040231+05:30" endTime="2014-06-25T20:03:23.2720270+05:30" testType="13cdc9d9-ddb5-4fa4-a97d-d965ccfc6d4b" outcome="Passed" testListId="8c84fa94-04c1-424b-9868-57a2d4851a1d" relativeResultsDirectory="f075d703-20b3-45ad-a500-b0e5af876207" resultType="DataDrivenTest">
      <Counters error="0" failed="0" timeout="0" aborted="0" inconclusive="0" passedButRunAborted="0" notRunnable="0" notExecuted="0" disconnected="0" warning="0" passed="2" completed="0" inProgress="0" pending="0" />
      <InnerResults>
        <UnitTestResult executionId="74349969-8b9c-489a-bc96-fbad6f2cc2b0" parentExecutionId="f075d703-20b3-45ad-a500-b0e5af876207" testId="97a1371f-e8e6-db3e-323e-49ffeef32df1" testName="interrogative_sentences_which" computerName="ARPAN-LAP" duration="00:00:00.0223497" startTime="2014-06-25T20:03:23.2140236+05:30" endTime="2014-06-25T20:03:23.2360249+05:30" testType="13cdc9d9-ddb5-4fa4-a97d-d965ccfc6d4b" outcome="Passed" testListId="8c84fa94-04c1-424b-9868-57a2d4851a1d" relativeResultsDirectory="f075d703-20b3-45ad-a500-b0e5af876207" dataRowInfo="0" resultType="DataDrivenDataRow" />
        <UnitTestResult executionId="6245f9e1-631e-4eda-8f6c-ef81834d3188" parentExecutionId="f075d703-20b3-45ad-a500-b0e5af876207" testId="97a1371f-e8e6-db3e-323e-49ffeef32df1" testName="interrogative_sentences_which" computerName="ARPAN-LAP" duration="00:00:00.0264132" startTime="2014-06-25T20:03:23.2360249+05:30" endTime="2014-06-25T20:03:23.2630264+05:30" testType="13cdc9d9-ddb5-4fa4-a97d-d965ccfc6d4b" outcome="Passed" testListId="8c84fa94-04c1-424b-9868-57a2d4851a1d" relativeResultsDirectory="f075d703-20b3-45ad-a500-b0e5af876207" dataRowInfo="1" resultType="DataDrivenDataRow" />
      </InnerResults>
    </UnitTestResult>
    <UnitTestResult executionId="fac12a7a-1a60-4a6b-831a-340f53915a0d" testId="b9261b51-b0a2-10e2-9308-22bb2624de8b" testName="interrogative_sentences_where" computerName="ARPAN-LAP" duration="00:00:00.0982512" startTime="2014-06-25T20:03:23.2840276+05:30" endTime="2014-06-25T20:03:23.3970341+05:30" testType="13cdc9d9-ddb5-4fa4-a97d-d965ccfc6d4b" outcome="Passed" testListId="8c84fa94-04c1-424b-9868-57a2d4851a1d" relativeResultsDirectory="fac12a7a-1a60-4a6b-831a-340f53915a0d" resultType="DataDrivenTest">
      <Counters error="0" failed="0" timeout="0" aborted="0" inconclusive="0" passedButRunAborted="0" notRunnable="0" notExecuted="0" disconnected="0" warning="0" passed="3" completed="0" inProgress="0" pending="0" />
      <InnerResults>
        <UnitTestResult executionId="8a19b94b-ad67-49be-83a0-70d82e041a92" parentExecutionId="fac12a7a-1a60-4a6b-831a-340f53915a0d" testId="b9261b51-b0a2-10e2-9308-22bb2624de8b" testName="interrogative_sentences_where" computerName="ARPAN-LAP" duration="00:00:00.0239927" startTime="2014-06-25T20:03:23.3060289+05:30" endTime="2014-06-25T20:03:23.3300303+05:30" testType="13cdc9d9-ddb5-4fa4-a97d-d965ccfc6d4b" outcome="Passed" testListId="8c84fa94-04c1-424b-9868-57a2d4851a1d" relativeResultsDirectory="fac12a7a-1a60-4a6b-831a-340f53915a0d" dataRowInfo="0" resultType="DataDrivenDataRow" />
        <UnitTestResult executionId="969f5b22-3b87-4672-8006-f6c3fdde0984" parentExecutionId="fac12a7a-1a60-4a6b-831a-340f53915a0d" testId="b9261b51-b0a2-10e2-9308-22bb2624de8b" testName="interrogative_sentences_where" computerName="ARPAN-LAP" duration="00:00:00.0257270" startTime="2014-06-25T20:03:23.3300303+05:30" endTime="2014-06-25T20:03:23.3550317+05:30" testType="13cdc9d9-ddb5-4fa4-a97d-d965ccfc6d4b" outcome="Passed" testListId="8c84fa94-04c1-424b-9868-57a2d4851a1d" relativeResultsDirectory="fac12a7a-1a60-4a6b-831a-340f53915a0d" dataRowInfo="1" resultType="DataDrivenDataRow" />
        <UnitTestResult executionId="211841e0-b9d7-457b-b067-efade2b152d1" parentExecutionId="fac12a7a-1a60-4a6b-831a-340f53915a0d" testId="b9261b51-b0a2-10e2-9308-22bb2624de8b" testName="interrogative_sentences_where" computerName="ARPAN-LAP" duration="00:00:00.0295575" startTime="2014-06-25T20:03:23.3550317+05:30" endTime="2014-06-25T20:03:23.3850334+05:30" testType="13cdc9d9-ddb5-4fa4-a97d-d965ccfc6d4b" outcome="Passed" testListId="8c84fa94-04c1-424b-9868-57a2d4851a1d" relativeResultsDirectory="fac12a7a-1a60-4a6b-831a-340f53915a0d" dataRowInfo="2" resultType="DataDrivenDataRow" />
      </InnerResults>
    </UnitTestResult>
    <UnitTestResult executionId="01b74426-ec88-417c-a4cb-b8c3d0866c96" testId="bdfe92b2-f4ac-73a5-f13d-5c1ea13721b4" testName="all_persons_tenses_passive_negation" computerName="ARPAN-LAP" duration="00:00:00.3731509" startTime="2014-06-25T20:03:23.4030344+05:30" endTime="2014-06-25T20:03:23.8110578+05:30" testType="13cdc9d9-ddb5-4fa4-a97d-d965ccfc6d4b" outcome="Passed" testListId="8c84fa94-04c1-424b-9868-57a2d4851a1d" relativeResultsDirectory="01b74426-ec88-417c-a4cb-b8c3d0866c96" resultType="DataDrivenTest">
      <Counters error="0" failed="0" timeout="0" aborted="0" inconclusive="0" passedButRunAborted="0" notRunnable="0" notExecuted="0" disconnected="0" warning="0" passed="10" completed="0" inProgress="0" pending="0" />
      <InnerResults>
        <UnitTestResult executionId="66254cf5-389b-43e5-8eab-447e4ce61529" parentExecutionId="01b74426-ec88-417c-a4cb-b8c3d0866c96" testId="bdfe92b2-f4ac-73a5-f13d-5c1ea13721b4" testName="all_persons_tenses_passive_negation" computerName="ARPAN-LAP" duration="00:00:00.0245675" startTime="2014-06-25T20:03:23.4190354+05:30" endTime="2014-06-25T20:03:23.4440368+05:30" testType="13cdc9d9-ddb5-4fa4-a97d-d965ccfc6d4b" outcome="Passed" testListId="8c84fa94-04c1-424b-9868-57a2d4851a1d" relativeResultsDirectory="01b74426-ec88-417c-a4cb-b8c3d0866c96" dataRowInfo="0" resultType="DataDrivenDataRow" />
        <UnitTestResult executionId="a8e91063-0341-43c1-9239-b62eee498273" parentExecutionId="01b74426-ec88-417c-a4cb-b8c3d0866c96" testId="bdfe92b2-f4ac-73a5-f13d-5c1ea13721b4" testName="all_persons_tenses_passive_negation" computerName="ARPAN-LAP" duration="00:00:00.0896042" startTime="2014-06-25T20:03:23.4440368+05:30" endTime="2014-06-25T20:03:23.5330419+05:30" testType="13cdc9d9-ddb5-4fa4-a97d-d965ccfc6d4b" outcome="Passed" testListId="8c84fa94-04c1-424b-9868-57a2d4851a1d" relativeResultsDirectory="01b74426-ec88-417c-a4cb-b8c3d0866c96" dataRowInfo="1" resultType="DataDrivenDataRow" />
        <UnitTestResult executionId="777a4899-217c-4481-9433-0cfbb00cac8b" parentExecutionId="01b74426-ec88-417c-a4cb-b8c3d0866c96" testId="bdfe92b2-f4ac-73a5-f13d-5c1ea13721b4" testName="all_persons_tenses_passive_negation" computerName="ARPAN-LAP" duration="00:00:00.0340199" startTime="2014-06-25T20:03:23.5330419+05:30" endTime="2014-06-25T20:03:23.5670438+05:30" testType="13cdc9d9-ddb5-4fa4-a97d-d965ccfc6d4b" outcome="Passed" testListId="8c84fa94-04c1-424b-9868-57a2d4851a1d" relativeResultsDirectory="01b74426-ec88-417c-a4cb-b8c3d0866c96" dataRowInfo="2" resultType="DataDrivenDataRow" />
        <UnitTestResult executionId="b701b43d-a46f-4d34-8c3d-30cd9f7562ad" parentExecutionId="01b74426-ec88-417c-a4cb-b8c3d0866c96" testId="bdfe92b2-f4ac-73a5-f13d-5c1ea13721b4" testName="all_persons_tenses_passive_negation" computerName="ARPAN-LAP" duration="00:00:00.0357598" startTime="2014-06-25T20:03:23.5670438+05:30" endTime="2014-06-25T20:03:23.6030459+05:30" testType="13cdc9d9-ddb5-4fa4-a97d-d965ccfc6d4b" outcome="Passed" testListId="8c84fa94-04c1-424b-9868-57a2d4851a1d" relativeResultsDirectory="01b74426-ec88-417c-a4cb-b8c3d0866c96" dataRowInfo="3" resultType="DataDrivenDataRow" />
        <UnitTestResult executionId="c85de0e4-1bad-4ed0-bf64-4a94f9ed3066" parentExecutionId="01b74426-ec88-417c-a4cb-b8c3d0866c96" testId="bdfe92b2-f4ac-73a5-f13d-5c1ea13721b4" testName="all_persons_tenses_passive_negation" computerName="ARPAN-LAP" duration="00:00:00.0220191" startTime="2014-06-25T20:03:23.6030459+05:30" endTime="2014-06-25T20:03:23.6250471+05:30" testType="13cdc9d9-ddb5-4fa4-a97d-d965ccfc6d4b" outcome="Passed" testListId="8c84fa94-04c1-424b-9868-57a2d4851a1d" relativeResultsDirectory="01b74426-ec88-417c-a4cb-b8c3d0866c96" dataRowInfo="4" resultType="DataDrivenDataRow" />
        <UnitTestResult executionId="919401c8-6b02-4a00-8b5a-3e28ccb39c03" parentExecutionId="01b74426-ec88-417c-a4cb-b8c3d0866c96" testId="bdfe92b2-f4ac-73a5-f13d-5c1ea13721b4" testName="all_persons_tenses_passive_negation" computerName="ARPAN-LAP" duration="00:00:00.0272165" startTime="2014-06-25T20:03:23.6250471+05:30" endTime="2014-06-25T20:03:23.6530487+05:30" testType="13cdc9d9-ddb5-4fa4-a97d-d965ccfc6d4b" outcome="Passed" testListId="8c84fa94-04c1-424b-9868-57a2d4851a1d" relativeResultsDirectory="01b74426-ec88-417c-a4cb-b8c3d0866c96" dataRowInfo="5" resultType="DataDrivenDataRow" />
        <UnitTestResult executionId="0b918c2f-bca8-4f4a-b667-591c77c7b894" parentExecutionId="01b74426-ec88-417c-a4cb-b8c3d0866c96" testId="bdfe92b2-f4ac-73a5-f13d-5c1ea13721b4" testName="all_persons_tenses_passive_negation" computerName="ARPAN-LAP" duration="00:00:00.0272078" startTime="2014-06-25T20:03:23.6530487+05:30" endTime="2014-06-25T20:03:23.6800503+05:30" testType="13cdc9d9-ddb5-4fa4-a97d-d965ccfc6d4b" outcome="Passed" testListId="8c84fa94-04c1-424b-9868-57a2d4851a1d" relativeResultsDirectory="01b74426-ec88-417c-a4cb-b8c3d0866c96" dataRowInfo="6" resultType="DataDrivenDataRow" />
        <UnitTestResult executionId="c0392391-56c5-4cff-9401-18a64c27cd7b" parentExecutionId="01b74426-ec88-417c-a4cb-b8c3d0866c96" testId="bdfe92b2-f4ac-73a5-f13d-5c1ea13721b4" testName="all_persons_tenses_passive_negation" computerName="ARPAN-LAP" duration="00:00:00.0329199" startTime="2014-06-25T20:03:23.6800503+05:30" endTime="2014-06-25T20:03:23.7130522+05:30" testType="13cdc9d9-ddb5-4fa4-a97d-d965ccfc6d4b" outcome="Passed" testListId="8c84fa94-04c1-424b-9868-57a2d4851a1d" relativeResultsDirectory="01b74426-ec88-417c-a4cb-b8c3d0866c96" dataRowInfo="7" resultType="DataDrivenDataRow" />
        <UnitTestResult executionId="cefd8339-87ad-4dcc-b84b-5b78473b9932" parentExecutionId="01b74426-ec88-417c-a4cb-b8c3d0866c96" testId="bdfe92b2-f4ac-73a5-f13d-5c1ea13721b4" testName="all_persons_tenses_passive_negation" computerName="ARPAN-LAP" duration="00:00:00.0319550" startTime="2014-06-25T20:03:23.7130522+05:30" endTime="2014-06-25T20:03:23.7450540+05:30" testType="13cdc9d9-ddb5-4fa4-a97d-d965ccfc6d4b" outcome="Passed" testListId="8c84fa94-04c1-424b-9868-57a2d4851a1d" relativeResultsDirectory="01b74426-ec88-417c-a4cb-b8c3d0866c96" dataRowInfo="8" resultType="DataDrivenDataRow" />
        <UnitTestResult executionId="8f96af5c-39af-417f-a2d6-8c43a1dc471c" parentExecutionId="01b74426-ec88-417c-a4cb-b8c3d0866c96" testId="bdfe92b2-f4ac-73a5-f13d-5c1ea13721b4" testName="all_persons_tenses_passive_negation" computerName="ARPAN-LAP" duration="00:00:00.0340440" startTime="2014-06-25T20:03:23.7450540+05:30" endTime="2014-06-25T20:03:23.7790560+05:30" testType="13cdc9d9-ddb5-4fa4-a97d-d965ccfc6d4b" outcome="Passed" testListId="8c84fa94-04c1-424b-9868-57a2d4851a1d" relativeResultsDirectory="01b74426-ec88-417c-a4cb-b8c3d0866c96" dataRowInfo="9" resultType="DataDrivenDataRow" />
      </InnerResults>
    </UnitTestResult>
    <UnitTestResult executionId="df2c45ff-9075-47e2-8646-262c18efc2b5" testId="c79146bc-2376-961a-5de9-441b5dfc7188" testName="auxiliary_verbs_as_main_verbs" computerName="ARPAN-LAP" duration="00:00:00.9759687" startTime="2014-06-25T20:03:23.8260586+05:30" endTime="2014-06-25T20:03:24.8811190+05:30" testType="13cdc9d9-ddb5-4fa4-a97d-d965ccfc6d4b" outcome="Passed" testListId="8c84fa94-04c1-424b-9868-57a2d4851a1d" relativeResultsDirectory="df2c45ff-9075-47e2-8646-262c18efc2b5" resultType="DataDrivenTest">
      <Counters error="0" failed="0" timeout="0" aborted="0" inconclusive="0" passedButRunAborted="0" notRunnable="0" notExecuted="0" disconnected="0" warning="0" passed="25" completed="0" inProgress="0" pending="0" />
      <InnerResults>
        <UnitTestResult executionId="df6c5565-6ecd-49f1-ac09-b74615053574" parentExecutionId="df2c45ff-9075-47e2-8646-262c18efc2b5" testId="c79146bc-2376-961a-5de9-441b5dfc7188" testName="auxiliary_verbs_as_main_verbs" computerName="ARPAN-LAP" duration="00:00:00.0576497" startTime="2014-06-25T20:03:24.0250700+05:30" endTime="2014-06-25T20:03:24.0830733+05:30" testType="13cdc9d9-ddb5-4fa4-a97d-d965ccfc6d4b" outcome="Passed" testListId="8c84fa94-04c1-424b-9868-57a2d4851a1d" relativeResultsDirectory="df2c45ff-9075-47e2-8646-262c18efc2b5" dataRowInfo="0" resultType="DataDrivenDataRow" />
        <UnitTestResult executionId="0b7e59f5-715f-422f-9fb2-100d482b5913" parentExecutionId="df2c45ff-9075-47e2-8646-262c18efc2b5" testId="c79146bc-2376-961a-5de9-441b5dfc7188" testName="auxiliary_verbs_as_main_verbs" computerName="ARPAN-LAP" duration="00:00:00.0923307" startTime="2014-06-25T20:03:24.0830733+05:30" endTime="2014-06-25T20:03:24.1750786+05:30" testType="13cdc9d9-ddb5-4fa4-a97d-d965ccfc6d4b" outcome="Passed" testListId="8c84fa94-04c1-424b-9868-57a2d4851a1d" relativeResultsDirectory="df2c45ff-9075-47e2-8646-262c18efc2b5" dataRowInfo="1" resultType="DataDrivenDataRow" />
        <UnitTestResult executionId="cb38055c-ceab-4ee5-a39d-76ec0164647a" parentExecutionId="df2c45ff-9075-47e2-8646-262c18efc2b5" testId="c79146bc-2376-961a-5de9-441b5dfc7188" testName="auxiliary_verbs_as_main_verbs" computerName="ARPAN-LAP" duration="00:00:00.0341990" startTime="2014-06-25T20:03:24.1750786+05:30" endTime="2014-06-25T20:03:24.2090806+05:30" testType="13cdc9d9-ddb5-4fa4-a97d-d965ccfc6d4b" outcome="Passed" testListId="8c84fa94-04c1-424b-9868-57a2d4851a1d" relativeResultsDirectory="df2c45ff-9075-47e2-8646-262c18efc2b5" dataRowInfo="2" resultType="DataDrivenDataRow" />
        <UnitTestResult executionId="3f46ba92-6cb7-4516-bc6f-bd6ce23ad537" parentExecutionId="df2c45ff-9075-47e2-8646-262c18efc2b5" testId="c79146bc-2376-961a-5de9-441b5dfc7188" testName="auxiliary_verbs_as_main_verbs" computerName="ARPAN-LAP" duration="00:00:00.0346563" startTime="2014-06-25T20:03:24.2090806+05:30" endTime="2014-06-25T20:03:24.2440826+05:30" testType="13cdc9d9-ddb5-4fa4-a97d-d965ccfc6d4b" outcome="Passed" testListId="8c84fa94-04c1-424b-9868-57a2d4851a1d" relativeResultsDirectory="df2c45ff-9075-47e2-8646-262c18efc2b5" dataRowInfo="3" resultType="DataDrivenDataRow" />
        <UnitTestResult executionId="f53dc90e-255e-4189-b5be-df4a03a9fd11" parentExecutionId="df2c45ff-9075-47e2-8646-262c18efc2b5" testId="c79146bc-2376-961a-5de9-441b5dfc7188" testName="auxiliary_verbs_as_main_verbs" computerName="ARPAN-LAP" duration="00:00:00.0722085" startTime="2014-06-25T20:03:24.2440826+05:30" endTime="2014-06-25T20:03:24.3160867+05:30" testType="13cdc9d9-ddb5-4fa4-a97d-d965ccfc6d4b" outcome="Passed" testListId="8c84fa94-04c1-424b-9868-57a2d4851a1d" relativeResultsDirectory="df2c45ff-9075-47e2-8646-262c18efc2b5" dataRowInfo="4" resultType="DataDrivenDataRow" />
        <UnitTestResult executionId="9417b704-2a0f-475a-9218-8d9d20e42b3c" parentExecutionId="df2c45ff-9075-47e2-8646-262c18efc2b5" testId="c79146bc-2376-961a-5de9-441b5dfc7188" testName="auxiliary_verbs_as_main_verbs" computerName="ARPAN-LAP" duration="00:00:00.0288661" startTime="2014-06-25T20:03:24.3160867+05:30" endTime="2014-06-25T20:03:24.3450883+05:30" testType="13cdc9d9-ddb5-4fa4-a97d-d965ccfc6d4b" outcome="Passed" testListId="8c84fa94-04c1-424b-9868-57a2d4851a1d" relativeResultsDirectory="df2c45ff-9075-47e2-8646-262c18efc2b5" dataRowInfo="5" resultType="DataDrivenDataRow" />
        <UnitTestResult executionId="414fd479-ad09-4c00-9272-09bbb77dbbbd" parentExecutionId="df2c45ff-9075-47e2-8646-262c18efc2b5" testId="c79146bc-2376-961a-5de9-441b5dfc7188" testName="auxiliary_verbs_as_main_verbs" computerName="ARPAN-LAP" duration="00:00:00.0283662" startTime="2014-06-25T20:03:24.3450883+05:30" endTime="2014-06-25T20:03:24.3740900+05:30" testType="13cdc9d9-ddb5-4fa4-a97d-d965ccfc6d4b" outcome="Passed" testListId="8c84fa94-04c1-424b-9868-57a2d4851a1d" relativeResultsDirectory="df2c45ff-9075-47e2-8646-262c18efc2b5" dataRowInfo="6" resultType="DataDrivenDataRow" />
        <UnitTestResult executionId="caf6ee21-677d-4648-a14f-a7bcae984586" parentExecutionId="df2c45ff-9075-47e2-8646-262c18efc2b5" testId="c79146bc-2376-961a-5de9-441b5dfc7188" testName="auxiliary_verbs_as_main_verbs" computerName="ARPAN-LAP" duration="00:00:00.0360529" startTime="2014-06-25T20:03:24.3740900+05:30" endTime="2014-06-25T20:03:24.4100920+05:30" testType="13cdc9d9-ddb5-4fa4-a97d-d965ccfc6d4b" outcome="Passed" testListId="8c84fa94-04c1-424b-9868-57a2d4851a1d" relativeResultsDirectory="df2c45ff-9075-47e2-8646-262c18efc2b5" dataRowInfo="7" resultType="DataDrivenDataRow" />
        <UnitTestResult executionId="79e9554b-7252-4988-8b08-f45678653579" parentExecutionId="df2c45ff-9075-47e2-8646-262c18efc2b5" testId="c79146bc-2376-961a-5de9-441b5dfc7188" testName="auxiliary_verbs_as_main_verbs" computerName="ARPAN-LAP" duration="00:00:00.0449761" startTime="2014-06-25T20:03:24.4100920+05:30" endTime="2014-06-25T20:03:24.4550946+05:30" testType="13cdc9d9-ddb5-4fa4-a97d-d965ccfc6d4b" outcome="Passed" testListId="8c84fa94-04c1-424b-9868-57a2d4851a1d" relativeResultsDirectory="df2c45ff-9075-47e2-8646-262c18efc2b5" dataRowInfo="8" resultType="DataDrivenDataRow" />
        <UnitTestResult executionId="33d6a1c7-5f4a-4598-8b61-f43da552c4b9" parentExecutionId="df2c45ff-9075-47e2-8646-262c18efc2b5" testId="c79146bc-2376-961a-5de9-441b5dfc7188" testName="auxiliary_verbs_as_main_verbs" computerName="ARPAN-LAP" duration="00:00:00.0194312" startTime="2014-06-25T20:03:24.4550946+05:30" endTime="2014-06-25T20:03:24.4740957+05:30" testType="13cdc9d9-ddb5-4fa4-a97d-d965ccfc6d4b" outcome="Passed" testListId="8c84fa94-04c1-424b-9868-57a2d4851a1d" relativeResultsDirectory="df2c45ff-9075-47e2-8646-262c18efc2b5" dataRowInfo="9" resultType="DataDrivenDataRow" />
        <UnitTestResult executionId="561d09e3-2497-4982-a808-8650f89116cb" parentExecutionId="df2c45ff-9075-47e2-8646-262c18efc2b5" testId="c79146bc-2376-961a-5de9-441b5dfc7188" testName="auxiliary_verbs_as_main_verbs" computerName="ARPAN-LAP" duration="00:00:00.0190653" startTime="2014-06-25T20:03:24.4740957+05:30" endTime="2014-06-25T20:03:24.4930968+05:30" testType="13cdc9d9-ddb5-4fa4-a97d-d965ccfc6d4b" outcome="Passed" testListId="8c84fa94-04c1-424b-9868-57a2d4851a1d" relativeResultsDirectory="df2c45ff-9075-47e2-8646-262c18efc2b5" dataRowInfo="10" resultType="DataDrivenDataRow" />
        <UnitTestResult executionId="25aee396-a0af-454e-b756-50e4a44c16d0" parentExecutionId="df2c45ff-9075-47e2-8646-262c18efc2b5" testId="c79146bc-2376-961a-5de9-441b5dfc7188" testName="auxiliary_verbs_as_main_verbs" computerName="ARPAN-LAP" duration="00:00:00.0254858" startTime="2014-06-25T20:03:24.4930968+05:30" endTime="2014-06-25T20:03:24.5190983+05:30" testType="13cdc9d9-ddb5-4fa4-a97d-d965ccfc6d4b" outcome="Passed" testListId="8c84fa94-04c1-424b-9868-57a2d4851a1d" relativeResultsDirectory="df2c45ff-9075-47e2-8646-262c18efc2b5" dataRowInfo="11" resultType="DataDrivenDataRow" />
        <UnitTestResult executionId="667af681-32fc-47e4-9057-d48513fe30a4" parentExecutionId="df2c45ff-9075-47e2-8646-262c18efc2b5" testId="c79146bc-2376-961a-5de9-441b5dfc7188" testName="auxiliary_verbs_as_main_verbs" computerName="ARPAN-LAP" duration="00:00:00.0275948" startTime="2014-06-25T20:03:24.5190983+05:30" endTime="2014-06-25T20:03:24.5470999+05:30" testType="13cdc9d9-ddb5-4fa4-a97d-d965ccfc6d4b" outcome="Passed" testListId="8c84fa94-04c1-424b-9868-57a2d4851a1d" relativeResultsDirectory="df2c45ff-9075-47e2-8646-262c18efc2b5" dataRowInfo="12" resultType="DataDrivenDataRow" />
        <UnitTestResult executionId="9d65ae05-607a-49c3-8529-2202f8397103" parentExecutionId="df2c45ff-9075-47e2-8646-262c18efc2b5" testId="c79146bc-2376-961a-5de9-441b5dfc7188" testName="auxiliary_verbs_as_main_verbs" computerName="ARPAN-LAP" duration="00:00:00.0261161" startTime="2014-06-25T20:03:24.5470999+05:30" endTime="2014-06-25T20:03:24.5731014+05:30" testType="13cdc9d9-ddb5-4fa4-a97d-d965ccfc6d4b" outcome="Passed" testListId="8c84fa94-04c1-424b-9868-57a2d4851a1d" relativeResultsDirectory="df2c45ff-9075-47e2-8646-262c18efc2b5" dataRowInfo="13" resultType="DataDrivenDataRow" />
        <UnitTestResult executionId="7513d896-177b-4e88-a907-5913462285e6" parentExecutionId="df2c45ff-9075-47e2-8646-262c18efc2b5" testId="c79146bc-2376-961a-5de9-441b5dfc7188" testName="auxiliary_verbs_as_main_verbs" computerName="ARPAN-LAP" duration="00:00:00.0210532" startTime="2014-06-25T20:03:24.5731014+05:30" endTime="2014-06-25T20:03:24.5941026+05:30" testType="13cdc9d9-ddb5-4fa4-a97d-d965ccfc6d4b" outcome="Passed" testListId="8c84fa94-04c1-424b-9868-57a2d4851a1d" relativeResultsDirectory="df2c45ff-9075-47e2-8646-262c18efc2b5" dataRowInfo="14" resultType="DataDrivenDataRow" />
        <UnitTestResult executionId="121eae73-0b0e-4eee-9bae-eca9e92b90ab" parentExecutionId="df2c45ff-9075-47e2-8646-262c18efc2b5" testId="c79146bc-2376-961a-5de9-441b5dfc7188" testName="auxiliary_verbs_as_main_verbs" computerName="ARPAN-LAP" duration="00:00:00.0187240" startTime="2014-06-25T20:03:24.5941026+05:30" endTime="2014-06-25T20:03:24.6131037+05:30" testType="13cdc9d9-ddb5-4fa4-a97d-d965ccfc6d4b" outcome="Passed" testListId="8c84fa94-04c1-424b-9868-57a2d4851a1d" relativeResultsDirectory="df2c45ff-9075-47e2-8646-262c18efc2b5" dataRowInfo="15" resultType="DataDrivenDataRow" />
        <UnitTestResult executionId="9e4c1286-5582-4ec5-81a3-cc1febd62e78" parentExecutionId="df2c45ff-9075-47e2-8646-262c18efc2b5" testId="c79146bc-2376-961a-5de9-441b5dfc7188" testName="auxiliary_verbs_as_main_verbs" computerName="ARPAN-LAP" duration="00:00:00.0256521" startTime="2014-06-25T20:03:24.6131037+05:30" endTime="2014-06-25T20:03:24.6381051+05:30" testType="13cdc9d9-ddb5-4fa4-a97d-d965ccfc6d4b" outcome="Passed" testListId="8c84fa94-04c1-424b-9868-57a2d4851a1d" relativeResultsDirectory="df2c45ff-9075-47e2-8646-262c18efc2b5" dataRowInfo="16" resultType="DataDrivenDataRow" />
        <UnitTestResult executionId="bc453713-b2d2-414a-a7ff-803c5e90326f" parentExecutionId="df2c45ff-9075-47e2-8646-262c18efc2b5" testId="c79146bc-2376-961a-5de9-441b5dfc7188" testName="auxiliary_verbs_as_main_verbs" computerName="ARPAN-LAP" duration="00:00:00.0194087" startTime="2014-06-25T20:03:24.6381051+05:30" endTime="2014-06-25T20:03:24.6581062+05:30" testType="13cdc9d9-ddb5-4fa4-a97d-d965ccfc6d4b" outcome="Passed" testListId="8c84fa94-04c1-424b-9868-57a2d4851a1d" relativeResultsDirectory="df2c45ff-9075-47e2-8646-262c18efc2b5" dataRowInfo="17" resultType="DataDrivenDataRow" />
        <UnitTestResult executionId="fd674868-ff41-4865-bf47-7e06caf26b93" parentExecutionId="df2c45ff-9075-47e2-8646-262c18efc2b5" testId="c79146bc-2376-961a-5de9-441b5dfc7188" testName="auxiliary_verbs_as_main_verbs" computerName="ARPAN-LAP" duration="00:00:00.0192218" startTime="2014-06-25T20:03:24.6581062+05:30" endTime="2014-06-25T20:03:24.6771073+05:30" testType="13cdc9d9-ddb5-4fa4-a97d-d965ccfc6d4b" outcome="Passed" testListId="8c84fa94-04c1-424b-9868-57a2d4851a1d" relativeResultsDirectory="df2c45ff-9075-47e2-8646-262c18efc2b5" dataRowInfo="18" resultType="DataDrivenDataRow" />
        <UnitTestResult executionId="c505fd94-55b8-4591-ba5a-db450d0aef57" parentExecutionId="df2c45ff-9075-47e2-8646-262c18efc2b5" testId="c79146bc-2376-961a-5de9-441b5dfc7188" testName="auxiliary_verbs_as_main_verbs" computerName="ARPAN-LAP" duration="00:00:00.0258486" startTime="2014-06-25T20:03:24.6771073+05:30" endTime="2014-06-25T20:03:24.7031088+05:30" testType="13cdc9d9-ddb5-4fa4-a97d-d965ccfc6d4b" outcome="Passed" testListId="8c84fa94-04c1-424b-9868-57a2d4851a1d" relativeResultsDirectory="df2c45ff-9075-47e2-8646-262c18efc2b5" dataRowInfo="19" resultType="DataDrivenDataRow" />
        <UnitTestResult executionId="27ad129c-97f2-49b7-94b9-e63cdabf1f5f" parentExecutionId="df2c45ff-9075-47e2-8646-262c18efc2b5" testId="c79146bc-2376-961a-5de9-441b5dfc7188" testName="auxiliary_verbs_as_main_verbs" computerName="ARPAN-LAP" duration="00:00:00.0246522" startTime="2014-06-25T20:03:24.7031088+05:30" endTime="2014-06-25T20:03:24.7281102+05:30" testType="13cdc9d9-ddb5-4fa4-a97d-d965ccfc6d4b" outcome="Passed" testListId="8c84fa94-04c1-424b-9868-57a2d4851a1d" relativeResultsDirectory="df2c45ff-9075-47e2-8646-262c18efc2b5" dataRowInfo="20" resultType="DataDrivenDataRow" />
        <UnitTestResult executionId="359fd852-60a8-4cae-af65-c4acd5553f99" parentExecutionId="df2c45ff-9075-47e2-8646-262c18efc2b5" testId="c79146bc-2376-961a-5de9-441b5dfc7188" testName="auxiliary_verbs_as_main_verbs" computerName="ARPAN-LAP" duration="00:00:00.0262418" startTime="2014-06-25T20:03:24.7281102+05:30" endTime="2014-06-25T20:03:24.7541117+05:30" testType="13cdc9d9-ddb5-4fa4-a97d-d965ccfc6d4b" outcome="Passed" testListId="8c84fa94-04c1-424b-9868-57a2d4851a1d" relativeResultsDirectory="df2c45ff-9075-47e2-8646-262c18efc2b5" dataRowInfo="21" resultType="DataDrivenDataRow" />
        <UnitTestResult executionId="bc6b9618-0b3a-4b6f-a0ee-4cfaf0708f8e" parentExecutionId="df2c45ff-9075-47e2-8646-262c18efc2b5" testId="c79146bc-2376-961a-5de9-441b5dfc7188" testName="auxiliary_verbs_as_main_verbs" computerName="ARPAN-LAP" duration="00:00:00.0163188" startTime="2014-06-25T20:03:24.7541117+05:30" endTime="2014-06-25T20:03:24.7701126+05:30" testType="13cdc9d9-ddb5-4fa4-a97d-d965ccfc6d4b" outcome="Passed" testListId="8c84fa94-04c1-424b-9868-57a2d4851a1d" relativeResultsDirectory="df2c45ff-9075-47e2-8646-262c18efc2b5" dataRowInfo="22" resultType="DataDrivenDataRow" />
        <UnitTestResult executionId="8b487318-ef95-44cf-b44a-1cf73d68f120" parentExecutionId="df2c45ff-9075-47e2-8646-262c18efc2b5" testId="c79146bc-2376-961a-5de9-441b5dfc7188" testName="auxiliary_verbs_as_main_verbs" computerName="ARPAN-LAP" duration="00:00:00.0182174" startTime="2014-06-25T20:03:24.7701126+05:30" endTime="2014-06-25T20:03:24.7891137+05:30" testType="13cdc9d9-ddb5-4fa4-a97d-d965ccfc6d4b" outcome="Passed" testListId="8c84fa94-04c1-424b-9868-57a2d4851a1d" relativeResultsDirectory="df2c45ff-9075-47e2-8646-262c18efc2b5" dataRowInfo="23" resultType="DataDrivenDataRow" />
        <UnitTestResult executionId="c44e17a9-e331-42f4-adcc-38af0e54dbf1" parentExecutionId="df2c45ff-9075-47e2-8646-262c18efc2b5" testId="c79146bc-2376-961a-5de9-441b5dfc7188" testName="auxiliary_verbs_as_main_verbs" computerName="ARPAN-LAP" duration="00:00:00.0258245" startTime="2014-06-25T20:03:24.7891137+05:30" endTime="2014-06-25T20:03:24.8141152+05:30" testType="13cdc9d9-ddb5-4fa4-a97d-d965ccfc6d4b" outcome="Passed" testListId="8c84fa94-04c1-424b-9868-57a2d4851a1d" relativeResultsDirectory="df2c45ff-9075-47e2-8646-262c18efc2b5" dataRowInfo="24" resultType="DataDrivenDataRow" />
      </InnerResults>
    </UnitTestResult>
    <UnitTestResult executionId="da38a2e9-c8f9-4ca3-a9a9-d8217e33f955" testId="d03eb628-bf1f-c27d-aeef-e708d613d686" testName="all_persons_modal_can_may_negation" computerName="ARPAN-LAP" duration="00:00:00.6938977" startTime="2014-06-25T20:03:24.8911196+05:30" endTime="2014-06-25T20:03:25.6531631+05:30" testType="13cdc9d9-ddb5-4fa4-a97d-d965ccfc6d4b" outcome="Passed" testListId="8c84fa94-04c1-424b-9868-57a2d4851a1d" relativeResultsDirectory="da38a2e9-c8f9-4ca3-a9a9-d8217e33f955" resultType="DataDrivenTest">
      <Counters error="0" failed="0" timeout="0" aborted="0" inconclusive="0" passedButRunAborted="0" notRunnable="0" notExecuted="0" disconnected="0" warning="0" passed="24" completed="0" inProgress="0" pending="0" />
      <InnerResults>
        <UnitTestResult executionId="4908247e-0071-4a62-879b-8c3028765eda" parentExecutionId="da38a2e9-c8f9-4ca3-a9a9-d8217e33f955" testId="d03eb628-bf1f-c27d-aeef-e708d613d686" testName="all_persons_modal_can_may_negation" computerName="ARPAN-LAP" duration="00:00:00.0239003" startTime="2014-06-25T20:03:24.9111207+05:30" endTime="2014-06-25T20:03:24.9351221+05:30" testType="13cdc9d9-ddb5-4fa4-a97d-d965ccfc6d4b" outcome="Passed" testListId="8c84fa94-04c1-424b-9868-57a2d4851a1d" relativeResultsDirectory="da38a2e9-c8f9-4ca3-a9a9-d8217e33f955" dataRowInfo="0" resultType="DataDrivenDataRow" />
        <UnitTestResult executionId="e9113055-8163-4c0a-b611-c1f16f16622f" parentExecutionId="da38a2e9-c8f9-4ca3-a9a9-d8217e33f955" testId="d03eb628-bf1f-c27d-aeef-e708d613d686" testName="all_persons_modal_can_may_negation" computerName="ARPAN-LAP" duration="00:00:00.0225591" startTime="2014-06-25T20:03:24.9351221+05:30" endTime="2014-06-25T20:03:24.9571233+05:30" testType="13cdc9d9-ddb5-4fa4-a97d-d965ccfc6d4b" outcome="Passed" testListId="8c84fa94-04c1-424b-9868-57a2d4851a1d" relativeResultsDirectory="da38a2e9-c8f9-4ca3-a9a9-d8217e33f955" dataRowInfo="1" resultType="DataDrivenDataRow" />
        <UnitTestResult executionId="313f09c9-c5f0-40ea-b891-7de7459c4b3f" parentExecutionId="da38a2e9-c8f9-4ca3-a9a9-d8217e33f955" testId="d03eb628-bf1f-c27d-aeef-e708d613d686" testName="all_persons_modal_can_may_negation" computerName="ARPAN-LAP" duration="00:00:00.0244428" startTime="2014-06-25T20:03:24.9571233+05:30" endTime="2014-06-25T20:03:24.9821248+05:30" testType="13cdc9d9-ddb5-4fa4-a97d-d965ccfc6d4b" outcome="Passed" testListId="8c84fa94-04c1-424b-9868-57a2d4851a1d" relativeResultsDirectory="da38a2e9-c8f9-4ca3-a9a9-d8217e33f955" dataRowInfo="2" resultType="DataDrivenDataRow" />
        <UnitTestResult executionId="d846797a-0343-4bb0-9a5c-7ed659a118b6" parentExecutionId="da38a2e9-c8f9-4ca3-a9a9-d8217e33f955" testId="d03eb628-bf1f-c27d-aeef-e708d613d686" testName="all_persons_modal_can_may_negation" computerName="ARPAN-LAP" duration="00:00:00.0237483" startTime="2014-06-25T20:03:24.9821248+05:30" endTime="2014-06-25T20:03:25.0051261+05:30" testType="13cdc9d9-ddb5-4fa4-a97d-d965ccfc6d4b" outcome="Passed" testListId="8c84fa94-04c1-424b-9868-57a2d4851a1d" relativeResultsDirectory="da38a2e9-c8f9-4ca3-a9a9-d8217e33f955" dataRowInfo="3" resultType="DataDrivenDataRow" />
        <UnitTestResult executionId="d51af3ac-3153-4cf2-9f51-e27e8fea3a0a" parentExecutionId="da38a2e9-c8f9-4ca3-a9a9-d8217e33f955" testId="d03eb628-bf1f-c27d-aeef-e708d613d686" testName="all_persons_modal_can_may_negation" computerName="ARPAN-LAP" duration="00:00:00.0303947" startTime="2014-06-25T20:03:25.0061261+05:30" endTime="2014-06-25T20:03:25.0361279+05:30" testType="13cdc9d9-ddb5-4fa4-a97d-d965ccfc6d4b" outcome="Passed" testListId="8c84fa94-04c1-424b-9868-57a2d4851a1d" relativeResultsDirectory="da38a2e9-c8f9-4ca3-a9a9-d8217e33f955" dataRowInfo="4" resultType="DataDrivenDataRow" />
        <UnitTestResult executionId="7d3d956c-18c9-491f-9c9b-05fef10bb3e4" parentExecutionId="da38a2e9-c8f9-4ca3-a9a9-d8217e33f955" testId="d03eb628-bf1f-c27d-aeef-e708d613d686" testName="all_persons_modal_can_may_negation" computerName="ARPAN-LAP" duration="00:00:00.0293671" startTime="2014-06-25T20:03:25.0361279+05:30" endTime="2014-06-25T20:03:25.0651295+05:30" testType="13cdc9d9-ddb5-4fa4-a97d-d965ccfc6d4b" outcome="Passed" testListId="8c84fa94-04c1-424b-9868-57a2d4851a1d" relativeResultsDirectory="da38a2e9-c8f9-4ca3-a9a9-d8217e33f955" dataRowInfo="5" resultType="DataDrivenDataRow" />
        <UnitTestResult executionId="5c486240-e79f-47b7-935f-373c97475a13" parentExecutionId="da38a2e9-c8f9-4ca3-a9a9-d8217e33f955" testId="d03eb628-bf1f-c27d-aeef-e708d613d686" testName="all_persons_modal_can_may_negation" computerName="ARPAN-LAP" duration="00:00:00.0332879" startTime="2014-06-25T20:03:25.0651295+05:30" endTime="2014-06-25T20:03:25.0991315+05:30" testType="13cdc9d9-ddb5-4fa4-a97d-d965ccfc6d4b" outcome="Passed" testListId="8c84fa94-04c1-424b-9868-57a2d4851a1d" relativeResultsDirectory="da38a2e9-c8f9-4ca3-a9a9-d8217e33f955" dataRowInfo="6" resultType="DataDrivenDataRow" />
        <UnitTestResult executionId="8788132e-5b7d-4780-a6c9-9d396a9745e2" parentExecutionId="da38a2e9-c8f9-4ca3-a9a9-d8217e33f955" testId="d03eb628-bf1f-c27d-aeef-e708d613d686" testName="all_persons_modal_can_may_negation" computerName="ARPAN-LAP" duration="00:00:00.0338238" startTime="2014-06-25T20:03:25.0991315+05:30" endTime="2014-06-25T20:03:25.1331334+05:30" testType="13cdc9d9-ddb5-4fa4-a97d-d965ccfc6d4b" outcome="Passed" testListId="8c84fa94-04c1-424b-9868-57a2d4851a1d" relativeResultsDirectory="da38a2e9-c8f9-4ca3-a9a9-d8217e33f955" dataRowInfo="7" resultType="DataDrivenDataRow" />
        <UnitTestResult executionId="b449b546-692a-4a30-b222-1eb8b4a8a1b8" parentExecutionId="da38a2e9-c8f9-4ca3-a9a9-d8217e33f955" testId="d03eb628-bf1f-c27d-aeef-e708d613d686" testName="all_persons_modal_can_may_negation" computerName="ARPAN-LAP" duration="00:00:00.0196956" startTime="2014-06-25T20:03:25.1331334+05:30" endTime="2014-06-25T20:03:25.1521345+05:30" testType="13cdc9d9-ddb5-4fa4-a97d-d965ccfc6d4b" outcome="Passed" testListId="8c84fa94-04c1-424b-9868-57a2d4851a1d" relativeResultsDirectory="da38a2e9-c8f9-4ca3-a9a9-d8217e33f955" dataRowInfo="8" resultType="DataDrivenDataRow" />
        <UnitTestResult executionId="625f921b-346c-49c0-968f-3d08215ce170" parentExecutionId="da38a2e9-c8f9-4ca3-a9a9-d8217e33f955" testId="d03eb628-bf1f-c27d-aeef-e708d613d686" testName="all_persons_modal_can_may_negation" computerName="ARPAN-LAP" duration="00:00:00.0202196" startTime="2014-06-25T20:03:25.1521345+05:30" endTime="2014-06-25T20:03:25.1731357+05:30" testType="13cdc9d9-ddb5-4fa4-a97d-d965ccfc6d4b" outcome="Passed" testListId="8c84fa94-04c1-424b-9868-57a2d4851a1d" relativeResultsDirectory="da38a2e9-c8f9-4ca3-a9a9-d8217e33f955" dataRowInfo="9" resultType="DataDrivenDataRow" />
        <UnitTestResult executionId="d9391109-8240-4195-acfd-48df4fa20120" parentExecutionId="da38a2e9-c8f9-4ca3-a9a9-d8217e33f955" testId="d03eb628-bf1f-c27d-aeef-e708d613d686" testName="all_persons_modal_can_may_negation" computerName="ARPAN-LAP" duration="00:00:00.0307580" startTime="2014-06-25T20:03:25.1731357+05:30" endTime="2014-06-25T20:03:25.2031374+05:30" testType="13cdc9d9-ddb5-4fa4-a97d-d965ccfc6d4b" outcome="Passed" testListId="8c84fa94-04c1-424b-9868-57a2d4851a1d" relativeResultsDirectory="da38a2e9-c8f9-4ca3-a9a9-d8217e33f955" dataRowInfo="10" resultType="DataDrivenDataRow" />
        <UnitTestResult executionId="53dcd014-c955-4f61-86fe-d933c7a8cfdb" parentExecutionId="da38a2e9-c8f9-4ca3-a9a9-d8217e33f955" testId="d03eb628-bf1f-c27d-aeef-e708d613d686" testName="all_persons_modal_can_may_negation" computerName="ARPAN-LAP" duration="00:00:00.0265539" startTime="2014-06-25T20:03:25.2031374+05:30" endTime="2014-06-25T20:03:25.2301390+05:30" testType="13cdc9d9-ddb5-4fa4-a97d-d965ccfc6d4b" outcome="Passed" testListId="8c84fa94-04c1-424b-9868-57a2d4851a1d" relativeResultsDirectory="da38a2e9-c8f9-4ca3-a9a9-d8217e33f955" dataRowInfo="11" resultType="DataDrivenDataRow" />
        <UnitTestResult executionId="20f94b5a-dc71-44bf-bdcc-3d5534d2c9d4" parentExecutionId="da38a2e9-c8f9-4ca3-a9a9-d8217e33f955" testId="d03eb628-bf1f-c27d-aeef-e708d613d686" testName="all_persons_modal_can_may_negation" computerName="ARPAN-LAP" duration="00:00:00.0618256" startTime="2014-06-25T20:03:25.2301390+05:30" endTime="2014-06-25T20:03:25.2921425+05:30" testType="13cdc9d9-ddb5-4fa4-a97d-d965ccfc6d4b" outcome="Passed" testListId="8c84fa94-04c1-424b-9868-57a2d4851a1d" relativeResultsDirectory="da38a2e9-c8f9-4ca3-a9a9-d8217e33f955" dataRowInfo="12" resultType="DataDrivenDataRow" />
        <UnitTestResult executionId="4292bc76-08fe-4237-a5af-0d3327af9ee3" parentExecutionId="da38a2e9-c8f9-4ca3-a9a9-d8217e33f955" testId="d03eb628-bf1f-c27d-aeef-e708d613d686" testName="all_persons_modal_can_may_negation" computerName="ARPAN-LAP" duration="00:00:00.0533757" startTime="2014-06-25T20:03:25.2921425+05:30" endTime="2014-06-25T20:03:25.3451455+05:30" testType="13cdc9d9-ddb5-4fa4-a97d-d965ccfc6d4b" outcome="Passed" testListId="8c84fa94-04c1-424b-9868-57a2d4851a1d" relativeResultsDirectory="da38a2e9-c8f9-4ca3-a9a9-d8217e33f955" dataRowInfo="13" resultType="DataDrivenDataRow" />
        <UnitTestResult executionId="ee9dd973-55a9-47cb-a5dd-29512fb8324e" parentExecutionId="da38a2e9-c8f9-4ca3-a9a9-d8217e33f955" testId="d03eb628-bf1f-c27d-aeef-e708d613d686" testName="all_persons_modal_can_may_negation" computerName="ARPAN-LAP" duration="00:00:00.0341846" startTime="2014-06-25T20:03:25.3451455+05:30" endTime="2014-06-25T20:03:25.3801475+05:30" testType="13cdc9d9-ddb5-4fa4-a97d-d965ccfc6d4b" outcome="Passed" testListId="8c84fa94-04c1-424b-9868-57a2d4851a1d" relativeResultsDirectory="da38a2e9-c8f9-4ca3-a9a9-d8217e33f955" dataRowInfo="14" resultType="DataDrivenDataRow" />
        <UnitTestResult executionId="1f61a511-9ab9-4f9a-b253-bea1c989247d" parentExecutionId="da38a2e9-c8f9-4ca3-a9a9-d8217e33f955" testId="d03eb628-bf1f-c27d-aeef-e708d613d686" testName="all_persons_modal_can_may_negation" computerName="ARPAN-LAP" duration="00:00:00.0239773" startTime="2014-06-25T20:03:25.3801475+05:30" endTime="2014-06-25T20:03:25.4041489+05:30" testType="13cdc9d9-ddb5-4fa4-a97d-d965ccfc6d4b" outcome="Passed" testListId="8c84fa94-04c1-424b-9868-57a2d4851a1d" relativeResultsDirectory="da38a2e9-c8f9-4ca3-a9a9-d8217e33f955" dataRowInfo="15" resultType="DataDrivenDataRow" />
        <UnitTestResult executionId="6c60d2a1-e568-4283-8f08-d6e2f0c9bf12" parentExecutionId="da38a2e9-c8f9-4ca3-a9a9-d8217e33f955" testId="d03eb628-bf1f-c27d-aeef-e708d613d686" testName="all_persons_modal_can_may_negation" computerName="ARPAN-LAP" duration="00:00:00.0196006" startTime="2014-06-25T20:03:25.4041489+05:30" endTime="2014-06-25T20:03:25.4231500+05:30" testType="13cdc9d9-ddb5-4fa4-a97d-d965ccfc6d4b" outcome="Passed" testListId="8c84fa94-04c1-424b-9868-57a2d4851a1d" relativeResultsDirectory="da38a2e9-c8f9-4ca3-a9a9-d8217e33f955" dataRowInfo="16" resultType="DataDrivenDataRow" />
        <UnitTestResult executionId="3cffb0fa-fb13-4d10-8006-e5734d093ee0" parentExecutionId="da38a2e9-c8f9-4ca3-a9a9-d8217e33f955" testId="d03eb628-bf1f-c27d-aeef-e708d613d686" testName="all_persons_modal_can_may_negation" computerName="ARPAN-LAP" duration="00:00:00.0204691" startTime="2014-06-25T20:03:25.4231500+05:30" endTime="2014-06-25T20:03:25.4441512+05:30" testType="13cdc9d9-ddb5-4fa4-a97d-d965ccfc6d4b" outcome="Passed" testListId="8c84fa94-04c1-424b-9868-57a2d4851a1d" relativeResultsDirectory="da38a2e9-c8f9-4ca3-a9a9-d8217e33f955" dataRowInfo="17" resultType="DataDrivenDataRow" />
        <UnitTestResult executionId="c852e616-dddd-40ac-96ca-c8c6906271c3" parentExecutionId="da38a2e9-c8f9-4ca3-a9a9-d8217e33f955" testId="d03eb628-bf1f-c27d-aeef-e708d613d686" testName="all_persons_modal_can_may_negation" computerName="ARPAN-LAP" duration="00:00:00.0210706" startTime="2014-06-25T20:03:25.4441512+05:30" endTime="2014-06-25T20:03:25.4651524+05:30" testType="13cdc9d9-ddb5-4fa4-a97d-d965ccfc6d4b" outcome="Passed" testListId="8c84fa94-04c1-424b-9868-57a2d4851a1d" relativeResultsDirectory="da38a2e9-c8f9-4ca3-a9a9-d8217e33f955" dataRowInfo="18" resultType="DataDrivenDataRow" />
        <UnitTestResult executionId="efc9a72d-7333-46cb-a800-afecec8e381b" parentExecutionId="da38a2e9-c8f9-4ca3-a9a9-d8217e33f955" testId="d03eb628-bf1f-c27d-aeef-e708d613d686" testName="all_persons_modal_can_may_negation" computerName="ARPAN-LAP" duration="00:00:00.0197243" startTime="2014-06-25T20:03:25.4651524+05:30" endTime="2014-06-25T20:03:25.4851535+05:30" testType="13cdc9d9-ddb5-4fa4-a97d-d965ccfc6d4b" outcome="Passed" testListId="8c84fa94-04c1-424b-9868-57a2d4851a1d" relativeResultsDirectory="da38a2e9-c8f9-4ca3-a9a9-d8217e33f955" dataRowInfo="19" resultType="DataDrivenDataRow" />
        <UnitTestResult executionId="8ea90755-7c1c-4fc9-85fa-d753cb230ec0" parentExecutionId="da38a2e9-c8f9-4ca3-a9a9-d8217e33f955" testId="d03eb628-bf1f-c27d-aeef-e708d613d686" testName="all_persons_modal_can_may_negation" computerName="ARPAN-LAP" duration="00:00:00.0226582" startTime="2014-06-25T20:03:25.4851535+05:30" endTime="2014-06-25T20:03:25.5071548+05:30" testType="13cdc9d9-ddb5-4fa4-a97d-d965ccfc6d4b" outcome="Passed" testListId="8c84fa94-04c1-424b-9868-57a2d4851a1d" relativeResultsDirectory="da38a2e9-c8f9-4ca3-a9a9-d8217e33f955" dataRowInfo="20" resultType="DataDrivenDataRow" />
        <UnitTestResult executionId="01c8ed29-932f-415a-964b-14a9638ba7d9" parentExecutionId="da38a2e9-c8f9-4ca3-a9a9-d8217e33f955" testId="d03eb628-bf1f-c27d-aeef-e708d613d686" testName="all_persons_modal_can_may_negation" computerName="ARPAN-LAP" duration="00:00:00.0259959" startTime="2014-06-25T20:03:25.5071548+05:30" endTime="2014-06-25T20:03:25.5331563+05:30" testType="13cdc9d9-ddb5-4fa4-a97d-d965ccfc6d4b" outcome="Passed" testListId="8c84fa94-04c1-424b-9868-57a2d4851a1d" relativeResultsDirectory="da38a2e9-c8f9-4ca3-a9a9-d8217e33f955" dataRowInfo="21" resultType="DataDrivenDataRow" />
        <UnitTestResult executionId="8641aa9f-8f2e-499e-b37e-6912918eb4cc" parentExecutionId="da38a2e9-c8f9-4ca3-a9a9-d8217e33f955" testId="d03eb628-bf1f-c27d-aeef-e708d613d686" testName="all_persons_modal_can_may_negation" computerName="ARPAN-LAP" duration="00:00:00.0303002" startTime="2014-06-25T20:03:25.5331563+05:30" endTime="2014-06-25T20:03:25.5641581+05:30" testType="13cdc9d9-ddb5-4fa4-a97d-d965ccfc6d4b" outcome="Passed" testListId="8c84fa94-04c1-424b-9868-57a2d4851a1d" relativeResultsDirectory="da38a2e9-c8f9-4ca3-a9a9-d8217e33f955" dataRowInfo="22" resultType="DataDrivenDataRow" />
        <UnitTestResult executionId="a6fb9a5d-4365-466b-870c-0c324481173c" parentExecutionId="da38a2e9-c8f9-4ca3-a9a9-d8217e33f955" testId="d03eb628-bf1f-c27d-aeef-e708d613d686" testName="all_persons_modal_can_may_negation" computerName="ARPAN-LAP" duration="00:00:00.0241841" startTime="2014-06-25T20:03:25.5641581+05:30" endTime="2014-06-25T20:03:25.5881594+05:30" testType="13cdc9d9-ddb5-4fa4-a97d-d965ccfc6d4b" outcome="Passed" testListId="8c84fa94-04c1-424b-9868-57a2d4851a1d" relativeResultsDirectory="da38a2e9-c8f9-4ca3-a9a9-d8217e33f955" dataRowInfo="23" resultType="DataDrivenDataRow" />
      </InnerResults>
    </UnitTestResult>
    <UnitTestResult executionId="5b1dfc0e-36d7-48e4-a904-bf8621f67cdd" testId="d766a059-d96c-7b47-e6a6-34931760df96" testName="all_persons_tenses_passive" computerName="ARPAN-LAP" duration="00:00:00.2955535" startTime="2014-06-25T20:03:25.6561633+05:30" endTime="2014-06-25T20:03:26.0101836+05:30" testType="13cdc9d9-ddb5-4fa4-a97d-d965ccfc6d4b" outcome="Passed" testListId="8c84fa94-04c1-424b-9868-57a2d4851a1d" relativeResultsDirectory="5b1dfc0e-36d7-48e4-a904-bf8621f67cdd" resultType="DataDrivenTest">
      <Counters error="0" failed="0" timeout="0" aborted="0" inconclusive="0" passedButRunAborted="0" notRunnable="0" notExecuted="0" disconnected="0" warning="0" passed="10" completed="0" inProgress="0" pending="0" />
      <InnerResults>
        <UnitTestResult executionId="d68aa50e-c953-4226-8041-695394bfad6c" parentExecutionId="5b1dfc0e-36d7-48e4-a904-bf8621f67cdd" testId="d766a059-d96c-7b47-e6a6-34931760df96" testName="all_persons_tenses_passive" computerName="ARPAN-LAP" duration="00:00:00.0208186" startTime="2014-06-25T20:03:25.6861650+05:30" endTime="2014-06-25T20:03:25.7071662+05:30" testType="13cdc9d9-ddb5-4fa4-a97d-d965ccfc6d4b" outcome="Passed" testListId="8c84fa94-04c1-424b-9868-57a2d4851a1d" relativeResultsDirectory="5b1dfc0e-36d7-48e4-a904-bf8621f67cdd" dataRowInfo="0" resultType="DataDrivenDataRow" />
        <UnitTestResult executionId="e34a0091-8deb-46ad-8a30-cc1553b11a2c" parentExecutionId="5b1dfc0e-36d7-48e4-a904-bf8621f67cdd" testId="d766a059-d96c-7b47-e6a6-34931760df96" testName="all_persons_tenses_passive" computerName="ARPAN-LAP" duration="00:00:00.0239265" startTime="2014-06-25T20:03:25.7071662+05:30" endTime="2014-06-25T20:03:25.7311676+05:30" testType="13cdc9d9-ddb5-4fa4-a97d-d965ccfc6d4b" outcome="Passed" testListId="8c84fa94-04c1-424b-9868-57a2d4851a1d" relativeResultsDirectory="5b1dfc0e-36d7-48e4-a904-bf8621f67cdd" dataRowInfo="1" resultType="DataDrivenDataRow" />
        <UnitTestResult executionId="d4ebfe43-4c99-49f8-86bc-76954b4d50b3" parentExecutionId="5b1dfc0e-36d7-48e4-a904-bf8621f67cdd" testId="d766a059-d96c-7b47-e6a6-34931760df96" testName="all_persons_tenses_passive" computerName="ARPAN-LAP" duration="00:00:00.0288980" startTime="2014-06-25T20:03:25.7311676+05:30" endTime="2014-06-25T20:03:25.7591692+05:30" testType="13cdc9d9-ddb5-4fa4-a97d-d965ccfc6d4b" outcome="Passed" testListId="8c84fa94-04c1-424b-9868-57a2d4851a1d" relativeResultsDirectory="5b1dfc0e-36d7-48e4-a904-bf8621f67cdd" dataRowInfo="2" resultType="DataDrivenDataRow" />
        <UnitTestResult executionId="b6b90e65-8933-4cc5-b543-b61d819503ce" parentExecutionId="5b1dfc0e-36d7-48e4-a904-bf8621f67cdd" testId="d766a059-d96c-7b47-e6a6-34931760df96" testName="all_persons_tenses_passive" computerName="ARPAN-LAP" duration="00:00:00.0296478" startTime="2014-06-25T20:03:25.7591692+05:30" endTime="2014-06-25T20:03:25.7891709+05:30" testType="13cdc9d9-ddb5-4fa4-a97d-d965ccfc6d4b" outcome="Passed" testListId="8c84fa94-04c1-424b-9868-57a2d4851a1d" relativeResultsDirectory="5b1dfc0e-36d7-48e4-a904-bf8621f67cdd" dataRowInfo="3" resultType="DataDrivenDataRow" />
        <UnitTestResult executionId="17dabdab-7eb5-4c37-960f-a84690f246e4" parentExecutionId="5b1dfc0e-36d7-48e4-a904-bf8621f67cdd" testId="d766a059-d96c-7b47-e6a6-34931760df96" testName="all_persons_tenses_passive" computerName="ARPAN-LAP" duration="00:00:00.0198378" startTime="2014-06-25T20:03:25.7891709+05:30" endTime="2014-06-25T20:03:25.8091721+05:30" testType="13cdc9d9-ddb5-4fa4-a97d-d965ccfc6d4b" outcome="Passed" testListId="8c84fa94-04c1-424b-9868-57a2d4851a1d" relativeResultsDirectory="5b1dfc0e-36d7-48e4-a904-bf8621f67cdd" dataRowInfo="4" resultType="DataDrivenDataRow" />
        <UnitTestResult executionId="acc322ec-77f2-4ace-a3db-29f301bf551b" parentExecutionId="5b1dfc0e-36d7-48e4-a904-bf8621f67cdd" testId="d766a059-d96c-7b47-e6a6-34931760df96" testName="all_persons_tenses_passive" computerName="ARPAN-LAP" duration="00:00:00.0235692" startTime="2014-06-25T20:03:25.8091721+05:30" endTime="2014-06-25T20:03:25.8331734+05:30" testType="13cdc9d9-ddb5-4fa4-a97d-d965ccfc6d4b" outcome="Passed" testListId="8c84fa94-04c1-424b-9868-57a2d4851a1d" relativeResultsDirectory="5b1dfc0e-36d7-48e4-a904-bf8621f67cdd" dataRowInfo="5" resultType="DataDrivenDataRow" />
        <UnitTestResult executionId="39af655a-f943-4ad0-82e7-8b7e6f472b51" parentExecutionId="5b1dfc0e-36d7-48e4-a904-bf8621f67cdd" testId="d766a059-d96c-7b47-e6a6-34931760df96" testName="all_persons_tenses_passive" computerName="ARPAN-LAP" duration="00:00:00.0274362" startTime="2014-06-25T20:03:25.8331734+05:30" endTime="2014-06-25T20:03:25.8601750+05:30" testType="13cdc9d9-ddb5-4fa4-a97d-d965ccfc6d4b" outcome="Passed" testListId="8c84fa94-04c1-424b-9868-57a2d4851a1d" relativeResultsDirectory="5b1dfc0e-36d7-48e4-a904-bf8621f67cdd" dataRowInfo="6" resultType="DataDrivenDataRow" />
        <UnitTestResult executionId="b383adde-55ff-4e38-b3ad-ab334b7e137d" parentExecutionId="5b1dfc0e-36d7-48e4-a904-bf8621f67cdd" testId="d766a059-d96c-7b47-e6a6-34931760df96" testName="all_persons_tenses_passive" computerName="ARPAN-LAP" duration="00:00:00.0282461" startTime="2014-06-25T20:03:25.8601750+05:30" endTime="2014-06-25T20:03:25.8881766+05:30" testType="13cdc9d9-ddb5-4fa4-a97d-d965ccfc6d4b" outcome="Passed" testListId="8c84fa94-04c1-424b-9868-57a2d4851a1d" relativeResultsDirectory="5b1dfc0e-36d7-48e4-a904-bf8621f67cdd" dataRowInfo="7" resultType="DataDrivenDataRow" />
        <UnitTestResult executionId="14700888-1645-437c-a7d7-2a0068364f3c" parentExecutionId="5b1dfc0e-36d7-48e4-a904-bf8621f67cdd" testId="d766a059-d96c-7b47-e6a6-34931760df96" testName="all_persons_tenses_passive" computerName="ARPAN-LAP" duration="00:00:00.0311512" startTime="2014-06-25T20:03:25.8881766+05:30" endTime="2014-06-25T20:03:25.9201784+05:30" testType="13cdc9d9-ddb5-4fa4-a97d-d965ccfc6d4b" outcome="Passed" testListId="8c84fa94-04c1-424b-9868-57a2d4851a1d" relativeResultsDirectory="5b1dfc0e-36d7-48e4-a904-bf8621f67cdd" dataRowInfo="8" resultType="DataDrivenDataRow" />
        <UnitTestResult executionId="eeb96d7a-9130-4c57-9270-5fb518196b18" parentExecutionId="5b1dfc0e-36d7-48e4-a904-bf8621f67cdd" testId="d766a059-d96c-7b47-e6a6-34931760df96" testName="all_persons_tenses_passive" computerName="ARPAN-LAP" duration="00:00:00.0408843" startTime="2014-06-25T20:03:25.9201784+05:30" endTime="2014-06-25T20:03:25.9611808+05:30" testType="13cdc9d9-ddb5-4fa4-a97d-d965ccfc6d4b" outcome="Passed" testListId="8c84fa94-04c1-424b-9868-57a2d4851a1d" relativeResultsDirectory="5b1dfc0e-36d7-48e4-a904-bf8621f67cdd" dataRowInfo="9" resultType="DataDrivenDataRow" />
      </InnerResults>
    </UnitTestResult>
    <UnitTestResult executionId="c1bac1e9-ab4e-42e0-a95b-05da77f9a801" testId="fe3e63ab-391c-e168-48d0-431b85a7b898" testName="third_person_tenses_active_negation" computerName="ARPAN-LAP" duration="00:00:00.2544218" startTime="2014-06-25T20:03:26.0211842+05:30" endTime="2014-06-25T20:03:26.3302019+05:30" testType="13cdc9d9-ddb5-4fa4-a97d-d965ccfc6d4b" outcome="Passed" testListId="8c84fa94-04c1-424b-9868-57a2d4851a1d" relativeResultsDirectory="c1bac1e9-ab4e-42e0-a95b-05da77f9a801" resultType="DataDrivenTest">
      <Counters error="0" failed="0" timeout="0" aborted="0" inconclusive="0" passedButRunAborted="0" notRunnable="0" notExecuted="0" disconnected="0" warning="0" passed="10" completed="0" inProgress="0" pending="0" />
      <InnerResults>
        <UnitTestResult executionId="981b0d66-d23e-4f3e-a900-1f60e127d7ae" parentExecutionId="c1bac1e9-ab4e-42e0-a95b-05da77f9a801" testId="fe3e63ab-391c-e168-48d0-431b85a7b898" testName="third_person_tenses_active_negation" computerName="ARPAN-LAP" duration="00:00:00.0230241" startTime="2014-06-25T20:03:26.0531860+05:30" endTime="2014-06-25T20:03:26.0761873+05:30" testType="13cdc9d9-ddb5-4fa4-a97d-d965ccfc6d4b" outcome="Passed" testListId="8c84fa94-04c1-424b-9868-57a2d4851a1d" relativeResultsDirectory="c1bac1e9-ab4e-42e0-a95b-05da77f9a801" dataRowInfo="0" resultType="DataDrivenDataRow" />
        <UnitTestResult executionId="b19bae73-c207-4532-b107-ded8c42ba6ab" parentExecutionId="c1bac1e9-ab4e-42e0-a95b-05da77f9a801" testId="fe3e63ab-391c-e168-48d0-431b85a7b898" testName="third_person_tenses_active_negation" computerName="ARPAN-LAP" duration="00:00:00.0212662" startTime="2014-06-25T20:03:26.0761873+05:30" endTime="2014-06-25T20:03:26.0981886+05:30" testType="13cdc9d9-ddb5-4fa4-a97d-d965ccfc6d4b" outcome="Passed" testListId="8c84fa94-04c1-424b-9868-57a2d4851a1d" relativeResultsDirectory="c1bac1e9-ab4e-42e0-a95b-05da77f9a801" dataRowInfo="1" resultType="DataDrivenDataRow" />
        <UnitTestResult executionId="b5b2fc04-de88-457f-8679-0d116955ac16" parentExecutionId="c1bac1e9-ab4e-42e0-a95b-05da77f9a801" testId="fe3e63ab-391c-e168-48d0-431b85a7b898" testName="third_person_tenses_active_negation" computerName="ARPAN-LAP" duration="00:00:00.0247533" startTime="2014-06-25T20:03:26.0981886+05:30" endTime="2014-06-25T20:03:26.1221900+05:30" testType="13cdc9d9-ddb5-4fa4-a97d-d965ccfc6d4b" outcome="Passed" testListId="8c84fa94-04c1-424b-9868-57a2d4851a1d" relativeResultsDirectory="c1bac1e9-ab4e-42e0-a95b-05da77f9a801" dataRowInfo="2" resultType="DataDrivenDataRow" />
        <UnitTestResult executionId="4eb16b98-bc97-44fa-8b82-def57f2ef056" parentExecutionId="c1bac1e9-ab4e-42e0-a95b-05da77f9a801" testId="fe3e63ab-391c-e168-48d0-431b85a7b898" testName="third_person_tenses_active_negation" computerName="ARPAN-LAP" duration="00:00:00.0250141" startTime="2014-06-25T20:03:26.1221900+05:30" endTime="2014-06-25T20:03:26.1481915+05:30" testType="13cdc9d9-ddb5-4fa4-a97d-d965ccfc6d4b" outcome="Passed" testListId="8c84fa94-04c1-424b-9868-57a2d4851a1d" relativeResultsDirectory="c1bac1e9-ab4e-42e0-a95b-05da77f9a801" dataRowInfo="3" resultType="DataDrivenDataRow" />
        <UnitTestResult executionId="35bb171b-6460-4501-ae51-b86654a0cbbc" parentExecutionId="c1bac1e9-ab4e-42e0-a95b-05da77f9a801" testId="fe3e63ab-391c-e168-48d0-431b85a7b898" testName="third_person_tenses_active_negation" computerName="ARPAN-LAP" duration="00:00:00.0186773" startTime="2014-06-25T20:03:26.1481915+05:30" endTime="2014-06-25T20:03:26.1661925+05:30" testType="13cdc9d9-ddb5-4fa4-a97d-d965ccfc6d4b" outcome="Passed" testListId="8c84fa94-04c1-424b-9868-57a2d4851a1d" relativeResultsDirectory="c1bac1e9-ab4e-42e0-a95b-05da77f9a801" dataRowInfo="4" resultType="DataDrivenDataRow" />
        <UnitTestResult executionId="7448bc04-b4f9-4459-ab4c-668a7732fc4c" parentExecutionId="c1bac1e9-ab4e-42e0-a95b-05da77f9a801" testId="fe3e63ab-391c-e168-48d0-431b85a7b898" testName="third_person_tenses_active_negation" computerName="ARPAN-LAP" duration="00:00:00.0214191" startTime="2014-06-25T20:03:26.1661925+05:30" endTime="2014-06-25T20:03:26.1881938+05:30" testType="13cdc9d9-ddb5-4fa4-a97d-d965ccfc6d4b" outcome="Passed" testListId="8c84fa94-04c1-424b-9868-57a2d4851a1d" relativeResultsDirectory="c1bac1e9-ab4e-42e0-a95b-05da77f9a801" dataRowInfo="5" resultType="DataDrivenDataRow" />
        <UnitTestResult executionId="ad2db4e1-863a-40c1-b69a-cf381564b159" parentExecutionId="c1bac1e9-ab4e-42e0-a95b-05da77f9a801" testId="fe3e63ab-391c-e168-48d0-431b85a7b898" testName="third_person_tenses_active_negation" computerName="ARPAN-LAP" duration="00:00:00.0201883" startTime="2014-06-25T20:03:26.1881938+05:30" endTime="2014-06-25T20:03:26.2081949+05:30" testType="13cdc9d9-ddb5-4fa4-a97d-d965ccfc6d4b" outcome="Passed" testListId="8c84fa94-04c1-424b-9868-57a2d4851a1d" relativeResultsDirectory="c1bac1e9-ab4e-42e0-a95b-05da77f9a801" dataRowInfo="6" resultType="DataDrivenDataRow" />
        <UnitTestResult executionId="51a7af9d-b4bf-4711-9935-8626c99495cc" parentExecutionId="c1bac1e9-ab4e-42e0-a95b-05da77f9a801" testId="fe3e63ab-391c-e168-48d0-431b85a7b898" testName="third_person_tenses_active_negation" computerName="ARPAN-LAP" duration="00:00:00.0244243" startTime="2014-06-25T20:03:26.2081949+05:30" endTime="2014-06-25T20:03:26.2331963+05:30" testType="13cdc9d9-ddb5-4fa4-a97d-d965ccfc6d4b" outcome="Passed" testListId="8c84fa94-04c1-424b-9868-57a2d4851a1d" relativeResultsDirectory="c1bac1e9-ab4e-42e0-a95b-05da77f9a801" dataRowInfo="7" resultType="DataDrivenDataRow" />
        <UnitTestResult executionId="26b0796d-85ab-4c37-a423-936dfe10b1e2" parentExecutionId="c1bac1e9-ab4e-42e0-a95b-05da77f9a801" testId="fe3e63ab-391c-e168-48d0-431b85a7b898" testName="third_person_tenses_active_negation" computerName="ARPAN-LAP" duration="00:00:00.0214910" startTime="2014-06-25T20:03:26.2331963+05:30" endTime="2014-06-25T20:03:26.2541975+05:30" testType="13cdc9d9-ddb5-4fa4-a97d-d965ccfc6d4b" outcome="Passed" testListId="8c84fa94-04c1-424b-9868-57a2d4851a1d" relativeResultsDirectory="c1bac1e9-ab4e-42e0-a95b-05da77f9a801" dataRowInfo="8" resultType="DataDrivenDataRow" />
        <UnitTestResult executionId="09a97f34-53af-4dbd-8a76-e525cc8162e5" parentExecutionId="c1bac1e9-ab4e-42e0-a95b-05da77f9a801" testId="fe3e63ab-391c-e168-48d0-431b85a7b898" testName="third_person_tenses_active_negation" computerName="ARPAN-LAP" duration="00:00:00.0337519" startTime="2014-06-25T20:03:26.2541975+05:30" endTime="2014-06-25T20:03:26.2881995+05:30" testType="13cdc9d9-ddb5-4fa4-a97d-d965ccfc6d4b" outcome="Passed" testListId="8c84fa94-04c1-424b-9868-57a2d4851a1d" relativeResultsDirectory="c1bac1e9-ab4e-42e0-a95b-05da77f9a801" dataRowInfo="9" resultType="DataDrivenDataRow" />
      </InnerResults>
    </UnitTestResult>
  </Results>
</TestRun>