<?xml version="1.0" encoding="UTF-8"?>
<TestRun id="1070819d-3981-409a-a8be-8a26f26d8ba6" name="Arghya@ARPAN-LAP 2014-07-26 16:05:53" runUser="ARPAN-LAP\Arghya" xmlns="http://microsoft.com/schemas/VisualStudio/TeamTest/2010">
  <TestSettings name="Default Test Settings" id="e59b0e3c-5362-4acf-a851-bba0896a624f">
    <Execution>
      <TestTypeSpecific />
      <AgentRule name="Execution Agents">
      </AgentRule>
    </Execution>
    <Deployment runDeploymentRoot="Arghya_ARPAN-LAP 2014-07-26 16_05_53" />
  </TestSettings>
  <Times creation="2014-07-26T16:05:53.6154337+05:30" queuing="2014-07-26T16:05:58.8937356+05:30" start="2014-07-26T16:05:59.0877467+05:30" finish="2014-07-26T16:06:15.4476824+05:30" />
  <ResultSummary outcome="Failed">
    <Counters total="309" executed="309" passed="301" error="0" failed="8" timeout="0" aborted="0" inconclusive="0" passedButRunAborted="0" notRunnable="0" notExecuted="0" disconnected="0" warning="0" completed="0" inProgress="0" pending="0" />
    <RunInfos>
      <RunInfo computerName="ARPAN-LAP" outcome="Warning" timestamp="2014-07-26T16:05:57.0356293+05:30">
        <Text>Warning: Test Run deployment issue: Failed to get the file for deployment item '..\UnitTest\TestCases\wikipedia.xml' specified by the test 'UnitTest.BnlpTest.RandomWord': System.IO.DirectoryNotFoundException: Could not find a part of the path 'D:\software\Project\UnitTest\TestCases\wikipedia.xml'.</Text>
        <Exception>System.IO.DirectoryNotFoundException: Could not find a part of the path 'D:\software\Project\UnitTest\TestCases\wikipedia.xml'.
   at System.IO.__Error.WinIOError(Int32 errorCode, String maybeFullPath)
   at System.IO.File.GetAttributes(String path)
   at Microsoft.VisualStudio.TestTools.Common.SingleFileProvider.GetFilePaths()
   at Microsoft.VisualStudio.TestTools.TestManagement.DeploymentCoverageItem.GetFiles(TestRunConfiguration runConfig)
   at Microsoft.VisualStudio.TestTools.TestManagement.DeploymentManager.DoDeployment(TestRun run, FileCopyService fileCopyService)</Exception>
      </RunInfo>
      <RunInfo computerName="ARPAN-LAP" outcome="Warning" timestamp="2014-07-26T16:05:57.0366294+05:30">
        <Text>Warning: Test Run deployment issue: Failed to get the file for deployment item '..\UnitTest\TestCases\interrogative_sentences_who.xml' specified by the test 'UnitTest.BnlpTest.interrogative_sentences_who': System.IO.DirectoryNotFoundException: Could not find a part of the path 'D:\software\Project\UnitTest\TestCases\interrogative_sentences_who.xml'.</Text>
        <Exception>System.IO.DirectoryNotFoundException: Could not find a part of the path 'D:\software\Project\UnitTest\TestCases\interrogative_sentences_who.xml'.
   at System.IO.__Error.WinIOError(Int32 errorCode, String maybeFullPath)
   at System.IO.File.GetAttributes(String path)
   at Microsoft.VisualStudio.TestTools.Common.SingleFileProvider.GetFilePaths()
   at Microsoft.VisualStudio.TestTools.TestManagement.DeploymentCoverageItem.GetFiles(TestRunConfiguration runConfig)
   at Microsoft.VisualStudio.TestTools.TestManagement.DeploymentManager.DoDeployment(TestRun run, FileCopyService fileCopyService)</Exception>
      </RunInfo>
      <RunInfo computerName="ARPAN-LAP" outcome="Warning" timestamp="2014-07-26T16:05:57.0376294+05:30">
        <Text>Warning: Test Run deployment issue: Failed to get the file for deployment item '..\UnitTest\TestCases\special_handling_do_verb.xml' specified by the test 'UnitTest.BnlpTest.special_handling_do_verb': System.IO.DirectoryNotFoundException: Could not find a part of the path 'D:\software\Project\UnitTest\TestCases\special_handling_do_verb.xml'.</Text>
        <Exception>System.IO.DirectoryNotFoundException: Could not find a part of the path 'D:\software\Project\UnitTest\TestCases\special_handling_do_verb.xml'.
   at System.IO.__Error.WinIOError(Int32 errorCode, String maybeFullPath)
   at System.IO.File.GetAttributes(String path)
   at Microsoft.VisualStudio.TestTools.Common.SingleFileProvider.GetFilePaths()
   at Microsoft.VisualStudio.TestTools.TestManagement.DeploymentCoverageItem.GetFiles(TestRunConfiguration runConfig)
   at Microsoft.VisualStudio.TestTools.TestManagement.DeploymentManager.DoDeployment(TestRun run, FileCopyService fileCopyService)</Exception>
      </RunInfo>
      <RunInfo computerName="ARPAN-LAP" outcome="Warning" timestamp="2014-07-26T16:05:57.0386295+05:30">
        <Text>Warning: Test Run deployment issue: Failed to get the file for deployment item '..\UnitTest\TestCases\interrogative_sentences_which.xml' specified by the test 'UnitTest.BnlpTest.interrogative_sentences_which': System.IO.DirectoryNotFoundException: Could not find a part of the path 'D:\software\Project\UnitTest\TestCases\interrogative_sentences_which.xml'.</Text>
        <Exception>System.IO.DirectoryNotFoundException: Could not find a part of the path 'D:\software\Project\UnitTest\TestCases\interrogative_sentences_which.xml'.
   at System.IO.__Error.WinIOError(Int32 errorCode, String maybeFullPath)
   at System.IO.File.GetAttributes(String path)
   at Microsoft.VisualStudio.TestTools.Common.SingleFileProvider.GetFilePaths()
   at Microsoft.VisualStudio.TestTools.TestManagement.DeploymentCoverageItem.GetFiles(TestRunConfiguration runConfig)
   at Microsoft.VisualStudio.TestTools.TestManagement.DeploymentManager.DoDeployment(TestRun run, FileCopyService fileCopyService)</Exception>
      </RunInfo>
      <RunInfo computerName="ARPAN-LAP" outcome="Warning" timestamp="2014-07-26T16:05:57.0386295+05:30">
        <Text>Warning: Test Run deployment issue: Failed to get the file for deployment item '..\UnitTest\TestCases\all_persons_modal_should.xml' specified by the test 'UnitTest.BnlpTest.all_persons_modal_should': System.IO.DirectoryNotFoundException: Could not find a part of the path 'D:\software\Project\UnitTest\TestCases\all_persons_modal_should.xml'.</Text>
        <Exception>System.IO.DirectoryNotFoundException: Could not find a part of the path 'D:\software\Project\UnitTest\TestCases\all_persons_modal_should.xml'.
   at System.IO.__Error.WinIOError(Int32 errorCode, String maybeFullPath)
   at System.IO.File.GetAttributes(String path)
   at Microsoft.VisualStudio.TestTools.Common.SingleFileProvider.GetFilePaths()
   at Microsoft.VisualStudio.TestTools.TestManagement.DeploymentCoverageItem.GetFiles(TestRunConfiguration runConfig)
   at Microsoft.VisualStudio.TestTools.TestManagement.DeploymentManager.DoDeployment(TestRun run, FileCopyService fileCopyService)</Exception>
      </RunInfo>
      <RunInfo computerName="ARPAN-LAP" outcome="Warning" timestamp="2014-07-26T16:05:57.0396296+05:30">
        <Text>Warning: Test Run deployment issue: Failed to get the file for deployment item '..\UnitTest\TestCases\third_person_tenses_active.xml' specified by the test 'UnitTest.BnlpTest.third_person_tenses_active': System.IO.DirectoryNotFoundException: Could not find a part of the path 'D:\software\Project\UnitTest\TestCases\third_person_tenses_active.xml'.</Text>
        <Exception>System.IO.DirectoryNotFoundException: Could not find a part of the path 'D:\software\Project\UnitTest\TestCases\third_person_tenses_active.xml'.
   at System.IO.__Error.WinIOError(Int32 errorCode, String maybeFullPath)
   at System.IO.File.GetAttributes(String path)
   at Microsoft.VisualStudio.TestTools.Common.SingleFileProvider.GetFilePaths()
   at Microsoft.VisualStudio.TestTools.TestManagement.DeploymentCoverageItem.GetFiles(TestRunConfiguration runConfig)
   at Microsoft.VisualStudio.TestTools.TestManagement.DeploymentManager.DoDeployment(TestRun run, FileCopyService fileCopyService)</Exception>
      </RunInfo>
      <RunInfo computerName="ARPAN-LAP" outcome="Warning" timestamp="2014-07-26T16:05:57.0406296+05:30">
        <Text>Warning: Test Run deployment issue: Failed to get the file for deployment item '..\UnitTest\TestCases\all_persons_tenses_passive.xml' specified by the test 'UnitTest.BnlpTest.all_persons_tenses_passive': System.IO.DirectoryNotFoundException: Could not find a part of the path 'D:\software\Project\UnitTest\TestCases\all_persons_tenses_passive.xml'.</Text>
        <Exception>System.IO.DirectoryNotFoundException: Could not find a part of the path 'D:\software\Project\UnitTest\TestCases\all_persons_tenses_passive.xml'.
   at System.IO.__Error.WinIOError(Int32 errorCode, String maybeFullPath)
   at System.IO.File.GetAttributes(String path)
   at Microsoft.VisualStudio.TestTools.Common.SingleFileProvider.GetFilePaths()
   at Microsoft.VisualStudio.TestTools.TestManagement.DeploymentCoverageItem.GetFiles(TestRunConfiguration runConfig)
   at Microsoft.VisualStudio.TestTools.TestManagement.DeploymentManager.DoDeployment(TestRun run, FileCopyService fileCopyService)</Exception>
      </RunInfo>
      <RunInfo computerName="ARPAN-LAP" outcome="Warning" timestamp="2014-07-26T16:05:57.0416297+05:30">
        <Text>Warning: Test Run deployment issue: Failed to get the file for deployment item '..\UnitTest\TestCases\interrogative_sentences_aux.xml' specified by the test 'UnitTest.BnlpTest.interrogative_sentences_aux': System.IO.DirectoryNotFoundException: Could not find a part of the path 'D:\software\Project\UnitTest\TestCases\interrogative_sentences_aux.xml'.</Text>
        <Exception>System.IO.DirectoryNotFoundException: Could not find a part of the path 'D:\software\Project\UnitTest\TestCases\interrogative_sentences_aux.xml'.
   at System.IO.__Error.WinIOError(Int32 errorCode, String maybeFullPath)
   at System.IO.File.GetAttributes(String path)
   at Microsoft.VisualStudio.TestTools.Common.SingleFileProvider.GetFilePaths()
   at Microsoft.VisualStudio.TestTools.TestManagement.DeploymentCoverageItem.GetFiles(TestRunConfiguration runConfig)
   at Microsoft.VisualStudio.TestTools.TestManagement.DeploymentManager.DoDeployment(TestRun run, FileCopyService fileCopyService)</Exception>
      </RunInfo>
      <RunInfo computerName="ARPAN-LAP" outcome="Warning" timestamp="2014-07-26T16:05:57.0426297+05:30">
        <Text>Warning: Test Run deployment issue: Failed to get the file for deployment item '..\UnitTest\TestCases\second_person_tenses_active_negation.xml' specified by the test 'UnitTest.BnlpTest.second_person_tenses_active_negation': System.IO.DirectoryNotFoundException: Could not find a part of the path 'D:\software\Project\UnitTest\TestCases\second_person_tenses_active_negation.xml'.</Text>
        <Exception>System.IO.DirectoryNotFoundException: Could not find a part of the path 'D:\software\Project\UnitTest\TestCases\second_person_tenses_active_negation.xml'.
   at System.IO.__Error.WinIOError(Int32 errorCode, String maybeFullPath)
   at System.IO.File.GetAttributes(String path)
   at Microsoft.VisualStudio.TestTools.Common.SingleFileProvider.GetFilePaths()
   at Microsoft.VisualStudio.TestTools.TestManagement.DeploymentCoverageItem.GetFiles(TestRunConfiguration runConfig)
   at Microsoft.VisualStudio.TestTools.TestManagement.DeploymentManager.DoDeployment(TestRun run, FileCopyService fileCopyService)</Exception>
      </RunInfo>
      <RunInfo computerName="ARPAN-LAP" outcome="Warning" timestamp="2014-07-26T16:05:57.0436298+05:30">
        <Text>Warning: Test Run deployment issue: Failed to get the file for deployment item '..\UnitTest\TestCases\interrogative_sentences_where.xml' specified by the test 'UnitTest.BnlpTest.interrogative_sentences_where': System.IO.DirectoryNotFoundException: Could not find a part of the path 'D:\software\Project\UnitTest\TestCases\interrogative_sentences_where.xml'.</Text>
        <Exception>System.IO.DirectoryNotFoundException: Could not find a part of the path 'D:\software\Project\UnitTest\TestCases\interrogative_sentences_where.xml'.
   at System.IO.__Error.WinIOError(Int32 errorCode, String maybeFullPath)
   at System.IO.File.GetAttributes(String path)
   at Microsoft.VisualStudio.TestTools.Common.SingleFileProvider.GetFilePaths()
   at Microsoft.VisualStudio.TestTools.TestManagement.DeploymentCoverageItem.GetFiles(TestRunConfiguration runConfig)
   at Microsoft.VisualStudio.TestTools.TestManagement.DeploymentManager.DoDeployment(TestRun run, FileCopyService fileCopyService)</Exception>
      </RunInfo>
      <RunInfo computerName="ARPAN-LAP" outcome="Warning" timestamp="2014-07-26T16:05:57.0446298+05:30">
        <Text>Warning: Test Run deployment issue: Failed to get the file for deployment item '..\UnitTest\TestCases\prepositions_made_with_three_words.xml' specified by the test 'UnitTest.BnlpTest.prepositions_made_with_three_words': System.IO.DirectoryNotFoundException: Could not find a part of the path 'D:\software\Project\UnitTest\TestCases\prepositions_made_with_three_words.xml'.</Text>
        <Exception>System.IO.DirectoryNotFoundException: Could not find a part of the path 'D:\software\Project\UnitTest\TestCases\prepositions_made_with_three_words.xml'.
   at System.IO.__Error.WinIOError(Int32 errorCode, String maybeFullPath)
   at System.IO.File.GetAttributes(String path)
   at Microsoft.VisualStudio.TestTools.Common.SingleFileProvider.GetFilePaths()
   at Microsoft.VisualStudio.TestTools.TestManagement.DeploymentCoverageItem.GetFiles(TestRunConfiguration runConfig)
   at Microsoft.VisualStudio.TestTools.TestManagement.DeploymentManager.DoDeployment(TestRun run, FileCopyService fileCopyService)</Exception>
      </RunInfo>
      <RunInfo computerName="ARPAN-LAP" outcome="Warning" timestamp="2014-07-26T16:05:57.0446298+05:30">
        <Text>Warning: Test Run deployment issue: Failed to get the file for deployment item '..\UnitTest\TestCases\interrogative_sentences_what.xml' specified by the test 'UnitTest.BnlpTest.interrogative_sentences_what': System.IO.DirectoryNotFoundException: Could not find a part of the path 'D:\software\Project\UnitTest\TestCases\interrogative_sentences_what.xml'.</Text>
        <Exception>System.IO.DirectoryNotFoundException: Could not find a part of the path 'D:\software\Project\UnitTest\TestCases\interrogative_sentences_what.xml'.
   at System.IO.__Error.WinIOError(Int32 errorCode, String maybeFullPath)
   at System.IO.File.GetAttributes(String path)
   at Microsoft.VisualStudio.TestTools.Common.SingleFileProvider.GetFilePaths()
   at Microsoft.VisualStudio.TestTools.TestManagement.DeploymentCoverageItem.GetFiles(TestRunConfiguration runConfig)
   at Microsoft.VisualStudio.TestTools.TestManagement.DeploymentManager.DoDeployment(TestRun run, FileCopyService fileCopyService)</Exception>
      </RunInfo>
      <RunInfo computerName="ARPAN-LAP" outcome="Warning" timestamp="2014-07-26T16:05:57.0456299+05:30">
        <Text>Warning: Test Run deployment issue: Failed to get the file for deployment item '..\UnitTest\TestCases\interrogative_sentences_how.xml' specified by the test 'UnitTest.BnlpTest.interrogative_sentences_how': System.IO.DirectoryNotFoundException: Could not find a part of the path 'D:\software\Project\UnitTest\TestCases\interrogative_sentences_how.xml'.</Text>
        <Exception>System.IO.DirectoryNotFoundException: Could not find a part of the path 'D:\software\Project\UnitTest\TestCases\interrogative_sentences_how.xml'.
   at System.IO.__Error.WinIOError(Int32 errorCode, String maybeFullPath)
   at System.IO.File.GetAttributes(String path)
   at Microsoft.VisualStudio.TestTools.Common.SingleFileProvider.GetFilePaths()
   at Microsoft.VisualStudio.TestTools.TestManagement.DeploymentCoverageItem.GetFiles(TestRunConfiguration runConfig)
   at Microsoft.VisualStudio.TestTools.TestManagement.DeploymentManager.DoDeployment(TestRun run, FileCopyService fileCopyService)</Exception>
      </RunInfo>
      <RunInfo computerName="ARPAN-LAP" outcome="Warning" timestamp="2014-07-26T16:05:57.0466300+05:30">
        <Text>Warning: Test Run deployment issue: Failed to get the file for deployment item '..\UnitTest\TestCases\interrogative_sentences_whom.xml' specified by the test 'UnitTest.BnlpTest.interrogative_sentences_whom': System.IO.DirectoryNotFoundException: Could not find a part of the path 'D:\software\Project\UnitTest\TestCases\interrogative_sentences_whom.xml'.</Text>
        <Exception>System.IO.DirectoryNotFoundException: Could not find a part of the path 'D:\software\Project\UnitTest\TestCases\interrogative_sentences_whom.xml'.
   at System.IO.__Error.WinIOError(Int32 errorCode, String maybeFullPath)
   at System.IO.File.GetAttributes(String path)
   at Microsoft.VisualStudio.TestTools.Common.SingleFileProvider.GetFilePaths()
   at Microsoft.VisualStudio.TestTools.TestManagement.DeploymentCoverageItem.GetFiles(TestRunConfiguration runConfig)
   at Microsoft.VisualStudio.TestTools.TestManagement.DeploymentManager.DoDeployment(TestRun run, FileCopyService fileCopyService)</Exception>
      </RunInfo>
      <RunInfo computerName="ARPAN-LAP" outcome="Warning" timestamp="2014-07-26T16:05:57.0476300+05:30">
        <Text>Warning: Test Run deployment issue: Failed to get the file for deployment item '..\UnitTest\TestCases\second_person_tenses_active.xml' specified by the test 'UnitTest.BnlpTest.second_person_tenses_active': System.IO.DirectoryNotFoundException: Could not find a part of the path 'D:\software\Project\UnitTest\TestCases\second_person_tenses_active.xml'.</Text>
        <Exception>System.IO.DirectoryNotFoundException: Could not find a part of the path 'D:\software\Project\UnitTest\TestCases\second_person_tenses_active.xml'.
   at System.IO.__Error.WinIOError(Int32 errorCode, String maybeFullPath)
   at System.IO.File.GetAttributes(String path)
   at Microsoft.VisualStudio.TestTools.Common.SingleFileProvider.GetFilePaths()
   at Microsoft.VisualStudio.TestTools.TestManagement.DeploymentCoverageItem.GetFiles(TestRunConfiguration runConfig)
   at Microsoft.VisualStudio.TestTools.TestManagement.DeploymentManager.DoDeployment(TestRun run, FileCopyService fileCopyService)</Exception>
      </RunInfo>
      <RunInfo computerName="ARPAN-LAP" outcome="Warning" timestamp="2014-07-26T16:05:57.0486301+05:30">
        <Text>Warning: Test Run deployment issue: Failed to get the file for deployment item '..\UnitTest\TestCases\all_persons_modal_should_negation.xml' specified by the test 'UnitTest.BnlpTest.all_persons_modal_should_negation': System.IO.DirectoryNotFoundException: Could not find a part of the path 'D:\software\Project\UnitTest\TestCases\all_persons_modal_should_negation.xml'.</Text>
        <Exception>System.IO.DirectoryNotFoundException: Could not find a part of the path 'D:\software\Project\UnitTest\TestCases\all_persons_modal_should_negation.xml'.
   at System.IO.__Error.WinIOError(Int32 errorCode, String maybeFullPath)
   at System.IO.File.GetAttributes(String path)
   at Microsoft.VisualStudio.TestTools.Common.SingleFileProvider.GetFilePaths()
   at Microsoft.VisualStudio.TestTools.TestManagement.DeploymentCoverageItem.GetFiles(TestRunConfiguration runConfig)
   at Microsoft.VisualStudio.TestTools.TestManagement.DeploymentManager.DoDeployment(TestRun run, FileCopyService fileCopyService)</Exception>
      </RunInfo>
      <RunInfo computerName="ARPAN-LAP" outcome="Warning" timestamp="2014-07-26T16:05:57.0496301+05:30">
        <Text>Warning: Test Run deployment issue: Failed to get the file for deployment item '..\UnitTest\TestCases\first_person_tenses_active_negation.xml' specified by the test 'UnitTest.BnlpTest.first_person_tenses_active_negation': System.IO.DirectoryNotFoundException: Could not find a part of the path 'D:\software\Project\UnitTest\TestCases\first_person_tenses_active_negation.xml'.</Text>
        <Exception>System.IO.DirectoryNotFoundException: Could not find a part of the path 'D:\software\Project\UnitTest\TestCases\first_person_tenses_active_negation.xml'.
   at System.IO.__Error.WinIOError(Int32 errorCode, String maybeFullPath)
   at System.IO.File.GetAttributes(String path)
   at Microsoft.VisualStudio.TestTools.Common.SingleFileProvider.GetFilePaths()
   at Microsoft.VisualStudio.TestTools.TestManagement.DeploymentCoverageItem.GetFiles(TestRunConfiguration runConfig)
   at Microsoft.VisualStudio.TestTools.TestManagement.DeploymentManager.DoDeployment(TestRun run, FileCopyService fileCopyService)</Exception>
      </RunInfo>
      <RunInfo computerName="ARPAN-LAP" outcome="Warning" timestamp="2014-07-26T16:05:57.0506302+05:30">
        <Text>Warning: Test Run deployment issue: Failed to get the file for deployment item '..\UnitTest\TestCases\all_persons_modal_can_may_negation.xml' specified by the test 'UnitTest.BnlpTest.all_persons_modal_can_may_negation': System.IO.DirectoryNotFoundException: Could not find a part of the path 'D:\software\Project\UnitTest\TestCases\all_persons_modal_can_may_negation.xml'.</Text>
        <Exception>System.IO.DirectoryNotFoundException: Could not find a part of the path 'D:\software\Project\UnitTest\TestCases\all_persons_modal_can_may_negation.xml'.
   at System.IO.__Error.WinIOError(Int32 errorCode, String maybeFullPath)
   at System.IO.File.GetAttributes(String path)
   at Microsoft.VisualStudio.TestTools.Common.SingleFileProvider.GetFilePaths()
   at Microsoft.VisualStudio.TestTools.TestManagement.DeploymentCoverageItem.GetFiles(TestRunConfiguration runConfig)
   at Microsoft.VisualStudio.TestTools.TestManagement.DeploymentManager.DoDeployment(TestRun run, FileCopyService fileCopyService)</Exception>
      </RunInfo>
      <RunInfo computerName="ARPAN-LAP" outcome="Warning" timestamp="2014-07-26T16:05:57.0516302+05:30">
        <Text>Warning: Test Run deployment issue: Failed to get the file for deployment item '..\UnitTest\TestCases\third_person_tenses_active_negation.xml' specified by the test 'UnitTest.BnlpTest.third_person_tenses_active_negation': System.IO.DirectoryNotFoundException: Could not find a part of the path 'D:\software\Project\UnitTest\TestCases\third_person_tenses_active_negation.xml'.</Text>
        <Exception>System.IO.DirectoryNotFoundException: Could not find a part of the path 'D:\software\Project\UnitTest\TestCases\third_person_tenses_active_negation.xml'.
   at System.IO.__Error.WinIOError(Int32 errorCode, String maybeFullPath)
   at System.IO.File.GetAttributes(String path)
   at Microsoft.VisualStudio.TestTools.Common.SingleFileProvider.GetFilePaths()
   at Microsoft.VisualStudio.TestTools.TestManagement.DeploymentCoverageItem.GetFiles(TestRunConfiguration runConfig)
   at Microsoft.VisualStudio.TestTools.TestManagement.DeploymentManager.DoDeployment(TestRun run, FileCopyService fileCopyService)</Exception>
      </RunInfo>
      <RunInfo computerName="ARPAN-LAP" outcome="Warning" timestamp="2014-07-26T16:05:57.0526303+05:30">
        <Text>Warning: Test Run deployment issue: Failed to get the file for deployment item '..\UnitTest\TestCases\interrogative_sentences_do.xml' specified by the test 'UnitTest.BnlpTest.interrogative_sentences_do': System.IO.DirectoryNotFoundException: Could not find a part of the path 'D:\software\Project\UnitTest\TestCases\interrogative_sentences_do.xml'.</Text>
        <Exception>System.IO.DirectoryNotFoundException: Could not find a part of the path 'D:\software\Project\UnitTest\TestCases\interrogative_sentences_do.xml'.
   at System.IO.__Error.WinIOError(Int32 errorCode, String maybeFullPath)
   at System.IO.File.GetAttributes(String path)
   at Microsoft.VisualStudio.TestTools.Common.SingleFileProvider.GetFilePaths()
   at Microsoft.VisualStudio.TestTools.TestManagement.DeploymentCoverageItem.GetFiles(TestRunConfiguration runConfig)
   at Microsoft.VisualStudio.TestTools.TestManagement.DeploymentManager.DoDeployment(TestRun run, FileCopyService fileCopyService)</Exception>
      </RunInfo>
      <RunInfo computerName="ARPAN-LAP" outcome="Warning" timestamp="2014-07-26T16:05:57.0536304+05:30">
        <Text>Warning: Test Run deployment issue: Failed to get the file for deployment item '..\UnitTest\TestCases\auxiliary_verbs_as_main_verbs.xml' specified by the test 'UnitTest.BnlpTest.auxiliary_verbs_as_main_verbs': System.IO.DirectoryNotFoundException: Could not find a part of the path 'D:\software\Project\UnitTest\TestCases\auxiliary_verbs_as_main_verbs.xml'.</Text>
        <Exception>System.IO.DirectoryNotFoundException: Could not find a part of the path 'D:\software\Project\UnitTest\TestCases\auxiliary_verbs_as_main_verbs.xml'.
   at System.IO.__Error.WinIOError(Int32 errorCode, String maybeFullPath)
   at System.IO.File.GetAttributes(String path)
   at Microsoft.VisualStudio.TestTools.Common.SingleFileProvider.GetFilePaths()
   at Microsoft.VisualStudio.TestTools.TestManagement.DeploymentCoverageItem.GetFiles(TestRunConfiguration runConfig)
   at Microsoft.VisualStudio.TestTools.TestManagement.DeploymentManager.DoDeployment(TestRun run, FileCopyService fileCopyService)</Exception>
      </RunInfo>
      <RunInfo computerName="ARPAN-LAP" outcome="Warning" timestamp="2014-07-26T16:05:57.0546304+05:30">
        <Text>Warning: Test Run deployment issue: Failed to get the file for deployment item '..\UnitTest\TestCases\all_persons_tenses_passive_negation.xml' specified by the test 'UnitTest.BnlpTest.all_persons_tenses_passive_negation': System.IO.DirectoryNotFoundException: Could not find a part of the path 'D:\software\Project\UnitTest\TestCases\all_persons_tenses_passive_negation.xml'.</Text>
        <Exception>System.IO.DirectoryNotFoundException: Could not find a part of the path 'D:\software\Project\UnitTest\TestCases\all_persons_tenses_passive_negation.xml'.
   at System.IO.__Error.WinIOError(Int32 errorCode, String maybeFullPath)
   at System.IO.File.GetAttributes(String path)
   at Microsoft.VisualStudio.TestTools.Common.SingleFileProvider.GetFilePaths()
   at Microsoft.VisualStudio.TestTools.TestManagement.DeploymentCoverageItem.GetFiles(TestRunConfiguration runConfig)
   at Microsoft.VisualStudio.TestTools.TestManagement.DeploymentManager.DoDeployment(TestRun run, FileCopyService fileCopyService)</Exception>
      </RunInfo>
      <RunInfo computerName="ARPAN-LAP" outcome="Warning" timestamp="2014-07-26T16:05:57.0556305+05:30">
        <Text>Warning: Test Run deployment issue: Failed to get the file for deployment item '..\UnitTest\TestCases\prepositions_made_with_two_words.xml' specified by the test 'UnitTest.BnlpTest.prepositions_made_with_two_words': System.IO.DirectoryNotFoundException: Could not find a part of the path 'D:\software\Project\UnitTest\TestCases\prepositions_made_with_two_words.xml'.</Text>
        <Exception>System.IO.DirectoryNotFoundException: Could not find a part of the path 'D:\software\Project\UnitTest\TestCases\prepositions_made_with_two_words.xml'.
   at System.IO.__Error.WinIOError(Int32 errorCode, String maybeFullPath)
   at System.IO.File.GetAttributes(String path)
   at Microsoft.VisualStudio.TestTools.Common.SingleFileProvider.GetFilePaths()
   at Microsoft.VisualStudio.TestTools.TestManagement.DeploymentCoverageItem.GetFiles(TestRunConfiguration runConfig)
   at Microsoft.VisualStudio.TestTools.TestManagement.DeploymentManager.DoDeployment(TestRun run, FileCopyService fileCopyService)</Exception>
      </RunInfo>
      <RunInfo computerName="ARPAN-LAP" outcome="Warning" timestamp="2014-07-26T16:05:57.0566305+05:30">
        <Text>Warning: Test Run deployment issue: Failed to get the file for deployment item '..\UnitTest\TestCases\first_person_tenses_active.xml' specified by the test 'UnitTest.BnlpTest.first_person_tenses_active': System.IO.DirectoryNotFoundException: Could not find a part of the path 'D:\software\Project\UnitTest\TestCases\first_person_tenses_active.xml'.</Text>
        <Exception>System.IO.DirectoryNotFoundException: Could not find a part of the path 'D:\software\Project\UnitTest\TestCases\first_person_tenses_active.xml'.
   at System.IO.__Error.WinIOError(Int32 errorCode, String maybeFullPath)
   at System.IO.File.GetAttributes(String path)
   at Microsoft.VisualStudio.TestTools.Common.SingleFileProvider.GetFilePaths()
   at Microsoft.VisualStudio.TestTools.TestManagement.DeploymentCoverageItem.GetFiles(TestRunConfiguration runConfig)
   at Microsoft.VisualStudio.TestTools.TestManagement.DeploymentManager.DoDeployment(TestRun run, FileCopyService fileCopyService)</Exception>
      </RunInfo>
      <RunInfo computerName="ARPAN-LAP" outcome="Warning" timestamp="2014-07-26T16:05:57.0566305+05:30">
        <Text>Warning: Test Run deployment issue: Failed to get the file for deployment item '..\UnitTest\TestCases\interrogative_sentences_why.xml' specified by the test 'UnitTest.BnlpTest.interrogative_sentences_why': System.IO.DirectoryNotFoundException: Could not find a part of the path 'D:\software\Project\UnitTest\TestCases\interrogative_sentences_why.xml'.</Text>
        <Exception>System.IO.DirectoryNotFoundException: Could not find a part of the path 'D:\software\Project\UnitTest\TestCases\interrogative_sentences_why.xml'.
   at System.IO.__Error.WinIOError(Int32 errorCode, String maybeFullPath)
   at System.IO.File.GetAttributes(String path)
   at Microsoft.VisualStudio.TestTools.Common.SingleFileProvider.GetFilePaths()
   at Microsoft.VisualStudio.TestTools.TestManagement.DeploymentCoverageItem.GetFiles(TestRunConfiguration runConfig)
   at Microsoft.VisualStudio.TestTools.TestManagement.DeploymentManager.DoDeployment(TestRun run, FileCopyService fileCopyService)</Exception>
      </RunInfo>
      <RunInfo computerName="ARPAN-LAP" outcome="Warning" timestamp="2014-07-26T16:05:57.0576306+05:30">
        <Text>Warning: Test Run deployment issue: Failed to get the file for deployment item '..\UnitTest\TestCases\all_persons_modal_can_may.xml' specified by the test 'UnitTest.BnlpTest.all_persons_modal_can_may': System.IO.DirectoryNotFoundException: Could not find a part of the path 'D:\software\Project\UnitTest\TestCases\all_persons_modal_can_may.xml'.</Text>
        <Exception>System.IO.DirectoryNotFoundException: Could not find a part of the path 'D:\software\Project\UnitTest\TestCases\all_persons_modal_can_may.xml'.
   at System.IO.__Error.WinIOError(Int32 errorCode, String maybeFullPath)
   at System.IO.File.GetAttributes(String path)
   at Microsoft.VisualStudio.TestTools.Common.SingleFileProvider.GetFilePaths()
   at Microsoft.VisualStudio.TestTools.TestManagement.DeploymentCoverageItem.GetFiles(TestRunConfiguration runConfig)
   at Microsoft.VisualStudio.TestTools.TestManagement.DeploymentManager.DoDeployment(TestRun run, FileCopyService fileCopyService)</Exception>
      </RunInfo>
    </RunInfos>
  </ResultSummary>
  <TestDefinitions>
    <UnitTest name="prepositions_made_with_three_words" storage="d:\software\project\bnlp\unittest\bin\debug\unittest.dll" id="0f33848d-a900-d644-7498-2526887b5425">
      <DeploymentItems>
        <DeploymentItem filename="..\UnitTest\TestCases\prepositions_made_with_three_words.xml" />
      </DeploymentItems>
      <Execution id="398377ca-2332-4714-a597-3ceb15acdc66" />
      <TestMethod codeBase="D:/software/Project/BNLP/UnitTest/bin/Debug/UnitTest.DLL" adapterTypeName="Microsoft.VisualStudio.TestTools.TestTypes.Unit.UnitTestAdapter, Microsoft.VisualStudio.QualityTools.Tips.UnitTest.Adapter, Version=10.0.0.0, Culture=neutral, PublicKeyToken=b03f5f7f11d50a3a" className="UnitTest.BnlpTest, UnitTest, Version=1.0.0.0, Culture=neutral, PublicKeyToken=null" name="prepositions_made_with_three_words" />
      <DataSource connectionString="|DataDirectory|\TestCases\prepositions_made_with_three_words.xml" providerInvariantName="Microsoft.VisualStudio.TestTools.DataSource.XML" tableName="sentence" />
    </UnitTest>
    <UnitTest name="first_person_tenses_active" storage="d:\software\project\bnlp\unittest\bin\debug\unittest.dll" id="921e6ab0-d7c2-6005-e523-6fd2d5e1a723">
      <DeploymentItems>
        <DeploymentItem filename="..\UnitTest\TestCases\first_person_tenses_active.xml" />
      </DeploymentItems>
      <Execution id="7a9d1fa4-0938-4b38-82da-6e8d6e4835eb" />
      <TestMethod codeBase="D:/software/Project/BNLP/UnitTest/bin/Debug/UnitTest.DLL" adapterTypeName="Microsoft.VisualStudio.TestTools.TestTypes.Unit.UnitTestAdapter, Microsoft.VisualStudio.QualityTools.Tips.UnitTest.Adapter, Version=10.0.0.0, Culture=neutral, PublicKeyToken=b03f5f7f11d50a3a" className="UnitTest.BnlpTest, UnitTest, Version=1.0.0.0, Culture=neutral, PublicKeyToken=null" name="first_person_tenses_active" />
      <DataSource connectionString="|DataDirectory|\TestCases\first_person_tenses_active.xml" providerInvariantName="Microsoft.VisualStudio.TestTools.DataSource.XML" tableName="sentence" />
    </UnitTest>
    <UnitTest name="interrogative_sentences_what" storage="d:\software\project\bnlp\unittest\bin\debug\unittest.dll" id="7f7910d1-dc89-39b4-b4cf-d9e6d7af9420">
      <DeploymentItems>
        <DeploymentItem filename="..\UnitTest\TestCases\interrogative_sentences_what.xml" />
      </DeploymentItems>
      <Execution id="3a7f26b7-fcf6-4196-b1f8-219f62f646cf" />
      <TestMethod codeBase="D:/software/Project/BNLP/UnitTest/bin/Debug/UnitTest.DLL" adapterTypeName="Microsoft.VisualStudio.TestTools.TestTypes.Unit.UnitTestAdapter, Microsoft.VisualStudio.QualityTools.Tips.UnitTest.Adapter, Version=10.0.0.0, Culture=neutral, PublicKeyToken=b03f5f7f11d50a3a" className="UnitTest.BnlpTest, UnitTest, Version=1.0.0.0, Culture=neutral, PublicKeyToken=null" name="interrogative_sentences_what" />
      <DataSource connectionString="|DataDirectory|\TestCases\interrogative_sentences_what.xml" providerInvariantName="Microsoft.VisualStudio.TestTools.DataSource.XML" tableName="sentence" />
    </UnitTest>
    <UnitTest name="all_persons_modal_should_negation" storage="d:\software\project\bnlp\unittest\bin\debug\unittest.dll" id="9319d01e-de3e-d310-c76e-cae8dce4c924">
      <DeploymentItems>
        <DeploymentItem filename="..\UnitTest\TestCases\all_persons_modal_should_negation.xml" />
      </DeploymentItems>
      <Execution id="bbdb58c8-48b2-4da0-823c-8e932f118a32" />
      <TestMethod codeBase="D:/software/Project/BNLP/UnitTest/bin/Debug/UnitTest.DLL" adapterTypeName="Microsoft.VisualStudio.TestTools.TestTypes.Unit.UnitTestAdapter, Microsoft.VisualStudio.QualityTools.Tips.UnitTest.Adapter, Version=10.0.0.0, Culture=neutral, PublicKeyToken=b03f5f7f11d50a3a" className="UnitTest.BnlpTest, UnitTest, Version=1.0.0.0, Culture=neutral, PublicKeyToken=null" name="all_persons_modal_should_negation" />
      <DataSource connectionString="|DataDirectory|\TestCases\all_persons_modal_should_negation.xml" providerInvariantName="Microsoft.VisualStudio.TestTools.DataSource.XML" tableName="sentence" />
    </UnitTest>
    <UnitTest name="prepositions_made_with_two_words" storage="d:\software\project\bnlp\unittest\bin\debug\unittest.dll" id="0f337a75-1a2d-d9c3-6c5f-23ed2604b69d">
      <DeploymentItems>
        <DeploymentItem filename="..\UnitTest\TestCases\prepositions_made_with_two_words.xml" />
      </DeploymentItems>
      <Execution id="4c764129-aa2e-4137-9424-02254c20a2d0" />
      <TestMethod codeBase="D:/software/Project/BNLP/UnitTest/bin/Debug/UnitTest.DLL" adapterTypeName="Microsoft.VisualStudio.TestTools.TestTypes.Unit.UnitTestAdapter, Microsoft.VisualStudio.QualityTools.Tips.UnitTest.Adapter, Version=10.0.0.0, Culture=neutral, PublicKeyToken=b03f5f7f11d50a3a" className="UnitTest.BnlpTest, UnitTest, Version=1.0.0.0, Culture=neutral, PublicKeyToken=null" name="prepositions_made_with_two_words" />
      <DataSource connectionString="|DataDirectory|\TestCases\prepositions_made_with_two_words.xml" providerInvariantName="Microsoft.VisualStudio.TestTools.DataSource.XML" tableName="sentence" />
    </UnitTest>
    <UnitTest name="interrogative_sentences_do" storage="d:\software\project\bnlp\unittest\bin\debug\unittest.dll" id="1d63c318-78a9-9011-f5c0-0b01884a2881">
      <DeploymentItems>
        <DeploymentItem filename="..\UnitTest\TestCases\interrogative_sentences_do.xml" />
      </DeploymentItems>
      <Execution id="6c81100d-04ef-486c-bc24-62aacdf84363" />
      <TestMethod codeBase="D:/software/Project/BNLP/UnitTest/bin/Debug/UnitTest.DLL" adapterTypeName="Microsoft.VisualStudio.TestTools.TestTypes.Unit.UnitTestAdapter, Microsoft.VisualStudio.QualityTools.Tips.UnitTest.Adapter, Version=10.0.0.0, Culture=neutral, PublicKeyToken=b03f5f7f11d50a3a" className="UnitTest.BnlpTest, UnitTest, Version=1.0.0.0, Culture=neutral, PublicKeyToken=null" name="interrogative_sentences_do" />
      <DataSource connectionString="|DataDirectory|\TestCases\interrogative_sentences_do.xml" providerInvariantName="Microsoft.VisualStudio.TestTools.DataSource.XML" tableName="sentence" />
    </UnitTest>
    <UnitTest name="all_persons_tenses_passive_negation" storage="d:\software\project\bnlp\unittest\bin\debug\unittest.dll" id="bdfe92b2-f4ac-73a5-f13d-5c1ea13721b4">
      <DeploymentItems>
        <DeploymentItem filename="..\UnitTest\TestCases\all_persons_tenses_passive_negation.xml" />
      </DeploymentItems>
      <Execution id="9f44acd4-b89f-4a09-8455-f83bc3235748" />
      <TestMethod codeBase="D:/software/Project/BNLP/UnitTest/bin/Debug/UnitTest.DLL" adapterTypeName="Microsoft.VisualStudio.TestTools.TestTypes.Unit.UnitTestAdapter, Microsoft.VisualStudio.QualityTools.Tips.UnitTest.Adapter, Version=10.0.0.0, Culture=neutral, PublicKeyToken=b03f5f7f11d50a3a" className="UnitTest.BnlpTest, UnitTest, Version=1.0.0.0, Culture=neutral, PublicKeyToken=null" name="all_persons_tenses_passive_negation" />
      <DataSource connectionString="|DataDirectory|\TestCases\all_persons_tenses_passive_negation.xml" providerInvariantName="Microsoft.VisualStudio.TestTools.DataSource.XML" tableName="sentence" />
    </UnitTest>
    <UnitTest name="third_person_tenses_active_negation" storage="d:\software\project\bnlp\unittest\bin\debug\unittest.dll" id="fe3e63ab-391c-e168-48d0-431b85a7b898">
      <DeploymentItems>
        <DeploymentItem filename="..\UnitTest\TestCases\third_person_tenses_active_negation.xml" />
      </DeploymentItems>
      <Execution id="6f2d5404-ca12-4c8d-9d0f-2892451eeda4" />
      <TestMethod codeBase="D:/software/Project/BNLP/UnitTest/bin/Debug/UnitTest.DLL" adapterTypeName="Microsoft.VisualStudio.TestTools.TestTypes.Unit.UnitTestAdapter, Microsoft.VisualStudio.QualityTools.Tips.UnitTest.Adapter, Version=10.0.0.0, Culture=neutral, PublicKeyToken=b03f5f7f11d50a3a" className="UnitTest.BnlpTest, UnitTest, Version=1.0.0.0, Culture=neutral, PublicKeyToken=null" name="third_person_tenses_active_negation" />
      <DataSource connectionString="|DataDirectory|\TestCases\third_person_tenses_active_negation.xml" providerInvariantName="Microsoft.VisualStudio.TestTools.DataSource.XML" tableName="sentence" />
    </UnitTest>
    <UnitTest name="all_persons_modal_should" storage="d:\software\project\bnlp\unittest\bin\debug\unittest.dll" id="783915fe-114a-e353-78dd-56e92a60f942">
      <DeploymentItems>
        <DeploymentItem filename="..\UnitTest\TestCases\all_persons_modal_should.xml" />
      </DeploymentItems>
      <Execution id="b83b7a1a-c8d2-434d-b842-700bccb6fbb7" />
      <TestMethod codeBase="D:/software/Project/BNLP/UnitTest/bin/Debug/UnitTest.DLL" adapterTypeName="Microsoft.VisualStudio.TestTools.TestTypes.Unit.UnitTestAdapter, Microsoft.VisualStudio.QualityTools.Tips.UnitTest.Adapter, Version=10.0.0.0, Culture=neutral, PublicKeyToken=b03f5f7f11d50a3a" className="UnitTest.BnlpTest, UnitTest, Version=1.0.0.0, Culture=neutral, PublicKeyToken=null" name="all_persons_modal_should" />
      <DataSource connectionString="|DataDirectory|\TestCases\all_persons_modal_should.xml" providerInvariantName="Microsoft.VisualStudio.TestTools.DataSource.XML" tableName="sentence" />
    </UnitTest>
    <UnitTest name="second_person_tenses_active" storage="d:\software\project\bnlp\unittest\bin\debug\unittest.dll" id="30ab3285-6a8c-14d2-9725-bd60892ccd90">
      <DeploymentItems>
        <DeploymentItem filename="..\UnitTest\TestCases\second_person_tenses_active.xml" />
      </DeploymentItems>
      <Execution id="fcc6eed9-639c-4395-adf0-d25b564e3014" />
      <TestMethod codeBase="D:/software/Project/BNLP/UnitTest/bin/Debug/UnitTest.DLL" adapterTypeName="Microsoft.VisualStudio.TestTools.TestTypes.Unit.UnitTestAdapter, Microsoft.VisualStudio.QualityTools.Tips.UnitTest.Adapter, Version=10.0.0.0, Culture=neutral, PublicKeyToken=b03f5f7f11d50a3a" className="UnitTest.BnlpTest, UnitTest, Version=1.0.0.0, Culture=neutral, PublicKeyToken=null" name="second_person_tenses_active" />
      <DataSource connectionString="|DataDirectory|\TestCases\second_person_tenses_active.xml" providerInvariantName="Microsoft.VisualStudio.TestTools.DataSource.XML" tableName="sentence" />
    </UnitTest>
    <UnitTest name="interrogative_sentences_who" storage="d:\software\project\bnlp\unittest\bin\debug\unittest.dll" id="32b5d279-0d23-e5ad-0301-234c8788f740">
      <DeploymentItems>
        <DeploymentItem filename="..\UnitTest\TestCases\interrogative_sentences_who.xml" />
      </DeploymentItems>
      <Execution id="4e64f6f2-1cec-4c18-9aac-a38d68c7835e" />
      <TestMethod codeBase="D:/software/Project/BNLP/UnitTest/bin/Debug/UnitTest.DLL" adapterTypeName="Microsoft.VisualStudio.TestTools.TestTypes.Unit.UnitTestAdapter, Microsoft.VisualStudio.QualityTools.Tips.UnitTest.Adapter, Version=10.0.0.0, Culture=neutral, PublicKeyToken=b03f5f7f11d50a3a" className="UnitTest.BnlpTest, UnitTest, Version=1.0.0.0, Culture=neutral, PublicKeyToken=null" name="interrogative_sentences_who" />
      <DataSource connectionString="|DataDirectory|\TestCases\interrogative_sentences_who.xml" providerInvariantName="Microsoft.VisualStudio.TestTools.DataSource.XML" tableName="sentence" />
    </UnitTest>
    <UnitTest name="all_persons_modal_can_may" storage="d:\software\project\bnlp\unittest\bin\debug\unittest.dll" id="8fe5ccb3-a3f4-0f61-ad21-e94ef029e900">
      <DeploymentItems>
        <DeploymentItem filename="..\UnitTest\TestCases\all_persons_modal_can_may.xml" />
      </DeploymentItems>
      <Execution id="f3feeb64-1821-40bc-a725-4c71706bbcb6" />
      <TestMethod codeBase="D:/software/Project/BNLP/UnitTest/bin/Debug/UnitTest.DLL" adapterTypeName="Microsoft.VisualStudio.TestTools.TestTypes.Unit.UnitTestAdapter, Microsoft.VisualStudio.QualityTools.Tips.UnitTest.Adapter, Version=10.0.0.0, Culture=neutral, PublicKeyToken=b03f5f7f11d50a3a" className="UnitTest.BnlpTest, UnitTest, Version=1.0.0.0, Culture=neutral, PublicKeyToken=null" name="all_persons_modal_can_may" />
      <DataSource connectionString="|DataDirectory|\TestCases\all_persons_modal_can_may.xml" providerInvariantName="Microsoft.VisualStudio.TestTools.DataSource.XML" tableName="sentence" />
    </UnitTest>
    <UnitTest name="interrogative_sentences_how" storage="d:\software\project\bnlp\unittest\bin\debug\unittest.dll" id="227f20ae-8e76-eb71-39b2-4ada3ce6aba8">
      <DeploymentItems>
        <DeploymentItem filename="..\UnitTest\TestCases\interrogative_sentences_how.xml" />
      </DeploymentItems>
      <Execution id="7901e075-9ec5-4165-83db-1ef1697f877f" />
      <TestMethod codeBase="D:/software/Project/BNLP/UnitTest/bin/Debug/UnitTest.DLL" adapterTypeName="Microsoft.VisualStudio.TestTools.TestTypes.Unit.UnitTestAdapter, Microsoft.VisualStudio.QualityTools.Tips.UnitTest.Adapter, Version=10.0.0.0, Culture=neutral, PublicKeyToken=b03f5f7f11d50a3a" className="UnitTest.BnlpTest, UnitTest, Version=1.0.0.0, Culture=neutral, PublicKeyToken=null" name="interrogative_sentences_how" />
      <DataSource connectionString="|DataDirectory|\TestCases\interrogative_sentences_how.xml" providerInvariantName="Microsoft.VisualStudio.TestTools.DataSource.XML" tableName="sentence" />
    </UnitTest>
    <UnitTest name="all_persons_modal_can_may_negation" storage="d:\software\project\bnlp\unittest\bin\debug\unittest.dll" id="d03eb628-bf1f-c27d-aeef-e708d613d686">
      <DeploymentItems>
        <DeploymentItem filename="..\UnitTest\TestCases\all_persons_modal_can_may_negation.xml" />
      </DeploymentItems>
      <Execution id="6c76cf89-f89b-4385-b3d7-f093bb23a145" />
      <TestMethod codeBase="D:/software/Project/BNLP/UnitTest/bin/Debug/UnitTest.DLL" adapterTypeName="Microsoft.VisualStudio.TestTools.TestTypes.Unit.UnitTestAdapter, Microsoft.VisualStudio.QualityTools.Tips.UnitTest.Adapter, Version=10.0.0.0, Culture=neutral, PublicKeyToken=b03f5f7f11d50a3a" className="UnitTest.BnlpTest, UnitTest, Version=1.0.0.0, Culture=neutral, PublicKeyToken=null" name="all_persons_modal_can_may_negation" />
      <DataSource connectionString="|DataDirectory|\TestCases\all_persons_modal_can_may_negation.xml" providerInvariantName="Microsoft.VisualStudio.TestTools.DataSource.XML" tableName="sentence" />
    </UnitTest>
    <UnitTest name="RandomWord" storage="d:\software\project\bnlp\unittest\bin\debug\unittest.dll" id="642ce34f-0ed4-f995-637b-09297c832f2a">
      <DeploymentItems>
        <DeploymentItem filename="..\UnitTest\TestCases\wikipedia.xml" />
      </DeploymentItems>
      <Execution id="653e93c9-3515-47d7-bfa7-3f6d43ed150c" />
      <TestMethod codeBase="D:/software/Project/BNLP/UnitTest/bin/Debug/UnitTest.DLL" adapterTypeName="Microsoft.VisualStudio.TestTools.TestTypes.Unit.UnitTestAdapter, Microsoft.VisualStudio.QualityTools.Tips.UnitTest.Adapter, Version=10.0.0.0, Culture=neutral, PublicKeyToken=b03f5f7f11d50a3a" className="UnitTest.BnlpTest, UnitTest, Version=1.0.0.0, Culture=neutral, PublicKeyToken=null" name="RandomWord" />
      <DataSource connectionString="|DataDirectory|\TestCases\wikipedia.xml" providerInvariantName="Microsoft.VisualStudio.TestTools.DataSource.XML" tableName="sentence" />
    </UnitTest>
    <UnitTest name="second_person_tenses_active_negation" storage="d:\software\project\bnlp\unittest\bin\debug\unittest.dll" id="83c68223-dcaa-51dd-423f-434210a59f77">
      <DeploymentItems>
        <DeploymentItem filename="..\UnitTest\TestCases\second_person_tenses_active_negation.xml" />
      </DeploymentItems>
      <Execution id="2d78f51b-b10c-486e-8d90-681a825b598c" />
      <TestMethod codeBase="D:/software/Project/BNLP/UnitTest/bin/Debug/UnitTest.DLL" adapterTypeName="Microsoft.VisualStudio.TestTools.TestTypes.Unit.UnitTestAdapter, Microsoft.VisualStudio.QualityTools.Tips.UnitTest.Adapter, Version=10.0.0.0, Culture=neutral, PublicKeyToken=b03f5f7f11d50a3a" className="UnitTest.BnlpTest, UnitTest, Version=1.0.0.0, Culture=neutral, PublicKeyToken=null" name="second_person_tenses_active_negation" />
      <DataSource connectionString="|DataDirectory|\TestCases\second_person_tenses_active_negation.xml" providerInvariantName="Microsoft.VisualStudio.TestTools.DataSource.XML" tableName="sentence" />
    </UnitTest>
    <UnitTest name="interrogative_sentences_why" storage="d:\software\project\bnlp\unittest\bin\debug\unittest.dll" id="1b04a6d6-5350-792c-8eba-a46a0eb28949">
      <DeploymentItems>
        <DeploymentItem filename="..\UnitTest\TestCases\interrogative_sentences_why.xml" />
      </DeploymentItems>
      <Execution id="7e8b7917-2f8a-43f0-9616-17b6bf6d6ff3" />
      <TestMethod codeBase="D:/software/Project/BNLP/UnitTest/bin/Debug/UnitTest.DLL" adapterTypeName="Microsoft.VisualStudio.TestTools.TestTypes.Unit.UnitTestAdapter, Microsoft.VisualStudio.QualityTools.Tips.UnitTest.Adapter, Version=10.0.0.0, Culture=neutral, PublicKeyToken=b03f5f7f11d50a3a" className="UnitTest.BnlpTest, UnitTest, Version=1.0.0.0, Culture=neutral, PublicKeyToken=null" name="interrogative_sentences_why" />
      <DataSource connectionString="|DataDirectory|\TestCases\interrogative_sentences_why.xml" providerInvariantName="Microsoft.VisualStudio.TestTools.DataSource.XML" tableName="sentence" />
    </UnitTest>
    <UnitTest name="interrogative_sentences_which" storage="d:\software\project\bnlp\unittest\bin\debug\unittest.dll" id="97a1371f-e8e6-db3e-323e-49ffeef32df1">
      <DeploymentItems>
        <DeploymentItem filename="..\UnitTest\TestCases\interrogative_sentences_which.xml" />
      </DeploymentItems>
      <Execution id="44a681e4-aa86-4d29-b2c9-9646904b0501" />
      <TestMethod codeBase="D:/software/Project/BNLP/UnitTest/bin/Debug/UnitTest.DLL" adapterTypeName="Microsoft.VisualStudio.TestTools.TestTypes.Unit.UnitTestAdapter, Microsoft.VisualStudio.QualityTools.Tips.UnitTest.Adapter, Version=10.0.0.0, Culture=neutral, PublicKeyToken=b03f5f7f11d50a3a" className="UnitTest.BnlpTest, UnitTest, Version=1.0.0.0, Culture=neutral, PublicKeyToken=null" name="interrogative_sentences_which" />
      <DataSource connectionString="|DataDirectory|\TestCases\interrogative_sentences_which.xml" providerInvariantName="Microsoft.VisualStudio.TestTools.DataSource.XML" tableName="sentence" />
    </UnitTest>
    <UnitTest name="third_person_tenses_active" storage="d:\software\project\bnlp\unittest\bin\debug\unittest.dll" id="0bc2f98c-98f5-f190-c78c-c00d94c547a1">
      <DeploymentItems>
        <DeploymentItem filename="..\UnitTest\TestCases\third_person_tenses_active.xml" />
      </DeploymentItems>
      <Execution id="024211bc-cd1a-4e62-a9e9-5523e248af61" />
      <TestMethod codeBase="D:/software/Project/BNLP/UnitTest/bin/Debug/UnitTest.DLL" adapterTypeName="Microsoft.VisualStudio.TestTools.TestTypes.Unit.UnitTestAdapter, Microsoft.VisualStudio.QualityTools.Tips.UnitTest.Adapter, Version=10.0.0.0, Culture=neutral, PublicKeyToken=b03f5f7f11d50a3a" className="UnitTest.BnlpTest, UnitTest, Version=1.0.0.0, Culture=neutral, PublicKeyToken=null" name="third_person_tenses_active" />
      <DataSource connectionString="|DataDirectory|\TestCases\third_person_tenses_active.xml" providerInvariantName="Microsoft.VisualStudio.TestTools.DataSource.XML" tableName="sentence" />
    </UnitTest>
    <UnitTest name="auxiliary_verbs_as_main_verbs" storage="d:\software\project\bnlp\unittest\bin\debug\unittest.dll" id="c79146bc-2376-961a-5de9-441b5dfc7188">
      <DeploymentItems>
        <DeploymentItem filename="..\UnitTest\TestCases\auxiliary_verbs_as_main_verbs.xml" />
      </DeploymentItems>
      <Execution id="788cbdae-5329-479c-b416-6fd9f631d209" />
      <TestMethod codeBase="D:/software/Project/BNLP/UnitTest/bin/Debug/UnitTest.DLL" adapterTypeName="Microsoft.VisualStudio.TestTools.TestTypes.Unit.UnitTestAdapter, Microsoft.VisualStudio.QualityTools.Tips.UnitTest.Adapter, Version=10.0.0.0, Culture=neutral, PublicKeyToken=b03f5f7f11d50a3a" className="UnitTest.BnlpTest, UnitTest, Version=1.0.0.0, Culture=neutral, PublicKeyToken=null" name="auxiliary_verbs_as_main_verbs" />
      <DataSource connectionString="|DataDirectory|\TestCases\auxiliary_verbs_as_main_verbs.xml" providerInvariantName="Microsoft.VisualStudio.TestTools.DataSource.XML" tableName="sentence" />
    </UnitTest>
    <UnitTest name="special_handling_do_verb" storage="d:\software\project\bnlp\unittest\bin\debug\unittest.dll" id="533e7939-123c-ce84-5c5c-d5a21d1d95b9">
      <DeploymentItems>
        <DeploymentItem filename="..\UnitTest\TestCases\special_handling_do_verb.xml" />
      </DeploymentItems>
      <Execution id="effba31e-ef18-4d79-8e83-b10a0d140b6e" />
      <TestMethod codeBase="D:/software/Project/BNLP/UnitTest/bin/Debug/UnitTest.DLL" adapterTypeName="Microsoft.VisualStudio.TestTools.TestTypes.Unit.UnitTestAdapter, Microsoft.VisualStudio.QualityTools.Tips.UnitTest.Adapter, Version=10.0.0.0, Culture=neutral, PublicKeyToken=b03f5f7f11d50a3a" className="UnitTest.BnlpTest, UnitTest, Version=1.0.0.0, Culture=neutral, PublicKeyToken=null" name="special_handling_do_verb" />
      <DataSource connectionString="|DataDirectory|\TestCases\special_handling_do_verb.xml" providerInvariantName="Microsoft.VisualStudio.TestTools.DataSource.XML" tableName="sentence" />
    </UnitTest>
    <UnitTest name="interrogative_sentences_whom" storage="d:\software\project\bnlp\unittest\bin\debug\unittest.dll" id="4e91a3b9-9eae-ebff-0b97-303f00578a78">
      <DeploymentItems>
        <DeploymentItem filename="..\UnitTest\TestCases\interrogative_sentences_whom.xml" />
      </DeploymentItems>
      <Execution id="d27703a6-5d65-4b0b-a07c-b1d1fe0775d0" />
      <TestMethod codeBase="D:/software/Project/BNLP/UnitTest/bin/Debug/UnitTest.DLL" adapterTypeName="Microsoft.VisualStudio.TestTools.TestTypes.Unit.UnitTestAdapter, Microsoft.VisualStudio.QualityTools.Tips.UnitTest.Adapter, Version=10.0.0.0, Culture=neutral, PublicKeyToken=b03f5f7f11d50a3a" className="UnitTest.BnlpTest, UnitTest, Version=1.0.0.0, Culture=neutral, PublicKeyToken=null" name="interrogative_sentences_whom" />
      <DataSource connectionString="|DataDirectory|\TestCases\interrogative_sentences_whom.xml" providerInvariantName="Microsoft.VisualStudio.TestTools.DataSource.XML" tableName="sentence" />
    </UnitTest>
    <UnitTest name="interrogative_sentences_where" storage="d:\software\project\bnlp\unittest\bin\debug\unittest.dll" id="b9261b51-b0a2-10e2-9308-22bb2624de8b">
      <DeploymentItems>
        <DeploymentItem filename="..\UnitTest\TestCases\interrogative_sentences_where.xml" />
      </DeploymentItems>
      <Execution id="b9150fbc-b56a-4fb5-9166-2efdd632fcec" />
      <TestMethod codeBase="D:/software/Project/BNLP/UnitTest/bin/Debug/UnitTest.DLL" adapterTypeName="Microsoft.VisualStudio.TestTools.TestTypes.Unit.UnitTestAdapter, Microsoft.VisualStudio.QualityTools.Tips.UnitTest.Adapter, Version=10.0.0.0, Culture=neutral, PublicKeyToken=b03f5f7f11d50a3a" className="UnitTest.BnlpTest, UnitTest, Version=1.0.0.0, Culture=neutral, PublicKeyToken=null" name="interrogative_sentences_where" />
      <DataSource connectionString="|DataDirectory|\TestCases\interrogative_sentences_where.xml" providerInvariantName="Microsoft.VisualStudio.TestTools.DataSource.XML" tableName="sentence" />
    </UnitTest>
    <UnitTest name="interrogative_sentences_aux" storage="d:\software\project\bnlp\unittest\bin\debug\unittest.dll" id="39dcb97e-c73f-c645-a77c-64d9eba0a3a3">
      <DeploymentItems>
        <DeploymentItem filename="..\UnitTest\TestCases\interrogative_sentences_aux.xml" />
      </DeploymentItems>
      <Execution id="c4344dc2-73e6-4599-9c62-9b7135140257" />
      <TestMethod codeBase="D:/software/Project/BNLP/UnitTest/bin/Debug/UnitTest.DLL" adapterTypeName="Microsoft.VisualStudio.TestTools.TestTypes.Unit.UnitTestAdapter, Microsoft.VisualStudio.QualityTools.Tips.UnitTest.Adapter, Version=10.0.0.0, Culture=neutral, PublicKeyToken=b03f5f7f11d50a3a" className="UnitTest.BnlpTest, UnitTest, Version=1.0.0.0, Culture=neutral, PublicKeyToken=null" name="interrogative_sentences_aux" />
      <DataSource connectionString="|DataDirectory|\TestCases\interrogative_sentences_aux.xml" providerInvariantName="Microsoft.VisualStudio.TestTools.DataSource.XML" tableName="sentence" />
    </UnitTest>
    <UnitTest name="all_persons_tenses_passive" storage="d:\software\project\bnlp\unittest\bin\debug\unittest.dll" id="d766a059-d96c-7b47-e6a6-34931760df96">
      <DeploymentItems>
        <DeploymentItem filename="..\UnitTest\TestCases\all_persons_tenses_passive.xml" />
      </DeploymentItems>
      <Execution id="7c969c92-9bda-4064-a89b-1f05b6ee49ab" />
      <TestMethod codeBase="D:/software/Project/BNLP/UnitTest/bin/Debug/UnitTest.DLL" adapterTypeName="Microsoft.VisualStudio.TestTools.TestTypes.Unit.UnitTestAdapter, Microsoft.VisualStudio.QualityTools.Tips.UnitTest.Adapter, Version=10.0.0.0, Culture=neutral, PublicKeyToken=b03f5f7f11d50a3a" className="UnitTest.BnlpTest, UnitTest, Version=1.0.0.0, Culture=neutral, PublicKeyToken=null" name="all_persons_tenses_passive" />
      <DataSource connectionString="|DataDirectory|\TestCases\all_persons_tenses_passive.xml" providerInvariantName="Microsoft.VisualStudio.TestTools.DataSource.XML" tableName="sentence" />
    </UnitTest>
    <UnitTest name="first_person_tenses_active_negation" storage="d:\software\project\bnlp\unittest\bin\debug\unittest.dll" id="15fe5bf6-5078-81a8-0356-385549390bb7">
      <DeploymentItems>
        <DeploymentItem filename="..\UnitTest\TestCases\first_person_tenses_active_negation.xml" />
      </DeploymentItems>
      <Execution id="a41875da-315f-4c06-bdcd-7cb0ec572f86" />
      <TestMethod codeBase="D:/software/Project/BNLP/UnitTest/bin/Debug/UnitTest.DLL" adapterTypeName="Microsoft.VisualStudio.TestTools.TestTypes.Unit.UnitTestAdapter, Microsoft.VisualStudio.QualityTools.Tips.UnitTest.Adapter, Version=10.0.0.0, Culture=neutral, PublicKeyToken=b03f5f7f11d50a3a" className="UnitTest.BnlpTest, UnitTest, Version=1.0.0.0, Culture=neutral, PublicKeyToken=null" name="first_person_tenses_active_negation" />
      <DataSource connectionString="|DataDirectory|\TestCases\first_person_tenses_active_negation.xml" providerInvariantName="Microsoft.VisualStudio.TestTools.DataSource.XML" tableName="sentence" />
    </UnitTest>
  </TestDefinitions>
  <TestLists>
    <TestList name="Results Not in a List" id="8c84fa94-04c1-424b-9868-57a2d4851a1d" />
    <TestList name="All Loaded Results" id="19431567-8539-422a-85d7-44ee4e166bda" />
  </TestLists>
  <TestEntries>
    <TestEntry testId="0bc2f98c-98f5-f190-c78c-c00d94c547a1" executionId="024211bc-cd1a-4e62-a9e9-5523e248af61" testListId="8c84fa94-04c1-424b-9868-57a2d4851a1d" />
    <TestEntry testId="0f337a75-1a2d-d9c3-6c5f-23ed2604b69d" executionId="4c764129-aa2e-4137-9424-02254c20a2d0" testListId="8c84fa94-04c1-424b-9868-57a2d4851a1d" />
    <TestEntry testId="0f33848d-a900-d644-7498-2526887b5425" executionId="398377ca-2332-4714-a597-3ceb15acdc66" testListId="8c84fa94-04c1-424b-9868-57a2d4851a1d" />
    <TestEntry testId="15fe5bf6-5078-81a8-0356-385549390bb7" executionId="a41875da-315f-4c06-bdcd-7cb0ec572f86" testListId="8c84fa94-04c1-424b-9868-57a2d4851a1d" />
    <TestEntry testId="1b04a6d6-5350-792c-8eba-a46a0eb28949" executionId="7e8b7917-2f8a-43f0-9616-17b6bf6d6ff3" testListId="8c84fa94-04c1-424b-9868-57a2d4851a1d" />
    <TestEntry testId="1d63c318-78a9-9011-f5c0-0b01884a2881" executionId="6c81100d-04ef-486c-bc24-62aacdf84363" testListId="8c84fa94-04c1-424b-9868-57a2d4851a1d" />
    <TestEntry testId="227f20ae-8e76-eb71-39b2-4ada3ce6aba8" executionId="7901e075-9ec5-4165-83db-1ef1697f877f" testListId="8c84fa94-04c1-424b-9868-57a2d4851a1d" />
    <TestEntry testId="30ab3285-6a8c-14d2-9725-bd60892ccd90" executionId="fcc6eed9-639c-4395-adf0-d25b564e3014" testListId="8c84fa94-04c1-424b-9868-57a2d4851a1d" />
    <TestEntry testId="32b5d279-0d23-e5ad-0301-234c8788f740" executionId="4e64f6f2-1cec-4c18-9aac-a38d68c7835e" testListId="8c84fa94-04c1-424b-9868-57a2d4851a1d" />
    <TestEntry testId="39dcb97e-c73f-c645-a77c-64d9eba0a3a3" executionId="c4344dc2-73e6-4599-9c62-9b7135140257" testListId="8c84fa94-04c1-424b-9868-57a2d4851a1d" />
    <TestEntry testId="4e91a3b9-9eae-ebff-0b97-303f00578a78" executionId="d27703a6-5d65-4b0b-a07c-b1d1fe0775d0" testListId="8c84fa94-04c1-424b-9868-57a2d4851a1d" />
    <TestEntry testId="533e7939-123c-ce84-5c5c-d5a21d1d95b9" executionId="effba31e-ef18-4d79-8e83-b10a0d140b6e" testListId="8c84fa94-04c1-424b-9868-57a2d4851a1d" />
    <TestEntry testId="642ce34f-0ed4-f995-637b-09297c832f2a" executionId="653e93c9-3515-47d7-bfa7-3f6d43ed150c" testListId="8c84fa94-04c1-424b-9868-57a2d4851a1d" />
    <TestEntry testId="783915fe-114a-e353-78dd-56e92a60f942" executionId="b83b7a1a-c8d2-434d-b842-700bccb6fbb7" testListId="8c84fa94-04c1-424b-9868-57a2d4851a1d" />
    <TestEntry testId="7f7910d1-dc89-39b4-b4cf-d9e6d7af9420" executionId="3a7f26b7-fcf6-4196-b1f8-219f62f646cf" testListId="8c84fa94-04c1-424b-9868-57a2d4851a1d" />
    <TestEntry testId="83c68223-dcaa-51dd-423f-434210a59f77" executionId="2d78f51b-b10c-486e-8d90-681a825b598c" testListId="8c84fa94-04c1-424b-9868-57a2d4851a1d" />
    <TestEntry testId="8fe5ccb3-a3f4-0f61-ad21-e94ef029e900" executionId="f3feeb64-1821-40bc-a725-4c71706bbcb6" testListId="8c84fa94-04c1-424b-9868-57a2d4851a1d" />
    <TestEntry testId="921e6ab0-d7c2-6005-e523-6fd2d5e1a723" executionId="7a9d1fa4-0938-4b38-82da-6e8d6e4835eb" testListId="8c84fa94-04c1-424b-9868-57a2d4851a1d" />
    <TestEntry testId="9319d01e-de3e-d310-c76e-cae8dce4c924" executionId="bbdb58c8-48b2-4da0-823c-8e932f118a32" testListId="8c84fa94-04c1-424b-9868-57a2d4851a1d" />
    <TestEntry testId="97a1371f-e8e6-db3e-323e-49ffeef32df1" executionId="44a681e4-aa86-4d29-b2c9-9646904b0501" testListId="8c84fa94-04c1-424b-9868-57a2d4851a1d" />
    <TestEntry testId="b9261b51-b0a2-10e2-9308-22bb2624de8b" executionId="b9150fbc-b56a-4fb5-9166-2efdd632fcec" testListId="8c84fa94-04c1-424b-9868-57a2d4851a1d" />
    <TestEntry testId="bdfe92b2-f4ac-73a5-f13d-5c1ea13721b4" executionId="9f44acd4-b89f-4a09-8455-f83bc3235748" testListId="8c84fa94-04c1-424b-9868-57a2d4851a1d" />
    <TestEntry testId="c79146bc-2376-961a-5de9-441b5dfc7188" executionId="788cbdae-5329-479c-b416-6fd9f631d209" testListId="8c84fa94-04c1-424b-9868-57a2d4851a1d" />
    <TestEntry testId="d03eb628-bf1f-c27d-aeef-e708d613d686" executionId="6c76cf89-f89b-4385-b3d7-f093bb23a145" testListId="8c84fa94-04c1-424b-9868-57a2d4851a1d" />
    <TestEntry testId="d766a059-d96c-7b47-e6a6-34931760df96" executionId="7c969c92-9bda-4064-a89b-1f05b6ee49ab" testListId="8c84fa94-04c1-424b-9868-57a2d4851a1d" />
    <TestEntry testId="fe3e63ab-391c-e168-48d0-431b85a7b898" executionId="6f2d5404-ca12-4c8d-9d0f-2892451eeda4" testListId="8c84fa94-04c1-424b-9868-57a2d4851a1d" />
  </TestEntries>
  <Results>
    <UnitTestResult executionId="024211bc-cd1a-4e62-a9e9-5523e248af61" testId="0bc2f98c-98f5-f190-c78c-c00d94c547a1" testName="third_person_tenses_active" computerName="ARPAN-LAP" duration="00:00:06.1872910" startTime="2014-07-26T16:05:59.2177541+05:30" endTime="2014-07-26T16:06:06.0531451+05:30" testType="13cdc9d9-ddb5-4fa4-a97d-d965ccfc6d4b" outcome="Passed" testListId="8c84fa94-04c1-424b-9868-57a2d4851a1d" relativeResultsDirectory="024211bc-cd1a-4e62-a9e9-5523e248af61" resultType="DataDrivenTest">
      <Counters error="0" failed="0" timeout="0" aborted="0" inconclusive="0" passedButRunAborted="0" notRunnable="0" notExecuted="0" disconnected="0" warning="0" passed="10" completed="0" inProgress="0" pending="0" />
      <InnerResults>
        <UnitTestResult executionId="5e68ef60-5615-4fb6-92c4-cb5580c17a2e" parentExecutionId="024211bc-cd1a-4e62-a9e9-5523e248af61" testId="0bc2f98c-98f5-f190-c78c-c00d94c547a1" testName="third_person_tenses_active" computerName="ARPAN-LAP" duration="00:00:05.9035923" startTime="2014-07-26T16:05:59.7797863+05:30" endTime="2014-07-26T16:06:05.6921244+05:30" testType="13cdc9d9-ddb5-4fa4-a97d-d965ccfc6d4b" outcome="Passed" testListId="8c84fa94-04c1-424b-9868-57a2d4851a1d" relativeResultsDirectory="024211bc-cd1a-4e62-a9e9-5523e248af61" dataRowInfo="0" resultType="DataDrivenDataRow" />
        <UnitTestResult executionId="630cf385-edf7-44c4-a49b-ce0d86d24b70" parentExecutionId="024211bc-cd1a-4e62-a9e9-5523e248af61" testId="0bc2f98c-98f5-f190-c78c-c00d94c547a1" testName="third_person_tenses_active" computerName="ARPAN-LAP" duration="00:00:00.0236887" startTime="2014-07-26T16:06:05.6921244+05:30" endTime="2014-07-26T16:06:05.7161258+05:30" testType="13cdc9d9-ddb5-4fa4-a97d-d965ccfc6d4b" outcome="Passed" testListId="8c84fa94-04c1-424b-9868-57a2d4851a1d" relativeResultsDirectory="024211bc-cd1a-4e62-a9e9-5523e248af61" dataRowInfo="1" resultType="DataDrivenDataRow" />
        <UnitTestResult executionId="350b0c4f-7fc7-434c-b875-009f0b2ee0a4" parentExecutionId="024211bc-cd1a-4e62-a9e9-5523e248af61" testId="0bc2f98c-98f5-f190-c78c-c00d94c547a1" testName="third_person_tenses_active" computerName="ARPAN-LAP" duration="00:00:00.0418249" startTime="2014-07-26T16:06:05.7161258+05:30" endTime="2014-07-26T16:06:05.7581282+05:30" testType="13cdc9d9-ddb5-4fa4-a97d-d965ccfc6d4b" outcome="Passed" testListId="8c84fa94-04c1-424b-9868-57a2d4851a1d" relativeResultsDirectory="024211bc-cd1a-4e62-a9e9-5523e248af61" dataRowInfo="2" resultType="DataDrivenDataRow" />
        <UnitTestResult executionId="a3cc02b5-9ba6-44f4-abe5-905bfcad17a8" parentExecutionId="024211bc-cd1a-4e62-a9e9-5523e248af61" testId="0bc2f98c-98f5-f190-c78c-c00d94c547a1" testName="third_person_tenses_active" computerName="ARPAN-LAP" duration="00:00:00.0477860" startTime="2014-07-26T16:06:05.7581282+05:30" endTime="2014-07-26T16:06:05.8061310+05:30" testType="13cdc9d9-ddb5-4fa4-a97d-d965ccfc6d4b" outcome="Passed" testListId="8c84fa94-04c1-424b-9868-57a2d4851a1d" relativeResultsDirectory="024211bc-cd1a-4e62-a9e9-5523e248af61" dataRowInfo="3" resultType="DataDrivenDataRow" />
        <UnitTestResult executionId="6fcb9453-c2e3-4054-a209-02c33f66f0ff" parentExecutionId="024211bc-cd1a-4e62-a9e9-5523e248af61" testId="0bc2f98c-98f5-f190-c78c-c00d94c547a1" testName="third_person_tenses_active" computerName="ARPAN-LAP" duration="00:00:00.0288383" startTime="2014-07-26T16:06:05.8061310+05:30" endTime="2014-07-26T16:06:05.8351326+05:30" testType="13cdc9d9-ddb5-4fa4-a97d-d965ccfc6d4b" outcome="Passed" testListId="8c84fa94-04c1-424b-9868-57a2d4851a1d" relativeResultsDirectory="024211bc-cd1a-4e62-a9e9-5523e248af61" dataRowInfo="4" resultType="DataDrivenDataRow" />
        <UnitTestResult executionId="86a23c89-a88f-4058-ba11-730fd72261d1" parentExecutionId="024211bc-cd1a-4e62-a9e9-5523e248af61" testId="0bc2f98c-98f5-f190-c78c-c00d94c547a1" testName="third_person_tenses_active" computerName="ARPAN-LAP" duration="00:00:00.0247563" startTime="2014-07-26T16:06:05.8351326+05:30" endTime="2014-07-26T16:06:05.8601341+05:30" testType="13cdc9d9-ddb5-4fa4-a97d-d965ccfc6d4b" outcome="Passed" testListId="8c84fa94-04c1-424b-9868-57a2d4851a1d" relativeResultsDirectory="024211bc-cd1a-4e62-a9e9-5523e248af61" dataRowInfo="5" resultType="DataDrivenDataRow" />
        <UnitTestResult executionId="c2d49fee-648b-4394-a8cf-1c0ba164fdad" parentExecutionId="024211bc-cd1a-4e62-a9e9-5523e248af61" testId="0bc2f98c-98f5-f190-c78c-c00d94c547a1" testName="third_person_tenses_active" computerName="ARPAN-LAP" duration="00:00:00.0200373" startTime="2014-07-26T16:06:05.8601341+05:30" endTime="2014-07-26T16:06:05.8801352+05:30" testType="13cdc9d9-ddb5-4fa4-a97d-d965ccfc6d4b" outcome="Passed" testListId="8c84fa94-04c1-424b-9868-57a2d4851a1d" relativeResultsDirectory="024211bc-cd1a-4e62-a9e9-5523e248af61" dataRowInfo="6" resultType="DataDrivenDataRow" />
        <UnitTestResult executionId="36d04481-4530-4e36-87b9-a9839f4de86c" parentExecutionId="024211bc-cd1a-4e62-a9e9-5523e248af61" testId="0bc2f98c-98f5-f190-c78c-c00d94c547a1" testName="third_person_tenses_active" computerName="ARPAN-LAP" duration="00:00:00.0239879" startTime="2014-07-26T16:06:05.8801352+05:30" endTime="2014-07-26T16:06:05.9041366+05:30" testType="13cdc9d9-ddb5-4fa4-a97d-d965ccfc6d4b" outcome="Passed" testListId="8c84fa94-04c1-424b-9868-57a2d4851a1d" relativeResultsDirectory="024211bc-cd1a-4e62-a9e9-5523e248af61" dataRowInfo="7" resultType="DataDrivenDataRow" />
        <UnitTestResult executionId="602267f8-3c60-41cc-9dc9-4013a69d8d7a" parentExecutionId="024211bc-cd1a-4e62-a9e9-5523e248af61" testId="0bc2f98c-98f5-f190-c78c-c00d94c547a1" testName="third_person_tenses_active" computerName="ARPAN-LAP" duration="00:00:00.0203124" startTime="2014-07-26T16:06:05.9041366+05:30" endTime="2014-07-26T16:06:05.9241377+05:30" testType="13cdc9d9-ddb5-4fa4-a97d-d965ccfc6d4b" outcome="Passed" testListId="8c84fa94-04c1-424b-9868-57a2d4851a1d" relativeResultsDirectory="024211bc-cd1a-4e62-a9e9-5523e248af61" dataRowInfo="8" resultType="DataDrivenDataRow" />
        <UnitTestResult executionId="e68acdc2-1999-48da-9831-3357a008159e" parentExecutionId="024211bc-cd1a-4e62-a9e9-5523e248af61" testId="0bc2f98c-98f5-f190-c78c-c00d94c547a1" testName="third_person_tenses_active" computerName="ARPAN-LAP" duration="00:00:00.0240321" startTime="2014-07-26T16:06:05.9241377+05:30" endTime="2014-07-26T16:06:05.9481391+05:30" testType="13cdc9d9-ddb5-4fa4-a97d-d965ccfc6d4b" outcome="Passed" testListId="8c84fa94-04c1-424b-9868-57a2d4851a1d" relativeResultsDirectory="024211bc-cd1a-4e62-a9e9-5523e248af61" dataRowInfo="9" resultType="DataDrivenDataRow" />
      </InnerResults>
    </UnitTestResult>
    <UnitTestResult executionId="4c764129-aa2e-4137-9424-02254c20a2d0" testId="0f337a75-1a2d-d9c3-6c5f-23ed2604b69d" testName="prepositions_made_with_two_words" computerName="ARPAN-LAP" duration="00:00:00.1367739" startTime="2014-07-26T16:06:06.0621456+05:30" endTime="2014-07-26T16:06:06.2231548+05:30" testType="13cdc9d9-ddb5-4fa4-a97d-d965ccfc6d4b" outcome="Passed" testListId="8c84fa94-04c1-424b-9868-57a2d4851a1d" relativeResultsDirectory="4c764129-aa2e-4137-9424-02254c20a2d0" resultType="DataDrivenTest">
      <Counters error="0" failed="0" timeout="0" aborted="0" inconclusive="0" passedButRunAborted="0" notRunnable="0" notExecuted="0" disconnected="0" warning="0" passed="3" completed="0" inProgress="0" pending="0" />
      <InnerResults>
        <UnitTestResult executionId="f2d5316e-57c1-4276-b74d-d9641458e604" parentExecutionId="4c764129-aa2e-4137-9424-02254c20a2d0" testId="0f337a75-1a2d-d9c3-6c5f-23ed2604b69d" testName="prepositions_made_with_two_words" computerName="ARPAN-LAP" duration="00:00:00.0437466" startTime="2014-07-26T16:06:06.0771465+05:30" endTime="2014-07-26T16:06:06.1201489+05:30" testType="13cdc9d9-ddb5-4fa4-a97d-d965ccfc6d4b" outcome="Passed" testListId="8c84fa94-04c1-424b-9868-57a2d4851a1d" relativeResultsDirectory="4c764129-aa2e-4137-9424-02254c20a2d0" dataRowInfo="0" resultType="DataDrivenDataRow" />
        <UnitTestResult executionId="073fbcbc-4c04-43ca-99bb-5d46e52c4a9d" parentExecutionId="4c764129-aa2e-4137-9424-02254c20a2d0" testId="0f337a75-1a2d-d9c3-6c5f-23ed2604b69d" testName="prepositions_made_with_two_words" computerName="ARPAN-LAP" duration="00:00:00.0444400" startTime="2014-07-26T16:06:06.1201489+05:30" endTime="2014-07-26T16:06:06.1651515+05:30" testType="13cdc9d9-ddb5-4fa4-a97d-d965ccfc6d4b" outcome="Passed" testListId="8c84fa94-04c1-424b-9868-57a2d4851a1d" relativeResultsDirectory="4c764129-aa2e-4137-9424-02254c20a2d0" dataRowInfo="1" resultType="DataDrivenDataRow" />
        <UnitTestResult executionId="e7f3e402-3321-404a-9718-6aec9ccc926c" parentExecutionId="4c764129-aa2e-4137-9424-02254c20a2d0" testId="0f337a75-1a2d-d9c3-6c5f-23ed2604b69d" testName="prepositions_made_with_two_words" computerName="ARPAN-LAP" duration="00:00:00.0466352" startTime="2014-07-26T16:06:06.1651515+05:30" endTime="2014-07-26T16:06:06.2121542+05:30" testType="13cdc9d9-ddb5-4fa4-a97d-d965ccfc6d4b" outcome="Passed" testListId="8c84fa94-04c1-424b-9868-57a2d4851a1d" relativeResultsDirectory="4c764129-aa2e-4137-9424-02254c20a2d0" dataRowInfo="2" resultType="DataDrivenDataRow" />
      </InnerResults>
    </UnitTestResult>
    <UnitTestResult executionId="398377ca-2332-4714-a597-3ceb15acdc66" testId="0f33848d-a900-d644-7498-2526887b5425" testName="prepositions_made_with_three_words" computerName="ARPAN-LAP" duration="00:00:00.2535135" startTime="2014-07-26T16:06:06.2251549+05:30" endTime="2014-07-26T16:06:06.4981705+05:30" testType="13cdc9d9-ddb5-4fa4-a97d-d965ccfc6d4b" outcome="Passed" testListId="8c84fa94-04c1-424b-9868-57a2d4851a1d" relativeResultsDirectory="398377ca-2332-4714-a597-3ceb15acdc66" resultType="DataDrivenTest">
      <Counters error="0" failed="0" timeout="0" aborted="0" inconclusive="0" passedButRunAborted="0" notRunnable="0" notExecuted="0" disconnected="0" warning="0" passed="4" completed="0" inProgress="0" pending="0" />
      <InnerResults>
        <UnitTestResult executionId="5363e89a-f9b2-425d-82e0-beb7c2bcde58" parentExecutionId="398377ca-2332-4714-a597-3ceb15acdc66" testId="0f33848d-a900-d644-7498-2526887b5425" testName="prepositions_made_with_three_words" computerName="ARPAN-LAP" duration="00:00:00.0351617" startTime="2014-07-26T16:06:06.2321553+05:30" endTime="2014-07-26T16:06:06.2671573+05:30" testType="13cdc9d9-ddb5-4fa4-a97d-d965ccfc6d4b" outcome="Passed" testListId="8c84fa94-04c1-424b-9868-57a2d4851a1d" relativeResultsDirectory="398377ca-2332-4714-a597-3ceb15acdc66" dataRowInfo="0" resultType="DataDrivenDataRow" />
        <UnitTestResult executionId="9f24ba4d-e310-48b8-9e2d-f9d3ca416f05" parentExecutionId="398377ca-2332-4714-a597-3ceb15acdc66" testId="0f33848d-a900-d644-7498-2526887b5425" testName="prepositions_made_with_three_words" computerName="ARPAN-LAP" duration="00:00:00.0433483" startTime="2014-07-26T16:06:06.2671573+05:30" endTime="2014-07-26T16:06:06.3101598+05:30" testType="13cdc9d9-ddb5-4fa4-a97d-d965ccfc6d4b" outcome="Passed" testListId="8c84fa94-04c1-424b-9868-57a2d4851a1d" relativeResultsDirectory="398377ca-2332-4714-a597-3ceb15acdc66" dataRowInfo="1" resultType="DataDrivenDataRow" />
        <UnitTestResult executionId="c688b48a-2d14-41ba-930f-fd03440586fd" parentExecutionId="398377ca-2332-4714-a597-3ceb15acdc66" testId="0f33848d-a900-d644-7498-2526887b5425" testName="prepositions_made_with_three_words" computerName="ARPAN-LAP" duration="00:00:00.0513788" startTime="2014-07-26T16:06:06.3101598+05:30" endTime="2014-07-26T16:06:06.3621628+05:30" testType="13cdc9d9-ddb5-4fa4-a97d-d965ccfc6d4b" outcome="Passed" testListId="8c84fa94-04c1-424b-9868-57a2d4851a1d" relativeResultsDirectory="398377ca-2332-4714-a597-3ceb15acdc66" dataRowInfo="2" resultType="DataDrivenDataRow" />
        <UnitTestResult executionId="6064f76d-30e9-485a-98a8-2defc42d0f07" parentExecutionId="398377ca-2332-4714-a597-3ceb15acdc66" testId="0f33848d-a900-d644-7498-2526887b5425" testName="prepositions_made_with_three_words" computerName="ARPAN-LAP" duration="00:00:00.1218199" startTime="2014-07-26T16:06:06.3621628+05:30" endTime="2014-07-26T16:06:06.4841697+05:30" testType="13cdc9d9-ddb5-4fa4-a97d-d965ccfc6d4b" outcome="Passed" testListId="8c84fa94-04c1-424b-9868-57a2d4851a1d" relativeResultsDirectory="398377ca-2332-4714-a597-3ceb15acdc66" dataRowInfo="3" resultType="DataDrivenDataRow" />
      </InnerResults>
    </UnitTestResult>
    <UnitTestResult executionId="a41875da-315f-4c06-bdcd-7cb0ec572f86" testId="15fe5bf6-5078-81a8-0356-385549390bb7" testName="first_person_tenses_active_negation" computerName="ARPAN-LAP" duration="00:00:00.3316546" startTime="2014-07-26T16:06:06.5001707+05:30" endTime="2014-07-26T16:06:06.8761922+05:30" testType="13cdc9d9-ddb5-4fa4-a97d-d965ccfc6d4b" outcome="Passed" testListId="8c84fa94-04c1-424b-9868-57a2d4851a1d" relativeResultsDirectory="a41875da-315f-4c06-bdcd-7cb0ec572f86" resultType="DataDrivenTest">
      <Counters error="0" failed="0" timeout="0" aborted="0" inconclusive="0" passedButRunAborted="0" notRunnable="0" notExecuted="0" disconnected="0" warning="0" passed="10" completed="0" inProgress="0" pending="0" />
      <InnerResults>
        <UnitTestResult executionId="99462167-3f7a-4010-8011-b608cc85d5c4" parentExecutionId="a41875da-315f-4c06-bdcd-7cb0ec572f86" testId="15fe5bf6-5078-81a8-0356-385549390bb7" testName="first_person_tenses_active_negation" computerName="ARPAN-LAP" duration="00:00:00.0259691" startTime="2014-07-26T16:06:06.5141715+05:30" endTime="2014-07-26T16:06:06.5401730+05:30" testType="13cdc9d9-ddb5-4fa4-a97d-d965ccfc6d4b" outcome="Passed" testListId="8c84fa94-04c1-424b-9868-57a2d4851a1d" relativeResultsDirectory="a41875da-315f-4c06-bdcd-7cb0ec572f86" dataRowInfo="0" resultType="DataDrivenDataRow" />
        <UnitTestResult executionId="b9bbd414-f641-426d-b17f-7dd03dfb45e4" parentExecutionId="a41875da-315f-4c06-bdcd-7cb0ec572f86" testId="15fe5bf6-5078-81a8-0356-385549390bb7" testName="first_person_tenses_active_negation" computerName="ARPAN-LAP" duration="00:00:00.0256370" startTime="2014-07-26T16:06:06.5401730+05:30" endTime="2014-07-26T16:06:06.5661744+05:30" testType="13cdc9d9-ddb5-4fa4-a97d-d965ccfc6d4b" outcome="Passed" testListId="8c84fa94-04c1-424b-9868-57a2d4851a1d" relativeResultsDirectory="a41875da-315f-4c06-bdcd-7cb0ec572f86" dataRowInfo="1" resultType="DataDrivenDataRow" />
        <UnitTestResult executionId="123255f5-4a9b-44b5-9528-3db7002fcdcd" parentExecutionId="a41875da-315f-4c06-bdcd-7cb0ec572f86" testId="15fe5bf6-5078-81a8-0356-385549390bb7" testName="first_person_tenses_active_negation" computerName="ARPAN-LAP" duration="00:00:00.0269120" startTime="2014-07-26T16:06:06.5661744+05:30" endTime="2014-07-26T16:06:06.5931760+05:30" testType="13cdc9d9-ddb5-4fa4-a97d-d965ccfc6d4b" outcome="Passed" testListId="8c84fa94-04c1-424b-9868-57a2d4851a1d" relativeResultsDirectory="a41875da-315f-4c06-bdcd-7cb0ec572f86" dataRowInfo="2" resultType="DataDrivenDataRow" />
        <UnitTestResult executionId="e7443275-ed78-4564-a8ba-b57d210764d3" parentExecutionId="a41875da-315f-4c06-bdcd-7cb0ec572f86" testId="15fe5bf6-5078-81a8-0356-385549390bb7" testName="first_person_tenses_active_negation" computerName="ARPAN-LAP" duration="00:00:00.0311454" startTime="2014-07-26T16:06:06.5931760+05:30" endTime="2014-07-26T16:06:06.6241778+05:30" testType="13cdc9d9-ddb5-4fa4-a97d-d965ccfc6d4b" outcome="Passed" testListId="8c84fa94-04c1-424b-9868-57a2d4851a1d" relativeResultsDirectory="a41875da-315f-4c06-bdcd-7cb0ec572f86" dataRowInfo="3" resultType="DataDrivenDataRow" />
        <UnitTestResult executionId="2fba687d-1a05-43ab-b508-3822dadef77b" parentExecutionId="a41875da-315f-4c06-bdcd-7cb0ec572f86" testId="15fe5bf6-5078-81a8-0356-385549390bb7" testName="first_person_tenses_active_negation" computerName="ARPAN-LAP" duration="00:00:00.0244334" startTime="2014-07-26T16:06:06.6241778+05:30" endTime="2014-07-26T16:06:06.6491792+05:30" testType="13cdc9d9-ddb5-4fa4-a97d-d965ccfc6d4b" outcome="Passed" testListId="8c84fa94-04c1-424b-9868-57a2d4851a1d" relativeResultsDirectory="a41875da-315f-4c06-bdcd-7cb0ec572f86" dataRowInfo="4" resultType="DataDrivenDataRow" />
        <UnitTestResult executionId="dd3b3cda-6477-4ced-807e-1f16c75671d4" parentExecutionId="a41875da-315f-4c06-bdcd-7cb0ec572f86" testId="15fe5bf6-5078-81a8-0356-385549390bb7" testName="first_person_tenses_active_negation" computerName="ARPAN-LAP" duration="00:00:00.0234197" startTime="2014-07-26T16:06:06.6491792+05:30" endTime="2014-07-26T16:06:06.6721805+05:30" testType="13cdc9d9-ddb5-4fa4-a97d-d965ccfc6d4b" outcome="Passed" testListId="8c84fa94-04c1-424b-9868-57a2d4851a1d" relativeResultsDirectory="a41875da-315f-4c06-bdcd-7cb0ec572f86" dataRowInfo="5" resultType="DataDrivenDataRow" />
        <UnitTestResult executionId="aabc43f6-2e75-4ca0-8a71-8107b80c8409" parentExecutionId="a41875da-315f-4c06-bdcd-7cb0ec572f86" testId="15fe5bf6-5078-81a8-0356-385549390bb7" testName="first_person_tenses_active_negation" computerName="ARPAN-LAP" duration="00:00:00.0431563" startTime="2014-07-26T16:06:06.6721805+05:30" endTime="2014-07-26T16:06:06.7151830+05:30" testType="13cdc9d9-ddb5-4fa4-a97d-d965ccfc6d4b" outcome="Passed" testListId="8c84fa94-04c1-424b-9868-57a2d4851a1d" relativeResultsDirectory="a41875da-315f-4c06-bdcd-7cb0ec572f86" dataRowInfo="6" resultType="DataDrivenDataRow" />
        <UnitTestResult executionId="c884e92d-e793-4f60-9aac-5b806ae495b9" parentExecutionId="a41875da-315f-4c06-bdcd-7cb0ec572f86" testId="15fe5bf6-5078-81a8-0356-385549390bb7" testName="first_person_tenses_active_negation" computerName="ARPAN-LAP" duration="00:00:00.0291693" startTime="2014-07-26T16:06:06.7151830+05:30" endTime="2014-07-26T16:06:06.7451847+05:30" testType="13cdc9d9-ddb5-4fa4-a97d-d965ccfc6d4b" outcome="Passed" testListId="8c84fa94-04c1-424b-9868-57a2d4851a1d" relativeResultsDirectory="a41875da-315f-4c06-bdcd-7cb0ec572f86" dataRowInfo="7" resultType="DataDrivenDataRow" />
        <UnitTestResult executionId="9ac45d70-ec1d-4a0c-af18-1de67e28d1fa" parentExecutionId="a41875da-315f-4c06-bdcd-7cb0ec572f86" testId="15fe5bf6-5078-81a8-0356-385549390bb7" testName="first_person_tenses_active_negation" computerName="ARPAN-LAP" duration="00:00:00.0597487" startTime="2014-07-26T16:06:06.7451847+05:30" endTime="2014-07-26T16:06:06.8041881+05:30" testType="13cdc9d9-ddb5-4fa4-a97d-d965ccfc6d4b" outcome="Passed" testListId="8c84fa94-04c1-424b-9868-57a2d4851a1d" relativeResultsDirectory="a41875da-315f-4c06-bdcd-7cb0ec572f86" dataRowInfo="8" resultType="DataDrivenDataRow" />
        <UnitTestResult executionId="1afefced-e425-406b-b054-65fae0d824e5" parentExecutionId="a41875da-315f-4c06-bdcd-7cb0ec572f86" testId="15fe5bf6-5078-81a8-0356-385549390bb7" testName="first_person_tenses_active_negation" computerName="ARPAN-LAP" duration="00:00:00.0397898" startTime="2014-07-26T16:06:06.8041881+05:30" endTime="2014-07-26T16:06:06.8441903+05:30" testType="13cdc9d9-ddb5-4fa4-a97d-d965ccfc6d4b" outcome="Passed" testListId="8c84fa94-04c1-424b-9868-57a2d4851a1d" relativeResultsDirectory="a41875da-315f-4c06-bdcd-7cb0ec572f86" dataRowInfo="9" resultType="DataDrivenDataRow" />
      </InnerResults>
    </UnitTestResult>
    <UnitTestResult executionId="7e8b7917-2f8a-43f0-9616-17b6bf6d6ff3" testId="1b04a6d6-5350-792c-8eba-a46a0eb28949" testName="interrogative_sentences_why" computerName="ARPAN-LAP" duration="00:00:00.2002869" startTime="2014-07-26T16:06:06.8821925+05:30" endTime="2014-07-26T16:06:07.0992049+05:30" testType="13cdc9d9-ddb5-4fa4-a97d-d965ccfc6d4b" outcome="Failed" testListId="8c84fa94-04c1-424b-9868-57a2d4851a1d" relativeResultsDirectory="7e8b7917-2f8a-43f0-9616-17b6bf6d6ff3" resultType="DataDrivenTest">
      <Counters error="0" failed="1" timeout="0" aborted="0" inconclusive="0" passedButRunAborted="0" notRunnable="0" notExecuted="0" disconnected="0" warning="0" passed="2" completed="0" inProgress="0" pending="0" />
      <InnerResults>
        <UnitTestResult executionId="f6e0042e-d87d-4148-a00f-04fb640cb8da" parentExecutionId="7e8b7917-2f8a-43f0-9616-17b6bf6d6ff3" testId="1b04a6d6-5350-792c-8eba-a46a0eb28949" testName="interrogative_sentences_why" computerName="ARPAN-LAP" duration="00:00:00.1084103" startTime="2014-07-26T16:06:06.8881929+05:30" endTime="2014-07-26T16:06:06.9961990+05:30" testType="13cdc9d9-ddb5-4fa4-a97d-d965ccfc6d4b" outcome="Failed" testListId="8c84fa94-04c1-424b-9868-57a2d4851a1d" relativeResultsDirectory="7e8b7917-2f8a-43f0-9616-17b6bf6d6ff3" dataRowInfo="0" resultType="DataDrivenDataRow">
          <Output>
            <ErrorInfo>
              <Message>Assert.AreEqual failed. Expected:&lt;কেন আপনি দেরিতে আজ ?&gt;. Actual:&lt;দেরিতে আজ আপনি কেন ?&gt;. Why are you late today?</Message>
              <StackTrace>   at UnitTest.BnlpTest.interrogative_sentences_why() in D:\software\Project\BNLP\UnitTest\BnlpTest.cs:line 382
</StackTrace>
            </ErrorInfo>
          </Output>
        </UnitTestResult>
        <UnitTestResult executionId="b6ad3b25-ad44-489a-92d1-8faf0438f7a0" parentExecutionId="7e8b7917-2f8a-43f0-9616-17b6bf6d6ff3" testId="1b04a6d6-5350-792c-8eba-a46a0eb28949" testName="interrogative_sentences_why" computerName="ARPAN-LAP" duration="00:00:00.0589074" startTime="2014-07-26T16:06:06.9961990+05:30" endTime="2014-07-26T16:06:07.0552024+05:30" testType="13cdc9d9-ddb5-4fa4-a97d-d965ccfc6d4b" outcome="Passed" testListId="8c84fa94-04c1-424b-9868-57a2d4851a1d" relativeResultsDirectory="7e8b7917-2f8a-43f0-9616-17b6bf6d6ff3" dataRowInfo="1" resultType="DataDrivenDataRow" />
        <UnitTestResult executionId="292cdc04-7a9b-41d6-a1cc-80126994d3fa" parentExecutionId="7e8b7917-2f8a-43f0-9616-17b6bf6d6ff3" testId="1b04a6d6-5350-792c-8eba-a46a0eb28949" testName="interrogative_sentences_why" computerName="ARPAN-LAP" duration="00:00:00.0310145" startTime="2014-07-26T16:06:07.0552024+05:30" endTime="2014-07-26T16:06:07.0862042+05:30" testType="13cdc9d9-ddb5-4fa4-a97d-d965ccfc6d4b" outcome="Passed" testListId="8c84fa94-04c1-424b-9868-57a2d4851a1d" relativeResultsDirectory="7e8b7917-2f8a-43f0-9616-17b6bf6d6ff3" dataRowInfo="2" resultType="DataDrivenDataRow" />
      </InnerResults>
    </UnitTestResult>
    <UnitTestResult executionId="6c81100d-04ef-486c-bc24-62aacdf84363" testId="1d63c318-78a9-9011-f5c0-0b01884a2881" testName="interrogative_sentences_do" computerName="ARPAN-LAP" duration="00:00:00.2589634" startTime="2014-07-26T16:06:07.1012050+05:30" endTime="2014-07-26T16:06:07.3922217+05:30" testType="13cdc9d9-ddb5-4fa4-a97d-d965ccfc6d4b" outcome="Passed" testListId="8c84fa94-04c1-424b-9868-57a2d4851a1d" relativeResultsDirectory="6c81100d-04ef-486c-bc24-62aacdf84363" resultType="DataDrivenTest">
      <Counters error="0" failed="0" timeout="0" aborted="0" inconclusive="0" passedButRunAborted="0" notRunnable="0" notExecuted="0" disconnected="0" warning="0" passed="9" completed="0" inProgress="0" pending="0" />
      <InnerResults>
        <UnitTestResult executionId="c160b4ae-dc70-45c5-8c01-c033c4f2a2d9" parentExecutionId="6c81100d-04ef-486c-bc24-62aacdf84363" testId="1d63c318-78a9-9011-f5c0-0b01884a2881" testName="interrogative_sentences_do" computerName="ARPAN-LAP" duration="00:00:00.0328443" startTime="2014-07-26T16:06:07.1072054+05:30" endTime="2014-07-26T16:06:07.1402073+05:30" testType="13cdc9d9-ddb5-4fa4-a97d-d965ccfc6d4b" outcome="Passed" testListId="8c84fa94-04c1-424b-9868-57a2d4851a1d" relativeResultsDirectory="6c81100d-04ef-486c-bc24-62aacdf84363" dataRowInfo="0" resultType="DataDrivenDataRow" />
        <UnitTestResult executionId="8a836fa7-4bc2-45f9-96b3-623f07996997" parentExecutionId="6c81100d-04ef-486c-bc24-62aacdf84363" testId="1d63c318-78a9-9011-f5c0-0b01884a2881" testName="interrogative_sentences_do" computerName="ARPAN-LAP" duration="00:00:00.0366538" startTime="2014-07-26T16:06:07.1402073+05:30" endTime="2014-07-26T16:06:07.1772094+05:30" testType="13cdc9d9-ddb5-4fa4-a97d-d965ccfc6d4b" outcome="Passed" testListId="8c84fa94-04c1-424b-9868-57a2d4851a1d" relativeResultsDirectory="6c81100d-04ef-486c-bc24-62aacdf84363" dataRowInfo="1" resultType="DataDrivenDataRow" />
        <UnitTestResult executionId="3509297a-6a2b-4ff8-a62b-e3e4c31c37af" parentExecutionId="6c81100d-04ef-486c-bc24-62aacdf84363" testId="1d63c318-78a9-9011-f5c0-0b01884a2881" testName="interrogative_sentences_do" computerName="ARPAN-LAP" duration="00:00:00.0320180" startTime="2014-07-26T16:06:07.1772094+05:30" endTime="2014-07-26T16:06:07.2092112+05:30" testType="13cdc9d9-ddb5-4fa4-a97d-d965ccfc6d4b" outcome="Passed" testListId="8c84fa94-04c1-424b-9868-57a2d4851a1d" relativeResultsDirectory="6c81100d-04ef-486c-bc24-62aacdf84363" dataRowInfo="2" resultType="DataDrivenDataRow" />
        <UnitTestResult executionId="7348d587-c796-4063-845e-f1e2e2b17ca4" parentExecutionId="6c81100d-04ef-486c-bc24-62aacdf84363" testId="1d63c318-78a9-9011-f5c0-0b01884a2881" testName="interrogative_sentences_do" computerName="ARPAN-LAP" duration="00:00:00.0228823" startTime="2014-07-26T16:06:07.2092112+05:30" endTime="2014-07-26T16:06:07.2322125+05:30" testType="13cdc9d9-ddb5-4fa4-a97d-d965ccfc6d4b" outcome="Passed" testListId="8c84fa94-04c1-424b-9868-57a2d4851a1d" relativeResultsDirectory="6c81100d-04ef-486c-bc24-62aacdf84363" dataRowInfo="3" resultType="DataDrivenDataRow" />
        <UnitTestResult executionId="8ee8e03b-1a21-415d-b56c-31f802abb2b1" parentExecutionId="6c81100d-04ef-486c-bc24-62aacdf84363" testId="1d63c318-78a9-9011-f5c0-0b01884a2881" testName="interrogative_sentences_do" computerName="ARPAN-LAP" duration="00:00:00.0222664" startTime="2014-07-26T16:06:07.2322125+05:30" endTime="2014-07-26T16:06:07.2542138+05:30" testType="13cdc9d9-ddb5-4fa4-a97d-d965ccfc6d4b" outcome="Passed" testListId="8c84fa94-04c1-424b-9868-57a2d4851a1d" relativeResultsDirectory="6c81100d-04ef-486c-bc24-62aacdf84363" dataRowInfo="4" resultType="DataDrivenDataRow" />
        <UnitTestResult executionId="9063398c-1fe8-4a73-a6ef-65a584f42215" parentExecutionId="6c81100d-04ef-486c-bc24-62aacdf84363" testId="1d63c318-78a9-9011-f5c0-0b01884a2881" testName="interrogative_sentences_do" computerName="ARPAN-LAP" duration="00:00:00.0283558" startTime="2014-07-26T16:06:07.2542138+05:30" endTime="2014-07-26T16:06:07.2832155+05:30" testType="13cdc9d9-ddb5-4fa4-a97d-d965ccfc6d4b" outcome="Passed" testListId="8c84fa94-04c1-424b-9868-57a2d4851a1d" relativeResultsDirectory="6c81100d-04ef-486c-bc24-62aacdf84363" dataRowInfo="5" resultType="DataDrivenDataRow" />
        <UnitTestResult executionId="2ea9d385-36b5-4bf0-b97b-cc91690ff50f" parentExecutionId="6c81100d-04ef-486c-bc24-62aacdf84363" testId="1d63c318-78a9-9011-f5c0-0b01884a2881" testName="interrogative_sentences_do" computerName="ARPAN-LAP" duration="00:00:00.0264726" startTime="2014-07-26T16:06:07.2832155+05:30" endTime="2014-07-26T16:06:07.3092169+05:30" testType="13cdc9d9-ddb5-4fa4-a97d-d965ccfc6d4b" outcome="Passed" testListId="8c84fa94-04c1-424b-9868-57a2d4851a1d" relativeResultsDirectory="6c81100d-04ef-486c-bc24-62aacdf84363" dataRowInfo="6" resultType="DataDrivenDataRow" />
        <UnitTestResult executionId="b79c5c7d-663e-48dd-99ee-3efa5bd12791" parentExecutionId="6c81100d-04ef-486c-bc24-62aacdf84363" testId="1d63c318-78a9-9011-f5c0-0b01884a2881" testName="interrogative_sentences_do" computerName="ARPAN-LAP" duration="00:00:00.0276003" startTime="2014-07-26T16:06:07.3092169+05:30" endTime="2014-07-26T16:06:07.3372185+05:30" testType="13cdc9d9-ddb5-4fa4-a97d-d965ccfc6d4b" outcome="Passed" testListId="8c84fa94-04c1-424b-9868-57a2d4851a1d" relativeResultsDirectory="6c81100d-04ef-486c-bc24-62aacdf84363" dataRowInfo="7" resultType="DataDrivenDataRow" />
        <UnitTestResult executionId="0e5a3d6e-0b46-406a-8f73-4bda7a38aec6" parentExecutionId="6c81100d-04ef-486c-bc24-62aacdf84363" testId="1d63c318-78a9-9011-f5c0-0b01884a2881" testName="interrogative_sentences_do" computerName="ARPAN-LAP" duration="00:00:00.0272133" startTime="2014-07-26T16:06:07.3372185+05:30" endTime="2014-07-26T16:06:07.3642201+05:30" testType="13cdc9d9-ddb5-4fa4-a97d-d965ccfc6d4b" outcome="Passed" testListId="8c84fa94-04c1-424b-9868-57a2d4851a1d" relativeResultsDirectory="6c81100d-04ef-486c-bc24-62aacdf84363" dataRowInfo="8" resultType="DataDrivenDataRow" />
      </InnerResults>
    </UnitTestResult>
    <UnitTestResult executionId="7901e075-9ec5-4165-83db-1ef1697f877f" testId="227f20ae-8e76-eb71-39b2-4ada3ce6aba8" testName="interrogative_sentences_how" computerName="ARPAN-LAP" duration="00:00:00.8037314" startTime="2014-07-26T16:06:07.3972220+05:30" endTime="2014-07-26T16:06:08.2612714+05:30" testType="13cdc9d9-ddb5-4fa4-a97d-d965ccfc6d4b" outcome="Failed" testListId="8c84fa94-04c1-424b-9868-57a2d4851a1d" relativeResultsDirectory="7901e075-9ec5-4165-83db-1ef1697f877f" resultType="DataDrivenTest">
      <Counters error="0" failed="3" timeout="0" aborted="0" inconclusive="0" passedButRunAborted="0" notRunnable="0" notExecuted="0" disconnected="0" warning="0" passed="15" completed="0" inProgress="0" pending="0" />
      <InnerResults>
        <UnitTestResult executionId="744376b8-c524-41ee-ae61-72c0b50f7f34" parentExecutionId="7901e075-9ec5-4165-83db-1ef1697f877f" testId="227f20ae-8e76-eb71-39b2-4ada3ce6aba8" testName="interrogative_sentences_how" computerName="ARPAN-LAP" duration="00:00:00.0396805" startTime="2014-07-26T16:06:07.4092227+05:30" endTime="2014-07-26T16:06:07.4482249+05:30" testType="13cdc9d9-ddb5-4fa4-a97d-d965ccfc6d4b" outcome="Passed" testListId="8c84fa94-04c1-424b-9868-57a2d4851a1d" relativeResultsDirectory="7901e075-9ec5-4165-83db-1ef1697f877f" dataRowInfo="0" resultType="DataDrivenDataRow" />
        <UnitTestResult executionId="46dbab90-7d56-436d-851c-4b00d81febae" parentExecutionId="7901e075-9ec5-4165-83db-1ef1697f877f" testId="227f20ae-8e76-eb71-39b2-4ada3ce6aba8" testName="interrogative_sentences_how" computerName="ARPAN-LAP" duration="00:00:00.0217670" startTime="2014-07-26T16:06:07.4482249+05:30" endTime="2014-07-26T16:06:07.4702261+05:30" testType="13cdc9d9-ddb5-4fa4-a97d-d965ccfc6d4b" outcome="Failed" testListId="8c84fa94-04c1-424b-9868-57a2d4851a1d" relativeResultsDirectory="7901e075-9ec5-4165-83db-1ef1697f877f" dataRowInfo="1" resultType="DataDrivenDataRow">
          <Output>
            <ErrorInfo>
              <Message>Assert.AreEqual failed. Expected:&lt;আপনি কেমন ছিলেন ?&gt;. Actual:&lt;আপনি ছিলেন কেমন ?&gt;. How were you?</Message>
              <StackTrace>   at UnitTest.BnlpTest.interrogative_sentences_how() in D:\software\Project\BNLP\UnitTest\BnlpTest.cs:line 274
</StackTrace>
            </ErrorInfo>
          </Output>
        </UnitTestResult>
        <UnitTestResult executionId="8fb26d40-1dfa-4bde-a96b-66106956a01d" parentExecutionId="7901e075-9ec5-4165-83db-1ef1697f877f" testId="227f20ae-8e76-eb71-39b2-4ada3ce6aba8" testName="interrogative_sentences_how" computerName="ARPAN-LAP" duration="00:00:00.0277573" startTime="2014-07-26T16:06:07.4702261+05:30" endTime="2014-07-26T16:06:07.4982277+05:30" testType="13cdc9d9-ddb5-4fa4-a97d-d965ccfc6d4b" outcome="Failed" testListId="8c84fa94-04c1-424b-9868-57a2d4851a1d" relativeResultsDirectory="7901e075-9ec5-4165-83db-1ef1697f877f" dataRowInfo="2" resultType="DataDrivenDataRow">
          <Output>
            <ErrorInfo>
              <Message>Assert.AreEqual failed. Expected:&lt;এই মেশিন কাজটি কিভাবে করে ?&gt;. Actual:&lt;এই মেশিনটি করে কিভাবে কাজ ?&gt;. How does this machine work?</Message>
              <StackTrace>   at UnitTest.BnlpTest.interrogative_sentences_how() in D:\software\Project\BNLP\UnitTest\BnlpTest.cs:line 274
</StackTrace>
            </ErrorInfo>
          </Output>
        </UnitTestResult>
        <UnitTestResult executionId="57df271f-a5a7-4471-a839-6f1f8b78c7a7" parentExecutionId="7901e075-9ec5-4165-83db-1ef1697f877f" testId="227f20ae-8e76-eb71-39b2-4ada3ce6aba8" testName="interrogative_sentences_how" computerName="ARPAN-LAP" duration="00:00:00.0369592" startTime="2014-07-26T16:06:07.4982277+05:30" endTime="2014-07-26T16:06:07.5352299+05:30" testType="13cdc9d9-ddb5-4fa4-a97d-d965ccfc6d4b" outcome="Passed" testListId="8c84fa94-04c1-424b-9868-57a2d4851a1d" relativeResultsDirectory="7901e075-9ec5-4165-83db-1ef1697f877f" dataRowInfo="3" resultType="DataDrivenDataRow" />
        <UnitTestResult executionId="6458afea-ffde-4cf1-9b42-06a239b1e64a" parentExecutionId="7901e075-9ec5-4165-83db-1ef1697f877f" testId="227f20ae-8e76-eb71-39b2-4ada3ce6aba8" testName="interrogative_sentences_how" computerName="ARPAN-LAP" duration="00:00:00.0343923" startTime="2014-07-26T16:06:07.5352299+05:30" endTime="2014-07-26T16:06:07.5692318+05:30" testType="13cdc9d9-ddb5-4fa4-a97d-d965ccfc6d4b" outcome="Passed" testListId="8c84fa94-04c1-424b-9868-57a2d4851a1d" relativeResultsDirectory="7901e075-9ec5-4165-83db-1ef1697f877f" dataRowInfo="4" resultType="DataDrivenDataRow" />
        <UnitTestResult executionId="13e84e32-9dbe-4696-b92d-57bbe27742dd" parentExecutionId="7901e075-9ec5-4165-83db-1ef1697f877f" testId="227f20ae-8e76-eb71-39b2-4ada3ce6aba8" testName="interrogative_sentences_how" computerName="ARPAN-LAP" duration="00:00:00.0250991" startTime="2014-07-26T16:06:07.5702319+05:30" endTime="2014-07-26T16:06:07.5952333+05:30" testType="13cdc9d9-ddb5-4fa4-a97d-d965ccfc6d4b" outcome="Passed" testListId="8c84fa94-04c1-424b-9868-57a2d4851a1d" relativeResultsDirectory="7901e075-9ec5-4165-83db-1ef1697f877f" dataRowInfo="5" resultType="DataDrivenDataRow" />
        <UnitTestResult executionId="60c706df-709c-495e-b4ef-667191f8bff4" parentExecutionId="7901e075-9ec5-4165-83db-1ef1697f877f" testId="227f20ae-8e76-eb71-39b2-4ada3ce6aba8" testName="interrogative_sentences_how" computerName="ARPAN-LAP" duration="00:00:00.0400968" startTime="2014-07-26T16:06:07.5952333+05:30" endTime="2014-07-26T16:06:07.6352356+05:30" testType="13cdc9d9-ddb5-4fa4-a97d-d965ccfc6d4b" outcome="Passed" testListId="8c84fa94-04c1-424b-9868-57a2d4851a1d" relativeResultsDirectory="7901e075-9ec5-4165-83db-1ef1697f877f" dataRowInfo="6" resultType="DataDrivenDataRow" />
        <UnitTestResult executionId="3a99ff8b-7371-4743-bd51-8f3880a8314c" parentExecutionId="7901e075-9ec5-4165-83db-1ef1697f877f" testId="227f20ae-8e76-eb71-39b2-4ada3ce6aba8" testName="interrogative_sentences_how" computerName="ARPAN-LAP" duration="00:00:00.0266800" startTime="2014-07-26T16:06:07.6352356+05:30" endTime="2014-07-26T16:06:07.6622371+05:30" testType="13cdc9d9-ddb5-4fa4-a97d-d965ccfc6d4b" outcome="Passed" testListId="8c84fa94-04c1-424b-9868-57a2d4851a1d" relativeResultsDirectory="7901e075-9ec5-4165-83db-1ef1697f877f" dataRowInfo="7" resultType="DataDrivenDataRow" />
        <UnitTestResult executionId="f93a867f-83c7-4c01-97a7-c3327167d496" parentExecutionId="7901e075-9ec5-4165-83db-1ef1697f877f" testId="227f20ae-8e76-eb71-39b2-4ada3ce6aba8" testName="interrogative_sentences_how" computerName="ARPAN-LAP" duration="00:00:00.0391765" startTime="2014-07-26T16:06:07.6622371+05:30" endTime="2014-07-26T16:06:07.7012394+05:30" testType="13cdc9d9-ddb5-4fa4-a97d-d965ccfc6d4b" outcome="Passed" testListId="8c84fa94-04c1-424b-9868-57a2d4851a1d" relativeResultsDirectory="7901e075-9ec5-4165-83db-1ef1697f877f" dataRowInfo="8" resultType="DataDrivenDataRow" />
        <UnitTestResult executionId="07e56a0c-3d3f-42a1-8be4-ec650ff3a757" parentExecutionId="7901e075-9ec5-4165-83db-1ef1697f877f" testId="227f20ae-8e76-eb71-39b2-4ada3ce6aba8" testName="interrogative_sentences_how" computerName="ARPAN-LAP" duration="00:00:00.0395588" startTime="2014-07-26T16:06:07.7012394+05:30" endTime="2014-07-26T16:06:07.7402416+05:30" testType="13cdc9d9-ddb5-4fa4-a97d-d965ccfc6d4b" outcome="Passed" testListId="8c84fa94-04c1-424b-9868-57a2d4851a1d" relativeResultsDirectory="7901e075-9ec5-4165-83db-1ef1697f877f" dataRowInfo="9" resultType="DataDrivenDataRow" />
        <UnitTestResult executionId="bb48a19c-c175-40be-a49d-74c193277ca9" parentExecutionId="7901e075-9ec5-4165-83db-1ef1697f877f" testId="227f20ae-8e76-eb71-39b2-4ada3ce6aba8" testName="interrogative_sentences_how" computerName="ARPAN-LAP" duration="00:00:00.0405592" startTime="2014-07-26T16:06:07.7402416+05:30" endTime="2014-07-26T16:06:07.7812439+05:30" testType="13cdc9d9-ddb5-4fa4-a97d-d965ccfc6d4b" outcome="Passed" testListId="8c84fa94-04c1-424b-9868-57a2d4851a1d" relativeResultsDirectory="7901e075-9ec5-4165-83db-1ef1697f877f" dataRowInfo="10" resultType="DataDrivenDataRow" />
        <UnitTestResult executionId="e53e9374-f656-4303-98f6-02d586c34aee" parentExecutionId="7901e075-9ec5-4165-83db-1ef1697f877f" testId="227f20ae-8e76-eb71-39b2-4ada3ce6aba8" testName="interrogative_sentences_how" computerName="ARPAN-LAP" duration="00:00:00.0269854" startTime="2014-07-26T16:06:07.7812439+05:30" endTime="2014-07-26T16:06:07.8082455+05:30" testType="13cdc9d9-ddb5-4fa4-a97d-d965ccfc6d4b" outcome="Passed" testListId="8c84fa94-04c1-424b-9868-57a2d4851a1d" relativeResultsDirectory="7901e075-9ec5-4165-83db-1ef1697f877f" dataRowInfo="11" resultType="DataDrivenDataRow" />
        <UnitTestResult executionId="9c8bf44e-69d7-4f6c-abdd-d71cd81b0d5e" parentExecutionId="7901e075-9ec5-4165-83db-1ef1697f877f" testId="227f20ae-8e76-eb71-39b2-4ada3ce6aba8" testName="interrogative_sentences_how" computerName="ARPAN-LAP" duration="00:00:00.0233920" startTime="2014-07-26T16:06:07.8082455+05:30" endTime="2014-07-26T16:06:07.8312468+05:30" testType="13cdc9d9-ddb5-4fa4-a97d-d965ccfc6d4b" outcome="Passed" testListId="8c84fa94-04c1-424b-9868-57a2d4851a1d" relativeResultsDirectory="7901e075-9ec5-4165-83db-1ef1697f877f" dataRowInfo="12" resultType="DataDrivenDataRow" />
        <UnitTestResult executionId="9a0e0b9d-6316-427a-a085-660a1ec763bf" parentExecutionId="7901e075-9ec5-4165-83db-1ef1697f877f" testId="227f20ae-8e76-eb71-39b2-4ada3ce6aba8" testName="interrogative_sentences_how" computerName="ARPAN-LAP" duration="00:00:00.0327411" startTime="2014-07-26T16:06:07.8322469+05:30" endTime="2014-07-26T16:06:07.8642487+05:30" testType="13cdc9d9-ddb5-4fa4-a97d-d965ccfc6d4b" outcome="Passed" testListId="8c84fa94-04c1-424b-9868-57a2d4851a1d" relativeResultsDirectory="7901e075-9ec5-4165-83db-1ef1697f877f" dataRowInfo="13" resultType="DataDrivenDataRow" />
        <UnitTestResult executionId="b459cb81-4a50-4607-b948-8f1534930d21" parentExecutionId="7901e075-9ec5-4165-83db-1ef1697f877f" testId="227f20ae-8e76-eb71-39b2-4ada3ce6aba8" testName="interrogative_sentences_how" computerName="ARPAN-LAP" duration="00:00:00.0309175" startTime="2014-07-26T16:06:07.8642487+05:30" endTime="2014-07-26T16:06:07.8952505+05:30" testType="13cdc9d9-ddb5-4fa4-a97d-d965ccfc6d4b" outcome="Passed" testListId="8c84fa94-04c1-424b-9868-57a2d4851a1d" relativeResultsDirectory="7901e075-9ec5-4165-83db-1ef1697f877f" dataRowInfo="14" resultType="DataDrivenDataRow" />
        <UnitTestResult executionId="7a1c74ab-eb2e-4837-812f-93f7fd61bad1" parentExecutionId="7901e075-9ec5-4165-83db-1ef1697f877f" testId="227f20ae-8e76-eb71-39b2-4ada3ce6aba8" testName="interrogative_sentences_how" computerName="ARPAN-LAP" duration="00:00:00.0333273" startTime="2014-07-26T16:06:07.8952505+05:30" endTime="2014-07-26T16:06:07.9292524+05:30" testType="13cdc9d9-ddb5-4fa4-a97d-d965ccfc6d4b" outcome="Failed" testListId="8c84fa94-04c1-424b-9868-57a2d4851a1d" relativeResultsDirectory="7901e075-9ec5-4165-83db-1ef1697f877f" dataRowInfo="15" resultType="DataDrivenDataRow">
          <Output>
            <ErrorInfo>
              <Message>Assert.AreEqual failed. Expected:&lt;একটি ভাল ছাত্র হতে হয় কিভাবে ?&gt;. Actual:&lt;হয় কিভাবে একটি ভাল ছাত্র ?&gt;. How to be a good student?</Message>
              <StackTrace>   at UnitTest.BnlpTest.interrogative_sentences_how() in D:\software\Project\BNLP\UnitTest\BnlpTest.cs:line 274
</StackTrace>
            </ErrorInfo>
          </Output>
        </UnitTestResult>
        <UnitTestResult executionId="3807af16-d9ad-4b7e-93d6-1aa3d6dadf26" parentExecutionId="7901e075-9ec5-4165-83db-1ef1697f877f" testId="227f20ae-8e76-eb71-39b2-4ada3ce6aba8" testName="interrogative_sentences_how" computerName="ARPAN-LAP" duration="00:00:00.0306131" startTime="2014-07-26T16:06:07.9292524+05:30" endTime="2014-07-26T16:06:07.9592541+05:30" testType="13cdc9d9-ddb5-4fa4-a97d-d965ccfc6d4b" outcome="Passed" testListId="8c84fa94-04c1-424b-9868-57a2d4851a1d" relativeResultsDirectory="7901e075-9ec5-4165-83db-1ef1697f877f" dataRowInfo="16" resultType="DataDrivenDataRow" />
        <UnitTestResult executionId="302a4822-05aa-4164-9971-76414cdebaf8" parentExecutionId="7901e075-9ec5-4165-83db-1ef1697f877f" testId="227f20ae-8e76-eb71-39b2-4ada3ce6aba8" testName="interrogative_sentences_how" computerName="ARPAN-LAP" duration="00:00:00.2510714" startTime="2014-07-26T16:06:07.9592541+05:30" endTime="2014-07-26T16:06:08.2102685+05:30" testType="13cdc9d9-ddb5-4fa4-a97d-d965ccfc6d4b" outcome="Passed" testListId="8c84fa94-04c1-424b-9868-57a2d4851a1d" relativeResultsDirectory="7901e075-9ec5-4165-83db-1ef1697f877f" dataRowInfo="17" resultType="DataDrivenDataRow" />
      </InnerResults>
    </UnitTestResult>
    <UnitTestResult executionId="fcc6eed9-639c-4395-adf0-d25b564e3014" testId="30ab3285-6a8c-14d2-9725-bd60892ccd90" testName="second_person_tenses_active" computerName="ARPAN-LAP" duration="00:00:00.2591189" startTime="2014-07-26T16:06:08.2752722+05:30" endTime="2014-07-26T16:06:08.6042910+05:30" testType="13cdc9d9-ddb5-4fa4-a97d-d965ccfc6d4b" outcome="Passed" testListId="8c84fa94-04c1-424b-9868-57a2d4851a1d" relativeResultsDirectory="fcc6eed9-639c-4395-adf0-d25b564e3014" resultType="DataDrivenTest">
      <Counters error="0" failed="0" timeout="0" aborted="0" inconclusive="0" passedButRunAborted="0" notRunnable="0" notExecuted="0" disconnected="0" warning="0" passed="10" completed="0" inProgress="0" pending="0" />
      <InnerResults>
        <UnitTestResult executionId="e0d0e17a-312d-4af4-987d-e39b9ece1be8" parentExecutionId="fcc6eed9-639c-4395-adf0-d25b564e3014" testId="30ab3285-6a8c-14d2-9725-bd60892ccd90" testName="second_person_tenses_active" computerName="ARPAN-LAP" duration="00:00:00.0159579" startTime="2014-07-26T16:06:08.2892730+05:30" endTime="2014-07-26T16:06:08.3052739+05:30" testType="13cdc9d9-ddb5-4fa4-a97d-d965ccfc6d4b" outcome="Passed" testListId="8c84fa94-04c1-424b-9868-57a2d4851a1d" relativeResultsDirectory="fcc6eed9-639c-4395-adf0-d25b564e3014" dataRowInfo="0" resultType="DataDrivenDataRow" />
        <UnitTestResult executionId="96c99e0e-60c5-407d-a5e4-fd798caa6807" parentExecutionId="fcc6eed9-639c-4395-adf0-d25b564e3014" testId="30ab3285-6a8c-14d2-9725-bd60892ccd90" testName="second_person_tenses_active" computerName="ARPAN-LAP" duration="00:00:00.0194856" startTime="2014-07-26T16:06:08.3052739+05:30" endTime="2014-07-26T16:06:08.3242750+05:30" testType="13cdc9d9-ddb5-4fa4-a97d-d965ccfc6d4b" outcome="Passed" testListId="8c84fa94-04c1-424b-9868-57a2d4851a1d" relativeResultsDirectory="fcc6eed9-639c-4395-adf0-d25b564e3014" dataRowInfo="1" resultType="DataDrivenDataRow" />
        <UnitTestResult executionId="e964159c-8fee-4a98-8467-3deb29e0bc4f" parentExecutionId="fcc6eed9-639c-4395-adf0-d25b564e3014" testId="30ab3285-6a8c-14d2-9725-bd60892ccd90" testName="second_person_tenses_active" computerName="ARPAN-LAP" duration="00:00:00.0213323" startTime="2014-07-26T16:06:08.3242750+05:30" endTime="2014-07-26T16:06:08.3462763+05:30" testType="13cdc9d9-ddb5-4fa4-a97d-d965ccfc6d4b" outcome="Passed" testListId="8c84fa94-04c1-424b-9868-57a2d4851a1d" relativeResultsDirectory="fcc6eed9-639c-4395-adf0-d25b564e3014" dataRowInfo="2" resultType="DataDrivenDataRow" />
        <UnitTestResult executionId="0f4ba80d-7182-442c-8312-6d3e0b4233d1" parentExecutionId="fcc6eed9-639c-4395-adf0-d25b564e3014" testId="30ab3285-6a8c-14d2-9725-bd60892ccd90" testName="second_person_tenses_active" computerName="ARPAN-LAP" duration="00:00:00.0263967" startTime="2014-07-26T16:06:08.3462763+05:30" endTime="2014-07-26T16:06:08.3722777+05:30" testType="13cdc9d9-ddb5-4fa4-a97d-d965ccfc6d4b" outcome="Passed" testListId="8c84fa94-04c1-424b-9868-57a2d4851a1d" relativeResultsDirectory="fcc6eed9-639c-4395-adf0-d25b564e3014" dataRowInfo="3" resultType="DataDrivenDataRow" />
        <UnitTestResult executionId="7af0af0e-9282-451e-a46b-13dd121e8636" parentExecutionId="fcc6eed9-639c-4395-adf0-d25b564e3014" testId="30ab3285-6a8c-14d2-9725-bd60892ccd90" testName="second_person_tenses_active" computerName="ARPAN-LAP" duration="00:00:00.0159189" startTime="2014-07-26T16:06:08.3722777+05:30" endTime="2014-07-26T16:06:08.3882787+05:30" testType="13cdc9d9-ddb5-4fa4-a97d-d965ccfc6d4b" outcome="Passed" testListId="8c84fa94-04c1-424b-9868-57a2d4851a1d" relativeResultsDirectory="fcc6eed9-639c-4395-adf0-d25b564e3014" dataRowInfo="4" resultType="DataDrivenDataRow" />
        <UnitTestResult executionId="99e4e65a-8480-4b65-be38-40888e9525bb" parentExecutionId="fcc6eed9-639c-4395-adf0-d25b564e3014" testId="30ab3285-6a8c-14d2-9725-bd60892ccd90" testName="second_person_tenses_active" computerName="ARPAN-LAP" duration="00:00:00.0188758" startTime="2014-07-26T16:06:08.3882787+05:30" endTime="2014-07-26T16:06:08.4072797+05:30" testType="13cdc9d9-ddb5-4fa4-a97d-d965ccfc6d4b" outcome="Passed" testListId="8c84fa94-04c1-424b-9868-57a2d4851a1d" relativeResultsDirectory="fcc6eed9-639c-4395-adf0-d25b564e3014" dataRowInfo="5" resultType="DataDrivenDataRow" />
        <UnitTestResult executionId="e8fbd85d-bb31-4c1d-b11b-90dd8346143c" parentExecutionId="fcc6eed9-639c-4395-adf0-d25b564e3014" testId="30ab3285-6a8c-14d2-9725-bd60892ccd90" testName="second_person_tenses_active" computerName="ARPAN-LAP" duration="00:00:00.0179591" startTime="2014-07-26T16:06:08.4072797+05:30" endTime="2014-07-26T16:06:08.4252808+05:30" testType="13cdc9d9-ddb5-4fa4-a97d-d965ccfc6d4b" outcome="Passed" testListId="8c84fa94-04c1-424b-9868-57a2d4851a1d" relativeResultsDirectory="fcc6eed9-639c-4395-adf0-d25b564e3014" dataRowInfo="6" resultType="DataDrivenDataRow" />
        <UnitTestResult executionId="3a64b91a-e672-46f5-9f39-ba1a4d697954" parentExecutionId="fcc6eed9-639c-4395-adf0-d25b564e3014" testId="30ab3285-6a8c-14d2-9725-bd60892ccd90" testName="second_person_tenses_active" computerName="ARPAN-LAP" duration="00:00:00.0237010" startTime="2014-07-26T16:06:08.4252808+05:30" endTime="2014-07-26T16:06:08.4492821+05:30" testType="13cdc9d9-ddb5-4fa4-a97d-d965ccfc6d4b" outcome="Passed" testListId="8c84fa94-04c1-424b-9868-57a2d4851a1d" relativeResultsDirectory="fcc6eed9-639c-4395-adf0-d25b564e3014" dataRowInfo="7" resultType="DataDrivenDataRow" />
        <UnitTestResult executionId="9208e937-05e5-48ed-98c8-3bdf3e5b952a" parentExecutionId="fcc6eed9-639c-4395-adf0-d25b564e3014" testId="30ab3285-6a8c-14d2-9725-bd60892ccd90" testName="second_person_tenses_active" computerName="ARPAN-LAP" duration="00:00:00.0191145" startTime="2014-07-26T16:06:08.4492821+05:30" endTime="2014-07-26T16:06:08.4682832+05:30" testType="13cdc9d9-ddb5-4fa4-a97d-d965ccfc6d4b" outcome="Passed" testListId="8c84fa94-04c1-424b-9868-57a2d4851a1d" relativeResultsDirectory="fcc6eed9-639c-4395-adf0-d25b564e3014" dataRowInfo="8" resultType="DataDrivenDataRow" />
        <UnitTestResult executionId="3eac4cf0-6e6f-45f8-9e38-95add108ccb6" parentExecutionId="fcc6eed9-639c-4395-adf0-d25b564e3014" testId="30ab3285-6a8c-14d2-9725-bd60892ccd90" testName="second_person_tenses_active" computerName="ARPAN-LAP" duration="00:00:00.0780589" startTime="2014-07-26T16:06:08.4682832+05:30" endTime="2014-07-26T16:06:08.5462877+05:30" testType="13cdc9d9-ddb5-4fa4-a97d-d965ccfc6d4b" outcome="Passed" testListId="8c84fa94-04c1-424b-9868-57a2d4851a1d" relativeResultsDirectory="fcc6eed9-639c-4395-adf0-d25b564e3014" dataRowInfo="9" resultType="DataDrivenDataRow" />
      </InnerResults>
    </UnitTestResult>
    <UnitTestResult executionId="4e64f6f2-1cec-4c18-9aac-a38d68c7835e" testId="32b5d279-0d23-e5ad-0301-234c8788f740" testName="interrogative_sentences_who" computerName="ARPAN-LAP" duration="00:00:00.1026345" startTime="2014-07-26T16:06:08.6102914+05:30" endTime="2014-07-26T16:06:08.7322983+05:30" testType="13cdc9d9-ddb5-4fa4-a97d-d965ccfc6d4b" outcome="Passed" testListId="8c84fa94-04c1-424b-9868-57a2d4851a1d" relativeResultsDirectory="4e64f6f2-1cec-4c18-9aac-a38d68c7835e" resultType="DataDrivenTest">
      <Counters error="0" failed="0" timeout="0" aborted="0" inconclusive="0" passedButRunAborted="0" notRunnable="0" notExecuted="0" disconnected="0" warning="0" passed="4" completed="0" inProgress="0" pending="0" />
      <InnerResults>
        <UnitTestResult executionId="00a92826-2581-47bc-8fe8-4f35336dd068" parentExecutionId="4e64f6f2-1cec-4c18-9aac-a38d68c7835e" testId="32b5d279-0d23-e5ad-0301-234c8788f740" testName="interrogative_sentences_who" computerName="ARPAN-LAP" duration="00:00:00.0258593" startTime="2014-07-26T16:06:08.6182918+05:30" endTime="2014-07-26T16:06:08.6442933+05:30" testType="13cdc9d9-ddb5-4fa4-a97d-d965ccfc6d4b" outcome="Passed" testListId="8c84fa94-04c1-424b-9868-57a2d4851a1d" relativeResultsDirectory="4e64f6f2-1cec-4c18-9aac-a38d68c7835e" dataRowInfo="0" resultType="DataDrivenDataRow" />
        <UnitTestResult executionId="ce42c112-46a5-4be1-b1c6-7b5253a0dab8" parentExecutionId="4e64f6f2-1cec-4c18-9aac-a38d68c7835e" testId="32b5d279-0d23-e5ad-0301-234c8788f740" testName="interrogative_sentences_who" computerName="ARPAN-LAP" duration="00:00:00.0193146" startTime="2014-07-26T16:06:08.6442933+05:30" endTime="2014-07-26T16:06:08.6632944+05:30" testType="13cdc9d9-ddb5-4fa4-a97d-d965ccfc6d4b" outcome="Passed" testListId="8c84fa94-04c1-424b-9868-57a2d4851a1d" relativeResultsDirectory="4e64f6f2-1cec-4c18-9aac-a38d68c7835e" dataRowInfo="1" resultType="DataDrivenDataRow" />
        <UnitTestResult executionId="0e943db3-f23b-47eb-8560-b8976747e3e7" parentExecutionId="4e64f6f2-1cec-4c18-9aac-a38d68c7835e" testId="32b5d279-0d23-e5ad-0301-234c8788f740" testName="interrogative_sentences_who" computerName="ARPAN-LAP" duration="00:00:00.0247419" startTime="2014-07-26T16:06:08.6632944+05:30" endTime="2014-07-26T16:06:08.6882958+05:30" testType="13cdc9d9-ddb5-4fa4-a97d-d965ccfc6d4b" outcome="Passed" testListId="8c84fa94-04c1-424b-9868-57a2d4851a1d" relativeResultsDirectory="4e64f6f2-1cec-4c18-9aac-a38d68c7835e" dataRowInfo="2" resultType="DataDrivenDataRow" />
        <UnitTestResult executionId="3157c1e3-875e-4c9a-8f37-f8a405e85b8c" parentExecutionId="4e64f6f2-1cec-4c18-9aac-a38d68c7835e" testId="32b5d279-0d23-e5ad-0301-234c8788f740" testName="interrogative_sentences_who" computerName="ARPAN-LAP" duration="00:00:00.0302995" startTime="2014-07-26T16:06:08.6882958+05:30" endTime="2014-07-26T16:06:08.7182975+05:30" testType="13cdc9d9-ddb5-4fa4-a97d-d965ccfc6d4b" outcome="Passed" testListId="8c84fa94-04c1-424b-9868-57a2d4851a1d" relativeResultsDirectory="4e64f6f2-1cec-4c18-9aac-a38d68c7835e" dataRowInfo="3" resultType="DataDrivenDataRow" />
      </InnerResults>
    </UnitTestResult>
    <UnitTestResult executionId="c4344dc2-73e6-4599-9c62-9b7135140257" testId="39dcb97e-c73f-c645-a77c-64d9eba0a3a3" testName="interrogative_sentences_aux" computerName="ARPAN-LAP" duration="00:00:00.4546155" startTime="2014-07-26T16:06:08.7352985+05:30" endTime="2014-07-26T16:06:09.2503280+05:30" testType="13cdc9d9-ddb5-4fa4-a97d-d965ccfc6d4b" outcome="Passed" testListId="8c84fa94-04c1-424b-9868-57a2d4851a1d" relativeResultsDirectory="c4344dc2-73e6-4599-9c62-9b7135140257" resultType="DataDrivenTest">
      <Counters error="0" failed="0" timeout="0" aborted="0" inconclusive="0" passedButRunAborted="0" notRunnable="0" notExecuted="0" disconnected="0" warning="0" passed="20" completed="0" inProgress="0" pending="0" />
      <InnerResults>
        <UnitTestResult executionId="d76482d4-4d2b-4860-ae1e-24c7875bc7c9" parentExecutionId="c4344dc2-73e6-4599-9c62-9b7135140257" testId="39dcb97e-c73f-c645-a77c-64d9eba0a3a3" testName="interrogative_sentences_aux" computerName="ARPAN-LAP" duration="00:00:00.0207826" startTime="2014-07-26T16:06:08.7412988+05:30" endTime="2014-07-26T16:06:08.7623001+05:30" testType="13cdc9d9-ddb5-4fa4-a97d-d965ccfc6d4b" outcome="Passed" testListId="8c84fa94-04c1-424b-9868-57a2d4851a1d" relativeResultsDirectory="c4344dc2-73e6-4599-9c62-9b7135140257" dataRowInfo="0" resultType="DataDrivenDataRow" />
        <UnitTestResult executionId="fc9f6664-37fd-4443-850e-4b0cb6fed7e6" parentExecutionId="c4344dc2-73e6-4599-9c62-9b7135140257" testId="39dcb97e-c73f-c645-a77c-64d9eba0a3a3" testName="interrogative_sentences_aux" computerName="ARPAN-LAP" duration="00:00:00.0219220" startTime="2014-07-26T16:06:08.7623001+05:30" endTime="2014-07-26T16:06:08.7843013+05:30" testType="13cdc9d9-ddb5-4fa4-a97d-d965ccfc6d4b" outcome="Passed" testListId="8c84fa94-04c1-424b-9868-57a2d4851a1d" relativeResultsDirectory="c4344dc2-73e6-4599-9c62-9b7135140257" dataRowInfo="1" resultType="DataDrivenDataRow" />
        <UnitTestResult executionId="ddfa96c5-f268-4f0c-bd42-bbe8b83177cd" parentExecutionId="c4344dc2-73e6-4599-9c62-9b7135140257" testId="39dcb97e-c73f-c645-a77c-64d9eba0a3a3" testName="interrogative_sentences_aux" computerName="ARPAN-LAP" duration="00:00:00.0203191" startTime="2014-07-26T16:06:08.7843013+05:30" endTime="2014-07-26T16:06:08.8043025+05:30" testType="13cdc9d9-ddb5-4fa4-a97d-d965ccfc6d4b" outcome="Passed" testListId="8c84fa94-04c1-424b-9868-57a2d4851a1d" relativeResultsDirectory="c4344dc2-73e6-4599-9c62-9b7135140257" dataRowInfo="2" resultType="DataDrivenDataRow" />
        <UnitTestResult executionId="5d294e2a-1df4-4698-8704-f8961fae18eb" parentExecutionId="c4344dc2-73e6-4599-9c62-9b7135140257" testId="39dcb97e-c73f-c645-a77c-64d9eba0a3a3" testName="interrogative_sentences_aux" computerName="ARPAN-LAP" duration="00:00:00.0259701" startTime="2014-07-26T16:06:08.8043025+05:30" endTime="2014-07-26T16:06:08.8303039+05:30" testType="13cdc9d9-ddb5-4fa4-a97d-d965ccfc6d4b" outcome="Passed" testListId="8c84fa94-04c1-424b-9868-57a2d4851a1d" relativeResultsDirectory="c4344dc2-73e6-4599-9c62-9b7135140257" dataRowInfo="3" resultType="DataDrivenDataRow" />
        <UnitTestResult executionId="921a0a9a-0ef9-428f-808d-25629f480f5c" parentExecutionId="c4344dc2-73e6-4599-9c62-9b7135140257" testId="39dcb97e-c73f-c645-a77c-64d9eba0a3a3" testName="interrogative_sentences_aux" computerName="ARPAN-LAP" duration="00:00:00.0205239" startTime="2014-07-26T16:06:08.8303039+05:30" endTime="2014-07-26T16:06:08.8513051+05:30" testType="13cdc9d9-ddb5-4fa4-a97d-d965ccfc6d4b" outcome="Passed" testListId="8c84fa94-04c1-424b-9868-57a2d4851a1d" relativeResultsDirectory="c4344dc2-73e6-4599-9c62-9b7135140257" dataRowInfo="4" resultType="DataDrivenDataRow" />
        <UnitTestResult executionId="4c53b94f-274c-48dc-9a4e-5a01d9988244" parentExecutionId="c4344dc2-73e6-4599-9c62-9b7135140257" testId="39dcb97e-c73f-c645-a77c-64d9eba0a3a3" testName="interrogative_sentences_aux" computerName="ARPAN-LAP" duration="00:00:00.0205947" startTime="2014-07-26T16:06:08.8513051+05:30" endTime="2014-07-26T16:06:08.8723063+05:30" testType="13cdc9d9-ddb5-4fa4-a97d-d965ccfc6d4b" outcome="Passed" testListId="8c84fa94-04c1-424b-9868-57a2d4851a1d" relativeResultsDirectory="c4344dc2-73e6-4599-9c62-9b7135140257" dataRowInfo="5" resultType="DataDrivenDataRow" />
        <UnitTestResult executionId="535db1ed-94ab-4d1d-9667-a24aeb24afc5" parentExecutionId="c4344dc2-73e6-4599-9c62-9b7135140257" testId="39dcb97e-c73f-c645-a77c-64d9eba0a3a3" testName="interrogative_sentences_aux" computerName="ARPAN-LAP" duration="00:00:00.0195831" startTime="2014-07-26T16:06:08.8723063+05:30" endTime="2014-07-26T16:06:08.8913074+05:30" testType="13cdc9d9-ddb5-4fa4-a97d-d965ccfc6d4b" outcome="Passed" testListId="8c84fa94-04c1-424b-9868-57a2d4851a1d" relativeResultsDirectory="c4344dc2-73e6-4599-9c62-9b7135140257" dataRowInfo="6" resultType="DataDrivenDataRow" />
        <UnitTestResult executionId="d684908a-dfbc-4855-a522-1f8b0023afae" parentExecutionId="c4344dc2-73e6-4599-9c62-9b7135140257" testId="39dcb97e-c73f-c645-a77c-64d9eba0a3a3" testName="interrogative_sentences_aux" computerName="ARPAN-LAP" duration="00:00:00.0478737" startTime="2014-07-26T16:06:08.8913074+05:30" endTime="2014-07-26T16:06:08.9393102+05:30" testType="13cdc9d9-ddb5-4fa4-a97d-d965ccfc6d4b" outcome="Passed" testListId="8c84fa94-04c1-424b-9868-57a2d4851a1d" relativeResultsDirectory="c4344dc2-73e6-4599-9c62-9b7135140257" dataRowInfo="7" resultType="DataDrivenDataRow" />
        <UnitTestResult executionId="f61576fb-0614-4dd3-a181-3d963d7cc2df" parentExecutionId="c4344dc2-73e6-4599-9c62-9b7135140257" testId="39dcb97e-c73f-c645-a77c-64d9eba0a3a3" testName="interrogative_sentences_aux" computerName="ARPAN-LAP" duration="00:00:00.0265240" startTime="2014-07-26T16:06:08.9393102+05:30" endTime="2014-07-26T16:06:08.9663117+05:30" testType="13cdc9d9-ddb5-4fa4-a97d-d965ccfc6d4b" outcome="Passed" testListId="8c84fa94-04c1-424b-9868-57a2d4851a1d" relativeResultsDirectory="c4344dc2-73e6-4599-9c62-9b7135140257" dataRowInfo="8" resultType="DataDrivenDataRow" />
        <UnitTestResult executionId="aa52d61c-f93c-48aa-84a6-a80e7f50bad4" parentExecutionId="c4344dc2-73e6-4599-9c62-9b7135140257" testId="39dcb97e-c73f-c645-a77c-64d9eba0a3a3" testName="interrogative_sentences_aux" computerName="ARPAN-LAP" duration="00:00:00.0300973" startTime="2014-07-26T16:06:08.9663117+05:30" endTime="2014-07-26T16:06:08.9963134+05:30" testType="13cdc9d9-ddb5-4fa4-a97d-d965ccfc6d4b" outcome="Passed" testListId="8c84fa94-04c1-424b-9868-57a2d4851a1d" relativeResultsDirectory="c4344dc2-73e6-4599-9c62-9b7135140257" dataRowInfo="9" resultType="DataDrivenDataRow" />
        <UnitTestResult executionId="e2c34080-ddb7-43c2-97b8-6477dd1f447b" parentExecutionId="c4344dc2-73e6-4599-9c62-9b7135140257" testId="39dcb97e-c73f-c645-a77c-64d9eba0a3a3" testName="interrogative_sentences_aux" computerName="ARPAN-LAP" duration="00:00:00.0194158" startTime="2014-07-26T16:06:08.9963134+05:30" endTime="2014-07-26T16:06:09.0153145+05:30" testType="13cdc9d9-ddb5-4fa4-a97d-d965ccfc6d4b" outcome="Passed" testListId="8c84fa94-04c1-424b-9868-57a2d4851a1d" relativeResultsDirectory="c4344dc2-73e6-4599-9c62-9b7135140257" dataRowInfo="10" resultType="DataDrivenDataRow" />
        <UnitTestResult executionId="ada7afc9-2188-4f28-a9e5-b76f8167a6a9" parentExecutionId="c4344dc2-73e6-4599-9c62-9b7135140257" testId="39dcb97e-c73f-c645-a77c-64d9eba0a3a3" testName="interrogative_sentences_aux" computerName="ARPAN-LAP" duration="00:00:00.0178369" startTime="2014-07-26T16:06:09.0153145+05:30" endTime="2014-07-26T16:06:09.0333156+05:30" testType="13cdc9d9-ddb5-4fa4-a97d-d965ccfc6d4b" outcome="Passed" testListId="8c84fa94-04c1-424b-9868-57a2d4851a1d" relativeResultsDirectory="c4344dc2-73e6-4599-9c62-9b7135140257" dataRowInfo="11" resultType="DataDrivenDataRow" />
        <UnitTestResult executionId="ffc332ad-1077-4e3f-bcac-00b860158ff9" parentExecutionId="c4344dc2-73e6-4599-9c62-9b7135140257" testId="39dcb97e-c73f-c645-a77c-64d9eba0a3a3" testName="interrogative_sentences_aux" computerName="ARPAN-LAP" duration="00:00:00.0171471" startTime="2014-07-26T16:06:09.0333156+05:30" endTime="2014-07-26T16:06:09.0513166+05:30" testType="13cdc9d9-ddb5-4fa4-a97d-d965ccfc6d4b" outcome="Passed" testListId="8c84fa94-04c1-424b-9868-57a2d4851a1d" relativeResultsDirectory="c4344dc2-73e6-4599-9c62-9b7135140257" dataRowInfo="12" resultType="DataDrivenDataRow" />
        <UnitTestResult executionId="20a90775-0143-4f3d-8ef2-f55aa357cf08" parentExecutionId="c4344dc2-73e6-4599-9c62-9b7135140257" testId="39dcb97e-c73f-c645-a77c-64d9eba0a3a3" testName="interrogative_sentences_aux" computerName="ARPAN-LAP" duration="00:00:00.0234120" startTime="2014-07-26T16:06:09.0513166+05:30" endTime="2014-07-26T16:06:09.0743179+05:30" testType="13cdc9d9-ddb5-4fa4-a97d-d965ccfc6d4b" outcome="Passed" testListId="8c84fa94-04c1-424b-9868-57a2d4851a1d" relativeResultsDirectory="c4344dc2-73e6-4599-9c62-9b7135140257" dataRowInfo="13" resultType="DataDrivenDataRow" />
        <UnitTestResult executionId="51d17462-8f28-454d-88ae-40c7f3bd28f6" parentExecutionId="c4344dc2-73e6-4599-9c62-9b7135140257" testId="39dcb97e-c73f-c645-a77c-64d9eba0a3a3" testName="interrogative_sentences_aux" computerName="ARPAN-LAP" duration="00:00:00.0171569" startTime="2014-07-26T16:06:09.0743179+05:30" endTime="2014-07-26T16:06:09.0913189+05:30" testType="13cdc9d9-ddb5-4fa4-a97d-d965ccfc6d4b" outcome="Passed" testListId="8c84fa94-04c1-424b-9868-57a2d4851a1d" relativeResultsDirectory="c4344dc2-73e6-4599-9c62-9b7135140257" dataRowInfo="14" resultType="DataDrivenDataRow" />
        <UnitTestResult executionId="55b68398-c065-4c63-8d05-eb8c218492f9" parentExecutionId="c4344dc2-73e6-4599-9c62-9b7135140257" testId="39dcb97e-c73f-c645-a77c-64d9eba0a3a3" testName="interrogative_sentences_aux" computerName="ARPAN-LAP" duration="00:00:00.0200106" startTime="2014-07-26T16:06:09.0913189+05:30" endTime="2014-07-26T16:06:09.1113200+05:30" testType="13cdc9d9-ddb5-4fa4-a97d-d965ccfc6d4b" outcome="Passed" testListId="8c84fa94-04c1-424b-9868-57a2d4851a1d" relativeResultsDirectory="c4344dc2-73e6-4599-9c62-9b7135140257" dataRowInfo="15" resultType="DataDrivenDataRow" />
        <UnitTestResult executionId="b80da008-6db2-49d1-8429-5e8b81f8ce91" parentExecutionId="c4344dc2-73e6-4599-9c62-9b7135140257" testId="39dcb97e-c73f-c645-a77c-64d9eba0a3a3" testName="interrogative_sentences_aux" computerName="ARPAN-LAP" duration="00:00:00.0184744" startTime="2014-07-26T16:06:09.1113200+05:30" endTime="2014-07-26T16:06:09.1303211+05:30" testType="13cdc9d9-ddb5-4fa4-a97d-d965ccfc6d4b" outcome="Passed" testListId="8c84fa94-04c1-424b-9868-57a2d4851a1d" relativeResultsDirectory="c4344dc2-73e6-4599-9c62-9b7135140257" dataRowInfo="16" resultType="DataDrivenDataRow" />
        <UnitTestResult executionId="11e6d4f2-065d-44a5-9de0-568d95ede672" parentExecutionId="c4344dc2-73e6-4599-9c62-9b7135140257" testId="39dcb97e-c73f-c645-a77c-64d9eba0a3a3" testName="interrogative_sentences_aux" computerName="ARPAN-LAP" duration="00:00:00.0247809" startTime="2014-07-26T16:06:09.1303211+05:30" endTime="2014-07-26T16:06:09.1553225+05:30" testType="13cdc9d9-ddb5-4fa4-a97d-d965ccfc6d4b" outcome="Passed" testListId="8c84fa94-04c1-424b-9868-57a2d4851a1d" relativeResultsDirectory="c4344dc2-73e6-4599-9c62-9b7135140257" dataRowInfo="17" resultType="DataDrivenDataRow" />
        <UnitTestResult executionId="c6715ae0-890a-4149-b1fa-1592db6cd359" parentExecutionId="c4344dc2-73e6-4599-9c62-9b7135140257" testId="39dcb97e-c73f-c645-a77c-64d9eba0a3a3" testName="interrogative_sentences_aux" computerName="ARPAN-LAP" duration="00:00:00.0163433" startTime="2014-07-26T16:06:09.1553225+05:30" endTime="2014-07-26T16:06:09.1713234+05:30" testType="13cdc9d9-ddb5-4fa4-a97d-d965ccfc6d4b" outcome="Passed" testListId="8c84fa94-04c1-424b-9868-57a2d4851a1d" relativeResultsDirectory="c4344dc2-73e6-4599-9c62-9b7135140257" dataRowInfo="18" resultType="DataDrivenDataRow" />
        <UnitTestResult executionId="71ac9a95-5ef9-418d-b403-4bed8ebca585" parentExecutionId="c4344dc2-73e6-4599-9c62-9b7135140257" testId="39dcb97e-c73f-c645-a77c-64d9eba0a3a3" testName="interrogative_sentences_aux" computerName="ARPAN-LAP" duration="00:00:00.0228356" startTime="2014-07-26T16:06:09.1713234+05:30" endTime="2014-07-26T16:06:09.1943248+05:30" testType="13cdc9d9-ddb5-4fa4-a97d-d965ccfc6d4b" outcome="Passed" testListId="8c84fa94-04c1-424b-9868-57a2d4851a1d" relativeResultsDirectory="c4344dc2-73e6-4599-9c62-9b7135140257" dataRowInfo="19" resultType="DataDrivenDataRow" />
      </InnerResults>
    </UnitTestResult>
    <UnitTestResult executionId="d27703a6-5d65-4b0b-a07c-b1d1fe0775d0" testId="4e91a3b9-9eae-ebff-0b97-303f00578a78" testName="interrogative_sentences_whom" computerName="ARPAN-LAP" duration="00:00:00.0564052" startTime="2014-07-26T16:06:09.2513280+05:30" endTime="2014-07-26T16:06:09.3273324+05:30" testType="13cdc9d9-ddb5-4fa4-a97d-d965ccfc6d4b" outcome="Passed" testListId="8c84fa94-04c1-424b-9868-57a2d4851a1d" relativeResultsDirectory="d27703a6-5d65-4b0b-a07c-b1d1fe0775d0" resultType="DataDrivenTest">
      <Counters error="0" failed="0" timeout="0" aborted="0" inconclusive="0" passedButRunAborted="0" notRunnable="0" notExecuted="0" disconnected="0" warning="0" passed="2" completed="0" inProgress="0" pending="0" />
      <InnerResults>
        <UnitTestResult executionId="3f1f5fb3-a6a4-47ad-b8ee-0eddc87ea0b9" parentExecutionId="d27703a6-5d65-4b0b-a07c-b1d1fe0775d0" testId="4e91a3b9-9eae-ebff-0b97-303f00578a78" testName="interrogative_sentences_whom" computerName="ARPAN-LAP" duration="00:00:00.0294701" startTime="2014-07-26T16:06:09.2643288+05:30" endTime="2014-07-26T16:06:09.2943305+05:30" testType="13cdc9d9-ddb5-4fa4-a97d-d965ccfc6d4b" outcome="Passed" testListId="8c84fa94-04c1-424b-9868-57a2d4851a1d" relativeResultsDirectory="d27703a6-5d65-4b0b-a07c-b1d1fe0775d0" dataRowInfo="0" resultType="DataDrivenDataRow" />
        <UnitTestResult executionId="b83ceb76-40b0-4078-9c28-4f90b9c687ed" parentExecutionId="d27703a6-5d65-4b0b-a07c-b1d1fe0775d0" testId="4e91a3b9-9eae-ebff-0b97-303f00578a78" testName="interrogative_sentences_whom" computerName="ARPAN-LAP" duration="00:00:00.0242954" startTime="2014-07-26T16:06:09.2943305+05:30" endTime="2014-07-26T16:06:09.3183319+05:30" testType="13cdc9d9-ddb5-4fa4-a97d-d965ccfc6d4b" outcome="Passed" testListId="8c84fa94-04c1-424b-9868-57a2d4851a1d" relativeResultsDirectory="d27703a6-5d65-4b0b-a07c-b1d1fe0775d0" dataRowInfo="1" resultType="DataDrivenDataRow" />
      </InnerResults>
    </UnitTestResult>
    <UnitTestResult executionId="effba31e-ef18-4d79-8e83-b10a0d140b6e" testId="533e7939-123c-ce84-5c5c-d5a21d1d95b9" testName="special_handling_do_verb" computerName="ARPAN-LAP" duration="00:00:00.3555994" startTime="2014-07-26T16:06:09.3293325+05:30" endTime="2014-07-26T16:06:09.7303554+05:30" testType="13cdc9d9-ddb5-4fa4-a97d-d965ccfc6d4b" outcome="Passed" testListId="8c84fa94-04c1-424b-9868-57a2d4851a1d" relativeResultsDirectory="effba31e-ef18-4d79-8e83-b10a0d140b6e" resultType="DataDrivenTest">
      <Counters error="0" failed="0" timeout="0" aborted="0" inconclusive="0" passedButRunAborted="0" notRunnable="0" notExecuted="0" disconnected="0" warning="0" passed="13" completed="0" inProgress="0" pending="0" />
      <InnerResults>
        <UnitTestResult executionId="36b3497e-628a-41c8-8b52-c7d631b56581" parentExecutionId="effba31e-ef18-4d79-8e83-b10a0d140b6e" testId="533e7939-123c-ce84-5c5c-d5a21d1d95b9" testName="special_handling_do_verb" computerName="ARPAN-LAP" duration="00:00:00.0212327" startTime="2014-07-26T16:06:09.3383330+05:30" endTime="2014-07-26T16:06:09.3593342+05:30" testType="13cdc9d9-ddb5-4fa4-a97d-d965ccfc6d4b" outcome="Passed" testListId="8c84fa94-04c1-424b-9868-57a2d4851a1d" relativeResultsDirectory="effba31e-ef18-4d79-8e83-b10a0d140b6e" dataRowInfo="0" resultType="DataDrivenDataRow" />
        <UnitTestResult executionId="cf528945-0eae-495e-b47d-2a8136ec37f5" parentExecutionId="effba31e-ef18-4d79-8e83-b10a0d140b6e" testId="533e7939-123c-ce84-5c5c-d5a21d1d95b9" testName="special_handling_do_verb" computerName="ARPAN-LAP" duration="00:00:00.0234095" startTime="2014-07-26T16:06:09.3603343+05:30" endTime="2014-07-26T16:06:09.3833356+05:30" testType="13cdc9d9-ddb5-4fa4-a97d-d965ccfc6d4b" outcome="Passed" testListId="8c84fa94-04c1-424b-9868-57a2d4851a1d" relativeResultsDirectory="effba31e-ef18-4d79-8e83-b10a0d140b6e" dataRowInfo="1" resultType="DataDrivenDataRow" />
        <UnitTestResult executionId="415916ee-3956-418a-a951-510beab0ccc4" parentExecutionId="effba31e-ef18-4d79-8e83-b10a0d140b6e" testId="533e7939-123c-ce84-5c5c-d5a21d1d95b9" testName="special_handling_do_verb" computerName="ARPAN-LAP" duration="00:00:00.0256211" startTime="2014-07-26T16:06:09.3833356+05:30" endTime="2014-07-26T16:06:09.4093371+05:30" testType="13cdc9d9-ddb5-4fa4-a97d-d965ccfc6d4b" outcome="Passed" testListId="8c84fa94-04c1-424b-9868-57a2d4851a1d" relativeResultsDirectory="effba31e-ef18-4d79-8e83-b10a0d140b6e" dataRowInfo="2" resultType="DataDrivenDataRow" />
        <UnitTestResult executionId="775f06f4-85a9-479b-83ae-c179d028e9de" parentExecutionId="effba31e-ef18-4d79-8e83-b10a0d140b6e" testId="533e7939-123c-ce84-5c5c-d5a21d1d95b9" testName="special_handling_do_verb" computerName="ARPAN-LAP" duration="00:00:00.0313302" startTime="2014-07-26T16:06:09.4093371+05:30" endTime="2014-07-26T16:06:09.4403388+05:30" testType="13cdc9d9-ddb5-4fa4-a97d-d965ccfc6d4b" outcome="Passed" testListId="8c84fa94-04c1-424b-9868-57a2d4851a1d" relativeResultsDirectory="effba31e-ef18-4d79-8e83-b10a0d140b6e" dataRowInfo="3" resultType="DataDrivenDataRow" />
        <UnitTestResult executionId="f3008347-0ade-4f47-bf85-61e83a0770c3" parentExecutionId="effba31e-ef18-4d79-8e83-b10a0d140b6e" testId="533e7939-123c-ce84-5c5c-d5a21d1d95b9" testName="special_handling_do_verb" computerName="ARPAN-LAP" duration="00:00:00.0197956" startTime="2014-07-26T16:06:09.4403388+05:30" endTime="2014-07-26T16:06:09.4603400+05:30" testType="13cdc9d9-ddb5-4fa4-a97d-d965ccfc6d4b" outcome="Passed" testListId="8c84fa94-04c1-424b-9868-57a2d4851a1d" relativeResultsDirectory="effba31e-ef18-4d79-8e83-b10a0d140b6e" dataRowInfo="4" resultType="DataDrivenDataRow" />
        <UnitTestResult executionId="6db76d02-d5be-426d-9539-d784168176e1" parentExecutionId="effba31e-ef18-4d79-8e83-b10a0d140b6e" testId="533e7939-123c-ce84-5c5c-d5a21d1d95b9" testName="special_handling_do_verb" computerName="ARPAN-LAP" duration="00:00:00.0229172" startTime="2014-07-26T16:06:09.4603400+05:30" endTime="2014-07-26T16:06:09.4833413+05:30" testType="13cdc9d9-ddb5-4fa4-a97d-d965ccfc6d4b" outcome="Passed" testListId="8c84fa94-04c1-424b-9868-57a2d4851a1d" relativeResultsDirectory="effba31e-ef18-4d79-8e83-b10a0d140b6e" dataRowInfo="5" resultType="DataDrivenDataRow" />
        <UnitTestResult executionId="874a7d4e-683e-4640-bc0b-86df239c4c28" parentExecutionId="effba31e-ef18-4d79-8e83-b10a0d140b6e" testId="533e7939-123c-ce84-5c5c-d5a21d1d95b9" testName="special_handling_do_verb" computerName="ARPAN-LAP" duration="00:00:00.0227607" startTime="2014-07-26T16:06:09.4833413+05:30" endTime="2014-07-26T16:06:09.5063426+05:30" testType="13cdc9d9-ddb5-4fa4-a97d-d965ccfc6d4b" outcome="Passed" testListId="8c84fa94-04c1-424b-9868-57a2d4851a1d" relativeResultsDirectory="effba31e-ef18-4d79-8e83-b10a0d140b6e" dataRowInfo="6" resultType="DataDrivenDataRow" />
        <UnitTestResult executionId="dbcdb72d-af34-49c1-8c12-1d211e863476" parentExecutionId="effba31e-ef18-4d79-8e83-b10a0d140b6e" testId="533e7939-123c-ce84-5c5c-d5a21d1d95b9" testName="special_handling_do_verb" computerName="ARPAN-LAP" duration="00:00:00.0368575" startTime="2014-07-26T16:06:09.5063426+05:30" endTime="2014-07-26T16:06:09.5433447+05:30" testType="13cdc9d9-ddb5-4fa4-a97d-d965ccfc6d4b" outcome="Passed" testListId="8c84fa94-04c1-424b-9868-57a2d4851a1d" relativeResultsDirectory="effba31e-ef18-4d79-8e83-b10a0d140b6e" dataRowInfo="7" resultType="DataDrivenDataRow" />
        <UnitTestResult executionId="d41e4469-c2de-452c-9db6-7eef728db799" parentExecutionId="effba31e-ef18-4d79-8e83-b10a0d140b6e" testId="533e7939-123c-ce84-5c5c-d5a21d1d95b9" testName="special_handling_do_verb" computerName="ARPAN-LAP" duration="00:00:00.0312999" startTime="2014-07-26T16:06:09.5433447+05:30" endTime="2014-07-26T16:06:09.5743465+05:30" testType="13cdc9d9-ddb5-4fa4-a97d-d965ccfc6d4b" outcome="Passed" testListId="8c84fa94-04c1-424b-9868-57a2d4851a1d" relativeResultsDirectory="effba31e-ef18-4d79-8e83-b10a0d140b6e" dataRowInfo="8" resultType="DataDrivenDataRow" />
        <UnitTestResult executionId="d3795d0b-4fdb-413a-9e5f-8a45131f32e6" parentExecutionId="effba31e-ef18-4d79-8e83-b10a0d140b6e" testId="533e7939-123c-ce84-5c5c-d5a21d1d95b9" testName="special_handling_do_verb" computerName="ARPAN-LAP" duration="00:00:00.0404427" startTime="2014-07-26T16:06:09.5743465+05:30" endTime="2014-07-26T16:06:09.6143488+05:30" testType="13cdc9d9-ddb5-4fa4-a97d-d965ccfc6d4b" outcome="Passed" testListId="8c84fa94-04c1-424b-9868-57a2d4851a1d" relativeResultsDirectory="effba31e-ef18-4d79-8e83-b10a0d140b6e" dataRowInfo="9" resultType="DataDrivenDataRow" />
        <UnitTestResult executionId="a3dffa17-0a1d-4a45-b971-b3748e0b9660" parentExecutionId="effba31e-ef18-4d79-8e83-b10a0d140b6e" testId="533e7939-123c-ce84-5c5c-d5a21d1d95b9" testName="special_handling_do_verb" computerName="ARPAN-LAP" duration="00:00:00.0207939" startTime="2014-07-26T16:06:09.6153488+05:30" endTime="2014-07-26T16:06:09.6353500+05:30" testType="13cdc9d9-ddb5-4fa4-a97d-d965ccfc6d4b" outcome="Passed" testListId="8c84fa94-04c1-424b-9868-57a2d4851a1d" relativeResultsDirectory="effba31e-ef18-4d79-8e83-b10a0d140b6e" dataRowInfo="10" resultType="DataDrivenDataRow" />
        <UnitTestResult executionId="dcf6c73b-27e8-469f-9314-ef30be50f219" parentExecutionId="effba31e-ef18-4d79-8e83-b10a0d140b6e" testId="533e7939-123c-ce84-5c5c-d5a21d1d95b9" testName="special_handling_do_verb" computerName="ARPAN-LAP" duration="00:00:00.0286858" startTime="2014-07-26T16:06:09.6353500+05:30" endTime="2014-07-26T16:06:09.6643516+05:30" testType="13cdc9d9-ddb5-4fa4-a97d-d965ccfc6d4b" outcome="Passed" testListId="8c84fa94-04c1-424b-9868-57a2d4851a1d" relativeResultsDirectory="effba31e-ef18-4d79-8e83-b10a0d140b6e" dataRowInfo="11" resultType="DataDrivenDataRow" />
        <UnitTestResult executionId="63d557bf-b1c9-434b-9f82-fa8af99906f2" parentExecutionId="effba31e-ef18-4d79-8e83-b10a0d140b6e" testId="533e7939-123c-ce84-5c5c-d5a21d1d95b9" testName="special_handling_do_verb" computerName="ARPAN-LAP" duration="00:00:00.0279267" startTime="2014-07-26T16:06:09.6643516+05:30" endTime="2014-07-26T16:06:09.6923532+05:30" testType="13cdc9d9-ddb5-4fa4-a97d-d965ccfc6d4b" outcome="Passed" testListId="8c84fa94-04c1-424b-9868-57a2d4851a1d" relativeResultsDirectory="effba31e-ef18-4d79-8e83-b10a0d140b6e" dataRowInfo="12" resultType="DataDrivenDataRow" />
      </InnerResults>
    </UnitTestResult>
    <UnitTestResult executionId="653e93c9-3515-47d7-bfa7-3f6d43ed150c" testId="642ce34f-0ed4-f995-637b-09297c832f2a" testName="RandomWord" computerName="ARPAN-LAP" duration="00:00:00.1334094" startTime="2014-07-26T16:06:09.7323555+05:30" endTime="2014-07-26T16:06:09.8843642+05:30" testType="13cdc9d9-ddb5-4fa4-a97d-d965ccfc6d4b" outcome="Failed" testListId="8c84fa94-04c1-424b-9868-57a2d4851a1d" relativeResultsDirectory="653e93c9-3515-47d7-bfa7-3f6d43ed150c" resultType="DataDrivenTest">
      <Counters error="0" failed="1" timeout="0" aborted="0" inconclusive="0" passedButRunAborted="0" notRunnable="0" notExecuted="0" disconnected="0" warning="0" passed="0" completed="0" inProgress="0" pending="0" />
      <InnerResults>
        <UnitTestResult executionId="9c6ac072-e173-4c93-bda5-9a5ac40be1ef" parentExecutionId="653e93c9-3515-47d7-bfa7-3f6d43ed150c" testId="642ce34f-0ed4-f995-637b-09297c832f2a" testName="RandomWord" computerName="ARPAN-LAP" duration="00:00:00.1318373" startTime="2014-07-26T16:06:09.7453563+05:30" endTime="2014-07-26T16:06:09.8773638+05:30" testType="13cdc9d9-ddb5-4fa4-a97d-d965ccfc6d4b" outcome="Failed" testListId="8c84fa94-04c1-424b-9868-57a2d4851a1d" relativeResultsDirectory="653e93c9-3515-47d7-bfa7-3f6d43ed150c" dataRowInfo="0" resultType="DataDrivenDataRow">
          <Output>
            <ErrorInfo>
              <Message>Assert.AreEqual failed. Expected:&lt;পূর্ব সলোমন এর নৌ যুদ্ধ ২৪–২৫ অগষ্ট ১৯৪২ য়ে স্থান গ্রহণ করেছিল , এবং দ্বিতীয় বিশ্ব যুদ্ধ এর প্রশান্ত মহাসাগর সংগঠিত প্রচারকার্য এর তৃতীয় যুদ্ধ বাহক ।&gt;. Actual:&lt;পূর্ব সলোমন এর নৌ যুদ্ধ ২৪–২৫ অগষ্ট ১৯৪২ য়ে স্থান গ্রহণ করেছিল , এবং দ্বিতীয় বিশ্ব যুদ্ধ এর pacific:NP সংগঠিত প্রচারকার্য এর তৃতীয় যুদ্ধ বাহক ।&gt;. The naval Battle of the Eastern Solomons took place on 24–25 August 1942, and was the third carrier battle of the Pacific campaign of second World War.</Message>
              <StackTrace>   at UnitTest.BnlpTest.RandomWord() in D:\software\Project\BNLP\UnitTest\BnlpTest.cs:line 526
</StackTrace>
            </ErrorInfo>
          </Output>
        </UnitTestResult>
      </InnerResults>
    </UnitTestResult>
    <UnitTestResult executionId="b83b7a1a-c8d2-434d-b842-700bccb6fbb7" testId="783915fe-114a-e353-78dd-56e92a60f942" testName="all_persons_modal_should" computerName="ARPAN-LAP" duration="00:00:00.4557493" startTime="2014-07-26T16:06:09.8853643+05:30" endTime="2014-07-26T16:06:10.4013938+05:30" testType="13cdc9d9-ddb5-4fa4-a97d-d965ccfc6d4b" outcome="Passed" testListId="8c84fa94-04c1-424b-9868-57a2d4851a1d" relativeResultsDirectory="b83b7a1a-c8d2-434d-b842-700bccb6fbb7" resultType="DataDrivenTest">
      <Counters error="0" failed="0" timeout="0" aborted="0" inconclusive="0" passedButRunAborted="0" notRunnable="0" notExecuted="0" disconnected="0" warning="0" passed="17" completed="0" inProgress="0" pending="0" />
      <InnerResults>
        <UnitTestResult executionId="ba8c9824-c7fd-4ec3-86af-f9ce6bac4af7" parentExecutionId="b83b7a1a-c8d2-434d-b842-700bccb6fbb7" testId="783915fe-114a-e353-78dd-56e92a60f942" testName="all_persons_modal_should" computerName="ARPAN-LAP" duration="00:00:00.0229475" startTime="2014-07-26T16:06:09.8993651+05:30" endTime="2014-07-26T16:06:09.9223664+05:30" testType="13cdc9d9-ddb5-4fa4-a97d-d965ccfc6d4b" outcome="Passed" testListId="8c84fa94-04c1-424b-9868-57a2d4851a1d" relativeResultsDirectory="b83b7a1a-c8d2-434d-b842-700bccb6fbb7" dataRowInfo="0" resultType="DataDrivenDataRow" />
        <UnitTestResult executionId="60d4ccb7-ed07-4084-822b-d0aa58839490" parentExecutionId="b83b7a1a-c8d2-434d-b842-700bccb6fbb7" testId="783915fe-114a-e353-78dd-56e92a60f942" testName="all_persons_modal_should" computerName="ARPAN-LAP" duration="00:00:00.0274766" startTime="2014-07-26T16:06:09.9223664+05:30" endTime="2014-07-26T16:06:09.9493679+05:30" testType="13cdc9d9-ddb5-4fa4-a97d-d965ccfc6d4b" outcome="Passed" testListId="8c84fa94-04c1-424b-9868-57a2d4851a1d" relativeResultsDirectory="b83b7a1a-c8d2-434d-b842-700bccb6fbb7" dataRowInfo="1" resultType="DataDrivenDataRow" />
        <UnitTestResult executionId="53377bbe-fd35-4e3e-a3dd-2c593ebf5dec" parentExecutionId="b83b7a1a-c8d2-434d-b842-700bccb6fbb7" testId="783915fe-114a-e353-78dd-56e92a60f942" testName="all_persons_modal_should" computerName="ARPAN-LAP" duration="00:00:00.0272651" startTime="2014-07-26T16:06:09.9493679+05:30" endTime="2014-07-26T16:06:09.9773695+05:30" testType="13cdc9d9-ddb5-4fa4-a97d-d965ccfc6d4b" outcome="Passed" testListId="8c84fa94-04c1-424b-9868-57a2d4851a1d" relativeResultsDirectory="b83b7a1a-c8d2-434d-b842-700bccb6fbb7" dataRowInfo="2" resultType="DataDrivenDataRow" />
        <UnitTestResult executionId="8ea53c2a-ff58-4c8f-9e4d-020c89ca0fc7" parentExecutionId="b83b7a1a-c8d2-434d-b842-700bccb6fbb7" testId="783915fe-114a-e353-78dd-56e92a60f942" testName="all_persons_modal_should" computerName="ARPAN-LAP" duration="00:00:00.0428381" startTime="2014-07-26T16:06:09.9773695+05:30" endTime="2014-07-26T16:06:10.0203720+05:30" testType="13cdc9d9-ddb5-4fa4-a97d-d965ccfc6d4b" outcome="Passed" testListId="8c84fa94-04c1-424b-9868-57a2d4851a1d" relativeResultsDirectory="b83b7a1a-c8d2-434d-b842-700bccb6fbb7" dataRowInfo="3" resultType="DataDrivenDataRow" />
        <UnitTestResult executionId="f0d6fbbd-c1d9-43a9-b6e7-865c9ad9277b" parentExecutionId="b83b7a1a-c8d2-434d-b842-700bccb6fbb7" testId="783915fe-114a-e353-78dd-56e92a60f942" testName="all_persons_modal_should" computerName="ARPAN-LAP" duration="00:00:00.0304674" startTime="2014-07-26T16:06:10.0203720+05:30" endTime="2014-07-26T16:06:10.0503737+05:30" testType="13cdc9d9-ddb5-4fa4-a97d-d965ccfc6d4b" outcome="Passed" testListId="8c84fa94-04c1-424b-9868-57a2d4851a1d" relativeResultsDirectory="b83b7a1a-c8d2-434d-b842-700bccb6fbb7" dataRowInfo="4" resultType="DataDrivenDataRow" />
        <UnitTestResult executionId="2575e424-6c68-4cfe-816e-bd675361315f" parentExecutionId="b83b7a1a-c8d2-434d-b842-700bccb6fbb7" testId="783915fe-114a-e353-78dd-56e92a60f942" testName="all_persons_modal_should" computerName="ARPAN-LAP" duration="00:00:00.0285965" startTime="2014-07-26T16:06:10.0503737+05:30" endTime="2014-07-26T16:06:10.0793754+05:30" testType="13cdc9d9-ddb5-4fa4-a97d-d965ccfc6d4b" outcome="Passed" testListId="8c84fa94-04c1-424b-9868-57a2d4851a1d" relativeResultsDirectory="b83b7a1a-c8d2-434d-b842-700bccb6fbb7" dataRowInfo="5" resultType="DataDrivenDataRow" />
        <UnitTestResult executionId="bc024726-6a7a-4b76-be19-a00cc9bcaca5" parentExecutionId="b83b7a1a-c8d2-434d-b842-700bccb6fbb7" testId="783915fe-114a-e353-78dd-56e92a60f942" testName="all_persons_modal_should" computerName="ARPAN-LAP" duration="00:00:00.0235691" startTime="2014-07-26T16:06:10.0793754+05:30" endTime="2014-07-26T16:06:10.1033768+05:30" testType="13cdc9d9-ddb5-4fa4-a97d-d965ccfc6d4b" outcome="Passed" testListId="8c84fa94-04c1-424b-9868-57a2d4851a1d" relativeResultsDirectory="b83b7a1a-c8d2-434d-b842-700bccb6fbb7" dataRowInfo="6" resultType="DataDrivenDataRow" />
        <UnitTestResult executionId="6a994131-4102-4ebc-8613-74a90f0c4d4a" parentExecutionId="b83b7a1a-c8d2-434d-b842-700bccb6fbb7" testId="783915fe-114a-e353-78dd-56e92a60f942" testName="all_persons_modal_should" computerName="ARPAN-LAP" duration="00:00:00.0291621" startTime="2014-07-26T16:06:10.1033768+05:30" endTime="2014-07-26T16:06:10.1323784+05:30" testType="13cdc9d9-ddb5-4fa4-a97d-d965ccfc6d4b" outcome="Passed" testListId="8c84fa94-04c1-424b-9868-57a2d4851a1d" relativeResultsDirectory="b83b7a1a-c8d2-434d-b842-700bccb6fbb7" dataRowInfo="7" resultType="DataDrivenDataRow" />
        <UnitTestResult executionId="7cf1e04e-ffe1-4bcb-b9f9-0a7bc8b395e7" parentExecutionId="b83b7a1a-c8d2-434d-b842-700bccb6fbb7" testId="783915fe-114a-e353-78dd-56e92a60f942" testName="all_persons_modal_should" computerName="ARPAN-LAP" duration="00:00:00.0186879" startTime="2014-07-26T16:06:10.1323784+05:30" endTime="2014-07-26T16:06:10.1503794+05:30" testType="13cdc9d9-ddb5-4fa4-a97d-d965ccfc6d4b" outcome="Passed" testListId="8c84fa94-04c1-424b-9868-57a2d4851a1d" relativeResultsDirectory="b83b7a1a-c8d2-434d-b842-700bccb6fbb7" dataRowInfo="8" resultType="DataDrivenDataRow" />
        <UnitTestResult executionId="384059bf-818f-4960-8b1f-d50ede52e2c7" parentExecutionId="b83b7a1a-c8d2-434d-b842-700bccb6fbb7" testId="783915fe-114a-e353-78dd-56e92a60f942" testName="all_persons_modal_should" computerName="ARPAN-LAP" duration="00:00:00.0220498" startTime="2014-07-26T16:06:10.1503794+05:30" endTime="2014-07-26T16:06:10.1733808+05:30" testType="13cdc9d9-ddb5-4fa4-a97d-d965ccfc6d4b" outcome="Passed" testListId="8c84fa94-04c1-424b-9868-57a2d4851a1d" relativeResultsDirectory="b83b7a1a-c8d2-434d-b842-700bccb6fbb7" dataRowInfo="9" resultType="DataDrivenDataRow" />
        <UnitTestResult executionId="d56e0933-4090-4af8-b134-56a58671c0ba" parentExecutionId="b83b7a1a-c8d2-434d-b842-700bccb6fbb7" testId="783915fe-114a-e353-78dd-56e92a60f942" testName="all_persons_modal_should" computerName="ARPAN-LAP" duration="00:00:00.0240834" startTime="2014-07-26T16:06:10.1733808+05:30" endTime="2014-07-26T16:06:10.1973821+05:30" testType="13cdc9d9-ddb5-4fa4-a97d-d965ccfc6d4b" outcome="Passed" testListId="8c84fa94-04c1-424b-9868-57a2d4851a1d" relativeResultsDirectory="b83b7a1a-c8d2-434d-b842-700bccb6fbb7" dataRowInfo="10" resultType="DataDrivenDataRow" />
        <UnitTestResult executionId="7b517c0d-abb7-4a67-940f-15c8b6a2eff5" parentExecutionId="b83b7a1a-c8d2-434d-b842-700bccb6fbb7" testId="783915fe-114a-e353-78dd-56e92a60f942" testName="all_persons_modal_should" computerName="ARPAN-LAP" duration="00:00:00.0290184" startTime="2014-07-26T16:06:10.1973821+05:30" endTime="2014-07-26T16:06:10.2263838+05:30" testType="13cdc9d9-ddb5-4fa4-a97d-d965ccfc6d4b" outcome="Passed" testListId="8c84fa94-04c1-424b-9868-57a2d4851a1d" relativeResultsDirectory="b83b7a1a-c8d2-434d-b842-700bccb6fbb7" dataRowInfo="11" resultType="DataDrivenDataRow" />
        <UnitTestResult executionId="087cb4ff-f614-47f9-8d3e-a505fd1080e2" parentExecutionId="b83b7a1a-c8d2-434d-b842-700bccb6fbb7" testId="783915fe-114a-e353-78dd-56e92a60f942" testName="all_persons_modal_should" computerName="ARPAN-LAP" duration="00:00:00.0236445" startTime="2014-07-26T16:06:10.2263838+05:30" endTime="2014-07-26T16:06:10.2493851+05:30" testType="13cdc9d9-ddb5-4fa4-a97d-d965ccfc6d4b" outcome="Passed" testListId="8c84fa94-04c1-424b-9868-57a2d4851a1d" relativeResultsDirectory="b83b7a1a-c8d2-434d-b842-700bccb6fbb7" dataRowInfo="12" resultType="DataDrivenDataRow" />
        <UnitTestResult executionId="4c23fc5b-ecb3-4075-9a93-f28b1984e5f3" parentExecutionId="b83b7a1a-c8d2-434d-b842-700bccb6fbb7" testId="783915fe-114a-e353-78dd-56e92a60f942" testName="all_persons_modal_should" computerName="ARPAN-LAP" duration="00:00:00.0263536" startTime="2014-07-26T16:06:10.2503852+05:30" endTime="2014-07-26T16:06:10.2763867+05:30" testType="13cdc9d9-ddb5-4fa4-a97d-d965ccfc6d4b" outcome="Passed" testListId="8c84fa94-04c1-424b-9868-57a2d4851a1d" relativeResultsDirectory="b83b7a1a-c8d2-434d-b842-700bccb6fbb7" dataRowInfo="13" resultType="DataDrivenDataRow" />
        <UnitTestResult executionId="18f8216d-be62-487f-b2fa-bcf024968735" parentExecutionId="b83b7a1a-c8d2-434d-b842-700bccb6fbb7" testId="783915fe-114a-e353-78dd-56e92a60f942" testName="all_persons_modal_should" computerName="ARPAN-LAP" duration="00:00:00.0268381" startTime="2014-07-26T16:06:10.2763867+05:30" endTime="2014-07-26T16:06:10.3033882+05:30" testType="13cdc9d9-ddb5-4fa4-a97d-d965ccfc6d4b" outcome="Passed" testListId="8c84fa94-04c1-424b-9868-57a2d4851a1d" relativeResultsDirectory="b83b7a1a-c8d2-434d-b842-700bccb6fbb7" dataRowInfo="14" resultType="DataDrivenDataRow" />
        <UnitTestResult executionId="3196c941-c521-4c47-99f1-a1da6cf6946c" parentExecutionId="b83b7a1a-c8d2-434d-b842-700bccb6fbb7" testId="783915fe-114a-e353-78dd-56e92a60f942" testName="all_persons_modal_should" computerName="ARPAN-LAP" duration="00:00:00.0218882" startTime="2014-07-26T16:06:10.3033882+05:30" endTime="2014-07-26T16:06:10.3253895+05:30" testType="13cdc9d9-ddb5-4fa4-a97d-d965ccfc6d4b" outcome="Passed" testListId="8c84fa94-04c1-424b-9868-57a2d4851a1d" relativeResultsDirectory="b83b7a1a-c8d2-434d-b842-700bccb6fbb7" dataRowInfo="15" resultType="DataDrivenDataRow" />
        <UnitTestResult executionId="062428b3-b573-4041-9cb0-2fa677455288" parentExecutionId="b83b7a1a-c8d2-434d-b842-700bccb6fbb7" testId="783915fe-114a-e353-78dd-56e92a60f942" testName="all_persons_modal_should" computerName="ARPAN-LAP" duration="00:00:00.0278836" startTime="2014-07-26T16:06:10.3253895+05:30" endTime="2014-07-26T16:06:10.3533911+05:30" testType="13cdc9d9-ddb5-4fa4-a97d-d965ccfc6d4b" outcome="Passed" testListId="8c84fa94-04c1-424b-9868-57a2d4851a1d" relativeResultsDirectory="b83b7a1a-c8d2-434d-b842-700bccb6fbb7" dataRowInfo="16" resultType="DataDrivenDataRow" />
      </InnerResults>
    </UnitTestResult>
    <UnitTestResult executionId="3a7f26b7-fcf6-4196-b1f8-219f62f646cf" testId="7f7910d1-dc89-39b4-b4cf-d9e6d7af9420" testName="interrogative_sentences_what" computerName="ARPAN-LAP" duration="00:00:00.2155996" startTime="2014-07-26T16:06:10.4023939+05:30" endTime="2014-07-26T16:06:10.6564084+05:30" testType="13cdc9d9-ddb5-4fa4-a97d-d965ccfc6d4b" outcome="Passed" testListId="8c84fa94-04c1-424b-9868-57a2d4851a1d" relativeResultsDirectory="3a7f26b7-fcf6-4196-b1f8-219f62f646cf" resultType="DataDrivenTest">
      <Counters error="0" failed="0" timeout="0" aborted="0" inconclusive="0" passedButRunAborted="0" notRunnable="0" notExecuted="0" disconnected="0" warning="0" passed="9" completed="0" inProgress="0" pending="0" />
      <InnerResults>
        <UnitTestResult executionId="589d20c0-61bd-4d00-ab06-5cda6ede3d73" parentExecutionId="3a7f26b7-fcf6-4196-b1f8-219f62f646cf" testId="7f7910d1-dc89-39b4-b4cf-d9e6d7af9420" testName="interrogative_sentences_what" computerName="ARPAN-LAP" duration="00:00:00.0234747" startTime="2014-07-26T16:06:10.4153946+05:30" endTime="2014-07-26T16:06:10.4383959+05:30" testType="13cdc9d9-ddb5-4fa4-a97d-d965ccfc6d4b" outcome="Passed" testListId="8c84fa94-04c1-424b-9868-57a2d4851a1d" relativeResultsDirectory="3a7f26b7-fcf6-4196-b1f8-219f62f646cf" dataRowInfo="0" resultType="DataDrivenDataRow" />
        <UnitTestResult executionId="fca34f81-7c95-41b2-a9e0-05d0a682323d" parentExecutionId="3a7f26b7-fcf6-4196-b1f8-219f62f646cf" testId="7f7910d1-dc89-39b4-b4cf-d9e6d7af9420" testName="interrogative_sentences_what" computerName="ARPAN-LAP" duration="00:00:00.0222413" startTime="2014-07-26T16:06:10.4383959+05:30" endTime="2014-07-26T16:06:10.4603972+05:30" testType="13cdc9d9-ddb5-4fa4-a97d-d965ccfc6d4b" outcome="Passed" testListId="8c84fa94-04c1-424b-9868-57a2d4851a1d" relativeResultsDirectory="3a7f26b7-fcf6-4196-b1f8-219f62f646cf" dataRowInfo="1" resultType="DataDrivenDataRow" />
        <UnitTestResult executionId="174fccd4-eda5-4b73-9c35-7eb0ee1fbfdb" parentExecutionId="3a7f26b7-fcf6-4196-b1f8-219f62f646cf" testId="7f7910d1-dc89-39b4-b4cf-d9e6d7af9420" testName="interrogative_sentences_what" computerName="ARPAN-LAP" duration="00:00:00.0254933" startTime="2014-07-26T16:06:10.4613972+05:30" endTime="2014-07-26T16:06:10.4863987+05:30" testType="13cdc9d9-ddb5-4fa4-a97d-d965ccfc6d4b" outcome="Passed" testListId="8c84fa94-04c1-424b-9868-57a2d4851a1d" relativeResultsDirectory="3a7f26b7-fcf6-4196-b1f8-219f62f646cf" dataRowInfo="2" resultType="DataDrivenDataRow" />
        <UnitTestResult executionId="ba3c480e-22b8-48b0-ac22-bf3dee37a6b4" parentExecutionId="3a7f26b7-fcf6-4196-b1f8-219f62f646cf" testId="7f7910d1-dc89-39b4-b4cf-d9e6d7af9420" testName="interrogative_sentences_what" computerName="ARPAN-LAP" duration="00:00:00.0211999" startTime="2014-07-26T16:06:10.4863987+05:30" endTime="2014-07-26T16:06:10.5073999+05:30" testType="13cdc9d9-ddb5-4fa4-a97d-d965ccfc6d4b" outcome="Passed" testListId="8c84fa94-04c1-424b-9868-57a2d4851a1d" relativeResultsDirectory="3a7f26b7-fcf6-4196-b1f8-219f62f646cf" dataRowInfo="3" resultType="DataDrivenDataRow" />
        <UnitTestResult executionId="c338faea-26ea-46c2-bf5c-fd4bac87aae2" parentExecutionId="3a7f26b7-fcf6-4196-b1f8-219f62f646cf" testId="7f7910d1-dc89-39b4-b4cf-d9e6d7af9420" testName="interrogative_sentences_what" computerName="ARPAN-LAP" duration="00:00:00.0209745" startTime="2014-07-26T16:06:10.5073999+05:30" endTime="2014-07-26T16:06:10.5284011+05:30" testType="13cdc9d9-ddb5-4fa4-a97d-d965ccfc6d4b" outcome="Passed" testListId="8c84fa94-04c1-424b-9868-57a2d4851a1d" relativeResultsDirectory="3a7f26b7-fcf6-4196-b1f8-219f62f646cf" dataRowInfo="4" resultType="DataDrivenDataRow" />
        <UnitTestResult executionId="86818100-e4e8-4858-a8fd-212da058a21c" parentExecutionId="3a7f26b7-fcf6-4196-b1f8-219f62f646cf" testId="7f7910d1-dc89-39b4-b4cf-d9e6d7af9420" testName="interrogative_sentences_what" computerName="ARPAN-LAP" duration="00:00:00.0272348" startTime="2014-07-26T16:06:10.5284011+05:30" endTime="2014-07-26T16:06:10.5564027+05:30" testType="13cdc9d9-ddb5-4fa4-a97d-d965ccfc6d4b" outcome="Passed" testListId="8c84fa94-04c1-424b-9868-57a2d4851a1d" relativeResultsDirectory="3a7f26b7-fcf6-4196-b1f8-219f62f646cf" dataRowInfo="5" resultType="DataDrivenDataRow" />
        <UnitTestResult executionId="9295976f-0e82-4663-b2e0-e87aab89e506" parentExecutionId="3a7f26b7-fcf6-4196-b1f8-219f62f646cf" testId="7f7910d1-dc89-39b4-b4cf-d9e6d7af9420" testName="interrogative_sentences_what" computerName="ARPAN-LAP" duration="00:00:00.0231564" startTime="2014-07-26T16:06:10.5564027+05:30" endTime="2014-07-26T16:06:10.5794040+05:30" testType="13cdc9d9-ddb5-4fa4-a97d-d965ccfc6d4b" outcome="Passed" testListId="8c84fa94-04c1-424b-9868-57a2d4851a1d" relativeResultsDirectory="3a7f26b7-fcf6-4196-b1f8-219f62f646cf" dataRowInfo="6" resultType="DataDrivenDataRow" />
        <UnitTestResult executionId="4a02b531-dd0e-426d-9ca8-9387a66bc89c" parentExecutionId="3a7f26b7-fcf6-4196-b1f8-219f62f646cf" testId="7f7910d1-dc89-39b4-b4cf-d9e6d7af9420" testName="interrogative_sentences_what" computerName="ARPAN-LAP" duration="00:00:00.0216813" startTime="2014-07-26T16:06:10.5794040+05:30" endTime="2014-07-26T16:06:10.6014052+05:30" testType="13cdc9d9-ddb5-4fa4-a97d-d965ccfc6d4b" outcome="Passed" testListId="8c84fa94-04c1-424b-9868-57a2d4851a1d" relativeResultsDirectory="3a7f26b7-fcf6-4196-b1f8-219f62f646cf" dataRowInfo="7" resultType="DataDrivenDataRow" />
        <UnitTestResult executionId="df18a833-8b7e-4fa9-89c5-594d4cbad86a" parentExecutionId="3a7f26b7-fcf6-4196-b1f8-219f62f646cf" testId="7f7910d1-dc89-39b4-b4cf-d9e6d7af9420" testName="interrogative_sentences_what" computerName="ARPAN-LAP" duration="00:00:00.0276419" startTime="2014-07-26T16:06:10.6014052+05:30" endTime="2014-07-26T16:06:10.6284068+05:30" testType="13cdc9d9-ddb5-4fa4-a97d-d965ccfc6d4b" outcome="Passed" testListId="8c84fa94-04c1-424b-9868-57a2d4851a1d" relativeResultsDirectory="3a7f26b7-fcf6-4196-b1f8-219f62f646cf" dataRowInfo="8" resultType="DataDrivenDataRow" />
      </InnerResults>
    </UnitTestResult>
    <UnitTestResult executionId="2d78f51b-b10c-486e-8d90-681a825b598c" testId="83c68223-dcaa-51dd-423f-434210a59f77" testName="second_person_tenses_active_negation" computerName="ARPAN-LAP" duration="00:00:00.2483726" startTime="2014-07-26T16:06:10.6574084+05:30" endTime="2014-07-26T16:06:10.9484251+05:30" testType="13cdc9d9-ddb5-4fa4-a97d-d965ccfc6d4b" outcome="Passed" testListId="8c84fa94-04c1-424b-9868-57a2d4851a1d" relativeResultsDirectory="2d78f51b-b10c-486e-8d90-681a825b598c" resultType="DataDrivenTest">
      <Counters error="0" failed="0" timeout="0" aborted="0" inconclusive="0" passedButRunAborted="0" notRunnable="0" notExecuted="0" disconnected="0" warning="0" passed="10" completed="0" inProgress="0" pending="0" />
      <InnerResults>
        <UnitTestResult executionId="ac227205-0236-4a44-bf49-14402c893353" parentExecutionId="2d78f51b-b10c-486e-8d90-681a825b598c" testId="83c68223-dcaa-51dd-423f-434210a59f77" testName="second_person_tenses_active_negation" computerName="ARPAN-LAP" duration="00:00:00.0299880" startTime="2014-07-26T16:06:10.6714092+05:30" endTime="2014-07-26T16:06:10.7014110+05:30" testType="13cdc9d9-ddb5-4fa4-a97d-d965ccfc6d4b" outcome="Passed" testListId="8c84fa94-04c1-424b-9868-57a2d4851a1d" relativeResultsDirectory="2d78f51b-b10c-486e-8d90-681a825b598c" dataRowInfo="0" resultType="DataDrivenDataRow" />
        <UnitTestResult executionId="c1355f94-e7ef-47a3-8746-e6ced3f3e0d0" parentExecutionId="2d78f51b-b10c-486e-8d90-681a825b598c" testId="83c68223-dcaa-51dd-423f-434210a59f77" testName="second_person_tenses_active_negation" computerName="ARPAN-LAP" duration="00:00:00.0290713" startTime="2014-07-26T16:06:10.7014110+05:30" endTime="2014-07-26T16:06:10.7304126+05:30" testType="13cdc9d9-ddb5-4fa4-a97d-d965ccfc6d4b" outcome="Passed" testListId="8c84fa94-04c1-424b-9868-57a2d4851a1d" relativeResultsDirectory="2d78f51b-b10c-486e-8d90-681a825b598c" dataRowInfo="1" resultType="DataDrivenDataRow" />
        <UnitTestResult executionId="f5c38a8a-1001-4243-b7f1-1345d7d4fa15" parentExecutionId="2d78f51b-b10c-486e-8d90-681a825b598c" testId="83c68223-dcaa-51dd-423f-434210a59f77" testName="second_person_tenses_active_negation" computerName="ARPAN-LAP" duration="00:00:00.0284143" startTime="2014-07-26T16:06:10.7304126+05:30" endTime="2014-07-26T16:06:10.7584142+05:30" testType="13cdc9d9-ddb5-4fa4-a97d-d965ccfc6d4b" outcome="Passed" testListId="8c84fa94-04c1-424b-9868-57a2d4851a1d" relativeResultsDirectory="2d78f51b-b10c-486e-8d90-681a825b598c" dataRowInfo="2" resultType="DataDrivenDataRow" />
        <UnitTestResult executionId="88b553c0-0776-4898-a06b-0d4a3170f4ad" parentExecutionId="2d78f51b-b10c-486e-8d90-681a825b598c" testId="83c68223-dcaa-51dd-423f-434210a59f77" testName="second_person_tenses_active_negation" computerName="ARPAN-LAP" duration="00:00:00.0277014" startTime="2014-07-26T16:06:10.7584142+05:30" endTime="2014-07-26T16:06:10.7864158+05:30" testType="13cdc9d9-ddb5-4fa4-a97d-d965ccfc6d4b" outcome="Passed" testListId="8c84fa94-04c1-424b-9868-57a2d4851a1d" relativeResultsDirectory="2d78f51b-b10c-486e-8d90-681a825b598c" dataRowInfo="3" resultType="DataDrivenDataRow" />
        <UnitTestResult executionId="749b1336-14c0-4625-af69-b4b816de9167" parentExecutionId="2d78f51b-b10c-486e-8d90-681a825b598c" testId="83c68223-dcaa-51dd-423f-434210a59f77" testName="second_person_tenses_active_negation" computerName="ARPAN-LAP" duration="00:00:00.0206250" startTime="2014-07-26T16:06:10.7864158+05:30" endTime="2014-07-26T16:06:10.8074170+05:30" testType="13cdc9d9-ddb5-4fa4-a97d-d965ccfc6d4b" outcome="Passed" testListId="8c84fa94-04c1-424b-9868-57a2d4851a1d" relativeResultsDirectory="2d78f51b-b10c-486e-8d90-681a825b598c" dataRowInfo="4" resultType="DataDrivenDataRow" />
        <UnitTestResult executionId="fa7bacdf-6ac0-4520-9851-da1d1ed6ac2e" parentExecutionId="2d78f51b-b10c-486e-8d90-681a825b598c" testId="83c68223-dcaa-51dd-423f-434210a59f77" testName="second_person_tenses_active_negation" computerName="ARPAN-LAP" duration="00:00:00.0196211" startTime="2014-07-26T16:06:10.8074170+05:30" endTime="2014-07-26T16:06:10.8264181+05:30" testType="13cdc9d9-ddb5-4fa4-a97d-d965ccfc6d4b" outcome="Passed" testListId="8c84fa94-04c1-424b-9868-57a2d4851a1d" relativeResultsDirectory="2d78f51b-b10c-486e-8d90-681a825b598c" dataRowInfo="5" resultType="DataDrivenDataRow" />
        <UnitTestResult executionId="3be658bd-3a50-4054-8ae5-9fd6afcfee8c" parentExecutionId="2d78f51b-b10c-486e-8d90-681a825b598c" testId="83c68223-dcaa-51dd-423f-434210a59f77" testName="second_person_tenses_active_negation" computerName="ARPAN-LAP" duration="00:00:00.0203761" startTime="2014-07-26T16:06:10.8264181+05:30" endTime="2014-07-26T16:06:10.8474193+05:30" testType="13cdc9d9-ddb5-4fa4-a97d-d965ccfc6d4b" outcome="Passed" testListId="8c84fa94-04c1-424b-9868-57a2d4851a1d" relativeResultsDirectory="2d78f51b-b10c-486e-8d90-681a825b598c" dataRowInfo="6" resultType="DataDrivenDataRow" />
        <UnitTestResult executionId="358c940f-59d8-4153-9518-6ed01dc0ed02" parentExecutionId="2d78f51b-b10c-486e-8d90-681a825b598c" testId="83c68223-dcaa-51dd-423f-434210a59f77" testName="second_person_tenses_active_negation" computerName="ARPAN-LAP" duration="00:00:00.0254949" startTime="2014-07-26T16:06:10.8474193+05:30" endTime="2014-07-26T16:06:10.8724207+05:30" testType="13cdc9d9-ddb5-4fa4-a97d-d965ccfc6d4b" outcome="Passed" testListId="8c84fa94-04c1-424b-9868-57a2d4851a1d" relativeResultsDirectory="2d78f51b-b10c-486e-8d90-681a825b598c" dataRowInfo="7" resultType="DataDrivenDataRow" />
        <UnitTestResult executionId="a534bc5f-f334-409e-b5dc-24418de01cda" parentExecutionId="2d78f51b-b10c-486e-8d90-681a825b598c" testId="83c68223-dcaa-51dd-423f-434210a59f77" testName="second_person_tenses_active_negation" computerName="ARPAN-LAP" duration="00:00:00.0192561" startTime="2014-07-26T16:06:10.8724207+05:30" endTime="2014-07-26T16:06:10.8924219+05:30" testType="13cdc9d9-ddb5-4fa4-a97d-d965ccfc6d4b" outcome="Passed" testListId="8c84fa94-04c1-424b-9868-57a2d4851a1d" relativeResultsDirectory="2d78f51b-b10c-486e-8d90-681a825b598c" dataRowInfo="8" resultType="DataDrivenDataRow" />
        <UnitTestResult executionId="2863ece8-12cc-4f09-b218-d2ee372715d9" parentExecutionId="2d78f51b-b10c-486e-8d90-681a825b598c" testId="83c68223-dcaa-51dd-423f-434210a59f77" testName="second_person_tenses_active_negation" computerName="ARPAN-LAP" duration="00:00:00.0250694" startTime="2014-07-26T16:06:10.8924219+05:30" endTime="2014-07-26T16:06:10.9174233+05:30" testType="13cdc9d9-ddb5-4fa4-a97d-d965ccfc6d4b" outcome="Passed" testListId="8c84fa94-04c1-424b-9868-57a2d4851a1d" relativeResultsDirectory="2d78f51b-b10c-486e-8d90-681a825b598c" dataRowInfo="9" resultType="DataDrivenDataRow" />
      </InnerResults>
    </UnitTestResult>
    <UnitTestResult executionId="f3feeb64-1821-40bc-a725-4c71706bbcb6" testId="8fe5ccb3-a3f4-0f61-ad21-e94ef029e900" testName="all_persons_modal_can_may" computerName="ARPAN-LAP" duration="00:00:00.6996237" startTime="2014-07-26T16:06:10.9504252+05:30" endTime="2014-07-26T16:06:11.7574714+05:30" testType="13cdc9d9-ddb5-4fa4-a97d-d965ccfc6d4b" outcome="Passed" testListId="8c84fa94-04c1-424b-9868-57a2d4851a1d" relativeResultsDirectory="f3feeb64-1821-40bc-a725-4c71706bbcb6" resultType="DataDrivenTest">
      <Counters error="0" failed="0" timeout="0" aborted="0" inconclusive="0" passedButRunAborted="0" notRunnable="0" notExecuted="0" disconnected="0" warning="0" passed="29" completed="0" inProgress="0" pending="0" />
      <InnerResults>
        <UnitTestResult executionId="28c532d7-fa0e-462f-ae63-5a43e7761b1f" parentExecutionId="f3feeb64-1821-40bc-a725-4c71706bbcb6" testId="8fe5ccb3-a3f4-0f61-ad21-e94ef029e900" testName="all_persons_modal_can_may" computerName="ARPAN-LAP" duration="00:00:00.0299048" startTime="2014-07-26T16:06:10.9624259+05:30" endTime="2014-07-26T16:06:10.9924276+05:30" testType="13cdc9d9-ddb5-4fa4-a97d-d965ccfc6d4b" outcome="Passed" testListId="8c84fa94-04c1-424b-9868-57a2d4851a1d" relativeResultsDirectory="f3feeb64-1821-40bc-a725-4c71706bbcb6" dataRowInfo="0" resultType="DataDrivenDataRow" />
        <UnitTestResult executionId="8eb050a7-f8e7-4522-9523-b166f362ed81" parentExecutionId="f3feeb64-1821-40bc-a725-4c71706bbcb6" testId="8fe5ccb3-a3f4-0f61-ad21-e94ef029e900" testName="all_persons_modal_can_may" computerName="ARPAN-LAP" duration="00:00:00.0230143" startTime="2014-07-26T16:06:10.9924276+05:30" endTime="2014-07-26T16:06:11.0154289+05:30" testType="13cdc9d9-ddb5-4fa4-a97d-d965ccfc6d4b" outcome="Passed" testListId="8c84fa94-04c1-424b-9868-57a2d4851a1d" relativeResultsDirectory="f3feeb64-1821-40bc-a725-4c71706bbcb6" dataRowInfo="1" resultType="DataDrivenDataRow" />
        <UnitTestResult executionId="8cfd1bb9-0c22-4ee7-a9da-e403947679d0" parentExecutionId="f3feeb64-1821-40bc-a725-4c71706bbcb6" testId="8fe5ccb3-a3f4-0f61-ad21-e94ef029e900" testName="all_persons_modal_can_may" computerName="ARPAN-LAP" duration="00:00:00.0257371" startTime="2014-07-26T16:06:11.0154289+05:30" endTime="2014-07-26T16:06:11.0414304+05:30" testType="13cdc9d9-ddb5-4fa4-a97d-d965ccfc6d4b" outcome="Passed" testListId="8c84fa94-04c1-424b-9868-57a2d4851a1d" relativeResultsDirectory="f3feeb64-1821-40bc-a725-4c71706bbcb6" dataRowInfo="2" resultType="DataDrivenDataRow" />
        <UnitTestResult executionId="cf8aea55-7b76-406f-88ff-524555fa9af3" parentExecutionId="f3feeb64-1821-40bc-a725-4c71706bbcb6" testId="8fe5ccb3-a3f4-0f61-ad21-e94ef029e900" testName="all_persons_modal_can_may" computerName="ARPAN-LAP" duration="00:00:00.0256268" startTime="2014-07-26T16:06:11.0414304+05:30" endTime="2014-07-26T16:06:11.0674319+05:30" testType="13cdc9d9-ddb5-4fa4-a97d-d965ccfc6d4b" outcome="Passed" testListId="8c84fa94-04c1-424b-9868-57a2d4851a1d" relativeResultsDirectory="f3feeb64-1821-40bc-a725-4c71706bbcb6" dataRowInfo="3" resultType="DataDrivenDataRow" />
        <UnitTestResult executionId="342f238d-440d-47c3-98f1-7c70cfa30470" parentExecutionId="f3feeb64-1821-40bc-a725-4c71706bbcb6" testId="8fe5ccb3-a3f4-0f61-ad21-e94ef029e900" testName="all_persons_modal_can_may" computerName="ARPAN-LAP" duration="00:00:00.0251202" startTime="2014-07-26T16:06:11.0674319+05:30" endTime="2014-07-26T16:06:11.0924333+05:30" testType="13cdc9d9-ddb5-4fa4-a97d-d965ccfc6d4b" outcome="Passed" testListId="8c84fa94-04c1-424b-9868-57a2d4851a1d" relativeResultsDirectory="f3feeb64-1821-40bc-a725-4c71706bbcb6" dataRowInfo="4" resultType="DataDrivenDataRow" />
        <UnitTestResult executionId="8abc4d90-a8c4-48ad-8c0a-9d23749aaa3b" parentExecutionId="f3feeb64-1821-40bc-a725-4c71706bbcb6" testId="8fe5ccb3-a3f4-0f61-ad21-e94ef029e900" testName="all_persons_modal_can_may" computerName="ARPAN-LAP" duration="00:00:00.0251987" startTime="2014-07-26T16:06:11.0924333+05:30" endTime="2014-07-26T16:06:11.1174348+05:30" testType="13cdc9d9-ddb5-4fa4-a97d-d965ccfc6d4b" outcome="Passed" testListId="8c84fa94-04c1-424b-9868-57a2d4851a1d" relativeResultsDirectory="f3feeb64-1821-40bc-a725-4c71706bbcb6" dataRowInfo="5" resultType="DataDrivenDataRow" />
        <UnitTestResult executionId="ed3ba46b-905b-4d69-96de-d0f6f013ec3b" parentExecutionId="f3feeb64-1821-40bc-a725-4c71706bbcb6" testId="8fe5ccb3-a3f4-0f61-ad21-e94ef029e900" testName="all_persons_modal_can_may" computerName="ARPAN-LAP" duration="00:00:00.0313363" startTime="2014-07-26T16:06:11.1174348+05:30" endTime="2014-07-26T16:06:11.1484365+05:30" testType="13cdc9d9-ddb5-4fa4-a97d-d965ccfc6d4b" outcome="Passed" testListId="8c84fa94-04c1-424b-9868-57a2d4851a1d" relativeResultsDirectory="f3feeb64-1821-40bc-a725-4c71706bbcb6" dataRowInfo="6" resultType="DataDrivenDataRow" />
        <UnitTestResult executionId="cf8eef7d-f8f9-4e5d-8d60-824a64e6fad9" parentExecutionId="f3feeb64-1821-40bc-a725-4c71706bbcb6" testId="8fe5ccb3-a3f4-0f61-ad21-e94ef029e900" testName="all_persons_modal_can_may" computerName="ARPAN-LAP" duration="00:00:00.0324075" startTime="2014-07-26T16:06:11.1494366+05:30" endTime="2014-07-26T16:06:11.1814384+05:30" testType="13cdc9d9-ddb5-4fa4-a97d-d965ccfc6d4b" outcome="Passed" testListId="8c84fa94-04c1-424b-9868-57a2d4851a1d" relativeResultsDirectory="f3feeb64-1821-40bc-a725-4c71706bbcb6" dataRowInfo="7" resultType="DataDrivenDataRow" />
        <UnitTestResult executionId="561d2a53-dc6f-4643-9d63-ba9fb954efc2" parentExecutionId="f3feeb64-1821-40bc-a725-4c71706bbcb6" testId="8fe5ccb3-a3f4-0f61-ad21-e94ef029e900" testName="all_persons_modal_can_may" computerName="ARPAN-LAP" duration="00:00:00.0181413" startTime="2014-07-26T16:06:11.1814384+05:30" endTime="2014-07-26T16:06:11.1994394+05:30" testType="13cdc9d9-ddb5-4fa4-a97d-d965ccfc6d4b" outcome="Passed" testListId="8c84fa94-04c1-424b-9868-57a2d4851a1d" relativeResultsDirectory="f3feeb64-1821-40bc-a725-4c71706bbcb6" dataRowInfo="8" resultType="DataDrivenDataRow" />
        <UnitTestResult executionId="7b96121d-f15d-4d44-ae52-00a1d26a2905" parentExecutionId="f3feeb64-1821-40bc-a725-4c71706bbcb6" testId="8fe5ccb3-a3f4-0f61-ad21-e94ef029e900" testName="all_persons_modal_can_may" computerName="ARPAN-LAP" duration="00:00:00.0179216" startTime="2014-07-26T16:06:11.1994394+05:30" endTime="2014-07-26T16:06:11.2174405+05:30" testType="13cdc9d9-ddb5-4fa4-a97d-d965ccfc6d4b" outcome="Passed" testListId="8c84fa94-04c1-424b-9868-57a2d4851a1d" relativeResultsDirectory="f3feeb64-1821-40bc-a725-4c71706bbcb6" dataRowInfo="9" resultType="DataDrivenDataRow" />
        <UnitTestResult executionId="9df998ff-b647-48e7-9773-a1f4f445057d" parentExecutionId="f3feeb64-1821-40bc-a725-4c71706bbcb6" testId="8fe5ccb3-a3f4-0f61-ad21-e94ef029e900" testName="all_persons_modal_can_may" computerName="ARPAN-LAP" duration="00:00:00.0205352" startTime="2014-07-26T16:06:11.2174405+05:30" endTime="2014-07-26T16:06:11.2384417+05:30" testType="13cdc9d9-ddb5-4fa4-a97d-d965ccfc6d4b" outcome="Passed" testListId="8c84fa94-04c1-424b-9868-57a2d4851a1d" relativeResultsDirectory="f3feeb64-1821-40bc-a725-4c71706bbcb6" dataRowInfo="10" resultType="DataDrivenDataRow" />
        <UnitTestResult executionId="ed99d564-e1f3-41ad-a0a6-d92b47a3c111" parentExecutionId="f3feeb64-1821-40bc-a725-4c71706bbcb6" testId="8fe5ccb3-a3f4-0f61-ad21-e94ef029e900" testName="all_persons_modal_can_may" computerName="ARPAN-LAP" duration="00:00:00.0271065" startTime="2014-07-26T16:06:11.2384417+05:30" endTime="2014-07-26T16:06:11.2654432+05:30" testType="13cdc9d9-ddb5-4fa4-a97d-d965ccfc6d4b" outcome="Passed" testListId="8c84fa94-04c1-424b-9868-57a2d4851a1d" relativeResultsDirectory="f3feeb64-1821-40bc-a725-4c71706bbcb6" dataRowInfo="11" resultType="DataDrivenDataRow" />
        <UnitTestResult executionId="72954490-8c8d-4dd1-aa91-10c570f7d2cc" parentExecutionId="f3feeb64-1821-40bc-a725-4c71706bbcb6" testId="8fe5ccb3-a3f4-0f61-ad21-e94ef029e900" testName="all_persons_modal_can_may" computerName="ARPAN-LAP" duration="00:00:00.0335613" startTime="2014-07-26T16:06:11.2654432+05:30" endTime="2014-07-26T16:06:11.2994452+05:30" testType="13cdc9d9-ddb5-4fa4-a97d-d965ccfc6d4b" outcome="Passed" testListId="8c84fa94-04c1-424b-9868-57a2d4851a1d" relativeResultsDirectory="f3feeb64-1821-40bc-a725-4c71706bbcb6" dataRowInfo="12" resultType="DataDrivenDataRow" />
        <UnitTestResult executionId="4043f62a-9334-45c1-847f-8db09b81bc34" parentExecutionId="f3feeb64-1821-40bc-a725-4c71706bbcb6" testId="8fe5ccb3-a3f4-0f61-ad21-e94ef029e900" testName="all_persons_modal_can_may" computerName="ARPAN-LAP" duration="00:00:00.0271286" startTime="2014-07-26T16:06:11.2994452+05:30" endTime="2014-07-26T16:06:11.3264467+05:30" testType="13cdc9d9-ddb5-4fa4-a97d-d965ccfc6d4b" outcome="Passed" testListId="8c84fa94-04c1-424b-9868-57a2d4851a1d" relativeResultsDirectory="f3feeb64-1821-40bc-a725-4c71706bbcb6" dataRowInfo="13" resultType="DataDrivenDataRow" />
        <UnitTestResult executionId="a969ab15-e312-4271-b40f-04e9e2e55032" parentExecutionId="f3feeb64-1821-40bc-a725-4c71706bbcb6" testId="8fe5ccb3-a3f4-0f61-ad21-e94ef029e900" testName="all_persons_modal_can_may" computerName="ARPAN-LAP" duration="00:00:00.0240931" startTime="2014-07-26T16:06:11.3264467+05:30" endTime="2014-07-26T16:06:11.3504481+05:30" testType="13cdc9d9-ddb5-4fa4-a97d-d965ccfc6d4b" outcome="Passed" testListId="8c84fa94-04c1-424b-9868-57a2d4851a1d" relativeResultsDirectory="f3feeb64-1821-40bc-a725-4c71706bbcb6" dataRowInfo="14" resultType="DataDrivenDataRow" />
        <UnitTestResult executionId="ca12506d-f5c4-4622-9306-2a821636dc4d" parentExecutionId="f3feeb64-1821-40bc-a725-4c71706bbcb6" testId="8fe5ccb3-a3f4-0f61-ad21-e94ef029e900" testName="all_persons_modal_can_may" computerName="ARPAN-LAP" duration="00:00:00.0231426" startTime="2014-07-26T16:06:11.3504481+05:30" endTime="2014-07-26T16:06:11.3734494+05:30" testType="13cdc9d9-ddb5-4fa4-a97d-d965ccfc6d4b" outcome="Passed" testListId="8c84fa94-04c1-424b-9868-57a2d4851a1d" relativeResultsDirectory="f3feeb64-1821-40bc-a725-4c71706bbcb6" dataRowInfo="15" resultType="DataDrivenDataRow" />
        <UnitTestResult executionId="dedaa595-823f-42d1-90b3-ea2c7470fed1" parentExecutionId="f3feeb64-1821-40bc-a725-4c71706bbcb6" testId="8fe5ccb3-a3f4-0f61-ad21-e94ef029e900" testName="all_persons_modal_can_may" computerName="ARPAN-LAP" duration="00:00:00.0181855" startTime="2014-07-26T16:06:11.3734494+05:30" endTime="2014-07-26T16:06:11.3914504+05:30" testType="13cdc9d9-ddb5-4fa4-a97d-d965ccfc6d4b" outcome="Passed" testListId="8c84fa94-04c1-424b-9868-57a2d4851a1d" relativeResultsDirectory="f3feeb64-1821-40bc-a725-4c71706bbcb6" dataRowInfo="16" resultType="DataDrivenDataRow" />
        <UnitTestResult executionId="316a50c0-e516-4db7-ad44-02d7c491a69d" parentExecutionId="f3feeb64-1821-40bc-a725-4c71706bbcb6" testId="8fe5ccb3-a3f4-0f61-ad21-e94ef029e900" testName="all_persons_modal_can_may" computerName="ARPAN-LAP" duration="00:00:00.0174653" startTime="2014-07-26T16:06:11.3914504+05:30" endTime="2014-07-26T16:06:11.4094515+05:30" testType="13cdc9d9-ddb5-4fa4-a97d-d965ccfc6d4b" outcome="Passed" testListId="8c84fa94-04c1-424b-9868-57a2d4851a1d" relativeResultsDirectory="f3feeb64-1821-40bc-a725-4c71706bbcb6" dataRowInfo="17" resultType="DataDrivenDataRow" />
        <UnitTestResult executionId="1efd9d16-8630-4ccf-ab59-ccebfbe6bd32" parentExecutionId="f3feeb64-1821-40bc-a725-4c71706bbcb6" testId="8fe5ccb3-a3f4-0f61-ad21-e94ef029e900" testName="all_persons_modal_can_may" computerName="ARPAN-LAP" duration="00:00:00.0177071" startTime="2014-07-26T16:06:11.4094515+05:30" endTime="2014-07-26T16:06:11.4274525+05:30" testType="13cdc9d9-ddb5-4fa4-a97d-d965ccfc6d4b" outcome="Passed" testListId="8c84fa94-04c1-424b-9868-57a2d4851a1d" relativeResultsDirectory="f3feeb64-1821-40bc-a725-4c71706bbcb6" dataRowInfo="18" resultType="DataDrivenDataRow" />
        <UnitTestResult executionId="621904be-66f6-4bd5-8cfd-f2d93957e852" parentExecutionId="f3feeb64-1821-40bc-a725-4c71706bbcb6" testId="8fe5ccb3-a3f4-0f61-ad21-e94ef029e900" testName="all_persons_modal_can_may" computerName="ARPAN-LAP" duration="00:00:00.0203463" startTime="2014-07-26T16:06:11.4274525+05:30" endTime="2014-07-26T16:06:11.4474536+05:30" testType="13cdc9d9-ddb5-4fa4-a97d-d965ccfc6d4b" outcome="Passed" testListId="8c84fa94-04c1-424b-9868-57a2d4851a1d" relativeResultsDirectory="f3feeb64-1821-40bc-a725-4c71706bbcb6" dataRowInfo="19" resultType="DataDrivenDataRow" />
        <UnitTestResult executionId="8d219d03-4525-4962-8ed5-e851e4a4df3c" parentExecutionId="f3feeb64-1821-40bc-a725-4c71706bbcb6" testId="8fe5ccb3-a3f4-0f61-ad21-e94ef029e900" testName="all_persons_modal_can_may" computerName="ARPAN-LAP" duration="00:00:00.0228172" startTime="2014-07-26T16:06:11.4474536+05:30" endTime="2014-07-26T16:06:11.4704549+05:30" testType="13cdc9d9-ddb5-4fa4-a97d-d965ccfc6d4b" outcome="Passed" testListId="8c84fa94-04c1-424b-9868-57a2d4851a1d" relativeResultsDirectory="f3feeb64-1821-40bc-a725-4c71706bbcb6" dataRowInfo="20" resultType="DataDrivenDataRow" />
        <UnitTestResult executionId="7d7e01b6-846b-447e-933f-e4801aa225d6" parentExecutionId="f3feeb64-1821-40bc-a725-4c71706bbcb6" testId="8fe5ccb3-a3f4-0f61-ad21-e94ef029e900" testName="all_persons_modal_can_may" computerName="ARPAN-LAP" duration="00:00:00.0242338" startTime="2014-07-26T16:06:11.4704549+05:30" endTime="2014-07-26T16:06:11.4944563+05:30" testType="13cdc9d9-ddb5-4fa4-a97d-d965ccfc6d4b" outcome="Passed" testListId="8c84fa94-04c1-424b-9868-57a2d4851a1d" relativeResultsDirectory="f3feeb64-1821-40bc-a725-4c71706bbcb6" dataRowInfo="21" resultType="DataDrivenDataRow" />
        <UnitTestResult executionId="f64a172f-7e81-4bed-892e-4e3a52d4c34b" parentExecutionId="f3feeb64-1821-40bc-a725-4c71706bbcb6" testId="8fe5ccb3-a3f4-0f61-ad21-e94ef029e900" testName="all_persons_modal_can_may" computerName="ARPAN-LAP" duration="00:00:00.0223213" startTime="2014-07-26T16:06:11.4944563+05:30" endTime="2014-07-26T16:06:11.5174576+05:30" testType="13cdc9d9-ddb5-4fa4-a97d-d965ccfc6d4b" outcome="Passed" testListId="8c84fa94-04c1-424b-9868-57a2d4851a1d" relativeResultsDirectory="f3feeb64-1821-40bc-a725-4c71706bbcb6" dataRowInfo="22" resultType="DataDrivenDataRow" />
        <UnitTestResult executionId="e0420994-3314-4c94-b679-662046d726b4" parentExecutionId="f3feeb64-1821-40bc-a725-4c71706bbcb6" testId="8fe5ccb3-a3f4-0f61-ad21-e94ef029e900" testName="all_persons_modal_can_may" computerName="ARPAN-LAP" duration="00:00:00.0211747" startTime="2014-07-26T16:06:11.5174576+05:30" endTime="2014-07-26T16:06:11.5384588+05:30" testType="13cdc9d9-ddb5-4fa4-a97d-d965ccfc6d4b" outcome="Passed" testListId="8c84fa94-04c1-424b-9868-57a2d4851a1d" relativeResultsDirectory="f3feeb64-1821-40bc-a725-4c71706bbcb6" dataRowInfo="23" resultType="DataDrivenDataRow" />
        <UnitTestResult executionId="0eb1af85-1046-4f3d-84b0-5b6a611cfbb0" parentExecutionId="f3feeb64-1821-40bc-a725-4c71706bbcb6" testId="8fe5ccb3-a3f4-0f61-ad21-e94ef029e900" testName="all_persons_modal_can_may" computerName="ARPAN-LAP" duration="00:00:00.0225118" startTime="2014-07-26T16:06:11.5384588+05:30" endTime="2014-07-26T16:06:11.5604601+05:30" testType="13cdc9d9-ddb5-4fa4-a97d-d965ccfc6d4b" outcome="Passed" testListId="8c84fa94-04c1-424b-9868-57a2d4851a1d" relativeResultsDirectory="f3feeb64-1821-40bc-a725-4c71706bbcb6" dataRowInfo="24" resultType="DataDrivenDataRow" />
        <UnitTestResult executionId="d0f4335a-4176-4991-8e43-df26be742bdf" parentExecutionId="f3feeb64-1821-40bc-a725-4c71706bbcb6" testId="8fe5ccb3-a3f4-0f61-ad21-e94ef029e900" testName="all_persons_modal_can_may" computerName="ARPAN-LAP" duration="00:00:00.0210105" startTime="2014-07-26T16:06:11.5604601+05:30" endTime="2014-07-26T16:06:11.5814613+05:30" testType="13cdc9d9-ddb5-4fa4-a97d-d965ccfc6d4b" outcome="Passed" testListId="8c84fa94-04c1-424b-9868-57a2d4851a1d" relativeResultsDirectory="f3feeb64-1821-40bc-a725-4c71706bbcb6" dataRowInfo="25" resultType="DataDrivenDataRow" />
        <UnitTestResult executionId="9a86856b-b6fe-44ac-8e8c-b6ea7fd4989c" parentExecutionId="f3feeb64-1821-40bc-a725-4c71706bbcb6" testId="8fe5ccb3-a3f4-0f61-ad21-e94ef029e900" testName="all_persons_modal_can_may" computerName="ARPAN-LAP" duration="00:00:00.0215073" startTime="2014-07-26T16:06:11.5814613+05:30" endTime="2014-07-26T16:06:11.6034626+05:30" testType="13cdc9d9-ddb5-4fa4-a97d-d965ccfc6d4b" outcome="Passed" testListId="8c84fa94-04c1-424b-9868-57a2d4851a1d" relativeResultsDirectory="f3feeb64-1821-40bc-a725-4c71706bbcb6" dataRowInfo="26" resultType="DataDrivenDataRow" />
        <UnitTestResult executionId="04170a29-cbd7-4d41-af13-70452fb50bb8" parentExecutionId="f3feeb64-1821-40bc-a725-4c71706bbcb6" testId="8fe5ccb3-a3f4-0f61-ad21-e94ef029e900" testName="all_persons_modal_can_may" computerName="ARPAN-LAP" duration="00:00:00.0268432" startTime="2014-07-26T16:06:11.6034626+05:30" endTime="2014-07-26T16:06:11.6304641+05:30" testType="13cdc9d9-ddb5-4fa4-a97d-d965ccfc6d4b" outcome="Passed" testListId="8c84fa94-04c1-424b-9868-57a2d4851a1d" relativeResultsDirectory="f3feeb64-1821-40bc-a725-4c71706bbcb6" dataRowInfo="27" resultType="DataDrivenDataRow" />
        <UnitTestResult executionId="04a66dc7-cbf3-443c-8745-05629167ad76" parentExecutionId="f3feeb64-1821-40bc-a725-4c71706bbcb6" testId="8fe5ccb3-a3f4-0f61-ad21-e94ef029e900" testName="all_persons_modal_can_may" computerName="ARPAN-LAP" duration="00:00:00.0296636" startTime="2014-07-26T16:06:11.6304641+05:30" endTime="2014-07-26T16:06:11.6604658+05:30" testType="13cdc9d9-ddb5-4fa4-a97d-d965ccfc6d4b" outcome="Passed" testListId="8c84fa94-04c1-424b-9868-57a2d4851a1d" relativeResultsDirectory="f3feeb64-1821-40bc-a725-4c71706bbcb6" dataRowInfo="28" resultType="DataDrivenDataRow" />
      </InnerResults>
    </UnitTestResult>
    <UnitTestResult executionId="7a9d1fa4-0938-4b38-82da-6e8d6e4835eb" testId="921e6ab0-d7c2-6005-e523-6fd2d5e1a723" testName="first_person_tenses_active" computerName="ARPAN-LAP" duration="00:00:00.4607408" startTime="2014-07-26T16:06:11.7594715+05:30" endTime="2014-07-26T16:06:12.2605001+05:30" testType="13cdc9d9-ddb5-4fa4-a97d-d965ccfc6d4b" outcome="Passed" testListId="8c84fa94-04c1-424b-9868-57a2d4851a1d" relativeResultsDirectory="7a9d1fa4-0938-4b38-82da-6e8d6e4835eb" resultType="DataDrivenTest">
      <Counters error="0" failed="0" timeout="0" aborted="0" inconclusive="0" passedButRunAborted="0" notRunnable="0" notExecuted="0" disconnected="0" warning="0" passed="10" completed="0" inProgress="0" pending="0" />
      <InnerResults>
        <UnitTestResult executionId="8b76b7bc-4358-4aef-9690-7031148b3c1b" parentExecutionId="7a9d1fa4-0938-4b38-82da-6e8d6e4835eb" testId="921e6ab0-d7c2-6005-e523-6fd2d5e1a723" testName="first_person_tenses_active" computerName="ARPAN-LAP" duration="00:00:00.0205136" startTime="2014-07-26T16:06:11.7724722+05:30" endTime="2014-07-26T16:06:11.7924734+05:30" testType="13cdc9d9-ddb5-4fa4-a97d-d965ccfc6d4b" outcome="Passed" testListId="8c84fa94-04c1-424b-9868-57a2d4851a1d" relativeResultsDirectory="7a9d1fa4-0938-4b38-82da-6e8d6e4835eb" dataRowInfo="0" resultType="DataDrivenDataRow" />
        <UnitTestResult executionId="bf106fc3-3de6-4a16-bfc4-3f7bbc15b523" parentExecutionId="7a9d1fa4-0938-4b38-82da-6e8d6e4835eb" testId="921e6ab0-d7c2-6005-e523-6fd2d5e1a723" testName="first_person_tenses_active" computerName="ARPAN-LAP" duration="00:00:00.0219621" startTime="2014-07-26T16:06:11.7924734+05:30" endTime="2014-07-26T16:06:11.8144746+05:30" testType="13cdc9d9-ddb5-4fa4-a97d-d965ccfc6d4b" outcome="Passed" testListId="8c84fa94-04c1-424b-9868-57a2d4851a1d" relativeResultsDirectory="7a9d1fa4-0938-4b38-82da-6e8d6e4835eb" dataRowInfo="1" resultType="DataDrivenDataRow" />
        <UnitTestResult executionId="56d8f910-39b3-4f7a-b6d4-f7e6fc70739b" parentExecutionId="7a9d1fa4-0938-4b38-82da-6e8d6e4835eb" testId="921e6ab0-d7c2-6005-e523-6fd2d5e1a723" testName="first_person_tenses_active" computerName="ARPAN-LAP" duration="00:00:00.0217742" startTime="2014-07-26T16:06:11.8144746+05:30" endTime="2014-07-26T16:06:11.8364759+05:30" testType="13cdc9d9-ddb5-4fa4-a97d-d965ccfc6d4b" outcome="Passed" testListId="8c84fa94-04c1-424b-9868-57a2d4851a1d" relativeResultsDirectory="7a9d1fa4-0938-4b38-82da-6e8d6e4835eb" dataRowInfo="2" resultType="DataDrivenDataRow" />
        <UnitTestResult executionId="289bfa1f-839e-42d6-b584-258fc8cba556" parentExecutionId="7a9d1fa4-0938-4b38-82da-6e8d6e4835eb" testId="921e6ab0-d7c2-6005-e523-6fd2d5e1a723" testName="first_person_tenses_active" computerName="ARPAN-LAP" duration="00:00:00.0285745" startTime="2014-07-26T16:06:11.8364759+05:30" endTime="2014-07-26T16:06:11.8654775+05:30" testType="13cdc9d9-ddb5-4fa4-a97d-d965ccfc6d4b" outcome="Passed" testListId="8c84fa94-04c1-424b-9868-57a2d4851a1d" relativeResultsDirectory="7a9d1fa4-0938-4b38-82da-6e8d6e4835eb" dataRowInfo="3" resultType="DataDrivenDataRow" />
        <UnitTestResult executionId="67c65dcd-d7b3-43fe-a409-7004d560698f" parentExecutionId="7a9d1fa4-0938-4b38-82da-6e8d6e4835eb" testId="921e6ab0-d7c2-6005-e523-6fd2d5e1a723" testName="first_person_tenses_active" computerName="ARPAN-LAP" duration="00:00:00.0196467" startTime="2014-07-26T16:06:11.8654775+05:30" endTime="2014-07-26T16:06:11.8844786+05:30" testType="13cdc9d9-ddb5-4fa4-a97d-d965ccfc6d4b" outcome="Passed" testListId="8c84fa94-04c1-424b-9868-57a2d4851a1d" relativeResultsDirectory="7a9d1fa4-0938-4b38-82da-6e8d6e4835eb" dataRowInfo="4" resultType="DataDrivenDataRow" />
        <UnitTestResult executionId="20019278-ee10-4b08-89a9-da969dc46389" parentExecutionId="7a9d1fa4-0938-4b38-82da-6e8d6e4835eb" testId="921e6ab0-d7c2-6005-e523-6fd2d5e1a723" testName="first_person_tenses_active" computerName="ARPAN-LAP" duration="00:00:00.0239263" startTime="2014-07-26T16:06:11.8844786+05:30" endTime="2014-07-26T16:06:11.9084800+05:30" testType="13cdc9d9-ddb5-4fa4-a97d-d965ccfc6d4b" outcome="Passed" testListId="8c84fa94-04c1-424b-9868-57a2d4851a1d" relativeResultsDirectory="7a9d1fa4-0938-4b38-82da-6e8d6e4835eb" dataRowInfo="5" resultType="DataDrivenDataRow" />
        <UnitTestResult executionId="64c5fd3a-8d89-4b9e-a341-67a410481384" parentExecutionId="7a9d1fa4-0938-4b38-82da-6e8d6e4835eb" testId="921e6ab0-d7c2-6005-e523-6fd2d5e1a723" testName="first_person_tenses_active" computerName="ARPAN-LAP" duration="00:00:00.0237836" startTime="2014-07-26T16:06:11.9084800+05:30" endTime="2014-07-26T16:06:11.9324814+05:30" testType="13cdc9d9-ddb5-4fa4-a97d-d965ccfc6d4b" outcome="Passed" testListId="8c84fa94-04c1-424b-9868-57a2d4851a1d" relativeResultsDirectory="7a9d1fa4-0938-4b38-82da-6e8d6e4835eb" dataRowInfo="6" resultType="DataDrivenDataRow" />
        <UnitTestResult executionId="c4646fd2-7930-4a55-91b4-a1e99b58dcd7" parentExecutionId="7a9d1fa4-0938-4b38-82da-6e8d6e4835eb" testId="921e6ab0-d7c2-6005-e523-6fd2d5e1a723" testName="first_person_tenses_active" computerName="ARPAN-LAP" duration="00:00:00.0275500" startTime="2014-07-26T16:06:11.9324814+05:30" endTime="2014-07-26T16:06:11.9604830+05:30" testType="13cdc9d9-ddb5-4fa4-a97d-d965ccfc6d4b" outcome="Passed" testListId="8c84fa94-04c1-424b-9868-57a2d4851a1d" relativeResultsDirectory="7a9d1fa4-0938-4b38-82da-6e8d6e4835eb" dataRowInfo="7" resultType="DataDrivenDataRow" />
        <UnitTestResult executionId="167d3a6d-0378-46b9-a00c-ff6da928e5e8" parentExecutionId="7a9d1fa4-0938-4b38-82da-6e8d6e4835eb" testId="921e6ab0-d7c2-6005-e523-6fd2d5e1a723" testName="first_person_tenses_active" computerName="ARPAN-LAP" duration="00:00:00.2404432" startTime="2014-07-26T16:06:11.9604830+05:30" endTime="2014-07-26T16:06:12.2004967+05:30" testType="13cdc9d9-ddb5-4fa4-a97d-d965ccfc6d4b" outcome="Passed" testListId="8c84fa94-04c1-424b-9868-57a2d4851a1d" relativeResultsDirectory="7a9d1fa4-0938-4b38-82da-6e8d6e4835eb" dataRowInfo="8" resultType="DataDrivenDataRow" />
        <UnitTestResult executionId="2c21df1c-4b6a-4d38-aa6a-f38d5a8a135e" parentExecutionId="7a9d1fa4-0938-4b38-82da-6e8d6e4835eb" testId="921e6ab0-d7c2-6005-e523-6fd2d5e1a723" testName="first_person_tenses_active" computerName="ARPAN-LAP" duration="00:00:00.0302893" startTime="2014-07-26T16:06:12.2004967+05:30" endTime="2014-07-26T16:06:12.2314985+05:30" testType="13cdc9d9-ddb5-4fa4-a97d-d965ccfc6d4b" outcome="Passed" testListId="8c84fa94-04c1-424b-9868-57a2d4851a1d" relativeResultsDirectory="7a9d1fa4-0938-4b38-82da-6e8d6e4835eb" dataRowInfo="9" resultType="DataDrivenDataRow" />
      </InnerResults>
    </UnitTestResult>
    <UnitTestResult executionId="bbdb58c8-48b2-4da0-823c-8e932f118a32" testId="9319d01e-de3e-d310-c76e-cae8dce4c924" testName="all_persons_modal_should_negation" computerName="ARPAN-LAP" duration="00:00:00.4905297" startTime="2014-07-26T16:06:12.2615002+05:30" endTime="2014-07-26T16:06:12.8095315+05:30" testType="13cdc9d9-ddb5-4fa4-a97d-d965ccfc6d4b" outcome="Passed" testListId="8c84fa94-04c1-424b-9868-57a2d4851a1d" relativeResultsDirectory="bbdb58c8-48b2-4da0-823c-8e932f118a32" resultType="DataDrivenTest">
      <Counters error="0" failed="0" timeout="0" aborted="0" inconclusive="0" passedButRunAborted="0" notRunnable="0" notExecuted="0" disconnected="0" warning="0" passed="17" completed="0" inProgress="0" pending="0" />
      <InnerResults>
        <UnitTestResult executionId="98e168ab-a6aa-474b-8b8e-14dc207114de" parentExecutionId="bbdb58c8-48b2-4da0-823c-8e932f118a32" testId="9319d01e-de3e-d310-c76e-cae8dce4c924" testName="all_persons_modal_should_negation" computerName="ARPAN-LAP" duration="00:00:00.0246854" startTime="2014-07-26T16:06:12.2745009+05:30" endTime="2014-07-26T16:06:12.2995024+05:30" testType="13cdc9d9-ddb5-4fa4-a97d-d965ccfc6d4b" outcome="Passed" testListId="8c84fa94-04c1-424b-9868-57a2d4851a1d" relativeResultsDirectory="bbdb58c8-48b2-4da0-823c-8e932f118a32" dataRowInfo="0" resultType="DataDrivenDataRow" />
        <UnitTestResult executionId="95517c4f-8104-47e4-96fb-0fff77f688b1" parentExecutionId="bbdb58c8-48b2-4da0-823c-8e932f118a32" testId="9319d01e-de3e-d310-c76e-cae8dce4c924" testName="all_persons_modal_should_negation" computerName="ARPAN-LAP" duration="00:00:00.0296318" startTime="2014-07-26T16:06:12.2995024+05:30" endTime="2014-07-26T16:06:12.3285040+05:30" testType="13cdc9d9-ddb5-4fa4-a97d-d965ccfc6d4b" outcome="Passed" testListId="8c84fa94-04c1-424b-9868-57a2d4851a1d" relativeResultsDirectory="bbdb58c8-48b2-4da0-823c-8e932f118a32" dataRowInfo="1" resultType="DataDrivenDataRow" />
        <UnitTestResult executionId="35ee8c1f-d8a6-4b9e-9684-63dcb5332242" parentExecutionId="bbdb58c8-48b2-4da0-823c-8e932f118a32" testId="9319d01e-de3e-d310-c76e-cae8dce4c924" testName="all_persons_modal_should_negation" computerName="ARPAN-LAP" duration="00:00:00.0296651" startTime="2014-07-26T16:06:12.3285040+05:30" endTime="2014-07-26T16:06:12.3585057+05:30" testType="13cdc9d9-ddb5-4fa4-a97d-d965ccfc6d4b" outcome="Passed" testListId="8c84fa94-04c1-424b-9868-57a2d4851a1d" relativeResultsDirectory="bbdb58c8-48b2-4da0-823c-8e932f118a32" dataRowInfo="2" resultType="DataDrivenDataRow" />
        <UnitTestResult executionId="ea55721d-5e9e-4979-8c22-b48e63d158fa" parentExecutionId="bbdb58c8-48b2-4da0-823c-8e932f118a32" testId="9319d01e-de3e-d310-c76e-cae8dce4c924" testName="all_persons_modal_should_negation" computerName="ARPAN-LAP" duration="00:00:00.0335228" startTime="2014-07-26T16:06:12.3585057+05:30" endTime="2014-07-26T16:06:12.3925077+05:30" testType="13cdc9d9-ddb5-4fa4-a97d-d965ccfc6d4b" outcome="Passed" testListId="8c84fa94-04c1-424b-9868-57a2d4851a1d" relativeResultsDirectory="bbdb58c8-48b2-4da0-823c-8e932f118a32" dataRowInfo="3" resultType="DataDrivenDataRow" />
        <UnitTestResult executionId="f34743da-8e0c-431b-b251-3b6295030b0a" parentExecutionId="bbdb58c8-48b2-4da0-823c-8e932f118a32" testId="9319d01e-de3e-d310-c76e-cae8dce4c924" testName="all_persons_modal_should_negation" computerName="ARPAN-LAP" duration="00:00:00.0202406" startTime="2014-07-26T16:06:12.3925077+05:30" endTime="2014-07-26T16:06:12.4125088+05:30" testType="13cdc9d9-ddb5-4fa4-a97d-d965ccfc6d4b" outcome="Passed" testListId="8c84fa94-04c1-424b-9868-57a2d4851a1d" relativeResultsDirectory="bbdb58c8-48b2-4da0-823c-8e932f118a32" dataRowInfo="4" resultType="DataDrivenDataRow" />
        <UnitTestResult executionId="decea29c-1da9-4384-89b3-a40e7cd190ff" parentExecutionId="bbdb58c8-48b2-4da0-823c-8e932f118a32" testId="9319d01e-de3e-d310-c76e-cae8dce4c924" testName="all_persons_modal_should_negation" computerName="ARPAN-LAP" duration="00:00:00.0253660" startTime="2014-07-26T16:06:12.4125088+05:30" endTime="2014-07-26T16:06:12.4375103+05:30" testType="13cdc9d9-ddb5-4fa4-a97d-d965ccfc6d4b" outcome="Passed" testListId="8c84fa94-04c1-424b-9868-57a2d4851a1d" relativeResultsDirectory="bbdb58c8-48b2-4da0-823c-8e932f118a32" dataRowInfo="5" resultType="DataDrivenDataRow" />
        <UnitTestResult executionId="3b1bd5b9-c8a0-4282-8dc5-eb5cf6941822" parentExecutionId="bbdb58c8-48b2-4da0-823c-8e932f118a32" testId="9319d01e-de3e-d310-c76e-cae8dce4c924" testName="all_persons_modal_should_negation" computerName="ARPAN-LAP" duration="00:00:00.0259429" startTime="2014-07-26T16:06:12.4375103+05:30" endTime="2014-07-26T16:06:12.4635117+05:30" testType="13cdc9d9-ddb5-4fa4-a97d-d965ccfc6d4b" outcome="Passed" testListId="8c84fa94-04c1-424b-9868-57a2d4851a1d" relativeResultsDirectory="bbdb58c8-48b2-4da0-823c-8e932f118a32" dataRowInfo="6" resultType="DataDrivenDataRow" />
        <UnitTestResult executionId="5b7cd7d9-09fc-44c9-9e7b-9cea74ce447d" parentExecutionId="bbdb58c8-48b2-4da0-823c-8e932f118a32" testId="9319d01e-de3e-d310-c76e-cae8dce4c924" testName="all_persons_modal_should_negation" computerName="ARPAN-LAP" duration="00:00:00.0311434" startTime="2014-07-26T16:06:12.4635117+05:30" endTime="2014-07-26T16:06:12.4945135+05:30" testType="13cdc9d9-ddb5-4fa4-a97d-d965ccfc6d4b" outcome="Passed" testListId="8c84fa94-04c1-424b-9868-57a2d4851a1d" relativeResultsDirectory="bbdb58c8-48b2-4da0-823c-8e932f118a32" dataRowInfo="7" resultType="DataDrivenDataRow" />
        <UnitTestResult executionId="7dc231e1-2109-4f21-a5e1-268d290bdf32" parentExecutionId="bbdb58c8-48b2-4da0-823c-8e932f118a32" testId="9319d01e-de3e-d310-c76e-cae8dce4c924" testName="all_persons_modal_should_negation" computerName="ARPAN-LAP" duration="00:00:00.0241409" startTime="2014-07-26T16:06:12.4955136+05:30" endTime="2014-07-26T16:06:12.5195150+05:30" testType="13cdc9d9-ddb5-4fa4-a97d-d965ccfc6d4b" outcome="Passed" testListId="8c84fa94-04c1-424b-9868-57a2d4851a1d" relativeResultsDirectory="bbdb58c8-48b2-4da0-823c-8e932f118a32" dataRowInfo="8" resultType="DataDrivenDataRow" />
        <UnitTestResult executionId="f50348fc-d505-4f25-bd0d-81b3b924c566" parentExecutionId="bbdb58c8-48b2-4da0-823c-8e932f118a32" testId="9319d01e-de3e-d310-c76e-cae8dce4c924" testName="all_persons_modal_should_negation" computerName="ARPAN-LAP" duration="00:00:00.0360948" startTime="2014-07-26T16:06:12.5195150+05:30" endTime="2014-07-26T16:06:12.5555170+05:30" testType="13cdc9d9-ddb5-4fa4-a97d-d965ccfc6d4b" outcome="Passed" testListId="8c84fa94-04c1-424b-9868-57a2d4851a1d" relativeResultsDirectory="bbdb58c8-48b2-4da0-823c-8e932f118a32" dataRowInfo="9" resultType="DataDrivenDataRow" />
        <UnitTestResult executionId="0257c2a7-356f-4c69-80f1-4352c2ab6df6" parentExecutionId="bbdb58c8-48b2-4da0-823c-8e932f118a32" testId="9319d01e-de3e-d310-c76e-cae8dce4c924" testName="all_persons_modal_should_negation" computerName="ARPAN-LAP" duration="00:00:00.0358562" startTime="2014-07-26T16:06:12.5555170+05:30" endTime="2014-07-26T16:06:12.5915191+05:30" testType="13cdc9d9-ddb5-4fa4-a97d-d965ccfc6d4b" outcome="Passed" testListId="8c84fa94-04c1-424b-9868-57a2d4851a1d" relativeResultsDirectory="bbdb58c8-48b2-4da0-823c-8e932f118a32" dataRowInfo="10" resultType="DataDrivenDataRow" />
        <UnitTestResult executionId="0ff8eb29-d4d4-42bf-a233-ca4ed167fad5" parentExecutionId="bbdb58c8-48b2-4da0-823c-8e932f118a32" testId="9319d01e-de3e-d310-c76e-cae8dce4c924" testName="all_persons_modal_should_negation" computerName="ARPAN-LAP" duration="00:00:00.0310617" startTime="2014-07-26T16:06:12.5915191+05:30" endTime="2014-07-26T16:06:12.6225208+05:30" testType="13cdc9d9-ddb5-4fa4-a97d-d965ccfc6d4b" outcome="Passed" testListId="8c84fa94-04c1-424b-9868-57a2d4851a1d" relativeResultsDirectory="bbdb58c8-48b2-4da0-823c-8e932f118a32" dataRowInfo="11" resultType="DataDrivenDataRow" />
        <UnitTestResult executionId="63bc5669-65c1-405a-bdce-b6a7498111c2" parentExecutionId="bbdb58c8-48b2-4da0-823c-8e932f118a32" testId="9319d01e-de3e-d310-c76e-cae8dce4c924" testName="all_persons_modal_should_negation" computerName="ARPAN-LAP" duration="00:00:00.0285365" startTime="2014-07-26T16:06:12.6225208+05:30" endTime="2014-07-26T16:06:12.6505224+05:30" testType="13cdc9d9-ddb5-4fa4-a97d-d965ccfc6d4b" outcome="Passed" testListId="8c84fa94-04c1-424b-9868-57a2d4851a1d" relativeResultsDirectory="bbdb58c8-48b2-4da0-823c-8e932f118a32" dataRowInfo="12" resultType="DataDrivenDataRow" />
        <UnitTestResult executionId="02d827f4-d4bd-4513-b6df-62bb85b76306" parentExecutionId="bbdb58c8-48b2-4da0-823c-8e932f118a32" testId="9319d01e-de3e-d310-c76e-cae8dce4c924" testName="all_persons_modal_should_negation" computerName="ARPAN-LAP" duration="00:00:00.0283933" startTime="2014-07-26T16:06:12.6505224+05:30" endTime="2014-07-26T16:06:12.6795241+05:30" testType="13cdc9d9-ddb5-4fa4-a97d-d965ccfc6d4b" outcome="Passed" testListId="8c84fa94-04c1-424b-9868-57a2d4851a1d" relativeResultsDirectory="bbdb58c8-48b2-4da0-823c-8e932f118a32" dataRowInfo="13" resultType="DataDrivenDataRow" />
        <UnitTestResult executionId="345fbd5a-f7db-4d86-b2b4-f2f9aad2f6e9" parentExecutionId="bbdb58c8-48b2-4da0-823c-8e932f118a32" testId="9319d01e-de3e-d310-c76e-cae8dce4c924" testName="all_persons_modal_should_negation" computerName="ARPAN-LAP" duration="00:00:00.0267082" startTime="2014-07-26T16:06:12.6795241+05:30" endTime="2014-07-26T16:06:12.7065256+05:30" testType="13cdc9d9-ddb5-4fa4-a97d-d965ccfc6d4b" outcome="Passed" testListId="8c84fa94-04c1-424b-9868-57a2d4851a1d" relativeResultsDirectory="bbdb58c8-48b2-4da0-823c-8e932f118a32" dataRowInfo="14" resultType="DataDrivenDataRow" />
        <UnitTestResult executionId="b41b827b-9e30-48fc-898e-6601c60836ad" parentExecutionId="bbdb58c8-48b2-4da0-823c-8e932f118a32" testId="9319d01e-de3e-d310-c76e-cae8dce4c924" testName="all_persons_modal_should_negation" computerName="ARPAN-LAP" duration="00:00:00.0259383" startTime="2014-07-26T16:06:12.7065256+05:30" endTime="2014-07-26T16:06:12.7325271+05:30" testType="13cdc9d9-ddb5-4fa4-a97d-d965ccfc6d4b" outcome="Passed" testListId="8c84fa94-04c1-424b-9868-57a2d4851a1d" relativeResultsDirectory="bbdb58c8-48b2-4da0-823c-8e932f118a32" dataRowInfo="15" resultType="DataDrivenDataRow" />
        <UnitTestResult executionId="b3a388ec-bf95-4747-960b-741ac2006b62" parentExecutionId="bbdb58c8-48b2-4da0-823c-8e932f118a32" testId="9319d01e-de3e-d310-c76e-cae8dce4c924" testName="all_persons_modal_should_negation" computerName="ARPAN-LAP" duration="00:00:00.0310592" startTime="2014-07-26T16:06:12.7325271+05:30" endTime="2014-07-26T16:06:12.7635289+05:30" testType="13cdc9d9-ddb5-4fa4-a97d-d965ccfc6d4b" outcome="Passed" testListId="8c84fa94-04c1-424b-9868-57a2d4851a1d" relativeResultsDirectory="bbdb58c8-48b2-4da0-823c-8e932f118a32" dataRowInfo="16" resultType="DataDrivenDataRow" />
      </InnerResults>
    </UnitTestResult>
    <UnitTestResult executionId="44a681e4-aa86-4d29-b2c9-9646904b0501" testId="97a1371f-e8e6-db3e-323e-49ffeef32df1" testName="interrogative_sentences_which" computerName="ARPAN-LAP" duration="00:00:00.0488125" startTime="2014-07-26T16:06:12.8115317+05:30" endTime="2014-07-26T16:06:12.8795355+05:30" testType="13cdc9d9-ddb5-4fa4-a97d-d965ccfc6d4b" outcome="Passed" testListId="8c84fa94-04c1-424b-9868-57a2d4851a1d" relativeResultsDirectory="44a681e4-aa86-4d29-b2c9-9646904b0501" resultType="DataDrivenTest">
      <Counters error="0" failed="0" timeout="0" aborted="0" inconclusive="0" passedButRunAborted="0" notRunnable="0" notExecuted="0" disconnected="0" warning="0" passed="2" completed="0" inProgress="0" pending="0" />
      <InnerResults>
        <UnitTestResult executionId="e7bb7081-cda3-4930-a225-b09f6d1b76d1" parentExecutionId="44a681e4-aa86-4d29-b2c9-9646904b0501" testId="97a1371f-e8e6-db3e-323e-49ffeef32df1" testName="interrogative_sentences_which" computerName="ARPAN-LAP" duration="00:00:00.0212553" startTime="2014-07-26T16:06:12.8245324+05:30" endTime="2014-07-26T16:06:12.8455336+05:30" testType="13cdc9d9-ddb5-4fa4-a97d-d965ccfc6d4b" outcome="Passed" testListId="8c84fa94-04c1-424b-9868-57a2d4851a1d" relativeResultsDirectory="44a681e4-aa86-4d29-b2c9-9646904b0501" dataRowInfo="0" resultType="DataDrivenDataRow" />
        <UnitTestResult executionId="818f3228-1495-4814-b282-2b70ebc1d29d" parentExecutionId="44a681e4-aa86-4d29-b2c9-9646904b0501" testId="97a1371f-e8e6-db3e-323e-49ffeef32df1" testName="interrogative_sentences_which" computerName="ARPAN-LAP" duration="00:00:00.0251926" startTime="2014-07-26T16:06:12.8455336+05:30" endTime="2014-07-26T16:06:12.8705350+05:30" testType="13cdc9d9-ddb5-4fa4-a97d-d965ccfc6d4b" outcome="Passed" testListId="8c84fa94-04c1-424b-9868-57a2d4851a1d" relativeResultsDirectory="44a681e4-aa86-4d29-b2c9-9646904b0501" dataRowInfo="1" resultType="DataDrivenDataRow" />
      </InnerResults>
    </UnitTestResult>
    <UnitTestResult executionId="b9150fbc-b56a-4fb5-9166-2efdd632fcec" testId="b9261b51-b0a2-10e2-9308-22bb2624de8b" testName="interrogative_sentences_where" computerName="ARPAN-LAP" duration="00:00:00.0808469" startTime="2014-07-26T16:06:12.8815357+05:30" endTime="2014-07-26T16:06:12.9835415+05:30" testType="13cdc9d9-ddb5-4fa4-a97d-d965ccfc6d4b" outcome="Passed" testListId="8c84fa94-04c1-424b-9868-57a2d4851a1d" relativeResultsDirectory="b9150fbc-b56a-4fb5-9166-2efdd632fcec" resultType="DataDrivenTest">
      <Counters error="0" failed="0" timeout="0" aborted="0" inconclusive="0" passedButRunAborted="0" notRunnable="0" notExecuted="0" disconnected="0" warning="0" passed="3" completed="0" inProgress="0" pending="0" />
      <InnerResults>
        <UnitTestResult executionId="69ea9d59-11c6-4241-8315-b452042f5d74" parentExecutionId="b9150fbc-b56a-4fb5-9166-2efdd632fcec" testId="b9261b51-b0a2-10e2-9308-22bb2624de8b" testName="interrogative_sentences_where" computerName="ARPAN-LAP" duration="00:00:00.0246623" startTime="2014-07-26T16:06:12.8925363+05:30" endTime="2014-07-26T16:06:12.9175377+05:30" testType="13cdc9d9-ddb5-4fa4-a97d-d965ccfc6d4b" outcome="Passed" testListId="8c84fa94-04c1-424b-9868-57a2d4851a1d" relativeResultsDirectory="b9150fbc-b56a-4fb5-9166-2efdd632fcec" dataRowInfo="0" resultType="DataDrivenDataRow" />
        <UnitTestResult executionId="eb3fa8f9-8951-420e-b2dd-d1fec2c985e9" parentExecutionId="b9150fbc-b56a-4fb5-9166-2efdd632fcec" testId="b9261b51-b0a2-10e2-9308-22bb2624de8b" testName="interrogative_sentences_where" computerName="ARPAN-LAP" duration="00:00:00.0249472" startTime="2014-07-26T16:06:12.9175377+05:30" endTime="2014-07-26T16:06:12.9425391+05:30" testType="13cdc9d9-ddb5-4fa4-a97d-d965ccfc6d4b" outcome="Passed" testListId="8c84fa94-04c1-424b-9868-57a2d4851a1d" relativeResultsDirectory="b9150fbc-b56a-4fb5-9166-2efdd632fcec" dataRowInfo="1" resultType="DataDrivenDataRow" />
        <UnitTestResult executionId="a6de3ddb-64b9-4d9d-aae6-9d6a4ea08e14" parentExecutionId="b9150fbc-b56a-4fb5-9166-2efdd632fcec" testId="b9261b51-b0a2-10e2-9308-22bb2624de8b" testName="interrogative_sentences_where" computerName="ARPAN-LAP" duration="00:00:00.0295887" startTime="2014-07-26T16:06:12.9425391+05:30" endTime="2014-07-26T16:06:12.9715408+05:30" testType="13cdc9d9-ddb5-4fa4-a97d-d965ccfc6d4b" outcome="Passed" testListId="8c84fa94-04c1-424b-9868-57a2d4851a1d" relativeResultsDirectory="b9150fbc-b56a-4fb5-9166-2efdd632fcec" dataRowInfo="2" resultType="DataDrivenDataRow" />
      </InnerResults>
    </UnitTestResult>
    <UnitTestResult executionId="9f44acd4-b89f-4a09-8455-f83bc3235748" testId="bdfe92b2-f4ac-73a5-f13d-5c1ea13721b4" testName="all_persons_tenses_passive_negation" computerName="ARPAN-LAP" duration="00:00:00.3159656" startTime="2014-07-26T16:06:12.9845415+05:30" endTime="2014-07-26T16:06:13.3375617+05:30" testType="13cdc9d9-ddb5-4fa4-a97d-d965ccfc6d4b" outcome="Passed" testListId="8c84fa94-04c1-424b-9868-57a2d4851a1d" relativeResultsDirectory="9f44acd4-b89f-4a09-8455-f83bc3235748" resultType="DataDrivenTest">
      <Counters error="0" failed="0" timeout="0" aborted="0" inconclusive="0" passedButRunAborted="0" notRunnable="0" notExecuted="0" disconnected="0" warning="0" passed="10" completed="0" inProgress="0" pending="0" />
      <InnerResults>
        <UnitTestResult executionId="569a6b27-47cc-45b0-ad0d-2f7a0259eaa9" parentExecutionId="9f44acd4-b89f-4a09-8455-f83bc3235748" testId="bdfe92b2-f4ac-73a5-f13d-5c1ea13721b4" testName="all_persons_tenses_passive_negation" computerName="ARPAN-LAP" duration="00:00:00.0234208" startTime="2014-07-26T16:06:12.9935421+05:30" endTime="2014-07-26T16:06:13.0175434+05:30" testType="13cdc9d9-ddb5-4fa4-a97d-d965ccfc6d4b" outcome="Passed" testListId="8c84fa94-04c1-424b-9868-57a2d4851a1d" relativeResultsDirectory="9f44acd4-b89f-4a09-8455-f83bc3235748" dataRowInfo="0" resultType="DataDrivenDataRow" />
        <UnitTestResult executionId="3c60e251-65e9-446f-a465-26cbc02d5993" parentExecutionId="9f44acd4-b89f-4a09-8455-f83bc3235748" testId="bdfe92b2-f4ac-73a5-f13d-5c1ea13721b4" testName="all_persons_tenses_passive_negation" computerName="ARPAN-LAP" duration="00:00:00.0277337" startTime="2014-07-26T16:06:13.0175434+05:30" endTime="2014-07-26T16:06:13.0455450+05:30" testType="13cdc9d9-ddb5-4fa4-a97d-d965ccfc6d4b" outcome="Passed" testListId="8c84fa94-04c1-424b-9868-57a2d4851a1d" relativeResultsDirectory="9f44acd4-b89f-4a09-8455-f83bc3235748" dataRowInfo="1" resultType="DataDrivenDataRow" />
        <UnitTestResult executionId="79f08843-4b4b-43c4-a230-a30c8c7c4f4b" parentExecutionId="9f44acd4-b89f-4a09-8455-f83bc3235748" testId="bdfe92b2-f4ac-73a5-f13d-5c1ea13721b4" testName="all_persons_tenses_passive_negation" computerName="ARPAN-LAP" duration="00:00:00.0307117" startTime="2014-07-26T16:06:13.0455450+05:30" endTime="2014-07-26T16:06:13.0755468+05:30" testType="13cdc9d9-ddb5-4fa4-a97d-d965ccfc6d4b" outcome="Passed" testListId="8c84fa94-04c1-424b-9868-57a2d4851a1d" relativeResultsDirectory="9f44acd4-b89f-4a09-8455-f83bc3235748" dataRowInfo="2" resultType="DataDrivenDataRow" />
        <UnitTestResult executionId="3e3dc37c-016a-4f13-8509-df2c55c9d849" parentExecutionId="9f44acd4-b89f-4a09-8455-f83bc3235748" testId="bdfe92b2-f4ac-73a5-f13d-5c1ea13721b4" testName="all_persons_tenses_passive_negation" computerName="ARPAN-LAP" duration="00:00:00.0466938" startTime="2014-07-26T16:06:13.0755468+05:30" endTime="2014-07-26T16:06:13.1225494+05:30" testType="13cdc9d9-ddb5-4fa4-a97d-d965ccfc6d4b" outcome="Passed" testListId="8c84fa94-04c1-424b-9868-57a2d4851a1d" relativeResultsDirectory="9f44acd4-b89f-4a09-8455-f83bc3235748" dataRowInfo="3" resultType="DataDrivenDataRow" />
        <UnitTestResult executionId="33278bf1-7566-40c2-9a0d-133f6f14410c" parentExecutionId="9f44acd4-b89f-4a09-8455-f83bc3235748" testId="bdfe92b2-f4ac-73a5-f13d-5c1ea13721b4" testName="all_persons_tenses_passive_negation" computerName="ARPAN-LAP" duration="00:00:00.0309247" startTime="2014-07-26T16:06:13.1225494+05:30" endTime="2014-07-26T16:06:13.1535512+05:30" testType="13cdc9d9-ddb5-4fa4-a97d-d965ccfc6d4b" outcome="Passed" testListId="8c84fa94-04c1-424b-9868-57a2d4851a1d" relativeResultsDirectory="9f44acd4-b89f-4a09-8455-f83bc3235748" dataRowInfo="4" resultType="DataDrivenDataRow" />
        <UnitTestResult executionId="37927501-bd8a-4f15-a93e-a455a7f3956f" parentExecutionId="9f44acd4-b89f-4a09-8455-f83bc3235748" testId="bdfe92b2-f4ac-73a5-f13d-5c1ea13721b4" testName="all_persons_tenses_passive_negation" computerName="ARPAN-LAP" duration="00:00:00.0289004" startTime="2014-07-26T16:06:13.1535512+05:30" endTime="2014-07-26T16:06:13.1825529+05:30" testType="13cdc9d9-ddb5-4fa4-a97d-d965ccfc6d4b" outcome="Passed" testListId="8c84fa94-04c1-424b-9868-57a2d4851a1d" relativeResultsDirectory="9f44acd4-b89f-4a09-8455-f83bc3235748" dataRowInfo="5" resultType="DataDrivenDataRow" />
        <UnitTestResult executionId="696898fc-0c10-4197-b7fe-901a6f3c8f6d" parentExecutionId="9f44acd4-b89f-4a09-8455-f83bc3235748" testId="bdfe92b2-f4ac-73a5-f13d-5c1ea13721b4" testName="all_persons_tenses_passive_negation" computerName="ARPAN-LAP" duration="00:00:00.0274314" startTime="2014-07-26T16:06:13.1825529+05:30" endTime="2014-07-26T16:06:13.2105545+05:30" testType="13cdc9d9-ddb5-4fa4-a97d-d965ccfc6d4b" outcome="Passed" testListId="8c84fa94-04c1-424b-9868-57a2d4851a1d" relativeResultsDirectory="9f44acd4-b89f-4a09-8455-f83bc3235748" dataRowInfo="6" resultType="DataDrivenDataRow" />
        <UnitTestResult executionId="91f4b35d-27e3-412b-a6e3-30c07e1d41b1" parentExecutionId="9f44acd4-b89f-4a09-8455-f83bc3235748" testId="bdfe92b2-f4ac-73a5-f13d-5c1ea13721b4" testName="all_persons_tenses_passive_negation" computerName="ARPAN-LAP" duration="00:00:00.0320693" startTime="2014-07-26T16:06:13.2105545+05:30" endTime="2014-07-26T16:06:13.2425563+05:30" testType="13cdc9d9-ddb5-4fa4-a97d-d965ccfc6d4b" outcome="Passed" testListId="8c84fa94-04c1-424b-9868-57a2d4851a1d" relativeResultsDirectory="9f44acd4-b89f-4a09-8455-f83bc3235748" dataRowInfo="7" resultType="DataDrivenDataRow" />
        <UnitTestResult executionId="640fc1e4-3801-45bb-a949-3708e6f2ffab" parentExecutionId="9f44acd4-b89f-4a09-8455-f83bc3235748" testId="bdfe92b2-f4ac-73a5-f13d-5c1ea13721b4" testName="all_persons_tenses_passive_negation" computerName="ARPAN-LAP" duration="00:00:00.0322238" startTime="2014-07-26T16:06:13.2425563+05:30" endTime="2014-07-26T16:06:13.2745581+05:30" testType="13cdc9d9-ddb5-4fa4-a97d-d965ccfc6d4b" outcome="Passed" testListId="8c84fa94-04c1-424b-9868-57a2d4851a1d" relativeResultsDirectory="9f44acd4-b89f-4a09-8455-f83bc3235748" dataRowInfo="8" resultType="DataDrivenDataRow" />
        <UnitTestResult executionId="3edf8de7-12a8-4fc1-af6f-d0f6ff1e3f86" parentExecutionId="9f44acd4-b89f-4a09-8455-f83bc3235748" testId="bdfe92b2-f4ac-73a5-f13d-5c1ea13721b4" testName="all_persons_tenses_passive_negation" computerName="ARPAN-LAP" duration="00:00:00.0337420" startTime="2014-07-26T16:06:13.2745581+05:30" endTime="2014-07-26T16:06:13.3085601+05:30" testType="13cdc9d9-ddb5-4fa4-a97d-d965ccfc6d4b" outcome="Passed" testListId="8c84fa94-04c1-424b-9868-57a2d4851a1d" relativeResultsDirectory="9f44acd4-b89f-4a09-8455-f83bc3235748" dataRowInfo="9" resultType="DataDrivenDataRow" />
      </InnerResults>
    </UnitTestResult>
    <UnitTestResult executionId="788cbdae-5329-479c-b416-6fd9f631d209" testId="c79146bc-2376-961a-5de9-441b5dfc7188" testName="auxiliary_verbs_as_main_verbs" computerName="ARPAN-LAP" duration="00:00:00.6663980" startTime="2014-07-26T16:06:13.3385618+05:30" endTime="2014-07-26T16:06:14.0836044+05:30" testType="13cdc9d9-ddb5-4fa4-a97d-d965ccfc6d4b" outcome="Passed" testListId="8c84fa94-04c1-424b-9868-57a2d4851a1d" relativeResultsDirectory="788cbdae-5329-479c-b416-6fd9f631d209" resultType="DataDrivenTest">
      <Counters error="0" failed="0" timeout="0" aborted="0" inconclusive="0" passedButRunAborted="0" notRunnable="0" notExecuted="0" disconnected="0" warning="0" passed="25" completed="0" inProgress="0" pending="0" />
      <InnerResults>
        <UnitTestResult executionId="4620bdf0-0716-40f4-a732-547aff321f54" parentExecutionId="788cbdae-5329-479c-b416-6fd9f631d209" testId="c79146bc-2376-961a-5de9-441b5dfc7188" testName="auxiliary_verbs_as_main_verbs" computerName="ARPAN-LAP" duration="00:00:00.0287115" startTime="2014-07-26T16:06:13.3515625+05:30" endTime="2014-07-26T16:06:13.3805642+05:30" testType="13cdc9d9-ddb5-4fa4-a97d-d965ccfc6d4b" outcome="Passed" testListId="8c84fa94-04c1-424b-9868-57a2d4851a1d" relativeResultsDirectory="788cbdae-5329-479c-b416-6fd9f631d209" dataRowInfo="0" resultType="DataDrivenDataRow" />
        <UnitTestResult executionId="e930ba5d-5b0f-46d8-8073-543ec72a47e2" parentExecutionId="788cbdae-5329-479c-b416-6fd9f631d209" testId="c79146bc-2376-961a-5de9-441b5dfc7188" testName="auxiliary_verbs_as_main_verbs" computerName="ARPAN-LAP" duration="00:00:00.0259619" startTime="2014-07-26T16:06:13.3805642+05:30" endTime="2014-07-26T16:06:13.4065657+05:30" testType="13cdc9d9-ddb5-4fa4-a97d-d965ccfc6d4b" outcome="Passed" testListId="8c84fa94-04c1-424b-9868-57a2d4851a1d" relativeResultsDirectory="788cbdae-5329-479c-b416-6fd9f631d209" dataRowInfo="1" resultType="DataDrivenDataRow" />
        <UnitTestResult executionId="b1914ec4-cfca-4220-88fe-357a68a81bc9" parentExecutionId="788cbdae-5329-479c-b416-6fd9f631d209" testId="c79146bc-2376-961a-5de9-441b5dfc7188" testName="auxiliary_verbs_as_main_verbs" computerName="ARPAN-LAP" duration="00:00:00.0319615" startTime="2014-07-26T16:06:13.4065657+05:30" endTime="2014-07-26T16:06:13.4385675+05:30" testType="13cdc9d9-ddb5-4fa4-a97d-d965ccfc6d4b" outcome="Passed" testListId="8c84fa94-04c1-424b-9868-57a2d4851a1d" relativeResultsDirectory="788cbdae-5329-479c-b416-6fd9f631d209" dataRowInfo="2" resultType="DataDrivenDataRow" />
        <UnitTestResult executionId="e2d3b319-b490-4bd5-b292-4f2563bb4e04" parentExecutionId="788cbdae-5329-479c-b416-6fd9f631d209" testId="c79146bc-2376-961a-5de9-441b5dfc7188" testName="auxiliary_verbs_as_main_verbs" computerName="ARPAN-LAP" duration="00:00:00.0336358" startTime="2014-07-26T16:06:13.4385675+05:30" endTime="2014-07-26T16:06:13.4725695+05:30" testType="13cdc9d9-ddb5-4fa4-a97d-d965ccfc6d4b" outcome="Passed" testListId="8c84fa94-04c1-424b-9868-57a2d4851a1d" relativeResultsDirectory="788cbdae-5329-479c-b416-6fd9f631d209" dataRowInfo="3" resultType="DataDrivenDataRow" />
        <UnitTestResult executionId="604e2e93-ead6-40c3-9c9f-ec8727f68593" parentExecutionId="788cbdae-5329-479c-b416-6fd9f631d209" testId="c79146bc-2376-961a-5de9-441b5dfc7188" testName="auxiliary_verbs_as_main_verbs" computerName="ARPAN-LAP" duration="00:00:00.0321642" startTime="2014-07-26T16:06:13.4725695+05:30" endTime="2014-07-26T16:06:13.5045713+05:30" testType="13cdc9d9-ddb5-4fa4-a97d-d965ccfc6d4b" outcome="Passed" testListId="8c84fa94-04c1-424b-9868-57a2d4851a1d" relativeResultsDirectory="788cbdae-5329-479c-b416-6fd9f631d209" dataRowInfo="4" resultType="DataDrivenDataRow" />
        <UnitTestResult executionId="5c05c28d-c582-4c01-98a3-2c9db344039f" parentExecutionId="788cbdae-5329-479c-b416-6fd9f631d209" testId="c79146bc-2376-961a-5de9-441b5dfc7188" testName="auxiliary_verbs_as_main_verbs" computerName="ARPAN-LAP" duration="00:00:00.0267703" startTime="2014-07-26T16:06:13.5045713+05:30" endTime="2014-07-26T16:06:13.5315728+05:30" testType="13cdc9d9-ddb5-4fa4-a97d-d965ccfc6d4b" outcome="Passed" testListId="8c84fa94-04c1-424b-9868-57a2d4851a1d" relativeResultsDirectory="788cbdae-5329-479c-b416-6fd9f631d209" dataRowInfo="5" resultType="DataDrivenDataRow" />
        <UnitTestResult executionId="72f1088a-e0fa-4250-b8a5-68c50e9615fe" parentExecutionId="788cbdae-5329-479c-b416-6fd9f631d209" testId="c79146bc-2376-961a-5de9-441b5dfc7188" testName="auxiliary_verbs_as_main_verbs" computerName="ARPAN-LAP" duration="00:00:00.0280360" startTime="2014-07-26T16:06:13.5315728+05:30" endTime="2014-07-26T16:06:13.5595744+05:30" testType="13cdc9d9-ddb5-4fa4-a97d-d965ccfc6d4b" outcome="Passed" testListId="8c84fa94-04c1-424b-9868-57a2d4851a1d" relativeResultsDirectory="788cbdae-5329-479c-b416-6fd9f631d209" dataRowInfo="6" resultType="DataDrivenDataRow" />
        <UnitTestResult executionId="cdc269ce-e3c5-4545-8e04-6d9b245103d8" parentExecutionId="788cbdae-5329-479c-b416-6fd9f631d209" testId="c79146bc-2376-961a-5de9-441b5dfc7188" testName="auxiliary_verbs_as_main_verbs" computerName="ARPAN-LAP" duration="00:00:00.0308775" startTime="2014-07-26T16:06:13.5595744+05:30" endTime="2014-07-26T16:06:13.5905762+05:30" testType="13cdc9d9-ddb5-4fa4-a97d-d965ccfc6d4b" outcome="Passed" testListId="8c84fa94-04c1-424b-9868-57a2d4851a1d" relativeResultsDirectory="788cbdae-5329-479c-b416-6fd9f631d209" dataRowInfo="7" resultType="DataDrivenDataRow" />
        <UnitTestResult executionId="ccd2346f-0c0d-4ad9-89b2-fbd45b511dbd" parentExecutionId="788cbdae-5329-479c-b416-6fd9f631d209" testId="c79146bc-2376-961a-5de9-441b5dfc7188" testName="auxiliary_verbs_as_main_verbs" computerName="ARPAN-LAP" duration="00:00:00.0570971" startTime="2014-07-26T16:06:13.5905762+05:30" endTime="2014-07-26T16:06:13.6475795+05:30" testType="13cdc9d9-ddb5-4fa4-a97d-d965ccfc6d4b" outcome="Passed" testListId="8c84fa94-04c1-424b-9868-57a2d4851a1d" relativeResultsDirectory="788cbdae-5329-479c-b416-6fd9f631d209" dataRowInfo="8" resultType="DataDrivenDataRow" />
        <UnitTestResult executionId="86aba39a-9923-4992-9c59-8f04fc233fb9" parentExecutionId="788cbdae-5329-479c-b416-6fd9f631d209" testId="c79146bc-2376-961a-5de9-441b5dfc7188" testName="auxiliary_verbs_as_main_verbs" computerName="ARPAN-LAP" duration="00:00:00.0266087" startTime="2014-07-26T16:06:13.6475795+05:30" endTime="2014-07-26T16:06:13.6745810+05:30" testType="13cdc9d9-ddb5-4fa4-a97d-d965ccfc6d4b" outcome="Passed" testListId="8c84fa94-04c1-424b-9868-57a2d4851a1d" relativeResultsDirectory="788cbdae-5329-479c-b416-6fd9f631d209" dataRowInfo="9" resultType="DataDrivenDataRow" />
        <UnitTestResult executionId="e2892227-0573-43c2-a1f7-bbc650266c3d" parentExecutionId="788cbdae-5329-479c-b416-6fd9f631d209" testId="c79146bc-2376-961a-5de9-441b5dfc7188" testName="auxiliary_verbs_as_main_verbs" computerName="ARPAN-LAP" duration="00:00:00.0221181" startTime="2014-07-26T16:06:13.6745810+05:30" endTime="2014-07-26T16:06:13.6965823+05:30" testType="13cdc9d9-ddb5-4fa4-a97d-d965ccfc6d4b" outcome="Passed" testListId="8c84fa94-04c1-424b-9868-57a2d4851a1d" relativeResultsDirectory="788cbdae-5329-479c-b416-6fd9f631d209" dataRowInfo="10" resultType="DataDrivenDataRow" />
        <UnitTestResult executionId="a4ca790c-8b50-4eaf-a6f7-5242c71590a0" parentExecutionId="788cbdae-5329-479c-b416-6fd9f631d209" testId="c79146bc-2376-961a-5de9-441b5dfc7188" testName="auxiliary_verbs_as_main_verbs" computerName="ARPAN-LAP" duration="00:00:00.0256180" startTime="2014-07-26T16:06:13.6965823+05:30" endTime="2014-07-26T16:06:13.7215837+05:30" testType="13cdc9d9-ddb5-4fa4-a97d-d965ccfc6d4b" outcome="Passed" testListId="8c84fa94-04c1-424b-9868-57a2d4851a1d" relativeResultsDirectory="788cbdae-5329-479c-b416-6fd9f631d209" dataRowInfo="11" resultType="DataDrivenDataRow" />
        <UnitTestResult executionId="94ec46b1-81dc-462d-851f-2d11003cb7d5" parentExecutionId="788cbdae-5329-479c-b416-6fd9f631d209" testId="c79146bc-2376-961a-5de9-441b5dfc7188" testName="auxiliary_verbs_as_main_verbs" computerName="ARPAN-LAP" duration="00:00:00.0265265" startTime="2014-07-26T16:06:13.7215837+05:30" endTime="2014-07-26T16:06:13.7485852+05:30" testType="13cdc9d9-ddb5-4fa4-a97d-d965ccfc6d4b" outcome="Passed" testListId="8c84fa94-04c1-424b-9868-57a2d4851a1d" relativeResultsDirectory="788cbdae-5329-479c-b416-6fd9f631d209" dataRowInfo="12" resultType="DataDrivenDataRow" />
        <UnitTestResult executionId="ed3cedb0-37b9-4a59-a32a-45cbec5f90a4" parentExecutionId="788cbdae-5329-479c-b416-6fd9f631d209" testId="c79146bc-2376-961a-5de9-441b5dfc7188" testName="auxiliary_verbs_as_main_verbs" computerName="ARPAN-LAP" duration="00:00:00.0267185" startTime="2014-07-26T16:06:13.7485852+05:30" endTime="2014-07-26T16:06:13.7755868+05:30" testType="13cdc9d9-ddb5-4fa4-a97d-d965ccfc6d4b" outcome="Passed" testListId="8c84fa94-04c1-424b-9868-57a2d4851a1d" relativeResultsDirectory="788cbdae-5329-479c-b416-6fd9f631d209" dataRowInfo="13" resultType="DataDrivenDataRow" />
        <UnitTestResult executionId="8f480ced-8899-448f-b758-225624617a51" parentExecutionId="788cbdae-5329-479c-b416-6fd9f631d209" testId="c79146bc-2376-961a-5de9-441b5dfc7188" testName="auxiliary_verbs_as_main_verbs" computerName="ARPAN-LAP" duration="00:00:00.0201759" startTime="2014-07-26T16:06:13.7755868+05:30" endTime="2014-07-26T16:06:13.7955879+05:30" testType="13cdc9d9-ddb5-4fa4-a97d-d965ccfc6d4b" outcome="Passed" testListId="8c84fa94-04c1-424b-9868-57a2d4851a1d" relativeResultsDirectory="788cbdae-5329-479c-b416-6fd9f631d209" dataRowInfo="14" resultType="DataDrivenDataRow" />
        <UnitTestResult executionId="a8acfc7d-807c-4bc6-a0ec-06117cae907c" parentExecutionId="788cbdae-5329-479c-b416-6fd9f631d209" testId="c79146bc-2376-961a-5de9-441b5dfc7188" testName="auxiliary_verbs_as_main_verbs" computerName="ARPAN-LAP" duration="00:00:00.0186243" startTime="2014-07-26T16:06:13.7955879+05:30" endTime="2014-07-26T16:06:13.8145890+05:30" testType="13cdc9d9-ddb5-4fa4-a97d-d965ccfc6d4b" outcome="Passed" testListId="8c84fa94-04c1-424b-9868-57a2d4851a1d" relativeResultsDirectory="788cbdae-5329-479c-b416-6fd9f631d209" dataRowInfo="15" resultType="DataDrivenDataRow" />
        <UnitTestResult executionId="5c231748-d28a-4fea-b33f-27861834c909" parentExecutionId="788cbdae-5329-479c-b416-6fd9f631d209" testId="c79146bc-2376-961a-5de9-441b5dfc7188" testName="auxiliary_verbs_as_main_verbs" computerName="ARPAN-LAP" duration="00:00:00.0259501" startTime="2014-07-26T16:06:13.8145890+05:30" endTime="2014-07-26T16:06:13.8405905+05:30" testType="13cdc9d9-ddb5-4fa4-a97d-d965ccfc6d4b" outcome="Passed" testListId="8c84fa94-04c1-424b-9868-57a2d4851a1d" relativeResultsDirectory="788cbdae-5329-479c-b416-6fd9f631d209" dataRowInfo="16" resultType="DataDrivenDataRow" />
        <UnitTestResult executionId="fe5ab27f-e55d-45d9-ad2b-304f2091209d" parentExecutionId="788cbdae-5329-479c-b416-6fd9f631d209" testId="c79146bc-2376-961a-5de9-441b5dfc7188" testName="auxiliary_verbs_as_main_verbs" computerName="ARPAN-LAP" duration="00:00:00.0190483" startTime="2014-07-26T16:06:13.8405905+05:30" endTime="2014-07-26T16:06:13.8595916+05:30" testType="13cdc9d9-ddb5-4fa4-a97d-d965ccfc6d4b" outcome="Passed" testListId="8c84fa94-04c1-424b-9868-57a2d4851a1d" relativeResultsDirectory="788cbdae-5329-479c-b416-6fd9f631d209" dataRowInfo="17" resultType="DataDrivenDataRow" />
        <UnitTestResult executionId="f81e0056-3a69-4113-8283-4f012f6b6ea3" parentExecutionId="788cbdae-5329-479c-b416-6fd9f631d209" testId="c79146bc-2376-961a-5de9-441b5dfc7188" testName="auxiliary_verbs_as_main_verbs" computerName="ARPAN-LAP" duration="00:00:00.0182912" startTime="2014-07-26T16:06:13.8595916+05:30" endTime="2014-07-26T16:06:13.8775926+05:30" testType="13cdc9d9-ddb5-4fa4-a97d-d965ccfc6d4b" outcome="Passed" testListId="8c84fa94-04c1-424b-9868-57a2d4851a1d" relativeResultsDirectory="788cbdae-5329-479c-b416-6fd9f631d209" dataRowInfo="18" resultType="DataDrivenDataRow" />
        <UnitTestResult executionId="5ac362cc-86c6-4831-81b2-380ae00152cf" parentExecutionId="788cbdae-5329-479c-b416-6fd9f631d209" testId="c79146bc-2376-961a-5de9-441b5dfc7188" testName="auxiliary_verbs_as_main_verbs" computerName="ARPAN-LAP" duration="00:00:00.0248605" startTime="2014-07-26T16:06:13.8775926+05:30" endTime="2014-07-26T16:06:13.9025941+05:30" testType="13cdc9d9-ddb5-4fa4-a97d-d965ccfc6d4b" outcome="Passed" testListId="8c84fa94-04c1-424b-9868-57a2d4851a1d" relativeResultsDirectory="788cbdae-5329-479c-b416-6fd9f631d209" dataRowInfo="19" resultType="DataDrivenDataRow" />
        <UnitTestResult executionId="0cdbc308-a406-480c-a185-704528bfc8a5" parentExecutionId="788cbdae-5329-479c-b416-6fd9f631d209" testId="c79146bc-2376-961a-5de9-441b5dfc7188" testName="auxiliary_verbs_as_main_verbs" computerName="ARPAN-LAP" duration="00:00:00.0262884" startTime="2014-07-26T16:06:13.9025941+05:30" endTime="2014-07-26T16:06:13.9285955+05:30" testType="13cdc9d9-ddb5-4fa4-a97d-d965ccfc6d4b" outcome="Passed" testListId="8c84fa94-04c1-424b-9868-57a2d4851a1d" relativeResultsDirectory="788cbdae-5329-479c-b416-6fd9f631d209" dataRowInfo="20" resultType="DataDrivenDataRow" />
        <UnitTestResult executionId="e27194e4-9493-49ea-9dad-280c69029f13" parentExecutionId="788cbdae-5329-479c-b416-6fd9f631d209" testId="c79146bc-2376-961a-5de9-441b5dfc7188" testName="auxiliary_verbs_as_main_verbs" computerName="ARPAN-LAP" duration="00:00:00.0259671" startTime="2014-07-26T16:06:13.9285955+05:30" endTime="2014-07-26T16:06:13.9545970+05:30" testType="13cdc9d9-ddb5-4fa4-a97d-d965ccfc6d4b" outcome="Passed" testListId="8c84fa94-04c1-424b-9868-57a2d4851a1d" relativeResultsDirectory="788cbdae-5329-479c-b416-6fd9f631d209" dataRowInfo="21" resultType="DataDrivenDataRow" />
        <UnitTestResult executionId="94e846fd-5939-4bab-ab16-4d80c376fd5c" parentExecutionId="788cbdae-5329-479c-b416-6fd9f631d209" testId="c79146bc-2376-961a-5de9-441b5dfc7188" testName="auxiliary_verbs_as_main_verbs" computerName="ARPAN-LAP" duration="00:00:00.0164527" startTime="2014-07-26T16:06:13.9545970+05:30" endTime="2014-07-26T16:06:13.9715980+05:30" testType="13cdc9d9-ddb5-4fa4-a97d-d965ccfc6d4b" outcome="Passed" testListId="8c84fa94-04c1-424b-9868-57a2d4851a1d" relativeResultsDirectory="788cbdae-5329-479c-b416-6fd9f631d209" dataRowInfo="22" resultType="DataDrivenDataRow" />
        <UnitTestResult executionId="c6dbe4f5-c701-42ce-9e04-7b90f1dea3b0" parentExecutionId="788cbdae-5329-479c-b416-6fd9f631d209" testId="c79146bc-2376-961a-5de9-441b5dfc7188" testName="auxiliary_verbs_as_main_verbs" computerName="ARPAN-LAP" duration="00:00:00.0185596" startTime="2014-07-26T16:06:13.9715980+05:30" endTime="2014-07-26T16:06:13.9895990+05:30" testType="13cdc9d9-ddb5-4fa4-a97d-d965ccfc6d4b" outcome="Passed" testListId="8c84fa94-04c1-424b-9868-57a2d4851a1d" relativeResultsDirectory="788cbdae-5329-479c-b416-6fd9f631d209" dataRowInfo="23" resultType="DataDrivenDataRow" />
        <UnitTestResult executionId="b50adf4b-b1fc-47c7-b1a4-6ebbae920a91" parentExecutionId="788cbdae-5329-479c-b416-6fd9f631d209" testId="c79146bc-2376-961a-5de9-441b5dfc7188" testName="auxiliary_verbs_as_main_verbs" computerName="ARPAN-LAP" duration="00:00:00.0262504" startTime="2014-07-26T16:06:13.9895990+05:30" endTime="2014-07-26T16:06:14.0166006+05:30" testType="13cdc9d9-ddb5-4fa4-a97d-d965ccfc6d4b" outcome="Passed" testListId="8c84fa94-04c1-424b-9868-57a2d4851a1d" relativeResultsDirectory="788cbdae-5329-479c-b416-6fd9f631d209" dataRowInfo="24" resultType="DataDrivenDataRow" />
      </InnerResults>
    </UnitTestResult>
    <UnitTestResult executionId="6c76cf89-f89b-4385-b3d7-f093bb23a145" testId="d03eb628-bf1f-c27d-aeef-e708d613d686" testName="all_persons_modal_can_may_negation" computerName="ARPAN-LAP" duration="00:00:00.6130400" startTime="2014-07-26T16:06:14.0926049+05:30" endTime="2014-07-26T16:06:14.7726438+05:30" testType="13cdc9d9-ddb5-4fa4-a97d-d965ccfc6d4b" outcome="Passed" testListId="8c84fa94-04c1-424b-9868-57a2d4851a1d" relativeResultsDirectory="6c76cf89-f89b-4385-b3d7-f093bb23a145" resultType="DataDrivenTest">
      <Counters error="0" failed="0" timeout="0" aborted="0" inconclusive="0" passedButRunAborted="0" notRunnable="0" notExecuted="0" disconnected="0" warning="0" passed="24" completed="0" inProgress="0" pending="0" />
      <InnerResults>
        <UnitTestResult executionId="6eaf6691-08f8-4275-b1fe-b045e2527e76" parentExecutionId="6c76cf89-f89b-4385-b3d7-f093bb23a145" testId="d03eb628-bf1f-c27d-aeef-e708d613d686" testName="all_persons_modal_can_may_negation" computerName="ARPAN-LAP" duration="00:00:00.0262524" startTime="2014-07-26T16:06:14.0976052+05:30" endTime="2014-07-26T16:06:14.1236067+05:30" testType="13cdc9d9-ddb5-4fa4-a97d-d965ccfc6d4b" outcome="Passed" testListId="8c84fa94-04c1-424b-9868-57a2d4851a1d" relativeResultsDirectory="6c76cf89-f89b-4385-b3d7-f093bb23a145" dataRowInfo="0" resultType="DataDrivenDataRow" />
        <UnitTestResult executionId="c3c40235-2192-4063-9c35-92ab41982322" parentExecutionId="6c76cf89-f89b-4385-b3d7-f093bb23a145" testId="d03eb628-bf1f-c27d-aeef-e708d613d686" testName="all_persons_modal_can_may_negation" computerName="ARPAN-LAP" duration="00:00:00.0234187" startTime="2014-07-26T16:06:14.1236067+05:30" endTime="2014-07-26T16:06:14.1476081+05:30" testType="13cdc9d9-ddb5-4fa4-a97d-d965ccfc6d4b" outcome="Passed" testListId="8c84fa94-04c1-424b-9868-57a2d4851a1d" relativeResultsDirectory="6c76cf89-f89b-4385-b3d7-f093bb23a145" dataRowInfo="1" resultType="DataDrivenDataRow" />
        <UnitTestResult executionId="34281502-12ad-4e7d-8c22-56c4db4eb736" parentExecutionId="6c76cf89-f89b-4385-b3d7-f093bb23a145" testId="d03eb628-bf1f-c27d-aeef-e708d613d686" testName="all_persons_modal_can_may_negation" computerName="ARPAN-LAP" duration="00:00:00.0242020" startTime="2014-07-26T16:06:14.1476081+05:30" endTime="2014-07-26T16:06:14.1716094+05:30" testType="13cdc9d9-ddb5-4fa4-a97d-d965ccfc6d4b" outcome="Passed" testListId="8c84fa94-04c1-424b-9868-57a2d4851a1d" relativeResultsDirectory="6c76cf89-f89b-4385-b3d7-f093bb23a145" dataRowInfo="2" resultType="DataDrivenDataRow" />
        <UnitTestResult executionId="62fcded6-e8a6-4eb3-ac0a-a0e144804771" parentExecutionId="6c76cf89-f89b-4385-b3d7-f093bb23a145" testId="d03eb628-bf1f-c27d-aeef-e708d613d686" testName="all_persons_modal_can_may_negation" computerName="ARPAN-LAP" duration="00:00:00.0238437" startTime="2014-07-26T16:06:14.1716094+05:30" endTime="2014-07-26T16:06:14.1956108+05:30" testType="13cdc9d9-ddb5-4fa4-a97d-d965ccfc6d4b" outcome="Passed" testListId="8c84fa94-04c1-424b-9868-57a2d4851a1d" relativeResultsDirectory="6c76cf89-f89b-4385-b3d7-f093bb23a145" dataRowInfo="3" resultType="DataDrivenDataRow" />
        <UnitTestResult executionId="4d9a1a17-aea6-4109-8ade-7b9f73f78094" parentExecutionId="6c76cf89-f89b-4385-b3d7-f093bb23a145" testId="d03eb628-bf1f-c27d-aeef-e708d613d686" testName="all_persons_modal_can_may_negation" computerName="ARPAN-LAP" duration="00:00:00.0288819" startTime="2014-07-26T16:06:14.1956108+05:30" endTime="2014-07-26T16:06:14.2246125+05:30" testType="13cdc9d9-ddb5-4fa4-a97d-d965ccfc6d4b" outcome="Passed" testListId="8c84fa94-04c1-424b-9868-57a2d4851a1d" relativeResultsDirectory="6c76cf89-f89b-4385-b3d7-f093bb23a145" dataRowInfo="4" resultType="DataDrivenDataRow" />
        <UnitTestResult executionId="b0b518d6-4206-4b4a-9e57-74c4dfbb414f" parentExecutionId="6c76cf89-f89b-4385-b3d7-f093bb23a145" testId="d03eb628-bf1f-c27d-aeef-e708d613d686" testName="all_persons_modal_can_may_negation" computerName="ARPAN-LAP" duration="00:00:00.0302138" startTime="2014-07-26T16:06:14.2246125+05:30" endTime="2014-07-26T16:06:14.2546142+05:30" testType="13cdc9d9-ddb5-4fa4-a97d-d965ccfc6d4b" outcome="Passed" testListId="8c84fa94-04c1-424b-9868-57a2d4851a1d" relativeResultsDirectory="6c76cf89-f89b-4385-b3d7-f093bb23a145" dataRowInfo="5" resultType="DataDrivenDataRow" />
        <UnitTestResult executionId="ba8df848-7c36-4c73-be67-53e326e2f422" parentExecutionId="6c76cf89-f89b-4385-b3d7-f093bb23a145" testId="d03eb628-bf1f-c27d-aeef-e708d613d686" testName="all_persons_modal_can_may_negation" computerName="ARPAN-LAP" duration="00:00:00.0333437" startTime="2014-07-26T16:06:14.2546142+05:30" endTime="2014-07-26T16:06:14.2886161+05:30" testType="13cdc9d9-ddb5-4fa4-a97d-d965ccfc6d4b" outcome="Passed" testListId="8c84fa94-04c1-424b-9868-57a2d4851a1d" relativeResultsDirectory="6c76cf89-f89b-4385-b3d7-f093bb23a145" dataRowInfo="6" resultType="DataDrivenDataRow" />
        <UnitTestResult executionId="b1c3458e-1825-42e2-84a9-43162f922d70" parentExecutionId="6c76cf89-f89b-4385-b3d7-f093bb23a145" testId="d03eb628-bf1f-c27d-aeef-e708d613d686" testName="all_persons_modal_can_may_negation" computerName="ARPAN-LAP" duration="00:00:00.0331933" startTime="2014-07-26T16:06:14.2886161+05:30" endTime="2014-07-26T16:06:14.3216180+05:30" testType="13cdc9d9-ddb5-4fa4-a97d-d965ccfc6d4b" outcome="Passed" testListId="8c84fa94-04c1-424b-9868-57a2d4851a1d" relativeResultsDirectory="6c76cf89-f89b-4385-b3d7-f093bb23a145" dataRowInfo="7" resultType="DataDrivenDataRow" />
        <UnitTestResult executionId="17be35c0-ef8d-4c78-9f5e-6529b2d1102a" parentExecutionId="6c76cf89-f89b-4385-b3d7-f093bb23a145" testId="d03eb628-bf1f-c27d-aeef-e708d613d686" testName="all_persons_modal_can_may_negation" computerName="ARPAN-LAP" duration="00:00:00.0188763" startTime="2014-07-26T16:06:14.3216180+05:30" endTime="2014-07-26T16:06:14.3406191+05:30" testType="13cdc9d9-ddb5-4fa4-a97d-d965ccfc6d4b" outcome="Passed" testListId="8c84fa94-04c1-424b-9868-57a2d4851a1d" relativeResultsDirectory="6c76cf89-f89b-4385-b3d7-f093bb23a145" dataRowInfo="8" resultType="DataDrivenDataRow" />
        <UnitTestResult executionId="68ca225f-ee6f-4ddc-9385-712328610bcc" parentExecutionId="6c76cf89-f89b-4385-b3d7-f093bb23a145" testId="d03eb628-bf1f-c27d-aeef-e708d613d686" testName="all_persons_modal_can_may_negation" computerName="ARPAN-LAP" duration="00:00:00.0225816" startTime="2014-07-26T16:06:14.3406191+05:30" endTime="2014-07-26T16:06:14.3626204+05:30" testType="13cdc9d9-ddb5-4fa4-a97d-d965ccfc6d4b" outcome="Passed" testListId="8c84fa94-04c1-424b-9868-57a2d4851a1d" relativeResultsDirectory="6c76cf89-f89b-4385-b3d7-f093bb23a145" dataRowInfo="9" resultType="DataDrivenDataRow" />
        <UnitTestResult executionId="51afa64e-c49f-4fc7-8659-775f7fe9a47a" parentExecutionId="6c76cf89-f89b-4385-b3d7-f093bb23a145" testId="d03eb628-bf1f-c27d-aeef-e708d613d686" testName="all_persons_modal_can_may_negation" computerName="ARPAN-LAP" duration="00:00:00.0287007" startTime="2014-07-26T16:06:14.3636204+05:30" endTime="2014-07-26T16:06:14.3916220+05:30" testType="13cdc9d9-ddb5-4fa4-a97d-d965ccfc6d4b" outcome="Passed" testListId="8c84fa94-04c1-424b-9868-57a2d4851a1d" relativeResultsDirectory="6c76cf89-f89b-4385-b3d7-f093bb23a145" dataRowInfo="10" resultType="DataDrivenDataRow" />
        <UnitTestResult executionId="4ad9c408-e4d9-4498-a205-fc024d4854e1" parentExecutionId="6c76cf89-f89b-4385-b3d7-f093bb23a145" testId="d03eb628-bf1f-c27d-aeef-e708d613d686" testName="all_persons_modal_can_may_negation" computerName="ARPAN-LAP" duration="00:00:00.0286155" startTime="2014-07-26T16:06:14.3916220+05:30" endTime="2014-07-26T16:06:14.4206237+05:30" testType="13cdc9d9-ddb5-4fa4-a97d-d965ccfc6d4b" outcome="Passed" testListId="8c84fa94-04c1-424b-9868-57a2d4851a1d" relativeResultsDirectory="6c76cf89-f89b-4385-b3d7-f093bb23a145" dataRowInfo="11" resultType="DataDrivenDataRow" />
        <UnitTestResult executionId="72124a19-1c4f-4d73-9319-b745d390d98f" parentExecutionId="6c76cf89-f89b-4385-b3d7-f093bb23a145" testId="d03eb628-bf1f-c27d-aeef-e708d613d686" testName="all_persons_modal_can_may_negation" computerName="ARPAN-LAP" duration="00:00:00.0310587" startTime="2014-07-26T16:06:14.4206237+05:30" endTime="2014-07-26T16:06:14.4516255+05:30" testType="13cdc9d9-ddb5-4fa4-a97d-d965ccfc6d4b" outcome="Passed" testListId="8c84fa94-04c1-424b-9868-57a2d4851a1d" relativeResultsDirectory="6c76cf89-f89b-4385-b3d7-f093bb23a145" dataRowInfo="12" resultType="DataDrivenDataRow" />
        <UnitTestResult executionId="19c397df-b695-4d7a-a93d-47fa3ecdd420" parentExecutionId="6c76cf89-f89b-4385-b3d7-f093bb23a145" testId="d03eb628-bf1f-c27d-aeef-e708d613d686" testName="all_persons_modal_can_may_negation" computerName="ARPAN-LAP" duration="00:00:00.0274016" startTime="2014-07-26T16:06:14.4516255+05:30" endTime="2014-07-26T16:06:14.4786270+05:30" testType="13cdc9d9-ddb5-4fa4-a97d-d965ccfc6d4b" outcome="Passed" testListId="8c84fa94-04c1-424b-9868-57a2d4851a1d" relativeResultsDirectory="6c76cf89-f89b-4385-b3d7-f093bb23a145" dataRowInfo="13" resultType="DataDrivenDataRow" />
        <UnitTestResult executionId="49b3d4ba-1786-49ae-8beb-56d8cff9622f" parentExecutionId="6c76cf89-f89b-4385-b3d7-f093bb23a145" testId="d03eb628-bf1f-c27d-aeef-e708d613d686" testName="all_persons_modal_can_may_negation" computerName="ARPAN-LAP" duration="00:00:00.0252259" startTime="2014-07-26T16:06:14.4786270+05:30" endTime="2014-07-26T16:06:14.5046285+05:30" testType="13cdc9d9-ddb5-4fa4-a97d-d965ccfc6d4b" outcome="Passed" testListId="8c84fa94-04c1-424b-9868-57a2d4851a1d" relativeResultsDirectory="6c76cf89-f89b-4385-b3d7-f093bb23a145" dataRowInfo="14" resultType="DataDrivenDataRow" />
        <UnitTestResult executionId="eb1bc6b5-e4f3-4323-ad83-a74d5e14795b" parentExecutionId="6c76cf89-f89b-4385-b3d7-f093bb23a145" testId="d03eb628-bf1f-c27d-aeef-e708d613d686" testName="all_persons_modal_can_may_negation" computerName="ARPAN-LAP" duration="00:00:00.0234182" startTime="2014-07-26T16:06:14.5046285+05:30" endTime="2014-07-26T16:06:14.5276298+05:30" testType="13cdc9d9-ddb5-4fa4-a97d-d965ccfc6d4b" outcome="Passed" testListId="8c84fa94-04c1-424b-9868-57a2d4851a1d" relativeResultsDirectory="6c76cf89-f89b-4385-b3d7-f093bb23a145" dataRowInfo="15" resultType="DataDrivenDataRow" />
        <UnitTestResult executionId="91f4b116-e8be-4422-9683-f12f81dd3ff1" parentExecutionId="6c76cf89-f89b-4385-b3d7-f093bb23a145" testId="d03eb628-bf1f-c27d-aeef-e708d613d686" testName="all_persons_modal_can_may_negation" computerName="ARPAN-LAP" duration="00:00:00.0193665" startTime="2014-07-26T16:06:14.5276298+05:30" endTime="2014-07-26T16:06:14.5476310+05:30" testType="13cdc9d9-ddb5-4fa4-a97d-d965ccfc6d4b" outcome="Passed" testListId="8c84fa94-04c1-424b-9868-57a2d4851a1d" relativeResultsDirectory="6c76cf89-f89b-4385-b3d7-f093bb23a145" dataRowInfo="16" resultType="DataDrivenDataRow" />
        <UnitTestResult executionId="3f4532bb-8b74-4e00-8fdd-ec6c98d44fe0" parentExecutionId="6c76cf89-f89b-4385-b3d7-f093bb23a145" testId="d03eb628-bf1f-c27d-aeef-e708d613d686" testName="all_persons_modal_can_may_negation" computerName="ARPAN-LAP" duration="00:00:00.0192448" startTime="2014-07-26T16:06:14.5476310+05:30" endTime="2014-07-26T16:06:14.5666320+05:30" testType="13cdc9d9-ddb5-4fa4-a97d-d965ccfc6d4b" outcome="Passed" testListId="8c84fa94-04c1-424b-9868-57a2d4851a1d" relativeResultsDirectory="6c76cf89-f89b-4385-b3d7-f093bb23a145" dataRowInfo="17" resultType="DataDrivenDataRow" />
        <UnitTestResult executionId="87dcbf00-7f1f-4d7f-aa75-1e8955244c4b" parentExecutionId="6c76cf89-f89b-4385-b3d7-f093bb23a145" testId="d03eb628-bf1f-c27d-aeef-e708d613d686" testName="all_persons_modal_can_may_negation" computerName="ARPAN-LAP" duration="00:00:00.0212733" startTime="2014-07-26T16:06:14.5666320+05:30" endTime="2014-07-26T16:06:14.5876332+05:30" testType="13cdc9d9-ddb5-4fa4-a97d-d965ccfc6d4b" outcome="Passed" testListId="8c84fa94-04c1-424b-9868-57a2d4851a1d" relativeResultsDirectory="6c76cf89-f89b-4385-b3d7-f093bb23a145" dataRowInfo="18" resultType="DataDrivenDataRow" />
        <UnitTestResult executionId="a6e466e1-35bd-45b1-9758-7d01945383a8" parentExecutionId="6c76cf89-f89b-4385-b3d7-f093bb23a145" testId="d03eb628-bf1f-c27d-aeef-e708d613d686" testName="all_persons_modal_can_may_negation" computerName="ARPAN-LAP" duration="00:00:00.0197381" startTime="2014-07-26T16:06:14.5876332+05:30" endTime="2014-07-26T16:06:14.6076344+05:30" testType="13cdc9d9-ddb5-4fa4-a97d-d965ccfc6d4b" outcome="Passed" testListId="8c84fa94-04c1-424b-9868-57a2d4851a1d" relativeResultsDirectory="6c76cf89-f89b-4385-b3d7-f093bb23a145" dataRowInfo="19" resultType="DataDrivenDataRow" />
        <UnitTestResult executionId="e1289ffd-67fb-476f-b06f-2b2474b6ffa4" parentExecutionId="6c76cf89-f89b-4385-b3d7-f093bb23a145" testId="d03eb628-bf1f-c27d-aeef-e708d613d686" testName="all_persons_modal_can_may_negation" computerName="ARPAN-LAP" duration="00:00:00.0211213" startTime="2014-07-26T16:06:14.6076344+05:30" endTime="2014-07-26T16:06:14.6286356+05:30" testType="13cdc9d9-ddb5-4fa4-a97d-d965ccfc6d4b" outcome="Passed" testListId="8c84fa94-04c1-424b-9868-57a2d4851a1d" relativeResultsDirectory="6c76cf89-f89b-4385-b3d7-f093bb23a145" dataRowInfo="20" resultType="DataDrivenDataRow" />
        <UnitTestResult executionId="6f630533-e189-4fce-b806-722d6c75eada" parentExecutionId="6c76cf89-f89b-4385-b3d7-f093bb23a145" testId="d03eb628-bf1f-c27d-aeef-e708d613d686" testName="all_persons_modal_can_may_negation" computerName="ARPAN-LAP" duration="00:00:00.0269335" startTime="2014-07-26T16:06:14.6286356+05:30" endTime="2014-07-26T16:06:14.6556371+05:30" testType="13cdc9d9-ddb5-4fa4-a97d-d965ccfc6d4b" outcome="Passed" testListId="8c84fa94-04c1-424b-9868-57a2d4851a1d" relativeResultsDirectory="6c76cf89-f89b-4385-b3d7-f093bb23a145" dataRowInfo="21" resultType="DataDrivenDataRow" />
        <UnitTestResult executionId="16c79040-dc96-4d21-b4ef-24e417feccf5" parentExecutionId="6c76cf89-f89b-4385-b3d7-f093bb23a145" testId="d03eb628-bf1f-c27d-aeef-e708d613d686" testName="all_persons_modal_can_may_negation" computerName="ARPAN-LAP" duration="00:00:00.0292987" startTime="2014-07-26T16:06:14.6556371+05:30" endTime="2014-07-26T16:06:14.6856388+05:30" testType="13cdc9d9-ddb5-4fa4-a97d-d965ccfc6d4b" outcome="Passed" testListId="8c84fa94-04c1-424b-9868-57a2d4851a1d" relativeResultsDirectory="6c76cf89-f89b-4385-b3d7-f093bb23a145" dataRowInfo="22" resultType="DataDrivenDataRow" />
        <UnitTestResult executionId="fb47266f-76df-4a3c-ba2d-2faa1d8aee83" parentExecutionId="6c76cf89-f89b-4385-b3d7-f093bb23a145" testId="d03eb628-bf1f-c27d-aeef-e708d613d686" testName="all_persons_modal_can_may_negation" computerName="ARPAN-LAP" duration="00:00:00.0234885" startTime="2014-07-26T16:06:14.6856388+05:30" endTime="2014-07-26T16:06:14.7086402+05:30" testType="13cdc9d9-ddb5-4fa4-a97d-d965ccfc6d4b" outcome="Passed" testListId="8c84fa94-04c1-424b-9868-57a2d4851a1d" relativeResultsDirectory="6c76cf89-f89b-4385-b3d7-f093bb23a145" dataRowInfo="23" resultType="DataDrivenDataRow" />
      </InnerResults>
    </UnitTestResult>
    <UnitTestResult executionId="7c969c92-9bda-4064-a89b-1f05b6ee49ab" testId="d766a059-d96c-7b47-e6a6-34931760df96" testName="all_persons_tenses_passive" computerName="ARPAN-LAP" duration="00:00:00.2760859" startTime="2014-07-26T16:06:14.7826444+05:30" endTime="2014-07-26T16:06:15.1096631+05:30" testType="13cdc9d9-ddb5-4fa4-a97d-d965ccfc6d4b" outcome="Passed" testListId="8c84fa94-04c1-424b-9868-57a2d4851a1d" relativeResultsDirectory="7c969c92-9bda-4064-a89b-1f05b6ee49ab" resultType="DataDrivenTest">
      <Counters error="0" failed="0" timeout="0" aborted="0" inconclusive="0" passedButRunAborted="0" notRunnable="0" notExecuted="0" disconnected="0" warning="0" passed="10" completed="0" inProgress="0" pending="0" />
      <InnerResults>
        <UnitTestResult executionId="c25dc827-2f65-4d3b-add4-96679f43cced" parentExecutionId="7c969c92-9bda-4064-a89b-1f05b6ee49ab" testId="d766a059-d96c-7b47-e6a6-34931760df96" testName="all_persons_tenses_passive" computerName="ARPAN-LAP" duration="00:00:00.0204002" startTime="2014-07-26T16:06:14.7926450+05:30" endTime="2014-07-26T16:06:14.8136462+05:30" testType="13cdc9d9-ddb5-4fa4-a97d-d965ccfc6d4b" outcome="Passed" testListId="8c84fa94-04c1-424b-9868-57a2d4851a1d" relativeResultsDirectory="7c969c92-9bda-4064-a89b-1f05b6ee49ab" dataRowInfo="0" resultType="DataDrivenDataRow" />
        <UnitTestResult executionId="ef4d3e97-27d3-43de-a33f-94e1647a592e" parentExecutionId="7c969c92-9bda-4064-a89b-1f05b6ee49ab" testId="d766a059-d96c-7b47-e6a6-34931760df96" testName="all_persons_tenses_passive" computerName="ARPAN-LAP" duration="00:00:00.0246926" startTime="2014-07-26T16:06:14.8136462+05:30" endTime="2014-07-26T16:06:14.8376475+05:30" testType="13cdc9d9-ddb5-4fa4-a97d-d965ccfc6d4b" outcome="Passed" testListId="8c84fa94-04c1-424b-9868-57a2d4851a1d" relativeResultsDirectory="7c969c92-9bda-4064-a89b-1f05b6ee49ab" dataRowInfo="1" resultType="DataDrivenDataRow" />
        <UnitTestResult executionId="e204db7e-4706-4137-946e-8edc6af56e07" parentExecutionId="7c969c92-9bda-4064-a89b-1f05b6ee49ab" testId="d766a059-d96c-7b47-e6a6-34931760df96" testName="all_persons_tenses_passive" computerName="ARPAN-LAP" duration="00:00:00.0282054" startTime="2014-07-26T16:06:14.8376475+05:30" endTime="2014-07-26T16:06:14.8666492+05:30" testType="13cdc9d9-ddb5-4fa4-a97d-d965ccfc6d4b" outcome="Passed" testListId="8c84fa94-04c1-424b-9868-57a2d4851a1d" relativeResultsDirectory="7c969c92-9bda-4064-a89b-1f05b6ee49ab" dataRowInfo="2" resultType="DataDrivenDataRow" />
        <UnitTestResult executionId="35ceb021-0a29-447f-b4c7-29291d58b087" parentExecutionId="7c969c92-9bda-4064-a89b-1f05b6ee49ab" testId="d766a059-d96c-7b47-e6a6-34931760df96" testName="all_persons_tenses_passive" computerName="ARPAN-LAP" duration="00:00:00.0306198" startTime="2014-07-26T16:06:14.8666492+05:30" endTime="2014-07-26T16:06:14.8966509+05:30" testType="13cdc9d9-ddb5-4fa4-a97d-d965ccfc6d4b" outcome="Passed" testListId="8c84fa94-04c1-424b-9868-57a2d4851a1d" relativeResultsDirectory="7c969c92-9bda-4064-a89b-1f05b6ee49ab" dataRowInfo="3" resultType="DataDrivenDataRow" />
        <UnitTestResult executionId="aacaecea-cdbf-4fd5-be17-387808f74e53" parentExecutionId="7c969c92-9bda-4064-a89b-1f05b6ee49ab" testId="d766a059-d96c-7b47-e6a6-34931760df96" testName="all_persons_tenses_passive" computerName="ARPAN-LAP" duration="00:00:00.0251720" startTime="2014-07-26T16:06:14.8966509+05:30" endTime="2014-07-26T16:06:14.9226524+05:30" testType="13cdc9d9-ddb5-4fa4-a97d-d965ccfc6d4b" outcome="Passed" testListId="8c84fa94-04c1-424b-9868-57a2d4851a1d" relativeResultsDirectory="7c969c92-9bda-4064-a89b-1f05b6ee49ab" dataRowInfo="4" resultType="DataDrivenDataRow" />
        <UnitTestResult executionId="d18813ca-9b98-4663-9d02-9ffb744d71f8" parentExecutionId="7c969c92-9bda-4064-a89b-1f05b6ee49ab" testId="d766a059-d96c-7b47-e6a6-34931760df96" testName="all_persons_tenses_passive" computerName="ARPAN-LAP" duration="00:00:00.0245104" startTime="2014-07-26T16:06:14.9226524+05:30" endTime="2014-07-26T16:06:14.9466538+05:30" testType="13cdc9d9-ddb5-4fa4-a97d-d965ccfc6d4b" outcome="Passed" testListId="8c84fa94-04c1-424b-9868-57a2d4851a1d" relativeResultsDirectory="7c969c92-9bda-4064-a89b-1f05b6ee49ab" dataRowInfo="5" resultType="DataDrivenDataRow" />
        <UnitTestResult executionId="8ebcfcb0-4963-45d8-bde4-5b4a16229554" parentExecutionId="7c969c92-9bda-4064-a89b-1f05b6ee49ab" testId="d766a059-d96c-7b47-e6a6-34931760df96" testName="all_persons_tenses_passive" computerName="ARPAN-LAP" duration="00:00:00.0258937" startTime="2014-07-26T16:06:14.9466538+05:30" endTime="2014-07-26T16:06:14.9726553+05:30" testType="13cdc9d9-ddb5-4fa4-a97d-d965ccfc6d4b" outcome="Passed" testListId="8c84fa94-04c1-424b-9868-57a2d4851a1d" relativeResultsDirectory="7c969c92-9bda-4064-a89b-1f05b6ee49ab" dataRowInfo="6" resultType="DataDrivenDataRow" />
        <UnitTestResult executionId="39dc4e1b-e7bc-4800-8933-889f6e7b878b" parentExecutionId="7c969c92-9bda-4064-a89b-1f05b6ee49ab" testId="d766a059-d96c-7b47-e6a6-34931760df96" testName="all_persons_tenses_passive" computerName="ARPAN-LAP" duration="00:00:00.0287197" startTime="2014-07-26T16:06:14.9726553+05:30" endTime="2014-07-26T16:06:15.0016569+05:30" testType="13cdc9d9-ddb5-4fa4-a97d-d965ccfc6d4b" outcome="Passed" testListId="8c84fa94-04c1-424b-9868-57a2d4851a1d" relativeResultsDirectory="7c969c92-9bda-4064-a89b-1f05b6ee49ab" dataRowInfo="7" resultType="DataDrivenDataRow" />
        <UnitTestResult executionId="926f1763-fc80-47a9-a654-15bc918eebc0" parentExecutionId="7c969c92-9bda-4064-a89b-1f05b6ee49ab" testId="d766a059-d96c-7b47-e6a6-34931760df96" testName="all_persons_tenses_passive" computerName="ARPAN-LAP" duration="00:00:00.0318445" startTime="2014-07-26T16:06:15.0016569+05:30" endTime="2014-07-26T16:06:15.0336588+05:30" testType="13cdc9d9-ddb5-4fa4-a97d-d965ccfc6d4b" outcome="Passed" testListId="8c84fa94-04c1-424b-9868-57a2d4851a1d" relativeResultsDirectory="7c969c92-9bda-4064-a89b-1f05b6ee49ab" dataRowInfo="8" resultType="DataDrivenDataRow" />
        <UnitTestResult executionId="aba97dbc-98fb-414a-a105-be1787f986e9" parentExecutionId="7c969c92-9bda-4064-a89b-1f05b6ee49ab" testId="d766a059-d96c-7b47-e6a6-34931760df96" testName="all_persons_tenses_passive" computerName="ARPAN-LAP" duration="00:00:00.0333530" startTime="2014-07-26T16:06:15.0336588+05:30" endTime="2014-07-26T16:06:15.0666606+05:30" testType="13cdc9d9-ddb5-4fa4-a97d-d965ccfc6d4b" outcome="Passed" testListId="8c84fa94-04c1-424b-9868-57a2d4851a1d" relativeResultsDirectory="7c969c92-9bda-4064-a89b-1f05b6ee49ab" dataRowInfo="9" resultType="DataDrivenDataRow" />
      </InnerResults>
    </UnitTestResult>
    <UnitTestResult executionId="6f2d5404-ca12-4c8d-9d0f-2892451eeda4" testId="fe3e63ab-391c-e168-48d0-431b85a7b898" testName="third_person_tenses_active_negation" computerName="ARPAN-LAP" duration="00:00:00.2263130" startTime="2014-07-26T16:06:15.1216638+05:30" endTime="2014-07-26T16:06:15.3826787+05:30" testType="13cdc9d9-ddb5-4fa4-a97d-d965ccfc6d4b" outcome="Passed" testListId="8c84fa94-04c1-424b-9868-57a2d4851a1d" relativeResultsDirectory="6f2d5404-ca12-4c8d-9d0f-2892451eeda4" resultType="DataDrivenTest">
      <Counters error="0" failed="0" timeout="0" aborted="0" inconclusive="0" passedButRunAborted="0" notRunnable="0" notExecuted="0" disconnected="0" warning="0" passed="10" completed="0" inProgress="0" pending="0" />
      <InnerResults>
        <UnitTestResult executionId="70ee60d8-d961-4155-aa22-ce0a4bb27322" parentExecutionId="6f2d5404-ca12-4c8d-9d0f-2892451eeda4" testId="fe3e63ab-391c-e168-48d0-431b85a7b898" testName="third_person_tenses_active_negation" computerName="ARPAN-LAP" duration="00:00:00.0213852" startTime="2014-07-26T16:06:15.1296642+05:30" endTime="2014-07-26T16:06:15.1506654+05:30" testType="13cdc9d9-ddb5-4fa4-a97d-d965ccfc6d4b" outcome="Passed" testListId="8c84fa94-04c1-424b-9868-57a2d4851a1d" relativeResultsDirectory="6f2d5404-ca12-4c8d-9d0f-2892451eeda4" dataRowInfo="0" resultType="DataDrivenDataRow" />
        <UnitTestResult executionId="6a0c7449-74ac-4a51-baf8-fb45b0b34054" parentExecutionId="6f2d5404-ca12-4c8d-9d0f-2892451eeda4" testId="fe3e63ab-391c-e168-48d0-431b85a7b898" testName="third_person_tenses_active_negation" computerName="ARPAN-LAP" duration="00:00:00.0205003" startTime="2014-07-26T16:06:15.1506654+05:30" endTime="2014-07-26T16:06:15.1716666+05:30" testType="13cdc9d9-ddb5-4fa4-a97d-d965ccfc6d4b" outcome="Passed" testListId="8c84fa94-04c1-424b-9868-57a2d4851a1d" relativeResultsDirectory="6f2d5404-ca12-4c8d-9d0f-2892451eeda4" dataRowInfo="1" resultType="DataDrivenDataRow" />
        <UnitTestResult executionId="f4df6425-f58f-4062-99a9-c57e8196328f" parentExecutionId="6f2d5404-ca12-4c8d-9d0f-2892451eeda4" testId="fe3e63ab-391c-e168-48d0-431b85a7b898" testName="third_person_tenses_active_negation" computerName="ARPAN-LAP" duration="00:00:00.0236692" startTime="2014-07-26T16:06:15.1716666+05:30" endTime="2014-07-26T16:06:15.1956680+05:30" testType="13cdc9d9-ddb5-4fa4-a97d-d965ccfc6d4b" outcome="Passed" testListId="8c84fa94-04c1-424b-9868-57a2d4851a1d" relativeResultsDirectory="6f2d5404-ca12-4c8d-9d0f-2892451eeda4" dataRowInfo="2" resultType="DataDrivenDataRow" />
        <UnitTestResult executionId="1f1d6ef8-ef5b-4a57-8980-ad3f4e78600e" parentExecutionId="6f2d5404-ca12-4c8d-9d0f-2892451eeda4" testId="fe3e63ab-391c-e168-48d0-431b85a7b898" testName="third_person_tenses_active_negation" computerName="ARPAN-LAP" duration="00:00:00.0260620" startTime="2014-07-26T16:06:15.1956680+05:30" endTime="2014-07-26T16:06:15.2216695+05:30" testType="13cdc9d9-ddb5-4fa4-a97d-d965ccfc6d4b" outcome="Passed" testListId="8c84fa94-04c1-424b-9868-57a2d4851a1d" relativeResultsDirectory="6f2d5404-ca12-4c8d-9d0f-2892451eeda4" dataRowInfo="3" resultType="DataDrivenDataRow" />
        <UnitTestResult executionId="8f2a9173-35ca-47d1-9298-690f10fe47a7" parentExecutionId="6f2d5404-ca12-4c8d-9d0f-2892451eeda4" testId="fe3e63ab-391c-e168-48d0-431b85a7b898" testName="third_person_tenses_active_negation" computerName="ARPAN-LAP" duration="00:00:00.0193331" startTime="2014-07-26T16:06:15.2216695+05:30" endTime="2014-07-26T16:06:15.2406706+05:30" testType="13cdc9d9-ddb5-4fa4-a97d-d965ccfc6d4b" outcome="Passed" testListId="8c84fa94-04c1-424b-9868-57a2d4851a1d" relativeResultsDirectory="6f2d5404-ca12-4c8d-9d0f-2892451eeda4" dataRowInfo="4" resultType="DataDrivenDataRow" />
        <UnitTestResult executionId="a20cef8e-29ed-4cf3-bd95-684a59042245" parentExecutionId="6f2d5404-ca12-4c8d-9d0f-2892451eeda4" testId="fe3e63ab-391c-e168-48d0-431b85a7b898" testName="third_person_tenses_active_negation" computerName="ARPAN-LAP" duration="00:00:00.0199537" startTime="2014-07-26T16:06:15.2406706+05:30" endTime="2014-07-26T16:06:15.2606717+05:30" testType="13cdc9d9-ddb5-4fa4-a97d-d965ccfc6d4b" outcome="Passed" testListId="8c84fa94-04c1-424b-9868-57a2d4851a1d" relativeResultsDirectory="6f2d5404-ca12-4c8d-9d0f-2892451eeda4" dataRowInfo="5" resultType="DataDrivenDataRow" />
        <UnitTestResult executionId="12f8ad1c-6924-4041-9719-12b7864ea4de" parentExecutionId="6f2d5404-ca12-4c8d-9d0f-2892451eeda4" testId="fe3e63ab-391c-e168-48d0-431b85a7b898" testName="third_person_tenses_active_negation" computerName="ARPAN-LAP" duration="00:00:00.0203514" startTime="2014-07-26T16:06:15.2606717+05:30" endTime="2014-07-26T16:06:15.2816729+05:30" testType="13cdc9d9-ddb5-4fa4-a97d-d965ccfc6d4b" outcome="Passed" testListId="8c84fa94-04c1-424b-9868-57a2d4851a1d" relativeResultsDirectory="6f2d5404-ca12-4c8d-9d0f-2892451eeda4" dataRowInfo="6" resultType="DataDrivenDataRow" />
        <UnitTestResult executionId="f4e99971-de6d-4989-8a2b-29f81b5670de" parentExecutionId="6f2d5404-ca12-4c8d-9d0f-2892451eeda4" testId="fe3e63ab-391c-e168-48d0-431b85a7b898" testName="third_person_tenses_active_negation" computerName="ARPAN-LAP" duration="00:00:00.0257541" startTime="2014-07-26T16:06:15.2816729+05:30" endTime="2014-07-26T16:06:15.3066744+05:30" testType="13cdc9d9-ddb5-4fa4-a97d-d965ccfc6d4b" outcome="Passed" testListId="8c84fa94-04c1-424b-9868-57a2d4851a1d" relativeResultsDirectory="6f2d5404-ca12-4c8d-9d0f-2892451eeda4" dataRowInfo="7" resultType="DataDrivenDataRow" />
        <UnitTestResult executionId="874fd447-6c55-4267-bc40-20de509b39f7" parentExecutionId="6f2d5404-ca12-4c8d-9d0f-2892451eeda4" testId="fe3e63ab-391c-e168-48d0-431b85a7b898" testName="third_person_tenses_active_negation" computerName="ARPAN-LAP" duration="00:00:00.0206060" startTime="2014-07-26T16:06:15.3066744+05:30" endTime="2014-07-26T16:06:15.3276756+05:30" testType="13cdc9d9-ddb5-4fa4-a97d-d965ccfc6d4b" outcome="Passed" testListId="8c84fa94-04c1-424b-9868-57a2d4851a1d" relativeResultsDirectory="6f2d5404-ca12-4c8d-9d0f-2892451eeda4" dataRowInfo="8" resultType="DataDrivenDataRow" />
        <UnitTestResult executionId="5d924e23-b274-4273-9907-3014176b215d" parentExecutionId="6f2d5404-ca12-4c8d-9d0f-2892451eeda4" testId="fe3e63ab-391c-e168-48d0-431b85a7b898" testName="third_person_tenses_active_negation" computerName="ARPAN-LAP" duration="00:00:00.0261221" startTime="2014-07-26T16:06:15.3276756+05:30" endTime="2014-07-26T16:06:15.3536771+05:30" testType="13cdc9d9-ddb5-4fa4-a97d-d965ccfc6d4b" outcome="Passed" testListId="8c84fa94-04c1-424b-9868-57a2d4851a1d" relativeResultsDirectory="6f2d5404-ca12-4c8d-9d0f-2892451eeda4" dataRowInfo="9" resultType="DataDrivenDataRow" />
      </InnerResults>
    </UnitTestResult>
  </Results>
</TestRun>