<?xml version="1.0" encoding="UTF-8"?>
<TestRun id="0af06b2d-7b4f-458d-9766-de300d703d0e" name="Arghya@ARPAN-LAP 2014-06-25 20:12:54" runUser="ARPAN-LAP\Arghya" xmlns="http://microsoft.com/schemas/VisualStudio/TeamTest/2010">
  <TestSettings name="Default Test Settings" id="1be11f9f-4ff6-49d9-baee-f8e074820666">
    <Deployment userDeploymentRoot="D:\software\Project\BNLP\TestResults" useDefaultDeploymentRoot="false" runDeploymentRoot="Arghya_ARPAN-LAP 2014-06-25 20_12_54" />
    <Execution>
      <TestTypeSpecific />
      <AgentRule name="Execution Agents">
      </AgentRule>
    </Execution>
  </TestSettings>
  <Times creation="2014-06-25T20:12:54.6547082+05:30" queuing="2014-06-25T20:12:54.9007222+05:30" start="2014-06-25T20:12:54.9227235+05:30" finish="2014-06-25T20:13:12.4447257+05:30" />
  <ResultSummary outcome="Failed">
    <Counters total="309" executed="309" passed="273" error="0" failed="36" timeout="0" aborted="0" inconclusive="0" passedButRunAborted="0" notRunnable="0" notExecuted="0" disconnected="0" warning="0" completed="0" inProgress="0" pending="0" />
    <RunInfos>
      <RunInfo computerName="ARPAN-LAP" outcome="Warning" timestamp="2014-06-25T20:12:54.8747208+05:30">
        <Text>Warning: Test Run deployment issue: Failed to get the file for deployment item '..\UnitTest\TestCases\wikipedia.xml' specified by the test 'UnitTest.BnlpTest.RandomWord': System.IO.DirectoryNotFoundException: Could not find a part of the path 'D:\software\Project\UnitTest\TestCases\wikipedia.xml'.</Text>
        <Exception>System.IO.DirectoryNotFoundException: Could not find a part of the path 'D:\software\Project\UnitTest\TestCases\wikipedia.xml'.
   at System.IO.__Error.WinIOError(Int32 errorCode, String maybeFullPath)
   at System.IO.File.GetAttributes(String path)
   at Microsoft.VisualStudio.TestTools.Common.SingleFileProvider.GetFilePaths()
   at Microsoft.VisualStudio.TestTools.TestManagement.DeploymentCoverageItem.GetFiles(TestRunConfiguration runConfig)
   at Microsoft.VisualStudio.TestTools.TestManagement.DeploymentManager.DoDeployment(TestRun run, FileCopyService fileCopyService)</Exception>
      </RunInfo>
      <RunInfo computerName="ARPAN-LAP" outcome="Warning" timestamp="2014-06-25T20:12:54.8767209+05:30">
        <Text>Warning: Test Run deployment issue: Failed to get the file for deployment item '..\UnitTest\TestCases\interrogative_sentences_who.xml' specified by the test 'UnitTest.BnlpTest.interrogative_sentences_who': System.IO.DirectoryNotFoundException: Could not find a part of the path 'D:\software\Project\UnitTest\TestCases\interrogative_sentences_who.xml'.</Text>
        <Exception>System.IO.DirectoryNotFoundException: Could not find a part of the path 'D:\software\Project\UnitTest\TestCases\interrogative_sentences_who.xml'.
   at System.IO.__Error.WinIOError(Int32 errorCode, String maybeFullPath)
   at System.IO.File.GetAttributes(String path)
   at Microsoft.VisualStudio.TestTools.Common.SingleFileProvider.GetFilePaths()
   at Microsoft.VisualStudio.TestTools.TestManagement.DeploymentCoverageItem.GetFiles(TestRunConfiguration runConfig)
   at Microsoft.VisualStudio.TestTools.TestManagement.DeploymentManager.DoDeployment(TestRun run, FileCopyService fileCopyService)</Exception>
      </RunInfo>
      <RunInfo computerName="ARPAN-LAP" outcome="Warning" timestamp="2014-06-25T20:12:54.8777209+05:30">
        <Text>Warning: Test Run deployment issue: Failed to get the file for deployment item '..\UnitTest\TestCases\special_handling_do_verb.xml' specified by the test 'UnitTest.BnlpTest.special_handling_do_verb': System.IO.DirectoryNotFoundException: Could not find a part of the path 'D:\software\Project\UnitTest\TestCases\special_handling_do_verb.xml'.</Text>
        <Exception>System.IO.DirectoryNotFoundException: Could not find a part of the path 'D:\software\Project\UnitTest\TestCases\special_handling_do_verb.xml'.
   at System.IO.__Error.WinIOError(Int32 errorCode, String maybeFullPath)
   at System.IO.File.GetAttributes(String path)
   at Microsoft.VisualStudio.TestTools.Common.SingleFileProvider.GetFilePaths()
   at Microsoft.VisualStudio.TestTools.TestManagement.DeploymentCoverageItem.GetFiles(TestRunConfiguration runConfig)
   at Microsoft.VisualStudio.TestTools.TestManagement.DeploymentManager.DoDeployment(TestRun run, FileCopyService fileCopyService)</Exception>
      </RunInfo>
      <RunInfo computerName="ARPAN-LAP" outcome="Warning" timestamp="2014-06-25T20:12:54.8787210+05:30">
        <Text>Warning: Test Run deployment issue: Failed to get the file for deployment item '..\UnitTest\TestCases\interrogative_sentences_which.xml' specified by the test 'UnitTest.BnlpTest.interrogative_sentences_which': System.IO.DirectoryNotFoundException: Could not find a part of the path 'D:\software\Project\UnitTest\TestCases\interrogative_sentences_which.xml'.</Text>
        <Exception>System.IO.DirectoryNotFoundException: Could not find a part of the path 'D:\software\Project\UnitTest\TestCases\interrogative_sentences_which.xml'.
   at System.IO.__Error.WinIOError(Int32 errorCode, String maybeFullPath)
   at System.IO.File.GetAttributes(String path)
   at Microsoft.VisualStudio.TestTools.Common.SingleFileProvider.GetFilePaths()
   at Microsoft.VisualStudio.TestTools.TestManagement.DeploymentCoverageItem.GetFiles(TestRunConfiguration runConfig)
   at Microsoft.VisualStudio.TestTools.TestManagement.DeploymentManager.DoDeployment(TestRun run, FileCopyService fileCopyService)</Exception>
      </RunInfo>
      <RunInfo computerName="ARPAN-LAP" outcome="Warning" timestamp="2014-06-25T20:12:54.8797210+05:30">
        <Text>Warning: Test Run deployment issue: Failed to get the file for deployment item '..\UnitTest\TestCases\all_persons_modal_should.xml' specified by the test 'UnitTest.BnlpTest.all_persons_modal_should': System.IO.DirectoryNotFoundException: Could not find a part of the path 'D:\software\Project\UnitTest\TestCases\all_persons_modal_should.xml'.</Text>
        <Exception>System.IO.DirectoryNotFoundException: Could not find a part of the path 'D:\software\Project\UnitTest\TestCases\all_persons_modal_should.xml'.
   at System.IO.__Error.WinIOError(Int32 errorCode, String maybeFullPath)
   at System.IO.File.GetAttributes(String path)
   at Microsoft.VisualStudio.TestTools.Common.SingleFileProvider.GetFilePaths()
   at Microsoft.VisualStudio.TestTools.TestManagement.DeploymentCoverageItem.GetFiles(TestRunConfiguration runConfig)
   at Microsoft.VisualStudio.TestTools.TestManagement.DeploymentManager.DoDeployment(TestRun run, FileCopyService fileCopyService)</Exception>
      </RunInfo>
      <RunInfo computerName="ARPAN-LAP" outcome="Warning" timestamp="2014-06-25T20:12:54.8817212+05:30">
        <Text>Warning: Test Run deployment issue: Failed to get the file for deployment item '..\UnitTest\TestCases\third_person_tenses_active.xml' specified by the test 'UnitTest.BnlpTest.third_person_tenses_active': System.IO.DirectoryNotFoundException: Could not find a part of the path 'D:\software\Project\UnitTest\TestCases\third_person_tenses_active.xml'.</Text>
        <Exception>System.IO.DirectoryNotFoundException: Could not find a part of the path 'D:\software\Project\UnitTest\TestCases\third_person_tenses_active.xml'.
   at System.IO.__Error.WinIOError(Int32 errorCode, String maybeFullPath)
   at System.IO.File.GetAttributes(String path)
   at Microsoft.VisualStudio.TestTools.Common.SingleFileProvider.GetFilePaths()
   at Microsoft.VisualStudio.TestTools.TestManagement.DeploymentCoverageItem.GetFiles(TestRunConfiguration runConfig)
   at Microsoft.VisualStudio.TestTools.TestManagement.DeploymentManager.DoDeployment(TestRun run, FileCopyService fileCopyService)</Exception>
      </RunInfo>
      <RunInfo computerName="ARPAN-LAP" outcome="Warning" timestamp="2014-06-25T20:12:54.8827212+05:30">
        <Text>Warning: Test Run deployment issue: Failed to get the file for deployment item '..\UnitTest\TestCases\all_persons_tenses_passive.xml' specified by the test 'UnitTest.BnlpTest.all_persons_tenses_passive': System.IO.DirectoryNotFoundException: Could not find a part of the path 'D:\software\Project\UnitTest\TestCases\all_persons_tenses_passive.xml'.</Text>
        <Exception>System.IO.DirectoryNotFoundException: Could not find a part of the path 'D:\software\Project\UnitTest\TestCases\all_persons_tenses_passive.xml'.
   at System.IO.__Error.WinIOError(Int32 errorCode, String maybeFullPath)
   at System.IO.File.GetAttributes(String path)
   at Microsoft.VisualStudio.TestTools.Common.SingleFileProvider.GetFilePaths()
   at Microsoft.VisualStudio.TestTools.TestManagement.DeploymentCoverageItem.GetFiles(TestRunConfiguration runConfig)
   at Microsoft.VisualStudio.TestTools.TestManagement.DeploymentManager.DoDeployment(TestRun run, FileCopyService fileCopyService)</Exception>
      </RunInfo>
      <RunInfo computerName="ARPAN-LAP" outcome="Warning" timestamp="2014-06-25T20:12:54.8837213+05:30">
        <Text>Warning: Test Run deployment issue: Failed to get the file for deployment item '..\UnitTest\TestCases\interrogative_sentences_aux.xml' specified by the test 'UnitTest.BnlpTest.interrogative_sentences_aux': System.IO.DirectoryNotFoundException: Could not find a part of the path 'D:\software\Project\UnitTest\TestCases\interrogative_sentences_aux.xml'.</Text>
        <Exception>System.IO.DirectoryNotFoundException: Could not find a part of the path 'D:\software\Project\UnitTest\TestCases\interrogative_sentences_aux.xml'.
   at System.IO.__Error.WinIOError(Int32 errorCode, String maybeFullPath)
   at System.IO.File.GetAttributes(String path)
   at Microsoft.VisualStudio.TestTools.Common.SingleFileProvider.GetFilePaths()
   at Microsoft.VisualStudio.TestTools.TestManagement.DeploymentCoverageItem.GetFiles(TestRunConfiguration runConfig)
   at Microsoft.VisualStudio.TestTools.TestManagement.DeploymentManager.DoDeployment(TestRun run, FileCopyService fileCopyService)</Exception>
      </RunInfo>
      <RunInfo computerName="ARPAN-LAP" outcome="Warning" timestamp="2014-06-25T20:12:54.8847213+05:30">
        <Text>Warning: Test Run deployment issue: Failed to get the file for deployment item '..\UnitTest\TestCases\second_person_tenses_active_negation.xml' specified by the test 'UnitTest.BnlpTest.second_person_tenses_active_negation': System.IO.DirectoryNotFoundException: Could not find a part of the path 'D:\software\Project\UnitTest\TestCases\second_person_tenses_active_negation.xml'.</Text>
        <Exception>System.IO.DirectoryNotFoundException: Could not find a part of the path 'D:\software\Project\UnitTest\TestCases\second_person_tenses_active_negation.xml'.
   at System.IO.__Error.WinIOError(Int32 errorCode, String maybeFullPath)
   at System.IO.File.GetAttributes(String path)
   at Microsoft.VisualStudio.TestTools.Common.SingleFileProvider.GetFilePaths()
   at Microsoft.VisualStudio.TestTools.TestManagement.DeploymentCoverageItem.GetFiles(TestRunConfiguration runConfig)
   at Microsoft.VisualStudio.TestTools.TestManagement.DeploymentManager.DoDeployment(TestRun run, FileCopyService fileCopyService)</Exception>
      </RunInfo>
      <RunInfo computerName="ARPAN-LAP" outcome="Warning" timestamp="2014-06-25T20:12:54.8857214+05:30">
        <Text>Warning: Test Run deployment issue: Failed to get the file for deployment item '..\UnitTest\TestCases\interrogative_sentences_where.xml' specified by the test 'UnitTest.BnlpTest.interrogative_sentences_where': System.IO.DirectoryNotFoundException: Could not find a part of the path 'D:\software\Project\UnitTest\TestCases\interrogative_sentences_where.xml'.</Text>
        <Exception>System.IO.DirectoryNotFoundException: Could not find a part of the path 'D:\software\Project\UnitTest\TestCases\interrogative_sentences_where.xml'.
   at System.IO.__Error.WinIOError(Int32 errorCode, String maybeFullPath)
   at System.IO.File.GetAttributes(String path)
   at Microsoft.VisualStudio.TestTools.Common.SingleFileProvider.GetFilePaths()
   at Microsoft.VisualStudio.TestTools.TestManagement.DeploymentCoverageItem.GetFiles(TestRunConfiguration runConfig)
   at Microsoft.VisualStudio.TestTools.TestManagement.DeploymentManager.DoDeployment(TestRun run, FileCopyService fileCopyService)</Exception>
      </RunInfo>
      <RunInfo computerName="ARPAN-LAP" outcome="Warning" timestamp="2014-06-25T20:12:54.8867214+05:30">
        <Text>Warning: Test Run deployment issue: Failed to get the file for deployment item '..\UnitTest\TestCases\prepositions_made_with_three_words.xml' specified by the test 'UnitTest.BnlpTest.prepositions_made_with_three_words': System.IO.DirectoryNotFoundException: Could not find a part of the path 'D:\software\Project\UnitTest\TestCases\prepositions_made_with_three_words.xml'.</Text>
        <Exception>System.IO.DirectoryNotFoundException: Could not find a part of the path 'D:\software\Project\UnitTest\TestCases\prepositions_made_with_three_words.xml'.
   at System.IO.__Error.WinIOError(Int32 errorCode, String maybeFullPath)
   at System.IO.File.GetAttributes(String path)
   at Microsoft.VisualStudio.TestTools.Common.SingleFileProvider.GetFilePaths()
   at Microsoft.VisualStudio.TestTools.TestManagement.DeploymentCoverageItem.GetFiles(TestRunConfiguration runConfig)
   at Microsoft.VisualStudio.TestTools.TestManagement.DeploymentManager.DoDeployment(TestRun run, FileCopyService fileCopyService)</Exception>
      </RunInfo>
      <RunInfo computerName="ARPAN-LAP" outcome="Warning" timestamp="2014-06-25T20:12:54.8867214+05:30">
        <Text>Warning: Test Run deployment issue: Failed to get the file for deployment item '..\UnitTest\TestCases\interrogative_sentences_what.xml' specified by the test 'UnitTest.BnlpTest.interrogative_sentences_what': System.IO.DirectoryNotFoundException: Could not find a part of the path 'D:\software\Project\UnitTest\TestCases\interrogative_sentences_what.xml'.</Text>
        <Exception>System.IO.DirectoryNotFoundException: Could not find a part of the path 'D:\software\Project\UnitTest\TestCases\interrogative_sentences_what.xml'.
   at System.IO.__Error.WinIOError(Int32 errorCode, String maybeFullPath)
   at System.IO.File.GetAttributes(String path)
   at Microsoft.VisualStudio.TestTools.Common.SingleFileProvider.GetFilePaths()
   at Microsoft.VisualStudio.TestTools.TestManagement.DeploymentCoverageItem.GetFiles(TestRunConfiguration runConfig)
   at Microsoft.VisualStudio.TestTools.TestManagement.DeploymentManager.DoDeployment(TestRun run, FileCopyService fileCopyService)</Exception>
      </RunInfo>
      <RunInfo computerName="ARPAN-LAP" outcome="Warning" timestamp="2014-06-25T20:12:54.8887216+05:30">
        <Text>Warning: Test Run deployment issue: Failed to get the file for deployment item '..\UnitTest\TestCases\interrogative_sentences_how.xml' specified by the test 'UnitTest.BnlpTest.interrogative_sentences_how': System.IO.DirectoryNotFoundException: Could not find a part of the path 'D:\software\Project\UnitTest\TestCases\interrogative_sentences_how.xml'.</Text>
        <Exception>System.IO.DirectoryNotFoundException: Could not find a part of the path 'D:\software\Project\UnitTest\TestCases\interrogative_sentences_how.xml'.
   at System.IO.__Error.WinIOError(Int32 errorCode, String maybeFullPath)
   at System.IO.File.GetAttributes(String path)
   at Microsoft.VisualStudio.TestTools.Common.SingleFileProvider.GetFilePaths()
   at Microsoft.VisualStudio.TestTools.TestManagement.DeploymentCoverageItem.GetFiles(TestRunConfiguration runConfig)
   at Microsoft.VisualStudio.TestTools.TestManagement.DeploymentManager.DoDeployment(TestRun run, FileCopyService fileCopyService)</Exception>
      </RunInfo>
      <RunInfo computerName="ARPAN-LAP" outcome="Warning" timestamp="2014-06-25T20:12:54.8897216+05:30">
        <Text>Warning: Test Run deployment issue: Failed to get the file for deployment item '..\UnitTest\TestCases\interrogative_sentences_whom.xml' specified by the test 'UnitTest.BnlpTest.interrogative_sentences_whom': System.IO.DirectoryNotFoundException: Could not find a part of the path 'D:\software\Project\UnitTest\TestCases\interrogative_sentences_whom.xml'.</Text>
        <Exception>System.IO.DirectoryNotFoundException: Could not find a part of the path 'D:\software\Project\UnitTest\TestCases\interrogative_sentences_whom.xml'.
   at System.IO.__Error.WinIOError(Int32 errorCode, String maybeFullPath)
   at System.IO.File.GetAttributes(String path)
   at Microsoft.VisualStudio.TestTools.Common.SingleFileProvider.GetFilePaths()
   at Microsoft.VisualStudio.TestTools.TestManagement.DeploymentCoverageItem.GetFiles(TestRunConfiguration runConfig)
   at Microsoft.VisualStudio.TestTools.TestManagement.DeploymentManager.DoDeployment(TestRun run, FileCopyService fileCopyService)</Exception>
      </RunInfo>
      <RunInfo computerName="ARPAN-LAP" outcome="Warning" timestamp="2014-06-25T20:12:54.8907217+05:30">
        <Text>Warning: Test Run deployment issue: Failed to get the file for deployment item '..\UnitTest\TestCases\second_person_tenses_active.xml' specified by the test 'UnitTest.BnlpTest.second_person_tenses_active': System.IO.DirectoryNotFoundException: Could not find a part of the path 'D:\software\Project\UnitTest\TestCases\second_person_tenses_active.xml'.</Text>
        <Exception>System.IO.DirectoryNotFoundException: Could not find a part of the path 'D:\software\Project\UnitTest\TestCases\second_person_tenses_active.xml'.
   at System.IO.__Error.WinIOError(Int32 errorCode, String maybeFullPath)
   at System.IO.File.GetAttributes(String path)
   at Microsoft.VisualStudio.TestTools.Common.SingleFileProvider.GetFilePaths()
   at Microsoft.VisualStudio.TestTools.TestManagement.DeploymentCoverageItem.GetFiles(TestRunConfiguration runConfig)
   at Microsoft.VisualStudio.TestTools.TestManagement.DeploymentManager.DoDeployment(TestRun run, FileCopyService fileCopyService)</Exception>
      </RunInfo>
      <RunInfo computerName="ARPAN-LAP" outcome="Warning" timestamp="2014-06-25T20:12:54.8917217+05:30">
        <Text>Warning: Test Run deployment issue: Failed to get the file for deployment item '..\UnitTest\TestCases\all_persons_modal_should_negation.xml' specified by the test 'UnitTest.BnlpTest.all_persons_modal_should_negation': System.IO.DirectoryNotFoundException: Could not find a part of the path 'D:\software\Project\UnitTest\TestCases\all_persons_modal_should_negation.xml'.</Text>
        <Exception>System.IO.DirectoryNotFoundException: Could not find a part of the path 'D:\software\Project\UnitTest\TestCases\all_persons_modal_should_negation.xml'.
   at System.IO.__Error.WinIOError(Int32 errorCode, String maybeFullPath)
   at System.IO.File.GetAttributes(String path)
   at Microsoft.VisualStudio.TestTools.Common.SingleFileProvider.GetFilePaths()
   at Microsoft.VisualStudio.TestTools.TestManagement.DeploymentCoverageItem.GetFiles(TestRunConfiguration runConfig)
   at Microsoft.VisualStudio.TestTools.TestManagement.DeploymentManager.DoDeployment(TestRun run, FileCopyService fileCopyService)</Exception>
      </RunInfo>
      <RunInfo computerName="ARPAN-LAP" outcome="Warning" timestamp="2014-06-25T20:12:54.8927218+05:30">
        <Text>Warning: Test Run deployment issue: Failed to get the file for deployment item '..\UnitTest\TestCases\first_person_tenses_active_negation.xml' specified by the test 'UnitTest.BnlpTest.first_person_tenses_active_negation': System.IO.DirectoryNotFoundException: Could not find a part of the path 'D:\software\Project\UnitTest\TestCases\first_person_tenses_active_negation.xml'.</Text>
        <Exception>System.IO.DirectoryNotFoundException: Could not find a part of the path 'D:\software\Project\UnitTest\TestCases\first_person_tenses_active_negation.xml'.
   at System.IO.__Error.WinIOError(Int32 errorCode, String maybeFullPath)
   at System.IO.File.GetAttributes(String path)
   at Microsoft.VisualStudio.TestTools.Common.SingleFileProvider.GetFilePaths()
   at Microsoft.VisualStudio.TestTools.TestManagement.DeploymentCoverageItem.GetFiles(TestRunConfiguration runConfig)
   at Microsoft.VisualStudio.TestTools.TestManagement.DeploymentManager.DoDeployment(TestRun run, FileCopyService fileCopyService)</Exception>
      </RunInfo>
      <RunInfo computerName="ARPAN-LAP" outcome="Warning" timestamp="2014-06-25T20:12:54.8937218+05:30">
        <Text>Warning: Test Run deployment issue: Failed to get the file for deployment item '..\UnitTest\TestCases\all_persons_modal_can_may_negation.xml' specified by the test 'UnitTest.BnlpTest.all_persons_modal_can_may_negation': System.IO.DirectoryNotFoundException: Could not find a part of the path 'D:\software\Project\UnitTest\TestCases\all_persons_modal_can_may_negation.xml'.</Text>
        <Exception>System.IO.DirectoryNotFoundException: Could not find a part of the path 'D:\software\Project\UnitTest\TestCases\all_persons_modal_can_may_negation.xml'.
   at System.IO.__Error.WinIOError(Int32 errorCode, String maybeFullPath)
   at System.IO.File.GetAttributes(String path)
   at Microsoft.VisualStudio.TestTools.Common.SingleFileProvider.GetFilePaths()
   at Microsoft.VisualStudio.TestTools.TestManagement.DeploymentCoverageItem.GetFiles(TestRunConfiguration runConfig)
   at Microsoft.VisualStudio.TestTools.TestManagement.DeploymentManager.DoDeployment(TestRun run, FileCopyService fileCopyService)</Exception>
      </RunInfo>
      <RunInfo computerName="ARPAN-LAP" outcome="Warning" timestamp="2014-06-25T20:12:54.8947219+05:30">
        <Text>Warning: Test Run deployment issue: Failed to get the file for deployment item '..\UnitTest\TestCases\third_person_tenses_active_negation.xml' specified by the test 'UnitTest.BnlpTest.third_person_tenses_active_negation': System.IO.DirectoryNotFoundException: Could not find a part of the path 'D:\software\Project\UnitTest\TestCases\third_person_tenses_active_negation.xml'.</Text>
        <Exception>System.IO.DirectoryNotFoundException: Could not find a part of the path 'D:\software\Project\UnitTest\TestCases\third_person_tenses_active_negation.xml'.
   at System.IO.__Error.WinIOError(Int32 errorCode, String maybeFullPath)
   at System.IO.File.GetAttributes(String path)
   at Microsoft.VisualStudio.TestTools.Common.SingleFileProvider.GetFilePaths()
   at Microsoft.VisualStudio.TestTools.TestManagement.DeploymentCoverageItem.GetFiles(TestRunConfiguration runConfig)
   at Microsoft.VisualStudio.TestTools.TestManagement.DeploymentManager.DoDeployment(TestRun run, FileCopyService fileCopyService)</Exception>
      </RunInfo>
      <RunInfo computerName="ARPAN-LAP" outcome="Warning" timestamp="2014-06-25T20:12:54.8947219+05:30">
        <Text>Warning: Test Run deployment issue: Failed to get the file for deployment item '..\UnitTest\TestCases\interrogative_sentences_do.xml' specified by the test 'UnitTest.BnlpTest.interrogative_sentences_do': System.IO.DirectoryNotFoundException: Could not find a part of the path 'D:\software\Project\UnitTest\TestCases\interrogative_sentences_do.xml'.</Text>
        <Exception>System.IO.DirectoryNotFoundException: Could not find a part of the path 'D:\software\Project\UnitTest\TestCases\interrogative_sentences_do.xml'.
   at System.IO.__Error.WinIOError(Int32 errorCode, String maybeFullPath)
   at System.IO.File.GetAttributes(String path)
   at Microsoft.VisualStudio.TestTools.Common.SingleFileProvider.GetFilePaths()
   at Microsoft.VisualStudio.TestTools.TestManagement.DeploymentCoverageItem.GetFiles(TestRunConfiguration runConfig)
   at Microsoft.VisualStudio.TestTools.TestManagement.DeploymentManager.DoDeployment(TestRun run, FileCopyService fileCopyService)</Exception>
      </RunInfo>
      <RunInfo computerName="ARPAN-LAP" outcome="Warning" timestamp="2014-06-25T20:12:54.8957220+05:30">
        <Text>Warning: Test Run deployment issue: Failed to get the file for deployment item '..\UnitTest\TestCases\auxiliary_verbs_as_main_verbs.xml' specified by the test 'UnitTest.BnlpTest.auxiliary_verbs_as_main_verbs': System.IO.DirectoryNotFoundException: Could not find a part of the path 'D:\software\Project\UnitTest\TestCases\auxiliary_verbs_as_main_verbs.xml'.</Text>
        <Exception>System.IO.DirectoryNotFoundException: Could not find a part of the path 'D:\software\Project\UnitTest\TestCases\auxiliary_verbs_as_main_verbs.xml'.
   at System.IO.__Error.WinIOError(Int32 errorCode, String maybeFullPath)
   at System.IO.File.GetAttributes(String path)
   at Microsoft.VisualStudio.TestTools.Common.SingleFileProvider.GetFilePaths()
   at Microsoft.VisualStudio.TestTools.TestManagement.DeploymentCoverageItem.GetFiles(TestRunConfiguration runConfig)
   at Microsoft.VisualStudio.TestTools.TestManagement.DeploymentManager.DoDeployment(TestRun run, FileCopyService fileCopyService)</Exception>
      </RunInfo>
      <RunInfo computerName="ARPAN-LAP" outcome="Warning" timestamp="2014-06-25T20:12:54.8967220+05:30">
        <Text>Warning: Test Run deployment issue: Failed to get the file for deployment item '..\UnitTest\TestCases\all_persons_tenses_passive_negation.xml' specified by the test 'UnitTest.BnlpTest.all_persons_tenses_passive_negation': System.IO.DirectoryNotFoundException: Could not find a part of the path 'D:\software\Project\UnitTest\TestCases\all_persons_tenses_passive_negation.xml'.</Text>
        <Exception>System.IO.DirectoryNotFoundException: Could not find a part of the path 'D:\software\Project\UnitTest\TestCases\all_persons_tenses_passive_negation.xml'.
   at System.IO.__Error.WinIOError(Int32 errorCode, String maybeFullPath)
   at System.IO.File.GetAttributes(String path)
   at Microsoft.VisualStudio.TestTools.Common.SingleFileProvider.GetFilePaths()
   at Microsoft.VisualStudio.TestTools.TestManagement.DeploymentCoverageItem.GetFiles(TestRunConfiguration runConfig)
   at Microsoft.VisualStudio.TestTools.TestManagement.DeploymentManager.DoDeployment(TestRun run, FileCopyService fileCopyService)</Exception>
      </RunInfo>
      <RunInfo computerName="ARPAN-LAP" outcome="Warning" timestamp="2014-06-25T20:12:54.8977221+05:30">
        <Text>Warning: Test Run deployment issue: Failed to get the file for deployment item '..\UnitTest\TestCases\prepositions_made_with_two_words.xml' specified by the test 'UnitTest.BnlpTest.prepositions_made_with_two_words': System.IO.DirectoryNotFoundException: Could not find a part of the path 'D:\software\Project\UnitTest\TestCases\prepositions_made_with_two_words.xml'.</Text>
        <Exception>System.IO.DirectoryNotFoundException: Could not find a part of the path 'D:\software\Project\UnitTest\TestCases\prepositions_made_with_two_words.xml'.
   at System.IO.__Error.WinIOError(Int32 errorCode, String maybeFullPath)
   at System.IO.File.GetAttributes(String path)
   at Microsoft.VisualStudio.TestTools.Common.SingleFileProvider.GetFilePaths()
   at Microsoft.VisualStudio.TestTools.TestManagement.DeploymentCoverageItem.GetFiles(TestRunConfiguration runConfig)
   at Microsoft.VisualStudio.TestTools.TestManagement.DeploymentManager.DoDeployment(TestRun run, FileCopyService fileCopyService)</Exception>
      </RunInfo>
      <RunInfo computerName="ARPAN-LAP" outcome="Warning" timestamp="2014-06-25T20:12:54.8987221+05:30">
        <Text>Warning: Test Run deployment issue: Failed to get the file for deployment item '..\UnitTest\TestCases\first_person_tenses_active.xml' specified by the test 'UnitTest.BnlpTest.first_person_tenses_active': System.IO.DirectoryNotFoundException: Could not find a part of the path 'D:\software\Project\UnitTest\TestCases\first_person_tenses_active.xml'.</Text>
        <Exception>System.IO.DirectoryNotFoundException: Could not find a part of the path 'D:\software\Project\UnitTest\TestCases\first_person_tenses_active.xml'.
   at System.IO.__Error.WinIOError(Int32 errorCode, String maybeFullPath)
   at System.IO.File.GetAttributes(String path)
   at Microsoft.VisualStudio.TestTools.Common.SingleFileProvider.GetFilePaths()
   at Microsoft.VisualStudio.TestTools.TestManagement.DeploymentCoverageItem.GetFiles(TestRunConfiguration runConfig)
   at Microsoft.VisualStudio.TestTools.TestManagement.DeploymentManager.DoDeployment(TestRun run, FileCopyService fileCopyService)</Exception>
      </RunInfo>
      <RunInfo computerName="ARPAN-LAP" outcome="Warning" timestamp="2014-06-25T20:12:54.8997222+05:30">
        <Text>Warning: Test Run deployment issue: Failed to get the file for deployment item '..\UnitTest\TestCases\interrogative_sentences_why.xml' specified by the test 'UnitTest.BnlpTest.interrogative_sentences_why': System.IO.DirectoryNotFoundException: Could not find a part of the path 'D:\software\Project\UnitTest\TestCases\interrogative_sentences_why.xml'.</Text>
        <Exception>System.IO.DirectoryNotFoundException: Could not find a part of the path 'D:\software\Project\UnitTest\TestCases\interrogative_sentences_why.xml'.
   at System.IO.__Error.WinIOError(Int32 errorCode, String maybeFullPath)
   at System.IO.File.GetAttributes(String path)
   at Microsoft.VisualStudio.TestTools.Common.SingleFileProvider.GetFilePaths()
   at Microsoft.VisualStudio.TestTools.TestManagement.DeploymentCoverageItem.GetFiles(TestRunConfiguration runConfig)
   at Microsoft.VisualStudio.TestTools.TestManagement.DeploymentManager.DoDeployment(TestRun run, FileCopyService fileCopyService)</Exception>
      </RunInfo>
      <RunInfo computerName="ARPAN-LAP" outcome="Warning" timestamp="2014-06-25T20:12:54.8997222+05:30">
        <Text>Warning: Test Run deployment issue: Failed to get the file for deployment item '..\UnitTest\TestCases\all_persons_modal_can_may.xml' specified by the test 'UnitTest.BnlpTest.all_persons_modal_can_may': System.IO.DirectoryNotFoundException: Could not find a part of the path 'D:\software\Project\UnitTest\TestCases\all_persons_modal_can_may.xml'.</Text>
        <Exception>System.IO.DirectoryNotFoundException: Could not find a part of the path 'D:\software\Project\UnitTest\TestCases\all_persons_modal_can_may.xml'.
   at System.IO.__Error.WinIOError(Int32 errorCode, String maybeFullPath)
   at System.IO.File.GetAttributes(String path)
   at Microsoft.VisualStudio.TestTools.Common.SingleFileProvider.GetFilePaths()
   at Microsoft.VisualStudio.TestTools.TestManagement.DeploymentCoverageItem.GetFiles(TestRunConfiguration runConfig)
   at Microsoft.VisualStudio.TestTools.TestManagement.DeploymentManager.DoDeployment(TestRun run, FileCopyService fileCopyService)</Exception>
      </RunInfo>
    </RunInfos>
  </ResultSummary>
  <TestDefinitions>
    <UnitTest name="prepositions_made_with_three_words" storage="d:\software\project\bnlp\unittest\bin\debug\unittest.dll" id="0f33848d-a900-d644-7498-2526887b5425">
      <DeploymentItems>
        <DeploymentItem filename="..\UnitTest\TestCases\prepositions_made_with_three_words.xml" />
      </DeploymentItems>
      <Execution id="17ceaad2-a301-45fb-b0ea-dec067baab41" />
      <TestMethod codeBase="D:/software/Project/BNLP/UnitTest/bin/Debug/UnitTest.DLL" adapterTypeName="Microsoft.VisualStudio.TestTools.TestTypes.Unit.UnitTestAdapter, Microsoft.VisualStudio.QualityTools.Tips.UnitTest.Adapter, Version=10.0.0.0, Culture=neutral, PublicKeyToken=b03f5f7f11d50a3a" className="UnitTest.BnlpTest, UnitTest, Version=1.0.0.0, Culture=neutral, PublicKeyToken=null" name="prepositions_made_with_three_words" />
      <DataSource connectionString="|DataDirectory|\TestCases\prepositions_made_with_three_words.xml" providerInvariantName="Microsoft.VisualStudio.TestTools.DataSource.XML" tableName="sentence" />
    </UnitTest>
    <UnitTest name="first_person_tenses_active" storage="d:\software\project\bnlp\unittest\bin\debug\unittest.dll" id="921e6ab0-d7c2-6005-e523-6fd2d5e1a723">
      <DeploymentItems>
        <DeploymentItem filename="..\UnitTest\TestCases\first_person_tenses_active.xml" />
      </DeploymentItems>
      <Execution id="8c0a2d51-5dd9-40d3-a5a2-a6e4fdac698b" />
      <TestMethod codeBase="D:/software/Project/BNLP/UnitTest/bin/Debug/UnitTest.DLL" adapterTypeName="Microsoft.VisualStudio.TestTools.TestTypes.Unit.UnitTestAdapter, Microsoft.VisualStudio.QualityTools.Tips.UnitTest.Adapter, Version=10.0.0.0, Culture=neutral, PublicKeyToken=b03f5f7f11d50a3a" className="UnitTest.BnlpTest, UnitTest, Version=1.0.0.0, Culture=neutral, PublicKeyToken=null" name="first_person_tenses_active" />
      <DataSource connectionString="|DataDirectory|\TestCases\first_person_tenses_active.xml" providerInvariantName="Microsoft.VisualStudio.TestTools.DataSource.XML" tableName="sentence" />
    </UnitTest>
    <UnitTest name="interrogative_sentences_what" storage="d:\software\project\bnlp\unittest\bin\debug\unittest.dll" id="7f7910d1-dc89-39b4-b4cf-d9e6d7af9420">
      <DeploymentItems>
        <DeploymentItem filename="..\UnitTest\TestCases\interrogative_sentences_what.xml" />
      </DeploymentItems>
      <Execution id="26db35ce-bfc6-4343-b9a7-5237352927c4" />
      <TestMethod codeBase="D:/software/Project/BNLP/UnitTest/bin/Debug/UnitTest.DLL" adapterTypeName="Microsoft.VisualStudio.TestTools.TestTypes.Unit.UnitTestAdapter, Microsoft.VisualStudio.QualityTools.Tips.UnitTest.Adapter, Version=10.0.0.0, Culture=neutral, PublicKeyToken=b03f5f7f11d50a3a" className="UnitTest.BnlpTest, UnitTest, Version=1.0.0.0, Culture=neutral, PublicKeyToken=null" name="interrogative_sentences_what" />
      <DataSource connectionString="|DataDirectory|\TestCases\interrogative_sentences_what.xml" providerInvariantName="Microsoft.VisualStudio.TestTools.DataSource.XML" tableName="sentence" />
    </UnitTest>
    <UnitTest name="all_persons_modal_should_negation" storage="d:\software\project\bnlp\unittest\bin\debug\unittest.dll" id="9319d01e-de3e-d310-c76e-cae8dce4c924">
      <DeploymentItems>
        <DeploymentItem filename="..\UnitTest\TestCases\all_persons_modal_should_negation.xml" />
      </DeploymentItems>
      <Execution id="fe57934c-a9c8-49e4-889c-69161687e0f9" />
      <TestMethod codeBase="D:/software/Project/BNLP/UnitTest/bin/Debug/UnitTest.DLL" adapterTypeName="Microsoft.VisualStudio.TestTools.TestTypes.Unit.UnitTestAdapter, Microsoft.VisualStudio.QualityTools.Tips.UnitTest.Adapter, Version=10.0.0.0, Culture=neutral, PublicKeyToken=b03f5f7f11d50a3a" className="UnitTest.BnlpTest, UnitTest, Version=1.0.0.0, Culture=neutral, PublicKeyToken=null" name="all_persons_modal_should_negation" />
      <DataSource connectionString="|DataDirectory|\TestCases\all_persons_modal_should_negation.xml" providerInvariantName="Microsoft.VisualStudio.TestTools.DataSource.XML" tableName="sentence" />
    </UnitTest>
    <UnitTest name="prepositions_made_with_two_words" storage="d:\software\project\bnlp\unittest\bin\debug\unittest.dll" id="0f337a75-1a2d-d9c3-6c5f-23ed2604b69d">
      <DeploymentItems>
        <DeploymentItem filename="..\UnitTest\TestCases\prepositions_made_with_two_words.xml" />
      </DeploymentItems>
      <Execution id="3f52f575-9ca2-407a-93f6-d6bd8be200bd" />
      <TestMethod codeBase="D:/software/Project/BNLP/UnitTest/bin/Debug/UnitTest.DLL" adapterTypeName="Microsoft.VisualStudio.TestTools.TestTypes.Unit.UnitTestAdapter, Microsoft.VisualStudio.QualityTools.Tips.UnitTest.Adapter, Version=10.0.0.0, Culture=neutral, PublicKeyToken=b03f5f7f11d50a3a" className="UnitTest.BnlpTest, UnitTest, Version=1.0.0.0, Culture=neutral, PublicKeyToken=null" name="prepositions_made_with_two_words" />
      <DataSource connectionString="|DataDirectory|\TestCases\prepositions_made_with_two_words.xml" providerInvariantName="Microsoft.VisualStudio.TestTools.DataSource.XML" tableName="sentence" />
    </UnitTest>
    <UnitTest name="interrogative_sentences_do" storage="d:\software\project\bnlp\unittest\bin\debug\unittest.dll" id="1d63c318-78a9-9011-f5c0-0b01884a2881">
      <DeploymentItems>
        <DeploymentItem filename="..\UnitTest\TestCases\interrogative_sentences_do.xml" />
      </DeploymentItems>
      <Execution id="dc00c6af-929e-44d8-acb7-62bda0b8924c" />
      <TestMethod codeBase="D:/software/Project/BNLP/UnitTest/bin/Debug/UnitTest.DLL" adapterTypeName="Microsoft.VisualStudio.TestTools.TestTypes.Unit.UnitTestAdapter, Microsoft.VisualStudio.QualityTools.Tips.UnitTest.Adapter, Version=10.0.0.0, Culture=neutral, PublicKeyToken=b03f5f7f11d50a3a" className="UnitTest.BnlpTest, UnitTest, Version=1.0.0.0, Culture=neutral, PublicKeyToken=null" name="interrogative_sentences_do" />
      <DataSource connectionString="|DataDirectory|\TestCases\interrogative_sentences_do.xml" providerInvariantName="Microsoft.VisualStudio.TestTools.DataSource.XML" tableName="sentence" />
    </UnitTest>
    <UnitTest name="all_persons_tenses_passive_negation" storage="d:\software\project\bnlp\unittest\bin\debug\unittest.dll" id="bdfe92b2-f4ac-73a5-f13d-5c1ea13721b4">
      <DeploymentItems>
        <DeploymentItem filename="..\UnitTest\TestCases\all_persons_tenses_passive_negation.xml" />
      </DeploymentItems>
      <Execution id="b04fa820-cfcf-4ade-8451-492d2a38d055" />
      <TestMethod codeBase="D:/software/Project/BNLP/UnitTest/bin/Debug/UnitTest.DLL" adapterTypeName="Microsoft.VisualStudio.TestTools.TestTypes.Unit.UnitTestAdapter, Microsoft.VisualStudio.QualityTools.Tips.UnitTest.Adapter, Version=10.0.0.0, Culture=neutral, PublicKeyToken=b03f5f7f11d50a3a" className="UnitTest.BnlpTest, UnitTest, Version=1.0.0.0, Culture=neutral, PublicKeyToken=null" name="all_persons_tenses_passive_negation" />
      <DataSource connectionString="|DataDirectory|\TestCases\all_persons_tenses_passive_negation.xml" providerInvariantName="Microsoft.VisualStudio.TestTools.DataSource.XML" tableName="sentence" />
    </UnitTest>
    <UnitTest name="third_person_tenses_active_negation" storage="d:\software\project\bnlp\unittest\bin\debug\unittest.dll" id="fe3e63ab-391c-e168-48d0-431b85a7b898">
      <DeploymentItems>
        <DeploymentItem filename="..\UnitTest\TestCases\third_person_tenses_active_negation.xml" />
      </DeploymentItems>
      <Execution id="4cef01ad-f18a-42fe-bf76-62506cdc2f06" />
      <TestMethod codeBase="D:/software/Project/BNLP/UnitTest/bin/Debug/UnitTest.DLL" adapterTypeName="Microsoft.VisualStudio.TestTools.TestTypes.Unit.UnitTestAdapter, Microsoft.VisualStudio.QualityTools.Tips.UnitTest.Adapter, Version=10.0.0.0, Culture=neutral, PublicKeyToken=b03f5f7f11d50a3a" className="UnitTest.BnlpTest, UnitTest, Version=1.0.0.0, Culture=neutral, PublicKeyToken=null" name="third_person_tenses_active_negation" />
      <DataSource connectionString="|DataDirectory|\TestCases\third_person_tenses_active_negation.xml" providerInvariantName="Microsoft.VisualStudio.TestTools.DataSource.XML" tableName="sentence" />
    </UnitTest>
    <UnitTest name="all_persons_modal_should" storage="d:\software\project\bnlp\unittest\bin\debug\unittest.dll" id="783915fe-114a-e353-78dd-56e92a60f942">
      <DeploymentItems>
        <DeploymentItem filename="..\UnitTest\TestCases\all_persons_modal_should.xml" />
      </DeploymentItems>
      <Execution id="1224e2f6-b07f-4a1b-80b1-87ab2f1ea9c4" />
      <TestMethod codeBase="D:/software/Project/BNLP/UnitTest/bin/Debug/UnitTest.DLL" adapterTypeName="Microsoft.VisualStudio.TestTools.TestTypes.Unit.UnitTestAdapter, Microsoft.VisualStudio.QualityTools.Tips.UnitTest.Adapter, Version=10.0.0.0, Culture=neutral, PublicKeyToken=b03f5f7f11d50a3a" className="UnitTest.BnlpTest, UnitTest, Version=1.0.0.0, Culture=neutral, PublicKeyToken=null" name="all_persons_modal_should" />
      <DataSource connectionString="|DataDirectory|\TestCases\all_persons_modal_should.xml" providerInvariantName="Microsoft.VisualStudio.TestTools.DataSource.XML" tableName="sentence" />
    </UnitTest>
    <UnitTest name="second_person_tenses_active" storage="d:\software\project\bnlp\unittest\bin\debug\unittest.dll" id="30ab3285-6a8c-14d2-9725-bd60892ccd90">
      <DeploymentItems>
        <DeploymentItem filename="..\UnitTest\TestCases\second_person_tenses_active.xml" />
      </DeploymentItems>
      <Execution id="5ee94541-6de7-4416-962c-60265ec8c67b" />
      <TestMethod codeBase="D:/software/Project/BNLP/UnitTest/bin/Debug/UnitTest.DLL" adapterTypeName="Microsoft.VisualStudio.TestTools.TestTypes.Unit.UnitTestAdapter, Microsoft.VisualStudio.QualityTools.Tips.UnitTest.Adapter, Version=10.0.0.0, Culture=neutral, PublicKeyToken=b03f5f7f11d50a3a" className="UnitTest.BnlpTest, UnitTest, Version=1.0.0.0, Culture=neutral, PublicKeyToken=null" name="second_person_tenses_active" />
      <DataSource connectionString="|DataDirectory|\TestCases\second_person_tenses_active.xml" providerInvariantName="Microsoft.VisualStudio.TestTools.DataSource.XML" tableName="sentence" />
    </UnitTest>
    <UnitTest name="interrogative_sentences_who" storage="d:\software\project\bnlp\unittest\bin\debug\unittest.dll" id="32b5d279-0d23-e5ad-0301-234c8788f740">
      <DeploymentItems>
        <DeploymentItem filename="..\UnitTest\TestCases\interrogative_sentences_who.xml" />
      </DeploymentItems>
      <Execution id="08360062-dcc7-4a91-b7ea-1b782e4033be" />
      <TestMethod codeBase="D:/software/Project/BNLP/UnitTest/bin/Debug/UnitTest.DLL" adapterTypeName="Microsoft.VisualStudio.TestTools.TestTypes.Unit.UnitTestAdapter, Microsoft.VisualStudio.QualityTools.Tips.UnitTest.Adapter, Version=10.0.0.0, Culture=neutral, PublicKeyToken=b03f5f7f11d50a3a" className="UnitTest.BnlpTest, UnitTest, Version=1.0.0.0, Culture=neutral, PublicKeyToken=null" name="interrogative_sentences_who" />
      <DataSource connectionString="|DataDirectory|\TestCases\interrogative_sentences_who.xml" providerInvariantName="Microsoft.VisualStudio.TestTools.DataSource.XML" tableName="sentence" />
    </UnitTest>
    <UnitTest name="all_persons_modal_can_may" storage="d:\software\project\bnlp\unittest\bin\debug\unittest.dll" id="8fe5ccb3-a3f4-0f61-ad21-e94ef029e900">
      <DeploymentItems>
        <DeploymentItem filename="..\UnitTest\TestCases\all_persons_modal_can_may.xml" />
      </DeploymentItems>
      <Execution id="ab13f8b1-c836-4c8d-ac9a-63ea5ada338d" />
      <TestMethod codeBase="D:/software/Project/BNLP/UnitTest/bin/Debug/UnitTest.DLL" adapterTypeName="Microsoft.VisualStudio.TestTools.TestTypes.Unit.UnitTestAdapter, Microsoft.VisualStudio.QualityTools.Tips.UnitTest.Adapter, Version=10.0.0.0, Culture=neutral, PublicKeyToken=b03f5f7f11d50a3a" className="UnitTest.BnlpTest, UnitTest, Version=1.0.0.0, Culture=neutral, PublicKeyToken=null" name="all_persons_modal_can_may" />
      <DataSource connectionString="|DataDirectory|\TestCases\all_persons_modal_can_may.xml" providerInvariantName="Microsoft.VisualStudio.TestTools.DataSource.XML" tableName="sentence" />
    </UnitTest>
    <UnitTest name="interrogative_sentences_how" storage="d:\software\project\bnlp\unittest\bin\debug\unittest.dll" id="227f20ae-8e76-eb71-39b2-4ada3ce6aba8">
      <DeploymentItems>
        <DeploymentItem filename="..\UnitTest\TestCases\interrogative_sentences_how.xml" />
      </DeploymentItems>
      <Execution id="1cffca2d-ba6f-4bc9-a1ea-015601231b82" />
      <TestMethod codeBase="D:/software/Project/BNLP/UnitTest/bin/Debug/UnitTest.DLL" adapterTypeName="Microsoft.VisualStudio.TestTools.TestTypes.Unit.UnitTestAdapter, Microsoft.VisualStudio.QualityTools.Tips.UnitTest.Adapter, Version=10.0.0.0, Culture=neutral, PublicKeyToken=b03f5f7f11d50a3a" className="UnitTest.BnlpTest, UnitTest, Version=1.0.0.0, Culture=neutral, PublicKeyToken=null" name="interrogative_sentences_how" />
      <DataSource connectionString="|DataDirectory|\TestCases\interrogative_sentences_how.xml" providerInvariantName="Microsoft.VisualStudio.TestTools.DataSource.XML" tableName="sentence" />
    </UnitTest>
    <UnitTest name="all_persons_modal_can_may_negation" storage="d:\software\project\bnlp\unittest\bin\debug\unittest.dll" id="d03eb628-bf1f-c27d-aeef-e708d613d686">
      <DeploymentItems>
        <DeploymentItem filename="..\UnitTest\TestCases\all_persons_modal_can_may_negation.xml" />
      </DeploymentItems>
      <Execution id="bb479038-8fc6-48ea-960b-d667d0d70f5d" />
      <TestMethod codeBase="D:/software/Project/BNLP/UnitTest/bin/Debug/UnitTest.DLL" adapterTypeName="Microsoft.VisualStudio.TestTools.TestTypes.Unit.UnitTestAdapter, Microsoft.VisualStudio.QualityTools.Tips.UnitTest.Adapter, Version=10.0.0.0, Culture=neutral, PublicKeyToken=b03f5f7f11d50a3a" className="UnitTest.BnlpTest, UnitTest, Version=1.0.0.0, Culture=neutral, PublicKeyToken=null" name="all_persons_modal_can_may_negation" />
      <DataSource connectionString="|DataDirectory|\TestCases\all_persons_modal_can_may_negation.xml" providerInvariantName="Microsoft.VisualStudio.TestTools.DataSource.XML" tableName="sentence" />
    </UnitTest>
    <UnitTest name="RandomWord" storage="d:\software\project\bnlp\unittest\bin\debug\unittest.dll" id="642ce34f-0ed4-f995-637b-09297c832f2a">
      <DeploymentItems>
        <DeploymentItem filename="..\UnitTest\TestCases\wikipedia.xml" />
      </DeploymentItems>
      <Execution id="2e34c536-3003-4079-9bfd-1c48cd53bf2a" />
      <TestMethod codeBase="D:/software/Project/BNLP/UnitTest/bin/Debug/UnitTest.DLL" adapterTypeName="Microsoft.VisualStudio.TestTools.TestTypes.Unit.UnitTestAdapter, Microsoft.VisualStudio.QualityTools.Tips.UnitTest.Adapter, Version=10.0.0.0, Culture=neutral, PublicKeyToken=b03f5f7f11d50a3a" className="UnitTest.BnlpTest, UnitTest, Version=1.0.0.0, Culture=neutral, PublicKeyToken=null" name="RandomWord" />
      <DataSource connectionString="|DataDirectory|\TestCases\wikipedia.xml" providerInvariantName="Microsoft.VisualStudio.TestTools.DataSource.XML" tableName="sentence" />
    </UnitTest>
    <UnitTest name="second_person_tenses_active_negation" storage="d:\software\project\bnlp\unittest\bin\debug\unittest.dll" id="83c68223-dcaa-51dd-423f-434210a59f77">
      <DeploymentItems>
        <DeploymentItem filename="..\UnitTest\TestCases\second_person_tenses_active_negation.xml" />
      </DeploymentItems>
      <Execution id="9caae843-fb16-486e-853f-aad26520f56b" />
      <TestMethod codeBase="D:/software/Project/BNLP/UnitTest/bin/Debug/UnitTest.DLL" adapterTypeName="Microsoft.VisualStudio.TestTools.TestTypes.Unit.UnitTestAdapter, Microsoft.VisualStudio.QualityTools.Tips.UnitTest.Adapter, Version=10.0.0.0, Culture=neutral, PublicKeyToken=b03f5f7f11d50a3a" className="UnitTest.BnlpTest, UnitTest, Version=1.0.0.0, Culture=neutral, PublicKeyToken=null" name="second_person_tenses_active_negation" />
      <DataSource connectionString="|DataDirectory|\TestCases\second_person_tenses_active_negation.xml" providerInvariantName="Microsoft.VisualStudio.TestTools.DataSource.XML" tableName="sentence" />
    </UnitTest>
    <UnitTest name="interrogative_sentences_why" storage="d:\software\project\bnlp\unittest\bin\debug\unittest.dll" id="1b04a6d6-5350-792c-8eba-a46a0eb28949">
      <DeploymentItems>
        <DeploymentItem filename="..\UnitTest\TestCases\interrogative_sentences_why.xml" />
      </DeploymentItems>
      <Execution id="2f1c10ad-d57b-40d5-977e-82eba260a8cb" />
      <TestMethod codeBase="D:/software/Project/BNLP/UnitTest/bin/Debug/UnitTest.DLL" adapterTypeName="Microsoft.VisualStudio.TestTools.TestTypes.Unit.UnitTestAdapter, Microsoft.VisualStudio.QualityTools.Tips.UnitTest.Adapter, Version=10.0.0.0, Culture=neutral, PublicKeyToken=b03f5f7f11d50a3a" className="UnitTest.BnlpTest, UnitTest, Version=1.0.0.0, Culture=neutral, PublicKeyToken=null" name="interrogative_sentences_why" />
      <DataSource connectionString="|DataDirectory|\TestCases\interrogative_sentences_why.xml" providerInvariantName="Microsoft.VisualStudio.TestTools.DataSource.XML" tableName="sentence" />
    </UnitTest>
    <UnitTest name="interrogative_sentences_which" storage="d:\software\project\bnlp\unittest\bin\debug\unittest.dll" id="97a1371f-e8e6-db3e-323e-49ffeef32df1">
      <DeploymentItems>
        <DeploymentItem filename="..\UnitTest\TestCases\interrogative_sentences_which.xml" />
      </DeploymentItems>
      <Execution id="8f5fca5e-b3b5-4cc0-ba8d-c114e2de9b86" />
      <TestMethod codeBase="D:/software/Project/BNLP/UnitTest/bin/Debug/UnitTest.DLL" adapterTypeName="Microsoft.VisualStudio.TestTools.TestTypes.Unit.UnitTestAdapter, Microsoft.VisualStudio.QualityTools.Tips.UnitTest.Adapter, Version=10.0.0.0, Culture=neutral, PublicKeyToken=b03f5f7f11d50a3a" className="UnitTest.BnlpTest, UnitTest, Version=1.0.0.0, Culture=neutral, PublicKeyToken=null" name="interrogative_sentences_which" />
      <DataSource connectionString="|DataDirectory|\TestCases\interrogative_sentences_which.xml" providerInvariantName="Microsoft.VisualStudio.TestTools.DataSource.XML" tableName="sentence" />
    </UnitTest>
    <UnitTest name="third_person_tenses_active" storage="d:\software\project\bnlp\unittest\bin\debug\unittest.dll" id="0bc2f98c-98f5-f190-c78c-c00d94c547a1">
      <DeploymentItems>
        <DeploymentItem filename="..\UnitTest\TestCases\third_person_tenses_active.xml" />
      </DeploymentItems>
      <Execution id="247525d4-7ff4-4523-bd76-666adf140ed6" />
      <TestMethod codeBase="D:/software/Project/BNLP/UnitTest/bin/Debug/UnitTest.DLL" adapterTypeName="Microsoft.VisualStudio.TestTools.TestTypes.Unit.UnitTestAdapter, Microsoft.VisualStudio.QualityTools.Tips.UnitTest.Adapter, Version=10.0.0.0, Culture=neutral, PublicKeyToken=b03f5f7f11d50a3a" className="UnitTest.BnlpTest, UnitTest, Version=1.0.0.0, Culture=neutral, PublicKeyToken=null" name="third_person_tenses_active" />
      <DataSource connectionString="|DataDirectory|\TestCases\third_person_tenses_active.xml" providerInvariantName="Microsoft.VisualStudio.TestTools.DataSource.XML" tableName="sentence" />
    </UnitTest>
    <UnitTest name="auxiliary_verbs_as_main_verbs" storage="d:\software\project\bnlp\unittest\bin\debug\unittest.dll" id="c79146bc-2376-961a-5de9-441b5dfc7188">
      <DeploymentItems>
        <DeploymentItem filename="..\UnitTest\TestCases\auxiliary_verbs_as_main_verbs.xml" />
      </DeploymentItems>
      <Execution id="8e4c045c-4798-45eb-b58b-b19e74344136" />
      <TestMethod codeBase="D:/software/Project/BNLP/UnitTest/bin/Debug/UnitTest.DLL" adapterTypeName="Microsoft.VisualStudio.TestTools.TestTypes.Unit.UnitTestAdapter, Microsoft.VisualStudio.QualityTools.Tips.UnitTest.Adapter, Version=10.0.0.0, Culture=neutral, PublicKeyToken=b03f5f7f11d50a3a" className="UnitTest.BnlpTest, UnitTest, Version=1.0.0.0, Culture=neutral, PublicKeyToken=null" name="auxiliary_verbs_as_main_verbs" />
      <DataSource connectionString="|DataDirectory|\TestCases\auxiliary_verbs_as_main_verbs.xml" providerInvariantName="Microsoft.VisualStudio.TestTools.DataSource.XML" tableName="sentence" />
    </UnitTest>
    <UnitTest name="special_handling_do_verb" storage="d:\software\project\bnlp\unittest\bin\debug\unittest.dll" id="533e7939-123c-ce84-5c5c-d5a21d1d95b9">
      <DeploymentItems>
        <DeploymentItem filename="..\UnitTest\TestCases\special_handling_do_verb.xml" />
      </DeploymentItems>
      <Execution id="2d14487a-4233-4fd2-8192-f5f227e712ab" />
      <TestMethod codeBase="D:/software/Project/BNLP/UnitTest/bin/Debug/UnitTest.DLL" adapterTypeName="Microsoft.VisualStudio.TestTools.TestTypes.Unit.UnitTestAdapter, Microsoft.VisualStudio.QualityTools.Tips.UnitTest.Adapter, Version=10.0.0.0, Culture=neutral, PublicKeyToken=b03f5f7f11d50a3a" className="UnitTest.BnlpTest, UnitTest, Version=1.0.0.0, Culture=neutral, PublicKeyToken=null" name="special_handling_do_verb" />
      <DataSource connectionString="|DataDirectory|\TestCases\special_handling_do_verb.xml" providerInvariantName="Microsoft.VisualStudio.TestTools.DataSource.XML" tableName="sentence" />
    </UnitTest>
    <UnitTest name="interrogative_sentences_whom" storage="d:\software\project\bnlp\unittest\bin\debug\unittest.dll" id="4e91a3b9-9eae-ebff-0b97-303f00578a78">
      <DeploymentItems>
        <DeploymentItem filename="..\UnitTest\TestCases\interrogative_sentences_whom.xml" />
      </DeploymentItems>
      <Execution id="8fb21a4a-a1ff-44f6-929c-ca2859c1bc61" />
      <TestMethod codeBase="D:/software/Project/BNLP/UnitTest/bin/Debug/UnitTest.DLL" adapterTypeName="Microsoft.VisualStudio.TestTools.TestTypes.Unit.UnitTestAdapter, Microsoft.VisualStudio.QualityTools.Tips.UnitTest.Adapter, Version=10.0.0.0, Culture=neutral, PublicKeyToken=b03f5f7f11d50a3a" className="UnitTest.BnlpTest, UnitTest, Version=1.0.0.0, Culture=neutral, PublicKeyToken=null" name="interrogative_sentences_whom" />
      <DataSource connectionString="|DataDirectory|\TestCases\interrogative_sentences_whom.xml" providerInvariantName="Microsoft.VisualStudio.TestTools.DataSource.XML" tableName="sentence" />
    </UnitTest>
    <UnitTest name="interrogative_sentences_where" storage="d:\software\project\bnlp\unittest\bin\debug\unittest.dll" id="b9261b51-b0a2-10e2-9308-22bb2624de8b">
      <DeploymentItems>
        <DeploymentItem filename="..\UnitTest\TestCases\interrogative_sentences_where.xml" />
      </DeploymentItems>
      <Execution id="d62cd716-4e25-4dae-94d3-770bbd69fd26" />
      <TestMethod codeBase="D:/software/Project/BNLP/UnitTest/bin/Debug/UnitTest.DLL" adapterTypeName="Microsoft.VisualStudio.TestTools.TestTypes.Unit.UnitTestAdapter, Microsoft.VisualStudio.QualityTools.Tips.UnitTest.Adapter, Version=10.0.0.0, Culture=neutral, PublicKeyToken=b03f5f7f11d50a3a" className="UnitTest.BnlpTest, UnitTest, Version=1.0.0.0, Culture=neutral, PublicKeyToken=null" name="interrogative_sentences_where" />
      <DataSource connectionString="|DataDirectory|\TestCases\interrogative_sentences_where.xml" providerInvariantName="Microsoft.VisualStudio.TestTools.DataSource.XML" tableName="sentence" />
    </UnitTest>
    <UnitTest name="interrogative_sentences_aux" storage="d:\software\project\bnlp\unittest\bin\debug\unittest.dll" id="39dcb97e-c73f-c645-a77c-64d9eba0a3a3">
      <DeploymentItems>
        <DeploymentItem filename="..\UnitTest\TestCases\interrogative_sentences_aux.xml" />
      </DeploymentItems>
      <Execution id="291f1ac2-179a-4195-9b9c-78d45faf7da3" />
      <TestMethod codeBase="D:/software/Project/BNLP/UnitTest/bin/Debug/UnitTest.DLL" adapterTypeName="Microsoft.VisualStudio.TestTools.TestTypes.Unit.UnitTestAdapter, Microsoft.VisualStudio.QualityTools.Tips.UnitTest.Adapter, Version=10.0.0.0, Culture=neutral, PublicKeyToken=b03f5f7f11d50a3a" className="UnitTest.BnlpTest, UnitTest, Version=1.0.0.0, Culture=neutral, PublicKeyToken=null" name="interrogative_sentences_aux" />
      <DataSource connectionString="|DataDirectory|\TestCases\interrogative_sentences_aux.xml" providerInvariantName="Microsoft.VisualStudio.TestTools.DataSource.XML" tableName="sentence" />
    </UnitTest>
    <UnitTest name="all_persons_tenses_passive" storage="d:\software\project\bnlp\unittest\bin\debug\unittest.dll" id="d766a059-d96c-7b47-e6a6-34931760df96">
      <DeploymentItems>
        <DeploymentItem filename="..\UnitTest\TestCases\all_persons_tenses_passive.xml" />
      </DeploymentItems>
      <Execution id="bbab634c-2f88-4563-b587-8f45a7cd6b05" />
      <TestMethod codeBase="D:/software/Project/BNLP/UnitTest/bin/Debug/UnitTest.DLL" adapterTypeName="Microsoft.VisualStudio.TestTools.TestTypes.Unit.UnitTestAdapter, Microsoft.VisualStudio.QualityTools.Tips.UnitTest.Adapter, Version=10.0.0.0, Culture=neutral, PublicKeyToken=b03f5f7f11d50a3a" className="UnitTest.BnlpTest, UnitTest, Version=1.0.0.0, Culture=neutral, PublicKeyToken=null" name="all_persons_tenses_passive" />
      <DataSource connectionString="|DataDirectory|\TestCases\all_persons_tenses_passive.xml" providerInvariantName="Microsoft.VisualStudio.TestTools.DataSource.XML" tableName="sentence" />
    </UnitTest>
    <UnitTest name="first_person_tenses_active_negation" storage="d:\software\project\bnlp\unittest\bin\debug\unittest.dll" id="15fe5bf6-5078-81a8-0356-385549390bb7">
      <DeploymentItems>
        <DeploymentItem filename="..\UnitTest\TestCases\first_person_tenses_active_negation.xml" />
      </DeploymentItems>
      <Execution id="f1f306c3-1a33-4345-8ef1-612440ecd6e3" />
      <TestMethod codeBase="D:/software/Project/BNLP/UnitTest/bin/Debug/UnitTest.DLL" adapterTypeName="Microsoft.VisualStudio.TestTools.TestTypes.Unit.UnitTestAdapter, Microsoft.VisualStudio.QualityTools.Tips.UnitTest.Adapter, Version=10.0.0.0, Culture=neutral, PublicKeyToken=b03f5f7f11d50a3a" className="UnitTest.BnlpTest, UnitTest, Version=1.0.0.0, Culture=neutral, PublicKeyToken=null" name="first_person_tenses_active_negation" />
      <DataSource connectionString="|DataDirectory|\TestCases\first_person_tenses_active_negation.xml" providerInvariantName="Microsoft.VisualStudio.TestTools.DataSource.XML" tableName="sentence" />
    </UnitTest>
  </TestDefinitions>
  <TestLists>
    <TestList name="Results Not in a List" id="8c84fa94-04c1-424b-9868-57a2d4851a1d" />
    <TestList name="All Loaded Results" id="19431567-8539-422a-85d7-44ee4e166bda" />
  </TestLists>
  <TestEntries>
    <TestEntry testId="0bc2f98c-98f5-f190-c78c-c00d94c547a1" executionId="247525d4-7ff4-4523-bd76-666adf140ed6" testListId="8c84fa94-04c1-424b-9868-57a2d4851a1d" />
    <TestEntry testId="0f337a75-1a2d-d9c3-6c5f-23ed2604b69d" executionId="3f52f575-9ca2-407a-93f6-d6bd8be200bd" testListId="8c84fa94-04c1-424b-9868-57a2d4851a1d" />
    <TestEntry testId="0f33848d-a900-d644-7498-2526887b5425" executionId="17ceaad2-a301-45fb-b0ea-dec067baab41" testListId="8c84fa94-04c1-424b-9868-57a2d4851a1d" />
    <TestEntry testId="15fe5bf6-5078-81a8-0356-385549390bb7" executionId="f1f306c3-1a33-4345-8ef1-612440ecd6e3" testListId="8c84fa94-04c1-424b-9868-57a2d4851a1d" />
    <TestEntry testId="1b04a6d6-5350-792c-8eba-a46a0eb28949" executionId="2f1c10ad-d57b-40d5-977e-82eba260a8cb" testListId="8c84fa94-04c1-424b-9868-57a2d4851a1d" />
    <TestEntry testId="1d63c318-78a9-9011-f5c0-0b01884a2881" executionId="dc00c6af-929e-44d8-acb7-62bda0b8924c" testListId="8c84fa94-04c1-424b-9868-57a2d4851a1d" />
    <TestEntry testId="227f20ae-8e76-eb71-39b2-4ada3ce6aba8" executionId="1cffca2d-ba6f-4bc9-a1ea-015601231b82" testListId="8c84fa94-04c1-424b-9868-57a2d4851a1d" />
    <TestEntry testId="30ab3285-6a8c-14d2-9725-bd60892ccd90" executionId="5ee94541-6de7-4416-962c-60265ec8c67b" testListId="8c84fa94-04c1-424b-9868-57a2d4851a1d" />
    <TestEntry testId="32b5d279-0d23-e5ad-0301-234c8788f740" executionId="08360062-dcc7-4a91-b7ea-1b782e4033be" testListId="8c84fa94-04c1-424b-9868-57a2d4851a1d" />
    <TestEntry testId="39dcb97e-c73f-c645-a77c-64d9eba0a3a3" executionId="291f1ac2-179a-4195-9b9c-78d45faf7da3" testListId="8c84fa94-04c1-424b-9868-57a2d4851a1d" />
    <TestEntry testId="4e91a3b9-9eae-ebff-0b97-303f00578a78" executionId="8fb21a4a-a1ff-44f6-929c-ca2859c1bc61" testListId="8c84fa94-04c1-424b-9868-57a2d4851a1d" />
    <TestEntry testId="533e7939-123c-ce84-5c5c-d5a21d1d95b9" executionId="2d14487a-4233-4fd2-8192-f5f227e712ab" testListId="8c84fa94-04c1-424b-9868-57a2d4851a1d" />
    <TestEntry testId="642ce34f-0ed4-f995-637b-09297c832f2a" executionId="2e34c536-3003-4079-9bfd-1c48cd53bf2a" testListId="8c84fa94-04c1-424b-9868-57a2d4851a1d" />
    <TestEntry testId="783915fe-114a-e353-78dd-56e92a60f942" executionId="1224e2f6-b07f-4a1b-80b1-87ab2f1ea9c4" testListId="8c84fa94-04c1-424b-9868-57a2d4851a1d" />
    <TestEntry testId="7f7910d1-dc89-39b4-b4cf-d9e6d7af9420" executionId="26db35ce-bfc6-4343-b9a7-5237352927c4" testListId="8c84fa94-04c1-424b-9868-57a2d4851a1d" />
    <TestEntry testId="83c68223-dcaa-51dd-423f-434210a59f77" executionId="9caae843-fb16-486e-853f-aad26520f56b" testListId="8c84fa94-04c1-424b-9868-57a2d4851a1d" />
    <TestEntry testId="8fe5ccb3-a3f4-0f61-ad21-e94ef029e900" executionId="ab13f8b1-c836-4c8d-ac9a-63ea5ada338d" testListId="8c84fa94-04c1-424b-9868-57a2d4851a1d" />
    <TestEntry testId="921e6ab0-d7c2-6005-e523-6fd2d5e1a723" executionId="8c0a2d51-5dd9-40d3-a5a2-a6e4fdac698b" testListId="8c84fa94-04c1-424b-9868-57a2d4851a1d" />
    <TestEntry testId="9319d01e-de3e-d310-c76e-cae8dce4c924" executionId="fe57934c-a9c8-49e4-889c-69161687e0f9" testListId="8c84fa94-04c1-424b-9868-57a2d4851a1d" />
    <TestEntry testId="97a1371f-e8e6-db3e-323e-49ffeef32df1" executionId="8f5fca5e-b3b5-4cc0-ba8d-c114e2de9b86" testListId="8c84fa94-04c1-424b-9868-57a2d4851a1d" />
    <TestEntry testId="b9261b51-b0a2-10e2-9308-22bb2624de8b" executionId="d62cd716-4e25-4dae-94d3-770bbd69fd26" testListId="8c84fa94-04c1-424b-9868-57a2d4851a1d" />
    <TestEntry testId="bdfe92b2-f4ac-73a5-f13d-5c1ea13721b4" executionId="b04fa820-cfcf-4ade-8451-492d2a38d055" testListId="8c84fa94-04c1-424b-9868-57a2d4851a1d" />
    <TestEntry testId="c79146bc-2376-961a-5de9-441b5dfc7188" executionId="8e4c045c-4798-45eb-b58b-b19e74344136" testListId="8c84fa94-04c1-424b-9868-57a2d4851a1d" />
    <TestEntry testId="d03eb628-bf1f-c27d-aeef-e708d613d686" executionId="bb479038-8fc6-48ea-960b-d667d0d70f5d" testListId="8c84fa94-04c1-424b-9868-57a2d4851a1d" />
    <TestEntry testId="d766a059-d96c-7b47-e6a6-34931760df96" executionId="bbab634c-2f88-4563-b587-8f45a7cd6b05" testListId="8c84fa94-04c1-424b-9868-57a2d4851a1d" />
    <TestEntry testId="fe3e63ab-391c-e168-48d0-431b85a7b898" executionId="4cef01ad-f18a-42fe-bf76-62506cdc2f06" testListId="8c84fa94-04c1-424b-9868-57a2d4851a1d" />
  </TestEntries>
  <Results>
    <UnitTestResult executionId="247525d4-7ff4-4523-bd76-666adf140ed6" testId="0bc2f98c-98f5-f190-c78c-c00d94c547a1" testName="third_person_tenses_active" computerName="ARPAN-LAP" duration="00:00:08.1865441" startTime="2014-06-25T20:12:54.9407245+05:30" endTime="2014-06-25T20:13:03.5272157+05:30" testType="13cdc9d9-ddb5-4fa4-a97d-d965ccfc6d4b" outcome="Passed" testListId="8c84fa94-04c1-424b-9868-57a2d4851a1d" relativeResultsDirectory="247525d4-7ff4-4523-bd76-666adf140ed6" resultType="DataDrivenTest">
      <Counters error="0" failed="0" timeout="0" aborted="0" inconclusive="0" passedButRunAborted="0" notRunnable="0" notExecuted="0" disconnected="0" warning="0" passed="10" completed="0" inProgress="0" pending="0" />
      <InnerResults>
        <UnitTestResult executionId="0acc5294-ee49-4649-b391-63f917396a41" parentExecutionId="247525d4-7ff4-4523-bd76-666adf140ed6" testId="0bc2f98c-98f5-f190-c78c-c00d94c547a1" testName="third_person_tenses_active" computerName="ARPAN-LAP" duration="00:00:07.9673325" startTime="2014-06-25T20:12:55.3077455+05:30" endTime="2014-06-25T20:13:03.2812016+05:30" testType="13cdc9d9-ddb5-4fa4-a97d-d965ccfc6d4b" outcome="Passed" testListId="8c84fa94-04c1-424b-9868-57a2d4851a1d" relativeResultsDirectory="247525d4-7ff4-4523-bd76-666adf140ed6" dataRowInfo="0" resultType="DataDrivenDataRow" />
        <UnitTestResult executionId="c78f3df4-7ecc-4668-94c4-b9ee2ef293d1" parentExecutionId="247525d4-7ff4-4523-bd76-666adf140ed6" testId="0bc2f98c-98f5-f190-c78c-c00d94c547a1" testName="third_person_tenses_active" computerName="ARPAN-LAP" duration="00:00:00.0186372" startTime="2014-06-25T20:13:03.2812016+05:30" endTime="2014-06-25T20:13:03.3002027+05:30" testType="13cdc9d9-ddb5-4fa4-a97d-d965ccfc6d4b" outcome="Passed" testListId="8c84fa94-04c1-424b-9868-57a2d4851a1d" relativeResultsDirectory="247525d4-7ff4-4523-bd76-666adf140ed6" dataRowInfo="1" resultType="DataDrivenDataRow" />
        <UnitTestResult executionId="c6df9d23-f2e1-421f-badd-c81d24682d6c" parentExecutionId="247525d4-7ff4-4523-bd76-666adf140ed6" testId="0bc2f98c-98f5-f190-c78c-c00d94c547a1" testName="third_person_tenses_active" computerName="ARPAN-LAP" duration="00:00:00.0165215" startTime="2014-06-25T20:13:03.3002027+05:30" endTime="2014-06-25T20:13:03.3162036+05:30" testType="13cdc9d9-ddb5-4fa4-a97d-d965ccfc6d4b" outcome="Passed" testListId="8c84fa94-04c1-424b-9868-57a2d4851a1d" relativeResultsDirectory="247525d4-7ff4-4523-bd76-666adf140ed6" dataRowInfo="2" resultType="DataDrivenDataRow" />
        <UnitTestResult executionId="3f706bc1-099d-4995-ab37-ecb077f17a89" parentExecutionId="247525d4-7ff4-4523-bd76-666adf140ed6" testId="0bc2f98c-98f5-f190-c78c-c00d94c547a1" testName="third_person_tenses_active" computerName="ARPAN-LAP" duration="00:00:00.0210455" startTime="2014-06-25T20:13:03.3162036+05:30" endTime="2014-06-25T20:13:03.3372048+05:30" testType="13cdc9d9-ddb5-4fa4-a97d-d965ccfc6d4b" outcome="Passed" testListId="8c84fa94-04c1-424b-9868-57a2d4851a1d" relativeResultsDirectory="247525d4-7ff4-4523-bd76-666adf140ed6" dataRowInfo="3" resultType="DataDrivenDataRow" />
        <UnitTestResult executionId="84a3dfe1-4e41-4b9f-b9b8-81107c22ad2f" parentExecutionId="247525d4-7ff4-4523-bd76-666adf140ed6" testId="0bc2f98c-98f5-f190-c78c-c00d94c547a1" testName="third_person_tenses_active" computerName="ARPAN-LAP" duration="00:00:00.0410778" startTime="2014-06-25T20:13:03.3382048+05:30" endTime="2014-06-25T20:13:03.3792072+05:30" testType="13cdc9d9-ddb5-4fa4-a97d-d965ccfc6d4b" outcome="Passed" testListId="8c84fa94-04c1-424b-9868-57a2d4851a1d" relativeResultsDirectory="247525d4-7ff4-4523-bd76-666adf140ed6" dataRowInfo="4" resultType="DataDrivenDataRow" />
        <UnitTestResult executionId="4dbfdeac-616a-4e90-ae6f-013d93e3c022" parentExecutionId="247525d4-7ff4-4523-bd76-666adf140ed6" testId="0bc2f98c-98f5-f190-c78c-c00d94c547a1" testName="third_person_tenses_active" computerName="ARPAN-LAP" duration="00:00:00.0195200" startTime="2014-06-25T20:13:03.3792072+05:30" endTime="2014-06-25T20:13:03.3982083+05:30" testType="13cdc9d9-ddb5-4fa4-a97d-d965ccfc6d4b" outcome="Passed" testListId="8c84fa94-04c1-424b-9868-57a2d4851a1d" relativeResultsDirectory="247525d4-7ff4-4523-bd76-666adf140ed6" dataRowInfo="5" resultType="DataDrivenDataRow" />
        <UnitTestResult executionId="01c19a3c-842a-4241-a395-2cc0713705b6" parentExecutionId="247525d4-7ff4-4523-bd76-666adf140ed6" testId="0bc2f98c-98f5-f190-c78c-c00d94c547a1" testName="third_person_tenses_active" computerName="ARPAN-LAP" duration="00:00:00.0175152" startTime="2014-06-25T20:13:03.3982083+05:30" endTime="2014-06-25T20:13:03.4162093+05:30" testType="13cdc9d9-ddb5-4fa4-a97d-d965ccfc6d4b" outcome="Passed" testListId="8c84fa94-04c1-424b-9868-57a2d4851a1d" relativeResultsDirectory="247525d4-7ff4-4523-bd76-666adf140ed6" dataRowInfo="6" resultType="DataDrivenDataRow" />
        <UnitTestResult executionId="7e112d1f-9061-493e-a713-ce86984c25fa" parentExecutionId="247525d4-7ff4-4523-bd76-666adf140ed6" testId="0bc2f98c-98f5-f190-c78c-c00d94c547a1" testName="third_person_tenses_active" computerName="ARPAN-LAP" duration="00:00:00.0243904" startTime="2014-06-25T20:13:03.4162093+05:30" endTime="2014-06-25T20:13:03.4402107+05:30" testType="13cdc9d9-ddb5-4fa4-a97d-d965ccfc6d4b" outcome="Passed" testListId="8c84fa94-04c1-424b-9868-57a2d4851a1d" relativeResultsDirectory="247525d4-7ff4-4523-bd76-666adf140ed6" dataRowInfo="7" resultType="DataDrivenDataRow" />
        <UnitTestResult executionId="c296d624-2907-42d5-b63a-28648e9f7240" parentExecutionId="247525d4-7ff4-4523-bd76-666adf140ed6" testId="0bc2f98c-98f5-f190-c78c-c00d94c547a1" testName="third_person_tenses_active" computerName="ARPAN-LAP" duration="00:00:00.0196956" startTime="2014-06-25T20:13:03.4402107+05:30" endTime="2014-06-25T20:13:03.4602118+05:30" testType="13cdc9d9-ddb5-4fa4-a97d-d965ccfc6d4b" outcome="Passed" testListId="8c84fa94-04c1-424b-9868-57a2d4851a1d" relativeResultsDirectory="247525d4-7ff4-4523-bd76-666adf140ed6" dataRowInfo="8" resultType="DataDrivenDataRow" />
        <UnitTestResult executionId="a6d39b1c-922b-4baf-b49e-a3e708ccefb5" parentExecutionId="247525d4-7ff4-4523-bd76-666adf140ed6" testId="0bc2f98c-98f5-f190-c78c-c00d94c547a1" testName="third_person_tenses_active" computerName="ARPAN-LAP" duration="00:00:00.0221742" startTime="2014-06-25T20:13:03.4602118+05:30" endTime="2014-06-25T20:13:03.4822131+05:30" testType="13cdc9d9-ddb5-4fa4-a97d-d965ccfc6d4b" outcome="Passed" testListId="8c84fa94-04c1-424b-9868-57a2d4851a1d" relativeResultsDirectory="247525d4-7ff4-4523-bd76-666adf140ed6" dataRowInfo="9" resultType="DataDrivenDataRow" />
      </InnerResults>
    </UnitTestResult>
    <UnitTestResult executionId="3f52f575-9ca2-407a-93f6-d6bd8be200bd" testId="0f337a75-1a2d-d9c3-6c5f-23ed2604b69d" testName="prepositions_made_with_two_words" computerName="ARPAN-LAP" duration="00:00:00.1330108" startTime="2014-06-25T20:13:03.5372162+05:30" endTime="2014-06-25T20:13:03.6932251+05:30" testType="13cdc9d9-ddb5-4fa4-a97d-d965ccfc6d4b" outcome="Passed" testListId="8c84fa94-04c1-424b-9868-57a2d4851a1d" relativeResultsDirectory="3f52f575-9ca2-407a-93f6-d6bd8be200bd" resultType="DataDrivenTest">
      <Counters error="0" failed="0" timeout="0" aborted="0" inconclusive="0" passedButRunAborted="0" notRunnable="0" notExecuted="0" disconnected="0" warning="0" passed="3" completed="0" inProgress="0" pending="0" />
      <InnerResults>
        <UnitTestResult executionId="e746f797-ec36-4453-a4b7-c2a35213005c" parentExecutionId="3f52f575-9ca2-407a-93f6-d6bd8be200bd" testId="0f337a75-1a2d-d9c3-6c5f-23ed2604b69d" testName="prepositions_made_with_two_words" computerName="ARPAN-LAP" duration="00:00:00.0377431" startTime="2014-06-25T20:13:03.5432166+05:30" endTime="2014-06-25T20:13:03.5812187+05:30" testType="13cdc9d9-ddb5-4fa4-a97d-d965ccfc6d4b" outcome="Passed" testListId="8c84fa94-04c1-424b-9868-57a2d4851a1d" relativeResultsDirectory="3f52f575-9ca2-407a-93f6-d6bd8be200bd" dataRowInfo="0" resultType="DataDrivenDataRow" />
        <UnitTestResult executionId="5c17a002-24bb-4903-8863-6533c1877a50" parentExecutionId="3f52f575-9ca2-407a-93f6-d6bd8be200bd" testId="0f337a75-1a2d-d9c3-6c5f-23ed2604b69d" testName="prepositions_made_with_two_words" computerName="ARPAN-LAP" duration="00:00:00.0465313" startTime="2014-06-25T20:13:03.5812187+05:30" endTime="2014-06-25T20:13:03.6272214+05:30" testType="13cdc9d9-ddb5-4fa4-a97d-d965ccfc6d4b" outcome="Passed" testListId="8c84fa94-04c1-424b-9868-57a2d4851a1d" relativeResultsDirectory="3f52f575-9ca2-407a-93f6-d6bd8be200bd" dataRowInfo="1" resultType="DataDrivenDataRow" />
        <UnitTestResult executionId="9b3c5dea-a4eb-4677-a981-2d1a5b5a8ba0" parentExecutionId="3f52f575-9ca2-407a-93f6-d6bd8be200bd" testId="0f337a75-1a2d-d9c3-6c5f-23ed2604b69d" testName="prepositions_made_with_two_words" computerName="ARPAN-LAP" duration="00:00:00.0470061" startTime="2014-06-25T20:13:03.6272214+05:30" endTime="2014-06-25T20:13:03.6752241+05:30" testType="13cdc9d9-ddb5-4fa4-a97d-d965ccfc6d4b" outcome="Passed" testListId="8c84fa94-04c1-424b-9868-57a2d4851a1d" relativeResultsDirectory="3f52f575-9ca2-407a-93f6-d6bd8be200bd" dataRowInfo="2" resultType="DataDrivenDataRow" />
      </InnerResults>
    </UnitTestResult>
    <UnitTestResult executionId="17ceaad2-a301-45fb-b0ea-dec067baab41" testId="0f33848d-a900-d644-7498-2526887b5425" testName="prepositions_made_with_three_words" computerName="ARPAN-LAP" duration="00:00:00.2005671" startTime="2014-06-25T20:13:03.7022257+05:30" endTime="2014-06-25T20:13:03.9312388+05:30" testType="13cdc9d9-ddb5-4fa4-a97d-d965ccfc6d4b" outcome="Passed" testListId="8c84fa94-04c1-424b-9868-57a2d4851a1d" relativeResultsDirectory="17ceaad2-a301-45fb-b0ea-dec067baab41" resultType="DataDrivenTest">
      <Counters error="0" failed="0" timeout="0" aborted="0" inconclusive="0" passedButRunAborted="0" notRunnable="0" notExecuted="0" disconnected="0" warning="0" passed="4" completed="0" inProgress="0" pending="0" />
      <InnerResults>
        <UnitTestResult executionId="75d50c25-9d9e-4f19-a408-3db8a26e244c" parentExecutionId="17ceaad2-a301-45fb-b0ea-dec067baab41" testId="0f33848d-a900-d644-7498-2526887b5425" testName="prepositions_made_with_three_words" computerName="ARPAN-LAP" duration="00:00:00.0413001" startTime="2014-06-25T20:13:03.7182266+05:30" endTime="2014-06-25T20:13:03.7592289+05:30" testType="13cdc9d9-ddb5-4fa4-a97d-d965ccfc6d4b" outcome="Passed" testListId="8c84fa94-04c1-424b-9868-57a2d4851a1d" relativeResultsDirectory="17ceaad2-a301-45fb-b0ea-dec067baab41" dataRowInfo="0" resultType="DataDrivenDataRow" />
        <UnitTestResult executionId="fc3abdbb-3031-4cb4-a087-2b4a741621d9" parentExecutionId="17ceaad2-a301-45fb-b0ea-dec067baab41" testId="0f33848d-a900-d644-7498-2526887b5425" testName="prepositions_made_with_three_words" computerName="ARPAN-LAP" duration="00:00:00.0515521" startTime="2014-06-25T20:13:03.7592289+05:30" endTime="2014-06-25T20:13:03.8112319+05:30" testType="13cdc9d9-ddb5-4fa4-a97d-d965ccfc6d4b" outcome="Passed" testListId="8c84fa94-04c1-424b-9868-57a2d4851a1d" relativeResultsDirectory="17ceaad2-a301-45fb-b0ea-dec067baab41" dataRowInfo="1" resultType="DataDrivenDataRow" />
        <UnitTestResult executionId="a29c1108-17cd-44eb-bbc1-16b2f78a6aaf" parentExecutionId="17ceaad2-a301-45fb-b0ea-dec067baab41" testId="0f33848d-a900-d644-7498-2526887b5425" testName="prepositions_made_with_three_words" computerName="ARPAN-LAP" duration="00:00:00.0614848" startTime="2014-06-25T20:13:03.8112319+05:30" endTime="2014-06-25T20:13:03.8722354+05:30" testType="13cdc9d9-ddb5-4fa4-a97d-d965ccfc6d4b" outcome="Passed" testListId="8c84fa94-04c1-424b-9868-57a2d4851a1d" relativeResultsDirectory="17ceaad2-a301-45fb-b0ea-dec067baab41" dataRowInfo="2" resultType="DataDrivenDataRow" />
        <UnitTestResult executionId="3b41950e-a3af-4b05-bd93-20e53f8b7275" parentExecutionId="17ceaad2-a301-45fb-b0ea-dec067baab41" testId="0f33848d-a900-d644-7498-2526887b5425" testName="prepositions_made_with_three_words" computerName="ARPAN-LAP" duration="00:00:00.0443268" startTime="2014-06-25T20:13:03.8722354+05:30" endTime="2014-06-25T20:13:03.9172380+05:30" testType="13cdc9d9-ddb5-4fa4-a97d-d965ccfc6d4b" outcome="Passed" testListId="8c84fa94-04c1-424b-9868-57a2d4851a1d" relativeResultsDirectory="17ceaad2-a301-45fb-b0ea-dec067baab41" dataRowInfo="3" resultType="DataDrivenDataRow" />
      </InnerResults>
    </UnitTestResult>
    <UnitTestResult executionId="f1f306c3-1a33-4345-8ef1-612440ecd6e3" testId="15fe5bf6-5078-81a8-0356-385549390bb7" testName="first_person_tenses_active_negation" computerName="ARPAN-LAP" duration="00:00:00.2693188" startTime="2014-06-25T20:13:03.9382392+05:30" endTime="2014-06-25T20:13:04.2562574+05:30" testType="13cdc9d9-ddb5-4fa4-a97d-d965ccfc6d4b" outcome="Passed" testListId="8c84fa94-04c1-424b-9868-57a2d4851a1d" relativeResultsDirectory="f1f306c3-1a33-4345-8ef1-612440ecd6e3" resultType="DataDrivenTest">
      <Counters error="0" failed="0" timeout="0" aborted="0" inconclusive="0" passedButRunAborted="0" notRunnable="0" notExecuted="0" disconnected="0" warning="0" passed="10" completed="0" inProgress="0" pending="0" />
      <InnerResults>
        <UnitTestResult executionId="eab64418-014b-4dd6-aa46-69e48079b1ab" parentExecutionId="f1f306c3-1a33-4345-8ef1-612440ecd6e3" testId="15fe5bf6-5078-81a8-0356-385549390bb7" testName="first_person_tenses_active_negation" computerName="ARPAN-LAP" duration="00:00:00.0240358" startTime="2014-06-25T20:13:03.9442395+05:30" endTime="2014-06-25T20:13:03.9682409+05:30" testType="13cdc9d9-ddb5-4fa4-a97d-d965ccfc6d4b" outcome="Passed" testListId="8c84fa94-04c1-424b-9868-57a2d4851a1d" relativeResultsDirectory="f1f306c3-1a33-4345-8ef1-612440ecd6e3" dataRowInfo="0" resultType="DataDrivenDataRow" />
        <UnitTestResult executionId="ae30e57a-0779-4c47-af33-88e00ee1b96a" parentExecutionId="f1f306c3-1a33-4345-8ef1-612440ecd6e3" testId="15fe5bf6-5078-81a8-0356-385549390bb7" testName="first_person_tenses_active_negation" computerName="ARPAN-LAP" duration="00:00:00.0269753" startTime="2014-06-25T20:13:03.9682409+05:30" endTime="2014-06-25T20:13:03.9952424+05:30" testType="13cdc9d9-ddb5-4fa4-a97d-d965ccfc6d4b" outcome="Passed" testListId="8c84fa94-04c1-424b-9868-57a2d4851a1d" relativeResultsDirectory="f1f306c3-1a33-4345-8ef1-612440ecd6e3" dataRowInfo="1" resultType="DataDrivenDataRow" />
        <UnitTestResult executionId="e024da4b-b7c4-430c-bfca-8a59014ab96e" parentExecutionId="f1f306c3-1a33-4345-8ef1-612440ecd6e3" testId="15fe5bf6-5078-81a8-0356-385549390bb7" testName="first_person_tenses_active_negation" computerName="ARPAN-LAP" duration="00:00:00.0268249" startTime="2014-06-25T20:13:03.9952424+05:30" endTime="2014-06-25T20:13:04.0222440+05:30" testType="13cdc9d9-ddb5-4fa4-a97d-d965ccfc6d4b" outcome="Passed" testListId="8c84fa94-04c1-424b-9868-57a2d4851a1d" relativeResultsDirectory="f1f306c3-1a33-4345-8ef1-612440ecd6e3" dataRowInfo="2" resultType="DataDrivenDataRow" />
        <UnitTestResult executionId="993f3a8d-09e8-457a-8a2c-c72518eb03d8" parentExecutionId="f1f306c3-1a33-4345-8ef1-612440ecd6e3" testId="15fe5bf6-5078-81a8-0356-385549390bb7" testName="first_person_tenses_active_negation" computerName="ARPAN-LAP" duration="00:00:00.0301709" startTime="2014-06-25T20:13:04.0222440+05:30" endTime="2014-06-25T20:13:04.0522457+05:30" testType="13cdc9d9-ddb5-4fa4-a97d-d965ccfc6d4b" outcome="Passed" testListId="8c84fa94-04c1-424b-9868-57a2d4851a1d" relativeResultsDirectory="f1f306c3-1a33-4345-8ef1-612440ecd6e3" dataRowInfo="3" resultType="DataDrivenDataRow" />
        <UnitTestResult executionId="d6cb1fb6-5410-4b6b-bf6f-b310cb40f2d1" parentExecutionId="f1f306c3-1a33-4345-8ef1-612440ecd6e3" testId="15fe5bf6-5078-81a8-0356-385549390bb7" testName="first_person_tenses_active_negation" computerName="ARPAN-LAP" duration="00:00:00.0227198" startTime="2014-06-25T20:13:04.0522457+05:30" endTime="2014-06-25T20:13:04.0752470+05:30" testType="13cdc9d9-ddb5-4fa4-a97d-d965ccfc6d4b" outcome="Passed" testListId="8c84fa94-04c1-424b-9868-57a2d4851a1d" relativeResultsDirectory="f1f306c3-1a33-4345-8ef1-612440ecd6e3" dataRowInfo="4" resultType="DataDrivenDataRow" />
        <UnitTestResult executionId="e833856b-7e75-4bb2-a4b6-ac612969761c" parentExecutionId="f1f306c3-1a33-4345-8ef1-612440ecd6e3" testId="15fe5bf6-5078-81a8-0356-385549390bb7" testName="first_person_tenses_active_negation" computerName="ARPAN-LAP" duration="00:00:00.0240286" startTime="2014-06-25T20:13:04.0752470+05:30" endTime="2014-06-25T20:13:04.0992484+05:30" testType="13cdc9d9-ddb5-4fa4-a97d-d965ccfc6d4b" outcome="Passed" testListId="8c84fa94-04c1-424b-9868-57a2d4851a1d" relativeResultsDirectory="f1f306c3-1a33-4345-8ef1-612440ecd6e3" dataRowInfo="5" resultType="DataDrivenDataRow" />
        <UnitTestResult executionId="5f0edd8b-cf03-415b-a190-b5275c37f1e3" parentExecutionId="f1f306c3-1a33-4345-8ef1-612440ecd6e3" testId="15fe5bf6-5078-81a8-0356-385549390bb7" testName="first_person_tenses_active_negation" computerName="ARPAN-LAP" duration="00:00:00.0255617" startTime="2014-06-25T20:13:04.0992484+05:30" endTime="2014-06-25T20:13:04.1242498+05:30" testType="13cdc9d9-ddb5-4fa4-a97d-d965ccfc6d4b" outcome="Passed" testListId="8c84fa94-04c1-424b-9868-57a2d4851a1d" relativeResultsDirectory="f1f306c3-1a33-4345-8ef1-612440ecd6e3" dataRowInfo="6" resultType="DataDrivenDataRow" />
        <UnitTestResult executionId="d21e440b-15f4-44e5-891b-a3a55a7d8c5b" parentExecutionId="f1f306c3-1a33-4345-8ef1-612440ecd6e3" testId="15fe5bf6-5078-81a8-0356-385549390bb7" testName="first_person_tenses_active_negation" computerName="ARPAN-LAP" duration="00:00:00.0302879" startTime="2014-06-25T20:13:04.1242498+05:30" endTime="2014-06-25T20:13:04.1552516+05:30" testType="13cdc9d9-ddb5-4fa4-a97d-d965ccfc6d4b" outcome="Passed" testListId="8c84fa94-04c1-424b-9868-57a2d4851a1d" relativeResultsDirectory="f1f306c3-1a33-4345-8ef1-612440ecd6e3" dataRowInfo="7" resultType="DataDrivenDataRow" />
        <UnitTestResult executionId="614c8d99-3450-4efe-907f-01e2dc9e31ec" parentExecutionId="f1f306c3-1a33-4345-8ef1-612440ecd6e3" testId="15fe5bf6-5078-81a8-0356-385549390bb7" testName="first_person_tenses_active_negation" computerName="ARPAN-LAP" duration="00:00:00.0220890" startTime="2014-06-25T20:13:04.1552516+05:30" endTime="2014-06-25T20:13:04.1772528+05:30" testType="13cdc9d9-ddb5-4fa4-a97d-d965ccfc6d4b" outcome="Passed" testListId="8c84fa94-04c1-424b-9868-57a2d4851a1d" relativeResultsDirectory="f1f306c3-1a33-4345-8ef1-612440ecd6e3" dataRowInfo="8" resultType="DataDrivenDataRow" />
        <UnitTestResult executionId="01f93472-4b92-48cd-8f59-3a34e8967fc5" parentExecutionId="f1f306c3-1a33-4345-8ef1-612440ecd6e3" testId="15fe5bf6-5078-81a8-0356-385549390bb7" testName="first_person_tenses_active_negation" computerName="ARPAN-LAP" duration="00:00:00.0345213" startTime="2014-06-25T20:13:04.1772528+05:30" endTime="2014-06-25T20:13:04.2112548+05:30" testType="13cdc9d9-ddb5-4fa4-a97d-d965ccfc6d4b" outcome="Passed" testListId="8c84fa94-04c1-424b-9868-57a2d4851a1d" relativeResultsDirectory="f1f306c3-1a33-4345-8ef1-612440ecd6e3" dataRowInfo="9" resultType="DataDrivenDataRow" />
      </InnerResults>
    </UnitTestResult>
    <UnitTestResult executionId="2f1c10ad-d57b-40d5-977e-82eba260a8cb" testId="1b04a6d6-5350-792c-8eba-a46a0eb28949" testName="interrogative_sentences_why" computerName="ARPAN-LAP" duration="00:00:00.1946861" startTime="2014-06-25T20:13:04.2672580+05:30" endTime="2014-06-25T20:13:04.4802702+05:30" testType="13cdc9d9-ddb5-4fa4-a97d-d965ccfc6d4b" outcome="Failed" testListId="8c84fa94-04c1-424b-9868-57a2d4851a1d" relativeResultsDirectory="2f1c10ad-d57b-40d5-977e-82eba260a8cb" resultType="DataDrivenTest">
      <Counters error="0" failed="3" timeout="0" aborted="0" inconclusive="0" passedButRunAborted="0" notRunnable="0" notExecuted="0" disconnected="0" warning="0" passed="0" completed="0" inProgress="0" pending="0" />
      <InnerResults>
        <UnitTestResult executionId="8893a1fa-cd43-442f-91d3-804756677a2b" parentExecutionId="2f1c10ad-d57b-40d5-977e-82eba260a8cb" testId="1b04a6d6-5350-792c-8eba-a46a0eb28949" testName="interrogative_sentences_why" computerName="ARPAN-LAP" duration="00:00:00.1066925" startTime="2014-06-25T20:13:04.2792587+05:30" endTime="2014-06-25T20:13:04.3862648+05:30" testType="13cdc9d9-ddb5-4fa4-a97d-d965ccfc6d4b" outcome="Failed" testListId="8c84fa94-04c1-424b-9868-57a2d4851a1d" relativeResultsDirectory="2f1c10ad-d57b-40d5-977e-82eba260a8cb" dataRowInfo="0" resultType="DataDrivenDataRow">
          <Output>
            <ErrorInfo>
              <Message>Assert.AreEqual failed. Expected:&lt;কেন আপনি দেরিতে আজ ?&gt;. Actual:&lt;দেরিতে আজ আপনি কেন ?&gt;. Why are you late today?</Message>
              <StackTrace>   at UnitTest.BnlpTest.interrogative_sentences_why() in D:\software\Project\BNLP\UnitTest\BnlpTest.cs:line 382
</StackTrace>
            </ErrorInfo>
          </Output>
        </UnitTestResult>
        <UnitTestResult executionId="aa0fc71f-9eee-4bd8-862f-e535e2190b30" parentExecutionId="2f1c10ad-d57b-40d5-977e-82eba260a8cb" testId="1b04a6d6-5350-792c-8eba-a46a0eb28949" testName="interrogative_sentences_why" computerName="ARPAN-LAP" duration="00:00:00.0523892" startTime="2014-06-25T20:13:04.3862648+05:30" endTime="2014-06-25T20:13:04.4382678+05:30" testType="13cdc9d9-ddb5-4fa4-a97d-d965ccfc6d4b" outcome="Failed" testListId="8c84fa94-04c1-424b-9868-57a2d4851a1d" relativeResultsDirectory="2f1c10ad-d57b-40d5-977e-82eba260a8cb" dataRowInfo="1" resultType="DataDrivenDataRow">
          <Output>
            <ErrorInfo>
              <Message>Assert.AreEqual failed. Expected:&lt;সে খাবার কেন রান্না করছে ?&gt;. Actual:&lt;সে কি খাবার কেন রান্না করছে ?&gt;. Why is she cooking food?</Message>
              <StackTrace>   at UnitTest.BnlpTest.interrogative_sentences_why() in D:\software\Project\BNLP\UnitTest\BnlpTest.cs:line 382
</StackTrace>
            </ErrorInfo>
          </Output>
        </UnitTestResult>
        <UnitTestResult executionId="e4bd0da2-91bf-4d47-87d9-f1c2c2e863dd" parentExecutionId="2f1c10ad-d57b-40d5-977e-82eba260a8cb" testId="1b04a6d6-5350-792c-8eba-a46a0eb28949" testName="interrogative_sentences_why" computerName="ARPAN-LAP" duration="00:00:00.0297043" startTime="2014-06-25T20:13:04.4382678+05:30" endTime="2014-06-25T20:13:04.4682695+05:30" testType="13cdc9d9-ddb5-4fa4-a97d-d965ccfc6d4b" outcome="Failed" testListId="8c84fa94-04c1-424b-9868-57a2d4851a1d" relativeResultsDirectory="2f1c10ad-d57b-40d5-977e-82eba260a8cb" dataRowInfo="2" resultType="DataDrivenDataRow">
          <Output>
            <ErrorInfo>
              <Message>Assert.AreEqual failed. Expected:&lt;সে কেন কাজ করবে ?&gt;. Actual:&lt;সে কি কেন কাজ করবে ?&gt;. Why will she work?</Message>
              <StackTrace>   at UnitTest.BnlpTest.interrogative_sentences_why() in D:\software\Project\BNLP\UnitTest\BnlpTest.cs:line 382
</StackTrace>
            </ErrorInfo>
          </Output>
        </UnitTestResult>
      </InnerResults>
    </UnitTestResult>
    <UnitTestResult executionId="dc00c6af-929e-44d8-acb7-62bda0b8924c" testId="1d63c318-78a9-9011-f5c0-0b01884a2881" testName="interrogative_sentences_do" computerName="ARPAN-LAP" duration="00:00:00.2581204" startTime="2014-06-25T20:13:04.4822703+05:30" endTime="2014-06-25T20:13:04.7802873+05:30" testType="13cdc9d9-ddb5-4fa4-a97d-d965ccfc6d4b" outcome="Passed" testListId="8c84fa94-04c1-424b-9868-57a2d4851a1d" relativeResultsDirectory="dc00c6af-929e-44d8-acb7-62bda0b8924c" resultType="DataDrivenTest">
      <Counters error="0" failed="0" timeout="0" aborted="0" inconclusive="0" passedButRunAborted="0" notRunnable="0" notExecuted="0" disconnected="0" warning="0" passed="9" completed="0" inProgress="0" pending="0" />
      <InnerResults>
        <UnitTestResult executionId="7b394476-c405-47cf-a874-2fd0d2ab4ef2" parentExecutionId="dc00c6af-929e-44d8-acb7-62bda0b8924c" testId="1d63c318-78a9-9011-f5c0-0b01884a2881" testName="interrogative_sentences_do" computerName="ARPAN-LAP" duration="00:00:00.0260514" startTime="2014-06-25T20:13:04.4962711+05:30" endTime="2014-06-25T20:13:04.5222726+05:30" testType="13cdc9d9-ddb5-4fa4-a97d-d965ccfc6d4b" outcome="Passed" testListId="8c84fa94-04c1-424b-9868-57a2d4851a1d" relativeResultsDirectory="dc00c6af-929e-44d8-acb7-62bda0b8924c" dataRowInfo="0" resultType="DataDrivenDataRow" />
        <UnitTestResult executionId="4be86387-08f2-4388-a879-5b6d784969b4" parentExecutionId="dc00c6af-929e-44d8-acb7-62bda0b8924c" testId="1d63c318-78a9-9011-f5c0-0b01884a2881" testName="interrogative_sentences_do" computerName="ARPAN-LAP" duration="00:00:00.0278006" startTime="2014-06-25T20:13:04.5222726+05:30" endTime="2014-06-25T20:13:04.5492741+05:30" testType="13cdc9d9-ddb5-4fa4-a97d-d965ccfc6d4b" outcome="Passed" testListId="8c84fa94-04c1-424b-9868-57a2d4851a1d" relativeResultsDirectory="dc00c6af-929e-44d8-acb7-62bda0b8924c" dataRowInfo="1" resultType="DataDrivenDataRow" />
        <UnitTestResult executionId="e711e18a-e2ce-4bb4-bf85-9326ff80e4ce" parentExecutionId="dc00c6af-929e-44d8-acb7-62bda0b8924c" testId="1d63c318-78a9-9011-f5c0-0b01884a2881" testName="interrogative_sentences_do" computerName="ARPAN-LAP" duration="00:00:00.0394579" startTime="2014-06-25T20:13:04.5492741+05:30" endTime="2014-06-25T20:13:04.5892764+05:30" testType="13cdc9d9-ddb5-4fa4-a97d-d965ccfc6d4b" outcome="Passed" testListId="8c84fa94-04c1-424b-9868-57a2d4851a1d" relativeResultsDirectory="dc00c6af-929e-44d8-acb7-62bda0b8924c" dataRowInfo="2" resultType="DataDrivenDataRow" />
        <UnitTestResult executionId="b2ca792b-7ae7-4e4f-bebc-7d84cdaee349" parentExecutionId="dc00c6af-929e-44d8-acb7-62bda0b8924c" testId="1d63c318-78a9-9011-f5c0-0b01884a2881" testName="interrogative_sentences_do" computerName="ARPAN-LAP" duration="00:00:00.0295283" startTime="2014-06-25T20:13:04.5892764+05:30" endTime="2014-06-25T20:13:04.6192781+05:30" testType="13cdc9d9-ddb5-4fa4-a97d-d965ccfc6d4b" outcome="Passed" testListId="8c84fa94-04c1-424b-9868-57a2d4851a1d" relativeResultsDirectory="dc00c6af-929e-44d8-acb7-62bda0b8924c" dataRowInfo="3" resultType="DataDrivenDataRow" />
        <UnitTestResult executionId="3f8f54b9-172c-4da8-9781-b3b927da27b1" parentExecutionId="dc00c6af-929e-44d8-acb7-62bda0b8924c" testId="1d63c318-78a9-9011-f5c0-0b01884a2881" testName="interrogative_sentences_do" computerName="ARPAN-LAP" duration="00:00:00.0231997" startTime="2014-06-25T20:13:04.6192781+05:30" endTime="2014-06-25T20:13:04.6422794+05:30" testType="13cdc9d9-ddb5-4fa4-a97d-d965ccfc6d4b" outcome="Passed" testListId="8c84fa94-04c1-424b-9868-57a2d4851a1d" relativeResultsDirectory="dc00c6af-929e-44d8-acb7-62bda0b8924c" dataRowInfo="4" resultType="DataDrivenDataRow" />
        <UnitTestResult executionId="4ce2bb2b-de62-452b-8100-f7927d6e48fc" parentExecutionId="dc00c6af-929e-44d8-acb7-62bda0b8924c" testId="1d63c318-78a9-9011-f5c0-0b01884a2881" testName="interrogative_sentences_do" computerName="ARPAN-LAP" duration="00:00:00.0299615" startTime="2014-06-25T20:13:04.6422794+05:30" endTime="2014-06-25T20:13:04.6722811+05:30" testType="13cdc9d9-ddb5-4fa4-a97d-d965ccfc6d4b" outcome="Passed" testListId="8c84fa94-04c1-424b-9868-57a2d4851a1d" relativeResultsDirectory="dc00c6af-929e-44d8-acb7-62bda0b8924c" dataRowInfo="5" resultType="DataDrivenDataRow" />
        <UnitTestResult executionId="4f3c6898-c3a0-4d86-beed-89b7e8e61620" parentExecutionId="dc00c6af-929e-44d8-acb7-62bda0b8924c" testId="1d63c318-78a9-9011-f5c0-0b01884a2881" testName="interrogative_sentences_do" computerName="ARPAN-LAP" duration="00:00:00.0265662" startTime="2014-06-25T20:13:04.6722811+05:30" endTime="2014-06-25T20:13:04.6982826+05:30" testType="13cdc9d9-ddb5-4fa4-a97d-d965ccfc6d4b" outcome="Passed" testListId="8c84fa94-04c1-424b-9868-57a2d4851a1d" relativeResultsDirectory="dc00c6af-929e-44d8-acb7-62bda0b8924c" dataRowInfo="6" resultType="DataDrivenDataRow" />
        <UnitTestResult executionId="699b7f52-0474-4c6a-b306-90a4699e5378" parentExecutionId="dc00c6af-929e-44d8-acb7-62bda0b8924c" testId="1d63c318-78a9-9011-f5c0-0b01884a2881" testName="interrogative_sentences_do" computerName="ARPAN-LAP" duration="00:00:00.0253636" startTime="2014-06-25T20:13:04.6982826+05:30" endTime="2014-06-25T20:13:04.7242841+05:30" testType="13cdc9d9-ddb5-4fa4-a97d-d965ccfc6d4b" outcome="Passed" testListId="8c84fa94-04c1-424b-9868-57a2d4851a1d" relativeResultsDirectory="dc00c6af-929e-44d8-acb7-62bda0b8924c" dataRowInfo="7" resultType="DataDrivenDataRow" />
        <UnitTestResult executionId="f99ff4aa-4cb6-452c-a4ad-5872756719c5" parentExecutionId="dc00c6af-929e-44d8-acb7-62bda0b8924c" testId="1d63c318-78a9-9011-f5c0-0b01884a2881" testName="interrogative_sentences_do" computerName="ARPAN-LAP" duration="00:00:00.0281147" startTime="2014-06-25T20:13:04.7242841+05:30" endTime="2014-06-25T20:13:04.7522857+05:30" testType="13cdc9d9-ddb5-4fa4-a97d-d965ccfc6d4b" outcome="Passed" testListId="8c84fa94-04c1-424b-9868-57a2d4851a1d" relativeResultsDirectory="dc00c6af-929e-44d8-acb7-62bda0b8924c" dataRowInfo="8" resultType="DataDrivenDataRow" />
      </InnerResults>
    </UnitTestResult>
    <UnitTestResult executionId="1cffca2d-ba6f-4bc9-a1ea-015601231b82" testId="227f20ae-8e76-eb71-39b2-4ada3ce6aba8" testName="interrogative_sentences_how" computerName="ARPAN-LAP" duration="00:00:00.5806990" startTime="2014-06-25T20:13:04.7822874+05:30" endTime="2014-06-25T20:13:05.4263243+05:30" testType="13cdc9d9-ddb5-4fa4-a97d-d965ccfc6d4b" outcome="Failed" testListId="8c84fa94-04c1-424b-9868-57a2d4851a1d" relativeResultsDirectory="1cffca2d-ba6f-4bc9-a1ea-015601231b82" resultType="DataDrivenTest">
      <Counters error="0" failed="8" timeout="0" aborted="0" inconclusive="0" passedButRunAborted="0" notRunnable="0" notExecuted="0" disconnected="0" warning="0" passed="10" completed="0" inProgress="0" pending="0" />
      <InnerResults>
        <UnitTestResult executionId="750d9674-977c-4ee9-a80b-2c3d7e33ad88" parentExecutionId="1cffca2d-ba6f-4bc9-a1ea-015601231b82" testId="227f20ae-8e76-eb71-39b2-4ada3ce6aba8" testName="interrogative_sentences_how" computerName="ARPAN-LAP" duration="00:00:00.0229071" startTime="2014-06-25T20:13:04.7962882+05:30" endTime="2014-06-25T20:13:04.8192896+05:30" testType="13cdc9d9-ddb5-4fa4-a97d-d965ccfc6d4b" outcome="Failed" testListId="8c84fa94-04c1-424b-9868-57a2d4851a1d" relativeResultsDirectory="1cffca2d-ba6f-4bc9-a1ea-015601231b82" dataRowInfo="0" resultType="DataDrivenDataRow">
          <Output>
            <ErrorInfo>
              <Message>Assert.AreEqual failed. Expected:&lt;আপনি কেমন ?&gt;. Actual:&lt;আপনি কি কেমন ?&gt;. How are you?</Message>
              <StackTrace>   at UnitTest.BnlpTest.interrogative_sentences_how() in D:\software\Project\BNLP\UnitTest\BnlpTest.cs:line 274
</StackTrace>
            </ErrorInfo>
          </Output>
        </UnitTestResult>
        <UnitTestResult executionId="6efb5b9c-41e7-4c67-b5a6-65c7656c529a" parentExecutionId="1cffca2d-ba6f-4bc9-a1ea-015601231b82" testId="227f20ae-8e76-eb71-39b2-4ada3ce6aba8" testName="interrogative_sentences_how" computerName="ARPAN-LAP" duration="00:00:00.0191880" startTime="2014-06-25T20:13:04.8192896+05:30" endTime="2014-06-25T20:13:04.8382906+05:30" testType="13cdc9d9-ddb5-4fa4-a97d-d965ccfc6d4b" outcome="Passed" testListId="8c84fa94-04c1-424b-9868-57a2d4851a1d" relativeResultsDirectory="1cffca2d-ba6f-4bc9-a1ea-015601231b82" dataRowInfo="1" resultType="DataDrivenDataRow" />
        <UnitTestResult executionId="f4baacd9-0a61-45cf-87da-eb356a2c81b6" parentExecutionId="1cffca2d-ba6f-4bc9-a1ea-015601231b82" testId="227f20ae-8e76-eb71-39b2-4ada3ce6aba8" testName="interrogative_sentences_how" computerName="ARPAN-LAP" duration="00:00:00.0263101" startTime="2014-06-25T20:13:04.8382906+05:30" endTime="2014-06-25T20:13:04.8642921+05:30" testType="13cdc9d9-ddb5-4fa4-a97d-d965ccfc6d4b" outcome="Failed" testListId="8c84fa94-04c1-424b-9868-57a2d4851a1d" relativeResultsDirectory="1cffca2d-ba6f-4bc9-a1ea-015601231b82" dataRowInfo="2" resultType="DataDrivenDataRow">
          <Output>
            <ErrorInfo>
              <Message>Assert.AreEqual failed. Expected:&lt;এই মেশিন কাজটি কিভাবে করে ?&gt;. Actual:&lt;এই মেশিনটি করে কিভাবে কাজ ?&gt;. How does this machine work?</Message>
              <StackTrace>   at UnitTest.BnlpTest.interrogative_sentences_how() in D:\software\Project\BNLP\UnitTest\BnlpTest.cs:line 274
</StackTrace>
            </ErrorInfo>
          </Output>
        </UnitTestResult>
        <UnitTestResult executionId="a641423d-6874-44b3-850e-c9097f0d92e3" parentExecutionId="1cffca2d-ba6f-4bc9-a1ea-015601231b82" testId="227f20ae-8e76-eb71-39b2-4ada3ce6aba8" testName="interrogative_sentences_how" computerName="ARPAN-LAP" duration="00:00:00.0405142" startTime="2014-06-25T20:13:04.8642921+05:30" endTime="2014-06-25T20:13:04.9052945+05:30" testType="13cdc9d9-ddb5-4fa4-a97d-d965ccfc6d4b" outcome="Failed" testListId="8c84fa94-04c1-424b-9868-57a2d4851a1d" relativeResultsDirectory="1cffca2d-ba6f-4bc9-a1ea-015601231b82" dataRowInfo="3" resultType="DataDrivenDataRow">
          <Output>
            <ErrorInfo>
              <Message>Assert.AreEqual failed. Expected:&lt;আপনি তাদের সম্বন্ধে কিভাবে জানেন ?&gt;. Actual:&lt;আপনি কি তাদের সম্বন্ধে কিভাবে জানেন ?&gt;. How do you know about them?</Message>
              <StackTrace>   at UnitTest.BnlpTest.interrogative_sentences_how() in D:\software\Project\BNLP\UnitTest\BnlpTest.cs:line 274
</StackTrace>
            </ErrorInfo>
          </Output>
        </UnitTestResult>
        <UnitTestResult executionId="c2a10e62-880f-4d8a-ab0a-f736e9b6ff4e" parentExecutionId="1cffca2d-ba6f-4bc9-a1ea-015601231b82" testId="227f20ae-8e76-eb71-39b2-4ada3ce6aba8" testName="interrogative_sentences_how" computerName="ARPAN-LAP" duration="00:00:00.0395190" startTime="2014-06-25T20:13:04.9052945+05:30" endTime="2014-06-25T20:13:04.9442967+05:30" testType="13cdc9d9-ddb5-4fa4-a97d-d965ccfc6d4b" outcome="Failed" testListId="8c84fa94-04c1-424b-9868-57a2d4851a1d" relativeResultsDirectory="1cffca2d-ba6f-4bc9-a1ea-015601231b82" dataRowInfo="4" resultType="DataDrivenDataRow">
          <Output>
            <ErrorInfo>
              <Message>Assert.AreEqual failed. Expected:&lt;আপনি এই রাজ্যটি কিভাবে নিয়ন্ত্রণ করবেন ?&gt;. Actual:&lt;আপনি কি এই রাজ্যটি কিভাবে নিয়ন্ত্রণ করবেন ?&gt;. How will you control this kingdom?</Message>
              <StackTrace>   at UnitTest.BnlpTest.interrogative_sentences_how() in D:\software\Project\BNLP\UnitTest\BnlpTest.cs:line 274
</StackTrace>
            </ErrorInfo>
          </Output>
        </UnitTestResult>
        <UnitTestResult executionId="3d1bbbdb-2e68-429f-ac33-52d242b1a5ed" parentExecutionId="1cffca2d-ba6f-4bc9-a1ea-015601231b82" testId="227f20ae-8e76-eb71-39b2-4ada3ce6aba8" testName="interrogative_sentences_how" computerName="ARPAN-LAP" duration="00:00:00.0269342" startTime="2014-06-25T20:13:04.9442967+05:30" endTime="2014-06-25T20:13:04.9712983+05:30" testType="13cdc9d9-ddb5-4fa4-a97d-d965ccfc6d4b" outcome="Passed" testListId="8c84fa94-04c1-424b-9868-57a2d4851a1d" relativeResultsDirectory="1cffca2d-ba6f-4bc9-a1ea-015601231b82" dataRowInfo="5" resultType="DataDrivenDataRow" />
        <UnitTestResult executionId="e8bfcb7f-22a3-488c-97a5-aa303bd1d627" parentExecutionId="1cffca2d-ba6f-4bc9-a1ea-015601231b82" testId="227f20ae-8e76-eb71-39b2-4ada3ce6aba8" testName="interrogative_sentences_how" computerName="ARPAN-LAP" duration="00:00:00.0383190" startTime="2014-06-25T20:13:04.9712983+05:30" endTime="2014-06-25T20:13:05.0103005+05:30" testType="13cdc9d9-ddb5-4fa4-a97d-d965ccfc6d4b" outcome="Passed" testListId="8c84fa94-04c1-424b-9868-57a2d4851a1d" relativeResultsDirectory="1cffca2d-ba6f-4bc9-a1ea-015601231b82" dataRowInfo="6" resultType="DataDrivenDataRow" />
        <UnitTestResult executionId="01c4b68b-f7b5-42d5-be08-2ae00cb6b4f7" parentExecutionId="1cffca2d-ba6f-4bc9-a1ea-015601231b82" testId="227f20ae-8e76-eb71-39b2-4ada3ce6aba8" testName="interrogative_sentences_how" computerName="ARPAN-LAP" duration="00:00:00.0293106" startTime="2014-06-25T20:13:05.0103005+05:30" endTime="2014-06-25T20:13:05.0393021+05:30" testType="13cdc9d9-ddb5-4fa4-a97d-d965ccfc6d4b" outcome="Failed" testListId="8c84fa94-04c1-424b-9868-57a2d4851a1d" relativeResultsDirectory="1cffca2d-ba6f-4bc9-a1ea-015601231b82" dataRowInfo="7" resultType="DataDrivenDataRow">
          <Output>
            <ErrorInfo>
              <Message>Assert.AreEqual failed. Expected:&lt;এইটি কত সময় গ্রহণ করে ?&gt;. Actual:&lt;এইটি কি কত সময় গ্রহণ করে ?&gt;. How long does it take?</Message>
              <StackTrace>   at UnitTest.BnlpTest.interrogative_sentences_how() in D:\software\Project\BNLP\UnitTest\BnlpTest.cs:line 274
</StackTrace>
            </ErrorInfo>
          </Output>
        </UnitTestResult>
        <UnitTestResult executionId="42187167-4e19-46d4-b4ef-2cc100069922" parentExecutionId="1cffca2d-ba6f-4bc9-a1ea-015601231b82" testId="227f20ae-8e76-eb71-39b2-4ada3ce6aba8" testName="interrogative_sentences_how" computerName="ARPAN-LAP" duration="00:00:00.0342164" startTime="2014-06-25T20:13:05.0393021+05:30" endTime="2014-06-25T20:13:05.0733041+05:30" testType="13cdc9d9-ddb5-4fa4-a97d-d965ccfc6d4b" outcome="Passed" testListId="8c84fa94-04c1-424b-9868-57a2d4851a1d" relativeResultsDirectory="1cffca2d-ba6f-4bc9-a1ea-015601231b82" dataRowInfo="8" resultType="DataDrivenDataRow" />
        <UnitTestResult executionId="4d1595c0-a56e-48e9-bfd7-ccba7af2a645" parentExecutionId="1cffca2d-ba6f-4bc9-a1ea-015601231b82" testId="227f20ae-8e76-eb71-39b2-4ada3ce6aba8" testName="interrogative_sentences_how" computerName="ARPAN-LAP" duration="00:00:00.0404090" startTime="2014-06-25T20:13:05.0733041+05:30" endTime="2014-06-25T20:13:05.1143064+05:30" testType="13cdc9d9-ddb5-4fa4-a97d-d965ccfc6d4b" outcome="Passed" testListId="8c84fa94-04c1-424b-9868-57a2d4851a1d" relativeResultsDirectory="1cffca2d-ba6f-4bc9-a1ea-015601231b82" dataRowInfo="9" resultType="DataDrivenDataRow" />
        <UnitTestResult executionId="291dd0ee-1bb4-4312-ae43-86f40ea1dd9b" parentExecutionId="1cffca2d-ba6f-4bc9-a1ea-015601231b82" testId="227f20ae-8e76-eb71-39b2-4ada3ce6aba8" testName="interrogative_sentences_how" computerName="ARPAN-LAP" duration="00:00:00.0448113" startTime="2014-06-25T20:13:05.1143064+05:30" endTime="2014-06-25T20:13:05.1593090+05:30" testType="13cdc9d9-ddb5-4fa4-a97d-d965ccfc6d4b" outcome="Failed" testListId="8c84fa94-04c1-424b-9868-57a2d4851a1d" relativeResultsDirectory="1cffca2d-ba6f-4bc9-a1ea-015601231b82" dataRowInfo="10" resultType="DataDrivenDataRow">
          <Output>
            <ErrorInfo>
              <Message>Assert.AreEqual failed. Expected:&lt;আপনার কত টাকা রয়েছে ?&gt;. Actual:&lt;আপনার কি কত টাকা রয়েছে ?&gt;. How much money do you have?</Message>
              <StackTrace>   at UnitTest.BnlpTest.interrogative_sentences_how() in D:\software\Project\BNLP\UnitTest\BnlpTest.cs:line 274
</StackTrace>
            </ErrorInfo>
          </Output>
        </UnitTestResult>
        <UnitTestResult executionId="e0a6929a-40a7-4af0-9b54-591fd900fee4" parentExecutionId="1cffca2d-ba6f-4bc9-a1ea-015601231b82" testId="227f20ae-8e76-eb71-39b2-4ada3ce6aba8" testName="interrogative_sentences_how" computerName="ARPAN-LAP" duration="00:00:00.0259687" startTime="2014-06-25T20:13:05.1593090+05:30" endTime="2014-06-25T20:13:05.1853105+05:30" testType="13cdc9d9-ddb5-4fa4-a97d-d965ccfc6d4b" outcome="Passed" testListId="8c84fa94-04c1-424b-9868-57a2d4851a1d" relativeResultsDirectory="1cffca2d-ba6f-4bc9-a1ea-015601231b82" dataRowInfo="11" resultType="DataDrivenDataRow" />
        <UnitTestResult executionId="acbd1bb8-0175-4bd0-803f-5e3d36af35cb" parentExecutionId="1cffca2d-ba6f-4bc9-a1ea-015601231b82" testId="227f20ae-8e76-eb71-39b2-4ada3ce6aba8" testName="interrogative_sentences_how" computerName="ARPAN-LAP" duration="00:00:00.0252897" startTime="2014-06-25T20:13:05.1853105+05:30" endTime="2014-06-25T20:13:05.2103119+05:30" testType="13cdc9d9-ddb5-4fa4-a97d-d965ccfc6d4b" outcome="Failed" testListId="8c84fa94-04c1-424b-9868-57a2d4851a1d" relativeResultsDirectory="1cffca2d-ba6f-4bc9-a1ea-015601231b82" dataRowInfo="12" resultType="DataDrivenDataRow">
          <Output>
            <ErrorInfo>
              <Message>Assert.AreEqual failed. Expected:&lt;এই শহরটি কত বড় ?&gt;. Actual:&lt;কত বড় এই শহরটি ?&gt;. How big is this city?</Message>
              <StackTrace>   at UnitTest.BnlpTest.interrogative_sentences_how() in D:\software\Project\BNLP\UnitTest\BnlpTest.cs:line 274
</StackTrace>
            </ErrorInfo>
          </Output>
        </UnitTestResult>
        <UnitTestResult executionId="050cfcfd-357d-4e9f-8af3-b2d881ae1b25" parentExecutionId="1cffca2d-ba6f-4bc9-a1ea-015601231b82" testId="227f20ae-8e76-eb71-39b2-4ada3ce6aba8" testName="interrogative_sentences_how" computerName="ARPAN-LAP" duration="00:00:00.0322209" startTime="2014-06-25T20:13:05.2103119+05:30" endTime="2014-06-25T20:13:05.2423138+05:30" testType="13cdc9d9-ddb5-4fa4-a97d-d965ccfc6d4b" outcome="Passed" testListId="8c84fa94-04c1-424b-9868-57a2d4851a1d" relativeResultsDirectory="1cffca2d-ba6f-4bc9-a1ea-015601231b82" dataRowInfo="13" resultType="DataDrivenDataRow" />
        <UnitTestResult executionId="9655cee0-a06f-4af2-96f1-64a062602466" parentExecutionId="1cffca2d-ba6f-4bc9-a1ea-015601231b82" testId="227f20ae-8e76-eb71-39b2-4ada3ce6aba8" testName="interrogative_sentences_how" computerName="ARPAN-LAP" duration="00:00:00.0320736" startTime="2014-06-25T20:13:05.2423138+05:30" endTime="2014-06-25T20:13:05.2743156+05:30" testType="13cdc9d9-ddb5-4fa4-a97d-d965ccfc6d4b" outcome="Passed" testListId="8c84fa94-04c1-424b-9868-57a2d4851a1d" relativeResultsDirectory="1cffca2d-ba6f-4bc9-a1ea-015601231b82" dataRowInfo="14" resultType="DataDrivenDataRow" />
        <UnitTestResult executionId="f4ff1fff-1b54-4a37-af1f-42ef6578278e" parentExecutionId="1cffca2d-ba6f-4bc9-a1ea-015601231b82" testId="227f20ae-8e76-eb71-39b2-4ada3ce6aba8" testName="interrogative_sentences_how" computerName="ARPAN-LAP" duration="00:00:00.0323446" startTime="2014-06-25T20:13:05.2743156+05:30" endTime="2014-06-25T20:13:05.3073175+05:30" testType="13cdc9d9-ddb5-4fa4-a97d-d965ccfc6d4b" outcome="Failed" testListId="8c84fa94-04c1-424b-9868-57a2d4851a1d" relativeResultsDirectory="1cffca2d-ba6f-4bc9-a1ea-015601231b82" dataRowInfo="15" resultType="DataDrivenDataRow">
          <Output>
            <ErrorInfo>
              <Message>Assert.AreEqual failed. Expected:&lt;একটি ভাল ছাত্র হতে হয় কিভাবে ?&gt;. Actual:&lt;হয় কিভাবে একটি ভাল ছাত্র ?&gt;. How to be a good student?</Message>
              <StackTrace>   at UnitTest.BnlpTest.interrogative_sentences_how() in D:\software\Project\BNLP\UnitTest\BnlpTest.cs:line 274
</StackTrace>
            </ErrorInfo>
          </Output>
        </UnitTestResult>
        <UnitTestResult executionId="cfd56ba0-f722-4c96-9aa6-e4e9635e6bca" parentExecutionId="1cffca2d-ba6f-4bc9-a1ea-015601231b82" testId="227f20ae-8e76-eb71-39b2-4ada3ce6aba8" testName="interrogative_sentences_how" computerName="ARPAN-LAP" duration="00:00:00.0308263" startTime="2014-06-25T20:13:05.3073175+05:30" endTime="2014-06-25T20:13:05.3383192+05:30" testType="13cdc9d9-ddb5-4fa4-a97d-d965ccfc6d4b" outcome="Passed" testListId="8c84fa94-04c1-424b-9868-57a2d4851a1d" relativeResultsDirectory="1cffca2d-ba6f-4bc9-a1ea-015601231b82" dataRowInfo="16" resultType="DataDrivenDataRow" />
        <UnitTestResult executionId="bd829261-2916-4183-bc77-ef0b4028c1e7" parentExecutionId="1cffca2d-ba6f-4bc9-a1ea-015601231b82" testId="227f20ae-8e76-eb71-39b2-4ada3ce6aba8" testName="interrogative_sentences_how" computerName="ARPAN-LAP" duration="00:00:00.0368685" startTime="2014-06-25T20:13:05.3383192+05:30" endTime="2014-06-25T20:13:05.3753214+05:30" testType="13cdc9d9-ddb5-4fa4-a97d-d965ccfc6d4b" outcome="Passed" testListId="8c84fa94-04c1-424b-9868-57a2d4851a1d" relativeResultsDirectory="1cffca2d-ba6f-4bc9-a1ea-015601231b82" dataRowInfo="17" resultType="DataDrivenDataRow" />
      </InnerResults>
    </UnitTestResult>
    <UnitTestResult executionId="5ee94541-6de7-4416-962c-60265ec8c67b" testId="30ab3285-6a8c-14d2-9725-bd60892ccd90" testName="second_person_tenses_active" computerName="ARPAN-LAP" duration="00:00:00.2015562" startTime="2014-06-25T20:13:05.4283244+05:30" endTime="2014-06-25T20:13:05.6703382+05:30" testType="13cdc9d9-ddb5-4fa4-a97d-d965ccfc6d4b" outcome="Passed" testListId="8c84fa94-04c1-424b-9868-57a2d4851a1d" relativeResultsDirectory="5ee94541-6de7-4416-962c-60265ec8c67b" resultType="DataDrivenTest">
      <Counters error="0" failed="0" timeout="0" aborted="0" inconclusive="0" passedButRunAborted="0" notRunnable="0" notExecuted="0" disconnected="0" warning="0" passed="10" completed="0" inProgress="0" pending="0" />
      <InnerResults>
        <UnitTestResult executionId="f32d96b8-e84c-48ec-893a-4793af22000b" parentExecutionId="5ee94541-6de7-4416-962c-60265ec8c67b" testId="30ab3285-6a8c-14d2-9725-bd60892ccd90" testName="second_person_tenses_active" computerName="ARPAN-LAP" duration="00:00:00.0165441" startTime="2014-06-25T20:13:05.4413251+05:30" endTime="2014-06-25T20:13:05.4573261+05:30" testType="13cdc9d9-ddb5-4fa4-a97d-d965ccfc6d4b" outcome="Passed" testListId="8c84fa94-04c1-424b-9868-57a2d4851a1d" relativeResultsDirectory="5ee94541-6de7-4416-962c-60265ec8c67b" dataRowInfo="0" resultType="DataDrivenDataRow" />
        <UnitTestResult executionId="db517cce-2f63-421f-974a-272bcb30d7be" parentExecutionId="5ee94541-6de7-4416-962c-60265ec8c67b" testId="30ab3285-6a8c-14d2-9725-bd60892ccd90" testName="second_person_tenses_active" computerName="ARPAN-LAP" duration="00:00:00.0197325" startTime="2014-06-25T20:13:05.4573261+05:30" endTime="2014-06-25T20:13:05.4773272+05:30" testType="13cdc9d9-ddb5-4fa4-a97d-d965ccfc6d4b" outcome="Passed" testListId="8c84fa94-04c1-424b-9868-57a2d4851a1d" relativeResultsDirectory="5ee94541-6de7-4416-962c-60265ec8c67b" dataRowInfo="1" resultType="DataDrivenDataRow" />
        <UnitTestResult executionId="0ee08281-294f-4f6e-b1e5-39038e834d04" parentExecutionId="5ee94541-6de7-4416-962c-60265ec8c67b" testId="30ab3285-6a8c-14d2-9725-bd60892ccd90" testName="second_person_tenses_active" computerName="ARPAN-LAP" duration="00:00:00.0192614" startTime="2014-06-25T20:13:05.4773272+05:30" endTime="2014-06-25T20:13:05.4973283+05:30" testType="13cdc9d9-ddb5-4fa4-a97d-d965ccfc6d4b" outcome="Passed" testListId="8c84fa94-04c1-424b-9868-57a2d4851a1d" relativeResultsDirectory="5ee94541-6de7-4416-962c-60265ec8c67b" dataRowInfo="2" resultType="DataDrivenDataRow" />
        <UnitTestResult executionId="53341c29-f865-4a09-8531-064a32217e56" parentExecutionId="5ee94541-6de7-4416-962c-60265ec8c67b" testId="30ab3285-6a8c-14d2-9725-bd60892ccd90" testName="second_person_tenses_active" computerName="ARPAN-LAP" duration="00:00:00.0249591" startTime="2014-06-25T20:13:05.4973283+05:30" endTime="2014-06-25T20:13:05.5223298+05:30" testType="13cdc9d9-ddb5-4fa4-a97d-d965ccfc6d4b" outcome="Passed" testListId="8c84fa94-04c1-424b-9868-57a2d4851a1d" relativeResultsDirectory="5ee94541-6de7-4416-962c-60265ec8c67b" dataRowInfo="3" resultType="DataDrivenDataRow" />
        <UnitTestResult executionId="1ec20105-929d-4cc6-b09e-57ba74d49de5" parentExecutionId="5ee94541-6de7-4416-962c-60265ec8c67b" testId="30ab3285-6a8c-14d2-9725-bd60892ccd90" testName="second_person_tenses_active" computerName="ARPAN-LAP" duration="00:00:00.0154745" startTime="2014-06-25T20:13:05.5223298+05:30" endTime="2014-06-25T20:13:05.5373306+05:30" testType="13cdc9d9-ddb5-4fa4-a97d-d965ccfc6d4b" outcome="Passed" testListId="8c84fa94-04c1-424b-9868-57a2d4851a1d" relativeResultsDirectory="5ee94541-6de7-4416-962c-60265ec8c67b" dataRowInfo="4" resultType="DataDrivenDataRow" />
        <UnitTestResult executionId="2e5ae1a3-60a9-4282-b6b0-e3e9addc31c1" parentExecutionId="5ee94541-6de7-4416-962c-60265ec8c67b" testId="30ab3285-6a8c-14d2-9725-bd60892ccd90" testName="second_person_tenses_active" computerName="ARPAN-LAP" duration="00:00:00.0182174" startTime="2014-06-25T20:13:05.5373306+05:30" endTime="2014-06-25T20:13:05.5553317+05:30" testType="13cdc9d9-ddb5-4fa4-a97d-d965ccfc6d4b" outcome="Passed" testListId="8c84fa94-04c1-424b-9868-57a2d4851a1d" relativeResultsDirectory="5ee94541-6de7-4416-962c-60265ec8c67b" dataRowInfo="5" resultType="DataDrivenDataRow" />
        <UnitTestResult executionId="7c50534d-b190-4845-83ad-94d9de784609" parentExecutionId="5ee94541-6de7-4416-962c-60265ec8c67b" testId="30ab3285-6a8c-14d2-9725-bd60892ccd90" testName="second_person_tenses_active" computerName="ARPAN-LAP" duration="00:00:00.0179674" startTime="2014-06-25T20:13:05.5553317+05:30" endTime="2014-06-25T20:13:05.5733327+05:30" testType="13cdc9d9-ddb5-4fa4-a97d-d965ccfc6d4b" outcome="Passed" testListId="8c84fa94-04c1-424b-9868-57a2d4851a1d" relativeResultsDirectory="5ee94541-6de7-4416-962c-60265ec8c67b" dataRowInfo="6" resultType="DataDrivenDataRow" />
        <UnitTestResult executionId="a22ecae9-41c3-4f1c-bfda-3174722bc4c0" parentExecutionId="5ee94541-6de7-4416-962c-60265ec8c67b" testId="30ab3285-6a8c-14d2-9725-bd60892ccd90" testName="second_person_tenses_active" computerName="ARPAN-LAP" duration="00:00:00.0245824" startTime="2014-06-25T20:13:05.5733327+05:30" endTime="2014-06-25T20:13:05.5983341+05:30" testType="13cdc9d9-ddb5-4fa4-a97d-d965ccfc6d4b" outcome="Passed" testListId="8c84fa94-04c1-424b-9868-57a2d4851a1d" relativeResultsDirectory="5ee94541-6de7-4416-962c-60265ec8c67b" dataRowInfo="7" resultType="DataDrivenDataRow" />
        <UnitTestResult executionId="8a368aa5-54a3-42a6-85a8-df4ad79ca551" parentExecutionId="5ee94541-6de7-4416-962c-60265ec8c67b" testId="30ab3285-6a8c-14d2-9725-bd60892ccd90" testName="second_person_tenses_active" computerName="ARPAN-LAP" duration="00:00:00.0193040" startTime="2014-06-25T20:13:05.5983341+05:30" endTime="2014-06-25T20:13:05.6173352+05:30" testType="13cdc9d9-ddb5-4fa4-a97d-d965ccfc6d4b" outcome="Passed" testListId="8c84fa94-04c1-424b-9868-57a2d4851a1d" relativeResultsDirectory="5ee94541-6de7-4416-962c-60265ec8c67b" dataRowInfo="8" resultType="DataDrivenDataRow" />
        <UnitTestResult executionId="bed4c680-4c70-4d4a-bae6-3df499061142" parentExecutionId="5ee94541-6de7-4416-962c-60265ec8c67b" testId="30ab3285-6a8c-14d2-9725-bd60892ccd90" testName="second_person_tenses_active" computerName="ARPAN-LAP" duration="00:00:00.0224955" startTime="2014-06-25T20:13:05.6173352+05:30" endTime="2014-06-25T20:13:05.6403365+05:30" testType="13cdc9d9-ddb5-4fa4-a97d-d965ccfc6d4b" outcome="Passed" testListId="8c84fa94-04c1-424b-9868-57a2d4851a1d" relativeResultsDirectory="5ee94541-6de7-4416-962c-60265ec8c67b" dataRowInfo="9" resultType="DataDrivenDataRow" />
      </InnerResults>
    </UnitTestResult>
    <UnitTestResult executionId="08360062-dcc7-4a91-b7ea-1b782e4033be" testId="32b5d279-0d23-e5ad-0301-234c8788f740" testName="interrogative_sentences_who" computerName="ARPAN-LAP" duration="00:00:00.0979489" startTime="2014-06-25T20:13:05.6793387+05:30" endTime="2014-06-25T20:13:05.8033458+05:30" testType="13cdc9d9-ddb5-4fa4-a97d-d965ccfc6d4b" outcome="Failed" testListId="8c84fa94-04c1-424b-9868-57a2d4851a1d" relativeResultsDirectory="08360062-dcc7-4a91-b7ea-1b782e4033be" resultType="DataDrivenTest">
      <Counters error="0" failed="2" timeout="0" aborted="0" inconclusive="0" passedButRunAborted="0" notRunnable="0" notExecuted="0" disconnected="0" warning="0" passed="2" completed="0" inProgress="0" pending="0" />
      <InnerResults>
        <UnitTestResult executionId="7d380153-10c3-4e34-8e66-8b5a56a10d07" parentExecutionId="08360062-dcc7-4a91-b7ea-1b782e4033be" testId="32b5d279-0d23-e5ad-0301-234c8788f740" testName="interrogative_sentences_who" computerName="ARPAN-LAP" duration="00:00:00.0214048" startTime="2014-06-25T20:13:05.6853391+05:30" endTime="2014-06-25T20:13:05.7063403+05:30" testType="13cdc9d9-ddb5-4fa4-a97d-d965ccfc6d4b" outcome="Failed" testListId="8c84fa94-04c1-424b-9868-57a2d4851a1d" relativeResultsDirectory="08360062-dcc7-4a91-b7ea-1b782e4033be" dataRowInfo="0" resultType="DataDrivenDataRow">
          <Output>
            <ErrorInfo>
              <Message>Assert.AreEqual failed. Expected:&lt;আপনি কে ?&gt;. Actual:&lt;আপনি কি কে ?&gt;. Who are you?</Message>
              <StackTrace>   at UnitTest.BnlpTest.interrogative_sentences_who() in D:\software\Project\BNLP\UnitTest\BnlpTest.cs:line 346
</StackTrace>
            </ErrorInfo>
          </Output>
        </UnitTestResult>
        <UnitTestResult executionId="981c9ec6-897b-4815-a3ae-5b6e21a54e1d" parentExecutionId="08360062-dcc7-4a91-b7ea-1b782e4033be" testId="32b5d279-0d23-e5ad-0301-234c8788f740" testName="interrogative_sentences_who" computerName="ARPAN-LAP" duration="00:00:00.0204891" startTime="2014-06-25T20:13:05.7063403+05:30" endTime="2014-06-25T20:13:05.7273415+05:30" testType="13cdc9d9-ddb5-4fa4-a97d-d965ccfc6d4b" outcome="Failed" testListId="8c84fa94-04c1-424b-9868-57a2d4851a1d" relativeResultsDirectory="08360062-dcc7-4a91-b7ea-1b782e4033be" dataRowInfo="1" resultType="DataDrivenDataRow">
          <Output>
            <ErrorInfo>
              <Message>Assert.AreEqual failed. Expected:&lt;সে কে ছিল ?&gt;. Actual:&lt;সে কি কে ছিল ?&gt;. Who was she?</Message>
              <StackTrace>   at UnitTest.BnlpTest.interrogative_sentences_who() in D:\software\Project\BNLP\UnitTest\BnlpTest.cs:line 346
</StackTrace>
            </ErrorInfo>
          </Output>
        </UnitTestResult>
        <UnitTestResult executionId="b9d9ab1d-31ad-4773-914d-056f2d4c654e" parentExecutionId="08360062-dcc7-4a91-b7ea-1b782e4033be" testId="32b5d279-0d23-e5ad-0301-234c8788f740" testName="interrogative_sentences_who" computerName="ARPAN-LAP" duration="00:00:00.0247816" startTime="2014-06-25T20:13:05.7273415+05:30" endTime="2014-06-25T20:13:05.7513429+05:30" testType="13cdc9d9-ddb5-4fa4-a97d-d965ccfc6d4b" outcome="Passed" testListId="8c84fa94-04c1-424b-9868-57a2d4851a1d" relativeResultsDirectory="08360062-dcc7-4a91-b7ea-1b782e4033be" dataRowInfo="2" resultType="DataDrivenDataRow" />
        <UnitTestResult executionId="4aa50ee1-18da-47e9-9f5c-b38808f9f9e2" parentExecutionId="08360062-dcc7-4a91-b7ea-1b782e4033be" testId="32b5d279-0d23-e5ad-0301-234c8788f740" testName="interrogative_sentences_who" computerName="ARPAN-LAP" duration="00:00:00.0295549" startTime="2014-06-25T20:13:05.7513429+05:30" endTime="2014-06-25T20:13:05.7813446+05:30" testType="13cdc9d9-ddb5-4fa4-a97d-d965ccfc6d4b" outcome="Passed" testListId="8c84fa94-04c1-424b-9868-57a2d4851a1d" relativeResultsDirectory="08360062-dcc7-4a91-b7ea-1b782e4033be" dataRowInfo="3" resultType="DataDrivenDataRow" />
      </InnerResults>
    </UnitTestResult>
    <UnitTestResult executionId="291f1ac2-179a-4195-9b9c-78d45faf7da3" testId="39dcb97e-c73f-c645-a77c-64d9eba0a3a3" testName="interrogative_sentences_aux" computerName="ARPAN-LAP" duration="00:00:00.4636344" startTime="2014-06-25T20:13:05.8153465+05:30" endTime="2014-06-25T20:13:06.3453768+05:30" testType="13cdc9d9-ddb5-4fa4-a97d-d965ccfc6d4b" outcome="Passed" testListId="8c84fa94-04c1-424b-9868-57a2d4851a1d" relativeResultsDirectory="291f1ac2-179a-4195-9b9c-78d45faf7da3" resultType="DataDrivenTest">
      <Counters error="0" failed="0" timeout="0" aborted="0" inconclusive="0" passedButRunAborted="0" notRunnable="0" notExecuted="0" disconnected="0" warning="0" passed="20" completed="0" inProgress="0" pending="0" />
      <InnerResults>
        <UnitTestResult executionId="8f14d86c-ab65-4b1f-b60b-a7e060a054b9" parentExecutionId="291f1ac2-179a-4195-9b9c-78d45faf7da3" testId="39dcb97e-c73f-c645-a77c-64d9eba0a3a3" testName="interrogative_sentences_aux" computerName="ARPAN-LAP" duration="00:00:00.0296566" startTime="2014-06-25T20:13:05.8273472+05:30" endTime="2014-06-25T20:13:05.8573489+05:30" testType="13cdc9d9-ddb5-4fa4-a97d-d965ccfc6d4b" outcome="Passed" testListId="8c84fa94-04c1-424b-9868-57a2d4851a1d" relativeResultsDirectory="291f1ac2-179a-4195-9b9c-78d45faf7da3" dataRowInfo="0" resultType="DataDrivenDataRow" />
        <UnitTestResult executionId="41cfa532-5f7f-4e98-bdac-605278b3bd17" parentExecutionId="291f1ac2-179a-4195-9b9c-78d45faf7da3" testId="39dcb97e-c73f-c645-a77c-64d9eba0a3a3" testName="interrogative_sentences_aux" computerName="ARPAN-LAP" duration="00:00:00.0234286" startTime="2014-06-25T20:13:05.8573489+05:30" endTime="2014-06-25T20:13:05.8803502+05:30" testType="13cdc9d9-ddb5-4fa4-a97d-d965ccfc6d4b" outcome="Passed" testListId="8c84fa94-04c1-424b-9868-57a2d4851a1d" relativeResultsDirectory="291f1ac2-179a-4195-9b9c-78d45faf7da3" dataRowInfo="1" resultType="DataDrivenDataRow" />
        <UnitTestResult executionId="d35d002d-49e4-4ef4-8785-bf0362006289" parentExecutionId="291f1ac2-179a-4195-9b9c-78d45faf7da3" testId="39dcb97e-c73f-c645-a77c-64d9eba0a3a3" testName="interrogative_sentences_aux" computerName="ARPAN-LAP" duration="00:00:00.0204008" startTime="2014-06-25T20:13:05.8813503+05:30" endTime="2014-06-25T20:13:05.9013514+05:30" testType="13cdc9d9-ddb5-4fa4-a97d-d965ccfc6d4b" outcome="Passed" testListId="8c84fa94-04c1-424b-9868-57a2d4851a1d" relativeResultsDirectory="291f1ac2-179a-4195-9b9c-78d45faf7da3" dataRowInfo="2" resultType="DataDrivenDataRow" />
        <UnitTestResult executionId="65ac3f82-1e22-4f3c-935f-52023348c333" parentExecutionId="291f1ac2-179a-4195-9b9c-78d45faf7da3" testId="39dcb97e-c73f-c645-a77c-64d9eba0a3a3" testName="interrogative_sentences_aux" computerName="ARPAN-LAP" duration="00:00:00.0257912" startTime="2014-06-25T20:13:05.9013514+05:30" endTime="2014-06-25T20:13:05.9273529+05:30" testType="13cdc9d9-ddb5-4fa4-a97d-d965ccfc6d4b" outcome="Passed" testListId="8c84fa94-04c1-424b-9868-57a2d4851a1d" relativeResultsDirectory="291f1ac2-179a-4195-9b9c-78d45faf7da3" dataRowInfo="3" resultType="DataDrivenDataRow" />
        <UnitTestResult executionId="b9e434e4-c13d-4343-915f-41205eda5cd4" parentExecutionId="291f1ac2-179a-4195-9b9c-78d45faf7da3" testId="39dcb97e-c73f-c645-a77c-64d9eba0a3a3" testName="interrogative_sentences_aux" computerName="ARPAN-LAP" duration="00:00:00.0201621" startTime="2014-06-25T20:13:05.9273529+05:30" endTime="2014-06-25T20:13:05.9473541+05:30" testType="13cdc9d9-ddb5-4fa4-a97d-d965ccfc6d4b" outcome="Passed" testListId="8c84fa94-04c1-424b-9868-57a2d4851a1d" relativeResultsDirectory="291f1ac2-179a-4195-9b9c-78d45faf7da3" dataRowInfo="4" resultType="DataDrivenDataRow" />
        <UnitTestResult executionId="fe525dfb-1ece-431b-a35a-077021e8c251" parentExecutionId="291f1ac2-179a-4195-9b9c-78d45faf7da3" testId="39dcb97e-c73f-c645-a77c-64d9eba0a3a3" testName="interrogative_sentences_aux" computerName="ARPAN-LAP" duration="00:00:00.0205461" startTime="2014-06-25T20:13:05.9473541+05:30" endTime="2014-06-25T20:13:05.9683553+05:30" testType="13cdc9d9-ddb5-4fa4-a97d-d965ccfc6d4b" outcome="Passed" testListId="8c84fa94-04c1-424b-9868-57a2d4851a1d" relativeResultsDirectory="291f1ac2-179a-4195-9b9c-78d45faf7da3" dataRowInfo="5" resultType="DataDrivenDataRow" />
        <UnitTestResult executionId="c690e128-91ab-47bc-8552-4c702f347f98" parentExecutionId="291f1ac2-179a-4195-9b9c-78d45faf7da3" testId="39dcb97e-c73f-c645-a77c-64d9eba0a3a3" testName="interrogative_sentences_aux" computerName="ARPAN-LAP" duration="00:00:00.0196638" startTime="2014-06-25T20:13:05.9683553+05:30" endTime="2014-06-25T20:13:05.9873564+05:30" testType="13cdc9d9-ddb5-4fa4-a97d-d965ccfc6d4b" outcome="Passed" testListId="8c84fa94-04c1-424b-9868-57a2d4851a1d" relativeResultsDirectory="291f1ac2-179a-4195-9b9c-78d45faf7da3" dataRowInfo="6" resultType="DataDrivenDataRow" />
        <UnitTestResult executionId="2549c20f-4527-41b2-a032-2447e6ebca29" parentExecutionId="291f1ac2-179a-4195-9b9c-78d45faf7da3" testId="39dcb97e-c73f-c645-a77c-64d9eba0a3a3" testName="interrogative_sentences_aux" computerName="ARPAN-LAP" duration="00:00:00.0337956" startTime="2014-06-25T20:13:05.9873564+05:30" endTime="2014-06-25T20:13:06.0213583+05:30" testType="13cdc9d9-ddb5-4fa4-a97d-d965ccfc6d4b" outcome="Passed" testListId="8c84fa94-04c1-424b-9868-57a2d4851a1d" relativeResultsDirectory="291f1ac2-179a-4195-9b9c-78d45faf7da3" dataRowInfo="7" resultType="DataDrivenDataRow" />
        <UnitTestResult executionId="ade62f52-e06e-4fe4-9b9e-f6332b8cf061" parentExecutionId="291f1ac2-179a-4195-9b9c-78d45faf7da3" testId="39dcb97e-c73f-c645-a77c-64d9eba0a3a3" testName="interrogative_sentences_aux" computerName="ARPAN-LAP" duration="00:00:00.0188138" startTime="2014-06-25T20:13:06.0213583+05:30" endTime="2014-06-25T20:13:06.0403594+05:30" testType="13cdc9d9-ddb5-4fa4-a97d-d965ccfc6d4b" outcome="Passed" testListId="8c84fa94-04c1-424b-9868-57a2d4851a1d" relativeResultsDirectory="291f1ac2-179a-4195-9b9c-78d45faf7da3" dataRowInfo="8" resultType="DataDrivenDataRow" />
        <UnitTestResult executionId="7dc206fa-68fe-4e67-8849-328a572e4f9a" parentExecutionId="291f1ac2-179a-4195-9b9c-78d45faf7da3" testId="39dcb97e-c73f-c645-a77c-64d9eba0a3a3" testName="interrogative_sentences_aux" computerName="ARPAN-LAP" duration="00:00:00.0266062" startTime="2014-06-25T20:13:06.0403594+05:30" endTime="2014-06-25T20:13:06.0673609+05:30" testType="13cdc9d9-ddb5-4fa4-a97d-d965ccfc6d4b" outcome="Passed" testListId="8c84fa94-04c1-424b-9868-57a2d4851a1d" relativeResultsDirectory="291f1ac2-179a-4195-9b9c-78d45faf7da3" dataRowInfo="9" resultType="DataDrivenDataRow" />
        <UnitTestResult executionId="2603122a-fb3b-41c6-8c07-e22609e4ecf4" parentExecutionId="291f1ac2-179a-4195-9b9c-78d45faf7da3" testId="39dcb97e-c73f-c645-a77c-64d9eba0a3a3" testName="interrogative_sentences_aux" computerName="ARPAN-LAP" duration="00:00:00.0187204" startTime="2014-06-25T20:13:06.0673609+05:30" endTime="2014-06-25T20:13:06.0853620+05:30" testType="13cdc9d9-ddb5-4fa4-a97d-d965ccfc6d4b" outcome="Passed" testListId="8c84fa94-04c1-424b-9868-57a2d4851a1d" relativeResultsDirectory="291f1ac2-179a-4195-9b9c-78d45faf7da3" dataRowInfo="10" resultType="DataDrivenDataRow" />
        <UnitTestResult executionId="a58d78fc-d4d8-4602-8353-5da9721739ac" parentExecutionId="291f1ac2-179a-4195-9b9c-78d45faf7da3" testId="39dcb97e-c73f-c645-a77c-64d9eba0a3a3" testName="interrogative_sentences_aux" computerName="ARPAN-LAP" duration="00:00:00.0178247" startTime="2014-06-25T20:13:06.0853620+05:30" endTime="2014-06-25T20:13:06.1033630+05:30" testType="13cdc9d9-ddb5-4fa4-a97d-d965ccfc6d4b" outcome="Passed" testListId="8c84fa94-04c1-424b-9868-57a2d4851a1d" relativeResultsDirectory="291f1ac2-179a-4195-9b9c-78d45faf7da3" dataRowInfo="11" resultType="DataDrivenDataRow" />
        <UnitTestResult executionId="3221c5f2-a471-4da4-bfa6-c1f9880f3235" parentExecutionId="291f1ac2-179a-4195-9b9c-78d45faf7da3" testId="39dcb97e-c73f-c645-a77c-64d9eba0a3a3" testName="interrogative_sentences_aux" computerName="ARPAN-LAP" duration="00:00:00.0191936" startTime="2014-06-25T20:13:06.1033630+05:30" endTime="2014-06-25T20:13:06.1233641+05:30" testType="13cdc9d9-ddb5-4fa4-a97d-d965ccfc6d4b" outcome="Passed" testListId="8c84fa94-04c1-424b-9868-57a2d4851a1d" relativeResultsDirectory="291f1ac2-179a-4195-9b9c-78d45faf7da3" dataRowInfo="12" resultType="DataDrivenDataRow" />
        <UnitTestResult executionId="72af7b0e-476c-4d12-b4a0-a45796c96484" parentExecutionId="291f1ac2-179a-4195-9b9c-78d45faf7da3" testId="39dcb97e-c73f-c645-a77c-64d9eba0a3a3" testName="interrogative_sentences_aux" computerName="ARPAN-LAP" duration="00:00:00.0340132" startTime="2014-06-25T20:13:06.1233641+05:30" endTime="2014-06-25T20:13:06.1573661+05:30" testType="13cdc9d9-ddb5-4fa4-a97d-d965ccfc6d4b" outcome="Passed" testListId="8c84fa94-04c1-424b-9868-57a2d4851a1d" relativeResultsDirectory="291f1ac2-179a-4195-9b9c-78d45faf7da3" dataRowInfo="13" resultType="DataDrivenDataRow" />
        <UnitTestResult executionId="ef6fb895-b050-4547-9007-6d06aea89743" parentExecutionId="291f1ac2-179a-4195-9b9c-78d45faf7da3" testId="39dcb97e-c73f-c645-a77c-64d9eba0a3a3" testName="interrogative_sentences_aux" computerName="ARPAN-LAP" duration="00:00:00.0233916" startTime="2014-06-25T20:13:06.1573661+05:30" endTime="2014-06-25T20:13:06.1803674+05:30" testType="13cdc9d9-ddb5-4fa4-a97d-d965ccfc6d4b" outcome="Passed" testListId="8c84fa94-04c1-424b-9868-57a2d4851a1d" relativeResultsDirectory="291f1ac2-179a-4195-9b9c-78d45faf7da3" dataRowInfo="14" resultType="DataDrivenDataRow" />
        <UnitTestResult executionId="1b29410f-7bb8-4ff2-8df3-c5ea45bd5408" parentExecutionId="291f1ac2-179a-4195-9b9c-78d45faf7da3" testId="39dcb97e-c73f-c645-a77c-64d9eba0a3a3" testName="interrogative_sentences_aux" computerName="ARPAN-LAP" duration="00:00:00.0266042" startTime="2014-06-25T20:13:06.1803674+05:30" endTime="2014-06-25T20:13:06.2073690+05:30" testType="13cdc9d9-ddb5-4fa4-a97d-d965ccfc6d4b" outcome="Passed" testListId="8c84fa94-04c1-424b-9868-57a2d4851a1d" relativeResultsDirectory="291f1ac2-179a-4195-9b9c-78d45faf7da3" dataRowInfo="15" resultType="DataDrivenDataRow" />
        <UnitTestResult executionId="bf2e5566-ac48-4bb2-8cc7-065573e215f1" parentExecutionId="291f1ac2-179a-4195-9b9c-78d45faf7da3" testId="39dcb97e-c73f-c645-a77c-64d9eba0a3a3" testName="interrogative_sentences_aux" computerName="ARPAN-LAP" duration="00:00:00.0178432" startTime="2014-06-25T20:13:06.2073690+05:30" endTime="2014-06-25T20:13:06.2253700+05:30" testType="13cdc9d9-ddb5-4fa4-a97d-d965ccfc6d4b" outcome="Passed" testListId="8c84fa94-04c1-424b-9868-57a2d4851a1d" relativeResultsDirectory="291f1ac2-179a-4195-9b9c-78d45faf7da3" dataRowInfo="16" resultType="DataDrivenDataRow" />
        <UnitTestResult executionId="ae240812-702b-49b6-920d-a237d3bf577b" parentExecutionId="291f1ac2-179a-4195-9b9c-78d45faf7da3" testId="39dcb97e-c73f-c645-a77c-64d9eba0a3a3" testName="interrogative_sentences_aux" computerName="ARPAN-LAP" duration="00:00:00.0243833" startTime="2014-06-25T20:13:06.2253700+05:30" endTime="2014-06-25T20:13:06.2493714+05:30" testType="13cdc9d9-ddb5-4fa4-a97d-d965ccfc6d4b" outcome="Passed" testListId="8c84fa94-04c1-424b-9868-57a2d4851a1d" relativeResultsDirectory="291f1ac2-179a-4195-9b9c-78d45faf7da3" dataRowInfo="17" resultType="DataDrivenDataRow" />
        <UnitTestResult executionId="c1c5ff69-1ea8-46cc-9ab2-68aa1bc3e551" parentExecutionId="291f1ac2-179a-4195-9b9c-78d45faf7da3" testId="39dcb97e-c73f-c645-a77c-64d9eba0a3a3" testName="interrogative_sentences_aux" computerName="ARPAN-LAP" duration="00:00:00.0161992" startTime="2014-06-25T20:13:06.2493714+05:30" endTime="2014-06-25T20:13:06.2653723+05:30" testType="13cdc9d9-ddb5-4fa4-a97d-d965ccfc6d4b" outcome="Passed" testListId="8c84fa94-04c1-424b-9868-57a2d4851a1d" relativeResultsDirectory="291f1ac2-179a-4195-9b9c-78d45faf7da3" dataRowInfo="18" resultType="DataDrivenDataRow" />
        <UnitTestResult executionId="c8983d1a-93d9-408b-8d22-517d1188c37d" parentExecutionId="291f1ac2-179a-4195-9b9c-78d45faf7da3" testId="39dcb97e-c73f-c645-a77c-64d9eba0a3a3" testName="interrogative_sentences_aux" computerName="ARPAN-LAP" duration="00:00:00.0228732" startTime="2014-06-25T20:13:06.2653723+05:30" endTime="2014-06-25T20:13:06.2883736+05:30" testType="13cdc9d9-ddb5-4fa4-a97d-d965ccfc6d4b" outcome="Passed" testListId="8c84fa94-04c1-424b-9868-57a2d4851a1d" relativeResultsDirectory="291f1ac2-179a-4195-9b9c-78d45faf7da3" dataRowInfo="19" resultType="DataDrivenDataRow" />
      </InnerResults>
    </UnitTestResult>
    <UnitTestResult executionId="8fb21a4a-a1ff-44f6-929c-ca2859c1bc61" testId="4e91a3b9-9eae-ebff-0b97-303f00578a78" testName="interrogative_sentences_whom" computerName="ARPAN-LAP" duration="00:00:00.0582317" startTime="2014-06-25T20:13:06.3543774+05:30" endTime="2014-06-25T20:13:06.4293816+05:30" testType="13cdc9d9-ddb5-4fa4-a97d-d965ccfc6d4b" outcome="Failed" testListId="8c84fa94-04c1-424b-9868-57a2d4851a1d" relativeResultsDirectory="8fb21a4a-a1ff-44f6-929c-ca2859c1bc61" resultType="DataDrivenTest">
      <Counters error="0" failed="2" timeout="0" aborted="0" inconclusive="0" passedButRunAborted="0" notRunnable="0" notExecuted="0" disconnected="0" warning="0" passed="0" completed="0" inProgress="0" pending="0" />
      <InnerResults>
        <UnitTestResult executionId="29370997-205d-4d9d-a726-fae70a950166" parentExecutionId="8fb21a4a-a1ff-44f6-929c-ca2859c1bc61" testId="4e91a3b9-9eae-ebff-0b97-303f00578a78" testName="interrogative_sentences_whom" computerName="ARPAN-LAP" duration="00:00:00.0294826" startTime="2014-06-25T20:13:06.3643779+05:30" endTime="2014-06-25T20:13:06.3933796+05:30" testType="13cdc9d9-ddb5-4fa4-a97d-d965ccfc6d4b" outcome="Failed" testListId="8c84fa94-04c1-424b-9868-57a2d4851a1d" relativeResultsDirectory="8fb21a4a-a1ff-44f6-929c-ca2859c1bc61" dataRowInfo="0" resultType="DataDrivenDataRow">
          <Output>
            <ErrorInfo>
              <Message>Assert.AreEqual failed. Expected:&lt;আপনি কাকে চান ?&gt;. Actual:&lt;আপনি কি কাকে চান ?&gt;. Whom do you want?</Message>
              <StackTrace>   at UnitTest.BnlpTest.interrogative_sentences_whom() in D:\software\Project\BNLP\UnitTest\BnlpTest.cs:line 364
</StackTrace>
            </ErrorInfo>
          </Output>
        </UnitTestResult>
        <UnitTestResult executionId="c32cff75-9e4a-403b-8bb8-e7abc64e121a" parentExecutionId="8fb21a4a-a1ff-44f6-929c-ca2859c1bc61" testId="4e91a3b9-9eae-ebff-0b97-303f00578a78" testName="interrogative_sentences_whom" computerName="ARPAN-LAP" duration="00:00:00.0271570" startTime="2014-06-25T20:13:06.3933796+05:30" endTime="2014-06-25T20:13:06.4203811+05:30" testType="13cdc9d9-ddb5-4fa4-a97d-d965ccfc6d4b" outcome="Failed" testListId="8c84fa94-04c1-424b-9868-57a2d4851a1d" relativeResultsDirectory="8fb21a4a-a1ff-44f6-929c-ca2859c1bc61" dataRowInfo="1" resultType="DataDrivenDataRow">
          <Output>
            <ErrorInfo>
              <Message>Assert.AreEqual failed. Expected:&lt;সে গল্প কাকে বলেছিল ?&gt;. Actual:&lt;সে কি গল্প কাকে বলেছিল ?&gt;. To whom did he tell the story?</Message>
              <StackTrace>   at UnitTest.BnlpTest.interrogative_sentences_whom() in D:\software\Project\BNLP\UnitTest\BnlpTest.cs:line 364
</StackTrace>
            </ErrorInfo>
          </Output>
        </UnitTestResult>
      </InnerResults>
    </UnitTestResult>
    <UnitTestResult executionId="2d14487a-4233-4fd2-8192-f5f227e712ab" testId="533e7939-123c-ce84-5c5c-d5a21d1d95b9" testName="special_handling_do_verb" computerName="ARPAN-LAP" duration="00:00:00.3507093" startTime="2014-06-25T20:13:06.4313818+05:30" endTime="2014-06-25T20:13:06.8324047+05:30" testType="13cdc9d9-ddb5-4fa4-a97d-d965ccfc6d4b" outcome="Passed" testListId="8c84fa94-04c1-424b-9868-57a2d4851a1d" relativeResultsDirectory="2d14487a-4233-4fd2-8192-f5f227e712ab" resultType="DataDrivenTest">
      <Counters error="0" failed="0" timeout="0" aborted="0" inconclusive="0" passedButRunAborted="0" notRunnable="0" notExecuted="0" disconnected="0" warning="0" passed="13" completed="0" inProgress="0" pending="0" />
      <InnerResults>
        <UnitTestResult executionId="1650aa83-d93f-497d-a489-f4eebdd6513e" parentExecutionId="2d14487a-4233-4fd2-8192-f5f227e712ab" testId="533e7939-123c-ce84-5c5c-d5a21d1d95b9" testName="special_handling_do_verb" computerName="ARPAN-LAP" duration="00:00:00.0208889" startTime="2014-06-25T20:13:06.4453826+05:30" endTime="2014-06-25T20:13:06.4663838+05:30" testType="13cdc9d9-ddb5-4fa4-a97d-d965ccfc6d4b" outcome="Passed" testListId="8c84fa94-04c1-424b-9868-57a2d4851a1d" relativeResultsDirectory="2d14487a-4233-4fd2-8192-f5f227e712ab" dataRowInfo="0" resultType="DataDrivenDataRow" />
        <UnitTestResult executionId="cc9f9d4c-4e99-4336-8596-26a389213ca4" parentExecutionId="2d14487a-4233-4fd2-8192-f5f227e712ab" testId="533e7939-123c-ce84-5c5c-d5a21d1d95b9" testName="special_handling_do_verb" computerName="ARPAN-LAP" duration="00:00:00.0224108" startTime="2014-06-25T20:13:06.4663838+05:30" endTime="2014-06-25T20:13:06.4883850+05:30" testType="13cdc9d9-ddb5-4fa4-a97d-d965ccfc6d4b" outcome="Passed" testListId="8c84fa94-04c1-424b-9868-57a2d4851a1d" relativeResultsDirectory="2d14487a-4233-4fd2-8192-f5f227e712ab" dataRowInfo="1" resultType="DataDrivenDataRow" />
        <UnitTestResult executionId="64e697d2-a6ac-47da-960f-e1ec2cd0add9" parentExecutionId="2d14487a-4233-4fd2-8192-f5f227e712ab" testId="533e7939-123c-ce84-5c5c-d5a21d1d95b9" testName="special_handling_do_verb" computerName="ARPAN-LAP" duration="00:00:00.0259667" startTime="2014-06-25T20:13:06.4883850+05:30" endTime="2014-06-25T20:13:06.5143865+05:30" testType="13cdc9d9-ddb5-4fa4-a97d-d965ccfc6d4b" outcome="Passed" testListId="8c84fa94-04c1-424b-9868-57a2d4851a1d" relativeResultsDirectory="2d14487a-4233-4fd2-8192-f5f227e712ab" dataRowInfo="2" resultType="DataDrivenDataRow" />
        <UnitTestResult executionId="6a6a17fd-3399-4faa-b9c4-f1640381dbbc" parentExecutionId="2d14487a-4233-4fd2-8192-f5f227e712ab" testId="533e7939-123c-ce84-5c5c-d5a21d1d95b9" testName="special_handling_do_verb" computerName="ARPAN-LAP" duration="00:00:00.0303613" startTime="2014-06-25T20:13:06.5143865+05:30" endTime="2014-06-25T20:13:06.5453883+05:30" testType="13cdc9d9-ddb5-4fa4-a97d-d965ccfc6d4b" outcome="Passed" testListId="8c84fa94-04c1-424b-9868-57a2d4851a1d" relativeResultsDirectory="2d14487a-4233-4fd2-8192-f5f227e712ab" dataRowInfo="3" resultType="DataDrivenDataRow" />
        <UnitTestResult executionId="cfee41f6-51c4-46ea-846c-3b6670493ced" parentExecutionId="2d14487a-4233-4fd2-8192-f5f227e712ab" testId="533e7939-123c-ce84-5c5c-d5a21d1d95b9" testName="special_handling_do_verb" computerName="ARPAN-LAP" duration="00:00:00.0200764" startTime="2014-06-25T20:13:06.5453883+05:30" endTime="2014-06-25T20:13:06.5653894+05:30" testType="13cdc9d9-ddb5-4fa4-a97d-d965ccfc6d4b" outcome="Passed" testListId="8c84fa94-04c1-424b-9868-57a2d4851a1d" relativeResultsDirectory="2d14487a-4233-4fd2-8192-f5f227e712ab" dataRowInfo="4" resultType="DataDrivenDataRow" />
        <UnitTestResult executionId="dfd0b1ee-ffda-4071-9228-2f066ea6c1ea" parentExecutionId="2d14487a-4233-4fd2-8192-f5f227e712ab" testId="533e7939-123c-ce84-5c5c-d5a21d1d95b9" testName="special_handling_do_verb" computerName="ARPAN-LAP" duration="00:00:00.0243833" startTime="2014-06-25T20:13:06.5653894+05:30" endTime="2014-06-25T20:13:06.5893908+05:30" testType="13cdc9d9-ddb5-4fa4-a97d-d965ccfc6d4b" outcome="Passed" testListId="8c84fa94-04c1-424b-9868-57a2d4851a1d" relativeResultsDirectory="2d14487a-4233-4fd2-8192-f5f227e712ab" dataRowInfo="5" resultType="DataDrivenDataRow" />
        <UnitTestResult executionId="0e42eee3-dc0a-4955-81a4-07257e7a2577" parentExecutionId="2d14487a-4233-4fd2-8192-f5f227e712ab" testId="533e7939-123c-ce84-5c5c-d5a21d1d95b9" testName="special_handling_do_verb" computerName="ARPAN-LAP" duration="00:00:00.0231355" startTime="2014-06-25T20:13:06.5893908+05:30" endTime="2014-06-25T20:13:06.6123921+05:30" testType="13cdc9d9-ddb5-4fa4-a97d-d965ccfc6d4b" outcome="Passed" testListId="8c84fa94-04c1-424b-9868-57a2d4851a1d" relativeResultsDirectory="2d14487a-4233-4fd2-8192-f5f227e712ab" dataRowInfo="6" resultType="DataDrivenDataRow" />
        <UnitTestResult executionId="6339fd75-3aa6-44ff-92c9-fedfa4eebd8b" parentExecutionId="2d14487a-4233-4fd2-8192-f5f227e712ab" testId="533e7939-123c-ce84-5c5c-d5a21d1d95b9" testName="special_handling_do_verb" computerName="ARPAN-LAP" duration="00:00:00.0377349" startTime="2014-06-25T20:13:06.6123921+05:30" endTime="2014-06-25T20:13:06.6503943+05:30" testType="13cdc9d9-ddb5-4fa4-a97d-d965ccfc6d4b" outcome="Passed" testListId="8c84fa94-04c1-424b-9868-57a2d4851a1d" relativeResultsDirectory="2d14487a-4233-4fd2-8192-f5f227e712ab" dataRowInfo="7" resultType="DataDrivenDataRow" />
        <UnitTestResult executionId="a0fd47cb-0539-4d22-9800-f1da9793a174" parentExecutionId="2d14487a-4233-4fd2-8192-f5f227e712ab" testId="533e7939-123c-ce84-5c5c-d5a21d1d95b9" testName="special_handling_do_verb" computerName="ARPAN-LAP" duration="00:00:00.0307283" startTime="2014-06-25T20:13:06.6503943+05:30" endTime="2014-06-25T20:13:06.6813961+05:30" testType="13cdc9d9-ddb5-4fa4-a97d-d965ccfc6d4b" outcome="Passed" testListId="8c84fa94-04c1-424b-9868-57a2d4851a1d" relativeResultsDirectory="2d14487a-4233-4fd2-8192-f5f227e712ab" dataRowInfo="8" resultType="DataDrivenDataRow" />
        <UnitTestResult executionId="13ebaf12-2b90-479c-b3bd-1377c5ba3528" parentExecutionId="2d14487a-4233-4fd2-8192-f5f227e712ab" testId="533e7939-123c-ce84-5c5c-d5a21d1d95b9" testName="special_handling_do_verb" computerName="ARPAN-LAP" duration="00:00:00.0374198" startTime="2014-06-25T20:13:06.6813961+05:30" endTime="2014-06-25T20:13:06.7183982+05:30" testType="13cdc9d9-ddb5-4fa4-a97d-d965ccfc6d4b" outcome="Passed" testListId="8c84fa94-04c1-424b-9868-57a2d4851a1d" relativeResultsDirectory="2d14487a-4233-4fd2-8192-f5f227e712ab" dataRowInfo="9" resultType="DataDrivenDataRow" />
        <UnitTestResult executionId="6084a1c9-2c2a-4525-bb7f-64d336f4a165" parentExecutionId="2d14487a-4233-4fd2-8192-f5f227e712ab" testId="533e7939-123c-ce84-5c5c-d5a21d1d95b9" testName="special_handling_do_verb" computerName="ARPAN-LAP" duration="00:00:00.0203136" startTime="2014-06-25T20:13:06.7183982+05:30" endTime="2014-06-25T20:13:06.7393994+05:30" testType="13cdc9d9-ddb5-4fa4-a97d-d965ccfc6d4b" outcome="Passed" testListId="8c84fa94-04c1-424b-9868-57a2d4851a1d" relativeResultsDirectory="2d14487a-4233-4fd2-8192-f5f227e712ab" dataRowInfo="10" resultType="DataDrivenDataRow" />
        <UnitTestResult executionId="8d67939c-1d70-40a2-b40f-7496fa055e5a" parentExecutionId="2d14487a-4233-4fd2-8192-f5f227e712ab" testId="533e7939-123c-ce84-5c5c-d5a21d1d95b9" testName="special_handling_do_verb" computerName="ARPAN-LAP" duration="00:00:00.0282718" startTime="2014-06-25T20:13:06.7393994+05:30" endTime="2014-06-25T20:13:06.7674010+05:30" testType="13cdc9d9-ddb5-4fa4-a97d-d965ccfc6d4b" outcome="Passed" testListId="8c84fa94-04c1-424b-9868-57a2d4851a1d" relativeResultsDirectory="2d14487a-4233-4fd2-8192-f5f227e712ab" dataRowInfo="11" resultType="DataDrivenDataRow" />
        <UnitTestResult executionId="04356e96-193c-4739-b860-6ddc45e3e42c" parentExecutionId="2d14487a-4233-4fd2-8192-f5f227e712ab" testId="533e7939-123c-ce84-5c5c-d5a21d1d95b9" testName="special_handling_do_verb" computerName="ARPAN-LAP" duration="00:00:00.0265898" startTime="2014-06-25T20:13:06.7674010+05:30" endTime="2014-06-25T20:13:06.7944025+05:30" testType="13cdc9d9-ddb5-4fa4-a97d-d965ccfc6d4b" outcome="Passed" testListId="8c84fa94-04c1-424b-9868-57a2d4851a1d" relativeResultsDirectory="2d14487a-4233-4fd2-8192-f5f227e712ab" dataRowInfo="12" resultType="DataDrivenDataRow" />
      </InnerResults>
    </UnitTestResult>
    <UnitTestResult executionId="2e34c536-3003-4079-9bfd-1c48cd53bf2a" testId="642ce34f-0ed4-f995-637b-09297c832f2a" testName="RandomWord" computerName="ARPAN-LAP" duration="00:00:00.1363024" startTime="2014-06-25T20:13:06.8844077+05:30" endTime="2014-06-25T20:13:07.0354163+05:30" testType="13cdc9d9-ddb5-4fa4-a97d-d965ccfc6d4b" outcome="Failed" testListId="8c84fa94-04c1-424b-9868-57a2d4851a1d" relativeResultsDirectory="2e34c536-3003-4079-9bfd-1c48cd53bf2a" resultType="DataDrivenTest">
      <Counters error="0" failed="1" timeout="0" aborted="0" inconclusive="0" passedButRunAborted="0" notRunnable="0" notExecuted="0" disconnected="0" warning="0" passed="0" completed="0" inProgress="0" pending="0" />
      <InnerResults>
        <UnitTestResult executionId="c77bf766-0ac2-4a32-a179-41b43c650f57" parentExecutionId="2e34c536-3003-4079-9bfd-1c48cd53bf2a" testId="642ce34f-0ed4-f995-637b-09297c832f2a" testName="RandomWord" computerName="ARPAN-LAP" duration="00:00:00.1336472" startTime="2014-06-25T20:13:06.8954083+05:30" endTime="2014-06-25T20:13:07.0294160+05:30" testType="13cdc9d9-ddb5-4fa4-a97d-d965ccfc6d4b" outcome="Failed" testListId="8c84fa94-04c1-424b-9868-57a2d4851a1d" relativeResultsDirectory="2e34c536-3003-4079-9bfd-1c48cd53bf2a" dataRowInfo="0" resultType="DataDrivenDataRow">
          <Output>
            <ErrorInfo>
              <Message>Assert.AreEqual failed. Expected:&lt;পূর্ব সলোমন এর নৌ যুদ্ধ ২৪–২৫ অগষ্ট ১৯৪২ য়ে স্থান গ্রহণ করেছিল , এবং দ্বিতীয় বিশ্ব যুদ্ধ এর প্রশান্ত মহাসাগর সংগঠিত প্রচারকার্য এর তৃতীয় যুদ্ধ বাহক ।&gt;. Actual:&lt;পূর্ব সলোমন এর নৌ যুদ্ধ ২৪–২৫ অগষ্ট ১৯৪২ য়ে স্থান গ্রহণ করেছিল , এবং দ্বিতীয় বিশ্ব যুদ্ধ এর pacific:NP সংগঠিত প্রচারকার্য এর তৃতীয় যুদ্ধ বাহক ।&gt;. The naval Battle of the Eastern Solomons took place on 24–25 August 1942, and was the third carrier battle of the Pacific campaign of second World War.</Message>
              <StackTrace>   at UnitTest.BnlpTest.RandomWord() in D:\software\Project\BNLP\UnitTest\BnlpTest.cs:line 526
</StackTrace>
            </ErrorInfo>
          </Output>
        </UnitTestResult>
      </InnerResults>
    </UnitTestResult>
    <UnitTestResult executionId="1224e2f6-b07f-4a1b-80b1-87ab2f1ea9c4" testId="783915fe-114a-e353-78dd-56e92a60f942" testName="all_persons_modal_should" computerName="ARPAN-LAP" duration="00:00:00.4536642" startTime="2014-06-25T20:13:07.0454169+05:30" endTime="2014-06-25T20:13:07.5504458+05:30" testType="13cdc9d9-ddb5-4fa4-a97d-d965ccfc6d4b" outcome="Passed" testListId="8c84fa94-04c1-424b-9868-57a2d4851a1d" relativeResultsDirectory="1224e2f6-b07f-4a1b-80b1-87ab2f1ea9c4" resultType="DataDrivenTest">
      <Counters error="0" failed="0" timeout="0" aborted="0" inconclusive="0" passedButRunAborted="0" notRunnable="0" notExecuted="0" disconnected="0" warning="0" passed="17" completed="0" inProgress="0" pending="0" />
      <InnerResults>
        <UnitTestResult executionId="79ec2989-b9de-4b3b-8cff-4e69a2704562" parentExecutionId="1224e2f6-b07f-4a1b-80b1-87ab2f1ea9c4" testId="783915fe-114a-e353-78dd-56e92a60f942" testName="all_persons_modal_should" computerName="ARPAN-LAP" duration="00:00:00.0248719" startTime="2014-06-25T20:13:07.0504172+05:30" endTime="2014-06-25T20:13:07.0754186+05:30" testType="13cdc9d9-ddb5-4fa4-a97d-d965ccfc6d4b" outcome="Passed" testListId="8c84fa94-04c1-424b-9868-57a2d4851a1d" relativeResultsDirectory="1224e2f6-b07f-4a1b-80b1-87ab2f1ea9c4" dataRowInfo="0" resultType="DataDrivenDataRow" />
        <UnitTestResult executionId="0f3a6be1-0e95-4cb9-89fc-3c81853b7b92" parentExecutionId="1224e2f6-b07f-4a1b-80b1-87ab2f1ea9c4" testId="783915fe-114a-e353-78dd-56e92a60f942" testName="all_persons_modal_should" computerName="ARPAN-LAP" duration="00:00:00.0321244" startTime="2014-06-25T20:13:07.0754186+05:30" endTime="2014-06-25T20:13:07.1074204+05:30" testType="13cdc9d9-ddb5-4fa4-a97d-d965ccfc6d4b" outcome="Passed" testListId="8c84fa94-04c1-424b-9868-57a2d4851a1d" relativeResultsDirectory="1224e2f6-b07f-4a1b-80b1-87ab2f1ea9c4" dataRowInfo="1" resultType="DataDrivenDataRow" />
        <UnitTestResult executionId="1634eeba-81ed-4a01-bb25-ec3e2a6181f9" parentExecutionId="1224e2f6-b07f-4a1b-80b1-87ab2f1ea9c4" testId="783915fe-114a-e353-78dd-56e92a60f942" testName="all_persons_modal_should" computerName="ARPAN-LAP" duration="00:00:00.0398557" startTime="2014-06-25T20:13:07.1084205+05:30" endTime="2014-06-25T20:13:07.1474227+05:30" testType="13cdc9d9-ddb5-4fa4-a97d-d965ccfc6d4b" outcome="Passed" testListId="8c84fa94-04c1-424b-9868-57a2d4851a1d" relativeResultsDirectory="1224e2f6-b07f-4a1b-80b1-87ab2f1ea9c4" dataRowInfo="2" resultType="DataDrivenDataRow" />
        <UnitTestResult executionId="7442d7a6-194f-4c81-9f51-6556b714b7f9" parentExecutionId="1224e2f6-b07f-4a1b-80b1-87ab2f1ea9c4" testId="783915fe-114a-e353-78dd-56e92a60f942" testName="all_persons_modal_should" computerName="ARPAN-LAP" duration="00:00:00.0407098" startTime="2014-06-25T20:13:07.1474227+05:30" endTime="2014-06-25T20:13:07.1884251+05:30" testType="13cdc9d9-ddb5-4fa4-a97d-d965ccfc6d4b" outcome="Passed" testListId="8c84fa94-04c1-424b-9868-57a2d4851a1d" relativeResultsDirectory="1224e2f6-b07f-4a1b-80b1-87ab2f1ea9c4" dataRowInfo="3" resultType="DataDrivenDataRow" />
        <UnitTestResult executionId="ae232311-2e35-47ad-8d94-c4f1bc5c69e5" parentExecutionId="1224e2f6-b07f-4a1b-80b1-87ab2f1ea9c4" testId="783915fe-114a-e353-78dd-56e92a60f942" testName="all_persons_modal_should" computerName="ARPAN-LAP" duration="00:00:00.0177713" startTime="2014-06-25T20:13:07.1884251+05:30" endTime="2014-06-25T20:13:07.2064261+05:30" testType="13cdc9d9-ddb5-4fa4-a97d-d965ccfc6d4b" outcome="Passed" testListId="8c84fa94-04c1-424b-9868-57a2d4851a1d" relativeResultsDirectory="1224e2f6-b07f-4a1b-80b1-87ab2f1ea9c4" dataRowInfo="4" resultType="DataDrivenDataRow" />
        <UnitTestResult executionId="e4934ec8-4bed-451f-9085-997261404939" parentExecutionId="1224e2f6-b07f-4a1b-80b1-87ab2f1ea9c4" testId="783915fe-114a-e353-78dd-56e92a60f942" testName="all_persons_modal_should" computerName="ARPAN-LAP" duration="00:00:00.0217220" startTime="2014-06-25T20:13:07.2064261+05:30" endTime="2014-06-25T20:13:07.2284274+05:30" testType="13cdc9d9-ddb5-4fa4-a97d-d965ccfc6d4b" outcome="Passed" testListId="8c84fa94-04c1-424b-9868-57a2d4851a1d" relativeResultsDirectory="1224e2f6-b07f-4a1b-80b1-87ab2f1ea9c4" dataRowInfo="5" resultType="DataDrivenDataRow" />
        <UnitTestResult executionId="052ca8cd-0c06-4e67-970e-18a4b9d7e2db" parentExecutionId="1224e2f6-b07f-4a1b-80b1-87ab2f1ea9c4" testId="783915fe-114a-e353-78dd-56e92a60f942" testName="all_persons_modal_should" computerName="ARPAN-LAP" duration="00:00:00.0245326" startTime="2014-06-25T20:13:07.2284274+05:30" endTime="2014-06-25T20:13:07.2524287+05:30" testType="13cdc9d9-ddb5-4fa4-a97d-d965ccfc6d4b" outcome="Passed" testListId="8c84fa94-04c1-424b-9868-57a2d4851a1d" relativeResultsDirectory="1224e2f6-b07f-4a1b-80b1-87ab2f1ea9c4" dataRowInfo="6" resultType="DataDrivenDataRow" />
        <UnitTestResult executionId="7b37ce57-ce10-4117-bb35-e4e2d6929b13" parentExecutionId="1224e2f6-b07f-4a1b-80b1-87ab2f1ea9c4" testId="783915fe-114a-e353-78dd-56e92a60f942" testName="all_persons_modal_should" computerName="ARPAN-LAP" duration="00:00:00.0284915" startTime="2014-06-25T20:13:07.2524287+05:30" endTime="2014-06-25T20:13:07.2814304+05:30" testType="13cdc9d9-ddb5-4fa4-a97d-d965ccfc6d4b" outcome="Passed" testListId="8c84fa94-04c1-424b-9868-57a2d4851a1d" relativeResultsDirectory="1224e2f6-b07f-4a1b-80b1-87ab2f1ea9c4" dataRowInfo="7" resultType="DataDrivenDataRow" />
        <UnitTestResult executionId="90c6d8f4-1140-4e27-9fa7-7aab9e8478af" parentExecutionId="1224e2f6-b07f-4a1b-80b1-87ab2f1ea9c4" testId="783915fe-114a-e353-78dd-56e92a60f942" testName="all_persons_modal_should" computerName="ARPAN-LAP" duration="00:00:00.0184745" startTime="2014-06-25T20:13:07.2814304+05:30" endTime="2014-06-25T20:13:07.2994314+05:30" testType="13cdc9d9-ddb5-4fa4-a97d-d965ccfc6d4b" outcome="Passed" testListId="8c84fa94-04c1-424b-9868-57a2d4851a1d" relativeResultsDirectory="1224e2f6-b07f-4a1b-80b1-87ab2f1ea9c4" dataRowInfo="8" resultType="DataDrivenDataRow" />
        <UnitTestResult executionId="a0f353b8-1dcc-4542-90b6-dd2c1084f2d3" parentExecutionId="1224e2f6-b07f-4a1b-80b1-87ab2f1ea9c4" testId="783915fe-114a-e353-78dd-56e92a60f942" testName="all_persons_modal_should" computerName="ARPAN-LAP" duration="00:00:00.0231976" startTime="2014-06-25T20:13:07.2994314+05:30" endTime="2014-06-25T20:13:07.3234328+05:30" testType="13cdc9d9-ddb5-4fa4-a97d-d965ccfc6d4b" outcome="Passed" testListId="8c84fa94-04c1-424b-9868-57a2d4851a1d" relativeResultsDirectory="1224e2f6-b07f-4a1b-80b1-87ab2f1ea9c4" dataRowInfo="9" resultType="DataDrivenDataRow" />
        <UnitTestResult executionId="2abee524-e81e-4af0-8934-76266be86611" parentExecutionId="1224e2f6-b07f-4a1b-80b1-87ab2f1ea9c4" testId="783915fe-114a-e353-78dd-56e92a60f942" testName="all_persons_modal_should" computerName="ARPAN-LAP" duration="00:00:00.0227649" startTime="2014-06-25T20:13:07.3234328+05:30" endTime="2014-06-25T20:13:07.3454340+05:30" testType="13cdc9d9-ddb5-4fa4-a97d-d965ccfc6d4b" outcome="Passed" testListId="8c84fa94-04c1-424b-9868-57a2d4851a1d" relativeResultsDirectory="1224e2f6-b07f-4a1b-80b1-87ab2f1ea9c4" dataRowInfo="10" resultType="DataDrivenDataRow" />
        <UnitTestResult executionId="e475b1b1-becc-4bfc-b6b6-3b982e8e2758" parentExecutionId="1224e2f6-b07f-4a1b-80b1-87ab2f1ea9c4" testId="783915fe-114a-e353-78dd-56e92a60f942" testName="all_persons_modal_should" computerName="ARPAN-LAP" duration="00:00:00.0291926" startTime="2014-06-25T20:13:07.3464341+05:30" endTime="2014-06-25T20:13:07.3754358+05:30" testType="13cdc9d9-ddb5-4fa4-a97d-d965ccfc6d4b" outcome="Passed" testListId="8c84fa94-04c1-424b-9868-57a2d4851a1d" relativeResultsDirectory="1224e2f6-b07f-4a1b-80b1-87ab2f1ea9c4" dataRowInfo="11" resultType="DataDrivenDataRow" />
        <UnitTestResult executionId="d2a18846-c193-440f-9520-7ccb51ca5b6d" parentExecutionId="1224e2f6-b07f-4a1b-80b1-87ab2f1ea9c4" testId="783915fe-114a-e353-78dd-56e92a60f942" testName="all_persons_modal_should" computerName="ARPAN-LAP" duration="00:00:00.0243838" startTime="2014-06-25T20:13:07.3754358+05:30" endTime="2014-06-25T20:13:07.3994371+05:30" testType="13cdc9d9-ddb5-4fa4-a97d-d965ccfc6d4b" outcome="Passed" testListId="8c84fa94-04c1-424b-9868-57a2d4851a1d" relativeResultsDirectory="1224e2f6-b07f-4a1b-80b1-87ab2f1ea9c4" dataRowInfo="12" resultType="DataDrivenDataRow" />
        <UnitTestResult executionId="92d4291b-c397-4e2e-bdcd-622b47fda0c4" parentExecutionId="1224e2f6-b07f-4a1b-80b1-87ab2f1ea9c4" testId="783915fe-114a-e353-78dd-56e92a60f942" testName="all_persons_modal_should" computerName="ARPAN-LAP" duration="00:00:00.0260098" startTime="2014-06-25T20:13:07.3994371+05:30" endTime="2014-06-25T20:13:07.4254386+05:30" testType="13cdc9d9-ddb5-4fa4-a97d-d965ccfc6d4b" outcome="Passed" testListId="8c84fa94-04c1-424b-9868-57a2d4851a1d" relativeResultsDirectory="1224e2f6-b07f-4a1b-80b1-87ab2f1ea9c4" dataRowInfo="13" resultType="DataDrivenDataRow" />
        <UnitTestResult executionId="d1abc8f1-c4e1-4f16-b4a4-193196a8787a" parentExecutionId="1224e2f6-b07f-4a1b-80b1-87ab2f1ea9c4" testId="783915fe-114a-e353-78dd-56e92a60f942" testName="all_persons_modal_should" computerName="ARPAN-LAP" duration="00:00:00.0266001" startTime="2014-06-25T20:13:07.4254386+05:30" endTime="2014-06-25T20:13:07.4524402+05:30" testType="13cdc9d9-ddb5-4fa4-a97d-d965ccfc6d4b" outcome="Passed" testListId="8c84fa94-04c1-424b-9868-57a2d4851a1d" relativeResultsDirectory="1224e2f6-b07f-4a1b-80b1-87ab2f1ea9c4" dataRowInfo="14" resultType="DataDrivenDataRow" />
        <UnitTestResult executionId="68039c4d-d984-4433-80fe-ad2e80cba7e7" parentExecutionId="1224e2f6-b07f-4a1b-80b1-87ab2f1ea9c4" testId="783915fe-114a-e353-78dd-56e92a60f942" testName="all_persons_modal_should" computerName="ARPAN-LAP" duration="00:00:00.0229666" startTime="2014-06-25T20:13:07.4524402+05:30" endTime="2014-06-25T20:13:07.4754415+05:30" testType="13cdc9d9-ddb5-4fa4-a97d-d965ccfc6d4b" outcome="Passed" testListId="8c84fa94-04c1-424b-9868-57a2d4851a1d" relativeResultsDirectory="1224e2f6-b07f-4a1b-80b1-87ab2f1ea9c4" dataRowInfo="15" resultType="DataDrivenDataRow" />
        <UnitTestResult executionId="a6e90c60-505b-4c40-8af1-dc70d83b97d3" parentExecutionId="1224e2f6-b07f-4a1b-80b1-87ab2f1ea9c4" testId="783915fe-114a-e353-78dd-56e92a60f942" testName="all_persons_modal_should" computerName="ARPAN-LAP" duration="00:00:00.0273345" startTime="2014-06-25T20:13:07.4754415+05:30" endTime="2014-06-25T20:13:07.5024430+05:30" testType="13cdc9d9-ddb5-4fa4-a97d-d965ccfc6d4b" outcome="Passed" testListId="8c84fa94-04c1-424b-9868-57a2d4851a1d" relativeResultsDirectory="1224e2f6-b07f-4a1b-80b1-87ab2f1ea9c4" dataRowInfo="16" resultType="DataDrivenDataRow" />
      </InnerResults>
    </UnitTestResult>
    <UnitTestResult executionId="26db35ce-bfc6-4343-b9a7-5237352927c4" testId="7f7910d1-dc89-39b4-b4cf-d9e6d7af9420" testName="interrogative_sentences_what" computerName="ARPAN-LAP" duration="00:00:00.2332284" startTime="2014-06-25T20:13:07.5524459+05:30" endTime="2014-06-25T20:13:07.8334620+05:30" testType="13cdc9d9-ddb5-4fa4-a97d-d965ccfc6d4b" outcome="Failed" testListId="8c84fa94-04c1-424b-9868-57a2d4851a1d" relativeResultsDirectory="26db35ce-bfc6-4343-b9a7-5237352927c4" resultType="DataDrivenTest">
      <Counters error="0" failed="9" timeout="0" aborted="0" inconclusive="0" passedButRunAborted="0" notRunnable="0" notExecuted="0" disconnected="0" warning="0" passed="0" completed="0" inProgress="0" pending="0" />
      <InnerResults>
        <UnitTestResult executionId="87169f11-dcdd-44a7-a546-b402801e44c4" parentExecutionId="26db35ce-bfc6-4343-b9a7-5237352927c4" testId="7f7910d1-dc89-39b4-b4cf-d9e6d7af9420" testName="interrogative_sentences_what" computerName="ARPAN-LAP" duration="00:00:00.0249689" startTime="2014-06-25T20:13:07.5654466+05:30" endTime="2014-06-25T20:13:07.5904481+05:30" testType="13cdc9d9-ddb5-4fa4-a97d-d965ccfc6d4b" outcome="Failed" testListId="8c84fa94-04c1-424b-9868-57a2d4851a1d" relativeResultsDirectory="26db35ce-bfc6-4343-b9a7-5237352927c4" dataRowInfo="0" resultType="DataDrivenDataRow">
          <Output>
            <ErrorInfo>
              <Message>Assert.AreEqual failed. Expected:&lt;আমার নাম কি ?&gt;. Actual:&lt;আমার কি নাম কি ?&gt;. What is my name?</Message>
              <StackTrace>   at UnitTest.BnlpTest.interrogative_sentences_what() in D:\software\Project\BNLP\UnitTest\BnlpTest.cs:line 292
</StackTrace>
            </ErrorInfo>
          </Output>
        </UnitTestResult>
        <UnitTestResult executionId="f685ab72-7ec2-4db3-a518-e2311edcc2ba" parentExecutionId="26db35ce-bfc6-4343-b9a7-5237352927c4" testId="7f7910d1-dc89-39b4-b4cf-d9e6d7af9420" testName="interrogative_sentences_what" computerName="ARPAN-LAP" duration="00:00:00.0242308" startTime="2014-06-25T20:13:07.5904481+05:30" endTime="2014-06-25T20:13:07.6144494+05:30" testType="13cdc9d9-ddb5-4fa4-a97d-d965ccfc6d4b" outcome="Failed" testListId="8c84fa94-04c1-424b-9868-57a2d4851a1d" relativeResultsDirectory="26db35ce-bfc6-4343-b9a7-5237352927c4" dataRowInfo="1" resultType="DataDrivenDataRow">
          <Output>
            <ErrorInfo>
              <Message>Assert.AreEqual failed. Expected:&lt;আমার নাম কি ছিল ?&gt;. Actual:&lt;আমার কি নাম কি ছিল ?&gt;. What was my name?</Message>
              <StackTrace>   at UnitTest.BnlpTest.interrogative_sentences_what() in D:\software\Project\BNLP\UnitTest\BnlpTest.cs:line 292
</StackTrace>
            </ErrorInfo>
          </Output>
        </UnitTestResult>
        <UnitTestResult executionId="55bd0bb3-1aa2-4168-a114-562e84868c04" parentExecutionId="26db35ce-bfc6-4343-b9a7-5237352927c4" testId="7f7910d1-dc89-39b4-b4cf-d9e6d7af9420" testName="interrogative_sentences_what" computerName="ARPAN-LAP" duration="00:00:00.0276877" startTime="2014-06-25T20:13:07.6144494+05:30" endTime="2014-06-25T20:13:07.6424510+05:30" testType="13cdc9d9-ddb5-4fa4-a97d-d965ccfc6d4b" outcome="Failed" testListId="8c84fa94-04c1-424b-9868-57a2d4851a1d" relativeResultsDirectory="26db35ce-bfc6-4343-b9a7-5237352927c4" dataRowInfo="2" resultType="DataDrivenDataRow">
          <Output>
            <ErrorInfo>
              <Message>Assert.AreEqual failed. Expected:&lt;আমার নাম কি হবে ?&gt;. Actual:&lt;আমার কি নাম কি হবে ?&gt;. What will be my name?</Message>
              <StackTrace>   at UnitTest.BnlpTest.interrogative_sentences_what() in D:\software\Project\BNLP\UnitTest\BnlpTest.cs:line 292
</StackTrace>
            </ErrorInfo>
          </Output>
        </UnitTestResult>
        <UnitTestResult executionId="b0f04a0c-56d6-44df-8778-6c07fc80e792" parentExecutionId="26db35ce-bfc6-4343-b9a7-5237352927c4" testId="7f7910d1-dc89-39b4-b4cf-d9e6d7af9420" testName="interrogative_sentences_what" computerName="ARPAN-LAP" duration="00:00:00.0228794" startTime="2014-06-25T20:13:07.6424510+05:30" endTime="2014-06-25T20:13:07.6654523+05:30" testType="13cdc9d9-ddb5-4fa4-a97d-d965ccfc6d4b" outcome="Failed" testListId="8c84fa94-04c1-424b-9868-57a2d4851a1d" relativeResultsDirectory="26db35ce-bfc6-4343-b9a7-5237352927c4" dataRowInfo="3" resultType="DataDrivenDataRow">
          <Output>
            <ErrorInfo>
              <Message>Assert.AreEqual failed. Expected:&lt;আপনার নাম কি ?&gt;. Actual:&lt;আপনার কি নাম কি ?&gt;. What is your name?</Message>
              <StackTrace>   at UnitTest.BnlpTest.interrogative_sentences_what() in D:\software\Project\BNLP\UnitTest\BnlpTest.cs:line 292
</StackTrace>
            </ErrorInfo>
          </Output>
        </UnitTestResult>
        <UnitTestResult executionId="16e8cd22-5bdc-42ec-aad4-da5323c0adbc" parentExecutionId="26db35ce-bfc6-4343-b9a7-5237352927c4" testId="7f7910d1-dc89-39b4-b4cf-d9e6d7af9420" testName="interrogative_sentences_what" computerName="ARPAN-LAP" duration="00:00:00.0237181" startTime="2014-06-25T20:13:07.6654523+05:30" endTime="2014-06-25T20:13:07.6884537+05:30" testType="13cdc9d9-ddb5-4fa4-a97d-d965ccfc6d4b" outcome="Failed" testListId="8c84fa94-04c1-424b-9868-57a2d4851a1d" relativeResultsDirectory="26db35ce-bfc6-4343-b9a7-5237352927c4" dataRowInfo="4" resultType="DataDrivenDataRow">
          <Output>
            <ErrorInfo>
              <Message>Assert.AreEqual failed. Expected:&lt;আপনার নাম কি ছিল ?&gt;. Actual:&lt;আপনার কি নাম কি ছিল ?&gt;. What was your name?</Message>
              <StackTrace>   at UnitTest.BnlpTest.interrogative_sentences_what() in D:\software\Project\BNLP\UnitTest\BnlpTest.cs:line 292
</StackTrace>
            </ErrorInfo>
          </Output>
        </UnitTestResult>
        <UnitTestResult executionId="eb236c05-46fe-427d-a480-a9cc19f56fd3" parentExecutionId="26db35ce-bfc6-4343-b9a7-5237352927c4" testId="7f7910d1-dc89-39b4-b4cf-d9e6d7af9420" testName="interrogative_sentences_what" computerName="ARPAN-LAP" duration="00:00:00.0280146" startTime="2014-06-25T20:13:07.6884537+05:30" endTime="2014-06-25T20:13:07.7164553+05:30" testType="13cdc9d9-ddb5-4fa4-a97d-d965ccfc6d4b" outcome="Failed" testListId="8c84fa94-04c1-424b-9868-57a2d4851a1d" relativeResultsDirectory="26db35ce-bfc6-4343-b9a7-5237352927c4" dataRowInfo="5" resultType="DataDrivenDataRow">
          <Output>
            <ErrorInfo>
              <Message>Assert.AreEqual failed. Expected:&lt;আপনার নাম কি হবে ?&gt;. Actual:&lt;আপনার কি নাম কি হবে ?&gt;. What will be your name?</Message>
              <StackTrace>   at UnitTest.BnlpTest.interrogative_sentences_what() in D:\software\Project\BNLP\UnitTest\BnlpTest.cs:line 292
</StackTrace>
            </ErrorInfo>
          </Output>
        </UnitTestResult>
        <UnitTestResult executionId="4a290c5a-e56c-44c0-af15-2dc865b073bf" parentExecutionId="26db35ce-bfc6-4343-b9a7-5237352927c4" testId="7f7910d1-dc89-39b4-b4cf-d9e6d7af9420" testName="interrogative_sentences_what" computerName="ARPAN-LAP" duration="00:00:00.0248868" startTime="2014-06-25T20:13:07.7164553+05:30" endTime="2014-06-25T20:13:07.7414567+05:30" testType="13cdc9d9-ddb5-4fa4-a97d-d965ccfc6d4b" outcome="Failed" testListId="8c84fa94-04c1-424b-9868-57a2d4851a1d" relativeResultsDirectory="26db35ce-bfc6-4343-b9a7-5237352927c4" dataRowInfo="6" resultType="DataDrivenDataRow">
          <Output>
            <ErrorInfo>
              <Message>Assert.AreEqual failed. Expected:&lt;তার নাম কি ?&gt;. Actual:&lt;তার কি নাম কি ?&gt;. What is her name?</Message>
              <StackTrace>   at UnitTest.BnlpTest.interrogative_sentences_what() in D:\software\Project\BNLP\UnitTest\BnlpTest.cs:line 292
</StackTrace>
            </ErrorInfo>
          </Output>
        </UnitTestResult>
        <UnitTestResult executionId="7451e421-767d-4f40-b22e-bc153b45b565" parentExecutionId="26db35ce-bfc6-4343-b9a7-5237352927c4" testId="7f7910d1-dc89-39b4-b4cf-d9e6d7af9420" testName="interrogative_sentences_what" computerName="ARPAN-LAP" duration="00:00:00.0251973" startTime="2014-06-25T20:13:07.7414567+05:30" endTime="2014-06-25T20:13:07.7674582+05:30" testType="13cdc9d9-ddb5-4fa4-a97d-d965ccfc6d4b" outcome="Failed" testListId="8c84fa94-04c1-424b-9868-57a2d4851a1d" relativeResultsDirectory="26db35ce-bfc6-4343-b9a7-5237352927c4" dataRowInfo="7" resultType="DataDrivenDataRow">
          <Output>
            <ErrorInfo>
              <Message>Assert.AreEqual failed. Expected:&lt;তার নাম কি ছিল ?&gt;. Actual:&lt;তার কি নাম কি ছিল ?&gt;. What was her name?</Message>
              <StackTrace>   at UnitTest.BnlpTest.interrogative_sentences_what() in D:\software\Project\BNLP\UnitTest\BnlpTest.cs:line 292
</StackTrace>
            </ErrorInfo>
          </Output>
        </UnitTestResult>
        <UnitTestResult executionId="da11d82d-757f-4f47-b5cf-e93fed07d8b3" parentExecutionId="26db35ce-bfc6-4343-b9a7-5237352927c4" testId="7f7910d1-dc89-39b4-b4cf-d9e6d7af9420" testName="interrogative_sentences_what" computerName="ARPAN-LAP" duration="00:00:00.0288025" startTime="2014-06-25T20:13:07.7674582+05:30" endTime="2014-06-25T20:13:07.7954598+05:30" testType="13cdc9d9-ddb5-4fa4-a97d-d965ccfc6d4b" outcome="Failed" testListId="8c84fa94-04c1-424b-9868-57a2d4851a1d" relativeResultsDirectory="26db35ce-bfc6-4343-b9a7-5237352927c4" dataRowInfo="8" resultType="DataDrivenDataRow">
          <Output>
            <ErrorInfo>
              <Message>Assert.AreEqual failed. Expected:&lt;তার নাম কি হবে ?&gt;. Actual:&lt;তার কি নাম কি হবে ?&gt;. What will be her name?</Message>
              <StackTrace>   at UnitTest.BnlpTest.interrogative_sentences_what() in D:\software\Project\BNLP\UnitTest\BnlpTest.cs:line 292
</StackTrace>
            </ErrorInfo>
          </Output>
        </UnitTestResult>
      </InnerResults>
    </UnitTestResult>
    <UnitTestResult executionId="9caae843-fb16-486e-853f-aad26520f56b" testId="83c68223-dcaa-51dd-423f-434210a59f77" testName="second_person_tenses_active_negation" computerName="ARPAN-LAP" duration="00:00:00.2362100" startTime="2014-06-25T20:13:07.8354621+05:30" endTime="2014-06-25T20:13:08.1214784+05:30" testType="13cdc9d9-ddb5-4fa4-a97d-d965ccfc6d4b" outcome="Passed" testListId="8c84fa94-04c1-424b-9868-57a2d4851a1d" relativeResultsDirectory="9caae843-fb16-486e-853f-aad26520f56b" resultType="DataDrivenTest">
      <Counters error="0" failed="0" timeout="0" aborted="0" inconclusive="0" passedButRunAborted="0" notRunnable="0" notExecuted="0" disconnected="0" warning="0" passed="10" completed="0" inProgress="0" pending="0" />
      <InnerResults>
        <UnitTestResult executionId="2b3eb2be-0135-42fe-83a0-ab37c5cc5677" parentExecutionId="9caae843-fb16-486e-853f-aad26520f56b" testId="83c68223-dcaa-51dd-423f-434210a59f77" testName="second_person_tenses_active_negation" computerName="ARPAN-LAP" duration="00:00:00.0285022" startTime="2014-06-25T20:13:07.8574633+05:30" endTime="2014-06-25T20:13:07.8854649+05:30" testType="13cdc9d9-ddb5-4fa4-a97d-d965ccfc6d4b" outcome="Passed" testListId="8c84fa94-04c1-424b-9868-57a2d4851a1d" relativeResultsDirectory="9caae843-fb16-486e-853f-aad26520f56b" dataRowInfo="0" resultType="DataDrivenDataRow" />
        <UnitTestResult executionId="2a0d453c-df2d-429a-a99c-8c732ddbf499" parentExecutionId="9caae843-fb16-486e-853f-aad26520f56b" testId="83c68223-dcaa-51dd-423f-434210a59f77" testName="second_person_tenses_active_negation" computerName="ARPAN-LAP" duration="00:00:00.0230046" startTime="2014-06-25T20:13:07.8854649+05:30" endTime="2014-06-25T20:13:07.9084662+05:30" testType="13cdc9d9-ddb5-4fa4-a97d-d965ccfc6d4b" outcome="Passed" testListId="8c84fa94-04c1-424b-9868-57a2d4851a1d" relativeResultsDirectory="9caae843-fb16-486e-853f-aad26520f56b" dataRowInfo="1" resultType="DataDrivenDataRow" />
        <UnitTestResult executionId="a366a121-261f-48df-b9e6-2b1e7ccd8bd1" parentExecutionId="9caae843-fb16-486e-853f-aad26520f56b" testId="83c68223-dcaa-51dd-423f-434210a59f77" testName="second_person_tenses_active_negation" computerName="ARPAN-LAP" duration="00:00:00.0213160" startTime="2014-06-25T20:13:07.9084662+05:30" endTime="2014-06-25T20:13:07.9294674+05:30" testType="13cdc9d9-ddb5-4fa4-a97d-d965ccfc6d4b" outcome="Passed" testListId="8c84fa94-04c1-424b-9868-57a2d4851a1d" relativeResultsDirectory="9caae843-fb16-486e-853f-aad26520f56b" dataRowInfo="2" resultType="DataDrivenDataRow" />
        <UnitTestResult executionId="7b00db27-7366-4088-8328-8c6494f008de" parentExecutionId="9caae843-fb16-486e-853f-aad26520f56b" testId="83c68223-dcaa-51dd-423f-434210a59f77" testName="second_person_tenses_active_negation" computerName="ARPAN-LAP" duration="00:00:00.0284709" startTime="2014-06-25T20:13:07.9294674+05:30" endTime="2014-06-25T20:13:07.9584691+05:30" testType="13cdc9d9-ddb5-4fa4-a97d-d965ccfc6d4b" outcome="Passed" testListId="8c84fa94-04c1-424b-9868-57a2d4851a1d" relativeResultsDirectory="9caae843-fb16-486e-853f-aad26520f56b" dataRowInfo="3" resultType="DataDrivenDataRow" />
        <UnitTestResult executionId="518fb529-8000-44e5-ae35-c9a3357c08d0" parentExecutionId="9caae843-fb16-486e-853f-aad26520f56b" testId="83c68223-dcaa-51dd-423f-434210a59f77" testName="second_person_tenses_active_negation" computerName="ARPAN-LAP" duration="00:00:00.0190679" startTime="2014-06-25T20:13:07.9584691+05:30" endTime="2014-06-25T20:13:07.9774702+05:30" testType="13cdc9d9-ddb5-4fa4-a97d-d965ccfc6d4b" outcome="Passed" testListId="8c84fa94-04c1-424b-9868-57a2d4851a1d" relativeResultsDirectory="9caae843-fb16-486e-853f-aad26520f56b" dataRowInfo="4" resultType="DataDrivenDataRow" />
        <UnitTestResult executionId="6ebbc325-4a5e-4814-8847-24838d90177e" parentExecutionId="9caae843-fb16-486e-853f-aad26520f56b" testId="83c68223-dcaa-51dd-423f-434210a59f77" testName="second_person_tenses_active_negation" computerName="ARPAN-LAP" duration="00:00:00.0204424" startTime="2014-06-25T20:13:07.9774702+05:30" endTime="2014-06-25T20:13:07.9984714+05:30" testType="13cdc9d9-ddb5-4fa4-a97d-d965ccfc6d4b" outcome="Passed" testListId="8c84fa94-04c1-424b-9868-57a2d4851a1d" relativeResultsDirectory="9caae843-fb16-486e-853f-aad26520f56b" dataRowInfo="5" resultType="DataDrivenDataRow" />
        <UnitTestResult executionId="738e665b-e74c-46f0-84a3-af8808c1a94f" parentExecutionId="9caae843-fb16-486e-853f-aad26520f56b" testId="83c68223-dcaa-51dd-423f-434210a59f77" testName="second_person_tenses_active_negation" computerName="ARPAN-LAP" duration="00:00:00.0205266" startTime="2014-06-25T20:13:07.9984714+05:30" endTime="2014-06-25T20:13:08.0184725+05:30" testType="13cdc9d9-ddb5-4fa4-a97d-d965ccfc6d4b" outcome="Passed" testListId="8c84fa94-04c1-424b-9868-57a2d4851a1d" relativeResultsDirectory="9caae843-fb16-486e-853f-aad26520f56b" dataRowInfo="6" resultType="DataDrivenDataRow" />
        <UnitTestResult executionId="0697389d-b06a-4d42-bfba-da8d332350b2" parentExecutionId="9caae843-fb16-486e-853f-aad26520f56b" testId="83c68223-dcaa-51dd-423f-434210a59f77" testName="second_person_tenses_active_negation" computerName="ARPAN-LAP" duration="00:00:00.0262392" startTime="2014-06-25T20:13:08.0184725+05:30" endTime="2014-06-25T20:13:08.0444740+05:30" testType="13cdc9d9-ddb5-4fa4-a97d-d965ccfc6d4b" outcome="Passed" testListId="8c84fa94-04c1-424b-9868-57a2d4851a1d" relativeResultsDirectory="9caae843-fb16-486e-853f-aad26520f56b" dataRowInfo="7" resultType="DataDrivenDataRow" />
        <UnitTestResult executionId="a386fad2-03d0-487f-9b52-59ad2fa6a720" parentExecutionId="9caae843-fb16-486e-853f-aad26520f56b" testId="83c68223-dcaa-51dd-423f-434210a59f77" testName="second_person_tenses_active_negation" computerName="ARPAN-LAP" duration="00:00:00.0196232" startTime="2014-06-25T20:13:08.0444740+05:30" endTime="2014-06-25T20:13:08.0644752+05:30" testType="13cdc9d9-ddb5-4fa4-a97d-d965ccfc6d4b" outcome="Passed" testListId="8c84fa94-04c1-424b-9868-57a2d4851a1d" relativeResultsDirectory="9caae843-fb16-486e-853f-aad26520f56b" dataRowInfo="8" resultType="DataDrivenDataRow" />
        <UnitTestResult executionId="4228447b-f76c-43d3-8ec3-ed96bce3d94f" parentExecutionId="9caae843-fb16-486e-853f-aad26520f56b" testId="83c68223-dcaa-51dd-423f-434210a59f77" testName="second_person_tenses_active_negation" computerName="ARPAN-LAP" duration="00:00:00.0261941" startTime="2014-06-25T20:13:08.0644752+05:30" endTime="2014-06-25T20:13:08.0904767+05:30" testType="13cdc9d9-ddb5-4fa4-a97d-d965ccfc6d4b" outcome="Passed" testListId="8c84fa94-04c1-424b-9868-57a2d4851a1d" relativeResultsDirectory="9caae843-fb16-486e-853f-aad26520f56b" dataRowInfo="9" resultType="DataDrivenDataRow" />
      </InnerResults>
    </UnitTestResult>
    <UnitTestResult executionId="ab13f8b1-c836-4c8d-ac9a-63ea5ada338d" testId="8fe5ccb3-a3f4-0f61-ad21-e94ef029e900" testName="all_persons_modal_can_may" computerName="ARPAN-LAP" duration="00:00:00.7088564" startTime="2014-06-25T20:13:08.1224785+05:30" endTime="2014-06-25T20:13:08.9345249+05:30" testType="13cdc9d9-ddb5-4fa4-a97d-d965ccfc6d4b" outcome="Passed" testListId="8c84fa94-04c1-424b-9868-57a2d4851a1d" relativeResultsDirectory="ab13f8b1-c836-4c8d-ac9a-63ea5ada338d" resultType="DataDrivenTest">
      <Counters error="0" failed="0" timeout="0" aborted="0" inconclusive="0" passedButRunAborted="0" notRunnable="0" notExecuted="0" disconnected="0" warning="0" passed="29" completed="0" inProgress="0" pending="0" />
      <InnerResults>
        <UnitTestResult executionId="0c97ed50-04d8-4338-a518-04c84c0131cb" parentExecutionId="ab13f8b1-c836-4c8d-ac9a-63ea5ada338d" testId="8fe5ccb3-a3f4-0f61-ad21-e94ef029e900" testName="all_persons_modal_can_may" computerName="ARPAN-LAP" duration="00:00:00.0372360" startTime="2014-06-25T20:13:08.1464799+05:30" endTime="2014-06-25T20:13:08.1844820+05:30" testType="13cdc9d9-ddb5-4fa4-a97d-d965ccfc6d4b" outcome="Passed" testListId="8c84fa94-04c1-424b-9868-57a2d4851a1d" relativeResultsDirectory="ab13f8b1-c836-4c8d-ac9a-63ea5ada338d" dataRowInfo="0" resultType="DataDrivenDataRow" />
        <UnitTestResult executionId="4b8697f9-c6a4-4945-9ead-2ec38a9949f3" parentExecutionId="ab13f8b1-c836-4c8d-ac9a-63ea5ada338d" testId="8fe5ccb3-a3f4-0f61-ad21-e94ef029e900" testName="all_persons_modal_can_may" computerName="ARPAN-LAP" duration="00:00:00.0303346" startTime="2014-06-25T20:13:08.1844820+05:30" endTime="2014-06-25T20:13:08.2144838+05:30" testType="13cdc9d9-ddb5-4fa4-a97d-d965ccfc6d4b" outcome="Passed" testListId="8c84fa94-04c1-424b-9868-57a2d4851a1d" relativeResultsDirectory="ab13f8b1-c836-4c8d-ac9a-63ea5ada338d" dataRowInfo="1" resultType="DataDrivenDataRow" />
        <UnitTestResult executionId="e83014fd-0233-413f-b302-9dde2a4912a7" parentExecutionId="ab13f8b1-c836-4c8d-ac9a-63ea5ada338d" testId="8fe5ccb3-a3f4-0f61-ad21-e94ef029e900" testName="all_persons_modal_can_may" computerName="ARPAN-LAP" duration="00:00:00.0318246" startTime="2014-06-25T20:13:08.2154838+05:30" endTime="2014-06-25T20:13:08.2474856+05:30" testType="13cdc9d9-ddb5-4fa4-a97d-d965ccfc6d4b" outcome="Passed" testListId="8c84fa94-04c1-424b-9868-57a2d4851a1d" relativeResultsDirectory="ab13f8b1-c836-4c8d-ac9a-63ea5ada338d" dataRowInfo="2" resultType="DataDrivenDataRow" />
        <UnitTestResult executionId="412189c3-d1a8-465a-8969-52b72ba9dc08" parentExecutionId="ab13f8b1-c836-4c8d-ac9a-63ea5ada338d" testId="8fe5ccb3-a3f4-0f61-ad21-e94ef029e900" testName="all_persons_modal_can_may" computerName="ARPAN-LAP" duration="00:00:00.0256900" startTime="2014-06-25T20:13:08.2474856+05:30" endTime="2014-06-25T20:13:08.2724871+05:30" testType="13cdc9d9-ddb5-4fa4-a97d-d965ccfc6d4b" outcome="Passed" testListId="8c84fa94-04c1-424b-9868-57a2d4851a1d" relativeResultsDirectory="ab13f8b1-c836-4c8d-ac9a-63ea5ada338d" dataRowInfo="3" resultType="DataDrivenDataRow" />
        <UnitTestResult executionId="929b0d7e-5fa7-48bb-bab8-ec8450e47e94" parentExecutionId="ab13f8b1-c836-4c8d-ac9a-63ea5ada338d" testId="8fe5ccb3-a3f4-0f61-ad21-e94ef029e900" testName="all_persons_modal_can_may" computerName="ARPAN-LAP" duration="00:00:00.0258707" startTime="2014-06-25T20:13:08.2724871+05:30" endTime="2014-06-25T20:13:08.2984886+05:30" testType="13cdc9d9-ddb5-4fa4-a97d-d965ccfc6d4b" outcome="Passed" testListId="8c84fa94-04c1-424b-9868-57a2d4851a1d" relativeResultsDirectory="ab13f8b1-c836-4c8d-ac9a-63ea5ada338d" dataRowInfo="4" resultType="DataDrivenDataRow" />
        <UnitTestResult executionId="7e82b8e8-b6ac-4b2d-95c8-8083a9e8268b" parentExecutionId="ab13f8b1-c836-4c8d-ac9a-63ea5ada338d" testId="8fe5ccb3-a3f4-0f61-ad21-e94ef029e900" testName="all_persons_modal_can_may" computerName="ARPAN-LAP" duration="00:00:00.0250259" startTime="2014-06-25T20:13:08.2984886+05:30" endTime="2014-06-25T20:13:08.3234900+05:30" testType="13cdc9d9-ddb5-4fa4-a97d-d965ccfc6d4b" outcome="Passed" testListId="8c84fa94-04c1-424b-9868-57a2d4851a1d" relativeResultsDirectory="ab13f8b1-c836-4c8d-ac9a-63ea5ada338d" dataRowInfo="5" resultType="DataDrivenDataRow" />
        <UnitTestResult executionId="7bb49885-c8e1-454d-8260-fe3e2782fff8" parentExecutionId="ab13f8b1-c836-4c8d-ac9a-63ea5ada338d" testId="8fe5ccb3-a3f4-0f61-ad21-e94ef029e900" testName="all_persons_modal_can_may" computerName="ARPAN-LAP" duration="00:00:00.0323415" startTime="2014-06-25T20:13:08.3234900+05:30" endTime="2014-06-25T20:13:08.3564919+05:30" testType="13cdc9d9-ddb5-4fa4-a97d-d965ccfc6d4b" outcome="Passed" testListId="8c84fa94-04c1-424b-9868-57a2d4851a1d" relativeResultsDirectory="ab13f8b1-c836-4c8d-ac9a-63ea5ada338d" dataRowInfo="6" resultType="DataDrivenDataRow" />
        <UnitTestResult executionId="e703adc7-a6e9-4fb5-8e7b-2f7c20895ee9" parentExecutionId="ab13f8b1-c836-4c8d-ac9a-63ea5ada338d" testId="8fe5ccb3-a3f4-0f61-ad21-e94ef029e900" testName="all_persons_modal_can_may" computerName="ARPAN-LAP" duration="00:00:00.0328547" startTime="2014-06-25T20:13:08.3564919+05:30" endTime="2014-06-25T20:13:08.3894938+05:30" testType="13cdc9d9-ddb5-4fa4-a97d-d965ccfc6d4b" outcome="Passed" testListId="8c84fa94-04c1-424b-9868-57a2d4851a1d" relativeResultsDirectory="ab13f8b1-c836-4c8d-ac9a-63ea5ada338d" dataRowInfo="7" resultType="DataDrivenDataRow" />
        <UnitTestResult executionId="b5eb1bef-bf80-42c0-9675-e7436211589d" parentExecutionId="ab13f8b1-c836-4c8d-ac9a-63ea5ada338d" testId="8fe5ccb3-a3f4-0f61-ad21-e94ef029e900" testName="all_persons_modal_can_may" computerName="ARPAN-LAP" duration="00:00:00.0185874" startTime="2014-06-25T20:13:08.3894938+05:30" endTime="2014-06-25T20:13:08.4074948+05:30" testType="13cdc9d9-ddb5-4fa4-a97d-d965ccfc6d4b" outcome="Passed" testListId="8c84fa94-04c1-424b-9868-57a2d4851a1d" relativeResultsDirectory="ab13f8b1-c836-4c8d-ac9a-63ea5ada338d" dataRowInfo="8" resultType="DataDrivenDataRow" />
        <UnitTestResult executionId="c9352136-dc88-450b-a9a8-fb8e7698e255" parentExecutionId="ab13f8b1-c836-4c8d-ac9a-63ea5ada338d" testId="8fe5ccb3-a3f4-0f61-ad21-e94ef029e900" testName="all_persons_modal_can_may" computerName="ARPAN-LAP" duration="00:00:00.0177636" startTime="2014-06-25T20:13:08.4074948+05:30" endTime="2014-06-25T20:13:08.4254958+05:30" testType="13cdc9d9-ddb5-4fa4-a97d-d965ccfc6d4b" outcome="Passed" testListId="8c84fa94-04c1-424b-9868-57a2d4851a1d" relativeResultsDirectory="ab13f8b1-c836-4c8d-ac9a-63ea5ada338d" dataRowInfo="9" resultType="DataDrivenDataRow" />
        <UnitTestResult executionId="a9ac3369-92a4-4aea-ae62-66c76df588aa" parentExecutionId="ab13f8b1-c836-4c8d-ac9a-63ea5ada338d" testId="8fe5ccb3-a3f4-0f61-ad21-e94ef029e900" testName="all_persons_modal_can_may" computerName="ARPAN-LAP" duration="00:00:00.0175039" startTime="2014-06-25T20:13:08.4254958+05:30" endTime="2014-06-25T20:13:08.4434968+05:30" testType="13cdc9d9-ddb5-4fa4-a97d-d965ccfc6d4b" outcome="Passed" testListId="8c84fa94-04c1-424b-9868-57a2d4851a1d" relativeResultsDirectory="ab13f8b1-c836-4c8d-ac9a-63ea5ada338d" dataRowInfo="10" resultType="DataDrivenDataRow" />
        <UnitTestResult executionId="852ddc0d-2333-43d8-83e4-3b2cd728be99" parentExecutionId="ab13f8b1-c836-4c8d-ac9a-63ea5ada338d" testId="8fe5ccb3-a3f4-0f61-ad21-e94ef029e900" testName="all_persons_modal_can_may" computerName="ARPAN-LAP" duration="00:00:00.0207026" startTime="2014-06-25T20:13:08.4434968+05:30" endTime="2014-06-25T20:13:08.4634980+05:30" testType="13cdc9d9-ddb5-4fa4-a97d-d965ccfc6d4b" outcome="Passed" testListId="8c84fa94-04c1-424b-9868-57a2d4851a1d" relativeResultsDirectory="ab13f8b1-c836-4c8d-ac9a-63ea5ada338d" dataRowInfo="11" resultType="DataDrivenDataRow" />
        <UnitTestResult executionId="596383ee-d249-48bc-bb16-7efaf1405f32" parentExecutionId="ab13f8b1-c836-4c8d-ac9a-63ea5ada338d" testId="8fe5ccb3-a3f4-0f61-ad21-e94ef029e900" testName="all_persons_modal_can_may" computerName="ARPAN-LAP" duration="00:00:00.0227644" startTime="2014-06-25T20:13:08.4634980+05:30" endTime="2014-06-25T20:13:08.4864993+05:30" testType="13cdc9d9-ddb5-4fa4-a97d-d965ccfc6d4b" outcome="Passed" testListId="8c84fa94-04c1-424b-9868-57a2d4851a1d" relativeResultsDirectory="ab13f8b1-c836-4c8d-ac9a-63ea5ada338d" dataRowInfo="12" resultType="DataDrivenDataRow" />
        <UnitTestResult executionId="b461157e-19d2-4e69-b204-0d670a651bb0" parentExecutionId="ab13f8b1-c836-4c8d-ac9a-63ea5ada338d" testId="8fe5ccb3-a3f4-0f61-ad21-e94ef029e900" testName="all_persons_modal_can_may" computerName="ARPAN-LAP" duration="00:00:00.0241343" startTime="2014-06-25T20:13:08.4864993+05:30" endTime="2014-06-25T20:13:08.5105007+05:30" testType="13cdc9d9-ddb5-4fa4-a97d-d965ccfc6d4b" outcome="Passed" testListId="8c84fa94-04c1-424b-9868-57a2d4851a1d" relativeResultsDirectory="ab13f8b1-c836-4c8d-ac9a-63ea5ada338d" dataRowInfo="13" resultType="DataDrivenDataRow" />
        <UnitTestResult executionId="fe8ce89e-f1ad-471f-a224-ac0daff111c3" parentExecutionId="ab13f8b1-c836-4c8d-ac9a-63ea5ada338d" testId="8fe5ccb3-a3f4-0f61-ad21-e94ef029e900" testName="all_persons_modal_can_may" computerName="ARPAN-LAP" duration="00:00:00.0233624" startTime="2014-06-25T20:13:08.5105007+05:30" endTime="2014-06-25T20:13:08.5345021+05:30" testType="13cdc9d9-ddb5-4fa4-a97d-d965ccfc6d4b" outcome="Passed" testListId="8c84fa94-04c1-424b-9868-57a2d4851a1d" relativeResultsDirectory="ab13f8b1-c836-4c8d-ac9a-63ea5ada338d" dataRowInfo="14" resultType="DataDrivenDataRow" />
        <UnitTestResult executionId="8833a55c-8c43-4780-8dfd-85c31b09825c" parentExecutionId="ab13f8b1-c836-4c8d-ac9a-63ea5ada338d" testId="8fe5ccb3-a3f4-0f61-ad21-e94ef029e900" testName="all_persons_modal_can_may" computerName="ARPAN-LAP" duration="00:00:00.0230785" startTime="2014-06-25T20:13:08.5345021+05:30" endTime="2014-06-25T20:13:08.5575034+05:30" testType="13cdc9d9-ddb5-4fa4-a97d-d965ccfc6d4b" outcome="Passed" testListId="8c84fa94-04c1-424b-9868-57a2d4851a1d" relativeResultsDirectory="ab13f8b1-c836-4c8d-ac9a-63ea5ada338d" dataRowInfo="15" resultType="DataDrivenDataRow" />
        <UnitTestResult executionId="02c45512-432f-4d68-8e29-f59ebb9a119e" parentExecutionId="ab13f8b1-c836-4c8d-ac9a-63ea5ada338d" testId="8fe5ccb3-a3f4-0f61-ad21-e94ef029e900" testName="all_persons_modal_can_may" computerName="ARPAN-LAP" duration="00:00:00.0190997" startTime="2014-06-25T20:13:08.5575034+05:30" endTime="2014-06-25T20:13:08.5765045+05:30" testType="13cdc9d9-ddb5-4fa4-a97d-d965ccfc6d4b" outcome="Passed" testListId="8c84fa94-04c1-424b-9868-57a2d4851a1d" relativeResultsDirectory="ab13f8b1-c836-4c8d-ac9a-63ea5ada338d" dataRowInfo="16" resultType="DataDrivenDataRow" />
        <UnitTestResult executionId="34e2b1e8-a8c1-47b1-9d6e-faa227ceedee" parentExecutionId="ab13f8b1-c836-4c8d-ac9a-63ea5ada338d" testId="8fe5ccb3-a3f4-0f61-ad21-e94ef029e900" testName="all_persons_modal_can_may" computerName="ARPAN-LAP" duration="00:00:00.0175024" startTime="2014-06-25T20:13:08.5765045+05:30" endTime="2014-06-25T20:13:08.5945055+05:30" testType="13cdc9d9-ddb5-4fa4-a97d-d965ccfc6d4b" outcome="Passed" testListId="8c84fa94-04c1-424b-9868-57a2d4851a1d" relativeResultsDirectory="ab13f8b1-c836-4c8d-ac9a-63ea5ada338d" dataRowInfo="17" resultType="DataDrivenDataRow" />
        <UnitTestResult executionId="21c98358-d366-42bb-aba9-8f7df2b9e9fe" parentExecutionId="ab13f8b1-c836-4c8d-ac9a-63ea5ada338d" testId="8fe5ccb3-a3f4-0f61-ad21-e94ef029e900" testName="all_persons_modal_can_may" computerName="ARPAN-LAP" duration="00:00:00.0176985" startTime="2014-06-25T20:13:08.5945055+05:30" endTime="2014-06-25T20:13:08.6115065+05:30" testType="13cdc9d9-ddb5-4fa4-a97d-d965ccfc6d4b" outcome="Passed" testListId="8c84fa94-04c1-424b-9868-57a2d4851a1d" relativeResultsDirectory="ab13f8b1-c836-4c8d-ac9a-63ea5ada338d" dataRowInfo="18" resultType="DataDrivenDataRow" />
        <UnitTestResult executionId="833c9bca-feb8-4e7f-9bbd-d2b71ffeb9fb" parentExecutionId="ab13f8b1-c836-4c8d-ac9a-63ea5ada338d" testId="8fe5ccb3-a3f4-0f61-ad21-e94ef029e900" testName="all_persons_modal_can_may" computerName="ARPAN-LAP" duration="00:00:00.0193512" startTime="2014-06-25T20:13:08.6115065+05:30" endTime="2014-06-25T20:13:08.6315076+05:30" testType="13cdc9d9-ddb5-4fa4-a97d-d965ccfc6d4b" outcome="Passed" testListId="8c84fa94-04c1-424b-9868-57a2d4851a1d" relativeResultsDirectory="ab13f8b1-c836-4c8d-ac9a-63ea5ada338d" dataRowInfo="19" resultType="DataDrivenDataRow" />
        <UnitTestResult executionId="9304a5a1-372f-4c41-ad09-f55cf364d3eb" parentExecutionId="ab13f8b1-c836-4c8d-ac9a-63ea5ada338d" testId="8fe5ccb3-a3f4-0f61-ad21-e94ef029e900" testName="all_persons_modal_can_may" computerName="ARPAN-LAP" duration="00:00:00.0238833" startTime="2014-06-25T20:13:08.6315076+05:30" endTime="2014-06-25T20:13:08.6555090+05:30" testType="13cdc9d9-ddb5-4fa4-a97d-d965ccfc6d4b" outcome="Passed" testListId="8c84fa94-04c1-424b-9868-57a2d4851a1d" relativeResultsDirectory="ab13f8b1-c836-4c8d-ac9a-63ea5ada338d" dataRowInfo="20" resultType="DataDrivenDataRow" />
        <UnitTestResult executionId="5d1ea571-1a3d-4166-a9f4-6575a224eacc" parentExecutionId="ab13f8b1-c836-4c8d-ac9a-63ea5ada338d" testId="8fe5ccb3-a3f4-0f61-ad21-e94ef029e900" testName="all_persons_modal_can_may" computerName="ARPAN-LAP" duration="00:00:00.0234086" startTime="2014-06-25T20:13:08.6555090+05:30" endTime="2014-06-25T20:13:08.6785103+05:30" testType="13cdc9d9-ddb5-4fa4-a97d-d965ccfc6d4b" outcome="Passed" testListId="8c84fa94-04c1-424b-9868-57a2d4851a1d" relativeResultsDirectory="ab13f8b1-c836-4c8d-ac9a-63ea5ada338d" dataRowInfo="21" resultType="DataDrivenDataRow" />
        <UnitTestResult executionId="f4a9dfec-5acb-4aa9-98b4-80ebb459d063" parentExecutionId="ab13f8b1-c836-4c8d-ac9a-63ea5ada338d" testId="8fe5ccb3-a3f4-0f61-ad21-e94ef029e900" testName="all_persons_modal_can_may" computerName="ARPAN-LAP" duration="00:00:00.0226869" startTime="2014-06-25T20:13:08.6785103+05:30" endTime="2014-06-25T20:13:08.7015116+05:30" testType="13cdc9d9-ddb5-4fa4-a97d-d965ccfc6d4b" outcome="Passed" testListId="8c84fa94-04c1-424b-9868-57a2d4851a1d" relativeResultsDirectory="ab13f8b1-c836-4c8d-ac9a-63ea5ada338d" dataRowInfo="22" resultType="DataDrivenDataRow" />
        <UnitTestResult executionId="04c9f462-dea1-4eec-bc63-9dec6869c6c0" parentExecutionId="ab13f8b1-c836-4c8d-ac9a-63ea5ada338d" testId="8fe5ccb3-a3f4-0f61-ad21-e94ef029e900" testName="all_persons_modal_can_may" computerName="ARPAN-LAP" duration="00:00:00.0223748" startTime="2014-06-25T20:13:08.7015116+05:30" endTime="2014-06-25T20:13:08.7235129+05:30" testType="13cdc9d9-ddb5-4fa4-a97d-d965ccfc6d4b" outcome="Passed" testListId="8c84fa94-04c1-424b-9868-57a2d4851a1d" relativeResultsDirectory="ab13f8b1-c836-4c8d-ac9a-63ea5ada338d" dataRowInfo="23" resultType="DataDrivenDataRow" />
        <UnitTestResult executionId="43d66d20-be5f-4312-8f76-d6a0748fe6f5" parentExecutionId="ab13f8b1-c836-4c8d-ac9a-63ea5ada338d" testId="8fe5ccb3-a3f4-0f61-ad21-e94ef029e900" testName="all_persons_modal_can_may" computerName="ARPAN-LAP" duration="00:00:00.0211918" startTime="2014-06-25T20:13:08.7235129+05:30" endTime="2014-06-25T20:13:08.7455141+05:30" testType="13cdc9d9-ddb5-4fa4-a97d-d965ccfc6d4b" outcome="Passed" testListId="8c84fa94-04c1-424b-9868-57a2d4851a1d" relativeResultsDirectory="ab13f8b1-c836-4c8d-ac9a-63ea5ada338d" dataRowInfo="24" resultType="DataDrivenDataRow" />
        <UnitTestResult executionId="2fe04b18-9c42-4bd8-badd-e7f031459780" parentExecutionId="ab13f8b1-c836-4c8d-ac9a-63ea5ada338d" testId="8fe5ccb3-a3f4-0f61-ad21-e94ef029e900" testName="all_persons_modal_can_may" computerName="ARPAN-LAP" duration="00:00:00.0221444" startTime="2014-06-25T20:13:08.7455141+05:30" endTime="2014-06-25T20:13:08.7675154+05:30" testType="13cdc9d9-ddb5-4fa4-a97d-d965ccfc6d4b" outcome="Passed" testListId="8c84fa94-04c1-424b-9868-57a2d4851a1d" relativeResultsDirectory="ab13f8b1-c836-4c8d-ac9a-63ea5ada338d" dataRowInfo="25" resultType="DataDrivenDataRow" />
        <UnitTestResult executionId="f5f92e99-c0df-4344-beb1-09fe13005db0" parentExecutionId="ab13f8b1-c836-4c8d-ac9a-63ea5ada338d" testId="8fe5ccb3-a3f4-0f61-ad21-e94ef029e900" testName="all_persons_modal_can_may" computerName="ARPAN-LAP" duration="00:00:00.0251737" startTime="2014-06-25T20:13:08.7675154+05:30" endTime="2014-06-25T20:13:08.7925168+05:30" testType="13cdc9d9-ddb5-4fa4-a97d-d965ccfc6d4b" outcome="Passed" testListId="8c84fa94-04c1-424b-9868-57a2d4851a1d" relativeResultsDirectory="ab13f8b1-c836-4c8d-ac9a-63ea5ada338d" dataRowInfo="26" resultType="DataDrivenDataRow" />
        <UnitTestResult executionId="1c4293a1-bccd-4fc4-b1c3-e20b47802657" parentExecutionId="ab13f8b1-c836-4c8d-ac9a-63ea5ada338d" testId="8fe5ccb3-a3f4-0f61-ad21-e94ef029e900" testName="all_persons_modal_can_may" computerName="ARPAN-LAP" duration="00:00:00.0290432" startTime="2014-06-25T20:13:08.7925168+05:30" endTime="2014-06-25T20:13:08.8215185+05:30" testType="13cdc9d9-ddb5-4fa4-a97d-d965ccfc6d4b" outcome="Passed" testListId="8c84fa94-04c1-424b-9868-57a2d4851a1d" relativeResultsDirectory="ab13f8b1-c836-4c8d-ac9a-63ea5ada338d" dataRowInfo="27" resultType="DataDrivenDataRow" />
        <UnitTestResult executionId="924e8c8e-feac-44f5-afac-78f1131e6991" parentExecutionId="ab13f8b1-c836-4c8d-ac9a-63ea5ada338d" testId="8fe5ccb3-a3f4-0f61-ad21-e94ef029e900" testName="all_persons_modal_can_may" computerName="ARPAN-LAP" duration="00:00:00.0321074" startTime="2014-06-25T20:13:08.8215185+05:30" endTime="2014-06-25T20:13:08.8535203+05:30" testType="13cdc9d9-ddb5-4fa4-a97d-d965ccfc6d4b" outcome="Passed" testListId="8c84fa94-04c1-424b-9868-57a2d4851a1d" relativeResultsDirectory="ab13f8b1-c836-4c8d-ac9a-63ea5ada338d" dataRowInfo="28" resultType="DataDrivenDataRow" />
      </InnerResults>
    </UnitTestResult>
    <UnitTestResult executionId="8c0a2d51-5dd9-40d3-a5a2-a6e4fdac698b" testId="921e6ab0-d7c2-6005-e523-6fd2d5e1a723" testName="first_person_tenses_active" computerName="ARPAN-LAP" duration="00:00:00.2416121" startTime="2014-06-25T20:13:08.9365250+05:30" endTime="2014-06-25T20:13:09.2255416+05:30" testType="13cdc9d9-ddb5-4fa4-a97d-d965ccfc6d4b" outcome="Passed" testListId="8c84fa94-04c1-424b-9868-57a2d4851a1d" relativeResultsDirectory="8c0a2d51-5dd9-40d3-a5a2-a6e4fdac698b" resultType="DataDrivenTest">
      <Counters error="0" failed="0" timeout="0" aborted="0" inconclusive="0" passedButRunAborted="0" notRunnable="0" notExecuted="0" disconnected="0" warning="0" passed="10" completed="0" inProgress="0" pending="0" />
      <InnerResults>
        <UnitTestResult executionId="24155444-80d2-4e65-86fe-ae182848abc2" parentExecutionId="8c0a2d51-5dd9-40d3-a5a2-a6e4fdac698b" testId="921e6ab0-d7c2-6005-e523-6fd2d5e1a723" testName="first_person_tenses_active" computerName="ARPAN-LAP" duration="00:00:00.0202181" startTime="2014-06-25T20:13:08.9495258+05:30" endTime="2014-06-25T20:13:08.9695269+05:30" testType="13cdc9d9-ddb5-4fa4-a97d-d965ccfc6d4b" outcome="Passed" testListId="8c84fa94-04c1-424b-9868-57a2d4851a1d" relativeResultsDirectory="8c0a2d51-5dd9-40d3-a5a2-a6e4fdac698b" dataRowInfo="0" resultType="DataDrivenDataRow" />
        <UnitTestResult executionId="2c07407c-da0d-4b59-8ab9-efdd10a33e38" parentExecutionId="8c0a2d51-5dd9-40d3-a5a2-a6e4fdac698b" testId="921e6ab0-d7c2-6005-e523-6fd2d5e1a723" testName="first_person_tenses_active" computerName="ARPAN-LAP" duration="00:00:00.0223810" startTime="2014-06-25T20:13:08.9695269+05:30" endTime="2014-06-25T20:13:08.9915282+05:30" testType="13cdc9d9-ddb5-4fa4-a97d-d965ccfc6d4b" outcome="Passed" testListId="8c84fa94-04c1-424b-9868-57a2d4851a1d" relativeResultsDirectory="8c0a2d51-5dd9-40d3-a5a2-a6e4fdac698b" dataRowInfo="1" resultType="DataDrivenDataRow" />
        <UnitTestResult executionId="7cf04bd7-71d1-4aef-988f-72f5571629c5" parentExecutionId="8c0a2d51-5dd9-40d3-a5a2-a6e4fdac698b" testId="921e6ab0-d7c2-6005-e523-6fd2d5e1a723" testName="first_person_tenses_active" computerName="ARPAN-LAP" duration="00:00:00.0231704" startTime="2014-06-25T20:13:08.9915282+05:30" endTime="2014-06-25T20:13:09.0145295+05:30" testType="13cdc9d9-ddb5-4fa4-a97d-d965ccfc6d4b" outcome="Passed" testListId="8c84fa94-04c1-424b-9868-57a2d4851a1d" relativeResultsDirectory="8c0a2d51-5dd9-40d3-a5a2-a6e4fdac698b" dataRowInfo="2" resultType="DataDrivenDataRow" />
        <UnitTestResult executionId="0d056d54-83dd-46a0-a4a8-28d7f1f8a54f" parentExecutionId="8c0a2d51-5dd9-40d3-a5a2-a6e4fdac698b" testId="921e6ab0-d7c2-6005-e523-6fd2d5e1a723" testName="first_person_tenses_active" computerName="ARPAN-LAP" duration="00:00:00.0277960" startTime="2014-06-25T20:13:09.0145295+05:30" endTime="2014-06-25T20:13:09.0425311+05:30" testType="13cdc9d9-ddb5-4fa4-a97d-d965ccfc6d4b" outcome="Passed" testListId="8c84fa94-04c1-424b-9868-57a2d4851a1d" relativeResultsDirectory="8c0a2d51-5dd9-40d3-a5a2-a6e4fdac698b" dataRowInfo="3" resultType="DataDrivenDataRow" />
        <UnitTestResult executionId="03a95a49-a776-4d6e-824f-20607d80ba93" parentExecutionId="8c0a2d51-5dd9-40d3-a5a2-a6e4fdac698b" testId="921e6ab0-d7c2-6005-e523-6fd2d5e1a723" testName="first_person_tenses_active" computerName="ARPAN-LAP" duration="00:00:00.0192778" startTime="2014-06-25T20:13:09.0425311+05:30" endTime="2014-06-25T20:13:09.0625323+05:30" testType="13cdc9d9-ddb5-4fa4-a97d-d965ccfc6d4b" outcome="Passed" testListId="8c84fa94-04c1-424b-9868-57a2d4851a1d" relativeResultsDirectory="8c0a2d51-5dd9-40d3-a5a2-a6e4fdac698b" dataRowInfo="4" resultType="DataDrivenDataRow" />
        <UnitTestResult executionId="0b99f69e-cadb-4a6c-b5c9-7b36bf861369" parentExecutionId="8c0a2d51-5dd9-40d3-a5a2-a6e4fdac698b" testId="921e6ab0-d7c2-6005-e523-6fd2d5e1a723" testName="first_person_tenses_active" computerName="ARPAN-LAP" duration="00:00:00.0241703" startTime="2014-06-25T20:13:09.0625323+05:30" endTime="2014-06-25T20:13:09.0865336+05:30" testType="13cdc9d9-ddb5-4fa4-a97d-d965ccfc6d4b" outcome="Passed" testListId="8c84fa94-04c1-424b-9868-57a2d4851a1d" relativeResultsDirectory="8c0a2d51-5dd9-40d3-a5a2-a6e4fdac698b" dataRowInfo="5" resultType="DataDrivenDataRow" />
        <UnitTestResult executionId="23115d65-cfab-4120-8589-e2755a293bda" parentExecutionId="8c0a2d51-5dd9-40d3-a5a2-a6e4fdac698b" testId="921e6ab0-d7c2-6005-e523-6fd2d5e1a723" testName="first_person_tenses_active" computerName="ARPAN-LAP" duration="00:00:00.0231463" startTime="2014-06-25T20:13:09.0865336+05:30" endTime="2014-06-25T20:13:09.1095349+05:30" testType="13cdc9d9-ddb5-4fa4-a97d-d965ccfc6d4b" outcome="Passed" testListId="8c84fa94-04c1-424b-9868-57a2d4851a1d" relativeResultsDirectory="8c0a2d51-5dd9-40d3-a5a2-a6e4fdac698b" dataRowInfo="6" resultType="DataDrivenDataRow" />
        <UnitTestResult executionId="dd908085-c79d-4ff3-8b8a-05c6c63c9617" parentExecutionId="8c0a2d51-5dd9-40d3-a5a2-a6e4fdac698b" testId="921e6ab0-d7c2-6005-e523-6fd2d5e1a723" testName="first_person_tenses_active" computerName="ARPAN-LAP" duration="00:00:00.0291007" startTime="2014-06-25T20:13:09.1095349+05:30" endTime="2014-06-25T20:13:09.1385366+05:30" testType="13cdc9d9-ddb5-4fa4-a97d-d965ccfc6d4b" outcome="Passed" testListId="8c84fa94-04c1-424b-9868-57a2d4851a1d" relativeResultsDirectory="8c0a2d51-5dd9-40d3-a5a2-a6e4fdac698b" dataRowInfo="7" resultType="DataDrivenDataRow" />
        <UnitTestResult executionId="07b11c7c-d929-4536-8191-8044aff8db8c" parentExecutionId="8c0a2d51-5dd9-40d3-a5a2-a6e4fdac698b" testId="921e6ab0-d7c2-6005-e523-6fd2d5e1a723" testName="first_person_tenses_active" computerName="ARPAN-LAP" duration="00:00:00.0242334" startTime="2014-06-25T20:13:09.1385366+05:30" endTime="2014-06-25T20:13:09.1625380+05:30" testType="13cdc9d9-ddb5-4fa4-a97d-d965ccfc6d4b" outcome="Passed" testListId="8c84fa94-04c1-424b-9868-57a2d4851a1d" relativeResultsDirectory="8c0a2d51-5dd9-40d3-a5a2-a6e4fdac698b" dataRowInfo="8" resultType="DataDrivenDataRow" />
        <UnitTestResult executionId="1dea5f8a-fdf1-4865-880b-79d96ce9ad62" parentExecutionId="8c0a2d51-5dd9-40d3-a5a2-a6e4fdac698b" testId="921e6ab0-d7c2-6005-e523-6fd2d5e1a723" testName="first_person_tenses_active" computerName="ARPAN-LAP" duration="00:00:00.0258117" startTime="2014-06-25T20:13:09.1625380+05:30" endTime="2014-06-25T20:13:09.1885395+05:30" testType="13cdc9d9-ddb5-4fa4-a97d-d965ccfc6d4b" outcome="Passed" testListId="8c84fa94-04c1-424b-9868-57a2d4851a1d" relativeResultsDirectory="8c0a2d51-5dd9-40d3-a5a2-a6e4fdac698b" dataRowInfo="9" resultType="DataDrivenDataRow" />
      </InnerResults>
    </UnitTestResult>
    <UnitTestResult executionId="fe57934c-a9c8-49e4-889c-69161687e0f9" testId="9319d01e-de3e-d310-c76e-cae8dce4c924" testName="all_persons_modal_should_negation" computerName="ARPAN-LAP" duration="00:00:00.5053831" startTime="2014-06-25T20:13:09.2385423+05:30" endTime="2014-06-25T20:13:09.8015745+05:30" testType="13cdc9d9-ddb5-4fa4-a97d-d965ccfc6d4b" outcome="Passed" testListId="8c84fa94-04c1-424b-9868-57a2d4851a1d" relativeResultsDirectory="fe57934c-a9c8-49e4-889c-69161687e0f9" resultType="DataDrivenTest">
      <Counters error="0" failed="0" timeout="0" aborted="0" inconclusive="0" passedButRunAborted="0" notRunnable="0" notExecuted="0" disconnected="0" warning="0" passed="17" completed="0" inProgress="0" pending="0" />
      <InnerResults>
        <UnitTestResult executionId="1d08ca81-5e9d-4499-a824-5d99cc4045cf" parentExecutionId="fe57934c-a9c8-49e4-889c-69161687e0f9" testId="9319d01e-de3e-d310-c76e-cae8dce4c924" testName="all_persons_modal_should_negation" computerName="ARPAN-LAP" duration="00:00:00.0350628" startTime="2014-06-25T20:13:09.2495430+05:30" endTime="2014-06-25T20:13:09.2845450+05:30" testType="13cdc9d9-ddb5-4fa4-a97d-d965ccfc6d4b" outcome="Passed" testListId="8c84fa94-04c1-424b-9868-57a2d4851a1d" relativeResultsDirectory="fe57934c-a9c8-49e4-889c-69161687e0f9" dataRowInfo="0" resultType="DataDrivenDataRow" />
        <UnitTestResult executionId="21dcb48f-912d-410c-b2dd-da2b77fa8c4e" parentExecutionId="fe57934c-a9c8-49e4-889c-69161687e0f9" testId="9319d01e-de3e-d310-c76e-cae8dce4c924" testName="all_persons_modal_should_negation" computerName="ARPAN-LAP" duration="00:00:00.0317379" startTime="2014-06-25T20:13:09.2845450+05:30" endTime="2014-06-25T20:13:09.3165468+05:30" testType="13cdc9d9-ddb5-4fa4-a97d-d965ccfc6d4b" outcome="Passed" testListId="8c84fa94-04c1-424b-9868-57a2d4851a1d" relativeResultsDirectory="fe57934c-a9c8-49e4-889c-69161687e0f9" dataRowInfo="1" resultType="DataDrivenDataRow" />
        <UnitTestResult executionId="3d257d1e-77bb-4fad-b54e-2958de0a48e8" parentExecutionId="fe57934c-a9c8-49e4-889c-69161687e0f9" testId="9319d01e-de3e-d310-c76e-cae8dce4c924" testName="all_persons_modal_should_negation" computerName="ARPAN-LAP" duration="00:00:00.0304059" startTime="2014-06-25T20:13:09.3165468+05:30" endTime="2014-06-25T20:13:09.3465485+05:30" testType="13cdc9d9-ddb5-4fa4-a97d-d965ccfc6d4b" outcome="Passed" testListId="8c84fa94-04c1-424b-9868-57a2d4851a1d" relativeResultsDirectory="fe57934c-a9c8-49e4-889c-69161687e0f9" dataRowInfo="2" resultType="DataDrivenDataRow" />
        <UnitTestResult executionId="4ddd1f82-17e7-4c8d-b7e5-45aabaf438e8" parentExecutionId="fe57934c-a9c8-49e4-889c-69161687e0f9" testId="9319d01e-de3e-d310-c76e-cae8dce4c924" testName="all_persons_modal_should_negation" computerName="ARPAN-LAP" duration="00:00:00.0328347" startTime="2014-06-25T20:13:09.3465485+05:30" endTime="2014-06-25T20:13:09.3795504+05:30" testType="13cdc9d9-ddb5-4fa4-a97d-d965ccfc6d4b" outcome="Passed" testListId="8c84fa94-04c1-424b-9868-57a2d4851a1d" relativeResultsDirectory="fe57934c-a9c8-49e4-889c-69161687e0f9" dataRowInfo="3" resultType="DataDrivenDataRow" />
        <UnitTestResult executionId="a40a053b-683c-434d-ab76-f0c839d9dab3" parentExecutionId="fe57934c-a9c8-49e4-889c-69161687e0f9" testId="9319d01e-de3e-d310-c76e-cae8dce4c924" testName="all_persons_modal_should_negation" computerName="ARPAN-LAP" duration="00:00:00.0207021" startTime="2014-06-25T20:13:09.3795504+05:30" endTime="2014-06-25T20:13:09.4005516+05:30" testType="13cdc9d9-ddb5-4fa4-a97d-d965ccfc6d4b" outcome="Passed" testListId="8c84fa94-04c1-424b-9868-57a2d4851a1d" relativeResultsDirectory="fe57934c-a9c8-49e4-889c-69161687e0f9" dataRowInfo="4" resultType="DataDrivenDataRow" />
        <UnitTestResult executionId="7cbe2f01-9091-4a8c-b56e-b8cc8e506895" parentExecutionId="fe57934c-a9c8-49e4-889c-69161687e0f9" testId="9319d01e-de3e-d310-c76e-cae8dce4c924" testName="all_persons_modal_should_negation" computerName="ARPAN-LAP" duration="00:00:00.0243391" startTime="2014-06-25T20:13:09.4005516+05:30" endTime="2014-06-25T20:13:09.4245530+05:30" testType="13cdc9d9-ddb5-4fa4-a97d-d965ccfc6d4b" outcome="Passed" testListId="8c84fa94-04c1-424b-9868-57a2d4851a1d" relativeResultsDirectory="fe57934c-a9c8-49e4-889c-69161687e0f9" dataRowInfo="5" resultType="DataDrivenDataRow" />
        <UnitTestResult executionId="1e3fd2f5-f26f-4266-9e27-29137e8af16a" parentExecutionId="fe57934c-a9c8-49e4-889c-69161687e0f9" testId="9319d01e-de3e-d310-c76e-cae8dce4c924" testName="all_persons_modal_should_negation" computerName="ARPAN-LAP" duration="00:00:00.0276056" startTime="2014-06-25T20:13:09.4245530+05:30" endTime="2014-06-25T20:13:09.4525546+05:30" testType="13cdc9d9-ddb5-4fa4-a97d-d965ccfc6d4b" outcome="Passed" testListId="8c84fa94-04c1-424b-9868-57a2d4851a1d" relativeResultsDirectory="fe57934c-a9c8-49e4-889c-69161687e0f9" dataRowInfo="6" resultType="DataDrivenDataRow" />
        <UnitTestResult executionId="797bec51-f555-4b40-8bf4-ddf6d062bc3d" parentExecutionId="fe57934c-a9c8-49e4-889c-69161687e0f9" testId="9319d01e-de3e-d310-c76e-cae8dce4c924" testName="all_persons_modal_should_negation" computerName="ARPAN-LAP" duration="00:00:00.0306431" startTime="2014-06-25T20:13:09.4525546+05:30" endTime="2014-06-25T20:13:09.4835563+05:30" testType="13cdc9d9-ddb5-4fa4-a97d-d965ccfc6d4b" outcome="Passed" testListId="8c84fa94-04c1-424b-9868-57a2d4851a1d" relativeResultsDirectory="fe57934c-a9c8-49e4-889c-69161687e0f9" dataRowInfo="7" resultType="DataDrivenDataRow" />
        <UnitTestResult executionId="9bfda771-70b9-4d54-a816-336e16b6a6fa" parentExecutionId="fe57934c-a9c8-49e4-889c-69161687e0f9" testId="9319d01e-de3e-d310-c76e-cae8dce4c924" testName="all_persons_modal_should_negation" computerName="ARPAN-LAP" duration="00:00:00.0211933" startTime="2014-06-25T20:13:09.4835563+05:30" endTime="2014-06-25T20:13:09.5045575+05:30" testType="13cdc9d9-ddb5-4fa4-a97d-d965ccfc6d4b" outcome="Passed" testListId="8c84fa94-04c1-424b-9868-57a2d4851a1d" relativeResultsDirectory="fe57934c-a9c8-49e4-889c-69161687e0f9" dataRowInfo="8" resultType="DataDrivenDataRow" />
        <UnitTestResult executionId="c46e652f-d802-47b3-84fa-638449dc91db" parentExecutionId="fe57934c-a9c8-49e4-889c-69161687e0f9" testId="9319d01e-de3e-d310-c76e-cae8dce4c924" testName="all_persons_modal_should_negation" computerName="ARPAN-LAP" duration="00:00:00.0259123" startTime="2014-06-25T20:13:09.5045575+05:30" endTime="2014-06-25T20:13:09.5305590+05:30" testType="13cdc9d9-ddb5-4fa4-a97d-d965ccfc6d4b" outcome="Passed" testListId="8c84fa94-04c1-424b-9868-57a2d4851a1d" relativeResultsDirectory="fe57934c-a9c8-49e4-889c-69161687e0f9" dataRowInfo="9" resultType="DataDrivenDataRow" />
        <UnitTestResult executionId="9b14e588-260b-403b-98db-32ff7616886c" parentExecutionId="fe57934c-a9c8-49e4-889c-69161687e0f9" testId="9319d01e-de3e-d310-c76e-cae8dce4c924" testName="all_persons_modal_should_negation" computerName="ARPAN-LAP" duration="00:00:00.0307165" startTime="2014-06-25T20:13:09.5305590+05:30" endTime="2014-06-25T20:13:09.5615608+05:30" testType="13cdc9d9-ddb5-4fa4-a97d-d965ccfc6d4b" outcome="Passed" testListId="8c84fa94-04c1-424b-9868-57a2d4851a1d" relativeResultsDirectory="fe57934c-a9c8-49e4-889c-69161687e0f9" dataRowInfo="10" resultType="DataDrivenDataRow" />
        <UnitTestResult executionId="a5d11008-59db-4083-9c52-6ffc6850e259" parentExecutionId="fe57934c-a9c8-49e4-889c-69161687e0f9" testId="9319d01e-de3e-d310-c76e-cae8dce4c924" testName="all_persons_modal_should_negation" computerName="ARPAN-LAP" duration="00:00:00.0414812" startTime="2014-06-25T20:13:09.5615608+05:30" endTime="2014-06-25T20:13:09.6025631+05:30" testType="13cdc9d9-ddb5-4fa4-a97d-d965ccfc6d4b" outcome="Passed" testListId="8c84fa94-04c1-424b-9868-57a2d4851a1d" relativeResultsDirectory="fe57934c-a9c8-49e4-889c-69161687e0f9" dataRowInfo="11" resultType="DataDrivenDataRow" />
        <UnitTestResult executionId="f7d2624b-aa8b-4f8b-aa19-b3782a62f7f8" parentExecutionId="fe57934c-a9c8-49e4-889c-69161687e0f9" testId="9319d01e-de3e-d310-c76e-cae8dce4c924" testName="all_persons_modal_should_negation" computerName="ARPAN-LAP" duration="00:00:00.0369065" startTime="2014-06-25T20:13:09.6025631+05:30" endTime="2014-06-25T20:13:09.6395653+05:30" testType="13cdc9d9-ddb5-4fa4-a97d-d965ccfc6d4b" outcome="Passed" testListId="8c84fa94-04c1-424b-9868-57a2d4851a1d" relativeResultsDirectory="fe57934c-a9c8-49e4-889c-69161687e0f9" dataRowInfo="12" resultType="DataDrivenDataRow" />
        <UnitTestResult executionId="683bff97-2092-4a84-97a2-e2f67089d29d" parentExecutionId="fe57934c-a9c8-49e4-889c-69161687e0f9" testId="9319d01e-de3e-d310-c76e-cae8dce4c924" testName="all_persons_modal_should_negation" computerName="ARPAN-LAP" duration="00:00:00.0281219" startTime="2014-06-25T20:13:09.6395653+05:30" endTime="2014-06-25T20:13:09.6675669+05:30" testType="13cdc9d9-ddb5-4fa4-a97d-d965ccfc6d4b" outcome="Passed" testListId="8c84fa94-04c1-424b-9868-57a2d4851a1d" relativeResultsDirectory="fe57934c-a9c8-49e4-889c-69161687e0f9" dataRowInfo="13" resultType="DataDrivenDataRow" />
        <UnitTestResult executionId="a5e102f6-cc7f-4229-98ab-29e63ed2a8e7" parentExecutionId="fe57934c-a9c8-49e4-889c-69161687e0f9" testId="9319d01e-de3e-d310-c76e-cae8dce4c924" testName="all_persons_modal_should_negation" computerName="ARPAN-LAP" duration="00:00:00.0266180" startTime="2014-06-25T20:13:09.6675669+05:30" endTime="2014-06-25T20:13:09.6945684+05:30" testType="13cdc9d9-ddb5-4fa4-a97d-d965ccfc6d4b" outcome="Passed" testListId="8c84fa94-04c1-424b-9868-57a2d4851a1d" relativeResultsDirectory="fe57934c-a9c8-49e4-889c-69161687e0f9" dataRowInfo="14" resultType="DataDrivenDataRow" />
        <UnitTestResult executionId="52ee986b-5602-477d-8b44-bc37bcd98dae" parentExecutionId="fe57934c-a9c8-49e4-889c-69161687e0f9" testId="9319d01e-de3e-d310-c76e-cae8dce4c924" testName="all_persons_modal_should_negation" computerName="ARPAN-LAP" duration="00:00:00.0254103" startTime="2014-06-25T20:13:09.6945684+05:30" endTime="2014-06-25T20:13:09.7195698+05:30" testType="13cdc9d9-ddb5-4fa4-a97d-d965ccfc6d4b" outcome="Passed" testListId="8c84fa94-04c1-424b-9868-57a2d4851a1d" relativeResultsDirectory="fe57934c-a9c8-49e4-889c-69161687e0f9" dataRowInfo="15" resultType="DataDrivenDataRow" />
        <UnitTestResult executionId="171a7fa3-9418-4ada-a148-34c376a7d8d8" parentExecutionId="fe57934c-a9c8-49e4-889c-69161687e0f9" testId="9319d01e-de3e-d310-c76e-cae8dce4c924" testName="all_persons_modal_should_negation" computerName="ARPAN-LAP" duration="00:00:00.0320412" startTime="2014-06-25T20:13:09.7195698+05:30" endTime="2014-06-25T20:13:09.7525717+05:30" testType="13cdc9d9-ddb5-4fa4-a97d-d965ccfc6d4b" outcome="Passed" testListId="8c84fa94-04c1-424b-9868-57a2d4851a1d" relativeResultsDirectory="fe57934c-a9c8-49e4-889c-69161687e0f9" dataRowInfo="16" resultType="DataDrivenDataRow" />
      </InnerResults>
    </UnitTestResult>
    <UnitTestResult executionId="8f5fca5e-b3b5-4cc0-ba8d-c114e2de9b86" testId="97a1371f-e8e6-db3e-323e-49ffeef32df1" testName="interrogative_sentences_which" computerName="ARPAN-LAP" duration="00:00:00.0520315" startTime="2014-06-25T20:13:09.8035746+05:30" endTime="2014-06-25T20:13:09.8735786+05:30" testType="13cdc9d9-ddb5-4fa4-a97d-d965ccfc6d4b" outcome="Failed" testListId="8c84fa94-04c1-424b-9868-57a2d4851a1d" relativeResultsDirectory="8f5fca5e-b3b5-4cc0-ba8d-c114e2de9b86" resultType="DataDrivenTest">
      <Counters error="0" failed="1" timeout="0" aborted="0" inconclusive="0" passedButRunAborted="0" notRunnable="0" notExecuted="0" disconnected="0" warning="0" passed="1" completed="0" inProgress="0" pending="0" />
      <InnerResults>
        <UnitTestResult executionId="2cb5f6e1-ee28-4c47-89e7-61446c718086" parentExecutionId="8f5fca5e-b3b5-4cc0-ba8d-c114e2de9b86" testId="97a1371f-e8e6-db3e-323e-49ffeef32df1" testName="interrogative_sentences_which" computerName="ARPAN-LAP" duration="00:00:00.0214386" startTime="2014-06-25T20:13:09.8155753+05:30" endTime="2014-06-25T20:13:09.8375766+05:30" testType="13cdc9d9-ddb5-4fa4-a97d-d965ccfc6d4b" outcome="Passed" testListId="8c84fa94-04c1-424b-9868-57a2d4851a1d" relativeResultsDirectory="8f5fca5e-b3b5-4cc0-ba8d-c114e2de9b86" dataRowInfo="0" resultType="DataDrivenDataRow" />
        <UnitTestResult executionId="6b740d87-44ed-42a9-b4be-744b7c07e0a9" parentExecutionId="8f5fca5e-b3b5-4cc0-ba8d-c114e2de9b86" testId="97a1371f-e8e6-db3e-323e-49ffeef32df1" testName="interrogative_sentences_which" computerName="ARPAN-LAP" duration="00:00:00.0276399" startTime="2014-06-25T20:13:09.8375766+05:30" endTime="2014-06-25T20:13:09.8645781+05:30" testType="13cdc9d9-ddb5-4fa4-a97d-d965ccfc6d4b" outcome="Failed" testListId="8c84fa94-04c1-424b-9868-57a2d4851a1d" relativeResultsDirectory="8f5fca5e-b3b5-4cc0-ba8d-c114e2de9b86" dataRowInfo="1" resultType="DataDrivenDataRow">
          <Output>
            <ErrorInfo>
              <Message>Assert.AreEqual failed. Expected:&lt;আপনি কোন খাবার পছন্দ করেন ?&gt;. Actual:&lt;আপনি কি কোন খাবার পছন্দ করেন ?&gt;. Which food do you like?</Message>
              <StackTrace>   at UnitTest.BnlpTest.interrogative_sentences_which() in D:\software\Project\BNLP\UnitTest\BnlpTest.cs:line 328
</StackTrace>
            </ErrorInfo>
          </Output>
        </UnitTestResult>
      </InnerResults>
    </UnitTestResult>
    <UnitTestResult executionId="d62cd716-4e25-4dae-94d3-770bbd69fd26" testId="b9261b51-b0a2-10e2-9308-22bb2624de8b" testName="interrogative_sentences_where" computerName="ARPAN-LAP" duration="00:00:00.0852250" startTime="2014-06-25T20:13:09.8755788+05:30" endTime="2014-06-25T20:13:09.9835849+05:30" testType="13cdc9d9-ddb5-4fa4-a97d-d965ccfc6d4b" outcome="Failed" testListId="8c84fa94-04c1-424b-9868-57a2d4851a1d" relativeResultsDirectory="d62cd716-4e25-4dae-94d3-770bbd69fd26" resultType="DataDrivenTest">
      <Counters error="0" failed="2" timeout="0" aborted="0" inconclusive="0" passedButRunAborted="0" notRunnable="0" notExecuted="0" disconnected="0" warning="0" passed="1" completed="0" inProgress="0" pending="0" />
      <InnerResults>
        <UnitTestResult executionId="fa865319-4a16-4973-9b09-c0d1e6fb4cab" parentExecutionId="d62cd716-4e25-4dae-94d3-770bbd69fd26" testId="b9261b51-b0a2-10e2-9308-22bb2624de8b" testName="interrogative_sentences_where" computerName="ARPAN-LAP" duration="00:00:00.0249663" startTime="2014-06-25T20:13:09.8885795+05:30" endTime="2014-06-25T20:13:09.9135809+05:30" testType="13cdc9d9-ddb5-4fa4-a97d-d965ccfc6d4b" outcome="Passed" testListId="8c84fa94-04c1-424b-9868-57a2d4851a1d" relativeResultsDirectory="d62cd716-4e25-4dae-94d3-770bbd69fd26" dataRowInfo="0" resultType="DataDrivenDataRow" />
        <UnitTestResult executionId="d19693af-09e4-46a1-9703-cf95fabf9b2a" parentExecutionId="d62cd716-4e25-4dae-94d3-770bbd69fd26" testId="b9261b51-b0a2-10e2-9308-22bb2624de8b" testName="interrogative_sentences_where" computerName="ARPAN-LAP" duration="00:00:00.0267089" startTime="2014-06-25T20:13:09.9135809+05:30" endTime="2014-06-25T20:13:09.9405825+05:30" testType="13cdc9d9-ddb5-4fa4-a97d-d965ccfc6d4b" outcome="Failed" testListId="8c84fa94-04c1-424b-9868-57a2d4851a1d" relativeResultsDirectory="d62cd716-4e25-4dae-94d3-770bbd69fd26" dataRowInfo="1" resultType="DataDrivenDataRow">
          <Output>
            <ErrorInfo>
              <Message>Assert.AreEqual failed. Expected:&lt;সে কোথায় বসবাস করে ?&gt;. Actual:&lt;সে কি কোথায় বসবাস করে ?&gt;. Where does she live?</Message>
              <StackTrace>   at UnitTest.BnlpTest.interrogative_sentences_where() in D:\software\Project\BNLP\UnitTest\BnlpTest.cs:line 310
</StackTrace>
            </ErrorInfo>
          </Output>
        </UnitTestResult>
        <UnitTestResult executionId="7fd1f85f-8c69-4f91-9338-2e41cce9b76f" parentExecutionId="d62cd716-4e25-4dae-94d3-770bbd69fd26" testId="b9261b51-b0a2-10e2-9308-22bb2624de8b" testName="interrogative_sentences_where" computerName="ARPAN-LAP" duration="00:00:00.0318287" startTime="2014-06-25T20:13:09.9405825+05:30" endTime="2014-06-25T20:13:09.9725843+05:30" testType="13cdc9d9-ddb5-4fa4-a97d-d965ccfc6d4b" outcome="Failed" testListId="8c84fa94-04c1-424b-9868-57a2d4851a1d" relativeResultsDirectory="d62cd716-4e25-4dae-94d3-770bbd69fd26" dataRowInfo="2" resultType="DataDrivenDataRow">
          <Output>
            <ErrorInfo>
              <Message>Assert.AreEqual failed. Expected:&lt;আপনি আগামী কাল কোথায় যাবেন ?&gt;. Actual:&lt;আপনি কি আগামী কাল কোথায় যাবেন ?&gt;. Where will you go tomorrow?</Message>
              <StackTrace>   at UnitTest.BnlpTest.interrogative_sentences_where() in D:\software\Project\BNLP\UnitTest\BnlpTest.cs:line 310
</StackTrace>
            </ErrorInfo>
          </Output>
        </UnitTestResult>
      </InnerResults>
    </UnitTestResult>
    <UnitTestResult executionId="b04fa820-cfcf-4ade-8451-492d2a38d055" testId="bdfe92b2-f4ac-73a5-f13d-5c1ea13721b4" testName="all_persons_tenses_passive_negation" computerName="ARPAN-LAP" duration="00:00:00.3192454" startTime="2014-06-25T20:13:09.9945856+05:30" endTime="2014-06-25T20:13:10.3536061+05:30" testType="13cdc9d9-ddb5-4fa4-a97d-d965ccfc6d4b" outcome="Passed" testListId="8c84fa94-04c1-424b-9868-57a2d4851a1d" relativeResultsDirectory="b04fa820-cfcf-4ade-8451-492d2a38d055" resultType="DataDrivenTest">
      <Counters error="0" failed="0" timeout="0" aborted="0" inconclusive="0" passedButRunAborted="0" notRunnable="0" notExecuted="0" disconnected="0" warning="0" passed="10" completed="0" inProgress="0" pending="0" />
      <InnerResults>
        <UnitTestResult executionId="9d60da75-6dec-4e57-8426-daed10656f7f" parentExecutionId="b04fa820-cfcf-4ade-8451-492d2a38d055" testId="bdfe92b2-f4ac-73a5-f13d-5c1ea13721b4" testName="all_persons_tenses_passive_negation" computerName="ARPAN-LAP" duration="00:00:00.0237899" startTime="2014-06-25T20:13:10.0055862+05:30" endTime="2014-06-25T20:13:10.0295876+05:30" testType="13cdc9d9-ddb5-4fa4-a97d-d965ccfc6d4b" outcome="Passed" testListId="8c84fa94-04c1-424b-9868-57a2d4851a1d" relativeResultsDirectory="b04fa820-cfcf-4ade-8451-492d2a38d055" dataRowInfo="0" resultType="DataDrivenDataRow" />
        <UnitTestResult executionId="5c563100-6f6e-4911-acf0-cad9eac8df18" parentExecutionId="b04fa820-cfcf-4ade-8451-492d2a38d055" testId="bdfe92b2-f4ac-73a5-f13d-5c1ea13721b4" testName="all_persons_tenses_passive_negation" computerName="ARPAN-LAP" duration="00:00:00.0282774" startTime="2014-06-25T20:13:10.0295876+05:30" endTime="2014-06-25T20:13:10.0575892+05:30" testType="13cdc9d9-ddb5-4fa4-a97d-d965ccfc6d4b" outcome="Passed" testListId="8c84fa94-04c1-424b-9868-57a2d4851a1d" relativeResultsDirectory="b04fa820-cfcf-4ade-8451-492d2a38d055" dataRowInfo="1" resultType="DataDrivenDataRow" />
        <UnitTestResult executionId="3148b1d9-1822-4e26-a13c-4afa7ea1bb19" parentExecutionId="b04fa820-cfcf-4ade-8451-492d2a38d055" testId="bdfe92b2-f4ac-73a5-f13d-5c1ea13721b4" testName="all_persons_tenses_passive_negation" computerName="ARPAN-LAP" duration="00:00:00.0372262" startTime="2014-06-25T20:13:10.0575892+05:30" endTime="2014-06-25T20:13:10.0945913+05:30" testType="13cdc9d9-ddb5-4fa4-a97d-d965ccfc6d4b" outcome="Passed" testListId="8c84fa94-04c1-424b-9868-57a2d4851a1d" relativeResultsDirectory="b04fa820-cfcf-4ade-8451-492d2a38d055" dataRowInfo="2" resultType="DataDrivenDataRow" />
        <UnitTestResult executionId="4271bac3-2164-44ab-be0b-850435156e87" parentExecutionId="b04fa820-cfcf-4ade-8451-492d2a38d055" testId="bdfe92b2-f4ac-73a5-f13d-5c1ea13721b4" testName="all_persons_tenses_passive_negation" computerName="ARPAN-LAP" duration="00:00:00.0479525" startTime="2014-06-25T20:13:10.0945913+05:30" endTime="2014-06-25T20:13:10.1425940+05:30" testType="13cdc9d9-ddb5-4fa4-a97d-d965ccfc6d4b" outcome="Passed" testListId="8c84fa94-04c1-424b-9868-57a2d4851a1d" relativeResultsDirectory="b04fa820-cfcf-4ade-8451-492d2a38d055" dataRowInfo="3" resultType="DataDrivenDataRow" />
        <UnitTestResult executionId="0c17f520-4fc8-4f03-98cd-dbf11f17f979" parentExecutionId="b04fa820-cfcf-4ade-8451-492d2a38d055" testId="bdfe92b2-f4ac-73a5-f13d-5c1ea13721b4" testName="all_persons_tenses_passive_negation" computerName="ARPAN-LAP" duration="00:00:00.0257239" startTime="2014-06-25T20:13:10.1435941+05:30" endTime="2014-06-25T20:13:10.1685955+05:30" testType="13cdc9d9-ddb5-4fa4-a97d-d965ccfc6d4b" outcome="Passed" testListId="8c84fa94-04c1-424b-9868-57a2d4851a1d" relativeResultsDirectory="b04fa820-cfcf-4ade-8451-492d2a38d055" dataRowInfo="4" resultType="DataDrivenDataRow" />
        <UnitTestResult executionId="4aad0a1c-fcf3-435a-8d4b-c96da844b5b7" parentExecutionId="b04fa820-cfcf-4ade-8451-492d2a38d055" testId="bdfe92b2-f4ac-73a5-f13d-5c1ea13721b4" testName="all_persons_tenses_passive_negation" computerName="ARPAN-LAP" duration="00:00:00.0262839" startTime="2014-06-25T20:13:10.1685955+05:30" endTime="2014-06-25T20:13:10.1955971+05:30" testType="13cdc9d9-ddb5-4fa4-a97d-d965ccfc6d4b" outcome="Passed" testListId="8c84fa94-04c1-424b-9868-57a2d4851a1d" relativeResultsDirectory="b04fa820-cfcf-4ade-8451-492d2a38d055" dataRowInfo="5" resultType="DataDrivenDataRow" />
        <UnitTestResult executionId="dc9ce9f5-9391-4df8-89f1-544cb42b8657" parentExecutionId="b04fa820-cfcf-4ade-8451-492d2a38d055" testId="bdfe92b2-f4ac-73a5-f13d-5c1ea13721b4" testName="all_persons_tenses_passive_negation" computerName="ARPAN-LAP" duration="00:00:00.0287496" startTime="2014-06-25T20:13:10.1955971+05:30" endTime="2014-06-25T20:13:10.2235987+05:30" testType="13cdc9d9-ddb5-4fa4-a97d-d965ccfc6d4b" outcome="Passed" testListId="8c84fa94-04c1-424b-9868-57a2d4851a1d" relativeResultsDirectory="b04fa820-cfcf-4ade-8451-492d2a38d055" dataRowInfo="6" resultType="DataDrivenDataRow" />
        <UnitTestResult executionId="b535348f-7606-4c16-994f-ffdad1d235d6" parentExecutionId="b04fa820-cfcf-4ade-8451-492d2a38d055" testId="bdfe92b2-f4ac-73a5-f13d-5c1ea13721b4" testName="all_persons_tenses_passive_negation" computerName="ARPAN-LAP" duration="00:00:00.0334137" startTime="2014-06-25T20:13:10.2235987+05:30" endTime="2014-06-25T20:13:10.2576006+05:30" testType="13cdc9d9-ddb5-4fa4-a97d-d965ccfc6d4b" outcome="Passed" testListId="8c84fa94-04c1-424b-9868-57a2d4851a1d" relativeResultsDirectory="b04fa820-cfcf-4ade-8451-492d2a38d055" dataRowInfo="7" resultType="DataDrivenDataRow" />
        <UnitTestResult executionId="3f6158e9-9497-43cf-896a-9977c66d1608" parentExecutionId="b04fa820-cfcf-4ade-8451-492d2a38d055" testId="bdfe92b2-f4ac-73a5-f13d-5c1ea13721b4" testName="all_persons_tenses_passive_negation" computerName="ARPAN-LAP" duration="00:00:00.0323184" startTime="2014-06-25T20:13:10.2576006+05:30" endTime="2014-06-25T20:13:10.2896024+05:30" testType="13cdc9d9-ddb5-4fa4-a97d-d965ccfc6d4b" outcome="Passed" testListId="8c84fa94-04c1-424b-9868-57a2d4851a1d" relativeResultsDirectory="b04fa820-cfcf-4ade-8451-492d2a38d055" dataRowInfo="8" resultType="DataDrivenDataRow" />
        <UnitTestResult executionId="f92edd89-de8c-4fc5-a26c-f594d6c3a774" parentExecutionId="b04fa820-cfcf-4ade-8451-492d2a38d055" testId="bdfe92b2-f4ac-73a5-f13d-5c1ea13721b4" testName="all_persons_tenses_passive_negation" computerName="ARPAN-LAP" duration="00:00:00.0333105" startTime="2014-06-25T20:13:10.2896024+05:30" endTime="2014-06-25T20:13:10.3236044+05:30" testType="13cdc9d9-ddb5-4fa4-a97d-d965ccfc6d4b" outcome="Passed" testListId="8c84fa94-04c1-424b-9868-57a2d4851a1d" relativeResultsDirectory="b04fa820-cfcf-4ade-8451-492d2a38d055" dataRowInfo="9" resultType="DataDrivenDataRow" />
      </InnerResults>
    </UnitTestResult>
    <UnitTestResult executionId="8e4c045c-4798-45eb-b58b-b19e74344136" testId="c79146bc-2376-961a-5de9-441b5dfc7188" testName="auxiliary_verbs_as_main_verbs" computerName="ARPAN-LAP" duration="00:00:00.6674916" startTime="2014-06-25T20:13:10.3626066+05:30" endTime="2014-06-25T20:13:11.1036490+05:30" testType="13cdc9d9-ddb5-4fa4-a97d-d965ccfc6d4b" outcome="Passed" testListId="8c84fa94-04c1-424b-9868-57a2d4851a1d" relativeResultsDirectory="8e4c045c-4798-45eb-b58b-b19e74344136" resultType="DataDrivenTest">
      <Counters error="0" failed="0" timeout="0" aborted="0" inconclusive="0" passedButRunAborted="0" notRunnable="0" notExecuted="0" disconnected="0" warning="0" passed="25" completed="0" inProgress="0" pending="0" />
      <InnerResults>
        <UnitTestResult executionId="69b4e4d2-41a1-42ec-acf0-7850e0fc8e72" parentExecutionId="8e4c045c-4798-45eb-b58b-b19e74344136" testId="c79146bc-2376-961a-5de9-441b5dfc7188" testName="auxiliary_verbs_as_main_verbs" computerName="ARPAN-LAP" duration="00:00:00.0269650" startTime="2014-06-25T20:13:10.3676069+05:30" endTime="2014-06-25T20:13:10.3956085+05:30" testType="13cdc9d9-ddb5-4fa4-a97d-d965ccfc6d4b" outcome="Passed" testListId="8c84fa94-04c1-424b-9868-57a2d4851a1d" relativeResultsDirectory="8e4c045c-4798-45eb-b58b-b19e74344136" dataRowInfo="0" resultType="DataDrivenDataRow" />
        <UnitTestResult executionId="ba5cd901-b40e-442f-aa4a-a0ac2de33248" parentExecutionId="8e4c045c-4798-45eb-b58b-b19e74344136" testId="c79146bc-2376-961a-5de9-441b5dfc7188" testName="auxiliary_verbs_as_main_verbs" computerName="ARPAN-LAP" duration="00:00:00.0271857" startTime="2014-06-25T20:13:10.3956085+05:30" endTime="2014-06-25T20:13:10.4226100+05:30" testType="13cdc9d9-ddb5-4fa4-a97d-d965ccfc6d4b" outcome="Passed" testListId="8c84fa94-04c1-424b-9868-57a2d4851a1d" relativeResultsDirectory="8e4c045c-4798-45eb-b58b-b19e74344136" dataRowInfo="1" resultType="DataDrivenDataRow" />
        <UnitTestResult executionId="add4230c-8f4e-4fff-8637-2eb493655943" parentExecutionId="8e4c045c-4798-45eb-b58b-b19e74344136" testId="c79146bc-2376-961a-5de9-441b5dfc7188" testName="auxiliary_verbs_as_main_verbs" computerName="ARPAN-LAP" duration="00:00:00.0315562" startTime="2014-06-25T20:13:10.4226100+05:30" endTime="2014-06-25T20:13:10.4536118+05:30" testType="13cdc9d9-ddb5-4fa4-a97d-d965ccfc6d4b" outcome="Passed" testListId="8c84fa94-04c1-424b-9868-57a2d4851a1d" relativeResultsDirectory="8e4c045c-4798-45eb-b58b-b19e74344136" dataRowInfo="2" resultType="DataDrivenDataRow" />
        <UnitTestResult executionId="a0878391-ca9f-4f4f-9570-72acd7d8f095" parentExecutionId="8e4c045c-4798-45eb-b58b-b19e74344136" testId="c79146bc-2376-961a-5de9-441b5dfc7188" testName="auxiliary_verbs_as_main_verbs" computerName="ARPAN-LAP" duration="00:00:00.0335400" startTime="2014-06-25T20:13:10.4536118+05:30" endTime="2014-06-25T20:13:10.4876138+05:30" testType="13cdc9d9-ddb5-4fa4-a97d-d965ccfc6d4b" outcome="Passed" testListId="8c84fa94-04c1-424b-9868-57a2d4851a1d" relativeResultsDirectory="8e4c045c-4798-45eb-b58b-b19e74344136" dataRowInfo="3" resultType="DataDrivenDataRow" />
        <UnitTestResult executionId="c0e2002e-4878-472c-93e7-d07902415638" parentExecutionId="8e4c045c-4798-45eb-b58b-b19e74344136" testId="c79146bc-2376-961a-5de9-441b5dfc7188" testName="auxiliary_verbs_as_main_verbs" computerName="ARPAN-LAP" duration="00:00:00.0328316" startTime="2014-06-25T20:13:10.4876138+05:30" endTime="2014-06-25T20:13:10.5206157+05:30" testType="13cdc9d9-ddb5-4fa4-a97d-d965ccfc6d4b" outcome="Passed" testListId="8c84fa94-04c1-424b-9868-57a2d4851a1d" relativeResultsDirectory="8e4c045c-4798-45eb-b58b-b19e74344136" dataRowInfo="4" resultType="DataDrivenDataRow" />
        <UnitTestResult executionId="85705cf6-829c-484d-aa4e-c56cadd373ed" parentExecutionId="8e4c045c-4798-45eb-b58b-b19e74344136" testId="c79146bc-2376-961a-5de9-441b5dfc7188" testName="auxiliary_verbs_as_main_verbs" computerName="ARPAN-LAP" duration="00:00:00.0283498" startTime="2014-06-25T20:13:10.5206157+05:30" endTime="2014-06-25T20:13:10.5486173+05:30" testType="13cdc9d9-ddb5-4fa4-a97d-d965ccfc6d4b" outcome="Passed" testListId="8c84fa94-04c1-424b-9868-57a2d4851a1d" relativeResultsDirectory="8e4c045c-4798-45eb-b58b-b19e74344136" dataRowInfo="5" resultType="DataDrivenDataRow" />
        <UnitTestResult executionId="4aa579ec-405b-4db1-919d-eae8fa9b7ac2" parentExecutionId="8e4c045c-4798-45eb-b58b-b19e74344136" testId="c79146bc-2376-961a-5de9-441b5dfc7188" testName="auxiliary_verbs_as_main_verbs" computerName="ARPAN-LAP" duration="00:00:00.0278442" startTime="2014-06-25T20:13:10.5486173+05:30" endTime="2014-06-25T20:13:10.5766189+05:30" testType="13cdc9d9-ddb5-4fa4-a97d-d965ccfc6d4b" outcome="Passed" testListId="8c84fa94-04c1-424b-9868-57a2d4851a1d" relativeResultsDirectory="8e4c045c-4798-45eb-b58b-b19e74344136" dataRowInfo="6" resultType="DataDrivenDataRow" />
        <UnitTestResult executionId="a11b003e-52a3-48a2-9f68-691b366a2c83" parentExecutionId="8e4c045c-4798-45eb-b58b-b19e74344136" testId="c79146bc-2376-961a-5de9-441b5dfc7188" testName="auxiliary_verbs_as_main_verbs" computerName="ARPAN-LAP" duration="00:00:00.0305584" startTime="2014-06-25T20:13:10.5766189+05:30" endTime="2014-06-25T20:13:10.6076206+05:30" testType="13cdc9d9-ddb5-4fa4-a97d-d965ccfc6d4b" outcome="Passed" testListId="8c84fa94-04c1-424b-9868-57a2d4851a1d" relativeResultsDirectory="8e4c045c-4798-45eb-b58b-b19e74344136" dataRowInfo="7" resultType="DataDrivenDataRow" />
        <UnitTestResult executionId="9bdb2d51-dd63-4d07-900d-05f31e4a1439" parentExecutionId="8e4c045c-4798-45eb-b58b-b19e74344136" testId="c79146bc-2376-961a-5de9-441b5dfc7188" testName="auxiliary_verbs_as_main_verbs" computerName="ARPAN-LAP" duration="00:00:00.0589708" startTime="2014-06-25T20:13:10.6076206+05:30" endTime="2014-06-25T20:13:10.6666240+05:30" testType="13cdc9d9-ddb5-4fa4-a97d-d965ccfc6d4b" outcome="Passed" testListId="8c84fa94-04c1-424b-9868-57a2d4851a1d" relativeResultsDirectory="8e4c045c-4798-45eb-b58b-b19e74344136" dataRowInfo="8" resultType="DataDrivenDataRow" />
        <UnitTestResult executionId="aa38a317-2ee8-452f-a65c-4d303daffbca" parentExecutionId="8e4c045c-4798-45eb-b58b-b19e74344136" testId="c79146bc-2376-961a-5de9-441b5dfc7188" testName="auxiliary_verbs_as_main_verbs" computerName="ARPAN-LAP" duration="00:00:00.0287830" startTime="2014-06-25T20:13:10.6666240+05:30" endTime="2014-06-25T20:13:10.6956257+05:30" testType="13cdc9d9-ddb5-4fa4-a97d-d965ccfc6d4b" outcome="Passed" testListId="8c84fa94-04c1-424b-9868-57a2d4851a1d" relativeResultsDirectory="8e4c045c-4798-45eb-b58b-b19e74344136" dataRowInfo="9" resultType="DataDrivenDataRow" />
        <UnitTestResult executionId="0c8f0fd0-4663-47c1-9640-f69c42c82466" parentExecutionId="8e4c045c-4798-45eb-b58b-b19e74344136" testId="c79146bc-2376-961a-5de9-441b5dfc7188" testName="auxiliary_verbs_as_main_verbs" computerName="ARPAN-LAP" duration="00:00:00.0193671" startTime="2014-06-25T20:13:10.6956257+05:30" endTime="2014-06-25T20:13:10.7146268+05:30" testType="13cdc9d9-ddb5-4fa4-a97d-d965ccfc6d4b" outcome="Passed" testListId="8c84fa94-04c1-424b-9868-57a2d4851a1d" relativeResultsDirectory="8e4c045c-4798-45eb-b58b-b19e74344136" dataRowInfo="10" resultType="DataDrivenDataRow" />
        <UnitTestResult executionId="20064199-fe23-46eb-bea5-6489d7c2f56d" parentExecutionId="8e4c045c-4798-45eb-b58b-b19e74344136" testId="c79146bc-2376-961a-5de9-441b5dfc7188" testName="auxiliary_verbs_as_main_verbs" computerName="ARPAN-LAP" duration="00:00:00.0248401" startTime="2014-06-25T20:13:10.7146268+05:30" endTime="2014-06-25T20:13:10.7396282+05:30" testType="13cdc9d9-ddb5-4fa4-a97d-d965ccfc6d4b" outcome="Passed" testListId="8c84fa94-04c1-424b-9868-57a2d4851a1d" relativeResultsDirectory="8e4c045c-4798-45eb-b58b-b19e74344136" dataRowInfo="11" resultType="DataDrivenDataRow" />
        <UnitTestResult executionId="38a71481-df7a-467a-adee-c58a76552829" parentExecutionId="8e4c045c-4798-45eb-b58b-b19e74344136" testId="c79146bc-2376-961a-5de9-441b5dfc7188" testName="auxiliary_verbs_as_main_verbs" computerName="ARPAN-LAP" duration="00:00:00.0275440" startTime="2014-06-25T20:13:10.7396282+05:30" endTime="2014-06-25T20:13:10.7666297+05:30" testType="13cdc9d9-ddb5-4fa4-a97d-d965ccfc6d4b" outcome="Passed" testListId="8c84fa94-04c1-424b-9868-57a2d4851a1d" relativeResultsDirectory="8e4c045c-4798-45eb-b58b-b19e74344136" dataRowInfo="12" resultType="DataDrivenDataRow" />
        <UnitTestResult executionId="505874bb-42e6-4fee-b683-33fc88a0a50d" parentExecutionId="8e4c045c-4798-45eb-b58b-b19e74344136" testId="c79146bc-2376-961a-5de9-441b5dfc7188" testName="auxiliary_verbs_as_main_verbs" computerName="ARPAN-LAP" duration="00:00:00.0260940" startTime="2014-06-25T20:13:10.7666297+05:30" endTime="2014-06-25T20:13:10.7936313+05:30" testType="13cdc9d9-ddb5-4fa4-a97d-d965ccfc6d4b" outcome="Passed" testListId="8c84fa94-04c1-424b-9868-57a2d4851a1d" relativeResultsDirectory="8e4c045c-4798-45eb-b58b-b19e74344136" dataRowInfo="13" resultType="DataDrivenDataRow" />
        <UnitTestResult executionId="eece3416-8dbc-4f70-85df-eba16cc7df0e" parentExecutionId="8e4c045c-4798-45eb-b58b-b19e74344136" testId="c79146bc-2376-961a-5de9-441b5dfc7188" testName="auxiliary_verbs_as_main_verbs" computerName="ARPAN-LAP" duration="00:00:00.0195488" startTime="2014-06-25T20:13:10.7936313+05:30" endTime="2014-06-25T20:13:10.8126324+05:30" testType="13cdc9d9-ddb5-4fa4-a97d-d965ccfc6d4b" outcome="Passed" testListId="8c84fa94-04c1-424b-9868-57a2d4851a1d" relativeResultsDirectory="8e4c045c-4798-45eb-b58b-b19e74344136" dataRowInfo="14" resultType="DataDrivenDataRow" />
        <UnitTestResult executionId="919f602d-401a-4afe-b86c-3da1807d0a82" parentExecutionId="8e4c045c-4798-45eb-b58b-b19e74344136" testId="c79146bc-2376-961a-5de9-441b5dfc7188" testName="auxiliary_verbs_as_main_verbs" computerName="ARPAN-LAP" duration="00:00:00.0185223" startTime="2014-06-25T20:13:10.8126324+05:30" endTime="2014-06-25T20:13:10.8316334+05:30" testType="13cdc9d9-ddb5-4fa4-a97d-d965ccfc6d4b" outcome="Passed" testListId="8c84fa94-04c1-424b-9868-57a2d4851a1d" relativeResultsDirectory="8e4c045c-4798-45eb-b58b-b19e74344136" dataRowInfo="15" resultType="DataDrivenDataRow" />
        <UnitTestResult executionId="27bab989-34e6-44fe-aa4e-104cdf7e5284" parentExecutionId="8e4c045c-4798-45eb-b58b-b19e74344136" testId="c79146bc-2376-961a-5de9-441b5dfc7188" testName="auxiliary_verbs_as_main_verbs" computerName="ARPAN-LAP" duration="00:00:00.0265241" startTime="2014-06-25T20:13:10.8316334+05:30" endTime="2014-06-25T20:13:10.8576349+05:30" testType="13cdc9d9-ddb5-4fa4-a97d-d965ccfc6d4b" outcome="Passed" testListId="8c84fa94-04c1-424b-9868-57a2d4851a1d" relativeResultsDirectory="8e4c045c-4798-45eb-b58b-b19e74344136" dataRowInfo="16" resultType="DataDrivenDataRow" />
        <UnitTestResult executionId="918d6cb9-6197-4861-a2c0-fd4a96802942" parentExecutionId="8e4c045c-4798-45eb-b58b-b19e74344136" testId="c79146bc-2376-961a-5de9-441b5dfc7188" testName="auxiliary_verbs_as_main_verbs" computerName="ARPAN-LAP" duration="00:00:00.0194194" startTime="2014-06-25T20:13:10.8576349+05:30" endTime="2014-06-25T20:13:10.8776361+05:30" testType="13cdc9d9-ddb5-4fa4-a97d-d965ccfc6d4b" outcome="Passed" testListId="8c84fa94-04c1-424b-9868-57a2d4851a1d" relativeResultsDirectory="8e4c045c-4798-45eb-b58b-b19e74344136" dataRowInfo="17" resultType="DataDrivenDataRow" />
        <UnitTestResult executionId="0dd1d1c4-a837-4469-8eea-a0064791c58a" parentExecutionId="8e4c045c-4798-45eb-b58b-b19e74344136" testId="c79146bc-2376-961a-5de9-441b5dfc7188" testName="auxiliary_verbs_as_main_verbs" computerName="ARPAN-LAP" duration="00:00:00.0184986" startTime="2014-06-25T20:13:10.8776361+05:30" endTime="2014-06-25T20:13:10.8956371+05:30" testType="13cdc9d9-ddb5-4fa4-a97d-d965ccfc6d4b" outcome="Passed" testListId="8c84fa94-04c1-424b-9868-57a2d4851a1d" relativeResultsDirectory="8e4c045c-4798-45eb-b58b-b19e74344136" dataRowInfo="18" resultType="DataDrivenDataRow" />
        <UnitTestResult executionId="7c8bebc7-3b54-4e02-9cc2-53fd53c0c5c4" parentExecutionId="8e4c045c-4798-45eb-b58b-b19e74344136" testId="c79146bc-2376-961a-5de9-441b5dfc7188" testName="auxiliary_verbs_as_main_verbs" computerName="ARPAN-LAP" duration="00:00:00.0260036" startTime="2014-06-25T20:13:10.8956371+05:30" endTime="2014-06-25T20:13:10.9216386+05:30" testType="13cdc9d9-ddb5-4fa4-a97d-d965ccfc6d4b" outcome="Passed" testListId="8c84fa94-04c1-424b-9868-57a2d4851a1d" relativeResultsDirectory="8e4c045c-4798-45eb-b58b-b19e74344136" dataRowInfo="19" resultType="DataDrivenDataRow" />
        <UnitTestResult executionId="d958e9cf-d698-41c9-b652-6ca160a27bfb" parentExecutionId="8e4c045c-4798-45eb-b58b-b19e74344136" testId="c79146bc-2376-961a-5de9-441b5dfc7188" testName="auxiliary_verbs_as_main_verbs" computerName="ARPAN-LAP" duration="00:00:00.0246353" startTime="2014-06-25T20:13:10.9216386+05:30" endTime="2014-06-25T20:13:10.9466400+05:30" testType="13cdc9d9-ddb5-4fa4-a97d-d965ccfc6d4b" outcome="Passed" testListId="8c84fa94-04c1-424b-9868-57a2d4851a1d" relativeResultsDirectory="8e4c045c-4798-45eb-b58b-b19e74344136" dataRowInfo="20" resultType="DataDrivenDataRow" />
        <UnitTestResult executionId="7060e829-cb95-470e-8260-2d9a73b2b332" parentExecutionId="8e4c045c-4798-45eb-b58b-b19e74344136" testId="c79146bc-2376-961a-5de9-441b5dfc7188" testName="auxiliary_verbs_as_main_verbs" computerName="ARPAN-LAP" duration="00:00:00.0271195" startTime="2014-06-25T20:13:10.9466400+05:30" endTime="2014-06-25T20:13:10.9736416+05:30" testType="13cdc9d9-ddb5-4fa4-a97d-d965ccfc6d4b" outcome="Passed" testListId="8c84fa94-04c1-424b-9868-57a2d4851a1d" relativeResultsDirectory="8e4c045c-4798-45eb-b58b-b19e74344136" dataRowInfo="21" resultType="DataDrivenDataRow" />
        <UnitTestResult executionId="25b2f4a1-709c-4049-989c-6ecef390bcb4" parentExecutionId="8e4c045c-4798-45eb-b58b-b19e74344136" testId="c79146bc-2376-961a-5de9-441b5dfc7188" testName="auxiliary_verbs_as_main_verbs" computerName="ARPAN-LAP" duration="00:00:00.0161638" startTime="2014-06-25T20:13:10.9736416+05:30" endTime="2014-06-25T20:13:10.9896425+05:30" testType="13cdc9d9-ddb5-4fa4-a97d-d965ccfc6d4b" outcome="Passed" testListId="8c84fa94-04c1-424b-9868-57a2d4851a1d" relativeResultsDirectory="8e4c045c-4798-45eb-b58b-b19e74344136" dataRowInfo="22" resultType="DataDrivenDataRow" />
        <UnitTestResult executionId="415194dd-fd70-441d-a1ad-4d7bfd1e13e0" parentExecutionId="8e4c045c-4798-45eb-b58b-b19e74344136" testId="c79146bc-2376-961a-5de9-441b5dfc7188" testName="auxiliary_verbs_as_main_verbs" computerName="ARPAN-LAP" duration="00:00:00.0180352" startTime="2014-06-25T20:13:10.9906425+05:30" endTime="2014-06-25T20:13:11.0086436+05:30" testType="13cdc9d9-ddb5-4fa4-a97d-d965ccfc6d4b" outcome="Passed" testListId="8c84fa94-04c1-424b-9868-57a2d4851a1d" relativeResultsDirectory="8e4c045c-4798-45eb-b58b-b19e74344136" dataRowInfo="23" resultType="DataDrivenDataRow" />
        <UnitTestResult executionId="6c5ad8f0-2636-42a3-a94e-a45358612b70" parentExecutionId="8e4c045c-4798-45eb-b58b-b19e74344136" testId="c79146bc-2376-961a-5de9-441b5dfc7188" testName="auxiliary_verbs_as_main_verbs" computerName="ARPAN-LAP" duration="00:00:00.0254375" startTime="2014-06-25T20:13:11.0086436+05:30" endTime="2014-06-25T20:13:11.0336450+05:30" testType="13cdc9d9-ddb5-4fa4-a97d-d965ccfc6d4b" outcome="Passed" testListId="8c84fa94-04c1-424b-9868-57a2d4851a1d" relativeResultsDirectory="8e4c045c-4798-45eb-b58b-b19e74344136" dataRowInfo="24" resultType="DataDrivenDataRow" />
      </InnerResults>
    </UnitTestResult>
    <UnitTestResult executionId="bb479038-8fc6-48ea-960b-d667d0d70f5d" testId="d03eb628-bf1f-c27d-aeef-e708d613d686" testName="all_persons_modal_can_may_negation" computerName="ARPAN-LAP" duration="00:00:00.6164148" startTime="2014-06-25T20:13:11.1046491+05:30" endTime="2014-06-25T20:13:11.7996888+05:30" testType="13cdc9d9-ddb5-4fa4-a97d-d965ccfc6d4b" outcome="Passed" testListId="8c84fa94-04c1-424b-9868-57a2d4851a1d" relativeResultsDirectory="bb479038-8fc6-48ea-960b-d667d0d70f5d" resultType="DataDrivenTest">
      <Counters error="0" failed="0" timeout="0" aborted="0" inconclusive="0" passedButRunAborted="0" notRunnable="0" notExecuted="0" disconnected="0" warning="0" passed="24" completed="0" inProgress="0" pending="0" />
      <InnerResults>
        <UnitTestResult executionId="f0f52e66-c33c-4f44-955d-40024d1e1bbb" parentExecutionId="bb479038-8fc6-48ea-960b-d667d0d70f5d" testId="d03eb628-bf1f-c27d-aeef-e708d613d686" testName="all_persons_modal_can_may_negation" computerName="ARPAN-LAP" duration="00:00:00.0253615" startTime="2014-06-25T20:13:11.1176498+05:30" endTime="2014-06-25T20:13:11.1426512+05:30" testType="13cdc9d9-ddb5-4fa4-a97d-d965ccfc6d4b" outcome="Passed" testListId="8c84fa94-04c1-424b-9868-57a2d4851a1d" relativeResultsDirectory="bb479038-8fc6-48ea-960b-d667d0d70f5d" dataRowInfo="0" resultType="DataDrivenDataRow" />
        <UnitTestResult executionId="187de942-24e3-4e96-9228-7723ded5025a" parentExecutionId="bb479038-8fc6-48ea-960b-d667d0d70f5d" testId="d03eb628-bf1f-c27d-aeef-e708d613d686" testName="all_persons_modal_can_may_negation" computerName="ARPAN-LAP" duration="00:00:00.0234163" startTime="2014-06-25T20:13:11.1426512+05:30" endTime="2014-06-25T20:13:11.1656525+05:30" testType="13cdc9d9-ddb5-4fa4-a97d-d965ccfc6d4b" outcome="Passed" testListId="8c84fa94-04c1-424b-9868-57a2d4851a1d" relativeResultsDirectory="bb479038-8fc6-48ea-960b-d667d0d70f5d" dataRowInfo="1" resultType="DataDrivenDataRow" />
        <UnitTestResult executionId="b4c3c0a6-66f0-499a-920d-f2041bff486f" parentExecutionId="bb479038-8fc6-48ea-960b-d667d0d70f5d" testId="d03eb628-bf1f-c27d-aeef-e708d613d686" testName="all_persons_modal_can_may_negation" computerName="ARPAN-LAP" duration="00:00:00.0258697" startTime="2014-06-25T20:13:11.1656525+05:30" endTime="2014-06-25T20:13:11.1916540+05:30" testType="13cdc9d9-ddb5-4fa4-a97d-d965ccfc6d4b" outcome="Passed" testListId="8c84fa94-04c1-424b-9868-57a2d4851a1d" relativeResultsDirectory="bb479038-8fc6-48ea-960b-d667d0d70f5d" dataRowInfo="2" resultType="DataDrivenDataRow" />
        <UnitTestResult executionId="5069b6f9-55f9-4af8-abd6-e6a83e5ee879" parentExecutionId="bb479038-8fc6-48ea-960b-d667d0d70f5d" testId="d03eb628-bf1f-c27d-aeef-e708d613d686" testName="all_persons_modal_can_may_negation" computerName="ARPAN-LAP" duration="00:00:00.0226253" startTime="2014-06-25T20:13:11.1916540+05:30" endTime="2014-06-25T20:13:11.2146554+05:30" testType="13cdc9d9-ddb5-4fa4-a97d-d965ccfc6d4b" outcome="Passed" testListId="8c84fa94-04c1-424b-9868-57a2d4851a1d" relativeResultsDirectory="bb479038-8fc6-48ea-960b-d667d0d70f5d" dataRowInfo="3" resultType="DataDrivenDataRow" />
        <UnitTestResult executionId="cff16e94-1b13-4561-82f2-b53a94f92886" parentExecutionId="bb479038-8fc6-48ea-960b-d667d0d70f5d" testId="d03eb628-bf1f-c27d-aeef-e708d613d686" testName="all_persons_modal_can_may_negation" computerName="ARPAN-LAP" duration="00:00:00.0301488" startTime="2014-06-25T20:13:11.2146554+05:30" endTime="2014-06-25T20:13:11.2446571+05:30" testType="13cdc9d9-ddb5-4fa4-a97d-d965ccfc6d4b" outcome="Passed" testListId="8c84fa94-04c1-424b-9868-57a2d4851a1d" relativeResultsDirectory="bb479038-8fc6-48ea-960b-d667d0d70f5d" dataRowInfo="4" resultType="DataDrivenDataRow" />
        <UnitTestResult executionId="429bb126-c9ca-40b9-8986-2f681a633d00" parentExecutionId="bb479038-8fc6-48ea-960b-d667d0d70f5d" testId="d03eb628-bf1f-c27d-aeef-e708d613d686" testName="all_persons_modal_can_may_negation" computerName="ARPAN-LAP" duration="00:00:00.0302597" startTime="2014-06-25T20:13:11.2446571+05:30" endTime="2014-06-25T20:13:11.2756588+05:30" testType="13cdc9d9-ddb5-4fa4-a97d-d965ccfc6d4b" outcome="Passed" testListId="8c84fa94-04c1-424b-9868-57a2d4851a1d" relativeResultsDirectory="bb479038-8fc6-48ea-960b-d667d0d70f5d" dataRowInfo="5" resultType="DataDrivenDataRow" />
        <UnitTestResult executionId="42db4b04-aa18-4d3b-9bd7-dfa352def82e" parentExecutionId="bb479038-8fc6-48ea-960b-d667d0d70f5d" testId="d03eb628-bf1f-c27d-aeef-e708d613d686" testName="all_persons_modal_can_may_negation" computerName="ARPAN-LAP" duration="00:00:00.0332361" startTime="2014-06-25T20:13:11.2756588+05:30" endTime="2014-06-25T20:13:11.3086607+05:30" testType="13cdc9d9-ddb5-4fa4-a97d-d965ccfc6d4b" outcome="Passed" testListId="8c84fa94-04c1-424b-9868-57a2d4851a1d" relativeResultsDirectory="bb479038-8fc6-48ea-960b-d667d0d70f5d" dataRowInfo="6" resultType="DataDrivenDataRow" />
        <UnitTestResult executionId="b3123111-fa8c-441f-aee4-9678e08449df" parentExecutionId="bb479038-8fc6-48ea-960b-d667d0d70f5d" testId="d03eb628-bf1f-c27d-aeef-e708d613d686" testName="all_persons_modal_can_may_negation" computerName="ARPAN-LAP" duration="00:00:00.0342606" startTime="2014-06-25T20:13:11.3086607+05:30" endTime="2014-06-25T20:13:11.3426627+05:30" testType="13cdc9d9-ddb5-4fa4-a97d-d965ccfc6d4b" outcome="Passed" testListId="8c84fa94-04c1-424b-9868-57a2d4851a1d" relativeResultsDirectory="bb479038-8fc6-48ea-960b-d667d0d70f5d" dataRowInfo="7" resultType="DataDrivenDataRow" />
        <UnitTestResult executionId="b2b5e04b-4c03-4207-a4a5-4ca50c5725bf" parentExecutionId="bb479038-8fc6-48ea-960b-d667d0d70f5d" testId="d03eb628-bf1f-c27d-aeef-e708d613d686" testName="all_persons_modal_can_may_negation" computerName="ARPAN-LAP" duration="00:00:00.0189288" startTime="2014-06-25T20:13:11.3426627+05:30" endTime="2014-06-25T20:13:11.3616638+05:30" testType="13cdc9d9-ddb5-4fa4-a97d-d965ccfc6d4b" outcome="Passed" testListId="8c84fa94-04c1-424b-9868-57a2d4851a1d" relativeResultsDirectory="bb479038-8fc6-48ea-960b-d667d0d70f5d" dataRowInfo="8" resultType="DataDrivenDataRow" />
        <UnitTestResult executionId="64e92411-8472-430c-9019-21982efbc0b1" parentExecutionId="bb479038-8fc6-48ea-960b-d667d0d70f5d" testId="d03eb628-bf1f-c27d-aeef-e708d613d686" testName="all_persons_modal_can_may_negation" computerName="ARPAN-LAP" duration="00:00:00.0243468" startTime="2014-06-25T20:13:11.3616638+05:30" endTime="2014-06-25T20:13:11.3866652+05:30" testType="13cdc9d9-ddb5-4fa4-a97d-d965ccfc6d4b" outcome="Passed" testListId="8c84fa94-04c1-424b-9868-57a2d4851a1d" relativeResultsDirectory="bb479038-8fc6-48ea-960b-d667d0d70f5d" dataRowInfo="9" resultType="DataDrivenDataRow" />
        <UnitTestResult executionId="f9f46c21-27e9-4840-80dd-49364af3f4e4" parentExecutionId="bb479038-8fc6-48ea-960b-d667d0d70f5d" testId="d03eb628-bf1f-c27d-aeef-e708d613d686" testName="all_persons_modal_can_may_negation" computerName="ARPAN-LAP" duration="00:00:00.0281363" startTime="2014-06-25T20:13:11.3866652+05:30" endTime="2014-06-25T20:13:11.4146668+05:30" testType="13cdc9d9-ddb5-4fa4-a97d-d965ccfc6d4b" outcome="Passed" testListId="8c84fa94-04c1-424b-9868-57a2d4851a1d" relativeResultsDirectory="bb479038-8fc6-48ea-960b-d667d0d70f5d" dataRowInfo="10" resultType="DataDrivenDataRow" />
        <UnitTestResult executionId="c289d71a-d9b0-4dc9-add3-af3503112b6c" parentExecutionId="bb479038-8fc6-48ea-960b-d667d0d70f5d" testId="d03eb628-bf1f-c27d-aeef-e708d613d686" testName="all_persons_modal_can_may_negation" computerName="ARPAN-LAP" duration="00:00:00.0283955" startTime="2014-06-25T20:13:11.4146668+05:30" endTime="2014-06-25T20:13:11.4426684+05:30" testType="13cdc9d9-ddb5-4fa4-a97d-d965ccfc6d4b" outcome="Passed" testListId="8c84fa94-04c1-424b-9868-57a2d4851a1d" relativeResultsDirectory="bb479038-8fc6-48ea-960b-d667d0d70f5d" dataRowInfo="11" resultType="DataDrivenDataRow" />
        <UnitTestResult executionId="627ea8e7-ea86-49cb-99b6-57f819a4c9d2" parentExecutionId="bb479038-8fc6-48ea-960b-d667d0d70f5d" testId="d03eb628-bf1f-c27d-aeef-e708d613d686" testName="all_persons_modal_can_may_negation" computerName="ARPAN-LAP" duration="00:00:00.0303192" startTime="2014-06-25T20:13:11.4426684+05:30" endTime="2014-06-25T20:13:11.4736702+05:30" testType="13cdc9d9-ddb5-4fa4-a97d-d965ccfc6d4b" outcome="Passed" testListId="8c84fa94-04c1-424b-9868-57a2d4851a1d" relativeResultsDirectory="bb479038-8fc6-48ea-960b-d667d0d70f5d" dataRowInfo="12" resultType="DataDrivenDataRow" />
        <UnitTestResult executionId="f8f196d4-b18f-42e9-8aca-2b85089f9cb1" parentExecutionId="bb479038-8fc6-48ea-960b-d667d0d70f5d" testId="d03eb628-bf1f-c27d-aeef-e708d613d686" testName="all_persons_modal_can_may_negation" computerName="ARPAN-LAP" duration="00:00:00.0270630" startTime="2014-06-25T20:13:11.4736702+05:30" endTime="2014-06-25T20:13:11.5006717+05:30" testType="13cdc9d9-ddb5-4fa4-a97d-d965ccfc6d4b" outcome="Passed" testListId="8c84fa94-04c1-424b-9868-57a2d4851a1d" relativeResultsDirectory="bb479038-8fc6-48ea-960b-d667d0d70f5d" dataRowInfo="13" resultType="DataDrivenDataRow" />
        <UnitTestResult executionId="c37b3770-f11f-48fc-9487-7088c9ff54f7" parentExecutionId="bb479038-8fc6-48ea-960b-d667d0d70f5d" testId="d03eb628-bf1f-c27d-aeef-e708d613d686" testName="all_persons_modal_can_may_negation" computerName="ARPAN-LAP" duration="00:00:00.0250690" startTime="2014-06-25T20:13:11.5006717+05:30" endTime="2014-06-25T20:13:11.5256731+05:30" testType="13cdc9d9-ddb5-4fa4-a97d-d965ccfc6d4b" outcome="Passed" testListId="8c84fa94-04c1-424b-9868-57a2d4851a1d" relativeResultsDirectory="bb479038-8fc6-48ea-960b-d667d0d70f5d" dataRowInfo="14" resultType="DataDrivenDataRow" />
        <UnitTestResult executionId="669724f3-38f8-4b00-bc86-e51d29e1a255" parentExecutionId="bb479038-8fc6-48ea-960b-d667d0d70f5d" testId="d03eb628-bf1f-c27d-aeef-e708d613d686" testName="all_persons_modal_can_may_negation" computerName="ARPAN-LAP" duration="00:00:00.0237473" startTime="2014-06-25T20:13:11.5256731+05:30" endTime="2014-06-25T20:13:11.5496745+05:30" testType="13cdc9d9-ddb5-4fa4-a97d-d965ccfc6d4b" outcome="Passed" testListId="8c84fa94-04c1-424b-9868-57a2d4851a1d" relativeResultsDirectory="bb479038-8fc6-48ea-960b-d667d0d70f5d" dataRowInfo="15" resultType="DataDrivenDataRow" />
        <UnitTestResult executionId="77989a7c-1cf8-433a-a4fa-2804b89cb52e" parentExecutionId="bb479038-8fc6-48ea-960b-d667d0d70f5d" testId="d03eb628-bf1f-c27d-aeef-e708d613d686" testName="all_persons_modal_can_may_negation" computerName="ARPAN-LAP" duration="00:00:00.0193938" startTime="2014-06-25T20:13:11.5496745+05:30" endTime="2014-06-25T20:13:11.5686756+05:30" testType="13cdc9d9-ddb5-4fa4-a97d-d965ccfc6d4b" outcome="Passed" testListId="8c84fa94-04c1-424b-9868-57a2d4851a1d" relativeResultsDirectory="bb479038-8fc6-48ea-960b-d667d0d70f5d" dataRowInfo="16" resultType="DataDrivenDataRow" />
        <UnitTestResult executionId="5ccf9543-a752-49ac-bcfd-bfd032e6f03d" parentExecutionId="bb479038-8fc6-48ea-960b-d667d0d70f5d" testId="d03eb628-bf1f-c27d-aeef-e708d613d686" testName="all_persons_modal_can_may_negation" computerName="ARPAN-LAP" duration="00:00:00.0206241" startTime="2014-06-25T20:13:11.5686756+05:30" endTime="2014-06-25T20:13:11.5896768+05:30" testType="13cdc9d9-ddb5-4fa4-a97d-d965ccfc6d4b" outcome="Passed" testListId="8c84fa94-04c1-424b-9868-57a2d4851a1d" relativeResultsDirectory="bb479038-8fc6-48ea-960b-d667d0d70f5d" dataRowInfo="17" resultType="DataDrivenDataRow" />
        <UnitTestResult executionId="de9999c1-cdcf-4d70-bc11-e2e05682a270" parentExecutionId="bb479038-8fc6-48ea-960b-d667d0d70f5d" testId="d03eb628-bf1f-c27d-aeef-e708d613d686" testName="all_persons_modal_can_may_negation" computerName="ARPAN-LAP" duration="00:00:00.0208617" startTime="2014-06-25T20:13:11.5896768+05:30" endTime="2014-06-25T20:13:11.6106780+05:30" testType="13cdc9d9-ddb5-4fa4-a97d-d965ccfc6d4b" outcome="Passed" testListId="8c84fa94-04c1-424b-9868-57a2d4851a1d" relativeResultsDirectory="bb479038-8fc6-48ea-960b-d667d0d70f5d" dataRowInfo="18" resultType="DataDrivenDataRow" />
        <UnitTestResult executionId="9c94b804-4f27-4d82-a042-731d395be19b" parentExecutionId="bb479038-8fc6-48ea-960b-d667d0d70f5d" testId="d03eb628-bf1f-c27d-aeef-e708d613d686" testName="all_persons_modal_can_may_negation" computerName="ARPAN-LAP" duration="00:00:00.0194441" startTime="2014-06-25T20:13:11.6106780+05:30" endTime="2014-06-25T20:13:11.6296791+05:30" testType="13cdc9d9-ddb5-4fa4-a97d-d965ccfc6d4b" outcome="Passed" testListId="8c84fa94-04c1-424b-9868-57a2d4851a1d" relativeResultsDirectory="bb479038-8fc6-48ea-960b-d667d0d70f5d" dataRowInfo="19" resultType="DataDrivenDataRow" />
        <UnitTestResult executionId="6862f5af-1918-4027-8244-ca97f4f924ca" parentExecutionId="bb479038-8fc6-48ea-960b-d667d0d70f5d" testId="d03eb628-bf1f-c27d-aeef-e708d613d686" testName="all_persons_modal_can_may_negation" computerName="ARPAN-LAP" duration="00:00:00.0224914" startTime="2014-06-25T20:13:11.6296791+05:30" endTime="2014-06-25T20:13:11.6526804+05:30" testType="13cdc9d9-ddb5-4fa4-a97d-d965ccfc6d4b" outcome="Passed" testListId="8c84fa94-04c1-424b-9868-57a2d4851a1d" relativeResultsDirectory="bb479038-8fc6-48ea-960b-d667d0d70f5d" dataRowInfo="20" resultType="DataDrivenDataRow" />
        <UnitTestResult executionId="9e9c5e50-919c-4f53-bc1f-e8e578fc2bac" parentExecutionId="bb479038-8fc6-48ea-960b-d667d0d70f5d" testId="d03eb628-bf1f-c27d-aeef-e708d613d686" testName="all_persons_modal_can_may_negation" computerName="ARPAN-LAP" duration="00:00:00.0259133" startTime="2014-06-25T20:13:11.6526804+05:30" endTime="2014-06-25T20:13:11.6786819+05:30" testType="13cdc9d9-ddb5-4fa4-a97d-d965ccfc6d4b" outcome="Passed" testListId="8c84fa94-04c1-424b-9868-57a2d4851a1d" relativeResultsDirectory="bb479038-8fc6-48ea-960b-d667d0d70f5d" dataRowInfo="21" resultType="DataDrivenDataRow" />
        <UnitTestResult executionId="0e66e2f4-4d39-448f-9e7b-97be92e3431e" parentExecutionId="bb479038-8fc6-48ea-960b-d667d0d70f5d" testId="d03eb628-bf1f-c27d-aeef-e708d613d686" testName="all_persons_modal_can_may_negation" computerName="ARPAN-LAP" duration="00:00:00.0295924" startTime="2014-06-25T20:13:11.6786819+05:30" endTime="2014-06-25T20:13:11.7076836+05:30" testType="13cdc9d9-ddb5-4fa4-a97d-d965ccfc6d4b" outcome="Passed" testListId="8c84fa94-04c1-424b-9868-57a2d4851a1d" relativeResultsDirectory="bb479038-8fc6-48ea-960b-d667d0d70f5d" dataRowInfo="22" resultType="DataDrivenDataRow" />
        <UnitTestResult executionId="05f05d61-8f6a-41d5-8920-2714f902a236" parentExecutionId="bb479038-8fc6-48ea-960b-d667d0d70f5d" testId="d03eb628-bf1f-c27d-aeef-e708d613d686" testName="all_persons_modal_can_may_negation" computerName="ARPAN-LAP" duration="00:00:00.0234671" startTime="2014-06-25T20:13:11.7076836+05:30" endTime="2014-06-25T20:13:11.7316849+05:30" testType="13cdc9d9-ddb5-4fa4-a97d-d965ccfc6d4b" outcome="Passed" testListId="8c84fa94-04c1-424b-9868-57a2d4851a1d" relativeResultsDirectory="bb479038-8fc6-48ea-960b-d667d0d70f5d" dataRowInfo="23" resultType="DataDrivenDataRow" />
      </InnerResults>
    </UnitTestResult>
    <UnitTestResult executionId="bbab634c-2f88-4563-b587-8f45a7cd6b05" testId="d766a059-d96c-7b47-e6a6-34931760df96" testName="all_persons_tenses_passive" computerName="ARPAN-LAP" duration="00:00:00.2770887" startTime="2014-06-25T20:13:11.8006889+05:30" endTime="2014-06-25T20:13:12.1337079+05:30" testType="13cdc9d9-ddb5-4fa4-a97d-d965ccfc6d4b" outcome="Passed" testListId="8c84fa94-04c1-424b-9868-57a2d4851a1d" relativeResultsDirectory="bbab634c-2f88-4563-b587-8f45a7cd6b05" resultType="DataDrivenTest">
      <Counters error="0" failed="0" timeout="0" aborted="0" inconclusive="0" passedButRunAborted="0" notRunnable="0" notExecuted="0" disconnected="0" warning="0" passed="10" completed="0" inProgress="0" pending="0" />
      <InnerResults>
        <UnitTestResult executionId="79c2e4d7-a6e4-4bfe-b0cd-2da8022207c5" parentExecutionId="bbab634c-2f88-4563-b587-8f45a7cd6b05" testId="d766a059-d96c-7b47-e6a6-34931760df96" testName="all_persons_tenses_passive" computerName="ARPAN-LAP" duration="00:00:00.0224960" startTime="2014-06-25T20:13:11.8166898+05:30" endTime="2014-06-25T20:13:11.8386910+05:30" testType="13cdc9d9-ddb5-4fa4-a97d-d965ccfc6d4b" outcome="Passed" testListId="8c84fa94-04c1-424b-9868-57a2d4851a1d" relativeResultsDirectory="bbab634c-2f88-4563-b587-8f45a7cd6b05" dataRowInfo="0" resultType="DataDrivenDataRow" />
        <UnitTestResult executionId="eca94370-9a3b-40df-a033-9b96be526aba" parentExecutionId="bbab634c-2f88-4563-b587-8f45a7cd6b05" testId="d766a059-d96c-7b47-e6a6-34931760df96" testName="all_persons_tenses_passive" computerName="ARPAN-LAP" duration="00:00:00.0240738" startTime="2014-06-25T20:13:11.8396911+05:30" endTime="2014-06-25T20:13:11.8636925+05:30" testType="13cdc9d9-ddb5-4fa4-a97d-d965ccfc6d4b" outcome="Passed" testListId="8c84fa94-04c1-424b-9868-57a2d4851a1d" relativeResultsDirectory="bbab634c-2f88-4563-b587-8f45a7cd6b05" dataRowInfo="1" resultType="DataDrivenDataRow" />
        <UnitTestResult executionId="d63d2d7a-3122-4920-9272-85587cecbe3f" parentExecutionId="bbab634c-2f88-4563-b587-8f45a7cd6b05" testId="d766a059-d96c-7b47-e6a6-34931760df96" testName="all_persons_tenses_passive" computerName="ARPAN-LAP" duration="00:00:00.0297315" startTime="2014-06-25T20:13:11.8636925+05:30" endTime="2014-06-25T20:13:11.8926941+05:30" testType="13cdc9d9-ddb5-4fa4-a97d-d965ccfc6d4b" outcome="Passed" testListId="8c84fa94-04c1-424b-9868-57a2d4851a1d" relativeResultsDirectory="bbab634c-2f88-4563-b587-8f45a7cd6b05" dataRowInfo="2" resultType="DataDrivenDataRow" />
        <UnitTestResult executionId="7b116d09-eb81-4e57-aaa3-52f755060278" parentExecutionId="bbab634c-2f88-4563-b587-8f45a7cd6b05" testId="d766a059-d96c-7b47-e6a6-34931760df96" testName="all_persons_tenses_passive" computerName="ARPAN-LAP" duration="00:00:00.0307298" startTime="2014-06-25T20:13:11.8926941+05:30" endTime="2014-06-25T20:13:11.9236959+05:30" testType="13cdc9d9-ddb5-4fa4-a97d-d965ccfc6d4b" outcome="Passed" testListId="8c84fa94-04c1-424b-9868-57a2d4851a1d" relativeResultsDirectory="bbab634c-2f88-4563-b587-8f45a7cd6b05" dataRowInfo="3" resultType="DataDrivenDataRow" />
        <UnitTestResult executionId="22ba7e3c-47a2-4045-a1d5-2dacaf730f50" parentExecutionId="bbab634c-2f88-4563-b587-8f45a7cd6b05" testId="d766a059-d96c-7b47-e6a6-34931760df96" testName="all_persons_tenses_passive" computerName="ARPAN-LAP" duration="00:00:00.0193091" startTime="2014-06-25T20:13:11.9236959+05:30" endTime="2014-06-25T20:13:11.9436970+05:30" testType="13cdc9d9-ddb5-4fa4-a97d-d965ccfc6d4b" outcome="Passed" testListId="8c84fa94-04c1-424b-9868-57a2d4851a1d" relativeResultsDirectory="bbab634c-2f88-4563-b587-8f45a7cd6b05" dataRowInfo="4" resultType="DataDrivenDataRow" />
        <UnitTestResult executionId="d3bbf639-d4bb-494a-8d7e-397873249eb1" parentExecutionId="bbab634c-2f88-4563-b587-8f45a7cd6b05" testId="d766a059-d96c-7b47-e6a6-34931760df96" testName="all_persons_tenses_passive" computerName="ARPAN-LAP" duration="00:00:00.0236021" startTime="2014-06-25T20:13:11.9436970+05:30" endTime="2014-06-25T20:13:11.9666984+05:30" testType="13cdc9d9-ddb5-4fa4-a97d-d965ccfc6d4b" outcome="Passed" testListId="8c84fa94-04c1-424b-9868-57a2d4851a1d" relativeResultsDirectory="bbab634c-2f88-4563-b587-8f45a7cd6b05" dataRowInfo="5" resultType="DataDrivenDataRow" />
        <UnitTestResult executionId="be070fe0-2ef4-49c7-8558-62c5f63f6f0d" parentExecutionId="bbab634c-2f88-4563-b587-8f45a7cd6b05" testId="d766a059-d96c-7b47-e6a6-34931760df96" testName="all_persons_tenses_passive" computerName="ARPAN-LAP" duration="00:00:00.0274470" startTime="2014-06-25T20:13:11.9666984+05:30" endTime="2014-06-25T20:13:11.9947000+05:30" testType="13cdc9d9-ddb5-4fa4-a97d-d965ccfc6d4b" outcome="Passed" testListId="8c84fa94-04c1-424b-9868-57a2d4851a1d" relativeResultsDirectory="bbab634c-2f88-4563-b587-8f45a7cd6b05" dataRowInfo="6" resultType="DataDrivenDataRow" />
        <UnitTestResult executionId="a1679a42-387d-43e8-8ff3-8425eed10670" parentExecutionId="bbab634c-2f88-4563-b587-8f45a7cd6b05" testId="d766a059-d96c-7b47-e6a6-34931760df96" testName="all_persons_tenses_passive" computerName="ARPAN-LAP" duration="00:00:00.0288040" startTime="2014-06-25T20:13:11.9947000+05:30" endTime="2014-06-25T20:13:12.0237016+05:30" testType="13cdc9d9-ddb5-4fa4-a97d-d965ccfc6d4b" outcome="Passed" testListId="8c84fa94-04c1-424b-9868-57a2d4851a1d" relativeResultsDirectory="bbab634c-2f88-4563-b587-8f45a7cd6b05" dataRowInfo="7" resultType="DataDrivenDataRow" />
        <UnitTestResult executionId="b963924d-f0a5-41ef-a1ec-7a8916db2786" parentExecutionId="bbab634c-2f88-4563-b587-8f45a7cd6b05" testId="d766a059-d96c-7b47-e6a6-34931760df96" testName="all_persons_tenses_passive" computerName="ARPAN-LAP" duration="00:00:00.0318097" startTime="2014-06-25T20:13:12.0237016+05:30" endTime="2014-06-25T20:13:12.0547034+05:30" testType="13cdc9d9-ddb5-4fa4-a97d-d965ccfc6d4b" outcome="Passed" testListId="8c84fa94-04c1-424b-9868-57a2d4851a1d" relativeResultsDirectory="bbab634c-2f88-4563-b587-8f45a7cd6b05" dataRowInfo="8" resultType="DataDrivenDataRow" />
        <UnitTestResult executionId="e9e8e091-5363-4d0a-b658-3f9f06cd32a9" parentExecutionId="bbab634c-2f88-4563-b587-8f45a7cd6b05" testId="d766a059-d96c-7b47-e6a6-34931760df96" testName="all_persons_tenses_passive" computerName="ARPAN-LAP" duration="00:00:00.0352178" startTime="2014-06-25T20:13:12.0547034+05:30" endTime="2014-06-25T20:13:12.0907055+05:30" testType="13cdc9d9-ddb5-4fa4-a97d-d965ccfc6d4b" outcome="Passed" testListId="8c84fa94-04c1-424b-9868-57a2d4851a1d" relativeResultsDirectory="bbab634c-2f88-4563-b587-8f45a7cd6b05" dataRowInfo="9" resultType="DataDrivenDataRow" />
      </InnerResults>
    </UnitTestResult>
    <UnitTestResult executionId="4cef01ad-f18a-42fe-bf76-62506cdc2f06" testId="fe3e63ab-391c-e168-48d0-431b85a7b898" testName="third_person_tenses_active_negation" computerName="ARPAN-LAP" duration="00:00:00.2250623" startTime="2014-06-25T20:13:12.1407083+05:30" endTime="2014-06-25T20:13:12.4127239+05:30" testType="13cdc9d9-ddb5-4fa4-a97d-d965ccfc6d4b" outcome="Passed" testListId="8c84fa94-04c1-424b-9868-57a2d4851a1d" relativeResultsDirectory="4cef01ad-f18a-42fe-bf76-62506cdc2f06" resultType="DataDrivenTest">
      <Counters error="0" failed="0" timeout="0" aborted="0" inconclusive="0" passedButRunAborted="0" notRunnable="0" notExecuted="0" disconnected="0" warning="0" passed="10" completed="0" inProgress="0" pending="0" />
      <InnerResults>
        <UnitTestResult executionId="3c38acfb-3da2-4368-899e-630393227903" parentExecutionId="4cef01ad-f18a-42fe-bf76-62506cdc2f06" testId="fe3e63ab-391c-e168-48d0-431b85a7b898" testName="third_person_tenses_active_negation" computerName="ARPAN-LAP" duration="00:00:00.0223764" startTime="2014-06-25T20:13:12.1567092+05:30" endTime="2014-06-25T20:13:12.1797105+05:30" testType="13cdc9d9-ddb5-4fa4-a97d-d965ccfc6d4b" outcome="Passed" testListId="8c84fa94-04c1-424b-9868-57a2d4851a1d" relativeResultsDirectory="4cef01ad-f18a-42fe-bf76-62506cdc2f06" dataRowInfo="0" resultType="DataDrivenDataRow" />
        <UnitTestResult executionId="a9db38f7-5b0c-4892-b873-de8bd0b263cb" parentExecutionId="4cef01ad-f18a-42fe-bf76-62506cdc2f06" testId="fe3e63ab-391c-e168-48d0-431b85a7b898" testName="third_person_tenses_active_negation" computerName="ARPAN-LAP" duration="00:00:00.0209731" startTime="2014-06-25T20:13:12.1797105+05:30" endTime="2014-06-25T20:13:12.2007118+05:30" testType="13cdc9d9-ddb5-4fa4-a97d-d965ccfc6d4b" outcome="Passed" testListId="8c84fa94-04c1-424b-9868-57a2d4851a1d" relativeResultsDirectory="4cef01ad-f18a-42fe-bf76-62506cdc2f06" dataRowInfo="1" resultType="DataDrivenDataRow" />
        <UnitTestResult executionId="831ad2f8-f1a7-46f4-af1d-485b9f801123" parentExecutionId="4cef01ad-f18a-42fe-bf76-62506cdc2f06" testId="fe3e63ab-391c-e168-48d0-431b85a7b898" testName="third_person_tenses_active_negation" computerName="ARPAN-LAP" duration="00:00:00.0212436" startTime="2014-06-25T20:13:12.2007118+05:30" endTime="2014-06-25T20:13:12.2217130+05:30" testType="13cdc9d9-ddb5-4fa4-a97d-d965ccfc6d4b" outcome="Passed" testListId="8c84fa94-04c1-424b-9868-57a2d4851a1d" relativeResultsDirectory="4cef01ad-f18a-42fe-bf76-62506cdc2f06" dataRowInfo="2" resultType="DataDrivenDataRow" />
        <UnitTestResult executionId="4114cb6f-61c0-4cbf-8ae4-778fe6cf451f" parentExecutionId="4cef01ad-f18a-42fe-bf76-62506cdc2f06" testId="fe3e63ab-391c-e168-48d0-431b85a7b898" testName="third_person_tenses_active_negation" computerName="ARPAN-LAP" duration="00:00:00.0255432" startTime="2014-06-25T20:13:12.2217130+05:30" endTime="2014-06-25T20:13:12.2477144+05:30" testType="13cdc9d9-ddb5-4fa4-a97d-d965ccfc6d4b" outcome="Passed" testListId="8c84fa94-04c1-424b-9868-57a2d4851a1d" relativeResultsDirectory="4cef01ad-f18a-42fe-bf76-62506cdc2f06" dataRowInfo="3" resultType="DataDrivenDataRow" />
        <UnitTestResult executionId="26560302-3022-43d8-b82a-711be26dd007" parentExecutionId="4cef01ad-f18a-42fe-bf76-62506cdc2f06" testId="fe3e63ab-391c-e168-48d0-431b85a7b898" testName="third_person_tenses_active_negation" computerName="ARPAN-LAP" duration="00:00:00.0190032" startTime="2014-06-25T20:13:12.2477144+05:30" endTime="2014-06-25T20:13:12.2667155+05:30" testType="13cdc9d9-ddb5-4fa4-a97d-d965ccfc6d4b" outcome="Passed" testListId="8c84fa94-04c1-424b-9868-57a2d4851a1d" relativeResultsDirectory="4cef01ad-f18a-42fe-bf76-62506cdc2f06" dataRowInfo="4" resultType="DataDrivenDataRow" />
        <UnitTestResult executionId="69cb3bdc-6513-42b2-8ef0-520eea14e985" parentExecutionId="4cef01ad-f18a-42fe-bf76-62506cdc2f06" testId="fe3e63ab-391c-e168-48d0-431b85a7b898" testName="third_person_tenses_active_negation" computerName="ARPAN-LAP" duration="00:00:00.0200610" startTime="2014-06-25T20:13:12.2667155+05:30" endTime="2014-06-25T20:13:12.2867167+05:30" testType="13cdc9d9-ddb5-4fa4-a97d-d965ccfc6d4b" outcome="Passed" testListId="8c84fa94-04c1-424b-9868-57a2d4851a1d" relativeResultsDirectory="4cef01ad-f18a-42fe-bf76-62506cdc2f06" dataRowInfo="5" resultType="DataDrivenDataRow" />
        <UnitTestResult executionId="b7f493fd-0df3-44ae-b3e5-450ec82f564d" parentExecutionId="4cef01ad-f18a-42fe-bf76-62506cdc2f06" testId="fe3e63ab-391c-e168-48d0-431b85a7b898" testName="third_person_tenses_active_negation" computerName="ARPAN-LAP" duration="00:00:00.0218241" startTime="2014-06-25T20:13:12.2867167+05:30" endTime="2014-06-25T20:13:12.3087179+05:30" testType="13cdc9d9-ddb5-4fa4-a97d-d965ccfc6d4b" outcome="Passed" testListId="8c84fa94-04c1-424b-9868-57a2d4851a1d" relativeResultsDirectory="4cef01ad-f18a-42fe-bf76-62506cdc2f06" dataRowInfo="6" resultType="DataDrivenDataRow" />
        <UnitTestResult executionId="06e09ee5-1b0e-4d4b-b074-a8294c8d21c8" parentExecutionId="4cef01ad-f18a-42fe-bf76-62506cdc2f06" testId="fe3e63ab-391c-e168-48d0-431b85a7b898" testName="third_person_tenses_active_negation" computerName="ARPAN-LAP" duration="00:00:00.0245999" startTime="2014-06-25T20:13:12.3087179+05:30" endTime="2014-06-25T20:13:12.3327193+05:30" testType="13cdc9d9-ddb5-4fa4-a97d-d965ccfc6d4b" outcome="Passed" testListId="8c84fa94-04c1-424b-9868-57a2d4851a1d" relativeResultsDirectory="4cef01ad-f18a-42fe-bf76-62506cdc2f06" dataRowInfo="7" resultType="DataDrivenDataRow" />
        <UnitTestResult executionId="571b19cf-542a-419c-932b-d6397127ca89" parentExecutionId="4cef01ad-f18a-42fe-bf76-62506cdc2f06" testId="fe3e63ab-391c-e168-48d0-431b85a7b898" testName="third_person_tenses_active_negation" computerName="ARPAN-LAP" duration="00:00:00.0199014" startTime="2014-06-25T20:13:12.3327193+05:30" endTime="2014-06-25T20:13:12.3527204+05:30" testType="13cdc9d9-ddb5-4fa4-a97d-d965ccfc6d4b" outcome="Passed" testListId="8c84fa94-04c1-424b-9868-57a2d4851a1d" relativeResultsDirectory="4cef01ad-f18a-42fe-bf76-62506cdc2f06" dataRowInfo="8" resultType="DataDrivenDataRow" />
        <UnitTestResult executionId="a7b835f9-ad3d-49c6-8cab-522b1b147626" parentExecutionId="4cef01ad-f18a-42fe-bf76-62506cdc2f06" testId="fe3e63ab-391c-e168-48d0-431b85a7b898" testName="third_person_tenses_active_negation" computerName="ARPAN-LAP" duration="00:00:00.0264307" startTime="2014-06-25T20:13:12.3527204+05:30" endTime="2014-06-25T20:13:12.3797220+05:30" testType="13cdc9d9-ddb5-4fa4-a97d-d965ccfc6d4b" outcome="Passed" testListId="8c84fa94-04c1-424b-9868-57a2d4851a1d" relativeResultsDirectory="4cef01ad-f18a-42fe-bf76-62506cdc2f06" dataRowInfo="9" resultType="DataDrivenDataRow" />
      </InnerResults>
    </UnitTestResult>
  </Results>
</TestRun>