<?xml version="1.0" encoding="UTF-8"?>
<TestRun id="6f7a54b5-6b6c-4b52-8c74-a4fadd374466" name="Arghya@ARPAN-LAP 2014-06-29 10:57:16" runUser="ARPAN-LAP\Arghya" xmlns="http://microsoft.com/schemas/VisualStudio/TeamTest/2010">
  <TestSettings name="Default Test Settings" id="12637ed6-2f88-4b56-b1af-e07a4e054ca4">
    <Deployment userDeploymentRoot="D:\software\Project\BNLP\TestResults" useDefaultDeploymentRoot="false" runDeploymentRoot="Arghya_ARPAN-LAP 2014-06-29 10_57_16" />
    <Execution>
      <TestTypeSpecific />
      <AgentRule name="Execution Agents">
      </AgentRule>
    </Execution>
  </TestSettings>
  <Times creation="2014-06-29T10:57:16.2077261+05:30" queuing="2014-06-29T10:57:17.6908109+05:30" start="2014-06-29T10:57:18.7698726+05:30" finish="2014-06-29T10:57:54.6299237+05:30" />
  <ResultSummary outcome="Failed">
    <Counters total="309" executed="309" passed="299" error="0" failed="10" timeout="0" aborted="0" inconclusive="0" passedButRunAborted="0" notRunnable="0" notExecuted="0" disconnected="0" warning="0" completed="0" inProgress="0" pending="0" />
    <RunInfos>
      <RunInfo computerName="ARPAN-LAP" outcome="Warning" timestamp="2014-06-29T10:57:17.6158066+05:30">
        <Text>Warning: Test Run deployment issue: Failed to get the file for deployment item '..\UnitTest\TestCases\wikipedia.xml' specified by the test 'UnitTest.BnlpTest.RandomWord': System.IO.DirectoryNotFoundException: Could not find a part of the path 'D:\software\Project\UnitTest\TestCases\wikipedia.xml'.</Text>
        <Exception>System.IO.DirectoryNotFoundException: Could not find a part of the path 'D:\software\Project\UnitTest\TestCases\wikipedia.xml'.
   at System.IO.__Error.WinIOError(Int32 errorCode, String maybeFullPath)
   at System.IO.File.GetAttributes(String path)
   at Microsoft.VisualStudio.TestTools.Common.SingleFileProvider.GetFilePaths()
   at Microsoft.VisualStudio.TestTools.TestManagement.DeploymentCoverageItem.GetFiles(TestRunConfiguration runConfig)
   at Microsoft.VisualStudio.TestTools.TestManagement.DeploymentManager.DoDeployment(TestRun run, FileCopyService fileCopyService)</Exception>
      </RunInfo>
      <RunInfo computerName="ARPAN-LAP" outcome="Warning" timestamp="2014-06-29T10:57:17.6178067+05:30">
        <Text>Warning: Test Run deployment issue: Failed to get the file for deployment item '..\UnitTest\TestCases\interrogative_sentences_who.xml' specified by the test 'UnitTest.BnlpTest.interrogative_sentences_who': System.IO.DirectoryNotFoundException: Could not find a part of the path 'D:\software\Project\UnitTest\TestCases\interrogative_sentences_who.xml'.</Text>
        <Exception>System.IO.DirectoryNotFoundException: Could not find a part of the path 'D:\software\Project\UnitTest\TestCases\interrogative_sentences_who.xml'.
   at System.IO.__Error.WinIOError(Int32 errorCode, String maybeFullPath)
   at System.IO.File.GetAttributes(String path)
   at Microsoft.VisualStudio.TestTools.Common.SingleFileProvider.GetFilePaths()
   at Microsoft.VisualStudio.TestTools.TestManagement.DeploymentCoverageItem.GetFiles(TestRunConfiguration runConfig)
   at Microsoft.VisualStudio.TestTools.TestManagement.DeploymentManager.DoDeployment(TestRun run, FileCopyService fileCopyService)</Exception>
      </RunInfo>
      <RunInfo computerName="ARPAN-LAP" outcome="Warning" timestamp="2014-06-29T10:57:17.6198068+05:30">
        <Text>Warning: Test Run deployment issue: Failed to get the file for deployment item '..\UnitTest\TestCases\special_handling_do_verb.xml' specified by the test 'UnitTest.BnlpTest.special_handling_do_verb': System.IO.DirectoryNotFoundException: Could not find a part of the path 'D:\software\Project\UnitTest\TestCases\special_handling_do_verb.xml'.</Text>
        <Exception>System.IO.DirectoryNotFoundException: Could not find a part of the path 'D:\software\Project\UnitTest\TestCases\special_handling_do_verb.xml'.
   at System.IO.__Error.WinIOError(Int32 errorCode, String maybeFullPath)
   at System.IO.File.GetAttributes(String path)
   at Microsoft.VisualStudio.TestTools.Common.SingleFileProvider.GetFilePaths()
   at Microsoft.VisualStudio.TestTools.TestManagement.DeploymentCoverageItem.GetFiles(TestRunConfiguration runConfig)
   at Microsoft.VisualStudio.TestTools.TestManagement.DeploymentManager.DoDeployment(TestRun run, FileCopyService fileCopyService)</Exception>
      </RunInfo>
      <RunInfo computerName="ARPAN-LAP" outcome="Warning" timestamp="2014-06-29T10:57:17.6208069+05:30">
        <Text>Warning: Test Run deployment issue: Failed to get the file for deployment item '..\UnitTest\TestCases\interrogative_sentences_which.xml' specified by the test 'UnitTest.BnlpTest.interrogative_sentences_which': System.IO.DirectoryNotFoundException: Could not find a part of the path 'D:\software\Project\UnitTest\TestCases\interrogative_sentences_which.xml'.</Text>
        <Exception>System.IO.DirectoryNotFoundException: Could not find a part of the path 'D:\software\Project\UnitTest\TestCases\interrogative_sentences_which.xml'.
   at System.IO.__Error.WinIOError(Int32 errorCode, String maybeFullPath)
   at System.IO.File.GetAttributes(String path)
   at Microsoft.VisualStudio.TestTools.Common.SingleFileProvider.GetFilePaths()
   at Microsoft.VisualStudio.TestTools.TestManagement.DeploymentCoverageItem.GetFiles(TestRunConfiguration runConfig)
   at Microsoft.VisualStudio.TestTools.TestManagement.DeploymentManager.DoDeployment(TestRun run, FileCopyService fileCopyService)</Exception>
      </RunInfo>
      <RunInfo computerName="ARPAN-LAP" outcome="Warning" timestamp="2014-06-29T10:57:17.6228070+05:30">
        <Text>Warning: Test Run deployment issue: Failed to get the file for deployment item '..\UnitTest\TestCases\all_persons_modal_should.xml' specified by the test 'UnitTest.BnlpTest.all_persons_modal_should': System.IO.DirectoryNotFoundException: Could not find a part of the path 'D:\software\Project\UnitTest\TestCases\all_persons_modal_should.xml'.</Text>
        <Exception>System.IO.DirectoryNotFoundException: Could not find a part of the path 'D:\software\Project\UnitTest\TestCases\all_persons_modal_should.xml'.
   at System.IO.__Error.WinIOError(Int32 errorCode, String maybeFullPath)
   at System.IO.File.GetAttributes(String path)
   at Microsoft.VisualStudio.TestTools.Common.SingleFileProvider.GetFilePaths()
   at Microsoft.VisualStudio.TestTools.TestManagement.DeploymentCoverageItem.GetFiles(TestRunConfiguration runConfig)
   at Microsoft.VisualStudio.TestTools.TestManagement.DeploymentManager.DoDeployment(TestRun run, FileCopyService fileCopyService)</Exception>
      </RunInfo>
      <RunInfo computerName="ARPAN-LAP" outcome="Warning" timestamp="2014-06-29T10:57:17.6238071+05:30">
        <Text>Warning: Test Run deployment issue: Failed to get the file for deployment item '..\UnitTest\TestCases\third_person_tenses_active.xml' specified by the test 'UnitTest.BnlpTest.third_person_tenses_active': System.IO.DirectoryNotFoundException: Could not find a part of the path 'D:\software\Project\UnitTest\TestCases\third_person_tenses_active.xml'.</Text>
        <Exception>System.IO.DirectoryNotFoundException: Could not find a part of the path 'D:\software\Project\UnitTest\TestCases\third_person_tenses_active.xml'.
   at System.IO.__Error.WinIOError(Int32 errorCode, String maybeFullPath)
   at System.IO.File.GetAttributes(String path)
   at Microsoft.VisualStudio.TestTools.Common.SingleFileProvider.GetFilePaths()
   at Microsoft.VisualStudio.TestTools.TestManagement.DeploymentCoverageItem.GetFiles(TestRunConfiguration runConfig)
   at Microsoft.VisualStudio.TestTools.TestManagement.DeploymentManager.DoDeployment(TestRun run, FileCopyService fileCopyService)</Exception>
      </RunInfo>
      <RunInfo computerName="ARPAN-LAP" outcome="Warning" timestamp="2014-06-29T10:57:17.6258072+05:30">
        <Text>Warning: Test Run deployment issue: Failed to get the file for deployment item '..\UnitTest\TestCases\all_persons_tenses_passive.xml' specified by the test 'UnitTest.BnlpTest.all_persons_tenses_passive': System.IO.DirectoryNotFoundException: Could not find a part of the path 'D:\software\Project\UnitTest\TestCases\all_persons_tenses_passive.xml'.</Text>
        <Exception>System.IO.DirectoryNotFoundException: Could not find a part of the path 'D:\software\Project\UnitTest\TestCases\all_persons_tenses_passive.xml'.
   at System.IO.__Error.WinIOError(Int32 errorCode, String maybeFullPath)
   at System.IO.File.GetAttributes(String path)
   at Microsoft.VisualStudio.TestTools.Common.SingleFileProvider.GetFilePaths()
   at Microsoft.VisualStudio.TestTools.TestManagement.DeploymentCoverageItem.GetFiles(TestRunConfiguration runConfig)
   at Microsoft.VisualStudio.TestTools.TestManagement.DeploymentManager.DoDeployment(TestRun run, FileCopyService fileCopyService)</Exception>
      </RunInfo>
      <RunInfo computerName="ARPAN-LAP" outcome="Warning" timestamp="2014-06-29T10:57:17.6278073+05:30">
        <Text>Warning: Test Run deployment issue: Failed to get the file for deployment item '..\UnitTest\TestCases\interrogative_sentences_aux.xml' specified by the test 'UnitTest.BnlpTest.interrogative_sentences_aux': System.IO.DirectoryNotFoundException: Could not find a part of the path 'D:\software\Project\UnitTest\TestCases\interrogative_sentences_aux.xml'.</Text>
        <Exception>System.IO.DirectoryNotFoundException: Could not find a part of the path 'D:\software\Project\UnitTest\TestCases\interrogative_sentences_aux.xml'.
   at System.IO.__Error.WinIOError(Int32 errorCode, String maybeFullPath)
   at System.IO.File.GetAttributes(String path)
   at Microsoft.VisualStudio.TestTools.Common.SingleFileProvider.GetFilePaths()
   at Microsoft.VisualStudio.TestTools.TestManagement.DeploymentCoverageItem.GetFiles(TestRunConfiguration runConfig)
   at Microsoft.VisualStudio.TestTools.TestManagement.DeploymentManager.DoDeployment(TestRun run, FileCopyService fileCopyService)</Exception>
      </RunInfo>
      <RunInfo computerName="ARPAN-LAP" outcome="Warning" timestamp="2014-06-29T10:57:17.6288073+05:30">
        <Text>Warning: Test Run deployment issue: Failed to get the file for deployment item '..\UnitTest\TestCases\second_person_tenses_active_negation.xml' specified by the test 'UnitTest.BnlpTest.second_person_tenses_active_negation': System.IO.DirectoryNotFoundException: Could not find a part of the path 'D:\software\Project\UnitTest\TestCases\second_person_tenses_active_negation.xml'.</Text>
        <Exception>System.IO.DirectoryNotFoundException: Could not find a part of the path 'D:\software\Project\UnitTest\TestCases\second_person_tenses_active_negation.xml'.
   at System.IO.__Error.WinIOError(Int32 errorCode, String maybeFullPath)
   at System.IO.File.GetAttributes(String path)
   at Microsoft.VisualStudio.TestTools.Common.SingleFileProvider.GetFilePaths()
   at Microsoft.VisualStudio.TestTools.TestManagement.DeploymentCoverageItem.GetFiles(TestRunConfiguration runConfig)
   at Microsoft.VisualStudio.TestTools.TestManagement.DeploymentManager.DoDeployment(TestRun run, FileCopyService fileCopyService)</Exception>
      </RunInfo>
      <RunInfo computerName="ARPAN-LAP" outcome="Warning" timestamp="2014-06-29T10:57:17.6308075+05:30">
        <Text>Warning: Test Run deployment issue: Failed to get the file for deployment item '..\UnitTest\TestCases\interrogative_sentences_where.xml' specified by the test 'UnitTest.BnlpTest.interrogative_sentences_where': System.IO.DirectoryNotFoundException: Could not find a part of the path 'D:\software\Project\UnitTest\TestCases\interrogative_sentences_where.xml'.</Text>
        <Exception>System.IO.DirectoryNotFoundException: Could not find a part of the path 'D:\software\Project\UnitTest\TestCases\interrogative_sentences_where.xml'.
   at System.IO.__Error.WinIOError(Int32 errorCode, String maybeFullPath)
   at System.IO.File.GetAttributes(String path)
   at Microsoft.VisualStudio.TestTools.Common.SingleFileProvider.GetFilePaths()
   at Microsoft.VisualStudio.TestTools.TestManagement.DeploymentCoverageItem.GetFiles(TestRunConfiguration runConfig)
   at Microsoft.VisualStudio.TestTools.TestManagement.DeploymentManager.DoDeployment(TestRun run, FileCopyService fileCopyService)</Exception>
      </RunInfo>
      <RunInfo computerName="ARPAN-LAP" outcome="Warning" timestamp="2014-06-29T10:57:17.6328076+05:30">
        <Text>Warning: Test Run deployment issue: Failed to get the file for deployment item '..\UnitTest\TestCases\prepositions_made_with_three_words.xml' specified by the test 'UnitTest.BnlpTest.prepositions_made_with_three_words': System.IO.DirectoryNotFoundException: Could not find a part of the path 'D:\software\Project\UnitTest\TestCases\prepositions_made_with_three_words.xml'.</Text>
        <Exception>System.IO.DirectoryNotFoundException: Could not find a part of the path 'D:\software\Project\UnitTest\TestCases\prepositions_made_with_three_words.xml'.
   at System.IO.__Error.WinIOError(Int32 errorCode, String maybeFullPath)
   at System.IO.File.GetAttributes(String path)
   at Microsoft.VisualStudio.TestTools.Common.SingleFileProvider.GetFilePaths()
   at Microsoft.VisualStudio.TestTools.TestManagement.DeploymentCoverageItem.GetFiles(TestRunConfiguration runConfig)
   at Microsoft.VisualStudio.TestTools.TestManagement.DeploymentManager.DoDeployment(TestRun run, FileCopyService fileCopyService)</Exception>
      </RunInfo>
      <RunInfo computerName="ARPAN-LAP" outcome="Warning" timestamp="2014-06-29T10:57:17.6338076+05:30">
        <Text>Warning: Test Run deployment issue: Failed to get the file for deployment item '..\UnitTest\TestCases\interrogative_sentences_what.xml' specified by the test 'UnitTest.BnlpTest.interrogative_sentences_what': System.IO.DirectoryNotFoundException: Could not find a part of the path 'D:\software\Project\UnitTest\TestCases\interrogative_sentences_what.xml'.</Text>
        <Exception>System.IO.DirectoryNotFoundException: Could not find a part of the path 'D:\software\Project\UnitTest\TestCases\interrogative_sentences_what.xml'.
   at System.IO.__Error.WinIOError(Int32 errorCode, String maybeFullPath)
   at System.IO.File.GetAttributes(String path)
   at Microsoft.VisualStudio.TestTools.Common.SingleFileProvider.GetFilePaths()
   at Microsoft.VisualStudio.TestTools.TestManagement.DeploymentCoverageItem.GetFiles(TestRunConfiguration runConfig)
   at Microsoft.VisualStudio.TestTools.TestManagement.DeploymentManager.DoDeployment(TestRun run, FileCopyService fileCopyService)</Exception>
      </RunInfo>
      <RunInfo computerName="ARPAN-LAP" outcome="Warning" timestamp="2014-06-29T10:57:17.6358077+05:30">
        <Text>Warning: Test Run deployment issue: Failed to get the file for deployment item '..\UnitTest\TestCases\interrogative_sentences_how.xml' specified by the test 'UnitTest.BnlpTest.interrogative_sentences_how': System.IO.DirectoryNotFoundException: Could not find a part of the path 'D:\software\Project\UnitTest\TestCases\interrogative_sentences_how.xml'.</Text>
        <Exception>System.IO.DirectoryNotFoundException: Could not find a part of the path 'D:\software\Project\UnitTest\TestCases\interrogative_sentences_how.xml'.
   at System.IO.__Error.WinIOError(Int32 errorCode, String maybeFullPath)
   at System.IO.File.GetAttributes(String path)
   at Microsoft.VisualStudio.TestTools.Common.SingleFileProvider.GetFilePaths()
   at Microsoft.VisualStudio.TestTools.TestManagement.DeploymentCoverageItem.GetFiles(TestRunConfiguration runConfig)
   at Microsoft.VisualStudio.TestTools.TestManagement.DeploymentManager.DoDeployment(TestRun run, FileCopyService fileCopyService)</Exception>
      </RunInfo>
      <RunInfo computerName="ARPAN-LAP" outcome="Warning" timestamp="2014-06-29T10:57:17.6368078+05:30">
        <Text>Warning: Test Run deployment issue: Failed to get the file for deployment item '..\UnitTest\TestCases\interrogative_sentences_whom.xml' specified by the test 'UnitTest.BnlpTest.interrogative_sentences_whom': System.IO.DirectoryNotFoundException: Could not find a part of the path 'D:\software\Project\UnitTest\TestCases\interrogative_sentences_whom.xml'.</Text>
        <Exception>System.IO.DirectoryNotFoundException: Could not find a part of the path 'D:\software\Project\UnitTest\TestCases\interrogative_sentences_whom.xml'.
   at System.IO.__Error.WinIOError(Int32 errorCode, String maybeFullPath)
   at System.IO.File.GetAttributes(String path)
   at Microsoft.VisualStudio.TestTools.Common.SingleFileProvider.GetFilePaths()
   at Microsoft.VisualStudio.TestTools.TestManagement.DeploymentCoverageItem.GetFiles(TestRunConfiguration runConfig)
   at Microsoft.VisualStudio.TestTools.TestManagement.DeploymentManager.DoDeployment(TestRun run, FileCopyService fileCopyService)</Exception>
      </RunInfo>
      <RunInfo computerName="ARPAN-LAP" outcome="Warning" timestamp="2014-06-29T10:57:17.6388079+05:30">
        <Text>Warning: Test Run deployment issue: Failed to get the file for deployment item '..\UnitTest\TestCases\second_person_tenses_active.xml' specified by the test 'UnitTest.BnlpTest.second_person_tenses_active': System.IO.DirectoryNotFoundException: Could not find a part of the path 'D:\software\Project\UnitTest\TestCases\second_person_tenses_active.xml'.</Text>
        <Exception>System.IO.DirectoryNotFoundException: Could not find a part of the path 'D:\software\Project\UnitTest\TestCases\second_person_tenses_active.xml'.
   at System.IO.__Error.WinIOError(Int32 errorCode, String maybeFullPath)
   at System.IO.File.GetAttributes(String path)
   at Microsoft.VisualStudio.TestTools.Common.SingleFileProvider.GetFilePaths()
   at Microsoft.VisualStudio.TestTools.TestManagement.DeploymentCoverageItem.GetFiles(TestRunConfiguration runConfig)
   at Microsoft.VisualStudio.TestTools.TestManagement.DeploymentManager.DoDeployment(TestRun run, FileCopyService fileCopyService)</Exception>
      </RunInfo>
      <RunInfo computerName="ARPAN-LAP" outcome="Warning" timestamp="2014-06-29T10:57:17.6398080+05:30">
        <Text>Warning: Test Run deployment issue: Failed to get the file for deployment item '..\UnitTest\TestCases\all_persons_modal_should_negation.xml' specified by the test 'UnitTest.BnlpTest.all_persons_modal_should_negation': System.IO.DirectoryNotFoundException: Could not find a part of the path 'D:\software\Project\UnitTest\TestCases\all_persons_modal_should_negation.xml'.</Text>
        <Exception>System.IO.DirectoryNotFoundException: Could not find a part of the path 'D:\software\Project\UnitTest\TestCases\all_persons_modal_should_negation.xml'.
   at System.IO.__Error.WinIOError(Int32 errorCode, String maybeFullPath)
   at System.IO.File.GetAttributes(String path)
   at Microsoft.VisualStudio.TestTools.Common.SingleFileProvider.GetFilePaths()
   at Microsoft.VisualStudio.TestTools.TestManagement.DeploymentCoverageItem.GetFiles(TestRunConfiguration runConfig)
   at Microsoft.VisualStudio.TestTools.TestManagement.DeploymentManager.DoDeployment(TestRun run, FileCopyService fileCopyService)</Exception>
      </RunInfo>
      <RunInfo computerName="ARPAN-LAP" outcome="Warning" timestamp="2014-06-29T10:57:17.6418081+05:30">
        <Text>Warning: Test Run deployment issue: Failed to get the file for deployment item '..\UnitTest\TestCases\first_person_tenses_active_negation.xml' specified by the test 'UnitTest.BnlpTest.first_person_tenses_active_negation': System.IO.DirectoryNotFoundException: Could not find a part of the path 'D:\software\Project\UnitTest\TestCases\first_person_tenses_active_negation.xml'.</Text>
        <Exception>System.IO.DirectoryNotFoundException: Could not find a part of the path 'D:\software\Project\UnitTest\TestCases\first_person_tenses_active_negation.xml'.
   at System.IO.__Error.WinIOError(Int32 errorCode, String maybeFullPath)
   at System.IO.File.GetAttributes(String path)
   at Microsoft.VisualStudio.TestTools.Common.SingleFileProvider.GetFilePaths()
   at Microsoft.VisualStudio.TestTools.TestManagement.DeploymentCoverageItem.GetFiles(TestRunConfiguration runConfig)
   at Microsoft.VisualStudio.TestTools.TestManagement.DeploymentManager.DoDeployment(TestRun run, FileCopyService fileCopyService)</Exception>
      </RunInfo>
      <RunInfo computerName="ARPAN-LAP" outcome="Warning" timestamp="2014-06-29T10:57:17.6438082+05:30">
        <Text>Warning: Test Run deployment issue: Failed to get the file for deployment item '..\UnitTest\TestCases\all_persons_modal_can_may_negation.xml' specified by the test 'UnitTest.BnlpTest.all_persons_modal_can_may_negation': System.IO.DirectoryNotFoundException: Could not find a part of the path 'D:\software\Project\UnitTest\TestCases\all_persons_modal_can_may_negation.xml'.</Text>
        <Exception>System.IO.DirectoryNotFoundException: Could not find a part of the path 'D:\software\Project\UnitTest\TestCases\all_persons_modal_can_may_negation.xml'.
   at System.IO.__Error.WinIOError(Int32 errorCode, String maybeFullPath)
   at System.IO.File.GetAttributes(String path)
   at Microsoft.VisualStudio.TestTools.Common.SingleFileProvider.GetFilePaths()
   at Microsoft.VisualStudio.TestTools.TestManagement.DeploymentCoverageItem.GetFiles(TestRunConfiguration runConfig)
   at Microsoft.VisualStudio.TestTools.TestManagement.DeploymentManager.DoDeployment(TestRun run, FileCopyService fileCopyService)</Exception>
      </RunInfo>
      <RunInfo computerName="ARPAN-LAP" outcome="Warning" timestamp="2014-06-29T10:57:17.6448083+05:30">
        <Text>Warning: Test Run deployment issue: Failed to get the file for deployment item '..\UnitTest\TestCases\third_person_tenses_active_negation.xml' specified by the test 'UnitTest.BnlpTest.third_person_tenses_active_negation': System.IO.DirectoryNotFoundException: Could not find a part of the path 'D:\software\Project\UnitTest\TestCases\third_person_tenses_active_negation.xml'.</Text>
        <Exception>System.IO.DirectoryNotFoundException: Could not find a part of the path 'D:\software\Project\UnitTest\TestCases\third_person_tenses_active_negation.xml'.
   at System.IO.__Error.WinIOError(Int32 errorCode, String maybeFullPath)
   at System.IO.File.GetAttributes(String path)
   at Microsoft.VisualStudio.TestTools.Common.SingleFileProvider.GetFilePaths()
   at Microsoft.VisualStudio.TestTools.TestManagement.DeploymentCoverageItem.GetFiles(TestRunConfiguration runConfig)
   at Microsoft.VisualStudio.TestTools.TestManagement.DeploymentManager.DoDeployment(TestRun run, FileCopyService fileCopyService)</Exception>
      </RunInfo>
      <RunInfo computerName="ARPAN-LAP" outcome="Warning" timestamp="2014-06-29T10:57:17.6508086+05:30">
        <Text>Warning: Test Run deployment issue: Failed to get the file for deployment item '..\UnitTest\TestCases\interrogative_sentences_do.xml' specified by the test 'UnitTest.BnlpTest.interrogative_sentences_do': System.IO.DirectoryNotFoundException: Could not find a part of the path 'D:\software\Project\UnitTest\TestCases\interrogative_sentences_do.xml'.</Text>
        <Exception>System.IO.DirectoryNotFoundException: Could not find a part of the path 'D:\software\Project\UnitTest\TestCases\interrogative_sentences_do.xml'.
   at System.IO.__Error.WinIOError(Int32 errorCode, String maybeFullPath)
   at System.IO.File.GetAttributes(String path)
   at Microsoft.VisualStudio.TestTools.Common.SingleFileProvider.GetFilePaths()
   at Microsoft.VisualStudio.TestTools.TestManagement.DeploymentCoverageItem.GetFiles(TestRunConfiguration runConfig)
   at Microsoft.VisualStudio.TestTools.TestManagement.DeploymentManager.DoDeployment(TestRun run, FileCopyService fileCopyService)</Exception>
      </RunInfo>
      <RunInfo computerName="ARPAN-LAP" outcome="Warning" timestamp="2014-06-29T10:57:17.6518087+05:30">
        <Text>Warning: Test Run deployment issue: Failed to get the file for deployment item '..\UnitTest\TestCases\auxiliary_verbs_as_main_verbs.xml' specified by the test 'UnitTest.BnlpTest.auxiliary_verbs_as_main_verbs': System.IO.DirectoryNotFoundException: Could not find a part of the path 'D:\software\Project\UnitTest\TestCases\auxiliary_verbs_as_main_verbs.xml'.</Text>
        <Exception>System.IO.DirectoryNotFoundException: Could not find a part of the path 'D:\software\Project\UnitTest\TestCases\auxiliary_verbs_as_main_verbs.xml'.
   at System.IO.__Error.WinIOError(Int32 errorCode, String maybeFullPath)
   at System.IO.File.GetAttributes(String path)
   at Microsoft.VisualStudio.TestTools.Common.SingleFileProvider.GetFilePaths()
   at Microsoft.VisualStudio.TestTools.TestManagement.DeploymentCoverageItem.GetFiles(TestRunConfiguration runConfig)
   at Microsoft.VisualStudio.TestTools.TestManagement.DeploymentManager.DoDeployment(TestRun run, FileCopyService fileCopyService)</Exception>
      </RunInfo>
      <RunInfo computerName="ARPAN-LAP" outcome="Warning" timestamp="2014-06-29T10:57:17.6538088+05:30">
        <Text>Warning: Test Run deployment issue: Failed to get the file for deployment item '..\UnitTest\TestCases\all_persons_tenses_passive_negation.xml' specified by the test 'UnitTest.BnlpTest.all_persons_tenses_passive_negation': System.IO.DirectoryNotFoundException: Could not find a part of the path 'D:\software\Project\UnitTest\TestCases\all_persons_tenses_passive_negation.xml'.</Text>
        <Exception>System.IO.DirectoryNotFoundException: Could not find a part of the path 'D:\software\Project\UnitTest\TestCases\all_persons_tenses_passive_negation.xml'.
   at System.IO.__Error.WinIOError(Int32 errorCode, String maybeFullPath)
   at System.IO.File.GetAttributes(String path)
   at Microsoft.VisualStudio.TestTools.Common.SingleFileProvider.GetFilePaths()
   at Microsoft.VisualStudio.TestTools.TestManagement.DeploymentCoverageItem.GetFiles(TestRunConfiguration runConfig)
   at Microsoft.VisualStudio.TestTools.TestManagement.DeploymentManager.DoDeployment(TestRun run, FileCopyService fileCopyService)</Exception>
      </RunInfo>
      <RunInfo computerName="ARPAN-LAP" outcome="Warning" timestamp="2014-06-29T10:57:17.6558089+05:30">
        <Text>Warning: Test Run deployment issue: Failed to get the file for deployment item '..\UnitTest\TestCases\prepositions_made_with_two_words.xml' specified by the test 'UnitTest.BnlpTest.prepositions_made_with_two_words': System.IO.DirectoryNotFoundException: Could not find a part of the path 'D:\software\Project\UnitTest\TestCases\prepositions_made_with_two_words.xml'.</Text>
        <Exception>System.IO.DirectoryNotFoundException: Could not find a part of the path 'D:\software\Project\UnitTest\TestCases\prepositions_made_with_two_words.xml'.
   at System.IO.__Error.WinIOError(Int32 errorCode, String maybeFullPath)
   at System.IO.File.GetAttributes(String path)
   at Microsoft.VisualStudio.TestTools.Common.SingleFileProvider.GetFilePaths()
   at Microsoft.VisualStudio.TestTools.TestManagement.DeploymentCoverageItem.GetFiles(TestRunConfiguration runConfig)
   at Microsoft.VisualStudio.TestTools.TestManagement.DeploymentManager.DoDeployment(TestRun run, FileCopyService fileCopyService)</Exception>
      </RunInfo>
      <RunInfo computerName="ARPAN-LAP" outcome="Warning" timestamp="2014-06-29T10:57:17.6568089+05:30">
        <Text>Warning: Test Run deployment issue: Failed to get the file for deployment item '..\UnitTest\TestCases\first_person_tenses_active.xml' specified by the test 'UnitTest.BnlpTest.first_person_tenses_active': System.IO.DirectoryNotFoundException: Could not find a part of the path 'D:\software\Project\UnitTest\TestCases\first_person_tenses_active.xml'.</Text>
        <Exception>System.IO.DirectoryNotFoundException: Could not find a part of the path 'D:\software\Project\UnitTest\TestCases\first_person_tenses_active.xml'.
   at System.IO.__Error.WinIOError(Int32 errorCode, String maybeFullPath)
   at System.IO.File.GetAttributes(String path)
   at Microsoft.VisualStudio.TestTools.Common.SingleFileProvider.GetFilePaths()
   at Microsoft.VisualStudio.TestTools.TestManagement.DeploymentCoverageItem.GetFiles(TestRunConfiguration runConfig)
   at Microsoft.VisualStudio.TestTools.TestManagement.DeploymentManager.DoDeployment(TestRun run, FileCopyService fileCopyService)</Exception>
      </RunInfo>
      <RunInfo computerName="ARPAN-LAP" outcome="Warning" timestamp="2014-06-29T10:57:17.6578090+05:30">
        <Text>Warning: Test Run deployment issue: Failed to get the file for deployment item '..\UnitTest\TestCases\interrogative_sentences_why.xml' specified by the test 'UnitTest.BnlpTest.interrogative_sentences_why': System.IO.DirectoryNotFoundException: Could not find a part of the path 'D:\software\Project\UnitTest\TestCases\interrogative_sentences_why.xml'.</Text>
        <Exception>System.IO.DirectoryNotFoundException: Could not find a part of the path 'D:\software\Project\UnitTest\TestCases\interrogative_sentences_why.xml'.
   at System.IO.__Error.WinIOError(Int32 errorCode, String maybeFullPath)
   at System.IO.File.GetAttributes(String path)
   at Microsoft.VisualStudio.TestTools.Common.SingleFileProvider.GetFilePaths()
   at Microsoft.VisualStudio.TestTools.TestManagement.DeploymentCoverageItem.GetFiles(TestRunConfiguration runConfig)
   at Microsoft.VisualStudio.TestTools.TestManagement.DeploymentManager.DoDeployment(TestRun run, FileCopyService fileCopyService)</Exception>
      </RunInfo>
      <RunInfo computerName="ARPAN-LAP" outcome="Warning" timestamp="2014-06-29T10:57:17.6588091+05:30">
        <Text>Warning: Test Run deployment issue: Failed to get the file for deployment item '..\UnitTest\TestCases\all_persons_modal_can_may.xml' specified by the test 'UnitTest.BnlpTest.all_persons_modal_can_may': System.IO.DirectoryNotFoundException: Could not find a part of the path 'D:\software\Project\UnitTest\TestCases\all_persons_modal_can_may.xml'.</Text>
        <Exception>System.IO.DirectoryNotFoundException: Could not find a part of the path 'D:\software\Project\UnitTest\TestCases\all_persons_modal_can_may.xml'.
   at System.IO.__Error.WinIOError(Int32 errorCode, String maybeFullPath)
   at System.IO.File.GetAttributes(String path)
   at Microsoft.VisualStudio.TestTools.Common.SingleFileProvider.GetFilePaths()
   at Microsoft.VisualStudio.TestTools.TestManagement.DeploymentCoverageItem.GetFiles(TestRunConfiguration runConfig)
   at Microsoft.VisualStudio.TestTools.TestManagement.DeploymentManager.DoDeployment(TestRun run, FileCopyService fileCopyService)</Exception>
      </RunInfo>
    </RunInfos>
  </ResultSummary>
  <TestDefinitions>
    <UnitTest name="prepositions_made_with_three_words" storage="d:\software\project\bnlp\unittest\bin\debug\unittest.dll" id="0f33848d-a900-d644-7498-2526887b5425">
      <DeploymentItems>
        <DeploymentItem filename="..\UnitTest\TestCases\prepositions_made_with_three_words.xml" />
      </DeploymentItems>
      <Execution id="dcd27567-b6ad-4ee6-a281-9ff68ef4e2c5" />
      <TestMethod codeBase="D:/software/Project/BNLP/UnitTest/bin/Debug/UnitTest.DLL" adapterTypeName="Microsoft.VisualStudio.TestTools.TestTypes.Unit.UnitTestAdapter, Microsoft.VisualStudio.QualityTools.Tips.UnitTest.Adapter, Version=10.0.0.0, Culture=neutral, PublicKeyToken=b03f5f7f11d50a3a" className="UnitTest.BnlpTest, UnitTest, Version=1.0.0.0, Culture=neutral, PublicKeyToken=null" name="prepositions_made_with_three_words" />
      <DataSource connectionString="|DataDirectory|\TestCases\prepositions_made_with_three_words.xml" providerInvariantName="Microsoft.VisualStudio.TestTools.DataSource.XML" tableName="sentence" />
    </UnitTest>
    <UnitTest name="first_person_tenses_active" storage="d:\software\project\bnlp\unittest\bin\debug\unittest.dll" id="921e6ab0-d7c2-6005-e523-6fd2d5e1a723">
      <DeploymentItems>
        <DeploymentItem filename="..\UnitTest\TestCases\first_person_tenses_active.xml" />
      </DeploymentItems>
      <Execution id="9f296521-27a7-435e-98ec-75908decf728" />
      <TestMethod codeBase="D:/software/Project/BNLP/UnitTest/bin/Debug/UnitTest.DLL" adapterTypeName="Microsoft.VisualStudio.TestTools.TestTypes.Unit.UnitTestAdapter, Microsoft.VisualStudio.QualityTools.Tips.UnitTest.Adapter, Version=10.0.0.0, Culture=neutral, PublicKeyToken=b03f5f7f11d50a3a" className="UnitTest.BnlpTest, UnitTest, Version=1.0.0.0, Culture=neutral, PublicKeyToken=null" name="first_person_tenses_active" />
      <DataSource connectionString="|DataDirectory|\TestCases\first_person_tenses_active.xml" providerInvariantName="Microsoft.VisualStudio.TestTools.DataSource.XML" tableName="sentence" />
    </UnitTest>
    <UnitTest name="interrogative_sentences_what" storage="d:\software\project\bnlp\unittest\bin\debug\unittest.dll" id="7f7910d1-dc89-39b4-b4cf-d9e6d7af9420">
      <DeploymentItems>
        <DeploymentItem filename="..\UnitTest\TestCases\interrogative_sentences_what.xml" />
      </DeploymentItems>
      <Execution id="8648e554-2c00-4673-a769-3082fc831249" />
      <TestMethod codeBase="D:/software/Project/BNLP/UnitTest/bin/Debug/UnitTest.DLL" adapterTypeName="Microsoft.VisualStudio.TestTools.TestTypes.Unit.UnitTestAdapter, Microsoft.VisualStudio.QualityTools.Tips.UnitTest.Adapter, Version=10.0.0.0, Culture=neutral, PublicKeyToken=b03f5f7f11d50a3a" className="UnitTest.BnlpTest, UnitTest, Version=1.0.0.0, Culture=neutral, PublicKeyToken=null" name="interrogative_sentences_what" />
      <DataSource connectionString="|DataDirectory|\TestCases\interrogative_sentences_what.xml" providerInvariantName="Microsoft.VisualStudio.TestTools.DataSource.XML" tableName="sentence" />
    </UnitTest>
    <UnitTest name="all_persons_modal_should_negation" storage="d:\software\project\bnlp\unittest\bin\debug\unittest.dll" id="9319d01e-de3e-d310-c76e-cae8dce4c924">
      <DeploymentItems>
        <DeploymentItem filename="..\UnitTest\TestCases\all_persons_modal_should_negation.xml" />
      </DeploymentItems>
      <Execution id="46a7ce3c-6f0f-4833-a97d-5213379a158c" />
      <TestMethod codeBase="D:/software/Project/BNLP/UnitTest/bin/Debug/UnitTest.DLL" adapterTypeName="Microsoft.VisualStudio.TestTools.TestTypes.Unit.UnitTestAdapter, Microsoft.VisualStudio.QualityTools.Tips.UnitTest.Adapter, Version=10.0.0.0, Culture=neutral, PublicKeyToken=b03f5f7f11d50a3a" className="UnitTest.BnlpTest, UnitTest, Version=1.0.0.0, Culture=neutral, PublicKeyToken=null" name="all_persons_modal_should_negation" />
      <DataSource connectionString="|DataDirectory|\TestCases\all_persons_modal_should_negation.xml" providerInvariantName="Microsoft.VisualStudio.TestTools.DataSource.XML" tableName="sentence" />
    </UnitTest>
    <UnitTest name="prepositions_made_with_two_words" storage="d:\software\project\bnlp\unittest\bin\debug\unittest.dll" id="0f337a75-1a2d-d9c3-6c5f-23ed2604b69d">
      <DeploymentItems>
        <DeploymentItem filename="..\UnitTest\TestCases\prepositions_made_with_two_words.xml" />
      </DeploymentItems>
      <Execution id="19a1921b-7909-466b-8825-a942cbabe491" />
      <TestMethod codeBase="D:/software/Project/BNLP/UnitTest/bin/Debug/UnitTest.DLL" adapterTypeName="Microsoft.VisualStudio.TestTools.TestTypes.Unit.UnitTestAdapter, Microsoft.VisualStudio.QualityTools.Tips.UnitTest.Adapter, Version=10.0.0.0, Culture=neutral, PublicKeyToken=b03f5f7f11d50a3a" className="UnitTest.BnlpTest, UnitTest, Version=1.0.0.0, Culture=neutral, PublicKeyToken=null" name="prepositions_made_with_two_words" />
      <DataSource connectionString="|DataDirectory|\TestCases\prepositions_made_with_two_words.xml" providerInvariantName="Microsoft.VisualStudio.TestTools.DataSource.XML" tableName="sentence" />
    </UnitTest>
    <UnitTest name="interrogative_sentences_do" storage="d:\software\project\bnlp\unittest\bin\debug\unittest.dll" id="1d63c318-78a9-9011-f5c0-0b01884a2881">
      <DeploymentItems>
        <DeploymentItem filename="..\UnitTest\TestCases\interrogative_sentences_do.xml" />
      </DeploymentItems>
      <Execution id="3a897bd2-72aa-4d12-a906-9fb247647c87" />
      <TestMethod codeBase="D:/software/Project/BNLP/UnitTest/bin/Debug/UnitTest.DLL" adapterTypeName="Microsoft.VisualStudio.TestTools.TestTypes.Unit.UnitTestAdapter, Microsoft.VisualStudio.QualityTools.Tips.UnitTest.Adapter, Version=10.0.0.0, Culture=neutral, PublicKeyToken=b03f5f7f11d50a3a" className="UnitTest.BnlpTest, UnitTest, Version=1.0.0.0, Culture=neutral, PublicKeyToken=null" name="interrogative_sentences_do" />
      <DataSource connectionString="|DataDirectory|\TestCases\interrogative_sentences_do.xml" providerInvariantName="Microsoft.VisualStudio.TestTools.DataSource.XML" tableName="sentence" />
    </UnitTest>
    <UnitTest name="all_persons_tenses_passive_negation" storage="d:\software\project\bnlp\unittest\bin\debug\unittest.dll" id="bdfe92b2-f4ac-73a5-f13d-5c1ea13721b4">
      <DeploymentItems>
        <DeploymentItem filename="..\UnitTest\TestCases\all_persons_tenses_passive_negation.xml" />
      </DeploymentItems>
      <Execution id="6e26bc67-c48e-4448-9798-bb54cb01d3df" />
      <TestMethod codeBase="D:/software/Project/BNLP/UnitTest/bin/Debug/UnitTest.DLL" adapterTypeName="Microsoft.VisualStudio.TestTools.TestTypes.Unit.UnitTestAdapter, Microsoft.VisualStudio.QualityTools.Tips.UnitTest.Adapter, Version=10.0.0.0, Culture=neutral, PublicKeyToken=b03f5f7f11d50a3a" className="UnitTest.BnlpTest, UnitTest, Version=1.0.0.0, Culture=neutral, PublicKeyToken=null" name="all_persons_tenses_passive_negation" />
      <DataSource connectionString="|DataDirectory|\TestCases\all_persons_tenses_passive_negation.xml" providerInvariantName="Microsoft.VisualStudio.TestTools.DataSource.XML" tableName="sentence" />
    </UnitTest>
    <UnitTest name="third_person_tenses_active_negation" storage="d:\software\project\bnlp\unittest\bin\debug\unittest.dll" id="fe3e63ab-391c-e168-48d0-431b85a7b898">
      <DeploymentItems>
        <DeploymentItem filename="..\UnitTest\TestCases\third_person_tenses_active_negation.xml" />
      </DeploymentItems>
      <Execution id="64fa3a81-de06-4b1d-bccd-4d27b39535a0" />
      <TestMethod codeBase="D:/software/Project/BNLP/UnitTest/bin/Debug/UnitTest.DLL" adapterTypeName="Microsoft.VisualStudio.TestTools.TestTypes.Unit.UnitTestAdapter, Microsoft.VisualStudio.QualityTools.Tips.UnitTest.Adapter, Version=10.0.0.0, Culture=neutral, PublicKeyToken=b03f5f7f11d50a3a" className="UnitTest.BnlpTest, UnitTest, Version=1.0.0.0, Culture=neutral, PublicKeyToken=null" name="third_person_tenses_active_negation" />
      <DataSource connectionString="|DataDirectory|\TestCases\third_person_tenses_active_negation.xml" providerInvariantName="Microsoft.VisualStudio.TestTools.DataSource.XML" tableName="sentence" />
    </UnitTest>
    <UnitTest name="all_persons_modal_should" storage="d:\software\project\bnlp\unittest\bin\debug\unittest.dll" id="783915fe-114a-e353-78dd-56e92a60f942">
      <DeploymentItems>
        <DeploymentItem filename="..\UnitTest\TestCases\all_persons_modal_should.xml" />
      </DeploymentItems>
      <Execution id="df3d4493-a25d-4a40-bf51-2c70510df5f8" />
      <TestMethod codeBase="D:/software/Project/BNLP/UnitTest/bin/Debug/UnitTest.DLL" adapterTypeName="Microsoft.VisualStudio.TestTools.TestTypes.Unit.UnitTestAdapter, Microsoft.VisualStudio.QualityTools.Tips.UnitTest.Adapter, Version=10.0.0.0, Culture=neutral, PublicKeyToken=b03f5f7f11d50a3a" className="UnitTest.BnlpTest, UnitTest, Version=1.0.0.0, Culture=neutral, PublicKeyToken=null" name="all_persons_modal_should" />
      <DataSource connectionString="|DataDirectory|\TestCases\all_persons_modal_should.xml" providerInvariantName="Microsoft.VisualStudio.TestTools.DataSource.XML" tableName="sentence" />
    </UnitTest>
    <UnitTest name="second_person_tenses_active" storage="d:\software\project\bnlp\unittest\bin\debug\unittest.dll" id="30ab3285-6a8c-14d2-9725-bd60892ccd90">
      <DeploymentItems>
        <DeploymentItem filename="..\UnitTest\TestCases\second_person_tenses_active.xml" />
      </DeploymentItems>
      <Execution id="a1b649d2-8463-479f-aa3f-a4f74ddacb92" />
      <TestMethod codeBase="D:/software/Project/BNLP/UnitTest/bin/Debug/UnitTest.DLL" adapterTypeName="Microsoft.VisualStudio.TestTools.TestTypes.Unit.UnitTestAdapter, Microsoft.VisualStudio.QualityTools.Tips.UnitTest.Adapter, Version=10.0.0.0, Culture=neutral, PublicKeyToken=b03f5f7f11d50a3a" className="UnitTest.BnlpTest, UnitTest, Version=1.0.0.0, Culture=neutral, PublicKeyToken=null" name="second_person_tenses_active" />
      <DataSource connectionString="|DataDirectory|\TestCases\second_person_tenses_active.xml" providerInvariantName="Microsoft.VisualStudio.TestTools.DataSource.XML" tableName="sentence" />
    </UnitTest>
    <UnitTest name="interrogative_sentences_who" storage="d:\software\project\bnlp\unittest\bin\debug\unittest.dll" id="32b5d279-0d23-e5ad-0301-234c8788f740">
      <DeploymentItems>
        <DeploymentItem filename="..\UnitTest\TestCases\interrogative_sentences_who.xml" />
      </DeploymentItems>
      <Execution id="320e5bc2-248a-4929-936f-203ad98e2665" />
      <TestMethod codeBase="D:/software/Project/BNLP/UnitTest/bin/Debug/UnitTest.DLL" adapterTypeName="Microsoft.VisualStudio.TestTools.TestTypes.Unit.UnitTestAdapter, Microsoft.VisualStudio.QualityTools.Tips.UnitTest.Adapter, Version=10.0.0.0, Culture=neutral, PublicKeyToken=b03f5f7f11d50a3a" className="UnitTest.BnlpTest, UnitTest, Version=1.0.0.0, Culture=neutral, PublicKeyToken=null" name="interrogative_sentences_who" />
      <DataSource connectionString="|DataDirectory|\TestCases\interrogative_sentences_who.xml" providerInvariantName="Microsoft.VisualStudio.TestTools.DataSource.XML" tableName="sentence" />
    </UnitTest>
    <UnitTest name="all_persons_modal_can_may" storage="d:\software\project\bnlp\unittest\bin\debug\unittest.dll" id="8fe5ccb3-a3f4-0f61-ad21-e94ef029e900">
      <DeploymentItems>
        <DeploymentItem filename="..\UnitTest\TestCases\all_persons_modal_can_may.xml" />
      </DeploymentItems>
      <Execution id="d5350158-80f2-4e31-bc35-f2d8b5463f6e" />
      <TestMethod codeBase="D:/software/Project/BNLP/UnitTest/bin/Debug/UnitTest.DLL" adapterTypeName="Microsoft.VisualStudio.TestTools.TestTypes.Unit.UnitTestAdapter, Microsoft.VisualStudio.QualityTools.Tips.UnitTest.Adapter, Version=10.0.0.0, Culture=neutral, PublicKeyToken=b03f5f7f11d50a3a" className="UnitTest.BnlpTest, UnitTest, Version=1.0.0.0, Culture=neutral, PublicKeyToken=null" name="all_persons_modal_can_may" />
      <DataSource connectionString="|DataDirectory|\TestCases\all_persons_modal_can_may.xml" providerInvariantName="Microsoft.VisualStudio.TestTools.DataSource.XML" tableName="sentence" />
    </UnitTest>
    <UnitTest name="interrogative_sentences_how" storage="d:\software\project\bnlp\unittest\bin\debug\unittest.dll" id="227f20ae-8e76-eb71-39b2-4ada3ce6aba8">
      <DeploymentItems>
        <DeploymentItem filename="..\UnitTest\TestCases\interrogative_sentences_how.xml" />
      </DeploymentItems>
      <Execution id="0fe5bedc-c500-4e13-804f-276569de496c" />
      <TestMethod codeBase="D:/software/Project/BNLP/UnitTest/bin/Debug/UnitTest.DLL" adapterTypeName="Microsoft.VisualStudio.TestTools.TestTypes.Unit.UnitTestAdapter, Microsoft.VisualStudio.QualityTools.Tips.UnitTest.Adapter, Version=10.0.0.0, Culture=neutral, PublicKeyToken=b03f5f7f11d50a3a" className="UnitTest.BnlpTest, UnitTest, Version=1.0.0.0, Culture=neutral, PublicKeyToken=null" name="interrogative_sentences_how" />
      <DataSource connectionString="|DataDirectory|\TestCases\interrogative_sentences_how.xml" providerInvariantName="Microsoft.VisualStudio.TestTools.DataSource.XML" tableName="sentence" />
    </UnitTest>
    <UnitTest name="all_persons_modal_can_may_negation" storage="d:\software\project\bnlp\unittest\bin\debug\unittest.dll" id="d03eb628-bf1f-c27d-aeef-e708d613d686">
      <DeploymentItems>
        <DeploymentItem filename="..\UnitTest\TestCases\all_persons_modal_can_may_negation.xml" />
      </DeploymentItems>
      <Execution id="1fc11ed8-5409-4732-b021-924a9fd9de9b" />
      <TestMethod codeBase="D:/software/Project/BNLP/UnitTest/bin/Debug/UnitTest.DLL" adapterTypeName="Microsoft.VisualStudio.TestTools.TestTypes.Unit.UnitTestAdapter, Microsoft.VisualStudio.QualityTools.Tips.UnitTest.Adapter, Version=10.0.0.0, Culture=neutral, PublicKeyToken=b03f5f7f11d50a3a" className="UnitTest.BnlpTest, UnitTest, Version=1.0.0.0, Culture=neutral, PublicKeyToken=null" name="all_persons_modal_can_may_negation" />
      <DataSource connectionString="|DataDirectory|\TestCases\all_persons_modal_can_may_negation.xml" providerInvariantName="Microsoft.VisualStudio.TestTools.DataSource.XML" tableName="sentence" />
    </UnitTest>
    <UnitTest name="RandomWord" storage="d:\software\project\bnlp\unittest\bin\debug\unittest.dll" id="642ce34f-0ed4-f995-637b-09297c832f2a">
      <DeploymentItems>
        <DeploymentItem filename="..\UnitTest\TestCases\wikipedia.xml" />
      </DeploymentItems>
      <Execution id="2886c523-f9ef-4cf1-a373-5537449b7791" />
      <TestMethod codeBase="D:/software/Project/BNLP/UnitTest/bin/Debug/UnitTest.DLL" adapterTypeName="Microsoft.VisualStudio.TestTools.TestTypes.Unit.UnitTestAdapter, Microsoft.VisualStudio.QualityTools.Tips.UnitTest.Adapter, Version=10.0.0.0, Culture=neutral, PublicKeyToken=b03f5f7f11d50a3a" className="UnitTest.BnlpTest, UnitTest, Version=1.0.0.0, Culture=neutral, PublicKeyToken=null" name="RandomWord" />
      <DataSource connectionString="|DataDirectory|\TestCases\wikipedia.xml" providerInvariantName="Microsoft.VisualStudio.TestTools.DataSource.XML" tableName="sentence" />
    </UnitTest>
    <UnitTest name="second_person_tenses_active_negation" storage="d:\software\project\bnlp\unittest\bin\debug\unittest.dll" id="83c68223-dcaa-51dd-423f-434210a59f77">
      <DeploymentItems>
        <DeploymentItem filename="..\UnitTest\TestCases\second_person_tenses_active_negation.xml" />
      </DeploymentItems>
      <Execution id="335e44f5-13d7-43b8-8f0d-032735df25a5" />
      <TestMethod codeBase="D:/software/Project/BNLP/UnitTest/bin/Debug/UnitTest.DLL" adapterTypeName="Microsoft.VisualStudio.TestTools.TestTypes.Unit.UnitTestAdapter, Microsoft.VisualStudio.QualityTools.Tips.UnitTest.Adapter, Version=10.0.0.0, Culture=neutral, PublicKeyToken=b03f5f7f11d50a3a" className="UnitTest.BnlpTest, UnitTest, Version=1.0.0.0, Culture=neutral, PublicKeyToken=null" name="second_person_tenses_active_negation" />
      <DataSource connectionString="|DataDirectory|\TestCases\second_person_tenses_active_negation.xml" providerInvariantName="Microsoft.VisualStudio.TestTools.DataSource.XML" tableName="sentence" />
    </UnitTest>
    <UnitTest name="interrogative_sentences_why" storage="d:\software\project\bnlp\unittest\bin\debug\unittest.dll" id="1b04a6d6-5350-792c-8eba-a46a0eb28949">
      <DeploymentItems>
        <DeploymentItem filename="..\UnitTest\TestCases\interrogative_sentences_why.xml" />
      </DeploymentItems>
      <Execution id="9fb31bd9-63de-4a8c-86dd-d619bf500f9d" />
      <TestMethod codeBase="D:/software/Project/BNLP/UnitTest/bin/Debug/UnitTest.DLL" adapterTypeName="Microsoft.VisualStudio.TestTools.TestTypes.Unit.UnitTestAdapter, Microsoft.VisualStudio.QualityTools.Tips.UnitTest.Adapter, Version=10.0.0.0, Culture=neutral, PublicKeyToken=b03f5f7f11d50a3a" className="UnitTest.BnlpTest, UnitTest, Version=1.0.0.0, Culture=neutral, PublicKeyToken=null" name="interrogative_sentences_why" />
      <DataSource connectionString="|DataDirectory|\TestCases\interrogative_sentences_why.xml" providerInvariantName="Microsoft.VisualStudio.TestTools.DataSource.XML" tableName="sentence" />
    </UnitTest>
    <UnitTest name="interrogative_sentences_which" storage="d:\software\project\bnlp\unittest\bin\debug\unittest.dll" id="97a1371f-e8e6-db3e-323e-49ffeef32df1">
      <DeploymentItems>
        <DeploymentItem filename="..\UnitTest\TestCases\interrogative_sentences_which.xml" />
      </DeploymentItems>
      <Execution id="81e55632-613e-4bd3-a0a5-ded47df0750f" />
      <TestMethod codeBase="D:/software/Project/BNLP/UnitTest/bin/Debug/UnitTest.DLL" adapterTypeName="Microsoft.VisualStudio.TestTools.TestTypes.Unit.UnitTestAdapter, Microsoft.VisualStudio.QualityTools.Tips.UnitTest.Adapter, Version=10.0.0.0, Culture=neutral, PublicKeyToken=b03f5f7f11d50a3a" className="UnitTest.BnlpTest, UnitTest, Version=1.0.0.0, Culture=neutral, PublicKeyToken=null" name="interrogative_sentences_which" />
      <DataSource connectionString="|DataDirectory|\TestCases\interrogative_sentences_which.xml" providerInvariantName="Microsoft.VisualStudio.TestTools.DataSource.XML" tableName="sentence" />
    </UnitTest>
    <UnitTest name="third_person_tenses_active" storage="d:\software\project\bnlp\unittest\bin\debug\unittest.dll" id="0bc2f98c-98f5-f190-c78c-c00d94c547a1">
      <DeploymentItems>
        <DeploymentItem filename="..\UnitTest\TestCases\third_person_tenses_active.xml" />
      </DeploymentItems>
      <Execution id="3102e8f9-e3d4-46e8-9e34-573c75db063a" />
      <TestMethod codeBase="D:/software/Project/BNLP/UnitTest/bin/Debug/UnitTest.DLL" adapterTypeName="Microsoft.VisualStudio.TestTools.TestTypes.Unit.UnitTestAdapter, Microsoft.VisualStudio.QualityTools.Tips.UnitTest.Adapter, Version=10.0.0.0, Culture=neutral, PublicKeyToken=b03f5f7f11d50a3a" className="UnitTest.BnlpTest, UnitTest, Version=1.0.0.0, Culture=neutral, PublicKeyToken=null" name="third_person_tenses_active" />
      <DataSource connectionString="|DataDirectory|\TestCases\third_person_tenses_active.xml" providerInvariantName="Microsoft.VisualStudio.TestTools.DataSource.XML" tableName="sentence" />
    </UnitTest>
    <UnitTest name="auxiliary_verbs_as_main_verbs" storage="d:\software\project\bnlp\unittest\bin\debug\unittest.dll" id="c79146bc-2376-961a-5de9-441b5dfc7188">
      <DeploymentItems>
        <DeploymentItem filename="..\UnitTest\TestCases\auxiliary_verbs_as_main_verbs.xml" />
      </DeploymentItems>
      <Execution id="fb0fabe4-1f1b-46d8-a5c7-42fb075c7b57" />
      <TestMethod codeBase="D:/software/Project/BNLP/UnitTest/bin/Debug/UnitTest.DLL" adapterTypeName="Microsoft.VisualStudio.TestTools.TestTypes.Unit.UnitTestAdapter, Microsoft.VisualStudio.QualityTools.Tips.UnitTest.Adapter, Version=10.0.0.0, Culture=neutral, PublicKeyToken=b03f5f7f11d50a3a" className="UnitTest.BnlpTest, UnitTest, Version=1.0.0.0, Culture=neutral, PublicKeyToken=null" name="auxiliary_verbs_as_main_verbs" />
      <DataSource connectionString="|DataDirectory|\TestCases\auxiliary_verbs_as_main_verbs.xml" providerInvariantName="Microsoft.VisualStudio.TestTools.DataSource.XML" tableName="sentence" />
    </UnitTest>
    <UnitTest name="special_handling_do_verb" storage="d:\software\project\bnlp\unittest\bin\debug\unittest.dll" id="533e7939-123c-ce84-5c5c-d5a21d1d95b9">
      <DeploymentItems>
        <DeploymentItem filename="..\UnitTest\TestCases\special_handling_do_verb.xml" />
      </DeploymentItems>
      <Execution id="3be3c11b-6b0d-45bf-ab4e-6517eb328e9d" />
      <TestMethod codeBase="D:/software/Project/BNLP/UnitTest/bin/Debug/UnitTest.DLL" adapterTypeName="Microsoft.VisualStudio.TestTools.TestTypes.Unit.UnitTestAdapter, Microsoft.VisualStudio.QualityTools.Tips.UnitTest.Adapter, Version=10.0.0.0, Culture=neutral, PublicKeyToken=b03f5f7f11d50a3a" className="UnitTest.BnlpTest, UnitTest, Version=1.0.0.0, Culture=neutral, PublicKeyToken=null" name="special_handling_do_verb" />
      <DataSource connectionString="|DataDirectory|\TestCases\special_handling_do_verb.xml" providerInvariantName="Microsoft.VisualStudio.TestTools.DataSource.XML" tableName="sentence" />
    </UnitTest>
    <UnitTest name="interrogative_sentences_whom" storage="d:\software\project\bnlp\unittest\bin\debug\unittest.dll" id="4e91a3b9-9eae-ebff-0b97-303f00578a78">
      <DeploymentItems>
        <DeploymentItem filename="..\UnitTest\TestCases\interrogative_sentences_whom.xml" />
      </DeploymentItems>
      <Execution id="2cb72f81-61de-4f9c-9c52-6b2d69c893c0" />
      <TestMethod codeBase="D:/software/Project/BNLP/UnitTest/bin/Debug/UnitTest.DLL" adapterTypeName="Microsoft.VisualStudio.TestTools.TestTypes.Unit.UnitTestAdapter, Microsoft.VisualStudio.QualityTools.Tips.UnitTest.Adapter, Version=10.0.0.0, Culture=neutral, PublicKeyToken=b03f5f7f11d50a3a" className="UnitTest.BnlpTest, UnitTest, Version=1.0.0.0, Culture=neutral, PublicKeyToken=null" name="interrogative_sentences_whom" />
      <DataSource connectionString="|DataDirectory|\TestCases\interrogative_sentences_whom.xml" providerInvariantName="Microsoft.VisualStudio.TestTools.DataSource.XML" tableName="sentence" />
    </UnitTest>
    <UnitTest name="interrogative_sentences_where" storage="d:\software\project\bnlp\unittest\bin\debug\unittest.dll" id="b9261b51-b0a2-10e2-9308-22bb2624de8b">
      <DeploymentItems>
        <DeploymentItem filename="..\UnitTest\TestCases\interrogative_sentences_where.xml" />
      </DeploymentItems>
      <Execution id="2bf43fa6-171b-4b15-897e-a358f47278a1" />
      <TestMethod codeBase="D:/software/Project/BNLP/UnitTest/bin/Debug/UnitTest.DLL" adapterTypeName="Microsoft.VisualStudio.TestTools.TestTypes.Unit.UnitTestAdapter, Microsoft.VisualStudio.QualityTools.Tips.UnitTest.Adapter, Version=10.0.0.0, Culture=neutral, PublicKeyToken=b03f5f7f11d50a3a" className="UnitTest.BnlpTest, UnitTest, Version=1.0.0.0, Culture=neutral, PublicKeyToken=null" name="interrogative_sentences_where" />
      <DataSource connectionString="|DataDirectory|\TestCases\interrogative_sentences_where.xml" providerInvariantName="Microsoft.VisualStudio.TestTools.DataSource.XML" tableName="sentence" />
    </UnitTest>
    <UnitTest name="interrogative_sentences_aux" storage="d:\software\project\bnlp\unittest\bin\debug\unittest.dll" id="39dcb97e-c73f-c645-a77c-64d9eba0a3a3">
      <DeploymentItems>
        <DeploymentItem filename="..\UnitTest\TestCases\interrogative_sentences_aux.xml" />
      </DeploymentItems>
      <Execution id="3b3eb63d-2a32-43fc-b95e-bcb896e3f4b4" />
      <TestMethod codeBase="D:/software/Project/BNLP/UnitTest/bin/Debug/UnitTest.DLL" adapterTypeName="Microsoft.VisualStudio.TestTools.TestTypes.Unit.UnitTestAdapter, Microsoft.VisualStudio.QualityTools.Tips.UnitTest.Adapter, Version=10.0.0.0, Culture=neutral, PublicKeyToken=b03f5f7f11d50a3a" className="UnitTest.BnlpTest, UnitTest, Version=1.0.0.0, Culture=neutral, PublicKeyToken=null" name="interrogative_sentences_aux" />
      <DataSource connectionString="|DataDirectory|\TestCases\interrogative_sentences_aux.xml" providerInvariantName="Microsoft.VisualStudio.TestTools.DataSource.XML" tableName="sentence" />
    </UnitTest>
    <UnitTest name="all_persons_tenses_passive" storage="d:\software\project\bnlp\unittest\bin\debug\unittest.dll" id="d766a059-d96c-7b47-e6a6-34931760df96">
      <DeploymentItems>
        <DeploymentItem filename="..\UnitTest\TestCases\all_persons_tenses_passive.xml" />
      </DeploymentItems>
      <Execution id="c6bb1cdd-9fca-4d43-a3fa-b3ceb49a5c82" />
      <TestMethod codeBase="D:/software/Project/BNLP/UnitTest/bin/Debug/UnitTest.DLL" adapterTypeName="Microsoft.VisualStudio.TestTools.TestTypes.Unit.UnitTestAdapter, Microsoft.VisualStudio.QualityTools.Tips.UnitTest.Adapter, Version=10.0.0.0, Culture=neutral, PublicKeyToken=b03f5f7f11d50a3a" className="UnitTest.BnlpTest, UnitTest, Version=1.0.0.0, Culture=neutral, PublicKeyToken=null" name="all_persons_tenses_passive" />
      <DataSource connectionString="|DataDirectory|\TestCases\all_persons_tenses_passive.xml" providerInvariantName="Microsoft.VisualStudio.TestTools.DataSource.XML" tableName="sentence" />
    </UnitTest>
    <UnitTest name="first_person_tenses_active_negation" storage="d:\software\project\bnlp\unittest\bin\debug\unittest.dll" id="15fe5bf6-5078-81a8-0356-385549390bb7">
      <DeploymentItems>
        <DeploymentItem filename="..\UnitTest\TestCases\first_person_tenses_active_negation.xml" />
      </DeploymentItems>
      <Execution id="25057c26-2203-462c-a65d-55578fa91f69" />
      <TestMethod codeBase="D:/software/Project/BNLP/UnitTest/bin/Debug/UnitTest.DLL" adapterTypeName="Microsoft.VisualStudio.TestTools.TestTypes.Unit.UnitTestAdapter, Microsoft.VisualStudio.QualityTools.Tips.UnitTest.Adapter, Version=10.0.0.0, Culture=neutral, PublicKeyToken=b03f5f7f11d50a3a" className="UnitTest.BnlpTest, UnitTest, Version=1.0.0.0, Culture=neutral, PublicKeyToken=null" name="first_person_tenses_active_negation" />
      <DataSource connectionString="|DataDirectory|\TestCases\first_person_tenses_active_negation.xml" providerInvariantName="Microsoft.VisualStudio.TestTools.DataSource.XML" tableName="sentence" />
    </UnitTest>
  </TestDefinitions>
  <TestLists>
    <TestList name="Results Not in a List" id="8c84fa94-04c1-424b-9868-57a2d4851a1d" />
    <TestList name="All Loaded Results" id="19431567-8539-422a-85d7-44ee4e166bda" />
  </TestLists>
  <TestEntries>
    <TestEntry testId="0bc2f98c-98f5-f190-c78c-c00d94c547a1" executionId="3102e8f9-e3d4-46e8-9e34-573c75db063a" testListId="8c84fa94-04c1-424b-9868-57a2d4851a1d" />
    <TestEntry testId="0f337a75-1a2d-d9c3-6c5f-23ed2604b69d" executionId="19a1921b-7909-466b-8825-a942cbabe491" testListId="8c84fa94-04c1-424b-9868-57a2d4851a1d" />
    <TestEntry testId="0f33848d-a900-d644-7498-2526887b5425" executionId="dcd27567-b6ad-4ee6-a281-9ff68ef4e2c5" testListId="8c84fa94-04c1-424b-9868-57a2d4851a1d" />
    <TestEntry testId="15fe5bf6-5078-81a8-0356-385549390bb7" executionId="25057c26-2203-462c-a65d-55578fa91f69" testListId="8c84fa94-04c1-424b-9868-57a2d4851a1d" />
    <TestEntry testId="1b04a6d6-5350-792c-8eba-a46a0eb28949" executionId="9fb31bd9-63de-4a8c-86dd-d619bf500f9d" testListId="8c84fa94-04c1-424b-9868-57a2d4851a1d" />
    <TestEntry testId="1d63c318-78a9-9011-f5c0-0b01884a2881" executionId="3a897bd2-72aa-4d12-a906-9fb247647c87" testListId="8c84fa94-04c1-424b-9868-57a2d4851a1d" />
    <TestEntry testId="227f20ae-8e76-eb71-39b2-4ada3ce6aba8" executionId="0fe5bedc-c500-4e13-804f-276569de496c" testListId="8c84fa94-04c1-424b-9868-57a2d4851a1d" />
    <TestEntry testId="30ab3285-6a8c-14d2-9725-bd60892ccd90" executionId="a1b649d2-8463-479f-aa3f-a4f74ddacb92" testListId="8c84fa94-04c1-424b-9868-57a2d4851a1d" />
    <TestEntry testId="32b5d279-0d23-e5ad-0301-234c8788f740" executionId="320e5bc2-248a-4929-936f-203ad98e2665" testListId="8c84fa94-04c1-424b-9868-57a2d4851a1d" />
    <TestEntry testId="39dcb97e-c73f-c645-a77c-64d9eba0a3a3" executionId="3b3eb63d-2a32-43fc-b95e-bcb896e3f4b4" testListId="8c84fa94-04c1-424b-9868-57a2d4851a1d" />
    <TestEntry testId="4e91a3b9-9eae-ebff-0b97-303f00578a78" executionId="2cb72f81-61de-4f9c-9c52-6b2d69c893c0" testListId="8c84fa94-04c1-424b-9868-57a2d4851a1d" />
    <TestEntry testId="533e7939-123c-ce84-5c5c-d5a21d1d95b9" executionId="3be3c11b-6b0d-45bf-ab4e-6517eb328e9d" testListId="8c84fa94-04c1-424b-9868-57a2d4851a1d" />
    <TestEntry testId="642ce34f-0ed4-f995-637b-09297c832f2a" executionId="2886c523-f9ef-4cf1-a373-5537449b7791" testListId="8c84fa94-04c1-424b-9868-57a2d4851a1d" />
    <TestEntry testId="783915fe-114a-e353-78dd-56e92a60f942" executionId="df3d4493-a25d-4a40-bf51-2c70510df5f8" testListId="8c84fa94-04c1-424b-9868-57a2d4851a1d" />
    <TestEntry testId="7f7910d1-dc89-39b4-b4cf-d9e6d7af9420" executionId="8648e554-2c00-4673-a769-3082fc831249" testListId="8c84fa94-04c1-424b-9868-57a2d4851a1d" />
    <TestEntry testId="83c68223-dcaa-51dd-423f-434210a59f77" executionId="335e44f5-13d7-43b8-8f0d-032735df25a5" testListId="8c84fa94-04c1-424b-9868-57a2d4851a1d" />
    <TestEntry testId="8fe5ccb3-a3f4-0f61-ad21-e94ef029e900" executionId="d5350158-80f2-4e31-bc35-f2d8b5463f6e" testListId="8c84fa94-04c1-424b-9868-57a2d4851a1d" />
    <TestEntry testId="921e6ab0-d7c2-6005-e523-6fd2d5e1a723" executionId="9f296521-27a7-435e-98ec-75908decf728" testListId="8c84fa94-04c1-424b-9868-57a2d4851a1d" />
    <TestEntry testId="9319d01e-de3e-d310-c76e-cae8dce4c924" executionId="46a7ce3c-6f0f-4833-a97d-5213379a158c" testListId="8c84fa94-04c1-424b-9868-57a2d4851a1d" />
    <TestEntry testId="97a1371f-e8e6-db3e-323e-49ffeef32df1" executionId="81e55632-613e-4bd3-a0a5-ded47df0750f" testListId="8c84fa94-04c1-424b-9868-57a2d4851a1d" />
    <TestEntry testId="b9261b51-b0a2-10e2-9308-22bb2624de8b" executionId="2bf43fa6-171b-4b15-897e-a358f47278a1" testListId="8c84fa94-04c1-424b-9868-57a2d4851a1d" />
    <TestEntry testId="bdfe92b2-f4ac-73a5-f13d-5c1ea13721b4" executionId="6e26bc67-c48e-4448-9798-bb54cb01d3df" testListId="8c84fa94-04c1-424b-9868-57a2d4851a1d" />
    <TestEntry testId="c79146bc-2376-961a-5de9-441b5dfc7188" executionId="fb0fabe4-1f1b-46d8-a5c7-42fb075c7b57" testListId="8c84fa94-04c1-424b-9868-57a2d4851a1d" />
    <TestEntry testId="d03eb628-bf1f-c27d-aeef-e708d613d686" executionId="1fc11ed8-5409-4732-b021-924a9fd9de9b" testListId="8c84fa94-04c1-424b-9868-57a2d4851a1d" />
    <TestEntry testId="d766a059-d96c-7b47-e6a6-34931760df96" executionId="c6bb1cdd-9fca-4d43-a3fa-b3ceb49a5c82" testListId="8c84fa94-04c1-424b-9868-57a2d4851a1d" />
    <TestEntry testId="fe3e63ab-391c-e168-48d0-431b85a7b898" executionId="64fa3a81-de06-4b1d-bccd-4d27b39535a0" testListId="8c84fa94-04c1-424b-9868-57a2d4851a1d" />
  </TestEntries>
  <Results>
    <UnitTestResult executionId="3102e8f9-e3d4-46e8-9e34-573c75db063a" testId="0bc2f98c-98f5-f190-c78c-c00d94c547a1" testName="third_person_tenses_active" computerName="ARPAN-LAP" duration="00:00:14.7496993" startTime="2014-06-29T10:57:19.2238986+05:30" endTime="2014-06-29T10:57:39.2650449+05:30" testType="13cdc9d9-ddb5-4fa4-a97d-d965ccfc6d4b" outcome="Passed" testListId="8c84fa94-04c1-424b-9868-57a2d4851a1d" relativeResultsDirectory="3102e8f9-e3d4-46e8-9e34-573c75db063a" resultType="DataDrivenTest">
      <Counters error="0" failed="0" timeout="0" aborted="0" inconclusive="0" passedButRunAborted="0" notRunnable="0" notExecuted="0" disconnected="0" warning="0" passed="10" completed="0" inProgress="0" pending="0" />
      <InnerResults>
        <UnitTestResult executionId="e4d6b47c-c027-4d5c-9445-529f7e7a5cc3" parentExecutionId="3102e8f9-e3d4-46e8-9e34-573c75db063a" testId="0bc2f98c-98f5-f190-c78c-c00d94c547a1" testName="third_person_tenses_active" computerName="ARPAN-LAP" duration="00:00:13.2319490" startTime="2014-06-29T10:57:25.5002576+05:30" endTime="2014-06-29T10:57:38.8390205+05:30" testType="13cdc9d9-ddb5-4fa4-a97d-d965ccfc6d4b" outcome="Passed" testListId="8c84fa94-04c1-424b-9868-57a2d4851a1d" relativeResultsDirectory="3102e8f9-e3d4-46e8-9e34-573c75db063a" dataRowInfo="0" resultType="DataDrivenDataRow" />
        <UnitTestResult executionId="d5f0c3fe-24ce-45e2-8f90-e1aecc9e608b" parentExecutionId="3102e8f9-e3d4-46e8-9e34-573c75db063a" testId="0bc2f98c-98f5-f190-c78c-c00d94c547a1" testName="third_person_tenses_active" computerName="ARPAN-LAP" duration="00:00:00.0227272" startTime="2014-06-29T10:57:38.8390205+05:30" endTime="2014-06-29T10:57:38.8620218+05:30" testType="13cdc9d9-ddb5-4fa4-a97d-d965ccfc6d4b" outcome="Passed" testListId="8c84fa94-04c1-424b-9868-57a2d4851a1d" relativeResultsDirectory="3102e8f9-e3d4-46e8-9e34-573c75db063a" dataRowInfo="1" resultType="DataDrivenDataRow" />
        <UnitTestResult executionId="ade93b46-c223-4922-ab32-dbde32e82af6" parentExecutionId="3102e8f9-e3d4-46e8-9e34-573c75db063a" testId="0bc2f98c-98f5-f190-c78c-c00d94c547a1" testName="third_person_tenses_active" computerName="ARPAN-LAP" duration="00:00:00.0345935" startTime="2014-06-29T10:57:38.8620218+05:30" endTime="2014-06-29T10:57:38.8970238+05:30" testType="13cdc9d9-ddb5-4fa4-a97d-d965ccfc6d4b" outcome="Passed" testListId="8c84fa94-04c1-424b-9868-57a2d4851a1d" relativeResultsDirectory="3102e8f9-e3d4-46e8-9e34-573c75db063a" dataRowInfo="2" resultType="DataDrivenDataRow" />
        <UnitTestResult executionId="8df6fdce-cb99-482a-8e86-eae564e6f6c3" parentExecutionId="3102e8f9-e3d4-46e8-9e34-573c75db063a" testId="0bc2f98c-98f5-f190-c78c-c00d94c547a1" testName="third_person_tenses_active" computerName="ARPAN-LAP" duration="00:00:00.0454698" startTime="2014-06-29T10:57:38.8970238+05:30" endTime="2014-06-29T10:57:38.9420264+05:30" testType="13cdc9d9-ddb5-4fa4-a97d-d965ccfc6d4b" outcome="Passed" testListId="8c84fa94-04c1-424b-9868-57a2d4851a1d" relativeResultsDirectory="3102e8f9-e3d4-46e8-9e34-573c75db063a" dataRowInfo="3" resultType="DataDrivenDataRow" />
        <UnitTestResult executionId="b3bff1a0-c276-4485-9c09-a42f8d53cda0" parentExecutionId="3102e8f9-e3d4-46e8-9e34-573c75db063a" testId="0bc2f98c-98f5-f190-c78c-c00d94c547a1" testName="third_person_tenses_active" computerName="ARPAN-LAP" duration="00:00:00.0176925" startTime="2014-06-29T10:57:38.9420264+05:30" endTime="2014-06-29T10:57:38.9600274+05:30" testType="13cdc9d9-ddb5-4fa4-a97d-d965ccfc6d4b" outcome="Passed" testListId="8c84fa94-04c1-424b-9868-57a2d4851a1d" relativeResultsDirectory="3102e8f9-e3d4-46e8-9e34-573c75db063a" dataRowInfo="4" resultType="DataDrivenDataRow" />
        <UnitTestResult executionId="52fc1887-1735-4ec6-880c-c0229cd4df25" parentExecutionId="3102e8f9-e3d4-46e8-9e34-573c75db063a" testId="0bc2f98c-98f5-f190-c78c-c00d94c547a1" testName="third_person_tenses_active" computerName="ARPAN-LAP" duration="00:00:00.0226527" startTime="2014-06-29T10:57:38.9600274+05:30" endTime="2014-06-29T10:57:38.9830287+05:30" testType="13cdc9d9-ddb5-4fa4-a97d-d965ccfc6d4b" outcome="Passed" testListId="8c84fa94-04c1-424b-9868-57a2d4851a1d" relativeResultsDirectory="3102e8f9-e3d4-46e8-9e34-573c75db063a" dataRowInfo="5" resultType="DataDrivenDataRow" />
        <UnitTestResult executionId="8e74325f-2d17-4735-8f2c-330de2e4987c" parentExecutionId="3102e8f9-e3d4-46e8-9e34-573c75db063a" testId="0bc2f98c-98f5-f190-c78c-c00d94c547a1" testName="third_person_tenses_active" computerName="ARPAN-LAP" duration="00:00:00.0211997" startTime="2014-06-29T10:57:38.9830287+05:30" endTime="2014-06-29T10:57:39.0040299+05:30" testType="13cdc9d9-ddb5-4fa4-a97d-d965ccfc6d4b" outcome="Passed" testListId="8c84fa94-04c1-424b-9868-57a2d4851a1d" relativeResultsDirectory="3102e8f9-e3d4-46e8-9e34-573c75db063a" dataRowInfo="6" resultType="DataDrivenDataRow" />
        <UnitTestResult executionId="0b667d5b-b58e-4b41-8b03-1389dee11224" parentExecutionId="3102e8f9-e3d4-46e8-9e34-573c75db063a" testId="0bc2f98c-98f5-f190-c78c-c00d94c547a1" testName="third_person_tenses_active" computerName="ARPAN-LAP" duration="00:00:00.0467021" startTime="2014-06-29T10:57:39.0040299+05:30" endTime="2014-06-29T10:57:39.0510326+05:30" testType="13cdc9d9-ddb5-4fa4-a97d-d965ccfc6d4b" outcome="Passed" testListId="8c84fa94-04c1-424b-9868-57a2d4851a1d" relativeResultsDirectory="3102e8f9-e3d4-46e8-9e34-573c75db063a" dataRowInfo="7" resultType="DataDrivenDataRow" />
        <UnitTestResult executionId="efcf18a4-0df4-4ae3-bc52-9f3476f22f58" parentExecutionId="3102e8f9-e3d4-46e8-9e34-573c75db063a" testId="0bc2f98c-98f5-f190-c78c-c00d94c547a1" testName="third_person_tenses_active" computerName="ARPAN-LAP" duration="00:00:00.0289527" startTime="2014-06-29T10:57:39.0510326+05:30" endTime="2014-06-29T10:57:39.0800343+05:30" testType="13cdc9d9-ddb5-4fa4-a97d-d965ccfc6d4b" outcome="Passed" testListId="8c84fa94-04c1-424b-9868-57a2d4851a1d" relativeResultsDirectory="3102e8f9-e3d4-46e8-9e34-573c75db063a" dataRowInfo="8" resultType="DataDrivenDataRow" />
        <UnitTestResult executionId="a99f667a-fd77-4846-8108-ac91b1c3d004" parentExecutionId="3102e8f9-e3d4-46e8-9e34-573c75db063a" testId="0bc2f98c-98f5-f190-c78c-c00d94c547a1" testName="third_person_tenses_active" computerName="ARPAN-LAP" duration="00:00:00.0244081" startTime="2014-06-29T10:57:39.0800343+05:30" endTime="2014-06-29T10:57:39.1040357+05:30" testType="13cdc9d9-ddb5-4fa4-a97d-d965ccfc6d4b" outcome="Passed" testListId="8c84fa94-04c1-424b-9868-57a2d4851a1d" relativeResultsDirectory="3102e8f9-e3d4-46e8-9e34-573c75db063a" dataRowInfo="9" resultType="DataDrivenDataRow" />
      </InnerResults>
    </UnitTestResult>
    <UnitTestResult executionId="19a1921b-7909-466b-8825-a942cbabe491" testId="0f337a75-1a2d-d9c3-6c5f-23ed2604b69d" testName="prepositions_made_with_two_words" computerName="ARPAN-LAP" duration="00:00:00.1722354" startTime="2014-06-29T10:57:39.2690451+05:30" endTime="2014-06-29T10:57:39.4670564+05:30" testType="13cdc9d9-ddb5-4fa4-a97d-d965ccfc6d4b" outcome="Passed" testListId="8c84fa94-04c1-424b-9868-57a2d4851a1d" relativeResultsDirectory="19a1921b-7909-466b-8825-a942cbabe491" resultType="DataDrivenTest">
      <Counters error="0" failed="0" timeout="0" aborted="0" inconclusive="0" passedButRunAborted="0" notRunnable="0" notExecuted="0" disconnected="0" warning="0" passed="3" completed="0" inProgress="0" pending="0" />
      <InnerResults>
        <UnitTestResult executionId="f8892f27-fc51-4a62-902b-bebbce8f8795" parentExecutionId="19a1921b-7909-466b-8825-a942cbabe491" testId="0f337a75-1a2d-d9c3-6c5f-23ed2604b69d" testName="prepositions_made_with_two_words" computerName="ARPAN-LAP" duration="00:00:00.0420134" startTime="2014-06-29T10:57:39.3140477+05:30" endTime="2014-06-29T10:57:39.3560501+05:30" testType="13cdc9d9-ddb5-4fa4-a97d-d965ccfc6d4b" outcome="Passed" testListId="8c84fa94-04c1-424b-9868-57a2d4851a1d" relativeResultsDirectory="19a1921b-7909-466b-8825-a942cbabe491" dataRowInfo="0" resultType="DataDrivenDataRow" />
        <UnitTestResult executionId="f7c33c21-9240-4e12-97fa-97d825854773" parentExecutionId="19a1921b-7909-466b-8825-a942cbabe491" testId="0f337a75-1a2d-d9c3-6c5f-23ed2604b69d" testName="prepositions_made_with_two_words" computerName="ARPAN-LAP" duration="00:00:00.0473201" startTime="2014-06-29T10:57:39.3560501+05:30" endTime="2014-06-29T10:57:39.4030528+05:30" testType="13cdc9d9-ddb5-4fa4-a97d-d965ccfc6d4b" outcome="Passed" testListId="8c84fa94-04c1-424b-9868-57a2d4851a1d" relativeResultsDirectory="19a1921b-7909-466b-8825-a942cbabe491" dataRowInfo="1" resultType="DataDrivenDataRow" />
        <UnitTestResult executionId="efb32752-0488-4b8b-a78e-adeb755253cd" parentExecutionId="19a1921b-7909-466b-8825-a942cbabe491" testId="0f337a75-1a2d-d9c3-6c5f-23ed2604b69d" testName="prepositions_made_with_two_words" computerName="ARPAN-LAP" duration="00:00:00.0510870" startTime="2014-06-29T10:57:39.4030528+05:30" endTime="2014-06-29T10:57:39.4540557+05:30" testType="13cdc9d9-ddb5-4fa4-a97d-d965ccfc6d4b" outcome="Passed" testListId="8c84fa94-04c1-424b-9868-57a2d4851a1d" relativeResultsDirectory="19a1921b-7909-466b-8825-a942cbabe491" dataRowInfo="2" resultType="DataDrivenDataRow" />
      </InnerResults>
    </UnitTestResult>
    <UnitTestResult executionId="dcd27567-b6ad-4ee6-a281-9ff68ef4e2c5" testId="0f33848d-a900-d644-7498-2526887b5425" testName="prepositions_made_with_three_words" computerName="ARPAN-LAP" duration="00:00:00.2679947" startTime="2014-06-29T10:57:39.4680565+05:30" endTime="2014-06-29T10:57:39.7540728+05:30" testType="13cdc9d9-ddb5-4fa4-a97d-d965ccfc6d4b" outcome="Passed" testListId="8c84fa94-04c1-424b-9868-57a2d4851a1d" relativeResultsDirectory="dcd27567-b6ad-4ee6-a281-9ff68ef4e2c5" resultType="DataDrivenTest">
      <Counters error="0" failed="0" timeout="0" aborted="0" inconclusive="0" passedButRunAborted="0" notRunnable="0" notExecuted="0" disconnected="0" warning="0" passed="4" completed="0" inProgress="0" pending="0" />
      <InnerResults>
        <UnitTestResult executionId="6bba669b-006e-4655-9796-ce6e0d7ff2f4" parentExecutionId="dcd27567-b6ad-4ee6-a281-9ff68ef4e2c5" testId="0f33848d-a900-d644-7498-2526887b5425" testName="prepositions_made_with_three_words" computerName="ARPAN-LAP" duration="00:00:00.0605159" startTime="2014-06-29T10:57:39.5120590+05:30" endTime="2014-06-29T10:57:39.5730625+05:30" testType="13cdc9d9-ddb5-4fa4-a97d-d965ccfc6d4b" outcome="Passed" testListId="8c84fa94-04c1-424b-9868-57a2d4851a1d" relativeResultsDirectory="dcd27567-b6ad-4ee6-a281-9ff68ef4e2c5" dataRowInfo="0" resultType="DataDrivenDataRow" />
        <UnitTestResult executionId="76ccf7f3-0894-49ea-90e1-02c66f8b6cf2" parentExecutionId="dcd27567-b6ad-4ee6-a281-9ff68ef4e2c5" testId="0f33848d-a900-d644-7498-2526887b5425" testName="prepositions_made_with_three_words" computerName="ARPAN-LAP" duration="00:00:00.0632798" startTime="2014-06-29T10:57:39.5730625+05:30" endTime="2014-06-29T10:57:39.6360661+05:30" testType="13cdc9d9-ddb5-4fa4-a97d-d965ccfc6d4b" outcome="Passed" testListId="8c84fa94-04c1-424b-9868-57a2d4851a1d" relativeResultsDirectory="dcd27567-b6ad-4ee6-a281-9ff68ef4e2c5" dataRowInfo="1" resultType="DataDrivenDataRow" />
        <UnitTestResult executionId="f0e34679-2067-4c93-aae1-bf0e569ae261" parentExecutionId="dcd27567-b6ad-4ee6-a281-9ff68ef4e2c5" testId="0f33848d-a900-d644-7498-2526887b5425" testName="prepositions_made_with_three_words" computerName="ARPAN-LAP" duration="00:00:00.0564225" startTime="2014-06-29T10:57:39.6360661+05:30" endTime="2014-06-29T10:57:39.6930693+05:30" testType="13cdc9d9-ddb5-4fa4-a97d-d965ccfc6d4b" outcome="Passed" testListId="8c84fa94-04c1-424b-9868-57a2d4851a1d" relativeResultsDirectory="dcd27567-b6ad-4ee6-a281-9ff68ef4e2c5" dataRowInfo="2" resultType="DataDrivenDataRow" />
        <UnitTestResult executionId="5e88e8f0-ccf4-4e12-b264-182ca11bd38a" parentExecutionId="dcd27567-b6ad-4ee6-a281-9ff68ef4e2c5" testId="0f33848d-a900-d644-7498-2526887b5425" testName="prepositions_made_with_three_words" computerName="ARPAN-LAP" duration="00:00:00.0458327" startTime="2014-06-29T10:57:39.6930693+05:30" endTime="2014-06-29T10:57:39.7390720+05:30" testType="13cdc9d9-ddb5-4fa4-a97d-d965ccfc6d4b" outcome="Passed" testListId="8c84fa94-04c1-424b-9868-57a2d4851a1d" relativeResultsDirectory="dcd27567-b6ad-4ee6-a281-9ff68ef4e2c5" dataRowInfo="3" resultType="DataDrivenDataRow" />
      </InnerResults>
    </UnitTestResult>
    <UnitTestResult executionId="25057c26-2203-462c-a65d-55578fa91f69" testId="15fe5bf6-5078-81a8-0356-385549390bb7" testName="first_person_tenses_active_negation" computerName="ARPAN-LAP" duration="00:00:00.3652768" startTime="2014-06-29T10:57:39.7680736+05:30" endTime="2014-06-29T10:57:40.1700966+05:30" testType="13cdc9d9-ddb5-4fa4-a97d-d965ccfc6d4b" outcome="Passed" testListId="8c84fa94-04c1-424b-9868-57a2d4851a1d" relativeResultsDirectory="25057c26-2203-462c-a65d-55578fa91f69" resultType="DataDrivenTest">
      <Counters error="0" failed="0" timeout="0" aborted="0" inconclusive="0" passedButRunAborted="0" notRunnable="0" notExecuted="0" disconnected="0" warning="0" passed="10" completed="0" inProgress="0" pending="0" />
      <InnerResults>
        <UnitTestResult executionId="3c0cc50f-f704-459a-b191-a632649170dd" parentExecutionId="25057c26-2203-462c-a65d-55578fa91f69" testId="15fe5bf6-5078-81a8-0356-385549390bb7" testName="first_person_tenses_active_negation" computerName="ARPAN-LAP" duration="00:00:00.0271136" startTime="2014-06-29T10:57:39.7890748+05:30" endTime="2014-06-29T10:57:39.8160764+05:30" testType="13cdc9d9-ddb5-4fa4-a97d-d965ccfc6d4b" outcome="Passed" testListId="8c84fa94-04c1-424b-9868-57a2d4851a1d" relativeResultsDirectory="25057c26-2203-462c-a65d-55578fa91f69" dataRowInfo="0" resultType="DataDrivenDataRow" />
        <UnitTestResult executionId="f5b630a6-d80a-4135-a97f-f029dbdc61fa" parentExecutionId="25057c26-2203-462c-a65d-55578fa91f69" testId="15fe5bf6-5078-81a8-0356-385549390bb7" testName="first_person_tenses_active_negation" computerName="ARPAN-LAP" duration="00:00:00.0271803" startTime="2014-06-29T10:57:39.8160764+05:30" endTime="2014-06-29T10:57:39.8430779+05:30" testType="13cdc9d9-ddb5-4fa4-a97d-d965ccfc6d4b" outcome="Passed" testListId="8c84fa94-04c1-424b-9868-57a2d4851a1d" relativeResultsDirectory="25057c26-2203-462c-a65d-55578fa91f69" dataRowInfo="1" resultType="DataDrivenDataRow" />
        <UnitTestResult executionId="e9f77941-17b6-4bf2-9a28-0a2a85a40877" parentExecutionId="25057c26-2203-462c-a65d-55578fa91f69" testId="15fe5bf6-5078-81a8-0356-385549390bb7" testName="first_person_tenses_active_negation" computerName="ARPAN-LAP" duration="00:00:00.0291261" startTime="2014-06-29T10:57:39.8430779+05:30" endTime="2014-06-29T10:57:39.8720796+05:30" testType="13cdc9d9-ddb5-4fa4-a97d-d965ccfc6d4b" outcome="Passed" testListId="8c84fa94-04c1-424b-9868-57a2d4851a1d" relativeResultsDirectory="25057c26-2203-462c-a65d-55578fa91f69" dataRowInfo="2" resultType="DataDrivenDataRow" />
        <UnitTestResult executionId="19d615eb-1a90-4233-b6d7-a66772c8d68f" parentExecutionId="25057c26-2203-462c-a65d-55578fa91f69" testId="15fe5bf6-5078-81a8-0356-385549390bb7" testName="first_person_tenses_active_negation" computerName="ARPAN-LAP" duration="00:00:00.0304206" startTime="2014-06-29T10:57:39.8720796+05:30" endTime="2014-06-29T10:57:39.9030814+05:30" testType="13cdc9d9-ddb5-4fa4-a97d-d965ccfc6d4b" outcome="Passed" testListId="8c84fa94-04c1-424b-9868-57a2d4851a1d" relativeResultsDirectory="25057c26-2203-462c-a65d-55578fa91f69" dataRowInfo="3" resultType="DataDrivenDataRow" />
        <UnitTestResult executionId="e687d13a-7e73-46ff-8337-987fb2a1374f" parentExecutionId="25057c26-2203-462c-a65d-55578fa91f69" testId="15fe5bf6-5078-81a8-0356-385549390bb7" testName="first_person_tenses_active_negation" computerName="ARPAN-LAP" duration="00:00:00.0249532" startTime="2014-06-29T10:57:39.9030814+05:30" endTime="2014-06-29T10:57:39.9280828+05:30" testType="13cdc9d9-ddb5-4fa4-a97d-d965ccfc6d4b" outcome="Passed" testListId="8c84fa94-04c1-424b-9868-57a2d4851a1d" relativeResultsDirectory="25057c26-2203-462c-a65d-55578fa91f69" dataRowInfo="4" resultType="DataDrivenDataRow" />
        <UnitTestResult executionId="9b1e7812-bf97-4de8-ab26-093aad77fba7" parentExecutionId="25057c26-2203-462c-a65d-55578fa91f69" testId="15fe5bf6-5078-81a8-0356-385549390bb7" testName="first_person_tenses_active_negation" computerName="ARPAN-LAP" duration="00:00:00.0241972" startTime="2014-06-29T10:57:39.9280828+05:30" endTime="2014-06-29T10:57:39.9520842+05:30" testType="13cdc9d9-ddb5-4fa4-a97d-d965ccfc6d4b" outcome="Passed" testListId="8c84fa94-04c1-424b-9868-57a2d4851a1d" relativeResultsDirectory="25057c26-2203-462c-a65d-55578fa91f69" dataRowInfo="5" resultType="DataDrivenDataRow" />
        <UnitTestResult executionId="9d5b6a8d-0739-45ff-9f09-b50dbdc67a76" parentExecutionId="25057c26-2203-462c-a65d-55578fa91f69" testId="15fe5bf6-5078-81a8-0356-385549390bb7" testName="first_person_tenses_active_negation" computerName="ARPAN-LAP" duration="00:00:00.0363925" startTime="2014-06-29T10:57:39.9520842+05:30" endTime="2014-06-29T10:57:39.9880862+05:30" testType="13cdc9d9-ddb5-4fa4-a97d-d965ccfc6d4b" outcome="Passed" testListId="8c84fa94-04c1-424b-9868-57a2d4851a1d" relativeResultsDirectory="25057c26-2203-462c-a65d-55578fa91f69" dataRowInfo="6" resultType="DataDrivenDataRow" />
        <UnitTestResult executionId="b9509500-0e3a-453c-80b0-45f52830b636" parentExecutionId="25057c26-2203-462c-a65d-55578fa91f69" testId="15fe5bf6-5078-81a8-0356-385549390bb7" testName="first_person_tenses_active_negation" computerName="ARPAN-LAP" duration="00:00:00.0557676" startTime="2014-06-29T10:57:39.9880862+05:30" endTime="2014-06-29T10:57:40.0440894+05:30" testType="13cdc9d9-ddb5-4fa4-a97d-d965ccfc6d4b" outcome="Passed" testListId="8c84fa94-04c1-424b-9868-57a2d4851a1d" relativeResultsDirectory="25057c26-2203-462c-a65d-55578fa91f69" dataRowInfo="7" resultType="DataDrivenDataRow" />
        <UnitTestResult executionId="27036d9c-2cdc-4cbb-9c7e-a53e1369c696" parentExecutionId="25057c26-2203-462c-a65d-55578fa91f69" testId="15fe5bf6-5078-81a8-0356-385549390bb7" testName="first_person_tenses_active_negation" computerName="ARPAN-LAP" duration="00:00:00.0418096" startTime="2014-06-29T10:57:40.0440894+05:30" endTime="2014-06-29T10:57:40.0860918+05:30" testType="13cdc9d9-ddb5-4fa4-a97d-d965ccfc6d4b" outcome="Passed" testListId="8c84fa94-04c1-424b-9868-57a2d4851a1d" relativeResultsDirectory="25057c26-2203-462c-a65d-55578fa91f69" dataRowInfo="8" resultType="DataDrivenDataRow" />
        <UnitTestResult executionId="b5c6d688-44f7-48f9-b1e9-8d30897a52ac" parentExecutionId="25057c26-2203-462c-a65d-55578fa91f69" testId="15fe5bf6-5078-81a8-0356-385549390bb7" testName="first_person_tenses_active_negation" computerName="ARPAN-LAP" duration="00:00:00.0526089" startTime="2014-06-29T10:57:40.0860918+05:30" endTime="2014-06-29T10:57:40.1390949+05:30" testType="13cdc9d9-ddb5-4fa4-a97d-d965ccfc6d4b" outcome="Passed" testListId="8c84fa94-04c1-424b-9868-57a2d4851a1d" relativeResultsDirectory="25057c26-2203-462c-a65d-55578fa91f69" dataRowInfo="9" resultType="DataDrivenDataRow" />
      </InnerResults>
    </UnitTestResult>
    <UnitTestResult executionId="9fb31bd9-63de-4a8c-86dd-d619bf500f9d" testId="1b04a6d6-5350-792c-8eba-a46a0eb28949" testName="interrogative_sentences_why" computerName="ARPAN-LAP" duration="00:00:01.3461774" startTime="2014-06-29T10:57:40.1840974+05:30" endTime="2014-06-29T10:57:41.6431809+05:30" testType="13cdc9d9-ddb5-4fa4-a97d-d965ccfc6d4b" outcome="Failed" testListId="8c84fa94-04c1-424b-9868-57a2d4851a1d" relativeResultsDirectory="9fb31bd9-63de-4a8c-86dd-d619bf500f9d" resultType="DataDrivenTest">
      <Counters error="0" failed="1" timeout="0" aborted="0" inconclusive="0" passedButRunAborted="0" notRunnable="0" notExecuted="0" disconnected="0" warning="0" passed="2" completed="0" inProgress="0" pending="0" />
      <InnerResults>
        <UnitTestResult executionId="4e9cd73b-80a5-4b69-9d4c-c87cfeb3fab2" parentExecutionId="9fb31bd9-63de-4a8c-86dd-d619bf500f9d" testId="1b04a6d6-5350-792c-8eba-a46a0eb28949" testName="interrogative_sentences_why" computerName="ARPAN-LAP" duration="00:00:01.2365449" startTime="2014-06-29T10:57:40.2401006+05:30" endTime="2014-06-29T10:57:41.4771714+05:30" testType="13cdc9d9-ddb5-4fa4-a97d-d965ccfc6d4b" outcome="Failed" testListId="8c84fa94-04c1-424b-9868-57a2d4851a1d" relativeResultsDirectory="9fb31bd9-63de-4a8c-86dd-d619bf500f9d" dataRowInfo="0" resultType="DataDrivenDataRow">
          <Output>
            <ErrorInfo>
              <Message>Assert.AreEqual failed. Expected:&lt;কেন আপনি দেরিতে আজ ?&gt;. Actual:&lt;আপনি দেরিতে আজ কেন ?&gt;. Why are you late today?</Message>
              <StackTrace>   at UnitTest.BnlpTest.interrogative_sentences_why() in D:\software\Project\BNLP\UnitTest\BnlpTest.cs:line 382
</StackTrace>
            </ErrorInfo>
          </Output>
        </UnitTestResult>
        <UnitTestResult executionId="59389b2b-a54d-416a-9a7c-26e837a7b600" parentExecutionId="9fb31bd9-63de-4a8c-86dd-d619bf500f9d" testId="1b04a6d6-5350-792c-8eba-a46a0eb28949" testName="interrogative_sentences_why" computerName="ARPAN-LAP" duration="00:00:00.0359522" startTime="2014-06-29T10:57:41.4771714+05:30" endTime="2014-06-29T10:57:41.5131734+05:30" testType="13cdc9d9-ddb5-4fa4-a97d-d965ccfc6d4b" outcome="Passed" testListId="8c84fa94-04c1-424b-9868-57a2d4851a1d" relativeResultsDirectory="9fb31bd9-63de-4a8c-86dd-d619bf500f9d" dataRowInfo="1" resultType="DataDrivenDataRow" />
        <UnitTestResult executionId="23ac2c8e-dadf-41a9-8d85-a12453cd872d" parentExecutionId="9fb31bd9-63de-4a8c-86dd-d619bf500f9d" testId="1b04a6d6-5350-792c-8eba-a46a0eb28949" testName="interrogative_sentences_why" computerName="ARPAN-LAP" duration="00:00:00.0281304" startTime="2014-06-29T10:57:41.5131734+05:30" endTime="2014-06-29T10:57:41.5411751+05:30" testType="13cdc9d9-ddb5-4fa4-a97d-d965ccfc6d4b" outcome="Passed" testListId="8c84fa94-04c1-424b-9868-57a2d4851a1d" relativeResultsDirectory="9fb31bd9-63de-4a8c-86dd-d619bf500f9d" dataRowInfo="2" resultType="DataDrivenDataRow" />
      </InnerResults>
    </UnitTestResult>
    <UnitTestResult executionId="3a897bd2-72aa-4d12-a906-9fb247647c87" testId="1d63c318-78a9-9011-f5c0-0b01884a2881" testName="interrogative_sentences_do" computerName="ARPAN-LAP" duration="00:00:00.5433779" startTime="2014-06-29T10:57:41.6651821+05:30" endTime="2014-06-29T10:57:42.4572274+05:30" testType="13cdc9d9-ddb5-4fa4-a97d-d965ccfc6d4b" outcome="Passed" testListId="8c84fa94-04c1-424b-9868-57a2d4851a1d" relativeResultsDirectory="3a897bd2-72aa-4d12-a906-9fb247647c87" resultType="DataDrivenTest">
      <Counters error="0" failed="0" timeout="0" aborted="0" inconclusive="0" passedButRunAborted="0" notRunnable="0" notExecuted="0" disconnected="0" warning="0" passed="9" completed="0" inProgress="0" pending="0" />
      <InnerResults>
        <UnitTestResult executionId="cf3dd69c-d904-42f8-9b8e-6ca62b6c317b" parentExecutionId="3a897bd2-72aa-4d12-a906-9fb247647c87" testId="1d63c318-78a9-9011-f5c0-0b01884a2881" testName="interrogative_sentences_do" computerName="ARPAN-LAP" duration="00:00:00.1530764" startTime="2014-06-29T10:57:41.9591990+05:30" endTime="2014-06-29T10:57:42.1122077+05:30" testType="13cdc9d9-ddb5-4fa4-a97d-d965ccfc6d4b" outcome="Passed" testListId="8c84fa94-04c1-424b-9868-57a2d4851a1d" relativeResultsDirectory="3a897bd2-72aa-4d12-a906-9fb247647c87" dataRowInfo="0" resultType="DataDrivenDataRow" />
        <UnitTestResult executionId="43e03e43-32e4-4c84-92ba-c086066ba92c" parentExecutionId="3a897bd2-72aa-4d12-a906-9fb247647c87" testId="1d63c318-78a9-9011-f5c0-0b01884a2881" testName="interrogative_sentences_do" computerName="ARPAN-LAP" duration="00:00:00.0286775" startTime="2014-06-29T10:57:42.1122077+05:30" endTime="2014-06-29T10:57:42.1412094+05:30" testType="13cdc9d9-ddb5-4fa4-a97d-d965ccfc6d4b" outcome="Passed" testListId="8c84fa94-04c1-424b-9868-57a2d4851a1d" relativeResultsDirectory="3a897bd2-72aa-4d12-a906-9fb247647c87" dataRowInfo="1" resultType="DataDrivenDataRow" />
        <UnitTestResult executionId="d25434dd-73b9-46c3-b723-56c77c9dff1a" parentExecutionId="3a897bd2-72aa-4d12-a906-9fb247647c87" testId="1d63c318-78a9-9011-f5c0-0b01884a2881" testName="interrogative_sentences_do" computerName="ARPAN-LAP" duration="00:00:00.0258058" startTime="2014-06-29T10:57:42.1412094+05:30" endTime="2014-06-29T10:57:42.1672109+05:30" testType="13cdc9d9-ddb5-4fa4-a97d-d965ccfc6d4b" outcome="Passed" testListId="8c84fa94-04c1-424b-9868-57a2d4851a1d" relativeResultsDirectory="3a897bd2-72aa-4d12-a906-9fb247647c87" dataRowInfo="2" resultType="DataDrivenDataRow" />
        <UnitTestResult executionId="e42e3768-6e13-4562-94d5-1b199fb7202c" parentExecutionId="3a897bd2-72aa-4d12-a906-9fb247647c87" testId="1d63c318-78a9-9011-f5c0-0b01884a2881" testName="interrogative_sentences_do" computerName="ARPAN-LAP" duration="00:00:00.0232009" startTime="2014-06-29T10:57:42.1672109+05:30" endTime="2014-06-29T10:57:42.1902122+05:30" testType="13cdc9d9-ddb5-4fa4-a97d-d965ccfc6d4b" outcome="Passed" testListId="8c84fa94-04c1-424b-9868-57a2d4851a1d" relativeResultsDirectory="3a897bd2-72aa-4d12-a906-9fb247647c87" dataRowInfo="3" resultType="DataDrivenDataRow" />
        <UnitTestResult executionId="3ba99a9a-6431-463e-8688-4462087c245e" parentExecutionId="3a897bd2-72aa-4d12-a906-9fb247647c87" testId="1d63c318-78a9-9011-f5c0-0b01884a2881" testName="interrogative_sentences_do" computerName="ARPAN-LAP" duration="00:00:00.0243445" startTime="2014-06-29T10:57:42.1902122+05:30" endTime="2014-06-29T10:57:42.2142135+05:30" testType="13cdc9d9-ddb5-4fa4-a97d-d965ccfc6d4b" outcome="Passed" testListId="8c84fa94-04c1-424b-9868-57a2d4851a1d" relativeResultsDirectory="3a897bd2-72aa-4d12-a906-9fb247647c87" dataRowInfo="4" resultType="DataDrivenDataRow" />
        <UnitTestResult executionId="cb790a2c-0352-4784-8383-2b863fb191cd" parentExecutionId="3a897bd2-72aa-4d12-a906-9fb247647c87" testId="1d63c318-78a9-9011-f5c0-0b01884a2881" testName="interrogative_sentences_do" computerName="ARPAN-LAP" duration="00:00:00.0454847" startTime="2014-06-29T10:57:42.2142135+05:30" endTime="2014-06-29T10:57:42.2602162+05:30" testType="13cdc9d9-ddb5-4fa4-a97d-d965ccfc6d4b" outcome="Passed" testListId="8c84fa94-04c1-424b-9868-57a2d4851a1d" relativeResultsDirectory="3a897bd2-72aa-4d12-a906-9fb247647c87" dataRowInfo="5" resultType="DataDrivenDataRow" />
        <UnitTestResult executionId="40856137-3056-4b13-b6f7-f30ed5811c3c" parentExecutionId="3a897bd2-72aa-4d12-a906-9fb247647c87" testId="1d63c318-78a9-9011-f5c0-0b01884a2881" testName="interrogative_sentences_do" computerName="ARPAN-LAP" duration="00:00:00.0263622" startTime="2014-06-29T10:57:42.2602162+05:30" endTime="2014-06-29T10:57:42.2862177+05:30" testType="13cdc9d9-ddb5-4fa4-a97d-d965ccfc6d4b" outcome="Passed" testListId="8c84fa94-04c1-424b-9868-57a2d4851a1d" relativeResultsDirectory="3a897bd2-72aa-4d12-a906-9fb247647c87" dataRowInfo="6" resultType="DataDrivenDataRow" />
        <UnitTestResult executionId="390b341b-12ab-4296-a9fd-9ffbde36c9d7" parentExecutionId="3a897bd2-72aa-4d12-a906-9fb247647c87" testId="1d63c318-78a9-9011-f5c0-0b01884a2881" testName="interrogative_sentences_do" computerName="ARPAN-LAP" duration="00:00:00.0312922" startTime="2014-06-29T10:57:42.2862177+05:30" endTime="2014-06-29T10:57:42.3182195+05:30" testType="13cdc9d9-ddb5-4fa4-a97d-d965ccfc6d4b" outcome="Passed" testListId="8c84fa94-04c1-424b-9868-57a2d4851a1d" relativeResultsDirectory="3a897bd2-72aa-4d12-a906-9fb247647c87" dataRowInfo="7" resultType="DataDrivenDataRow" />
        <UnitTestResult executionId="1941ffe3-f76a-4ae0-a748-10ffe51cc678" parentExecutionId="3a897bd2-72aa-4d12-a906-9fb247647c87" testId="1d63c318-78a9-9011-f5c0-0b01884a2881" testName="interrogative_sentences_do" computerName="ARPAN-LAP" duration="00:00:00.0283593" startTime="2014-06-29T10:57:42.3182195+05:30" endTime="2014-06-29T10:57:42.3462211+05:30" testType="13cdc9d9-ddb5-4fa4-a97d-d965ccfc6d4b" outcome="Passed" testListId="8c84fa94-04c1-424b-9868-57a2d4851a1d" relativeResultsDirectory="3a897bd2-72aa-4d12-a906-9fb247647c87" dataRowInfo="8" resultType="DataDrivenDataRow" />
      </InnerResults>
    </UnitTestResult>
    <UnitTestResult executionId="0fe5bedc-c500-4e13-804f-276569de496c" testId="227f20ae-8e76-eb71-39b2-4ada3ce6aba8" testName="interrogative_sentences_how" computerName="ARPAN-LAP" duration="00:00:01.2251831" startTime="2014-06-29T10:57:42.4712282+05:30" endTime="2014-06-29T10:57:43.9063103+05:30" testType="13cdc9d9-ddb5-4fa4-a97d-d965ccfc6d4b" outcome="Failed" testListId="8c84fa94-04c1-424b-9868-57a2d4851a1d" relativeResultsDirectory="0fe5bedc-c500-4e13-804f-276569de496c" resultType="DataDrivenTest">
      <Counters error="0" failed="3" timeout="0" aborted="0" inconclusive="0" passedButRunAborted="0" notRunnable="0" notExecuted="0" disconnected="0" warning="0" passed="15" completed="0" inProgress="0" pending="0" />
      <InnerResults>
        <UnitTestResult executionId="047cd8dc-52d7-45f4-9090-78374a282033" parentExecutionId="0fe5bedc-c500-4e13-804f-276569de496c" testId="227f20ae-8e76-eb71-39b2-4ada3ce6aba8" testName="interrogative_sentences_how" computerName="ARPAN-LAP" duration="00:00:00.0454087" startTime="2014-06-29T10:57:42.6292373+05:30" endTime="2014-06-29T10:57:42.6742399+05:30" testType="13cdc9d9-ddb5-4fa4-a97d-d965ccfc6d4b" outcome="Passed" testListId="8c84fa94-04c1-424b-9868-57a2d4851a1d" relativeResultsDirectory="0fe5bedc-c500-4e13-804f-276569de496c" dataRowInfo="0" resultType="DataDrivenDataRow" />
        <UnitTestResult executionId="5d94b6e6-6cb4-440e-bdc9-918a20a736fe" parentExecutionId="0fe5bedc-c500-4e13-804f-276569de496c" testId="227f20ae-8e76-eb71-39b2-4ada3ce6aba8" testName="interrogative_sentences_how" computerName="ARPAN-LAP" duration="00:00:00.1049468" startTime="2014-06-29T10:57:42.6742399+05:30" endTime="2014-06-29T10:57:42.7792459+05:30" testType="13cdc9d9-ddb5-4fa4-a97d-d965ccfc6d4b" outcome="Failed" testListId="8c84fa94-04c1-424b-9868-57a2d4851a1d" relativeResultsDirectory="0fe5bedc-c500-4e13-804f-276569de496c" dataRowInfo="1" resultType="DataDrivenDataRow">
          <Output>
            <ErrorInfo>
              <Message>Assert.AreEqual failed. Expected:&lt;আপনি কেমন ছিলেন ?&gt;. Actual:&lt;ছিলেন আপনি কেমন ?&gt;. How were you?</Message>
              <StackTrace>   at UnitTest.BnlpTest.interrogative_sentences_how() in D:\software\Project\BNLP\UnitTest\BnlpTest.cs:line 274
</StackTrace>
            </ErrorInfo>
          </Output>
        </UnitTestResult>
        <UnitTestResult executionId="828e2823-b9a9-468d-bcff-a3d94a4deb7f" parentExecutionId="0fe5bedc-c500-4e13-804f-276569de496c" testId="227f20ae-8e76-eb71-39b2-4ada3ce6aba8" testName="interrogative_sentences_how" computerName="ARPAN-LAP" duration="00:00:00.0490637" startTime="2014-06-29T10:57:42.7792459+05:30" endTime="2014-06-29T10:57:42.8292487+05:30" testType="13cdc9d9-ddb5-4fa4-a97d-d965ccfc6d4b" outcome="Failed" testListId="8c84fa94-04c1-424b-9868-57a2d4851a1d" relativeResultsDirectory="0fe5bedc-c500-4e13-804f-276569de496c" dataRowInfo="2" resultType="DataDrivenDataRow">
          <Output>
            <ErrorInfo>
              <Message>Assert.AreEqual failed. Expected:&lt;এই মেশিন কাজটি কিভাবে করে ?&gt;. Actual:&lt;করে এই মেশিনটি কিভাবে কাজ ?&gt;. How does this machine work?</Message>
              <StackTrace>   at UnitTest.BnlpTest.interrogative_sentences_how() in D:\software\Project\BNLP\UnitTest\BnlpTest.cs:line 274
</StackTrace>
            </ErrorInfo>
          </Output>
        </UnitTestResult>
        <UnitTestResult executionId="434cc903-4d62-47e2-8558-4d29ad405dfb" parentExecutionId="0fe5bedc-c500-4e13-804f-276569de496c" testId="227f20ae-8e76-eb71-39b2-4ada3ce6aba8" testName="interrogative_sentences_how" computerName="ARPAN-LAP" duration="00:00:00.0389748" startTime="2014-06-29T10:57:42.8292487+05:30" endTime="2014-06-29T10:57:42.8682510+05:30" testType="13cdc9d9-ddb5-4fa4-a97d-d965ccfc6d4b" outcome="Passed" testListId="8c84fa94-04c1-424b-9868-57a2d4851a1d" relativeResultsDirectory="0fe5bedc-c500-4e13-804f-276569de496c" dataRowInfo="3" resultType="DataDrivenDataRow" />
        <UnitTestResult executionId="8337419e-465b-4621-9201-be2c633a9ce6" parentExecutionId="0fe5bedc-c500-4e13-804f-276569de496c" testId="227f20ae-8e76-eb71-39b2-4ada3ce6aba8" testName="interrogative_sentences_how" computerName="ARPAN-LAP" duration="00:00:00.0348307" startTime="2014-06-29T10:57:42.8682510+05:30" endTime="2014-06-29T10:57:42.9022529+05:30" testType="13cdc9d9-ddb5-4fa4-a97d-d965ccfc6d4b" outcome="Passed" testListId="8c84fa94-04c1-424b-9868-57a2d4851a1d" relativeResultsDirectory="0fe5bedc-c500-4e13-804f-276569de496c" dataRowInfo="4" resultType="DataDrivenDataRow" />
        <UnitTestResult executionId="56627e01-89e6-48c4-be99-dd0fff3e314d" parentExecutionId="0fe5bedc-c500-4e13-804f-276569de496c" testId="227f20ae-8e76-eb71-39b2-4ada3ce6aba8" testName="interrogative_sentences_how" computerName="ARPAN-LAP" duration="00:00:00.1797266" startTime="2014-06-29T10:57:42.9022529+05:30" endTime="2014-06-29T10:57:43.0822632+05:30" testType="13cdc9d9-ddb5-4fa4-a97d-d965ccfc6d4b" outcome="Passed" testListId="8c84fa94-04c1-424b-9868-57a2d4851a1d" relativeResultsDirectory="0fe5bedc-c500-4e13-804f-276569de496c" dataRowInfo="5" resultType="DataDrivenDataRow" />
        <UnitTestResult executionId="69b18467-6d16-4056-9b96-d80479efee8f" parentExecutionId="0fe5bedc-c500-4e13-804f-276569de496c" testId="227f20ae-8e76-eb71-39b2-4ada3ce6aba8" testName="interrogative_sentences_how" computerName="ARPAN-LAP" duration="00:00:00.1184131" startTime="2014-06-29T10:57:43.0822632+05:30" endTime="2014-06-29T10:57:43.2012700+05:30" testType="13cdc9d9-ddb5-4fa4-a97d-d965ccfc6d4b" outcome="Passed" testListId="8c84fa94-04c1-424b-9868-57a2d4851a1d" relativeResultsDirectory="0fe5bedc-c500-4e13-804f-276569de496c" dataRowInfo="6" resultType="DataDrivenDataRow" />
        <UnitTestResult executionId="b15eb0a7-1630-4b0c-a887-7fe443fb9f37" parentExecutionId="0fe5bedc-c500-4e13-804f-276569de496c" testId="227f20ae-8e76-eb71-39b2-4ada3ce6aba8" testName="interrogative_sentences_how" computerName="ARPAN-LAP" duration="00:00:00.0425877" startTime="2014-06-29T10:57:43.2012700+05:30" endTime="2014-06-29T10:57:43.2432724+05:30" testType="13cdc9d9-ddb5-4fa4-a97d-d965ccfc6d4b" outcome="Passed" testListId="8c84fa94-04c1-424b-9868-57a2d4851a1d" relativeResultsDirectory="0fe5bedc-c500-4e13-804f-276569de496c" dataRowInfo="7" resultType="DataDrivenDataRow" />
        <UnitTestResult executionId="0d716f36-a6d1-4625-82ea-56fef9c883e8" parentExecutionId="0fe5bedc-c500-4e13-804f-276569de496c" testId="227f20ae-8e76-eb71-39b2-4ada3ce6aba8" testName="interrogative_sentences_how" computerName="ARPAN-LAP" duration="00:00:00.0347413" startTime="2014-06-29T10:57:43.2432724+05:30" endTime="2014-06-29T10:57:43.2782744+05:30" testType="13cdc9d9-ddb5-4fa4-a97d-d965ccfc6d4b" outcome="Passed" testListId="8c84fa94-04c1-424b-9868-57a2d4851a1d" relativeResultsDirectory="0fe5bedc-c500-4e13-804f-276569de496c" dataRowInfo="8" resultType="DataDrivenDataRow" />
        <UnitTestResult executionId="232cc6cd-e995-46cc-910b-d53f8514e9d4" parentExecutionId="0fe5bedc-c500-4e13-804f-276569de496c" testId="227f20ae-8e76-eb71-39b2-4ada3ce6aba8" testName="interrogative_sentences_how" computerName="ARPAN-LAP" duration="00:00:00.0442477" startTime="2014-06-29T10:57:43.2782744+05:30" endTime="2014-06-29T10:57:43.3222769+05:30" testType="13cdc9d9-ddb5-4fa4-a97d-d965ccfc6d4b" outcome="Passed" testListId="8c84fa94-04c1-424b-9868-57a2d4851a1d" relativeResultsDirectory="0fe5bedc-c500-4e13-804f-276569de496c" dataRowInfo="9" resultType="DataDrivenDataRow" />
        <UnitTestResult executionId="9e1bb501-a967-4423-8acf-6b3c013aaccb" parentExecutionId="0fe5bedc-c500-4e13-804f-276569de496c" testId="227f20ae-8e76-eb71-39b2-4ada3ce6aba8" testName="interrogative_sentences_how" computerName="ARPAN-LAP" duration="00:00:00.0388208" startTime="2014-06-29T10:57:43.3222769+05:30" endTime="2014-06-29T10:57:43.3802802+05:30" testType="13cdc9d9-ddb5-4fa4-a97d-d965ccfc6d4b" outcome="Passed" testListId="8c84fa94-04c1-424b-9868-57a2d4851a1d" relativeResultsDirectory="0fe5bedc-c500-4e13-804f-276569de496c" dataRowInfo="10" resultType="DataDrivenDataRow" />
        <UnitTestResult executionId="07cb34f2-d9ad-4347-84dd-cf6db4eb5646" parentExecutionId="0fe5bedc-c500-4e13-804f-276569de496c" testId="227f20ae-8e76-eb71-39b2-4ada3ce6aba8" testName="interrogative_sentences_how" computerName="ARPAN-LAP" duration="00:00:00.0273743" startTime="2014-06-29T10:57:43.3812803+05:30" endTime="2014-06-29T10:57:43.4082818+05:30" testType="13cdc9d9-ddb5-4fa4-a97d-d965ccfc6d4b" outcome="Passed" testListId="8c84fa94-04c1-424b-9868-57a2d4851a1d" relativeResultsDirectory="0fe5bedc-c500-4e13-804f-276569de496c" dataRowInfo="11" resultType="DataDrivenDataRow" />
        <UnitTestResult executionId="f7e93061-e1d1-44d3-a3b5-b77f74a234d1" parentExecutionId="0fe5bedc-c500-4e13-804f-276569de496c" testId="227f20ae-8e76-eb71-39b2-4ada3ce6aba8" testName="interrogative_sentences_how" computerName="ARPAN-LAP" duration="00:00:00.0257555" startTime="2014-06-29T10:57:43.4082818+05:30" endTime="2014-06-29T10:57:43.4342833+05:30" testType="13cdc9d9-ddb5-4fa4-a97d-d965ccfc6d4b" outcome="Passed" testListId="8c84fa94-04c1-424b-9868-57a2d4851a1d" relativeResultsDirectory="0fe5bedc-c500-4e13-804f-276569de496c" dataRowInfo="12" resultType="DataDrivenDataRow" />
        <UnitTestResult executionId="bfd59a4f-dae4-4c31-bf1e-4747f26f4385" parentExecutionId="0fe5bedc-c500-4e13-804f-276569de496c" testId="227f20ae-8e76-eb71-39b2-4ada3ce6aba8" testName="interrogative_sentences_how" computerName="ARPAN-LAP" duration="00:00:00.1040199" startTime="2014-06-29T10:57:43.4342833+05:30" endTime="2014-06-29T10:57:43.5382893+05:30" testType="13cdc9d9-ddb5-4fa4-a97d-d965ccfc6d4b" outcome="Passed" testListId="8c84fa94-04c1-424b-9868-57a2d4851a1d" relativeResultsDirectory="0fe5bedc-c500-4e13-804f-276569de496c" dataRowInfo="13" resultType="DataDrivenDataRow" />
        <UnitTestResult executionId="67a103b8-8cc9-4e52-8b68-a28c89030c29" parentExecutionId="0fe5bedc-c500-4e13-804f-276569de496c" testId="227f20ae-8e76-eb71-39b2-4ada3ce6aba8" testName="interrogative_sentences_how" computerName="ARPAN-LAP" duration="00:00:00.0348029" startTime="2014-06-29T10:57:43.5382893+05:30" endTime="2014-06-29T10:57:43.5732913+05:30" testType="13cdc9d9-ddb5-4fa4-a97d-d965ccfc6d4b" outcome="Passed" testListId="8c84fa94-04c1-424b-9868-57a2d4851a1d" relativeResultsDirectory="0fe5bedc-c500-4e13-804f-276569de496c" dataRowInfo="14" resultType="DataDrivenDataRow" />
        <UnitTestResult executionId="9211becb-a4c3-4f6e-9c80-1e8f0f764dce" parentExecutionId="0fe5bedc-c500-4e13-804f-276569de496c" testId="227f20ae-8e76-eb71-39b2-4ada3ce6aba8" testName="interrogative_sentences_how" computerName="ARPAN-LAP" duration="00:00:00.0361056" startTime="2014-06-29T10:57:43.5732913+05:30" endTime="2014-06-29T10:57:43.6092933+05:30" testType="13cdc9d9-ddb5-4fa4-a97d-d965ccfc6d4b" outcome="Failed" testListId="8c84fa94-04c1-424b-9868-57a2d4851a1d" relativeResultsDirectory="0fe5bedc-c500-4e13-804f-276569de496c" dataRowInfo="15" resultType="DataDrivenDataRow">
          <Output>
            <ErrorInfo>
              <Message>Assert.AreEqual failed. Expected:&lt;একটি ভাল ছাত্র হতে হয় কিভাবে ?&gt;. Actual:&lt;হয় কিভাবে একটি ভাল ছাত্র ?&gt;. How to be a good student?</Message>
              <StackTrace>   at UnitTest.BnlpTest.interrogative_sentences_how() in D:\software\Project\BNLP\UnitTest\BnlpTest.cs:line 274
</StackTrace>
            </ErrorInfo>
          </Output>
        </UnitTestResult>
        <UnitTestResult executionId="68d4d42b-cb4d-4b7f-8f94-80aad3b785bf" parentExecutionId="0fe5bedc-c500-4e13-804f-276569de496c" testId="227f20ae-8e76-eb71-39b2-4ada3ce6aba8" testName="interrogative_sentences_how" computerName="ARPAN-LAP" duration="00:00:00.0481850" startTime="2014-06-29T10:57:43.6092933+05:30" endTime="2014-06-29T10:57:43.6572961+05:30" testType="13cdc9d9-ddb5-4fa4-a97d-d965ccfc6d4b" outcome="Passed" testListId="8c84fa94-04c1-424b-9868-57a2d4851a1d" relativeResultsDirectory="0fe5bedc-c500-4e13-804f-276569de496c" dataRowInfo="16" resultType="DataDrivenDataRow" />
        <UnitTestResult executionId="faf1d977-a11f-4a27-b3f8-6fae789dd2dc" parentExecutionId="0fe5bedc-c500-4e13-804f-276569de496c" testId="227f20ae-8e76-eb71-39b2-4ada3ce6aba8" testName="interrogative_sentences_how" computerName="ARPAN-LAP" duration="00:00:00.0453533" startTime="2014-06-29T10:57:43.6572961+05:30" endTime="2014-06-29T10:57:43.7022987+05:30" testType="13cdc9d9-ddb5-4fa4-a97d-d965ccfc6d4b" outcome="Passed" testListId="8c84fa94-04c1-424b-9868-57a2d4851a1d" relativeResultsDirectory="0fe5bedc-c500-4e13-804f-276569de496c" dataRowInfo="17" resultType="DataDrivenDataRow" />
      </InnerResults>
    </UnitTestResult>
    <UnitTestResult executionId="a1b649d2-8463-479f-aa3f-a4f74ddacb92" testId="30ab3285-6a8c-14d2-9725-bd60892ccd90" testName="second_person_tenses_active" computerName="ARPAN-LAP" duration="00:00:00.3191813" startTime="2014-06-29T10:57:43.9073104+05:30" endTime="2014-06-29T10:57:44.3523358+05:30" testType="13cdc9d9-ddb5-4fa4-a97d-d965ccfc6d4b" outcome="Passed" testListId="8c84fa94-04c1-424b-9868-57a2d4851a1d" relativeResultsDirectory="a1b649d2-8463-479f-aa3f-a4f74ddacb92" resultType="DataDrivenTest">
      <Counters error="0" failed="0" timeout="0" aborted="0" inconclusive="0" passedButRunAborted="0" notRunnable="0" notExecuted="0" disconnected="0" warning="0" passed="10" completed="0" inProgress="0" pending="0" />
      <InnerResults>
        <UnitTestResult executionId="1e9ddfa4-fd9c-4512-a3bd-18b2b3a3d5a5" parentExecutionId="a1b649d2-8463-479f-aa3f-a4f74ddacb92" testId="30ab3285-6a8c-14d2-9725-bd60892ccd90" testName="second_person_tenses_active" computerName="ARPAN-LAP" duration="00:00:00.0153540" startTime="2014-06-29T10:57:43.9843148+05:30" endTime="2014-06-29T10:57:44.0003157+05:30" testType="13cdc9d9-ddb5-4fa4-a97d-d965ccfc6d4b" outcome="Passed" testListId="8c84fa94-04c1-424b-9868-57a2d4851a1d" relativeResultsDirectory="a1b649d2-8463-479f-aa3f-a4f74ddacb92" dataRowInfo="0" resultType="DataDrivenDataRow" />
        <UnitTestResult executionId="6a15415c-7c1b-4dc4-bf4d-6510e22e0587" parentExecutionId="a1b649d2-8463-479f-aa3f-a4f74ddacb92" testId="30ab3285-6a8c-14d2-9725-bd60892ccd90" testName="second_person_tenses_active" computerName="ARPAN-LAP" duration="00:00:00.0506169" startTime="2014-06-29T10:57:44.0003157+05:30" endTime="2014-06-29T10:57:44.0503186+05:30" testType="13cdc9d9-ddb5-4fa4-a97d-d965ccfc6d4b" outcome="Passed" testListId="8c84fa94-04c1-424b-9868-57a2d4851a1d" relativeResultsDirectory="a1b649d2-8463-479f-aa3f-a4f74ddacb92" dataRowInfo="1" resultType="DataDrivenDataRow" />
        <UnitTestResult executionId="32b864b9-bc52-4117-95a9-976c03bcd198" parentExecutionId="a1b649d2-8463-479f-aa3f-a4f74ddacb92" testId="30ab3285-6a8c-14d2-9725-bd60892ccd90" testName="second_person_tenses_active" computerName="ARPAN-LAP" duration="00:00:00.0209944" startTime="2014-06-29T10:57:44.0503186+05:30" endTime="2014-06-29T10:57:44.0713198+05:30" testType="13cdc9d9-ddb5-4fa4-a97d-d965ccfc6d4b" outcome="Passed" testListId="8c84fa94-04c1-424b-9868-57a2d4851a1d" relativeResultsDirectory="a1b649d2-8463-479f-aa3f-a4f74ddacb92" dataRowInfo="2" resultType="DataDrivenDataRow" />
        <UnitTestResult executionId="a4c9401f-e7da-47b5-af48-1c85d0b65410" parentExecutionId="a1b649d2-8463-479f-aa3f-a4f74ddacb92" testId="30ab3285-6a8c-14d2-9725-bd60892ccd90" testName="second_person_tenses_active" computerName="ARPAN-LAP" duration="00:00:00.0255717" startTime="2014-06-29T10:57:44.0713198+05:30" endTime="2014-06-29T10:57:44.0973213+05:30" testType="13cdc9d9-ddb5-4fa4-a97d-d965ccfc6d4b" outcome="Passed" testListId="8c84fa94-04c1-424b-9868-57a2d4851a1d" relativeResultsDirectory="a1b649d2-8463-479f-aa3f-a4f74ddacb92" dataRowInfo="3" resultType="DataDrivenDataRow" />
        <UnitTestResult executionId="f0d64a77-6bfb-4540-8429-db53cbd27456" parentExecutionId="a1b649d2-8463-479f-aa3f-a4f74ddacb92" testId="30ab3285-6a8c-14d2-9725-bd60892ccd90" testName="second_person_tenses_active" computerName="ARPAN-LAP" duration="00:00:00.0162158" startTime="2014-06-29T10:57:44.0973213+05:30" endTime="2014-06-29T10:57:44.1133222+05:30" testType="13cdc9d9-ddb5-4fa4-a97d-d965ccfc6d4b" outcome="Passed" testListId="8c84fa94-04c1-424b-9868-57a2d4851a1d" relativeResultsDirectory="a1b649d2-8463-479f-aa3f-a4f74ddacb92" dataRowInfo="4" resultType="DataDrivenDataRow" />
        <UnitTestResult executionId="549d60aa-a5ac-40fa-9a93-542efc16644a" parentExecutionId="a1b649d2-8463-479f-aa3f-a4f74ddacb92" testId="30ab3285-6a8c-14d2-9725-bd60892ccd90" testName="second_person_tenses_active" computerName="ARPAN-LAP" duration="00:00:00.0187842" startTime="2014-06-29T10:57:44.1133222+05:30" endTime="2014-06-29T10:57:44.1333233+05:30" testType="13cdc9d9-ddb5-4fa4-a97d-d965ccfc6d4b" outcome="Passed" testListId="8c84fa94-04c1-424b-9868-57a2d4851a1d" relativeResultsDirectory="a1b649d2-8463-479f-aa3f-a4f74ddacb92" dataRowInfo="5" resultType="DataDrivenDataRow" />
        <UnitTestResult executionId="a857c418-978d-4501-b9ff-388a55e83c14" parentExecutionId="a1b649d2-8463-479f-aa3f-a4f74ddacb92" testId="30ab3285-6a8c-14d2-9725-bd60892ccd90" testName="second_person_tenses_active" computerName="ARPAN-LAP" duration="00:00:00.0211884" startTime="2014-06-29T10:57:44.1333233+05:30" endTime="2014-06-29T10:57:44.1543245+05:30" testType="13cdc9d9-ddb5-4fa4-a97d-d965ccfc6d4b" outcome="Passed" testListId="8c84fa94-04c1-424b-9868-57a2d4851a1d" relativeResultsDirectory="a1b649d2-8463-479f-aa3f-a4f74ddacb92" dataRowInfo="6" resultType="DataDrivenDataRow" />
        <UnitTestResult executionId="9ef43b64-ccec-4ce6-88d5-406c84b86187" parentExecutionId="a1b649d2-8463-479f-aa3f-a4f74ddacb92" testId="30ab3285-6a8c-14d2-9725-bd60892ccd90" testName="second_person_tenses_active" computerName="ARPAN-LAP" duration="00:00:00.0268847" startTime="2014-06-29T10:57:44.1543245+05:30" endTime="2014-06-29T10:57:44.1813261+05:30" testType="13cdc9d9-ddb5-4fa4-a97d-d965ccfc6d4b" outcome="Passed" testListId="8c84fa94-04c1-424b-9868-57a2d4851a1d" relativeResultsDirectory="a1b649d2-8463-479f-aa3f-a4f74ddacb92" dataRowInfo="7" resultType="DataDrivenDataRow" />
        <UnitTestResult executionId="eaea5ac4-8b1c-4b27-825f-66cd5d363bf2" parentExecutionId="a1b649d2-8463-479f-aa3f-a4f74ddacb92" testId="30ab3285-6a8c-14d2-9725-bd60892ccd90" testName="second_person_tenses_active" computerName="ARPAN-LAP" duration="00:00:00.0350165" startTime="2014-06-29T10:57:44.1813261+05:30" endTime="2014-06-29T10:57:44.2413295+05:30" testType="13cdc9d9-ddb5-4fa4-a97d-d965ccfc6d4b" outcome="Passed" testListId="8c84fa94-04c1-424b-9868-57a2d4851a1d" relativeResultsDirectory="a1b649d2-8463-479f-aa3f-a4f74ddacb92" dataRowInfo="8" resultType="DataDrivenDataRow" />
        <UnitTestResult executionId="0c0a139c-26ed-40f0-979d-dfa7b70b1fd1" parentExecutionId="a1b649d2-8463-479f-aa3f-a4f74ddacb92" testId="30ab3285-6a8c-14d2-9725-bd60892ccd90" testName="second_person_tenses_active" computerName="ARPAN-LAP" duration="00:00:00.0384184" startTime="2014-06-29T10:57:44.2413295+05:30" endTime="2014-06-29T10:57:44.2793317+05:30" testType="13cdc9d9-ddb5-4fa4-a97d-d965ccfc6d4b" outcome="Passed" testListId="8c84fa94-04c1-424b-9868-57a2d4851a1d" relativeResultsDirectory="a1b649d2-8463-479f-aa3f-a4f74ddacb92" dataRowInfo="9" resultType="DataDrivenDataRow" />
      </InnerResults>
    </UnitTestResult>
    <UnitTestResult executionId="320e5bc2-248a-4929-936f-203ad98e2665" testId="32b5d279-0d23-e5ad-0301-234c8788f740" testName="interrogative_sentences_who" computerName="ARPAN-LAP" duration="00:00:00.2109551" startTime="2014-06-29T10:57:44.3903380+05:30" endTime="2014-06-29T10:57:44.6713541+05:30" testType="13cdc9d9-ddb5-4fa4-a97d-d965ccfc6d4b" outcome="Passed" testListId="8c84fa94-04c1-424b-9868-57a2d4851a1d" relativeResultsDirectory="320e5bc2-248a-4929-936f-203ad98e2665" resultType="DataDrivenTest">
      <Counters error="0" failed="0" timeout="0" aborted="0" inconclusive="0" passedButRunAborted="0" notRunnable="0" notExecuted="0" disconnected="0" warning="0" passed="4" completed="0" inProgress="0" pending="0" />
      <InnerResults>
        <UnitTestResult executionId="8dc5432f-771b-458f-9935-2d3a5841ebc4" parentExecutionId="320e5bc2-248a-4929-936f-203ad98e2665" testId="32b5d279-0d23-e5ad-0301-234c8788f740" testName="interrogative_sentences_who" computerName="ARPAN-LAP" duration="00:00:00.0216211" startTime="2014-06-29T10:57:44.5583476+05:30" endTime="2014-06-29T10:57:44.5803489+05:30" testType="13cdc9d9-ddb5-4fa4-a97d-d965ccfc6d4b" outcome="Passed" testListId="8c84fa94-04c1-424b-9868-57a2d4851a1d" relativeResultsDirectory="320e5bc2-248a-4929-936f-203ad98e2665" dataRowInfo="0" resultType="DataDrivenDataRow" />
        <UnitTestResult executionId="195a1986-0229-409b-838e-fcef71312c9e" parentExecutionId="320e5bc2-248a-4929-936f-203ad98e2665" testId="32b5d279-0d23-e5ad-0301-234c8788f740" testName="interrogative_sentences_who" computerName="ARPAN-LAP" duration="00:00:00.0175236" startTime="2014-06-29T10:57:44.5803489+05:30" endTime="2014-06-29T10:57:44.5973499+05:30" testType="13cdc9d9-ddb5-4fa4-a97d-d965ccfc6d4b" outcome="Passed" testListId="8c84fa94-04c1-424b-9868-57a2d4851a1d" relativeResultsDirectory="320e5bc2-248a-4929-936f-203ad98e2665" dataRowInfo="1" resultType="DataDrivenDataRow" />
        <UnitTestResult executionId="446584a0-970c-42de-9982-552872eb578d" parentExecutionId="320e5bc2-248a-4929-936f-203ad98e2665" testId="32b5d279-0d23-e5ad-0301-234c8788f740" testName="interrogative_sentences_who" computerName="ARPAN-LAP" duration="00:00:00.0262713" startTime="2014-06-29T10:57:44.5973499+05:30" endTime="2014-06-29T10:57:44.6243514+05:30" testType="13cdc9d9-ddb5-4fa4-a97d-d965ccfc6d4b" outcome="Passed" testListId="8c84fa94-04c1-424b-9868-57a2d4851a1d" relativeResultsDirectory="320e5bc2-248a-4929-936f-203ad98e2665" dataRowInfo="2" resultType="DataDrivenDataRow" />
        <UnitTestResult executionId="1d80d2f6-7476-4baf-af6e-f515138dde64" parentExecutionId="320e5bc2-248a-4929-936f-203ad98e2665" testId="32b5d279-0d23-e5ad-0301-234c8788f740" testName="interrogative_sentences_who" computerName="ARPAN-LAP" duration="00:00:00.0312352" startTime="2014-06-29T10:57:44.6243514+05:30" endTime="2014-06-29T10:57:44.6553532+05:30" testType="13cdc9d9-ddb5-4fa4-a97d-d965ccfc6d4b" outcome="Passed" testListId="8c84fa94-04c1-424b-9868-57a2d4851a1d" relativeResultsDirectory="320e5bc2-248a-4929-936f-203ad98e2665" dataRowInfo="3" resultType="DataDrivenDataRow" />
      </InnerResults>
    </UnitTestResult>
    <UnitTestResult executionId="3b3eb63d-2a32-43fc-b95e-bcb896e3f4b4" testId="39dcb97e-c73f-c645-a77c-64d9eba0a3a3" testName="interrogative_sentences_aux" computerName="ARPAN-LAP" duration="00:00:00.9069528" startTime="2014-06-29T10:57:44.6723541+05:30" endTime="2014-06-29T10:57:45.8294203+05:30" testType="13cdc9d9-ddb5-4fa4-a97d-d965ccfc6d4b" outcome="Passed" testListId="8c84fa94-04c1-424b-9868-57a2d4851a1d" relativeResultsDirectory="3b3eb63d-2a32-43fc-b95e-bcb896e3f4b4" resultType="DataDrivenTest">
      <Counters error="0" failed="0" timeout="0" aborted="0" inconclusive="0" passedButRunAborted="0" notRunnable="0" notExecuted="0" disconnected="0" warning="0" passed="20" completed="0" inProgress="0" pending="0" />
      <InnerResults>
        <UnitTestResult executionId="86c68522-0a18-47f4-bf09-849ce59d7507" parentExecutionId="3b3eb63d-2a32-43fc-b95e-bcb896e3f4b4" testId="39dcb97e-c73f-c645-a77c-64d9eba0a3a3" testName="interrogative_sentences_aux" computerName="ARPAN-LAP" duration="00:00:00.0216185" startTime="2014-06-29T10:57:44.8333634+05:30" endTime="2014-06-29T10:57:44.8553646+05:30" testType="13cdc9d9-ddb5-4fa4-a97d-d965ccfc6d4b" outcome="Passed" testListId="8c84fa94-04c1-424b-9868-57a2d4851a1d" relativeResultsDirectory="3b3eb63d-2a32-43fc-b95e-bcb896e3f4b4" dataRowInfo="0" resultType="DataDrivenDataRow" />
        <UnitTestResult executionId="7ae97a7a-aed5-4e00-9dde-673a6a3a3a89" parentExecutionId="3b3eb63d-2a32-43fc-b95e-bcb896e3f4b4" testId="39dcb97e-c73f-c645-a77c-64d9eba0a3a3" testName="interrogative_sentences_aux" computerName="ARPAN-LAP" duration="00:00:00.0217904" startTime="2014-06-29T10:57:44.8553646+05:30" endTime="2014-06-29T10:57:44.8773659+05:30" testType="13cdc9d9-ddb5-4fa4-a97d-d965ccfc6d4b" outcome="Passed" testListId="8c84fa94-04c1-424b-9868-57a2d4851a1d" relativeResultsDirectory="3b3eb63d-2a32-43fc-b95e-bcb896e3f4b4" dataRowInfo="1" resultType="DataDrivenDataRow" />
        <UnitTestResult executionId="baa9f664-36a6-4249-9aa2-87e877405727" parentExecutionId="3b3eb63d-2a32-43fc-b95e-bcb896e3f4b4" testId="39dcb97e-c73f-c645-a77c-64d9eba0a3a3" testName="interrogative_sentences_aux" computerName="ARPAN-LAP" duration="00:00:00.0851299" startTime="2014-06-29T10:57:44.8773659+05:30" endTime="2014-06-29T10:57:44.9623707+05:30" testType="13cdc9d9-ddb5-4fa4-a97d-d965ccfc6d4b" outcome="Passed" testListId="8c84fa94-04c1-424b-9868-57a2d4851a1d" relativeResultsDirectory="3b3eb63d-2a32-43fc-b95e-bcb896e3f4b4" dataRowInfo="2" resultType="DataDrivenDataRow" />
        <UnitTestResult executionId="98c4a462-ad6f-41f2-a3ed-627f782d0c50" parentExecutionId="3b3eb63d-2a32-43fc-b95e-bcb896e3f4b4" testId="39dcb97e-c73f-c645-a77c-64d9eba0a3a3" testName="interrogative_sentences_aux" computerName="ARPAN-LAP" duration="00:00:00.0252109" startTime="2014-06-29T10:57:44.9623707+05:30" endTime="2014-06-29T10:57:44.9873722+05:30" testType="13cdc9d9-ddb5-4fa4-a97d-d965ccfc6d4b" outcome="Passed" testListId="8c84fa94-04c1-424b-9868-57a2d4851a1d" relativeResultsDirectory="3b3eb63d-2a32-43fc-b95e-bcb896e3f4b4" dataRowInfo="3" resultType="DataDrivenDataRow" />
        <UnitTestResult executionId="6d5196d1-f9df-4223-9724-2a014868944d" parentExecutionId="3b3eb63d-2a32-43fc-b95e-bcb896e3f4b4" testId="39dcb97e-c73f-c645-a77c-64d9eba0a3a3" testName="interrogative_sentences_aux" computerName="ARPAN-LAP" duration="00:00:00.0925477" startTime="2014-06-29T10:57:44.9873722+05:30" endTime="2014-06-29T10:57:45.0803775+05:30" testType="13cdc9d9-ddb5-4fa4-a97d-d965ccfc6d4b" outcome="Passed" testListId="8c84fa94-04c1-424b-9868-57a2d4851a1d" relativeResultsDirectory="3b3eb63d-2a32-43fc-b95e-bcb896e3f4b4" dataRowInfo="4" resultType="DataDrivenDataRow" />
        <UnitTestResult executionId="3327e69f-f5cb-401d-bba5-cef4581d30b8" parentExecutionId="3b3eb63d-2a32-43fc-b95e-bcb896e3f4b4" testId="39dcb97e-c73f-c645-a77c-64d9eba0a3a3" testName="interrogative_sentences_aux" computerName="ARPAN-LAP" duration="00:00:00.0236290" startTime="2014-06-29T10:57:45.0803775+05:30" endTime="2014-06-29T10:57:45.1043789+05:30" testType="13cdc9d9-ddb5-4fa4-a97d-d965ccfc6d4b" outcome="Passed" testListId="8c84fa94-04c1-424b-9868-57a2d4851a1d" relativeResultsDirectory="3b3eb63d-2a32-43fc-b95e-bcb896e3f4b4" dataRowInfo="5" resultType="DataDrivenDataRow" />
        <UnitTestResult executionId="6227ede1-3dba-4e62-b4f4-c47de6285ffd" parentExecutionId="3b3eb63d-2a32-43fc-b95e-bcb896e3f4b4" testId="39dcb97e-c73f-c645-a77c-64d9eba0a3a3" testName="interrogative_sentences_aux" computerName="ARPAN-LAP" duration="00:00:00.0436928" startTime="2014-06-29T10:57:45.1043789+05:30" endTime="2014-06-29T10:57:45.1473813+05:30" testType="13cdc9d9-ddb5-4fa4-a97d-d965ccfc6d4b" outcome="Passed" testListId="8c84fa94-04c1-424b-9868-57a2d4851a1d" relativeResultsDirectory="3b3eb63d-2a32-43fc-b95e-bcb896e3f4b4" dataRowInfo="6" resultType="DataDrivenDataRow" />
        <UnitTestResult executionId="c75a1709-b8dc-46b6-81f1-761a5fa39082" parentExecutionId="3b3eb63d-2a32-43fc-b95e-bcb896e3f4b4" testId="39dcb97e-c73f-c645-a77c-64d9eba0a3a3" testName="interrogative_sentences_aux" computerName="ARPAN-LAP" duration="00:00:00.0385293" startTime="2014-06-29T10:57:45.1473813+05:30" endTime="2014-06-29T10:57:45.1863835+05:30" testType="13cdc9d9-ddb5-4fa4-a97d-d965ccfc6d4b" outcome="Passed" testListId="8c84fa94-04c1-424b-9868-57a2d4851a1d" relativeResultsDirectory="3b3eb63d-2a32-43fc-b95e-bcb896e3f4b4" dataRowInfo="7" resultType="DataDrivenDataRow" />
        <UnitTestResult executionId="23e3d376-0e23-4166-be13-8da2d1533cd7" parentExecutionId="3b3eb63d-2a32-43fc-b95e-bcb896e3f4b4" testId="39dcb97e-c73f-c645-a77c-64d9eba0a3a3" testName="interrogative_sentences_aux" computerName="ARPAN-LAP" duration="00:00:00.0441101" startTime="2014-06-29T10:57:45.1863835+05:30" endTime="2014-06-29T10:57:45.2303861+05:30" testType="13cdc9d9-ddb5-4fa4-a97d-d965ccfc6d4b" outcome="Passed" testListId="8c84fa94-04c1-424b-9868-57a2d4851a1d" relativeResultsDirectory="3b3eb63d-2a32-43fc-b95e-bcb896e3f4b4" dataRowInfo="8" resultType="DataDrivenDataRow" />
        <UnitTestResult executionId="b7fd9dd6-1e7c-499b-8ad5-9fc000b4d264" parentExecutionId="3b3eb63d-2a32-43fc-b95e-bcb896e3f4b4" testId="39dcb97e-c73f-c645-a77c-64d9eba0a3a3" testName="interrogative_sentences_aux" computerName="ARPAN-LAP" duration="00:00:00.0286047" startTime="2014-06-29T10:57:45.2303861+05:30" endTime="2014-06-29T10:57:45.2593877+05:30" testType="13cdc9d9-ddb5-4fa4-a97d-d965ccfc6d4b" outcome="Passed" testListId="8c84fa94-04c1-424b-9868-57a2d4851a1d" relativeResultsDirectory="3b3eb63d-2a32-43fc-b95e-bcb896e3f4b4" dataRowInfo="9" resultType="DataDrivenDataRow" />
        <UnitTestResult executionId="becda1b6-5642-40e0-81de-89b91c15fa87" parentExecutionId="3b3eb63d-2a32-43fc-b95e-bcb896e3f4b4" testId="39dcb97e-c73f-c645-a77c-64d9eba0a3a3" testName="interrogative_sentences_aux" computerName="ARPAN-LAP" duration="00:00:00.0198893" startTime="2014-06-29T10:57:45.2593877+05:30" endTime="2014-06-29T10:57:45.2793889+05:30" testType="13cdc9d9-ddb5-4fa4-a97d-d965ccfc6d4b" outcome="Passed" testListId="8c84fa94-04c1-424b-9868-57a2d4851a1d" relativeResultsDirectory="3b3eb63d-2a32-43fc-b95e-bcb896e3f4b4" dataRowInfo="10" resultType="DataDrivenDataRow" />
        <UnitTestResult executionId="b483a371-0653-4ad0-9f6d-d48d7f753ca6" parentExecutionId="3b3eb63d-2a32-43fc-b95e-bcb896e3f4b4" testId="39dcb97e-c73f-c645-a77c-64d9eba0a3a3" testName="interrogative_sentences_aux" computerName="ARPAN-LAP" duration="00:00:00.0175903" startTime="2014-06-29T10:57:45.2793889+05:30" endTime="2014-06-29T10:57:45.2963898+05:30" testType="13cdc9d9-ddb5-4fa4-a97d-d965ccfc6d4b" outcome="Passed" testListId="8c84fa94-04c1-424b-9868-57a2d4851a1d" relativeResultsDirectory="3b3eb63d-2a32-43fc-b95e-bcb896e3f4b4" dataRowInfo="11" resultType="DataDrivenDataRow" />
        <UnitTestResult executionId="01f6fa1a-7a5c-4054-a083-357048be39eb" parentExecutionId="3b3eb63d-2a32-43fc-b95e-bcb896e3f4b4" testId="39dcb97e-c73f-c645-a77c-64d9eba0a3a3" testName="interrogative_sentences_aux" computerName="ARPAN-LAP" duration="00:00:00.0185312" startTime="2014-06-29T10:57:45.2963898+05:30" endTime="2014-06-29T10:57:45.3543932+05:30" testType="13cdc9d9-ddb5-4fa4-a97d-d965ccfc6d4b" outcome="Passed" testListId="8c84fa94-04c1-424b-9868-57a2d4851a1d" relativeResultsDirectory="3b3eb63d-2a32-43fc-b95e-bcb896e3f4b4" dataRowInfo="12" resultType="DataDrivenDataRow" />
        <UnitTestResult executionId="d45154a9-68bf-48bf-84be-7c3cd3ca9cab" parentExecutionId="3b3eb63d-2a32-43fc-b95e-bcb896e3f4b4" testId="39dcb97e-c73f-c645-a77c-64d9eba0a3a3" testName="interrogative_sentences_aux" computerName="ARPAN-LAP" duration="00:00:00.0227261" startTime="2014-06-29T10:57:45.3543932+05:30" endTime="2014-06-29T10:57:45.3773945+05:30" testType="13cdc9d9-ddb5-4fa4-a97d-d965ccfc6d4b" outcome="Passed" testListId="8c84fa94-04c1-424b-9868-57a2d4851a1d" relativeResultsDirectory="3b3eb63d-2a32-43fc-b95e-bcb896e3f4b4" dataRowInfo="13" resultType="DataDrivenDataRow" />
        <UnitTestResult executionId="79d52fc6-c299-4453-865a-b7e822556e6d" parentExecutionId="3b3eb63d-2a32-43fc-b95e-bcb896e3f4b4" testId="39dcb97e-c73f-c645-a77c-64d9eba0a3a3" testName="interrogative_sentences_aux" computerName="ARPAN-LAP" duration="00:00:00.0175421" startTime="2014-06-29T10:57:45.3773945+05:30" endTime="2014-06-29T10:57:45.3943954+05:30" testType="13cdc9d9-ddb5-4fa4-a97d-d965ccfc6d4b" outcome="Passed" testListId="8c84fa94-04c1-424b-9868-57a2d4851a1d" relativeResultsDirectory="3b3eb63d-2a32-43fc-b95e-bcb896e3f4b4" dataRowInfo="14" resultType="DataDrivenDataRow" />
        <UnitTestResult executionId="638d0d6a-f86c-4b84-94ce-8cebbfa7f611" parentExecutionId="3b3eb63d-2a32-43fc-b95e-bcb896e3f4b4" testId="39dcb97e-c73f-c645-a77c-64d9eba0a3a3" testName="interrogative_sentences_aux" computerName="ARPAN-LAP" duration="00:00:00.0357443" startTime="2014-06-29T10:57:45.3943954+05:30" endTime="2014-06-29T10:57:45.4303975+05:30" testType="13cdc9d9-ddb5-4fa4-a97d-d965ccfc6d4b" outcome="Passed" testListId="8c84fa94-04c1-424b-9868-57a2d4851a1d" relativeResultsDirectory="3b3eb63d-2a32-43fc-b95e-bcb896e3f4b4" dataRowInfo="15" resultType="DataDrivenDataRow" />
        <UnitTestResult executionId="17f06655-9881-4e34-85d8-51f3bf68e110" parentExecutionId="3b3eb63d-2a32-43fc-b95e-bcb896e3f4b4" testId="39dcb97e-c73f-c645-a77c-64d9eba0a3a3" testName="interrogative_sentences_aux" computerName="ARPAN-LAP" duration="00:00:00.0199303" startTime="2014-06-29T10:57:45.4303975+05:30" endTime="2014-06-29T10:57:45.4503986+05:30" testType="13cdc9d9-ddb5-4fa4-a97d-d965ccfc6d4b" outcome="Passed" testListId="8c84fa94-04c1-424b-9868-57a2d4851a1d" relativeResultsDirectory="3b3eb63d-2a32-43fc-b95e-bcb896e3f4b4" dataRowInfo="16" resultType="DataDrivenDataRow" />
        <UnitTestResult executionId="ddb7a8c0-785b-4666-8457-d9d564de6af9" parentExecutionId="3b3eb63d-2a32-43fc-b95e-bcb896e3f4b4" testId="39dcb97e-c73f-c645-a77c-64d9eba0a3a3" testName="interrogative_sentences_aux" computerName="ARPAN-LAP" duration="00:00:00.0252335" startTime="2014-06-29T10:57:45.4503986+05:30" endTime="2014-06-29T10:57:45.4754001+05:30" testType="13cdc9d9-ddb5-4fa4-a97d-d965ccfc6d4b" outcome="Passed" testListId="8c84fa94-04c1-424b-9868-57a2d4851a1d" relativeResultsDirectory="3b3eb63d-2a32-43fc-b95e-bcb896e3f4b4" dataRowInfo="17" resultType="DataDrivenDataRow" />
        <UnitTestResult executionId="5bc37aae-afb6-48ec-bfc3-9910fa83326c" parentExecutionId="3b3eb63d-2a32-43fc-b95e-bcb896e3f4b4" testId="39dcb97e-c73f-c645-a77c-64d9eba0a3a3" testName="interrogative_sentences_aux" computerName="ARPAN-LAP" duration="00:00:00.0165515" startTime="2014-06-29T10:57:45.4754001+05:30" endTime="2014-06-29T10:57:45.4924010+05:30" testType="13cdc9d9-ddb5-4fa4-a97d-d965ccfc6d4b" outcome="Passed" testListId="8c84fa94-04c1-424b-9868-57a2d4851a1d" relativeResultsDirectory="3b3eb63d-2a32-43fc-b95e-bcb896e3f4b4" dataRowInfo="18" resultType="DataDrivenDataRow" />
        <UnitTestResult executionId="14809440-e45b-49ae-a6fe-717ee06a21b6" parentExecutionId="3b3eb63d-2a32-43fc-b95e-bcb896e3f4b4" testId="39dcb97e-c73f-c645-a77c-64d9eba0a3a3" testName="interrogative_sentences_aux" computerName="ARPAN-LAP" duration="00:00:00.0452126" startTime="2014-06-29T10:57:45.4924010+05:30" endTime="2014-06-29T10:57:45.6454098+05:30" testType="13cdc9d9-ddb5-4fa4-a97d-d965ccfc6d4b" outcome="Passed" testListId="8c84fa94-04c1-424b-9868-57a2d4851a1d" relativeResultsDirectory="3b3eb63d-2a32-43fc-b95e-bcb896e3f4b4" dataRowInfo="19" resultType="DataDrivenDataRow" />
      </InnerResults>
    </UnitTestResult>
    <UnitTestResult executionId="2cb72f81-61de-4f9c-9c52-6b2d69c893c0" testId="4e91a3b9-9eae-ebff-0b97-303f00578a78" testName="interrogative_sentences_whom" computerName="ARPAN-LAP" duration="00:00:00.0930194" startTime="2014-06-29T10:57:45.8324205+05:30" endTime="2014-06-29T10:57:46.0504330+05:30" testType="13cdc9d9-ddb5-4fa4-a97d-d965ccfc6d4b" outcome="Passed" testListId="8c84fa94-04c1-424b-9868-57a2d4851a1d" relativeResultsDirectory="2cb72f81-61de-4f9c-9c52-6b2d69c893c0" resultType="DataDrivenTest">
      <Counters error="0" failed="0" timeout="0" aborted="0" inconclusive="0" passedButRunAborted="0" notRunnable="0" notExecuted="0" disconnected="0" warning="0" passed="2" completed="0" inProgress="0" pending="0" />
      <InnerResults>
        <UnitTestResult executionId="22ae501e-eb6e-487b-9ca8-088d184dc0d6" parentExecutionId="2cb72f81-61de-4f9c-9c52-6b2d69c893c0" testId="4e91a3b9-9eae-ebff-0b97-303f00578a78" testName="interrogative_sentences_whom" computerName="ARPAN-LAP" duration="00:00:00.0530893" startTime="2014-06-29T10:57:45.9514273+05:30" endTime="2014-06-29T10:57:46.0164310+05:30" testType="13cdc9d9-ddb5-4fa4-a97d-d965ccfc6d4b" outcome="Passed" testListId="8c84fa94-04c1-424b-9868-57a2d4851a1d" relativeResultsDirectory="2cb72f81-61de-4f9c-9c52-6b2d69c893c0" dataRowInfo="0" resultType="DataDrivenDataRow" />
        <UnitTestResult executionId="a290b405-aa20-4134-a1dc-48d08ef6f19e" parentExecutionId="2cb72f81-61de-4f9c-9c52-6b2d69c893c0" testId="4e91a3b9-9eae-ebff-0b97-303f00578a78" testName="interrogative_sentences_whom" computerName="ARPAN-LAP" duration="00:00:00.0246853" startTime="2014-06-29T10:57:46.0164310+05:30" endTime="2014-06-29T10:57:46.0414325+05:30" testType="13cdc9d9-ddb5-4fa4-a97d-d965ccfc6d4b" outcome="Passed" testListId="8c84fa94-04c1-424b-9868-57a2d4851a1d" relativeResultsDirectory="2cb72f81-61de-4f9c-9c52-6b2d69c893c0" dataRowInfo="1" resultType="DataDrivenDataRow" />
      </InnerResults>
    </UnitTestResult>
    <UnitTestResult executionId="3be3c11b-6b0d-45bf-ab4e-6517eb328e9d" testId="533e7939-123c-ce84-5c5c-d5a21d1d95b9" testName="special_handling_do_verb" computerName="ARPAN-LAP" duration="00:00:00.4170938" startTime="2014-06-29T10:57:46.0514330+05:30" endTime="2014-06-29T10:57:46.5214599+05:30" testType="13cdc9d9-ddb5-4fa4-a97d-d965ccfc6d4b" outcome="Passed" testListId="8c84fa94-04c1-424b-9868-57a2d4851a1d" relativeResultsDirectory="3be3c11b-6b0d-45bf-ab4e-6517eb328e9d" resultType="DataDrivenTest">
      <Counters error="0" failed="0" timeout="0" aborted="0" inconclusive="0" passedButRunAborted="0" notRunnable="0" notExecuted="0" disconnected="0" warning="0" passed="13" completed="0" inProgress="0" pending="0" />
      <InnerResults>
        <UnitTestResult executionId="b6ad945c-b38a-444c-a43f-787539f8a722" parentExecutionId="3be3c11b-6b0d-45bf-ab4e-6517eb328e9d" testId="533e7939-123c-ce84-5c5c-d5a21d1d95b9" testName="special_handling_do_verb" computerName="ARPAN-LAP" duration="00:00:00.0218320" startTime="2014-06-29T10:57:46.0794346+05:30" endTime="2014-06-29T10:57:46.1014359+05:30" testType="13cdc9d9-ddb5-4fa4-a97d-d965ccfc6d4b" outcome="Passed" testListId="8c84fa94-04c1-424b-9868-57a2d4851a1d" relativeResultsDirectory="3be3c11b-6b0d-45bf-ab4e-6517eb328e9d" dataRowInfo="0" resultType="DataDrivenDataRow" />
        <UnitTestResult executionId="2dc85142-bdbe-4b62-b31b-cb8b60cae859" parentExecutionId="3be3c11b-6b0d-45bf-ab4e-6517eb328e9d" testId="533e7939-123c-ce84-5c5c-d5a21d1d95b9" testName="special_handling_do_verb" computerName="ARPAN-LAP" duration="00:00:00.0222719" startTime="2014-06-29T10:57:46.1014359+05:30" endTime="2014-06-29T10:57:46.1234371+05:30" testType="13cdc9d9-ddb5-4fa4-a97d-d965ccfc6d4b" outcome="Passed" testListId="8c84fa94-04c1-424b-9868-57a2d4851a1d" relativeResultsDirectory="3be3c11b-6b0d-45bf-ab4e-6517eb328e9d" dataRowInfo="1" resultType="DataDrivenDataRow" />
        <UnitTestResult executionId="f70e9c8b-e832-4597-a41b-8cca29d8719f" parentExecutionId="3be3c11b-6b0d-45bf-ab4e-6517eb328e9d" testId="533e7939-123c-ce84-5c5c-d5a21d1d95b9" testName="special_handling_do_verb" computerName="ARPAN-LAP" duration="00:00:00.0271752" startTime="2014-06-29T10:57:46.1234371+05:30" endTime="2014-06-29T10:57:46.1504387+05:30" testType="13cdc9d9-ddb5-4fa4-a97d-d965ccfc6d4b" outcome="Passed" testListId="8c84fa94-04c1-424b-9868-57a2d4851a1d" relativeResultsDirectory="3be3c11b-6b0d-45bf-ab4e-6517eb328e9d" dataRowInfo="2" resultType="DataDrivenDataRow" />
        <UnitTestResult executionId="10ba7e74-d9bd-4f54-bc6b-df79c54b66ef" parentExecutionId="3be3c11b-6b0d-45bf-ab4e-6517eb328e9d" testId="533e7939-123c-ce84-5c5c-d5a21d1d95b9" testName="special_handling_do_verb" computerName="ARPAN-LAP" duration="00:00:00.0317685" startTime="2014-06-29T10:57:46.1504387+05:30" endTime="2014-06-29T10:57:46.1824405+05:30" testType="13cdc9d9-ddb5-4fa4-a97d-d965ccfc6d4b" outcome="Passed" testListId="8c84fa94-04c1-424b-9868-57a2d4851a1d" relativeResultsDirectory="3be3c11b-6b0d-45bf-ab4e-6517eb328e9d" dataRowInfo="3" resultType="DataDrivenDataRow" />
        <UnitTestResult executionId="20af43b8-dbf5-4d58-984b-d2621a0b8752" parentExecutionId="3be3c11b-6b0d-45bf-ab4e-6517eb328e9d" testId="533e7939-123c-ce84-5c5c-d5a21d1d95b9" testName="special_handling_do_verb" computerName="ARPAN-LAP" duration="00:00:00.0201151" startTime="2014-06-29T10:57:46.1824405+05:30" endTime="2014-06-29T10:57:46.2024417+05:30" testType="13cdc9d9-ddb5-4fa4-a97d-d965ccfc6d4b" outcome="Passed" testListId="8c84fa94-04c1-424b-9868-57a2d4851a1d" relativeResultsDirectory="3be3c11b-6b0d-45bf-ab4e-6517eb328e9d" dataRowInfo="4" resultType="DataDrivenDataRow" />
        <UnitTestResult executionId="b681ee7a-2975-47dc-b1fc-2d01ee38ccf0" parentExecutionId="3be3c11b-6b0d-45bf-ab4e-6517eb328e9d" testId="533e7939-123c-ce84-5c5c-d5a21d1d95b9" testName="special_handling_do_verb" computerName="ARPAN-LAP" duration="00:00:00.0278553" startTime="2014-06-29T10:57:46.2024417+05:30" endTime="2014-06-29T10:57:46.2304433+05:30" testType="13cdc9d9-ddb5-4fa4-a97d-d965ccfc6d4b" outcome="Passed" testListId="8c84fa94-04c1-424b-9868-57a2d4851a1d" relativeResultsDirectory="3be3c11b-6b0d-45bf-ab4e-6517eb328e9d" dataRowInfo="5" resultType="DataDrivenDataRow" />
        <UnitTestResult executionId="a4b56d23-3b33-4df2-ac0f-3ed21d2229e0" parentExecutionId="3be3c11b-6b0d-45bf-ab4e-6517eb328e9d" testId="533e7939-123c-ce84-5c5c-d5a21d1d95b9" testName="special_handling_do_verb" computerName="ARPAN-LAP" duration="00:00:00.0474223" startTime="2014-06-29T10:57:46.2304433+05:30" endTime="2014-06-29T10:57:46.2784460+05:30" testType="13cdc9d9-ddb5-4fa4-a97d-d965ccfc6d4b" outcome="Passed" testListId="8c84fa94-04c1-424b-9868-57a2d4851a1d" relativeResultsDirectory="3be3c11b-6b0d-45bf-ab4e-6517eb328e9d" dataRowInfo="6" resultType="DataDrivenDataRow" />
        <UnitTestResult executionId="14f90970-a85c-47f0-ab16-863e611661d3" parentExecutionId="3be3c11b-6b0d-45bf-ab4e-6517eb328e9d" testId="533e7939-123c-ce84-5c5c-d5a21d1d95b9" testName="special_handling_do_verb" computerName="ARPAN-LAP" duration="00:00:00.0623513" startTime="2014-06-29T10:57:46.2784460+05:30" endTime="2014-06-29T10:57:46.3404496+05:30" testType="13cdc9d9-ddb5-4fa4-a97d-d965ccfc6d4b" outcome="Passed" testListId="8c84fa94-04c1-424b-9868-57a2d4851a1d" relativeResultsDirectory="3be3c11b-6b0d-45bf-ab4e-6517eb328e9d" dataRowInfo="7" resultType="DataDrivenDataRow" />
        <UnitTestResult executionId="a93f02b7-915e-4dd8-9beb-4b90595b22d0" parentExecutionId="3be3c11b-6b0d-45bf-ab4e-6517eb328e9d" testId="533e7939-123c-ce84-5c5c-d5a21d1d95b9" testName="special_handling_do_verb" computerName="ARPAN-LAP" duration="00:00:00.0223550" startTime="2014-06-29T10:57:46.3404496+05:30" endTime="2014-06-29T10:57:46.3624508+05:30" testType="13cdc9d9-ddb5-4fa4-a97d-d965ccfc6d4b" outcome="Passed" testListId="8c84fa94-04c1-424b-9868-57a2d4851a1d" relativeResultsDirectory="3be3c11b-6b0d-45bf-ab4e-6517eb328e9d" dataRowInfo="8" resultType="DataDrivenDataRow" />
        <UnitTestResult executionId="2bb487ea-63aa-4507-a377-5f2a9de0d0f7" parentExecutionId="3be3c11b-6b0d-45bf-ab4e-6517eb328e9d" testId="533e7939-123c-ce84-5c5c-d5a21d1d95b9" testName="special_handling_do_verb" computerName="ARPAN-LAP" duration="00:00:00.0338713" startTime="2014-06-29T10:57:46.3624508+05:30" endTime="2014-06-29T10:57:46.3964528+05:30" testType="13cdc9d9-ddb5-4fa4-a97d-d965ccfc6d4b" outcome="Passed" testListId="8c84fa94-04c1-424b-9868-57a2d4851a1d" relativeResultsDirectory="3be3c11b-6b0d-45bf-ab4e-6517eb328e9d" dataRowInfo="9" resultType="DataDrivenDataRow" />
        <UnitTestResult executionId="c1b752c5-1aa4-47c6-b1b5-f57eccb01e45" parentExecutionId="3be3c11b-6b0d-45bf-ab4e-6517eb328e9d" testId="533e7939-123c-ce84-5c5c-d5a21d1d95b9" testName="special_handling_do_verb" computerName="ARPAN-LAP" duration="00:00:00.0216493" startTime="2014-06-29T10:57:46.3964528+05:30" endTime="2014-06-29T10:57:46.4184540+05:30" testType="13cdc9d9-ddb5-4fa4-a97d-d965ccfc6d4b" outcome="Passed" testListId="8c84fa94-04c1-424b-9868-57a2d4851a1d" relativeResultsDirectory="3be3c11b-6b0d-45bf-ab4e-6517eb328e9d" dataRowInfo="10" resultType="DataDrivenDataRow" />
        <UnitTestResult executionId="44e7c6d7-6af0-43c0-9cbf-cac6844f550f" parentExecutionId="3be3c11b-6b0d-45bf-ab4e-6517eb328e9d" testId="533e7939-123c-ce84-5c5c-d5a21d1d95b9" testName="special_handling_do_verb" computerName="ARPAN-LAP" duration="00:00:00.0284989" startTime="2014-06-29T10:57:46.4184540+05:30" endTime="2014-06-29T10:57:46.4474557+05:30" testType="13cdc9d9-ddb5-4fa4-a97d-d965ccfc6d4b" outcome="Passed" testListId="8c84fa94-04c1-424b-9868-57a2d4851a1d" relativeResultsDirectory="3be3c11b-6b0d-45bf-ab4e-6517eb328e9d" dataRowInfo="11" resultType="DataDrivenDataRow" />
        <UnitTestResult executionId="6a6034ee-de61-48d0-9539-1a465fda9ea0" parentExecutionId="3be3c11b-6b0d-45bf-ab4e-6517eb328e9d" testId="533e7939-123c-ce84-5c5c-d5a21d1d95b9" testName="special_handling_do_verb" computerName="ARPAN-LAP" duration="00:00:00.0284040" startTime="2014-06-29T10:57:46.4474557+05:30" endTime="2014-06-29T10:57:46.4754573+05:30" testType="13cdc9d9-ddb5-4fa4-a97d-d965ccfc6d4b" outcome="Passed" testListId="8c84fa94-04c1-424b-9868-57a2d4851a1d" relativeResultsDirectory="3be3c11b-6b0d-45bf-ab4e-6517eb328e9d" dataRowInfo="12" resultType="DataDrivenDataRow" />
      </InnerResults>
    </UnitTestResult>
    <UnitTestResult executionId="2886c523-f9ef-4cf1-a373-5537449b7791" testId="642ce34f-0ed4-f995-637b-09297c832f2a" testName="RandomWord" computerName="ARPAN-LAP" duration="00:00:00.1895558" startTime="2014-06-29T10:57:46.5224600+05:30" endTime="2014-06-29T10:57:46.7624737+05:30" testType="13cdc9d9-ddb5-4fa4-a97d-d965ccfc6d4b" outcome="Failed" testListId="8c84fa94-04c1-424b-9868-57a2d4851a1d" relativeResultsDirectory="2886c523-f9ef-4cf1-a373-5537449b7791" resultType="DataDrivenTest">
      <Counters error="0" failed="1" timeout="0" aborted="0" inconclusive="0" passedButRunAborted="0" notRunnable="0" notExecuted="0" disconnected="0" warning="0" passed="0" completed="0" inProgress="0" pending="0" />
      <InnerResults>
        <UnitTestResult executionId="9940b38c-dfe6-437a-8ca0-97fe4effcd32" parentExecutionId="2886c523-f9ef-4cf1-a373-5537449b7791" testId="642ce34f-0ed4-f995-637b-09297c832f2a" testName="RandomWord" computerName="ARPAN-LAP" duration="00:00:00.1132839" startTime="2014-06-29T10:57:46.6424668+05:30" endTime="2014-06-29T10:57:46.7554733+05:30" testType="13cdc9d9-ddb5-4fa4-a97d-d965ccfc6d4b" outcome="Failed" testListId="8c84fa94-04c1-424b-9868-57a2d4851a1d" relativeResultsDirectory="2886c523-f9ef-4cf1-a373-5537449b7791" dataRowInfo="0" resultType="DataDrivenDataRow">
          <Output>
            <ErrorInfo>
              <Message>Assert.AreEqual failed. Expected:&lt;পূর্ব সলোমন এর নৌ যুদ্ধ ২৪–২৫ অগষ্ট ১৯৪২ য়ে স্থান গ্রহণ করেছিল , এবং দ্বিতীয় বিশ্ব যুদ্ধ এর প্রশান্ত মহাসাগর সংগঠিত প্রচারকার্য এর তৃতীয় যুদ্ধ বাহক ।&gt;. Actual:&lt;পূর্ব সলোমন এর নৌ যুদ্ধ ২৪–২৫ অগষ্ট ১৯৪২ য়ে স্থান গ্রহণ করেছিল , এবং দ্বিতীয় বিশ্ব যুদ্ধ এর pacific:NP সংগঠিত প্রচারকার্য এর তৃতীয় যুদ্ধ বাহক ।&gt;. The naval Battle of the Eastern Solomons took place on 24–25 August 1942, and was the third carrier battle of the Pacific campaign of second World War.</Message>
              <StackTrace>   at UnitTest.BnlpTest.RandomWord() in D:\software\Project\BNLP\UnitTest\BnlpTest.cs:line 526
</StackTrace>
            </ErrorInfo>
          </Output>
        </UnitTestResult>
      </InnerResults>
    </UnitTestResult>
    <UnitTestResult executionId="df3d4493-a25d-4a40-bf51-2c70510df5f8" testId="783915fe-114a-e353-78dd-56e92a60f942" testName="all_persons_modal_should" computerName="ARPAN-LAP" duration="00:00:00.6887394" startTime="2014-06-29T10:57:46.7634737+05:30" endTime="2014-06-29T10:57:47.6635252+05:30" testType="13cdc9d9-ddb5-4fa4-a97d-d965ccfc6d4b" outcome="Passed" testListId="8c84fa94-04c1-424b-9868-57a2d4851a1d" relativeResultsDirectory="df3d4493-a25d-4a40-bf51-2c70510df5f8" resultType="DataDrivenTest">
      <Counters error="0" failed="0" timeout="0" aborted="0" inconclusive="0" passedButRunAborted="0" notRunnable="0" notExecuted="0" disconnected="0" warning="0" passed="17" completed="0" inProgress="0" pending="0" />
      <InnerResults>
        <UnitTestResult executionId="b0ca7ddd-8bc6-4ebc-a6ee-8c91a36ad844" parentExecutionId="df3d4493-a25d-4a40-bf51-2c70510df5f8" testId="783915fe-114a-e353-78dd-56e92a60f942" testName="all_persons_modal_should" computerName="ARPAN-LAP" duration="00:00:00.1097608" startTime="2014-06-29T10:57:46.8724800+05:30" endTime="2014-06-29T10:57:46.9824863+05:30" testType="13cdc9d9-ddb5-4fa4-a97d-d965ccfc6d4b" outcome="Passed" testListId="8c84fa94-04c1-424b-9868-57a2d4851a1d" relativeResultsDirectory="df3d4493-a25d-4a40-bf51-2c70510df5f8" dataRowInfo="0" resultType="DataDrivenDataRow" />
        <UnitTestResult executionId="f59a1203-259b-4427-8466-d76da1f6e533" parentExecutionId="df3d4493-a25d-4a40-bf51-2c70510df5f8" testId="783915fe-114a-e353-78dd-56e92a60f942" testName="all_persons_modal_should" computerName="ARPAN-LAP" duration="00:00:00.0372456" startTime="2014-06-29T10:57:46.9824863+05:30" endTime="2014-06-29T10:57:47.0194884+05:30" testType="13cdc9d9-ddb5-4fa4-a97d-d965ccfc6d4b" outcome="Passed" testListId="8c84fa94-04c1-424b-9868-57a2d4851a1d" relativeResultsDirectory="df3d4493-a25d-4a40-bf51-2c70510df5f8" dataRowInfo="1" resultType="DataDrivenDataRow" />
        <UnitTestResult executionId="67bde09f-1957-4be9-9770-1e61a58643c1" parentExecutionId="df3d4493-a25d-4a40-bf51-2c70510df5f8" testId="783915fe-114a-e353-78dd-56e92a60f942" testName="all_persons_modal_should" computerName="ARPAN-LAP" duration="00:00:00.0309000" startTime="2014-06-29T10:57:47.0194884+05:30" endTime="2014-06-29T10:57:47.0504902+05:30" testType="13cdc9d9-ddb5-4fa4-a97d-d965ccfc6d4b" outcome="Passed" testListId="8c84fa94-04c1-424b-9868-57a2d4851a1d" relativeResultsDirectory="df3d4493-a25d-4a40-bf51-2c70510df5f8" dataRowInfo="2" resultType="DataDrivenDataRow" />
        <UnitTestResult executionId="0a268d1d-62e1-4f2c-b827-463a3a7fd554" parentExecutionId="df3d4493-a25d-4a40-bf51-2c70510df5f8" testId="783915fe-114a-e353-78dd-56e92a60f942" testName="all_persons_modal_should" computerName="ARPAN-LAP" duration="00:00:00.0354625" startTime="2014-06-29T10:57:47.0504902+05:30" endTime="2014-06-29T10:57:47.0864922+05:30" testType="13cdc9d9-ddb5-4fa4-a97d-d965ccfc6d4b" outcome="Passed" testListId="8c84fa94-04c1-424b-9868-57a2d4851a1d" relativeResultsDirectory="df3d4493-a25d-4a40-bf51-2c70510df5f8" dataRowInfo="3" resultType="DataDrivenDataRow" />
        <UnitTestResult executionId="4418a4da-a864-4d4e-870e-51d00ea69d08" parentExecutionId="df3d4493-a25d-4a40-bf51-2c70510df5f8" testId="783915fe-114a-e353-78dd-56e92a60f942" testName="all_persons_modal_should" computerName="ARPAN-LAP" duration="00:00:00.0191296" startTime="2014-06-29T10:57:47.0864922+05:30" endTime="2014-06-29T10:57:47.1054933+05:30" testType="13cdc9d9-ddb5-4fa4-a97d-d965ccfc6d4b" outcome="Passed" testListId="8c84fa94-04c1-424b-9868-57a2d4851a1d" relativeResultsDirectory="df3d4493-a25d-4a40-bf51-2c70510df5f8" dataRowInfo="4" resultType="DataDrivenDataRow" />
        <UnitTestResult executionId="0225edb0-2d68-41d1-a0a8-d007270e514b" parentExecutionId="df3d4493-a25d-4a40-bf51-2c70510df5f8" testId="783915fe-114a-e353-78dd-56e92a60f942" testName="all_persons_modal_should" computerName="ARPAN-LAP" duration="00:00:00.0219383" startTime="2014-06-29T10:57:47.1054933+05:30" endTime="2014-06-29T10:57:47.1274946+05:30" testType="13cdc9d9-ddb5-4fa4-a97d-d965ccfc6d4b" outcome="Passed" testListId="8c84fa94-04c1-424b-9868-57a2d4851a1d" relativeResultsDirectory="df3d4493-a25d-4a40-bf51-2c70510df5f8" dataRowInfo="5" resultType="DataDrivenDataRow" />
        <UnitTestResult executionId="8afe54c5-90e3-4812-953e-6a4dc10bf79a" parentExecutionId="df3d4493-a25d-4a40-bf51-2c70510df5f8" testId="783915fe-114a-e353-78dd-56e92a60f942" testName="all_persons_modal_should" computerName="ARPAN-LAP" duration="00:00:00.0337425" startTime="2014-06-29T10:57:47.1274946+05:30" endTime="2014-06-29T10:57:47.1614965+05:30" testType="13cdc9d9-ddb5-4fa4-a97d-d965ccfc6d4b" outcome="Passed" testListId="8c84fa94-04c1-424b-9868-57a2d4851a1d" relativeResultsDirectory="df3d4493-a25d-4a40-bf51-2c70510df5f8" dataRowInfo="6" resultType="DataDrivenDataRow" />
        <UnitTestResult executionId="1b336697-5a12-41e0-b62d-475c614d9458" parentExecutionId="df3d4493-a25d-4a40-bf51-2c70510df5f8" testId="783915fe-114a-e353-78dd-56e92a60f942" testName="all_persons_modal_should" computerName="ARPAN-LAP" duration="00:00:00.0288962" startTime="2014-06-29T10:57:47.1614965+05:30" endTime="2014-06-29T10:57:47.1904982+05:30" testType="13cdc9d9-ddb5-4fa4-a97d-d965ccfc6d4b" outcome="Passed" testListId="8c84fa94-04c1-424b-9868-57a2d4851a1d" relativeResultsDirectory="df3d4493-a25d-4a40-bf51-2c70510df5f8" dataRowInfo="7" resultType="DataDrivenDataRow" />
        <UnitTestResult executionId="a4ffea49-070d-4e09-bc96-3b9a4ffcc17a" parentExecutionId="df3d4493-a25d-4a40-bf51-2c70510df5f8" testId="783915fe-114a-e353-78dd-56e92a60f942" testName="all_persons_modal_should" computerName="ARPAN-LAP" duration="00:00:00.0211068" startTime="2014-06-29T10:57:47.1904982+05:30" endTime="2014-06-29T10:57:47.2114994+05:30" testType="13cdc9d9-ddb5-4fa4-a97d-d965ccfc6d4b" outcome="Passed" testListId="8c84fa94-04c1-424b-9868-57a2d4851a1d" relativeResultsDirectory="df3d4493-a25d-4a40-bf51-2c70510df5f8" dataRowInfo="8" resultType="DataDrivenDataRow" />
        <UnitTestResult executionId="dd4f9647-e63d-4dc8-90de-17746728911b" parentExecutionId="df3d4493-a25d-4a40-bf51-2c70510df5f8" testId="783915fe-114a-e353-78dd-56e92a60f942" testName="all_persons_modal_should" computerName="ARPAN-LAP" duration="00:00:00.0233416" startTime="2014-06-29T10:57:47.2114994+05:30" endTime="2014-06-29T10:57:47.2345007+05:30" testType="13cdc9d9-ddb5-4fa4-a97d-d965ccfc6d4b" outcome="Passed" testListId="8c84fa94-04c1-424b-9868-57a2d4851a1d" relativeResultsDirectory="df3d4493-a25d-4a40-bf51-2c70510df5f8" dataRowInfo="9" resultType="DataDrivenDataRow" />
        <UnitTestResult executionId="1963a229-f4d9-4e78-9cbc-b76b2d554e43" parentExecutionId="df3d4493-a25d-4a40-bf51-2c70510df5f8" testId="783915fe-114a-e353-78dd-56e92a60f942" testName="all_persons_modal_should" computerName="ARPAN-LAP" duration="00:00:00.0255558" startTime="2014-06-29T10:57:47.2345007+05:30" endTime="2014-06-29T10:57:47.2605022+05:30" testType="13cdc9d9-ddb5-4fa4-a97d-d965ccfc6d4b" outcome="Passed" testListId="8c84fa94-04c1-424b-9868-57a2d4851a1d" relativeResultsDirectory="df3d4493-a25d-4a40-bf51-2c70510df5f8" dataRowInfo="10" resultType="DataDrivenDataRow" />
        <UnitTestResult executionId="ad8af191-33fc-40bc-b7a6-c1e64a69f8d0" parentExecutionId="df3d4493-a25d-4a40-bf51-2c70510df5f8" testId="783915fe-114a-e353-78dd-56e92a60f942" testName="all_persons_modal_should" computerName="ARPAN-LAP" duration="00:00:00.0553287" startTime="2014-06-29T10:57:47.2605022+05:30" endTime="2014-06-29T10:57:47.3155053+05:30" testType="13cdc9d9-ddb5-4fa4-a97d-d965ccfc6d4b" outcome="Passed" testListId="8c84fa94-04c1-424b-9868-57a2d4851a1d" relativeResultsDirectory="df3d4493-a25d-4a40-bf51-2c70510df5f8" dataRowInfo="11" resultType="DataDrivenDataRow" />
        <UnitTestResult executionId="077de462-543f-4982-98e1-1825d5b2a243" parentExecutionId="df3d4493-a25d-4a40-bf51-2c70510df5f8" testId="783915fe-114a-e353-78dd-56e92a60f942" testName="all_persons_modal_should" computerName="ARPAN-LAP" duration="00:00:00.0244056" startTime="2014-06-29T10:57:47.3155053+05:30" endTime="2014-06-29T10:57:47.3405068+05:30" testType="13cdc9d9-ddb5-4fa4-a97d-d965ccfc6d4b" outcome="Passed" testListId="8c84fa94-04c1-424b-9868-57a2d4851a1d" relativeResultsDirectory="df3d4493-a25d-4a40-bf51-2c70510df5f8" dataRowInfo="12" resultType="DataDrivenDataRow" />
        <UnitTestResult executionId="a55f544c-2ea8-42b8-9c1e-431e416ce9e0" parentExecutionId="df3d4493-a25d-4a40-bf51-2c70510df5f8" testId="783915fe-114a-e353-78dd-56e92a60f942" testName="all_persons_modal_should" computerName="ARPAN-LAP" duration="00:00:00.0272778" startTime="2014-06-29T10:57:47.3405068+05:30" endTime="2014-06-29T10:57:47.3675083+05:30" testType="13cdc9d9-ddb5-4fa4-a97d-d965ccfc6d4b" outcome="Passed" testListId="8c84fa94-04c1-424b-9868-57a2d4851a1d" relativeResultsDirectory="df3d4493-a25d-4a40-bf51-2c70510df5f8" dataRowInfo="13" resultType="DataDrivenDataRow" />
        <UnitTestResult executionId="0eb17530-1bdb-4189-a09c-edd179889076" parentExecutionId="df3d4493-a25d-4a40-bf51-2c70510df5f8" testId="783915fe-114a-e353-78dd-56e92a60f942" testName="all_persons_modal_should" computerName="ARPAN-LAP" duration="00:00:00.0263237" startTime="2014-06-29T10:57:47.3675083+05:30" endTime="2014-06-29T10:57:47.3935098+05:30" testType="13cdc9d9-ddb5-4fa4-a97d-d965ccfc6d4b" outcome="Passed" testListId="8c84fa94-04c1-424b-9868-57a2d4851a1d" relativeResultsDirectory="df3d4493-a25d-4a40-bf51-2c70510df5f8" dataRowInfo="14" resultType="DataDrivenDataRow" />
        <UnitTestResult executionId="3f12faf9-e21c-4443-9f6d-9cb66dc312d7" parentExecutionId="df3d4493-a25d-4a40-bf51-2c70510df5f8" testId="783915fe-114a-e353-78dd-56e92a60f942" testName="all_persons_modal_should" computerName="ARPAN-LAP" duration="00:00:00.0575491" startTime="2014-06-29T10:57:47.3935098+05:30" endTime="2014-06-29T10:57:47.4515131+05:30" testType="13cdc9d9-ddb5-4fa4-a97d-d965ccfc6d4b" outcome="Passed" testListId="8c84fa94-04c1-424b-9868-57a2d4851a1d" relativeResultsDirectory="df3d4493-a25d-4a40-bf51-2c70510df5f8" dataRowInfo="15" resultType="DataDrivenDataRow" />
        <UnitTestResult executionId="c48964b9-c9d4-4f2a-aa3f-43bb2ff545ee" parentExecutionId="df3d4493-a25d-4a40-bf51-2c70510df5f8" testId="783915fe-114a-e353-78dd-56e92a60f942" testName="all_persons_modal_should" computerName="ARPAN-LAP" duration="00:00:00.0504408" startTime="2014-06-29T10:57:47.4515131+05:30" endTime="2014-06-29T10:57:47.5015160+05:30" testType="13cdc9d9-ddb5-4fa4-a97d-d965ccfc6d4b" outcome="Passed" testListId="8c84fa94-04c1-424b-9868-57a2d4851a1d" relativeResultsDirectory="df3d4493-a25d-4a40-bf51-2c70510df5f8" dataRowInfo="16" resultType="DataDrivenDataRow" />
      </InnerResults>
    </UnitTestResult>
    <UnitTestResult executionId="8648e554-2c00-4673-a769-3082fc831249" testId="7f7910d1-dc89-39b4-b4cf-d9e6d7af9420" testName="interrogative_sentences_what" computerName="ARPAN-LAP" duration="00:00:00.4196673" startTime="2014-06-29T10:57:47.6765260+05:30" endTime="2014-06-29T10:57:48.2145567+05:30" testType="13cdc9d9-ddb5-4fa4-a97d-d965ccfc6d4b" outcome="Passed" testListId="8c84fa94-04c1-424b-9868-57a2d4851a1d" relativeResultsDirectory="8648e554-2c00-4673-a769-3082fc831249" resultType="DataDrivenTest">
      <Counters error="0" failed="0" timeout="0" aborted="0" inconclusive="0" passedButRunAborted="0" notRunnable="0" notExecuted="0" disconnected="0" warning="0" passed="9" completed="0" inProgress="0" pending="0" />
      <InnerResults>
        <UnitTestResult executionId="09c7b0bc-8d2d-4328-8b3d-1a40a32b142f" parentExecutionId="8648e554-2c00-4673-a769-3082fc831249" testId="7f7910d1-dc89-39b4-b4cf-d9e6d7af9420" testName="interrogative_sentences_what" computerName="ARPAN-LAP" duration="00:00:00.0424410" startTime="2014-06-29T10:57:47.7445299+05:30" endTime="2014-06-29T10:57:47.7885324+05:30" testType="13cdc9d9-ddb5-4fa4-a97d-d965ccfc6d4b" outcome="Passed" testListId="8c84fa94-04c1-424b-9868-57a2d4851a1d" relativeResultsDirectory="8648e554-2c00-4673-a769-3082fc831249" dataRowInfo="0" resultType="DataDrivenDataRow" />
        <UnitTestResult executionId="82ce6c12-2e7f-4def-9e23-642cf008fc97" parentExecutionId="8648e554-2c00-4673-a769-3082fc831249" testId="7f7910d1-dc89-39b4-b4cf-d9e6d7af9420" testName="interrogative_sentences_what" computerName="ARPAN-LAP" duration="00:00:00.0225511" startTime="2014-06-29T10:57:47.7885324+05:30" endTime="2014-06-29T10:57:47.8115337+05:30" testType="13cdc9d9-ddb5-4fa4-a97d-d965ccfc6d4b" outcome="Passed" testListId="8c84fa94-04c1-424b-9868-57a2d4851a1d" relativeResultsDirectory="8648e554-2c00-4673-a769-3082fc831249" dataRowInfo="1" resultType="DataDrivenDataRow" />
        <UnitTestResult executionId="4c0ea29f-579d-43a1-a0ab-032e47b08d70" parentExecutionId="8648e554-2c00-4673-a769-3082fc831249" testId="7f7910d1-dc89-39b4-b4cf-d9e6d7af9420" testName="interrogative_sentences_what" computerName="ARPAN-LAP" duration="00:00:00.0259690" startTime="2014-06-29T10:57:47.8115337+05:30" endTime="2014-06-29T10:57:47.8375352+05:30" testType="13cdc9d9-ddb5-4fa4-a97d-d965ccfc6d4b" outcome="Passed" testListId="8c84fa94-04c1-424b-9868-57a2d4851a1d" relativeResultsDirectory="8648e554-2c00-4673-a769-3082fc831249" dataRowInfo="2" resultType="DataDrivenDataRow" />
        <UnitTestResult executionId="89830767-33ed-4d63-9aba-66b1da0a682d" parentExecutionId="8648e554-2c00-4673-a769-3082fc831249" testId="7f7910d1-dc89-39b4-b4cf-d9e6d7af9420" testName="interrogative_sentences_what" computerName="ARPAN-LAP" duration="00:00:00.0207649" startTime="2014-06-29T10:57:47.8375352+05:30" endTime="2014-06-29T10:57:47.8585364+05:30" testType="13cdc9d9-ddb5-4fa4-a97d-d965ccfc6d4b" outcome="Passed" testListId="8c84fa94-04c1-424b-9868-57a2d4851a1d" relativeResultsDirectory="8648e554-2c00-4673-a769-3082fc831249" dataRowInfo="3" resultType="DataDrivenDataRow" />
        <UnitTestResult executionId="e9c3f418-17fb-4ea2-a69b-e2f46d6bcf8e" parentExecutionId="8648e554-2c00-4673-a769-3082fc831249" testId="7f7910d1-dc89-39b4-b4cf-d9e6d7af9420" testName="interrogative_sentences_what" computerName="ARPAN-LAP" duration="00:00:00.0218382" startTime="2014-06-29T10:57:47.8585364+05:30" endTime="2014-06-29T10:57:47.8805376+05:30" testType="13cdc9d9-ddb5-4fa4-a97d-d965ccfc6d4b" outcome="Passed" testListId="8c84fa94-04c1-424b-9868-57a2d4851a1d" relativeResultsDirectory="8648e554-2c00-4673-a769-3082fc831249" dataRowInfo="4" resultType="DataDrivenDataRow" />
        <UnitTestResult executionId="c0ecd1ec-6561-4448-bf5d-87fc87de682c" parentExecutionId="8648e554-2c00-4673-a769-3082fc831249" testId="7f7910d1-dc89-39b4-b4cf-d9e6d7af9420" testName="interrogative_sentences_what" computerName="ARPAN-LAP" duration="00:00:00.1420688" startTime="2014-06-29T10:57:47.8805376+05:30" endTime="2014-06-29T10:57:48.0225458+05:30" testType="13cdc9d9-ddb5-4fa4-a97d-d965ccfc6d4b" outcome="Passed" testListId="8c84fa94-04c1-424b-9868-57a2d4851a1d" relativeResultsDirectory="8648e554-2c00-4673-a769-3082fc831249" dataRowInfo="5" resultType="DataDrivenDataRow" />
        <UnitTestResult executionId="0b23098d-6781-4021-9ddc-6f33be513809" parentExecutionId="8648e554-2c00-4673-a769-3082fc831249" testId="7f7910d1-dc89-39b4-b4cf-d9e6d7af9420" testName="interrogative_sentences_what" computerName="ARPAN-LAP" duration="00:00:00.0313958" startTime="2014-06-29T10:57:48.0225458+05:30" endTime="2014-06-29T10:57:48.0535475+05:30" testType="13cdc9d9-ddb5-4fa4-a97d-d965ccfc6d4b" outcome="Passed" testListId="8c84fa94-04c1-424b-9868-57a2d4851a1d" relativeResultsDirectory="8648e554-2c00-4673-a769-3082fc831249" dataRowInfo="6" resultType="DataDrivenDataRow" />
        <UnitTestResult executionId="585514d7-64ea-4191-9f9c-13db089c1223" parentExecutionId="8648e554-2c00-4673-a769-3082fc831249" testId="7f7910d1-dc89-39b4-b4cf-d9e6d7af9420" testName="interrogative_sentences_what" computerName="ARPAN-LAP" duration="00:00:00.0247320" startTime="2014-06-29T10:57:48.0535475+05:30" endTime="2014-06-29T10:57:48.0785490+05:30" testType="13cdc9d9-ddb5-4fa4-a97d-d965ccfc6d4b" outcome="Passed" testListId="8c84fa94-04c1-424b-9868-57a2d4851a1d" relativeResultsDirectory="8648e554-2c00-4673-a769-3082fc831249" dataRowInfo="7" resultType="DataDrivenDataRow" />
        <UnitTestResult executionId="157c496a-0aee-42a7-909c-28f8569ee0a4" parentExecutionId="8648e554-2c00-4673-a769-3082fc831249" testId="7f7910d1-dc89-39b4-b4cf-d9e6d7af9420" testName="interrogative_sentences_what" computerName="ARPAN-LAP" duration="00:00:00.0281294" startTime="2014-06-29T10:57:48.0785490+05:30" endTime="2014-06-29T10:57:48.1065506+05:30" testType="13cdc9d9-ddb5-4fa4-a97d-d965ccfc6d4b" outcome="Passed" testListId="8c84fa94-04c1-424b-9868-57a2d4851a1d" relativeResultsDirectory="8648e554-2c00-4673-a769-3082fc831249" dataRowInfo="8" resultType="DataDrivenDataRow" />
      </InnerResults>
    </UnitTestResult>
    <UnitTestResult executionId="335e44f5-13d7-43b8-8f0d-032735df25a5" testId="83c68223-dcaa-51dd-423f-434210a59f77" testName="second_person_tenses_active_negation" computerName="ARPAN-LAP" duration="00:00:00.4051145" startTime="2014-06-29T10:57:48.2165569+05:30" endTime="2014-06-29T10:57:48.6535819+05:30" testType="13cdc9d9-ddb5-4fa4-a97d-d965ccfc6d4b" outcome="Passed" testListId="8c84fa94-04c1-424b-9868-57a2d4851a1d" relativeResultsDirectory="335e44f5-13d7-43b8-8f0d-032735df25a5" resultType="DataDrivenTest">
      <Counters error="0" failed="0" timeout="0" aborted="0" inconclusive="0" passedButRunAborted="0" notRunnable="0" notExecuted="0" disconnected="0" warning="0" passed="10" completed="0" inProgress="0" pending="0" />
      <InnerResults>
        <UnitTestResult executionId="a2b8a978-5f64-454b-b3ea-49f13f0c2d87" parentExecutionId="335e44f5-13d7-43b8-8f0d-032735df25a5" testId="83c68223-dcaa-51dd-423f-434210a59f77" testName="second_person_tenses_active_negation" computerName="ARPAN-LAP" duration="00:00:00.0250800" startTime="2014-06-29T10:57:48.3325635+05:30" endTime="2014-06-29T10:57:48.3575649+05:30" testType="13cdc9d9-ddb5-4fa4-a97d-d965ccfc6d4b" outcome="Passed" testListId="8c84fa94-04c1-424b-9868-57a2d4851a1d" relativeResultsDirectory="335e44f5-13d7-43b8-8f0d-032735df25a5" dataRowInfo="0" resultType="DataDrivenDataRow" />
        <UnitTestResult executionId="fc038d1b-a692-42e0-a00b-5ab800780359" parentExecutionId="335e44f5-13d7-43b8-8f0d-032735df25a5" testId="83c68223-dcaa-51dd-423f-434210a59f77" testName="second_person_tenses_active_negation" computerName="ARPAN-LAP" duration="00:00:00.0229104" startTime="2014-06-29T10:57:48.3575649+05:30" endTime="2014-06-29T10:57:48.3805662+05:30" testType="13cdc9d9-ddb5-4fa4-a97d-d965ccfc6d4b" outcome="Passed" testListId="8c84fa94-04c1-424b-9868-57a2d4851a1d" relativeResultsDirectory="335e44f5-13d7-43b8-8f0d-032735df25a5" dataRowInfo="1" resultType="DataDrivenDataRow" />
        <UnitTestResult executionId="16cc2171-fb92-4911-9f70-bead3c886472" parentExecutionId="335e44f5-13d7-43b8-8f0d-032735df25a5" testId="83c68223-dcaa-51dd-423f-434210a59f77" testName="second_person_tenses_active_negation" computerName="ARPAN-LAP" duration="00:00:00.0214558" startTime="2014-06-29T10:57:48.3805662+05:30" endTime="2014-06-29T10:57:48.4015674+05:30" testType="13cdc9d9-ddb5-4fa4-a97d-d965ccfc6d4b" outcome="Passed" testListId="8c84fa94-04c1-424b-9868-57a2d4851a1d" relativeResultsDirectory="335e44f5-13d7-43b8-8f0d-032735df25a5" dataRowInfo="2" resultType="DataDrivenDataRow" />
        <UnitTestResult executionId="91c6df9f-673f-45f7-8061-70c69e94a375" parentExecutionId="335e44f5-13d7-43b8-8f0d-032735df25a5" testId="83c68223-dcaa-51dd-423f-434210a59f77" testName="second_person_tenses_active_negation" computerName="ARPAN-LAP" duration="00:00:00.0296014" startTime="2014-06-29T10:57:48.4015674+05:30" endTime="2014-06-29T10:57:48.4315692+05:30" testType="13cdc9d9-ddb5-4fa4-a97d-d965ccfc6d4b" outcome="Passed" testListId="8c84fa94-04c1-424b-9868-57a2d4851a1d" relativeResultsDirectory="335e44f5-13d7-43b8-8f0d-032735df25a5" dataRowInfo="3" resultType="DataDrivenDataRow" />
        <UnitTestResult executionId="83175aed-f3af-4df4-a387-921ca57888a9" parentExecutionId="335e44f5-13d7-43b8-8f0d-032735df25a5" testId="83c68223-dcaa-51dd-423f-434210a59f77" testName="second_person_tenses_active_negation" computerName="ARPAN-LAP" duration="00:00:00.0192713" startTime="2014-06-29T10:57:48.4315692+05:30" endTime="2014-06-29T10:57:48.4505702+05:30" testType="13cdc9d9-ddb5-4fa4-a97d-d965ccfc6d4b" outcome="Passed" testListId="8c84fa94-04c1-424b-9868-57a2d4851a1d" relativeResultsDirectory="335e44f5-13d7-43b8-8f0d-032735df25a5" dataRowInfo="4" resultType="DataDrivenDataRow" />
        <UnitTestResult executionId="e531c2a1-8133-480a-8d07-f3aec4fcd0cc" parentExecutionId="335e44f5-13d7-43b8-8f0d-032735df25a5" testId="83c68223-dcaa-51dd-423f-434210a59f77" testName="second_person_tenses_active_negation" computerName="ARPAN-LAP" duration="00:00:00.0202193" startTime="2014-06-29T10:57:48.4505702+05:30" endTime="2014-06-29T10:57:48.4715714+05:30" testType="13cdc9d9-ddb5-4fa4-a97d-d965ccfc6d4b" outcome="Passed" testListId="8c84fa94-04c1-424b-9868-57a2d4851a1d" relativeResultsDirectory="335e44f5-13d7-43b8-8f0d-032735df25a5" dataRowInfo="5" resultType="DataDrivenDataRow" />
        <UnitTestResult executionId="118ab322-3ca1-4ef7-ac2c-2768849e98e0" parentExecutionId="335e44f5-13d7-43b8-8f0d-032735df25a5" testId="83c68223-dcaa-51dd-423f-434210a59f77" testName="second_person_tenses_active_negation" computerName="ARPAN-LAP" duration="00:00:00.0395959" startTime="2014-06-29T10:57:48.4715714+05:30" endTime="2014-06-29T10:57:48.5105737+05:30" testType="13cdc9d9-ddb5-4fa4-a97d-d965ccfc6d4b" outcome="Passed" testListId="8c84fa94-04c1-424b-9868-57a2d4851a1d" relativeResultsDirectory="335e44f5-13d7-43b8-8f0d-032735df25a5" dataRowInfo="6" resultType="DataDrivenDataRow" />
        <UnitTestResult executionId="3d45dc82-7505-4573-92f2-06238511cc23" parentExecutionId="335e44f5-13d7-43b8-8f0d-032735df25a5" testId="83c68223-dcaa-51dd-423f-434210a59f77" testName="second_person_tenses_active_negation" computerName="ARPAN-LAP" duration="00:00:00.0663543" startTime="2014-06-29T10:57:48.5105737+05:30" endTime="2014-06-29T10:57:48.5775775+05:30" testType="13cdc9d9-ddb5-4fa4-a97d-d965ccfc6d4b" outcome="Passed" testListId="8c84fa94-04c1-424b-9868-57a2d4851a1d" relativeResultsDirectory="335e44f5-13d7-43b8-8f0d-032735df25a5" dataRowInfo="7" resultType="DataDrivenDataRow" />
        <UnitTestResult executionId="844ae137-5181-4b9c-ac12-d1d6cf09ae32" parentExecutionId="335e44f5-13d7-43b8-8f0d-032735df25a5" testId="83c68223-dcaa-51dd-423f-434210a59f77" testName="second_person_tenses_active_negation" computerName="ARPAN-LAP" duration="00:00:00.0208455" startTime="2014-06-29T10:57:48.5775775+05:30" endTime="2014-06-29T10:57:48.5975787+05:30" testType="13cdc9d9-ddb5-4fa4-a97d-d965ccfc6d4b" outcome="Passed" testListId="8c84fa94-04c1-424b-9868-57a2d4851a1d" relativeResultsDirectory="335e44f5-13d7-43b8-8f0d-032735df25a5" dataRowInfo="8" resultType="DataDrivenDataRow" />
        <UnitTestResult executionId="88893644-51e6-4db6-a929-de7e2f5fd105" parentExecutionId="335e44f5-13d7-43b8-8f0d-032735df25a5" testId="83c68223-dcaa-51dd-423f-434210a59f77" testName="second_person_tenses_active_negation" computerName="ARPAN-LAP" duration="00:00:00.0259767" startTime="2014-06-29T10:57:48.5975787+05:30" endTime="2014-06-29T10:57:48.6235801+05:30" testType="13cdc9d9-ddb5-4fa4-a97d-d965ccfc6d4b" outcome="Passed" testListId="8c84fa94-04c1-424b-9868-57a2d4851a1d" relativeResultsDirectory="335e44f5-13d7-43b8-8f0d-032735df25a5" dataRowInfo="9" resultType="DataDrivenDataRow" />
      </InnerResults>
    </UnitTestResult>
    <UnitTestResult executionId="d5350158-80f2-4e31-bc35-f2d8b5463f6e" testId="8fe5ccb3-a3f4-0f61-ad21-e94ef029e900" testName="all_persons_modal_can_may" computerName="ARPAN-LAP" duration="00:00:00.9194510" startTime="2014-06-29T10:57:48.6555820+05:30" endTime="2014-06-29T10:57:49.6646397+05:30" testType="13cdc9d9-ddb5-4fa4-a97d-d965ccfc6d4b" outcome="Passed" testListId="8c84fa94-04c1-424b-9868-57a2d4851a1d" relativeResultsDirectory="d5350158-80f2-4e31-bc35-f2d8b5463f6e" resultType="DataDrivenTest">
      <Counters error="0" failed="0" timeout="0" aborted="0" inconclusive="0" passedButRunAborted="0" notRunnable="0" notExecuted="0" disconnected="0" warning="0" passed="29" completed="0" inProgress="0" pending="0" />
      <InnerResults>
        <UnitTestResult executionId="e5150f3e-290a-4dec-af88-1f7a06cdc2a8" parentExecutionId="d5350158-80f2-4e31-bc35-f2d8b5463f6e" testId="8fe5ccb3-a3f4-0f61-ad21-e94ef029e900" testName="all_persons_modal_can_may" computerName="ARPAN-LAP" duration="00:00:00.0402416" startTime="2014-06-29T10:57:48.7105851+05:30" endTime="2014-06-29T10:57:48.7515875+05:30" testType="13cdc9d9-ddb5-4fa4-a97d-d965ccfc6d4b" outcome="Passed" testListId="8c84fa94-04c1-424b-9868-57a2d4851a1d" relativeResultsDirectory="d5350158-80f2-4e31-bc35-f2d8b5463f6e" dataRowInfo="0" resultType="DataDrivenDataRow" />
        <UnitTestResult executionId="d5c40630-4fe6-47eb-bca0-1f8e36d1954c" parentExecutionId="d5350158-80f2-4e31-bc35-f2d8b5463f6e" testId="8fe5ccb3-a3f4-0f61-ad21-e94ef029e900" testName="all_persons_modal_can_may" computerName="ARPAN-LAP" duration="00:00:00.0221092" startTime="2014-06-29T10:57:48.7515875+05:30" endTime="2014-06-29T10:57:48.7735887+05:30" testType="13cdc9d9-ddb5-4fa4-a97d-d965ccfc6d4b" outcome="Passed" testListId="8c84fa94-04c1-424b-9868-57a2d4851a1d" relativeResultsDirectory="d5350158-80f2-4e31-bc35-f2d8b5463f6e" dataRowInfo="1" resultType="DataDrivenDataRow" />
        <UnitTestResult executionId="c705e694-abf3-4899-b9a0-e2b9be965b6c" parentExecutionId="d5350158-80f2-4e31-bc35-f2d8b5463f6e" testId="8fe5ccb3-a3f4-0f61-ad21-e94ef029e900" testName="all_persons_modal_can_may" computerName="ARPAN-LAP" duration="00:00:00.0406430" startTime="2014-06-29T10:57:48.7735887+05:30" endTime="2014-06-29T10:57:48.8135910+05:30" testType="13cdc9d9-ddb5-4fa4-a97d-d965ccfc6d4b" outcome="Passed" testListId="8c84fa94-04c1-424b-9868-57a2d4851a1d" relativeResultsDirectory="d5350158-80f2-4e31-bc35-f2d8b5463f6e" dataRowInfo="2" resultType="DataDrivenDataRow" />
        <UnitTestResult executionId="7f254fa3-585d-4417-9a86-cec8da2bf114" parentExecutionId="d5350158-80f2-4e31-bc35-f2d8b5463f6e" testId="8fe5ccb3-a3f4-0f61-ad21-e94ef029e900" testName="all_persons_modal_can_may" computerName="ARPAN-LAP" duration="00:00:00.0279225" startTime="2014-06-29T10:57:48.8135910+05:30" endTime="2014-06-29T10:57:48.8415926+05:30" testType="13cdc9d9-ddb5-4fa4-a97d-d965ccfc6d4b" outcome="Passed" testListId="8c84fa94-04c1-424b-9868-57a2d4851a1d" relativeResultsDirectory="d5350158-80f2-4e31-bc35-f2d8b5463f6e" dataRowInfo="3" resultType="DataDrivenDataRow" />
        <UnitTestResult executionId="7a41c6ab-ac1e-49f0-a68b-4dbc4038a4ba" parentExecutionId="d5350158-80f2-4e31-bc35-f2d8b5463f6e" testId="8fe5ccb3-a3f4-0f61-ad21-e94ef029e900" testName="all_persons_modal_can_may" computerName="ARPAN-LAP" duration="00:00:00.0727610" startTime="2014-06-29T10:57:48.8425927+05:30" endTime="2014-06-29T10:57:48.9145968+05:30" testType="13cdc9d9-ddb5-4fa4-a97d-d965ccfc6d4b" outcome="Passed" testListId="8c84fa94-04c1-424b-9868-57a2d4851a1d" relativeResultsDirectory="d5350158-80f2-4e31-bc35-f2d8b5463f6e" dataRowInfo="4" resultType="DataDrivenDataRow" />
        <UnitTestResult executionId="2be0ac40-4d81-49bb-a785-b3558baab51f" parentExecutionId="d5350158-80f2-4e31-bc35-f2d8b5463f6e" testId="8fe5ccb3-a3f4-0f61-ad21-e94ef029e900" testName="all_persons_modal_can_may" computerName="ARPAN-LAP" duration="00:00:00.0390113" startTime="2014-06-29T10:57:48.9145968+05:30" endTime="2014-06-29T10:57:48.9535990+05:30" testType="13cdc9d9-ddb5-4fa4-a97d-d965ccfc6d4b" outcome="Passed" testListId="8c84fa94-04c1-424b-9868-57a2d4851a1d" relativeResultsDirectory="d5350158-80f2-4e31-bc35-f2d8b5463f6e" dataRowInfo="5" resultType="DataDrivenDataRow" />
        <UnitTestResult executionId="969acfdf-8d6a-43ad-aa62-08f6149a2819" parentExecutionId="d5350158-80f2-4e31-bc35-f2d8b5463f6e" testId="8fe5ccb3-a3f4-0f61-ad21-e94ef029e900" testName="all_persons_modal_can_may" computerName="ARPAN-LAP" duration="00:00:00.0461914" startTime="2014-06-29T10:57:48.9535990+05:30" endTime="2014-06-29T10:57:49.0006017+05:30" testType="13cdc9d9-ddb5-4fa4-a97d-d965ccfc6d4b" outcome="Passed" testListId="8c84fa94-04c1-424b-9868-57a2d4851a1d" relativeResultsDirectory="d5350158-80f2-4e31-bc35-f2d8b5463f6e" dataRowInfo="6" resultType="DataDrivenDataRow" />
        <UnitTestResult executionId="112365ca-74a7-45b1-87d4-14d9023b754e" parentExecutionId="d5350158-80f2-4e31-bc35-f2d8b5463f6e" testId="8fe5ccb3-a3f4-0f61-ad21-e94ef029e900" testName="all_persons_modal_can_may" computerName="ARPAN-LAP" duration="00:00:00.0463413" startTime="2014-06-29T10:57:49.0006017+05:30" endTime="2014-06-29T10:57:49.0466043+05:30" testType="13cdc9d9-ddb5-4fa4-a97d-d965ccfc6d4b" outcome="Passed" testListId="8c84fa94-04c1-424b-9868-57a2d4851a1d" relativeResultsDirectory="d5350158-80f2-4e31-bc35-f2d8b5463f6e" dataRowInfo="7" resultType="DataDrivenDataRow" />
        <UnitTestResult executionId="58f6b82b-1507-4a05-93f8-0cda772ca998" parentExecutionId="d5350158-80f2-4e31-bc35-f2d8b5463f6e" testId="8fe5ccb3-a3f4-0f61-ad21-e94ef029e900" testName="all_persons_modal_can_may" computerName="ARPAN-LAP" duration="00:00:00.0198795" startTime="2014-06-29T10:57:49.0466043+05:30" endTime="2014-06-29T10:57:49.0666055+05:30" testType="13cdc9d9-ddb5-4fa4-a97d-d965ccfc6d4b" outcome="Passed" testListId="8c84fa94-04c1-424b-9868-57a2d4851a1d" relativeResultsDirectory="d5350158-80f2-4e31-bc35-f2d8b5463f6e" dataRowInfo="8" resultType="DataDrivenDataRow" />
        <UnitTestResult executionId="a92e3be2-c648-4516-a364-c9eba618b4ff" parentExecutionId="d5350158-80f2-4e31-bc35-f2d8b5463f6e" testId="8fe5ccb3-a3f4-0f61-ad21-e94ef029e900" testName="all_persons_modal_can_may" computerName="ARPAN-LAP" duration="00:00:00.0189495" startTime="2014-06-29T10:57:49.0666055+05:30" endTime="2014-06-29T10:57:49.0856066+05:30" testType="13cdc9d9-ddb5-4fa4-a97d-d965ccfc6d4b" outcome="Passed" testListId="8c84fa94-04c1-424b-9868-57a2d4851a1d" relativeResultsDirectory="d5350158-80f2-4e31-bc35-f2d8b5463f6e" dataRowInfo="9" resultType="DataDrivenDataRow" />
        <UnitTestResult executionId="8cc0ed64-f45f-4edf-bca8-86ce9a6fec30" parentExecutionId="d5350158-80f2-4e31-bc35-f2d8b5463f6e" testId="8fe5ccb3-a3f4-0f61-ad21-e94ef029e900" testName="all_persons_modal_can_may" computerName="ARPAN-LAP" duration="00:00:00.0195572" startTime="2014-06-29T10:57:49.0856066+05:30" endTime="2014-06-29T10:57:49.1056077+05:30" testType="13cdc9d9-ddb5-4fa4-a97d-d965ccfc6d4b" outcome="Passed" testListId="8c84fa94-04c1-424b-9868-57a2d4851a1d" relativeResultsDirectory="d5350158-80f2-4e31-bc35-f2d8b5463f6e" dataRowInfo="10" resultType="DataDrivenDataRow" />
        <UnitTestResult executionId="f7bac242-4d55-496e-a7e0-880e936bbd19" parentExecutionId="d5350158-80f2-4e31-bc35-f2d8b5463f6e" testId="8fe5ccb3-a3f4-0f61-ad21-e94ef029e900" testName="all_persons_modal_can_may" computerName="ARPAN-LAP" duration="00:00:00.0197820" startTime="2014-06-29T10:57:49.1056077+05:30" endTime="2014-06-29T10:57:49.1246088+05:30" testType="13cdc9d9-ddb5-4fa4-a97d-d965ccfc6d4b" outcome="Passed" testListId="8c84fa94-04c1-424b-9868-57a2d4851a1d" relativeResultsDirectory="d5350158-80f2-4e31-bc35-f2d8b5463f6e" dataRowInfo="11" resultType="DataDrivenDataRow" />
        <UnitTestResult executionId="6d3b9380-9d7d-4801-b672-6771f1d9aa66" parentExecutionId="d5350158-80f2-4e31-bc35-f2d8b5463f6e" testId="8fe5ccb3-a3f4-0f61-ad21-e94ef029e900" testName="all_persons_modal_can_may" computerName="ARPAN-LAP" duration="00:00:00.0258797" startTime="2014-06-29T10:57:49.1256089+05:30" endTime="2014-06-29T10:57:49.1516103+05:30" testType="13cdc9d9-ddb5-4fa4-a97d-d965ccfc6d4b" outcome="Passed" testListId="8c84fa94-04c1-424b-9868-57a2d4851a1d" relativeResultsDirectory="d5350158-80f2-4e31-bc35-f2d8b5463f6e" dataRowInfo="12" resultType="DataDrivenDataRow" />
        <UnitTestResult executionId="4cc04053-62b3-4648-962f-58bd38b5ac56" parentExecutionId="d5350158-80f2-4e31-bc35-f2d8b5463f6e" testId="8fe5ccb3-a3f4-0f61-ad21-e94ef029e900" testName="all_persons_modal_can_may" computerName="ARPAN-LAP" duration="00:00:00.0253998" startTime="2014-06-29T10:57:49.1516103+05:30" endTime="2014-06-29T10:57:49.1766118+05:30" testType="13cdc9d9-ddb5-4fa4-a97d-d965ccfc6d4b" outcome="Passed" testListId="8c84fa94-04c1-424b-9868-57a2d4851a1d" relativeResultsDirectory="d5350158-80f2-4e31-bc35-f2d8b5463f6e" dataRowInfo="13" resultType="DataDrivenDataRow" />
        <UnitTestResult executionId="2ee76179-b65f-4d4d-a73a-ed85f223871c" parentExecutionId="d5350158-80f2-4e31-bc35-f2d8b5463f6e" testId="8fe5ccb3-a3f4-0f61-ad21-e94ef029e900" testName="all_persons_modal_can_may" computerName="ARPAN-LAP" duration="00:00:00.0358705" startTime="2014-06-29T10:57:49.1766118+05:30" endTime="2014-06-29T10:57:49.2126138+05:30" testType="13cdc9d9-ddb5-4fa4-a97d-d965ccfc6d4b" outcome="Passed" testListId="8c84fa94-04c1-424b-9868-57a2d4851a1d" relativeResultsDirectory="d5350158-80f2-4e31-bc35-f2d8b5463f6e" dataRowInfo="14" resultType="DataDrivenDataRow" />
        <UnitTestResult executionId="ba81825a-08f8-4a8e-a758-fa676050877b" parentExecutionId="d5350158-80f2-4e31-bc35-f2d8b5463f6e" testId="8fe5ccb3-a3f4-0f61-ad21-e94ef029e900" testName="all_persons_modal_can_may" computerName="ARPAN-LAP" duration="00:00:00.0249871" startTime="2014-06-29T10:57:49.2126138+05:30" endTime="2014-06-29T10:57:49.2376153+05:30" testType="13cdc9d9-ddb5-4fa4-a97d-d965ccfc6d4b" outcome="Passed" testListId="8c84fa94-04c1-424b-9868-57a2d4851a1d" relativeResultsDirectory="d5350158-80f2-4e31-bc35-f2d8b5463f6e" dataRowInfo="15" resultType="DataDrivenDataRow" />
        <UnitTestResult executionId="28336674-0bfe-42db-8671-dd7c3d7d02ff" parentExecutionId="d5350158-80f2-4e31-bc35-f2d8b5463f6e" testId="8fe5ccb3-a3f4-0f61-ad21-e94ef029e900" testName="all_persons_modal_can_may" computerName="ARPAN-LAP" duration="00:00:00.0288988" startTime="2014-06-29T10:57:49.2376153+05:30" endTime="2014-06-29T10:57:49.2666169+05:30" testType="13cdc9d9-ddb5-4fa4-a97d-d965ccfc6d4b" outcome="Passed" testListId="8c84fa94-04c1-424b-9868-57a2d4851a1d" relativeResultsDirectory="d5350158-80f2-4e31-bc35-f2d8b5463f6e" dataRowInfo="16" resultType="DataDrivenDataRow" />
        <UnitTestResult executionId="6678c314-3616-4372-a376-1e2ee4b977c5" parentExecutionId="d5350158-80f2-4e31-bc35-f2d8b5463f6e" testId="8fe5ccb3-a3f4-0f61-ad21-e94ef029e900" testName="all_persons_modal_can_may" computerName="ARPAN-LAP" duration="00:00:00.0191994" startTime="2014-06-29T10:57:49.2666169+05:30" endTime="2014-06-29T10:57:49.2856180+05:30" testType="13cdc9d9-ddb5-4fa4-a97d-d965ccfc6d4b" outcome="Passed" testListId="8c84fa94-04c1-424b-9868-57a2d4851a1d" relativeResultsDirectory="d5350158-80f2-4e31-bc35-f2d8b5463f6e" dataRowInfo="17" resultType="DataDrivenDataRow" />
        <UnitTestResult executionId="6f97a9f1-4188-4c7d-985b-c7d2e669b96b" parentExecutionId="d5350158-80f2-4e31-bc35-f2d8b5463f6e" testId="8fe5ccb3-a3f4-0f61-ad21-e94ef029e900" testName="all_persons_modal_can_may" computerName="ARPAN-LAP" duration="00:00:00.0180061" startTime="2014-06-29T10:57:49.2856180+05:30" endTime="2014-06-29T10:57:49.3036190+05:30" testType="13cdc9d9-ddb5-4fa4-a97d-d965ccfc6d4b" outcome="Passed" testListId="8c84fa94-04c1-424b-9868-57a2d4851a1d" relativeResultsDirectory="d5350158-80f2-4e31-bc35-f2d8b5463f6e" dataRowInfo="18" resultType="DataDrivenDataRow" />
        <UnitTestResult executionId="3da45a3b-5746-4b72-b57b-85fbc5719052" parentExecutionId="d5350158-80f2-4e31-bc35-f2d8b5463f6e" testId="8fe5ccb3-a3f4-0f61-ad21-e94ef029e900" testName="all_persons_modal_can_may" computerName="ARPAN-LAP" duration="00:00:00.0434295" startTime="2014-06-29T10:57:49.3036190+05:30" endTime="2014-06-29T10:57:49.3476216+05:30" testType="13cdc9d9-ddb5-4fa4-a97d-d965ccfc6d4b" outcome="Passed" testListId="8c84fa94-04c1-424b-9868-57a2d4851a1d" relativeResultsDirectory="d5350158-80f2-4e31-bc35-f2d8b5463f6e" dataRowInfo="19" resultType="DataDrivenDataRow" />
        <UnitTestResult executionId="a1079077-1e03-49c3-b1b6-5737659e417d" parentExecutionId="d5350158-80f2-4e31-bc35-f2d8b5463f6e" testId="8fe5ccb3-a3f4-0f61-ad21-e94ef029e900" testName="all_persons_modal_can_may" computerName="ARPAN-LAP" duration="00:00:00.0261281" startTime="2014-06-29T10:57:49.3476216+05:30" endTime="2014-06-29T10:57:49.3736230+05:30" testType="13cdc9d9-ddb5-4fa4-a97d-d965ccfc6d4b" outcome="Passed" testListId="8c84fa94-04c1-424b-9868-57a2d4851a1d" relativeResultsDirectory="d5350158-80f2-4e31-bc35-f2d8b5463f6e" dataRowInfo="20" resultType="DataDrivenDataRow" />
        <UnitTestResult executionId="ef13a8d2-81e7-4165-838c-d1402636e58a" parentExecutionId="d5350158-80f2-4e31-bc35-f2d8b5463f6e" testId="8fe5ccb3-a3f4-0f61-ad21-e94ef029e900" testName="all_persons_modal_can_may" computerName="ARPAN-LAP" duration="00:00:00.0280632" startTime="2014-06-29T10:57:49.3736230+05:30" endTime="2014-06-29T10:57:49.4016246+05:30" testType="13cdc9d9-ddb5-4fa4-a97d-d965ccfc6d4b" outcome="Passed" testListId="8c84fa94-04c1-424b-9868-57a2d4851a1d" relativeResultsDirectory="d5350158-80f2-4e31-bc35-f2d8b5463f6e" dataRowInfo="21" resultType="DataDrivenDataRow" />
        <UnitTestResult executionId="f1a86d4f-5edd-49d1-b294-f18f7016141b" parentExecutionId="d5350158-80f2-4e31-bc35-f2d8b5463f6e" testId="8fe5ccb3-a3f4-0f61-ad21-e94ef029e900" testName="all_persons_modal_can_may" computerName="ARPAN-LAP" duration="00:00:00.0276962" startTime="2014-06-29T10:57:49.4016246+05:30" endTime="2014-06-29T10:57:49.4296262+05:30" testType="13cdc9d9-ddb5-4fa4-a97d-d965ccfc6d4b" outcome="Passed" testListId="8c84fa94-04c1-424b-9868-57a2d4851a1d" relativeResultsDirectory="d5350158-80f2-4e31-bc35-f2d8b5463f6e" dataRowInfo="22" resultType="DataDrivenDataRow" />
        <UnitTestResult executionId="1027a3f7-a36c-4aef-91d5-e87ff22201f1" parentExecutionId="d5350158-80f2-4e31-bc35-f2d8b5463f6e" testId="8fe5ccb3-a3f4-0f61-ad21-e94ef029e900" testName="all_persons_modal_can_may" computerName="ARPAN-LAP" duration="00:00:00.0263930" startTime="2014-06-29T10:57:49.4296262+05:30" endTime="2014-06-29T10:57:49.4556277+05:30" testType="13cdc9d9-ddb5-4fa4-a97d-d965ccfc6d4b" outcome="Passed" testListId="8c84fa94-04c1-424b-9868-57a2d4851a1d" relativeResultsDirectory="d5350158-80f2-4e31-bc35-f2d8b5463f6e" dataRowInfo="23" resultType="DataDrivenDataRow" />
        <UnitTestResult executionId="3013123a-c069-43a0-b173-175ffbaee11b" parentExecutionId="d5350158-80f2-4e31-bc35-f2d8b5463f6e" testId="8fe5ccb3-a3f4-0f61-ad21-e94ef029e900" testName="all_persons_modal_can_may" computerName="ARPAN-LAP" duration="00:00:00.0240139" startTime="2014-06-29T10:57:49.4556277+05:30" endTime="2014-06-29T10:57:49.4796291+05:30" testType="13cdc9d9-ddb5-4fa4-a97d-d965ccfc6d4b" outcome="Passed" testListId="8c84fa94-04c1-424b-9868-57a2d4851a1d" relativeResultsDirectory="d5350158-80f2-4e31-bc35-f2d8b5463f6e" dataRowInfo="24" resultType="DataDrivenDataRow" />
        <UnitTestResult executionId="9d1888a4-fb27-40ce-bfb9-1d34ee3d18cd" parentExecutionId="d5350158-80f2-4e31-bc35-f2d8b5463f6e" testId="8fe5ccb3-a3f4-0f61-ad21-e94ef029e900" testName="all_persons_modal_can_may" computerName="ARPAN-LAP" duration="00:00:00.0218941" startTime="2014-06-29T10:57:49.4796291+05:30" endTime="2014-06-29T10:57:49.5016304+05:30" testType="13cdc9d9-ddb5-4fa4-a97d-d965ccfc6d4b" outcome="Passed" testListId="8c84fa94-04c1-424b-9868-57a2d4851a1d" relativeResultsDirectory="d5350158-80f2-4e31-bc35-f2d8b5463f6e" dataRowInfo="25" resultType="DataDrivenDataRow" />
        <UnitTestResult executionId="52b21126-4800-44ed-a4b5-d84ae87e3c25" parentExecutionId="d5350158-80f2-4e31-bc35-f2d8b5463f6e" testId="8fe5ccb3-a3f4-0f61-ad21-e94ef029e900" testName="all_persons_modal_can_may" computerName="ARPAN-LAP" duration="00:00:00.0226199" startTime="2014-06-29T10:57:49.5016304+05:30" endTime="2014-06-29T10:57:49.5246317+05:30" testType="13cdc9d9-ddb5-4fa4-a97d-d965ccfc6d4b" outcome="Passed" testListId="8c84fa94-04c1-424b-9868-57a2d4851a1d" relativeResultsDirectory="d5350158-80f2-4e31-bc35-f2d8b5463f6e" dataRowInfo="26" resultType="DataDrivenDataRow" />
        <UnitTestResult executionId="35c2949b-ae2b-4eff-a984-7584d48e64ae" parentExecutionId="d5350158-80f2-4e31-bc35-f2d8b5463f6e" testId="8fe5ccb3-a3f4-0f61-ad21-e94ef029e900" testName="all_persons_modal_can_may" computerName="ARPAN-LAP" duration="00:00:00.0266922" startTime="2014-06-29T10:57:49.5246317+05:30" endTime="2014-06-29T10:57:49.5516332+05:30" testType="13cdc9d9-ddb5-4fa4-a97d-d965ccfc6d4b" outcome="Passed" testListId="8c84fa94-04c1-424b-9868-57a2d4851a1d" relativeResultsDirectory="d5350158-80f2-4e31-bc35-f2d8b5463f6e" dataRowInfo="27" resultType="DataDrivenDataRow" />
        <UnitTestResult executionId="be43b248-9281-4be1-aba3-61e3d22ea4b8" parentExecutionId="d5350158-80f2-4e31-bc35-f2d8b5463f6e" testId="8fe5ccb3-a3f4-0f61-ad21-e94ef029e900" testName="all_persons_modal_can_may" computerName="ARPAN-LAP" duration="00:00:00.0318798" startTime="2014-06-29T10:57:49.5516332+05:30" endTime="2014-06-29T10:57:49.5826350+05:30" testType="13cdc9d9-ddb5-4fa4-a97d-d965ccfc6d4b" outcome="Passed" testListId="8c84fa94-04c1-424b-9868-57a2d4851a1d" relativeResultsDirectory="d5350158-80f2-4e31-bc35-f2d8b5463f6e" dataRowInfo="28" resultType="DataDrivenDataRow" />
      </InnerResults>
    </UnitTestResult>
    <UnitTestResult executionId="9f296521-27a7-435e-98ec-75908decf728" testId="921e6ab0-d7c2-6005-e523-6fd2d5e1a723" testName="first_person_tenses_active" computerName="ARPAN-LAP" duration="00:00:00.3620478" startTime="2014-06-29T10:57:49.6726401+05:30" endTime="2014-06-29T10:57:50.0686628+05:30" testType="13cdc9d9-ddb5-4fa4-a97d-d965ccfc6d4b" outcome="Passed" testListId="8c84fa94-04c1-424b-9868-57a2d4851a1d" relativeResultsDirectory="9f296521-27a7-435e-98ec-75908decf728" resultType="DataDrivenTest">
      <Counters error="0" failed="0" timeout="0" aborted="0" inconclusive="0" passedButRunAborted="0" notRunnable="0" notExecuted="0" disconnected="0" warning="0" passed="10" completed="0" inProgress="0" pending="0" />
      <InnerResults>
        <UnitTestResult executionId="50231231-de9e-4f3a-a7b7-d2047cf5a427" parentExecutionId="9f296521-27a7-435e-98ec-75908decf728" testId="921e6ab0-d7c2-6005-e523-6fd2d5e1a723" testName="first_person_tenses_active" computerName="ARPAN-LAP" duration="00:00:00.0198113" startTime="2014-06-29T10:57:49.7596451+05:30" endTime="2014-06-29T10:57:49.7796463+05:30" testType="13cdc9d9-ddb5-4fa4-a97d-d965ccfc6d4b" outcome="Passed" testListId="8c84fa94-04c1-424b-9868-57a2d4851a1d" relativeResultsDirectory="9f296521-27a7-435e-98ec-75908decf728" dataRowInfo="0" resultType="DataDrivenDataRow" />
        <UnitTestResult executionId="d171fcbc-a627-4567-92e4-fd94c9708e21" parentExecutionId="9f296521-27a7-435e-98ec-75908decf728" testId="921e6ab0-d7c2-6005-e523-6fd2d5e1a723" testName="first_person_tenses_active" computerName="ARPAN-LAP" duration="00:00:00.0233585" startTime="2014-06-29T10:57:49.7796463+05:30" endTime="2014-06-29T10:57:49.8026476+05:30" testType="13cdc9d9-ddb5-4fa4-a97d-d965ccfc6d4b" outcome="Passed" testListId="8c84fa94-04c1-424b-9868-57a2d4851a1d" relativeResultsDirectory="9f296521-27a7-435e-98ec-75908decf728" dataRowInfo="1" resultType="DataDrivenDataRow" />
        <UnitTestResult executionId="30f2ae3f-7a66-42d5-bc86-6b4aa9003689" parentExecutionId="9f296521-27a7-435e-98ec-75908decf728" testId="921e6ab0-d7c2-6005-e523-6fd2d5e1a723" testName="first_person_tenses_active" computerName="ARPAN-LAP" duration="00:00:00.0247880" startTime="2014-06-29T10:57:49.8026476+05:30" endTime="2014-06-29T10:57:49.8276490+05:30" testType="13cdc9d9-ddb5-4fa4-a97d-d965ccfc6d4b" outcome="Passed" testListId="8c84fa94-04c1-424b-9868-57a2d4851a1d" relativeResultsDirectory="9f296521-27a7-435e-98ec-75908decf728" dataRowInfo="2" resultType="DataDrivenDataRow" />
        <UnitTestResult executionId="95f49de4-6b68-4ff2-b3bd-47a9f98f3168" parentExecutionId="9f296521-27a7-435e-98ec-75908decf728" testId="921e6ab0-d7c2-6005-e523-6fd2d5e1a723" testName="first_person_tenses_active" computerName="ARPAN-LAP" duration="00:00:00.0332652" startTime="2014-06-29T10:57:49.8276490+05:30" endTime="2014-06-29T10:57:49.8606509+05:30" testType="13cdc9d9-ddb5-4fa4-a97d-d965ccfc6d4b" outcome="Passed" testListId="8c84fa94-04c1-424b-9868-57a2d4851a1d" relativeResultsDirectory="9f296521-27a7-435e-98ec-75908decf728" dataRowInfo="3" resultType="DataDrivenDataRow" />
        <UnitTestResult executionId="356d7c64-5940-482f-af4d-31817fec4288" parentExecutionId="9f296521-27a7-435e-98ec-75908decf728" testId="921e6ab0-d7c2-6005-e523-6fd2d5e1a723" testName="first_person_tenses_active" computerName="ARPAN-LAP" duration="00:00:00.0213711" startTime="2014-06-29T10:57:49.8606509+05:30" endTime="2014-06-29T10:57:49.8826522+05:30" testType="13cdc9d9-ddb5-4fa4-a97d-d965ccfc6d4b" outcome="Passed" testListId="8c84fa94-04c1-424b-9868-57a2d4851a1d" relativeResultsDirectory="9f296521-27a7-435e-98ec-75908decf728" dataRowInfo="4" resultType="DataDrivenDataRow" />
        <UnitTestResult executionId="6dd79c1d-6277-4680-9fb4-144c1aa38460" parentExecutionId="9f296521-27a7-435e-98ec-75908decf728" testId="921e6ab0-d7c2-6005-e523-6fd2d5e1a723" testName="first_person_tenses_active" computerName="ARPAN-LAP" duration="00:00:00.0237311" startTime="2014-06-29T10:57:49.8826522+05:30" endTime="2014-06-29T10:57:49.9056535+05:30" testType="13cdc9d9-ddb5-4fa4-a97d-d965ccfc6d4b" outcome="Passed" testListId="8c84fa94-04c1-424b-9868-57a2d4851a1d" relativeResultsDirectory="9f296521-27a7-435e-98ec-75908decf728" dataRowInfo="5" resultType="DataDrivenDataRow" />
        <UnitTestResult executionId="c4ba4e41-631b-4878-8043-734c71bf0145" parentExecutionId="9f296521-27a7-435e-98ec-75908decf728" testId="921e6ab0-d7c2-6005-e523-6fd2d5e1a723" testName="first_person_tenses_active" computerName="ARPAN-LAP" duration="00:00:00.0234919" startTime="2014-06-29T10:57:49.9056535+05:30" endTime="2014-06-29T10:57:49.9296548+05:30" testType="13cdc9d9-ddb5-4fa4-a97d-d965ccfc6d4b" outcome="Passed" testListId="8c84fa94-04c1-424b-9868-57a2d4851a1d" relativeResultsDirectory="9f296521-27a7-435e-98ec-75908decf728" dataRowInfo="6" resultType="DataDrivenDataRow" />
        <UnitTestResult executionId="2580e012-4638-40b2-852d-d2c66fcd0c77" parentExecutionId="9f296521-27a7-435e-98ec-75908decf728" testId="921e6ab0-d7c2-6005-e523-6fd2d5e1a723" testName="first_person_tenses_active" computerName="ARPAN-LAP" duration="00:00:00.0405778" startTime="2014-06-29T10:57:49.9296548+05:30" endTime="2014-06-29T10:57:49.9706572+05:30" testType="13cdc9d9-ddb5-4fa4-a97d-d965ccfc6d4b" outcome="Passed" testListId="8c84fa94-04c1-424b-9868-57a2d4851a1d" relativeResultsDirectory="9f296521-27a7-435e-98ec-75908decf728" dataRowInfo="7" resultType="DataDrivenDataRow" />
        <UnitTestResult executionId="44ef926c-19f0-4dfe-8c79-486ef3390f2a" parentExecutionId="9f296521-27a7-435e-98ec-75908decf728" testId="921e6ab0-d7c2-6005-e523-6fd2d5e1a723" testName="first_person_tenses_active" computerName="ARPAN-LAP" duration="00:00:00.0389071" startTime="2014-06-29T10:57:49.9706572+05:30" endTime="2014-06-29T10:57:50.0086594+05:30" testType="13cdc9d9-ddb5-4fa4-a97d-d965ccfc6d4b" outcome="Passed" testListId="8c84fa94-04c1-424b-9868-57a2d4851a1d" relativeResultsDirectory="9f296521-27a7-435e-98ec-75908decf728" dataRowInfo="8" resultType="DataDrivenDataRow" />
        <UnitTestResult executionId="75b1eb1b-e947-434d-8b18-9eb5ba1b3124" parentExecutionId="9f296521-27a7-435e-98ec-75908decf728" testId="921e6ab0-d7c2-6005-e523-6fd2d5e1a723" testName="first_person_tenses_active" computerName="ARPAN-LAP" duration="00:00:00.0286524" startTime="2014-06-29T10:57:50.0086594+05:30" endTime="2014-06-29T10:57:50.0376610+05:30" testType="13cdc9d9-ddb5-4fa4-a97d-d965ccfc6d4b" outcome="Passed" testListId="8c84fa94-04c1-424b-9868-57a2d4851a1d" relativeResultsDirectory="9f296521-27a7-435e-98ec-75908decf728" dataRowInfo="9" resultType="DataDrivenDataRow" />
      </InnerResults>
    </UnitTestResult>
    <UnitTestResult executionId="46a7ce3c-6f0f-4833-a97d-5213379a158c" testId="9319d01e-de3e-d310-c76e-cae8dce4c924" testName="all_persons_modal_should_negation" computerName="ARPAN-LAP" duration="00:00:00.6535941" startTime="2014-06-29T10:57:50.0796634+05:30" endTime="2014-06-29T10:57:50.7877039+05:30" testType="13cdc9d9-ddb5-4fa4-a97d-d965ccfc6d4b" outcome="Passed" testListId="8c84fa94-04c1-424b-9868-57a2d4851a1d" relativeResultsDirectory="46a7ce3c-6f0f-4833-a97d-5213379a158c" resultType="DataDrivenTest">
      <Counters error="0" failed="0" timeout="0" aborted="0" inconclusive="0" passedButRunAborted="0" notRunnable="0" notExecuted="0" disconnected="0" warning="0" passed="17" completed="0" inProgress="0" pending="0" />
      <InnerResults>
        <UnitTestResult executionId="316b2b1a-da5d-4580-9964-604a9a4a12d9" parentExecutionId="46a7ce3c-6f0f-4833-a97d-5213379a158c" testId="9319d01e-de3e-d310-c76e-cae8dce4c924" testName="all_persons_modal_should_negation" computerName="ARPAN-LAP" duration="00:00:00.0422351" startTime="2014-06-29T10:57:50.1716687+05:30" endTime="2014-06-29T10:57:50.2136711+05:30" testType="13cdc9d9-ddb5-4fa4-a97d-d965ccfc6d4b" outcome="Passed" testListId="8c84fa94-04c1-424b-9868-57a2d4851a1d" relativeResultsDirectory="46a7ce3c-6f0f-4833-a97d-5213379a158c" dataRowInfo="0" resultType="DataDrivenDataRow" />
        <UnitTestResult executionId="7b4feaeb-04f8-4375-a776-b90222bf61b2" parentExecutionId="46a7ce3c-6f0f-4833-a97d-5213379a158c" testId="9319d01e-de3e-d310-c76e-cae8dce4c924" testName="all_persons_modal_should_negation" computerName="ARPAN-LAP" duration="00:00:00.0301717" startTime="2014-06-29T10:57:50.2136711+05:30" endTime="2014-06-29T10:57:50.2436728+05:30" testType="13cdc9d9-ddb5-4fa4-a97d-d965ccfc6d4b" outcome="Passed" testListId="8c84fa94-04c1-424b-9868-57a2d4851a1d" relativeResultsDirectory="46a7ce3c-6f0f-4833-a97d-5213379a158c" dataRowInfo="1" resultType="DataDrivenDataRow" />
        <UnitTestResult executionId="d163e2b9-b5a2-4dc6-97e1-2308f2d3db41" parentExecutionId="46a7ce3c-6f0f-4833-a97d-5213379a158c" testId="9319d01e-de3e-d310-c76e-cae8dce4c924" testName="all_persons_modal_should_negation" computerName="ARPAN-LAP" duration="00:00:00.0299212" startTime="2014-06-29T10:57:50.2436728+05:30" endTime="2014-06-29T10:57:50.2736745+05:30" testType="13cdc9d9-ddb5-4fa4-a97d-d965ccfc6d4b" outcome="Passed" testListId="8c84fa94-04c1-424b-9868-57a2d4851a1d" relativeResultsDirectory="46a7ce3c-6f0f-4833-a97d-5213379a158c" dataRowInfo="2" resultType="DataDrivenDataRow" />
        <UnitTestResult executionId="4b303ffb-ffba-4294-a76a-bfedf6457077" parentExecutionId="46a7ce3c-6f0f-4833-a97d-5213379a158c" testId="9319d01e-de3e-d310-c76e-cae8dce4c924" testName="all_persons_modal_should_negation" computerName="ARPAN-LAP" duration="00:00:00.0334977" startTime="2014-06-29T10:57:50.2736745+05:30" endTime="2014-06-29T10:57:50.3076765+05:30" testType="13cdc9d9-ddb5-4fa4-a97d-d965ccfc6d4b" outcome="Passed" testListId="8c84fa94-04c1-424b-9868-57a2d4851a1d" relativeResultsDirectory="46a7ce3c-6f0f-4833-a97d-5213379a158c" dataRowInfo="3" resultType="DataDrivenDataRow" />
        <UnitTestResult executionId="38aa4699-c310-4ef0-ad3e-be5d69a9193e" parentExecutionId="46a7ce3c-6f0f-4833-a97d-5213379a158c" testId="9319d01e-de3e-d310-c76e-cae8dce4c924" testName="all_persons_modal_should_negation" computerName="ARPAN-LAP" duration="00:00:00.0202568" startTime="2014-06-29T10:57:50.3076765+05:30" endTime="2014-06-29T10:57:50.3276776+05:30" testType="13cdc9d9-ddb5-4fa4-a97d-d965ccfc6d4b" outcome="Passed" testListId="8c84fa94-04c1-424b-9868-57a2d4851a1d" relativeResultsDirectory="46a7ce3c-6f0f-4833-a97d-5213379a158c" dataRowInfo="4" resultType="DataDrivenDataRow" />
        <UnitTestResult executionId="4fc8a36e-e1e9-456c-9087-55672936e2cf" parentExecutionId="46a7ce3c-6f0f-4833-a97d-5213379a158c" testId="9319d01e-de3e-d310-c76e-cae8dce4c924" testName="all_persons_modal_should_negation" computerName="ARPAN-LAP" duration="00:00:00.0503033" startTime="2014-06-29T10:57:50.3276776+05:30" endTime="2014-06-29T10:57:50.3776805+05:30" testType="13cdc9d9-ddb5-4fa4-a97d-d965ccfc6d4b" outcome="Passed" testListId="8c84fa94-04c1-424b-9868-57a2d4851a1d" relativeResultsDirectory="46a7ce3c-6f0f-4833-a97d-5213379a158c" dataRowInfo="5" resultType="DataDrivenDataRow" />
        <UnitTestResult executionId="0071462c-35d1-491c-ab6d-0ca7181fbdd4" parentExecutionId="46a7ce3c-6f0f-4833-a97d-5213379a158c" testId="9319d01e-de3e-d310-c76e-cae8dce4c924" testName="all_persons_modal_should_negation" computerName="ARPAN-LAP" duration="00:00:00.0386012" startTime="2014-06-29T10:57:50.3776805+05:30" endTime="2014-06-29T10:57:50.4166827+05:30" testType="13cdc9d9-ddb5-4fa4-a97d-d965ccfc6d4b" outcome="Passed" testListId="8c84fa94-04c1-424b-9868-57a2d4851a1d" relativeResultsDirectory="46a7ce3c-6f0f-4833-a97d-5213379a158c" dataRowInfo="6" resultType="DataDrivenDataRow" />
        <UnitTestResult executionId="767297f6-8b10-432c-af2a-c1bb24b849d2" parentExecutionId="46a7ce3c-6f0f-4833-a97d-5213379a158c" testId="9319d01e-de3e-d310-c76e-cae8dce4c924" testName="all_persons_modal_should_negation" computerName="ARPAN-LAP" duration="00:00:00.0376172" startTime="2014-06-29T10:57:50.4166827+05:30" endTime="2014-06-29T10:57:50.4546849+05:30" testType="13cdc9d9-ddb5-4fa4-a97d-d965ccfc6d4b" outcome="Passed" testListId="8c84fa94-04c1-424b-9868-57a2d4851a1d" relativeResultsDirectory="46a7ce3c-6f0f-4833-a97d-5213379a158c" dataRowInfo="7" resultType="DataDrivenDataRow" />
        <UnitTestResult executionId="43f72f36-d9af-4531-8fc3-0e63624fb257" parentExecutionId="46a7ce3c-6f0f-4833-a97d-5213379a158c" testId="9319d01e-de3e-d310-c76e-cae8dce4c924" testName="all_persons_modal_should_negation" computerName="ARPAN-LAP" duration="00:00:00.0227744" startTime="2014-06-29T10:57:50.4546849+05:30" endTime="2014-06-29T10:57:50.4776862+05:30" testType="13cdc9d9-ddb5-4fa4-a97d-d965ccfc6d4b" outcome="Passed" testListId="8c84fa94-04c1-424b-9868-57a2d4851a1d" relativeResultsDirectory="46a7ce3c-6f0f-4833-a97d-5213379a158c" dataRowInfo="8" resultType="DataDrivenDataRow" />
        <UnitTestResult executionId="99177409-da45-40c4-9a38-941ca25a0564" parentExecutionId="46a7ce3c-6f0f-4833-a97d-5213379a158c" testId="9319d01e-de3e-d310-c76e-cae8dce4c924" testName="all_persons_modal_should_negation" computerName="ARPAN-LAP" duration="00:00:00.0327519" startTime="2014-06-29T10:57:50.4776862+05:30" endTime="2014-06-29T10:57:50.5096880+05:30" testType="13cdc9d9-ddb5-4fa4-a97d-d965ccfc6d4b" outcome="Passed" testListId="8c84fa94-04c1-424b-9868-57a2d4851a1d" relativeResultsDirectory="46a7ce3c-6f0f-4833-a97d-5213379a158c" dataRowInfo="9" resultType="DataDrivenDataRow" />
        <UnitTestResult executionId="4fd6876f-a797-45bb-83e2-97bb9b8ea59b" parentExecutionId="46a7ce3c-6f0f-4833-a97d-5213379a158c" testId="9319d01e-de3e-d310-c76e-cae8dce4c924" testName="all_persons_modal_should_negation" computerName="ARPAN-LAP" duration="00:00:00.0304812" startTime="2014-06-29T10:57:50.5096880+05:30" endTime="2014-06-29T10:57:50.5406898+05:30" testType="13cdc9d9-ddb5-4fa4-a97d-d965ccfc6d4b" outcome="Passed" testListId="8c84fa94-04c1-424b-9868-57a2d4851a1d" relativeResultsDirectory="46a7ce3c-6f0f-4833-a97d-5213379a158c" dataRowInfo="10" resultType="DataDrivenDataRow" />
        <UnitTestResult executionId="dd3825ac-5782-48c3-b117-9ce6a4626d79" parentExecutionId="46a7ce3c-6f0f-4833-a97d-5213379a158c" testId="9319d01e-de3e-d310-c76e-cae8dce4c924" testName="all_persons_modal_should_negation" computerName="ARPAN-LAP" duration="00:00:00.0361559" startTime="2014-06-29T10:57:50.5406898+05:30" endTime="2014-06-29T10:57:50.5766919+05:30" testType="13cdc9d9-ddb5-4fa4-a97d-d965ccfc6d4b" outcome="Passed" testListId="8c84fa94-04c1-424b-9868-57a2d4851a1d" relativeResultsDirectory="46a7ce3c-6f0f-4833-a97d-5213379a158c" dataRowInfo="11" resultType="DataDrivenDataRow" />
        <UnitTestResult executionId="a9a5c2c7-5e80-420a-ab07-8f1685c18d1a" parentExecutionId="46a7ce3c-6f0f-4833-a97d-5213379a158c" testId="9319d01e-de3e-d310-c76e-cae8dce4c924" testName="all_persons_modal_should_negation" computerName="ARPAN-LAP" duration="00:00:00.0320102" startTime="2014-06-29T10:57:50.5766919+05:30" endTime="2014-06-29T10:57:50.6086937+05:30" testType="13cdc9d9-ddb5-4fa4-a97d-d965ccfc6d4b" outcome="Passed" testListId="8c84fa94-04c1-424b-9868-57a2d4851a1d" relativeResultsDirectory="46a7ce3c-6f0f-4833-a97d-5213379a158c" dataRowInfo="12" resultType="DataDrivenDataRow" />
        <UnitTestResult executionId="c00a0651-551f-4b67-9832-5a03459a1d60" parentExecutionId="46a7ce3c-6f0f-4833-a97d-5213379a158c" testId="9319d01e-de3e-d310-c76e-cae8dce4c924" testName="all_persons_modal_should_negation" computerName="ARPAN-LAP" duration="00:00:00.0291071" startTime="2014-06-29T10:57:50.6086937+05:30" endTime="2014-06-29T10:57:50.6376953+05:30" testType="13cdc9d9-ddb5-4fa4-a97d-d965ccfc6d4b" outcome="Passed" testListId="8c84fa94-04c1-424b-9868-57a2d4851a1d" relativeResultsDirectory="46a7ce3c-6f0f-4833-a97d-5213379a158c" dataRowInfo="13" resultType="DataDrivenDataRow" />
        <UnitTestResult executionId="a3c03729-23c7-4d5b-8187-a24baf981852" parentExecutionId="46a7ce3c-6f0f-4833-a97d-5213379a158c" testId="9319d01e-de3e-d310-c76e-cae8dce4c924" testName="all_persons_modal_should_negation" computerName="ARPAN-LAP" duration="00:00:00.0351812" startTime="2014-06-29T10:57:50.6376953+05:30" endTime="2014-06-29T10:57:50.6736974+05:30" testType="13cdc9d9-ddb5-4fa4-a97d-d965ccfc6d4b" outcome="Passed" testListId="8c84fa94-04c1-424b-9868-57a2d4851a1d" relativeResultsDirectory="46a7ce3c-6f0f-4833-a97d-5213379a158c" dataRowInfo="14" resultType="DataDrivenDataRow" />
        <UnitTestResult executionId="dbf80963-f58f-4cad-b27f-4b5567f546ba" parentExecutionId="46a7ce3c-6f0f-4833-a97d-5213379a158c" testId="9319d01e-de3e-d310-c76e-cae8dce4c924" testName="all_persons_modal_should_negation" computerName="ARPAN-LAP" duration="00:00:00.0284722" startTime="2014-06-29T10:57:50.6736974+05:30" endTime="2014-06-29T10:57:50.7016990+05:30" testType="13cdc9d9-ddb5-4fa4-a97d-d965ccfc6d4b" outcome="Passed" testListId="8c84fa94-04c1-424b-9868-57a2d4851a1d" relativeResultsDirectory="46a7ce3c-6f0f-4833-a97d-5213379a158c" dataRowInfo="15" resultType="DataDrivenDataRow" />
        <UnitTestResult executionId="e0f4c0e5-67a2-43d0-a92e-66dc9b480702" parentExecutionId="46a7ce3c-6f0f-4833-a97d-5213379a158c" testId="9319d01e-de3e-d310-c76e-cae8dce4c924" testName="all_persons_modal_should_negation" computerName="ARPAN-LAP" duration="00:00:00.0344575" startTime="2014-06-29T10:57:50.7016990+05:30" endTime="2014-06-29T10:57:50.7367010+05:30" testType="13cdc9d9-ddb5-4fa4-a97d-d965ccfc6d4b" outcome="Passed" testListId="8c84fa94-04c1-424b-9868-57a2d4851a1d" relativeResultsDirectory="46a7ce3c-6f0f-4833-a97d-5213379a158c" dataRowInfo="16" resultType="DataDrivenDataRow" />
      </InnerResults>
    </UnitTestResult>
    <UnitTestResult executionId="81e55632-613e-4bd3-a0a5-ded47df0750f" testId="97a1371f-e8e6-db3e-323e-49ffeef32df1" testName="interrogative_sentences_which" computerName="ARPAN-LAP" duration="00:00:00.0606632" startTime="2014-06-29T10:57:50.7977045+05:30" endTime="2014-06-29T10:57:50.8747089+05:30" testType="13cdc9d9-ddb5-4fa4-a97d-d965ccfc6d4b" outcome="Passed" testListId="8c84fa94-04c1-424b-9868-57a2d4851a1d" relativeResultsDirectory="81e55632-613e-4bd3-a0a5-ded47df0750f" resultType="DataDrivenTest">
      <Counters error="0" failed="0" timeout="0" aborted="0" inconclusive="0" passedButRunAborted="0" notRunnable="0" notExecuted="0" disconnected="0" warning="0" passed="2" completed="0" inProgress="0" pending="0" />
      <InnerResults>
        <UnitTestResult executionId="3a98eccc-247e-4e36-986c-1e5668afd202" parentExecutionId="81e55632-613e-4bd3-a0a5-ded47df0750f" testId="97a1371f-e8e6-db3e-323e-49ffeef32df1" testName="interrogative_sentences_which" computerName="ARPAN-LAP" duration="00:00:00.0280667" startTime="2014-06-29T10:57:50.8067050+05:30" endTime="2014-06-29T10:57:50.8347066+05:30" testType="13cdc9d9-ddb5-4fa4-a97d-d965ccfc6d4b" outcome="Passed" testListId="8c84fa94-04c1-424b-9868-57a2d4851a1d" relativeResultsDirectory="81e55632-613e-4bd3-a0a5-ded47df0750f" dataRowInfo="0" resultType="DataDrivenDataRow" />
        <UnitTestResult executionId="3dc191db-3363-492d-b6b8-d79837e47410" parentExecutionId="81e55632-613e-4bd3-a0a5-ded47df0750f" testId="97a1371f-e8e6-db3e-323e-49ffeef32df1" testName="interrogative_sentences_which" computerName="ARPAN-LAP" duration="00:00:00.0308564" startTime="2014-06-29T10:57:50.8347066+05:30" endTime="2014-06-29T10:57:50.8657084+05:30" testType="13cdc9d9-ddb5-4fa4-a97d-d965ccfc6d4b" outcome="Passed" testListId="8c84fa94-04c1-424b-9868-57a2d4851a1d" relativeResultsDirectory="81e55632-613e-4bd3-a0a5-ded47df0750f" dataRowInfo="1" resultType="DataDrivenDataRow" />
      </InnerResults>
    </UnitTestResult>
    <UnitTestResult executionId="2bf43fa6-171b-4b15-897e-a358f47278a1" testId="b9261b51-b0a2-10e2-9308-22bb2624de8b" testName="interrogative_sentences_where" computerName="ARPAN-LAP" duration="00:00:00.2222097" startTime="2014-06-29T10:57:50.8797092+05:30" endTime="2014-06-29T10:57:51.1277234+05:30" testType="13cdc9d9-ddb5-4fa4-a97d-d965ccfc6d4b" outcome="Failed" testListId="8c84fa94-04c1-424b-9868-57a2d4851a1d" relativeResultsDirectory="2bf43fa6-171b-4b15-897e-a358f47278a1" resultType="DataDrivenTest">
      <Counters error="0" failed="1" timeout="0" aborted="0" inconclusive="0" passedButRunAborted="0" notRunnable="0" notExecuted="0" disconnected="0" warning="0" passed="2" completed="0" inProgress="0" pending="0" />
      <InnerResults>
        <UnitTestResult executionId="03a2e96a-ca1b-430e-818d-a4a14df0df40" parentExecutionId="2bf43fa6-171b-4b15-897e-a358f47278a1" testId="b9261b51-b0a2-10e2-9308-22bb2624de8b" testName="interrogative_sentences_where" computerName="ARPAN-LAP" duration="00:00:00.0415638" startTime="2014-06-29T10:57:50.9907155+05:30" endTime="2014-06-29T10:57:51.0317179+05:30" testType="13cdc9d9-ddb5-4fa4-a97d-d965ccfc6d4b" outcome="Failed" testListId="8c84fa94-04c1-424b-9868-57a2d4851a1d" relativeResultsDirectory="2bf43fa6-171b-4b15-897e-a358f47278a1" dataRowInfo="0" resultType="DataDrivenDataRow">
          <Output>
            <ErrorInfo>
              <Message>Assert.AreEqual failed. Expected:&lt;আজ আপনি কোথায় ?&gt;. Actual:&lt;আপনি আজ কোথায় ?&gt;. Where are you today?</Message>
              <StackTrace>   at UnitTest.BnlpTest.interrogative_sentences_where() in D:\software\Project\BNLP\UnitTest\BnlpTest.cs:line 310
</StackTrace>
            </ErrorInfo>
          </Output>
        </UnitTestResult>
        <UnitTestResult executionId="4ae7a84f-587a-47e1-bdf0-0b1bdfcf4de3" parentExecutionId="2bf43fa6-171b-4b15-897e-a358f47278a1" testId="b9261b51-b0a2-10e2-9308-22bb2624de8b" testName="interrogative_sentences_where" computerName="ARPAN-LAP" duration="00:00:00.0328674" startTime="2014-06-29T10:57:51.0317179+05:30" endTime="2014-06-29T10:57:51.0647198+05:30" testType="13cdc9d9-ddb5-4fa4-a97d-d965ccfc6d4b" outcome="Passed" testListId="8c84fa94-04c1-424b-9868-57a2d4851a1d" relativeResultsDirectory="2bf43fa6-171b-4b15-897e-a358f47278a1" dataRowInfo="1" resultType="DataDrivenDataRow" />
        <UnitTestResult executionId="5b0c3a57-41e5-42b9-b8c5-50ff25c7e41c" parentExecutionId="2bf43fa6-171b-4b15-897e-a358f47278a1" testId="b9261b51-b0a2-10e2-9308-22bb2624de8b" testName="interrogative_sentences_where" computerName="ARPAN-LAP" duration="00:00:00.0433772" startTime="2014-06-29T10:57:51.0647198+05:30" endTime="2014-06-29T10:57:51.1087223+05:30" testType="13cdc9d9-ddb5-4fa4-a97d-d965ccfc6d4b" outcome="Passed" testListId="8c84fa94-04c1-424b-9868-57a2d4851a1d" relativeResultsDirectory="2bf43fa6-171b-4b15-897e-a358f47278a1" dataRowInfo="2" resultType="DataDrivenDataRow" />
      </InnerResults>
    </UnitTestResult>
    <UnitTestResult executionId="6e26bc67-c48e-4448-9798-bb54cb01d3df" testId="bdfe92b2-f4ac-73a5-f13d-5c1ea13721b4" testName="all_persons_tenses_passive_negation" computerName="ARPAN-LAP" duration="00:00:00.3332388" startTime="2014-06-29T10:57:51.1307235+05:30" endTime="2014-06-29T10:57:51.4977445+05:30" testType="13cdc9d9-ddb5-4fa4-a97d-d965ccfc6d4b" outcome="Passed" testListId="8c84fa94-04c1-424b-9868-57a2d4851a1d" relativeResultsDirectory="6e26bc67-c48e-4448-9798-bb54cb01d3df" resultType="DataDrivenTest">
      <Counters error="0" failed="0" timeout="0" aborted="0" inconclusive="0" passedButRunAborted="0" notRunnable="0" notExecuted="0" disconnected="0" warning="0" passed="10" completed="0" inProgress="0" pending="0" />
      <InnerResults>
        <UnitTestResult executionId="7a566aeb-f33e-45db-91d8-3ba879921779" parentExecutionId="6e26bc67-c48e-4448-9798-bb54cb01d3df" testId="bdfe92b2-f4ac-73a5-f13d-5c1ea13721b4" testName="all_persons_tenses_passive_negation" computerName="ARPAN-LAP" duration="00:00:00.0238938" startTime="2014-06-29T10:57:51.1447243+05:30" endTime="2014-06-29T10:57:51.1687257+05:30" testType="13cdc9d9-ddb5-4fa4-a97d-d965ccfc6d4b" outcome="Passed" testListId="8c84fa94-04c1-424b-9868-57a2d4851a1d" relativeResultsDirectory="6e26bc67-c48e-4448-9798-bb54cb01d3df" dataRowInfo="0" resultType="DataDrivenDataRow" />
        <UnitTestResult executionId="3837fd1e-816c-42e4-b1df-45f84bf38875" parentExecutionId="6e26bc67-c48e-4448-9798-bb54cb01d3df" testId="bdfe92b2-f4ac-73a5-f13d-5c1ea13721b4" testName="all_persons_tenses_passive_negation" computerName="ARPAN-LAP" duration="00:00:00.0303924" startTime="2014-06-29T10:57:51.1687257+05:30" endTime="2014-06-29T10:57:51.1987274+05:30" testType="13cdc9d9-ddb5-4fa4-a97d-d965ccfc6d4b" outcome="Passed" testListId="8c84fa94-04c1-424b-9868-57a2d4851a1d" relativeResultsDirectory="6e26bc67-c48e-4448-9798-bb54cb01d3df" dataRowInfo="1" resultType="DataDrivenDataRow" />
        <UnitTestResult executionId="25916b59-0f81-43cf-8fff-204270392a10" parentExecutionId="6e26bc67-c48e-4448-9798-bb54cb01d3df" testId="bdfe92b2-f4ac-73a5-f13d-5c1ea13721b4" testName="all_persons_tenses_passive_negation" computerName="ARPAN-LAP" duration="00:00:00.0297754" startTime="2014-06-29T10:57:51.1987274+05:30" endTime="2014-06-29T10:57:51.2287291+05:30" testType="13cdc9d9-ddb5-4fa4-a97d-d965ccfc6d4b" outcome="Passed" testListId="8c84fa94-04c1-424b-9868-57a2d4851a1d" relativeResultsDirectory="6e26bc67-c48e-4448-9798-bb54cb01d3df" dataRowInfo="2" resultType="DataDrivenDataRow" />
        <UnitTestResult executionId="c3c98321-a2af-4745-82f7-b43553f2f6a1" parentExecutionId="6e26bc67-c48e-4448-9798-bb54cb01d3df" testId="bdfe92b2-f4ac-73a5-f13d-5c1ea13721b4" testName="all_persons_tenses_passive_negation" computerName="ARPAN-LAP" duration="00:00:00.0372051" startTime="2014-06-29T10:57:51.2287291+05:30" endTime="2014-06-29T10:57:51.2657313+05:30" testType="13cdc9d9-ddb5-4fa4-a97d-d965ccfc6d4b" outcome="Passed" testListId="8c84fa94-04c1-424b-9868-57a2d4851a1d" relativeResultsDirectory="6e26bc67-c48e-4448-9798-bb54cb01d3df" dataRowInfo="3" resultType="DataDrivenDataRow" />
        <UnitTestResult executionId="aa75eddf-c7e2-456e-89db-01f77af2df4f" parentExecutionId="6e26bc67-c48e-4448-9798-bb54cb01d3df" testId="bdfe92b2-f4ac-73a5-f13d-5c1ea13721b4" testName="all_persons_tenses_passive_negation" computerName="ARPAN-LAP" duration="00:00:00.0233554" startTime="2014-06-29T10:57:51.2657313+05:30" endTime="2014-06-29T10:57:51.2897326+05:30" testType="13cdc9d9-ddb5-4fa4-a97d-d965ccfc6d4b" outcome="Passed" testListId="8c84fa94-04c1-424b-9868-57a2d4851a1d" relativeResultsDirectory="6e26bc67-c48e-4448-9798-bb54cb01d3df" dataRowInfo="4" resultType="DataDrivenDataRow" />
        <UnitTestResult executionId="cec0225e-1410-4448-a4f9-f295569e9b57" parentExecutionId="6e26bc67-c48e-4448-9798-bb54cb01d3df" testId="bdfe92b2-f4ac-73a5-f13d-5c1ea13721b4" testName="all_persons_tenses_passive_negation" computerName="ARPAN-LAP" duration="00:00:00.0283265" startTime="2014-06-29T10:57:51.2897326+05:30" endTime="2014-06-29T10:57:51.3177342+05:30" testType="13cdc9d9-ddb5-4fa4-a97d-d965ccfc6d4b" outcome="Passed" testListId="8c84fa94-04c1-424b-9868-57a2d4851a1d" relativeResultsDirectory="6e26bc67-c48e-4448-9798-bb54cb01d3df" dataRowInfo="5" resultType="DataDrivenDataRow" />
        <UnitTestResult executionId="f91f4c23-b962-4e3f-9a5e-9d8488f0e27a" parentExecutionId="6e26bc67-c48e-4448-9798-bb54cb01d3df" testId="bdfe92b2-f4ac-73a5-f13d-5c1ea13721b4" testName="all_persons_tenses_passive_negation" computerName="ARPAN-LAP" duration="00:00:00.0309791" startTime="2014-06-29T10:57:51.3177342+05:30" endTime="2014-06-29T10:57:51.3487360+05:30" testType="13cdc9d9-ddb5-4fa4-a97d-d965ccfc6d4b" outcome="Passed" testListId="8c84fa94-04c1-424b-9868-57a2d4851a1d" relativeResultsDirectory="6e26bc67-c48e-4448-9798-bb54cb01d3df" dataRowInfo="6" resultType="DataDrivenDataRow" />
        <UnitTestResult executionId="b1c1e51d-10b7-4c5f-b382-60698a4ade90" parentExecutionId="6e26bc67-c48e-4448-9798-bb54cb01d3df" testId="bdfe92b2-f4ac-73a5-f13d-5c1ea13721b4" testName="all_persons_tenses_passive_negation" computerName="ARPAN-LAP" duration="00:00:00.0360430" startTime="2014-06-29T10:57:51.3487360+05:30" endTime="2014-06-29T10:57:51.3847381+05:30" testType="13cdc9d9-ddb5-4fa4-a97d-d965ccfc6d4b" outcome="Passed" testListId="8c84fa94-04c1-424b-9868-57a2d4851a1d" relativeResultsDirectory="6e26bc67-c48e-4448-9798-bb54cb01d3df" dataRowInfo="7" resultType="DataDrivenDataRow" />
        <UnitTestResult executionId="7c2c0392-db00-498f-92b8-8b9c93ef37f7" parentExecutionId="6e26bc67-c48e-4448-9798-bb54cb01d3df" testId="bdfe92b2-f4ac-73a5-f13d-5c1ea13721b4" testName="all_persons_tenses_passive_negation" computerName="ARPAN-LAP" duration="00:00:00.0382065" startTime="2014-06-29T10:57:51.3847381+05:30" endTime="2014-06-29T10:57:51.4227402+05:30" testType="13cdc9d9-ddb5-4fa4-a97d-d965ccfc6d4b" outcome="Passed" testListId="8c84fa94-04c1-424b-9868-57a2d4851a1d" relativeResultsDirectory="6e26bc67-c48e-4448-9798-bb54cb01d3df" dataRowInfo="8" resultType="DataDrivenDataRow" />
        <UnitTestResult executionId="ce6df510-be26-4c82-bdfa-edbf29e345a1" parentExecutionId="6e26bc67-c48e-4448-9798-bb54cb01d3df" testId="bdfe92b2-f4ac-73a5-f13d-5c1ea13721b4" testName="all_persons_tenses_passive_negation" computerName="ARPAN-LAP" duration="00:00:00.0451731" startTime="2014-06-29T10:57:51.4227402+05:30" endTime="2014-06-29T10:57:51.4687429+05:30" testType="13cdc9d9-ddb5-4fa4-a97d-d965ccfc6d4b" outcome="Passed" testListId="8c84fa94-04c1-424b-9868-57a2d4851a1d" relativeResultsDirectory="6e26bc67-c48e-4448-9798-bb54cb01d3df" dataRowInfo="9" resultType="DataDrivenDataRow" />
      </InnerResults>
    </UnitTestResult>
    <UnitTestResult executionId="fb0fabe4-1f1b-46d8-a5c7-42fb075c7b57" testId="c79146bc-2376-961a-5de9-441b5dfc7188" testName="auxiliary_verbs_as_main_verbs" computerName="ARPAN-LAP" duration="00:00:00.7795595" startTime="2014-06-29T10:57:51.5027448+05:30" endTime="2014-06-29T10:57:52.3557936+05:30" testType="13cdc9d9-ddb5-4fa4-a97d-d965ccfc6d4b" outcome="Passed" testListId="8c84fa94-04c1-424b-9868-57a2d4851a1d" relativeResultsDirectory="fb0fabe4-1f1b-46d8-a5c7-42fb075c7b57" resultType="DataDrivenTest">
      <Counters error="0" failed="0" timeout="0" aborted="0" inconclusive="0" passedButRunAborted="0" notRunnable="0" notExecuted="0" disconnected="0" warning="0" passed="25" completed="0" inProgress="0" pending="0" />
      <InnerResults>
        <UnitTestResult executionId="391698ee-8d83-4edf-b46b-d46212d98d7e" parentExecutionId="fb0fabe4-1f1b-46d8-a5c7-42fb075c7b57" testId="c79146bc-2376-961a-5de9-441b5dfc7188" testName="auxiliary_verbs_as_main_verbs" computerName="ARPAN-LAP" duration="00:00:00.0299120" startTime="2014-06-29T10:57:51.5507476+05:30" endTime="2014-06-29T10:57:51.5807493+05:30" testType="13cdc9d9-ddb5-4fa4-a97d-d965ccfc6d4b" outcome="Passed" testListId="8c84fa94-04c1-424b-9868-57a2d4851a1d" relativeResultsDirectory="fb0fabe4-1f1b-46d8-a5c7-42fb075c7b57" dataRowInfo="0" resultType="DataDrivenDataRow" />
        <UnitTestResult executionId="7712091b-3368-49c6-8a14-86adaaa4c9eb" parentExecutionId="fb0fabe4-1f1b-46d8-a5c7-42fb075c7b57" testId="c79146bc-2376-961a-5de9-441b5dfc7188" testName="auxiliary_verbs_as_main_verbs" computerName="ARPAN-LAP" duration="00:00:00.0268718" startTime="2014-06-29T10:57:51.5807493+05:30" endTime="2014-06-29T10:57:51.6077508+05:30" testType="13cdc9d9-ddb5-4fa4-a97d-d965ccfc6d4b" outcome="Passed" testListId="8c84fa94-04c1-424b-9868-57a2d4851a1d" relativeResultsDirectory="fb0fabe4-1f1b-46d8-a5c7-42fb075c7b57" dataRowInfo="1" resultType="DataDrivenDataRow" />
        <UnitTestResult executionId="2d964b2d-2a3f-40cb-954d-c9e92f5013bd" parentExecutionId="fb0fabe4-1f1b-46d8-a5c7-42fb075c7b57" testId="c79146bc-2376-961a-5de9-441b5dfc7188" testName="auxiliary_verbs_as_main_verbs" computerName="ARPAN-LAP" duration="00:00:00.0329064" startTime="2014-06-29T10:57:51.6077508+05:30" endTime="2014-06-29T10:57:51.6407527+05:30" testType="13cdc9d9-ddb5-4fa4-a97d-d965ccfc6d4b" outcome="Passed" testListId="8c84fa94-04c1-424b-9868-57a2d4851a1d" relativeResultsDirectory="fb0fabe4-1f1b-46d8-a5c7-42fb075c7b57" dataRowInfo="2" resultType="DataDrivenDataRow" />
        <UnitTestResult executionId="a2da79b1-7a63-4c37-98f3-077a8148dd0c" parentExecutionId="fb0fabe4-1f1b-46d8-a5c7-42fb075c7b57" testId="c79146bc-2376-961a-5de9-441b5dfc7188" testName="auxiliary_verbs_as_main_verbs" computerName="ARPAN-LAP" duration="00:00:00.0344555" startTime="2014-06-29T10:57:51.6407527+05:30" endTime="2014-06-29T10:57:51.6757547+05:30" testType="13cdc9d9-ddb5-4fa4-a97d-d965ccfc6d4b" outcome="Passed" testListId="8c84fa94-04c1-424b-9868-57a2d4851a1d" relativeResultsDirectory="fb0fabe4-1f1b-46d8-a5c7-42fb075c7b57" dataRowInfo="3" resultType="DataDrivenDataRow" />
        <UnitTestResult executionId="e107bf6a-6134-4eef-9daa-dfb4bc28ddac" parentExecutionId="fb0fabe4-1f1b-46d8-a5c7-42fb075c7b57" testId="c79146bc-2376-961a-5de9-441b5dfc7188" testName="auxiliary_verbs_as_main_verbs" computerName="ARPAN-LAP" duration="00:00:00.0328900" startTime="2014-06-29T10:57:51.6757547+05:30" endTime="2014-06-29T10:57:51.7077565+05:30" testType="13cdc9d9-ddb5-4fa4-a97d-d965ccfc6d4b" outcome="Passed" testListId="8c84fa94-04c1-424b-9868-57a2d4851a1d" relativeResultsDirectory="fb0fabe4-1f1b-46d8-a5c7-42fb075c7b57" dataRowInfo="4" resultType="DataDrivenDataRow" />
        <UnitTestResult executionId="ea98a530-e4cd-4bc1-bf18-0322b2e8e769" parentExecutionId="fb0fabe4-1f1b-46d8-a5c7-42fb075c7b57" testId="c79146bc-2376-961a-5de9-441b5dfc7188" testName="auxiliary_verbs_as_main_verbs" computerName="ARPAN-LAP" duration="00:00:00.0270484" startTime="2014-06-29T10:57:51.7077565+05:30" endTime="2014-06-29T10:57:51.7357581+05:30" testType="13cdc9d9-ddb5-4fa4-a97d-d965ccfc6d4b" outcome="Passed" testListId="8c84fa94-04c1-424b-9868-57a2d4851a1d" relativeResultsDirectory="fb0fabe4-1f1b-46d8-a5c7-42fb075c7b57" dataRowInfo="5" resultType="DataDrivenDataRow" />
        <UnitTestResult executionId="b1485417-a503-4b4f-a02b-30d43b1886c7" parentExecutionId="fb0fabe4-1f1b-46d8-a5c7-42fb075c7b57" testId="c79146bc-2376-961a-5de9-441b5dfc7188" testName="auxiliary_verbs_as_main_verbs" computerName="ARPAN-LAP" duration="00:00:00.0375505" startTime="2014-06-29T10:57:51.7357581+05:30" endTime="2014-06-29T10:57:51.7727603+05:30" testType="13cdc9d9-ddb5-4fa4-a97d-d965ccfc6d4b" outcome="Passed" testListId="8c84fa94-04c1-424b-9868-57a2d4851a1d" relativeResultsDirectory="fb0fabe4-1f1b-46d8-a5c7-42fb075c7b57" dataRowInfo="6" resultType="DataDrivenDataRow" />
        <UnitTestResult executionId="6dc18f84-a9b5-4134-9737-860382d3c4b7" parentExecutionId="fb0fabe4-1f1b-46d8-a5c7-42fb075c7b57" testId="c79146bc-2376-961a-5de9-441b5dfc7188" testName="auxiliary_verbs_as_main_verbs" computerName="ARPAN-LAP" duration="00:00:00.0571036" startTime="2014-06-29T10:57:51.7727603+05:30" endTime="2014-06-29T10:57:51.8297635+05:30" testType="13cdc9d9-ddb5-4fa4-a97d-d965ccfc6d4b" outcome="Passed" testListId="8c84fa94-04c1-424b-9868-57a2d4851a1d" relativeResultsDirectory="fb0fabe4-1f1b-46d8-a5c7-42fb075c7b57" dataRowInfo="7" resultType="DataDrivenDataRow" />
        <UnitTestResult executionId="a066b4c2-7327-4b79-b350-ed86e9b44e9b" parentExecutionId="fb0fabe4-1f1b-46d8-a5c7-42fb075c7b57" testId="c79146bc-2376-961a-5de9-441b5dfc7188" testName="auxiliary_verbs_as_main_verbs" computerName="ARPAN-LAP" duration="00:00:00.0684362" startTime="2014-06-29T10:57:51.8297635+05:30" endTime="2014-06-29T10:57:51.8987675+05:30" testType="13cdc9d9-ddb5-4fa4-a97d-d965ccfc6d4b" outcome="Passed" testListId="8c84fa94-04c1-424b-9868-57a2d4851a1d" relativeResultsDirectory="fb0fabe4-1f1b-46d8-a5c7-42fb075c7b57" dataRowInfo="8" resultType="DataDrivenDataRow" />
        <UnitTestResult executionId="4919eef9-d47b-4d3c-b321-8a01065052aa" parentExecutionId="fb0fabe4-1f1b-46d8-a5c7-42fb075c7b57" testId="c79146bc-2376-961a-5de9-441b5dfc7188" testName="auxiliary_verbs_as_main_verbs" computerName="ARPAN-LAP" duration="00:00:00.0238256" startTime="2014-06-29T10:57:51.8987675+05:30" endTime="2014-06-29T10:57:51.9227688+05:30" testType="13cdc9d9-ddb5-4fa4-a97d-d965ccfc6d4b" outcome="Passed" testListId="8c84fa94-04c1-424b-9868-57a2d4851a1d" relativeResultsDirectory="fb0fabe4-1f1b-46d8-a5c7-42fb075c7b57" dataRowInfo="9" resultType="DataDrivenDataRow" />
        <UnitTestResult executionId="ad09427b-30ba-41b6-ad71-13c9525723c7" parentExecutionId="fb0fabe4-1f1b-46d8-a5c7-42fb075c7b57" testId="c79146bc-2376-961a-5de9-441b5dfc7188" testName="auxiliary_verbs_as_main_verbs" computerName="ARPAN-LAP" duration="00:00:00.0193724" startTime="2014-06-29T10:57:51.9227688+05:30" endTime="2014-06-29T10:57:51.9417699+05:30" testType="13cdc9d9-ddb5-4fa4-a97d-d965ccfc6d4b" outcome="Passed" testListId="8c84fa94-04c1-424b-9868-57a2d4851a1d" relativeResultsDirectory="fb0fabe4-1f1b-46d8-a5c7-42fb075c7b57" dataRowInfo="10" resultType="DataDrivenDataRow" />
        <UnitTestResult executionId="69130607-a673-438a-8318-b35190669312" parentExecutionId="fb0fabe4-1f1b-46d8-a5c7-42fb075c7b57" testId="c79146bc-2376-961a-5de9-441b5dfc7188" testName="auxiliary_verbs_as_main_verbs" computerName="ARPAN-LAP" duration="00:00:00.0256046" startTime="2014-06-29T10:57:51.9417699+05:30" endTime="2014-06-29T10:57:51.9677714+05:30" testType="13cdc9d9-ddb5-4fa4-a97d-d965ccfc6d4b" outcome="Passed" testListId="8c84fa94-04c1-424b-9868-57a2d4851a1d" relativeResultsDirectory="fb0fabe4-1f1b-46d8-a5c7-42fb075c7b57" dataRowInfo="11" resultType="DataDrivenDataRow" />
        <UnitTestResult executionId="136c4a19-8cc1-4821-9795-12835c7480e8" parentExecutionId="fb0fabe4-1f1b-46d8-a5c7-42fb075c7b57" testId="c79146bc-2376-961a-5de9-441b5dfc7188" testName="auxiliary_verbs_as_main_verbs" computerName="ARPAN-LAP" duration="00:00:00.0301260" startTime="2014-06-29T10:57:51.9677714+05:30" endTime="2014-06-29T10:57:51.9977731+05:30" testType="13cdc9d9-ddb5-4fa4-a97d-d965ccfc6d4b" outcome="Passed" testListId="8c84fa94-04c1-424b-9868-57a2d4851a1d" relativeResultsDirectory="fb0fabe4-1f1b-46d8-a5c7-42fb075c7b57" dataRowInfo="12" resultType="DataDrivenDataRow" />
        <UnitTestResult executionId="6c6c8fd1-c373-4baa-8967-c2f9ce923722" parentExecutionId="fb0fabe4-1f1b-46d8-a5c7-42fb075c7b57" testId="c79146bc-2376-961a-5de9-441b5dfc7188" testName="auxiliary_verbs_as_main_verbs" computerName="ARPAN-LAP" duration="00:00:00.0278850" startTime="2014-06-29T10:57:51.9977731+05:30" endTime="2014-06-29T10:57:52.0257747+05:30" testType="13cdc9d9-ddb5-4fa4-a97d-d965ccfc6d4b" outcome="Passed" testListId="8c84fa94-04c1-424b-9868-57a2d4851a1d" relativeResultsDirectory="fb0fabe4-1f1b-46d8-a5c7-42fb075c7b57" dataRowInfo="13" resultType="DataDrivenDataRow" />
        <UnitTestResult executionId="35da2bd3-cdf3-409a-b7c7-45397d32a13a" parentExecutionId="fb0fabe4-1f1b-46d8-a5c7-42fb075c7b57" testId="c79146bc-2376-961a-5de9-441b5dfc7188" testName="auxiliary_verbs_as_main_verbs" computerName="ARPAN-LAP" duration="00:00:00.0222575" startTime="2014-06-29T10:57:52.0257747+05:30" endTime="2014-06-29T10:57:52.0477760+05:30" testType="13cdc9d9-ddb5-4fa4-a97d-d965ccfc6d4b" outcome="Passed" testListId="8c84fa94-04c1-424b-9868-57a2d4851a1d" relativeResultsDirectory="fb0fabe4-1f1b-46d8-a5c7-42fb075c7b57" dataRowInfo="14" resultType="DataDrivenDataRow" />
        <UnitTestResult executionId="1dc32feb-4860-4e54-b646-9f43511b6987" parentExecutionId="fb0fabe4-1f1b-46d8-a5c7-42fb075c7b57" testId="c79146bc-2376-961a-5de9-441b5dfc7188" testName="auxiliary_verbs_as_main_verbs" computerName="ARPAN-LAP" duration="00:00:00.0223925" startTime="2014-06-29T10:57:52.0477760+05:30" endTime="2014-06-29T10:57:52.0707773+05:30" testType="13cdc9d9-ddb5-4fa4-a97d-d965ccfc6d4b" outcome="Passed" testListId="8c84fa94-04c1-424b-9868-57a2d4851a1d" relativeResultsDirectory="fb0fabe4-1f1b-46d8-a5c7-42fb075c7b57" dataRowInfo="15" resultType="DataDrivenDataRow" />
        <UnitTestResult executionId="27fd5111-a738-42a5-ae04-eb2953e03057" parentExecutionId="fb0fabe4-1f1b-46d8-a5c7-42fb075c7b57" testId="c79146bc-2376-961a-5de9-441b5dfc7188" testName="auxiliary_verbs_as_main_verbs" computerName="ARPAN-LAP" duration="00:00:00.0261538" startTime="2014-06-29T10:57:52.0707773+05:30" endTime="2014-06-29T10:57:52.0967788+05:30" testType="13cdc9d9-ddb5-4fa4-a97d-d965ccfc6d4b" outcome="Passed" testListId="8c84fa94-04c1-424b-9868-57a2d4851a1d" relativeResultsDirectory="fb0fabe4-1f1b-46d8-a5c7-42fb075c7b57" dataRowInfo="16" resultType="DataDrivenDataRow" />
        <UnitTestResult executionId="9c48113b-684b-4da4-9696-332866f5047d" parentExecutionId="fb0fabe4-1f1b-46d8-a5c7-42fb075c7b57" testId="c79146bc-2376-961a-5de9-441b5dfc7188" testName="auxiliary_verbs_as_main_verbs" computerName="ARPAN-LAP" duration="00:00:00.0235037" startTime="2014-06-29T10:57:52.0967788+05:30" endTime="2014-06-29T10:57:52.1197801+05:30" testType="13cdc9d9-ddb5-4fa4-a97d-d965ccfc6d4b" outcome="Passed" testListId="8c84fa94-04c1-424b-9868-57a2d4851a1d" relativeResultsDirectory="fb0fabe4-1f1b-46d8-a5c7-42fb075c7b57" dataRowInfo="17" resultType="DataDrivenDataRow" />
        <UnitTestResult executionId="acf446e6-7d3b-4632-9b5d-98f5a82673f8" parentExecutionId="fb0fabe4-1f1b-46d8-a5c7-42fb075c7b57" testId="c79146bc-2376-961a-5de9-441b5dfc7188" testName="auxiliary_verbs_as_main_verbs" computerName="ARPAN-LAP" duration="00:00:00.0199242" startTime="2014-06-29T10:57:52.1197801+05:30" endTime="2014-06-29T10:57:52.1397813+05:30" testType="13cdc9d9-ddb5-4fa4-a97d-d965ccfc6d4b" outcome="Passed" testListId="8c84fa94-04c1-424b-9868-57a2d4851a1d" relativeResultsDirectory="fb0fabe4-1f1b-46d8-a5c7-42fb075c7b57" dataRowInfo="18" resultType="DataDrivenDataRow" />
        <UnitTestResult executionId="41bbef8e-449e-40ea-a50c-d5d098db3b5f" parentExecutionId="fb0fabe4-1f1b-46d8-a5c7-42fb075c7b57" testId="c79146bc-2376-961a-5de9-441b5dfc7188" testName="auxiliary_verbs_as_main_verbs" computerName="ARPAN-LAP" duration="00:00:00.0258817" startTime="2014-06-29T10:57:52.1397813+05:30" endTime="2014-06-29T10:57:52.1657827+05:30" testType="13cdc9d9-ddb5-4fa4-a97d-d965ccfc6d4b" outcome="Passed" testListId="8c84fa94-04c1-424b-9868-57a2d4851a1d" relativeResultsDirectory="fb0fabe4-1f1b-46d8-a5c7-42fb075c7b57" dataRowInfo="19" resultType="DataDrivenDataRow" />
        <UnitTestResult executionId="5b5369c2-d556-4525-af8a-f3e57f96e89b" parentExecutionId="fb0fabe4-1f1b-46d8-a5c7-42fb075c7b57" testId="c79146bc-2376-961a-5de9-441b5dfc7188" testName="auxiliary_verbs_as_main_verbs" computerName="ARPAN-LAP" duration="00:00:00.0253608" startTime="2014-06-29T10:57:52.1657827+05:30" endTime="2014-06-29T10:57:52.1917842+05:30" testType="13cdc9d9-ddb5-4fa4-a97d-d965ccfc6d4b" outcome="Passed" testListId="8c84fa94-04c1-424b-9868-57a2d4851a1d" relativeResultsDirectory="fb0fabe4-1f1b-46d8-a5c7-42fb075c7b57" dataRowInfo="20" resultType="DataDrivenDataRow" />
        <UnitTestResult executionId="83e6755d-dc18-4d3f-a023-4d78acddd115" parentExecutionId="fb0fabe4-1f1b-46d8-a5c7-42fb075c7b57" testId="c79146bc-2376-961a-5de9-441b5dfc7188" testName="auxiliary_verbs_as_main_verbs" computerName="ARPAN-LAP" duration="00:00:00.0295614" startTime="2014-06-29T10:57:52.1917842+05:30" endTime="2014-06-29T10:57:52.2207859+05:30" testType="13cdc9d9-ddb5-4fa4-a97d-d965ccfc6d4b" outcome="Passed" testListId="8c84fa94-04c1-424b-9868-57a2d4851a1d" relativeResultsDirectory="fb0fabe4-1f1b-46d8-a5c7-42fb075c7b57" dataRowInfo="21" resultType="DataDrivenDataRow" />
        <UnitTestResult executionId="a2031544-50b7-40a0-bcf4-3ef890eaebec" parentExecutionId="fb0fabe4-1f1b-46d8-a5c7-42fb075c7b57" testId="c79146bc-2376-961a-5de9-441b5dfc7188" testName="auxiliary_verbs_as_main_verbs" computerName="ARPAN-LAP" duration="00:00:00.0177305" startTime="2014-06-29T10:57:52.2207859+05:30" endTime="2014-06-29T10:57:52.2387869+05:30" testType="13cdc9d9-ddb5-4fa4-a97d-d965ccfc6d4b" outcome="Passed" testListId="8c84fa94-04c1-424b-9868-57a2d4851a1d" relativeResultsDirectory="fb0fabe4-1f1b-46d8-a5c7-42fb075c7b57" dataRowInfo="22" resultType="DataDrivenDataRow" />
        <UnitTestResult executionId="9ed2ddd7-a043-409b-bb11-9c5846305ee9" parentExecutionId="fb0fabe4-1f1b-46d8-a5c7-42fb075c7b57" testId="c79146bc-2376-961a-5de9-441b5dfc7188" testName="auxiliary_verbs_as_main_verbs" computerName="ARPAN-LAP" duration="00:00:00.0192174" startTime="2014-06-29T10:57:52.2387869+05:30" endTime="2014-06-29T10:57:52.2577880+05:30" testType="13cdc9d9-ddb5-4fa4-a97d-d965ccfc6d4b" outcome="Passed" testListId="8c84fa94-04c1-424b-9868-57a2d4851a1d" relativeResultsDirectory="fb0fabe4-1f1b-46d8-a5c7-42fb075c7b57" dataRowInfo="23" resultType="DataDrivenDataRow" />
        <UnitTestResult executionId="c49f9cd2-3317-48ba-a20b-648db4a9c85c" parentExecutionId="fb0fabe4-1f1b-46d8-a5c7-42fb075c7b57" testId="c79146bc-2376-961a-5de9-441b5dfc7188" testName="auxiliary_verbs_as_main_verbs" computerName="ARPAN-LAP" duration="00:00:00.0266742" startTime="2014-06-29T10:57:52.2577880+05:30" endTime="2014-06-29T10:57:52.2847896+05:30" testType="13cdc9d9-ddb5-4fa4-a97d-d965ccfc6d4b" outcome="Passed" testListId="8c84fa94-04c1-424b-9868-57a2d4851a1d" relativeResultsDirectory="fb0fabe4-1f1b-46d8-a5c7-42fb075c7b57" dataRowInfo="24" resultType="DataDrivenDataRow" />
      </InnerResults>
    </UnitTestResult>
    <UnitTestResult executionId="1fc11ed8-5409-4732-b021-924a9fd9de9b" testId="d03eb628-bf1f-c27d-aeef-e708d613d686" testName="all_persons_modal_can_may_negation" computerName="ARPAN-LAP" duration="00:00:00.7404825" startTime="2014-06-29T10:57:52.3807950+05:30" endTime="2014-06-29T10:57:53.1938415+05:30" testType="13cdc9d9-ddb5-4fa4-a97d-d965ccfc6d4b" outcome="Passed" testListId="8c84fa94-04c1-424b-9868-57a2d4851a1d" relativeResultsDirectory="1fc11ed8-5409-4732-b021-924a9fd9de9b" resultType="DataDrivenTest">
      <Counters error="0" failed="0" timeout="0" aborted="0" inconclusive="0" passedButRunAborted="0" notRunnable="0" notExecuted="0" disconnected="0" warning="0" passed="24" completed="0" inProgress="0" pending="0" />
      <InnerResults>
        <UnitTestResult executionId="37f7424b-82f6-431e-9aad-e10a7d7f8f30" parentExecutionId="1fc11ed8-5409-4732-b021-924a9fd9de9b" testId="d03eb628-bf1f-c27d-aeef-e708d613d686" testName="all_persons_modal_can_may_negation" computerName="ARPAN-LAP" duration="00:00:00.0233939" startTime="2014-06-29T10:57:52.4177972+05:30" endTime="2014-06-29T10:57:52.4417985+05:30" testType="13cdc9d9-ddb5-4fa4-a97d-d965ccfc6d4b" outcome="Passed" testListId="8c84fa94-04c1-424b-9868-57a2d4851a1d" relativeResultsDirectory="1fc11ed8-5409-4732-b021-924a9fd9de9b" dataRowInfo="0" resultType="DataDrivenDataRow" />
        <UnitTestResult executionId="619d33b3-7bba-480d-acd7-ae63fe53d548" parentExecutionId="1fc11ed8-5409-4732-b021-924a9fd9de9b" testId="d03eb628-bf1f-c27d-aeef-e708d613d686" testName="all_persons_modal_can_may_negation" computerName="ARPAN-LAP" duration="00:00:00.0260121" startTime="2014-06-29T10:57:52.4417985+05:30" endTime="2014-06-29T10:57:52.4678000+05:30" testType="13cdc9d9-ddb5-4fa4-a97d-d965ccfc6d4b" outcome="Passed" testListId="8c84fa94-04c1-424b-9868-57a2d4851a1d" relativeResultsDirectory="1fc11ed8-5409-4732-b021-924a9fd9de9b" dataRowInfo="1" resultType="DataDrivenDataRow" />
        <UnitTestResult executionId="0b0c6d8e-1e10-44db-9f92-f06d117a4a7c" parentExecutionId="1fc11ed8-5409-4732-b021-924a9fd9de9b" testId="d03eb628-bf1f-c27d-aeef-e708d613d686" testName="all_persons_modal_can_may_negation" computerName="ARPAN-LAP" duration="00:00:00.0263652" startTime="2014-06-29T10:57:52.4678000+05:30" endTime="2014-06-29T10:57:52.4938015+05:30" testType="13cdc9d9-ddb5-4fa4-a97d-d965ccfc6d4b" outcome="Passed" testListId="8c84fa94-04c1-424b-9868-57a2d4851a1d" relativeResultsDirectory="1fc11ed8-5409-4732-b021-924a9fd9de9b" dataRowInfo="2" resultType="DataDrivenDataRow" />
        <UnitTestResult executionId="2bfb231a-bc9f-48f3-a8f2-fb4244e3c05c" parentExecutionId="1fc11ed8-5409-4732-b021-924a9fd9de9b" testId="d03eb628-bf1f-c27d-aeef-e708d613d686" testName="all_persons_modal_can_may_negation" computerName="ARPAN-LAP" duration="00:00:00.0265505" startTime="2014-06-29T10:57:52.4938015+05:30" endTime="2014-06-29T10:57:52.5208030+05:30" testType="13cdc9d9-ddb5-4fa4-a97d-d965ccfc6d4b" outcome="Passed" testListId="8c84fa94-04c1-424b-9868-57a2d4851a1d" relativeResultsDirectory="1fc11ed8-5409-4732-b021-924a9fd9de9b" dataRowInfo="3" resultType="DataDrivenDataRow" />
        <UnitTestResult executionId="47956571-89c3-42de-b10d-4b2f60b9d73f" parentExecutionId="1fc11ed8-5409-4732-b021-924a9fd9de9b" testId="d03eb628-bf1f-c27d-aeef-e708d613d686" testName="all_persons_modal_can_may_negation" computerName="ARPAN-LAP" duration="00:00:00.0378472" startTime="2014-06-29T10:57:52.5208030+05:30" endTime="2014-06-29T10:57:52.5588052+05:30" testType="13cdc9d9-ddb5-4fa4-a97d-d965ccfc6d4b" outcome="Passed" testListId="8c84fa94-04c1-424b-9868-57a2d4851a1d" relativeResultsDirectory="1fc11ed8-5409-4732-b021-924a9fd9de9b" dataRowInfo="4" resultType="DataDrivenDataRow" />
        <UnitTestResult executionId="d82518cf-7930-47be-96e1-8dac9d5087ac" parentExecutionId="1fc11ed8-5409-4732-b021-924a9fd9de9b" testId="d03eb628-bf1f-c27d-aeef-e708d613d686" testName="all_persons_modal_can_may_negation" computerName="ARPAN-LAP" duration="00:00:00.0312886" startTime="2014-06-29T10:57:52.5588052+05:30" endTime="2014-06-29T10:57:52.5898070+05:30" testType="13cdc9d9-ddb5-4fa4-a97d-d965ccfc6d4b" outcome="Passed" testListId="8c84fa94-04c1-424b-9868-57a2d4851a1d" relativeResultsDirectory="1fc11ed8-5409-4732-b021-924a9fd9de9b" dataRowInfo="5" resultType="DataDrivenDataRow" />
        <UnitTestResult executionId="9e100fbc-2c37-490d-bc93-1779cf520c69" parentExecutionId="1fc11ed8-5409-4732-b021-924a9fd9de9b" testId="d03eb628-bf1f-c27d-aeef-e708d613d686" testName="all_persons_modal_can_may_negation" computerName="ARPAN-LAP" duration="00:00:00.0376039" startTime="2014-06-29T10:57:52.5898070+05:30" endTime="2014-06-29T10:57:52.6278092+05:30" testType="13cdc9d9-ddb5-4fa4-a97d-d965ccfc6d4b" outcome="Passed" testListId="8c84fa94-04c1-424b-9868-57a2d4851a1d" relativeResultsDirectory="1fc11ed8-5409-4732-b021-924a9fd9de9b" dataRowInfo="6" resultType="DataDrivenDataRow" />
        <UnitTestResult executionId="9f02dbc8-808a-4900-8926-9cf1c79a1158" parentExecutionId="1fc11ed8-5409-4732-b021-924a9fd9de9b" testId="d03eb628-bf1f-c27d-aeef-e708d613d686" testName="all_persons_modal_can_may_negation" computerName="ARPAN-LAP" duration="00:00:00.0450617" startTime="2014-06-29T10:57:52.6278092+05:30" endTime="2014-06-29T10:57:52.6728117+05:30" testType="13cdc9d9-ddb5-4fa4-a97d-d965ccfc6d4b" outcome="Passed" testListId="8c84fa94-04c1-424b-9868-57a2d4851a1d" relativeResultsDirectory="1fc11ed8-5409-4732-b021-924a9fd9de9b" dataRowInfo="7" resultType="DataDrivenDataRow" />
        <UnitTestResult executionId="6f363d6d-33ce-456b-8c4a-5c002ad30dc2" parentExecutionId="1fc11ed8-5409-4732-b021-924a9fd9de9b" testId="d03eb628-bf1f-c27d-aeef-e708d613d686" testName="all_persons_modal_can_may_negation" computerName="ARPAN-LAP" duration="00:00:00.0565760" startTime="2014-06-29T10:57:52.6728117+05:30" endTime="2014-06-29T10:57:52.7288149+05:30" testType="13cdc9d9-ddb5-4fa4-a97d-d965ccfc6d4b" outcome="Passed" testListId="8c84fa94-04c1-424b-9868-57a2d4851a1d" relativeResultsDirectory="1fc11ed8-5409-4732-b021-924a9fd9de9b" dataRowInfo="8" resultType="DataDrivenDataRow" />
        <UnitTestResult executionId="47f15e53-dfe2-4c36-af3d-c0c5ba5f4fe1" parentExecutionId="1fc11ed8-5409-4732-b021-924a9fd9de9b" testId="d03eb628-bf1f-c27d-aeef-e708d613d686" testName="all_persons_modal_can_may_negation" computerName="ARPAN-LAP" duration="00:00:00.0492418" startTime="2014-06-29T10:57:52.7288149+05:30" endTime="2014-06-29T10:57:52.7788178+05:30" testType="13cdc9d9-ddb5-4fa4-a97d-d965ccfc6d4b" outcome="Passed" testListId="8c84fa94-04c1-424b-9868-57a2d4851a1d" relativeResultsDirectory="1fc11ed8-5409-4732-b021-924a9fd9de9b" dataRowInfo="9" resultType="DataDrivenDataRow" />
        <UnitTestResult executionId="ce046d69-7e3e-41d5-b69c-d6192a40a21d" parentExecutionId="1fc11ed8-5409-4732-b021-924a9fd9de9b" testId="d03eb628-bf1f-c27d-aeef-e708d613d686" testName="all_persons_modal_can_may_negation" computerName="ARPAN-LAP" duration="00:00:00.0215661" startTime="2014-06-29T10:57:52.7788178+05:30" endTime="2014-06-29T10:57:52.7998190+05:30" testType="13cdc9d9-ddb5-4fa4-a97d-d965ccfc6d4b" outcome="Passed" testListId="8c84fa94-04c1-424b-9868-57a2d4851a1d" relativeResultsDirectory="1fc11ed8-5409-4732-b021-924a9fd9de9b" dataRowInfo="10" resultType="DataDrivenDataRow" />
        <UnitTestResult executionId="788c4fc7-3d86-478e-b2c3-def4b7a0ece6" parentExecutionId="1fc11ed8-5409-4732-b021-924a9fd9de9b" testId="d03eb628-bf1f-c27d-aeef-e708d613d686" testName="all_persons_modal_can_may_negation" computerName="ARPAN-LAP" duration="00:00:00.0218192" startTime="2014-06-29T10:57:52.7998190+05:30" endTime="2014-06-29T10:57:52.8218203+05:30" testType="13cdc9d9-ddb5-4fa4-a97d-d965ccfc6d4b" outcome="Passed" testListId="8c84fa94-04c1-424b-9868-57a2d4851a1d" relativeResultsDirectory="1fc11ed8-5409-4732-b021-924a9fd9de9b" dataRowInfo="11" resultType="DataDrivenDataRow" />
        <UnitTestResult executionId="54f08ae3-b4a5-478d-abdf-7c30423f83d8" parentExecutionId="1fc11ed8-5409-4732-b021-924a9fd9de9b" testId="d03eb628-bf1f-c27d-aeef-e708d613d686" testName="all_persons_modal_can_may_negation" computerName="ARPAN-LAP" duration="00:00:00.0315334" startTime="2014-06-29T10:57:52.8218203+05:30" endTime="2014-06-29T10:57:52.8538221+05:30" testType="13cdc9d9-ddb5-4fa4-a97d-d965ccfc6d4b" outcome="Passed" testListId="8c84fa94-04c1-424b-9868-57a2d4851a1d" relativeResultsDirectory="1fc11ed8-5409-4732-b021-924a9fd9de9b" dataRowInfo="12" resultType="DataDrivenDataRow" />
        <UnitTestResult executionId="e8ae5e44-a6e2-4822-85af-891838dc7c1c" parentExecutionId="1fc11ed8-5409-4732-b021-924a9fd9de9b" testId="d03eb628-bf1f-c27d-aeef-e708d613d686" testName="all_persons_modal_can_may_negation" computerName="ARPAN-LAP" duration="00:00:00.0301014" startTime="2014-06-29T10:57:52.8538221+05:30" endTime="2014-06-29T10:57:52.8838238+05:30" testType="13cdc9d9-ddb5-4fa4-a97d-d965ccfc6d4b" outcome="Passed" testListId="8c84fa94-04c1-424b-9868-57a2d4851a1d" relativeResultsDirectory="1fc11ed8-5409-4732-b021-924a9fd9de9b" dataRowInfo="13" resultType="DataDrivenDataRow" />
        <UnitTestResult executionId="7409f0a1-6c36-4676-98ed-b29080b95816" parentExecutionId="1fc11ed8-5409-4732-b021-924a9fd9de9b" testId="d03eb628-bf1f-c27d-aeef-e708d613d686" testName="all_persons_modal_can_may_negation" computerName="ARPAN-LAP" duration="00:00:00.0269401" startTime="2014-06-29T10:57:52.8838238+05:30" endTime="2014-06-29T10:57:52.9108254+05:30" testType="13cdc9d9-ddb5-4fa4-a97d-d965ccfc6d4b" outcome="Passed" testListId="8c84fa94-04c1-424b-9868-57a2d4851a1d" relativeResultsDirectory="1fc11ed8-5409-4732-b021-924a9fd9de9b" dataRowInfo="14" resultType="DataDrivenDataRow" />
        <UnitTestResult executionId="cebeb9e1-7728-473e-8678-f3fc68ebcd28" parentExecutionId="1fc11ed8-5409-4732-b021-924a9fd9de9b" testId="d03eb628-bf1f-c27d-aeef-e708d613d686" testName="all_persons_modal_can_may_negation" computerName="ARPAN-LAP" duration="00:00:00.0266137" startTime="2014-06-29T10:57:52.9108254+05:30" endTime="2014-06-29T10:57:52.9378269+05:30" testType="13cdc9d9-ddb5-4fa4-a97d-d965ccfc6d4b" outcome="Passed" testListId="8c84fa94-04c1-424b-9868-57a2d4851a1d" relativeResultsDirectory="1fc11ed8-5409-4732-b021-924a9fd9de9b" dataRowInfo="15" resultType="DataDrivenDataRow" />
        <UnitTestResult executionId="b22afbfc-b021-46f8-86f3-3886ddc4782b" parentExecutionId="1fc11ed8-5409-4732-b021-924a9fd9de9b" testId="d03eb628-bf1f-c27d-aeef-e708d613d686" testName="all_persons_modal_can_may_negation" computerName="ARPAN-LAP" duration="00:00:00.0222298" startTime="2014-06-29T10:57:52.9378269+05:30" endTime="2014-06-29T10:57:52.9598282+05:30" testType="13cdc9d9-ddb5-4fa4-a97d-d965ccfc6d4b" outcome="Passed" testListId="8c84fa94-04c1-424b-9868-57a2d4851a1d" relativeResultsDirectory="1fc11ed8-5409-4732-b021-924a9fd9de9b" dataRowInfo="16" resultType="DataDrivenDataRow" />
        <UnitTestResult executionId="30bfb55f-73a8-4c31-a5f0-958a2c17cd47" parentExecutionId="1fc11ed8-5409-4732-b021-924a9fd9de9b" testId="d03eb628-bf1f-c27d-aeef-e708d613d686" testName="all_persons_modal_can_may_negation" computerName="ARPAN-LAP" duration="00:00:00.0201741" startTime="2014-06-29T10:57:52.9598282+05:30" endTime="2014-06-29T10:57:52.9798293+05:30" testType="13cdc9d9-ddb5-4fa4-a97d-d965ccfc6d4b" outcome="Passed" testListId="8c84fa94-04c1-424b-9868-57a2d4851a1d" relativeResultsDirectory="1fc11ed8-5409-4732-b021-924a9fd9de9b" dataRowInfo="17" resultType="DataDrivenDataRow" />
        <UnitTestResult executionId="b1094674-f48c-4d4a-9e34-f8352cfb132b" parentExecutionId="1fc11ed8-5409-4732-b021-924a9fd9de9b" testId="d03eb628-bf1f-c27d-aeef-e708d613d686" testName="all_persons_modal_can_may_negation" computerName="ARPAN-LAP" duration="00:00:00.0218479" startTime="2014-06-29T10:57:52.9798293+05:30" endTime="2014-06-29T10:57:53.0018306+05:30" testType="13cdc9d9-ddb5-4fa4-a97d-d965ccfc6d4b" outcome="Passed" testListId="8c84fa94-04c1-424b-9868-57a2d4851a1d" relativeResultsDirectory="1fc11ed8-5409-4732-b021-924a9fd9de9b" dataRowInfo="18" resultType="DataDrivenDataRow" />
        <UnitTestResult executionId="80b85ae2-78df-4a96-89bd-5304a1eaee94" parentExecutionId="1fc11ed8-5409-4732-b021-924a9fd9de9b" testId="d03eb628-bf1f-c27d-aeef-e708d613d686" testName="all_persons_modal_can_may_negation" computerName="ARPAN-LAP" duration="00:00:00.0202511" startTime="2014-06-29T10:57:53.0018306+05:30" endTime="2014-06-29T10:57:53.0218317+05:30" testType="13cdc9d9-ddb5-4fa4-a97d-d965ccfc6d4b" outcome="Passed" testListId="8c84fa94-04c1-424b-9868-57a2d4851a1d" relativeResultsDirectory="1fc11ed8-5409-4732-b021-924a9fd9de9b" dataRowInfo="19" resultType="DataDrivenDataRow" />
        <UnitTestResult executionId="8c784d62-c8f4-4a39-9f4f-b28065fd4526" parentExecutionId="1fc11ed8-5409-4732-b021-924a9fd9de9b" testId="d03eb628-bf1f-c27d-aeef-e708d613d686" testName="all_persons_modal_can_may_negation" computerName="ARPAN-LAP" duration="00:00:00.0212007" startTime="2014-06-29T10:57:53.0218317+05:30" endTime="2014-06-29T10:57:53.0428329+05:30" testType="13cdc9d9-ddb5-4fa4-a97d-d965ccfc6d4b" outcome="Passed" testListId="8c84fa94-04c1-424b-9868-57a2d4851a1d" relativeResultsDirectory="1fc11ed8-5409-4732-b021-924a9fd9de9b" dataRowInfo="20" resultType="DataDrivenDataRow" />
        <UnitTestResult executionId="60a2a536-7130-4b90-8504-0eca007fd92c" parentExecutionId="1fc11ed8-5409-4732-b021-924a9fd9de9b" testId="d03eb628-bf1f-c27d-aeef-e708d613d686" testName="all_persons_modal_can_may_negation" computerName="ARPAN-LAP" duration="00:00:00.0272383" startTime="2014-06-29T10:57:53.0438330+05:30" endTime="2014-06-29T10:57:53.0708345+05:30" testType="13cdc9d9-ddb5-4fa4-a97d-d965ccfc6d4b" outcome="Passed" testListId="8c84fa94-04c1-424b-9868-57a2d4851a1d" relativeResultsDirectory="1fc11ed8-5409-4732-b021-924a9fd9de9b" dataRowInfo="21" resultType="DataDrivenDataRow" />
        <UnitTestResult executionId="ff0c4f40-d437-4b95-b4fa-dfa3215c9806" parentExecutionId="1fc11ed8-5409-4732-b021-924a9fd9de9b" testId="d03eb628-bf1f-c27d-aeef-e708d613d686" testName="all_persons_modal_can_may_negation" computerName="ARPAN-LAP" duration="00:00:00.0298735" startTime="2014-06-29T10:57:53.0708345+05:30" endTime="2014-06-29T10:57:53.1008362+05:30" testType="13cdc9d9-ddb5-4fa4-a97d-d965ccfc6d4b" outcome="Passed" testListId="8c84fa94-04c1-424b-9868-57a2d4851a1d" relativeResultsDirectory="1fc11ed8-5409-4732-b021-924a9fd9de9b" dataRowInfo="22" resultType="DataDrivenDataRow" />
        <UnitTestResult executionId="c025f0b6-cec9-4add-96a6-7a23ba5a23b7" parentExecutionId="1fc11ed8-5409-4732-b021-924a9fd9de9b" testId="d03eb628-bf1f-c27d-aeef-e708d613d686" testName="all_persons_modal_can_may_negation" computerName="ARPAN-LAP" duration="00:00:00.0245714" startTime="2014-06-29T10:57:53.1008362+05:30" endTime="2014-06-29T10:57:53.1248376+05:30" testType="13cdc9d9-ddb5-4fa4-a97d-d965ccfc6d4b" outcome="Passed" testListId="8c84fa94-04c1-424b-9868-57a2d4851a1d" relativeResultsDirectory="1fc11ed8-5409-4732-b021-924a9fd9de9b" dataRowInfo="23" resultType="DataDrivenDataRow" />
      </InnerResults>
    </UnitTestResult>
    <UnitTestResult executionId="c6bb1cdd-9fca-4d43-a3fa-b3ceb49a5c82" testId="d766a059-d96c-7b47-e6a6-34931760df96" testName="all_persons_tenses_passive" computerName="ARPAN-LAP" duration="00:00:00.5366890" startTime="2014-06-29T10:57:53.4498562+05:30" endTime="2014-06-29T10:57:54.0598911+05:30" testType="13cdc9d9-ddb5-4fa4-a97d-d965ccfc6d4b" outcome="Passed" testListId="8c84fa94-04c1-424b-9868-57a2d4851a1d" relativeResultsDirectory="c6bb1cdd-9fca-4d43-a3fa-b3ceb49a5c82" resultType="DataDrivenTest">
      <Counters error="0" failed="0" timeout="0" aborted="0" inconclusive="0" passedButRunAborted="0" notRunnable="0" notExecuted="0" disconnected="0" warning="0" passed="10" completed="0" inProgress="0" pending="0" />
      <InnerResults>
        <UnitTestResult executionId="28a9f1c7-246b-4b38-9cfe-2c62e190b754" parentExecutionId="c6bb1cdd-9fca-4d43-a3fa-b3ceb49a5c82" testId="d766a059-d96c-7b47-e6a6-34931760df96" testName="all_persons_tenses_passive" computerName="ARPAN-LAP" duration="00:00:00.1637017" startTime="2014-06-29T10:57:53.5668629+05:30" endTime="2014-06-29T10:57:53.7298722+05:30" testType="13cdc9d9-ddb5-4fa4-a97d-d965ccfc6d4b" outcome="Passed" testListId="8c84fa94-04c1-424b-9868-57a2d4851a1d" relativeResultsDirectory="c6bb1cdd-9fca-4d43-a3fa-b3ceb49a5c82" dataRowInfo="0" resultType="DataDrivenDataRow" />
        <UnitTestResult executionId="1b642736-5cff-4923-9071-a07ef06f2979" parentExecutionId="c6bb1cdd-9fca-4d43-a3fa-b3ceb49a5c82" testId="d766a059-d96c-7b47-e6a6-34931760df96" testName="all_persons_tenses_passive" computerName="ARPAN-LAP" duration="00:00:00.0369222" startTime="2014-06-29T10:57:53.7298722+05:30" endTime="2014-06-29T10:57:53.7668743+05:30" testType="13cdc9d9-ddb5-4fa4-a97d-d965ccfc6d4b" outcome="Passed" testListId="8c84fa94-04c1-424b-9868-57a2d4851a1d" relativeResultsDirectory="c6bb1cdd-9fca-4d43-a3fa-b3ceb49a5c82" dataRowInfo="1" resultType="DataDrivenDataRow" />
        <UnitTestResult executionId="62095717-0c04-4344-b5f7-630c7a582d04" parentExecutionId="c6bb1cdd-9fca-4d43-a3fa-b3ceb49a5c82" testId="d766a059-d96c-7b47-e6a6-34931760df96" testName="all_persons_tenses_passive" computerName="ARPAN-LAP" duration="00:00:00.0510408" startTime="2014-06-29T10:57:53.7668743+05:30" endTime="2014-06-29T10:57:53.8178772+05:30" testType="13cdc9d9-ddb5-4fa4-a97d-d965ccfc6d4b" outcome="Passed" testListId="8c84fa94-04c1-424b-9868-57a2d4851a1d" relativeResultsDirectory="c6bb1cdd-9fca-4d43-a3fa-b3ceb49a5c82" dataRowInfo="2" resultType="DataDrivenDataRow" />
        <UnitTestResult executionId="e6902d60-7198-494a-a734-aa7da1fecca9" parentExecutionId="c6bb1cdd-9fca-4d43-a3fa-b3ceb49a5c82" testId="d766a059-d96c-7b47-e6a6-34931760df96" testName="all_persons_tenses_passive" computerName="ARPAN-LAP" duration="00:00:00.0330198" startTime="2014-06-29T10:57:53.8188773+05:30" endTime="2014-06-29T10:57:53.8518792+05:30" testType="13cdc9d9-ddb5-4fa4-a97d-d965ccfc6d4b" outcome="Passed" testListId="8c84fa94-04c1-424b-9868-57a2d4851a1d" relativeResultsDirectory="c6bb1cdd-9fca-4d43-a3fa-b3ceb49a5c82" dataRowInfo="3" resultType="DataDrivenDataRow" />
        <UnitTestResult executionId="75101440-62bc-48a8-bad9-0ede301c3d1a" parentExecutionId="c6bb1cdd-9fca-4d43-a3fa-b3ceb49a5c82" testId="d766a059-d96c-7b47-e6a6-34931760df96" testName="all_persons_tenses_passive" computerName="ARPAN-LAP" duration="00:00:00.0204067" startTime="2014-06-29T10:57:53.8518792+05:30" endTime="2014-06-29T10:57:53.8718803+05:30" testType="13cdc9d9-ddb5-4fa4-a97d-d965ccfc6d4b" outcome="Passed" testListId="8c84fa94-04c1-424b-9868-57a2d4851a1d" relativeResultsDirectory="c6bb1cdd-9fca-4d43-a3fa-b3ceb49a5c82" dataRowInfo="4" resultType="DataDrivenDataRow" />
        <UnitTestResult executionId="a2dc8def-a7ef-4aa2-866f-6e105cb0bf9a" parentExecutionId="c6bb1cdd-9fca-4d43-a3fa-b3ceb49a5c82" testId="d766a059-d96c-7b47-e6a6-34931760df96" testName="all_persons_tenses_passive" computerName="ARPAN-LAP" duration="00:00:00.0263545" startTime="2014-06-29T10:57:53.8718803+05:30" endTime="2014-06-29T10:57:53.8978818+05:30" testType="13cdc9d9-ddb5-4fa4-a97d-d965ccfc6d4b" outcome="Passed" testListId="8c84fa94-04c1-424b-9868-57a2d4851a1d" relativeResultsDirectory="c6bb1cdd-9fca-4d43-a3fa-b3ceb49a5c82" dataRowInfo="5" resultType="DataDrivenDataRow" />
        <UnitTestResult executionId="a8bc5f08-6893-44e3-817e-ab6646a4ddcb" parentExecutionId="c6bb1cdd-9fca-4d43-a3fa-b3ceb49a5c82" testId="d766a059-d96c-7b47-e6a6-34931760df96" testName="all_persons_tenses_passive" computerName="ARPAN-LAP" duration="00:00:00.0285656" startTime="2014-06-29T10:57:53.8978818+05:30" endTime="2014-06-29T10:57:53.9268835+05:30" testType="13cdc9d9-ddb5-4fa4-a97d-d965ccfc6d4b" outcome="Passed" testListId="8c84fa94-04c1-424b-9868-57a2d4851a1d" relativeResultsDirectory="c6bb1cdd-9fca-4d43-a3fa-b3ceb49a5c82" dataRowInfo="6" resultType="DataDrivenDataRow" />
        <UnitTestResult executionId="241d1cc3-acec-4a0f-aba5-c4a305773c28" parentExecutionId="c6bb1cdd-9fca-4d43-a3fa-b3ceb49a5c82" testId="d766a059-d96c-7b47-e6a6-34931760df96" testName="all_persons_tenses_passive" computerName="ARPAN-LAP" duration="00:00:00.0414847" startTime="2014-06-29T10:57:53.9268835+05:30" endTime="2014-06-29T10:57:53.9688859+05:30" testType="13cdc9d9-ddb5-4fa4-a97d-d965ccfc6d4b" outcome="Passed" testListId="8c84fa94-04c1-424b-9868-57a2d4851a1d" relativeResultsDirectory="c6bb1cdd-9fca-4d43-a3fa-b3ceb49a5c82" dataRowInfo="7" resultType="DataDrivenDataRow" />
        <UnitTestResult executionId="792cbacd-046b-40d0-90f4-e506e16f4ce1" parentExecutionId="c6bb1cdd-9fca-4d43-a3fa-b3ceb49a5c82" testId="d766a059-d96c-7b47-e6a6-34931760df96" testName="all_persons_tenses_passive" computerName="ARPAN-LAP" duration="00:00:00.0319774" startTime="2014-06-29T10:57:53.9688859+05:30" endTime="2014-06-29T10:57:54.0008877+05:30" testType="13cdc9d9-ddb5-4fa4-a97d-d965ccfc6d4b" outcome="Passed" testListId="8c84fa94-04c1-424b-9868-57a2d4851a1d" relativeResultsDirectory="c6bb1cdd-9fca-4d43-a3fa-b3ceb49a5c82" dataRowInfo="8" resultType="DataDrivenDataRow" />
        <UnitTestResult executionId="a6246ef2-4668-44c4-8588-d31843018042" parentExecutionId="c6bb1cdd-9fca-4d43-a3fa-b3ceb49a5c82" testId="d766a059-d96c-7b47-e6a6-34931760df96" testName="all_persons_tenses_passive" computerName="ARPAN-LAP" duration="00:00:00.0299017" startTime="2014-06-29T10:57:54.0008877+05:30" endTime="2014-06-29T10:57:54.0308894+05:30" testType="13cdc9d9-ddb5-4fa4-a97d-d965ccfc6d4b" outcome="Passed" testListId="8c84fa94-04c1-424b-9868-57a2d4851a1d" relativeResultsDirectory="c6bb1cdd-9fca-4d43-a3fa-b3ceb49a5c82" dataRowInfo="9" resultType="DataDrivenDataRow" />
      </InnerResults>
    </UnitTestResult>
    <UnitTestResult executionId="64fa3a81-de06-4b1d-bccd-4d27b39535a0" testId="fe3e63ab-391c-e168-48d0-431b85a7b898" testName="third_person_tenses_active_negation" computerName="ARPAN-LAP" duration="00:00:00.3012419" startTime="2014-06-29T10:57:54.0618912+05:30" endTime="2014-06-29T10:57:54.4449131+05:30" testType="13cdc9d9-ddb5-4fa4-a97d-d965ccfc6d4b" outcome="Passed" testListId="8c84fa94-04c1-424b-9868-57a2d4851a1d" relativeResultsDirectory="64fa3a81-de06-4b1d-bccd-4d27b39535a0" resultType="DataDrivenTest">
      <Counters error="0" failed="0" timeout="0" aborted="0" inconclusive="0" passedButRunAborted="0" notRunnable="0" notExecuted="0" disconnected="0" warning="0" passed="10" completed="0" inProgress="0" pending="0" />
      <InnerResults>
        <UnitTestResult executionId="00e46119-d555-400a-ad4d-c0c8372b2165" parentExecutionId="64fa3a81-de06-4b1d-bccd-4d27b39535a0" testId="fe3e63ab-391c-e168-48d0-431b85a7b898" testName="third_person_tenses_active_negation" computerName="ARPAN-LAP" duration="00:00:00.0381777" startTime="2014-06-29T10:57:54.1098939+05:30" endTime="2014-06-29T10:57:54.1478961+05:30" testType="13cdc9d9-ddb5-4fa4-a97d-d965ccfc6d4b" outcome="Passed" testListId="8c84fa94-04c1-424b-9868-57a2d4851a1d" relativeResultsDirectory="64fa3a81-de06-4b1d-bccd-4d27b39535a0" dataRowInfo="0" resultType="DataDrivenDataRow" />
        <UnitTestResult executionId="e265f35e-ef12-47a0-a576-f04e72a45d1e" parentExecutionId="64fa3a81-de06-4b1d-bccd-4d27b39535a0" testId="fe3e63ab-391c-e168-48d0-431b85a7b898" testName="third_person_tenses_active_negation" computerName="ARPAN-LAP" duration="00:00:00.0240355" startTime="2014-06-29T10:57:54.1478961+05:30" endTime="2014-06-29T10:57:54.1718975+05:30" testType="13cdc9d9-ddb5-4fa4-a97d-d965ccfc6d4b" outcome="Passed" testListId="8c84fa94-04c1-424b-9868-57a2d4851a1d" relativeResultsDirectory="64fa3a81-de06-4b1d-bccd-4d27b39535a0" dataRowInfo="1" resultType="DataDrivenDataRow" />
        <UnitTestResult executionId="4b4fc07a-87b0-4552-b1de-61e5bb11331e" parentExecutionId="64fa3a81-de06-4b1d-bccd-4d27b39535a0" testId="fe3e63ab-391c-e168-48d0-431b85a7b898" testName="third_person_tenses_active_negation" computerName="ARPAN-LAP" duration="00:00:00.0228652" startTime="2014-06-29T10:57:54.1718975+05:30" endTime="2014-06-29T10:57:54.1948988+05:30" testType="13cdc9d9-ddb5-4fa4-a97d-d965ccfc6d4b" outcome="Passed" testListId="8c84fa94-04c1-424b-9868-57a2d4851a1d" relativeResultsDirectory="64fa3a81-de06-4b1d-bccd-4d27b39535a0" dataRowInfo="2" resultType="DataDrivenDataRow" />
        <UnitTestResult executionId="83ece4c8-1ac7-4e1e-9537-1e4f6dc67d5d" parentExecutionId="64fa3a81-de06-4b1d-bccd-4d27b39535a0" testId="fe3e63ab-391c-e168-48d0-431b85a7b898" testName="third_person_tenses_active_negation" computerName="ARPAN-LAP" duration="00:00:00.0266409" startTime="2014-06-29T10:57:54.1948988+05:30" endTime="2014-06-29T10:57:54.2219003+05:30" testType="13cdc9d9-ddb5-4fa4-a97d-d965ccfc6d4b" outcome="Passed" testListId="8c84fa94-04c1-424b-9868-57a2d4851a1d" relativeResultsDirectory="64fa3a81-de06-4b1d-bccd-4d27b39535a0" dataRowInfo="3" resultType="DataDrivenDataRow" />
        <UnitTestResult executionId="1cbec127-09f6-474b-af74-aa4b363bfa5e" parentExecutionId="64fa3a81-de06-4b1d-bccd-4d27b39535a0" testId="fe3e63ab-391c-e168-48d0-431b85a7b898" testName="third_person_tenses_active_negation" computerName="ARPAN-LAP" duration="00:00:00.0188632" startTime="2014-06-29T10:57:54.2219003+05:30" endTime="2014-06-29T10:57:54.2409014+05:30" testType="13cdc9d9-ddb5-4fa4-a97d-d965ccfc6d4b" outcome="Passed" testListId="8c84fa94-04c1-424b-9868-57a2d4851a1d" relativeResultsDirectory="64fa3a81-de06-4b1d-bccd-4d27b39535a0" dataRowInfo="4" resultType="DataDrivenDataRow" />
        <UnitTestResult executionId="62dc4641-a793-462d-bbbd-8b99f6f14f39" parentExecutionId="64fa3a81-de06-4b1d-bccd-4d27b39535a0" testId="fe3e63ab-391c-e168-48d0-431b85a7b898" testName="third_person_tenses_active_negation" computerName="ARPAN-LAP" duration="00:00:00.0228062" startTime="2014-06-29T10:57:54.2409014+05:30" endTime="2014-06-29T10:57:54.2639027+05:30" testType="13cdc9d9-ddb5-4fa4-a97d-d965ccfc6d4b" outcome="Passed" testListId="8c84fa94-04c1-424b-9868-57a2d4851a1d" relativeResultsDirectory="64fa3a81-de06-4b1d-bccd-4d27b39535a0" dataRowInfo="5" resultType="DataDrivenDataRow" />
        <UnitTestResult executionId="664eddb4-fc72-4f6a-91ae-66c578170c71" parentExecutionId="64fa3a81-de06-4b1d-bccd-4d27b39535a0" testId="fe3e63ab-391c-e168-48d0-431b85a7b898" testName="third_person_tenses_active_negation" computerName="ARPAN-LAP" duration="00:00:00.0245395" startTime="2014-06-29T10:57:54.2639027+05:30" endTime="2014-06-29T10:57:54.2879041+05:30" testType="13cdc9d9-ddb5-4fa4-a97d-d965ccfc6d4b" outcome="Passed" testListId="8c84fa94-04c1-424b-9868-57a2d4851a1d" relativeResultsDirectory="64fa3a81-de06-4b1d-bccd-4d27b39535a0" dataRowInfo="6" resultType="DataDrivenDataRow" />
        <UnitTestResult executionId="69d3e9ac-eafb-4b0f-bc7b-0b05fc16fcee" parentExecutionId="64fa3a81-de06-4b1d-bccd-4d27b39535a0" testId="fe3e63ab-391c-e168-48d0-431b85a7b898" testName="third_person_tenses_active_negation" computerName="ARPAN-LAP" duration="00:00:00.0272691" startTime="2014-06-29T10:57:54.2879041+05:30" endTime="2014-06-29T10:57:54.3149057+05:30" testType="13cdc9d9-ddb5-4fa4-a97d-d965ccfc6d4b" outcome="Passed" testListId="8c84fa94-04c1-424b-9868-57a2d4851a1d" relativeResultsDirectory="64fa3a81-de06-4b1d-bccd-4d27b39535a0" dataRowInfo="7" resultType="DataDrivenDataRow" />
        <UnitTestResult executionId="ecd6e841-1dea-4417-80be-91a01bb027ce" parentExecutionId="64fa3a81-de06-4b1d-bccd-4d27b39535a0" testId="fe3e63ab-391c-e168-48d0-431b85a7b898" testName="third_person_tenses_active_negation" computerName="ARPAN-LAP" duration="00:00:00.0229879" startTime="2014-06-29T10:57:54.3149057+05:30" endTime="2014-06-29T10:57:54.3379070+05:30" testType="13cdc9d9-ddb5-4fa4-a97d-d965ccfc6d4b" outcome="Passed" testListId="8c84fa94-04c1-424b-9868-57a2d4851a1d" relativeResultsDirectory="64fa3a81-de06-4b1d-bccd-4d27b39535a0" dataRowInfo="8" resultType="DataDrivenDataRow" />
        <UnitTestResult executionId="eff77bb1-546f-4ea5-89fa-525a63204b6b" parentExecutionId="64fa3a81-de06-4b1d-bccd-4d27b39535a0" testId="fe3e63ab-391c-e168-48d0-431b85a7b898" testName="third_person_tenses_active_negation" computerName="ARPAN-LAP" duration="00:00:00.0396195" startTime="2014-06-29T10:57:54.3389070+05:30" endTime="2014-06-29T10:57:54.3779093+05:30" testType="13cdc9d9-ddb5-4fa4-a97d-d965ccfc6d4b" outcome="Passed" testListId="8c84fa94-04c1-424b-9868-57a2d4851a1d" relativeResultsDirectory="64fa3a81-de06-4b1d-bccd-4d27b39535a0" dataRowInfo="9" resultType="DataDrivenDataRow" />
      </InnerResults>
    </UnitTestResult>
  </Results>
</TestRun>