<?xml version="1.0" encoding="UTF-8"?>
<TestRun id="684f9597-e841-4ce7-8632-ffba1602b1de" name="Arghya@ARPAN-LAP 2014-06-29 10:30:46" runUser="ARPAN-LAP\Arghya" xmlns="http://microsoft.com/schemas/VisualStudio/TeamTest/2010">
  <TestSettings name="Default Test Settings" id="12637ed6-2f88-4b56-b1af-e07a4e054ca4">
    <Deployment userDeploymentRoot="D:\software\Project\BNLP\TestResults" useDefaultDeploymentRoot="false" runDeploymentRoot="Arghya_ARPAN-LAP 2014-06-29 10_30_46" />
    <Execution>
      <TestTypeSpecific />
      <AgentRule name="Execution Agents">
      </AgentRule>
    </Execution>
  </TestSettings>
  <Times creation="2014-06-29T10:30:46.7198126+05:30" queuing="2014-06-29T10:30:48.0648895+05:30" start="2014-06-29T10:30:49.7389852+05:30" finish="2014-06-29T10:31:23.9599426+05:30" />
  <ResultSummary outcome="Failed">
    <Counters total="309" executed="309" passed="300" error="0" failed="9" timeout="0" aborted="0" inconclusive="0" passedButRunAborted="0" notRunnable="0" notExecuted="0" disconnected="0" warning="0" completed="0" inProgress="0" pending="0" />
    <RunInfos>
      <RunInfo computerName="ARPAN-LAP" outcome="Warning" timestamp="2014-06-29T10:30:47.9018802+05:30">
        <Text>Warning: Test Run deployment issue: Failed to get the file for deployment item '..\UnitTest\TestCases\wikipedia.xml' specified by the test 'UnitTest.BnlpTest.RandomWord': System.IO.DirectoryNotFoundException: Could not find a part of the path 'D:\software\Project\UnitTest\TestCases\wikipedia.xml'.</Text>
        <Exception>System.IO.DirectoryNotFoundException: Could not find a part of the path 'D:\software\Project\UnitTest\TestCases\wikipedia.xml'.
   at System.IO.__Error.WinIOError(Int32 errorCode, String maybeFullPath)
   at System.IO.File.GetAttributes(String path)
   at Microsoft.VisualStudio.TestTools.Common.SingleFileProvider.GetFilePaths()
   at Microsoft.VisualStudio.TestTools.TestManagement.DeploymentCoverageItem.GetFiles(TestRunConfiguration runConfig)
   at Microsoft.VisualStudio.TestTools.TestManagement.DeploymentManager.DoDeployment(TestRun run, FileCopyService fileCopyService)</Exception>
      </RunInfo>
      <RunInfo computerName="ARPAN-LAP" outcome="Warning" timestamp="2014-06-29T10:30:47.9028802+05:30">
        <Text>Warning: Test Run deployment issue: Failed to get the file for deployment item '..\UnitTest\TestCases\interrogative_sentences_who.xml' specified by the test 'UnitTest.BnlpTest.interrogative_sentences_who': System.IO.DirectoryNotFoundException: Could not find a part of the path 'D:\software\Project\UnitTest\TestCases\interrogative_sentences_who.xml'.</Text>
        <Exception>System.IO.DirectoryNotFoundException: Could not find a part of the path 'D:\software\Project\UnitTest\TestCases\interrogative_sentences_who.xml'.
   at System.IO.__Error.WinIOError(Int32 errorCode, String maybeFullPath)
   at System.IO.File.GetAttributes(String path)
   at Microsoft.VisualStudio.TestTools.Common.SingleFileProvider.GetFilePaths()
   at Microsoft.VisualStudio.TestTools.TestManagement.DeploymentCoverageItem.GetFiles(TestRunConfiguration runConfig)
   at Microsoft.VisualStudio.TestTools.TestManagement.DeploymentManager.DoDeployment(TestRun run, FileCopyService fileCopyService)</Exception>
      </RunInfo>
      <RunInfo computerName="ARPAN-LAP" outcome="Warning" timestamp="2014-06-29T10:30:47.9038803+05:30">
        <Text>Warning: Test Run deployment issue: Failed to get the file for deployment item '..\UnitTest\TestCases\special_handling_do_verb.xml' specified by the test 'UnitTest.BnlpTest.special_handling_do_verb': System.IO.DirectoryNotFoundException: Could not find a part of the path 'D:\software\Project\UnitTest\TestCases\special_handling_do_verb.xml'.</Text>
        <Exception>System.IO.DirectoryNotFoundException: Could not find a part of the path 'D:\software\Project\UnitTest\TestCases\special_handling_do_verb.xml'.
   at System.IO.__Error.WinIOError(Int32 errorCode, String maybeFullPath)
   at System.IO.File.GetAttributes(String path)
   at Microsoft.VisualStudio.TestTools.Common.SingleFileProvider.GetFilePaths()
   at Microsoft.VisualStudio.TestTools.TestManagement.DeploymentCoverageItem.GetFiles(TestRunConfiguration runConfig)
   at Microsoft.VisualStudio.TestTools.TestManagement.DeploymentManager.DoDeployment(TestRun run, FileCopyService fileCopyService)</Exception>
      </RunInfo>
      <RunInfo computerName="ARPAN-LAP" outcome="Warning" timestamp="2014-06-29T10:30:47.9058804+05:30">
        <Text>Warning: Test Run deployment issue: Failed to get the file for deployment item '..\UnitTest\TestCases\interrogative_sentences_which.xml' specified by the test 'UnitTest.BnlpTest.interrogative_sentences_which': System.IO.DirectoryNotFoundException: Could not find a part of the path 'D:\software\Project\UnitTest\TestCases\interrogative_sentences_which.xml'.</Text>
        <Exception>System.IO.DirectoryNotFoundException: Could not find a part of the path 'D:\software\Project\UnitTest\TestCases\interrogative_sentences_which.xml'.
   at System.IO.__Error.WinIOError(Int32 errorCode, String maybeFullPath)
   at System.IO.File.GetAttributes(String path)
   at Microsoft.VisualStudio.TestTools.Common.SingleFileProvider.GetFilePaths()
   at Microsoft.VisualStudio.TestTools.TestManagement.DeploymentCoverageItem.GetFiles(TestRunConfiguration runConfig)
   at Microsoft.VisualStudio.TestTools.TestManagement.DeploymentManager.DoDeployment(TestRun run, FileCopyService fileCopyService)</Exception>
      </RunInfo>
      <RunInfo computerName="ARPAN-LAP" outcome="Warning" timestamp="2014-06-29T10:30:47.9068804+05:30">
        <Text>Warning: Test Run deployment issue: Failed to get the file for deployment item '..\UnitTest\TestCases\all_persons_modal_should.xml' specified by the test 'UnitTest.BnlpTest.all_persons_modal_should': System.IO.DirectoryNotFoundException: Could not find a part of the path 'D:\software\Project\UnitTest\TestCases\all_persons_modal_should.xml'.</Text>
        <Exception>System.IO.DirectoryNotFoundException: Could not find a part of the path 'D:\software\Project\UnitTest\TestCases\all_persons_modal_should.xml'.
   at System.IO.__Error.WinIOError(Int32 errorCode, String maybeFullPath)
   at System.IO.File.GetAttributes(String path)
   at Microsoft.VisualStudio.TestTools.Common.SingleFileProvider.GetFilePaths()
   at Microsoft.VisualStudio.TestTools.TestManagement.DeploymentCoverageItem.GetFiles(TestRunConfiguration runConfig)
   at Microsoft.VisualStudio.TestTools.TestManagement.DeploymentManager.DoDeployment(TestRun run, FileCopyService fileCopyService)</Exception>
      </RunInfo>
      <RunInfo computerName="ARPAN-LAP" outcome="Warning" timestamp="2014-06-29T10:30:47.9078805+05:30">
        <Text>Warning: Test Run deployment issue: Failed to get the file for deployment item '..\UnitTest\TestCases\third_person_tenses_active.xml' specified by the test 'UnitTest.BnlpTest.third_person_tenses_active': System.IO.DirectoryNotFoundException: Could not find a part of the path 'D:\software\Project\UnitTest\TestCases\third_person_tenses_active.xml'.</Text>
        <Exception>System.IO.DirectoryNotFoundException: Could not find a part of the path 'D:\software\Project\UnitTest\TestCases\third_person_tenses_active.xml'.
   at System.IO.__Error.WinIOError(Int32 errorCode, String maybeFullPath)
   at System.IO.File.GetAttributes(String path)
   at Microsoft.VisualStudio.TestTools.Common.SingleFileProvider.GetFilePaths()
   at Microsoft.VisualStudio.TestTools.TestManagement.DeploymentCoverageItem.GetFiles(TestRunConfiguration runConfig)
   at Microsoft.VisualStudio.TestTools.TestManagement.DeploymentManager.DoDeployment(TestRun run, FileCopyService fileCopyService)</Exception>
      </RunInfo>
      <RunInfo computerName="ARPAN-LAP" outcome="Warning" timestamp="2014-06-29T10:30:47.9088806+05:30">
        <Text>Warning: Test Run deployment issue: Failed to get the file for deployment item '..\UnitTest\TestCases\all_persons_tenses_passive.xml' specified by the test 'UnitTest.BnlpTest.all_persons_tenses_passive': System.IO.DirectoryNotFoundException: Could not find a part of the path 'D:\software\Project\UnitTest\TestCases\all_persons_tenses_passive.xml'.</Text>
        <Exception>System.IO.DirectoryNotFoundException: Could not find a part of the path 'D:\software\Project\UnitTest\TestCases\all_persons_tenses_passive.xml'.
   at System.IO.__Error.WinIOError(Int32 errorCode, String maybeFullPath)
   at System.IO.File.GetAttributes(String path)
   at Microsoft.VisualStudio.TestTools.Common.SingleFileProvider.GetFilePaths()
   at Microsoft.VisualStudio.TestTools.TestManagement.DeploymentCoverageItem.GetFiles(TestRunConfiguration runConfig)
   at Microsoft.VisualStudio.TestTools.TestManagement.DeploymentManager.DoDeployment(TestRun run, FileCopyService fileCopyService)</Exception>
      </RunInfo>
      <RunInfo computerName="ARPAN-LAP" outcome="Warning" timestamp="2014-06-29T10:30:47.9088806+05:30">
        <Text>Warning: Test Run deployment issue: Failed to get the file for deployment item '..\UnitTest\TestCases\interrogative_sentences_aux.xml' specified by the test 'UnitTest.BnlpTest.interrogative_sentences_aux': System.IO.DirectoryNotFoundException: Could not find a part of the path 'D:\software\Project\UnitTest\TestCases\interrogative_sentences_aux.xml'.</Text>
        <Exception>System.IO.DirectoryNotFoundException: Could not find a part of the path 'D:\software\Project\UnitTest\TestCases\interrogative_sentences_aux.xml'.
   at System.IO.__Error.WinIOError(Int32 errorCode, String maybeFullPath)
   at System.IO.File.GetAttributes(String path)
   at Microsoft.VisualStudio.TestTools.Common.SingleFileProvider.GetFilePaths()
   at Microsoft.VisualStudio.TestTools.TestManagement.DeploymentCoverageItem.GetFiles(TestRunConfiguration runConfig)
   at Microsoft.VisualStudio.TestTools.TestManagement.DeploymentManager.DoDeployment(TestRun run, FileCopyService fileCopyService)</Exception>
      </RunInfo>
      <RunInfo computerName="ARPAN-LAP" outcome="Warning" timestamp="2014-06-29T10:30:47.9108807+05:30">
        <Text>Warning: Test Run deployment issue: Failed to get the file for deployment item '..\UnitTest\TestCases\second_person_tenses_active_negation.xml' specified by the test 'UnitTest.BnlpTest.second_person_tenses_active_negation': System.IO.DirectoryNotFoundException: Could not find a part of the path 'D:\software\Project\UnitTest\TestCases\second_person_tenses_active_negation.xml'.</Text>
        <Exception>System.IO.DirectoryNotFoundException: Could not find a part of the path 'D:\software\Project\UnitTest\TestCases\second_person_tenses_active_negation.xml'.
   at System.IO.__Error.WinIOError(Int32 errorCode, String maybeFullPath)
   at System.IO.File.GetAttributes(String path)
   at Microsoft.VisualStudio.TestTools.Common.SingleFileProvider.GetFilePaths()
   at Microsoft.VisualStudio.TestTools.TestManagement.DeploymentCoverageItem.GetFiles(TestRunConfiguration runConfig)
   at Microsoft.VisualStudio.TestTools.TestManagement.DeploymentManager.DoDeployment(TestRun run, FileCopyService fileCopyService)</Exception>
      </RunInfo>
      <RunInfo computerName="ARPAN-LAP" outcome="Warning" timestamp="2014-06-29T10:30:47.9118807+05:30">
        <Text>Warning: Test Run deployment issue: Failed to get the file for deployment item '..\UnitTest\TestCases\interrogative_sentences_where.xml' specified by the test 'UnitTest.BnlpTest.interrogative_sentences_where': System.IO.DirectoryNotFoundException: Could not find a part of the path 'D:\software\Project\UnitTest\TestCases\interrogative_sentences_where.xml'.</Text>
        <Exception>System.IO.DirectoryNotFoundException: Could not find a part of the path 'D:\software\Project\UnitTest\TestCases\interrogative_sentences_where.xml'.
   at System.IO.__Error.WinIOError(Int32 errorCode, String maybeFullPath)
   at System.IO.File.GetAttributes(String path)
   at Microsoft.VisualStudio.TestTools.Common.SingleFileProvider.GetFilePaths()
   at Microsoft.VisualStudio.TestTools.TestManagement.DeploymentCoverageItem.GetFiles(TestRunConfiguration runConfig)
   at Microsoft.VisualStudio.TestTools.TestManagement.DeploymentManager.DoDeployment(TestRun run, FileCopyService fileCopyService)</Exception>
      </RunInfo>
      <RunInfo computerName="ARPAN-LAP" outcome="Warning" timestamp="2014-06-29T10:30:47.9128808+05:30">
        <Text>Warning: Test Run deployment issue: Failed to get the file for deployment item '..\UnitTest\TestCases\prepositions_made_with_three_words.xml' specified by the test 'UnitTest.BnlpTest.prepositions_made_with_three_words': System.IO.DirectoryNotFoundException: Could not find a part of the path 'D:\software\Project\UnitTest\TestCases\prepositions_made_with_three_words.xml'.</Text>
        <Exception>System.IO.DirectoryNotFoundException: Could not find a part of the path 'D:\software\Project\UnitTest\TestCases\prepositions_made_with_three_words.xml'.
   at System.IO.__Error.WinIOError(Int32 errorCode, String maybeFullPath)
   at System.IO.File.GetAttributes(String path)
   at Microsoft.VisualStudio.TestTools.Common.SingleFileProvider.GetFilePaths()
   at Microsoft.VisualStudio.TestTools.TestManagement.DeploymentCoverageItem.GetFiles(TestRunConfiguration runConfig)
   at Microsoft.VisualStudio.TestTools.TestManagement.DeploymentManager.DoDeployment(TestRun run, FileCopyService fileCopyService)</Exception>
      </RunInfo>
      <RunInfo computerName="ARPAN-LAP" outcome="Warning" timestamp="2014-06-29T10:30:47.9138808+05:30">
        <Text>Warning: Test Run deployment issue: Failed to get the file for deployment item '..\UnitTest\TestCases\interrogative_sentences_what.xml' specified by the test 'UnitTest.BnlpTest.interrogative_sentences_what': System.IO.DirectoryNotFoundException: Could not find a part of the path 'D:\software\Project\UnitTest\TestCases\interrogative_sentences_what.xml'.</Text>
        <Exception>System.IO.DirectoryNotFoundException: Could not find a part of the path 'D:\software\Project\UnitTest\TestCases\interrogative_sentences_what.xml'.
   at System.IO.__Error.WinIOError(Int32 errorCode, String maybeFullPath)
   at System.IO.File.GetAttributes(String path)
   at Microsoft.VisualStudio.TestTools.Common.SingleFileProvider.GetFilePaths()
   at Microsoft.VisualStudio.TestTools.TestManagement.DeploymentCoverageItem.GetFiles(TestRunConfiguration runConfig)
   at Microsoft.VisualStudio.TestTools.TestManagement.DeploymentManager.DoDeployment(TestRun run, FileCopyService fileCopyService)</Exception>
      </RunInfo>
      <RunInfo computerName="ARPAN-LAP" outcome="Warning" timestamp="2014-06-29T10:30:47.9148809+05:30">
        <Text>Warning: Test Run deployment issue: Failed to get the file for deployment item '..\UnitTest\TestCases\interrogative_sentences_how.xml' specified by the test 'UnitTest.BnlpTest.interrogative_sentences_how': System.IO.DirectoryNotFoundException: Could not find a part of the path 'D:\software\Project\UnitTest\TestCases\interrogative_sentences_how.xml'.</Text>
        <Exception>System.IO.DirectoryNotFoundException: Could not find a part of the path 'D:\software\Project\UnitTest\TestCases\interrogative_sentences_how.xml'.
   at System.IO.__Error.WinIOError(Int32 errorCode, String maybeFullPath)
   at System.IO.File.GetAttributes(String path)
   at Microsoft.VisualStudio.TestTools.Common.SingleFileProvider.GetFilePaths()
   at Microsoft.VisualStudio.TestTools.TestManagement.DeploymentCoverageItem.GetFiles(TestRunConfiguration runConfig)
   at Microsoft.VisualStudio.TestTools.TestManagement.DeploymentManager.DoDeployment(TestRun run, FileCopyService fileCopyService)</Exception>
      </RunInfo>
      <RunInfo computerName="ARPAN-LAP" outcome="Warning" timestamp="2014-06-29T10:30:47.9158810+05:30">
        <Text>Warning: Test Run deployment issue: Failed to get the file for deployment item '..\UnitTest\TestCases\interrogative_sentences_whom.xml' specified by the test 'UnitTest.BnlpTest.interrogative_sentences_whom': System.IO.DirectoryNotFoundException: Could not find a part of the path 'D:\software\Project\UnitTest\TestCases\interrogative_sentences_whom.xml'.</Text>
        <Exception>System.IO.DirectoryNotFoundException: Could not find a part of the path 'D:\software\Project\UnitTest\TestCases\interrogative_sentences_whom.xml'.
   at System.IO.__Error.WinIOError(Int32 errorCode, String maybeFullPath)
   at System.IO.File.GetAttributes(String path)
   at Microsoft.VisualStudio.TestTools.Common.SingleFileProvider.GetFilePaths()
   at Microsoft.VisualStudio.TestTools.TestManagement.DeploymentCoverageItem.GetFiles(TestRunConfiguration runConfig)
   at Microsoft.VisualStudio.TestTools.TestManagement.DeploymentManager.DoDeployment(TestRun run, FileCopyService fileCopyService)</Exception>
      </RunInfo>
      <RunInfo computerName="ARPAN-LAP" outcome="Warning" timestamp="2014-06-29T10:30:47.9168810+05:30">
        <Text>Warning: Test Run deployment issue: Failed to get the file for deployment item '..\UnitTest\TestCases\second_person_tenses_active.xml' specified by the test 'UnitTest.BnlpTest.second_person_tenses_active': System.IO.DirectoryNotFoundException: Could not find a part of the path 'D:\software\Project\UnitTest\TestCases\second_person_tenses_active.xml'.</Text>
        <Exception>System.IO.DirectoryNotFoundException: Could not find a part of the path 'D:\software\Project\UnitTest\TestCases\second_person_tenses_active.xml'.
   at System.IO.__Error.WinIOError(Int32 errorCode, String maybeFullPath)
   at System.IO.File.GetAttributes(String path)
   at Microsoft.VisualStudio.TestTools.Common.SingleFileProvider.GetFilePaths()
   at Microsoft.VisualStudio.TestTools.TestManagement.DeploymentCoverageItem.GetFiles(TestRunConfiguration runConfig)
   at Microsoft.VisualStudio.TestTools.TestManagement.DeploymentManager.DoDeployment(TestRun run, FileCopyService fileCopyService)</Exception>
      </RunInfo>
      <RunInfo computerName="ARPAN-LAP" outcome="Warning" timestamp="2014-06-29T10:30:47.9178811+05:30">
        <Text>Warning: Test Run deployment issue: Failed to get the file for deployment item '..\UnitTest\TestCases\all_persons_modal_should_negation.xml' specified by the test 'UnitTest.BnlpTest.all_persons_modal_should_negation': System.IO.DirectoryNotFoundException: Could not find a part of the path 'D:\software\Project\UnitTest\TestCases\all_persons_modal_should_negation.xml'.</Text>
        <Exception>System.IO.DirectoryNotFoundException: Could not find a part of the path 'D:\software\Project\UnitTest\TestCases\all_persons_modal_should_negation.xml'.
   at System.IO.__Error.WinIOError(Int32 errorCode, String maybeFullPath)
   at System.IO.File.GetAttributes(String path)
   at Microsoft.VisualStudio.TestTools.Common.SingleFileProvider.GetFilePaths()
   at Microsoft.VisualStudio.TestTools.TestManagement.DeploymentCoverageItem.GetFiles(TestRunConfiguration runConfig)
   at Microsoft.VisualStudio.TestTools.TestManagement.DeploymentManager.DoDeployment(TestRun run, FileCopyService fileCopyService)</Exception>
      </RunInfo>
      <RunInfo computerName="ARPAN-LAP" outcome="Warning" timestamp="2014-06-29T10:30:47.9188811+05:30">
        <Text>Warning: Test Run deployment issue: Failed to get the file for deployment item '..\UnitTest\TestCases\first_person_tenses_active_negation.xml' specified by the test 'UnitTest.BnlpTest.first_person_tenses_active_negation': System.IO.DirectoryNotFoundException: Could not find a part of the path 'D:\software\Project\UnitTest\TestCases\first_person_tenses_active_negation.xml'.</Text>
        <Exception>System.IO.DirectoryNotFoundException: Could not find a part of the path 'D:\software\Project\UnitTest\TestCases\first_person_tenses_active_negation.xml'.
   at System.IO.__Error.WinIOError(Int32 errorCode, String maybeFullPath)
   at System.IO.File.GetAttributes(String path)
   at Microsoft.VisualStudio.TestTools.Common.SingleFileProvider.GetFilePaths()
   at Microsoft.VisualStudio.TestTools.TestManagement.DeploymentCoverageItem.GetFiles(TestRunConfiguration runConfig)
   at Microsoft.VisualStudio.TestTools.TestManagement.DeploymentManager.DoDeployment(TestRun run, FileCopyService fileCopyService)</Exception>
      </RunInfo>
      <RunInfo computerName="ARPAN-LAP" outcome="Warning" timestamp="2014-06-29T10:30:47.9198812+05:30">
        <Text>Warning: Test Run deployment issue: Failed to get the file for deployment item '..\UnitTest\TestCases\all_persons_modal_can_may_negation.xml' specified by the test 'UnitTest.BnlpTest.all_persons_modal_can_may_negation': System.IO.DirectoryNotFoundException: Could not find a part of the path 'D:\software\Project\UnitTest\TestCases\all_persons_modal_can_may_negation.xml'.</Text>
        <Exception>System.IO.DirectoryNotFoundException: Could not find a part of the path 'D:\software\Project\UnitTest\TestCases\all_persons_modal_can_may_negation.xml'.
   at System.IO.__Error.WinIOError(Int32 errorCode, String maybeFullPath)
   at System.IO.File.GetAttributes(String path)
   at Microsoft.VisualStudio.TestTools.Common.SingleFileProvider.GetFilePaths()
   at Microsoft.VisualStudio.TestTools.TestManagement.DeploymentCoverageItem.GetFiles(TestRunConfiguration runConfig)
   at Microsoft.VisualStudio.TestTools.TestManagement.DeploymentManager.DoDeployment(TestRun run, FileCopyService fileCopyService)</Exception>
      </RunInfo>
      <RunInfo computerName="ARPAN-LAP" outcome="Warning" timestamp="2014-06-29T10:30:47.9208812+05:30">
        <Text>Warning: Test Run deployment issue: Failed to get the file for deployment item '..\UnitTest\TestCases\third_person_tenses_active_negation.xml' specified by the test 'UnitTest.BnlpTest.third_person_tenses_active_negation': System.IO.DirectoryNotFoundException: Could not find a part of the path 'D:\software\Project\UnitTest\TestCases\third_person_tenses_active_negation.xml'.</Text>
        <Exception>System.IO.DirectoryNotFoundException: Could not find a part of the path 'D:\software\Project\UnitTest\TestCases\third_person_tenses_active_negation.xml'.
   at System.IO.__Error.WinIOError(Int32 errorCode, String maybeFullPath)
   at System.IO.File.GetAttributes(String path)
   at Microsoft.VisualStudio.TestTools.Common.SingleFileProvider.GetFilePaths()
   at Microsoft.VisualStudio.TestTools.TestManagement.DeploymentCoverageItem.GetFiles(TestRunConfiguration runConfig)
   at Microsoft.VisualStudio.TestTools.TestManagement.DeploymentManager.DoDeployment(TestRun run, FileCopyService fileCopyService)</Exception>
      </RunInfo>
      <RunInfo computerName="ARPAN-LAP" outcome="Warning" timestamp="2014-06-29T10:30:47.9218813+05:30">
        <Text>Warning: Test Run deployment issue: Failed to get the file for deployment item '..\UnitTest\TestCases\interrogative_sentences_do.xml' specified by the test 'UnitTest.BnlpTest.interrogative_sentences_do': System.IO.DirectoryNotFoundException: Could not find a part of the path 'D:\software\Project\UnitTest\TestCases\interrogative_sentences_do.xml'.</Text>
        <Exception>System.IO.DirectoryNotFoundException: Could not find a part of the path 'D:\software\Project\UnitTest\TestCases\interrogative_sentences_do.xml'.
   at System.IO.__Error.WinIOError(Int32 errorCode, String maybeFullPath)
   at System.IO.File.GetAttributes(String path)
   at Microsoft.VisualStudio.TestTools.Common.SingleFileProvider.GetFilePaths()
   at Microsoft.VisualStudio.TestTools.TestManagement.DeploymentCoverageItem.GetFiles(TestRunConfiguration runConfig)
   at Microsoft.VisualStudio.TestTools.TestManagement.DeploymentManager.DoDeployment(TestRun run, FileCopyService fileCopyService)</Exception>
      </RunInfo>
      <RunInfo computerName="ARPAN-LAP" outcome="Warning" timestamp="2014-06-29T10:30:47.9228814+05:30">
        <Text>Warning: Test Run deployment issue: Failed to get the file for deployment item '..\UnitTest\TestCases\auxiliary_verbs_as_main_verbs.xml' specified by the test 'UnitTest.BnlpTest.auxiliary_verbs_as_main_verbs': System.IO.DirectoryNotFoundException: Could not find a part of the path 'D:\software\Project\UnitTest\TestCases\auxiliary_verbs_as_main_verbs.xml'.</Text>
        <Exception>System.IO.DirectoryNotFoundException: Could not find a part of the path 'D:\software\Project\UnitTest\TestCases\auxiliary_verbs_as_main_verbs.xml'.
   at System.IO.__Error.WinIOError(Int32 errorCode, String maybeFullPath)
   at System.IO.File.GetAttributes(String path)
   at Microsoft.VisualStudio.TestTools.Common.SingleFileProvider.GetFilePaths()
   at Microsoft.VisualStudio.TestTools.TestManagement.DeploymentCoverageItem.GetFiles(TestRunConfiguration runConfig)
   at Microsoft.VisualStudio.TestTools.TestManagement.DeploymentManager.DoDeployment(TestRun run, FileCopyService fileCopyService)</Exception>
      </RunInfo>
      <RunInfo computerName="ARPAN-LAP" outcome="Warning" timestamp="2014-06-29T10:30:47.9238814+05:30">
        <Text>Warning: Test Run deployment issue: Failed to get the file for deployment item '..\UnitTest\TestCases\all_persons_tenses_passive_negation.xml' specified by the test 'UnitTest.BnlpTest.all_persons_tenses_passive_negation': System.IO.DirectoryNotFoundException: Could not find a part of the path 'D:\software\Project\UnitTest\TestCases\all_persons_tenses_passive_negation.xml'.</Text>
        <Exception>System.IO.DirectoryNotFoundException: Could not find a part of the path 'D:\software\Project\UnitTest\TestCases\all_persons_tenses_passive_negation.xml'.
   at System.IO.__Error.WinIOError(Int32 errorCode, String maybeFullPath)
   at System.IO.File.GetAttributes(String path)
   at Microsoft.VisualStudio.TestTools.Common.SingleFileProvider.GetFilePaths()
   at Microsoft.VisualStudio.TestTools.TestManagement.DeploymentCoverageItem.GetFiles(TestRunConfiguration runConfig)
   at Microsoft.VisualStudio.TestTools.TestManagement.DeploymentManager.DoDeployment(TestRun run, FileCopyService fileCopyService)</Exception>
      </RunInfo>
      <RunInfo computerName="ARPAN-LAP" outcome="Warning" timestamp="2014-06-29T10:30:47.9248815+05:30">
        <Text>Warning: Test Run deployment issue: Failed to get the file for deployment item '..\UnitTest\TestCases\prepositions_made_with_two_words.xml' specified by the test 'UnitTest.BnlpTest.prepositions_made_with_two_words': System.IO.DirectoryNotFoundException: Could not find a part of the path 'D:\software\Project\UnitTest\TestCases\prepositions_made_with_two_words.xml'.</Text>
        <Exception>System.IO.DirectoryNotFoundException: Could not find a part of the path 'D:\software\Project\UnitTest\TestCases\prepositions_made_with_two_words.xml'.
   at System.IO.__Error.WinIOError(Int32 errorCode, String maybeFullPath)
   at System.IO.File.GetAttributes(String path)
   at Microsoft.VisualStudio.TestTools.Common.SingleFileProvider.GetFilePaths()
   at Microsoft.VisualStudio.TestTools.TestManagement.DeploymentCoverageItem.GetFiles(TestRunConfiguration runConfig)
   at Microsoft.VisualStudio.TestTools.TestManagement.DeploymentManager.DoDeployment(TestRun run, FileCopyService fileCopyService)</Exception>
      </RunInfo>
      <RunInfo computerName="ARPAN-LAP" outcome="Warning" timestamp="2014-06-29T10:30:47.9258815+05:30">
        <Text>Warning: Test Run deployment issue: Failed to get the file for deployment item '..\UnitTest\TestCases\first_person_tenses_active.xml' specified by the test 'UnitTest.BnlpTest.first_person_tenses_active': System.IO.DirectoryNotFoundException: Could not find a part of the path 'D:\software\Project\UnitTest\TestCases\first_person_tenses_active.xml'.</Text>
        <Exception>System.IO.DirectoryNotFoundException: Could not find a part of the path 'D:\software\Project\UnitTest\TestCases\first_person_tenses_active.xml'.
   at System.IO.__Error.WinIOError(Int32 errorCode, String maybeFullPath)
   at System.IO.File.GetAttributes(String path)
   at Microsoft.VisualStudio.TestTools.Common.SingleFileProvider.GetFilePaths()
   at Microsoft.VisualStudio.TestTools.TestManagement.DeploymentCoverageItem.GetFiles(TestRunConfiguration runConfig)
   at Microsoft.VisualStudio.TestTools.TestManagement.DeploymentManager.DoDeployment(TestRun run, FileCopyService fileCopyService)</Exception>
      </RunInfo>
      <RunInfo computerName="ARPAN-LAP" outcome="Warning" timestamp="2014-06-29T10:30:47.9268816+05:30">
        <Text>Warning: Test Run deployment issue: Failed to get the file for deployment item '..\UnitTest\TestCases\interrogative_sentences_why.xml' specified by the test 'UnitTest.BnlpTest.interrogative_sentences_why': System.IO.DirectoryNotFoundException: Could not find a part of the path 'D:\software\Project\UnitTest\TestCases\interrogative_sentences_why.xml'.</Text>
        <Exception>System.IO.DirectoryNotFoundException: Could not find a part of the path 'D:\software\Project\UnitTest\TestCases\interrogative_sentences_why.xml'.
   at System.IO.__Error.WinIOError(Int32 errorCode, String maybeFullPath)
   at System.IO.File.GetAttributes(String path)
   at Microsoft.VisualStudio.TestTools.Common.SingleFileProvider.GetFilePaths()
   at Microsoft.VisualStudio.TestTools.TestManagement.DeploymentCoverageItem.GetFiles(TestRunConfiguration runConfig)
   at Microsoft.VisualStudio.TestTools.TestManagement.DeploymentManager.DoDeployment(TestRun run, FileCopyService fileCopyService)</Exception>
      </RunInfo>
      <RunInfo computerName="ARPAN-LAP" outcome="Warning" timestamp="2014-06-29T10:30:47.9278816+05:30">
        <Text>Warning: Test Run deployment issue: Failed to get the file for deployment item '..\UnitTest\TestCases\all_persons_modal_can_may.xml' specified by the test 'UnitTest.BnlpTest.all_persons_modal_can_may': System.IO.DirectoryNotFoundException: Could not find a part of the path 'D:\software\Project\UnitTest\TestCases\all_persons_modal_can_may.xml'.</Text>
        <Exception>System.IO.DirectoryNotFoundException: Could not find a part of the path 'D:\software\Project\UnitTest\TestCases\all_persons_modal_can_may.xml'.
   at System.IO.__Error.WinIOError(Int32 errorCode, String maybeFullPath)
   at System.IO.File.GetAttributes(String path)
   at Microsoft.VisualStudio.TestTools.Common.SingleFileProvider.GetFilePaths()
   at Microsoft.VisualStudio.TestTools.TestManagement.DeploymentCoverageItem.GetFiles(TestRunConfiguration runConfig)
   at Microsoft.VisualStudio.TestTools.TestManagement.DeploymentManager.DoDeployment(TestRun run, FileCopyService fileCopyService)</Exception>
      </RunInfo>
    </RunInfos>
  </ResultSummary>
  <TestDefinitions>
    <UnitTest name="prepositions_made_with_three_words" storage="d:\software\project\bnlp\unittest\bin\debug\unittest.dll" id="0f33848d-a900-d644-7498-2526887b5425">
      <DeploymentItems>
        <DeploymentItem filename="..\UnitTest\TestCases\prepositions_made_with_three_words.xml" />
      </DeploymentItems>
      <Execution id="23349519-250c-4cc4-9c71-bfbb894afc1c" />
      <TestMethod codeBase="D:/software/Project/BNLP/UnitTest/bin/Debug/UnitTest.DLL" adapterTypeName="Microsoft.VisualStudio.TestTools.TestTypes.Unit.UnitTestAdapter, Microsoft.VisualStudio.QualityTools.Tips.UnitTest.Adapter, Version=10.0.0.0, Culture=neutral, PublicKeyToken=b03f5f7f11d50a3a" className="UnitTest.BnlpTest, UnitTest, Version=1.0.0.0, Culture=neutral, PublicKeyToken=null" name="prepositions_made_with_three_words" />
      <DataSource connectionString="|DataDirectory|\TestCases\prepositions_made_with_three_words.xml" providerInvariantName="Microsoft.VisualStudio.TestTools.DataSource.XML" tableName="sentence" />
    </UnitTest>
    <UnitTest name="first_person_tenses_active" storage="d:\software\project\bnlp\unittest\bin\debug\unittest.dll" id="921e6ab0-d7c2-6005-e523-6fd2d5e1a723">
      <DeploymentItems>
        <DeploymentItem filename="..\UnitTest\TestCases\first_person_tenses_active.xml" />
      </DeploymentItems>
      <Execution id="d602d34e-3326-4852-974e-7357bb2cb6c6" />
      <TestMethod codeBase="D:/software/Project/BNLP/UnitTest/bin/Debug/UnitTest.DLL" adapterTypeName="Microsoft.VisualStudio.TestTools.TestTypes.Unit.UnitTestAdapter, Microsoft.VisualStudio.QualityTools.Tips.UnitTest.Adapter, Version=10.0.0.0, Culture=neutral, PublicKeyToken=b03f5f7f11d50a3a" className="UnitTest.BnlpTest, UnitTest, Version=1.0.0.0, Culture=neutral, PublicKeyToken=null" name="first_person_tenses_active" />
      <DataSource connectionString="|DataDirectory|\TestCases\first_person_tenses_active.xml" providerInvariantName="Microsoft.VisualStudio.TestTools.DataSource.XML" tableName="sentence" />
    </UnitTest>
    <UnitTest name="interrogative_sentences_what" storage="d:\software\project\bnlp\unittest\bin\debug\unittest.dll" id="7f7910d1-dc89-39b4-b4cf-d9e6d7af9420">
      <DeploymentItems>
        <DeploymentItem filename="..\UnitTest\TestCases\interrogative_sentences_what.xml" />
      </DeploymentItems>
      <Execution id="abba7557-5fdd-4e54-8a8f-9e503e4d736d" />
      <TestMethod codeBase="D:/software/Project/BNLP/UnitTest/bin/Debug/UnitTest.DLL" adapterTypeName="Microsoft.VisualStudio.TestTools.TestTypes.Unit.UnitTestAdapter, Microsoft.VisualStudio.QualityTools.Tips.UnitTest.Adapter, Version=10.0.0.0, Culture=neutral, PublicKeyToken=b03f5f7f11d50a3a" className="UnitTest.BnlpTest, UnitTest, Version=1.0.0.0, Culture=neutral, PublicKeyToken=null" name="interrogative_sentences_what" />
      <DataSource connectionString="|DataDirectory|\TestCases\interrogative_sentences_what.xml" providerInvariantName="Microsoft.VisualStudio.TestTools.DataSource.XML" tableName="sentence" />
    </UnitTest>
    <UnitTest name="all_persons_modal_should_negation" storage="d:\software\project\bnlp\unittest\bin\debug\unittest.dll" id="9319d01e-de3e-d310-c76e-cae8dce4c924">
      <DeploymentItems>
        <DeploymentItem filename="..\UnitTest\TestCases\all_persons_modal_should_negation.xml" />
      </DeploymentItems>
      <Execution id="551591ec-c68a-4a41-9a04-e5d7a00a0a7b" />
      <TestMethod codeBase="D:/software/Project/BNLP/UnitTest/bin/Debug/UnitTest.DLL" adapterTypeName="Microsoft.VisualStudio.TestTools.TestTypes.Unit.UnitTestAdapter, Microsoft.VisualStudio.QualityTools.Tips.UnitTest.Adapter, Version=10.0.0.0, Culture=neutral, PublicKeyToken=b03f5f7f11d50a3a" className="UnitTest.BnlpTest, UnitTest, Version=1.0.0.0, Culture=neutral, PublicKeyToken=null" name="all_persons_modal_should_negation" />
      <DataSource connectionString="|DataDirectory|\TestCases\all_persons_modal_should_negation.xml" providerInvariantName="Microsoft.VisualStudio.TestTools.DataSource.XML" tableName="sentence" />
    </UnitTest>
    <UnitTest name="prepositions_made_with_two_words" storage="d:\software\project\bnlp\unittest\bin\debug\unittest.dll" id="0f337a75-1a2d-d9c3-6c5f-23ed2604b69d">
      <DeploymentItems>
        <DeploymentItem filename="..\UnitTest\TestCases\prepositions_made_with_two_words.xml" />
      </DeploymentItems>
      <Execution id="40afa665-f96f-480b-8374-0a0eb56527f8" />
      <TestMethod codeBase="D:/software/Project/BNLP/UnitTest/bin/Debug/UnitTest.DLL" adapterTypeName="Microsoft.VisualStudio.TestTools.TestTypes.Unit.UnitTestAdapter, Microsoft.VisualStudio.QualityTools.Tips.UnitTest.Adapter, Version=10.0.0.0, Culture=neutral, PublicKeyToken=b03f5f7f11d50a3a" className="UnitTest.BnlpTest, UnitTest, Version=1.0.0.0, Culture=neutral, PublicKeyToken=null" name="prepositions_made_with_two_words" />
      <DataSource connectionString="|DataDirectory|\TestCases\prepositions_made_with_two_words.xml" providerInvariantName="Microsoft.VisualStudio.TestTools.DataSource.XML" tableName="sentence" />
    </UnitTest>
    <UnitTest name="interrogative_sentences_do" storage="d:\software\project\bnlp\unittest\bin\debug\unittest.dll" id="1d63c318-78a9-9011-f5c0-0b01884a2881">
      <DeploymentItems>
        <DeploymentItem filename="..\UnitTest\TestCases\interrogative_sentences_do.xml" />
      </DeploymentItems>
      <Execution id="f26e9178-20b4-4ed9-a159-cfeb436eb1c9" />
      <TestMethod codeBase="D:/software/Project/BNLP/UnitTest/bin/Debug/UnitTest.DLL" adapterTypeName="Microsoft.VisualStudio.TestTools.TestTypes.Unit.UnitTestAdapter, Microsoft.VisualStudio.QualityTools.Tips.UnitTest.Adapter, Version=10.0.0.0, Culture=neutral, PublicKeyToken=b03f5f7f11d50a3a" className="UnitTest.BnlpTest, UnitTest, Version=1.0.0.0, Culture=neutral, PublicKeyToken=null" name="interrogative_sentences_do" />
      <DataSource connectionString="|DataDirectory|\TestCases\interrogative_sentences_do.xml" providerInvariantName="Microsoft.VisualStudio.TestTools.DataSource.XML" tableName="sentence" />
    </UnitTest>
    <UnitTest name="all_persons_tenses_passive_negation" storage="d:\software\project\bnlp\unittest\bin\debug\unittest.dll" id="bdfe92b2-f4ac-73a5-f13d-5c1ea13721b4">
      <DeploymentItems>
        <DeploymentItem filename="..\UnitTest\TestCases\all_persons_tenses_passive_negation.xml" />
      </DeploymentItems>
      <Execution id="5bbff6a7-f29d-4a6d-bbfc-eb16ade808aa" />
      <TestMethod codeBase="D:/software/Project/BNLP/UnitTest/bin/Debug/UnitTest.DLL" adapterTypeName="Microsoft.VisualStudio.TestTools.TestTypes.Unit.UnitTestAdapter, Microsoft.VisualStudio.QualityTools.Tips.UnitTest.Adapter, Version=10.0.0.0, Culture=neutral, PublicKeyToken=b03f5f7f11d50a3a" className="UnitTest.BnlpTest, UnitTest, Version=1.0.0.0, Culture=neutral, PublicKeyToken=null" name="all_persons_tenses_passive_negation" />
      <DataSource connectionString="|DataDirectory|\TestCases\all_persons_tenses_passive_negation.xml" providerInvariantName="Microsoft.VisualStudio.TestTools.DataSource.XML" tableName="sentence" />
    </UnitTest>
    <UnitTest name="third_person_tenses_active_negation" storage="d:\software\project\bnlp\unittest\bin\debug\unittest.dll" id="fe3e63ab-391c-e168-48d0-431b85a7b898">
      <DeploymentItems>
        <DeploymentItem filename="..\UnitTest\TestCases\third_person_tenses_active_negation.xml" />
      </DeploymentItems>
      <Execution id="14c62a45-4749-46a2-bcfb-8f5d25941466" />
      <TestMethod codeBase="D:/software/Project/BNLP/UnitTest/bin/Debug/UnitTest.DLL" adapterTypeName="Microsoft.VisualStudio.TestTools.TestTypes.Unit.UnitTestAdapter, Microsoft.VisualStudio.QualityTools.Tips.UnitTest.Adapter, Version=10.0.0.0, Culture=neutral, PublicKeyToken=b03f5f7f11d50a3a" className="UnitTest.BnlpTest, UnitTest, Version=1.0.0.0, Culture=neutral, PublicKeyToken=null" name="third_person_tenses_active_negation" />
      <DataSource connectionString="|DataDirectory|\TestCases\third_person_tenses_active_negation.xml" providerInvariantName="Microsoft.VisualStudio.TestTools.DataSource.XML" tableName="sentence" />
    </UnitTest>
    <UnitTest name="all_persons_modal_should" storage="d:\software\project\bnlp\unittest\bin\debug\unittest.dll" id="783915fe-114a-e353-78dd-56e92a60f942">
      <DeploymentItems>
        <DeploymentItem filename="..\UnitTest\TestCases\all_persons_modal_should.xml" />
      </DeploymentItems>
      <Execution id="897dca98-1b2d-4df2-949e-d016d8c43a28" />
      <TestMethod codeBase="D:/software/Project/BNLP/UnitTest/bin/Debug/UnitTest.DLL" adapterTypeName="Microsoft.VisualStudio.TestTools.TestTypes.Unit.UnitTestAdapter, Microsoft.VisualStudio.QualityTools.Tips.UnitTest.Adapter, Version=10.0.0.0, Culture=neutral, PublicKeyToken=b03f5f7f11d50a3a" className="UnitTest.BnlpTest, UnitTest, Version=1.0.0.0, Culture=neutral, PublicKeyToken=null" name="all_persons_modal_should" />
      <DataSource connectionString="|DataDirectory|\TestCases\all_persons_modal_should.xml" providerInvariantName="Microsoft.VisualStudio.TestTools.DataSource.XML" tableName="sentence" />
    </UnitTest>
    <UnitTest name="second_person_tenses_active" storage="d:\software\project\bnlp\unittest\bin\debug\unittest.dll" id="30ab3285-6a8c-14d2-9725-bd60892ccd90">
      <DeploymentItems>
        <DeploymentItem filename="..\UnitTest\TestCases\second_person_tenses_active.xml" />
      </DeploymentItems>
      <Execution id="dbb9f447-2fa8-408a-93b6-36d08d60f226" />
      <TestMethod codeBase="D:/software/Project/BNLP/UnitTest/bin/Debug/UnitTest.DLL" adapterTypeName="Microsoft.VisualStudio.TestTools.TestTypes.Unit.UnitTestAdapter, Microsoft.VisualStudio.QualityTools.Tips.UnitTest.Adapter, Version=10.0.0.0, Culture=neutral, PublicKeyToken=b03f5f7f11d50a3a" className="UnitTest.BnlpTest, UnitTest, Version=1.0.0.0, Culture=neutral, PublicKeyToken=null" name="second_person_tenses_active" />
      <DataSource connectionString="|DataDirectory|\TestCases\second_person_tenses_active.xml" providerInvariantName="Microsoft.VisualStudio.TestTools.DataSource.XML" tableName="sentence" />
    </UnitTest>
    <UnitTest name="interrogative_sentences_who" storage="d:\software\project\bnlp\unittest\bin\debug\unittest.dll" id="32b5d279-0d23-e5ad-0301-234c8788f740">
      <DeploymentItems>
        <DeploymentItem filename="..\UnitTest\TestCases\interrogative_sentences_who.xml" />
      </DeploymentItems>
      <Execution id="57b5f371-a425-4de8-a0eb-b6f8acde0c18" />
      <TestMethod codeBase="D:/software/Project/BNLP/UnitTest/bin/Debug/UnitTest.DLL" adapterTypeName="Microsoft.VisualStudio.TestTools.TestTypes.Unit.UnitTestAdapter, Microsoft.VisualStudio.QualityTools.Tips.UnitTest.Adapter, Version=10.0.0.0, Culture=neutral, PublicKeyToken=b03f5f7f11d50a3a" className="UnitTest.BnlpTest, UnitTest, Version=1.0.0.0, Culture=neutral, PublicKeyToken=null" name="interrogative_sentences_who" />
      <DataSource connectionString="|DataDirectory|\TestCases\interrogative_sentences_who.xml" providerInvariantName="Microsoft.VisualStudio.TestTools.DataSource.XML" tableName="sentence" />
    </UnitTest>
    <UnitTest name="all_persons_modal_can_may" storage="d:\software\project\bnlp\unittest\bin\debug\unittest.dll" id="8fe5ccb3-a3f4-0f61-ad21-e94ef029e900">
      <DeploymentItems>
        <DeploymentItem filename="..\UnitTest\TestCases\all_persons_modal_can_may.xml" />
      </DeploymentItems>
      <Execution id="0488b2a3-2b97-4aad-a240-c3ab927064bd" />
      <TestMethod codeBase="D:/software/Project/BNLP/UnitTest/bin/Debug/UnitTest.DLL" adapterTypeName="Microsoft.VisualStudio.TestTools.TestTypes.Unit.UnitTestAdapter, Microsoft.VisualStudio.QualityTools.Tips.UnitTest.Adapter, Version=10.0.0.0, Culture=neutral, PublicKeyToken=b03f5f7f11d50a3a" className="UnitTest.BnlpTest, UnitTest, Version=1.0.0.0, Culture=neutral, PublicKeyToken=null" name="all_persons_modal_can_may" />
      <DataSource connectionString="|DataDirectory|\TestCases\all_persons_modal_can_may.xml" providerInvariantName="Microsoft.VisualStudio.TestTools.DataSource.XML" tableName="sentence" />
    </UnitTest>
    <UnitTest name="interrogative_sentences_how" storage="d:\software\project\bnlp\unittest\bin\debug\unittest.dll" id="227f20ae-8e76-eb71-39b2-4ada3ce6aba8">
      <DeploymentItems>
        <DeploymentItem filename="..\UnitTest\TestCases\interrogative_sentences_how.xml" />
      </DeploymentItems>
      <Execution id="e6e02ab1-033a-45c2-a6a7-59d9059f67de" />
      <TestMethod codeBase="D:/software/Project/BNLP/UnitTest/bin/Debug/UnitTest.DLL" adapterTypeName="Microsoft.VisualStudio.TestTools.TestTypes.Unit.UnitTestAdapter, Microsoft.VisualStudio.QualityTools.Tips.UnitTest.Adapter, Version=10.0.0.0, Culture=neutral, PublicKeyToken=b03f5f7f11d50a3a" className="UnitTest.BnlpTest, UnitTest, Version=1.0.0.0, Culture=neutral, PublicKeyToken=null" name="interrogative_sentences_how" />
      <DataSource connectionString="|DataDirectory|\TestCases\interrogative_sentences_how.xml" providerInvariantName="Microsoft.VisualStudio.TestTools.DataSource.XML" tableName="sentence" />
    </UnitTest>
    <UnitTest name="all_persons_modal_can_may_negation" storage="d:\software\project\bnlp\unittest\bin\debug\unittest.dll" id="d03eb628-bf1f-c27d-aeef-e708d613d686">
      <DeploymentItems>
        <DeploymentItem filename="..\UnitTest\TestCases\all_persons_modal_can_may_negation.xml" />
      </DeploymentItems>
      <Execution id="5ba6a943-929c-4e5b-a611-7c944a8df06e" />
      <TestMethod codeBase="D:/software/Project/BNLP/UnitTest/bin/Debug/UnitTest.DLL" adapterTypeName="Microsoft.VisualStudio.TestTools.TestTypes.Unit.UnitTestAdapter, Microsoft.VisualStudio.QualityTools.Tips.UnitTest.Adapter, Version=10.0.0.0, Culture=neutral, PublicKeyToken=b03f5f7f11d50a3a" className="UnitTest.BnlpTest, UnitTest, Version=1.0.0.0, Culture=neutral, PublicKeyToken=null" name="all_persons_modal_can_may_negation" />
      <DataSource connectionString="|DataDirectory|\TestCases\all_persons_modal_can_may_negation.xml" providerInvariantName="Microsoft.VisualStudio.TestTools.DataSource.XML" tableName="sentence" />
    </UnitTest>
    <UnitTest name="RandomWord" storage="d:\software\project\bnlp\unittest\bin\debug\unittest.dll" id="642ce34f-0ed4-f995-637b-09297c832f2a">
      <DeploymentItems>
        <DeploymentItem filename="..\UnitTest\TestCases\wikipedia.xml" />
      </DeploymentItems>
      <Execution id="e2873d33-dc6e-4eb9-a666-59818dbf1ae9" />
      <TestMethod codeBase="D:/software/Project/BNLP/UnitTest/bin/Debug/UnitTest.DLL" adapterTypeName="Microsoft.VisualStudio.TestTools.TestTypes.Unit.UnitTestAdapter, Microsoft.VisualStudio.QualityTools.Tips.UnitTest.Adapter, Version=10.0.0.0, Culture=neutral, PublicKeyToken=b03f5f7f11d50a3a" className="UnitTest.BnlpTest, UnitTest, Version=1.0.0.0, Culture=neutral, PublicKeyToken=null" name="RandomWord" />
      <DataSource connectionString="|DataDirectory|\TestCases\wikipedia.xml" providerInvariantName="Microsoft.VisualStudio.TestTools.DataSource.XML" tableName="sentence" />
    </UnitTest>
    <UnitTest name="second_person_tenses_active_negation" storage="d:\software\project\bnlp\unittest\bin\debug\unittest.dll" id="83c68223-dcaa-51dd-423f-434210a59f77">
      <DeploymentItems>
        <DeploymentItem filename="..\UnitTest\TestCases\second_person_tenses_active_negation.xml" />
      </DeploymentItems>
      <Execution id="353dba7c-b061-4c82-8f78-2d5ae1eaa10d" />
      <TestMethod codeBase="D:/software/Project/BNLP/UnitTest/bin/Debug/UnitTest.DLL" adapterTypeName="Microsoft.VisualStudio.TestTools.TestTypes.Unit.UnitTestAdapter, Microsoft.VisualStudio.QualityTools.Tips.UnitTest.Adapter, Version=10.0.0.0, Culture=neutral, PublicKeyToken=b03f5f7f11d50a3a" className="UnitTest.BnlpTest, UnitTest, Version=1.0.0.0, Culture=neutral, PublicKeyToken=null" name="second_person_tenses_active_negation" />
      <DataSource connectionString="|DataDirectory|\TestCases\second_person_tenses_active_negation.xml" providerInvariantName="Microsoft.VisualStudio.TestTools.DataSource.XML" tableName="sentence" />
    </UnitTest>
    <UnitTest name="interrogative_sentences_why" storage="d:\software\project\bnlp\unittest\bin\debug\unittest.dll" id="1b04a6d6-5350-792c-8eba-a46a0eb28949">
      <DeploymentItems>
        <DeploymentItem filename="..\UnitTest\TestCases\interrogative_sentences_why.xml" />
      </DeploymentItems>
      <Execution id="009d474a-b1e3-4e2e-9154-6025fc069416" />
      <TestMethod codeBase="D:/software/Project/BNLP/UnitTest/bin/Debug/UnitTest.DLL" adapterTypeName="Microsoft.VisualStudio.TestTools.TestTypes.Unit.UnitTestAdapter, Microsoft.VisualStudio.QualityTools.Tips.UnitTest.Adapter, Version=10.0.0.0, Culture=neutral, PublicKeyToken=b03f5f7f11d50a3a" className="UnitTest.BnlpTest, UnitTest, Version=1.0.0.0, Culture=neutral, PublicKeyToken=null" name="interrogative_sentences_why" />
      <DataSource connectionString="|DataDirectory|\TestCases\interrogative_sentences_why.xml" providerInvariantName="Microsoft.VisualStudio.TestTools.DataSource.XML" tableName="sentence" />
    </UnitTest>
    <UnitTest name="interrogative_sentences_which" storage="d:\software\project\bnlp\unittest\bin\debug\unittest.dll" id="97a1371f-e8e6-db3e-323e-49ffeef32df1">
      <DeploymentItems>
        <DeploymentItem filename="..\UnitTest\TestCases\interrogative_sentences_which.xml" />
      </DeploymentItems>
      <Execution id="ebdcdb92-687d-49b1-82a2-5e6c80bfb8bb" />
      <TestMethod codeBase="D:/software/Project/BNLP/UnitTest/bin/Debug/UnitTest.DLL" adapterTypeName="Microsoft.VisualStudio.TestTools.TestTypes.Unit.UnitTestAdapter, Microsoft.VisualStudio.QualityTools.Tips.UnitTest.Adapter, Version=10.0.0.0, Culture=neutral, PublicKeyToken=b03f5f7f11d50a3a" className="UnitTest.BnlpTest, UnitTest, Version=1.0.0.0, Culture=neutral, PublicKeyToken=null" name="interrogative_sentences_which" />
      <DataSource connectionString="|DataDirectory|\TestCases\interrogative_sentences_which.xml" providerInvariantName="Microsoft.VisualStudio.TestTools.DataSource.XML" tableName="sentence" />
    </UnitTest>
    <UnitTest name="third_person_tenses_active" storage="d:\software\project\bnlp\unittest\bin\debug\unittest.dll" id="0bc2f98c-98f5-f190-c78c-c00d94c547a1">
      <DeploymentItems>
        <DeploymentItem filename="..\UnitTest\TestCases\third_person_tenses_active.xml" />
      </DeploymentItems>
      <Execution id="46c2124e-d6f1-4696-b5e3-f726c7cdb2fc" />
      <TestMethod codeBase="D:/software/Project/BNLP/UnitTest/bin/Debug/UnitTest.DLL" adapterTypeName="Microsoft.VisualStudio.TestTools.TestTypes.Unit.UnitTestAdapter, Microsoft.VisualStudio.QualityTools.Tips.UnitTest.Adapter, Version=10.0.0.0, Culture=neutral, PublicKeyToken=b03f5f7f11d50a3a" className="UnitTest.BnlpTest, UnitTest, Version=1.0.0.0, Culture=neutral, PublicKeyToken=null" name="third_person_tenses_active" />
      <DataSource connectionString="|DataDirectory|\TestCases\third_person_tenses_active.xml" providerInvariantName="Microsoft.VisualStudio.TestTools.DataSource.XML" tableName="sentence" />
    </UnitTest>
    <UnitTest name="auxiliary_verbs_as_main_verbs" storage="d:\software\project\bnlp\unittest\bin\debug\unittest.dll" id="c79146bc-2376-961a-5de9-441b5dfc7188">
      <DeploymentItems>
        <DeploymentItem filename="..\UnitTest\TestCases\auxiliary_verbs_as_main_verbs.xml" />
      </DeploymentItems>
      <Execution id="621c171f-dcf3-4bf4-80e3-f06844d0b75e" />
      <TestMethod codeBase="D:/software/Project/BNLP/UnitTest/bin/Debug/UnitTest.DLL" adapterTypeName="Microsoft.VisualStudio.TestTools.TestTypes.Unit.UnitTestAdapter, Microsoft.VisualStudio.QualityTools.Tips.UnitTest.Adapter, Version=10.0.0.0, Culture=neutral, PublicKeyToken=b03f5f7f11d50a3a" className="UnitTest.BnlpTest, UnitTest, Version=1.0.0.0, Culture=neutral, PublicKeyToken=null" name="auxiliary_verbs_as_main_verbs" />
      <DataSource connectionString="|DataDirectory|\TestCases\auxiliary_verbs_as_main_verbs.xml" providerInvariantName="Microsoft.VisualStudio.TestTools.DataSource.XML" tableName="sentence" />
    </UnitTest>
    <UnitTest name="special_handling_do_verb" storage="d:\software\project\bnlp\unittest\bin\debug\unittest.dll" id="533e7939-123c-ce84-5c5c-d5a21d1d95b9">
      <DeploymentItems>
        <DeploymentItem filename="..\UnitTest\TestCases\special_handling_do_verb.xml" />
      </DeploymentItems>
      <Execution id="1933f30e-d884-4ba4-af7f-c41cb56aa070" />
      <TestMethod codeBase="D:/software/Project/BNLP/UnitTest/bin/Debug/UnitTest.DLL" adapterTypeName="Microsoft.VisualStudio.TestTools.TestTypes.Unit.UnitTestAdapter, Microsoft.VisualStudio.QualityTools.Tips.UnitTest.Adapter, Version=10.0.0.0, Culture=neutral, PublicKeyToken=b03f5f7f11d50a3a" className="UnitTest.BnlpTest, UnitTest, Version=1.0.0.0, Culture=neutral, PublicKeyToken=null" name="special_handling_do_verb" />
      <DataSource connectionString="|DataDirectory|\TestCases\special_handling_do_verb.xml" providerInvariantName="Microsoft.VisualStudio.TestTools.DataSource.XML" tableName="sentence" />
    </UnitTest>
    <UnitTest name="interrogative_sentences_whom" storage="d:\software\project\bnlp\unittest\bin\debug\unittest.dll" id="4e91a3b9-9eae-ebff-0b97-303f00578a78">
      <DeploymentItems>
        <DeploymentItem filename="..\UnitTest\TestCases\interrogative_sentences_whom.xml" />
      </DeploymentItems>
      <Execution id="1be1a6ad-6754-4376-a73f-cc0637d12282" />
      <TestMethod codeBase="D:/software/Project/BNLP/UnitTest/bin/Debug/UnitTest.DLL" adapterTypeName="Microsoft.VisualStudio.TestTools.TestTypes.Unit.UnitTestAdapter, Microsoft.VisualStudio.QualityTools.Tips.UnitTest.Adapter, Version=10.0.0.0, Culture=neutral, PublicKeyToken=b03f5f7f11d50a3a" className="UnitTest.BnlpTest, UnitTest, Version=1.0.0.0, Culture=neutral, PublicKeyToken=null" name="interrogative_sentences_whom" />
      <DataSource connectionString="|DataDirectory|\TestCases\interrogative_sentences_whom.xml" providerInvariantName="Microsoft.VisualStudio.TestTools.DataSource.XML" tableName="sentence" />
    </UnitTest>
    <UnitTest name="interrogative_sentences_where" storage="d:\software\project\bnlp\unittest\bin\debug\unittest.dll" id="b9261b51-b0a2-10e2-9308-22bb2624de8b">
      <DeploymentItems>
        <DeploymentItem filename="..\UnitTest\TestCases\interrogative_sentences_where.xml" />
      </DeploymentItems>
      <Execution id="934d632b-4e06-48d2-bda8-bf96d5776b05" />
      <TestMethod codeBase="D:/software/Project/BNLP/UnitTest/bin/Debug/UnitTest.DLL" adapterTypeName="Microsoft.VisualStudio.TestTools.TestTypes.Unit.UnitTestAdapter, Microsoft.VisualStudio.QualityTools.Tips.UnitTest.Adapter, Version=10.0.0.0, Culture=neutral, PublicKeyToken=b03f5f7f11d50a3a" className="UnitTest.BnlpTest, UnitTest, Version=1.0.0.0, Culture=neutral, PublicKeyToken=null" name="interrogative_sentences_where" />
      <DataSource connectionString="|DataDirectory|\TestCases\interrogative_sentences_where.xml" providerInvariantName="Microsoft.VisualStudio.TestTools.DataSource.XML" tableName="sentence" />
    </UnitTest>
    <UnitTest name="interrogative_sentences_aux" storage="d:\software\project\bnlp\unittest\bin\debug\unittest.dll" id="39dcb97e-c73f-c645-a77c-64d9eba0a3a3">
      <DeploymentItems>
        <DeploymentItem filename="..\UnitTest\TestCases\interrogative_sentences_aux.xml" />
      </DeploymentItems>
      <Execution id="e9a82007-7a0d-4efe-9d69-80d48e52b4de" />
      <TestMethod codeBase="D:/software/Project/BNLP/UnitTest/bin/Debug/UnitTest.DLL" adapterTypeName="Microsoft.VisualStudio.TestTools.TestTypes.Unit.UnitTestAdapter, Microsoft.VisualStudio.QualityTools.Tips.UnitTest.Adapter, Version=10.0.0.0, Culture=neutral, PublicKeyToken=b03f5f7f11d50a3a" className="UnitTest.BnlpTest, UnitTest, Version=1.0.0.0, Culture=neutral, PublicKeyToken=null" name="interrogative_sentences_aux" />
      <DataSource connectionString="|DataDirectory|\TestCases\interrogative_sentences_aux.xml" providerInvariantName="Microsoft.VisualStudio.TestTools.DataSource.XML" tableName="sentence" />
    </UnitTest>
    <UnitTest name="all_persons_tenses_passive" storage="d:\software\project\bnlp\unittest\bin\debug\unittest.dll" id="d766a059-d96c-7b47-e6a6-34931760df96">
      <DeploymentItems>
        <DeploymentItem filename="..\UnitTest\TestCases\all_persons_tenses_passive.xml" />
      </DeploymentItems>
      <Execution id="8a16fba8-2105-4120-a923-7da20ed28a5f" />
      <TestMethod codeBase="D:/software/Project/BNLP/UnitTest/bin/Debug/UnitTest.DLL" adapterTypeName="Microsoft.VisualStudio.TestTools.TestTypes.Unit.UnitTestAdapter, Microsoft.VisualStudio.QualityTools.Tips.UnitTest.Adapter, Version=10.0.0.0, Culture=neutral, PublicKeyToken=b03f5f7f11d50a3a" className="UnitTest.BnlpTest, UnitTest, Version=1.0.0.0, Culture=neutral, PublicKeyToken=null" name="all_persons_tenses_passive" />
      <DataSource connectionString="|DataDirectory|\TestCases\all_persons_tenses_passive.xml" providerInvariantName="Microsoft.VisualStudio.TestTools.DataSource.XML" tableName="sentence" />
    </UnitTest>
    <UnitTest name="first_person_tenses_active_negation" storage="d:\software\project\bnlp\unittest\bin\debug\unittest.dll" id="15fe5bf6-5078-81a8-0356-385549390bb7">
      <DeploymentItems>
        <DeploymentItem filename="..\UnitTest\TestCases\first_person_tenses_active_negation.xml" />
      </DeploymentItems>
      <Execution id="36d629d4-404e-4474-be3c-e6b7b633837e" />
      <TestMethod codeBase="D:/software/Project/BNLP/UnitTest/bin/Debug/UnitTest.DLL" adapterTypeName="Microsoft.VisualStudio.TestTools.TestTypes.Unit.UnitTestAdapter, Microsoft.VisualStudio.QualityTools.Tips.UnitTest.Adapter, Version=10.0.0.0, Culture=neutral, PublicKeyToken=b03f5f7f11d50a3a" className="UnitTest.BnlpTest, UnitTest, Version=1.0.0.0, Culture=neutral, PublicKeyToken=null" name="first_person_tenses_active_negation" />
      <DataSource connectionString="|DataDirectory|\TestCases\first_person_tenses_active_negation.xml" providerInvariantName="Microsoft.VisualStudio.TestTools.DataSource.XML" tableName="sentence" />
    </UnitTest>
  </TestDefinitions>
  <TestLists>
    <TestList name="Results Not in a List" id="8c84fa94-04c1-424b-9868-57a2d4851a1d" />
    <TestList name="All Loaded Results" id="19431567-8539-422a-85d7-44ee4e166bda" />
  </TestLists>
  <TestEntries>
    <TestEntry testId="0bc2f98c-98f5-f190-c78c-c00d94c547a1" executionId="46c2124e-d6f1-4696-b5e3-f726c7cdb2fc" testListId="8c84fa94-04c1-424b-9868-57a2d4851a1d" />
    <TestEntry testId="0f337a75-1a2d-d9c3-6c5f-23ed2604b69d" executionId="40afa665-f96f-480b-8374-0a0eb56527f8" testListId="8c84fa94-04c1-424b-9868-57a2d4851a1d" />
    <TestEntry testId="0f33848d-a900-d644-7498-2526887b5425" executionId="23349519-250c-4cc4-9c71-bfbb894afc1c" testListId="8c84fa94-04c1-424b-9868-57a2d4851a1d" />
    <TestEntry testId="15fe5bf6-5078-81a8-0356-385549390bb7" executionId="36d629d4-404e-4474-be3c-e6b7b633837e" testListId="8c84fa94-04c1-424b-9868-57a2d4851a1d" />
    <TestEntry testId="1b04a6d6-5350-792c-8eba-a46a0eb28949" executionId="009d474a-b1e3-4e2e-9154-6025fc069416" testListId="8c84fa94-04c1-424b-9868-57a2d4851a1d" />
    <TestEntry testId="1d63c318-78a9-9011-f5c0-0b01884a2881" executionId="f26e9178-20b4-4ed9-a159-cfeb436eb1c9" testListId="8c84fa94-04c1-424b-9868-57a2d4851a1d" />
    <TestEntry testId="227f20ae-8e76-eb71-39b2-4ada3ce6aba8" executionId="e6e02ab1-033a-45c2-a6a7-59d9059f67de" testListId="8c84fa94-04c1-424b-9868-57a2d4851a1d" />
    <TestEntry testId="30ab3285-6a8c-14d2-9725-bd60892ccd90" executionId="dbb9f447-2fa8-408a-93b6-36d08d60f226" testListId="8c84fa94-04c1-424b-9868-57a2d4851a1d" />
    <TestEntry testId="32b5d279-0d23-e5ad-0301-234c8788f740" executionId="57b5f371-a425-4de8-a0eb-b6f8acde0c18" testListId="8c84fa94-04c1-424b-9868-57a2d4851a1d" />
    <TestEntry testId="39dcb97e-c73f-c645-a77c-64d9eba0a3a3" executionId="e9a82007-7a0d-4efe-9d69-80d48e52b4de" testListId="8c84fa94-04c1-424b-9868-57a2d4851a1d" />
    <TestEntry testId="4e91a3b9-9eae-ebff-0b97-303f00578a78" executionId="1be1a6ad-6754-4376-a73f-cc0637d12282" testListId="8c84fa94-04c1-424b-9868-57a2d4851a1d" />
    <TestEntry testId="533e7939-123c-ce84-5c5c-d5a21d1d95b9" executionId="1933f30e-d884-4ba4-af7f-c41cb56aa070" testListId="8c84fa94-04c1-424b-9868-57a2d4851a1d" />
    <TestEntry testId="642ce34f-0ed4-f995-637b-09297c832f2a" executionId="e2873d33-dc6e-4eb9-a666-59818dbf1ae9" testListId="8c84fa94-04c1-424b-9868-57a2d4851a1d" />
    <TestEntry testId="783915fe-114a-e353-78dd-56e92a60f942" executionId="897dca98-1b2d-4df2-949e-d016d8c43a28" testListId="8c84fa94-04c1-424b-9868-57a2d4851a1d" />
    <TestEntry testId="7f7910d1-dc89-39b4-b4cf-d9e6d7af9420" executionId="abba7557-5fdd-4e54-8a8f-9e503e4d736d" testListId="8c84fa94-04c1-424b-9868-57a2d4851a1d" />
    <TestEntry testId="83c68223-dcaa-51dd-423f-434210a59f77" executionId="353dba7c-b061-4c82-8f78-2d5ae1eaa10d" testListId="8c84fa94-04c1-424b-9868-57a2d4851a1d" />
    <TestEntry testId="8fe5ccb3-a3f4-0f61-ad21-e94ef029e900" executionId="0488b2a3-2b97-4aad-a240-c3ab927064bd" testListId="8c84fa94-04c1-424b-9868-57a2d4851a1d" />
    <TestEntry testId="921e6ab0-d7c2-6005-e523-6fd2d5e1a723" executionId="d602d34e-3326-4852-974e-7357bb2cb6c6" testListId="8c84fa94-04c1-424b-9868-57a2d4851a1d" />
    <TestEntry testId="9319d01e-de3e-d310-c76e-cae8dce4c924" executionId="551591ec-c68a-4a41-9a04-e5d7a00a0a7b" testListId="8c84fa94-04c1-424b-9868-57a2d4851a1d" />
    <TestEntry testId="97a1371f-e8e6-db3e-323e-49ffeef32df1" executionId="ebdcdb92-687d-49b1-82a2-5e6c80bfb8bb" testListId="8c84fa94-04c1-424b-9868-57a2d4851a1d" />
    <TestEntry testId="b9261b51-b0a2-10e2-9308-22bb2624de8b" executionId="934d632b-4e06-48d2-bda8-bf96d5776b05" testListId="8c84fa94-04c1-424b-9868-57a2d4851a1d" />
    <TestEntry testId="bdfe92b2-f4ac-73a5-f13d-5c1ea13721b4" executionId="5bbff6a7-f29d-4a6d-bbfc-eb16ade808aa" testListId="8c84fa94-04c1-424b-9868-57a2d4851a1d" />
    <TestEntry testId="c79146bc-2376-961a-5de9-441b5dfc7188" executionId="621c171f-dcf3-4bf4-80e3-f06844d0b75e" testListId="8c84fa94-04c1-424b-9868-57a2d4851a1d" />
    <TestEntry testId="d03eb628-bf1f-c27d-aeef-e708d613d686" executionId="5ba6a943-929c-4e5b-a611-7c944a8df06e" testListId="8c84fa94-04c1-424b-9868-57a2d4851a1d" />
    <TestEntry testId="d766a059-d96c-7b47-e6a6-34931760df96" executionId="8a16fba8-2105-4120-a923-7da20ed28a5f" testListId="8c84fa94-04c1-424b-9868-57a2d4851a1d" />
    <TestEntry testId="fe3e63ab-391c-e168-48d0-431b85a7b898" executionId="14c62a45-4749-46a2-bcfb-8f5d25941466" testListId="8c84fa94-04c1-424b-9868-57a2d4851a1d" />
  </TestEntries>
  <Results>
    <UnitTestResult executionId="46c2124e-d6f1-4696-b5e3-f726c7cdb2fc" testId="0bc2f98c-98f5-f190-c78c-c00d94c547a1" testName="third_person_tenses_active" computerName="ARPAN-LAP" duration="00:00:17.7606705" startTime="2014-06-29T10:30:50.4200242+05:30" endTime="2014-06-29T10:31:13.1623250+05:30" testType="13cdc9d9-ddb5-4fa4-a97d-d965ccfc6d4b" outcome="Passed" testListId="8c84fa94-04c1-424b-9868-57a2d4851a1d" relativeResultsDirectory="46c2124e-d6f1-4696-b5e3-f726c7cdb2fc" resultType="DataDrivenTest">
      <Counters error="0" failed="0" timeout="0" aborted="0" inconclusive="0" passedButRunAborted="0" notRunnable="0" notExecuted="0" disconnected="0" warning="0" passed="10" completed="0" inProgress="0" pending="0" />
      <InnerResults>
        <UnitTestResult executionId="2f317f0b-dd4d-4784-9179-07331082eadd" parentExecutionId="46c2124e-d6f1-4696-b5e3-f726c7cdb2fc" testId="0bc2f98c-98f5-f190-c78c-c00d94c547a1" testName="third_person_tenses_active" computerName="ARPAN-LAP" duration="00:00:16.1560791" startTime="2014-06-29T10:30:56.3363626+05:30" endTime="2014-06-29T10:31:12.5582904+05:30" testType="13cdc9d9-ddb5-4fa4-a97d-d965ccfc6d4b" outcome="Passed" testListId="8c84fa94-04c1-424b-9868-57a2d4851a1d" relativeResultsDirectory="46c2124e-d6f1-4696-b5e3-f726c7cdb2fc" dataRowInfo="0" resultType="DataDrivenDataRow" />
        <UnitTestResult executionId="10e07720-72c7-4af6-8bcf-1793de5f4d60" parentExecutionId="46c2124e-d6f1-4696-b5e3-f726c7cdb2fc" testId="0bc2f98c-98f5-f190-c78c-c00d94c547a1" testName="third_person_tenses_active" computerName="ARPAN-LAP" duration="00:00:00.0183710" startTime="2014-06-29T10:31:12.5582904+05:30" endTime="2014-06-29T10:31:12.5762915+05:30" testType="13cdc9d9-ddb5-4fa4-a97d-d965ccfc6d4b" outcome="Passed" testListId="8c84fa94-04c1-424b-9868-57a2d4851a1d" relativeResultsDirectory="46c2124e-d6f1-4696-b5e3-f726c7cdb2fc" dataRowInfo="1" resultType="DataDrivenDataRow" />
        <UnitTestResult executionId="f20958a9-8136-4c28-bdef-fbc7ddea35f8" parentExecutionId="46c2124e-d6f1-4696-b5e3-f726c7cdb2fc" testId="0bc2f98c-98f5-f190-c78c-c00d94c547a1" testName="third_person_tenses_active" computerName="ARPAN-LAP" duration="00:00:00.0331825" startTime="2014-06-29T10:31:12.5772915+05:30" endTime="2014-06-29T10:31:12.6102934+05:30" testType="13cdc9d9-ddb5-4fa4-a97d-d965ccfc6d4b" outcome="Passed" testListId="8c84fa94-04c1-424b-9868-57a2d4851a1d" relativeResultsDirectory="46c2124e-d6f1-4696-b5e3-f726c7cdb2fc" dataRowInfo="2" resultType="DataDrivenDataRow" />
        <UnitTestResult executionId="30777586-738d-4105-a2f2-73a827fa2194" parentExecutionId="46c2124e-d6f1-4696-b5e3-f726c7cdb2fc" testId="0bc2f98c-98f5-f190-c78c-c00d94c547a1" testName="third_person_tenses_active" computerName="ARPAN-LAP" duration="00:00:00.0318768" startTime="2014-06-29T10:31:12.6102934+05:30" endTime="2014-06-29T10:31:12.6422952+05:30" testType="13cdc9d9-ddb5-4fa4-a97d-d965ccfc6d4b" outcome="Passed" testListId="8c84fa94-04c1-424b-9868-57a2d4851a1d" relativeResultsDirectory="46c2124e-d6f1-4696-b5e3-f726c7cdb2fc" dataRowInfo="3" resultType="DataDrivenDataRow" />
        <UnitTestResult executionId="b2934dd5-7202-4d64-8a79-964c7d8d0000" parentExecutionId="46c2124e-d6f1-4696-b5e3-f726c7cdb2fc" testId="0bc2f98c-98f5-f190-c78c-c00d94c547a1" testName="third_person_tenses_active" computerName="ARPAN-LAP" duration="00:00:00.0275273" startTime="2014-06-29T10:31:12.6422952+05:30" endTime="2014-06-29T10:31:12.6692968+05:30" testType="13cdc9d9-ddb5-4fa4-a97d-d965ccfc6d4b" outcome="Passed" testListId="8c84fa94-04c1-424b-9868-57a2d4851a1d" relativeResultsDirectory="46c2124e-d6f1-4696-b5e3-f726c7cdb2fc" dataRowInfo="4" resultType="DataDrivenDataRow" />
        <UnitTestResult executionId="6e4bf992-d43f-4029-9921-59763208aeb2" parentExecutionId="46c2124e-d6f1-4696-b5e3-f726c7cdb2fc" testId="0bc2f98c-98f5-f190-c78c-c00d94c547a1" testName="third_person_tenses_active" computerName="ARPAN-LAP" duration="00:00:00.0291349" startTime="2014-06-29T10:31:12.6692968+05:30" endTime="2014-06-29T10:31:12.6982984+05:30" testType="13cdc9d9-ddb5-4fa4-a97d-d965ccfc6d4b" outcome="Passed" testListId="8c84fa94-04c1-424b-9868-57a2d4851a1d" relativeResultsDirectory="46c2124e-d6f1-4696-b5e3-f726c7cdb2fc" dataRowInfo="5" resultType="DataDrivenDataRow" />
        <UnitTestResult executionId="ed266d56-7805-4af4-b8c9-23594431915e" parentExecutionId="46c2124e-d6f1-4696-b5e3-f726c7cdb2fc" testId="0bc2f98c-98f5-f190-c78c-c00d94c547a1" testName="third_person_tenses_active" computerName="ARPAN-LAP" duration="00:00:00.0241956" startTime="2014-06-29T10:31:12.6982984+05:30" endTime="2014-06-29T10:31:12.7232999+05:30" testType="13cdc9d9-ddb5-4fa4-a97d-d965ccfc6d4b" outcome="Passed" testListId="8c84fa94-04c1-424b-9868-57a2d4851a1d" relativeResultsDirectory="46c2124e-d6f1-4696-b5e3-f726c7cdb2fc" dataRowInfo="6" resultType="DataDrivenDataRow" />
        <UnitTestResult executionId="882d8e29-7927-423e-9430-7ce7c02525e8" parentExecutionId="46c2124e-d6f1-4696-b5e3-f726c7cdb2fc" testId="0bc2f98c-98f5-f190-c78c-c00d94c547a1" testName="third_person_tenses_active" computerName="ARPAN-LAP" duration="00:00:00.0347188" startTime="2014-06-29T10:31:12.7232999+05:30" endTime="2014-06-29T10:31:12.7573018+05:30" testType="13cdc9d9-ddb5-4fa4-a97d-d965ccfc6d4b" outcome="Passed" testListId="8c84fa94-04c1-424b-9868-57a2d4851a1d" relativeResultsDirectory="46c2124e-d6f1-4696-b5e3-f726c7cdb2fc" dataRowInfo="7" resultType="DataDrivenDataRow" />
        <UnitTestResult executionId="08ad9432-8bb0-44d2-afc4-bd66a9743d44" parentExecutionId="46c2124e-d6f1-4696-b5e3-f726c7cdb2fc" testId="0bc2f98c-98f5-f190-c78c-c00d94c547a1" testName="third_person_tenses_active" computerName="ARPAN-LAP" duration="00:00:00.0233297" startTime="2014-06-29T10:31:12.7573018+05:30" endTime="2014-06-29T10:31:12.7813032+05:30" testType="13cdc9d9-ddb5-4fa4-a97d-d965ccfc6d4b" outcome="Passed" testListId="8c84fa94-04c1-424b-9868-57a2d4851a1d" relativeResultsDirectory="46c2124e-d6f1-4696-b5e3-f726c7cdb2fc" dataRowInfo="8" resultType="DataDrivenDataRow" />
        <UnitTestResult executionId="8b11d638-22fd-4e1d-ab9a-2da179af686e" parentExecutionId="46c2124e-d6f1-4696-b5e3-f726c7cdb2fc" testId="0bc2f98c-98f5-f190-c78c-c00d94c547a1" testName="third_person_tenses_active" computerName="ARPAN-LAP" duration="00:00:00.0773769" startTime="2014-06-29T10:31:12.7813032+05:30" endTime="2014-06-29T10:31:12.8583076+05:30" testType="13cdc9d9-ddb5-4fa4-a97d-d965ccfc6d4b" outcome="Passed" testListId="8c84fa94-04c1-424b-9868-57a2d4851a1d" relativeResultsDirectory="46c2124e-d6f1-4696-b5e3-f726c7cdb2fc" dataRowInfo="9" resultType="DataDrivenDataRow" />
      </InnerResults>
    </UnitTestResult>
    <UnitTestResult executionId="40afa665-f96f-480b-8374-0a0eb56527f8" testId="0f337a75-1a2d-d9c3-6c5f-23ed2604b69d" testName="prepositions_made_with_two_words" computerName="ARPAN-LAP" duration="00:00:00.1689571" startTime="2014-06-29T10:31:13.1753257+05:30" endTime="2014-06-29T10:31:13.3593362+05:30" testType="13cdc9d9-ddb5-4fa4-a97d-d965ccfc6d4b" outcome="Passed" testListId="8c84fa94-04c1-424b-9868-57a2d4851a1d" relativeResultsDirectory="40afa665-f96f-480b-8374-0a0eb56527f8" resultType="DataDrivenTest">
      <Counters error="0" failed="0" timeout="0" aborted="0" inconclusive="0" passedButRunAborted="0" notRunnable="0" notExecuted="0" disconnected="0" warning="0" passed="3" completed="0" inProgress="0" pending="0" />
      <InnerResults>
        <UnitTestResult executionId="dcfe380e-4f83-4519-af68-7307738636d3" parentExecutionId="40afa665-f96f-480b-8374-0a0eb56527f8" testId="0f337a75-1a2d-d9c3-6c5f-23ed2604b69d" testName="prepositions_made_with_two_words" computerName="ARPAN-LAP" duration="00:00:00.0390451" startTime="2014-06-29T10:31:13.2123278+05:30" endTime="2014-06-29T10:31:13.2513301+05:30" testType="13cdc9d9-ddb5-4fa4-a97d-d965ccfc6d4b" outcome="Passed" testListId="8c84fa94-04c1-424b-9868-57a2d4851a1d" relativeResultsDirectory="40afa665-f96f-480b-8374-0a0eb56527f8" dataRowInfo="0" resultType="DataDrivenDataRow" />
        <UnitTestResult executionId="074f9d17-2261-4c7a-afdb-978eb69716ec" parentExecutionId="40afa665-f96f-480b-8374-0a0eb56527f8" testId="0f337a75-1a2d-d9c3-6c5f-23ed2604b69d" testName="prepositions_made_with_two_words" computerName="ARPAN-LAP" duration="00:00:00.0482225" startTime="2014-06-29T10:31:13.2513301+05:30" endTime="2014-06-29T10:31:13.2993328+05:30" testType="13cdc9d9-ddb5-4fa4-a97d-d965ccfc6d4b" outcome="Passed" testListId="8c84fa94-04c1-424b-9868-57a2d4851a1d" relativeResultsDirectory="40afa665-f96f-480b-8374-0a0eb56527f8" dataRowInfo="1" resultType="DataDrivenDataRow" />
        <UnitTestResult executionId="47c93f7a-1958-4883-9487-892f9ca6e9d5" parentExecutionId="40afa665-f96f-480b-8374-0a0eb56527f8" testId="0f337a75-1a2d-d9c3-6c5f-23ed2604b69d" testName="prepositions_made_with_two_words" computerName="ARPAN-LAP" duration="00:00:00.0475696" startTime="2014-06-29T10:31:13.2993328+05:30" endTime="2014-06-29T10:31:13.3473356+05:30" testType="13cdc9d9-ddb5-4fa4-a97d-d965ccfc6d4b" outcome="Passed" testListId="8c84fa94-04c1-424b-9868-57a2d4851a1d" relativeResultsDirectory="40afa665-f96f-480b-8374-0a0eb56527f8" dataRowInfo="2" resultType="DataDrivenDataRow" />
      </InnerResults>
    </UnitTestResult>
    <UnitTestResult executionId="23349519-250c-4cc4-9c71-bfbb894afc1c" testId="0f33848d-a900-d644-7498-2526887b5425" testName="prepositions_made_with_three_words" computerName="ARPAN-LAP" duration="00:00:00.3020380" startTime="2014-06-29T10:31:13.3603363+05:30" endTime="2014-06-29T10:31:13.6823547+05:30" testType="13cdc9d9-ddb5-4fa4-a97d-d965ccfc6d4b" outcome="Passed" testListId="8c84fa94-04c1-424b-9868-57a2d4851a1d" relativeResultsDirectory="23349519-250c-4cc4-9c71-bfbb894afc1c" resultType="DataDrivenTest">
      <Counters error="0" failed="0" timeout="0" aborted="0" inconclusive="0" passedButRunAborted="0" notRunnable="0" notExecuted="0" disconnected="0" warning="0" passed="4" completed="0" inProgress="0" pending="0" />
      <InnerResults>
        <UnitTestResult executionId="5deca2b8-5dcc-4891-aa74-e0149cec72f2" parentExecutionId="23349519-250c-4cc4-9c71-bfbb894afc1c" testId="0f33848d-a900-d644-7498-2526887b5425" testName="prepositions_made_with_three_words" computerName="ARPAN-LAP" duration="00:00:00.0543155" startTime="2014-06-29T10:31:13.4123393+05:30" endTime="2014-06-29T10:31:13.4663424+05:30" testType="13cdc9d9-ddb5-4fa4-a97d-d965ccfc6d4b" outcome="Passed" testListId="8c84fa94-04c1-424b-9868-57a2d4851a1d" relativeResultsDirectory="23349519-250c-4cc4-9c71-bfbb894afc1c" dataRowInfo="0" resultType="DataDrivenDataRow" />
        <UnitTestResult executionId="dd8f2a35-7586-4ad2-b276-01f3096dba89" parentExecutionId="23349519-250c-4cc4-9c71-bfbb894afc1c" testId="0f33848d-a900-d644-7498-2526887b5425" testName="prepositions_made_with_three_words" computerName="ARPAN-LAP" duration="00:00:00.1038802" startTime="2014-06-29T10:31:13.4663424+05:30" endTime="2014-06-29T10:31:13.5703483+05:30" testType="13cdc9d9-ddb5-4fa4-a97d-d965ccfc6d4b" outcome="Passed" testListId="8c84fa94-04c1-424b-9868-57a2d4851a1d" relativeResultsDirectory="23349519-250c-4cc4-9c71-bfbb894afc1c" dataRowInfo="1" resultType="DataDrivenDataRow" />
        <UnitTestResult executionId="8036fa29-1c21-4f5f-9ba0-3962aceabf4a" parentExecutionId="23349519-250c-4cc4-9c71-bfbb894afc1c" testId="0f33848d-a900-d644-7498-2526887b5425" testName="prepositions_made_with_three_words" computerName="ARPAN-LAP" duration="00:00:00.0465307" startTime="2014-06-29T10:31:13.5703483+05:30" endTime="2014-06-29T10:31:13.6173510+05:30" testType="13cdc9d9-ddb5-4fa4-a97d-d965ccfc6d4b" outcome="Passed" testListId="8c84fa94-04c1-424b-9868-57a2d4851a1d" relativeResultsDirectory="23349519-250c-4cc4-9c71-bfbb894afc1c" dataRowInfo="2" resultType="DataDrivenDataRow" />
        <UnitTestResult executionId="4ee22e1c-7e90-4a51-9ac1-2a08aca0f213" parentExecutionId="23349519-250c-4cc4-9c71-bfbb894afc1c" testId="0f33848d-a900-d644-7498-2526887b5425" testName="prepositions_made_with_three_words" computerName="ARPAN-LAP" duration="00:00:00.0487814" startTime="2014-06-29T10:31:13.6173510+05:30" endTime="2014-06-29T10:31:13.6663538+05:30" testType="13cdc9d9-ddb5-4fa4-a97d-d965ccfc6d4b" outcome="Passed" testListId="8c84fa94-04c1-424b-9868-57a2d4851a1d" relativeResultsDirectory="23349519-250c-4cc4-9c71-bfbb894afc1c" dataRowInfo="3" resultType="DataDrivenDataRow" />
      </InnerResults>
    </UnitTestResult>
    <UnitTestResult executionId="36d629d4-404e-4474-be3c-e6b7b633837e" testId="15fe5bf6-5078-81a8-0356-385549390bb7" testName="first_person_tenses_active_negation" computerName="ARPAN-LAP" duration="00:00:00.3508528" startTime="2014-06-29T10:31:13.6983556+05:30" endTime="2014-06-29T10:31:14.1023787+05:30" testType="13cdc9d9-ddb5-4fa4-a97d-d965ccfc6d4b" outcome="Passed" testListId="8c84fa94-04c1-424b-9868-57a2d4851a1d" relativeResultsDirectory="36d629d4-404e-4474-be3c-e6b7b633837e" resultType="DataDrivenTest">
      <Counters error="0" failed="0" timeout="0" aborted="0" inconclusive="0" passedButRunAborted="0" notRunnable="0" notExecuted="0" disconnected="0" warning="0" passed="10" completed="0" inProgress="0" pending="0" />
      <InnerResults>
        <UnitTestResult executionId="621bda62-1988-4a8a-ae55-e132a1ccd6c8" parentExecutionId="36d629d4-404e-4474-be3c-e6b7b633837e" testId="15fe5bf6-5078-81a8-0356-385549390bb7" testName="first_person_tenses_active_negation" computerName="ARPAN-LAP" duration="00:00:00.0260126" startTime="2014-06-29T10:31:13.7623593+05:30" endTime="2014-06-29T10:31:13.7883608+05:30" testType="13cdc9d9-ddb5-4fa4-a97d-d965ccfc6d4b" outcome="Passed" testListId="8c84fa94-04c1-424b-9868-57a2d4851a1d" relativeResultsDirectory="36d629d4-404e-4474-be3c-e6b7b633837e" dataRowInfo="0" resultType="DataDrivenDataRow" />
        <UnitTestResult executionId="6198ab58-3709-4f0f-8d95-c74afcb6eed0" parentExecutionId="36d629d4-404e-4474-be3c-e6b7b633837e" testId="15fe5bf6-5078-81a8-0356-385549390bb7" testName="first_person_tenses_active_negation" computerName="ARPAN-LAP" duration="00:00:00.0270274" startTime="2014-06-29T10:31:13.7883608+05:30" endTime="2014-06-29T10:31:13.8153623+05:30" testType="13cdc9d9-ddb5-4fa4-a97d-d965ccfc6d4b" outcome="Passed" testListId="8c84fa94-04c1-424b-9868-57a2d4851a1d" relativeResultsDirectory="36d629d4-404e-4474-be3c-e6b7b633837e" dataRowInfo="1" resultType="DataDrivenDataRow" />
        <UnitTestResult executionId="6fc485b4-43cf-4a4e-9e52-59984238ba3e" parentExecutionId="36d629d4-404e-4474-be3c-e6b7b633837e" testId="15fe5bf6-5078-81a8-0356-385549390bb7" testName="first_person_tenses_active_negation" computerName="ARPAN-LAP" duration="00:00:00.0294131" startTime="2014-06-29T10:31:13.8153623+05:30" endTime="2014-06-29T10:31:13.8453640+05:30" testType="13cdc9d9-ddb5-4fa4-a97d-d965ccfc6d4b" outcome="Passed" testListId="8c84fa94-04c1-424b-9868-57a2d4851a1d" relativeResultsDirectory="36d629d4-404e-4474-be3c-e6b7b633837e" dataRowInfo="2" resultType="DataDrivenDataRow" />
        <UnitTestResult executionId="171dd28c-30cf-4e8b-9165-c40b5939bebb" parentExecutionId="36d629d4-404e-4474-be3c-e6b7b633837e" testId="15fe5bf6-5078-81a8-0356-385549390bb7" testName="first_person_tenses_active_negation" computerName="ARPAN-LAP" duration="00:00:00.0316709" startTime="2014-06-29T10:31:13.8453640+05:30" endTime="2014-06-29T10:31:13.8763658+05:30" testType="13cdc9d9-ddb5-4fa4-a97d-d965ccfc6d4b" outcome="Passed" testListId="8c84fa94-04c1-424b-9868-57a2d4851a1d" relativeResultsDirectory="36d629d4-404e-4474-be3c-e6b7b633837e" dataRowInfo="3" resultType="DataDrivenDataRow" />
        <UnitTestResult executionId="24f86ef8-f4d5-4c4a-8dee-5119842518e3" parentExecutionId="36d629d4-404e-4474-be3c-e6b7b633837e" testId="15fe5bf6-5078-81a8-0356-385549390bb7" testName="first_person_tenses_active_negation" computerName="ARPAN-LAP" duration="00:00:00.0235689" startTime="2014-06-29T10:31:13.8763658+05:30" endTime="2014-06-29T10:31:13.9003672+05:30" testType="13cdc9d9-ddb5-4fa4-a97d-d965ccfc6d4b" outcome="Passed" testListId="8c84fa94-04c1-424b-9868-57a2d4851a1d" relativeResultsDirectory="36d629d4-404e-4474-be3c-e6b7b633837e" dataRowInfo="4" resultType="DataDrivenDataRow" />
        <UnitTestResult executionId="20338318-cb7d-4462-a7e4-0c3d74fdfbab" parentExecutionId="36d629d4-404e-4474-be3c-e6b7b633837e" testId="15fe5bf6-5078-81a8-0356-385549390bb7" testName="first_person_tenses_active_negation" computerName="ARPAN-LAP" duration="00:00:00.0248937" startTime="2014-06-29T10:31:13.9003672+05:30" endTime="2014-06-29T10:31:13.9253686+05:30" testType="13cdc9d9-ddb5-4fa4-a97d-d965ccfc6d4b" outcome="Passed" testListId="8c84fa94-04c1-424b-9868-57a2d4851a1d" relativeResultsDirectory="36d629d4-404e-4474-be3c-e6b7b633837e" dataRowInfo="5" resultType="DataDrivenDataRow" />
        <UnitTestResult executionId="ccf9e8f6-d21e-4bf1-b966-1a47a41fd314" parentExecutionId="36d629d4-404e-4474-be3c-e6b7b633837e" testId="15fe5bf6-5078-81a8-0356-385549390bb7" testName="first_person_tenses_active_negation" computerName="ARPAN-LAP" duration="00:00:00.0324527" startTime="2014-06-29T10:31:13.9253686+05:30" endTime="2014-06-29T10:31:13.9573705+05:30" testType="13cdc9d9-ddb5-4fa4-a97d-d965ccfc6d4b" outcome="Passed" testListId="8c84fa94-04c1-424b-9868-57a2d4851a1d" relativeResultsDirectory="36d629d4-404e-4474-be3c-e6b7b633837e" dataRowInfo="6" resultType="DataDrivenDataRow" />
        <UnitTestResult executionId="52670712-4fa6-4655-bdbe-70f061461fbf" parentExecutionId="36d629d4-404e-4474-be3c-e6b7b633837e" testId="15fe5bf6-5078-81a8-0356-385549390bb7" testName="first_person_tenses_active_negation" computerName="ARPAN-LAP" duration="00:00:00.0516075" startTime="2014-06-29T10:31:13.9573705+05:30" endTime="2014-06-29T10:31:14.0093734+05:30" testType="13cdc9d9-ddb5-4fa4-a97d-d965ccfc6d4b" outcome="Passed" testListId="8c84fa94-04c1-424b-9868-57a2d4851a1d" relativeResultsDirectory="36d629d4-404e-4474-be3c-e6b7b633837e" dataRowInfo="7" resultType="DataDrivenDataRow" />
        <UnitTestResult executionId="b4ec15d2-9ba7-4b53-81a8-b39ea96937d9" parentExecutionId="36d629d4-404e-4474-be3c-e6b7b633837e" testId="15fe5bf6-5078-81a8-0356-385549390bb7" testName="first_person_tenses_active_negation" computerName="ARPAN-LAP" duration="00:00:00.0319681" startTime="2014-06-29T10:31:14.0093734+05:30" endTime="2014-06-29T10:31:14.0413753+05:30" testType="13cdc9d9-ddb5-4fa4-a97d-d965ccfc6d4b" outcome="Passed" testListId="8c84fa94-04c1-424b-9868-57a2d4851a1d" relativeResultsDirectory="36d629d4-404e-4474-be3c-e6b7b633837e" dataRowInfo="8" resultType="DataDrivenDataRow" />
        <UnitTestResult executionId="e12fe120-6091-4c3c-9e62-d081cfbe1bd1" parentExecutionId="36d629d4-404e-4474-be3c-e6b7b633837e" testId="15fe5bf6-5078-81a8-0356-385549390bb7" testName="first_person_tenses_active_negation" computerName="ARPAN-LAP" duration="00:00:00.0315755" startTime="2014-06-29T10:31:14.0413753+05:30" endTime="2014-06-29T10:31:14.0733771+05:30" testType="13cdc9d9-ddb5-4fa4-a97d-d965ccfc6d4b" outcome="Passed" testListId="8c84fa94-04c1-424b-9868-57a2d4851a1d" relativeResultsDirectory="36d629d4-404e-4474-be3c-e6b7b633837e" dataRowInfo="9" resultType="DataDrivenDataRow" />
      </InnerResults>
    </UnitTestResult>
    <UnitTestResult executionId="009d474a-b1e3-4e2e-9154-6025fc069416" testId="1b04a6d6-5350-792c-8eba-a46a0eb28949" testName="interrogative_sentences_why" computerName="ARPAN-LAP" duration="00:00:00.1299735" startTime="2014-06-29T10:31:14.1153795+05:30" endTime="2014-06-29T10:31:14.2733885+05:30" testType="13cdc9d9-ddb5-4fa4-a97d-d965ccfc6d4b" outcome="Passed" testListId="8c84fa94-04c1-424b-9868-57a2d4851a1d" relativeResultsDirectory="009d474a-b1e3-4e2e-9154-6025fc069416" resultType="DataDrivenTest">
      <Counters error="0" failed="0" timeout="0" aborted="0" inconclusive="0" passedButRunAborted="0" notRunnable="0" notExecuted="0" disconnected="0" warning="0" passed="3" completed="0" inProgress="0" pending="0" />
      <InnerResults>
        <UnitTestResult executionId="4463d247-1fcf-459c-b49d-4f55798783a1" parentExecutionId="009d474a-b1e3-4e2e-9154-6025fc069416" testId="1b04a6d6-5350-792c-8eba-a46a0eb28949" testName="interrogative_sentences_why" computerName="ARPAN-LAP" duration="00:00:00.0279343" startTime="2014-06-29T10:31:14.1703826+05:30" endTime="2014-06-29T10:31:14.1983842+05:30" testType="13cdc9d9-ddb5-4fa4-a97d-d965ccfc6d4b" outcome="Passed" testListId="8c84fa94-04c1-424b-9868-57a2d4851a1d" relativeResultsDirectory="009d474a-b1e3-4e2e-9154-6025fc069416" dataRowInfo="0" resultType="DataDrivenDataRow" />
        <UnitTestResult executionId="3cd1cc84-e865-4e3d-adbf-67f94afb032c" parentExecutionId="009d474a-b1e3-4e2e-9154-6025fc069416" testId="1b04a6d6-5350-792c-8eba-a46a0eb28949" testName="interrogative_sentences_why" computerName="ARPAN-LAP" duration="00:00:00.0335398" startTime="2014-06-29T10:31:14.1983842+05:30" endTime="2014-06-29T10:31:14.2323862+05:30" testType="13cdc9d9-ddb5-4fa4-a97d-d965ccfc6d4b" outcome="Passed" testListId="8c84fa94-04c1-424b-9868-57a2d4851a1d" relativeResultsDirectory="009d474a-b1e3-4e2e-9154-6025fc069416" dataRowInfo="1" resultType="DataDrivenDataRow" />
        <UnitTestResult executionId="489b7711-7d6d-40eb-a985-baeeb1073cbe" parentExecutionId="009d474a-b1e3-4e2e-9154-6025fc069416" testId="1b04a6d6-5350-792c-8eba-a46a0eb28949" testName="interrogative_sentences_why" computerName="ARPAN-LAP" duration="00:00:00.0291097" startTime="2014-06-29T10:31:14.2323862+05:30" endTime="2014-06-29T10:31:14.2613878+05:30" testType="13cdc9d9-ddb5-4fa4-a97d-d965ccfc6d4b" outcome="Passed" testListId="8c84fa94-04c1-424b-9868-57a2d4851a1d" relativeResultsDirectory="009d474a-b1e3-4e2e-9154-6025fc069416" dataRowInfo="2" resultType="DataDrivenDataRow" />
      </InnerResults>
    </UnitTestResult>
    <UnitTestResult executionId="f26e9178-20b4-4ed9-a159-cfeb436eb1c9" testId="1d63c318-78a9-9011-f5c0-0b01884a2881" testName="interrogative_sentences_do" computerName="ARPAN-LAP" duration="00:00:00.2851493" startTime="2014-06-29T10:31:14.2883894+05:30" endTime="2014-06-29T10:31:14.6304089+05:30" testType="13cdc9d9-ddb5-4fa4-a97d-d965ccfc6d4b" outcome="Passed" testListId="8c84fa94-04c1-424b-9868-57a2d4851a1d" relativeResultsDirectory="f26e9178-20b4-4ed9-a159-cfeb436eb1c9" resultType="DataDrivenTest">
      <Counters error="0" failed="0" timeout="0" aborted="0" inconclusive="0" passedButRunAborted="0" notRunnable="0" notExecuted="0" disconnected="0" warning="0" passed="9" completed="0" inProgress="0" pending="0" />
      <InnerResults>
        <UnitTestResult executionId="a7447e80-5377-4481-801a-2f5bfd5656e1" parentExecutionId="f26e9178-20b4-4ed9-a159-cfeb436eb1c9" testId="1d63c318-78a9-9011-f5c0-0b01884a2881" testName="interrogative_sentences_do" computerName="ARPAN-LAP" duration="00:00:00.0276890" startTime="2014-06-29T10:31:14.3283917+05:30" endTime="2014-06-29T10:31:14.3563933+05:30" testType="13cdc9d9-ddb5-4fa4-a97d-d965ccfc6d4b" outcome="Passed" testListId="8c84fa94-04c1-424b-9868-57a2d4851a1d" relativeResultsDirectory="f26e9178-20b4-4ed9-a159-cfeb436eb1c9" dataRowInfo="0" resultType="DataDrivenDataRow" />
        <UnitTestResult executionId="fa0cbd2c-2dff-4b3a-a394-6f6c6dffc496" parentExecutionId="f26e9178-20b4-4ed9-a159-cfeb436eb1c9" testId="1d63c318-78a9-9011-f5c0-0b01884a2881" testName="interrogative_sentences_do" computerName="ARPAN-LAP" duration="00:00:00.0276838" startTime="2014-06-29T10:31:14.3563933+05:30" endTime="2014-06-29T10:31:14.3843949+05:30" testType="13cdc9d9-ddb5-4fa4-a97d-d965ccfc6d4b" outcome="Passed" testListId="8c84fa94-04c1-424b-9868-57a2d4851a1d" relativeResultsDirectory="f26e9178-20b4-4ed9-a159-cfeb436eb1c9" dataRowInfo="1" resultType="DataDrivenDataRow" />
        <UnitTestResult executionId="31ccd3c2-3a68-4c4e-b8cb-bc3162fe7f41" parentExecutionId="f26e9178-20b4-4ed9-a159-cfeb436eb1c9" testId="1d63c318-78a9-9011-f5c0-0b01884a2881" testName="interrogative_sentences_do" computerName="ARPAN-LAP" duration="00:00:00.0477482" startTime="2014-06-29T10:31:14.3843949+05:30" endTime="2014-06-29T10:31:14.4323976+05:30" testType="13cdc9d9-ddb5-4fa4-a97d-d965ccfc6d4b" outcome="Passed" testListId="8c84fa94-04c1-424b-9868-57a2d4851a1d" relativeResultsDirectory="f26e9178-20b4-4ed9-a159-cfeb436eb1c9" dataRowInfo="2" resultType="DataDrivenDataRow" />
        <UnitTestResult executionId="f73550a0-90f3-4c15-ae20-79fdab071bbe" parentExecutionId="f26e9178-20b4-4ed9-a159-cfeb436eb1c9" testId="1d63c318-78a9-9011-f5c0-0b01884a2881" testName="interrogative_sentences_do" computerName="ARPAN-LAP" duration="00:00:00.0338359" startTime="2014-06-29T10:31:14.4323976+05:30" endTime="2014-06-29T10:31:14.4663996+05:30" testType="13cdc9d9-ddb5-4fa4-a97d-d965ccfc6d4b" outcome="Passed" testListId="8c84fa94-04c1-424b-9868-57a2d4851a1d" relativeResultsDirectory="f26e9178-20b4-4ed9-a159-cfeb436eb1c9" dataRowInfo="3" resultType="DataDrivenDataRow" />
        <UnitTestResult executionId="634571b0-3b35-4c19-8330-df03ea98ffb6" parentExecutionId="f26e9178-20b4-4ed9-a159-cfeb436eb1c9" testId="1d63c318-78a9-9011-f5c0-0b01884a2881" testName="interrogative_sentences_do" computerName="ARPAN-LAP" duration="00:00:00.0220019" startTime="2014-06-29T10:31:14.4663996+05:30" endTime="2014-06-29T10:31:14.4884008+05:30" testType="13cdc9d9-ddb5-4fa4-a97d-d965ccfc6d4b" outcome="Passed" testListId="8c84fa94-04c1-424b-9868-57a2d4851a1d" relativeResultsDirectory="f26e9178-20b4-4ed9-a159-cfeb436eb1c9" dataRowInfo="4" resultType="DataDrivenDataRow" />
        <UnitTestResult executionId="5e813af2-d6d5-4f30-804a-f58bf7f769ee" parentExecutionId="f26e9178-20b4-4ed9-a159-cfeb436eb1c9" testId="1d63c318-78a9-9011-f5c0-0b01884a2881" testName="interrogative_sentences_do" computerName="ARPAN-LAP" duration="00:00:00.0318932" startTime="2014-06-29T10:31:14.4884008+05:30" endTime="2014-06-29T10:31:14.5204027+05:30" testType="13cdc9d9-ddb5-4fa4-a97d-d965ccfc6d4b" outcome="Passed" testListId="8c84fa94-04c1-424b-9868-57a2d4851a1d" relativeResultsDirectory="f26e9178-20b4-4ed9-a159-cfeb436eb1c9" dataRowInfo="5" resultType="DataDrivenDataRow" />
        <UnitTestResult executionId="33bffa4c-4fa7-4455-a0aa-43a69d1a2e40" parentExecutionId="f26e9178-20b4-4ed9-a159-cfeb436eb1c9" testId="1d63c318-78a9-9011-f5c0-0b01884a2881" testName="interrogative_sentences_do" computerName="ARPAN-LAP" duration="00:00:00.0276376" startTime="2014-06-29T10:31:14.5204027+05:30" endTime="2014-06-29T10:31:14.5484043+05:30" testType="13cdc9d9-ddb5-4fa4-a97d-d965ccfc6d4b" outcome="Passed" testListId="8c84fa94-04c1-424b-9868-57a2d4851a1d" relativeResultsDirectory="f26e9178-20b4-4ed9-a159-cfeb436eb1c9" dataRowInfo="6" resultType="DataDrivenDataRow" />
        <UnitTestResult executionId="ad598bd3-3152-4f71-bcee-d132ff0fd180" parentExecutionId="f26e9178-20b4-4ed9-a159-cfeb436eb1c9" testId="1d63c318-78a9-9011-f5c0-0b01884a2881" testName="interrogative_sentences_do" computerName="ARPAN-LAP" duration="00:00:00.0266373" startTime="2014-06-29T10:31:14.5484043+05:30" endTime="2014-06-29T10:31:14.5744057+05:30" testType="13cdc9d9-ddb5-4fa4-a97d-d965ccfc6d4b" outcome="Passed" testListId="8c84fa94-04c1-424b-9868-57a2d4851a1d" relativeResultsDirectory="f26e9178-20b4-4ed9-a159-cfeb436eb1c9" dataRowInfo="7" resultType="DataDrivenDataRow" />
        <UnitTestResult executionId="e3a0c155-1219-4d74-9d1b-848c92de4f98" parentExecutionId="f26e9178-20b4-4ed9-a159-cfeb436eb1c9" testId="1d63c318-78a9-9011-f5c0-0b01884a2881" testName="interrogative_sentences_do" computerName="ARPAN-LAP" duration="00:00:00.0285302" startTime="2014-06-29T10:31:14.5744057+05:30" endTime="2014-06-29T10:31:14.6034074+05:30" testType="13cdc9d9-ddb5-4fa4-a97d-d965ccfc6d4b" outcome="Passed" testListId="8c84fa94-04c1-424b-9868-57a2d4851a1d" relativeResultsDirectory="f26e9178-20b4-4ed9-a159-cfeb436eb1c9" dataRowInfo="8" resultType="DataDrivenDataRow" />
      </InnerResults>
    </UnitTestResult>
    <UnitTestResult executionId="e6e02ab1-033a-45c2-a6a7-59d9059f67de" testId="227f20ae-8e76-eb71-39b2-4ada3ce6aba8" testName="interrogative_sentences_how" computerName="ARPAN-LAP" duration="00:00:01.2971229" startTime="2014-06-29T10:31:14.6394095+05:30" endTime="2014-06-29T10:31:16.0084878+05:30" testType="13cdc9d9-ddb5-4fa4-a97d-d965ccfc6d4b" outcome="Failed" testListId="8c84fa94-04c1-424b-9868-57a2d4851a1d" relativeResultsDirectory="e6e02ab1-033a-45c2-a6a7-59d9059f67de" resultType="DataDrivenTest">
      <Counters error="0" failed="4" timeout="0" aborted="0" inconclusive="0" passedButRunAborted="0" notRunnable="0" notExecuted="0" disconnected="0" warning="0" passed="14" completed="0" inProgress="0" pending="0" />
      <InnerResults>
        <UnitTestResult executionId="1cb99766-2f55-41b9-8ac3-a9b7780b4894" parentExecutionId="e6e02ab1-033a-45c2-a6a7-59d9059f67de" testId="227f20ae-8e76-eb71-39b2-4ada3ce6aba8" testName="interrogative_sentences_how" computerName="ARPAN-LAP" duration="00:00:00.0234576" startTime="2014-06-29T10:31:14.6844120+05:30" endTime="2014-06-29T10:31:14.7084134+05:30" testType="13cdc9d9-ddb5-4fa4-a97d-d965ccfc6d4b" outcome="Passed" testListId="8c84fa94-04c1-424b-9868-57a2d4851a1d" relativeResultsDirectory="e6e02ab1-033a-45c2-a6a7-59d9059f67de" dataRowInfo="0" resultType="DataDrivenDataRow" />
        <UnitTestResult executionId="f40803d8-7be0-48b0-bc06-e1f2f3a2f56e" parentExecutionId="e6e02ab1-033a-45c2-a6a7-59d9059f67de" testId="227f20ae-8e76-eb71-39b2-4ada3ce6aba8" testName="interrogative_sentences_how" computerName="ARPAN-LAP" duration="00:00:00.6573461" startTime="2014-06-29T10:31:14.7084134+05:30" endTime="2014-06-29T10:31:15.3654510+05:30" testType="13cdc9d9-ddb5-4fa4-a97d-d965ccfc6d4b" outcome="Failed" testListId="8c84fa94-04c1-424b-9868-57a2d4851a1d" relativeResultsDirectory="e6e02ab1-033a-45c2-a6a7-59d9059f67de" dataRowInfo="1" resultType="DataDrivenDataRow">
          <Output>
            <ErrorInfo>
              <Message>Assert.AreEqual failed. Expected:&lt;আপনি কেমন ছিলেন ?&gt;. Actual:&lt;কেমন ছিলেন আপনি ?&gt;. How were you?</Message>
              <StackTrace>   at UnitTest.BnlpTest.interrogative_sentences_how() in D:\software\Project\BNLP\UnitTest\BnlpTest.cs:line 274
</StackTrace>
            </ErrorInfo>
          </Output>
        </UnitTestResult>
        <UnitTestResult executionId="5a57813c-6d97-4b6a-aa08-310ad367ed47" parentExecutionId="e6e02ab1-033a-45c2-a6a7-59d9059f67de" testId="227f20ae-8e76-eb71-39b2-4ada3ce6aba8" testName="interrogative_sentences_how" computerName="ARPAN-LAP" duration="00:00:00.0352808" startTime="2014-06-29T10:31:15.3654510+05:30" endTime="2014-06-29T10:31:15.4014530+05:30" testType="13cdc9d9-ddb5-4fa4-a97d-d965ccfc6d4b" outcome="Failed" testListId="8c84fa94-04c1-424b-9868-57a2d4851a1d" relativeResultsDirectory="e6e02ab1-033a-45c2-a6a7-59d9059f67de" dataRowInfo="2" resultType="DataDrivenDataRow">
          <Output>
            <ErrorInfo>
              <Message>Assert.AreEqual failed. Expected:&lt;এই মেশিন কাজটি কিভাবে করে ?&gt;. Actual:&lt;করে এই মেশিনটি কিভাবে কাজ ?&gt;. How does this machine work?</Message>
              <StackTrace>   at UnitTest.BnlpTest.interrogative_sentences_how() in D:\software\Project\BNLP\UnitTest\BnlpTest.cs:line 274
</StackTrace>
            </ErrorInfo>
          </Output>
        </UnitTestResult>
        <UnitTestResult executionId="599776a2-c032-4fe6-80b1-66be9a548af5" parentExecutionId="e6e02ab1-033a-45c2-a6a7-59d9059f67de" testId="227f20ae-8e76-eb71-39b2-4ada3ce6aba8" testName="interrogative_sentences_how" computerName="ARPAN-LAP" duration="00:00:00.0506112" startTime="2014-06-29T10:31:15.4014530+05:30" endTime="2014-06-29T10:31:15.4514559+05:30" testType="13cdc9d9-ddb5-4fa4-a97d-d965ccfc6d4b" outcome="Passed" testListId="8c84fa94-04c1-424b-9868-57a2d4851a1d" relativeResultsDirectory="e6e02ab1-033a-45c2-a6a7-59d9059f67de" dataRowInfo="3" resultType="DataDrivenDataRow" />
        <UnitTestResult executionId="4c342650-1e0b-41b9-8ac9-1a9565eae0e1" parentExecutionId="e6e02ab1-033a-45c2-a6a7-59d9059f67de" testId="227f20ae-8e76-eb71-39b2-4ada3ce6aba8" testName="interrogative_sentences_how" computerName="ARPAN-LAP" duration="00:00:00.0372974" startTime="2014-06-29T10:31:15.4514559+05:30" endTime="2014-06-29T10:31:15.4894581+05:30" testType="13cdc9d9-ddb5-4fa4-a97d-d965ccfc6d4b" outcome="Passed" testListId="8c84fa94-04c1-424b-9868-57a2d4851a1d" relativeResultsDirectory="e6e02ab1-033a-45c2-a6a7-59d9059f67de" dataRowInfo="4" resultType="DataDrivenDataRow" />
        <UnitTestResult executionId="a57158c6-5a42-4fed-858c-e1ad940d9929" parentExecutionId="e6e02ab1-033a-45c2-a6a7-59d9059f67de" testId="227f20ae-8e76-eb71-39b2-4ada3ce6aba8" testName="interrogative_sentences_how" computerName="ARPAN-LAP" duration="00:00:00.0292339" startTime="2014-06-29T10:31:15.4894581+05:30" endTime="2014-06-29T10:31:15.5184597+05:30" testType="13cdc9d9-ddb5-4fa4-a97d-d965ccfc6d4b" outcome="Passed" testListId="8c84fa94-04c1-424b-9868-57a2d4851a1d" relativeResultsDirectory="e6e02ab1-033a-45c2-a6a7-59d9059f67de" dataRowInfo="5" resultType="DataDrivenDataRow" />
        <UnitTestResult executionId="caa9f128-c834-47e4-9810-08ea53868bf9" parentExecutionId="e6e02ab1-033a-45c2-a6a7-59d9059f67de" testId="227f20ae-8e76-eb71-39b2-4ada3ce6aba8" testName="interrogative_sentences_how" computerName="ARPAN-LAP" duration="00:00:00.0439905" startTime="2014-06-29T10:31:15.5184597+05:30" endTime="2014-06-29T10:31:15.5624623+05:30" testType="13cdc9d9-ddb5-4fa4-a97d-d965ccfc6d4b" outcome="Passed" testListId="8c84fa94-04c1-424b-9868-57a2d4851a1d" relativeResultsDirectory="e6e02ab1-033a-45c2-a6a7-59d9059f67de" dataRowInfo="6" resultType="DataDrivenDataRow" />
        <UnitTestResult executionId="a3172790-09a7-42cc-b677-2eb8c962afe6" parentExecutionId="e6e02ab1-033a-45c2-a6a7-59d9059f67de" testId="227f20ae-8e76-eb71-39b2-4ada3ce6aba8" testName="interrogative_sentences_how" computerName="ARPAN-LAP" duration="00:00:00.0588154" startTime="2014-06-29T10:31:15.5624623+05:30" endTime="2014-06-29T10:31:15.6214656+05:30" testType="13cdc9d9-ddb5-4fa4-a97d-d965ccfc6d4b" outcome="Passed" testListId="8c84fa94-04c1-424b-9868-57a2d4851a1d" relativeResultsDirectory="e6e02ab1-033a-45c2-a6a7-59d9059f67de" dataRowInfo="7" resultType="DataDrivenDataRow" />
        <UnitTestResult executionId="a41c7af8-f412-4a88-825f-fa20ed36fa06" parentExecutionId="e6e02ab1-033a-45c2-a6a7-59d9059f67de" testId="227f20ae-8e76-eb71-39b2-4ada3ce6aba8" testName="interrogative_sentences_how" computerName="ARPAN-LAP" duration="00:00:00.0299777" startTime="2014-06-29T10:31:15.6214656+05:30" endTime="2014-06-29T10:31:15.6514673+05:30" testType="13cdc9d9-ddb5-4fa4-a97d-d965ccfc6d4b" outcome="Passed" testListId="8c84fa94-04c1-424b-9868-57a2d4851a1d" relativeResultsDirectory="e6e02ab1-033a-45c2-a6a7-59d9059f67de" dataRowInfo="8" resultType="DataDrivenDataRow" />
        <UnitTestResult executionId="a9e51d05-2dc9-4d28-a097-fa5b6f8b127b" parentExecutionId="e6e02ab1-033a-45c2-a6a7-59d9059f67de" testId="227f20ae-8e76-eb71-39b2-4ada3ce6aba8" testName="interrogative_sentences_how" computerName="ARPAN-LAP" duration="00:00:00.0315950" startTime="2014-06-29T10:31:15.6514673+05:30" endTime="2014-06-29T10:31:15.6824691+05:30" testType="13cdc9d9-ddb5-4fa4-a97d-d965ccfc6d4b" outcome="Passed" testListId="8c84fa94-04c1-424b-9868-57a2d4851a1d" relativeResultsDirectory="e6e02ab1-033a-45c2-a6a7-59d9059f67de" dataRowInfo="9" resultType="DataDrivenDataRow" />
        <UnitTestResult executionId="eca3493e-6b90-46f1-90a1-debe28d243ff" parentExecutionId="e6e02ab1-033a-45c2-a6a7-59d9059f67de" testId="227f20ae-8e76-eb71-39b2-4ada3ce6aba8" testName="interrogative_sentences_how" computerName="ARPAN-LAP" duration="00:00:00.0376244" startTime="2014-06-29T10:31:15.6824691+05:30" endTime="2014-06-29T10:31:15.7204713+05:30" testType="13cdc9d9-ddb5-4fa4-a97d-d965ccfc6d4b" outcome="Passed" testListId="8c84fa94-04c1-424b-9868-57a2d4851a1d" relativeResultsDirectory="e6e02ab1-033a-45c2-a6a7-59d9059f67de" dataRowInfo="10" resultType="DataDrivenDataRow" />
        <UnitTestResult executionId="04d81b8a-3c3e-4982-89ac-72ce7126da7a" parentExecutionId="e6e02ab1-033a-45c2-a6a7-59d9059f67de" testId="227f20ae-8e76-eb71-39b2-4ada3ce6aba8" testName="interrogative_sentences_how" computerName="ARPAN-LAP" duration="00:00:00.0291739" startTime="2014-06-29T10:31:15.7204713+05:30" endTime="2014-06-29T10:31:15.7494730+05:30" testType="13cdc9d9-ddb5-4fa4-a97d-d965ccfc6d4b" outcome="Failed" testListId="8c84fa94-04c1-424b-9868-57a2d4851a1d" relativeResultsDirectory="e6e02ab1-033a-45c2-a6a7-59d9059f67de" dataRowInfo="11" resultType="DataDrivenDataRow">
          <Output>
            <ErrorInfo>
              <Message>Assert.AreEqual failed. Expected:&lt;এইটি কত দুরে ?&gt;. Actual:&lt;কত দুরে এইটি ?&gt;. How far is it?</Message>
              <StackTrace>   at UnitTest.BnlpTest.interrogative_sentences_how() in D:\software\Project\BNLP\UnitTest\BnlpTest.cs:line 274
</StackTrace>
            </ErrorInfo>
          </Output>
        </UnitTestResult>
        <UnitTestResult executionId="195687aa-af14-4eb3-bca7-d05af7b3a7cd" parentExecutionId="e6e02ab1-033a-45c2-a6a7-59d9059f67de" testId="227f20ae-8e76-eb71-39b2-4ada3ce6aba8" testName="interrogative_sentences_how" computerName="ARPAN-LAP" duration="00:00:00.0258422" startTime="2014-06-29T10:31:15.7494730+05:30" endTime="2014-06-29T10:31:15.7754744+05:30" testType="13cdc9d9-ddb5-4fa4-a97d-d965ccfc6d4b" outcome="Passed" testListId="8c84fa94-04c1-424b-9868-57a2d4851a1d" relativeResultsDirectory="e6e02ab1-033a-45c2-a6a7-59d9059f67de" dataRowInfo="12" resultType="DataDrivenDataRow" />
        <UnitTestResult executionId="cca92f6e-b672-40b5-93c1-d586ebb73bc5" parentExecutionId="e6e02ab1-033a-45c2-a6a7-59d9059f67de" testId="227f20ae-8e76-eb71-39b2-4ada3ce6aba8" testName="interrogative_sentences_how" computerName="ARPAN-LAP" duration="00:00:00.0325143" startTime="2014-06-29T10:31:15.7754744+05:30" endTime="2014-06-29T10:31:15.8084763+05:30" testType="13cdc9d9-ddb5-4fa4-a97d-d965ccfc6d4b" outcome="Passed" testListId="8c84fa94-04c1-424b-9868-57a2d4851a1d" relativeResultsDirectory="e6e02ab1-033a-45c2-a6a7-59d9059f67de" dataRowInfo="13" resultType="DataDrivenDataRow" />
        <UnitTestResult executionId="ad89112f-5fa9-4f71-bb9f-b2cabedd2f56" parentExecutionId="e6e02ab1-033a-45c2-a6a7-59d9059f67de" testId="227f20ae-8e76-eb71-39b2-4ada3ce6aba8" testName="interrogative_sentences_how" computerName="ARPAN-LAP" duration="00:00:00.0347947" startTime="2014-06-29T10:31:15.8084763+05:30" endTime="2014-06-29T10:31:15.8434783+05:30" testType="13cdc9d9-ddb5-4fa4-a97d-d965ccfc6d4b" outcome="Passed" testListId="8c84fa94-04c1-424b-9868-57a2d4851a1d" relativeResultsDirectory="e6e02ab1-033a-45c2-a6a7-59d9059f67de" dataRowInfo="14" resultType="DataDrivenDataRow" />
        <UnitTestResult executionId="df6904eb-6039-4526-8710-21e4abf3a746" parentExecutionId="e6e02ab1-033a-45c2-a6a7-59d9059f67de" testId="227f20ae-8e76-eb71-39b2-4ada3ce6aba8" testName="interrogative_sentences_how" computerName="ARPAN-LAP" duration="00:00:00.0371948" startTime="2014-06-29T10:31:15.8434783+05:30" endTime="2014-06-29T10:31:15.8804804+05:30" testType="13cdc9d9-ddb5-4fa4-a97d-d965ccfc6d4b" outcome="Failed" testListId="8c84fa94-04c1-424b-9868-57a2d4851a1d" relativeResultsDirectory="e6e02ab1-033a-45c2-a6a7-59d9059f67de" dataRowInfo="15" resultType="DataDrivenDataRow">
          <Output>
            <ErrorInfo>
              <Message>Assert.AreEqual failed. Expected:&lt;একটি ভাল ছাত্র হতে হয় কিভাবে ?&gt;. Actual:&lt;হয় কিভাবে একটি ভাল ছাত্র ?&gt;. How to be a good student?</Message>
              <StackTrace>   at UnitTest.BnlpTest.interrogative_sentences_how() in D:\software\Project\BNLP\UnitTest\BnlpTest.cs:line 274
</StackTrace>
            </ErrorInfo>
          </Output>
        </UnitTestResult>
        <UnitTestResult executionId="25d19932-c4d4-40d0-8649-e60292c4c907" parentExecutionId="e6e02ab1-033a-45c2-a6a7-59d9059f67de" testId="227f20ae-8e76-eb71-39b2-4ada3ce6aba8" testName="interrogative_sentences_how" computerName="ARPAN-LAP" duration="00:00:00.0320272" startTime="2014-06-29T10:31:15.8804804+05:30" endTime="2014-06-29T10:31:15.9124823+05:30" testType="13cdc9d9-ddb5-4fa4-a97d-d965ccfc6d4b" outcome="Passed" testListId="8c84fa94-04c1-424b-9868-57a2d4851a1d" relativeResultsDirectory="e6e02ab1-033a-45c2-a6a7-59d9059f67de" dataRowInfo="16" resultType="DataDrivenDataRow" />
        <UnitTestResult executionId="9275dfeb-30f9-41e3-9f9a-6b504eedcf57" parentExecutionId="e6e02ab1-033a-45c2-a6a7-59d9059f67de" testId="227f20ae-8e76-eb71-39b2-4ada3ce6aba8" testName="interrogative_sentences_how" computerName="ARPAN-LAP" duration="00:00:00.0371655" startTime="2014-06-29T10:31:15.9124823+05:30" endTime="2014-06-29T10:31:15.9494844+05:30" testType="13cdc9d9-ddb5-4fa4-a97d-d965ccfc6d4b" outcome="Passed" testListId="8c84fa94-04c1-424b-9868-57a2d4851a1d" relativeResultsDirectory="e6e02ab1-033a-45c2-a6a7-59d9059f67de" dataRowInfo="17" resultType="DataDrivenDataRow" />
      </InnerResults>
    </UnitTestResult>
    <UnitTestResult executionId="dbb9f447-2fa8-408a-93b6-36d08d60f226" testId="30ab3285-6a8c-14d2-9725-bd60892ccd90" testName="second_person_tenses_active" computerName="ARPAN-LAP" duration="00:00:00.4008097" startTime="2014-06-29T10:31:16.0104879+05:30" endTime="2014-06-29T10:31:16.4525132+05:30" testType="13cdc9d9-ddb5-4fa4-a97d-d965ccfc6d4b" outcome="Passed" testListId="8c84fa94-04c1-424b-9868-57a2d4851a1d" relativeResultsDirectory="dbb9f447-2fa8-408a-93b6-36d08d60f226" resultType="DataDrivenTest">
      <Counters error="0" failed="0" timeout="0" aborted="0" inconclusive="0" passedButRunAborted="0" notRunnable="0" notExecuted="0" disconnected="0" warning="0" passed="10" completed="0" inProgress="0" pending="0" />
      <InnerResults>
        <UnitTestResult executionId="751b1caa-b721-4033-beee-274d15df3d4f" parentExecutionId="dbb9f447-2fa8-408a-93b6-36d08d60f226" testId="30ab3285-6a8c-14d2-9725-bd60892ccd90" testName="second_person_tenses_active" computerName="ARPAN-LAP" duration="00:00:00.0567772" startTime="2014-06-29T10:31:16.0774917+05:30" endTime="2014-06-29T10:31:16.1334949+05:30" testType="13cdc9d9-ddb5-4fa4-a97d-d965ccfc6d4b" outcome="Passed" testListId="8c84fa94-04c1-424b-9868-57a2d4851a1d" relativeResultsDirectory="dbb9f447-2fa8-408a-93b6-36d08d60f226" dataRowInfo="0" resultType="DataDrivenDataRow" />
        <UnitTestResult executionId="36f75163-6521-4be4-bb9d-a2558f08f841" parentExecutionId="dbb9f447-2fa8-408a-93b6-36d08d60f226" testId="30ab3285-6a8c-14d2-9725-bd60892ccd90" testName="second_person_tenses_active" computerName="ARPAN-LAP" duration="00:00:00.0259710" startTime="2014-06-29T10:31:16.1334949+05:30" endTime="2014-06-29T10:31:16.1594964+05:30" testType="13cdc9d9-ddb5-4fa4-a97d-d965ccfc6d4b" outcome="Passed" testListId="8c84fa94-04c1-424b-9868-57a2d4851a1d" relativeResultsDirectory="dbb9f447-2fa8-408a-93b6-36d08d60f226" dataRowInfo="1" resultType="DataDrivenDataRow" />
        <UnitTestResult executionId="bae29d51-bcd0-4aae-a76b-0d96bdbd9f2a" parentExecutionId="dbb9f447-2fa8-408a-93b6-36d08d60f226" testId="30ab3285-6a8c-14d2-9725-bd60892ccd90" testName="second_person_tenses_active" computerName="ARPAN-LAP" duration="00:00:00.0683925" startTime="2014-06-29T10:31:16.1594964+05:30" endTime="2014-06-29T10:31:16.2285004+05:30" testType="13cdc9d9-ddb5-4fa4-a97d-d965ccfc6d4b" outcome="Passed" testListId="8c84fa94-04c1-424b-9868-57a2d4851a1d" relativeResultsDirectory="dbb9f447-2fa8-408a-93b6-36d08d60f226" dataRowInfo="2" resultType="DataDrivenDataRow" />
        <UnitTestResult executionId="9f8f55d8-41e1-4c9e-bac8-204221f73da8" parentExecutionId="dbb9f447-2fa8-408a-93b6-36d08d60f226" testId="30ab3285-6a8c-14d2-9725-bd60892ccd90" testName="second_person_tenses_active" computerName="ARPAN-LAP" duration="00:00:00.0381685" startTime="2014-06-29T10:31:16.2285004+05:30" endTime="2014-06-29T10:31:16.2665025+05:30" testType="13cdc9d9-ddb5-4fa4-a97d-d965ccfc6d4b" outcome="Passed" testListId="8c84fa94-04c1-424b-9868-57a2d4851a1d" relativeResultsDirectory="dbb9f447-2fa8-408a-93b6-36d08d60f226" dataRowInfo="3" resultType="DataDrivenDataRow" />
        <UnitTestResult executionId="481524b9-982f-4f36-8f9d-90a77fbd027b" parentExecutionId="dbb9f447-2fa8-408a-93b6-36d08d60f226" testId="30ab3285-6a8c-14d2-9725-bd60892ccd90" testName="second_person_tenses_active" computerName="ARPAN-LAP" duration="00:00:00.0174317" startTime="2014-06-29T10:31:16.2665025+05:30" endTime="2014-06-29T10:31:16.2845036+05:30" testType="13cdc9d9-ddb5-4fa4-a97d-d965ccfc6d4b" outcome="Passed" testListId="8c84fa94-04c1-424b-9868-57a2d4851a1d" relativeResultsDirectory="dbb9f447-2fa8-408a-93b6-36d08d60f226" dataRowInfo="4" resultType="DataDrivenDataRow" />
        <UnitTestResult executionId="caacf9f1-ae74-4bc7-a7e2-3955035d5733" parentExecutionId="dbb9f447-2fa8-408a-93b6-36d08d60f226" testId="30ab3285-6a8c-14d2-9725-bd60892ccd90" testName="second_person_tenses_active" computerName="ARPAN-LAP" duration="00:00:00.0264238" startTime="2014-06-29T10:31:16.2845036+05:30" endTime="2014-06-29T10:31:16.3105050+05:30" testType="13cdc9d9-ddb5-4fa4-a97d-d965ccfc6d4b" outcome="Passed" testListId="8c84fa94-04c1-424b-9868-57a2d4851a1d" relativeResultsDirectory="dbb9f447-2fa8-408a-93b6-36d08d60f226" dataRowInfo="5" resultType="DataDrivenDataRow" />
        <UnitTestResult executionId="394acce3-0467-4c9a-b6be-a9478b36ca55" parentExecutionId="dbb9f447-2fa8-408a-93b6-36d08d60f226" testId="30ab3285-6a8c-14d2-9725-bd60892ccd90" testName="second_person_tenses_active" computerName="ARPAN-LAP" duration="00:00:00.0275170" startTime="2014-06-29T10:31:16.3105050+05:30" endTime="2014-06-29T10:31:16.3385066+05:30" testType="13cdc9d9-ddb5-4fa4-a97d-d965ccfc6d4b" outcome="Passed" testListId="8c84fa94-04c1-424b-9868-57a2d4851a1d" relativeResultsDirectory="dbb9f447-2fa8-408a-93b6-36d08d60f226" dataRowInfo="6" resultType="DataDrivenDataRow" />
        <UnitTestResult executionId="6c2c10b3-6cdd-443e-add3-fc2f816327b7" parentExecutionId="dbb9f447-2fa8-408a-93b6-36d08d60f226" testId="30ab3285-6a8c-14d2-9725-bd60892ccd90" testName="second_person_tenses_active" computerName="ARPAN-LAP" duration="00:00:00.0368863" startTime="2014-06-29T10:31:16.3385066+05:30" endTime="2014-06-29T10:31:16.3755088+05:30" testType="13cdc9d9-ddb5-4fa4-a97d-d965ccfc6d4b" outcome="Passed" testListId="8c84fa94-04c1-424b-9868-57a2d4851a1d" relativeResultsDirectory="dbb9f447-2fa8-408a-93b6-36d08d60f226" dataRowInfo="7" resultType="DataDrivenDataRow" />
        <UnitTestResult executionId="7794718b-3d5d-4cb8-bacb-2a93c44354ba" parentExecutionId="dbb9f447-2fa8-408a-93b6-36d08d60f226" testId="30ab3285-6a8c-14d2-9725-bd60892ccd90" testName="second_person_tenses_active" computerName="ARPAN-LAP" duration="00:00:00.0212202" startTime="2014-06-29T10:31:16.3755088+05:30" endTime="2014-06-29T10:31:16.3965100+05:30" testType="13cdc9d9-ddb5-4fa4-a97d-d965ccfc6d4b" outcome="Passed" testListId="8c84fa94-04c1-424b-9868-57a2d4851a1d" relativeResultsDirectory="dbb9f447-2fa8-408a-93b6-36d08d60f226" dataRowInfo="8" resultType="DataDrivenDataRow" />
        <UnitTestResult executionId="2d5e57c0-cd3b-40f1-b100-32ca37e6c811" parentExecutionId="dbb9f447-2fa8-408a-93b6-36d08d60f226" testId="30ab3285-6a8c-14d2-9725-bd60892ccd90" testName="second_person_tenses_active" computerName="ARPAN-LAP" duration="00:00:00.0253438" startTime="2014-06-29T10:31:16.3965100+05:30" endTime="2014-06-29T10:31:16.4215114+05:30" testType="13cdc9d9-ddb5-4fa4-a97d-d965ccfc6d4b" outcome="Passed" testListId="8c84fa94-04c1-424b-9868-57a2d4851a1d" relativeResultsDirectory="dbb9f447-2fa8-408a-93b6-36d08d60f226" dataRowInfo="9" resultType="DataDrivenDataRow" />
      </InnerResults>
    </UnitTestResult>
    <UnitTestResult executionId="57b5f371-a425-4de8-a0eb-b6f8acde0c18" testId="32b5d279-0d23-e5ad-0301-234c8788f740" testName="interrogative_sentences_who" computerName="ARPAN-LAP" duration="00:00:00.1310478" startTime="2014-06-29T10:31:16.4535132+05:30" endTime="2014-06-29T10:31:16.6105222+05:30" testType="13cdc9d9-ddb5-4fa4-a97d-d965ccfc6d4b" outcome="Passed" testListId="8c84fa94-04c1-424b-9868-57a2d4851a1d" relativeResultsDirectory="57b5f371-a425-4de8-a0eb-b6f8acde0c18" resultType="DataDrivenTest">
      <Counters error="0" failed="0" timeout="0" aborted="0" inconclusive="0" passedButRunAborted="0" notRunnable="0" notExecuted="0" disconnected="0" warning="0" passed="4" completed="0" inProgress="0" pending="0" />
      <InnerResults>
        <UnitTestResult executionId="2d508486-1149-443f-97f4-6dfc96aaa4d8" parentExecutionId="57b5f371-a425-4de8-a0eb-b6f8acde0c18" testId="32b5d279-0d23-e5ad-0301-234c8788f740" testName="interrogative_sentences_who" computerName="ARPAN-LAP" duration="00:00:00.0196870" startTime="2014-06-29T10:31:16.4925155+05:30" endTime="2014-06-29T10:31:16.5115165+05:30" testType="13cdc9d9-ddb5-4fa4-a97d-d965ccfc6d4b" outcome="Passed" testListId="8c84fa94-04c1-424b-9868-57a2d4851a1d" relativeResultsDirectory="57b5f371-a425-4de8-a0eb-b6f8acde0c18" dataRowInfo="0" resultType="DataDrivenDataRow" />
        <UnitTestResult executionId="25c108fb-0c44-4baa-b71a-05187d42f3d1" parentExecutionId="57b5f371-a425-4de8-a0eb-b6f8acde0c18" testId="32b5d279-0d23-e5ad-0301-234c8788f740" testName="interrogative_sentences_who" computerName="ARPAN-LAP" duration="00:00:00.0186615" startTime="2014-06-29T10:31:16.5125166+05:30" endTime="2014-06-29T10:31:16.5305176+05:30" testType="13cdc9d9-ddb5-4fa4-a97d-d965ccfc6d4b" outcome="Passed" testListId="8c84fa94-04c1-424b-9868-57a2d4851a1d" relativeResultsDirectory="57b5f371-a425-4de8-a0eb-b6f8acde0c18" dataRowInfo="1" resultType="DataDrivenDataRow" />
        <UnitTestResult executionId="ac14da92-d854-4787-9a3e-a1c6ef347f99" parentExecutionId="57b5f371-a425-4de8-a0eb-b6f8acde0c18" testId="32b5d279-0d23-e5ad-0301-234c8788f740" testName="interrogative_sentences_who" computerName="ARPAN-LAP" duration="00:00:00.0250851" startTime="2014-06-29T10:31:16.5305176+05:30" endTime="2014-06-29T10:31:16.5555191+05:30" testType="13cdc9d9-ddb5-4fa4-a97d-d965ccfc6d4b" outcome="Passed" testListId="8c84fa94-04c1-424b-9868-57a2d4851a1d" relativeResultsDirectory="57b5f371-a425-4de8-a0eb-b6f8acde0c18" dataRowInfo="2" resultType="DataDrivenDataRow" />
        <UnitTestResult executionId="f0a54798-6a19-41ef-abc4-fdf0e544f5fc" parentExecutionId="57b5f371-a425-4de8-a0eb-b6f8acde0c18" testId="32b5d279-0d23-e5ad-0301-234c8788f740" testName="interrogative_sentences_who" computerName="ARPAN-LAP" duration="00:00:00.0319106" startTime="2014-06-29T10:31:16.5555191+05:30" endTime="2014-06-29T10:31:16.5875209+05:30" testType="13cdc9d9-ddb5-4fa4-a97d-d965ccfc6d4b" outcome="Passed" testListId="8c84fa94-04c1-424b-9868-57a2d4851a1d" relativeResultsDirectory="57b5f371-a425-4de8-a0eb-b6f8acde0c18" dataRowInfo="3" resultType="DataDrivenDataRow" />
      </InnerResults>
    </UnitTestResult>
    <UnitTestResult executionId="e9a82007-7a0d-4efe-9d69-80d48e52b4de" testId="39dcb97e-c73f-c645-a77c-64d9eba0a3a3" testName="interrogative_sentences_aux" computerName="ARPAN-LAP" duration="00:00:00.4786973" startTime="2014-06-29T10:31:16.6215228+05:30" endTime="2014-06-29T10:31:17.1775546+05:30" testType="13cdc9d9-ddb5-4fa4-a97d-d965ccfc6d4b" outcome="Passed" testListId="8c84fa94-04c1-424b-9868-57a2d4851a1d" relativeResultsDirectory="e9a82007-7a0d-4efe-9d69-80d48e52b4de" resultType="DataDrivenTest">
      <Counters error="0" failed="0" timeout="0" aborted="0" inconclusive="0" passedButRunAborted="0" notRunnable="0" notExecuted="0" disconnected="0" warning="0" passed="20" completed="0" inProgress="0" pending="0" />
      <InnerResults>
        <UnitTestResult executionId="d91903c6-e71b-4c76-ac1e-2bba0ea5f0ea" parentExecutionId="e9a82007-7a0d-4efe-9d69-80d48e52b4de" testId="39dcb97e-c73f-c645-a77c-64d9eba0a3a3" testName="interrogative_sentences_aux" computerName="ARPAN-LAP" duration="00:00:00.0214075" startTime="2014-06-29T10:31:16.6325235+05:30" endTime="2014-06-29T10:31:16.6545247+05:30" testType="13cdc9d9-ddb5-4fa4-a97d-d965ccfc6d4b" outcome="Passed" testListId="8c84fa94-04c1-424b-9868-57a2d4851a1d" relativeResultsDirectory="e9a82007-7a0d-4efe-9d69-80d48e52b4de" dataRowInfo="0" resultType="DataDrivenDataRow" />
        <UnitTestResult executionId="e6f5a4d1-fcb2-4d52-8e48-c5b2b9414cbd" parentExecutionId="e9a82007-7a0d-4efe-9d69-80d48e52b4de" testId="39dcb97e-c73f-c645-a77c-64d9eba0a3a3" testName="interrogative_sentences_aux" computerName="ARPAN-LAP" duration="00:00:00.0273856" startTime="2014-06-29T10:31:16.6545247+05:30" endTime="2014-06-29T10:31:16.6815263+05:30" testType="13cdc9d9-ddb5-4fa4-a97d-d965ccfc6d4b" outcome="Passed" testListId="8c84fa94-04c1-424b-9868-57a2d4851a1d" relativeResultsDirectory="e9a82007-7a0d-4efe-9d69-80d48e52b4de" dataRowInfo="1" resultType="DataDrivenDataRow" />
        <UnitTestResult executionId="c56b5cce-6461-443d-a625-8ecd466702a0" parentExecutionId="e9a82007-7a0d-4efe-9d69-80d48e52b4de" testId="39dcb97e-c73f-c645-a77c-64d9eba0a3a3" testName="interrogative_sentences_aux" computerName="ARPAN-LAP" duration="00:00:00.0208861" startTime="2014-06-29T10:31:16.6815263+05:30" endTime="2014-06-29T10:31:16.7025275+05:30" testType="13cdc9d9-ddb5-4fa4-a97d-d965ccfc6d4b" outcome="Passed" testListId="8c84fa94-04c1-424b-9868-57a2d4851a1d" relativeResultsDirectory="e9a82007-7a0d-4efe-9d69-80d48e52b4de" dataRowInfo="2" resultType="DataDrivenDataRow" />
        <UnitTestResult executionId="e634b6a4-04e3-4016-94ff-02c8fd996830" parentExecutionId="e9a82007-7a0d-4efe-9d69-80d48e52b4de" testId="39dcb97e-c73f-c645-a77c-64d9eba0a3a3" testName="interrogative_sentences_aux" computerName="ARPAN-LAP" duration="00:00:00.0326759" startTime="2014-06-29T10:31:16.7025275+05:30" endTime="2014-06-29T10:31:16.7355294+05:30" testType="13cdc9d9-ddb5-4fa4-a97d-d965ccfc6d4b" outcome="Passed" testListId="8c84fa94-04c1-424b-9868-57a2d4851a1d" relativeResultsDirectory="e9a82007-7a0d-4efe-9d69-80d48e52b4de" dataRowInfo="3" resultType="DataDrivenDataRow" />
        <UnitTestResult executionId="a60472ca-dd56-4129-af37-33e8e1160307" parentExecutionId="e9a82007-7a0d-4efe-9d69-80d48e52b4de" testId="39dcb97e-c73f-c645-a77c-64d9eba0a3a3" testName="interrogative_sentences_aux" computerName="ARPAN-LAP" duration="00:00:00.0320621" startTime="2014-06-29T10:31:16.7355294+05:30" endTime="2014-06-29T10:31:16.7675312+05:30" testType="13cdc9d9-ddb5-4fa4-a97d-d965ccfc6d4b" outcome="Passed" testListId="8c84fa94-04c1-424b-9868-57a2d4851a1d" relativeResultsDirectory="e9a82007-7a0d-4efe-9d69-80d48e52b4de" dataRowInfo="4" resultType="DataDrivenDataRow" />
        <UnitTestResult executionId="e89b2f74-c4ea-4620-827c-7714d57fafb8" parentExecutionId="e9a82007-7a0d-4efe-9d69-80d48e52b4de" testId="39dcb97e-c73f-c645-a77c-64d9eba0a3a3" testName="interrogative_sentences_aux" computerName="ARPAN-LAP" duration="00:00:00.0273384" startTime="2014-06-29T10:31:16.7675312+05:30" endTime="2014-06-29T10:31:16.7945327+05:30" testType="13cdc9d9-ddb5-4fa4-a97d-d965ccfc6d4b" outcome="Passed" testListId="8c84fa94-04c1-424b-9868-57a2d4851a1d" relativeResultsDirectory="e9a82007-7a0d-4efe-9d69-80d48e52b4de" dataRowInfo="5" resultType="DataDrivenDataRow" />
        <UnitTestResult executionId="1bed6b9f-2530-424f-bf1e-c435cdfd57d1" parentExecutionId="e9a82007-7a0d-4efe-9d69-80d48e52b4de" testId="39dcb97e-c73f-c645-a77c-64d9eba0a3a3" testName="interrogative_sentences_aux" computerName="ARPAN-LAP" duration="00:00:00.0203292" startTime="2014-06-29T10:31:16.7945327+05:30" endTime="2014-06-29T10:31:16.8155339+05:30" testType="13cdc9d9-ddb5-4fa4-a97d-d965ccfc6d4b" outcome="Passed" testListId="8c84fa94-04c1-424b-9868-57a2d4851a1d" relativeResultsDirectory="e9a82007-7a0d-4efe-9d69-80d48e52b4de" dataRowInfo="6" resultType="DataDrivenDataRow" />
        <UnitTestResult executionId="9ec9fbca-8145-43b3-a8c5-208fa33cc2d8" parentExecutionId="e9a82007-7a0d-4efe-9d69-80d48e52b4de" testId="39dcb97e-c73f-c645-a77c-64d9eba0a3a3" testName="interrogative_sentences_aux" computerName="ARPAN-LAP" duration="00:00:00.0358264" startTime="2014-06-29T10:31:16.8155339+05:30" endTime="2014-06-29T10:31:16.8515360+05:30" testType="13cdc9d9-ddb5-4fa4-a97d-d965ccfc6d4b" outcome="Passed" testListId="8c84fa94-04c1-424b-9868-57a2d4851a1d" relativeResultsDirectory="e9a82007-7a0d-4efe-9d69-80d48e52b4de" dataRowInfo="7" resultType="DataDrivenDataRow" />
        <UnitTestResult executionId="19bcafaf-88db-4f4c-b235-ae179bafaa10" parentExecutionId="e9a82007-7a0d-4efe-9d69-80d48e52b4de" testId="39dcb97e-c73f-c645-a77c-64d9eba0a3a3" testName="interrogative_sentences_aux" computerName="ARPAN-LAP" duration="00:00:00.0203035" startTime="2014-06-29T10:31:16.8515360+05:30" endTime="2014-06-29T10:31:16.8715371+05:30" testType="13cdc9d9-ddb5-4fa4-a97d-d965ccfc6d4b" outcome="Passed" testListId="8c84fa94-04c1-424b-9868-57a2d4851a1d" relativeResultsDirectory="e9a82007-7a0d-4efe-9d69-80d48e52b4de" dataRowInfo="8" resultType="DataDrivenDataRow" />
        <UnitTestResult executionId="5e50b37d-d353-4558-92f5-f1b06894e8a8" parentExecutionId="e9a82007-7a0d-4efe-9d69-80d48e52b4de" testId="39dcb97e-c73f-c645-a77c-64d9eba0a3a3" testName="interrogative_sentences_aux" computerName="ARPAN-LAP" duration="00:00:00.0292647" startTime="2014-06-29T10:31:16.8715371+05:30" endTime="2014-06-29T10:31:16.9005388+05:30" testType="13cdc9d9-ddb5-4fa4-a97d-d965ccfc6d4b" outcome="Passed" testListId="8c84fa94-04c1-424b-9868-57a2d4851a1d" relativeResultsDirectory="e9a82007-7a0d-4efe-9d69-80d48e52b4de" dataRowInfo="9" resultType="DataDrivenDataRow" />
        <UnitTestResult executionId="0c725f93-4b98-4300-ba09-74d327053e76" parentExecutionId="e9a82007-7a0d-4efe-9d69-80d48e52b4de" testId="39dcb97e-c73f-c645-a77c-64d9eba0a3a3" testName="interrogative_sentences_aux" computerName="ARPAN-LAP" duration="00:00:00.0205776" startTime="2014-06-29T10:31:16.9005388+05:30" endTime="2014-06-29T10:31:16.9215400+05:30" testType="13cdc9d9-ddb5-4fa4-a97d-d965ccfc6d4b" outcome="Passed" testListId="8c84fa94-04c1-424b-9868-57a2d4851a1d" relativeResultsDirectory="e9a82007-7a0d-4efe-9d69-80d48e52b4de" dataRowInfo="10" resultType="DataDrivenDataRow" />
        <UnitTestResult executionId="e3d03231-6aaa-4247-acf6-48eead6722bc" parentExecutionId="e9a82007-7a0d-4efe-9d69-80d48e52b4de" testId="39dcb97e-c73f-c645-a77c-64d9eba0a3a3" testName="interrogative_sentences_aux" computerName="ARPAN-LAP" duration="00:00:00.0180805" startTime="2014-06-29T10:31:16.9215400+05:30" endTime="2014-06-29T10:31:16.9395410+05:30" testType="13cdc9d9-ddb5-4fa4-a97d-d965ccfc6d4b" outcome="Passed" testListId="8c84fa94-04c1-424b-9868-57a2d4851a1d" relativeResultsDirectory="e9a82007-7a0d-4efe-9d69-80d48e52b4de" dataRowInfo="11" resultType="DataDrivenDataRow" />
        <UnitTestResult executionId="7b2b923a-1afa-4d31-b1e3-cf14a0363206" parentExecutionId="e9a82007-7a0d-4efe-9d69-80d48e52b4de" testId="39dcb97e-c73f-c645-a77c-64d9eba0a3a3" testName="interrogative_sentences_aux" computerName="ARPAN-LAP" duration="00:00:00.0177628" startTime="2014-06-29T10:31:16.9395410+05:30" endTime="2014-06-29T10:31:16.9575421+05:30" testType="13cdc9d9-ddb5-4fa4-a97d-d965ccfc6d4b" outcome="Passed" testListId="8c84fa94-04c1-424b-9868-57a2d4851a1d" relativeResultsDirectory="e9a82007-7a0d-4efe-9d69-80d48e52b4de" dataRowInfo="12" resultType="DataDrivenDataRow" />
        <UnitTestResult executionId="f51f317c-9e58-47aa-b8c1-36deaf23e819" parentExecutionId="e9a82007-7a0d-4efe-9d69-80d48e52b4de" testId="39dcb97e-c73f-c645-a77c-64d9eba0a3a3" testName="interrogative_sentences_aux" computerName="ARPAN-LAP" duration="00:00:00.0242572" startTime="2014-06-29T10:31:16.9575421+05:30" endTime="2014-06-29T10:31:16.9815434+05:30" testType="13cdc9d9-ddb5-4fa4-a97d-d965ccfc6d4b" outcome="Passed" testListId="8c84fa94-04c1-424b-9868-57a2d4851a1d" relativeResultsDirectory="e9a82007-7a0d-4efe-9d69-80d48e52b4de" dataRowInfo="13" resultType="DataDrivenDataRow" />
        <UnitTestResult executionId="a6f34719-026a-404e-bf5a-c346ca665a7f" parentExecutionId="e9a82007-7a0d-4efe-9d69-80d48e52b4de" testId="39dcb97e-c73f-c645-a77c-64d9eba0a3a3" testName="interrogative_sentences_aux" computerName="ARPAN-LAP" duration="00:00:00.0174102" startTime="2014-06-29T10:31:16.9815434+05:30" endTime="2014-06-29T10:31:16.9995445+05:30" testType="13cdc9d9-ddb5-4fa4-a97d-d965ccfc6d4b" outcome="Passed" testListId="8c84fa94-04c1-424b-9868-57a2d4851a1d" relativeResultsDirectory="e9a82007-7a0d-4efe-9d69-80d48e52b4de" dataRowInfo="14" resultType="DataDrivenDataRow" />
        <UnitTestResult executionId="bacc95f6-54db-4855-8df0-69b51a5dd989" parentExecutionId="e9a82007-7a0d-4efe-9d69-80d48e52b4de" testId="39dcb97e-c73f-c645-a77c-64d9eba0a3a3" testName="interrogative_sentences_aux" computerName="ARPAN-LAP" duration="00:00:00.0196378" startTime="2014-06-29T10:31:16.9995445+05:30" endTime="2014-06-29T10:31:17.0185455+05:30" testType="13cdc9d9-ddb5-4fa4-a97d-d965ccfc6d4b" outcome="Passed" testListId="8c84fa94-04c1-424b-9868-57a2d4851a1d" relativeResultsDirectory="e9a82007-7a0d-4efe-9d69-80d48e52b4de" dataRowInfo="15" resultType="DataDrivenDataRow" />
        <UnitTestResult executionId="5d3a4b4e-4422-4794-aed0-b691e2202fc4" parentExecutionId="e9a82007-7a0d-4efe-9d69-80d48e52b4de" testId="39dcb97e-c73f-c645-a77c-64d9eba0a3a3" testName="interrogative_sentences_aux" computerName="ARPAN-LAP" duration="00:00:00.0185640" startTime="2014-06-29T10:31:17.0185455+05:30" endTime="2014-06-29T10:31:17.0375466+05:30" testType="13cdc9d9-ddb5-4fa4-a97d-d965ccfc6d4b" outcome="Passed" testListId="8c84fa94-04c1-424b-9868-57a2d4851a1d" relativeResultsDirectory="e9a82007-7a0d-4efe-9d69-80d48e52b4de" dataRowInfo="16" resultType="DataDrivenDataRow" />
        <UnitTestResult executionId="d9a76083-4d10-456c-b825-ce830159cabd" parentExecutionId="e9a82007-7a0d-4efe-9d69-80d48e52b4de" testId="39dcb97e-c73f-c645-a77c-64d9eba0a3a3" testName="interrogative_sentences_aux" computerName="ARPAN-LAP" duration="00:00:00.0252150" startTime="2014-06-29T10:31:17.0375466+05:30" endTime="2014-06-29T10:31:17.0625481+05:30" testType="13cdc9d9-ddb5-4fa4-a97d-d965ccfc6d4b" outcome="Passed" testListId="8c84fa94-04c1-424b-9868-57a2d4851a1d" relativeResultsDirectory="e9a82007-7a0d-4efe-9d69-80d48e52b4de" dataRowInfo="17" resultType="DataDrivenDataRow" />
        <UnitTestResult executionId="f87e5a8f-1040-4800-84d4-67c8f98ef4d4" parentExecutionId="e9a82007-7a0d-4efe-9d69-80d48e52b4de" testId="39dcb97e-c73f-c645-a77c-64d9eba0a3a3" testName="interrogative_sentences_aux" computerName="ARPAN-LAP" duration="00:00:00.0168004" startTime="2014-06-29T10:31:17.0625481+05:30" endTime="2014-06-29T10:31:17.0795490+05:30" testType="13cdc9d9-ddb5-4fa4-a97d-d965ccfc6d4b" outcome="Passed" testListId="8c84fa94-04c1-424b-9868-57a2d4851a1d" relativeResultsDirectory="e9a82007-7a0d-4efe-9d69-80d48e52b4de" dataRowInfo="18" resultType="DataDrivenDataRow" />
        <UnitTestResult executionId="40897019-6073-48bb-a958-17cd5d08b31e" parentExecutionId="e9a82007-7a0d-4efe-9d69-80d48e52b4de" testId="39dcb97e-c73f-c645-a77c-64d9eba0a3a3" testName="interrogative_sentences_aux" computerName="ARPAN-LAP" duration="00:00:00.0235458" startTime="2014-06-29T10:31:17.0795490+05:30" endTime="2014-06-29T10:31:17.1035504+05:30" testType="13cdc9d9-ddb5-4fa4-a97d-d965ccfc6d4b" outcome="Passed" testListId="8c84fa94-04c1-424b-9868-57a2d4851a1d" relativeResultsDirectory="e9a82007-7a0d-4efe-9d69-80d48e52b4de" dataRowInfo="19" resultType="DataDrivenDataRow" />
      </InnerResults>
    </UnitTestResult>
    <UnitTestResult executionId="1be1a6ad-6754-4376-a73f-cc0637d12282" testId="4e91a3b9-9eae-ebff-0b97-303f00578a78" testName="interrogative_sentences_whom" computerName="ARPAN-LAP" duration="00:00:00.0582806" startTime="2014-06-29T10:31:17.1795547+05:30" endTime="2014-06-29T10:31:17.2485587+05:30" testType="13cdc9d9-ddb5-4fa4-a97d-d965ccfc6d4b" outcome="Passed" testListId="8c84fa94-04c1-424b-9868-57a2d4851a1d" relativeResultsDirectory="1be1a6ad-6754-4376-a73f-cc0637d12282" resultType="DataDrivenTest">
      <Counters error="0" failed="0" timeout="0" aborted="0" inconclusive="0" passedButRunAborted="0" notRunnable="0" notExecuted="0" disconnected="0" warning="0" passed="2" completed="0" inProgress="0" pending="0" />
      <InnerResults>
        <UnitTestResult executionId="60c8aa6c-d6b3-4b3a-8e25-37961d85188d" parentExecutionId="1be1a6ad-6754-4376-a73f-cc0637d12282" testId="4e91a3b9-9eae-ebff-0b97-303f00578a78" testName="interrogative_sentences_whom" computerName="ARPAN-LAP" duration="00:00:00.0302374" startTime="2014-06-29T10:31:17.1835550+05:30" endTime="2014-06-29T10:31:17.2135567+05:30" testType="13cdc9d9-ddb5-4fa4-a97d-d965ccfc6d4b" outcome="Passed" testListId="8c84fa94-04c1-424b-9868-57a2d4851a1d" relativeResultsDirectory="1be1a6ad-6754-4376-a73f-cc0637d12282" dataRowInfo="0" resultType="DataDrivenDataRow" />
        <UnitTestResult executionId="2f13a334-958b-43a9-bc10-a24de6186940" parentExecutionId="1be1a6ad-6754-4376-a73f-cc0637d12282" testId="4e91a3b9-9eae-ebff-0b97-303f00578a78" testName="interrogative_sentences_whom" computerName="ARPAN-LAP" duration="00:00:00.0262580" startTime="2014-06-29T10:31:17.2135567+05:30" endTime="2014-06-29T10:31:17.2395582+05:30" testType="13cdc9d9-ddb5-4fa4-a97d-d965ccfc6d4b" outcome="Passed" testListId="8c84fa94-04c1-424b-9868-57a2d4851a1d" relativeResultsDirectory="1be1a6ad-6754-4376-a73f-cc0637d12282" dataRowInfo="1" resultType="DataDrivenDataRow" />
      </InnerResults>
    </UnitTestResult>
    <UnitTestResult executionId="1933f30e-d884-4ba4-af7f-c41cb56aa070" testId="533e7939-123c-ce84-5c5c-d5a21d1d95b9" testName="special_handling_do_verb" computerName="ARPAN-LAP" duration="00:00:00.3968559" startTime="2014-06-29T10:31:17.2505588+05:30" endTime="2014-06-29T10:31:17.6895839+05:30" testType="13cdc9d9-ddb5-4fa4-a97d-d965ccfc6d4b" outcome="Passed" testListId="8c84fa94-04c1-424b-9868-57a2d4851a1d" relativeResultsDirectory="1933f30e-d884-4ba4-af7f-c41cb56aa070" resultType="DataDrivenTest">
      <Counters error="0" failed="0" timeout="0" aborted="0" inconclusive="0" passedButRunAborted="0" notRunnable="0" notExecuted="0" disconnected="0" warning="0" passed="13" completed="0" inProgress="0" pending="0" />
      <InnerResults>
        <UnitTestResult executionId="967f2a20-8302-4299-9bf8-91285332fc88" parentExecutionId="1933f30e-d884-4ba4-af7f-c41cb56aa070" testId="533e7939-123c-ce84-5c5c-d5a21d1d95b9" testName="special_handling_do_verb" computerName="ARPAN-LAP" duration="00:00:00.0202804" startTime="2014-06-29T10:31:17.2895610+05:30" endTime="2014-06-29T10:31:17.3095622+05:30" testType="13cdc9d9-ddb5-4fa4-a97d-d965ccfc6d4b" outcome="Passed" testListId="8c84fa94-04c1-424b-9868-57a2d4851a1d" relativeResultsDirectory="1933f30e-d884-4ba4-af7f-c41cb56aa070" dataRowInfo="0" resultType="DataDrivenDataRow" />
        <UnitTestResult executionId="1751e382-6be3-4f93-8186-e3e10649d79f" parentExecutionId="1933f30e-d884-4ba4-af7f-c41cb56aa070" testId="533e7939-123c-ce84-5c5c-d5a21d1d95b9" testName="special_handling_do_verb" computerName="ARPAN-LAP" duration="00:00:00.0228083" startTime="2014-06-29T10:31:17.3095622+05:30" endTime="2014-06-29T10:31:17.3325635+05:30" testType="13cdc9d9-ddb5-4fa4-a97d-d965ccfc6d4b" outcome="Passed" testListId="8c84fa94-04c1-424b-9868-57a2d4851a1d" relativeResultsDirectory="1933f30e-d884-4ba4-af7f-c41cb56aa070" dataRowInfo="1" resultType="DataDrivenDataRow" />
        <UnitTestResult executionId="5a545ef0-e0e7-46a8-b8a7-6634a683101f" parentExecutionId="1933f30e-d884-4ba4-af7f-c41cb56aa070" testId="533e7939-123c-ce84-5c5c-d5a21d1d95b9" testName="special_handling_do_verb" computerName="ARPAN-LAP" duration="00:00:00.0278696" startTime="2014-06-29T10:31:17.3325635+05:30" endTime="2014-06-29T10:31:17.3605651+05:30" testType="13cdc9d9-ddb5-4fa4-a97d-d965ccfc6d4b" outcome="Passed" testListId="8c84fa94-04c1-424b-9868-57a2d4851a1d" relativeResultsDirectory="1933f30e-d884-4ba4-af7f-c41cb56aa070" dataRowInfo="2" resultType="DataDrivenDataRow" />
        <UnitTestResult executionId="02087219-2623-4e62-a45c-b80900262cf4" parentExecutionId="1933f30e-d884-4ba4-af7f-c41cb56aa070" testId="533e7939-123c-ce84-5c5c-d5a21d1d95b9" testName="special_handling_do_verb" computerName="ARPAN-LAP" duration="00:00:00.0316299" startTime="2014-06-29T10:31:17.3605651+05:30" endTime="2014-06-29T10:31:17.3925669+05:30" testType="13cdc9d9-ddb5-4fa4-a97d-d965ccfc6d4b" outcome="Passed" testListId="8c84fa94-04c1-424b-9868-57a2d4851a1d" relativeResultsDirectory="1933f30e-d884-4ba4-af7f-c41cb56aa070" dataRowInfo="3" resultType="DataDrivenDataRow" />
        <UnitTestResult executionId="55c8ee8a-1b76-468a-857d-cba8aa9f2ecd" parentExecutionId="1933f30e-d884-4ba4-af7f-c41cb56aa070" testId="533e7939-123c-ce84-5c5c-d5a21d1d95b9" testName="special_handling_do_verb" computerName="ARPAN-LAP" duration="00:00:00.0226368" startTime="2014-06-29T10:31:17.3925669+05:30" endTime="2014-06-29T10:31:17.4145682+05:30" testType="13cdc9d9-ddb5-4fa4-a97d-d965ccfc6d4b" outcome="Passed" testListId="8c84fa94-04c1-424b-9868-57a2d4851a1d" relativeResultsDirectory="1933f30e-d884-4ba4-af7f-c41cb56aa070" dataRowInfo="4" resultType="DataDrivenDataRow" />
        <UnitTestResult executionId="e6607ad9-4846-43c3-ae3e-5093fe692938" parentExecutionId="1933f30e-d884-4ba4-af7f-c41cb56aa070" testId="533e7939-123c-ce84-5c5c-d5a21d1d95b9" testName="special_handling_do_verb" computerName="ARPAN-LAP" duration="00:00:00.0232153" startTime="2014-06-29T10:31:17.4145682+05:30" endTime="2014-06-29T10:31:17.4385696+05:30" testType="13cdc9d9-ddb5-4fa4-a97d-d965ccfc6d4b" outcome="Passed" testListId="8c84fa94-04c1-424b-9868-57a2d4851a1d" relativeResultsDirectory="1933f30e-d884-4ba4-af7f-c41cb56aa070" dataRowInfo="5" resultType="DataDrivenDataRow" />
        <UnitTestResult executionId="b1672078-28ab-4570-b7ba-79281b78c847" parentExecutionId="1933f30e-d884-4ba4-af7f-c41cb56aa070" testId="533e7939-123c-ce84-5c5c-d5a21d1d95b9" testName="special_handling_do_verb" computerName="ARPAN-LAP" duration="00:00:00.0333745" startTime="2014-06-29T10:31:17.4385696+05:30" endTime="2014-06-29T10:31:17.4715715+05:30" testType="13cdc9d9-ddb5-4fa4-a97d-d965ccfc6d4b" outcome="Passed" testListId="8c84fa94-04c1-424b-9868-57a2d4851a1d" relativeResultsDirectory="1933f30e-d884-4ba4-af7f-c41cb56aa070" dataRowInfo="6" resultType="DataDrivenDataRow" />
        <UnitTestResult executionId="24d3b012-9881-486e-a8f1-05b476549c01" parentExecutionId="1933f30e-d884-4ba4-af7f-c41cb56aa070" testId="533e7939-123c-ce84-5c5c-d5a21d1d95b9" testName="special_handling_do_verb" computerName="ARPAN-LAP" duration="00:00:00.0432571" startTime="2014-06-29T10:31:17.4715715+05:30" endTime="2014-06-29T10:31:17.5145739+05:30" testType="13cdc9d9-ddb5-4fa4-a97d-d965ccfc6d4b" outcome="Passed" testListId="8c84fa94-04c1-424b-9868-57a2d4851a1d" relativeResultsDirectory="1933f30e-d884-4ba4-af7f-c41cb56aa070" dataRowInfo="7" resultType="DataDrivenDataRow" />
        <UnitTestResult executionId="4b4c8c09-6f0b-4419-88c2-24247a8c174e" parentExecutionId="1933f30e-d884-4ba4-af7f-c41cb56aa070" testId="533e7939-123c-ce84-5c5c-d5a21d1d95b9" testName="special_handling_do_verb" computerName="ARPAN-LAP" duration="00:00:00.0239749" startTime="2014-06-29T10:31:17.5145739+05:30" endTime="2014-06-29T10:31:17.5385753+05:30" testType="13cdc9d9-ddb5-4fa4-a97d-d965ccfc6d4b" outcome="Passed" testListId="8c84fa94-04c1-424b-9868-57a2d4851a1d" relativeResultsDirectory="1933f30e-d884-4ba4-af7f-c41cb56aa070" dataRowInfo="8" resultType="DataDrivenDataRow" />
        <UnitTestResult executionId="4fe42777-73f6-4e0f-b27a-665614e6b129" parentExecutionId="1933f30e-d884-4ba4-af7f-c41cb56aa070" testId="533e7939-123c-ce84-5c5c-d5a21d1d95b9" testName="special_handling_do_verb" computerName="ARPAN-LAP" duration="00:00:00.0342291" startTime="2014-06-29T10:31:17.5385753+05:30" endTime="2014-06-29T10:31:17.5735773+05:30" testType="13cdc9d9-ddb5-4fa4-a97d-d965ccfc6d4b" outcome="Passed" testListId="8c84fa94-04c1-424b-9868-57a2d4851a1d" relativeResultsDirectory="1933f30e-d884-4ba4-af7f-c41cb56aa070" dataRowInfo="9" resultType="DataDrivenDataRow" />
        <UnitTestResult executionId="cd999845-1bf8-48a5-b89d-3aca381c49cd" parentExecutionId="1933f30e-d884-4ba4-af7f-c41cb56aa070" testId="533e7939-123c-ce84-5c5c-d5a21d1d95b9" testName="special_handling_do_verb" computerName="ARPAN-LAP" duration="00:00:00.0216734" startTime="2014-06-29T10:31:17.5735773+05:30" endTime="2014-06-29T10:31:17.5945785+05:30" testType="13cdc9d9-ddb5-4fa4-a97d-d965ccfc6d4b" outcome="Passed" testListId="8c84fa94-04c1-424b-9868-57a2d4851a1d" relativeResultsDirectory="1933f30e-d884-4ba4-af7f-c41cb56aa070" dataRowInfo="10" resultType="DataDrivenDataRow" />
        <UnitTestResult executionId="740a7653-a3b0-40f9-bd48-209a64e968bc" parentExecutionId="1933f30e-d884-4ba4-af7f-c41cb56aa070" testId="533e7939-123c-ce84-5c5c-d5a21d1d95b9" testName="special_handling_do_verb" computerName="ARPAN-LAP" duration="00:00:00.0291569" startTime="2014-06-29T10:31:17.5945785+05:30" endTime="2014-06-29T10:31:17.6245802+05:30" testType="13cdc9d9-ddb5-4fa4-a97d-d965ccfc6d4b" outcome="Passed" testListId="8c84fa94-04c1-424b-9868-57a2d4851a1d" relativeResultsDirectory="1933f30e-d884-4ba4-af7f-c41cb56aa070" dataRowInfo="11" resultType="DataDrivenDataRow" />
        <UnitTestResult executionId="27282b2f-9e76-4ec9-8b99-50afec7a025f" parentExecutionId="1933f30e-d884-4ba4-af7f-c41cb56aa070" testId="533e7939-123c-ce84-5c5c-d5a21d1d95b9" testName="special_handling_do_verb" computerName="ARPAN-LAP" duration="00:00:00.0269309" startTime="2014-06-29T10:31:17.6245802+05:30" endTime="2014-06-29T10:31:17.6515817+05:30" testType="13cdc9d9-ddb5-4fa4-a97d-d965ccfc6d4b" outcome="Passed" testListId="8c84fa94-04c1-424b-9868-57a2d4851a1d" relativeResultsDirectory="1933f30e-d884-4ba4-af7f-c41cb56aa070" dataRowInfo="12" resultType="DataDrivenDataRow" />
      </InnerResults>
    </UnitTestResult>
    <UnitTestResult executionId="e2873d33-dc6e-4eb9-a666-59818dbf1ae9" testId="642ce34f-0ed4-f995-637b-09297c832f2a" testName="RandomWord" computerName="ARPAN-LAP" duration="00:00:00.1691306" startTime="2014-06-29T10:31:17.6995845+05:30" endTime="2014-06-29T10:31:17.8805948+05:30" testType="13cdc9d9-ddb5-4fa4-a97d-d965ccfc6d4b" outcome="Failed" testListId="8c84fa94-04c1-424b-9868-57a2d4851a1d" relativeResultsDirectory="e2873d33-dc6e-4eb9-a666-59818dbf1ae9" resultType="DataDrivenTest">
      <Counters error="0" failed="1" timeout="0" aborted="0" inconclusive="0" passedButRunAborted="0" notRunnable="0" notExecuted="0" disconnected="0" warning="0" passed="0" completed="0" inProgress="0" pending="0" />
      <InnerResults>
        <UnitTestResult executionId="e7543793-1ba3-43c5-ab9a-be867efc2b41" parentExecutionId="e2873d33-dc6e-4eb9-a666-59818dbf1ae9" testId="642ce34f-0ed4-f995-637b-09297c832f2a" testName="RandomWord" computerName="ARPAN-LAP" duration="00:00:00.1462561" startTime="2014-06-29T10:31:17.7275861+05:30" endTime="2014-06-29T10:31:17.8735944+05:30" testType="13cdc9d9-ddb5-4fa4-a97d-d965ccfc6d4b" outcome="Failed" testListId="8c84fa94-04c1-424b-9868-57a2d4851a1d" relativeResultsDirectory="e2873d33-dc6e-4eb9-a666-59818dbf1ae9" dataRowInfo="0" resultType="DataDrivenDataRow">
          <Output>
            <ErrorInfo>
              <Message>Assert.AreEqual failed. Expected:&lt;পূর্ব সলোমন এর নৌ যুদ্ধ ২৪–২৫ অগষ্ট ১৯৪২ য়ে স্থান গ্রহণ করেছিল , এবং দ্বিতীয় বিশ্ব যুদ্ধ এর প্রশান্ত মহাসাগর সংগঠিত প্রচারকার্য এর তৃতীয় যুদ্ধ বাহক ।&gt;. Actual:&lt;পূর্ব সলোমন এর নৌ যুদ্ধ ২৪–২৫ অগষ্ট ১৯৪২ য়ে স্থান গ্রহণ করেছিল , এবং দ্বিতীয় বিশ্ব যুদ্ধ এর pacific:NP সংগঠিত প্রচারকার্য এর তৃতীয় যুদ্ধ বাহক ।&gt;. The naval Battle of the Eastern Solomons took place on 24–25 August 1942, and was the third carrier battle of the Pacific campaign of second World War.</Message>
              <StackTrace>   at UnitTest.BnlpTest.RandomWord() in D:\software\Project\BNLP\UnitTest\BnlpTest.cs:line 526
</StackTrace>
            </ErrorInfo>
          </Output>
        </UnitTestResult>
      </InnerResults>
    </UnitTestResult>
    <UnitTestResult executionId="897dca98-1b2d-4df2-949e-d016d8c43a28" testId="783915fe-114a-e353-78dd-56e92a60f942" testName="all_persons_modal_should" computerName="ARPAN-LAP" duration="00:00:00.4779803" startTime="2014-06-29T10:31:17.8825950+05:30" endTime="2014-06-29T10:31:18.4176256+05:30" testType="13cdc9d9-ddb5-4fa4-a97d-d965ccfc6d4b" outcome="Passed" testListId="8c84fa94-04c1-424b-9868-57a2d4851a1d" relativeResultsDirectory="897dca98-1b2d-4df2-949e-d016d8c43a28" resultType="DataDrivenTest">
      <Counters error="0" failed="0" timeout="0" aborted="0" inconclusive="0" passedButRunAborted="0" notRunnable="0" notExecuted="0" disconnected="0" warning="0" passed="17" completed="0" inProgress="0" pending="0" />
      <InnerResults>
        <UnitTestResult executionId="b2762593-79e8-45b3-a078-4a2c0cdfe4bf" parentExecutionId="897dca98-1b2d-4df2-949e-d016d8c43a28" testId="783915fe-114a-e353-78dd-56e92a60f942" testName="all_persons_modal_should" computerName="ARPAN-LAP" duration="00:00:00.0267035" startTime="2014-06-29T10:31:17.9045962+05:30" endTime="2014-06-29T10:31:17.9315978+05:30" testType="13cdc9d9-ddb5-4fa4-a97d-d965ccfc6d4b" outcome="Passed" testListId="8c84fa94-04c1-424b-9868-57a2d4851a1d" relativeResultsDirectory="897dca98-1b2d-4df2-949e-d016d8c43a28" dataRowInfo="0" resultType="DataDrivenDataRow" />
        <UnitTestResult executionId="9960b025-4506-41b2-bb8e-6389d2021a9b" parentExecutionId="897dca98-1b2d-4df2-949e-d016d8c43a28" testId="783915fe-114a-e353-78dd-56e92a60f942" testName="all_persons_modal_should" computerName="ARPAN-LAP" duration="00:00:00.0328176" startTime="2014-06-29T10:31:17.9315978+05:30" endTime="2014-06-29T10:31:17.9645997+05:30" testType="13cdc9d9-ddb5-4fa4-a97d-d965ccfc6d4b" outcome="Passed" testListId="8c84fa94-04c1-424b-9868-57a2d4851a1d" relativeResultsDirectory="897dca98-1b2d-4df2-949e-d016d8c43a28" dataRowInfo="1" resultType="DataDrivenDataRow" />
        <UnitTestResult executionId="cef9b443-451f-45ff-b368-fda87c4b4cc1" parentExecutionId="897dca98-1b2d-4df2-949e-d016d8c43a28" testId="783915fe-114a-e353-78dd-56e92a60f942" testName="all_persons_modal_should" computerName="ARPAN-LAP" duration="00:00:00.0430199" startTime="2014-06-29T10:31:17.9645997+05:30" endTime="2014-06-29T10:31:18.0076021+05:30" testType="13cdc9d9-ddb5-4fa4-a97d-d965ccfc6d4b" outcome="Passed" testListId="8c84fa94-04c1-424b-9868-57a2d4851a1d" relativeResultsDirectory="897dca98-1b2d-4df2-949e-d016d8c43a28" dataRowInfo="2" resultType="DataDrivenDataRow" />
        <UnitTestResult executionId="c5ade862-f012-4a67-875f-934524b3ba22" parentExecutionId="897dca98-1b2d-4df2-949e-d016d8c43a28" testId="783915fe-114a-e353-78dd-56e92a60f942" testName="all_persons_modal_should" computerName="ARPAN-LAP" duration="00:00:00.0378302" startTime="2014-06-29T10:31:18.0076021+05:30" endTime="2014-06-29T10:31:18.0456043+05:30" testType="13cdc9d9-ddb5-4fa4-a97d-d965ccfc6d4b" outcome="Passed" testListId="8c84fa94-04c1-424b-9868-57a2d4851a1d" relativeResultsDirectory="897dca98-1b2d-4df2-949e-d016d8c43a28" dataRowInfo="3" resultType="DataDrivenDataRow" />
        <UnitTestResult executionId="4795e472-5d74-45e5-8d6c-12c703dddc6b" parentExecutionId="897dca98-1b2d-4df2-949e-d016d8c43a28" testId="783915fe-114a-e353-78dd-56e92a60f942" testName="all_persons_modal_should" computerName="ARPAN-LAP" duration="00:00:00.0179450" startTime="2014-06-29T10:31:18.0456043+05:30" endTime="2014-06-29T10:31:18.0636053+05:30" testType="13cdc9d9-ddb5-4fa4-a97d-d965ccfc6d4b" outcome="Passed" testListId="8c84fa94-04c1-424b-9868-57a2d4851a1d" relativeResultsDirectory="897dca98-1b2d-4df2-949e-d016d8c43a28" dataRowInfo="4" resultType="DataDrivenDataRow" />
        <UnitTestResult executionId="3247a8cb-165c-4061-8508-2f2fcf5226fc" parentExecutionId="897dca98-1b2d-4df2-949e-d016d8c43a28" testId="783915fe-114a-e353-78dd-56e92a60f942" testName="all_persons_modal_should" computerName="ARPAN-LAP" duration="00:00:00.0223838" startTime="2014-06-29T10:31:18.0636053+05:30" endTime="2014-06-29T10:31:18.0856066+05:30" testType="13cdc9d9-ddb5-4fa4-a97d-d965ccfc6d4b" outcome="Passed" testListId="8c84fa94-04c1-424b-9868-57a2d4851a1d" relativeResultsDirectory="897dca98-1b2d-4df2-949e-d016d8c43a28" dataRowInfo="5" resultType="DataDrivenDataRow" />
        <UnitTestResult executionId="97206743-ee89-4120-a267-099a505d630b" parentExecutionId="897dca98-1b2d-4df2-949e-d016d8c43a28" testId="783915fe-114a-e353-78dd-56e92a60f942" testName="all_persons_modal_should" computerName="ARPAN-LAP" duration="00:00:00.0235397" startTime="2014-06-29T10:31:18.0856066+05:30" endTime="2014-06-29T10:31:18.1096079+05:30" testType="13cdc9d9-ddb5-4fa4-a97d-d965ccfc6d4b" outcome="Passed" testListId="8c84fa94-04c1-424b-9868-57a2d4851a1d" relativeResultsDirectory="897dca98-1b2d-4df2-949e-d016d8c43a28" dataRowInfo="6" resultType="DataDrivenDataRow" />
        <UnitTestResult executionId="18f91186-866a-489e-9424-e7c4784640ce" parentExecutionId="897dca98-1b2d-4df2-949e-d016d8c43a28" testId="783915fe-114a-e353-78dd-56e92a60f942" testName="all_persons_modal_should" computerName="ARPAN-LAP" duration="00:00:00.0300901" startTime="2014-06-29T10:31:18.1096079+05:30" endTime="2014-06-29T10:31:18.1396097+05:30" testType="13cdc9d9-ddb5-4fa4-a97d-d965ccfc6d4b" outcome="Passed" testListId="8c84fa94-04c1-424b-9868-57a2d4851a1d" relativeResultsDirectory="897dca98-1b2d-4df2-949e-d016d8c43a28" dataRowInfo="7" resultType="DataDrivenDataRow" />
        <UnitTestResult executionId="e3c90585-19fe-4a76-a1b0-9937e6073f2a" parentExecutionId="897dca98-1b2d-4df2-949e-d016d8c43a28" testId="783915fe-114a-e353-78dd-56e92a60f942" testName="all_persons_modal_should" computerName="ARPAN-LAP" duration="00:00:00.0184526" startTime="2014-06-29T10:31:18.1396097+05:30" endTime="2014-06-29T10:31:18.1576107+05:30" testType="13cdc9d9-ddb5-4fa4-a97d-d965ccfc6d4b" outcome="Passed" testListId="8c84fa94-04c1-424b-9868-57a2d4851a1d" relativeResultsDirectory="897dca98-1b2d-4df2-949e-d016d8c43a28" dataRowInfo="8" resultType="DataDrivenDataRow" />
        <UnitTestResult executionId="2028dac0-424e-4828-be97-e5f27ac85749" parentExecutionId="897dca98-1b2d-4df2-949e-d016d8c43a28" testId="783915fe-114a-e353-78dd-56e92a60f942" testName="all_persons_modal_should" computerName="ARPAN-LAP" duration="00:00:00.0230505" startTime="2014-06-29T10:31:18.1576107+05:30" endTime="2014-06-29T10:31:18.1816121+05:30" testType="13cdc9d9-ddb5-4fa4-a97d-d965ccfc6d4b" outcome="Passed" testListId="8c84fa94-04c1-424b-9868-57a2d4851a1d" relativeResultsDirectory="897dca98-1b2d-4df2-949e-d016d8c43a28" dataRowInfo="9" resultType="DataDrivenDataRow" />
        <UnitTestResult executionId="803322d6-3a90-449a-985d-be35bcbcc774" parentExecutionId="897dca98-1b2d-4df2-949e-d016d8c43a28" testId="783915fe-114a-e353-78dd-56e92a60f942" testName="all_persons_modal_should" computerName="ARPAN-LAP" duration="00:00:00.0239313" startTime="2014-06-29T10:31:18.1816121+05:30" endTime="2014-06-29T10:31:18.2056134+05:30" testType="13cdc9d9-ddb5-4fa4-a97d-d965ccfc6d4b" outcome="Passed" testListId="8c84fa94-04c1-424b-9868-57a2d4851a1d" relativeResultsDirectory="897dca98-1b2d-4df2-949e-d016d8c43a28" dataRowInfo="10" resultType="DataDrivenDataRow" />
        <UnitTestResult executionId="802f4ba1-5735-4889-b1a5-2f31c19ce3a0" parentExecutionId="897dca98-1b2d-4df2-949e-d016d8c43a28" testId="783915fe-114a-e353-78dd-56e92a60f942" testName="all_persons_modal_should" computerName="ARPAN-LAP" duration="00:00:00.0294521" startTime="2014-06-29T10:31:18.2056134+05:30" endTime="2014-06-29T10:31:18.2346151+05:30" testType="13cdc9d9-ddb5-4fa4-a97d-d965ccfc6d4b" outcome="Passed" testListId="8c84fa94-04c1-424b-9868-57a2d4851a1d" relativeResultsDirectory="897dca98-1b2d-4df2-949e-d016d8c43a28" dataRowInfo="11" resultType="DataDrivenDataRow" />
        <UnitTestResult executionId="60e27d0a-d5ef-4c80-ba1b-e9c52f4b0b3e" parentExecutionId="897dca98-1b2d-4df2-949e-d016d8c43a28" testId="783915fe-114a-e353-78dd-56e92a60f942" testName="all_persons_modal_should" computerName="ARPAN-LAP" duration="00:00:00.0264823" startTime="2014-06-29T10:31:18.2346151+05:30" endTime="2014-06-29T10:31:18.2616166+05:30" testType="13cdc9d9-ddb5-4fa4-a97d-d965ccfc6d4b" outcome="Passed" testListId="8c84fa94-04c1-424b-9868-57a2d4851a1d" relativeResultsDirectory="897dca98-1b2d-4df2-949e-d016d8c43a28" dataRowInfo="12" resultType="DataDrivenDataRow" />
        <UnitTestResult executionId="3df081fe-5aa6-4d22-a00a-7e2fce471922" parentExecutionId="897dca98-1b2d-4df2-949e-d016d8c43a28" testId="783915fe-114a-e353-78dd-56e92a60f942" testName="all_persons_modal_should" computerName="ARPAN-LAP" duration="00:00:00.0257139" startTime="2014-06-29T10:31:18.2616166+05:30" endTime="2014-06-29T10:31:18.2866181+05:30" testType="13cdc9d9-ddb5-4fa4-a97d-d965ccfc6d4b" outcome="Passed" testListId="8c84fa94-04c1-424b-9868-57a2d4851a1d" relativeResultsDirectory="897dca98-1b2d-4df2-949e-d016d8c43a28" dataRowInfo="13" resultType="DataDrivenDataRow" />
        <UnitTestResult executionId="be14fb4d-1742-413e-8f7e-14e2082b25da" parentExecutionId="897dca98-1b2d-4df2-949e-d016d8c43a28" testId="783915fe-114a-e353-78dd-56e92a60f942" testName="all_persons_modal_should" computerName="ARPAN-LAP" duration="00:00:00.0280657" startTime="2014-06-29T10:31:18.2866181+05:30" endTime="2014-06-29T10:31:18.3146197+05:30" testType="13cdc9d9-ddb5-4fa4-a97d-d965ccfc6d4b" outcome="Passed" testListId="8c84fa94-04c1-424b-9868-57a2d4851a1d" relativeResultsDirectory="897dca98-1b2d-4df2-949e-d016d8c43a28" dataRowInfo="14" resultType="DataDrivenDataRow" />
        <UnitTestResult executionId="8c1d6e7e-3e3d-4830-a2ce-6462ed9aab78" parentExecutionId="897dca98-1b2d-4df2-949e-d016d8c43a28" testId="783915fe-114a-e353-78dd-56e92a60f942" testName="all_persons_modal_should" computerName="ARPAN-LAP" duration="00:00:00.0225316" startTime="2014-06-29T10:31:18.3146197+05:30" endTime="2014-06-29T10:31:18.3376210+05:30" testType="13cdc9d9-ddb5-4fa4-a97d-d965ccfc6d4b" outcome="Passed" testListId="8c84fa94-04c1-424b-9868-57a2d4851a1d" relativeResultsDirectory="897dca98-1b2d-4df2-949e-d016d8c43a28" dataRowInfo="15" resultType="DataDrivenDataRow" />
        <UnitTestResult executionId="fa816dd2-9045-4f81-a195-5c810a0d6529" parentExecutionId="897dca98-1b2d-4df2-949e-d016d8c43a28" testId="783915fe-114a-e353-78dd-56e92a60f942" testName="all_persons_modal_should" computerName="ARPAN-LAP" duration="00:00:00.0286904" startTime="2014-06-29T10:31:18.3376210+05:30" endTime="2014-06-29T10:31:18.3666226+05:30" testType="13cdc9d9-ddb5-4fa4-a97d-d965ccfc6d4b" outcome="Passed" testListId="8c84fa94-04c1-424b-9868-57a2d4851a1d" relativeResultsDirectory="897dca98-1b2d-4df2-949e-d016d8c43a28" dataRowInfo="16" resultType="DataDrivenDataRow" />
      </InnerResults>
    </UnitTestResult>
    <UnitTestResult executionId="abba7557-5fdd-4e54-8a8f-9e503e4d736d" testId="7f7910d1-dc89-39b4-b4cf-d9e6d7af9420" testName="interrogative_sentences_what" computerName="ARPAN-LAP" duration="00:00:00.2380585" startTime="2014-06-29T10:31:18.4256260+05:30" endTime="2014-06-29T10:31:18.7006418+05:30" testType="13cdc9d9-ddb5-4fa4-a97d-d965ccfc6d4b" outcome="Passed" testListId="8c84fa94-04c1-424b-9868-57a2d4851a1d" relativeResultsDirectory="abba7557-5fdd-4e54-8a8f-9e503e4d736d" resultType="DataDrivenTest">
      <Counters error="0" failed="0" timeout="0" aborted="0" inconclusive="0" passedButRunAborted="0" notRunnable="0" notExecuted="0" disconnected="0" warning="0" passed="9" completed="0" inProgress="0" pending="0" />
      <InnerResults>
        <UnitTestResult executionId="25cec520-3e5b-4e5c-88cb-25f71f620b88" parentExecutionId="abba7557-5fdd-4e54-8a8f-9e503e4d736d" testId="7f7910d1-dc89-39b4-b4cf-d9e6d7af9420" testName="interrogative_sentences_what" computerName="ARPAN-LAP" duration="00:00:00.0258586" startTime="2014-06-29T10:31:18.4456272+05:30" endTime="2014-06-29T10:31:18.4706286+05:30" testType="13cdc9d9-ddb5-4fa4-a97d-d965ccfc6d4b" outcome="Passed" testListId="8c84fa94-04c1-424b-9868-57a2d4851a1d" relativeResultsDirectory="abba7557-5fdd-4e54-8a8f-9e503e4d736d" dataRowInfo="0" resultType="DataDrivenDataRow" />
        <UnitTestResult executionId="ec9b5e19-bf30-4e91-bfdc-777ae3798eec" parentExecutionId="abba7557-5fdd-4e54-8a8f-9e503e4d736d" testId="7f7910d1-dc89-39b4-b4cf-d9e6d7af9420" testName="interrogative_sentences_what" computerName="ARPAN-LAP" duration="00:00:00.0217833" startTime="2014-06-29T10:31:18.4716287+05:30" endTime="2014-06-29T10:31:18.4926299+05:30" testType="13cdc9d9-ddb5-4fa4-a97d-d965ccfc6d4b" outcome="Passed" testListId="8c84fa94-04c1-424b-9868-57a2d4851a1d" relativeResultsDirectory="abba7557-5fdd-4e54-8a8f-9e503e4d736d" dataRowInfo="1" resultType="DataDrivenDataRow" />
        <UnitTestResult executionId="ec7bc2c2-e5fa-4e4e-915d-13d1706d5ce5" parentExecutionId="abba7557-5fdd-4e54-8a8f-9e503e4d736d" testId="7f7910d1-dc89-39b4-b4cf-d9e6d7af9420" testName="interrogative_sentences_what" computerName="ARPAN-LAP" duration="00:00:00.0271747" startTime="2014-06-29T10:31:18.4926299+05:30" endTime="2014-06-29T10:31:18.5206315+05:30" testType="13cdc9d9-ddb5-4fa4-a97d-d965ccfc6d4b" outcome="Passed" testListId="8c84fa94-04c1-424b-9868-57a2d4851a1d" relativeResultsDirectory="abba7557-5fdd-4e54-8a8f-9e503e4d736d" dataRowInfo="2" resultType="DataDrivenDataRow" />
        <UnitTestResult executionId="02117cb7-94ee-4ec6-9201-bf7e1d45b908" parentExecutionId="abba7557-5fdd-4e54-8a8f-9e503e4d736d" testId="7f7910d1-dc89-39b4-b4cf-d9e6d7af9420" testName="interrogative_sentences_what" computerName="ARPAN-LAP" duration="00:00:00.0230993" startTime="2014-06-29T10:31:18.5206315+05:30" endTime="2014-06-29T10:31:18.5436328+05:30" testType="13cdc9d9-ddb5-4fa4-a97d-d965ccfc6d4b" outcome="Passed" testListId="8c84fa94-04c1-424b-9868-57a2d4851a1d" relativeResultsDirectory="abba7557-5fdd-4e54-8a8f-9e503e4d736d" dataRowInfo="3" resultType="DataDrivenDataRow" />
        <UnitTestResult executionId="b302edf0-c6db-43bd-b23f-158858a44aae" parentExecutionId="abba7557-5fdd-4e54-8a8f-9e503e4d736d" testId="7f7910d1-dc89-39b4-b4cf-d9e6d7af9420" testName="interrogative_sentences_what" computerName="ARPAN-LAP" duration="00:00:00.0217227" startTime="2014-06-29T10:31:18.5436328+05:30" endTime="2014-06-29T10:31:18.5646340+05:30" testType="13cdc9d9-ddb5-4fa4-a97d-d965ccfc6d4b" outcome="Passed" testListId="8c84fa94-04c1-424b-9868-57a2d4851a1d" relativeResultsDirectory="abba7557-5fdd-4e54-8a8f-9e503e4d736d" dataRowInfo="4" resultType="DataDrivenDataRow" />
        <UnitTestResult executionId="7e305e23-9c83-4f81-9503-44e1d22e174e" parentExecutionId="abba7557-5fdd-4e54-8a8f-9e503e4d736d" testId="7f7910d1-dc89-39b4-b4cf-d9e6d7af9420" testName="interrogative_sentences_what" computerName="ARPAN-LAP" duration="00:00:00.0267923" startTime="2014-06-29T10:31:18.5646340+05:30" endTime="2014-06-29T10:31:18.5916355+05:30" testType="13cdc9d9-ddb5-4fa4-a97d-d965ccfc6d4b" outcome="Passed" testListId="8c84fa94-04c1-424b-9868-57a2d4851a1d" relativeResultsDirectory="abba7557-5fdd-4e54-8a8f-9e503e4d736d" dataRowInfo="5" resultType="DataDrivenDataRow" />
        <UnitTestResult executionId="5095e9ff-8d7a-45b7-8560-11814603cfcb" parentExecutionId="abba7557-5fdd-4e54-8a8f-9e503e4d736d" testId="7f7910d1-dc89-39b4-b4cf-d9e6d7af9420" testName="interrogative_sentences_what" computerName="ARPAN-LAP" duration="00:00:00.0228267" startTime="2014-06-29T10:31:18.5916355+05:30" endTime="2014-06-29T10:31:18.6146368+05:30" testType="13cdc9d9-ddb5-4fa4-a97d-d965ccfc6d4b" outcome="Passed" testListId="8c84fa94-04c1-424b-9868-57a2d4851a1d" relativeResultsDirectory="abba7557-5fdd-4e54-8a8f-9e503e4d736d" dataRowInfo="6" resultType="DataDrivenDataRow" />
        <UnitTestResult executionId="06cddd26-bf77-4b3e-8c0d-1033961e0619" parentExecutionId="abba7557-5fdd-4e54-8a8f-9e503e4d736d" testId="7f7910d1-dc89-39b4-b4cf-d9e6d7af9420" testName="interrogative_sentences_what" computerName="ARPAN-LAP" duration="00:00:00.0230644" startTime="2014-06-29T10:31:18.6146368+05:30" endTime="2014-06-29T10:31:18.6376381+05:30" testType="13cdc9d9-ddb5-4fa4-a97d-d965ccfc6d4b" outcome="Passed" testListId="8c84fa94-04c1-424b-9868-57a2d4851a1d" relativeResultsDirectory="abba7557-5fdd-4e54-8a8f-9e503e4d736d" dataRowInfo="7" resultType="DataDrivenDataRow" />
        <UnitTestResult executionId="239d0814-42f2-4ff0-8126-dea8a32c97b1" parentExecutionId="abba7557-5fdd-4e54-8a8f-9e503e4d736d" testId="7f7910d1-dc89-39b4-b4cf-d9e6d7af9420" testName="interrogative_sentences_what" computerName="ARPAN-LAP" duration="00:00:00.0286934" startTime="2014-06-29T10:31:18.6376381+05:30" endTime="2014-06-29T10:31:18.6666398+05:30" testType="13cdc9d9-ddb5-4fa4-a97d-d965ccfc6d4b" outcome="Passed" testListId="8c84fa94-04c1-424b-9868-57a2d4851a1d" relativeResultsDirectory="abba7557-5fdd-4e54-8a8f-9e503e4d736d" dataRowInfo="8" resultType="DataDrivenDataRow" />
      </InnerResults>
    </UnitTestResult>
    <UnitTestResult executionId="353dba7c-b061-4c82-8f78-2d5ae1eaa10d" testId="83c68223-dcaa-51dd-423f-434210a59f77" testName="second_person_tenses_active_negation" computerName="ARPAN-LAP" duration="00:00:00.2546490" startTime="2014-06-29T10:31:18.7146426+05:30" endTime="2014-06-29T10:31:19.0246603+05:30" testType="13cdc9d9-ddb5-4fa4-a97d-d965ccfc6d4b" outcome="Passed" testListId="8c84fa94-04c1-424b-9868-57a2d4851a1d" relativeResultsDirectory="353dba7c-b061-4c82-8f78-2d5ae1eaa10d" resultType="DataDrivenTest">
      <Counters error="0" failed="0" timeout="0" aborted="0" inconclusive="0" passedButRunAborted="0" notRunnable="0" notExecuted="0" disconnected="0" warning="0" passed="10" completed="0" inProgress="0" pending="0" />
      <InnerResults>
        <UnitTestResult executionId="56c9de38-2862-4dfd-8200-92f4b6b1bcf5" parentExecutionId="353dba7c-b061-4c82-8f78-2d5ae1eaa10d" testId="83c68223-dcaa-51dd-423f-434210a59f77" testName="second_person_tenses_active_negation" computerName="ARPAN-LAP" duration="00:00:00.0309585" startTime="2014-06-29T10:31:18.7356438+05:30" endTime="2014-06-29T10:31:18.7666455+05:30" testType="13cdc9d9-ddb5-4fa4-a97d-d965ccfc6d4b" outcome="Passed" testListId="8c84fa94-04c1-424b-9868-57a2d4851a1d" relativeResultsDirectory="353dba7c-b061-4c82-8f78-2d5ae1eaa10d" dataRowInfo="0" resultType="DataDrivenDataRow" />
        <UnitTestResult executionId="7ddc4d82-e2c7-4bea-9923-123de3056ae2" parentExecutionId="353dba7c-b061-4c82-8f78-2d5ae1eaa10d" testId="83c68223-dcaa-51dd-423f-434210a59f77" testName="second_person_tenses_active_negation" computerName="ARPAN-LAP" duration="00:00:00.0226789" startTime="2014-06-29T10:31:18.7666455+05:30" endTime="2014-06-29T10:31:18.7896468+05:30" testType="13cdc9d9-ddb5-4fa4-a97d-d965ccfc6d4b" outcome="Passed" testListId="8c84fa94-04c1-424b-9868-57a2d4851a1d" relativeResultsDirectory="353dba7c-b061-4c82-8f78-2d5ae1eaa10d" dataRowInfo="1" resultType="DataDrivenDataRow" />
        <UnitTestResult executionId="c09a70f9-ad3d-4339-8861-c30ed66b3589" parentExecutionId="353dba7c-b061-4c82-8f78-2d5ae1eaa10d" testId="83c68223-dcaa-51dd-423f-434210a59f77" testName="second_person_tenses_active_negation" computerName="ARPAN-LAP" duration="00:00:00.0232522" startTime="2014-06-29T10:31:18.7896468+05:30" endTime="2014-06-29T10:31:18.8136482+05:30" testType="13cdc9d9-ddb5-4fa4-a97d-d965ccfc6d4b" outcome="Passed" testListId="8c84fa94-04c1-424b-9868-57a2d4851a1d" relativeResultsDirectory="353dba7c-b061-4c82-8f78-2d5ae1eaa10d" dataRowInfo="2" resultType="DataDrivenDataRow" />
        <UnitTestResult executionId="462a272b-3730-486f-b36a-f74c253980a7" parentExecutionId="353dba7c-b061-4c82-8f78-2d5ae1eaa10d" testId="83c68223-dcaa-51dd-423f-434210a59f77" testName="second_person_tenses_active_negation" computerName="ARPAN-LAP" duration="00:00:00.0277983" startTime="2014-06-29T10:31:18.8136482+05:30" endTime="2014-06-29T10:31:18.8406498+05:30" testType="13cdc9d9-ddb5-4fa4-a97d-d965ccfc6d4b" outcome="Passed" testListId="8c84fa94-04c1-424b-9868-57a2d4851a1d" relativeResultsDirectory="353dba7c-b061-4c82-8f78-2d5ae1eaa10d" dataRowInfo="3" resultType="DataDrivenDataRow" />
        <UnitTestResult executionId="cbf4e29c-ab9c-4ad3-b65a-de9c8065da0e" parentExecutionId="353dba7c-b061-4c82-8f78-2d5ae1eaa10d" testId="83c68223-dcaa-51dd-423f-434210a59f77" testName="second_person_tenses_active_negation" computerName="ARPAN-LAP" duration="00:00:00.0201033" startTime="2014-06-29T10:31:18.8406498+05:30" endTime="2014-06-29T10:31:18.8616510+05:30" testType="13cdc9d9-ddb5-4fa4-a97d-d965ccfc6d4b" outcome="Passed" testListId="8c84fa94-04c1-424b-9868-57a2d4851a1d" relativeResultsDirectory="353dba7c-b061-4c82-8f78-2d5ae1eaa10d" dataRowInfo="4" resultType="DataDrivenDataRow" />
        <UnitTestResult executionId="536583e4-61e0-4067-93b6-cea0b0c08521" parentExecutionId="353dba7c-b061-4c82-8f78-2d5ae1eaa10d" testId="83c68223-dcaa-51dd-423f-434210a59f77" testName="second_person_tenses_active_negation" computerName="ARPAN-LAP" duration="00:00:00.0211114" startTime="2014-06-29T10:31:18.8616510+05:30" endTime="2014-06-29T10:31:18.8826522+05:30" testType="13cdc9d9-ddb5-4fa4-a97d-d965ccfc6d4b" outcome="Passed" testListId="8c84fa94-04c1-424b-9868-57a2d4851a1d" relativeResultsDirectory="353dba7c-b061-4c82-8f78-2d5ae1eaa10d" dataRowInfo="5" resultType="DataDrivenDataRow" />
        <UnitTestResult executionId="0ff627b1-7aac-4aa9-ae38-e4f1b8ac6132" parentExecutionId="353dba7c-b061-4c82-8f78-2d5ae1eaa10d" testId="83c68223-dcaa-51dd-423f-434210a59f77" testName="second_person_tenses_active_negation" computerName="ARPAN-LAP" duration="00:00:00.0219454" startTime="2014-06-29T10:31:18.8826522+05:30" endTime="2014-06-29T10:31:18.9046534+05:30" testType="13cdc9d9-ddb5-4fa4-a97d-d965ccfc6d4b" outcome="Passed" testListId="8c84fa94-04c1-424b-9868-57a2d4851a1d" relativeResultsDirectory="353dba7c-b061-4c82-8f78-2d5ae1eaa10d" dataRowInfo="6" resultType="DataDrivenDataRow" />
        <UnitTestResult executionId="26f78e03-d4d2-48cb-94e4-329d8c83cc5f" parentExecutionId="353dba7c-b061-4c82-8f78-2d5ae1eaa10d" testId="83c68223-dcaa-51dd-423f-434210a59f77" testName="second_person_tenses_active_negation" computerName="ARPAN-LAP" duration="00:00:00.0267091" startTime="2014-06-29T10:31:18.9046534+05:30" endTime="2014-06-29T10:31:18.9306549+05:30" testType="13cdc9d9-ddb5-4fa4-a97d-d965ccfc6d4b" outcome="Passed" testListId="8c84fa94-04c1-424b-9868-57a2d4851a1d" relativeResultsDirectory="353dba7c-b061-4c82-8f78-2d5ae1eaa10d" dataRowInfo="7" resultType="DataDrivenDataRow" />
        <UnitTestResult executionId="8941b463-27ab-484d-9a12-9cc350fb469c" parentExecutionId="353dba7c-b061-4c82-8f78-2d5ae1eaa10d" testId="83c68223-dcaa-51dd-423f-434210a59f77" testName="second_person_tenses_active_negation" computerName="ARPAN-LAP" duration="00:00:00.0219413" startTime="2014-06-29T10:31:18.9316550+05:30" endTime="2014-06-29T10:31:18.9526562+05:30" testType="13cdc9d9-ddb5-4fa4-a97d-d965ccfc6d4b" outcome="Passed" testListId="8c84fa94-04c1-424b-9868-57a2d4851a1d" relativeResultsDirectory="353dba7c-b061-4c82-8f78-2d5ae1eaa10d" dataRowInfo="8" resultType="DataDrivenDataRow" />
        <UnitTestResult executionId="22150e50-2763-4361-bd60-6122438df256" parentExecutionId="353dba7c-b061-4c82-8f78-2d5ae1eaa10d" testId="83c68223-dcaa-51dd-423f-434210a59f77" testName="second_person_tenses_active_negation" computerName="ARPAN-LAP" duration="00:00:00.0250061" startTime="2014-06-29T10:31:18.9536562+05:30" endTime="2014-06-29T10:31:18.9786577+05:30" testType="13cdc9d9-ddb5-4fa4-a97d-d965ccfc6d4b" outcome="Passed" testListId="8c84fa94-04c1-424b-9868-57a2d4851a1d" relativeResultsDirectory="353dba7c-b061-4c82-8f78-2d5ae1eaa10d" dataRowInfo="9" resultType="DataDrivenDataRow" />
      </InnerResults>
    </UnitTestResult>
    <UnitTestResult executionId="0488b2a3-2b97-4aad-a240-c3ab927064bd" testId="8fe5ccb3-a3f4-0f61-ad21-e94ef029e900" testName="all_persons_modal_can_may" computerName="ARPAN-LAP" duration="00:00:00.7519474" startTime="2014-06-29T10:31:19.0276605+05:30" endTime="2014-06-29T10:31:19.8877096+05:30" testType="13cdc9d9-ddb5-4fa4-a97d-d965ccfc6d4b" outcome="Passed" testListId="8c84fa94-04c1-424b-9868-57a2d4851a1d" relativeResultsDirectory="0488b2a3-2b97-4aad-a240-c3ab927064bd" resultType="DataDrivenTest">
      <Counters error="0" failed="0" timeout="0" aborted="0" inconclusive="0" passedButRunAborted="0" notRunnable="0" notExecuted="0" disconnected="0" warning="0" passed="29" completed="0" inProgress="0" pending="0" />
      <InnerResults>
        <UnitTestResult executionId="9269ac7f-de55-44c1-b255-5fd7a3c336d8" parentExecutionId="0488b2a3-2b97-4aad-a240-c3ab927064bd" testId="8fe5ccb3-a3f4-0f61-ad21-e94ef029e900" testName="all_persons_modal_can_may" computerName="ARPAN-LAP" duration="00:00:00.0290117" startTime="2014-06-29T10:31:19.0836637+05:30" endTime="2014-06-29T10:31:19.1126653+05:30" testType="13cdc9d9-ddb5-4fa4-a97d-d965ccfc6d4b" outcome="Passed" testListId="8c84fa94-04c1-424b-9868-57a2d4851a1d" relativeResultsDirectory="0488b2a3-2b97-4aad-a240-c3ab927064bd" dataRowInfo="0" resultType="DataDrivenDataRow" />
        <UnitTestResult executionId="725df4cd-ceb2-496d-90d9-5ecbc792a9a5" parentExecutionId="0488b2a3-2b97-4aad-a240-c3ab927064bd" testId="8fe5ccb3-a3f4-0f61-ad21-e94ef029e900" testName="all_persons_modal_can_may" computerName="ARPAN-LAP" duration="00:00:00.0223617" startTime="2014-06-29T10:31:19.1126653+05:30" endTime="2014-06-29T10:31:19.1356666+05:30" testType="13cdc9d9-ddb5-4fa4-a97d-d965ccfc6d4b" outcome="Passed" testListId="8c84fa94-04c1-424b-9868-57a2d4851a1d" relativeResultsDirectory="0488b2a3-2b97-4aad-a240-c3ab927064bd" dataRowInfo="1" resultType="DataDrivenDataRow" />
        <UnitTestResult executionId="b8b6ef69-05af-445d-ae9b-d4c50bdcfa63" parentExecutionId="0488b2a3-2b97-4aad-a240-c3ab927064bd" testId="8fe5ccb3-a3f4-0f61-ad21-e94ef029e900" testName="all_persons_modal_can_may" computerName="ARPAN-LAP" duration="00:00:00.0245693" startTime="2014-06-29T10:31:19.1356666+05:30" endTime="2014-06-29T10:31:19.1596680+05:30" testType="13cdc9d9-ddb5-4fa4-a97d-d965ccfc6d4b" outcome="Passed" testListId="8c84fa94-04c1-424b-9868-57a2d4851a1d" relativeResultsDirectory="0488b2a3-2b97-4aad-a240-c3ab927064bd" dataRowInfo="2" resultType="DataDrivenDataRow" />
        <UnitTestResult executionId="e8493dec-0b29-434e-9516-a78a05df684b" parentExecutionId="0488b2a3-2b97-4aad-a240-c3ab927064bd" testId="8fe5ccb3-a3f4-0f61-ad21-e94ef029e900" testName="all_persons_modal_can_may" computerName="ARPAN-LAP" duration="00:00:00.0267158" startTime="2014-06-29T10:31:19.1596680+05:30" endTime="2014-06-29T10:31:19.1866696+05:30" testType="13cdc9d9-ddb5-4fa4-a97d-d965ccfc6d4b" outcome="Passed" testListId="8c84fa94-04c1-424b-9868-57a2d4851a1d" relativeResultsDirectory="0488b2a3-2b97-4aad-a240-c3ab927064bd" dataRowInfo="3" resultType="DataDrivenDataRow" />
        <UnitTestResult executionId="13555743-df17-42e2-b21b-9d881562f6a6" parentExecutionId="0488b2a3-2b97-4aad-a240-c3ab927064bd" testId="8fe5ccb3-a3f4-0f61-ad21-e94ef029e900" testName="all_persons_modal_can_may" computerName="ARPAN-LAP" duration="00:00:00.0260142" startTime="2014-06-29T10:31:19.1866696+05:30" endTime="2014-06-29T10:31:19.2126710+05:30" testType="13cdc9d9-ddb5-4fa4-a97d-d965ccfc6d4b" outcome="Passed" testListId="8c84fa94-04c1-424b-9868-57a2d4851a1d" relativeResultsDirectory="0488b2a3-2b97-4aad-a240-c3ab927064bd" dataRowInfo="4" resultType="DataDrivenDataRow" />
        <UnitTestResult executionId="ca751a70-f448-4c1c-9713-4b575c9ee470" parentExecutionId="0488b2a3-2b97-4aad-a240-c3ab927064bd" testId="8fe5ccb3-a3f4-0f61-ad21-e94ef029e900" testName="all_persons_modal_can_may" computerName="ARPAN-LAP" duration="00:00:00.0263991" startTime="2014-06-29T10:31:19.2126710+05:30" endTime="2014-06-29T10:31:19.2396726+05:30" testType="13cdc9d9-ddb5-4fa4-a97d-d965ccfc6d4b" outcome="Passed" testListId="8c84fa94-04c1-424b-9868-57a2d4851a1d" relativeResultsDirectory="0488b2a3-2b97-4aad-a240-c3ab927064bd" dataRowInfo="5" resultType="DataDrivenDataRow" />
        <UnitTestResult executionId="986172de-b648-4b73-9957-5fcecfa952f8" parentExecutionId="0488b2a3-2b97-4aad-a240-c3ab927064bd" testId="8fe5ccb3-a3f4-0f61-ad21-e94ef029e900" testName="all_persons_modal_can_may" computerName="ARPAN-LAP" duration="00:00:00.0320410" startTime="2014-06-29T10:31:19.2396726+05:30" endTime="2014-06-29T10:31:19.2716744+05:30" testType="13cdc9d9-ddb5-4fa4-a97d-d965ccfc6d4b" outcome="Passed" testListId="8c84fa94-04c1-424b-9868-57a2d4851a1d" relativeResultsDirectory="0488b2a3-2b97-4aad-a240-c3ab927064bd" dataRowInfo="6" resultType="DataDrivenDataRow" />
        <UnitTestResult executionId="b1dfbc5a-759f-421d-8aa8-73cb4e3bb3f4" parentExecutionId="0488b2a3-2b97-4aad-a240-c3ab927064bd" testId="8fe5ccb3-a3f4-0f61-ad21-e94ef029e900" testName="all_persons_modal_can_may" computerName="ARPAN-LAP" duration="00:00:00.0333930" startTime="2014-06-29T10:31:19.2716744+05:30" endTime="2014-06-29T10:31:19.3046763+05:30" testType="13cdc9d9-ddb5-4fa4-a97d-d965ccfc6d4b" outcome="Passed" testListId="8c84fa94-04c1-424b-9868-57a2d4851a1d" relativeResultsDirectory="0488b2a3-2b97-4aad-a240-c3ab927064bd" dataRowInfo="7" resultType="DataDrivenDataRow" />
        <UnitTestResult executionId="fa53a9cf-1a77-43ab-8637-7acae12c63ad" parentExecutionId="0488b2a3-2b97-4aad-a240-c3ab927064bd" testId="8fe5ccb3-a3f4-0f61-ad21-e94ef029e900" testName="all_persons_modal_can_may" computerName="ARPAN-LAP" duration="00:00:00.0182494" startTime="2014-06-29T10:31:19.3046763+05:30" endTime="2014-06-29T10:31:19.3236774+05:30" testType="13cdc9d9-ddb5-4fa4-a97d-d965ccfc6d4b" outcome="Passed" testListId="8c84fa94-04c1-424b-9868-57a2d4851a1d" relativeResultsDirectory="0488b2a3-2b97-4aad-a240-c3ab927064bd" dataRowInfo="8" resultType="DataDrivenDataRow" />
        <UnitTestResult executionId="5fa5c33c-4c8d-4279-8beb-94a2913e8362" parentExecutionId="0488b2a3-2b97-4aad-a240-c3ab927064bd" testId="8fe5ccb3-a3f4-0f61-ad21-e94ef029e900" testName="all_persons_modal_can_may" computerName="ARPAN-LAP" duration="00:00:00.0257627" startTime="2014-06-29T10:31:19.3236774+05:30" endTime="2014-06-29T10:31:19.3486788+05:30" testType="13cdc9d9-ddb5-4fa4-a97d-d965ccfc6d4b" outcome="Passed" testListId="8c84fa94-04c1-424b-9868-57a2d4851a1d" relativeResultsDirectory="0488b2a3-2b97-4aad-a240-c3ab927064bd" dataRowInfo="9" resultType="DataDrivenDataRow" />
        <UnitTestResult executionId="ee1a98ce-1786-470f-aa03-47a1175de392" parentExecutionId="0488b2a3-2b97-4aad-a240-c3ab927064bd" testId="8fe5ccb3-a3f4-0f61-ad21-e94ef029e900" testName="all_persons_modal_can_may" computerName="ARPAN-LAP" duration="00:00:00.0266804" startTime="2014-06-29T10:31:19.3486788+05:30" endTime="2014-06-29T10:31:19.3756804+05:30" testType="13cdc9d9-ddb5-4fa4-a97d-d965ccfc6d4b" outcome="Passed" testListId="8c84fa94-04c1-424b-9868-57a2d4851a1d" relativeResultsDirectory="0488b2a3-2b97-4aad-a240-c3ab927064bd" dataRowInfo="10" resultType="DataDrivenDataRow" />
        <UnitTestResult executionId="6d6e3b01-3c36-4bd0-a292-a6f2e87d504f" parentExecutionId="0488b2a3-2b97-4aad-a240-c3ab927064bd" testId="8fe5ccb3-a3f4-0f61-ad21-e94ef029e900" testName="all_persons_modal_can_may" computerName="ARPAN-LAP" duration="00:00:00.0283783" startTime="2014-06-29T10:31:19.3756804+05:30" endTime="2014-06-29T10:31:19.4046820+05:30" testType="13cdc9d9-ddb5-4fa4-a97d-d965ccfc6d4b" outcome="Passed" testListId="8c84fa94-04c1-424b-9868-57a2d4851a1d" relativeResultsDirectory="0488b2a3-2b97-4aad-a240-c3ab927064bd" dataRowInfo="11" resultType="DataDrivenDataRow" />
        <UnitTestResult executionId="13200f3b-6c64-488f-8665-1ce7f068ed76" parentExecutionId="0488b2a3-2b97-4aad-a240-c3ab927064bd" testId="8fe5ccb3-a3f4-0f61-ad21-e94ef029e900" testName="all_persons_modal_can_may" computerName="ARPAN-LAP" duration="00:00:00.0250297" startTime="2014-06-29T10:31:19.4046820+05:30" endTime="2014-06-29T10:31:19.4296834+05:30" testType="13cdc9d9-ddb5-4fa4-a97d-d965ccfc6d4b" outcome="Passed" testListId="8c84fa94-04c1-424b-9868-57a2d4851a1d" relativeResultsDirectory="0488b2a3-2b97-4aad-a240-c3ab927064bd" dataRowInfo="12" resultType="DataDrivenDataRow" />
        <UnitTestResult executionId="9e589745-38e9-4a72-ba0d-870f637403a7" parentExecutionId="0488b2a3-2b97-4aad-a240-c3ab927064bd" testId="8fe5ccb3-a3f4-0f61-ad21-e94ef029e900" testName="all_persons_modal_can_may" computerName="ARPAN-LAP" duration="00:00:00.0259469" startTime="2014-06-29T10:31:19.4296834+05:30" endTime="2014-06-29T10:31:19.4556849+05:30" testType="13cdc9d9-ddb5-4fa4-a97d-d965ccfc6d4b" outcome="Passed" testListId="8c84fa94-04c1-424b-9868-57a2d4851a1d" relativeResultsDirectory="0488b2a3-2b97-4aad-a240-c3ab927064bd" dataRowInfo="13" resultType="DataDrivenDataRow" />
        <UnitTestResult executionId="b352382c-59b3-4ba8-82f0-f1e8fdd7a95c" parentExecutionId="0488b2a3-2b97-4aad-a240-c3ab927064bd" testId="8fe5ccb3-a3f4-0f61-ad21-e94ef029e900" testName="all_persons_modal_can_may" computerName="ARPAN-LAP" duration="00:00:00.0250148" startTime="2014-06-29T10:31:19.4556849+05:30" endTime="2014-06-29T10:31:19.4806864+05:30" testType="13cdc9d9-ddb5-4fa4-a97d-d965ccfc6d4b" outcome="Passed" testListId="8c84fa94-04c1-424b-9868-57a2d4851a1d" relativeResultsDirectory="0488b2a3-2b97-4aad-a240-c3ab927064bd" dataRowInfo="14" resultType="DataDrivenDataRow" />
        <UnitTestResult executionId="f6382b8d-dcbc-49f9-916a-26d978997d24" parentExecutionId="0488b2a3-2b97-4aad-a240-c3ab927064bd" testId="8fe5ccb3-a3f4-0f61-ad21-e94ef029e900" testName="all_persons_modal_can_may" computerName="ARPAN-LAP" duration="00:00:00.0246391" startTime="2014-06-29T10:31:19.4806864+05:30" endTime="2014-06-29T10:31:19.5046877+05:30" testType="13cdc9d9-ddb5-4fa4-a97d-d965ccfc6d4b" outcome="Passed" testListId="8c84fa94-04c1-424b-9868-57a2d4851a1d" relativeResultsDirectory="0488b2a3-2b97-4aad-a240-c3ab927064bd" dataRowInfo="15" resultType="DataDrivenDataRow" />
        <UnitTestResult executionId="316af49d-e623-4e01-8985-6bfd4adbb8c6" parentExecutionId="0488b2a3-2b97-4aad-a240-c3ab927064bd" testId="8fe5ccb3-a3f4-0f61-ad21-e94ef029e900" testName="all_persons_modal_can_may" computerName="ARPAN-LAP" duration="00:00:00.0179614" startTime="2014-06-29T10:31:19.5046877+05:30" endTime="2014-06-29T10:31:19.5226888+05:30" testType="13cdc9d9-ddb5-4fa4-a97d-d965ccfc6d4b" outcome="Passed" testListId="8c84fa94-04c1-424b-9868-57a2d4851a1d" relativeResultsDirectory="0488b2a3-2b97-4aad-a240-c3ab927064bd" dataRowInfo="16" resultType="DataDrivenDataRow" />
        <UnitTestResult executionId="3678e885-f073-4469-b19d-5bc69a2a9463" parentExecutionId="0488b2a3-2b97-4aad-a240-c3ab927064bd" testId="8fe5ccb3-a3f4-0f61-ad21-e94ef029e900" testName="all_persons_modal_can_may" computerName="ARPAN-LAP" duration="00:00:00.0179912" startTime="2014-06-29T10:31:19.5226888+05:30" endTime="2014-06-29T10:31:19.5406898+05:30" testType="13cdc9d9-ddb5-4fa4-a97d-d965ccfc6d4b" outcome="Passed" testListId="8c84fa94-04c1-424b-9868-57a2d4851a1d" relativeResultsDirectory="0488b2a3-2b97-4aad-a240-c3ab927064bd" dataRowInfo="17" resultType="DataDrivenDataRow" />
        <UnitTestResult executionId="11f07111-80eb-44fb-9a34-4cc8b6bac5eb" parentExecutionId="0488b2a3-2b97-4aad-a240-c3ab927064bd" testId="8fe5ccb3-a3f4-0f61-ad21-e94ef029e900" testName="all_persons_modal_can_may" computerName="ARPAN-LAP" duration="00:00:00.0193426" startTime="2014-06-29T10:31:19.5406898+05:30" endTime="2014-06-29T10:31:19.5606909+05:30" testType="13cdc9d9-ddb5-4fa4-a97d-d965ccfc6d4b" outcome="Passed" testListId="8c84fa94-04c1-424b-9868-57a2d4851a1d" relativeResultsDirectory="0488b2a3-2b97-4aad-a240-c3ab927064bd" dataRowInfo="18" resultType="DataDrivenDataRow" />
        <UnitTestResult executionId="e6f7ab86-e657-4128-980d-f969fc85a376" parentExecutionId="0488b2a3-2b97-4aad-a240-c3ab927064bd" testId="8fe5ccb3-a3f4-0f61-ad21-e94ef029e900" testName="all_persons_modal_can_may" computerName="ARPAN-LAP" duration="00:00:00.0195197" startTime="2014-06-29T10:31:19.5606909+05:30" endTime="2014-06-29T10:31:19.5796920+05:30" testType="13cdc9d9-ddb5-4fa4-a97d-d965ccfc6d4b" outcome="Passed" testListId="8c84fa94-04c1-424b-9868-57a2d4851a1d" relativeResultsDirectory="0488b2a3-2b97-4aad-a240-c3ab927064bd" dataRowInfo="19" resultType="DataDrivenDataRow" />
        <UnitTestResult executionId="1307350c-9869-48ee-816c-84b2a1195bb7" parentExecutionId="0488b2a3-2b97-4aad-a240-c3ab927064bd" testId="8fe5ccb3-a3f4-0f61-ad21-e94ef029e900" testName="all_persons_modal_can_may" computerName="ARPAN-LAP" duration="00:00:00.0249348" startTime="2014-06-29T10:31:19.5796920+05:30" endTime="2014-06-29T10:31:19.6046935+05:30" testType="13cdc9d9-ddb5-4fa4-a97d-d965ccfc6d4b" outcome="Passed" testListId="8c84fa94-04c1-424b-9868-57a2d4851a1d" relativeResultsDirectory="0488b2a3-2b97-4aad-a240-c3ab927064bd" dataRowInfo="20" resultType="DataDrivenDataRow" />
        <UnitTestResult executionId="5899bec5-7c9f-4e1e-b77a-a80ceea410ca" parentExecutionId="0488b2a3-2b97-4aad-a240-c3ab927064bd" testId="8fe5ccb3-a3f4-0f61-ad21-e94ef029e900" testName="all_persons_modal_can_may" computerName="ARPAN-LAP" duration="00:00:00.0251144" startTime="2014-06-29T10:31:19.6046935+05:30" endTime="2014-06-29T10:31:19.6306949+05:30" testType="13cdc9d9-ddb5-4fa4-a97d-d965ccfc6d4b" outcome="Passed" testListId="8c84fa94-04c1-424b-9868-57a2d4851a1d" relativeResultsDirectory="0488b2a3-2b97-4aad-a240-c3ab927064bd" dataRowInfo="21" resultType="DataDrivenDataRow" />
        <UnitTestResult executionId="7b9c4113-fc48-4c6b-b6b3-3fb251ca0cc2" parentExecutionId="0488b2a3-2b97-4aad-a240-c3ab927064bd" testId="8fe5ccb3-a3f4-0f61-ad21-e94ef029e900" testName="all_persons_modal_can_may" computerName="ARPAN-LAP" duration="00:00:00.0242921" startTime="2014-06-29T10:31:19.6306949+05:30" endTime="2014-06-29T10:31:19.6546963+05:30" testType="13cdc9d9-ddb5-4fa4-a97d-d965ccfc6d4b" outcome="Passed" testListId="8c84fa94-04c1-424b-9868-57a2d4851a1d" relativeResultsDirectory="0488b2a3-2b97-4aad-a240-c3ab927064bd" dataRowInfo="22" resultType="DataDrivenDataRow" />
        <UnitTestResult executionId="06492628-e586-4661-960b-6426d2d7348d" parentExecutionId="0488b2a3-2b97-4aad-a240-c3ab927064bd" testId="8fe5ccb3-a3f4-0f61-ad21-e94ef029e900" testName="all_persons_modal_can_may" computerName="ARPAN-LAP" duration="00:00:00.0218987" startTime="2014-06-29T10:31:19.6546963+05:30" endTime="2014-06-29T10:31:19.6766976+05:30" testType="13cdc9d9-ddb5-4fa4-a97d-d965ccfc6d4b" outcome="Passed" testListId="8c84fa94-04c1-424b-9868-57a2d4851a1d" relativeResultsDirectory="0488b2a3-2b97-4aad-a240-c3ab927064bd" dataRowInfo="23" resultType="DataDrivenDataRow" />
        <UnitTestResult executionId="476d314d-b410-40dc-bcec-7d230701333e" parentExecutionId="0488b2a3-2b97-4aad-a240-c3ab927064bd" testId="8fe5ccb3-a3f4-0f61-ad21-e94ef029e900" testName="all_persons_modal_can_may" computerName="ARPAN-LAP" duration="00:00:00.0231645" startTime="2014-06-29T10:31:19.6766976+05:30" endTime="2014-06-29T10:31:19.6996989+05:30" testType="13cdc9d9-ddb5-4fa4-a97d-d965ccfc6d4b" outcome="Passed" testListId="8c84fa94-04c1-424b-9868-57a2d4851a1d" relativeResultsDirectory="0488b2a3-2b97-4aad-a240-c3ab927064bd" dataRowInfo="24" resultType="DataDrivenDataRow" />
        <UnitTestResult executionId="03486a19-059a-4bdb-8ee3-82c38697e811" parentExecutionId="0488b2a3-2b97-4aad-a240-c3ab927064bd" testId="8fe5ccb3-a3f4-0f61-ad21-e94ef029e900" testName="all_persons_modal_can_may" computerName="ARPAN-LAP" duration="00:00:00.0251082" startTime="2014-06-29T10:31:19.6996989+05:30" endTime="2014-06-29T10:31:19.7247003+05:30" testType="13cdc9d9-ddb5-4fa4-a97d-d965ccfc6d4b" outcome="Passed" testListId="8c84fa94-04c1-424b-9868-57a2d4851a1d" relativeResultsDirectory="0488b2a3-2b97-4aad-a240-c3ab927064bd" dataRowInfo="25" resultType="DataDrivenDataRow" />
        <UnitTestResult executionId="7943568a-9ca4-483f-ac5d-a600c9381b02" parentExecutionId="0488b2a3-2b97-4aad-a240-c3ab927064bd" testId="8fe5ccb3-a3f4-0f61-ad21-e94ef029e900" testName="all_persons_modal_can_may" computerName="ARPAN-LAP" duration="00:00:00.0211324" startTime="2014-06-29T10:31:19.7247003+05:30" endTime="2014-06-29T10:31:19.7457015+05:30" testType="13cdc9d9-ddb5-4fa4-a97d-d965ccfc6d4b" outcome="Passed" testListId="8c84fa94-04c1-424b-9868-57a2d4851a1d" relativeResultsDirectory="0488b2a3-2b97-4aad-a240-c3ab927064bd" dataRowInfo="26" resultType="DataDrivenDataRow" />
        <UnitTestResult executionId="de360f47-8c7f-48e6-9923-88d9ec6d3d2d" parentExecutionId="0488b2a3-2b97-4aad-a240-c3ab927064bd" testId="8fe5ccb3-a3f4-0f61-ad21-e94ef029e900" testName="all_persons_modal_can_may" computerName="ARPAN-LAP" duration="00:00:00.0276818" startTime="2014-06-29T10:31:19.7457015+05:30" endTime="2014-06-29T10:31:19.7737031+05:30" testType="13cdc9d9-ddb5-4fa4-a97d-d965ccfc6d4b" outcome="Passed" testListId="8c84fa94-04c1-424b-9868-57a2d4851a1d" relativeResultsDirectory="0488b2a3-2b97-4aad-a240-c3ab927064bd" dataRowInfo="27" resultType="DataDrivenDataRow" />
        <UnitTestResult executionId="1668e67d-8c49-4646-91db-56ccd21a8247" parentExecutionId="0488b2a3-2b97-4aad-a240-c3ab927064bd" testId="8fe5ccb3-a3f4-0f61-ad21-e94ef029e900" testName="all_persons_modal_can_may" computerName="ARPAN-LAP" duration="00:00:00.0313604" startTime="2014-06-29T10:31:19.7737031+05:30" endTime="2014-06-29T10:31:19.8057050+05:30" testType="13cdc9d9-ddb5-4fa4-a97d-d965ccfc6d4b" outcome="Passed" testListId="8c84fa94-04c1-424b-9868-57a2d4851a1d" relativeResultsDirectory="0488b2a3-2b97-4aad-a240-c3ab927064bd" dataRowInfo="28" resultType="DataDrivenDataRow" />
      </InnerResults>
    </UnitTestResult>
    <UnitTestResult executionId="d602d34e-3326-4852-974e-7357bb2cb6c6" testId="921e6ab0-d7c2-6005-e523-6fd2d5e1a723" testName="first_person_tenses_active" computerName="ARPAN-LAP" duration="00:00:00.3705061" startTime="2014-06-29T10:31:19.8887097+05:30" endTime="2014-06-29T10:31:20.3027334+05:30" testType="13cdc9d9-ddb5-4fa4-a97d-d965ccfc6d4b" outcome="Passed" testListId="8c84fa94-04c1-424b-9868-57a2d4851a1d" relativeResultsDirectory="d602d34e-3326-4852-974e-7357bb2cb6c6" resultType="DataDrivenTest">
      <Counters error="0" failed="0" timeout="0" aborted="0" inconclusive="0" passedButRunAborted="0" notRunnable="0" notExecuted="0" disconnected="0" warning="0" passed="10" completed="0" inProgress="0" pending="0" />
      <InnerResults>
        <UnitTestResult executionId="8c16f249-bb6c-4c4d-aa97-a63365f68d31" parentExecutionId="d602d34e-3326-4852-974e-7357bb2cb6c6" testId="921e6ab0-d7c2-6005-e523-6fd2d5e1a723" testName="first_person_tenses_active" computerName="ARPAN-LAP" duration="00:00:00.0201110" startTime="2014-06-29T10:31:19.9677142+05:30" endTime="2014-06-29T10:31:19.9877154+05:30" testType="13cdc9d9-ddb5-4fa4-a97d-d965ccfc6d4b" outcome="Passed" testListId="8c84fa94-04c1-424b-9868-57a2d4851a1d" relativeResultsDirectory="d602d34e-3326-4852-974e-7357bb2cb6c6" dataRowInfo="0" resultType="DataDrivenDataRow" />
        <UnitTestResult executionId="48f32d2c-58d8-463b-83ab-0ebc449276a1" parentExecutionId="d602d34e-3326-4852-974e-7357bb2cb6c6" testId="921e6ab0-d7c2-6005-e523-6fd2d5e1a723" testName="first_person_tenses_active" computerName="ARPAN-LAP" duration="00:00:00.0229828" startTime="2014-06-29T10:31:19.9887154+05:30" endTime="2014-06-29T10:31:20.0117167+05:30" testType="13cdc9d9-ddb5-4fa4-a97d-d965ccfc6d4b" outcome="Passed" testListId="8c84fa94-04c1-424b-9868-57a2d4851a1d" relativeResultsDirectory="d602d34e-3326-4852-974e-7357bb2cb6c6" dataRowInfo="1" resultType="DataDrivenDataRow" />
        <UnitTestResult executionId="5fa7e854-de40-499d-aed2-da180a747e3b" parentExecutionId="d602d34e-3326-4852-974e-7357bb2cb6c6" testId="921e6ab0-d7c2-6005-e523-6fd2d5e1a723" testName="first_person_tenses_active" computerName="ARPAN-LAP" duration="00:00:00.0226153" startTime="2014-06-29T10:31:20.0117167+05:30" endTime="2014-06-29T10:31:20.0337180+05:30" testType="13cdc9d9-ddb5-4fa4-a97d-d965ccfc6d4b" outcome="Passed" testListId="8c84fa94-04c1-424b-9868-57a2d4851a1d" relativeResultsDirectory="d602d34e-3326-4852-974e-7357bb2cb6c6" dataRowInfo="2" resultType="DataDrivenDataRow" />
        <UnitTestResult executionId="2e6d11ae-f74d-40b9-a450-cdbed3c88028" parentExecutionId="d602d34e-3326-4852-974e-7357bb2cb6c6" testId="921e6ab0-d7c2-6005-e523-6fd2d5e1a723" testName="first_person_tenses_active" computerName="ARPAN-LAP" duration="00:00:00.0303991" startTime="2014-06-29T10:31:20.0337180+05:30" endTime="2014-06-29T10:31:20.0647198+05:30" testType="13cdc9d9-ddb5-4fa4-a97d-d965ccfc6d4b" outcome="Passed" testListId="8c84fa94-04c1-424b-9868-57a2d4851a1d" relativeResultsDirectory="d602d34e-3326-4852-974e-7357bb2cb6c6" dataRowInfo="3" resultType="DataDrivenDataRow" />
        <UnitTestResult executionId="ebc6499e-940e-469c-9df9-f3c34d8a515f" parentExecutionId="d602d34e-3326-4852-974e-7357bb2cb6c6" testId="921e6ab0-d7c2-6005-e523-6fd2d5e1a723" testName="first_person_tenses_active" computerName="ARPAN-LAP" duration="00:00:00.0210180" startTime="2014-06-29T10:31:20.0647198+05:30" endTime="2014-06-29T10:31:20.0857210+05:30" testType="13cdc9d9-ddb5-4fa4-a97d-d965ccfc6d4b" outcome="Passed" testListId="8c84fa94-04c1-424b-9868-57a2d4851a1d" relativeResultsDirectory="d602d34e-3326-4852-974e-7357bb2cb6c6" dataRowInfo="4" resultType="DataDrivenDataRow" />
        <UnitTestResult executionId="8316c9e8-e90c-42b7-a1a3-41079a741b57" parentExecutionId="d602d34e-3326-4852-974e-7357bb2cb6c6" testId="921e6ab0-d7c2-6005-e523-6fd2d5e1a723" testName="first_person_tenses_active" computerName="ARPAN-LAP" duration="00:00:00.0279097" startTime="2014-06-29T10:31:20.0857210+05:30" endTime="2014-06-29T10:31:20.1137226+05:30" testType="13cdc9d9-ddb5-4fa4-a97d-d965ccfc6d4b" outcome="Passed" testListId="8c84fa94-04c1-424b-9868-57a2d4851a1d" relativeResultsDirectory="d602d34e-3326-4852-974e-7357bb2cb6c6" dataRowInfo="5" resultType="DataDrivenDataRow" />
        <UnitTestResult executionId="33344e22-2076-417d-9423-0678990f6cfa" parentExecutionId="d602d34e-3326-4852-974e-7357bb2cb6c6" testId="921e6ab0-d7c2-6005-e523-6fd2d5e1a723" testName="first_person_tenses_active" computerName="ARPAN-LAP" duration="00:00:00.0246617" startTime="2014-06-29T10:31:20.1137226+05:30" endTime="2014-06-29T10:31:20.1377239+05:30" testType="13cdc9d9-ddb5-4fa4-a97d-d965ccfc6d4b" outcome="Passed" testListId="8c84fa94-04c1-424b-9868-57a2d4851a1d" relativeResultsDirectory="d602d34e-3326-4852-974e-7357bb2cb6c6" dataRowInfo="6" resultType="DataDrivenDataRow" />
        <UnitTestResult executionId="60d3d292-bcb6-47ac-a1de-a3afae9448f8" parentExecutionId="d602d34e-3326-4852-974e-7357bb2cb6c6" testId="921e6ab0-d7c2-6005-e523-6fd2d5e1a723" testName="first_person_tenses_active" computerName="ARPAN-LAP" duration="00:00:00.0309852" startTime="2014-06-29T10:31:20.1377239+05:30" endTime="2014-06-29T10:31:20.1687257+05:30" testType="13cdc9d9-ddb5-4fa4-a97d-d965ccfc6d4b" outcome="Passed" testListId="8c84fa94-04c1-424b-9868-57a2d4851a1d" relativeResultsDirectory="d602d34e-3326-4852-974e-7357bb2cb6c6" dataRowInfo="7" resultType="DataDrivenDataRow" />
        <UnitTestResult executionId="dd039360-e88c-422f-a777-e869118dcaa2" parentExecutionId="d602d34e-3326-4852-974e-7357bb2cb6c6" testId="921e6ab0-d7c2-6005-e523-6fd2d5e1a723" testName="first_person_tenses_active" computerName="ARPAN-LAP" duration="00:00:00.0676534" startTime="2014-06-29T10:31:20.1687257+05:30" endTime="2014-06-29T10:31:20.2367296+05:30" testType="13cdc9d9-ddb5-4fa4-a97d-d965ccfc6d4b" outcome="Passed" testListId="8c84fa94-04c1-424b-9868-57a2d4851a1d" relativeResultsDirectory="d602d34e-3326-4852-974e-7357bb2cb6c6" dataRowInfo="8" resultType="DataDrivenDataRow" />
        <UnitTestResult executionId="36067cdb-76b6-45de-9f62-5280387d7b0d" parentExecutionId="d602d34e-3326-4852-974e-7357bb2cb6c6" testId="921e6ab0-d7c2-6005-e523-6fd2d5e1a723" testName="first_person_tenses_active" computerName="ARPAN-LAP" duration="00:00:00.0340582" startTime="2014-06-29T10:31:20.2367296+05:30" endTime="2014-06-29T10:31:20.2707316+05:30" testType="13cdc9d9-ddb5-4fa4-a97d-d965ccfc6d4b" outcome="Passed" testListId="8c84fa94-04c1-424b-9868-57a2d4851a1d" relativeResultsDirectory="d602d34e-3326-4852-974e-7357bb2cb6c6" dataRowInfo="9" resultType="DataDrivenDataRow" />
      </InnerResults>
    </UnitTestResult>
    <UnitTestResult executionId="551591ec-c68a-4a41-9a04-e5d7a00a0a7b" testId="9319d01e-de3e-d310-c76e-cae8dce4c924" testName="all_persons_modal_should_negation" computerName="ARPAN-LAP" duration="00:00:00.5709730" startTime="2014-06-29T10:31:20.3227345+05:30" endTime="2014-06-29T10:31:20.9477703+05:30" testType="13cdc9d9-ddb5-4fa4-a97d-d965ccfc6d4b" outcome="Passed" testListId="8c84fa94-04c1-424b-9868-57a2d4851a1d" relativeResultsDirectory="551591ec-c68a-4a41-9a04-e5d7a00a0a7b" resultType="DataDrivenTest">
      <Counters error="0" failed="0" timeout="0" aborted="0" inconclusive="0" passedButRunAborted="0" notRunnable="0" notExecuted="0" disconnected="0" warning="0" passed="17" completed="0" inProgress="0" pending="0" />
      <InnerResults>
        <UnitTestResult executionId="beb0f548-38b7-45bc-961c-bc78561010de" parentExecutionId="551591ec-c68a-4a41-9a04-e5d7a00a0a7b" testId="9319d01e-de3e-d310-c76e-cae8dce4c924" testName="all_persons_modal_should_negation" computerName="ARPAN-LAP" duration="00:00:00.0242757" startTime="2014-06-29T10:31:20.3677371+05:30" endTime="2014-06-29T10:31:20.3927385+05:30" testType="13cdc9d9-ddb5-4fa4-a97d-d965ccfc6d4b" outcome="Passed" testListId="8c84fa94-04c1-424b-9868-57a2d4851a1d" relativeResultsDirectory="551591ec-c68a-4a41-9a04-e5d7a00a0a7b" dataRowInfo="0" resultType="DataDrivenDataRow" />
        <UnitTestResult executionId="b33ad1bd-1eda-4ea5-a2ee-fcfd3d81aede" parentExecutionId="551591ec-c68a-4a41-9a04-e5d7a00a0a7b" testId="9319d01e-de3e-d310-c76e-cae8dce4c924" testName="all_persons_modal_should_negation" computerName="ARPAN-LAP" duration="00:00:00.0310627" startTime="2014-06-29T10:31:20.3927385+05:30" endTime="2014-06-29T10:31:20.4237403+05:30" testType="13cdc9d9-ddb5-4fa4-a97d-d965ccfc6d4b" outcome="Passed" testListId="8c84fa94-04c1-424b-9868-57a2d4851a1d" relativeResultsDirectory="551591ec-c68a-4a41-9a04-e5d7a00a0a7b" dataRowInfo="1" resultType="DataDrivenDataRow" />
        <UnitTestResult executionId="b751fb4d-b6d0-4178-83ed-6f0e77271aec" parentExecutionId="551591ec-c68a-4a41-9a04-e5d7a00a0a7b" testId="9319d01e-de3e-d310-c76e-cae8dce4c924" testName="all_persons_modal_should_negation" computerName="ARPAN-LAP" duration="00:00:00.0311803" startTime="2014-06-29T10:31:20.4237403+05:30" endTime="2014-06-29T10:31:20.4547421+05:30" testType="13cdc9d9-ddb5-4fa4-a97d-d965ccfc6d4b" outcome="Passed" testListId="8c84fa94-04c1-424b-9868-57a2d4851a1d" relativeResultsDirectory="551591ec-c68a-4a41-9a04-e5d7a00a0a7b" dataRowInfo="2" resultType="DataDrivenDataRow" />
        <UnitTestResult executionId="4b161984-646a-4d2d-ad5c-c65d0aeafedd" parentExecutionId="551591ec-c68a-4a41-9a04-e5d7a00a0a7b" testId="9319d01e-de3e-d310-c76e-cae8dce4c924" testName="all_persons_modal_should_negation" computerName="ARPAN-LAP" duration="00:00:00.0333719" startTime="2014-06-29T10:31:20.4547421+05:30" endTime="2014-06-29T10:31:20.4877440+05:30" testType="13cdc9d9-ddb5-4fa4-a97d-d965ccfc6d4b" outcome="Passed" testListId="8c84fa94-04c1-424b-9868-57a2d4851a1d" relativeResultsDirectory="551591ec-c68a-4a41-9a04-e5d7a00a0a7b" dataRowInfo="3" resultType="DataDrivenDataRow" />
        <UnitTestResult executionId="9e290d15-d9dc-4be0-9258-47172bdd971f" parentExecutionId="551591ec-c68a-4a41-9a04-e5d7a00a0a7b" testId="9319d01e-de3e-d310-c76e-cae8dce4c924" testName="all_persons_modal_should_negation" computerName="ARPAN-LAP" duration="00:00:00.0200787" startTime="2014-06-29T10:31:20.4877440+05:30" endTime="2014-06-29T10:31:20.5077451+05:30" testType="13cdc9d9-ddb5-4fa4-a97d-d965ccfc6d4b" outcome="Passed" testListId="8c84fa94-04c1-424b-9868-57a2d4851a1d" relativeResultsDirectory="551591ec-c68a-4a41-9a04-e5d7a00a0a7b" dataRowInfo="4" resultType="DataDrivenDataRow" />
        <UnitTestResult executionId="ebbc6465-a977-4857-bf19-aa7041e09ef8" parentExecutionId="551591ec-c68a-4a41-9a04-e5d7a00a0a7b" testId="9319d01e-de3e-d310-c76e-cae8dce4c924" testName="all_persons_modal_should_negation" computerName="ARPAN-LAP" duration="00:00:00.0577822" startTime="2014-06-29T10:31:20.5077451+05:30" endTime="2014-06-29T10:31:20.5657484+05:30" testType="13cdc9d9-ddb5-4fa4-a97d-d965ccfc6d4b" outcome="Passed" testListId="8c84fa94-04c1-424b-9868-57a2d4851a1d" relativeResultsDirectory="551591ec-c68a-4a41-9a04-e5d7a00a0a7b" dataRowInfo="5" resultType="DataDrivenDataRow" />
        <UnitTestResult executionId="07ea3ee6-30ce-4252-918b-4ef06aa87832" parentExecutionId="551591ec-c68a-4a41-9a04-e5d7a00a0a7b" testId="9319d01e-de3e-d310-c76e-cae8dce4c924" testName="all_persons_modal_should_negation" computerName="ARPAN-LAP" duration="00:00:00.0375700" startTime="2014-06-29T10:31:20.5657484+05:30" endTime="2014-06-29T10:31:20.6037506+05:30" testType="13cdc9d9-ddb5-4fa4-a97d-d965ccfc6d4b" outcome="Passed" testListId="8c84fa94-04c1-424b-9868-57a2d4851a1d" relativeResultsDirectory="551591ec-c68a-4a41-9a04-e5d7a00a0a7b" dataRowInfo="6" resultType="DataDrivenDataRow" />
        <UnitTestResult executionId="a2deed02-ff83-4a3f-a3a3-3c2af6355e20" parentExecutionId="551591ec-c68a-4a41-9a04-e5d7a00a0a7b" testId="9319d01e-de3e-d310-c76e-cae8dce4c924" testName="all_persons_modal_should_negation" computerName="ARPAN-LAP" duration="00:00:00.0410551" startTime="2014-06-29T10:31:20.6037506+05:30" endTime="2014-06-29T10:31:20.6447529+05:30" testType="13cdc9d9-ddb5-4fa4-a97d-d965ccfc6d4b" outcome="Passed" testListId="8c84fa94-04c1-424b-9868-57a2d4851a1d" relativeResultsDirectory="551591ec-c68a-4a41-9a04-e5d7a00a0a7b" dataRowInfo="7" resultType="DataDrivenDataRow" />
        <UnitTestResult executionId="02e12cf1-0892-46ed-b0af-b5458db82620" parentExecutionId="551591ec-c68a-4a41-9a04-e5d7a00a0a7b" testId="9319d01e-de3e-d310-c76e-cae8dce4c924" testName="all_persons_modal_should_negation" computerName="ARPAN-LAP" duration="00:00:00.0235705" startTime="2014-06-29T10:31:20.6447529+05:30" endTime="2014-06-29T10:31:20.6687543+05:30" testType="13cdc9d9-ddb5-4fa4-a97d-d965ccfc6d4b" outcome="Passed" testListId="8c84fa94-04c1-424b-9868-57a2d4851a1d" relativeResultsDirectory="551591ec-c68a-4a41-9a04-e5d7a00a0a7b" dataRowInfo="8" resultType="DataDrivenDataRow" />
        <UnitTestResult executionId="cfb00de1-d885-45ca-9fc2-122d991c6f01" parentExecutionId="551591ec-c68a-4a41-9a04-e5d7a00a0a7b" testId="9319d01e-de3e-d310-c76e-cae8dce4c924" testName="all_persons_modal_should_negation" computerName="ARPAN-LAP" duration="00:00:00.0262533" startTime="2014-06-29T10:31:20.6687543+05:30" endTime="2014-06-29T10:31:20.6947558+05:30" testType="13cdc9d9-ddb5-4fa4-a97d-d965ccfc6d4b" outcome="Passed" testListId="8c84fa94-04c1-424b-9868-57a2d4851a1d" relativeResultsDirectory="551591ec-c68a-4a41-9a04-e5d7a00a0a7b" dataRowInfo="9" resultType="DataDrivenDataRow" />
        <UnitTestResult executionId="5fa01eb3-09a2-4f8c-ab98-3815126befc9" parentExecutionId="551591ec-c68a-4a41-9a04-e5d7a00a0a7b" testId="9319d01e-de3e-d310-c76e-cae8dce4c924" testName="all_persons_modal_should_negation" computerName="ARPAN-LAP" duration="00:00:00.0258330" startTime="2014-06-29T10:31:20.6947558+05:30" endTime="2014-06-29T10:31:20.7207573+05:30" testType="13cdc9d9-ddb5-4fa4-a97d-d965ccfc6d4b" outcome="Passed" testListId="8c84fa94-04c1-424b-9868-57a2d4851a1d" relativeResultsDirectory="551591ec-c68a-4a41-9a04-e5d7a00a0a7b" dataRowInfo="10" resultType="DataDrivenDataRow" />
        <UnitTestResult executionId="53195789-4936-42b1-848b-1a8cfe330880" parentExecutionId="551591ec-c68a-4a41-9a04-e5d7a00a0a7b" testId="9319d01e-de3e-d310-c76e-cae8dce4c924" testName="all_persons_modal_should_negation" computerName="ARPAN-LAP" duration="00:00:00.0330234" startTime="2014-06-29T10:31:20.7207573+05:30" endTime="2014-06-29T10:31:20.7537592+05:30" testType="13cdc9d9-ddb5-4fa4-a97d-d965ccfc6d4b" outcome="Passed" testListId="8c84fa94-04c1-424b-9868-57a2d4851a1d" relativeResultsDirectory="551591ec-c68a-4a41-9a04-e5d7a00a0a7b" dataRowInfo="11" resultType="DataDrivenDataRow" />
        <UnitTestResult executionId="7152e3bb-c754-45b0-aabe-2612a5acc1e1" parentExecutionId="551591ec-c68a-4a41-9a04-e5d7a00a0a7b" testId="9319d01e-de3e-d310-c76e-cae8dce4c924" testName="all_persons_modal_should_negation" computerName="ARPAN-LAP" duration="00:00:00.0300100" startTime="2014-06-29T10:31:20.7537592+05:30" endTime="2014-06-29T10:31:20.7837609+05:30" testType="13cdc9d9-ddb5-4fa4-a97d-d965ccfc6d4b" outcome="Passed" testListId="8c84fa94-04c1-424b-9868-57a2d4851a1d" relativeResultsDirectory="551591ec-c68a-4a41-9a04-e5d7a00a0a7b" dataRowInfo="12" resultType="DataDrivenDataRow" />
        <UnitTestResult executionId="51fbfdf1-00a7-427c-9f32-a8deef3b24cb" parentExecutionId="551591ec-c68a-4a41-9a04-e5d7a00a0a7b" testId="9319d01e-de3e-d310-c76e-cae8dce4c924" testName="all_persons_modal_should_negation" computerName="ARPAN-LAP" duration="00:00:00.0280365" startTime="2014-06-29T10:31:20.7837609+05:30" endTime="2014-06-29T10:31:20.8117625+05:30" testType="13cdc9d9-ddb5-4fa4-a97d-d965ccfc6d4b" outcome="Passed" testListId="8c84fa94-04c1-424b-9868-57a2d4851a1d" relativeResultsDirectory="551591ec-c68a-4a41-9a04-e5d7a00a0a7b" dataRowInfo="13" resultType="DataDrivenDataRow" />
        <UnitTestResult executionId="5829f2d6-1a3a-4256-82ca-e655fd342590" parentExecutionId="551591ec-c68a-4a41-9a04-e5d7a00a0a7b" testId="9319d01e-de3e-d310-c76e-cae8dce4c924" testName="all_persons_modal_should_negation" computerName="ARPAN-LAP" duration="00:00:00.0278589" startTime="2014-06-29T10:31:20.8117625+05:30" endTime="2014-06-29T10:31:20.8397641+05:30" testType="13cdc9d9-ddb5-4fa4-a97d-d965ccfc6d4b" outcome="Passed" testListId="8c84fa94-04c1-424b-9868-57a2d4851a1d" relativeResultsDirectory="551591ec-c68a-4a41-9a04-e5d7a00a0a7b" dataRowInfo="14" resultType="DataDrivenDataRow" />
        <UnitTestResult executionId="7b6c9a62-4808-47f8-a027-f3ac6494dfda" parentExecutionId="551591ec-c68a-4a41-9a04-e5d7a00a0a7b" testId="9319d01e-de3e-d310-c76e-cae8dce4c924" testName="all_persons_modal_should_negation" computerName="ARPAN-LAP" duration="00:00:00.0262600" startTime="2014-06-29T10:31:20.8397641+05:30" endTime="2014-06-29T10:31:20.8657656+05:30" testType="13cdc9d9-ddb5-4fa4-a97d-d965ccfc6d4b" outcome="Passed" testListId="8c84fa94-04c1-424b-9868-57a2d4851a1d" relativeResultsDirectory="551591ec-c68a-4a41-9a04-e5d7a00a0a7b" dataRowInfo="15" resultType="DataDrivenDataRow" />
        <UnitTestResult executionId="35a95c3f-2b11-46e5-b040-1fe2d76c12ca" parentExecutionId="551591ec-c68a-4a41-9a04-e5d7a00a0a7b" testId="9319d01e-de3e-d310-c76e-cae8dce4c924" testName="all_persons_modal_should_negation" computerName="ARPAN-LAP" duration="00:00:00.0317541" startTime="2014-06-29T10:31:20.8657656+05:30" endTime="2014-06-29T10:31:20.8977674+05:30" testType="13cdc9d9-ddb5-4fa4-a97d-d965ccfc6d4b" outcome="Passed" testListId="8c84fa94-04c1-424b-9868-57a2d4851a1d" relativeResultsDirectory="551591ec-c68a-4a41-9a04-e5d7a00a0a7b" dataRowInfo="16" resultType="DataDrivenDataRow" />
      </InnerResults>
    </UnitTestResult>
    <UnitTestResult executionId="ebdcdb92-687d-49b1-82a2-5e6c80bfb8bb" testId="97a1371f-e8e6-db3e-323e-49ffeef32df1" testName="interrogative_sentences_which" computerName="ARPAN-LAP" duration="00:00:00.0492316" startTime="2014-06-29T10:31:20.9647713+05:30" endTime="2014-06-29T10:31:21.0267748+05:30" testType="13cdc9d9-ddb5-4fa4-a97d-d965ccfc6d4b" outcome="Passed" testListId="8c84fa94-04c1-424b-9868-57a2d4851a1d" relativeResultsDirectory="ebdcdb92-687d-49b1-82a2-5e6c80bfb8bb" resultType="DataDrivenTest">
      <Counters error="0" failed="0" timeout="0" aborted="0" inconclusive="0" passedButRunAborted="0" notRunnable="0" notExecuted="0" disconnected="0" warning="0" passed="2" completed="0" inProgress="0" pending="0" />
      <InnerResults>
        <UnitTestResult executionId="b7b546c5-f170-48ea-85d8-9dd7d52936f7" parentExecutionId="ebdcdb92-687d-49b1-82a2-5e6c80bfb8bb" testId="97a1371f-e8e6-db3e-323e-49ffeef32df1" testName="interrogative_sentences_which" computerName="ARPAN-LAP" duration="00:00:00.0212402" startTime="2014-06-29T10:31:20.9707716+05:30" endTime="2014-06-29T10:31:20.9917728+05:30" testType="13cdc9d9-ddb5-4fa4-a97d-d965ccfc6d4b" outcome="Passed" testListId="8c84fa94-04c1-424b-9868-57a2d4851a1d" relativeResultsDirectory="ebdcdb92-687d-49b1-82a2-5e6c80bfb8bb" dataRowInfo="0" resultType="DataDrivenDataRow" />
        <UnitTestResult executionId="a2c67da6-c1f2-4ed6-8e61-2d05b9348ebf" parentExecutionId="ebdcdb92-687d-49b1-82a2-5e6c80bfb8bb" testId="97a1371f-e8e6-db3e-323e-49ffeef32df1" testName="interrogative_sentences_which" computerName="ARPAN-LAP" duration="00:00:00.0252042" startTime="2014-06-29T10:31:20.9917728+05:30" endTime="2014-06-29T10:31:21.0177743+05:30" testType="13cdc9d9-ddb5-4fa4-a97d-d965ccfc6d4b" outcome="Passed" testListId="8c84fa94-04c1-424b-9868-57a2d4851a1d" relativeResultsDirectory="ebdcdb92-687d-49b1-82a2-5e6c80bfb8bb" dataRowInfo="1" resultType="DataDrivenDataRow" />
      </InnerResults>
    </UnitTestResult>
    <UnitTestResult executionId="934d632b-4e06-48d2-bda8-bf96d5776b05" testId="b9261b51-b0a2-10e2-9308-22bb2624de8b" testName="interrogative_sentences_where" computerName="ARPAN-LAP" duration="00:00:00.1063244" startTime="2014-06-29T10:31:21.0287749+05:30" endTime="2014-06-29T10:31:21.1507819+05:30" testType="13cdc9d9-ddb5-4fa4-a97d-d965ccfc6d4b" outcome="Failed" testListId="8c84fa94-04c1-424b-9868-57a2d4851a1d" relativeResultsDirectory="934d632b-4e06-48d2-bda8-bf96d5776b05" resultType="DataDrivenTest">
      <Counters error="0" failed="1" timeout="0" aborted="0" inconclusive="0" passedButRunAborted="0" notRunnable="0" notExecuted="0" disconnected="0" warning="0" passed="2" completed="0" inProgress="0" pending="0" />
      <InnerResults>
        <UnitTestResult executionId="4457d0da-64e8-45eb-a3b5-9855e7f54c3a" parentExecutionId="934d632b-4e06-48d2-bda8-bf96d5776b05" testId="b9261b51-b0a2-10e2-9308-22bb2624de8b" testName="interrogative_sentences_where" computerName="ARPAN-LAP" duration="00:00:00.0262785" startTime="2014-06-29T10:31:21.0527763+05:30" endTime="2014-06-29T10:31:21.0787778+05:30" testType="13cdc9d9-ddb5-4fa4-a97d-d965ccfc6d4b" outcome="Failed" testListId="8c84fa94-04c1-424b-9868-57a2d4851a1d" relativeResultsDirectory="934d632b-4e06-48d2-bda8-bf96d5776b05" dataRowInfo="0" resultType="DataDrivenDataRow">
          <Output>
            <ErrorInfo>
              <Message>Assert.AreEqual failed. Expected:&lt;আজ আপনি কোথায় ?&gt;. Actual:&lt;কোথায় আপনি আজ ?&gt;. Where are you today?</Message>
              <StackTrace>   at UnitTest.BnlpTest.interrogative_sentences_where() in D:\software\Project\BNLP\UnitTest\BnlpTest.cs:line 310
</StackTrace>
            </ErrorInfo>
          </Output>
        </UnitTestResult>
        <UnitTestResult executionId="943b75f6-14cb-4829-a293-827e3553b145" parentExecutionId="934d632b-4e06-48d2-bda8-bf96d5776b05" testId="b9261b51-b0a2-10e2-9308-22bb2624de8b" testName="interrogative_sentences_where" computerName="ARPAN-LAP" duration="00:00:00.0293335" startTime="2014-06-29T10:31:21.0787778+05:30" endTime="2014-06-29T10:31:21.1077794+05:30" testType="13cdc9d9-ddb5-4fa4-a97d-d965ccfc6d4b" outcome="Passed" testListId="8c84fa94-04c1-424b-9868-57a2d4851a1d" relativeResultsDirectory="934d632b-4e06-48d2-bda8-bf96d5776b05" dataRowInfo="1" resultType="DataDrivenDataRow" />
        <UnitTestResult executionId="118a37d4-fb54-45e2-9ebc-505a9ec61951" parentExecutionId="934d632b-4e06-48d2-bda8-bf96d5776b05" testId="b9261b51-b0a2-10e2-9308-22bb2624de8b" testName="interrogative_sentences_where" computerName="ARPAN-LAP" duration="00:00:00.0304365" startTime="2014-06-29T10:31:21.1077794+05:30" endTime="2014-06-29T10:31:21.1387812+05:30" testType="13cdc9d9-ddb5-4fa4-a97d-d965ccfc6d4b" outcome="Passed" testListId="8c84fa94-04c1-424b-9868-57a2d4851a1d" relativeResultsDirectory="934d632b-4e06-48d2-bda8-bf96d5776b05" dataRowInfo="2" resultType="DataDrivenDataRow" />
      </InnerResults>
    </UnitTestResult>
    <UnitTestResult executionId="5bbff6a7-f29d-4a6d-bbfc-eb16ade808aa" testId="bdfe92b2-f4ac-73a5-f13d-5c1ea13721b4" testName="all_persons_tenses_passive_negation" computerName="ARPAN-LAP" duration="00:00:00.3415513" startTime="2014-06-29T10:31:21.1557822+05:30" endTime="2014-06-29T10:31:21.5388041+05:30" testType="13cdc9d9-ddb5-4fa4-a97d-d965ccfc6d4b" outcome="Passed" testListId="8c84fa94-04c1-424b-9868-57a2d4851a1d" relativeResultsDirectory="5bbff6a7-f29d-4a6d-bbfc-eb16ade808aa" resultType="DataDrivenTest">
      <Counters error="0" failed="0" timeout="0" aborted="0" inconclusive="0" passedButRunAborted="0" notRunnable="0" notExecuted="0" disconnected="0" warning="0" passed="10" completed="0" inProgress="0" pending="0" />
      <InnerResults>
        <UnitTestResult executionId="e6a645e4-0495-4926-9786-e768bbf02754" parentExecutionId="5bbff6a7-f29d-4a6d-bbfc-eb16ade808aa" testId="bdfe92b2-f4ac-73a5-f13d-5c1ea13721b4" testName="all_persons_tenses_passive_negation" computerName="ARPAN-LAP" duration="00:00:00.0247099" startTime="2014-06-29T10:31:21.1887841+05:30" endTime="2014-06-29T10:31:21.2127854+05:30" testType="13cdc9d9-ddb5-4fa4-a97d-d965ccfc6d4b" outcome="Passed" testListId="8c84fa94-04c1-424b-9868-57a2d4851a1d" relativeResultsDirectory="5bbff6a7-f29d-4a6d-bbfc-eb16ade808aa" dataRowInfo="0" resultType="DataDrivenDataRow" />
        <UnitTestResult executionId="3c2b7b2e-c0b2-48b4-ba0b-07b5f0282925" parentExecutionId="5bbff6a7-f29d-4a6d-bbfc-eb16ade808aa" testId="bdfe92b2-f4ac-73a5-f13d-5c1ea13721b4" testName="all_persons_tenses_passive_negation" computerName="ARPAN-LAP" duration="00:00:00.0333170" startTime="2014-06-29T10:31:21.2127854+05:30" endTime="2014-06-29T10:31:21.2467874+05:30" testType="13cdc9d9-ddb5-4fa4-a97d-d965ccfc6d4b" outcome="Passed" testListId="8c84fa94-04c1-424b-9868-57a2d4851a1d" relativeResultsDirectory="5bbff6a7-f29d-4a6d-bbfc-eb16ade808aa" dataRowInfo="1" resultType="DataDrivenDataRow" />
        <UnitTestResult executionId="9a16475a-071d-4a1c-a911-3c4cadc70182" parentExecutionId="5bbff6a7-f29d-4a6d-bbfc-eb16ade808aa" testId="bdfe92b2-f4ac-73a5-f13d-5c1ea13721b4" testName="all_persons_tenses_passive_negation" computerName="ARPAN-LAP" duration="00:00:00.0442898" startTime="2014-06-29T10:31:21.2467874+05:30" endTime="2014-06-29T10:31:21.2907899+05:30" testType="13cdc9d9-ddb5-4fa4-a97d-d965ccfc6d4b" outcome="Passed" testListId="8c84fa94-04c1-424b-9868-57a2d4851a1d" relativeResultsDirectory="5bbff6a7-f29d-4a6d-bbfc-eb16ade808aa" dataRowInfo="2" resultType="DataDrivenDataRow" />
        <UnitTestResult executionId="539aac36-692a-4dae-b0c8-331fe15a0da0" parentExecutionId="5bbff6a7-f29d-4a6d-bbfc-eb16ade808aa" testId="bdfe92b2-f4ac-73a5-f13d-5c1ea13721b4" testName="all_persons_tenses_passive_negation" computerName="ARPAN-LAP" duration="00:00:00.0371419" startTime="2014-06-29T10:31:21.2907899+05:30" endTime="2014-06-29T10:31:21.3277920+05:30" testType="13cdc9d9-ddb5-4fa4-a97d-d965ccfc6d4b" outcome="Passed" testListId="8c84fa94-04c1-424b-9868-57a2d4851a1d" relativeResultsDirectory="5bbff6a7-f29d-4a6d-bbfc-eb16ade808aa" dataRowInfo="3" resultType="DataDrivenDataRow" />
        <UnitTestResult executionId="600b1b9d-60cf-4cba-9210-8eea222e1f3e" parentExecutionId="5bbff6a7-f29d-4a6d-bbfc-eb16ade808aa" testId="bdfe92b2-f4ac-73a5-f13d-5c1ea13721b4" testName="all_persons_tenses_passive_negation" computerName="ARPAN-LAP" duration="00:00:00.0217227" startTime="2014-06-29T10:31:21.3277920+05:30" endTime="2014-06-29T10:31:21.3497933+05:30" testType="13cdc9d9-ddb5-4fa4-a97d-d965ccfc6d4b" outcome="Passed" testListId="8c84fa94-04c1-424b-9868-57a2d4851a1d" relativeResultsDirectory="5bbff6a7-f29d-4a6d-bbfc-eb16ade808aa" dataRowInfo="4" resultType="DataDrivenDataRow" />
        <UnitTestResult executionId="ec8103fb-657f-46c3-baec-dd6952fa9254" parentExecutionId="5bbff6a7-f29d-4a6d-bbfc-eb16ade808aa" testId="bdfe92b2-f4ac-73a5-f13d-5c1ea13721b4" testName="all_persons_tenses_passive_negation" computerName="ARPAN-LAP" duration="00:00:00.0276069" startTime="2014-06-29T10:31:21.3497933+05:30" endTime="2014-06-29T10:31:21.3777949+05:30" testType="13cdc9d9-ddb5-4fa4-a97d-d965ccfc6d4b" outcome="Passed" testListId="8c84fa94-04c1-424b-9868-57a2d4851a1d" relativeResultsDirectory="5bbff6a7-f29d-4a6d-bbfc-eb16ade808aa" dataRowInfo="5" resultType="DataDrivenDataRow" />
        <UnitTestResult executionId="2f2ec5cc-8e56-4ca1-961b-462b1c9f52a6" parentExecutionId="5bbff6a7-f29d-4a6d-bbfc-eb16ade808aa" testId="bdfe92b2-f4ac-73a5-f13d-5c1ea13721b4" testName="all_persons_tenses_passive_negation" computerName="ARPAN-LAP" duration="00:00:00.0287561" startTime="2014-06-29T10:31:21.3777949+05:30" endTime="2014-06-29T10:31:21.4067965+05:30" testType="13cdc9d9-ddb5-4fa4-a97d-d965ccfc6d4b" outcome="Passed" testListId="8c84fa94-04c1-424b-9868-57a2d4851a1d" relativeResultsDirectory="5bbff6a7-f29d-4a6d-bbfc-eb16ade808aa" dataRowInfo="6" resultType="DataDrivenDataRow" />
        <UnitTestResult executionId="185843c8-e814-45bd-ab32-2c284cfc73d3" parentExecutionId="5bbff6a7-f29d-4a6d-bbfc-eb16ade808aa" testId="bdfe92b2-f4ac-73a5-f13d-5c1ea13721b4" testName="all_persons_tenses_passive_negation" computerName="ARPAN-LAP" duration="00:00:00.0332375" startTime="2014-06-29T10:31:21.4067965+05:30" endTime="2014-06-29T10:31:21.4397984+05:30" testType="13cdc9d9-ddb5-4fa4-a97d-d965ccfc6d4b" outcome="Passed" testListId="8c84fa94-04c1-424b-9868-57a2d4851a1d" relativeResultsDirectory="5bbff6a7-f29d-4a6d-bbfc-eb16ade808aa" dataRowInfo="7" resultType="DataDrivenDataRow" />
        <UnitTestResult executionId="63b76b2f-80ea-43b8-a26d-09a611bd99ad" parentExecutionId="5bbff6a7-f29d-4a6d-bbfc-eb16ade808aa" testId="bdfe92b2-f4ac-73a5-f13d-5c1ea13721b4" testName="all_persons_tenses_passive_negation" computerName="ARPAN-LAP" duration="00:00:00.0320308" startTime="2014-06-29T10:31:21.4397984+05:30" endTime="2014-06-29T10:31:21.4718003+05:30" testType="13cdc9d9-ddb5-4fa4-a97d-d965ccfc6d4b" outcome="Passed" testListId="8c84fa94-04c1-424b-9868-57a2d4851a1d" relativeResultsDirectory="5bbff6a7-f29d-4a6d-bbfc-eb16ade808aa" dataRowInfo="8" resultType="DataDrivenDataRow" />
        <UnitTestResult executionId="ec85d7b5-3992-4115-a777-43ad25d4973b" parentExecutionId="5bbff6a7-f29d-4a6d-bbfc-eb16ade808aa" testId="bdfe92b2-f4ac-73a5-f13d-5c1ea13721b4" testName="all_persons_tenses_passive_negation" computerName="ARPAN-LAP" duration="00:00:00.0357730" startTime="2014-06-29T10:31:21.4718003+05:30" endTime="2014-06-29T10:31:21.5078023+05:30" testType="13cdc9d9-ddb5-4fa4-a97d-d965ccfc6d4b" outcome="Passed" testListId="8c84fa94-04c1-424b-9868-57a2d4851a1d" relativeResultsDirectory="5bbff6a7-f29d-4a6d-bbfc-eb16ade808aa" dataRowInfo="9" resultType="DataDrivenDataRow" />
      </InnerResults>
    </UnitTestResult>
    <UnitTestResult executionId="621c171f-dcf3-4bf4-80e3-f06844d0b75e" testId="c79146bc-2376-961a-5de9-441b5dfc7188" testName="auxiliary_verbs_as_main_verbs" computerName="ARPAN-LAP" duration="00:00:00.7057488" startTime="2014-06-29T10:31:21.5408042+05:30" endTime="2014-06-29T10:31:22.3258491+05:30" testType="13cdc9d9-ddb5-4fa4-a97d-d965ccfc6d4b" outcome="Passed" testListId="8c84fa94-04c1-424b-9868-57a2d4851a1d" relativeResultsDirectory="621c171f-dcf3-4bf4-80e3-f06844d0b75e" resultType="DataDrivenTest">
      <Counters error="0" failed="0" timeout="0" aborted="0" inconclusive="0" passedButRunAborted="0" notRunnable="0" notExecuted="0" disconnected="0" warning="0" passed="25" completed="0" inProgress="0" pending="0" />
      <InnerResults>
        <UnitTestResult executionId="6f9dbcf6-8fd6-424e-9b78-7428458f0957" parentExecutionId="621c171f-dcf3-4bf4-80e3-f06844d0b75e" testId="c79146bc-2376-961a-5de9-441b5dfc7188" testName="auxiliary_verbs_as_main_verbs" computerName="ARPAN-LAP" duration="00:00:00.0275468" startTime="2014-06-29T10:31:21.5728060+05:30" endTime="2014-06-29T10:31:21.5998076+05:30" testType="13cdc9d9-ddb5-4fa4-a97d-d965ccfc6d4b" outcome="Passed" testListId="8c84fa94-04c1-424b-9868-57a2d4851a1d" relativeResultsDirectory="621c171f-dcf3-4bf4-80e3-f06844d0b75e" dataRowInfo="0" resultType="DataDrivenDataRow" />
        <UnitTestResult executionId="5c5a9b8b-e4d8-452c-a432-f9590ac89205" parentExecutionId="621c171f-dcf3-4bf4-80e3-f06844d0b75e" testId="c79146bc-2376-961a-5de9-441b5dfc7188" testName="auxiliary_verbs_as_main_verbs" computerName="ARPAN-LAP" duration="00:00:00.0271819" startTime="2014-06-29T10:31:21.5998076+05:30" endTime="2014-06-29T10:31:21.6278092+05:30" testType="13cdc9d9-ddb5-4fa4-a97d-d965ccfc6d4b" outcome="Passed" testListId="8c84fa94-04c1-424b-9868-57a2d4851a1d" relativeResultsDirectory="621c171f-dcf3-4bf4-80e3-f06844d0b75e" dataRowInfo="1" resultType="DataDrivenDataRow" />
        <UnitTestResult executionId="749cae5c-6490-485d-8883-46d95f6b357b" parentExecutionId="621c171f-dcf3-4bf4-80e3-f06844d0b75e" testId="c79146bc-2376-961a-5de9-441b5dfc7188" testName="auxiliary_verbs_as_main_verbs" computerName="ARPAN-LAP" duration="00:00:00.0357905" startTime="2014-06-29T10:31:21.6278092+05:30" endTime="2014-06-29T10:31:21.6628112+05:30" testType="13cdc9d9-ddb5-4fa4-a97d-d965ccfc6d4b" outcome="Passed" testListId="8c84fa94-04c1-424b-9868-57a2d4851a1d" relativeResultsDirectory="621c171f-dcf3-4bf4-80e3-f06844d0b75e" dataRowInfo="2" resultType="DataDrivenDataRow" />
        <UnitTestResult executionId="12ca9717-1f60-44bd-becc-b6d7577f8a15" parentExecutionId="621c171f-dcf3-4bf4-80e3-f06844d0b75e" testId="c79146bc-2376-961a-5de9-441b5dfc7188" testName="auxiliary_verbs_as_main_verbs" computerName="ARPAN-LAP" duration="00:00:00.0347475" startTime="2014-06-29T10:31:21.6628112+05:30" endTime="2014-06-29T10:31:21.6978132+05:30" testType="13cdc9d9-ddb5-4fa4-a97d-d965ccfc6d4b" outcome="Passed" testListId="8c84fa94-04c1-424b-9868-57a2d4851a1d" relativeResultsDirectory="621c171f-dcf3-4bf4-80e3-f06844d0b75e" dataRowInfo="3" resultType="DataDrivenDataRow" />
        <UnitTestResult executionId="cfe80a3c-aaf8-4798-b6c4-ba3fbe53796e" parentExecutionId="621c171f-dcf3-4bf4-80e3-f06844d0b75e" testId="c79146bc-2376-961a-5de9-441b5dfc7188" testName="auxiliary_verbs_as_main_verbs" computerName="ARPAN-LAP" duration="00:00:00.0320934" startTime="2014-06-29T10:31:21.6978132+05:30" endTime="2014-06-29T10:31:21.7298150+05:30" testType="13cdc9d9-ddb5-4fa4-a97d-d965ccfc6d4b" outcome="Passed" testListId="8c84fa94-04c1-424b-9868-57a2d4851a1d" relativeResultsDirectory="621c171f-dcf3-4bf4-80e3-f06844d0b75e" dataRowInfo="4" resultType="DataDrivenDataRow" />
        <UnitTestResult executionId="119490ad-0ac0-456a-9ec1-610d407cb3f5" parentExecutionId="621c171f-dcf3-4bf4-80e3-f06844d0b75e" testId="c79146bc-2376-961a-5de9-441b5dfc7188" testName="auxiliary_verbs_as_main_verbs" computerName="ARPAN-LAP" duration="00:00:00.0270602" startTime="2014-06-29T10:31:21.7298150+05:30" endTime="2014-06-29T10:31:21.7568166+05:30" testType="13cdc9d9-ddb5-4fa4-a97d-d965ccfc6d4b" outcome="Passed" testListId="8c84fa94-04c1-424b-9868-57a2d4851a1d" relativeResultsDirectory="621c171f-dcf3-4bf4-80e3-f06844d0b75e" dataRowInfo="5" resultType="DataDrivenDataRow" />
        <UnitTestResult executionId="334f1a64-efb4-469b-9289-6c1d309bd0eb" parentExecutionId="621c171f-dcf3-4bf4-80e3-f06844d0b75e" testId="c79146bc-2376-961a-5de9-441b5dfc7188" testName="auxiliary_verbs_as_main_verbs" computerName="ARPAN-LAP" duration="00:00:00.0314348" startTime="2014-06-29T10:31:21.7568166+05:30" endTime="2014-06-29T10:31:21.7888184+05:30" testType="13cdc9d9-ddb5-4fa4-a97d-d965ccfc6d4b" outcome="Passed" testListId="8c84fa94-04c1-424b-9868-57a2d4851a1d" relativeResultsDirectory="621c171f-dcf3-4bf4-80e3-f06844d0b75e" dataRowInfo="6" resultType="DataDrivenDataRow" />
        <UnitTestResult executionId="037530c8-87b8-4db9-9a0e-eeef733d8ef9" parentExecutionId="621c171f-dcf3-4bf4-80e3-f06844d0b75e" testId="c79146bc-2376-961a-5de9-441b5dfc7188" testName="auxiliary_verbs_as_main_verbs" computerName="ARPAN-LAP" duration="00:00:00.0355184" startTime="2014-06-29T10:31:21.7888184+05:30" endTime="2014-06-29T10:31:21.8248204+05:30" testType="13cdc9d9-ddb5-4fa4-a97d-d965ccfc6d4b" outcome="Passed" testListId="8c84fa94-04c1-424b-9868-57a2d4851a1d" relativeResultsDirectory="621c171f-dcf3-4bf4-80e3-f06844d0b75e" dataRowInfo="7" resultType="DataDrivenDataRow" />
        <UnitTestResult executionId="ea4c3a37-cf08-45a7-9953-b6fedfb0c82e" parentExecutionId="621c171f-dcf3-4bf4-80e3-f06844d0b75e" testId="c79146bc-2376-961a-5de9-441b5dfc7188" testName="auxiliary_verbs_as_main_verbs" computerName="ARPAN-LAP" duration="00:00:00.0591639" startTime="2014-06-29T10:31:21.8248204+05:30" endTime="2014-06-29T10:31:21.8838238+05:30" testType="13cdc9d9-ddb5-4fa4-a97d-d965ccfc6d4b" outcome="Passed" testListId="8c84fa94-04c1-424b-9868-57a2d4851a1d" relativeResultsDirectory="621c171f-dcf3-4bf4-80e3-f06844d0b75e" dataRowInfo="8" resultType="DataDrivenDataRow" />
        <UnitTestResult executionId="fbaf7558-7894-40fd-b90d-2c4967d368a8" parentExecutionId="621c171f-dcf3-4bf4-80e3-f06844d0b75e" testId="c79146bc-2376-961a-5de9-441b5dfc7188" testName="auxiliary_verbs_as_main_verbs" computerName="ARPAN-LAP" duration="00:00:00.0200058" startTime="2014-06-29T10:31:21.8838238+05:30" endTime="2014-06-29T10:31:21.9038250+05:30" testType="13cdc9d9-ddb5-4fa4-a97d-d965ccfc6d4b" outcome="Passed" testListId="8c84fa94-04c1-424b-9868-57a2d4851a1d" relativeResultsDirectory="621c171f-dcf3-4bf4-80e3-f06844d0b75e" dataRowInfo="9" resultType="DataDrivenDataRow" />
        <UnitTestResult executionId="ded3ab68-b1d8-4e56-9072-812b1496d18f" parentExecutionId="621c171f-dcf3-4bf4-80e3-f06844d0b75e" testId="c79146bc-2376-961a-5de9-441b5dfc7188" testName="auxiliary_verbs_as_main_verbs" computerName="ARPAN-LAP" duration="00:00:00.0200284" startTime="2014-06-29T10:31:21.9038250+05:30" endTime="2014-06-29T10:31:21.9238261+05:30" testType="13cdc9d9-ddb5-4fa4-a97d-d965ccfc6d4b" outcome="Passed" testListId="8c84fa94-04c1-424b-9868-57a2d4851a1d" relativeResultsDirectory="621c171f-dcf3-4bf4-80e3-f06844d0b75e" dataRowInfo="10" resultType="DataDrivenDataRow" />
        <UnitTestResult executionId="d883ac09-5da1-46fc-a856-5bd8839c9658" parentExecutionId="621c171f-dcf3-4bf4-80e3-f06844d0b75e" testId="c79146bc-2376-961a-5de9-441b5dfc7188" testName="auxiliary_verbs_as_main_verbs" computerName="ARPAN-LAP" duration="00:00:00.0254188" startTime="2014-06-29T10:31:21.9238261+05:30" endTime="2014-06-29T10:31:21.9488275+05:30" testType="13cdc9d9-ddb5-4fa4-a97d-d965ccfc6d4b" outcome="Passed" testListId="8c84fa94-04c1-424b-9868-57a2d4851a1d" relativeResultsDirectory="621c171f-dcf3-4bf4-80e3-f06844d0b75e" dataRowInfo="11" resultType="DataDrivenDataRow" />
        <UnitTestResult executionId="16016dd5-188c-4862-9a0d-87816a1203ca" parentExecutionId="621c171f-dcf3-4bf4-80e3-f06844d0b75e" testId="c79146bc-2376-961a-5de9-441b5dfc7188" testName="auxiliary_verbs_as_main_verbs" computerName="ARPAN-LAP" duration="00:00:00.0311454" startTime="2014-06-29T10:31:21.9488275+05:30" endTime="2014-06-29T10:31:21.9808294+05:30" testType="13cdc9d9-ddb5-4fa4-a97d-d965ccfc6d4b" outcome="Passed" testListId="8c84fa94-04c1-424b-9868-57a2d4851a1d" relativeResultsDirectory="621c171f-dcf3-4bf4-80e3-f06844d0b75e" dataRowInfo="12" resultType="DataDrivenDataRow" />
        <UnitTestResult executionId="8b75ad0d-15e4-4bc0-b6c2-6b4eca70d1e9" parentExecutionId="621c171f-dcf3-4bf4-80e3-f06844d0b75e" testId="c79146bc-2376-961a-5de9-441b5dfc7188" testName="auxiliary_verbs_as_main_verbs" computerName="ARPAN-LAP" duration="00:00:00.0270489" startTime="2014-06-29T10:31:21.9808294+05:30" endTime="2014-06-29T10:31:22.0078309+05:30" testType="13cdc9d9-ddb5-4fa4-a97d-d965ccfc6d4b" outcome="Passed" testListId="8c84fa94-04c1-424b-9868-57a2d4851a1d" relativeResultsDirectory="621c171f-dcf3-4bf4-80e3-f06844d0b75e" dataRowInfo="13" resultType="DataDrivenDataRow" />
        <UnitTestResult executionId="56bb470d-5f90-467e-bd52-95dd7c5e2b59" parentExecutionId="621c171f-dcf3-4bf4-80e3-f06844d0b75e" testId="c79146bc-2376-961a-5de9-441b5dfc7188" testName="auxiliary_verbs_as_main_verbs" computerName="ARPAN-LAP" duration="00:00:00.0200576" startTime="2014-06-29T10:31:22.0078309+05:30" endTime="2014-06-29T10:31:22.0278321+05:30" testType="13cdc9d9-ddb5-4fa4-a97d-d965ccfc6d4b" outcome="Passed" testListId="8c84fa94-04c1-424b-9868-57a2d4851a1d" relativeResultsDirectory="621c171f-dcf3-4bf4-80e3-f06844d0b75e" dataRowInfo="14" resultType="DataDrivenDataRow" />
        <UnitTestResult executionId="3ea95664-2539-4686-bc55-b3d6df3ca57c" parentExecutionId="621c171f-dcf3-4bf4-80e3-f06844d0b75e" testId="c79146bc-2376-961a-5de9-441b5dfc7188" testName="auxiliary_verbs_as_main_verbs" computerName="ARPAN-LAP" duration="00:00:00.0182817" startTime="2014-06-29T10:31:22.0278321+05:30" endTime="2014-06-29T10:31:22.0458331+05:30" testType="13cdc9d9-ddb5-4fa4-a97d-d965ccfc6d4b" outcome="Passed" testListId="8c84fa94-04c1-424b-9868-57a2d4851a1d" relativeResultsDirectory="621c171f-dcf3-4bf4-80e3-f06844d0b75e" dataRowInfo="15" resultType="DataDrivenDataRow" />
        <UnitTestResult executionId="5c7663d9-2e6a-4477-931c-bac60229af2f" parentExecutionId="621c171f-dcf3-4bf4-80e3-f06844d0b75e" testId="c79146bc-2376-961a-5de9-441b5dfc7188" testName="auxiliary_verbs_as_main_verbs" computerName="ARPAN-LAP" duration="00:00:00.0263303" startTime="2014-06-29T10:31:22.0458331+05:30" endTime="2014-06-29T10:31:22.0718346+05:30" testType="13cdc9d9-ddb5-4fa4-a97d-d965ccfc6d4b" outcome="Passed" testListId="8c84fa94-04c1-424b-9868-57a2d4851a1d" relativeResultsDirectory="621c171f-dcf3-4bf4-80e3-f06844d0b75e" dataRowInfo="16" resultType="DataDrivenDataRow" />
        <UnitTestResult executionId="62995a95-4a93-4cae-967b-2cdcc4fb80ed" parentExecutionId="621c171f-dcf3-4bf4-80e3-f06844d0b75e" testId="c79146bc-2376-961a-5de9-441b5dfc7188" testName="auxiliary_verbs_as_main_verbs" computerName="ARPAN-LAP" duration="00:00:00.0194699" startTime="2014-06-29T10:31:22.0718346+05:30" endTime="2014-06-29T10:31:22.0918357+05:30" testType="13cdc9d9-ddb5-4fa4-a97d-d965ccfc6d4b" outcome="Passed" testListId="8c84fa94-04c1-424b-9868-57a2d4851a1d" relativeResultsDirectory="621c171f-dcf3-4bf4-80e3-f06844d0b75e" dataRowInfo="17" resultType="DataDrivenDataRow" />
        <UnitTestResult executionId="49f39bd3-5d4e-49a5-8b9c-578d0e57cc65" parentExecutionId="621c171f-dcf3-4bf4-80e3-f06844d0b75e" testId="c79146bc-2376-961a-5de9-441b5dfc7188" testName="auxiliary_verbs_as_main_verbs" computerName="ARPAN-LAP" duration="00:00:00.0189715" startTime="2014-06-29T10:31:22.0918357+05:30" endTime="2014-06-29T10:31:22.1108368+05:30" testType="13cdc9d9-ddb5-4fa4-a97d-d965ccfc6d4b" outcome="Passed" testListId="8c84fa94-04c1-424b-9868-57a2d4851a1d" relativeResultsDirectory="621c171f-dcf3-4bf4-80e3-f06844d0b75e" dataRowInfo="18" resultType="DataDrivenDataRow" />
        <UnitTestResult executionId="5b3c8a70-21a6-46d8-8148-6a86d3798f75" parentExecutionId="621c171f-dcf3-4bf4-80e3-f06844d0b75e" testId="c79146bc-2376-961a-5de9-441b5dfc7188" testName="auxiliary_verbs_as_main_verbs" computerName="ARPAN-LAP" duration="00:00:00.0257940" startTime="2014-06-29T10:31:22.1108368+05:30" endTime="2014-06-29T10:31:22.1368383+05:30" testType="13cdc9d9-ddb5-4fa4-a97d-d965ccfc6d4b" outcome="Passed" testListId="8c84fa94-04c1-424b-9868-57a2d4851a1d" relativeResultsDirectory="621c171f-dcf3-4bf4-80e3-f06844d0b75e" dataRowInfo="19" resultType="DataDrivenDataRow" />
        <UnitTestResult executionId="6270eab5-cf8c-4933-b00b-368a2f2f3ea4" parentExecutionId="621c171f-dcf3-4bf4-80e3-f06844d0b75e" testId="c79146bc-2376-961a-5de9-441b5dfc7188" testName="auxiliary_verbs_as_main_verbs" computerName="ARPAN-LAP" duration="00:00:00.0268523" startTime="2014-06-29T10:31:22.1368383+05:30" endTime="2014-06-29T10:31:22.1638398+05:30" testType="13cdc9d9-ddb5-4fa4-a97d-d965ccfc6d4b" outcome="Passed" testListId="8c84fa94-04c1-424b-9868-57a2d4851a1d" relativeResultsDirectory="621c171f-dcf3-4bf4-80e3-f06844d0b75e" dataRowInfo="20" resultType="DataDrivenDataRow" />
        <UnitTestResult executionId="8480d4a5-9857-434c-a8cb-96880d075ea3" parentExecutionId="621c171f-dcf3-4bf4-80e3-f06844d0b75e" testId="c79146bc-2376-961a-5de9-441b5dfc7188" testName="auxiliary_verbs_as_main_verbs" computerName="ARPAN-LAP" duration="00:00:00.0266891" startTime="2014-06-29T10:31:22.1638398+05:30" endTime="2014-06-29T10:31:22.1898413+05:30" testType="13cdc9d9-ddb5-4fa4-a97d-d965ccfc6d4b" outcome="Passed" testListId="8c84fa94-04c1-424b-9868-57a2d4851a1d" relativeResultsDirectory="621c171f-dcf3-4bf4-80e3-f06844d0b75e" dataRowInfo="21" resultType="DataDrivenDataRow" />
        <UnitTestResult executionId="2bdff014-2902-469f-aa05-b5a4f5646475" parentExecutionId="621c171f-dcf3-4bf4-80e3-f06844d0b75e" testId="c79146bc-2376-961a-5de9-441b5dfc7188" testName="auxiliary_verbs_as_main_verbs" computerName="ARPAN-LAP" duration="00:00:00.0161588" startTime="2014-06-29T10:31:22.1898413+05:30" endTime="2014-06-29T10:31:22.2068423+05:30" testType="13cdc9d9-ddb5-4fa4-a97d-d965ccfc6d4b" outcome="Passed" testListId="8c84fa94-04c1-424b-9868-57a2d4851a1d" relativeResultsDirectory="621c171f-dcf3-4bf4-80e3-f06844d0b75e" dataRowInfo="22" resultType="DataDrivenDataRow" />
        <UnitTestResult executionId="5c99e168-c85b-4a02-a63d-86396f90d870" parentExecutionId="621c171f-dcf3-4bf4-80e3-f06844d0b75e" testId="c79146bc-2376-961a-5de9-441b5dfc7188" testName="auxiliary_verbs_as_main_verbs" computerName="ARPAN-LAP" duration="00:00:00.0202583" startTime="2014-06-29T10:31:22.2068423+05:30" endTime="2014-06-29T10:31:22.2268434+05:30" testType="13cdc9d9-ddb5-4fa4-a97d-d965ccfc6d4b" outcome="Passed" testListId="8c84fa94-04c1-424b-9868-57a2d4851a1d" relativeResultsDirectory="621c171f-dcf3-4bf4-80e3-f06844d0b75e" dataRowInfo="23" resultType="DataDrivenDataRow" />
        <UnitTestResult executionId="b3fd529b-1b70-4dcc-b976-69f6f745a159" parentExecutionId="621c171f-dcf3-4bf4-80e3-f06844d0b75e" testId="c79146bc-2376-961a-5de9-441b5dfc7188" testName="auxiliary_verbs_as_main_verbs" computerName="ARPAN-LAP" duration="00:00:00.0268919" startTime="2014-06-29T10:31:22.2268434+05:30" endTime="2014-06-29T10:31:22.2538450+05:30" testType="13cdc9d9-ddb5-4fa4-a97d-d965ccfc6d4b" outcome="Passed" testListId="8c84fa94-04c1-424b-9868-57a2d4851a1d" relativeResultsDirectory="621c171f-dcf3-4bf4-80e3-f06844d0b75e" dataRowInfo="24" resultType="DataDrivenDataRow" />
      </InnerResults>
    </UnitTestResult>
    <UnitTestResult executionId="5ba6a943-929c-4e5b-a611-7c944a8df06e" testId="d03eb628-bf1f-c27d-aeef-e708d613d686" testName="all_persons_modal_can_may_negation" computerName="ARPAN-LAP" duration="00:00:00.6917528" startTime="2014-06-29T10:31:22.3358497+05:30" endTime="2014-06-29T10:31:23.1008934+05:30" testType="13cdc9d9-ddb5-4fa4-a97d-d965ccfc6d4b" outcome="Passed" testListId="8c84fa94-04c1-424b-9868-57a2d4851a1d" relativeResultsDirectory="5ba6a943-929c-4e5b-a611-7c944a8df06e" resultType="DataDrivenTest">
      <Counters error="0" failed="0" timeout="0" aborted="0" inconclusive="0" passedButRunAborted="0" notRunnable="0" notExecuted="0" disconnected="0" warning="0" passed="24" completed="0" inProgress="0" pending="0" />
      <InnerResults>
        <UnitTestResult executionId="0360e732-dffc-41a9-a193-2f490f52ae0c" parentExecutionId="5ba6a943-929c-4e5b-a611-7c944a8df06e" testId="d03eb628-bf1f-c27d-aeef-e708d613d686" testName="all_persons_modal_can_may_negation" computerName="ARPAN-LAP" duration="00:00:00.0242275" startTime="2014-06-29T10:31:22.3828524+05:30" endTime="2014-06-29T10:31:22.4068537+05:30" testType="13cdc9d9-ddb5-4fa4-a97d-d965ccfc6d4b" outcome="Passed" testListId="8c84fa94-04c1-424b-9868-57a2d4851a1d" relativeResultsDirectory="5ba6a943-929c-4e5b-a611-7c944a8df06e" dataRowInfo="0" resultType="DataDrivenDataRow" />
        <UnitTestResult executionId="ad2d5628-b796-4ca3-8db1-7b35adfa1907" parentExecutionId="5ba6a943-929c-4e5b-a611-7c944a8df06e" testId="d03eb628-bf1f-c27d-aeef-e708d613d686" testName="all_persons_modal_can_may_negation" computerName="ARPAN-LAP" duration="00:00:00.0250436" startTime="2014-06-29T10:31:22.4068537+05:30" endTime="2014-06-29T10:31:22.4318552+05:30" testType="13cdc9d9-ddb5-4fa4-a97d-d965ccfc6d4b" outcome="Passed" testListId="8c84fa94-04c1-424b-9868-57a2d4851a1d" relativeResultsDirectory="5ba6a943-929c-4e5b-a611-7c944a8df06e" dataRowInfo="1" resultType="DataDrivenDataRow" />
        <UnitTestResult executionId="7badb539-36c6-4faa-b3a3-364385849954" parentExecutionId="5ba6a943-929c-4e5b-a611-7c944a8df06e" testId="d03eb628-bf1f-c27d-aeef-e708d613d686" testName="all_persons_modal_can_may_negation" computerName="ARPAN-LAP" duration="00:00:00.0298463" startTime="2014-06-29T10:31:22.4318552+05:30" endTime="2014-06-29T10:31:22.4618569+05:30" testType="13cdc9d9-ddb5-4fa4-a97d-d965ccfc6d4b" outcome="Passed" testListId="8c84fa94-04c1-424b-9868-57a2d4851a1d" relativeResultsDirectory="5ba6a943-929c-4e5b-a611-7c944a8df06e" dataRowInfo="2" resultType="DataDrivenDataRow" />
        <UnitTestResult executionId="b2c6bf28-167e-44f3-955a-fdef1322c748" parentExecutionId="5ba6a943-929c-4e5b-a611-7c944a8df06e" testId="d03eb628-bf1f-c27d-aeef-e708d613d686" testName="all_persons_modal_can_may_negation" computerName="ARPAN-LAP" duration="00:00:00.0256780" startTime="2014-06-29T10:31:22.4618569+05:30" endTime="2014-06-29T10:31:22.4878584+05:30" testType="13cdc9d9-ddb5-4fa4-a97d-d965ccfc6d4b" outcome="Passed" testListId="8c84fa94-04c1-424b-9868-57a2d4851a1d" relativeResultsDirectory="5ba6a943-929c-4e5b-a611-7c944a8df06e" dataRowInfo="3" resultType="DataDrivenDataRow" />
        <UnitTestResult executionId="dd5d7391-b8bd-40f4-8716-c88d2a800efc" parentExecutionId="5ba6a943-929c-4e5b-a611-7c944a8df06e" testId="d03eb628-bf1f-c27d-aeef-e708d613d686" testName="all_persons_modal_can_may_negation" computerName="ARPAN-LAP" duration="00:00:00.0292036" startTime="2014-06-29T10:31:22.4878584+05:30" endTime="2014-06-29T10:31:22.5168600+05:30" testType="13cdc9d9-ddb5-4fa4-a97d-d965ccfc6d4b" outcome="Passed" testListId="8c84fa94-04c1-424b-9868-57a2d4851a1d" relativeResultsDirectory="5ba6a943-929c-4e5b-a611-7c944a8df06e" dataRowInfo="4" resultType="DataDrivenDataRow" />
        <UnitTestResult executionId="03f8d6aa-90a3-4a11-a828-2921a7a8fc73" parentExecutionId="5ba6a943-929c-4e5b-a611-7c944a8df06e" testId="d03eb628-bf1f-c27d-aeef-e708d613d686" testName="all_persons_modal_can_may_negation" computerName="ARPAN-LAP" duration="00:00:00.0311202" startTime="2014-06-29T10:31:22.5168600+05:30" endTime="2014-06-29T10:31:22.5478618+05:30" testType="13cdc9d9-ddb5-4fa4-a97d-d965ccfc6d4b" outcome="Passed" testListId="8c84fa94-04c1-424b-9868-57a2d4851a1d" relativeResultsDirectory="5ba6a943-929c-4e5b-a611-7c944a8df06e" dataRowInfo="5" resultType="DataDrivenDataRow" />
        <UnitTestResult executionId="a696fe2b-47be-4af9-abdd-314ffc2832b0" parentExecutionId="5ba6a943-929c-4e5b-a611-7c944a8df06e" testId="d03eb628-bf1f-c27d-aeef-e708d613d686" testName="all_persons_modal_can_may_negation" computerName="ARPAN-LAP" duration="00:00:00.0335721" startTime="2014-06-29T10:31:22.5478618+05:30" endTime="2014-06-29T10:31:22.5818637+05:30" testType="13cdc9d9-ddb5-4fa4-a97d-d965ccfc6d4b" outcome="Passed" testListId="8c84fa94-04c1-424b-9868-57a2d4851a1d" relativeResultsDirectory="5ba6a943-929c-4e5b-a611-7c944a8df06e" dataRowInfo="6" resultType="DataDrivenDataRow" />
        <UnitTestResult executionId="2de58ff6-679e-4aed-a87a-87bf396a3ac3" parentExecutionId="5ba6a943-929c-4e5b-a611-7c944a8df06e" testId="d03eb628-bf1f-c27d-aeef-e708d613d686" testName="all_persons_modal_can_may_negation" computerName="ARPAN-LAP" duration="00:00:00.0347444" startTime="2014-06-29T10:31:22.5818637+05:30" endTime="2014-06-29T10:31:22.6168657+05:30" testType="13cdc9d9-ddb5-4fa4-a97d-d965ccfc6d4b" outcome="Passed" testListId="8c84fa94-04c1-424b-9868-57a2d4851a1d" relativeResultsDirectory="5ba6a943-929c-4e5b-a611-7c944a8df06e" dataRowInfo="7" resultType="DataDrivenDataRow" />
        <UnitTestResult executionId="f3373ece-26b9-427f-a675-bafd1e35b93c" parentExecutionId="5ba6a943-929c-4e5b-a611-7c944a8df06e" testId="d03eb628-bf1f-c27d-aeef-e708d613d686" testName="all_persons_modal_can_may_negation" computerName="ARPAN-LAP" duration="00:00:00.0236177" startTime="2014-06-29T10:31:22.6168657+05:30" endTime="2014-06-29T10:31:22.6408671+05:30" testType="13cdc9d9-ddb5-4fa4-a97d-d965ccfc6d4b" outcome="Passed" testListId="8c84fa94-04c1-424b-9868-57a2d4851a1d" relativeResultsDirectory="5ba6a943-929c-4e5b-a611-7c944a8df06e" dataRowInfo="8" resultType="DataDrivenDataRow" />
        <UnitTestResult executionId="65712b35-a097-478d-b141-6e8633773eac" parentExecutionId="5ba6a943-929c-4e5b-a611-7c944a8df06e" testId="d03eb628-bf1f-c27d-aeef-e708d613d686" testName="all_persons_modal_can_may_negation" computerName="ARPAN-LAP" duration="00:00:00.0404510" startTime="2014-06-29T10:31:22.6408671+05:30" endTime="2014-06-29T10:31:22.6808694+05:30" testType="13cdc9d9-ddb5-4fa4-a97d-d965ccfc6d4b" outcome="Passed" testListId="8c84fa94-04c1-424b-9868-57a2d4851a1d" relativeResultsDirectory="5ba6a943-929c-4e5b-a611-7c944a8df06e" dataRowInfo="9" resultType="DataDrivenDataRow" />
        <UnitTestResult executionId="1b7666c1-6519-4ec1-b59e-b73852b0c484" parentExecutionId="5ba6a943-929c-4e5b-a611-7c944a8df06e" testId="d03eb628-bf1f-c27d-aeef-e708d613d686" testName="all_persons_modal_can_may_negation" computerName="ARPAN-LAP" duration="00:00:00.0351432" startTime="2014-06-29T10:31:22.6808694+05:30" endTime="2014-06-29T10:31:22.7158714+05:30" testType="13cdc9d9-ddb5-4fa4-a97d-d965ccfc6d4b" outcome="Passed" testListId="8c84fa94-04c1-424b-9868-57a2d4851a1d" relativeResultsDirectory="5ba6a943-929c-4e5b-a611-7c944a8df06e" dataRowInfo="10" resultType="DataDrivenDataRow" />
        <UnitTestResult executionId="539e6c90-d756-43d2-abd1-84aba6c004fc" parentExecutionId="5ba6a943-929c-4e5b-a611-7c944a8df06e" testId="d03eb628-bf1f-c27d-aeef-e708d613d686" testName="all_persons_modal_can_may_negation" computerName="ARPAN-LAP" duration="00:00:00.0203743" startTime="2014-06-29T10:31:22.7158714+05:30" endTime="2014-06-29T10:31:22.7368726+05:30" testType="13cdc9d9-ddb5-4fa4-a97d-d965ccfc6d4b" outcome="Passed" testListId="8c84fa94-04c1-424b-9868-57a2d4851a1d" relativeResultsDirectory="5ba6a943-929c-4e5b-a611-7c944a8df06e" dataRowInfo="11" resultType="DataDrivenDataRow" />
        <UnitTestResult executionId="e8a54a2e-6cc7-41aa-936c-524addf9451c" parentExecutionId="5ba6a943-929c-4e5b-a611-7c944a8df06e" testId="d03eb628-bf1f-c27d-aeef-e708d613d686" testName="all_persons_modal_can_may_negation" computerName="ARPAN-LAP" duration="00:00:00.0280888" startTime="2014-06-29T10:31:22.7368726+05:30" endTime="2014-06-29T10:31:22.7648742+05:30" testType="13cdc9d9-ddb5-4fa4-a97d-d965ccfc6d4b" outcome="Passed" testListId="8c84fa94-04c1-424b-9868-57a2d4851a1d" relativeResultsDirectory="5ba6a943-929c-4e5b-a611-7c944a8df06e" dataRowInfo="12" resultType="DataDrivenDataRow" />
        <UnitTestResult executionId="99b99c58-32ca-4306-a9eb-c4ce22d0978a" parentExecutionId="5ba6a943-929c-4e5b-a611-7c944a8df06e" testId="d03eb628-bf1f-c27d-aeef-e708d613d686" testName="all_persons_modal_can_may_negation" computerName="ARPAN-LAP" duration="00:00:00.0266229" startTime="2014-06-29T10:31:22.7648742+05:30" endTime="2014-06-29T10:31:22.7908757+05:30" testType="13cdc9d9-ddb5-4fa4-a97d-d965ccfc6d4b" outcome="Passed" testListId="8c84fa94-04c1-424b-9868-57a2d4851a1d" relativeResultsDirectory="5ba6a943-929c-4e5b-a611-7c944a8df06e" dataRowInfo="13" resultType="DataDrivenDataRow" />
        <UnitTestResult executionId="510de558-420f-4eba-a1a3-b7c9bec7e14a" parentExecutionId="5ba6a943-929c-4e5b-a611-7c944a8df06e" testId="d03eb628-bf1f-c27d-aeef-e708d613d686" testName="all_persons_modal_can_may_negation" computerName="ARPAN-LAP" duration="00:00:00.0251863" startTime="2014-06-29T10:31:22.7908757+05:30" endTime="2014-06-29T10:31:22.8168772+05:30" testType="13cdc9d9-ddb5-4fa4-a97d-d965ccfc6d4b" outcome="Passed" testListId="8c84fa94-04c1-424b-9868-57a2d4851a1d" relativeResultsDirectory="5ba6a943-929c-4e5b-a611-7c944a8df06e" dataRowInfo="14" resultType="DataDrivenDataRow" />
        <UnitTestResult executionId="056bf0d1-01c7-436b-af76-6bf4069cfb09" parentExecutionId="5ba6a943-929c-4e5b-a611-7c944a8df06e" testId="d03eb628-bf1f-c27d-aeef-e708d613d686" testName="all_persons_modal_can_may_negation" computerName="ARPAN-LAP" duration="00:00:00.0240535" startTime="2014-06-29T10:31:22.8168772+05:30" endTime="2014-06-29T10:31:22.8408786+05:30" testType="13cdc9d9-ddb5-4fa4-a97d-d965ccfc6d4b" outcome="Passed" testListId="8c84fa94-04c1-424b-9868-57a2d4851a1d" relativeResultsDirectory="5ba6a943-929c-4e5b-a611-7c944a8df06e" dataRowInfo="15" resultType="DataDrivenDataRow" />
        <UnitTestResult executionId="e33f5eac-1fd6-4b71-8bba-455ab7a115fb" parentExecutionId="5ba6a943-929c-4e5b-a611-7c944a8df06e" testId="d03eb628-bf1f-c27d-aeef-e708d613d686" testName="all_persons_modal_can_may_negation" computerName="ARPAN-LAP" duration="00:00:00.0193550" startTime="2014-06-29T10:31:22.8408786+05:30" endTime="2014-06-29T10:31:22.8598796+05:30" testType="13cdc9d9-ddb5-4fa4-a97d-d965ccfc6d4b" outcome="Passed" testListId="8c84fa94-04c1-424b-9868-57a2d4851a1d" relativeResultsDirectory="5ba6a943-929c-4e5b-a611-7c944a8df06e" dataRowInfo="16" resultType="DataDrivenDataRow" />
        <UnitTestResult executionId="b01dd54b-404b-4561-837c-81301511e34a" parentExecutionId="5ba6a943-929c-4e5b-a611-7c944a8df06e" testId="d03eb628-bf1f-c27d-aeef-e708d613d686" testName="all_persons_modal_can_may_negation" computerName="ARPAN-LAP" duration="00:00:00.0204467" startTime="2014-06-29T10:31:22.8598796+05:30" endTime="2014-06-29T10:31:22.8808808+05:30" testType="13cdc9d9-ddb5-4fa4-a97d-d965ccfc6d4b" outcome="Passed" testListId="8c84fa94-04c1-424b-9868-57a2d4851a1d" relativeResultsDirectory="5ba6a943-929c-4e5b-a611-7c944a8df06e" dataRowInfo="17" resultType="DataDrivenDataRow" />
        <UnitTestResult executionId="bb8ab280-4d24-4363-93aa-0713431b2860" parentExecutionId="5ba6a943-929c-4e5b-a611-7c944a8df06e" testId="d03eb628-bf1f-c27d-aeef-e708d613d686" testName="all_persons_modal_can_may_negation" computerName="ARPAN-LAP" duration="00:00:00.0207423" startTime="2014-06-29T10:31:22.8808808+05:30" endTime="2014-06-29T10:31:22.9008820+05:30" testType="13cdc9d9-ddb5-4fa4-a97d-d965ccfc6d4b" outcome="Passed" testListId="8c84fa94-04c1-424b-9868-57a2d4851a1d" relativeResultsDirectory="5ba6a943-929c-4e5b-a611-7c944a8df06e" dataRowInfo="18" resultType="DataDrivenDataRow" />
        <UnitTestResult executionId="6c98bf2c-6824-4ceb-8b12-eee1b5812e7b" parentExecutionId="5ba6a943-929c-4e5b-a611-7c944a8df06e" testId="d03eb628-bf1f-c27d-aeef-e708d613d686" testName="all_persons_modal_can_may_negation" computerName="ARPAN-LAP" duration="00:00:00.0207521" startTime="2014-06-29T10:31:22.9018820+05:30" endTime="2014-06-29T10:31:22.9218832+05:30" testType="13cdc9d9-ddb5-4fa4-a97d-d965ccfc6d4b" outcome="Passed" testListId="8c84fa94-04c1-424b-9868-57a2d4851a1d" relativeResultsDirectory="5ba6a943-929c-4e5b-a611-7c944a8df06e" dataRowInfo="19" resultType="DataDrivenDataRow" />
        <UnitTestResult executionId="15178174-f38f-41d4-bf3d-e2a8ecbb660c" parentExecutionId="5ba6a943-929c-4e5b-a611-7c944a8df06e" testId="d03eb628-bf1f-c27d-aeef-e708d613d686" testName="all_persons_modal_can_may_negation" computerName="ARPAN-LAP" duration="00:00:00.0231106" startTime="2014-06-29T10:31:22.9218832+05:30" endTime="2014-06-29T10:31:22.9448845+05:30" testType="13cdc9d9-ddb5-4fa4-a97d-d965ccfc6d4b" outcome="Passed" testListId="8c84fa94-04c1-424b-9868-57a2d4851a1d" relativeResultsDirectory="5ba6a943-929c-4e5b-a611-7c944a8df06e" dataRowInfo="20" resultType="DataDrivenDataRow" />
        <UnitTestResult executionId="698946a0-1592-4cd4-be65-287d14486bf4" parentExecutionId="5ba6a943-929c-4e5b-a611-7c944a8df06e" testId="d03eb628-bf1f-c27d-aeef-e708d613d686" testName="all_persons_modal_can_may_negation" computerName="ARPAN-LAP" duration="00:00:00.0279620" startTime="2014-06-29T10:31:22.9458846+05:30" endTime="2014-06-29T10:31:22.9728861+05:30" testType="13cdc9d9-ddb5-4fa4-a97d-d965ccfc6d4b" outcome="Passed" testListId="8c84fa94-04c1-424b-9868-57a2d4851a1d" relativeResultsDirectory="5ba6a943-929c-4e5b-a611-7c944a8df06e" dataRowInfo="21" resultType="DataDrivenDataRow" />
        <UnitTestResult executionId="03b24b7b-e724-4f55-b630-c427f062615a" parentExecutionId="5ba6a943-929c-4e5b-a611-7c944a8df06e" testId="d03eb628-bf1f-c27d-aeef-e708d613d686" testName="all_persons_modal_can_may_negation" computerName="ARPAN-LAP" duration="00:00:00.0353224" startTime="2014-06-29T10:31:22.9738862+05:30" endTime="2014-06-29T10:31:23.0088882+05:30" testType="13cdc9d9-ddb5-4fa4-a97d-d965ccfc6d4b" outcome="Passed" testListId="8c84fa94-04c1-424b-9868-57a2d4851a1d" relativeResultsDirectory="5ba6a943-929c-4e5b-a611-7c944a8df06e" dataRowInfo="22" resultType="DataDrivenDataRow" />
        <UnitTestResult executionId="fc770230-3b52-4e4b-8a80-4f4ad6ec83e5" parentExecutionId="5ba6a943-929c-4e5b-a611-7c944a8df06e" testId="d03eb628-bf1f-c27d-aeef-e708d613d686" testName="all_persons_modal_can_may_negation" computerName="ARPAN-LAP" duration="00:00:00.0234488" startTime="2014-06-29T10:31:23.0088882+05:30" endTime="2014-06-29T10:31:23.0318895+05:30" testType="13cdc9d9-ddb5-4fa4-a97d-d965ccfc6d4b" outcome="Passed" testListId="8c84fa94-04c1-424b-9868-57a2d4851a1d" relativeResultsDirectory="5ba6a943-929c-4e5b-a611-7c944a8df06e" dataRowInfo="23" resultType="DataDrivenDataRow" />
      </InnerResults>
    </UnitTestResult>
    <UnitTestResult executionId="8a16fba8-2105-4120-a923-7da20ed28a5f" testId="d766a059-d96c-7b47-e6a6-34931760df96" testName="all_persons_tenses_passive" computerName="ARPAN-LAP" duration="00:00:00.3300062" startTime="2014-06-29T10:31:23.1118941+05:30" endTime="2014-06-29T10:31:23.4839153+05:30" testType="13cdc9d9-ddb5-4fa4-a97d-d965ccfc6d4b" outcome="Passed" testListId="8c84fa94-04c1-424b-9868-57a2d4851a1d" relativeResultsDirectory="8a16fba8-2105-4120-a923-7da20ed28a5f" resultType="DataDrivenTest">
      <Counters error="0" failed="0" timeout="0" aborted="0" inconclusive="0" passedButRunAborted="0" notRunnable="0" notExecuted="0" disconnected="0" warning="0" passed="10" completed="0" inProgress="0" pending="0" />
      <InnerResults>
        <UnitTestResult executionId="4d061c54-90fc-4373-8d62-2b1a46c98318" parentExecutionId="8a16fba8-2105-4120-a923-7da20ed28a5f" testId="d766a059-d96c-7b47-e6a6-34931760df96" testName="all_persons_tenses_passive" computerName="ARPAN-LAP" duration="00:00:00.0209651" startTime="2014-06-29T10:31:23.1468961+05:30" endTime="2014-06-29T10:31:23.1678973+05:30" testType="13cdc9d9-ddb5-4fa4-a97d-d965ccfc6d4b" outcome="Passed" testListId="8c84fa94-04c1-424b-9868-57a2d4851a1d" relativeResultsDirectory="8a16fba8-2105-4120-a923-7da20ed28a5f" dataRowInfo="0" resultType="DataDrivenDataRow" />
        <UnitTestResult executionId="4bd67ac2-6ac4-4d0b-bd93-009201f42492" parentExecutionId="8a16fba8-2105-4120-a923-7da20ed28a5f" testId="d766a059-d96c-7b47-e6a6-34931760df96" testName="all_persons_tenses_passive" computerName="ARPAN-LAP" duration="00:00:00.0248023" startTime="2014-06-29T10:31:23.1678973+05:30" endTime="2014-06-29T10:31:23.1928987+05:30" testType="13cdc9d9-ddb5-4fa4-a97d-d965ccfc6d4b" outcome="Passed" testListId="8c84fa94-04c1-424b-9868-57a2d4851a1d" relativeResultsDirectory="8a16fba8-2105-4120-a923-7da20ed28a5f" dataRowInfo="1" resultType="DataDrivenDataRow" />
        <UnitTestResult executionId="ca8173e8-6bfb-4ae1-ace5-01b6ca1d4da4" parentExecutionId="8a16fba8-2105-4120-a923-7da20ed28a5f" testId="d766a059-d96c-7b47-e6a6-34931760df96" testName="all_persons_tenses_passive" computerName="ARPAN-LAP" duration="00:00:00.0292586" startTime="2014-06-29T10:31:23.1928987+05:30" endTime="2014-06-29T10:31:23.2219004+05:30" testType="13cdc9d9-ddb5-4fa4-a97d-d965ccfc6d4b" outcome="Passed" testListId="8c84fa94-04c1-424b-9868-57a2d4851a1d" relativeResultsDirectory="8a16fba8-2105-4120-a923-7da20ed28a5f" dataRowInfo="2" resultType="DataDrivenDataRow" />
        <UnitTestResult executionId="32c17ff7-c3fa-4402-bd14-34e0bf37fe34" parentExecutionId="8a16fba8-2105-4120-a923-7da20ed28a5f" testId="d766a059-d96c-7b47-e6a6-34931760df96" testName="all_persons_tenses_passive" computerName="ARPAN-LAP" duration="00:00:00.0322273" startTime="2014-06-29T10:31:23.2219004+05:30" endTime="2014-06-29T10:31:23.2539022+05:30" testType="13cdc9d9-ddb5-4fa4-a97d-d965ccfc6d4b" outcome="Passed" testListId="8c84fa94-04c1-424b-9868-57a2d4851a1d" relativeResultsDirectory="8a16fba8-2105-4120-a923-7da20ed28a5f" dataRowInfo="3" resultType="DataDrivenDataRow" />
        <UnitTestResult executionId="c88f9f17-cbec-46f2-b5ac-fbe521ca0386" parentExecutionId="8a16fba8-2105-4120-a923-7da20ed28a5f" testId="d766a059-d96c-7b47-e6a6-34931760df96" testName="all_persons_tenses_passive" computerName="ARPAN-LAP" duration="00:00:00.0197173" startTime="2014-06-29T10:31:23.2539022+05:30" endTime="2014-06-29T10:31:23.2739033+05:30" testType="13cdc9d9-ddb5-4fa4-a97d-d965ccfc6d4b" outcome="Passed" testListId="8c84fa94-04c1-424b-9868-57a2d4851a1d" relativeResultsDirectory="8a16fba8-2105-4120-a923-7da20ed28a5f" dataRowInfo="4" resultType="DataDrivenDataRow" />
        <UnitTestResult executionId="5e8d7547-a7cd-41e3-a6d8-9419f38de68e" parentExecutionId="8a16fba8-2105-4120-a923-7da20ed28a5f" testId="d766a059-d96c-7b47-e6a6-34931760df96" testName="all_persons_tenses_passive" computerName="ARPAN-LAP" duration="00:00:00.0251914" startTime="2014-06-29T10:31:23.2739033+05:30" endTime="2014-06-29T10:31:23.2989048+05:30" testType="13cdc9d9-ddb5-4fa4-a97d-d965ccfc6d4b" outcome="Passed" testListId="8c84fa94-04c1-424b-9868-57a2d4851a1d" relativeResultsDirectory="8a16fba8-2105-4120-a923-7da20ed28a5f" dataRowInfo="5" resultType="DataDrivenDataRow" />
        <UnitTestResult executionId="ffc521c9-b632-4816-b1aa-8d8516a50923" parentExecutionId="8a16fba8-2105-4120-a923-7da20ed28a5f" testId="d766a059-d96c-7b47-e6a6-34931760df96" testName="all_persons_tenses_passive" computerName="ARPAN-LAP" duration="00:00:00.0268251" startTime="2014-06-29T10:31:23.2989048+05:30" endTime="2014-06-29T10:31:23.3259063+05:30" testType="13cdc9d9-ddb5-4fa4-a97d-d965ccfc6d4b" outcome="Passed" testListId="8c84fa94-04c1-424b-9868-57a2d4851a1d" relativeResultsDirectory="8a16fba8-2105-4120-a923-7da20ed28a5f" dataRowInfo="6" resultType="DataDrivenDataRow" />
        <UnitTestResult executionId="0f17d7ba-ba79-4a3d-8f2a-738d8fc8c005" parentExecutionId="8a16fba8-2105-4120-a923-7da20ed28a5f" testId="d766a059-d96c-7b47-e6a6-34931760df96" testName="all_persons_tenses_passive" computerName="ARPAN-LAP" duration="00:00:00.0307553" startTime="2014-06-29T10:31:23.3259063+05:30" endTime="2014-06-29T10:31:23.3569081+05:30" testType="13cdc9d9-ddb5-4fa4-a97d-d965ccfc6d4b" outcome="Passed" testListId="8c84fa94-04c1-424b-9868-57a2d4851a1d" relativeResultsDirectory="8a16fba8-2105-4120-a923-7da20ed28a5f" dataRowInfo="7" resultType="DataDrivenDataRow" />
        <UnitTestResult executionId="4fbb772e-afce-407f-b0df-f2a94dd0a010" parentExecutionId="8a16fba8-2105-4120-a923-7da20ed28a5f" testId="d766a059-d96c-7b47-e6a6-34931760df96" testName="all_persons_tenses_passive" computerName="ARPAN-LAP" duration="00:00:00.0476291" startTime="2014-06-29T10:31:23.3569081+05:30" endTime="2014-06-29T10:31:23.4049108+05:30" testType="13cdc9d9-ddb5-4fa4-a97d-d965ccfc6d4b" outcome="Passed" testListId="8c84fa94-04c1-424b-9868-57a2d4851a1d" relativeResultsDirectory="8a16fba8-2105-4120-a923-7da20ed28a5f" dataRowInfo="8" resultType="DataDrivenDataRow" />
        <UnitTestResult executionId="401d81fe-c728-4886-b406-24d1d8e4db53" parentExecutionId="8a16fba8-2105-4120-a923-7da20ed28a5f" testId="d766a059-d96c-7b47-e6a6-34931760df96" testName="all_persons_tenses_passive" computerName="ARPAN-LAP" duration="00:00:00.0441969" startTime="2014-06-29T10:31:23.4049108+05:30" endTime="2014-06-29T10:31:23.4489133+05:30" testType="13cdc9d9-ddb5-4fa4-a97d-d965ccfc6d4b" outcome="Passed" testListId="8c84fa94-04c1-424b-9868-57a2d4851a1d" relativeResultsDirectory="8a16fba8-2105-4120-a923-7da20ed28a5f" dataRowInfo="9" resultType="DataDrivenDataRow" />
      </InnerResults>
    </UnitTestResult>
    <UnitTestResult executionId="14c62a45-4749-46a2-bcfb-8f5d25941466" testId="fe3e63ab-391c-e168-48d0-431b85a7b898" testName="third_person_tenses_active_negation" computerName="ARPAN-LAP" duration="00:00:00.2551428" startTime="2014-06-29T10:31:23.4969161+05:30" endTime="2014-06-29T10:31:23.8069338+05:30" testType="13cdc9d9-ddb5-4fa4-a97d-d965ccfc6d4b" outcome="Passed" testListId="8c84fa94-04c1-424b-9868-57a2d4851a1d" relativeResultsDirectory="14c62a45-4749-46a2-bcfb-8f5d25941466" resultType="DataDrivenTest">
      <Counters error="0" failed="0" timeout="0" aborted="0" inconclusive="0" passedButRunAborted="0" notRunnable="0" notExecuted="0" disconnected="0" warning="0" passed="10" completed="0" inProgress="0" pending="0" />
      <InnerResults>
        <UnitTestResult executionId="99dd59e1-c5d4-45f5-a425-449c9ba01cb1" parentExecutionId="14c62a45-4749-46a2-bcfb-8f5d25941466" testId="fe3e63ab-391c-e168-48d0-431b85a7b898" testName="third_person_tenses_active_negation" computerName="ARPAN-LAP" duration="00:00:00.0208855" startTime="2014-06-29T10:31:23.5249177+05:30" endTime="2014-06-29T10:31:23.5459189+05:30" testType="13cdc9d9-ddb5-4fa4-a97d-d965ccfc6d4b" outcome="Passed" testListId="8c84fa94-04c1-424b-9868-57a2d4851a1d" relativeResultsDirectory="14c62a45-4749-46a2-bcfb-8f5d25941466" dataRowInfo="0" resultType="DataDrivenDataRow" />
        <UnitTestResult executionId="bcedd2de-4405-49c9-b45e-031fd9c1ff7f" parentExecutionId="14c62a45-4749-46a2-bcfb-8f5d25941466" testId="fe3e63ab-391c-e168-48d0-431b85a7b898" testName="third_person_tenses_active_negation" computerName="ARPAN-LAP" duration="00:00:00.0221990" startTime="2014-06-29T10:31:23.5459189+05:30" endTime="2014-06-29T10:31:23.5689202+05:30" testType="13cdc9d9-ddb5-4fa4-a97d-d965ccfc6d4b" outcome="Passed" testListId="8c84fa94-04c1-424b-9868-57a2d4851a1d" relativeResultsDirectory="14c62a45-4749-46a2-bcfb-8f5d25941466" dataRowInfo="1" resultType="DataDrivenDataRow" />
        <UnitTestResult executionId="a6c67b6c-e5f9-446f-970c-1a286b08a27d" parentExecutionId="14c62a45-4749-46a2-bcfb-8f5d25941466" testId="fe3e63ab-391c-e168-48d0-431b85a7b898" testName="third_person_tenses_active_negation" computerName="ARPAN-LAP" duration="00:00:00.0216708" startTime="2014-06-29T10:31:23.5689202+05:30" endTime="2014-06-29T10:31:23.5899214+05:30" testType="13cdc9d9-ddb5-4fa4-a97d-d965ccfc6d4b" outcome="Passed" testListId="8c84fa94-04c1-424b-9868-57a2d4851a1d" relativeResultsDirectory="14c62a45-4749-46a2-bcfb-8f5d25941466" dataRowInfo="2" resultType="DataDrivenDataRow" />
        <UnitTestResult executionId="b72bed98-899a-4b5c-9fd3-3a36ceef44e6" parentExecutionId="14c62a45-4749-46a2-bcfb-8f5d25941466" testId="fe3e63ab-391c-e168-48d0-431b85a7b898" testName="third_person_tenses_active_negation" computerName="ARPAN-LAP" duration="00:00:00.0269237" startTime="2014-06-29T10:31:23.5899214+05:30" endTime="2014-06-29T10:31:23.6169229+05:30" testType="13cdc9d9-ddb5-4fa4-a97d-d965ccfc6d4b" outcome="Passed" testListId="8c84fa94-04c1-424b-9868-57a2d4851a1d" relativeResultsDirectory="14c62a45-4749-46a2-bcfb-8f5d25941466" dataRowInfo="3" resultType="DataDrivenDataRow" />
        <UnitTestResult executionId="fdc55300-a3ae-4361-bd48-ce05c602b9a6" parentExecutionId="14c62a45-4749-46a2-bcfb-8f5d25941466" testId="fe3e63ab-391c-e168-48d0-431b85a7b898" testName="third_person_tenses_active_negation" computerName="ARPAN-LAP" duration="00:00:00.0194304" startTime="2014-06-29T10:31:23.6169229+05:30" endTime="2014-06-29T10:31:23.6369241+05:30" testType="13cdc9d9-ddb5-4fa4-a97d-d965ccfc6d4b" outcome="Passed" testListId="8c84fa94-04c1-424b-9868-57a2d4851a1d" relativeResultsDirectory="14c62a45-4749-46a2-bcfb-8f5d25941466" dataRowInfo="4" resultType="DataDrivenDataRow" />
        <UnitTestResult executionId="ae6c8538-0051-47f6-9e3c-4e49b4366970" parentExecutionId="14c62a45-4749-46a2-bcfb-8f5d25941466" testId="fe3e63ab-391c-e168-48d0-431b85a7b898" testName="third_person_tenses_active_negation" computerName="ARPAN-LAP" duration="00:00:00.0210447" startTime="2014-06-29T10:31:23.6369241+05:30" endTime="2014-06-29T10:31:23.6579253+05:30" testType="13cdc9d9-ddb5-4fa4-a97d-d965ccfc6d4b" outcome="Passed" testListId="8c84fa94-04c1-424b-9868-57a2d4851a1d" relativeResultsDirectory="14c62a45-4749-46a2-bcfb-8f5d25941466" dataRowInfo="5" resultType="DataDrivenDataRow" />
        <UnitTestResult executionId="e31b82f3-a096-437c-9490-d2c6a5af4cc1" parentExecutionId="14c62a45-4749-46a2-bcfb-8f5d25941466" testId="fe3e63ab-391c-e168-48d0-431b85a7b898" testName="third_person_tenses_active_negation" computerName="ARPAN-LAP" duration="00:00:00.0261379" startTime="2014-06-29T10:31:23.6579253+05:30" endTime="2014-06-29T10:31:23.6839268+05:30" testType="13cdc9d9-ddb5-4fa4-a97d-d965ccfc6d4b" outcome="Passed" testListId="8c84fa94-04c1-424b-9868-57a2d4851a1d" relativeResultsDirectory="14c62a45-4749-46a2-bcfb-8f5d25941466" dataRowInfo="6" resultType="DataDrivenDataRow" />
        <UnitTestResult executionId="982c4494-d4b6-429a-9e2f-00a85558898b" parentExecutionId="14c62a45-4749-46a2-bcfb-8f5d25941466" testId="fe3e63ab-391c-e168-48d0-431b85a7b898" testName="third_person_tenses_active_negation" computerName="ARPAN-LAP" duration="00:00:00.0250815" startTime="2014-06-29T10:31:23.6839268+05:30" endTime="2014-06-29T10:31:23.7089282+05:30" testType="13cdc9d9-ddb5-4fa4-a97d-d965ccfc6d4b" outcome="Passed" testListId="8c84fa94-04c1-424b-9868-57a2d4851a1d" relativeResultsDirectory="14c62a45-4749-46a2-bcfb-8f5d25941466" dataRowInfo="7" resultType="DataDrivenDataRow" />
        <UnitTestResult executionId="1c983a23-4003-405b-81e8-17641b1bf875" parentExecutionId="14c62a45-4749-46a2-bcfb-8f5d25941466" testId="fe3e63ab-391c-e168-48d0-431b85a7b898" testName="third_person_tenses_active_negation" computerName="ARPAN-LAP" duration="00:00:00.0200792" startTime="2014-06-29T10:31:23.7089282+05:30" endTime="2014-06-29T10:31:23.7289294+05:30" testType="13cdc9d9-ddb5-4fa4-a97d-d965ccfc6d4b" outcome="Passed" testListId="8c84fa94-04c1-424b-9868-57a2d4851a1d" relativeResultsDirectory="14c62a45-4749-46a2-bcfb-8f5d25941466" dataRowInfo="8" resultType="DataDrivenDataRow" />
        <UnitTestResult executionId="a13e57ae-d6cf-4cbc-abe1-74fc28f325b9" parentExecutionId="14c62a45-4749-46a2-bcfb-8f5d25941466" testId="fe3e63ab-391c-e168-48d0-431b85a7b898" testName="third_person_tenses_active_negation" computerName="ARPAN-LAP" duration="00:00:00.0283942" startTime="2014-06-29T10:31:23.7289294+05:30" endTime="2014-06-29T10:31:23.7579310+05:30" testType="13cdc9d9-ddb5-4fa4-a97d-d965ccfc6d4b" outcome="Passed" testListId="8c84fa94-04c1-424b-9868-57a2d4851a1d" relativeResultsDirectory="14c62a45-4749-46a2-bcfb-8f5d25941466" dataRowInfo="9" resultType="DataDrivenDataRow" />
      </InnerResults>
    </UnitTestResult>
  </Results>
</TestRun>