<?xml version="1.0" encoding="UTF-8"?>
<TestRun id="637778d9-b449-4cfd-a3af-b481c1cf9e0e" name="Arghya@ARPAN-LAP 2014-06-25 20:30:38" runUser="ARPAN-LAP\Arghya" xmlns="http://microsoft.com/schemas/VisualStudio/TeamTest/2010">
  <TestSettings name="Default Test Settings" id="1be11f9f-4ff6-49d9-baee-f8e074820666">
    <Deployment userDeploymentRoot="D:\software\Project\BNLP\TestResults" useDefaultDeploymentRoot="false" runDeploymentRoot="Arghya_ARPAN-LAP 2014-06-25 20_30_38" />
    <Execution>
      <TestTypeSpecific />
      <AgentRule name="Execution Agents">
      </AgentRule>
    </Execution>
  </TestSettings>
  <Times creation="2014-06-25T20:30:38.3095458+05:30" queuing="2014-06-25T20:30:38.7035683+05:30" start="2014-06-25T20:30:38.7465707+05:30" finish="2014-06-25T20:31:07.9852431+05:30" />
  <ResultSummary outcome="Failed">
    <Counters total="309" executed="309" passed="100" error="0" failed="209" timeout="0" aborted="0" inconclusive="0" passedButRunAborted="0" notRunnable="0" notExecuted="0" disconnected="0" warning="0" completed="0" inProgress="0" pending="0" />
    <RunInfos>
      <RunInfo computerName="ARPAN-LAP" outcome="Warning" timestamp="2014-06-25T20:30:38.6815670+05:30">
        <Text>Warning: Test Run deployment issue: Failed to get the file for deployment item '..\UnitTest\TestCases\wikipedia.xml' specified by the test 'UnitTest.BnlpTest.RandomWord': System.IO.DirectoryNotFoundException: Could not find a part of the path 'D:\software\Project\UnitTest\TestCases\wikipedia.xml'.</Text>
        <Exception>System.IO.DirectoryNotFoundException: Could not find a part of the path 'D:\software\Project\UnitTest\TestCases\wikipedia.xml'.
   at System.IO.__Error.WinIOError(Int32 errorCode, String maybeFullPath)
   at System.IO.File.GetAttributes(String path)
   at Microsoft.VisualStudio.TestTools.Common.SingleFileProvider.GetFilePaths()
   at Microsoft.VisualStudio.TestTools.TestManagement.DeploymentCoverageItem.GetFiles(TestRunConfiguration runConfig)
   at Microsoft.VisualStudio.TestTools.TestManagement.DeploymentManager.DoDeployment(TestRun run, FileCopyService fileCopyService)</Exception>
      </RunInfo>
      <RunInfo computerName="ARPAN-LAP" outcome="Warning" timestamp="2014-06-25T20:30:38.6825671+05:30">
        <Text>Warning: Test Run deployment issue: Failed to get the file for deployment item '..\UnitTest\TestCases\interrogative_sentences_who.xml' specified by the test 'UnitTest.BnlpTest.interrogative_sentences_who': System.IO.DirectoryNotFoundException: Could not find a part of the path 'D:\software\Project\UnitTest\TestCases\interrogative_sentences_who.xml'.</Text>
        <Exception>System.IO.DirectoryNotFoundException: Could not find a part of the path 'D:\software\Project\UnitTest\TestCases\interrogative_sentences_who.xml'.
   at System.IO.__Error.WinIOError(Int32 errorCode, String maybeFullPath)
   at System.IO.File.GetAttributes(String path)
   at Microsoft.VisualStudio.TestTools.Common.SingleFileProvider.GetFilePaths()
   at Microsoft.VisualStudio.TestTools.TestManagement.DeploymentCoverageItem.GetFiles(TestRunConfiguration runConfig)
   at Microsoft.VisualStudio.TestTools.TestManagement.DeploymentManager.DoDeployment(TestRun run, FileCopyService fileCopyService)</Exception>
      </RunInfo>
      <RunInfo computerName="ARPAN-LAP" outcome="Warning" timestamp="2014-06-25T20:30:38.6835671+05:30">
        <Text>Warning: Test Run deployment issue: Failed to get the file for deployment item '..\UnitTest\TestCases\special_handling_do_verb.xml' specified by the test 'UnitTest.BnlpTest.special_handling_do_verb': System.IO.DirectoryNotFoundException: Could not find a part of the path 'D:\software\Project\UnitTest\TestCases\special_handling_do_verb.xml'.</Text>
        <Exception>System.IO.DirectoryNotFoundException: Could not find a part of the path 'D:\software\Project\UnitTest\TestCases\special_handling_do_verb.xml'.
   at System.IO.__Error.WinIOError(Int32 errorCode, String maybeFullPath)
   at System.IO.File.GetAttributes(String path)
   at Microsoft.VisualStudio.TestTools.Common.SingleFileProvider.GetFilePaths()
   at Microsoft.VisualStudio.TestTools.TestManagement.DeploymentCoverageItem.GetFiles(TestRunConfiguration runConfig)
   at Microsoft.VisualStudio.TestTools.TestManagement.DeploymentManager.DoDeployment(TestRun run, FileCopyService fileCopyService)</Exception>
      </RunInfo>
      <RunInfo computerName="ARPAN-LAP" outcome="Warning" timestamp="2014-06-25T20:30:38.6845672+05:30">
        <Text>Warning: Test Run deployment issue: Failed to get the file for deployment item '..\UnitTest\TestCases\interrogative_sentences_which.xml' specified by the test 'UnitTest.BnlpTest.interrogative_sentences_which': System.IO.DirectoryNotFoundException: Could not find a part of the path 'D:\software\Project\UnitTest\TestCases\interrogative_sentences_which.xml'.</Text>
        <Exception>System.IO.DirectoryNotFoundException: Could not find a part of the path 'D:\software\Project\UnitTest\TestCases\interrogative_sentences_which.xml'.
   at System.IO.__Error.WinIOError(Int32 errorCode, String maybeFullPath)
   at System.IO.File.GetAttributes(String path)
   at Microsoft.VisualStudio.TestTools.Common.SingleFileProvider.GetFilePaths()
   at Microsoft.VisualStudio.TestTools.TestManagement.DeploymentCoverageItem.GetFiles(TestRunConfiguration runConfig)
   at Microsoft.VisualStudio.TestTools.TestManagement.DeploymentManager.DoDeployment(TestRun run, FileCopyService fileCopyService)</Exception>
      </RunInfo>
      <RunInfo computerName="ARPAN-LAP" outcome="Warning" timestamp="2014-06-25T20:30:38.6855673+05:30">
        <Text>Warning: Test Run deployment issue: Failed to get the file for deployment item '..\UnitTest\TestCases\all_persons_modal_should.xml' specified by the test 'UnitTest.BnlpTest.all_persons_modal_should': System.IO.DirectoryNotFoundException: Could not find a part of the path 'D:\software\Project\UnitTest\TestCases\all_persons_modal_should.xml'.</Text>
        <Exception>System.IO.DirectoryNotFoundException: Could not find a part of the path 'D:\software\Project\UnitTest\TestCases\all_persons_modal_should.xml'.
   at System.IO.__Error.WinIOError(Int32 errorCode, String maybeFullPath)
   at System.IO.File.GetAttributes(String path)
   at Microsoft.VisualStudio.TestTools.Common.SingleFileProvider.GetFilePaths()
   at Microsoft.VisualStudio.TestTools.TestManagement.DeploymentCoverageItem.GetFiles(TestRunConfiguration runConfig)
   at Microsoft.VisualStudio.TestTools.TestManagement.DeploymentManager.DoDeployment(TestRun run, FileCopyService fileCopyService)</Exception>
      </RunInfo>
      <RunInfo computerName="ARPAN-LAP" outcome="Warning" timestamp="2014-06-25T20:30:38.6855673+05:30">
        <Text>Warning: Test Run deployment issue: Failed to get the file for deployment item '..\UnitTest\TestCases\third_person_tenses_active.xml' specified by the test 'UnitTest.BnlpTest.third_person_tenses_active': System.IO.DirectoryNotFoundException: Could not find a part of the path 'D:\software\Project\UnitTest\TestCases\third_person_tenses_active.xml'.</Text>
        <Exception>System.IO.DirectoryNotFoundException: Could not find a part of the path 'D:\software\Project\UnitTest\TestCases\third_person_tenses_active.xml'.
   at System.IO.__Error.WinIOError(Int32 errorCode, String maybeFullPath)
   at System.IO.File.GetAttributes(String path)
   at Microsoft.VisualStudio.TestTools.Common.SingleFileProvider.GetFilePaths()
   at Microsoft.VisualStudio.TestTools.TestManagement.DeploymentCoverageItem.GetFiles(TestRunConfiguration runConfig)
   at Microsoft.VisualStudio.TestTools.TestManagement.DeploymentManager.DoDeployment(TestRun run, FileCopyService fileCopyService)</Exception>
      </RunInfo>
      <RunInfo computerName="ARPAN-LAP" outcome="Warning" timestamp="2014-06-25T20:30:38.6865673+05:30">
        <Text>Warning: Test Run deployment issue: Failed to get the file for deployment item '..\UnitTest\TestCases\all_persons_tenses_passive.xml' specified by the test 'UnitTest.BnlpTest.all_persons_tenses_passive': System.IO.DirectoryNotFoundException: Could not find a part of the path 'D:\software\Project\UnitTest\TestCases\all_persons_tenses_passive.xml'.</Text>
        <Exception>System.IO.DirectoryNotFoundException: Could not find a part of the path 'D:\software\Project\UnitTest\TestCases\all_persons_tenses_passive.xml'.
   at System.IO.__Error.WinIOError(Int32 errorCode, String maybeFullPath)
   at System.IO.File.GetAttributes(String path)
   at Microsoft.VisualStudio.TestTools.Common.SingleFileProvider.GetFilePaths()
   at Microsoft.VisualStudio.TestTools.TestManagement.DeploymentCoverageItem.GetFiles(TestRunConfiguration runConfig)
   at Microsoft.VisualStudio.TestTools.TestManagement.DeploymentManager.DoDeployment(TestRun run, FileCopyService fileCopyService)</Exception>
      </RunInfo>
      <RunInfo computerName="ARPAN-LAP" outcome="Warning" timestamp="2014-06-25T20:30:38.6875674+05:30">
        <Text>Warning: Test Run deployment issue: Failed to get the file for deployment item '..\UnitTest\TestCases\interrogative_sentences_aux.xml' specified by the test 'UnitTest.BnlpTest.interrogative_sentences_aux': System.IO.DirectoryNotFoundException: Could not find a part of the path 'D:\software\Project\UnitTest\TestCases\interrogative_sentences_aux.xml'.</Text>
        <Exception>System.IO.DirectoryNotFoundException: Could not find a part of the path 'D:\software\Project\UnitTest\TestCases\interrogative_sentences_aux.xml'.
   at System.IO.__Error.WinIOError(Int32 errorCode, String maybeFullPath)
   at System.IO.File.GetAttributes(String path)
   at Microsoft.VisualStudio.TestTools.Common.SingleFileProvider.GetFilePaths()
   at Microsoft.VisualStudio.TestTools.TestManagement.DeploymentCoverageItem.GetFiles(TestRunConfiguration runConfig)
   at Microsoft.VisualStudio.TestTools.TestManagement.DeploymentManager.DoDeployment(TestRun run, FileCopyService fileCopyService)</Exception>
      </RunInfo>
      <RunInfo computerName="ARPAN-LAP" outcome="Warning" timestamp="2014-06-25T20:30:38.6885674+05:30">
        <Text>Warning: Test Run deployment issue: Failed to get the file for deployment item '..\UnitTest\TestCases\second_person_tenses_active_negation.xml' specified by the test 'UnitTest.BnlpTest.second_person_tenses_active_negation': System.IO.DirectoryNotFoundException: Could not find a part of the path 'D:\software\Project\UnitTest\TestCases\second_person_tenses_active_negation.xml'.</Text>
        <Exception>System.IO.DirectoryNotFoundException: Could not find a part of the path 'D:\software\Project\UnitTest\TestCases\second_person_tenses_active_negation.xml'.
   at System.IO.__Error.WinIOError(Int32 errorCode, String maybeFullPath)
   at System.IO.File.GetAttributes(String path)
   at Microsoft.VisualStudio.TestTools.Common.SingleFileProvider.GetFilePaths()
   at Microsoft.VisualStudio.TestTools.TestManagement.DeploymentCoverageItem.GetFiles(TestRunConfiguration runConfig)
   at Microsoft.VisualStudio.TestTools.TestManagement.DeploymentManager.DoDeployment(TestRun run, FileCopyService fileCopyService)</Exception>
      </RunInfo>
      <RunInfo computerName="ARPAN-LAP" outcome="Warning" timestamp="2014-06-25T20:30:38.6895675+05:30">
        <Text>Warning: Test Run deployment issue: Failed to get the file for deployment item '..\UnitTest\TestCases\interrogative_sentences_where.xml' specified by the test 'UnitTest.BnlpTest.interrogative_sentences_where': System.IO.DirectoryNotFoundException: Could not find a part of the path 'D:\software\Project\UnitTest\TestCases\interrogative_sentences_where.xml'.</Text>
        <Exception>System.IO.DirectoryNotFoundException: Could not find a part of the path 'D:\software\Project\UnitTest\TestCases\interrogative_sentences_where.xml'.
   at System.IO.__Error.WinIOError(Int32 errorCode, String maybeFullPath)
   at System.IO.File.GetAttributes(String path)
   at Microsoft.VisualStudio.TestTools.Common.SingleFileProvider.GetFilePaths()
   at Microsoft.VisualStudio.TestTools.TestManagement.DeploymentCoverageItem.GetFiles(TestRunConfiguration runConfig)
   at Microsoft.VisualStudio.TestTools.TestManagement.DeploymentManager.DoDeployment(TestRun run, FileCopyService fileCopyService)</Exception>
      </RunInfo>
      <RunInfo computerName="ARPAN-LAP" outcome="Warning" timestamp="2014-06-25T20:30:38.6905675+05:30">
        <Text>Warning: Test Run deployment issue: Failed to get the file for deployment item '..\UnitTest\TestCases\prepositions_made_with_three_words.xml' specified by the test 'UnitTest.BnlpTest.prepositions_made_with_three_words': System.IO.DirectoryNotFoundException: Could not find a part of the path 'D:\software\Project\UnitTest\TestCases\prepositions_made_with_three_words.xml'.</Text>
        <Exception>System.IO.DirectoryNotFoundException: Could not find a part of the path 'D:\software\Project\UnitTest\TestCases\prepositions_made_with_three_words.xml'.
   at System.IO.__Error.WinIOError(Int32 errorCode, String maybeFullPath)
   at System.IO.File.GetAttributes(String path)
   at Microsoft.VisualStudio.TestTools.Common.SingleFileProvider.GetFilePaths()
   at Microsoft.VisualStudio.TestTools.TestManagement.DeploymentCoverageItem.GetFiles(TestRunConfiguration runConfig)
   at Microsoft.VisualStudio.TestTools.TestManagement.DeploymentManager.DoDeployment(TestRun run, FileCopyService fileCopyService)</Exception>
      </RunInfo>
      <RunInfo computerName="ARPAN-LAP" outcome="Warning" timestamp="2014-06-25T20:30:38.6915676+05:30">
        <Text>Warning: Test Run deployment issue: Failed to get the file for deployment item '..\UnitTest\TestCases\interrogative_sentences_what.xml' specified by the test 'UnitTest.BnlpTest.interrogative_sentences_what': System.IO.DirectoryNotFoundException: Could not find a part of the path 'D:\software\Project\UnitTest\TestCases\interrogative_sentences_what.xml'.</Text>
        <Exception>System.IO.DirectoryNotFoundException: Could not find a part of the path 'D:\software\Project\UnitTest\TestCases\interrogative_sentences_what.xml'.
   at System.IO.__Error.WinIOError(Int32 errorCode, String maybeFullPath)
   at System.IO.File.GetAttributes(String path)
   at Microsoft.VisualStudio.TestTools.Common.SingleFileProvider.GetFilePaths()
   at Microsoft.VisualStudio.TestTools.TestManagement.DeploymentCoverageItem.GetFiles(TestRunConfiguration runConfig)
   at Microsoft.VisualStudio.TestTools.TestManagement.DeploymentManager.DoDeployment(TestRun run, FileCopyService fileCopyService)</Exception>
      </RunInfo>
      <RunInfo computerName="ARPAN-LAP" outcome="Warning" timestamp="2014-06-25T20:30:38.6915676+05:30">
        <Text>Warning: Test Run deployment issue: Failed to get the file for deployment item '..\UnitTest\TestCases\interrogative_sentences_how.xml' specified by the test 'UnitTest.BnlpTest.interrogative_sentences_how': System.IO.DirectoryNotFoundException: Could not find a part of the path 'D:\software\Project\UnitTest\TestCases\interrogative_sentences_how.xml'.</Text>
        <Exception>System.IO.DirectoryNotFoundException: Could not find a part of the path 'D:\software\Project\UnitTest\TestCases\interrogative_sentences_how.xml'.
   at System.IO.__Error.WinIOError(Int32 errorCode, String maybeFullPath)
   at System.IO.File.GetAttributes(String path)
   at Microsoft.VisualStudio.TestTools.Common.SingleFileProvider.GetFilePaths()
   at Microsoft.VisualStudio.TestTools.TestManagement.DeploymentCoverageItem.GetFiles(TestRunConfiguration runConfig)
   at Microsoft.VisualStudio.TestTools.TestManagement.DeploymentManager.DoDeployment(TestRun run, FileCopyService fileCopyService)</Exception>
      </RunInfo>
      <RunInfo computerName="ARPAN-LAP" outcome="Warning" timestamp="2014-06-25T20:30:38.6925677+05:30">
        <Text>Warning: Test Run deployment issue: Failed to get the file for deployment item '..\UnitTest\TestCases\interrogative_sentences_whom.xml' specified by the test 'UnitTest.BnlpTest.interrogative_sentences_whom': System.IO.DirectoryNotFoundException: Could not find a part of the path 'D:\software\Project\UnitTest\TestCases\interrogative_sentences_whom.xml'.</Text>
        <Exception>System.IO.DirectoryNotFoundException: Could not find a part of the path 'D:\software\Project\UnitTest\TestCases\interrogative_sentences_whom.xml'.
   at System.IO.__Error.WinIOError(Int32 errorCode, String maybeFullPath)
   at System.IO.File.GetAttributes(String path)
   at Microsoft.VisualStudio.TestTools.Common.SingleFileProvider.GetFilePaths()
   at Microsoft.VisualStudio.TestTools.TestManagement.DeploymentCoverageItem.GetFiles(TestRunConfiguration runConfig)
   at Microsoft.VisualStudio.TestTools.TestManagement.DeploymentManager.DoDeployment(TestRun run, FileCopyService fileCopyService)</Exception>
      </RunInfo>
      <RunInfo computerName="ARPAN-LAP" outcome="Warning" timestamp="2014-06-25T20:30:38.6935677+05:30">
        <Text>Warning: Test Run deployment issue: Failed to get the file for deployment item '..\UnitTest\TestCases\second_person_tenses_active.xml' specified by the test 'UnitTest.BnlpTest.second_person_tenses_active': System.IO.DirectoryNotFoundException: Could not find a part of the path 'D:\software\Project\UnitTest\TestCases\second_person_tenses_active.xml'.</Text>
        <Exception>System.IO.DirectoryNotFoundException: Could not find a part of the path 'D:\software\Project\UnitTest\TestCases\second_person_tenses_active.xml'.
   at System.IO.__Error.WinIOError(Int32 errorCode, String maybeFullPath)
   at System.IO.File.GetAttributes(String path)
   at Microsoft.VisualStudio.TestTools.Common.SingleFileProvider.GetFilePaths()
   at Microsoft.VisualStudio.TestTools.TestManagement.DeploymentCoverageItem.GetFiles(TestRunConfiguration runConfig)
   at Microsoft.VisualStudio.TestTools.TestManagement.DeploymentManager.DoDeployment(TestRun run, FileCopyService fileCopyService)</Exception>
      </RunInfo>
      <RunInfo computerName="ARPAN-LAP" outcome="Warning" timestamp="2014-06-25T20:30:38.6945678+05:30">
        <Text>Warning: Test Run deployment issue: Failed to get the file for deployment item '..\UnitTest\TestCases\all_persons_modal_should_negation.xml' specified by the test 'UnitTest.BnlpTest.all_persons_modal_should_negation': System.IO.DirectoryNotFoundException: Could not find a part of the path 'D:\software\Project\UnitTest\TestCases\all_persons_modal_should_negation.xml'.</Text>
        <Exception>System.IO.DirectoryNotFoundException: Could not find a part of the path 'D:\software\Project\UnitTest\TestCases\all_persons_modal_should_negation.xml'.
   at System.IO.__Error.WinIOError(Int32 errorCode, String maybeFullPath)
   at System.IO.File.GetAttributes(String path)
   at Microsoft.VisualStudio.TestTools.Common.SingleFileProvider.GetFilePaths()
   at Microsoft.VisualStudio.TestTools.TestManagement.DeploymentCoverageItem.GetFiles(TestRunConfiguration runConfig)
   at Microsoft.VisualStudio.TestTools.TestManagement.DeploymentManager.DoDeployment(TestRun run, FileCopyService fileCopyService)</Exception>
      </RunInfo>
      <RunInfo computerName="ARPAN-LAP" outcome="Warning" timestamp="2014-06-25T20:30:38.6955678+05:30">
        <Text>Warning: Test Run deployment issue: Failed to get the file for deployment item '..\UnitTest\TestCases\first_person_tenses_active_negation.xml' specified by the test 'UnitTest.BnlpTest.first_person_tenses_active_negation': System.IO.DirectoryNotFoundException: Could not find a part of the path 'D:\software\Project\UnitTest\TestCases\first_person_tenses_active_negation.xml'.</Text>
        <Exception>System.IO.DirectoryNotFoundException: Could not find a part of the path 'D:\software\Project\UnitTest\TestCases\first_person_tenses_active_negation.xml'.
   at System.IO.__Error.WinIOError(Int32 errorCode, String maybeFullPath)
   at System.IO.File.GetAttributes(String path)
   at Microsoft.VisualStudio.TestTools.Common.SingleFileProvider.GetFilePaths()
   at Microsoft.VisualStudio.TestTools.TestManagement.DeploymentCoverageItem.GetFiles(TestRunConfiguration runConfig)
   at Microsoft.VisualStudio.TestTools.TestManagement.DeploymentManager.DoDeployment(TestRun run, FileCopyService fileCopyService)</Exception>
      </RunInfo>
      <RunInfo computerName="ARPAN-LAP" outcome="Warning" timestamp="2014-06-25T20:30:38.6965679+05:30">
        <Text>Warning: Test Run deployment issue: Failed to get the file for deployment item '..\UnitTest\TestCases\all_persons_modal_can_may_negation.xml' specified by the test 'UnitTest.BnlpTest.all_persons_modal_can_may_negation': System.IO.DirectoryNotFoundException: Could not find a part of the path 'D:\software\Project\UnitTest\TestCases\all_persons_modal_can_may_negation.xml'.</Text>
        <Exception>System.IO.DirectoryNotFoundException: Could not find a part of the path 'D:\software\Project\UnitTest\TestCases\all_persons_modal_can_may_negation.xml'.
   at System.IO.__Error.WinIOError(Int32 errorCode, String maybeFullPath)
   at System.IO.File.GetAttributes(String path)
   at Microsoft.VisualStudio.TestTools.Common.SingleFileProvider.GetFilePaths()
   at Microsoft.VisualStudio.TestTools.TestManagement.DeploymentCoverageItem.GetFiles(TestRunConfiguration runConfig)
   at Microsoft.VisualStudio.TestTools.TestManagement.DeploymentManager.DoDeployment(TestRun run, FileCopyService fileCopyService)</Exception>
      </RunInfo>
      <RunInfo computerName="ARPAN-LAP" outcome="Warning" timestamp="2014-06-25T20:30:38.6975679+05:30">
        <Text>Warning: Test Run deployment issue: Failed to get the file for deployment item '..\UnitTest\TestCases\third_person_tenses_active_negation.xml' specified by the test 'UnitTest.BnlpTest.third_person_tenses_active_negation': System.IO.DirectoryNotFoundException: Could not find a part of the path 'D:\software\Project\UnitTest\TestCases\third_person_tenses_active_negation.xml'.</Text>
        <Exception>System.IO.DirectoryNotFoundException: Could not find a part of the path 'D:\software\Project\UnitTest\TestCases\third_person_tenses_active_negation.xml'.
   at System.IO.__Error.WinIOError(Int32 errorCode, String maybeFullPath)
   at System.IO.File.GetAttributes(String path)
   at Microsoft.VisualStudio.TestTools.Common.SingleFileProvider.GetFilePaths()
   at Microsoft.VisualStudio.TestTools.TestManagement.DeploymentCoverageItem.GetFiles(TestRunConfiguration runConfig)
   at Microsoft.VisualStudio.TestTools.TestManagement.DeploymentManager.DoDeployment(TestRun run, FileCopyService fileCopyService)</Exception>
      </RunInfo>
      <RunInfo computerName="ARPAN-LAP" outcome="Warning" timestamp="2014-06-25T20:30:38.6975679+05:30">
        <Text>Warning: Test Run deployment issue: Failed to get the file for deployment item '..\UnitTest\TestCases\interrogative_sentences_do.xml' specified by the test 'UnitTest.BnlpTest.interrogative_sentences_do': System.IO.DirectoryNotFoundException: Could not find a part of the path 'D:\software\Project\UnitTest\TestCases\interrogative_sentences_do.xml'.</Text>
        <Exception>System.IO.DirectoryNotFoundException: Could not find a part of the path 'D:\software\Project\UnitTest\TestCases\interrogative_sentences_do.xml'.
   at System.IO.__Error.WinIOError(Int32 errorCode, String maybeFullPath)
   at System.IO.File.GetAttributes(String path)
   at Microsoft.VisualStudio.TestTools.Common.SingleFileProvider.GetFilePaths()
   at Microsoft.VisualStudio.TestTools.TestManagement.DeploymentCoverageItem.GetFiles(TestRunConfiguration runConfig)
   at Microsoft.VisualStudio.TestTools.TestManagement.DeploymentManager.DoDeployment(TestRun run, FileCopyService fileCopyService)</Exception>
      </RunInfo>
      <RunInfo computerName="ARPAN-LAP" outcome="Warning" timestamp="2014-06-25T20:30:38.6985680+05:30">
        <Text>Warning: Test Run deployment issue: Failed to get the file for deployment item '..\UnitTest\TestCases\auxiliary_verbs_as_main_verbs.xml' specified by the test 'UnitTest.BnlpTest.auxiliary_verbs_as_main_verbs': System.IO.DirectoryNotFoundException: Could not find a part of the path 'D:\software\Project\UnitTest\TestCases\auxiliary_verbs_as_main_verbs.xml'.</Text>
        <Exception>System.IO.DirectoryNotFoundException: Could not find a part of the path 'D:\software\Project\UnitTest\TestCases\auxiliary_verbs_as_main_verbs.xml'.
   at System.IO.__Error.WinIOError(Int32 errorCode, String maybeFullPath)
   at System.IO.File.GetAttributes(String path)
   at Microsoft.VisualStudio.TestTools.Common.SingleFileProvider.GetFilePaths()
   at Microsoft.VisualStudio.TestTools.TestManagement.DeploymentCoverageItem.GetFiles(TestRunConfiguration runConfig)
   at Microsoft.VisualStudio.TestTools.TestManagement.DeploymentManager.DoDeployment(TestRun run, FileCopyService fileCopyService)</Exception>
      </RunInfo>
      <RunInfo computerName="ARPAN-LAP" outcome="Warning" timestamp="2014-06-25T20:30:38.6995681+05:30">
        <Text>Warning: Test Run deployment issue: Failed to get the file for deployment item '..\UnitTest\TestCases\all_persons_tenses_passive_negation.xml' specified by the test 'UnitTest.BnlpTest.all_persons_tenses_passive_negation': System.IO.DirectoryNotFoundException: Could not find a part of the path 'D:\software\Project\UnitTest\TestCases\all_persons_tenses_passive_negation.xml'.</Text>
        <Exception>System.IO.DirectoryNotFoundException: Could not find a part of the path 'D:\software\Project\UnitTest\TestCases\all_persons_tenses_passive_negation.xml'.
   at System.IO.__Error.WinIOError(Int32 errorCode, String maybeFullPath)
   at System.IO.File.GetAttributes(String path)
   at Microsoft.VisualStudio.TestTools.Common.SingleFileProvider.GetFilePaths()
   at Microsoft.VisualStudio.TestTools.TestManagement.DeploymentCoverageItem.GetFiles(TestRunConfiguration runConfig)
   at Microsoft.VisualStudio.TestTools.TestManagement.DeploymentManager.DoDeployment(TestRun run, FileCopyService fileCopyService)</Exception>
      </RunInfo>
      <RunInfo computerName="ARPAN-LAP" outcome="Warning" timestamp="2014-06-25T20:30:38.7005681+05:30">
        <Text>Warning: Test Run deployment issue: Failed to get the file for deployment item '..\UnitTest\TestCases\prepositions_made_with_two_words.xml' specified by the test 'UnitTest.BnlpTest.prepositions_made_with_two_words': System.IO.DirectoryNotFoundException: Could not find a part of the path 'D:\software\Project\UnitTest\TestCases\prepositions_made_with_two_words.xml'.</Text>
        <Exception>System.IO.DirectoryNotFoundException: Could not find a part of the path 'D:\software\Project\UnitTest\TestCases\prepositions_made_with_two_words.xml'.
   at System.IO.__Error.WinIOError(Int32 errorCode, String maybeFullPath)
   at System.IO.File.GetAttributes(String path)
   at Microsoft.VisualStudio.TestTools.Common.SingleFileProvider.GetFilePaths()
   at Microsoft.VisualStudio.TestTools.TestManagement.DeploymentCoverageItem.GetFiles(TestRunConfiguration runConfig)
   at Microsoft.VisualStudio.TestTools.TestManagement.DeploymentManager.DoDeployment(TestRun run, FileCopyService fileCopyService)</Exception>
      </RunInfo>
      <RunInfo computerName="ARPAN-LAP" outcome="Warning" timestamp="2014-06-25T20:30:38.7015682+05:30">
        <Text>Warning: Test Run deployment issue: Failed to get the file for deployment item '..\UnitTest\TestCases\first_person_tenses_active.xml' specified by the test 'UnitTest.BnlpTest.first_person_tenses_active': System.IO.DirectoryNotFoundException: Could not find a part of the path 'D:\software\Project\UnitTest\TestCases\first_person_tenses_active.xml'.</Text>
        <Exception>System.IO.DirectoryNotFoundException: Could not find a part of the path 'D:\software\Project\UnitTest\TestCases\first_person_tenses_active.xml'.
   at System.IO.__Error.WinIOError(Int32 errorCode, String maybeFullPath)
   at System.IO.File.GetAttributes(String path)
   at Microsoft.VisualStudio.TestTools.Common.SingleFileProvider.GetFilePaths()
   at Microsoft.VisualStudio.TestTools.TestManagement.DeploymentCoverageItem.GetFiles(TestRunConfiguration runConfig)
   at Microsoft.VisualStudio.TestTools.TestManagement.DeploymentManager.DoDeployment(TestRun run, FileCopyService fileCopyService)</Exception>
      </RunInfo>
      <RunInfo computerName="ARPAN-LAP" outcome="Warning" timestamp="2014-06-25T20:30:38.7025682+05:30">
        <Text>Warning: Test Run deployment issue: Failed to get the file for deployment item '..\UnitTest\TestCases\interrogative_sentences_why.xml' specified by the test 'UnitTest.BnlpTest.interrogative_sentences_why': System.IO.DirectoryNotFoundException: Could not find a part of the path 'D:\software\Project\UnitTest\TestCases\interrogative_sentences_why.xml'.</Text>
        <Exception>System.IO.DirectoryNotFoundException: Could not find a part of the path 'D:\software\Project\UnitTest\TestCases\interrogative_sentences_why.xml'.
   at System.IO.__Error.WinIOError(Int32 errorCode, String maybeFullPath)
   at System.IO.File.GetAttributes(String path)
   at Microsoft.VisualStudio.TestTools.Common.SingleFileProvider.GetFilePaths()
   at Microsoft.VisualStudio.TestTools.TestManagement.DeploymentCoverageItem.GetFiles(TestRunConfiguration runConfig)
   at Microsoft.VisualStudio.TestTools.TestManagement.DeploymentManager.DoDeployment(TestRun run, FileCopyService fileCopyService)</Exception>
      </RunInfo>
      <RunInfo computerName="ARPAN-LAP" outcome="Warning" timestamp="2014-06-25T20:30:38.7035683+05:30">
        <Text>Warning: Test Run deployment issue: Failed to get the file for deployment item '..\UnitTest\TestCases\all_persons_modal_can_may.xml' specified by the test 'UnitTest.BnlpTest.all_persons_modal_can_may': System.IO.DirectoryNotFoundException: Could not find a part of the path 'D:\software\Project\UnitTest\TestCases\all_persons_modal_can_may.xml'.</Text>
        <Exception>System.IO.DirectoryNotFoundException: Could not find a part of the path 'D:\software\Project\UnitTest\TestCases\all_persons_modal_can_may.xml'.
   at System.IO.__Error.WinIOError(Int32 errorCode, String maybeFullPath)
   at System.IO.File.GetAttributes(String path)
   at Microsoft.VisualStudio.TestTools.Common.SingleFileProvider.GetFilePaths()
   at Microsoft.VisualStudio.TestTools.TestManagement.DeploymentCoverageItem.GetFiles(TestRunConfiguration runConfig)
   at Microsoft.VisualStudio.TestTools.TestManagement.DeploymentManager.DoDeployment(TestRun run, FileCopyService fileCopyService)</Exception>
      </RunInfo>
    </RunInfos>
  </ResultSummary>
  <TestDefinitions>
    <UnitTest name="prepositions_made_with_three_words" storage="d:\software\project\bnlp\unittest\bin\debug\unittest.dll" id="0f33848d-a900-d644-7498-2526887b5425">
      <DeploymentItems>
        <DeploymentItem filename="..\UnitTest\TestCases\prepositions_made_with_three_words.xml" />
      </DeploymentItems>
      <Execution id="49b730a3-a978-4023-9c72-6371c3475fa6" />
      <TestMethod codeBase="D:/software/Project/BNLP/UnitTest/bin/Debug/UnitTest.DLL" adapterTypeName="Microsoft.VisualStudio.TestTools.TestTypes.Unit.UnitTestAdapter, Microsoft.VisualStudio.QualityTools.Tips.UnitTest.Adapter, Version=10.0.0.0, Culture=neutral, PublicKeyToken=b03f5f7f11d50a3a" className="UnitTest.BnlpTest, UnitTest, Version=1.0.0.0, Culture=neutral, PublicKeyToken=null" name="prepositions_made_with_three_words" />
      <DataSource connectionString="|DataDirectory|\TestCases\prepositions_made_with_three_words.xml" providerInvariantName="Microsoft.VisualStudio.TestTools.DataSource.XML" tableName="sentence" />
    </UnitTest>
    <UnitTest name="first_person_tenses_active" storage="d:\software\project\bnlp\unittest\bin\debug\unittest.dll" id="921e6ab0-d7c2-6005-e523-6fd2d5e1a723">
      <DeploymentItems>
        <DeploymentItem filename="..\UnitTest\TestCases\first_person_tenses_active.xml" />
      </DeploymentItems>
      <Execution id="99822561-8a58-44e2-82de-8cd737d3e274" />
      <TestMethod codeBase="D:/software/Project/BNLP/UnitTest/bin/Debug/UnitTest.DLL" adapterTypeName="Microsoft.VisualStudio.TestTools.TestTypes.Unit.UnitTestAdapter, Microsoft.VisualStudio.QualityTools.Tips.UnitTest.Adapter, Version=10.0.0.0, Culture=neutral, PublicKeyToken=b03f5f7f11d50a3a" className="UnitTest.BnlpTest, UnitTest, Version=1.0.0.0, Culture=neutral, PublicKeyToken=null" name="first_person_tenses_active" />
      <DataSource connectionString="|DataDirectory|\TestCases\first_person_tenses_active.xml" providerInvariantName="Microsoft.VisualStudio.TestTools.DataSource.XML" tableName="sentence" />
    </UnitTest>
    <UnitTest name="interrogative_sentences_what" storage="d:\software\project\bnlp\unittest\bin\debug\unittest.dll" id="7f7910d1-dc89-39b4-b4cf-d9e6d7af9420">
      <DeploymentItems>
        <DeploymentItem filename="..\UnitTest\TestCases\interrogative_sentences_what.xml" />
      </DeploymentItems>
      <Execution id="c2cce0fd-55c2-4f84-bb2b-63f964df28f6" />
      <TestMethod codeBase="D:/software/Project/BNLP/UnitTest/bin/Debug/UnitTest.DLL" adapterTypeName="Microsoft.VisualStudio.TestTools.TestTypes.Unit.UnitTestAdapter, Microsoft.VisualStudio.QualityTools.Tips.UnitTest.Adapter, Version=10.0.0.0, Culture=neutral, PublicKeyToken=b03f5f7f11d50a3a" className="UnitTest.BnlpTest, UnitTest, Version=1.0.0.0, Culture=neutral, PublicKeyToken=null" name="interrogative_sentences_what" />
      <DataSource connectionString="|DataDirectory|\TestCases\interrogative_sentences_what.xml" providerInvariantName="Microsoft.VisualStudio.TestTools.DataSource.XML" tableName="sentence" />
    </UnitTest>
    <UnitTest name="all_persons_modal_should_negation" storage="d:\software\project\bnlp\unittest\bin\debug\unittest.dll" id="9319d01e-de3e-d310-c76e-cae8dce4c924">
      <DeploymentItems>
        <DeploymentItem filename="..\UnitTest\TestCases\all_persons_modal_should_negation.xml" />
      </DeploymentItems>
      <Execution id="7d34dd76-c28f-4f22-9df8-a0d037354685" />
      <TestMethod codeBase="D:/software/Project/BNLP/UnitTest/bin/Debug/UnitTest.DLL" adapterTypeName="Microsoft.VisualStudio.TestTools.TestTypes.Unit.UnitTestAdapter, Microsoft.VisualStudio.QualityTools.Tips.UnitTest.Adapter, Version=10.0.0.0, Culture=neutral, PublicKeyToken=b03f5f7f11d50a3a" className="UnitTest.BnlpTest, UnitTest, Version=1.0.0.0, Culture=neutral, PublicKeyToken=null" name="all_persons_modal_should_negation" />
      <DataSource connectionString="|DataDirectory|\TestCases\all_persons_modal_should_negation.xml" providerInvariantName="Microsoft.VisualStudio.TestTools.DataSource.XML" tableName="sentence" />
    </UnitTest>
    <UnitTest name="prepositions_made_with_two_words" storage="d:\software\project\bnlp\unittest\bin\debug\unittest.dll" id="0f337a75-1a2d-d9c3-6c5f-23ed2604b69d">
      <DeploymentItems>
        <DeploymentItem filename="..\UnitTest\TestCases\prepositions_made_with_two_words.xml" />
      </DeploymentItems>
      <Execution id="27e86266-1bab-468c-8d09-c9ad5952c5ef" />
      <TestMethod codeBase="D:/software/Project/BNLP/UnitTest/bin/Debug/UnitTest.DLL" adapterTypeName="Microsoft.VisualStudio.TestTools.TestTypes.Unit.UnitTestAdapter, Microsoft.VisualStudio.QualityTools.Tips.UnitTest.Adapter, Version=10.0.0.0, Culture=neutral, PublicKeyToken=b03f5f7f11d50a3a" className="UnitTest.BnlpTest, UnitTest, Version=1.0.0.0, Culture=neutral, PublicKeyToken=null" name="prepositions_made_with_two_words" />
      <DataSource connectionString="|DataDirectory|\TestCases\prepositions_made_with_two_words.xml" providerInvariantName="Microsoft.VisualStudio.TestTools.DataSource.XML" tableName="sentence" />
    </UnitTest>
    <UnitTest name="interrogative_sentences_do" storage="d:\software\project\bnlp\unittest\bin\debug\unittest.dll" id="1d63c318-78a9-9011-f5c0-0b01884a2881">
      <DeploymentItems>
        <DeploymentItem filename="..\UnitTest\TestCases\interrogative_sentences_do.xml" />
      </DeploymentItems>
      <Execution id="7e1813ff-e1e5-4377-a945-983af4c6fed7" />
      <TestMethod codeBase="D:/software/Project/BNLP/UnitTest/bin/Debug/UnitTest.DLL" adapterTypeName="Microsoft.VisualStudio.TestTools.TestTypes.Unit.UnitTestAdapter, Microsoft.VisualStudio.QualityTools.Tips.UnitTest.Adapter, Version=10.0.0.0, Culture=neutral, PublicKeyToken=b03f5f7f11d50a3a" className="UnitTest.BnlpTest, UnitTest, Version=1.0.0.0, Culture=neutral, PublicKeyToken=null" name="interrogative_sentences_do" />
      <DataSource connectionString="|DataDirectory|\TestCases\interrogative_sentences_do.xml" providerInvariantName="Microsoft.VisualStudio.TestTools.DataSource.XML" tableName="sentence" />
    </UnitTest>
    <UnitTest name="all_persons_tenses_passive_negation" storage="d:\software\project\bnlp\unittest\bin\debug\unittest.dll" id="bdfe92b2-f4ac-73a5-f13d-5c1ea13721b4">
      <DeploymentItems>
        <DeploymentItem filename="..\UnitTest\TestCases\all_persons_tenses_passive_negation.xml" />
      </DeploymentItems>
      <Execution id="8bc17358-882e-4561-80cc-1ab90078af57" />
      <TestMethod codeBase="D:/software/Project/BNLP/UnitTest/bin/Debug/UnitTest.DLL" adapterTypeName="Microsoft.VisualStudio.TestTools.TestTypes.Unit.UnitTestAdapter, Microsoft.VisualStudio.QualityTools.Tips.UnitTest.Adapter, Version=10.0.0.0, Culture=neutral, PublicKeyToken=b03f5f7f11d50a3a" className="UnitTest.BnlpTest, UnitTest, Version=1.0.0.0, Culture=neutral, PublicKeyToken=null" name="all_persons_tenses_passive_negation" />
      <DataSource connectionString="|DataDirectory|\TestCases\all_persons_tenses_passive_negation.xml" providerInvariantName="Microsoft.VisualStudio.TestTools.DataSource.XML" tableName="sentence" />
    </UnitTest>
    <UnitTest name="third_person_tenses_active_negation" storage="d:\software\project\bnlp\unittest\bin\debug\unittest.dll" id="fe3e63ab-391c-e168-48d0-431b85a7b898">
      <DeploymentItems>
        <DeploymentItem filename="..\UnitTest\TestCases\third_person_tenses_active_negation.xml" />
      </DeploymentItems>
      <Execution id="6324583e-666f-46ca-8780-3e76c7c67772" />
      <TestMethod codeBase="D:/software/Project/BNLP/UnitTest/bin/Debug/UnitTest.DLL" adapterTypeName="Microsoft.VisualStudio.TestTools.TestTypes.Unit.UnitTestAdapter, Microsoft.VisualStudio.QualityTools.Tips.UnitTest.Adapter, Version=10.0.0.0, Culture=neutral, PublicKeyToken=b03f5f7f11d50a3a" className="UnitTest.BnlpTest, UnitTest, Version=1.0.0.0, Culture=neutral, PublicKeyToken=null" name="third_person_tenses_active_negation" />
      <DataSource connectionString="|DataDirectory|\TestCases\third_person_tenses_active_negation.xml" providerInvariantName="Microsoft.VisualStudio.TestTools.DataSource.XML" tableName="sentence" />
    </UnitTest>
    <UnitTest name="all_persons_modal_should" storage="d:\software\project\bnlp\unittest\bin\debug\unittest.dll" id="783915fe-114a-e353-78dd-56e92a60f942">
      <DeploymentItems>
        <DeploymentItem filename="..\UnitTest\TestCases\all_persons_modal_should.xml" />
      </DeploymentItems>
      <Execution id="2b24ac6b-29ce-488b-abcb-b12b51de9b41" />
      <TestMethod codeBase="D:/software/Project/BNLP/UnitTest/bin/Debug/UnitTest.DLL" adapterTypeName="Microsoft.VisualStudio.TestTools.TestTypes.Unit.UnitTestAdapter, Microsoft.VisualStudio.QualityTools.Tips.UnitTest.Adapter, Version=10.0.0.0, Culture=neutral, PublicKeyToken=b03f5f7f11d50a3a" className="UnitTest.BnlpTest, UnitTest, Version=1.0.0.0, Culture=neutral, PublicKeyToken=null" name="all_persons_modal_should" />
      <DataSource connectionString="|DataDirectory|\TestCases\all_persons_modal_should.xml" providerInvariantName="Microsoft.VisualStudio.TestTools.DataSource.XML" tableName="sentence" />
    </UnitTest>
    <UnitTest name="second_person_tenses_active" storage="d:\software\project\bnlp\unittest\bin\debug\unittest.dll" id="30ab3285-6a8c-14d2-9725-bd60892ccd90">
      <DeploymentItems>
        <DeploymentItem filename="..\UnitTest\TestCases\second_person_tenses_active.xml" />
      </DeploymentItems>
      <Execution id="7b591785-1673-481a-b5c9-a7c81072d49f" />
      <TestMethod codeBase="D:/software/Project/BNLP/UnitTest/bin/Debug/UnitTest.DLL" adapterTypeName="Microsoft.VisualStudio.TestTools.TestTypes.Unit.UnitTestAdapter, Microsoft.VisualStudio.QualityTools.Tips.UnitTest.Adapter, Version=10.0.0.0, Culture=neutral, PublicKeyToken=b03f5f7f11d50a3a" className="UnitTest.BnlpTest, UnitTest, Version=1.0.0.0, Culture=neutral, PublicKeyToken=null" name="second_person_tenses_active" />
      <DataSource connectionString="|DataDirectory|\TestCases\second_person_tenses_active.xml" providerInvariantName="Microsoft.VisualStudio.TestTools.DataSource.XML" tableName="sentence" />
    </UnitTest>
    <UnitTest name="interrogative_sentences_who" storage="d:\software\project\bnlp\unittest\bin\debug\unittest.dll" id="32b5d279-0d23-e5ad-0301-234c8788f740">
      <DeploymentItems>
        <DeploymentItem filename="..\UnitTest\TestCases\interrogative_sentences_who.xml" />
      </DeploymentItems>
      <Execution id="8c30502d-51b6-4c7b-a417-b18a2fd90cb8" />
      <TestMethod codeBase="D:/software/Project/BNLP/UnitTest/bin/Debug/UnitTest.DLL" adapterTypeName="Microsoft.VisualStudio.TestTools.TestTypes.Unit.UnitTestAdapter, Microsoft.VisualStudio.QualityTools.Tips.UnitTest.Adapter, Version=10.0.0.0, Culture=neutral, PublicKeyToken=b03f5f7f11d50a3a" className="UnitTest.BnlpTest, UnitTest, Version=1.0.0.0, Culture=neutral, PublicKeyToken=null" name="interrogative_sentences_who" />
      <DataSource connectionString="|DataDirectory|\TestCases\interrogative_sentences_who.xml" providerInvariantName="Microsoft.VisualStudio.TestTools.DataSource.XML" tableName="sentence" />
    </UnitTest>
    <UnitTest name="all_persons_modal_can_may" storage="d:\software\project\bnlp\unittest\bin\debug\unittest.dll" id="8fe5ccb3-a3f4-0f61-ad21-e94ef029e900">
      <DeploymentItems>
        <DeploymentItem filename="..\UnitTest\TestCases\all_persons_modal_can_may.xml" />
      </DeploymentItems>
      <Execution id="1b7f03ff-f3f7-4929-8064-a11cd0629c63" />
      <TestMethod codeBase="D:/software/Project/BNLP/UnitTest/bin/Debug/UnitTest.DLL" adapterTypeName="Microsoft.VisualStudio.TestTools.TestTypes.Unit.UnitTestAdapter, Microsoft.VisualStudio.QualityTools.Tips.UnitTest.Adapter, Version=10.0.0.0, Culture=neutral, PublicKeyToken=b03f5f7f11d50a3a" className="UnitTest.BnlpTest, UnitTest, Version=1.0.0.0, Culture=neutral, PublicKeyToken=null" name="all_persons_modal_can_may" />
      <DataSource connectionString="|DataDirectory|\TestCases\all_persons_modal_can_may.xml" providerInvariantName="Microsoft.VisualStudio.TestTools.DataSource.XML" tableName="sentence" />
    </UnitTest>
    <UnitTest name="interrogative_sentences_how" storage="d:\software\project\bnlp\unittest\bin\debug\unittest.dll" id="227f20ae-8e76-eb71-39b2-4ada3ce6aba8">
      <DeploymentItems>
        <DeploymentItem filename="..\UnitTest\TestCases\interrogative_sentences_how.xml" />
      </DeploymentItems>
      <Execution id="a13c7122-e725-45dd-a5f0-3f49dba81a3d" />
      <TestMethod codeBase="D:/software/Project/BNLP/UnitTest/bin/Debug/UnitTest.DLL" adapterTypeName="Microsoft.VisualStudio.TestTools.TestTypes.Unit.UnitTestAdapter, Microsoft.VisualStudio.QualityTools.Tips.UnitTest.Adapter, Version=10.0.0.0, Culture=neutral, PublicKeyToken=b03f5f7f11d50a3a" className="UnitTest.BnlpTest, UnitTest, Version=1.0.0.0, Culture=neutral, PublicKeyToken=null" name="interrogative_sentences_how" />
      <DataSource connectionString="|DataDirectory|\TestCases\interrogative_sentences_how.xml" providerInvariantName="Microsoft.VisualStudio.TestTools.DataSource.XML" tableName="sentence" />
    </UnitTest>
    <UnitTest name="all_persons_modal_can_may_negation" storage="d:\software\project\bnlp\unittest\bin\debug\unittest.dll" id="d03eb628-bf1f-c27d-aeef-e708d613d686">
      <DeploymentItems>
        <DeploymentItem filename="..\UnitTest\TestCases\all_persons_modal_can_may_negation.xml" />
      </DeploymentItems>
      <Execution id="ab8a118a-91fe-4db1-964c-eea63c842019" />
      <TestMethod codeBase="D:/software/Project/BNLP/UnitTest/bin/Debug/UnitTest.DLL" adapterTypeName="Microsoft.VisualStudio.TestTools.TestTypes.Unit.UnitTestAdapter, Microsoft.VisualStudio.QualityTools.Tips.UnitTest.Adapter, Version=10.0.0.0, Culture=neutral, PublicKeyToken=b03f5f7f11d50a3a" className="UnitTest.BnlpTest, UnitTest, Version=1.0.0.0, Culture=neutral, PublicKeyToken=null" name="all_persons_modal_can_may_negation" />
      <DataSource connectionString="|DataDirectory|\TestCases\all_persons_modal_can_may_negation.xml" providerInvariantName="Microsoft.VisualStudio.TestTools.DataSource.XML" tableName="sentence" />
    </UnitTest>
    <UnitTest name="RandomWord" storage="d:\software\project\bnlp\unittest\bin\debug\unittest.dll" id="642ce34f-0ed4-f995-637b-09297c832f2a">
      <DeploymentItems>
        <DeploymentItem filename="..\UnitTest\TestCases\wikipedia.xml" />
      </DeploymentItems>
      <Execution id="0a1de93e-b7be-45e4-9f23-e18112d6ac58" />
      <TestMethod codeBase="D:/software/Project/BNLP/UnitTest/bin/Debug/UnitTest.DLL" adapterTypeName="Microsoft.VisualStudio.TestTools.TestTypes.Unit.UnitTestAdapter, Microsoft.VisualStudio.QualityTools.Tips.UnitTest.Adapter, Version=10.0.0.0, Culture=neutral, PublicKeyToken=b03f5f7f11d50a3a" className="UnitTest.BnlpTest, UnitTest, Version=1.0.0.0, Culture=neutral, PublicKeyToken=null" name="RandomWord" />
      <DataSource connectionString="|DataDirectory|\TestCases\wikipedia.xml" providerInvariantName="Microsoft.VisualStudio.TestTools.DataSource.XML" tableName="sentence" />
    </UnitTest>
    <UnitTest name="second_person_tenses_active_negation" storage="d:\software\project\bnlp\unittest\bin\debug\unittest.dll" id="83c68223-dcaa-51dd-423f-434210a59f77">
      <DeploymentItems>
        <DeploymentItem filename="..\UnitTest\TestCases\second_person_tenses_active_negation.xml" />
      </DeploymentItems>
      <Execution id="ea71f552-8d9f-4815-adc7-c08dda4d440b" />
      <TestMethod codeBase="D:/software/Project/BNLP/UnitTest/bin/Debug/UnitTest.DLL" adapterTypeName="Microsoft.VisualStudio.TestTools.TestTypes.Unit.UnitTestAdapter, Microsoft.VisualStudio.QualityTools.Tips.UnitTest.Adapter, Version=10.0.0.0, Culture=neutral, PublicKeyToken=b03f5f7f11d50a3a" className="UnitTest.BnlpTest, UnitTest, Version=1.0.0.0, Culture=neutral, PublicKeyToken=null" name="second_person_tenses_active_negation" />
      <DataSource connectionString="|DataDirectory|\TestCases\second_person_tenses_active_negation.xml" providerInvariantName="Microsoft.VisualStudio.TestTools.DataSource.XML" tableName="sentence" />
    </UnitTest>
    <UnitTest name="interrogative_sentences_why" storage="d:\software\project\bnlp\unittest\bin\debug\unittest.dll" id="1b04a6d6-5350-792c-8eba-a46a0eb28949">
      <DeploymentItems>
        <DeploymentItem filename="..\UnitTest\TestCases\interrogative_sentences_why.xml" />
      </DeploymentItems>
      <Execution id="22c0cf4b-0f81-4a2f-b4ba-f0ff238f67c1" />
      <TestMethod codeBase="D:/software/Project/BNLP/UnitTest/bin/Debug/UnitTest.DLL" adapterTypeName="Microsoft.VisualStudio.TestTools.TestTypes.Unit.UnitTestAdapter, Microsoft.VisualStudio.QualityTools.Tips.UnitTest.Adapter, Version=10.0.0.0, Culture=neutral, PublicKeyToken=b03f5f7f11d50a3a" className="UnitTest.BnlpTest, UnitTest, Version=1.0.0.0, Culture=neutral, PublicKeyToken=null" name="interrogative_sentences_why" />
      <DataSource connectionString="|DataDirectory|\TestCases\interrogative_sentences_why.xml" providerInvariantName="Microsoft.VisualStudio.TestTools.DataSource.XML" tableName="sentence" />
    </UnitTest>
    <UnitTest name="interrogative_sentences_which" storage="d:\software\project\bnlp\unittest\bin\debug\unittest.dll" id="97a1371f-e8e6-db3e-323e-49ffeef32df1">
      <DeploymentItems>
        <DeploymentItem filename="..\UnitTest\TestCases\interrogative_sentences_which.xml" />
      </DeploymentItems>
      <Execution id="b3f1d940-637d-47d2-a1d5-8ade7bc2025d" />
      <TestMethod codeBase="D:/software/Project/BNLP/UnitTest/bin/Debug/UnitTest.DLL" adapterTypeName="Microsoft.VisualStudio.TestTools.TestTypes.Unit.UnitTestAdapter, Microsoft.VisualStudio.QualityTools.Tips.UnitTest.Adapter, Version=10.0.0.0, Culture=neutral, PublicKeyToken=b03f5f7f11d50a3a" className="UnitTest.BnlpTest, UnitTest, Version=1.0.0.0, Culture=neutral, PublicKeyToken=null" name="interrogative_sentences_which" />
      <DataSource connectionString="|DataDirectory|\TestCases\interrogative_sentences_which.xml" providerInvariantName="Microsoft.VisualStudio.TestTools.DataSource.XML" tableName="sentence" />
    </UnitTest>
    <UnitTest name="third_person_tenses_active" storage="d:\software\project\bnlp\unittest\bin\debug\unittest.dll" id="0bc2f98c-98f5-f190-c78c-c00d94c547a1">
      <DeploymentItems>
        <DeploymentItem filename="..\UnitTest\TestCases\third_person_tenses_active.xml" />
      </DeploymentItems>
      <Execution id="f1348c4d-634b-43d9-b6aa-c0cf83624c7e" />
      <TestMethod codeBase="D:/software/Project/BNLP/UnitTest/bin/Debug/UnitTest.DLL" adapterTypeName="Microsoft.VisualStudio.TestTools.TestTypes.Unit.UnitTestAdapter, Microsoft.VisualStudio.QualityTools.Tips.UnitTest.Adapter, Version=10.0.0.0, Culture=neutral, PublicKeyToken=b03f5f7f11d50a3a" className="UnitTest.BnlpTest, UnitTest, Version=1.0.0.0, Culture=neutral, PublicKeyToken=null" name="third_person_tenses_active" />
      <DataSource connectionString="|DataDirectory|\TestCases\third_person_tenses_active.xml" providerInvariantName="Microsoft.VisualStudio.TestTools.DataSource.XML" tableName="sentence" />
    </UnitTest>
    <UnitTest name="auxiliary_verbs_as_main_verbs" storage="d:\software\project\bnlp\unittest\bin\debug\unittest.dll" id="c79146bc-2376-961a-5de9-441b5dfc7188">
      <DeploymentItems>
        <DeploymentItem filename="..\UnitTest\TestCases\auxiliary_verbs_as_main_verbs.xml" />
      </DeploymentItems>
      <Execution id="62fc938f-7fd0-4bc0-8812-0a412ccde756" />
      <TestMethod codeBase="D:/software/Project/BNLP/UnitTest/bin/Debug/UnitTest.DLL" adapterTypeName="Microsoft.VisualStudio.TestTools.TestTypes.Unit.UnitTestAdapter, Microsoft.VisualStudio.QualityTools.Tips.UnitTest.Adapter, Version=10.0.0.0, Culture=neutral, PublicKeyToken=b03f5f7f11d50a3a" className="UnitTest.BnlpTest, UnitTest, Version=1.0.0.0, Culture=neutral, PublicKeyToken=null" name="auxiliary_verbs_as_main_verbs" />
      <DataSource connectionString="|DataDirectory|\TestCases\auxiliary_verbs_as_main_verbs.xml" providerInvariantName="Microsoft.VisualStudio.TestTools.DataSource.XML" tableName="sentence" />
    </UnitTest>
    <UnitTest name="special_handling_do_verb" storage="d:\software\project\bnlp\unittest\bin\debug\unittest.dll" id="533e7939-123c-ce84-5c5c-d5a21d1d95b9">
      <DeploymentItems>
        <DeploymentItem filename="..\UnitTest\TestCases\special_handling_do_verb.xml" />
      </DeploymentItems>
      <Execution id="3fa0071b-858d-47dc-8529-20a44b4c0ecd" />
      <TestMethod codeBase="D:/software/Project/BNLP/UnitTest/bin/Debug/UnitTest.DLL" adapterTypeName="Microsoft.VisualStudio.TestTools.TestTypes.Unit.UnitTestAdapter, Microsoft.VisualStudio.QualityTools.Tips.UnitTest.Adapter, Version=10.0.0.0, Culture=neutral, PublicKeyToken=b03f5f7f11d50a3a" className="UnitTest.BnlpTest, UnitTest, Version=1.0.0.0, Culture=neutral, PublicKeyToken=null" name="special_handling_do_verb" />
      <DataSource connectionString="|DataDirectory|\TestCases\special_handling_do_verb.xml" providerInvariantName="Microsoft.VisualStudio.TestTools.DataSource.XML" tableName="sentence" />
    </UnitTest>
    <UnitTest name="interrogative_sentences_whom" storage="d:\software\project\bnlp\unittest\bin\debug\unittest.dll" id="4e91a3b9-9eae-ebff-0b97-303f00578a78">
      <DeploymentItems>
        <DeploymentItem filename="..\UnitTest\TestCases\interrogative_sentences_whom.xml" />
      </DeploymentItems>
      <Execution id="fb5347cd-9475-4af4-8afa-685c52a41bef" />
      <TestMethod codeBase="D:/software/Project/BNLP/UnitTest/bin/Debug/UnitTest.DLL" adapterTypeName="Microsoft.VisualStudio.TestTools.TestTypes.Unit.UnitTestAdapter, Microsoft.VisualStudio.QualityTools.Tips.UnitTest.Adapter, Version=10.0.0.0, Culture=neutral, PublicKeyToken=b03f5f7f11d50a3a" className="UnitTest.BnlpTest, UnitTest, Version=1.0.0.0, Culture=neutral, PublicKeyToken=null" name="interrogative_sentences_whom" />
      <DataSource connectionString="|DataDirectory|\TestCases\interrogative_sentences_whom.xml" providerInvariantName="Microsoft.VisualStudio.TestTools.DataSource.XML" tableName="sentence" />
    </UnitTest>
    <UnitTest name="interrogative_sentences_where" storage="d:\software\project\bnlp\unittest\bin\debug\unittest.dll" id="b9261b51-b0a2-10e2-9308-22bb2624de8b">
      <DeploymentItems>
        <DeploymentItem filename="..\UnitTest\TestCases\interrogative_sentences_where.xml" />
      </DeploymentItems>
      <Execution id="9a9f8f79-2e49-4c5a-a7bb-5e1b4ace5dd3" />
      <TestMethod codeBase="D:/software/Project/BNLP/UnitTest/bin/Debug/UnitTest.DLL" adapterTypeName="Microsoft.VisualStudio.TestTools.TestTypes.Unit.UnitTestAdapter, Microsoft.VisualStudio.QualityTools.Tips.UnitTest.Adapter, Version=10.0.0.0, Culture=neutral, PublicKeyToken=b03f5f7f11d50a3a" className="UnitTest.BnlpTest, UnitTest, Version=1.0.0.0, Culture=neutral, PublicKeyToken=null" name="interrogative_sentences_where" />
      <DataSource connectionString="|DataDirectory|\TestCases\interrogative_sentences_where.xml" providerInvariantName="Microsoft.VisualStudio.TestTools.DataSource.XML" tableName="sentence" />
    </UnitTest>
    <UnitTest name="interrogative_sentences_aux" storage="d:\software\project\bnlp\unittest\bin\debug\unittest.dll" id="39dcb97e-c73f-c645-a77c-64d9eba0a3a3">
      <DeploymentItems>
        <DeploymentItem filename="..\UnitTest\TestCases\interrogative_sentences_aux.xml" />
      </DeploymentItems>
      <Execution id="829438b4-e9e9-4b7e-bf0b-de4fe9fc586f" />
      <TestMethod codeBase="D:/software/Project/BNLP/UnitTest/bin/Debug/UnitTest.DLL" adapterTypeName="Microsoft.VisualStudio.TestTools.TestTypes.Unit.UnitTestAdapter, Microsoft.VisualStudio.QualityTools.Tips.UnitTest.Adapter, Version=10.0.0.0, Culture=neutral, PublicKeyToken=b03f5f7f11d50a3a" className="UnitTest.BnlpTest, UnitTest, Version=1.0.0.0, Culture=neutral, PublicKeyToken=null" name="interrogative_sentences_aux" />
      <DataSource connectionString="|DataDirectory|\TestCases\interrogative_sentences_aux.xml" providerInvariantName="Microsoft.VisualStudio.TestTools.DataSource.XML" tableName="sentence" />
    </UnitTest>
    <UnitTest name="all_persons_tenses_passive" storage="d:\software\project\bnlp\unittest\bin\debug\unittest.dll" id="d766a059-d96c-7b47-e6a6-34931760df96">
      <DeploymentItems>
        <DeploymentItem filename="..\UnitTest\TestCases\all_persons_tenses_passive.xml" />
      </DeploymentItems>
      <Execution id="d3293ca2-f1da-4b18-aef4-b916fcc73001" />
      <TestMethod codeBase="D:/software/Project/BNLP/UnitTest/bin/Debug/UnitTest.DLL" adapterTypeName="Microsoft.VisualStudio.TestTools.TestTypes.Unit.UnitTestAdapter, Microsoft.VisualStudio.QualityTools.Tips.UnitTest.Adapter, Version=10.0.0.0, Culture=neutral, PublicKeyToken=b03f5f7f11d50a3a" className="UnitTest.BnlpTest, UnitTest, Version=1.0.0.0, Culture=neutral, PublicKeyToken=null" name="all_persons_tenses_passive" />
      <DataSource connectionString="|DataDirectory|\TestCases\all_persons_tenses_passive.xml" providerInvariantName="Microsoft.VisualStudio.TestTools.DataSource.XML" tableName="sentence" />
    </UnitTest>
    <UnitTest name="first_person_tenses_active_negation" storage="d:\software\project\bnlp\unittest\bin\debug\unittest.dll" id="15fe5bf6-5078-81a8-0356-385549390bb7">
      <DeploymentItems>
        <DeploymentItem filename="..\UnitTest\TestCases\first_person_tenses_active_negation.xml" />
      </DeploymentItems>
      <Execution id="7528ec3c-87b2-44db-946f-00b67366f216" />
      <TestMethod codeBase="D:/software/Project/BNLP/UnitTest/bin/Debug/UnitTest.DLL" adapterTypeName="Microsoft.VisualStudio.TestTools.TestTypes.Unit.UnitTestAdapter, Microsoft.VisualStudio.QualityTools.Tips.UnitTest.Adapter, Version=10.0.0.0, Culture=neutral, PublicKeyToken=b03f5f7f11d50a3a" className="UnitTest.BnlpTest, UnitTest, Version=1.0.0.0, Culture=neutral, PublicKeyToken=null" name="first_person_tenses_active_negation" />
      <DataSource connectionString="|DataDirectory|\TestCases\first_person_tenses_active_negation.xml" providerInvariantName="Microsoft.VisualStudio.TestTools.DataSource.XML" tableName="sentence" />
    </UnitTest>
  </TestDefinitions>
  <TestLists>
    <TestList name="Results Not in a List" id="8c84fa94-04c1-424b-9868-57a2d4851a1d" />
    <TestList name="All Loaded Results" id="19431567-8539-422a-85d7-44ee4e166bda" />
  </TestLists>
  <TestEntries>
    <TestEntry testId="0bc2f98c-98f5-f190-c78c-c00d94c547a1" executionId="f1348c4d-634b-43d9-b6aa-c0cf83624c7e" testListId="8c84fa94-04c1-424b-9868-57a2d4851a1d" />
    <TestEntry testId="0f337a75-1a2d-d9c3-6c5f-23ed2604b69d" executionId="27e86266-1bab-468c-8d09-c9ad5952c5ef" testListId="8c84fa94-04c1-424b-9868-57a2d4851a1d" />
    <TestEntry testId="0f33848d-a900-d644-7498-2526887b5425" executionId="49b730a3-a978-4023-9c72-6371c3475fa6" testListId="8c84fa94-04c1-424b-9868-57a2d4851a1d" />
    <TestEntry testId="15fe5bf6-5078-81a8-0356-385549390bb7" executionId="7528ec3c-87b2-44db-946f-00b67366f216" testListId="8c84fa94-04c1-424b-9868-57a2d4851a1d" />
    <TestEntry testId="1b04a6d6-5350-792c-8eba-a46a0eb28949" executionId="22c0cf4b-0f81-4a2f-b4ba-f0ff238f67c1" testListId="8c84fa94-04c1-424b-9868-57a2d4851a1d" />
    <TestEntry testId="1d63c318-78a9-9011-f5c0-0b01884a2881" executionId="7e1813ff-e1e5-4377-a945-983af4c6fed7" testListId="8c84fa94-04c1-424b-9868-57a2d4851a1d" />
    <TestEntry testId="227f20ae-8e76-eb71-39b2-4ada3ce6aba8" executionId="a13c7122-e725-45dd-a5f0-3f49dba81a3d" testListId="8c84fa94-04c1-424b-9868-57a2d4851a1d" />
    <TestEntry testId="30ab3285-6a8c-14d2-9725-bd60892ccd90" executionId="7b591785-1673-481a-b5c9-a7c81072d49f" testListId="8c84fa94-04c1-424b-9868-57a2d4851a1d" />
    <TestEntry testId="32b5d279-0d23-e5ad-0301-234c8788f740" executionId="8c30502d-51b6-4c7b-a417-b18a2fd90cb8" testListId="8c84fa94-04c1-424b-9868-57a2d4851a1d" />
    <TestEntry testId="39dcb97e-c73f-c645-a77c-64d9eba0a3a3" executionId="829438b4-e9e9-4b7e-bf0b-de4fe9fc586f" testListId="8c84fa94-04c1-424b-9868-57a2d4851a1d" />
    <TestEntry testId="4e91a3b9-9eae-ebff-0b97-303f00578a78" executionId="fb5347cd-9475-4af4-8afa-685c52a41bef" testListId="8c84fa94-04c1-424b-9868-57a2d4851a1d" />
    <TestEntry testId="533e7939-123c-ce84-5c5c-d5a21d1d95b9" executionId="3fa0071b-858d-47dc-8529-20a44b4c0ecd" testListId="8c84fa94-04c1-424b-9868-57a2d4851a1d" />
    <TestEntry testId="642ce34f-0ed4-f995-637b-09297c832f2a" executionId="0a1de93e-b7be-45e4-9f23-e18112d6ac58" testListId="8c84fa94-04c1-424b-9868-57a2d4851a1d" />
    <TestEntry testId="783915fe-114a-e353-78dd-56e92a60f942" executionId="2b24ac6b-29ce-488b-abcb-b12b51de9b41" testListId="8c84fa94-04c1-424b-9868-57a2d4851a1d" />
    <TestEntry testId="7f7910d1-dc89-39b4-b4cf-d9e6d7af9420" executionId="c2cce0fd-55c2-4f84-bb2b-63f964df28f6" testListId="8c84fa94-04c1-424b-9868-57a2d4851a1d" />
    <TestEntry testId="83c68223-dcaa-51dd-423f-434210a59f77" executionId="ea71f552-8d9f-4815-adc7-c08dda4d440b" testListId="8c84fa94-04c1-424b-9868-57a2d4851a1d" />
    <TestEntry testId="8fe5ccb3-a3f4-0f61-ad21-e94ef029e900" executionId="1b7f03ff-f3f7-4929-8064-a11cd0629c63" testListId="8c84fa94-04c1-424b-9868-57a2d4851a1d" />
    <TestEntry testId="921e6ab0-d7c2-6005-e523-6fd2d5e1a723" executionId="99822561-8a58-44e2-82de-8cd737d3e274" testListId="8c84fa94-04c1-424b-9868-57a2d4851a1d" />
    <TestEntry testId="9319d01e-de3e-d310-c76e-cae8dce4c924" executionId="7d34dd76-c28f-4f22-9df8-a0d037354685" testListId="8c84fa94-04c1-424b-9868-57a2d4851a1d" />
    <TestEntry testId="97a1371f-e8e6-db3e-323e-49ffeef32df1" executionId="b3f1d940-637d-47d2-a1d5-8ade7bc2025d" testListId="8c84fa94-04c1-424b-9868-57a2d4851a1d" />
    <TestEntry testId="b9261b51-b0a2-10e2-9308-22bb2624de8b" executionId="9a9f8f79-2e49-4c5a-a7bb-5e1b4ace5dd3" testListId="8c84fa94-04c1-424b-9868-57a2d4851a1d" />
    <TestEntry testId="bdfe92b2-f4ac-73a5-f13d-5c1ea13721b4" executionId="8bc17358-882e-4561-80cc-1ab90078af57" testListId="8c84fa94-04c1-424b-9868-57a2d4851a1d" />
    <TestEntry testId="c79146bc-2376-961a-5de9-441b5dfc7188" executionId="62fc938f-7fd0-4bc0-8812-0a412ccde756" testListId="8c84fa94-04c1-424b-9868-57a2d4851a1d" />
    <TestEntry testId="d03eb628-bf1f-c27d-aeef-e708d613d686" executionId="ab8a118a-91fe-4db1-964c-eea63c842019" testListId="8c84fa94-04c1-424b-9868-57a2d4851a1d" />
    <TestEntry testId="d766a059-d96c-7b47-e6a6-34931760df96" executionId="d3293ca2-f1da-4b18-aef4-b916fcc73001" testListId="8c84fa94-04c1-424b-9868-57a2d4851a1d" />
    <TestEntry testId="fe3e63ab-391c-e168-48d0-431b85a7b898" executionId="6324583e-666f-46ca-8780-3e76c7c67772" testListId="8c84fa94-04c1-424b-9868-57a2d4851a1d" />
  </TestEntries>
  <Results>
    <UnitTestResult executionId="f1348c4d-634b-43d9-b6aa-c0cf83624c7e" testId="0bc2f98c-98f5-f190-c78c-c00d94c547a1" testName="third_person_tenses_active" computerName="ARPAN-LAP" duration="00:00:18.0402822" startTime="2014-06-25T20:30:38.7675720+05:30" endTime="2014-06-25T20:30:57.2106268+05:30" testType="13cdc9d9-ddb5-4fa4-a97d-d965ccfc6d4b" outcome="Failed" testListId="8c84fa94-04c1-424b-9868-57a2d4851a1d" relativeResultsDirectory="f1348c4d-634b-43d9-b6aa-c0cf83624c7e" resultType="DataDrivenTest">
      <Counters error="0" failed="3" timeout="0" aborted="0" inconclusive="0" passedButRunAborted="0" notRunnable="0" notExecuted="0" disconnected="0" warning="0" passed="7" completed="0" inProgress="0" pending="0" />
      <InnerResults>
        <UnitTestResult executionId="1e263766-2abe-4cba-8057-4714a061edfc" parentExecutionId="f1348c4d-634b-43d9-b6aa-c0cf83624c7e" testId="0bc2f98c-98f5-f190-c78c-c00d94c547a1" testName="third_person_tenses_active" computerName="ARPAN-LAP" duration="00:00:17.6157183" startTime="2014-06-25T20:30:39.1215922+05:30" endTime="2014-06-25T20:30:56.7436001+05:30" testType="13cdc9d9-ddb5-4fa4-a97d-d965ccfc6d4b" outcome="Passed" testListId="8c84fa94-04c1-424b-9868-57a2d4851a1d" relativeResultsDirectory="f1348c4d-634b-43d9-b6aa-c0cf83624c7e" dataRowInfo="0" resultType="DataDrivenDataRow" />
        <UnitTestResult executionId="6712ade4-5fa5-4f53-b048-6cc8e152e1b6" parentExecutionId="f1348c4d-634b-43d9-b6aa-c0cf83624c7e" testId="0bc2f98c-98f5-f190-c78c-c00d94c547a1" testName="third_person_tenses_active" computerName="ARPAN-LAP" duration="00:00:00.0723979" startTime="2014-06-25T20:30:56.7436001+05:30" endTime="2014-06-25T20:30:56.8166043+05:30" testType="13cdc9d9-ddb5-4fa4-a97d-d965ccfc6d4b" outcome="Passed" testListId="8c84fa94-04c1-424b-9868-57a2d4851a1d" relativeResultsDirectory="f1348c4d-634b-43d9-b6aa-c0cf83624c7e" dataRowInfo="1" resultType="DataDrivenDataRow" />
        <UnitTestResult executionId="5302f4ae-27ea-4700-a9f2-447205bc0f65" parentExecutionId="f1348c4d-634b-43d9-b6aa-c0cf83624c7e" testId="0bc2f98c-98f5-f190-c78c-c00d94c547a1" testName="third_person_tenses_active" computerName="ARPAN-LAP" duration="00:00:00.0904793" startTime="2014-06-25T20:30:56.8166043+05:30" endTime="2014-06-25T20:30:56.9066094+05:30" testType="13cdc9d9-ddb5-4fa4-a97d-d965ccfc6d4b" outcome="Failed" testListId="8c84fa94-04c1-424b-9868-57a2d4851a1d" relativeResultsDirectory="f1348c4d-634b-43d9-b6aa-c0cf83624c7e" dataRowInfo="2" resultType="DataDrivenDataRow">
          <Output>
            <ErrorInfo>
              <Message>Assert.AreEqual failed. Expected:&lt;সে কাজ করেছে ।&gt;. Actual:&lt;সে কাজ করেনি ।&gt;. She has worked.</Message>
              <StackTrace>   at UnitTest.BnlpTest.third_person_tenses_active() in D:\software\Project\BNLP\UnitTest\BnlpTest.cs:line 490
</StackTrace>
            </ErrorInfo>
          </Output>
        </UnitTestResult>
        <UnitTestResult executionId="97c91b3f-5413-471f-9945-16d5c8855a50" parentExecutionId="f1348c4d-634b-43d9-b6aa-c0cf83624c7e" testId="0bc2f98c-98f5-f190-c78c-c00d94c547a1" testName="third_person_tenses_active" computerName="ARPAN-LAP" duration="00:00:00.0846471" startTime="2014-06-25T20:30:56.9066094+05:30" endTime="2014-06-25T20:30:56.9916143+05:30" testType="13cdc9d9-ddb5-4fa4-a97d-d965ccfc6d4b" outcome="Passed" testListId="8c84fa94-04c1-424b-9868-57a2d4851a1d" relativeResultsDirectory="f1348c4d-634b-43d9-b6aa-c0cf83624c7e" dataRowInfo="3" resultType="DataDrivenDataRow" />
        <UnitTestResult executionId="e32fedd7-1db3-4a8d-ab7c-987c47fd257d" parentExecutionId="f1348c4d-634b-43d9-b6aa-c0cf83624c7e" testId="0bc2f98c-98f5-f190-c78c-c00d94c547a1" testName="third_person_tenses_active" computerName="ARPAN-LAP" duration="00:00:00.0199604" startTime="2014-06-25T20:30:56.9916143+05:30" endTime="2014-06-25T20:30:57.0116155+05:30" testType="13cdc9d9-ddb5-4fa4-a97d-d965ccfc6d4b" outcome="Failed" testListId="8c84fa94-04c1-424b-9868-57a2d4851a1d" relativeResultsDirectory="f1348c4d-634b-43d9-b6aa-c0cf83624c7e" dataRowInfo="4" resultType="DataDrivenDataRow">
          <Output>
            <ErrorInfo>
              <Message>Assert.AreEqual failed. Expected:&lt;সে কাজ করেছিল ।&gt;. Actual:&lt;সে কাজ করেনি ।&gt;. She worked.</Message>
              <StackTrace>   at UnitTest.BnlpTest.third_person_tenses_active() in D:\software\Project\BNLP\UnitTest\BnlpTest.cs:line 490
</StackTrace>
            </ErrorInfo>
          </Output>
        </UnitTestResult>
        <UnitTestResult executionId="015a14a2-ef89-45f2-8285-67b610c09471" parentExecutionId="f1348c4d-634b-43d9-b6aa-c0cf83624c7e" testId="0bc2f98c-98f5-f190-c78c-c00d94c547a1" testName="third_person_tenses_active" computerName="ARPAN-LAP" duration="00:00:00.0215023" startTime="2014-06-25T20:30:57.0116155+05:30" endTime="2014-06-25T20:30:57.0336167+05:30" testType="13cdc9d9-ddb5-4fa4-a97d-d965ccfc6d4b" outcome="Passed" testListId="8c84fa94-04c1-424b-9868-57a2d4851a1d" relativeResultsDirectory="f1348c4d-634b-43d9-b6aa-c0cf83624c7e" dataRowInfo="5" resultType="DataDrivenDataRow" />
        <UnitTestResult executionId="d83bab7b-3220-4fae-9f49-91420b787fb0" parentExecutionId="f1348c4d-634b-43d9-b6aa-c0cf83624c7e" testId="0bc2f98c-98f5-f190-c78c-c00d94c547a1" testName="third_person_tenses_active" computerName="ARPAN-LAP" duration="00:00:00.0217815" startTime="2014-06-25T20:30:57.0336167+05:30" endTime="2014-06-25T20:30:57.0546179+05:30" testType="13cdc9d9-ddb5-4fa4-a97d-d965ccfc6d4b" outcome="Failed" testListId="8c84fa94-04c1-424b-9868-57a2d4851a1d" relativeResultsDirectory="f1348c4d-634b-43d9-b6aa-c0cf83624c7e" dataRowInfo="6" resultType="DataDrivenDataRow">
          <Output>
            <ErrorInfo>
              <Message>Assert.AreEqual failed. Expected:&lt;সে কাজ করেছিল ।&gt;. Actual:&lt;সে কাজ করেনি ।&gt;. She had worked.</Message>
              <StackTrace>   at UnitTest.BnlpTest.third_person_tenses_active() in D:\software\Project\BNLP\UnitTest\BnlpTest.cs:line 490
</StackTrace>
            </ErrorInfo>
          </Output>
        </UnitTestResult>
        <UnitTestResult executionId="78342a96-00b4-4784-9ab7-003cd78c0596" parentExecutionId="f1348c4d-634b-43d9-b6aa-c0cf83624c7e" testId="0bc2f98c-98f5-f190-c78c-c00d94c547a1" testName="third_person_tenses_active" computerName="ARPAN-LAP" duration="00:00:00.0543201" startTime="2014-06-25T20:30:57.0546179+05:30" endTime="2014-06-25T20:30:57.1096211+05:30" testType="13cdc9d9-ddb5-4fa4-a97d-d965ccfc6d4b" outcome="Passed" testListId="8c84fa94-04c1-424b-9868-57a2d4851a1d" relativeResultsDirectory="f1348c4d-634b-43d9-b6aa-c0cf83624c7e" dataRowInfo="7" resultType="DataDrivenDataRow" />
        <UnitTestResult executionId="2c86f2a1-fd09-47c9-adff-fbe6c792f3ca" parentExecutionId="f1348c4d-634b-43d9-b6aa-c0cf83624c7e" testId="0bc2f98c-98f5-f190-c78c-c00d94c547a1" testName="third_person_tenses_active" computerName="ARPAN-LAP" duration="00:00:00.0192947" startTime="2014-06-25T20:30:57.1096211+05:30" endTime="2014-06-25T20:30:57.1286221+05:30" testType="13cdc9d9-ddb5-4fa4-a97d-d965ccfc6d4b" outcome="Passed" testListId="8c84fa94-04c1-424b-9868-57a2d4851a1d" relativeResultsDirectory="f1348c4d-634b-43d9-b6aa-c0cf83624c7e" dataRowInfo="8" resultType="DataDrivenDataRow" />
        <UnitTestResult executionId="67a3f756-6d66-42a8-9365-96f924c61433" parentExecutionId="f1348c4d-634b-43d9-b6aa-c0cf83624c7e" testId="0bc2f98c-98f5-f190-c78c-c00d94c547a1" testName="third_person_tenses_active" computerName="ARPAN-LAP" duration="00:00:00.0218549" startTime="2014-06-25T20:30:57.1286221+05:30" endTime="2014-06-25T20:30:57.1506234+05:30" testType="13cdc9d9-ddb5-4fa4-a97d-d965ccfc6d4b" outcome="Passed" testListId="8c84fa94-04c1-424b-9868-57a2d4851a1d" relativeResultsDirectory="f1348c4d-634b-43d9-b6aa-c0cf83624c7e" dataRowInfo="9" resultType="DataDrivenDataRow" />
      </InnerResults>
    </UnitTestResult>
    <UnitTestResult executionId="27e86266-1bab-468c-8d09-c9ad5952c5ef" testId="0f337a75-1a2d-d9c3-6c5f-23ed2604b69d" testName="prepositions_made_with_two_words" computerName="ARPAN-LAP" duration="00:00:00.1540963" startTime="2014-06-25T20:30:57.2336281+05:30" endTime="2014-06-25T20:30:57.4126384+05:30" testType="13cdc9d9-ddb5-4fa4-a97d-d965ccfc6d4b" outcome="Failed" testListId="8c84fa94-04c1-424b-9868-57a2d4851a1d" relativeResultsDirectory="27e86266-1bab-468c-8d09-c9ad5952c5ef" resultType="DataDrivenTest">
      <Counters error="0" failed="1" timeout="0" aborted="0" inconclusive="0" passedButRunAborted="0" notRunnable="0" notExecuted="0" disconnected="0" warning="0" passed="2" completed="0" inProgress="0" pending="0" />
      <InnerResults>
        <UnitTestResult executionId="e093d3c1-a1a7-4b46-b4f0-8866168f8450" parentExecutionId="27e86266-1bab-468c-8d09-c9ad5952c5ef" testId="0f337a75-1a2d-d9c3-6c5f-23ed2604b69d" testName="prepositions_made_with_two_words" computerName="ARPAN-LAP" duration="00:00:00.0441179" startTime="2014-06-25T20:30:57.2626298+05:30" endTime="2014-06-25T20:30:57.3066323+05:30" testType="13cdc9d9-ddb5-4fa4-a97d-d965ccfc6d4b" outcome="Failed" testListId="8c84fa94-04c1-424b-9868-57a2d4851a1d" relativeResultsDirectory="27e86266-1bab-468c-8d09-c9ad5952c5ef" dataRowInfo="0" resultType="DataDrivenDataRow">
          <Output>
            <ErrorInfo>
              <Message>Assert.AreEqual failed. Expected:&lt;আপনি নিয়ম অনুসারে কাজ করতে পারেন না ।&gt;. Actual:&lt;আপনার না নিয়ম অনুসারে কাজ করা যাবে ।&gt;. You cannot work according to the rules.</Message>
              <StackTrace>   at UnitTest.BnlpTest.prepositions_made_with_two_words() in D:\software\Project\BNLP\UnitTest\BnlpTest.cs:line 418
</StackTrace>
            </ErrorInfo>
          </Output>
        </UnitTestResult>
        <UnitTestResult executionId="f1f37864-e890-4c7c-9862-b5afda5b4549" parentExecutionId="27e86266-1bab-468c-8d09-c9ad5952c5ef" testId="0f337a75-1a2d-d9c3-6c5f-23ed2604b69d" testName="prepositions_made_with_two_words" computerName="ARPAN-LAP" duration="00:00:00.0489667" startTime="2014-06-25T20:30:57.3066323+05:30" endTime="2014-06-25T20:30:57.3556351+05:30" testType="13cdc9d9-ddb5-4fa4-a97d-d965ccfc6d4b" outcome="Passed" testListId="8c84fa94-04c1-424b-9868-57a2d4851a1d" relativeResultsDirectory="27e86266-1bab-468c-8d09-c9ad5952c5ef" dataRowInfo="1" resultType="DataDrivenDataRow" />
        <UnitTestResult executionId="5d80ddc8-29cd-4535-88b3-28bdf8de7fa8" parentExecutionId="27e86266-1bab-468c-8d09-c9ad5952c5ef" testId="0f337a75-1a2d-d9c3-6c5f-23ed2604b69d" testName="prepositions_made_with_two_words" computerName="ARPAN-LAP" duration="00:00:00.0450608" startTime="2014-06-25T20:30:57.3556351+05:30" endTime="2014-06-25T20:30:57.4006377+05:30" testType="13cdc9d9-ddb5-4fa4-a97d-d965ccfc6d4b" outcome="Passed" testListId="8c84fa94-04c1-424b-9868-57a2d4851a1d" relativeResultsDirectory="27e86266-1bab-468c-8d09-c9ad5952c5ef" dataRowInfo="2" resultType="DataDrivenDataRow" />
      </InnerResults>
    </UnitTestResult>
    <UnitTestResult executionId="49b730a3-a978-4023-9c72-6371c3475fa6" testId="0f33848d-a900-d644-7498-2526887b5425" testName="prepositions_made_with_three_words" computerName="ARPAN-LAP" duration="00:00:00.2070712" startTime="2014-06-25T20:30:57.4156386+05:30" endTime="2014-06-25T20:30:57.6426515+05:30" testType="13cdc9d9-ddb5-4fa4-a97d-d965ccfc6d4b" outcome="Failed" testListId="8c84fa94-04c1-424b-9868-57a2d4851a1d" relativeResultsDirectory="49b730a3-a978-4023-9c72-6371c3475fa6" resultType="DataDrivenTest">
      <Counters error="0" failed="2" timeout="0" aborted="0" inconclusive="0" passedButRunAborted="0" notRunnable="0" notExecuted="0" disconnected="0" warning="0" passed="2" completed="0" inProgress="0" pending="0" />
      <InnerResults>
        <UnitTestResult executionId="d2a9c2a1-3bbe-458a-9734-60d1b5ad5b07" parentExecutionId="49b730a3-a978-4023-9c72-6371c3475fa6" testId="0f33848d-a900-d644-7498-2526887b5425" testName="prepositions_made_with_three_words" computerName="ARPAN-LAP" duration="00:00:00.0392429" startTime="2014-06-25T20:30:57.4386399+05:30" endTime="2014-06-25T20:30:57.4776421+05:30" testType="13cdc9d9-ddb5-4fa4-a97d-d965ccfc6d4b" outcome="Passed" testListId="8c84fa94-04c1-424b-9868-57a2d4851a1d" relativeResultsDirectory="49b730a3-a978-4023-9c72-6371c3475fa6" dataRowInfo="0" resultType="DataDrivenDataRow" />
        <UnitTestResult executionId="c370aefb-c181-4cc5-8d41-131dc0b0e599" parentExecutionId="49b730a3-a978-4023-9c72-6371c3475fa6" testId="0f33848d-a900-d644-7498-2526887b5425" testName="prepositions_made_with_three_words" computerName="ARPAN-LAP" duration="00:00:00.0527244" startTime="2014-06-25T20:30:57.4776421+05:30" endTime="2014-06-25T20:30:57.5306451+05:30" testType="13cdc9d9-ddb5-4fa4-a97d-d965ccfc6d4b" outcome="Failed" testListId="8c84fa94-04c1-424b-9868-57a2d4851a1d" relativeResultsDirectory="49b730a3-a978-4023-9c72-6371c3475fa6" dataRowInfo="1" resultType="DataDrivenDataRow">
          <Output>
            <ErrorInfo>
              <Message>Assert.AreEqual failed. Expected:&lt;আপনি কাগজ ও কলম পাতে পারেন ।&gt;. Actual:&lt;আপনাকে কাগজ ও কলম পাতে পারেন ।&gt;. You can get pen as well as paper.</Message>
              <StackTrace>   at UnitTest.BnlpTest.prepositions_made_with_three_words() in D:\software\Project\BNLP\UnitTest\BnlpTest.cs:line 400
</StackTrace>
            </ErrorInfo>
          </Output>
        </UnitTestResult>
        <UnitTestResult executionId="d0348f33-c0c0-48d3-bfa3-630d1524fe23" parentExecutionId="49b730a3-a978-4023-9c72-6371c3475fa6" testId="0f33848d-a900-d644-7498-2526887b5425" testName="prepositions_made_with_three_words" computerName="ARPAN-LAP" duration="00:00:00.0526710" startTime="2014-06-25T20:30:57.5306451+05:30" endTime="2014-06-25T20:30:57.5826481+05:30" testType="13cdc9d9-ddb5-4fa4-a97d-d965ccfc6d4b" outcome="Failed" testListId="8c84fa94-04c1-424b-9868-57a2d4851a1d" relativeResultsDirectory="49b730a3-a978-4023-9c72-6371c3475fa6" dataRowInfo="2" resultType="DataDrivenDataRow">
          <Output>
            <ErrorInfo>
              <Message>Assert.AreEqual failed. Expected:&lt;আপনি ভৌত মাধ্যম ব্যবহার করে তথ্য স্থানান্তর করতে পারেন ।&gt;. Actual:&lt;আপনাকে ভৌত মাধ্যম ব্যবহার করে তথ্য স্থানান্তর করতে পারেন ।&gt;. You can transfer information by means of physical medium.</Message>
              <StackTrace>   at UnitTest.BnlpTest.prepositions_made_with_three_words() in D:\software\Project\BNLP\UnitTest\BnlpTest.cs:line 400
</StackTrace>
            </ErrorInfo>
          </Output>
        </UnitTestResult>
        <UnitTestResult executionId="d1e53d7c-5bf7-4e65-bfb1-7bced2869d25" parentExecutionId="49b730a3-a978-4023-9c72-6371c3475fa6" testId="0f33848d-a900-d644-7498-2526887b5425" testName="prepositions_made_with_three_words" computerName="ARPAN-LAP" duration="00:00:00.0443976" startTime="2014-06-25T20:30:57.5826481+05:30" endTime="2014-06-25T20:30:57.6276507+05:30" testType="13cdc9d9-ddb5-4fa4-a97d-d965ccfc6d4b" outcome="Passed" testListId="8c84fa94-04c1-424b-9868-57a2d4851a1d" relativeResultsDirectory="49b730a3-a978-4023-9c72-6371c3475fa6" dataRowInfo="3" resultType="DataDrivenDataRow" />
      </InnerResults>
    </UnitTestResult>
    <UnitTestResult executionId="7528ec3c-87b2-44db-946f-00b67366f216" testId="15fe5bf6-5078-81a8-0356-385549390bb7" testName="first_person_tenses_active_negation" computerName="ARPAN-LAP" duration="00:00:00.3254678" startTime="2014-06-25T20:30:57.6546522+05:30" endTime="2014-06-25T20:30:58.0146728+05:30" testType="13cdc9d9-ddb5-4fa4-a97d-d965ccfc6d4b" outcome="Failed" testListId="8c84fa94-04c1-424b-9868-57a2d4851a1d" relativeResultsDirectory="7528ec3c-87b2-44db-946f-00b67366f216" resultType="DataDrivenTest">
      <Counters error="0" failed="10" timeout="0" aborted="0" inconclusive="0" passedButRunAborted="0" notRunnable="0" notExecuted="0" disconnected="0" warning="0" passed="0" completed="0" inProgress="0" pending="0" />
      <InnerResults>
        <UnitTestResult executionId="93b3889d-1205-4ced-b3a8-722ed3d0517c" parentExecutionId="7528ec3c-87b2-44db-946f-00b67366f216" testId="15fe5bf6-5078-81a8-0356-385549390bb7" testName="first_person_tenses_active_negation" computerName="ARPAN-LAP" duration="00:00:00.0299209" startTime="2014-06-25T20:30:57.6776535+05:30" endTime="2014-06-25T20:30:57.7076553+05:30" testType="13cdc9d9-ddb5-4fa4-a97d-d965ccfc6d4b" outcome="Failed" testListId="8c84fa94-04c1-424b-9868-57a2d4851a1d" relativeResultsDirectory="7528ec3c-87b2-44db-946f-00b67366f216" dataRowInfo="0" resultType="DataDrivenDataRow">
          <Output>
            <ErrorInfo>
              <Message>Assert.AreEqual failed. Expected:&lt;আমি কাজ করি না ।&gt;. Actual:&lt;আমাকে না কাজ করা হয় ।&gt;. I do not work.</Message>
              <StackTrace>   at UnitTest.BnlpTest.first_person_tenses_active_negation() in D:\software\Project\BNLP\UnitTest\BnlpTest.cs:line 220
</StackTrace>
            </ErrorInfo>
          </Output>
        </UnitTestResult>
        <UnitTestResult executionId="c8829784-392e-47c2-bafe-3ec79199b665" parentExecutionId="7528ec3c-87b2-44db-946f-00b67366f216" testId="15fe5bf6-5078-81a8-0356-385549390bb7" testName="first_person_tenses_active_negation" computerName="ARPAN-LAP" duration="00:00:00.0298080" startTime="2014-06-25T20:30:57.7076553+05:30" endTime="2014-06-25T20:30:57.7366569+05:30" testType="13cdc9d9-ddb5-4fa4-a97d-d965ccfc6d4b" outcome="Failed" testListId="8c84fa94-04c1-424b-9868-57a2d4851a1d" relativeResultsDirectory="7528ec3c-87b2-44db-946f-00b67366f216" dataRowInfo="1" resultType="DataDrivenDataRow">
          <Output>
            <ErrorInfo>
              <Message>Assert.AreEqual failed. Expected:&lt;আমি কাজ করছি না ।&gt;. Actual:&lt;আমাকে না কাজ করা হচ্ছে ।&gt;. I am not working.</Message>
              <StackTrace>   at UnitTest.BnlpTest.first_person_tenses_active_negation() in D:\software\Project\BNLP\UnitTest\BnlpTest.cs:line 220
</StackTrace>
            </ErrorInfo>
          </Output>
        </UnitTestResult>
        <UnitTestResult executionId="2f140dfd-efb6-461f-9bd6-4f29ff7bd44f" parentExecutionId="7528ec3c-87b2-44db-946f-00b67366f216" testId="15fe5bf6-5078-81a8-0356-385549390bb7" testName="first_person_tenses_active_negation" computerName="ARPAN-LAP" duration="00:00:00.0300636" startTime="2014-06-25T20:30:57.7366569+05:30" endTime="2014-06-25T20:30:57.7676587+05:30" testType="13cdc9d9-ddb5-4fa4-a97d-d965ccfc6d4b" outcome="Failed" testListId="8c84fa94-04c1-424b-9868-57a2d4851a1d" relativeResultsDirectory="7528ec3c-87b2-44db-946f-00b67366f216" dataRowInfo="2" resultType="DataDrivenDataRow">
          <Output>
            <ErrorInfo>
              <Message>Assert.AreEqual failed. Expected:&lt;আমি কাজ করিনি ।&gt;. Actual:&lt;আমাকে না কাজ করা হয়েছে ।&gt;. I have not worked.</Message>
              <StackTrace>   at UnitTest.BnlpTest.first_person_tenses_active_negation() in D:\software\Project\BNLP\UnitTest\BnlpTest.cs:line 220
</StackTrace>
            </ErrorInfo>
          </Output>
        </UnitTestResult>
        <UnitTestResult executionId="5d290a87-63b4-4d36-b7b5-03ca6e748a7b" parentExecutionId="7528ec3c-87b2-44db-946f-00b67366f216" testId="15fe5bf6-5078-81a8-0356-385549390bb7" testName="first_person_tenses_active_negation" computerName="ARPAN-LAP" duration="00:00:00.0365919" startTime="2014-06-25T20:30:57.7676587+05:30" endTime="2014-06-25T20:30:57.8036608+05:30" testType="13cdc9d9-ddb5-4fa4-a97d-d965ccfc6d4b" outcome="Failed" testListId="8c84fa94-04c1-424b-9868-57a2d4851a1d" relativeResultsDirectory="7528ec3c-87b2-44db-946f-00b67366f216" dataRowInfo="3" resultType="DataDrivenDataRow">
          <Output>
            <ErrorInfo>
              <Message>Assert.AreEqual failed. Expected:&lt;আমি কাজ করছি না ।&gt;. Actual:&lt;আমি না কাজ করছি ।&gt;. I have not been working.</Message>
              <StackTrace>   at UnitTest.BnlpTest.first_person_tenses_active_negation() in D:\software\Project\BNLP\UnitTest\BnlpTest.cs:line 220
</StackTrace>
            </ErrorInfo>
          </Output>
        </UnitTestResult>
        <UnitTestResult executionId="004d2ea3-fd65-4008-9b73-efa078e9da91" parentExecutionId="7528ec3c-87b2-44db-946f-00b67366f216" testId="15fe5bf6-5078-81a8-0356-385549390bb7" testName="first_person_tenses_active_negation" computerName="ARPAN-LAP" duration="00:00:00.0297033" startTime="2014-06-25T20:30:57.8036608+05:30" endTime="2014-06-25T20:30:57.8336625+05:30" testType="13cdc9d9-ddb5-4fa4-a97d-d965ccfc6d4b" outcome="Failed" testListId="8c84fa94-04c1-424b-9868-57a2d4851a1d" relativeResultsDirectory="7528ec3c-87b2-44db-946f-00b67366f216" dataRowInfo="4" resultType="DataDrivenDataRow">
          <Output>
            <ErrorInfo>
              <Message>Assert.AreEqual failed. Expected:&lt;আমি কাজ করিনি ।&gt;. Actual:&lt;আমাকে না কাজ করা হয়েছিল ।&gt;. I did not work.</Message>
              <StackTrace>   at UnitTest.BnlpTest.first_person_tenses_active_negation() in D:\software\Project\BNLP\UnitTest\BnlpTest.cs:line 220
</StackTrace>
            </ErrorInfo>
          </Output>
        </UnitTestResult>
        <UnitTestResult executionId="2e1db259-6414-4e82-923d-2269ddf26bd7" parentExecutionId="7528ec3c-87b2-44db-946f-00b67366f216" testId="15fe5bf6-5078-81a8-0356-385549390bb7" testName="first_person_tenses_active_negation" computerName="ARPAN-LAP" duration="00:00:00.0266037" startTime="2014-06-25T20:30:57.8336625+05:30" endTime="2014-06-25T20:30:57.8606640+05:30" testType="13cdc9d9-ddb5-4fa4-a97d-d965ccfc6d4b" outcome="Failed" testListId="8c84fa94-04c1-424b-9868-57a2d4851a1d" relativeResultsDirectory="7528ec3c-87b2-44db-946f-00b67366f216" dataRowInfo="5" resultType="DataDrivenDataRow">
          <Output>
            <ErrorInfo>
              <Message>Assert.AreEqual failed. Expected:&lt;আমি কাজ করছিলাম না ।&gt;. Actual:&lt;আমাকে না কাজ করা হচ্ছিল ।&gt;. I was not working.</Message>
              <StackTrace>   at UnitTest.BnlpTest.first_person_tenses_active_negation() in D:\software\Project\BNLP\UnitTest\BnlpTest.cs:line 220
</StackTrace>
            </ErrorInfo>
          </Output>
        </UnitTestResult>
        <UnitTestResult executionId="885c87b8-1f1c-46bc-848b-6dd34606bc3d" parentExecutionId="7528ec3c-87b2-44db-946f-00b67366f216" testId="15fe5bf6-5078-81a8-0356-385549390bb7" testName="first_person_tenses_active_negation" computerName="ARPAN-LAP" duration="00:00:00.0297680" startTime="2014-06-25T20:30:57.8606640+05:30" endTime="2014-06-25T20:30:57.8896657+05:30" testType="13cdc9d9-ddb5-4fa4-a97d-d965ccfc6d4b" outcome="Failed" testListId="8c84fa94-04c1-424b-9868-57a2d4851a1d" relativeResultsDirectory="7528ec3c-87b2-44db-946f-00b67366f216" dataRowInfo="6" resultType="DataDrivenDataRow">
          <Output>
            <ErrorInfo>
              <Message>Assert.AreEqual failed. Expected:&lt;আমি কাজ করিনি ।&gt;. Actual:&lt;আমাকে না কাজ করা হয়েছিল ।&gt;. I had not worked.</Message>
              <StackTrace>   at UnitTest.BnlpTest.first_person_tenses_active_negation() in D:\software\Project\BNLP\UnitTest\BnlpTest.cs:line 220
</StackTrace>
            </ErrorInfo>
          </Output>
        </UnitTestResult>
        <UnitTestResult executionId="1588290c-b717-4459-8c8e-8aba458a75df" parentExecutionId="7528ec3c-87b2-44db-946f-00b67366f216" testId="15fe5bf6-5078-81a8-0356-385549390bb7" testName="first_person_tenses_active_negation" computerName="ARPAN-LAP" duration="00:00:00.0351614" startTime="2014-06-25T20:30:57.8896657+05:30" endTime="2014-06-25T20:30:57.9256677+05:30" testType="13cdc9d9-ddb5-4fa4-a97d-d965ccfc6d4b" outcome="Failed" testListId="8c84fa94-04c1-424b-9868-57a2d4851a1d" relativeResultsDirectory="7528ec3c-87b2-44db-946f-00b67366f216" dataRowInfo="7" resultType="DataDrivenDataRow">
          <Output>
            <ErrorInfo>
              <Message>Assert.AreEqual failed. Expected:&lt;আমি কাজ করছিলাম না ।&gt;. Actual:&lt;আমি না কাজ করছিলাম ।&gt;. I had not been working.</Message>
              <StackTrace>   at UnitTest.BnlpTest.first_person_tenses_active_negation() in D:\software\Project\BNLP\UnitTest\BnlpTest.cs:line 220
</StackTrace>
            </ErrorInfo>
          </Output>
        </UnitTestResult>
        <UnitTestResult executionId="6fee9b2b-0bc1-489b-a4d2-878d6c63178b" parentExecutionId="7528ec3c-87b2-44db-946f-00b67366f216" testId="15fe5bf6-5078-81a8-0356-385549390bb7" testName="first_person_tenses_active_negation" computerName="ARPAN-LAP" duration="00:00:00.0262839" startTime="2014-06-25T20:30:57.9256677+05:30" endTime="2014-06-25T20:30:57.9516692+05:30" testType="13cdc9d9-ddb5-4fa4-a97d-d965ccfc6d4b" outcome="Failed" testListId="8c84fa94-04c1-424b-9868-57a2d4851a1d" relativeResultsDirectory="7528ec3c-87b2-44db-946f-00b67366f216" dataRowInfo="8" resultType="DataDrivenDataRow">
          <Output>
            <ErrorInfo>
              <Message>Assert.AreEqual failed. Expected:&lt;আমি কাজ করব না ।&gt;. Actual:&lt;আমাকে না কাজ করা হবে ।&gt;. I will not work.</Message>
              <StackTrace>   at UnitTest.BnlpTest.first_person_tenses_active_negation() in D:\software\Project\BNLP\UnitTest\BnlpTest.cs:line 220
</StackTrace>
            </ErrorInfo>
          </Output>
        </UnitTestResult>
        <UnitTestResult executionId="6c0b04f8-ff87-4d15-bdc7-507a6247e19a" parentExecutionId="7528ec3c-87b2-44db-946f-00b67366f216" testId="15fe5bf6-5078-81a8-0356-385549390bb7" testName="first_person_tenses_active_negation" computerName="ARPAN-LAP" duration="00:00:00.0321793" startTime="2014-06-25T20:30:57.9516692+05:30" endTime="2014-06-25T20:30:57.9836710+05:30" testType="13cdc9d9-ddb5-4fa4-a97d-d965ccfc6d4b" outcome="Failed" testListId="8c84fa94-04c1-424b-9868-57a2d4851a1d" relativeResultsDirectory="7528ec3c-87b2-44db-946f-00b67366f216" dataRowInfo="9" resultType="DataDrivenDataRow">
          <Output>
            <ErrorInfo>
              <Message>Assert.AreEqual failed. Expected:&lt;আমি কাজ করব না ।&gt;. Actual:&lt;আমাকে না কাজ করা হবে ।&gt;. I will not be working.</Message>
              <StackTrace>   at UnitTest.BnlpTest.first_person_tenses_active_negation() in D:\software\Project\BNLP\UnitTest\BnlpTest.cs:line 220
</StackTrace>
            </ErrorInfo>
          </Output>
        </UnitTestResult>
      </InnerResults>
    </UnitTestResult>
    <UnitTestResult executionId="22c0cf4b-0f81-4a2f-b4ba-f0ff238f67c1" testId="1b04a6d6-5350-792c-8eba-a46a0eb28949" testName="interrogative_sentences_why" computerName="ARPAN-LAP" duration="00:00:00.1225601" startTime="2014-06-25T20:30:58.0286736+05:30" endTime="2014-06-25T20:30:58.1676816+05:30" testType="13cdc9d9-ddb5-4fa4-a97d-d965ccfc6d4b" outcome="Failed" testListId="8c84fa94-04c1-424b-9868-57a2d4851a1d" relativeResultsDirectory="22c0cf4b-0f81-4a2f-b4ba-f0ff238f67c1" resultType="DataDrivenTest">
      <Counters error="0" failed="1" timeout="0" aborted="0" inconclusive="0" passedButRunAborted="0" notRunnable="0" notExecuted="0" disconnected="0" warning="0" passed="2" completed="0" inProgress="0" pending="0" />
      <InnerResults>
        <UnitTestResult executionId="370b2c0c-9d82-4338-8e5e-915f28c40724" parentExecutionId="22c0cf4b-0f81-4a2f-b4ba-f0ff238f67c1" testId="1b04a6d6-5350-792c-8eba-a46a0eb28949" testName="interrogative_sentences_why" computerName="ARPAN-LAP" duration="00:00:00.0303772" startTime="2014-06-25T20:30:58.0656757+05:30" endTime="2014-06-25T20:30:58.0956775+05:30" testType="13cdc9d9-ddb5-4fa4-a97d-d965ccfc6d4b" outcome="Failed" testListId="8c84fa94-04c1-424b-9868-57a2d4851a1d" relativeResultsDirectory="22c0cf4b-0f81-4a2f-b4ba-f0ff238f67c1" dataRowInfo="0" resultType="DataDrivenDataRow">
          <Output>
            <ErrorInfo>
              <Message>Assert.AreEqual failed. Expected:&lt;কেন আপনি দেরিতে আজ ?&gt;. Actual:&lt;দেরিতে আজ আপনি কি কেন ?&gt;. Why are you late today?</Message>
              <StackTrace>   at UnitTest.BnlpTest.interrogative_sentences_why() in D:\software\Project\BNLP\UnitTest\BnlpTest.cs:line 382
</StackTrace>
            </ErrorInfo>
          </Output>
        </UnitTestResult>
        <UnitTestResult executionId="8717c566-f2b0-4069-b91b-588a8fe9e66a" parentExecutionId="22c0cf4b-0f81-4a2f-b4ba-f0ff238f67c1" testId="1b04a6d6-5350-792c-8eba-a46a0eb28949" testName="interrogative_sentences_why" computerName="ARPAN-LAP" duration="00:00:00.0332926" startTime="2014-06-25T20:30:58.0956775+05:30" endTime="2014-06-25T20:30:58.1296794+05:30" testType="13cdc9d9-ddb5-4fa4-a97d-d965ccfc6d4b" outcome="Passed" testListId="8c84fa94-04c1-424b-9868-57a2d4851a1d" relativeResultsDirectory="22c0cf4b-0f81-4a2f-b4ba-f0ff238f67c1" dataRowInfo="1" resultType="DataDrivenDataRow" />
        <UnitTestResult executionId="ac5b8bd6-b12c-4032-bfd5-709fba663355" parentExecutionId="22c0cf4b-0f81-4a2f-b4ba-f0ff238f67c1" testId="1b04a6d6-5350-792c-8eba-a46a0eb28949" testName="interrogative_sentences_why" computerName="ARPAN-LAP" duration="00:00:00.0266360" startTime="2014-06-25T20:30:58.1296794+05:30" endTime="2014-06-25T20:30:58.1556809+05:30" testType="13cdc9d9-ddb5-4fa4-a97d-d965ccfc6d4b" outcome="Passed" testListId="8c84fa94-04c1-424b-9868-57a2d4851a1d" relativeResultsDirectory="22c0cf4b-0f81-4a2f-b4ba-f0ff238f67c1" dataRowInfo="2" resultType="DataDrivenDataRow" />
      </InnerResults>
    </UnitTestResult>
    <UnitTestResult executionId="7e1813ff-e1e5-4377-a945-983af4c6fed7" testId="1d63c318-78a9-9011-f5c0-0b01884a2881" testName="interrogative_sentences_do" computerName="ARPAN-LAP" duration="00:00:00.2736159" startTime="2014-06-25T20:30:58.1786822+05:30" endTime="2014-06-25T20:30:58.4947003+05:30" testType="13cdc9d9-ddb5-4fa4-a97d-d965ccfc6d4b" outcome="Failed" testListId="8c84fa94-04c1-424b-9868-57a2d4851a1d" relativeResultsDirectory="7e1813ff-e1e5-4377-a945-983af4c6fed7" resultType="DataDrivenTest">
      <Counters error="0" failed="3" timeout="0" aborted="0" inconclusive="0" passedButRunAborted="0" notRunnable="0" notExecuted="0" disconnected="0" warning="0" passed="6" completed="0" inProgress="0" pending="0" />
      <InnerResults>
        <UnitTestResult executionId="6ef5fb6f-dabe-4ced-970e-fa0fb01fb73a" parentExecutionId="7e1813ff-e1e5-4377-a945-983af4c6fed7" testId="1d63c318-78a9-9011-f5c0-0b01884a2881" testName="interrogative_sentences_do" computerName="ARPAN-LAP" duration="00:00:00.0310255" startTime="2014-06-25T20:30:58.2126841+05:30" endTime="2014-06-25T20:30:58.2436859+05:30" testType="13cdc9d9-ddb5-4fa4-a97d-d965ccfc6d4b" outcome="Failed" testListId="8c84fa94-04c1-424b-9868-57a2d4851a1d" relativeResultsDirectory="7e1813ff-e1e5-4377-a945-983af4c6fed7" dataRowInfo="0" resultType="DataDrivenDataRow">
          <Output>
            <ErrorInfo>
              <Message>Assert.AreEqual failed. Expected:&lt;আমি কি আপনাকে জানি ?&gt;. Actual:&lt;আমি কি আপনি জানি ?&gt;. Do I know you?</Message>
              <StackTrace>   at UnitTest.BnlpTest.interrogative_sentences_do() in D:\software\Project\BNLP\UnitTest\BnlpTest.cs:line 256
</StackTrace>
            </ErrorInfo>
          </Output>
        </UnitTestResult>
        <UnitTestResult executionId="9ad74c04-faf2-4348-8d99-c8e6130127c4" parentExecutionId="7e1813ff-e1e5-4377-a945-983af4c6fed7" testId="1d63c318-78a9-9011-f5c0-0b01884a2881" testName="interrogative_sentences_do" computerName="ARPAN-LAP" duration="00:00:00.0279346" startTime="2014-06-25T20:30:58.2436859+05:30" endTime="2014-06-25T20:30:58.2716875+05:30" testType="13cdc9d9-ddb5-4fa4-a97d-d965ccfc6d4b" outcome="Passed" testListId="8c84fa94-04c1-424b-9868-57a2d4851a1d" relativeResultsDirectory="7e1813ff-e1e5-4377-a945-983af4c6fed7" dataRowInfo="1" resultType="DataDrivenDataRow" />
        <UnitTestResult executionId="07b42063-82a2-4eb2-a6f9-87ac7d7e16b9" parentExecutionId="7e1813ff-e1e5-4377-a945-983af4c6fed7" testId="1d63c318-78a9-9011-f5c0-0b01884a2881" testName="interrogative_sentences_do" computerName="ARPAN-LAP" duration="00:00:00.0293466" startTime="2014-06-25T20:30:58.2716875+05:30" endTime="2014-06-25T20:30:58.3006892+05:30" testType="13cdc9d9-ddb5-4fa4-a97d-d965ccfc6d4b" outcome="Failed" testListId="8c84fa94-04c1-424b-9868-57a2d4851a1d" relativeResultsDirectory="7e1813ff-e1e5-4377-a945-983af4c6fed7" dataRowInfo="2" resultType="DataDrivenDataRow">
          <Output>
            <ErrorInfo>
              <Message>Assert.AreEqual failed. Expected:&lt;আপনি কি আমাকে জানেন ?&gt;. Actual:&lt;আপনাকে কি আমাকে জানেন ?&gt;. Do you know me?</Message>
              <StackTrace>   at UnitTest.BnlpTest.interrogative_sentences_do() in D:\software\Project\BNLP\UnitTest\BnlpTest.cs:line 256
</StackTrace>
            </ErrorInfo>
          </Output>
        </UnitTestResult>
        <UnitTestResult executionId="0affc953-aa2e-4ede-b82a-c8c41c63529f" parentExecutionId="7e1813ff-e1e5-4377-a945-983af4c6fed7" testId="1d63c318-78a9-9011-f5c0-0b01884a2881" testName="interrogative_sentences_do" computerName="ARPAN-LAP" duration="00:00:00.0237519" startTime="2014-06-25T20:30:58.3006892+05:30" endTime="2014-06-25T20:30:58.3246906+05:30" testType="13cdc9d9-ddb5-4fa4-a97d-d965ccfc6d4b" outcome="Passed" testListId="8c84fa94-04c1-424b-9868-57a2d4851a1d" relativeResultsDirectory="7e1813ff-e1e5-4377-a945-983af4c6fed7" dataRowInfo="3" resultType="DataDrivenDataRow" />
        <UnitTestResult executionId="9bfb0e54-b752-426c-b617-3322a0291f2b" parentExecutionId="7e1813ff-e1e5-4377-a945-983af4c6fed7" testId="1d63c318-78a9-9011-f5c0-0b01884a2881" testName="interrogative_sentences_do" computerName="ARPAN-LAP" duration="00:00:00.0232997" startTime="2014-06-25T20:30:58.3246906+05:30" endTime="2014-06-25T20:30:58.3476919+05:30" testType="13cdc9d9-ddb5-4fa4-a97d-d965ccfc6d4b" outcome="Passed" testListId="8c84fa94-04c1-424b-9868-57a2d4851a1d" relativeResultsDirectory="7e1813ff-e1e5-4377-a945-983af4c6fed7" dataRowInfo="4" resultType="DataDrivenDataRow" />
        <UnitTestResult executionId="17f6e14f-0f79-4122-97bb-919fa2063b7f" parentExecutionId="7e1813ff-e1e5-4377-a945-983af4c6fed7" testId="1d63c318-78a9-9011-f5c0-0b01884a2881" testName="interrogative_sentences_do" computerName="ARPAN-LAP" duration="00:00:00.0323245" startTime="2014-06-25T20:30:58.3476919+05:30" endTime="2014-06-25T20:30:58.3806938+05:30" testType="13cdc9d9-ddb5-4fa4-a97d-d965ccfc6d4b" outcome="Failed" testListId="8c84fa94-04c1-424b-9868-57a2d4851a1d" relativeResultsDirectory="7e1813ff-e1e5-4377-a945-983af4c6fed7" dataRowInfo="5" resultType="DataDrivenDataRow">
          <Output>
            <ErrorInfo>
              <Message>Assert.AreEqual failed. Expected:&lt;আপনি কি এই রুটিটি খান ?&gt;. Actual:&lt;আপনাকে কি এই রুটিটি খান ?&gt;. Do you eat this bread?</Message>
              <StackTrace>   at UnitTest.BnlpTest.interrogative_sentences_do() in D:\software\Project\BNLP\UnitTest\BnlpTest.cs:line 256
</StackTrace>
            </ErrorInfo>
          </Output>
        </UnitTestResult>
        <UnitTestResult executionId="7b29e815-7079-427a-b278-03cea0ead6d5" parentExecutionId="7e1813ff-e1e5-4377-a945-983af4c6fed7" testId="1d63c318-78a9-9011-f5c0-0b01884a2881" testName="interrogative_sentences_do" computerName="ARPAN-LAP" duration="00:00:00.0256726" startTime="2014-06-25T20:30:58.3806938+05:30" endTime="2014-06-25T20:30:58.4056952+05:30" testType="13cdc9d9-ddb5-4fa4-a97d-d965ccfc6d4b" outcome="Passed" testListId="8c84fa94-04c1-424b-9868-57a2d4851a1d" relativeResultsDirectory="7e1813ff-e1e5-4377-a945-983af4c6fed7" dataRowInfo="6" resultType="DataDrivenDataRow" />
        <UnitTestResult executionId="fe477a02-9977-444b-9cca-275b40685f26" parentExecutionId="7e1813ff-e1e5-4377-a945-983af4c6fed7" testId="1d63c318-78a9-9011-f5c0-0b01884a2881" testName="interrogative_sentences_do" computerName="ARPAN-LAP" duration="00:00:00.0267330" startTime="2014-06-25T20:30:58.4056952+05:30" endTime="2014-06-25T20:30:58.4326967+05:30" testType="13cdc9d9-ddb5-4fa4-a97d-d965ccfc6d4b" outcome="Passed" testListId="8c84fa94-04c1-424b-9868-57a2d4851a1d" relativeResultsDirectory="7e1813ff-e1e5-4377-a945-983af4c6fed7" dataRowInfo="7" resultType="DataDrivenDataRow" />
        <UnitTestResult executionId="76ba9a2a-0015-4253-9322-a61a3a19652a" parentExecutionId="7e1813ff-e1e5-4377-a945-983af4c6fed7" testId="1d63c318-78a9-9011-f5c0-0b01884a2881" testName="interrogative_sentences_do" computerName="ARPAN-LAP" duration="00:00:00.0327952" startTime="2014-06-25T20:30:58.4326967+05:30" endTime="2014-06-25T20:30:58.4656986+05:30" testType="13cdc9d9-ddb5-4fa4-a97d-d965ccfc6d4b" outcome="Passed" testListId="8c84fa94-04c1-424b-9868-57a2d4851a1d" relativeResultsDirectory="7e1813ff-e1e5-4377-a945-983af4c6fed7" dataRowInfo="8" resultType="DataDrivenDataRow" />
      </InnerResults>
    </UnitTestResult>
    <UnitTestResult executionId="a13c7122-e725-45dd-a5f0-3f49dba81a3d" testId="227f20ae-8e76-eb71-39b2-4ada3ce6aba8" testName="interrogative_sentences_how" computerName="ARPAN-LAP" duration="00:00:00.6406036" startTime="2014-06-25T20:30:58.5107012+05:30" endTime="2014-06-25T20:30:59.2157415+05:30" testType="13cdc9d9-ddb5-4fa4-a97d-d965ccfc6d4b" outcome="Failed" testListId="8c84fa94-04c1-424b-9868-57a2d4851a1d" relativeResultsDirectory="a13c7122-e725-45dd-a5f0-3f49dba81a3d" resultType="DataDrivenTest">
      <Counters error="0" failed="8" timeout="0" aborted="0" inconclusive="0" passedButRunAborted="0" notRunnable="0" notExecuted="0" disconnected="0" warning="0" passed="10" completed="0" inProgress="0" pending="0" />
      <InnerResults>
        <UnitTestResult executionId="5d25dec4-d4ff-46cf-a5de-a77db6afe3d2" parentExecutionId="a13c7122-e725-45dd-a5f0-3f49dba81a3d" testId="227f20ae-8e76-eb71-39b2-4ada3ce6aba8" testName="interrogative_sentences_how" computerName="ARPAN-LAP" duration="00:00:00.0228758" startTime="2014-06-25T20:30:58.5347026+05:30" endTime="2014-06-25T20:30:58.5577039+05:30" testType="13cdc9d9-ddb5-4fa4-a97d-d965ccfc6d4b" outcome="Passed" testListId="8c84fa94-04c1-424b-9868-57a2d4851a1d" relativeResultsDirectory="a13c7122-e725-45dd-a5f0-3f49dba81a3d" dataRowInfo="0" resultType="DataDrivenDataRow" />
        <UnitTestResult executionId="e105d963-b694-46c4-b854-0a177a0f59d0" parentExecutionId="a13c7122-e725-45dd-a5f0-3f49dba81a3d" testId="227f20ae-8e76-eb71-39b2-4ada3ce6aba8" testName="interrogative_sentences_how" computerName="ARPAN-LAP" duration="00:00:00.0223168" startTime="2014-06-25T20:30:58.5577039+05:30" endTime="2014-06-25T20:30:58.5807052+05:30" testType="13cdc9d9-ddb5-4fa4-a97d-d965ccfc6d4b" outcome="Failed" testListId="8c84fa94-04c1-424b-9868-57a2d4851a1d" relativeResultsDirectory="a13c7122-e725-45dd-a5f0-3f49dba81a3d" dataRowInfo="1" resultType="DataDrivenDataRow">
          <Output>
            <ErrorInfo>
              <Message>Assert.AreEqual failed. Expected:&lt;আপনি কেমন ছিলেন ?&gt;. Actual:&lt;আপনি কি কেমন ছিলেন ?&gt;. How were you?</Message>
              <StackTrace>   at UnitTest.BnlpTest.interrogative_sentences_how() in D:\software\Project\BNLP\UnitTest\BnlpTest.cs:line 274
</StackTrace>
            </ErrorInfo>
          </Output>
        </UnitTestResult>
        <UnitTestResult executionId="ea6e8dc6-b8a2-4151-865d-01d9e30abaea" parentExecutionId="a13c7122-e725-45dd-a5f0-3f49dba81a3d" testId="227f20ae-8e76-eb71-39b2-4ada3ce6aba8" testName="interrogative_sentences_how" computerName="ARPAN-LAP" duration="00:00:00.0775501" startTime="2014-06-25T20:30:58.5807052+05:30" endTime="2014-06-25T20:30:58.6577096+05:30" testType="13cdc9d9-ddb5-4fa4-a97d-d965ccfc6d4b" outcome="Failed" testListId="8c84fa94-04c1-424b-9868-57a2d4851a1d" relativeResultsDirectory="a13c7122-e725-45dd-a5f0-3f49dba81a3d" dataRowInfo="2" resultType="DataDrivenDataRow">
          <Output>
            <ErrorInfo>
              <Message>Assert.AreEqual failed. Expected:&lt;এই মেশিন কাজটি কিভাবে করে ?&gt;. Actual:&lt;এই মেশিনটি করে কিভাবে কাজ ?&gt;. How does this machine work?</Message>
              <StackTrace>   at UnitTest.BnlpTest.interrogative_sentences_how() in D:\software\Project\BNLP\UnitTest\BnlpTest.cs:line 274
</StackTrace>
            </ErrorInfo>
          </Output>
        </UnitTestResult>
        <UnitTestResult executionId="46f28e0c-628a-4cf6-9ef1-be5587500dc5" parentExecutionId="a13c7122-e725-45dd-a5f0-3f49dba81a3d" testId="227f20ae-8e76-eb71-39b2-4ada3ce6aba8" testName="interrogative_sentences_how" computerName="ARPAN-LAP" duration="00:00:00.0441631" startTime="2014-06-25T20:30:58.6577096+05:30" endTime="2014-06-25T20:30:58.7017121+05:30" testType="13cdc9d9-ddb5-4fa4-a97d-d965ccfc6d4b" outcome="Failed" testListId="8c84fa94-04c1-424b-9868-57a2d4851a1d" relativeResultsDirectory="a13c7122-e725-45dd-a5f0-3f49dba81a3d" dataRowInfo="3" resultType="DataDrivenDataRow">
          <Output>
            <ErrorInfo>
              <Message>Assert.AreEqual failed. Expected:&lt;আপনি তাদের সম্বন্ধে কিভাবে জানেন ?&gt;. Actual:&lt;আপনি তাদের সম্বন্ধে কিভাবে জানেন না ?&gt;. How do you know about them?</Message>
              <StackTrace>   at UnitTest.BnlpTest.interrogative_sentences_how() in D:\software\Project\BNLP\UnitTest\BnlpTest.cs:line 274
</StackTrace>
            </ErrorInfo>
          </Output>
        </UnitTestResult>
        <UnitTestResult executionId="91d6e413-2de7-4240-8d56-b86c2f3e7f04" parentExecutionId="a13c7122-e725-45dd-a5f0-3f49dba81a3d" testId="227f20ae-8e76-eb71-39b2-4ada3ce6aba8" testName="interrogative_sentences_how" computerName="ARPAN-LAP" duration="00:00:00.0385566" startTime="2014-06-25T20:30:58.7017121+05:30" endTime="2014-06-25T20:30:58.7407143+05:30" testType="13cdc9d9-ddb5-4fa4-a97d-d965ccfc6d4b" outcome="Failed" testListId="8c84fa94-04c1-424b-9868-57a2d4851a1d" relativeResultsDirectory="a13c7122-e725-45dd-a5f0-3f49dba81a3d" dataRowInfo="4" resultType="DataDrivenDataRow">
          <Output>
            <ErrorInfo>
              <Message>Assert.AreEqual failed. Expected:&lt;আপনি এই রাজ্যটি কিভাবে নিয়ন্ত্রণ করবেন ?&gt;. Actual:&lt;আপনাকে এই রাজ্যটি কিভাবে নিয়ন্ত্রণ করবেন ?&gt;. How will you control this kingdom?</Message>
              <StackTrace>   at UnitTest.BnlpTest.interrogative_sentences_how() in D:\software\Project\BNLP\UnitTest\BnlpTest.cs:line 274
</StackTrace>
            </ErrorInfo>
          </Output>
        </UnitTestResult>
        <UnitTestResult executionId="f925ebd8-c708-4a94-8bf1-7f111fd40b05" parentExecutionId="a13c7122-e725-45dd-a5f0-3f49dba81a3d" testId="227f20ae-8e76-eb71-39b2-4ada3ce6aba8" testName="interrogative_sentences_how" computerName="ARPAN-LAP" duration="00:00:00.0257444" startTime="2014-06-25T20:30:58.7407143+05:30" endTime="2014-06-25T20:30:58.7667158+05:30" testType="13cdc9d9-ddb5-4fa4-a97d-d965ccfc6d4b" outcome="Passed" testListId="8c84fa94-04c1-424b-9868-57a2d4851a1d" relativeResultsDirectory="a13c7122-e725-45dd-a5f0-3f49dba81a3d" dataRowInfo="5" resultType="DataDrivenDataRow" />
        <UnitTestResult executionId="d9b19187-68d7-4919-a82a-1a6154c1489f" parentExecutionId="a13c7122-e725-45dd-a5f0-3f49dba81a3d" testId="227f20ae-8e76-eb71-39b2-4ada3ce6aba8" testName="interrogative_sentences_how" computerName="ARPAN-LAP" duration="00:00:00.0490545" startTime="2014-06-25T20:30:58.7667158+05:30" endTime="2014-06-25T20:30:58.8157186+05:30" testType="13cdc9d9-ddb5-4fa4-a97d-d965ccfc6d4b" outcome="Passed" testListId="8c84fa94-04c1-424b-9868-57a2d4851a1d" relativeResultsDirectory="a13c7122-e725-45dd-a5f0-3f49dba81a3d" dataRowInfo="6" resultType="DataDrivenDataRow" />
        <UnitTestResult executionId="d76935a9-057c-4d9f-a4c9-b3cc1cc09419" parentExecutionId="a13c7122-e725-45dd-a5f0-3f49dba81a3d" testId="227f20ae-8e76-eb71-39b2-4ada3ce6aba8" testName="interrogative_sentences_how" computerName="ARPAN-LAP" duration="00:00:00.0289247" startTime="2014-06-25T20:30:58.8157186+05:30" endTime="2014-06-25T20:30:58.8447203+05:30" testType="13cdc9d9-ddb5-4fa4-a97d-d965ccfc6d4b" outcome="Passed" testListId="8c84fa94-04c1-424b-9868-57a2d4851a1d" relativeResultsDirectory="a13c7122-e725-45dd-a5f0-3f49dba81a3d" dataRowInfo="7" resultType="DataDrivenDataRow" />
        <UnitTestResult executionId="4bcb6a8d-47d3-48ae-8940-9f86747dcc68" parentExecutionId="a13c7122-e725-45dd-a5f0-3f49dba81a3d" testId="227f20ae-8e76-eb71-39b2-4ada3ce6aba8" testName="interrogative_sentences_how" computerName="ARPAN-LAP" duration="00:00:00.0291613" startTime="2014-06-25T20:30:58.8447203+05:30" endTime="2014-06-25T20:30:58.8737220+05:30" testType="13cdc9d9-ddb5-4fa4-a97d-d965ccfc6d4b" outcome="Passed" testListId="8c84fa94-04c1-424b-9868-57a2d4851a1d" relativeResultsDirectory="a13c7122-e725-45dd-a5f0-3f49dba81a3d" dataRowInfo="8" resultType="DataDrivenDataRow" />
        <UnitTestResult executionId="f37d434c-cd9d-4113-b48d-12ef3f6a9053" parentExecutionId="a13c7122-e725-45dd-a5f0-3f49dba81a3d" testId="227f20ae-8e76-eb71-39b2-4ada3ce6aba8" testName="interrogative_sentences_how" computerName="ARPAN-LAP" duration="00:00:00.0295026" startTime="2014-06-25T20:30:58.8737220+05:30" endTime="2014-06-25T20:30:58.9037237+05:30" testType="13cdc9d9-ddb5-4fa4-a97d-d965ccfc6d4b" outcome="Passed" testListId="8c84fa94-04c1-424b-9868-57a2d4851a1d" relativeResultsDirectory="a13c7122-e725-45dd-a5f0-3f49dba81a3d" dataRowInfo="9" resultType="DataDrivenDataRow" />
        <UnitTestResult executionId="5bbaec40-9e8c-4ec0-8817-2ce4c849ef56" parentExecutionId="a13c7122-e725-45dd-a5f0-3f49dba81a3d" testId="227f20ae-8e76-eb71-39b2-4ada3ce6aba8" testName="interrogative_sentences_how" computerName="ARPAN-LAP" duration="00:00:00.0375696" startTime="2014-06-25T20:30:58.9037237+05:30" endTime="2014-06-25T20:30:58.9407258+05:30" testType="13cdc9d9-ddb5-4fa4-a97d-d965ccfc6d4b" outcome="Failed" testListId="8c84fa94-04c1-424b-9868-57a2d4851a1d" relativeResultsDirectory="a13c7122-e725-45dd-a5f0-3f49dba81a3d" dataRowInfo="10" resultType="DataDrivenDataRow">
          <Output>
            <ErrorInfo>
              <Message>Assert.AreEqual failed. Expected:&lt;আপনার কত টাকা রয়েছে ?&gt;. Actual:&lt;আপনাকে কত টাকা নেই ?&gt;. How much money do you have?</Message>
              <StackTrace>   at UnitTest.BnlpTest.interrogative_sentences_how() in D:\software\Project\BNLP\UnitTest\BnlpTest.cs:line 274
</StackTrace>
            </ErrorInfo>
          </Output>
        </UnitTestResult>
        <UnitTestResult executionId="49c3db19-dd62-4e2a-8d26-a46c2eeb7557" parentExecutionId="a13c7122-e725-45dd-a5f0-3f49dba81a3d" testId="227f20ae-8e76-eb71-39b2-4ada3ce6aba8" testName="interrogative_sentences_how" computerName="ARPAN-LAP" duration="00:00:00.0289452" startTime="2014-06-25T20:30:58.9407258+05:30" endTime="2014-06-25T20:30:58.9697274+05:30" testType="13cdc9d9-ddb5-4fa4-a97d-d965ccfc6d4b" outcome="Failed" testListId="8c84fa94-04c1-424b-9868-57a2d4851a1d" relativeResultsDirectory="a13c7122-e725-45dd-a5f0-3f49dba81a3d" dataRowInfo="11" resultType="DataDrivenDataRow">
          <Output>
            <ErrorInfo>
              <Message>Assert.AreEqual failed. Expected:&lt;এইটি কত দুরে ?&gt;. Actual:&lt;এইটি কি কত দুরে ?&gt;. How far is it?</Message>
              <StackTrace>   at UnitTest.BnlpTest.interrogative_sentences_how() in D:\software\Project\BNLP\UnitTest\BnlpTest.cs:line 274
</StackTrace>
            </ErrorInfo>
          </Output>
        </UnitTestResult>
        <UnitTestResult executionId="25d81827-2072-4948-b1a0-d2126d06cba7" parentExecutionId="a13c7122-e725-45dd-a5f0-3f49dba81a3d" testId="227f20ae-8e76-eb71-39b2-4ada3ce6aba8" testName="interrogative_sentences_how" computerName="ARPAN-LAP" duration="00:00:00.0258481" startTime="2014-06-25T20:30:58.9697274+05:30" endTime="2014-06-25T20:30:58.9957289+05:30" testType="13cdc9d9-ddb5-4fa4-a97d-d965ccfc6d4b" outcome="Failed" testListId="8c84fa94-04c1-424b-9868-57a2d4851a1d" relativeResultsDirectory="a13c7122-e725-45dd-a5f0-3f49dba81a3d" dataRowInfo="12" resultType="DataDrivenDataRow">
          <Output>
            <ErrorInfo>
              <Message>Assert.AreEqual failed. Expected:&lt;এই শহরটি কত বড় ?&gt;. Actual:&lt;কত বড় এই শহরটি ?&gt;. How big is this city?</Message>
              <StackTrace>   at UnitTest.BnlpTest.interrogative_sentences_how() in D:\software\Project\BNLP\UnitTest\BnlpTest.cs:line 274
</StackTrace>
            </ErrorInfo>
          </Output>
        </UnitTestResult>
        <UnitTestResult executionId="12134701-8de2-4c5f-93a0-f16fd71cb17d" parentExecutionId="a13c7122-e725-45dd-a5f0-3f49dba81a3d" testId="227f20ae-8e76-eb71-39b2-4ada3ce6aba8" testName="interrogative_sentences_how" computerName="ARPAN-LAP" duration="00:00:00.0334809" startTime="2014-06-25T20:30:58.9957289+05:30" endTime="2014-06-25T20:30:59.0297309+05:30" testType="13cdc9d9-ddb5-4fa4-a97d-d965ccfc6d4b" outcome="Passed" testListId="8c84fa94-04c1-424b-9868-57a2d4851a1d" relativeResultsDirectory="a13c7122-e725-45dd-a5f0-3f49dba81a3d" dataRowInfo="13" resultType="DataDrivenDataRow" />
        <UnitTestResult executionId="5a3abaa0-3078-4e33-b6f4-6f7547b29b6a" parentExecutionId="a13c7122-e725-45dd-a5f0-3f49dba81a3d" testId="227f20ae-8e76-eb71-39b2-4ada3ce6aba8" testName="interrogative_sentences_how" computerName="ARPAN-LAP" duration="00:00:00.0344762" startTime="2014-06-25T20:30:59.0297309+05:30" endTime="2014-06-25T20:30:59.0637328+05:30" testType="13cdc9d9-ddb5-4fa4-a97d-d965ccfc6d4b" outcome="Passed" testListId="8c84fa94-04c1-424b-9868-57a2d4851a1d" relativeResultsDirectory="a13c7122-e725-45dd-a5f0-3f49dba81a3d" dataRowInfo="14" resultType="DataDrivenDataRow" />
        <UnitTestResult executionId="57855db6-fe74-4524-ab7f-c471f093c2ae" parentExecutionId="a13c7122-e725-45dd-a5f0-3f49dba81a3d" testId="227f20ae-8e76-eb71-39b2-4ada3ce6aba8" testName="interrogative_sentences_how" computerName="ARPAN-LAP" duration="00:00:00.0347585" startTime="2014-06-25T20:30:59.0637328+05:30" endTime="2014-06-25T20:30:59.0987348+05:30" testType="13cdc9d9-ddb5-4fa4-a97d-d965ccfc6d4b" outcome="Failed" testListId="8c84fa94-04c1-424b-9868-57a2d4851a1d" relativeResultsDirectory="a13c7122-e725-45dd-a5f0-3f49dba81a3d" dataRowInfo="15" resultType="DataDrivenDataRow">
          <Output>
            <ErrorInfo>
              <Message>Assert.AreEqual failed. Expected:&lt;একটি ভাল ছাত্র হতে হয় কিভাবে ?&gt;. Actual:&lt;বলে হয় কিভাবে একটি ভাল ছাত্র ?&gt;. How to be a good student?</Message>
              <StackTrace>   at UnitTest.BnlpTest.interrogative_sentences_how() in D:\software\Project\BNLP\UnitTest\BnlpTest.cs:line 274
</StackTrace>
            </ErrorInfo>
          </Output>
        </UnitTestResult>
        <UnitTestResult executionId="bbb47833-cb33-4015-aa4f-f649ba02a972" parentExecutionId="a13c7122-e725-45dd-a5f0-3f49dba81a3d" testId="227f20ae-8e76-eb71-39b2-4ada3ce6aba8" testName="interrogative_sentences_how" computerName="ARPAN-LAP" duration="00:00:00.0289370" startTime="2014-06-25T20:30:59.0987348+05:30" endTime="2014-06-25T20:30:59.1277365+05:30" testType="13cdc9d9-ddb5-4fa4-a97d-d965ccfc6d4b" outcome="Passed" testListId="8c84fa94-04c1-424b-9868-57a2d4851a1d" relativeResultsDirectory="a13c7122-e725-45dd-a5f0-3f49dba81a3d" dataRowInfo="16" resultType="DataDrivenDataRow" />
        <UnitTestResult executionId="b568651c-bdfa-44b2-9f7e-cee2c985019c" parentExecutionId="a13c7122-e725-45dd-a5f0-3f49dba81a3d" testId="227f20ae-8e76-eb71-39b2-4ada3ce6aba8" testName="interrogative_sentences_how" computerName="ARPAN-LAP" duration="00:00:00.0358933" startTime="2014-06-25T20:30:59.1277365+05:30" endTime="2014-06-25T20:30:59.1637385+05:30" testType="13cdc9d9-ddb5-4fa4-a97d-d965ccfc6d4b" outcome="Passed" testListId="8c84fa94-04c1-424b-9868-57a2d4851a1d" relativeResultsDirectory="a13c7122-e725-45dd-a5f0-3f49dba81a3d" dataRowInfo="17" resultType="DataDrivenDataRow" />
      </InnerResults>
    </UnitTestResult>
    <UnitTestResult executionId="7b591785-1673-481a-b5c9-a7c81072d49f" testId="30ab3285-6a8c-14d2-9725-bd60892ccd90" testName="second_person_tenses_active" computerName="ARPAN-LAP" duration="00:00:00.2479885" startTime="2014-06-25T20:30:59.2357427+05:30" endTime="2014-06-25T20:30:59.5237591+05:30" testType="13cdc9d9-ddb5-4fa4-a97d-d965ccfc6d4b" outcome="Failed" testListId="8c84fa94-04c1-424b-9868-57a2d4851a1d" relativeResultsDirectory="7b591785-1673-481a-b5c9-a7c81072d49f" resultType="DataDrivenTest">
      <Counters error="0" failed="10" timeout="0" aborted="0" inconclusive="0" passedButRunAborted="0" notRunnable="0" notExecuted="0" disconnected="0" warning="0" passed="0" completed="0" inProgress="0" pending="0" />
      <InnerResults>
        <UnitTestResult executionId="0aa8b3f0-17e7-477f-ac36-a0a23c3c313f" parentExecutionId="7b591785-1673-481a-b5c9-a7c81072d49f" testId="30ab3285-6a8c-14d2-9725-bd60892ccd90" testName="second_person_tenses_active" computerName="ARPAN-LAP" duration="00:00:00.0178216" startTime="2014-06-25T20:30:59.2657444+05:30" endTime="2014-06-25T20:30:59.2837454+05:30" testType="13cdc9d9-ddb5-4fa4-a97d-d965ccfc6d4b" outcome="Failed" testListId="8c84fa94-04c1-424b-9868-57a2d4851a1d" relativeResultsDirectory="7b591785-1673-481a-b5c9-a7c81072d49f" dataRowInfo="0" resultType="DataDrivenDataRow">
          <Output>
            <ErrorInfo>
              <Message>Assert.AreEqual failed. Expected:&lt;আপনি কাজ করুন ।&gt;. Actual:&lt;আপনি কাজ করেন না ।&gt;. You work.</Message>
              <StackTrace>   at UnitTest.BnlpTest.second_person_tenses_active() in D:\software\Project\BNLP\UnitTest\BnlpTest.cs:line 436
</StackTrace>
            </ErrorInfo>
          </Output>
        </UnitTestResult>
        <UnitTestResult executionId="e710fd64-feba-4e2c-904b-d8e233a1c392" parentExecutionId="7b591785-1673-481a-b5c9-a7c81072d49f" testId="30ab3285-6a8c-14d2-9725-bd60892ccd90" testName="second_person_tenses_active" computerName="ARPAN-LAP" duration="00:00:00.0223687" startTime="2014-06-25T20:30:59.2837454+05:30" endTime="2014-06-25T20:30:59.3067467+05:30" testType="13cdc9d9-ddb5-4fa4-a97d-d965ccfc6d4b" outcome="Failed" testListId="8c84fa94-04c1-424b-9868-57a2d4851a1d" relativeResultsDirectory="7b591785-1673-481a-b5c9-a7c81072d49f" dataRowInfo="1" resultType="DataDrivenDataRow">
          <Output>
            <ErrorInfo>
              <Message>Assert.AreEqual failed. Expected:&lt;আপনি কাজ করছেন ।&gt;. Actual:&lt;আপনাকে কাজ করছেন ।&gt;. You are working.</Message>
              <StackTrace>   at UnitTest.BnlpTest.second_person_tenses_active() in D:\software\Project\BNLP\UnitTest\BnlpTest.cs:line 436
</StackTrace>
            </ErrorInfo>
          </Output>
        </UnitTestResult>
        <UnitTestResult executionId="c3a1fa56-172c-4564-a2ad-5554887cbacd" parentExecutionId="7b591785-1673-481a-b5c9-a7c81072d49f" testId="30ab3285-6a8c-14d2-9725-bd60892ccd90" testName="second_person_tenses_active" computerName="ARPAN-LAP" duration="00:00:00.0221998" startTime="2014-06-25T20:30:59.3067467+05:30" endTime="2014-06-25T20:30:59.3287480+05:30" testType="13cdc9d9-ddb5-4fa4-a97d-d965ccfc6d4b" outcome="Failed" testListId="8c84fa94-04c1-424b-9868-57a2d4851a1d" relativeResultsDirectory="7b591785-1673-481a-b5c9-a7c81072d49f" dataRowInfo="2" resultType="DataDrivenDataRow">
          <Output>
            <ErrorInfo>
              <Message>Assert.AreEqual failed. Expected:&lt;আপনি কাজ করেছেন ।&gt;. Actual:&lt;আপনাকে কাজ করেননি ।&gt;. You have worked.</Message>
              <StackTrace>   at UnitTest.BnlpTest.second_person_tenses_active() in D:\software\Project\BNLP\UnitTest\BnlpTest.cs:line 436
</StackTrace>
            </ErrorInfo>
          </Output>
        </UnitTestResult>
        <UnitTestResult executionId="7946c653-ac3f-4128-8e0c-d85f17963cb4" parentExecutionId="7b591785-1673-481a-b5c9-a7c81072d49f" testId="30ab3285-6a8c-14d2-9725-bd60892ccd90" testName="second_person_tenses_active" computerName="ARPAN-LAP" duration="00:00:00.0289755" startTime="2014-06-25T20:30:59.3287480+05:30" endTime="2014-06-25T20:30:59.3577496+05:30" testType="13cdc9d9-ddb5-4fa4-a97d-d965ccfc6d4b" outcome="Failed" testListId="8c84fa94-04c1-424b-9868-57a2d4851a1d" relativeResultsDirectory="7b591785-1673-481a-b5c9-a7c81072d49f" dataRowInfo="3" resultType="DataDrivenDataRow">
          <Output>
            <ErrorInfo>
              <Message>Assert.AreEqual failed. Expected:&lt;আপনি কাজ করছেন ।&gt;. Actual:&lt;আপনাকে কাজ করছেন ।&gt;. You have been working.</Message>
              <StackTrace>   at UnitTest.BnlpTest.second_person_tenses_active() in D:\software\Project\BNLP\UnitTest\BnlpTest.cs:line 436
</StackTrace>
            </ErrorInfo>
          </Output>
        </UnitTestResult>
        <UnitTestResult executionId="de0d625e-1b58-43c6-babb-084dd56d0c11" parentExecutionId="7b591785-1673-481a-b5c9-a7c81072d49f" testId="30ab3285-6a8c-14d2-9725-bd60892ccd90" testName="second_person_tenses_active" computerName="ARPAN-LAP" duration="00:00:00.0171847" startTime="2014-06-25T20:30:59.3577496+05:30" endTime="2014-06-25T20:30:59.3747506+05:30" testType="13cdc9d9-ddb5-4fa4-a97d-d965ccfc6d4b" outcome="Failed" testListId="8c84fa94-04c1-424b-9868-57a2d4851a1d" relativeResultsDirectory="7b591785-1673-481a-b5c9-a7c81072d49f" dataRowInfo="4" resultType="DataDrivenDataRow">
          <Output>
            <ErrorInfo>
              <Message>Assert.AreEqual failed. Expected:&lt;আপনি কাজ করেছিলেন ।&gt;. Actual:&lt;আপনাকে কাজ করেননি ।&gt;. You worked.</Message>
              <StackTrace>   at UnitTest.BnlpTest.second_person_tenses_active() in D:\software\Project\BNLP\UnitTest\BnlpTest.cs:line 436
</StackTrace>
            </ErrorInfo>
          </Output>
        </UnitTestResult>
        <UnitTestResult executionId="cfc3c98a-e092-4717-8599-f6e638411194" parentExecutionId="7b591785-1673-481a-b5c9-a7c81072d49f" testId="30ab3285-6a8c-14d2-9725-bd60892ccd90" testName="second_person_tenses_active" computerName="ARPAN-LAP" duration="00:00:00.0199024" startTime="2014-06-25T20:30:59.3747506+05:30" endTime="2014-06-25T20:30:59.3947518+05:30" testType="13cdc9d9-ddb5-4fa4-a97d-d965ccfc6d4b" outcome="Failed" testListId="8c84fa94-04c1-424b-9868-57a2d4851a1d" relativeResultsDirectory="7b591785-1673-481a-b5c9-a7c81072d49f" dataRowInfo="5" resultType="DataDrivenDataRow">
          <Output>
            <ErrorInfo>
              <Message>Assert.AreEqual failed. Expected:&lt;আপনি কাজ করছিলেন ।&gt;. Actual:&lt;আপনাকে কাজ করছিলেন ।&gt;. You were working.</Message>
              <StackTrace>   at UnitTest.BnlpTest.second_person_tenses_active() in D:\software\Project\BNLP\UnitTest\BnlpTest.cs:line 436
</StackTrace>
            </ErrorInfo>
          </Output>
        </UnitTestResult>
        <UnitTestResult executionId="2914b805-4b2f-4425-a250-a666890b453b" parentExecutionId="7b591785-1673-481a-b5c9-a7c81072d49f" testId="30ab3285-6a8c-14d2-9725-bd60892ccd90" testName="second_person_tenses_active" computerName="ARPAN-LAP" duration="00:00:00.0198126" startTime="2014-06-25T20:30:59.3947518+05:30" endTime="2014-06-25T20:30:59.4147529+05:30" testType="13cdc9d9-ddb5-4fa4-a97d-d965ccfc6d4b" outcome="Failed" testListId="8c84fa94-04c1-424b-9868-57a2d4851a1d" relativeResultsDirectory="7b591785-1673-481a-b5c9-a7c81072d49f" dataRowInfo="6" resultType="DataDrivenDataRow">
          <Output>
            <ErrorInfo>
              <Message>Assert.AreEqual failed. Expected:&lt;আপনি কাজ করেছিলেন ।&gt;. Actual:&lt;আপনাকে কাজ করেননি ।&gt;. You had worked.</Message>
              <StackTrace>   at UnitTest.BnlpTest.second_person_tenses_active() in D:\software\Project\BNLP\UnitTest\BnlpTest.cs:line 436
</StackTrace>
            </ErrorInfo>
          </Output>
        </UnitTestResult>
        <UnitTestResult executionId="7c891a1c-c90b-420f-aa09-2d9b42875589" parentExecutionId="7b591785-1673-481a-b5c9-a7c81072d49f" testId="30ab3285-6a8c-14d2-9725-bd60892ccd90" testName="second_person_tenses_active" computerName="ARPAN-LAP" duration="00:00:00.0267520" startTime="2014-06-25T20:30:59.4147529+05:30" endTime="2014-06-25T20:30:59.4417544+05:30" testType="13cdc9d9-ddb5-4fa4-a97d-d965ccfc6d4b" outcome="Failed" testListId="8c84fa94-04c1-424b-9868-57a2d4851a1d" relativeResultsDirectory="7b591785-1673-481a-b5c9-a7c81072d49f" dataRowInfo="7" resultType="DataDrivenDataRow">
          <Output>
            <ErrorInfo>
              <Message>Assert.AreEqual failed. Expected:&lt;আপনি কাজ করছিলেন ।&gt;. Actual:&lt;আপনাকে কাজ করছিলেন ।&gt;. You had been working.</Message>
              <StackTrace>   at UnitTest.BnlpTest.second_person_tenses_active() in D:\software\Project\BNLP\UnitTest\BnlpTest.cs:line 436
</StackTrace>
            </ErrorInfo>
          </Output>
        </UnitTestResult>
        <UnitTestResult executionId="3662815b-7eca-444d-a8f1-f48d6dbac61b" parentExecutionId="7b591785-1673-481a-b5c9-a7c81072d49f" testId="30ab3285-6a8c-14d2-9725-bd60892ccd90" testName="second_person_tenses_active" computerName="ARPAN-LAP" duration="00:00:00.0216209" startTime="2014-06-25T20:30:59.4417544+05:30" endTime="2014-06-25T20:30:59.4627556+05:30" testType="13cdc9d9-ddb5-4fa4-a97d-d965ccfc6d4b" outcome="Failed" testListId="8c84fa94-04c1-424b-9868-57a2d4851a1d" relativeResultsDirectory="7b591785-1673-481a-b5c9-a7c81072d49f" dataRowInfo="8" resultType="DataDrivenDataRow">
          <Output>
            <ErrorInfo>
              <Message>Assert.AreEqual failed. Expected:&lt;আপনি কাজ করবেন ।&gt;. Actual:&lt;আপনাকে কাজ করবেন ।&gt;. You will work.</Message>
              <StackTrace>   at UnitTest.BnlpTest.second_person_tenses_active() in D:\software\Project\BNLP\UnitTest\BnlpTest.cs:line 436
</StackTrace>
            </ErrorInfo>
          </Output>
        </UnitTestResult>
        <UnitTestResult executionId="4f5e5524-8dbc-4892-9011-ac6773d076d0" parentExecutionId="7b591785-1673-481a-b5c9-a7c81072d49f" testId="30ab3285-6a8c-14d2-9725-bd60892ccd90" testName="second_person_tenses_active" computerName="ARPAN-LAP" duration="00:00:00.0284889" startTime="2014-06-25T20:30:59.4627556+05:30" endTime="2014-06-25T20:30:59.4917573+05:30" testType="13cdc9d9-ddb5-4fa4-a97d-d965ccfc6d4b" outcome="Failed" testListId="8c84fa94-04c1-424b-9868-57a2d4851a1d" relativeResultsDirectory="7b591785-1673-481a-b5c9-a7c81072d49f" dataRowInfo="9" resultType="DataDrivenDataRow">
          <Output>
            <ErrorInfo>
              <Message>Assert.AreEqual failed. Expected:&lt;আপনি কাজ করবেন ।&gt;. Actual:&lt;আপনাকে কাজ করবেন ।&gt;. You will be working.</Message>
              <StackTrace>   at UnitTest.BnlpTest.second_person_tenses_active() in D:\software\Project\BNLP\UnitTest\BnlpTest.cs:line 436
</StackTrace>
            </ErrorInfo>
          </Output>
        </UnitTestResult>
      </InnerResults>
    </UnitTestResult>
    <UnitTestResult executionId="8c30502d-51b6-4c7b-a417-b18a2fd90cb8" testId="32b5d279-0d23-e5ad-0301-234c8788f740" testName="interrogative_sentences_who" computerName="ARPAN-LAP" duration="00:00:00.1206071" startTime="2014-06-25T20:30:59.5367599+05:30" endTime="2014-06-25T20:30:59.6777679+05:30" testType="13cdc9d9-ddb5-4fa4-a97d-d965ccfc6d4b" outcome="Failed" testListId="8c84fa94-04c1-424b-9868-57a2d4851a1d" relativeResultsDirectory="8c30502d-51b6-4c7b-a417-b18a2fd90cb8" resultType="DataDrivenTest">
      <Counters error="0" failed="2" timeout="0" aborted="0" inconclusive="0" passedButRunAborted="0" notRunnable="0" notExecuted="0" disconnected="0" warning="0" passed="2" completed="0" inProgress="0" pending="0" />
      <InnerResults>
        <UnitTestResult executionId="c63e2411-4657-457c-8c3c-018a16d623a3" parentExecutionId="8c30502d-51b6-4c7b-a417-b18a2fd90cb8" testId="32b5d279-0d23-e5ad-0301-234c8788f740" testName="interrogative_sentences_who" computerName="ARPAN-LAP" duration="00:00:00.0210922" startTime="2014-06-25T20:30:59.5657615+05:30" endTime="2014-06-25T20:30:59.5867627+05:30" testType="13cdc9d9-ddb5-4fa4-a97d-d965ccfc6d4b" outcome="Passed" testListId="8c84fa94-04c1-424b-9868-57a2d4851a1d" relativeResultsDirectory="8c30502d-51b6-4c7b-a417-b18a2fd90cb8" dataRowInfo="0" resultType="DataDrivenDataRow" />
        <UnitTestResult executionId="6e1f8474-5cc6-4c59-a8fa-9d4dd42165dd" parentExecutionId="8c30502d-51b6-4c7b-a417-b18a2fd90cb8" testId="32b5d279-0d23-e5ad-0301-234c8788f740" testName="interrogative_sentences_who" computerName="ARPAN-LAP" duration="00:00:00.0207883" startTime="2014-06-25T20:30:59.5867627+05:30" endTime="2014-06-25T20:30:59.6077639+05:30" testType="13cdc9d9-ddb5-4fa4-a97d-d965ccfc6d4b" outcome="Failed" testListId="8c84fa94-04c1-424b-9868-57a2d4851a1d" relativeResultsDirectory="8c30502d-51b6-4c7b-a417-b18a2fd90cb8" dataRowInfo="1" resultType="DataDrivenDataRow">
          <Output>
            <ErrorInfo>
              <Message>Assert.AreEqual failed. Expected:&lt;সে কে ছিল ?&gt;. Actual:&lt;সে কে 3.2 ?&gt;. Who was she?</Message>
              <StackTrace>   at UnitTest.BnlpTest.interrogative_sentences_who() in D:\software\Project\BNLP\UnitTest\BnlpTest.cs:line 346
</StackTrace>
            </ErrorInfo>
          </Output>
        </UnitTestResult>
        <UnitTestResult executionId="ecb1b296-62bb-4c6d-8326-6a99f1f86ac6" parentExecutionId="8c30502d-51b6-4c7b-a417-b18a2fd90cb8" testId="32b5d279-0d23-e5ad-0301-234c8788f740" testName="interrogative_sentences_who" computerName="ARPAN-LAP" duration="00:00:00.0258471" startTime="2014-06-25T20:30:59.6077639+05:30" endTime="2014-06-25T20:30:59.6337654+05:30" testType="13cdc9d9-ddb5-4fa4-a97d-d965ccfc6d4b" outcome="Failed" testListId="8c84fa94-04c1-424b-9868-57a2d4851a1d" relativeResultsDirectory="8c30502d-51b6-4c7b-a417-b18a2fd90cb8" dataRowInfo="2" resultType="DataDrivenDataRow">
          <Output>
            <ErrorInfo>
              <Message>Assert.AreEqual failed. Expected:&lt;এই গাড়িটি কে মেরামত করেছিল ?&gt;. Actual:&lt;এই গাড়িটি কে মেরামত করেনি ?&gt;. Who fixed this car?</Message>
              <StackTrace>   at UnitTest.BnlpTest.interrogative_sentences_who() in D:\software\Project\BNLP\UnitTest\BnlpTest.cs:line 346
</StackTrace>
            </ErrorInfo>
          </Output>
        </UnitTestResult>
        <UnitTestResult executionId="cca7f299-8b0d-4656-a4b5-f895b75276da" parentExecutionId="8c30502d-51b6-4c7b-a417-b18a2fd90cb8" testId="32b5d279-0d23-e5ad-0301-234c8788f740" testName="interrogative_sentences_who" computerName="ARPAN-LAP" duration="00:00:00.0292388" startTime="2014-06-25T20:30:59.6337654+05:30" endTime="2014-06-25T20:30:59.6627671+05:30" testType="13cdc9d9-ddb5-4fa4-a97d-d965ccfc6d4b" outcome="Passed" testListId="8c84fa94-04c1-424b-9868-57a2d4851a1d" relativeResultsDirectory="8c30502d-51b6-4c7b-a417-b18a2fd90cb8" dataRowInfo="3" resultType="DataDrivenDataRow" />
      </InnerResults>
    </UnitTestResult>
    <UnitTestResult executionId="829438b4-e9e9-4b7e-bf0b-de4fe9fc586f" testId="39dcb97e-c73f-c645-a77c-64d9eba0a3a3" testName="interrogative_sentences_aux" computerName="ARPAN-LAP" duration="00:00:00.5919221" startTime="2014-06-25T20:30:59.6917687+05:30" endTime="2014-06-25T20:31:00.3448061+05:30" testType="13cdc9d9-ddb5-4fa4-a97d-d965ccfc6d4b" outcome="Failed" testListId="8c84fa94-04c1-424b-9868-57a2d4851a1d" relativeResultsDirectory="829438b4-e9e9-4b7e-bf0b-de4fe9fc586f" resultType="DataDrivenTest">
      <Counters error="0" failed="4" timeout="0" aborted="0" inconclusive="0" passedButRunAborted="0" notRunnable="0" notExecuted="0" disconnected="0" warning="0" passed="16" completed="0" inProgress="0" pending="0" />
      <InnerResults>
        <UnitTestResult executionId="d7bcf451-f0f8-4b38-8ad7-949357b06ae3" parentExecutionId="829438b4-e9e9-4b7e-bf0b-de4fe9fc586f" testId="39dcb97e-c73f-c645-a77c-64d9eba0a3a3" testName="interrogative_sentences_aux" computerName="ARPAN-LAP" duration="00:00:00.0220510" startTime="2014-06-25T20:30:59.7237706+05:30" endTime="2014-06-25T20:30:59.7457718+05:30" testType="13cdc9d9-ddb5-4fa4-a97d-d965ccfc6d4b" outcome="Passed" testListId="8c84fa94-04c1-424b-9868-57a2d4851a1d" relativeResultsDirectory="829438b4-e9e9-4b7e-bf0b-de4fe9fc586f" dataRowInfo="0" resultType="DataDrivenDataRow" />
        <UnitTestResult executionId="6fb08370-2777-4af1-85b3-ed1d89a20fcf" parentExecutionId="829438b4-e9e9-4b7e-bf0b-de4fe9fc586f" testId="39dcb97e-c73f-c645-a77c-64d9eba0a3a3" testName="interrogative_sentences_aux" computerName="ARPAN-LAP" duration="00:00:00.0242585" startTime="2014-06-25T20:30:59.7457718+05:30" endTime="2014-06-25T20:30:59.7697732+05:30" testType="13cdc9d9-ddb5-4fa4-a97d-d965ccfc6d4b" outcome="Passed" testListId="8c84fa94-04c1-424b-9868-57a2d4851a1d" relativeResultsDirectory="829438b4-e9e9-4b7e-bf0b-de4fe9fc586f" dataRowInfo="1" resultType="DataDrivenDataRow" />
        <UnitTestResult executionId="6231f345-49ab-434c-89c7-dbbe93a589a2" parentExecutionId="829438b4-e9e9-4b7e-bf0b-de4fe9fc586f" testId="39dcb97e-c73f-c645-a77c-64d9eba0a3a3" testName="interrogative_sentences_aux" computerName="ARPAN-LAP" duration="00:00:00.0224359" startTime="2014-06-25T20:30:59.7707733+05:30" endTime="2014-06-25T20:30:59.7927745+05:30" testType="13cdc9d9-ddb5-4fa4-a97d-d965ccfc6d4b" outcome="Passed" testListId="8c84fa94-04c1-424b-9868-57a2d4851a1d" relativeResultsDirectory="829438b4-e9e9-4b7e-bf0b-de4fe9fc586f" dataRowInfo="2" resultType="DataDrivenDataRow" />
        <UnitTestResult executionId="370543ab-bcc0-4c6d-abc8-92abe5cbf110" parentExecutionId="829438b4-e9e9-4b7e-bf0b-de4fe9fc586f" testId="39dcb97e-c73f-c645-a77c-64d9eba0a3a3" testName="interrogative_sentences_aux" computerName="ARPAN-LAP" duration="00:00:00.0307570" startTime="2014-06-25T20:30:59.7927745+05:30" endTime="2014-06-25T20:30:59.8237763+05:30" testType="13cdc9d9-ddb5-4fa4-a97d-d965ccfc6d4b" outcome="Passed" testListId="8c84fa94-04c1-424b-9868-57a2d4851a1d" relativeResultsDirectory="829438b4-e9e9-4b7e-bf0b-de4fe9fc586f" dataRowInfo="3" resultType="DataDrivenDataRow" />
        <UnitTestResult executionId="fc373f61-b71e-4c4b-935f-f7652677b43b" parentExecutionId="829438b4-e9e9-4b7e-bf0b-de4fe9fc586f" testId="39dcb97e-c73f-c645-a77c-64d9eba0a3a3" testName="interrogative_sentences_aux" computerName="ARPAN-LAP" duration="00:00:00.0223933" startTime="2014-06-25T20:30:59.8237763+05:30" endTime="2014-06-25T20:30:59.8457776+05:30" testType="13cdc9d9-ddb5-4fa4-a97d-d965ccfc6d4b" outcome="Passed" testListId="8c84fa94-04c1-424b-9868-57a2d4851a1d" relativeResultsDirectory="829438b4-e9e9-4b7e-bf0b-de4fe9fc586f" dataRowInfo="4" resultType="DataDrivenDataRow" />
        <UnitTestResult executionId="67df1148-12ae-402f-8e5f-2d2b132803a9" parentExecutionId="829438b4-e9e9-4b7e-bf0b-de4fe9fc586f" testId="39dcb97e-c73f-c645-a77c-64d9eba0a3a3" testName="interrogative_sentences_aux" computerName="ARPAN-LAP" duration="00:00:00.0465539" startTime="2014-06-25T20:30:59.8457776+05:30" endTime="2014-06-25T20:30:59.8927802+05:30" testType="13cdc9d9-ddb5-4fa4-a97d-d965ccfc6d4b" outcome="Passed" testListId="8c84fa94-04c1-424b-9868-57a2d4851a1d" relativeResultsDirectory="829438b4-e9e9-4b7e-bf0b-de4fe9fc586f" dataRowInfo="5" resultType="DataDrivenDataRow" />
        <UnitTestResult executionId="853beb28-3648-409d-b03a-3c7bb3ee4286" parentExecutionId="829438b4-e9e9-4b7e-bf0b-de4fe9fc586f" testId="39dcb97e-c73f-c645-a77c-64d9eba0a3a3" testName="interrogative_sentences_aux" computerName="ARPAN-LAP" duration="00:00:00.0196894" startTime="2014-06-25T20:30:59.8927802+05:30" endTime="2014-06-25T20:30:59.9127814+05:30" testType="13cdc9d9-ddb5-4fa4-a97d-d965ccfc6d4b" outcome="Passed" testListId="8c84fa94-04c1-424b-9868-57a2d4851a1d" relativeResultsDirectory="829438b4-e9e9-4b7e-bf0b-de4fe9fc586f" dataRowInfo="6" resultType="DataDrivenDataRow" />
        <UnitTestResult executionId="ff2771ac-4919-415b-943e-699fd711b67a" parentExecutionId="829438b4-e9e9-4b7e-bf0b-de4fe9fc586f" testId="39dcb97e-c73f-c645-a77c-64d9eba0a3a3" testName="interrogative_sentences_aux" computerName="ARPAN-LAP" duration="00:00:00.0385279" startTime="2014-06-25T20:30:59.9127814+05:30" endTime="2014-06-25T20:30:59.9507836+05:30" testType="13cdc9d9-ddb5-4fa4-a97d-d965ccfc6d4b" outcome="Failed" testListId="8c84fa94-04c1-424b-9868-57a2d4851a1d" relativeResultsDirectory="829438b4-e9e9-4b7e-bf0b-de4fe9fc586f" dataRowInfo="7" resultType="DataDrivenDataRow">
          <Output>
            <ErrorInfo>
              <Message>Assert.AreEqual failed. Expected:&lt;আমি কি কাজ করছিলাম ?&gt;. Actual:&lt;আমি কাজ করছিলাম ?&gt;. Had I been working?</Message>
              <StackTrace>   at UnitTest.BnlpTest.interrogative_sentences_aux() in D:\software\Project\BNLP\UnitTest\BnlpTest.cs:line 238
</StackTrace>
            </ErrorInfo>
          </Output>
        </UnitTestResult>
        <UnitTestResult executionId="23dfebb1-dfd0-41c5-a8fe-51a969edb1a7" parentExecutionId="829438b4-e9e9-4b7e-bf0b-de4fe9fc586f" testId="39dcb97e-c73f-c645-a77c-64d9eba0a3a3" testName="interrogative_sentences_aux" computerName="ARPAN-LAP" duration="00:00:00.0209028" startTime="2014-06-25T20:30:59.9507836+05:30" endTime="2014-06-25T20:30:59.9717848+05:30" testType="13cdc9d9-ddb5-4fa4-a97d-d965ccfc6d4b" outcome="Passed" testListId="8c84fa94-04c1-424b-9868-57a2d4851a1d" relativeResultsDirectory="829438b4-e9e9-4b7e-bf0b-de4fe9fc586f" dataRowInfo="8" resultType="DataDrivenDataRow" />
        <UnitTestResult executionId="615bb911-d4a6-4f3b-911c-7506f6141667" parentExecutionId="829438b4-e9e9-4b7e-bf0b-de4fe9fc586f" testId="39dcb97e-c73f-c645-a77c-64d9eba0a3a3" testName="interrogative_sentences_aux" computerName="ARPAN-LAP" duration="00:00:00.0278083" startTime="2014-06-25T20:30:59.9717848+05:30" endTime="2014-06-25T20:30:59.9997864+05:30" testType="13cdc9d9-ddb5-4fa4-a97d-d965ccfc6d4b" outcome="Passed" testListId="8c84fa94-04c1-424b-9868-57a2d4851a1d" relativeResultsDirectory="829438b4-e9e9-4b7e-bf0b-de4fe9fc586f" dataRowInfo="9" resultType="DataDrivenDataRow" />
        <UnitTestResult executionId="516ea1e1-ab46-49c0-bdd6-f683273cf654" parentExecutionId="829438b4-e9e9-4b7e-bf0b-de4fe9fc586f" testId="39dcb97e-c73f-c645-a77c-64d9eba0a3a3" testName="interrogative_sentences_aux" computerName="ARPAN-LAP" duration="00:00:00.0222399" startTime="2014-06-25T20:30:59.9997864+05:30" endTime="2014-06-25T20:31:00.0217876+05:30" testType="13cdc9d9-ddb5-4fa4-a97d-d965ccfc6d4b" outcome="Failed" testListId="8c84fa94-04c1-424b-9868-57a2d4851a1d" relativeResultsDirectory="829438b4-e9e9-4b7e-bf0b-de4fe9fc586f" dataRowInfo="10" resultType="DataDrivenDataRow">
          <Output>
            <ErrorInfo>
              <Message>Assert.AreEqual failed. Expected:&lt;আপনি কি কাজ করেন ?&gt;. Actual:&lt;আপনাকে কি কাজ করেন ?&gt;. Do you work?</Message>
              <StackTrace>   at UnitTest.BnlpTest.interrogative_sentences_aux() in D:\software\Project\BNLP\UnitTest\BnlpTest.cs:line 238
</StackTrace>
            </ErrorInfo>
          </Output>
        </UnitTestResult>
        <UnitTestResult executionId="0f413d90-070f-444a-bf35-3851ab0e55e8" parentExecutionId="829438b4-e9e9-4b7e-bf0b-de4fe9fc586f" testId="39dcb97e-c73f-c645-a77c-64d9eba0a3a3" testName="interrogative_sentences_aux" computerName="ARPAN-LAP" duration="00:00:00.0200179" startTime="2014-06-25T20:31:00.0217876+05:30" endTime="2014-06-25T20:31:00.0417888+05:30" testType="13cdc9d9-ddb5-4fa4-a97d-d965ccfc6d4b" outcome="Passed" testListId="8c84fa94-04c1-424b-9868-57a2d4851a1d" relativeResultsDirectory="829438b4-e9e9-4b7e-bf0b-de4fe9fc586f" dataRowInfo="11" resultType="DataDrivenDataRow" />
        <UnitTestResult executionId="425f77aa-bca7-434c-b8b1-8296f0475091" parentExecutionId="829438b4-e9e9-4b7e-bf0b-de4fe9fc586f" testId="39dcb97e-c73f-c645-a77c-64d9eba0a3a3" testName="interrogative_sentences_aux" computerName="ARPAN-LAP" duration="00:00:00.0191885" startTime="2014-06-25T20:31:00.0417888+05:30" endTime="2014-06-25T20:31:00.0617899+05:30" testType="13cdc9d9-ddb5-4fa4-a97d-d965ccfc6d4b" outcome="Passed" testListId="8c84fa94-04c1-424b-9868-57a2d4851a1d" relativeResultsDirectory="829438b4-e9e9-4b7e-bf0b-de4fe9fc586f" dataRowInfo="12" resultType="DataDrivenDataRow" />
        <UnitTestResult executionId="71008a9d-7fca-4fbb-9e58-ca5be999287a" parentExecutionId="829438b4-e9e9-4b7e-bf0b-de4fe9fc586f" testId="39dcb97e-c73f-c645-a77c-64d9eba0a3a3" testName="interrogative_sentences_aux" computerName="ARPAN-LAP" duration="00:00:00.0786526" startTime="2014-06-25T20:31:00.0617899+05:30" endTime="2014-06-25T20:31:00.1397944+05:30" testType="13cdc9d9-ddb5-4fa4-a97d-d965ccfc6d4b" outcome="Passed" testListId="8c84fa94-04c1-424b-9868-57a2d4851a1d" relativeResultsDirectory="829438b4-e9e9-4b7e-bf0b-de4fe9fc586f" dataRowInfo="13" resultType="DataDrivenDataRow" />
        <UnitTestResult executionId="d1314a73-c757-4adc-8f34-e65eb4f61be0" parentExecutionId="829438b4-e9e9-4b7e-bf0b-de4fe9fc586f" testId="39dcb97e-c73f-c645-a77c-64d9eba0a3a3" testName="interrogative_sentences_aux" computerName="ARPAN-LAP" duration="00:00:00.0300467" startTime="2014-06-25T20:31:00.1397944+05:30" endTime="2014-06-25T20:31:00.1697961+05:30" testType="13cdc9d9-ddb5-4fa4-a97d-d965ccfc6d4b" outcome="Passed" testListId="8c84fa94-04c1-424b-9868-57a2d4851a1d" relativeResultsDirectory="829438b4-e9e9-4b7e-bf0b-de4fe9fc586f" dataRowInfo="14" resultType="DataDrivenDataRow" />
        <UnitTestResult executionId="f3f2c324-fe76-4ffd-9073-4a90277e5764" parentExecutionId="829438b4-e9e9-4b7e-bf0b-de4fe9fc586f" testId="39dcb97e-c73f-c645-a77c-64d9eba0a3a3" testName="interrogative_sentences_aux" computerName="ARPAN-LAP" duration="00:00:00.0240501" startTime="2014-06-25T20:31:00.1697961+05:30" endTime="2014-06-25T20:31:00.1937975+05:30" testType="13cdc9d9-ddb5-4fa4-a97d-d965ccfc6d4b" outcome="Passed" testListId="8c84fa94-04c1-424b-9868-57a2d4851a1d" relativeResultsDirectory="829438b4-e9e9-4b7e-bf0b-de4fe9fc586f" dataRowInfo="15" resultType="DataDrivenDataRow" />
        <UnitTestResult executionId="476c7f7e-612e-42a9-a297-2a0df8cf842d" parentExecutionId="829438b4-e9e9-4b7e-bf0b-de4fe9fc586f" testId="39dcb97e-c73f-c645-a77c-64d9eba0a3a3" testName="interrogative_sentences_aux" computerName="ARPAN-LAP" duration="00:00:00.0197603" startTime="2014-06-25T20:31:00.1947975+05:30" endTime="2014-06-25T20:31:00.2137986+05:30" testType="13cdc9d9-ddb5-4fa4-a97d-d965ccfc6d4b" outcome="Passed" testListId="8c84fa94-04c1-424b-9868-57a2d4851a1d" relativeResultsDirectory="829438b4-e9e9-4b7e-bf0b-de4fe9fc586f" dataRowInfo="16" resultType="DataDrivenDataRow" />
        <UnitTestResult executionId="0331f102-ae13-413e-b43a-862fc8ecc715" parentExecutionId="829438b4-e9e9-4b7e-bf0b-de4fe9fc586f" testId="39dcb97e-c73f-c645-a77c-64d9eba0a3a3" testName="interrogative_sentences_aux" computerName="ARPAN-LAP" duration="00:00:00.0265821" startTime="2014-06-25T20:31:00.2137986+05:30" endTime="2014-06-25T20:31:00.2408001+05:30" testType="13cdc9d9-ddb5-4fa4-a97d-d965ccfc6d4b" outcome="Passed" testListId="8c84fa94-04c1-424b-9868-57a2d4851a1d" relativeResultsDirectory="829438b4-e9e9-4b7e-bf0b-de4fe9fc586f" dataRowInfo="17" resultType="DataDrivenDataRow" />
        <UnitTestResult executionId="1b274403-3c25-4ef0-93dd-47ca94cc40c6" parentExecutionId="829438b4-e9e9-4b7e-bf0b-de4fe9fc586f" testId="39dcb97e-c73f-c645-a77c-64d9eba0a3a3" testName="interrogative_sentences_aux" computerName="ARPAN-LAP" duration="00:00:00.0201863" startTime="2014-06-25T20:31:00.2408001+05:30" endTime="2014-06-25T20:31:00.2608013+05:30" testType="13cdc9d9-ddb5-4fa4-a97d-d965ccfc6d4b" outcome="Failed" testListId="8c84fa94-04c1-424b-9868-57a2d4851a1d" relativeResultsDirectory="829438b4-e9e9-4b7e-bf0b-de4fe9fc586f" dataRowInfo="18" resultType="DataDrivenDataRow">
          <Output>
            <ErrorInfo>
              <Message>Assert.AreEqual failed. Expected:&lt;আপনি কি কাজ করবেন ?&gt;. Actual:&lt;আপনাকে কি কাজ করবেন ?&gt;. Will you work?</Message>
              <StackTrace>   at UnitTest.BnlpTest.interrogative_sentences_aux() in D:\software\Project\BNLP\UnitTest\BnlpTest.cs:line 238
</StackTrace>
            </ErrorInfo>
          </Output>
        </UnitTestResult>
        <UnitTestResult executionId="4ce239a3-a781-407b-ae53-3f0189385142" parentExecutionId="829438b4-e9e9-4b7e-bf0b-de4fe9fc586f" testId="39dcb97e-c73f-c645-a77c-64d9eba0a3a3" testName="interrogative_sentences_aux" computerName="ARPAN-LAP" duration="00:00:00.0258281" startTime="2014-06-25T20:31:00.2608013+05:30" endTime="2014-06-25T20:31:00.2868028+05:30" testType="13cdc9d9-ddb5-4fa4-a97d-d965ccfc6d4b" outcome="Failed" testListId="8c84fa94-04c1-424b-9868-57a2d4851a1d" relativeResultsDirectory="829438b4-e9e9-4b7e-bf0b-de4fe9fc586f" dataRowInfo="19" resultType="DataDrivenDataRow">
          <Output>
            <ErrorInfo>
              <Message>Assert.AreEqual failed. Expected:&lt;আপনি কি কাজ করবেন ?&gt;. Actual:&lt;আপনাকে কি কাজ করবেন ?&gt;. Will you be working?</Message>
              <StackTrace>   at UnitTest.BnlpTest.interrogative_sentences_aux() in D:\software\Project\BNLP\UnitTest\BnlpTest.cs:line 238
</StackTrace>
            </ErrorInfo>
          </Output>
        </UnitTestResult>
      </InnerResults>
    </UnitTestResult>
    <UnitTestResult executionId="fb5347cd-9475-4af4-8afa-685c52a41bef" testId="4e91a3b9-9eae-ebff-0b97-303f00578a78" testName="interrogative_sentences_whom" computerName="ARPAN-LAP" duration="00:00:00.0602201" startTime="2014-06-25T20:31:00.3538066+05:30" endTime="2014-06-25T20:31:00.4268108+05:30" testType="13cdc9d9-ddb5-4fa4-a97d-d965ccfc6d4b" outcome="Failed" testListId="8c84fa94-04c1-424b-9868-57a2d4851a1d" relativeResultsDirectory="fb5347cd-9475-4af4-8afa-685c52a41bef" resultType="DataDrivenTest">
      <Counters error="0" failed="2" timeout="0" aborted="0" inconclusive="0" passedButRunAborted="0" notRunnable="0" notExecuted="0" disconnected="0" warning="0" passed="0" completed="0" inProgress="0" pending="0" />
      <InnerResults>
        <UnitTestResult executionId="e10898d0-53f6-43a9-b675-0777ef58780d" parentExecutionId="fb5347cd-9475-4af4-8afa-685c52a41bef" testId="4e91a3b9-9eae-ebff-0b97-303f00578a78" testName="interrogative_sentences_whom" computerName="ARPAN-LAP" duration="00:00:00.0321834" startTime="2014-06-25T20:31:00.3598070+05:30" endTime="2014-06-25T20:31:00.3918088+05:30" testType="13cdc9d9-ddb5-4fa4-a97d-d965ccfc6d4b" outcome="Failed" testListId="8c84fa94-04c1-424b-9868-57a2d4851a1d" relativeResultsDirectory="fb5347cd-9475-4af4-8afa-685c52a41bef" dataRowInfo="0" resultType="DataDrivenDataRow">
          <Output>
            <ErrorInfo>
              <Message>Assert.AreEqual failed. Expected:&lt;আপনি কাকে চান ?&gt;. Actual:&lt;আপনি কাকে চােন না ?&gt;. Whom do you want?</Message>
              <StackTrace>   at UnitTest.BnlpTest.interrogative_sentences_whom() in D:\software\Project\BNLP\UnitTest\BnlpTest.cs:line 364
</StackTrace>
            </ErrorInfo>
          </Output>
        </UnitTestResult>
        <UnitTestResult executionId="2ee30688-f1ea-465c-832f-85b63a984569" parentExecutionId="fb5347cd-9475-4af4-8afa-685c52a41bef" testId="4e91a3b9-9eae-ebff-0b97-303f00578a78" testName="interrogative_sentences_whom" computerName="ARPAN-LAP" duration="00:00:00.0256829" startTime="2014-06-25T20:31:00.3918088+05:30" endTime="2014-06-25T20:31:00.4178103+05:30" testType="13cdc9d9-ddb5-4fa4-a97d-d965ccfc6d4b" outcome="Failed" testListId="8c84fa94-04c1-424b-9868-57a2d4851a1d" relativeResultsDirectory="fb5347cd-9475-4af4-8afa-685c52a41bef" dataRowInfo="1" resultType="DataDrivenDataRow">
          <Output>
            <ErrorInfo>
              <Message>Assert.AreEqual failed. Expected:&lt;সে গল্প কাকে বলেছিল ?&gt;. Actual:&lt;সে গল্প কাকে বলেনি ?&gt;. To whom did he tell the story?</Message>
              <StackTrace>   at UnitTest.BnlpTest.interrogative_sentences_whom() in D:\software\Project\BNLP\UnitTest\BnlpTest.cs:line 364
</StackTrace>
            </ErrorInfo>
          </Output>
        </UnitTestResult>
      </InnerResults>
    </UnitTestResult>
    <UnitTestResult executionId="3fa0071b-858d-47dc-8529-20a44b4c0ecd" testId="533e7939-123c-ce84-5c5c-d5a21d1d95b9" testName="special_handling_do_verb" computerName="ARPAN-LAP" duration="00:00:00.5183950" startTime="2014-06-25T20:31:00.4308110+05:30" endTime="2014-06-25T20:31:00.9908430+05:30" testType="13cdc9d9-ddb5-4fa4-a97d-d965ccfc6d4b" outcome="Failed" testListId="8c84fa94-04c1-424b-9868-57a2d4851a1d" relativeResultsDirectory="3fa0071b-858d-47dc-8529-20a44b4c0ecd" resultType="DataDrivenTest">
      <Counters error="0" failed="5" timeout="0" aborted="0" inconclusive="0" passedButRunAborted="0" notRunnable="0" notExecuted="0" disconnected="0" warning="0" passed="8" completed="0" inProgress="0" pending="0" />
      <InnerResults>
        <UnitTestResult executionId="ec3537c7-9e17-4c8d-90f6-7bfca751a54c" parentExecutionId="3fa0071b-858d-47dc-8529-20a44b4c0ecd" testId="533e7939-123c-ce84-5c5c-d5a21d1d95b9" testName="special_handling_do_verb" computerName="ARPAN-LAP" duration="00:00:00.0215865" startTime="2014-06-25T20:31:00.5898201+05:30" endTime="2014-06-25T20:31:00.6108213+05:30" testType="13cdc9d9-ddb5-4fa4-a97d-d965ccfc6d4b" outcome="Passed" testListId="8c84fa94-04c1-424b-9868-57a2d4851a1d" relativeResultsDirectory="3fa0071b-858d-47dc-8529-20a44b4c0ecd" dataRowInfo="0" resultType="DataDrivenDataRow" />
        <UnitTestResult executionId="d64ac88d-ef08-4b97-a1a1-6616b690b21a" parentExecutionId="3fa0071b-858d-47dc-8529-20a44b4c0ecd" testId="533e7939-123c-ce84-5c5c-d5a21d1d95b9" testName="special_handling_do_verb" computerName="ARPAN-LAP" duration="00:00:00.0450936" startTime="2014-06-25T20:31:00.6108213+05:30" endTime="2014-06-25T20:31:00.6558239+05:30" testType="13cdc9d9-ddb5-4fa4-a97d-d965ccfc6d4b" outcome="Passed" testListId="8c84fa94-04c1-424b-9868-57a2d4851a1d" relativeResultsDirectory="3fa0071b-858d-47dc-8529-20a44b4c0ecd" dataRowInfo="1" resultType="DataDrivenDataRow" />
        <UnitTestResult executionId="84fc90be-c756-4379-9a47-093490cb6ae6" parentExecutionId="3fa0071b-858d-47dc-8529-20a44b4c0ecd" testId="533e7939-123c-ce84-5c5c-d5a21d1d95b9" testName="special_handling_do_verb" computerName="ARPAN-LAP" duration="00:00:00.0286480" startTime="2014-06-25T20:31:00.6558239+05:30" endTime="2014-06-25T20:31:00.6848255+05:30" testType="13cdc9d9-ddb5-4fa4-a97d-d965ccfc6d4b" outcome="Failed" testListId="8c84fa94-04c1-424b-9868-57a2d4851a1d" relativeResultsDirectory="3fa0071b-858d-47dc-8529-20a44b4c0ecd" dataRowInfo="2" resultType="DataDrivenDataRow">
          <Output>
            <ErrorInfo>
              <Message>Assert.AreEqual failed. Expected:&lt;আমি করেছি ।&gt;. Actual:&lt;আমি করিনি ।&gt;. I have done.</Message>
              <StackTrace>   at UnitTest.BnlpTest.special_handling_do_verb() in D:\software\Project\BNLP\UnitTest\BnlpTest.cs:line 472
</StackTrace>
            </ErrorInfo>
          </Output>
        </UnitTestResult>
        <UnitTestResult executionId="aa6c5a0b-a70c-4dee-89b7-aec54e963944" parentExecutionId="3fa0071b-858d-47dc-8529-20a44b4c0ecd" testId="533e7939-123c-ce84-5c5c-d5a21d1d95b9" testName="special_handling_do_verb" computerName="ARPAN-LAP" duration="00:00:00.0316558" startTime="2014-06-25T20:31:00.6848255+05:30" endTime="2014-06-25T20:31:00.7168274+05:30" testType="13cdc9d9-ddb5-4fa4-a97d-d965ccfc6d4b" outcome="Passed" testListId="8c84fa94-04c1-424b-9868-57a2d4851a1d" relativeResultsDirectory="3fa0071b-858d-47dc-8529-20a44b4c0ecd" dataRowInfo="3" resultType="DataDrivenDataRow" />
        <UnitTestResult executionId="3167af0e-508b-4736-9db1-6e1f07dd11a0" parentExecutionId="3fa0071b-858d-47dc-8529-20a44b4c0ecd" testId="533e7939-123c-ce84-5c5c-d5a21d1d95b9" testName="special_handling_do_verb" computerName="ARPAN-LAP" duration="00:00:00.0207570" startTime="2014-06-25T20:31:00.7168274+05:30" endTime="2014-06-25T20:31:00.7378286+05:30" testType="13cdc9d9-ddb5-4fa4-a97d-d965ccfc6d4b" outcome="Failed" testListId="8c84fa94-04c1-424b-9868-57a2d4851a1d" relativeResultsDirectory="3fa0071b-858d-47dc-8529-20a44b4c0ecd" dataRowInfo="4" resultType="DataDrivenDataRow">
          <Output>
            <ErrorInfo>
              <Message>Assert.AreEqual failed. Expected:&lt;আমি করেছিলাম ।&gt;. Actual:&lt;আমি করিনি ।&gt;. I did.</Message>
              <StackTrace>   at UnitTest.BnlpTest.special_handling_do_verb() in D:\software\Project\BNLP\UnitTest\BnlpTest.cs:line 472
</StackTrace>
            </ErrorInfo>
          </Output>
        </UnitTestResult>
        <UnitTestResult executionId="fd44482b-4978-427d-9500-0032f0d16028" parentExecutionId="3fa0071b-858d-47dc-8529-20a44b4c0ecd" testId="533e7939-123c-ce84-5c5c-d5a21d1d95b9" testName="special_handling_do_verb" computerName="ARPAN-LAP" duration="00:00:00.0223512" startTime="2014-06-25T20:31:00.7378286+05:30" endTime="2014-06-25T20:31:00.7598298+05:30" testType="13cdc9d9-ddb5-4fa4-a97d-d965ccfc6d4b" outcome="Passed" testListId="8c84fa94-04c1-424b-9868-57a2d4851a1d" relativeResultsDirectory="3fa0071b-858d-47dc-8529-20a44b4c0ecd" dataRowInfo="5" resultType="DataDrivenDataRow" />
        <UnitTestResult executionId="5bc20a7f-e0a5-41e3-833c-7369343974a0" parentExecutionId="3fa0071b-858d-47dc-8529-20a44b4c0ecd" testId="533e7939-123c-ce84-5c5c-d5a21d1d95b9" testName="special_handling_do_verb" computerName="ARPAN-LAP" duration="00:00:00.0255874" startTime="2014-06-25T20:31:00.7598298+05:30" endTime="2014-06-25T20:31:00.7858313+05:30" testType="13cdc9d9-ddb5-4fa4-a97d-d965ccfc6d4b" outcome="Failed" testListId="8c84fa94-04c1-424b-9868-57a2d4851a1d" relativeResultsDirectory="3fa0071b-858d-47dc-8529-20a44b4c0ecd" dataRowInfo="6" resultType="DataDrivenDataRow">
          <Output>
            <ErrorInfo>
              <Message>Assert.AreEqual failed. Expected:&lt;আমি করেছিলাম ।&gt;. Actual:&lt;আমি করিনি ।&gt;. I had done.</Message>
              <StackTrace>   at UnitTest.BnlpTest.special_handling_do_verb() in D:\software\Project\BNLP\UnitTest\BnlpTest.cs:line 472
</StackTrace>
            </ErrorInfo>
          </Output>
        </UnitTestResult>
        <UnitTestResult executionId="367759a0-a082-4249-9110-0bf8a6ba389e" parentExecutionId="3fa0071b-858d-47dc-8529-20a44b4c0ecd" testId="533e7939-123c-ce84-5c5c-d5a21d1d95b9" testName="special_handling_do_verb" computerName="ARPAN-LAP" duration="00:00:00.0317815" startTime="2014-06-25T20:31:00.7858313+05:30" endTime="2014-06-25T20:31:00.8168331+05:30" testType="13cdc9d9-ddb5-4fa4-a97d-d965ccfc6d4b" outcome="Passed" testListId="8c84fa94-04c1-424b-9868-57a2d4851a1d" relativeResultsDirectory="3fa0071b-858d-47dc-8529-20a44b4c0ecd" dataRowInfo="7" resultType="DataDrivenDataRow" />
        <UnitTestResult executionId="c41de8f9-52ab-47a9-b437-de047c6fe7ad" parentExecutionId="3fa0071b-858d-47dc-8529-20a44b4c0ecd" testId="533e7939-123c-ce84-5c5c-d5a21d1d95b9" testName="special_handling_do_verb" computerName="ARPAN-LAP" duration="00:00:00.0237242" startTime="2014-06-25T20:31:00.8168331+05:30" endTime="2014-06-25T20:31:00.8408345+05:30" testType="13cdc9d9-ddb5-4fa4-a97d-d965ccfc6d4b" outcome="Passed" testListId="8c84fa94-04c1-424b-9868-57a2d4851a1d" relativeResultsDirectory="3fa0071b-858d-47dc-8529-20a44b4c0ecd" dataRowInfo="8" resultType="DataDrivenDataRow" />
        <UnitTestResult executionId="5dd85982-0aeb-4ce9-a9c5-249070c27f5b" parentExecutionId="3fa0071b-858d-47dc-8529-20a44b4c0ecd" testId="533e7939-123c-ce84-5c5c-d5a21d1d95b9" testName="special_handling_do_verb" computerName="ARPAN-LAP" duration="00:00:00.0336929" startTime="2014-06-25T20:31:00.8408345+05:30" endTime="2014-06-25T20:31:00.8748364+05:30" testType="13cdc9d9-ddb5-4fa4-a97d-d965ccfc6d4b" outcome="Passed" testListId="8c84fa94-04c1-424b-9868-57a2d4851a1d" relativeResultsDirectory="3fa0071b-858d-47dc-8529-20a44b4c0ecd" dataRowInfo="9" resultType="DataDrivenDataRow" />
        <UnitTestResult executionId="e5e95fe4-8368-4d0d-b065-a61d87ad63eb" parentExecutionId="3fa0071b-858d-47dc-8529-20a44b4c0ecd" testId="533e7939-123c-ce84-5c5c-d5a21d1d95b9" testName="special_handling_do_verb" computerName="ARPAN-LAP" duration="00:00:00.0204722" startTime="2014-06-25T20:31:00.8748364+05:30" endTime="2014-06-25T20:31:00.8948376+05:30" testType="13cdc9d9-ddb5-4fa4-a97d-d965ccfc6d4b" outcome="Passed" testListId="8c84fa94-04c1-424b-9868-57a2d4851a1d" relativeResultsDirectory="3fa0071b-858d-47dc-8529-20a44b4c0ecd" dataRowInfo="10" resultType="DataDrivenDataRow" />
        <UnitTestResult executionId="bd4f2f1e-77ab-4711-b37a-20935f62f02b" parentExecutionId="3fa0071b-858d-47dc-8529-20a44b4c0ecd" testId="533e7939-123c-ce84-5c5c-d5a21d1d95b9" testName="special_handling_do_verb" computerName="ARPAN-LAP" duration="00:00:00.0295580" startTime="2014-06-25T20:31:00.8958376+05:30" endTime="2014-06-25T20:31:00.9248393+05:30" testType="13cdc9d9-ddb5-4fa4-a97d-d965ccfc6d4b" outcome="Failed" testListId="8c84fa94-04c1-424b-9868-57a2d4851a1d" relativeResultsDirectory="3fa0071b-858d-47dc-8529-20a44b4c0ecd" dataRowInfo="11" resultType="DataDrivenDataRow">
          <Output>
            <ErrorInfo>
              <Message>Assert.AreEqual failed. Expected:&lt;আমার এই বইটি রয়েছে ।&gt;. Actual:&lt;আমি এই বইটি নেই ।&gt;. I do have this book.</Message>
              <StackTrace>   at UnitTest.BnlpTest.special_handling_do_verb() in D:\software\Project\BNLP\UnitTest\BnlpTest.cs:line 472
</StackTrace>
            </ErrorInfo>
          </Output>
        </UnitTestResult>
        <UnitTestResult executionId="8e5073ab-4b00-43c5-8275-55eca1a75d04" parentExecutionId="3fa0071b-858d-47dc-8529-20a44b4c0ecd" testId="533e7939-123c-ce84-5c5c-d5a21d1d95b9" testName="special_handling_do_verb" computerName="ARPAN-LAP" duration="00:00:00.0278257" startTime="2014-06-25T20:31:00.9248393+05:30" endTime="2014-06-25T20:31:00.9528409+05:30" testType="13cdc9d9-ddb5-4fa4-a97d-d965ccfc6d4b" outcome="Failed" testListId="8c84fa94-04c1-424b-9868-57a2d4851a1d" relativeResultsDirectory="3fa0071b-858d-47dc-8529-20a44b4c0ecd" dataRowInfo="12" resultType="DataDrivenDataRow">
          <Output>
            <ErrorInfo>
              <Message>Assert.AreEqual failed. Expected:&lt;আমার এই বইটি ছিল ।&gt;. Actual:&lt;আমি এই বইটি ছিলনা ।&gt;. I did have this book.</Message>
              <StackTrace>   at UnitTest.BnlpTest.special_handling_do_verb() in D:\software\Project\BNLP\UnitTest\BnlpTest.cs:line 472
</StackTrace>
            </ErrorInfo>
          </Output>
        </UnitTestResult>
      </InnerResults>
    </UnitTestResult>
    <UnitTestResult executionId="0a1de93e-b7be-45e4-9f23-e18112d6ac58" testId="642ce34f-0ed4-f995-637b-09297c832f2a" testName="RandomWord" computerName="ARPAN-LAP" duration="00:00:00.1405851" startTime="2014-06-25T20:31:01.0008436+05:30" endTime="2014-06-25T20:31:01.1508522+05:30" testType="13cdc9d9-ddb5-4fa4-a97d-d965ccfc6d4b" outcome="Failed" testListId="8c84fa94-04c1-424b-9868-57a2d4851a1d" relativeResultsDirectory="0a1de93e-b7be-45e4-9f23-e18112d6ac58" resultType="DataDrivenTest">
      <Counters error="0" failed="1" timeout="0" aborted="0" inconclusive="0" passedButRunAborted="0" notRunnable="0" notExecuted="0" disconnected="0" warning="0" passed="0" completed="0" inProgress="0" pending="0" />
      <InnerResults>
        <UnitTestResult executionId="98555ae0-5ad8-41a9-b2cf-81f9f0311b9e" parentExecutionId="0a1de93e-b7be-45e4-9f23-e18112d6ac58" testId="642ce34f-0ed4-f995-637b-09297c832f2a" testName="RandomWord" computerName="ARPAN-LAP" duration="00:00:00.1080321" startTime="2014-06-25T20:31:01.0358456+05:30" endTime="2014-06-25T20:31:01.1438518+05:30" testType="13cdc9d9-ddb5-4fa4-a97d-d965ccfc6d4b" outcome="Failed" testListId="8c84fa94-04c1-424b-9868-57a2d4851a1d" relativeResultsDirectory="0a1de93e-b7be-45e4-9f23-e18112d6ac58" dataRowInfo="0" resultType="DataDrivenDataRow">
          <Output>
            <ErrorInfo>
              <Message>Assert.AreEqual failed. Expected:&lt;পূর্ব সলোমন এর নৌ যুদ্ধ ২৪–২৫ অগষ্ট ১৯৪২ য়ে স্থান গ্রহণ করেছিল , এবং দ্বিতীয় বিশ্ব যুদ্ধ এর প্রশান্ত মহাসাগর সংগঠিত প্রচারকার্য এর তৃতীয় যুদ্ধ বাহক ।&gt;. Actual:&lt;পূর্ব সলোমন এর নৌ যুদ্ধ দ্বিতীয় বিশ্ব যুদ্ধ এর pacific:NP সংগঠিত প্রচারকার্য এর তৃতীয় যুদ্ধ বাহক ।&gt;. The naval Battle of the Eastern Solomons took place on 24–25 August 1942, and was the third carrier battle of the Pacific campaign of second World War.</Message>
              <StackTrace>   at UnitTest.BnlpTest.RandomWord() in D:\software\Project\BNLP\UnitTest\BnlpTest.cs:line 526
</StackTrace>
            </ErrorInfo>
          </Output>
        </UnitTestResult>
      </InnerResults>
    </UnitTestResult>
    <UnitTestResult executionId="2b24ac6b-29ce-488b-abcb-b12b51de9b41" testId="783915fe-114a-e353-78dd-56e92a60f942" testName="all_persons_modal_should" computerName="ARPAN-LAP" duration="00:00:00.4680767" startTime="2014-06-25T20:31:01.1608528+05:30" endTime="2014-06-25T20:31:01.6798825+05:30" testType="13cdc9d9-ddb5-4fa4-a97d-d965ccfc6d4b" outcome="Failed" testListId="8c84fa94-04c1-424b-9868-57a2d4851a1d" relativeResultsDirectory="2b24ac6b-29ce-488b-abcb-b12b51de9b41" resultType="DataDrivenTest">
      <Counters error="0" failed="16" timeout="0" aborted="0" inconclusive="0" passedButRunAborted="0" notRunnable="0" notExecuted="0" disconnected="0" warning="0" passed="1" completed="0" inProgress="0" pending="0" />
      <InnerResults>
        <UnitTestResult executionId="23ba4a0e-6371-455e-a29f-b68fd1ad397d" parentExecutionId="2b24ac6b-29ce-488b-abcb-b12b51de9b41" testId="783915fe-114a-e353-78dd-56e92a60f942" testName="all_persons_modal_should" computerName="ARPAN-LAP" duration="00:00:00.0250372" startTime="2014-06-25T20:31:01.1808539+05:30" endTime="2014-06-25T20:31:01.2058553+05:30" testType="13cdc9d9-ddb5-4fa4-a97d-d965ccfc6d4b" outcome="Failed" testListId="8c84fa94-04c1-424b-9868-57a2d4851a1d" relativeResultsDirectory="2b24ac6b-29ce-488b-abcb-b12b51de9b41" dataRowInfo="0" resultType="DataDrivenDataRow">
          <Output>
            <ErrorInfo>
              <Message>Assert.AreEqual failed. Expected:&lt;আমার কাজ করা উচিত ।&gt;. Actual:&lt;আমি কাজ করা উচিত নয় ।&gt;. I should work.</Message>
              <StackTrace>   at UnitTest.BnlpTest.all_persons_modal_should() in D:\software\Project\BNLP\UnitTest\BnlpTest.cs:line 112
</StackTrace>
            </ErrorInfo>
          </Output>
        </UnitTestResult>
        <UnitTestResult executionId="f2d3bc4e-c7b9-449a-beef-d8ef7621bec4" parentExecutionId="2b24ac6b-29ce-488b-abcb-b12b51de9b41" testId="783915fe-114a-e353-78dd-56e92a60f942" testName="all_persons_modal_should" computerName="ARPAN-LAP" duration="00:00:00.0275532" startTime="2014-06-25T20:31:01.2058553+05:30" endTime="2014-06-25T20:31:01.2338569+05:30" testType="13cdc9d9-ddb5-4fa4-a97d-d965ccfc6d4b" outcome="Failed" testListId="8c84fa94-04c1-424b-9868-57a2d4851a1d" relativeResultsDirectory="2b24ac6b-29ce-488b-abcb-b12b51de9b41" dataRowInfo="1" resultType="DataDrivenDataRow">
          <Output>
            <ErrorInfo>
              <Message>Assert.AreEqual failed. Expected:&lt;আমার কাজ করা উচিত ।&gt;. Actual:&lt;আমি কাজ করা উচিত নয় ।&gt;. I should be working.</Message>
              <StackTrace>   at UnitTest.BnlpTest.all_persons_modal_should() in D:\software\Project\BNLP\UnitTest\BnlpTest.cs:line 112
</StackTrace>
            </ErrorInfo>
          </Output>
        </UnitTestResult>
        <UnitTestResult executionId="c429bcda-e863-4d90-832b-6e7a53964b68" parentExecutionId="2b24ac6b-29ce-488b-abcb-b12b51de9b41" testId="783915fe-114a-e353-78dd-56e92a60f942" testName="all_persons_modal_should" computerName="ARPAN-LAP" duration="00:00:00.0323333" startTime="2014-06-25T20:31:01.2338569+05:30" endTime="2014-06-25T20:31:01.2658588+05:30" testType="13cdc9d9-ddb5-4fa4-a97d-d965ccfc6d4b" outcome="Failed" testListId="8c84fa94-04c1-424b-9868-57a2d4851a1d" relativeResultsDirectory="2b24ac6b-29ce-488b-abcb-b12b51de9b41" dataRowInfo="2" resultType="DataDrivenDataRow">
          <Output>
            <ErrorInfo>
              <Message>Assert.AreEqual failed. Expected:&lt;আমার কাজ করা উচিত ছিল ।&gt;. Actual:&lt;আমি কাজ করা উচিত হয়নি ।&gt;. I should have worked.</Message>
              <StackTrace>   at UnitTest.BnlpTest.all_persons_modal_should() in D:\software\Project\BNLP\UnitTest\BnlpTest.cs:line 112
</StackTrace>
            </ErrorInfo>
          </Output>
        </UnitTestResult>
        <UnitTestResult executionId="b7cf231a-cafe-46a3-ac1a-f17b5e572385" parentExecutionId="2b24ac6b-29ce-488b-abcb-b12b51de9b41" testId="783915fe-114a-e353-78dd-56e92a60f942" testName="all_persons_modal_should" computerName="ARPAN-LAP" duration="00:00:00.0354088" startTime="2014-06-25T20:31:01.2658588+05:30" endTime="2014-06-25T20:31:01.3018608+05:30" testType="13cdc9d9-ddb5-4fa4-a97d-d965ccfc6d4b" outcome="Failed" testListId="8c84fa94-04c1-424b-9868-57a2d4851a1d" relativeResultsDirectory="2b24ac6b-29ce-488b-abcb-b12b51de9b41" dataRowInfo="3" resultType="DataDrivenDataRow">
          <Output>
            <ErrorInfo>
              <Message>Assert.AreEqual failed. Expected:&lt;আমার কাজ করা উচিত ছিল ।&gt;. Actual:&lt;আমি কাজ করা উচিত ছিল ।&gt;. I should have been working.</Message>
              <StackTrace>   at UnitTest.BnlpTest.all_persons_modal_should() in D:\software\Project\BNLP\UnitTest\BnlpTest.cs:line 112
</StackTrace>
            </ErrorInfo>
          </Output>
        </UnitTestResult>
        <UnitTestResult executionId="b3653ad7-87a0-403b-bc11-5a31883b73f3" parentExecutionId="2b24ac6b-29ce-488b-abcb-b12b51de9b41" testId="783915fe-114a-e353-78dd-56e92a60f942" testName="all_persons_modal_should" computerName="ARPAN-LAP" duration="00:00:00.0193825" startTime="2014-06-25T20:31:01.3018608+05:30" endTime="2014-06-25T20:31:01.3208619+05:30" testType="13cdc9d9-ddb5-4fa4-a97d-d965ccfc6d4b" outcome="Failed" testListId="8c84fa94-04c1-424b-9868-57a2d4851a1d" relativeResultsDirectory="2b24ac6b-29ce-488b-abcb-b12b51de9b41" dataRowInfo="4" resultType="DataDrivenDataRow">
          <Output>
            <ErrorInfo>
              <Message>Assert.AreEqual failed. Expected:&lt;আপনার কাজ করা উচিত ।&gt;. Actual:&lt;আপনাকে কাজ করা উচিত নয় ।&gt;. You should work.</Message>
              <StackTrace>   at UnitTest.BnlpTest.all_persons_modal_should() in D:\software\Project\BNLP\UnitTest\BnlpTest.cs:line 112
</StackTrace>
            </ErrorInfo>
          </Output>
        </UnitTestResult>
        <UnitTestResult executionId="fbe49fad-ba83-4cb3-8ae4-bf2d29df9f48" parentExecutionId="2b24ac6b-29ce-488b-abcb-b12b51de9b41" testId="783915fe-114a-e353-78dd-56e92a60f942" testName="all_persons_modal_should" computerName="ARPAN-LAP" duration="00:00:00.0233814" startTime="2014-06-25T20:31:01.3208619+05:30" endTime="2014-06-25T20:31:01.3448633+05:30" testType="13cdc9d9-ddb5-4fa4-a97d-d965ccfc6d4b" outcome="Failed" testListId="8c84fa94-04c1-424b-9868-57a2d4851a1d" relativeResultsDirectory="2b24ac6b-29ce-488b-abcb-b12b51de9b41" dataRowInfo="5" resultType="DataDrivenDataRow">
          <Output>
            <ErrorInfo>
              <Message>Assert.AreEqual failed. Expected:&lt;আপনার কাজ করা উচিত ।&gt;. Actual:&lt;আপনাকে কাজ করা উচিত নয় ।&gt;. You should be working.</Message>
              <StackTrace>   at UnitTest.BnlpTest.all_persons_modal_should() in D:\software\Project\BNLP\UnitTest\BnlpTest.cs:line 112
</StackTrace>
            </ErrorInfo>
          </Output>
        </UnitTestResult>
        <UnitTestResult executionId="d9052595-81cf-4b59-bd48-1a22947aee7c" parentExecutionId="2b24ac6b-29ce-488b-abcb-b12b51de9b41" testId="783915fe-114a-e353-78dd-56e92a60f942" testName="all_persons_modal_should" computerName="ARPAN-LAP" duration="00:00:00.0259713" startTime="2014-06-25T20:31:01.3448633+05:30" endTime="2014-06-25T20:31:01.3708648+05:30" testType="13cdc9d9-ddb5-4fa4-a97d-d965ccfc6d4b" outcome="Failed" testListId="8c84fa94-04c1-424b-9868-57a2d4851a1d" relativeResultsDirectory="2b24ac6b-29ce-488b-abcb-b12b51de9b41" dataRowInfo="6" resultType="DataDrivenDataRow">
          <Output>
            <ErrorInfo>
              <Message>Assert.AreEqual failed. Expected:&lt;আপনার কাজ করা উচিত ছিল ।&gt;. Actual:&lt;আপনাকে কাজ করা উচিত হয়নি ।&gt;. You should have worked.</Message>
              <StackTrace>   at UnitTest.BnlpTest.all_persons_modal_should() in D:\software\Project\BNLP\UnitTest\BnlpTest.cs:line 112
</StackTrace>
            </ErrorInfo>
          </Output>
        </UnitTestResult>
        <UnitTestResult executionId="606808a8-782e-4a6a-9435-194cc9f22192" parentExecutionId="2b24ac6b-29ce-488b-abcb-b12b51de9b41" testId="783915fe-114a-e353-78dd-56e92a60f942" testName="all_persons_modal_should" computerName="ARPAN-LAP" duration="00:00:00.0288241" startTime="2014-06-25T20:31:01.3708648+05:30" endTime="2014-06-25T20:31:01.3998664+05:30" testType="13cdc9d9-ddb5-4fa4-a97d-d965ccfc6d4b" outcome="Failed" testListId="8c84fa94-04c1-424b-9868-57a2d4851a1d" relativeResultsDirectory="2b24ac6b-29ce-488b-abcb-b12b51de9b41" dataRowInfo="7" resultType="DataDrivenDataRow">
          <Output>
            <ErrorInfo>
              <Message>Assert.AreEqual failed. Expected:&lt;আপনার কাজ করা উচিত ছিল ।&gt;. Actual:&lt;আপনাকে কাজ করা উচিত ছিল ।&gt;. You should have been working.</Message>
              <StackTrace>   at UnitTest.BnlpTest.all_persons_modal_should() in D:\software\Project\BNLP\UnitTest\BnlpTest.cs:line 112
</StackTrace>
            </ErrorInfo>
          </Output>
        </UnitTestResult>
        <UnitTestResult executionId="7e24dbe8-1264-4dba-82c2-efe0ac93b7a3" parentExecutionId="2b24ac6b-29ce-488b-abcb-b12b51de9b41" testId="783915fe-114a-e353-78dd-56e92a60f942" testName="all_persons_modal_should" computerName="ARPAN-LAP" duration="00:00:00.0210521" startTime="2014-06-25T20:31:01.3998664+05:30" endTime="2014-06-25T20:31:01.4208676+05:30" testType="13cdc9d9-ddb5-4fa4-a97d-d965ccfc6d4b" outcome="Failed" testListId="8c84fa94-04c1-424b-9868-57a2d4851a1d" relativeResultsDirectory="2b24ac6b-29ce-488b-abcb-b12b51de9b41" dataRowInfo="8" resultType="DataDrivenDataRow">
          <Output>
            <ErrorInfo>
              <Message>Assert.AreEqual failed. Expected:&lt;তার কাজ করা উচিত ।&gt;. Actual:&lt;সে কাজ করা উচিত নয় ।&gt;. She should work.</Message>
              <StackTrace>   at UnitTest.BnlpTest.all_persons_modal_should() in D:\software\Project\BNLP\UnitTest\BnlpTest.cs:line 112
</StackTrace>
            </ErrorInfo>
          </Output>
        </UnitTestResult>
        <UnitTestResult executionId="fb9ba607-2cda-4bdd-bc5d-0943087a9297" parentExecutionId="2b24ac6b-29ce-488b-abcb-b12b51de9b41" testId="783915fe-114a-e353-78dd-56e92a60f942" testName="all_persons_modal_should" computerName="ARPAN-LAP" duration="00:00:00.0233998" startTime="2014-06-25T20:31:01.4208676+05:30" endTime="2014-06-25T20:31:01.4438690+05:30" testType="13cdc9d9-ddb5-4fa4-a97d-d965ccfc6d4b" outcome="Failed" testListId="8c84fa94-04c1-424b-9868-57a2d4851a1d" relativeResultsDirectory="2b24ac6b-29ce-488b-abcb-b12b51de9b41" dataRowInfo="9" resultType="DataDrivenDataRow">
          <Output>
            <ErrorInfo>
              <Message>Assert.AreEqual failed. Expected:&lt;তার কাজ করা উচিত ।&gt;. Actual:&lt;সে কাজ করা উচিত নয় ।&gt;. She should be working.</Message>
              <StackTrace>   at UnitTest.BnlpTest.all_persons_modal_should() in D:\software\Project\BNLP\UnitTest\BnlpTest.cs:line 112
</StackTrace>
            </ErrorInfo>
          </Output>
        </UnitTestResult>
        <UnitTestResult executionId="86a1589b-7cb1-4e65-82fc-9b8e7e1633c2" parentExecutionId="2b24ac6b-29ce-488b-abcb-b12b51de9b41" testId="783915fe-114a-e353-78dd-56e92a60f942" testName="all_persons_modal_should" computerName="ARPAN-LAP" duration="00:00:00.0247677" startTime="2014-06-25T20:31:01.4438690+05:30" endTime="2014-06-25T20:31:01.4688704+05:30" testType="13cdc9d9-ddb5-4fa4-a97d-d965ccfc6d4b" outcome="Failed" testListId="8c84fa94-04c1-424b-9868-57a2d4851a1d" relativeResultsDirectory="2b24ac6b-29ce-488b-abcb-b12b51de9b41" dataRowInfo="10" resultType="DataDrivenDataRow">
          <Output>
            <ErrorInfo>
              <Message>Assert.AreEqual failed. Expected:&lt;তার কাজ করা উচিত ছিল ।&gt;. Actual:&lt;সে কাজ করা উচিত হয়নি ।&gt;. She should have worked.</Message>
              <StackTrace>   at UnitTest.BnlpTest.all_persons_modal_should() in D:\software\Project\BNLP\UnitTest\BnlpTest.cs:line 112
</StackTrace>
            </ErrorInfo>
          </Output>
        </UnitTestResult>
        <UnitTestResult executionId="fc5245f5-bb25-4fb4-ba40-5329794ad36b" parentExecutionId="2b24ac6b-29ce-488b-abcb-b12b51de9b41" testId="783915fe-114a-e353-78dd-56e92a60f942" testName="all_persons_modal_should" computerName="ARPAN-LAP" duration="00:00:00.0302458" startTime="2014-06-25T20:31:01.4688704+05:30" endTime="2014-06-25T20:31:01.4988721+05:30" testType="13cdc9d9-ddb5-4fa4-a97d-d965ccfc6d4b" outcome="Failed" testListId="8c84fa94-04c1-424b-9868-57a2d4851a1d" relativeResultsDirectory="2b24ac6b-29ce-488b-abcb-b12b51de9b41" dataRowInfo="11" resultType="DataDrivenDataRow">
          <Output>
            <ErrorInfo>
              <Message>Assert.AreEqual failed. Expected:&lt;তার কাজ করা উচিত ছিল ।&gt;. Actual:&lt;সে কাজ করা উচিত ছিল ।&gt;. She should have been working.</Message>
              <StackTrace>   at UnitTest.BnlpTest.all_persons_modal_should() in D:\software\Project\BNLP\UnitTest\BnlpTest.cs:line 112
</StackTrace>
            </ErrorInfo>
          </Output>
        </UnitTestResult>
        <UnitTestResult executionId="a5dc8195-686e-428f-8a03-7df4449b19a5" parentExecutionId="2b24ac6b-29ce-488b-abcb-b12b51de9b41" testId="783915fe-114a-e353-78dd-56e92a60f942" testName="all_persons_modal_should" computerName="ARPAN-LAP" duration="00:00:00.0264096" startTime="2014-06-25T20:31:01.4988721+05:30" endTime="2014-06-25T20:31:01.5258737+05:30" testType="13cdc9d9-ddb5-4fa4-a97d-d965ccfc6d4b" outcome="Failed" testListId="8c84fa94-04c1-424b-9868-57a2d4851a1d" relativeResultsDirectory="2b24ac6b-29ce-488b-abcb-b12b51de9b41" dataRowInfo="12" resultType="DataDrivenDataRow">
          <Output>
            <ErrorInfo>
              <Message>Assert.AreEqual failed. Expected:&lt;এই মেশিনটি কাজ করা উচিত ।&gt;. Actual:&lt;এই মেশিনটি কাজ করা উচিত নয় ।&gt;. This machine should be working.</Message>
              <StackTrace>   at UnitTest.BnlpTest.all_persons_modal_should() in D:\software\Project\BNLP\UnitTest\BnlpTest.cs:line 112
</StackTrace>
            </ErrorInfo>
          </Output>
        </UnitTestResult>
        <UnitTestResult executionId="ba53a183-abfd-4677-bc0b-a16d5f449d17" parentExecutionId="2b24ac6b-29ce-488b-abcb-b12b51de9b41" testId="783915fe-114a-e353-78dd-56e92a60f942" testName="all_persons_modal_should" computerName="ARPAN-LAP" duration="00:00:00.0267238" startTime="2014-06-25T20:31:01.5258737+05:30" endTime="2014-06-25T20:31:01.5518751+05:30" testType="13cdc9d9-ddb5-4fa4-a97d-d965ccfc6d4b" outcome="Failed" testListId="8c84fa94-04c1-424b-9868-57a2d4851a1d" relativeResultsDirectory="2b24ac6b-29ce-488b-abcb-b12b51de9b41" dataRowInfo="13" resultType="DataDrivenDataRow">
          <Output>
            <ErrorInfo>
              <Message>Assert.AreEqual failed. Expected:&lt;এই মেশিনটি কাজ করা উচিত ছিল ।&gt;. Actual:&lt;এই মেশিনটি কাজ করা উচিত হয়নি ।&gt;. This machine should have worked.</Message>
              <StackTrace>   at UnitTest.BnlpTest.all_persons_modal_should() in D:\software\Project\BNLP\UnitTest\BnlpTest.cs:line 112
</StackTrace>
            </ErrorInfo>
          </Output>
        </UnitTestResult>
        <UnitTestResult executionId="75fb7834-23f1-45a2-99ae-f7032c183c56" parentExecutionId="2b24ac6b-29ce-488b-abcb-b12b51de9b41" testId="783915fe-114a-e353-78dd-56e92a60f942" testName="all_persons_modal_should" computerName="ARPAN-LAP" duration="00:00:00.0288184" startTime="2014-06-25T20:31:01.5518751+05:30" endTime="2014-06-25T20:31:01.5808768+05:30" testType="13cdc9d9-ddb5-4fa4-a97d-d965ccfc6d4b" outcome="Failed" testListId="8c84fa94-04c1-424b-9868-57a2d4851a1d" relativeResultsDirectory="2b24ac6b-29ce-488b-abcb-b12b51de9b41" dataRowInfo="14" resultType="DataDrivenDataRow">
          <Output>
            <ErrorInfo>
              <Message>Assert.AreEqual failed. Expected:&lt;এই গাড়িটি বাতানুকুল যন্ত্র থাকা উচিত ।&gt;. Actual:&lt;এই গাড়িটি বাতানুকুল যন্ত্র থাকা উচিত নয় ।&gt;. This car should have air-conditioner.</Message>
              <StackTrace>   at UnitTest.BnlpTest.all_persons_modal_should() in D:\software\Project\BNLP\UnitTest\BnlpTest.cs:line 112
</StackTrace>
            </ErrorInfo>
          </Output>
        </UnitTestResult>
        <UnitTestResult executionId="d25d65d8-43a0-455a-bc9f-25a33c5037b3" parentExecutionId="2b24ac6b-29ce-488b-abcb-b12b51de9b41" testId="783915fe-114a-e353-78dd-56e92a60f942" testName="all_persons_modal_should" computerName="ARPAN-LAP" duration="00:00:00.0229287" startTime="2014-06-25T20:31:01.5808768+05:30" endTime="2014-06-25T20:31:01.6038781+05:30" testType="13cdc9d9-ddb5-4fa4-a97d-d965ccfc6d4b" outcome="Failed" testListId="8c84fa94-04c1-424b-9868-57a2d4851a1d" relativeResultsDirectory="2b24ac6b-29ce-488b-abcb-b12b51de9b41" dataRowInfo="15" resultType="DataDrivenDataRow">
          <Output>
            <ErrorInfo>
              <Message>Assert.AreEqual failed. Expected:&lt;এইটি করা উচিত ।&gt;. Actual:&lt;এইটি করা উচিত নয় ।&gt;. It should be done.</Message>
              <StackTrace>   at UnitTest.BnlpTest.all_persons_modal_should() in D:\software\Project\BNLP\UnitTest\BnlpTest.cs:line 112
</StackTrace>
            </ErrorInfo>
          </Output>
        </UnitTestResult>
        <UnitTestResult executionId="eea68c0d-2e61-41c0-9593-760a269c3cf2" parentExecutionId="2b24ac6b-29ce-488b-abcb-b12b51de9b41" testId="783915fe-114a-e353-78dd-56e92a60f942" testName="all_persons_modal_should" computerName="ARPAN-LAP" duration="00:00:00.0274351" startTime="2014-06-25T20:31:01.6038781+05:30" endTime="2014-06-25T20:31:01.6318797+05:30" testType="13cdc9d9-ddb5-4fa4-a97d-d965ccfc6d4b" outcome="Passed" testListId="8c84fa94-04c1-424b-9868-57a2d4851a1d" relativeResultsDirectory="2b24ac6b-29ce-488b-abcb-b12b51de9b41" dataRowInfo="16" resultType="DataDrivenDataRow" />
      </InnerResults>
    </UnitTestResult>
    <UnitTestResult executionId="c2cce0fd-55c2-4f84-bb2b-63f964df28f6" testId="7f7910d1-dc89-39b4-b4cf-d9e6d7af9420" testName="interrogative_sentences_what" computerName="ARPAN-LAP" duration="00:00:00.2379181" startTime="2014-06-25T20:31:01.6898830+05:30" endTime="2014-06-25T20:31:01.9578984+05:30" testType="13cdc9d9-ddb5-4fa4-a97d-d965ccfc6d4b" outcome="Failed" testListId="8c84fa94-04c1-424b-9868-57a2d4851a1d" relativeResultsDirectory="c2cce0fd-55c2-4f84-bb2b-63f964df28f6" resultType="DataDrivenTest">
      <Counters error="0" failed="6" timeout="0" aborted="0" inconclusive="0" passedButRunAborted="0" notRunnable="0" notExecuted="0" disconnected="0" warning="0" passed="3" completed="0" inProgress="0" pending="0" />
      <InnerResults>
        <UnitTestResult executionId="66bcc676-be45-471e-aec6-d27fef47f91e" parentExecutionId="c2cce0fd-55c2-4f84-bb2b-63f964df28f6" testId="7f7910d1-dc89-39b4-b4cf-d9e6d7af9420" testName="interrogative_sentences_what" computerName="ARPAN-LAP" duration="00:00:00.0222624" startTime="2014-06-25T20:31:01.7008837+05:30" endTime="2014-06-25T20:31:01.7238850+05:30" testType="13cdc9d9-ddb5-4fa4-a97d-d965ccfc6d4b" outcome="Passed" testListId="8c84fa94-04c1-424b-9868-57a2d4851a1d" relativeResultsDirectory="c2cce0fd-55c2-4f84-bb2b-63f964df28f6" dataRowInfo="0" resultType="DataDrivenDataRow" />
        <UnitTestResult executionId="2067cbf1-6544-4e9b-9797-2e98c56a41ba" parentExecutionId="c2cce0fd-55c2-4f84-bb2b-63f964df28f6" testId="7f7910d1-dc89-39b4-b4cf-d9e6d7af9420" testName="interrogative_sentences_what" computerName="ARPAN-LAP" duration="00:00:00.0223399" startTime="2014-06-25T20:31:01.7238850+05:30" endTime="2014-06-25T20:31:01.7458862+05:30" testType="13cdc9d9-ddb5-4fa4-a97d-d965ccfc6d4b" outcome="Failed" testListId="8c84fa94-04c1-424b-9868-57a2d4851a1d" relativeResultsDirectory="c2cce0fd-55c2-4f84-bb2b-63f964df28f6" dataRowInfo="1" resultType="DataDrivenDataRow">
          <Output>
            <ErrorInfo>
              <Message>Assert.AreEqual failed. Expected:&lt;আমার নাম কি ছিল ?&gt;. Actual:&lt;আমার নাম কি 3.2 ?&gt;. What was my name?</Message>
              <StackTrace>   at UnitTest.BnlpTest.interrogative_sentences_what() in D:\software\Project\BNLP\UnitTest\BnlpTest.cs:line 292
</StackTrace>
            </ErrorInfo>
          </Output>
        </UnitTestResult>
        <UnitTestResult executionId="76698b4f-a413-422c-9b65-1ff4ee10e1bf" parentExecutionId="c2cce0fd-55c2-4f84-bb2b-63f964df28f6" testId="7f7910d1-dc89-39b4-b4cf-d9e6d7af9420" testName="interrogative_sentences_what" computerName="ARPAN-LAP" duration="00:00:00.0280388" startTime="2014-06-25T20:31:01.7458862+05:30" endTime="2014-06-25T20:31:01.7738878+05:30" testType="13cdc9d9-ddb5-4fa4-a97d-d965ccfc6d4b" outcome="Failed" testListId="8c84fa94-04c1-424b-9868-57a2d4851a1d" relativeResultsDirectory="c2cce0fd-55c2-4f84-bb2b-63f964df28f6" dataRowInfo="2" resultType="DataDrivenDataRow">
          <Output>
            <ErrorInfo>
              <Message>Assert.AreEqual failed. Expected:&lt;আমার নাম কি হবে ?&gt;. Actual:&lt;আমার নাম কি 3.3 ?&gt;. What will be my name?</Message>
              <StackTrace>   at UnitTest.BnlpTest.interrogative_sentences_what() in D:\software\Project\BNLP\UnitTest\BnlpTest.cs:line 292
</StackTrace>
            </ErrorInfo>
          </Output>
        </UnitTestResult>
        <UnitTestResult executionId="d4cc99b6-e626-4e17-a2cf-e9350e5a26ef" parentExecutionId="c2cce0fd-55c2-4f84-bb2b-63f964df28f6" testId="7f7910d1-dc89-39b4-b4cf-d9e6d7af9420" testName="interrogative_sentences_what" computerName="ARPAN-LAP" duration="00:00:00.0208304" startTime="2014-06-25T20:31:01.7738878+05:30" endTime="2014-06-25T20:31:01.7948890+05:30" testType="13cdc9d9-ddb5-4fa4-a97d-d965ccfc6d4b" outcome="Passed" testListId="8c84fa94-04c1-424b-9868-57a2d4851a1d" relativeResultsDirectory="c2cce0fd-55c2-4f84-bb2b-63f964df28f6" dataRowInfo="3" resultType="DataDrivenDataRow" />
        <UnitTestResult executionId="3c6df705-5d17-4c16-83f3-a155c219dadf" parentExecutionId="c2cce0fd-55c2-4f84-bb2b-63f964df28f6" testId="7f7910d1-dc89-39b4-b4cf-d9e6d7af9420" testName="interrogative_sentences_what" computerName="ARPAN-LAP" duration="00:00:00.0220561" startTime="2014-06-25T20:31:01.7948890+05:30" endTime="2014-06-25T20:31:01.8168903+05:30" testType="13cdc9d9-ddb5-4fa4-a97d-d965ccfc6d4b" outcome="Failed" testListId="8c84fa94-04c1-424b-9868-57a2d4851a1d" relativeResultsDirectory="c2cce0fd-55c2-4f84-bb2b-63f964df28f6" dataRowInfo="4" resultType="DataDrivenDataRow">
          <Output>
            <ErrorInfo>
              <Message>Assert.AreEqual failed. Expected:&lt;আপনার নাম কি ছিল ?&gt;. Actual:&lt;আপনার নাম কি 3.2 ?&gt;. What was your name?</Message>
              <StackTrace>   at UnitTest.BnlpTest.interrogative_sentences_what() in D:\software\Project\BNLP\UnitTest\BnlpTest.cs:line 292
</StackTrace>
            </ErrorInfo>
          </Output>
        </UnitTestResult>
        <UnitTestResult executionId="60ab87dc-555e-469c-a0ad-01051900770d" parentExecutionId="c2cce0fd-55c2-4f84-bb2b-63f964df28f6" testId="7f7910d1-dc89-39b4-b4cf-d9e6d7af9420" testName="interrogative_sentences_what" computerName="ARPAN-LAP" duration="00:00:00.0304958" startTime="2014-06-25T20:31:01.8168903+05:30" endTime="2014-06-25T20:31:01.8478921+05:30" testType="13cdc9d9-ddb5-4fa4-a97d-d965ccfc6d4b" outcome="Failed" testListId="8c84fa94-04c1-424b-9868-57a2d4851a1d" relativeResultsDirectory="c2cce0fd-55c2-4f84-bb2b-63f964df28f6" dataRowInfo="5" resultType="DataDrivenDataRow">
          <Output>
            <ErrorInfo>
              <Message>Assert.AreEqual failed. Expected:&lt;আপনার নাম কি হবে ?&gt;. Actual:&lt;আপনার নাম কি 3.3 ?&gt;. What will be your name?</Message>
              <StackTrace>   at UnitTest.BnlpTest.interrogative_sentences_what() in D:\software\Project\BNLP\UnitTest\BnlpTest.cs:line 292
</StackTrace>
            </ErrorInfo>
          </Output>
        </UnitTestResult>
        <UnitTestResult executionId="e84940b3-22ca-4237-96f6-e5940819ef15" parentExecutionId="c2cce0fd-55c2-4f84-bb2b-63f964df28f6" testId="7f7910d1-dc89-39b4-b4cf-d9e6d7af9420" testName="interrogative_sentences_what" computerName="ARPAN-LAP" duration="00:00:00.0257793" startTime="2014-06-25T20:31:01.8478921+05:30" endTime="2014-06-25T20:31:01.8728935+05:30" testType="13cdc9d9-ddb5-4fa4-a97d-d965ccfc6d4b" outcome="Passed" testListId="8c84fa94-04c1-424b-9868-57a2d4851a1d" relativeResultsDirectory="c2cce0fd-55c2-4f84-bb2b-63f964df28f6" dataRowInfo="6" resultType="DataDrivenDataRow" />
        <UnitTestResult executionId="6acecfc0-34c8-4967-a5b6-64ce1ad27dbf" parentExecutionId="c2cce0fd-55c2-4f84-bb2b-63f964df28f6" testId="7f7910d1-dc89-39b4-b4cf-d9e6d7af9420" testName="interrogative_sentences_what" computerName="ARPAN-LAP" duration="00:00:00.0250151" startTime="2014-06-25T20:31:01.8738936+05:30" endTime="2014-06-25T20:31:01.8988950+05:30" testType="13cdc9d9-ddb5-4fa4-a97d-d965ccfc6d4b" outcome="Failed" testListId="8c84fa94-04c1-424b-9868-57a2d4851a1d" relativeResultsDirectory="c2cce0fd-55c2-4f84-bb2b-63f964df28f6" dataRowInfo="7" resultType="DataDrivenDataRow">
          <Output>
            <ErrorInfo>
              <Message>Assert.AreEqual failed. Expected:&lt;তার নাম কি ছিল ?&gt;. Actual:&lt;তার নাম কি 3.2 ?&gt;. What was her name?</Message>
              <StackTrace>   at UnitTest.BnlpTest.interrogative_sentences_what() in D:\software\Project\BNLP\UnitTest\BnlpTest.cs:line 292
</StackTrace>
            </ErrorInfo>
          </Output>
        </UnitTestResult>
        <UnitTestResult executionId="1af821ed-bc62-4082-bf51-852b132dcb16" parentExecutionId="c2cce0fd-55c2-4f84-bb2b-63f964df28f6" testId="7f7910d1-dc89-39b4-b4cf-d9e6d7af9420" testName="interrogative_sentences_what" computerName="ARPAN-LAP" duration="00:00:00.0320197" startTime="2014-06-25T20:31:01.8988950+05:30" endTime="2014-06-25T20:31:01.9308968+05:30" testType="13cdc9d9-ddb5-4fa4-a97d-d965ccfc6d4b" outcome="Failed" testListId="8c84fa94-04c1-424b-9868-57a2d4851a1d" relativeResultsDirectory="c2cce0fd-55c2-4f84-bb2b-63f964df28f6" dataRowInfo="8" resultType="DataDrivenDataRow">
          <Output>
            <ErrorInfo>
              <Message>Assert.AreEqual failed. Expected:&lt;তার নাম কি হবে ?&gt;. Actual:&lt;তার নাম কি 3.3 ?&gt;. What will be her name?</Message>
              <StackTrace>   at UnitTest.BnlpTest.interrogative_sentences_what() in D:\software\Project\BNLP\UnitTest\BnlpTest.cs:line 292
</StackTrace>
            </ErrorInfo>
          </Output>
        </UnitTestResult>
      </InnerResults>
    </UnitTestResult>
    <UnitTestResult executionId="ea71f552-8d9f-4815-adc7-c08dda4d440b" testId="83c68223-dcaa-51dd-423f-434210a59f77" testName="second_person_tenses_active_negation" computerName="ARPAN-LAP" duration="00:00:00.6491931" startTime="2014-06-25T20:31:01.9668989+05:30" endTime="2014-06-25T20:31:02.6649388+05:30" testType="13cdc9d9-ddb5-4fa4-a97d-d965ccfc6d4b" outcome="Failed" testListId="8c84fa94-04c1-424b-9868-57a2d4851a1d" relativeResultsDirectory="ea71f552-8d9f-4815-adc7-c08dda4d440b" resultType="DataDrivenTest">
      <Counters error="0" failed="10" timeout="0" aborted="0" inconclusive="0" passedButRunAborted="0" notRunnable="0" notExecuted="0" disconnected="0" warning="0" passed="0" completed="0" inProgress="0" pending="0" />
      <InnerResults>
        <UnitTestResult executionId="9fe4167f-706a-4a52-ba69-db5563b064b7" parentExecutionId="ea71f552-8d9f-4815-adc7-c08dda4d440b" testId="83c68223-dcaa-51dd-423f-434210a59f77" testName="second_person_tenses_active_negation" computerName="ARPAN-LAP" duration="00:00:00.0388179" startTime="2014-06-25T20:31:02.1629101+05:30" endTime="2014-06-25T20:31:02.2019123+05:30" testType="13cdc9d9-ddb5-4fa4-a97d-d965ccfc6d4b" outcome="Failed" testListId="8c84fa94-04c1-424b-9868-57a2d4851a1d" relativeResultsDirectory="ea71f552-8d9f-4815-adc7-c08dda4d440b" dataRowInfo="0" resultType="DataDrivenDataRow">
          <Output>
            <ErrorInfo>
              <Message>Assert.AreEqual failed. Expected:&lt;আপনি কাজ করেন না ।&gt;. Actual:&lt;আপনার না কাজ করা হয় ।&gt;. You do not work.</Message>
              <StackTrace>   at UnitTest.BnlpTest.second_person_tenses_active_negation() in D:\software\Project\BNLP\UnitTest\BnlpTest.cs:line 454
</StackTrace>
            </ErrorInfo>
          </Output>
        </UnitTestResult>
        <UnitTestResult executionId="aac9b193-e7f6-425c-ac36-e2a358fe06ca" parentExecutionId="ea71f552-8d9f-4815-adc7-c08dda4d440b" testId="83c68223-dcaa-51dd-423f-434210a59f77" testName="second_person_tenses_active_negation" computerName="ARPAN-LAP" duration="00:00:00.0268824" startTime="2014-06-25T20:31:02.2019123+05:30" endTime="2014-06-25T20:31:02.2289139+05:30" testType="13cdc9d9-ddb5-4fa4-a97d-d965ccfc6d4b" outcome="Failed" testListId="8c84fa94-04c1-424b-9868-57a2d4851a1d" relativeResultsDirectory="ea71f552-8d9f-4815-adc7-c08dda4d440b" dataRowInfo="1" resultType="DataDrivenDataRow">
          <Output>
            <ErrorInfo>
              <Message>Assert.AreEqual failed. Expected:&lt;আপনি কাজ করছেন না ।&gt;. Actual:&lt;আপনার না কাজ করা হচ্ছে ।&gt;. You are not working.</Message>
              <StackTrace>   at UnitTest.BnlpTest.second_person_tenses_active_negation() in D:\software\Project\BNLP\UnitTest\BnlpTest.cs:line 454
</StackTrace>
            </ErrorInfo>
          </Output>
        </UnitTestResult>
        <UnitTestResult executionId="2d248b39-4f85-435d-9c65-cff68ddb4f64" parentExecutionId="ea71f552-8d9f-4815-adc7-c08dda4d440b" testId="83c68223-dcaa-51dd-423f-434210a59f77" testName="second_person_tenses_active_negation" computerName="ARPAN-LAP" duration="00:00:00.0273587" startTime="2014-06-25T20:31:02.2289139+05:30" endTime="2014-06-25T20:31:02.2559154+05:30" testType="13cdc9d9-ddb5-4fa4-a97d-d965ccfc6d4b" outcome="Failed" testListId="8c84fa94-04c1-424b-9868-57a2d4851a1d" relativeResultsDirectory="ea71f552-8d9f-4815-adc7-c08dda4d440b" dataRowInfo="2" resultType="DataDrivenDataRow">
          <Output>
            <ErrorInfo>
              <Message>Assert.AreEqual failed. Expected:&lt;আপনি কাজ করেননি ।&gt;. Actual:&lt;আপনার না কাজ করা হয়েছে ।&gt;. You have not worked.</Message>
              <StackTrace>   at UnitTest.BnlpTest.second_person_tenses_active_negation() in D:\software\Project\BNLP\UnitTest\BnlpTest.cs:line 454
</StackTrace>
            </ErrorInfo>
          </Output>
        </UnitTestResult>
        <UnitTestResult executionId="f5d1d197-f418-43f1-8873-de2d07ececdb" parentExecutionId="ea71f552-8d9f-4815-adc7-c08dda4d440b" testId="83c68223-dcaa-51dd-423f-434210a59f77" testName="second_person_tenses_active_negation" computerName="ARPAN-LAP" duration="00:00:00.0364846" startTime="2014-06-25T20:31:02.2559154+05:30" endTime="2014-06-25T20:31:02.2929175+05:30" testType="13cdc9d9-ddb5-4fa4-a97d-d965ccfc6d4b" outcome="Failed" testListId="8c84fa94-04c1-424b-9868-57a2d4851a1d" relativeResultsDirectory="ea71f552-8d9f-4815-adc7-c08dda4d440b" dataRowInfo="3" resultType="DataDrivenDataRow">
          <Output>
            <ErrorInfo>
              <Message>Assert.AreEqual failed. Expected:&lt;আপনি কাজ করছেন না ।&gt;. Actual:&lt;আপনাকে না কাজ করছেন ।&gt;. You have not been working.</Message>
              <StackTrace>   at UnitTest.BnlpTest.second_person_tenses_active_negation() in D:\software\Project\BNLP\UnitTest\BnlpTest.cs:line 454
</StackTrace>
            </ErrorInfo>
          </Output>
        </UnitTestResult>
        <UnitTestResult executionId="b53bda63-2081-499a-9ad5-39f6e765b3fc" parentExecutionId="ea71f552-8d9f-4815-adc7-c08dda4d440b" testId="83c68223-dcaa-51dd-423f-434210a59f77" testName="second_person_tenses_active_negation" computerName="ARPAN-LAP" duration="00:00:00.0248842" startTime="2014-06-25T20:31:02.2929175+05:30" endTime="2014-06-25T20:31:02.3179190+05:30" testType="13cdc9d9-ddb5-4fa4-a97d-d965ccfc6d4b" outcome="Failed" testListId="8c84fa94-04c1-424b-9868-57a2d4851a1d" relativeResultsDirectory="ea71f552-8d9f-4815-adc7-c08dda4d440b" dataRowInfo="4" resultType="DataDrivenDataRow">
          <Output>
            <ErrorInfo>
              <Message>Assert.AreEqual failed. Expected:&lt;আপনি কাজ করেননি ।&gt;. Actual:&lt;আপনাকে না কাজ করা হয়েছিল ।&gt;. You did not work.</Message>
              <StackTrace>   at UnitTest.BnlpTest.second_person_tenses_active_negation() in D:\software\Project\BNLP\UnitTest\BnlpTest.cs:line 454
</StackTrace>
            </ErrorInfo>
          </Output>
        </UnitTestResult>
        <UnitTestResult executionId="2425e9ec-671d-492c-a36b-02adec415c55" parentExecutionId="ea71f552-8d9f-4815-adc7-c08dda4d440b" testId="83c68223-dcaa-51dd-423f-434210a59f77" testName="second_person_tenses_active_negation" computerName="ARPAN-LAP" duration="00:00:00.0250792" startTime="2014-06-25T20:31:02.3179190+05:30" endTime="2014-06-25T20:31:02.3429204+05:30" testType="13cdc9d9-ddb5-4fa4-a97d-d965ccfc6d4b" outcome="Failed" testListId="8c84fa94-04c1-424b-9868-57a2d4851a1d" relativeResultsDirectory="ea71f552-8d9f-4815-adc7-c08dda4d440b" dataRowInfo="5" resultType="DataDrivenDataRow">
          <Output>
            <ErrorInfo>
              <Message>Assert.AreEqual failed. Expected:&lt;আপনি কাজ করছিলেন না ।&gt;. Actual:&lt;আপনার না কাজ করা হচ্ছিল ।&gt;. You were not working.</Message>
              <StackTrace>   at UnitTest.BnlpTest.second_person_tenses_active_negation() in D:\software\Project\BNLP\UnitTest\BnlpTest.cs:line 454
</StackTrace>
            </ErrorInfo>
          </Output>
        </UnitTestResult>
        <UnitTestResult executionId="4507db0f-9963-448b-be76-562f417fd86f" parentExecutionId="ea71f552-8d9f-4815-adc7-c08dda4d440b" testId="83c68223-dcaa-51dd-423f-434210a59f77" testName="second_person_tenses_active_negation" computerName="ARPAN-LAP" duration="00:00:00.0218000" startTime="2014-06-25T20:31:02.3429204+05:30" endTime="2014-06-25T20:31:02.3649216+05:30" testType="13cdc9d9-ddb5-4fa4-a97d-d965ccfc6d4b" outcome="Failed" testListId="8c84fa94-04c1-424b-9868-57a2d4851a1d" relativeResultsDirectory="ea71f552-8d9f-4815-adc7-c08dda4d440b" dataRowInfo="6" resultType="DataDrivenDataRow">
          <Output>
            <ErrorInfo>
              <Message>Assert.AreEqual failed. Expected:&lt;আপনি কাজ করেননি ।&gt;. Actual:&lt;আপনার না কাজ করা হয়েছিল ।&gt;. You had not worked.</Message>
              <StackTrace>   at UnitTest.BnlpTest.second_person_tenses_active_negation() in D:\software\Project\BNLP\UnitTest\BnlpTest.cs:line 454
</StackTrace>
            </ErrorInfo>
          </Output>
        </UnitTestResult>
        <UnitTestResult executionId="c2aabbeb-e778-4e1c-9ea0-d026acd0733d" parentExecutionId="ea71f552-8d9f-4815-adc7-c08dda4d440b" testId="83c68223-dcaa-51dd-423f-434210a59f77" testName="second_person_tenses_active_negation" computerName="ARPAN-LAP" duration="00:00:00.0277708" startTime="2014-06-25T20:31:02.3649216+05:30" endTime="2014-06-25T20:31:02.3929232+05:30" testType="13cdc9d9-ddb5-4fa4-a97d-d965ccfc6d4b" outcome="Failed" testListId="8c84fa94-04c1-424b-9868-57a2d4851a1d" relativeResultsDirectory="ea71f552-8d9f-4815-adc7-c08dda4d440b" dataRowInfo="7" resultType="DataDrivenDataRow">
          <Output>
            <ErrorInfo>
              <Message>Assert.AreEqual failed. Expected:&lt;আপনি কাজ করছিলেন না ।&gt;. Actual:&lt;আপনাকে না কাজ করছিলেন ।&gt;. You had not been working.</Message>
              <StackTrace>   at UnitTest.BnlpTest.second_person_tenses_active_negation() in D:\software\Project\BNLP\UnitTest\BnlpTest.cs:line 454
</StackTrace>
            </ErrorInfo>
          </Output>
        </UnitTestResult>
        <UnitTestResult executionId="a4a76efd-b2b1-40cb-a73b-01133d24a369" parentExecutionId="ea71f552-8d9f-4815-adc7-c08dda4d440b" testId="83c68223-dcaa-51dd-423f-434210a59f77" testName="second_person_tenses_active_negation" computerName="ARPAN-LAP" duration="00:00:00.0212118" startTime="2014-06-25T20:31:02.3929232+05:30" endTime="2014-06-25T20:31:02.4139244+05:30" testType="13cdc9d9-ddb5-4fa4-a97d-d965ccfc6d4b" outcome="Failed" testListId="8c84fa94-04c1-424b-9868-57a2d4851a1d" relativeResultsDirectory="ea71f552-8d9f-4815-adc7-c08dda4d440b" dataRowInfo="8" resultType="DataDrivenDataRow">
          <Output>
            <ErrorInfo>
              <Message>Assert.AreEqual failed. Expected:&lt;আপনি কাজ করবেন না ।&gt;. Actual:&lt;আপনার না কাজ করা হবে ।&gt;. You will not work.</Message>
              <StackTrace>   at UnitTest.BnlpTest.second_person_tenses_active_negation() in D:\software\Project\BNLP\UnitTest\BnlpTest.cs:line 454
</StackTrace>
            </ErrorInfo>
          </Output>
        </UnitTestResult>
        <UnitTestResult executionId="a400faf4-7cbf-450d-85ac-44b662c003e2" parentExecutionId="ea71f552-8d9f-4815-adc7-c08dda4d440b" testId="83c68223-dcaa-51dd-423f-434210a59f77" testName="second_person_tenses_active_negation" computerName="ARPAN-LAP" duration="00:00:00.2053846" startTime="2014-06-25T20:31:02.4139244+05:30" endTime="2014-06-25T20:31:02.6189362+05:30" testType="13cdc9d9-ddb5-4fa4-a97d-d965ccfc6d4b" outcome="Failed" testListId="8c84fa94-04c1-424b-9868-57a2d4851a1d" relativeResultsDirectory="ea71f552-8d9f-4815-adc7-c08dda4d440b" dataRowInfo="9" resultType="DataDrivenDataRow">
          <Output>
            <ErrorInfo>
              <Message>Assert.AreEqual failed. Expected:&lt;আপনি কাজ করবেন না ।&gt;. Actual:&lt;আপনার না কাজ করা হবে ।&gt;. You will not be working.</Message>
              <StackTrace>   at UnitTest.BnlpTest.second_person_tenses_active_negation() in D:\software\Project\BNLP\UnitTest\BnlpTest.cs:line 454
</StackTrace>
            </ErrorInfo>
          </Output>
        </UnitTestResult>
      </InnerResults>
    </UnitTestResult>
    <UnitTestResult executionId="1b7f03ff-f3f7-4929-8064-a11cd0629c63" testId="8fe5ccb3-a3f4-0f61-ad21-e94ef029e900" testName="all_persons_modal_can_may" computerName="ARPAN-LAP" duration="00:00:00.7087619" startTime="2014-06-25T20:31:02.6769395+05:30" endTime="2014-06-25T20:31:03.4709849+05:30" testType="13cdc9d9-ddb5-4fa4-a97d-d965ccfc6d4b" outcome="Failed" testListId="8c84fa94-04c1-424b-9868-57a2d4851a1d" relativeResultsDirectory="1b7f03ff-f3f7-4929-8064-a11cd0629c63" resultType="DataDrivenTest">
      <Counters error="0" failed="15" timeout="0" aborted="0" inconclusive="0" passedButRunAborted="0" notRunnable="0" notExecuted="0" disconnected="0" warning="0" passed="14" completed="0" inProgress="0" pending="0" />
      <InnerResults>
        <UnitTestResult executionId="b715194d-1483-4293-92f0-45ad1247f740" parentExecutionId="1b7f03ff-f3f7-4929-8064-a11cd0629c63" testId="8fe5ccb3-a3f4-0f61-ad21-e94ef029e900" testName="all_persons_modal_can_may" computerName="ARPAN-LAP" duration="00:00:00.0263398" startTime="2014-06-25T20:31:02.6919403+05:30" endTime="2014-06-25T20:31:02.7189419+05:30" testType="13cdc9d9-ddb5-4fa4-a97d-d965ccfc6d4b" outcome="Passed" testListId="8c84fa94-04c1-424b-9868-57a2d4851a1d" relativeResultsDirectory="1b7f03ff-f3f7-4929-8064-a11cd0629c63" dataRowInfo="0" resultType="DataDrivenDataRow" />
        <UnitTestResult executionId="6a912bcc-437d-4011-beee-e91d8c2ee43f" parentExecutionId="1b7f03ff-f3f7-4929-8064-a11cd0629c63" testId="8fe5ccb3-a3f4-0f61-ad21-e94ef029e900" testName="all_persons_modal_can_may" computerName="ARPAN-LAP" duration="00:00:00.0230837" startTime="2014-06-25T20:31:02.7189419+05:30" endTime="2014-06-25T20:31:02.7419432+05:30" testType="13cdc9d9-ddb5-4fa4-a97d-d965ccfc6d4b" outcome="Failed" testListId="8c84fa94-04c1-424b-9868-57a2d4851a1d" relativeResultsDirectory="1b7f03ff-f3f7-4929-8064-a11cd0629c63" dataRowInfo="1" resultType="DataDrivenDataRow">
          <Output>
            <ErrorInfo>
              <Message>Assert.AreEqual failed. Expected:&lt;আমি কাজ করতে পারি ।&gt;. Actual:&lt;আমি কাজ করতে নাও পারি ।&gt;. I may work.</Message>
              <StackTrace>   at UnitTest.BnlpTest.all_persons_modal_can_may() in D:\software\Project\BNLP\UnitTest\BnlpTest.cs:line 76
</StackTrace>
            </ErrorInfo>
          </Output>
        </UnitTestResult>
        <UnitTestResult executionId="fa961bc1-0d79-4080-a344-518860e6087b" parentExecutionId="1b7f03ff-f3f7-4929-8064-a11cd0629c63" testId="8fe5ccb3-a3f4-0f61-ad21-e94ef029e900" testName="all_persons_modal_can_may" computerName="ARPAN-LAP" duration="00:00:00.0245336" startTime="2014-06-25T20:31:02.7419432+05:30" endTime="2014-06-25T20:31:02.7659446+05:30" testType="13cdc9d9-ddb5-4fa4-a97d-d965ccfc6d4b" outcome="Passed" testListId="8c84fa94-04c1-424b-9868-57a2d4851a1d" relativeResultsDirectory="1b7f03ff-f3f7-4929-8064-a11cd0629c63" dataRowInfo="2" resultType="DataDrivenDataRow" />
        <UnitTestResult executionId="ea8caa1f-454d-4ff1-910a-7926a7adce71" parentExecutionId="1b7f03ff-f3f7-4929-8064-a11cd0629c63" testId="8fe5ccb3-a3f4-0f61-ad21-e94ef029e900" testName="all_persons_modal_can_may" computerName="ARPAN-LAP" duration="00:00:00.0268141" startTime="2014-06-25T20:31:02.7659446+05:30" endTime="2014-06-25T20:31:02.7929461+05:30" testType="13cdc9d9-ddb5-4fa4-a97d-d965ccfc6d4b" outcome="Failed" testListId="8c84fa94-04c1-424b-9868-57a2d4851a1d" relativeResultsDirectory="1b7f03ff-f3f7-4929-8064-a11cd0629c63" dataRowInfo="3" resultType="DataDrivenDataRow">
          <Output>
            <ErrorInfo>
              <Message>Assert.AreEqual failed. Expected:&lt;আমি কাজ করতে পারি ।&gt;. Actual:&lt;আমি কাজ করতে নাও পারি ।&gt;. I might work.</Message>
              <StackTrace>   at UnitTest.BnlpTest.all_persons_modal_can_may() in D:\software\Project\BNLP\UnitTest\BnlpTest.cs:line 76
</StackTrace>
            </ErrorInfo>
          </Output>
        </UnitTestResult>
        <UnitTestResult executionId="4cb8f42f-02ac-4a60-a449-ec39213c6597" parentExecutionId="1b7f03ff-f3f7-4929-8064-a11cd0629c63" testId="8fe5ccb3-a3f4-0f61-ad21-e94ef029e900" testName="all_persons_modal_can_may" computerName="ARPAN-LAP" duration="00:00:00.0261438" startTime="2014-06-25T20:31:02.7929461+05:30" endTime="2014-06-25T20:31:02.8189476+05:30" testType="13cdc9d9-ddb5-4fa4-a97d-d965ccfc6d4b" outcome="Passed" testListId="8c84fa94-04c1-424b-9868-57a2d4851a1d" relativeResultsDirectory="1b7f03ff-f3f7-4929-8064-a11cd0629c63" dataRowInfo="4" resultType="DataDrivenDataRow" />
        <UnitTestResult executionId="ed9913e7-2bfa-4a42-b425-045b9b96bb67" parentExecutionId="1b7f03ff-f3f7-4929-8064-a11cd0629c63" testId="8fe5ccb3-a3f4-0f61-ad21-e94ef029e900" testName="all_persons_modal_can_may" computerName="ARPAN-LAP" duration="00:00:00.0276944" startTime="2014-06-25T20:31:02.8189476+05:30" endTime="2014-06-25T20:31:02.8469492+05:30" testType="13cdc9d9-ddb5-4fa4-a97d-d965ccfc6d4b" outcome="Failed" testListId="8c84fa94-04c1-424b-9868-57a2d4851a1d" relativeResultsDirectory="1b7f03ff-f3f7-4929-8064-a11cd0629c63" dataRowInfo="5" resultType="DataDrivenDataRow">
          <Output>
            <ErrorInfo>
              <Message>Assert.AreEqual failed. Expected:&lt;আমি কাজ করতে পারি ।&gt;. Actual:&lt;আমি কাজ করতে নাও পারি ।&gt;. I might have worked.</Message>
              <StackTrace>   at UnitTest.BnlpTest.all_persons_modal_can_may() in D:\software\Project\BNLP\UnitTest\BnlpTest.cs:line 76
</StackTrace>
            </ErrorInfo>
          </Output>
        </UnitTestResult>
        <UnitTestResult executionId="00285e85-bcf0-4686-b4d7-122a25de8eee" parentExecutionId="1b7f03ff-f3f7-4929-8064-a11cd0629c63" testId="8fe5ccb3-a3f4-0f61-ad21-e94ef029e900" testName="all_persons_modal_can_may" computerName="ARPAN-LAP" duration="00:00:00.0302484" startTime="2014-06-25T20:31:02.8469492+05:30" endTime="2014-06-25T20:31:02.8769509+05:30" testType="13cdc9d9-ddb5-4fa4-a97d-d965ccfc6d4b" outcome="Passed" testListId="8c84fa94-04c1-424b-9868-57a2d4851a1d" relativeResultsDirectory="1b7f03ff-f3f7-4929-8064-a11cd0629c63" dataRowInfo="6" resultType="DataDrivenDataRow" />
        <UnitTestResult executionId="590ef202-8ca3-4a02-9160-8f991d197345" parentExecutionId="1b7f03ff-f3f7-4929-8064-a11cd0629c63" testId="8fe5ccb3-a3f4-0f61-ad21-e94ef029e900" testName="all_persons_modal_can_may" computerName="ARPAN-LAP" duration="00:00:00.0361130" startTime="2014-06-25T20:31:02.8769509+05:30" endTime="2014-06-25T20:31:02.9129530+05:30" testType="13cdc9d9-ddb5-4fa4-a97d-d965ccfc6d4b" outcome="Failed" testListId="8c84fa94-04c1-424b-9868-57a2d4851a1d" relativeResultsDirectory="1b7f03ff-f3f7-4929-8064-a11cd0629c63" dataRowInfo="7" resultType="DataDrivenDataRow">
          <Output>
            <ErrorInfo>
              <Message>Assert.AreEqual failed. Expected:&lt;আমার এই বইটি থাকতে পারে ।&gt;. Actual:&lt;আমার এই বইটি থাকতে নাও পারে ।&gt;. I may have this book.</Message>
              <StackTrace>   at UnitTest.BnlpTest.all_persons_modal_can_may() in D:\software\Project\BNLP\UnitTest\BnlpTest.cs:line 76
</StackTrace>
            </ErrorInfo>
          </Output>
        </UnitTestResult>
        <UnitTestResult executionId="ad584379-fd4f-4989-ae6e-1199d06b9b0a" parentExecutionId="1b7f03ff-f3f7-4929-8064-a11cd0629c63" testId="8fe5ccb3-a3f4-0f61-ad21-e94ef029e900" testName="all_persons_modal_can_may" computerName="ARPAN-LAP" duration="00:00:00.0266226" startTime="2014-06-25T20:31:02.9129530+05:30" endTime="2014-06-25T20:31:02.9399545+05:30" testType="13cdc9d9-ddb5-4fa4-a97d-d965ccfc6d4b" outcome="Failed" testListId="8c84fa94-04c1-424b-9868-57a2d4851a1d" relativeResultsDirectory="1b7f03ff-f3f7-4929-8064-a11cd0629c63" dataRowInfo="8" resultType="DataDrivenDataRow">
          <Output>
            <ErrorInfo>
              <Message>Assert.AreEqual failed. Expected:&lt;আপনি কাজ করতে পারেন ।&gt;. Actual:&lt;আপনাকে কাজ করতে পারেন ।&gt;. You can work.</Message>
              <StackTrace>   at UnitTest.BnlpTest.all_persons_modal_can_may() in D:\software\Project\BNLP\UnitTest\BnlpTest.cs:line 76
</StackTrace>
            </ErrorInfo>
          </Output>
        </UnitTestResult>
        <UnitTestResult executionId="876325b1-7156-40f0-a851-0051e48acf02" parentExecutionId="1b7f03ff-f3f7-4929-8064-a11cd0629c63" testId="8fe5ccb3-a3f4-0f61-ad21-e94ef029e900" testName="all_persons_modal_can_may" computerName="ARPAN-LAP" duration="00:00:00.0210475" startTime="2014-06-25T20:31:02.9399545+05:30" endTime="2014-06-25T20:31:02.9609557+05:30" testType="13cdc9d9-ddb5-4fa4-a97d-d965ccfc6d4b" outcome="Failed" testListId="8c84fa94-04c1-424b-9868-57a2d4851a1d" relativeResultsDirectory="1b7f03ff-f3f7-4929-8064-a11cd0629c63" dataRowInfo="9" resultType="DataDrivenDataRow">
          <Output>
            <ErrorInfo>
              <Message>Assert.AreEqual failed. Expected:&lt;আপনি কাজ করতে পারেন ।&gt;. Actual:&lt;আপনাকে কাজ করতে নাও পারেন ।&gt;. You may work.</Message>
              <StackTrace>   at UnitTest.BnlpTest.all_persons_modal_can_may() in D:\software\Project\BNLP\UnitTest\BnlpTest.cs:line 76
</StackTrace>
            </ErrorInfo>
          </Output>
        </UnitTestResult>
        <UnitTestResult executionId="14868c41-0819-4f34-9989-e03246aa80d5" parentExecutionId="1b7f03ff-f3f7-4929-8064-a11cd0629c63" testId="8fe5ccb3-a3f4-0f61-ad21-e94ef029e900" testName="all_persons_modal_can_may" computerName="ARPAN-LAP" duration="00:00:00.0210527" startTime="2014-06-25T20:31:02.9609557+05:30" endTime="2014-06-25T20:31:02.9819569+05:30" testType="13cdc9d9-ddb5-4fa4-a97d-d965ccfc6d4b" outcome="Failed" testListId="8c84fa94-04c1-424b-9868-57a2d4851a1d" relativeResultsDirectory="1b7f03ff-f3f7-4929-8064-a11cd0629c63" dataRowInfo="10" resultType="DataDrivenDataRow">
          <Output>
            <ErrorInfo>
              <Message>Assert.AreEqual failed. Expected:&lt;আপনি কাজ করতে পারেন ।&gt;. Actual:&lt;আপনাকে কাজ করতে পারেন ।&gt;. You could work.</Message>
              <StackTrace>   at UnitTest.BnlpTest.all_persons_modal_can_may() in D:\software\Project\BNLP\UnitTest\BnlpTest.cs:line 76
</StackTrace>
            </ErrorInfo>
          </Output>
        </UnitTestResult>
        <UnitTestResult executionId="3b70db86-921e-4db6-8cab-92fa13df7da7" parentExecutionId="1b7f03ff-f3f7-4929-8064-a11cd0629c63" testId="8fe5ccb3-a3f4-0f61-ad21-e94ef029e900" testName="all_persons_modal_can_may" computerName="ARPAN-LAP" duration="00:00:00.0208997" startTime="2014-06-25T20:31:02.9819569+05:30" endTime="2014-06-25T20:31:03.0029581+05:30" testType="13cdc9d9-ddb5-4fa4-a97d-d965ccfc6d4b" outcome="Failed" testListId="8c84fa94-04c1-424b-9868-57a2d4851a1d" relativeResultsDirectory="1b7f03ff-f3f7-4929-8064-a11cd0629c63" dataRowInfo="11" resultType="DataDrivenDataRow">
          <Output>
            <ErrorInfo>
              <Message>Assert.AreEqual failed. Expected:&lt;আপনি কাজ করতে পারেন ।&gt;. Actual:&lt;আপনাকে কাজ করতে নাও পারেন ।&gt;. You might work.</Message>
              <StackTrace>   at UnitTest.BnlpTest.all_persons_modal_can_may() in D:\software\Project\BNLP\UnitTest\BnlpTest.cs:line 76
</StackTrace>
            </ErrorInfo>
          </Output>
        </UnitTestResult>
        <UnitTestResult executionId="4667f77e-fc5e-4348-909f-04de36e26fba" parentExecutionId="1b7f03ff-f3f7-4929-8064-a11cd0629c63" testId="8fe5ccb3-a3f4-0f61-ad21-e94ef029e900" testName="all_persons_modal_can_may" computerName="ARPAN-LAP" duration="00:00:00.0246681" startTime="2014-06-25T20:31:03.0029581+05:30" endTime="2014-06-25T20:31:03.0279596+05:30" testType="13cdc9d9-ddb5-4fa4-a97d-d965ccfc6d4b" outcome="Failed" testListId="8c84fa94-04c1-424b-9868-57a2d4851a1d" relativeResultsDirectory="1b7f03ff-f3f7-4929-8064-a11cd0629c63" dataRowInfo="12" resultType="DataDrivenDataRow">
          <Output>
            <ErrorInfo>
              <Message>Assert.AreEqual failed. Expected:&lt;আপনি কাজ করতে পারেন ।&gt;. Actual:&lt;আপনাকে কাজ করতে পারেন ।&gt;. You could have worked.</Message>
              <StackTrace>   at UnitTest.BnlpTest.all_persons_modal_can_may() in D:\software\Project\BNLP\UnitTest\BnlpTest.cs:line 76
</StackTrace>
            </ErrorInfo>
          </Output>
        </UnitTestResult>
        <UnitTestResult executionId="3cc725d3-1ed0-411a-a53c-fdec0ee520d7" parentExecutionId="1b7f03ff-f3f7-4929-8064-a11cd0629c63" testId="8fe5ccb3-a3f4-0f61-ad21-e94ef029e900" testName="all_persons_modal_can_may" computerName="ARPAN-LAP" duration="00:00:00.0260385" startTime="2014-06-25T20:31:03.0279596+05:30" endTime="2014-06-25T20:31:03.0539611+05:30" testType="13cdc9d9-ddb5-4fa4-a97d-d965ccfc6d4b" outcome="Failed" testListId="8c84fa94-04c1-424b-9868-57a2d4851a1d" relativeResultsDirectory="1b7f03ff-f3f7-4929-8064-a11cd0629c63" dataRowInfo="13" resultType="DataDrivenDataRow">
          <Output>
            <ErrorInfo>
              <Message>Assert.AreEqual failed. Expected:&lt;আপনি কাজ করতে পারেন ।&gt;. Actual:&lt;আপনাকে কাজ করতে নাও পারেন ।&gt;. You might have worked.</Message>
              <StackTrace>   at UnitTest.BnlpTest.all_persons_modal_can_may() in D:\software\Project\BNLP\UnitTest\BnlpTest.cs:line 76
</StackTrace>
            </ErrorInfo>
          </Output>
        </UnitTestResult>
        <UnitTestResult executionId="6e6f0715-82d7-4e36-b439-f9810d009369" parentExecutionId="1b7f03ff-f3f7-4929-8064-a11cd0629c63" testId="8fe5ccb3-a3f4-0f61-ad21-e94ef029e900" testName="all_persons_modal_can_may" computerName="ARPAN-LAP" duration="00:00:00.0230303" startTime="2014-06-25T20:31:03.0539611+05:30" endTime="2014-06-25T20:31:03.0769624+05:30" testType="13cdc9d9-ddb5-4fa4-a97d-d965ccfc6d4b" outcome="Passed" testListId="8c84fa94-04c1-424b-9868-57a2d4851a1d" relativeResultsDirectory="1b7f03ff-f3f7-4929-8064-a11cd0629c63" dataRowInfo="14" resultType="DataDrivenDataRow" />
        <UnitTestResult executionId="29723d40-c1c1-4e47-84ef-d6d65e7caa44" parentExecutionId="1b7f03ff-f3f7-4929-8064-a11cd0629c63" testId="8fe5ccb3-a3f4-0f61-ad21-e94ef029e900" testName="all_persons_modal_can_may" computerName="ARPAN-LAP" duration="00:00:00.0258184" startTime="2014-06-25T20:31:03.0769624+05:30" endTime="2014-06-25T20:31:03.1029639+05:30" testType="13cdc9d9-ddb5-4fa4-a97d-d965ccfc6d4b" outcome="Failed" testListId="8c84fa94-04c1-424b-9868-57a2d4851a1d" relativeResultsDirectory="1b7f03ff-f3f7-4929-8064-a11cd0629c63" dataRowInfo="15" resultType="DataDrivenDataRow">
          <Output>
            <ErrorInfo>
              <Message>Assert.AreEqual failed. Expected:&lt;আপনার এই বইটি থাকতে পারে ।&gt;. Actual:&lt;আপনার এই বইটি থাকতে নাও পারে ।&gt;. You may have this book.</Message>
              <StackTrace>   at UnitTest.BnlpTest.all_persons_modal_can_may() in D:\software\Project\BNLP\UnitTest\BnlpTest.cs:line 76
</StackTrace>
            </ErrorInfo>
          </Output>
        </UnitTestResult>
        <UnitTestResult executionId="a8c491e2-3914-4fbb-911f-137ab48572a7" parentExecutionId="1b7f03ff-f3f7-4929-8064-a11cd0629c63" testId="8fe5ccb3-a3f4-0f61-ad21-e94ef029e900" testName="all_persons_modal_can_may" computerName="ARPAN-LAP" duration="00:00:00.0174454" startTime="2014-06-25T20:31:03.1029639+05:30" endTime="2014-06-25T20:31:03.1199648+05:30" testType="13cdc9d9-ddb5-4fa4-a97d-d965ccfc6d4b" outcome="Passed" testListId="8c84fa94-04c1-424b-9868-57a2d4851a1d" relativeResultsDirectory="1b7f03ff-f3f7-4929-8064-a11cd0629c63" dataRowInfo="16" resultType="DataDrivenDataRow" />
        <UnitTestResult executionId="75f9cf86-5ba8-4129-ab81-345204ed887d" parentExecutionId="1b7f03ff-f3f7-4929-8064-a11cd0629c63" testId="8fe5ccb3-a3f4-0f61-ad21-e94ef029e900" testName="all_persons_modal_can_may" computerName="ARPAN-LAP" duration="00:00:00.0186952" startTime="2014-06-25T20:31:03.1199648+05:30" endTime="2014-06-25T20:31:03.1389659+05:30" testType="13cdc9d9-ddb5-4fa4-a97d-d965ccfc6d4b" outcome="Failed" testListId="8c84fa94-04c1-424b-9868-57a2d4851a1d" relativeResultsDirectory="1b7f03ff-f3f7-4929-8064-a11cd0629c63" dataRowInfo="17" resultType="DataDrivenDataRow">
          <Output>
            <ErrorInfo>
              <Message>Assert.AreEqual failed. Expected:&lt;সে কাজ করতে পারে ।&gt;. Actual:&lt;সে কাজ করতে নাও পারে ।&gt;. She may work.</Message>
              <StackTrace>   at UnitTest.BnlpTest.all_persons_modal_can_may() in D:\software\Project\BNLP\UnitTest\BnlpTest.cs:line 76
</StackTrace>
            </ErrorInfo>
          </Output>
        </UnitTestResult>
        <UnitTestResult executionId="ff879f83-962d-468c-bb13-8e1b9854403c" parentExecutionId="1b7f03ff-f3f7-4929-8064-a11cd0629c63" testId="8fe5ccb3-a3f4-0f61-ad21-e94ef029e900" testName="all_persons_modal_can_may" computerName="ARPAN-LAP" duration="00:00:00.0174582" startTime="2014-06-25T20:31:03.1389659+05:30" endTime="2014-06-25T20:31:03.1569669+05:30" testType="13cdc9d9-ddb5-4fa4-a97d-d965ccfc6d4b" outcome="Passed" testListId="8c84fa94-04c1-424b-9868-57a2d4851a1d" relativeResultsDirectory="1b7f03ff-f3f7-4929-8064-a11cd0629c63" dataRowInfo="18" resultType="DataDrivenDataRow" />
        <UnitTestResult executionId="70a4ec48-8211-4aa1-a548-a627a4a0371d" parentExecutionId="1b7f03ff-f3f7-4929-8064-a11cd0629c63" testId="8fe5ccb3-a3f4-0f61-ad21-e94ef029e900" testName="all_persons_modal_can_may" computerName="ARPAN-LAP" duration="00:00:00.0207555" startTime="2014-06-25T20:31:03.1569669+05:30" endTime="2014-06-25T20:31:03.1769681+05:30" testType="13cdc9d9-ddb5-4fa4-a97d-d965ccfc6d4b" outcome="Failed" testListId="8c84fa94-04c1-424b-9868-57a2d4851a1d" relativeResultsDirectory="1b7f03ff-f3f7-4929-8064-a11cd0629c63" dataRowInfo="19" resultType="DataDrivenDataRow">
          <Output>
            <ErrorInfo>
              <Message>Assert.AreEqual failed. Expected:&lt;সে কাজ করতে পারে ।&gt;. Actual:&lt;সে কাজ করতে নাও পারে ।&gt;. She might work.</Message>
              <StackTrace>   at UnitTest.BnlpTest.all_persons_modal_can_may() in D:\software\Project\BNLP\UnitTest\BnlpTest.cs:line 76
</StackTrace>
            </ErrorInfo>
          </Output>
        </UnitTestResult>
        <UnitTestResult executionId="b5dac6b2-3089-42dc-94fe-17695a26f253" parentExecutionId="1b7f03ff-f3f7-4929-8064-a11cd0629c63" testId="8fe5ccb3-a3f4-0f61-ad21-e94ef029e900" testName="all_persons_modal_can_may" computerName="ARPAN-LAP" duration="00:00:00.0237314" startTime="2014-06-25T20:31:03.1779681+05:30" endTime="2014-06-25T20:31:03.2009695+05:30" testType="13cdc9d9-ddb5-4fa4-a97d-d965ccfc6d4b" outcome="Passed" testListId="8c84fa94-04c1-424b-9868-57a2d4851a1d" relativeResultsDirectory="1b7f03ff-f3f7-4929-8064-a11cd0629c63" dataRowInfo="20" resultType="DataDrivenDataRow" />
        <UnitTestResult executionId="172b80a0-a6b5-4ae2-a265-fea06d562eae" parentExecutionId="1b7f03ff-f3f7-4929-8064-a11cd0629c63" testId="8fe5ccb3-a3f4-0f61-ad21-e94ef029e900" testName="all_persons_modal_can_may" computerName="ARPAN-LAP" duration="00:00:00.0251696" startTime="2014-06-25T20:31:03.2009695+05:30" endTime="2014-06-25T20:31:03.2269709+05:30" testType="13cdc9d9-ddb5-4fa4-a97d-d965ccfc6d4b" outcome="Failed" testListId="8c84fa94-04c1-424b-9868-57a2d4851a1d" relativeResultsDirectory="1b7f03ff-f3f7-4929-8064-a11cd0629c63" dataRowInfo="21" resultType="DataDrivenDataRow">
          <Output>
            <ErrorInfo>
              <Message>Assert.AreEqual failed. Expected:&lt;সে কাজ করতে পারে ।&gt;. Actual:&lt;সে কাজ করতে নাও পারে ।&gt;. She might have worked.</Message>
              <StackTrace>   at UnitTest.BnlpTest.all_persons_modal_can_may() in D:\software\Project\BNLP\UnitTest\BnlpTest.cs:line 76
</StackTrace>
            </ErrorInfo>
          </Output>
        </UnitTestResult>
        <UnitTestResult executionId="13e33f99-8d22-42e9-9890-246325b16278" parentExecutionId="1b7f03ff-f3f7-4929-8064-a11cd0629c63" testId="8fe5ccb3-a3f4-0f61-ad21-e94ef029e900" testName="all_persons_modal_can_may" computerName="ARPAN-LAP" duration="00:00:00.0254534" startTime="2014-06-25T20:31:03.2269709+05:30" endTime="2014-06-25T20:31:03.2519724+05:30" testType="13cdc9d9-ddb5-4fa4-a97d-d965ccfc6d4b" outcome="Failed" testListId="8c84fa94-04c1-424b-9868-57a2d4851a1d" relativeResultsDirectory="1b7f03ff-f3f7-4929-8064-a11cd0629c63" dataRowInfo="22" resultType="DataDrivenDataRow">
          <Output>
            <ErrorInfo>
              <Message>Assert.AreEqual failed. Expected:&lt;তার এই বইটি থাকতে পারে ।&gt;. Actual:&lt;তার এই বইটি থাকতে নাও পারে ।&gt;. She may have this book.</Message>
              <StackTrace>   at UnitTest.BnlpTest.all_persons_modal_can_may() in D:\software\Project\BNLP\UnitTest\BnlpTest.cs:line 76
</StackTrace>
            </ErrorInfo>
          </Output>
        </UnitTestResult>
        <UnitTestResult executionId="885f1013-7e71-4247-a9c2-061e8f8e1755" parentExecutionId="1b7f03ff-f3f7-4929-8064-a11cd0629c63" testId="8fe5ccb3-a3f4-0f61-ad21-e94ef029e900" testName="all_persons_modal_can_may" computerName="ARPAN-LAP" duration="00:00:00.0206811" startTime="2014-06-25T20:31:03.2519724+05:30" endTime="2014-06-25T20:31:03.2729736+05:30" testType="13cdc9d9-ddb5-4fa4-a97d-d965ccfc6d4b" outcome="Passed" testListId="8c84fa94-04c1-424b-9868-57a2d4851a1d" relativeResultsDirectory="1b7f03ff-f3f7-4929-8064-a11cd0629c63" dataRowInfo="23" resultType="DataDrivenDataRow" />
        <UnitTestResult executionId="9a685b0a-5c5d-4f33-b7db-407af2260f34" parentExecutionId="1b7f03ff-f3f7-4929-8064-a11cd0629c63" testId="8fe5ccb3-a3f4-0f61-ad21-e94ef029e900" testName="all_persons_modal_can_may" computerName="ARPAN-LAP" duration="00:00:00.0205050" startTime="2014-06-25T20:31:03.2729736+05:30" endTime="2014-06-25T20:31:03.2929747+05:30" testType="13cdc9d9-ddb5-4fa4-a97d-d965ccfc6d4b" outcome="Passed" testListId="8c84fa94-04c1-424b-9868-57a2d4851a1d" relativeResultsDirectory="1b7f03ff-f3f7-4929-8064-a11cd0629c63" dataRowInfo="24" resultType="DataDrivenDataRow" />
        <UnitTestResult executionId="46062c1f-6f02-423d-bdc1-e6c7a7090644" parentExecutionId="1b7f03ff-f3f7-4929-8064-a11cd0629c63" testId="8fe5ccb3-a3f4-0f61-ad21-e94ef029e900" testName="all_persons_modal_can_may" computerName="ARPAN-LAP" duration="00:00:00.0207791" startTime="2014-06-25T20:31:03.2929747+05:30" endTime="2014-06-25T20:31:03.3139759+05:30" testType="13cdc9d9-ddb5-4fa4-a97d-d965ccfc6d4b" outcome="Passed" testListId="8c84fa94-04c1-424b-9868-57a2d4851a1d" relativeResultsDirectory="1b7f03ff-f3f7-4929-8064-a11cd0629c63" dataRowInfo="25" resultType="DataDrivenDataRow" />
        <UnitTestResult executionId="361ccde0-91f3-400b-af56-18ae2bcf8f4f" parentExecutionId="1b7f03ff-f3f7-4929-8064-a11cd0629c63" testId="8fe5ccb3-a3f4-0f61-ad21-e94ef029e900" testName="all_persons_modal_can_may" computerName="ARPAN-LAP" duration="00:00:00.0218215" startTime="2014-06-25T20:31:03.3139759+05:30" endTime="2014-06-25T20:31:03.3359772+05:30" testType="13cdc9d9-ddb5-4fa4-a97d-d965ccfc6d4b" outcome="Passed" testListId="8c84fa94-04c1-424b-9868-57a2d4851a1d" relativeResultsDirectory="1b7f03ff-f3f7-4929-8064-a11cd0629c63" dataRowInfo="26" resultType="DataDrivenDataRow" />
        <UnitTestResult executionId="68524237-092e-4328-80a5-3fc69069d329" parentExecutionId="1b7f03ff-f3f7-4929-8064-a11cd0629c63" testId="8fe5ccb3-a3f4-0f61-ad21-e94ef029e900" testName="all_persons_modal_can_may" computerName="ARPAN-LAP" duration="00:00:00.0258086" startTime="2014-06-25T20:31:03.3359772+05:30" endTime="2014-06-25T20:31:03.3619787+05:30" testType="13cdc9d9-ddb5-4fa4-a97d-d965ccfc6d4b" outcome="Passed" testListId="8c84fa94-04c1-424b-9868-57a2d4851a1d" relativeResultsDirectory="1b7f03ff-f3f7-4929-8064-a11cd0629c63" dataRowInfo="27" resultType="DataDrivenDataRow" />
        <UnitTestResult executionId="fb1726c9-f526-4d14-b6ab-7000e61ade49" parentExecutionId="1b7f03ff-f3f7-4929-8064-a11cd0629c63" testId="8fe5ccb3-a3f4-0f61-ad21-e94ef029e900" testName="all_persons_modal_can_may" computerName="ARPAN-LAP" duration="00:00:00.0293445" startTime="2014-06-25T20:31:03.3619787+05:30" endTime="2014-06-25T20:31:03.3909803+05:30" testType="13cdc9d9-ddb5-4fa4-a97d-d965ccfc6d4b" outcome="Passed" testListId="8c84fa94-04c1-424b-9868-57a2d4851a1d" relativeResultsDirectory="1b7f03ff-f3f7-4929-8064-a11cd0629c63" dataRowInfo="28" resultType="DataDrivenDataRow" />
      </InnerResults>
    </UnitTestResult>
    <UnitTestResult executionId="99822561-8a58-44e2-82de-8cd737d3e274" testId="921e6ab0-d7c2-6005-e523-6fd2d5e1a723" testName="first_person_tenses_active" computerName="ARPAN-LAP" duration="00:00:00.3386157" startTime="2014-06-25T20:31:03.4809855+05:30" endTime="2014-06-25T20:31:03.8620073+05:30" testType="13cdc9d9-ddb5-4fa4-a97d-d965ccfc6d4b" outcome="Failed" testListId="8c84fa94-04c1-424b-9868-57a2d4851a1d" relativeResultsDirectory="99822561-8a58-44e2-82de-8cd737d3e274" resultType="DataDrivenTest">
      <Counters error="0" failed="3" timeout="0" aborted="0" inconclusive="0" passedButRunAborted="0" notRunnable="0" notExecuted="0" disconnected="0" warning="0" passed="7" completed="0" inProgress="0" pending="0" />
      <InnerResults>
        <UnitTestResult executionId="a37ce481-a530-4888-8720-e0c00841710f" parentExecutionId="99822561-8a58-44e2-82de-8cd737d3e274" testId="921e6ab0-d7c2-6005-e523-6fd2d5e1a723" testName="first_person_tenses_active" computerName="ARPAN-LAP" duration="00:00:00.0368587" startTime="2014-06-25T20:31:03.5659903+05:30" endTime="2014-06-25T20:31:03.6029925+05:30" testType="13cdc9d9-ddb5-4fa4-a97d-d965ccfc6d4b" outcome="Passed" testListId="8c84fa94-04c1-424b-9868-57a2d4851a1d" relativeResultsDirectory="99822561-8a58-44e2-82de-8cd737d3e274" dataRowInfo="0" resultType="DataDrivenDataRow" />
        <UnitTestResult executionId="b16eca32-62de-45d3-9e81-e0697b21dee1" parentExecutionId="99822561-8a58-44e2-82de-8cd737d3e274" testId="921e6ab0-d7c2-6005-e523-6fd2d5e1a723" testName="first_person_tenses_active" computerName="ARPAN-LAP" duration="00:00:00.0282153" startTime="2014-06-25T20:31:03.6029925+05:30" endTime="2014-06-25T20:31:03.6309941+05:30" testType="13cdc9d9-ddb5-4fa4-a97d-d965ccfc6d4b" outcome="Passed" testListId="8c84fa94-04c1-424b-9868-57a2d4851a1d" relativeResultsDirectory="99822561-8a58-44e2-82de-8cd737d3e274" dataRowInfo="1" resultType="DataDrivenDataRow" />
        <UnitTestResult executionId="52d0f471-fab1-42d0-ae30-4f1a5b79c8ed" parentExecutionId="99822561-8a58-44e2-82de-8cd737d3e274" testId="921e6ab0-d7c2-6005-e523-6fd2d5e1a723" testName="first_person_tenses_active" computerName="ARPAN-LAP" duration="00:00:00.0237827" startTime="2014-06-25T20:31:03.6309941+05:30" endTime="2014-06-25T20:31:03.6549954+05:30" testType="13cdc9d9-ddb5-4fa4-a97d-d965ccfc6d4b" outcome="Failed" testListId="8c84fa94-04c1-424b-9868-57a2d4851a1d" relativeResultsDirectory="99822561-8a58-44e2-82de-8cd737d3e274" dataRowInfo="2" resultType="DataDrivenDataRow">
          <Output>
            <ErrorInfo>
              <Message>Assert.AreEqual failed. Expected:&lt;আমি কাজ করেছি ।&gt;. Actual:&lt;আমি কাজ করিনি ।&gt;. I have worked.</Message>
              <StackTrace>   at UnitTest.BnlpTest.first_person_tenses_active() in D:\software\Project\BNLP\UnitTest\BnlpTest.cs:line 202
</StackTrace>
            </ErrorInfo>
          </Output>
        </UnitTestResult>
        <UnitTestResult executionId="45e52e18-4c86-4f8d-943f-d40070432a86" parentExecutionId="99822561-8a58-44e2-82de-8cd737d3e274" testId="921e6ab0-d7c2-6005-e523-6fd2d5e1a723" testName="first_person_tenses_active" computerName="ARPAN-LAP" duration="00:00:00.0270923" startTime="2014-06-25T20:31:03.6549954+05:30" endTime="2014-06-25T20:31:03.6819970+05:30" testType="13cdc9d9-ddb5-4fa4-a97d-d965ccfc6d4b" outcome="Passed" testListId="8c84fa94-04c1-424b-9868-57a2d4851a1d" relativeResultsDirectory="99822561-8a58-44e2-82de-8cd737d3e274" dataRowInfo="3" resultType="DataDrivenDataRow" />
        <UnitTestResult executionId="4333f111-fb76-4750-b38b-7f748138ac78" parentExecutionId="99822561-8a58-44e2-82de-8cd737d3e274" testId="921e6ab0-d7c2-6005-e523-6fd2d5e1a723" testName="first_person_tenses_active" computerName="ARPAN-LAP" duration="00:00:00.0218682" startTime="2014-06-25T20:31:03.6819970+05:30" endTime="2014-06-25T20:31:03.7039982+05:30" testType="13cdc9d9-ddb5-4fa4-a97d-d965ccfc6d4b" outcome="Failed" testListId="8c84fa94-04c1-424b-9868-57a2d4851a1d" relativeResultsDirectory="99822561-8a58-44e2-82de-8cd737d3e274" dataRowInfo="4" resultType="DataDrivenDataRow">
          <Output>
            <ErrorInfo>
              <Message>Assert.AreEqual failed. Expected:&lt;আমি কাজ করেছিলাম ।&gt;. Actual:&lt;আমি কাজ করিনি ।&gt;. I worked.</Message>
              <StackTrace>   at UnitTest.BnlpTest.first_person_tenses_active() in D:\software\Project\BNLP\UnitTest\BnlpTest.cs:line 202
</StackTrace>
            </ErrorInfo>
          </Output>
        </UnitTestResult>
        <UnitTestResult executionId="86b40353-a984-42bf-a965-6611aff6b1fe" parentExecutionId="99822561-8a58-44e2-82de-8cd737d3e274" testId="921e6ab0-d7c2-6005-e523-6fd2d5e1a723" testName="first_person_tenses_active" computerName="ARPAN-LAP" duration="00:00:00.0229225" startTime="2014-06-25T20:31:03.7039982+05:30" endTime="2014-06-25T20:31:03.7269995+05:30" testType="13cdc9d9-ddb5-4fa4-a97d-d965ccfc6d4b" outcome="Passed" testListId="8c84fa94-04c1-424b-9868-57a2d4851a1d" relativeResultsDirectory="99822561-8a58-44e2-82de-8cd737d3e274" dataRowInfo="5" resultType="DataDrivenDataRow" />
        <UnitTestResult executionId="1525e5d2-c0ff-4b1d-b85d-3364660d316e" parentExecutionId="99822561-8a58-44e2-82de-8cd737d3e274" testId="921e6ab0-d7c2-6005-e523-6fd2d5e1a723" testName="first_person_tenses_active" computerName="ARPAN-LAP" duration="00:00:00.0243047" startTime="2014-06-25T20:31:03.7269995+05:30" endTime="2014-06-25T20:31:03.7520010+05:30" testType="13cdc9d9-ddb5-4fa4-a97d-d965ccfc6d4b" outcome="Failed" testListId="8c84fa94-04c1-424b-9868-57a2d4851a1d" relativeResultsDirectory="99822561-8a58-44e2-82de-8cd737d3e274" dataRowInfo="6" resultType="DataDrivenDataRow">
          <Output>
            <ErrorInfo>
              <Message>Assert.AreEqual failed. Expected:&lt;আমি কাজ করেছিলাম ।&gt;. Actual:&lt;আমি কাজ করিনি ।&gt;. I had worked.</Message>
              <StackTrace>   at UnitTest.BnlpTest.first_person_tenses_active() in D:\software\Project\BNLP\UnitTest\BnlpTest.cs:line 202
</StackTrace>
            </ErrorInfo>
          </Output>
        </UnitTestResult>
        <UnitTestResult executionId="5938fa46-1f25-44c1-9bbe-8fa4e793a137" parentExecutionId="99822561-8a58-44e2-82de-8cd737d3e274" testId="921e6ab0-d7c2-6005-e523-6fd2d5e1a723" testName="first_person_tenses_active" computerName="ARPAN-LAP" duration="00:00:00.0290027" startTime="2014-06-25T20:31:03.7520010+05:30" endTime="2014-06-25T20:31:03.7810026+05:30" testType="13cdc9d9-ddb5-4fa4-a97d-d965ccfc6d4b" outcome="Passed" testListId="8c84fa94-04c1-424b-9868-57a2d4851a1d" relativeResultsDirectory="99822561-8a58-44e2-82de-8cd737d3e274" dataRowInfo="7" resultType="DataDrivenDataRow" />
        <UnitTestResult executionId="a5747e3e-7cdc-4c9c-9549-c72aa7013a9d" parentExecutionId="99822561-8a58-44e2-82de-8cd737d3e274" testId="921e6ab0-d7c2-6005-e523-6fd2d5e1a723" testName="first_person_tenses_active" computerName="ARPAN-LAP" duration="00:00:00.0250546" startTime="2014-06-25T20:31:03.7810026+05:30" endTime="2014-06-25T20:31:03.8060041+05:30" testType="13cdc9d9-ddb5-4fa4-a97d-d965ccfc6d4b" outcome="Passed" testListId="8c84fa94-04c1-424b-9868-57a2d4851a1d" relativeResultsDirectory="99822561-8a58-44e2-82de-8cd737d3e274" dataRowInfo="8" resultType="DataDrivenDataRow" />
        <UnitTestResult executionId="520e107f-4425-4599-8a6c-695cb0ca7389" parentExecutionId="99822561-8a58-44e2-82de-8cd737d3e274" testId="921e6ab0-d7c2-6005-e523-6fd2d5e1a723" testName="first_person_tenses_active" computerName="ARPAN-LAP" duration="00:00:00.0257265" startTime="2014-06-25T20:31:03.8060041+05:30" endTime="2014-06-25T20:31:03.8320056+05:30" testType="13cdc9d9-ddb5-4fa4-a97d-d965ccfc6d4b" outcome="Passed" testListId="8c84fa94-04c1-424b-9868-57a2d4851a1d" relativeResultsDirectory="99822561-8a58-44e2-82de-8cd737d3e274" dataRowInfo="9" resultType="DataDrivenDataRow" />
      </InnerResults>
    </UnitTestResult>
    <UnitTestResult executionId="7d34dd76-c28f-4f22-9df8-a0d037354685" testId="9319d01e-de3e-d310-c76e-cae8dce4c924" testName="all_persons_modal_should_negation" computerName="ARPAN-LAP" duration="00:00:00.6745583" startTime="2014-06-25T20:31:03.8630073+05:30" endTime="2014-06-25T20:31:04.5980494+05:30" testType="13cdc9d9-ddb5-4fa4-a97d-d965ccfc6d4b" outcome="Failed" testListId="8c84fa94-04c1-424b-9868-57a2d4851a1d" relativeResultsDirectory="7d34dd76-c28f-4f22-9df8-a0d037354685" resultType="DataDrivenTest">
      <Counters error="0" failed="17" timeout="0" aborted="0" inconclusive="0" passedButRunAborted="0" notRunnable="0" notExecuted="0" disconnected="0" warning="0" passed="0" completed="0" inProgress="0" pending="0" />
      <InnerResults>
        <UnitTestResult executionId="3df2dd32-85e8-431d-ac8c-9a3069319877" parentExecutionId="7d34dd76-c28f-4f22-9df8-a0d037354685" testId="9319d01e-de3e-d310-c76e-cae8dce4c924" testName="all_persons_modal_should_negation" computerName="ARPAN-LAP" duration="00:00:00.0509187" startTime="2014-06-25T20:31:04.0100157+05:30" endTime="2014-06-25T20:31:04.0610187+05:30" testType="13cdc9d9-ddb5-4fa4-a97d-d965ccfc6d4b" outcome="Failed" testListId="8c84fa94-04c1-424b-9868-57a2d4851a1d" relativeResultsDirectory="7d34dd76-c28f-4f22-9df8-a0d037354685" dataRowInfo="0" resultType="DataDrivenDataRow">
          <Output>
            <ErrorInfo>
              <Message>Assert.AreEqual failed. Expected:&lt;আমার কাজ করা উচিত নয় ।&gt;. Actual:&lt;আমাকে না কাজ করা উচিত ।&gt;. I should not work.</Message>
              <StackTrace>   at UnitTest.BnlpTest.all_persons_modal_should_negation() in D:\software\Project\BNLP\UnitTest\BnlpTest.cs:line 130
</StackTrace>
            </ErrorInfo>
          </Output>
        </UnitTestResult>
        <UnitTestResult executionId="bd455c4d-0b4b-484d-892e-d36bde4ea508" parentExecutionId="7d34dd76-c28f-4f22-9df8-a0d037354685" testId="9319d01e-de3e-d310-c76e-cae8dce4c924" testName="all_persons_modal_should_negation" computerName="ARPAN-LAP" duration="00:00:00.0455268" startTime="2014-06-25T20:31:04.0610187+05:30" endTime="2014-06-25T20:31:04.1070213+05:30" testType="13cdc9d9-ddb5-4fa4-a97d-d965ccfc6d4b" outcome="Failed" testListId="8c84fa94-04c1-424b-9868-57a2d4851a1d" relativeResultsDirectory="7d34dd76-c28f-4f22-9df8-a0d037354685" dataRowInfo="1" resultType="DataDrivenDataRow">
          <Output>
            <ErrorInfo>
              <Message>Assert.AreEqual failed. Expected:&lt;আমার কাজ করা উচিত নয় ।&gt;. Actual:&lt;আমাকে না কাজ করা উচিত ।&gt;. I should not be working.</Message>
              <StackTrace>   at UnitTest.BnlpTest.all_persons_modal_should_negation() in D:\software\Project\BNLP\UnitTest\BnlpTest.cs:line 130
</StackTrace>
            </ErrorInfo>
          </Output>
        </UnitTestResult>
        <UnitTestResult executionId="12bc5a90-1be4-4ec1-bbaf-cfaee7da393c" parentExecutionId="7d34dd76-c28f-4f22-9df8-a0d037354685" testId="9319d01e-de3e-d310-c76e-cae8dce4c924" testName="all_persons_modal_should_negation" computerName="ARPAN-LAP" duration="00:00:00.0388287" startTime="2014-06-25T20:31:04.1070213+05:30" endTime="2014-06-25T20:31:04.1460235+05:30" testType="13cdc9d9-ddb5-4fa4-a97d-d965ccfc6d4b" outcome="Failed" testListId="8c84fa94-04c1-424b-9868-57a2d4851a1d" relativeResultsDirectory="7d34dd76-c28f-4f22-9df8-a0d037354685" dataRowInfo="2" resultType="DataDrivenDataRow">
          <Output>
            <ErrorInfo>
              <Message>Assert.AreEqual failed. Expected:&lt;আমার কাজ করা উচিত হয়নি ।&gt;. Actual:&lt;আমাকে না কাজ করা উচিত ছিল ।&gt;. I should not have worked.</Message>
              <StackTrace>   at UnitTest.BnlpTest.all_persons_modal_should_negation() in D:\software\Project\BNLP\UnitTest\BnlpTest.cs:line 130
</StackTrace>
            </ErrorInfo>
          </Output>
        </UnitTestResult>
        <UnitTestResult executionId="af23cf62-f1f3-41d7-8730-8e4b89cdb25a" parentExecutionId="7d34dd76-c28f-4f22-9df8-a0d037354685" testId="9319d01e-de3e-d310-c76e-cae8dce4c924" testName="all_persons_modal_should_negation" computerName="ARPAN-LAP" duration="00:00:00.0369049" startTime="2014-06-25T20:31:04.1460235+05:30" endTime="2014-06-25T20:31:04.1830256+05:30" testType="13cdc9d9-ddb5-4fa4-a97d-d965ccfc6d4b" outcome="Failed" testListId="8c84fa94-04c1-424b-9868-57a2d4851a1d" relativeResultsDirectory="7d34dd76-c28f-4f22-9df8-a0d037354685" dataRowInfo="3" resultType="DataDrivenDataRow">
          <Output>
            <ErrorInfo>
              <Message>Assert.AreEqual failed. Expected:&lt;আমার কাজ করা উচিত হয়নি ।&gt;. Actual:&lt;আমি না কাজ করা উচিত ছিল ।&gt;. I should not have been working.</Message>
              <StackTrace>   at UnitTest.BnlpTest.all_persons_modal_should_negation() in D:\software\Project\BNLP\UnitTest\BnlpTest.cs:line 130
</StackTrace>
            </ErrorInfo>
          </Output>
        </UnitTestResult>
        <UnitTestResult executionId="9e623514-9b72-4a4d-99ae-054ab094519f" parentExecutionId="7d34dd76-c28f-4f22-9df8-a0d037354685" testId="9319d01e-de3e-d310-c76e-cae8dce4c924" testName="all_persons_modal_should_negation" computerName="ARPAN-LAP" duration="00:00:00.0209772" startTime="2014-06-25T20:31:04.1830256+05:30" endTime="2014-06-25T20:31:04.2040268+05:30" testType="13cdc9d9-ddb5-4fa4-a97d-d965ccfc6d4b" outcome="Failed" testListId="8c84fa94-04c1-424b-9868-57a2d4851a1d" relativeResultsDirectory="7d34dd76-c28f-4f22-9df8-a0d037354685" dataRowInfo="4" resultType="DataDrivenDataRow">
          <Output>
            <ErrorInfo>
              <Message>Assert.AreEqual failed. Expected:&lt;আপনার কাজ করা উচিত নয় ।&gt;. Actual:&lt;আপনার না কাজ করা উচিত ।&gt;. You should not work.</Message>
              <StackTrace>   at UnitTest.BnlpTest.all_persons_modal_should_negation() in D:\software\Project\BNLP\UnitTest\BnlpTest.cs:line 130
</StackTrace>
            </ErrorInfo>
          </Output>
        </UnitTestResult>
        <UnitTestResult executionId="ec905490-d02d-4b91-a871-627691a7edc2" parentExecutionId="7d34dd76-c28f-4f22-9df8-a0d037354685" testId="9319d01e-de3e-d310-c76e-cae8dce4c924" testName="all_persons_modal_should_negation" computerName="ARPAN-LAP" duration="00:00:00.0261176" startTime="2014-06-25T20:31:04.2040268+05:30" endTime="2014-06-25T20:31:04.2300283+05:30" testType="13cdc9d9-ddb5-4fa4-a97d-d965ccfc6d4b" outcome="Failed" testListId="8c84fa94-04c1-424b-9868-57a2d4851a1d" relativeResultsDirectory="7d34dd76-c28f-4f22-9df8-a0d037354685" dataRowInfo="5" resultType="DataDrivenDataRow">
          <Output>
            <ErrorInfo>
              <Message>Assert.AreEqual failed. Expected:&lt;আপনার কাজ করা উচিত নয় ।&gt;. Actual:&lt;আপনার না কাজ করা উচিত ।&gt;. You should not be working.</Message>
              <StackTrace>   at UnitTest.BnlpTest.all_persons_modal_should_negation() in D:\software\Project\BNLP\UnitTest\BnlpTest.cs:line 130
</StackTrace>
            </ErrorInfo>
          </Output>
        </UnitTestResult>
        <UnitTestResult executionId="6c6e817d-bb8c-4dd5-a2f5-67767aedf9f0" parentExecutionId="7d34dd76-c28f-4f22-9df8-a0d037354685" testId="9319d01e-de3e-d310-c76e-cae8dce4c924" testName="all_persons_modal_should_negation" computerName="ARPAN-LAP" duration="00:00:00.0290730" startTime="2014-06-25T20:31:04.2300283+05:30" endTime="2014-06-25T20:31:04.2590300+05:30" testType="13cdc9d9-ddb5-4fa4-a97d-d965ccfc6d4b" outcome="Failed" testListId="8c84fa94-04c1-424b-9868-57a2d4851a1d" relativeResultsDirectory="7d34dd76-c28f-4f22-9df8-a0d037354685" dataRowInfo="6" resultType="DataDrivenDataRow">
          <Output>
            <ErrorInfo>
              <Message>Assert.AreEqual failed. Expected:&lt;আপনার কাজ করা উচিত হয়নি ।&gt;. Actual:&lt;আপনার না কাজ করা উচিত ছিল ।&gt;. You should not have worked.</Message>
              <StackTrace>   at UnitTest.BnlpTest.all_persons_modal_should_negation() in D:\software\Project\BNLP\UnitTest\BnlpTest.cs:line 130
</StackTrace>
            </ErrorInfo>
          </Output>
        </UnitTestResult>
        <UnitTestResult executionId="7d44eaa4-05f5-4e30-a0fc-793fe7642f7e" parentExecutionId="7d34dd76-c28f-4f22-9df8-a0d037354685" testId="9319d01e-de3e-d310-c76e-cae8dce4c924" testName="all_persons_modal_should_negation" computerName="ARPAN-LAP" duration="00:00:00.0318944" startTime="2014-06-25T20:31:04.2590300+05:30" endTime="2014-06-25T20:31:04.2910318+05:30" testType="13cdc9d9-ddb5-4fa4-a97d-d965ccfc6d4b" outcome="Failed" testListId="8c84fa94-04c1-424b-9868-57a2d4851a1d" relativeResultsDirectory="7d34dd76-c28f-4f22-9df8-a0d037354685" dataRowInfo="7" resultType="DataDrivenDataRow">
          <Output>
            <ErrorInfo>
              <Message>Assert.AreEqual failed. Expected:&lt;আপনার কাজ করা উচিত হয়নি ।&gt;. Actual:&lt;আপনাকে না কাজ করা উচিত ছিল ।&gt;. You should not have been working.</Message>
              <StackTrace>   at UnitTest.BnlpTest.all_persons_modal_should_negation() in D:\software\Project\BNLP\UnitTest\BnlpTest.cs:line 130
</StackTrace>
            </ErrorInfo>
          </Output>
        </UnitTestResult>
        <UnitTestResult executionId="cc38a3af-7ceb-4355-a2a7-02ad7de04cc8" parentExecutionId="7d34dd76-c28f-4f22-9df8-a0d037354685" testId="9319d01e-de3e-d310-c76e-cae8dce4c924" testName="all_persons_modal_should_negation" computerName="ARPAN-LAP" duration="00:00:00.0223107" startTime="2014-06-25T20:31:04.2910318+05:30" endTime="2014-06-25T20:31:04.3130331+05:30" testType="13cdc9d9-ddb5-4fa4-a97d-d965ccfc6d4b" outcome="Failed" testListId="8c84fa94-04c1-424b-9868-57a2d4851a1d" relativeResultsDirectory="7d34dd76-c28f-4f22-9df8-a0d037354685" dataRowInfo="8" resultType="DataDrivenDataRow">
          <Output>
            <ErrorInfo>
              <Message>Assert.AreEqual failed. Expected:&lt;তার কাজ করা উচিত নয় ।&gt;. Actual:&lt;তাকে না কাজ করা উচিত ।&gt;. She should not work.</Message>
              <StackTrace>   at UnitTest.BnlpTest.all_persons_modal_should_negation() in D:\software\Project\BNLP\UnitTest\BnlpTest.cs:line 130
</StackTrace>
            </ErrorInfo>
          </Output>
        </UnitTestResult>
        <UnitTestResult executionId="2c35e892-aea9-4625-9a32-66c1bc33f8a1" parentExecutionId="7d34dd76-c28f-4f22-9df8-a0d037354685" testId="9319d01e-de3e-d310-c76e-cae8dce4c924" testName="all_persons_modal_should_negation" computerName="ARPAN-LAP" duration="00:00:00.0272540" startTime="2014-06-25T20:31:04.3130331+05:30" endTime="2014-06-25T20:31:04.3410347+05:30" testType="13cdc9d9-ddb5-4fa4-a97d-d965ccfc6d4b" outcome="Failed" testListId="8c84fa94-04c1-424b-9868-57a2d4851a1d" relativeResultsDirectory="7d34dd76-c28f-4f22-9df8-a0d037354685" dataRowInfo="9" resultType="DataDrivenDataRow">
          <Output>
            <ErrorInfo>
              <Message>Assert.AreEqual failed. Expected:&lt;তার কাজ করা উচিত নয় ।&gt;. Actual:&lt;তাকে না কাজ করা উচিত ।&gt;. She should not be working.</Message>
              <StackTrace>   at UnitTest.BnlpTest.all_persons_modal_should_negation() in D:\software\Project\BNLP\UnitTest\BnlpTest.cs:line 130
</StackTrace>
            </ErrorInfo>
          </Output>
        </UnitTestResult>
        <UnitTestResult executionId="7102e8c5-027c-4429-80ee-0b11dbabc27f" parentExecutionId="7d34dd76-c28f-4f22-9df8-a0d037354685" testId="9319d01e-de3e-d310-c76e-cae8dce4c924" testName="all_persons_modal_should_negation" computerName="ARPAN-LAP" duration="00:00:00.0286803" startTime="2014-06-25T20:31:04.3410347+05:30" endTime="2014-06-25T20:31:04.3690363+05:30" testType="13cdc9d9-ddb5-4fa4-a97d-d965ccfc6d4b" outcome="Failed" testListId="8c84fa94-04c1-424b-9868-57a2d4851a1d" relativeResultsDirectory="7d34dd76-c28f-4f22-9df8-a0d037354685" dataRowInfo="10" resultType="DataDrivenDataRow">
          <Output>
            <ErrorInfo>
              <Message>Assert.AreEqual failed. Expected:&lt;তার কাজ করা উচিত হয়নি ।&gt;. Actual:&lt;তাকে না কাজ করা উচিত ছিল ।&gt;. She should not have worked.</Message>
              <StackTrace>   at UnitTest.BnlpTest.all_persons_modal_should_negation() in D:\software\Project\BNLP\UnitTest\BnlpTest.cs:line 130
</StackTrace>
            </ErrorInfo>
          </Output>
        </UnitTestResult>
        <UnitTestResult executionId="433a9636-2474-4a46-ac46-ed85ced5fb63" parentExecutionId="7d34dd76-c28f-4f22-9df8-a0d037354685" testId="9319d01e-de3e-d310-c76e-cae8dce4c924" testName="all_persons_modal_should_negation" computerName="ARPAN-LAP" duration="00:00:00.0321957" startTime="2014-06-25T20:31:04.3690363+05:30" endTime="2014-06-25T20:31:04.4010381+05:30" testType="13cdc9d9-ddb5-4fa4-a97d-d965ccfc6d4b" outcome="Failed" testListId="8c84fa94-04c1-424b-9868-57a2d4851a1d" relativeResultsDirectory="7d34dd76-c28f-4f22-9df8-a0d037354685" dataRowInfo="11" resultType="DataDrivenDataRow">
          <Output>
            <ErrorInfo>
              <Message>Assert.AreEqual failed. Expected:&lt;তার কাজ করা উচিত হয়নি ।&gt;. Actual:&lt;সে না কাজ করা উচিত ছিল ।&gt;. She should not have been working.</Message>
              <StackTrace>   at UnitTest.BnlpTest.all_persons_modal_should_negation() in D:\software\Project\BNLP\UnitTest\BnlpTest.cs:line 130
</StackTrace>
            </ErrorInfo>
          </Output>
        </UnitTestResult>
        <UnitTestResult executionId="fac43bc2-765e-41c1-b8e9-11c22a1783de" parentExecutionId="7d34dd76-c28f-4f22-9df8-a0d037354685" testId="9319d01e-de3e-d310-c76e-cae8dce4c924" testName="all_persons_modal_should_negation" computerName="ARPAN-LAP" duration="00:00:00.0288661" startTime="2014-06-25T20:31:04.4020382+05:30" endTime="2014-06-25T20:31:04.4300398+05:30" testType="13cdc9d9-ddb5-4fa4-a97d-d965ccfc6d4b" outcome="Failed" testListId="8c84fa94-04c1-424b-9868-57a2d4851a1d" relativeResultsDirectory="7d34dd76-c28f-4f22-9df8-a0d037354685" dataRowInfo="12" resultType="DataDrivenDataRow">
          <Output>
            <ErrorInfo>
              <Message>Assert.AreEqual failed. Expected:&lt;এই মেশিনটি কাজ করা উচিত নয় ।&gt;. Actual:&lt;এই মেশিনটি না কাজ করা উচিত ।&gt;. This machine should not be working.</Message>
              <StackTrace>   at UnitTest.BnlpTest.all_persons_modal_should_negation() in D:\software\Project\BNLP\UnitTest\BnlpTest.cs:line 130
</StackTrace>
            </ErrorInfo>
          </Output>
        </UnitTestResult>
        <UnitTestResult executionId="5297dc70-a9ef-42d1-8d16-ce7755d703e7" parentExecutionId="7d34dd76-c28f-4f22-9df8-a0d037354685" testId="9319d01e-de3e-d310-c76e-cae8dce4c924" testName="all_persons_modal_should_negation" computerName="ARPAN-LAP" duration="00:00:00.0307514" startTime="2014-06-25T20:31:04.4300398+05:30" endTime="2014-06-25T20:31:04.4610415+05:30" testType="13cdc9d9-ddb5-4fa4-a97d-d965ccfc6d4b" outcome="Failed" testListId="8c84fa94-04c1-424b-9868-57a2d4851a1d" relativeResultsDirectory="7d34dd76-c28f-4f22-9df8-a0d037354685" dataRowInfo="13" resultType="DataDrivenDataRow">
          <Output>
            <ErrorInfo>
              <Message>Assert.AreEqual failed. Expected:&lt;এই মেশিনটি কাজ করা উচিত হয়নি ।&gt;. Actual:&lt;এই মেশিনটি না কাজ করা উচিত ছিল ।&gt;. This machine should not have worked.</Message>
              <StackTrace>   at UnitTest.BnlpTest.all_persons_modal_should_negation() in D:\software\Project\BNLP\UnitTest\BnlpTest.cs:line 130
</StackTrace>
            </ErrorInfo>
          </Output>
        </UnitTestResult>
        <UnitTestResult executionId="eaefd904-d4b2-43b1-a099-950fc4bda032" parentExecutionId="7d34dd76-c28f-4f22-9df8-a0d037354685" testId="9319d01e-de3e-d310-c76e-cae8dce4c924" testName="all_persons_modal_should_negation" computerName="ARPAN-LAP" duration="00:00:00.0289390" startTime="2014-06-25T20:31:04.4610415+05:30" endTime="2014-06-25T20:31:04.4900432+05:30" testType="13cdc9d9-ddb5-4fa4-a97d-d965ccfc6d4b" outcome="Failed" testListId="8c84fa94-04c1-424b-9868-57a2d4851a1d" relativeResultsDirectory="7d34dd76-c28f-4f22-9df8-a0d037354685" dataRowInfo="14" resultType="DataDrivenDataRow">
          <Output>
            <ErrorInfo>
              <Message>Assert.AreEqual failed. Expected:&lt;এই গাড়িটি বাতানুকুল যন্ত্র থাকা উচিত নয় ।&gt;. Actual:&lt;এই গাড়িটি না বাতানুকুল যন্ত্র থাকা উচিত ।&gt;. This car should not have air-conditioner.</Message>
              <StackTrace>   at UnitTest.BnlpTest.all_persons_modal_should_negation() in D:\software\Project\BNLP\UnitTest\BnlpTest.cs:line 130
</StackTrace>
            </ErrorInfo>
          </Output>
        </UnitTestResult>
        <UnitTestResult executionId="ac93c88c-35fd-4329-92cc-088cf449c999" parentExecutionId="7d34dd76-c28f-4f22-9df8-a0d037354685" testId="9319d01e-de3e-d310-c76e-cae8dce4c924" testName="all_persons_modal_should_negation" computerName="ARPAN-LAP" duration="00:00:00.0257799" startTime="2014-06-25T20:31:04.4900432+05:30" endTime="2014-06-25T20:31:04.5160447+05:30" testType="13cdc9d9-ddb5-4fa4-a97d-d965ccfc6d4b" outcome="Failed" testListId="8c84fa94-04c1-424b-9868-57a2d4851a1d" relativeResultsDirectory="7d34dd76-c28f-4f22-9df8-a0d037354685" dataRowInfo="15" resultType="DataDrivenDataRow">
          <Output>
            <ErrorInfo>
              <Message>Assert.AreEqual failed. Expected:&lt;এইটি করা উচিত নয় ।&gt;. Actual:&lt;এইটি না করা উচিত ।&gt;. It should not be done.</Message>
              <StackTrace>   at UnitTest.BnlpTest.all_persons_modal_should_negation() in D:\software\Project\BNLP\UnitTest\BnlpTest.cs:line 130
</StackTrace>
            </ErrorInfo>
          </Output>
        </UnitTestResult>
        <UnitTestResult executionId="7f74e96c-b2dd-4414-a8cf-ed8cd02d9c30" parentExecutionId="7d34dd76-c28f-4f22-9df8-a0d037354685" testId="9319d01e-de3e-d310-c76e-cae8dce4c924" testName="all_persons_modal_should_negation" computerName="ARPAN-LAP" duration="00:00:00.0333495" startTime="2014-06-25T20:31:04.5160447+05:30" endTime="2014-06-25T20:31:04.5490466+05:30" testType="13cdc9d9-ddb5-4fa4-a97d-d965ccfc6d4b" outcome="Failed" testListId="8c84fa94-04c1-424b-9868-57a2d4851a1d" relativeResultsDirectory="7d34dd76-c28f-4f22-9df8-a0d037354685" dataRowInfo="16" resultType="DataDrivenDataRow">
          <Output>
            <ErrorInfo>
              <Message>Assert.AreEqual failed. Expected:&lt;এইটি করা উচিত হয়নি ।&gt;. Actual:&lt;এইটি না করা উচিত ছিল ।&gt;. It should not have been done.</Message>
              <StackTrace>   at UnitTest.BnlpTest.all_persons_modal_should_negation() in D:\software\Project\BNLP\UnitTest\BnlpTest.cs:line 130
</StackTrace>
            </ErrorInfo>
          </Output>
        </UnitTestResult>
      </InnerResults>
    </UnitTestResult>
    <UnitTestResult executionId="b3f1d940-637d-47d2-a1d5-8ade7bc2025d" testId="97a1371f-e8e6-db3e-323e-49ffeef32df1" testName="interrogative_sentences_which" computerName="ARPAN-LAP" duration="00:00:00.0545901" startTime="2014-06-25T20:31:04.6000495+05:30" endTime="2014-06-25T20:31:04.6740537+05:30" testType="13cdc9d9-ddb5-4fa4-a97d-d965ccfc6d4b" outcome="Failed" testListId="8c84fa94-04c1-424b-9868-57a2d4851a1d" relativeResultsDirectory="b3f1d940-637d-47d2-a1d5-8ade7bc2025d" resultType="DataDrivenTest">
      <Counters error="0" failed="1" timeout="0" aborted="0" inconclusive="0" passedButRunAborted="0" notRunnable="0" notExecuted="0" disconnected="0" warning="0" passed="1" completed="0" inProgress="0" pending="0" />
      <InnerResults>
        <UnitTestResult executionId="313ccaac-29ac-45d1-abb6-65cf1b94aff8" parentExecutionId="b3f1d940-637d-47d2-a1d5-8ade7bc2025d" testId="97a1371f-e8e6-db3e-323e-49ffeef32df1" testName="interrogative_sentences_which" computerName="ARPAN-LAP" duration="00:00:00.0220469" startTime="2014-06-25T20:31:04.6140503+05:30" endTime="2014-06-25T20:31:04.6360515+05:30" testType="13cdc9d9-ddb5-4fa4-a97d-d965ccfc6d4b" outcome="Passed" testListId="8c84fa94-04c1-424b-9868-57a2d4851a1d" relativeResultsDirectory="b3f1d940-637d-47d2-a1d5-8ade7bc2025d" dataRowInfo="0" resultType="DataDrivenDataRow" />
        <UnitTestResult executionId="778b7119-0ad7-4ad5-baf7-48146c020265" parentExecutionId="b3f1d940-637d-47d2-a1d5-8ade7bc2025d" testId="97a1371f-e8e6-db3e-323e-49ffeef32df1" testName="interrogative_sentences_which" computerName="ARPAN-LAP" duration="00:00:00.0282620" startTime="2014-06-25T20:31:04.6360515+05:30" endTime="2014-06-25T20:31:04.6650532+05:30" testType="13cdc9d9-ddb5-4fa4-a97d-d965ccfc6d4b" outcome="Failed" testListId="8c84fa94-04c1-424b-9868-57a2d4851a1d" relativeResultsDirectory="b3f1d940-637d-47d2-a1d5-8ade7bc2025d" dataRowInfo="1" resultType="DataDrivenDataRow">
          <Output>
            <ErrorInfo>
              <Message>Assert.AreEqual failed. Expected:&lt;আপনি কোন খাবার পছন্দ করেন ?&gt;. Actual:&lt;আপনি কোন খাবার পছন্দ করেন না ?&gt;. Which food do you like?</Message>
              <StackTrace>   at UnitTest.BnlpTest.interrogative_sentences_which() in D:\software\Project\BNLP\UnitTest\BnlpTest.cs:line 328
</StackTrace>
            </ErrorInfo>
          </Output>
        </UnitTestResult>
      </InnerResults>
    </UnitTestResult>
    <UnitTestResult executionId="9a9f8f79-2e49-4c5a-a7bb-5e1b4ace5dd3" testId="b9261b51-b0a2-10e2-9308-22bb2624de8b" testName="interrogative_sentences_where" computerName="ARPAN-LAP" duration="00:00:00.1503392" startTime="2014-06-25T20:31:04.6750538+05:30" endTime="2014-06-25T20:31:04.8430634+05:30" testType="13cdc9d9-ddb5-4fa4-a97d-d965ccfc6d4b" outcome="Failed" testListId="8c84fa94-04c1-424b-9868-57a2d4851a1d" relativeResultsDirectory="9a9f8f79-2e49-4c5a-a7bb-5e1b4ace5dd3" resultType="DataDrivenTest">
      <Counters error="0" failed="2" timeout="0" aborted="0" inconclusive="0" passedButRunAborted="0" notRunnable="0" notExecuted="0" disconnected="0" warning="0" passed="1" completed="0" inProgress="0" pending="0" />
      <InnerResults>
        <UnitTestResult executionId="0d4e17bd-b291-4afc-935e-bbdbb7957cf8" parentExecutionId="9a9f8f79-2e49-4c5a-a7bb-5e1b4ace5dd3" testId="b9261b51-b0a2-10e2-9308-22bb2624de8b" testName="interrogative_sentences_where" computerName="ARPAN-LAP" duration="00:00:00.0380218" startTime="2014-06-25T20:31:04.7370573+05:30" endTime="2014-06-25T20:31:04.7750595+05:30" testType="13cdc9d9-ddb5-4fa4-a97d-d965ccfc6d4b" outcome="Failed" testListId="8c84fa94-04c1-424b-9868-57a2d4851a1d" relativeResultsDirectory="9a9f8f79-2e49-4c5a-a7bb-5e1b4ace5dd3" dataRowInfo="0" resultType="DataDrivenDataRow">
          <Output>
            <ErrorInfo>
              <Message>Assert.AreEqual failed. Expected:&lt;আজ আপনি কোথায় ?&gt;. Actual:&lt;আজ আপনি কি কোথায় ?&gt;. Where are you today?</Message>
              <StackTrace>   at UnitTest.BnlpTest.interrogative_sentences_where() in D:\software\Project\BNLP\UnitTest\BnlpTest.cs:line 310
</StackTrace>
            </ErrorInfo>
          </Output>
        </UnitTestResult>
        <UnitTestResult executionId="0fe7e4df-1d22-40ad-b320-7dcbc98b83f0" parentExecutionId="9a9f8f79-2e49-4c5a-a7bb-5e1b4ace5dd3" testId="b9261b51-b0a2-10e2-9308-22bb2624de8b" testName="interrogative_sentences_where" computerName="ARPAN-LAP" duration="00:00:00.0249427" startTime="2014-06-25T20:31:04.7750595+05:30" endTime="2014-06-25T20:31:04.8000609+05:30" testType="13cdc9d9-ddb5-4fa4-a97d-d965ccfc6d4b" outcome="Passed" testListId="8c84fa94-04c1-424b-9868-57a2d4851a1d" relativeResultsDirectory="9a9f8f79-2e49-4c5a-a7bb-5e1b4ace5dd3" dataRowInfo="1" resultType="DataDrivenDataRow" />
        <UnitTestResult executionId="4d2e75ef-cf4a-4b08-a2bd-e1bcd33796fa" parentExecutionId="9a9f8f79-2e49-4c5a-a7bb-5e1b4ace5dd3" testId="b9261b51-b0a2-10e2-9308-22bb2624de8b" testName="interrogative_sentences_where" computerName="ARPAN-LAP" duration="00:00:00.0316907" startTime="2014-06-25T20:31:04.8000609+05:30" endTime="2014-06-25T20:31:04.8310627+05:30" testType="13cdc9d9-ddb5-4fa4-a97d-d965ccfc6d4b" outcome="Failed" testListId="8c84fa94-04c1-424b-9868-57a2d4851a1d" relativeResultsDirectory="9a9f8f79-2e49-4c5a-a7bb-5e1b4ace5dd3" dataRowInfo="2" resultType="DataDrivenDataRow">
          <Output>
            <ErrorInfo>
              <Message>Assert.AreEqual failed. Expected:&lt;আপনি আগামী কাল কোথায় যাবেন ?&gt;. Actual:&lt;আপনাকে আগামী কাল কোথায় যাবেন ?&gt;. Where will you go tomorrow?</Message>
              <StackTrace>   at UnitTest.BnlpTest.interrogative_sentences_where() in D:\software\Project\BNLP\UnitTest\BnlpTest.cs:line 310
</StackTrace>
            </ErrorInfo>
          </Output>
        </UnitTestResult>
      </InnerResults>
    </UnitTestResult>
    <UnitTestResult executionId="8bc17358-882e-4561-80cc-1ab90078af57" testId="bdfe92b2-f4ac-73a5-f13d-5c1ea13721b4" testName="all_persons_tenses_passive_negation" computerName="ARPAN-LAP" duration="00:00:00.3203726" startTime="2014-06-25T20:31:04.8440634+05:30" endTime="2014-06-25T20:31:05.2030840+05:30" testType="13cdc9d9-ddb5-4fa4-a97d-d965ccfc6d4b" outcome="Failed" testListId="8c84fa94-04c1-424b-9868-57a2d4851a1d" relativeResultsDirectory="8bc17358-882e-4561-80cc-1ab90078af57" resultType="DataDrivenTest">
      <Counters error="0" failed="10" timeout="0" aborted="0" inconclusive="0" passedButRunAborted="0" notRunnable="0" notExecuted="0" disconnected="0" warning="0" passed="0" completed="0" inProgress="0" pending="0" />
      <InnerResults>
        <UnitTestResult executionId="61a1a63f-e391-45e0-aeda-deed4001e6ce" parentExecutionId="8bc17358-882e-4561-80cc-1ab90078af57" testId="bdfe92b2-f4ac-73a5-f13d-5c1ea13721b4" testName="all_persons_tenses_passive_negation" computerName="ARPAN-LAP" duration="00:00:00.0248801" startTime="2014-06-25T20:31:04.8630645+05:30" endTime="2014-06-25T20:31:04.8870659+05:30" testType="13cdc9d9-ddb5-4fa4-a97d-d965ccfc6d4b" outcome="Failed" testListId="8c84fa94-04c1-424b-9868-57a2d4851a1d" relativeResultsDirectory="8bc17358-882e-4561-80cc-1ab90078af57" dataRowInfo="0" resultType="DataDrivenDataRow">
          <Output>
            <ErrorInfo>
              <Message>Assert.AreEqual failed. Expected:&lt;আমাকে বলা হয় না ।&gt;. Actual:&lt;আমাকে না বলা হয় ।&gt;. I am not told.</Message>
              <StackTrace>   at UnitTest.BnlpTest.all_persons_tenses_passive_negation() in D:\software\Project\BNLP\UnitTest\BnlpTest.cs:line 166
</StackTrace>
            </ErrorInfo>
          </Output>
        </UnitTestResult>
        <UnitTestResult executionId="6b3b5962-0c21-476c-9b1a-770289c84530" parentExecutionId="8bc17358-882e-4561-80cc-1ab90078af57" testId="bdfe92b2-f4ac-73a5-f13d-5c1ea13721b4" testName="all_persons_tenses_passive_negation" computerName="ARPAN-LAP" duration="00:00:00.0308602" startTime="2014-06-25T20:31:04.8870659+05:30" endTime="2014-06-25T20:31:04.9180677+05:30" testType="13cdc9d9-ddb5-4fa4-a97d-d965ccfc6d4b" outcome="Failed" testListId="8c84fa94-04c1-424b-9868-57a2d4851a1d" relativeResultsDirectory="8bc17358-882e-4561-80cc-1ab90078af57" dataRowInfo="1" resultType="DataDrivenDataRow">
          <Output>
            <ErrorInfo>
              <Message>Assert.AreEqual failed. Expected:&lt;আমাকে বলা হচ্ছে না ।&gt;. Actual:&lt;আমাকে না বলা হচ্ছে ।&gt;. I am not being told.</Message>
              <StackTrace>   at UnitTest.BnlpTest.all_persons_tenses_passive_negation() in D:\software\Project\BNLP\UnitTest\BnlpTest.cs:line 166
</StackTrace>
            </ErrorInfo>
          </Output>
        </UnitTestResult>
        <UnitTestResult executionId="ff02b991-2b47-4c88-b928-e0a650173ddb" parentExecutionId="8bc17358-882e-4561-80cc-1ab90078af57" testId="bdfe92b2-f4ac-73a5-f13d-5c1ea13721b4" testName="all_persons_tenses_passive_negation" computerName="ARPAN-LAP" duration="00:00:00.0321398" startTime="2014-06-25T20:31:04.9180677+05:30" endTime="2014-06-25T20:31:04.9500695+05:30" testType="13cdc9d9-ddb5-4fa4-a97d-d965ccfc6d4b" outcome="Failed" testListId="8c84fa94-04c1-424b-9868-57a2d4851a1d" relativeResultsDirectory="8bc17358-882e-4561-80cc-1ab90078af57" dataRowInfo="2" resultType="DataDrivenDataRow">
          <Output>
            <ErrorInfo>
              <Message>Assert.AreEqual failed. Expected:&lt;আমাকে বলা হয়নি ।&gt;. Actual:&lt;আমি না বলেছি ।&gt;. I have not been told.</Message>
              <StackTrace>   at UnitTest.BnlpTest.all_persons_tenses_passive_negation() in D:\software\Project\BNLP\UnitTest\BnlpTest.cs:line 166
</StackTrace>
            </ErrorInfo>
          </Output>
        </UnitTestResult>
        <UnitTestResult executionId="0c4b0783-c627-44e4-8421-090d9e653abc" parentExecutionId="8bc17358-882e-4561-80cc-1ab90078af57" testId="bdfe92b2-f4ac-73a5-f13d-5c1ea13721b4" testName="all_persons_tenses_passive_negation" computerName="ARPAN-LAP" duration="00:00:00.0361268" startTime="2014-06-25T20:31:04.9510696+05:30" endTime="2014-06-25T20:31:04.9870716+05:30" testType="13cdc9d9-ddb5-4fa4-a97d-d965ccfc6d4b" outcome="Failed" testListId="8c84fa94-04c1-424b-9868-57a2d4851a1d" relativeResultsDirectory="8bc17358-882e-4561-80cc-1ab90078af57" dataRowInfo="3" resultType="DataDrivenDataRow">
          <Output>
            <ErrorInfo>
              <Message>Assert.AreEqual failed. Expected:&lt;আমাকে বলা হয়নি ।&gt;. Actual:&lt;আমি না বলেছি ।&gt;. I have not been being told.</Message>
              <StackTrace>   at UnitTest.BnlpTest.all_persons_tenses_passive_negation() in D:\software\Project\BNLP\UnitTest\BnlpTest.cs:line 166
</StackTrace>
            </ErrorInfo>
          </Output>
        </UnitTestResult>
        <UnitTestResult executionId="eed9ac9b-3e72-46e1-a6f8-d96cca0ee0f5" parentExecutionId="8bc17358-882e-4561-80cc-1ab90078af57" testId="bdfe92b2-f4ac-73a5-f13d-5c1ea13721b4" testName="all_persons_tenses_passive_negation" computerName="ARPAN-LAP" duration="00:00:00.0235066" startTime="2014-06-25T20:31:04.9870716+05:30" endTime="2014-06-25T20:31:05.0100729+05:30" testType="13cdc9d9-ddb5-4fa4-a97d-d965ccfc6d4b" outcome="Failed" testListId="8c84fa94-04c1-424b-9868-57a2d4851a1d" relativeResultsDirectory="8bc17358-882e-4561-80cc-1ab90078af57" dataRowInfo="4" resultType="DataDrivenDataRow">
          <Output>
            <ErrorInfo>
              <Message>Assert.AreEqual failed. Expected:&lt;আমাকে বলা হয়নি ।&gt;. Actual:&lt;আমাকে না বলা হয়েছিল ।&gt;. I was not told.</Message>
              <StackTrace>   at UnitTest.BnlpTest.all_persons_tenses_passive_negation() in D:\software\Project\BNLP\UnitTest\BnlpTest.cs:line 166
</StackTrace>
            </ErrorInfo>
          </Output>
        </UnitTestResult>
        <UnitTestResult executionId="72708d2c-ead5-4c58-8577-2f2194271349" parentExecutionId="8bc17358-882e-4561-80cc-1ab90078af57" testId="bdfe92b2-f4ac-73a5-f13d-5c1ea13721b4" testName="all_persons_tenses_passive_negation" computerName="ARPAN-LAP" duration="00:00:00.0286870" startTime="2014-06-25T20:31:05.0100729+05:30" endTime="2014-06-25T20:31:05.0390746+05:30" testType="13cdc9d9-ddb5-4fa4-a97d-d965ccfc6d4b" outcome="Failed" testListId="8c84fa94-04c1-424b-9868-57a2d4851a1d" relativeResultsDirectory="8bc17358-882e-4561-80cc-1ab90078af57" dataRowInfo="5" resultType="DataDrivenDataRow">
          <Output>
            <ErrorInfo>
              <Message>Assert.AreEqual failed. Expected:&lt;আমাকে বলা হচ্ছিল না ।&gt;. Actual:&lt;আমাকে না বলা হচ্ছিল ।&gt;. I was not being told.</Message>
              <StackTrace>   at UnitTest.BnlpTest.all_persons_tenses_passive_negation() in D:\software\Project\BNLP\UnitTest\BnlpTest.cs:line 166
</StackTrace>
            </ErrorInfo>
          </Output>
        </UnitTestResult>
        <UnitTestResult executionId="8dcd9cc6-e367-417f-8062-21ce1fa8667c" parentExecutionId="8bc17358-882e-4561-80cc-1ab90078af57" testId="bdfe92b2-f4ac-73a5-f13d-5c1ea13721b4" testName="all_persons_tenses_passive_negation" computerName="ARPAN-LAP" duration="00:00:00.0291710" startTime="2014-06-25T20:31:05.0390746+05:30" endTime="2014-06-25T20:31:05.0680763+05:30" testType="13cdc9d9-ddb5-4fa4-a97d-d965ccfc6d4b" outcome="Failed" testListId="8c84fa94-04c1-424b-9868-57a2d4851a1d" relativeResultsDirectory="8bc17358-882e-4561-80cc-1ab90078af57" dataRowInfo="6" resultType="DataDrivenDataRow">
          <Output>
            <ErrorInfo>
              <Message>Assert.AreEqual failed. Expected:&lt;আমাকে বলা হয়নি ।&gt;. Actual:&lt;আমি না বলেছিলাম ।&gt;. I had not been told.</Message>
              <StackTrace>   at UnitTest.BnlpTest.all_persons_tenses_passive_negation() in D:\software\Project\BNLP\UnitTest\BnlpTest.cs:line 166
</StackTrace>
            </ErrorInfo>
          </Output>
        </UnitTestResult>
        <UnitTestResult executionId="8507c86a-e52e-45a7-9506-2acc32c300c3" parentExecutionId="8bc17358-882e-4561-80cc-1ab90078af57" testId="bdfe92b2-f4ac-73a5-f13d-5c1ea13721b4" testName="all_persons_tenses_passive_negation" computerName="ARPAN-LAP" duration="00:00:00.0343504" startTime="2014-06-25T20:31:05.0680763+05:30" endTime="2014-06-25T20:31:05.1030783+05:30" testType="13cdc9d9-ddb5-4fa4-a97d-d965ccfc6d4b" outcome="Failed" testListId="8c84fa94-04c1-424b-9868-57a2d4851a1d" relativeResultsDirectory="8bc17358-882e-4561-80cc-1ab90078af57" dataRowInfo="7" resultType="DataDrivenDataRow">
          <Output>
            <ErrorInfo>
              <Message>Assert.AreEqual failed. Expected:&lt;আমাকে বলা হয়নি ।&gt;. Actual:&lt;আমি না বলেছিলাম ।&gt;. I had not been being told.</Message>
              <StackTrace>   at UnitTest.BnlpTest.all_persons_tenses_passive_negation() in D:\software\Project\BNLP\UnitTest\BnlpTest.cs:line 166
</StackTrace>
            </ErrorInfo>
          </Output>
        </UnitTestResult>
        <UnitTestResult executionId="0139187b-65d9-406f-a5ea-cd83e0989288" parentExecutionId="8bc17358-882e-4561-80cc-1ab90078af57" testId="bdfe92b2-f4ac-73a5-f13d-5c1ea13721b4" testName="all_persons_tenses_passive_negation" computerName="ARPAN-LAP" duration="00:00:00.0335666" startTime="2014-06-25T20:31:05.1030783+05:30" endTime="2014-06-25T20:31:05.1360801+05:30" testType="13cdc9d9-ddb5-4fa4-a97d-d965ccfc6d4b" outcome="Failed" testListId="8c84fa94-04c1-424b-9868-57a2d4851a1d" relativeResultsDirectory="8bc17358-882e-4561-80cc-1ab90078af57" dataRowInfo="8" resultType="DataDrivenDataRow">
          <Output>
            <ErrorInfo>
              <Message>Assert.AreEqual failed. Expected:&lt;আমাকে বলা হবে না ।&gt;. Actual:&lt;আমাকে না বলা হবে ।&gt;. I will not be told.</Message>
              <StackTrace>   at UnitTest.BnlpTest.all_persons_tenses_passive_negation() in D:\software\Project\BNLP\UnitTest\BnlpTest.cs:line 166
</StackTrace>
            </ErrorInfo>
          </Output>
        </UnitTestResult>
        <UnitTestResult executionId="55c8c3b6-2332-4f58-b43c-4e40453ee261" parentExecutionId="8bc17358-882e-4561-80cc-1ab90078af57" testId="bdfe92b2-f4ac-73a5-f13d-5c1ea13721b4" testName="all_persons_tenses_passive_negation" computerName="ARPAN-LAP" duration="00:00:00.0364132" startTime="2014-06-25T20:31:05.1360801+05:30" endTime="2014-06-25T20:31:05.1730823+05:30" testType="13cdc9d9-ddb5-4fa4-a97d-d965ccfc6d4b" outcome="Failed" testListId="8c84fa94-04c1-424b-9868-57a2d4851a1d" relativeResultsDirectory="8bc17358-882e-4561-80cc-1ab90078af57" dataRowInfo="9" resultType="DataDrivenDataRow">
          <Output>
            <ErrorInfo>
              <Message>Assert.AreEqual failed. Expected:&lt;আমাকে বলা হবে না ।&gt;. Actual:&lt;আমাকে না বলা হবে ।&gt;. I will not be being told.</Message>
              <StackTrace>   at UnitTest.BnlpTest.all_persons_tenses_passive_negation() in D:\software\Project\BNLP\UnitTest\BnlpTest.cs:line 166
</StackTrace>
            </ErrorInfo>
          </Output>
        </UnitTestResult>
      </InnerResults>
    </UnitTestResult>
    <UnitTestResult executionId="62fc938f-7fd0-4bc0-8812-0a412ccde756" testId="c79146bc-2376-961a-5de9-441b5dfc7188" testName="auxiliary_verbs_as_main_verbs" computerName="ARPAN-LAP" duration="00:00:00.8175034" startTime="2014-06-25T20:31:05.2040840+05:30" endTime="2014-06-25T20:31:06.1061356+05:30" testType="13cdc9d9-ddb5-4fa4-a97d-d965ccfc6d4b" outcome="Failed" testListId="8c84fa94-04c1-424b-9868-57a2d4851a1d" relativeResultsDirectory="62fc938f-7fd0-4bc0-8812-0a412ccde756" resultType="DataDrivenTest">
      <Counters error="0" failed="16" timeout="0" aborted="0" inconclusive="0" passedButRunAborted="0" notRunnable="0" notExecuted="0" disconnected="0" warning="0" passed="9" completed="0" inProgress="0" pending="0" />
      <InnerResults>
        <UnitTestResult executionId="b94b9ebd-1dff-48ce-9f82-3c68ef42171b" parentExecutionId="62fc938f-7fd0-4bc0-8812-0a412ccde756" testId="c79146bc-2376-961a-5de9-441b5dfc7188" testName="auxiliary_verbs_as_main_verbs" computerName="ARPAN-LAP" duration="00:00:00.0537720" startTime="2014-06-25T20:31:05.3470922+05:30" endTime="2014-06-25T20:31:05.4010953+05:30" testType="13cdc9d9-ddb5-4fa4-a97d-d965ccfc6d4b" outcome="Passed" testListId="8c84fa94-04c1-424b-9868-57a2d4851a1d" relativeResultsDirectory="62fc938f-7fd0-4bc0-8812-0a412ccde756" dataRowInfo="0" resultType="DataDrivenDataRow" />
        <UnitTestResult executionId="efa7ee97-7edf-46ef-ac82-678de01d3358" parentExecutionId="62fc938f-7fd0-4bc0-8812-0a412ccde756" testId="c79146bc-2376-961a-5de9-441b5dfc7188" testName="auxiliary_verbs_as_main_verbs" computerName="ARPAN-LAP" duration="00:00:00.0345706" startTime="2014-06-25T20:31:05.4010953+05:30" endTime="2014-06-25T20:31:05.4360973+05:30" testType="13cdc9d9-ddb5-4fa4-a97d-d965ccfc6d4b" outcome="Failed" testListId="8c84fa94-04c1-424b-9868-57a2d4851a1d" relativeResultsDirectory="62fc938f-7fd0-4bc0-8812-0a412ccde756" dataRowInfo="1" resultType="DataDrivenDataRow">
          <Output>
            <ErrorInfo>
              <Message>Assert.AreEqual failed. Expected:&lt;আমি একটি ভাল ছাত্র ছিলাম ।&gt;. Actual:&lt;আমি একটি ভাল ছাত্র 1.2 ।&gt;. I was a good student.</Message>
              <StackTrace>   at UnitTest.BnlpTest.auxiliary_verbs_as_main_verbs() in D:\software\Project\BNLP\UnitTest\BnlpTest.cs:line 184
</StackTrace>
            </ErrorInfo>
          </Output>
        </UnitTestResult>
        <UnitTestResult executionId="04a52778-809a-4fc9-8884-8dcb336c3221" parentExecutionId="62fc938f-7fd0-4bc0-8812-0a412ccde756" testId="c79146bc-2376-961a-5de9-441b5dfc7188" testName="auxiliary_verbs_as_main_verbs" computerName="ARPAN-LAP" duration="00:00:00.0328619" startTime="2014-06-25T20:31:05.4360973+05:30" endTime="2014-06-25T20:31:05.4680991+05:30" testType="13cdc9d9-ddb5-4fa4-a97d-d965ccfc6d4b" outcome="Failed" testListId="8c84fa94-04c1-424b-9868-57a2d4851a1d" relativeResultsDirectory="62fc938f-7fd0-4bc0-8812-0a412ccde756" dataRowInfo="2" resultType="DataDrivenDataRow">
          <Output>
            <ErrorInfo>
              <Message>Assert.AreEqual failed. Expected:&lt;আমি একটি ভাল ছাত্র হব ।&gt;. Actual:&lt;আমি একটি ভাল ছাত্র 1.3 ।&gt;. I will be a good student.</Message>
              <StackTrace>   at UnitTest.BnlpTest.auxiliary_verbs_as_main_verbs() in D:\software\Project\BNLP\UnitTest\BnlpTest.cs:line 184
</StackTrace>
            </ErrorInfo>
          </Output>
        </UnitTestResult>
        <UnitTestResult executionId="38c1a3fd-4f89-4907-897a-2d1f06e8ed8a" parentExecutionId="62fc938f-7fd0-4bc0-8812-0a412ccde756" testId="c79146bc-2376-961a-5de9-441b5dfc7188" testName="auxiliary_verbs_as_main_verbs" computerName="ARPAN-LAP" duration="00:00:00.0338685" startTime="2014-06-25T20:31:05.4680991+05:30" endTime="2014-06-25T20:31:05.5021011+05:30" testType="13cdc9d9-ddb5-4fa4-a97d-d965ccfc6d4b" outcome="Passed" testListId="8c84fa94-04c1-424b-9868-57a2d4851a1d" relativeResultsDirectory="62fc938f-7fd0-4bc0-8812-0a412ccde756" dataRowInfo="3" resultType="DataDrivenDataRow" />
        <UnitTestResult executionId="0bd7e8bf-db42-43ab-a3ca-7fa612e7ff12" parentExecutionId="62fc938f-7fd0-4bc0-8812-0a412ccde756" testId="c79146bc-2376-961a-5de9-441b5dfc7188" testName="auxiliary_verbs_as_main_verbs" computerName="ARPAN-LAP" duration="00:00:00.0318693" startTime="2014-06-25T20:31:05.5021011+05:30" endTime="2014-06-25T20:31:05.5341029+05:30" testType="13cdc9d9-ddb5-4fa4-a97d-d965ccfc6d4b" outcome="Passed" testListId="8c84fa94-04c1-424b-9868-57a2d4851a1d" relativeResultsDirectory="62fc938f-7fd0-4bc0-8812-0a412ccde756" dataRowInfo="4" resultType="DataDrivenDataRow" />
        <UnitTestResult executionId="863f523f-ad14-4fe5-9709-58430cbe3b24" parentExecutionId="62fc938f-7fd0-4bc0-8812-0a412ccde756" testId="c79146bc-2376-961a-5de9-441b5dfc7188" testName="auxiliary_verbs_as_main_verbs" computerName="ARPAN-LAP" duration="00:00:00.0281060" startTime="2014-06-25T20:31:05.5341029+05:30" endTime="2014-06-25T20:31:05.5621045+05:30" testType="13cdc9d9-ddb5-4fa4-a97d-d965ccfc6d4b" outcome="Failed" testListId="8c84fa94-04c1-424b-9868-57a2d4851a1d" relativeResultsDirectory="62fc938f-7fd0-4bc0-8812-0a412ccde756" dataRowInfo="5" resultType="DataDrivenDataRow">
          <Output>
            <ErrorInfo>
              <Message>Assert.AreEqual failed. Expected:&lt;আমার একটি বই রয়েছে ।&gt;. Actual:&lt;আমার একটি বই নেই ।&gt;. I have a book.</Message>
              <StackTrace>   at UnitTest.BnlpTest.auxiliary_verbs_as_main_verbs() in D:\software\Project\BNLP\UnitTest\BnlpTest.cs:line 184
</StackTrace>
            </ErrorInfo>
          </Output>
        </UnitTestResult>
        <UnitTestResult executionId="0d4f9ebf-d200-40e1-9d9d-ad7700abe948" parentExecutionId="62fc938f-7fd0-4bc0-8812-0a412ccde756" testId="c79146bc-2376-961a-5de9-441b5dfc7188" testName="auxiliary_verbs_as_main_verbs" computerName="ARPAN-LAP" duration="00:00:00.0299527" startTime="2014-06-25T20:31:05.5621045+05:30" endTime="2014-06-25T20:31:05.5921062+05:30" testType="13cdc9d9-ddb5-4fa4-a97d-d965ccfc6d4b" outcome="Failed" testListId="8c84fa94-04c1-424b-9868-57a2d4851a1d" relativeResultsDirectory="62fc938f-7fd0-4bc0-8812-0a412ccde756" dataRowInfo="6" resultType="DataDrivenDataRow">
          <Output>
            <ErrorInfo>
              <Message>Assert.AreEqual failed. Expected:&lt;আমার একটি বই ছিল ।&gt;. Actual:&lt;আমার একটি বই ছিলনা ।&gt;. I had a book.</Message>
              <StackTrace>   at UnitTest.BnlpTest.auxiliary_verbs_as_main_verbs() in D:\software\Project\BNLP\UnitTest\BnlpTest.cs:line 184
</StackTrace>
            </ErrorInfo>
          </Output>
        </UnitTestResult>
        <UnitTestResult executionId="9adb428c-d265-413b-9867-39fb7bcba6fd" parentExecutionId="62fc938f-7fd0-4bc0-8812-0a412ccde756" testId="c79146bc-2376-961a-5de9-441b5dfc7188" testName="auxiliary_verbs_as_main_verbs" computerName="ARPAN-LAP" duration="00:00:00.0319945" startTime="2014-06-25T20:31:05.5921062+05:30" endTime="2014-06-25T20:31:05.6241081+05:30" testType="13cdc9d9-ddb5-4fa4-a97d-d965ccfc6d4b" outcome="Failed" testListId="8c84fa94-04c1-424b-9868-57a2d4851a1d" relativeResultsDirectory="62fc938f-7fd0-4bc0-8812-0a412ccde756" dataRowInfo="7" resultType="DataDrivenDataRow">
          <Output>
            <ErrorInfo>
              <Message>Assert.AreEqual failed. Expected:&lt;আমার একটি বই থাকবে ।&gt;. Actual:&lt;আমার একটি বই থাকবেনা ।&gt;. I will have a book.</Message>
              <StackTrace>   at UnitTest.BnlpTest.auxiliary_verbs_as_main_verbs() in D:\software\Project\BNLP\UnitTest\BnlpTest.cs:line 184
</StackTrace>
            </ErrorInfo>
          </Output>
        </UnitTestResult>
        <UnitTestResult executionId="88a8d7f8-155a-4c92-ba91-8146ea79c5d6" parentExecutionId="62fc938f-7fd0-4bc0-8812-0a412ccde756" testId="c79146bc-2376-961a-5de9-441b5dfc7188" testName="auxiliary_verbs_as_main_verbs" computerName="ARPAN-LAP" duration="00:00:00.0438300" startTime="2014-06-25T20:31:05.6241081+05:30" endTime="2014-06-25T20:31:05.6681106+05:30" testType="13cdc9d9-ddb5-4fa4-a97d-d965ccfc6d4b" outcome="Failed" testListId="8c84fa94-04c1-424b-9868-57a2d4851a1d" relativeResultsDirectory="62fc938f-7fd0-4bc0-8812-0a412ccde756" dataRowInfo="8" resultType="DataDrivenDataRow">
          <Output>
            <ErrorInfo>
              <Message>Assert.AreEqual failed. Expected:&lt;আমার এই বইটি পড়া য় সমস্যা রয়েছে ।&gt;. Actual:&lt;আমার এই বইটি পড়া য় সমস্যা নেই ।&gt;. I am having problem in reading this book.</Message>
              <StackTrace>   at UnitTest.BnlpTest.auxiliary_verbs_as_main_verbs() in D:\software\Project\BNLP\UnitTest\BnlpTest.cs:line 184
</StackTrace>
            </ErrorInfo>
          </Output>
        </UnitTestResult>
        <UnitTestResult executionId="6780a414-14a0-4c81-8e92-ee010d8d8562" parentExecutionId="62fc938f-7fd0-4bc0-8812-0a412ccde756" testId="c79146bc-2376-961a-5de9-441b5dfc7188" testName="auxiliary_verbs_as_main_verbs" computerName="ARPAN-LAP" duration="00:00:00.0189154" startTime="2014-06-25T20:31:05.6681106+05:30" endTime="2014-06-25T20:31:05.6871117+05:30" testType="13cdc9d9-ddb5-4fa4-a97d-d965ccfc6d4b" outcome="Passed" testListId="8c84fa94-04c1-424b-9868-57a2d4851a1d" relativeResultsDirectory="62fc938f-7fd0-4bc0-8812-0a412ccde756" dataRowInfo="9" resultType="DataDrivenDataRow" />
        <UnitTestResult executionId="439fc08d-a6b7-42e9-a5c4-bf1bca854874" parentExecutionId="62fc938f-7fd0-4bc0-8812-0a412ccde756" testId="c79146bc-2376-961a-5de9-441b5dfc7188" testName="auxiliary_verbs_as_main_verbs" computerName="ARPAN-LAP" duration="00:00:00.0198218" startTime="2014-06-25T20:31:05.6871117+05:30" endTime="2014-06-25T20:31:05.7071128+05:30" testType="13cdc9d9-ddb5-4fa4-a97d-d965ccfc6d4b" outcome="Failed" testListId="8c84fa94-04c1-424b-9868-57a2d4851a1d" relativeResultsDirectory="62fc938f-7fd0-4bc0-8812-0a412ccde756" dataRowInfo="10" resultType="DataDrivenDataRow">
          <Output>
            <ErrorInfo>
              <Message>Assert.AreEqual failed. Expected:&lt;আপনি একটি ভাল ছাত্র ছিলেন ।&gt;. Actual:&lt;আপনি একটি ভাল ছাত্র 2.2 ।&gt;. You were a good student.</Message>
              <StackTrace>   at UnitTest.BnlpTest.auxiliary_verbs_as_main_verbs() in D:\software\Project\BNLP\UnitTest\BnlpTest.cs:line 184
</StackTrace>
            </ErrorInfo>
          </Output>
        </UnitTestResult>
        <UnitTestResult executionId="c46d557b-8a80-4ec8-847b-1074671dc4bc" parentExecutionId="62fc938f-7fd0-4bc0-8812-0a412ccde756" testId="c79146bc-2376-961a-5de9-441b5dfc7188" testName="auxiliary_verbs_as_main_verbs" computerName="ARPAN-LAP" duration="00:00:00.0268228" startTime="2014-06-25T20:31:05.7071128+05:30" endTime="2014-06-25T20:31:05.7341143+05:30" testType="13cdc9d9-ddb5-4fa4-a97d-d965ccfc6d4b" outcome="Failed" testListId="8c84fa94-04c1-424b-9868-57a2d4851a1d" relativeResultsDirectory="62fc938f-7fd0-4bc0-8812-0a412ccde756" dataRowInfo="11" resultType="DataDrivenDataRow">
          <Output>
            <ErrorInfo>
              <Message>Assert.AreEqual failed. Expected:&lt;আপনি একটি ভাল ছাত্র হবেন ।&gt;. Actual:&lt;আপনি একটি ভাল ছাত্র 2.3 ।&gt;. You will be a good student.</Message>
              <StackTrace>   at UnitTest.BnlpTest.auxiliary_verbs_as_main_verbs() in D:\software\Project\BNLP\UnitTest\BnlpTest.cs:line 184
</StackTrace>
            </ErrorInfo>
          </Output>
        </UnitTestResult>
        <UnitTestResult executionId="ea1e1cc8-9340-49dd-b743-a834e188a127" parentExecutionId="62fc938f-7fd0-4bc0-8812-0a412ccde756" testId="c79146bc-2376-961a-5de9-441b5dfc7188" testName="auxiliary_verbs_as_main_verbs" computerName="ARPAN-LAP" duration="00:00:00.0258892" startTime="2014-06-25T20:31:05.7341143+05:30" endTime="2014-06-25T20:31:05.7601158+05:30" testType="13cdc9d9-ddb5-4fa4-a97d-d965ccfc6d4b" outcome="Passed" testListId="8c84fa94-04c1-424b-9868-57a2d4851a1d" relativeResultsDirectory="62fc938f-7fd0-4bc0-8812-0a412ccde756" dataRowInfo="12" resultType="DataDrivenDataRow" />
        <UnitTestResult executionId="40270710-e639-413f-8faf-48511e3d38d3" parentExecutionId="62fc938f-7fd0-4bc0-8812-0a412ccde756" testId="c79146bc-2376-961a-5de9-441b5dfc7188" testName="auxiliary_verbs_as_main_verbs" computerName="ARPAN-LAP" duration="00:00:00.0262115" startTime="2014-06-25T20:31:05.7601158+05:30" endTime="2014-06-25T20:31:05.7861173+05:30" testType="13cdc9d9-ddb5-4fa4-a97d-d965ccfc6d4b" outcome="Passed" testListId="8c84fa94-04c1-424b-9868-57a2d4851a1d" relativeResultsDirectory="62fc938f-7fd0-4bc0-8812-0a412ccde756" dataRowInfo="13" resultType="DataDrivenDataRow" />
        <UnitTestResult executionId="0f354998-67bb-4169-844e-eacb9daaaad9" parentExecutionId="62fc938f-7fd0-4bc0-8812-0a412ccde756" testId="c79146bc-2376-961a-5de9-441b5dfc7188" testName="auxiliary_verbs_as_main_verbs" computerName="ARPAN-LAP" duration="00:00:00.0219955" startTime="2014-06-25T20:31:05.7861173+05:30" endTime="2014-06-25T20:31:05.8081186+05:30" testType="13cdc9d9-ddb5-4fa4-a97d-d965ccfc6d4b" outcome="Failed" testListId="8c84fa94-04c1-424b-9868-57a2d4851a1d" relativeResultsDirectory="62fc938f-7fd0-4bc0-8812-0a412ccde756" dataRowInfo="14" resultType="DataDrivenDataRow">
          <Output>
            <ErrorInfo>
              <Message>Assert.AreEqual failed. Expected:&lt;আপনার একটি বই রয়েছে ।&gt;. Actual:&lt;আপনার একটি বই নেই ।&gt;. You have a book.</Message>
              <StackTrace>   at UnitTest.BnlpTest.auxiliary_verbs_as_main_verbs() in D:\software\Project\BNLP\UnitTest\BnlpTest.cs:line 184
</StackTrace>
            </ErrorInfo>
          </Output>
        </UnitTestResult>
        <UnitTestResult executionId="f22140b0-cd7d-4525-b14d-70aa3af91594" parentExecutionId="62fc938f-7fd0-4bc0-8812-0a412ccde756" testId="c79146bc-2376-961a-5de9-441b5dfc7188" testName="auxiliary_verbs_as_main_verbs" computerName="ARPAN-LAP" duration="00:00:00.0200615" startTime="2014-06-25T20:31:05.8081186+05:30" endTime="2014-06-25T20:31:05.8281197+05:30" testType="13cdc9d9-ddb5-4fa4-a97d-d965ccfc6d4b" outcome="Failed" testListId="8c84fa94-04c1-424b-9868-57a2d4851a1d" relativeResultsDirectory="62fc938f-7fd0-4bc0-8812-0a412ccde756" dataRowInfo="15" resultType="DataDrivenDataRow">
          <Output>
            <ErrorInfo>
              <Message>Assert.AreEqual failed. Expected:&lt;আপনার একটি বই ছিল ।&gt;. Actual:&lt;আপনার একটি বই ছিলনা ।&gt;. You had a book.</Message>
              <StackTrace>   at UnitTest.BnlpTest.auxiliary_verbs_as_main_verbs() in D:\software\Project\BNLP\UnitTest\BnlpTest.cs:line 184
</StackTrace>
            </ErrorInfo>
          </Output>
        </UnitTestResult>
        <UnitTestResult executionId="e71adcbb-48b3-4b3e-9ca6-7a019ef0a2cd" parentExecutionId="62fc938f-7fd0-4bc0-8812-0a412ccde756" testId="c79146bc-2376-961a-5de9-441b5dfc7188" testName="auxiliary_verbs_as_main_verbs" computerName="ARPAN-LAP" duration="00:00:00.0277072" startTime="2014-06-25T20:31:05.8281197+05:30" endTime="2014-06-25T20:31:05.8561213+05:30" testType="13cdc9d9-ddb5-4fa4-a97d-d965ccfc6d4b" outcome="Failed" testListId="8c84fa94-04c1-424b-9868-57a2d4851a1d" relativeResultsDirectory="62fc938f-7fd0-4bc0-8812-0a412ccde756" dataRowInfo="16" resultType="DataDrivenDataRow">
          <Output>
            <ErrorInfo>
              <Message>Assert.AreEqual failed. Expected:&lt;আপনার একটি বই থাকবে ।&gt;. Actual:&lt;আপনার একটি বই থাকবেনা ।&gt;. You will have a book.</Message>
              <StackTrace>   at UnitTest.BnlpTest.auxiliary_verbs_as_main_verbs() in D:\software\Project\BNLP\UnitTest\BnlpTest.cs:line 184
</StackTrace>
            </ErrorInfo>
          </Output>
        </UnitTestResult>
        <UnitTestResult executionId="d23fd6bb-6ea4-4658-9c01-dd3c7c1f1da6" parentExecutionId="62fc938f-7fd0-4bc0-8812-0a412ccde756" testId="c79146bc-2376-961a-5de9-441b5dfc7188" testName="auxiliary_verbs_as_main_verbs" computerName="ARPAN-LAP" duration="00:00:00.0186480" startTime="2014-06-25T20:31:05.8561213+05:30" endTime="2014-06-25T20:31:05.8751224+05:30" testType="13cdc9d9-ddb5-4fa4-a97d-d965ccfc6d4b" outcome="Passed" testListId="8c84fa94-04c1-424b-9868-57a2d4851a1d" relativeResultsDirectory="62fc938f-7fd0-4bc0-8812-0a412ccde756" dataRowInfo="17" resultType="DataDrivenDataRow" />
        <UnitTestResult executionId="7e756e8c-ca50-418d-bac4-2e365484c9bb" parentExecutionId="62fc938f-7fd0-4bc0-8812-0a412ccde756" testId="c79146bc-2376-961a-5de9-441b5dfc7188" testName="auxiliary_verbs_as_main_verbs" computerName="ARPAN-LAP" duration="00:00:00.0200112" startTime="2014-06-25T20:31:05.8751224+05:30" endTime="2014-06-25T20:31:05.8951236+05:30" testType="13cdc9d9-ddb5-4fa4-a97d-d965ccfc6d4b" outcome="Failed" testListId="8c84fa94-04c1-424b-9868-57a2d4851a1d" relativeResultsDirectory="62fc938f-7fd0-4bc0-8812-0a412ccde756" dataRowInfo="18" resultType="DataDrivenDataRow">
          <Output>
            <ErrorInfo>
              <Message>Assert.AreEqual failed. Expected:&lt;সে একটি ভাল ছাত্র ছিল ।&gt;. Actual:&lt;সে একটি ভাল ছাত্র 3.2 ।&gt;. She was a good student.</Message>
              <StackTrace>   at UnitTest.BnlpTest.auxiliary_verbs_as_main_verbs() in D:\software\Project\BNLP\UnitTest\BnlpTest.cs:line 184
</StackTrace>
            </ErrorInfo>
          </Output>
        </UnitTestResult>
        <UnitTestResult executionId="9d876120-1ae5-49c5-9945-9049d4e6fec1" parentExecutionId="62fc938f-7fd0-4bc0-8812-0a412ccde756" testId="c79146bc-2376-961a-5de9-441b5dfc7188" testName="auxiliary_verbs_as_main_verbs" computerName="ARPAN-LAP" duration="00:00:00.0265128" startTime="2014-06-25T20:31:05.8951236+05:30" endTime="2014-06-25T20:31:05.9211250+05:30" testType="13cdc9d9-ddb5-4fa4-a97d-d965ccfc6d4b" outcome="Failed" testListId="8c84fa94-04c1-424b-9868-57a2d4851a1d" relativeResultsDirectory="62fc938f-7fd0-4bc0-8812-0a412ccde756" dataRowInfo="19" resultType="DataDrivenDataRow">
          <Output>
            <ErrorInfo>
              <Message>Assert.AreEqual failed. Expected:&lt;সে একটি ভাল ছাত্র হবে ।&gt;. Actual:&lt;সে একটি ভাল ছাত্র 3.3 ।&gt;. She will be a good student.</Message>
              <StackTrace>   at UnitTest.BnlpTest.auxiliary_verbs_as_main_verbs() in D:\software\Project\BNLP\UnitTest\BnlpTest.cs:line 184
</StackTrace>
            </ErrorInfo>
          </Output>
        </UnitTestResult>
        <UnitTestResult executionId="306df2c7-9efc-4385-b157-5a51a6528124" parentExecutionId="62fc938f-7fd0-4bc0-8812-0a412ccde756" testId="c79146bc-2376-961a-5de9-441b5dfc7188" testName="auxiliary_verbs_as_main_verbs" computerName="ARPAN-LAP" duration="00:00:00.0242544" startTime="2014-06-25T20:31:05.9211250+05:30" endTime="2014-06-25T20:31:05.9461265+05:30" testType="13cdc9d9-ddb5-4fa4-a97d-d965ccfc6d4b" outcome="Passed" testListId="8c84fa94-04c1-424b-9868-57a2d4851a1d" relativeResultsDirectory="62fc938f-7fd0-4bc0-8812-0a412ccde756" dataRowInfo="20" resultType="DataDrivenDataRow" />
        <UnitTestResult executionId="d5d45aa6-8472-4f7e-886d-c43392f3291e" parentExecutionId="62fc938f-7fd0-4bc0-8812-0a412ccde756" testId="c79146bc-2376-961a-5de9-441b5dfc7188" testName="auxiliary_verbs_as_main_verbs" computerName="ARPAN-LAP" duration="00:00:00.0252332" startTime="2014-06-25T20:31:05.9461265+05:30" endTime="2014-06-25T20:31:05.9711279+05:30" testType="13cdc9d9-ddb5-4fa4-a97d-d965ccfc6d4b" outcome="Passed" testListId="8c84fa94-04c1-424b-9868-57a2d4851a1d" relativeResultsDirectory="62fc938f-7fd0-4bc0-8812-0a412ccde756" dataRowInfo="21" resultType="DataDrivenDataRow" />
        <UnitTestResult executionId="bc8bb547-239c-4b82-b7bc-ad8d171e93e9" parentExecutionId="62fc938f-7fd0-4bc0-8812-0a412ccde756" testId="c79146bc-2376-961a-5de9-441b5dfc7188" testName="auxiliary_verbs_as_main_verbs" computerName="ARPAN-LAP" duration="00:00:00.0175506" startTime="2014-06-25T20:31:05.9711279+05:30" endTime="2014-06-25T20:31:05.9891289+05:30" testType="13cdc9d9-ddb5-4fa4-a97d-d965ccfc6d4b" outcome="Failed" testListId="8c84fa94-04c1-424b-9868-57a2d4851a1d" relativeResultsDirectory="62fc938f-7fd0-4bc0-8812-0a412ccde756" dataRowInfo="22" resultType="DataDrivenDataRow">
          <Output>
            <ErrorInfo>
              <Message>Assert.AreEqual failed. Expected:&lt;তার একটি বই রয়েছে ।&gt;. Actual:&lt;তার একটি বই নেই ।&gt;. She has a book.</Message>
              <StackTrace>   at UnitTest.BnlpTest.auxiliary_verbs_as_main_verbs() in D:\software\Project\BNLP\UnitTest\BnlpTest.cs:line 184
</StackTrace>
            </ErrorInfo>
          </Output>
        </UnitTestResult>
        <UnitTestResult executionId="6cd386de-48a7-4d26-9e64-4c9cab070494" parentExecutionId="62fc938f-7fd0-4bc0-8812-0a412ccde756" testId="c79146bc-2376-961a-5de9-441b5dfc7188" testName="auxiliary_verbs_as_main_verbs" computerName="ARPAN-LAP" duration="00:00:00.0201704" startTime="2014-06-25T20:31:05.9891289+05:30" endTime="2014-06-25T20:31:06.0091301+05:30" testType="13cdc9d9-ddb5-4fa4-a97d-d965ccfc6d4b" outcome="Failed" testListId="8c84fa94-04c1-424b-9868-57a2d4851a1d" relativeResultsDirectory="62fc938f-7fd0-4bc0-8812-0a412ccde756" dataRowInfo="23" resultType="DataDrivenDataRow">
          <Output>
            <ErrorInfo>
              <Message>Assert.AreEqual failed. Expected:&lt;তার একটি বই ছিল ।&gt;. Actual:&lt;তার একটি বই ছিলনা ।&gt;. She had a book.</Message>
              <StackTrace>   at UnitTest.BnlpTest.auxiliary_verbs_as_main_verbs() in D:\software\Project\BNLP\UnitTest\BnlpTest.cs:line 184
</StackTrace>
            </ErrorInfo>
          </Output>
        </UnitTestResult>
        <UnitTestResult executionId="9955c113-ca69-4aab-b561-8b952699f43c" parentExecutionId="62fc938f-7fd0-4bc0-8812-0a412ccde756" testId="c79146bc-2376-961a-5de9-441b5dfc7188" testName="auxiliary_verbs_as_main_verbs" computerName="ARPAN-LAP" duration="00:00:00.0277626" startTime="2014-06-25T20:31:06.0091301+05:30" endTime="2014-06-25T20:31:06.0371317+05:30" testType="13cdc9d9-ddb5-4fa4-a97d-d965ccfc6d4b" outcome="Failed" testListId="8c84fa94-04c1-424b-9868-57a2d4851a1d" relativeResultsDirectory="62fc938f-7fd0-4bc0-8812-0a412ccde756" dataRowInfo="24" resultType="DataDrivenDataRow">
          <Output>
            <ErrorInfo>
              <Message>Assert.AreEqual failed. Expected:&lt;তার একটি বই থাকবে ।&gt;. Actual:&lt;তার একটি বই থাকবেনা ।&gt;. She will have a book.</Message>
              <StackTrace>   at UnitTest.BnlpTest.auxiliary_verbs_as_main_verbs() in D:\software\Project\BNLP\UnitTest\BnlpTest.cs:line 184
</StackTrace>
            </ErrorInfo>
          </Output>
        </UnitTestResult>
      </InnerResults>
    </UnitTestResult>
    <UnitTestResult executionId="ab8a118a-91fe-4db1-964c-eea63c842019" testId="d03eb628-bf1f-c27d-aeef-e708d613d686" testName="all_persons_modal_can_may_negation" computerName="ARPAN-LAP" duration="00:00:00.7238120" startTime="2014-06-25T20:31:06.1151361+05:30" endTime="2014-06-25T20:31:06.9221823+05:30" testType="13cdc9d9-ddb5-4fa4-a97d-d965ccfc6d4b" outcome="Failed" testListId="8c84fa94-04c1-424b-9868-57a2d4851a1d" relativeResultsDirectory="ab8a118a-91fe-4db1-964c-eea63c842019" resultType="DataDrivenTest">
      <Counters error="0" failed="24" timeout="0" aborted="0" inconclusive="0" passedButRunAborted="0" notRunnable="0" notExecuted="0" disconnected="0" warning="0" passed="0" completed="0" inProgress="0" pending="0" />
      <InnerResults>
        <UnitTestResult executionId="90131332-1aee-4413-b343-68d70d6aa6e5" parentExecutionId="ab8a118a-91fe-4db1-964c-eea63c842019" testId="d03eb628-bf1f-c27d-aeef-e708d613d686" testName="all_persons_modal_can_may_negation" computerName="ARPAN-LAP" duration="00:00:00.0420777" startTime="2014-06-25T20:31:06.2021411+05:30" endTime="2014-06-25T20:31:06.2441435+05:30" testType="13cdc9d9-ddb5-4fa4-a97d-d965ccfc6d4b" outcome="Failed" testListId="8c84fa94-04c1-424b-9868-57a2d4851a1d" relativeResultsDirectory="ab8a118a-91fe-4db1-964c-eea63c842019" dataRowInfo="0" resultType="DataDrivenDataRow">
          <Output>
            <ErrorInfo>
              <Message>Assert.AreEqual failed. Expected:&lt;আমি কাজ করতে পারি না ।&gt;. Actual:&lt;আমাকে না কাজ করা যাবে ।&gt;. I can not work.</Message>
              <StackTrace>   at UnitTest.BnlpTest.all_persons_modal_can_may_negation() in D:\software\Project\BNLP\UnitTest\BnlpTest.cs:line 94
</StackTrace>
            </ErrorInfo>
          </Output>
        </UnitTestResult>
        <UnitTestResult executionId="ce677463-f694-4c4c-916b-9712eac8848c" parentExecutionId="ab8a118a-91fe-4db1-964c-eea63c842019" testId="d03eb628-bf1f-c27d-aeef-e708d613d686" testName="all_persons_modal_can_may_negation" computerName="ARPAN-LAP" duration="00:00:00.0265590" startTime="2014-06-25T20:31:06.2441435+05:30" endTime="2014-06-25T20:31:06.2701450+05:30" testType="13cdc9d9-ddb5-4fa4-a97d-d965ccfc6d4b" outcome="Failed" testListId="8c84fa94-04c1-424b-9868-57a2d4851a1d" relativeResultsDirectory="ab8a118a-91fe-4db1-964c-eea63c842019" dataRowInfo="1" resultType="DataDrivenDataRow">
          <Output>
            <ErrorInfo>
              <Message>Assert.AreEqual failed. Expected:&lt;আমি কাজ করতে নাও পারি ।&gt;. Actual:&lt;আমাকে না কাজ করা হয়ত যাবে ।&gt;. I may not work.</Message>
              <StackTrace>   at UnitTest.BnlpTest.all_persons_modal_can_may_negation() in D:\software\Project\BNLP\UnitTest\BnlpTest.cs:line 94
</StackTrace>
            </ErrorInfo>
          </Output>
        </UnitTestResult>
        <UnitTestResult executionId="8805610e-4e2e-4840-acfb-b8cc8ca24f6f" parentExecutionId="ab8a118a-91fe-4db1-964c-eea63c842019" testId="d03eb628-bf1f-c27d-aeef-e708d613d686" testName="all_persons_modal_can_may_negation" computerName="ARPAN-LAP" duration="00:00:00.0271503" startTime="2014-06-25T20:31:06.2701450+05:30" endTime="2014-06-25T20:31:06.2971466+05:30" testType="13cdc9d9-ddb5-4fa4-a97d-d965ccfc6d4b" outcome="Failed" testListId="8c84fa94-04c1-424b-9868-57a2d4851a1d" relativeResultsDirectory="ab8a118a-91fe-4db1-964c-eea63c842019" dataRowInfo="2" resultType="DataDrivenDataRow">
          <Output>
            <ErrorInfo>
              <Message>Assert.AreEqual failed. Expected:&lt;আমি কাজ করতে পারি না ।&gt;. Actual:&lt;আমাকে না কাজ করা যাবে ।&gt;. I could not work.</Message>
              <StackTrace>   at UnitTest.BnlpTest.all_persons_modal_can_may_negation() in D:\software\Project\BNLP\UnitTest\BnlpTest.cs:line 94
</StackTrace>
            </ErrorInfo>
          </Output>
        </UnitTestResult>
        <UnitTestResult executionId="17d63b8e-8228-4dfb-8c05-b18af2a55ef1" parentExecutionId="ab8a118a-91fe-4db1-964c-eea63c842019" testId="d03eb628-bf1f-c27d-aeef-e708d613d686" testName="all_persons_modal_can_may_negation" computerName="ARPAN-LAP" duration="00:00:00.0244151" startTime="2014-06-25T20:31:06.2971466+05:30" endTime="2014-06-25T20:31:06.3221480+05:30" testType="13cdc9d9-ddb5-4fa4-a97d-d965ccfc6d4b" outcome="Failed" testListId="8c84fa94-04c1-424b-9868-57a2d4851a1d" relativeResultsDirectory="ab8a118a-91fe-4db1-964c-eea63c842019" dataRowInfo="3" resultType="DataDrivenDataRow">
          <Output>
            <ErrorInfo>
              <Message>Assert.AreEqual failed. Expected:&lt;আমি কাজ করতে নাও পারি ।&gt;. Actual:&lt;আমাকে না কাজ করা যাবে ।&gt;. I might not work.</Message>
              <StackTrace>   at UnitTest.BnlpTest.all_persons_modal_can_may_negation() in D:\software\Project\BNLP\UnitTest\BnlpTest.cs:line 94
</StackTrace>
            </ErrorInfo>
          </Output>
        </UnitTestResult>
        <UnitTestResult executionId="01941b45-3da9-4f33-9e41-25a99f4fa293" parentExecutionId="ab8a118a-91fe-4db1-964c-eea63c842019" testId="d03eb628-bf1f-c27d-aeef-e708d613d686" testName="all_persons_modal_can_may_negation" computerName="ARPAN-LAP" duration="00:00:00.0320802" startTime="2014-06-25T20:31:06.3221480+05:30" endTime="2014-06-25T20:31:06.3541498+05:30" testType="13cdc9d9-ddb5-4fa4-a97d-d965ccfc6d4b" outcome="Failed" testListId="8c84fa94-04c1-424b-9868-57a2d4851a1d" relativeResultsDirectory="ab8a118a-91fe-4db1-964c-eea63c842019" dataRowInfo="4" resultType="DataDrivenDataRow">
          <Output>
            <ErrorInfo>
              <Message>Assert.AreEqual failed. Expected:&lt;আমি কাজ করতে পারি না ।&gt;. Actual:&lt;আমাকে না কাজ করা যেত ।&gt;. I could not have worked.</Message>
              <StackTrace>   at UnitTest.BnlpTest.all_persons_modal_can_may_negation() in D:\software\Project\BNLP\UnitTest\BnlpTest.cs:line 94
</StackTrace>
            </ErrorInfo>
          </Output>
        </UnitTestResult>
        <UnitTestResult executionId="875d9a90-d4ad-4957-b511-fe2725f753a8" parentExecutionId="ab8a118a-91fe-4db1-964c-eea63c842019" testId="d03eb628-bf1f-c27d-aeef-e708d613d686" testName="all_persons_modal_can_may_negation" computerName="ARPAN-LAP" duration="00:00:00.0332731" startTime="2014-06-25T20:31:06.3541498+05:30" endTime="2014-06-25T20:31:06.3871517+05:30" testType="13cdc9d9-ddb5-4fa4-a97d-d965ccfc6d4b" outcome="Failed" testListId="8c84fa94-04c1-424b-9868-57a2d4851a1d" relativeResultsDirectory="ab8a118a-91fe-4db1-964c-eea63c842019" dataRowInfo="5" resultType="DataDrivenDataRow">
          <Output>
            <ErrorInfo>
              <Message>Assert.AreEqual failed. Expected:&lt;আমি কাজ করতে নাও পারি ।&gt;. Actual:&lt;আমাকে না কাজ করা যেত ।&gt;. I might not have worked.</Message>
              <StackTrace>   at UnitTest.BnlpTest.all_persons_modal_can_may_negation() in D:\software\Project\BNLP\UnitTest\BnlpTest.cs:line 94
</StackTrace>
            </ErrorInfo>
          </Output>
        </UnitTestResult>
        <UnitTestResult executionId="79ae553d-7999-4e1b-8b00-d9b70606da8b" parentExecutionId="ab8a118a-91fe-4db1-964c-eea63c842019" testId="d03eb628-bf1f-c27d-aeef-e708d613d686" testName="all_persons_modal_can_may_negation" computerName="ARPAN-LAP" duration="00:00:00.0342852" startTime="2014-06-25T20:31:06.3871517+05:30" endTime="2014-06-25T20:31:06.4221537+05:30" testType="13cdc9d9-ddb5-4fa4-a97d-d965ccfc6d4b" outcome="Failed" testListId="8c84fa94-04c1-424b-9868-57a2d4851a1d" relativeResultsDirectory="ab8a118a-91fe-4db1-964c-eea63c842019" dataRowInfo="6" resultType="DataDrivenDataRow">
          <Output>
            <ErrorInfo>
              <Message>Assert.AreEqual failed. Expected:&lt;আমার এই বইটি থাকতে পারে না ।&gt;. Actual:&lt;আমার না এই বইটি থাকতে পারে ।&gt;. I can not have this book.</Message>
              <StackTrace>   at UnitTest.BnlpTest.all_persons_modal_can_may_negation() in D:\software\Project\BNLP\UnitTest\BnlpTest.cs:line 94
</StackTrace>
            </ErrorInfo>
          </Output>
        </UnitTestResult>
        <UnitTestResult executionId="03470259-1f4b-4f35-9c70-b946175b8eb5" parentExecutionId="ab8a118a-91fe-4db1-964c-eea63c842019" testId="d03eb628-bf1f-c27d-aeef-e708d613d686" testName="all_persons_modal_can_may_negation" computerName="ARPAN-LAP" duration="00:00:00.0365323" startTime="2014-06-25T20:31:06.4221537+05:30" endTime="2014-06-25T20:31:06.4581558+05:30" testType="13cdc9d9-ddb5-4fa4-a97d-d965ccfc6d4b" outcome="Failed" testListId="8c84fa94-04c1-424b-9868-57a2d4851a1d" relativeResultsDirectory="ab8a118a-91fe-4db1-964c-eea63c842019" dataRowInfo="7" resultType="DataDrivenDataRow">
          <Output>
            <ErrorInfo>
              <Message>Assert.AreEqual failed. Expected:&lt;আমার এই বইটি থাকতে নাও পারে ।&gt;. Actual:&lt;আমার না এই বইটি থাকতে পারে ।&gt;. I may not have this book.</Message>
              <StackTrace>   at UnitTest.BnlpTest.all_persons_modal_can_may_negation() in D:\software\Project\BNLP\UnitTest\BnlpTest.cs:line 94
</StackTrace>
            </ErrorInfo>
          </Output>
        </UnitTestResult>
        <UnitTestResult executionId="0c135a78-0a68-40a2-afdd-679c075d1c39" parentExecutionId="ab8a118a-91fe-4db1-964c-eea63c842019" testId="d03eb628-bf1f-c27d-aeef-e708d613d686" testName="all_persons_modal_can_may_negation" computerName="ARPAN-LAP" duration="00:00:00.0200898" startTime="2014-06-25T20:31:06.4581558+05:30" endTime="2014-06-25T20:31:06.4781569+05:30" testType="13cdc9d9-ddb5-4fa4-a97d-d965ccfc6d4b" outcome="Failed" testListId="8c84fa94-04c1-424b-9868-57a2d4851a1d" relativeResultsDirectory="ab8a118a-91fe-4db1-964c-eea63c842019" dataRowInfo="8" resultType="DataDrivenDataRow">
          <Output>
            <ErrorInfo>
              <Message>Assert.AreEqual failed. Expected:&lt;আপনি কাজ করতে পারেন না ।&gt;. Actual:&lt;আপনার না কাজ করা যাবে ।&gt;. You can not work.</Message>
              <StackTrace>   at UnitTest.BnlpTest.all_persons_modal_can_may_negation() in D:\software\Project\BNLP\UnitTest\BnlpTest.cs:line 94
</StackTrace>
            </ErrorInfo>
          </Output>
        </UnitTestResult>
        <UnitTestResult executionId="ec65379c-66d7-4ea6-aaeb-fded8457f31f" parentExecutionId="ab8a118a-91fe-4db1-964c-eea63c842019" testId="d03eb628-bf1f-c27d-aeef-e708d613d686" testName="all_persons_modal_can_may_negation" computerName="ARPAN-LAP" duration="00:00:00.0196124" startTime="2014-06-25T20:31:06.4781569+05:30" endTime="2014-06-25T20:31:06.4981580+05:30" testType="13cdc9d9-ddb5-4fa4-a97d-d965ccfc6d4b" outcome="Failed" testListId="8c84fa94-04c1-424b-9868-57a2d4851a1d" relativeResultsDirectory="ab8a118a-91fe-4db1-964c-eea63c842019" dataRowInfo="9" resultType="DataDrivenDataRow">
          <Output>
            <ErrorInfo>
              <Message>Assert.AreEqual failed. Expected:&lt;আপনি কাজ করতে নাও পারেন ।&gt;. Actual:&lt;আপনার না কাজ করা হয়ত যাবে ।&gt;. You may not work.</Message>
              <StackTrace>   at UnitTest.BnlpTest.all_persons_modal_can_may_negation() in D:\software\Project\BNLP\UnitTest\BnlpTest.cs:line 94
</StackTrace>
            </ErrorInfo>
          </Output>
        </UnitTestResult>
        <UnitTestResult executionId="03b7f147-6473-47f9-be8b-72be17aec24b" parentExecutionId="ab8a118a-91fe-4db1-964c-eea63c842019" testId="d03eb628-bf1f-c27d-aeef-e708d613d686" testName="all_persons_modal_can_may_negation" computerName="ARPAN-LAP" duration="00:00:00.0215818" startTime="2014-06-25T20:31:06.4981580+05:30" endTime="2014-06-25T20:31:06.5201593+05:30" testType="13cdc9d9-ddb5-4fa4-a97d-d965ccfc6d4b" outcome="Failed" testListId="8c84fa94-04c1-424b-9868-57a2d4851a1d" relativeResultsDirectory="ab8a118a-91fe-4db1-964c-eea63c842019" dataRowInfo="10" resultType="DataDrivenDataRow">
          <Output>
            <ErrorInfo>
              <Message>Assert.AreEqual failed. Expected:&lt;আপনি কাজ করতে পারেন না ।&gt;. Actual:&lt;আপনার না কাজ করা যাবে ।&gt;. You could not work.</Message>
              <StackTrace>   at UnitTest.BnlpTest.all_persons_modal_can_may_negation() in D:\software\Project\BNLP\UnitTest\BnlpTest.cs:line 94
</StackTrace>
            </ErrorInfo>
          </Output>
        </UnitTestResult>
        <UnitTestResult executionId="624a52d4-4f9a-4c1b-847b-357a351170fc" parentExecutionId="ab8a118a-91fe-4db1-964c-eea63c842019" testId="d03eb628-bf1f-c27d-aeef-e708d613d686" testName="all_persons_modal_can_may_negation" computerName="ARPAN-LAP" duration="00:00:00.0207360" startTime="2014-06-25T20:31:06.5201593+05:30" endTime="2014-06-25T20:31:06.5401605+05:30" testType="13cdc9d9-ddb5-4fa4-a97d-d965ccfc6d4b" outcome="Failed" testListId="8c84fa94-04c1-424b-9868-57a2d4851a1d" relativeResultsDirectory="ab8a118a-91fe-4db1-964c-eea63c842019" dataRowInfo="11" resultType="DataDrivenDataRow">
          <Output>
            <ErrorInfo>
              <Message>Assert.AreEqual failed. Expected:&lt;আপনি কাজ করতে নাও পারেন ।&gt;. Actual:&lt;আপনার না কাজ করা যাবে ।&gt;. You might not work.</Message>
              <StackTrace>   at UnitTest.BnlpTest.all_persons_modal_can_may_negation() in D:\software\Project\BNLP\UnitTest\BnlpTest.cs:line 94
</StackTrace>
            </ErrorInfo>
          </Output>
        </UnitTestResult>
        <UnitTestResult executionId="624f644c-98c0-4c32-8a24-072a12ff6698" parentExecutionId="ab8a118a-91fe-4db1-964c-eea63c842019" testId="d03eb628-bf1f-c27d-aeef-e708d613d686" testName="all_persons_modal_can_may_negation" computerName="ARPAN-LAP" duration="00:00:00.0306826" startTime="2014-06-25T20:31:06.5401605+05:30" endTime="2014-06-25T20:31:06.5711622+05:30" testType="13cdc9d9-ddb5-4fa4-a97d-d965ccfc6d4b" outcome="Failed" testListId="8c84fa94-04c1-424b-9868-57a2d4851a1d" relativeResultsDirectory="ab8a118a-91fe-4db1-964c-eea63c842019" dataRowInfo="12" resultType="DataDrivenDataRow">
          <Output>
            <ErrorInfo>
              <Message>Assert.AreEqual failed. Expected:&lt;আপনি কাজ করতে পারেন না ।&gt;. Actual:&lt;আপনার না কাজ করা যেত ।&gt;. You could not have worked.</Message>
              <StackTrace>   at UnitTest.BnlpTest.all_persons_modal_can_may_negation() in D:\software\Project\BNLP\UnitTest\BnlpTest.cs:line 94
</StackTrace>
            </ErrorInfo>
          </Output>
        </UnitTestResult>
        <UnitTestResult executionId="db42d549-b886-4998-9d2b-78fb8bb19486" parentExecutionId="ab8a118a-91fe-4db1-964c-eea63c842019" testId="d03eb628-bf1f-c27d-aeef-e708d613d686" testName="all_persons_modal_can_may_negation" computerName="ARPAN-LAP" duration="00:00:00.0278247" startTime="2014-06-25T20:31:06.5711622+05:30" endTime="2014-06-25T20:31:06.5991638+05:30" testType="13cdc9d9-ddb5-4fa4-a97d-d965ccfc6d4b" outcome="Failed" testListId="8c84fa94-04c1-424b-9868-57a2d4851a1d" relativeResultsDirectory="ab8a118a-91fe-4db1-964c-eea63c842019" dataRowInfo="13" resultType="DataDrivenDataRow">
          <Output>
            <ErrorInfo>
              <Message>Assert.AreEqual failed. Expected:&lt;আপনি কাজ করতে নাও পারেন ।&gt;. Actual:&lt;আপনার না কাজ করা যেত ।&gt;. You might not have worked.</Message>
              <StackTrace>   at UnitTest.BnlpTest.all_persons_modal_can_may_negation() in D:\software\Project\BNLP\UnitTest\BnlpTest.cs:line 94
</StackTrace>
            </ErrorInfo>
          </Output>
        </UnitTestResult>
        <UnitTestResult executionId="097061d7-a5fe-408f-b2af-9ae23c7616c2" parentExecutionId="ab8a118a-91fe-4db1-964c-eea63c842019" testId="d03eb628-bf1f-c27d-aeef-e708d613d686" testName="all_persons_modal_can_may_negation" computerName="ARPAN-LAP" duration="00:00:00.0263008" startTime="2014-06-25T20:31:06.5991638+05:30" endTime="2014-06-25T20:31:06.6251653+05:30" testType="13cdc9d9-ddb5-4fa4-a97d-d965ccfc6d4b" outcome="Failed" testListId="8c84fa94-04c1-424b-9868-57a2d4851a1d" relativeResultsDirectory="ab8a118a-91fe-4db1-964c-eea63c842019" dataRowInfo="14" resultType="DataDrivenDataRow">
          <Output>
            <ErrorInfo>
              <Message>Assert.AreEqual failed. Expected:&lt;আপনার এই বইটি থাকতে পারে না ।&gt;. Actual:&lt;আপনার না এই বইটি থাকতে পারে ।&gt;. You can not have this book.</Message>
              <StackTrace>   at UnitTest.BnlpTest.all_persons_modal_can_may_negation() in D:\software\Project\BNLP\UnitTest\BnlpTest.cs:line 94
</StackTrace>
            </ErrorInfo>
          </Output>
        </UnitTestResult>
        <UnitTestResult executionId="318c9c75-307b-4c9d-be58-eb2e9f3e77ab" parentExecutionId="ab8a118a-91fe-4db1-964c-eea63c842019" testId="d03eb628-bf1f-c27d-aeef-e708d613d686" testName="all_persons_modal_can_may_negation" computerName="ARPAN-LAP" duration="00:00:00.0252199" startTime="2014-06-25T20:31:06.6251653+05:30" endTime="2014-06-25T20:31:06.6511668+05:30" testType="13cdc9d9-ddb5-4fa4-a97d-d965ccfc6d4b" outcome="Failed" testListId="8c84fa94-04c1-424b-9868-57a2d4851a1d" relativeResultsDirectory="ab8a118a-91fe-4db1-964c-eea63c842019" dataRowInfo="15" resultType="DataDrivenDataRow">
          <Output>
            <ErrorInfo>
              <Message>Assert.AreEqual failed. Expected:&lt;আপনার এই বইটি থাকতে নাও পারে ।&gt;. Actual:&lt;আপনার না এই বইটি থাকতে পারে ।&gt;. You may not have this book.</Message>
              <StackTrace>   at UnitTest.BnlpTest.all_persons_modal_can_may_negation() in D:\software\Project\BNLP\UnitTest\BnlpTest.cs:line 94
</StackTrace>
            </ErrorInfo>
          </Output>
        </UnitTestResult>
        <UnitTestResult executionId="74d84168-c1d2-47a9-8722-8774cff6da12" parentExecutionId="ab8a118a-91fe-4db1-964c-eea63c842019" testId="d03eb628-bf1f-c27d-aeef-e708d613d686" testName="all_persons_modal_can_may_negation" computerName="ARPAN-LAP" duration="00:00:00.0217882" startTime="2014-06-25T20:31:06.6511668+05:30" endTime="2014-06-25T20:31:06.6721680+05:30" testType="13cdc9d9-ddb5-4fa4-a97d-d965ccfc6d4b" outcome="Failed" testListId="8c84fa94-04c1-424b-9868-57a2d4851a1d" relativeResultsDirectory="ab8a118a-91fe-4db1-964c-eea63c842019" dataRowInfo="16" resultType="DataDrivenDataRow">
          <Output>
            <ErrorInfo>
              <Message>Assert.AreEqual failed. Expected:&lt;সে কাজ করতে পারে না ।&gt;. Actual:&lt;তাকে না কাজ করা যাবে ।&gt;. She can not work.</Message>
              <StackTrace>   at UnitTest.BnlpTest.all_persons_modal_can_may_negation() in D:\software\Project\BNLP\UnitTest\BnlpTest.cs:line 94
</StackTrace>
            </ErrorInfo>
          </Output>
        </UnitTestResult>
        <UnitTestResult executionId="e2ef298e-cd2f-4675-8ed9-103b27a5c15d" parentExecutionId="ab8a118a-91fe-4db1-964c-eea63c842019" testId="d03eb628-bf1f-c27d-aeef-e708d613d686" testName="all_persons_modal_can_may_negation" computerName="ARPAN-LAP" duration="00:00:00.0201704" startTime="2014-06-25T20:31:06.6721680+05:30" endTime="2014-06-25T20:31:06.6931692+05:30" testType="13cdc9d9-ddb5-4fa4-a97d-d965ccfc6d4b" outcome="Failed" testListId="8c84fa94-04c1-424b-9868-57a2d4851a1d" relativeResultsDirectory="ab8a118a-91fe-4db1-964c-eea63c842019" dataRowInfo="17" resultType="DataDrivenDataRow">
          <Output>
            <ErrorInfo>
              <Message>Assert.AreEqual failed. Expected:&lt;সে কাজ করতে নাও পারে ।&gt;. Actual:&lt;তাকে না কাজ করা হয়ত যাবে ।&gt;. She may not work.</Message>
              <StackTrace>   at UnitTest.BnlpTest.all_persons_modal_can_may_negation() in D:\software\Project\BNLP\UnitTest\BnlpTest.cs:line 94
</StackTrace>
            </ErrorInfo>
          </Output>
        </UnitTestResult>
        <UnitTestResult executionId="524f6d60-f5a5-40f2-92b5-5382794297c8" parentExecutionId="ab8a118a-91fe-4db1-964c-eea63c842019" testId="d03eb628-bf1f-c27d-aeef-e708d613d686" testName="all_persons_modal_can_may_negation" computerName="ARPAN-LAP" duration="00:00:00.0257260" startTime="2014-06-25T20:31:06.6931692+05:30" endTime="2014-06-25T20:31:06.7181706+05:30" testType="13cdc9d9-ddb5-4fa4-a97d-d965ccfc6d4b" outcome="Failed" testListId="8c84fa94-04c1-424b-9868-57a2d4851a1d" relativeResultsDirectory="ab8a118a-91fe-4db1-964c-eea63c842019" dataRowInfo="18" resultType="DataDrivenDataRow">
          <Output>
            <ErrorInfo>
              <Message>Assert.AreEqual failed. Expected:&lt;সে কাজ করতে পারে না ।&gt;. Actual:&lt;তাকে না কাজ করা যাবে ।&gt;. She could not work.</Message>
              <StackTrace>   at UnitTest.BnlpTest.all_persons_modal_can_may_negation() in D:\software\Project\BNLP\UnitTest\BnlpTest.cs:line 94
</StackTrace>
            </ErrorInfo>
          </Output>
        </UnitTestResult>
        <UnitTestResult executionId="30bb8719-0ec2-4bd2-bd0d-6c5cce490ed4" parentExecutionId="ab8a118a-91fe-4db1-964c-eea63c842019" testId="d03eb628-bf1f-c27d-aeef-e708d613d686" testName="all_persons_modal_can_may_negation" computerName="ARPAN-LAP" duration="00:00:00.0254971" startTime="2014-06-25T20:31:06.7181706+05:30" endTime="2014-06-25T20:31:06.7441721+05:30" testType="13cdc9d9-ddb5-4fa4-a97d-d965ccfc6d4b" outcome="Failed" testListId="8c84fa94-04c1-424b-9868-57a2d4851a1d" relativeResultsDirectory="ab8a118a-91fe-4db1-964c-eea63c842019" dataRowInfo="19" resultType="DataDrivenDataRow">
          <Output>
            <ErrorInfo>
              <Message>Assert.AreEqual failed. Expected:&lt;সে কাজ করতে পারে না ।&gt;. Actual:&lt;তাকে না কাজ করা যাবে ।&gt;. She can not work.</Message>
              <StackTrace>   at UnitTest.BnlpTest.all_persons_modal_can_may_negation() in D:\software\Project\BNLP\UnitTest\BnlpTest.cs:line 94
</StackTrace>
            </ErrorInfo>
          </Output>
        </UnitTestResult>
        <UnitTestResult executionId="beb3b56a-2e92-4326-a27b-ec19d1b3cb8a" parentExecutionId="ab8a118a-91fe-4db1-964c-eea63c842019" testId="d03eb628-bf1f-c27d-aeef-e708d613d686" testName="all_persons_modal_can_may_negation" computerName="ARPAN-LAP" duration="00:00:00.0229015" startTime="2014-06-25T20:31:06.7441721+05:30" endTime="2014-06-25T20:31:06.7671734+05:30" testType="13cdc9d9-ddb5-4fa4-a97d-d965ccfc6d4b" outcome="Failed" testListId="8c84fa94-04c1-424b-9868-57a2d4851a1d" relativeResultsDirectory="ab8a118a-91fe-4db1-964c-eea63c842019" dataRowInfo="20" resultType="DataDrivenDataRow">
          <Output>
            <ErrorInfo>
              <Message>Assert.AreEqual failed. Expected:&lt;সে কাজ করতে নাও পারে ।&gt;. Actual:&lt;তাকে না কাজ করা যাবে ।&gt;. She might not work.</Message>
              <StackTrace>   at UnitTest.BnlpTest.all_persons_modal_can_may_negation() in D:\software\Project\BNLP\UnitTest\BnlpTest.cs:line 94
</StackTrace>
            </ErrorInfo>
          </Output>
        </UnitTestResult>
        <UnitTestResult executionId="70b982a3-d0ee-4af1-956f-ad45520590a9" parentExecutionId="ab8a118a-91fe-4db1-964c-eea63c842019" testId="d03eb628-bf1f-c27d-aeef-e708d613d686" testName="all_persons_modal_can_may_negation" computerName="ARPAN-LAP" duration="00:00:00.0289647" startTime="2014-06-25T20:31:06.7671734+05:30" endTime="2014-06-25T20:31:06.7961751+05:30" testType="13cdc9d9-ddb5-4fa4-a97d-d965ccfc6d4b" outcome="Failed" testListId="8c84fa94-04c1-424b-9868-57a2d4851a1d" relativeResultsDirectory="ab8a118a-91fe-4db1-964c-eea63c842019" dataRowInfo="21" resultType="DataDrivenDataRow">
          <Output>
            <ErrorInfo>
              <Message>Assert.AreEqual failed. Expected:&lt;সে কাজ করতে পারে না ।&gt;. Actual:&lt;তাকে না কাজ করা যেত ।&gt;. She could not have worked.</Message>
              <StackTrace>   at UnitTest.BnlpTest.all_persons_modal_can_may_negation() in D:\software\Project\BNLP\UnitTest\BnlpTest.cs:line 94
</StackTrace>
            </ErrorInfo>
          </Output>
        </UnitTestResult>
        <UnitTestResult executionId="00dcba17-5825-4e70-9323-76ac92b59716" parentExecutionId="ab8a118a-91fe-4db1-964c-eea63c842019" testId="d03eb628-bf1f-c27d-aeef-e708d613d686" testName="all_persons_modal_can_may_negation" computerName="ARPAN-LAP" duration="00:00:00.0318806" startTime="2014-06-25T20:31:06.7961751+05:30" endTime="2014-06-25T20:31:06.8281769+05:30" testType="13cdc9d9-ddb5-4fa4-a97d-d965ccfc6d4b" outcome="Failed" testListId="8c84fa94-04c1-424b-9868-57a2d4851a1d" relativeResultsDirectory="ab8a118a-91fe-4db1-964c-eea63c842019" dataRowInfo="22" resultType="DataDrivenDataRow">
          <Output>
            <ErrorInfo>
              <Message>Assert.AreEqual failed. Expected:&lt;সে কাজ করতে নাও পারে ।&gt;. Actual:&lt;তাকে না কাজ করা যেত ।&gt;. She might not have worked.</Message>
              <StackTrace>   at UnitTest.BnlpTest.all_persons_modal_can_may_negation() in D:\software\Project\BNLP\UnitTest\BnlpTest.cs:line 94
</StackTrace>
            </ErrorInfo>
          </Output>
        </UnitTestResult>
        <UnitTestResult executionId="20a8ebde-16b4-45e6-b319-f92851cc3e88" parentExecutionId="ab8a118a-91fe-4db1-964c-eea63c842019" testId="d03eb628-bf1f-c27d-aeef-e708d613d686" testName="all_persons_modal_can_may_negation" computerName="ARPAN-LAP" duration="00:00:00.0247359" startTime="2014-06-25T20:31:06.8281769+05:30" endTime="2014-06-25T20:31:06.8531784+05:30" testType="13cdc9d9-ddb5-4fa4-a97d-d965ccfc6d4b" outcome="Failed" testListId="8c84fa94-04c1-424b-9868-57a2d4851a1d" relativeResultsDirectory="ab8a118a-91fe-4db1-964c-eea63c842019" dataRowInfo="23" resultType="DataDrivenDataRow">
          <Output>
            <ErrorInfo>
              <Message>Assert.AreEqual failed. Expected:&lt;তার এই বইটি থাকতে নাও পারে ।&gt;. Actual:&lt;তার না এই বইটি থাকতে পারে ।&gt;. She may not have this book.</Message>
              <StackTrace>   at UnitTest.BnlpTest.all_persons_modal_can_may_negation() in D:\software\Project\BNLP\UnitTest\BnlpTest.cs:line 94
</StackTrace>
            </ErrorInfo>
          </Output>
        </UnitTestResult>
      </InnerResults>
    </UnitTestResult>
    <UnitTestResult executionId="d3293ca2-f1da-4b18-aef4-b916fcc73001" testId="d766a059-d96c-7b47-e6a6-34931760df96" testName="all_persons_tenses_passive" computerName="ARPAN-LAP" duration="00:00:00.2933300" startTime="2014-06-25T20:31:06.9321829+05:30" endTime="2014-06-25T20:31:07.2682021+05:30" testType="13cdc9d9-ddb5-4fa4-a97d-d965ccfc6d4b" outcome="Failed" testListId="8c84fa94-04c1-424b-9868-57a2d4851a1d" relativeResultsDirectory="d3293ca2-f1da-4b18-aef4-b916fcc73001" resultType="DataDrivenTest">
      <Counters error="0" failed="1" timeout="0" aborted="0" inconclusive="0" passedButRunAborted="0" notRunnable="0" notExecuted="0" disconnected="0" warning="0" passed="9" completed="0" inProgress="0" pending="0" />
      <InnerResults>
        <UnitTestResult executionId="45dbfb95-d804-474e-95d4-e84e6d73ea53" parentExecutionId="d3293ca2-f1da-4b18-aef4-b916fcc73001" testId="d766a059-d96c-7b47-e6a6-34931760df96" testName="all_persons_tenses_passive" computerName="ARPAN-LAP" duration="00:00:00.0232936" startTime="2014-06-25T20:31:06.9641847+05:30" endTime="2014-06-25T20:31:06.9881861+05:30" testType="13cdc9d9-ddb5-4fa4-a97d-d965ccfc6d4b" outcome="Passed" testListId="8c84fa94-04c1-424b-9868-57a2d4851a1d" relativeResultsDirectory="d3293ca2-f1da-4b18-aef4-b916fcc73001" dataRowInfo="0" resultType="DataDrivenDataRow" />
        <UnitTestResult executionId="2766eab1-10a1-4128-876b-b0fe75825c9c" parentExecutionId="d3293ca2-f1da-4b18-aef4-b916fcc73001" testId="d766a059-d96c-7b47-e6a6-34931760df96" testName="all_persons_tenses_passive" computerName="ARPAN-LAP" duration="00:00:00.0273017" startTime="2014-06-25T20:31:06.9881861+05:30" endTime="2014-06-25T20:31:07.0151876+05:30" testType="13cdc9d9-ddb5-4fa4-a97d-d965ccfc6d4b" outcome="Passed" testListId="8c84fa94-04c1-424b-9868-57a2d4851a1d" relativeResultsDirectory="d3293ca2-f1da-4b18-aef4-b916fcc73001" dataRowInfo="1" resultType="DataDrivenDataRow" />
        <UnitTestResult executionId="c8647771-0c34-4a4c-8f1e-ccc44c7d4ce1" parentExecutionId="d3293ca2-f1da-4b18-aef4-b916fcc73001" testId="d766a059-d96c-7b47-e6a6-34931760df96" testName="all_persons_tenses_passive" computerName="ARPAN-LAP" duration="00:00:00.0314289" startTime="2014-06-25T20:31:07.0151876+05:30" endTime="2014-06-25T20:31:07.0471895+05:30" testType="13cdc9d9-ddb5-4fa4-a97d-d965ccfc6d4b" outcome="Passed" testListId="8c84fa94-04c1-424b-9868-57a2d4851a1d" relativeResultsDirectory="d3293ca2-f1da-4b18-aef4-b916fcc73001" dataRowInfo="2" resultType="DataDrivenDataRow" />
        <UnitTestResult executionId="9ed470d0-dbcc-4e4d-9d07-469847069737" parentExecutionId="d3293ca2-f1da-4b18-aef4-b916fcc73001" testId="d766a059-d96c-7b47-e6a6-34931760df96" testName="all_persons_tenses_passive" computerName="ARPAN-LAP" duration="00:00:00.0308597" startTime="2014-06-25T20:31:07.0471895+05:30" endTime="2014-06-25T20:31:07.0771912+05:30" testType="13cdc9d9-ddb5-4fa4-a97d-d965ccfc6d4b" outcome="Passed" testListId="8c84fa94-04c1-424b-9868-57a2d4851a1d" relativeResultsDirectory="d3293ca2-f1da-4b18-aef4-b916fcc73001" dataRowInfo="3" resultType="DataDrivenDataRow" />
        <UnitTestResult executionId="1f06caac-dfb0-4fbf-8f0e-9dd36cf73633" parentExecutionId="d3293ca2-f1da-4b18-aef4-b916fcc73001" testId="d766a059-d96c-7b47-e6a6-34931760df96" testName="all_persons_tenses_passive" computerName="ARPAN-LAP" duration="00:00:00.0212261" startTime="2014-06-25T20:31:07.0771912+05:30" endTime="2014-06-25T20:31:07.0991924+05:30" testType="13cdc9d9-ddb5-4fa4-a97d-d965ccfc6d4b" outcome="Failed" testListId="8c84fa94-04c1-424b-9868-57a2d4851a1d" relativeResultsDirectory="d3293ca2-f1da-4b18-aef4-b916fcc73001" dataRowInfo="4" resultType="DataDrivenDataRow">
          <Output>
            <ErrorInfo>
              <Message>Assert.AreEqual failed. Expected:&lt;আমাকে বলা হয়েছিল ।&gt;. Actual:&lt;আমাকে বলা হয়নি ।&gt;. I was told.</Message>
              <StackTrace>   at UnitTest.BnlpTest.all_persons_tenses_passive() in D:\software\Project\BNLP\UnitTest\BnlpTest.cs:line 148
</StackTrace>
            </ErrorInfo>
          </Output>
        </UnitTestResult>
        <UnitTestResult executionId="94774266-02bf-4528-b189-a56bf1f2e220" parentExecutionId="d3293ca2-f1da-4b18-aef4-b916fcc73001" testId="d766a059-d96c-7b47-e6a6-34931760df96" testName="all_persons_tenses_passive" computerName="ARPAN-LAP" duration="00:00:00.0236252" startTime="2014-06-25T20:31:07.0991924+05:30" endTime="2014-06-25T20:31:07.1221937+05:30" testType="13cdc9d9-ddb5-4fa4-a97d-d965ccfc6d4b" outcome="Passed" testListId="8c84fa94-04c1-424b-9868-57a2d4851a1d" relativeResultsDirectory="d3293ca2-f1da-4b18-aef4-b916fcc73001" dataRowInfo="5" resultType="DataDrivenDataRow" />
        <UnitTestResult executionId="3f70f020-3a0a-42e1-918e-87f8bd691940" parentExecutionId="d3293ca2-f1da-4b18-aef4-b916fcc73001" testId="d766a059-d96c-7b47-e6a6-34931760df96" testName="all_persons_tenses_passive" computerName="ARPAN-LAP" duration="00:00:00.0260976" startTime="2014-06-25T20:31:07.1221937+05:30" endTime="2014-06-25T20:31:07.1491953+05:30" testType="13cdc9d9-ddb5-4fa4-a97d-d965ccfc6d4b" outcome="Passed" testListId="8c84fa94-04c1-424b-9868-57a2d4851a1d" relativeResultsDirectory="d3293ca2-f1da-4b18-aef4-b916fcc73001" dataRowInfo="6" resultType="DataDrivenDataRow" />
        <UnitTestResult executionId="16316535-a508-4a7c-9a2a-102df573ef2c" parentExecutionId="d3293ca2-f1da-4b18-aef4-b916fcc73001" testId="d766a059-d96c-7b47-e6a6-34931760df96" testName="all_persons_tenses_passive" computerName="ARPAN-LAP" duration="00:00:00.0281650" startTime="2014-06-25T20:31:07.1491953+05:30" endTime="2014-06-25T20:31:07.1771969+05:30" testType="13cdc9d9-ddb5-4fa4-a97d-d965ccfc6d4b" outcome="Passed" testListId="8c84fa94-04c1-424b-9868-57a2d4851a1d" relativeResultsDirectory="d3293ca2-f1da-4b18-aef4-b916fcc73001" dataRowInfo="7" resultType="DataDrivenDataRow" />
        <UnitTestResult executionId="0cc0539c-82df-4d1a-9ba3-7f75da9b380c" parentExecutionId="d3293ca2-f1da-4b18-aef4-b916fcc73001" testId="d766a059-d96c-7b47-e6a6-34931760df96" testName="all_persons_tenses_passive" computerName="ARPAN-LAP" duration="00:00:00.0312113" startTime="2014-06-25T20:31:07.1771969+05:30" endTime="2014-06-25T20:31:07.2081987+05:30" testType="13cdc9d9-ddb5-4fa4-a97d-d965ccfc6d4b" outcome="Passed" testListId="8c84fa94-04c1-424b-9868-57a2d4851a1d" relativeResultsDirectory="d3293ca2-f1da-4b18-aef4-b916fcc73001" dataRowInfo="8" resultType="DataDrivenDataRow" />
        <UnitTestResult executionId="fa355087-2752-47af-9f85-05bf6f30e10f" parentExecutionId="d3293ca2-f1da-4b18-aef4-b916fcc73001" testId="d766a059-d96c-7b47-e6a6-34931760df96" testName="all_persons_tenses_passive" computerName="ARPAN-LAP" duration="00:00:00.0297654" startTime="2014-06-25T20:31:07.2081987+05:30" endTime="2014-06-25T20:31:07.2382004+05:30" testType="13cdc9d9-ddb5-4fa4-a97d-d965ccfc6d4b" outcome="Passed" testListId="8c84fa94-04c1-424b-9868-57a2d4851a1d" relativeResultsDirectory="d3293ca2-f1da-4b18-aef4-b916fcc73001" dataRowInfo="9" resultType="DataDrivenDataRow" />
      </InnerResults>
    </UnitTestResult>
    <UnitTestResult executionId="6324583e-666f-46ca-8780-3e76c7c67772" testId="fe3e63ab-391c-e168-48d0-431b85a7b898" testName="third_person_tenses_active_negation" computerName="ARPAN-LAP" duration="00:00:00.6255176" startTime="2014-06-25T20:31:07.2692022+05:30" endTime="2014-06-25T20:31:07.9402405+05:30" testType="13cdc9d9-ddb5-4fa4-a97d-d965ccfc6d4b" outcome="Failed" testListId="8c84fa94-04c1-424b-9868-57a2d4851a1d" relativeResultsDirectory="6324583e-666f-46ca-8780-3e76c7c67772" resultType="DataDrivenTest">
      <Counters error="0" failed="10" timeout="0" aborted="0" inconclusive="0" passedButRunAborted="0" notRunnable="0" notExecuted="0" disconnected="0" warning="0" passed="0" completed="0" inProgress="0" pending="0" />
      <InnerResults>
        <UnitTestResult executionId="b21f0c94-7aaf-4f45-8a71-ea79839fd63d" parentExecutionId="6324583e-666f-46ca-8780-3e76c7c67772" testId="fe3e63ab-391c-e168-48d0-431b85a7b898" testName="third_person_tenses_active_negation" computerName="ARPAN-LAP" duration="00:00:00.0437288" startTime="2014-06-25T20:31:07.4192107+05:30" endTime="2014-06-25T20:31:07.4632132+05:30" testType="13cdc9d9-ddb5-4fa4-a97d-d965ccfc6d4b" outcome="Failed" testListId="8c84fa94-04c1-424b-9868-57a2d4851a1d" relativeResultsDirectory="6324583e-666f-46ca-8780-3e76c7c67772" dataRowInfo="0" resultType="DataDrivenDataRow">
          <Output>
            <ErrorInfo>
              <Message>Assert.AreEqual failed. Expected:&lt;সে কাজ করে না ।&gt;. Actual:&lt;তাকে না কাজ করা হয় ।&gt;. She does not work.</Message>
              <StackTrace>   at UnitTest.BnlpTest.third_person_tenses_active_negation() in D:\software\Project\BNLP\UnitTest\BnlpTest.cs:line 508
</StackTrace>
            </ErrorInfo>
          </Output>
        </UnitTestResult>
        <UnitTestResult executionId="258a94b2-f60b-4008-b0ef-cc23d537c1a0" parentExecutionId="6324583e-666f-46ca-8780-3e76c7c67772" testId="fe3e63ab-391c-e168-48d0-431b85a7b898" testName="third_person_tenses_active_negation" computerName="ARPAN-LAP" duration="00:00:00.0441821" startTime="2014-06-25T20:31:07.4632132+05:30" endTime="2014-06-25T20:31:07.5072158+05:30" testType="13cdc9d9-ddb5-4fa4-a97d-d965ccfc6d4b" outcome="Failed" testListId="8c84fa94-04c1-424b-9868-57a2d4851a1d" relativeResultsDirectory="6324583e-666f-46ca-8780-3e76c7c67772" dataRowInfo="1" resultType="DataDrivenDataRow">
          <Output>
            <ErrorInfo>
              <Message>Assert.AreEqual failed. Expected:&lt;সে কাজ করছে না ।&gt;. Actual:&lt;তাকে না কাজ করা হচ্ছে ।&gt;. She is not working.</Message>
              <StackTrace>   at UnitTest.BnlpTest.third_person_tenses_active_negation() in D:\software\Project\BNLP\UnitTest\BnlpTest.cs:line 508
</StackTrace>
            </ErrorInfo>
          </Output>
        </UnitTestResult>
        <UnitTestResult executionId="f673778d-44d6-4a30-ad76-d2ef7e90c34a" parentExecutionId="6324583e-666f-46ca-8780-3e76c7c67772" testId="fe3e63ab-391c-e168-48d0-431b85a7b898" testName="third_person_tenses_active_negation" computerName="ARPAN-LAP" duration="00:00:00.0464404" startTime="2014-06-25T20:31:07.5072158+05:30" endTime="2014-06-25T20:31:07.5532184+05:30" testType="13cdc9d9-ddb5-4fa4-a97d-d965ccfc6d4b" outcome="Failed" testListId="8c84fa94-04c1-424b-9868-57a2d4851a1d" relativeResultsDirectory="6324583e-666f-46ca-8780-3e76c7c67772" dataRowInfo="2" resultType="DataDrivenDataRow">
          <Output>
            <ErrorInfo>
              <Message>Assert.AreEqual failed. Expected:&lt;সে কাজ করেনি ।&gt;. Actual:&lt;তাকে না কাজ করা হয়েছে ।&gt;. She has not worked.</Message>
              <StackTrace>   at UnitTest.BnlpTest.third_person_tenses_active_negation() in D:\software\Project\BNLP\UnitTest\BnlpTest.cs:line 508
</StackTrace>
            </ErrorInfo>
          </Output>
        </UnitTestResult>
        <UnitTestResult executionId="9f79486e-00ed-49a0-89c2-860201a05f7f" parentExecutionId="6324583e-666f-46ca-8780-3e76c7c67772" testId="fe3e63ab-391c-e168-48d0-431b85a7b898" testName="third_person_tenses_active_negation" computerName="ARPAN-LAP" duration="00:00:00.0556675" startTime="2014-06-25T20:31:07.5532184+05:30" endTime="2014-06-25T20:31:07.6092216+05:30" testType="13cdc9d9-ddb5-4fa4-a97d-d965ccfc6d4b" outcome="Failed" testListId="8c84fa94-04c1-424b-9868-57a2d4851a1d" relativeResultsDirectory="6324583e-666f-46ca-8780-3e76c7c67772" dataRowInfo="3" resultType="DataDrivenDataRow">
          <Output>
            <ErrorInfo>
              <Message>Assert.AreEqual failed. Expected:&lt;সে কাজ করছে না ।&gt;. Actual:&lt;সে না কাজ করছে ।&gt;. She has not been working.</Message>
              <StackTrace>   at UnitTest.BnlpTest.third_person_tenses_active_negation() in D:\software\Project\BNLP\UnitTest\BnlpTest.cs:line 508
</StackTrace>
            </ErrorInfo>
          </Output>
        </UnitTestResult>
        <UnitTestResult executionId="c15bd11f-af41-4208-889b-ed1510206cf9" parentExecutionId="6324583e-666f-46ca-8780-3e76c7c67772" testId="fe3e63ab-391c-e168-48d0-431b85a7b898" testName="third_person_tenses_active_negation" computerName="ARPAN-LAP" duration="00:00:00.0427803" startTime="2014-06-25T20:31:07.6092216+05:30" endTime="2014-06-25T20:31:07.6522241+05:30" testType="13cdc9d9-ddb5-4fa4-a97d-d965ccfc6d4b" outcome="Failed" testListId="8c84fa94-04c1-424b-9868-57a2d4851a1d" relativeResultsDirectory="6324583e-666f-46ca-8780-3e76c7c67772" dataRowInfo="4" resultType="DataDrivenDataRow">
          <Output>
            <ErrorInfo>
              <Message>Assert.AreEqual failed. Expected:&lt;সে কাজ করেনি ।&gt;. Actual:&lt;তাকে না কাজ করা হয়েছিল ।&gt;. She did not work.</Message>
              <StackTrace>   at UnitTest.BnlpTest.third_person_tenses_active_negation() in D:\software\Project\BNLP\UnitTest\BnlpTest.cs:line 508
</StackTrace>
            </ErrorInfo>
          </Output>
        </UnitTestResult>
        <UnitTestResult executionId="c76401f2-20c7-4725-8a26-ff7614699028" parentExecutionId="6324583e-666f-46ca-8780-3e76c7c67772" testId="fe3e63ab-391c-e168-48d0-431b85a7b898" testName="third_person_tenses_active_negation" computerName="ARPAN-LAP" duration="00:00:00.0445105" startTime="2014-06-25T20:31:07.6522241+05:30" endTime="2014-06-25T20:31:07.6962266+05:30" testType="13cdc9d9-ddb5-4fa4-a97d-d965ccfc6d4b" outcome="Failed" testListId="8c84fa94-04c1-424b-9868-57a2d4851a1d" relativeResultsDirectory="6324583e-666f-46ca-8780-3e76c7c67772" dataRowInfo="5" resultType="DataDrivenDataRow">
          <Output>
            <ErrorInfo>
              <Message>Assert.AreEqual failed. Expected:&lt;সে কাজ করছিল না ।&gt;. Actual:&lt;তাকে না কাজ করা হচ্ছিল ।&gt;. She was not working.</Message>
              <StackTrace>   at UnitTest.BnlpTest.third_person_tenses_active_negation() in D:\software\Project\BNLP\UnitTest\BnlpTest.cs:line 508
</StackTrace>
            </ErrorInfo>
          </Output>
        </UnitTestResult>
        <UnitTestResult executionId="24f83508-66b2-4ad7-809e-383b4d0d31e2" parentExecutionId="6324583e-666f-46ca-8780-3e76c7c67772" testId="fe3e63ab-391c-e168-48d0-431b85a7b898" testName="third_person_tenses_active_negation" computerName="ARPAN-LAP" duration="00:00:00.0498532" startTime="2014-06-25T20:31:07.6962266+05:30" endTime="2014-06-25T20:31:07.7462294+05:30" testType="13cdc9d9-ddb5-4fa4-a97d-d965ccfc6d4b" outcome="Failed" testListId="8c84fa94-04c1-424b-9868-57a2d4851a1d" relativeResultsDirectory="6324583e-666f-46ca-8780-3e76c7c67772" dataRowInfo="6" resultType="DataDrivenDataRow">
          <Output>
            <ErrorInfo>
              <Message>Assert.AreEqual failed. Expected:&lt;সে কাজ করেনি ।&gt;. Actual:&lt;তাকে না কাজ করা হয়েছিল ।&gt;. She had not worked.</Message>
              <StackTrace>   at UnitTest.BnlpTest.third_person_tenses_active_negation() in D:\software\Project\BNLP\UnitTest\BnlpTest.cs:line 508
</StackTrace>
            </ErrorInfo>
          </Output>
        </UnitTestResult>
        <UnitTestResult executionId="0f71bfe7-2b58-4296-b3f3-ba5deb613e9b" parentExecutionId="6324583e-666f-46ca-8780-3e76c7c67772" testId="fe3e63ab-391c-e168-48d0-431b85a7b898" testName="third_person_tenses_active_negation" computerName="ARPAN-LAP" duration="00:00:00.0546076" startTime="2014-06-25T20:31:07.7462294+05:30" endTime="2014-06-25T20:31:07.8012326+05:30" testType="13cdc9d9-ddb5-4fa4-a97d-d965ccfc6d4b" outcome="Failed" testListId="8c84fa94-04c1-424b-9868-57a2d4851a1d" relativeResultsDirectory="6324583e-666f-46ca-8780-3e76c7c67772" dataRowInfo="7" resultType="DataDrivenDataRow">
          <Output>
            <ErrorInfo>
              <Message>Assert.AreEqual failed. Expected:&lt;সে কাজ করছিল না ।&gt;. Actual:&lt;সে না কাজ করছিল ।&gt;. She had not been working.</Message>
              <StackTrace>   at UnitTest.BnlpTest.third_person_tenses_active_negation() in D:\software\Project\BNLP\UnitTest\BnlpTest.cs:line 508
</StackTrace>
            </ErrorInfo>
          </Output>
        </UnitTestResult>
        <UnitTestResult executionId="69e63857-c61c-4363-be4b-e1f5f977be96" parentExecutionId="6324583e-666f-46ca-8780-3e76c7c67772" testId="fe3e63ab-391c-e168-48d0-431b85a7b898" testName="third_person_tenses_active_negation" computerName="ARPAN-LAP" duration="00:00:00.0439336" startTime="2014-06-25T20:31:07.8012326+05:30" endTime="2014-06-25T20:31:07.8452351+05:30" testType="13cdc9d9-ddb5-4fa4-a97d-d965ccfc6d4b" outcome="Failed" testListId="8c84fa94-04c1-424b-9868-57a2d4851a1d" relativeResultsDirectory="6324583e-666f-46ca-8780-3e76c7c67772" dataRowInfo="8" resultType="DataDrivenDataRow">
          <Output>
            <ErrorInfo>
              <Message>Assert.AreEqual failed. Expected:&lt;সে কাজ করবে না ।&gt;. Actual:&lt;তাকে না কাজ করা হবে ।&gt;. She will not work.</Message>
              <StackTrace>   at UnitTest.BnlpTest.third_person_tenses_active_negation() in D:\software\Project\BNLP\UnitTest\BnlpTest.cs:line 508
</StackTrace>
            </ErrorInfo>
          </Output>
        </UnitTestResult>
        <UnitTestResult executionId="4bc516f9-3e09-4675-8f54-e3e25f8f0935" parentExecutionId="6324583e-666f-46ca-8780-3e76c7c67772" testId="fe3e63ab-391c-e168-48d0-431b85a7b898" testName="third_person_tenses_active_negation" computerName="ARPAN-LAP" duration="00:00:00.0537935" startTime="2014-06-25T20:31:07.8452351+05:30" endTime="2014-06-25T20:31:07.8992382+05:30" testType="13cdc9d9-ddb5-4fa4-a97d-d965ccfc6d4b" outcome="Failed" testListId="8c84fa94-04c1-424b-9868-57a2d4851a1d" relativeResultsDirectory="6324583e-666f-46ca-8780-3e76c7c67772" dataRowInfo="9" resultType="DataDrivenDataRow">
          <Output>
            <ErrorInfo>
              <Message>Assert.AreEqual failed. Expected:&lt;সে কাজ করবে না ।&gt;. Actual:&lt;তাকে না কাজ করা হবে ।&gt;. She will not be working.</Message>
              <StackTrace>   at UnitTest.BnlpTest.third_person_tenses_active_negation() in D:\software\Project\BNLP\UnitTest\BnlpTest.cs:line 508
</StackTrace>
            </ErrorInfo>
          </Output>
        </UnitTestResult>
      </InnerResults>
    </UnitTestResult>
  </Results>
</TestRun>